<?xml version="1.0" encoding="UTF-8"?>
<testsuite xmlns:xsi="http://www.w3.org/2001/XMLSchema-instance" xsi:noNamespaceSchemaLocation="https://maven.apache.org/surefire/maven-surefire-plugin/xsd/surefire-test-report-3.0.xsd" version="3.0" name="org.apache.hadoop.ozone.client.rpc.TestBlockOutputStream" time="33.125" tests="6" errors="0" skipped="0" failures="1">
  <properties>
    <property name="awt.toolkit" value="sun.awt.X11.XToolkit"/>
    <property name="file.encoding.pkg" value="sun.io"/>
    <property name="java.specification.version" value="1.8"/>
    <property name="sun.cpu.isalist" value=""/>
    <property name="sun.jnu.encoding" value="UTF-8"/>
    <property name="java.class.path" value="/home/runner/work/ozone/ozone/hadoop-ozone/integration-test/target/test-classes:/home/runner/work/ozone/ozone/hadoop-ozone/integration-test/target/classes:/home/runner/.m2/repository/org/apache/ozone/ozone-common/1.4.0-SNAPSHOT/ozone-common-1.4.0-SNAPSHOT.jar:/home/runner/.m2/repository/io/grpc/grpc-netty/1.51.1/grpc-netty-1.51.1.jar:/home/runner/.m2/repository/io/grpc/grpc-core/1.51.1/grpc-core-1.51.1.jar:/home/runner/.m2/repository/com/google/android/annotations/4.1.1.4/annotations-4.1.1.4.jar:/home/runner/.m2/repository/org/codehaus/mojo/animal-sniffer-annotations/1.21/animal-sniffer-annotations-1.21.jar:/home/runner/.m2/repository/com/google/errorprone/error_prone_annotations/2.2.0/error_prone_annotations-2.2.0.jar:/home/runner/.m2/repository/io/perfmark/perfmark-api/0.25.0/perfmark-api-0.25.0.jar:/home/runner/.m2/repository/io/netty/netty-codec-http2/4.1.86.Final/netty-codec-http2-4.1.86.Final.jar:/home/runner/.m2/repository/io/netty/netty-common/4.1.86.Final/netty-common-4.1.86.Final.jar:/home/runner/.m2/repository/io/netty/netty-buffer/4.1.86.Final/netty-buffer-4.1.86.Final.jar:/home/runner/.m2/repository/io/netty/netty-codec-http/4.1.86.Final/netty-codec-http-4.1.86.Final.jar:/home/runner/.m2/repository/io/netty/netty-handler-proxy/4.1.86.Final/netty-handler-proxy-4.1.86.Final.jar:/home/runner/.m2/repository/io/netty/netty-codec-socks/4.1.86.Final/netty-codec-socks-4.1.86.Final.jar:/home/runner/.m2/repository/io/netty/netty-tcnative-boringssl-static/2.0.54.Final/netty-tcnative-boringssl-static-2.0.54.Final.jar:/home/runner/.m2/repository/io/netty/netty-tcnative-classes/2.0.54.Final/netty-tcnative-classes-2.0.54.Final.jar:/home/runner/.m2/repository/io/netty/netty-tcnative-boringssl-static/2.0.54.Final/netty-tcnative-boringssl-static-2.0.54.Final-linux-x86_64.jar:/home/runner/.m2/repository/io/netty/netty-tcnative-boringssl-static/2.0.54.Final/netty-tcnative-boringssl-static-2.0.54.Final-linux-aarch_64.jar:/home/runner/.m2/repository/io/netty/netty-tcnative-boringssl-static/2.0.54.Final/netty-tcnative-boringssl-static-2.0.54.Final-osx-x86_64.jar:/home/runner/.m2/repository/io/netty/netty-tcnative-boringssl-static/2.0.54.Final/netty-tcnative-boringssl-static-2.0.54.Final-osx-aarch_64.jar:/home/runner/.m2/repository/io/netty/netty-tcnative-boringssl-static/2.0.54.Final/netty-tcnative-boringssl-static-2.0.54.Final-windows-x86_64.jar:/home/runner/.m2/repository/org/apache/commons/commons-compress/1.21/commons-compress-1.21.jar:/home/runner/.m2/repository/org/apache/ozone/hdds-common/1.4.0-SNAPSHOT/hdds-common-1.4.0-SNAPSHOT.jar:/home/runner/.m2/repository/org/apache/ozone/hdds-client/1.4.0-SNAPSHOT/hdds-client-1.4.0-SNAPSHOT.jar:/home/runner/.m2/repository/org/apache/ozone/ozone-interface-client/1.4.0-SNAPSHOT/ozone-interface-client-1.4.0-SNAPSHOT.jar:/home/runner/.m2/repository/org/apache/ozone/hdds-test-utils/1.4.0-SNAPSHOT/hdds-test-utils-1.4.0-SNAPSHOT.jar:/home/runner/.m2/repository/com/google/guava/guava/31.1-jre/guava-31.1-jre.jar:/home/runner/.m2/repository/com/google/guava/failureaccess/1.0.1/failureaccess-1.0.1.jar:/home/runner/.m2/repository/com/google/guava/listenablefuture/9999.0-empty-to-avoid-conflict-with-guava/listenablefuture-9999.0-empty-to-avoid-conflict-with-guava.jar:/home/runner/.m2/repository/com/google/code/findbugs/jsr305/3.0.0/jsr305-3.0.0.jar:/home/runner/.m2/repository/org/checkerframework/checker-qual/3.12.0/checker-qual-3.12.0.jar:/home/runner/.m2/repository/com/google/j2objc/j2objc-annotations/1.3/j2objc-annotations-1.3.jar:/home/runner/.m2/repository/commons-io/commons-io/2.11.0/commons-io-2.11.0.jar:/home/runner/.m2/repository/commons-logging/commons-logging/1.2/commons-logging-1.2.jar:/home/runner/.m2/repository/ch/qos/reload4j/reload4j/1.2.22/reload4j-1.2.22.jar:/home/runner/.m2/repository/org/slf4j/slf4j-api/1.7.36/slf4j-api-1.7.36.jar:/home/runner/.m2/repository/org/apache/ozone/hdds-server-scm/1.4.0-SNAPSHOT/hdds-server-scm-1.4.0-SNAPSHOT.jar:/home/runner/.m2/repository/org/apache/ozone/hdds-container-service/1.4.0-SNAPSHOT/hdds-container-service-1.4.0-SNAPSHOT.jar:/home/runner/.m2/repository/org/apache/ozone/hdds-hadoop-dependency-server/1.4.0-SNAPSHOT/hdds-hadoop-dependency-server-1.4.0-SNAPSHOT.jar:/home/runner/.m2/repository/org/apache/hadoop/hadoop-hdfs/3.3.4/hadoop-hdfs-3.3.4.jar:/home/runner/.m2/repository/org/eclipse/jetty/jetty-util-ajax/9.4.49.v20220914/jetty-util-ajax-9.4.49.v20220914.jar:/home/runner/.m2/repository/commons-daemon/commons-daemon/1.0.13/commons-daemon-1.0.13.jar:/home/runner/.m2/repository/org/apache/ozone/hdds-server-framework/1.4.0-SNAPSHOT/hdds-server-framework-1.4.0-SNAPSHOT.jar:/home/runner/.m2/repository/org/apache/ozone/hdds-interface-server/1.4.0-SNAPSHOT/hdds-interface-server-1.4.0-SNAPSHOT.jar:/home/runner/.m2/repository/org/apache/commons/commons-configuration2/2.1.1/commons-configuration2-2.1.1.jar:/home/runner/.m2/repository/org/apache/logging/log4j/log4j-core/2.17.1/log4j-core-2.17.1.jar:/home/runner/.m2/repository/com/lmax/disruptor/3.4.2/disruptor-3.4.2.jar:/home/runner/.m2/repository/org/eclipse/jetty/jetty-servlet/9.4.49.v20220914/jetty-servlet-9.4.49.v20220914.jar:/home/runner/.m2/repository/org/eclipse/jetty/jetty-security/9.4.49.v20220914/jetty-security-9.4.49.v20220914.jar:/home/runner/.m2/repository/org/rocksdb/rocksdbjni/7.7.3/rocksdbjni-7.7.3.jar:/home/runner/.m2/repository/io/prometheus/simpleclient_dropwizard/0.7.0/simpleclient_dropwizard-0.7.0.jar:/home/runner/.m2/repository/io/prometheus/simpleclient/0.7.0/simpleclient-0.7.0.jar:/home/runner/.m2/repository/io/prometheus/simpleclient_common/0.7.0/simpleclient_common-0.7.0.jar:/home/runner/.m2/repository/com/github/spotbugs/spotbugs-annotations/3.1.12/spotbugs-annotations-3.1.12.jar:/home/runner/.m2/repository/io/dropwizard/metrics/metrics-core/3.2.4/metrics-core-3.2.4.jar:/home/runner/.m2/repository/org/apache/commons/commons-text/1.4/commons-text-1.4.jar:/home/runner/.m2/repository/org/apache/hadoop/hadoop-hdfs-client/3.3.4/hadoop-hdfs-client-3.3.4.jar:/home/runner/.m2/repository/com/squareup/okhttp3/okhttp/4.9.3/okhttp-4.9.3.jar:/home/runner/.m2/repository/com/squareup/okio/okio/2.8.0/okio-2.8.0.jar:/home/runner/.m2/repository/org/jetbrains/kotlin/kotlin-stdlib-common/1.4.10/kotlin-stdlib-common-1.4.10.jar:/home/runner/.m2/repository/org/bouncycastle/bcprov-jdk15on/1.67/bcprov-jdk15on-1.67.jar:/home/runner/.m2/repository/com/google/protobuf/protobuf-java/2.5.0/protobuf-java-2.5.0.jar:/home/runner/.m2/repository/org/apache/ozone/ozone-manager/1.4.0-SNAPSHOT/ozone-manager-1.4.0-SNAPSHOT.jar:/home/runner/.m2/repository/org/aspectj/aspectjrt/1.9.7/aspectjrt-1.9.7.jar:/home/runner/.m2/repository/org/aspectj/aspectjweaver/1.9.7/aspectjweaver-1.9.7.jar:/home/runner/.m2/repository/org/apache/ozone/hdds-interface-client/1.4.0-SNAPSHOT/hdds-interface-client-1.4.0-SNAPSHOT.jar:/home/runner/.m2/repository/org/apache/hadoop/thirdparty/hadoop-shaded-protobuf_3_7/1.1.1/hadoop-shaded-protobuf_3_7-1.1.1.jar:/home/runner/.m2/repository/org/apache/ozone/ozone-interface-storage/1.4.0-SNAPSHOT/ozone-interface-storage-1.4.0-SNAPSHOT.jar:/home/runner/.m2/repository/org/reflections/reflections/0.9.11/reflections-0.9.11.jar:/home/runner/.m2/repository/com/sun/jersey/jersey-client/1.19/jersey-client-1.19.jar:/home/runner/.m2/repository/org/apache/ranger/ranger-intg/2.3.0/ranger-intg-2.3.0.jar:/home/runner/.m2/repository/org/apache/ranger/ranger-plugins-common/2.3.0/ranger-plugins-common-2.3.0.jar:/home/runner/.m2/repository/commons-lang/commons-lang/2.6/commons-lang-2.6.jar:/home/runner/.m2/repository/org/codehaus/jackson/jackson-jaxrs/1.9.13/jackson-jaxrs-1.9.13.jar:/home/runner/.m2/repository/org/apache/ranger/ranger-plugins-cred/2.3.0/ranger-plugins-cred-2.3.0.jar:/home/runner/.m2/repository/org/apache/ranger/ranger-plugins-audit/2.3.0/ranger-plugins-audit-2.3.0.jar:/home/runner/.m2/repository/org/eclipse/jetty/jetty-client/9.4.31.v20200723/jetty-client-9.4.31.v20200723.jar:/home/runner/.m2/repository/org/apache/httpcomponents/httpmime/4.5.6/httpmime-4.5.6.jar:/home/runner/.m2/repository/org/apache/httpcomponents/httpcore-nio/4.4.6/httpcore-nio-4.4.6.jar:/home/runner/.m2/repository/org/apache/httpcomponents/httpasyncclient/4.1.3/httpasyncclient-4.1.3.jar:/home/runner/.m2/repository/com/carrotsearch/hppc/0.8.0/hppc-0.8.0.jar:/home/runner/.m2/repository/org/apache/orc/orc-core/1.5.8/orc-core-1.5.8.jar:/home/runner/.m2/repository/net/java/dev/jna/jna/5.2.0/jna-5.2.0.jar:/home/runner/.m2/repository/net/java/dev/jna/jna-platform/5.2.0/jna-platform-5.2.0.jar:/home/runner/.m2/repository/com/kstruct/gethostname4j/0.0.2/gethostname4j-0.0.2.jar:/home/runner/.m2/repository/org/apache/ranger/ranger-plugin-classloader/2.3.0/ranger-plugin-classloader-2.3.0.jar:/home/runner/.m2/repository/org/apache/hadoop/hadoop-minikdc/3.3.4/hadoop-minikdc-3.3.4.jar:/home/runner/.m2/repository/org/apache/kerby/kerb-simplekdc/1.0.1/kerb-simplekdc-1.0.1.jar:/home/runner/.m2/repository/org/apache/kerby/kerb-client/1.0.1/kerb-client-1.0.1.jar:/home/runner/.m2/repository/org/apache/kerby/kerby-config/1.0.1/kerby-config-1.0.1.jar:/home/runner/.m2/repository/org/apache/kerby/kerb-common/1.0.1/kerb-common-1.0.1.jar:/home/runner/.m2/repository/org/apache/kerby/kerb-crypto/1.0.1/kerb-crypto-1.0.1.jar:/home/runner/.m2/repository/org/apache/kerby/kerb-util/1.0.1/kerb-util-1.0.1.jar:/home/runner/.m2/repository/org/apache/kerby/token-provider/1.0.1/token-provider-1.0.1.jar:/home/runner/.m2/repository/org/apache/kerby/kerb-admin/1.0.1/kerb-admin-1.0.1.jar:/home/runner/.m2/repository/org/apache/kerby/kerb-server/1.0.1/kerb-server-1.0.1.jar:/home/runner/.m2/repository/org/apache/kerby/kerb-identity/1.0.1/kerb-identity-1.0.1.jar:/home/runner/.m2/repository/org/apache/kerby/kerby-xdr/1.0.1/kerby-xdr-1.0.1.jar:/home/runner/.m2/repository/org/apache/ozone/ozone-s3gateway/1.4.0-SNAPSHOT/ozone-s3gateway-1.4.0-SNAPSHOT.jar:/home/runner/.m2/repository/org/javassist/javassist/3.21.0-GA/javassist-3.21.0-GA.jar:/home/runner/.m2/repository/org/jboss/weld/servlet/weld-servlet/2.4.7.Final/weld-servlet-2.4.7.Final.jar:/home/runner/.m2/repository/org/glassfish/jersey/containers/jersey-container-servlet-core/2.34/jersey-container-servlet-core-2.34.jar:/home/runner/.m2/repository/org/glassfish/hk2/external/jakarta.inject/2.6.1/jakarta.inject-2.6.1.jar:/home/runner/.m2/repository/org/glassfish/jersey/core/jersey-common/2.34/jersey-common-2.34.jar:/home/runner/.m2/repository/jakarta/ws/rs/jakarta.ws.rs-api/2.1.6/jakarta.ws.rs-api-2.1.6.jar:/home/runner/.m2/repository/org/glassfish/jersey/ext/cdi/jersey-cdi1x/2.34/jersey-cdi1x-2.34.jar:/home/runner/.m2/repository/org/glassfish/jersey/inject/jersey-hk2/2.34/jersey-hk2-2.34.jar:/home/runner/.m2/repository/org/glassfish/hk2/hk2-locator/2.6.1/hk2-locator-2.6.1.jar:/home/runner/.m2/repository/org/glassfish/jersey/media/jersey-media-jaxb/2.34/jersey-media-jaxb-2.34.jar:/home/runner/.m2/repository/org/glassfish/hk2/osgi-resource-locator/1.0.3/osgi-resource-locator-1.0.3.jar:/home/runner/.m2/repository/org/glassfish/hk2/hk2-api/2.5.0/hk2-api-2.5.0.jar:/home/runner/.m2/repository/org/glassfish/hk2/hk2-utils/2.5.0/hk2-utils-2.5.0.jar:/home/runner/.m2/repository/org/glassfish/hk2/external/aopalliance-repackaged/2.5.0/aopalliance-repackaged-2.5.0.jar:/home/runner/.m2/repository/com/fasterxml/jackson/dataformat/jackson-dataformat-xml/2.13.4/jackson-dataformat-xml-2.13.4.jar:/home/runner/.m2/repository/com/fasterxml/jackson/core/jackson-core/2.13.4/jackson-core-2.13.4.jar:/home/runner/.m2/repository/org/codehaus/woodstox/stax2-api/4.2.1/stax2-api-4.2.1.jar:/home/runner/.m2/repository/com/fasterxml/woodstox/woodstox-core/5.4.0/woodstox-core-5.4.0.jar:/home/runner/.m2/repository/com/fasterxml/jackson/module/jackson-module-jaxb-annotations/2.13.4/jackson-module-jaxb-annotations-2.13.4.jar:/home/runner/.m2/repository/jakarta/xml/bind/jakarta.xml.bind-api/2.3.3/jakarta.xml.bind-api-2.3.3.jar:/home/runner/.m2/repository/jakarta/activation/jakarta.activation-api/1.2.1/jakarta.activation-api-1.2.1.jar:/home/runner/.m2/repository/javax/enterprise/cdi-api/1.2/cdi-api-1.2.jar:/home/runner/.m2/repository/javax/el/javax.el-api/3.0.0/javax.el-api-3.0.0.jar:/home/runner/.m2/repository/javax/interceptor/javax.interceptor-api/1.2/javax.interceptor-api-1.2.jar:/home/runner/.m2/repository/javax/inject/javax.inject/1/javax.inject-1.jar:/home/runner/.m2/repository/javax/xml/bind/jaxb-api/2.3.0/jaxb-api-2.3.0.jar:/home/runner/.m2/repository/org/glassfish/jaxb/jaxb-runtime/2.3.0.1/jaxb-runtime-2.3.0.1.jar:/home/runner/.m2/repository/org/glassfish/jaxb/jaxb-core/2.3.0.1/jaxb-core-2.3.0.1.jar:/home/runner/.m2/repository/org/glassfish/jaxb/txw2/2.3.0.1/txw2-2.3.0.1.jar:/home/runner/.m2/repository/com/sun/istack/istack-commons-runtime/3.0.5/istack-commons-runtime-3.0.5.jar:/home/runner/.m2/repository/org/jvnet/staxex/stax-ex/1.7.8/stax-ex-1.7.8.jar:/home/runner/.m2/repository/com/sun/xml/fastinfoset/FastInfoset/1.2.13/FastInfoset-1.2.13.jar:/home/runner/.m2/repository/javax/activation/activation/1.1.1/activation-1.1.1.jar:/home/runner/.m2/repository/io/grpc/grpc-protobuf/1.51.1/grpc-protobuf-1.51.1.jar:/home/runner/.m2/repository/io/grpc/grpc-api/1.51.1/grpc-api-1.51.1.jar:/home/runner/.m2/repository/io/grpc/grpc-context/1.51.1/grpc-context-1.51.1.jar:/home/runner/.m2/repository/com/google/api/grpc/proto-google-common-protos/2.9.0/proto-google-common-protos-2.9.0.jar:/home/runner/.m2/repository/io/grpc/grpc-protobuf-lite/1.51.1/grpc-protobuf-lite-1.51.1.jar:/home/runner/.m2/repository/io/grpc/grpc-stub/1.51.1/grpc-stub-1.51.1.jar:/home/runner/.m2/repository/io/netty/netty-transport/4.1.86.Final/netty-transport-4.1.86.Final.jar:/home/runner/.m2/repository/io/netty/netty-resolver/4.1.86.Final/netty-resolver-4.1.86.Final.jar:/home/runner/.m2/repository/org/apache/ozone/ozone-csi/1.4.0-SNAPSHOT/ozone-csi-1.4.0-SNAPSHOT.jar:/home/runner/.m2/repository/com/google/protobuf/protobuf-java-util/3.19.6/protobuf-java-util-3.19.6.jar:/home/runner/.m2/repository/com/google/code/gson/gson/2.9.0/gson-2.9.0.jar:/home/runner/.m2/repository/org/apache/ozone/hdds-config/1.4.0-SNAPSHOT/hdds-config-1.4.0-SNAPSHOT.jar:/home/runner/.m2/repository/io/netty/netty-transport-native-epoll/4.1.86.Final/netty-transport-native-epoll-4.1.86.Final-linux-x86_64.jar:/home/runner/.m2/repository/io/netty/netty-transport-classes-epoll/4.1.86.Final/netty-transport-classes-epoll-4.1.86.Final.jar:/home/runner/.m2/repository/io/netty/netty-transport-native-unix-common/4.1.86.Final/netty-transport-native-unix-common-4.1.86.Final.jar:/home/runner/.m2/repository/org/slf4j/slf4j-reload4j/1.7.36/slf4j-reload4j-1.7.36.jar:/home/runner/.m2/repository/org/apache/ozone/ozone-recon/1.4.0-SNAPSHOT/ozone-recon-1.4.0-SNAPSHOT.jar:/home/runner/.m2/repository/org/apache/ozone/ozone-reconcodegen/1.4.0-SNAPSHOT/ozone-reconcodegen-1.4.0-SNAPSHOT.jar:/home/runner/.m2/repository/com/google/inject/extensions/guice-multibindings/4.0/guice-multibindings-4.0.jar:/home/runner/.m2/repository/com/google/inject/guice/4.0/guice-4.0.jar:/home/runner/.m2/repository/aopalliance/aopalliance/1.0/aopalliance-1.0.jar:/home/runner/.m2/repository/com/google/inject/extensions/guice-assistedinject/4.0/guice-assistedinject-4.0.jar:/home/runner/.m2/repository/com/google/inject/extensions/guice-servlet/4.0/guice-servlet-4.0.jar:/home/runner/.m2/repository/org/glassfish/jersey/containers/jersey-container-servlet/2.34/jersey-container-servlet-2.34.jar:/home/runner/.m2/repository/org/glassfish/hk2/guice-bridge/2.5.0/guice-bridge-2.5.0.jar:/home/runner/.m2/repository/org/glassfish/jersey/core/jersey-server/2.34/jersey-server-2.34.jar:/home/runner/.m2/repository/org/glassfish/jersey/core/jersey-client/2.34/jersey-client-2.34.jar:/home/runner/.m2/repository/jakarta/annotation/jakarta.annotation-api/1.3.5/jakarta.annotation-api-1.3.5.jar:/home/runner/.m2/repository/jakarta/validation/jakarta.validation-api/2.0.2/jakarta.validation-api-2.0.2.jar:/home/runner/.m2/repository/org/glassfish/jersey/media/jersey-media-json-jackson/2.34/jersey-media-json-jackson-2.34.jar:/home/runner/.m2/repository/org/glassfish/jersey/ext/jersey-entity-filtering/2.34/jersey-entity-filtering-2.34.jar:/home/runner/.m2/repository/org/jooq/jooq/3.11.10/jooq-3.11.10.jar:/home/runner/.m2/repository/org/jooq/jooq-meta/3.11.10/jooq-meta-3.11.10.jar:/home/runner/.m2/repository/org/jooq/jooq-codegen/3.11.10/jooq-codegen-3.11.10.jar:/home/runner/.m2/repository/com/jolbox/bonecp/0.8.0.RELEASE/bonecp-0.8.0.RELEASE.jar:/home/runner/.m2/repository/org/apache/derby/derby/10.14.2.0/derby-10.14.2.0.jar:/home/runner/.m2/repository/org/xerial/sqlite-jdbc/3.25.2/sqlite-jdbc-3.25.2.jar:/home/runner/.m2/repository/org/springframework/spring-jdbc/5.3.23/spring-jdbc-5.3.23.jar:/home/runner/.m2/repository/org/springframework/spring-beans/5.3.23/spring-beans-5.3.23.jar:/home/runner/.m2/repository/org/springframework/spring-core/5.3.23/spring-core-5.3.23.jar:/home/runner/.m2/repository/org/springframework/spring-jcl/5.3.23/spring-jcl-5.3.23.jar:/home/runner/.m2/repository/org/springframework/spring-tx/5.3.23/spring-tx-5.3.23.jar:/home/runner/.m2/repository/org/apache/ozone/ozone-client/1.4.0-SNAPSHOT/ozone-client-1.4.0-SNAPSHOT.jar:/home/runner/.m2/repository/org/apache/ozone/hdds-erasurecode/1.4.0-SNAPSHOT/hdds-erasurecode-1.4.0-SNAPSHOT.jar:/home/runner/.m2/repository/org/apache/ozone/ozone-filesystem/1.4.0-SNAPSHOT/ozone-filesystem-1.4.0-SNAPSHOT.jar:/home/runner/.m2/repository/org/apache/ozone/ozone-filesystem-common/1.4.0-SNAPSHOT/ozone-filesystem-common-1.4.0-SNAPSHOT.jar:/home/runner/.m2/repository/org/apache/ozone/ozone-tools/1.4.0-SNAPSHOT/ozone-tools-1.4.0-SNAPSHOT.jar:/home/runner/.m2/repository/org/apache/ratis/ratis-tools/2.4.2-8b8bdda-SNAPSHOT/ratis-tools-2.4.2-8b8bdda-SNAPSHOT.jar:/home/runner/.m2/repository/com/amazonaws/aws-java-sdk-core/1.12.261/aws-java-sdk-core-1.12.261.jar:/home/runner/.m2/repository/org/apache/httpcomponents/httpclient/4.5.13/httpclient-4.5.13.jar:/home/runner/.m2/repository/org/apache/httpcomponents/httpcore/4.4.13/httpcore-4.4.13.jar:/home/runner/.m2/repository/software/amazon/ion/ion-java/1.0.2/ion-java-1.0.2.jar:/home/runner/.m2/repository/com/fasterxml/jackson/dataformat/jackson-dataformat-cbor/2.13.4/jackson-dataformat-cbor-2.13.4.jar:/home/runner/.m2/repository/joda-time/joda-time/2.8.1/joda-time-2.8.1.jar:/home/runner/.m2/repository/com/amazonaws/aws-java-sdk-s3/1.12.261/aws-java-sdk-s3-1.12.261.jar:/home/runner/.m2/repository/com/amazonaws/aws-java-sdk-kms/1.12.261/aws-java-sdk-kms-1.12.261.jar:/home/runner/.m2/repository/com/amazonaws/jmespath-java/1.12.261/jmespath-java-1.12.261.jar:/home/runner/.m2/repository/org/kohsuke/metainf-services/metainf-services/1.8/metainf-services-1.8.jar:/home/runner/.m2/repository/org/apache/ozone/hdds-tools/1.4.0-SNAPSHOT/hdds-tools-1.4.0-SNAPSHOT.jar:/home/runner/.m2/repository/commons-cli/commons-cli/1.2/commons-cli-1.2.jar:/home/runner/.m2/repository/org/apache/commons/commons-lang3/3.7/commons-lang3-3.7.jar:/home/runner/.m2/repository/org/apache/ozone/ozone-manager/1.4.0-SNAPSHOT/ozone-manager-1.4.0-SNAPSHOT-tests.jar:/home/runner/.m2/repository/org/apache/ozone/hdds-common/1.4.0-SNAPSHOT/hdds-common-1.4.0-SNAPSHOT-tests.jar:/home/runner/.m2/repository/org/apache/ozone/hdds-hadoop-dependency-client/1.4.0-SNAPSHOT/hdds-hadoop-dependency-client-1.4.0-SNAPSHOT.jar:/home/runner/.m2/repository/info/picocli/picocli/4.6.1/picocli-4.6.1.jar:/home/runner/.m2/repository/com/fasterxml/jackson/core/jackson-annotations/2.13.4/jackson-annotations-2.13.4.jar:/home/runner/.m2/repository/com/fasterxml/jackson/datatype/jackson-datatype-jsr310/2.13.4/jackson-datatype-jsr310-2.13.4.jar:/home/runner/.m2/repository/org/apache/ozone/hdds-annotation-processing/1.4.0-SNAPSHOT/hdds-annotation-processing-1.4.0-SNAPSHOT.jar:/home/runner/.m2/repository/javax/annotation/javax.annotation-api/1.2/javax.annotation-api-1.2.jar:/home/runner/.m2/repository/org/apache/ratis/ratis-server/2.4.2-8b8bdda-SNAPSHOT/ratis-server-2.4.2-8b8bdda-SNAPSHOT.jar:/home/runner/.m2/repository/org/apache/ratis/ratis-client/2.4.2-8b8bdda-SNAPSHOT/ratis-client-2.4.2-8b8bdda-SNAPSHOT.jar:/home/runner/.m2/repository/org/apache/ratis/ratis-server-api/2.4.2-8b8bdda-SNAPSHOT/ratis-server-api-2.4.2-8b8bdda-SNAPSHOT.jar:/home/runner/.m2/repository/org/apache/ratis/ratis-metrics/2.4.2-8b8bdda-SNAPSHOT/ratis-metrics-2.4.2-8b8bdda-SNAPSHOT.jar:/home/runner/.m2/repository/org/apache/ratis/ratis-netty/2.4.2-8b8bdda-SNAPSHOT/ratis-netty-2.4.2-8b8bdda-SNAPSHOT.jar:/home/runner/.m2/repository/org/apache/ratis/ratis-grpc/2.4.2-8b8bdda-SNAPSHOT/ratis-grpc-2.4.2-8b8bdda-SNAPSHOT.jar:/home/runner/.m2/repository/org/apache/logging/log4j/log4j-api/2.17.1/log4j-api-2.17.1.jar:/home/runner/.m2/repository/org/apache/commons/commons-pool2/2.6.0/commons-pool2-2.6.0.jar:/home/runner/.m2/repository/org/bouncycastle/bcpkix-jdk15on/1.67/bcpkix-jdk15on-1.67.jar:/home/runner/.m2/repository/commons-validator/commons-validator/1.6/commons-validator-1.6.jar:/home/runner/.m2/repository/commons-beanutils/commons-beanutils/1.9.4/commons-beanutils-1.9.4.jar:/home/runner/.m2/repository/commons-digester/commons-digester/1.8.1/commons-digester-1.8.1.jar:/home/runner/.m2/repository/commons-collections/commons-collections/3.2.2/commons-collections-3.2.2.jar:/home/runner/.m2/repository/io/jaegertracing/jaeger-client/1.6.0/jaeger-client-1.6.0.jar:/home/runner/.m2/repository/io/jaegertracing/jaeger-thrift/1.6.0/jaeger-thrift-1.6.0.jar:/home/runner/.m2/repository/org/apache/thrift/libthrift/0.14.1/libthrift-0.14.1.jar:/home/runner/.m2/repository/io/jaegertracing/jaeger-core/1.6.0/jaeger-core-1.6.0.jar:/home/runner/.m2/repository/io/jaegertracing/jaeger-tracerresolver/1.6.0/jaeger-tracerresolver-1.6.0.jar:/home/runner/.m2/repository/io/opentracing/contrib/opentracing-tracerresolver/0.1.8/opentracing-tracerresolver-0.1.8.jar:/home/runner/.m2/repository/org/jetbrains/kotlin/kotlin-stdlib/1.6.21/kotlin-stdlib-1.6.21.jar:/home/runner/.m2/repository/org/jetbrains/annotations/13.0/annotations-13.0.jar:/home/runner/.m2/repository/io/opentracing/opentracing-util/0.33.0/opentracing-util-0.33.0.jar:/home/runner/.m2/repository/io/opentracing/opentracing-api/0.33.0/opentracing-api-0.33.0.jar:/home/runner/.m2/repository/io/opentracing/opentracing-noop/0.33.0/opentracing-noop-0.33.0.jar:/home/runner/.m2/repository/org/yaml/snakeyaml/1.33/snakeyaml-1.33.jar:/home/runner/.m2/repository/org/apache/ozone/hdds-interface-admin/1.4.0-SNAPSHOT/hdds-interface-admin-1.4.0-SNAPSHOT.jar:/home/runner/.m2/repository/junit/junit/4.13.1/junit-4.13.1.jar:/home/runner/.m2/repository/org/hamcrest/hamcrest-core/1.3/hamcrest-core-1.3.jar:/home/runner/.m2/repository/org/junit/jupiter/junit-jupiter-api/5.8.2/junit-jupiter-api-5.8.2.jar:/home/runner/.m2/repository/org/opentest4j/opentest4j/1.2.0/opentest4j-1.2.0.jar:/home/runner/.m2/repository/org/junit/platform/junit-platform-commons/1.8.2/junit-platform-commons-1.8.2.jar:/home/runner/.m2/repository/org/apiguardian/apiguardian-api/1.1.2/apiguardian-api-1.1.2.jar:/home/runner/.m2/repository/org/junit/jupiter/junit-jupiter-params/5.8.2/junit-jupiter-params-5.8.2.jar:/home/runner/.m2/repository/org/junit/jupiter/junit-jupiter-migrationsupport/5.8.2/junit-jupiter-migrationsupport-5.8.2.jar:/home/runner/.m2/repository/org/junit/jupiter/junit-jupiter-engine/5.8.2/junit-jupiter-engine-5.8.2.jar:/home/runner/.m2/repository/org/junit/platform/junit-platform-engine/1.8.2/junit-platform-engine-1.8.2.jar:/home/runner/.m2/repository/org/junit/vintage/junit-vintage-engine/5.8.2/junit-vintage-engine-5.8.2.jar:/home/runner/.m2/repository/org/junit/platform/junit-platform-launcher/1.8.2/junit-platform-launcher-1.8.2.jar:/home/runner/.m2/repository/org/mockito/mockito-core/2.28.2/mockito-core-2.28.2.jar:/home/runner/.m2/repository/net/bytebuddy/byte-buddy/1.9.10/byte-buddy-1.9.10.jar:/home/runner/.m2/repository/net/bytebuddy/byte-buddy-agent/1.9.10/byte-buddy-agent-1.9.10.jar:/home/runner/.m2/repository/org/objenesis/objenesis/1.0/objenesis-1.0.jar:/home/runner/.m2/repository/org/apache/hadoop/hadoop-kms/3.3.4/hadoop-kms-3.3.4.jar:/home/runner/.m2/repository/org/apache/hadoop/hadoop-auth/3.3.4/hadoop-auth-3.3.4.jar:/home/runner/.m2/repository/com/nimbusds/nimbus-jose-jwt/9.8.1/nimbus-jose-jwt-9.8.1.jar:/home/runner/.m2/repository/com/github/stephenc/jcip/jcip-annotations/1.0-1/jcip-annotations-1.0-1.jar:/home/runner/.m2/repository/net/minidev/json-smart/2.4.7/json-smart-2.4.7.jar:/home/runner/.m2/repository/net/minidev/accessors-smart/2.4.7/accessors-smart-2.4.7.jar:/home/runner/.m2/repository/org/ow2/asm/asm/5.0.4/asm-5.0.4.jar:/home/runner/.m2/repository/org/apache/zookeeper/zookeeper/3.5.6/zookeeper-3.5.6.jar:/home/runner/.m2/repository/org/apache/zookeeper/zookeeper-jute/3.5.6/zookeeper-jute-3.5.6.jar:/home/runner/.m2/repository/org/apache/yetus/audience-annotations/0.5.0/audience-annotations-0.5.0.jar:/home/runner/.m2/repository/org/apache/curator/curator-framework/4.2.0/curator-framework-4.2.0.jar:/home/runner/.m2/repository/org/apache/hadoop/thirdparty/hadoop-shaded-guava/1.1.1/hadoop-shaded-guava-1.1.1.jar:/home/runner/.m2/repository/com/sun/jersey/jersey-core/1.19/jersey-core-1.19.jar:/home/runner/.m2/repository/javax/ws/rs/jsr311-api/1.1.1/jsr311-api-1.1.1.jar:/home/runner/.m2/repository/com/sun/jersey/jersey-server/1.19/jersey-server-1.19.jar:/home/runner/.m2/repository/javax/servlet/javax.servlet-api/3.1.0/javax.servlet-api-3.1.0.jar:/home/runner/.m2/repository/org/eclipse/jetty/jetty-server/9.4.49.v20220914/jetty-server-9.4.49.v20220914.jar:/home/runner/.m2/repository/org/eclipse/jetty/jetty-http/9.4.49.v20220914/jetty-http-9.4.49.v20220914.jar:/home/runner/.m2/repository/org/eclipse/jetty/jetty-io/9.4.49.v20220914/jetty-io-9.4.49.v20220914.jar:/home/runner/.m2/repository/org/eclipse/jetty/jetty-webapp/9.4.49.v20220914/jetty-webapp-9.4.49.v20220914.jar:/home/runner/.m2/repository/org/eclipse/jetty/jetty-xml/9.4.49.v20220914/jetty-xml-9.4.49.v20220914.jar:/home/runner/.m2/repository/org/apache/hadoop/hadoop-common/3.3.4/hadoop-common-3.3.4.jar:/home/runner/.m2/repository/org/apache/commons/commons-math3/3.1.1/commons-math3-3.1.1.jar:/home/runner/.m2/repository/commons-net/commons-net/3.9.0/commons-net-3.9.0.jar:/home/runner/.m2/repository/com/sun/jersey/jersey-servlet/1.19/jersey-servlet-1.19.jar:/home/runner/.m2/repository/com/sun/jersey/jersey-json/1.19/jersey-json-1.19.jar:/home/runner/.m2/repository/org/codehaus/jettison/jettison/1.1/jettison-1.1.jar:/home/runner/.m2/repository/com/sun/xml/bind/jaxb-impl/2.2.3-1/jaxb-impl-2.2.3-1.jar:/home/runner/.m2/repository/org/codehaus/jackson/jackson-xc/1.9.2/jackson-xc-1.9.2.jar:/home/runner/.m2/repository/com/google/re2j/re2j/1.1/re2j-1.1.jar:/home/runner/.m2/repository/com/jcraft/jsch/0.1.54/jsch-0.1.54.jar:/home/runner/.m2/repository/org/apache/curator/curator-client/4.2.0/curator-client-4.2.0.jar:/home/runner/.m2/repository/org/apache/curator/curator-recipes/4.2.0/curator-recipes-4.2.0.jar:/home/runner/.m2/repository/org/apache/kerby/kerb-core/1.0.1/kerb-core-1.0.1.jar:/home/runner/.m2/repository/org/apache/kerby/kerby-pkix/1.0.1/kerby-pkix-1.0.1.jar:/home/runner/.m2/repository/org/apache/kerby/kerby-asn1/1.0.1/kerby-asn1-1.0.1.jar:/home/runner/.m2/repository/org/apache/kerby/kerby-util/1.0.1/kerby-util-1.0.1.jar:/home/runner/.m2/repository/dnsjava/dnsjava/2.1.7/dnsjava-2.1.7.jar:/home/runner/.m2/repository/org/xerial/snappy/snappy-java/1.1.8.2/snappy-java-1.1.8.2.jar:/home/runner/.m2/repository/org/eclipse/jetty/jetty-util/9.4.49.v20220914/jetty-util-9.4.49.v20220914.jar:/home/runner/.m2/repository/com/fasterxml/jackson/core/jackson-databind/2.13.4.2/jackson-databind-2.13.4.2.jar:/home/runner/.m2/repository/org/apache/hadoop/hadoop-kms/3.3.4/hadoop-kms-3.3.4-tests.jar:/home/runner/.m2/repository/org/apache/ozone/hdds-server-scm/1.4.0-SNAPSHOT/hdds-server-scm-1.4.0-SNAPSHOT-tests.jar:/home/runner/.m2/repository/org/apache/ozone/hdds-container-service/1.4.0-SNAPSHOT/hdds-container-service-1.4.0-SNAPSHOT-tests.jar:/home/runner/.m2/repository/com/github/luben/zstd-jni/1.5.2-5/zstd-jni-1.5.2-5.jar:/home/runner/.m2/repository/commons-codec/commons-codec/1.15/commons-codec-1.15.jar:/home/runner/.m2/repository/io/netty/netty-codec/4.1.86.Final/netty-codec-4.1.86.Final.jar:/home/runner/.m2/repository/io/netty/netty-handler/4.1.86.Final/netty-handler-4.1.86.Final.jar:/home/runner/.m2/repository/org/apache/ozone/hdds-hadoop-dependency-test/1.4.0-SNAPSHOT/hdds-hadoop-dependency-test-1.4.0-SNAPSHOT.jar:/home/runner/.m2/repository/org/apache/hadoop/hadoop-common/3.3.4/hadoop-common-3.3.4-tests.jar:/home/runner/.m2/repository/org/apache/hadoop/hadoop-hdfs/3.3.4/hadoop-hdfs-3.3.4-tests.jar:/home/runner/.m2/repository/org/assertj/assertj-core/3.12.2/assertj-core-3.12.2.jar:/home/runner/.m2/repository/org/apache/hadoop/hadoop-distcp/3.3.4/hadoop-distcp-3.3.4.jar:/home/runner/.m2/repository/org/apache/hadoop/hadoop-mapreduce-client-jobclient/3.3.4/hadoop-mapreduce-client-jobclient-3.3.4.jar:/home/runner/.m2/repository/org/apache/hadoop/hadoop-mapreduce-client-common/3.3.4/hadoop-mapreduce-client-common-3.3.4.jar:/home/runner/.m2/repository/org/apache/hadoop/hadoop-yarn-common/3.3.4/hadoop-yarn-common-3.3.4.jar:/home/runner/.m2/repository/org/apache/hadoop/hadoop-yarn-api/3.3.4/hadoop-yarn-api-3.3.4.jar:/home/runner/.m2/repository/com/sun/jersey/contribs/jersey-guice/1.19/jersey-guice-1.19.jar:/home/runner/.m2/repository/com/fasterxml/jackson/jaxrs/jackson-jaxrs-json-provider/2.13.4/jackson-jaxrs-json-provider-2.13.4.jar:/home/runner/.m2/repository/com/fasterxml/jackson/jaxrs/jackson-jaxrs-base/2.13.4/jackson-jaxrs-base-2.13.4.jar:/home/runner/.m2/repository/org/apache/hadoop/hadoop-yarn-client/3.3.4/hadoop-yarn-client-3.3.4.jar:/home/runner/.m2/repository/org/eclipse/jetty/websocket/websocket-client/9.4.43.v20210629/websocket-client-9.4.43.v20210629.jar:/home/runner/.m2/repository/org/eclipse/jetty/websocket/websocket-common/9.4.43.v20210629/websocket-common-9.4.43.v20210629.jar:/home/runner/.m2/repository/org/eclipse/jetty/websocket/websocket-api/9.4.43.v20210629/websocket-api-9.4.43.v20210629.jar:/home/runner/.m2/repository/org/jline/jline/3.9.0/jline-3.9.0.jar:/home/runner/.m2/repository/org/apache/hadoop/hadoop-mapreduce-client-core/3.3.4/hadoop-mapreduce-client-core-3.3.4.jar:/home/runner/.m2/repository/org/apache/avro/avro/1.7.7/avro-1.7.7.jar:/home/runner/.m2/repository/org/codehaus/jackson/jackson-core-asl/1.9.13/jackson-core-asl-1.9.13.jar:/home/runner/.m2/repository/org/codehaus/jackson/jackson-mapper-asl/1.9.13/jackson-mapper-asl-1.9.13.jar:/home/runner/.m2/repository/com/thoughtworks/paranamer/paranamer/2.3/paranamer-2.3.jar:/home/runner/.m2/repository/org/apache/hadoop/hadoop-annotations/3.3.4/hadoop-annotations-3.3.4.jar:/usr/lib/jvm/temurin-8-jdk-amd64/jre/../lib/tools.jar:/home/runner/.m2/repository/io/netty/netty/3.10.6.Final/netty-3.10.6.Final.jar:/home/runner/.m2/repository/org/apache/hadoop/hadoop-distcp/3.3.4/hadoop-distcp-3.3.4-tests.jar:/home/runner/.m2/repository/org/slf4j/jul-to-slf4j/1.7.36/jul-to-slf4j-1.7.36.jar:/home/runner/.m2/repository/org/apache/ratis/ratis-common/2.4.2-8b8bdda-SNAPSHOT/ratis-common-2.4.2-8b8bdda-SNAPSHOT.jar:/home/runner/.m2/repository/org/apache/ratis/ratis-thirdparty-misc/1.0.3/ratis-thirdparty-misc-1.0.3.jar:/home/runner/.m2/repository/org/apache/ratis/ratis-proto/2.4.2-8b8bdda-SNAPSHOT/ratis-proto-2.4.2-8b8bdda-SNAPSHOT.jar:"/>
    <property name="java.vm.vendor" value="Temurin"/>
    <property name="sun.arch.data.model" value="64"/>
    <property name="test.build.dir" value="/home/runner/work/ozone/ozone/hadoop-ozone/integration-test/target/test-dir"/>
    <property name="test.cache.data" value=""/>
    <property name="java.vendor.url" value="https://adoptium.net/"/>
    <property name="user.timezone" value="Etc/UTC"/>
    <property name="java.vm.specification.version" value="1.8"/>
    <property name="os.name" value="Linux"/>
    <property name="test.build.data" value="/home/runner/work/ozone/ozone/hadoop-ozone/integration-test/target/test-dir"/>
    <property name="sun.java.launcher" value="SUN_STANDARD"/>
    <property name="sun.boot.library.path" value="/usr/lib/jvm/temurin-8-jdk-amd64/jre/lib/amd64"/>
    <property name="sun.java.command" value="/home/runner/work/ozone/ozone/hadoop-ozone/integration-test/target/surefire/surefirebooter2604133750918791444.jar /home/runner/work/ozone/ozone/hadoop-ozone/integration-test/target/surefire 2023-01-19T20-55-19_801-jvmRun1 surefire4527801450098944949tmp surefire_148655081764263311743tmp"/>
    <property name="surefire.test.class.path" value="/home/runner/work/ozone/ozone/hadoop-ozone/integration-test/target/test-classes:/home/runner/work/ozone/ozone/hadoop-ozone/integration-test/target/classes:/home/runner/.m2/repository/org/apache/ozone/ozone-common/1.4.0-SNAPSHOT/ozone-common-1.4.0-SNAPSHOT.jar:/home/runner/.m2/repository/io/grpc/grpc-netty/1.51.1/grpc-netty-1.51.1.jar:/home/runner/.m2/repository/io/grpc/grpc-core/1.51.1/grpc-core-1.51.1.jar:/home/runner/.m2/repository/com/google/android/annotations/4.1.1.4/annotations-4.1.1.4.jar:/home/runner/.m2/repository/org/codehaus/mojo/animal-sniffer-annotations/1.21/animal-sniffer-annotations-1.21.jar:/home/runner/.m2/repository/com/google/errorprone/error_prone_annotations/2.2.0/error_prone_annotations-2.2.0.jar:/home/runner/.m2/repository/io/perfmark/perfmark-api/0.25.0/perfmark-api-0.25.0.jar:/home/runner/.m2/repository/io/netty/netty-codec-http2/4.1.86.Final/netty-codec-http2-4.1.86.Final.jar:/home/runner/.m2/repository/io/netty/netty-common/4.1.86.Final/netty-common-4.1.86.Final.jar:/home/runner/.m2/repository/io/netty/netty-buffer/4.1.86.Final/netty-buffer-4.1.86.Final.jar:/home/runner/.m2/repository/io/netty/netty-codec-http/4.1.86.Final/netty-codec-http-4.1.86.Final.jar:/home/runner/.m2/repository/io/netty/netty-handler-proxy/4.1.86.Final/netty-handler-proxy-4.1.86.Final.jar:/home/runner/.m2/repository/io/netty/netty-codec-socks/4.1.86.Final/netty-codec-socks-4.1.86.Final.jar:/home/runner/.m2/repository/io/netty/netty-tcnative-boringssl-static/2.0.54.Final/netty-tcnative-boringssl-static-2.0.54.Final.jar:/home/runner/.m2/repository/io/netty/netty-tcnative-classes/2.0.54.Final/netty-tcnative-classes-2.0.54.Final.jar:/home/runner/.m2/repository/io/netty/netty-tcnative-boringssl-static/2.0.54.Final/netty-tcnative-boringssl-static-2.0.54.Final-linux-x86_64.jar:/home/runner/.m2/repository/io/netty/netty-tcnative-boringssl-static/2.0.54.Final/netty-tcnative-boringssl-static-2.0.54.Final-linux-aarch_64.jar:/home/runner/.m2/repository/io/netty/netty-tcnative-boringssl-static/2.0.54.Final/netty-tcnative-boringssl-static-2.0.54.Final-osx-x86_64.jar:/home/runner/.m2/repository/io/netty/netty-tcnative-boringssl-static/2.0.54.Final/netty-tcnative-boringssl-static-2.0.54.Final-osx-aarch_64.jar:/home/runner/.m2/repository/io/netty/netty-tcnative-boringssl-static/2.0.54.Final/netty-tcnative-boringssl-static-2.0.54.Final-windows-x86_64.jar:/home/runner/.m2/repository/org/apache/commons/commons-compress/1.21/commons-compress-1.21.jar:/home/runner/.m2/repository/org/apache/ozone/hdds-common/1.4.0-SNAPSHOT/hdds-common-1.4.0-SNAPSHOT.jar:/home/runner/.m2/repository/org/apache/ozone/hdds-client/1.4.0-SNAPSHOT/hdds-client-1.4.0-SNAPSHOT.jar:/home/runner/.m2/repository/org/apache/ozone/ozone-interface-client/1.4.0-SNAPSHOT/ozone-interface-client-1.4.0-SNAPSHOT.jar:/home/runner/.m2/repository/org/apache/ozone/hdds-test-utils/1.4.0-SNAPSHOT/hdds-test-utils-1.4.0-SNAPSHOT.jar:/home/runner/.m2/repository/com/google/guava/guava/31.1-jre/guava-31.1-jre.jar:/home/runner/.m2/repository/com/google/guava/failureaccess/1.0.1/failureaccess-1.0.1.jar:/home/runner/.m2/repository/com/google/guava/listenablefuture/9999.0-empty-to-avoid-conflict-with-guava/listenablefuture-9999.0-empty-to-avoid-conflict-with-guava.jar:/home/runner/.m2/repository/com/google/code/findbugs/jsr305/3.0.0/jsr305-3.0.0.jar:/home/runner/.m2/repository/org/checkerframework/checker-qual/3.12.0/checker-qual-3.12.0.jar:/home/runner/.m2/repository/com/google/j2objc/j2objc-annotations/1.3/j2objc-annotations-1.3.jar:/home/runner/.m2/repository/commons-io/commons-io/2.11.0/commons-io-2.11.0.jar:/home/runner/.m2/repository/commons-logging/commons-logging/1.2/commons-logging-1.2.jar:/home/runner/.m2/repository/ch/qos/reload4j/reload4j/1.2.22/reload4j-1.2.22.jar:/home/runner/.m2/repository/org/slf4j/slf4j-api/1.7.36/slf4j-api-1.7.36.jar:/home/runner/.m2/repository/org/apache/ozone/hdds-server-scm/1.4.0-SNAPSHOT/hdds-server-scm-1.4.0-SNAPSHOT.jar:/home/runner/.m2/repository/org/apache/ozone/hdds-container-service/1.4.0-SNAPSHOT/hdds-container-service-1.4.0-SNAPSHOT.jar:/home/runner/.m2/repository/org/apache/ozone/hdds-hadoop-dependency-server/1.4.0-SNAPSHOT/hdds-hadoop-dependency-server-1.4.0-SNAPSHOT.jar:/home/runner/.m2/repository/org/apache/hadoop/hadoop-hdfs/3.3.4/hadoop-hdfs-3.3.4.jar:/home/runner/.m2/repository/org/eclipse/jetty/jetty-util-ajax/9.4.49.v20220914/jetty-util-ajax-9.4.49.v20220914.jar:/home/runner/.m2/repository/commons-daemon/commons-daemon/1.0.13/commons-daemon-1.0.13.jar:/home/runner/.m2/repository/org/apache/ozone/hdds-server-framework/1.4.0-SNAPSHOT/hdds-server-framework-1.4.0-SNAPSHOT.jar:/home/runner/.m2/repository/org/apache/ozone/hdds-interface-server/1.4.0-SNAPSHOT/hdds-interface-server-1.4.0-SNAPSHOT.jar:/home/runner/.m2/repository/org/apache/commons/commons-configuration2/2.1.1/commons-configuration2-2.1.1.jar:/home/runner/.m2/repository/org/apache/logging/log4j/log4j-core/2.17.1/log4j-core-2.17.1.jar:/home/runner/.m2/repository/com/lmax/disruptor/3.4.2/disruptor-3.4.2.jar:/home/runner/.m2/repository/org/eclipse/jetty/jetty-servlet/9.4.49.v20220914/jetty-servlet-9.4.49.v20220914.jar:/home/runner/.m2/repository/org/eclipse/jetty/jetty-security/9.4.49.v20220914/jetty-security-9.4.49.v20220914.jar:/home/runner/.m2/repository/org/rocksdb/rocksdbjni/7.7.3/rocksdbjni-7.7.3.jar:/home/runner/.m2/repository/io/prometheus/simpleclient_dropwizard/0.7.0/simpleclient_dropwizard-0.7.0.jar:/home/runner/.m2/repository/io/prometheus/simpleclient/0.7.0/simpleclient-0.7.0.jar:/home/runner/.m2/repository/io/prometheus/simpleclient_common/0.7.0/simpleclient_common-0.7.0.jar:/home/runner/.m2/repository/com/github/spotbugs/spotbugs-annotations/3.1.12/spotbugs-annotations-3.1.12.jar:/home/runner/.m2/repository/io/dropwizard/metrics/metrics-core/3.2.4/metrics-core-3.2.4.jar:/home/runner/.m2/repository/org/apache/commons/commons-text/1.4/commons-text-1.4.jar:/home/runner/.m2/repository/org/apache/hadoop/hadoop-hdfs-client/3.3.4/hadoop-hdfs-client-3.3.4.jar:/home/runner/.m2/repository/com/squareup/okhttp3/okhttp/4.9.3/okhttp-4.9.3.jar:/home/runner/.m2/repository/com/squareup/okio/okio/2.8.0/okio-2.8.0.jar:/home/runner/.m2/repository/org/jetbrains/kotlin/kotlin-stdlib-common/1.4.10/kotlin-stdlib-common-1.4.10.jar:/home/runner/.m2/repository/org/bouncycastle/bcprov-jdk15on/1.67/bcprov-jdk15on-1.67.jar:/home/runner/.m2/repository/com/google/protobuf/protobuf-java/2.5.0/protobuf-java-2.5.0.jar:/home/runner/.m2/repository/org/apache/ozone/ozone-manager/1.4.0-SNAPSHOT/ozone-manager-1.4.0-SNAPSHOT.jar:/home/runner/.m2/repository/org/aspectj/aspectjrt/1.9.7/aspectjrt-1.9.7.jar:/home/runner/.m2/repository/org/aspectj/aspectjweaver/1.9.7/aspectjweaver-1.9.7.jar:/home/runner/.m2/repository/org/apache/ozone/hdds-interface-client/1.4.0-SNAPSHOT/hdds-interface-client-1.4.0-SNAPSHOT.jar:/home/runner/.m2/repository/org/apache/hadoop/thirdparty/hadoop-shaded-protobuf_3_7/1.1.1/hadoop-shaded-protobuf_3_7-1.1.1.jar:/home/runner/.m2/repository/org/apache/ozone/ozone-interface-storage/1.4.0-SNAPSHOT/ozone-interface-storage-1.4.0-SNAPSHOT.jar:/home/runner/.m2/repository/org/reflections/reflections/0.9.11/reflections-0.9.11.jar:/home/runner/.m2/repository/com/sun/jersey/jersey-client/1.19/jersey-client-1.19.jar:/home/runner/.m2/repository/org/apache/ranger/ranger-intg/2.3.0/ranger-intg-2.3.0.jar:/home/runner/.m2/repository/org/apache/ranger/ranger-plugins-common/2.3.0/ranger-plugins-common-2.3.0.jar:/home/runner/.m2/repository/commons-lang/commons-lang/2.6/commons-lang-2.6.jar:/home/runner/.m2/repository/org/codehaus/jackson/jackson-jaxrs/1.9.13/jackson-jaxrs-1.9.13.jar:/home/runner/.m2/repository/org/apache/ranger/ranger-plugins-cred/2.3.0/ranger-plugins-cred-2.3.0.jar:/home/runner/.m2/repository/org/apache/ranger/ranger-plugins-audit/2.3.0/ranger-plugins-audit-2.3.0.jar:/home/runner/.m2/repository/org/eclipse/jetty/jetty-client/9.4.31.v20200723/jetty-client-9.4.31.v20200723.jar:/home/runner/.m2/repository/org/apache/httpcomponents/httpmime/4.5.6/httpmime-4.5.6.jar:/home/runner/.m2/repository/org/apache/httpcomponents/httpcore-nio/4.4.6/httpcore-nio-4.4.6.jar:/home/runner/.m2/repository/org/apache/httpcomponents/httpasyncclient/4.1.3/httpasyncclient-4.1.3.jar:/home/runner/.m2/repository/com/carrotsearch/hppc/0.8.0/hppc-0.8.0.jar:/home/runner/.m2/repository/org/apache/orc/orc-core/1.5.8/orc-core-1.5.8.jar:/home/runner/.m2/repository/net/java/dev/jna/jna/5.2.0/jna-5.2.0.jar:/home/runner/.m2/repository/net/java/dev/jna/jna-platform/5.2.0/jna-platform-5.2.0.jar:/home/runner/.m2/repository/com/kstruct/gethostname4j/0.0.2/gethostname4j-0.0.2.jar:/home/runner/.m2/repository/org/apache/ranger/ranger-plugin-classloader/2.3.0/ranger-plugin-classloader-2.3.0.jar:/home/runner/.m2/repository/org/apache/hadoop/hadoop-minikdc/3.3.4/hadoop-minikdc-3.3.4.jar:/home/runner/.m2/repository/org/apache/kerby/kerb-simplekdc/1.0.1/kerb-simplekdc-1.0.1.jar:/home/runner/.m2/repository/org/apache/kerby/kerb-client/1.0.1/kerb-client-1.0.1.jar:/home/runner/.m2/repository/org/apache/kerby/kerby-config/1.0.1/kerby-config-1.0.1.jar:/home/runner/.m2/repository/org/apache/kerby/kerb-common/1.0.1/kerb-common-1.0.1.jar:/home/runner/.m2/repository/org/apache/kerby/kerb-crypto/1.0.1/kerb-crypto-1.0.1.jar:/home/runner/.m2/repository/org/apache/kerby/kerb-util/1.0.1/kerb-util-1.0.1.jar:/home/runner/.m2/repository/org/apache/kerby/token-provider/1.0.1/token-provider-1.0.1.jar:/home/runner/.m2/repository/org/apache/kerby/kerb-admin/1.0.1/kerb-admin-1.0.1.jar:/home/runner/.m2/repository/org/apache/kerby/kerb-server/1.0.1/kerb-server-1.0.1.jar:/home/runner/.m2/repository/org/apache/kerby/kerb-identity/1.0.1/kerb-identity-1.0.1.jar:/home/runner/.m2/repository/org/apache/kerby/kerby-xdr/1.0.1/kerby-xdr-1.0.1.jar:/home/runner/.m2/repository/org/apache/ozone/ozone-s3gateway/1.4.0-SNAPSHOT/ozone-s3gateway-1.4.0-SNAPSHOT.jar:/home/runner/.m2/repository/org/javassist/javassist/3.21.0-GA/javassist-3.21.0-GA.jar:/home/runner/.m2/repository/org/jboss/weld/servlet/weld-servlet/2.4.7.Final/weld-servlet-2.4.7.Final.jar:/home/runner/.m2/repository/org/glassfish/jersey/containers/jersey-container-servlet-core/2.34/jersey-container-servlet-core-2.34.jar:/home/runner/.m2/repository/org/glassfish/hk2/external/jakarta.inject/2.6.1/jakarta.inject-2.6.1.jar:/home/runner/.m2/repository/org/glassfish/jersey/core/jersey-common/2.34/jersey-common-2.34.jar:/home/runner/.m2/repository/jakarta/ws/rs/jakarta.ws.rs-api/2.1.6/jakarta.ws.rs-api-2.1.6.jar:/home/runner/.m2/repository/org/glassfish/jersey/ext/cdi/jersey-cdi1x/2.34/jersey-cdi1x-2.34.jar:/home/runner/.m2/repository/org/glassfish/jersey/inject/jersey-hk2/2.34/jersey-hk2-2.34.jar:/home/runner/.m2/repository/org/glassfish/hk2/hk2-locator/2.6.1/hk2-locator-2.6.1.jar:/home/runner/.m2/repository/org/glassfish/jersey/media/jersey-media-jaxb/2.34/jersey-media-jaxb-2.34.jar:/home/runner/.m2/repository/org/glassfish/hk2/osgi-resource-locator/1.0.3/osgi-resource-locator-1.0.3.jar:/home/runner/.m2/repository/org/glassfish/hk2/hk2-api/2.5.0/hk2-api-2.5.0.jar:/home/runner/.m2/repository/org/glassfish/hk2/hk2-utils/2.5.0/hk2-utils-2.5.0.jar:/home/runner/.m2/repository/org/glassfish/hk2/external/aopalliance-repackaged/2.5.0/aopalliance-repackaged-2.5.0.jar:/home/runner/.m2/repository/com/fasterxml/jackson/dataformat/jackson-dataformat-xml/2.13.4/jackson-dataformat-xml-2.13.4.jar:/home/runner/.m2/repository/com/fasterxml/jackson/core/jackson-core/2.13.4/jackson-core-2.13.4.jar:/home/runner/.m2/repository/org/codehaus/woodstox/stax2-api/4.2.1/stax2-api-4.2.1.jar:/home/runner/.m2/repository/com/fasterxml/woodstox/woodstox-core/5.4.0/woodstox-core-5.4.0.jar:/home/runner/.m2/repository/com/fasterxml/jackson/module/jackson-module-jaxb-annotations/2.13.4/jackson-module-jaxb-annotations-2.13.4.jar:/home/runner/.m2/repository/jakarta/xml/bind/jakarta.xml.bind-api/2.3.3/jakarta.xml.bind-api-2.3.3.jar:/home/runner/.m2/repository/jakarta/activation/jakarta.activation-api/1.2.1/jakarta.activation-api-1.2.1.jar:/home/runner/.m2/repository/javax/enterprise/cdi-api/1.2/cdi-api-1.2.jar:/home/runner/.m2/repository/javax/el/javax.el-api/3.0.0/javax.el-api-3.0.0.jar:/home/runner/.m2/repository/javax/interceptor/javax.interceptor-api/1.2/javax.interceptor-api-1.2.jar:/home/runner/.m2/repository/javax/inject/javax.inject/1/javax.inject-1.jar:/home/runner/.m2/repository/javax/xml/bind/jaxb-api/2.3.0/jaxb-api-2.3.0.jar:/home/runner/.m2/repository/org/glassfish/jaxb/jaxb-runtime/2.3.0.1/jaxb-runtime-2.3.0.1.jar:/home/runner/.m2/repository/org/glassfish/jaxb/jaxb-core/2.3.0.1/jaxb-core-2.3.0.1.jar:/home/runner/.m2/repository/org/glassfish/jaxb/txw2/2.3.0.1/txw2-2.3.0.1.jar:/home/runner/.m2/repository/com/sun/istack/istack-commons-runtime/3.0.5/istack-commons-runtime-3.0.5.jar:/home/runner/.m2/repository/org/jvnet/staxex/stax-ex/1.7.8/stax-ex-1.7.8.jar:/home/runner/.m2/repository/com/sun/xml/fastinfoset/FastInfoset/1.2.13/FastInfoset-1.2.13.jar:/home/runner/.m2/repository/javax/activation/activation/1.1.1/activation-1.1.1.jar:/home/runner/.m2/repository/io/grpc/grpc-protobuf/1.51.1/grpc-protobuf-1.51.1.jar:/home/runner/.m2/repository/io/grpc/grpc-api/1.51.1/grpc-api-1.51.1.jar:/home/runner/.m2/repository/io/grpc/grpc-context/1.51.1/grpc-context-1.51.1.jar:/home/runner/.m2/repository/com/google/api/grpc/proto-google-common-protos/2.9.0/proto-google-common-protos-2.9.0.jar:/home/runner/.m2/repository/io/grpc/grpc-protobuf-lite/1.51.1/grpc-protobuf-lite-1.51.1.jar:/home/runner/.m2/repository/io/grpc/grpc-stub/1.51.1/grpc-stub-1.51.1.jar:/home/runner/.m2/repository/io/netty/netty-transport/4.1.86.Final/netty-transport-4.1.86.Final.jar:/home/runner/.m2/repository/io/netty/netty-resolver/4.1.86.Final/netty-resolver-4.1.86.Final.jar:/home/runner/.m2/repository/org/apache/ozone/ozone-csi/1.4.0-SNAPSHOT/ozone-csi-1.4.0-SNAPSHOT.jar:/home/runner/.m2/repository/com/google/protobuf/protobuf-java-util/3.19.6/protobuf-java-util-3.19.6.jar:/home/runner/.m2/repository/com/google/code/gson/gson/2.9.0/gson-2.9.0.jar:/home/runner/.m2/repository/org/apache/ozone/hdds-config/1.4.0-SNAPSHOT/hdds-config-1.4.0-SNAPSHOT.jar:/home/runner/.m2/repository/io/netty/netty-transport-native-epoll/4.1.86.Final/netty-transport-native-epoll-4.1.86.Final-linux-x86_64.jar:/home/runner/.m2/repository/io/netty/netty-transport-classes-epoll/4.1.86.Final/netty-transport-classes-epoll-4.1.86.Final.jar:/home/runner/.m2/repository/io/netty/netty-transport-native-unix-common/4.1.86.Final/netty-transport-native-unix-common-4.1.86.Final.jar:/home/runner/.m2/repository/org/slf4j/slf4j-reload4j/1.7.36/slf4j-reload4j-1.7.36.jar:/home/runner/.m2/repository/org/apache/ozone/ozone-recon/1.4.0-SNAPSHOT/ozone-recon-1.4.0-SNAPSHOT.jar:/home/runner/.m2/repository/org/apache/ozone/ozone-reconcodegen/1.4.0-SNAPSHOT/ozone-reconcodegen-1.4.0-SNAPSHOT.jar:/home/runner/.m2/repository/com/google/inject/extensions/guice-multibindings/4.0/guice-multibindings-4.0.jar:/home/runner/.m2/repository/com/google/inject/guice/4.0/guice-4.0.jar:/home/runner/.m2/repository/aopalliance/aopalliance/1.0/aopalliance-1.0.jar:/home/runner/.m2/repository/com/google/inject/extensions/guice-assistedinject/4.0/guice-assistedinject-4.0.jar:/home/runner/.m2/repository/com/google/inject/extensions/guice-servlet/4.0/guice-servlet-4.0.jar:/home/runner/.m2/repository/org/glassfish/jersey/containers/jersey-container-servlet/2.34/jersey-container-servlet-2.34.jar:/home/runner/.m2/repository/org/glassfish/hk2/guice-bridge/2.5.0/guice-bridge-2.5.0.jar:/home/runner/.m2/repository/org/glassfish/jersey/core/jersey-server/2.34/jersey-server-2.34.jar:/home/runner/.m2/repository/org/glassfish/jersey/core/jersey-client/2.34/jersey-client-2.34.jar:/home/runner/.m2/repository/jakarta/annotation/jakarta.annotation-api/1.3.5/jakarta.annotation-api-1.3.5.jar:/home/runner/.m2/repository/jakarta/validation/jakarta.validation-api/2.0.2/jakarta.validation-api-2.0.2.jar:/home/runner/.m2/repository/org/glassfish/jersey/media/jersey-media-json-jackson/2.34/jersey-media-json-jackson-2.34.jar:/home/runner/.m2/repository/org/glassfish/jersey/ext/jersey-entity-filtering/2.34/jersey-entity-filtering-2.34.jar:/home/runner/.m2/repository/org/jooq/jooq/3.11.10/jooq-3.11.10.jar:/home/runner/.m2/repository/org/jooq/jooq-meta/3.11.10/jooq-meta-3.11.10.jar:/home/runner/.m2/repository/org/jooq/jooq-codegen/3.11.10/jooq-codegen-3.11.10.jar:/home/runner/.m2/repository/com/jolbox/bonecp/0.8.0.RELEASE/bonecp-0.8.0.RELEASE.jar:/home/runner/.m2/repository/org/apache/derby/derby/10.14.2.0/derby-10.14.2.0.jar:/home/runner/.m2/repository/org/xerial/sqlite-jdbc/3.25.2/sqlite-jdbc-3.25.2.jar:/home/runner/.m2/repository/org/springframework/spring-jdbc/5.3.23/spring-jdbc-5.3.23.jar:/home/runner/.m2/repository/org/springframework/spring-beans/5.3.23/spring-beans-5.3.23.jar:/home/runner/.m2/repository/org/springframework/spring-core/5.3.23/spring-core-5.3.23.jar:/home/runner/.m2/repository/org/springframework/spring-jcl/5.3.23/spring-jcl-5.3.23.jar:/home/runner/.m2/repository/org/springframework/spring-tx/5.3.23/spring-tx-5.3.23.jar:/home/runner/.m2/repository/org/apache/ozone/ozone-client/1.4.0-SNAPSHOT/ozone-client-1.4.0-SNAPSHOT.jar:/home/runner/.m2/repository/org/apache/ozone/hdds-erasurecode/1.4.0-SNAPSHOT/hdds-erasurecode-1.4.0-SNAPSHOT.jar:/home/runner/.m2/repository/org/apache/ozone/ozone-filesystem/1.4.0-SNAPSHOT/ozone-filesystem-1.4.0-SNAPSHOT.jar:/home/runner/.m2/repository/org/apache/ozone/ozone-filesystem-common/1.4.0-SNAPSHOT/ozone-filesystem-common-1.4.0-SNAPSHOT.jar:/home/runner/.m2/repository/org/apache/ozone/ozone-tools/1.4.0-SNAPSHOT/ozone-tools-1.4.0-SNAPSHOT.jar:/home/runner/.m2/repository/org/apache/ratis/ratis-tools/2.4.2-8b8bdda-SNAPSHOT/ratis-tools-2.4.2-8b8bdda-SNAPSHOT.jar:/home/runner/.m2/repository/com/amazonaws/aws-java-sdk-core/1.12.261/aws-java-sdk-core-1.12.261.jar:/home/runner/.m2/repository/org/apache/httpcomponents/httpclient/4.5.13/httpclient-4.5.13.jar:/home/runner/.m2/repository/org/apache/httpcomponents/httpcore/4.4.13/httpcore-4.4.13.jar:/home/runner/.m2/repository/software/amazon/ion/ion-java/1.0.2/ion-java-1.0.2.jar:/home/runner/.m2/repository/com/fasterxml/jackson/dataformat/jackson-dataformat-cbor/2.13.4/jackson-dataformat-cbor-2.13.4.jar:/home/runner/.m2/repository/joda-time/joda-time/2.8.1/joda-time-2.8.1.jar:/home/runner/.m2/repository/com/amazonaws/aws-java-sdk-s3/1.12.261/aws-java-sdk-s3-1.12.261.jar:/home/runner/.m2/repository/com/amazonaws/aws-java-sdk-kms/1.12.261/aws-java-sdk-kms-1.12.261.jar:/home/runner/.m2/repository/com/amazonaws/jmespath-java/1.12.261/jmespath-java-1.12.261.jar:/home/runner/.m2/repository/org/kohsuke/metainf-services/metainf-services/1.8/metainf-services-1.8.jar:/home/runner/.m2/repository/org/apache/ozone/hdds-tools/1.4.0-SNAPSHOT/hdds-tools-1.4.0-SNAPSHOT.jar:/home/runner/.m2/repository/commons-cli/commons-cli/1.2/commons-cli-1.2.jar:/home/runner/.m2/repository/org/apache/commons/commons-lang3/3.7/commons-lang3-3.7.jar:/home/runner/.m2/repository/org/apache/ozone/ozone-manager/1.4.0-SNAPSHOT/ozone-manager-1.4.0-SNAPSHOT-tests.jar:/home/runner/.m2/repository/org/apache/ozone/hdds-common/1.4.0-SNAPSHOT/hdds-common-1.4.0-SNAPSHOT-tests.jar:/home/runner/.m2/repository/org/apache/ozone/hdds-hadoop-dependency-client/1.4.0-SNAPSHOT/hdds-hadoop-dependency-client-1.4.0-SNAPSHOT.jar:/home/runner/.m2/repository/info/picocli/picocli/4.6.1/picocli-4.6.1.jar:/home/runner/.m2/repository/com/fasterxml/jackson/core/jackson-annotations/2.13.4/jackson-annotations-2.13.4.jar:/home/runner/.m2/repository/com/fasterxml/jackson/datatype/jackson-datatype-jsr310/2.13.4/jackson-datatype-jsr310-2.13.4.jar:/home/runner/.m2/repository/org/apache/ozone/hdds-annotation-processing/1.4.0-SNAPSHOT/hdds-annotation-processing-1.4.0-SNAPSHOT.jar:/home/runner/.m2/repository/javax/annotation/javax.annotation-api/1.2/javax.annotation-api-1.2.jar:/home/runner/.m2/repository/org/apache/ratis/ratis-server/2.4.2-8b8bdda-SNAPSHOT/ratis-server-2.4.2-8b8bdda-SNAPSHOT.jar:/home/runner/.m2/repository/org/apache/ratis/ratis-client/2.4.2-8b8bdda-SNAPSHOT/ratis-client-2.4.2-8b8bdda-SNAPSHOT.jar:/home/runner/.m2/repository/org/apache/ratis/ratis-server-api/2.4.2-8b8bdda-SNAPSHOT/ratis-server-api-2.4.2-8b8bdda-SNAPSHOT.jar:/home/runner/.m2/repository/org/apache/ratis/ratis-metrics/2.4.2-8b8bdda-SNAPSHOT/ratis-metrics-2.4.2-8b8bdda-SNAPSHOT.jar:/home/runner/.m2/repository/org/apache/ratis/ratis-netty/2.4.2-8b8bdda-SNAPSHOT/ratis-netty-2.4.2-8b8bdda-SNAPSHOT.jar:/home/runner/.m2/repository/org/apache/ratis/ratis-grpc/2.4.2-8b8bdda-SNAPSHOT/ratis-grpc-2.4.2-8b8bdda-SNAPSHOT.jar:/home/runner/.m2/repository/org/apache/logging/log4j/log4j-api/2.17.1/log4j-api-2.17.1.jar:/home/runner/.m2/repository/org/apache/commons/commons-pool2/2.6.0/commons-pool2-2.6.0.jar:/home/runner/.m2/repository/org/bouncycastle/bcpkix-jdk15on/1.67/bcpkix-jdk15on-1.67.jar:/home/runner/.m2/repository/commons-validator/commons-validator/1.6/commons-validator-1.6.jar:/home/runner/.m2/repository/commons-beanutils/commons-beanutils/1.9.4/commons-beanutils-1.9.4.jar:/home/runner/.m2/repository/commons-digester/commons-digester/1.8.1/commons-digester-1.8.1.jar:/home/runner/.m2/repository/commons-collections/commons-collections/3.2.2/commons-collections-3.2.2.jar:/home/runner/.m2/repository/io/jaegertracing/jaeger-client/1.6.0/jaeger-client-1.6.0.jar:/home/runner/.m2/repository/io/jaegertracing/jaeger-thrift/1.6.0/jaeger-thrift-1.6.0.jar:/home/runner/.m2/repository/org/apache/thrift/libthrift/0.14.1/libthrift-0.14.1.jar:/home/runner/.m2/repository/io/jaegertracing/jaeger-core/1.6.0/jaeger-core-1.6.0.jar:/home/runner/.m2/repository/io/jaegertracing/jaeger-tracerresolver/1.6.0/jaeger-tracerresolver-1.6.0.jar:/home/runner/.m2/repository/io/opentracing/contrib/opentracing-tracerresolver/0.1.8/opentracing-tracerresolver-0.1.8.jar:/home/runner/.m2/repository/org/jetbrains/kotlin/kotlin-stdlib/1.6.21/kotlin-stdlib-1.6.21.jar:/home/runner/.m2/repository/org/jetbrains/annotations/13.0/annotations-13.0.jar:/home/runner/.m2/repository/io/opentracing/opentracing-util/0.33.0/opentracing-util-0.33.0.jar:/home/runner/.m2/repository/io/opentracing/opentracing-api/0.33.0/opentracing-api-0.33.0.jar:/home/runner/.m2/repository/io/opentracing/opentracing-noop/0.33.0/opentracing-noop-0.33.0.jar:/home/runner/.m2/repository/org/yaml/snakeyaml/1.33/snakeyaml-1.33.jar:/home/runner/.m2/repository/org/apache/ozone/hdds-interface-admin/1.4.0-SNAPSHOT/hdds-interface-admin-1.4.0-SNAPSHOT.jar:/home/runner/.m2/repository/junit/junit/4.13.1/junit-4.13.1.jar:/home/runner/.m2/repository/org/hamcrest/hamcrest-core/1.3/hamcrest-core-1.3.jar:/home/runner/.m2/repository/org/junit/jupiter/junit-jupiter-api/5.8.2/junit-jupiter-api-5.8.2.jar:/home/runner/.m2/repository/org/opentest4j/opentest4j/1.2.0/opentest4j-1.2.0.jar:/home/runner/.m2/repository/org/junit/platform/junit-platform-commons/1.8.2/junit-platform-commons-1.8.2.jar:/home/runner/.m2/repository/org/apiguardian/apiguardian-api/1.1.2/apiguardian-api-1.1.2.jar:/home/runner/.m2/repository/org/junit/jupiter/junit-jupiter-params/5.8.2/junit-jupiter-params-5.8.2.jar:/home/runner/.m2/repository/org/junit/jupiter/junit-jupiter-migrationsupport/5.8.2/junit-jupiter-migrationsupport-5.8.2.jar:/home/runner/.m2/repository/org/junit/jupiter/junit-jupiter-engine/5.8.2/junit-jupiter-engine-5.8.2.jar:/home/runner/.m2/repository/org/junit/platform/junit-platform-engine/1.8.2/junit-platform-engine-1.8.2.jar:/home/runner/.m2/repository/org/junit/vintage/junit-vintage-engine/5.8.2/junit-vintage-engine-5.8.2.jar:/home/runner/.m2/repository/org/junit/platform/junit-platform-launcher/1.8.2/junit-platform-launcher-1.8.2.jar:/home/runner/.m2/repository/org/mockito/mockito-core/2.28.2/mockito-core-2.28.2.jar:/home/runner/.m2/repository/net/bytebuddy/byte-buddy/1.9.10/byte-buddy-1.9.10.jar:/home/runner/.m2/repository/net/bytebuddy/byte-buddy-agent/1.9.10/byte-buddy-agent-1.9.10.jar:/home/runner/.m2/repository/org/objenesis/objenesis/1.0/objenesis-1.0.jar:/home/runner/.m2/repository/org/apache/hadoop/hadoop-kms/3.3.4/hadoop-kms-3.3.4.jar:/home/runner/.m2/repository/org/apache/hadoop/hadoop-auth/3.3.4/hadoop-auth-3.3.4.jar:/home/runner/.m2/repository/com/nimbusds/nimbus-jose-jwt/9.8.1/nimbus-jose-jwt-9.8.1.jar:/home/runner/.m2/repository/com/github/stephenc/jcip/jcip-annotations/1.0-1/jcip-annotations-1.0-1.jar:/home/runner/.m2/repository/net/minidev/json-smart/2.4.7/json-smart-2.4.7.jar:/home/runner/.m2/repository/net/minidev/accessors-smart/2.4.7/accessors-smart-2.4.7.jar:/home/runner/.m2/repository/org/ow2/asm/asm/5.0.4/asm-5.0.4.jar:/home/runner/.m2/repository/org/apache/zookeeper/zookeeper/3.5.6/zookeeper-3.5.6.jar:/home/runner/.m2/repository/org/apache/zookeeper/zookeeper-jute/3.5.6/zookeeper-jute-3.5.6.jar:/home/runner/.m2/repository/org/apache/yetus/audience-annotations/0.5.0/audience-annotations-0.5.0.jar:/home/runner/.m2/repository/org/apache/curator/curator-framework/4.2.0/curator-framework-4.2.0.jar:/home/runner/.m2/repository/org/apache/hadoop/thirdparty/hadoop-shaded-guava/1.1.1/hadoop-shaded-guava-1.1.1.jar:/home/runner/.m2/repository/com/sun/jersey/jersey-core/1.19/jersey-core-1.19.jar:/home/runner/.m2/repository/javax/ws/rs/jsr311-api/1.1.1/jsr311-api-1.1.1.jar:/home/runner/.m2/repository/com/sun/jersey/jersey-server/1.19/jersey-server-1.19.jar:/home/runner/.m2/repository/javax/servlet/javax.servlet-api/3.1.0/javax.servlet-api-3.1.0.jar:/home/runner/.m2/repository/org/eclipse/jetty/jetty-server/9.4.49.v20220914/jetty-server-9.4.49.v20220914.jar:/home/runner/.m2/repository/org/eclipse/jetty/jetty-http/9.4.49.v20220914/jetty-http-9.4.49.v20220914.jar:/home/runner/.m2/repository/org/eclipse/jetty/jetty-io/9.4.49.v20220914/jetty-io-9.4.49.v20220914.jar:/home/runner/.m2/repository/org/eclipse/jetty/jetty-webapp/9.4.49.v20220914/jetty-webapp-9.4.49.v20220914.jar:/home/runner/.m2/repository/org/eclipse/jetty/jetty-xml/9.4.49.v20220914/jetty-xml-9.4.49.v20220914.jar:/home/runner/.m2/repository/org/apache/hadoop/hadoop-common/3.3.4/hadoop-common-3.3.4.jar:/home/runner/.m2/repository/org/apache/commons/commons-math3/3.1.1/commons-math3-3.1.1.jar:/home/runner/.m2/repository/commons-net/commons-net/3.9.0/commons-net-3.9.0.jar:/home/runner/.m2/repository/com/sun/jersey/jersey-servlet/1.19/jersey-servlet-1.19.jar:/home/runner/.m2/repository/com/sun/jersey/jersey-json/1.19/jersey-json-1.19.jar:/home/runner/.m2/repository/org/codehaus/jettison/jettison/1.1/jettison-1.1.jar:/home/runner/.m2/repository/com/sun/xml/bind/jaxb-impl/2.2.3-1/jaxb-impl-2.2.3-1.jar:/home/runner/.m2/repository/org/codehaus/jackson/jackson-xc/1.9.2/jackson-xc-1.9.2.jar:/home/runner/.m2/repository/com/google/re2j/re2j/1.1/re2j-1.1.jar:/home/runner/.m2/repository/com/jcraft/jsch/0.1.54/jsch-0.1.54.jar:/home/runner/.m2/repository/org/apache/curator/curator-client/4.2.0/curator-client-4.2.0.jar:/home/runner/.m2/repository/org/apache/curator/curator-recipes/4.2.0/curator-recipes-4.2.0.jar:/home/runner/.m2/repository/org/apache/kerby/kerb-core/1.0.1/kerb-core-1.0.1.jar:/home/runner/.m2/repository/org/apache/kerby/kerby-pkix/1.0.1/kerby-pkix-1.0.1.jar:/home/runner/.m2/repository/org/apache/kerby/kerby-asn1/1.0.1/kerby-asn1-1.0.1.jar:/home/runner/.m2/repository/org/apache/kerby/kerby-util/1.0.1/kerby-util-1.0.1.jar:/home/runner/.m2/repository/dnsjava/dnsjava/2.1.7/dnsjava-2.1.7.jar:/home/runner/.m2/repository/org/xerial/snappy/snappy-java/1.1.8.2/snappy-java-1.1.8.2.jar:/home/runner/.m2/repository/org/eclipse/jetty/jetty-util/9.4.49.v20220914/jetty-util-9.4.49.v20220914.jar:/home/runner/.m2/repository/com/fasterxml/jackson/core/jackson-databind/2.13.4.2/jackson-databind-2.13.4.2.jar:/home/runner/.m2/repository/org/apache/hadoop/hadoop-kms/3.3.4/hadoop-kms-3.3.4-tests.jar:/home/runner/.m2/repository/org/apache/ozone/hdds-server-scm/1.4.0-SNAPSHOT/hdds-server-scm-1.4.0-SNAPSHOT-tests.jar:/home/runner/.m2/repository/org/apache/ozone/hdds-container-service/1.4.0-SNAPSHOT/hdds-container-service-1.4.0-SNAPSHOT-tests.jar:/home/runner/.m2/repository/com/github/luben/zstd-jni/1.5.2-5/zstd-jni-1.5.2-5.jar:/home/runner/.m2/repository/commons-codec/commons-codec/1.15/commons-codec-1.15.jar:/home/runner/.m2/repository/io/netty/netty-codec/4.1.86.Final/netty-codec-4.1.86.Final.jar:/home/runner/.m2/repository/io/netty/netty-handler/4.1.86.Final/netty-handler-4.1.86.Final.jar:/home/runner/.m2/repository/org/apache/ozone/hdds-hadoop-dependency-test/1.4.0-SNAPSHOT/hdds-hadoop-dependency-test-1.4.0-SNAPSHOT.jar:/home/runner/.m2/repository/org/apache/hadoop/hadoop-common/3.3.4/hadoop-common-3.3.4-tests.jar:/home/runner/.m2/repository/org/apache/hadoop/hadoop-hdfs/3.3.4/hadoop-hdfs-3.3.4-tests.jar:/home/runner/.m2/repository/org/assertj/assertj-core/3.12.2/assertj-core-3.12.2.jar:/home/runner/.m2/repository/org/apache/hadoop/hadoop-distcp/3.3.4/hadoop-distcp-3.3.4.jar:/home/runner/.m2/repository/org/apache/hadoop/hadoop-mapreduce-client-jobclient/3.3.4/hadoop-mapreduce-client-jobclient-3.3.4.jar:/home/runner/.m2/repository/org/apache/hadoop/hadoop-mapreduce-client-common/3.3.4/hadoop-mapreduce-client-common-3.3.4.jar:/home/runner/.m2/repository/org/apache/hadoop/hadoop-yarn-common/3.3.4/hadoop-yarn-common-3.3.4.jar:/home/runner/.m2/repository/org/apache/hadoop/hadoop-yarn-api/3.3.4/hadoop-yarn-api-3.3.4.jar:/home/runner/.m2/repository/com/sun/jersey/contribs/jersey-guice/1.19/jersey-guice-1.19.jar:/home/runner/.m2/repository/com/fasterxml/jackson/jaxrs/jackson-jaxrs-json-provider/2.13.4/jackson-jaxrs-json-provider-2.13.4.jar:/home/runner/.m2/repository/com/fasterxml/jackson/jaxrs/jackson-jaxrs-base/2.13.4/jackson-jaxrs-base-2.13.4.jar:/home/runner/.m2/repository/org/apache/hadoop/hadoop-yarn-client/3.3.4/hadoop-yarn-client-3.3.4.jar:/home/runner/.m2/repository/org/eclipse/jetty/websocket/websocket-client/9.4.43.v20210629/websocket-client-9.4.43.v20210629.jar:/home/runner/.m2/repository/org/eclipse/jetty/websocket/websocket-common/9.4.43.v20210629/websocket-common-9.4.43.v20210629.jar:/home/runner/.m2/repository/org/eclipse/jetty/websocket/websocket-api/9.4.43.v20210629/websocket-api-9.4.43.v20210629.jar:/home/runner/.m2/repository/org/jline/jline/3.9.0/jline-3.9.0.jar:/home/runner/.m2/repository/org/apache/hadoop/hadoop-mapreduce-client-core/3.3.4/hadoop-mapreduce-client-core-3.3.4.jar:/home/runner/.m2/repository/org/apache/avro/avro/1.7.7/avro-1.7.7.jar:/home/runner/.m2/repository/org/codehaus/jackson/jackson-core-asl/1.9.13/jackson-core-asl-1.9.13.jar:/home/runner/.m2/repository/org/codehaus/jackson/jackson-mapper-asl/1.9.13/jackson-mapper-asl-1.9.13.jar:/home/runner/.m2/repository/com/thoughtworks/paranamer/paranamer/2.3/paranamer-2.3.jar:/home/runner/.m2/repository/org/apache/hadoop/hadoop-annotations/3.3.4/hadoop-annotations-3.3.4.jar:/usr/lib/jvm/temurin-8-jdk-amd64/jre/../lib/tools.jar:/home/runner/.m2/repository/io/netty/netty/3.10.6.Final/netty-3.10.6.Final.jar:/home/runner/.m2/repository/org/apache/hadoop/hadoop-distcp/3.3.4/hadoop-distcp-3.3.4-tests.jar:/home/runner/.m2/repository/org/slf4j/jul-to-slf4j/1.7.36/jul-to-slf4j-1.7.36.jar:/home/runner/.m2/repository/org/apache/ratis/ratis-common/2.4.2-8b8bdda-SNAPSHOT/ratis-common-2.4.2-8b8bdda-SNAPSHOT.jar:/home/runner/.m2/repository/org/apache/ratis/ratis-thirdparty-misc/1.0.3/ratis-thirdparty-misc-1.0.3.jar:/home/runner/.m2/repository/org/apache/ratis/ratis-proto/2.4.2-8b8bdda-SNAPSHOT/ratis-proto-2.4.2-8b8bdda-SNAPSHOT.jar:"/>
    <property name="sun.cpu.endian" value="little"/>
    <property name="user.home" value="/home/runner"/>
    <property name="user.language" value="en"/>
    <property name="java.specification.vendor" value="Oracle Corporation"/>
    <property name="java.home" value="/usr/lib/jvm/temurin-8-jdk-amd64/jre"/>
    <property name="java.security.krb5.conf" value="/home/runner/work/ozone/ozone/hadoop-ozone/integration-test/target/test-classes/krb5.conf"/>
    <property name="basedir" value="/home/runner/work/ozone/ozone/hadoop-ozone/integration-test"/>
    <property name="file.separator" value="/"/>
    <property name="line.separator" value="&#10;"/>
    <property name="java.vm.specification.vendor" value="Oracle Corporation"/>
    <property name="java.specification.name" value="Java Platform API Specification"/>
    <property name="java.awt.graphicsenv" value="sun.awt.X11GraphicsEnvironment"/>
    <property name="skip.installnpx" value="true"/>
    <property name="surefire.real.class.path" value="/home/runner/work/ozone/ozone/hadoop-ozone/integration-test/target/surefire/surefirebooter2604133750918791444.jar:/home/runner/.m2/repository/org/jacoco/org.jacoco.agent/0.8.5/org.jacoco.agent-0.8.5-runtime.jar"/>
    <property name="hadoop.log.dir" value="/home/runner/work/ozone/ozone/hadoop-ozone/integration-test/target/log"/>
    <property name="sun.boot.class.path" value="/usr/lib/jvm/temurin-8-jdk-amd64/jre/lib/resources.jar:/usr/lib/jvm/temurin-8-jdk-amd64/jre/lib/rt.jar:/usr/lib/jvm/temurin-8-jdk-amd64/jre/lib/sunrsasign.jar:/usr/lib/jvm/temurin-8-jdk-amd64/jre/lib/jsse.jar:/usr/lib/jvm/temurin-8-jdk-amd64/jre/lib/jce.jar:/usr/lib/jvm/temurin-8-jdk-amd64/jre/lib/charsets.jar:/usr/lib/jvm/temurin-8-jdk-amd64/jre/lib/jfr.jar:/usr/lib/jvm/temurin-8-jdk-amd64/jre/classes"/>
    <property name="sun.management.compiler" value="HotSpot 64-Bit Tiered Compilers"/>
    <property name="skip.npx" value="true"/>
    <property name="java.runtime.version" value="1.8.0_352-b08"/>
    <property name="java.net.preferIPv4Stack" value="true"/>
    <property name="user.name" value="runner"/>
    <property name="path.separator" value=":"/>
    <property name="java.security.egd" value="file:///dev/urandom"/>
    <property name="os.version" value="5.15.0-1031-azure"/>
    <property name="java.endorsed.dirs" value="/usr/lib/jvm/temurin-8-jdk-amd64/jre/lib/endorsed"/>
    <property name="java.runtime.name" value="OpenJDK Runtime Environment"/>
    <property name="file.encoding" value="UTF-8"/>
    <property name="java.vm.name" value="OpenJDK 64-Bit Server VM"/>
    <property name="test.build.webapps" value=""/>
    <property name="localRepository" value="/home/runner/.m2/repository"/>
    <property name="jetty.git.hash" value="4231a3b2e4cb8548a412a789936d640a97b1aa0a"/>
    <property name="java.vendor.url.bug" value="https://github.com/adoptium/adoptium-support/issues"/>
    <property name="java.io.tmpdir" value="/tmp"/>
    <property name="require.test.libhadoop" value=""/>
    <property name="java.version" value="1.8.0_352"/>
    <property name="user.dir" value="/home/runner/work/ozone/ozone/hadoop-ozone/integration-test"/>
    <property name="os.arch" value="amd64"/>
    <property name="java.vm.specification.name" value="Java Virtual Machine Specification"/>
    <property name="test.build.classes" value="/home/runner/work/ozone/ozone/hadoop-ozone/integration-test/target/test-classes"/>
    <property name="java.awt.printerjob" value="sun.print.PSPrinterJob"/>
    <property name="sun.os.patch.level" value="unknown"/>
    <property name="org.apache.ratis.thirdparty.io.netty.allocator.useCacheForAllThreads" value="false"/>
    <property name="hadoop.tmp.dir" value="/home/runner/work/ozone/ozone/hadoop-ozone/integration-test/target/tmp"/>
    <property name="java.library.path" value="/usr/java/packages/lib/amd64:/usr/lib64:/lib64:/lib:/usr/lib"/>
    <property name="java.vm.info" value="mixed mode"/>
    <property name="java.vendor" value="Temurin"/>
    <property name="java.vm.version" value="25.352-b08"/>
    <property name="java.specification.maintenance.version" value="4"/>
    <property name="java.ext.dirs" value="/usr/lib/jvm/temurin-8-jdk-amd64/jre/lib/ext:/usr/java/packages/lib/ext"/>
    <property name="sun.io.unicode.encoding" value="UnicodeLittle"/>
    <property name="java.class.version" value="52.0"/>
  </properties>
  <testcase name="testFlushChunk" classname="org.apache.hadoop.ozone.client.rpc.TestBlockOutputStream" time="0.983">
    <system-out><![CDATA[2023-01-19 21:15:54,320 [main] WARN  server.ServerUtils (ServerUtils.java:getScmDbDir(148)) - ozone.scm.db.dirs is not configured. We recommend adding this setting. Falling back to ozone.metadata.dirs instead.
2023-01-19 21:15:54,422 [main] WARN  server.ServerUtils (ServerUtils.java:getScmDbDir(148)) - ozone.scm.db.dirs is not configured. We recommend adding this setting. Falling back to ozone.metadata.dirs instead.
2023-01-19 21:15:54,427 [main] INFO  ha.SCMHANodeDetails (SCMHANodeDetails.java:loadSCMHAConfig(209)) - ServiceID for StorageContainerManager is null
2023-01-19 21:15:54,445 [main] WARN  ha.SCMHANodeDetails (SCMHANodeDetails.java:validateSCMHAConfig(182)) - Invalid config ozone.scm.ratis.enable. The config was not specified, but the default value true conflicts with the expected config value false. Falling back to the expected value. Current State of SCM: SCM is running in Non-HA without Ratis Ratis SCM -> Non Ratis SCM or Non HA SCM -> HA SCM is not supported
2023-01-19 21:15:54,446 [main] INFO  ha.SCMHANodeDetails (SCMHANodeDetails.java:loadSCMHAConfig(214)) - ozone.scm.default.service.id is not defined, falling back to ozone.scm.service.ids to find serviceID for StorageContainerManager if it is HA enabled cluster
2023-01-19 21:15:54,958 [main] WARN  utils.HAUtils (HAUtils.java:getMetaDir(342)) - ozone.scm.db.dirs is not configured. We recommend adding this setting. Falling back to ozone.metadata.dirs instead.
2023-01-19 21:15:55,089 [main] WARN  db.DBStoreBuilder (DBStoreBuilder.java:applyDBDefinition(144)) - ozone.scm.db.dirs is not configured. We recommend adding this setting. Falling back to ozone.metadata.dirs instead.
2023-01-19 21:15:55,388 [main] INFO  net.NodeSchemaLoader (NodeSchemaLoader.java:loadSchemaFromFile(129)) - Loading schema from [jar:file:/home/runner/.m2/repository/org/apache/ozone/hdds-common/1.4.0-SNAPSHOT/hdds-common-1.4.0-SNAPSHOT.jar!/network-topology-default.xml]
2023-01-19 21:15:55,390 [main] INFO  net.NodeSchemaLoader (NodeSchemaLoader.java:loadSchema(176)) - Loading network topology layer schema file
2023-01-19 21:15:55,435 [main] INFO  metrics.MetricRegistries (MetricRegistriesLoader.java:load(64)) - Loaded MetricRegistries class org.apache.ratis.metrics.impl.MetricRegistriesImpl
2023-01-19 21:15:55,440 [main] INFO  upgrade.AbstractLayoutVersionManager (AbstractLayoutVersionManager.java:init(83)) - Initializing Layout version manager with metadata layout = DATANODE_SCHEMA_V3 (version = 4), software layout = DATANODE_SCHEMA_V3 (version = 4)
2023-01-19 21:15:55,688 [main] INFO  reflections.Reflections (Reflections.java:scan(232)) - Reflections took 160 ms to scan 7 urls, producing 146 keys and 350 values 
2023-01-19 21:15:55,805 [main] INFO  ha.SequenceIdGenerator (SequenceIdGenerator.java:upgradeToSequenceId(349)) - upgrade localId to 111677748019200000
2023-01-19 21:15:55,805 [main] INFO  ha.SequenceIdGenerator (SequenceIdGenerator.java:upgradeToSequenceId(359)) - upgrade delTxnId to 0
2023-01-19 21:15:55,815 [main] INFO  ha.SequenceIdGenerator (SequenceIdGenerator.java:upgradeToSequenceId(376)) - upgrade containerId to 0
2023-01-19 21:15:55,818 [main] INFO  ha.SequenceIdGenerator (SequenceIdGenerator.java:<init>(220)) - Init the HA SequenceIdGenerator.
2023-01-19 21:15:55,882 [main] INFO  node.SCMNodeManager (SCMNodeManager.java:<init>(149)) - Entering startup safe mode.
2023-01-19 21:15:55,957 [main] INFO  algorithms.ContainerPlacementPolicyFactory (ContainerPlacementPolicyFactory.java:getPolicyInternal(86)) - Create container placement policy of type org.apache.hadoop.hdds.scm.container.placement.algorithms.SCMContainerPlacementRandom
2023-01-19 21:15:55,960 [main] INFO  algorithms.ContainerPlacementPolicyFactory (ContainerPlacementPolicyFactory.java:getPolicyInternal(86)) - Create container placement policy of type org.apache.hadoop.hdds.scm.container.placement.algorithms.SCMContainerPlacementRackScatter
2023-01-19 21:15:55,983 [main] INFO  pipeline.PipelineStateManagerImpl (PipelineStateManagerImpl.java:initialize(78)) - No pipeline exists in current db
2023-01-19 21:15:56,018 [main] INFO  algorithms.LeaderChoosePolicyFactory (LeaderChoosePolicyFactory.java:getPolicy(57)) - Create leader choose policy of type org.apache.hadoop.hdds.scm.pipeline.leader.choose.algorithms.MinLeaderCountChoosePolicy
2023-01-19 21:15:56,019 [main] INFO  algorithms.ContainerPlacementPolicyFactory (ContainerPlacementPolicyFactory.java:getPolicyInternal(86)) - Create container placement policy of type org.apache.hadoop.hdds.scm.container.placement.algorithms.SCMContainerPlacementRackScatter
2023-01-19 21:15:56,025 [main] INFO  ha.SCMServiceManager (SCMServiceManager.java:register(42)) - Registering service BackgroundPipelineCreator.
2023-01-19 21:15:56,025 [main] INFO  pipeline.BackgroundPipelineCreator (BackgroundPipelineCreator.java:start(124)) - Starting RatisPipelineUtilsThread.
2023-01-19 21:15:56,029 [main] INFO  BackgroundPipelineScrubber (BackgroundSCMService.java:start(68)) - Starting BackgroundPipelineScrubber Service.
2023-01-19 21:15:56,030 [main] INFO  ha.SCMServiceManager (SCMServiceManager.java:register(42)) - Registering service BackgroundPipelineScrubber.
2023-01-19 21:15:56,042 [main] INFO  ExpiredContainerReplicaOpScrubber (BackgroundSCMService.java:start(68)) - Starting ExpiredContainerReplicaOpScrubber Service.
2023-01-19 21:15:56,042 [main] INFO  ha.SCMServiceManager (SCMServiceManager.java:register(42)) - Registering service ExpiredContainerReplicaOpScrubber.
2023-01-19 21:15:56,090 [main] INFO  algorithms.PipelineChoosePolicyFactory (PipelineChoosePolicyFactory.java:createPipelineChoosePolicyFromClass(73)) - Create pipeline choose policy of type org.apache.hadoop.hdds.scm.pipeline.choose.algorithms.RandomPipelineChoosePolicy
2023-01-19 21:15:56,108 [main] INFO  ha.SCMServiceManager (SCMServiceManager.java:register(42)) - Registering service SCMBlockDeletingService.
2023-01-19 21:15:56,167 [main] INFO  replication.ReplicationManager (ReplicationManager.java:start(261)) - Starting Replication Monitor Thread.
2023-01-19 21:15:56,174 [main] INFO  ha.SCMServiceManager (SCMServiceManager.java:register(42)) - Registering service ReplicationManager.
2023-01-19 21:15:56,179 [ReplicationMonitor] INFO  replication.ReplicationManager (ReplicationManager.java:processAll(330)) - Replication Manager is not ready to run until 3000ms after safemode exit
2023-01-19 21:15:56,187 [main] INFO  safemode.ContainerSafeModeRule (ContainerSafeModeRule.java:<init>(89)) - containers with one replica threshold count 0
2023-01-19 21:15:56,191 [main] INFO  safemode.HealthyPipelineSafeModeRule (HealthyPipelineSafeModeRule.java:initializeRule(169)) - Total pipeline count is 0, healthy pipeline threshold count is 1
2023-01-19 21:15:56,194 [main] INFO  safemode.OneReplicaPipelineSafeModeRule (OneReplicaPipelineSafeModeRule.java:initializeRule(180)) - Total pipeline count is 0, pipeline's with at least one datanode reported threshold count is 0
2023-01-19 21:15:56,523 [main] INFO  audit.AuditLogger (AuditLogger.java:refreshDebugCmdSet(126)) - Refresh DebugCmdSet for SCMAudit to [].
2023-01-19 21:15:56,555 [main] INFO  ipc.CallQueueManager (CallQueueManager.java:<init>(90)) - Using callQueue: class java.util.concurrent.LinkedBlockingQueue, queueCapacity: 2000, scheduler: class org.apache.hadoop.ipc.DefaultRpcScheduler, ipcBackoff: false.
2023-01-19 21:15:56,595 [Socket Reader #1 for port 0] INFO  ipc.Server (Server.java:run(1273)) - Starting Socket Reader #1 for port 0
2023-01-19 21:15:56,665 [Listener at 0.0.0.0/39377] INFO  audit.AuditLogger (AuditLogger.java:refreshDebugCmdSet(126)) - Refresh DebugCmdSet for SCMAudit to [].
2023-01-19 21:15:56,672 [Listener at 0.0.0.0/39377] INFO  ipc.CallQueueManager (CallQueueManager.java:<init>(90)) - Using callQueue: class java.util.concurrent.LinkedBlockingQueue, queueCapacity: 2000, scheduler: class org.apache.hadoop.ipc.DefaultRpcScheduler, ipcBackoff: false.
2023-01-19 21:15:56,674 [Socket Reader #1 for port 0] INFO  ipc.Server (Server.java:run(1273)) - Starting Socket Reader #1 for port 0
2023-01-19 21:15:56,710 [Listener at 0.0.0.0/41855] INFO  audit.AuditLogger (AuditLogger.java:refreshDebugCmdSet(126)) - Refresh DebugCmdSet for SCMAudit to [].
2023-01-19 21:15:56,722 [Listener at 0.0.0.0/41855] INFO  ipc.CallQueueManager (CallQueueManager.java:<init>(90)) - Using callQueue: class java.util.concurrent.LinkedBlockingQueue, queueCapacity: 2000, scheduler: class org.apache.hadoop.ipc.DefaultRpcScheduler, ipcBackoff: false.
2023-01-19 21:15:56,724 [Socket Reader #1 for port 0] INFO  ipc.Server (Server.java:run(1273)) - Starting Socket Reader #1 for port 0
2023-01-19 21:15:56,788 [Listener at 0.0.0.0/33839] INFO  ha.SCMServiceManager (SCMServiceManager.java:register(42)) - Registering service ContainerBalancer.
2023-01-19 21:15:56,791 [Listener at 0.0.0.0/33839] INFO  server.StorageContainerManager (StorageContainerManager.java:<init>(401)) - 
Container Balancer status:
Key                            Value
Running                        true
Container Balancer Configuration values:
Key                                                Value
Threshold                                          10
Max Datanodes to Involve per Iteration(percent)    20
Max Size to Move per Iteration                     500GB
Max Size Entering Target per Iteration             26GB
Max Size Leaving Source per Iteration              26GB

2023-01-19 21:15:56,791 [Listener at 0.0.0.0/33839] INFO  ha.SCMContext (SCMContext.java:updateSafeModeStatus(228)) - Update SafeModeStatus from SafeModeStatus{safeModeStatus=true, preCheckPassed=false} to SafeModeStatus{safeModeStatus=true, preCheckPassed=false}.
2023-01-19 21:15:56,796 [Listener at 0.0.0.0/33839] INFO  server.StorageContainerManager (StorageContainerManager.java:start(1440)) - StorageContainerLocationProtocol RPC server is listening at /0.0.0.0:33839
2023-01-19 21:15:56,869 [Listener at 0.0.0.0/33839] WARN  impl.MetricsConfig (MetricsConfig.java:loadFirst(136)) - Cannot locate configuration: tried hadoop-metrics2-storagecontainermanager.properties,hadoop-metrics2.properties
2023-01-19 21:15:56,884 [Listener at 0.0.0.0/33839] INFO  impl.MetricsSystemImpl (MetricsSystemImpl.java:startTimer(378)) - Scheduled Metric snapshot period at 10 second(s).
2023-01-19 21:15:56,884 [Listener at 0.0.0.0/33839] INFO  impl.MetricsSystemImpl (MetricsSystemImpl.java:start(191)) - StorageContainerManager metrics system started
2023-01-19 21:15:57,214 [Listener at 0.0.0.0/33839] INFO  server.SCMClientProtocolServer (SCMClientProtocolServer.java:start(170)) - RPC server for Client  is listening at /0.0.0.0:33839
2023-01-19 21:15:57,215 [IPC Server Responder] INFO  ipc.Server (Server.java:run(1512)) - IPC Server Responder: starting
2023-01-19 21:15:57,216 [IPC Server listener on 0] INFO  ipc.Server (Server.java:run(1352)) - IPC Server listener on 0: starting
2023-01-19 21:15:57,221 [Listener at 0.0.0.0/33839] INFO  server.StorageContainerManager (StorageContainerManager.java:start(1454)) - ScmBlockLocationProtocol RPC server is listening at /0.0.0.0:41855
2023-01-19 21:15:57,221 [Listener at 0.0.0.0/33839] INFO  server.SCMBlockProtocolServer (SCMBlockProtocolServer.java:start(152)) - RPC server for Block Protocol is listening at /0.0.0.0:41855
2023-01-19 21:15:57,222 [IPC Server Responder] INFO  ipc.Server (Server.java:run(1512)) - IPC Server Responder: starting
2023-01-19 21:15:57,222 [IPC Server listener on 0] INFO  ipc.Server (Server.java:run(1352)) - IPC Server listener on 0: starting
2023-01-19 21:15:57,225 [Listener at 0.0.0.0/33839] INFO  server.SCMDatanodeProtocolServer (SCMDatanodeProtocolServer.java:start(194)) - ScmDatanodeProtocol RPC server for DataNodes is listening at /0.0.0.0:39377
2023-01-19 21:15:57,226 [IPC Server Responder] INFO  ipc.Server (Server.java:run(1512)) - IPC Server Responder: starting
2023-01-19 21:15:57,226 [IPC Server listener on 0] INFO  ipc.Server (Server.java:run(1352)) - IPC Server listener on 0: starting
2023-01-19 21:15:57,247 [org.apache.hadoop.util.JvmPauseMonitor$Monitor@138d978e] INFO  util.JvmPauseMonitor (JvmPauseMonitor.java:run(188)) - Starting JVM pause monitor
2023-01-19 21:15:57,261 [Listener at 0.0.0.0/33839] INFO  http.BaseHttpServer (BaseHttpServer.java:newHttpServer2BuilderForOzone(213)) - Starting Web-server for scm at: http://0.0.0.0:0
2023-01-19 21:15:57,261 [Listener at 0.0.0.0/33839] INFO  http.BaseHttpServer (BaseHttpServer.java:<init>(108)) - Hadoop Security Enabled: false Ozone Security Enabled: false Ozone HTTP Security Enabled: false 
2023-01-19 21:15:57,291 [Listener at 0.0.0.0/33839] INFO  util.log (Log.java:initialized(170)) - Logging initialized @4319ms to org.eclipse.jetty.util.log.Slf4jLog
2023-01-19 21:15:57,404 [Listener at 0.0.0.0/33839] WARN  server.AuthenticationFilter (AuthenticationFilter.java:constructSecretProvider(240)) - Unable to initialize FileSignerSecretProvider, falling back to use random secrets. Reason: Could not read signature secret file: /home/runner/hadoop-http-auth-signature-secret
2023-01-19 21:15:57,413 [Listener at 0.0.0.0/33839] WARN  http.HttpRequestLog (HttpRequestLog.java:getRequestLog(103)) - Jetty request log can only be enabled using Log4j
2023-01-19 21:15:57,420 [Listener at 0.0.0.0/33839] INFO  http.HttpServer2 (HttpServer2.java:addGlobalFilter(1031)) - Added global filter 'safety' (class=org.apache.hadoop.hdds.server.http.HttpServer2$QuotingInputFilter)
2023-01-19 21:15:57,424 [Listener at 0.0.0.0/33839] INFO  http.HttpServer2 (HttpServer2.java:addFilter(1007)) - Added filter static_user_filter (class=org.apache.hadoop.http.lib.StaticUserWebFilter$StaticUserFilter) to context scm
2023-01-19 21:15:57,424 [Listener at 0.0.0.0/33839] INFO  http.HttpServer2 (HttpServer2.java:addFilter(1015)) - Added filter static_user_filter (class=org.apache.hadoop.http.lib.StaticUserWebFilter$StaticUserFilter) to context static
2023-01-19 21:15:57,425 [Listener at 0.0.0.0/33839] INFO  http.HttpServer2 (HttpServer2.java:addFilter(1015)) - Added filter static_user_filter (class=org.apache.hadoop.http.lib.StaticUserWebFilter$StaticUserFilter) to context logs
2023-01-19 21:15:57,467 [Listener at 0.0.0.0/33839] INFO  http.HttpServer2 (HttpServer2.java:bindListener(1250)) - Jetty bound to port 34781
2023-01-19 21:15:57,468 [Listener at 0.0.0.0/33839] INFO  server.Server (Server.java:doStart(375)) - jetty-9.4.49.v20220914; built: 2022-09-14T01:07:36.601Z; git: 4231a3b2e4cb8548a412a789936d640a97b1aa0a; jvm 1.8.0_352-b08
2023-01-19 21:15:57,501 [Listener at 0.0.0.0/33839] INFO  server.session (DefaultSessionIdManager.java:doStart(334)) - DefaultSessionIdManager workerName=node0
2023-01-19 21:15:57,502 [Listener at 0.0.0.0/33839] INFO  server.session (DefaultSessionIdManager.java:doStart(339)) - No SessionScavenger set, using defaults
2023-01-19 21:15:57,504 [Listener at 0.0.0.0/33839] INFO  server.session (HouseKeeper.java:startScavenging(132)) - node0 Scavenging every 600000ms
2023-01-19 21:15:57,518 [Listener at 0.0.0.0/33839] INFO  handler.ContextHandler (ContextHandler.java:doStart(921)) - Started o.e.j.s.ServletContextHandler@2003edf{logs,/logs,file:///home/runner/work/ozone/ozone/hadoop-ozone/integration-test/target/log,AVAILABLE}
2023-01-19 21:15:57,519 [Listener at 0.0.0.0/33839] INFO  handler.ContextHandler (ContextHandler.java:doStart(921)) - Started o.e.j.s.ServletContextHandler@5cd6a827{static,/static,file:///home/runner/work/ozone/ozone/hadoop-ozone/integration-test/target/test-classes/webapps/static,AVAILABLE}
2023-01-19 21:15:57,565 [Listener at 0.0.0.0/33839] INFO  handler.ContextHandler (ContextHandler.java:doStart(921)) - Started o.e.j.w.WebAppContext@307e9c02{scm,/,file:///home/runner/work/ozone/ozone/hadoop-ozone/integration-test/target/test-classes/webapps/scm/,AVAILABLE}{file:/home/runner/work/ozone/ozone/hadoop-ozone/integration-test/target/test-classes/webapps/scm}
2023-01-19 21:15:57,576 [Listener at 0.0.0.0/33839] INFO  server.AbstractConnector (AbstractConnector.java:doStart(333)) - Started ServerConnector@6f9b5f01{HTTP/1.1, (http/1.1)}{0.0.0.0:34781}
2023-01-19 21:15:57,576 [Listener at 0.0.0.0/33839] INFO  server.Server (Server.java:doStart(415)) - Started @4604ms
2023-01-19 21:15:57,579 [Listener at 0.0.0.0/33839] INFO  impl.MetricsSinkAdapter (MetricsSinkAdapter.java:start(204)) - Sink prometheus started
2023-01-19 21:15:57,580 [Listener at 0.0.0.0/33839] INFO  impl.MetricsSystemImpl (MetricsSystemImpl.java:registerSink(305)) - Registered sink prometheus
2023-01-19 21:15:57,581 [Listener at 0.0.0.0/33839] INFO  http.BaseHttpServer (BaseHttpServer.java:updateConnectorAddress(333)) - HTTP server of scm listening at http://0.0.0.0:34781
2023-01-19 21:15:57,584 [Listener at 0.0.0.0/33839] WARN  server.ServerUtils (ServerUtils.java:getDBPath(225)) - ozone.om.db.dirs is not configured. We recommend adding this setting. Falling back to ozone.metadata.dirs instead.
2023-01-19 21:15:57,645 [Listener at 0.0.0.0/33839] INFO  audit.AuditLogger (AuditLogger.java:refreshDebugCmdSet(126)) - Refresh DebugCmdSet for OMAudit to [].
2023-01-19 21:15:57,751 [Listener at 0.0.0.0/33839] INFO  ha.OMHANodeDetails (OMHANodeDetails.java:loadOMHAConfig(115)) - ozone.om.internal.service.id is not defined, falling back to ozone.om.service.ids to find serviceID for OzoneManager if it is HA enabled cluster
2023-01-19 21:15:57,754 [Listener at 0.0.0.0/33839] INFO  ha.OMHANodeDetails (OMHANodeDetails.java:loadOMHAConfig(226)) - Configuration does not have ozone.om.address set. Falling back to the default OM address /127.0.0.1:0
2023-01-19 21:15:57,755 [Listener at 0.0.0.0/33839] INFO  ha.OMHANodeDetails (OMHANodeDetails.java:getOMNodeDetailsForNonHA(254)) - OM Service ID is not set. Setting it to the default ID: omServiceIdDefault
2023-01-19 21:15:57,755 [Listener at 0.0.0.0/33839] INFO  ha.OMHANodeDetails (OMHANodeDetails.java:getOMNodeDetailsForNonHA(261)) - OM Node ID is not set. Setting it to the default ID: om1
2023-01-19 21:15:57,759 [Listener at 0.0.0.0/33839] WARN  server.ServerUtils (ServerUtils.java:getDBPath(225)) - ozone.om.db.dirs is not configured. We recommend adding this setting. Falling back to ozone.metadata.dirs instead.
2023-01-19 21:15:57,763 [Listener at 0.0.0.0/33839] INFO  upgrade.AbstractLayoutVersionManager (AbstractLayoutVersionManager.java:init(83)) - Initializing Layout version manager with metadata layout = MULTITENANCY_SCHEMA (version = 3), software layout = MULTITENANCY_SCHEMA (version = 3)
2023-01-19 21:15:57,844 [Listener at 0.0.0.0/33839] INFO  reflections.Reflections (Reflections.java:scan(232)) - Reflections took 75 ms to scan 2 urls, producing 155 keys and 428 values [using 2 cores]
2023-01-19 21:15:57,854 [Listener at 0.0.0.0/33839] INFO  upgrade.OMLayoutVersionManager (OMLayoutVersionManager.java:lambda$0(115)) - Skipping Upgrade Action MockOmUpgradeAction since it has been finalized.
2023-01-19 21:15:57,855 [Listener at 0.0.0.0/33839] WARN  server.ServerUtils (ServerUtils.java:getDBPath(225)) - ozone.om.db.dirs is not configured. We recommend adding this setting. Falling back to ozone.metadata.dirs instead.
2023-01-19 21:15:58,031 [Listener at 0.0.0.0/33839] INFO  proxy.SCMBlockLocationFailoverProxyProvider (SCMBlockLocationFailoverProxyProvider.java:<init>(114)) - Created block location fail-over proxy with 1 nodes: [nodeId=scmNodeId,nodeAddress=/0.0.0.0:41855]
2023-01-19 21:15:58,068 [Listener at 0.0.0.0/33839] INFO  proxy.SCMBlockLocationFailoverProxyProvider (SCMBlockLocationFailoverProxyProvider.java:<init>(114)) - Created block location fail-over proxy with 1 nodes: [nodeId=scmNodeId,nodeAddress=/0.0.0.0:41855]
2023-01-19 21:15:58,280 [Listener at 0.0.0.0/33839] WARN  server.ServerUtils (ServerUtils.java:getDBPath(225)) - ozone.om.db.dirs is not configured. We recommend adding this setting. Falling back to ozone.metadata.dirs instead.
2023-01-19 21:15:58,286 [Listener at 0.0.0.0/33839] INFO  codec.OmKeyInfoCodec (OmKeyInfoCodec.java:<init>(49)) - OmKeyInfoCodec ignorePipeline = true
2023-01-19 21:15:58,287 [Listener at 0.0.0.0/33839] INFO  codec.RepeatedOmKeyInfoCodec (RepeatedOmKeyInfoCodec.java:<init>(41)) - RepeatedOmKeyInfoCodec ignorePipeline = true
2023-01-19 21:15:58,459 [Listener at 0.0.0.0/33839] INFO  om.OzoneManager (OzoneManager.java:instantiateServices(718)) - S3 Multi-Tenancy is disabled
2023-01-19 21:15:58,555 [Listener at 0.0.0.0/33839] INFO  om.OzoneManager (OzoneManager.java:addS3GVolumeToDB(4310)) - Created Volume s3v With Owner runner required for S3Gateway operations.
2023-01-19 21:15:58,612 [Listener at 0.0.0.0/33839] WARN  server.ServerUtils (ServerUtils.java:getDefaultRatisDirectory(237)) - Storage directory for Ratis is not configured. It is a good idea to map this to an SSD disk. Falling back to ozone.metadata.dirs
2023-01-19 21:15:58,613 [Listener at 0.0.0.0/33839] WARN  utils.OzoneManagerRatisUtils (OzoneManagerRatisUtils.java:getOMRatisSnapshotDirectory(431)) - ozone.om.ratis.snapshot.dir is not configured. Falling back to ozone.metadata.dirs config
2023-01-19 21:15:58,636 [Listener at 0.0.0.0/33839] WARN  server.ServerUtils (ServerUtils.java:getDefaultRatisDirectory(237)) - Storage directory for Ratis is not configured. It is a good idea to map this to an SSD disk. Falling back to ozone.metadata.dirs
2023-01-19 21:15:58,670 [Listener at 0.0.0.0/33839] INFO  ratis.OzoneManagerRatisServer (OzoneManagerRatisServer.java:<init>(160)) - Instantiating OM Ratis server with groupID: omServiceIdDefault and peers: localhost:9872
2023-01-19 21:15:58,680 [Listener at 0.0.0.0/33839] INFO  ratis.OzoneManagerStateMachine (OzoneManagerStateMachine.java:loadSnapshotInfoFromDB(636)) - LastAppliedIndex is set from TransactionInfo from OM DB as (t:0, i:~)
2023-01-19 21:15:58,736 [Listener at 0.0.0.0/33839] INFO  server.RaftServer (ConfUtils.java:logGet(46)) - raft.rpc.type = GRPC (default)
2023-01-19 21:15:58,840 [Listener at 0.0.0.0/33839] INFO  grpc.GrpcConfigKeys (ConfUtils.java:logFallback(53)) - raft.grpc.admin.host = null (fallback to raft.grpc.server.host)
2023-01-19 21:15:58,841 [Listener at 0.0.0.0/33839] INFO  grpc.GrpcConfigKeys (ConfUtils.java:logFallback(53)) - raft.grpc.admin.port = 9872 (fallback to raft.grpc.server.port)
2023-01-19 21:15:58,842 [Listener at 0.0.0.0/33839] INFO  grpc.GrpcConfigKeys (ConfUtils.java:logFallback(53)) - raft.grpc.client.host = null (fallback to raft.grpc.server.host)
2023-01-19 21:15:58,842 [Listener at 0.0.0.0/33839] INFO  grpc.GrpcConfigKeys (ConfUtils.java:logFallback(53)) - raft.grpc.client.port = 9872 (fallback to raft.grpc.server.port)
2023-01-19 21:15:58,842 [Listener at 0.0.0.0/33839] INFO  grpc.GrpcConfigKeys (ConfUtils.java:logGet(46)) - raft.grpc.server.host = null (default)
2023-01-19 21:15:58,842 [Listener at 0.0.0.0/33839] INFO  grpc.GrpcConfigKeys (ConfUtils.java:logGet(46)) - raft.grpc.server.port = 9872 (custom)
2023-01-19 21:15:58,843 [Listener at 0.0.0.0/33839] INFO  server.GrpcService (ConfUtils.java:logGet(46)) - raft.grpc.message.size.max = 33554432 (custom)
2023-01-19 21:15:58,844 [Listener at 0.0.0.0/33839] INFO  server.RaftServerConfigKeys (ConfUtils.java:logGet(46)) - raft.server.log.appender.buffer.byte-limit = 33554432 (custom)
2023-01-19 21:15:58,845 [Listener at 0.0.0.0/33839] INFO  server.GrpcService (ConfUtils.java:logGet(46)) - raft.grpc.flow.control.window = 1MB (=1048576) (default)
2023-01-19 21:15:58,845 [Listener at 0.0.0.0/33839] INFO  server.RaftServerConfigKeys (ConfUtils.java:logGet(46)) - raft.server.rpc.request.timeout = 3000ms (default)
2023-01-19 21:15:58,861 [Listener at 0.0.0.0/33839] INFO  grpc.GrpcConfigKeys (ConfUtils.java:logGet(46)) - raft.grpc.server.heartbeat.channel = true (default)
2023-01-19 21:15:58,864 [Listener at 0.0.0.0/33839] INFO  grpc.GrpcConfigKeys (ConfUtils.java:logGet(46)) - raft.grpc.server.async.request.thread.pool.cached = true (default)
2023-01-19 21:15:58,865 [Listener at 0.0.0.0/33839] INFO  grpc.GrpcConfigKeys (ConfUtils.java:logGet(46)) - raft.grpc.server.async.request.thread.pool.size = 32 (default)
2023-01-19 21:15:59,164 [Listener at 0.0.0.0/33839] INFO  impl.DataStreamServerImpl (ConfUtils.java:logGet(46)) - raft.datastream.type = NETTY (custom)
2023-01-19 21:15:59,186 [Listener at 0.0.0.0/33839] INFO  server.RaftServerConfigKeys (ConfUtils.java:logGet(46)) - raft.server.data-stream.async.request.thread.pool.cached = false (default)
2023-01-19 21:15:59,186 [Listener at 0.0.0.0/33839] INFO  server.RaftServerConfigKeys (ConfUtils.java:logGet(46)) - raft.server.data-stream.async.request.thread.pool.size = 32 (default)
2023-01-19 21:15:59,187 [Listener at 0.0.0.0/33839] INFO  server.RaftServerConfigKeys (ConfUtils.java:logGet(46)) - raft.server.data-stream.async.write.thread.pool.size = 16 (default)
2023-01-19 21:15:59,188 [Listener at 0.0.0.0/33839] INFO  server.RaftServerConfigKeys (ConfUtils.java:logGet(46)) - raft.server.data-stream.client.pool.size = 10 (default)
2023-01-19 21:15:59,192 [Listener at 0.0.0.0/33839] INFO  netty.NettyConfigKeys$DataStream (ConfUtils.java:logGet(46)) - raft.netty.dataStream.server.use-epoll = false (default)
2023-01-19 21:15:59,192 [Listener at 0.0.0.0/33839] INFO  netty.NettyConfigKeys$DataStream (ConfUtils.java:logGet(46)) - raft.netty.dataStream.server.boss-group.size = 0 (default)
2023-01-19 21:15:59,199 [Listener at 0.0.0.0/33839] INFO  netty.NettyConfigKeys$DataStream (ConfUtils.java:logGet(46)) - raft.netty.dataStream.server.worker-group.size = 0 (default)
2023-01-19 21:15:59,200 [Listener at 0.0.0.0/33839] INFO  netty.NettyConfigKeys$DataStream (ConfUtils.java:logGet(46)) - raft.netty.dataStream.server.tls.conf = null (default)
2023-01-19 21:15:59,202 [Listener at 0.0.0.0/33839] INFO  netty.NettyConfigKeys$DataStream (ConfUtils.java:logGet(46)) - raft.netty.dataStream.host = null (default)
2023-01-19 21:15:59,202 [Listener at 0.0.0.0/33839] INFO  netty.NettyConfigKeys$DataStream (ConfUtils.java:logGet(46)) - raft.netty.dataStream.port = 0 (default)
2023-01-19 21:15:59,260 [Listener at 0.0.0.0/33839] INFO  server.RaftServerConfigKeys (ConfUtils.java:logGet(46)) - raft.server.threadpool.proxy.cached = true (default)
2023-01-19 21:15:59,261 [Listener at 0.0.0.0/33839] INFO  server.RaftServerConfigKeys (ConfUtils.java:logGet(46)) - raft.server.threadpool.proxy.size = 0 (default)
2023-01-19 21:15:59,261 [Listener at 0.0.0.0/33839] INFO  server.RaftServerConfigKeys (ConfUtils.java:logGet(46)) - raft.server.rpc.slowness.timeout = 120s (custom)
2023-01-19 21:15:59,261 [Listener at 0.0.0.0/33839] INFO  server.RaftServerConfigKeys (ConfUtils.java:logGet(46)) - raft.server.leaderelection.leader.step-down.wait-time = 10s (default)
2023-01-19 21:15:59,265 [Listener at 0.0.0.0/33839] INFO  server.RaftServerConfigKeys (ConfUtils.java:logGet(46)) - raft.server.storage.dir = [/home/runner/work/ozone/ozone/hadoop-ozone/integration-test/target/test-dir/MiniOzoneClusterImpl-df602b49-e577-4a1d-ae00-d896acd8b89d/ozone-meta/ratis] (custom)
2023-01-19 21:15:59,286 [Listener at 0.0.0.0/33839] INFO  server.RaftServer (RaftServerProxy.java:addNew(96)) - om1: addNew group-C5BA1605619E:[om1|rpc:localhost:9872|priority:0|startupRole:FOLLOWER] returns group-C5BA1605619E:java.util.concurrent.CompletableFuture@36a74c18[Not completed]
2023-01-19 21:15:59,286 [Listener at 0.0.0.0/33839] INFO  om.OzoneManager (OzoneManager.java:initializeRatisServer(2002)) - OzoneManager Ratis server initialized at port 9872
2023-01-19 21:15:59,286 [om1-NettyServerStreamRpc-bossGroup--thread1] INFO  logging.LoggingHandler (AbstractInternalLogger.java:log(148)) - [id: 0x04275ab9] REGISTERED
2023-01-19 21:15:59,313 [om1-NettyServerStreamRpc-bossGroup--thread1] INFO  logging.LoggingHandler (AbstractInternalLogger.java:log(148)) - [id: 0x04275ab9] BIND: 0.0.0.0/0.0.0.0:0
2023-01-19 21:15:59,317 [om1-NettyServerStreamRpc-bossGroup--thread1] INFO  logging.LoggingHandler (AbstractInternalLogger.java:log(148)) - [id: 0x04275ab9, L:/0:0:0:0:0:0:0:0:35987] ACTIVE
2023-01-19 21:15:59,326 [Listener at 0.0.0.0/33839] INFO  om.OzoneManager (OzoneManager.java:getRpcServer(1125)) - Creating RPC Server
2023-01-19 21:15:59,334 [pool-54-thread-1] INFO  server.RaftServer$Division (RaftServerImpl.java:<init>(195)) - om1: new RaftServerImpl for group-C5BA1605619E:[om1|rpc:localhost:9872|priority:0|startupRole:FOLLOWER] with OzoneManagerStateMachine:uninitialized
2023-01-19 21:15:59,342 [pool-54-thread-1] INFO  server.RaftServerConfigKeys (ConfUtils.java:logGet(46)) - raft.server.rpc.timeout.min = 1s (custom)
2023-01-19 21:15:59,345 [pool-54-thread-1] INFO  server.RaftServerConfigKeys (ConfUtils.java:logGet(46)) - raft.server.rpc.timeout.max = 1200ms (custom)
2023-01-19 21:15:59,345 [pool-54-thread-1] INFO  server.RaftServerConfigKeys (ConfUtils.java:logGet(46)) - raft.server.rpc.sleep.time = 25ms (default)
2023-01-19 21:15:59,345 [pool-54-thread-1] INFO  server.RaftServerConfigKeys (ConfUtils.java:logGet(46)) - raft.server.rpc.slowness.timeout = 120s (custom)
2023-01-19 21:15:59,345 [pool-54-thread-1] INFO  server.RaftServerConfigKeys (ConfUtils.java:logGet(46)) - raft.server.leaderelection.leader.step-down.wait-time = 10s (default)
2023-01-19 21:15:59,345 [pool-54-thread-1] INFO  server.RaftServerConfigKeys (ConfUtils.java:logGet(46)) - raft.server.sleep.deviation.threshold = 300ms (default)
2023-01-19 21:15:59,362 [pool-54-thread-1] INFO  server.RaftServer$Division (ServerState.java:<init>(118)) - om1@group-C5BA1605619E: ConfigurationManager, init=-1: peers:[om1|rpc:localhost:9872|priority:0|startupRole:FOLLOWER]|listeners:[], old=null, confs=<EMPTY_MAP>
2023-01-19 21:15:59,362 [pool-54-thread-1] INFO  server.RaftServerConfigKeys (ConfUtils.java:logGet(46)) - raft.server.storage.dir = [/home/runner/work/ozone/ozone/hadoop-ozone/integration-test/target/test-dir/MiniOzoneClusterImpl-df602b49-e577-4a1d-ae00-d896acd8b89d/ozone-meta/ratis] (custom)
2023-01-19 21:15:59,375 [pool-54-thread-1] INFO  server.RaftServerConfigKeys (ConfUtils.java:logGet(46)) - raft.server.log.corruption.policy = EXCEPTION (default)
2023-01-19 21:15:59,375 [pool-54-thread-1] INFO  server.RaftServerConfigKeys (ConfUtils.java:logGet(46)) - raft.server.storage.free-space.min = 0MB (=0) (default)
2023-01-19 21:15:59,406 [pool-54-thread-1] INFO  server.RaftServerConfigKeys (ConfUtils.java:logGet(46)) - raft.server.notification.no-leader.timeout = 120s (custom)
2023-01-19 21:15:59,408 [pool-54-thread-1] INFO  server.RaftServerConfigKeys (ConfUtils.java:logGet(46)) - raft.server.retrycache.expirytime = 300s (custom)
2023-01-19 21:15:59,409 [pool-54-thread-1] INFO  server.RaftServerConfigKeys (ConfUtils.java:logGet(46)) - raft.server.retrycache.statistics.expirytime = 100μs (default)
2023-01-19 21:15:59,551 [pool-54-thread-1] INFO  server.RaftServerConfigKeys (ConfUtils.java:logGet(46)) - raft.server.log.appender.install.snapshot.enabled = false (custom)
2023-01-19 21:15:59,551 [pool-54-thread-1] INFO  server.RaftServerConfigKeys (ConfUtils.java:logGet(46)) - raft.server.threadpool.server.cached = true (default)
2023-01-19 21:15:59,552 [pool-54-thread-1] INFO  server.RaftServerConfigKeys (ConfUtils.java:logGet(46)) - raft.server.threadpool.server.size = 0 (default)
2023-01-19 21:15:59,552 [pool-54-thread-1] INFO  server.RaftServerConfigKeys (ConfUtils.java:logGet(46)) - raft.server.threadpool.client.cached = true (default)
2023-01-19 21:15:59,553 [pool-54-thread-1] INFO  server.RaftServerConfigKeys (ConfUtils.java:logGet(46)) - raft.server.threadpool.client.size = 0 (default)
2023-01-19 21:16:00,111 [Listener at 0.0.0.0/33839] INFO  reflections.Reflections (Reflections.java:scan(232)) - Reflections took 726 ms to scan 19 urls, producing 67 keys and 4583 values [using 2 cores]
2023-01-19 21:16:00,425 [Listener at 0.0.0.0/33839] INFO  ipc.CallQueueManager (CallQueueManager.java:<init>(90)) - Using callQueue: class java.util.concurrent.LinkedBlockingQueue, queueCapacity: 2000, scheduler: class org.apache.hadoop.ipc.DefaultRpcScheduler, ipcBackoff: false.
2023-01-19 21:16:00,426 [Socket Reader #1 for port 0] INFO  ipc.Server (Server.java:run(1273)) - Starting Socket Reader #1 for port 0
2023-01-19 21:16:00,458 [Listener at 127.0.0.1/34089] INFO  impl.MetricsSystemImpl (MetricsSystemImpl.java:init(158)) - OzoneManager metrics system started (again)
2023-01-19 21:16:00,474 [Listener at 127.0.0.1/34089] INFO  om.OzoneManager (OzoneManager.java:start(1509)) - OzoneManager RPC server is listening at localhost/127.0.0.1:34089
2023-01-19 21:16:00,474 [Listener at 127.0.0.1/34089] INFO  ratis.OzoneManagerRatisServer (OzoneManagerRatisServer.java:start(555)) - Starting OzoneManagerRatisServer om1 at port 9872
2023-01-19 21:16:00,477 [om1-impl-thread1] INFO  storage.RaftStorageDirectory (RaftStorageDirectoryImpl.java:analyzeStorage(137)) - The storage directory /home/runner/work/ozone/ozone/hadoop-ozone/integration-test/target/test-dir/MiniOzoneClusterImpl-df602b49-e577-4a1d-ae00-d896acd8b89d/ozone-meta/ratis/bf265839-605b-3f16-9796-c5ba1605619e does not exist. Creating ...
2023-01-19 21:16:00,482 [om1-impl-thread1] INFO  storage.RaftStorageDirectory (RaftStorageDirectoryImpl.java:tryLock(231)) - Lock on /home/runner/work/ozone/ozone/hadoop-ozone/integration-test/target/test-dir/MiniOzoneClusterImpl-df602b49-e577-4a1d-ae00-d896acd8b89d/ozone-meta/ratis/bf265839-605b-3f16-9796-c5ba1605619e/in_use.lock acquired by nodename 36349@fv-az353-460
2023-01-19 21:16:00,488 [om1-impl-thread1] INFO  storage.RaftStorage (RaftStorageImpl.java:format(96)) - Storage directory /home/runner/work/ozone/ozone/hadoop-ozone/integration-test/target/test-dir/MiniOzoneClusterImpl-df602b49-e577-4a1d-ae00-d896acd8b89d/ozone-meta/ratis/bf265839-605b-3f16-9796-c5ba1605619e has been successfully formatted.
2023-01-19 21:16:00,490 [om1-impl-thread1] INFO  server.RaftServerConfigKeys (ConfUtils.java:logGet(46)) - raft.server.log.use.memory = false (default)
2023-01-19 21:16:00,498 [om1-impl-thread1] INFO  server.RaftServerConfigKeys (ConfUtils.java:logGet(46)) - raft.server.log.purge.gap = 1000000 (custom)
2023-01-19 21:16:00,498 [om1-impl-thread1] INFO  server.RaftServerConfigKeys (ConfUtils.java:logGet(46)) - raft.server.log.appender.buffer.byte-limit = 33554432 (custom)
2023-01-19 21:16:00,501 [om1-impl-thread1] INFO  server.RaftServerConfigKeys (ConfUtils.java:logGet(46)) - raft.server.log.statemachine.data.read.timeout = 1000ms (default)
2023-01-19 21:16:00,502 [om1-impl-thread1] INFO  server.RaftServerConfigKeys (ConfUtils.java:logGet(46)) - raft.server.log.purge.preservation.log.num = 0 (default)
2023-01-19 21:16:00,504 [om1-impl-thread1] INFO  server.RaftServerConfigKeys (ConfUtils.java:logGet(46)) - raft.server.log.segment.size.max = 4194304 (custom)
2023-01-19 21:16:00,510 [om1-impl-thread1] INFO  server.RaftServerConfigKeys (ConfUtils.java:logGet(46)) - raft.server.log.segment.cache.num.max = 2 (custom)
2023-01-19 21:16:00,510 [om1-impl-thread1] INFO  server.RaftServerConfigKeys (ConfUtils.java:logGet(46)) - raft.server.log.segment.cache.size.max = 200MB (=209715200) (default)
2023-01-19 21:16:00,517 [om1-impl-thread1] INFO  segmented.SegmentedRaftLogWorker (SegmentedRaftLogWorker.java:<init>(189)) - new om1@group-C5BA1605619E-SegmentedRaftLogWorker for RaftStorageImpl:Storage Directory /home/runner/work/ozone/ozone/hadoop-ozone/integration-test/target/test-dir/MiniOzoneClusterImpl-df602b49-e577-4a1d-ae00-d896acd8b89d/ozone-meta/ratis/bf265839-605b-3f16-9796-c5ba1605619e
2023-01-19 21:16:00,517 [om1-impl-thread1] INFO  server.RaftServerConfigKeys (ConfUtils.java:logGet(46)) - raft.server.log.queue.byte-limit = 64MB (=67108864) (default)
2023-01-19 21:16:00,518 [om1-impl-thread1] INFO  server.RaftServerConfigKeys (ConfUtils.java:logGet(46)) - raft.server.log.queue.element-limit = 4096 (default)
2023-01-19 21:16:00,519 [om1-impl-thread1] INFO  server.RaftServerConfigKeys (ConfUtils.java:logGet(46)) - raft.server.log.segment.size.max = 4194304 (custom)
2023-01-19 21:16:00,519 [om1-impl-thread1] INFO  server.RaftServerConfigKeys (ConfUtils.java:logGet(46)) - raft.server.log.preallocated.size = 4194304 (custom)
2023-01-19 21:16:00,520 [om1-impl-thread1] INFO  server.RaftServerConfigKeys (ConfUtils.java:logGet(46)) - raft.server.log.force.sync.num = 128 (default)
2023-01-19 21:16:00,521 [om1-impl-thread1] INFO  server.RaftServerConfigKeys (ConfUtils.java:logGet(46)) - raft.server.log.statemachine.data.sync = true (default)
2023-01-19 21:16:00,521 [om1-impl-thread1] INFO  server.RaftServerConfigKeys (ConfUtils.java:logGet(46)) - raft.server.log.statemachine.data.sync.timeout = 10s (default)
2023-01-19 21:16:00,521 [om1-impl-thread1] INFO  server.RaftServerConfigKeys (ConfUtils.java:logGet(46)) - raft.server.log.statemachine.data.sync.timeout.retry = -1 (default)
2023-01-19 21:16:00,530 [om1-impl-thread1] INFO  server.RaftServerConfigKeys (ConfUtils.java:logGet(46)) - raft.server.log.write.buffer.size = 64KB (=65536) (default)
2023-01-19 21:16:00,530 [om1-impl-thread1] INFO  server.RaftServerConfigKeys (ConfUtils.java:logGet(46)) - raft.server.log.appender.buffer.byte-limit = 33554432 (custom)
2023-01-19 21:16:00,536 [om1-impl-thread1] INFO  server.RaftServerConfigKeys (ConfUtils.java:logGet(46)) - raft.server.log.unsafe-flush.enabled = false (default)
2023-01-19 21:16:00,536 [om1-impl-thread1] INFO  server.RaftServerConfigKeys (ConfUtils.java:logGet(46)) - raft.server.log.async-flush.enabled = false (default)
2023-01-19 21:16:00,537 [om1-impl-thread1] INFO  server.RaftServerConfigKeys (ConfUtils.java:logGet(46)) - raft.server.log.statemachine.data.caching.enabled = false (default)
2023-01-19 21:16:00,544 [om1-impl-thread1] INFO  segmented.SegmentedRaftLogWorker (SegmentedRaftLogWorker.java:lambda$new$0(135)) - om1@group-C5BA1605619E-SegmentedRaftLogWorker: flushIndex: setUnconditionally 0 -> -1
2023-01-19 21:16:00,544 [om1-impl-thread1] INFO  segmented.SegmentedRaftLogWorker (SegmentedRaftLogWorker.java:lambda$new$0(135)) - om1@group-C5BA1605619E-SegmentedRaftLogWorker: safeCacheEvictIndex: setUnconditionally 0 -> -1
2023-01-19 21:16:00,546 [om1-impl-thread1] INFO  server.RaftServer$Division (RaftServerImpl.java:start(334)) - om1@group-C5BA1605619E: start as a follower, conf=-1: peers:[om1|rpc:localhost:9872|priority:0|startupRole:FOLLOWER]|listeners:[], old=null
2023-01-19 21:16:00,550 [om1-impl-thread1] INFO  server.RaftServer$Division (RaftServerImpl.java:setRole(321)) - om1@group-C5BA1605619E: changes role from      null to FOLLOWER at term 0 for startAsFollower
2023-01-19 21:16:00,553 [om1-impl-thread1] INFO  impl.RoleInfo (RoleInfo.java:updateAndGet(139)) - om1: start om1@group-C5BA1605619E-FollowerState
2023-01-19 21:16:00,553 [om1@group-C5BA1605619E-FollowerState] INFO  server.RaftServerConfigKeys (ConfUtils.java:logFallback(53)) - raft.server.rpc.first-election.timeout.min = 1s (fallback to raft.server.rpc.timeout.min)
2023-01-19 21:16:00,553 [om1@group-C5BA1605619E-FollowerState] INFO  server.RaftServerConfigKeys (ConfUtils.java:logFallback(53)) - raft.server.rpc.first-election.timeout.max = 1200ms (fallback to raft.server.rpc.timeout.max)
2023-01-19 21:16:00,554 [om1-impl-thread1] INFO  util.JmxRegister (JmxRegister.java:tryRegister(44)) - Successfully registered JMX Bean with object name Ratis:service=RaftServer,group=group-C5BA1605619E,id=om1
2023-01-19 21:16:00,556 [om1-impl-thread1] INFO  server.RaftServerConfigKeys (ConfUtils.java:logGet(46)) - raft.server.snapshot.auto.trigger.enabled = true (custom)
2023-01-19 21:16:00,556 [om1-impl-thread1] INFO  server.RaftServerConfigKeys (ConfUtils.java:logGet(46)) - raft.server.snapshot.auto.trigger.threshold = 400000 (default)
2023-01-19 21:16:00,557 [om1-impl-thread1] INFO  server.RaftServerConfigKeys (ConfUtils.java:logGet(46)) - raft.server.snapshot.retention.file.num = -1 (default)
2023-01-19 21:16:00,557 [om1-impl-thread1] INFO  server.RaftServerConfigKeys (ConfUtils.java:logGet(46)) - raft.server.log.purge.upto.snapshot.index = true (custom)
2023-01-19 21:16:00,561 [Listener at 127.0.0.1/34089] INFO  server.RaftServer (RaftServerProxy.java:startImpl(393)) - om1: start RPC server
2023-01-19 21:16:00,580 [Listener at 127.0.0.1/34089] INFO  server.GrpcService (GrpcService.java:startImpl(262)) - om1: GrpcService started, listening on 9872
2023-01-19 21:16:00,588 [Listener at 127.0.0.1/34089] INFO  om.OzoneManager (OzoneManager.java:start(1525)) - Version File has different layout version (3) than OM DB (null). That is expected if this OM has never been finalized to a newer layout version.
2023-01-19 21:16:00,589 [JvmPauseMonitor0] INFO  util.JvmPauseMonitor (JvmPauseMonitor.java:run(105)) - JvmPauseMonitor-om1: Started
2023-01-19 21:16:00,622 [Listener at 127.0.0.1/34089] INFO  http.BaseHttpServer (BaseHttpServer.java:newHttpServer2BuilderForOzone(213)) - Starting Web-server for ozoneManager at: http://0.0.0.0:0
2023-01-19 21:16:00,622 [Listener at 127.0.0.1/34089] INFO  http.BaseHttpServer (BaseHttpServer.java:<init>(108)) - Hadoop Security Enabled: false Ozone Security Enabled: false Ozone HTTP Security Enabled: false 
2023-01-19 21:16:00,624 [Listener at 127.0.0.1/34089] WARN  server.AuthenticationFilter (AuthenticationFilter.java:constructSecretProvider(240)) - Unable to initialize FileSignerSecretProvider, falling back to use random secrets. Reason: Could not read signature secret file: /home/runner/hadoop-http-auth-signature-secret
2023-01-19 21:16:00,626 [Listener at 127.0.0.1/34089] WARN  http.HttpRequestLog (HttpRequestLog.java:getRequestLog(103)) - Jetty request log can only be enabled using Log4j
2023-01-19 21:16:00,629 [Listener at 127.0.0.1/34089] INFO  http.HttpServer2 (HttpServer2.java:addGlobalFilter(1031)) - Added global filter 'safety' (class=org.apache.hadoop.hdds.server.http.HttpServer2$QuotingInputFilter)
2023-01-19 21:16:00,630 [Listener at 127.0.0.1/34089] INFO  http.HttpServer2 (HttpServer2.java:addFilter(1007)) - Added filter static_user_filter (class=org.apache.hadoop.http.lib.StaticUserWebFilter$StaticUserFilter) to context ozoneManager
2023-01-19 21:16:00,630 [Listener at 127.0.0.1/34089] INFO  http.HttpServer2 (HttpServer2.java:addFilter(1015)) - Added filter static_user_filter (class=org.apache.hadoop.http.lib.StaticUserWebFilter$StaticUserFilter) to context static
2023-01-19 21:16:00,630 [Listener at 127.0.0.1/34089] INFO  http.HttpServer2 (HttpServer2.java:addFilter(1015)) - Added filter static_user_filter (class=org.apache.hadoop.http.lib.StaticUserWebFilter$StaticUserFilter) to context logs
2023-01-19 21:16:00,634 [Listener at 127.0.0.1/34089] INFO  http.HttpServer2 (HttpServer2.java:bindListener(1250)) - Jetty bound to port 39121
2023-01-19 21:16:00,634 [Listener at 127.0.0.1/34089] INFO  server.Server (Server.java:doStart(375)) - jetty-9.4.49.v20220914; built: 2022-09-14T01:07:36.601Z; git: 4231a3b2e4cb8548a412a789936d640a97b1aa0a; jvm 1.8.0_352-b08
2023-01-19 21:16:00,641 [Listener at 127.0.0.1/34089] INFO  server.session (DefaultSessionIdManager.java:doStart(334)) - DefaultSessionIdManager workerName=node0
2023-01-19 21:16:00,641 [Listener at 127.0.0.1/34089] INFO  server.session (DefaultSessionIdManager.java:doStart(339)) - No SessionScavenger set, using defaults
2023-01-19 21:16:00,641 [Listener at 127.0.0.1/34089] INFO  server.session (HouseKeeper.java:startScavenging(132)) - node0 Scavenging every 600000ms
2023-01-19 21:16:00,642 [Listener at 127.0.0.1/34089] INFO  handler.ContextHandler (ContextHandler.java:doStart(921)) - Started o.e.j.s.ServletContextHandler@5881e498{logs,/logs,file:///home/runner/work/ozone/ozone/hadoop-ozone/integration-test/target/log,AVAILABLE}
2023-01-19 21:16:00,643 [Listener at 127.0.0.1/34089] INFO  handler.ContextHandler (ContextHandler.java:doStart(921)) - Started o.e.j.s.ServletContextHandler@7a67d983{static,/static,file:///home/runner/work/ozone/ozone/hadoop-ozone/integration-test/target/test-classes/webapps/static,AVAILABLE}
2023-01-19 21:16:00,647 [Listener at 127.0.0.1/34089] INFO  handler.ContextHandler (ContextHandler.java:doStart(921)) - Started o.e.j.w.WebAppContext@5f63e1c9{ozoneManager,/,file:///home/runner/work/ozone/ozone/hadoop-ozone/integration-test/target/test-classes/webapps/ozoneManager/,AVAILABLE}{file:/home/runner/work/ozone/ozone/hadoop-ozone/integration-test/target/test-classes/webapps/ozoneManager}
2023-01-19 21:16:00,648 [Listener at 127.0.0.1/34089] INFO  server.AbstractConnector (AbstractConnector.java:doStart(333)) - Started ServerConnector@80fc9d6{HTTP/1.1, (http/1.1)}{0.0.0.0:39121}
2023-01-19 21:16:00,649 [Listener at 127.0.0.1/34089] INFO  server.Server (Server.java:doStart(415)) - Started @7677ms
2023-01-19 21:16:00,649 [Listener at 127.0.0.1/34089] WARN  impl.MetricsSystemImpl (MetricsSystemImpl.java:register(279)) - Sink prometheus already exists!
2023-01-19 21:16:00,649 [Listener at 127.0.0.1/34089] INFO  http.BaseHttpServer (BaseHttpServer.java:updateConnectorAddress(333)) - HTTP server of ozoneManager listening at http://0.0.0.0:39121
2023-01-19 21:16:00,650 [IPC Server Responder] INFO  ipc.Server (Server.java:run(1512)) - IPC Server Responder: starting
2023-01-19 21:16:00,650 [IPC Server listener on 0] INFO  ipc.Server (Server.java:run(1352)) - IPC Server listener on 0: starting
2023-01-19 21:16:00,653 [Listener at 127.0.0.1/34089] INFO  om.OzoneManager (OzoneManager.java:startTrashEmptier(1946)) - Trash Interval set to 0. Files deleted won't move to trash
2023-01-19 21:16:00,656 [org.apache.hadoop.util.JvmPauseMonitor$Monitor@540823d] INFO  util.JvmPauseMonitor (JvmPauseMonitor.java:run(188)) - Starting JVM pause monitor
2023-01-19 21:16:00,810 [Listener at 127.0.0.1/34089] WARN  impl.MetricRegistriesImpl (MetricRegistriesImpl.java:addReporterRegistration(111)) - New reporters are added after registries were created. Some metrics will be missing from the reporter. Please add reporter before adding any new registry.
2023-01-19 21:16:00,810 [Listener at 127.0.0.1/34089] WARN  impl.MetricRegistriesImpl (MetricRegistriesImpl.java:addReporterRegistration(111)) - New reporters are added after registries were created. Some metrics will be missing from the reporter. Please add reporter before adding any new registry.
2023-01-19 21:16:00,810 [Listener at 127.0.0.1/34089] INFO  impl.MetricsSystemImpl (MetricsSystemImpl.java:init(158)) - HddsDatanode metrics system started (again)
2023-01-19 21:16:00,832 [Listener at 127.0.0.1/34089] INFO  ozone.HddsDatanodeService (HddsDatanodeService.java:start(228)) - HddsDatanodeService host:fv-az353-460.tkyx2seitsuu3nmpmouz2httfb.bx.internal.cloudapp.net ip:10.1.0.40
2023-01-19 21:16:00,867 [Listener at 127.0.0.1/34089] INFO  upgrade.AbstractLayoutVersionManager (AbstractLayoutVersionManager.java:init(83)) - Initializing Layout version manager with metadata layout = DATANODE_SCHEMA_V3 (version = 4), software layout = DATANODE_SCHEMA_V3 (version = 4)
2023-01-19 21:16:00,935 [Listener at 127.0.0.1/34089] INFO  reflections.Reflections (Reflections.java:scan(232)) - Reflections took 63 ms to scan 7 urls, producing 146 keys and 350 values 
2023-01-19 21:16:00,943 [Listener at 127.0.0.1/34089] INFO  statemachine.DatanodeStateMachine (DatanodeStateMachine.java:getEndPointTaskThreadPoolSize(248)) - Datanode State Machine Task Thread Pool size 2
2023-01-19 21:16:01,009 [Listener at 127.0.0.1/34089] INFO  volume.HddsVolume (HddsVolume.java:<init>(117)) - Creating HddsVolume: /home/runner/work/ozone/ozone/hadoop-ozone/integration-test/target/test-dir/MiniOzoneClusterImpl-df602b49-e577-4a1d-ae00-d896acd8b89d/datanode-0/data-0/containers/hdds of storage type : DISK capacity : 9223372036854775807
2023-01-19 21:16:01,012 [Listener at 127.0.0.1/34089] INFO  volume.MutableVolumeSet (MutableVolumeSet.java:initializeVolumeSet(174)) - Added Volume : /home/runner/work/ozone/ozone/hadoop-ozone/integration-test/target/test-dir/MiniOzoneClusterImpl-df602b49-e577-4a1d-ae00-d896acd8b89d/datanode-0/data-0/containers/hdds to VolumeSet
2023-01-19 21:16:01,013 [Listener at 127.0.0.1/34089] INFO  volume.ThrottledAsyncChecker (ThrottledAsyncChecker.java:schedule(141)) - Scheduling a check for /home/runner/work/ozone/ozone/hadoop-ozone/integration-test/target/test-dir/MiniOzoneClusterImpl-df602b49-e577-4a1d-ae00-d896acd8b89d/datanode-0/data-0/containers/hdds
2023-01-19 21:16:01,031 [Listener at 127.0.0.1/34089] INFO  volume.StorageVolumeChecker (StorageVolumeChecker.java:checkAllVolumes(202)) - Scheduled health check for volume /home/runner/work/ozone/ozone/hadoop-ozone/integration-test/target/test-dir/MiniOzoneClusterImpl-df602b49-e577-4a1d-ae00-d896acd8b89d/datanode-0/data-0/containers/hdds
2023-01-19 21:16:01,050 [Listener at 127.0.0.1/34089] INFO  volume.MutableVolumeSet (MutableVolumeSet.java:initializeVolumeSet(174)) - Added Volume : /home/runner/work/ozone/ozone/hadoop-ozone/integration-test/target/test-dir/MiniOzoneClusterImpl-df602b49-e577-4a1d-ae00-d896acd8b89d/datanode-0/data/ratis to VolumeSet
2023-01-19 21:16:01,050 [Listener at 127.0.0.1/34089] INFO  volume.ThrottledAsyncChecker (ThrottledAsyncChecker.java:schedule(141)) - Scheduling a check for /home/runner/work/ozone/ozone/hadoop-ozone/integration-test/target/test-dir/MiniOzoneClusterImpl-df602b49-e577-4a1d-ae00-d896acd8b89d/datanode-0/data/ratis
2023-01-19 21:16:01,051 [Listener at 127.0.0.1/34089] INFO  volume.StorageVolumeChecker (StorageVolumeChecker.java:checkAllVolumes(202)) - Scheduled health check for volume /home/runner/work/ozone/ozone/hadoop-ozone/integration-test/target/test-dir/MiniOzoneClusterImpl-df602b49-e577-4a1d-ae00-d896acd8b89d/datanode-0/data/ratis
2023-01-19 21:16:01,076 [Thread-136] INFO  ozoneimpl.ContainerReader (ContainerReader.java:readVolume(175)) - Finish verifying containers on volume /home/runner/work/ozone/ozone/hadoop-ozone/integration-test/target/test-dir/MiniOzoneClusterImpl-df602b49-e577-4a1d-ae00-d896acd8b89d/datanode-0/data-0/containers/hdds
2023-01-19 21:16:01,076 [Listener at 127.0.0.1/34089] INFO  ozoneimpl.OzoneContainer (OzoneContainer.java:buildContainerSet(301)) - Build ContainerSet costs 0s
2023-01-19 21:16:01,127 [Listener at 127.0.0.1/34089] INFO  audit.AuditLogger (AuditLogger.java:refreshDebugCmdSet(126)) - Refresh DebugCmdSet for DNAudit to [].
2023-01-19 21:16:01,161 [Listener at 127.0.0.1/34089] INFO  server.RaftServer (ConfUtils.java:logGet(46)) - raft.rpc.type = GRPC (default)
2023-01-19 21:16:01,162 [Listener at 127.0.0.1/34089] INFO  grpc.GrpcConfigKeys (ConfUtils.java:logFallback(53)) - raft.grpc.admin.host = null (fallback to raft.grpc.server.host)
2023-01-19 21:16:01,162 [Listener at 127.0.0.1/34089] INFO  grpc.GrpcConfigKeys (ConfUtils.java:logGet(46)) - raft.grpc.admin.port = 0 (custom)
2023-01-19 21:16:01,163 [Listener at 127.0.0.1/34089] INFO  grpc.GrpcConfigKeys (ConfUtils.java:logFallback(53)) - raft.grpc.client.host = null (fallback to raft.grpc.server.host)
2023-01-19 21:16:01,166 [Listener at 127.0.0.1/34089] INFO  grpc.GrpcConfigKeys (ConfUtils.java:logGet(46)) - raft.grpc.client.port = 0 (custom)
2023-01-19 21:16:01,170 [Listener at 127.0.0.1/34089] INFO  grpc.GrpcConfigKeys (ConfUtils.java:logGet(46)) - raft.grpc.server.host = null (default)
2023-01-19 21:16:01,170 [Listener at 127.0.0.1/34089] INFO  grpc.GrpcConfigKeys (ConfUtils.java:logGet(46)) - raft.grpc.server.port = 0 (default)
2023-01-19 21:16:01,170 [Listener at 127.0.0.1/34089] INFO  server.GrpcService (ConfUtils.java:logGet(46)) - raft.grpc.message.size.max = 32MB (=33554432) (custom)
2023-01-19 21:16:01,170 [Listener at 127.0.0.1/34089] INFO  server.RaftServerConfigKeys (ConfUtils.java:logGet(46)) - raft.server.log.appender.buffer.byte-limit = 33554432 (custom)
2023-01-19 21:16:01,170 [Listener at 127.0.0.1/34089] INFO  server.GrpcService (ConfUtils.java:logGet(46)) - raft.grpc.flow.control.window = 5MB (=5242880) (custom)
2023-01-19 21:16:01,170 [Listener at 127.0.0.1/34089] INFO  server.RaftServerConfigKeys (ConfUtils.java:logGet(46)) - raft.server.rpc.request.timeout = 60s (custom)
2023-01-19 21:16:01,171 [Listener at 127.0.0.1/34089] INFO  grpc.GrpcConfigKeys (ConfUtils.java:logGet(46)) - raft.grpc.server.heartbeat.channel = true (default)
2023-01-19 21:16:01,171 [Listener at 127.0.0.1/34089] INFO  grpc.GrpcConfigKeys (ConfUtils.java:logGet(46)) - raft.grpc.server.async.request.thread.pool.cached = true (default)
2023-01-19 21:16:01,171 [Listener at 127.0.0.1/34089] INFO  grpc.GrpcConfigKeys (ConfUtils.java:logGet(46)) - raft.grpc.server.async.request.thread.pool.size = 32 (default)
2023-01-19 21:16:01,173 [Listener at 127.0.0.1/34089] INFO  impl.DataStreamServerImpl (ConfUtils.java:logGet(46)) - raft.datastream.type = NETTY (custom)
2023-01-19 21:16:01,173 [Listener at 127.0.0.1/34089] INFO  server.RaftServerConfigKeys (ConfUtils.java:logGet(46)) - raft.server.data-stream.async.request.thread.pool.cached = false (default)
2023-01-19 21:16:01,174 [Listener at 127.0.0.1/34089] INFO  server.RaftServerConfigKeys (ConfUtils.java:logGet(46)) - raft.server.data-stream.async.request.thread.pool.size = 20 (custom)
2023-01-19 21:16:01,174 [Listener at 127.0.0.1/34089] INFO  server.RaftServerConfigKeys (ConfUtils.java:logGet(46)) - raft.server.data-stream.async.write.thread.pool.size = 16 (default)
2023-01-19 21:16:01,174 [Listener at 127.0.0.1/34089] INFO  server.RaftServerConfigKeys (ConfUtils.java:logGet(46)) - raft.server.data-stream.client.pool.size = 10 (default)
2023-01-19 21:16:01,174 [Listener at 127.0.0.1/34089] INFO  netty.NettyConfigKeys$DataStream (ConfUtils.java:logGet(46)) - raft.netty.dataStream.server.use-epoll = false (default)
2023-01-19 21:16:01,174 [Listener at 127.0.0.1/34089] INFO  netty.NettyConfigKeys$DataStream (ConfUtils.java:logGet(46)) - raft.netty.dataStream.server.boss-group.size = 0 (default)
2023-01-19 21:16:01,175 [Listener at 127.0.0.1/34089] INFO  netty.NettyConfigKeys$DataStream (ConfUtils.java:logGet(46)) - raft.netty.dataStream.server.worker-group.size = 0 (default)
2023-01-19 21:16:01,188 [Listener at 127.0.0.1/34089] INFO  netty.NettyConfigKeys$DataStream (ConfUtils.java:logGet(46)) - raft.netty.dataStream.server.tls.conf = null (default)
2023-01-19 21:16:01,188 [Listener at 127.0.0.1/34089] INFO  netty.NettyConfigKeys$DataStream (ConfUtils.java:logGet(46)) - raft.netty.dataStream.host = null (default)
2023-01-19 21:16:01,188 [Listener at 127.0.0.1/34089] INFO  netty.NettyConfigKeys$DataStream (ConfUtils.java:logGet(46)) - raft.netty.dataStream.port = 0 (default)
2023-01-19 21:16:01,188 [Listener at 127.0.0.1/34089] INFO  server.RaftServerConfigKeys (ConfUtils.java:logGet(46)) - raft.server.threadpool.proxy.cached = true (default)
2023-01-19 21:16:01,188 [Listener at 127.0.0.1/34089] INFO  server.RaftServerConfigKeys (ConfUtils.java:logGet(46)) - raft.server.threadpool.proxy.size = 0 (default)
2023-01-19 21:16:01,189 [Listener at 127.0.0.1/34089] INFO  server.RaftServerConfigKeys (ConfUtils.java:logGet(46)) - raft.server.rpc.slowness.timeout = 300s (custom)
2023-01-19 21:16:01,189 [Listener at 127.0.0.1/34089] INFO  server.RaftServerConfigKeys (ConfUtils.java:logGet(46)) - raft.server.leaderelection.leader.step-down.wait-time = 10s (default)
2023-01-19 21:16:01,189 [Listener at 127.0.0.1/34089] INFO  server.RaftServerConfigKeys (ConfUtils.java:logGet(46)) - raft.server.storage.dir = [/home/runner/work/ozone/ozone/hadoop-ozone/integration-test/target/test-dir/MiniOzoneClusterImpl-df602b49-e577-4a1d-ae00-d896acd8b89d/datanode-0/data/ratis] (custom)
2023-01-19 21:16:01,191 [514168bb-47c6-4123-b047-b520965d68f2-NettyServerStreamRpc-bossGroup--thread1] INFO  logging.LoggingHandler (AbstractInternalLogger.java:log(148)) - [id: 0x2ff6b8a8] REGISTERED
2023-01-19 21:16:01,192 [514168bb-47c6-4123-b047-b520965d68f2-NettyServerStreamRpc-bossGroup--thread1] INFO  logging.LoggingHandler (AbstractInternalLogger.java:log(148)) - [id: 0x2ff6b8a8] BIND: 0.0.0.0/0.0.0.0:0
2023-01-19 21:16:01,192 [514168bb-47c6-4123-b047-b520965d68f2-NettyServerStreamRpc-bossGroup--thread1] INFO  logging.LoggingHandler (AbstractInternalLogger.java:log(148)) - [id: 0x2ff6b8a8, L:/0:0:0:0:0:0:0:0:40123] ACTIVE
2023-01-19 21:16:01,212 [Listener at 127.0.0.1/34089] INFO  server.XceiverServerGrpc (XceiverServerGrpc.java:<init>(132)) - GrpcServer channel type EpollServerSocketChannel
2023-01-19 21:16:01,284 [Listener at 127.0.0.1/34089] INFO  http.BaseHttpServer (BaseHttpServer.java:newHttpServer2BuilderForOzone(213)) - Starting Web-server for hddsDatanode at: http://0.0.0.0:0
2023-01-19 21:16:01,284 [Listener at 127.0.0.1/34089] INFO  http.BaseHttpServer (BaseHttpServer.java:<init>(108)) - Hadoop Security Enabled: false Ozone Security Enabled: false Ozone HTTP Security Enabled: false 
2023-01-19 21:16:01,286 [Listener at 127.0.0.1/34089] WARN  server.AuthenticationFilter (AuthenticationFilter.java:constructSecretProvider(240)) - Unable to initialize FileSignerSecretProvider, falling back to use random secrets. Reason: Could not read signature secret file: /home/runner/hadoop-http-auth-signature-secret
2023-01-19 21:16:01,292 [Listener at 127.0.0.1/34089] WARN  http.HttpRequestLog (HttpRequestLog.java:getRequestLog(103)) - Jetty request log can only be enabled using Log4j
2023-01-19 21:16:01,294 [Listener at 127.0.0.1/34089] INFO  http.HttpServer2 (HttpServer2.java:addGlobalFilter(1031)) - Added global filter 'safety' (class=org.apache.hadoop.hdds.server.http.HttpServer2$QuotingInputFilter)
2023-01-19 21:16:01,295 [Listener at 127.0.0.1/34089] INFO  http.HttpServer2 (HttpServer2.java:addFilter(1007)) - Added filter static_user_filter (class=org.apache.hadoop.http.lib.StaticUserWebFilter$StaticUserFilter) to context hddsDatanode
2023-01-19 21:16:01,295 [Listener at 127.0.0.1/34089] INFO  http.HttpServer2 (HttpServer2.java:addFilter(1015)) - Added filter static_user_filter (class=org.apache.hadoop.http.lib.StaticUserWebFilter$StaticUserFilter) to context logs
2023-01-19 21:16:01,295 [Listener at 127.0.0.1/34089] INFO  http.HttpServer2 (HttpServer2.java:addFilter(1015)) - Added filter static_user_filter (class=org.apache.hadoop.http.lib.StaticUserWebFilter$StaticUserFilter) to context static
2023-01-19 21:16:01,298 [Listener at 127.0.0.1/34089] INFO  http.HttpServer2 (HttpServer2.java:bindListener(1250)) - Jetty bound to port 35111
2023-01-19 21:16:01,299 [Listener at 127.0.0.1/34089] INFO  server.Server (Server.java:doStart(375)) - jetty-9.4.49.v20220914; built: 2022-09-14T01:07:36.601Z; git: 4231a3b2e4cb8548a412a789936d640a97b1aa0a; jvm 1.8.0_352-b08
2023-01-19 21:16:01,301 [Listener at 127.0.0.1/34089] INFO  server.session (DefaultSessionIdManager.java:doStart(334)) - DefaultSessionIdManager workerName=node0
2023-01-19 21:16:01,301 [Listener at 127.0.0.1/34089] INFO  server.session (DefaultSessionIdManager.java:doStart(339)) - No SessionScavenger set, using defaults
2023-01-19 21:16:01,301 [Listener at 127.0.0.1/34089] INFO  server.session (HouseKeeper.java:startScavenging(132)) - node0 Scavenging every 600000ms
2023-01-19 21:16:01,302 [Listener at 127.0.0.1/34089] INFO  handler.ContextHandler (ContextHandler.java:doStart(921)) - Started o.e.j.s.ServletContextHandler@486262a4{logs,/logs,file:///home/runner/work/ozone/ozone/hadoop-ozone/integration-test/target/log,AVAILABLE}
2023-01-19 21:16:01,303 [Listener at 127.0.0.1/34089] INFO  handler.ContextHandler (ContextHandler.java:doStart(921)) - Started o.e.j.s.ServletContextHandler@135e3c72{static,/static,jar:file:/home/runner/.m2/repository/org/apache/ozone/hdds-container-service/1.4.0-SNAPSHOT/hdds-container-service-1.4.0-SNAPSHOT.jar!/webapps/static,AVAILABLE}
2023-01-19 21:16:01,513 [Listener at 127.0.0.1/34089] INFO  handler.ContextHandler (ContextHandler.java:doStart(921)) - Started o.e.j.w.WebAppContext@450a353d{hddsDatanode,/,file:///tmp/jetty-0_0_0_0-35111-hdds-container-service-1_4_0-SNAPSHOT_jar-_-any-1478953376581478666/webapp/,AVAILABLE}{jar:file:/home/runner/.m2/repository/org/apache/ozone/hdds-container-service/1.4.0-SNAPSHOT/hdds-container-service-1.4.0-SNAPSHOT.jar!/webapps/hddsDatanode}
2023-01-19 21:16:01,515 [Listener at 127.0.0.1/34089] INFO  server.AbstractConnector (AbstractConnector.java:doStart(333)) - Started ServerConnector@6fcbb7ae{HTTP/1.1, (http/1.1)}{0.0.0.0:35111}
2023-01-19 21:16:01,515 [Listener at 127.0.0.1/34089] INFO  server.Server (Server.java:doStart(415)) - Started @8543ms
2023-01-19 21:16:01,515 [Listener at 127.0.0.1/34089] WARN  impl.MetricsSystemImpl (MetricsSystemImpl.java:register(279)) - Sink prometheus already exists!
2023-01-19 21:16:01,516 [Listener at 127.0.0.1/34089] INFO  http.BaseHttpServer (BaseHttpServer.java:updateConnectorAddress(333)) - HTTP server of hddsDatanode listening at http://0.0.0.0:35111
2023-01-19 21:16:01,517 [Datanode State Machine Daemon Thread] INFO  statemachine.DatanodeStateMachine (DatanodeStateMachine.java:lambda$startDaemon$0(508)) - Ozone container server started.
2023-01-19 21:16:01,521 [Listener at 127.0.0.1/34089] WARN  impl.MetricRegistriesImpl (MetricRegistriesImpl.java:addReporterRegistration(111)) - New reporters are added after registries were created. Some metrics will be missing from the reporter. Please add reporter before adding any new registry.
2023-01-19 21:16:01,522 [Listener at 127.0.0.1/34089] WARN  impl.MetricRegistriesImpl (MetricRegistriesImpl.java:addReporterRegistration(111)) - New reporters are added after registries were created. Some metrics will be missing from the reporter. Please add reporter before adding any new registry.
2023-01-19 21:16:01,522 [Listener at 127.0.0.1/34089] INFO  impl.MetricsSystemImpl (MetricsSystemImpl.java:init(158)) - HddsDatanode metrics system started (again)
2023-01-19 21:16:01,537 [org.apache.hadoop.util.JvmPauseMonitor$Monitor@5d174bd1] INFO  util.JvmPauseMonitor (JvmPauseMonitor.java:run(188)) - Starting JVM pause monitor
2023-01-19 21:16:01,568 [Listener at 127.0.0.1/34089] INFO  ozone.HddsDatanodeService (HddsDatanodeService.java:start(228)) - HddsDatanodeService host:fv-az353-460.tkyx2seitsuu3nmpmouz2httfb.bx.internal.cloudapp.net ip:10.1.0.40
2023-01-19 21:16:01,604 [Listener at 127.0.0.1/34089] INFO  upgrade.AbstractLayoutVersionManager (AbstractLayoutVersionManager.java:init(83)) - Initializing Layout version manager with metadata layout = DATANODE_SCHEMA_V3 (version = 4), software layout = DATANODE_SCHEMA_V3 (version = 4)
2023-01-19 21:16:01,615 [om1@group-C5BA1605619E-FollowerState] INFO  impl.FollowerState (FollowerState.java:run(143)) - om1@group-C5BA1605619E-FollowerState: change to CANDIDATE, lastRpcElapsedTime:1062287987ns, electionTimeout:1056ms
2023-01-19 21:16:01,616 [om1@group-C5BA1605619E-FollowerState] INFO  impl.RoleInfo (RoleInfo.java:shutdownFollowerState(110)) - om1: shutdown om1@group-C5BA1605619E-FollowerState
2023-01-19 21:16:01,626 [om1@group-C5BA1605619E-FollowerState] INFO  server.RaftServer$Division (RaftServerImpl.java:setRole(321)) - om1@group-C5BA1605619E: changes role from  FOLLOWER to CANDIDATE at term 0 for changeToCandidate
2023-01-19 21:16:01,629 [om1@group-C5BA1605619E-FollowerState] INFO  server.RaftServerConfigKeys (ConfUtils.java:logGet(46)) - raft.server.leaderelection.pre-vote = false (custom)
2023-01-19 21:16:01,629 [om1@group-C5BA1605619E-FollowerState] INFO  impl.RoleInfo (RoleInfo.java:updateAndGet(139)) - om1: start om1@group-C5BA1605619E-LeaderElection1
2023-01-19 21:16:01,656 [om1@group-C5BA1605619E-LeaderElection1] INFO  impl.LeaderElection (LeaderElection.java:askForVotes(312)) - om1@group-C5BA1605619E-LeaderElection1 ELECTION round 0: submit vote requests at term 1 for -1: peers:[om1|rpc:localhost:9872|priority:0|startupRole:FOLLOWER]|listeners:[], old=null
2023-01-19 21:16:01,657 [om1@group-C5BA1605619E-LeaderElection1] INFO  impl.LeaderElection (LeaderElection.java:askForVotes(314)) - om1@group-C5BA1605619E-LeaderElection1 ELECTION round 0: result PASSED (term=1)
2023-01-19 21:16:01,658 [om1@group-C5BA1605619E-LeaderElection1] INFO  impl.RoleInfo (RoleInfo.java:shutdownLeaderElection(130)) - om1: shutdown om1@group-C5BA1605619E-LeaderElection1
2023-01-19 21:16:01,658 [om1@group-C5BA1605619E-LeaderElection1] INFO  server.RaftServer$Division (RaftServerImpl.java:setRole(321)) - om1@group-C5BA1605619E: changes role from CANDIDATE to LEADER at term 1 for changeToLeader
2023-01-19 21:16:01,658 [om1@group-C5BA1605619E-LeaderElection1] INFO  server.RaftServer$Division (ServerState.java:setLeader(313)) - om1@group-C5BA1605619E: change Leader from null to om1 at term 1 for becomeLeader, leader elected after 2252ms
2023-01-19 21:16:01,670 [om1@group-C5BA1605619E-LeaderElection1] INFO  server.RaftServerConfigKeys (ConfUtils.java:logGet(46)) - raft.server.staging.catchup.gap = 1000 (default)
2023-01-19 21:16:01,684 [om1@group-C5BA1605619E-LeaderElection1] INFO  server.RaftServerConfigKeys (ConfUtils.java:logGet(46)) - raft.server.write.element-limit = 4096 (default)
2023-01-19 21:16:01,685 [om1@group-C5BA1605619E-LeaderElection1] INFO  server.RaftServerConfigKeys (ConfUtils.java:logGet(46)) - raft.server.write.byte-limit = 64MB (=67108864) (default)
2023-01-19 21:16:01,701 [om1@group-C5BA1605619E-LeaderElection1] INFO  server.RaftServerConfigKeys (ConfUtils.java:logGet(46)) - raft.server.watch.timeout = 10s (default)
2023-01-19 21:16:01,701 [om1@group-C5BA1605619E-LeaderElection1] INFO  server.RaftServerConfigKeys (ConfUtils.java:logGet(46)) - raft.server.watch.timeout.denomination = 1s (default)
2023-01-19 21:16:01,703 [om1@group-C5BA1605619E-LeaderElection1] INFO  server.RaftServerConfigKeys (ConfUtils.java:logGet(46)) - raft.server.watch.element-limit = 65536 (default)
2023-01-19 21:16:01,739 [om1@group-C5BA1605619E-LeaderElection1] INFO  server.RaftServerConfigKeys (ConfUtils.java:logGet(46)) - raft.server.write.element-limit = 4096 (default)
2023-01-19 21:16:01,744 [om1@group-C5BA1605619E-LeaderElection1] INFO  server.RaftServerConfigKeys (ConfUtils.java:logGet(46)) - raft.server.write.follower.gap.ratio.max = -1.0 (default)
2023-01-19 21:16:01,750 [Listener at 127.0.0.1/34089] INFO  reflections.Reflections (Reflections.java:scan(232)) - Reflections took 145 ms to scan 7 urls, producing 146 keys and 350 values 
2023-01-19 21:16:01,751 [Listener at 127.0.0.1/34089] INFO  statemachine.DatanodeStateMachine (DatanodeStateMachine.java:getEndPointTaskThreadPoolSize(248)) - Datanode State Machine Task Thread Pool size 2
2023-01-19 21:16:01,755 [om1@group-C5BA1605619E-LeaderElection1] INFO  impl.RoleInfo (RoleInfo.java:updateAndGet(139)) - om1: start om1@group-C5BA1605619E-LeaderStateImpl
2023-01-19 21:16:01,765 [Listener at 127.0.0.1/34089] INFO  volume.HddsVolume (HddsVolume.java:<init>(117)) - Creating HddsVolume: /home/runner/work/ozone/ozone/hadoop-ozone/integration-test/target/test-dir/MiniOzoneClusterImpl-df602b49-e577-4a1d-ae00-d896acd8b89d/datanode-1/data-0/containers/hdds of storage type : DISK capacity : 9223372036854775807
2023-01-19 21:16:01,765 [Listener at 127.0.0.1/34089] INFO  volume.MutableVolumeSet (MutableVolumeSet.java:initializeVolumeSet(174)) - Added Volume : /home/runner/work/ozone/ozone/hadoop-ozone/integration-test/target/test-dir/MiniOzoneClusterImpl-df602b49-e577-4a1d-ae00-d896acd8b89d/datanode-1/data-0/containers/hdds to VolumeSet
2023-01-19 21:16:01,765 [Listener at 127.0.0.1/34089] INFO  volume.ThrottledAsyncChecker (ThrottledAsyncChecker.java:schedule(141)) - Scheduling a check for /home/runner/work/ozone/ozone/hadoop-ozone/integration-test/target/test-dir/MiniOzoneClusterImpl-df602b49-e577-4a1d-ae00-d896acd8b89d/datanode-1/data-0/containers/hdds
2023-01-19 21:16:01,779 [Listener at 127.0.0.1/34089] INFO  volume.StorageVolumeChecker (StorageVolumeChecker.java:checkAllVolumes(202)) - Scheduled health check for volume /home/runner/work/ozone/ozone/hadoop-ozone/integration-test/target/test-dir/MiniOzoneClusterImpl-df602b49-e577-4a1d-ae00-d896acd8b89d/datanode-1/data-0/containers/hdds
2023-01-19 21:16:01,787 [Datanode State Machine Task Thread - 0] INFO  datanode.InitDatanodeState (InitDatanodeState.java:persistContainerDatanodeDetails(138)) - DatanodeDetails is persisted to /home/runner/work/ozone/ozone/hadoop-ozone/integration-test/target/test-dir/MiniOzoneClusterImpl-df602b49-e577-4a1d-ae00-d896acd8b89d/datanode-0/meta/datanode.id
2023-01-19 21:16:01,791 [Listener at 127.0.0.1/34089] INFO  volume.MutableVolumeSet (MutableVolumeSet.java:initializeVolumeSet(174)) - Added Volume : /home/runner/work/ozone/ozone/hadoop-ozone/integration-test/target/test-dir/MiniOzoneClusterImpl-df602b49-e577-4a1d-ae00-d896acd8b89d/datanode-1/data/ratis to VolumeSet
2023-01-19 21:16:01,791 [Listener at 127.0.0.1/34089] INFO  volume.ThrottledAsyncChecker (ThrottledAsyncChecker.java:schedule(141)) - Scheduling a check for /home/runner/work/ozone/ozone/hadoop-ozone/integration-test/target/test-dir/MiniOzoneClusterImpl-df602b49-e577-4a1d-ae00-d896acd8b89d/datanode-1/data/ratis
2023-01-19 21:16:01,791 [Listener at 127.0.0.1/34089] INFO  volume.StorageVolumeChecker (StorageVolumeChecker.java:checkAllVolumes(202)) - Scheduled health check for volume /home/runner/work/ozone/ozone/hadoop-ozone/integration-test/target/test-dir/MiniOzoneClusterImpl-df602b49-e577-4a1d-ae00-d896acd8b89d/datanode-1/data/ratis
2023-01-19 21:16:01,800 [om1@group-C5BA1605619E-LeaderElection1] INFO  segmented.SegmentedRaftLogWorker (SegmentedRaftLogWorker.java:startLogSegment(452)) - om1@group-C5BA1605619E-SegmentedRaftLogWorker: Starting segment from index:0
2023-01-19 21:16:01,816 [Thread-152] INFO  ozoneimpl.ContainerReader (ContainerReader.java:readVolume(175)) - Finish verifying containers on volume /home/runner/work/ozone/ozone/hadoop-ozone/integration-test/target/test-dir/MiniOzoneClusterImpl-df602b49-e577-4a1d-ae00-d896acd8b89d/datanode-1/data-0/containers/hdds
2023-01-19 21:16:01,816 [Listener at 127.0.0.1/34089] INFO  ozoneimpl.OzoneContainer (OzoneContainer.java:buildContainerSet(301)) - Build ContainerSet costs 0s
2023-01-19 21:16:01,821 [Listener at 127.0.0.1/34089] INFO  server.RaftServer (ConfUtils.java:logGet(46)) - raft.rpc.type = GRPC (default)
2023-01-19 21:16:01,821 [Listener at 127.0.0.1/34089] INFO  grpc.GrpcConfigKeys (ConfUtils.java:logFallback(53)) - raft.grpc.admin.host = null (fallback to raft.grpc.server.host)
2023-01-19 21:16:01,821 [Listener at 127.0.0.1/34089] INFO  grpc.GrpcConfigKeys (ConfUtils.java:logGet(46)) - raft.grpc.admin.port = 0 (custom)
2023-01-19 21:16:01,821 [Listener at 127.0.0.1/34089] INFO  grpc.GrpcConfigKeys (ConfUtils.java:logFallback(53)) - raft.grpc.client.host = null (fallback to raft.grpc.server.host)
2023-01-19 21:16:01,821 [Listener at 127.0.0.1/34089] INFO  grpc.GrpcConfigKeys (ConfUtils.java:logGet(46)) - raft.grpc.client.port = 0 (custom)
2023-01-19 21:16:01,821 [Listener at 127.0.0.1/34089] INFO  grpc.GrpcConfigKeys (ConfUtils.java:logGet(46)) - raft.grpc.server.host = null (default)
2023-01-19 21:16:01,822 [Listener at 127.0.0.1/34089] INFO  grpc.GrpcConfigKeys (ConfUtils.java:logGet(46)) - raft.grpc.server.port = 0 (default)
2023-01-19 21:16:01,822 [Listener at 127.0.0.1/34089] INFO  server.GrpcService (ConfUtils.java:logGet(46)) - raft.grpc.message.size.max = 32MB (=33554432) (custom)
2023-01-19 21:16:01,822 [Listener at 127.0.0.1/34089] INFO  server.RaftServerConfigKeys (ConfUtils.java:logGet(46)) - raft.server.log.appender.buffer.byte-limit = 33554432 (custom)
2023-01-19 21:16:01,822 [Listener at 127.0.0.1/34089] INFO  server.GrpcService (ConfUtils.java:logGet(46)) - raft.grpc.flow.control.window = 5MB (=5242880) (custom)
2023-01-19 21:16:01,822 [Listener at 127.0.0.1/34089] INFO  server.RaftServerConfigKeys (ConfUtils.java:logGet(46)) - raft.server.rpc.request.timeout = 60s (custom)
2023-01-19 21:16:01,822 [Listener at 127.0.0.1/34089] INFO  grpc.GrpcConfigKeys (ConfUtils.java:logGet(46)) - raft.grpc.server.heartbeat.channel = true (default)
2023-01-19 21:16:01,822 [Listener at 127.0.0.1/34089] INFO  grpc.GrpcConfigKeys (ConfUtils.java:logGet(46)) - raft.grpc.server.async.request.thread.pool.cached = true (default)
2023-01-19 21:16:01,822 [Listener at 127.0.0.1/34089] INFO  grpc.GrpcConfigKeys (ConfUtils.java:logGet(46)) - raft.grpc.server.async.request.thread.pool.size = 32 (default)
2023-01-19 21:16:01,830 [Listener at 127.0.0.1/34089] INFO  impl.DataStreamServerImpl (ConfUtils.java:logGet(46)) - raft.datastream.type = NETTY (custom)
2023-01-19 21:16:01,831 [Listener at 127.0.0.1/34089] INFO  server.RaftServerConfigKeys (ConfUtils.java:logGet(46)) - raft.server.data-stream.async.request.thread.pool.cached = false (default)
2023-01-19 21:16:01,831 [Listener at 127.0.0.1/34089] INFO  server.RaftServerConfigKeys (ConfUtils.java:logGet(46)) - raft.server.data-stream.async.request.thread.pool.size = 20 (custom)
2023-01-19 21:16:01,831 [Listener at 127.0.0.1/34089] INFO  server.RaftServerConfigKeys (ConfUtils.java:logGet(46)) - raft.server.data-stream.async.write.thread.pool.size = 16 (default)
2023-01-19 21:16:01,831 [Listener at 127.0.0.1/34089] INFO  server.RaftServerConfigKeys (ConfUtils.java:logGet(46)) - raft.server.data-stream.client.pool.size = 10 (default)
2023-01-19 21:16:01,832 [Listener at 127.0.0.1/34089] INFO  netty.NettyConfigKeys$DataStream (ConfUtils.java:logGet(46)) - raft.netty.dataStream.server.use-epoll = false (default)
2023-01-19 21:16:01,833 [Listener at 127.0.0.1/34089] INFO  netty.NettyConfigKeys$DataStream (ConfUtils.java:logGet(46)) - raft.netty.dataStream.server.boss-group.size = 0 (default)
2023-01-19 21:16:01,833 [Listener at 127.0.0.1/34089] INFO  netty.NettyConfigKeys$DataStream (ConfUtils.java:logGet(46)) - raft.netty.dataStream.server.worker-group.size = 0 (default)
2023-01-19 21:16:01,838 [Listener at 127.0.0.1/34089] INFO  netty.NettyConfigKeys$DataStream (ConfUtils.java:logGet(46)) - raft.netty.dataStream.server.tls.conf = null (default)
2023-01-19 21:16:01,838 [Listener at 127.0.0.1/34089] INFO  netty.NettyConfigKeys$DataStream (ConfUtils.java:logGet(46)) - raft.netty.dataStream.host = null (default)
2023-01-19 21:16:01,838 [Listener at 127.0.0.1/34089] INFO  netty.NettyConfigKeys$DataStream (ConfUtils.java:logGet(46)) - raft.netty.dataStream.port = 0 (default)
2023-01-19 21:16:01,843 [Listener at 127.0.0.1/34089] INFO  server.RaftServerConfigKeys (ConfUtils.java:logGet(46)) - raft.server.threadpool.proxy.cached = true (default)
2023-01-19 21:16:01,843 [Listener at 127.0.0.1/34089] INFO  server.RaftServerConfigKeys (ConfUtils.java:logGet(46)) - raft.server.threadpool.proxy.size = 0 (default)
2023-01-19 21:16:01,847 [Listener at 127.0.0.1/34089] INFO  server.RaftServerConfigKeys (ConfUtils.java:logGet(46)) - raft.server.rpc.slowness.timeout = 300s (custom)
2023-01-19 21:16:01,847 [Listener at 127.0.0.1/34089] INFO  server.RaftServerConfigKeys (ConfUtils.java:logGet(46)) - raft.server.leaderelection.leader.step-down.wait-time = 10s (default)
2023-01-19 21:16:01,847 [Listener at 127.0.0.1/34089] INFO  server.RaftServerConfigKeys (ConfUtils.java:logGet(46)) - raft.server.storage.dir = [/home/runner/work/ozone/ozone/hadoop-ozone/integration-test/target/test-dir/MiniOzoneClusterImpl-df602b49-e577-4a1d-ae00-d896acd8b89d/datanode-1/data/ratis] (custom)
2023-01-19 21:16:01,856 [34034301-6f4f-4b64-a7af-0630178f1887-NettyServerStreamRpc-bossGroup--thread1] INFO  logging.LoggingHandler (AbstractInternalLogger.java:log(148)) - [id: 0x0cd3b36d] REGISTERED
2023-01-19 21:16:01,857 [34034301-6f4f-4b64-a7af-0630178f1887-NettyServerStreamRpc-bossGroup--thread1] INFO  logging.LoggingHandler (AbstractInternalLogger.java:log(148)) - [id: 0x0cd3b36d] BIND: 0.0.0.0/0.0.0.0:0
2023-01-19 21:16:01,857 [34034301-6f4f-4b64-a7af-0630178f1887-NettyServerStreamRpc-bossGroup--thread1] INFO  logging.LoggingHandler (AbstractInternalLogger.java:log(148)) - [id: 0x0cd3b36d, L:/0:0:0:0:0:0:0:0:39551] ACTIVE
2023-01-19 21:16:01,869 [Listener at 127.0.0.1/34089] INFO  server.XceiverServerGrpc (XceiverServerGrpc.java:<init>(132)) - GrpcServer channel type EpollServerSocketChannel
2023-01-19 21:16:01,880 [Listener at 127.0.0.1/34089] INFO  http.BaseHttpServer (BaseHttpServer.java:newHttpServer2BuilderForOzone(213)) - Starting Web-server for hddsDatanode at: http://0.0.0.0:0
2023-01-19 21:16:01,880 [Listener at 127.0.0.1/34089] INFO  http.BaseHttpServer (BaseHttpServer.java:<init>(108)) - Hadoop Security Enabled: false Ozone Security Enabled: false Ozone HTTP Security Enabled: false 
2023-01-19 21:16:01,881 [Listener at 127.0.0.1/34089] WARN  server.AuthenticationFilter (AuthenticationFilter.java:constructSecretProvider(240)) - Unable to initialize FileSignerSecretProvider, falling back to use random secrets. Reason: Could not read signature secret file: /home/runner/hadoop-http-auth-signature-secret
2023-01-19 21:16:01,886 [Listener at 127.0.0.1/34089] WARN  http.HttpRequestLog (HttpRequestLog.java:getRequestLog(103)) - Jetty request log can only be enabled using Log4j
2023-01-19 21:16:01,887 [Listener at 127.0.0.1/34089] INFO  http.HttpServer2 (HttpServer2.java:addGlobalFilter(1031)) - Added global filter 'safety' (class=org.apache.hadoop.hdds.server.http.HttpServer2$QuotingInputFilter)
2023-01-19 21:16:01,888 [Listener at 127.0.0.1/34089] INFO  http.HttpServer2 (HttpServer2.java:addFilter(1007)) - Added filter static_user_filter (class=org.apache.hadoop.http.lib.StaticUserWebFilter$StaticUserFilter) to context hddsDatanode
2023-01-19 21:16:01,888 [Listener at 127.0.0.1/34089] INFO  http.HttpServer2 (HttpServer2.java:addFilter(1015)) - Added filter static_user_filter (class=org.apache.hadoop.http.lib.StaticUserWebFilter$StaticUserFilter) to context static
2023-01-19 21:16:01,889 [Listener at 127.0.0.1/34089] INFO  http.HttpServer2 (HttpServer2.java:addFilter(1015)) - Added filter static_user_filter (class=org.apache.hadoop.http.lib.StaticUserWebFilter$StaticUserFilter) to context logs
2023-01-19 21:16:01,889 [Listener at 127.0.0.1/34089] INFO  http.HttpServer2 (HttpServer2.java:bindListener(1250)) - Jetty bound to port 38843
2023-01-19 21:16:01,889 [Listener at 127.0.0.1/34089] INFO  server.Server (Server.java:doStart(375)) - jetty-9.4.49.v20220914; built: 2022-09-14T01:07:36.601Z; git: 4231a3b2e4cb8548a412a789936d640a97b1aa0a; jvm 1.8.0_352-b08
2023-01-19 21:16:01,910 [om1@group-C5BA1605619E-LeaderElection1] INFO  server.RaftServer$Division (ServerState.java:setRaftConf(430)) - om1@group-C5BA1605619E: set configuration 0: peers:[om1|rpc:localhost:9872|admin:|client:|dataStream:|priority:0|startupRole:FOLLOWER]|listeners:[], old=null
2023-01-19 21:16:01,918 [Listener at 127.0.0.1/34089] INFO  server.session (DefaultSessionIdManager.java:doStart(334)) - DefaultSessionIdManager workerName=node0
2023-01-19 21:16:01,918 [Listener at 127.0.0.1/34089] INFO  server.session (DefaultSessionIdManager.java:doStart(339)) - No SessionScavenger set, using defaults
2023-01-19 21:16:01,918 [Listener at 127.0.0.1/34089] INFO  server.session (HouseKeeper.java:startScavenging(132)) - node0 Scavenging every 660000ms
2023-01-19 21:16:01,919 [Listener at 127.0.0.1/34089] INFO  handler.ContextHandler (ContextHandler.java:doStart(921)) - Started o.e.j.s.ServletContextHandler@69154c29{logs,/logs,file:///home/runner/work/ozone/ozone/hadoop-ozone/integration-test/target/log,AVAILABLE}
2023-01-19 21:16:01,920 [Listener at 127.0.0.1/34089] INFO  handler.ContextHandler (ContextHandler.java:doStart(921)) - Started o.e.j.s.ServletContextHandler@63309711{static,/static,jar:file:/home/runner/.m2/repository/org/apache/ozone/hdds-container-service/1.4.0-SNAPSHOT/hdds-container-service-1.4.0-SNAPSHOT.jar!/webapps/static,AVAILABLE}
2023-01-19 21:16:01,966 [om1@group-C5BA1605619E-SegmentedRaftLogWorker] INFO  segmented.SegmentedRaftLogWorker (SegmentedRaftLogWorker.java:execute(656)) - om1@group-C5BA1605619E-SegmentedRaftLogWorker: created new log segment /home/runner/work/ozone/ozone/hadoop-ozone/integration-test/target/test-dir/MiniOzoneClusterImpl-df602b49-e577-4a1d-ae00-d896acd8b89d/ozone-meta/ratis/bf265839-605b-3f16-9796-c5ba1605619e/current/log_inprogress_0
2023-01-19 21:16:02,109 [om1@group-C5BA1605619E-StateMachineUpdater] INFO  ratis.OzoneManagerStateMachine (OzoneManagerStateMachine.java:notifyConfigurationChanged(192)) - Received Configuration change notification from Ratis. New Peer list:
[id: "om1"
address: "localhost:9872"
startupRole: FOLLOWER
]
2023-01-19 21:16:02,124 [Listener at 127.0.0.1/34089] INFO  handler.ContextHandler (ContextHandler.java:doStart(921)) - Started o.e.j.w.WebAppContext@47e1255c{hddsDatanode,/,file:///tmp/jetty-0_0_0_0-38843-hdds-container-service-1_4_0-SNAPSHOT_jar-_-any-4119534473303179275/webapp/,AVAILABLE}{jar:file:/home/runner/.m2/repository/org/apache/ozone/hdds-container-service/1.4.0-SNAPSHOT/hdds-container-service-1.4.0-SNAPSHOT.jar!/webapps/hddsDatanode}
2023-01-19 21:16:02,126 [Listener at 127.0.0.1/34089] INFO  server.AbstractConnector (AbstractConnector.java:doStart(333)) - Started ServerConnector@32d2bb94{HTTP/1.1, (http/1.1)}{0.0.0.0:38843}
2023-01-19 21:16:02,126 [Listener at 127.0.0.1/34089] INFO  server.Server (Server.java:doStart(415)) - Started @9154ms
2023-01-19 21:16:02,126 [Listener at 127.0.0.1/34089] WARN  impl.MetricsSystemImpl (MetricsSystemImpl.java:register(279)) - Sink prometheus already exists!
2023-01-19 21:16:02,127 [Listener at 127.0.0.1/34089] INFO  http.BaseHttpServer (BaseHttpServer.java:updateConnectorAddress(333)) - HTTP server of hddsDatanode listening at http://0.0.0.0:38843
2023-01-19 21:16:02,127 [Listener at 127.0.0.1/34089] WARN  impl.MetricRegistriesImpl (MetricRegistriesImpl.java:addReporterRegistration(111)) - New reporters are added after registries were created. Some metrics will be missing from the reporter. Please add reporter before adding any new registry.
2023-01-19 21:16:02,128 [Listener at 127.0.0.1/34089] WARN  impl.MetricRegistriesImpl (MetricRegistriesImpl.java:addReporterRegistration(111)) - New reporters are added after registries were created. Some metrics will be missing from the reporter. Please add reporter before adding any new registry.
2023-01-19 21:16:02,128 [Listener at 127.0.0.1/34089] INFO  impl.MetricsSystemImpl (MetricsSystemImpl.java:init(158)) - HddsDatanode metrics system started (again)
2023-01-19 21:16:02,135 [Datanode State Machine Daemon Thread] INFO  statemachine.DatanodeStateMachine (DatanodeStateMachine.java:lambda$startDaemon$0(508)) - Ozone container server started.
2023-01-19 21:16:02,145 [org.apache.hadoop.util.JvmPauseMonitor$Monitor@1fc015a2] INFO  util.JvmPauseMonitor (JvmPauseMonitor.java:run(188)) - Starting JVM pause monitor
2023-01-19 21:16:02,151 [Listener at 127.0.0.1/34089] INFO  ozone.HddsDatanodeService (HddsDatanodeService.java:start(228)) - HddsDatanodeService host:fv-az353-460.tkyx2seitsuu3nmpmouz2httfb.bx.internal.cloudapp.net ip:10.1.0.40
2023-01-19 21:16:02,159 [Datanode State Machine Task Thread - 0] INFO  datanode.InitDatanodeState (InitDatanodeState.java:persistContainerDatanodeDetails(138)) - DatanodeDetails is persisted to /home/runner/work/ozone/ozone/hadoop-ozone/integration-test/target/test-dir/MiniOzoneClusterImpl-df602b49-e577-4a1d-ae00-d896acd8b89d/datanode-1/meta/datanode.id
2023-01-19 21:16:02,175 [Listener at 127.0.0.1/34089] INFO  upgrade.AbstractLayoutVersionManager (AbstractLayoutVersionManager.java:init(83)) - Initializing Layout version manager with metadata layout = DATANODE_SCHEMA_V3 (version = 4), software layout = DATANODE_SCHEMA_V3 (version = 4)
2023-01-19 21:16:02,226 [Listener at 127.0.0.1/34089] INFO  reflections.Reflections (Reflections.java:scan(232)) - Reflections took 47 ms to scan 7 urls, producing 146 keys and 350 values 
2023-01-19 21:16:02,228 [Listener at 127.0.0.1/34089] INFO  statemachine.DatanodeStateMachine (DatanodeStateMachine.java:getEndPointTaskThreadPoolSize(248)) - Datanode State Machine Task Thread Pool size 2
2023-01-19 21:16:02,233 [Listener at 127.0.0.1/34089] INFO  volume.HddsVolume (HddsVolume.java:<init>(117)) - Creating HddsVolume: /home/runner/work/ozone/ozone/hadoop-ozone/integration-test/target/test-dir/MiniOzoneClusterImpl-df602b49-e577-4a1d-ae00-d896acd8b89d/datanode-2/data-0/containers/hdds of storage type : DISK capacity : 9223372036854775807
2023-01-19 21:16:02,233 [Listener at 127.0.0.1/34089] INFO  volume.MutableVolumeSet (MutableVolumeSet.java:initializeVolumeSet(174)) - Added Volume : /home/runner/work/ozone/ozone/hadoop-ozone/integration-test/target/test-dir/MiniOzoneClusterImpl-df602b49-e577-4a1d-ae00-d896acd8b89d/datanode-2/data-0/containers/hdds to VolumeSet
2023-01-19 21:16:02,233 [Listener at 127.0.0.1/34089] INFO  volume.ThrottledAsyncChecker (ThrottledAsyncChecker.java:schedule(141)) - Scheduling a check for /home/runner/work/ozone/ozone/hadoop-ozone/integration-test/target/test-dir/MiniOzoneClusterImpl-df602b49-e577-4a1d-ae00-d896acd8b89d/datanode-2/data-0/containers/hdds
2023-01-19 21:16:02,239 [Listener at 127.0.0.1/34089] INFO  volume.StorageVolumeChecker (StorageVolumeChecker.java:checkAllVolumes(202)) - Scheduled health check for volume /home/runner/work/ozone/ozone/hadoop-ozone/integration-test/target/test-dir/MiniOzoneClusterImpl-df602b49-e577-4a1d-ae00-d896acd8b89d/datanode-2/data-0/containers/hdds
2023-01-19 21:16:02,251 [Listener at 127.0.0.1/34089] INFO  volume.MutableVolumeSet (MutableVolumeSet.java:initializeVolumeSet(174)) - Added Volume : /home/runner/work/ozone/ozone/hadoop-ozone/integration-test/target/test-dir/MiniOzoneClusterImpl-df602b49-e577-4a1d-ae00-d896acd8b89d/datanode-2/data/ratis to VolumeSet
2023-01-19 21:16:02,252 [Listener at 127.0.0.1/34089] INFO  volume.ThrottledAsyncChecker (ThrottledAsyncChecker.java:schedule(141)) - Scheduling a check for /home/runner/work/ozone/ozone/hadoop-ozone/integration-test/target/test-dir/MiniOzoneClusterImpl-df602b49-e577-4a1d-ae00-d896acd8b89d/datanode-2/data/ratis
2023-01-19 21:16:02,252 [Listener at 127.0.0.1/34089] INFO  volume.StorageVolumeChecker (StorageVolumeChecker.java:checkAllVolumes(202)) - Scheduled health check for volume /home/runner/work/ozone/ozone/hadoop-ozone/integration-test/target/test-dir/MiniOzoneClusterImpl-df602b49-e577-4a1d-ae00-d896acd8b89d/datanode-2/data/ratis
2023-01-19 21:16:02,264 [Thread-166] INFO  ozoneimpl.ContainerReader (ContainerReader.java:readVolume(175)) - Finish verifying containers on volume /home/runner/work/ozone/ozone/hadoop-ozone/integration-test/target/test-dir/MiniOzoneClusterImpl-df602b49-e577-4a1d-ae00-d896acd8b89d/datanode-2/data-0/containers/hdds
2023-01-19 21:16:02,264 [Listener at 127.0.0.1/34089] INFO  ozoneimpl.OzoneContainer (OzoneContainer.java:buildContainerSet(301)) - Build ContainerSet costs 0s
2023-01-19 21:16:02,267 [Listener at 127.0.0.1/34089] INFO  server.RaftServer (ConfUtils.java:logGet(46)) - raft.rpc.type = GRPC (default)
2023-01-19 21:16:02,267 [Listener at 127.0.0.1/34089] INFO  grpc.GrpcConfigKeys (ConfUtils.java:logFallback(53)) - raft.grpc.admin.host = null (fallback to raft.grpc.server.host)
2023-01-19 21:16:02,267 [Listener at 127.0.0.1/34089] INFO  grpc.GrpcConfigKeys (ConfUtils.java:logGet(46)) - raft.grpc.admin.port = 0 (custom)
2023-01-19 21:16:02,267 [Listener at 127.0.0.1/34089] INFO  grpc.GrpcConfigKeys (ConfUtils.java:logFallback(53)) - raft.grpc.client.host = null (fallback to raft.grpc.server.host)
2023-01-19 21:16:02,267 [Listener at 127.0.0.1/34089] INFO  grpc.GrpcConfigKeys (ConfUtils.java:logGet(46)) - raft.grpc.client.port = 0 (custom)
2023-01-19 21:16:02,269 [Listener at 127.0.0.1/34089] INFO  grpc.GrpcConfigKeys (ConfUtils.java:logGet(46)) - raft.grpc.server.host = null (default)
2023-01-19 21:16:02,269 [Listener at 127.0.0.1/34089] INFO  grpc.GrpcConfigKeys (ConfUtils.java:logGet(46)) - raft.grpc.server.port = 0 (default)
2023-01-19 21:16:02,270 [Listener at 127.0.0.1/34089] INFO  server.GrpcService (ConfUtils.java:logGet(46)) - raft.grpc.message.size.max = 32MB (=33554432) (custom)
2023-01-19 21:16:02,270 [Listener at 127.0.0.1/34089] INFO  server.RaftServerConfigKeys (ConfUtils.java:logGet(46)) - raft.server.log.appender.buffer.byte-limit = 33554432 (custom)
2023-01-19 21:16:02,270 [Listener at 127.0.0.1/34089] INFO  server.GrpcService (ConfUtils.java:logGet(46)) - raft.grpc.flow.control.window = 5MB (=5242880) (custom)
2023-01-19 21:16:02,270 [Listener at 127.0.0.1/34089] INFO  server.RaftServerConfigKeys (ConfUtils.java:logGet(46)) - raft.server.rpc.request.timeout = 60s (custom)
2023-01-19 21:16:02,270 [Listener at 127.0.0.1/34089] INFO  grpc.GrpcConfigKeys (ConfUtils.java:logGet(46)) - raft.grpc.server.heartbeat.channel = true (default)
2023-01-19 21:16:02,270 [Listener at 127.0.0.1/34089] INFO  grpc.GrpcConfigKeys (ConfUtils.java:logGet(46)) - raft.grpc.server.async.request.thread.pool.cached = true (default)
2023-01-19 21:16:02,270 [Listener at 127.0.0.1/34089] INFO  grpc.GrpcConfigKeys (ConfUtils.java:logGet(46)) - raft.grpc.server.async.request.thread.pool.size = 32 (default)
2023-01-19 21:16:02,272 [Listener at 127.0.0.1/34089] INFO  impl.DataStreamServerImpl (ConfUtils.java:logGet(46)) - raft.datastream.type = NETTY (custom)
2023-01-19 21:16:02,272 [Listener at 127.0.0.1/34089] INFO  server.RaftServerConfigKeys (ConfUtils.java:logGet(46)) - raft.server.data-stream.async.request.thread.pool.cached = false (default)
2023-01-19 21:16:02,272 [Listener at 127.0.0.1/34089] INFO  server.RaftServerConfigKeys (ConfUtils.java:logGet(46)) - raft.server.data-stream.async.request.thread.pool.size = 20 (custom)
2023-01-19 21:16:02,272 [Listener at 127.0.0.1/34089] INFO  server.RaftServerConfigKeys (ConfUtils.java:logGet(46)) - raft.server.data-stream.async.write.thread.pool.size = 16 (default)
2023-01-19 21:16:02,272 [Listener at 127.0.0.1/34089] INFO  server.RaftServerConfigKeys (ConfUtils.java:logGet(46)) - raft.server.data-stream.client.pool.size = 10 (default)
2023-01-19 21:16:02,272 [Listener at 127.0.0.1/34089] INFO  netty.NettyConfigKeys$DataStream (ConfUtils.java:logGet(46)) - raft.netty.dataStream.server.use-epoll = false (default)
2023-01-19 21:16:02,273 [Listener at 127.0.0.1/34089] INFO  netty.NettyConfigKeys$DataStream (ConfUtils.java:logGet(46)) - raft.netty.dataStream.server.boss-group.size = 0 (default)
2023-01-19 21:16:02,273 [Listener at 127.0.0.1/34089] INFO  netty.NettyConfigKeys$DataStream (ConfUtils.java:logGet(46)) - raft.netty.dataStream.server.worker-group.size = 0 (default)
2023-01-19 21:16:02,273 [Listener at 127.0.0.1/34089] INFO  netty.NettyConfigKeys$DataStream (ConfUtils.java:logGet(46)) - raft.netty.dataStream.server.tls.conf = null (default)
2023-01-19 21:16:02,274 [Listener at 127.0.0.1/34089] INFO  netty.NettyConfigKeys$DataStream (ConfUtils.java:logGet(46)) - raft.netty.dataStream.host = null (default)
2023-01-19 21:16:02,274 [Listener at 127.0.0.1/34089] INFO  netty.NettyConfigKeys$DataStream (ConfUtils.java:logGet(46)) - raft.netty.dataStream.port = 0 (default)
2023-01-19 21:16:02,275 [Listener at 127.0.0.1/34089] INFO  server.RaftServerConfigKeys (ConfUtils.java:logGet(46)) - raft.server.threadpool.proxy.cached = true (default)
2023-01-19 21:16:02,276 [Listener at 127.0.0.1/34089] INFO  server.RaftServerConfigKeys (ConfUtils.java:logGet(46)) - raft.server.threadpool.proxy.size = 0 (default)
2023-01-19 21:16:02,276 [Listener at 127.0.0.1/34089] INFO  server.RaftServerConfigKeys (ConfUtils.java:logGet(46)) - raft.server.rpc.slowness.timeout = 300s (custom)
2023-01-19 21:16:02,276 [Listener at 127.0.0.1/34089] INFO  server.RaftServerConfigKeys (ConfUtils.java:logGet(46)) - raft.server.leaderelection.leader.step-down.wait-time = 10s (default)
2023-01-19 21:16:02,276 [Listener at 127.0.0.1/34089] INFO  server.RaftServerConfigKeys (ConfUtils.java:logGet(46)) - raft.server.storage.dir = [/home/runner/work/ozone/ozone/hadoop-ozone/integration-test/target/test-dir/MiniOzoneClusterImpl-df602b49-e577-4a1d-ae00-d896acd8b89d/datanode-2/data/ratis] (custom)
2023-01-19 21:16:02,284 [79fc7c85-f428-4972-afd4-216d9203d099-NettyServerStreamRpc-bossGroup--thread1] INFO  logging.LoggingHandler (AbstractInternalLogger.java:log(148)) - [id: 0x69da110e] REGISTERED
2023-01-19 21:16:02,285 [Listener at 127.0.0.1/34089] INFO  server.XceiverServerGrpc (XceiverServerGrpc.java:<init>(132)) - GrpcServer channel type EpollServerSocketChannel
2023-01-19 21:16:02,286 [79fc7c85-f428-4972-afd4-216d9203d099-NettyServerStreamRpc-bossGroup--thread1] INFO  logging.LoggingHandler (AbstractInternalLogger.java:log(148)) - [id: 0x69da110e] BIND: 0.0.0.0/0.0.0.0:0
2023-01-19 21:16:02,286 [79fc7c85-f428-4972-afd4-216d9203d099-NettyServerStreamRpc-bossGroup--thread1] INFO  logging.LoggingHandler (AbstractInternalLogger.java:log(148)) - [id: 0x69da110e, L:/0:0:0:0:0:0:0:0:41333] ACTIVE
2023-01-19 21:16:02,292 [Listener at 127.0.0.1/34089] INFO  http.BaseHttpServer (BaseHttpServer.java:newHttpServer2BuilderForOzone(213)) - Starting Web-server for hddsDatanode at: http://0.0.0.0:0
2023-01-19 21:16:02,292 [Listener at 127.0.0.1/34089] INFO  http.BaseHttpServer (BaseHttpServer.java:<init>(108)) - Hadoop Security Enabled: false Ozone Security Enabled: false Ozone HTTP Security Enabled: false 
2023-01-19 21:16:02,294 [Listener at 127.0.0.1/34089] WARN  server.AuthenticationFilter (AuthenticationFilter.java:constructSecretProvider(240)) - Unable to initialize FileSignerSecretProvider, falling back to use random secrets. Reason: Could not read signature secret file: /home/runner/hadoop-http-auth-signature-secret
2023-01-19 21:16:02,296 [Listener at 127.0.0.1/34089] WARN  http.HttpRequestLog (HttpRequestLog.java:getRequestLog(103)) - Jetty request log can only be enabled using Log4j
2023-01-19 21:16:02,297 [Listener at 127.0.0.1/34089] INFO  http.HttpServer2 (HttpServer2.java:addGlobalFilter(1031)) - Added global filter 'safety' (class=org.apache.hadoop.hdds.server.http.HttpServer2$QuotingInputFilter)
2023-01-19 21:16:02,298 [Listener at 127.0.0.1/34089] INFO  http.HttpServer2 (HttpServer2.java:addFilter(1007)) - Added filter static_user_filter (class=org.apache.hadoop.http.lib.StaticUserWebFilter$StaticUserFilter) to context hddsDatanode
2023-01-19 21:16:02,298 [Listener at 127.0.0.1/34089] INFO  http.HttpServer2 (HttpServer2.java:addFilter(1015)) - Added filter static_user_filter (class=org.apache.hadoop.http.lib.StaticUserWebFilter$StaticUserFilter) to context static
2023-01-19 21:16:02,298 [Listener at 127.0.0.1/34089] INFO  http.HttpServer2 (HttpServer2.java:addFilter(1015)) - Added filter static_user_filter (class=org.apache.hadoop.http.lib.StaticUserWebFilter$StaticUserFilter) to context logs
2023-01-19 21:16:02,299 [Listener at 127.0.0.1/34089] INFO  http.HttpServer2 (HttpServer2.java:bindListener(1250)) - Jetty bound to port 41459
2023-01-19 21:16:02,299 [Listener at 127.0.0.1/34089] INFO  server.Server (Server.java:doStart(375)) - jetty-9.4.49.v20220914; built: 2022-09-14T01:07:36.601Z; git: 4231a3b2e4cb8548a412a789936d640a97b1aa0a; jvm 1.8.0_352-b08
2023-01-19 21:16:02,303 [Listener at 127.0.0.1/34089] INFO  server.session (DefaultSessionIdManager.java:doStart(334)) - DefaultSessionIdManager workerName=node0
2023-01-19 21:16:02,304 [Listener at 127.0.0.1/34089] INFO  server.session (DefaultSessionIdManager.java:doStart(339)) - No SessionScavenger set, using defaults
2023-01-19 21:16:02,304 [Listener at 127.0.0.1/34089] INFO  server.session (HouseKeeper.java:startScavenging(132)) - node0 Scavenging every 660000ms
2023-01-19 21:16:02,305 [Listener at 127.0.0.1/34089] INFO  handler.ContextHandler (ContextHandler.java:doStart(921)) - Started o.e.j.s.ServletContextHandler@36f394c9{logs,/logs,file:///home/runner/work/ozone/ozone/hadoop-ozone/integration-test/target/log,AVAILABLE}
2023-01-19 21:16:02,305 [Listener at 127.0.0.1/34089] INFO  handler.ContextHandler (ContextHandler.java:doStart(921)) - Started o.e.j.s.ServletContextHandler@546d4a2{static,/static,jar:file:/home/runner/.m2/repository/org/apache/ozone/hdds-container-service/1.4.0-SNAPSHOT/hdds-container-service-1.4.0-SNAPSHOT.jar!/webapps/static,AVAILABLE}
2023-01-19 21:16:02,481 [Listener at 127.0.0.1/34089] INFO  handler.ContextHandler (ContextHandler.java:doStart(921)) - Started o.e.j.w.WebAppContext@45149573{hddsDatanode,/,file:///tmp/jetty-0_0_0_0-41459-hdds-container-service-1_4_0-SNAPSHOT_jar-_-any-6444584893162405692/webapp/,AVAILABLE}{jar:file:/home/runner/.m2/repository/org/apache/ozone/hdds-container-service/1.4.0-SNAPSHOT/hdds-container-service-1.4.0-SNAPSHOT.jar!/webapps/hddsDatanode}
2023-01-19 21:16:02,483 [Listener at 127.0.0.1/34089] INFO  server.AbstractConnector (AbstractConnector.java:doStart(333)) - Started ServerConnector@7b9e4b0d{HTTP/1.1, (http/1.1)}{0.0.0.0:41459}
2023-01-19 21:16:02,483 [Listener at 127.0.0.1/34089] INFO  server.Server (Server.java:doStart(415)) - Started @9511ms
2023-01-19 21:16:02,483 [Listener at 127.0.0.1/34089] WARN  impl.MetricsSystemImpl (MetricsSystemImpl.java:register(279)) - Sink prometheus already exists!
2023-01-19 21:16:02,485 [Listener at 127.0.0.1/34089] INFO  http.BaseHttpServer (BaseHttpServer.java:updateConnectorAddress(333)) - HTTP server of hddsDatanode listening at http://0.0.0.0:41459
2023-01-19 21:16:02,486 [Listener at 127.0.0.1/34089] WARN  impl.MetricRegistriesImpl (MetricRegistriesImpl.java:addReporterRegistration(111)) - New reporters are added after registries were created. Some metrics will be missing from the reporter. Please add reporter before adding any new registry.
2023-01-19 21:16:02,486 [Listener at 127.0.0.1/34089] WARN  impl.MetricRegistriesImpl (MetricRegistriesImpl.java:addReporterRegistration(111)) - New reporters are added after registries were created. Some metrics will be missing from the reporter. Please add reporter before adding any new registry.
2023-01-19 21:16:02,486 [Listener at 127.0.0.1/34089] INFO  impl.MetricsSystemImpl (MetricsSystemImpl.java:init(158)) - HddsDatanode metrics system started (again)
2023-01-19 21:16:02,494 [Datanode State Machine Daemon Thread] INFO  statemachine.DatanodeStateMachine (DatanodeStateMachine.java:lambda$startDaemon$0(508)) - Ozone container server started.
2023-01-19 21:16:02,509 [Listener at 127.0.0.1/34089] INFO  ozone.HddsDatanodeService (HddsDatanodeService.java:start(228)) - HddsDatanodeService host:fv-az353-460.tkyx2seitsuu3nmpmouz2httfb.bx.internal.cloudapp.net ip:10.1.0.40
2023-01-19 21:16:02,511 [org.apache.hadoop.util.JvmPauseMonitor$Monitor@7a4a38da] INFO  util.JvmPauseMonitor (JvmPauseMonitor.java:run(188)) - Starting JVM pause monitor
2023-01-19 21:16:02,518 [Datanode State Machine Task Thread - 0] INFO  datanode.InitDatanodeState (InitDatanodeState.java:persistContainerDatanodeDetails(138)) - DatanodeDetails is persisted to /home/runner/work/ozone/ozone/hadoop-ozone/integration-test/target/test-dir/MiniOzoneClusterImpl-df602b49-e577-4a1d-ae00-d896acd8b89d/datanode-2/meta/datanode.id
2023-01-19 21:16:02,534 [Listener at 127.0.0.1/34089] INFO  upgrade.AbstractLayoutVersionManager (AbstractLayoutVersionManager.java:init(83)) - Initializing Layout version manager with metadata layout = DATANODE_SCHEMA_V3 (version = 4), software layout = DATANODE_SCHEMA_V3 (version = 4)
2023-01-19 21:16:02,582 [Listener at 127.0.0.1/34089] INFO  reflections.Reflections (Reflections.java:scan(232)) - Reflections took 47 ms to scan 7 urls, producing 146 keys and 350 values 
2023-01-19 21:16:02,583 [Listener at 127.0.0.1/34089] INFO  statemachine.DatanodeStateMachine (DatanodeStateMachine.java:getEndPointTaskThreadPoolSize(248)) - Datanode State Machine Task Thread Pool size 2
2023-01-19 21:16:02,586 [Listener at 127.0.0.1/34089] INFO  volume.HddsVolume (HddsVolume.java:<init>(117)) - Creating HddsVolume: /home/runner/work/ozone/ozone/hadoop-ozone/integration-test/target/test-dir/MiniOzoneClusterImpl-df602b49-e577-4a1d-ae00-d896acd8b89d/datanode-3/data-0/containers/hdds of storage type : DISK capacity : 9223372036854775807
2023-01-19 21:16:02,586 [Listener at 127.0.0.1/34089] INFO  volume.MutableVolumeSet (MutableVolumeSet.java:initializeVolumeSet(174)) - Added Volume : /home/runner/work/ozone/ozone/hadoop-ozone/integration-test/target/test-dir/MiniOzoneClusterImpl-df602b49-e577-4a1d-ae00-d896acd8b89d/datanode-3/data-0/containers/hdds to VolumeSet
2023-01-19 21:16:02,586 [Listener at 127.0.0.1/34089] INFO  volume.ThrottledAsyncChecker (ThrottledAsyncChecker.java:schedule(141)) - Scheduling a check for /home/runner/work/ozone/ozone/hadoop-ozone/integration-test/target/test-dir/MiniOzoneClusterImpl-df602b49-e577-4a1d-ae00-d896acd8b89d/datanode-3/data-0/containers/hdds
2023-01-19 21:16:02,588 [Listener at 127.0.0.1/34089] INFO  volume.StorageVolumeChecker (StorageVolumeChecker.java:checkAllVolumes(202)) - Scheduled health check for volume /home/runner/work/ozone/ozone/hadoop-ozone/integration-test/target/test-dir/MiniOzoneClusterImpl-df602b49-e577-4a1d-ae00-d896acd8b89d/datanode-3/data-0/containers/hdds
2023-01-19 21:16:02,600 [Listener at 127.0.0.1/34089] INFO  volume.MutableVolumeSet (MutableVolumeSet.java:initializeVolumeSet(174)) - Added Volume : /home/runner/work/ozone/ozone/hadoop-ozone/integration-test/target/test-dir/MiniOzoneClusterImpl-df602b49-e577-4a1d-ae00-d896acd8b89d/datanode-3/data/ratis to VolumeSet
2023-01-19 21:16:02,600 [Listener at 127.0.0.1/34089] INFO  volume.ThrottledAsyncChecker (ThrottledAsyncChecker.java:schedule(141)) - Scheduling a check for /home/runner/work/ozone/ozone/hadoop-ozone/integration-test/target/test-dir/MiniOzoneClusterImpl-df602b49-e577-4a1d-ae00-d896acd8b89d/datanode-3/data/ratis
2023-01-19 21:16:02,600 [Listener at 127.0.0.1/34089] INFO  volume.StorageVolumeChecker (StorageVolumeChecker.java:checkAllVolumes(202)) - Scheduled health check for volume /home/runner/work/ozone/ozone/hadoop-ozone/integration-test/target/test-dir/MiniOzoneClusterImpl-df602b49-e577-4a1d-ae00-d896acd8b89d/datanode-3/data/ratis
2023-01-19 21:16:02,611 [Thread-180] INFO  ozoneimpl.ContainerReader (ContainerReader.java:readVolume(175)) - Finish verifying containers on volume /home/runner/work/ozone/ozone/hadoop-ozone/integration-test/target/test-dir/MiniOzoneClusterImpl-df602b49-e577-4a1d-ae00-d896acd8b89d/datanode-3/data-0/containers/hdds
2023-01-19 21:16:02,611 [Listener at 127.0.0.1/34089] INFO  ozoneimpl.OzoneContainer (OzoneContainer.java:buildContainerSet(301)) - Build ContainerSet costs 0s
2023-01-19 21:16:02,614 [Listener at 127.0.0.1/34089] INFO  server.RaftServer (ConfUtils.java:logGet(46)) - raft.rpc.type = GRPC (default)
2023-01-19 21:16:02,615 [Listener at 127.0.0.1/34089] INFO  grpc.GrpcConfigKeys (ConfUtils.java:logFallback(53)) - raft.grpc.admin.host = null (fallback to raft.grpc.server.host)
2023-01-19 21:16:02,615 [Listener at 127.0.0.1/34089] INFO  grpc.GrpcConfigKeys (ConfUtils.java:logGet(46)) - raft.grpc.admin.port = 0 (custom)
2023-01-19 21:16:02,615 [Listener at 127.0.0.1/34089] INFO  grpc.GrpcConfigKeys (ConfUtils.java:logFallback(53)) - raft.grpc.client.host = null (fallback to raft.grpc.server.host)
2023-01-19 21:16:02,615 [Listener at 127.0.0.1/34089] INFO  grpc.GrpcConfigKeys (ConfUtils.java:logGet(46)) - raft.grpc.client.port = 0 (custom)
2023-01-19 21:16:02,615 [Listener at 127.0.0.1/34089] INFO  grpc.GrpcConfigKeys (ConfUtils.java:logGet(46)) - raft.grpc.server.host = null (default)
2023-01-19 21:16:02,615 [Listener at 127.0.0.1/34089] INFO  grpc.GrpcConfigKeys (ConfUtils.java:logGet(46)) - raft.grpc.server.port = 0 (default)
2023-01-19 21:16:02,615 [Listener at 127.0.0.1/34089] INFO  server.GrpcService (ConfUtils.java:logGet(46)) - raft.grpc.message.size.max = 32MB (=33554432) (custom)
2023-01-19 21:16:02,615 [Listener at 127.0.0.1/34089] INFO  server.RaftServerConfigKeys (ConfUtils.java:logGet(46)) - raft.server.log.appender.buffer.byte-limit = 33554432 (custom)
2023-01-19 21:16:02,616 [Listener at 127.0.0.1/34089] INFO  server.GrpcService (ConfUtils.java:logGet(46)) - raft.grpc.flow.control.window = 5MB (=5242880) (custom)
2023-01-19 21:16:02,616 [Listener at 127.0.0.1/34089] INFO  server.RaftServerConfigKeys (ConfUtils.java:logGet(46)) - raft.server.rpc.request.timeout = 60s (custom)
2023-01-19 21:16:02,616 [Listener at 127.0.0.1/34089] INFO  grpc.GrpcConfigKeys (ConfUtils.java:logGet(46)) - raft.grpc.server.heartbeat.channel = true (default)
2023-01-19 21:16:02,616 [Listener at 127.0.0.1/34089] INFO  grpc.GrpcConfigKeys (ConfUtils.java:logGet(46)) - raft.grpc.server.async.request.thread.pool.cached = true (default)
2023-01-19 21:16:02,616 [Listener at 127.0.0.1/34089] INFO  grpc.GrpcConfigKeys (ConfUtils.java:logGet(46)) - raft.grpc.server.async.request.thread.pool.size = 32 (default)
2023-01-19 21:16:02,617 [Listener at 127.0.0.1/34089] INFO  impl.DataStreamServerImpl (ConfUtils.java:logGet(46)) - raft.datastream.type = NETTY (custom)
2023-01-19 21:16:02,618 [Listener at 127.0.0.1/34089] INFO  server.RaftServerConfigKeys (ConfUtils.java:logGet(46)) - raft.server.data-stream.async.request.thread.pool.cached = false (default)
2023-01-19 21:16:02,618 [Listener at 127.0.0.1/34089] INFO  server.RaftServerConfigKeys (ConfUtils.java:logGet(46)) - raft.server.data-stream.async.request.thread.pool.size = 20 (custom)
2023-01-19 21:16:02,618 [Listener at 127.0.0.1/34089] INFO  server.RaftServerConfigKeys (ConfUtils.java:logGet(46)) - raft.server.data-stream.async.write.thread.pool.size = 16 (default)
2023-01-19 21:16:02,618 [Listener at 127.0.0.1/34089] INFO  server.RaftServerConfigKeys (ConfUtils.java:logGet(46)) - raft.server.data-stream.client.pool.size = 10 (default)
2023-01-19 21:16:02,618 [Listener at 127.0.0.1/34089] INFO  netty.NettyConfigKeys$DataStream (ConfUtils.java:logGet(46)) - raft.netty.dataStream.server.use-epoll = false (default)
2023-01-19 21:16:02,618 [Listener at 127.0.0.1/34089] INFO  netty.NettyConfigKeys$DataStream (ConfUtils.java:logGet(46)) - raft.netty.dataStream.server.boss-group.size = 0 (default)
2023-01-19 21:16:02,619 [Listener at 127.0.0.1/34089] INFO  netty.NettyConfigKeys$DataStream (ConfUtils.java:logGet(46)) - raft.netty.dataStream.server.worker-group.size = 0 (default)
2023-01-19 21:16:02,619 [Listener at 127.0.0.1/34089] INFO  netty.NettyConfigKeys$DataStream (ConfUtils.java:logGet(46)) - raft.netty.dataStream.server.tls.conf = null (default)
2023-01-19 21:16:02,619 [Listener at 127.0.0.1/34089] INFO  netty.NettyConfigKeys$DataStream (ConfUtils.java:logGet(46)) - raft.netty.dataStream.host = null (default)
2023-01-19 21:16:02,619 [Listener at 127.0.0.1/34089] INFO  netty.NettyConfigKeys$DataStream (ConfUtils.java:logGet(46)) - raft.netty.dataStream.port = 0 (default)
2023-01-19 21:16:02,620 [Listener at 127.0.0.1/34089] INFO  server.RaftServerConfigKeys (ConfUtils.java:logGet(46)) - raft.server.threadpool.proxy.cached = true (default)
2023-01-19 21:16:02,620 [Listener at 127.0.0.1/34089] INFO  server.RaftServerConfigKeys (ConfUtils.java:logGet(46)) - raft.server.threadpool.proxy.size = 0 (default)
2023-01-19 21:16:02,620 [Listener at 127.0.0.1/34089] INFO  server.RaftServerConfigKeys (ConfUtils.java:logGet(46)) - raft.server.rpc.slowness.timeout = 300s (custom)
2023-01-19 21:16:02,620 [Listener at 127.0.0.1/34089] INFO  server.RaftServerConfigKeys (ConfUtils.java:logGet(46)) - raft.server.leaderelection.leader.step-down.wait-time = 10s (default)
2023-01-19 21:16:02,620 [Listener at 127.0.0.1/34089] INFO  server.RaftServerConfigKeys (ConfUtils.java:logGet(46)) - raft.server.storage.dir = [/home/runner/work/ozone/ozone/hadoop-ozone/integration-test/target/test-dir/MiniOzoneClusterImpl-df602b49-e577-4a1d-ae00-d896acd8b89d/datanode-3/data/ratis] (custom)
2023-01-19 21:16:02,626 [9f11bae2-70d6-4c19-b175-54f3bf2a6776-NettyServerStreamRpc-bossGroup--thread1] INFO  logging.LoggingHandler (AbstractInternalLogger.java:log(148)) - [id: 0x66bc231b] REGISTERED
2023-01-19 21:16:02,626 [9f11bae2-70d6-4c19-b175-54f3bf2a6776-NettyServerStreamRpc-bossGroup--thread1] INFO  logging.LoggingHandler (AbstractInternalLogger.java:log(148)) - [id: 0x66bc231b] BIND: 0.0.0.0/0.0.0.0:0
2023-01-19 21:16:02,627 [9f11bae2-70d6-4c19-b175-54f3bf2a6776-NettyServerStreamRpc-bossGroup--thread1] INFO  logging.LoggingHandler (AbstractInternalLogger.java:log(148)) - [id: 0x66bc231b, L:/0:0:0:0:0:0:0:0:33671] ACTIVE
2023-01-19 21:16:02,628 [Listener at 127.0.0.1/34089] INFO  server.XceiverServerGrpc (XceiverServerGrpc.java:<init>(132)) - GrpcServer channel type EpollServerSocketChannel
2023-01-19 21:16:02,632 [Listener at 127.0.0.1/34089] INFO  http.BaseHttpServer (BaseHttpServer.java:newHttpServer2BuilderForOzone(213)) - Starting Web-server for hddsDatanode at: http://0.0.0.0:0
2023-01-19 21:16:02,632 [Listener at 127.0.0.1/34089] INFO  http.BaseHttpServer (BaseHttpServer.java:<init>(108)) - Hadoop Security Enabled: false Ozone Security Enabled: false Ozone HTTP Security Enabled: false 
2023-01-19 21:16:02,634 [Listener at 127.0.0.1/34089] WARN  server.AuthenticationFilter (AuthenticationFilter.java:constructSecretProvider(240)) - Unable to initialize FileSignerSecretProvider, falling back to use random secrets. Reason: Could not read signature secret file: /home/runner/hadoop-http-auth-signature-secret
2023-01-19 21:16:02,636 [Listener at 127.0.0.1/34089] WARN  http.HttpRequestLog (HttpRequestLog.java:getRequestLog(103)) - Jetty request log can only be enabled using Log4j
2023-01-19 21:16:02,638 [Listener at 127.0.0.1/34089] INFO  http.HttpServer2 (HttpServer2.java:addGlobalFilter(1031)) - Added global filter 'safety' (class=org.apache.hadoop.hdds.server.http.HttpServer2$QuotingInputFilter)
2023-01-19 21:16:02,639 [Listener at 127.0.0.1/34089] INFO  http.HttpServer2 (HttpServer2.java:addFilter(1007)) - Added filter static_user_filter (class=org.apache.hadoop.http.lib.StaticUserWebFilter$StaticUserFilter) to context hddsDatanode
2023-01-19 21:16:02,639 [Listener at 127.0.0.1/34089] INFO  http.HttpServer2 (HttpServer2.java:addFilter(1015)) - Added filter static_user_filter (class=org.apache.hadoop.http.lib.StaticUserWebFilter$StaticUserFilter) to context logs
2023-01-19 21:16:02,639 [Listener at 127.0.0.1/34089] INFO  http.HttpServer2 (HttpServer2.java:addFilter(1015)) - Added filter static_user_filter (class=org.apache.hadoop.http.lib.StaticUserWebFilter$StaticUserFilter) to context static
2023-01-19 21:16:02,640 [Listener at 127.0.0.1/34089] INFO  http.HttpServer2 (HttpServer2.java:bindListener(1250)) - Jetty bound to port 39075
2023-01-19 21:16:02,640 [Listener at 127.0.0.1/34089] INFO  server.Server (Server.java:doStart(375)) - jetty-9.4.49.v20220914; built: 2022-09-14T01:07:36.601Z; git: 4231a3b2e4cb8548a412a789936d640a97b1aa0a; jvm 1.8.0_352-b08
2023-01-19 21:16:02,648 [Listener at 127.0.0.1/34089] INFO  server.session (DefaultSessionIdManager.java:doStart(334)) - DefaultSessionIdManager workerName=node0
2023-01-19 21:16:02,648 [Listener at 127.0.0.1/34089] INFO  server.session (DefaultSessionIdManager.java:doStart(339)) - No SessionScavenger set, using defaults
2023-01-19 21:16:02,648 [Listener at 127.0.0.1/34089] INFO  server.session (HouseKeeper.java:startScavenging(132)) - node0 Scavenging every 660000ms
2023-01-19 21:16:02,649 [Listener at 127.0.0.1/34089] INFO  handler.ContextHandler (ContextHandler.java:doStart(921)) - Started o.e.j.s.ServletContextHandler@4b189d2a{logs,/logs,file:///home/runner/work/ozone/ozone/hadoop-ozone/integration-test/target/log,AVAILABLE}
2023-01-19 21:16:02,649 [Listener at 127.0.0.1/34089] INFO  handler.ContextHandler (ContextHandler.java:doStart(921)) - Started o.e.j.s.ServletContextHandler@588fb9fa{static,/static,jar:file:/home/runner/.m2/repository/org/apache/ozone/hdds-container-service/1.4.0-SNAPSHOT/hdds-container-service-1.4.0-SNAPSHOT.jar!/webapps/static,AVAILABLE}
2023-01-19 21:16:02,826 [Listener at 127.0.0.1/34089] INFO  handler.ContextHandler (ContextHandler.java:doStart(921)) - Started o.e.j.w.WebAppContext@14e2e4e2{hddsDatanode,/,file:///tmp/jetty-0_0_0_0-39075-hdds-container-service-1_4_0-SNAPSHOT_jar-_-any-3002975501075794845/webapp/,AVAILABLE}{jar:file:/home/runner/.m2/repository/org/apache/ozone/hdds-container-service/1.4.0-SNAPSHOT/hdds-container-service-1.4.0-SNAPSHOT.jar!/webapps/hddsDatanode}
2023-01-19 21:16:02,828 [Listener at 127.0.0.1/34089] INFO  server.AbstractConnector (AbstractConnector.java:doStart(333)) - Started ServerConnector@437c5a25{HTTP/1.1, (http/1.1)}{0.0.0.0:39075}
2023-01-19 21:16:02,828 [Listener at 127.0.0.1/34089] INFO  server.Server (Server.java:doStart(415)) - Started @9856ms
2023-01-19 21:16:02,828 [Listener at 127.0.0.1/34089] WARN  impl.MetricsSystemImpl (MetricsSystemImpl.java:register(279)) - Sink prometheus already exists!
2023-01-19 21:16:02,829 [Listener at 127.0.0.1/34089] INFO  http.BaseHttpServer (BaseHttpServer.java:updateConnectorAddress(333)) - HTTP server of hddsDatanode listening at http://0.0.0.0:39075
2023-01-19 21:16:02,831 [Datanode State Machine Daemon Thread] INFO  statemachine.DatanodeStateMachine (DatanodeStateMachine.java:lambda$startDaemon$0(508)) - Ozone container server started.
2023-01-19 21:16:02,836 [Listener at 127.0.0.1/34089] WARN  impl.MetricRegistriesImpl (MetricRegistriesImpl.java:addReporterRegistration(111)) - New reporters are added after registries were created. Some metrics will be missing from the reporter. Please add reporter before adding any new registry.
2023-01-19 21:16:02,836 [Listener at 127.0.0.1/34089] WARN  impl.MetricRegistriesImpl (MetricRegistriesImpl.java:addReporterRegistration(111)) - New reporters are added after registries were created. Some metrics will be missing from the reporter. Please add reporter before adding any new registry.
2023-01-19 21:16:02,837 [Listener at 127.0.0.1/34089] INFO  impl.MetricsSystemImpl (MetricsSystemImpl.java:init(158)) - HddsDatanode metrics system started (again)
2023-01-19 21:16:02,849 [Listener at 127.0.0.1/34089] INFO  ozone.HddsDatanodeService (HddsDatanodeService.java:start(228)) - HddsDatanodeService host:fv-az353-460.tkyx2seitsuu3nmpmouz2httfb.bx.internal.cloudapp.net ip:10.1.0.40
2023-01-19 21:16:02,864 [org.apache.hadoop.util.JvmPauseMonitor$Monitor@60bd572c] INFO  util.JvmPauseMonitor (JvmPauseMonitor.java:run(188)) - Starting JVM pause monitor
2023-01-19 21:16:02,866 [Datanode State Machine Task Thread - 0] INFO  datanode.InitDatanodeState (InitDatanodeState.java:persistContainerDatanodeDetails(138)) - DatanodeDetails is persisted to /home/runner/work/ozone/ozone/hadoop-ozone/integration-test/target/test-dir/MiniOzoneClusterImpl-df602b49-e577-4a1d-ae00-d896acd8b89d/datanode-3/meta/datanode.id
2023-01-19 21:16:02,875 [Listener at 127.0.0.1/34089] INFO  upgrade.AbstractLayoutVersionManager (AbstractLayoutVersionManager.java:init(83)) - Initializing Layout version manager with metadata layout = DATANODE_SCHEMA_V3 (version = 4), software layout = DATANODE_SCHEMA_V3 (version = 4)
2023-01-19 21:16:02,923 [Listener at 127.0.0.1/34089] INFO  reflections.Reflections (Reflections.java:scan(232)) - Reflections took 46 ms to scan 7 urls, producing 146 keys and 350 values 
2023-01-19 21:16:02,924 [Listener at 127.0.0.1/34089] INFO  statemachine.DatanodeStateMachine (DatanodeStateMachine.java:getEndPointTaskThreadPoolSize(248)) - Datanode State Machine Task Thread Pool size 2
2023-01-19 21:16:02,929 [Listener at 127.0.0.1/34089] INFO  volume.HddsVolume (HddsVolume.java:<init>(117)) - Creating HddsVolume: /home/runner/work/ozone/ozone/hadoop-ozone/integration-test/target/test-dir/MiniOzoneClusterImpl-df602b49-e577-4a1d-ae00-d896acd8b89d/datanode-4/data-0/containers/hdds of storage type : DISK capacity : 9223372036854775807
2023-01-19 21:16:02,929 [Listener at 127.0.0.1/34089] INFO  volume.MutableVolumeSet (MutableVolumeSet.java:initializeVolumeSet(174)) - Added Volume : /home/runner/work/ozone/ozone/hadoop-ozone/integration-test/target/test-dir/MiniOzoneClusterImpl-df602b49-e577-4a1d-ae00-d896acd8b89d/datanode-4/data-0/containers/hdds to VolumeSet
2023-01-19 21:16:02,929 [Listener at 127.0.0.1/34089] INFO  volume.ThrottledAsyncChecker (ThrottledAsyncChecker.java:schedule(141)) - Scheduling a check for /home/runner/work/ozone/ozone/hadoop-ozone/integration-test/target/test-dir/MiniOzoneClusterImpl-df602b49-e577-4a1d-ae00-d896acd8b89d/datanode-4/data-0/containers/hdds
2023-01-19 21:16:02,935 [Listener at 127.0.0.1/34089] INFO  volume.StorageVolumeChecker (StorageVolumeChecker.java:checkAllVolumes(202)) - Scheduled health check for volume /home/runner/work/ozone/ozone/hadoop-ozone/integration-test/target/test-dir/MiniOzoneClusterImpl-df602b49-e577-4a1d-ae00-d896acd8b89d/datanode-4/data-0/containers/hdds
2023-01-19 21:16:02,947 [Listener at 127.0.0.1/34089] INFO  volume.MutableVolumeSet (MutableVolumeSet.java:initializeVolumeSet(174)) - Added Volume : /home/runner/work/ozone/ozone/hadoop-ozone/integration-test/target/test-dir/MiniOzoneClusterImpl-df602b49-e577-4a1d-ae00-d896acd8b89d/datanode-4/data/ratis to VolumeSet
2023-01-19 21:16:02,947 [Listener at 127.0.0.1/34089] INFO  volume.ThrottledAsyncChecker (ThrottledAsyncChecker.java:schedule(141)) - Scheduling a check for /home/runner/work/ozone/ozone/hadoop-ozone/integration-test/target/test-dir/MiniOzoneClusterImpl-df602b49-e577-4a1d-ae00-d896acd8b89d/datanode-4/data/ratis
2023-01-19 21:16:02,948 [Listener at 127.0.0.1/34089] INFO  volume.StorageVolumeChecker (StorageVolumeChecker.java:checkAllVolumes(202)) - Scheduled health check for volume /home/runner/work/ozone/ozone/hadoop-ozone/integration-test/target/test-dir/MiniOzoneClusterImpl-df602b49-e577-4a1d-ae00-d896acd8b89d/datanode-4/data/ratis
2023-01-19 21:16:02,958 [Thread-194] INFO  ozoneimpl.ContainerReader (ContainerReader.java:readVolume(175)) - Finish verifying containers on volume /home/runner/work/ozone/ozone/hadoop-ozone/integration-test/target/test-dir/MiniOzoneClusterImpl-df602b49-e577-4a1d-ae00-d896acd8b89d/datanode-4/data-0/containers/hdds
2023-01-19 21:16:02,958 [Listener at 127.0.0.1/34089] INFO  ozoneimpl.OzoneContainer (OzoneContainer.java:buildContainerSet(301)) - Build ContainerSet costs 0s
2023-01-19 21:16:02,961 [Listener at 127.0.0.1/34089] INFO  server.RaftServer (ConfUtils.java:logGet(46)) - raft.rpc.type = GRPC (default)
2023-01-19 21:16:02,962 [Listener at 127.0.0.1/34089] INFO  grpc.GrpcConfigKeys (ConfUtils.java:logFallback(53)) - raft.grpc.admin.host = null (fallback to raft.grpc.server.host)
2023-01-19 21:16:02,962 [Listener at 127.0.0.1/34089] INFO  grpc.GrpcConfigKeys (ConfUtils.java:logGet(46)) - raft.grpc.admin.port = 0 (custom)
2023-01-19 21:16:02,962 [Listener at 127.0.0.1/34089] INFO  grpc.GrpcConfigKeys (ConfUtils.java:logFallback(53)) - raft.grpc.client.host = null (fallback to raft.grpc.server.host)
2023-01-19 21:16:02,962 [Listener at 127.0.0.1/34089] INFO  grpc.GrpcConfigKeys (ConfUtils.java:logGet(46)) - raft.grpc.client.port = 0 (custom)
2023-01-19 21:16:02,962 [Listener at 127.0.0.1/34089] INFO  grpc.GrpcConfigKeys (ConfUtils.java:logGet(46)) - raft.grpc.server.host = null (default)
2023-01-19 21:16:02,962 [Listener at 127.0.0.1/34089] INFO  grpc.GrpcConfigKeys (ConfUtils.java:logGet(46)) - raft.grpc.server.port = 0 (default)
2023-01-19 21:16:02,962 [Listener at 127.0.0.1/34089] INFO  server.GrpcService (ConfUtils.java:logGet(46)) - raft.grpc.message.size.max = 32MB (=33554432) (custom)
2023-01-19 21:16:02,962 [Listener at 127.0.0.1/34089] INFO  server.RaftServerConfigKeys (ConfUtils.java:logGet(46)) - raft.server.log.appender.buffer.byte-limit = 33554432 (custom)
2023-01-19 21:16:02,962 [Listener at 127.0.0.1/34089] INFO  server.GrpcService (ConfUtils.java:logGet(46)) - raft.grpc.flow.control.window = 5MB (=5242880) (custom)
2023-01-19 21:16:02,962 [Listener at 127.0.0.1/34089] INFO  server.RaftServerConfigKeys (ConfUtils.java:logGet(46)) - raft.server.rpc.request.timeout = 60s (custom)
2023-01-19 21:16:02,963 [Listener at 127.0.0.1/34089] INFO  grpc.GrpcConfigKeys (ConfUtils.java:logGet(46)) - raft.grpc.server.heartbeat.channel = true (default)
2023-01-19 21:16:02,963 [Listener at 127.0.0.1/34089] INFO  grpc.GrpcConfigKeys (ConfUtils.java:logGet(46)) - raft.grpc.server.async.request.thread.pool.cached = true (default)
2023-01-19 21:16:02,963 [Listener at 127.0.0.1/34089] INFO  grpc.GrpcConfigKeys (ConfUtils.java:logGet(46)) - raft.grpc.server.async.request.thread.pool.size = 32 (default)
2023-01-19 21:16:02,964 [Listener at 127.0.0.1/34089] INFO  impl.DataStreamServerImpl (ConfUtils.java:logGet(46)) - raft.datastream.type = NETTY (custom)
2023-01-19 21:16:02,964 [Listener at 127.0.0.1/34089] INFO  server.RaftServerConfigKeys (ConfUtils.java:logGet(46)) - raft.server.data-stream.async.request.thread.pool.cached = false (default)
2023-01-19 21:16:02,964 [Listener at 127.0.0.1/34089] INFO  server.RaftServerConfigKeys (ConfUtils.java:logGet(46)) - raft.server.data-stream.async.request.thread.pool.size = 20 (custom)
2023-01-19 21:16:02,964 [Listener at 127.0.0.1/34089] INFO  server.RaftServerConfigKeys (ConfUtils.java:logGet(46)) - raft.server.data-stream.async.write.thread.pool.size = 16 (default)
2023-01-19 21:16:02,965 [Listener at 127.0.0.1/34089] INFO  server.RaftServerConfigKeys (ConfUtils.java:logGet(46)) - raft.server.data-stream.client.pool.size = 10 (default)
2023-01-19 21:16:02,965 [Listener at 127.0.0.1/34089] INFO  netty.NettyConfigKeys$DataStream (ConfUtils.java:logGet(46)) - raft.netty.dataStream.server.use-epoll = false (default)
2023-01-19 21:16:02,965 [Listener at 127.0.0.1/34089] INFO  netty.NettyConfigKeys$DataStream (ConfUtils.java:logGet(46)) - raft.netty.dataStream.server.boss-group.size = 0 (default)
2023-01-19 21:16:02,965 [Listener at 127.0.0.1/34089] INFO  netty.NettyConfigKeys$DataStream (ConfUtils.java:logGet(46)) - raft.netty.dataStream.server.worker-group.size = 0 (default)
2023-01-19 21:16:02,965 [Listener at 127.0.0.1/34089] INFO  netty.NettyConfigKeys$DataStream (ConfUtils.java:logGet(46)) - raft.netty.dataStream.server.tls.conf = null (default)
2023-01-19 21:16:02,966 [Listener at 127.0.0.1/34089] INFO  netty.NettyConfigKeys$DataStream (ConfUtils.java:logGet(46)) - raft.netty.dataStream.host = null (default)
2023-01-19 21:16:02,966 [Listener at 127.0.0.1/34089] INFO  netty.NettyConfigKeys$DataStream (ConfUtils.java:logGet(46)) - raft.netty.dataStream.port = 0 (default)
2023-01-19 21:16:02,968 [Listener at 127.0.0.1/34089] INFO  server.RaftServerConfigKeys (ConfUtils.java:logGet(46)) - raft.server.threadpool.proxy.cached = true (default)
2023-01-19 21:16:02,968 [Listener at 127.0.0.1/34089] INFO  server.RaftServerConfigKeys (ConfUtils.java:logGet(46)) - raft.server.threadpool.proxy.size = 0 (default)
2023-01-19 21:16:02,970 [Listener at 127.0.0.1/34089] INFO  server.RaftServerConfigKeys (ConfUtils.java:logGet(46)) - raft.server.rpc.slowness.timeout = 300s (custom)
2023-01-19 21:16:02,970 [Listener at 127.0.0.1/34089] INFO  server.RaftServerConfigKeys (ConfUtils.java:logGet(46)) - raft.server.leaderelection.leader.step-down.wait-time = 10s (default)
2023-01-19 21:16:02,971 [Listener at 127.0.0.1/34089] INFO  server.RaftServerConfigKeys (ConfUtils.java:logGet(46)) - raft.server.storage.dir = [/home/runner/work/ozone/ozone/hadoop-ozone/integration-test/target/test-dir/MiniOzoneClusterImpl-df602b49-e577-4a1d-ae00-d896acd8b89d/datanode-4/data/ratis] (custom)
2023-01-19 21:16:02,977 [Listener at 127.0.0.1/34089] INFO  server.XceiverServerGrpc (XceiverServerGrpc.java:<init>(132)) - GrpcServer channel type EpollServerSocketChannel
2023-01-19 21:16:02,984 [644b7e96-e81f-4c38-853b-c70c4b8809a7-NettyServerStreamRpc-bossGroup--thread1] INFO  logging.LoggingHandler (AbstractInternalLogger.java:log(148)) - [id: 0xc05ccf33] REGISTERED
2023-01-19 21:16:02,985 [644b7e96-e81f-4c38-853b-c70c4b8809a7-NettyServerStreamRpc-bossGroup--thread1] INFO  logging.LoggingHandler (AbstractInternalLogger.java:log(148)) - [id: 0xc05ccf33] BIND: 0.0.0.0/0.0.0.0:0
2023-01-19 21:16:02,985 [644b7e96-e81f-4c38-853b-c70c4b8809a7-NettyServerStreamRpc-bossGroup--thread1] INFO  logging.LoggingHandler (AbstractInternalLogger.java:log(148)) - [id: 0xc05ccf33, L:/0:0:0:0:0:0:0:0:33363] ACTIVE
2023-01-19 21:16:02,987 [Listener at 127.0.0.1/34089] INFO  http.BaseHttpServer (BaseHttpServer.java:newHttpServer2BuilderForOzone(213)) - Starting Web-server for hddsDatanode at: http://0.0.0.0:0
2023-01-19 21:16:02,987 [Listener at 127.0.0.1/34089] INFO  http.BaseHttpServer (BaseHttpServer.java:<init>(108)) - Hadoop Security Enabled: false Ozone Security Enabled: false Ozone HTTP Security Enabled: false 
2023-01-19 21:16:02,988 [Listener at 127.0.0.1/34089] WARN  server.AuthenticationFilter (AuthenticationFilter.java:constructSecretProvider(240)) - Unable to initialize FileSignerSecretProvider, falling back to use random secrets. Reason: Could not read signature secret file: /home/runner/hadoop-http-auth-signature-secret
2023-01-19 21:16:02,989 [Listener at 127.0.0.1/34089] WARN  http.HttpRequestLog (HttpRequestLog.java:getRequestLog(103)) - Jetty request log can only be enabled using Log4j
2023-01-19 21:16:02,990 [Listener at 127.0.0.1/34089] INFO  http.HttpServer2 (HttpServer2.java:addGlobalFilter(1031)) - Added global filter 'safety' (class=org.apache.hadoop.hdds.server.http.HttpServer2$QuotingInputFilter)
2023-01-19 21:16:02,991 [Listener at 127.0.0.1/34089] INFO  http.HttpServer2 (HttpServer2.java:addFilter(1007)) - Added filter static_user_filter (class=org.apache.hadoop.http.lib.StaticUserWebFilter$StaticUserFilter) to context hddsDatanode
2023-01-19 21:16:02,991 [Listener at 127.0.0.1/34089] INFO  http.HttpServer2 (HttpServer2.java:addFilter(1015)) - Added filter static_user_filter (class=org.apache.hadoop.http.lib.StaticUserWebFilter$StaticUserFilter) to context static
2023-01-19 21:16:02,991 [Listener at 127.0.0.1/34089] INFO  http.HttpServer2 (HttpServer2.java:addFilter(1015)) - Added filter static_user_filter (class=org.apache.hadoop.http.lib.StaticUserWebFilter$StaticUserFilter) to context logs
2023-01-19 21:16:02,992 [Listener at 127.0.0.1/34089] INFO  http.HttpServer2 (HttpServer2.java:bindListener(1250)) - Jetty bound to port 41113
2023-01-19 21:16:02,992 [Listener at 127.0.0.1/34089] INFO  server.Server (Server.java:doStart(375)) - jetty-9.4.49.v20220914; built: 2022-09-14T01:07:36.601Z; git: 4231a3b2e4cb8548a412a789936d640a97b1aa0a; jvm 1.8.0_352-b08
2023-01-19 21:16:02,994 [Listener at 127.0.0.1/34089] INFO  server.session (DefaultSessionIdManager.java:doStart(334)) - DefaultSessionIdManager workerName=node0
2023-01-19 21:16:02,994 [Listener at 127.0.0.1/34089] INFO  server.session (DefaultSessionIdManager.java:doStart(339)) - No SessionScavenger set, using defaults
2023-01-19 21:16:02,994 [Listener at 127.0.0.1/34089] INFO  server.session (HouseKeeper.java:startScavenging(132)) - node0 Scavenging every 660000ms
2023-01-19 21:16:02,995 [Listener at 127.0.0.1/34089] INFO  handler.ContextHandler (ContextHandler.java:doStart(921)) - Started o.e.j.s.ServletContextHandler@7d1e54a6{logs,/logs,file:///home/runner/work/ozone/ozone/hadoop-ozone/integration-test/target/log,AVAILABLE}
2023-01-19 21:16:02,995 [Listener at 127.0.0.1/34089] INFO  handler.ContextHandler (ContextHandler.java:doStart(921)) - Started o.e.j.s.ServletContextHandler@59996bfc{static,/static,jar:file:/home/runner/.m2/repository/org/apache/ozone/hdds-container-service/1.4.0-SNAPSHOT/hdds-container-service-1.4.0-SNAPSHOT.jar!/webapps/static,AVAILABLE}
2023-01-19 21:16:03,165 [Listener at 127.0.0.1/34089] INFO  handler.ContextHandler (ContextHandler.java:doStart(921)) - Started o.e.j.w.WebAppContext@5733df81{hddsDatanode,/,file:///tmp/jetty-0_0_0_0-41113-hdds-container-service-1_4_0-SNAPSHOT_jar-_-any-3458719911649320382/webapp/,AVAILABLE}{jar:file:/home/runner/.m2/repository/org/apache/ozone/hdds-container-service/1.4.0-SNAPSHOT/hdds-container-service-1.4.0-SNAPSHOT.jar!/webapps/hddsDatanode}
2023-01-19 21:16:03,167 [Listener at 127.0.0.1/34089] INFO  server.AbstractConnector (AbstractConnector.java:doStart(333)) - Started ServerConnector@6e0e8b7b{HTTP/1.1, (http/1.1)}{0.0.0.0:41113}
2023-01-19 21:16:03,167 [Listener at 127.0.0.1/34089] INFO  server.Server (Server.java:doStart(415)) - Started @10195ms
2023-01-19 21:16:03,167 [Listener at 127.0.0.1/34089] WARN  impl.MetricsSystemImpl (MetricsSystemImpl.java:register(279)) - Sink prometheus already exists!
2023-01-19 21:16:03,168 [Listener at 127.0.0.1/34089] INFO  http.BaseHttpServer (BaseHttpServer.java:updateConnectorAddress(333)) - HTTP server of hddsDatanode listening at http://0.0.0.0:41113
2023-01-19 21:16:03,168 [Datanode State Machine Daemon Thread] INFO  statemachine.DatanodeStateMachine (DatanodeStateMachine.java:lambda$startDaemon$0(508)) - Ozone container server started.
2023-01-19 21:16:03,172 [Listener at 127.0.0.1/34089] WARN  impl.MetricRegistriesImpl (MetricRegistriesImpl.java:addReporterRegistration(111)) - New reporters are added after registries were created. Some metrics will be missing from the reporter. Please add reporter before adding any new registry.
2023-01-19 21:16:03,173 [Listener at 127.0.0.1/34089] WARN  impl.MetricRegistriesImpl (MetricRegistriesImpl.java:addReporterRegistration(111)) - New reporters are added after registries were created. Some metrics will be missing from the reporter. Please add reporter before adding any new registry.
2023-01-19 21:16:03,173 [Listener at 127.0.0.1/34089] INFO  impl.MetricsSystemImpl (MetricsSystemImpl.java:init(158)) - HddsDatanode metrics system started (again)
2023-01-19 21:16:03,176 [org.apache.hadoop.util.JvmPauseMonitor$Monitor@20299054] INFO  util.JvmPauseMonitor (JvmPauseMonitor.java:run(188)) - Starting JVM pause monitor
2023-01-19 21:16:03,180 [Datanode State Machine Task Thread - 0] INFO  datanode.InitDatanodeState (InitDatanodeState.java:persistContainerDatanodeDetails(138)) - DatanodeDetails is persisted to /home/runner/work/ozone/ozone/hadoop-ozone/integration-test/target/test-dir/MiniOzoneClusterImpl-df602b49-e577-4a1d-ae00-d896acd8b89d/datanode-4/meta/datanode.id
2023-01-19 21:16:03,187 [Listener at 127.0.0.1/34089] INFO  ozone.HddsDatanodeService (HddsDatanodeService.java:start(228)) - HddsDatanodeService host:fv-az353-460.tkyx2seitsuu3nmpmouz2httfb.bx.internal.cloudapp.net ip:10.1.0.40
2023-01-19 21:16:03,205 [Listener at 127.0.0.1/34089] INFO  upgrade.AbstractLayoutVersionManager (AbstractLayoutVersionManager.java:init(83)) - Initializing Layout version manager with metadata layout = DATANODE_SCHEMA_V3 (version = 4), software layout = DATANODE_SCHEMA_V3 (version = 4)
2023-01-19 21:16:03,254 [Listener at 127.0.0.1/34089] INFO  reflections.Reflections (Reflections.java:scan(232)) - Reflections took 47 ms to scan 7 urls, producing 146 keys and 350 values 
2023-01-19 21:16:03,256 [Listener at 127.0.0.1/34089] INFO  statemachine.DatanodeStateMachine (DatanodeStateMachine.java:getEndPointTaskThreadPoolSize(248)) - Datanode State Machine Task Thread Pool size 2
2023-01-19 21:16:03,261 [Listener at 127.0.0.1/34089] INFO  volume.HddsVolume (HddsVolume.java:<init>(117)) - Creating HddsVolume: /home/runner/work/ozone/ozone/hadoop-ozone/integration-test/target/test-dir/MiniOzoneClusterImpl-df602b49-e577-4a1d-ae00-d896acd8b89d/datanode-5/data-0/containers/hdds of storage type : DISK capacity : 9223372036854775807
2023-01-19 21:16:03,261 [Listener at 127.0.0.1/34089] INFO  volume.MutableVolumeSet (MutableVolumeSet.java:initializeVolumeSet(174)) - Added Volume : /home/runner/work/ozone/ozone/hadoop-ozone/integration-test/target/test-dir/MiniOzoneClusterImpl-df602b49-e577-4a1d-ae00-d896acd8b89d/datanode-5/data-0/containers/hdds to VolumeSet
2023-01-19 21:16:03,261 [Listener at 127.0.0.1/34089] INFO  volume.ThrottledAsyncChecker (ThrottledAsyncChecker.java:schedule(141)) - Scheduling a check for /home/runner/work/ozone/ozone/hadoop-ozone/integration-test/target/test-dir/MiniOzoneClusterImpl-df602b49-e577-4a1d-ae00-d896acd8b89d/datanode-5/data-0/containers/hdds
2023-01-19 21:16:03,262 [Listener at 127.0.0.1/34089] INFO  volume.StorageVolumeChecker (StorageVolumeChecker.java:checkAllVolumes(202)) - Scheduled health check for volume /home/runner/work/ozone/ozone/hadoop-ozone/integration-test/target/test-dir/MiniOzoneClusterImpl-df602b49-e577-4a1d-ae00-d896acd8b89d/datanode-5/data-0/containers/hdds
2023-01-19 21:16:03,274 [Listener at 127.0.0.1/34089] INFO  volume.MutableVolumeSet (MutableVolumeSet.java:initializeVolumeSet(174)) - Added Volume : /home/runner/work/ozone/ozone/hadoop-ozone/integration-test/target/test-dir/MiniOzoneClusterImpl-df602b49-e577-4a1d-ae00-d896acd8b89d/datanode-5/data/ratis to VolumeSet
2023-01-19 21:16:03,274 [Listener at 127.0.0.1/34089] INFO  volume.ThrottledAsyncChecker (ThrottledAsyncChecker.java:schedule(141)) - Scheduling a check for /home/runner/work/ozone/ozone/hadoop-ozone/integration-test/target/test-dir/MiniOzoneClusterImpl-df602b49-e577-4a1d-ae00-d896acd8b89d/datanode-5/data/ratis
2023-01-19 21:16:03,274 [Listener at 127.0.0.1/34089] INFO  volume.StorageVolumeChecker (StorageVolumeChecker.java:checkAllVolumes(202)) - Scheduled health check for volume /home/runner/work/ozone/ozone/hadoop-ozone/integration-test/target/test-dir/MiniOzoneClusterImpl-df602b49-e577-4a1d-ae00-d896acd8b89d/datanode-5/data/ratis
2023-01-19 21:16:03,286 [Thread-208] INFO  ozoneimpl.ContainerReader (ContainerReader.java:readVolume(175)) - Finish verifying containers on volume /home/runner/work/ozone/ozone/hadoop-ozone/integration-test/target/test-dir/MiniOzoneClusterImpl-df602b49-e577-4a1d-ae00-d896acd8b89d/datanode-5/data-0/containers/hdds
2023-01-19 21:16:03,286 [Listener at 127.0.0.1/34089] INFO  ozoneimpl.OzoneContainer (OzoneContainer.java:buildContainerSet(301)) - Build ContainerSet costs 0s
2023-01-19 21:16:03,289 [Listener at 127.0.0.1/34089] INFO  server.RaftServer (ConfUtils.java:logGet(46)) - raft.rpc.type = GRPC (default)
2023-01-19 21:16:03,289 [Listener at 127.0.0.1/34089] INFO  grpc.GrpcConfigKeys (ConfUtils.java:logFallback(53)) - raft.grpc.admin.host = null (fallback to raft.grpc.server.host)
2023-01-19 21:16:03,290 [Listener at 127.0.0.1/34089] INFO  grpc.GrpcConfigKeys (ConfUtils.java:logGet(46)) - raft.grpc.admin.port = 0 (custom)
2023-01-19 21:16:03,290 [Listener at 127.0.0.1/34089] INFO  grpc.GrpcConfigKeys (ConfUtils.java:logFallback(53)) - raft.grpc.client.host = null (fallback to raft.grpc.server.host)
2023-01-19 21:16:03,290 [Listener at 127.0.0.1/34089] INFO  grpc.GrpcConfigKeys (ConfUtils.java:logGet(46)) - raft.grpc.client.port = 0 (custom)
2023-01-19 21:16:03,290 [Listener at 127.0.0.1/34089] INFO  grpc.GrpcConfigKeys (ConfUtils.java:logGet(46)) - raft.grpc.server.host = null (default)
2023-01-19 21:16:03,290 [Listener at 127.0.0.1/34089] INFO  grpc.GrpcConfigKeys (ConfUtils.java:logGet(46)) - raft.grpc.server.port = 0 (default)
2023-01-19 21:16:03,290 [Listener at 127.0.0.1/34089] INFO  server.GrpcService (ConfUtils.java:logGet(46)) - raft.grpc.message.size.max = 32MB (=33554432) (custom)
2023-01-19 21:16:03,290 [Listener at 127.0.0.1/34089] INFO  server.RaftServerConfigKeys (ConfUtils.java:logGet(46)) - raft.server.log.appender.buffer.byte-limit = 33554432 (custom)
2023-01-19 21:16:03,290 [Listener at 127.0.0.1/34089] INFO  server.GrpcService (ConfUtils.java:logGet(46)) - raft.grpc.flow.control.window = 5MB (=5242880) (custom)
2023-01-19 21:16:03,290 [Listener at 127.0.0.1/34089] INFO  server.RaftServerConfigKeys (ConfUtils.java:logGet(46)) - raft.server.rpc.request.timeout = 60s (custom)
2023-01-19 21:16:03,290 [Listener at 127.0.0.1/34089] INFO  grpc.GrpcConfigKeys (ConfUtils.java:logGet(46)) - raft.grpc.server.heartbeat.channel = true (default)
2023-01-19 21:16:03,290 [Listener at 127.0.0.1/34089] INFO  grpc.GrpcConfigKeys (ConfUtils.java:logGet(46)) - raft.grpc.server.async.request.thread.pool.cached = true (default)
2023-01-19 21:16:03,291 [Listener at 127.0.0.1/34089] INFO  grpc.GrpcConfigKeys (ConfUtils.java:logGet(46)) - raft.grpc.server.async.request.thread.pool.size = 32 (default)
2023-01-19 21:16:03,292 [Listener at 127.0.0.1/34089] INFO  impl.DataStreamServerImpl (ConfUtils.java:logGet(46)) - raft.datastream.type = NETTY (custom)
2023-01-19 21:16:03,292 [Listener at 127.0.0.1/34089] INFO  server.RaftServerConfigKeys (ConfUtils.java:logGet(46)) - raft.server.data-stream.async.request.thread.pool.cached = false (default)
2023-01-19 21:16:03,292 [Listener at 127.0.0.1/34089] INFO  server.RaftServerConfigKeys (ConfUtils.java:logGet(46)) - raft.server.data-stream.async.request.thread.pool.size = 20 (custom)
2023-01-19 21:16:03,293 [Listener at 127.0.0.1/34089] INFO  server.RaftServerConfigKeys (ConfUtils.java:logGet(46)) - raft.server.data-stream.async.write.thread.pool.size = 16 (default)
2023-01-19 21:16:03,293 [Listener at 127.0.0.1/34089] INFO  server.RaftServerConfigKeys (ConfUtils.java:logGet(46)) - raft.server.data-stream.client.pool.size = 10 (default)
2023-01-19 21:16:03,293 [Listener at 127.0.0.1/34089] INFO  netty.NettyConfigKeys$DataStream (ConfUtils.java:logGet(46)) - raft.netty.dataStream.server.use-epoll = false (default)
2023-01-19 21:16:03,293 [Listener at 127.0.0.1/34089] INFO  netty.NettyConfigKeys$DataStream (ConfUtils.java:logGet(46)) - raft.netty.dataStream.server.boss-group.size = 0 (default)
2023-01-19 21:16:03,293 [Listener at 127.0.0.1/34089] INFO  netty.NettyConfigKeys$DataStream (ConfUtils.java:logGet(46)) - raft.netty.dataStream.server.worker-group.size = 0 (default)
2023-01-19 21:16:03,294 [Listener at 127.0.0.1/34089] INFO  netty.NettyConfigKeys$DataStream (ConfUtils.java:logGet(46)) - raft.netty.dataStream.server.tls.conf = null (default)
2023-01-19 21:16:03,294 [Listener at 127.0.0.1/34089] INFO  netty.NettyConfigKeys$DataStream (ConfUtils.java:logGet(46)) - raft.netty.dataStream.host = null (default)
2023-01-19 21:16:03,294 [Listener at 127.0.0.1/34089] INFO  netty.NettyConfigKeys$DataStream (ConfUtils.java:logGet(46)) - raft.netty.dataStream.port = 0 (default)
2023-01-19 21:16:03,299 [Listener at 127.0.0.1/34089] INFO  server.RaftServerConfigKeys (ConfUtils.java:logGet(46)) - raft.server.threadpool.proxy.cached = true (default)
2023-01-19 21:16:03,299 [Listener at 127.0.0.1/34089] INFO  server.RaftServerConfigKeys (ConfUtils.java:logGet(46)) - raft.server.threadpool.proxy.size = 0 (default)
2023-01-19 21:16:03,299 [Listener at 127.0.0.1/34089] INFO  server.RaftServerConfigKeys (ConfUtils.java:logGet(46)) - raft.server.rpc.slowness.timeout = 300s (custom)
2023-01-19 21:16:03,299 [Listener at 127.0.0.1/34089] INFO  server.RaftServerConfigKeys (ConfUtils.java:logGet(46)) - raft.server.leaderelection.leader.step-down.wait-time = 10s (default)
2023-01-19 21:16:03,300 [Listener at 127.0.0.1/34089] INFO  server.RaftServerConfigKeys (ConfUtils.java:logGet(46)) - raft.server.storage.dir = [/home/runner/work/ozone/ozone/hadoop-ozone/integration-test/target/test-dir/MiniOzoneClusterImpl-df602b49-e577-4a1d-ae00-d896acd8b89d/datanode-5/data/ratis] (custom)
2023-01-19 21:16:03,302 [466e37ce-bab8-43e3-8861-d2a29ea05bd5-NettyServerStreamRpc-bossGroup--thread1] INFO  logging.LoggingHandler (AbstractInternalLogger.java:log(148)) - [id: 0x21a4209f] REGISTERED
2023-01-19 21:16:03,302 [466e37ce-bab8-43e3-8861-d2a29ea05bd5-NettyServerStreamRpc-bossGroup--thread1] INFO  logging.LoggingHandler (AbstractInternalLogger.java:log(148)) - [id: 0x21a4209f] BIND: 0.0.0.0/0.0.0.0:0
2023-01-19 21:16:03,302 [466e37ce-bab8-43e3-8861-d2a29ea05bd5-NettyServerStreamRpc-bossGroup--thread1] INFO  logging.LoggingHandler (AbstractInternalLogger.java:log(148)) - [id: 0x21a4209f, L:/0:0:0:0:0:0:0:0:46349] ACTIVE
2023-01-19 21:16:03,304 [Listener at 127.0.0.1/34089] INFO  server.XceiverServerGrpc (XceiverServerGrpc.java:<init>(132)) - GrpcServer channel type EpollServerSocketChannel
2023-01-19 21:16:03,311 [Listener at 127.0.0.1/34089] INFO  http.BaseHttpServer (BaseHttpServer.java:newHttpServer2BuilderForOzone(213)) - Starting Web-server for hddsDatanode at: http://0.0.0.0:0
2023-01-19 21:16:03,312 [Listener at 127.0.0.1/34089] INFO  http.BaseHttpServer (BaseHttpServer.java:<init>(108)) - Hadoop Security Enabled: false Ozone Security Enabled: false Ozone HTTP Security Enabled: false 
2023-01-19 21:16:03,314 [Listener at 127.0.0.1/34089] WARN  server.AuthenticationFilter (AuthenticationFilter.java:constructSecretProvider(240)) - Unable to initialize FileSignerSecretProvider, falling back to use random secrets. Reason: Could not read signature secret file: /home/runner/hadoop-http-auth-signature-secret
2023-01-19 21:16:03,317 [Listener at 127.0.0.1/34089] WARN  http.HttpRequestLog (HttpRequestLog.java:getRequestLog(103)) - Jetty request log can only be enabled using Log4j
2023-01-19 21:16:03,319 [Listener at 127.0.0.1/34089] INFO  http.HttpServer2 (HttpServer2.java:addGlobalFilter(1031)) - Added global filter 'safety' (class=org.apache.hadoop.hdds.server.http.HttpServer2$QuotingInputFilter)
2023-01-19 21:16:03,320 [Listener at 127.0.0.1/34089] INFO  http.HttpServer2 (HttpServer2.java:addFilter(1007)) - Added filter static_user_filter (class=org.apache.hadoop.http.lib.StaticUserWebFilter$StaticUserFilter) to context hddsDatanode
2023-01-19 21:16:03,320 [Listener at 127.0.0.1/34089] INFO  http.HttpServer2 (HttpServer2.java:addFilter(1015)) - Added filter static_user_filter (class=org.apache.hadoop.http.lib.StaticUserWebFilter$StaticUserFilter) to context static
2023-01-19 21:16:03,320 [Listener at 127.0.0.1/34089] INFO  http.HttpServer2 (HttpServer2.java:addFilter(1015)) - Added filter static_user_filter (class=org.apache.hadoop.http.lib.StaticUserWebFilter$StaticUserFilter) to context logs
2023-01-19 21:16:03,321 [Listener at 127.0.0.1/34089] INFO  http.HttpServer2 (HttpServer2.java:bindListener(1250)) - Jetty bound to port 33405
2023-01-19 21:16:03,321 [Listener at 127.0.0.1/34089] INFO  server.Server (Server.java:doStart(375)) - jetty-9.4.49.v20220914; built: 2022-09-14T01:07:36.601Z; git: 4231a3b2e4cb8548a412a789936d640a97b1aa0a; jvm 1.8.0_352-b08
2023-01-19 21:16:03,323 [Listener at 127.0.0.1/34089] INFO  server.session (DefaultSessionIdManager.java:doStart(334)) - DefaultSessionIdManager workerName=node0
2023-01-19 21:16:03,323 [Listener at 127.0.0.1/34089] INFO  server.session (DefaultSessionIdManager.java:doStart(339)) - No SessionScavenger set, using defaults
2023-01-19 21:16:03,323 [Listener at 127.0.0.1/34089] INFO  server.session (HouseKeeper.java:startScavenging(132)) - node0 Scavenging every 600000ms
2023-01-19 21:16:03,324 [Listener at 127.0.0.1/34089] INFO  handler.ContextHandler (ContextHandler.java:doStart(921)) - Started o.e.j.s.ServletContextHandler@5f9e5fec{logs,/logs,file:///home/runner/work/ozone/ozone/hadoop-ozone/integration-test/target/log,AVAILABLE}
2023-01-19 21:16:03,325 [Listener at 127.0.0.1/34089] INFO  handler.ContextHandler (ContextHandler.java:doStart(921)) - Started o.e.j.s.ServletContextHandler@e95b49{static,/static,jar:file:/home/runner/.m2/repository/org/apache/ozone/hdds-container-service/1.4.0-SNAPSHOT/hdds-container-service-1.4.0-SNAPSHOT.jar!/webapps/static,AVAILABLE}
2023-01-19 21:16:03,499 [Listener at 127.0.0.1/34089] INFO  handler.ContextHandler (ContextHandler.java:doStart(921)) - Started o.e.j.w.WebAppContext@57e0b2fa{hddsDatanode,/,file:///tmp/jetty-0_0_0_0-33405-hdds-container-service-1_4_0-SNAPSHOT_jar-_-any-7532844379555353936/webapp/,AVAILABLE}{jar:file:/home/runner/.m2/repository/org/apache/ozone/hdds-container-service/1.4.0-SNAPSHOT/hdds-container-service-1.4.0-SNAPSHOT.jar!/webapps/hddsDatanode}
2023-01-19 21:16:03,500 [Listener at 127.0.0.1/34089] INFO  server.AbstractConnector (AbstractConnector.java:doStart(333)) - Started ServerConnector@3d1b13a{HTTP/1.1, (http/1.1)}{0.0.0.0:33405}
2023-01-19 21:16:03,501 [Listener at 127.0.0.1/34089] INFO  server.Server (Server.java:doStart(415)) - Started @10529ms
2023-01-19 21:16:03,501 [Listener at 127.0.0.1/34089] WARN  impl.MetricsSystemImpl (MetricsSystemImpl.java:register(279)) - Sink prometheus already exists!
2023-01-19 21:16:03,501 [Listener at 127.0.0.1/34089] INFO  http.BaseHttpServer (BaseHttpServer.java:updateConnectorAddress(333)) - HTTP server of hddsDatanode listening at http://0.0.0.0:33405
2023-01-19 21:16:03,504 [Datanode State Machine Daemon Thread] INFO  statemachine.DatanodeStateMachine (DatanodeStateMachine.java:lambda$startDaemon$0(508)) - Ozone container server started.
2023-01-19 21:16:03,506 [Listener at 127.0.0.1/34089] WARN  impl.MetricRegistriesImpl (MetricRegistriesImpl.java:addReporterRegistration(111)) - New reporters are added after registries were created. Some metrics will be missing from the reporter. Please add reporter before adding any new registry.
2023-01-19 21:16:03,506 [Listener at 127.0.0.1/34089] WARN  impl.MetricRegistriesImpl (MetricRegistriesImpl.java:addReporterRegistration(111)) - New reporters are added after registries were created. Some metrics will be missing from the reporter. Please add reporter before adding any new registry.
2023-01-19 21:16:03,506 [Listener at 127.0.0.1/34089] INFO  impl.MetricsSystemImpl (MetricsSystemImpl.java:init(158)) - HddsDatanode metrics system started (again)
2023-01-19 21:16:03,518 [org.apache.hadoop.util.JvmPauseMonitor$Monitor@19a1a604] INFO  util.JvmPauseMonitor (JvmPauseMonitor.java:run(188)) - Starting JVM pause monitor
2023-01-19 21:16:03,520 [Listener at 127.0.0.1/34089] INFO  ozone.HddsDatanodeService (HddsDatanodeService.java:start(228)) - HddsDatanodeService host:fv-az353-460.tkyx2seitsuu3nmpmouz2httfb.bx.internal.cloudapp.net ip:10.1.0.40
2023-01-19 21:16:03,526 [Datanode State Machine Task Thread - 0] INFO  datanode.InitDatanodeState (InitDatanodeState.java:persistContainerDatanodeDetails(138)) - DatanodeDetails is persisted to /home/runner/work/ozone/ozone/hadoop-ozone/integration-test/target/test-dir/MiniOzoneClusterImpl-df602b49-e577-4a1d-ae00-d896acd8b89d/datanode-5/meta/datanode.id
2023-01-19 21:16:03,542 [Listener at 127.0.0.1/34089] INFO  upgrade.AbstractLayoutVersionManager (AbstractLayoutVersionManager.java:init(83)) - Initializing Layout version manager with metadata layout = DATANODE_SCHEMA_V3 (version = 4), software layout = DATANODE_SCHEMA_V3 (version = 4)
2023-01-19 21:16:03,609 [Listener at 127.0.0.1/34089] INFO  reflections.Reflections (Reflections.java:scan(232)) - Reflections took 64 ms to scan 7 urls, producing 146 keys and 350 values 
2023-01-19 21:16:03,615 [Listener at 127.0.0.1/34089] INFO  statemachine.DatanodeStateMachine (DatanodeStateMachine.java:getEndPointTaskThreadPoolSize(248)) - Datanode State Machine Task Thread Pool size 2
2023-01-19 21:16:03,628 [Listener at 127.0.0.1/34089] INFO  volume.HddsVolume (HddsVolume.java:<init>(117)) - Creating HddsVolume: /home/runner/work/ozone/ozone/hadoop-ozone/integration-test/target/test-dir/MiniOzoneClusterImpl-df602b49-e577-4a1d-ae00-d896acd8b89d/datanode-6/data-0/containers/hdds of storage type : DISK capacity : 9223372036854775807
2023-01-19 21:16:03,628 [Listener at 127.0.0.1/34089] INFO  volume.MutableVolumeSet (MutableVolumeSet.java:initializeVolumeSet(174)) - Added Volume : /home/runner/work/ozone/ozone/hadoop-ozone/integration-test/target/test-dir/MiniOzoneClusterImpl-df602b49-e577-4a1d-ae00-d896acd8b89d/datanode-6/data-0/containers/hdds to VolumeSet
2023-01-19 21:16:03,628 [Listener at 127.0.0.1/34089] INFO  volume.ThrottledAsyncChecker (ThrottledAsyncChecker.java:schedule(141)) - Scheduling a check for /home/runner/work/ozone/ozone/hadoop-ozone/integration-test/target/test-dir/MiniOzoneClusterImpl-df602b49-e577-4a1d-ae00-d896acd8b89d/datanode-6/data-0/containers/hdds
2023-01-19 21:16:03,639 [Listener at 127.0.0.1/34089] INFO  volume.StorageVolumeChecker (StorageVolumeChecker.java:checkAllVolumes(202)) - Scheduled health check for volume /home/runner/work/ozone/ozone/hadoop-ozone/integration-test/target/test-dir/MiniOzoneClusterImpl-df602b49-e577-4a1d-ae00-d896acd8b89d/datanode-6/data-0/containers/hdds
2023-01-19 21:16:03,651 [Listener at 127.0.0.1/34089] INFO  volume.MutableVolumeSet (MutableVolumeSet.java:initializeVolumeSet(174)) - Added Volume : /home/runner/work/ozone/ozone/hadoop-ozone/integration-test/target/test-dir/MiniOzoneClusterImpl-df602b49-e577-4a1d-ae00-d896acd8b89d/datanode-6/data/ratis to VolumeSet
2023-01-19 21:16:03,651 [Listener at 127.0.0.1/34089] INFO  volume.ThrottledAsyncChecker (ThrottledAsyncChecker.java:schedule(141)) - Scheduling a check for /home/runner/work/ozone/ozone/hadoop-ozone/integration-test/target/test-dir/MiniOzoneClusterImpl-df602b49-e577-4a1d-ae00-d896acd8b89d/datanode-6/data/ratis
2023-01-19 21:16:03,651 [Listener at 127.0.0.1/34089] INFO  volume.StorageVolumeChecker (StorageVolumeChecker.java:checkAllVolumes(202)) - Scheduled health check for volume /home/runner/work/ozone/ozone/hadoop-ozone/integration-test/target/test-dir/MiniOzoneClusterImpl-df602b49-e577-4a1d-ae00-d896acd8b89d/datanode-6/data/ratis
2023-01-19 21:16:03,720 [Thread-223] INFO  ozoneimpl.ContainerReader (ContainerReader.java:readVolume(175)) - Finish verifying containers on volume /home/runner/work/ozone/ozone/hadoop-ozone/integration-test/target/test-dir/MiniOzoneClusterImpl-df602b49-e577-4a1d-ae00-d896acd8b89d/datanode-6/data-0/containers/hdds
2023-01-19 21:16:03,720 [Listener at 127.0.0.1/34089] INFO  ozoneimpl.OzoneContainer (OzoneContainer.java:buildContainerSet(301)) - Build ContainerSet costs 0s
2023-01-19 21:16:03,723 [Listener at 127.0.0.1/34089] INFO  server.RaftServer (ConfUtils.java:logGet(46)) - raft.rpc.type = GRPC (default)
2023-01-19 21:16:03,723 [Listener at 127.0.0.1/34089] INFO  grpc.GrpcConfigKeys (ConfUtils.java:logFallback(53)) - raft.grpc.admin.host = null (fallback to raft.grpc.server.host)
2023-01-19 21:16:03,723 [Listener at 127.0.0.1/34089] INFO  grpc.GrpcConfigKeys (ConfUtils.java:logGet(46)) - raft.grpc.admin.port = 0 (custom)
2023-01-19 21:16:03,723 [Listener at 127.0.0.1/34089] INFO  grpc.GrpcConfigKeys (ConfUtils.java:logFallback(53)) - raft.grpc.client.host = null (fallback to raft.grpc.server.host)
2023-01-19 21:16:03,723 [Listener at 127.0.0.1/34089] INFO  grpc.GrpcConfigKeys (ConfUtils.java:logGet(46)) - raft.grpc.client.port = 0 (custom)
2023-01-19 21:16:03,723 [Listener at 127.0.0.1/34089] INFO  grpc.GrpcConfigKeys (ConfUtils.java:logGet(46)) - raft.grpc.server.host = null (default)
2023-01-19 21:16:03,724 [Listener at 127.0.0.1/34089] INFO  grpc.GrpcConfigKeys (ConfUtils.java:logGet(46)) - raft.grpc.server.port = 0 (default)
2023-01-19 21:16:03,724 [Listener at 127.0.0.1/34089] INFO  server.GrpcService (ConfUtils.java:logGet(46)) - raft.grpc.message.size.max = 32MB (=33554432) (custom)
2023-01-19 21:16:03,724 [Listener at 127.0.0.1/34089] INFO  server.RaftServerConfigKeys (ConfUtils.java:logGet(46)) - raft.server.log.appender.buffer.byte-limit = 33554432 (custom)
2023-01-19 21:16:03,724 [Listener at 127.0.0.1/34089] INFO  server.GrpcService (ConfUtils.java:logGet(46)) - raft.grpc.flow.control.window = 5MB (=5242880) (custom)
2023-01-19 21:16:03,724 [Listener at 127.0.0.1/34089] INFO  server.RaftServerConfigKeys (ConfUtils.java:logGet(46)) - raft.server.rpc.request.timeout = 60s (custom)
2023-01-19 21:16:03,724 [Listener at 127.0.0.1/34089] INFO  grpc.GrpcConfigKeys (ConfUtils.java:logGet(46)) - raft.grpc.server.heartbeat.channel = true (default)
2023-01-19 21:16:03,724 [Listener at 127.0.0.1/34089] INFO  grpc.GrpcConfigKeys (ConfUtils.java:logGet(46)) - raft.grpc.server.async.request.thread.pool.cached = true (default)
2023-01-19 21:16:03,724 [Listener at 127.0.0.1/34089] INFO  grpc.GrpcConfigKeys (ConfUtils.java:logGet(46)) - raft.grpc.server.async.request.thread.pool.size = 32 (default)
2023-01-19 21:16:03,726 [Listener at 127.0.0.1/34089] INFO  impl.DataStreamServerImpl (ConfUtils.java:logGet(46)) - raft.datastream.type = NETTY (custom)
2023-01-19 21:16:03,726 [Listener at 127.0.0.1/34089] INFO  server.RaftServerConfigKeys (ConfUtils.java:logGet(46)) - raft.server.data-stream.async.request.thread.pool.cached = false (default)
2023-01-19 21:16:03,726 [Listener at 127.0.0.1/34089] INFO  server.RaftServerConfigKeys (ConfUtils.java:logGet(46)) - raft.server.data-stream.async.request.thread.pool.size = 20 (custom)
2023-01-19 21:16:03,726 [Listener at 127.0.0.1/34089] INFO  server.RaftServerConfigKeys (ConfUtils.java:logGet(46)) - raft.server.data-stream.async.write.thread.pool.size = 16 (default)
2023-01-19 21:16:03,727 [Listener at 127.0.0.1/34089] INFO  server.RaftServerConfigKeys (ConfUtils.java:logGet(46)) - raft.server.data-stream.client.pool.size = 10 (default)
2023-01-19 21:16:03,727 [Listener at 127.0.0.1/34089] INFO  netty.NettyConfigKeys$DataStream (ConfUtils.java:logGet(46)) - raft.netty.dataStream.server.use-epoll = false (default)
2023-01-19 21:16:03,727 [Listener at 127.0.0.1/34089] INFO  netty.NettyConfigKeys$DataStream (ConfUtils.java:logGet(46)) - raft.netty.dataStream.server.boss-group.size = 0 (default)
2023-01-19 21:16:03,727 [Listener at 127.0.0.1/34089] INFO  netty.NettyConfigKeys$DataStream (ConfUtils.java:logGet(46)) - raft.netty.dataStream.server.worker-group.size = 0 (default)
2023-01-19 21:16:03,728 [Listener at 127.0.0.1/34089] INFO  netty.NettyConfigKeys$DataStream (ConfUtils.java:logGet(46)) - raft.netty.dataStream.server.tls.conf = null (default)
2023-01-19 21:16:03,728 [Listener at 127.0.0.1/34089] INFO  netty.NettyConfigKeys$DataStream (ConfUtils.java:logGet(46)) - raft.netty.dataStream.host = null (default)
2023-01-19 21:16:03,728 [Listener at 127.0.0.1/34089] INFO  netty.NettyConfigKeys$DataStream (ConfUtils.java:logGet(46)) - raft.netty.dataStream.port = 0 (default)
2023-01-19 21:16:03,729 [Listener at 127.0.0.1/34089] INFO  server.RaftServerConfigKeys (ConfUtils.java:logGet(46)) - raft.server.threadpool.proxy.cached = true (default)
2023-01-19 21:16:03,729 [Listener at 127.0.0.1/34089] INFO  server.RaftServerConfigKeys (ConfUtils.java:logGet(46)) - raft.server.threadpool.proxy.size = 0 (default)
2023-01-19 21:16:03,729 [Listener at 127.0.0.1/34089] INFO  server.RaftServerConfigKeys (ConfUtils.java:logGet(46)) - raft.server.rpc.slowness.timeout = 300s (custom)
2023-01-19 21:16:03,729 [Listener at 127.0.0.1/34089] INFO  server.RaftServerConfigKeys (ConfUtils.java:logGet(46)) - raft.server.leaderelection.leader.step-down.wait-time = 10s (default)
2023-01-19 21:16:03,729 [Listener at 127.0.0.1/34089] INFO  server.RaftServerConfigKeys (ConfUtils.java:logGet(46)) - raft.server.storage.dir = [/home/runner/work/ozone/ozone/hadoop-ozone/integration-test/target/test-dir/MiniOzoneClusterImpl-df602b49-e577-4a1d-ae00-d896acd8b89d/datanode-6/data/ratis] (custom)
2023-01-19 21:16:03,738 [3ef17d3f-5602-43d4-9aab-3516f470ca8d-NettyServerStreamRpc-bossGroup--thread1] INFO  logging.LoggingHandler (AbstractInternalLogger.java:log(148)) - [id: 0x72f04c13] REGISTERED
2023-01-19 21:16:03,738 [3ef17d3f-5602-43d4-9aab-3516f470ca8d-NettyServerStreamRpc-bossGroup--thread1] INFO  logging.LoggingHandler (AbstractInternalLogger.java:log(148)) - [id: 0x72f04c13] BIND: 0.0.0.0/0.0.0.0:0
2023-01-19 21:16:03,739 [3ef17d3f-5602-43d4-9aab-3516f470ca8d-NettyServerStreamRpc-bossGroup--thread1] INFO  logging.LoggingHandler (AbstractInternalLogger.java:log(148)) - [id: 0x72f04c13, L:/0:0:0:0:0:0:0:0:38191] ACTIVE
2023-01-19 21:16:03,741 [Listener at 127.0.0.1/34089] INFO  server.XceiverServerGrpc (XceiverServerGrpc.java:<init>(132)) - GrpcServer channel type EpollServerSocketChannel
2023-01-19 21:16:03,748 [Listener at 127.0.0.1/34089] INFO  http.BaseHttpServer (BaseHttpServer.java:newHttpServer2BuilderForOzone(213)) - Starting Web-server for hddsDatanode at: http://0.0.0.0:0
2023-01-19 21:16:03,748 [Listener at 127.0.0.1/34089] INFO  http.BaseHttpServer (BaseHttpServer.java:<init>(108)) - Hadoop Security Enabled: false Ozone Security Enabled: false Ozone HTTP Security Enabled: false 
2023-01-19 21:16:03,750 [Listener at 127.0.0.1/34089] WARN  server.AuthenticationFilter (AuthenticationFilter.java:constructSecretProvider(240)) - Unable to initialize FileSignerSecretProvider, falling back to use random secrets. Reason: Could not read signature secret file: /home/runner/hadoop-http-auth-signature-secret
2023-01-19 21:16:03,751 [Listener at 127.0.0.1/34089] WARN  http.HttpRequestLog (HttpRequestLog.java:getRequestLog(103)) - Jetty request log can only be enabled using Log4j
2023-01-19 21:16:03,752 [Listener at 127.0.0.1/34089] INFO  http.HttpServer2 (HttpServer2.java:addGlobalFilter(1031)) - Added global filter 'safety' (class=org.apache.hadoop.hdds.server.http.HttpServer2$QuotingInputFilter)
2023-01-19 21:16:03,753 [Listener at 127.0.0.1/34089] INFO  http.HttpServer2 (HttpServer2.java:addFilter(1007)) - Added filter static_user_filter (class=org.apache.hadoop.http.lib.StaticUserWebFilter$StaticUserFilter) to context hddsDatanode
2023-01-19 21:16:03,753 [Listener at 127.0.0.1/34089] INFO  http.HttpServer2 (HttpServer2.java:addFilter(1015)) - Added filter static_user_filter (class=org.apache.hadoop.http.lib.StaticUserWebFilter$StaticUserFilter) to context static
2023-01-19 21:16:03,754 [Listener at 127.0.0.1/34089] INFO  http.HttpServer2 (HttpServer2.java:addFilter(1015)) - Added filter static_user_filter (class=org.apache.hadoop.http.lib.StaticUserWebFilter$StaticUserFilter) to context logs
2023-01-19 21:16:03,754 [Listener at 127.0.0.1/34089] INFO  http.HttpServer2 (HttpServer2.java:bindListener(1250)) - Jetty bound to port 42921
2023-01-19 21:16:03,754 [Listener at 127.0.0.1/34089] INFO  server.Server (Server.java:doStart(375)) - jetty-9.4.49.v20220914; built: 2022-09-14T01:07:36.601Z; git: 4231a3b2e4cb8548a412a789936d640a97b1aa0a; jvm 1.8.0_352-b08
2023-01-19 21:16:03,769 [EndpointStateMachine task thread for /0.0.0.0:39377 - 0 ] INFO  utils.DatanodeStoreCache (DatanodeStoreCache.java:addDB(58)) - Added db /home/runner/work/ozone/ozone/hadoop-ozone/integration-test/target/test-dir/MiniOzoneClusterImpl-df602b49-e577-4a1d-ae00-d896acd8b89d/datanode-0/data-0/containers/hdds/df602b49-e577-4a1d-ae00-d896acd8b89d/DS-ba63c1ff-8fd6-4bdd-acca-6b45fd09cd0a/container.db to cache
2023-01-19 21:16:03,769 [EndpointStateMachine task thread for /0.0.0.0:39377 - 0 ] INFO  volume.HddsVolume (HddsVolume.java:createDbStore(307)) - SchemaV3 db is created and loaded at /home/runner/work/ozone/ozone/hadoop-ozone/integration-test/target/test-dir/MiniOzoneClusterImpl-df602b49-e577-4a1d-ae00-d896acd8b89d/datanode-0/data-0/containers/hdds/df602b49-e577-4a1d-ae00-d896acd8b89d/DS-ba63c1ff-8fd6-4bdd-acca-6b45fd09cd0a/container.db for volume DS-ba63c1ff-8fd6-4bdd-acca-6b45fd09cd0a
2023-01-19 21:16:03,772 [EndpointStateMachine task thread for /0.0.0.0:39377 - 0 ] INFO  ozoneimpl.OzoneContainer (OzoneContainer.java:start(395)) - Attempting to start container services.
2023-01-19 21:16:03,773 [Listener at 127.0.0.1/34089] INFO  server.session (DefaultSessionIdManager.java:doStart(334)) - DefaultSessionIdManager workerName=node0
2023-01-19 21:16:03,773 [Listener at 127.0.0.1/34089] INFO  server.session (DefaultSessionIdManager.java:doStart(339)) - No SessionScavenger set, using defaults
2023-01-19 21:16:03,773 [Listener at 127.0.0.1/34089] INFO  server.session (HouseKeeper.java:startScavenging(132)) - node0 Scavenging every 600000ms
2023-01-19 21:16:03,774 [Listener at 127.0.0.1/34089] INFO  handler.ContextHandler (ContextHandler.java:doStart(921)) - Started o.e.j.s.ServletContextHandler@579612f8{logs,/logs,file:///home/runner/work/ozone/ozone/hadoop-ozone/integration-test/target/log,AVAILABLE}
2023-01-19 21:16:03,775 [Listener at 127.0.0.1/34089] INFO  handler.ContextHandler (ContextHandler.java:doStart(921)) - Started o.e.j.s.ServletContextHandler@45a7770d{static,/static,jar:file:/home/runner/.m2/repository/org/apache/ozone/hdds-container-service/1.4.0-SNAPSHOT/hdds-container-service-1.4.0-SNAPSHOT.jar!/webapps/static,AVAILABLE}
2023-01-19 21:16:03,788 [EndpointStateMachine task thread for /0.0.0.0:39377 - 0 ] INFO  ozoneimpl.OzoneContainer (OzoneContainer.java:startContainerScrub(312)) - Scheduled background container scanners and the on-demand container scanner have been disabled.
2023-01-19 21:16:03,797 [EndpointStateMachine task thread for /0.0.0.0:39377 - 0 ] INFO  replication.ReplicationServer (ReplicationServer.java:start(106)) - ReplicationServer is started using port 45079
2023-01-19 21:16:03,800 [EndpointStateMachine task thread for /0.0.0.0:39377 - 0 ] INFO  ratis.XceiverServerRatis (XceiverServerRatis.java:start(517)) - Starting XceiverServerRatis 514168bb-47c6-4123-b047-b520965d68f2
2023-01-19 21:16:03,811 [EndpointStateMachine task thread for /0.0.0.0:39377 - 0 ] INFO  server.RaftServer (RaftServerProxy.java:startImpl(393)) - 514168bb-47c6-4123-b047-b520965d68f2: start RPC server
2023-01-19 21:16:03,819 [EndpointStateMachine task thread for /0.0.0.0:39377 - 0 ] INFO  server.GrpcService (GrpcService.java:startImpl(262)) - 514168bb-47c6-4123-b047-b520965d68f2: GrpcService started, listening on 32777
2023-01-19 21:16:03,828 [EndpointStateMachine task thread for /0.0.0.0:39377 - 0 ] INFO  ratis.XceiverServerRatis (XceiverServerRatis.java:getRealPort(543)) - XceiverServerRatis 514168bb-47c6-4123-b047-b520965d68f2 is started using port 32777 for RATIS
2023-01-19 21:16:03,828 [EndpointStateMachine task thread for /0.0.0.0:39377 - 0 ] INFO  ratis.XceiverServerRatis (XceiverServerRatis.java:getRealPort(543)) - XceiverServerRatis 514168bb-47c6-4123-b047-b520965d68f2 is started using port 32777 for RATIS_ADMIN
2023-01-19 21:16:03,828 [EndpointStateMachine task thread for /0.0.0.0:39377 - 0 ] INFO  ratis.XceiverServerRatis (XceiverServerRatis.java:getRealPort(543)) - XceiverServerRatis 514168bb-47c6-4123-b047-b520965d68f2 is started using port 32777 for RATIS_SERVER
2023-01-19 21:16:03,828 [EndpointStateMachine task thread for /0.0.0.0:39377 - 0 ] INFO  ratis.XceiverServerRatis (XceiverServerRatis.java:getRealPort(543)) - XceiverServerRatis 514168bb-47c6-4123-b047-b520965d68f2 is started using port 40123 for RATIS_DATASTREAM
2023-01-19 21:16:03,828 [JvmPauseMonitor1] INFO  util.JvmPauseMonitor (JvmPauseMonitor.java:run(105)) - JvmPauseMonitor-514168bb-47c6-4123-b047-b520965d68f2: Started
2023-01-19 21:16:03,835 [EndpointStateMachine task thread for /0.0.0.0:39377 - 0 ] INFO  server.XceiverServerGrpc (XceiverServerGrpc.java:start(180)) - XceiverServerGrpc 514168bb-47c6-4123-b047-b520965d68f2 is started using port 36619
2023-01-19 21:16:03,994 [Listener at 127.0.0.1/34089] INFO  handler.ContextHandler (ContextHandler.java:doStart(921)) - Started o.e.j.w.WebAppContext@4fcbf387{hddsDatanode,/,file:///tmp/jetty-0_0_0_0-42921-hdds-container-service-1_4_0-SNAPSHOT_jar-_-any-4213415990215215666/webapp/,AVAILABLE}{jar:file:/home/runner/.m2/repository/org/apache/ozone/hdds-container-service/1.4.0-SNAPSHOT/hdds-container-service-1.4.0-SNAPSHOT.jar!/webapps/hddsDatanode}
2023-01-19 21:16:03,995 [Listener at 127.0.0.1/34089] INFO  server.AbstractConnector (AbstractConnector.java:doStart(333)) - Started ServerConnector@5d0c5251{HTTP/1.1, (http/1.1)}{0.0.0.0:42921}
2023-01-19 21:16:03,995 [Listener at 127.0.0.1/34089] INFO  server.Server (Server.java:doStart(415)) - Started @11024ms
2023-01-19 21:16:03,996 [Listener at 127.0.0.1/34089] WARN  impl.MetricsSystemImpl (MetricsSystemImpl.java:register(279)) - Sink prometheus already exists!
2023-01-19 21:16:03,998 [Listener at 127.0.0.1/34089] INFO  http.BaseHttpServer (BaseHttpServer.java:updateConnectorAddress(333)) - HTTP server of hddsDatanode listening at http://0.0.0.0:42921
2023-01-19 21:16:03,998 [Datanode State Machine Daemon Thread] INFO  statemachine.DatanodeStateMachine (DatanodeStateMachine.java:lambda$startDaemon$0(508)) - Ozone container server started.
2023-01-19 21:16:04,001 [Listener at 127.0.0.1/34089] INFO  ozone.MiniOzoneClusterImpl (MiniOzoneClusterImpl.java:lambda$waitForClusterToBeReady$0(218)) - Waiting for nodes to be ready. Got 0 of 7 DN Heartbeats.
2023-01-19 21:16:04,001 [Listener at 127.0.0.1/34089] INFO  ozone.MiniOzoneClusterImpl (MiniOzoneClusterImpl.java:lambda$waitForClusterToBeReady$0(221)) - Waiting for cluster to exit safe mode
2023-01-19 21:16:04,001 [Listener at 127.0.0.1/34089] INFO  ozone.MiniOzoneClusterImpl (MiniOzoneClusterImpl.java:lambda$waitForClusterToBeReady$0(223)) - SCM became leader
2023-01-19 21:16:04,012 [org.apache.hadoop.util.JvmPauseMonitor$Monitor@f560e3b] INFO  util.JvmPauseMonitor (JvmPauseMonitor.java:run(188)) - Starting JVM pause monitor
2023-01-19 21:16:04,013 [Datanode State Machine Task Thread - 0] INFO  datanode.InitDatanodeState (InitDatanodeState.java:persistContainerDatanodeDetails(138)) - DatanodeDetails is persisted to /home/runner/work/ozone/ozone/hadoop-ozone/integration-test/target/test-dir/MiniOzoneClusterImpl-df602b49-e577-4a1d-ae00-d896acd8b89d/datanode-6/meta/datanode.id
2023-01-19 21:16:04,178 [EndpointStateMachine task thread for /0.0.0.0:39377 - 0 ] INFO  utils.DatanodeStoreCache (DatanodeStoreCache.java:addDB(58)) - Added db /home/runner/work/ozone/ozone/hadoop-ozone/integration-test/target/test-dir/MiniOzoneClusterImpl-df602b49-e577-4a1d-ae00-d896acd8b89d/datanode-1/data-0/containers/hdds/df602b49-e577-4a1d-ae00-d896acd8b89d/DS-bda1b764-2efa-4c36-b0ac-0154a7708f97/container.db to cache
2023-01-19 21:16:04,180 [EndpointStateMachine task thread for /0.0.0.0:39377 - 0 ] INFO  volume.HddsVolume (HddsVolume.java:createDbStore(307)) - SchemaV3 db is created and loaded at /home/runner/work/ozone/ozone/hadoop-ozone/integration-test/target/test-dir/MiniOzoneClusterImpl-df602b49-e577-4a1d-ae00-d896acd8b89d/datanode-1/data-0/containers/hdds/df602b49-e577-4a1d-ae00-d896acd8b89d/DS-bda1b764-2efa-4c36-b0ac-0154a7708f97/container.db for volume DS-bda1b764-2efa-4c36-b0ac-0154a7708f97
2023-01-19 21:16:04,180 [EndpointStateMachine task thread for /0.0.0.0:39377 - 0 ] INFO  ozoneimpl.OzoneContainer (OzoneContainer.java:start(395)) - Attempting to start container services.
2023-01-19 21:16:04,180 [EndpointStateMachine task thread for /0.0.0.0:39377 - 0 ] INFO  ozoneimpl.OzoneContainer (OzoneContainer.java:startContainerScrub(312)) - Scheduled background container scanners and the on-demand container scanner have been disabled.
2023-01-19 21:16:04,182 [EndpointStateMachine task thread for /0.0.0.0:39377 - 0 ] INFO  replication.ReplicationServer (ReplicationServer.java:start(106)) - ReplicationServer is started using port 33105
2023-01-19 21:16:04,182 [EndpointStateMachine task thread for /0.0.0.0:39377 - 0 ] INFO  ratis.XceiverServerRatis (XceiverServerRatis.java:start(517)) - Starting XceiverServerRatis 34034301-6f4f-4b64-a7af-0630178f1887
2023-01-19 21:16:04,184 [EndpointStateMachine task thread for /0.0.0.0:39377 - 0 ] INFO  server.RaftServer (RaftServerProxy.java:startImpl(393)) - 34034301-6f4f-4b64-a7af-0630178f1887: start RPC server
2023-01-19 21:16:04,185 [EndpointStateMachine task thread for /0.0.0.0:39377 - 0 ] INFO  server.GrpcService (GrpcService.java:startImpl(262)) - 34034301-6f4f-4b64-a7af-0630178f1887: GrpcService started, listening on 37447
2023-01-19 21:16:04,185 [EndpointStateMachine task thread for /0.0.0.0:39377 - 0 ] INFO  ratis.XceiverServerRatis (XceiverServerRatis.java:getRealPort(543)) - XceiverServerRatis 34034301-6f4f-4b64-a7af-0630178f1887 is started using port 37447 for RATIS
2023-01-19 21:16:04,185 [JvmPauseMonitor2] INFO  util.JvmPauseMonitor (JvmPauseMonitor.java:run(105)) - JvmPauseMonitor-34034301-6f4f-4b64-a7af-0630178f1887: Started
2023-01-19 21:16:04,185 [EndpointStateMachine task thread for /0.0.0.0:39377 - 0 ] INFO  ratis.XceiverServerRatis (XceiverServerRatis.java:getRealPort(543)) - XceiverServerRatis 34034301-6f4f-4b64-a7af-0630178f1887 is started using port 37447 for RATIS_ADMIN
2023-01-19 21:16:04,186 [EndpointStateMachine task thread for /0.0.0.0:39377 - 0 ] INFO  ratis.XceiverServerRatis (XceiverServerRatis.java:getRealPort(543)) - XceiverServerRatis 34034301-6f4f-4b64-a7af-0630178f1887 is started using port 37447 for RATIS_SERVER
2023-01-19 21:16:04,186 [EndpointStateMachine task thread for /0.0.0.0:39377 - 0 ] INFO  ratis.XceiverServerRatis (XceiverServerRatis.java:getRealPort(543)) - XceiverServerRatis 34034301-6f4f-4b64-a7af-0630178f1887 is started using port 39551 for RATIS_DATASTREAM
2023-01-19 21:16:04,188 [EndpointStateMachine task thread for /0.0.0.0:39377 - 0 ] INFO  server.XceiverServerGrpc (XceiverServerGrpc.java:start(180)) - XceiverServerGrpc 34034301-6f4f-4b64-a7af-0630178f1887 is started using port 36887
2023-01-19 21:16:04,546 [EndpointStateMachine task thread for /0.0.0.0:39377 - 0 ] INFO  utils.DatanodeStoreCache (DatanodeStoreCache.java:addDB(58)) - Added db /home/runner/work/ozone/ozone/hadoop-ozone/integration-test/target/test-dir/MiniOzoneClusterImpl-df602b49-e577-4a1d-ae00-d896acd8b89d/datanode-2/data-0/containers/hdds/df602b49-e577-4a1d-ae00-d896acd8b89d/DS-44a6ba1b-9e55-48a2-b678-f6a32a1a0d4f/container.db to cache
2023-01-19 21:16:04,546 [EndpointStateMachine task thread for /0.0.0.0:39377 - 0 ] INFO  volume.HddsVolume (HddsVolume.java:createDbStore(307)) - SchemaV3 db is created and loaded at /home/runner/work/ozone/ozone/hadoop-ozone/integration-test/target/test-dir/MiniOzoneClusterImpl-df602b49-e577-4a1d-ae00-d896acd8b89d/datanode-2/data-0/containers/hdds/df602b49-e577-4a1d-ae00-d896acd8b89d/DS-44a6ba1b-9e55-48a2-b678-f6a32a1a0d4f/container.db for volume DS-44a6ba1b-9e55-48a2-b678-f6a32a1a0d4f
2023-01-19 21:16:04,547 [EndpointStateMachine task thread for /0.0.0.0:39377 - 0 ] INFO  ozoneimpl.OzoneContainer (OzoneContainer.java:start(395)) - Attempting to start container services.
2023-01-19 21:16:04,547 [EndpointStateMachine task thread for /0.0.0.0:39377 - 0 ] INFO  ozoneimpl.OzoneContainer (OzoneContainer.java:startContainerScrub(312)) - Scheduled background container scanners and the on-demand container scanner have been disabled.
2023-01-19 21:16:04,553 [EndpointStateMachine task thread for /0.0.0.0:39377 - 0 ] INFO  replication.ReplicationServer (ReplicationServer.java:start(106)) - ReplicationServer is started using port 36921
2023-01-19 21:16:04,553 [EndpointStateMachine task thread for /0.0.0.0:39377 - 0 ] INFO  ratis.XceiverServerRatis (XceiverServerRatis.java:start(517)) - Starting XceiverServerRatis 79fc7c85-f428-4972-afd4-216d9203d099
2023-01-19 21:16:04,555 [EndpointStateMachine task thread for /0.0.0.0:39377 - 0 ] INFO  server.RaftServer (RaftServerProxy.java:startImpl(393)) - 79fc7c85-f428-4972-afd4-216d9203d099: start RPC server
2023-01-19 21:16:04,556 [EndpointStateMachine task thread for /0.0.0.0:39377 - 0 ] INFO  server.GrpcService (GrpcService.java:startImpl(262)) - 79fc7c85-f428-4972-afd4-216d9203d099: GrpcService started, listening on 34077
2023-01-19 21:16:04,557 [EndpointStateMachine task thread for /0.0.0.0:39377 - 0 ] INFO  ratis.XceiverServerRatis (XceiverServerRatis.java:getRealPort(543)) - XceiverServerRatis 79fc7c85-f428-4972-afd4-216d9203d099 is started using port 34077 for RATIS
2023-01-19 21:16:04,557 [EndpointStateMachine task thread for /0.0.0.0:39377 - 0 ] INFO  ratis.XceiverServerRatis (XceiverServerRatis.java:getRealPort(543)) - XceiverServerRatis 79fc7c85-f428-4972-afd4-216d9203d099 is started using port 34077 for RATIS_ADMIN
2023-01-19 21:16:04,557 [EndpointStateMachine task thread for /0.0.0.0:39377 - 0 ] INFO  ratis.XceiverServerRatis (XceiverServerRatis.java:getRealPort(543)) - XceiverServerRatis 79fc7c85-f428-4972-afd4-216d9203d099 is started using port 34077 for RATIS_SERVER
2023-01-19 21:16:04,557 [EndpointStateMachine task thread for /0.0.0.0:39377 - 0 ] INFO  ratis.XceiverServerRatis (XceiverServerRatis.java:getRealPort(543)) - XceiverServerRatis 79fc7c85-f428-4972-afd4-216d9203d099 is started using port 41333 for RATIS_DATASTREAM
2023-01-19 21:16:04,560 [JvmPauseMonitor3] INFO  util.JvmPauseMonitor (JvmPauseMonitor.java:run(105)) - JvmPauseMonitor-79fc7c85-f428-4972-afd4-216d9203d099: Started
2023-01-19 21:16:04,562 [EndpointStateMachine task thread for /0.0.0.0:39377 - 0 ] INFO  server.XceiverServerGrpc (XceiverServerGrpc.java:start(180)) - XceiverServerGrpc 79fc7c85-f428-4972-afd4-216d9203d099 is started using port 40967
2023-01-19 21:16:04,900 [EndpointStateMachine task thread for /0.0.0.0:39377 - 0 ] INFO  utils.DatanodeStoreCache (DatanodeStoreCache.java:addDB(58)) - Added db /home/runner/work/ozone/ozone/hadoop-ozone/integration-test/target/test-dir/MiniOzoneClusterImpl-df602b49-e577-4a1d-ae00-d896acd8b89d/datanode-3/data-0/containers/hdds/df602b49-e577-4a1d-ae00-d896acd8b89d/DS-00372ff6-6063-4431-bef1-c0d41d4d7c89/container.db to cache
2023-01-19 21:16:04,900 [EndpointStateMachine task thread for /0.0.0.0:39377 - 0 ] INFO  volume.HddsVolume (HddsVolume.java:createDbStore(307)) - SchemaV3 db is created and loaded at /home/runner/work/ozone/ozone/hadoop-ozone/integration-test/target/test-dir/MiniOzoneClusterImpl-df602b49-e577-4a1d-ae00-d896acd8b89d/datanode-3/data-0/containers/hdds/df602b49-e577-4a1d-ae00-d896acd8b89d/DS-00372ff6-6063-4431-bef1-c0d41d4d7c89/container.db for volume DS-00372ff6-6063-4431-bef1-c0d41d4d7c89
2023-01-19 21:16:04,900 [EndpointStateMachine task thread for /0.0.0.0:39377 - 0 ] INFO  ozoneimpl.OzoneContainer (OzoneContainer.java:start(395)) - Attempting to start container services.
2023-01-19 21:16:04,900 [EndpointStateMachine task thread for /0.0.0.0:39377 - 0 ] INFO  ozoneimpl.OzoneContainer (OzoneContainer.java:startContainerScrub(312)) - Scheduled background container scanners and the on-demand container scanner have been disabled.
2023-01-19 21:16:04,903 [EndpointStateMachine task thread for /0.0.0.0:39377 - 0 ] INFO  replication.ReplicationServer (ReplicationServer.java:start(106)) - ReplicationServer is started using port 41475
2023-01-19 21:16:04,903 [EndpointStateMachine task thread for /0.0.0.0:39377 - 0 ] INFO  ratis.XceiverServerRatis (XceiverServerRatis.java:start(517)) - Starting XceiverServerRatis 9f11bae2-70d6-4c19-b175-54f3bf2a6776
2023-01-19 21:16:04,904 [EndpointStateMachine task thread for /0.0.0.0:39377 - 0 ] INFO  server.RaftServer (RaftServerProxy.java:startImpl(393)) - 9f11bae2-70d6-4c19-b175-54f3bf2a6776: start RPC server
2023-01-19 21:16:04,905 [EndpointStateMachine task thread for /0.0.0.0:39377 - 0 ] INFO  server.GrpcService (GrpcService.java:startImpl(262)) - 9f11bae2-70d6-4c19-b175-54f3bf2a6776: GrpcService started, listening on 41965
2023-01-19 21:16:04,906 [EndpointStateMachine task thread for /0.0.0.0:39377 - 0 ] INFO  ratis.XceiverServerRatis (XceiverServerRatis.java:getRealPort(543)) - XceiverServerRatis 9f11bae2-70d6-4c19-b175-54f3bf2a6776 is started using port 41965 for RATIS
2023-01-19 21:16:04,906 [JvmPauseMonitor4] INFO  util.JvmPauseMonitor (JvmPauseMonitor.java:run(105)) - JvmPauseMonitor-9f11bae2-70d6-4c19-b175-54f3bf2a6776: Started
2023-01-19 21:16:04,906 [EndpointStateMachine task thread for /0.0.0.0:39377 - 0 ] INFO  ratis.XceiverServerRatis (XceiverServerRatis.java:getRealPort(543)) - XceiverServerRatis 9f11bae2-70d6-4c19-b175-54f3bf2a6776 is started using port 41965 for RATIS_ADMIN
2023-01-19 21:16:04,906 [EndpointStateMachine task thread for /0.0.0.0:39377 - 0 ] INFO  ratis.XceiverServerRatis (XceiverServerRatis.java:getRealPort(543)) - XceiverServerRatis 9f11bae2-70d6-4c19-b175-54f3bf2a6776 is started using port 41965 for RATIS_SERVER
2023-01-19 21:16:04,906 [EndpointStateMachine task thread for /0.0.0.0:39377 - 0 ] INFO  ratis.XceiverServerRatis (XceiverServerRatis.java:getRealPort(543)) - XceiverServerRatis 9f11bae2-70d6-4c19-b175-54f3bf2a6776 is started using port 33671 for RATIS_DATASTREAM
2023-01-19 21:16:04,909 [EndpointStateMachine task thread for /0.0.0.0:39377 - 0 ] INFO  server.XceiverServerGrpc (XceiverServerGrpc.java:start(180)) - XceiverServerGrpc 9f11bae2-70d6-4c19-b175-54f3bf2a6776 is started using port 40097
2023-01-19 21:16:05,002 [Listener at 127.0.0.1/34089] INFO  ozone.MiniOzoneClusterImpl (MiniOzoneClusterImpl.java:lambda$waitForClusterToBeReady$0(218)) - Waiting for nodes to be ready. Got 0 of 7 DN Heartbeats.
2023-01-19 21:16:05,002 [Listener at 127.0.0.1/34089] INFO  ozone.MiniOzoneClusterImpl (MiniOzoneClusterImpl.java:lambda$waitForClusterToBeReady$0(221)) - Waiting for cluster to exit safe mode
2023-01-19 21:16:05,002 [Listener at 127.0.0.1/34089] INFO  ozone.MiniOzoneClusterImpl (MiniOzoneClusterImpl.java:lambda$waitForClusterToBeReady$0(223)) - SCM became leader
2023-01-19 21:16:05,214 [EndpointStateMachine task thread for /0.0.0.0:39377 - 0 ] INFO  utils.DatanodeStoreCache (DatanodeStoreCache.java:addDB(58)) - Added db /home/runner/work/ozone/ozone/hadoop-ozone/integration-test/target/test-dir/MiniOzoneClusterImpl-df602b49-e577-4a1d-ae00-d896acd8b89d/datanode-4/data-0/containers/hdds/df602b49-e577-4a1d-ae00-d896acd8b89d/DS-6bf61545-ddf3-4ffd-a0e9-73cfc754c14b/container.db to cache
2023-01-19 21:16:05,214 [EndpointStateMachine task thread for /0.0.0.0:39377 - 0 ] INFO  volume.HddsVolume (HddsVolume.java:createDbStore(307)) - SchemaV3 db is created and loaded at /home/runner/work/ozone/ozone/hadoop-ozone/integration-test/target/test-dir/MiniOzoneClusterImpl-df602b49-e577-4a1d-ae00-d896acd8b89d/datanode-4/data-0/containers/hdds/df602b49-e577-4a1d-ae00-d896acd8b89d/DS-6bf61545-ddf3-4ffd-a0e9-73cfc754c14b/container.db for volume DS-6bf61545-ddf3-4ffd-a0e9-73cfc754c14b
2023-01-19 21:16:05,215 [EndpointStateMachine task thread for /0.0.0.0:39377 - 0 ] INFO  ozoneimpl.OzoneContainer (OzoneContainer.java:start(395)) - Attempting to start container services.
2023-01-19 21:16:05,215 [EndpointStateMachine task thread for /0.0.0.0:39377 - 0 ] INFO  ozoneimpl.OzoneContainer (OzoneContainer.java:startContainerScrub(312)) - Scheduled background container scanners and the on-demand container scanner have been disabled.
2023-01-19 21:16:05,218 [EndpointStateMachine task thread for /0.0.0.0:39377 - 0 ] INFO  replication.ReplicationServer (ReplicationServer.java:start(106)) - ReplicationServer is started using port 33459
2023-01-19 21:16:05,218 [EndpointStateMachine task thread for /0.0.0.0:39377 - 0 ] INFO  ratis.XceiverServerRatis (XceiverServerRatis.java:start(517)) - Starting XceiverServerRatis 644b7e96-e81f-4c38-853b-c70c4b8809a7
2023-01-19 21:16:05,225 [EndpointStateMachine task thread for /0.0.0.0:39377 - 0 ] INFO  server.RaftServer (RaftServerProxy.java:startImpl(393)) - 644b7e96-e81f-4c38-853b-c70c4b8809a7: start RPC server
2023-01-19 21:16:05,227 [EndpointStateMachine task thread for /0.0.0.0:39377 - 0 ] INFO  server.GrpcService (GrpcService.java:startImpl(262)) - 644b7e96-e81f-4c38-853b-c70c4b8809a7: GrpcService started, listening on 34945
2023-01-19 21:16:05,227 [EndpointStateMachine task thread for /0.0.0.0:39377 - 0 ] INFO  ratis.XceiverServerRatis (XceiverServerRatis.java:getRealPort(543)) - XceiverServerRatis 644b7e96-e81f-4c38-853b-c70c4b8809a7 is started using port 34945 for RATIS
2023-01-19 21:16:05,227 [EndpointStateMachine task thread for /0.0.0.0:39377 - 0 ] INFO  ratis.XceiverServerRatis (XceiverServerRatis.java:getRealPort(543)) - XceiverServerRatis 644b7e96-e81f-4c38-853b-c70c4b8809a7 is started using port 34945 for RATIS_ADMIN
2023-01-19 21:16:05,227 [EndpointStateMachine task thread for /0.0.0.0:39377 - 0 ] INFO  ratis.XceiverServerRatis (XceiverServerRatis.java:getRealPort(543)) - XceiverServerRatis 644b7e96-e81f-4c38-853b-c70c4b8809a7 is started using port 34945 for RATIS_SERVER
2023-01-19 21:16:05,227 [EndpointStateMachine task thread for /0.0.0.0:39377 - 0 ] INFO  ratis.XceiverServerRatis (XceiverServerRatis.java:getRealPort(543)) - XceiverServerRatis 644b7e96-e81f-4c38-853b-c70c4b8809a7 is started using port 33363 for RATIS_DATASTREAM
2023-01-19 21:16:05,229 [JvmPauseMonitor5] INFO  util.JvmPauseMonitor (JvmPauseMonitor.java:run(105)) - JvmPauseMonitor-644b7e96-e81f-4c38-853b-c70c4b8809a7: Started
2023-01-19 21:16:05,230 [EndpointStateMachine task thread for /0.0.0.0:39377 - 0 ] INFO  server.XceiverServerGrpc (XceiverServerGrpc.java:start(180)) - XceiverServerGrpc 644b7e96-e81f-4c38-853b-c70c4b8809a7 is started using port 41071
2023-01-19 21:16:05,571 [EndpointStateMachine task thread for /0.0.0.0:39377 - 0 ] INFO  utils.DatanodeStoreCache (DatanodeStoreCache.java:addDB(58)) - Added db /home/runner/work/ozone/ozone/hadoop-ozone/integration-test/target/test-dir/MiniOzoneClusterImpl-df602b49-e577-4a1d-ae00-d896acd8b89d/datanode-5/data-0/containers/hdds/df602b49-e577-4a1d-ae00-d896acd8b89d/DS-e30631a8-1d25-435a-a5fe-76799b883057/container.db to cache
2023-01-19 21:16:05,571 [EndpointStateMachine task thread for /0.0.0.0:39377 - 0 ] INFO  volume.HddsVolume (HddsVolume.java:createDbStore(307)) - SchemaV3 db is created and loaded at /home/runner/work/ozone/ozone/hadoop-ozone/integration-test/target/test-dir/MiniOzoneClusterImpl-df602b49-e577-4a1d-ae00-d896acd8b89d/datanode-5/data-0/containers/hdds/df602b49-e577-4a1d-ae00-d896acd8b89d/DS-e30631a8-1d25-435a-a5fe-76799b883057/container.db for volume DS-e30631a8-1d25-435a-a5fe-76799b883057
2023-01-19 21:16:05,572 [EndpointStateMachine task thread for /0.0.0.0:39377 - 0 ] INFO  ozoneimpl.OzoneContainer (OzoneContainer.java:start(395)) - Attempting to start container services.
2023-01-19 21:16:05,574 [IPC Server handler 2 on default port 39377] INFO  net.NetworkTopologyImpl (NetworkTopologyImpl.java:add(112)) - Added a new node: /default-rack/514168bb-47c6-4123-b047-b520965d68f2
2023-01-19 21:16:05,576 [IPC Server handler 2 on default port 39377] INFO  node.SCMNodeManager (SCMNodeManager.java:register(397)) - Registered Data node : 514168bb-47c6-4123-b047-b520965d68f2{ip: 10.1.0.40, host: fv-az353-460.tkyx2seitsuu3nmpmouz2httfb.bx.internal.cloudapp.net, ports: [REPLICATION=45079, RATIS=32777, RATIS_ADMIN=32777, RATIS_SERVER=32777, RATIS_DATASTREAM=40123, STANDALONE=36619], networkLocation: /default-rack, certSerialId: null, persistedOpState: null, persistedOpStateExpiryEpochSec: 0}
2023-01-19 21:16:05,579 [EndpointStateMachine task thread for /0.0.0.0:39377 - 0 ] INFO  ozoneimpl.OzoneContainer (OzoneContainer.java:startContainerScrub(312)) - Scheduled background container scanners and the on-demand container scanner have been disabled.
2023-01-19 21:16:05,582 [EndpointStateMachine task thread for /0.0.0.0:39377 - 0 ] INFO  replication.ReplicationServer (ReplicationServer.java:start(106)) - ReplicationServer is started using port 34275
2023-01-19 21:16:05,583 [EndpointStateMachine task thread for /0.0.0.0:39377 - 0 ] INFO  ratis.XceiverServerRatis (XceiverServerRatis.java:start(517)) - Starting XceiverServerRatis 466e37ce-bab8-43e3-8861-d2a29ea05bd5
2023-01-19 21:16:05,584 [EventQueue-NodeRegistrationContainerReportForDataNodeSafeModeRule] INFO  safemode.SCMSafeModeManager (DataNodeSafeModeRule.java:process(71)) - SCM in safe mode. 1 DataNodes registered, 3 required.
2023-01-19 21:16:05,584 [EventQueue-NodeRegistrationContainerReportForContainerSafeModeRule] INFO  safemode.SCMSafeModeManager (SCMSafeModeManager.java:validateSafeModeExitRules(200)) - ContainerSafeModeRule rule is successfully validated
2023-01-19 21:16:05,584 [EventQueue-PipelineReportForOneReplicaPipelineSafeModeRule] INFO  safemode.SCMSafeModeManager (SCMSafeModeManager.java:validateSafeModeExitRules(200)) - AtleastOneDatanodeReportedRule rule is successfully validated
2023-01-19 21:16:05,584 [EventQueue-NewNodeForNewNodeHandler] INFO  pipeline.BackgroundPipelineCreator (BackgroundPipelineCreator.java:notifyEventTriggered(276)) - trigger a one-shot run on RatisPipelineUtilsThread.
2023-01-19 21:16:05,592 [RatisPipelineUtilsThread - 0] INFO  pipeline.RatisPipelineProvider (RatisPipelineProvider.java:lambda$create$0(206)) - Sending CreatePipelineCommand for pipeline:PipelineID=f7b050e3-61e0-4d8a-82c8-0d696139c97f to datanode:514168bb-47c6-4123-b047-b520965d68f2
2023-01-19 21:16:05,594 [EndpointStateMachine task thread for /0.0.0.0:39377 - 0 ] INFO  server.RaftServer (RaftServerProxy.java:startImpl(393)) - 466e37ce-bab8-43e3-8861-d2a29ea05bd5: start RPC server
2023-01-19 21:16:05,605 [EndpointStateMachine task thread for /0.0.0.0:39377 - 0 ] INFO  server.GrpcService (GrpcService.java:startImpl(262)) - 466e37ce-bab8-43e3-8861-d2a29ea05bd5: GrpcService started, listening on 42247
2023-01-19 21:16:05,607 [EndpointStateMachine task thread for /0.0.0.0:39377 - 0 ] INFO  ratis.XceiverServerRatis (XceiverServerRatis.java:getRealPort(543)) - XceiverServerRatis 466e37ce-bab8-43e3-8861-d2a29ea05bd5 is started using port 42247 for RATIS
2023-01-19 21:16:05,607 [EndpointStateMachine task thread for /0.0.0.0:39377 - 0 ] INFO  ratis.XceiverServerRatis (XceiverServerRatis.java:getRealPort(543)) - XceiverServerRatis 466e37ce-bab8-43e3-8861-d2a29ea05bd5 is started using port 42247 for RATIS_ADMIN
2023-01-19 21:16:05,607 [EndpointStateMachine task thread for /0.0.0.0:39377 - 0 ] INFO  ratis.XceiverServerRatis (XceiverServerRatis.java:getRealPort(543)) - XceiverServerRatis 466e37ce-bab8-43e3-8861-d2a29ea05bd5 is started using port 42247 for RATIS_SERVER
2023-01-19 21:16:05,607 [EndpointStateMachine task thread for /0.0.0.0:39377 - 0 ] INFO  ratis.XceiverServerRatis (XceiverServerRatis.java:getRealPort(543)) - XceiverServerRatis 466e37ce-bab8-43e3-8861-d2a29ea05bd5 is started using port 46349 for RATIS_DATASTREAM
2023-01-19 21:16:05,609 [RatisPipelineUtilsThread - 0] INFO  pipeline.PipelineStateManagerImpl (PipelineStateManagerImpl.java:addPipeline(103)) - Created pipeline Pipeline[ Id: f7b050e3-61e0-4d8a-82c8-0d696139c97f, Nodes: 514168bb-47c6-4123-b047-b520965d68f2(fv-az353-460.tkyx2seitsuu3nmpmouz2httfb.bx.internal.cloudapp.net/10.1.0.40), ReplicationConfig: RATIS/ONE, State:ALLOCATED, leaderId:, CreationTimestamp2023-01-19T21:16:05.591Z[Etc/UTC]].
2023-01-19 21:16:05,621 [JvmPauseMonitor6] INFO  util.JvmPauseMonitor (JvmPauseMonitor.java:run(105)) - JvmPauseMonitor-466e37ce-bab8-43e3-8861-d2a29ea05bd5: Started
2023-01-19 21:16:05,624 [EndpointStateMachine task thread for /0.0.0.0:39377 - 0 ] INFO  server.XceiverServerGrpc (XceiverServerGrpc.java:start(180)) - XceiverServerGrpc 466e37ce-bab8-43e3-8861-d2a29ea05bd5 is started using port 35927
2023-01-19 21:16:06,002 [Listener at 127.0.0.1/34089] INFO  ozone.MiniOzoneClusterImpl (MiniOzoneClusterImpl.java:lambda$waitForClusterToBeReady$0(218)) - Waiting for nodes to be ready. Got 1 of 7 DN Heartbeats.
2023-01-19 21:16:06,002 [Listener at 127.0.0.1/34089] INFO  ozone.MiniOzoneClusterImpl (MiniOzoneClusterImpl.java:lambda$waitForClusterToBeReady$0(221)) - Waiting for cluster to exit safe mode
2023-01-19 21:16:06,003 [Listener at 127.0.0.1/34089] INFO  ozone.MiniOzoneClusterImpl (MiniOzoneClusterImpl.java:lambda$waitForClusterToBeReady$0(223)) - SCM became leader
2023-01-19 21:16:06,043 [EndpointStateMachine task thread for /0.0.0.0:39377 - 0 ] INFO  utils.DatanodeStoreCache (DatanodeStoreCache.java:addDB(58)) - Added db /home/runner/work/ozone/ozone/hadoop-ozone/integration-test/target/test-dir/MiniOzoneClusterImpl-df602b49-e577-4a1d-ae00-d896acd8b89d/datanode-6/data-0/containers/hdds/df602b49-e577-4a1d-ae00-d896acd8b89d/DS-7dbcc6ee-23df-4819-bcc2-4447dad3944a/container.db to cache
2023-01-19 21:16:06,043 [EndpointStateMachine task thread for /0.0.0.0:39377 - 0 ] INFO  volume.HddsVolume (HddsVolume.java:createDbStore(307)) - SchemaV3 db is created and loaded at /home/runner/work/ozone/ozone/hadoop-ozone/integration-test/target/test-dir/MiniOzoneClusterImpl-df602b49-e577-4a1d-ae00-d896acd8b89d/datanode-6/data-0/containers/hdds/df602b49-e577-4a1d-ae00-d896acd8b89d/DS-7dbcc6ee-23df-4819-bcc2-4447dad3944a/container.db for volume DS-7dbcc6ee-23df-4819-bcc2-4447dad3944a
2023-01-19 21:16:06,044 [EndpointStateMachine task thread for /0.0.0.0:39377 - 0 ] INFO  ozoneimpl.OzoneContainer (OzoneContainer.java:start(395)) - Attempting to start container services.
2023-01-19 21:16:06,044 [EndpointStateMachine task thread for /0.0.0.0:39377 - 0 ] INFO  ozoneimpl.OzoneContainer (OzoneContainer.java:startContainerScrub(312)) - Scheduled background container scanners and the on-demand container scanner have been disabled.
2023-01-19 21:16:06,050 [EndpointStateMachine task thread for /0.0.0.0:39377 - 0 ] INFO  replication.ReplicationServer (ReplicationServer.java:start(106)) - ReplicationServer is started using port 42967
2023-01-19 21:16:06,050 [EndpointStateMachine task thread for /0.0.0.0:39377 - 0 ] INFO  ratis.XceiverServerRatis (XceiverServerRatis.java:start(517)) - Starting XceiverServerRatis 3ef17d3f-5602-43d4-9aab-3516f470ca8d
2023-01-19 21:16:06,055 [EndpointStateMachine task thread for /0.0.0.0:39377 - 0 ] INFO  server.RaftServer (RaftServerProxy.java:startImpl(393)) - 3ef17d3f-5602-43d4-9aab-3516f470ca8d: start RPC server
2023-01-19 21:16:06,059 [EndpointStateMachine task thread for /0.0.0.0:39377 - 0 ] INFO  server.GrpcService (GrpcService.java:startImpl(262)) - 3ef17d3f-5602-43d4-9aab-3516f470ca8d: GrpcService started, listening on 44823
2023-01-19 21:16:06,059 [EndpointStateMachine task thread for /0.0.0.0:39377 - 0 ] INFO  ratis.XceiverServerRatis (XceiverServerRatis.java:getRealPort(543)) - XceiverServerRatis 3ef17d3f-5602-43d4-9aab-3516f470ca8d is started using port 44823 for RATIS
2023-01-19 21:16:06,059 [EndpointStateMachine task thread for /0.0.0.0:39377 - 0 ] INFO  ratis.XceiverServerRatis (XceiverServerRatis.java:getRealPort(543)) - XceiverServerRatis 3ef17d3f-5602-43d4-9aab-3516f470ca8d is started using port 44823 for RATIS_ADMIN
2023-01-19 21:16:06,059 [EndpointStateMachine task thread for /0.0.0.0:39377 - 0 ] INFO  ratis.XceiverServerRatis (XceiverServerRatis.java:getRealPort(543)) - XceiverServerRatis 3ef17d3f-5602-43d4-9aab-3516f470ca8d is started using port 44823 for RATIS_SERVER
2023-01-19 21:16:06,060 [EndpointStateMachine task thread for /0.0.0.0:39377 - 0 ] INFO  ratis.XceiverServerRatis (XceiverServerRatis.java:getRealPort(543)) - XceiverServerRatis 3ef17d3f-5602-43d4-9aab-3516f470ca8d is started using port 38191 for RATIS_DATASTREAM
2023-01-19 21:16:06,060 [JvmPauseMonitor7] INFO  util.JvmPauseMonitor (JvmPauseMonitor.java:run(105)) - JvmPauseMonitor-3ef17d3f-5602-43d4-9aab-3516f470ca8d: Started
2023-01-19 21:16:06,061 [EndpointStateMachine task thread for /0.0.0.0:39377 - 0 ] INFO  server.XceiverServerGrpc (XceiverServerGrpc.java:start(180)) - XceiverServerGrpc 3ef17d3f-5602-43d4-9aab-3516f470ca8d is started using port 43077
2023-01-19 21:16:06,149 [IPC Server handler 4 on default port 39377] INFO  net.NetworkTopologyImpl (NetworkTopologyImpl.java:add(112)) - Added a new node: /default-rack/34034301-6f4f-4b64-a7af-0630178f1887
2023-01-19 21:16:06,150 [IPC Server handler 4 on default port 39377] INFO  node.SCMNodeManager (SCMNodeManager.java:register(397)) - Registered Data node : 34034301-6f4f-4b64-a7af-0630178f1887{ip: 10.1.0.40, host: fv-az353-460.tkyx2seitsuu3nmpmouz2httfb.bx.internal.cloudapp.net, ports: [REPLICATION=33105, RATIS=37447, RATIS_ADMIN=37447, RATIS_SERVER=37447, RATIS_DATASTREAM=39551, STANDALONE=36887], networkLocation: /default-rack, certSerialId: null, persistedOpState: null, persistedOpStateExpiryEpochSec: 0}
2023-01-19 21:16:06,150 [EventQueue-NodeRegistrationContainerReportForDataNodeSafeModeRule] INFO  safemode.SCMSafeModeManager (DataNodeSafeModeRule.java:process(71)) - SCM in safe mode. 2 DataNodes registered, 3 required.
2023-01-19 21:16:06,150 [EventQueue-NewNodeForNewNodeHandler] INFO  pipeline.BackgroundPipelineCreator (BackgroundPipelineCreator.java:notifyEventTriggered(276)) - trigger a one-shot run on RatisPipelineUtilsThread.
2023-01-19 21:16:06,151 [RatisPipelineUtilsThread - 0] INFO  pipeline.RatisPipelineProvider (RatisPipelineProvider.java:lambda$create$0(206)) - Sending CreatePipelineCommand for pipeline:PipelineID=300f5be9-6e72-4006-ae45-60a11389f6e1 to datanode:34034301-6f4f-4b64-a7af-0630178f1887
2023-01-19 21:16:06,152 [RatisPipelineUtilsThread - 0] INFO  pipeline.PipelineStateManagerImpl (PipelineStateManagerImpl.java:addPipeline(103)) - Created pipeline Pipeline[ Id: 300f5be9-6e72-4006-ae45-60a11389f6e1, Nodes: 34034301-6f4f-4b64-a7af-0630178f1887(fv-az353-460.tkyx2seitsuu3nmpmouz2httfb.bx.internal.cloudapp.net/10.1.0.40), ReplicationConfig: RATIS/ONE, State:ALLOCATED, leaderId:, CreationTimestamp2023-01-19T21:16:06.151Z[Etc/UTC]].
2023-01-19 21:16:06,515 [IPC Server handler 0 on default port 39377] INFO  net.NetworkTopologyImpl (NetworkTopologyImpl.java:add(112)) - Added a new node: /default-rack/79fc7c85-f428-4972-afd4-216d9203d099
2023-01-19 21:16:06,515 [IPC Server handler 0 on default port 39377] INFO  node.SCMNodeManager (SCMNodeManager.java:register(397)) - Registered Data node : 79fc7c85-f428-4972-afd4-216d9203d099{ip: 10.1.0.40, host: fv-az353-460.tkyx2seitsuu3nmpmouz2httfb.bx.internal.cloudapp.net, ports: [REPLICATION=36921, RATIS=34077, RATIS_ADMIN=34077, RATIS_SERVER=34077, RATIS_DATASTREAM=41333, STANDALONE=40967], networkLocation: /default-rack, certSerialId: null, persistedOpState: null, persistedOpStateExpiryEpochSec: 0}
2023-01-19 21:16:06,515 [EventQueue-NewNodeForNewNodeHandler] INFO  pipeline.BackgroundPipelineCreator (BackgroundPipelineCreator.java:notifyEventTriggered(276)) - trigger a one-shot run on RatisPipelineUtilsThread.
2023-01-19 21:16:06,516 [EventQueue-NodeRegistrationContainerReportForDataNodeSafeModeRule] INFO  safemode.SCMSafeModeManager (DataNodeSafeModeRule.java:process(71)) - SCM in safe mode. 3 DataNodes registered, 3 required.
2023-01-19 21:16:06,516 [EventQueue-NodeRegistrationContainerReportForDataNodeSafeModeRule] INFO  safemode.SCMSafeModeManager (SCMSafeModeManager.java:validateSafeModeExitRules(200)) - DataNodeSafeModeRule rule is successfully validated
2023-01-19 21:16:06,516 [EventQueue-NodeRegistrationContainerReportForDataNodeSafeModeRule] INFO  safemode.SCMSafeModeManager (SCMSafeModeManager.java:completePreCheck(229)) - All SCM safe mode pre check rules have passed
2023-01-19 21:16:06,516 [EventQueue-NodeRegistrationContainerReportForDataNodeSafeModeRule] INFO  ha.SCMContext (SCMContext.java:updateSafeModeStatus(228)) - Update SafeModeStatus from SafeModeStatus{safeModeStatus=true, preCheckPassed=false} to SafeModeStatus{safeModeStatus=true, preCheckPassed=true}.
2023-01-19 21:16:06,516 [EventQueue-NodeRegistrationContainerReportForDataNodeSafeModeRule] INFO  pipeline.BackgroundPipelineCreator (BackgroundPipelineCreator.java:notifyEventTriggered(276)) - trigger a one-shot run on RatisPipelineUtilsThread.
2023-01-19 21:16:06,516 [RatisPipelineUtilsThread - 0] INFO  pipeline.RatisPipelineProvider (RatisPipelineProvider.java:lambda$create$0(206)) - Sending CreatePipelineCommand for pipeline:PipelineID=41d37590-db73-48b2-b717-9376d63823a6 to datanode:79fc7c85-f428-4972-afd4-216d9203d099
2023-01-19 21:16:06,517 [RatisPipelineUtilsThread - 0] INFO  pipeline.PipelineStateManagerImpl (PipelineStateManagerImpl.java:addPipeline(103)) - Created pipeline Pipeline[ Id: 41d37590-db73-48b2-b717-9376d63823a6, Nodes: 79fc7c85-f428-4972-afd4-216d9203d099(fv-az353-460.tkyx2seitsuu3nmpmouz2httfb.bx.internal.cloudapp.net/10.1.0.40), ReplicationConfig: RATIS/ONE, State:ALLOCATED, leaderId:, CreationTimestamp2023-01-19T21:16:06.516Z[Etc/UTC]].
2023-01-19 21:16:06,523 [RatisPipelineUtilsThread - 0] INFO  pipeline.RatisPipelineProvider (RatisPipelineProvider.java:lambda$create$0(206)) - Sending CreatePipelineCommand for pipeline:PipelineID=78a4b913-8b66-4435-8732-005b46e3a8b7 to datanode:79fc7c85-f428-4972-afd4-216d9203d099
2023-01-19 21:16:06,523 [RatisPipelineUtilsThread - 0] INFO  pipeline.RatisPipelineProvider (RatisPipelineProvider.java:lambda$create$0(206)) - Sending CreatePipelineCommand for pipeline:PipelineID=78a4b913-8b66-4435-8732-005b46e3a8b7 to datanode:514168bb-47c6-4123-b047-b520965d68f2
2023-01-19 21:16:06,523 [RatisPipelineUtilsThread - 0] INFO  pipeline.RatisPipelineProvider (RatisPipelineProvider.java:lambda$create$0(206)) - Sending CreatePipelineCommand for pipeline:PipelineID=78a4b913-8b66-4435-8732-005b46e3a8b7 to datanode:34034301-6f4f-4b64-a7af-0630178f1887
2023-01-19 21:16:06,525 [RatisPipelineUtilsThread - 0] INFO  pipeline.PipelineStateManagerImpl (PipelineStateManagerImpl.java:addPipeline(103)) - Created pipeline Pipeline[ Id: 78a4b913-8b66-4435-8732-005b46e3a8b7, Nodes: 79fc7c85-f428-4972-afd4-216d9203d099(fv-az353-460.tkyx2seitsuu3nmpmouz2httfb.bx.internal.cloudapp.net/10.1.0.40)514168bb-47c6-4123-b047-b520965d68f2(fv-az353-460.tkyx2seitsuu3nmpmouz2httfb.bx.internal.cloudapp.net/10.1.0.40)34034301-6f4f-4b64-a7af-0630178f1887(fv-az353-460.tkyx2seitsuu3nmpmouz2httfb.bx.internal.cloudapp.net/10.1.0.40), ReplicationConfig: RATIS/THREE, State:ALLOCATED, leaderId:, CreationTimestamp2023-01-19T21:16:06.523Z[Etc/UTC]].
2023-01-19 21:16:06,527 [RatisPipelineUtilsThread - 0] INFO  pipeline.RatisPipelineProvider (RatisPipelineProvider.java:lambda$create$0(206)) - Sending CreatePipelineCommand for pipeline:PipelineID=0f330282-c4e0-4290-9122-d221e0d2d972 to datanode:79fc7c85-f428-4972-afd4-216d9203d099
2023-01-19 21:16:06,528 [RatisPipelineUtilsThread - 0] INFO  pipeline.RatisPipelineProvider (RatisPipelineProvider.java:lambda$create$0(206)) - Sending CreatePipelineCommand for pipeline:PipelineID=0f330282-c4e0-4290-9122-d221e0d2d972 to datanode:514168bb-47c6-4123-b047-b520965d68f2
2023-01-19 21:16:06,528 [RatisPipelineUtilsThread - 0] INFO  pipeline.RatisPipelineProvider (RatisPipelineProvider.java:lambda$create$0(206)) - Sending CreatePipelineCommand for pipeline:PipelineID=0f330282-c4e0-4290-9122-d221e0d2d972 to datanode:34034301-6f4f-4b64-a7af-0630178f1887
2023-01-19 21:16:06,530 [RatisPipelineUtilsThread - 0] INFO  pipeline.PipelineStateManagerImpl (PipelineStateManagerImpl.java:addPipeline(103)) - Created pipeline Pipeline[ Id: 0f330282-c4e0-4290-9122-d221e0d2d972, Nodes: 79fc7c85-f428-4972-afd4-216d9203d099(fv-az353-460.tkyx2seitsuu3nmpmouz2httfb.bx.internal.cloudapp.net/10.1.0.40)514168bb-47c6-4123-b047-b520965d68f2(fv-az353-460.tkyx2seitsuu3nmpmouz2httfb.bx.internal.cloudapp.net/10.1.0.40)34034301-6f4f-4b64-a7af-0630178f1887(fv-az353-460.tkyx2seitsuu3nmpmouz2httfb.bx.internal.cloudapp.net/10.1.0.40), ReplicationConfig: RATIS/THREE, State:ALLOCATED, leaderId:, CreationTimestamp2023-01-19T21:16:06.527Z[Etc/UTC]].
2023-01-19 21:16:06,530 [RatisPipelineUtilsThread - 0] INFO  pipeline.PipelineManagerImpl (PipelineManagerImpl.java:recordMetricsForPipeline(826)) - Pipeline: PipelineID=0f330282-c4e0-4290-9122-d221e0d2d972 contains same datanodes as previous pipelines: PipelineID=78a4b913-8b66-4435-8732-005b46e3a8b7 nodeIds: 79fc7c85-f428-4972-afd4-216d9203d099, 514168bb-47c6-4123-b047-b520965d68f2, 34034301-6f4f-4b64-a7af-0630178f1887
2023-01-19 21:16:06,531 [RatisPipelineUtilsThread - 0] WARN  pipeline.PipelinePlacementPolicy (PipelinePlacementPolicy.java:filterViableNodes(158)) - Pipeline creation failed due to no sufficient healthy datanodes. Required 3. Found 0.
2023-01-19 21:16:06,868 [IPC Server handler 3 on default port 39377] INFO  net.NetworkTopologyImpl (NetworkTopologyImpl.java:add(112)) - Added a new node: /default-rack/9f11bae2-70d6-4c19-b175-54f3bf2a6776
2023-01-19 21:16:06,869 [IPC Server handler 3 on default port 39377] INFO  node.SCMNodeManager (SCMNodeManager.java:register(397)) - Registered Data node : 9f11bae2-70d6-4c19-b175-54f3bf2a6776{ip: 10.1.0.40, host: fv-az353-460.tkyx2seitsuu3nmpmouz2httfb.bx.internal.cloudapp.net, ports: [REPLICATION=41475, RATIS=41965, RATIS_ADMIN=41965, RATIS_SERVER=41965, RATIS_DATASTREAM=33671, STANDALONE=40097], networkLocation: /default-rack, certSerialId: null, persistedOpState: null, persistedOpStateExpiryEpochSec: 0}
2023-01-19 21:16:06,870 [EventQueue-NewNodeForNewNodeHandler] INFO  pipeline.BackgroundPipelineCreator (BackgroundPipelineCreator.java:notifyEventTriggered(276)) - trigger a one-shot run on RatisPipelineUtilsThread.
2023-01-19 21:16:06,870 [RatisPipelineUtilsThread - 0] INFO  pipeline.RatisPipelineProvider (RatisPipelineProvider.java:lambda$create$0(206)) - Sending CreatePipelineCommand for pipeline:PipelineID=9854910d-4d83-4455-9912-375bba2ba311 to datanode:9f11bae2-70d6-4c19-b175-54f3bf2a6776
2023-01-19 21:16:06,871 [RatisPipelineUtilsThread - 0] INFO  pipeline.PipelineStateManagerImpl (PipelineStateManagerImpl.java:addPipeline(103)) - Created pipeline Pipeline[ Id: 9854910d-4d83-4455-9912-375bba2ba311, Nodes: 9f11bae2-70d6-4c19-b175-54f3bf2a6776(fv-az353-460.tkyx2seitsuu3nmpmouz2httfb.bx.internal.cloudapp.net/10.1.0.40), ReplicationConfig: RATIS/ONE, State:ALLOCATED, leaderId:, CreationTimestamp2023-01-19T21:16:06.870Z[Etc/UTC]].
2023-01-19 21:16:06,872 [RatisPipelineUtilsThread - 0] WARN  pipeline.PipelinePlacementPolicy (PipelinePlacementPolicy.java:filterViableNodes(158)) - Pipeline creation failed due to no sufficient healthy datanodes. Required 3. Found 1.
2023-01-19 21:16:07,003 [Listener at 127.0.0.1/34089] INFO  ozone.MiniOzoneClusterImpl (MiniOzoneClusterImpl.java:lambda$waitForClusterToBeReady$0(218)) - Waiting for nodes to be ready. Got 4 of 7 DN Heartbeats.
2023-01-19 21:16:07,003 [Listener at 127.0.0.1/34089] INFO  ozone.MiniOzoneClusterImpl (MiniOzoneClusterImpl.java:lambda$waitForClusterToBeReady$0(221)) - Waiting for cluster to exit safe mode
2023-01-19 21:16:07,003 [Listener at 127.0.0.1/34089] INFO  ozone.MiniOzoneClusterImpl (MiniOzoneClusterImpl.java:lambda$waitForClusterToBeReady$0(223)) - SCM became leader
2023-01-19 21:16:07,178 [IPC Server handler 5 on default port 39377] INFO  net.NetworkTopologyImpl (NetworkTopologyImpl.java:add(112)) - Added a new node: /default-rack/644b7e96-e81f-4c38-853b-c70c4b8809a7
2023-01-19 21:16:07,178 [IPC Server handler 5 on default port 39377] INFO  node.SCMNodeManager (SCMNodeManager.java:register(397)) - Registered Data node : 644b7e96-e81f-4c38-853b-c70c4b8809a7{ip: 10.1.0.40, host: fv-az353-460.tkyx2seitsuu3nmpmouz2httfb.bx.internal.cloudapp.net, ports: [REPLICATION=33459, RATIS=34945, RATIS_ADMIN=34945, RATIS_SERVER=34945, RATIS_DATASTREAM=33363, STANDALONE=41071], networkLocation: /default-rack, certSerialId: null, persistedOpState: null, persistedOpStateExpiryEpochSec: 0}
2023-01-19 21:16:07,179 [EventQueue-NewNodeForNewNodeHandler] INFO  pipeline.BackgroundPipelineCreator (BackgroundPipelineCreator.java:notifyEventTriggered(276)) - trigger a one-shot run on RatisPipelineUtilsThread.
2023-01-19 21:16:07,180 [RatisPipelineUtilsThread - 0] INFO  pipeline.RatisPipelineProvider (RatisPipelineProvider.java:lambda$create$0(206)) - Sending CreatePipelineCommand for pipeline:PipelineID=336b7f56-ae59-4d1a-800b-b2191b8233cd to datanode:644b7e96-e81f-4c38-853b-c70c4b8809a7
2023-01-19 21:16:07,180 [RatisPipelineUtilsThread - 0] INFO  pipeline.PipelineStateManagerImpl (PipelineStateManagerImpl.java:addPipeline(103)) - Created pipeline Pipeline[ Id: 336b7f56-ae59-4d1a-800b-b2191b8233cd, Nodes: 644b7e96-e81f-4c38-853b-c70c4b8809a7(fv-az353-460.tkyx2seitsuu3nmpmouz2httfb.bx.internal.cloudapp.net/10.1.0.40), ReplicationConfig: RATIS/ONE, State:ALLOCATED, leaderId:, CreationTimestamp2023-01-19T21:16:07.180Z[Etc/UTC]].
2023-01-19 21:16:07,181 [RatisPipelineUtilsThread - 0] WARN  pipeline.PipelinePlacementPolicy (PipelinePlacementPolicy.java:filterViableNodes(158)) - Pipeline creation failed due to no sufficient healthy datanodes. Required 3. Found 2.
2023-01-19 21:16:07,521 [IPC Server handler 1 on default port 39377] INFO  net.NetworkTopologyImpl (NetworkTopologyImpl.java:add(112)) - Added a new node: /default-rack/466e37ce-bab8-43e3-8861-d2a29ea05bd5
2023-01-19 21:16:07,522 [IPC Server handler 1 on default port 39377] INFO  node.SCMNodeManager (SCMNodeManager.java:register(397)) - Registered Data node : 466e37ce-bab8-43e3-8861-d2a29ea05bd5{ip: 10.1.0.40, host: fv-az353-460.tkyx2seitsuu3nmpmouz2httfb.bx.internal.cloudapp.net, ports: [REPLICATION=34275, RATIS=42247, RATIS_ADMIN=42247, RATIS_SERVER=42247, RATIS_DATASTREAM=46349, STANDALONE=35927], networkLocation: /default-rack, certSerialId: null, persistedOpState: null, persistedOpStateExpiryEpochSec: 0}
2023-01-19 21:16:07,522 [EventQueue-NewNodeForNewNodeHandler] INFO  pipeline.BackgroundPipelineCreator (BackgroundPipelineCreator.java:notifyEventTriggered(276)) - trigger a one-shot run on RatisPipelineUtilsThread.
2023-01-19 21:16:07,523 [RatisPipelineUtilsThread - 0] INFO  pipeline.RatisPipelineProvider (RatisPipelineProvider.java:lambda$create$0(206)) - Sending CreatePipelineCommand for pipeline:PipelineID=3fa656ae-443f-4ebc-a81c-050ed9bb5ae7 to datanode:466e37ce-bab8-43e3-8861-d2a29ea05bd5
2023-01-19 21:16:07,524 [RatisPipelineUtilsThread - 0] INFO  pipeline.PipelineStateManagerImpl (PipelineStateManagerImpl.java:addPipeline(103)) - Created pipeline Pipeline[ Id: 3fa656ae-443f-4ebc-a81c-050ed9bb5ae7, Nodes: 466e37ce-bab8-43e3-8861-d2a29ea05bd5(fv-az353-460.tkyx2seitsuu3nmpmouz2httfb.bx.internal.cloudapp.net/10.1.0.40), ReplicationConfig: RATIS/ONE, State:ALLOCATED, leaderId:, CreationTimestamp2023-01-19T21:16:07.523Z[Etc/UTC]].
2023-01-19 21:16:07,525 [RatisPipelineUtilsThread - 0] INFO  pipeline.RatisPipelineProvider (RatisPipelineProvider.java:lambda$create$0(206)) - Sending CreatePipelineCommand for pipeline:PipelineID=14d5e24b-4caa-4e9f-b256-a72ccb8df3ab to datanode:466e37ce-bab8-43e3-8861-d2a29ea05bd5
2023-01-19 21:16:07,525 [RatisPipelineUtilsThread - 0] INFO  pipeline.RatisPipelineProvider (RatisPipelineProvider.java:lambda$create$0(206)) - Sending CreatePipelineCommand for pipeline:PipelineID=14d5e24b-4caa-4e9f-b256-a72ccb8df3ab to datanode:644b7e96-e81f-4c38-853b-c70c4b8809a7
2023-01-19 21:16:07,525 [RatisPipelineUtilsThread - 0] INFO  pipeline.RatisPipelineProvider (RatisPipelineProvider.java:lambda$create$0(206)) - Sending CreatePipelineCommand for pipeline:PipelineID=14d5e24b-4caa-4e9f-b256-a72ccb8df3ab to datanode:9f11bae2-70d6-4c19-b175-54f3bf2a6776
2023-01-19 21:16:07,526 [RatisPipelineUtilsThread - 0] INFO  pipeline.PipelineStateManagerImpl (PipelineStateManagerImpl.java:addPipeline(103)) - Created pipeline Pipeline[ Id: 14d5e24b-4caa-4e9f-b256-a72ccb8df3ab, Nodes: 466e37ce-bab8-43e3-8861-d2a29ea05bd5(fv-az353-460.tkyx2seitsuu3nmpmouz2httfb.bx.internal.cloudapp.net/10.1.0.40)644b7e96-e81f-4c38-853b-c70c4b8809a7(fv-az353-460.tkyx2seitsuu3nmpmouz2httfb.bx.internal.cloudapp.net/10.1.0.40)9f11bae2-70d6-4c19-b175-54f3bf2a6776(fv-az353-460.tkyx2seitsuu3nmpmouz2httfb.bx.internal.cloudapp.net/10.1.0.40), ReplicationConfig: RATIS/THREE, State:ALLOCATED, leaderId:, CreationTimestamp2023-01-19T21:16:07.525Z[Etc/UTC]].
2023-01-19 21:16:07,528 [RatisPipelineUtilsThread - 0] INFO  pipeline.RatisPipelineProvider (RatisPipelineProvider.java:lambda$create$0(206)) - Sending CreatePipelineCommand for pipeline:PipelineID=9bf9702d-9d55-48cc-b038-cc3b4d02d24b to datanode:466e37ce-bab8-43e3-8861-d2a29ea05bd5
2023-01-19 21:16:07,528 [RatisPipelineUtilsThread - 0] INFO  pipeline.RatisPipelineProvider (RatisPipelineProvider.java:lambda$create$0(206)) - Sending CreatePipelineCommand for pipeline:PipelineID=9bf9702d-9d55-48cc-b038-cc3b4d02d24b to datanode:9f11bae2-70d6-4c19-b175-54f3bf2a6776
2023-01-19 21:16:07,528 [RatisPipelineUtilsThread - 0] INFO  pipeline.RatisPipelineProvider (RatisPipelineProvider.java:lambda$create$0(206)) - Sending CreatePipelineCommand for pipeline:PipelineID=9bf9702d-9d55-48cc-b038-cc3b4d02d24b to datanode:644b7e96-e81f-4c38-853b-c70c4b8809a7
2023-01-19 21:16:07,530 [RatisPipelineUtilsThread - 0] INFO  pipeline.PipelineStateManagerImpl (PipelineStateManagerImpl.java:addPipeline(103)) - Created pipeline Pipeline[ Id: 9bf9702d-9d55-48cc-b038-cc3b4d02d24b, Nodes: 466e37ce-bab8-43e3-8861-d2a29ea05bd5(fv-az353-460.tkyx2seitsuu3nmpmouz2httfb.bx.internal.cloudapp.net/10.1.0.40)9f11bae2-70d6-4c19-b175-54f3bf2a6776(fv-az353-460.tkyx2seitsuu3nmpmouz2httfb.bx.internal.cloudapp.net/10.1.0.40)644b7e96-e81f-4c38-853b-c70c4b8809a7(fv-az353-460.tkyx2seitsuu3nmpmouz2httfb.bx.internal.cloudapp.net/10.1.0.40), ReplicationConfig: RATIS/THREE, State:ALLOCATED, leaderId:, CreationTimestamp2023-01-19T21:16:07.528Z[Etc/UTC]].
2023-01-19 21:16:07,530 [RatisPipelineUtilsThread - 0] INFO  pipeline.PipelineManagerImpl (PipelineManagerImpl.java:recordMetricsForPipeline(826)) - Pipeline: PipelineID=9bf9702d-9d55-48cc-b038-cc3b4d02d24b contains same datanodes as previous pipelines: PipelineID=14d5e24b-4caa-4e9f-b256-a72ccb8df3ab nodeIds: 466e37ce-bab8-43e3-8861-d2a29ea05bd5, 9f11bae2-70d6-4c19-b175-54f3bf2a6776, 644b7e96-e81f-4c38-853b-c70c4b8809a7
2023-01-19 21:16:07,530 [RatisPipelineUtilsThread - 0] WARN  pipeline.PipelinePlacementPolicy (PipelinePlacementPolicy.java:filterViableNodes(158)) - Pipeline creation failed due to no sufficient healthy datanodes. Required 3. Found 0.
2023-01-19 21:16:08,003 [Listener at 127.0.0.1/34089] INFO  ozone.MiniOzoneClusterImpl (MiniOzoneClusterImpl.java:lambda$waitForClusterToBeReady$0(218)) - Waiting for nodes to be ready. Got 6 of 7 DN Heartbeats.
2023-01-19 21:16:08,005 [Listener at 127.0.0.1/34089] INFO  ozone.MiniOzoneClusterImpl (MiniOzoneClusterImpl.java:lambda$waitForClusterToBeReady$0(221)) - Waiting for cluster to exit safe mode
2023-01-19 21:16:08,005 [Listener at 127.0.0.1/34089] INFO  ozone.MiniOzoneClusterImpl (MiniOzoneClusterImpl.java:lambda$waitForClusterToBeReady$0(223)) - SCM became leader
2023-01-19 21:16:08,015 [IPC Server handler 4 on default port 39377] INFO  net.NetworkTopologyImpl (NetworkTopologyImpl.java:add(112)) - Added a new node: /default-rack/3ef17d3f-5602-43d4-9aab-3516f470ca8d
2023-01-19 21:16:08,015 [IPC Server handler 4 on default port 39377] INFO  node.SCMNodeManager (SCMNodeManager.java:register(397)) - Registered Data node : 3ef17d3f-5602-43d4-9aab-3516f470ca8d{ip: 10.1.0.40, host: fv-az353-460.tkyx2seitsuu3nmpmouz2httfb.bx.internal.cloudapp.net, ports: [REPLICATION=42967, RATIS=44823, RATIS_ADMIN=44823, RATIS_SERVER=44823, RATIS_DATASTREAM=38191, STANDALONE=43077], networkLocation: /default-rack, certSerialId: null, persistedOpState: null, persistedOpStateExpiryEpochSec: 0}
2023-01-19 21:16:08,015 [EventQueue-NewNodeForNewNodeHandler] INFO  pipeline.BackgroundPipelineCreator (BackgroundPipelineCreator.java:notifyEventTriggered(276)) - trigger a one-shot run on RatisPipelineUtilsThread.
2023-01-19 21:16:08,016 [RatisPipelineUtilsThread - 0] INFO  pipeline.RatisPipelineProvider (RatisPipelineProvider.java:lambda$create$0(206)) - Sending CreatePipelineCommand for pipeline:PipelineID=f9dbc3c5-a0f5-4c03-810d-e00fdd7c002a to datanode:3ef17d3f-5602-43d4-9aab-3516f470ca8d
2023-01-19 21:16:08,017 [RatisPipelineUtilsThread - 0] INFO  pipeline.PipelineStateManagerImpl (PipelineStateManagerImpl.java:addPipeline(103)) - Created pipeline Pipeline[ Id: f9dbc3c5-a0f5-4c03-810d-e00fdd7c002a, Nodes: 3ef17d3f-5602-43d4-9aab-3516f470ca8d(fv-az353-460.tkyx2seitsuu3nmpmouz2httfb.bx.internal.cloudapp.net/10.1.0.40), ReplicationConfig: RATIS/ONE, State:ALLOCATED, leaderId:, CreationTimestamp2023-01-19T21:16:08.016Z[Etc/UTC]].
2023-01-19 21:16:08,017 [RatisPipelineUtilsThread - 0] WARN  pipeline.PipelinePlacementPolicy (PipelinePlacementPolicy.java:filterViableNodes(158)) - Pipeline creation failed due to no sufficient healthy datanodes. Required 3. Found 1.
2023-01-19 21:16:08,567 [Command processor thread] INFO  server.RaftServer (RaftServerProxy.java:addNew(96)) - 514168bb-47c6-4123-b047-b520965d68f2: addNew group-0D696139C97F:[514168bb-47c6-4123-b047-b520965d68f2|rpc:10.1.0.40:32777|dataStream:10.1.0.40:40123|priority:1|startupRole:FOLLOWER] returns group-0D696139C97F:java.util.concurrent.CompletableFuture@77b6d541[Not completed]
2023-01-19 21:16:08,582 [pool-71-thread-1] INFO  server.RaftServer$Division (RaftServerImpl.java:<init>(195)) - 514168bb-47c6-4123-b047-b520965d68f2: new RaftServerImpl for group-0D696139C97F:[514168bb-47c6-4123-b047-b520965d68f2|rpc:10.1.0.40:32777|dataStream:10.1.0.40:40123|priority:1|startupRole:FOLLOWER] with ContainerStateMachine:uninitialized
2023-01-19 21:16:08,583 [pool-71-thread-1] INFO  server.RaftServerConfigKeys (ConfUtils.java:logGet(46)) - raft.server.rpc.timeout.min = 5s (custom)
2023-01-19 21:16:08,583 [pool-71-thread-1] INFO  server.RaftServerConfigKeys (ConfUtils.java:logGet(46)) - raft.server.rpc.timeout.max = 5200ms (custom)
2023-01-19 21:16:08,583 [pool-71-thread-1] INFO  server.RaftServerConfigKeys (ConfUtils.java:logGet(46)) - raft.server.rpc.sleep.time = 25ms (default)
2023-01-19 21:16:08,584 [pool-71-thread-1] INFO  server.RaftServerConfigKeys (ConfUtils.java:logGet(46)) - raft.server.rpc.slowness.timeout = 300s (custom)
2023-01-19 21:16:08,584 [pool-71-thread-1] INFO  server.RaftServerConfigKeys (ConfUtils.java:logGet(46)) - raft.server.leaderelection.leader.step-down.wait-time = 10s (default)
2023-01-19 21:16:08,584 [pool-71-thread-1] INFO  server.RaftServerConfigKeys (ConfUtils.java:logGet(46)) - raft.server.sleep.deviation.threshold = 300ms (default)
2023-01-19 21:16:08,584 [pool-71-thread-1] INFO  server.RaftServer$Division (ServerState.java:<init>(118)) - 514168bb-47c6-4123-b047-b520965d68f2@group-0D696139C97F: ConfigurationManager, init=-1: peers:[514168bb-47c6-4123-b047-b520965d68f2|rpc:10.1.0.40:32777|dataStream:10.1.0.40:40123|priority:1|startupRole:FOLLOWER]|listeners:[], old=null, confs=<EMPTY_MAP>
2023-01-19 21:16:08,584 [pool-71-thread-1] INFO  server.RaftServerConfigKeys (ConfUtils.java:logGet(46)) - raft.server.storage.dir = [/home/runner/work/ozone/ozone/hadoop-ozone/integration-test/target/test-dir/MiniOzoneClusterImpl-df602b49-e577-4a1d-ae00-d896acd8b89d/datanode-0/data/ratis] (custom)
2023-01-19 21:16:08,584 [pool-71-thread-1] INFO  server.RaftServerConfigKeys (ConfUtils.java:logGet(46)) - raft.server.log.corruption.policy = EXCEPTION (default)
2023-01-19 21:16:08,584 [pool-71-thread-1] INFO  server.RaftServerConfigKeys (ConfUtils.java:logGet(46)) - raft.server.storage.free-space.min = 0MB (=0) (default)
2023-01-19 21:16:08,585 [pool-71-thread-1] INFO  server.RaftServerConfigKeys (ConfUtils.java:logGet(46)) - raft.server.notification.no-leader.timeout = 300s (custom)
2023-01-19 21:16:08,585 [pool-71-thread-1] INFO  server.RaftServerConfigKeys (ConfUtils.java:logGet(46)) - raft.server.retrycache.expirytime = 600000ms (custom)
2023-01-19 21:16:08,585 [pool-71-thread-1] INFO  server.RaftServerConfigKeys (ConfUtils.java:logGet(46)) - raft.server.retrycache.statistics.expirytime = 100μs (default)
2023-01-19 21:16:08,593 [pool-71-thread-1] INFO  server.RaftServerConfigKeys (ConfUtils.java:logGet(46)) - raft.server.log.appender.install.snapshot.enabled = false (custom)
2023-01-19 21:16:08,593 [pool-71-thread-1] INFO  server.RaftServerConfigKeys (ConfUtils.java:logGet(46)) - raft.server.threadpool.server.cached = true (default)
2023-01-19 21:16:08,593 [pool-71-thread-1] INFO  server.RaftServerConfigKeys (ConfUtils.java:logGet(46)) - raft.server.threadpool.server.size = 0 (default)
2023-01-19 21:16:08,593 [pool-71-thread-1] INFO  server.RaftServerConfigKeys (ConfUtils.java:logGet(46)) - raft.server.threadpool.client.cached = true (default)
2023-01-19 21:16:08,593 [pool-71-thread-1] INFO  server.RaftServerConfigKeys (ConfUtils.java:logGet(46)) - raft.server.threadpool.client.size = 0 (default)
2023-01-19 21:16:08,594 [pool-71-thread-1] INFO  storage.RaftStorageDirectory (RaftStorageDirectoryImpl.java:analyzeStorage(137)) - The storage directory /home/runner/work/ozone/ozone/hadoop-ozone/integration-test/target/test-dir/MiniOzoneClusterImpl-df602b49-e577-4a1d-ae00-d896acd8b89d/datanode-0/data/ratis/f7b050e3-61e0-4d8a-82c8-0d696139c97f does not exist. Creating ...
2023-01-19 21:16:08,597 [pool-71-thread-1] INFO  storage.RaftStorageDirectory (RaftStorageDirectoryImpl.java:tryLock(231)) - Lock on /home/runner/work/ozone/ozone/hadoop-ozone/integration-test/target/test-dir/MiniOzoneClusterImpl-df602b49-e577-4a1d-ae00-d896acd8b89d/datanode-0/data/ratis/f7b050e3-61e0-4d8a-82c8-0d696139c97f/in_use.lock acquired by nodename 36349@fv-az353-460
2023-01-19 21:16:08,598 [pool-71-thread-1] INFO  storage.RaftStorage (RaftStorageImpl.java:format(96)) - Storage directory /home/runner/work/ozone/ozone/hadoop-ozone/integration-test/target/test-dir/MiniOzoneClusterImpl-df602b49-e577-4a1d-ae00-d896acd8b89d/datanode-0/data/ratis/f7b050e3-61e0-4d8a-82c8-0d696139c97f has been successfully formatted.
2023-01-19 21:16:08,604 [pool-71-thread-1] INFO  ratis.ContainerStateMachine (ContainerStateMachine.java:loadSnapshot(240)) - group-0D696139C97F: The snapshot info is null. Setting the last applied indexto:(t:0, i:~)
2023-01-19 21:16:08,604 [pool-71-thread-1] INFO  server.RaftServerConfigKeys (ConfUtils.java:logGet(46)) - raft.server.log.use.memory = false (default)
2023-01-19 21:16:08,604 [pool-71-thread-1] INFO  server.RaftServerConfigKeys (ConfUtils.java:logGet(46)) - raft.server.log.purge.gap = 1000000 (custom)
2023-01-19 21:16:08,604 [pool-71-thread-1] INFO  server.RaftServerConfigKeys (ConfUtils.java:logGet(46)) - raft.server.log.appender.buffer.byte-limit = 33554432 (custom)
2023-01-19 21:16:08,605 [pool-71-thread-1] INFO  server.RaftServerConfigKeys (ConfUtils.java:logGet(46)) - raft.server.log.statemachine.data.read.timeout = 1000ms (default)
2023-01-19 21:16:08,605 [pool-71-thread-1] INFO  server.RaftServerConfigKeys (ConfUtils.java:logGet(46)) - raft.server.log.purge.preservation.log.num = 0 (default)
2023-01-19 21:16:08,605 [pool-71-thread-1] INFO  server.RaftServerConfigKeys (ConfUtils.java:logGet(46)) - raft.server.log.segment.size.max = 1048576 (custom)
2023-01-19 21:16:08,606 [pool-71-thread-1] INFO  server.RaftServerConfigKeys (ConfUtils.java:logGet(46)) - raft.server.log.segment.cache.num.max = 2 (custom)
2023-01-19 21:16:08,606 [pool-71-thread-1] INFO  server.RaftServerConfigKeys (ConfUtils.java:logGet(46)) - raft.server.log.segment.cache.size.max = 200MB (=209715200) (default)
2023-01-19 21:16:08,606 [pool-71-thread-1] INFO  segmented.SegmentedRaftLogWorker (SegmentedRaftLogWorker.java:<init>(189)) - new 514168bb-47c6-4123-b047-b520965d68f2@group-0D696139C97F-SegmentedRaftLogWorker for RaftStorageImpl:Storage Directory /home/runner/work/ozone/ozone/hadoop-ozone/integration-test/target/test-dir/MiniOzoneClusterImpl-df602b49-e577-4a1d-ae00-d896acd8b89d/datanode-0/data/ratis/f7b050e3-61e0-4d8a-82c8-0d696139c97f
2023-01-19 21:16:08,606 [pool-71-thread-1] INFO  server.RaftServerConfigKeys (ConfUtils.java:logGet(46)) - raft.server.log.queue.byte-limit = 4294967296 (custom)
2023-01-19 21:16:08,606 [pool-71-thread-1] INFO  server.RaftServerConfigKeys (ConfUtils.java:logGet(46)) - raft.server.log.queue.element-limit = 1024 (custom)
2023-01-19 21:16:08,606 [pool-71-thread-1] INFO  server.RaftServerConfigKeys (ConfUtils.java:logGet(46)) - raft.server.log.segment.size.max = 1048576 (custom)
2023-01-19 21:16:08,606 [pool-71-thread-1] INFO  server.RaftServerConfigKeys (ConfUtils.java:logGet(46)) - raft.server.log.preallocated.size = 16384 (custom)
2023-01-19 21:16:08,606 [pool-71-thread-1] INFO  server.RaftServerConfigKeys (ConfUtils.java:logGet(46)) - raft.server.log.force.sync.num = 128 (default)
2023-01-19 21:16:08,606 [pool-71-thread-1] INFO  server.RaftServerConfigKeys (ConfUtils.java:logGet(46)) - raft.server.log.statemachine.data.sync = true (default)
2023-01-19 21:16:08,606 [pool-71-thread-1] INFO  server.RaftServerConfigKeys (ConfUtils.java:logGet(46)) - raft.server.log.statemachine.data.sync.timeout = 10s (default)
2023-01-19 21:16:08,606 [pool-71-thread-1] INFO  server.RaftServerConfigKeys (ConfUtils.java:logGet(46)) - raft.server.log.statemachine.data.sync.timeout.retry = -1 (default)
2023-01-19 21:16:08,608 [pool-71-thread-1] INFO  server.RaftServerConfigKeys (ConfUtils.java:logGet(46)) - raft.server.log.write.buffer.size = 1048576 (custom)
2023-01-19 21:16:08,608 [pool-71-thread-1] INFO  server.RaftServerConfigKeys (ConfUtils.java:logGet(46)) - raft.server.log.appender.buffer.byte-limit = 33554432 (custom)
2023-01-19 21:16:08,615 [pool-71-thread-1] INFO  server.RaftServerConfigKeys (ConfUtils.java:logGet(46)) - raft.server.log.unsafe-flush.enabled = false (default)
2023-01-19 21:16:08,615 [pool-71-thread-1] INFO  server.RaftServerConfigKeys (ConfUtils.java:logGet(46)) - raft.server.log.async-flush.enabled = false (default)
2023-01-19 21:16:08,615 [pool-71-thread-1] INFO  server.RaftServerConfigKeys (ConfUtils.java:logGet(46)) - raft.server.log.statemachine.data.caching.enabled = true (custom)
2023-01-19 21:16:08,615 [pool-71-thread-1] INFO  segmented.SegmentedRaftLogWorker (SegmentedRaftLogWorker.java:lambda$new$0(135)) - 514168bb-47c6-4123-b047-b520965d68f2@group-0D696139C97F-SegmentedRaftLogWorker: flushIndex: setUnconditionally 0 -> -1
2023-01-19 21:16:08,615 [pool-71-thread-1] INFO  segmented.SegmentedRaftLogWorker (SegmentedRaftLogWorker.java:lambda$new$0(135)) - 514168bb-47c6-4123-b047-b520965d68f2@group-0D696139C97F-SegmentedRaftLogWorker: safeCacheEvictIndex: setUnconditionally 0 -> -1
2023-01-19 21:16:08,623 [pool-71-thread-1] INFO  server.RaftServer$Division (RaftServerImpl.java:start(334)) - 514168bb-47c6-4123-b047-b520965d68f2@group-0D696139C97F: start as a follower, conf=-1: peers:[514168bb-47c6-4123-b047-b520965d68f2|rpc:10.1.0.40:32777|dataStream:10.1.0.40:40123|priority:1|startupRole:FOLLOWER]|listeners:[], old=null
2023-01-19 21:16:08,624 [pool-71-thread-1] INFO  server.RaftServer$Division (RaftServerImpl.java:setRole(321)) - 514168bb-47c6-4123-b047-b520965d68f2@group-0D696139C97F: changes role from      null to FOLLOWER at term 0 for startAsFollower
2023-01-19 21:16:08,624 [pool-71-thread-1] INFO  impl.RoleInfo (RoleInfo.java:updateAndGet(139)) - 514168bb-47c6-4123-b047-b520965d68f2: start 514168bb-47c6-4123-b047-b520965d68f2@group-0D696139C97F-FollowerState
2023-01-19 21:16:08,624 [pool-71-thread-1] INFO  util.JmxRegister (JmxRegister.java:tryRegister(44)) - Successfully registered JMX Bean with object name Ratis:service=RaftServer,group=group-0D696139C97F,id=514168bb-47c6-4123-b047-b520965d68f2
2023-01-19 21:16:08,624 [pool-71-thread-1] INFO  server.RaftServerConfigKeys (ConfUtils.java:logGet(46)) - raft.server.snapshot.auto.trigger.enabled = true (custom)
2023-01-19 21:16:08,624 [pool-71-thread-1] INFO  server.RaftServerConfigKeys (ConfUtils.java:logGet(46)) - raft.server.snapshot.auto.trigger.threshold = 10000 (custom)
2023-01-19 21:16:08,624 [pool-71-thread-1] INFO  server.RaftServerConfigKeys (ConfUtils.java:logGet(46)) - raft.server.snapshot.retention.file.num = 5 (custom)
2023-01-19 21:16:08,624 [pool-71-thread-1] INFO  server.RaftServerConfigKeys (ConfUtils.java:logGet(46)) - raft.server.log.purge.upto.snapshot.index = false (default)
2023-01-19 21:16:08,625 [EventQueue-PipelineReportForPipelineReportHandler] INFO  pipeline.PipelineManagerImpl (PipelineManagerImpl.java:openPipeline(367)) - Pipeline Pipeline[ Id: f7b050e3-61e0-4d8a-82c8-0d696139c97f, Nodes: 514168bb-47c6-4123-b047-b520965d68f2(fv-az353-460.tkyx2seitsuu3nmpmouz2httfb.bx.internal.cloudapp.net/10.1.0.40), ReplicationConfig: RATIS/ONE, State:ALLOCATED, leaderId:514168bb-47c6-4123-b047-b520965d68f2, CreationTimestamp2023-01-19T21:16:05.591Z[Etc/UTC]] moved to OPEN state
2023-01-19 21:16:08,627 [514168bb-47c6-4123-b047-b520965d68f2@group-0D696139C97F-FollowerState] INFO  server.RaftServerConfigKeys (ConfUtils.java:logFallback(53)) - raft.server.rpc.first-election.timeout.min = 5s (fallback to raft.server.rpc.timeout.min)
2023-01-19 21:16:08,627 [514168bb-47c6-4123-b047-b520965d68f2@group-0D696139C97F-FollowerState] INFO  server.RaftServerConfigKeys (ConfUtils.java:logFallback(53)) - raft.server.rpc.first-election.timeout.max = 5200ms (fallback to raft.server.rpc.timeout.max)
2023-01-19 21:16:08,629 [EventQueue-OpenPipelineForHealthyPipelineSafeModeRule] INFO  safemode.SCMSafeModeManager (HealthyPipelineSafeModeRule.java:process(137)) - SCM in safe mode. Healthy pipelines reported count is 0, required healthy pipeline reported count is 1
2023-01-19 21:16:08,635 [Command processor thread] INFO  ratis.XceiverServerRatis (XceiverServerRatis.java:addGroup(806)) - Created group PipelineID=f7b050e3-61e0-4d8a-82c8-0d696139c97f
2023-01-19 21:16:08,636 [Command processor thread] INFO  commandhandler.CreatePipelineCommandHandler (CreatePipelineCommandHandler.java:handle(113)) - Created Pipeline RATIS ONE PipelineID=f7b050e3-61e0-4d8a-82c8-0d696139c97f.
2023-01-19 21:16:08,636 [Command processor thread] INFO  server.RaftServer (RaftServerProxy.java:addNew(96)) - 514168bb-47c6-4123-b047-b520965d68f2: addNew group-005B46E3A8B7:[79fc7c85-f428-4972-afd4-216d9203d099|rpc:10.1.0.40:34077|dataStream:10.1.0.40:41333|priority:1|startupRole:FOLLOWER, 514168bb-47c6-4123-b047-b520965d68f2|rpc:10.1.0.40:32777|dataStream:10.1.0.40:40123|priority:0|startupRole:FOLLOWER, 34034301-6f4f-4b64-a7af-0630178f1887|rpc:10.1.0.40:37447|dataStream:10.1.0.40:39551|priority:0|startupRole:FOLLOWER] returns group-005B46E3A8B7:java.util.concurrent.CompletableFuture@3b89747a[Not completed]
2023-01-19 21:16:08,637 [pool-71-thread-1] INFO  server.RaftServer$Division (RaftServerImpl.java:<init>(195)) - 514168bb-47c6-4123-b047-b520965d68f2: new RaftServerImpl for group-005B46E3A8B7:[79fc7c85-f428-4972-afd4-216d9203d099|rpc:10.1.0.40:34077|dataStream:10.1.0.40:41333|priority:1|startupRole:FOLLOWER, 514168bb-47c6-4123-b047-b520965d68f2|rpc:10.1.0.40:32777|dataStream:10.1.0.40:40123|priority:0|startupRole:FOLLOWER, 34034301-6f4f-4b64-a7af-0630178f1887|rpc:10.1.0.40:37447|dataStream:10.1.0.40:39551|priority:0|startupRole:FOLLOWER] with ContainerStateMachine:uninitialized
2023-01-19 21:16:08,637 [pool-71-thread-1] INFO  server.RaftServerConfigKeys (ConfUtils.java:logGet(46)) - raft.server.rpc.timeout.min = 5s (custom)
2023-01-19 21:16:08,638 [pool-71-thread-1] INFO  server.RaftServerConfigKeys (ConfUtils.java:logGet(46)) - raft.server.rpc.timeout.max = 5200ms (custom)
2023-01-19 21:16:08,638 [pool-71-thread-1] INFO  server.RaftServerConfigKeys (ConfUtils.java:logGet(46)) - raft.server.rpc.sleep.time = 25ms (default)
2023-01-19 21:16:08,638 [pool-71-thread-1] INFO  server.RaftServerConfigKeys (ConfUtils.java:logGet(46)) - raft.server.rpc.slowness.timeout = 300s (custom)
2023-01-19 21:16:08,638 [pool-71-thread-1] INFO  server.RaftServerConfigKeys (ConfUtils.java:logGet(46)) - raft.server.leaderelection.leader.step-down.wait-time = 10s (default)
2023-01-19 21:16:08,638 [pool-71-thread-1] INFO  server.RaftServerConfigKeys (ConfUtils.java:logGet(46)) - raft.server.sleep.deviation.threshold = 300ms (default)
2023-01-19 21:16:08,638 [pool-71-thread-1] INFO  server.RaftServer$Division (ServerState.java:<init>(118)) - 514168bb-47c6-4123-b047-b520965d68f2@group-005B46E3A8B7: ConfigurationManager, init=-1: peers:[79fc7c85-f428-4972-afd4-216d9203d099|rpc:10.1.0.40:34077|dataStream:10.1.0.40:41333|priority:1|startupRole:FOLLOWER, 514168bb-47c6-4123-b047-b520965d68f2|rpc:10.1.0.40:32777|dataStream:10.1.0.40:40123|priority:0|startupRole:FOLLOWER, 34034301-6f4f-4b64-a7af-0630178f1887|rpc:10.1.0.40:37447|dataStream:10.1.0.40:39551|priority:0|startupRole:FOLLOWER]|listeners:[], old=null, confs=<EMPTY_MAP>
2023-01-19 21:16:08,638 [pool-71-thread-1] INFO  server.RaftServerConfigKeys (ConfUtils.java:logGet(46)) - raft.server.storage.dir = [/home/runner/work/ozone/ozone/hadoop-ozone/integration-test/target/test-dir/MiniOzoneClusterImpl-df602b49-e577-4a1d-ae00-d896acd8b89d/datanode-0/data/ratis] (custom)
2023-01-19 21:16:08,638 [pool-71-thread-1] INFO  server.RaftServerConfigKeys (ConfUtils.java:logGet(46)) - raft.server.log.corruption.policy = EXCEPTION (default)
2023-01-19 21:16:08,638 [pool-71-thread-1] INFO  server.RaftServerConfigKeys (ConfUtils.java:logGet(46)) - raft.server.storage.free-space.min = 0MB (=0) (default)
2023-01-19 21:16:08,638 [pool-71-thread-1] INFO  server.RaftServerConfigKeys (ConfUtils.java:logGet(46)) - raft.server.notification.no-leader.timeout = 300s (custom)
2023-01-19 21:16:08,638 [pool-71-thread-1] INFO  server.RaftServerConfigKeys (ConfUtils.java:logGet(46)) - raft.server.retrycache.expirytime = 600000ms (custom)
2023-01-19 21:16:08,638 [pool-71-thread-1] INFO  server.RaftServerConfigKeys (ConfUtils.java:logGet(46)) - raft.server.retrycache.statistics.expirytime = 100μs (default)
2023-01-19 21:16:08,641 [pool-71-thread-1] INFO  server.RaftServerConfigKeys (ConfUtils.java:logGet(46)) - raft.server.log.appender.install.snapshot.enabled = false (custom)
2023-01-19 21:16:08,641 [pool-71-thread-1] INFO  server.RaftServerConfigKeys (ConfUtils.java:logGet(46)) - raft.server.threadpool.server.cached = true (default)
2023-01-19 21:16:08,641 [pool-71-thread-1] INFO  server.RaftServerConfigKeys (ConfUtils.java:logGet(46)) - raft.server.threadpool.server.size = 0 (default)
2023-01-19 21:16:08,641 [pool-71-thread-1] INFO  server.RaftServerConfigKeys (ConfUtils.java:logGet(46)) - raft.server.threadpool.client.cached = true (default)
2023-01-19 21:16:08,641 [pool-71-thread-1] INFO  server.RaftServerConfigKeys (ConfUtils.java:logGet(46)) - raft.server.threadpool.client.size = 0 (default)
2023-01-19 21:16:08,641 [pool-71-thread-1] INFO  storage.RaftStorageDirectory (RaftStorageDirectoryImpl.java:analyzeStorage(137)) - The storage directory /home/runner/work/ozone/ozone/hadoop-ozone/integration-test/target/test-dir/MiniOzoneClusterImpl-df602b49-e577-4a1d-ae00-d896acd8b89d/datanode-0/data/ratis/78a4b913-8b66-4435-8732-005b46e3a8b7 does not exist. Creating ...
2023-01-19 21:16:08,643 [pool-71-thread-1] INFO  storage.RaftStorageDirectory (RaftStorageDirectoryImpl.java:tryLock(231)) - Lock on /home/runner/work/ozone/ozone/hadoop-ozone/integration-test/target/test-dir/MiniOzoneClusterImpl-df602b49-e577-4a1d-ae00-d896acd8b89d/datanode-0/data/ratis/78a4b913-8b66-4435-8732-005b46e3a8b7/in_use.lock acquired by nodename 36349@fv-az353-460
2023-01-19 21:16:08,645 [pool-71-thread-1] INFO  storage.RaftStorage (RaftStorageImpl.java:format(96)) - Storage directory /home/runner/work/ozone/ozone/hadoop-ozone/integration-test/target/test-dir/MiniOzoneClusterImpl-df602b49-e577-4a1d-ae00-d896acd8b89d/datanode-0/data/ratis/78a4b913-8b66-4435-8732-005b46e3a8b7 has been successfully formatted.
2023-01-19 21:16:08,648 [EventQueue-OpenPipelineForHealthyPipelineSafeModeRule] INFO  safemode.SCMSafeModeManager (HealthyPipelineSafeModeRule.java:process(137)) - SCM in safe mode. Healthy pipelines reported count is 0, required healthy pipeline reported count is 1
2023-01-19 21:16:08,656 [pool-71-thread-1] INFO  ratis.ContainerStateMachine (ContainerStateMachine.java:loadSnapshot(240)) - group-005B46E3A8B7: The snapshot info is null. Setting the last applied indexto:(t:0, i:~)
2023-01-19 21:16:08,656 [pool-71-thread-1] INFO  server.RaftServerConfigKeys (ConfUtils.java:logGet(46)) - raft.server.log.use.memory = false (default)
2023-01-19 21:16:08,656 [pool-71-thread-1] INFO  server.RaftServerConfigKeys (ConfUtils.java:logGet(46)) - raft.server.log.purge.gap = 1000000 (custom)
2023-01-19 21:16:08,656 [pool-71-thread-1] INFO  server.RaftServerConfigKeys (ConfUtils.java:logGet(46)) - raft.server.log.appender.buffer.byte-limit = 33554432 (custom)
2023-01-19 21:16:08,656 [pool-71-thread-1] INFO  server.RaftServerConfigKeys (ConfUtils.java:logGet(46)) - raft.server.log.statemachine.data.read.timeout = 1000ms (default)
2023-01-19 21:16:08,656 [pool-71-thread-1] INFO  server.RaftServerConfigKeys (ConfUtils.java:logGet(46)) - raft.server.log.purge.preservation.log.num = 0 (default)
2023-01-19 21:16:08,657 [pool-71-thread-1] INFO  server.RaftServerConfigKeys (ConfUtils.java:logGet(46)) - raft.server.log.segment.size.max = 1048576 (custom)
2023-01-19 21:16:08,658 [pool-71-thread-1] INFO  server.RaftServerConfigKeys (ConfUtils.java:logGet(46)) - raft.server.log.segment.cache.num.max = 2 (custom)
2023-01-19 21:16:08,658 [pool-71-thread-1] INFO  server.RaftServerConfigKeys (ConfUtils.java:logGet(46)) - raft.server.log.segment.cache.size.max = 200MB (=209715200) (default)
2023-01-19 21:16:08,658 [pool-71-thread-1] INFO  segmented.SegmentedRaftLogWorker (SegmentedRaftLogWorker.java:<init>(189)) - new 514168bb-47c6-4123-b047-b520965d68f2@group-005B46E3A8B7-SegmentedRaftLogWorker for RaftStorageImpl:Storage Directory /home/runner/work/ozone/ozone/hadoop-ozone/integration-test/target/test-dir/MiniOzoneClusterImpl-df602b49-e577-4a1d-ae00-d896acd8b89d/datanode-0/data/ratis/78a4b913-8b66-4435-8732-005b46e3a8b7
2023-01-19 21:16:08,658 [pool-71-thread-1] INFO  server.RaftServerConfigKeys (ConfUtils.java:logGet(46)) - raft.server.log.queue.byte-limit = 4294967296 (custom)
2023-01-19 21:16:08,658 [pool-71-thread-1] INFO  server.RaftServerConfigKeys (ConfUtils.java:logGet(46)) - raft.server.log.queue.element-limit = 1024 (custom)
2023-01-19 21:16:08,658 [pool-71-thread-1] INFO  server.RaftServerConfigKeys (ConfUtils.java:logGet(46)) - raft.server.log.segment.size.max = 1048576 (custom)
2023-01-19 21:16:08,658 [pool-71-thread-1] INFO  server.RaftServerConfigKeys (ConfUtils.java:logGet(46)) - raft.server.log.preallocated.size = 16384 (custom)
2023-01-19 21:16:08,658 [pool-71-thread-1] INFO  server.RaftServerConfigKeys (ConfUtils.java:logGet(46)) - raft.server.log.force.sync.num = 128 (default)
2023-01-19 21:16:08,658 [pool-71-thread-1] INFO  server.RaftServerConfigKeys (ConfUtils.java:logGet(46)) - raft.server.log.statemachine.data.sync = true (default)
2023-01-19 21:16:08,658 [pool-71-thread-1] INFO  server.RaftServerConfigKeys (ConfUtils.java:logGet(46)) - raft.server.log.statemachine.data.sync.timeout = 10s (default)
2023-01-19 21:16:08,658 [pool-71-thread-1] INFO  server.RaftServerConfigKeys (ConfUtils.java:logGet(46)) - raft.server.log.statemachine.data.sync.timeout.retry = -1 (default)
2023-01-19 21:16:08,660 [pool-71-thread-1] INFO  server.RaftServerConfigKeys (ConfUtils.java:logGet(46)) - raft.server.log.write.buffer.size = 1048576 (custom)
2023-01-19 21:16:08,660 [pool-71-thread-1] INFO  server.RaftServerConfigKeys (ConfUtils.java:logGet(46)) - raft.server.log.appender.buffer.byte-limit = 33554432 (custom)
2023-01-19 21:16:08,665 [pool-71-thread-1] INFO  server.RaftServerConfigKeys (ConfUtils.java:logGet(46)) - raft.server.log.unsafe-flush.enabled = false (default)
2023-01-19 21:16:08,665 [pool-71-thread-1] INFO  server.RaftServerConfigKeys (ConfUtils.java:logGet(46)) - raft.server.log.async-flush.enabled = false (default)
2023-01-19 21:16:08,665 [pool-71-thread-1] INFO  server.RaftServerConfigKeys (ConfUtils.java:logGet(46)) - raft.server.log.statemachine.data.caching.enabled = true (custom)
2023-01-19 21:16:08,665 [pool-71-thread-1] INFO  segmented.SegmentedRaftLogWorker (SegmentedRaftLogWorker.java:lambda$new$0(135)) - 514168bb-47c6-4123-b047-b520965d68f2@group-005B46E3A8B7-SegmentedRaftLogWorker: flushIndex: setUnconditionally 0 -> -1
2023-01-19 21:16:08,666 [pool-71-thread-1] INFO  segmented.SegmentedRaftLogWorker (SegmentedRaftLogWorker.java:lambda$new$0(135)) - 514168bb-47c6-4123-b047-b520965d68f2@group-005B46E3A8B7-SegmentedRaftLogWorker: safeCacheEvictIndex: setUnconditionally 0 -> -1
2023-01-19 21:16:08,666 [pool-71-thread-1] INFO  server.RaftServer$Division (RaftServerImpl.java:start(334)) - 514168bb-47c6-4123-b047-b520965d68f2@group-005B46E3A8B7: start as a follower, conf=-1: peers:[79fc7c85-f428-4972-afd4-216d9203d099|rpc:10.1.0.40:34077|dataStream:10.1.0.40:41333|priority:1|startupRole:FOLLOWER, 514168bb-47c6-4123-b047-b520965d68f2|rpc:10.1.0.40:32777|dataStream:10.1.0.40:40123|priority:0|startupRole:FOLLOWER, 34034301-6f4f-4b64-a7af-0630178f1887|rpc:10.1.0.40:37447|dataStream:10.1.0.40:39551|priority:0|startupRole:FOLLOWER]|listeners:[], old=null
2023-01-19 21:16:08,666 [pool-71-thread-1] INFO  server.RaftServer$Division (RaftServerImpl.java:setRole(321)) - 514168bb-47c6-4123-b047-b520965d68f2@group-005B46E3A8B7: changes role from      null to FOLLOWER at term 0 for startAsFollower
2023-01-19 21:16:08,666 [pool-71-thread-1] INFO  impl.RoleInfo (RoleInfo.java:updateAndGet(139)) - 514168bb-47c6-4123-b047-b520965d68f2: start 514168bb-47c6-4123-b047-b520965d68f2@group-005B46E3A8B7-FollowerState
2023-01-19 21:16:08,666 [514168bb-47c6-4123-b047-b520965d68f2@group-005B46E3A8B7-FollowerState] INFO  server.RaftServerConfigKeys (ConfUtils.java:logFallback(53)) - raft.server.rpc.first-election.timeout.min = 5s (fallback to raft.server.rpc.timeout.min)
2023-01-19 21:16:08,667 [pool-71-thread-1] INFO  util.JmxRegister (JmxRegister.java:tryRegister(44)) - Successfully registered JMX Bean with object name Ratis:service=RaftServer,group=group-005B46E3A8B7,id=514168bb-47c6-4123-b047-b520965d68f2
2023-01-19 21:16:08,667 [514168bb-47c6-4123-b047-b520965d68f2@group-005B46E3A8B7-FollowerState] INFO  server.RaftServerConfigKeys (ConfUtils.java:logFallback(53)) - raft.server.rpc.first-election.timeout.max = 5200ms (fallback to raft.server.rpc.timeout.max)
2023-01-19 21:16:08,667 [pool-71-thread-1] INFO  server.RaftServerConfigKeys (ConfUtils.java:logGet(46)) - raft.server.snapshot.auto.trigger.enabled = true (custom)
2023-01-19 21:16:08,667 [pool-71-thread-1] INFO  server.RaftServerConfigKeys (ConfUtils.java:logGet(46)) - raft.server.snapshot.auto.trigger.threshold = 10000 (custom)
2023-01-19 21:16:08,667 [pool-71-thread-1] INFO  server.RaftServerConfigKeys (ConfUtils.java:logGet(46)) - raft.server.snapshot.retention.file.num = 5 (custom)
2023-01-19 21:16:08,667 [pool-71-thread-1] INFO  server.RaftServerConfigKeys (ConfUtils.java:logGet(46)) - raft.server.log.purge.upto.snapshot.index = false (default)
2023-01-19 21:16:08,669 [Command processor thread] INFO  ratis.XceiverServerRatis (XceiverServerRatis.java:addGroup(806)) - Created group PipelineID=78a4b913-8b66-4435-8732-005b46e3a8b7
2023-01-19 21:16:09,005 [Listener at 127.0.0.1/34089] INFO  ozone.MiniOzoneClusterImpl (MiniOzoneClusterImpl.java:lambda$waitForClusterToBeReady$0(218)) - Nodes are ready. Got 7 of 7 DN Heartbeats.
2023-01-19 21:16:09,005 [Listener at 127.0.0.1/34089] INFO  ozone.MiniOzoneClusterImpl (MiniOzoneClusterImpl.java:lambda$waitForClusterToBeReady$0(221)) - Waiting for cluster to exit safe mode
2023-01-19 21:16:09,005 [Listener at 127.0.0.1/34089] INFO  ozone.MiniOzoneClusterImpl (MiniOzoneClusterImpl.java:lambda$waitForClusterToBeReady$0(223)) - SCM became leader
2023-01-19 21:16:09,151 [Command processor thread] INFO  server.RaftServer (RaftServerProxy.java:addNew(96)) - 34034301-6f4f-4b64-a7af-0630178f1887: addNew group-60A11389F6E1:[34034301-6f4f-4b64-a7af-0630178f1887|rpc:10.1.0.40:37447|dataStream:10.1.0.40:39551|priority:1|startupRole:FOLLOWER] returns group-60A11389F6E1:java.util.concurrent.CompletableFuture@195d2ec6[Not completed]
2023-01-19 21:16:09,159 [pool-94-thread-1] INFO  server.RaftServer$Division (RaftServerImpl.java:<init>(195)) - 34034301-6f4f-4b64-a7af-0630178f1887: new RaftServerImpl for group-60A11389F6E1:[34034301-6f4f-4b64-a7af-0630178f1887|rpc:10.1.0.40:37447|dataStream:10.1.0.40:39551|priority:1|startupRole:FOLLOWER] with ContainerStateMachine:uninitialized
2023-01-19 21:16:09,159 [pool-94-thread-1] INFO  server.RaftServerConfigKeys (ConfUtils.java:logGet(46)) - raft.server.rpc.timeout.min = 5s (custom)
2023-01-19 21:16:09,159 [pool-94-thread-1] INFO  server.RaftServerConfigKeys (ConfUtils.java:logGet(46)) - raft.server.rpc.timeout.max = 5200ms (custom)
2023-01-19 21:16:09,159 [pool-94-thread-1] INFO  server.RaftServerConfigKeys (ConfUtils.java:logGet(46)) - raft.server.rpc.sleep.time = 25ms (default)
2023-01-19 21:16:09,162 [pool-94-thread-1] INFO  server.RaftServerConfigKeys (ConfUtils.java:logGet(46)) - raft.server.rpc.slowness.timeout = 300s (custom)
2023-01-19 21:16:09,162 [pool-94-thread-1] INFO  server.RaftServerConfigKeys (ConfUtils.java:logGet(46)) - raft.server.leaderelection.leader.step-down.wait-time = 10s (default)
2023-01-19 21:16:09,163 [pool-94-thread-1] INFO  server.RaftServerConfigKeys (ConfUtils.java:logGet(46)) - raft.server.sleep.deviation.threshold = 300ms (default)
2023-01-19 21:16:09,163 [pool-94-thread-1] INFO  server.RaftServer$Division (ServerState.java:<init>(118)) - 34034301-6f4f-4b64-a7af-0630178f1887@group-60A11389F6E1: ConfigurationManager, init=-1: peers:[34034301-6f4f-4b64-a7af-0630178f1887|rpc:10.1.0.40:37447|dataStream:10.1.0.40:39551|priority:1|startupRole:FOLLOWER]|listeners:[], old=null, confs=<EMPTY_MAP>
2023-01-19 21:16:09,163 [pool-94-thread-1] INFO  server.RaftServerConfigKeys (ConfUtils.java:logGet(46)) - raft.server.storage.dir = [/home/runner/work/ozone/ozone/hadoop-ozone/integration-test/target/test-dir/MiniOzoneClusterImpl-df602b49-e577-4a1d-ae00-d896acd8b89d/datanode-1/data/ratis] (custom)
2023-01-19 21:16:09,164 [pool-94-thread-1] INFO  server.RaftServerConfigKeys (ConfUtils.java:logGet(46)) - raft.server.log.corruption.policy = EXCEPTION (default)
2023-01-19 21:16:09,164 [pool-94-thread-1] INFO  server.RaftServerConfigKeys (ConfUtils.java:logGet(46)) - raft.server.storage.free-space.min = 0MB (=0) (default)
2023-01-19 21:16:09,164 [pool-94-thread-1] INFO  server.RaftServerConfigKeys (ConfUtils.java:logGet(46)) - raft.server.notification.no-leader.timeout = 300s (custom)
2023-01-19 21:16:09,164 [pool-94-thread-1] INFO  server.RaftServerConfigKeys (ConfUtils.java:logGet(46)) - raft.server.retrycache.expirytime = 600000ms (custom)
2023-01-19 21:16:09,164 [pool-94-thread-1] INFO  server.RaftServerConfigKeys (ConfUtils.java:logGet(46)) - raft.server.retrycache.statistics.expirytime = 100μs (default)
2023-01-19 21:16:09,175 [pool-94-thread-1] INFO  server.RaftServerConfigKeys (ConfUtils.java:logGet(46)) - raft.server.log.appender.install.snapshot.enabled = false (custom)
2023-01-19 21:16:09,175 [pool-94-thread-1] INFO  server.RaftServerConfigKeys (ConfUtils.java:logGet(46)) - raft.server.threadpool.server.cached = true (default)
2023-01-19 21:16:09,175 [pool-94-thread-1] INFO  server.RaftServerConfigKeys (ConfUtils.java:logGet(46)) - raft.server.threadpool.server.size = 0 (default)
2023-01-19 21:16:09,175 [pool-94-thread-1] INFO  server.RaftServerConfigKeys (ConfUtils.java:logGet(46)) - raft.server.threadpool.client.cached = true (default)
2023-01-19 21:16:09,175 [pool-94-thread-1] INFO  server.RaftServerConfigKeys (ConfUtils.java:logGet(46)) - raft.server.threadpool.client.size = 0 (default)
2023-01-19 21:16:09,176 [pool-94-thread-1] INFO  storage.RaftStorageDirectory (RaftStorageDirectoryImpl.java:analyzeStorage(137)) - The storage directory /home/runner/work/ozone/ozone/hadoop-ozone/integration-test/target/test-dir/MiniOzoneClusterImpl-df602b49-e577-4a1d-ae00-d896acd8b89d/datanode-1/data/ratis/300f5be9-6e72-4006-ae45-60a11389f6e1 does not exist. Creating ...
2023-01-19 21:16:09,180 [pool-94-thread-1] INFO  storage.RaftStorageDirectory (RaftStorageDirectoryImpl.java:tryLock(231)) - Lock on /home/runner/work/ozone/ozone/hadoop-ozone/integration-test/target/test-dir/MiniOzoneClusterImpl-df602b49-e577-4a1d-ae00-d896acd8b89d/datanode-1/data/ratis/300f5be9-6e72-4006-ae45-60a11389f6e1/in_use.lock acquired by nodename 36349@fv-az353-460
2023-01-19 21:16:09,182 [pool-94-thread-1] INFO  storage.RaftStorage (RaftStorageImpl.java:format(96)) - Storage directory /home/runner/work/ozone/ozone/hadoop-ozone/integration-test/target/test-dir/MiniOzoneClusterImpl-df602b49-e577-4a1d-ae00-d896acd8b89d/datanode-1/data/ratis/300f5be9-6e72-4006-ae45-60a11389f6e1 has been successfully formatted.
2023-01-19 21:16:09,189 [pool-94-thread-1] INFO  ratis.ContainerStateMachine (ContainerStateMachine.java:loadSnapshot(240)) - group-60A11389F6E1: The snapshot info is null. Setting the last applied indexto:(t:0, i:~)
2023-01-19 21:16:09,190 [pool-94-thread-1] INFO  server.RaftServerConfigKeys (ConfUtils.java:logGet(46)) - raft.server.log.use.memory = false (default)
2023-01-19 21:16:09,190 [pool-94-thread-1] INFO  server.RaftServerConfigKeys (ConfUtils.java:logGet(46)) - raft.server.log.purge.gap = 1000000 (custom)
2023-01-19 21:16:09,190 [pool-94-thread-1] INFO  server.RaftServerConfigKeys (ConfUtils.java:logGet(46)) - raft.server.log.appender.buffer.byte-limit = 33554432 (custom)
2023-01-19 21:16:09,190 [pool-94-thread-1] INFO  server.RaftServerConfigKeys (ConfUtils.java:logGet(46)) - raft.server.log.statemachine.data.read.timeout = 1000ms (default)
2023-01-19 21:16:09,190 [pool-94-thread-1] INFO  server.RaftServerConfigKeys (ConfUtils.java:logGet(46)) - raft.server.log.purge.preservation.log.num = 0 (default)
2023-01-19 21:16:09,190 [pool-94-thread-1] INFO  server.RaftServerConfigKeys (ConfUtils.java:logGet(46)) - raft.server.log.segment.size.max = 1048576 (custom)
2023-01-19 21:16:09,191 [pool-94-thread-1] INFO  server.RaftServerConfigKeys (ConfUtils.java:logGet(46)) - raft.server.log.segment.cache.num.max = 2 (custom)
2023-01-19 21:16:09,191 [pool-94-thread-1] INFO  server.RaftServerConfigKeys (ConfUtils.java:logGet(46)) - raft.server.log.segment.cache.size.max = 200MB (=209715200) (default)
2023-01-19 21:16:09,191 [pool-94-thread-1] INFO  segmented.SegmentedRaftLogWorker (SegmentedRaftLogWorker.java:<init>(189)) - new 34034301-6f4f-4b64-a7af-0630178f1887@group-60A11389F6E1-SegmentedRaftLogWorker for RaftStorageImpl:Storage Directory /home/runner/work/ozone/ozone/hadoop-ozone/integration-test/target/test-dir/MiniOzoneClusterImpl-df602b49-e577-4a1d-ae00-d896acd8b89d/datanode-1/data/ratis/300f5be9-6e72-4006-ae45-60a11389f6e1
2023-01-19 21:16:09,191 [pool-94-thread-1] INFO  server.RaftServerConfigKeys (ConfUtils.java:logGet(46)) - raft.server.log.queue.byte-limit = 4294967296 (custom)
2023-01-19 21:16:09,191 [pool-94-thread-1] INFO  server.RaftServerConfigKeys (ConfUtils.java:logGet(46)) - raft.server.log.queue.element-limit = 1024 (custom)
2023-01-19 21:16:09,191 [pool-94-thread-1] INFO  server.RaftServerConfigKeys (ConfUtils.java:logGet(46)) - raft.server.log.segment.size.max = 1048576 (custom)
2023-01-19 21:16:09,191 [pool-94-thread-1] INFO  server.RaftServerConfigKeys (ConfUtils.java:logGet(46)) - raft.server.log.preallocated.size = 16384 (custom)
2023-01-19 21:16:09,191 [pool-94-thread-1] INFO  server.RaftServerConfigKeys (ConfUtils.java:logGet(46)) - raft.server.log.force.sync.num = 128 (default)
2023-01-19 21:16:09,191 [pool-94-thread-1] INFO  server.RaftServerConfigKeys (ConfUtils.java:logGet(46)) - raft.server.log.statemachine.data.sync = true (default)
2023-01-19 21:16:09,191 [pool-94-thread-1] INFO  server.RaftServerConfigKeys (ConfUtils.java:logGet(46)) - raft.server.log.statemachine.data.sync.timeout = 10s (default)
2023-01-19 21:16:09,191 [pool-94-thread-1] INFO  server.RaftServerConfigKeys (ConfUtils.java:logGet(46)) - raft.server.log.statemachine.data.sync.timeout.retry = -1 (default)
2023-01-19 21:16:09,194 [EventQueue-PipelineReportForPipelineReportHandler] INFO  pipeline.PipelineManagerImpl (PipelineManagerImpl.java:openPipeline(367)) - Pipeline Pipeline[ Id: 300f5be9-6e72-4006-ae45-60a11389f6e1, Nodes: 34034301-6f4f-4b64-a7af-0630178f1887(fv-az353-460.tkyx2seitsuu3nmpmouz2httfb.bx.internal.cloudapp.net/10.1.0.40), ReplicationConfig: RATIS/ONE, State:ALLOCATED, leaderId:34034301-6f4f-4b64-a7af-0630178f1887, CreationTimestamp2023-01-19T21:16:06.151Z[Etc/UTC]] moved to OPEN state
2023-01-19 21:16:09,195 [EventQueue-OpenPipelineForHealthyPipelineSafeModeRule] INFO  safemode.SCMSafeModeManager (HealthyPipelineSafeModeRule.java:process(137)) - SCM in safe mode. Healthy pipelines reported count is 0, required healthy pipeline reported count is 1
2023-01-19 21:16:09,197 [pool-94-thread-1] INFO  server.RaftServerConfigKeys (ConfUtils.java:logGet(46)) - raft.server.log.write.buffer.size = 1048576 (custom)
2023-01-19 21:16:09,198 [pool-94-thread-1] INFO  server.RaftServerConfigKeys (ConfUtils.java:logGet(46)) - raft.server.log.appender.buffer.byte-limit = 33554432 (custom)
2023-01-19 21:16:09,394 [pool-94-thread-1] INFO  server.RaftServerConfigKeys (ConfUtils.java:logGet(46)) - raft.server.log.unsafe-flush.enabled = false (default)
2023-01-19 21:16:09,394 [pool-94-thread-1] INFO  server.RaftServerConfigKeys (ConfUtils.java:logGet(46)) - raft.server.log.async-flush.enabled = false (default)
2023-01-19 21:16:09,394 [pool-94-thread-1] INFO  server.RaftServerConfigKeys (ConfUtils.java:logGet(46)) - raft.server.log.statemachine.data.caching.enabled = true (custom)
2023-01-19 21:16:09,394 [pool-94-thread-1] INFO  segmented.SegmentedRaftLogWorker (SegmentedRaftLogWorker.java:lambda$new$0(135)) - 34034301-6f4f-4b64-a7af-0630178f1887@group-60A11389F6E1-SegmentedRaftLogWorker: flushIndex: setUnconditionally 0 -> -1
2023-01-19 21:16:09,394 [pool-94-thread-1] INFO  segmented.SegmentedRaftLogWorker (SegmentedRaftLogWorker.java:lambda$new$0(135)) - 34034301-6f4f-4b64-a7af-0630178f1887@group-60A11389F6E1-SegmentedRaftLogWorker: safeCacheEvictIndex: setUnconditionally 0 -> -1
2023-01-19 21:16:09,395 [pool-94-thread-1] INFO  server.RaftServer$Division (RaftServerImpl.java:start(334)) - 34034301-6f4f-4b64-a7af-0630178f1887@group-60A11389F6E1: start as a follower, conf=-1: peers:[34034301-6f4f-4b64-a7af-0630178f1887|rpc:10.1.0.40:37447|dataStream:10.1.0.40:39551|priority:1|startupRole:FOLLOWER]|listeners:[], old=null
2023-01-19 21:16:09,395 [pool-94-thread-1] INFO  server.RaftServer$Division (RaftServerImpl.java:setRole(321)) - 34034301-6f4f-4b64-a7af-0630178f1887@group-60A11389F6E1: changes role from      null to FOLLOWER at term 0 for startAsFollower
2023-01-19 21:16:09,395 [pool-94-thread-1] INFO  impl.RoleInfo (RoleInfo.java:updateAndGet(139)) - 34034301-6f4f-4b64-a7af-0630178f1887: start 34034301-6f4f-4b64-a7af-0630178f1887@group-60A11389F6E1-FollowerState
2023-01-19 21:16:09,395 [34034301-6f4f-4b64-a7af-0630178f1887@group-60A11389F6E1-FollowerState] INFO  server.RaftServerConfigKeys (ConfUtils.java:logFallback(53)) - raft.server.rpc.first-election.timeout.min = 5s (fallback to raft.server.rpc.timeout.min)
2023-01-19 21:16:09,404 [JvmPauseMonitor5] WARN  util.JvmPauseMonitor (JvmPauseMonitor.java:detectPause(126)) - JvmPauseMonitor-644b7e96-e81f-4c38-853b-c70c4b8809a7: Detected pause in JVM or host machine (eg GC): pause of approximately 156801449ns.
GC pool 'PS MarkSweep' had collection(s): count=1 time=135ms
GC pool 'PS Scavenge' had collection(s): count=1 time=46ms
2023-01-19 21:16:09,404 [34034301-6f4f-4b64-a7af-0630178f1887@group-60A11389F6E1-FollowerState] INFO  server.RaftServerConfigKeys (ConfUtils.java:logFallback(53)) - raft.server.rpc.first-election.timeout.max = 5200ms (fallback to raft.server.rpc.timeout.max)
2023-01-19 21:16:09,395 [pool-94-thread-1] INFO  util.JmxRegister (JmxRegister.java:tryRegister(44)) - Successfully registered JMX Bean with object name Ratis:service=RaftServer,group=group-60A11389F6E1,id=34034301-6f4f-4b64-a7af-0630178f1887
2023-01-19 21:16:09,407 [pool-94-thread-1] INFO  server.RaftServerConfigKeys (ConfUtils.java:logGet(46)) - raft.server.snapshot.auto.trigger.enabled = true (custom)
2023-01-19 21:16:09,407 [pool-94-thread-1] INFO  server.RaftServerConfigKeys (ConfUtils.java:logGet(46)) - raft.server.snapshot.auto.trigger.threshold = 10000 (custom)
2023-01-19 21:16:09,407 [pool-94-thread-1] INFO  server.RaftServerConfigKeys (ConfUtils.java:logGet(46)) - raft.server.snapshot.retention.file.num = 5 (custom)
2023-01-19 21:16:09,407 [pool-94-thread-1] INFO  server.RaftServerConfigKeys (ConfUtils.java:logGet(46)) - raft.server.log.purge.upto.snapshot.index = false (default)
2023-01-19 21:16:09,411 [grpc-default-executor-0] INFO  server.RaftServer (RaftServerProxy.java:addNew(96)) - 79fc7c85-f428-4972-afd4-216d9203d099: addNew group-005B46E3A8B7:[79fc7c85-f428-4972-afd4-216d9203d099|rpc:10.1.0.40:34077|dataStream:10.1.0.40:41333|priority:1|startupRole:FOLLOWER, 514168bb-47c6-4123-b047-b520965d68f2|rpc:10.1.0.40:32777|dataStream:10.1.0.40:40123|priority:0|startupRole:FOLLOWER, 34034301-6f4f-4b64-a7af-0630178f1887|rpc:10.1.0.40:37447|dataStream:10.1.0.40:39551|priority:0|startupRole:FOLLOWER] returns group-005B46E3A8B7:java.util.concurrent.CompletableFuture@1b7e4466[Not completed]
2023-01-19 21:16:09,414 [Command processor thread] INFO  ratis.XceiverServerRatis (XceiverServerRatis.java:addGroup(806)) - Created group PipelineID=300f5be9-6e72-4006-ae45-60a11389f6e1
2023-01-19 21:16:09,415 [Command processor thread] INFO  commandhandler.CreatePipelineCommandHandler (CreatePipelineCommandHandler.java:handle(113)) - Created Pipeline RATIS ONE PipelineID=300f5be9-6e72-4006-ae45-60a11389f6e1.
2023-01-19 21:16:09,417 [Command processor thread] INFO  server.RaftServer (RaftServerProxy.java:addNew(96)) - 34034301-6f4f-4b64-a7af-0630178f1887: addNew group-005B46E3A8B7:[79fc7c85-f428-4972-afd4-216d9203d099|rpc:10.1.0.40:34077|dataStream:10.1.0.40:41333|priority:1|startupRole:FOLLOWER, 514168bb-47c6-4123-b047-b520965d68f2|rpc:10.1.0.40:32777|dataStream:10.1.0.40:40123|priority:0|startupRole:FOLLOWER, 34034301-6f4f-4b64-a7af-0630178f1887|rpc:10.1.0.40:37447|dataStream:10.1.0.40:39551|priority:0|startupRole:FOLLOWER] returns group-005B46E3A8B7:java.util.concurrent.CompletableFuture@1d62b935[Not completed]
2023-01-19 21:16:09,417 [pool-117-thread-1] INFO  server.RaftServer$Division (RaftServerImpl.java:<init>(195)) - 79fc7c85-f428-4972-afd4-216d9203d099: new RaftServerImpl for group-005B46E3A8B7:[79fc7c85-f428-4972-afd4-216d9203d099|rpc:10.1.0.40:34077|dataStream:10.1.0.40:41333|priority:1|startupRole:FOLLOWER, 514168bb-47c6-4123-b047-b520965d68f2|rpc:10.1.0.40:32777|dataStream:10.1.0.40:40123|priority:0|startupRole:FOLLOWER, 34034301-6f4f-4b64-a7af-0630178f1887|rpc:10.1.0.40:37447|dataStream:10.1.0.40:39551|priority:0|startupRole:FOLLOWER] with ContainerStateMachine:uninitialized
2023-01-19 21:16:09,418 [pool-117-thread-1] INFO  server.RaftServerConfigKeys (ConfUtils.java:logGet(46)) - raft.server.rpc.timeout.min = 5s (custom)
2023-01-19 21:16:09,418 [pool-117-thread-1] INFO  server.RaftServerConfigKeys (ConfUtils.java:logGet(46)) - raft.server.rpc.timeout.max = 5200ms (custom)
2023-01-19 21:16:09,418 [pool-117-thread-1] INFO  server.RaftServerConfigKeys (ConfUtils.java:logGet(46)) - raft.server.rpc.sleep.time = 25ms (default)
2023-01-19 21:16:09,418 [pool-117-thread-1] INFO  server.RaftServerConfigKeys (ConfUtils.java:logGet(46)) - raft.server.rpc.slowness.timeout = 300s (custom)
2023-01-19 21:16:09,418 [pool-117-thread-1] INFO  server.RaftServerConfigKeys (ConfUtils.java:logGet(46)) - raft.server.leaderelection.leader.step-down.wait-time = 10s (default)
2023-01-19 21:16:09,418 [pool-117-thread-1] INFO  server.RaftServerConfigKeys (ConfUtils.java:logGet(46)) - raft.server.sleep.deviation.threshold = 300ms (default)
2023-01-19 21:16:09,418 [pool-117-thread-1] INFO  server.RaftServer$Division (ServerState.java:<init>(118)) - 79fc7c85-f428-4972-afd4-216d9203d099@group-005B46E3A8B7: ConfigurationManager, init=-1: peers:[79fc7c85-f428-4972-afd4-216d9203d099|rpc:10.1.0.40:34077|dataStream:10.1.0.40:41333|priority:1|startupRole:FOLLOWER, 514168bb-47c6-4123-b047-b520965d68f2|rpc:10.1.0.40:32777|dataStream:10.1.0.40:40123|priority:0|startupRole:FOLLOWER, 34034301-6f4f-4b64-a7af-0630178f1887|rpc:10.1.0.40:37447|dataStream:10.1.0.40:39551|priority:0|startupRole:FOLLOWER]|listeners:[], old=null, confs=<EMPTY_MAP>
2023-01-19 21:16:09,419 [pool-117-thread-1] INFO  server.RaftServerConfigKeys (ConfUtils.java:logGet(46)) - raft.server.storage.dir = [/home/runner/work/ozone/ozone/hadoop-ozone/integration-test/target/test-dir/MiniOzoneClusterImpl-df602b49-e577-4a1d-ae00-d896acd8b89d/datanode-2/data/ratis] (custom)
2023-01-19 21:16:09,419 [pool-117-thread-1] INFO  server.RaftServerConfigKeys (ConfUtils.java:logGet(46)) - raft.server.log.corruption.policy = EXCEPTION (default)
2023-01-19 21:16:09,419 [pool-117-thread-1] INFO  server.RaftServerConfigKeys (ConfUtils.java:logGet(46)) - raft.server.storage.free-space.min = 0MB (=0) (default)
2023-01-19 21:16:09,419 [pool-117-thread-1] INFO  server.RaftServerConfigKeys (ConfUtils.java:logGet(46)) - raft.server.notification.no-leader.timeout = 300s (custom)
2023-01-19 21:16:09,419 [pool-117-thread-1] INFO  server.RaftServerConfigKeys (ConfUtils.java:logGet(46)) - raft.server.retrycache.expirytime = 600000ms (custom)
2023-01-19 21:16:09,419 [pool-117-thread-1] INFO  server.RaftServerConfigKeys (ConfUtils.java:logGet(46)) - raft.server.retrycache.statistics.expirytime = 100μs (default)
2023-01-19 21:16:09,420 [pool-94-thread-1] INFO  server.RaftServer$Division (RaftServerImpl.java:<init>(195)) - 34034301-6f4f-4b64-a7af-0630178f1887: new RaftServerImpl for group-005B46E3A8B7:[79fc7c85-f428-4972-afd4-216d9203d099|rpc:10.1.0.40:34077|dataStream:10.1.0.40:41333|priority:1|startupRole:FOLLOWER, 514168bb-47c6-4123-b047-b520965d68f2|rpc:10.1.0.40:32777|dataStream:10.1.0.40:40123|priority:0|startupRole:FOLLOWER, 34034301-6f4f-4b64-a7af-0630178f1887|rpc:10.1.0.40:37447|dataStream:10.1.0.40:39551|priority:0|startupRole:FOLLOWER] with ContainerStateMachine:uninitialized
2023-01-19 21:16:09,439 [pool-94-thread-1] INFO  server.RaftServerConfigKeys (ConfUtils.java:logGet(46)) - raft.server.rpc.timeout.min = 5s (custom)
2023-01-19 21:16:09,439 [pool-94-thread-1] INFO  server.RaftServerConfigKeys (ConfUtils.java:logGet(46)) - raft.server.rpc.timeout.max = 5200ms (custom)
2023-01-19 21:16:09,440 [pool-94-thread-1] INFO  server.RaftServerConfigKeys (ConfUtils.java:logGet(46)) - raft.server.rpc.sleep.time = 25ms (default)
2023-01-19 21:16:09,440 [pool-94-thread-1] INFO  server.RaftServerConfigKeys (ConfUtils.java:logGet(46)) - raft.server.rpc.slowness.timeout = 300s (custom)
2023-01-19 21:16:09,440 [pool-94-thread-1] INFO  server.RaftServerConfigKeys (ConfUtils.java:logGet(46)) - raft.server.leaderelection.leader.step-down.wait-time = 10s (default)
2023-01-19 21:16:09,440 [pool-94-thread-1] INFO  server.RaftServerConfigKeys (ConfUtils.java:logGet(46)) - raft.server.sleep.deviation.threshold = 300ms (default)
2023-01-19 21:16:09,440 [pool-94-thread-1] INFO  server.RaftServer$Division (ServerState.java:<init>(118)) - 34034301-6f4f-4b64-a7af-0630178f1887@group-005B46E3A8B7: ConfigurationManager, init=-1: peers:[79fc7c85-f428-4972-afd4-216d9203d099|rpc:10.1.0.40:34077|dataStream:10.1.0.40:41333|priority:1|startupRole:FOLLOWER, 514168bb-47c6-4123-b047-b520965d68f2|rpc:10.1.0.40:32777|dataStream:10.1.0.40:40123|priority:0|startupRole:FOLLOWER, 34034301-6f4f-4b64-a7af-0630178f1887|rpc:10.1.0.40:37447|dataStream:10.1.0.40:39551|priority:0|startupRole:FOLLOWER]|listeners:[], old=null, confs=<EMPTY_MAP>
2023-01-19 21:16:09,440 [pool-94-thread-1] INFO  server.RaftServerConfigKeys (ConfUtils.java:logGet(46)) - raft.server.storage.dir = [/home/runner/work/ozone/ozone/hadoop-ozone/integration-test/target/test-dir/MiniOzoneClusterImpl-df602b49-e577-4a1d-ae00-d896acd8b89d/datanode-1/data/ratis] (custom)
2023-01-19 21:16:09,440 [pool-94-thread-1] INFO  server.RaftServerConfigKeys (ConfUtils.java:logGet(46)) - raft.server.log.corruption.policy = EXCEPTION (default)
2023-01-19 21:16:09,440 [pool-94-thread-1] INFO  server.RaftServerConfigKeys (ConfUtils.java:logGet(46)) - raft.server.storage.free-space.min = 0MB (=0) (default)
2023-01-19 21:16:09,440 [pool-94-thread-1] INFO  server.RaftServerConfigKeys (ConfUtils.java:logGet(46)) - raft.server.notification.no-leader.timeout = 300s (custom)
2023-01-19 21:16:09,440 [pool-94-thread-1] INFO  server.RaftServerConfigKeys (ConfUtils.java:logGet(46)) - raft.server.retrycache.expirytime = 600000ms (custom)
2023-01-19 21:16:09,440 [pool-94-thread-1] INFO  server.RaftServerConfigKeys (ConfUtils.java:logGet(46)) - raft.server.retrycache.statistics.expirytime = 100μs (default)
2023-01-19 21:16:09,442 [pool-94-thread-1] INFO  server.RaftServerConfigKeys (ConfUtils.java:logGet(46)) - raft.server.log.appender.install.snapshot.enabled = false (custom)
2023-01-19 21:16:09,442 [pool-94-thread-1] INFO  server.RaftServerConfigKeys (ConfUtils.java:logGet(46)) - raft.server.threadpool.server.cached = true (default)
2023-01-19 21:16:09,442 [pool-94-thread-1] INFO  server.RaftServerConfigKeys (ConfUtils.java:logGet(46)) - raft.server.threadpool.server.size = 0 (default)
2023-01-19 21:16:09,442 [pool-94-thread-1] INFO  server.RaftServerConfigKeys (ConfUtils.java:logGet(46)) - raft.server.threadpool.client.cached = true (default)
2023-01-19 21:16:09,442 [pool-94-thread-1] INFO  server.RaftServerConfigKeys (ConfUtils.java:logGet(46)) - raft.server.threadpool.client.size = 0 (default)
2023-01-19 21:16:09,442 [pool-94-thread-1] INFO  storage.RaftStorageDirectory (RaftStorageDirectoryImpl.java:analyzeStorage(137)) - The storage directory /home/runner/work/ozone/ozone/hadoop-ozone/integration-test/target/test-dir/MiniOzoneClusterImpl-df602b49-e577-4a1d-ae00-d896acd8b89d/datanode-1/data/ratis/78a4b913-8b66-4435-8732-005b46e3a8b7 does not exist. Creating ...
2023-01-19 21:16:09,443 [pool-117-thread-1] INFO  server.RaftServerConfigKeys (ConfUtils.java:logGet(46)) - raft.server.log.appender.install.snapshot.enabled = false (custom)
2023-01-19 21:16:09,443 [pool-117-thread-1] INFO  server.RaftServerConfigKeys (ConfUtils.java:logGet(46)) - raft.server.threadpool.server.cached = true (default)
2023-01-19 21:16:09,443 [pool-117-thread-1] INFO  server.RaftServerConfigKeys (ConfUtils.java:logGet(46)) - raft.server.threadpool.server.size = 0 (default)
2023-01-19 21:16:09,443 [pool-117-thread-1] INFO  server.RaftServerConfigKeys (ConfUtils.java:logGet(46)) - raft.server.threadpool.client.cached = true (default)
2023-01-19 21:16:09,444 [pool-117-thread-1] INFO  server.RaftServerConfigKeys (ConfUtils.java:logGet(46)) - raft.server.threadpool.client.size = 0 (default)
2023-01-19 21:16:09,444 [pool-117-thread-1] INFO  storage.RaftStorageDirectory (RaftStorageDirectoryImpl.java:analyzeStorage(137)) - The storage directory /home/runner/work/ozone/ozone/hadoop-ozone/integration-test/target/test-dir/MiniOzoneClusterImpl-df602b49-e577-4a1d-ae00-d896acd8b89d/datanode-2/data/ratis/78a4b913-8b66-4435-8732-005b46e3a8b7 does not exist. Creating ...
2023-01-19 21:16:09,444 [pool-94-thread-1] INFO  storage.RaftStorageDirectory (RaftStorageDirectoryImpl.java:tryLock(231)) - Lock on /home/runner/work/ozone/ozone/hadoop-ozone/integration-test/target/test-dir/MiniOzoneClusterImpl-df602b49-e577-4a1d-ae00-d896acd8b89d/datanode-1/data/ratis/78a4b913-8b66-4435-8732-005b46e3a8b7/in_use.lock acquired by nodename 36349@fv-az353-460
2023-01-19 21:16:09,446 [pool-117-thread-1] INFO  storage.RaftStorageDirectory (RaftStorageDirectoryImpl.java:tryLock(231)) - Lock on /home/runner/work/ozone/ozone/hadoop-ozone/integration-test/target/test-dir/MiniOzoneClusterImpl-df602b49-e577-4a1d-ae00-d896acd8b89d/datanode-2/data/ratis/78a4b913-8b66-4435-8732-005b46e3a8b7/in_use.lock acquired by nodename 36349@fv-az353-460
2023-01-19 21:16:09,446 [pool-94-thread-1] INFO  storage.RaftStorage (RaftStorageImpl.java:format(96)) - Storage directory /home/runner/work/ozone/ozone/hadoop-ozone/integration-test/target/test-dir/MiniOzoneClusterImpl-df602b49-e577-4a1d-ae00-d896acd8b89d/datanode-1/data/ratis/78a4b913-8b66-4435-8732-005b46e3a8b7 has been successfully formatted.
2023-01-19 21:16:09,447 [pool-94-thread-1] INFO  ratis.ContainerStateMachine (ContainerStateMachine.java:loadSnapshot(240)) - group-005B46E3A8B7: The snapshot info is null. Setting the last applied indexto:(t:0, i:~)
2023-01-19 21:16:09,447 [pool-94-thread-1] INFO  server.RaftServerConfigKeys (ConfUtils.java:logGet(46)) - raft.server.log.use.memory = false (default)
2023-01-19 21:16:09,447 [pool-94-thread-1] INFO  server.RaftServerConfigKeys (ConfUtils.java:logGet(46)) - raft.server.log.purge.gap = 1000000 (custom)
2023-01-19 21:16:09,447 [pool-94-thread-1] INFO  server.RaftServerConfigKeys (ConfUtils.java:logGet(46)) - raft.server.log.appender.buffer.byte-limit = 33554432 (custom)
2023-01-19 21:16:09,447 [pool-94-thread-1] INFO  server.RaftServerConfigKeys (ConfUtils.java:logGet(46)) - raft.server.log.statemachine.data.read.timeout = 1000ms (default)
2023-01-19 21:16:09,447 [pool-94-thread-1] INFO  server.RaftServerConfigKeys (ConfUtils.java:logGet(46)) - raft.server.log.purge.preservation.log.num = 0 (default)
2023-01-19 21:16:09,447 [pool-94-thread-1] INFO  server.RaftServerConfigKeys (ConfUtils.java:logGet(46)) - raft.server.log.segment.size.max = 1048576 (custom)
2023-01-19 21:16:09,448 [pool-117-thread-1] INFO  storage.RaftStorage (RaftStorageImpl.java:format(96)) - Storage directory /home/runner/work/ozone/ozone/hadoop-ozone/integration-test/target/test-dir/MiniOzoneClusterImpl-df602b49-e577-4a1d-ae00-d896acd8b89d/datanode-2/data/ratis/78a4b913-8b66-4435-8732-005b46e3a8b7 has been successfully formatted.
2023-01-19 21:16:09,449 [pool-117-thread-1] INFO  ratis.ContainerStateMachine (ContainerStateMachine.java:loadSnapshot(240)) - group-005B46E3A8B7: The snapshot info is null. Setting the last applied indexto:(t:0, i:~)
2023-01-19 21:16:09,449 [pool-117-thread-1] INFO  server.RaftServerConfigKeys (ConfUtils.java:logGet(46)) - raft.server.log.use.memory = false (default)
2023-01-19 21:16:09,449 [pool-117-thread-1] INFO  server.RaftServerConfigKeys (ConfUtils.java:logGet(46)) - raft.server.log.purge.gap = 1000000 (custom)
2023-01-19 21:16:09,449 [pool-117-thread-1] INFO  server.RaftServerConfigKeys (ConfUtils.java:logGet(46)) - raft.server.log.appender.buffer.byte-limit = 33554432 (custom)
2023-01-19 21:16:09,449 [pool-117-thread-1] INFO  server.RaftServerConfigKeys (ConfUtils.java:logGet(46)) - raft.server.log.statemachine.data.read.timeout = 1000ms (default)
2023-01-19 21:16:09,450 [pool-117-thread-1] INFO  server.RaftServerConfigKeys (ConfUtils.java:logGet(46)) - raft.server.log.purge.preservation.log.num = 0 (default)
2023-01-19 21:16:09,450 [pool-117-thread-1] INFO  server.RaftServerConfigKeys (ConfUtils.java:logGet(46)) - raft.server.log.segment.size.max = 1048576 (custom)
2023-01-19 21:16:09,452 [pool-117-thread-1] INFO  server.RaftServerConfigKeys (ConfUtils.java:logGet(46)) - raft.server.log.segment.cache.num.max = 2 (custom)
2023-01-19 21:16:09,453 [EventQueue-OpenPipelineForHealthyPipelineSafeModeRule] INFO  safemode.SCMSafeModeManager (HealthyPipelineSafeModeRule.java:process(137)) - SCM in safe mode. Healthy pipelines reported count is 0, required healthy pipeline reported count is 1
2023-01-19 21:16:09,453 [pool-117-thread-1] INFO  server.RaftServerConfigKeys (ConfUtils.java:logGet(46)) - raft.server.log.segment.cache.size.max = 200MB (=209715200) (default)
2023-01-19 21:16:09,453 [pool-117-thread-1] INFO  segmented.SegmentedRaftLogWorker (SegmentedRaftLogWorker.java:<init>(189)) - new 79fc7c85-f428-4972-afd4-216d9203d099@group-005B46E3A8B7-SegmentedRaftLogWorker for RaftStorageImpl:Storage Directory /home/runner/work/ozone/ozone/hadoop-ozone/integration-test/target/test-dir/MiniOzoneClusterImpl-df602b49-e577-4a1d-ae00-d896acd8b89d/datanode-2/data/ratis/78a4b913-8b66-4435-8732-005b46e3a8b7
2023-01-19 21:16:09,453 [pool-117-thread-1] INFO  server.RaftServerConfigKeys (ConfUtils.java:logGet(46)) - raft.server.log.queue.byte-limit = 4294967296 (custom)
2023-01-19 21:16:09,453 [pool-117-thread-1] INFO  server.RaftServerConfigKeys (ConfUtils.java:logGet(46)) - raft.server.log.queue.element-limit = 1024 (custom)
2023-01-19 21:16:09,453 [pool-117-thread-1] INFO  server.RaftServerConfigKeys (ConfUtils.java:logGet(46)) - raft.server.log.segment.size.max = 1048576 (custom)
2023-01-19 21:16:09,453 [pool-117-thread-1] INFO  server.RaftServerConfigKeys (ConfUtils.java:logGet(46)) - raft.server.log.preallocated.size = 16384 (custom)
2023-01-19 21:16:09,453 [pool-117-thread-1] INFO  server.RaftServerConfigKeys (ConfUtils.java:logGet(46)) - raft.server.log.force.sync.num = 128 (default)
2023-01-19 21:16:09,453 [pool-117-thread-1] INFO  server.RaftServerConfigKeys (ConfUtils.java:logGet(46)) - raft.server.log.statemachine.data.sync = true (default)
2023-01-19 21:16:09,453 [pool-117-thread-1] INFO  server.RaftServerConfigKeys (ConfUtils.java:logGet(46)) - raft.server.log.statemachine.data.sync.timeout = 10s (default)
2023-01-19 21:16:09,453 [pool-117-thread-1] INFO  server.RaftServerConfigKeys (ConfUtils.java:logGet(46)) - raft.server.log.statemachine.data.sync.timeout.retry = -1 (default)
2023-01-19 21:16:09,454 [pool-94-thread-1] INFO  server.RaftServerConfigKeys (ConfUtils.java:logGet(46)) - raft.server.log.segment.cache.num.max = 2 (custom)
2023-01-19 21:16:09,454 [pool-94-thread-1] INFO  server.RaftServerConfigKeys (ConfUtils.java:logGet(46)) - raft.server.log.segment.cache.size.max = 200MB (=209715200) (default)
2023-01-19 21:16:09,454 [pool-94-thread-1] INFO  segmented.SegmentedRaftLogWorker (SegmentedRaftLogWorker.java:<init>(189)) - new 34034301-6f4f-4b64-a7af-0630178f1887@group-005B46E3A8B7-SegmentedRaftLogWorker for RaftStorageImpl:Storage Directory /home/runner/work/ozone/ozone/hadoop-ozone/integration-test/target/test-dir/MiniOzoneClusterImpl-df602b49-e577-4a1d-ae00-d896acd8b89d/datanode-1/data/ratis/78a4b913-8b66-4435-8732-005b46e3a8b7
2023-01-19 21:16:09,454 [pool-94-thread-1] INFO  server.RaftServerConfigKeys (ConfUtils.java:logGet(46)) - raft.server.log.queue.byte-limit = 4294967296 (custom)
2023-01-19 21:16:09,455 [pool-94-thread-1] INFO  server.RaftServerConfigKeys (ConfUtils.java:logGet(46)) - raft.server.log.queue.element-limit = 1024 (custom)
2023-01-19 21:16:09,455 [pool-94-thread-1] INFO  server.RaftServerConfigKeys (ConfUtils.java:logGet(46)) - raft.server.log.segment.size.max = 1048576 (custom)
2023-01-19 21:16:09,455 [pool-94-thread-1] INFO  server.RaftServerConfigKeys (ConfUtils.java:logGet(46)) - raft.server.log.preallocated.size = 16384 (custom)
2023-01-19 21:16:09,455 [pool-94-thread-1] INFO  server.RaftServerConfigKeys (ConfUtils.java:logGet(46)) - raft.server.log.force.sync.num = 128 (default)
2023-01-19 21:16:09,456 [pool-94-thread-1] INFO  server.RaftServerConfigKeys (ConfUtils.java:logGet(46)) - raft.server.log.statemachine.data.sync = true (default)
2023-01-19 21:16:09,456 [pool-94-thread-1] INFO  server.RaftServerConfigKeys (ConfUtils.java:logGet(46)) - raft.server.log.statemachine.data.sync.timeout = 10s (default)
2023-01-19 21:16:09,456 [pool-94-thread-1] INFO  server.RaftServerConfigKeys (ConfUtils.java:logGet(46)) - raft.server.log.statemachine.data.sync.timeout.retry = -1 (default)
2023-01-19 21:16:09,455 [pool-117-thread-1] INFO  server.RaftServerConfigKeys (ConfUtils.java:logGet(46)) - raft.server.log.write.buffer.size = 1048576 (custom)
2023-01-19 21:16:09,458 [pool-117-thread-1] INFO  server.RaftServerConfigKeys (ConfUtils.java:logGet(46)) - raft.server.log.appender.buffer.byte-limit = 33554432 (custom)
2023-01-19 21:16:09,461 [pool-94-thread-1] INFO  server.RaftServerConfigKeys (ConfUtils.java:logGet(46)) - raft.server.log.write.buffer.size = 1048576 (custom)
2023-01-19 21:16:09,461 [pool-94-thread-1] INFO  server.RaftServerConfigKeys (ConfUtils.java:logGet(46)) - raft.server.log.appender.buffer.byte-limit = 33554432 (custom)
2023-01-19 21:16:09,466 [pool-117-thread-1] INFO  server.RaftServerConfigKeys (ConfUtils.java:logGet(46)) - raft.server.log.unsafe-flush.enabled = false (default)
2023-01-19 21:16:09,468 [pool-117-thread-1] INFO  server.RaftServerConfigKeys (ConfUtils.java:logGet(46)) - raft.server.log.async-flush.enabled = false (default)
2023-01-19 21:16:09,468 [pool-117-thread-1] INFO  server.RaftServerConfigKeys (ConfUtils.java:logGet(46)) - raft.server.log.statemachine.data.caching.enabled = true (custom)
2023-01-19 21:16:09,468 [pool-117-thread-1] INFO  segmented.SegmentedRaftLogWorker (SegmentedRaftLogWorker.java:lambda$new$0(135)) - 79fc7c85-f428-4972-afd4-216d9203d099@group-005B46E3A8B7-SegmentedRaftLogWorker: flushIndex: setUnconditionally 0 -> -1
2023-01-19 21:16:09,468 [pool-117-thread-1] INFO  segmented.SegmentedRaftLogWorker (SegmentedRaftLogWorker.java:lambda$new$0(135)) - 79fc7c85-f428-4972-afd4-216d9203d099@group-005B46E3A8B7-SegmentedRaftLogWorker: safeCacheEvictIndex: setUnconditionally 0 -> -1
2023-01-19 21:16:09,472 [pool-117-thread-1] INFO  server.RaftServer$Division (RaftServerImpl.java:start(334)) - 79fc7c85-f428-4972-afd4-216d9203d099@group-005B46E3A8B7: start as a follower, conf=-1: peers:[79fc7c85-f428-4972-afd4-216d9203d099|rpc:10.1.0.40:34077|dataStream:10.1.0.40:41333|priority:1|startupRole:FOLLOWER, 514168bb-47c6-4123-b047-b520965d68f2|rpc:10.1.0.40:32777|dataStream:10.1.0.40:40123|priority:0|startupRole:FOLLOWER, 34034301-6f4f-4b64-a7af-0630178f1887|rpc:10.1.0.40:37447|dataStream:10.1.0.40:39551|priority:0|startupRole:FOLLOWER]|listeners:[], old=null
2023-01-19 21:16:09,472 [pool-117-thread-1] INFO  server.RaftServer$Division (RaftServerImpl.java:setRole(321)) - 79fc7c85-f428-4972-afd4-216d9203d099@group-005B46E3A8B7: changes role from      null to FOLLOWER at term 0 for startAsFollower
2023-01-19 21:16:09,472 [pool-94-thread-1] INFO  server.RaftServerConfigKeys (ConfUtils.java:logGet(46)) - raft.server.log.unsafe-flush.enabled = false (default)
2023-01-19 21:16:09,473 [pool-117-thread-1] INFO  impl.RoleInfo (RoleInfo.java:updateAndGet(139)) - 79fc7c85-f428-4972-afd4-216d9203d099: start 79fc7c85-f428-4972-afd4-216d9203d099@group-005B46E3A8B7-FollowerState
2023-01-19 21:16:09,476 [pool-94-thread-1] INFO  server.RaftServerConfigKeys (ConfUtils.java:logGet(46)) - raft.server.log.async-flush.enabled = false (default)
2023-01-19 21:16:09,476 [pool-94-thread-1] INFO  server.RaftServerConfigKeys (ConfUtils.java:logGet(46)) - raft.server.log.statemachine.data.caching.enabled = true (custom)
2023-01-19 21:16:09,476 [pool-94-thread-1] INFO  segmented.SegmentedRaftLogWorker (SegmentedRaftLogWorker.java:lambda$new$0(135)) - 34034301-6f4f-4b64-a7af-0630178f1887@group-005B46E3A8B7-SegmentedRaftLogWorker: flushIndex: setUnconditionally 0 -> -1
2023-01-19 21:16:09,476 [pool-94-thread-1] INFO  segmented.SegmentedRaftLogWorker (SegmentedRaftLogWorker.java:lambda$new$0(135)) - 34034301-6f4f-4b64-a7af-0630178f1887@group-005B46E3A8B7-SegmentedRaftLogWorker: safeCacheEvictIndex: setUnconditionally 0 -> -1
2023-01-19 21:16:09,479 [pool-117-thread-1] INFO  util.JmxRegister (JmxRegister.java:tryRegister(44)) - Successfully registered JMX Bean with object name Ratis:service=RaftServer,group=group-005B46E3A8B7,id=79fc7c85-f428-4972-afd4-216d9203d099
2023-01-19 21:16:09,479 [pool-117-thread-1] INFO  server.RaftServerConfigKeys (ConfUtils.java:logGet(46)) - raft.server.snapshot.auto.trigger.enabled = true (custom)
2023-01-19 21:16:09,479 [pool-117-thread-1] INFO  server.RaftServerConfigKeys (ConfUtils.java:logGet(46)) - raft.server.snapshot.auto.trigger.threshold = 10000 (custom)
2023-01-19 21:16:09,479 [pool-117-thread-1] INFO  server.RaftServerConfigKeys (ConfUtils.java:logGet(46)) - raft.server.snapshot.retention.file.num = 5 (custom)
2023-01-19 21:16:09,479 [pool-117-thread-1] INFO  server.RaftServerConfigKeys (ConfUtils.java:logGet(46)) - raft.server.log.purge.upto.snapshot.index = false (default)
2023-01-19 21:16:09,480 [79fc7c85-f428-4972-afd4-216d9203d099@group-005B46E3A8B7-FollowerState] INFO  server.RaftServerConfigKeys (ConfUtils.java:logFallback(53)) - raft.server.rpc.first-election.timeout.min = 5s (fallback to raft.server.rpc.timeout.min)
2023-01-19 21:16:09,480 [79fc7c85-f428-4972-afd4-216d9203d099@group-005B46E3A8B7-FollowerState] INFO  server.RaftServerConfigKeys (ConfUtils.java:logFallback(53)) - raft.server.rpc.first-election.timeout.max = 5200ms (fallback to raft.server.rpc.timeout.max)
2023-01-19 21:16:09,487 [pool-94-thread-1] INFO  server.RaftServer$Division (RaftServerImpl.java:start(334)) - 34034301-6f4f-4b64-a7af-0630178f1887@group-005B46E3A8B7: start as a follower, conf=-1: peers:[79fc7c85-f428-4972-afd4-216d9203d099|rpc:10.1.0.40:34077|dataStream:10.1.0.40:41333|priority:1|startupRole:FOLLOWER, 514168bb-47c6-4123-b047-b520965d68f2|rpc:10.1.0.40:32777|dataStream:10.1.0.40:40123|priority:0|startupRole:FOLLOWER, 34034301-6f4f-4b64-a7af-0630178f1887|rpc:10.1.0.40:37447|dataStream:10.1.0.40:39551|priority:0|startupRole:FOLLOWER]|listeners:[], old=null
2023-01-19 21:16:09,488 [pool-94-thread-1] INFO  server.RaftServer$Division (RaftServerImpl.java:setRole(321)) - 34034301-6f4f-4b64-a7af-0630178f1887@group-005B46E3A8B7: changes role from      null to FOLLOWER at term 0 for startAsFollower
2023-01-19 21:16:09,488 [pool-94-thread-1] INFO  impl.RoleInfo (RoleInfo.java:updateAndGet(139)) - 34034301-6f4f-4b64-a7af-0630178f1887: start 34034301-6f4f-4b64-a7af-0630178f1887@group-005B46E3A8B7-FollowerState
2023-01-19 21:16:09,492 [pool-94-thread-1] INFO  util.JmxRegister (JmxRegister.java:tryRegister(44)) - Successfully registered JMX Bean with object name Ratis:service=RaftServer,group=group-005B46E3A8B7,id=34034301-6f4f-4b64-a7af-0630178f1887
2023-01-19 21:16:09,492 [pool-94-thread-1] INFO  server.RaftServerConfigKeys (ConfUtils.java:logGet(46)) - raft.server.snapshot.auto.trigger.enabled = true (custom)
2023-01-19 21:16:09,492 [pool-94-thread-1] INFO  server.RaftServerConfigKeys (ConfUtils.java:logGet(46)) - raft.server.snapshot.auto.trigger.threshold = 10000 (custom)
2023-01-19 21:16:09,492 [pool-94-thread-1] INFO  server.RaftServerConfigKeys (ConfUtils.java:logGet(46)) - raft.server.snapshot.retention.file.num = 5 (custom)
2023-01-19 21:16:09,492 [pool-94-thread-1] INFO  server.RaftServerConfigKeys (ConfUtils.java:logGet(46)) - raft.server.log.purge.upto.snapshot.index = false (default)
2023-01-19 21:16:09,493 [34034301-6f4f-4b64-a7af-0630178f1887@group-005B46E3A8B7-FollowerState] INFO  server.RaftServerConfigKeys (ConfUtils.java:logFallback(53)) - raft.server.rpc.first-election.timeout.min = 5s (fallback to raft.server.rpc.timeout.min)
2023-01-19 21:16:09,508 [34034301-6f4f-4b64-a7af-0630178f1887@group-005B46E3A8B7-FollowerState] INFO  server.RaftServerConfigKeys (ConfUtils.java:logFallback(53)) - raft.server.rpc.first-election.timeout.max = 5200ms (fallback to raft.server.rpc.timeout.max)
2023-01-19 21:16:09,508 [Command processor thread] INFO  ratis.XceiverServerRatis (XceiverServerRatis.java:addGroup(806)) - Created group PipelineID=78a4b913-8b66-4435-8732-005b46e3a8b7
2023-01-19 21:16:09,513 [Command processor thread] INFO  server.RaftServer (RaftServerProxy.java:addNew(96)) - 79fc7c85-f428-4972-afd4-216d9203d099: addNew group-9376D63823A6:[79fc7c85-f428-4972-afd4-216d9203d099|rpc:10.1.0.40:34077|dataStream:10.1.0.40:41333|priority:1|startupRole:FOLLOWER] returns group-9376D63823A6:java.util.concurrent.CompletableFuture@66fff653[Not completed]
2023-01-19 21:16:09,516 [pool-117-thread-1] INFO  server.RaftServer$Division (RaftServerImpl.java:<init>(195)) - 79fc7c85-f428-4972-afd4-216d9203d099: new RaftServerImpl for group-9376D63823A6:[79fc7c85-f428-4972-afd4-216d9203d099|rpc:10.1.0.40:34077|dataStream:10.1.0.40:41333|priority:1|startupRole:FOLLOWER] with ContainerStateMachine:uninitialized
2023-01-19 21:16:09,517 [pool-117-thread-1] INFO  server.RaftServerConfigKeys (ConfUtils.java:logGet(46)) - raft.server.rpc.timeout.min = 5s (custom)
2023-01-19 21:16:09,517 [pool-117-thread-1] INFO  server.RaftServerConfigKeys (ConfUtils.java:logGet(46)) - raft.server.rpc.timeout.max = 5200ms (custom)
2023-01-19 21:16:09,517 [pool-117-thread-1] INFO  server.RaftServerConfigKeys (ConfUtils.java:logGet(46)) - raft.server.rpc.sleep.time = 25ms (default)
2023-01-19 21:16:09,517 [pool-117-thread-1] INFO  server.RaftServerConfigKeys (ConfUtils.java:logGet(46)) - raft.server.rpc.slowness.timeout = 300s (custom)
2023-01-19 21:16:09,517 [pool-117-thread-1] INFO  server.RaftServerConfigKeys (ConfUtils.java:logGet(46)) - raft.server.leaderelection.leader.step-down.wait-time = 10s (default)
2023-01-19 21:16:09,517 [pool-117-thread-1] INFO  server.RaftServerConfigKeys (ConfUtils.java:logGet(46)) - raft.server.sleep.deviation.threshold = 300ms (default)
2023-01-19 21:16:09,517 [pool-117-thread-1] INFO  server.RaftServer$Division (ServerState.java:<init>(118)) - 79fc7c85-f428-4972-afd4-216d9203d099@group-9376D63823A6: ConfigurationManager, init=-1: peers:[79fc7c85-f428-4972-afd4-216d9203d099|rpc:10.1.0.40:34077|dataStream:10.1.0.40:41333|priority:1|startupRole:FOLLOWER]|listeners:[], old=null, confs=<EMPTY_MAP>
2023-01-19 21:16:09,517 [pool-117-thread-1] INFO  server.RaftServerConfigKeys (ConfUtils.java:logGet(46)) - raft.server.storage.dir = [/home/runner/work/ozone/ozone/hadoop-ozone/integration-test/target/test-dir/MiniOzoneClusterImpl-df602b49-e577-4a1d-ae00-d896acd8b89d/datanode-2/data/ratis] (custom)
2023-01-19 21:16:09,517 [pool-117-thread-1] INFO  server.RaftServerConfigKeys (ConfUtils.java:logGet(46)) - raft.server.log.corruption.policy = EXCEPTION (default)
2023-01-19 21:16:09,517 [pool-117-thread-1] INFO  server.RaftServerConfigKeys (ConfUtils.java:logGet(46)) - raft.server.storage.free-space.min = 0MB (=0) (default)
2023-01-19 21:16:09,517 [pool-117-thread-1] INFO  server.RaftServerConfigKeys (ConfUtils.java:logGet(46)) - raft.server.notification.no-leader.timeout = 300s (custom)
2023-01-19 21:16:09,517 [pool-117-thread-1] INFO  server.RaftServerConfigKeys (ConfUtils.java:logGet(46)) - raft.server.retrycache.expirytime = 600000ms (custom)
2023-01-19 21:16:09,517 [pool-117-thread-1] INFO  server.RaftServerConfigKeys (ConfUtils.java:logGet(46)) - raft.server.retrycache.statistics.expirytime = 100μs (default)
2023-01-19 21:16:09,519 [pool-117-thread-1] INFO  server.RaftServerConfigKeys (ConfUtils.java:logGet(46)) - raft.server.log.appender.install.snapshot.enabled = false (custom)
2023-01-19 21:16:09,519 [pool-117-thread-1] INFO  server.RaftServerConfigKeys (ConfUtils.java:logGet(46)) - raft.server.threadpool.server.cached = true (default)
2023-01-19 21:16:09,519 [pool-117-thread-1] INFO  server.RaftServerConfigKeys (ConfUtils.java:logGet(46)) - raft.server.threadpool.server.size = 0 (default)
2023-01-19 21:16:09,519 [pool-117-thread-1] INFO  server.RaftServerConfigKeys (ConfUtils.java:logGet(46)) - raft.server.threadpool.client.cached = true (default)
2023-01-19 21:16:09,519 [pool-117-thread-1] INFO  server.RaftServerConfigKeys (ConfUtils.java:logGet(46)) - raft.server.threadpool.client.size = 0 (default)
2023-01-19 21:16:09,524 [pool-117-thread-1] INFO  storage.RaftStorageDirectory (RaftStorageDirectoryImpl.java:analyzeStorage(137)) - The storage directory /home/runner/work/ozone/ozone/hadoop-ozone/integration-test/target/test-dir/MiniOzoneClusterImpl-df602b49-e577-4a1d-ae00-d896acd8b89d/datanode-2/data/ratis/41d37590-db73-48b2-b717-9376d63823a6 does not exist. Creating ...
2023-01-19 21:16:09,526 [pool-117-thread-1] INFO  storage.RaftStorageDirectory (RaftStorageDirectoryImpl.java:tryLock(231)) - Lock on /home/runner/work/ozone/ozone/hadoop-ozone/integration-test/target/test-dir/MiniOzoneClusterImpl-df602b49-e577-4a1d-ae00-d896acd8b89d/datanode-2/data/ratis/41d37590-db73-48b2-b717-9376d63823a6/in_use.lock acquired by nodename 36349@fv-az353-460
2023-01-19 21:16:09,537 [pool-117-thread-1] INFO  storage.RaftStorage (RaftStorageImpl.java:format(96)) - Storage directory /home/runner/work/ozone/ozone/hadoop-ozone/integration-test/target/test-dir/MiniOzoneClusterImpl-df602b49-e577-4a1d-ae00-d896acd8b89d/datanode-2/data/ratis/41d37590-db73-48b2-b717-9376d63823a6 has been successfully formatted.
2023-01-19 21:16:09,537 [pool-117-thread-1] INFO  ratis.ContainerStateMachine (ContainerStateMachine.java:loadSnapshot(240)) - group-9376D63823A6: The snapshot info is null. Setting the last applied indexto:(t:0, i:~)
2023-01-19 21:16:09,537 [pool-117-thread-1] INFO  server.RaftServerConfigKeys (ConfUtils.java:logGet(46)) - raft.server.log.use.memory = false (default)
2023-01-19 21:16:09,538 [pool-117-thread-1] INFO  server.RaftServerConfigKeys (ConfUtils.java:logGet(46)) - raft.server.log.purge.gap = 1000000 (custom)
2023-01-19 21:16:09,538 [pool-117-thread-1] INFO  server.RaftServerConfigKeys (ConfUtils.java:logGet(46)) - raft.server.log.appender.buffer.byte-limit = 33554432 (custom)
2023-01-19 21:16:09,538 [pool-117-thread-1] INFO  server.RaftServerConfigKeys (ConfUtils.java:logGet(46)) - raft.server.log.statemachine.data.read.timeout = 1000ms (default)
2023-01-19 21:16:09,538 [pool-117-thread-1] INFO  server.RaftServerConfigKeys (ConfUtils.java:logGet(46)) - raft.server.log.purge.preservation.log.num = 0 (default)
2023-01-19 21:16:09,538 [pool-117-thread-1] INFO  server.RaftServerConfigKeys (ConfUtils.java:logGet(46)) - raft.server.log.segment.size.max = 1048576 (custom)
2023-01-19 21:16:09,539 [pool-117-thread-1] INFO  server.RaftServerConfigKeys (ConfUtils.java:logGet(46)) - raft.server.log.segment.cache.num.max = 2 (custom)
2023-01-19 21:16:09,539 [pool-117-thread-1] INFO  server.RaftServerConfigKeys (ConfUtils.java:logGet(46)) - raft.server.log.segment.cache.size.max = 200MB (=209715200) (default)
2023-01-19 21:16:09,539 [pool-117-thread-1] INFO  segmented.SegmentedRaftLogWorker (SegmentedRaftLogWorker.java:<init>(189)) - new 79fc7c85-f428-4972-afd4-216d9203d099@group-9376D63823A6-SegmentedRaftLogWorker for RaftStorageImpl:Storage Directory /home/runner/work/ozone/ozone/hadoop-ozone/integration-test/target/test-dir/MiniOzoneClusterImpl-df602b49-e577-4a1d-ae00-d896acd8b89d/datanode-2/data/ratis/41d37590-db73-48b2-b717-9376d63823a6
2023-01-19 21:16:09,539 [pool-117-thread-1] INFO  server.RaftServerConfigKeys (ConfUtils.java:logGet(46)) - raft.server.log.queue.byte-limit = 4294967296 (custom)
2023-01-19 21:16:09,539 [pool-117-thread-1] INFO  server.RaftServerConfigKeys (ConfUtils.java:logGet(46)) - raft.server.log.queue.element-limit = 1024 (custom)
2023-01-19 21:16:09,539 [pool-117-thread-1] INFO  server.RaftServerConfigKeys (ConfUtils.java:logGet(46)) - raft.server.log.segment.size.max = 1048576 (custom)
2023-01-19 21:16:09,539 [pool-117-thread-1] INFO  server.RaftServerConfigKeys (ConfUtils.java:logGet(46)) - raft.server.log.preallocated.size = 16384 (custom)
2023-01-19 21:16:09,539 [pool-117-thread-1] INFO  server.RaftServerConfigKeys (ConfUtils.java:logGet(46)) - raft.server.log.force.sync.num = 128 (default)
2023-01-19 21:16:09,539 [pool-117-thread-1] INFO  server.RaftServerConfigKeys (ConfUtils.java:logGet(46)) - raft.server.log.statemachine.data.sync = true (default)
2023-01-19 21:16:09,539 [pool-117-thread-1] INFO  server.RaftServerConfigKeys (ConfUtils.java:logGet(46)) - raft.server.log.statemachine.data.sync.timeout = 10s (default)
2023-01-19 21:16:09,547 [EventQueue-PipelineReportForPipelineReportHandler] INFO  pipeline.PipelineManagerImpl (PipelineManagerImpl.java:openPipeline(367)) - Pipeline Pipeline[ Id: 41d37590-db73-48b2-b717-9376d63823a6, Nodes: 79fc7c85-f428-4972-afd4-216d9203d099(fv-az353-460.tkyx2seitsuu3nmpmouz2httfb.bx.internal.cloudapp.net/10.1.0.40), ReplicationConfig: RATIS/ONE, State:ALLOCATED, leaderId:79fc7c85-f428-4972-afd4-216d9203d099, CreationTimestamp2023-01-19T21:16:06.516Z[Etc/UTC]] moved to OPEN state
2023-01-19 21:16:09,555 [EventQueue-OpenPipelineForHealthyPipelineSafeModeRule] INFO  safemode.SCMSafeModeManager (HealthyPipelineSafeModeRule.java:process(137)) - SCM in safe mode. Healthy pipelines reported count is 0, required healthy pipeline reported count is 1
2023-01-19 21:16:09,554 [pool-117-thread-1] INFO  server.RaftServerConfigKeys (ConfUtils.java:logGet(46)) - raft.server.log.statemachine.data.sync.timeout.retry = -1 (default)
2023-01-19 21:16:09,556 [pool-117-thread-1] INFO  server.RaftServerConfigKeys (ConfUtils.java:logGet(46)) - raft.server.log.write.buffer.size = 1048576 (custom)
2023-01-19 21:16:09,557 [pool-117-thread-1] INFO  server.RaftServerConfigKeys (ConfUtils.java:logGet(46)) - raft.server.log.appender.buffer.byte-limit = 33554432 (custom)
2023-01-19 21:16:09,588 [pool-117-thread-1] INFO  server.RaftServerConfigKeys (ConfUtils.java:logGet(46)) - raft.server.log.unsafe-flush.enabled = false (default)
2023-01-19 21:16:09,588 [pool-117-thread-1] INFO  server.RaftServerConfigKeys (ConfUtils.java:logGet(46)) - raft.server.log.async-flush.enabled = false (default)
2023-01-19 21:16:09,588 [pool-117-thread-1] INFO  server.RaftServerConfigKeys (ConfUtils.java:logGet(46)) - raft.server.log.statemachine.data.caching.enabled = true (custom)
2023-01-19 21:16:09,588 [pool-117-thread-1] INFO  segmented.SegmentedRaftLogWorker (SegmentedRaftLogWorker.java:lambda$new$0(135)) - 79fc7c85-f428-4972-afd4-216d9203d099@group-9376D63823A6-SegmentedRaftLogWorker: flushIndex: setUnconditionally 0 -> -1
2023-01-19 21:16:09,589 [pool-117-thread-1] INFO  segmented.SegmentedRaftLogWorker (SegmentedRaftLogWorker.java:lambda$new$0(135)) - 79fc7c85-f428-4972-afd4-216d9203d099@group-9376D63823A6-SegmentedRaftLogWorker: safeCacheEvictIndex: setUnconditionally 0 -> -1
2023-01-19 21:16:09,591 [pool-117-thread-1] INFO  server.RaftServer$Division (RaftServerImpl.java:start(334)) - 79fc7c85-f428-4972-afd4-216d9203d099@group-9376D63823A6: start as a follower, conf=-1: peers:[79fc7c85-f428-4972-afd4-216d9203d099|rpc:10.1.0.40:34077|dataStream:10.1.0.40:41333|priority:1|startupRole:FOLLOWER]|listeners:[], old=null
2023-01-19 21:16:09,591 [pool-117-thread-1] INFO  server.RaftServer$Division (RaftServerImpl.java:setRole(321)) - 79fc7c85-f428-4972-afd4-216d9203d099@group-9376D63823A6: changes role from      null to FOLLOWER at term 0 for startAsFollower
2023-01-19 21:16:09,591 [pool-117-thread-1] INFO  impl.RoleInfo (RoleInfo.java:updateAndGet(139)) - 79fc7c85-f428-4972-afd4-216d9203d099: start 79fc7c85-f428-4972-afd4-216d9203d099@group-9376D63823A6-FollowerState
2023-01-19 21:16:09,594 [pool-117-thread-1] INFO  util.JmxRegister (JmxRegister.java:tryRegister(44)) - Successfully registered JMX Bean with object name Ratis:service=RaftServer,group=group-9376D63823A6,id=79fc7c85-f428-4972-afd4-216d9203d099
2023-01-19 21:16:09,594 [pool-117-thread-1] INFO  server.RaftServerConfigKeys (ConfUtils.java:logGet(46)) - raft.server.snapshot.auto.trigger.enabled = true (custom)
2023-01-19 21:16:09,594 [pool-117-thread-1] INFO  server.RaftServerConfigKeys (ConfUtils.java:logGet(46)) - raft.server.snapshot.auto.trigger.threshold = 10000 (custom)
2023-01-19 21:16:09,594 [pool-117-thread-1] INFO  server.RaftServerConfigKeys (ConfUtils.java:logGet(46)) - raft.server.snapshot.retention.file.num = 5 (custom)
2023-01-19 21:16:09,594 [pool-117-thread-1] INFO  server.RaftServerConfigKeys (ConfUtils.java:logGet(46)) - raft.server.log.purge.upto.snapshot.index = false (default)
2023-01-19 21:16:09,607 [79fc7c85-f428-4972-afd4-216d9203d099@group-9376D63823A6-FollowerState] INFO  server.RaftServerConfigKeys (ConfUtils.java:logFallback(53)) - raft.server.rpc.first-election.timeout.min = 5s (fallback to raft.server.rpc.timeout.min)
2023-01-19 21:16:09,607 [79fc7c85-f428-4972-afd4-216d9203d099@group-9376D63823A6-FollowerState] INFO  server.RaftServerConfigKeys (ConfUtils.java:logFallback(53)) - raft.server.rpc.first-election.timeout.max = 5200ms (fallback to raft.server.rpc.timeout.max)
2023-01-19 21:16:09,607 [Command processor thread] INFO  ratis.XceiverServerRatis (XceiverServerRatis.java:addGroup(806)) - Created group PipelineID=41d37590-db73-48b2-b717-9376d63823a6
2023-01-19 21:16:09,607 [Command processor thread] INFO  commandhandler.CreatePipelineCommandHandler (CreatePipelineCommandHandler.java:handle(113)) - Created Pipeline RATIS ONE PipelineID=41d37590-db73-48b2-b717-9376d63823a6.
2023-01-19 21:16:09,608 [Command processor thread] INFO  server.RaftServer (RaftServerProxy.java:addNew(96)) - 79fc7c85-f428-4972-afd4-216d9203d099: addNew group-D221E0D2D972:[79fc7c85-f428-4972-afd4-216d9203d099|rpc:10.1.0.40:34077|dataStream:10.1.0.40:41333|priority:0|startupRole:FOLLOWER, 514168bb-47c6-4123-b047-b520965d68f2|rpc:10.1.0.40:32777|dataStream:10.1.0.40:40123|priority:1|startupRole:FOLLOWER, 34034301-6f4f-4b64-a7af-0630178f1887|rpc:10.1.0.40:37447|dataStream:10.1.0.40:39551|priority:0|startupRole:FOLLOWER] returns group-D221E0D2D972:java.util.concurrent.CompletableFuture@683814fc[Not completed]
2023-01-19 21:16:09,609 [pool-117-thread-1] INFO  server.RaftServer$Division (RaftServerImpl.java:<init>(195)) - 79fc7c85-f428-4972-afd4-216d9203d099: new RaftServerImpl for group-D221E0D2D972:[79fc7c85-f428-4972-afd4-216d9203d099|rpc:10.1.0.40:34077|dataStream:10.1.0.40:41333|priority:0|startupRole:FOLLOWER, 514168bb-47c6-4123-b047-b520965d68f2|rpc:10.1.0.40:32777|dataStream:10.1.0.40:40123|priority:1|startupRole:FOLLOWER, 34034301-6f4f-4b64-a7af-0630178f1887|rpc:10.1.0.40:37447|dataStream:10.1.0.40:39551|priority:0|startupRole:FOLLOWER] with ContainerStateMachine:uninitialized
2023-01-19 21:16:09,609 [pool-117-thread-1] INFO  server.RaftServerConfigKeys (ConfUtils.java:logGet(46)) - raft.server.rpc.timeout.min = 5s (custom)
2023-01-19 21:16:09,609 [pool-117-thread-1] INFO  server.RaftServerConfigKeys (ConfUtils.java:logGet(46)) - raft.server.rpc.timeout.max = 5200ms (custom)
2023-01-19 21:16:09,609 [pool-117-thread-1] INFO  server.RaftServerConfigKeys (ConfUtils.java:logGet(46)) - raft.server.rpc.sleep.time = 25ms (default)
2023-01-19 21:16:09,609 [pool-117-thread-1] INFO  server.RaftServerConfigKeys (ConfUtils.java:logGet(46)) - raft.server.rpc.slowness.timeout = 300s (custom)
2023-01-19 21:16:09,609 [pool-117-thread-1] INFO  server.RaftServerConfigKeys (ConfUtils.java:logGet(46)) - raft.server.leaderelection.leader.step-down.wait-time = 10s (default)
2023-01-19 21:16:09,609 [pool-117-thread-1] INFO  server.RaftServerConfigKeys (ConfUtils.java:logGet(46)) - raft.server.sleep.deviation.threshold = 300ms (default)
2023-01-19 21:16:09,609 [pool-117-thread-1] INFO  server.RaftServer$Division (ServerState.java:<init>(118)) - 79fc7c85-f428-4972-afd4-216d9203d099@group-D221E0D2D972: ConfigurationManager, init=-1: peers:[79fc7c85-f428-4972-afd4-216d9203d099|rpc:10.1.0.40:34077|dataStream:10.1.0.40:41333|priority:0|startupRole:FOLLOWER, 514168bb-47c6-4123-b047-b520965d68f2|rpc:10.1.0.40:32777|dataStream:10.1.0.40:40123|priority:1|startupRole:FOLLOWER, 34034301-6f4f-4b64-a7af-0630178f1887|rpc:10.1.0.40:37447|dataStream:10.1.0.40:39551|priority:0|startupRole:FOLLOWER]|listeners:[], old=null, confs=<EMPTY_MAP>
2023-01-19 21:16:09,609 [pool-117-thread-1] INFO  server.RaftServerConfigKeys (ConfUtils.java:logGet(46)) - raft.server.storage.dir = [/home/runner/work/ozone/ozone/hadoop-ozone/integration-test/target/test-dir/MiniOzoneClusterImpl-df602b49-e577-4a1d-ae00-d896acd8b89d/datanode-2/data/ratis] (custom)
2023-01-19 21:16:09,610 [pool-117-thread-1] INFO  server.RaftServerConfigKeys (ConfUtils.java:logGet(46)) - raft.server.log.corruption.policy = EXCEPTION (default)
2023-01-19 21:16:09,610 [pool-117-thread-1] INFO  server.RaftServerConfigKeys (ConfUtils.java:logGet(46)) - raft.server.storage.free-space.min = 0MB (=0) (default)
2023-01-19 21:16:09,610 [pool-117-thread-1] INFO  server.RaftServerConfigKeys (ConfUtils.java:logGet(46)) - raft.server.notification.no-leader.timeout = 300s (custom)
2023-01-19 21:16:09,610 [pool-117-thread-1] INFO  server.RaftServerConfigKeys (ConfUtils.java:logGet(46)) - raft.server.retrycache.expirytime = 600000ms (custom)
2023-01-19 21:16:09,610 [pool-117-thread-1] INFO  server.RaftServerConfigKeys (ConfUtils.java:logGet(46)) - raft.server.retrycache.statistics.expirytime = 100μs (default)
2023-01-19 21:16:09,611 [pool-117-thread-1] INFO  server.RaftServerConfigKeys (ConfUtils.java:logGet(46)) - raft.server.log.appender.install.snapshot.enabled = false (custom)
2023-01-19 21:16:09,611 [pool-117-thread-1] INFO  server.RaftServerConfigKeys (ConfUtils.java:logGet(46)) - raft.server.threadpool.server.cached = true (default)
2023-01-19 21:16:09,611 [pool-117-thread-1] INFO  server.RaftServerConfigKeys (ConfUtils.java:logGet(46)) - raft.server.threadpool.server.size = 0 (default)
2023-01-19 21:16:09,612 [pool-117-thread-1] INFO  server.RaftServerConfigKeys (ConfUtils.java:logGet(46)) - raft.server.threadpool.client.cached = true (default)
2023-01-19 21:16:09,612 [pool-117-thread-1] INFO  server.RaftServerConfigKeys (ConfUtils.java:logGet(46)) - raft.server.threadpool.client.size = 0 (default)
2023-01-19 21:16:09,612 [pool-117-thread-1] INFO  storage.RaftStorageDirectory (RaftStorageDirectoryImpl.java:analyzeStorage(137)) - The storage directory /home/runner/work/ozone/ozone/hadoop-ozone/integration-test/target/test-dir/MiniOzoneClusterImpl-df602b49-e577-4a1d-ae00-d896acd8b89d/datanode-2/data/ratis/0f330282-c4e0-4290-9122-d221e0d2d972 does not exist. Creating ...
2023-01-19 21:16:09,613 [pool-117-thread-1] INFO  storage.RaftStorageDirectory (RaftStorageDirectoryImpl.java:tryLock(231)) - Lock on /home/runner/work/ozone/ozone/hadoop-ozone/integration-test/target/test-dir/MiniOzoneClusterImpl-df602b49-e577-4a1d-ae00-d896acd8b89d/datanode-2/data/ratis/0f330282-c4e0-4290-9122-d221e0d2d972/in_use.lock acquired by nodename 36349@fv-az353-460
2023-01-19 21:16:09,616 [pool-117-thread-1] INFO  storage.RaftStorage (RaftStorageImpl.java:format(96)) - Storage directory /home/runner/work/ozone/ozone/hadoop-ozone/integration-test/target/test-dir/MiniOzoneClusterImpl-df602b49-e577-4a1d-ae00-d896acd8b89d/datanode-2/data/ratis/0f330282-c4e0-4290-9122-d221e0d2d972 has been successfully formatted.
2023-01-19 21:16:09,617 [pool-117-thread-1] INFO  ratis.ContainerStateMachine (ContainerStateMachine.java:loadSnapshot(240)) - group-D221E0D2D972: The snapshot info is null. Setting the last applied indexto:(t:0, i:~)
2023-01-19 21:16:09,617 [pool-117-thread-1] INFO  server.RaftServerConfigKeys (ConfUtils.java:logGet(46)) - raft.server.log.use.memory = false (default)
2023-01-19 21:16:09,617 [pool-117-thread-1] INFO  server.RaftServerConfigKeys (ConfUtils.java:logGet(46)) - raft.server.log.purge.gap = 1000000 (custom)
2023-01-19 21:16:09,617 [pool-117-thread-1] INFO  server.RaftServerConfigKeys (ConfUtils.java:logGet(46)) - raft.server.log.appender.buffer.byte-limit = 33554432 (custom)
2023-01-19 21:16:09,617 [pool-117-thread-1] INFO  server.RaftServerConfigKeys (ConfUtils.java:logGet(46)) - raft.server.log.statemachine.data.read.timeout = 1000ms (default)
2023-01-19 21:16:09,617 [pool-117-thread-1] INFO  server.RaftServerConfigKeys (ConfUtils.java:logGet(46)) - raft.server.log.purge.preservation.log.num = 0 (default)
2023-01-19 21:16:09,618 [pool-117-thread-1] INFO  server.RaftServerConfigKeys (ConfUtils.java:logGet(46)) - raft.server.log.segment.size.max = 1048576 (custom)
2023-01-19 21:16:09,618 [pool-117-thread-1] INFO  server.RaftServerConfigKeys (ConfUtils.java:logGet(46)) - raft.server.log.segment.cache.num.max = 2 (custom)
2023-01-19 21:16:09,618 [pool-117-thread-1] INFO  server.RaftServerConfigKeys (ConfUtils.java:logGet(46)) - raft.server.log.segment.cache.size.max = 200MB (=209715200) (default)
2023-01-19 21:16:09,618 [pool-117-thread-1] INFO  segmented.SegmentedRaftLogWorker (SegmentedRaftLogWorker.java:<init>(189)) - new 79fc7c85-f428-4972-afd4-216d9203d099@group-D221E0D2D972-SegmentedRaftLogWorker for RaftStorageImpl:Storage Directory /home/runner/work/ozone/ozone/hadoop-ozone/integration-test/target/test-dir/MiniOzoneClusterImpl-df602b49-e577-4a1d-ae00-d896acd8b89d/datanode-2/data/ratis/0f330282-c4e0-4290-9122-d221e0d2d972
2023-01-19 21:16:09,618 [pool-117-thread-1] INFO  server.RaftServerConfigKeys (ConfUtils.java:logGet(46)) - raft.server.log.queue.byte-limit = 4294967296 (custom)
2023-01-19 21:16:09,620 [EventQueue-OpenPipelineForHealthyPipelineSafeModeRule] INFO  safemode.SCMSafeModeManager (HealthyPipelineSafeModeRule.java:process(137)) - SCM in safe mode. Healthy pipelines reported count is 0, required healthy pipeline reported count is 1
2023-01-19 21:16:09,620 [pool-117-thread-1] INFO  server.RaftServerConfigKeys (ConfUtils.java:logGet(46)) - raft.server.log.queue.element-limit = 1024 (custom)
2023-01-19 21:16:09,624 [pool-117-thread-1] INFO  server.RaftServerConfigKeys (ConfUtils.java:logGet(46)) - raft.server.log.segment.size.max = 1048576 (custom)
2023-01-19 21:16:09,624 [pool-117-thread-1] INFO  server.RaftServerConfigKeys (ConfUtils.java:logGet(46)) - raft.server.log.preallocated.size = 16384 (custom)
2023-01-19 21:16:09,624 [pool-117-thread-1] INFO  server.RaftServerConfigKeys (ConfUtils.java:logGet(46)) - raft.server.log.force.sync.num = 128 (default)
2023-01-19 21:16:09,624 [pool-117-thread-1] INFO  server.RaftServerConfigKeys (ConfUtils.java:logGet(46)) - raft.server.log.statemachine.data.sync = true (default)
2023-01-19 21:16:09,624 [pool-117-thread-1] INFO  server.RaftServerConfigKeys (ConfUtils.java:logGet(46)) - raft.server.log.statemachine.data.sync.timeout = 10s (default)
2023-01-19 21:16:09,624 [pool-117-thread-1] INFO  server.RaftServerConfigKeys (ConfUtils.java:logGet(46)) - raft.server.log.statemachine.data.sync.timeout.retry = -1 (default)
2023-01-19 21:16:09,625 [pool-117-thread-1] INFO  server.RaftServerConfigKeys (ConfUtils.java:logGet(46)) - raft.server.log.write.buffer.size = 1048576 (custom)
2023-01-19 21:16:09,626 [pool-117-thread-1] INFO  server.RaftServerConfigKeys (ConfUtils.java:logGet(46)) - raft.server.log.appender.buffer.byte-limit = 33554432 (custom)
2023-01-19 21:16:09,634 [pool-117-thread-1] INFO  server.RaftServerConfigKeys (ConfUtils.java:logGet(46)) - raft.server.log.unsafe-flush.enabled = false (default)
2023-01-19 21:16:09,634 [pool-117-thread-1] INFO  server.RaftServerConfigKeys (ConfUtils.java:logGet(46)) - raft.server.log.async-flush.enabled = false (default)
2023-01-19 21:16:09,634 [pool-117-thread-1] INFO  server.RaftServerConfigKeys (ConfUtils.java:logGet(46)) - raft.server.log.statemachine.data.caching.enabled = true (custom)
2023-01-19 21:16:09,634 [pool-117-thread-1] INFO  segmented.SegmentedRaftLogWorker (SegmentedRaftLogWorker.java:lambda$new$0(135)) - 79fc7c85-f428-4972-afd4-216d9203d099@group-D221E0D2D972-SegmentedRaftLogWorker: flushIndex: setUnconditionally 0 -> -1
2023-01-19 21:16:09,635 [pool-117-thread-1] INFO  segmented.SegmentedRaftLogWorker (SegmentedRaftLogWorker.java:lambda$new$0(135)) - 79fc7c85-f428-4972-afd4-216d9203d099@group-D221E0D2D972-SegmentedRaftLogWorker: safeCacheEvictIndex: setUnconditionally 0 -> -1
2023-01-19 21:16:09,644 [pool-117-thread-1] INFO  server.RaftServer$Division (RaftServerImpl.java:start(334)) - 79fc7c85-f428-4972-afd4-216d9203d099@group-D221E0D2D972: start as a follower, conf=-1: peers:[79fc7c85-f428-4972-afd4-216d9203d099|rpc:10.1.0.40:34077|dataStream:10.1.0.40:41333|priority:0|startupRole:FOLLOWER, 514168bb-47c6-4123-b047-b520965d68f2|rpc:10.1.0.40:32777|dataStream:10.1.0.40:40123|priority:1|startupRole:FOLLOWER, 34034301-6f4f-4b64-a7af-0630178f1887|rpc:10.1.0.40:37447|dataStream:10.1.0.40:39551|priority:0|startupRole:FOLLOWER]|listeners:[], old=null
2023-01-19 21:16:09,644 [pool-117-thread-1] INFO  server.RaftServer$Division (RaftServerImpl.java:setRole(321)) - 79fc7c85-f428-4972-afd4-216d9203d099@group-D221E0D2D972: changes role from      null to FOLLOWER at term 0 for startAsFollower
2023-01-19 21:16:09,644 [pool-117-thread-1] INFO  impl.RoleInfo (RoleInfo.java:updateAndGet(139)) - 79fc7c85-f428-4972-afd4-216d9203d099: start 79fc7c85-f428-4972-afd4-216d9203d099@group-D221E0D2D972-FollowerState
2023-01-19 21:16:09,655 [pool-117-thread-1] INFO  util.JmxRegister (JmxRegister.java:tryRegister(44)) - Successfully registered JMX Bean with object name Ratis:service=RaftServer,group=group-D221E0D2D972,id=79fc7c85-f428-4972-afd4-216d9203d099
2023-01-19 21:16:09,655 [pool-117-thread-1] INFO  server.RaftServerConfigKeys (ConfUtils.java:logGet(46)) - raft.server.snapshot.auto.trigger.enabled = true (custom)
2023-01-19 21:16:09,655 [pool-117-thread-1] INFO  server.RaftServerConfigKeys (ConfUtils.java:logGet(46)) - raft.server.snapshot.auto.trigger.threshold = 10000 (custom)
2023-01-19 21:16:09,656 [pool-117-thread-1] INFO  server.RaftServerConfigKeys (ConfUtils.java:logGet(46)) - raft.server.snapshot.retention.file.num = 5 (custom)
2023-01-19 21:16:09,656 [pool-117-thread-1] INFO  server.RaftServerConfigKeys (ConfUtils.java:logGet(46)) - raft.server.log.purge.upto.snapshot.index = false (default)
2023-01-19 21:16:09,656 [79fc7c85-f428-4972-afd4-216d9203d099@group-D221E0D2D972-FollowerState] INFO  server.RaftServerConfigKeys (ConfUtils.java:logFallback(53)) - raft.server.rpc.first-election.timeout.min = 5s (fallback to raft.server.rpc.timeout.min)
2023-01-19 21:16:09,657 [Command processor thread] INFO  ratis.XceiverServerRatis (XceiverServerRatis.java:addGroup(806)) - Created group PipelineID=0f330282-c4e0-4290-9122-d221e0d2d972
2023-01-19 21:16:09,669 [79fc7c85-f428-4972-afd4-216d9203d099@group-D221E0D2D972-FollowerState] INFO  server.RaftServerConfigKeys (ConfUtils.java:logFallback(53)) - raft.server.rpc.first-election.timeout.max = 5200ms (fallback to raft.server.rpc.timeout.max)
2023-01-19 21:16:09,710 [grpc-default-executor-1] INFO  server.RaftServer (RaftServerProxy.java:addNew(96)) - 514168bb-47c6-4123-b047-b520965d68f2: addNew group-D221E0D2D972:[79fc7c85-f428-4972-afd4-216d9203d099|rpc:10.1.0.40:34077|dataStream:10.1.0.40:41333|priority:0|startupRole:FOLLOWER, 514168bb-47c6-4123-b047-b520965d68f2|rpc:10.1.0.40:32777|dataStream:10.1.0.40:40123|priority:1|startupRole:FOLLOWER, 34034301-6f4f-4b64-a7af-0630178f1887|rpc:10.1.0.40:37447|dataStream:10.1.0.40:39551|priority:0|startupRole:FOLLOWER] returns group-D221E0D2D972:java.util.concurrent.CompletableFuture@78a3de1a[Not completed]
2023-01-19 21:16:09,711 [pool-71-thread-1] INFO  server.RaftServer$Division (RaftServerImpl.java:<init>(195)) - 514168bb-47c6-4123-b047-b520965d68f2: new RaftServerImpl for group-D221E0D2D972:[79fc7c85-f428-4972-afd4-216d9203d099|rpc:10.1.0.40:34077|dataStream:10.1.0.40:41333|priority:0|startupRole:FOLLOWER, 514168bb-47c6-4123-b047-b520965d68f2|rpc:10.1.0.40:32777|dataStream:10.1.0.40:40123|priority:1|startupRole:FOLLOWER, 34034301-6f4f-4b64-a7af-0630178f1887|rpc:10.1.0.40:37447|dataStream:10.1.0.40:39551|priority:0|startupRole:FOLLOWER] with ContainerStateMachine:uninitialized
2023-01-19 21:16:09,711 [pool-71-thread-1] INFO  server.RaftServerConfigKeys (ConfUtils.java:logGet(46)) - raft.server.rpc.timeout.min = 5s (custom)
2023-01-19 21:16:09,711 [pool-71-thread-1] INFO  server.RaftServerConfigKeys (ConfUtils.java:logGet(46)) - raft.server.rpc.timeout.max = 5200ms (custom)
2023-01-19 21:16:09,711 [pool-71-thread-1] INFO  server.RaftServerConfigKeys (ConfUtils.java:logGet(46)) - raft.server.rpc.sleep.time = 25ms (default)
2023-01-19 21:16:09,711 [pool-71-thread-1] INFO  server.RaftServerConfigKeys (ConfUtils.java:logGet(46)) - raft.server.rpc.slowness.timeout = 300s (custom)
2023-01-19 21:16:09,711 [pool-71-thread-1] INFO  server.RaftServerConfigKeys (ConfUtils.java:logGet(46)) - raft.server.leaderelection.leader.step-down.wait-time = 10s (default)
2023-01-19 21:16:09,711 [pool-71-thread-1] INFO  server.RaftServerConfigKeys (ConfUtils.java:logGet(46)) - raft.server.sleep.deviation.threshold = 300ms (default)
2023-01-19 21:16:09,711 [pool-71-thread-1] INFO  server.RaftServer$Division (ServerState.java:<init>(118)) - 514168bb-47c6-4123-b047-b520965d68f2@group-D221E0D2D972: ConfigurationManager, init=-1: peers:[79fc7c85-f428-4972-afd4-216d9203d099|rpc:10.1.0.40:34077|dataStream:10.1.0.40:41333|priority:0|startupRole:FOLLOWER, 514168bb-47c6-4123-b047-b520965d68f2|rpc:10.1.0.40:32777|dataStream:10.1.0.40:40123|priority:1|startupRole:FOLLOWER, 34034301-6f4f-4b64-a7af-0630178f1887|rpc:10.1.0.40:37447|dataStream:10.1.0.40:39551|priority:0|startupRole:FOLLOWER]|listeners:[], old=null, confs=<EMPTY_MAP>
2023-01-19 21:16:09,711 [pool-71-thread-1] INFO  server.RaftServerConfigKeys (ConfUtils.java:logGet(46)) - raft.server.storage.dir = [/home/runner/work/ozone/ozone/hadoop-ozone/integration-test/target/test-dir/MiniOzoneClusterImpl-df602b49-e577-4a1d-ae00-d896acd8b89d/datanode-0/data/ratis] (custom)
2023-01-19 21:16:09,712 [pool-71-thread-1] INFO  server.RaftServerConfigKeys (ConfUtils.java:logGet(46)) - raft.server.log.corruption.policy = EXCEPTION (default)
2023-01-19 21:16:09,712 [pool-71-thread-1] INFO  server.RaftServerConfigKeys (ConfUtils.java:logGet(46)) - raft.server.storage.free-space.min = 0MB (=0) (default)
2023-01-19 21:16:09,712 [pool-71-thread-1] INFO  server.RaftServerConfigKeys (ConfUtils.java:logGet(46)) - raft.server.notification.no-leader.timeout = 300s (custom)
2023-01-19 21:16:09,712 [pool-71-thread-1] INFO  server.RaftServerConfigKeys (ConfUtils.java:logGet(46)) - raft.server.retrycache.expirytime = 600000ms (custom)
2023-01-19 21:16:09,712 [pool-71-thread-1] INFO  server.RaftServerConfigKeys (ConfUtils.java:logGet(46)) - raft.server.retrycache.statistics.expirytime = 100μs (default)
2023-01-19 21:16:09,713 [pool-71-thread-1] INFO  server.RaftServerConfigKeys (ConfUtils.java:logGet(46)) - raft.server.log.appender.install.snapshot.enabled = false (custom)
2023-01-19 21:16:09,714 [pool-71-thread-1] INFO  server.RaftServerConfigKeys (ConfUtils.java:logGet(46)) - raft.server.threadpool.server.cached = true (default)
2023-01-19 21:16:09,714 [pool-71-thread-1] INFO  server.RaftServerConfigKeys (ConfUtils.java:logGet(46)) - raft.server.threadpool.server.size = 0 (default)
2023-01-19 21:16:09,714 [pool-71-thread-1] INFO  server.RaftServerConfigKeys (ConfUtils.java:logGet(46)) - raft.server.threadpool.client.cached = true (default)
2023-01-19 21:16:09,714 [pool-71-thread-1] INFO  server.RaftServerConfigKeys (ConfUtils.java:logGet(46)) - raft.server.threadpool.client.size = 0 (default)
2023-01-19 21:16:09,714 [pool-71-thread-1] INFO  storage.RaftStorageDirectory (RaftStorageDirectoryImpl.java:analyzeStorage(137)) - The storage directory /home/runner/work/ozone/ozone/hadoop-ozone/integration-test/target/test-dir/MiniOzoneClusterImpl-df602b49-e577-4a1d-ae00-d896acd8b89d/datanode-0/data/ratis/0f330282-c4e0-4290-9122-d221e0d2d972 does not exist. Creating ...
2023-01-19 21:16:09,720 [pool-71-thread-1] INFO  storage.RaftStorageDirectory (RaftStorageDirectoryImpl.java:tryLock(231)) - Lock on /home/runner/work/ozone/ozone/hadoop-ozone/integration-test/target/test-dir/MiniOzoneClusterImpl-df602b49-e577-4a1d-ae00-d896acd8b89d/datanode-0/data/ratis/0f330282-c4e0-4290-9122-d221e0d2d972/in_use.lock acquired by nodename 36349@fv-az353-460
2023-01-19 21:16:09,721 [pool-71-thread-1] INFO  storage.RaftStorage (RaftStorageImpl.java:format(96)) - Storage directory /home/runner/work/ozone/ozone/hadoop-ozone/integration-test/target/test-dir/MiniOzoneClusterImpl-df602b49-e577-4a1d-ae00-d896acd8b89d/datanode-0/data/ratis/0f330282-c4e0-4290-9122-d221e0d2d972 has been successfully formatted.
2023-01-19 21:16:09,722 [pool-71-thread-1] INFO  ratis.ContainerStateMachine (ContainerStateMachine.java:loadSnapshot(240)) - group-D221E0D2D972: The snapshot info is null. Setting the last applied indexto:(t:0, i:~)
2023-01-19 21:16:09,722 [pool-71-thread-1] INFO  server.RaftServerConfigKeys (ConfUtils.java:logGet(46)) - raft.server.log.use.memory = false (default)
2023-01-19 21:16:09,722 [pool-71-thread-1] INFO  server.RaftServerConfigKeys (ConfUtils.java:logGet(46)) - raft.server.log.purge.gap = 1000000 (custom)
2023-01-19 21:16:09,722 [pool-71-thread-1] INFO  server.RaftServerConfigKeys (ConfUtils.java:logGet(46)) - raft.server.log.appender.buffer.byte-limit = 33554432 (custom)
2023-01-19 21:16:09,722 [pool-71-thread-1] INFO  server.RaftServerConfigKeys (ConfUtils.java:logGet(46)) - raft.server.log.statemachine.data.read.timeout = 1000ms (default)
2023-01-19 21:16:09,722 [pool-71-thread-1] INFO  server.RaftServerConfigKeys (ConfUtils.java:logGet(46)) - raft.server.log.purge.preservation.log.num = 0 (default)
2023-01-19 21:16:09,723 [pool-71-thread-1] INFO  server.RaftServerConfigKeys (ConfUtils.java:logGet(46)) - raft.server.log.segment.size.max = 1048576 (custom)
2023-01-19 21:16:09,723 [pool-71-thread-1] INFO  server.RaftServerConfigKeys (ConfUtils.java:logGet(46)) - raft.server.log.segment.cache.num.max = 2 (custom)
2023-01-19 21:16:09,723 [pool-71-thread-1] INFO  server.RaftServerConfigKeys (ConfUtils.java:logGet(46)) - raft.server.log.segment.cache.size.max = 200MB (=209715200) (default)
2023-01-19 21:16:09,723 [pool-71-thread-1] INFO  segmented.SegmentedRaftLogWorker (SegmentedRaftLogWorker.java:<init>(189)) - new 514168bb-47c6-4123-b047-b520965d68f2@group-D221E0D2D972-SegmentedRaftLogWorker for RaftStorageImpl:Storage Directory /home/runner/work/ozone/ozone/hadoop-ozone/integration-test/target/test-dir/MiniOzoneClusterImpl-df602b49-e577-4a1d-ae00-d896acd8b89d/datanode-0/data/ratis/0f330282-c4e0-4290-9122-d221e0d2d972
2023-01-19 21:16:09,723 [pool-71-thread-1] INFO  server.RaftServerConfigKeys (ConfUtils.java:logGet(46)) - raft.server.log.queue.byte-limit = 4294967296 (custom)
2023-01-19 21:16:09,723 [pool-71-thread-1] INFO  server.RaftServerConfigKeys (ConfUtils.java:logGet(46)) - raft.server.log.queue.element-limit = 1024 (custom)
2023-01-19 21:16:09,723 [pool-71-thread-1] INFO  server.RaftServerConfigKeys (ConfUtils.java:logGet(46)) - raft.server.log.segment.size.max = 1048576 (custom)
2023-01-19 21:16:09,723 [pool-71-thread-1] INFO  server.RaftServerConfigKeys (ConfUtils.java:logGet(46)) - raft.server.log.preallocated.size = 16384 (custom)
2023-01-19 21:16:09,730 [pool-71-thread-1] INFO  server.RaftServerConfigKeys (ConfUtils.java:logGet(46)) - raft.server.log.force.sync.num = 128 (default)
2023-01-19 21:16:09,730 [pool-71-thread-1] INFO  server.RaftServerConfigKeys (ConfUtils.java:logGet(46)) - raft.server.log.statemachine.data.sync = true (default)
2023-01-19 21:16:09,730 [pool-71-thread-1] INFO  server.RaftServerConfigKeys (ConfUtils.java:logGet(46)) - raft.server.log.statemachine.data.sync.timeout = 10s (default)
2023-01-19 21:16:09,730 [pool-71-thread-1] INFO  server.RaftServerConfigKeys (ConfUtils.java:logGet(46)) - raft.server.log.statemachine.data.sync.timeout.retry = -1 (default)
2023-01-19 21:16:09,731 [pool-71-thread-1] INFO  server.RaftServerConfigKeys (ConfUtils.java:logGet(46)) - raft.server.log.write.buffer.size = 1048576 (custom)
2023-01-19 21:16:09,731 [EventQueue-OpenPipelineForHealthyPipelineSafeModeRule] INFO  safemode.SCMSafeModeManager (HealthyPipelineSafeModeRule.java:process(137)) - SCM in safe mode. Healthy pipelines reported count is 0, required healthy pipeline reported count is 1
2023-01-19 21:16:09,743 [pool-71-thread-1] INFO  server.RaftServerConfigKeys (ConfUtils.java:logGet(46)) - raft.server.log.appender.buffer.byte-limit = 33554432 (custom)
2023-01-19 21:16:09,749 [pool-71-thread-1] INFO  server.RaftServerConfigKeys (ConfUtils.java:logGet(46)) - raft.server.log.unsafe-flush.enabled = false (default)
2023-01-19 21:16:09,749 [pool-71-thread-1] INFO  server.RaftServerConfigKeys (ConfUtils.java:logGet(46)) - raft.server.log.async-flush.enabled = false (default)
2023-01-19 21:16:09,749 [pool-71-thread-1] INFO  server.RaftServerConfigKeys (ConfUtils.java:logGet(46)) - raft.server.log.statemachine.data.caching.enabled = true (custom)
2023-01-19 21:16:09,749 [pool-71-thread-1] INFO  segmented.SegmentedRaftLogWorker (SegmentedRaftLogWorker.java:lambda$new$0(135)) - 514168bb-47c6-4123-b047-b520965d68f2@group-D221E0D2D972-SegmentedRaftLogWorker: flushIndex: setUnconditionally 0 -> -1
2023-01-19 21:16:09,749 [pool-71-thread-1] INFO  segmented.SegmentedRaftLogWorker (SegmentedRaftLogWorker.java:lambda$new$0(135)) - 514168bb-47c6-4123-b047-b520965d68f2@group-D221E0D2D972-SegmentedRaftLogWorker: safeCacheEvictIndex: setUnconditionally 0 -> -1
2023-01-19 21:16:09,772 [pool-71-thread-1] INFO  server.RaftServer$Division (RaftServerImpl.java:start(334)) - 514168bb-47c6-4123-b047-b520965d68f2@group-D221E0D2D972: start as a follower, conf=-1: peers:[79fc7c85-f428-4972-afd4-216d9203d099|rpc:10.1.0.40:34077|dataStream:10.1.0.40:41333|priority:0|startupRole:FOLLOWER, 514168bb-47c6-4123-b047-b520965d68f2|rpc:10.1.0.40:32777|dataStream:10.1.0.40:40123|priority:1|startupRole:FOLLOWER, 34034301-6f4f-4b64-a7af-0630178f1887|rpc:10.1.0.40:37447|dataStream:10.1.0.40:39551|priority:0|startupRole:FOLLOWER]|listeners:[], old=null
2023-01-19 21:16:09,772 [pool-71-thread-1] INFO  server.RaftServer$Division (RaftServerImpl.java:setRole(321)) - 514168bb-47c6-4123-b047-b520965d68f2@group-D221E0D2D972: changes role from      null to FOLLOWER at term 0 for startAsFollower
2023-01-19 21:16:09,772 [pool-71-thread-1] INFO  impl.RoleInfo (RoleInfo.java:updateAndGet(139)) - 514168bb-47c6-4123-b047-b520965d68f2: start 514168bb-47c6-4123-b047-b520965d68f2@group-D221E0D2D972-FollowerState
2023-01-19 21:16:09,782 [514168bb-47c6-4123-b047-b520965d68f2@group-D221E0D2D972-FollowerState] INFO  server.RaftServerConfigKeys (ConfUtils.java:logFallback(53)) - raft.server.rpc.first-election.timeout.min = 5s (fallback to raft.server.rpc.timeout.min)
2023-01-19 21:16:09,786 [514168bb-47c6-4123-b047-b520965d68f2@group-D221E0D2D972-FollowerState] INFO  server.RaftServerConfigKeys (ConfUtils.java:logFallback(53)) - raft.server.rpc.first-election.timeout.max = 5200ms (fallback to raft.server.rpc.timeout.max)
2023-01-19 21:16:09,783 [Command processor thread] INFO  commandhandler.CreatePipelineCommandHandler (CreatePipelineCommandHandler.java:handle(113)) - Created Pipeline RATIS THREE PipelineID=78a4b913-8b66-4435-8732-005b46e3a8b7.
2023-01-19 21:16:09,782 [pool-71-thread-1] INFO  util.JmxRegister (JmxRegister.java:tryRegister(44)) - Successfully registered JMX Bean with object name Ratis:service=RaftServer,group=group-D221E0D2D972,id=514168bb-47c6-4123-b047-b520965d68f2
2023-01-19 21:16:09,786 [pool-71-thread-1] INFO  server.RaftServerConfigKeys (ConfUtils.java:logGet(46)) - raft.server.snapshot.auto.trigger.enabled = true (custom)
2023-01-19 21:16:09,786 [pool-71-thread-1] INFO  server.RaftServerConfigKeys (ConfUtils.java:logGet(46)) - raft.server.snapshot.auto.trigger.threshold = 10000 (custom)
2023-01-19 21:16:09,786 [pool-71-thread-1] INFO  server.RaftServerConfigKeys (ConfUtils.java:logGet(46)) - raft.server.snapshot.retention.file.num = 5 (custom)
2023-01-19 21:16:09,786 [pool-71-thread-1] INFO  server.RaftServerConfigKeys (ConfUtils.java:logGet(46)) - raft.server.log.purge.upto.snapshot.index = false (default)
2023-01-19 21:16:09,831 [Command processor thread] INFO  commandhandler.CreatePipelineCommandHandler (CreatePipelineCommandHandler.java:handle(113)) - Created Pipeline RATIS THREE PipelineID=78a4b913-8b66-4435-8732-005b46e3a8b7.
2023-01-19 21:16:09,832 [Command processor thread] INFO  server.RaftServer (RaftServerProxy.java:addNew(96)) - 34034301-6f4f-4b64-a7af-0630178f1887: addNew group-D221E0D2D972:[79fc7c85-f428-4972-afd4-216d9203d099|rpc:10.1.0.40:34077|dataStream:10.1.0.40:41333|priority:0|startupRole:FOLLOWER, 514168bb-47c6-4123-b047-b520965d68f2|rpc:10.1.0.40:32777|dataStream:10.1.0.40:40123|priority:1|startupRole:FOLLOWER, 34034301-6f4f-4b64-a7af-0630178f1887|rpc:10.1.0.40:37447|dataStream:10.1.0.40:39551|priority:0|startupRole:FOLLOWER] returns group-D221E0D2D972:java.util.concurrent.CompletableFuture@2885158[Not completed]
2023-01-19 21:16:09,833 [pool-94-thread-1] INFO  server.RaftServer$Division (RaftServerImpl.java:<init>(195)) - 34034301-6f4f-4b64-a7af-0630178f1887: new RaftServerImpl for group-D221E0D2D972:[79fc7c85-f428-4972-afd4-216d9203d099|rpc:10.1.0.40:34077|dataStream:10.1.0.40:41333|priority:0|startupRole:FOLLOWER, 514168bb-47c6-4123-b047-b520965d68f2|rpc:10.1.0.40:32777|dataStream:10.1.0.40:40123|priority:1|startupRole:FOLLOWER, 34034301-6f4f-4b64-a7af-0630178f1887|rpc:10.1.0.40:37447|dataStream:10.1.0.40:39551|priority:0|startupRole:FOLLOWER] with ContainerStateMachine:uninitialized
2023-01-19 21:16:09,833 [pool-94-thread-1] INFO  server.RaftServerConfigKeys (ConfUtils.java:logGet(46)) - raft.server.rpc.timeout.min = 5s (custom)
2023-01-19 21:16:09,833 [pool-94-thread-1] INFO  server.RaftServerConfigKeys (ConfUtils.java:logGet(46)) - raft.server.rpc.timeout.max = 5200ms (custom)
2023-01-19 21:16:09,833 [pool-94-thread-1] INFO  server.RaftServerConfigKeys (ConfUtils.java:logGet(46)) - raft.server.rpc.sleep.time = 25ms (default)
2023-01-19 21:16:09,834 [pool-94-thread-1] INFO  server.RaftServerConfigKeys (ConfUtils.java:logGet(46)) - raft.server.rpc.slowness.timeout = 300s (custom)
2023-01-19 21:16:09,834 [pool-94-thread-1] INFO  server.RaftServerConfigKeys (ConfUtils.java:logGet(46)) - raft.server.leaderelection.leader.step-down.wait-time = 10s (default)
2023-01-19 21:16:09,834 [pool-94-thread-1] INFO  server.RaftServerConfigKeys (ConfUtils.java:logGet(46)) - raft.server.sleep.deviation.threshold = 300ms (default)
2023-01-19 21:16:09,834 [pool-94-thread-1] INFO  server.RaftServer$Division (ServerState.java:<init>(118)) - 34034301-6f4f-4b64-a7af-0630178f1887@group-D221E0D2D972: ConfigurationManager, init=-1: peers:[79fc7c85-f428-4972-afd4-216d9203d099|rpc:10.1.0.40:34077|dataStream:10.1.0.40:41333|priority:0|startupRole:FOLLOWER, 514168bb-47c6-4123-b047-b520965d68f2|rpc:10.1.0.40:32777|dataStream:10.1.0.40:40123|priority:1|startupRole:FOLLOWER, 34034301-6f4f-4b64-a7af-0630178f1887|rpc:10.1.0.40:37447|dataStream:10.1.0.40:39551|priority:0|startupRole:FOLLOWER]|listeners:[], old=null, confs=<EMPTY_MAP>
2023-01-19 21:16:09,834 [pool-94-thread-1] INFO  server.RaftServerConfigKeys (ConfUtils.java:logGet(46)) - raft.server.storage.dir = [/home/runner/work/ozone/ozone/hadoop-ozone/integration-test/target/test-dir/MiniOzoneClusterImpl-df602b49-e577-4a1d-ae00-d896acd8b89d/datanode-1/data/ratis] (custom)
2023-01-19 21:16:09,834 [pool-94-thread-1] INFO  server.RaftServerConfigKeys (ConfUtils.java:logGet(46)) - raft.server.log.corruption.policy = EXCEPTION (default)
2023-01-19 21:16:09,834 [pool-94-thread-1] INFO  server.RaftServerConfigKeys (ConfUtils.java:logGet(46)) - raft.server.storage.free-space.min = 0MB (=0) (default)
2023-01-19 21:16:09,835 [pool-94-thread-1] INFO  server.RaftServerConfigKeys (ConfUtils.java:logGet(46)) - raft.server.notification.no-leader.timeout = 300s (custom)
2023-01-19 21:16:09,835 [pool-94-thread-1] INFO  server.RaftServerConfigKeys (ConfUtils.java:logGet(46)) - raft.server.retrycache.expirytime = 600000ms (custom)
2023-01-19 21:16:09,835 [pool-94-thread-1] INFO  server.RaftServerConfigKeys (ConfUtils.java:logGet(46)) - raft.server.retrycache.statistics.expirytime = 100μs (default)
2023-01-19 21:16:09,836 [pool-94-thread-1] INFO  server.RaftServerConfigKeys (ConfUtils.java:logGet(46)) - raft.server.log.appender.install.snapshot.enabled = false (custom)
2023-01-19 21:16:09,836 [pool-94-thread-1] INFO  server.RaftServerConfigKeys (ConfUtils.java:logGet(46)) - raft.server.threadpool.server.cached = true (default)
2023-01-19 21:16:09,836 [pool-94-thread-1] INFO  server.RaftServerConfigKeys (ConfUtils.java:logGet(46)) - raft.server.threadpool.server.size = 0 (default)
2023-01-19 21:16:09,836 [pool-94-thread-1] INFO  server.RaftServerConfigKeys (ConfUtils.java:logGet(46)) - raft.server.threadpool.client.cached = true (default)
2023-01-19 21:16:09,836 [pool-94-thread-1] INFO  server.RaftServerConfigKeys (ConfUtils.java:logGet(46)) - raft.server.threadpool.client.size = 0 (default)
2023-01-19 21:16:09,836 [pool-94-thread-1] INFO  storage.RaftStorageDirectory (RaftStorageDirectoryImpl.java:analyzeStorage(137)) - The storage directory /home/runner/work/ozone/ozone/hadoop-ozone/integration-test/target/test-dir/MiniOzoneClusterImpl-df602b49-e577-4a1d-ae00-d896acd8b89d/datanode-1/data/ratis/0f330282-c4e0-4290-9122-d221e0d2d972 does not exist. Creating ...
2023-01-19 21:16:09,837 [pool-94-thread-1] INFO  storage.RaftStorageDirectory (RaftStorageDirectoryImpl.java:tryLock(231)) - Lock on /home/runner/work/ozone/ozone/hadoop-ozone/integration-test/target/test-dir/MiniOzoneClusterImpl-df602b49-e577-4a1d-ae00-d896acd8b89d/datanode-1/data/ratis/0f330282-c4e0-4290-9122-d221e0d2d972/in_use.lock acquired by nodename 36349@fv-az353-460
2023-01-19 21:16:09,838 [pool-94-thread-1] INFO  storage.RaftStorage (RaftStorageImpl.java:format(96)) - Storage directory /home/runner/work/ozone/ozone/hadoop-ozone/integration-test/target/test-dir/MiniOzoneClusterImpl-df602b49-e577-4a1d-ae00-d896acd8b89d/datanode-1/data/ratis/0f330282-c4e0-4290-9122-d221e0d2d972 has been successfully formatted.
2023-01-19 21:16:09,839 [pool-94-thread-1] INFO  ratis.ContainerStateMachine (ContainerStateMachine.java:loadSnapshot(240)) - group-D221E0D2D972: The snapshot info is null. Setting the last applied indexto:(t:0, i:~)
2023-01-19 21:16:09,840 [pool-94-thread-1] INFO  server.RaftServerConfigKeys (ConfUtils.java:logGet(46)) - raft.server.log.use.memory = false (default)
2023-01-19 21:16:09,840 [pool-94-thread-1] INFO  server.RaftServerConfigKeys (ConfUtils.java:logGet(46)) - raft.server.log.purge.gap = 1000000 (custom)
2023-01-19 21:16:09,840 [pool-94-thread-1] INFO  server.RaftServerConfigKeys (ConfUtils.java:logGet(46)) - raft.server.log.appender.buffer.byte-limit = 33554432 (custom)
2023-01-19 21:16:09,840 [pool-94-thread-1] INFO  server.RaftServerConfigKeys (ConfUtils.java:logGet(46)) - raft.server.log.statemachine.data.read.timeout = 1000ms (default)
2023-01-19 21:16:09,840 [pool-94-thread-1] INFO  server.RaftServerConfigKeys (ConfUtils.java:logGet(46)) - raft.server.log.purge.preservation.log.num = 0 (default)
2023-01-19 21:16:09,840 [pool-94-thread-1] INFO  server.RaftServerConfigKeys (ConfUtils.java:logGet(46)) - raft.server.log.segment.size.max = 1048576 (custom)
2023-01-19 21:16:09,840 [pool-94-thread-1] INFO  server.RaftServerConfigKeys (ConfUtils.java:logGet(46)) - raft.server.log.segment.cache.num.max = 2 (custom)
2023-01-19 21:16:09,840 [pool-94-thread-1] INFO  server.RaftServerConfigKeys (ConfUtils.java:logGet(46)) - raft.server.log.segment.cache.size.max = 200MB (=209715200) (default)
2023-01-19 21:16:09,840 [pool-94-thread-1] INFO  segmented.SegmentedRaftLogWorker (SegmentedRaftLogWorker.java:<init>(189)) - new 34034301-6f4f-4b64-a7af-0630178f1887@group-D221E0D2D972-SegmentedRaftLogWorker for RaftStorageImpl:Storage Directory /home/runner/work/ozone/ozone/hadoop-ozone/integration-test/target/test-dir/MiniOzoneClusterImpl-df602b49-e577-4a1d-ae00-d896acd8b89d/datanode-1/data/ratis/0f330282-c4e0-4290-9122-d221e0d2d972
2023-01-19 21:16:09,841 [pool-94-thread-1] INFO  server.RaftServerConfigKeys (ConfUtils.java:logGet(46)) - raft.server.log.queue.byte-limit = 4294967296 (custom)
2023-01-19 21:16:09,841 [pool-94-thread-1] INFO  server.RaftServerConfigKeys (ConfUtils.java:logGet(46)) - raft.server.log.queue.element-limit = 1024 (custom)
2023-01-19 21:16:09,841 [pool-94-thread-1] INFO  server.RaftServerConfigKeys (ConfUtils.java:logGet(46)) - raft.server.log.segment.size.max = 1048576 (custom)
2023-01-19 21:16:09,841 [pool-94-thread-1] INFO  server.RaftServerConfigKeys (ConfUtils.java:logGet(46)) - raft.server.log.preallocated.size = 16384 (custom)
2023-01-19 21:16:09,841 [pool-94-thread-1] INFO  server.RaftServerConfigKeys (ConfUtils.java:logGet(46)) - raft.server.log.force.sync.num = 128 (default)
2023-01-19 21:16:09,841 [pool-94-thread-1] INFO  server.RaftServerConfigKeys (ConfUtils.java:logGet(46)) - raft.server.log.statemachine.data.sync = true (default)
2023-01-19 21:16:09,841 [pool-94-thread-1] INFO  server.RaftServerConfigKeys (ConfUtils.java:logGet(46)) - raft.server.log.statemachine.data.sync.timeout = 10s (default)
2023-01-19 21:16:09,841 [pool-94-thread-1] INFO  server.RaftServerConfigKeys (ConfUtils.java:logGet(46)) - raft.server.log.statemachine.data.sync.timeout.retry = -1 (default)
2023-01-19 21:16:09,844 [pool-94-thread-1] INFO  server.RaftServerConfigKeys (ConfUtils.java:logGet(46)) - raft.server.log.write.buffer.size = 1048576 (custom)
2023-01-19 21:16:09,845 [pool-94-thread-1] INFO  server.RaftServerConfigKeys (ConfUtils.java:logGet(46)) - raft.server.log.appender.buffer.byte-limit = 33554432 (custom)
2023-01-19 21:16:09,849 [EventQueue-OpenPipelineForHealthyPipelineSafeModeRule] INFO  safemode.SCMSafeModeManager (HealthyPipelineSafeModeRule.java:process(137)) - SCM in safe mode. Healthy pipelines reported count is 0, required healthy pipeline reported count is 1
2023-01-19 21:16:09,870 [pool-94-thread-1] INFO  server.RaftServerConfigKeys (ConfUtils.java:logGet(46)) - raft.server.log.unsafe-flush.enabled = false (default)
2023-01-19 21:16:09,870 [pool-94-thread-1] INFO  server.RaftServerConfigKeys (ConfUtils.java:logGet(46)) - raft.server.log.async-flush.enabled = false (default)
2023-01-19 21:16:09,870 [pool-94-thread-1] INFO  server.RaftServerConfigKeys (ConfUtils.java:logGet(46)) - raft.server.log.statemachine.data.caching.enabled = true (custom)
2023-01-19 21:16:09,870 [pool-94-thread-1] INFO  segmented.SegmentedRaftLogWorker (SegmentedRaftLogWorker.java:lambda$new$0(135)) - 34034301-6f4f-4b64-a7af-0630178f1887@group-D221E0D2D972-SegmentedRaftLogWorker: flushIndex: setUnconditionally 0 -> -1
2023-01-19 21:16:09,871 [pool-94-thread-1] INFO  segmented.SegmentedRaftLogWorker (SegmentedRaftLogWorker.java:lambda$new$0(135)) - 34034301-6f4f-4b64-a7af-0630178f1887@group-D221E0D2D972-SegmentedRaftLogWorker: safeCacheEvictIndex: setUnconditionally 0 -> -1
2023-01-19 21:16:09,871 [pool-94-thread-1] INFO  server.RaftServer$Division (RaftServerImpl.java:start(334)) - 34034301-6f4f-4b64-a7af-0630178f1887@group-D221E0D2D972: start as a follower, conf=-1: peers:[79fc7c85-f428-4972-afd4-216d9203d099|rpc:10.1.0.40:34077|dataStream:10.1.0.40:41333|priority:0|startupRole:FOLLOWER, 514168bb-47c6-4123-b047-b520965d68f2|rpc:10.1.0.40:32777|dataStream:10.1.0.40:40123|priority:1|startupRole:FOLLOWER, 34034301-6f4f-4b64-a7af-0630178f1887|rpc:10.1.0.40:37447|dataStream:10.1.0.40:39551|priority:0|startupRole:FOLLOWER]|listeners:[], old=null
2023-01-19 21:16:09,872 [pool-94-thread-1] INFO  server.RaftServer$Division (RaftServerImpl.java:setRole(321)) - 34034301-6f4f-4b64-a7af-0630178f1887@group-D221E0D2D972: changes role from      null to FOLLOWER at term 0 for startAsFollower
2023-01-19 21:16:09,872 [pool-94-thread-1] INFO  impl.RoleInfo (RoleInfo.java:updateAndGet(139)) - 34034301-6f4f-4b64-a7af-0630178f1887: start 34034301-6f4f-4b64-a7af-0630178f1887@group-D221E0D2D972-FollowerState
2023-01-19 21:16:09,876 [pool-94-thread-1] INFO  util.JmxRegister (JmxRegister.java:tryRegister(44)) - Successfully registered JMX Bean with object name Ratis:service=RaftServer,group=group-D221E0D2D972,id=34034301-6f4f-4b64-a7af-0630178f1887
2023-01-19 21:16:09,876 [pool-94-thread-1] INFO  server.RaftServerConfigKeys (ConfUtils.java:logGet(46)) - raft.server.snapshot.auto.trigger.enabled = true (custom)
2023-01-19 21:16:09,876 [pool-94-thread-1] INFO  server.RaftServerConfigKeys (ConfUtils.java:logGet(46)) - raft.server.snapshot.auto.trigger.threshold = 10000 (custom)
2023-01-19 21:16:09,876 [pool-94-thread-1] INFO  server.RaftServerConfigKeys (ConfUtils.java:logGet(46)) - raft.server.snapshot.retention.file.num = 5 (custom)
2023-01-19 21:16:09,876 [pool-94-thread-1] INFO  server.RaftServerConfigKeys (ConfUtils.java:logGet(46)) - raft.server.log.purge.upto.snapshot.index = false (default)
2023-01-19 21:16:09,877 [34034301-6f4f-4b64-a7af-0630178f1887@group-D221E0D2D972-FollowerState] INFO  server.RaftServerConfigKeys (ConfUtils.java:logFallback(53)) - raft.server.rpc.first-election.timeout.min = 5s (fallback to raft.server.rpc.timeout.min)
2023-01-19 21:16:09,893 [34034301-6f4f-4b64-a7af-0630178f1887@group-D221E0D2D972-FollowerState] INFO  server.RaftServerConfigKeys (ConfUtils.java:logFallback(53)) - raft.server.rpc.first-election.timeout.max = 5200ms (fallback to raft.server.rpc.timeout.max)
2023-01-19 21:16:09,880 [Command processor thread] INFO  ratis.XceiverServerRatis (XceiverServerRatis.java:addGroup(806)) - Created group PipelineID=0f330282-c4e0-4290-9122-d221e0d2d972
2023-01-19 21:16:09,893 [Command processor thread] INFO  server.RaftServer (RaftServerProxy.java:addNew(96)) - 9f11bae2-70d6-4c19-b175-54f3bf2a6776: addNew group-375BBA2BA311:[9f11bae2-70d6-4c19-b175-54f3bf2a6776|rpc:10.1.0.40:41965|dataStream:10.1.0.40:33671|priority:1|startupRole:FOLLOWER] returns group-375BBA2BA311:java.util.concurrent.CompletableFuture@70ef562f[Not completed]
2023-01-19 21:16:09,910 [Command processor thread] INFO  commandhandler.CreatePipelineCommandHandler (CreatePipelineCommandHandler.java:handle(113)) - Created Pipeline RATIS THREE PipelineID=0f330282-c4e0-4290-9122-d221e0d2d972.
2023-01-19 21:16:09,911 [pool-140-thread-1] INFO  server.RaftServer$Division (RaftServerImpl.java:<init>(195)) - 9f11bae2-70d6-4c19-b175-54f3bf2a6776: new RaftServerImpl for group-375BBA2BA311:[9f11bae2-70d6-4c19-b175-54f3bf2a6776|rpc:10.1.0.40:41965|dataStream:10.1.0.40:33671|priority:1|startupRole:FOLLOWER] with ContainerStateMachine:uninitialized
2023-01-19 21:16:09,911 [pool-140-thread-1] INFO  server.RaftServerConfigKeys (ConfUtils.java:logGet(46)) - raft.server.rpc.timeout.min = 5s (custom)
2023-01-19 21:16:09,911 [pool-140-thread-1] INFO  server.RaftServerConfigKeys (ConfUtils.java:logGet(46)) - raft.server.rpc.timeout.max = 5200ms (custom)
2023-01-19 21:16:09,911 [pool-140-thread-1] INFO  server.RaftServerConfigKeys (ConfUtils.java:logGet(46)) - raft.server.rpc.sleep.time = 25ms (default)
2023-01-19 21:16:09,911 [pool-140-thread-1] INFO  server.RaftServerConfigKeys (ConfUtils.java:logGet(46)) - raft.server.rpc.slowness.timeout = 300s (custom)
2023-01-19 21:16:09,911 [pool-140-thread-1] INFO  server.RaftServerConfigKeys (ConfUtils.java:logGet(46)) - raft.server.leaderelection.leader.step-down.wait-time = 10s (default)
2023-01-19 21:16:09,911 [pool-140-thread-1] INFO  server.RaftServerConfigKeys (ConfUtils.java:logGet(46)) - raft.server.sleep.deviation.threshold = 300ms (default)
2023-01-19 21:16:09,912 [pool-140-thread-1] INFO  server.RaftServer$Division (ServerState.java:<init>(118)) - 9f11bae2-70d6-4c19-b175-54f3bf2a6776@group-375BBA2BA311: ConfigurationManager, init=-1: peers:[9f11bae2-70d6-4c19-b175-54f3bf2a6776|rpc:10.1.0.40:41965|dataStream:10.1.0.40:33671|priority:1|startupRole:FOLLOWER]|listeners:[], old=null, confs=<EMPTY_MAP>
2023-01-19 21:16:09,915 [pool-140-thread-1] INFO  server.RaftServerConfigKeys (ConfUtils.java:logGet(46)) - raft.server.storage.dir = [/home/runner/work/ozone/ozone/hadoop-ozone/integration-test/target/test-dir/MiniOzoneClusterImpl-df602b49-e577-4a1d-ae00-d896acd8b89d/datanode-3/data/ratis] (custom)
2023-01-19 21:16:09,916 [pool-140-thread-1] INFO  server.RaftServerConfigKeys (ConfUtils.java:logGet(46)) - raft.server.log.corruption.policy = EXCEPTION (default)
2023-01-19 21:16:09,916 [pool-140-thread-1] INFO  server.RaftServerConfigKeys (ConfUtils.java:logGet(46)) - raft.server.storage.free-space.min = 0MB (=0) (default)
2023-01-19 21:16:09,916 [pool-140-thread-1] INFO  server.RaftServerConfigKeys (ConfUtils.java:logGet(46)) - raft.server.notification.no-leader.timeout = 300s (custom)
2023-01-19 21:16:09,916 [pool-140-thread-1] INFO  server.RaftServerConfigKeys (ConfUtils.java:logGet(46)) - raft.server.retrycache.expirytime = 600000ms (custom)
2023-01-19 21:16:09,916 [pool-140-thread-1] INFO  server.RaftServerConfigKeys (ConfUtils.java:logGet(46)) - raft.server.retrycache.statistics.expirytime = 100μs (default)
2023-01-19 21:16:09,918 [pool-140-thread-1] INFO  server.RaftServerConfigKeys (ConfUtils.java:logGet(46)) - raft.server.log.appender.install.snapshot.enabled = false (custom)
2023-01-19 21:16:09,918 [pool-140-thread-1] INFO  server.RaftServerConfigKeys (ConfUtils.java:logGet(46)) - raft.server.threadpool.server.cached = true (default)
2023-01-19 21:16:09,918 [pool-140-thread-1] INFO  server.RaftServerConfigKeys (ConfUtils.java:logGet(46)) - raft.server.threadpool.server.size = 0 (default)
2023-01-19 21:16:09,918 [pool-140-thread-1] INFO  server.RaftServerConfigKeys (ConfUtils.java:logGet(46)) - raft.server.threadpool.client.cached = true (default)
2023-01-19 21:16:09,918 [pool-140-thread-1] INFO  server.RaftServerConfigKeys (ConfUtils.java:logGet(46)) - raft.server.threadpool.client.size = 0 (default)
2023-01-19 21:16:09,918 [pool-140-thread-1] INFO  storage.RaftStorageDirectory (RaftStorageDirectoryImpl.java:analyzeStorage(137)) - The storage directory /home/runner/work/ozone/ozone/hadoop-ozone/integration-test/target/test-dir/MiniOzoneClusterImpl-df602b49-e577-4a1d-ae00-d896acd8b89d/datanode-3/data/ratis/9854910d-4d83-4455-9912-375bba2ba311 does not exist. Creating ...
2023-01-19 21:16:09,920 [pool-140-thread-1] INFO  storage.RaftStorageDirectory (RaftStorageDirectoryImpl.java:tryLock(231)) - Lock on /home/runner/work/ozone/ozone/hadoop-ozone/integration-test/target/test-dir/MiniOzoneClusterImpl-df602b49-e577-4a1d-ae00-d896acd8b89d/datanode-3/data/ratis/9854910d-4d83-4455-9912-375bba2ba311/in_use.lock acquired by nodename 36349@fv-az353-460
2023-01-19 21:16:09,922 [pool-140-thread-1] INFO  storage.RaftStorage (RaftStorageImpl.java:format(96)) - Storage directory /home/runner/work/ozone/ozone/hadoop-ozone/integration-test/target/test-dir/MiniOzoneClusterImpl-df602b49-e577-4a1d-ae00-d896acd8b89d/datanode-3/data/ratis/9854910d-4d83-4455-9912-375bba2ba311 has been successfully formatted.
2023-01-19 21:16:09,925 [pool-140-thread-1] INFO  ratis.ContainerStateMachine (ContainerStateMachine.java:loadSnapshot(240)) - group-375BBA2BA311: The snapshot info is null. Setting the last applied indexto:(t:0, i:~)
2023-01-19 21:16:09,925 [pool-140-thread-1] INFO  server.RaftServerConfigKeys (ConfUtils.java:logGet(46)) - raft.server.log.use.memory = false (default)
2023-01-19 21:16:09,925 [pool-140-thread-1] INFO  server.RaftServerConfigKeys (ConfUtils.java:logGet(46)) - raft.server.log.purge.gap = 1000000 (custom)
2023-01-19 21:16:09,925 [pool-140-thread-1] INFO  server.RaftServerConfigKeys (ConfUtils.java:logGet(46)) - raft.server.log.appender.buffer.byte-limit = 33554432 (custom)
2023-01-19 21:16:09,925 [pool-140-thread-1] INFO  server.RaftServerConfigKeys (ConfUtils.java:logGet(46)) - raft.server.log.statemachine.data.read.timeout = 1000ms (default)
2023-01-19 21:16:09,925 [pool-140-thread-1] INFO  server.RaftServerConfigKeys (ConfUtils.java:logGet(46)) - raft.server.log.purge.preservation.log.num = 0 (default)
2023-01-19 21:16:09,926 [pool-140-thread-1] INFO  server.RaftServerConfigKeys (ConfUtils.java:logGet(46)) - raft.server.log.segment.size.max = 1048576 (custom)
2023-01-19 21:16:09,926 [pool-140-thread-1] INFO  server.RaftServerConfigKeys (ConfUtils.java:logGet(46)) - raft.server.log.segment.cache.num.max = 2 (custom)
2023-01-19 21:16:09,926 [pool-140-thread-1] INFO  server.RaftServerConfigKeys (ConfUtils.java:logGet(46)) - raft.server.log.segment.cache.size.max = 200MB (=209715200) (default)
2023-01-19 21:16:09,926 [pool-140-thread-1] INFO  segmented.SegmentedRaftLogWorker (SegmentedRaftLogWorker.java:<init>(189)) - new 9f11bae2-70d6-4c19-b175-54f3bf2a6776@group-375BBA2BA311-SegmentedRaftLogWorker for RaftStorageImpl:Storage Directory /home/runner/work/ozone/ozone/hadoop-ozone/integration-test/target/test-dir/MiniOzoneClusterImpl-df602b49-e577-4a1d-ae00-d896acd8b89d/datanode-3/data/ratis/9854910d-4d83-4455-9912-375bba2ba311
2023-01-19 21:16:09,926 [pool-140-thread-1] INFO  server.RaftServerConfigKeys (ConfUtils.java:logGet(46)) - raft.server.log.queue.byte-limit = 4294967296 (custom)
2023-01-19 21:16:09,926 [pool-140-thread-1] INFO  server.RaftServerConfigKeys (ConfUtils.java:logGet(46)) - raft.server.log.queue.element-limit = 1024 (custom)
2023-01-19 21:16:09,926 [pool-140-thread-1] INFO  server.RaftServerConfigKeys (ConfUtils.java:logGet(46)) - raft.server.log.segment.size.max = 1048576 (custom)
2023-01-19 21:16:09,926 [pool-140-thread-1] INFO  server.RaftServerConfigKeys (ConfUtils.java:logGet(46)) - raft.server.log.preallocated.size = 16384 (custom)
2023-01-19 21:16:09,926 [pool-140-thread-1] INFO  server.RaftServerConfigKeys (ConfUtils.java:logGet(46)) - raft.server.log.force.sync.num = 128 (default)
2023-01-19 21:16:09,926 [pool-140-thread-1] INFO  server.RaftServerConfigKeys (ConfUtils.java:logGet(46)) - raft.server.log.statemachine.data.sync = true (default)
2023-01-19 21:16:09,926 [pool-140-thread-1] INFO  server.RaftServerConfigKeys (ConfUtils.java:logGet(46)) - raft.server.log.statemachine.data.sync.timeout = 10s (default)
2023-01-19 21:16:09,927 [pool-140-thread-1] INFO  server.RaftServerConfigKeys (ConfUtils.java:logGet(46)) - raft.server.log.statemachine.data.sync.timeout.retry = -1 (default)
2023-01-19 21:16:09,927 [pool-140-thread-1] INFO  server.RaftServerConfigKeys (ConfUtils.java:logGet(46)) - raft.server.log.write.buffer.size = 1048576 (custom)
2023-01-19 21:16:09,928 [pool-140-thread-1] INFO  server.RaftServerConfigKeys (ConfUtils.java:logGet(46)) - raft.server.log.appender.buffer.byte-limit = 33554432 (custom)
2023-01-19 21:16:09,941 [EventQueue-PipelineReportForPipelineReportHandler] INFO  pipeline.PipelineManagerImpl (PipelineManagerImpl.java:openPipeline(367)) - Pipeline Pipeline[ Id: 9854910d-4d83-4455-9912-375bba2ba311, Nodes: 9f11bae2-70d6-4c19-b175-54f3bf2a6776(fv-az353-460.tkyx2seitsuu3nmpmouz2httfb.bx.internal.cloudapp.net/10.1.0.40), ReplicationConfig: RATIS/ONE, State:ALLOCATED, leaderId:9f11bae2-70d6-4c19-b175-54f3bf2a6776, CreationTimestamp2023-01-19T21:16:06.870Z[Etc/UTC]] moved to OPEN state
2023-01-19 21:16:09,942 [EventQueue-OpenPipelineForHealthyPipelineSafeModeRule] INFO  safemode.SCMSafeModeManager (HealthyPipelineSafeModeRule.java:process(137)) - SCM in safe mode. Healthy pipelines reported count is 0, required healthy pipeline reported count is 1
2023-01-19 21:16:09,947 [pool-140-thread-1] INFO  server.RaftServerConfigKeys (ConfUtils.java:logGet(46)) - raft.server.log.unsafe-flush.enabled = false (default)
2023-01-19 21:16:09,947 [pool-140-thread-1] INFO  server.RaftServerConfigKeys (ConfUtils.java:logGet(46)) - raft.server.log.async-flush.enabled = false (default)
2023-01-19 21:16:09,947 [pool-140-thread-1] INFO  server.RaftServerConfigKeys (ConfUtils.java:logGet(46)) - raft.server.log.statemachine.data.caching.enabled = true (custom)
2023-01-19 21:16:09,948 [pool-140-thread-1] INFO  segmented.SegmentedRaftLogWorker (SegmentedRaftLogWorker.java:lambda$new$0(135)) - 9f11bae2-70d6-4c19-b175-54f3bf2a6776@group-375BBA2BA311-SegmentedRaftLogWorker: flushIndex: setUnconditionally 0 -> -1
2023-01-19 21:16:09,948 [pool-140-thread-1] INFO  segmented.SegmentedRaftLogWorker (SegmentedRaftLogWorker.java:lambda$new$0(135)) - 9f11bae2-70d6-4c19-b175-54f3bf2a6776@group-375BBA2BA311-SegmentedRaftLogWorker: safeCacheEvictIndex: setUnconditionally 0 -> -1
2023-01-19 21:16:09,948 [pool-140-thread-1] INFO  server.RaftServer$Division (RaftServerImpl.java:start(334)) - 9f11bae2-70d6-4c19-b175-54f3bf2a6776@group-375BBA2BA311: start as a follower, conf=-1: peers:[9f11bae2-70d6-4c19-b175-54f3bf2a6776|rpc:10.1.0.40:41965|dataStream:10.1.0.40:33671|priority:1|startupRole:FOLLOWER]|listeners:[], old=null
2023-01-19 21:16:09,949 [pool-140-thread-1] INFO  server.RaftServer$Division (RaftServerImpl.java:setRole(321)) - 9f11bae2-70d6-4c19-b175-54f3bf2a6776@group-375BBA2BA311: changes role from      null to FOLLOWER at term 0 for startAsFollower
2023-01-19 21:16:09,949 [pool-140-thread-1] INFO  impl.RoleInfo (RoleInfo.java:updateAndGet(139)) - 9f11bae2-70d6-4c19-b175-54f3bf2a6776: start 9f11bae2-70d6-4c19-b175-54f3bf2a6776@group-375BBA2BA311-FollowerState
2023-01-19 21:16:09,949 [pool-140-thread-1] INFO  util.JmxRegister (JmxRegister.java:tryRegister(44)) - Successfully registered JMX Bean with object name Ratis:service=RaftServer,group=group-375BBA2BA311,id=9f11bae2-70d6-4c19-b175-54f3bf2a6776
2023-01-19 21:16:09,949 [pool-140-thread-1] INFO  server.RaftServerConfigKeys (ConfUtils.java:logGet(46)) - raft.server.snapshot.auto.trigger.enabled = true (custom)
2023-01-19 21:16:09,949 [pool-140-thread-1] INFO  server.RaftServerConfigKeys (ConfUtils.java:logGet(46)) - raft.server.snapshot.auto.trigger.threshold = 10000 (custom)
2023-01-19 21:16:09,949 [pool-140-thread-1] INFO  server.RaftServerConfigKeys (ConfUtils.java:logGet(46)) - raft.server.snapshot.retention.file.num = 5 (custom)
2023-01-19 21:16:09,949 [pool-140-thread-1] INFO  server.RaftServerConfigKeys (ConfUtils.java:logGet(46)) - raft.server.log.purge.upto.snapshot.index = false (default)
2023-01-19 21:16:09,951 [9f11bae2-70d6-4c19-b175-54f3bf2a6776@group-375BBA2BA311-FollowerState] INFO  server.RaftServerConfigKeys (ConfUtils.java:logFallback(53)) - raft.server.rpc.first-election.timeout.min = 5s (fallback to raft.server.rpc.timeout.min)
2023-01-19 21:16:09,951 [9f11bae2-70d6-4c19-b175-54f3bf2a6776@group-375BBA2BA311-FollowerState] INFO  server.RaftServerConfigKeys (ConfUtils.java:logFallback(53)) - raft.server.rpc.first-election.timeout.max = 5200ms (fallback to raft.server.rpc.timeout.max)
2023-01-19 21:16:09,960 [Command processor thread] INFO  ratis.XceiverServerRatis (XceiverServerRatis.java:addGroup(806)) - Created group PipelineID=9854910d-4d83-4455-9912-375bba2ba311
2023-01-19 21:16:09,960 [Command processor thread] INFO  commandhandler.CreatePipelineCommandHandler (CreatePipelineCommandHandler.java:handle(113)) - Created Pipeline RATIS ONE PipelineID=9854910d-4d83-4455-9912-375bba2ba311.
2023-01-19 21:16:09,960 [Command processor thread] INFO  server.RaftServer (RaftServerProxy.java:addNew(96)) - 9f11bae2-70d6-4c19-b175-54f3bf2a6776: addNew group-A72CCB8DF3AB:[466e37ce-bab8-43e3-8861-d2a29ea05bd5|rpc:10.1.0.40:42247|dataStream:10.1.0.40:46349|priority:0|startupRole:FOLLOWER, 9f11bae2-70d6-4c19-b175-54f3bf2a6776|rpc:10.1.0.40:41965|dataStream:10.1.0.40:33671|priority:0|startupRole:FOLLOWER, 644b7e96-e81f-4c38-853b-c70c4b8809a7|rpc:10.1.0.40:34945|dataStream:10.1.0.40:33363|priority:1|startupRole:FOLLOWER] returns group-A72CCB8DF3AB:java.util.concurrent.CompletableFuture@74d0ccea[Not completed]
2023-01-19 21:16:09,962 [pool-140-thread-1] INFO  server.RaftServer$Division (RaftServerImpl.java:<init>(195)) - 9f11bae2-70d6-4c19-b175-54f3bf2a6776: new RaftServerImpl for group-A72CCB8DF3AB:[466e37ce-bab8-43e3-8861-d2a29ea05bd5|rpc:10.1.0.40:42247|dataStream:10.1.0.40:46349|priority:0|startupRole:FOLLOWER, 9f11bae2-70d6-4c19-b175-54f3bf2a6776|rpc:10.1.0.40:41965|dataStream:10.1.0.40:33671|priority:0|startupRole:FOLLOWER, 644b7e96-e81f-4c38-853b-c70c4b8809a7|rpc:10.1.0.40:34945|dataStream:10.1.0.40:33363|priority:1|startupRole:FOLLOWER] with ContainerStateMachine:uninitialized
2023-01-19 21:16:09,962 [pool-140-thread-1] INFO  server.RaftServerConfigKeys (ConfUtils.java:logGet(46)) - raft.server.rpc.timeout.min = 5s (custom)
2023-01-19 21:16:09,962 [pool-140-thread-1] INFO  server.RaftServerConfigKeys (ConfUtils.java:logGet(46)) - raft.server.rpc.timeout.max = 5200ms (custom)
2023-01-19 21:16:09,962 [pool-140-thread-1] INFO  server.RaftServerConfigKeys (ConfUtils.java:logGet(46)) - raft.server.rpc.sleep.time = 25ms (default)
2023-01-19 21:16:09,962 [pool-140-thread-1] INFO  server.RaftServerConfigKeys (ConfUtils.java:logGet(46)) - raft.server.rpc.slowness.timeout = 300s (custom)
2023-01-19 21:16:09,962 [pool-140-thread-1] INFO  server.RaftServerConfigKeys (ConfUtils.java:logGet(46)) - raft.server.leaderelection.leader.step-down.wait-time = 10s (default)
2023-01-19 21:16:09,962 [pool-140-thread-1] INFO  server.RaftServerConfigKeys (ConfUtils.java:logGet(46)) - raft.server.sleep.deviation.threshold = 300ms (default)
2023-01-19 21:16:09,963 [pool-140-thread-1] INFO  server.RaftServer$Division (ServerState.java:<init>(118)) - 9f11bae2-70d6-4c19-b175-54f3bf2a6776@group-A72CCB8DF3AB: ConfigurationManager, init=-1: peers:[466e37ce-bab8-43e3-8861-d2a29ea05bd5|rpc:10.1.0.40:42247|dataStream:10.1.0.40:46349|priority:0|startupRole:FOLLOWER, 9f11bae2-70d6-4c19-b175-54f3bf2a6776|rpc:10.1.0.40:41965|dataStream:10.1.0.40:33671|priority:0|startupRole:FOLLOWER, 644b7e96-e81f-4c38-853b-c70c4b8809a7|rpc:10.1.0.40:34945|dataStream:10.1.0.40:33363|priority:1|startupRole:FOLLOWER]|listeners:[], old=null, confs=<EMPTY_MAP>
2023-01-19 21:16:09,963 [pool-140-thread-1] INFO  server.RaftServerConfigKeys (ConfUtils.java:logGet(46)) - raft.server.storage.dir = [/home/runner/work/ozone/ozone/hadoop-ozone/integration-test/target/test-dir/MiniOzoneClusterImpl-df602b49-e577-4a1d-ae00-d896acd8b89d/datanode-3/data/ratis] (custom)
2023-01-19 21:16:09,963 [pool-140-thread-1] INFO  server.RaftServerConfigKeys (ConfUtils.java:logGet(46)) - raft.server.log.corruption.policy = EXCEPTION (default)
2023-01-19 21:16:09,963 [pool-140-thread-1] INFO  server.RaftServerConfigKeys (ConfUtils.java:logGet(46)) - raft.server.storage.free-space.min = 0MB (=0) (default)
2023-01-19 21:16:09,963 [pool-140-thread-1] INFO  server.RaftServerConfigKeys (ConfUtils.java:logGet(46)) - raft.server.notification.no-leader.timeout = 300s (custom)
2023-01-19 21:16:09,963 [pool-140-thread-1] INFO  server.RaftServerConfigKeys (ConfUtils.java:logGet(46)) - raft.server.retrycache.expirytime = 600000ms (custom)
2023-01-19 21:16:09,963 [pool-140-thread-1] INFO  server.RaftServerConfigKeys (ConfUtils.java:logGet(46)) - raft.server.retrycache.statistics.expirytime = 100μs (default)
2023-01-19 21:16:09,964 [pool-140-thread-1] INFO  server.RaftServerConfigKeys (ConfUtils.java:logGet(46)) - raft.server.log.appender.install.snapshot.enabled = false (custom)
2023-01-19 21:16:09,964 [pool-140-thread-1] INFO  server.RaftServerConfigKeys (ConfUtils.java:logGet(46)) - raft.server.threadpool.server.cached = true (default)
2023-01-19 21:16:09,964 [pool-140-thread-1] INFO  server.RaftServerConfigKeys (ConfUtils.java:logGet(46)) - raft.server.threadpool.server.size = 0 (default)
2023-01-19 21:16:09,964 [pool-140-thread-1] INFO  server.RaftServerConfigKeys (ConfUtils.java:logGet(46)) - raft.server.threadpool.client.cached = true (default)
2023-01-19 21:16:09,964 [pool-140-thread-1] INFO  server.RaftServerConfigKeys (ConfUtils.java:logGet(46)) - raft.server.threadpool.client.size = 0 (default)
2023-01-19 21:16:09,965 [pool-140-thread-1] INFO  storage.RaftStorageDirectory (RaftStorageDirectoryImpl.java:analyzeStorage(137)) - The storage directory /home/runner/work/ozone/ozone/hadoop-ozone/integration-test/target/test-dir/MiniOzoneClusterImpl-df602b49-e577-4a1d-ae00-d896acd8b89d/datanode-3/data/ratis/14d5e24b-4caa-4e9f-b256-a72ccb8df3ab does not exist. Creating ...
2023-01-19 21:16:09,968 [pool-140-thread-1] INFO  storage.RaftStorageDirectory (RaftStorageDirectoryImpl.java:tryLock(231)) - Lock on /home/runner/work/ozone/ozone/hadoop-ozone/integration-test/target/test-dir/MiniOzoneClusterImpl-df602b49-e577-4a1d-ae00-d896acd8b89d/datanode-3/data/ratis/14d5e24b-4caa-4e9f-b256-a72ccb8df3ab/in_use.lock acquired by nodename 36349@fv-az353-460
2023-01-19 21:16:09,969 [pool-140-thread-1] INFO  storage.RaftStorage (RaftStorageImpl.java:format(96)) - Storage directory /home/runner/work/ozone/ozone/hadoop-ozone/integration-test/target/test-dir/MiniOzoneClusterImpl-df602b49-e577-4a1d-ae00-d896acd8b89d/datanode-3/data/ratis/14d5e24b-4caa-4e9f-b256-a72ccb8df3ab has been successfully formatted.
2023-01-19 21:16:09,970 [pool-140-thread-1] INFO  ratis.ContainerStateMachine (ContainerStateMachine.java:loadSnapshot(240)) - group-A72CCB8DF3AB: The snapshot info is null. Setting the last applied indexto:(t:0, i:~)
2023-01-19 21:16:09,970 [pool-140-thread-1] INFO  server.RaftServerConfigKeys (ConfUtils.java:logGet(46)) - raft.server.log.use.memory = false (default)
2023-01-19 21:16:09,970 [pool-140-thread-1] INFO  server.RaftServerConfigKeys (ConfUtils.java:logGet(46)) - raft.server.log.purge.gap = 1000000 (custom)
2023-01-19 21:16:09,970 [pool-140-thread-1] INFO  server.RaftServerConfigKeys (ConfUtils.java:logGet(46)) - raft.server.log.appender.buffer.byte-limit = 33554432 (custom)
2023-01-19 21:16:09,970 [pool-140-thread-1] INFO  server.RaftServerConfigKeys (ConfUtils.java:logGet(46)) - raft.server.log.statemachine.data.read.timeout = 1000ms (default)
2023-01-19 21:16:09,970 [pool-140-thread-1] INFO  server.RaftServerConfigKeys (ConfUtils.java:logGet(46)) - raft.server.log.purge.preservation.log.num = 0 (default)
2023-01-19 21:16:09,970 [pool-140-thread-1] INFO  server.RaftServerConfigKeys (ConfUtils.java:logGet(46)) - raft.server.log.segment.size.max = 1048576 (custom)
2023-01-19 21:16:09,971 [pool-140-thread-1] INFO  server.RaftServerConfigKeys (ConfUtils.java:logGet(46)) - raft.server.log.segment.cache.num.max = 2 (custom)
2023-01-19 21:16:09,971 [pool-140-thread-1] INFO  server.RaftServerConfigKeys (ConfUtils.java:logGet(46)) - raft.server.log.segment.cache.size.max = 200MB (=209715200) (default)
2023-01-19 21:16:09,971 [pool-140-thread-1] INFO  segmented.SegmentedRaftLogWorker (SegmentedRaftLogWorker.java:<init>(189)) - new 9f11bae2-70d6-4c19-b175-54f3bf2a6776@group-A72CCB8DF3AB-SegmentedRaftLogWorker for RaftStorageImpl:Storage Directory /home/runner/work/ozone/ozone/hadoop-ozone/integration-test/target/test-dir/MiniOzoneClusterImpl-df602b49-e577-4a1d-ae00-d896acd8b89d/datanode-3/data/ratis/14d5e24b-4caa-4e9f-b256-a72ccb8df3ab
2023-01-19 21:16:09,971 [pool-140-thread-1] INFO  server.RaftServerConfigKeys (ConfUtils.java:logGet(46)) - raft.server.log.queue.byte-limit = 4294967296 (custom)
2023-01-19 21:16:09,971 [pool-140-thread-1] INFO  server.RaftServerConfigKeys (ConfUtils.java:logGet(46)) - raft.server.log.queue.element-limit = 1024 (custom)
2023-01-19 21:16:09,971 [pool-140-thread-1] INFO  server.RaftServerConfigKeys (ConfUtils.java:logGet(46)) - raft.server.log.segment.size.max = 1048576 (custom)
2023-01-19 21:16:09,971 [pool-140-thread-1] INFO  server.RaftServerConfigKeys (ConfUtils.java:logGet(46)) - raft.server.log.preallocated.size = 16384 (custom)
2023-01-19 21:16:09,971 [pool-140-thread-1] INFO  server.RaftServerConfigKeys (ConfUtils.java:logGet(46)) - raft.server.log.force.sync.num = 128 (default)
2023-01-19 21:16:09,971 [pool-140-thread-1] INFO  server.RaftServerConfigKeys (ConfUtils.java:logGet(46)) - raft.server.log.statemachine.data.sync = true (default)
2023-01-19 21:16:09,971 [pool-140-thread-1] INFO  server.RaftServerConfigKeys (ConfUtils.java:logGet(46)) - raft.server.log.statemachine.data.sync.timeout = 10s (default)
2023-01-19 21:16:09,971 [pool-140-thread-1] INFO  server.RaftServerConfigKeys (ConfUtils.java:logGet(46)) - raft.server.log.statemachine.data.sync.timeout.retry = -1 (default)
2023-01-19 21:16:09,972 [pool-140-thread-1] INFO  server.RaftServerConfigKeys (ConfUtils.java:logGet(46)) - raft.server.log.write.buffer.size = 1048576 (custom)
2023-01-19 21:16:09,972 [pool-140-thread-1] INFO  server.RaftServerConfigKeys (ConfUtils.java:logGet(46)) - raft.server.log.appender.buffer.byte-limit = 33554432 (custom)
2023-01-19 21:16:09,978 [pool-140-thread-1] INFO  server.RaftServerConfigKeys (ConfUtils.java:logGet(46)) - raft.server.log.unsafe-flush.enabled = false (default)
2023-01-19 21:16:09,978 [pool-140-thread-1] INFO  server.RaftServerConfigKeys (ConfUtils.java:logGet(46)) - raft.server.log.async-flush.enabled = false (default)
2023-01-19 21:16:09,978 [pool-140-thread-1] INFO  server.RaftServerConfigKeys (ConfUtils.java:logGet(46)) - raft.server.log.statemachine.data.caching.enabled = true (custom)
2023-01-19 21:16:09,978 [pool-140-thread-1] INFO  segmented.SegmentedRaftLogWorker (SegmentedRaftLogWorker.java:lambda$new$0(135)) - 9f11bae2-70d6-4c19-b175-54f3bf2a6776@group-A72CCB8DF3AB-SegmentedRaftLogWorker: flushIndex: setUnconditionally 0 -> -1
2023-01-19 21:16:09,978 [pool-140-thread-1] INFO  segmented.SegmentedRaftLogWorker (SegmentedRaftLogWorker.java:lambda$new$0(135)) - 9f11bae2-70d6-4c19-b175-54f3bf2a6776@group-A72CCB8DF3AB-SegmentedRaftLogWorker: safeCacheEvictIndex: setUnconditionally 0 -> -1
2023-01-19 21:16:09,979 [pool-140-thread-1] INFO  server.RaftServer$Division (RaftServerImpl.java:start(334)) - 9f11bae2-70d6-4c19-b175-54f3bf2a6776@group-A72CCB8DF3AB: start as a follower, conf=-1: peers:[466e37ce-bab8-43e3-8861-d2a29ea05bd5|rpc:10.1.0.40:42247|dataStream:10.1.0.40:46349|priority:0|startupRole:FOLLOWER, 9f11bae2-70d6-4c19-b175-54f3bf2a6776|rpc:10.1.0.40:41965|dataStream:10.1.0.40:33671|priority:0|startupRole:FOLLOWER, 644b7e96-e81f-4c38-853b-c70c4b8809a7|rpc:10.1.0.40:34945|dataStream:10.1.0.40:33363|priority:1|startupRole:FOLLOWER]|listeners:[], old=null
2023-01-19 21:16:09,979 [pool-140-thread-1] INFO  server.RaftServer$Division (RaftServerImpl.java:setRole(321)) - 9f11bae2-70d6-4c19-b175-54f3bf2a6776@group-A72CCB8DF3AB: changes role from      null to FOLLOWER at term 0 for startAsFollower
2023-01-19 21:16:09,979 [pool-140-thread-1] INFO  impl.RoleInfo (RoleInfo.java:updateAndGet(139)) - 9f11bae2-70d6-4c19-b175-54f3bf2a6776: start 9f11bae2-70d6-4c19-b175-54f3bf2a6776@group-A72CCB8DF3AB-FollowerState
2023-01-19 21:16:09,979 [pool-140-thread-1] INFO  util.JmxRegister (JmxRegister.java:tryRegister(44)) - Successfully registered JMX Bean with object name Ratis:service=RaftServer,group=group-A72CCB8DF3AB,id=9f11bae2-70d6-4c19-b175-54f3bf2a6776
2023-01-19 21:16:09,979 [pool-140-thread-1] INFO  server.RaftServerConfigKeys (ConfUtils.java:logGet(46)) - raft.server.snapshot.auto.trigger.enabled = true (custom)
2023-01-19 21:16:09,980 [pool-140-thread-1] INFO  server.RaftServerConfigKeys (ConfUtils.java:logGet(46)) - raft.server.snapshot.auto.trigger.threshold = 10000 (custom)
2023-01-19 21:16:09,980 [pool-140-thread-1] INFO  server.RaftServerConfigKeys (ConfUtils.java:logGet(46)) - raft.server.snapshot.retention.file.num = 5 (custom)
2023-01-19 21:16:09,980 [pool-140-thread-1] INFO  server.RaftServerConfigKeys (ConfUtils.java:logGet(46)) - raft.server.log.purge.upto.snapshot.index = false (default)
2023-01-19 21:16:09,980 [9f11bae2-70d6-4c19-b175-54f3bf2a6776@group-A72CCB8DF3AB-FollowerState] INFO  server.RaftServerConfigKeys (ConfUtils.java:logFallback(53)) - raft.server.rpc.first-election.timeout.min = 5s (fallback to raft.server.rpc.timeout.min)
2023-01-19 21:16:09,982 [EventQueue-OpenPipelineForHealthyPipelineSafeModeRule] INFO  safemode.SCMSafeModeManager (HealthyPipelineSafeModeRule.java:process(137)) - SCM in safe mode. Healthy pipelines reported count is 0, required healthy pipeline reported count is 1
2023-01-19 21:16:09,980 [Command processor thread] INFO  ratis.XceiverServerRatis (XceiverServerRatis.java:addGroup(806)) - Created group PipelineID=14d5e24b-4caa-4e9f-b256-a72ccb8df3ab
2023-01-19 21:16:09,983 [9f11bae2-70d6-4c19-b175-54f3bf2a6776@group-A72CCB8DF3AB-FollowerState] INFO  server.RaftServerConfigKeys (ConfUtils.java:logFallback(53)) - raft.server.rpc.first-election.timeout.max = 5200ms (fallback to raft.server.rpc.timeout.max)
2023-01-19 21:16:10,004 [Command processor thread] INFO  commandhandler.CreatePipelineCommandHandler (CreatePipelineCommandHandler.java:handle(113)) - Created Pipeline RATIS THREE PipelineID=0f330282-c4e0-4290-9122-d221e0d2d972.
2023-01-19 21:16:10,005 [grpc-default-executor-1] INFO  server.RaftServer (RaftServerProxy.java:addNew(96)) - 466e37ce-bab8-43e3-8861-d2a29ea05bd5: addNew group-A72CCB8DF3AB:[466e37ce-bab8-43e3-8861-d2a29ea05bd5|rpc:10.1.0.40:42247|dataStream:10.1.0.40:46349|priority:0|startupRole:FOLLOWER, 9f11bae2-70d6-4c19-b175-54f3bf2a6776|rpc:10.1.0.40:41965|dataStream:10.1.0.40:33671|priority:0|startupRole:FOLLOWER, 644b7e96-e81f-4c38-853b-c70c4b8809a7|rpc:10.1.0.40:34945|dataStream:10.1.0.40:33363|priority:1|startupRole:FOLLOWER] returns group-A72CCB8DF3AB:java.util.concurrent.CompletableFuture@4c9c04ca[Not completed]
2023-01-19 21:16:10,006 [Listener at 127.0.0.1/34089] INFO  ozone.MiniOzoneClusterImpl (MiniOzoneClusterImpl.java:lambda$waitForClusterToBeReady$0(218)) - Nodes are ready. Got 7 of 7 DN Heartbeats.
2023-01-19 21:16:10,006 [Listener at 127.0.0.1/34089] INFO  ozone.MiniOzoneClusterImpl (MiniOzoneClusterImpl.java:lambda$waitForClusterToBeReady$0(221)) - Waiting for cluster to exit safe mode
2023-01-19 21:16:10,006 [Listener at 127.0.0.1/34089] INFO  ozone.MiniOzoneClusterImpl (MiniOzoneClusterImpl.java:lambda$waitForClusterToBeReady$0(223)) - SCM became leader
2023-01-19 21:16:10,008 [pool-186-thread-1] INFO  server.RaftServer$Division (RaftServerImpl.java:<init>(195)) - 466e37ce-bab8-43e3-8861-d2a29ea05bd5: new RaftServerImpl for group-A72CCB8DF3AB:[466e37ce-bab8-43e3-8861-d2a29ea05bd5|rpc:10.1.0.40:42247|dataStream:10.1.0.40:46349|priority:0|startupRole:FOLLOWER, 9f11bae2-70d6-4c19-b175-54f3bf2a6776|rpc:10.1.0.40:41965|dataStream:10.1.0.40:33671|priority:0|startupRole:FOLLOWER, 644b7e96-e81f-4c38-853b-c70c4b8809a7|rpc:10.1.0.40:34945|dataStream:10.1.0.40:33363|priority:1|startupRole:FOLLOWER] with ContainerStateMachine:uninitialized
2023-01-19 21:16:10,010 [pool-186-thread-1] INFO  server.RaftServerConfigKeys (ConfUtils.java:logGet(46)) - raft.server.rpc.timeout.min = 5s (custom)
2023-01-19 21:16:10,010 [pool-186-thread-1] INFO  server.RaftServerConfigKeys (ConfUtils.java:logGet(46)) - raft.server.rpc.timeout.max = 5200ms (custom)
2023-01-19 21:16:10,010 [pool-186-thread-1] INFO  server.RaftServerConfigKeys (ConfUtils.java:logGet(46)) - raft.server.rpc.sleep.time = 25ms (default)
2023-01-19 21:16:10,010 [pool-186-thread-1] INFO  server.RaftServerConfigKeys (ConfUtils.java:logGet(46)) - raft.server.rpc.slowness.timeout = 300s (custom)
2023-01-19 21:16:10,010 [pool-186-thread-1] INFO  server.RaftServerConfigKeys (ConfUtils.java:logGet(46)) - raft.server.leaderelection.leader.step-down.wait-time = 10s (default)
2023-01-19 21:16:10,010 [pool-186-thread-1] INFO  server.RaftServerConfigKeys (ConfUtils.java:logGet(46)) - raft.server.sleep.deviation.threshold = 300ms (default)
2023-01-19 21:16:10,010 [pool-186-thread-1] INFO  server.RaftServer$Division (ServerState.java:<init>(118)) - 466e37ce-bab8-43e3-8861-d2a29ea05bd5@group-A72CCB8DF3AB: ConfigurationManager, init=-1: peers:[466e37ce-bab8-43e3-8861-d2a29ea05bd5|rpc:10.1.0.40:42247|dataStream:10.1.0.40:46349|priority:0|startupRole:FOLLOWER, 9f11bae2-70d6-4c19-b175-54f3bf2a6776|rpc:10.1.0.40:41965|dataStream:10.1.0.40:33671|priority:0|startupRole:FOLLOWER, 644b7e96-e81f-4c38-853b-c70c4b8809a7|rpc:10.1.0.40:34945|dataStream:10.1.0.40:33363|priority:1|startupRole:FOLLOWER]|listeners:[], old=null, confs=<EMPTY_MAP>
2023-01-19 21:16:10,011 [pool-186-thread-1] INFO  server.RaftServerConfigKeys (ConfUtils.java:logGet(46)) - raft.server.storage.dir = [/home/runner/work/ozone/ozone/hadoop-ozone/integration-test/target/test-dir/MiniOzoneClusterImpl-df602b49-e577-4a1d-ae00-d896acd8b89d/datanode-5/data/ratis] (custom)
2023-01-19 21:16:10,011 [pool-186-thread-1] INFO  server.RaftServerConfigKeys (ConfUtils.java:logGet(46)) - raft.server.log.corruption.policy = EXCEPTION (default)
2023-01-19 21:16:10,011 [pool-186-thread-1] INFO  server.RaftServerConfigKeys (ConfUtils.java:logGet(46)) - raft.server.storage.free-space.min = 0MB (=0) (default)
2023-01-19 21:16:10,011 [pool-186-thread-1] INFO  server.RaftServerConfigKeys (ConfUtils.java:logGet(46)) - raft.server.notification.no-leader.timeout = 300s (custom)
2023-01-19 21:16:10,011 [pool-186-thread-1] INFO  server.RaftServerConfigKeys (ConfUtils.java:logGet(46)) - raft.server.retrycache.expirytime = 600000ms (custom)
2023-01-19 21:16:10,011 [pool-186-thread-1] INFO  server.RaftServerConfigKeys (ConfUtils.java:logGet(46)) - raft.server.retrycache.statistics.expirytime = 100μs (default)
2023-01-19 21:16:10,017 [pool-186-thread-1] INFO  server.RaftServerConfigKeys (ConfUtils.java:logGet(46)) - raft.server.log.appender.install.snapshot.enabled = false (custom)
2023-01-19 21:16:10,017 [pool-186-thread-1] INFO  server.RaftServerConfigKeys (ConfUtils.java:logGet(46)) - raft.server.threadpool.server.cached = true (default)
2023-01-19 21:16:10,017 [pool-186-thread-1] INFO  server.RaftServerConfigKeys (ConfUtils.java:logGet(46)) - raft.server.threadpool.server.size = 0 (default)
2023-01-19 21:16:10,017 [pool-186-thread-1] INFO  server.RaftServerConfigKeys (ConfUtils.java:logGet(46)) - raft.server.threadpool.client.cached = true (default)
2023-01-19 21:16:10,017 [pool-186-thread-1] INFO  server.RaftServerConfigKeys (ConfUtils.java:logGet(46)) - raft.server.threadpool.client.size = 0 (default)
2023-01-19 21:16:10,017 [pool-186-thread-1] INFO  storage.RaftStorageDirectory (RaftStorageDirectoryImpl.java:analyzeStorage(137)) - The storage directory /home/runner/work/ozone/ozone/hadoop-ozone/integration-test/target/test-dir/MiniOzoneClusterImpl-df602b49-e577-4a1d-ae00-d896acd8b89d/datanode-5/data/ratis/14d5e24b-4caa-4e9f-b256-a72ccb8df3ab does not exist. Creating ...
2023-01-19 21:16:10,019 [pool-186-thread-1] INFO  storage.RaftStorageDirectory (RaftStorageDirectoryImpl.java:tryLock(231)) - Lock on /home/runner/work/ozone/ozone/hadoop-ozone/integration-test/target/test-dir/MiniOzoneClusterImpl-df602b49-e577-4a1d-ae00-d896acd8b89d/datanode-5/data/ratis/14d5e24b-4caa-4e9f-b256-a72ccb8df3ab/in_use.lock acquired by nodename 36349@fv-az353-460
2023-01-19 21:16:10,020 [pool-186-thread-1] INFO  storage.RaftStorage (RaftStorageImpl.java:format(96)) - Storage directory /home/runner/work/ozone/ozone/hadoop-ozone/integration-test/target/test-dir/MiniOzoneClusterImpl-df602b49-e577-4a1d-ae00-d896acd8b89d/datanode-5/data/ratis/14d5e24b-4caa-4e9f-b256-a72ccb8df3ab has been successfully formatted.
2023-01-19 21:16:10,021 [pool-186-thread-1] INFO  ratis.ContainerStateMachine (ContainerStateMachine.java:loadSnapshot(240)) - group-A72CCB8DF3AB: The snapshot info is null. Setting the last applied indexto:(t:0, i:~)
2023-01-19 21:16:10,022 [pool-186-thread-1] INFO  server.RaftServerConfigKeys (ConfUtils.java:logGet(46)) - raft.server.log.use.memory = false (default)
2023-01-19 21:16:10,023 [pool-186-thread-1] INFO  server.RaftServerConfigKeys (ConfUtils.java:logGet(46)) - raft.server.log.purge.gap = 1000000 (custom)
2023-01-19 21:16:10,024 [pool-186-thread-1] INFO  server.RaftServerConfigKeys (ConfUtils.java:logGet(46)) - raft.server.log.appender.buffer.byte-limit = 33554432 (custom)
2023-01-19 21:16:10,024 [pool-186-thread-1] INFO  server.RaftServerConfigKeys (ConfUtils.java:logGet(46)) - raft.server.log.statemachine.data.read.timeout = 1000ms (default)
2023-01-19 21:16:10,024 [pool-186-thread-1] INFO  server.RaftServerConfigKeys (ConfUtils.java:logGet(46)) - raft.server.log.purge.preservation.log.num = 0 (default)
2023-01-19 21:16:10,024 [pool-186-thread-1] INFO  server.RaftServerConfigKeys (ConfUtils.java:logGet(46)) - raft.server.log.segment.size.max = 1048576 (custom)
2023-01-19 21:16:10,025 [pool-186-thread-1] INFO  server.RaftServerConfigKeys (ConfUtils.java:logGet(46)) - raft.server.log.segment.cache.num.max = 2 (custom)
2023-01-19 21:16:10,025 [pool-186-thread-1] INFO  server.RaftServerConfigKeys (ConfUtils.java:logGet(46)) - raft.server.log.segment.cache.size.max = 200MB (=209715200) (default)
2023-01-19 21:16:10,025 [pool-186-thread-1] INFO  segmented.SegmentedRaftLogWorker (SegmentedRaftLogWorker.java:<init>(189)) - new 466e37ce-bab8-43e3-8861-d2a29ea05bd5@group-A72CCB8DF3AB-SegmentedRaftLogWorker for RaftStorageImpl:Storage Directory /home/runner/work/ozone/ozone/hadoop-ozone/integration-test/target/test-dir/MiniOzoneClusterImpl-df602b49-e577-4a1d-ae00-d896acd8b89d/datanode-5/data/ratis/14d5e24b-4caa-4e9f-b256-a72ccb8df3ab
2023-01-19 21:16:10,025 [pool-186-thread-1] INFO  server.RaftServerConfigKeys (ConfUtils.java:logGet(46)) - raft.server.log.queue.byte-limit = 4294967296 (custom)
2023-01-19 21:16:10,025 [pool-186-thread-1] INFO  server.RaftServerConfigKeys (ConfUtils.java:logGet(46)) - raft.server.log.queue.element-limit = 1024 (custom)
2023-01-19 21:16:10,025 [pool-186-thread-1] INFO  server.RaftServerConfigKeys (ConfUtils.java:logGet(46)) - raft.server.log.segment.size.max = 1048576 (custom)
2023-01-19 21:16:10,025 [pool-186-thread-1] INFO  server.RaftServerConfigKeys (ConfUtils.java:logGet(46)) - raft.server.log.preallocated.size = 16384 (custom)
2023-01-19 21:16:10,025 [pool-186-thread-1] INFO  server.RaftServerConfigKeys (ConfUtils.java:logGet(46)) - raft.server.log.force.sync.num = 128 (default)
2023-01-19 21:16:10,025 [pool-186-thread-1] INFO  server.RaftServerConfigKeys (ConfUtils.java:logGet(46)) - raft.server.log.statemachine.data.sync = true (default)
2023-01-19 21:16:10,025 [pool-186-thread-1] INFO  server.RaftServerConfigKeys (ConfUtils.java:logGet(46)) - raft.server.log.statemachine.data.sync.timeout = 10s (default)
2023-01-19 21:16:10,025 [pool-186-thread-1] INFO  server.RaftServerConfigKeys (ConfUtils.java:logGet(46)) - raft.server.log.statemachine.data.sync.timeout.retry = -1 (default)
2023-01-19 21:16:10,026 [pool-186-thread-1] INFO  server.RaftServerConfigKeys (ConfUtils.java:logGet(46)) - raft.server.log.write.buffer.size = 1048576 (custom)
2023-01-19 21:16:10,027 [pool-186-thread-1] INFO  server.RaftServerConfigKeys (ConfUtils.java:logGet(46)) - raft.server.log.appender.buffer.byte-limit = 33554432 (custom)
2023-01-19 21:16:10,033 [pool-186-thread-1] INFO  server.RaftServerConfigKeys (ConfUtils.java:logGet(46)) - raft.server.log.unsafe-flush.enabled = false (default)
2023-01-19 21:16:10,033 [pool-186-thread-1] INFO  server.RaftServerConfigKeys (ConfUtils.java:logGet(46)) - raft.server.log.async-flush.enabled = false (default)
2023-01-19 21:16:10,033 [pool-186-thread-1] INFO  server.RaftServerConfigKeys (ConfUtils.java:logGet(46)) - raft.server.log.statemachine.data.caching.enabled = true (custom)
2023-01-19 21:16:10,033 [pool-186-thread-1] INFO  segmented.SegmentedRaftLogWorker (SegmentedRaftLogWorker.java:lambda$new$0(135)) - 466e37ce-bab8-43e3-8861-d2a29ea05bd5@group-A72CCB8DF3AB-SegmentedRaftLogWorker: flushIndex: setUnconditionally 0 -> -1
2023-01-19 21:16:10,034 [pool-186-thread-1] INFO  segmented.SegmentedRaftLogWorker (SegmentedRaftLogWorker.java:lambda$new$0(135)) - 466e37ce-bab8-43e3-8861-d2a29ea05bd5@group-A72CCB8DF3AB-SegmentedRaftLogWorker: safeCacheEvictIndex: setUnconditionally 0 -> -1
2023-01-19 21:16:10,034 [pool-186-thread-1] INFO  server.RaftServer$Division (RaftServerImpl.java:start(334)) - 466e37ce-bab8-43e3-8861-d2a29ea05bd5@group-A72CCB8DF3AB: start as a follower, conf=-1: peers:[466e37ce-bab8-43e3-8861-d2a29ea05bd5|rpc:10.1.0.40:42247|dataStream:10.1.0.40:46349|priority:0|startupRole:FOLLOWER, 9f11bae2-70d6-4c19-b175-54f3bf2a6776|rpc:10.1.0.40:41965|dataStream:10.1.0.40:33671|priority:0|startupRole:FOLLOWER, 644b7e96-e81f-4c38-853b-c70c4b8809a7|rpc:10.1.0.40:34945|dataStream:10.1.0.40:33363|priority:1|startupRole:FOLLOWER]|listeners:[], old=null
2023-01-19 21:16:10,035 [pool-186-thread-1] INFO  server.RaftServer$Division (RaftServerImpl.java:setRole(321)) - 466e37ce-bab8-43e3-8861-d2a29ea05bd5@group-A72CCB8DF3AB: changes role from      null to FOLLOWER at term 0 for startAsFollower
2023-01-19 21:16:10,035 [pool-186-thread-1] INFO  impl.RoleInfo (RoleInfo.java:updateAndGet(139)) - 466e37ce-bab8-43e3-8861-d2a29ea05bd5: start 466e37ce-bab8-43e3-8861-d2a29ea05bd5@group-A72CCB8DF3AB-FollowerState
2023-01-19 21:16:10,035 [466e37ce-bab8-43e3-8861-d2a29ea05bd5@group-A72CCB8DF3AB-FollowerState] INFO  server.RaftServerConfigKeys (ConfUtils.java:logFallback(53)) - raft.server.rpc.first-election.timeout.min = 5s (fallback to raft.server.rpc.timeout.min)
2023-01-19 21:16:10,035 [pool-186-thread-1] INFO  util.JmxRegister (JmxRegister.java:tryRegister(44)) - Successfully registered JMX Bean with object name Ratis:service=RaftServer,group=group-A72CCB8DF3AB,id=466e37ce-bab8-43e3-8861-d2a29ea05bd5
2023-01-19 21:16:10,038 [466e37ce-bab8-43e3-8861-d2a29ea05bd5@group-A72CCB8DF3AB-FollowerState] INFO  server.RaftServerConfigKeys (ConfUtils.java:logFallback(53)) - raft.server.rpc.first-election.timeout.max = 5200ms (fallback to raft.server.rpc.timeout.max)
2023-01-19 21:16:10,038 [pool-186-thread-1] INFO  server.RaftServerConfigKeys (ConfUtils.java:logGet(46)) - raft.server.snapshot.auto.trigger.enabled = true (custom)
2023-01-19 21:16:10,039 [pool-186-thread-1] INFO  server.RaftServerConfigKeys (ConfUtils.java:logGet(46)) - raft.server.snapshot.auto.trigger.threshold = 10000 (custom)
2023-01-19 21:16:10,039 [pool-186-thread-1] INFO  server.RaftServerConfigKeys (ConfUtils.java:logGet(46)) - raft.server.snapshot.retention.file.num = 5 (custom)
2023-01-19 21:16:10,039 [pool-186-thread-1] INFO  server.RaftServerConfigKeys (ConfUtils.java:logGet(46)) - raft.server.log.purge.upto.snapshot.index = false (default)
2023-01-19 21:16:10,083 [grpc-default-executor-1] INFO  server.RaftServer (RaftServerProxy.java:addNew(96)) - 644b7e96-e81f-4c38-853b-c70c4b8809a7: addNew group-A72CCB8DF3AB:[466e37ce-bab8-43e3-8861-d2a29ea05bd5|rpc:10.1.0.40:42247|dataStream:10.1.0.40:46349|priority:0|startupRole:FOLLOWER, 9f11bae2-70d6-4c19-b175-54f3bf2a6776|rpc:10.1.0.40:41965|dataStream:10.1.0.40:33671|priority:0|startupRole:FOLLOWER, 644b7e96-e81f-4c38-853b-c70c4b8809a7|rpc:10.1.0.40:34945|dataStream:10.1.0.40:33363|priority:1|startupRole:FOLLOWER] returns group-A72CCB8DF3AB:java.util.concurrent.CompletableFuture@c4aa2fc[Not completed]
2023-01-19 21:16:10,085 [pool-163-thread-1] INFO  server.RaftServer$Division (RaftServerImpl.java:<init>(195)) - 644b7e96-e81f-4c38-853b-c70c4b8809a7: new RaftServerImpl for group-A72CCB8DF3AB:[466e37ce-bab8-43e3-8861-d2a29ea05bd5|rpc:10.1.0.40:42247|dataStream:10.1.0.40:46349|priority:0|startupRole:FOLLOWER, 9f11bae2-70d6-4c19-b175-54f3bf2a6776|rpc:10.1.0.40:41965|dataStream:10.1.0.40:33671|priority:0|startupRole:FOLLOWER, 644b7e96-e81f-4c38-853b-c70c4b8809a7|rpc:10.1.0.40:34945|dataStream:10.1.0.40:33363|priority:1|startupRole:FOLLOWER] with ContainerStateMachine:uninitialized
2023-01-19 21:16:10,085 [pool-163-thread-1] INFO  server.RaftServerConfigKeys (ConfUtils.java:logGet(46)) - raft.server.rpc.timeout.min = 5s (custom)
2023-01-19 21:16:10,085 [pool-163-thread-1] INFO  server.RaftServerConfigKeys (ConfUtils.java:logGet(46)) - raft.server.rpc.timeout.max = 5200ms (custom)
2023-01-19 21:16:10,085 [pool-163-thread-1] INFO  server.RaftServerConfigKeys (ConfUtils.java:logGet(46)) - raft.server.rpc.sleep.time = 25ms (default)
2023-01-19 21:16:10,086 [pool-163-thread-1] INFO  server.RaftServerConfigKeys (ConfUtils.java:logGet(46)) - raft.server.rpc.slowness.timeout = 300s (custom)
2023-01-19 21:16:10,086 [pool-163-thread-1] INFO  server.RaftServerConfigKeys (ConfUtils.java:logGet(46)) - raft.server.leaderelection.leader.step-down.wait-time = 10s (default)
2023-01-19 21:16:10,086 [pool-163-thread-1] INFO  server.RaftServerConfigKeys (ConfUtils.java:logGet(46)) - raft.server.sleep.deviation.threshold = 300ms (default)
2023-01-19 21:16:10,086 [pool-163-thread-1] INFO  server.RaftServer$Division (ServerState.java:<init>(118)) - 644b7e96-e81f-4c38-853b-c70c4b8809a7@group-A72CCB8DF3AB: ConfigurationManager, init=-1: peers:[466e37ce-bab8-43e3-8861-d2a29ea05bd5|rpc:10.1.0.40:42247|dataStream:10.1.0.40:46349|priority:0|startupRole:FOLLOWER, 9f11bae2-70d6-4c19-b175-54f3bf2a6776|rpc:10.1.0.40:41965|dataStream:10.1.0.40:33671|priority:0|startupRole:FOLLOWER, 644b7e96-e81f-4c38-853b-c70c4b8809a7|rpc:10.1.0.40:34945|dataStream:10.1.0.40:33363|priority:1|startupRole:FOLLOWER]|listeners:[], old=null, confs=<EMPTY_MAP>
2023-01-19 21:16:10,086 [pool-163-thread-1] INFO  server.RaftServerConfigKeys (ConfUtils.java:logGet(46)) - raft.server.storage.dir = [/home/runner/work/ozone/ozone/hadoop-ozone/integration-test/target/test-dir/MiniOzoneClusterImpl-df602b49-e577-4a1d-ae00-d896acd8b89d/datanode-4/data/ratis] (custom)
2023-01-19 21:16:10,087 [pool-163-thread-1] INFO  server.RaftServerConfigKeys (ConfUtils.java:logGet(46)) - raft.server.log.corruption.policy = EXCEPTION (default)
2023-01-19 21:16:10,087 [pool-163-thread-1] INFO  server.RaftServerConfigKeys (ConfUtils.java:logGet(46)) - raft.server.storage.free-space.min = 0MB (=0) (default)
2023-01-19 21:16:10,087 [pool-163-thread-1] INFO  server.RaftServerConfigKeys (ConfUtils.java:logGet(46)) - raft.server.notification.no-leader.timeout = 300s (custom)
2023-01-19 21:16:10,087 [pool-163-thread-1] INFO  server.RaftServerConfigKeys (ConfUtils.java:logGet(46)) - raft.server.retrycache.expirytime = 600000ms (custom)
2023-01-19 21:16:10,087 [pool-163-thread-1] INFO  server.RaftServerConfigKeys (ConfUtils.java:logGet(46)) - raft.server.retrycache.statistics.expirytime = 100μs (default)
2023-01-19 21:16:10,090 [pool-163-thread-1] INFO  server.RaftServerConfigKeys (ConfUtils.java:logGet(46)) - raft.server.log.appender.install.snapshot.enabled = false (custom)
2023-01-19 21:16:10,090 [pool-163-thread-1] INFO  server.RaftServerConfigKeys (ConfUtils.java:logGet(46)) - raft.server.threadpool.server.cached = true (default)
2023-01-19 21:16:10,090 [pool-163-thread-1] INFO  server.RaftServerConfigKeys (ConfUtils.java:logGet(46)) - raft.server.threadpool.server.size = 0 (default)
2023-01-19 21:16:10,090 [pool-163-thread-1] INFO  server.RaftServerConfigKeys (ConfUtils.java:logGet(46)) - raft.server.threadpool.client.cached = true (default)
2023-01-19 21:16:10,090 [pool-163-thread-1] INFO  server.RaftServerConfigKeys (ConfUtils.java:logGet(46)) - raft.server.threadpool.client.size = 0 (default)
2023-01-19 21:16:10,091 [pool-163-thread-1] INFO  storage.RaftStorageDirectory (RaftStorageDirectoryImpl.java:analyzeStorage(137)) - The storage directory /home/runner/work/ozone/ozone/hadoop-ozone/integration-test/target/test-dir/MiniOzoneClusterImpl-df602b49-e577-4a1d-ae00-d896acd8b89d/datanode-4/data/ratis/14d5e24b-4caa-4e9f-b256-a72ccb8df3ab does not exist. Creating ...
2023-01-19 21:16:10,092 [pool-163-thread-1] INFO  storage.RaftStorageDirectory (RaftStorageDirectoryImpl.java:tryLock(231)) - Lock on /home/runner/work/ozone/ozone/hadoop-ozone/integration-test/target/test-dir/MiniOzoneClusterImpl-df602b49-e577-4a1d-ae00-d896acd8b89d/datanode-4/data/ratis/14d5e24b-4caa-4e9f-b256-a72ccb8df3ab/in_use.lock acquired by nodename 36349@fv-az353-460
2023-01-19 21:16:10,094 [pool-163-thread-1] INFO  storage.RaftStorage (RaftStorageImpl.java:format(96)) - Storage directory /home/runner/work/ozone/ozone/hadoop-ozone/integration-test/target/test-dir/MiniOzoneClusterImpl-df602b49-e577-4a1d-ae00-d896acd8b89d/datanode-4/data/ratis/14d5e24b-4caa-4e9f-b256-a72ccb8df3ab has been successfully formatted.
2023-01-19 21:16:10,095 [pool-163-thread-1] INFO  ratis.ContainerStateMachine (ContainerStateMachine.java:loadSnapshot(240)) - group-A72CCB8DF3AB: The snapshot info is null. Setting the last applied indexto:(t:0, i:~)
2023-01-19 21:16:10,095 [pool-163-thread-1] INFO  server.RaftServerConfigKeys (ConfUtils.java:logGet(46)) - raft.server.log.use.memory = false (default)
2023-01-19 21:16:10,095 [pool-163-thread-1] INFO  server.RaftServerConfigKeys (ConfUtils.java:logGet(46)) - raft.server.log.purge.gap = 1000000 (custom)
2023-01-19 21:16:10,101 [pool-163-thread-1] INFO  server.RaftServerConfigKeys (ConfUtils.java:logGet(46)) - raft.server.log.appender.buffer.byte-limit = 33554432 (custom)
2023-01-19 21:16:10,101 [pool-163-thread-1] INFO  server.RaftServerConfigKeys (ConfUtils.java:logGet(46)) - raft.server.log.statemachine.data.read.timeout = 1000ms (default)
2023-01-19 21:16:10,101 [pool-163-thread-1] INFO  server.RaftServerConfigKeys (ConfUtils.java:logGet(46)) - raft.server.log.purge.preservation.log.num = 0 (default)
2023-01-19 21:16:10,102 [pool-163-thread-1] INFO  server.RaftServerConfigKeys (ConfUtils.java:logGet(46)) - raft.server.log.segment.size.max = 1048576 (custom)
2023-01-19 21:16:10,102 [pool-163-thread-1] INFO  server.RaftServerConfigKeys (ConfUtils.java:logGet(46)) - raft.server.log.segment.cache.num.max = 2 (custom)
2023-01-19 21:16:10,102 [pool-163-thread-1] INFO  server.RaftServerConfigKeys (ConfUtils.java:logGet(46)) - raft.server.log.segment.cache.size.max = 200MB (=209715200) (default)
2023-01-19 21:16:10,102 [pool-163-thread-1] INFO  segmented.SegmentedRaftLogWorker (SegmentedRaftLogWorker.java:<init>(189)) - new 644b7e96-e81f-4c38-853b-c70c4b8809a7@group-A72CCB8DF3AB-SegmentedRaftLogWorker for RaftStorageImpl:Storage Directory /home/runner/work/ozone/ozone/hadoop-ozone/integration-test/target/test-dir/MiniOzoneClusterImpl-df602b49-e577-4a1d-ae00-d896acd8b89d/datanode-4/data/ratis/14d5e24b-4caa-4e9f-b256-a72ccb8df3ab
2023-01-19 21:16:10,102 [pool-163-thread-1] INFO  server.RaftServerConfigKeys (ConfUtils.java:logGet(46)) - raft.server.log.queue.byte-limit = 4294967296 (custom)
2023-01-19 21:16:10,102 [pool-163-thread-1] INFO  server.RaftServerConfigKeys (ConfUtils.java:logGet(46)) - raft.server.log.queue.element-limit = 1024 (custom)
2023-01-19 21:16:10,102 [pool-163-thread-1] INFO  server.RaftServerConfigKeys (ConfUtils.java:logGet(46)) - raft.server.log.segment.size.max = 1048576 (custom)
2023-01-19 21:16:10,102 [pool-163-thread-1] INFO  server.RaftServerConfigKeys (ConfUtils.java:logGet(46)) - raft.server.log.preallocated.size = 16384 (custom)
2023-01-19 21:16:10,102 [pool-163-thread-1] INFO  server.RaftServerConfigKeys (ConfUtils.java:logGet(46)) - raft.server.log.force.sync.num = 128 (default)
2023-01-19 21:16:10,102 [pool-163-thread-1] INFO  server.RaftServerConfigKeys (ConfUtils.java:logGet(46)) - raft.server.log.statemachine.data.sync = true (default)
2023-01-19 21:16:10,102 [pool-163-thread-1] INFO  server.RaftServerConfigKeys (ConfUtils.java:logGet(46)) - raft.server.log.statemachine.data.sync.timeout = 10s (default)
2023-01-19 21:16:10,103 [pool-163-thread-1] INFO  server.RaftServerConfigKeys (ConfUtils.java:logGet(46)) - raft.server.log.statemachine.data.sync.timeout.retry = -1 (default)
2023-01-19 21:16:10,104 [pool-163-thread-1] INFO  server.RaftServerConfigKeys (ConfUtils.java:logGet(46)) - raft.server.log.write.buffer.size = 1048576 (custom)
2023-01-19 21:16:10,104 [pool-163-thread-1] INFO  server.RaftServerConfigKeys (ConfUtils.java:logGet(46)) - raft.server.log.appender.buffer.byte-limit = 33554432 (custom)
2023-01-19 21:16:10,109 [pool-163-thread-1] INFO  server.RaftServerConfigKeys (ConfUtils.java:logGet(46)) - raft.server.log.unsafe-flush.enabled = false (default)
2023-01-19 21:16:10,109 [pool-163-thread-1] INFO  server.RaftServerConfigKeys (ConfUtils.java:logGet(46)) - raft.server.log.async-flush.enabled = false (default)
2023-01-19 21:16:10,109 [pool-163-thread-1] INFO  server.RaftServerConfigKeys (ConfUtils.java:logGet(46)) - raft.server.log.statemachine.data.caching.enabled = true (custom)
2023-01-19 21:16:10,110 [pool-163-thread-1] INFO  segmented.SegmentedRaftLogWorker (SegmentedRaftLogWorker.java:lambda$new$0(135)) - 644b7e96-e81f-4c38-853b-c70c4b8809a7@group-A72CCB8DF3AB-SegmentedRaftLogWorker: flushIndex: setUnconditionally 0 -> -1
2023-01-19 21:16:10,110 [pool-163-thread-1] INFO  segmented.SegmentedRaftLogWorker (SegmentedRaftLogWorker.java:lambda$new$0(135)) - 644b7e96-e81f-4c38-853b-c70c4b8809a7@group-A72CCB8DF3AB-SegmentedRaftLogWorker: safeCacheEvictIndex: setUnconditionally 0 -> -1
2023-01-19 21:16:10,110 [pool-163-thread-1] INFO  server.RaftServer$Division (RaftServerImpl.java:start(334)) - 644b7e96-e81f-4c38-853b-c70c4b8809a7@group-A72CCB8DF3AB: start as a follower, conf=-1: peers:[466e37ce-bab8-43e3-8861-d2a29ea05bd5|rpc:10.1.0.40:42247|dataStream:10.1.0.40:46349|priority:0|startupRole:FOLLOWER, 9f11bae2-70d6-4c19-b175-54f3bf2a6776|rpc:10.1.0.40:41965|dataStream:10.1.0.40:33671|priority:0|startupRole:FOLLOWER, 644b7e96-e81f-4c38-853b-c70c4b8809a7|rpc:10.1.0.40:34945|dataStream:10.1.0.40:33363|priority:1|startupRole:FOLLOWER]|listeners:[], old=null
2023-01-19 21:16:10,110 [pool-163-thread-1] INFO  server.RaftServer$Division (RaftServerImpl.java:setRole(321)) - 644b7e96-e81f-4c38-853b-c70c4b8809a7@group-A72CCB8DF3AB: changes role from      null to FOLLOWER at term 0 for startAsFollower
2023-01-19 21:16:10,110 [pool-163-thread-1] INFO  impl.RoleInfo (RoleInfo.java:updateAndGet(139)) - 644b7e96-e81f-4c38-853b-c70c4b8809a7: start 644b7e96-e81f-4c38-853b-c70c4b8809a7@group-A72CCB8DF3AB-FollowerState
2023-01-19 21:16:10,111 [pool-163-thread-1] INFO  util.JmxRegister (JmxRegister.java:tryRegister(44)) - Successfully registered JMX Bean with object name Ratis:service=RaftServer,group=group-A72CCB8DF3AB,id=644b7e96-e81f-4c38-853b-c70c4b8809a7
2023-01-19 21:16:10,112 [pool-163-thread-1] INFO  server.RaftServerConfigKeys (ConfUtils.java:logGet(46)) - raft.server.snapshot.auto.trigger.enabled = true (custom)
2023-01-19 21:16:10,112 [pool-163-thread-1] INFO  server.RaftServerConfigKeys (ConfUtils.java:logGet(46)) - raft.server.snapshot.auto.trigger.threshold = 10000 (custom)
2023-01-19 21:16:10,112 [pool-163-thread-1] INFO  server.RaftServerConfigKeys (ConfUtils.java:logGet(46)) - raft.server.snapshot.retention.file.num = 5 (custom)
2023-01-19 21:16:10,112 [pool-163-thread-1] INFO  server.RaftServerConfigKeys (ConfUtils.java:logGet(46)) - raft.server.log.purge.upto.snapshot.index = false (default)
2023-01-19 21:16:10,112 [644b7e96-e81f-4c38-853b-c70c4b8809a7@group-A72CCB8DF3AB-FollowerState] INFO  server.RaftServerConfigKeys (ConfUtils.java:logFallback(53)) - raft.server.rpc.first-election.timeout.min = 5s (fallback to raft.server.rpc.timeout.min)
2023-01-19 21:16:10,121 [644b7e96-e81f-4c38-853b-c70c4b8809a7@group-A72CCB8DF3AB-FollowerState] INFO  server.RaftServerConfigKeys (ConfUtils.java:logFallback(53)) - raft.server.rpc.first-election.timeout.max = 5200ms (fallback to raft.server.rpc.timeout.max)
2023-01-19 21:16:10,128 [Command processor thread] INFO  commandhandler.CreatePipelineCommandHandler (CreatePipelineCommandHandler.java:handle(113)) - Created Pipeline RATIS THREE PipelineID=14d5e24b-4caa-4e9f-b256-a72ccb8df3ab.
2023-01-19 21:16:10,128 [Command processor thread] INFO  server.RaftServer (RaftServerProxy.java:addNew(96)) - 9f11bae2-70d6-4c19-b175-54f3bf2a6776: addNew group-CC3B4D02D24B:[466e37ce-bab8-43e3-8861-d2a29ea05bd5|rpc:10.1.0.40:42247|dataStream:10.1.0.40:46349|priority:0|startupRole:FOLLOWER, 9f11bae2-70d6-4c19-b175-54f3bf2a6776|rpc:10.1.0.40:41965|dataStream:10.1.0.40:33671|priority:1|startupRole:FOLLOWER, 644b7e96-e81f-4c38-853b-c70c4b8809a7|rpc:10.1.0.40:34945|dataStream:10.1.0.40:33363|priority:0|startupRole:FOLLOWER] returns group-CC3B4D02D24B:java.util.concurrent.CompletableFuture@405012de[Not completed]
2023-01-19 21:16:10,129 [pool-140-thread-1] INFO  server.RaftServer$Division (RaftServerImpl.java:<init>(195)) - 9f11bae2-70d6-4c19-b175-54f3bf2a6776: new RaftServerImpl for group-CC3B4D02D24B:[466e37ce-bab8-43e3-8861-d2a29ea05bd5|rpc:10.1.0.40:42247|dataStream:10.1.0.40:46349|priority:0|startupRole:FOLLOWER, 9f11bae2-70d6-4c19-b175-54f3bf2a6776|rpc:10.1.0.40:41965|dataStream:10.1.0.40:33671|priority:1|startupRole:FOLLOWER, 644b7e96-e81f-4c38-853b-c70c4b8809a7|rpc:10.1.0.40:34945|dataStream:10.1.0.40:33363|priority:0|startupRole:FOLLOWER] with ContainerStateMachine:uninitialized
2023-01-19 21:16:10,129 [pool-140-thread-1] INFO  server.RaftServerConfigKeys (ConfUtils.java:logGet(46)) - raft.server.rpc.timeout.min = 5s (custom)
2023-01-19 21:16:10,129 [pool-140-thread-1] INFO  server.RaftServerConfigKeys (ConfUtils.java:logGet(46)) - raft.server.rpc.timeout.max = 5200ms (custom)
2023-01-19 21:16:10,129 [pool-140-thread-1] INFO  server.RaftServerConfigKeys (ConfUtils.java:logGet(46)) - raft.server.rpc.sleep.time = 25ms (default)
2023-01-19 21:16:10,129 [pool-140-thread-1] INFO  server.RaftServerConfigKeys (ConfUtils.java:logGet(46)) - raft.server.rpc.slowness.timeout = 300s (custom)
2023-01-19 21:16:10,129 [pool-140-thread-1] INFO  server.RaftServerConfigKeys (ConfUtils.java:logGet(46)) - raft.server.leaderelection.leader.step-down.wait-time = 10s (default)
2023-01-19 21:16:10,129 [pool-140-thread-1] INFO  server.RaftServerConfigKeys (ConfUtils.java:logGet(46)) - raft.server.sleep.deviation.threshold = 300ms (default)
2023-01-19 21:16:10,129 [pool-140-thread-1] INFO  server.RaftServer$Division (ServerState.java:<init>(118)) - 9f11bae2-70d6-4c19-b175-54f3bf2a6776@group-CC3B4D02D24B: ConfigurationManager, init=-1: peers:[466e37ce-bab8-43e3-8861-d2a29ea05bd5|rpc:10.1.0.40:42247|dataStream:10.1.0.40:46349|priority:0|startupRole:FOLLOWER, 9f11bae2-70d6-4c19-b175-54f3bf2a6776|rpc:10.1.0.40:41965|dataStream:10.1.0.40:33671|priority:1|startupRole:FOLLOWER, 644b7e96-e81f-4c38-853b-c70c4b8809a7|rpc:10.1.0.40:34945|dataStream:10.1.0.40:33363|priority:0|startupRole:FOLLOWER]|listeners:[], old=null, confs=<EMPTY_MAP>
2023-01-19 21:16:10,129 [pool-140-thread-1] INFO  server.RaftServerConfigKeys (ConfUtils.java:logGet(46)) - raft.server.storage.dir = [/home/runner/work/ozone/ozone/hadoop-ozone/integration-test/target/test-dir/MiniOzoneClusterImpl-df602b49-e577-4a1d-ae00-d896acd8b89d/datanode-3/data/ratis] (custom)
2023-01-19 21:16:10,130 [pool-140-thread-1] INFO  server.RaftServerConfigKeys (ConfUtils.java:logGet(46)) - raft.server.log.corruption.policy = EXCEPTION (default)
2023-01-19 21:16:10,130 [pool-140-thread-1] INFO  server.RaftServerConfigKeys (ConfUtils.java:logGet(46)) - raft.server.storage.free-space.min = 0MB (=0) (default)
2023-01-19 21:16:10,130 [pool-140-thread-1] INFO  server.RaftServerConfigKeys (ConfUtils.java:logGet(46)) - raft.server.notification.no-leader.timeout = 300s (custom)
2023-01-19 21:16:10,130 [pool-140-thread-1] INFO  server.RaftServerConfigKeys (ConfUtils.java:logGet(46)) - raft.server.retrycache.expirytime = 600000ms (custom)
2023-01-19 21:16:10,130 [pool-140-thread-1] INFO  server.RaftServerConfigKeys (ConfUtils.java:logGet(46)) - raft.server.retrycache.statistics.expirytime = 100μs (default)
2023-01-19 21:16:10,131 [pool-140-thread-1] INFO  server.RaftServerConfigKeys (ConfUtils.java:logGet(46)) - raft.server.log.appender.install.snapshot.enabled = false (custom)
2023-01-19 21:16:10,131 [pool-140-thread-1] INFO  server.RaftServerConfigKeys (ConfUtils.java:logGet(46)) - raft.server.threadpool.server.cached = true (default)
2023-01-19 21:16:10,131 [pool-140-thread-1] INFO  server.RaftServerConfigKeys (ConfUtils.java:logGet(46)) - raft.server.threadpool.server.size = 0 (default)
2023-01-19 21:16:10,131 [pool-140-thread-1] INFO  server.RaftServerConfigKeys (ConfUtils.java:logGet(46)) - raft.server.threadpool.client.cached = true (default)
2023-01-19 21:16:10,131 [pool-140-thread-1] INFO  server.RaftServerConfigKeys (ConfUtils.java:logGet(46)) - raft.server.threadpool.client.size = 0 (default)
2023-01-19 21:16:10,131 [pool-140-thread-1] INFO  storage.RaftStorageDirectory (RaftStorageDirectoryImpl.java:analyzeStorage(137)) - The storage directory /home/runner/work/ozone/ozone/hadoop-ozone/integration-test/target/test-dir/MiniOzoneClusterImpl-df602b49-e577-4a1d-ae00-d896acd8b89d/datanode-3/data/ratis/9bf9702d-9d55-48cc-b038-cc3b4d02d24b does not exist. Creating ...
2023-01-19 21:16:10,134 [pool-140-thread-1] INFO  storage.RaftStorageDirectory (RaftStorageDirectoryImpl.java:tryLock(231)) - Lock on /home/runner/work/ozone/ozone/hadoop-ozone/integration-test/target/test-dir/MiniOzoneClusterImpl-df602b49-e577-4a1d-ae00-d896acd8b89d/datanode-3/data/ratis/9bf9702d-9d55-48cc-b038-cc3b4d02d24b/in_use.lock acquired by nodename 36349@fv-az353-460
2023-01-19 21:16:10,135 [pool-140-thread-1] INFO  storage.RaftStorage (RaftStorageImpl.java:format(96)) - Storage directory /home/runner/work/ozone/ozone/hadoop-ozone/integration-test/target/test-dir/MiniOzoneClusterImpl-df602b49-e577-4a1d-ae00-d896acd8b89d/datanode-3/data/ratis/9bf9702d-9d55-48cc-b038-cc3b4d02d24b has been successfully formatted.
2023-01-19 21:16:10,136 [pool-140-thread-1] INFO  ratis.ContainerStateMachine (ContainerStateMachine.java:loadSnapshot(240)) - group-CC3B4D02D24B: The snapshot info is null. Setting the last applied indexto:(t:0, i:~)
2023-01-19 21:16:10,136 [pool-140-thread-1] INFO  server.RaftServerConfigKeys (ConfUtils.java:logGet(46)) - raft.server.log.use.memory = false (default)
2023-01-19 21:16:10,136 [pool-140-thread-1] INFO  server.RaftServerConfigKeys (ConfUtils.java:logGet(46)) - raft.server.log.purge.gap = 1000000 (custom)
2023-01-19 21:16:10,136 [pool-140-thread-1] INFO  server.RaftServerConfigKeys (ConfUtils.java:logGet(46)) - raft.server.log.appender.buffer.byte-limit = 33554432 (custom)
2023-01-19 21:16:10,136 [pool-140-thread-1] INFO  server.RaftServerConfigKeys (ConfUtils.java:logGet(46)) - raft.server.log.statemachine.data.read.timeout = 1000ms (default)
2023-01-19 21:16:10,136 [pool-140-thread-1] INFO  server.RaftServerConfigKeys (ConfUtils.java:logGet(46)) - raft.server.log.purge.preservation.log.num = 0 (default)
2023-01-19 21:16:10,137 [pool-140-thread-1] INFO  server.RaftServerConfigKeys (ConfUtils.java:logGet(46)) - raft.server.log.segment.size.max = 1048576 (custom)
2023-01-19 21:16:10,137 [pool-140-thread-1] INFO  server.RaftServerConfigKeys (ConfUtils.java:logGet(46)) - raft.server.log.segment.cache.num.max = 2 (custom)
2023-01-19 21:16:10,137 [pool-140-thread-1] INFO  server.RaftServerConfigKeys (ConfUtils.java:logGet(46)) - raft.server.log.segment.cache.size.max = 200MB (=209715200) (default)
2023-01-19 21:16:10,137 [pool-140-thread-1] INFO  segmented.SegmentedRaftLogWorker (SegmentedRaftLogWorker.java:<init>(189)) - new 9f11bae2-70d6-4c19-b175-54f3bf2a6776@group-CC3B4D02D24B-SegmentedRaftLogWorker for RaftStorageImpl:Storage Directory /home/runner/work/ozone/ozone/hadoop-ozone/integration-test/target/test-dir/MiniOzoneClusterImpl-df602b49-e577-4a1d-ae00-d896acd8b89d/datanode-3/data/ratis/9bf9702d-9d55-48cc-b038-cc3b4d02d24b
2023-01-19 21:16:10,137 [pool-140-thread-1] INFO  server.RaftServerConfigKeys (ConfUtils.java:logGet(46)) - raft.server.log.queue.byte-limit = 4294967296 (custom)
2023-01-19 21:16:10,137 [pool-140-thread-1] INFO  server.RaftServerConfigKeys (ConfUtils.java:logGet(46)) - raft.server.log.queue.element-limit = 1024 (custom)
2023-01-19 21:16:10,138 [pool-140-thread-1] INFO  server.RaftServerConfigKeys (ConfUtils.java:logGet(46)) - raft.server.log.segment.size.max = 1048576 (custom)
2023-01-19 21:16:10,138 [pool-140-thread-1] INFO  server.RaftServerConfigKeys (ConfUtils.java:logGet(46)) - raft.server.log.preallocated.size = 16384 (custom)
2023-01-19 21:16:10,140 [pool-140-thread-1] INFO  server.RaftServerConfigKeys (ConfUtils.java:logGet(46)) - raft.server.log.force.sync.num = 128 (default)
2023-01-19 21:16:10,140 [pool-140-thread-1] INFO  server.RaftServerConfigKeys (ConfUtils.java:logGet(46)) - raft.server.log.statemachine.data.sync = true (default)
2023-01-19 21:16:10,141 [pool-140-thread-1] INFO  server.RaftServerConfigKeys (ConfUtils.java:logGet(46)) - raft.server.log.statemachine.data.sync.timeout = 10s (default)
2023-01-19 21:16:10,141 [pool-140-thread-1] INFO  server.RaftServerConfigKeys (ConfUtils.java:logGet(46)) - raft.server.log.statemachine.data.sync.timeout.retry = -1 (default)
2023-01-19 21:16:10,141 [pool-140-thread-1] INFO  server.RaftServerConfigKeys (ConfUtils.java:logGet(46)) - raft.server.log.write.buffer.size = 1048576 (custom)
2023-01-19 21:16:10,142 [EventQueue-OpenPipelineForHealthyPipelineSafeModeRule] INFO  safemode.SCMSafeModeManager (HealthyPipelineSafeModeRule.java:process(137)) - SCM in safe mode. Healthy pipelines reported count is 0, required healthy pipeline reported count is 1
2023-01-19 21:16:10,146 [pool-140-thread-1] INFO  server.RaftServerConfigKeys (ConfUtils.java:logGet(46)) - raft.server.log.appender.buffer.byte-limit = 33554432 (custom)
2023-01-19 21:16:10,151 [pool-140-thread-1] INFO  server.RaftServerConfigKeys (ConfUtils.java:logGet(46)) - raft.server.log.unsafe-flush.enabled = false (default)
2023-01-19 21:16:10,151 [pool-140-thread-1] INFO  server.RaftServerConfigKeys (ConfUtils.java:logGet(46)) - raft.server.log.async-flush.enabled = false (default)
2023-01-19 21:16:10,151 [pool-140-thread-1] INFO  server.RaftServerConfigKeys (ConfUtils.java:logGet(46)) - raft.server.log.statemachine.data.caching.enabled = true (custom)
2023-01-19 21:16:10,151 [pool-140-thread-1] INFO  segmented.SegmentedRaftLogWorker (SegmentedRaftLogWorker.java:lambda$new$0(135)) - 9f11bae2-70d6-4c19-b175-54f3bf2a6776@group-CC3B4D02D24B-SegmentedRaftLogWorker: flushIndex: setUnconditionally 0 -> -1
2023-01-19 21:16:10,151 [pool-140-thread-1] INFO  segmented.SegmentedRaftLogWorker (SegmentedRaftLogWorker.java:lambda$new$0(135)) - 9f11bae2-70d6-4c19-b175-54f3bf2a6776@group-CC3B4D02D24B-SegmentedRaftLogWorker: safeCacheEvictIndex: setUnconditionally 0 -> -1
2023-01-19 21:16:10,152 [pool-140-thread-1] INFO  server.RaftServer$Division (RaftServerImpl.java:start(334)) - 9f11bae2-70d6-4c19-b175-54f3bf2a6776@group-CC3B4D02D24B: start as a follower, conf=-1: peers:[466e37ce-bab8-43e3-8861-d2a29ea05bd5|rpc:10.1.0.40:42247|dataStream:10.1.0.40:46349|priority:0|startupRole:FOLLOWER, 9f11bae2-70d6-4c19-b175-54f3bf2a6776|rpc:10.1.0.40:41965|dataStream:10.1.0.40:33671|priority:1|startupRole:FOLLOWER, 644b7e96-e81f-4c38-853b-c70c4b8809a7|rpc:10.1.0.40:34945|dataStream:10.1.0.40:33363|priority:0|startupRole:FOLLOWER]|listeners:[], old=null
2023-01-19 21:16:10,152 [pool-140-thread-1] INFO  server.RaftServer$Division (RaftServerImpl.java:setRole(321)) - 9f11bae2-70d6-4c19-b175-54f3bf2a6776@group-CC3B4D02D24B: changes role from      null to FOLLOWER at term 0 for startAsFollower
2023-01-19 21:16:10,152 [pool-140-thread-1] INFO  impl.RoleInfo (RoleInfo.java:updateAndGet(139)) - 9f11bae2-70d6-4c19-b175-54f3bf2a6776: start 9f11bae2-70d6-4c19-b175-54f3bf2a6776@group-CC3B4D02D24B-FollowerState
2023-01-19 21:16:10,156 [pool-140-thread-1] INFO  util.JmxRegister (JmxRegister.java:tryRegister(44)) - Successfully registered JMX Bean with object name Ratis:service=RaftServer,group=group-CC3B4D02D24B,id=9f11bae2-70d6-4c19-b175-54f3bf2a6776
2023-01-19 21:16:10,156 [pool-140-thread-1] INFO  server.RaftServerConfigKeys (ConfUtils.java:logGet(46)) - raft.server.snapshot.auto.trigger.enabled = true (custom)
2023-01-19 21:16:10,156 [pool-140-thread-1] INFO  server.RaftServerConfigKeys (ConfUtils.java:logGet(46)) - raft.server.snapshot.auto.trigger.threshold = 10000 (custom)
2023-01-19 21:16:10,156 [pool-140-thread-1] INFO  server.RaftServerConfigKeys (ConfUtils.java:logGet(46)) - raft.server.snapshot.retention.file.num = 5 (custom)
2023-01-19 21:16:10,156 [pool-140-thread-1] INFO  server.RaftServerConfigKeys (ConfUtils.java:logGet(46)) - raft.server.log.purge.upto.snapshot.index = false (default)
2023-01-19 21:16:10,156 [9f11bae2-70d6-4c19-b175-54f3bf2a6776@group-CC3B4D02D24B-FollowerState] INFO  server.RaftServerConfigKeys (ConfUtils.java:logFallback(53)) - raft.server.rpc.first-election.timeout.min = 5s (fallback to raft.server.rpc.timeout.min)
2023-01-19 21:16:10,164 [9f11bae2-70d6-4c19-b175-54f3bf2a6776@group-CC3B4D02D24B-FollowerState] INFO  server.RaftServerConfigKeys (ConfUtils.java:logFallback(53)) - raft.server.rpc.first-election.timeout.max = 5200ms (fallback to raft.server.rpc.timeout.max)
2023-01-19 21:16:10,164 [Command processor thread] INFO  ratis.XceiverServerRatis (XceiverServerRatis.java:addGroup(806)) - Created group PipelineID=9bf9702d-9d55-48cc-b038-cc3b4d02d24b
2023-01-19 21:16:10,176 [Command processor thread] INFO  server.RaftServer (RaftServerProxy.java:addNew(96)) - 644b7e96-e81f-4c38-853b-c70c4b8809a7: addNew group-B2191B8233CD:[644b7e96-e81f-4c38-853b-c70c4b8809a7|rpc:10.1.0.40:34945|dataStream:10.1.0.40:33363|priority:1|startupRole:FOLLOWER] returns group-B2191B8233CD:java.util.concurrent.CompletableFuture@25e19cf5[Not completed]
2023-01-19 21:16:10,177 [pool-163-thread-1] INFO  server.RaftServer$Division (RaftServerImpl.java:<init>(195)) - 644b7e96-e81f-4c38-853b-c70c4b8809a7: new RaftServerImpl for group-B2191B8233CD:[644b7e96-e81f-4c38-853b-c70c4b8809a7|rpc:10.1.0.40:34945|dataStream:10.1.0.40:33363|priority:1|startupRole:FOLLOWER] with ContainerStateMachine:uninitialized
2023-01-19 21:16:10,177 [pool-163-thread-1] INFO  server.RaftServerConfigKeys (ConfUtils.java:logGet(46)) - raft.server.rpc.timeout.min = 5s (custom)
2023-01-19 21:16:10,177 [pool-163-thread-1] INFO  server.RaftServerConfigKeys (ConfUtils.java:logGet(46)) - raft.server.rpc.timeout.max = 5200ms (custom)
2023-01-19 21:16:10,177 [pool-163-thread-1] INFO  server.RaftServerConfigKeys (ConfUtils.java:logGet(46)) - raft.server.rpc.sleep.time = 25ms (default)
2023-01-19 21:16:10,177 [pool-163-thread-1] INFO  server.RaftServerConfigKeys (ConfUtils.java:logGet(46)) - raft.server.rpc.slowness.timeout = 300s (custom)
2023-01-19 21:16:10,177 [pool-163-thread-1] INFO  server.RaftServerConfigKeys (ConfUtils.java:logGet(46)) - raft.server.leaderelection.leader.step-down.wait-time = 10s (default)
2023-01-19 21:16:10,177 [pool-163-thread-1] INFO  server.RaftServerConfigKeys (ConfUtils.java:logGet(46)) - raft.server.sleep.deviation.threshold = 300ms (default)
2023-01-19 21:16:10,177 [pool-163-thread-1] INFO  server.RaftServer$Division (ServerState.java:<init>(118)) - 644b7e96-e81f-4c38-853b-c70c4b8809a7@group-B2191B8233CD: ConfigurationManager, init=-1: peers:[644b7e96-e81f-4c38-853b-c70c4b8809a7|rpc:10.1.0.40:34945|dataStream:10.1.0.40:33363|priority:1|startupRole:FOLLOWER]|listeners:[], old=null, confs=<EMPTY_MAP>
2023-01-19 21:16:10,177 [pool-163-thread-1] INFO  server.RaftServerConfigKeys (ConfUtils.java:logGet(46)) - raft.server.storage.dir = [/home/runner/work/ozone/ozone/hadoop-ozone/integration-test/target/test-dir/MiniOzoneClusterImpl-df602b49-e577-4a1d-ae00-d896acd8b89d/datanode-4/data/ratis] (custom)
2023-01-19 21:16:10,177 [pool-163-thread-1] INFO  server.RaftServerConfigKeys (ConfUtils.java:logGet(46)) - raft.server.log.corruption.policy = EXCEPTION (default)
2023-01-19 21:16:10,177 [pool-163-thread-1] INFO  server.RaftServerConfigKeys (ConfUtils.java:logGet(46)) - raft.server.storage.free-space.min = 0MB (=0) (default)
2023-01-19 21:16:10,178 [pool-163-thread-1] INFO  server.RaftServerConfigKeys (ConfUtils.java:logGet(46)) - raft.server.notification.no-leader.timeout = 300s (custom)
2023-01-19 21:16:10,179 [pool-163-thread-1] INFO  server.RaftServerConfigKeys (ConfUtils.java:logGet(46)) - raft.server.retrycache.expirytime = 600000ms (custom)
2023-01-19 21:16:10,179 [pool-163-thread-1] INFO  server.RaftServerConfigKeys (ConfUtils.java:logGet(46)) - raft.server.retrycache.statistics.expirytime = 100μs (default)
2023-01-19 21:16:10,180 [pool-163-thread-1] INFO  server.RaftServerConfigKeys (ConfUtils.java:logGet(46)) - raft.server.log.appender.install.snapshot.enabled = false (custom)
2023-01-19 21:16:10,181 [pool-163-thread-1] INFO  server.RaftServerConfigKeys (ConfUtils.java:logGet(46)) - raft.server.threadpool.server.cached = true (default)
2023-01-19 21:16:10,181 [pool-163-thread-1] INFO  server.RaftServerConfigKeys (ConfUtils.java:logGet(46)) - raft.server.threadpool.server.size = 0 (default)
2023-01-19 21:16:10,181 [pool-163-thread-1] INFO  server.RaftServerConfigKeys (ConfUtils.java:logGet(46)) - raft.server.threadpool.client.cached = true (default)
2023-01-19 21:16:10,181 [pool-163-thread-1] INFO  server.RaftServerConfigKeys (ConfUtils.java:logGet(46)) - raft.server.threadpool.client.size = 0 (default)
2023-01-19 21:16:10,181 [pool-163-thread-1] INFO  storage.RaftStorageDirectory (RaftStorageDirectoryImpl.java:analyzeStorage(137)) - The storage directory /home/runner/work/ozone/ozone/hadoop-ozone/integration-test/target/test-dir/MiniOzoneClusterImpl-df602b49-e577-4a1d-ae00-d896acd8b89d/datanode-4/data/ratis/336b7f56-ae59-4d1a-800b-b2191b8233cd does not exist. Creating ...
2023-01-19 21:16:10,183 [pool-163-thread-1] INFO  storage.RaftStorageDirectory (RaftStorageDirectoryImpl.java:tryLock(231)) - Lock on /home/runner/work/ozone/ozone/hadoop-ozone/integration-test/target/test-dir/MiniOzoneClusterImpl-df602b49-e577-4a1d-ae00-d896acd8b89d/datanode-4/data/ratis/336b7f56-ae59-4d1a-800b-b2191b8233cd/in_use.lock acquired by nodename 36349@fv-az353-460
2023-01-19 21:16:10,184 [pool-163-thread-1] INFO  storage.RaftStorage (RaftStorageImpl.java:format(96)) - Storage directory /home/runner/work/ozone/ozone/hadoop-ozone/integration-test/target/test-dir/MiniOzoneClusterImpl-df602b49-e577-4a1d-ae00-d896acd8b89d/datanode-4/data/ratis/336b7f56-ae59-4d1a-800b-b2191b8233cd has been successfully formatted.
2023-01-19 21:16:10,187 [EventQueue-PipelineReportForPipelineReportHandler] INFO  pipeline.PipelineManagerImpl (PipelineManagerImpl.java:openPipeline(367)) - Pipeline Pipeline[ Id: 336b7f56-ae59-4d1a-800b-b2191b8233cd, Nodes: 644b7e96-e81f-4c38-853b-c70c4b8809a7(fv-az353-460.tkyx2seitsuu3nmpmouz2httfb.bx.internal.cloudapp.net/10.1.0.40), ReplicationConfig: RATIS/ONE, State:ALLOCATED, leaderId:644b7e96-e81f-4c38-853b-c70c4b8809a7, CreationTimestamp2023-01-19T21:16:07.180Z[Etc/UTC]] moved to OPEN state
2023-01-19 21:16:10,187 [EventQueue-OpenPipelineForHealthyPipelineSafeModeRule] INFO  safemode.SCMSafeModeManager (HealthyPipelineSafeModeRule.java:process(137)) - SCM in safe mode. Healthy pipelines reported count is 0, required healthy pipeline reported count is 1
2023-01-19 21:16:10,188 [pool-163-thread-1] INFO  ratis.ContainerStateMachine (ContainerStateMachine.java:loadSnapshot(240)) - group-B2191B8233CD: The snapshot info is null. Setting the last applied indexto:(t:0, i:~)
2023-01-19 21:16:10,188 [pool-163-thread-1] INFO  server.RaftServerConfigKeys (ConfUtils.java:logGet(46)) - raft.server.log.use.memory = false (default)
2023-01-19 21:16:10,188 [pool-163-thread-1] INFO  server.RaftServerConfigKeys (ConfUtils.java:logGet(46)) - raft.server.log.purge.gap = 1000000 (custom)
2023-01-19 21:16:10,188 [pool-163-thread-1] INFO  server.RaftServerConfigKeys (ConfUtils.java:logGet(46)) - raft.server.log.appender.buffer.byte-limit = 33554432 (custom)
2023-01-19 21:16:10,189 [pool-186-thread-1] INFO  server.RaftServer$Division (RaftServerImpl.java:<init>(195)) - 466e37ce-bab8-43e3-8861-d2a29ea05bd5: new RaftServerImpl for group-CC3B4D02D24B:[466e37ce-bab8-43e3-8861-d2a29ea05bd5|rpc:10.1.0.40:42247|dataStream:10.1.0.40:46349|priority:0|startupRole:FOLLOWER, 9f11bae2-70d6-4c19-b175-54f3bf2a6776|rpc:10.1.0.40:41965|dataStream:10.1.0.40:33671|priority:1|startupRole:FOLLOWER, 644b7e96-e81f-4c38-853b-c70c4b8809a7|rpc:10.1.0.40:34945|dataStream:10.1.0.40:33363|priority:0|startupRole:FOLLOWER] with ContainerStateMachine:uninitialized
2023-01-19 21:16:10,189 [pool-186-thread-1] INFO  server.RaftServerConfigKeys (ConfUtils.java:logGet(46)) - raft.server.rpc.timeout.min = 5s (custom)
2023-01-19 21:16:10,190 [pool-186-thread-1] INFO  server.RaftServerConfigKeys (ConfUtils.java:logGet(46)) - raft.server.rpc.timeout.max = 5200ms (custom)
2023-01-19 21:16:10,190 [pool-186-thread-1] INFO  server.RaftServerConfigKeys (ConfUtils.java:logGet(46)) - raft.server.rpc.sleep.time = 25ms (default)
2023-01-19 21:16:10,190 [pool-186-thread-1] INFO  server.RaftServerConfigKeys (ConfUtils.java:logGet(46)) - raft.server.rpc.slowness.timeout = 300s (custom)
2023-01-19 21:16:10,190 [pool-186-thread-1] INFO  server.RaftServerConfigKeys (ConfUtils.java:logGet(46)) - raft.server.leaderelection.leader.step-down.wait-time = 10s (default)
2023-01-19 21:16:10,190 [pool-186-thread-1] INFO  server.RaftServerConfigKeys (ConfUtils.java:logGet(46)) - raft.server.sleep.deviation.threshold = 300ms (default)
2023-01-19 21:16:10,190 [pool-186-thread-1] INFO  server.RaftServer$Division (ServerState.java:<init>(118)) - 466e37ce-bab8-43e3-8861-d2a29ea05bd5@group-CC3B4D02D24B: ConfigurationManager, init=-1: peers:[466e37ce-bab8-43e3-8861-d2a29ea05bd5|rpc:10.1.0.40:42247|dataStream:10.1.0.40:46349|priority:0|startupRole:FOLLOWER, 9f11bae2-70d6-4c19-b175-54f3bf2a6776|rpc:10.1.0.40:41965|dataStream:10.1.0.40:33671|priority:1|startupRole:FOLLOWER, 644b7e96-e81f-4c38-853b-c70c4b8809a7|rpc:10.1.0.40:34945|dataStream:10.1.0.40:33363|priority:0|startupRole:FOLLOWER]|listeners:[], old=null, confs=<EMPTY_MAP>
2023-01-19 21:16:10,188 [grpc-default-executor-1] INFO  server.RaftServer (RaftServerProxy.java:addNew(96)) - 466e37ce-bab8-43e3-8861-d2a29ea05bd5: addNew group-CC3B4D02D24B:[466e37ce-bab8-43e3-8861-d2a29ea05bd5|rpc:10.1.0.40:42247|dataStream:10.1.0.40:46349|priority:0|startupRole:FOLLOWER, 9f11bae2-70d6-4c19-b175-54f3bf2a6776|rpc:10.1.0.40:41965|dataStream:10.1.0.40:33671|priority:1|startupRole:FOLLOWER, 644b7e96-e81f-4c38-853b-c70c4b8809a7|rpc:10.1.0.40:34945|dataStream:10.1.0.40:33363|priority:0|startupRole:FOLLOWER] returns group-CC3B4D02D24B:java.util.concurrent.CompletableFuture@5bf1dbf2[Not completed]
2023-01-19 21:16:10,191 [pool-186-thread-1] INFO  server.RaftServerConfigKeys (ConfUtils.java:logGet(46)) - raft.server.storage.dir = [/home/runner/work/ozone/ozone/hadoop-ozone/integration-test/target/test-dir/MiniOzoneClusterImpl-df602b49-e577-4a1d-ae00-d896acd8b89d/datanode-5/data/ratis] (custom)
2023-01-19 21:16:10,192 [pool-186-thread-1] INFO  server.RaftServerConfigKeys (ConfUtils.java:logGet(46)) - raft.server.log.corruption.policy = EXCEPTION (default)
2023-01-19 21:16:10,192 [pool-186-thread-1] INFO  server.RaftServerConfigKeys (ConfUtils.java:logGet(46)) - raft.server.storage.free-space.min = 0MB (=0) (default)
2023-01-19 21:16:10,192 [pool-186-thread-1] INFO  server.RaftServerConfigKeys (ConfUtils.java:logGet(46)) - raft.server.notification.no-leader.timeout = 300s (custom)
2023-01-19 21:16:10,192 [pool-186-thread-1] INFO  server.RaftServerConfigKeys (ConfUtils.java:logGet(46)) - raft.server.retrycache.expirytime = 600000ms (custom)
2023-01-19 21:16:10,192 [pool-186-thread-1] INFO  server.RaftServerConfigKeys (ConfUtils.java:logGet(46)) - raft.server.retrycache.statistics.expirytime = 100μs (default)
2023-01-19 21:16:10,193 [pool-186-thread-1] INFO  server.RaftServerConfigKeys (ConfUtils.java:logGet(46)) - raft.server.log.appender.install.snapshot.enabled = false (custom)
2023-01-19 21:16:10,193 [pool-186-thread-1] INFO  server.RaftServerConfigKeys (ConfUtils.java:logGet(46)) - raft.server.threadpool.server.cached = true (default)
2023-01-19 21:16:10,193 [pool-186-thread-1] INFO  server.RaftServerConfigKeys (ConfUtils.java:logGet(46)) - raft.server.threadpool.server.size = 0 (default)
2023-01-19 21:16:10,194 [pool-186-thread-1] INFO  server.RaftServerConfigKeys (ConfUtils.java:logGet(46)) - raft.server.threadpool.client.cached = true (default)
2023-01-19 21:16:10,194 [pool-186-thread-1] INFO  server.RaftServerConfigKeys (ConfUtils.java:logGet(46)) - raft.server.threadpool.client.size = 0 (default)
2023-01-19 21:16:10,190 [pool-163-thread-1] INFO  server.RaftServerConfigKeys (ConfUtils.java:logGet(46)) - raft.server.log.statemachine.data.read.timeout = 1000ms (default)
2023-01-19 21:16:10,194 [pool-163-thread-1] INFO  server.RaftServerConfigKeys (ConfUtils.java:logGet(46)) - raft.server.log.purge.preservation.log.num = 0 (default)
2023-01-19 21:16:10,194 [pool-163-thread-1] INFO  server.RaftServerConfigKeys (ConfUtils.java:logGet(46)) - raft.server.log.segment.size.max = 1048576 (custom)
2023-01-19 21:16:10,194 [pool-186-thread-1] INFO  storage.RaftStorageDirectory (RaftStorageDirectoryImpl.java:analyzeStorage(137)) - The storage directory /home/runner/work/ozone/ozone/hadoop-ozone/integration-test/target/test-dir/MiniOzoneClusterImpl-df602b49-e577-4a1d-ae00-d896acd8b89d/datanode-5/data/ratis/9bf9702d-9d55-48cc-b038-cc3b4d02d24b does not exist. Creating ...
2023-01-19 21:16:10,195 [pool-163-thread-1] INFO  server.RaftServerConfigKeys (ConfUtils.java:logGet(46)) - raft.server.log.segment.cache.num.max = 2 (custom)
2023-01-19 21:16:10,195 [pool-163-thread-1] INFO  server.RaftServerConfigKeys (ConfUtils.java:logGet(46)) - raft.server.log.segment.cache.size.max = 200MB (=209715200) (default)
2023-01-19 21:16:10,195 [pool-163-thread-1] INFO  segmented.SegmentedRaftLogWorker (SegmentedRaftLogWorker.java:<init>(189)) - new 644b7e96-e81f-4c38-853b-c70c4b8809a7@group-B2191B8233CD-SegmentedRaftLogWorker for RaftStorageImpl:Storage Directory /home/runner/work/ozone/ozone/hadoop-ozone/integration-test/target/test-dir/MiniOzoneClusterImpl-df602b49-e577-4a1d-ae00-d896acd8b89d/datanode-4/data/ratis/336b7f56-ae59-4d1a-800b-b2191b8233cd
2023-01-19 21:16:10,195 [pool-163-thread-1] INFO  server.RaftServerConfigKeys (ConfUtils.java:logGet(46)) - raft.server.log.queue.byte-limit = 4294967296 (custom)
2023-01-19 21:16:10,196 [pool-163-thread-1] INFO  server.RaftServerConfigKeys (ConfUtils.java:logGet(46)) - raft.server.log.queue.element-limit = 1024 (custom)
2023-01-19 21:16:10,196 [pool-163-thread-1] INFO  server.RaftServerConfigKeys (ConfUtils.java:logGet(46)) - raft.server.log.segment.size.max = 1048576 (custom)
2023-01-19 21:16:10,196 [pool-163-thread-1] INFO  server.RaftServerConfigKeys (ConfUtils.java:logGet(46)) - raft.server.log.preallocated.size = 16384 (custom)
2023-01-19 21:16:10,196 [pool-163-thread-1] INFO  server.RaftServerConfigKeys (ConfUtils.java:logGet(46)) - raft.server.log.force.sync.num = 128 (default)
2023-01-19 21:16:10,196 [pool-163-thread-1] INFO  server.RaftServerConfigKeys (ConfUtils.java:logGet(46)) - raft.server.log.statemachine.data.sync = true (default)
2023-01-19 21:16:10,196 [pool-163-thread-1] INFO  server.RaftServerConfigKeys (ConfUtils.java:logGet(46)) - raft.server.log.statemachine.data.sync.timeout = 10s (default)
2023-01-19 21:16:10,196 [pool-163-thread-1] INFO  server.RaftServerConfigKeys (ConfUtils.java:logGet(46)) - raft.server.log.statemachine.data.sync.timeout.retry = -1 (default)
2023-01-19 21:16:10,196 [pool-186-thread-1] INFO  storage.RaftStorageDirectory (RaftStorageDirectoryImpl.java:tryLock(231)) - Lock on /home/runner/work/ozone/ozone/hadoop-ozone/integration-test/target/test-dir/MiniOzoneClusterImpl-df602b49-e577-4a1d-ae00-d896acd8b89d/datanode-5/data/ratis/9bf9702d-9d55-48cc-b038-cc3b4d02d24b/in_use.lock acquired by nodename 36349@fv-az353-460
2023-01-19 21:16:10,197 [pool-163-thread-1] INFO  server.RaftServerConfigKeys (ConfUtils.java:logGet(46)) - raft.server.log.write.buffer.size = 1048576 (custom)
2023-01-19 21:16:10,198 [pool-163-thread-1] INFO  server.RaftServerConfigKeys (ConfUtils.java:logGet(46)) - raft.server.log.appender.buffer.byte-limit = 33554432 (custom)
2023-01-19 21:16:10,575 [Command processor thread] INFO  server.RaftServer (RaftServerProxy.java:addNew(96)) - 466e37ce-bab8-43e3-8861-d2a29ea05bd5: addNew group-050ED9BB5AE7:[466e37ce-bab8-43e3-8861-d2a29ea05bd5|rpc:10.1.0.40:42247|dataStream:10.1.0.40:46349|priority:1|startupRole:FOLLOWER] returns group-050ED9BB5AE7:java.util.concurrent.CompletableFuture@1d50ed13[Not completed]
2023-01-19 21:16:10,581 [JvmPauseMonitor5] WARN  util.JvmPauseMonitor (JvmPauseMonitor.java:detectPause(126)) - JvmPauseMonitor-644b7e96-e81f-4c38-853b-c70c4b8809a7: Detected pause in JVM or host machine (eg GC): pause of approximately 171859795ns.
GC pool 'PS MarkSweep' had collection(s): count=1 time=280ms
GC pool 'PS Scavenge' had collection(s): count=1 time=95ms
2023-01-19 21:16:10,582 [JvmPauseMonitor4] WARN  util.JvmPauseMonitor (JvmPauseMonitor.java:detectPause(126)) - JvmPauseMonitor-9f11bae2-70d6-4c19-b175-54f3bf2a6776: Detected pause in JVM or host machine (eg GC): pause of approximately 173346910ns.
GC pool 'PS MarkSweep' had collection(s): count=1 time=280ms
GC pool 'PS Scavenge' had collection(s): count=1 time=95ms
2023-01-19 21:16:10,585 [JvmPauseMonitor1] WARN  util.JvmPauseMonitor (JvmPauseMonitor.java:detectPause(126)) - JvmPauseMonitor-514168bb-47c6-4123-b047-b520965d68f2: Detected pause in JVM or host machine (eg GC): pause of approximately 191218882ns.
GC pool 'PS MarkSweep' had collection(s): count=1 time=280ms
GC pool 'PS Scavenge' had collection(s): count=1 time=95ms
2023-01-19 21:16:10,586 [pool-186-thread-1] INFO  storage.RaftStorage (RaftStorageImpl.java:format(96)) - Storage directory /home/runner/work/ozone/ozone/hadoop-ozone/integration-test/target/test-dir/MiniOzoneClusterImpl-df602b49-e577-4a1d-ae00-d896acd8b89d/datanode-5/data/ratis/9bf9702d-9d55-48cc-b038-cc3b4d02d24b has been successfully formatted.
2023-01-19 21:16:10,592 [pool-186-thread-1] INFO  ratis.ContainerStateMachine (ContainerStateMachine.java:loadSnapshot(240)) - group-CC3B4D02D24B: The snapshot info is null. Setting the last applied indexto:(t:0, i:~)
2023-01-19 21:16:10,592 [pool-186-thread-1] INFO  server.RaftServerConfigKeys (ConfUtils.java:logGet(46)) - raft.server.log.use.memory = false (default)
2023-01-19 21:16:10,592 [pool-186-thread-1] INFO  server.RaftServerConfigKeys (ConfUtils.java:logGet(46)) - raft.server.log.purge.gap = 1000000 (custom)
2023-01-19 21:16:10,592 [pool-186-thread-1] INFO  server.RaftServerConfigKeys (ConfUtils.java:logGet(46)) - raft.server.log.appender.buffer.byte-limit = 33554432 (custom)
2023-01-19 21:16:10,593 [pool-186-thread-1] INFO  server.RaftServerConfigKeys (ConfUtils.java:logGet(46)) - raft.server.log.statemachine.data.read.timeout = 1000ms (default)
2023-01-19 21:16:10,593 [pool-186-thread-1] INFO  server.RaftServerConfigKeys (ConfUtils.java:logGet(46)) - raft.server.log.purge.preservation.log.num = 0 (default)
2023-01-19 21:16:10,593 [pool-186-thread-1] INFO  server.RaftServerConfigKeys (ConfUtils.java:logGet(46)) - raft.server.log.segment.size.max = 1048576 (custom)
2023-01-19 21:16:10,593 [pool-186-thread-1] INFO  server.RaftServerConfigKeys (ConfUtils.java:logGet(46)) - raft.server.log.segment.cache.num.max = 2 (custom)
2023-01-19 21:16:10,593 [pool-186-thread-1] INFO  server.RaftServerConfigKeys (ConfUtils.java:logGet(46)) - raft.server.log.segment.cache.size.max = 200MB (=209715200) (default)
2023-01-19 21:16:10,593 [pool-186-thread-1] INFO  segmented.SegmentedRaftLogWorker (SegmentedRaftLogWorker.java:<init>(189)) - new 466e37ce-bab8-43e3-8861-d2a29ea05bd5@group-CC3B4D02D24B-SegmentedRaftLogWorker for RaftStorageImpl:Storage Directory /home/runner/work/ozone/ozone/hadoop-ozone/integration-test/target/test-dir/MiniOzoneClusterImpl-df602b49-e577-4a1d-ae00-d896acd8b89d/datanode-5/data/ratis/9bf9702d-9d55-48cc-b038-cc3b4d02d24b
2023-01-19 21:16:10,593 [pool-186-thread-1] INFO  server.RaftServerConfigKeys (ConfUtils.java:logGet(46)) - raft.server.log.queue.byte-limit = 4294967296 (custom)
2023-01-19 21:16:10,593 [pool-186-thread-1] INFO  server.RaftServerConfigKeys (ConfUtils.java:logGet(46)) - raft.server.log.queue.element-limit = 1024 (custom)
2023-01-19 21:16:10,593 [pool-186-thread-1] INFO  server.RaftServerConfigKeys (ConfUtils.java:logGet(46)) - raft.server.log.segment.size.max = 1048576 (custom)
2023-01-19 21:16:10,593 [pool-186-thread-1] INFO  server.RaftServerConfigKeys (ConfUtils.java:logGet(46)) - raft.server.log.preallocated.size = 16384 (custom)
2023-01-19 21:16:10,594 [pool-186-thread-1] INFO  server.RaftServerConfigKeys (ConfUtils.java:logGet(46)) - raft.server.log.force.sync.num = 128 (default)
2023-01-19 21:16:10,594 [pool-186-thread-1] INFO  server.RaftServerConfigKeys (ConfUtils.java:logGet(46)) - raft.server.log.statemachine.data.sync = true (default)
2023-01-19 21:16:10,594 [pool-186-thread-1] INFO  server.RaftServerConfigKeys (ConfUtils.java:logGet(46)) - raft.server.log.statemachine.data.sync.timeout = 10s (default)
2023-01-19 21:16:10,594 [pool-186-thread-1] INFO  server.RaftServerConfigKeys (ConfUtils.java:logGet(46)) - raft.server.log.statemachine.data.sync.timeout.retry = -1 (default)
2023-01-19 21:16:10,594 [pool-186-thread-1] INFO  server.RaftServerConfigKeys (ConfUtils.java:logGet(46)) - raft.server.log.write.buffer.size = 1048576 (custom)
2023-01-19 21:16:10,595 [pool-186-thread-1] INFO  server.RaftServerConfigKeys (ConfUtils.java:logGet(46)) - raft.server.log.appender.buffer.byte-limit = 33554432 (custom)
2023-01-19 21:16:10,597 [EventQueue-PipelineReportForPipelineReportHandler] INFO  pipeline.PipelineManagerImpl (PipelineManagerImpl.java:openPipeline(367)) - Pipeline Pipeline[ Id: 3fa656ae-443f-4ebc-a81c-050ed9bb5ae7, Nodes: 466e37ce-bab8-43e3-8861-d2a29ea05bd5(fv-az353-460.tkyx2seitsuu3nmpmouz2httfb.bx.internal.cloudapp.net/10.1.0.40), ReplicationConfig: RATIS/ONE, State:ALLOCATED, leaderId:466e37ce-bab8-43e3-8861-d2a29ea05bd5, CreationTimestamp2023-01-19T21:16:07.523Z[Etc/UTC]] moved to OPEN state
2023-01-19 21:16:10,598 [EventQueue-OpenPipelineForHealthyPipelineSafeModeRule] INFO  safemode.SCMSafeModeManager (HealthyPipelineSafeModeRule.java:process(137)) - SCM in safe mode. Healthy pipelines reported count is 0, required healthy pipeline reported count is 1
2023-01-19 21:16:10,599 [pool-163-thread-1] INFO  server.RaftServerConfigKeys (ConfUtils.java:logGet(46)) - raft.server.log.unsafe-flush.enabled = false (default)
2023-01-19 21:16:10,599 [pool-163-thread-1] INFO  server.RaftServerConfigKeys (ConfUtils.java:logGet(46)) - raft.server.log.async-flush.enabled = false (default)
2023-01-19 21:16:10,600 [pool-163-thread-1] INFO  server.RaftServerConfigKeys (ConfUtils.java:logGet(46)) - raft.server.log.statemachine.data.caching.enabled = true (custom)
2023-01-19 21:16:10,600 [pool-163-thread-1] INFO  segmented.SegmentedRaftLogWorker (SegmentedRaftLogWorker.java:lambda$new$0(135)) - 644b7e96-e81f-4c38-853b-c70c4b8809a7@group-B2191B8233CD-SegmentedRaftLogWorker: flushIndex: setUnconditionally 0 -> -1
2023-01-19 21:16:10,600 [pool-163-thread-1] INFO  segmented.SegmentedRaftLogWorker (SegmentedRaftLogWorker.java:lambda$new$0(135)) - 644b7e96-e81f-4c38-853b-c70c4b8809a7@group-B2191B8233CD-SegmentedRaftLogWorker: safeCacheEvictIndex: setUnconditionally 0 -> -1
2023-01-19 21:16:10,600 [pool-163-thread-1] INFO  server.RaftServer$Division (RaftServerImpl.java:start(334)) - 644b7e96-e81f-4c38-853b-c70c4b8809a7@group-B2191B8233CD: start as a follower, conf=-1: peers:[644b7e96-e81f-4c38-853b-c70c4b8809a7|rpc:10.1.0.40:34945|dataStream:10.1.0.40:33363|priority:1|startupRole:FOLLOWER]|listeners:[], old=null
2023-01-19 21:16:10,600 [pool-163-thread-1] INFO  server.RaftServer$Division (RaftServerImpl.java:setRole(321)) - 644b7e96-e81f-4c38-853b-c70c4b8809a7@group-B2191B8233CD: changes role from      null to FOLLOWER at term 0 for startAsFollower
2023-01-19 21:16:10,600 [pool-163-thread-1] INFO  impl.RoleInfo (RoleInfo.java:updateAndGet(139)) - 644b7e96-e81f-4c38-853b-c70c4b8809a7: start 644b7e96-e81f-4c38-853b-c70c4b8809a7@group-B2191B8233CD-FollowerState
2023-01-19 21:16:10,608 [pool-186-thread-1] INFO  server.RaftServerConfigKeys (ConfUtils.java:logGet(46)) - raft.server.log.unsafe-flush.enabled = false (default)
2023-01-19 21:16:10,608 [pool-163-thread-1] INFO  util.JmxRegister (JmxRegister.java:tryRegister(44)) - Successfully registered JMX Bean with object name Ratis:service=RaftServer,group=group-B2191B8233CD,id=644b7e96-e81f-4c38-853b-c70c4b8809a7
2023-01-19 21:16:10,608 [pool-163-thread-1] INFO  server.RaftServerConfigKeys (ConfUtils.java:logGet(46)) - raft.server.snapshot.auto.trigger.enabled = true (custom)
2023-01-19 21:16:10,608 [pool-163-thread-1] INFO  server.RaftServerConfigKeys (ConfUtils.java:logGet(46)) - raft.server.snapshot.auto.trigger.threshold = 10000 (custom)
2023-01-19 21:16:10,608 [pool-163-thread-1] INFO  server.RaftServerConfigKeys (ConfUtils.java:logGet(46)) - raft.server.snapshot.retention.file.num = 5 (custom)
2023-01-19 21:16:10,608 [pool-163-thread-1] INFO  server.RaftServerConfigKeys (ConfUtils.java:logGet(46)) - raft.server.log.purge.upto.snapshot.index = false (default)
2023-01-19 21:16:10,608 [pool-186-thread-1] INFO  server.RaftServerConfigKeys (ConfUtils.java:logGet(46)) - raft.server.log.async-flush.enabled = false (default)
2023-01-19 21:16:10,609 [pool-186-thread-1] INFO  server.RaftServerConfigKeys (ConfUtils.java:logGet(46)) - raft.server.log.statemachine.data.caching.enabled = true (custom)
2023-01-19 21:16:10,609 [pool-186-thread-1] INFO  segmented.SegmentedRaftLogWorker (SegmentedRaftLogWorker.java:lambda$new$0(135)) - 466e37ce-bab8-43e3-8861-d2a29ea05bd5@group-CC3B4D02D24B-SegmentedRaftLogWorker: flushIndex: setUnconditionally 0 -> -1
2023-01-19 21:16:10,609 [pool-186-thread-1] INFO  segmented.SegmentedRaftLogWorker (SegmentedRaftLogWorker.java:lambda$new$0(135)) - 466e37ce-bab8-43e3-8861-d2a29ea05bd5@group-CC3B4D02D24B-SegmentedRaftLogWorker: safeCacheEvictIndex: setUnconditionally 0 -> -1
2023-01-19 21:16:10,608 [644b7e96-e81f-4c38-853b-c70c4b8809a7@group-B2191B8233CD-FollowerState] INFO  server.RaftServerConfigKeys (ConfUtils.java:logFallback(53)) - raft.server.rpc.first-election.timeout.min = 5s (fallback to raft.server.rpc.timeout.min)
2023-01-19 21:16:10,609 [644b7e96-e81f-4c38-853b-c70c4b8809a7@group-B2191B8233CD-FollowerState] INFO  server.RaftServerConfigKeys (ConfUtils.java:logFallback(53)) - raft.server.rpc.first-election.timeout.max = 5200ms (fallback to raft.server.rpc.timeout.max)
2023-01-19 21:16:10,612 [Command processor thread] INFO  ratis.XceiverServerRatis (XceiverServerRatis.java:addGroup(806)) - Created group PipelineID=336b7f56-ae59-4d1a-800b-b2191b8233cd
2023-01-19 21:16:10,612 [Command processor thread] INFO  commandhandler.CreatePipelineCommandHandler (CreatePipelineCommandHandler.java:handle(113)) - Created Pipeline RATIS ONE PipelineID=336b7f56-ae59-4d1a-800b-b2191b8233cd.
2023-01-19 21:16:10,613 [Command processor thread] INFO  server.RaftServer (RaftServerProxy.java:addNew(96)) - 644b7e96-e81f-4c38-853b-c70c4b8809a7: addNew group-CC3B4D02D24B:[466e37ce-bab8-43e3-8861-d2a29ea05bd5|rpc:10.1.0.40:42247|dataStream:10.1.0.40:46349|priority:0|startupRole:FOLLOWER, 9f11bae2-70d6-4c19-b175-54f3bf2a6776|rpc:10.1.0.40:41965|dataStream:10.1.0.40:33671|priority:1|startupRole:FOLLOWER, 644b7e96-e81f-4c38-853b-c70c4b8809a7|rpc:10.1.0.40:34945|dataStream:10.1.0.40:33363|priority:0|startupRole:FOLLOWER] returns group-CC3B4D02D24B:java.util.concurrent.CompletableFuture@2b267639[Not completed]
2023-01-19 21:16:10,614 [pool-163-thread-1] INFO  server.RaftServer$Division (RaftServerImpl.java:<init>(195)) - 644b7e96-e81f-4c38-853b-c70c4b8809a7: new RaftServerImpl for group-CC3B4D02D24B:[466e37ce-bab8-43e3-8861-d2a29ea05bd5|rpc:10.1.0.40:42247|dataStream:10.1.0.40:46349|priority:0|startupRole:FOLLOWER, 9f11bae2-70d6-4c19-b175-54f3bf2a6776|rpc:10.1.0.40:41965|dataStream:10.1.0.40:33671|priority:1|startupRole:FOLLOWER, 644b7e96-e81f-4c38-853b-c70c4b8809a7|rpc:10.1.0.40:34945|dataStream:10.1.0.40:33363|priority:0|startupRole:FOLLOWER] with ContainerStateMachine:uninitialized
2023-01-19 21:16:10,614 [pool-163-thread-1] INFO  server.RaftServerConfigKeys (ConfUtils.java:logGet(46)) - raft.server.rpc.timeout.min = 5s (custom)
2023-01-19 21:16:10,614 [pool-163-thread-1] INFO  server.RaftServerConfigKeys (ConfUtils.java:logGet(46)) - raft.server.rpc.timeout.max = 5200ms (custom)
2023-01-19 21:16:10,614 [pool-163-thread-1] INFO  server.RaftServerConfigKeys (ConfUtils.java:logGet(46)) - raft.server.rpc.sleep.time = 25ms (default)
2023-01-19 21:16:10,614 [pool-163-thread-1] INFO  server.RaftServerConfigKeys (ConfUtils.java:logGet(46)) - raft.server.rpc.slowness.timeout = 300s (custom)
2023-01-19 21:16:10,614 [pool-163-thread-1] INFO  server.RaftServerConfigKeys (ConfUtils.java:logGet(46)) - raft.server.leaderelection.leader.step-down.wait-time = 10s (default)
2023-01-19 21:16:10,614 [pool-163-thread-1] INFO  server.RaftServerConfigKeys (ConfUtils.java:logGet(46)) - raft.server.sleep.deviation.threshold = 300ms (default)
2023-01-19 21:16:10,614 [pool-163-thread-1] INFO  server.RaftServer$Division (ServerState.java:<init>(118)) - 644b7e96-e81f-4c38-853b-c70c4b8809a7@group-CC3B4D02D24B: ConfigurationManager, init=-1: peers:[466e37ce-bab8-43e3-8861-d2a29ea05bd5|rpc:10.1.0.40:42247|dataStream:10.1.0.40:46349|priority:0|startupRole:FOLLOWER, 9f11bae2-70d6-4c19-b175-54f3bf2a6776|rpc:10.1.0.40:41965|dataStream:10.1.0.40:33671|priority:1|startupRole:FOLLOWER, 644b7e96-e81f-4c38-853b-c70c4b8809a7|rpc:10.1.0.40:34945|dataStream:10.1.0.40:33363|priority:0|startupRole:FOLLOWER]|listeners:[], old=null, confs=<EMPTY_MAP>
2023-01-19 21:16:10,614 [pool-163-thread-1] INFO  server.RaftServerConfigKeys (ConfUtils.java:logGet(46)) - raft.server.storage.dir = [/home/runner/work/ozone/ozone/hadoop-ozone/integration-test/target/test-dir/MiniOzoneClusterImpl-df602b49-e577-4a1d-ae00-d896acd8b89d/datanode-4/data/ratis] (custom)
2023-01-19 21:16:10,614 [pool-163-thread-1] INFO  server.RaftServerConfigKeys (ConfUtils.java:logGet(46)) - raft.server.log.corruption.policy = EXCEPTION (default)
2023-01-19 21:16:10,614 [pool-163-thread-1] INFO  server.RaftServerConfigKeys (ConfUtils.java:logGet(46)) - raft.server.storage.free-space.min = 0MB (=0) (default)
2023-01-19 21:16:10,615 [pool-163-thread-1] INFO  server.RaftServerConfigKeys (ConfUtils.java:logGet(46)) - raft.server.notification.no-leader.timeout = 300s (custom)
2023-01-19 21:16:10,615 [pool-163-thread-1] INFO  server.RaftServerConfigKeys (ConfUtils.java:logGet(46)) - raft.server.retrycache.expirytime = 600000ms (custom)
2023-01-19 21:16:10,615 [pool-163-thread-1] INFO  server.RaftServerConfigKeys (ConfUtils.java:logGet(46)) - raft.server.retrycache.statistics.expirytime = 100μs (default)
2023-01-19 21:16:10,619 [pool-163-thread-1] INFO  server.RaftServerConfigKeys (ConfUtils.java:logGet(46)) - raft.server.log.appender.install.snapshot.enabled = false (custom)
2023-01-19 21:16:10,619 [pool-163-thread-1] INFO  server.RaftServerConfigKeys (ConfUtils.java:logGet(46)) - raft.server.threadpool.server.cached = true (default)
2023-01-19 21:16:10,619 [pool-163-thread-1] INFO  server.RaftServerConfigKeys (ConfUtils.java:logGet(46)) - raft.server.threadpool.server.size = 0 (default)
2023-01-19 21:16:10,619 [pool-163-thread-1] INFO  server.RaftServerConfigKeys (ConfUtils.java:logGet(46)) - raft.server.threadpool.client.cached = true (default)
2023-01-19 21:16:10,619 [pool-163-thread-1] INFO  server.RaftServerConfigKeys (ConfUtils.java:logGet(46)) - raft.server.threadpool.client.size = 0 (default)
2023-01-19 21:16:10,619 [pool-163-thread-1] INFO  storage.RaftStorageDirectory (RaftStorageDirectoryImpl.java:analyzeStorage(137)) - The storage directory /home/runner/work/ozone/ozone/hadoop-ozone/integration-test/target/test-dir/MiniOzoneClusterImpl-df602b49-e577-4a1d-ae00-d896acd8b89d/datanode-4/data/ratis/9bf9702d-9d55-48cc-b038-cc3b4d02d24b does not exist. Creating ...
2023-01-19 21:16:10,621 [pool-186-thread-1] INFO  server.RaftServer$Division (RaftServerImpl.java:start(334)) - 466e37ce-bab8-43e3-8861-d2a29ea05bd5@group-CC3B4D02D24B: start as a follower, conf=-1: peers:[466e37ce-bab8-43e3-8861-d2a29ea05bd5|rpc:10.1.0.40:42247|dataStream:10.1.0.40:46349|priority:0|startupRole:FOLLOWER, 9f11bae2-70d6-4c19-b175-54f3bf2a6776|rpc:10.1.0.40:41965|dataStream:10.1.0.40:33671|priority:1|startupRole:FOLLOWER, 644b7e96-e81f-4c38-853b-c70c4b8809a7|rpc:10.1.0.40:34945|dataStream:10.1.0.40:33363|priority:0|startupRole:FOLLOWER]|listeners:[], old=null
2023-01-19 21:16:10,628 [pool-186-thread-1] INFO  server.RaftServer$Division (RaftServerImpl.java:setRole(321)) - 466e37ce-bab8-43e3-8861-d2a29ea05bd5@group-CC3B4D02D24B: changes role from      null to FOLLOWER at term 0 for startAsFollower
2023-01-19 21:16:10,628 [pool-186-thread-1] INFO  impl.RoleInfo (RoleInfo.java:updateAndGet(139)) - 466e37ce-bab8-43e3-8861-d2a29ea05bd5: start 466e37ce-bab8-43e3-8861-d2a29ea05bd5@group-CC3B4D02D24B-FollowerState
2023-01-19 21:16:10,629 [pool-186-thread-1] INFO  util.JmxRegister (JmxRegister.java:tryRegister(44)) - Successfully registered JMX Bean with object name Ratis:service=RaftServer,group=group-CC3B4D02D24B,id=466e37ce-bab8-43e3-8861-d2a29ea05bd5
2023-01-19 21:16:10,629 [466e37ce-bab8-43e3-8861-d2a29ea05bd5@group-CC3B4D02D24B-FollowerState] INFO  server.RaftServerConfigKeys (ConfUtils.java:logFallback(53)) - raft.server.rpc.first-election.timeout.min = 5s (fallback to raft.server.rpc.timeout.min)
2023-01-19 21:16:10,629 [pool-186-thread-1] INFO  server.RaftServerConfigKeys (ConfUtils.java:logGet(46)) - raft.server.snapshot.auto.trigger.enabled = true (custom)
2023-01-19 21:16:10,630 [pool-163-thread-1] INFO  storage.RaftStorageDirectory (RaftStorageDirectoryImpl.java:tryLock(231)) - Lock on /home/runner/work/ozone/ozone/hadoop-ozone/integration-test/target/test-dir/MiniOzoneClusterImpl-df602b49-e577-4a1d-ae00-d896acd8b89d/datanode-4/data/ratis/9bf9702d-9d55-48cc-b038-cc3b4d02d24b/in_use.lock acquired by nodename 36349@fv-az353-460
2023-01-19 21:16:10,630 [pool-186-thread-1] INFO  server.RaftServerConfigKeys (ConfUtils.java:logGet(46)) - raft.server.snapshot.auto.trigger.threshold = 10000 (custom)
2023-01-19 21:16:10,630 [pool-186-thread-1] INFO  server.RaftServerConfigKeys (ConfUtils.java:logGet(46)) - raft.server.snapshot.retention.file.num = 5 (custom)
2023-01-19 21:16:10,630 [pool-186-thread-1] INFO  server.RaftServerConfigKeys (ConfUtils.java:logGet(46)) - raft.server.log.purge.upto.snapshot.index = false (default)
2023-01-19 21:16:10,630 [466e37ce-bab8-43e3-8861-d2a29ea05bd5@group-CC3B4D02D24B-FollowerState] INFO  server.RaftServerConfigKeys (ConfUtils.java:logFallback(53)) - raft.server.rpc.first-election.timeout.max = 5200ms (fallback to raft.server.rpc.timeout.max)
2023-01-19 21:16:10,631 [pool-163-thread-1] INFO  storage.RaftStorage (RaftStorageImpl.java:format(96)) - Storage directory /home/runner/work/ozone/ozone/hadoop-ozone/integration-test/target/test-dir/MiniOzoneClusterImpl-df602b49-e577-4a1d-ae00-d896acd8b89d/datanode-4/data/ratis/9bf9702d-9d55-48cc-b038-cc3b4d02d24b has been successfully formatted.
2023-01-19 21:16:10,632 [pool-163-thread-1] INFO  ratis.ContainerStateMachine (ContainerStateMachine.java:loadSnapshot(240)) - group-CC3B4D02D24B: The snapshot info is null. Setting the last applied indexto:(t:0, i:~)
2023-01-19 21:16:10,632 [pool-163-thread-1] INFO  server.RaftServerConfigKeys (ConfUtils.java:logGet(46)) - raft.server.log.use.memory = false (default)
2023-01-19 21:16:10,632 [pool-163-thread-1] INFO  server.RaftServerConfigKeys (ConfUtils.java:logGet(46)) - raft.server.log.purge.gap = 1000000 (custom)
2023-01-19 21:16:10,632 [pool-163-thread-1] INFO  server.RaftServerConfigKeys (ConfUtils.java:logGet(46)) - raft.server.log.appender.buffer.byte-limit = 33554432 (custom)
2023-01-19 21:16:10,632 [pool-163-thread-1] INFO  server.RaftServerConfigKeys (ConfUtils.java:logGet(46)) - raft.server.log.statemachine.data.read.timeout = 1000ms (default)
2023-01-19 21:16:10,632 [pool-163-thread-1] INFO  server.RaftServerConfigKeys (ConfUtils.java:logGet(46)) - raft.server.log.purge.preservation.log.num = 0 (default)
2023-01-19 21:16:10,632 [pool-186-thread-1] INFO  server.RaftServer$Division (RaftServerImpl.java:<init>(195)) - 466e37ce-bab8-43e3-8861-d2a29ea05bd5: new RaftServerImpl for group-050ED9BB5AE7:[466e37ce-bab8-43e3-8861-d2a29ea05bd5|rpc:10.1.0.40:42247|dataStream:10.1.0.40:46349|priority:1|startupRole:FOLLOWER] with ContainerStateMachine:uninitialized
2023-01-19 21:16:10,632 [pool-186-thread-1] INFO  server.RaftServerConfigKeys (ConfUtils.java:logGet(46)) - raft.server.rpc.timeout.min = 5s (custom)
2023-01-19 21:16:10,632 [pool-186-thread-1] INFO  server.RaftServerConfigKeys (ConfUtils.java:logGet(46)) - raft.server.rpc.timeout.max = 5200ms (custom)
2023-01-19 21:16:10,632 [pool-186-thread-1] INFO  server.RaftServerConfigKeys (ConfUtils.java:logGet(46)) - raft.server.rpc.sleep.time = 25ms (default)
2023-01-19 21:16:10,632 [pool-186-thread-1] INFO  server.RaftServerConfigKeys (ConfUtils.java:logGet(46)) - raft.server.rpc.slowness.timeout = 300s (custom)
2023-01-19 21:16:10,632 [pool-186-thread-1] INFO  server.RaftServerConfigKeys (ConfUtils.java:logGet(46)) - raft.server.leaderelection.leader.step-down.wait-time = 10s (default)
2023-01-19 21:16:10,633 [pool-186-thread-1] INFO  server.RaftServerConfigKeys (ConfUtils.java:logGet(46)) - raft.server.sleep.deviation.threshold = 300ms (default)
2023-01-19 21:16:10,633 [pool-186-thread-1] INFO  server.RaftServer$Division (ServerState.java:<init>(118)) - 466e37ce-bab8-43e3-8861-d2a29ea05bd5@group-050ED9BB5AE7: ConfigurationManager, init=-1: peers:[466e37ce-bab8-43e3-8861-d2a29ea05bd5|rpc:10.1.0.40:42247|dataStream:10.1.0.40:46349|priority:1|startupRole:FOLLOWER]|listeners:[], old=null, confs=<EMPTY_MAP>
2023-01-19 21:16:10,633 [pool-186-thread-1] INFO  server.RaftServerConfigKeys (ConfUtils.java:logGet(46)) - raft.server.storage.dir = [/home/runner/work/ozone/ozone/hadoop-ozone/integration-test/target/test-dir/MiniOzoneClusterImpl-df602b49-e577-4a1d-ae00-d896acd8b89d/datanode-5/data/ratis] (custom)
2023-01-19 21:16:10,632 [pool-163-thread-1] INFO  server.RaftServerConfigKeys (ConfUtils.java:logGet(46)) - raft.server.log.segment.size.max = 1048576 (custom)
2023-01-19 21:16:10,642 [pool-163-thread-1] INFO  server.RaftServerConfigKeys (ConfUtils.java:logGet(46)) - raft.server.log.segment.cache.num.max = 2 (custom)
2023-01-19 21:16:10,642 [pool-163-thread-1] INFO  server.RaftServerConfigKeys (ConfUtils.java:logGet(46)) - raft.server.log.segment.cache.size.max = 200MB (=209715200) (default)
2023-01-19 21:16:10,642 [pool-163-thread-1] INFO  segmented.SegmentedRaftLogWorker (SegmentedRaftLogWorker.java:<init>(189)) - new 644b7e96-e81f-4c38-853b-c70c4b8809a7@group-CC3B4D02D24B-SegmentedRaftLogWorker for RaftStorageImpl:Storage Directory /home/runner/work/ozone/ozone/hadoop-ozone/integration-test/target/test-dir/MiniOzoneClusterImpl-df602b49-e577-4a1d-ae00-d896acd8b89d/datanode-4/data/ratis/9bf9702d-9d55-48cc-b038-cc3b4d02d24b
2023-01-19 21:16:10,642 [pool-163-thread-1] INFO  server.RaftServerConfigKeys (ConfUtils.java:logGet(46)) - raft.server.log.queue.byte-limit = 4294967296 (custom)
2023-01-19 21:16:10,642 [pool-163-thread-1] INFO  server.RaftServerConfigKeys (ConfUtils.java:logGet(46)) - raft.server.log.queue.element-limit = 1024 (custom)
2023-01-19 21:16:10,642 [pool-163-thread-1] INFO  server.RaftServerConfigKeys (ConfUtils.java:logGet(46)) - raft.server.log.segment.size.max = 1048576 (custom)
2023-01-19 21:16:10,642 [pool-163-thread-1] INFO  server.RaftServerConfigKeys (ConfUtils.java:logGet(46)) - raft.server.log.preallocated.size = 16384 (custom)
2023-01-19 21:16:10,642 [pool-163-thread-1] INFO  server.RaftServerConfigKeys (ConfUtils.java:logGet(46)) - raft.server.log.force.sync.num = 128 (default)
2023-01-19 21:16:10,642 [pool-163-thread-1] INFO  server.RaftServerConfigKeys (ConfUtils.java:logGet(46)) - raft.server.log.statemachine.data.sync = true (default)
2023-01-19 21:16:10,643 [pool-163-thread-1] INFO  server.RaftServerConfigKeys (ConfUtils.java:logGet(46)) - raft.server.log.statemachine.data.sync.timeout = 10s (default)
2023-01-19 21:16:10,643 [pool-163-thread-1] INFO  server.RaftServerConfigKeys (ConfUtils.java:logGet(46)) - raft.server.log.statemachine.data.sync.timeout.retry = -1 (default)
2023-01-19 21:16:10,643 [pool-163-thread-1] INFO  server.RaftServerConfigKeys (ConfUtils.java:logGet(46)) - raft.server.log.write.buffer.size = 1048576 (custom)
2023-01-19 21:16:10,644 [pool-186-thread-1] INFO  server.RaftServerConfigKeys (ConfUtils.java:logGet(46)) - raft.server.log.corruption.policy = EXCEPTION (default)
2023-01-19 21:16:10,644 [pool-186-thread-1] INFO  server.RaftServerConfigKeys (ConfUtils.java:logGet(46)) - raft.server.storage.free-space.min = 0MB (=0) (default)
2023-01-19 21:16:10,645 [pool-163-thread-1] INFO  server.RaftServerConfigKeys (ConfUtils.java:logGet(46)) - raft.server.log.appender.buffer.byte-limit = 33554432 (custom)
2023-01-19 21:16:10,647 [pool-186-thread-1] INFO  server.RaftServerConfigKeys (ConfUtils.java:logGet(46)) - raft.server.notification.no-leader.timeout = 300s (custom)
2023-01-19 21:16:10,647 [pool-186-thread-1] INFO  server.RaftServerConfigKeys (ConfUtils.java:logGet(46)) - raft.server.retrycache.expirytime = 600000ms (custom)
2023-01-19 21:16:10,647 [pool-186-thread-1] INFO  server.RaftServerConfigKeys (ConfUtils.java:logGet(46)) - raft.server.retrycache.statistics.expirytime = 100μs (default)
2023-01-19 21:16:10,647 [EventQueue-OpenPipelineForHealthyPipelineSafeModeRule] INFO  safemode.SCMSafeModeManager (HealthyPipelineSafeModeRule.java:process(137)) - SCM in safe mode. Healthy pipelines reported count is 0, required healthy pipeline reported count is 1
2023-01-19 21:16:10,649 [pool-186-thread-1] INFO  server.RaftServerConfigKeys (ConfUtils.java:logGet(46)) - raft.server.log.appender.install.snapshot.enabled = false (custom)
2023-01-19 21:16:10,649 [pool-186-thread-1] INFO  server.RaftServerConfigKeys (ConfUtils.java:logGet(46)) - raft.server.threadpool.server.cached = true (default)
2023-01-19 21:16:10,649 [pool-186-thread-1] INFO  server.RaftServerConfigKeys (ConfUtils.java:logGet(46)) - raft.server.threadpool.server.size = 0 (default)
2023-01-19 21:16:10,651 [pool-186-thread-1] INFO  server.RaftServerConfigKeys (ConfUtils.java:logGet(46)) - raft.server.threadpool.client.cached = true (default)
2023-01-19 21:16:10,651 [pool-186-thread-1] INFO  server.RaftServerConfigKeys (ConfUtils.java:logGet(46)) - raft.server.threadpool.client.size = 0 (default)
2023-01-19 21:16:10,651 [pool-186-thread-1] INFO  storage.RaftStorageDirectory (RaftStorageDirectoryImpl.java:analyzeStorage(137)) - The storage directory /home/runner/work/ozone/ozone/hadoop-ozone/integration-test/target/test-dir/MiniOzoneClusterImpl-df602b49-e577-4a1d-ae00-d896acd8b89d/datanode-5/data/ratis/3fa656ae-443f-4ebc-a81c-050ed9bb5ae7 does not exist. Creating ...
2023-01-19 21:16:10,658 [pool-186-thread-1] INFO  storage.RaftStorageDirectory (RaftStorageDirectoryImpl.java:tryLock(231)) - Lock on /home/runner/work/ozone/ozone/hadoop-ozone/integration-test/target/test-dir/MiniOzoneClusterImpl-df602b49-e577-4a1d-ae00-d896acd8b89d/datanode-5/data/ratis/3fa656ae-443f-4ebc-a81c-050ed9bb5ae7/in_use.lock acquired by nodename 36349@fv-az353-460
2023-01-19 21:16:10,659 [pool-163-thread-1] INFO  server.RaftServerConfigKeys (ConfUtils.java:logGet(46)) - raft.server.log.unsafe-flush.enabled = false (default)
2023-01-19 21:16:10,659 [pool-163-thread-1] INFO  server.RaftServerConfigKeys (ConfUtils.java:logGet(46)) - raft.server.log.async-flush.enabled = false (default)
2023-01-19 21:16:10,659 [pool-163-thread-1] INFO  server.RaftServerConfigKeys (ConfUtils.java:logGet(46)) - raft.server.log.statemachine.data.caching.enabled = true (custom)
2023-01-19 21:16:10,659 [pool-163-thread-1] INFO  segmented.SegmentedRaftLogWorker (SegmentedRaftLogWorker.java:lambda$new$0(135)) - 644b7e96-e81f-4c38-853b-c70c4b8809a7@group-CC3B4D02D24B-SegmentedRaftLogWorker: flushIndex: setUnconditionally 0 -> -1
2023-01-19 21:16:10,659 [pool-163-thread-1] INFO  segmented.SegmentedRaftLogWorker (SegmentedRaftLogWorker.java:lambda$new$0(135)) - 644b7e96-e81f-4c38-853b-c70c4b8809a7@group-CC3B4D02D24B-SegmentedRaftLogWorker: safeCacheEvictIndex: setUnconditionally 0 -> -1
2023-01-19 21:16:10,660 [pool-186-thread-1] INFO  storage.RaftStorage (RaftStorageImpl.java:format(96)) - Storage directory /home/runner/work/ozone/ozone/hadoop-ozone/integration-test/target/test-dir/MiniOzoneClusterImpl-df602b49-e577-4a1d-ae00-d896acd8b89d/datanode-5/data/ratis/3fa656ae-443f-4ebc-a81c-050ed9bb5ae7 has been successfully formatted.
2023-01-19 21:16:10,664 [pool-186-thread-1] INFO  ratis.ContainerStateMachine (ContainerStateMachine.java:loadSnapshot(240)) - group-050ED9BB5AE7: The snapshot info is null. Setting the last applied indexto:(t:0, i:~)
2023-01-19 21:16:10,664 [pool-186-thread-1] INFO  server.RaftServerConfigKeys (ConfUtils.java:logGet(46)) - raft.server.log.use.memory = false (default)
2023-01-19 21:16:10,664 [pool-186-thread-1] INFO  server.RaftServerConfigKeys (ConfUtils.java:logGet(46)) - raft.server.log.purge.gap = 1000000 (custom)
2023-01-19 21:16:10,664 [pool-186-thread-1] INFO  server.RaftServerConfigKeys (ConfUtils.java:logGet(46)) - raft.server.log.appender.buffer.byte-limit = 33554432 (custom)
2023-01-19 21:16:10,664 [pool-186-thread-1] INFO  server.RaftServerConfigKeys (ConfUtils.java:logGet(46)) - raft.server.log.statemachine.data.read.timeout = 1000ms (default)
2023-01-19 21:16:10,664 [pool-186-thread-1] INFO  server.RaftServerConfigKeys (ConfUtils.java:logGet(46)) - raft.server.log.purge.preservation.log.num = 0 (default)
2023-01-19 21:16:10,664 [pool-186-thread-1] INFO  server.RaftServerConfigKeys (ConfUtils.java:logGet(46)) - raft.server.log.segment.size.max = 1048576 (custom)
2023-01-19 21:16:10,666 [pool-186-thread-1] INFO  server.RaftServerConfigKeys (ConfUtils.java:logGet(46)) - raft.server.log.segment.cache.num.max = 2 (custom)
2023-01-19 21:16:10,666 [pool-186-thread-1] INFO  server.RaftServerConfigKeys (ConfUtils.java:logGet(46)) - raft.server.log.segment.cache.size.max = 200MB (=209715200) (default)
2023-01-19 21:16:10,666 [pool-186-thread-1] INFO  segmented.SegmentedRaftLogWorker (SegmentedRaftLogWorker.java:<init>(189)) - new 466e37ce-bab8-43e3-8861-d2a29ea05bd5@group-050ED9BB5AE7-SegmentedRaftLogWorker for RaftStorageImpl:Storage Directory /home/runner/work/ozone/ozone/hadoop-ozone/integration-test/target/test-dir/MiniOzoneClusterImpl-df602b49-e577-4a1d-ae00-d896acd8b89d/datanode-5/data/ratis/3fa656ae-443f-4ebc-a81c-050ed9bb5ae7
2023-01-19 21:16:10,666 [pool-186-thread-1] INFO  server.RaftServerConfigKeys (ConfUtils.java:logGet(46)) - raft.server.log.queue.byte-limit = 4294967296 (custom)
2023-01-19 21:16:10,667 [pool-186-thread-1] INFO  server.RaftServerConfigKeys (ConfUtils.java:logGet(46)) - raft.server.log.queue.element-limit = 1024 (custom)
2023-01-19 21:16:10,667 [pool-186-thread-1] INFO  server.RaftServerConfigKeys (ConfUtils.java:logGet(46)) - raft.server.log.segment.size.max = 1048576 (custom)
2023-01-19 21:16:10,667 [pool-186-thread-1] INFO  server.RaftServerConfigKeys (ConfUtils.java:logGet(46)) - raft.server.log.preallocated.size = 16384 (custom)
2023-01-19 21:16:10,667 [pool-186-thread-1] INFO  server.RaftServerConfigKeys (ConfUtils.java:logGet(46)) - raft.server.log.force.sync.num = 128 (default)
2023-01-19 21:16:10,667 [pool-186-thread-1] INFO  server.RaftServerConfigKeys (ConfUtils.java:logGet(46)) - raft.server.log.statemachine.data.sync = true (default)
2023-01-19 21:16:10,667 [pool-186-thread-1] INFO  server.RaftServerConfigKeys (ConfUtils.java:logGet(46)) - raft.server.log.statemachine.data.sync.timeout = 10s (default)
2023-01-19 21:16:10,667 [pool-186-thread-1] INFO  server.RaftServerConfigKeys (ConfUtils.java:logGet(46)) - raft.server.log.statemachine.data.sync.timeout.retry = -1 (default)
2023-01-19 21:16:10,670 [pool-186-thread-1] INFO  server.RaftServerConfigKeys (ConfUtils.java:logGet(46)) - raft.server.log.write.buffer.size = 1048576 (custom)
2023-01-19 21:16:10,671 [pool-186-thread-1] INFO  server.RaftServerConfigKeys (ConfUtils.java:logGet(46)) - raft.server.log.appender.buffer.byte-limit = 33554432 (custom)
2023-01-19 21:16:10,676 [pool-163-thread-1] INFO  server.RaftServer$Division (RaftServerImpl.java:start(334)) - 644b7e96-e81f-4c38-853b-c70c4b8809a7@group-CC3B4D02D24B: start as a follower, conf=-1: peers:[466e37ce-bab8-43e3-8861-d2a29ea05bd5|rpc:10.1.0.40:42247|dataStream:10.1.0.40:46349|priority:0|startupRole:FOLLOWER, 9f11bae2-70d6-4c19-b175-54f3bf2a6776|rpc:10.1.0.40:41965|dataStream:10.1.0.40:33671|priority:1|startupRole:FOLLOWER, 644b7e96-e81f-4c38-853b-c70c4b8809a7|rpc:10.1.0.40:34945|dataStream:10.1.0.40:33363|priority:0|startupRole:FOLLOWER]|listeners:[], old=null
2023-01-19 21:16:10,676 [pool-163-thread-1] INFO  server.RaftServer$Division (RaftServerImpl.java:setRole(321)) - 644b7e96-e81f-4c38-853b-c70c4b8809a7@group-CC3B4D02D24B: changes role from      null to FOLLOWER at term 0 for startAsFollower
2023-01-19 21:16:10,676 [pool-163-thread-1] INFO  impl.RoleInfo (RoleInfo.java:updateAndGet(139)) - 644b7e96-e81f-4c38-853b-c70c4b8809a7: start 644b7e96-e81f-4c38-853b-c70c4b8809a7@group-CC3B4D02D24B-FollowerState
2023-01-19 21:16:10,677 [pool-163-thread-1] INFO  util.JmxRegister (JmxRegister.java:tryRegister(44)) - Successfully registered JMX Bean with object name Ratis:service=RaftServer,group=group-CC3B4D02D24B,id=644b7e96-e81f-4c38-853b-c70c4b8809a7
2023-01-19 21:16:10,677 [pool-163-thread-1] INFO  server.RaftServerConfigKeys (ConfUtils.java:logGet(46)) - raft.server.snapshot.auto.trigger.enabled = true (custom)
2023-01-19 21:16:10,677 [pool-163-thread-1] INFO  server.RaftServerConfigKeys (ConfUtils.java:logGet(46)) - raft.server.snapshot.auto.trigger.threshold = 10000 (custom)
2023-01-19 21:16:10,677 [pool-163-thread-1] INFO  server.RaftServerConfigKeys (ConfUtils.java:logGet(46)) - raft.server.snapshot.retention.file.num = 5 (custom)
2023-01-19 21:16:10,677 [pool-163-thread-1] INFO  server.RaftServerConfigKeys (ConfUtils.java:logGet(46)) - raft.server.log.purge.upto.snapshot.index = false (default)
2023-01-19 21:16:10,677 [644b7e96-e81f-4c38-853b-c70c4b8809a7@group-CC3B4D02D24B-FollowerState] INFO  server.RaftServerConfigKeys (ConfUtils.java:logFallback(53)) - raft.server.rpc.first-election.timeout.min = 5s (fallback to raft.server.rpc.timeout.min)
2023-01-19 21:16:10,680 [EventQueue-OpenPipelineForHealthyPipelineSafeModeRule] INFO  safemode.SCMSafeModeManager (HealthyPipelineSafeModeRule.java:process(137)) - SCM in safe mode. Healthy pipelines reported count is 0, required healthy pipeline reported count is 1
2023-01-19 21:16:10,680 [Command processor thread] INFO  commandhandler.CreatePipelineCommandHandler (CreatePipelineCommandHandler.java:handle(113)) - Created Pipeline RATIS THREE PipelineID=9bf9702d-9d55-48cc-b038-cc3b4d02d24b.
2023-01-19 21:16:10,679 [pool-186-thread-1] INFO  server.RaftServerConfigKeys (ConfUtils.java:logGet(46)) - raft.server.log.unsafe-flush.enabled = false (default)
2023-01-19 21:16:10,680 [pool-186-thread-1] INFO  server.RaftServerConfigKeys (ConfUtils.java:logGet(46)) - raft.server.log.async-flush.enabled = false (default)
2023-01-19 21:16:10,680 [pool-186-thread-1] INFO  server.RaftServerConfigKeys (ConfUtils.java:logGet(46)) - raft.server.log.statemachine.data.caching.enabled = true (custom)
2023-01-19 21:16:10,680 [644b7e96-e81f-4c38-853b-c70c4b8809a7@group-CC3B4D02D24B-FollowerState] INFO  server.RaftServerConfigKeys (ConfUtils.java:logFallback(53)) - raft.server.rpc.first-election.timeout.max = 5200ms (fallback to raft.server.rpc.timeout.max)
2023-01-19 21:16:10,680 [pool-186-thread-1] INFO  segmented.SegmentedRaftLogWorker (SegmentedRaftLogWorker.java:lambda$new$0(135)) - 466e37ce-bab8-43e3-8861-d2a29ea05bd5@group-050ED9BB5AE7-SegmentedRaftLogWorker: flushIndex: setUnconditionally 0 -> -1
2023-01-19 21:16:10,680 [pool-186-thread-1] INFO  segmented.SegmentedRaftLogWorker (SegmentedRaftLogWorker.java:lambda$new$0(135)) - 466e37ce-bab8-43e3-8861-d2a29ea05bd5@group-050ED9BB5AE7-SegmentedRaftLogWorker: safeCacheEvictIndex: setUnconditionally 0 -> -1
2023-01-19 21:16:10,678 [Command processor thread] INFO  ratis.XceiverServerRatis (XceiverServerRatis.java:addGroup(806)) - Created group PipelineID=9bf9702d-9d55-48cc-b038-cc3b4d02d24b
2023-01-19 21:16:10,684 [pool-186-thread-1] INFO  server.RaftServer$Division (RaftServerImpl.java:start(334)) - 466e37ce-bab8-43e3-8861-d2a29ea05bd5@group-050ED9BB5AE7: start as a follower, conf=-1: peers:[466e37ce-bab8-43e3-8861-d2a29ea05bd5|rpc:10.1.0.40:42247|dataStream:10.1.0.40:46349|priority:1|startupRole:FOLLOWER]|listeners:[], old=null
2023-01-19 21:16:10,684 [pool-186-thread-1] INFO  server.RaftServer$Division (RaftServerImpl.java:setRole(321)) - 466e37ce-bab8-43e3-8861-d2a29ea05bd5@group-050ED9BB5AE7: changes role from      null to FOLLOWER at term 0 for startAsFollower
2023-01-19 21:16:10,684 [pool-186-thread-1] INFO  impl.RoleInfo (RoleInfo.java:updateAndGet(139)) - 466e37ce-bab8-43e3-8861-d2a29ea05bd5: start 466e37ce-bab8-43e3-8861-d2a29ea05bd5@group-050ED9BB5AE7-FollowerState
2023-01-19 21:16:10,685 [pool-186-thread-1] INFO  util.JmxRegister (JmxRegister.java:tryRegister(44)) - Successfully registered JMX Bean with object name Ratis:service=RaftServer,group=group-050ED9BB5AE7,id=466e37ce-bab8-43e3-8861-d2a29ea05bd5
2023-01-19 21:16:10,685 [pool-186-thread-1] INFO  server.RaftServerConfigKeys (ConfUtils.java:logGet(46)) - raft.server.snapshot.auto.trigger.enabled = true (custom)
2023-01-19 21:16:10,685 [pool-186-thread-1] INFO  server.RaftServerConfigKeys (ConfUtils.java:logGet(46)) - raft.server.snapshot.auto.trigger.threshold = 10000 (custom)
2023-01-19 21:16:10,685 [pool-186-thread-1] INFO  server.RaftServerConfigKeys (ConfUtils.java:logGet(46)) - raft.server.snapshot.retention.file.num = 5 (custom)
2023-01-19 21:16:10,686 [pool-186-thread-1] INFO  server.RaftServerConfigKeys (ConfUtils.java:logGet(46)) - raft.server.log.purge.upto.snapshot.index = false (default)
2023-01-19 21:16:10,686 [466e37ce-bab8-43e3-8861-d2a29ea05bd5@group-050ED9BB5AE7-FollowerState] INFO  server.RaftServerConfigKeys (ConfUtils.java:logFallback(53)) - raft.server.rpc.first-election.timeout.min = 5s (fallback to raft.server.rpc.timeout.min)
2023-01-19 21:16:10,686 [466e37ce-bab8-43e3-8861-d2a29ea05bd5@group-050ED9BB5AE7-FollowerState] INFO  server.RaftServerConfigKeys (ConfUtils.java:logFallback(53)) - raft.server.rpc.first-election.timeout.max = 5200ms (fallback to raft.server.rpc.timeout.max)
2023-01-19 21:16:10,690 [Command processor thread] INFO  ratis.XceiverServerRatis (XceiverServerRatis.java:addGroup(806)) - Created group PipelineID=3fa656ae-443f-4ebc-a81c-050ed9bb5ae7
2023-01-19 21:16:10,690 [Command processor thread] INFO  commandhandler.CreatePipelineCommandHandler (CreatePipelineCommandHandler.java:handle(113)) - Created Pipeline RATIS ONE PipelineID=3fa656ae-443f-4ebc-a81c-050ed9bb5ae7.
2023-01-19 21:16:10,730 [Command processor thread] INFO  commandhandler.CreatePipelineCommandHandler (CreatePipelineCommandHandler.java:handle(113)) - Created Pipeline RATIS THREE PipelineID=9bf9702d-9d55-48cc-b038-cc3b4d02d24b.
2023-01-19 21:16:11,006 [Listener at 127.0.0.1/34089] INFO  ozone.MiniOzoneClusterImpl (MiniOzoneClusterImpl.java:lambda$waitForClusterToBeReady$0(218)) - Nodes are ready. Got 7 of 7 DN Heartbeats.
2023-01-19 21:16:11,006 [Listener at 127.0.0.1/34089] INFO  ozone.MiniOzoneClusterImpl (MiniOzoneClusterImpl.java:lambda$waitForClusterToBeReady$0(221)) - Waiting for cluster to exit safe mode
2023-01-19 21:16:11,006 [Listener at 127.0.0.1/34089] INFO  ozone.MiniOzoneClusterImpl (MiniOzoneClusterImpl.java:lambda$waitForClusterToBeReady$0(223)) - SCM became leader
2023-01-19 21:16:11,013 [Command processor thread] INFO  server.RaftServer (RaftServerProxy.java:addNew(96)) - 3ef17d3f-5602-43d4-9aab-3516f470ca8d: addNew group-E00FDD7C002A:[3ef17d3f-5602-43d4-9aab-3516f470ca8d|rpc:10.1.0.40:44823|dataStream:10.1.0.40:38191|priority:1|startupRole:FOLLOWER] returns group-E00FDD7C002A:java.util.concurrent.CompletableFuture@2d968ee4[Not completed]
2023-01-19 21:16:11,017 [pool-209-thread-1] INFO  server.RaftServer$Division (RaftServerImpl.java:<init>(195)) - 3ef17d3f-5602-43d4-9aab-3516f470ca8d: new RaftServerImpl for group-E00FDD7C002A:[3ef17d3f-5602-43d4-9aab-3516f470ca8d|rpc:10.1.0.40:44823|dataStream:10.1.0.40:38191|priority:1|startupRole:FOLLOWER] with ContainerStateMachine:uninitialized
2023-01-19 21:16:11,017 [pool-209-thread-1] INFO  server.RaftServerConfigKeys (ConfUtils.java:logGet(46)) - raft.server.rpc.timeout.min = 5s (custom)
2023-01-19 21:16:11,017 [pool-209-thread-1] INFO  server.RaftServerConfigKeys (ConfUtils.java:logGet(46)) - raft.server.rpc.timeout.max = 5200ms (custom)
2023-01-19 21:16:11,017 [pool-209-thread-1] INFO  server.RaftServerConfigKeys (ConfUtils.java:logGet(46)) - raft.server.rpc.sleep.time = 25ms (default)
2023-01-19 21:16:11,017 [pool-209-thread-1] INFO  server.RaftServerConfigKeys (ConfUtils.java:logGet(46)) - raft.server.rpc.slowness.timeout = 300s (custom)
2023-01-19 21:16:11,017 [pool-209-thread-1] INFO  server.RaftServerConfigKeys (ConfUtils.java:logGet(46)) - raft.server.leaderelection.leader.step-down.wait-time = 10s (default)
2023-01-19 21:16:11,017 [pool-209-thread-1] INFO  server.RaftServerConfigKeys (ConfUtils.java:logGet(46)) - raft.server.sleep.deviation.threshold = 300ms (default)
2023-01-19 21:16:11,017 [pool-209-thread-1] INFO  server.RaftServer$Division (ServerState.java:<init>(118)) - 3ef17d3f-5602-43d4-9aab-3516f470ca8d@group-E00FDD7C002A: ConfigurationManager, init=-1: peers:[3ef17d3f-5602-43d4-9aab-3516f470ca8d|rpc:10.1.0.40:44823|dataStream:10.1.0.40:38191|priority:1|startupRole:FOLLOWER]|listeners:[], old=null, confs=<EMPTY_MAP>
2023-01-19 21:16:11,017 [pool-209-thread-1] INFO  server.RaftServerConfigKeys (ConfUtils.java:logGet(46)) - raft.server.storage.dir = [/home/runner/work/ozone/ozone/hadoop-ozone/integration-test/target/test-dir/MiniOzoneClusterImpl-df602b49-e577-4a1d-ae00-d896acd8b89d/datanode-6/data/ratis] (custom)
2023-01-19 21:16:11,018 [pool-209-thread-1] INFO  server.RaftServerConfigKeys (ConfUtils.java:logGet(46)) - raft.server.log.corruption.policy = EXCEPTION (default)
2023-01-19 21:16:11,018 [pool-209-thread-1] INFO  server.RaftServerConfigKeys (ConfUtils.java:logGet(46)) - raft.server.storage.free-space.min = 0MB (=0) (default)
2023-01-19 21:16:11,018 [pool-209-thread-1] INFO  server.RaftServerConfigKeys (ConfUtils.java:logGet(46)) - raft.server.notification.no-leader.timeout = 300s (custom)
2023-01-19 21:16:11,018 [pool-209-thread-1] INFO  server.RaftServerConfigKeys (ConfUtils.java:logGet(46)) - raft.server.retrycache.expirytime = 600000ms (custom)
2023-01-19 21:16:11,018 [pool-209-thread-1] INFO  server.RaftServerConfigKeys (ConfUtils.java:logGet(46)) - raft.server.retrycache.statistics.expirytime = 100μs (default)
2023-01-19 21:16:11,021 [pool-209-thread-1] INFO  server.RaftServerConfigKeys (ConfUtils.java:logGet(46)) - raft.server.log.appender.install.snapshot.enabled = false (custom)
2023-01-19 21:16:11,021 [pool-209-thread-1] INFO  server.RaftServerConfigKeys (ConfUtils.java:logGet(46)) - raft.server.threadpool.server.cached = true (default)
2023-01-19 21:16:11,021 [pool-209-thread-1] INFO  server.RaftServerConfigKeys (ConfUtils.java:logGet(46)) - raft.server.threadpool.server.size = 0 (default)
2023-01-19 21:16:11,021 [pool-209-thread-1] INFO  server.RaftServerConfigKeys (ConfUtils.java:logGet(46)) - raft.server.threadpool.client.cached = true (default)
2023-01-19 21:16:11,021 [pool-209-thread-1] INFO  server.RaftServerConfigKeys (ConfUtils.java:logGet(46)) - raft.server.threadpool.client.size = 0 (default)
2023-01-19 21:16:11,021 [pool-209-thread-1] INFO  storage.RaftStorageDirectory (RaftStorageDirectoryImpl.java:analyzeStorage(137)) - The storage directory /home/runner/work/ozone/ozone/hadoop-ozone/integration-test/target/test-dir/MiniOzoneClusterImpl-df602b49-e577-4a1d-ae00-d896acd8b89d/datanode-6/data/ratis/f9dbc3c5-a0f5-4c03-810d-e00fdd7c002a does not exist. Creating ...
2023-01-19 21:16:11,023 [pool-209-thread-1] INFO  storage.RaftStorageDirectory (RaftStorageDirectoryImpl.java:tryLock(231)) - Lock on /home/runner/work/ozone/ozone/hadoop-ozone/integration-test/target/test-dir/MiniOzoneClusterImpl-df602b49-e577-4a1d-ae00-d896acd8b89d/datanode-6/data/ratis/f9dbc3c5-a0f5-4c03-810d-e00fdd7c002a/in_use.lock acquired by nodename 36349@fv-az353-460
2023-01-19 21:16:11,025 [pool-209-thread-1] INFO  storage.RaftStorage (RaftStorageImpl.java:format(96)) - Storage directory /home/runner/work/ozone/ozone/hadoop-ozone/integration-test/target/test-dir/MiniOzoneClusterImpl-df602b49-e577-4a1d-ae00-d896acd8b89d/datanode-6/data/ratis/f9dbc3c5-a0f5-4c03-810d-e00fdd7c002a has been successfully formatted.
2023-01-19 21:16:11,026 [pool-209-thread-1] INFO  ratis.ContainerStateMachine (ContainerStateMachine.java:loadSnapshot(240)) - group-E00FDD7C002A: The snapshot info is null. Setting the last applied indexto:(t:0, i:~)
2023-01-19 21:16:11,026 [pool-209-thread-1] INFO  server.RaftServerConfigKeys (ConfUtils.java:logGet(46)) - raft.server.log.use.memory = false (default)
2023-01-19 21:16:11,026 [pool-209-thread-1] INFO  server.RaftServerConfigKeys (ConfUtils.java:logGet(46)) - raft.server.log.purge.gap = 1000000 (custom)
2023-01-19 21:16:11,026 [pool-209-thread-1] INFO  server.RaftServerConfigKeys (ConfUtils.java:logGet(46)) - raft.server.log.appender.buffer.byte-limit = 33554432 (custom)
2023-01-19 21:16:11,026 [pool-209-thread-1] INFO  server.RaftServerConfigKeys (ConfUtils.java:logGet(46)) - raft.server.log.statemachine.data.read.timeout = 1000ms (default)
2023-01-19 21:16:11,026 [pool-209-thread-1] INFO  server.RaftServerConfigKeys (ConfUtils.java:logGet(46)) - raft.server.log.purge.preservation.log.num = 0 (default)
2023-01-19 21:16:11,026 [pool-209-thread-1] INFO  server.RaftServerConfigKeys (ConfUtils.java:logGet(46)) - raft.server.log.segment.size.max = 1048576 (custom)
2023-01-19 21:16:11,027 [pool-209-thread-1] INFO  server.RaftServerConfigKeys (ConfUtils.java:logGet(46)) - raft.server.log.segment.cache.num.max = 2 (custom)
2023-01-19 21:16:11,027 [pool-209-thread-1] INFO  server.RaftServerConfigKeys (ConfUtils.java:logGet(46)) - raft.server.log.segment.cache.size.max = 200MB (=209715200) (default)
2023-01-19 21:16:11,027 [pool-209-thread-1] INFO  segmented.SegmentedRaftLogWorker (SegmentedRaftLogWorker.java:<init>(189)) - new 3ef17d3f-5602-43d4-9aab-3516f470ca8d@group-E00FDD7C002A-SegmentedRaftLogWorker for RaftStorageImpl:Storage Directory /home/runner/work/ozone/ozone/hadoop-ozone/integration-test/target/test-dir/MiniOzoneClusterImpl-df602b49-e577-4a1d-ae00-d896acd8b89d/datanode-6/data/ratis/f9dbc3c5-a0f5-4c03-810d-e00fdd7c002a
2023-01-19 21:16:11,027 [pool-209-thread-1] INFO  server.RaftServerConfigKeys (ConfUtils.java:logGet(46)) - raft.server.log.queue.byte-limit = 4294967296 (custom)
2023-01-19 21:16:11,027 [pool-209-thread-1] INFO  server.RaftServerConfigKeys (ConfUtils.java:logGet(46)) - raft.server.log.queue.element-limit = 1024 (custom)
2023-01-19 21:16:11,027 [pool-209-thread-1] INFO  server.RaftServerConfigKeys (ConfUtils.java:logGet(46)) - raft.server.log.segment.size.max = 1048576 (custom)
2023-01-19 21:16:11,027 [pool-209-thread-1] INFO  server.RaftServerConfigKeys (ConfUtils.java:logGet(46)) - raft.server.log.preallocated.size = 16384 (custom)
2023-01-19 21:16:11,027 [pool-209-thread-1] INFO  server.RaftServerConfigKeys (ConfUtils.java:logGet(46)) - raft.server.log.force.sync.num = 128 (default)
2023-01-19 21:16:11,027 [pool-209-thread-1] INFO  server.RaftServerConfigKeys (ConfUtils.java:logGet(46)) - raft.server.log.statemachine.data.sync = true (default)
2023-01-19 21:16:11,027 [pool-209-thread-1] INFO  server.RaftServerConfigKeys (ConfUtils.java:logGet(46)) - raft.server.log.statemachine.data.sync.timeout = 10s (default)
2023-01-19 21:16:11,027 [pool-209-thread-1] INFO  server.RaftServerConfigKeys (ConfUtils.java:logGet(46)) - raft.server.log.statemachine.data.sync.timeout.retry = -1 (default)
2023-01-19 21:16:11,028 [EventQueue-PipelineReportForPipelineReportHandler] INFO  pipeline.PipelineManagerImpl (PipelineManagerImpl.java:openPipeline(367)) - Pipeline Pipeline[ Id: f9dbc3c5-a0f5-4c03-810d-e00fdd7c002a, Nodes: 3ef17d3f-5602-43d4-9aab-3516f470ca8d(fv-az353-460.tkyx2seitsuu3nmpmouz2httfb.bx.internal.cloudapp.net/10.1.0.40), ReplicationConfig: RATIS/ONE, State:ALLOCATED, leaderId:3ef17d3f-5602-43d4-9aab-3516f470ca8d, CreationTimestamp2023-01-19T21:16:08.016Z[Etc/UTC]] moved to OPEN state
2023-01-19 21:16:11,028 [pool-209-thread-1] INFO  server.RaftServerConfigKeys (ConfUtils.java:logGet(46)) - raft.server.log.write.buffer.size = 1048576 (custom)
2023-01-19 21:16:11,028 [EventQueue-OpenPipelineForHealthyPipelineSafeModeRule] INFO  safemode.SCMSafeModeManager (HealthyPipelineSafeModeRule.java:process(137)) - SCM in safe mode. Healthy pipelines reported count is 0, required healthy pipeline reported count is 1
2023-01-19 21:16:11,028 [pool-209-thread-1] INFO  server.RaftServerConfigKeys (ConfUtils.java:logGet(46)) - raft.server.log.appender.buffer.byte-limit = 33554432 (custom)
2023-01-19 21:16:11,033 [pool-209-thread-1] INFO  server.RaftServerConfigKeys (ConfUtils.java:logGet(46)) - raft.server.log.unsafe-flush.enabled = false (default)
2023-01-19 21:16:11,033 [pool-209-thread-1] INFO  server.RaftServerConfigKeys (ConfUtils.java:logGet(46)) - raft.server.log.async-flush.enabled = false (default)
2023-01-19 21:16:11,033 [pool-209-thread-1] INFO  server.RaftServerConfigKeys (ConfUtils.java:logGet(46)) - raft.server.log.statemachine.data.caching.enabled = true (custom)
2023-01-19 21:16:11,034 [pool-209-thread-1] INFO  segmented.SegmentedRaftLogWorker (SegmentedRaftLogWorker.java:lambda$new$0(135)) - 3ef17d3f-5602-43d4-9aab-3516f470ca8d@group-E00FDD7C002A-SegmentedRaftLogWorker: flushIndex: setUnconditionally 0 -> -1
2023-01-19 21:16:11,034 [pool-209-thread-1] INFO  segmented.SegmentedRaftLogWorker (SegmentedRaftLogWorker.java:lambda$new$0(135)) - 3ef17d3f-5602-43d4-9aab-3516f470ca8d@group-E00FDD7C002A-SegmentedRaftLogWorker: safeCacheEvictIndex: setUnconditionally 0 -> -1
2023-01-19 21:16:11,034 [pool-209-thread-1] INFO  server.RaftServer$Division (RaftServerImpl.java:start(334)) - 3ef17d3f-5602-43d4-9aab-3516f470ca8d@group-E00FDD7C002A: start as a follower, conf=-1: peers:[3ef17d3f-5602-43d4-9aab-3516f470ca8d|rpc:10.1.0.40:44823|dataStream:10.1.0.40:38191|priority:1|startupRole:FOLLOWER]|listeners:[], old=null
2023-01-19 21:16:11,034 [pool-209-thread-1] INFO  server.RaftServer$Division (RaftServerImpl.java:setRole(321)) - 3ef17d3f-5602-43d4-9aab-3516f470ca8d@group-E00FDD7C002A: changes role from      null to FOLLOWER at term 0 for startAsFollower
2023-01-19 21:16:11,034 [pool-209-thread-1] INFO  impl.RoleInfo (RoleInfo.java:updateAndGet(139)) - 3ef17d3f-5602-43d4-9aab-3516f470ca8d: start 3ef17d3f-5602-43d4-9aab-3516f470ca8d@group-E00FDD7C002A-FollowerState
2023-01-19 21:16:11,037 [pool-209-thread-1] INFO  util.JmxRegister (JmxRegister.java:tryRegister(44)) - Successfully registered JMX Bean with object name Ratis:service=RaftServer,group=group-E00FDD7C002A,id=3ef17d3f-5602-43d4-9aab-3516f470ca8d
2023-01-19 21:16:11,037 [3ef17d3f-5602-43d4-9aab-3516f470ca8d@group-E00FDD7C002A-FollowerState] INFO  server.RaftServerConfigKeys (ConfUtils.java:logFallback(53)) - raft.server.rpc.first-election.timeout.min = 5s (fallback to raft.server.rpc.timeout.min)
2023-01-19 21:16:11,037 [pool-209-thread-1] INFO  server.RaftServerConfigKeys (ConfUtils.java:logGet(46)) - raft.server.snapshot.auto.trigger.enabled = true (custom)
2023-01-19 21:16:11,037 [3ef17d3f-5602-43d4-9aab-3516f470ca8d@group-E00FDD7C002A-FollowerState] INFO  server.RaftServerConfigKeys (ConfUtils.java:logFallback(53)) - raft.server.rpc.first-election.timeout.max = 5200ms (fallback to raft.server.rpc.timeout.max)
2023-01-19 21:16:11,037 [pool-209-thread-1] INFO  server.RaftServerConfigKeys (ConfUtils.java:logGet(46)) - raft.server.snapshot.auto.trigger.threshold = 10000 (custom)
2023-01-19 21:16:11,037 [pool-209-thread-1] INFO  server.RaftServerConfigKeys (ConfUtils.java:logGet(46)) - raft.server.snapshot.retention.file.num = 5 (custom)
2023-01-19 21:16:11,037 [pool-209-thread-1] INFO  server.RaftServerConfigKeys (ConfUtils.java:logGet(46)) - raft.server.log.purge.upto.snapshot.index = false (default)
2023-01-19 21:16:11,038 [Command processor thread] INFO  ratis.XceiverServerRatis (XceiverServerRatis.java:addGroup(806)) - Created group PipelineID=f9dbc3c5-a0f5-4c03-810d-e00fdd7c002a
2023-01-19 21:16:11,038 [Command processor thread] INFO  commandhandler.CreatePipelineCommandHandler (CreatePipelineCommandHandler.java:handle(113)) - Created Pipeline RATIS ONE PipelineID=f9dbc3c5-a0f5-4c03-810d-e00fdd7c002a.
2023-01-19 21:16:12,007 [Listener at 127.0.0.1/34089] INFO  ozone.MiniOzoneClusterImpl (MiniOzoneClusterImpl.java:lambda$waitForClusterToBeReady$0(218)) - Nodes are ready. Got 7 of 7 DN Heartbeats.
2023-01-19 21:16:12,007 [Listener at 127.0.0.1/34089] INFO  ozone.MiniOzoneClusterImpl (MiniOzoneClusterImpl.java:lambda$waitForClusterToBeReady$0(221)) - Waiting for cluster to exit safe mode
2023-01-19 21:16:12,007 [Listener at 127.0.0.1/34089] INFO  ozone.MiniOzoneClusterImpl (MiniOzoneClusterImpl.java:lambda$waitForClusterToBeReady$0(223)) - SCM became leader
2023-01-19 21:16:13,007 [Listener at 127.0.0.1/34089] INFO  ozone.MiniOzoneClusterImpl (MiniOzoneClusterImpl.java:lambda$waitForClusterToBeReady$0(218)) - Nodes are ready. Got 7 of 7 DN Heartbeats.
2023-01-19 21:16:13,008 [Listener at 127.0.0.1/34089] INFO  ozone.MiniOzoneClusterImpl (MiniOzoneClusterImpl.java:lambda$waitForClusterToBeReady$0(221)) - Waiting for cluster to exit safe mode
2023-01-19 21:16:13,008 [Listener at 127.0.0.1/34089] INFO  ozone.MiniOzoneClusterImpl (MiniOzoneClusterImpl.java:lambda$waitForClusterToBeReady$0(223)) - SCM became leader
2023-01-19 21:16:13,729 [514168bb-47c6-4123-b047-b520965d68f2@group-0D696139C97F-FollowerState] INFO  impl.FollowerState (FollowerState.java:run(143)) - 514168bb-47c6-4123-b047-b520965d68f2@group-0D696139C97F-FollowerState: change to CANDIDATE, lastRpcElapsedTime:5105414857ns, electionTimeout:5102ms
2023-01-19 21:16:13,729 [514168bb-47c6-4123-b047-b520965d68f2@group-0D696139C97F-FollowerState] INFO  impl.RoleInfo (RoleInfo.java:shutdownFollowerState(110)) - 514168bb-47c6-4123-b047-b520965d68f2: shutdown 514168bb-47c6-4123-b047-b520965d68f2@group-0D696139C97F-FollowerState
2023-01-19 21:16:13,729 [514168bb-47c6-4123-b047-b520965d68f2@group-0D696139C97F-FollowerState] INFO  server.RaftServer$Division (RaftServerImpl.java:setRole(321)) - 514168bb-47c6-4123-b047-b520965d68f2@group-0D696139C97F: changes role from  FOLLOWER to CANDIDATE at term 0 for changeToCandidate
2023-01-19 21:16:13,731 [514168bb-47c6-4123-b047-b520965d68f2@group-0D696139C97F-FollowerState] INFO  server.RaftServerConfigKeys (ConfUtils.java:logGet(46)) - raft.server.leaderelection.pre-vote = false (custom)
2023-01-19 21:16:13,731 [514168bb-47c6-4123-b047-b520965d68f2@group-0D696139C97F-FollowerState] INFO  impl.RoleInfo (RoleInfo.java:updateAndGet(139)) - 514168bb-47c6-4123-b047-b520965d68f2: start 514168bb-47c6-4123-b047-b520965d68f2@group-0D696139C97F-LeaderElection2
2023-01-19 21:16:13,741 [514168bb-47c6-4123-b047-b520965d68f2@group-0D696139C97F-LeaderElection2] INFO  impl.LeaderElection (LeaderElection.java:askForVotes(312)) - 514168bb-47c6-4123-b047-b520965d68f2@group-0D696139C97F-LeaderElection2 ELECTION round 0: submit vote requests at term 1 for -1: peers:[514168bb-47c6-4123-b047-b520965d68f2|rpc:10.1.0.40:32777|dataStream:10.1.0.40:40123|priority:1|startupRole:FOLLOWER]|listeners:[], old=null
2023-01-19 21:16:13,741 [514168bb-47c6-4123-b047-b520965d68f2@group-0D696139C97F-LeaderElection2] INFO  impl.LeaderElection (LeaderElection.java:askForVotes(314)) - 514168bb-47c6-4123-b047-b520965d68f2@group-0D696139C97F-LeaderElection2 ELECTION round 0: result PASSED (term=1)
2023-01-19 21:16:13,741 [514168bb-47c6-4123-b047-b520965d68f2@group-0D696139C97F-LeaderElection2] INFO  impl.RoleInfo (RoleInfo.java:shutdownLeaderElection(130)) - 514168bb-47c6-4123-b047-b520965d68f2: shutdown 514168bb-47c6-4123-b047-b520965d68f2@group-0D696139C97F-LeaderElection2
2023-01-19 21:16:13,741 [514168bb-47c6-4123-b047-b520965d68f2@group-0D696139C97F-LeaderElection2] INFO  server.RaftServer$Division (RaftServerImpl.java:setRole(321)) - 514168bb-47c6-4123-b047-b520965d68f2@group-0D696139C97F: changes role from CANDIDATE to LEADER at term 1 for changeToLeader
2023-01-19 21:16:13,741 [514168bb-47c6-4123-b047-b520965d68f2@group-0D696139C97F-LeaderElection2] INFO  ratis.XceiverServerRatis (XceiverServerRatis.java:handleLeaderChangedNotification(904)) - Leader change notification received for group: group-0D696139C97F with new leaderId: 514168bb-47c6-4123-b047-b520965d68f2
2023-01-19 21:16:13,743 [514168bb-47c6-4123-b047-b520965d68f2@group-0D696139C97F-LeaderElection2] INFO  server.RaftServer$Division (ServerState.java:setLeader(313)) - 514168bb-47c6-4123-b047-b520965d68f2@group-0D696139C97F: change Leader from null to 514168bb-47c6-4123-b047-b520965d68f2 at term 1 for becomeLeader, leader elected after 5156ms
2023-01-19 21:16:13,743 [514168bb-47c6-4123-b047-b520965d68f2@group-0D696139C97F-LeaderElection2] INFO  server.RaftServerConfigKeys (ConfUtils.java:logGet(46)) - raft.server.staging.catchup.gap = 1000 (default)
2023-01-19 21:16:13,743 [514168bb-47c6-4123-b047-b520965d68f2@group-0D696139C97F-LeaderElection2] INFO  server.RaftServerConfigKeys (ConfUtils.java:logGet(46)) - raft.server.write.element-limit = 1024 (custom)
2023-01-19 21:16:13,744 [EventQueue-OpenPipelineForHealthyPipelineSafeModeRule] INFO  safemode.SCMSafeModeManager (HealthyPipelineSafeModeRule.java:process(137)) - SCM in safe mode. Healthy pipelines reported count is 0, required healthy pipeline reported count is 1
2023-01-19 21:16:13,744 [514168bb-47c6-4123-b047-b520965d68f2@group-0D696139C97F-LeaderElection2] INFO  server.RaftServerConfigKeys (ConfUtils.java:logGet(46)) - raft.server.write.byte-limit = 1024 M (=1073741824) (custom)
2023-01-19 21:16:13,745 [514168bb-47c6-4123-b047-b520965d68f2@group-0D696139C97F-LeaderElection2] INFO  server.RaftServerConfigKeys (ConfUtils.java:logGet(46)) - raft.server.watch.timeout = 180s (custom)
2023-01-19 21:16:13,745 [514168bb-47c6-4123-b047-b520965d68f2@group-0D696139C97F-LeaderElection2] INFO  server.RaftServerConfigKeys (ConfUtils.java:logGet(46)) - raft.server.watch.timeout.denomination = 1s (default)
2023-01-19 21:16:13,745 [514168bb-47c6-4123-b047-b520965d68f2@group-0D696139C97F-LeaderElection2] INFO  server.RaftServerConfigKeys (ConfUtils.java:logGet(46)) - raft.server.watch.element-limit = 65536 (default)
2023-01-19 21:16:13,745 [514168bb-47c6-4123-b047-b520965d68f2@group-0D696139C97F-LeaderElection2] INFO  server.RaftServerConfigKeys (ConfUtils.java:logGet(46)) - raft.server.write.element-limit = 1024 (custom)
2023-01-19 21:16:13,745 [514168bb-47c6-4123-b047-b520965d68f2@group-0D696139C97F-LeaderElection2] INFO  server.RaftServerConfigKeys (ConfUtils.java:logGet(46)) - raft.server.write.follower.gap.ratio.max = -1.0 (default)
2023-01-19 21:16:13,745 [514168bb-47c6-4123-b047-b520965d68f2@group-0D696139C97F-LeaderElection2] INFO  impl.RoleInfo (RoleInfo.java:updateAndGet(139)) - 514168bb-47c6-4123-b047-b520965d68f2: start 514168bb-47c6-4123-b047-b520965d68f2@group-0D696139C97F-LeaderStateImpl
2023-01-19 21:16:13,745 [514168bb-47c6-4123-b047-b520965d68f2@group-0D696139C97F-LeaderElection2] INFO  segmented.SegmentedRaftLogWorker (SegmentedRaftLogWorker.java:startLogSegment(452)) - 514168bb-47c6-4123-b047-b520965d68f2@group-0D696139C97F-SegmentedRaftLogWorker: Starting segment from index:0
2023-01-19 21:16:13,748 [514168bb-47c6-4123-b047-b520965d68f2@group-0D696139C97F-LeaderElection2] INFO  server.RaftServer$Division (ServerState.java:setRaftConf(430)) - 514168bb-47c6-4123-b047-b520965d68f2@group-0D696139C97F: set configuration 0: peers:[514168bb-47c6-4123-b047-b520965d68f2|rpc:10.1.0.40:32777|dataStream:10.1.0.40:40123|priority:1|startupRole:FOLLOWER]|listeners:[], old=null
2023-01-19 21:16:13,749 [514168bb-47c6-4123-b047-b520965d68f2@group-0D696139C97F-SegmentedRaftLogWorker] INFO  segmented.SegmentedRaftLogWorker (SegmentedRaftLogWorker.java:execute(656)) - 514168bb-47c6-4123-b047-b520965d68f2@group-0D696139C97F-SegmentedRaftLogWorker: created new log segment /home/runner/work/ozone/ozone/hadoop-ozone/integration-test/target/test-dir/MiniOzoneClusterImpl-df602b49-e577-4a1d-ae00-d896acd8b89d/datanode-0/data/ratis/f7b050e3-61e0-4d8a-82c8-0d696139c97f/current/log_inprogress_0
2023-01-19 21:16:13,754 [514168bb-47c6-4123-b047-b520965d68f2@group-005B46E3A8B7-FollowerState] INFO  impl.FollowerState (FollowerState.java:run(143)) - 514168bb-47c6-4123-b047-b520965d68f2@group-005B46E3A8B7-FollowerState: change to CANDIDATE, lastRpcElapsedTime:5088359793ns, electionTimeout:5087ms
2023-01-19 21:16:13,755 [514168bb-47c6-4123-b047-b520965d68f2@group-005B46E3A8B7-FollowerState] INFO  impl.RoleInfo (RoleInfo.java:shutdownFollowerState(110)) - 514168bb-47c6-4123-b047-b520965d68f2: shutdown 514168bb-47c6-4123-b047-b520965d68f2@group-005B46E3A8B7-FollowerState
2023-01-19 21:16:13,755 [514168bb-47c6-4123-b047-b520965d68f2@group-005B46E3A8B7-FollowerState] INFO  server.RaftServer$Division (RaftServerImpl.java:setRole(321)) - 514168bb-47c6-4123-b047-b520965d68f2@group-005B46E3A8B7: changes role from  FOLLOWER to CANDIDATE at term 0 for changeToCandidate
2023-01-19 21:16:13,756 [514168bb-47c6-4123-b047-b520965d68f2@group-005B46E3A8B7-FollowerState] INFO  server.RaftServerConfigKeys (ConfUtils.java:logGet(46)) - raft.server.leaderelection.pre-vote = false (custom)
2023-01-19 21:16:13,756 [514168bb-47c6-4123-b047-b520965d68f2@group-005B46E3A8B7-FollowerState] INFO  impl.RoleInfo (RoleInfo.java:updateAndGet(139)) - 514168bb-47c6-4123-b047-b520965d68f2: start 514168bb-47c6-4123-b047-b520965d68f2@group-005B46E3A8B7-LeaderElection3
2023-01-19 21:16:13,758 [514168bb-47c6-4123-b047-b520965d68f2@group-005B46E3A8B7-LeaderElection3] INFO  impl.LeaderElection (LeaderElection.java:askForVotes(312)) - 514168bb-47c6-4123-b047-b520965d68f2@group-005B46E3A8B7-LeaderElection3 ELECTION round 0: submit vote requests at term 1 for -1: peers:[79fc7c85-f428-4972-afd4-216d9203d099|rpc:10.1.0.40:34077|dataStream:10.1.0.40:41333|priority:1|startupRole:FOLLOWER, 514168bb-47c6-4123-b047-b520965d68f2|rpc:10.1.0.40:32777|dataStream:10.1.0.40:40123|priority:0|startupRole:FOLLOWER, 34034301-6f4f-4b64-a7af-0630178f1887|rpc:10.1.0.40:37447|dataStream:10.1.0.40:39551|priority:0|startupRole:FOLLOWER]|listeners:[], old=null
2023-01-19 21:16:13,764 [514168bb-47c6-4123-b047-b520965d68f2@group-005B46E3A8B7-LeaderElection3] INFO  server.RaftServerConfigKeys (ConfUtils.java:logFallback(53)) - raft.server.rpc.first-election.timeout.min = 5s (fallback to raft.server.rpc.timeout.min)
2023-01-19 21:16:13,764 [514168bb-47c6-4123-b047-b520965d68f2@group-005B46E3A8B7-LeaderElection3] INFO  server.RaftServerConfigKeys (ConfUtils.java:logFallback(53)) - raft.server.rpc.first-election.timeout.max = 5200ms (fallback to raft.server.rpc.timeout.max)
2023-01-19 21:16:13,764 [514168bb-47c6-4123-b047-b520965d68f2@group-005B46E3A8B7-LeaderElection3-1] INFO  server.GrpcServerProtocolClient (GrpcServerProtocolClient.java:<init>(63)) - Build channel for 79fc7c85-f428-4972-afd4-216d9203d099
2023-01-19 21:16:13,768 [514168bb-47c6-4123-b047-b520965d68f2@group-005B46E3A8B7-LeaderElection3-2] INFO  server.GrpcServerProtocolClient (GrpcServerProtocolClient.java:<init>(63)) - Build channel for 34034301-6f4f-4b64-a7af-0630178f1887
2023-01-19 21:16:13,795 [grpc-default-executor-0] INFO  server.RaftServer$Division (RaftServerImpl.java:requestVote(1218)) - 79fc7c85-f428-4972-afd4-216d9203d099@group-005B46E3A8B7: receive requestVote(ELECTION, 514168bb-47c6-4123-b047-b520965d68f2, group-005B46E3A8B7, 1, (t:0, i:0))
2023-01-19 21:16:13,796 [grpc-default-executor-1] INFO  server.RaftServer$Division (RaftServerImpl.java:requestVote(1218)) - 34034301-6f4f-4b64-a7af-0630178f1887@group-005B46E3A8B7: receive requestVote(ELECTION, 514168bb-47c6-4123-b047-b520965d68f2, group-005B46E3A8B7, 1, (t:0, i:0))
2023-01-19 21:16:13,797 [grpc-default-executor-0] INFO  impl.VoteContext (VoteContext.java:log(49)) - 79fc7c85-f428-4972-afd4-216d9203d099@group-005B46E3A8B7-FOLLOWER: reject ELECTION from 514168bb-47c6-4123-b047-b520965d68f2: our priority 1 > candidate's priority 0
2023-01-19 21:16:13,798 [grpc-default-executor-0] INFO  server.RaftServer$Division (RaftServerImpl.java:setRole(321)) - 79fc7c85-f428-4972-afd4-216d9203d099@group-005B46E3A8B7: changes role from  FOLLOWER to FOLLOWER at term 1 for candidate:514168bb-47c6-4123-b047-b520965d68f2
2023-01-19 21:16:13,798 [grpc-default-executor-0] INFO  impl.RoleInfo (RoleInfo.java:shutdownFollowerState(110)) - 79fc7c85-f428-4972-afd4-216d9203d099: shutdown 79fc7c85-f428-4972-afd4-216d9203d099@group-005B46E3A8B7-FollowerState
2023-01-19 21:16:13,798 [79fc7c85-f428-4972-afd4-216d9203d099@group-005B46E3A8B7-FollowerState] INFO  impl.FollowerState (FollowerState.java:run(152)) - 79fc7c85-f428-4972-afd4-216d9203d099@group-005B46E3A8B7-FollowerState was interrupted
2023-01-19 21:16:13,797 [grpc-default-executor-1] INFO  impl.VoteContext (VoteContext.java:log(49)) - 34034301-6f4f-4b64-a7af-0630178f1887@group-005B46E3A8B7-FOLLOWER: accept ELECTION from 514168bb-47c6-4123-b047-b520965d68f2: our priority 0 <= candidate's priority 0
2023-01-19 21:16:13,800 [grpc-default-executor-0] INFO  impl.RoleInfo (RoleInfo.java:updateAndGet(139)) - 79fc7c85-f428-4972-afd4-216d9203d099: start 79fc7c85-f428-4972-afd4-216d9203d099@group-005B46E3A8B7-FollowerState
2023-01-19 21:16:13,800 [grpc-default-executor-1] INFO  server.RaftServer$Division (RaftServerImpl.java:setRole(321)) - 34034301-6f4f-4b64-a7af-0630178f1887@group-005B46E3A8B7: changes role from  FOLLOWER to FOLLOWER at term 1 for candidate:514168bb-47c6-4123-b047-b520965d68f2
2023-01-19 21:16:13,800 [grpc-default-executor-1] INFO  impl.RoleInfo (RoleInfo.java:shutdownFollowerState(110)) - 34034301-6f4f-4b64-a7af-0630178f1887: shutdown 34034301-6f4f-4b64-a7af-0630178f1887@group-005B46E3A8B7-FollowerState
2023-01-19 21:16:13,800 [34034301-6f4f-4b64-a7af-0630178f1887@group-005B46E3A8B7-FollowerState] INFO  impl.FollowerState (FollowerState.java:run(152)) - 34034301-6f4f-4b64-a7af-0630178f1887@group-005B46E3A8B7-FollowerState was interrupted
2023-01-19 21:16:13,800 [grpc-default-executor-1] INFO  impl.RoleInfo (RoleInfo.java:updateAndGet(139)) - 34034301-6f4f-4b64-a7af-0630178f1887: start 34034301-6f4f-4b64-a7af-0630178f1887@group-005B46E3A8B7-FollowerState
2023-01-19 21:16:13,801 [79fc7c85-f428-4972-afd4-216d9203d099@group-005B46E3A8B7-FollowerState] INFO  server.RaftServerConfigKeys (ConfUtils.java:logFallback(53)) - raft.server.rpc.first-election.timeout.min = 5s (fallback to raft.server.rpc.timeout.min)
2023-01-19 21:16:13,804 [79fc7c85-f428-4972-afd4-216d9203d099@group-005B46E3A8B7-FollowerState] INFO  server.RaftServerConfigKeys (ConfUtils.java:logFallback(53)) - raft.server.rpc.first-election.timeout.max = 5200ms (fallback to raft.server.rpc.timeout.max)
2023-01-19 21:16:13,804 [34034301-6f4f-4b64-a7af-0630178f1887@group-005B46E3A8B7-FollowerState] INFO  server.RaftServerConfigKeys (ConfUtils.java:logFallback(53)) - raft.server.rpc.first-election.timeout.min = 5s (fallback to raft.server.rpc.timeout.min)
2023-01-19 21:16:13,804 [34034301-6f4f-4b64-a7af-0630178f1887@group-005B46E3A8B7-FollowerState] INFO  server.RaftServerConfigKeys (ConfUtils.java:logFallback(53)) - raft.server.rpc.first-election.timeout.max = 5200ms (fallback to raft.server.rpc.timeout.max)
2023-01-19 21:16:13,808 [grpc-default-executor-0] INFO  server.RaftServer$Division (RaftServerImpl.java:requestVote(1251)) - 79fc7c85-f428-4972-afd4-216d9203d099@group-005B46E3A8B7 replies to ELECTION vote request: 514168bb-47c6-4123-b047-b520965d68f2<-79fc7c85-f428-4972-afd4-216d9203d099#0:FAIL-t1. Peer's state: 79fc7c85-f428-4972-afd4-216d9203d099@group-005B46E3A8B7:t1, leader=null, voted=null, raftlog=Memoized:79fc7c85-f428-4972-afd4-216d9203d099@group-005B46E3A8B7-SegmentedRaftLog:OPENED:c-1, conf=-1: peers:[79fc7c85-f428-4972-afd4-216d9203d099|rpc:10.1.0.40:34077|dataStream:10.1.0.40:41333|priority:1|startupRole:FOLLOWER, 514168bb-47c6-4123-b047-b520965d68f2|rpc:10.1.0.40:32777|dataStream:10.1.0.40:40123|priority:0|startupRole:FOLLOWER, 34034301-6f4f-4b64-a7af-0630178f1887|rpc:10.1.0.40:37447|dataStream:10.1.0.40:39551|priority:0|startupRole:FOLLOWER]|listeners:[], old=null
2023-01-19 21:16:13,809 [grpc-default-executor-1] INFO  server.RaftServer$Division (RaftServerImpl.java:requestVote(1251)) - 34034301-6f4f-4b64-a7af-0630178f1887@group-005B46E3A8B7 replies to ELECTION vote request: 514168bb-47c6-4123-b047-b520965d68f2<-34034301-6f4f-4b64-a7af-0630178f1887#0:OK-t1. Peer's state: 34034301-6f4f-4b64-a7af-0630178f1887@group-005B46E3A8B7:t1, leader=null, voted=514168bb-47c6-4123-b047-b520965d68f2, raftlog=Memoized:34034301-6f4f-4b64-a7af-0630178f1887@group-005B46E3A8B7-SegmentedRaftLog:OPENED:c-1, conf=-1: peers:[79fc7c85-f428-4972-afd4-216d9203d099|rpc:10.1.0.40:34077|dataStream:10.1.0.40:41333|priority:1|startupRole:FOLLOWER, 514168bb-47c6-4123-b047-b520965d68f2|rpc:10.1.0.40:32777|dataStream:10.1.0.40:40123|priority:0|startupRole:FOLLOWER, 34034301-6f4f-4b64-a7af-0630178f1887|rpc:10.1.0.40:37447|dataStream:10.1.0.40:39551|priority:0|startupRole:FOLLOWER]|listeners:[], old=null
2023-01-19 21:16:13,811 [514168bb-47c6-4123-b047-b520965d68f2@group-005B46E3A8B7-LeaderElection3] INFO  impl.LeaderElection (LeaderElection.java:logAndReturn(90)) - 514168bb-47c6-4123-b047-b520965d68f2@group-005B46E3A8B7-LeaderElection3: ELECTION REJECTED received 1 response(s) and 0 exception(s):
2023-01-19 21:16:13,812 [514168bb-47c6-4123-b047-b520965d68f2@group-005B46E3A8B7-LeaderElection3] INFO  impl.LeaderElection (LeaderElection.java:logAndReturn(94)) -   Response 0: 514168bb-47c6-4123-b047-b520965d68f2<-79fc7c85-f428-4972-afd4-216d9203d099#0:FAIL-t1
2023-01-19 21:16:13,812 [514168bb-47c6-4123-b047-b520965d68f2@group-005B46E3A8B7-LeaderElection3] INFO  impl.LeaderElection (LeaderElection.java:askForVotes(314)) - 514168bb-47c6-4123-b047-b520965d68f2@group-005B46E3A8B7-LeaderElection3 ELECTION round 0: result REJECTED
2023-01-19 21:16:13,812 [514168bb-47c6-4123-b047-b520965d68f2@group-005B46E3A8B7-LeaderElection3] INFO  server.RaftServer$Division (RaftServerImpl.java:setRole(321)) - 514168bb-47c6-4123-b047-b520965d68f2@group-005B46E3A8B7: changes role from CANDIDATE to FOLLOWER at term 1 for REJECTED
2023-01-19 21:16:13,812 [514168bb-47c6-4123-b047-b520965d68f2@group-005B46E3A8B7-LeaderElection3] INFO  impl.RoleInfo (RoleInfo.java:shutdownLeaderElection(130)) - 514168bb-47c6-4123-b047-b520965d68f2: shutdown 514168bb-47c6-4123-b047-b520965d68f2@group-005B46E3A8B7-LeaderElection3
2023-01-19 21:16:13,812 [514168bb-47c6-4123-b047-b520965d68f2@group-005B46E3A8B7-LeaderElection3] INFO  impl.RoleInfo (RoleInfo.java:updateAndGet(139)) - 514168bb-47c6-4123-b047-b520965d68f2: start 514168bb-47c6-4123-b047-b520965d68f2@group-005B46E3A8B7-FollowerState
2023-01-19 21:16:13,817 [514168bb-47c6-4123-b047-b520965d68f2@group-005B46E3A8B7-FollowerState] INFO  server.RaftServerConfigKeys (ConfUtils.java:logFallback(53)) - raft.server.rpc.first-election.timeout.min = 5s (fallback to raft.server.rpc.timeout.min)
2023-01-19 21:16:13,819 [514168bb-47c6-4123-b047-b520965d68f2@group-005B46E3A8B7-FollowerState] INFO  server.RaftServerConfigKeys (ConfUtils.java:logFallback(53)) - raft.server.rpc.first-election.timeout.max = 5200ms (fallback to raft.server.rpc.timeout.max)
2023-01-19 21:16:14,008 [Listener at 127.0.0.1/34089] INFO  ozone.MiniOzoneClusterImpl (MiniOzoneClusterImpl.java:lambda$waitForClusterToBeReady$0(218)) - Nodes are ready. Got 7 of 7 DN Heartbeats.
2023-01-19 21:16:14,008 [Listener at 127.0.0.1/34089] INFO  ozone.MiniOzoneClusterImpl (MiniOzoneClusterImpl.java:lambda$waitForClusterToBeReady$0(221)) - Waiting for cluster to exit safe mode
2023-01-19 21:16:14,008 [Listener at 127.0.0.1/34089] INFO  ozone.MiniOzoneClusterImpl (MiniOzoneClusterImpl.java:lambda$waitForClusterToBeReady$0(223)) - SCM became leader
2023-01-19 21:16:14,442 [34034301-6f4f-4b64-a7af-0630178f1887@group-60A11389F6E1-FollowerState] INFO  impl.FollowerState (FollowerState.java:run(143)) - 34034301-6f4f-4b64-a7af-0630178f1887@group-60A11389F6E1-FollowerState: change to CANDIDATE, lastRpcElapsedTime:5046770791ns, electionTimeout:5037ms
2023-01-19 21:16:14,442 [34034301-6f4f-4b64-a7af-0630178f1887@group-60A11389F6E1-FollowerState] INFO  impl.RoleInfo (RoleInfo.java:shutdownFollowerState(110)) - 34034301-6f4f-4b64-a7af-0630178f1887: shutdown 34034301-6f4f-4b64-a7af-0630178f1887@group-60A11389F6E1-FollowerState
2023-01-19 21:16:14,442 [34034301-6f4f-4b64-a7af-0630178f1887@group-60A11389F6E1-FollowerState] INFO  server.RaftServer$Division (RaftServerImpl.java:setRole(321)) - 34034301-6f4f-4b64-a7af-0630178f1887@group-60A11389F6E1: changes role from  FOLLOWER to CANDIDATE at term 0 for changeToCandidate
2023-01-19 21:16:14,444 [34034301-6f4f-4b64-a7af-0630178f1887@group-60A11389F6E1-FollowerState] INFO  server.RaftServerConfigKeys (ConfUtils.java:logGet(46)) - raft.server.leaderelection.pre-vote = false (custom)
2023-01-19 21:16:14,444 [34034301-6f4f-4b64-a7af-0630178f1887@group-60A11389F6E1-FollowerState] INFO  impl.RoleInfo (RoleInfo.java:updateAndGet(139)) - 34034301-6f4f-4b64-a7af-0630178f1887: start 34034301-6f4f-4b64-a7af-0630178f1887@group-60A11389F6E1-LeaderElection4
2023-01-19 21:16:14,451 [34034301-6f4f-4b64-a7af-0630178f1887@group-60A11389F6E1-LeaderElection4] INFO  impl.LeaderElection (LeaderElection.java:askForVotes(312)) - 34034301-6f4f-4b64-a7af-0630178f1887@group-60A11389F6E1-LeaderElection4 ELECTION round 0: submit vote requests at term 1 for -1: peers:[34034301-6f4f-4b64-a7af-0630178f1887|rpc:10.1.0.40:37447|dataStream:10.1.0.40:39551|priority:1|startupRole:FOLLOWER]|listeners:[], old=null
2023-01-19 21:16:14,452 [34034301-6f4f-4b64-a7af-0630178f1887@group-60A11389F6E1-LeaderElection4] INFO  impl.LeaderElection (LeaderElection.java:askForVotes(314)) - 34034301-6f4f-4b64-a7af-0630178f1887@group-60A11389F6E1-LeaderElection4 ELECTION round 0: result PASSED (term=1)
2023-01-19 21:16:14,452 [34034301-6f4f-4b64-a7af-0630178f1887@group-60A11389F6E1-LeaderElection4] INFO  impl.RoleInfo (RoleInfo.java:shutdownLeaderElection(130)) - 34034301-6f4f-4b64-a7af-0630178f1887: shutdown 34034301-6f4f-4b64-a7af-0630178f1887@group-60A11389F6E1-LeaderElection4
2023-01-19 21:16:14,452 [34034301-6f4f-4b64-a7af-0630178f1887@group-60A11389F6E1-LeaderElection4] INFO  server.RaftServer$Division (RaftServerImpl.java:setRole(321)) - 34034301-6f4f-4b64-a7af-0630178f1887@group-60A11389F6E1: changes role from CANDIDATE to LEADER at term 1 for changeToLeader
2023-01-19 21:16:14,452 [34034301-6f4f-4b64-a7af-0630178f1887@group-60A11389F6E1-LeaderElection4] INFO  ratis.XceiverServerRatis (XceiverServerRatis.java:handleLeaderChangedNotification(904)) - Leader change notification received for group: group-60A11389F6E1 with new leaderId: 34034301-6f4f-4b64-a7af-0630178f1887
2023-01-19 21:16:14,452 [34034301-6f4f-4b64-a7af-0630178f1887@group-60A11389F6E1-LeaderElection4] INFO  server.RaftServer$Division (ServerState.java:setLeader(313)) - 34034301-6f4f-4b64-a7af-0630178f1887@group-60A11389F6E1: change Leader from null to 34034301-6f4f-4b64-a7af-0630178f1887 at term 1 for becomeLeader, leader elected after 5288ms
2023-01-19 21:16:14,453 [34034301-6f4f-4b64-a7af-0630178f1887@group-60A11389F6E1-LeaderElection4] INFO  server.RaftServerConfigKeys (ConfUtils.java:logGet(46)) - raft.server.staging.catchup.gap = 1000 (default)
2023-01-19 21:16:14,453 [34034301-6f4f-4b64-a7af-0630178f1887@group-60A11389F6E1-LeaderElection4] INFO  server.RaftServerConfigKeys (ConfUtils.java:logGet(46)) - raft.server.write.element-limit = 1024 (custom)
2023-01-19 21:16:14,453 [34034301-6f4f-4b64-a7af-0630178f1887@group-60A11389F6E1-LeaderElection4] INFO  server.RaftServerConfigKeys (ConfUtils.java:logGet(46)) - raft.server.write.byte-limit = 1024 M (=1073741824) (custom)
2023-01-19 21:16:14,453 [34034301-6f4f-4b64-a7af-0630178f1887@group-60A11389F6E1-LeaderElection4] INFO  server.RaftServerConfigKeys (ConfUtils.java:logGet(46)) - raft.server.watch.timeout = 180s (custom)
2023-01-19 21:16:14,453 [34034301-6f4f-4b64-a7af-0630178f1887@group-60A11389F6E1-LeaderElection4] INFO  server.RaftServerConfigKeys (ConfUtils.java:logGet(46)) - raft.server.watch.timeout.denomination = 1s (default)
2023-01-19 21:16:14,453 [34034301-6f4f-4b64-a7af-0630178f1887@group-60A11389F6E1-LeaderElection4] INFO  server.RaftServerConfigKeys (ConfUtils.java:logGet(46)) - raft.server.watch.element-limit = 65536 (default)
2023-01-19 21:16:14,453 [34034301-6f4f-4b64-a7af-0630178f1887@group-60A11389F6E1-LeaderElection4] INFO  server.RaftServerConfigKeys (ConfUtils.java:logGet(46)) - raft.server.write.element-limit = 1024 (custom)
2023-01-19 21:16:14,454 [EventQueue-OpenPipelineForHealthyPipelineSafeModeRule] INFO  safemode.SCMSafeModeManager (HealthyPipelineSafeModeRule.java:process(137)) - SCM in safe mode. Healthy pipelines reported count is 0, required healthy pipeline reported count is 1
2023-01-19 21:16:14,455 [34034301-6f4f-4b64-a7af-0630178f1887@group-60A11389F6E1-LeaderElection4] INFO  server.RaftServerConfigKeys (ConfUtils.java:logGet(46)) - raft.server.write.follower.gap.ratio.max = -1.0 (default)
2023-01-19 21:16:14,456 [34034301-6f4f-4b64-a7af-0630178f1887@group-60A11389F6E1-LeaderElection4] INFO  impl.RoleInfo (RoleInfo.java:updateAndGet(139)) - 34034301-6f4f-4b64-a7af-0630178f1887: start 34034301-6f4f-4b64-a7af-0630178f1887@group-60A11389F6E1-LeaderStateImpl
2023-01-19 21:16:14,456 [34034301-6f4f-4b64-a7af-0630178f1887@group-60A11389F6E1-LeaderElection4] INFO  segmented.SegmentedRaftLogWorker (SegmentedRaftLogWorker.java:startLogSegment(452)) - 34034301-6f4f-4b64-a7af-0630178f1887@group-60A11389F6E1-SegmentedRaftLogWorker: Starting segment from index:0
2023-01-19 21:16:14,457 [34034301-6f4f-4b64-a7af-0630178f1887@group-60A11389F6E1-LeaderElection4] INFO  server.RaftServer$Division (ServerState.java:setRaftConf(430)) - 34034301-6f4f-4b64-a7af-0630178f1887@group-60A11389F6E1: set configuration 0: peers:[34034301-6f4f-4b64-a7af-0630178f1887|rpc:10.1.0.40:37447|dataStream:10.1.0.40:39551|priority:1|startupRole:FOLLOWER]|listeners:[], old=null
2023-01-19 21:16:14,457 [34034301-6f4f-4b64-a7af-0630178f1887@group-60A11389F6E1-SegmentedRaftLogWorker] INFO  segmented.SegmentedRaftLogWorker (SegmentedRaftLogWorker.java:execute(656)) - 34034301-6f4f-4b64-a7af-0630178f1887@group-60A11389F6E1-SegmentedRaftLogWorker: created new log segment /home/runner/work/ozone/ozone/hadoop-ozone/integration-test/target/test-dir/MiniOzoneClusterImpl-df602b49-e577-4a1d-ae00-d896acd8b89d/datanode-1/data/ratis/300f5be9-6e72-4006-ae45-60a11389f6e1/current/log_inprogress_0
2023-01-19 21:16:14,778 [79fc7c85-f428-4972-afd4-216d9203d099@group-D221E0D2D972-FollowerState] INFO  impl.FollowerState (FollowerState.java:run(143)) - 79fc7c85-f428-4972-afd4-216d9203d099@group-D221E0D2D972-FollowerState: change to CANDIDATE, lastRpcElapsedTime:5133838777ns, electionTimeout:5105ms
2023-01-19 21:16:14,779 [79fc7c85-f428-4972-afd4-216d9203d099@group-D221E0D2D972-FollowerState] INFO  impl.RoleInfo (RoleInfo.java:shutdownFollowerState(110)) - 79fc7c85-f428-4972-afd4-216d9203d099: shutdown 79fc7c85-f428-4972-afd4-216d9203d099@group-D221E0D2D972-FollowerState
2023-01-19 21:16:14,779 [79fc7c85-f428-4972-afd4-216d9203d099@group-D221E0D2D972-FollowerState] INFO  server.RaftServer$Division (RaftServerImpl.java:setRole(321)) - 79fc7c85-f428-4972-afd4-216d9203d099@group-D221E0D2D972: changes role from  FOLLOWER to CANDIDATE at term 0 for changeToCandidate
2023-01-19 21:16:14,780 [79fc7c85-f428-4972-afd4-216d9203d099@group-D221E0D2D972-FollowerState] INFO  server.RaftServerConfigKeys (ConfUtils.java:logGet(46)) - raft.server.leaderelection.pre-vote = false (custom)
2023-01-19 21:16:14,780 [79fc7c85-f428-4972-afd4-216d9203d099@group-D221E0D2D972-FollowerState] INFO  impl.RoleInfo (RoleInfo.java:updateAndGet(139)) - 79fc7c85-f428-4972-afd4-216d9203d099: start 79fc7c85-f428-4972-afd4-216d9203d099@group-D221E0D2D972-LeaderElection5
2023-01-19 21:16:14,787 [79fc7c85-f428-4972-afd4-216d9203d099@group-D221E0D2D972-LeaderElection5] INFO  impl.LeaderElection (LeaderElection.java:askForVotes(312)) - 79fc7c85-f428-4972-afd4-216d9203d099@group-D221E0D2D972-LeaderElection5 ELECTION round 0: submit vote requests at term 1 for -1: peers:[79fc7c85-f428-4972-afd4-216d9203d099|rpc:10.1.0.40:34077|dataStream:10.1.0.40:41333|priority:0|startupRole:FOLLOWER, 514168bb-47c6-4123-b047-b520965d68f2|rpc:10.1.0.40:32777|dataStream:10.1.0.40:40123|priority:1|startupRole:FOLLOWER, 34034301-6f4f-4b64-a7af-0630178f1887|rpc:10.1.0.40:37447|dataStream:10.1.0.40:39551|priority:0|startupRole:FOLLOWER]|listeners:[], old=null
2023-01-19 21:16:14,790 [79fc7c85-f428-4972-afd4-216d9203d099@group-D221E0D2D972-LeaderElection5] INFO  server.RaftServerConfigKeys (ConfUtils.java:logFallback(53)) - raft.server.rpc.first-election.timeout.min = 5s (fallback to raft.server.rpc.timeout.min)
2023-01-19 21:16:14,790 [79fc7c85-f428-4972-afd4-216d9203d099@group-D221E0D2D972-LeaderElection5-1] INFO  server.GrpcServerProtocolClient (GrpcServerProtocolClient.java:<init>(63)) - Build channel for 514168bb-47c6-4123-b047-b520965d68f2
2023-01-19 21:16:14,790 [79fc7c85-f428-4972-afd4-216d9203d099@group-9376D63823A6-FollowerState] INFO  impl.FollowerState (FollowerState.java:run(143)) - 79fc7c85-f428-4972-afd4-216d9203d099@group-9376D63823A6-FollowerState: change to CANDIDATE, lastRpcElapsedTime:5199332795ns, electionTimeout:5183ms
2023-01-19 21:16:14,790 [79fc7c85-f428-4972-afd4-216d9203d099@group-D221E0D2D972-LeaderElection5] INFO  server.RaftServerConfigKeys (ConfUtils.java:logFallback(53)) - raft.server.rpc.first-election.timeout.max = 5200ms (fallback to raft.server.rpc.timeout.max)
2023-01-19 21:16:14,791 [79fc7c85-f428-4972-afd4-216d9203d099@group-9376D63823A6-FollowerState] INFO  impl.RoleInfo (RoleInfo.java:shutdownFollowerState(110)) - 79fc7c85-f428-4972-afd4-216d9203d099: shutdown 79fc7c85-f428-4972-afd4-216d9203d099@group-9376D63823A6-FollowerState
2023-01-19 21:16:14,791 [79fc7c85-f428-4972-afd4-216d9203d099@group-9376D63823A6-FollowerState] INFO  server.RaftServer$Division (RaftServerImpl.java:setRole(321)) - 79fc7c85-f428-4972-afd4-216d9203d099@group-9376D63823A6: changes role from  FOLLOWER to CANDIDATE at term 0 for changeToCandidate
2023-01-19 21:16:14,791 [79fc7c85-f428-4972-afd4-216d9203d099@group-D221E0D2D972-LeaderElection5-2] INFO  server.GrpcServerProtocolClient (GrpcServerProtocolClient.java:<init>(63)) - Build channel for 34034301-6f4f-4b64-a7af-0630178f1887
2023-01-19 21:16:14,792 [79fc7c85-f428-4972-afd4-216d9203d099@group-9376D63823A6-FollowerState] INFO  server.RaftServerConfigKeys (ConfUtils.java:logGet(46)) - raft.server.leaderelection.pre-vote = false (custom)
2023-01-19 21:16:14,792 [79fc7c85-f428-4972-afd4-216d9203d099@group-9376D63823A6-FollowerState] INFO  impl.RoleInfo (RoleInfo.java:updateAndGet(139)) - 79fc7c85-f428-4972-afd4-216d9203d099: start 79fc7c85-f428-4972-afd4-216d9203d099@group-9376D63823A6-LeaderElection6
2023-01-19 21:16:14,796 [79fc7c85-f428-4972-afd4-216d9203d099@group-9376D63823A6-LeaderElection6] INFO  impl.LeaderElection (LeaderElection.java:askForVotes(312)) - 79fc7c85-f428-4972-afd4-216d9203d099@group-9376D63823A6-LeaderElection6 ELECTION round 0: submit vote requests at term 1 for -1: peers:[79fc7c85-f428-4972-afd4-216d9203d099|rpc:10.1.0.40:34077|dataStream:10.1.0.40:41333|priority:1|startupRole:FOLLOWER]|listeners:[], old=null
2023-01-19 21:16:14,796 [79fc7c85-f428-4972-afd4-216d9203d099@group-9376D63823A6-LeaderElection6] INFO  impl.LeaderElection (LeaderElection.java:askForVotes(314)) - 79fc7c85-f428-4972-afd4-216d9203d099@group-9376D63823A6-LeaderElection6 ELECTION round 0: result PASSED (term=1)
2023-01-19 21:16:14,796 [79fc7c85-f428-4972-afd4-216d9203d099@group-9376D63823A6-LeaderElection6] INFO  impl.RoleInfo (RoleInfo.java:shutdownLeaderElection(130)) - 79fc7c85-f428-4972-afd4-216d9203d099: shutdown 79fc7c85-f428-4972-afd4-216d9203d099@group-9376D63823A6-LeaderElection6
2023-01-19 21:16:14,796 [79fc7c85-f428-4972-afd4-216d9203d099@group-9376D63823A6-LeaderElection6] INFO  server.RaftServer$Division (RaftServerImpl.java:setRole(321)) - 79fc7c85-f428-4972-afd4-216d9203d099@group-9376D63823A6: changes role from CANDIDATE to LEADER at term 1 for changeToLeader
2023-01-19 21:16:14,796 [79fc7c85-f428-4972-afd4-216d9203d099@group-9376D63823A6-LeaderElection6] INFO  ratis.XceiverServerRatis (XceiverServerRatis.java:handleLeaderChangedNotification(904)) - Leader change notification received for group: group-9376D63823A6 with new leaderId: 79fc7c85-f428-4972-afd4-216d9203d099
2023-01-19 21:16:14,796 [79fc7c85-f428-4972-afd4-216d9203d099@group-9376D63823A6-LeaderElection6] INFO  server.RaftServer$Division (ServerState.java:setLeader(313)) - 79fc7c85-f428-4972-afd4-216d9203d099@group-9376D63823A6: change Leader from null to 79fc7c85-f428-4972-afd4-216d9203d099 at term 1 for becomeLeader, leader elected after 5278ms
2023-01-19 21:16:14,796 [79fc7c85-f428-4972-afd4-216d9203d099@group-9376D63823A6-LeaderElection6] INFO  server.RaftServerConfigKeys (ConfUtils.java:logGet(46)) - raft.server.staging.catchup.gap = 1000 (default)
2023-01-19 21:16:14,797 [79fc7c85-f428-4972-afd4-216d9203d099@group-9376D63823A6-LeaderElection6] INFO  server.RaftServerConfigKeys (ConfUtils.java:logGet(46)) - raft.server.write.element-limit = 1024 (custom)
2023-01-19 21:16:14,797 [79fc7c85-f428-4972-afd4-216d9203d099@group-9376D63823A6-LeaderElection6] INFO  server.RaftServerConfigKeys (ConfUtils.java:logGet(46)) - raft.server.write.byte-limit = 1024 M (=1073741824) (custom)
2023-01-19 21:16:14,797 [79fc7c85-f428-4972-afd4-216d9203d099@group-9376D63823A6-LeaderElection6] INFO  server.RaftServerConfigKeys (ConfUtils.java:logGet(46)) - raft.server.watch.timeout = 180s (custom)
2023-01-19 21:16:14,797 [79fc7c85-f428-4972-afd4-216d9203d099@group-9376D63823A6-LeaderElection6] INFO  server.RaftServerConfigKeys (ConfUtils.java:logGet(46)) - raft.server.watch.timeout.denomination = 1s (default)
2023-01-19 21:16:14,797 [79fc7c85-f428-4972-afd4-216d9203d099@group-9376D63823A6-LeaderElection6] INFO  server.RaftServerConfigKeys (ConfUtils.java:logGet(46)) - raft.server.watch.element-limit = 65536 (default)
2023-01-19 21:16:14,797 [79fc7c85-f428-4972-afd4-216d9203d099@group-9376D63823A6-LeaderElection6] INFO  server.RaftServerConfigKeys (ConfUtils.java:logGet(46)) - raft.server.write.element-limit = 1024 (custom)
2023-01-19 21:16:14,797 [79fc7c85-f428-4972-afd4-216d9203d099@group-9376D63823A6-LeaderElection6] INFO  server.RaftServerConfigKeys (ConfUtils.java:logGet(46)) - raft.server.write.follower.gap.ratio.max = -1.0 (default)
2023-01-19 21:16:14,797 [79fc7c85-f428-4972-afd4-216d9203d099@group-9376D63823A6-LeaderElection6] INFO  impl.RoleInfo (RoleInfo.java:updateAndGet(139)) - 79fc7c85-f428-4972-afd4-216d9203d099: start 79fc7c85-f428-4972-afd4-216d9203d099@group-9376D63823A6-LeaderStateImpl
2023-01-19 21:16:14,798 [EventQueue-OpenPipelineForHealthyPipelineSafeModeRule] INFO  safemode.SCMSafeModeManager (HealthyPipelineSafeModeRule.java:process(137)) - SCM in safe mode. Healthy pipelines reported count is 0, required healthy pipeline reported count is 1
2023-01-19 21:16:14,799 [79fc7c85-f428-4972-afd4-216d9203d099@group-9376D63823A6-LeaderElection6] INFO  segmented.SegmentedRaftLogWorker (SegmentedRaftLogWorker.java:startLogSegment(452)) - 79fc7c85-f428-4972-afd4-216d9203d099@group-9376D63823A6-SegmentedRaftLogWorker: Starting segment from index:0
2023-01-19 21:16:14,800 [79fc7c85-f428-4972-afd4-216d9203d099@group-9376D63823A6-SegmentedRaftLogWorker] INFO  segmented.SegmentedRaftLogWorker (SegmentedRaftLogWorker.java:execute(656)) - 79fc7c85-f428-4972-afd4-216d9203d099@group-9376D63823A6-SegmentedRaftLogWorker: created new log segment /home/runner/work/ozone/ozone/hadoop-ozone/integration-test/target/test-dir/MiniOzoneClusterImpl-df602b49-e577-4a1d-ae00-d896acd8b89d/datanode-2/data/ratis/41d37590-db73-48b2-b717-9376d63823a6/current/log_inprogress_0
2023-01-19 21:16:14,808 [79fc7c85-f428-4972-afd4-216d9203d099@group-9376D63823A6-LeaderElection6] INFO  server.RaftServer$Division (ServerState.java:setRaftConf(430)) - 79fc7c85-f428-4972-afd4-216d9203d099@group-9376D63823A6: set configuration 0: peers:[79fc7c85-f428-4972-afd4-216d9203d099|rpc:10.1.0.40:34077|dataStream:10.1.0.40:41333|priority:1|startupRole:FOLLOWER]|listeners:[], old=null
2023-01-19 21:16:14,814 [grpc-default-executor-0] INFO  server.RaftServer$Division (RaftServerImpl.java:requestVote(1218)) - 514168bb-47c6-4123-b047-b520965d68f2@group-D221E0D2D972: receive requestVote(ELECTION, 79fc7c85-f428-4972-afd4-216d9203d099, group-D221E0D2D972, 1, (t:0, i:0))
2023-01-19 21:16:14,814 [grpc-default-executor-0] INFO  impl.VoteContext (VoteContext.java:log(49)) - 514168bb-47c6-4123-b047-b520965d68f2@group-D221E0D2D972-FOLLOWER: reject ELECTION from 79fc7c85-f428-4972-afd4-216d9203d099: our priority 1 > candidate's priority 0
2023-01-19 21:16:14,814 [grpc-default-executor-0] INFO  server.RaftServer$Division (RaftServerImpl.java:setRole(321)) - 514168bb-47c6-4123-b047-b520965d68f2@group-D221E0D2D972: changes role from  FOLLOWER to FOLLOWER at term 1 for candidate:79fc7c85-f428-4972-afd4-216d9203d099
2023-01-19 21:16:14,814 [grpc-default-executor-0] INFO  impl.RoleInfo (RoleInfo.java:shutdownFollowerState(110)) - 514168bb-47c6-4123-b047-b520965d68f2: shutdown 514168bb-47c6-4123-b047-b520965d68f2@group-D221E0D2D972-FollowerState
2023-01-19 21:16:14,815 [grpc-default-executor-0] INFO  impl.RoleInfo (RoleInfo.java:updateAndGet(139)) - 514168bb-47c6-4123-b047-b520965d68f2: start 514168bb-47c6-4123-b047-b520965d68f2@group-D221E0D2D972-FollowerState
2023-01-19 21:16:14,816 [514168bb-47c6-4123-b047-b520965d68f2@group-D221E0D2D972-FollowerState] INFO  impl.FollowerState (FollowerState.java:run(152)) - 514168bb-47c6-4123-b047-b520965d68f2@group-D221E0D2D972-FollowerState was interrupted
2023-01-19 21:16:14,816 [grpc-default-executor-1] INFO  server.RaftServer$Division (RaftServerImpl.java:requestVote(1218)) - 34034301-6f4f-4b64-a7af-0630178f1887@group-D221E0D2D972: receive requestVote(ELECTION, 79fc7c85-f428-4972-afd4-216d9203d099, group-D221E0D2D972, 1, (t:0, i:0))
2023-01-19 21:16:14,816 [grpc-default-executor-1] INFO  impl.VoteContext (VoteContext.java:log(49)) - 34034301-6f4f-4b64-a7af-0630178f1887@group-D221E0D2D972-FOLLOWER: accept ELECTION from 79fc7c85-f428-4972-afd4-216d9203d099: our priority 0 <= candidate's priority 0
2023-01-19 21:16:14,816 [grpc-default-executor-1] INFO  server.RaftServer$Division (RaftServerImpl.java:setRole(321)) - 34034301-6f4f-4b64-a7af-0630178f1887@group-D221E0D2D972: changes role from  FOLLOWER to FOLLOWER at term 1 for candidate:79fc7c85-f428-4972-afd4-216d9203d099
2023-01-19 21:16:14,816 [grpc-default-executor-1] INFO  impl.RoleInfo (RoleInfo.java:shutdownFollowerState(110)) - 34034301-6f4f-4b64-a7af-0630178f1887: shutdown 34034301-6f4f-4b64-a7af-0630178f1887@group-D221E0D2D972-FollowerState
2023-01-19 21:16:14,817 [514168bb-47c6-4123-b047-b520965d68f2@group-D221E0D2D972-FollowerState] INFO  server.RaftServerConfigKeys (ConfUtils.java:logFallback(53)) - raft.server.rpc.first-election.timeout.min = 5s (fallback to raft.server.rpc.timeout.min)
2023-01-19 21:16:14,817 [514168bb-47c6-4123-b047-b520965d68f2@group-D221E0D2D972-FollowerState] INFO  server.RaftServerConfigKeys (ConfUtils.java:logFallback(53)) - raft.server.rpc.first-election.timeout.max = 5200ms (fallback to raft.server.rpc.timeout.max)
2023-01-19 21:16:14,817 [34034301-6f4f-4b64-a7af-0630178f1887@group-D221E0D2D972-FollowerState] INFO  impl.FollowerState (FollowerState.java:run(152)) - 34034301-6f4f-4b64-a7af-0630178f1887@group-D221E0D2D972-FollowerState was interrupted
2023-01-19 21:16:14,818 [grpc-default-executor-0] INFO  server.RaftServer$Division (RaftServerImpl.java:requestVote(1251)) - 514168bb-47c6-4123-b047-b520965d68f2@group-D221E0D2D972 replies to ELECTION vote request: 79fc7c85-f428-4972-afd4-216d9203d099<-514168bb-47c6-4123-b047-b520965d68f2#0:FAIL-t1. Peer's state: 514168bb-47c6-4123-b047-b520965d68f2@group-D221E0D2D972:t1, leader=null, voted=null, raftlog=Memoized:514168bb-47c6-4123-b047-b520965d68f2@group-D221E0D2D972-SegmentedRaftLog:OPENED:c-1, conf=-1: peers:[79fc7c85-f428-4972-afd4-216d9203d099|rpc:10.1.0.40:34077|dataStream:10.1.0.40:41333|priority:0|startupRole:FOLLOWER, 514168bb-47c6-4123-b047-b520965d68f2|rpc:10.1.0.40:32777|dataStream:10.1.0.40:40123|priority:1|startupRole:FOLLOWER, 34034301-6f4f-4b64-a7af-0630178f1887|rpc:10.1.0.40:37447|dataStream:10.1.0.40:39551|priority:0|startupRole:FOLLOWER]|listeners:[], old=null
2023-01-19 21:16:14,820 [grpc-default-executor-1] INFO  impl.RoleInfo (RoleInfo.java:updateAndGet(139)) - 34034301-6f4f-4b64-a7af-0630178f1887: start 34034301-6f4f-4b64-a7af-0630178f1887@group-D221E0D2D972-FollowerState
2023-01-19 21:16:14,821 [34034301-6f4f-4b64-a7af-0630178f1887@group-D221E0D2D972-FollowerState] INFO  server.RaftServerConfigKeys (ConfUtils.java:logFallback(53)) - raft.server.rpc.first-election.timeout.min = 5s (fallback to raft.server.rpc.timeout.min)
2023-01-19 21:16:14,822 [79fc7c85-f428-4972-afd4-216d9203d099@group-D221E0D2D972-LeaderElection5] INFO  impl.LeaderElection (LeaderElection.java:logAndReturn(90)) - 79fc7c85-f428-4972-afd4-216d9203d099@group-D221E0D2D972-LeaderElection5: ELECTION REJECTED received 1 response(s) and 0 exception(s):
2023-01-19 21:16:14,822 [34034301-6f4f-4b64-a7af-0630178f1887@group-D221E0D2D972-FollowerState] INFO  server.RaftServerConfigKeys (ConfUtils.java:logFallback(53)) - raft.server.rpc.first-election.timeout.max = 5200ms (fallback to raft.server.rpc.timeout.max)
2023-01-19 21:16:14,822 [grpc-default-executor-1] INFO  server.RaftServer$Division (RaftServerImpl.java:requestVote(1251)) - 34034301-6f4f-4b64-a7af-0630178f1887@group-D221E0D2D972 replies to ELECTION vote request: 79fc7c85-f428-4972-afd4-216d9203d099<-34034301-6f4f-4b64-a7af-0630178f1887#0:OK-t1. Peer's state: 34034301-6f4f-4b64-a7af-0630178f1887@group-D221E0D2D972:t1, leader=null, voted=79fc7c85-f428-4972-afd4-216d9203d099, raftlog=Memoized:34034301-6f4f-4b64-a7af-0630178f1887@group-D221E0D2D972-SegmentedRaftLog:OPENED:c-1, conf=-1: peers:[79fc7c85-f428-4972-afd4-216d9203d099|rpc:10.1.0.40:34077|dataStream:10.1.0.40:41333|priority:0|startupRole:FOLLOWER, 514168bb-47c6-4123-b047-b520965d68f2|rpc:10.1.0.40:32777|dataStream:10.1.0.40:40123|priority:1|startupRole:FOLLOWER, 34034301-6f4f-4b64-a7af-0630178f1887|rpc:10.1.0.40:37447|dataStream:10.1.0.40:39551|priority:0|startupRole:FOLLOWER]|listeners:[], old=null
2023-01-19 21:16:14,822 [79fc7c85-f428-4972-afd4-216d9203d099@group-D221E0D2D972-LeaderElection5] INFO  impl.LeaderElection (LeaderElection.java:logAndReturn(94)) -   Response 0: 79fc7c85-f428-4972-afd4-216d9203d099<-514168bb-47c6-4123-b047-b520965d68f2#0:FAIL-t1
2023-01-19 21:16:14,822 [79fc7c85-f428-4972-afd4-216d9203d099@group-D221E0D2D972-LeaderElection5] INFO  impl.LeaderElection (LeaderElection.java:askForVotes(314)) - 79fc7c85-f428-4972-afd4-216d9203d099@group-D221E0D2D972-LeaderElection5 ELECTION round 0: result REJECTED
2023-01-19 21:16:14,822 [79fc7c85-f428-4972-afd4-216d9203d099@group-D221E0D2D972-LeaderElection5] INFO  server.RaftServer$Division (RaftServerImpl.java:setRole(321)) - 79fc7c85-f428-4972-afd4-216d9203d099@group-D221E0D2D972: changes role from CANDIDATE to FOLLOWER at term 1 for REJECTED
2023-01-19 21:16:14,823 [79fc7c85-f428-4972-afd4-216d9203d099@group-D221E0D2D972-LeaderElection5] INFO  impl.RoleInfo (RoleInfo.java:shutdownLeaderElection(130)) - 79fc7c85-f428-4972-afd4-216d9203d099: shutdown 79fc7c85-f428-4972-afd4-216d9203d099@group-D221E0D2D972-LeaderElection5
2023-01-19 21:16:14,823 [79fc7c85-f428-4972-afd4-216d9203d099@group-D221E0D2D972-LeaderElection5] INFO  impl.RoleInfo (RoleInfo.java:updateAndGet(139)) - 79fc7c85-f428-4972-afd4-216d9203d099: start 79fc7c85-f428-4972-afd4-216d9203d099@group-D221E0D2D972-FollowerState
2023-01-19 21:16:14,829 [79fc7c85-f428-4972-afd4-216d9203d099@group-D221E0D2D972-FollowerState] INFO  server.RaftServerConfigKeys (ConfUtils.java:logFallback(53)) - raft.server.rpc.first-election.timeout.min = 5s (fallback to raft.server.rpc.timeout.min)
2023-01-19 21:16:14,830 [79fc7c85-f428-4972-afd4-216d9203d099@group-D221E0D2D972-FollowerState] INFO  server.RaftServerConfigKeys (ConfUtils.java:logFallback(53)) - raft.server.rpc.first-election.timeout.max = 5200ms (fallback to raft.server.rpc.timeout.max)
2023-01-19 21:16:15,009 [Listener at 127.0.0.1/34089] INFO  ozone.MiniOzoneClusterImpl (MiniOzoneClusterImpl.java:lambda$waitForClusterToBeReady$0(218)) - Nodes are ready. Got 7 of 7 DN Heartbeats.
2023-01-19 21:16:15,009 [Listener at 127.0.0.1/34089] INFO  ozone.MiniOzoneClusterImpl (MiniOzoneClusterImpl.java:lambda$waitForClusterToBeReady$0(221)) - Waiting for cluster to exit safe mode
2023-01-19 21:16:15,009 [Listener at 127.0.0.1/34089] INFO  ozone.MiniOzoneClusterImpl (MiniOzoneClusterImpl.java:lambda$waitForClusterToBeReady$0(223)) - SCM became leader
2023-01-19 21:16:15,066 [9f11bae2-70d6-4c19-b175-54f3bf2a6776@group-375BBA2BA311-FollowerState] INFO  impl.FollowerState (FollowerState.java:run(143)) - 9f11bae2-70d6-4c19-b175-54f3bf2a6776@group-375BBA2BA311-FollowerState: change to CANDIDATE, lastRpcElapsedTime:5116983753ns, electionTimeout:5114ms
2023-01-19 21:16:15,066 [9f11bae2-70d6-4c19-b175-54f3bf2a6776@group-375BBA2BA311-FollowerState] INFO  impl.RoleInfo (RoleInfo.java:shutdownFollowerState(110)) - 9f11bae2-70d6-4c19-b175-54f3bf2a6776: shutdown 9f11bae2-70d6-4c19-b175-54f3bf2a6776@group-375BBA2BA311-FollowerState
2023-01-19 21:16:15,066 [9f11bae2-70d6-4c19-b175-54f3bf2a6776@group-375BBA2BA311-FollowerState] INFO  server.RaftServer$Division (RaftServerImpl.java:setRole(321)) - 9f11bae2-70d6-4c19-b175-54f3bf2a6776@group-375BBA2BA311: changes role from  FOLLOWER to CANDIDATE at term 0 for changeToCandidate
2023-01-19 21:16:15,069 [9f11bae2-70d6-4c19-b175-54f3bf2a6776@group-A72CCB8DF3AB-FollowerState] INFO  impl.FollowerState (FollowerState.java:run(143)) - 9f11bae2-70d6-4c19-b175-54f3bf2a6776@group-A72CCB8DF3AB-FollowerState: change to CANDIDATE, lastRpcElapsedTime:5090044788ns, electionTimeout:5081ms
2023-01-19 21:16:15,069 [9f11bae2-70d6-4c19-b175-54f3bf2a6776@group-375BBA2BA311-FollowerState] INFO  server.RaftServerConfigKeys (ConfUtils.java:logGet(46)) - raft.server.leaderelection.pre-vote = false (custom)
2023-01-19 21:16:15,069 [9f11bae2-70d6-4c19-b175-54f3bf2a6776@group-375BBA2BA311-FollowerState] INFO  impl.RoleInfo (RoleInfo.java:updateAndGet(139)) - 9f11bae2-70d6-4c19-b175-54f3bf2a6776: start 9f11bae2-70d6-4c19-b175-54f3bf2a6776@group-375BBA2BA311-LeaderElection7
2023-01-19 21:16:15,069 [9f11bae2-70d6-4c19-b175-54f3bf2a6776@group-A72CCB8DF3AB-FollowerState] INFO  impl.RoleInfo (RoleInfo.java:shutdownFollowerState(110)) - 9f11bae2-70d6-4c19-b175-54f3bf2a6776: shutdown 9f11bae2-70d6-4c19-b175-54f3bf2a6776@group-A72CCB8DF3AB-FollowerState
2023-01-19 21:16:15,069 [9f11bae2-70d6-4c19-b175-54f3bf2a6776@group-A72CCB8DF3AB-FollowerState] INFO  server.RaftServer$Division (RaftServerImpl.java:setRole(321)) - 9f11bae2-70d6-4c19-b175-54f3bf2a6776@group-A72CCB8DF3AB: changes role from  FOLLOWER to CANDIDATE at term 0 for changeToCandidate
2023-01-19 21:16:15,072 [9f11bae2-70d6-4c19-b175-54f3bf2a6776@group-A72CCB8DF3AB-FollowerState] INFO  server.RaftServerConfigKeys (ConfUtils.java:logGet(46)) - raft.server.leaderelection.pre-vote = false (custom)
2023-01-19 21:16:15,072 [9f11bae2-70d6-4c19-b175-54f3bf2a6776@group-A72CCB8DF3AB-FollowerState] INFO  impl.RoleInfo (RoleInfo.java:updateAndGet(139)) - 9f11bae2-70d6-4c19-b175-54f3bf2a6776: start 9f11bae2-70d6-4c19-b175-54f3bf2a6776@group-A72CCB8DF3AB-LeaderElection8
2023-01-19 21:16:15,075 [9f11bae2-70d6-4c19-b175-54f3bf2a6776@group-375BBA2BA311-LeaderElection7] INFO  impl.LeaderElection (LeaderElection.java:askForVotes(312)) - 9f11bae2-70d6-4c19-b175-54f3bf2a6776@group-375BBA2BA311-LeaderElection7 ELECTION round 0: submit vote requests at term 1 for -1: peers:[9f11bae2-70d6-4c19-b175-54f3bf2a6776|rpc:10.1.0.40:41965|dataStream:10.1.0.40:33671|priority:1|startupRole:FOLLOWER]|listeners:[], old=null
2023-01-19 21:16:15,076 [9f11bae2-70d6-4c19-b175-54f3bf2a6776@group-375BBA2BA311-LeaderElection7] INFO  impl.LeaderElection (LeaderElection.java:askForVotes(314)) - 9f11bae2-70d6-4c19-b175-54f3bf2a6776@group-375BBA2BA311-LeaderElection7 ELECTION round 0: result PASSED (term=1)
2023-01-19 21:16:15,076 [9f11bae2-70d6-4c19-b175-54f3bf2a6776@group-375BBA2BA311-LeaderElection7] INFO  impl.RoleInfo (RoleInfo.java:shutdownLeaderElection(130)) - 9f11bae2-70d6-4c19-b175-54f3bf2a6776: shutdown 9f11bae2-70d6-4c19-b175-54f3bf2a6776@group-375BBA2BA311-LeaderElection7
2023-01-19 21:16:15,076 [9f11bae2-70d6-4c19-b175-54f3bf2a6776@group-375BBA2BA311-LeaderElection7] INFO  server.RaftServer$Division (RaftServerImpl.java:setRole(321)) - 9f11bae2-70d6-4c19-b175-54f3bf2a6776@group-375BBA2BA311: changes role from CANDIDATE to LEADER at term 1 for changeToLeader
2023-01-19 21:16:15,076 [9f11bae2-70d6-4c19-b175-54f3bf2a6776@group-375BBA2BA311-LeaderElection7] INFO  ratis.XceiverServerRatis (XceiverServerRatis.java:handleLeaderChangedNotification(904)) - Leader change notification received for group: group-375BBA2BA311 with new leaderId: 9f11bae2-70d6-4c19-b175-54f3bf2a6776
2023-01-19 21:16:15,076 [9f11bae2-70d6-4c19-b175-54f3bf2a6776@group-375BBA2BA311-LeaderElection7] INFO  server.RaftServer$Division (ServerState.java:setLeader(313)) - 9f11bae2-70d6-4c19-b175-54f3bf2a6776@group-375BBA2BA311: change Leader from null to 9f11bae2-70d6-4c19-b175-54f3bf2a6776 at term 1 for becomeLeader, leader elected after 5159ms
2023-01-19 21:16:15,076 [9f11bae2-70d6-4c19-b175-54f3bf2a6776@group-375BBA2BA311-LeaderElection7] INFO  server.RaftServerConfigKeys (ConfUtils.java:logGet(46)) - raft.server.staging.catchup.gap = 1000 (default)
2023-01-19 21:16:15,076 [9f11bae2-70d6-4c19-b175-54f3bf2a6776@group-375BBA2BA311-LeaderElection7] INFO  server.RaftServerConfigKeys (ConfUtils.java:logGet(46)) - raft.server.write.element-limit = 1024 (custom)
2023-01-19 21:16:15,077 [9f11bae2-70d6-4c19-b175-54f3bf2a6776@group-375BBA2BA311-LeaderElection7] INFO  server.RaftServerConfigKeys (ConfUtils.java:logGet(46)) - raft.server.write.byte-limit = 1024 M (=1073741824) (custom)
2023-01-19 21:16:15,077 [9f11bae2-70d6-4c19-b175-54f3bf2a6776@group-375BBA2BA311-LeaderElection7] INFO  server.RaftServerConfigKeys (ConfUtils.java:logGet(46)) - raft.server.watch.timeout = 180s (custom)
2023-01-19 21:16:15,077 [9f11bae2-70d6-4c19-b175-54f3bf2a6776@group-375BBA2BA311-LeaderElection7] INFO  server.RaftServerConfigKeys (ConfUtils.java:logGet(46)) - raft.server.watch.timeout.denomination = 1s (default)
2023-01-19 21:16:15,077 [9f11bae2-70d6-4c19-b175-54f3bf2a6776@group-375BBA2BA311-LeaderElection7] INFO  server.RaftServerConfigKeys (ConfUtils.java:logGet(46)) - raft.server.watch.element-limit = 65536 (default)
2023-01-19 21:16:15,078 [9f11bae2-70d6-4c19-b175-54f3bf2a6776@group-375BBA2BA311-LeaderElection7] INFO  server.RaftServerConfigKeys (ConfUtils.java:logGet(46)) - raft.server.write.element-limit = 1024 (custom)
2023-01-19 21:16:15,078 [9f11bae2-70d6-4c19-b175-54f3bf2a6776@group-375BBA2BA311-LeaderElection7] INFO  server.RaftServerConfigKeys (ConfUtils.java:logGet(46)) - raft.server.write.follower.gap.ratio.max = -1.0 (default)
2023-01-19 21:16:15,078 [9f11bae2-70d6-4c19-b175-54f3bf2a6776@group-375BBA2BA311-LeaderElection7] INFO  impl.RoleInfo (RoleInfo.java:updateAndGet(139)) - 9f11bae2-70d6-4c19-b175-54f3bf2a6776: start 9f11bae2-70d6-4c19-b175-54f3bf2a6776@group-375BBA2BA311-LeaderStateImpl
2023-01-19 21:16:15,079 [9f11bae2-70d6-4c19-b175-54f3bf2a6776@group-375BBA2BA311-LeaderElection7] INFO  segmented.SegmentedRaftLogWorker (SegmentedRaftLogWorker.java:startLogSegment(452)) - 9f11bae2-70d6-4c19-b175-54f3bf2a6776@group-375BBA2BA311-SegmentedRaftLogWorker: Starting segment from index:0
2023-01-19 21:16:15,077 [9f11bae2-70d6-4c19-b175-54f3bf2a6776@group-A72CCB8DF3AB-LeaderElection8] INFO  impl.LeaderElection (LeaderElection.java:askForVotes(312)) - 9f11bae2-70d6-4c19-b175-54f3bf2a6776@group-A72CCB8DF3AB-LeaderElection8 ELECTION round 0: submit vote requests at term 1 for -1: peers:[466e37ce-bab8-43e3-8861-d2a29ea05bd5|rpc:10.1.0.40:42247|dataStream:10.1.0.40:46349|priority:0|startupRole:FOLLOWER, 9f11bae2-70d6-4c19-b175-54f3bf2a6776|rpc:10.1.0.40:41965|dataStream:10.1.0.40:33671|priority:0|startupRole:FOLLOWER, 644b7e96-e81f-4c38-853b-c70c4b8809a7|rpc:10.1.0.40:34945|dataStream:10.1.0.40:33363|priority:1|startupRole:FOLLOWER]|listeners:[], old=null
2023-01-19 21:16:15,078 [EventQueue-OpenPipelineForHealthyPipelineSafeModeRule] INFO  safemode.SCMSafeModeManager (HealthyPipelineSafeModeRule.java:process(137)) - SCM in safe mode. Healthy pipelines reported count is 0, required healthy pipeline reported count is 1
2023-01-19 21:16:15,080 [9f11bae2-70d6-4c19-b175-54f3bf2a6776@group-375BBA2BA311-SegmentedRaftLogWorker] INFO  segmented.SegmentedRaftLogWorker (SegmentedRaftLogWorker.java:execute(656)) - 9f11bae2-70d6-4c19-b175-54f3bf2a6776@group-375BBA2BA311-SegmentedRaftLogWorker: created new log segment /home/runner/work/ozone/ozone/hadoop-ozone/integration-test/target/test-dir/MiniOzoneClusterImpl-df602b49-e577-4a1d-ae00-d896acd8b89d/datanode-3/data/ratis/9854910d-4d83-4455-9912-375bba2ba311/current/log_inprogress_0
2023-01-19 21:16:15,092 [9f11bae2-70d6-4c19-b175-54f3bf2a6776@group-375BBA2BA311-LeaderElection7] INFO  server.RaftServer$Division (ServerState.java:setRaftConf(430)) - 9f11bae2-70d6-4c19-b175-54f3bf2a6776@group-375BBA2BA311: set configuration 0: peers:[9f11bae2-70d6-4c19-b175-54f3bf2a6776|rpc:10.1.0.40:41965|dataStream:10.1.0.40:33671|priority:1|startupRole:FOLLOWER]|listeners:[], old=null
2023-01-19 21:16:15,092 [9f11bae2-70d6-4c19-b175-54f3bf2a6776@group-A72CCB8DF3AB-LeaderElection8-1] INFO  server.GrpcServerProtocolClient (GrpcServerProtocolClient.java:<init>(63)) - Build channel for 466e37ce-bab8-43e3-8861-d2a29ea05bd5
2023-01-19 21:16:15,097 [9f11bae2-70d6-4c19-b175-54f3bf2a6776@group-A72CCB8DF3AB-LeaderElection8] INFO  server.RaftServerConfigKeys (ConfUtils.java:logFallback(53)) - raft.server.rpc.first-election.timeout.min = 5s (fallback to raft.server.rpc.timeout.min)
2023-01-19 21:16:15,097 [9f11bae2-70d6-4c19-b175-54f3bf2a6776@group-A72CCB8DF3AB-LeaderElection8] INFO  server.RaftServerConfigKeys (ConfUtils.java:logFallback(53)) - raft.server.rpc.first-election.timeout.max = 5200ms (fallback to raft.server.rpc.timeout.max)
2023-01-19 21:16:15,100 [9f11bae2-70d6-4c19-b175-54f3bf2a6776@group-A72CCB8DF3AB-LeaderElection8-2] INFO  server.GrpcServerProtocolClient (GrpcServerProtocolClient.java:<init>(63)) - Build channel for 644b7e96-e81f-4c38-853b-c70c4b8809a7
2023-01-19 21:16:15,108 [grpc-default-executor-1] INFO  server.RaftServer$Division (RaftServerImpl.java:requestVote(1218)) - 466e37ce-bab8-43e3-8861-d2a29ea05bd5@group-A72CCB8DF3AB: receive requestVote(ELECTION, 9f11bae2-70d6-4c19-b175-54f3bf2a6776, group-A72CCB8DF3AB, 1, (t:0, i:0))
2023-01-19 21:16:15,108 [grpc-default-executor-1] INFO  impl.VoteContext (VoteContext.java:log(49)) - 466e37ce-bab8-43e3-8861-d2a29ea05bd5@group-A72CCB8DF3AB-FOLLOWER: accept ELECTION from 9f11bae2-70d6-4c19-b175-54f3bf2a6776: our priority 0 <= candidate's priority 0
2023-01-19 21:16:15,108 [grpc-default-executor-1] INFO  server.RaftServer$Division (RaftServerImpl.java:setRole(321)) - 466e37ce-bab8-43e3-8861-d2a29ea05bd5@group-A72CCB8DF3AB: changes role from  FOLLOWER to FOLLOWER at term 1 for candidate:9f11bae2-70d6-4c19-b175-54f3bf2a6776
2023-01-19 21:16:15,108 [grpc-default-executor-1] INFO  impl.RoleInfo (RoleInfo.java:shutdownFollowerState(110)) - 466e37ce-bab8-43e3-8861-d2a29ea05bd5: shutdown 466e37ce-bab8-43e3-8861-d2a29ea05bd5@group-A72CCB8DF3AB-FollowerState
2023-01-19 21:16:15,108 [grpc-default-executor-1] INFO  impl.RoleInfo (RoleInfo.java:updateAndGet(139)) - 466e37ce-bab8-43e3-8861-d2a29ea05bd5: start 466e37ce-bab8-43e3-8861-d2a29ea05bd5@group-A72CCB8DF3AB-FollowerState
2023-01-19 21:16:15,108 [466e37ce-bab8-43e3-8861-d2a29ea05bd5@group-A72CCB8DF3AB-FollowerState] INFO  impl.FollowerState (FollowerState.java:run(152)) - 466e37ce-bab8-43e3-8861-d2a29ea05bd5@group-A72CCB8DF3AB-FollowerState was interrupted
2023-01-19 21:16:15,116 [grpc-default-executor-1] INFO  server.RaftServer$Division (RaftServerImpl.java:requestVote(1251)) - 466e37ce-bab8-43e3-8861-d2a29ea05bd5@group-A72CCB8DF3AB replies to ELECTION vote request: 9f11bae2-70d6-4c19-b175-54f3bf2a6776<-466e37ce-bab8-43e3-8861-d2a29ea05bd5#0:OK-t1. Peer's state: 466e37ce-bab8-43e3-8861-d2a29ea05bd5@group-A72CCB8DF3AB:t1, leader=null, voted=9f11bae2-70d6-4c19-b175-54f3bf2a6776, raftlog=Memoized:466e37ce-bab8-43e3-8861-d2a29ea05bd5@group-A72CCB8DF3AB-SegmentedRaftLog:OPENED:c-1, conf=-1: peers:[466e37ce-bab8-43e3-8861-d2a29ea05bd5|rpc:10.1.0.40:42247|dataStream:10.1.0.40:46349|priority:0|startupRole:FOLLOWER, 9f11bae2-70d6-4c19-b175-54f3bf2a6776|rpc:10.1.0.40:41965|dataStream:10.1.0.40:33671|priority:0|startupRole:FOLLOWER, 644b7e96-e81f-4c38-853b-c70c4b8809a7|rpc:10.1.0.40:34945|dataStream:10.1.0.40:33363|priority:1|startupRole:FOLLOWER]|listeners:[], old=null
2023-01-19 21:16:15,119 [466e37ce-bab8-43e3-8861-d2a29ea05bd5@group-A72CCB8DF3AB-FollowerState] INFO  server.RaftServerConfigKeys (ConfUtils.java:logFallback(53)) - raft.server.rpc.first-election.timeout.min = 5s (fallback to raft.server.rpc.timeout.min)
2023-01-19 21:16:15,119 [466e37ce-bab8-43e3-8861-d2a29ea05bd5@group-A72CCB8DF3AB-FollowerState] INFO  server.RaftServerConfigKeys (ConfUtils.java:logFallback(53)) - raft.server.rpc.first-election.timeout.max = 5200ms (fallback to raft.server.rpc.timeout.max)
2023-01-19 21:16:15,126 [grpc-default-executor-1] INFO  server.RaftServer$Division (RaftServerImpl.java:requestVote(1218)) - 644b7e96-e81f-4c38-853b-c70c4b8809a7@group-A72CCB8DF3AB: receive requestVote(ELECTION, 9f11bae2-70d6-4c19-b175-54f3bf2a6776, group-A72CCB8DF3AB, 1, (t:0, i:0))
2023-01-19 21:16:15,127 [grpc-default-executor-1] INFO  impl.VoteContext (VoteContext.java:log(49)) - 644b7e96-e81f-4c38-853b-c70c4b8809a7@group-A72CCB8DF3AB-FOLLOWER: reject ELECTION from 9f11bae2-70d6-4c19-b175-54f3bf2a6776: our priority 1 > candidate's priority 0
2023-01-19 21:16:15,127 [grpc-default-executor-1] INFO  server.RaftServer$Division (RaftServerImpl.java:setRole(321)) - 644b7e96-e81f-4c38-853b-c70c4b8809a7@group-A72CCB8DF3AB: changes role from  FOLLOWER to FOLLOWER at term 1 for candidate:9f11bae2-70d6-4c19-b175-54f3bf2a6776
2023-01-19 21:16:15,127 [grpc-default-executor-1] INFO  impl.RoleInfo (RoleInfo.java:shutdownFollowerState(110)) - 644b7e96-e81f-4c38-853b-c70c4b8809a7: shutdown 644b7e96-e81f-4c38-853b-c70c4b8809a7@group-A72CCB8DF3AB-FollowerState
2023-01-19 21:16:15,127 [grpc-default-executor-1] INFO  impl.RoleInfo (RoleInfo.java:updateAndGet(139)) - 644b7e96-e81f-4c38-853b-c70c4b8809a7: start 644b7e96-e81f-4c38-853b-c70c4b8809a7@group-A72CCB8DF3AB-FollowerState
2023-01-19 21:16:15,127 [644b7e96-e81f-4c38-853b-c70c4b8809a7@group-A72CCB8DF3AB-FollowerState] INFO  impl.FollowerState (FollowerState.java:run(152)) - 644b7e96-e81f-4c38-853b-c70c4b8809a7@group-A72CCB8DF3AB-FollowerState was interrupted
2023-01-19 21:16:15,131 [644b7e96-e81f-4c38-853b-c70c4b8809a7@group-A72CCB8DF3AB-FollowerState] INFO  server.RaftServerConfigKeys (ConfUtils.java:logFallback(53)) - raft.server.rpc.first-election.timeout.min = 5s (fallback to raft.server.rpc.timeout.min)
2023-01-19 21:16:15,131 [644b7e96-e81f-4c38-853b-c70c4b8809a7@group-A72CCB8DF3AB-FollowerState] INFO  server.RaftServerConfigKeys (ConfUtils.java:logFallback(53)) - raft.server.rpc.first-election.timeout.max = 5200ms (fallback to raft.server.rpc.timeout.max)
2023-01-19 21:16:15,131 [grpc-default-executor-1] INFO  server.RaftServer$Division (RaftServerImpl.java:requestVote(1251)) - 644b7e96-e81f-4c38-853b-c70c4b8809a7@group-A72CCB8DF3AB replies to ELECTION vote request: 9f11bae2-70d6-4c19-b175-54f3bf2a6776<-644b7e96-e81f-4c38-853b-c70c4b8809a7#0:FAIL-t1. Peer's state: 644b7e96-e81f-4c38-853b-c70c4b8809a7@group-A72CCB8DF3AB:t1, leader=null, voted=null, raftlog=Memoized:644b7e96-e81f-4c38-853b-c70c4b8809a7@group-A72CCB8DF3AB-SegmentedRaftLog:OPENED:c-1, conf=-1: peers:[466e37ce-bab8-43e3-8861-d2a29ea05bd5|rpc:10.1.0.40:42247|dataStream:10.1.0.40:46349|priority:0|startupRole:FOLLOWER, 9f11bae2-70d6-4c19-b175-54f3bf2a6776|rpc:10.1.0.40:41965|dataStream:10.1.0.40:33671|priority:0|startupRole:FOLLOWER, 644b7e96-e81f-4c38-853b-c70c4b8809a7|rpc:10.1.0.40:34945|dataStream:10.1.0.40:33363|priority:1|startupRole:FOLLOWER]|listeners:[], old=null
2023-01-19 21:16:15,133 [9f11bae2-70d6-4c19-b175-54f3bf2a6776@group-A72CCB8DF3AB-LeaderElection8] INFO  impl.LeaderElection (LeaderElection.java:logAndReturn(90)) - 9f11bae2-70d6-4c19-b175-54f3bf2a6776@group-A72CCB8DF3AB-LeaderElection8: ELECTION REJECTED received 2 response(s) and 0 exception(s):
2023-01-19 21:16:15,133 [9f11bae2-70d6-4c19-b175-54f3bf2a6776@group-A72CCB8DF3AB-LeaderElection8] INFO  impl.LeaderElection (LeaderElection.java:logAndReturn(94)) -   Response 0: 9f11bae2-70d6-4c19-b175-54f3bf2a6776<-466e37ce-bab8-43e3-8861-d2a29ea05bd5#0:OK-t1
2023-01-19 21:16:15,133 [9f11bae2-70d6-4c19-b175-54f3bf2a6776@group-A72CCB8DF3AB-LeaderElection8] INFO  impl.LeaderElection (LeaderElection.java:logAndReturn(94)) -   Response 1: 9f11bae2-70d6-4c19-b175-54f3bf2a6776<-644b7e96-e81f-4c38-853b-c70c4b8809a7#0:FAIL-t1
2023-01-19 21:16:15,134 [9f11bae2-70d6-4c19-b175-54f3bf2a6776@group-A72CCB8DF3AB-LeaderElection8] INFO  impl.LeaderElection (LeaderElection.java:askForVotes(314)) - 9f11bae2-70d6-4c19-b175-54f3bf2a6776@group-A72CCB8DF3AB-LeaderElection8 ELECTION round 0: result REJECTED
2023-01-19 21:16:15,134 [9f11bae2-70d6-4c19-b175-54f3bf2a6776@group-A72CCB8DF3AB-LeaderElection8] INFO  server.RaftServer$Division (RaftServerImpl.java:setRole(321)) - 9f11bae2-70d6-4c19-b175-54f3bf2a6776@group-A72CCB8DF3AB: changes role from CANDIDATE to FOLLOWER at term 1 for REJECTED
2023-01-19 21:16:15,134 [9f11bae2-70d6-4c19-b175-54f3bf2a6776@group-A72CCB8DF3AB-LeaderElection8] INFO  impl.RoleInfo (RoleInfo.java:shutdownLeaderElection(130)) - 9f11bae2-70d6-4c19-b175-54f3bf2a6776: shutdown 9f11bae2-70d6-4c19-b175-54f3bf2a6776@group-A72CCB8DF3AB-LeaderElection8
2023-01-19 21:16:15,134 [9f11bae2-70d6-4c19-b175-54f3bf2a6776@group-A72CCB8DF3AB-LeaderElection8] INFO  impl.RoleInfo (RoleInfo.java:updateAndGet(139)) - 9f11bae2-70d6-4c19-b175-54f3bf2a6776: start 9f11bae2-70d6-4c19-b175-54f3bf2a6776@group-A72CCB8DF3AB-FollowerState
2023-01-19 21:16:15,135 [9f11bae2-70d6-4c19-b175-54f3bf2a6776@group-A72CCB8DF3AB-FollowerState] INFO  server.RaftServerConfigKeys (ConfUtils.java:logFallback(53)) - raft.server.rpc.first-election.timeout.min = 5s (fallback to raft.server.rpc.timeout.min)
2023-01-19 21:16:15,136 [9f11bae2-70d6-4c19-b175-54f3bf2a6776@group-A72CCB8DF3AB-FollowerState] INFO  server.RaftServerConfigKeys (ConfUtils.java:logFallback(53)) - raft.server.rpc.first-election.timeout.max = 5200ms (fallback to raft.server.rpc.timeout.max)
2023-01-19 21:16:15,172 [9f11bae2-70d6-4c19-b175-54f3bf2a6776@group-CC3B4D02D24B-FollowerState] INFO  impl.FollowerState (FollowerState.java:run(143)) - 9f11bae2-70d6-4c19-b175-54f3bf2a6776@group-CC3B4D02D24B-FollowerState: change to CANDIDATE, lastRpcElapsedTime:5020640987ns, electionTimeout:5008ms
2023-01-19 21:16:15,173 [9f11bae2-70d6-4c19-b175-54f3bf2a6776@group-CC3B4D02D24B-FollowerState] INFO  impl.RoleInfo (RoleInfo.java:shutdownFollowerState(110)) - 9f11bae2-70d6-4c19-b175-54f3bf2a6776: shutdown 9f11bae2-70d6-4c19-b175-54f3bf2a6776@group-CC3B4D02D24B-FollowerState
2023-01-19 21:16:15,173 [9f11bae2-70d6-4c19-b175-54f3bf2a6776@group-CC3B4D02D24B-FollowerState] INFO  server.RaftServer$Division (RaftServerImpl.java:setRole(321)) - 9f11bae2-70d6-4c19-b175-54f3bf2a6776@group-CC3B4D02D24B: changes role from  FOLLOWER to CANDIDATE at term 0 for changeToCandidate
2023-01-19 21:16:15,173 [9f11bae2-70d6-4c19-b175-54f3bf2a6776@group-CC3B4D02D24B-FollowerState] INFO  server.RaftServerConfigKeys (ConfUtils.java:logGet(46)) - raft.server.leaderelection.pre-vote = false (custom)
2023-01-19 21:16:15,173 [9f11bae2-70d6-4c19-b175-54f3bf2a6776@group-CC3B4D02D24B-FollowerState] INFO  impl.RoleInfo (RoleInfo.java:updateAndGet(139)) - 9f11bae2-70d6-4c19-b175-54f3bf2a6776: start 9f11bae2-70d6-4c19-b175-54f3bf2a6776@group-CC3B4D02D24B-LeaderElection9
2023-01-19 21:16:15,177 [9f11bae2-70d6-4c19-b175-54f3bf2a6776@group-CC3B4D02D24B-LeaderElection9] INFO  impl.LeaderElection (LeaderElection.java:askForVotes(312)) - 9f11bae2-70d6-4c19-b175-54f3bf2a6776@group-CC3B4D02D24B-LeaderElection9 ELECTION round 0: submit vote requests at term 1 for -1: peers:[466e37ce-bab8-43e3-8861-d2a29ea05bd5|rpc:10.1.0.40:42247|dataStream:10.1.0.40:46349|priority:0|startupRole:FOLLOWER, 9f11bae2-70d6-4c19-b175-54f3bf2a6776|rpc:10.1.0.40:41965|dataStream:10.1.0.40:33671|priority:1|startupRole:FOLLOWER, 644b7e96-e81f-4c38-853b-c70c4b8809a7|rpc:10.1.0.40:34945|dataStream:10.1.0.40:33363|priority:0|startupRole:FOLLOWER]|listeners:[], old=null
2023-01-19 21:16:15,180 [9f11bae2-70d6-4c19-b175-54f3bf2a6776@group-CC3B4D02D24B-LeaderElection9] INFO  server.RaftServerConfigKeys (ConfUtils.java:logFallback(53)) - raft.server.rpc.first-election.timeout.min = 5s (fallback to raft.server.rpc.timeout.min)
2023-01-19 21:16:15,181 [9f11bae2-70d6-4c19-b175-54f3bf2a6776@group-CC3B4D02D24B-LeaderElection9] INFO  server.RaftServerConfigKeys (ConfUtils.java:logFallback(53)) - raft.server.rpc.first-election.timeout.max = 5200ms (fallback to raft.server.rpc.timeout.max)
2023-01-19 21:16:15,182 [grpc-default-executor-1] INFO  server.RaftServer$Division (RaftServerImpl.java:requestVote(1218)) - 466e37ce-bab8-43e3-8861-d2a29ea05bd5@group-CC3B4D02D24B: receive requestVote(ELECTION, 9f11bae2-70d6-4c19-b175-54f3bf2a6776, group-CC3B4D02D24B, 1, (t:0, i:0))
2023-01-19 21:16:15,182 [grpc-default-executor-1] INFO  impl.VoteContext (VoteContext.java:log(49)) - 466e37ce-bab8-43e3-8861-d2a29ea05bd5@group-CC3B4D02D24B-FOLLOWER: accept ELECTION from 9f11bae2-70d6-4c19-b175-54f3bf2a6776: our priority 0 <= candidate's priority 1
2023-01-19 21:16:15,183 [grpc-default-executor-1] INFO  server.RaftServer$Division (RaftServerImpl.java:setRole(321)) - 466e37ce-bab8-43e3-8861-d2a29ea05bd5@group-CC3B4D02D24B: changes role from  FOLLOWER to FOLLOWER at term 1 for candidate:9f11bae2-70d6-4c19-b175-54f3bf2a6776
2023-01-19 21:16:15,183 [grpc-default-executor-1] INFO  impl.RoleInfo (RoleInfo.java:shutdownFollowerState(110)) - 466e37ce-bab8-43e3-8861-d2a29ea05bd5: shutdown 466e37ce-bab8-43e3-8861-d2a29ea05bd5@group-CC3B4D02D24B-FollowerState
2023-01-19 21:16:15,183 [grpc-default-executor-1] INFO  impl.RoleInfo (RoleInfo.java:updateAndGet(139)) - 466e37ce-bab8-43e3-8861-d2a29ea05bd5: start 466e37ce-bab8-43e3-8861-d2a29ea05bd5@group-CC3B4D02D24B-FollowerState
2023-01-19 21:16:15,183 [466e37ce-bab8-43e3-8861-d2a29ea05bd5@group-CC3B4D02D24B-FollowerState] INFO  impl.FollowerState (FollowerState.java:run(152)) - 466e37ce-bab8-43e3-8861-d2a29ea05bd5@group-CC3B4D02D24B-FollowerState was interrupted
2023-01-19 21:16:15,183 [466e37ce-bab8-43e3-8861-d2a29ea05bd5@group-CC3B4D02D24B-FollowerState] INFO  server.RaftServerConfigKeys (ConfUtils.java:logFallback(53)) - raft.server.rpc.first-election.timeout.min = 5s (fallback to raft.server.rpc.timeout.min)
2023-01-19 21:16:15,183 [466e37ce-bab8-43e3-8861-d2a29ea05bd5@group-CC3B4D02D24B-FollowerState] INFO  server.RaftServerConfigKeys (ConfUtils.java:logFallback(53)) - raft.server.rpc.first-election.timeout.max = 5200ms (fallback to raft.server.rpc.timeout.max)
2023-01-19 21:16:15,185 [grpc-default-executor-1] INFO  server.RaftServer$Division (RaftServerImpl.java:requestVote(1251)) - 466e37ce-bab8-43e3-8861-d2a29ea05bd5@group-CC3B4D02D24B replies to ELECTION vote request: 9f11bae2-70d6-4c19-b175-54f3bf2a6776<-466e37ce-bab8-43e3-8861-d2a29ea05bd5#0:OK-t1. Peer's state: 466e37ce-bab8-43e3-8861-d2a29ea05bd5@group-CC3B4D02D24B:t1, leader=null, voted=9f11bae2-70d6-4c19-b175-54f3bf2a6776, raftlog=Memoized:466e37ce-bab8-43e3-8861-d2a29ea05bd5@group-CC3B4D02D24B-SegmentedRaftLog:OPENED:c-1, conf=-1: peers:[466e37ce-bab8-43e3-8861-d2a29ea05bd5|rpc:10.1.0.40:42247|dataStream:10.1.0.40:46349|priority:0|startupRole:FOLLOWER, 9f11bae2-70d6-4c19-b175-54f3bf2a6776|rpc:10.1.0.40:41965|dataStream:10.1.0.40:33671|priority:1|startupRole:FOLLOWER, 644b7e96-e81f-4c38-853b-c70c4b8809a7|rpc:10.1.0.40:34945|dataStream:10.1.0.40:33363|priority:0|startupRole:FOLLOWER]|listeners:[], old=null
2023-01-19 21:16:15,188 [grpc-default-executor-1] INFO  server.RaftServer$Division (RaftServerImpl.java:requestVote(1218)) - 644b7e96-e81f-4c38-853b-c70c4b8809a7@group-CC3B4D02D24B: receive requestVote(ELECTION, 9f11bae2-70d6-4c19-b175-54f3bf2a6776, group-CC3B4D02D24B, 1, (t:0, i:0))
2023-01-19 21:16:15,188 [grpc-default-executor-1] INFO  impl.VoteContext (VoteContext.java:log(49)) - 644b7e96-e81f-4c38-853b-c70c4b8809a7@group-CC3B4D02D24B-FOLLOWER: accept ELECTION from 9f11bae2-70d6-4c19-b175-54f3bf2a6776: our priority 0 <= candidate's priority 1
2023-01-19 21:16:15,188 [grpc-default-executor-1] INFO  server.RaftServer$Division (RaftServerImpl.java:setRole(321)) - 644b7e96-e81f-4c38-853b-c70c4b8809a7@group-CC3B4D02D24B: changes role from  FOLLOWER to FOLLOWER at term 1 for candidate:9f11bae2-70d6-4c19-b175-54f3bf2a6776
2023-01-19 21:16:15,188 [grpc-default-executor-1] INFO  impl.RoleInfo (RoleInfo.java:shutdownFollowerState(110)) - 644b7e96-e81f-4c38-853b-c70c4b8809a7: shutdown 644b7e96-e81f-4c38-853b-c70c4b8809a7@group-CC3B4D02D24B-FollowerState
2023-01-19 21:16:15,188 [644b7e96-e81f-4c38-853b-c70c4b8809a7@group-CC3B4D02D24B-FollowerState] INFO  impl.FollowerState (FollowerState.java:run(152)) - 644b7e96-e81f-4c38-853b-c70c4b8809a7@group-CC3B4D02D24B-FollowerState was interrupted
2023-01-19 21:16:15,188 [grpc-default-executor-1] INFO  impl.RoleInfo (RoleInfo.java:updateAndGet(139)) - 644b7e96-e81f-4c38-853b-c70c4b8809a7: start 644b7e96-e81f-4c38-853b-c70c4b8809a7@group-CC3B4D02D24B-FollowerState
2023-01-19 21:16:15,196 [9f11bae2-70d6-4c19-b175-54f3bf2a6776@group-CC3B4D02D24B-LeaderElection9] INFO  impl.LeaderElection (LeaderElection.java:logAndReturn(90)) - 9f11bae2-70d6-4c19-b175-54f3bf2a6776@group-CC3B4D02D24B-LeaderElection9: ELECTION PASSED received 1 response(s) and 0 exception(s):
2023-01-19 21:16:15,196 [9f11bae2-70d6-4c19-b175-54f3bf2a6776@group-CC3B4D02D24B-LeaderElection9] INFO  impl.LeaderElection (LeaderElection.java:logAndReturn(94)) -   Response 0: 9f11bae2-70d6-4c19-b175-54f3bf2a6776<-466e37ce-bab8-43e3-8861-d2a29ea05bd5#0:OK-t1
2023-01-19 21:16:15,197 [9f11bae2-70d6-4c19-b175-54f3bf2a6776@group-CC3B4D02D24B-LeaderElection9] INFO  impl.LeaderElection (LeaderElection.java:askForVotes(314)) - 9f11bae2-70d6-4c19-b175-54f3bf2a6776@group-CC3B4D02D24B-LeaderElection9 ELECTION round 0: result PASSED
2023-01-19 21:16:15,197 [9f11bae2-70d6-4c19-b175-54f3bf2a6776@group-CC3B4D02D24B-LeaderElection9] INFO  impl.RoleInfo (RoleInfo.java:shutdownLeaderElection(130)) - 9f11bae2-70d6-4c19-b175-54f3bf2a6776: shutdown 9f11bae2-70d6-4c19-b175-54f3bf2a6776@group-CC3B4D02D24B-LeaderElection9
2023-01-19 21:16:15,197 [9f11bae2-70d6-4c19-b175-54f3bf2a6776@group-CC3B4D02D24B-LeaderElection9] INFO  server.RaftServer$Division (RaftServerImpl.java:setRole(321)) - 9f11bae2-70d6-4c19-b175-54f3bf2a6776@group-CC3B4D02D24B: changes role from CANDIDATE to LEADER at term 1 for changeToLeader
2023-01-19 21:16:15,197 [9f11bae2-70d6-4c19-b175-54f3bf2a6776@group-CC3B4D02D24B-LeaderElection9] INFO  ratis.XceiverServerRatis (XceiverServerRatis.java:handleLeaderChangedNotification(904)) - Leader change notification received for group: group-CC3B4D02D24B with new leaderId: 9f11bae2-70d6-4c19-b175-54f3bf2a6776
2023-01-19 21:16:15,197 [9f11bae2-70d6-4c19-b175-54f3bf2a6776@group-CC3B4D02D24B-LeaderElection9] INFO  server.RaftServer$Division (ServerState.java:setLeader(313)) - 9f11bae2-70d6-4c19-b175-54f3bf2a6776@group-CC3B4D02D24B: change Leader from null to 9f11bae2-70d6-4c19-b175-54f3bf2a6776 at term 1 for becomeLeader, leader elected after 5066ms
2023-01-19 21:16:15,197 [9f11bae2-70d6-4c19-b175-54f3bf2a6776@group-CC3B4D02D24B-LeaderElection9] INFO  server.RaftServerConfigKeys (ConfUtils.java:logGet(46)) - raft.server.staging.catchup.gap = 1000 (default)
2023-01-19 21:16:15,197 [9f11bae2-70d6-4c19-b175-54f3bf2a6776@group-CC3B4D02D24B-LeaderElection9] INFO  server.RaftServerConfigKeys (ConfUtils.java:logGet(46)) - raft.server.write.element-limit = 1024 (custom)
2023-01-19 21:16:15,197 [9f11bae2-70d6-4c19-b175-54f3bf2a6776@group-CC3B4D02D24B-LeaderElection9] INFO  server.RaftServerConfigKeys (ConfUtils.java:logGet(46)) - raft.server.write.byte-limit = 1024 M (=1073741824) (custom)
2023-01-19 21:16:15,198 [9f11bae2-70d6-4c19-b175-54f3bf2a6776@group-CC3B4D02D24B-LeaderElection9] INFO  server.RaftServerConfigKeys (ConfUtils.java:logGet(46)) - raft.server.watch.timeout = 180s (custom)
2023-01-19 21:16:15,198 [9f11bae2-70d6-4c19-b175-54f3bf2a6776@group-CC3B4D02D24B-LeaderElection9] INFO  server.RaftServerConfigKeys (ConfUtils.java:logGet(46)) - raft.server.watch.timeout.denomination = 1s (default)
2023-01-19 21:16:15,198 [9f11bae2-70d6-4c19-b175-54f3bf2a6776@group-CC3B4D02D24B-LeaderElection9] INFO  server.RaftServerConfigKeys (ConfUtils.java:logGet(46)) - raft.server.watch.element-limit = 65536 (default)
2023-01-19 21:16:15,198 [9f11bae2-70d6-4c19-b175-54f3bf2a6776@group-CC3B4D02D24B-LeaderElection9] INFO  server.RaftServerConfigKeys (ConfUtils.java:logGet(46)) - raft.server.write.element-limit = 1024 (custom)
2023-01-19 21:16:15,198 [9f11bae2-70d6-4c19-b175-54f3bf2a6776@group-CC3B4D02D24B-LeaderElection9] INFO  server.RaftServerConfigKeys (ConfUtils.java:logGet(46)) - raft.server.write.follower.gap.ratio.max = -1.0 (default)
2023-01-19 21:16:15,202 [grpc-default-executor-1] INFO  server.RaftServer$Division (RaftServerImpl.java:requestVote(1251)) - 644b7e96-e81f-4c38-853b-c70c4b8809a7@group-CC3B4D02D24B replies to ELECTION vote request: 9f11bae2-70d6-4c19-b175-54f3bf2a6776<-644b7e96-e81f-4c38-853b-c70c4b8809a7#0:OK-t1. Peer's state: 644b7e96-e81f-4c38-853b-c70c4b8809a7@group-CC3B4D02D24B:t1, leader=null, voted=9f11bae2-70d6-4c19-b175-54f3bf2a6776, raftlog=Memoized:644b7e96-e81f-4c38-853b-c70c4b8809a7@group-CC3B4D02D24B-SegmentedRaftLog:OPENED:c-1, conf=-1: peers:[466e37ce-bab8-43e3-8861-d2a29ea05bd5|rpc:10.1.0.40:42247|dataStream:10.1.0.40:46349|priority:0|startupRole:FOLLOWER, 9f11bae2-70d6-4c19-b175-54f3bf2a6776|rpc:10.1.0.40:41965|dataStream:10.1.0.40:33671|priority:1|startupRole:FOLLOWER, 644b7e96-e81f-4c38-853b-c70c4b8809a7|rpc:10.1.0.40:34945|dataStream:10.1.0.40:33363|priority:0|startupRole:FOLLOWER]|listeners:[], old=null
2023-01-19 21:16:15,204 [EventQueue-PipelineReportForPipelineReportHandler] INFO  pipeline.PipelineManagerImpl (PipelineManagerImpl.java:openPipeline(367)) - Pipeline Pipeline[ Id: 9bf9702d-9d55-48cc-b038-cc3b4d02d24b, Nodes: 466e37ce-bab8-43e3-8861-d2a29ea05bd5(fv-az353-460.tkyx2seitsuu3nmpmouz2httfb.bx.internal.cloudapp.net/10.1.0.40)9f11bae2-70d6-4c19-b175-54f3bf2a6776(fv-az353-460.tkyx2seitsuu3nmpmouz2httfb.bx.internal.cloudapp.net/10.1.0.40)644b7e96-e81f-4c38-853b-c70c4b8809a7(fv-az353-460.tkyx2seitsuu3nmpmouz2httfb.bx.internal.cloudapp.net/10.1.0.40), ReplicationConfig: RATIS/THREE, State:ALLOCATED, leaderId:9f11bae2-70d6-4c19-b175-54f3bf2a6776, CreationTimestamp2023-01-19T21:16:07.528Z[Etc/UTC]] moved to OPEN state
2023-01-19 21:16:15,205 [EventQueue-OpenPipelineForHealthyPipelineSafeModeRule] INFO  safemode.SCMSafeModeManager (HealthyPipelineSafeModeRule.java:process(137)) - SCM in safe mode. Healthy pipelines reported count is 1, required healthy pipeline reported count is 1
2023-01-19 21:16:15,207 [644b7e96-e81f-4c38-853b-c70c4b8809a7@group-CC3B4D02D24B-FollowerState] INFO  server.RaftServerConfigKeys (ConfUtils.java:logFallback(53)) - raft.server.rpc.first-election.timeout.min = 5s (fallback to raft.server.rpc.timeout.min)
2023-01-19 21:16:15,211 [644b7e96-e81f-4c38-853b-c70c4b8809a7@group-CC3B4D02D24B-FollowerState] INFO  server.RaftServerConfigKeys (ConfUtils.java:logFallback(53)) - raft.server.rpc.first-election.timeout.max = 5200ms (fallback to raft.server.rpc.timeout.max)
2023-01-19 21:16:15,216 [EventQueue-OpenPipelineForHealthyPipelineSafeModeRule] INFO  safemode.SCMSafeModeManager (SCMSafeModeManager.java:validateSafeModeExitRules(200)) - HealthyPipelineSafeModeRule rule is successfully validated
2023-01-19 21:16:15,216 [EventQueue-OpenPipelineForHealthyPipelineSafeModeRule] INFO  safemode.SCMSafeModeManager (SCMSafeModeManager.java:validateSafeModeExitRules(215)) - ScmSafeModeManager, all rules are successfully validated
2023-01-19 21:16:15,216 [EventQueue-OpenPipelineForHealthyPipelineSafeModeRule] INFO  safemode.SCMSafeModeManager (SCMSafeModeManager.java:exitSafeMode(244)) - SCM exiting safe mode.
2023-01-19 21:16:15,216 [EventQueue-OpenPipelineForHealthyPipelineSafeModeRule] INFO  ha.SCMContext (SCMContext.java:updateSafeModeStatus(228)) - Update SafeModeStatus from SafeModeStatus{safeModeStatus=true, preCheckPassed=true} to SafeModeStatus{safeModeStatus=false, preCheckPassed=true}.
2023-01-19 21:16:15,217 [EventQueue-OpenPipelineForHealthyPipelineSafeModeRule] INFO  pipeline.BackgroundPipelineCreator (BackgroundPipelineCreator.java:notifyStatusChanged(254)) - Service BackgroundPipelineCreator transitions to RUNNING.
2023-01-19 21:16:15,217 [EventQueue-OpenPipelineForHealthyPipelineSafeModeRule] INFO  BackgroundPipelineScrubber (BackgroundSCMService.java:notifyStatusChanged(82)) - Service BackgroundPipelineScrubber transitions to RUNNING.
2023-01-19 21:16:15,217 [EventQueue-OpenPipelineForHealthyPipelineSafeModeRule] INFO  ExpiredContainerReplicaOpScrubber (BackgroundSCMService.java:notifyStatusChanged(82)) - Service ExpiredContainerReplicaOpScrubber transitions to RUNNING.
2023-01-19 21:16:15,217 [EventQueue-OpenPipelineForHealthyPipelineSafeModeRule] INFO  replication.ReplicationManager (ReplicationManager.java:notifyStatusChanged(919)) - Service ReplicationManager transitions to RUNNING.
2023-01-19 21:16:15,221 [EventQueue-OpenPipelineForHealthyPipelineSafeModeRule] WARN  balancer.ContainerBalancer (ContainerBalancer.java:shouldRun(131)) - Could not find persisted configuration for ContainerBalancer when checking if ContainerBalancer should run. ContainerBalancer should not run now.
2023-01-19 21:16:15,221 [9f11bae2-70d6-4c19-b175-54f3bf2a6776@group-CC3B4D02D24B-LeaderElection9] INFO  server.RaftServerConfigKeys (ConfUtils.java:logGet(46)) - raft.server.log.appender.snapshot.chunk.size.max = 16MB (=16777216) (default)
2023-01-19 21:16:15,221 [9f11bae2-70d6-4c19-b175-54f3bf2a6776@group-CC3B4D02D24B-LeaderElection9] INFO  server.RaftServerConfigKeys (ConfUtils.java:logGet(46)) - raft.server.log.appender.buffer.byte-limit = 33554432 (custom)
2023-01-19 21:16:15,222 [9f11bae2-70d6-4c19-b175-54f3bf2a6776@group-CC3B4D02D24B-LeaderElection9] INFO  server.RaftServerConfigKeys (ConfUtils.java:logGet(46)) - raft.server.log.appender.buffer.element-limit = 1 (custom)
2023-01-19 21:16:15,224 [9f11bae2-70d6-4c19-b175-54f3bf2a6776@group-CC3B4D02D24B-LeaderElection9] INFO  grpc.GrpcConfigKeys (ConfUtils.java:logGet(46)) - raft.grpc.server.leader.outstanding.appends.max = 128 (default)
2023-01-19 21:16:15,224 [9f11bae2-70d6-4c19-b175-54f3bf2a6776@group-CC3B4D02D24B-LeaderElection9] INFO  server.RaftServerConfigKeys (ConfUtils.java:logGet(46)) - raft.server.rpc.request.timeout = 60s (custom)
2023-01-19 21:16:15,224 [9f11bae2-70d6-4c19-b175-54f3bf2a6776@group-CC3B4D02D24B-LeaderElection9] INFO  server.RaftServerConfigKeys (ConfUtils.java:logGet(46)) - raft.server.log.appender.install.snapshot.enabled = false (custom)
2023-01-19 21:16:15,224 [9f11bae2-70d6-4c19-b175-54f3bf2a6776@group-CC3B4D02D24B-LeaderElection9] INFO  grpc.GrpcConfigKeys (ConfUtils.java:logGet(46)) - raft.grpc.server.heartbeat.channel = true (default)
2023-01-19 21:16:15,224 [9f11bae2-70d6-4c19-b175-54f3bf2a6776@group-CC3B4D02D24B-LeaderElection9] INFO  server.RaftServerConfigKeys (ConfUtils.java:logGet(46)) - raft.server.log.appender.wait-time.min = 10ms (default)
2023-01-19 21:16:15,226 [9f11bae2-70d6-4c19-b175-54f3bf2a6776@group-CC3B4D02D24B-LeaderElection9] INFO  server.RaftServerConfigKeys (ConfUtils.java:logGet(46)) - raft.server.log.appender.snapshot.chunk.size.max = 16MB (=16777216) (default)
2023-01-19 21:16:15,227 [9f11bae2-70d6-4c19-b175-54f3bf2a6776@group-CC3B4D02D24B-LeaderElection9] INFO  server.RaftServerConfigKeys (ConfUtils.java:logGet(46)) - raft.server.log.appender.buffer.byte-limit = 33554432 (custom)
2023-01-19 21:16:15,227 [9f11bae2-70d6-4c19-b175-54f3bf2a6776@group-CC3B4D02D24B-LeaderElection9] INFO  server.RaftServerConfigKeys (ConfUtils.java:logGet(46)) - raft.server.log.appender.buffer.element-limit = 1 (custom)
2023-01-19 21:16:15,227 [9f11bae2-70d6-4c19-b175-54f3bf2a6776@group-CC3B4D02D24B-LeaderElection9] INFO  grpc.GrpcConfigKeys (ConfUtils.java:logGet(46)) - raft.grpc.server.leader.outstanding.appends.max = 128 (default)
2023-01-19 21:16:15,227 [9f11bae2-70d6-4c19-b175-54f3bf2a6776@group-CC3B4D02D24B-LeaderElection9] INFO  server.RaftServerConfigKeys (ConfUtils.java:logGet(46)) - raft.server.rpc.request.timeout = 60s (custom)
2023-01-19 21:16:15,227 [9f11bae2-70d6-4c19-b175-54f3bf2a6776@group-CC3B4D02D24B-LeaderElection9] INFO  server.RaftServerConfigKeys (ConfUtils.java:logGet(46)) - raft.server.log.appender.install.snapshot.enabled = false (custom)
2023-01-19 21:16:15,227 [9f11bae2-70d6-4c19-b175-54f3bf2a6776@group-CC3B4D02D24B-LeaderElection9] INFO  grpc.GrpcConfigKeys (ConfUtils.java:logGet(46)) - raft.grpc.server.heartbeat.channel = true (default)
2023-01-19 21:16:15,227 [9f11bae2-70d6-4c19-b175-54f3bf2a6776@group-CC3B4D02D24B-LeaderElection9] INFO  server.RaftServerConfigKeys (ConfUtils.java:logGet(46)) - raft.server.log.appender.wait-time.min = 10ms (default)
2023-01-19 21:16:15,228 [9f11bae2-70d6-4c19-b175-54f3bf2a6776@group-CC3B4D02D24B-LeaderElection9] INFO  impl.RoleInfo (RoleInfo.java:updateAndGet(139)) - 9f11bae2-70d6-4c19-b175-54f3bf2a6776: start 9f11bae2-70d6-4c19-b175-54f3bf2a6776@group-CC3B4D02D24B-LeaderStateImpl
2023-01-19 21:16:15,228 [9f11bae2-70d6-4c19-b175-54f3bf2a6776@group-CC3B4D02D24B-LeaderElection9] INFO  segmented.SegmentedRaftLogWorker (SegmentedRaftLogWorker.java:startLogSegment(452)) - 9f11bae2-70d6-4c19-b175-54f3bf2a6776@group-CC3B4D02D24B-SegmentedRaftLogWorker: Starting segment from index:0
2023-01-19 21:16:15,230 [9f11bae2-70d6-4c19-b175-54f3bf2a6776@group-CC3B4D02D24B-SegmentedRaftLogWorker] INFO  segmented.SegmentedRaftLogWorker (SegmentedRaftLogWorker.java:execute(656)) - 9f11bae2-70d6-4c19-b175-54f3bf2a6776@group-CC3B4D02D24B-SegmentedRaftLogWorker: created new log segment /home/runner/work/ozone/ozone/hadoop-ozone/integration-test/target/test-dir/MiniOzoneClusterImpl-df602b49-e577-4a1d-ae00-d896acd8b89d/datanode-3/data/ratis/9bf9702d-9d55-48cc-b038-cc3b4d02d24b/current/log_inprogress_0
2023-01-19 21:16:15,236 [9f11bae2-70d6-4c19-b175-54f3bf2a6776@group-CC3B4D02D24B-LeaderElection9] INFO  server.RaftServer$Division (ServerState.java:setRaftConf(430)) - 9f11bae2-70d6-4c19-b175-54f3bf2a6776@group-CC3B4D02D24B: set configuration 0: peers:[466e37ce-bab8-43e3-8861-d2a29ea05bd5|rpc:10.1.0.40:42247|dataStream:10.1.0.40:46349|priority:0|startupRole:FOLLOWER, 9f11bae2-70d6-4c19-b175-54f3bf2a6776|rpc:10.1.0.40:41965|dataStream:10.1.0.40:33671|priority:1|startupRole:FOLLOWER, 644b7e96-e81f-4c38-853b-c70c4b8809a7|rpc:10.1.0.40:34945|dataStream:10.1.0.40:33363|priority:0|startupRole:FOLLOWER]|listeners:[], old=null
2023-01-19 21:16:15,276 [466e37ce-bab8-43e3-8861-d2a29ea05bd5-server-thread2] INFO  ratis.XceiverServerRatis (XceiverServerRatis.java:handleLeaderChangedNotification(904)) - Leader change notification received for group: group-CC3B4D02D24B with new leaderId: 9f11bae2-70d6-4c19-b175-54f3bf2a6776
2023-01-19 21:16:15,278 [644b7e96-e81f-4c38-853b-c70c4b8809a7-server-thread1] INFO  ratis.XceiverServerRatis (XceiverServerRatis.java:handleLeaderChangedNotification(904)) - Leader change notification received for group: group-CC3B4D02D24B with new leaderId: 9f11bae2-70d6-4c19-b175-54f3bf2a6776
2023-01-19 21:16:15,278 [466e37ce-bab8-43e3-8861-d2a29ea05bd5-server-thread2] INFO  server.RaftServer$Division (ServerState.java:setLeader(313)) - 466e37ce-bab8-43e3-8861-d2a29ea05bd5@group-CC3B4D02D24B: change Leader from null to 9f11bae2-70d6-4c19-b175-54f3bf2a6776 at term 1 for appendEntries, leader elected after 5083ms
2023-01-19 21:16:15,278 [644b7e96-e81f-4c38-853b-c70c4b8809a7-server-thread1] INFO  server.RaftServer$Division (ServerState.java:setLeader(313)) - 644b7e96-e81f-4c38-853b-c70c4b8809a7@group-CC3B4D02D24B: change Leader from null to 9f11bae2-70d6-4c19-b175-54f3bf2a6776 at term 1 for appendEntries, leader elected after 4663ms
2023-01-19 21:16:15,286 [644b7e96-e81f-4c38-853b-c70c4b8809a7-server-thread1] INFO  server.RaftServer$Division (ServerState.java:setRaftConf(430)) - 644b7e96-e81f-4c38-853b-c70c4b8809a7@group-CC3B4D02D24B: set configuration 0: peers:[466e37ce-bab8-43e3-8861-d2a29ea05bd5|rpc:10.1.0.40:42247|dataStream:10.1.0.40:46349|priority:0|startupRole:FOLLOWER, 9f11bae2-70d6-4c19-b175-54f3bf2a6776|rpc:10.1.0.40:41965|dataStream:10.1.0.40:33671|priority:1|startupRole:FOLLOWER, 644b7e96-e81f-4c38-853b-c70c4b8809a7|rpc:10.1.0.40:34945|dataStream:10.1.0.40:33363|priority:0|startupRole:FOLLOWER]|listeners:[], old=null
2023-01-19 21:16:15,286 [644b7e96-e81f-4c38-853b-c70c4b8809a7-server-thread1] INFO  segmented.SegmentedRaftLogWorker (SegmentedRaftLogWorker.java:startLogSegment(452)) - 644b7e96-e81f-4c38-853b-c70c4b8809a7@group-CC3B4D02D24B-SegmentedRaftLogWorker: Starting segment from index:0
2023-01-19 21:16:15,293 [644b7e96-e81f-4c38-853b-c70c4b8809a7@group-CC3B4D02D24B-SegmentedRaftLogWorker] INFO  segmented.SegmentedRaftLogWorker (SegmentedRaftLogWorker.java:execute(656)) - 644b7e96-e81f-4c38-853b-c70c4b8809a7@group-CC3B4D02D24B-SegmentedRaftLogWorker: created new log segment /home/runner/work/ozone/ozone/hadoop-ozone/integration-test/target/test-dir/MiniOzoneClusterImpl-df602b49-e577-4a1d-ae00-d896acd8b89d/datanode-4/data/ratis/9bf9702d-9d55-48cc-b038-cc3b4d02d24b/current/log_inprogress_0
2023-01-19 21:16:15,294 [466e37ce-bab8-43e3-8861-d2a29ea05bd5-server-thread1] INFO  server.RaftServer$Division (ServerState.java:setRaftConf(430)) - 466e37ce-bab8-43e3-8861-d2a29ea05bd5@group-CC3B4D02D24B: set configuration 0: peers:[466e37ce-bab8-43e3-8861-d2a29ea05bd5|rpc:10.1.0.40:42247|dataStream:10.1.0.40:46349|priority:0|startupRole:FOLLOWER, 9f11bae2-70d6-4c19-b175-54f3bf2a6776|rpc:10.1.0.40:41965|dataStream:10.1.0.40:33671|priority:1|startupRole:FOLLOWER, 644b7e96-e81f-4c38-853b-c70c4b8809a7|rpc:10.1.0.40:34945|dataStream:10.1.0.40:33363|priority:0|startupRole:FOLLOWER]|listeners:[], old=null
2023-01-19 21:16:15,294 [466e37ce-bab8-43e3-8861-d2a29ea05bd5-server-thread1] INFO  segmented.SegmentedRaftLogWorker (SegmentedRaftLogWorker.java:startLogSegment(452)) - 466e37ce-bab8-43e3-8861-d2a29ea05bd5@group-CC3B4D02D24B-SegmentedRaftLogWorker: Starting segment from index:0
2023-01-19 21:16:15,296 [466e37ce-bab8-43e3-8861-d2a29ea05bd5@group-CC3B4D02D24B-SegmentedRaftLogWorker] INFO  segmented.SegmentedRaftLogWorker (SegmentedRaftLogWorker.java:execute(656)) - 466e37ce-bab8-43e3-8861-d2a29ea05bd5@group-CC3B4D02D24B-SegmentedRaftLogWorker: created new log segment /home/runner/work/ozone/ozone/hadoop-ozone/integration-test/target/test-dir/MiniOzoneClusterImpl-df602b49-e577-4a1d-ae00-d896acd8b89d/datanode-5/data/ratis/9bf9702d-9d55-48cc-b038-cc3b4d02d24b/current/log_inprogress_0
2023-01-19 21:16:15,640 [644b7e96-e81f-4c38-853b-c70c4b8809a7@group-B2191B8233CD-FollowerState] INFO  impl.FollowerState (FollowerState.java:run(143)) - 644b7e96-e81f-4c38-853b-c70c4b8809a7@group-B2191B8233CD-FollowerState: change to CANDIDATE, lastRpcElapsedTime:5040186187ns, electionTimeout:5031ms
2023-01-19 21:16:15,641 [644b7e96-e81f-4c38-853b-c70c4b8809a7@group-B2191B8233CD-FollowerState] INFO  impl.RoleInfo (RoleInfo.java:shutdownFollowerState(110)) - 644b7e96-e81f-4c38-853b-c70c4b8809a7: shutdown 644b7e96-e81f-4c38-853b-c70c4b8809a7@group-B2191B8233CD-FollowerState
2023-01-19 21:16:15,641 [644b7e96-e81f-4c38-853b-c70c4b8809a7@group-B2191B8233CD-FollowerState] INFO  server.RaftServer$Division (RaftServerImpl.java:setRole(321)) - 644b7e96-e81f-4c38-853b-c70c4b8809a7@group-B2191B8233CD: changes role from  FOLLOWER to CANDIDATE at term 0 for changeToCandidate
2023-01-19 21:16:15,641 [644b7e96-e81f-4c38-853b-c70c4b8809a7@group-B2191B8233CD-FollowerState] INFO  server.RaftServerConfigKeys (ConfUtils.java:logGet(46)) - raft.server.leaderelection.pre-vote = false (custom)
2023-01-19 21:16:15,641 [644b7e96-e81f-4c38-853b-c70c4b8809a7@group-B2191B8233CD-FollowerState] INFO  impl.RoleInfo (RoleInfo.java:updateAndGet(139)) - 644b7e96-e81f-4c38-853b-c70c4b8809a7: start 644b7e96-e81f-4c38-853b-c70c4b8809a7@group-B2191B8233CD-LeaderElection10
2023-01-19 21:16:15,648 [644b7e96-e81f-4c38-853b-c70c4b8809a7@group-B2191B8233CD-LeaderElection10] INFO  impl.LeaderElection (LeaderElection.java:askForVotes(312)) - 644b7e96-e81f-4c38-853b-c70c4b8809a7@group-B2191B8233CD-LeaderElection10 ELECTION round 0: submit vote requests at term 1 for -1: peers:[644b7e96-e81f-4c38-853b-c70c4b8809a7|rpc:10.1.0.40:34945|dataStream:10.1.0.40:33363|priority:1|startupRole:FOLLOWER]|listeners:[], old=null
2023-01-19 21:16:15,648 [644b7e96-e81f-4c38-853b-c70c4b8809a7@group-B2191B8233CD-LeaderElection10] INFO  impl.LeaderElection (LeaderElection.java:askForVotes(314)) - 644b7e96-e81f-4c38-853b-c70c4b8809a7@group-B2191B8233CD-LeaderElection10 ELECTION round 0: result PASSED (term=1)
2023-01-19 21:16:15,648 [644b7e96-e81f-4c38-853b-c70c4b8809a7@group-B2191B8233CD-LeaderElection10] INFO  impl.RoleInfo (RoleInfo.java:shutdownLeaderElection(130)) - 644b7e96-e81f-4c38-853b-c70c4b8809a7: shutdown 644b7e96-e81f-4c38-853b-c70c4b8809a7@group-B2191B8233CD-LeaderElection10
2023-01-19 21:16:15,648 [644b7e96-e81f-4c38-853b-c70c4b8809a7@group-B2191B8233CD-LeaderElection10] INFO  server.RaftServer$Division (RaftServerImpl.java:setRole(321)) - 644b7e96-e81f-4c38-853b-c70c4b8809a7@group-B2191B8233CD: changes role from CANDIDATE to LEADER at term 1 for changeToLeader
2023-01-19 21:16:15,648 [644b7e96-e81f-4c38-853b-c70c4b8809a7@group-B2191B8233CD-LeaderElection10] INFO  ratis.XceiverServerRatis (XceiverServerRatis.java:handleLeaderChangedNotification(904)) - Leader change notification received for group: group-B2191B8233CD with new leaderId: 644b7e96-e81f-4c38-853b-c70c4b8809a7
2023-01-19 21:16:15,650 [644b7e96-e81f-4c38-853b-c70c4b8809a7@group-B2191B8233CD-LeaderElection10] INFO  server.RaftServer$Division (ServerState.java:setLeader(313)) - 644b7e96-e81f-4c38-853b-c70c4b8809a7@group-B2191B8233CD: change Leader from null to 644b7e96-e81f-4c38-853b-c70c4b8809a7 at term 1 for becomeLeader, leader elected after 5470ms
2023-01-19 21:16:15,650 [644b7e96-e81f-4c38-853b-c70c4b8809a7@group-B2191B8233CD-LeaderElection10] INFO  server.RaftServerConfigKeys (ConfUtils.java:logGet(46)) - raft.server.staging.catchup.gap = 1000 (default)
2023-01-19 21:16:15,650 [644b7e96-e81f-4c38-853b-c70c4b8809a7@group-B2191B8233CD-LeaderElection10] INFO  server.RaftServerConfigKeys (ConfUtils.java:logGet(46)) - raft.server.write.element-limit = 1024 (custom)
2023-01-19 21:16:15,650 [644b7e96-e81f-4c38-853b-c70c4b8809a7@group-B2191B8233CD-LeaderElection10] INFO  server.RaftServerConfigKeys (ConfUtils.java:logGet(46)) - raft.server.write.byte-limit = 1024 M (=1073741824) (custom)
2023-01-19 21:16:15,654 [644b7e96-e81f-4c38-853b-c70c4b8809a7@group-B2191B8233CD-LeaderElection10] INFO  server.RaftServerConfigKeys (ConfUtils.java:logGet(46)) - raft.server.watch.timeout = 180s (custom)
2023-01-19 21:16:15,654 [644b7e96-e81f-4c38-853b-c70c4b8809a7@group-B2191B8233CD-LeaderElection10] INFO  server.RaftServerConfigKeys (ConfUtils.java:logGet(46)) - raft.server.watch.timeout.denomination = 1s (default)
2023-01-19 21:16:15,654 [644b7e96-e81f-4c38-853b-c70c4b8809a7@group-B2191B8233CD-LeaderElection10] INFO  server.RaftServerConfigKeys (ConfUtils.java:logGet(46)) - raft.server.watch.element-limit = 65536 (default)
2023-01-19 21:16:15,655 [644b7e96-e81f-4c38-853b-c70c4b8809a7@group-B2191B8233CD-LeaderElection10] INFO  server.RaftServerConfigKeys (ConfUtils.java:logGet(46)) - raft.server.write.element-limit = 1024 (custom)
2023-01-19 21:16:15,655 [644b7e96-e81f-4c38-853b-c70c4b8809a7@group-B2191B8233CD-LeaderElection10] INFO  server.RaftServerConfigKeys (ConfUtils.java:logGet(46)) - raft.server.write.follower.gap.ratio.max = -1.0 (default)
2023-01-19 21:16:15,655 [644b7e96-e81f-4c38-853b-c70c4b8809a7@group-B2191B8233CD-LeaderElection10] INFO  impl.RoleInfo (RoleInfo.java:updateAndGet(139)) - 644b7e96-e81f-4c38-853b-c70c4b8809a7: start 644b7e96-e81f-4c38-853b-c70c4b8809a7@group-B2191B8233CD-LeaderStateImpl
2023-01-19 21:16:15,655 [644b7e96-e81f-4c38-853b-c70c4b8809a7@group-B2191B8233CD-LeaderElection10] INFO  segmented.SegmentedRaftLogWorker (SegmentedRaftLogWorker.java:startLogSegment(452)) - 644b7e96-e81f-4c38-853b-c70c4b8809a7@group-B2191B8233CD-SegmentedRaftLogWorker: Starting segment from index:0
2023-01-19 21:16:15,667 [644b7e96-e81f-4c38-853b-c70c4b8809a7@group-B2191B8233CD-SegmentedRaftLogWorker] INFO  segmented.SegmentedRaftLogWorker (SegmentedRaftLogWorker.java:execute(656)) - 644b7e96-e81f-4c38-853b-c70c4b8809a7@group-B2191B8233CD-SegmentedRaftLogWorker: created new log segment /home/runner/work/ozone/ozone/hadoop-ozone/integration-test/target/test-dir/MiniOzoneClusterImpl-df602b49-e577-4a1d-ae00-d896acd8b89d/datanode-4/data/ratis/336b7f56-ae59-4d1a-800b-b2191b8233cd/current/log_inprogress_0
2023-01-19 21:16:15,667 [644b7e96-e81f-4c38-853b-c70c4b8809a7@group-B2191B8233CD-LeaderElection10] INFO  server.RaftServer$Division (ServerState.java:setRaftConf(430)) - 644b7e96-e81f-4c38-853b-c70c4b8809a7@group-B2191B8233CD: set configuration 0: peers:[644b7e96-e81f-4c38-853b-c70c4b8809a7|rpc:10.1.0.40:34945|dataStream:10.1.0.40:33363|priority:1|startupRole:FOLLOWER]|listeners:[], old=null
2023-01-19 21:16:15,724 [466e37ce-bab8-43e3-8861-d2a29ea05bd5@group-050ED9BB5AE7-FollowerState] INFO  impl.FollowerState (FollowerState.java:run(143)) - 466e37ce-bab8-43e3-8861-d2a29ea05bd5@group-050ED9BB5AE7-FollowerState: change to CANDIDATE, lastRpcElapsedTime:5040704686ns, electionTimeout:5038ms
2023-01-19 21:16:15,725 [466e37ce-bab8-43e3-8861-d2a29ea05bd5@group-050ED9BB5AE7-FollowerState] INFO  impl.RoleInfo (RoleInfo.java:shutdownFollowerState(110)) - 466e37ce-bab8-43e3-8861-d2a29ea05bd5: shutdown 466e37ce-bab8-43e3-8861-d2a29ea05bd5@group-050ED9BB5AE7-FollowerState
2023-01-19 21:16:15,725 [466e37ce-bab8-43e3-8861-d2a29ea05bd5@group-050ED9BB5AE7-FollowerState] INFO  server.RaftServer$Division (RaftServerImpl.java:setRole(321)) - 466e37ce-bab8-43e3-8861-d2a29ea05bd5@group-050ED9BB5AE7: changes role from  FOLLOWER to CANDIDATE at term 0 for changeToCandidate
2023-01-19 21:16:15,725 [466e37ce-bab8-43e3-8861-d2a29ea05bd5@group-050ED9BB5AE7-FollowerState] INFO  server.RaftServerConfigKeys (ConfUtils.java:logGet(46)) - raft.server.leaderelection.pre-vote = false (custom)
2023-01-19 21:16:15,725 [466e37ce-bab8-43e3-8861-d2a29ea05bd5@group-050ED9BB5AE7-FollowerState] INFO  impl.RoleInfo (RoleInfo.java:updateAndGet(139)) - 466e37ce-bab8-43e3-8861-d2a29ea05bd5: start 466e37ce-bab8-43e3-8861-d2a29ea05bd5@group-050ED9BB5AE7-LeaderElection11
2023-01-19 21:16:15,728 [466e37ce-bab8-43e3-8861-d2a29ea05bd5@group-050ED9BB5AE7-LeaderElection11] INFO  impl.LeaderElection (LeaderElection.java:askForVotes(312)) - 466e37ce-bab8-43e3-8861-d2a29ea05bd5@group-050ED9BB5AE7-LeaderElection11 ELECTION round 0: submit vote requests at term 1 for -1: peers:[466e37ce-bab8-43e3-8861-d2a29ea05bd5|rpc:10.1.0.40:42247|dataStream:10.1.0.40:46349|priority:1|startupRole:FOLLOWER]|listeners:[], old=null
2023-01-19 21:16:15,729 [466e37ce-bab8-43e3-8861-d2a29ea05bd5@group-050ED9BB5AE7-LeaderElection11] INFO  impl.LeaderElection (LeaderElection.java:askForVotes(314)) - 466e37ce-bab8-43e3-8861-d2a29ea05bd5@group-050ED9BB5AE7-LeaderElection11 ELECTION round 0: result PASSED (term=1)
2023-01-19 21:16:15,729 [466e37ce-bab8-43e3-8861-d2a29ea05bd5@group-050ED9BB5AE7-LeaderElection11] INFO  impl.RoleInfo (RoleInfo.java:shutdownLeaderElection(130)) - 466e37ce-bab8-43e3-8861-d2a29ea05bd5: shutdown 466e37ce-bab8-43e3-8861-d2a29ea05bd5@group-050ED9BB5AE7-LeaderElection11
2023-01-19 21:16:15,729 [466e37ce-bab8-43e3-8861-d2a29ea05bd5@group-050ED9BB5AE7-LeaderElection11] INFO  server.RaftServer$Division (RaftServerImpl.java:setRole(321)) - 466e37ce-bab8-43e3-8861-d2a29ea05bd5@group-050ED9BB5AE7: changes role from CANDIDATE to LEADER at term 1 for changeToLeader
2023-01-19 21:16:15,729 [466e37ce-bab8-43e3-8861-d2a29ea05bd5@group-050ED9BB5AE7-LeaderElection11] INFO  ratis.XceiverServerRatis (XceiverServerRatis.java:handleLeaderChangedNotification(904)) - Leader change notification received for group: group-050ED9BB5AE7 with new leaderId: 466e37ce-bab8-43e3-8861-d2a29ea05bd5
2023-01-19 21:16:15,729 [466e37ce-bab8-43e3-8861-d2a29ea05bd5@group-050ED9BB5AE7-LeaderElection11] INFO  server.RaftServer$Division (ServerState.java:setLeader(313)) - 466e37ce-bab8-43e3-8861-d2a29ea05bd5@group-050ED9BB5AE7: change Leader from null to 466e37ce-bab8-43e3-8861-d2a29ea05bd5 at term 1 for becomeLeader, leader elected after 5083ms
2023-01-19 21:16:15,729 [466e37ce-bab8-43e3-8861-d2a29ea05bd5@group-050ED9BB5AE7-LeaderElection11] INFO  server.RaftServerConfigKeys (ConfUtils.java:logGet(46)) - raft.server.staging.catchup.gap = 1000 (default)
2023-01-19 21:16:15,729 [466e37ce-bab8-43e3-8861-d2a29ea05bd5@group-050ED9BB5AE7-LeaderElection11] INFO  server.RaftServerConfigKeys (ConfUtils.java:logGet(46)) - raft.server.write.element-limit = 1024 (custom)
2023-01-19 21:16:15,729 [466e37ce-bab8-43e3-8861-d2a29ea05bd5@group-050ED9BB5AE7-LeaderElection11] INFO  server.RaftServerConfigKeys (ConfUtils.java:logGet(46)) - raft.server.write.byte-limit = 1024 M (=1073741824) (custom)
2023-01-19 21:16:15,730 [466e37ce-bab8-43e3-8861-d2a29ea05bd5@group-050ED9BB5AE7-LeaderElection11] INFO  server.RaftServerConfigKeys (ConfUtils.java:logGet(46)) - raft.server.watch.timeout = 180s (custom)
2023-01-19 21:16:15,730 [466e37ce-bab8-43e3-8861-d2a29ea05bd5@group-050ED9BB5AE7-LeaderElection11] INFO  server.RaftServerConfigKeys (ConfUtils.java:logGet(46)) - raft.server.watch.timeout.denomination = 1s (default)
2023-01-19 21:16:15,730 [466e37ce-bab8-43e3-8861-d2a29ea05bd5@group-050ED9BB5AE7-LeaderElection11] INFO  server.RaftServerConfigKeys (ConfUtils.java:logGet(46)) - raft.server.watch.element-limit = 65536 (default)
2023-01-19 21:16:15,730 [466e37ce-bab8-43e3-8861-d2a29ea05bd5@group-050ED9BB5AE7-LeaderElection11] INFO  server.RaftServerConfigKeys (ConfUtils.java:logGet(46)) - raft.server.write.element-limit = 1024 (custom)
2023-01-19 21:16:15,730 [466e37ce-bab8-43e3-8861-d2a29ea05bd5@group-050ED9BB5AE7-LeaderElection11] INFO  server.RaftServerConfigKeys (ConfUtils.java:logGet(46)) - raft.server.write.follower.gap.ratio.max = -1.0 (default)
2023-01-19 21:16:15,730 [466e37ce-bab8-43e3-8861-d2a29ea05bd5@group-050ED9BB5AE7-LeaderElection11] INFO  impl.RoleInfo (RoleInfo.java:updateAndGet(139)) - 466e37ce-bab8-43e3-8861-d2a29ea05bd5: start 466e37ce-bab8-43e3-8861-d2a29ea05bd5@group-050ED9BB5AE7-LeaderStateImpl
2023-01-19 21:16:15,730 [466e37ce-bab8-43e3-8861-d2a29ea05bd5@group-050ED9BB5AE7-LeaderElection11] INFO  segmented.SegmentedRaftLogWorker (SegmentedRaftLogWorker.java:startLogSegment(452)) - 466e37ce-bab8-43e3-8861-d2a29ea05bd5@group-050ED9BB5AE7-SegmentedRaftLogWorker: Starting segment from index:0
2023-01-19 21:16:15,736 [466e37ce-bab8-43e3-8861-d2a29ea05bd5@group-050ED9BB5AE7-LeaderElection11] INFO  server.RaftServer$Division (ServerState.java:setRaftConf(430)) - 466e37ce-bab8-43e3-8861-d2a29ea05bd5@group-050ED9BB5AE7: set configuration 0: peers:[466e37ce-bab8-43e3-8861-d2a29ea05bd5|rpc:10.1.0.40:42247|dataStream:10.1.0.40:46349|priority:1|startupRole:FOLLOWER]|listeners:[], old=null
2023-01-19 21:16:15,736 [466e37ce-bab8-43e3-8861-d2a29ea05bd5@group-050ED9BB5AE7-SegmentedRaftLogWorker] INFO  segmented.SegmentedRaftLogWorker (SegmentedRaftLogWorker.java:execute(656)) - 466e37ce-bab8-43e3-8861-d2a29ea05bd5@group-050ED9BB5AE7-SegmentedRaftLogWorker: created new log segment /home/runner/work/ozone/ozone/hadoop-ozone/integration-test/target/test-dir/MiniOzoneClusterImpl-df602b49-e577-4a1d-ae00-d896acd8b89d/datanode-5/data/ratis/3fa656ae-443f-4ebc-a81c-050ed9bb5ae7/current/log_inprogress_0
2023-01-19 21:16:16,009 [Listener at 127.0.0.1/34089] INFO  ozone.MiniOzoneClusterImpl (MiniOzoneClusterImpl.java:lambda$waitForClusterToBeReady$0(218)) - Nodes are ready. Got 7 of 7 DN Heartbeats.
2023-01-19 21:16:16,009 [Listener at 127.0.0.1/34089] INFO  ozone.MiniOzoneClusterImpl (MiniOzoneClusterImpl.java:lambda$waitForClusterToBeReady$0(221)) - Cluster exits safe mode
2023-01-19 21:16:16,009 [Listener at 127.0.0.1/34089] INFO  ozone.MiniOzoneClusterImpl (MiniOzoneClusterImpl.java:lambda$waitForClusterToBeReady$0(223)) - SCM became leader
2023-01-19 21:16:16,091 [3ef17d3f-5602-43d4-9aab-3516f470ca8d@group-E00FDD7C002A-FollowerState] INFO  impl.FollowerState (FollowerState.java:run(143)) - 3ef17d3f-5602-43d4-9aab-3516f470ca8d@group-E00FDD7C002A-FollowerState: change to CANDIDATE, lastRpcElapsedTime:5057405885ns, electionTimeout:5054ms
2023-01-19 21:16:16,092 [3ef17d3f-5602-43d4-9aab-3516f470ca8d@group-E00FDD7C002A-FollowerState] INFO  impl.RoleInfo (RoleInfo.java:shutdownFollowerState(110)) - 3ef17d3f-5602-43d4-9aab-3516f470ca8d: shutdown 3ef17d3f-5602-43d4-9aab-3516f470ca8d@group-E00FDD7C002A-FollowerState
2023-01-19 21:16:16,092 [3ef17d3f-5602-43d4-9aab-3516f470ca8d@group-E00FDD7C002A-FollowerState] INFO  server.RaftServer$Division (RaftServerImpl.java:setRole(321)) - 3ef17d3f-5602-43d4-9aab-3516f470ca8d@group-E00FDD7C002A: changes role from  FOLLOWER to CANDIDATE at term 0 for changeToCandidate
2023-01-19 21:16:16,092 [3ef17d3f-5602-43d4-9aab-3516f470ca8d@group-E00FDD7C002A-FollowerState] INFO  server.RaftServerConfigKeys (ConfUtils.java:logGet(46)) - raft.server.leaderelection.pre-vote = false (custom)
2023-01-19 21:16:16,092 [3ef17d3f-5602-43d4-9aab-3516f470ca8d@group-E00FDD7C002A-FollowerState] INFO  impl.RoleInfo (RoleInfo.java:updateAndGet(139)) - 3ef17d3f-5602-43d4-9aab-3516f470ca8d: start 3ef17d3f-5602-43d4-9aab-3516f470ca8d@group-E00FDD7C002A-LeaderElection12
2023-01-19 21:16:16,102 [3ef17d3f-5602-43d4-9aab-3516f470ca8d@group-E00FDD7C002A-LeaderElection12] INFO  impl.LeaderElection (LeaderElection.java:askForVotes(312)) - 3ef17d3f-5602-43d4-9aab-3516f470ca8d@group-E00FDD7C002A-LeaderElection12 ELECTION round 0: submit vote requests at term 1 for -1: peers:[3ef17d3f-5602-43d4-9aab-3516f470ca8d|rpc:10.1.0.40:44823|dataStream:10.1.0.40:38191|priority:1|startupRole:FOLLOWER]|listeners:[], old=null
2023-01-19 21:16:16,102 [3ef17d3f-5602-43d4-9aab-3516f470ca8d@group-E00FDD7C002A-LeaderElection12] INFO  impl.LeaderElection (LeaderElection.java:askForVotes(314)) - 3ef17d3f-5602-43d4-9aab-3516f470ca8d@group-E00FDD7C002A-LeaderElection12 ELECTION round 0: result PASSED (term=1)
2023-01-19 21:16:16,102 [3ef17d3f-5602-43d4-9aab-3516f470ca8d@group-E00FDD7C002A-LeaderElection12] INFO  impl.RoleInfo (RoleInfo.java:shutdownLeaderElection(130)) - 3ef17d3f-5602-43d4-9aab-3516f470ca8d: shutdown 3ef17d3f-5602-43d4-9aab-3516f470ca8d@group-E00FDD7C002A-LeaderElection12
2023-01-19 21:16:16,102 [3ef17d3f-5602-43d4-9aab-3516f470ca8d@group-E00FDD7C002A-LeaderElection12] INFO  server.RaftServer$Division (RaftServerImpl.java:setRole(321)) - 3ef17d3f-5602-43d4-9aab-3516f470ca8d@group-E00FDD7C002A: changes role from CANDIDATE to LEADER at term 1 for changeToLeader
2023-01-19 21:16:16,102 [3ef17d3f-5602-43d4-9aab-3516f470ca8d@group-E00FDD7C002A-LeaderElection12] INFO  ratis.XceiverServerRatis (XceiverServerRatis.java:handleLeaderChangedNotification(904)) - Leader change notification received for group: group-E00FDD7C002A with new leaderId: 3ef17d3f-5602-43d4-9aab-3516f470ca8d
2023-01-19 21:16:16,103 [3ef17d3f-5602-43d4-9aab-3516f470ca8d@group-E00FDD7C002A-LeaderElection12] INFO  server.RaftServer$Division (ServerState.java:setLeader(313)) - 3ef17d3f-5602-43d4-9aab-3516f470ca8d@group-E00FDD7C002A: change Leader from null to 3ef17d3f-5602-43d4-9aab-3516f470ca8d at term 1 for becomeLeader, leader elected after 5084ms
2023-01-19 21:16:16,103 [3ef17d3f-5602-43d4-9aab-3516f470ca8d@group-E00FDD7C002A-LeaderElection12] INFO  server.RaftServerConfigKeys (ConfUtils.java:logGet(46)) - raft.server.staging.catchup.gap = 1000 (default)
2023-01-19 21:16:16,107 [3ef17d3f-5602-43d4-9aab-3516f470ca8d@group-E00FDD7C002A-LeaderElection12] INFO  server.RaftServerConfigKeys (ConfUtils.java:logGet(46)) - raft.server.write.element-limit = 1024 (custom)
2023-01-19 21:16:16,107 [3ef17d3f-5602-43d4-9aab-3516f470ca8d@group-E00FDD7C002A-LeaderElection12] INFO  server.RaftServerConfigKeys (ConfUtils.java:logGet(46)) - raft.server.write.byte-limit = 1024 M (=1073741824) (custom)
2023-01-19 21:16:16,107 [3ef17d3f-5602-43d4-9aab-3516f470ca8d@group-E00FDD7C002A-LeaderElection12] INFO  server.RaftServerConfigKeys (ConfUtils.java:logGet(46)) - raft.server.watch.timeout = 180s (custom)
2023-01-19 21:16:16,108 [3ef17d3f-5602-43d4-9aab-3516f470ca8d@group-E00FDD7C002A-LeaderElection12] INFO  server.RaftServerConfigKeys (ConfUtils.java:logGet(46)) - raft.server.watch.timeout.denomination = 1s (default)
2023-01-19 21:16:16,108 [3ef17d3f-5602-43d4-9aab-3516f470ca8d@group-E00FDD7C002A-LeaderElection12] INFO  server.RaftServerConfigKeys (ConfUtils.java:logGet(46)) - raft.server.watch.element-limit = 65536 (default)
2023-01-19 21:16:16,108 [3ef17d3f-5602-43d4-9aab-3516f470ca8d@group-E00FDD7C002A-LeaderElection12] INFO  server.RaftServerConfigKeys (ConfUtils.java:logGet(46)) - raft.server.write.element-limit = 1024 (custom)
2023-01-19 21:16:16,108 [3ef17d3f-5602-43d4-9aab-3516f470ca8d@group-E00FDD7C002A-LeaderElection12] INFO  server.RaftServerConfigKeys (ConfUtils.java:logGet(46)) - raft.server.write.follower.gap.ratio.max = -1.0 (default)
2023-01-19 21:16:16,108 [3ef17d3f-5602-43d4-9aab-3516f470ca8d@group-E00FDD7C002A-LeaderElection12] INFO  impl.RoleInfo (RoleInfo.java:updateAndGet(139)) - 3ef17d3f-5602-43d4-9aab-3516f470ca8d: start 3ef17d3f-5602-43d4-9aab-3516f470ca8d@group-E00FDD7C002A-LeaderStateImpl
2023-01-19 21:16:16,108 [3ef17d3f-5602-43d4-9aab-3516f470ca8d@group-E00FDD7C002A-LeaderElection12] INFO  segmented.SegmentedRaftLogWorker (SegmentedRaftLogWorker.java:startLogSegment(452)) - 3ef17d3f-5602-43d4-9aab-3516f470ca8d@group-E00FDD7C002A-SegmentedRaftLogWorker: Starting segment from index:0
2023-01-19 21:16:16,110 [3ef17d3f-5602-43d4-9aab-3516f470ca8d@group-E00FDD7C002A-LeaderElection12] INFO  server.RaftServer$Division (ServerState.java:setRaftConf(430)) - 3ef17d3f-5602-43d4-9aab-3516f470ca8d@group-E00FDD7C002A: set configuration 0: peers:[3ef17d3f-5602-43d4-9aab-3516f470ca8d|rpc:10.1.0.40:44823|dataStream:10.1.0.40:38191|priority:1|startupRole:FOLLOWER]|listeners:[], old=null
2023-01-19 21:16:16,113 [3ef17d3f-5602-43d4-9aab-3516f470ca8d@group-E00FDD7C002A-SegmentedRaftLogWorker] INFO  segmented.SegmentedRaftLogWorker (SegmentedRaftLogWorker.java:execute(656)) - 3ef17d3f-5602-43d4-9aab-3516f470ca8d@group-E00FDD7C002A-SegmentedRaftLogWorker: created new log segment /home/runner/work/ozone/ozone/hadoop-ozone/integration-test/target/test-dir/MiniOzoneClusterImpl-df602b49-e577-4a1d-ae00-d896acd8b89d/datanode-6/data/ratis/f9dbc3c5-a0f5-4c03-810d-e00fdd7c002a/current/log_inprogress_0
2023-01-19 21:16:16,430 [Listener at 127.0.0.1/34089] INFO  rpc.RpcClient (RpcClient.java:createVolume(474)) - Creating Volume: testblockoutputstream, with runner as owner and space quota set to -1 bytes, counts quota set to -1
2023-01-19 21:16:16,483 [OM StateMachine ApplyTransaction Thread - 0] INFO  volume.OMVolumeCreateRequest (OMVolumeCreateRequest.java:validateAndUpdateCache(195)) - created volume:testblockoutputstream for user:runner
2023-01-19 21:16:16,505 [Listener at 127.0.0.1/34089] INFO  rpc.RpcClient (RpcClient.java:createBucket(693)) - Creating Bucket: testblockoutputstream/testblockoutputstream, with server-side default bucket layout, runner as owner, Versioning false, Storage Type set to DISK and Encryption set to false 
2023-01-19 21:16:16,527 [OM StateMachine ApplyTransaction Thread - 0] INFO  bucket.OMBucketCreateRequest (OMBucketCreateRequest.java:validateAndUpdateCache(262)) - created bucket: testblockoutputstream of layout LEGACY in volume: testblockoutputstream
2023-01-19 21:16:16,543 [Time-limited test] INFO  impl.MetricsSystemImpl (MetricsSystemImpl.java:init(158)) - XceiverClientMetrics metrics system started (again)
2023-01-19 21:16:16,609 [IPC Server handler 1 on default port 41855] INFO  ha.SequenceIdGenerator (SequenceIdGenerator.java:getNextId(128)) - Allocate a batch for containerId, change lastId from 0 to 1000.
2023-01-19 21:16:16,620 [IPC Server handler 1 on default port 41855] WARN  ha.SequenceIdGenerator (SequenceIdGenerator.java:allocateBatch(237)) - Failed to allocate a batch for localId, expected lastId is 0, actual lastId is 111677748019200000.
2023-01-19 21:16:16,620 [IPC Server handler 1 on default port 41855] INFO  ha.SequenceIdGenerator (SequenceIdGenerator.java:getNextId(128)) - Allocate a batch for localId, change lastId from 111677748019200000 to 111677748019201000.
]]></system-out>
  </testcase>
  <testcase name="testMultiChunkWrite2" classname="org.apache.hadoop.ozone.client.rpc.TestBlockOutputStream" time="0.059">
    <failure type="java.lang.AssertionError"><![CDATA[java.lang.AssertionError: expected:<2> but was:<1>
	at org.junit.Assert.fail(Assert.java:89)
	at org.junit.Assert.failNotEquals(Assert.java:835)
	at org.junit.Assert.assertEquals(Assert.java:647)
	at org.junit.Assert.assertEquals(Assert.java:633)
	at org.apache.hadoop.ozone.client.rpc.TestBlockOutputStream.testMultiChunkWrite2(TestBlockOutputStream.java:444)
	at sun.reflect.NativeMethodAccessorImpl.invoke0(Native Method)
	at sun.reflect.NativeMethodAccessorImpl.invoke(NativeMethodAccessorImpl.java:62)
	at sun.reflect.DelegatingMethodAccessorImpl.invoke(DelegatingMethodAccessorImpl.java:43)
	at java.lang.reflect.Method.invoke(Method.java:498)
	at org.junit.runners.model.FrameworkMethod$1.runReflectiveCall(FrameworkMethod.java:59)
	at org.junit.internal.runners.model.ReflectiveCallable.run(ReflectiveCallable.java:12)
	at org.junit.runners.model.FrameworkMethod.invokeExplosively(FrameworkMethod.java:56)
	at org.junit.internal.runners.statements.InvokeMethod.evaluate(InvokeMethod.java:17)
	at org.junit.internal.runners.statements.FailOnTimeout$CallableStatement.call(FailOnTimeout.java:288)
	at org.junit.internal.runners.statements.FailOnTimeout$CallableStatement.call(FailOnTimeout.java:282)
	at java.util.concurrent.FutureTask.run(FutureTask.java:266)
	at java.lang.Thread.run(Thread.java:750)
]]></failure>
  </testcase>
  <testcase name="testMultiChunkWrite" classname="org.apache.hadoop.ozone.client.rpc.TestBlockOutputStream" time="0.138"/>
  <testcase name="testFullBufferCondition" classname="org.apache.hadoop.ozone.client.rpc.TestBlockOutputStream" time="0.189"/>
  <testcase name="testBufferCaching" classname="org.apache.hadoop.ozone.client.rpc.TestBlockOutputStream" time="0.104"/>
  <testcase name="testWriteWithExceedingMaxBufferLimit" classname="org.apache.hadoop.ozone.client.rpc.TestBlockOutputStream" time="0.121"/>
</testsuite>