<?xml version="1.0" encoding="UTF-8"?>
<testsuite xmlns:xsi="http://www.w3.org/2001/XMLSchema-instance" xsi:noNamespaceSchemaLocation="https://maven.apache.org/surefire/maven-surefire-plugin/xsd/surefire-test-report.xsd" name="org.apache.hadoop.ozone.om.TestOzoneManagerBootstrap" time="109.732" tests="3" errors="1" skipped="0" failures="0">
  <properties>
    <property name="awt.toolkit" value="sun.awt.X11.XToolkit"/>
    <property name="file.encoding.pkg" value="sun.io"/>
    <property name="java.specification.version" value="1.8"/>
    <property name="sun.cpu.isalist" value=""/>
    <property name="sun.jnu.encoding" value="UTF-8"/>
    <property name="java.class.path" value="/home/runner/work/ozone/ozone/mnt/ozone/hadoop-ozone/integration-test/target/test-classes:/home/runner/work/ozone/ozone/mnt/ozone/hadoop-ozone/integration-test/target/classes:/home/runner/.m2/repository/org/apache/ozone/ozone-common/1.2.0-SNAPSHOT/ozone-common-1.2.0-SNAPSHOT.jar:/home/runner/.m2/repository/org/apache/commons/commons-compress/1.20/commons-compress-1.20.jar:/home/runner/.m2/repository/org/apache/ozone/hdds-common/1.2.0-SNAPSHOT/hdds-common-1.2.0-SNAPSHOT.jar:/home/runner/.m2/repository/org/apache/ozone/hdds-client/1.2.0-SNAPSHOT/hdds-client-1.2.0-SNAPSHOT.jar:/home/runner/.m2/repository/org/apache/ozone/ozone-interface-client/1.2.0-SNAPSHOT/ozone-interface-client-1.2.0-SNAPSHOT.jar:/home/runner/.m2/repository/org/apache/ozone/hdds-server-framework/1.2.0-SNAPSHOT/hdds-server-framework-1.2.0-SNAPSHOT.jar:/home/runner/.m2/repository/org/apache/ozone/hdds-interface-server/1.2.0-SNAPSHOT/hdds-interface-server-1.2.0-SNAPSHOT.jar:/home/runner/.m2/repository/org/eclipse/jetty/jetty-servlet/9.4.35.v20201120/jetty-servlet-9.4.35.v20201120.jar:/home/runner/.m2/repository/org/eclipse/jetty/jetty-security/9.4.35.v20201120/jetty-security-9.4.35.v20201120.jar:/home/runner/.m2/repository/org/rocksdb/rocksdbjni/6.20.3/rocksdbjni-6.20.3.jar:/home/runner/.m2/repository/io/prometheus/simpleclient_dropwizard/0.7.0/simpleclient_dropwizard-0.7.0.jar:/home/runner/.m2/repository/io/prometheus/simpleclient/0.7.0/simpleclient-0.7.0.jar:/home/runner/.m2/repository/io/prometheus/simpleclient_common/0.7.0/simpleclient_common-0.7.0.jar:/home/runner/.m2/repository/com/fasterxml/jackson/datatype/jackson-datatype-jsr310/2.12.1/jackson-datatype-jsr310-2.12.1.jar:/home/runner/.m2/repository/org/apache/ozone/hdds-test-utils/1.2.0-SNAPSHOT/hdds-test-utils-1.2.0-SNAPSHOT.jar:/home/runner/.m2/repository/com/google/guava/guava/30.1.1-jre/guava-30.1.1-jre.jar:/home/runner/.m2/repository/com/google/guava/failureaccess/1.0.1/failureaccess-1.0.1.jar:/home/runner/.m2/repository/com/google/guava/listenablefuture/9999.0-empty-to-avoid-conflict-with-guava/listenablefuture-9999.0-empty-to-avoid-conflict-with-guava.jar:/home/runner/.m2/repository/com/google/code/findbugs/jsr305/3.0.0/jsr305-3.0.0.jar:/home/runner/.m2/repository/org/checkerframework/checker-qual/3.8.0/checker-qual-3.8.0.jar:/home/runner/.m2/repository/com/google/errorprone/error_prone_annotations/2.2.0/error_prone_annotations-2.2.0.jar:/home/runner/.m2/repository/com/google/j2objc/j2objc-annotations/1.3/j2objc-annotations-1.3.jar:/home/runner/.m2/repository/commons-io/commons-io/2.8.0/commons-io-2.8.0.jar:/home/runner/.m2/repository/commons-logging/commons-logging/1.2/commons-logging-1.2.jar:/home/runner/.m2/repository/log4j/log4j/1.2.17/log4j-1.2.17.jar:/home/runner/.m2/repository/org/slf4j/slf4j-api/1.7.30/slf4j-api-1.7.30.jar:/home/runner/.m2/repository/org/apache/ozone/hdds-server-scm/1.2.0-SNAPSHOT/hdds-server-scm-1.2.0-SNAPSHOT.jar:/home/runner/.m2/repository/org/apache/ozone/hdds-container-service/1.2.0-SNAPSHOT/hdds-container-service-1.2.0-SNAPSHOT.jar:/home/runner/.m2/repository/org/apache/ozone/hdds-hadoop-dependency-server/1.2.0-SNAPSHOT/hdds-hadoop-dependency-server-1.2.0-SNAPSHOT.jar:/home/runner/.m2/repository/org/apache/hadoop/hadoop-hdfs/3.3.1/hadoop-hdfs-3.3.1.jar:/home/runner/.m2/repository/io/dropwizard/metrics/metrics-core/3.2.4/metrics-core-3.2.4.jar:/home/runner/.m2/repository/org/apache/hadoop/hadoop-hdfs-client/3.3.1/hadoop-hdfs-client-3.3.1.jar:/home/runner/.m2/repository/org/bouncycastle/bcprov-jdk15on/1.67/bcprov-jdk15on-1.67.jar:/home/runner/.m2/repository/com/google/protobuf/protobuf-java/2.5.0/protobuf-java-2.5.0.jar:/home/runner/.m2/repository/org/apache/ozone/ozone-manager/1.2.0-SNAPSHOT/ozone-manager-1.2.0-SNAPSHOT.jar:/home/runner/.m2/repository/org/aspectj/aspectjrt/1.8.9/aspectjrt-1.8.9.jar:/home/runner/.m2/repository/org/aspectj/aspectjweaver/1.8.9/aspectjweaver-1.8.9.jar:/home/runner/.m2/repository/org/apache/ozone/hdds-interface-client/1.2.0-SNAPSHOT/hdds-interface-client-1.2.0-SNAPSHOT.jar:/home/runner/.m2/repository/org/apache/hadoop/thirdparty/hadoop-shaded-protobuf_3_7/1.1.1/hadoop-shaded-protobuf_3_7-1.1.1.jar:/home/runner/.m2/repository/org/apache/ratis/ratis-thirdparty-misc/0.7.0/ratis-thirdparty-misc-0.7.0.jar:/home/runner/.m2/repository/org/apache/ozone/ozone-interface-storage/1.2.0-SNAPSHOT/ozone-interface-storage-1.2.0-SNAPSHOT.jar:/home/runner/.m2/repository/org/reflections/reflections/0.9.11/reflections-0.9.11.jar:/home/runner/.m2/repository/org/apache/hadoop/hadoop-minikdc/3.3.1/hadoop-minikdc-3.3.1.jar:/home/runner/.m2/repository/org/apache/kerby/kerb-simplekdc/1.0.1/kerb-simplekdc-1.0.1.jar:/home/runner/.m2/repository/org/apache/kerby/kerb-client/1.0.1/kerb-client-1.0.1.jar:/home/runner/.m2/repository/org/apache/kerby/kerby-config/1.0.1/kerby-config-1.0.1.jar:/home/runner/.m2/repository/org/apache/kerby/kerb-common/1.0.1/kerb-common-1.0.1.jar:/home/runner/.m2/repository/org/apache/kerby/kerb-crypto/1.0.1/kerb-crypto-1.0.1.jar:/home/runner/.m2/repository/org/apache/kerby/kerb-util/1.0.1/kerb-util-1.0.1.jar:/home/runner/.m2/repository/org/apache/kerby/token-provider/1.0.1/token-provider-1.0.1.jar:/home/runner/.m2/repository/org/apache/kerby/kerb-admin/1.0.1/kerb-admin-1.0.1.jar:/home/runner/.m2/repository/org/apache/kerby/kerb-server/1.0.1/kerb-server-1.0.1.jar:/home/runner/.m2/repository/org/apache/kerby/kerb-identity/1.0.1/kerb-identity-1.0.1.jar:/home/runner/.m2/repository/org/apache/kerby/kerby-xdr/1.0.1/kerby-xdr-1.0.1.jar:/home/runner/.m2/repository/org/slf4j/slf4j-log4j12/1.7.30/slf4j-log4j12-1.7.30.jar:/home/runner/.m2/repository/org/apache/ozone/ozone-s3gateway/1.2.0-SNAPSHOT/ozone-s3gateway-1.2.0-SNAPSHOT.jar:/home/runner/.m2/repository/org/javassist/javassist/3.21.0-GA/javassist-3.21.0-GA.jar:/home/runner/.m2/repository/org/jboss/weld/servlet/weld-servlet/2.4.7.Final/weld-servlet-2.4.7.Final.jar:/home/runner/.m2/repository/org/glassfish/jersey/containers/jersey-container-servlet-core/2.33/jersey-container-servlet-core-2.33.jar:/home/runner/.m2/repository/org/glassfish/hk2/external/jakarta.inject/2.6.1/jakarta.inject-2.6.1.jar:/home/runner/.m2/repository/org/glassfish/jersey/core/jersey-common/2.33/jersey-common-2.33.jar:/home/runner/.m2/repository/jakarta/ws/rs/jakarta.ws.rs-api/2.1.6/jakarta.ws.rs-api-2.1.6.jar:/home/runner/.m2/repository/org/glassfish/jersey/ext/cdi/jersey-cdi1x/2.33/jersey-cdi1x-2.33.jar:/home/runner/.m2/repository/org/glassfish/jersey/inject/jersey-hk2/2.33/jersey-hk2-2.33.jar:/home/runner/.m2/repository/org/glassfish/hk2/hk2-locator/2.6.1/hk2-locator-2.6.1.jar:/home/runner/.m2/repository/org/glassfish/jersey/media/jersey-media-jaxb/2.33/jersey-media-jaxb-2.33.jar:/home/runner/.m2/repository/org/glassfish/hk2/osgi-resource-locator/1.0.3/osgi-resource-locator-1.0.3.jar:/home/runner/.m2/repository/org/glassfish/hk2/hk2-api/2.5.0/hk2-api-2.5.0.jar:/home/runner/.m2/repository/org/glassfish/hk2/hk2-utils/2.5.0/hk2-utils-2.5.0.jar:/home/runner/.m2/repository/org/glassfish/hk2/external/aopalliance-repackaged/2.5.0/aopalliance-repackaged-2.5.0.jar:/home/runner/.m2/repository/com/fasterxml/jackson/dataformat/jackson-dataformat-xml/2.12.1/jackson-dataformat-xml-2.12.1.jar:/home/runner/.m2/repository/com/fasterxml/jackson/core/jackson-core/2.12.1/jackson-core-2.12.1.jar:/home/runner/.m2/repository/com/fasterxml/jackson/module/jackson-module-jaxb-annotations/2.12.1/jackson-module-jaxb-annotations-2.12.1.jar:/home/runner/.m2/repository/jakarta/xml/bind/jakarta.xml.bind-api/2.3.2/jakarta.xml.bind-api-2.3.2.jar:/home/runner/.m2/repository/org/codehaus/woodstox/stax2-api/3.1.4/stax2-api-3.1.4.jar:/home/runner/.m2/repository/com/fasterxml/woodstox/woodstox-core/5.0.3/woodstox-core-5.0.3.jar:/home/runner/.m2/repository/javax/enterprise/cdi-api/1.2/cdi-api-1.2.jar:/home/runner/.m2/repository/javax/el/javax.el-api/3.0.0/javax.el-api-3.0.0.jar:/home/runner/.m2/repository/javax/interceptor/javax.interceptor-api/1.2/javax.interceptor-api-1.2.jar:/home/runner/.m2/repository/javax/inject/javax.inject/1/javax.inject-1.jar:/home/runner/.m2/repository/javax/xml/bind/jaxb-api/2.3.0/jaxb-api-2.3.0.jar:/home/runner/.m2/repository/org/glassfish/jaxb/jaxb-runtime/2.3.0.1/jaxb-runtime-2.3.0.1.jar:/home/runner/.m2/repository/org/glassfish/jaxb/jaxb-core/2.3.0.1/jaxb-core-2.3.0.1.jar:/home/runner/.m2/repository/org/glassfish/jaxb/txw2/2.3.0.1/txw2-2.3.0.1.jar:/home/runner/.m2/repository/com/sun/istack/istack-commons-runtime/3.0.5/istack-commons-runtime-3.0.5.jar:/home/runner/.m2/repository/org/jvnet/staxex/stax-ex/1.7.8/stax-ex-1.7.8.jar:/home/runner/.m2/repository/com/sun/xml/fastinfoset/FastInfoset/1.2.13/FastInfoset-1.2.13.jar:/home/runner/.m2/repository/javax/activation/activation/1.1.1/activation-1.1.1.jar:/home/runner/.m2/repository/org/apache/ozone/ozone-csi/1.2.0-SNAPSHOT/ozone-csi-1.2.0-SNAPSHOT.jar:/home/runner/.m2/repository/com/google/protobuf/protobuf-java-util/3.12.0/protobuf-java-util-3.12.0.jar:/home/runner/.m2/repository/com/google/code/gson/gson/2.2.4/gson-2.2.4.jar:/home/runner/.m2/repository/org/apache/ozone/hdds-config/1.2.0-SNAPSHOT/hdds-config-1.2.0-SNAPSHOT.jar:/home/runner/.m2/repository/io/grpc/grpc-netty/1.33.0/grpc-netty-1.33.0.jar:/home/runner/.m2/repository/io/grpc/grpc-core/1.33.0/grpc-core-1.33.0.jar:/home/runner/.m2/repository/com/google/android/annotations/4.1.1.4/annotations-4.1.1.4.jar:/home/runner/.m2/repository/io/netty/netty-codec-http2/4.1.63.Final/netty-codec-http2-4.1.63.Final.jar:/home/runner/.m2/repository/io/netty/netty-codec-http/4.1.63.Final/netty-codec-http-4.1.63.Final.jar:/home/runner/.m2/repository/io/netty/netty-handler-proxy/4.1.63.Final/netty-handler-proxy-4.1.63.Final.jar:/home/runner/.m2/repository/io/netty/netty-codec-socks/4.1.63.Final/netty-codec-socks-4.1.63.Final.jar:/home/runner/.m2/repository/io/perfmark/perfmark-api/0.19.0/perfmark-api-0.19.0.jar:/home/runner/.m2/repository/org/codehaus/mojo/animal-sniffer-annotations/1.18/animal-sniffer-annotations-1.18.jar:/home/runner/.m2/repository/io/netty/netty-transport-native-epoll/4.1.63.Final/netty-transport-native-epoll-4.1.63.Final.jar:/home/runner/.m2/repository/io/netty/netty-common/4.1.63.Final/netty-common-4.1.63.Final.jar:/home/runner/.m2/repository/io/netty/netty-buffer/4.1.63.Final/netty-buffer-4.1.63.Final.jar:/home/runner/.m2/repository/io/netty/netty-transport-native-unix-common/4.1.63.Final/netty-transport-native-unix-common-4.1.63.Final.jar:/home/runner/.m2/repository/io/grpc/grpc-protobuf/1.33.0/grpc-protobuf-1.33.0.jar:/home/runner/.m2/repository/io/grpc/grpc-api/1.33.0/grpc-api-1.33.0.jar:/home/runner/.m2/repository/io/grpc/grpc-context/1.33.0/grpc-context-1.33.0.jar:/home/runner/.m2/repository/com/google/api/grpc/proto-google-common-protos/1.17.0/proto-google-common-protos-1.17.0.jar:/home/runner/.m2/repository/io/grpc/grpc-protobuf-lite/1.33.0/grpc-protobuf-lite-1.33.0.jar:/home/runner/.m2/repository/io/grpc/grpc-stub/1.33.0/grpc-stub-1.33.0.jar:/home/runner/.m2/repository/org/apache/ozone/ozone-recon/1.2.0-SNAPSHOT/ozone-recon-1.2.0-SNAPSHOT.jar:/home/runner/.m2/repository/org/apache/ozone/ozone-reconcodegen/1.2.0-SNAPSHOT/ozone-reconcodegen-1.2.0-SNAPSHOT.jar:/home/runner/.m2/repository/com/google/inject/extensions/guice-multibindings/4.0/guice-multibindings-4.0.jar:/home/runner/.m2/repository/com/google/inject/guice/4.0/guice-4.0.jar:/home/runner/.m2/repository/aopalliance/aopalliance/1.0/aopalliance-1.0.jar:/home/runner/.m2/repository/com/google/inject/extensions/guice-assistedinject/4.0/guice-assistedinject-4.0.jar:/home/runner/.m2/repository/com/google/inject/extensions/guice-servlet/4.0/guice-servlet-4.0.jar:/home/runner/.m2/repository/org/glassfish/jersey/containers/jersey-container-servlet/2.33/jersey-container-servlet-2.33.jar:/home/runner/.m2/repository/org/glassfish/hk2/guice-bridge/2.5.0/guice-bridge-2.5.0.jar:/home/runner/.m2/repository/org/glassfish/jersey/core/jersey-server/2.33/jersey-server-2.33.jar:/home/runner/.m2/repository/org/glassfish/jersey/core/jersey-client/2.33/jersey-client-2.33.jar:/home/runner/.m2/repository/jakarta/annotation/jakarta.annotation-api/1.3.5/jakarta.annotation-api-1.3.5.jar:/home/runner/.m2/repository/jakarta/validation/jakarta.validation-api/2.0.2/jakarta.validation-api-2.0.2.jar:/home/runner/.m2/repository/org/glassfish/jersey/media/jersey-media-json-jackson/2.33/jersey-media-json-jackson-2.33.jar:/home/runner/.m2/repository/org/glassfish/jersey/ext/jersey-entity-filtering/2.33/jersey-entity-filtering-2.33.jar:/home/runner/.m2/repository/org/jooq/jooq/3.11.10/jooq-3.11.10.jar:/home/runner/.m2/repository/org/jooq/jooq-meta/3.11.10/jooq-meta-3.11.10.jar:/home/runner/.m2/repository/org/jooq/jooq-codegen/3.11.10/jooq-codegen-3.11.10.jar:/home/runner/.m2/repository/com/jolbox/bonecp/0.8.0.RELEASE/bonecp-0.8.0.RELEASE.jar:/home/runner/.m2/repository/org/apache/derby/derby/10.14.2.0/derby-10.14.2.0.jar:/home/runner/.m2/repository/org/xerial/sqlite-jdbc/3.25.2/sqlite-jdbc-3.25.2.jar:/home/runner/.m2/repository/org/springframework/spring-jdbc/5.2.11.RELEASE/spring-jdbc-5.2.11.RELEASE.jar:/home/runner/.m2/repository/org/springframework/spring-beans/5.2.11.RELEASE/spring-beans-5.2.11.RELEASE.jar:/home/runner/.m2/repository/org/springframework/spring-core/5.2.11.RELEASE/spring-core-5.2.11.RELEASE.jar:/home/runner/.m2/repository/org/springframework/spring-jcl/5.2.11.RELEASE/spring-jcl-5.2.11.RELEASE.jar:/home/runner/.m2/repository/org/springframework/spring-tx/5.2.11.RELEASE/spring-tx-5.2.11.RELEASE.jar:/home/runner/.m2/repository/org/apache/ozone/ozone-client/1.2.0-SNAPSHOT/ozone-client-1.2.0-SNAPSHOT.jar:/home/runner/.m2/repository/org/apache/ozone/ozone-filesystem/1.2.0-SNAPSHOT/ozone-filesystem-1.2.0-SNAPSHOT.jar:/home/runner/.m2/repository/org/apache/ozone/ozone-filesystem-common/1.2.0-SNAPSHOT/ozone-filesystem-common-1.2.0-SNAPSHOT.jar:/home/runner/.m2/repository/org/apache/ozone/ozone-tools/1.2.0-SNAPSHOT/ozone-tools-1.2.0-SNAPSHOT.jar:/home/runner/.m2/repository/org/apache/ratis/ratis-tools/2.1.0/ratis-tools-2.1.0.jar:/home/runner/.m2/repository/org/apache/ratis/ratis-proto/2.1.0/ratis-proto-2.1.0.jar:/home/runner/.m2/repository/org/apache/ratis/ratis-common/2.1.0/ratis-common-2.1.0.jar:/home/runner/.m2/repository/com/amazonaws/aws-java-sdk-core/1.11.901/aws-java-sdk-core-1.11.901.jar:/home/runner/.m2/repository/org/apache/httpcomponents/httpclient/4.5.13/httpclient-4.5.13.jar:/home/runner/.m2/repository/org/apache/httpcomponents/httpcore/4.4.13/httpcore-4.4.13.jar:/home/runner/.m2/repository/software/amazon/ion/ion-java/1.0.2/ion-java-1.0.2.jar:/home/runner/.m2/repository/com/fasterxml/jackson/dataformat/jackson-dataformat-cbor/2.12.1/jackson-dataformat-cbor-2.12.1.jar:/home/runner/.m2/repository/joda-time/joda-time/2.8.1/joda-time-2.8.1.jar:/home/runner/.m2/repository/com/amazonaws/aws-java-sdk-s3/1.11.901/aws-java-sdk-s3-1.11.901.jar:/home/runner/.m2/repository/com/amazonaws/aws-java-sdk-kms/1.11.901/aws-java-sdk-kms-1.11.901.jar:/home/runner/.m2/repository/com/amazonaws/jmespath-java/1.11.901/jmespath-java-1.11.901.jar:/home/runner/.m2/repository/org/kohsuke/metainf-services/metainf-services/1.8/metainf-services-1.8.jar:/home/runner/.m2/repository/org/apache/ozone/hdds-tools/1.2.0-SNAPSHOT/hdds-tools-1.2.0-SNAPSHOT.jar:/home/runner/.m2/repository/commons-cli/commons-cli/1.2/commons-cli-1.2.jar:/home/runner/.m2/repository/org/apache/commons/commons-lang3/3.7/commons-lang3-3.7.jar:/home/runner/.m2/repository/org/apache/ozone/ozone-manager/1.2.0-SNAPSHOT/ozone-manager-1.2.0-SNAPSHOT-tests.jar:/home/runner/.m2/repository/org/apache/ozone/hdds-common/1.2.0-SNAPSHOT/hdds-common-1.2.0-SNAPSHOT-tests.jar:/home/runner/.m2/repository/org/apache/ozone/hdds-hadoop-dependency-client/1.2.0-SNAPSHOT/hdds-hadoop-dependency-client-1.2.0-SNAPSHOT.jar:/home/runner/.m2/repository/info/picocli/picocli/4.4.0/picocli-4.4.0.jar:/home/runner/.m2/repository/com/fasterxml/jackson/core/jackson-annotations/2.12.1/jackson-annotations-2.12.1.jar:/home/runner/.m2/repository/javax/annotation/javax.annotation-api/1.2/javax.annotation-api-1.2.jar:/home/runner/.m2/repository/org/apache/ratis/ratis-server/2.1.0/ratis-server-2.1.0.jar:/home/runner/.m2/repository/org/apache/ratis/ratis-client/2.1.0/ratis-client-2.1.0.jar:/home/runner/.m2/repository/org/apache/ratis/ratis-server-api/2.1.0/ratis-server-api-2.1.0.jar:/home/runner/.m2/repository/org/apache/ratis/ratis-metrics/2.1.0/ratis-metrics-2.1.0.jar:/home/runner/.m2/repository/org/apache/ratis/ratis-netty/2.1.0/ratis-netty-2.1.0.jar:/home/runner/.m2/repository/org/apache/ratis/ratis-grpc/2.1.0/ratis-grpc-2.1.0.jar:/home/runner/.m2/repository/org/apache/logging/log4j/log4j-api/2.13.3/log4j-api-2.13.3.jar:/home/runner/.m2/repository/org/apache/logging/log4j/log4j-core/2.13.3/log4j-core-2.13.3.jar:/home/runner/.m2/repository/com/lmax/disruptor/3.4.2/disruptor-3.4.2.jar:/home/runner/.m2/repository/org/apache/commons/commons-pool2/2.6.0/commons-pool2-2.6.0.jar:/home/runner/.m2/repository/org/bouncycastle/bcpkix-jdk15on/1.67/bcpkix-jdk15on-1.67.jar:/home/runner/.m2/repository/commons-validator/commons-validator/1.6/commons-validator-1.6.jar:/home/runner/.m2/repository/commons-beanutils/commons-beanutils/1.9.4/commons-beanutils-1.9.4.jar:/home/runner/.m2/repository/commons-digester/commons-digester/1.8.1/commons-digester-1.8.1.jar:/home/runner/.m2/repository/commons-collections/commons-collections/3.2.2/commons-collections-3.2.2.jar:/home/runner/.m2/repository/io/jaegertracing/jaeger-client/1.6.0/jaeger-client-1.6.0.jar:/home/runner/.m2/repository/io/jaegertracing/jaeger-thrift/1.6.0/jaeger-thrift-1.6.0.jar:/home/runner/.m2/repository/org/apache/thrift/libthrift/0.14.1/libthrift-0.14.1.jar:/home/runner/.m2/repository/com/squareup/okhttp3/okhttp/4.9.0/okhttp-4.9.0.jar:/home/runner/.m2/repository/com/squareup/okio/okio/2.8.0/okio-2.8.0.jar:/home/runner/.m2/repository/io/jaegertracing/jaeger-core/1.6.0/jaeger-core-1.6.0.jar:/home/runner/.m2/repository/io/jaegertracing/jaeger-tracerresolver/1.6.0/jaeger-tracerresolver-1.6.0.jar:/home/runner/.m2/repository/io/opentracing/contrib/opentracing-tracerresolver/0.1.8/opentracing-tracerresolver-0.1.8.jar:/home/runner/.m2/repository/org/jetbrains/kotlin/kotlin-stdlib/1.4.31/kotlin-stdlib-1.4.31.jar:/home/runner/.m2/repository/org/jetbrains/kotlin/kotlin-stdlib-common/1.4.31/kotlin-stdlib-common-1.4.31.jar:/home/runner/.m2/repository/org/jetbrains/annotations/13.0/annotations-13.0.jar:/home/runner/.m2/repository/io/opentracing/opentracing-util/0.33.0/opentracing-util-0.33.0.jar:/home/runner/.m2/repository/io/opentracing/opentracing-api/0.33.0/opentracing-api-0.33.0.jar:/home/runner/.m2/repository/io/opentracing/opentracing-noop/0.33.0/opentracing-noop-0.33.0.jar:/home/runner/.m2/repository/org/yaml/snakeyaml/1.26/snakeyaml-1.26.jar:/home/runner/.m2/repository/org/apache/ozone/hdds-interface-admin/1.2.0-SNAPSHOT/hdds-interface-admin-1.2.0-SNAPSHOT.jar:/home/runner/.m2/repository/junit/junit/4.13.1/junit-4.13.1.jar:/home/runner/.m2/repository/org/hamcrest/hamcrest-core/1.3/hamcrest-core-1.3.jar:/home/runner/.m2/repository/org/junit/jupiter/junit-jupiter-api/5.7.0/junit-jupiter-api-5.7.0.jar:/home/runner/.m2/repository/org/apiguardian/apiguardian-api/1.1.0/apiguardian-api-1.1.0.jar:/home/runner/.m2/repository/org/opentest4j/opentest4j/1.2.0/opentest4j-1.2.0.jar:/home/runner/.m2/repository/org/junit/platform/junit-platform-commons/1.7.0/junit-platform-commons-1.7.0.jar:/home/runner/.m2/repository/org/junit/jupiter/junit-jupiter-engine/5.7.0/junit-jupiter-engine-5.7.0.jar:/home/runner/.m2/repository/org/junit/platform/junit-platform-engine/1.7.0/junit-platform-engine-1.7.0.jar:/home/runner/.m2/repository/org/junit/vintage/junit-vintage-engine/5.7.0/junit-vintage-engine-5.7.0.jar:/home/runner/.m2/repository/org/junit/platform/junit-platform-launcher/1.7.0/junit-platform-launcher-1.7.0.jar:/home/runner/.m2/repository/org/openjdk/jmh/jmh-core/1.19/jmh-core-1.19.jar:/home/runner/.m2/repository/net/sf/jopt-simple/jopt-simple/4.6/jopt-simple-4.6.jar:/home/runner/.m2/repository/org/apache/commons/commons-math3/3.1.1/commons-math3-3.1.1.jar:/home/runner/.m2/repository/org/openjdk/jmh/jmh-generator-annprocess/1.19/jmh-generator-annprocess-1.19.jar:/home/runner/.m2/repository/org/mockito/mockito-core/2.28.2/mockito-core-2.28.2.jar:/home/runner/.m2/repository/net/bytebuddy/byte-buddy/1.9.10/byte-buddy-1.9.10.jar:/home/runner/.m2/repository/net/bytebuddy/byte-buddy-agent/1.9.10/byte-buddy-agent-1.9.10.jar:/home/runner/.m2/repository/org/objenesis/objenesis/1.0/objenesis-1.0.jar:/home/runner/.m2/repository/org/apache/hadoop/hadoop-kms/3.3.1/hadoop-kms-3.3.1.jar:/home/runner/.m2/repository/org/apache/hadoop/hadoop-auth/3.3.1/hadoop-auth-3.3.1.jar:/home/runner/.m2/repository/com/nimbusds/nimbus-jose-jwt/7.9/nimbus-jose-jwt-7.9.jar:/home/runner/.m2/repository/com/github/stephenc/jcip/jcip-annotations/1.0-1/jcip-annotations-1.0-1.jar:/home/runner/.m2/repository/net/minidev/json-smart/2.3/json-smart-2.3.jar:/home/runner/.m2/repository/net/minidev/accessors-smart/1.2/accessors-smart-1.2.jar:/home/runner/.m2/repository/org/ow2/asm/asm/5.0.4/asm-5.0.4.jar:/home/runner/.m2/repository/org/apache/zookeeper/zookeeper/3.5.6/zookeeper-3.5.6.jar:/home/runner/.m2/repository/org/apache/zookeeper/zookeeper-jute/3.5.6/zookeeper-jute-3.5.6.jar:/home/runner/.m2/repository/org/apache/yetus/audience-annotations/0.5.0/audience-annotations-0.5.0.jar:/home/runner/.m2/repository/org/apache/curator/curator-framework/4.2.0/curator-framework-4.2.0.jar:/home/runner/.m2/repository/org/apache/hadoop/thirdparty/hadoop-shaded-guava/1.1.1/hadoop-shaded-guava-1.1.1.jar:/home/runner/.m2/repository/com/sun/jersey/jersey-core/1.19/jersey-core-1.19.jar:/home/runner/.m2/repository/javax/ws/rs/jsr311-api/1.1.1/jsr311-api-1.1.1.jar:/home/runner/.m2/repository/com/sun/jersey/jersey-server/1.19/jersey-server-1.19.jar:/home/runner/.m2/repository/javax/servlet/javax.servlet-api/3.1.0/javax.servlet-api-3.1.0.jar:/home/runner/.m2/repository/org/eclipse/jetty/jetty-server/9.4.35.v20201120/jetty-server-9.4.35.v20201120.jar:/home/runner/.m2/repository/org/eclipse/jetty/jetty-http/9.4.35.v20201120/jetty-http-9.4.35.v20201120.jar:/home/runner/.m2/repository/org/eclipse/jetty/jetty-io/9.4.35.v20201120/jetty-io-9.4.35.v20201120.jar:/home/runner/.m2/repository/org/eclipse/jetty/jetty-webapp/9.4.35.v20201120/jetty-webapp-9.4.35.v20201120.jar:/home/runner/.m2/repository/org/eclipse/jetty/jetty-xml/9.4.35.v20201120/jetty-xml-9.4.35.v20201120.jar:/home/runner/.m2/repository/org/apache/hadoop/hadoop-common/3.3.1/hadoop-common-3.3.1.jar:/home/runner/.m2/repository/commons-net/commons-net/3.6/commons-net-3.6.jar:/home/runner/.m2/repository/jakarta/activation/jakarta.activation-api/1.2.1/jakarta.activation-api-1.2.1.jar:/home/runner/.m2/repository/com/sun/jersey/jersey-servlet/1.19/jersey-servlet-1.19.jar:/home/runner/.m2/repository/com/sun/jersey/jersey-json/1.19/jersey-json-1.19.jar:/home/runner/.m2/repository/org/codehaus/jettison/jettison/1.1/jettison-1.1.jar:/home/runner/.m2/repository/com/sun/xml/bind/jaxb-impl/2.2.3-1/jaxb-impl-2.2.3-1.jar:/home/runner/.m2/repository/org/codehaus/jackson/jackson-jaxrs/1.9.2/jackson-jaxrs-1.9.2.jar:/home/runner/.m2/repository/org/codehaus/jackson/jackson-xc/1.9.2/jackson-xc-1.9.2.jar:/home/runner/.m2/repository/org/apache/commons/commons-configuration2/2.1.1/commons-configuration2-2.1.1.jar:/home/runner/.m2/repository/org/apache/commons/commons-text/1.4/commons-text-1.4.jar:/home/runner/.m2/repository/com/google/re2j/re2j/1.1/re2j-1.1.jar:/home/runner/.m2/repository/com/jcraft/jsch/0.1.54/jsch-0.1.54.jar:/home/runner/.m2/repository/org/apache/curator/curator-client/4.2.0/curator-client-4.2.0.jar:/home/runner/.m2/repository/org/apache/curator/curator-recipes/4.2.0/curator-recipes-4.2.0.jar:/home/runner/.m2/repository/org/apache/kerby/kerb-core/1.0.1/kerb-core-1.0.1.jar:/home/runner/.m2/repository/org/apache/kerby/kerby-pkix/1.0.1/kerby-pkix-1.0.1.jar:/home/runner/.m2/repository/org/apache/kerby/kerby-asn1/1.0.1/kerby-asn1-1.0.1.jar:/home/runner/.m2/repository/org/apache/kerby/kerby-util/1.0.1/kerby-util-1.0.1.jar:/home/runner/.m2/repository/dnsjava/dnsjava/2.1.7/dnsjava-2.1.7.jar:/home/runner/.m2/repository/org/xerial/snappy/snappy-java/1.1.8.2/snappy-java-1.1.8.2.jar:/home/runner/.m2/repository/org/slf4j/jul-to-slf4j/1.7.30/jul-to-slf4j-1.7.30.jar:/home/runner/.m2/repository/org/eclipse/jetty/jetty-util/9.4.35.v20201120/jetty-util-9.4.35.v20201120.jar:/home/runner/.m2/repository/com/fasterxml/jackson/core/jackson-databind/2.12.1/jackson-databind-2.12.1.jar:/home/runner/.m2/repository/org/apache/hadoop/hadoop-kms/3.3.1/hadoop-kms-3.3.1-tests.jar:/home/runner/.m2/repository/org/apache/ozone/hdds-server-scm/1.2.0-SNAPSHOT/hdds-server-scm-1.2.0-SNAPSHOT-tests.jar:/home/runner/.m2/repository/org/apache/ozone/hdds-container-service/1.2.0-SNAPSHOT/hdds-container-service-1.2.0-SNAPSHOT-tests.jar:/home/runner/.m2/repository/commons-codec/commons-codec/1.11/commons-codec-1.11.jar:/home/runner/.m2/repository/io/netty/netty-transport/4.1.63.Final/netty-transport-4.1.63.Final.jar:/home/runner/.m2/repository/io/netty/netty-resolver/4.1.63.Final/netty-resolver-4.1.63.Final.jar:/home/runner/.m2/repository/io/netty/netty-codec/4.1.63.Final/netty-codec-4.1.63.Final.jar:/home/runner/.m2/repository/io/netty/netty-handler/4.1.63.Final/netty-handler-4.1.63.Final.jar:/home/runner/.m2/repository/org/apache/ozone/hdds-hadoop-dependency-test/1.2.0-SNAPSHOT/hdds-hadoop-dependency-test-1.2.0-SNAPSHOT.jar:/home/runner/.m2/repository/org/apache/hadoop/hadoop-common/3.3.1/hadoop-common-3.3.1-tests.jar:/home/runner/.m2/repository/org/assertj/assertj-core/3.12.2/assertj-core-3.12.2.jar:/home/runner/.m2/repository/org/apache/hadoop/hadoop-hdfs/3.3.1/hadoop-hdfs-3.3.1-tests.jar:/home/runner/.m2/repository/org/eclipse/jetty/jetty-util-ajax/9.4.35.v20201120/jetty-util-ajax-9.4.35.v20201120.jar:/home/runner/.m2/repository/commons-daemon/commons-daemon/1.0.13/commons-daemon-1.0.13.jar:/home/runner/.m2/repository/io/netty/netty/3.10.6.Final/netty-3.10.6.Final.jar:/home/runner/.m2/repository/io/netty/netty-all/4.1.63.Final/netty-all-4.1.63.Final.jar:/home/runner/.m2/repository/org/apache/htrace/htrace-core4/4.1.0-incubating/htrace-core4-4.1.0-incubating.jar:/home/runner/.m2/repository/org/fusesource/leveldbjni/leveldbjni-all/1.8/leveldbjni-all-1.8.jar:/home/runner/.m2/repository/org/apache/hadoop/hadoop-distcp/3.3.1/hadoop-distcp-3.3.1.jar:/home/runner/.m2/repository/org/apache/hadoop/hadoop-mapreduce-client-jobclient/3.3.1/hadoop-mapreduce-client-jobclient-3.3.1.jar:/home/runner/.m2/repository/org/apache/hadoop/hadoop-mapreduce-client-common/3.3.1/hadoop-mapreduce-client-common-3.3.1.jar:/home/runner/.m2/repository/org/apache/hadoop/hadoop-yarn-common/3.3.1/hadoop-yarn-common-3.3.1.jar:/home/runner/.m2/repository/org/apache/hadoop/hadoop-yarn-api/3.3.1/hadoop-yarn-api-3.3.1.jar:/home/runner/.m2/repository/com/sun/jersey/jersey-client/1.19/jersey-client-1.19.jar:/home/runner/.m2/repository/com/sun/jersey/contribs/jersey-guice/1.19/jersey-guice-1.19.jar:/home/runner/.m2/repository/com/fasterxml/jackson/jaxrs/jackson-jaxrs-json-provider/2.12.1/jackson-jaxrs-json-provider-2.12.1.jar:/home/runner/.m2/repository/com/fasterxml/jackson/jaxrs/jackson-jaxrs-base/2.12.1/jackson-jaxrs-base-2.12.1.jar:/home/runner/.m2/repository/org/apache/hadoop/hadoop-yarn-client/3.3.1/hadoop-yarn-client-3.3.1.jar:/home/runner/.m2/repository/org/eclipse/jetty/websocket/websocket-client/9.4.40.v20210413/websocket-client-9.4.40.v20210413.jar:/home/runner/.m2/repository/org/eclipse/jetty/jetty-client/9.4.40.v20210413/jetty-client-9.4.40.v20210413.jar:/home/runner/.m2/repository/org/eclipse/jetty/websocket/websocket-common/9.4.40.v20210413/websocket-common-9.4.40.v20210413.jar:/home/runner/.m2/repository/org/eclipse/jetty/websocket/websocket-api/9.4.40.v20210413/websocket-api-9.4.40.v20210413.jar:/home/runner/.m2/repository/org/jline/jline/3.9.0/jline-3.9.0.jar:/home/runner/.m2/repository/org/apache/hadoop/hadoop-mapreduce-client-core/3.3.1/hadoop-mapreduce-client-core-3.3.1.jar:/home/runner/.m2/repository/org/apache/avro/avro/1.7.7/avro-1.7.7.jar:/home/runner/.m2/repository/org/codehaus/jackson/jackson-core-asl/1.9.13/jackson-core-asl-1.9.13.jar:/home/runner/.m2/repository/org/codehaus/jackson/jackson-mapper-asl/1.9.13/jackson-mapper-asl-1.9.13.jar:/home/runner/.m2/repository/com/thoughtworks/paranamer/paranamer/2.3/paranamer-2.3.jar:/home/runner/.m2/repository/org/apache/hadoop/hadoop-annotations/3.3.1/hadoop-annotations-3.3.1.jar:/usr/lib/jvm/adoptopenjdk-8-hotspot-amd64/jre/../lib/tools.jar:/home/runner/.m2/repository/org/apache/hadoop/hadoop-distcp/3.3.1/hadoop-distcp-3.3.1-tests.jar:"/>
    <property name="java.vm.vendor" value="AdoptOpenJDK"/>
    <property name="sun.arch.data.model" value="64"/>
    <property name="test.build.dir" value="/home/runner/work/ozone/ozone/mnt/ozone/hadoop-ozone/integration-test/target/test-dir"/>
    <property name="test.cache.data" value=""/>
    <property name="java.vendor.url" value="https://adoptopenjdk.net/"/>
    <property name="user.timezone" value=""/>
    <property name="java.vm.specification.version" value="1.8"/>
    <property name="os.name" value="Linux"/>
    <property name="test.build.data" value="/home/runner/work/ozone/ozone/mnt/ozone/hadoop-ozone/integration-test/target/test-dir"/>
    <property name="sun.java.launcher" value="SUN_STANDARD"/>
    <property name="sun.boot.library.path" value="/usr/lib/jvm/adoptopenjdk-8-hotspot-amd64/jre/lib/amd64"/>
    <property name="sun.java.command" value="/home/runner/work/ozone/ozone/mnt/ozone/hadoop-ozone/integration-test/target/surefire/surefirebooter3561515198975174361.jar /home/runner/work/ozone/ozone/mnt/ozone/hadoop-ozone/integration-test/target/surefire 2021-07-31T01-03-35_427-jvmRun1 surefire3195735036984211674tmp surefire_525610109774045407098tmp"/>
    <property name="surefire.test.class.path" value="/home/runner/work/ozone/ozone/mnt/ozone/hadoop-ozone/integration-test/target/test-classes:/home/runner/work/ozone/ozone/mnt/ozone/hadoop-ozone/integration-test/target/classes:/home/runner/.m2/repository/org/apache/ozone/ozone-common/1.2.0-SNAPSHOT/ozone-common-1.2.0-SNAPSHOT.jar:/home/runner/.m2/repository/org/apache/commons/commons-compress/1.20/commons-compress-1.20.jar:/home/runner/.m2/repository/org/apache/ozone/hdds-common/1.2.0-SNAPSHOT/hdds-common-1.2.0-SNAPSHOT.jar:/home/runner/.m2/repository/org/apache/ozone/hdds-client/1.2.0-SNAPSHOT/hdds-client-1.2.0-SNAPSHOT.jar:/home/runner/.m2/repository/org/apache/ozone/ozone-interface-client/1.2.0-SNAPSHOT/ozone-interface-client-1.2.0-SNAPSHOT.jar:/home/runner/.m2/repository/org/apache/ozone/hdds-server-framework/1.2.0-SNAPSHOT/hdds-server-framework-1.2.0-SNAPSHOT.jar:/home/runner/.m2/repository/org/apache/ozone/hdds-interface-server/1.2.0-SNAPSHOT/hdds-interface-server-1.2.0-SNAPSHOT.jar:/home/runner/.m2/repository/org/eclipse/jetty/jetty-servlet/9.4.35.v20201120/jetty-servlet-9.4.35.v20201120.jar:/home/runner/.m2/repository/org/eclipse/jetty/jetty-security/9.4.35.v20201120/jetty-security-9.4.35.v20201120.jar:/home/runner/.m2/repository/org/rocksdb/rocksdbjni/6.20.3/rocksdbjni-6.20.3.jar:/home/runner/.m2/repository/io/prometheus/simpleclient_dropwizard/0.7.0/simpleclient_dropwizard-0.7.0.jar:/home/runner/.m2/repository/io/prometheus/simpleclient/0.7.0/simpleclient-0.7.0.jar:/home/runner/.m2/repository/io/prometheus/simpleclient_common/0.7.0/simpleclient_common-0.7.0.jar:/home/runner/.m2/repository/com/fasterxml/jackson/datatype/jackson-datatype-jsr310/2.12.1/jackson-datatype-jsr310-2.12.1.jar:/home/runner/.m2/repository/org/apache/ozone/hdds-test-utils/1.2.0-SNAPSHOT/hdds-test-utils-1.2.0-SNAPSHOT.jar:/home/runner/.m2/repository/com/google/guava/guava/30.1.1-jre/guava-30.1.1-jre.jar:/home/runner/.m2/repository/com/google/guava/failureaccess/1.0.1/failureaccess-1.0.1.jar:/home/runner/.m2/repository/com/google/guava/listenablefuture/9999.0-empty-to-avoid-conflict-with-guava/listenablefuture-9999.0-empty-to-avoid-conflict-with-guava.jar:/home/runner/.m2/repository/com/google/code/findbugs/jsr305/3.0.0/jsr305-3.0.0.jar:/home/runner/.m2/repository/org/checkerframework/checker-qual/3.8.0/checker-qual-3.8.0.jar:/home/runner/.m2/repository/com/google/errorprone/error_prone_annotations/2.2.0/error_prone_annotations-2.2.0.jar:/home/runner/.m2/repository/com/google/j2objc/j2objc-annotations/1.3/j2objc-annotations-1.3.jar:/home/runner/.m2/repository/commons-io/commons-io/2.8.0/commons-io-2.8.0.jar:/home/runner/.m2/repository/commons-logging/commons-logging/1.2/commons-logging-1.2.jar:/home/runner/.m2/repository/log4j/log4j/1.2.17/log4j-1.2.17.jar:/home/runner/.m2/repository/org/slf4j/slf4j-api/1.7.30/slf4j-api-1.7.30.jar:/home/runner/.m2/repository/org/apache/ozone/hdds-server-scm/1.2.0-SNAPSHOT/hdds-server-scm-1.2.0-SNAPSHOT.jar:/home/runner/.m2/repository/org/apache/ozone/hdds-container-service/1.2.0-SNAPSHOT/hdds-container-service-1.2.0-SNAPSHOT.jar:/home/runner/.m2/repository/org/apache/ozone/hdds-hadoop-dependency-server/1.2.0-SNAPSHOT/hdds-hadoop-dependency-server-1.2.0-SNAPSHOT.jar:/home/runner/.m2/repository/org/apache/hadoop/hadoop-hdfs/3.3.1/hadoop-hdfs-3.3.1.jar:/home/runner/.m2/repository/io/dropwizard/metrics/metrics-core/3.2.4/metrics-core-3.2.4.jar:/home/runner/.m2/repository/org/apache/hadoop/hadoop-hdfs-client/3.3.1/hadoop-hdfs-client-3.3.1.jar:/home/runner/.m2/repository/org/bouncycastle/bcprov-jdk15on/1.67/bcprov-jdk15on-1.67.jar:/home/runner/.m2/repository/com/google/protobuf/protobuf-java/2.5.0/protobuf-java-2.5.0.jar:/home/runner/.m2/repository/org/apache/ozone/ozone-manager/1.2.0-SNAPSHOT/ozone-manager-1.2.0-SNAPSHOT.jar:/home/runner/.m2/repository/org/aspectj/aspectjrt/1.8.9/aspectjrt-1.8.9.jar:/home/runner/.m2/repository/org/aspectj/aspectjweaver/1.8.9/aspectjweaver-1.8.9.jar:/home/runner/.m2/repository/org/apache/ozone/hdds-interface-client/1.2.0-SNAPSHOT/hdds-interface-client-1.2.0-SNAPSHOT.jar:/home/runner/.m2/repository/org/apache/hadoop/thirdparty/hadoop-shaded-protobuf_3_7/1.1.1/hadoop-shaded-protobuf_3_7-1.1.1.jar:/home/runner/.m2/repository/org/apache/ratis/ratis-thirdparty-misc/0.7.0/ratis-thirdparty-misc-0.7.0.jar:/home/runner/.m2/repository/org/apache/ozone/ozone-interface-storage/1.2.0-SNAPSHOT/ozone-interface-storage-1.2.0-SNAPSHOT.jar:/home/runner/.m2/repository/org/reflections/reflections/0.9.11/reflections-0.9.11.jar:/home/runner/.m2/repository/org/apache/hadoop/hadoop-minikdc/3.3.1/hadoop-minikdc-3.3.1.jar:/home/runner/.m2/repository/org/apache/kerby/kerb-simplekdc/1.0.1/kerb-simplekdc-1.0.1.jar:/home/runner/.m2/repository/org/apache/kerby/kerb-client/1.0.1/kerb-client-1.0.1.jar:/home/runner/.m2/repository/org/apache/kerby/kerby-config/1.0.1/kerby-config-1.0.1.jar:/home/runner/.m2/repository/org/apache/kerby/kerb-common/1.0.1/kerb-common-1.0.1.jar:/home/runner/.m2/repository/org/apache/kerby/kerb-crypto/1.0.1/kerb-crypto-1.0.1.jar:/home/runner/.m2/repository/org/apache/kerby/kerb-util/1.0.1/kerb-util-1.0.1.jar:/home/runner/.m2/repository/org/apache/kerby/token-provider/1.0.1/token-provider-1.0.1.jar:/home/runner/.m2/repository/org/apache/kerby/kerb-admin/1.0.1/kerb-admin-1.0.1.jar:/home/runner/.m2/repository/org/apache/kerby/kerb-server/1.0.1/kerb-server-1.0.1.jar:/home/runner/.m2/repository/org/apache/kerby/kerb-identity/1.0.1/kerb-identity-1.0.1.jar:/home/runner/.m2/repository/org/apache/kerby/kerby-xdr/1.0.1/kerby-xdr-1.0.1.jar:/home/runner/.m2/repository/org/slf4j/slf4j-log4j12/1.7.30/slf4j-log4j12-1.7.30.jar:/home/runner/.m2/repository/org/apache/ozone/ozone-s3gateway/1.2.0-SNAPSHOT/ozone-s3gateway-1.2.0-SNAPSHOT.jar:/home/runner/.m2/repository/org/javassist/javassist/3.21.0-GA/javassist-3.21.0-GA.jar:/home/runner/.m2/repository/org/jboss/weld/servlet/weld-servlet/2.4.7.Final/weld-servlet-2.4.7.Final.jar:/home/runner/.m2/repository/org/glassfish/jersey/containers/jersey-container-servlet-core/2.33/jersey-container-servlet-core-2.33.jar:/home/runner/.m2/repository/org/glassfish/hk2/external/jakarta.inject/2.6.1/jakarta.inject-2.6.1.jar:/home/runner/.m2/repository/org/glassfish/jersey/core/jersey-common/2.33/jersey-common-2.33.jar:/home/runner/.m2/repository/jakarta/ws/rs/jakarta.ws.rs-api/2.1.6/jakarta.ws.rs-api-2.1.6.jar:/home/runner/.m2/repository/org/glassfish/jersey/ext/cdi/jersey-cdi1x/2.33/jersey-cdi1x-2.33.jar:/home/runner/.m2/repository/org/glassfish/jersey/inject/jersey-hk2/2.33/jersey-hk2-2.33.jar:/home/runner/.m2/repository/org/glassfish/hk2/hk2-locator/2.6.1/hk2-locator-2.6.1.jar:/home/runner/.m2/repository/org/glassfish/jersey/media/jersey-media-jaxb/2.33/jersey-media-jaxb-2.33.jar:/home/runner/.m2/repository/org/glassfish/hk2/osgi-resource-locator/1.0.3/osgi-resource-locator-1.0.3.jar:/home/runner/.m2/repository/org/glassfish/hk2/hk2-api/2.5.0/hk2-api-2.5.0.jar:/home/runner/.m2/repository/org/glassfish/hk2/hk2-utils/2.5.0/hk2-utils-2.5.0.jar:/home/runner/.m2/repository/org/glassfish/hk2/external/aopalliance-repackaged/2.5.0/aopalliance-repackaged-2.5.0.jar:/home/runner/.m2/repository/com/fasterxml/jackson/dataformat/jackson-dataformat-xml/2.12.1/jackson-dataformat-xml-2.12.1.jar:/home/runner/.m2/repository/com/fasterxml/jackson/core/jackson-core/2.12.1/jackson-core-2.12.1.jar:/home/runner/.m2/repository/com/fasterxml/jackson/module/jackson-module-jaxb-annotations/2.12.1/jackson-module-jaxb-annotations-2.12.1.jar:/home/runner/.m2/repository/jakarta/xml/bind/jakarta.xml.bind-api/2.3.2/jakarta.xml.bind-api-2.3.2.jar:/home/runner/.m2/repository/org/codehaus/woodstox/stax2-api/3.1.4/stax2-api-3.1.4.jar:/home/runner/.m2/repository/com/fasterxml/woodstox/woodstox-core/5.0.3/woodstox-core-5.0.3.jar:/home/runner/.m2/repository/javax/enterprise/cdi-api/1.2/cdi-api-1.2.jar:/home/runner/.m2/repository/javax/el/javax.el-api/3.0.0/javax.el-api-3.0.0.jar:/home/runner/.m2/repository/javax/interceptor/javax.interceptor-api/1.2/javax.interceptor-api-1.2.jar:/home/runner/.m2/repository/javax/inject/javax.inject/1/javax.inject-1.jar:/home/runner/.m2/repository/javax/xml/bind/jaxb-api/2.3.0/jaxb-api-2.3.0.jar:/home/runner/.m2/repository/org/glassfish/jaxb/jaxb-runtime/2.3.0.1/jaxb-runtime-2.3.0.1.jar:/home/runner/.m2/repository/org/glassfish/jaxb/jaxb-core/2.3.0.1/jaxb-core-2.3.0.1.jar:/home/runner/.m2/repository/org/glassfish/jaxb/txw2/2.3.0.1/txw2-2.3.0.1.jar:/home/runner/.m2/repository/com/sun/istack/istack-commons-runtime/3.0.5/istack-commons-runtime-3.0.5.jar:/home/runner/.m2/repository/org/jvnet/staxex/stax-ex/1.7.8/stax-ex-1.7.8.jar:/home/runner/.m2/repository/com/sun/xml/fastinfoset/FastInfoset/1.2.13/FastInfoset-1.2.13.jar:/home/runner/.m2/repository/javax/activation/activation/1.1.1/activation-1.1.1.jar:/home/runner/.m2/repository/org/apache/ozone/ozone-csi/1.2.0-SNAPSHOT/ozone-csi-1.2.0-SNAPSHOT.jar:/home/runner/.m2/repository/com/google/protobuf/protobuf-java-util/3.12.0/protobuf-java-util-3.12.0.jar:/home/runner/.m2/repository/com/google/code/gson/gson/2.2.4/gson-2.2.4.jar:/home/runner/.m2/repository/org/apache/ozone/hdds-config/1.2.0-SNAPSHOT/hdds-config-1.2.0-SNAPSHOT.jar:/home/runner/.m2/repository/io/grpc/grpc-netty/1.33.0/grpc-netty-1.33.0.jar:/home/runner/.m2/repository/io/grpc/grpc-core/1.33.0/grpc-core-1.33.0.jar:/home/runner/.m2/repository/com/google/android/annotations/4.1.1.4/annotations-4.1.1.4.jar:/home/runner/.m2/repository/io/netty/netty-codec-http2/4.1.63.Final/netty-codec-http2-4.1.63.Final.jar:/home/runner/.m2/repository/io/netty/netty-codec-http/4.1.63.Final/netty-codec-http-4.1.63.Final.jar:/home/runner/.m2/repository/io/netty/netty-handler-proxy/4.1.63.Final/netty-handler-proxy-4.1.63.Final.jar:/home/runner/.m2/repository/io/netty/netty-codec-socks/4.1.63.Final/netty-codec-socks-4.1.63.Final.jar:/home/runner/.m2/repository/io/perfmark/perfmark-api/0.19.0/perfmark-api-0.19.0.jar:/home/runner/.m2/repository/org/codehaus/mojo/animal-sniffer-annotations/1.18/animal-sniffer-annotations-1.18.jar:/home/runner/.m2/repository/io/netty/netty-transport-native-epoll/4.1.63.Final/netty-transport-native-epoll-4.1.63.Final.jar:/home/runner/.m2/repository/io/netty/netty-common/4.1.63.Final/netty-common-4.1.63.Final.jar:/home/runner/.m2/repository/io/netty/netty-buffer/4.1.63.Final/netty-buffer-4.1.63.Final.jar:/home/runner/.m2/repository/io/netty/netty-transport-native-unix-common/4.1.63.Final/netty-transport-native-unix-common-4.1.63.Final.jar:/home/runner/.m2/repository/io/grpc/grpc-protobuf/1.33.0/grpc-protobuf-1.33.0.jar:/home/runner/.m2/repository/io/grpc/grpc-api/1.33.0/grpc-api-1.33.0.jar:/home/runner/.m2/repository/io/grpc/grpc-context/1.33.0/grpc-context-1.33.0.jar:/home/runner/.m2/repository/com/google/api/grpc/proto-google-common-protos/1.17.0/proto-google-common-protos-1.17.0.jar:/home/runner/.m2/repository/io/grpc/grpc-protobuf-lite/1.33.0/grpc-protobuf-lite-1.33.0.jar:/home/runner/.m2/repository/io/grpc/grpc-stub/1.33.0/grpc-stub-1.33.0.jar:/home/runner/.m2/repository/org/apache/ozone/ozone-recon/1.2.0-SNAPSHOT/ozone-recon-1.2.0-SNAPSHOT.jar:/home/runner/.m2/repository/org/apache/ozone/ozone-reconcodegen/1.2.0-SNAPSHOT/ozone-reconcodegen-1.2.0-SNAPSHOT.jar:/home/runner/.m2/repository/com/google/inject/extensions/guice-multibindings/4.0/guice-multibindings-4.0.jar:/home/runner/.m2/repository/com/google/inject/guice/4.0/guice-4.0.jar:/home/runner/.m2/repository/aopalliance/aopalliance/1.0/aopalliance-1.0.jar:/home/runner/.m2/repository/com/google/inject/extensions/guice-assistedinject/4.0/guice-assistedinject-4.0.jar:/home/runner/.m2/repository/com/google/inject/extensions/guice-servlet/4.0/guice-servlet-4.0.jar:/home/runner/.m2/repository/org/glassfish/jersey/containers/jersey-container-servlet/2.33/jersey-container-servlet-2.33.jar:/home/runner/.m2/repository/org/glassfish/hk2/guice-bridge/2.5.0/guice-bridge-2.5.0.jar:/home/runner/.m2/repository/org/glassfish/jersey/core/jersey-server/2.33/jersey-server-2.33.jar:/home/runner/.m2/repository/org/glassfish/jersey/core/jersey-client/2.33/jersey-client-2.33.jar:/home/runner/.m2/repository/jakarta/annotation/jakarta.annotation-api/1.3.5/jakarta.annotation-api-1.3.5.jar:/home/runner/.m2/repository/jakarta/validation/jakarta.validation-api/2.0.2/jakarta.validation-api-2.0.2.jar:/home/runner/.m2/repository/org/glassfish/jersey/media/jersey-media-json-jackson/2.33/jersey-media-json-jackson-2.33.jar:/home/runner/.m2/repository/org/glassfish/jersey/ext/jersey-entity-filtering/2.33/jersey-entity-filtering-2.33.jar:/home/runner/.m2/repository/org/jooq/jooq/3.11.10/jooq-3.11.10.jar:/home/runner/.m2/repository/org/jooq/jooq-meta/3.11.10/jooq-meta-3.11.10.jar:/home/runner/.m2/repository/org/jooq/jooq-codegen/3.11.10/jooq-codegen-3.11.10.jar:/home/runner/.m2/repository/com/jolbox/bonecp/0.8.0.RELEASE/bonecp-0.8.0.RELEASE.jar:/home/runner/.m2/repository/org/apache/derby/derby/10.14.2.0/derby-10.14.2.0.jar:/home/runner/.m2/repository/org/xerial/sqlite-jdbc/3.25.2/sqlite-jdbc-3.25.2.jar:/home/runner/.m2/repository/org/springframework/spring-jdbc/5.2.11.RELEASE/spring-jdbc-5.2.11.RELEASE.jar:/home/runner/.m2/repository/org/springframework/spring-beans/5.2.11.RELEASE/spring-beans-5.2.11.RELEASE.jar:/home/runner/.m2/repository/org/springframework/spring-core/5.2.11.RELEASE/spring-core-5.2.11.RELEASE.jar:/home/runner/.m2/repository/org/springframework/spring-jcl/5.2.11.RELEASE/spring-jcl-5.2.11.RELEASE.jar:/home/runner/.m2/repository/org/springframework/spring-tx/5.2.11.RELEASE/spring-tx-5.2.11.RELEASE.jar:/home/runner/.m2/repository/org/apache/ozone/ozone-client/1.2.0-SNAPSHOT/ozone-client-1.2.0-SNAPSHOT.jar:/home/runner/.m2/repository/org/apache/ozone/ozone-filesystem/1.2.0-SNAPSHOT/ozone-filesystem-1.2.0-SNAPSHOT.jar:/home/runner/.m2/repository/org/apache/ozone/ozone-filesystem-common/1.2.0-SNAPSHOT/ozone-filesystem-common-1.2.0-SNAPSHOT.jar:/home/runner/.m2/repository/org/apache/ozone/ozone-tools/1.2.0-SNAPSHOT/ozone-tools-1.2.0-SNAPSHOT.jar:/home/runner/.m2/repository/org/apache/ratis/ratis-tools/2.1.0/ratis-tools-2.1.0.jar:/home/runner/.m2/repository/org/apache/ratis/ratis-proto/2.1.0/ratis-proto-2.1.0.jar:/home/runner/.m2/repository/org/apache/ratis/ratis-common/2.1.0/ratis-common-2.1.0.jar:/home/runner/.m2/repository/com/amazonaws/aws-java-sdk-core/1.11.901/aws-java-sdk-core-1.11.901.jar:/home/runner/.m2/repository/org/apache/httpcomponents/httpclient/4.5.13/httpclient-4.5.13.jar:/home/runner/.m2/repository/org/apache/httpcomponents/httpcore/4.4.13/httpcore-4.4.13.jar:/home/runner/.m2/repository/software/amazon/ion/ion-java/1.0.2/ion-java-1.0.2.jar:/home/runner/.m2/repository/com/fasterxml/jackson/dataformat/jackson-dataformat-cbor/2.12.1/jackson-dataformat-cbor-2.12.1.jar:/home/runner/.m2/repository/joda-time/joda-time/2.8.1/joda-time-2.8.1.jar:/home/runner/.m2/repository/com/amazonaws/aws-java-sdk-s3/1.11.901/aws-java-sdk-s3-1.11.901.jar:/home/runner/.m2/repository/com/amazonaws/aws-java-sdk-kms/1.11.901/aws-java-sdk-kms-1.11.901.jar:/home/runner/.m2/repository/com/amazonaws/jmespath-java/1.11.901/jmespath-java-1.11.901.jar:/home/runner/.m2/repository/org/kohsuke/metainf-services/metainf-services/1.8/metainf-services-1.8.jar:/home/runner/.m2/repository/org/apache/ozone/hdds-tools/1.2.0-SNAPSHOT/hdds-tools-1.2.0-SNAPSHOT.jar:/home/runner/.m2/repository/commons-cli/commons-cli/1.2/commons-cli-1.2.jar:/home/runner/.m2/repository/org/apache/commons/commons-lang3/3.7/commons-lang3-3.7.jar:/home/runner/.m2/repository/org/apache/ozone/ozone-manager/1.2.0-SNAPSHOT/ozone-manager-1.2.0-SNAPSHOT-tests.jar:/home/runner/.m2/repository/org/apache/ozone/hdds-common/1.2.0-SNAPSHOT/hdds-common-1.2.0-SNAPSHOT-tests.jar:/home/runner/.m2/repository/org/apache/ozone/hdds-hadoop-dependency-client/1.2.0-SNAPSHOT/hdds-hadoop-dependency-client-1.2.0-SNAPSHOT.jar:/home/runner/.m2/repository/info/picocli/picocli/4.4.0/picocli-4.4.0.jar:/home/runner/.m2/repository/com/fasterxml/jackson/core/jackson-annotations/2.12.1/jackson-annotations-2.12.1.jar:/home/runner/.m2/repository/javax/annotation/javax.annotation-api/1.2/javax.annotation-api-1.2.jar:/home/runner/.m2/repository/org/apache/ratis/ratis-server/2.1.0/ratis-server-2.1.0.jar:/home/runner/.m2/repository/org/apache/ratis/ratis-client/2.1.0/ratis-client-2.1.0.jar:/home/runner/.m2/repository/org/apache/ratis/ratis-server-api/2.1.0/ratis-server-api-2.1.0.jar:/home/runner/.m2/repository/org/apache/ratis/ratis-metrics/2.1.0/ratis-metrics-2.1.0.jar:/home/runner/.m2/repository/org/apache/ratis/ratis-netty/2.1.0/ratis-netty-2.1.0.jar:/home/runner/.m2/repository/org/apache/ratis/ratis-grpc/2.1.0/ratis-grpc-2.1.0.jar:/home/runner/.m2/repository/org/apache/logging/log4j/log4j-api/2.13.3/log4j-api-2.13.3.jar:/home/runner/.m2/repository/org/apache/logging/log4j/log4j-core/2.13.3/log4j-core-2.13.3.jar:/home/runner/.m2/repository/com/lmax/disruptor/3.4.2/disruptor-3.4.2.jar:/home/runner/.m2/repository/org/apache/commons/commons-pool2/2.6.0/commons-pool2-2.6.0.jar:/home/runner/.m2/repository/org/bouncycastle/bcpkix-jdk15on/1.67/bcpkix-jdk15on-1.67.jar:/home/runner/.m2/repository/commons-validator/commons-validator/1.6/commons-validator-1.6.jar:/home/runner/.m2/repository/commons-beanutils/commons-beanutils/1.9.4/commons-beanutils-1.9.4.jar:/home/runner/.m2/repository/commons-digester/commons-digester/1.8.1/commons-digester-1.8.1.jar:/home/runner/.m2/repository/commons-collections/commons-collections/3.2.2/commons-collections-3.2.2.jar:/home/runner/.m2/repository/io/jaegertracing/jaeger-client/1.6.0/jaeger-client-1.6.0.jar:/home/runner/.m2/repository/io/jaegertracing/jaeger-thrift/1.6.0/jaeger-thrift-1.6.0.jar:/home/runner/.m2/repository/org/apache/thrift/libthrift/0.14.1/libthrift-0.14.1.jar:/home/runner/.m2/repository/com/squareup/okhttp3/okhttp/4.9.0/okhttp-4.9.0.jar:/home/runner/.m2/repository/com/squareup/okio/okio/2.8.0/okio-2.8.0.jar:/home/runner/.m2/repository/io/jaegertracing/jaeger-core/1.6.0/jaeger-core-1.6.0.jar:/home/runner/.m2/repository/io/jaegertracing/jaeger-tracerresolver/1.6.0/jaeger-tracerresolver-1.6.0.jar:/home/runner/.m2/repository/io/opentracing/contrib/opentracing-tracerresolver/0.1.8/opentracing-tracerresolver-0.1.8.jar:/home/runner/.m2/repository/org/jetbrains/kotlin/kotlin-stdlib/1.4.31/kotlin-stdlib-1.4.31.jar:/home/runner/.m2/repository/org/jetbrains/kotlin/kotlin-stdlib-common/1.4.31/kotlin-stdlib-common-1.4.31.jar:/home/runner/.m2/repository/org/jetbrains/annotations/13.0/annotations-13.0.jar:/home/runner/.m2/repository/io/opentracing/opentracing-util/0.33.0/opentracing-util-0.33.0.jar:/home/runner/.m2/repository/io/opentracing/opentracing-api/0.33.0/opentracing-api-0.33.0.jar:/home/runner/.m2/repository/io/opentracing/opentracing-noop/0.33.0/opentracing-noop-0.33.0.jar:/home/runner/.m2/repository/org/yaml/snakeyaml/1.26/snakeyaml-1.26.jar:/home/runner/.m2/repository/org/apache/ozone/hdds-interface-admin/1.2.0-SNAPSHOT/hdds-interface-admin-1.2.0-SNAPSHOT.jar:/home/runner/.m2/repository/junit/junit/4.13.1/junit-4.13.1.jar:/home/runner/.m2/repository/org/hamcrest/hamcrest-core/1.3/hamcrest-core-1.3.jar:/home/runner/.m2/repository/org/junit/jupiter/junit-jupiter-api/5.7.0/junit-jupiter-api-5.7.0.jar:/home/runner/.m2/repository/org/apiguardian/apiguardian-api/1.1.0/apiguardian-api-1.1.0.jar:/home/runner/.m2/repository/org/opentest4j/opentest4j/1.2.0/opentest4j-1.2.0.jar:/home/runner/.m2/repository/org/junit/platform/junit-platform-commons/1.7.0/junit-platform-commons-1.7.0.jar:/home/runner/.m2/repository/org/junit/jupiter/junit-jupiter-engine/5.7.0/junit-jupiter-engine-5.7.0.jar:/home/runner/.m2/repository/org/junit/platform/junit-platform-engine/1.7.0/junit-platform-engine-1.7.0.jar:/home/runner/.m2/repository/org/junit/vintage/junit-vintage-engine/5.7.0/junit-vintage-engine-5.7.0.jar:/home/runner/.m2/repository/org/junit/platform/junit-platform-launcher/1.7.0/junit-platform-launcher-1.7.0.jar:/home/runner/.m2/repository/org/openjdk/jmh/jmh-core/1.19/jmh-core-1.19.jar:/home/runner/.m2/repository/net/sf/jopt-simple/jopt-simple/4.6/jopt-simple-4.6.jar:/home/runner/.m2/repository/org/apache/commons/commons-math3/3.1.1/commons-math3-3.1.1.jar:/home/runner/.m2/repository/org/openjdk/jmh/jmh-generator-annprocess/1.19/jmh-generator-annprocess-1.19.jar:/home/runner/.m2/repository/org/mockito/mockito-core/2.28.2/mockito-core-2.28.2.jar:/home/runner/.m2/repository/net/bytebuddy/byte-buddy/1.9.10/byte-buddy-1.9.10.jar:/home/runner/.m2/repository/net/bytebuddy/byte-buddy-agent/1.9.10/byte-buddy-agent-1.9.10.jar:/home/runner/.m2/repository/org/objenesis/objenesis/1.0/objenesis-1.0.jar:/home/runner/.m2/repository/org/apache/hadoop/hadoop-kms/3.3.1/hadoop-kms-3.3.1.jar:/home/runner/.m2/repository/org/apache/hadoop/hadoop-auth/3.3.1/hadoop-auth-3.3.1.jar:/home/runner/.m2/repository/com/nimbusds/nimbus-jose-jwt/7.9/nimbus-jose-jwt-7.9.jar:/home/runner/.m2/repository/com/github/stephenc/jcip/jcip-annotations/1.0-1/jcip-annotations-1.0-1.jar:/home/runner/.m2/repository/net/minidev/json-smart/2.3/json-smart-2.3.jar:/home/runner/.m2/repository/net/minidev/accessors-smart/1.2/accessors-smart-1.2.jar:/home/runner/.m2/repository/org/ow2/asm/asm/5.0.4/asm-5.0.4.jar:/home/runner/.m2/repository/org/apache/zookeeper/zookeeper/3.5.6/zookeeper-3.5.6.jar:/home/runner/.m2/repository/org/apache/zookeeper/zookeeper-jute/3.5.6/zookeeper-jute-3.5.6.jar:/home/runner/.m2/repository/org/apache/yetus/audience-annotations/0.5.0/audience-annotations-0.5.0.jar:/home/runner/.m2/repository/org/apache/curator/curator-framework/4.2.0/curator-framework-4.2.0.jar:/home/runner/.m2/repository/org/apache/hadoop/thirdparty/hadoop-shaded-guava/1.1.1/hadoop-shaded-guava-1.1.1.jar:/home/runner/.m2/repository/com/sun/jersey/jersey-core/1.19/jersey-core-1.19.jar:/home/runner/.m2/repository/javax/ws/rs/jsr311-api/1.1.1/jsr311-api-1.1.1.jar:/home/runner/.m2/repository/com/sun/jersey/jersey-server/1.19/jersey-server-1.19.jar:/home/runner/.m2/repository/javax/servlet/javax.servlet-api/3.1.0/javax.servlet-api-3.1.0.jar:/home/runner/.m2/repository/org/eclipse/jetty/jetty-server/9.4.35.v20201120/jetty-server-9.4.35.v20201120.jar:/home/runner/.m2/repository/org/eclipse/jetty/jetty-http/9.4.35.v20201120/jetty-http-9.4.35.v20201120.jar:/home/runner/.m2/repository/org/eclipse/jetty/jetty-io/9.4.35.v20201120/jetty-io-9.4.35.v20201120.jar:/home/runner/.m2/repository/org/eclipse/jetty/jetty-webapp/9.4.35.v20201120/jetty-webapp-9.4.35.v20201120.jar:/home/runner/.m2/repository/org/eclipse/jetty/jetty-xml/9.4.35.v20201120/jetty-xml-9.4.35.v20201120.jar:/home/runner/.m2/repository/org/apache/hadoop/hadoop-common/3.3.1/hadoop-common-3.3.1.jar:/home/runner/.m2/repository/commons-net/commons-net/3.6/commons-net-3.6.jar:/home/runner/.m2/repository/jakarta/activation/jakarta.activation-api/1.2.1/jakarta.activation-api-1.2.1.jar:/home/runner/.m2/repository/com/sun/jersey/jersey-servlet/1.19/jersey-servlet-1.19.jar:/home/runner/.m2/repository/com/sun/jersey/jersey-json/1.19/jersey-json-1.19.jar:/home/runner/.m2/repository/org/codehaus/jettison/jettison/1.1/jettison-1.1.jar:/home/runner/.m2/repository/com/sun/xml/bind/jaxb-impl/2.2.3-1/jaxb-impl-2.2.3-1.jar:/home/runner/.m2/repository/org/codehaus/jackson/jackson-jaxrs/1.9.2/jackson-jaxrs-1.9.2.jar:/home/runner/.m2/repository/org/codehaus/jackson/jackson-xc/1.9.2/jackson-xc-1.9.2.jar:/home/runner/.m2/repository/org/apache/commons/commons-configuration2/2.1.1/commons-configuration2-2.1.1.jar:/home/runner/.m2/repository/org/apache/commons/commons-text/1.4/commons-text-1.4.jar:/home/runner/.m2/repository/com/google/re2j/re2j/1.1/re2j-1.1.jar:/home/runner/.m2/repository/com/jcraft/jsch/0.1.54/jsch-0.1.54.jar:/home/runner/.m2/repository/org/apache/curator/curator-client/4.2.0/curator-client-4.2.0.jar:/home/runner/.m2/repository/org/apache/curator/curator-recipes/4.2.0/curator-recipes-4.2.0.jar:/home/runner/.m2/repository/org/apache/kerby/kerb-core/1.0.1/kerb-core-1.0.1.jar:/home/runner/.m2/repository/org/apache/kerby/kerby-pkix/1.0.1/kerby-pkix-1.0.1.jar:/home/runner/.m2/repository/org/apache/kerby/kerby-asn1/1.0.1/kerby-asn1-1.0.1.jar:/home/runner/.m2/repository/org/apache/kerby/kerby-util/1.0.1/kerby-util-1.0.1.jar:/home/runner/.m2/repository/dnsjava/dnsjava/2.1.7/dnsjava-2.1.7.jar:/home/runner/.m2/repository/org/xerial/snappy/snappy-java/1.1.8.2/snappy-java-1.1.8.2.jar:/home/runner/.m2/repository/org/slf4j/jul-to-slf4j/1.7.30/jul-to-slf4j-1.7.30.jar:/home/runner/.m2/repository/org/eclipse/jetty/jetty-util/9.4.35.v20201120/jetty-util-9.4.35.v20201120.jar:/home/runner/.m2/repository/com/fasterxml/jackson/core/jackson-databind/2.12.1/jackson-databind-2.12.1.jar:/home/runner/.m2/repository/org/apache/hadoop/hadoop-kms/3.3.1/hadoop-kms-3.3.1-tests.jar:/home/runner/.m2/repository/org/apache/ozone/hdds-server-scm/1.2.0-SNAPSHOT/hdds-server-scm-1.2.0-SNAPSHOT-tests.jar:/home/runner/.m2/repository/org/apache/ozone/hdds-container-service/1.2.0-SNAPSHOT/hdds-container-service-1.2.0-SNAPSHOT-tests.jar:/home/runner/.m2/repository/commons-codec/commons-codec/1.11/commons-codec-1.11.jar:/home/runner/.m2/repository/io/netty/netty-transport/4.1.63.Final/netty-transport-4.1.63.Final.jar:/home/runner/.m2/repository/io/netty/netty-resolver/4.1.63.Final/netty-resolver-4.1.63.Final.jar:/home/runner/.m2/repository/io/netty/netty-codec/4.1.63.Final/netty-codec-4.1.63.Final.jar:/home/runner/.m2/repository/io/netty/netty-handler/4.1.63.Final/netty-handler-4.1.63.Final.jar:/home/runner/.m2/repository/org/apache/ozone/hdds-hadoop-dependency-test/1.2.0-SNAPSHOT/hdds-hadoop-dependency-test-1.2.0-SNAPSHOT.jar:/home/runner/.m2/repository/org/apache/hadoop/hadoop-common/3.3.1/hadoop-common-3.3.1-tests.jar:/home/runner/.m2/repository/org/assertj/assertj-core/3.12.2/assertj-core-3.12.2.jar:/home/runner/.m2/repository/org/apache/hadoop/hadoop-hdfs/3.3.1/hadoop-hdfs-3.3.1-tests.jar:/home/runner/.m2/repository/org/eclipse/jetty/jetty-util-ajax/9.4.35.v20201120/jetty-util-ajax-9.4.35.v20201120.jar:/home/runner/.m2/repository/commons-daemon/commons-daemon/1.0.13/commons-daemon-1.0.13.jar:/home/runner/.m2/repository/io/netty/netty/3.10.6.Final/netty-3.10.6.Final.jar:/home/runner/.m2/repository/io/netty/netty-all/4.1.63.Final/netty-all-4.1.63.Final.jar:/home/runner/.m2/repository/org/apache/htrace/htrace-core4/4.1.0-incubating/htrace-core4-4.1.0-incubating.jar:/home/runner/.m2/repository/org/fusesource/leveldbjni/leveldbjni-all/1.8/leveldbjni-all-1.8.jar:/home/runner/.m2/repository/org/apache/hadoop/hadoop-distcp/3.3.1/hadoop-distcp-3.3.1.jar:/home/runner/.m2/repository/org/apache/hadoop/hadoop-mapreduce-client-jobclient/3.3.1/hadoop-mapreduce-client-jobclient-3.3.1.jar:/home/runner/.m2/repository/org/apache/hadoop/hadoop-mapreduce-client-common/3.3.1/hadoop-mapreduce-client-common-3.3.1.jar:/home/runner/.m2/repository/org/apache/hadoop/hadoop-yarn-common/3.3.1/hadoop-yarn-common-3.3.1.jar:/home/runner/.m2/repository/org/apache/hadoop/hadoop-yarn-api/3.3.1/hadoop-yarn-api-3.3.1.jar:/home/runner/.m2/repository/com/sun/jersey/jersey-client/1.19/jersey-client-1.19.jar:/home/runner/.m2/repository/com/sun/jersey/contribs/jersey-guice/1.19/jersey-guice-1.19.jar:/home/runner/.m2/repository/com/fasterxml/jackson/jaxrs/jackson-jaxrs-json-provider/2.12.1/jackson-jaxrs-json-provider-2.12.1.jar:/home/runner/.m2/repository/com/fasterxml/jackson/jaxrs/jackson-jaxrs-base/2.12.1/jackson-jaxrs-base-2.12.1.jar:/home/runner/.m2/repository/org/apache/hadoop/hadoop-yarn-client/3.3.1/hadoop-yarn-client-3.3.1.jar:/home/runner/.m2/repository/org/eclipse/jetty/websocket/websocket-client/9.4.40.v20210413/websocket-client-9.4.40.v20210413.jar:/home/runner/.m2/repository/org/eclipse/jetty/jetty-client/9.4.40.v20210413/jetty-client-9.4.40.v20210413.jar:/home/runner/.m2/repository/org/eclipse/jetty/websocket/websocket-common/9.4.40.v20210413/websocket-common-9.4.40.v20210413.jar:/home/runner/.m2/repository/org/eclipse/jetty/websocket/websocket-api/9.4.40.v20210413/websocket-api-9.4.40.v20210413.jar:/home/runner/.m2/repository/org/jline/jline/3.9.0/jline-3.9.0.jar:/home/runner/.m2/repository/org/apache/hadoop/hadoop-mapreduce-client-core/3.3.1/hadoop-mapreduce-client-core-3.3.1.jar:/home/runner/.m2/repository/org/apache/avro/avro/1.7.7/avro-1.7.7.jar:/home/runner/.m2/repository/org/codehaus/jackson/jackson-core-asl/1.9.13/jackson-core-asl-1.9.13.jar:/home/runner/.m2/repository/org/codehaus/jackson/jackson-mapper-asl/1.9.13/jackson-mapper-asl-1.9.13.jar:/home/runner/.m2/repository/com/thoughtworks/paranamer/paranamer/2.3/paranamer-2.3.jar:/home/runner/.m2/repository/org/apache/hadoop/hadoop-annotations/3.3.1/hadoop-annotations-3.3.1.jar:/usr/lib/jvm/adoptopenjdk-8-hotspot-amd64/jre/../lib/tools.jar:/home/runner/.m2/repository/org/apache/hadoop/hadoop-distcp/3.3.1/hadoop-distcp-3.3.1-tests.jar:"/>
    <property name="sun.cpu.endian" value="little"/>
    <property name="user.home" value="/home/runner"/>
    <property name="user.language" value="en"/>
    <property name="java.specification.vendor" value="Oracle Corporation"/>
    <property name="java.home" value="/usr/lib/jvm/adoptopenjdk-8-hotspot-amd64/jre"/>
    <property name="java.security.krb5.conf" value="/home/runner/work/ozone/ozone/mnt/ozone/hadoop-ozone/integration-test/target/test-classes/krb5.conf"/>
    <property name="basedir" value="/home/runner/work/ozone/ozone/mnt/ozone/hadoop-ozone/integration-test"/>
    <property name="file.separator" value="/"/>
    <property name="line.separator" value="&#10;"/>
    <property name="java.vm.specification.vendor" value="Oracle Corporation"/>
    <property name="java.specification.name" value="Java Platform API Specification"/>
    <property name="java.awt.graphicsenv" value="sun.awt.X11GraphicsEnvironment"/>
    <property name="skip.installnpx" value="true"/>
    <property name="surefire.real.class.path" value="/home/runner/work/ozone/ozone/mnt/ozone/hadoop-ozone/integration-test/target/surefire/surefirebooter3561515198975174361.jar:/home/runner/.m2/repository/org/jacoco/org.jacoco.agent/0.8.5/org.jacoco.agent-0.8.5-runtime.jar"/>
    <property name="hadoop.log.dir" value="/home/runner/work/ozone/ozone/mnt/ozone/hadoop-ozone/integration-test/target/log"/>
    <property name="sun.boot.class.path" value="/usr/lib/jvm/adoptopenjdk-8-hotspot-amd64/jre/lib/resources.jar:/usr/lib/jvm/adoptopenjdk-8-hotspot-amd64/jre/lib/rt.jar:/usr/lib/jvm/adoptopenjdk-8-hotspot-amd64/jre/lib/sunrsasign.jar:/usr/lib/jvm/adoptopenjdk-8-hotspot-amd64/jre/lib/jsse.jar:/usr/lib/jvm/adoptopenjdk-8-hotspot-amd64/jre/lib/jce.jar:/usr/lib/jvm/adoptopenjdk-8-hotspot-amd64/jre/lib/charsets.jar:/usr/lib/jvm/adoptopenjdk-8-hotspot-amd64/jre/lib/jfr.jar:/usr/lib/jvm/adoptopenjdk-8-hotspot-amd64/jre/classes"/>
    <property name="sun.management.compiler" value="HotSpot 64-Bit Tiered Compilers"/>
    <property name="skip.npx" value="true"/>
    <property name="java.runtime.version" value="1.8.0_292-b10"/>
    <property name="java.net.preferIPv4Stack" value="true"/>
    <property name="user.name" value="runner"/>
    <property name="path.separator" value=":"/>
    <property name="java.security.egd" value="file:///dev/urandom"/>
    <property name="os.version" value="5.4.0-1055-azure"/>
    <property name="java.endorsed.dirs" value="/usr/lib/jvm/adoptopenjdk-8-hotspot-amd64/jre/lib/endorsed"/>
    <property name="java.runtime.name" value="OpenJDK Runtime Environment"/>
    <property name="file.encoding" value="UTF-8"/>
    <property name="java.vm.name" value="OpenJDK 64-Bit Server VM"/>
    <property name="test.build.webapps" value=""/>
    <property name="localRepository" value="/home/runner/.m2/repository"/>
    <property name="java.vendor.url.bug" value="https://github.com/AdoptOpenJDK/openjdk-support/issues"/>
    <property name="java.io.tmpdir" value="/tmp"/>
    <property name="require.test.libhadoop" value=""/>
    <property name="java.version" value="1.8.0_292"/>
    <property name="user.dir" value="/home/runner/work/ozone/ozone/mnt/ozone/hadoop-ozone/integration-test"/>
    <property name="os.arch" value="amd64"/>
    <property name="java.vm.specification.name" value="Java Virtual Machine Specification"/>
    <property name="test.build.classes" value="/home/runner/work/ozone/ozone/mnt/ozone/hadoop-ozone/integration-test/target/test-classes"/>
    <property name="java.awt.printerjob" value="sun.print.PSPrinterJob"/>
    <property name="sun.os.patch.level" value="unknown"/>
    <property name="hadoop.tmp.dir" value="/home/runner/work/ozone/ozone/mnt/ozone/hadoop-ozone/integration-test/target/tmp"/>
    <property name="java.library.path" value="/usr/java/packages/lib/amd64:/usr/lib64:/lib64:/lib:/usr/lib"/>
    <property name="java.vm.info" value="mixed mode"/>
    <property name="java.vendor" value="AdoptOpenJDK"/>
    <property name="java.vm.version" value="25.292-b10"/>
    <property name="java.ext.dirs" value="/usr/lib/jvm/adoptopenjdk-8-hotspot-amd64/jre/lib/ext:/usr/java/packages/lib/ext"/>
    <property name="sun.io.unicode.encoding" value="UnicodeLittle"/>
    <property name="java.class.version" value="52.0"/>
  </properties>
  <testcase name="testBootstrapTwoNewOMs" classname="org.apache.hadoop.ozone.om.TestOzoneManagerBootstrap" time="16.982">
    <error message="Failed init RocksDB, db path : /home/runner/work/ozone/ozone/mnt/ozone/hadoop-ozone/integration-test/target/test-dir/MiniOzoneClusterImpl-91533540-afcd-48ec-9069-9da9f7250933/omNode-2/om.db, exception :org.rocksdb.RocksDBException lock hold by current process, acquire time 1627696697 acquiring thread 140014193321728: /home/runner/work/ozone/ozone/mnt/ozone/hadoop-ozone/integration-test/target/test-dir/MiniOzoneClusterImpl-91533540-afcd-48ec-9069-9da9f7250933/omNode-2/om.db/LOCK: No locks available; status : IOError; message : lock hold by current process, acquire time 1627696697 acquiring thread 140014193321728: /home/runner/work/ozone/ozone/mnt/ozone/hadoop-ozone/integration-test/target/test-dir/MiniOzoneClusterImpl-91533540-afcd-48ec-9069-9da9f7250933/omNode-2/om.db/LOCK: No locks available" type="java.io.IOException"><![CDATA[java.io.IOException: Failed init RocksDB, db path : /home/runner/work/ozone/ozone/mnt/ozone/hadoop-ozone/integration-test/target/test-dir/MiniOzoneClusterImpl-91533540-afcd-48ec-9069-9da9f7250933/omNode-2/om.db, exception :org.rocksdb.RocksDBException lock hold by current process, acquire time 1627696697 acquiring thread 140014193321728: /home/runner/work/ozone/ozone/mnt/ozone/hadoop-ozone/integration-test/target/test-dir/MiniOzoneClusterImpl-91533540-afcd-48ec-9069-9da9f7250933/omNode-2/om.db/LOCK: No locks available; status : IOError; message : lock hold by current process, acquire time 1627696697 acquiring thread 140014193321728: /home/runner/work/ozone/ozone/mnt/ozone/hadoop-ozone/integration-test/target/test-dir/MiniOzoneClusterImpl-91533540-afcd-48ec-9069-9da9f7250933/omNode-2/om.db/LOCK: No locks available
	at org.apache.hadoop.hdds.utils.HddsServerUtil.toIOException(HddsServerUtil.java:564)
	at org.apache.hadoop.hdds.utils.db.RDBStore.<init>(RDBStore.java:164)
	at org.apache.hadoop.hdds.utils.db.DBStoreBuilder.build(DBStoreBuilder.java:191)
	at org.apache.hadoop.ozone.om.OmMetadataManagerImpl.loadDB(OmMetadataManagerImpl.java:397)
	at org.apache.hadoop.ozone.om.OmMetadataManagerImpl.loadDB(OmMetadataManagerImpl.java:387)
	at org.apache.hadoop.ozone.om.OmMetadataManagerImpl.start(OmMetadataManagerImpl.java:379)
	at org.apache.hadoop.ozone.om.OmMetadataManagerImpl.<init>(OmMetadataManagerImpl.java:246)
	at org.apache.hadoop.ozone.om.OzoneManager.instantiateServices(OzoneManager.java:579)
	at org.apache.hadoop.ozone.om.OzoneManager.<init>(OzoneManager.java:503)
	at org.apache.hadoop.ozone.om.OzoneManager.createOm(OzoneManager.java:545)
	at org.apache.hadoop.ozone.MiniOzoneHAClusterImpl$Builder.createOMService(MiniOzoneHAClusterImpl.java:475)
	at org.apache.hadoop.ozone.MiniOzoneHAClusterImpl$Builder.build(MiniOzoneHAClusterImpl.java:386)
	at org.apache.hadoop.ozone.om.TestOzoneManagerBootstrap.setupCluster(TestOzoneManagerBootstrap.java:91)
	at org.apache.hadoop.ozone.om.TestOzoneManagerBootstrap.setupCluster(TestOzoneManagerBootstrap.java:80)
	at org.apache.hadoop.ozone.om.TestOzoneManagerBootstrap.testBootstrapTwoNewOMs(TestOzoneManagerBootstrap.java:179)
	at sun.reflect.NativeMethodAccessorImpl.invoke0(Native Method)
	at sun.reflect.NativeMethodAccessorImpl.invoke(NativeMethodAccessorImpl.java:62)
	at sun.reflect.DelegatingMethodAccessorImpl.invoke(DelegatingMethodAccessorImpl.java:43)
	at java.lang.reflect.Method.invoke(Method.java:498)
	at org.junit.runners.model.FrameworkMethod$1.runReflectiveCall(FrameworkMethod.java:59)
	at org.junit.internal.runners.model.ReflectiveCallable.run(ReflectiveCallable.java:12)
	at org.junit.runners.model.FrameworkMethod.invokeExplosively(FrameworkMethod.java:56)
	at org.junit.internal.runners.statements.InvokeMethod.evaluate(InvokeMethod.java:17)
	at org.junit.internal.runners.statements.RunAfters.evaluate(RunAfters.java:27)
	at org.junit.rules.ExpectedException$ExpectedExceptionStatement.evaluate(ExpectedException.java:258)
	at org.junit.internal.runners.statements.FailOnTimeout$CallableStatement.call(FailOnTimeout.java:288)
	at org.junit.internal.runners.statements.FailOnTimeout$CallableStatement.call(FailOnTimeout.java:282)
	at java.util.concurrent.FutureTask.run(FutureTask.java:266)
	at java.lang.Thread.run(Thread.java:748)
Caused by: org.rocksdb.RocksDBException: lock hold by current process, acquire time 1627696697 acquiring thread 140014193321728: /home/runner/work/ozone/ozone/mnt/ozone/hadoop-ozone/integration-test/target/test-dir/MiniOzoneClusterImpl-91533540-afcd-48ec-9069-9da9f7250933/omNode-2/om.db/LOCK: No locks available
	at org.rocksdb.RocksDB.open(Native Method)
	at org.rocksdb.RocksDB.open(RocksDB.java:306)
	at org.apache.hadoop.hdds.utils.db.RDBStore.<init>(RDBStore.java:119)
	... 27 more
]]></error>
    <system-out><![CDATA[2021-07-31 01:58:01,160 [Time-limited test] WARN  server.ServerUtils (ServerUtils.java:getScmDbDir(148)) - ozone.scm.db.dirs is not configured. We recommend adding this setting. Falling back to ozone.metadata.dirs instead.
2021-07-31 01:58:01,186 [Time-limited test] INFO  ha.SCMHANodeDetails (SCMHANodeDetails.java:loadSCMHAConfig(157)) - ServiceID for StorageContainerManager is scmServiceId
2021-07-31 01:58:01,187 [Time-limited test] INFO  ha.SCMHANodeDetails (SCMHANodeDetails.java:loadSCMHAConfig(168)) - ServiceID for StorageContainerManager is scmServiceId
2021-07-31 01:58:01,237 [Time-limited test] INFO  ha.SCMHANodeDetails (SCMHANodeDetails.java:loadSCMHAConfig(250)) - Found matching SCM address with SCMServiceId: scmServiceId, SCMNodeId: scmNode-1, RPC Address: localhost:12152 and Ratis port: 12152
2021-07-31 01:58:01,237 [Time-limited test] INFO  ha.SCMHANodeDetails (ConfUtils.java:setNodeSpecificConfigs(108)) - Setting configuration key ozone.scm.datanode.address with value of key ozone.scm.datanode.address.scmServiceId.scmNode-1: 127.0.0.1:12153
2021-07-31 01:58:01,237 [Time-limited test] INFO  ha.SCMHANodeDetails (ConfUtils.java:setNodeSpecificConfigs(108)) - Setting configuration key ozone.scm.block.client.address with value of key ozone.scm.block.client.address.scmServiceId.scmNode-1: 127.0.0.1:12154
2021-07-31 01:58:01,237 [Time-limited test] INFO  ha.SCMHANodeDetails (ConfUtils.java:setNodeSpecificConfigs(108)) - Setting configuration key ozone.scm.client.address with value of key ozone.scm.client.address.scmServiceId.scmNode-1: 127.0.0.1:12155
2021-07-31 01:58:01,238 [Time-limited test] INFO  ha.SCMHANodeDetails (ConfUtils.java:setNodeSpecificConfigs(108)) - Setting configuration key ozone.scm.ratis.port with value of key ozone.scm.ratis.port.scmServiceId.scmNode-1: 12152
2021-07-31 01:58:01,238 [Time-limited test] INFO  ha.SCMHANodeDetails (ConfUtils.java:setNodeSpecificConfigs(108)) - Setting configuration key ozone.scm.grpc.port with value of key ozone.scm.grpc.port.scmServiceId.scmNode-1: 12156
2021-07-31 01:58:01,238 [Time-limited test] INFO  ha.SCMHANodeDetails (ConfUtils.java:setNodeSpecificConfigs(108)) - Setting configuration key ozone.scm.http-address with value of key ozone.scm.http-address.scmServiceId.scmNode-1: 127.0.0.1:12150
2021-07-31 01:58:01,238 [Time-limited test] INFO  ha.SCMHANodeDetails (ConfUtils.java:setNodeSpecificConfigs(108)) - Setting configuration key ozone.scm.https-address with value of key ozone.scm.https-address.scmServiceId.scmNode-1: 127.0.0.1:12151
2021-07-31 01:58:01,238 [Time-limited test] INFO  ha.SCMHANodeDetails (ConfUtils.java:setNodeSpecificConfigs(108)) - Setting configuration key ozone.scm.address with value of key ozone.scm.address.scmServiceId.scmNode-1: 127.0.0.1
2021-07-31 01:58:01,245 [Time-limited test] WARN  scm.ScmUtils (ScmUtils.java:logWarn(179)) - ConfigKey ozone.scm.block.client.address is deprecated, For configuring different ports for each SCM use PortConfigKey ozone.scm.block.client.port appended with serviceId and nodeId. If want to configure same port configure ozone.scm.block.client.port
2021-07-31 01:58:01,245 [Time-limited test] WARN  scm.ScmUtils (ScmUtils.java:logWarn(179)) - ConfigKey ozone.scm.client.address is deprecated, For configuring different ports for each SCM use PortConfigKey ozone.scm.client.port appended with serviceId and nodeId. If want to configure same port configure ozone.scm.client.port
2021-07-31 01:58:01,245 [Time-limited test] WARN  scm.ScmUtils (ScmUtils.java:logWarn(179)) - ConfigKey ozone.scm.datanode.address is deprecated, For configuring different ports for each SCM use PortConfigKey ozone.scm.datanode.port appended with serviceId and nodeId. If want to configure same port configure ozone.scm.datanode.port
2021-07-31 01:58:01,320 [Time-limited test] INFO  server.RaftServer (ConfUtils.java:logGet(44)) - raft.rpc.type = GRPC (default)
2021-07-31 01:58:01,374 [Time-limited test] INFO  grpc.GrpcFactory (GrpcFactory.java:checkPooledByteBufAllocatorUseCacheForAllThreads(48)) - PERFORMANCE WARNING: useCacheForAllThreads is true that may cause Netty to create a lot garbage objects and, as a result, trigger GC.
	It is recommended to disable useCacheForAllThreads by setting -Dorg.apache.ratis.thirdparty.io.netty.allocator.useCacheForAllThreads=false in command line.
2021-07-31 01:58:01,381 [Time-limited test] INFO  grpc.GrpcConfigKeys (ConfUtils.java:logGet(44)) - raft.grpc.admin.port = -1 (default)
2021-07-31 01:58:01,382 [Time-limited test] INFO  grpc.GrpcConfigKeys (ConfUtils.java:logGet(44)) - raft.grpc.server.port = 12152 (custom)
2021-07-31 01:58:01,382 [Time-limited test] INFO  grpc.GrpcConfigKeys (ConfUtils.java:logGet(44)) - raft.grpc.client.port = -1 (default)
2021-07-31 01:58:01,383 [Time-limited test] INFO  grpc.GrpcConfigKeys (ConfUtils.java:logGet(44)) - raft.grpc.server.port = 12152 (custom)
2021-07-31 01:58:01,383 [Time-limited test] INFO  grpc.GrpcConfigKeys (ConfUtils.java:logGet(44)) - raft.grpc.server.port = 12152 (custom)
2021-07-31 01:58:01,384 [Time-limited test] INFO  server.GrpcService (ConfUtils.java:logGet(44)) - raft.grpc.message.size.max = 32m (=33554432) (custom)
2021-07-31 01:58:01,385 [Time-limited test] INFO  server.RaftServerConfigKeys (ConfUtils.java:logGet(44)) - raft.server.log.appender.buffer.byte-limit = 33554432 (custom)
2021-07-31 01:58:01,386 [Time-limited test] INFO  server.GrpcService (ConfUtils.java:logGet(44)) - raft.grpc.flow.control.window = 1MB (=1048576) (default)
2021-07-31 01:58:01,386 [Time-limited test] INFO  server.RaftServerConfigKeys (ConfUtils.java:logGet(44)) - raft.server.rpc.request.timeout = 30000ms (custom)
2021-07-31 01:58:01,604 [Time-limited test] INFO  impl.DataStreamServerImpl (ConfUtils.java:logGet(44)) - raft.datastream.type = DISABLED (default)
2021-07-31 01:58:01,606 [Time-limited test] INFO  server.RaftServerConfigKeys (ConfUtils.java:logGet(44)) - raft.server.rpc.slowness.timeout = 120000ms (custom)
2021-07-31 01:58:01,606 [Time-limited test] INFO  server.RaftServerConfigKeys (ConfUtils.java:logGet(44)) - raft.server.leaderelection.leader.step-down.wait-time = 10s (default)
2021-07-31 01:58:01,615 [Time-limited test] INFO  server.RaftServerConfigKeys (ConfUtils.java:logGet(44)) - raft.server.storage.dir = [/home/runner/work/ozone/ozone/mnt/ozone/hadoop-ozone/integration-test/target/test-dir/MiniOzoneClusterImpl-91533540-afcd-48ec-9069-9da9f7250933/scmNode-1/scm-ha] (custom)
2021-07-31 01:58:01,620 [Time-limited test] INFO  server.RaftServer (RaftServerProxy.java:addNew(95)) - 7261fad6-4131-4fd3-972d-ac23c41d1bf5: addNew group-9DA9F7250933:[7261fad6-4131-4fd3-972d-ac23c41d1bf5|rpc:localhost:12152|priority:0] returns group-9DA9F7250933:java.util.concurrent.CompletableFuture@25ecef9[Not completed]
2021-07-31 01:58:01,639 [pool-1-thread-1] INFO  server.RaftServer$Division (RaftServerImpl.java:<init>(181)) - 7261fad6-4131-4fd3-972d-ac23c41d1bf5: new RaftServerImpl for group-9DA9F7250933:[7261fad6-4131-4fd3-972d-ac23c41d1bf5|rpc:localhost:12152|priority:0] with SCMStateMachine:uninitialized
2021-07-31 01:58:01,642 [pool-1-thread-1] INFO  server.RaftServerConfigKeys (ConfUtils.java:logGet(44)) - raft.server.rpc.timeout.min = 5000ms (custom)
2021-07-31 01:58:01,642 [pool-1-thread-1] INFO  server.RaftServerConfigKeys (ConfUtils.java:logGet(44)) - raft.server.rpc.timeout.max = 5200ms (custom)
2021-07-31 01:58:01,642 [pool-1-thread-1] INFO  server.RaftServerConfigKeys (ConfUtils.java:logGet(44)) - raft.server.rpc.sleep.time = 25ms (default)
2021-07-31 01:58:01,642 [pool-1-thread-1] INFO  server.RaftServerConfigKeys (ConfUtils.java:logGet(44)) - raft.server.rpc.slowness.timeout = 120000ms (custom)
2021-07-31 01:58:01,642 [pool-1-thread-1] INFO  server.RaftServerConfigKeys (ConfUtils.java:logGet(44)) - raft.server.leaderelection.leader.step-down.wait-time = 10s (default)
2021-07-31 01:58:01,642 [pool-1-thread-1] INFO  server.RaftServerConfigKeys (ConfUtils.java:logGet(44)) - raft.server.sleep.deviation.threshold = 300ms (default)
2021-07-31 01:58:01,643 [pool-1-thread-1] INFO  server.RaftServerConfigKeys (ConfUtils.java:logGet(44)) - raft.server.log.appender.install.snapshot.enabled = false (custom)
2021-07-31 01:58:01,648 [pool-1-thread-1] INFO  server.RaftServer$Division (ServerState.java:<init>(105)) - 7261fad6-4131-4fd3-972d-ac23c41d1bf5@group-9DA9F7250933: ConfigurationManager, init=-1: [7261fad6-4131-4fd3-972d-ac23c41d1bf5|rpc:localhost:12152|priority:0], old=null, confs=<EMPTY_MAP>
2021-07-31 01:58:01,648 [pool-1-thread-1] INFO  server.RaftServerConfigKeys (ConfUtils.java:logGet(44)) - raft.server.storage.dir = [/home/runner/work/ozone/ozone/mnt/ozone/hadoop-ozone/integration-test/target/test-dir/MiniOzoneClusterImpl-91533540-afcd-48ec-9069-9da9f7250933/scmNode-1/scm-ha] (custom)
2021-07-31 01:58:01,652 [pool-1-thread-1] INFO  server.RaftServerConfigKeys (ConfUtils.java:logGet(44)) - raft.server.log.corruption.policy = EXCEPTION (default)
2021-07-31 01:58:01,652 [pool-1-thread-1] INFO  server.RaftServerConfigKeys (ConfUtils.java:logGet(44)) - raft.server.storage.free-space.min = 0MB (=0) (default)
2021-07-31 01:58:01,654 [pool-1-thread-1] INFO  storage.RaftStorageDirectory (RaftStorageDirectoryImpl.java:analyzeStorage(135)) - The storage directory /home/runner/work/ozone/ozone/mnt/ozone/hadoop-ozone/integration-test/target/test-dir/MiniOzoneClusterImpl-91533540-afcd-48ec-9069-9da9f7250933/scmNode-1/scm-ha/91533540-afcd-48ec-9069-9da9f7250933 does not exist. Creating ...
2021-07-31 01:58:01,659 [pool-1-thread-1] INFO  storage.RaftStorageDirectory (RaftStorageDirectoryImpl.java:tryLock(230)) - Lock on /home/runner/work/ozone/ozone/mnt/ozone/hadoop-ozone/integration-test/target/test-dir/MiniOzoneClusterImpl-91533540-afcd-48ec-9069-9da9f7250933/scmNode-1/scm-ha/91533540-afcd-48ec-9069-9da9f7250933/in_use.lock acquired by nodename 10685@fv-az195-43
2021-07-31 01:58:01,665 [pool-1-thread-1] INFO  storage.RaftStorage (RaftStorageImpl.java:format(89)) - Storage directory /home/runner/work/ozone/ozone/mnt/ozone/hadoop-ozone/integration-test/target/test-dir/MiniOzoneClusterImpl-91533540-afcd-48ec-9069-9da9f7250933/scmNode-1/scm-ha/91533540-afcd-48ec-9069-9da9f7250933 has been successfully formatted.
2021-07-31 01:58:01,668 [pool-1-thread-1] INFO  server.RaftServerConfigKeys (ConfUtils.java:logGet(44)) - raft.server.notification.no-leader.timeout = 60s (default)
2021-07-31 01:58:01,670 [pool-1-thread-1] INFO  server.RaftServerConfigKeys (ConfUtils.java:logGet(44)) - raft.server.log.use.memory = false (default)
2021-07-31 01:58:01,677 [pool-1-thread-1] INFO  server.RaftServerConfigKeys (ConfUtils.java:logGet(44)) - raft.server.log.purge.gap = 1000000 (custom)
2021-07-31 01:58:01,677 [pool-1-thread-1] INFO  server.RaftServerConfigKeys (ConfUtils.java:logGet(44)) - raft.server.log.appender.buffer.byte-limit = 33554432 (custom)
2021-07-31 01:58:01,684 [pool-1-thread-1] INFO  metrics.MetricRegistries (MetricRegistriesLoader.java:load(64)) - Loaded MetricRegistries class org.apache.ratis.metrics.impl.MetricRegistriesImpl
2021-07-31 01:58:01,745 [pool-1-thread-1] INFO  server.RaftServerConfigKeys (ConfUtils.java:logGet(44)) - raft.server.log.segment.size.max = 16384 (custom)
2021-07-31 01:58:01,752 [pool-1-thread-1] INFO  server.RaftServerConfigKeys (ConfUtils.java:logGet(44)) - raft.server.log.segment.cache.num.max = 2 (custom)
2021-07-31 01:58:01,752 [pool-1-thread-1] INFO  server.RaftServerConfigKeys (ConfUtils.java:logGet(44)) - raft.server.log.segment.cache.size.max = 200MB (=209715200) (default)
2021-07-31 01:58:01,757 [pool-1-thread-1] INFO  segmented.SegmentedRaftLogWorker (SegmentedRaftLogWorker.java:<init>(182)) - new 7261fad6-4131-4fd3-972d-ac23c41d1bf5@group-9DA9F7250933-SegmentedRaftLogWorker for RaftStorageImpl:Storage Directory /home/runner/work/ozone/ozone/mnt/ozone/hadoop-ozone/integration-test/target/test-dir/MiniOzoneClusterImpl-91533540-afcd-48ec-9069-9da9f7250933/scmNode-1/scm-ha/91533540-afcd-48ec-9069-9da9f7250933
2021-07-31 01:58:01,758 [pool-1-thread-1] INFO  server.RaftServerConfigKeys (ConfUtils.java:logGet(44)) - raft.server.log.queue.byte-limit = 64MB (=67108864) (default)
2021-07-31 01:58:01,758 [pool-1-thread-1] INFO  server.RaftServerConfigKeys (ConfUtils.java:logGet(44)) - raft.server.log.queue.element-limit = 4096 (default)
2021-07-31 01:58:01,759 [pool-1-thread-1] INFO  server.RaftServerConfigKeys (ConfUtils.java:logGet(44)) - raft.server.log.segment.size.max = 16384 (custom)
2021-07-31 01:58:01,759 [pool-1-thread-1] INFO  server.RaftServerConfigKeys (ConfUtils.java:logGet(44)) - raft.server.log.preallocated.size = 16384 (custom)
2021-07-31 01:58:01,760 [pool-1-thread-1] INFO  server.RaftServerConfigKeys (ConfUtils.java:logGet(44)) - raft.server.log.force.sync.num = 128 (default)
2021-07-31 01:58:01,761 [pool-1-thread-1] INFO  server.RaftServerConfigKeys (ConfUtils.java:logGet(44)) - raft.server.log.statemachine.data.sync = true (default)
2021-07-31 01:58:01,761 [pool-1-thread-1] INFO  server.RaftServerConfigKeys (ConfUtils.java:logGet(44)) - raft.server.log.statemachine.data.sync.timeout = 10s (default)
2021-07-31 01:58:01,762 [pool-1-thread-1] INFO  server.RaftServerConfigKeys (ConfUtils.java:logGet(44)) - raft.server.log.statemachine.data.sync.timeout.retry = -1 (default)
2021-07-31 01:58:01,769 [pool-1-thread-1] INFO  server.RaftServerConfigKeys (ConfUtils.java:logGet(44)) - raft.server.log.write.buffer.size = 64KB (=65536) (default)
2021-07-31 01:58:01,769 [pool-1-thread-1] INFO  server.RaftServerConfigKeys (ConfUtils.java:logGet(44)) - raft.server.log.statemachine.data.caching.enabled = false (default)
2021-07-31 01:58:01,775 [pool-1-thread-1] INFO  segmented.SegmentedRaftLogWorker (SegmentedRaftLogWorker.java:lambda$new$0(133)) - 7261fad6-4131-4fd3-972d-ac23c41d1bf5@group-9DA9F7250933-SegmentedRaftLogWorker: flushIndex: setUnconditionally 0 -> -1
2021-07-31 01:58:01,775 [pool-1-thread-1] INFO  segmented.SegmentedRaftLogWorker (SegmentedRaftLogWorker.java:lambda$new$0(133)) - 7261fad6-4131-4fd3-972d-ac23c41d1bf5@group-9DA9F7250933-SegmentedRaftLogWorker: safeCacheEvictIndex: setUnconditionally 0 -> -1
2021-07-31 01:58:01,778 [pool-1-thread-1] INFO  server.RaftServerConfigKeys (ConfUtils.java:logGet(44)) - raft.server.snapshot.auto.trigger.enabled = true (custom)
2021-07-31 01:58:01,779 [pool-1-thread-1] INFO  server.RaftServerConfigKeys (ConfUtils.java:logGet(44)) - raft.server.snapshot.auto.trigger.threshold = 1000 (custom)
2021-07-31 01:58:01,780 [pool-1-thread-1] INFO  server.RaftServerConfigKeys (ConfUtils.java:logGet(44)) - raft.server.snapshot.retention.file.num = -1 (default)
2021-07-31 01:58:01,780 [pool-1-thread-1] INFO  server.RaftServerConfigKeys (ConfUtils.java:logGet(44)) - raft.server.log.purge.upto.snapshot.index = false (default)
2021-07-31 01:58:01,781 [pool-1-thread-1] INFO  server.RaftServerConfigKeys (ConfUtils.java:logGet(44)) - raft.server.retrycache.expirytime = 60000ms (default)
2021-07-31 01:58:01,781 [pool-1-thread-1] INFO  server.RaftServerConfigKeys (ConfUtils.java:logGet(44)) - raft.server.retrycache.statistics.expirytime = 100μs (default)
2021-07-31 01:58:01,806 [Time-limited test] INFO  server.RaftServer$Division (RaftServerImpl.java:start(296)) - 7261fad6-4131-4fd3-972d-ac23c41d1bf5@group-9DA9F7250933: start as a follower, conf=-1: [7261fad6-4131-4fd3-972d-ac23c41d1bf5|rpc:localhost:12152|priority:0], old=null
2021-07-31 01:58:01,807 [Time-limited test] INFO  server.RaftServer$Division (RaftServerImpl.java:setRole(285)) - 7261fad6-4131-4fd3-972d-ac23c41d1bf5@group-9DA9F7250933: changes role from      null to FOLLOWER at term 0 for startAsFollower
2021-07-31 01:58:01,808 [Time-limited test] INFO  impl.RoleInfo (RoleInfo.java:updateAndGet(130)) - 7261fad6-4131-4fd3-972d-ac23c41d1bf5: start 7261fad6-4131-4fd3-972d-ac23c41d1bf5@group-9DA9F7250933-FollowerState
2021-07-31 01:58:01,813 [Time-limited test] INFO  util.JmxRegister (JmxRegister.java:tryRegister(44)) - Successfully registered JMX Bean with object name Ratis:service=RaftServer,group=group-9DA9F7250933,id=7261fad6-4131-4fd3-972d-ac23c41d1bf5
2021-07-31 01:58:01,816 [Time-limited test] INFO  server.RaftServer (RaftServerProxy.java:lambda$start$5(374)) - 7261fad6-4131-4fd3-972d-ac23c41d1bf5: start RPC server
2021-07-31 01:58:01,852 [Time-limited test] INFO  server.GrpcService (GrpcService.java:startImpl(253)) - 7261fad6-4131-4fd3-972d-ac23c41d1bf5: GrpcService started, listening on 12152
2021-07-31 01:58:01,853 [org.apache.ratis.util.JvmPauseMonitor$$Lambda$430/1260111579@36aafb10] INFO  util.JvmPauseMonitor (JvmPauseMonitor.java:run(103)) - JvmPauseMonitor-7261fad6-4131-4fd3-972d-ac23c41d1bf5: Started
2021-07-31 01:58:06,925 [7261fad6-4131-4fd3-972d-ac23c41d1bf5@group-9DA9F7250933-FollowerState] INFO  impl.FollowerState (FollowerState.java:run(134)) - 7261fad6-4131-4fd3-972d-ac23c41d1bf5@group-9DA9F7250933-FollowerState: change to CANDIDATE, lastRpcElapsedTime:5117189796ns, electionTimeout:5108ms
2021-07-31 01:58:06,926 [7261fad6-4131-4fd3-972d-ac23c41d1bf5@group-9DA9F7250933-FollowerState] INFO  impl.RoleInfo (RoleInfo.java:shutdownFollowerState(108)) - 7261fad6-4131-4fd3-972d-ac23c41d1bf5: shutdown 7261fad6-4131-4fd3-972d-ac23c41d1bf5@group-9DA9F7250933-FollowerState
2021-07-31 01:58:06,927 [7261fad6-4131-4fd3-972d-ac23c41d1bf5@group-9DA9F7250933-FollowerState] INFO  server.RaftServer$Division (RaftServerImpl.java:setRole(285)) - 7261fad6-4131-4fd3-972d-ac23c41d1bf5@group-9DA9F7250933: changes role from  FOLLOWER to CANDIDATE at term 0 for changeToCandidate
2021-07-31 01:58:06,929 [7261fad6-4131-4fd3-972d-ac23c41d1bf5@group-9DA9F7250933-FollowerState] INFO  server.RaftServerConfigKeys (ConfUtils.java:logGet(44)) - raft.server.leaderelection.pre-vote = false (custom)
2021-07-31 01:58:06,929 [7261fad6-4131-4fd3-972d-ac23c41d1bf5@group-9DA9F7250933-FollowerState] INFO  impl.RoleInfo (RoleInfo.java:updateAndGet(130)) - 7261fad6-4131-4fd3-972d-ac23c41d1bf5: start 7261fad6-4131-4fd3-972d-ac23c41d1bf5@group-9DA9F7250933-LeaderElection1
2021-07-31 01:58:06,933 [7261fad6-4131-4fd3-972d-ac23c41d1bf5@group-9DA9F7250933-LeaderElection1] INFO  impl.LeaderElection (LeaderElection.java:askForVotes(306)) - 7261fad6-4131-4fd3-972d-ac23c41d1bf5@group-9DA9F7250933-LeaderElection1 ELECTION round 0: submit vote requests at term 1 for -1: [7261fad6-4131-4fd3-972d-ac23c41d1bf5|rpc:localhost:12152|priority:0], old=null
2021-07-31 01:58:06,934 [7261fad6-4131-4fd3-972d-ac23c41d1bf5@group-9DA9F7250933-LeaderElection1] INFO  impl.LeaderElection (LeaderElection.java:askForVotes(308)) - 7261fad6-4131-4fd3-972d-ac23c41d1bf5@group-9DA9F7250933-LeaderElection1 ELECTION round 0: result PASSED (term=1)
2021-07-31 01:58:06,935 [7261fad6-4131-4fd3-972d-ac23c41d1bf5@group-9DA9F7250933-LeaderElection1] INFO  impl.RoleInfo (RoleInfo.java:shutdownLeaderElection(121)) - 7261fad6-4131-4fd3-972d-ac23c41d1bf5: shutdown 7261fad6-4131-4fd3-972d-ac23c41d1bf5@group-9DA9F7250933-LeaderElection1
2021-07-31 01:58:06,935 [7261fad6-4131-4fd3-972d-ac23c41d1bf5@group-9DA9F7250933-LeaderElection1] INFO  server.RaftServer$Division (RaftServerImpl.java:setRole(285)) - 7261fad6-4131-4fd3-972d-ac23c41d1bf5@group-9DA9F7250933: changes role from CANDIDATE to LEADER at term 1 for changeToLeader
2021-07-31 01:58:06,935 [7261fad6-4131-4fd3-972d-ac23c41d1bf5@group-9DA9F7250933-LeaderElection1] INFO  server.RaftServer$Division (ServerState.java:setLeader(285)) - 7261fad6-4131-4fd3-972d-ac23c41d1bf5@group-9DA9F7250933: change Leader from null to 7261fad6-4131-4fd3-972d-ac23c41d1bf5 at term 1 for becomeLeader, leader elected after 5267ms
2021-07-31 01:58:06,940 [7261fad6-4131-4fd3-972d-ac23c41d1bf5@group-9DA9F7250933-LeaderElection1] INFO  server.RaftServerConfigKeys (ConfUtils.java:logGet(44)) - raft.server.staging.catchup.gap = 1000 (default)
2021-07-31 01:58:06,944 [7261fad6-4131-4fd3-972d-ac23c41d1bf5@group-9DA9F7250933-LeaderElection1] INFO  server.RaftServerConfigKeys (ConfUtils.java:logGet(44)) - raft.server.write.element-limit = 4096 (default)
2021-07-31 01:58:06,945 [7261fad6-4131-4fd3-972d-ac23c41d1bf5@group-9DA9F7250933-LeaderElection1] INFO  server.RaftServerConfigKeys (ConfUtils.java:logGet(44)) - raft.server.write.byte-limit = 64MB (=67108864) (default)
2021-07-31 01:58:06,950 [7261fad6-4131-4fd3-972d-ac23c41d1bf5@group-9DA9F7250933-LeaderElection1] INFO  server.RaftServerConfigKeys (ConfUtils.java:logGet(44)) - raft.server.watch.timeout = 10s (default)
2021-07-31 01:58:06,950 [7261fad6-4131-4fd3-972d-ac23c41d1bf5@group-9DA9F7250933-LeaderElection1] INFO  server.RaftServerConfigKeys (ConfUtils.java:logGet(44)) - raft.server.watch.timeout.denomination = 1s (default)
2021-07-31 01:58:06,951 [7261fad6-4131-4fd3-972d-ac23c41d1bf5@group-9DA9F7250933-LeaderElection1] INFO  server.RaftServerConfigKeys (ConfUtils.java:logGet(44)) - raft.server.watch.element-limit = 65536 (default)
2021-07-31 01:58:06,955 [7261fad6-4131-4fd3-972d-ac23c41d1bf5@group-9DA9F7250933-LeaderElection1] INFO  impl.RoleInfo (RoleInfo.java:updateAndGet(130)) - 7261fad6-4131-4fd3-972d-ac23c41d1bf5: start 7261fad6-4131-4fd3-972d-ac23c41d1bf5@group-9DA9F7250933-LeaderStateImpl
2021-07-31 01:58:06,974 [7261fad6-4131-4fd3-972d-ac23c41d1bf5@group-9DA9F7250933-LeaderElection1] INFO  segmented.SegmentedRaftLogWorker (SegmentedRaftLogWorker.java:startLogSegment(394)) - 7261fad6-4131-4fd3-972d-ac23c41d1bf5@group-9DA9F7250933-SegmentedRaftLogWorker: Starting segment from index:0
2021-07-31 01:58:06,995 [7261fad6-4131-4fd3-972d-ac23c41d1bf5@group-9DA9F7250933-LeaderElection1] INFO  server.RaftServer$Division (ServerState.java:setRaftConf(387)) - 7261fad6-4131-4fd3-972d-ac23c41d1bf5@group-9DA9F7250933: set configuration 0: [7261fad6-4131-4fd3-972d-ac23c41d1bf5|rpc:localhost:12152|admin:|client:|dataStream:|priority:0], old=null
2021-07-31 01:58:07,050 [7261fad6-4131-4fd3-972d-ac23c41d1bf5@group-9DA9F7250933-SegmentedRaftLogWorker] INFO  segmented.SegmentedRaftLogWorker (SegmentedRaftLogWorker.java:execute(601)) - 7261fad6-4131-4fd3-972d-ac23c41d1bf5@group-9DA9F7250933-SegmentedRaftLogWorker: created new log segment /home/runner/work/ozone/ozone/mnt/ozone/hadoop-ozone/integration-test/target/test-dir/MiniOzoneClusterImpl-91533540-afcd-48ec-9069-9da9f7250933/scmNode-1/scm-ha/91533540-afcd-48ec-9069-9da9f7250933/current/log_inprogress_0
2021-07-31 01:58:07,856 [Time-limited test] INFO  server.RaftServer (RaftServerProxy.java:lambda$close$6(391)) - 7261fad6-4131-4fd3-972d-ac23c41d1bf5: close
2021-07-31 01:58:07,857 [Time-limited test] INFO  server.RaftServer$Division (RaftServerImpl.java:lambda$close$4(407)) - 7261fad6-4131-4fd3-972d-ac23c41d1bf5@group-9DA9F7250933: shutdown
2021-07-31 01:58:07,857 [Time-limited test] INFO  util.JmxRegister (JmxRegister.java:unregister(73)) - Successfully un-registered JMX Bean with object name Ratis:service=RaftServer,group=group-9DA9F7250933,id=7261fad6-4131-4fd3-972d-ac23c41d1bf5
2021-07-31 01:58:07,858 [Time-limited test] INFO  impl.RoleInfo (RoleInfo.java:shutdownLeaderState(91)) - 7261fad6-4131-4fd3-972d-ac23c41d1bf5: shutdown 7261fad6-4131-4fd3-972d-ac23c41d1bf5@group-9DA9F7250933-LeaderStateImpl
2021-07-31 01:58:07,863 [Time-limited test] INFO  impl.PendingRequests (PendingRequests.java:sendNotLeaderResponses(249)) - 7261fad6-4131-4fd3-972d-ac23c41d1bf5@group-9DA9F7250933-PendingRequests: sendNotLeaderResponses
2021-07-31 01:58:07,868 [7261fad6-4131-4fd3-972d-ac23c41d1bf5@group-9DA9F7250933-StateMachineUpdater] INFO  impl.StateMachineUpdater (StateMachineUpdater.java:takeSnapshot(281)) - 7261fad6-4131-4fd3-972d-ac23c41d1bf5@group-9DA9F7250933-StateMachineUpdater: Took a snapshot at index 0
2021-07-31 01:58:07,869 [7261fad6-4131-4fd3-972d-ac23c41d1bf5@group-9DA9F7250933-StateMachineUpdater] INFO  impl.StateMachineUpdater (StateMachineUpdater.java:lambda$new$0(89)) - 7261fad6-4131-4fd3-972d-ac23c41d1bf5@group-9DA9F7250933-StateMachineUpdater: snapshotIndex: updateIncreasingly -1 -> 0
2021-07-31 01:58:07,871 [Time-limited test] INFO  impl.StateMachineUpdater (StateMachineUpdater.java:stopAndJoin(149)) - 7261fad6-4131-4fd3-972d-ac23c41d1bf5@group-9DA9F7250933-StateMachineUpdater: set stopIndex = 0
2021-07-31 01:58:07,871 [Time-limited test] INFO  server.RaftServer$Division (ServerState.java:close(419)) - 7261fad6-4131-4fd3-972d-ac23c41d1bf5@group-9DA9F7250933: closes. applyIndex: 0
2021-07-31 01:58:07,872 [7261fad6-4131-4fd3-972d-ac23c41d1bf5@group-9DA9F7250933-SegmentedRaftLogWorker] INFO  segmented.SegmentedRaftLogWorker (SegmentedRaftLogWorker.java:run(327)) - 7261fad6-4131-4fd3-972d-ac23c41d1bf5@group-9DA9F7250933-SegmentedRaftLogWorker was interrupted, exiting. There are 0 tasks remaining in the queue.
2021-07-31 01:58:07,873 [Time-limited test] INFO  segmented.SegmentedRaftLogWorker (SegmentedRaftLogWorker.java:close(237)) - 7261fad6-4131-4fd3-972d-ac23c41d1bf5@group-9DA9F7250933-SegmentedRaftLogWorker close()
2021-07-31 01:58:07,874 [Time-limited test] INFO  server.GrpcService (GrpcService.java:closeImpl(262)) - 7261fad6-4131-4fd3-972d-ac23c41d1bf5: shutdown server with port 12152 now
2021-07-31 01:58:07,878 [Time-limited test] INFO  server.GrpcService (GrpcService.java:closeImpl(271)) - 7261fad6-4131-4fd3-972d-ac23c41d1bf5: shutdown server with port 12152 successfully
2021-07-31 01:58:07,879 [org.apache.ratis.util.JvmPauseMonitor$$Lambda$430/1260111579@36aafb10] INFO  util.JvmPauseMonitor (JvmPauseMonitor.java:run(109)) - JvmPauseMonitor-7261fad6-4131-4fd3-972d-ac23c41d1bf5: Stopped
2021-07-31 01:58:07,879 [Time-limited test] WARN  server.ServerUtils (ServerUtils.java:getScmDbDir(148)) - ozone.scm.db.dirs is not configured. We recommend adding this setting. Falling back to ozone.metadata.dirs instead.
2021-07-31 01:58:07,881 [Time-limited test] INFO  server.StorageContainerManager (StorageContainerManager.java:scmInit(1018)) - SCM initialization succeeded. Current cluster id for sd=/home/runner/work/ozone/ozone/mnt/ozone/hadoop-ozone/integration-test/target/test-dir/MiniOzoneClusterImpl-91533540-afcd-48ec-9069-9da9f7250933/scmNode-1/scm; cid=91533540-afcd-48ec-9069-9da9f7250933; layoutVersion=2; scmId=7261fad6-4131-4fd3-972d-ac23c41d1bf5
2021-07-31 01:58:07,888 [Time-limited test] INFO  ha.SCMHANodeDetails (SCMHANodeDetails.java:loadSCMHAConfig(157)) - ServiceID for StorageContainerManager is scmServiceId
2021-07-31 01:58:07,888 [Time-limited test] INFO  ha.SCMHANodeDetails (SCMHANodeDetails.java:loadSCMHAConfig(168)) - ServiceID for StorageContainerManager is scmServiceId
2021-07-31 01:58:07,889 [Time-limited test] INFO  ha.SCMHANodeDetails (SCMHANodeDetails.java:loadSCMHAConfig(250)) - Found matching SCM address with SCMServiceId: scmServiceId, SCMNodeId: scmNode-1, RPC Address: localhost:12152 and Ratis port: 12152
2021-07-31 01:58:07,889 [Time-limited test] INFO  ha.SCMHANodeDetails (ConfUtils.java:setNodeSpecificConfigs(108)) - Setting configuration key ozone.scm.datanode.address with value of key ozone.scm.datanode.address.scmServiceId.scmNode-1: 127.0.0.1:12153
2021-07-31 01:58:07,889 [Time-limited test] INFO  ha.SCMHANodeDetails (ConfUtils.java:setNodeSpecificConfigs(108)) - Setting configuration key ozone.scm.block.client.address with value of key ozone.scm.block.client.address.scmServiceId.scmNode-1: 127.0.0.1:12154
2021-07-31 01:58:07,889 [Time-limited test] INFO  ha.SCMHANodeDetails (ConfUtils.java:setNodeSpecificConfigs(108)) - Setting configuration key ozone.scm.client.address with value of key ozone.scm.client.address.scmServiceId.scmNode-1: 127.0.0.1:12155
2021-07-31 01:58:07,890 [Time-limited test] INFO  ha.SCMHANodeDetails (ConfUtils.java:setNodeSpecificConfigs(108)) - Setting configuration key ozone.scm.ratis.port with value of key ozone.scm.ratis.port.scmServiceId.scmNode-1: 12152
2021-07-31 01:58:07,890 [Time-limited test] INFO  ha.SCMHANodeDetails (ConfUtils.java:setNodeSpecificConfigs(108)) - Setting configuration key ozone.scm.grpc.port with value of key ozone.scm.grpc.port.scmServiceId.scmNode-1: 12156
2021-07-31 01:58:07,890 [Time-limited test] INFO  ha.SCMHANodeDetails (ConfUtils.java:setNodeSpecificConfigs(108)) - Setting configuration key ozone.scm.http-address with value of key ozone.scm.http-address.scmServiceId.scmNode-1: 127.0.0.1:12150
2021-07-31 01:58:07,890 [Time-limited test] INFO  ha.SCMHANodeDetails (ConfUtils.java:setNodeSpecificConfigs(108)) - Setting configuration key ozone.scm.https-address with value of key ozone.scm.https-address.scmServiceId.scmNode-1: 127.0.0.1:12151
2021-07-31 01:58:07,890 [Time-limited test] INFO  ha.SCMHANodeDetails (ConfUtils.java:setNodeSpecificConfigs(108)) - Setting configuration key ozone.scm.address with value of key ozone.scm.address.scmServiceId.scmNode-1: 127.0.0.1
2021-07-31 01:58:07,890 [Time-limited test] WARN  scm.ScmUtils (ScmUtils.java:logWarn(179)) - ConfigKey ozone.scm.block.client.address is deprecated, For configuring different ports for each SCM use PortConfigKey ozone.scm.block.client.port appended with serviceId and nodeId. If want to configure same port configure ozone.scm.block.client.port
2021-07-31 01:58:07,890 [Time-limited test] WARN  scm.ScmUtils (ScmUtils.java:logWarn(179)) - ConfigKey ozone.scm.client.address is deprecated, For configuring different ports for each SCM use PortConfigKey ozone.scm.client.port appended with serviceId and nodeId. If want to configure same port configure ozone.scm.client.port
2021-07-31 01:58:07,891 [Time-limited test] WARN  scm.ScmUtils (ScmUtils.java:logWarn(179)) - ConfigKey ozone.scm.datanode.address is deprecated, For configuring different ports for each SCM use PortConfigKey ozone.scm.datanode.port appended with serviceId and nodeId. If want to configure same port configure ozone.scm.datanode.port
2021-07-31 01:58:07,909 [Time-limited test] WARN  server.ServerUtils (ServerUtils.java:getScmDbDir(148)) - ozone.scm.db.dirs is not configured. We recommend adding this setting. Falling back to ozone.metadata.dirs instead.
2021-07-31 01:58:07,911 [Time-limited test] INFO  upgrade.AbstractLayoutVersionManager (AbstractLayoutVersionManager.java:init(70)) - Initializing Layout version manager with metadata layout = SCM_HA (version = 2), software layout = SCM_HA (version = 2)
2021-07-31 01:58:08,028 [Time-limited test] INFO  reflections.Reflections (Reflections.java:scan(232)) - Reflections took 95 ms to scan 7 urls, producing 120 keys and 273 values 
2021-07-31 01:58:08,403 [Time-limited test] WARN  utils.HAUtils (HAUtils.java:getMetaDir(342)) - ozone.scm.db.dirs is not configured. We recommend adding this setting. Falling back to ozone.metadata.dirs instead.
2021-07-31 01:58:08,523 [Time-limited test] WARN  db.DBStoreBuilder (DBStoreBuilder.java:applyDBDefinition(145)) - ozone.scm.db.dirs is not configured. We recommend adding this setting. Falling back to ozone.metadata.dirs instead.
2021-07-31 01:58:08,642 [Time-limited test] INFO  net.NodeSchemaLoader (NodeSchemaLoader.java:loadSchemaFromFile(129)) - Loading schema from [jar:file:/home/runner/.m2/repository/org/apache/ozone/hdds-common/1.2.0-SNAPSHOT/hdds-common-1.2.0-SNAPSHOT.jar!/network-topology-default.xml]
2021-07-31 01:58:08,643 [Time-limited test] INFO  net.NodeSchemaLoader (NodeSchemaLoader.java:loadSchema(176)) - Loading network topology layer schema file
2021-07-31 01:58:08,680 [Time-limited test] INFO  ha.SCMRatisServerImpl (SCMRatisServerImpl.java:<init>(85)) - starting Raft server for scm:7261fad6-4131-4fd3-972d-ac23c41d1bf5
2021-07-31 01:58:08,684 [Time-limited test] INFO  server.RaftServer (ConfUtils.java:logGet(44)) - raft.rpc.type = GRPC (default)
2021-07-31 01:58:08,685 [Time-limited test] INFO  grpc.GrpcFactory (GrpcFactory.java:checkPooledByteBufAllocatorUseCacheForAllThreads(48)) - PERFORMANCE WARNING: useCacheForAllThreads is true that may cause Netty to create a lot garbage objects and, as a result, trigger GC.
	It is recommended to disable useCacheForAllThreads by setting -Dorg.apache.ratis.thirdparty.io.netty.allocator.useCacheForAllThreads=false in command line.
2021-07-31 01:58:08,685 [Time-limited test] INFO  grpc.GrpcConfigKeys (ConfUtils.java:logGet(44)) - raft.grpc.admin.port = -1 (default)
2021-07-31 01:58:08,685 [Time-limited test] INFO  grpc.GrpcConfigKeys (ConfUtils.java:logGet(44)) - raft.grpc.server.port = 12152 (custom)
2021-07-31 01:58:08,685 [Time-limited test] INFO  grpc.GrpcConfigKeys (ConfUtils.java:logGet(44)) - raft.grpc.client.port = -1 (default)
2021-07-31 01:58:08,685 [Time-limited test] INFO  grpc.GrpcConfigKeys (ConfUtils.java:logGet(44)) - raft.grpc.server.port = 12152 (custom)
2021-07-31 01:58:08,685 [Time-limited test] INFO  grpc.GrpcConfigKeys (ConfUtils.java:logGet(44)) - raft.grpc.server.port = 12152 (custom)
2021-07-31 01:58:08,685 [Time-limited test] INFO  server.GrpcService (ConfUtils.java:logGet(44)) - raft.grpc.message.size.max = 32m (=33554432) (custom)
2021-07-31 01:58:08,686 [Time-limited test] INFO  server.RaftServerConfigKeys (ConfUtils.java:logGet(44)) - raft.server.log.appender.buffer.byte-limit = 33554432 (custom)
2021-07-31 01:58:08,686 [Time-limited test] INFO  server.GrpcService (ConfUtils.java:logGet(44)) - raft.grpc.flow.control.window = 1MB (=1048576) (default)
2021-07-31 01:58:08,686 [Time-limited test] INFO  server.RaftServerConfigKeys (ConfUtils.java:logGet(44)) - raft.server.rpc.request.timeout = 30000ms (custom)
2021-07-31 01:58:08,687 [Time-limited test] INFO  impl.DataStreamServerImpl (ConfUtils.java:logGet(44)) - raft.datastream.type = DISABLED (default)
2021-07-31 01:58:08,687 [Time-limited test] INFO  server.RaftServerConfigKeys (ConfUtils.java:logGet(44)) - raft.server.rpc.slowness.timeout = 120000ms (custom)
2021-07-31 01:58:08,687 [Time-limited test] INFO  server.RaftServerConfigKeys (ConfUtils.java:logGet(44)) - raft.server.leaderelection.leader.step-down.wait-time = 10s (default)
2021-07-31 01:58:08,688 [Time-limited test] INFO  server.RaftServerConfigKeys (ConfUtils.java:logGet(44)) - raft.server.storage.dir = [/home/runner/work/ozone/ozone/mnt/ozone/hadoop-ozone/integration-test/target/test-dir/MiniOzoneClusterImpl-91533540-afcd-48ec-9069-9da9f7250933/scmNode-1/scm-ha] (custom)
2021-07-31 01:58:08,688 [Time-limited test] INFO  server.RaftServer (RaftServerProxy.java:lambda$null$1(235)) - 7261fad6-4131-4fd3-972d-ac23c41d1bf5: found a subdirectory /home/runner/work/ozone/ozone/mnt/ozone/hadoop-ozone/integration-test/target/test-dir/MiniOzoneClusterImpl-91533540-afcd-48ec-9069-9da9f7250933/scmNode-1/scm-ha/91533540-afcd-48ec-9069-9da9f7250933
2021-07-31 01:58:08,689 [Time-limited test] INFO  server.RaftServer (RaftServerProxy.java:addNew(95)) - 7261fad6-4131-4fd3-972d-ac23c41d1bf5: addNew group-9DA9F7250933:[] returns group-9DA9F7250933:java.util.concurrent.CompletableFuture@6d5a4f31[Not completed]
2021-07-31 01:58:08,691 [pool-15-thread-1] INFO  server.RaftServer$Division (RaftServerImpl.java:<init>(181)) - 7261fad6-4131-4fd3-972d-ac23c41d1bf5: new RaftServerImpl for group-9DA9F7250933:[] with SCMStateMachine:uninitialized
2021-07-31 01:58:08,692 [pool-15-thread-1] INFO  server.RaftServerConfigKeys (ConfUtils.java:logGet(44)) - raft.server.rpc.timeout.min = 5000ms (custom)
2021-07-31 01:58:08,692 [pool-15-thread-1] INFO  server.RaftServerConfigKeys (ConfUtils.java:logGet(44)) - raft.server.rpc.timeout.max = 5200ms (custom)
2021-07-31 01:58:08,692 [pool-15-thread-1] INFO  server.RaftServerConfigKeys (ConfUtils.java:logGet(44)) - raft.server.rpc.sleep.time = 25ms (default)
2021-07-31 01:58:08,692 [pool-15-thread-1] INFO  server.RaftServerConfigKeys (ConfUtils.java:logGet(44)) - raft.server.rpc.slowness.timeout = 120000ms (custom)
2021-07-31 01:58:08,692 [pool-15-thread-1] INFO  server.RaftServerConfigKeys (ConfUtils.java:logGet(44)) - raft.server.leaderelection.leader.step-down.wait-time = 10s (default)
2021-07-31 01:58:08,692 [pool-15-thread-1] INFO  server.RaftServerConfigKeys (ConfUtils.java:logGet(44)) - raft.server.sleep.deviation.threshold = 300ms (default)
2021-07-31 01:58:08,692 [pool-15-thread-1] INFO  server.RaftServerConfigKeys (ConfUtils.java:logGet(44)) - raft.server.log.appender.install.snapshot.enabled = false (custom)
2021-07-31 01:58:08,692 [pool-15-thread-1] INFO  server.RaftServer$Division (ServerState.java:<init>(105)) - 7261fad6-4131-4fd3-972d-ac23c41d1bf5@group-9DA9F7250933: ConfigurationManager, init=-1: [], old=null, confs=<EMPTY_MAP>
2021-07-31 01:58:08,693 [pool-15-thread-1] INFO  server.RaftServerConfigKeys (ConfUtils.java:logGet(44)) - raft.server.storage.dir = [/home/runner/work/ozone/ozone/mnt/ozone/hadoop-ozone/integration-test/target/test-dir/MiniOzoneClusterImpl-91533540-afcd-48ec-9069-9da9f7250933/scmNode-1/scm-ha] (custom)
2021-07-31 01:58:08,693 [pool-15-thread-1] INFO  server.RaftServerConfigKeys (ConfUtils.java:logGet(44)) - raft.server.log.corruption.policy = EXCEPTION (default)
2021-07-31 01:58:08,693 [pool-15-thread-1] INFO  server.RaftServerConfigKeys (ConfUtils.java:logGet(44)) - raft.server.storage.free-space.min = 0MB (=0) (default)
2021-07-31 01:58:08,694 [pool-15-thread-1] INFO  storage.RaftStorageDirectory (RaftStorageDirectoryImpl.java:tryLock(230)) - Lock on /home/runner/work/ozone/ozone/mnt/ozone/hadoop-ozone/integration-test/target/test-dir/MiniOzoneClusterImpl-91533540-afcd-48ec-9069-9da9f7250933/scmNode-1/scm-ha/91533540-afcd-48ec-9069-9da9f7250933/in_use.lock acquired by nodename 10685@fv-az195-43
2021-07-31 01:58:08,695 [pool-15-thread-1] INFO  storage.RaftStorage (RaftStorageImpl.java:analyzeAndRecoverStorage(110)) - Read RaftStorageMetadata{term=1, votedFor=7261fad6-4131-4fd3-972d-ac23c41d1bf5} from /home/runner/work/ozone/ozone/mnt/ozone/hadoop-ozone/integration-test/target/test-dir/MiniOzoneClusterImpl-91533540-afcd-48ec-9069-9da9f7250933/scmNode-1/scm-ha/91533540-afcd-48ec-9069-9da9f7250933/current/raft-meta
2021-07-31 01:58:08,702 [pool-15-thread-1] INFO  server.RaftServer$Division (ServerState.java:setRaftConf(387)) - 7261fad6-4131-4fd3-972d-ac23c41d1bf5@group-9DA9F7250933: set configuration 0: [7261fad6-4131-4fd3-972d-ac23c41d1bf5|rpc:localhost:12152|admin:|client:|dataStream:|priority:0], old=null
2021-07-31 01:58:08,702 [pool-15-thread-1] INFO  server.RaftServerConfigKeys (ConfUtils.java:logGet(44)) - raft.server.notification.no-leader.timeout = 60s (default)
2021-07-31 01:58:08,702 [pool-15-thread-1] INFO  server.RaftServerConfigKeys (ConfUtils.java:logGet(44)) - raft.server.log.use.memory = false (default)
2021-07-31 01:58:08,702 [pool-15-thread-1] INFO  server.RaftServerConfigKeys (ConfUtils.java:logGet(44)) - raft.server.log.purge.gap = 1000000 (custom)
2021-07-31 01:58:08,702 [pool-15-thread-1] INFO  server.RaftServerConfigKeys (ConfUtils.java:logGet(44)) - raft.server.log.appender.buffer.byte-limit = 33554432 (custom)
2021-07-31 01:58:08,703 [pool-15-thread-1] INFO  server.RaftServerConfigKeys (ConfUtils.java:logGet(44)) - raft.server.log.segment.size.max = 16384 (custom)
2021-07-31 01:58:08,703 [pool-15-thread-1] INFO  server.RaftServerConfigKeys (ConfUtils.java:logGet(44)) - raft.server.log.segment.cache.num.max = 2 (custom)
2021-07-31 01:58:08,703 [pool-15-thread-1] INFO  server.RaftServerConfigKeys (ConfUtils.java:logGet(44)) - raft.server.log.segment.cache.size.max = 200MB (=209715200) (default)
2021-07-31 01:58:08,703 [pool-15-thread-1] INFO  segmented.SegmentedRaftLogWorker (SegmentedRaftLogWorker.java:<init>(182)) - new 7261fad6-4131-4fd3-972d-ac23c41d1bf5@group-9DA9F7250933-SegmentedRaftLogWorker for RaftStorageImpl:Storage Directory /home/runner/work/ozone/ozone/mnt/ozone/hadoop-ozone/integration-test/target/test-dir/MiniOzoneClusterImpl-91533540-afcd-48ec-9069-9da9f7250933/scmNode-1/scm-ha/91533540-afcd-48ec-9069-9da9f7250933
2021-07-31 01:58:08,703 [pool-15-thread-1] INFO  server.RaftServerConfigKeys (ConfUtils.java:logGet(44)) - raft.server.log.queue.byte-limit = 64MB (=67108864) (default)
2021-07-31 01:58:08,704 [pool-15-thread-1] INFO  server.RaftServerConfigKeys (ConfUtils.java:logGet(44)) - raft.server.log.queue.element-limit = 4096 (default)
2021-07-31 01:58:08,704 [pool-15-thread-1] INFO  server.RaftServerConfigKeys (ConfUtils.java:logGet(44)) - raft.server.log.segment.size.max = 16384 (custom)
2021-07-31 01:58:08,704 [pool-15-thread-1] INFO  server.RaftServerConfigKeys (ConfUtils.java:logGet(44)) - raft.server.log.preallocated.size = 16384 (custom)
2021-07-31 01:58:08,704 [pool-15-thread-1] INFO  server.RaftServerConfigKeys (ConfUtils.java:logGet(44)) - raft.server.log.force.sync.num = 128 (default)
2021-07-31 01:58:08,704 [pool-15-thread-1] INFO  server.RaftServerConfigKeys (ConfUtils.java:logGet(44)) - raft.server.log.statemachine.data.sync = true (default)
2021-07-31 01:58:08,704 [pool-15-thread-1] INFO  server.RaftServerConfigKeys (ConfUtils.java:logGet(44)) - raft.server.log.statemachine.data.sync.timeout = 10s (default)
2021-07-31 01:58:08,704 [pool-15-thread-1] INFO  server.RaftServerConfigKeys (ConfUtils.java:logGet(44)) - raft.server.log.statemachine.data.sync.timeout.retry = -1 (default)
2021-07-31 01:58:08,705 [pool-15-thread-1] INFO  server.RaftServerConfigKeys (ConfUtils.java:logGet(44)) - raft.server.log.write.buffer.size = 64KB (=65536) (default)
2021-07-31 01:58:08,705 [pool-15-thread-1] INFO  server.RaftServerConfigKeys (ConfUtils.java:logGet(44)) - raft.server.log.statemachine.data.caching.enabled = false (default)
2021-07-31 01:58:08,710 [pool-15-thread-1] INFO  server.RaftServer$Division (ServerState.java:setRaftConf(387)) - 7261fad6-4131-4fd3-972d-ac23c41d1bf5@group-9DA9F7250933: set configuration 0: [7261fad6-4131-4fd3-972d-ac23c41d1bf5|rpc:localhost:12152|admin:|client:|dataStream:|priority:0], old=null
2021-07-31 01:58:08,711 [pool-15-thread-1] INFO  segmented.LogSegment (LogSegment.java:loadSegment(173)) - Successfully read 1 entries from segment file /home/runner/work/ozone/ozone/mnt/ozone/hadoop-ozone/integration-test/target/test-dir/MiniOzoneClusterImpl-91533540-afcd-48ec-9069-9da9f7250933/scmNode-1/scm-ha/91533540-afcd-48ec-9069-9da9f7250933/current/log_inprogress_0
2021-07-31 01:58:08,711 [pool-15-thread-1] INFO  segmented.SegmentedRaftLogWorker (SegmentedRaftLogWorker.java:lambda$new$0(133)) - 7261fad6-4131-4fd3-972d-ac23c41d1bf5@group-9DA9F7250933-SegmentedRaftLogWorker: flushIndex: setUnconditionally 0 -> 0
2021-07-31 01:58:08,711 [pool-15-thread-1] INFO  segmented.SegmentedRaftLogWorker (SegmentedRaftLogWorker.java:lambda$new$0(133)) - 7261fad6-4131-4fd3-972d-ac23c41d1bf5@group-9DA9F7250933-SegmentedRaftLogWorker: safeCacheEvictIndex: setUnconditionally 0 -> -1
2021-07-31 01:58:08,712 [pool-15-thread-1] INFO  server.RaftServerConfigKeys (ConfUtils.java:logGet(44)) - raft.server.snapshot.auto.trigger.enabled = true (custom)
2021-07-31 01:58:08,712 [pool-15-thread-1] INFO  server.RaftServerConfigKeys (ConfUtils.java:logGet(44)) - raft.server.snapshot.auto.trigger.threshold = 1000 (custom)
2021-07-31 01:58:08,712 [pool-15-thread-1] INFO  server.RaftServerConfigKeys (ConfUtils.java:logGet(44)) - raft.server.snapshot.retention.file.num = -1 (default)
2021-07-31 01:58:08,713 [pool-15-thread-1] INFO  server.RaftServerConfigKeys (ConfUtils.java:logGet(44)) - raft.server.log.purge.upto.snapshot.index = false (default)
2021-07-31 01:58:08,713 [pool-15-thread-1] INFO  server.RaftServerConfigKeys (ConfUtils.java:logGet(44)) - raft.server.retrycache.expirytime = 60000ms (default)
2021-07-31 01:58:08,713 [pool-15-thread-1] INFO  server.RaftServerConfigKeys (ConfUtils.java:logGet(44)) - raft.server.retrycache.statistics.expirytime = 100μs (default)
2021-07-31 01:58:08,715 [Time-limited test] INFO  ha.SCMSnapshotProvider (SCMSnapshotProvider.java:<init>(66)) - Initializing SCM Snapshot Provider
2021-07-31 01:58:08,715 [Time-limited test] WARN  server.ServerUtils (ServerUtils.java:getDefaultRatisDirectory(237)) - Storage directory for Ratis is not configured. It is a good idea to map this to an SSD disk. Falling back to ozone.metadata.dirs
2021-07-31 01:58:08,716 [Time-limited test] WARN  ha.SCMHAUtils (SCMHAUtils.java:getSCMRatisSnapshotDirectory(142)) - SCM snapshot dir is not configured. Falling back to ozone.metadata.dirs config
2021-07-31 01:58:08,742 [Time-limited test] INFO  ha.SequenceIdGenerator (SequenceIdGenerator.java:upgradeToSequenceId(327)) - upgrade localId to 107544261427200000
2021-07-31 01:58:08,742 [Time-limited test] INFO  ha.SequenceIdGenerator (SequenceIdGenerator.java:upgradeToSequenceId(337)) - upgrade delTxnId to 0
2021-07-31 01:58:08,844 [Time-limited test] INFO  ha.SequenceIdGenerator (SequenceIdGenerator.java:upgradeToSequenceId(351)) - upgrade containerId to 0
2021-07-31 01:58:08,846 [Time-limited test] INFO  ha.SequenceIdGenerator (SequenceIdGenerator.java:<init>(217)) - Init the HA SequenceIdGenerator.
2021-07-31 01:58:08,884 [Time-limited test] INFO  node.SCMNodeManager (SCMNodeManager.java:<init>(141)) - Entering startup safe mode.
2021-07-31 01:58:08,929 [Time-limited test] INFO  algorithms.ContainerPlacementPolicyFactory (ContainerPlacementPolicyFactory.java:getPolicy(60)) - Create container placement policy of type org.apache.hadoop.hdds.scm.container.placement.algorithms.SCMContainerPlacementRandom
2021-07-31 01:58:08,937 [Time-limited test] INFO  pipeline.PipelineStateManager (PipelineStateManagerV2Impl.java:initialize(78)) - No pipeline exists in current db
2021-07-31 01:58:08,963 [Time-limited test] INFO  algorithms.LeaderChoosePolicyFactory (LeaderChoosePolicyFactory.java:getPolicy(57)) - Create leader choose policy of type org.apache.hadoop.hdds.scm.pipeline.leader.choose.algorithms.MinLeaderCountChoosePolicy
2021-07-31 01:58:08,968 [Time-limited test] INFO  ha.SCMServiceManager (SCMServiceManager.java:register(43)) - Registering service BackgroundPipelineCreator.
2021-07-31 01:58:08,968 [Time-limited test] INFO  pipeline.BackgroundPipelineCreator (BackgroundPipelineCreatorV2.java:start(130)) - Starting RatisPipelineUtilsThread.
2021-07-31 01:58:08,992 [Time-limited test] INFO  algorithms.PipelineChoosePolicyFactory (PipelineChoosePolicyFactory.java:createPipelineChoosePolicyFromClass(73)) - Create pipeline choose policy of type org.apache.hadoop.hdds.scm.pipeline.choose.algorithms.RandomPipelineChoosePolicy
2021-07-31 01:58:09,004 [Time-limited test] INFO  ha.SCMServiceManager (SCMServiceManager.java:register(43)) - Registering service SCMBlockDeletingService.
2021-07-31 01:58:09,013 [Time-limited test] INFO  ha.SCMServiceManager (SCMServiceManager.java:register(43)) - Registering service ReplicationManager.
2021-07-31 01:58:09,015 [Time-limited test] INFO  container.ReplicationManager (ReplicationManager.java:start(286)) - Starting Replication Monitor Thread.
2021-07-31 01:58:09,025 [ReplicationMonitor] INFO  container.ReplicationManager (ReplicationManager.java:processAll(341)) - Replication Monitor Thread took 1 milliseconds for processing 0 containers.
2021-07-31 01:58:09,028 [Time-limited test] INFO  safemode.ContainerSafeModeRule (ContainerSafeModeRule.java:<init>(89)) - containers with one replica threshold count 0
2021-07-31 01:58:09,031 [Time-limited test] INFO  safemode.HealthyPipelineSafeModeRule (HealthyPipelineSafeModeRule.java:initializeRule(156)) - Total pipeline count is 0, healthy pipeline threshold count is 1
2021-07-31 01:58:09,034 [Time-limited test] INFO  safemode.OneReplicaPipelineSafeModeRule (OneReplicaPipelineSafeModeRule.java:initializeRule(180)) - Total pipeline count is 0, pipeline's with at least one datanode reported threshold count is 0
2021-07-31 01:58:09,361 [Time-limited test] INFO  ipc.CallQueueManager (CallQueueManager.java:<init>(90)) - Using callQueue: class java.util.concurrent.LinkedBlockingQueue, queueCapacity: 10000, scheduler: class org.apache.hadoop.ipc.DefaultRpcScheduler, ipcBackoff: false.
2021-07-31 01:58:09,394 [Socket Reader #1 for port 12153] INFO  ipc.Server (Server.java:run(1265)) - Starting Socket Reader #1 for port 12153
2021-07-31 01:58:09,430 [Listener at 0.0.0.0/12153] INFO  ipc.CallQueueManager (CallQueueManager.java:<init>(90)) - Using callQueue: class java.util.concurrent.LinkedBlockingQueue, queueCapacity: 10000, scheduler: class org.apache.hadoop.ipc.DefaultRpcScheduler, ipcBackoff: false.
2021-07-31 01:58:09,431 [Socket Reader #1 for port 12154] INFO  ipc.Server (Server.java:run(1265)) - Starting Socket Reader #1 for port 12154
2021-07-31 01:58:09,450 [Listener at 0.0.0.0/12154] INFO  ipc.CallQueueManager (CallQueueManager.java:<init>(90)) - Using callQueue: class java.util.concurrent.LinkedBlockingQueue, queueCapacity: 10000, scheduler: class org.apache.hadoop.ipc.DefaultRpcScheduler, ipcBackoff: false.
2021-07-31 01:58:09,451 [Socket Reader #1 for port 12155] INFO  ipc.Server (Server.java:run(1265)) - Starting Socket Reader #1 for port 12155
2021-07-31 01:58:09,520 [Listener at 0.0.0.0/12155] INFO  server.StorageContainerManager (StorageContainerManager.java:<init>(380)) - 
Container Balancer status:
Key                            Value
Running                        true
Container Balancer Configuration values:
Key                            Value
Threshold                      0.1
Max Datanodes to Balance       5
Max Size to Move               10737418240B

2021-07-31 01:58:09,521 [Listener at 0.0.0.0/12155] WARN  events.EventQueue (EventQueue.java:fireEvent(194)) - No event handler registered for event TypedEvent{payloadType=SafeModeStatus, name='Safe mode status'}
2021-07-31 01:58:09,521 [Listener at 0.0.0.0/12155] INFO  ha.SCMContext (SCMContext.java:updateSafeModeStatus(205)) - Update SafeModeStatus from SafeModeStatus{safeModeStatus=true, preCheckPassed=false} to SafeModeStatus{safeModeStatus=true, preCheckPassed=false}.
2021-07-31 01:58:09,523 [Listener at 0.0.0.0/12155] INFO  server.StorageContainerManager (StorageContainerManager.java:start(1245)) - StorageContainerLocationProtocol RPC server is listening at /0.0.0.0:12155
2021-07-31 01:58:09,525 [Listener at 0.0.0.0/12155] INFO  ha.SCMRatisServerImpl (SCMRatisServerImpl.java:start(170)) - starting ratis server 0.0.0.0:12152
2021-07-31 01:58:09,525 [Listener at 0.0.0.0/12155] INFO  server.RaftServer$Division (RaftServerImpl.java:start(296)) - 7261fad6-4131-4fd3-972d-ac23c41d1bf5@group-9DA9F7250933: start as a follower, conf=0: [7261fad6-4131-4fd3-972d-ac23c41d1bf5|rpc:localhost:12152|admin:|client:|dataStream:|priority:0], old=null
2021-07-31 01:58:09,525 [Listener at 0.0.0.0/12155] INFO  server.RaftServer$Division (RaftServerImpl.java:setRole(285)) - 7261fad6-4131-4fd3-972d-ac23c41d1bf5@group-9DA9F7250933: changes role from      null to FOLLOWER at term 1 for startAsFollower
2021-07-31 01:58:09,526 [Listener at 0.0.0.0/12155] INFO  impl.RoleInfo (RoleInfo.java:updateAndGet(130)) - 7261fad6-4131-4fd3-972d-ac23c41d1bf5: start 7261fad6-4131-4fd3-972d-ac23c41d1bf5@group-9DA9F7250933-FollowerState
2021-07-31 01:58:09,529 [Listener at 0.0.0.0/12155] INFO  util.JmxRegister (JmxRegister.java:tryRegister(44)) - Successfully registered JMX Bean with object name Ratis:service=RaftServer,group=group-9DA9F7250933,id=7261fad6-4131-4fd3-972d-ac23c41d1bf5
2021-07-31 01:58:09,532 [Listener at 0.0.0.0/12155] INFO  server.RaftServer (RaftServerProxy.java:lambda$start$5(374)) - 7261fad6-4131-4fd3-972d-ac23c41d1bf5: start RPC server
2021-07-31 01:58:09,533 [Listener at 0.0.0.0/12155] INFO  server.GrpcService (GrpcService.java:startImpl(253)) - 7261fad6-4131-4fd3-972d-ac23c41d1bf5: GrpcService started, listening on 12152
2021-07-31 01:58:09,534 [Listener at 0.0.0.0/12155] INFO  ha.SCMHAManagerImpl (SCMHAManagerImpl.java:start(120)) -  scm role is FOLLOWER peers [7261fad6-4131-4fd3-972d-ac23c41d1bf5|rpc:localhost:12152|admin:|client:|dataStream:|priority:0]
2021-07-31 01:58:09,534 [Listener at 0.0.0.0/12155] INFO  ha.InterSCMGrpcService (InterSCMGrpcProtocolService.java:start(94)) - Starting SCM Grpc Service at port 12156
2021-07-31 01:58:09,538 [org.apache.ratis.util.JvmPauseMonitor$$Lambda$430/1260111579@7263d0a0] INFO  util.JvmPauseMonitor (JvmPauseMonitor.java:run(103)) - JvmPauseMonitor-7261fad6-4131-4fd3-972d-ac23c41d1bf5: Started
2021-07-31 01:58:09,602 [Listener at 0.0.0.0/12155] WARN  impl.MetricsConfig (MetricsConfig.java:loadFirst(136)) - Cannot locate configuration: tried hadoop-metrics2-storagecontainermanager.properties,hadoop-metrics2.properties
2021-07-31 01:58:09,617 [Listener at 0.0.0.0/12155] INFO  impl.MetricsSystemImpl (MetricsSystemImpl.java:startTimer(378)) - Scheduled Metric snapshot period at 10 second(s).
2021-07-31 01:58:09,617 [Listener at 0.0.0.0/12155] INFO  impl.MetricsSystemImpl (MetricsSystemImpl.java:start(191)) - StorageContainerManager metrics system started
2021-07-31 01:58:09,868 [Listener at 0.0.0.0/12155] INFO  server.SCMClientProtocolServer (SCMClientProtocolServer.java:start(165)) - RPC server for Client  is listening at /0.0.0.0:12155
2021-07-31 01:58:09,869 [IPC Server Responder] INFO  ipc.Server (Server.java:run(1507)) - IPC Server Responder: starting
2021-07-31 01:58:09,870 [IPC Server listener on 12155] INFO  ipc.Server (Server.java:run(1344)) - IPC Server listener on 12155: starting
2021-07-31 01:58:09,894 [Listener at 0.0.0.0/12155] INFO  server.StorageContainerManager (StorageContainerManager.java:start(1260)) - ScmBlockLocationProtocol RPC server is listening at /0.0.0.0:12154
2021-07-31 01:58:09,894 [Listener at 0.0.0.0/12155] INFO  server.SCMBlockProtocolServer (SCMBlockProtocolServer.java:start(151)) - RPC server for Block Protocol is listening at /0.0.0.0:12154
2021-07-31 01:58:09,895 [IPC Server Responder] INFO  ipc.Server (Server.java:run(1507)) - IPC Server Responder: starting
2021-07-31 01:58:09,896 [IPC Server listener on 12154] INFO  ipc.Server (Server.java:run(1344)) - IPC Server listener on 12154: starting
2021-07-31 01:58:09,910 [Listener at 0.0.0.0/12155] INFO  server.StorageContainerManager (StorageContainerManager.java:start(1266)) - ScmDatanodeProtocl RPC server is listening at /0.0.0.0:12153
2021-07-31 01:58:09,922 [org.apache.hadoop.util.JvmPauseMonitor$Monitor@11916190] INFO  util.JvmPauseMonitor (JvmPauseMonitor.java:run(188)) - Starting JVM pause monitor
2021-07-31 01:58:09,943 [Listener at 0.0.0.0/12155] INFO  http.BaseHttpServer (BaseHttpServer.java:newHttpServer2BuilderForOzone(209)) - Starting Web-server for scm at: http://0.0.0.0:12150
2021-07-31 01:58:09,944 [Listener at 0.0.0.0/12155] INFO  http.BaseHttpServer (BaseHttpServer.java:<init>(107)) - Hadoop Security Enabled: false Ozone Security Enabled: false Ozone HTTP Security Enabled: false 
2021-07-31 01:58:09,971 [Listener at 0.0.0.0/12155] INFO  util.log (Log.java:initialized(169)) - Logging initialized @10171ms to org.eclipse.jetty.util.log.Slf4jLog
2021-07-31 01:58:10,073 [Listener at 0.0.0.0/12155] INFO  server.AuthenticationFilter (AuthenticationFilter.java:constructSecretProvider(240)) - Unable to initialize FileSignerSecretProvider, falling back to use random secrets.
2021-07-31 01:58:10,078 [Listener at 0.0.0.0/12155] WARN  http.HttpRequestLog (HttpRequestLog.java:getRequestLog(103)) - Jetty request log can only be enabled using Log4j
2021-07-31 01:58:10,082 [Listener at 0.0.0.0/12155] INFO  http.HttpServer2 (HttpServer2.java:addGlobalFilter(1020)) - Added global filter 'safety' (class=org.apache.hadoop.hdds.server.http.HttpServer2$QuotingInputFilter)
2021-07-31 01:58:10,085 [Listener at 0.0.0.0/12155] INFO  http.HttpServer2 (HttpServer2.java:addFilter(996)) - Added filter static_user_filter (class=org.apache.hadoop.http.lib.StaticUserWebFilter$StaticUserFilter) to context scm
2021-07-31 01:58:10,085 [Listener at 0.0.0.0/12155] INFO  http.HttpServer2 (HttpServer2.java:addFilter(1004)) - Added filter static_user_filter (class=org.apache.hadoop.http.lib.StaticUserWebFilter$StaticUserFilter) to context logs
2021-07-31 01:58:10,085 [Listener at 0.0.0.0/12155] INFO  http.HttpServer2 (HttpServer2.java:addFilter(1004)) - Added filter static_user_filter (class=org.apache.hadoop.http.lib.StaticUserWebFilter$StaticUserFilter) to context static
2021-07-31 01:58:10,133 [Listener at 0.0.0.0/12155] INFO  http.HttpServer2 (HttpServer2.java:bindListener(1239)) - Jetty bound to port 12150
2021-07-31 01:58:10,135 [Listener at 0.0.0.0/12155] INFO  server.Server (Server.java:doStart(375)) - jetty-9.4.35.v20201120; built: 2020-11-20T21:17:03.964Z; git: bdc54f03a5e0a7e280fab27f55c3c75ee8da89fb; jvm 1.8.0_292-b10
2021-07-31 01:58:10,161 [Listener at 0.0.0.0/12155] INFO  server.session (DefaultSessionIdManager.java:doStart(334)) - DefaultSessionIdManager workerName=node0
2021-07-31 01:58:10,162 [Listener at 0.0.0.0/12155] INFO  server.session (DefaultSessionIdManager.java:doStart(339)) - No SessionScavenger set, using defaults
2021-07-31 01:58:10,163 [Listener at 0.0.0.0/12155] INFO  server.session (HouseKeeper.java:startScavenging(132)) - node0 Scavenging every 660000ms
2021-07-31 01:58:10,174 [Listener at 0.0.0.0/12155] INFO  handler.ContextHandler (ContextHandler.java:doStart(916)) - Started o.e.j.s.ServletContextHandler@982728{logs,/logs,file:///home/runner/work/ozone/ozone/mnt/ozone/hadoop-ozone/integration-test/target/log,AVAILABLE}
2021-07-31 01:58:10,175 [Listener at 0.0.0.0/12155] INFO  handler.ContextHandler (ContextHandler.java:doStart(916)) - Started o.e.j.s.ServletContextHandler@6a986a9e{static,/static,file:///home/runner/work/ozone/ozone/mnt/ozone/hadoop-ozone/integration-test/target/test-classes/webapps/static,AVAILABLE}
2021-07-31 01:58:10,211 [Listener at 0.0.0.0/12155] INFO  handler.ContextHandler (ContextHandler.java:doStart(916)) - Started o.e.j.w.WebAppContext@5da1fe81{scm,/,file:///home/runner/work/ozone/ozone/mnt/ozone/hadoop-ozone/integration-test/target/test-classes/webapps/scm/,AVAILABLE}{file:/home/runner/work/ozone/ozone/mnt/ozone/hadoop-ozone/integration-test/target/test-classes/webapps/scm}
2021-07-31 01:58:10,219 [Listener at 0.0.0.0/12155] INFO  server.AbstractConnector (AbstractConnector.java:doStart(331)) - Started ServerConnector@61534f8d{HTTP/1.1, (http/1.1)}{0.0.0.0:12150}
2021-07-31 01:58:10,220 [Listener at 0.0.0.0/12155] INFO  server.Server (Server.java:doStart(415)) - Started @10419ms
2021-07-31 01:58:10,221 [Listener at 0.0.0.0/12155] INFO  impl.MetricsSinkAdapter (MetricsSinkAdapter.java:start(204)) - Sink prometheus started
2021-07-31 01:58:10,222 [Listener at 0.0.0.0/12155] INFO  impl.MetricsSystemImpl (MetricsSystemImpl.java:registerSink(305)) - Registered sink prometheus
2021-07-31 01:58:10,223 [Listener at 0.0.0.0/12155] INFO  http.BaseHttpServer (BaseHttpServer.java:updateConnectorAddress(329)) - HTTP server of scm listening at http://0.0.0.0:12150
2021-07-31 01:58:10,223 [Listener at 0.0.0.0/12155] INFO  ozone.MiniOzoneHAClusterImpl (MiniOzoneHAClusterImpl.java:createSCMService(563)) - Started SCM RPC server at org.apache.hadoop.hdds.scm.server.SCMClientProtocolServer@37bc89a2
2021-07-31 01:58:10,322 [Listener at 0.0.0.0/12155] INFO  ha.OMHANodeDetails (OMHANodeDetails.java:loadOMHAConfig(118)) - ServiceID for OzoneManager is om-bootstrap
2021-07-31 01:58:10,327 [Listener at 0.0.0.0/12155] INFO  ha.OMHANodeDetails (OMHANodeDetails.java:loadOMHAConfig(194)) - Found matching OM address with OMServiceId: om-bootstrap, OMNodeId: omNode-1, RPC Address: localhost:12144 and Ratis port: 12148
2021-07-31 01:58:10,327 [Listener at 0.0.0.0/12155] INFO  ha.OMHANodeDetails (ConfUtils.java:setNodeSpecificConfigs(108)) - Setting configuration key ozone.om.http-address with value of key ozone.om.http-address.om-bootstrap.omNode-1: 127.0.0.1:12146
2021-07-31 01:58:10,328 [Listener at 0.0.0.0/12155] INFO  ha.OMHANodeDetails (ConfUtils.java:setNodeSpecificConfigs(108)) - Setting configuration key ozone.om.https-address with value of key ozone.om.https-address.om-bootstrap.omNode-1: 127.0.0.1:12147
2021-07-31 01:58:10,328 [Listener at 0.0.0.0/12155] INFO  ha.OMHANodeDetails (ConfUtils.java:setNodeSpecificConfigs(108)) - Setting configuration key ozone.om.address with value of key ozone.om.address.om-bootstrap.omNode-1: 127.0.0.1:12144
2021-07-31 01:58:10,328 [Listener at 0.0.0.0/12155] WARN  server.ServerUtils (ServerUtils.java:getDBPath(225)) - ozone.om.db.dirs is not configured. We recommend adding this setting. Falling back to ozone.metadata.dirs instead.
2021-07-31 01:58:10,337 [Listener at 0.0.0.0/12155] INFO  ha.SCMNodeInfo (SCMNodeInfo.java:getPort(197)) - ConfigKey ozone.scm.client.address is deprecated, For configuring different ports for each SCM use PortConfigKey ozone.scm.client.port appended with serviceId and nodeId
2021-07-31 01:58:10,337 [Listener at 0.0.0.0/12155] INFO  ha.SCMNodeInfo (SCMNodeInfo.java:getPort(197)) - ConfigKey ozone.scm.block.client.address is deprecated, For configuring different ports for each SCM use PortConfigKey ozone.scm.block.client.port appended with serviceId and nodeId
2021-07-31 01:58:10,337 [Listener at 0.0.0.0/12155] INFO  ha.SCMNodeInfo (SCMNodeInfo.java:getPort(197)) - ConfigKey ozone.scm.datanode.address is deprecated, For configuring different ports for each SCM use PortConfigKey ozone.scm.datanode.port appended with serviceId and nodeId
2021-07-31 01:58:12,559 [Listener at 0.0.0.0/12155] INFO  retry.RetryInvocationHandler (RetryInvocationHandler.java:log(411)) - com.google.protobuf.ServiceException: org.apache.hadoop.ipc.RemoteException(org.apache.hadoop.hdds.ratis.ServerNotLeaderException): Server:7261fad6-4131-4fd3-972d-ac23c41d1bf5 is not the leader. Could not determine the leader node.
	at org.apache.hadoop.hdds.ratis.ServerNotLeaderException.convertToNotLeaderException(ServerNotLeaderException.java:109)
	at org.apache.hadoop.hdds.scm.ha.RatisUtil.checkRatisException(RatisUtil.java:196)
	at org.apache.hadoop.hdds.scm.protocol.ScmBlockLocationProtocolServerSideTranslatorPB.send(ScmBlockLocationProtocolServerSideTranslatorPB.java:108)
	at org.apache.hadoop.hdds.protocol.proto.ScmBlockLocationProtocolProtos$ScmBlockLocationProtocolService$2.callBlockingMethod(ScmBlockLocationProtocolProtos.java:13937)
	at org.apache.hadoop.ipc.ProtobufRpcEngine$Server.processCall(ProtobufRpcEngine.java:466)
	at org.apache.hadoop.ipc.ProtobufRpcEngine2$Server$ProtoBufRpcInvoker.call(ProtobufRpcEngine2.java:574)
	at org.apache.hadoop.ipc.ProtobufRpcEngine2$Server$ProtoBufRpcInvoker.call(ProtobufRpcEngine2.java:552)
	at org.apache.hadoop.ipc.RPC$Server.call(RPC.java:1093)
	at org.apache.hadoop.ipc.Server$RpcCall.run(Server.java:1035)
	at org.apache.hadoop.ipc.Server$RpcCall.run(Server.java:963)
	at java.security.AccessController.doPrivileged(Native Method)
	at javax.security.auth.Subject.doAs(Subject.java:422)
	at org.apache.hadoop.security.UserGroupInformation.doAs(UserGroupInformation.java:1878)
	at org.apache.hadoop.ipc.Server$Handler.run(Server.java:2966)
, while invoking $Proxy39.send over nodeId=scmNode-1,nodeAddress=/127.0.0.1:12154 after 1 failover attempts. Trying to failover after sleeping for 2000ms.
2021-07-31 01:58:14,563 [Listener at 0.0.0.0/12155] INFO  retry.RetryInvocationHandler (RetryInvocationHandler.java:log(411)) - com.google.protobuf.ServiceException: org.apache.hadoop.ipc.RemoteException(org.apache.hadoop.hdds.ratis.ServerNotLeaderException): Server:7261fad6-4131-4fd3-972d-ac23c41d1bf5 is not the leader. Could not determine the leader node.
	at org.apache.hadoop.hdds.ratis.ServerNotLeaderException.convertToNotLeaderException(ServerNotLeaderException.java:109)
	at org.apache.hadoop.hdds.scm.ha.RatisUtil.checkRatisException(RatisUtil.java:196)
	at org.apache.hadoop.hdds.scm.protocol.ScmBlockLocationProtocolServerSideTranslatorPB.send(ScmBlockLocationProtocolServerSideTranslatorPB.java:108)
	at org.apache.hadoop.hdds.protocol.proto.ScmBlockLocationProtocolProtos$ScmBlockLocationProtocolService$2.callBlockingMethod(ScmBlockLocationProtocolProtos.java:13937)
	at org.apache.hadoop.ipc.ProtobufRpcEngine$Server.processCall(ProtobufRpcEngine.java:466)
	at org.apache.hadoop.ipc.ProtobufRpcEngine2$Server$ProtoBufRpcInvoker.call(ProtobufRpcEngine2.java:574)
	at org.apache.hadoop.ipc.ProtobufRpcEngine2$Server$ProtoBufRpcInvoker.call(ProtobufRpcEngine2.java:552)
	at org.apache.hadoop.ipc.RPC$Server.call(RPC.java:1093)
	at org.apache.hadoop.ipc.Server$RpcCall.run(Server.java:1035)
	at org.apache.hadoop.ipc.Server$RpcCall.run(Server.java:963)
	at java.security.AccessController.doPrivileged(Native Method)
	at javax.security.auth.Subject.doAs(Subject.java:422)
	at org.apache.hadoop.security.UserGroupInformation.doAs(UserGroupInformation.java:1878)
	at org.apache.hadoop.ipc.Server$Handler.run(Server.java:2966)
, while invoking $Proxy39.send over nodeId=scmNode-1,nodeAddress=/127.0.0.1:12154 after 2 failover attempts. Trying to failover after sleeping for 2000ms.
2021-07-31 01:58:14,583 [7261fad6-4131-4fd3-972d-ac23c41d1bf5@group-9DA9F7250933-FollowerState] INFO  impl.FollowerState (FollowerState.java:run(134)) - 7261fad6-4131-4fd3-972d-ac23c41d1bf5@group-9DA9F7250933-FollowerState: change to CANDIDATE, lastRpcElapsedTime:5057488416ns, electionTimeout:5049ms
2021-07-31 01:58:14,584 [7261fad6-4131-4fd3-972d-ac23c41d1bf5@group-9DA9F7250933-FollowerState] INFO  impl.RoleInfo (RoleInfo.java:shutdownFollowerState(108)) - 7261fad6-4131-4fd3-972d-ac23c41d1bf5: shutdown 7261fad6-4131-4fd3-972d-ac23c41d1bf5@group-9DA9F7250933-FollowerState
2021-07-31 01:58:14,584 [7261fad6-4131-4fd3-972d-ac23c41d1bf5@group-9DA9F7250933-FollowerState] INFO  server.RaftServer$Division (RaftServerImpl.java:setRole(285)) - 7261fad6-4131-4fd3-972d-ac23c41d1bf5@group-9DA9F7250933: changes role from  FOLLOWER to CANDIDATE at term 1 for changeToCandidate
2021-07-31 01:58:14,584 [7261fad6-4131-4fd3-972d-ac23c41d1bf5@group-9DA9F7250933-FollowerState] INFO  server.RaftServerConfigKeys (ConfUtils.java:logGet(44)) - raft.server.leaderelection.pre-vote = false (custom)
2021-07-31 01:58:14,584 [7261fad6-4131-4fd3-972d-ac23c41d1bf5@group-9DA9F7250933-FollowerState] INFO  impl.RoleInfo (RoleInfo.java:updateAndGet(130)) - 7261fad6-4131-4fd3-972d-ac23c41d1bf5: start 7261fad6-4131-4fd3-972d-ac23c41d1bf5@group-9DA9F7250933-LeaderElection2
2021-07-31 01:58:14,587 [7261fad6-4131-4fd3-972d-ac23c41d1bf5@group-9DA9F7250933-LeaderElection2] INFO  impl.LeaderElection (LeaderElection.java:askForVotes(306)) - 7261fad6-4131-4fd3-972d-ac23c41d1bf5@group-9DA9F7250933-LeaderElection2 ELECTION round 0: submit vote requests at term 2 for 0: [7261fad6-4131-4fd3-972d-ac23c41d1bf5|rpc:localhost:12152|admin:|client:|dataStream:|priority:0], old=null
2021-07-31 01:58:14,587 [7261fad6-4131-4fd3-972d-ac23c41d1bf5@group-9DA9F7250933-LeaderElection2] INFO  impl.LeaderElection (LeaderElection.java:askForVotes(308)) - 7261fad6-4131-4fd3-972d-ac23c41d1bf5@group-9DA9F7250933-LeaderElection2 ELECTION round 0: result PASSED (term=2)
2021-07-31 01:58:14,587 [7261fad6-4131-4fd3-972d-ac23c41d1bf5@group-9DA9F7250933-LeaderElection2] INFO  impl.RoleInfo (RoleInfo.java:shutdownLeaderElection(121)) - 7261fad6-4131-4fd3-972d-ac23c41d1bf5: shutdown 7261fad6-4131-4fd3-972d-ac23c41d1bf5@group-9DA9F7250933-LeaderElection2
2021-07-31 01:58:14,587 [7261fad6-4131-4fd3-972d-ac23c41d1bf5@group-9DA9F7250933-LeaderElection2] INFO  server.RaftServer$Division (RaftServerImpl.java:setRole(285)) - 7261fad6-4131-4fd3-972d-ac23c41d1bf5@group-9DA9F7250933: changes role from CANDIDATE to LEADER at term 2 for changeToLeader
2021-07-31 01:58:14,587 [7261fad6-4131-4fd3-972d-ac23c41d1bf5@group-9DA9F7250933-LeaderElection2] INFO  ha.SCMStateMachine (SCMStateMachine.java:notifyLeaderChanged(252)) - current SCM becomes leader of term 2.
2021-07-31 01:58:14,588 [7261fad6-4131-4fd3-972d-ac23c41d1bf5@group-9DA9F7250933-LeaderElection2] INFO  ha.SCMContext (SCMContext.java:updateLeaderAndTerm(88)) - update <isLeader,term> from <false,0> to <true,2>
2021-07-31 01:58:14,589 [7261fad6-4131-4fd3-972d-ac23c41d1bf5@group-9DA9F7250933-LeaderElection2] INFO  server.RaftServer$Division (ServerState.java:setLeader(285)) - 7261fad6-4131-4fd3-972d-ac23c41d1bf5@group-9DA9F7250933: change Leader from null to 7261fad6-4131-4fd3-972d-ac23c41d1bf5 at term 2 for becomeLeader, leader elected after 5885ms
2021-07-31 01:58:14,590 [7261fad6-4131-4fd3-972d-ac23c41d1bf5@group-9DA9F7250933-LeaderElection2] INFO  server.RaftServerConfigKeys (ConfUtils.java:logGet(44)) - raft.server.staging.catchup.gap = 1000 (default)
2021-07-31 01:58:14,590 [7261fad6-4131-4fd3-972d-ac23c41d1bf5@group-9DA9F7250933-LeaderElection2] INFO  server.RaftServerConfigKeys (ConfUtils.java:logGet(44)) - raft.server.write.element-limit = 4096 (default)
2021-07-31 01:58:14,590 [7261fad6-4131-4fd3-972d-ac23c41d1bf5@group-9DA9F7250933-LeaderElection2] INFO  server.RaftServerConfigKeys (ConfUtils.java:logGet(44)) - raft.server.write.byte-limit = 64MB (=67108864) (default)
2021-07-31 01:58:14,590 [7261fad6-4131-4fd3-972d-ac23c41d1bf5@group-9DA9F7250933-LeaderElection2] INFO  server.RaftServerConfigKeys (ConfUtils.java:logGet(44)) - raft.server.watch.timeout = 10s (default)
2021-07-31 01:58:14,590 [7261fad6-4131-4fd3-972d-ac23c41d1bf5@group-9DA9F7250933-LeaderElection2] INFO  server.RaftServerConfigKeys (ConfUtils.java:logGet(44)) - raft.server.watch.timeout.denomination = 1s (default)
2021-07-31 01:58:14,590 [7261fad6-4131-4fd3-972d-ac23c41d1bf5@group-9DA9F7250933-LeaderElection2] INFO  server.RaftServerConfigKeys (ConfUtils.java:logGet(44)) - raft.server.watch.element-limit = 65536 (default)
2021-07-31 01:58:14,591 [7261fad6-4131-4fd3-972d-ac23c41d1bf5@group-9DA9F7250933-LeaderElection2] INFO  impl.RoleInfo (RoleInfo.java:updateAndGet(130)) - 7261fad6-4131-4fd3-972d-ac23c41d1bf5: start 7261fad6-4131-4fd3-972d-ac23c41d1bf5@group-9DA9F7250933-LeaderStateImpl
2021-07-31 01:58:14,591 [7261fad6-4131-4fd3-972d-ac23c41d1bf5@group-9DA9F7250933-LeaderElection2] INFO  segmented.SegmentedRaftLogWorker (SegmentedRaftLogWorker.java:rollLogSegment(399)) - 7261fad6-4131-4fd3-972d-ac23c41d1bf5@group-9DA9F7250933-SegmentedRaftLogWorker: Rolling segment log-0_0 to index:0
2021-07-31 01:58:14,595 [7261fad6-4131-4fd3-972d-ac23c41d1bf5@group-9DA9F7250933-SegmentedRaftLogWorker] INFO  segmented.SegmentedRaftLogWorker (SegmentedRaftLogWorker.java:execute(558)) - 7261fad6-4131-4fd3-972d-ac23c41d1bf5@group-9DA9F7250933-SegmentedRaftLogWorker: Rolled log segment from /home/runner/work/ozone/ozone/mnt/ozone/hadoop-ozone/integration-test/target/test-dir/MiniOzoneClusterImpl-91533540-afcd-48ec-9069-9da9f7250933/scmNode-1/scm-ha/91533540-afcd-48ec-9069-9da9f7250933/current/log_inprogress_0 to /home/runner/work/ozone/ozone/mnt/ozone/hadoop-ozone/integration-test/target/test-dir/MiniOzoneClusterImpl-91533540-afcd-48ec-9069-9da9f7250933/scmNode-1/scm-ha/91533540-afcd-48ec-9069-9da9f7250933/current/log_0-0
2021-07-31 01:58:14,601 [7261fad6-4131-4fd3-972d-ac23c41d1bf5@group-9DA9F7250933-LeaderElection2] INFO  server.RaftServer$Division (ServerState.java:setRaftConf(387)) - 7261fad6-4131-4fd3-972d-ac23c41d1bf5@group-9DA9F7250933: set configuration 1: [7261fad6-4131-4fd3-972d-ac23c41d1bf5|rpc:localhost:12152|admin:|client:|dataStream:|priority:0], old=null
2021-07-31 01:58:14,602 [7261fad6-4131-4fd3-972d-ac23c41d1bf5@group-9DA9F7250933-SegmentedRaftLogWorker] INFO  segmented.SegmentedRaftLogWorker (SegmentedRaftLogWorker.java:execute(601)) - 7261fad6-4131-4fd3-972d-ac23c41d1bf5@group-9DA9F7250933-SegmentedRaftLogWorker: created new log segment /home/runner/work/ozone/ozone/mnt/ozone/hadoop-ozone/integration-test/target/test-dir/MiniOzoneClusterImpl-91533540-afcd-48ec-9069-9da9f7250933/scmNode-1/scm-ha/91533540-afcd-48ec-9069-9da9f7250933/current/log_inprogress_1
2021-07-31 01:58:14,603 [7261fad6-4131-4fd3-972d-ac23c41d1bf5@group-9DA9F7250933-StateMachineUpdater] INFO  ha.SCMContext (SCMContext.java:setLeaderReady(115)) - update <isLeaderReady> from <false> to <true>
2021-07-31 01:58:14,606 [7261fad6-4131-4fd3-972d-ac23c41d1bf5@group-9DA9F7250933-StateMachineUpdater] INFO  pipeline.BackgroundPipelineCreator (BackgroundPipelineCreatorV2.java:notifyStatusChanged(264)) - Service BackgroundPipelineCreator transitions to RUNNING.
2021-07-31 01:58:14,609 [7261fad6-4131-4fd3-972d-ac23c41d1bf5@group-9DA9F7250933-StateMachineUpdater] INFO  safemode.HealthyPipelineSafeModeRule (HealthyPipelineSafeModeRule.java:initializeRule(152)) - Refreshed total pipeline count is 0, healthy pipeline threshold count is 1
2021-07-31 01:58:14,609 [7261fad6-4131-4fd3-972d-ac23c41d1bf5@group-9DA9F7250933-StateMachineUpdater] INFO  safemode.ContainerSafeModeRule (ContainerSafeModeRule.java:reInitializeRule(177)) - Refreshed one replica container threshold 0, currentThreshold 0
2021-07-31 01:58:14,609 [7261fad6-4131-4fd3-972d-ac23c41d1bf5@group-9DA9F7250933-StateMachineUpdater] INFO  safemode.OneReplicaPipelineSafeModeRule (OneReplicaPipelineSafeModeRule.java:initializeRule(176)) - Refreshed Total pipeline count is 0, pipeline's with at least one datanode reported threshold count is 0
2021-07-31 01:58:14,610 [7261fad6-4131-4fd3-972d-ac23c41d1bf5@group-9DA9F7250933-StateMachineUpdater] INFO  server.SCMDatanodeProtocolServer (SCMDatanodeProtocolServer.java:start(181)) - RPC server for DataNodes is listening at /0.0.0.0:12153
2021-07-31 01:58:14,617 [IPC Server Responder] INFO  ipc.Server (Server.java:run(1507)) - IPC Server Responder: starting
2021-07-31 01:58:14,622 [IPC Server listener on 12153] INFO  ipc.Server (Server.java:run(1344)) - IPC Server listener on 12153: starting
OM initialization succeeded.Current cluster id for sd=/home/runner/work/ozone/ozone/mnt/ozone/hadoop-ozone/integration-test/target/test-dir/MiniOzoneClusterImpl-91533540-afcd-48ec-9069-9da9f7250933/omNode-1/om;cid=91533540-afcd-48ec-9069-9da9f7250933;layoutVersion=0
2021-07-31 01:58:16,593 [Listener at 0.0.0.0/12155] INFO  ha.OMHANodeDetails (OMHANodeDetails.java:loadOMHAConfig(118)) - ServiceID for OzoneManager is om-bootstrap
2021-07-31 01:58:16,593 [Listener at 0.0.0.0/12155] INFO  ha.OMHANodeDetails (OMHANodeDetails.java:loadOMHAConfig(194)) - Found matching OM address with OMServiceId: om-bootstrap, OMNodeId: omNode-1, RPC Address: localhost:12144 and Ratis port: 12148
2021-07-31 01:58:16,593 [Listener at 0.0.0.0/12155] INFO  ha.OMHANodeDetails (ConfUtils.java:setNodeSpecificConfigs(108)) - Setting configuration key ozone.om.http-address with value of key ozone.om.http-address.om-bootstrap.omNode-1: 127.0.0.1:12146
2021-07-31 01:58:16,593 [Listener at 0.0.0.0/12155] INFO  ha.OMHANodeDetails (ConfUtils.java:setNodeSpecificConfigs(108)) - Setting configuration key ozone.om.https-address with value of key ozone.om.https-address.om-bootstrap.omNode-1: 127.0.0.1:12147
2021-07-31 01:58:16,596 [Listener at 0.0.0.0/12155] INFO  ha.OMHANodeDetails (ConfUtils.java:setNodeSpecificConfigs(108)) - Setting configuration key ozone.om.address with value of key ozone.om.address.om-bootstrap.omNode-1: 127.0.0.1:12144
2021-07-31 01:58:16,596 [Listener at 0.0.0.0/12155] WARN  server.ServerUtils (ServerUtils.java:getDBPath(225)) - ozone.om.db.dirs is not configured. We recommend adding this setting. Falling back to ozone.metadata.dirs instead.
2021-07-31 01:58:16,598 [Listener at 0.0.0.0/12155] INFO  upgrade.AbstractLayoutVersionManager (AbstractLayoutVersionManager.java:init(70)) - Initializing Layout version manager with metadata layout = INITIAL_VERSION (version = 0), software layout = INITIAL_VERSION (version = 0)
2021-07-31 01:58:16,651 [Listener at 0.0.0.0/12155] INFO  reflections.Reflections (Reflections.java:scan(232)) - Reflections took 48 ms to scan 2 urls, producing 131 keys and 342 values [using 2 cores]
2021-07-31 01:58:16,657 [Listener at 0.0.0.0/12155] INFO  upgrade.OMLayoutVersionManager (OMLayoutVersionManager.java:lambda$0(116)) - Skipping Upgrade Action MockOmUpgradeAction since it has been finalized.
2021-07-31 01:58:16,662 [Listener at 0.0.0.0/12155] WARN  server.ServerUtils (ServerUtils.java:getDBPath(225)) - ozone.om.db.dirs is not configured. We recommend adding this setting. Falling back to ozone.metadata.dirs instead.
2021-07-31 01:58:16,668 [Listener at 0.0.0.0/12155] INFO  ha.SCMNodeInfo (SCMNodeInfo.java:getPort(197)) - ConfigKey ozone.scm.client.address is deprecated, For configuring different ports for each SCM use PortConfigKey ozone.scm.client.port appended with serviceId and nodeId
2021-07-31 01:58:16,668 [Listener at 0.0.0.0/12155] INFO  ha.SCMNodeInfo (SCMNodeInfo.java:getPort(197)) - ConfigKey ozone.scm.block.client.address is deprecated, For configuring different ports for each SCM use PortConfigKey ozone.scm.block.client.port appended with serviceId and nodeId
2021-07-31 01:58:16,668 [Listener at 0.0.0.0/12155] INFO  ha.SCMNodeInfo (SCMNodeInfo.java:getPort(197)) - ConfigKey ozone.scm.datanode.address is deprecated, For configuring different ports for each SCM use PortConfigKey ozone.scm.datanode.port appended with serviceId and nodeId
2021-07-31 01:58:16,789 [Listener at 0.0.0.0/12155] INFO  ha.SCMNodeInfo (SCMNodeInfo.java:getPort(197)) - ConfigKey ozone.scm.client.address is deprecated, For configuring different ports for each SCM use PortConfigKey ozone.scm.client.port appended with serviceId and nodeId
2021-07-31 01:58:16,790 [Listener at 0.0.0.0/12155] INFO  ha.SCMNodeInfo (SCMNodeInfo.java:getPort(197)) - ConfigKey ozone.scm.block.client.address is deprecated, For configuring different ports for each SCM use PortConfigKey ozone.scm.block.client.port appended with serviceId and nodeId
2021-07-31 01:58:16,790 [Listener at 0.0.0.0/12155] INFO  ha.SCMNodeInfo (SCMNodeInfo.java:getPort(197)) - ConfigKey ozone.scm.datanode.address is deprecated, For configuring different ports for each SCM use PortConfigKey ozone.scm.datanode.port appended with serviceId and nodeId
2021-07-31 01:58:16,792 [Listener at 0.0.0.0/12155] INFO  ha.SCMNodeInfo (SCMNodeInfo.java:getPort(197)) - ConfigKey ozone.scm.client.address is deprecated, For configuring different ports for each SCM use PortConfigKey ozone.scm.client.port appended with serviceId and nodeId
2021-07-31 01:58:16,797 [Listener at 0.0.0.0/12155] INFO  ha.SCMNodeInfo (SCMNodeInfo.java:getPort(197)) - ConfigKey ozone.scm.block.client.address is deprecated, For configuring different ports for each SCM use PortConfigKey ozone.scm.block.client.port appended with serviceId and nodeId
2021-07-31 01:58:16,798 [Listener at 0.0.0.0/12155] INFO  ha.SCMNodeInfo (SCMNodeInfo.java:getPort(197)) - ConfigKey ozone.scm.datanode.address is deprecated, For configuring different ports for each SCM use PortConfigKey ozone.scm.datanode.port appended with serviceId and nodeId
2021-07-31 01:58:16,845 [Listener at 0.0.0.0/12155] WARN  server.ServerUtils (ServerUtils.java:getDBPath(225)) - ozone.om.db.dirs is not configured. We recommend adding this setting. Falling back to ozone.metadata.dirs instead.
2021-07-31 01:58:16,854 [Listener at 0.0.0.0/12155] INFO  codec.OmKeyInfoCodec (OmKeyInfoCodec.java:<init>(51)) - OmKeyInfoCodec ignorePipeline = true
2021-07-31 01:58:16,855 [Listener at 0.0.0.0/12155] INFO  codec.RepeatedOmKeyInfoCodec (RepeatedOmKeyInfoCodec.java:<init>(42)) - RepeatedOmKeyInfoCodec ignorePipeline = true
2021-07-31 01:58:17,032 [Listener at 0.0.0.0/12155] INFO  om.OzoneManager (OzoneManager.java:addS3GVolumeToDB(4084)) - Created Volume s3v With Owner runner required for S3Gateway operations.
2021-07-31 01:58:17,093 [Listener at 0.0.0.0/12155] WARN  server.ServerUtils (ServerUtils.java:getDefaultRatisDirectory(237)) - Storage directory for Ratis is not configured. It is a good idea to map this to an SSD disk. Falling back to ozone.metadata.dirs
2021-07-31 01:58:17,093 [Listener at 0.0.0.0/12155] WARN  utils.OzoneManagerRatisUtils (OzoneManagerRatisUtils.java:getOMRatisSnapshotDirectory(391)) - ozone.om.ratis.snapshot.dir is not configured. Falling back to ozone.metadata.dirs config
2021-07-31 01:58:17,094 [Listener at 0.0.0.0/12155] INFO  snapshot.OzoneManagerSnapshotProvider (OzoneManagerSnapshotProvider.java:<init>(76)) - Initializing OM Snapshot Provider
2021-07-31 01:58:17,181 [Listener at 0.0.0.0/12155] WARN  impl.MetricRegistriesImpl (MetricRegistriesImpl.java:addReporterRegistration(111)) - New reporters are added after registries were created. Some metrics will be missing from the reporter. Please add reporter before adding any new registry.
2021-07-31 01:58:17,182 [Listener at 0.0.0.0/12155] WARN  impl.MetricRegistriesImpl (MetricRegistriesImpl.java:addReporterRegistration(111)) - New reporters are added after registries were created. Some metrics will be missing from the reporter. Please add reporter before adding any new registry.
2021-07-31 01:58:17,185 [Listener at 0.0.0.0/12155] WARN  server.ServerUtils (ServerUtils.java:getDefaultRatisDirectory(237)) - Storage directory for Ratis is not configured. It is a good idea to map this to an SSD disk. Falling back to ozone.metadata.dirs
2021-07-31 01:58:17,187 [Listener at 0.0.0.0/12155] INFO  ratis.OzoneManagerRatisServer (OzoneManagerRatisServer.java:<init>(158)) - Instantiating OM Ratis server with groupID: om-bootstrap and peers: localhost:12148, localhost:12160, localhost:12154
2021-07-31 01:58:17,190 [Listener at 0.0.0.0/12155] INFO  ratis.OzoneManagerStateMachine (OzoneManagerStateMachine.java:loadSnapshotInfoFromDB(605)) - LastAppliedIndex is set from TransactionInfo from OM DB as (t:0, i:~)
2021-07-31 01:58:17,200 [Listener at 0.0.0.0/12155] INFO  server.RaftServer (ConfUtils.java:logGet(44)) - raft.rpc.type = GRPC (default)
2021-07-31 01:58:17,201 [Listener at 0.0.0.0/12155] INFO  grpc.GrpcFactory (GrpcFactory.java:checkPooledByteBufAllocatorUseCacheForAllThreads(48)) - PERFORMANCE WARNING: useCacheForAllThreads is true that may cause Netty to create a lot garbage objects and, as a result, trigger GC.
	It is recommended to disable useCacheForAllThreads by setting -Dorg.apache.ratis.thirdparty.io.netty.allocator.useCacheForAllThreads=false in command line.
2021-07-31 01:58:17,201 [Listener at 0.0.0.0/12155] INFO  grpc.GrpcConfigKeys (ConfUtils.java:logGet(44)) - raft.grpc.admin.port = -1 (default)
2021-07-31 01:58:17,201 [Listener at 0.0.0.0/12155] INFO  grpc.GrpcConfigKeys (ConfUtils.java:logGet(44)) - raft.grpc.server.port = 12148 (custom)
2021-07-31 01:58:17,201 [Listener at 0.0.0.0/12155] INFO  grpc.GrpcConfigKeys (ConfUtils.java:logGet(44)) - raft.grpc.client.port = -1 (default)
2021-07-31 01:58:17,201 [Listener at 0.0.0.0/12155] INFO  grpc.GrpcConfigKeys (ConfUtils.java:logGet(44)) - raft.grpc.server.port = 12148 (custom)
2021-07-31 01:58:17,201 [Listener at 0.0.0.0/12155] INFO  grpc.GrpcConfigKeys (ConfUtils.java:logGet(44)) - raft.grpc.server.port = 12148 (custom)
2021-07-31 01:58:17,201 [Listener at 0.0.0.0/12155] INFO  server.GrpcService (ConfUtils.java:logGet(44)) - raft.grpc.message.size.max = 33554432 (custom)
2021-07-31 01:58:17,202 [Listener at 0.0.0.0/12155] INFO  server.RaftServerConfigKeys (ConfUtils.java:logGet(44)) - raft.server.log.appender.buffer.byte-limit = 33554432 (custom)
2021-07-31 01:58:17,202 [Listener at 0.0.0.0/12155] INFO  server.GrpcService (ConfUtils.java:logGet(44)) - raft.grpc.flow.control.window = 1MB (=1048576) (default)
2021-07-31 01:58:17,202 [Listener at 0.0.0.0/12155] INFO  server.RaftServerConfigKeys (ConfUtils.java:logGet(44)) - raft.server.rpc.request.timeout = 3000ms (default)
2021-07-31 01:58:17,203 [Listener at 0.0.0.0/12155] INFO  impl.DataStreamServerImpl (ConfUtils.java:logGet(44)) - raft.datastream.type = DISABLED (default)
2021-07-31 01:58:17,203 [Listener at 0.0.0.0/12155] INFO  server.RaftServerConfigKeys (ConfUtils.java:logGet(44)) - raft.server.rpc.slowness.timeout = 2s (custom)
2021-07-31 01:58:17,203 [Listener at 0.0.0.0/12155] INFO  server.RaftServerConfigKeys (ConfUtils.java:logGet(44)) - raft.server.leaderelection.leader.step-down.wait-time = 10s (default)
2021-07-31 01:58:17,204 [Listener at 0.0.0.0/12155] INFO  server.RaftServerConfigKeys (ConfUtils.java:logGet(44)) - raft.server.storage.dir = [/home/runner/work/ozone/ozone/mnt/ozone/hadoop-ozone/integration-test/target/test-dir/MiniOzoneClusterImpl-91533540-afcd-48ec-9069-9da9f7250933/omNode-1/ratis] (custom)
2021-07-31 01:58:17,204 [Listener at 0.0.0.0/12155] INFO  server.RaftServer (RaftServerProxy.java:addNew(95)) - omNode-1: addNew group-33FC8B15A7E9:[omNode-3|rpc:localhost:12160|priority:0, omNode-1|rpc:localhost:12148|priority:0, omNode-2|rpc:localhost:12154|priority:0] returns group-33FC8B15A7E9:java.util.concurrent.CompletableFuture@627c2b29[Not completed]
2021-07-31 01:58:17,204 [Listener at 0.0.0.0/12155] INFO  om.OzoneManager (OzoneManager.java:initializeRatisServer(1542)) - OzoneManager Ratis server initialized at port 12148
2021-07-31 01:58:17,210 [pool-44-thread-1] INFO  server.RaftServer$Division (RaftServerImpl.java:<init>(181)) - omNode-1: new RaftServerImpl for group-33FC8B15A7E9:[omNode-3|rpc:localhost:12160|priority:0, omNode-1|rpc:localhost:12148|priority:0, omNode-2|rpc:localhost:12154|priority:0] with OzoneManagerStateMachine:uninitialized
2021-07-31 01:58:17,213 [pool-44-thread-1] INFO  server.RaftServerConfigKeys (ConfUtils.java:logGet(44)) - raft.server.rpc.timeout.min = 1s (custom)
2021-07-31 01:58:17,213 [pool-44-thread-1] INFO  server.RaftServerConfigKeys (ConfUtils.java:logGet(44)) - raft.server.rpc.timeout.max = 1200ms (custom)
2021-07-31 01:58:17,213 [pool-44-thread-1] INFO  server.RaftServerConfigKeys (ConfUtils.java:logGet(44)) - raft.server.rpc.sleep.time = 25ms (default)
2021-07-31 01:58:17,213 [pool-44-thread-1] INFO  server.RaftServerConfigKeys (ConfUtils.java:logGet(44)) - raft.server.rpc.slowness.timeout = 2s (custom)
2021-07-31 01:58:17,213 [pool-44-thread-1] INFO  server.RaftServerConfigKeys (ConfUtils.java:logGet(44)) - raft.server.leaderelection.leader.step-down.wait-time = 10s (default)
2021-07-31 01:58:17,213 [pool-44-thread-1] INFO  server.RaftServerConfigKeys (ConfUtils.java:logGet(44)) - raft.server.sleep.deviation.threshold = 300ms (default)
2021-07-31 01:58:17,213 [pool-44-thread-1] INFO  server.RaftServerConfigKeys (ConfUtils.java:logGet(44)) - raft.server.log.appender.install.snapshot.enabled = false (custom)
2021-07-31 01:58:17,213 [pool-44-thread-1] INFO  server.RaftServer$Division (ServerState.java:<init>(105)) - omNode-1@group-33FC8B15A7E9: ConfigurationManager, init=-1: [omNode-3|rpc:localhost:12160|priority:0, omNode-1|rpc:localhost:12148|priority:0, omNode-2|rpc:localhost:12154|priority:0], old=null, confs=<EMPTY_MAP>
2021-07-31 01:58:17,213 [pool-44-thread-1] INFO  server.RaftServerConfigKeys (ConfUtils.java:logGet(44)) - raft.server.storage.dir = [/home/runner/work/ozone/ozone/mnt/ozone/hadoop-ozone/integration-test/target/test-dir/MiniOzoneClusterImpl-91533540-afcd-48ec-9069-9da9f7250933/omNode-1/ratis] (custom)
2021-07-31 01:58:17,214 [pool-44-thread-1] INFO  server.RaftServerConfigKeys (ConfUtils.java:logGet(44)) - raft.server.log.corruption.policy = EXCEPTION (default)
2021-07-31 01:58:17,214 [pool-44-thread-1] INFO  server.RaftServerConfigKeys (ConfUtils.java:logGet(44)) - raft.server.storage.free-space.min = 0MB (=0) (default)
2021-07-31 01:58:17,214 [pool-44-thread-1] INFO  storage.RaftStorageDirectory (RaftStorageDirectoryImpl.java:analyzeStorage(135)) - The storage directory /home/runner/work/ozone/ozone/mnt/ozone/hadoop-ozone/integration-test/target/test-dir/MiniOzoneClusterImpl-91533540-afcd-48ec-9069-9da9f7250933/omNode-1/ratis/a5a8c63e-4922-3a03-b163-33fc8b15a7e9 does not exist. Creating ...
2021-07-31 01:58:17,215 [pool-44-thread-1] INFO  storage.RaftStorageDirectory (RaftStorageDirectoryImpl.java:tryLock(230)) - Lock on /home/runner/work/ozone/ozone/mnt/ozone/hadoop-ozone/integration-test/target/test-dir/MiniOzoneClusterImpl-91533540-afcd-48ec-9069-9da9f7250933/omNode-1/ratis/a5a8c63e-4922-3a03-b163-33fc8b15a7e9/in_use.lock acquired by nodename 10685@fv-az195-43
2021-07-31 01:58:17,217 [pool-44-thread-1] INFO  storage.RaftStorage (RaftStorageImpl.java:format(89)) - Storage directory /home/runner/work/ozone/ozone/mnt/ozone/hadoop-ozone/integration-test/target/test-dir/MiniOzoneClusterImpl-91533540-afcd-48ec-9069-9da9f7250933/omNode-1/ratis/a5a8c63e-4922-3a03-b163-33fc8b15a7e9 has been successfully formatted.
2021-07-31 01:58:17,218 [pool-44-thread-1] INFO  server.RaftServerConfigKeys (ConfUtils.java:logGet(44)) - raft.server.notification.no-leader.timeout = 2s (custom)
2021-07-31 01:58:17,218 [pool-44-thread-1] INFO  server.RaftServerConfigKeys (ConfUtils.java:logGet(44)) - raft.server.log.use.memory = false (default)
2021-07-31 01:58:17,218 [pool-44-thread-1] INFO  server.RaftServerConfigKeys (ConfUtils.java:logGet(44)) - raft.server.log.purge.gap = 1000000 (custom)
2021-07-31 01:58:17,218 [pool-44-thread-1] INFO  server.RaftServerConfigKeys (ConfUtils.java:logGet(44)) - raft.server.log.appender.buffer.byte-limit = 33554432 (custom)
2021-07-31 01:58:17,220 [pool-44-thread-1] INFO  server.RaftServerConfigKeys (ConfUtils.java:logGet(44)) - raft.server.log.segment.size.max = 4194304 (custom)
2021-07-31 01:58:17,222 [pool-44-thread-1] INFO  server.RaftServerConfigKeys (ConfUtils.java:logGet(44)) - raft.server.log.segment.cache.num.max = 2 (custom)
2021-07-31 01:58:17,222 [pool-44-thread-1] INFO  server.RaftServerConfigKeys (ConfUtils.java:logGet(44)) - raft.server.log.segment.cache.size.max = 200MB (=209715200) (default)
2021-07-31 01:58:17,223 [pool-44-thread-1] INFO  segmented.SegmentedRaftLogWorker (SegmentedRaftLogWorker.java:<init>(182)) - new omNode-1@group-33FC8B15A7E9-SegmentedRaftLogWorker for RaftStorageImpl:Storage Directory /home/runner/work/ozone/ozone/mnt/ozone/hadoop-ozone/integration-test/target/test-dir/MiniOzoneClusterImpl-91533540-afcd-48ec-9069-9da9f7250933/omNode-1/ratis/a5a8c63e-4922-3a03-b163-33fc8b15a7e9
2021-07-31 01:58:17,224 [pool-44-thread-1] INFO  server.RaftServerConfigKeys (ConfUtils.java:logGet(44)) - raft.server.log.queue.byte-limit = 64MB (=67108864) (default)
2021-07-31 01:58:17,224 [pool-44-thread-1] INFO  server.RaftServerConfigKeys (ConfUtils.java:logGet(44)) - raft.server.log.queue.element-limit = 4096 (default)
2021-07-31 01:58:17,224 [pool-44-thread-1] INFO  server.RaftServerConfigKeys (ConfUtils.java:logGet(44)) - raft.server.log.segment.size.max = 4194304 (custom)
2021-07-31 01:58:17,224 [pool-44-thread-1] INFO  server.RaftServerConfigKeys (ConfUtils.java:logGet(44)) - raft.server.log.preallocated.size = 4194304 (custom)
2021-07-31 01:58:17,224 [pool-44-thread-1] INFO  server.RaftServerConfigKeys (ConfUtils.java:logGet(44)) - raft.server.log.force.sync.num = 128 (default)
2021-07-31 01:58:17,224 [pool-44-thread-1] INFO  server.RaftServerConfigKeys (ConfUtils.java:logGet(44)) - raft.server.log.statemachine.data.sync = true (default)
2021-07-31 01:58:17,224 [pool-44-thread-1] INFO  server.RaftServerConfigKeys (ConfUtils.java:logGet(44)) - raft.server.log.statemachine.data.sync.timeout = 10s (default)
2021-07-31 01:58:17,224 [pool-44-thread-1] INFO  server.RaftServerConfigKeys (ConfUtils.java:logGet(44)) - raft.server.log.statemachine.data.sync.timeout.retry = -1 (default)
2021-07-31 01:58:17,225 [pool-44-thread-1] INFO  server.RaftServerConfigKeys (ConfUtils.java:logGet(44)) - raft.server.log.write.buffer.size = 64KB (=65536) (default)
2021-07-31 01:58:17,225 [pool-44-thread-1] INFO  server.RaftServerConfigKeys (ConfUtils.java:logGet(44)) - raft.server.log.statemachine.data.caching.enabled = false (default)
2021-07-31 01:58:17,225 [pool-44-thread-1] INFO  segmented.SegmentedRaftLogWorker (SegmentedRaftLogWorker.java:lambda$new$0(133)) - omNode-1@group-33FC8B15A7E9-SegmentedRaftLogWorker: flushIndex: setUnconditionally 0 -> -1
2021-07-31 01:58:17,225 [pool-44-thread-1] INFO  segmented.SegmentedRaftLogWorker (SegmentedRaftLogWorker.java:lambda$new$0(133)) - omNode-1@group-33FC8B15A7E9-SegmentedRaftLogWorker: safeCacheEvictIndex: setUnconditionally 0 -> -1
2021-07-31 01:58:17,224 [Listener at 0.0.0.0/12155] INFO  ipc.CallQueueManager (CallQueueManager.java:<init>(90)) - Using callQueue: class java.util.concurrent.LinkedBlockingQueue, queueCapacity: 2000, scheduler: class org.apache.hadoop.ipc.DefaultRpcScheduler, ipcBackoff: false.
2021-07-31 01:58:17,232 [pool-44-thread-1] INFO  server.RaftServerConfigKeys (ConfUtils.java:logGet(44)) - raft.server.snapshot.auto.trigger.enabled = true (custom)
2021-07-31 01:58:17,233 [pool-44-thread-1] INFO  server.RaftServerConfigKeys (ConfUtils.java:logGet(44)) - raft.server.snapshot.auto.trigger.threshold = 400000 (default)
2021-07-31 01:58:17,233 [pool-44-thread-1] INFO  server.RaftServerConfigKeys (ConfUtils.java:logGet(44)) - raft.server.snapshot.retention.file.num = -1 (default)
2021-07-31 01:58:17,233 [pool-44-thread-1] INFO  server.RaftServerConfigKeys (ConfUtils.java:logGet(44)) - raft.server.log.purge.upto.snapshot.index = true (custom)
2021-07-31 01:58:17,233 [Socket Reader #1 for port 12144] INFO  ipc.Server (Server.java:run(1265)) - Starting Socket Reader #1 for port 12144
2021-07-31 01:58:17,240 [pool-44-thread-1] INFO  server.RaftServerConfigKeys (ConfUtils.java:logGet(44)) - raft.server.retrycache.expirytime = 300s (custom)
2021-07-31 01:58:17,240 [pool-44-thread-1] INFO  server.RaftServerConfigKeys (ConfUtils.java:logGet(44)) - raft.server.retrycache.statistics.expirytime = 100μs (default)
2021-07-31 01:58:17,258 [Listener at 127.0.0.1/12144] INFO  om.OzoneManager (OzoneManager.java:initFSOLayout(4290)) - Configured ozone.om.metadata.layout=SIMPLE and disabled optimized OM FS operations
2021-07-31 01:58:17,259 [Listener at 127.0.0.1/12144] INFO  impl.MetricsSystemImpl (MetricsSystemImpl.java:init(158)) - OzoneManager metrics system started (again)
2021-07-31 01:58:17,272 [Listener at 127.0.0.1/12144] INFO  om.OzoneManager (OzoneManager.java:start(1239)) - OzoneManager RPC server is listening at localhost/127.0.0.1:12144
2021-07-31 01:58:17,272 [Listener at 127.0.0.1/12144] INFO  ratis.OzoneManagerRatisServer (OzoneManagerRatisServer.java:start(516)) - Starting OzoneManagerRatisServer omNode-1 at port 12148
2021-07-31 01:58:17,272 [Listener at 127.0.0.1/12144] INFO  server.RaftServer$Division (RaftServerImpl.java:start(296)) - omNode-1@group-33FC8B15A7E9: start as a follower, conf=-1: [omNode-3|rpc:localhost:12160|priority:0, omNode-1|rpc:localhost:12148|priority:0, omNode-2|rpc:localhost:12154|priority:0], old=null
2021-07-31 01:58:17,272 [Listener at 127.0.0.1/12144] INFO  server.RaftServer$Division (RaftServerImpl.java:setRole(285)) - omNode-1@group-33FC8B15A7E9: changes role from      null to FOLLOWER at term 0 for startAsFollower
2021-07-31 01:58:17,272 [Listener at 127.0.0.1/12144] INFO  impl.RoleInfo (RoleInfo.java:updateAndGet(130)) - omNode-1: start omNode-1@group-33FC8B15A7E9-FollowerState
2021-07-31 01:58:17,273 [Listener at 127.0.0.1/12144] INFO  util.JmxRegister (JmxRegister.java:tryRegister(44)) - Successfully registered JMX Bean with object name Ratis:service=RaftServer,group=group-33FC8B15A7E9,id=omNode-1
2021-07-31 01:58:17,274 [Listener at 127.0.0.1/12144] INFO  server.RaftServer (RaftServerProxy.java:lambda$start$5(374)) - omNode-1: start RPC server
2021-07-31 01:58:17,278 [Listener at 127.0.0.1/12144] INFO  server.GrpcService (GrpcService.java:startImpl(253)) - omNode-1: GrpcService started, listening on 12148
2021-07-31 01:58:17,281 [Listener at 127.0.0.1/12144] INFO  om.OzoneManager (OzoneManager.java:start(1257)) - Version File has different layout version (0) than OM DB (null). That is expected if this OM has never been finalized to a newer layout version.
2021-07-31 01:58:17,282 [org.apache.ratis.util.JvmPauseMonitor$$Lambda$430/1260111579@7bb695a7] INFO  util.JvmPauseMonitor (JvmPauseMonitor.java:run(103)) - JvmPauseMonitor-omNode-1: Started
2021-07-31 01:58:17,292 [Listener at 127.0.0.1/12144] INFO  http.BaseHttpServer (BaseHttpServer.java:newHttpServer2BuilderForOzone(209)) - Starting Web-server for ozoneManager at: http://0.0.0.0:12146
2021-07-31 01:58:17,292 [Listener at 127.0.0.1/12144] INFO  http.BaseHttpServer (BaseHttpServer.java:<init>(107)) - Hadoop Security Enabled: false Ozone Security Enabled: false Ozone HTTP Security Enabled: false 
2021-07-31 01:58:17,293 [Listener at 127.0.0.1/12144] INFO  server.AuthenticationFilter (AuthenticationFilter.java:constructSecretProvider(240)) - Unable to initialize FileSignerSecretProvider, falling back to use random secrets.
2021-07-31 01:58:17,295 [Listener at 127.0.0.1/12144] WARN  http.HttpRequestLog (HttpRequestLog.java:getRequestLog(103)) - Jetty request log can only be enabled using Log4j
2021-07-31 01:58:17,296 [Listener at 127.0.0.1/12144] INFO  http.HttpServer2 (HttpServer2.java:addGlobalFilter(1020)) - Added global filter 'safety' (class=org.apache.hadoop.hdds.server.http.HttpServer2$QuotingInputFilter)
2021-07-31 01:58:17,297 [Listener at 127.0.0.1/12144] INFO  http.HttpServer2 (HttpServer2.java:addFilter(996)) - Added filter static_user_filter (class=org.apache.hadoop.http.lib.StaticUserWebFilter$StaticUserFilter) to context ozoneManager
2021-07-31 01:58:17,297 [Listener at 127.0.0.1/12144] INFO  http.HttpServer2 (HttpServer2.java:addFilter(1004)) - Added filter static_user_filter (class=org.apache.hadoop.http.lib.StaticUserWebFilter$StaticUserFilter) to context logs
2021-07-31 01:58:17,297 [Listener at 127.0.0.1/12144] INFO  http.HttpServer2 (HttpServer2.java:addFilter(1004)) - Added filter static_user_filter (class=org.apache.hadoop.http.lib.StaticUserWebFilter$StaticUserFilter) to context static
2021-07-31 01:58:17,299 [Listener at 127.0.0.1/12144] INFO  http.HttpServer2 (HttpServer2.java:bindListener(1239)) - Jetty bound to port 12146
2021-07-31 01:58:17,299 [Listener at 127.0.0.1/12144] INFO  server.Server (Server.java:doStart(375)) - jetty-9.4.35.v20201120; built: 2020-11-20T21:17:03.964Z; git: bdc54f03a5e0a7e280fab27f55c3c75ee8da89fb; jvm 1.8.0_292-b10
2021-07-31 01:58:17,300 [Listener at 127.0.0.1/12144] INFO  server.session (DefaultSessionIdManager.java:doStart(334)) - DefaultSessionIdManager workerName=node0
2021-07-31 01:58:17,301 [Listener at 127.0.0.1/12144] INFO  server.session (DefaultSessionIdManager.java:doStart(339)) - No SessionScavenger set, using defaults
2021-07-31 01:58:17,301 [Listener at 127.0.0.1/12144] INFO  server.session (HouseKeeper.java:startScavenging(132)) - node0 Scavenging every 600000ms
2021-07-31 01:58:17,301 [Listener at 127.0.0.1/12144] INFO  handler.ContextHandler (ContextHandler.java:doStart(916)) - Started o.e.j.s.ServletContextHandler@43997094{logs,/logs,file:///home/runner/work/ozone/ozone/mnt/ozone/hadoop-ozone/integration-test/target/log,AVAILABLE}
2021-07-31 01:58:17,302 [Listener at 127.0.0.1/12144] INFO  handler.ContextHandler (ContextHandler.java:doStart(916)) - Started o.e.j.s.ServletContextHandler@1550fe5e{static,/static,file:///home/runner/work/ozone/ozone/mnt/ozone/hadoop-ozone/integration-test/target/test-classes/webapps/static,AVAILABLE}
2021-07-31 01:58:17,305 [Listener at 127.0.0.1/12144] INFO  handler.ContextHandler (ContextHandler.java:doStart(916)) - Started o.e.j.w.WebAppContext@29b630e7{ozoneManager,/,file:///home/runner/work/ozone/ozone/mnt/ozone/hadoop-ozone/integration-test/target/test-classes/webapps/ozoneManager/,AVAILABLE}{file:/home/runner/work/ozone/ozone/mnt/ozone/hadoop-ozone/integration-test/target/test-classes/webapps/ozoneManager}
2021-07-31 01:58:17,306 [Listener at 127.0.0.1/12144] INFO  server.AbstractConnector (AbstractConnector.java:doStart(331)) - Started ServerConnector@4ca1a0c1{HTTP/1.1, (http/1.1)}{0.0.0.0:12146}
2021-07-31 01:58:17,306 [Listener at 127.0.0.1/12144] INFO  server.Server (Server.java:doStart(415)) - Started @17506ms
2021-07-31 01:58:17,306 [Listener at 127.0.0.1/12144] WARN  impl.MetricsSystemImpl (MetricsSystemImpl.java:register(279)) - Sink prometheus already exists!
2021-07-31 01:58:17,309 [Listener at 127.0.0.1/12144] INFO  http.BaseHttpServer (BaseHttpServer.java:updateConnectorAddress(329)) - HTTP server of ozoneManager listening at http://0.0.0.0:12146
2021-07-31 01:58:17,309 [IPC Server Responder] INFO  ipc.Server (Server.java:run(1507)) - IPC Server Responder: starting
2021-07-31 01:58:17,309 [IPC Server listener on 12144] INFO  ipc.Server (Server.java:run(1344)) - IPC Server listener on 12144: starting
2021-07-31 01:58:17,315 [Listener at 127.0.0.1/12144] INFO  om.OzoneManager (OzoneManager.java:startTrashEmptier(1500)) - Trash Interval set to 0. Files deleted will not move to trash
2021-07-31 01:58:17,316 [Listener at 127.0.0.1/12144] INFO  ozone.MiniOzoneHAClusterImpl (MiniOzoneHAClusterImpl.java:createOMService(484)) - Started OzoneManager omNode-1 RPC server at localhost/127.0.0.1:12144
2021-07-31 01:58:17,316 [org.apache.hadoop.util.JvmPauseMonitor$Monitor@669100e4] INFO  util.JvmPauseMonitor (JvmPauseMonitor.java:run(188)) - Starting JVM pause monitor
2021-07-31 01:58:17,317 [Listener at 127.0.0.1/12144] INFO  ha.OMHANodeDetails (OMHANodeDetails.java:loadOMHAConfig(118)) - ServiceID for OzoneManager is om-bootstrap
2021-07-31 01:58:17,318 [Listener at 127.0.0.1/12144] INFO  ha.OMHANodeDetails (OMHANodeDetails.java:loadOMHAConfig(194)) - Found matching OM address with OMServiceId: om-bootstrap, OMNodeId: omNode-2, RPC Address: localhost:12150 and Ratis port: 12154
2021-07-31 01:58:17,318 [Listener at 127.0.0.1/12144] INFO  ha.OMHANodeDetails (ConfUtils.java:setNodeSpecificConfigs(108)) - Setting configuration key ozone.om.http-address with value of key ozone.om.http-address.om-bootstrap.omNode-2: 127.0.0.1:12152
2021-07-31 01:58:17,318 [Listener at 127.0.0.1/12144] INFO  ha.OMHANodeDetails (ConfUtils.java:setNodeSpecificConfigs(108)) - Setting configuration key ozone.om.https-address with value of key ozone.om.https-address.om-bootstrap.omNode-2: 127.0.0.1:12153
2021-07-31 01:58:17,318 [Listener at 127.0.0.1/12144] INFO  ha.OMHANodeDetails (ConfUtils.java:setNodeSpecificConfigs(108)) - Setting configuration key ozone.om.address with value of key ozone.om.address.om-bootstrap.omNode-2: 127.0.0.1:12150
2021-07-31 01:58:17,318 [Listener at 127.0.0.1/12144] WARN  server.ServerUtils (ServerUtils.java:getDBPath(225)) - ozone.om.db.dirs is not configured. We recommend adding this setting. Falling back to ozone.metadata.dirs instead.
2021-07-31 01:58:17,319 [Listener at 127.0.0.1/12144] INFO  ha.SCMNodeInfo (SCMNodeInfo.java:getPort(197)) - ConfigKey ozone.scm.client.address is deprecated, For configuring different ports for each SCM use PortConfigKey ozone.scm.client.port appended with serviceId and nodeId
2021-07-31 01:58:17,319 [Listener at 127.0.0.1/12144] INFO  ha.SCMNodeInfo (SCMNodeInfo.java:getPort(197)) - ConfigKey ozone.scm.block.client.address is deprecated, For configuring different ports for each SCM use PortConfigKey ozone.scm.block.client.port appended with serviceId and nodeId
2021-07-31 01:58:17,319 [Listener at 127.0.0.1/12144] INFO  ha.SCMNodeInfo (SCMNodeInfo.java:getPort(197)) - ConfigKey ozone.scm.datanode.address is deprecated, For configuring different ports for each SCM use PortConfigKey ozone.scm.datanode.port appended with serviceId and nodeId
OM initialization succeeded.Current cluster id for sd=/home/runner/work/ozone/ozone/mnt/ozone/hadoop-ozone/integration-test/target/test-dir/MiniOzoneClusterImpl-91533540-afcd-48ec-9069-9da9f7250933/omNode-2/om;cid=91533540-afcd-48ec-9069-9da9f7250933;layoutVersion=0
2021-07-31 01:58:17,327 [Listener at 127.0.0.1/12144] INFO  ha.OMHANodeDetails (OMHANodeDetails.java:loadOMHAConfig(118)) - ServiceID for OzoneManager is om-bootstrap
2021-07-31 01:58:17,327 [Listener at 127.0.0.1/12144] INFO  ha.OMHANodeDetails (OMHANodeDetails.java:loadOMHAConfig(194)) - Found matching OM address with OMServiceId: om-bootstrap, OMNodeId: omNode-2, RPC Address: localhost:12150 and Ratis port: 12154
2021-07-31 01:58:17,327 [Listener at 127.0.0.1/12144] INFO  ha.OMHANodeDetails (ConfUtils.java:setNodeSpecificConfigs(108)) - Setting configuration key ozone.om.http-address with value of key ozone.om.http-address.om-bootstrap.omNode-2: 127.0.0.1:12152
2021-07-31 01:58:17,328 [Listener at 127.0.0.1/12144] INFO  ha.OMHANodeDetails (ConfUtils.java:setNodeSpecificConfigs(108)) - Setting configuration key ozone.om.https-address with value of key ozone.om.https-address.om-bootstrap.omNode-2: 127.0.0.1:12153
2021-07-31 01:58:17,328 [Listener at 127.0.0.1/12144] INFO  ha.OMHANodeDetails (ConfUtils.java:setNodeSpecificConfigs(108)) - Setting configuration key ozone.om.address with value of key ozone.om.address.om-bootstrap.omNode-2: 127.0.0.1:12150
2021-07-31 01:58:17,328 [Listener at 127.0.0.1/12144] WARN  server.ServerUtils (ServerUtils.java:getDBPath(225)) - ozone.om.db.dirs is not configured. We recommend adding this setting. Falling back to ozone.metadata.dirs instead.
2021-07-31 01:58:17,328 [Listener at 127.0.0.1/12144] INFO  upgrade.AbstractLayoutVersionManager (AbstractLayoutVersionManager.java:init(70)) - Initializing Layout version manager with metadata layout = INITIAL_VERSION (version = 0), software layout = INITIAL_VERSION (version = 0)
2021-07-31 01:58:17,376 [Listener at 127.0.0.1/12144] INFO  reflections.Reflections (Reflections.java:scan(232)) - Reflections took 47 ms to scan 2 urls, producing 131 keys and 342 values [using 2 cores]
2021-07-31 01:58:17,376 [Listener at 127.0.0.1/12144] INFO  upgrade.OMLayoutVersionManager (OMLayoutVersionManager.java:lambda$0(116)) - Skipping Upgrade Action MockOmUpgradeAction since it has been finalized.
2021-07-31 01:58:17,376 [Listener at 127.0.0.1/12144] WARN  server.ServerUtils (ServerUtils.java:getDBPath(225)) - ozone.om.db.dirs is not configured. We recommend adding this setting. Falling back to ozone.metadata.dirs instead.
2021-07-31 01:58:17,377 [Listener at 127.0.0.1/12144] INFO  ha.SCMNodeInfo (SCMNodeInfo.java:getPort(197)) - ConfigKey ozone.scm.client.address is deprecated, For configuring different ports for each SCM use PortConfigKey ozone.scm.client.port appended with serviceId and nodeId
2021-07-31 01:58:17,377 [Listener at 127.0.0.1/12144] INFO  ha.SCMNodeInfo (SCMNodeInfo.java:getPort(197)) - ConfigKey ozone.scm.block.client.address is deprecated, For configuring different ports for each SCM use PortConfigKey ozone.scm.block.client.port appended with serviceId and nodeId
2021-07-31 01:58:17,377 [Listener at 127.0.0.1/12144] INFO  ha.SCMNodeInfo (SCMNodeInfo.java:getPort(197)) - ConfigKey ozone.scm.datanode.address is deprecated, For configuring different ports for each SCM use PortConfigKey ozone.scm.datanode.port appended with serviceId and nodeId
2021-07-31 01:58:17,377 [Listener at 127.0.0.1/12144] INFO  ha.SCMNodeInfo (SCMNodeInfo.java:getPort(197)) - ConfigKey ozone.scm.client.address is deprecated, For configuring different ports for each SCM use PortConfigKey ozone.scm.client.port appended with serviceId and nodeId
2021-07-31 01:58:17,377 [Listener at 127.0.0.1/12144] INFO  ha.SCMNodeInfo (SCMNodeInfo.java:getPort(197)) - ConfigKey ozone.scm.block.client.address is deprecated, For configuring different ports for each SCM use PortConfigKey ozone.scm.block.client.port appended with serviceId and nodeId
2021-07-31 01:58:17,377 [Listener at 127.0.0.1/12144] INFO  ha.SCMNodeInfo (SCMNodeInfo.java:getPort(197)) - ConfigKey ozone.scm.datanode.address is deprecated, For configuring different ports for each SCM use PortConfigKey ozone.scm.datanode.port appended with serviceId and nodeId
2021-07-31 01:58:17,379 [Listener at 127.0.0.1/12144] INFO  ha.SCMNodeInfo (SCMNodeInfo.java:getPort(197)) - ConfigKey ozone.scm.client.address is deprecated, For configuring different ports for each SCM use PortConfigKey ozone.scm.client.port appended with serviceId and nodeId
2021-07-31 01:58:17,379 [Listener at 127.0.0.1/12144] INFO  ha.SCMNodeInfo (SCMNodeInfo.java:getPort(197)) - ConfigKey ozone.scm.block.client.address is deprecated, For configuring different ports for each SCM use PortConfigKey ozone.scm.block.client.port appended with serviceId and nodeId
2021-07-31 01:58:17,379 [Listener at 127.0.0.1/12144] INFO  ha.SCMNodeInfo (SCMNodeInfo.java:getPort(197)) - ConfigKey ozone.scm.datanode.address is deprecated, For configuring different ports for each SCM use PortConfigKey ozone.scm.datanode.port appended with serviceId and nodeId
2021-07-31 01:58:17,387 [Listener at 127.0.0.1/12144] WARN  server.ServerUtils (ServerUtils.java:getDBPath(225)) - ozone.om.db.dirs is not configured. We recommend adding this setting. Falling back to ozone.metadata.dirs instead.
2021-07-31 01:58:17,387 [Listener at 127.0.0.1/12144] INFO  codec.OmKeyInfoCodec (OmKeyInfoCodec.java:<init>(51)) - OmKeyInfoCodec ignorePipeline = true
2021-07-31 01:58:17,387 [Listener at 127.0.0.1/12144] INFO  codec.RepeatedOmKeyInfoCodec (RepeatedOmKeyInfoCodec.java:<init>(42)) - RepeatedOmKeyInfoCodec ignorePipeline = true
2021-07-31 01:58:17,478 [Listener at 127.0.0.1/12144] INFO  om.OzoneManager (OzoneManager.java:addS3GVolumeToDB(4084)) - Created Volume s3v With Owner runner required for S3Gateway operations.
2021-07-31 01:58:17,478 [Listener at 127.0.0.1/12144] WARN  server.ServerUtils (ServerUtils.java:getDefaultRatisDirectory(237)) - Storage directory for Ratis is not configured. It is a good idea to map this to an SSD disk. Falling back to ozone.metadata.dirs
2021-07-31 01:58:17,478 [Listener at 127.0.0.1/12144] WARN  utils.OzoneManagerRatisUtils (OzoneManagerRatisUtils.java:getOMRatisSnapshotDirectory(391)) - ozone.om.ratis.snapshot.dir is not configured. Falling back to ozone.metadata.dirs config
2021-07-31 01:58:17,478 [Listener at 127.0.0.1/12144] INFO  snapshot.OzoneManagerSnapshotProvider (OzoneManagerSnapshotProvider.java:<init>(76)) - Initializing OM Snapshot Provider
2021-07-31 01:58:17,481 [Listener at 127.0.0.1/12144] WARN  impl.MetricRegistriesImpl (MetricRegistriesImpl.java:addReporterRegistration(111)) - New reporters are added after registries were created. Some metrics will be missing from the reporter. Please add reporter before adding any new registry.
2021-07-31 01:58:17,481 [Listener at 127.0.0.1/12144] WARN  impl.MetricRegistriesImpl (MetricRegistriesImpl.java:addReporterRegistration(111)) - New reporters are added after registries were created. Some metrics will be missing from the reporter. Please add reporter before adding any new registry.
2021-07-31 01:58:17,481 [Listener at 127.0.0.1/12144] WARN  server.ServerUtils (ServerUtils.java:getDefaultRatisDirectory(237)) - Storage directory for Ratis is not configured. It is a good idea to map this to an SSD disk. Falling back to ozone.metadata.dirs
2021-07-31 01:58:17,482 [Listener at 127.0.0.1/12144] INFO  ratis.OzoneManagerRatisServer (OzoneManagerRatisServer.java:<init>(158)) - Instantiating OM Ratis server with groupID: om-bootstrap and peers: localhost:12154, localhost:12160, localhost:12148
2021-07-31 01:58:17,483 [Listener at 127.0.0.1/12144] INFO  ratis.OzoneManagerStateMachine (OzoneManagerStateMachine.java:loadSnapshotInfoFromDB(605)) - LastAppliedIndex is set from TransactionInfo from OM DB as (t:0, i:~)
2021-07-31 01:58:17,483 [Listener at 127.0.0.1/12144] INFO  server.RaftServer (ConfUtils.java:logGet(44)) - raft.rpc.type = GRPC (default)
2021-07-31 01:58:17,483 [Listener at 127.0.0.1/12144] INFO  grpc.GrpcFactory (GrpcFactory.java:checkPooledByteBufAllocatorUseCacheForAllThreads(48)) - PERFORMANCE WARNING: useCacheForAllThreads is true that may cause Netty to create a lot garbage objects and, as a result, trigger GC.
	It is recommended to disable useCacheForAllThreads by setting -Dorg.apache.ratis.thirdparty.io.netty.allocator.useCacheForAllThreads=false in command line.
2021-07-31 01:58:17,483 [Listener at 127.0.0.1/12144] INFO  grpc.GrpcConfigKeys (ConfUtils.java:logGet(44)) - raft.grpc.admin.port = -1 (default)
2021-07-31 01:58:17,483 [Listener at 127.0.0.1/12144] INFO  grpc.GrpcConfigKeys (ConfUtils.java:logGet(44)) - raft.grpc.server.port = 12154 (custom)
2021-07-31 01:58:17,483 [Listener at 127.0.0.1/12144] INFO  grpc.GrpcConfigKeys (ConfUtils.java:logGet(44)) - raft.grpc.client.port = -1 (default)
2021-07-31 01:58:17,483 [Listener at 127.0.0.1/12144] INFO  grpc.GrpcConfigKeys (ConfUtils.java:logGet(44)) - raft.grpc.server.port = 12154 (custom)
2021-07-31 01:58:17,483 [Listener at 127.0.0.1/12144] INFO  grpc.GrpcConfigKeys (ConfUtils.java:logGet(44)) - raft.grpc.server.port = 12154 (custom)
2021-07-31 01:58:17,483 [Listener at 127.0.0.1/12144] INFO  server.GrpcService (ConfUtils.java:logGet(44)) - raft.grpc.message.size.max = 33554432 (custom)
2021-07-31 01:58:17,483 [Listener at 127.0.0.1/12144] INFO  server.RaftServerConfigKeys (ConfUtils.java:logGet(44)) - raft.server.log.appender.buffer.byte-limit = 33554432 (custom)
2021-07-31 01:58:17,484 [Listener at 127.0.0.1/12144] INFO  server.GrpcService (ConfUtils.java:logGet(44)) - raft.grpc.flow.control.window = 1MB (=1048576) (default)
2021-07-31 01:58:17,484 [Listener at 127.0.0.1/12144] INFO  server.RaftServerConfigKeys (ConfUtils.java:logGet(44)) - raft.server.rpc.request.timeout = 3000ms (default)
2021-07-31 01:58:17,485 [Listener at 127.0.0.1/12144] INFO  impl.DataStreamServerImpl (ConfUtils.java:logGet(44)) - raft.datastream.type = DISABLED (default)
2021-07-31 01:58:17,485 [Listener at 127.0.0.1/12144] INFO  server.RaftServerConfigKeys (ConfUtils.java:logGet(44)) - raft.server.rpc.slowness.timeout = 2s (custom)
2021-07-31 01:58:17,485 [Listener at 127.0.0.1/12144] INFO  server.RaftServerConfigKeys (ConfUtils.java:logGet(44)) - raft.server.leaderelection.leader.step-down.wait-time = 10s (default)
2021-07-31 01:58:17,485 [Listener at 127.0.0.1/12144] INFO  server.RaftServerConfigKeys (ConfUtils.java:logGet(44)) - raft.server.storage.dir = [/home/runner/work/ozone/ozone/mnt/ozone/hadoop-ozone/integration-test/target/test-dir/MiniOzoneClusterImpl-91533540-afcd-48ec-9069-9da9f7250933/omNode-2/ratis] (custom)
2021-07-31 01:58:17,486 [Listener at 127.0.0.1/12144] INFO  server.RaftServer (RaftServerProxy.java:addNew(95)) - omNode-2: addNew group-33FC8B15A7E9:[omNode-3|rpc:localhost:12160|priority:0, omNode-1|rpc:localhost:12148|priority:0, omNode-2|rpc:localhost:12154|priority:0] returns group-33FC8B15A7E9:java.util.concurrent.CompletableFuture@3cf0b3d5[Not completed]
2021-07-31 01:58:17,486 [Listener at 127.0.0.1/12144] INFO  om.OzoneManager (OzoneManager.java:initializeRatisServer(1542)) - OzoneManager Ratis server initialized at port 12154
2021-07-31 01:58:17,488 [Listener at 127.0.0.1/12144] INFO  ipc.CallQueueManager (CallQueueManager.java:<init>(90)) - Using callQueue: class java.util.concurrent.LinkedBlockingQueue, queueCapacity: 2000, scheduler: class org.apache.hadoop.ipc.DefaultRpcScheduler, ipcBackoff: false.
2021-07-31 01:58:17,488 [Listener at 127.0.0.1/12144] INFO  om.OzoneManager (OzoneManager.java:stop(1601)) - Stopping Ozone Manager
2021-07-31 01:58:17,488 [Listener at 127.0.0.1/12144] INFO  ipc.Server (Server.java:stop(3414)) - Stopping server on 12144
2021-07-31 01:58:17,493 [pool-66-thread-1] INFO  server.RaftServer$Division (RaftServerImpl.java:<init>(181)) - omNode-2: new RaftServerImpl for group-33FC8B15A7E9:[omNode-3|rpc:localhost:12160|priority:0, omNode-1|rpc:localhost:12148|priority:0, omNode-2|rpc:localhost:12154|priority:0] with OzoneManagerStateMachine:uninitialized
2021-07-31 01:58:17,495 [IPC Server listener on 12144] INFO  ipc.Server (Server.java:run(1376)) - Stopping IPC Server listener on 12144
2021-07-31 01:58:17,496 [IPC Server Responder] INFO  ipc.Server (Server.java:run(1512)) - Stopping IPC Server Responder
2021-07-31 01:58:17,498 [Listener at 127.0.0.1/12144] INFO  server.RaftServer (RaftServerProxy.java:lambda$close$6(391)) - omNode-1: close
2021-07-31 01:58:17,498 [Listener at 127.0.0.1/12144] INFO  server.RaftServer$Division (RaftServerImpl.java:lambda$close$4(407)) - omNode-1@group-33FC8B15A7E9: shutdown
2021-07-31 01:58:17,499 [Listener at 127.0.0.1/12144] INFO  util.JmxRegister (JmxRegister.java:unregister(73)) - Successfully un-registered JMX Bean with object name Ratis:service=RaftServer,group=group-33FC8B15A7E9,id=omNode-1
2021-07-31 01:58:17,499 [Listener at 127.0.0.1/12144] INFO  impl.RoleInfo (RoleInfo.java:shutdownFollowerState(108)) - omNode-1: shutdown omNode-1@group-33FC8B15A7E9-FollowerState
2021-07-31 01:58:17,499 [Listener at 127.0.0.1/12144] INFO  impl.StateMachineUpdater (StateMachineUpdater.java:stopAndJoin(149)) - omNode-1@group-33FC8B15A7E9-StateMachineUpdater: set stopIndex = -1
2021-07-31 01:58:17,499 [omNode-1@group-33FC8B15A7E9-FollowerState] INFO  impl.FollowerState (FollowerState.java:run(143)) - omNode-1@group-33FC8B15A7E9-FollowerState was interrupted: {}
java.lang.InterruptedException: sleep interrupted
	at java.lang.Thread.sleep(Native Method)
	at java.lang.Thread.sleep(Thread.java:340)
	at java.util.concurrent.TimeUnit.sleep(TimeUnit.java:386)
	at org.apache.ratis.util.TimeDuration.sleep(TimeDuration.java:324)
	at org.apache.ratis.util.TimeDuration.sleep(TimeDuration.java:309)
	at org.apache.ratis.server.impl.FollowerState.run(FollowerState.java:118)
2021-07-31 01:58:17,500 [omNode-1@group-33FC8B15A7E9-StateMachineUpdater] INFO  ratis.OzoneManagerStateMachine (OzoneManagerStateMachine.java:close(471)) - StateMachine has shutdown. Shutdown OzoneManager if not already shutdown.
2021-07-31 01:58:17,503 [Listener at 127.0.0.1/12144] INFO  server.RaftServer$Division (ServerState.java:close(419)) - omNode-1@group-33FC8B15A7E9: closes. applyIndex: -1
2021-07-31 01:58:17,503 [omNode-1@group-33FC8B15A7E9-SegmentedRaftLogWorker] INFO  segmented.SegmentedRaftLogWorker (SegmentedRaftLogWorker.java:run(327)) - omNode-1@group-33FC8B15A7E9-SegmentedRaftLogWorker was interrupted, exiting. There are 0 tasks remaining in the queue.
2021-07-31 01:58:17,503 [Listener at 127.0.0.1/12144] INFO  segmented.SegmentedRaftLogWorker (SegmentedRaftLogWorker.java:close(237)) - omNode-1@group-33FC8B15A7E9-SegmentedRaftLogWorker close()
2021-07-31 01:58:17,501 [pool-66-thread-1] INFO  server.RaftServerConfigKeys (ConfUtils.java:logGet(44)) - raft.server.rpc.timeout.min = 1s (custom)
2021-07-31 01:58:17,504 [Listener at 127.0.0.1/12144] INFO  server.GrpcService (GrpcService.java:closeImpl(262)) - omNode-1: shutdown server with port 12148 now
2021-07-31 01:58:17,513 [pool-66-thread-1] INFO  server.RaftServerConfigKeys (ConfUtils.java:logGet(44)) - raft.server.rpc.timeout.max = 1200ms (custom)
2021-07-31 01:58:17,513 [pool-66-thread-1] INFO  server.RaftServerConfigKeys (ConfUtils.java:logGet(44)) - raft.server.rpc.sleep.time = 25ms (default)
2021-07-31 01:58:17,513 [pool-66-thread-1] INFO  server.RaftServerConfigKeys (ConfUtils.java:logGet(44)) - raft.server.rpc.slowness.timeout = 2s (custom)
2021-07-31 01:58:17,513 [pool-66-thread-1] INFO  server.RaftServerConfigKeys (ConfUtils.java:logGet(44)) - raft.server.leaderelection.leader.step-down.wait-time = 10s (default)
2021-07-31 01:58:17,513 [pool-66-thread-1] INFO  server.RaftServerConfigKeys (ConfUtils.java:logGet(44)) - raft.server.sleep.deviation.threshold = 300ms (default)
2021-07-31 01:58:17,513 [pool-66-thread-1] INFO  server.RaftServerConfigKeys (ConfUtils.java:logGet(44)) - raft.server.log.appender.install.snapshot.enabled = false (custom)
2021-07-31 01:58:17,513 [pool-66-thread-1] INFO  server.RaftServer$Division (ServerState.java:<init>(105)) - omNode-2@group-33FC8B15A7E9: ConfigurationManager, init=-1: [omNode-3|rpc:localhost:12160|priority:0, omNode-1|rpc:localhost:12148|priority:0, omNode-2|rpc:localhost:12154|priority:0], old=null, confs=<EMPTY_MAP>
2021-07-31 01:58:17,513 [pool-66-thread-1] INFO  server.RaftServerConfigKeys (ConfUtils.java:logGet(44)) - raft.server.storage.dir = [/home/runner/work/ozone/ozone/mnt/ozone/hadoop-ozone/integration-test/target/test-dir/MiniOzoneClusterImpl-91533540-afcd-48ec-9069-9da9f7250933/omNode-2/ratis] (custom)
2021-07-31 01:58:17,514 [pool-66-thread-1] INFO  server.RaftServerConfigKeys (ConfUtils.java:logGet(44)) - raft.server.log.corruption.policy = EXCEPTION (default)
2021-07-31 01:58:17,514 [pool-66-thread-1] INFO  server.RaftServerConfigKeys (ConfUtils.java:logGet(44)) - raft.server.storage.free-space.min = 0MB (=0) (default)
2021-07-31 01:58:17,514 [pool-66-thread-1] INFO  storage.RaftStorageDirectory (RaftStorageDirectoryImpl.java:analyzeStorage(135)) - The storage directory /home/runner/work/ozone/ozone/mnt/ozone/hadoop-ozone/integration-test/target/test-dir/MiniOzoneClusterImpl-91533540-afcd-48ec-9069-9da9f7250933/omNode-2/ratis/a5a8c63e-4922-3a03-b163-33fc8b15a7e9 does not exist. Creating ...
2021-07-31 01:58:17,515 [pool-66-thread-1] INFO  storage.RaftStorageDirectory (RaftStorageDirectoryImpl.java:tryLock(230)) - Lock on /home/runner/work/ozone/ozone/mnt/ozone/hadoop-ozone/integration-test/target/test-dir/MiniOzoneClusterImpl-91533540-afcd-48ec-9069-9da9f7250933/omNode-2/ratis/a5a8c63e-4922-3a03-b163-33fc8b15a7e9/in_use.lock acquired by nodename 10685@fv-az195-43
2021-07-31 01:58:17,516 [pool-66-thread-1] INFO  storage.RaftStorage (RaftStorageImpl.java:format(89)) - Storage directory /home/runner/work/ozone/ozone/mnt/ozone/hadoop-ozone/integration-test/target/test-dir/MiniOzoneClusterImpl-91533540-afcd-48ec-9069-9da9f7250933/omNode-2/ratis/a5a8c63e-4922-3a03-b163-33fc8b15a7e9 has been successfully formatted.
2021-07-31 01:58:17,516 [pool-66-thread-1] INFO  server.RaftServerConfigKeys (ConfUtils.java:logGet(44)) - raft.server.notification.no-leader.timeout = 2s (custom)
2021-07-31 01:58:17,516 [pool-66-thread-1] INFO  server.RaftServerConfigKeys (ConfUtils.java:logGet(44)) - raft.server.log.use.memory = false (default)
2021-07-31 01:58:17,516 [pool-66-thread-1] INFO  server.RaftServerConfigKeys (ConfUtils.java:logGet(44)) - raft.server.log.purge.gap = 1000000 (custom)
2021-07-31 01:58:17,516 [pool-66-thread-1] INFO  server.RaftServerConfigKeys (ConfUtils.java:logGet(44)) - raft.server.log.appender.buffer.byte-limit = 33554432 (custom)
2021-07-31 01:58:17,516 [pool-66-thread-1] INFO  server.RaftServerConfigKeys (ConfUtils.java:logGet(44)) - raft.server.log.segment.size.max = 4194304 (custom)
2021-07-31 01:58:17,517 [pool-66-thread-1] INFO  server.RaftServerConfigKeys (ConfUtils.java:logGet(44)) - raft.server.log.segment.cache.num.max = 2 (custom)
2021-07-31 01:58:17,517 [pool-66-thread-1] INFO  server.RaftServerConfigKeys (ConfUtils.java:logGet(44)) - raft.server.log.segment.cache.size.max = 200MB (=209715200) (default)
2021-07-31 01:58:17,517 [pool-66-thread-1] INFO  segmented.SegmentedRaftLogWorker (SegmentedRaftLogWorker.java:<init>(182)) - new omNode-2@group-33FC8B15A7E9-SegmentedRaftLogWorker for RaftStorageImpl:Storage Directory /home/runner/work/ozone/ozone/mnt/ozone/hadoop-ozone/integration-test/target/test-dir/MiniOzoneClusterImpl-91533540-afcd-48ec-9069-9da9f7250933/omNode-2/ratis/a5a8c63e-4922-3a03-b163-33fc8b15a7e9
2021-07-31 01:58:17,517 [pool-66-thread-1] INFO  server.RaftServerConfigKeys (ConfUtils.java:logGet(44)) - raft.server.log.queue.byte-limit = 64MB (=67108864) (default)
2021-07-31 01:58:17,517 [pool-66-thread-1] INFO  server.RaftServerConfigKeys (ConfUtils.java:logGet(44)) - raft.server.log.queue.element-limit = 4096 (default)
2021-07-31 01:58:17,517 [pool-66-thread-1] INFO  server.RaftServerConfigKeys (ConfUtils.java:logGet(44)) - raft.server.log.segment.size.max = 4194304 (custom)
2021-07-31 01:58:17,517 [pool-66-thread-1] INFO  server.RaftServerConfigKeys (ConfUtils.java:logGet(44)) - raft.server.log.preallocated.size = 4194304 (custom)
2021-07-31 01:58:17,517 [pool-66-thread-1] INFO  server.RaftServerConfigKeys (ConfUtils.java:logGet(44)) - raft.server.log.force.sync.num = 128 (default)
2021-07-31 01:58:17,517 [pool-66-thread-1] INFO  server.RaftServerConfigKeys (ConfUtils.java:logGet(44)) - raft.server.log.statemachine.data.sync = true (default)
2021-07-31 01:58:17,517 [pool-66-thread-1] INFO  server.RaftServerConfigKeys (ConfUtils.java:logGet(44)) - raft.server.log.statemachine.data.sync.timeout = 10s (default)
2021-07-31 01:58:17,517 [pool-66-thread-1] INFO  server.RaftServerConfigKeys (ConfUtils.java:logGet(44)) - raft.server.log.statemachine.data.sync.timeout.retry = -1 (default)
2021-07-31 01:58:17,518 [Listener at 127.0.0.1/12144] INFO  server.GrpcService (GrpcService.java:closeImpl(271)) - omNode-1: shutdown server with port 12148 successfully
2021-07-31 01:58:17,518 [org.apache.ratis.util.JvmPauseMonitor$$Lambda$430/1260111579@7bb695a7] INFO  util.JvmPauseMonitor (JvmPauseMonitor.java:run(109)) - JvmPauseMonitor-omNode-1: Stopped
2021-07-31 01:58:17,518 [Listener at 127.0.0.1/12144] INFO  ratis.OzoneManagerDoubleBuffer (OzoneManagerDoubleBuffer.java:stop(437)) - Stopping OMDoubleBuffer flush thread
2021-07-31 01:58:17,518 [OMDoubleBufferFlushThread] INFO  ratis.OzoneManagerDoubleBuffer (OzoneManagerDoubleBuffer.java:flushTransactions(356)) - OMDoubleBuffer flush thread OMDoubleBufferFlushThread is interrupted and will exit. OMDoubleBufferFlushThread
2021-07-31 01:58:17,525 [Listener at 127.0.0.1/12144] INFO  utils.BackgroundService (BackgroundService.java:shutdown(132)) - Shutting down service KeyDeletingService
2021-07-31 01:58:17,529 [Listener at 127.0.0.1/12144] INFO  handler.ContextHandler (ContextHandler.java:doStop(1154)) - Stopped o.e.j.w.WebAppContext@29b630e7{ozoneManager,/,null,STOPPED}{file:/home/runner/work/ozone/ozone/mnt/ozone/hadoop-ozone/integration-test/target/test-classes/webapps/ozoneManager}
2021-07-31 01:58:17,530 [pool-66-thread-1] INFO  server.RaftServerConfigKeys (ConfUtils.java:logGet(44)) - raft.server.log.write.buffer.size = 64KB (=65536) (default)
2021-07-31 01:58:17,530 [pool-66-thread-1] INFO  server.RaftServerConfigKeys (ConfUtils.java:logGet(44)) - raft.server.log.statemachine.data.caching.enabled = false (default)
2021-07-31 01:58:17,531 [pool-66-thread-1] INFO  segmented.SegmentedRaftLogWorker (SegmentedRaftLogWorker.java:lambda$new$0(133)) - omNode-2@group-33FC8B15A7E9-SegmentedRaftLogWorker: flushIndex: setUnconditionally 0 -> -1
2021-07-31 01:58:17,531 [pool-66-thread-1] INFO  segmented.SegmentedRaftLogWorker (SegmentedRaftLogWorker.java:lambda$new$0(133)) - omNode-2@group-33FC8B15A7E9-SegmentedRaftLogWorker: safeCacheEvictIndex: setUnconditionally 0 -> -1
2021-07-31 01:58:17,535 [pool-66-thread-1] INFO  server.RaftServerConfigKeys (ConfUtils.java:logGet(44)) - raft.server.snapshot.auto.trigger.enabled = true (custom)
2021-07-31 01:58:17,535 [pool-66-thread-1] INFO  server.RaftServerConfigKeys (ConfUtils.java:logGet(44)) - raft.server.snapshot.auto.trigger.threshold = 400000 (default)
2021-07-31 01:58:17,535 [pool-66-thread-1] INFO  server.RaftServerConfigKeys (ConfUtils.java:logGet(44)) - raft.server.snapshot.retention.file.num = -1 (default)
2021-07-31 01:58:17,535 [pool-66-thread-1] INFO  server.RaftServerConfigKeys (ConfUtils.java:logGet(44)) - raft.server.log.purge.upto.snapshot.index = true (custom)
2021-07-31 01:58:17,536 [pool-66-thread-1] INFO  server.RaftServerConfigKeys (ConfUtils.java:logGet(44)) - raft.server.retrycache.expirytime = 300s (custom)
2021-07-31 01:58:17,536 [pool-66-thread-1] INFO  server.RaftServerConfigKeys (ConfUtils.java:logGet(44)) - raft.server.retrycache.statistics.expirytime = 100μs (default)
2021-07-31 01:58:17,536 [Listener at 127.0.0.1/12144] INFO  server.AbstractConnector (AbstractConnector.java:doStop(381)) - Stopped ServerConnector@4ca1a0c1{HTTP/1.1, (http/1.1)}{0.0.0.0:12146}
2021-07-31 01:58:17,536 [Listener at 127.0.0.1/12144] INFO  server.session (HouseKeeper.java:stopScavenging(149)) - node0 Stopped scavenging
2021-07-31 01:58:17,537 [Listener at 127.0.0.1/12144] INFO  handler.ContextHandler (ContextHandler.java:doStop(1154)) - Stopped o.e.j.s.ServletContextHandler@1550fe5e{static,/static,file:///home/runner/work/ozone/ozone/mnt/ozone/hadoop-ozone/integration-test/target/test-classes/webapps/static,STOPPED}
2021-07-31 01:58:17,537 [Listener at 127.0.0.1/12144] INFO  handler.ContextHandler (ContextHandler.java:doStop(1154)) - Stopped o.e.j.s.ServletContextHandler@43997094{logs,/logs,file:///home/runner/work/ozone/ozone/mnt/ozone/hadoop-ozone/integration-test/target/log,STOPPED}
2021-07-31 01:58:17,540 [Listener at 127.0.0.1/12144] INFO  ozone.MiniOzoneHAClusterImpl (MiniOzoneHAClusterImpl.java:createOMService(503)) - Stopping OzoneManager server at localhost/127.0.0.1:12144
2021-07-31 01:58:17,540 [Listener at 127.0.0.1/12144] INFO  ozone.MiniOzoneHAClusterImpl (MiniOzoneHAClusterImpl.java:createOMService(508)) - MiniOzoneHACluster port conflicts, retried 1 times
2021-07-31 01:58:17,541 [Listener at 127.0.0.1/12144] INFO  ha.OMHANodeDetails (OMHANodeDetails.java:loadOMHAConfig(118)) - ServiceID for OzoneManager is om-bootstrap
2021-07-31 01:58:17,543 [Listener at 127.0.0.1/12144] INFO  ha.OMHANodeDetails (OMHANodeDetails.java:loadOMHAConfig(194)) - Found matching OM address with OMServiceId: om-bootstrap, OMNodeId: omNode-1, RPC Address: localhost:13772 and Ratis port: 13776
2021-07-31 01:58:17,543 [Listener at 127.0.0.1/12144] INFO  ha.OMHANodeDetails (ConfUtils.java:setNodeSpecificConfigs(108)) - Setting configuration key ozone.om.http-address with value of key ozone.om.http-address.om-bootstrap.omNode-1: 127.0.0.1:13774
2021-07-31 01:58:17,543 [Listener at 127.0.0.1/12144] INFO  ha.OMHANodeDetails (ConfUtils.java:setNodeSpecificConfigs(108)) - Setting configuration key ozone.om.https-address with value of key ozone.om.https-address.om-bootstrap.omNode-1: 127.0.0.1:13775
2021-07-31 01:58:17,543 [Listener at 127.0.0.1/12144] INFO  ha.OMHANodeDetails (ConfUtils.java:setNodeSpecificConfigs(108)) - Setting configuration key ozone.om.address with value of key ozone.om.address.om-bootstrap.omNode-1: 127.0.0.1:13772
2021-07-31 01:58:17,543 [Listener at 127.0.0.1/12144] WARN  server.ServerUtils (ServerUtils.java:getDBPath(225)) - ozone.om.db.dirs is not configured. We recommend adding this setting. Falling back to ozone.metadata.dirs instead.
OM already initialized.Reusing existing cluster id for sd=/home/runner/work/ozone/ozone/mnt/ozone/hadoop-ozone/integration-test/target/test-dir/MiniOzoneClusterImpl-91533540-afcd-48ec-9069-9da9f7250933/omNode-1/om;cid=91533540-afcd-48ec-9069-9da9f7250933;layoutVersion=0
2021-07-31 01:58:17,544 [Listener at 127.0.0.1/12144] INFO  ha.OMHANodeDetails (OMHANodeDetails.java:loadOMHAConfig(118)) - ServiceID for OzoneManager is om-bootstrap
2021-07-31 01:58:17,544 [Listener at 127.0.0.1/12144] INFO  ha.OMHANodeDetails (OMHANodeDetails.java:loadOMHAConfig(194)) - Found matching OM address with OMServiceId: om-bootstrap, OMNodeId: omNode-1, RPC Address: localhost:13772 and Ratis port: 13776
2021-07-31 01:58:17,544 [Listener at 127.0.0.1/12144] INFO  ha.OMHANodeDetails (ConfUtils.java:setNodeSpecificConfigs(108)) - Setting configuration key ozone.om.http-address with value of key ozone.om.http-address.om-bootstrap.omNode-1: 127.0.0.1:13774
2021-07-31 01:58:17,544 [Listener at 127.0.0.1/12144] INFO  ha.OMHANodeDetails (ConfUtils.java:setNodeSpecificConfigs(108)) - Setting configuration key ozone.om.https-address with value of key ozone.om.https-address.om-bootstrap.omNode-1: 127.0.0.1:13775
2021-07-31 01:58:17,544 [Listener at 127.0.0.1/12144] INFO  ha.OMHANodeDetails (ConfUtils.java:setNodeSpecificConfigs(108)) - Setting configuration key ozone.om.address with value of key ozone.om.address.om-bootstrap.omNode-1: 127.0.0.1:13772
2021-07-31 01:58:17,544 [Listener at 127.0.0.1/12144] WARN  server.ServerUtils (ServerUtils.java:getDBPath(225)) - ozone.om.db.dirs is not configured. We recommend adding this setting. Falling back to ozone.metadata.dirs instead.
2021-07-31 01:58:17,545 [Listener at 127.0.0.1/12144] INFO  upgrade.AbstractLayoutVersionManager (AbstractLayoutVersionManager.java:init(70)) - Initializing Layout version manager with metadata layout = INITIAL_VERSION (version = 0), software layout = INITIAL_VERSION (version = 0)
2021-07-31 01:58:17,588 [Listener at 127.0.0.1/12144] INFO  reflections.Reflections (Reflections.java:scan(232)) - Reflections took 42 ms to scan 2 urls, producing 131 keys and 342 values [using 2 cores]
2021-07-31 01:58:17,589 [Listener at 127.0.0.1/12144] INFO  upgrade.OMLayoutVersionManager (OMLayoutVersionManager.java:lambda$0(116)) - Skipping Upgrade Action MockOmUpgradeAction since it has been finalized.
2021-07-31 01:58:17,589 [Listener at 127.0.0.1/12144] WARN  server.ServerUtils (ServerUtils.java:getDBPath(225)) - ozone.om.db.dirs is not configured. We recommend adding this setting. Falling back to ozone.metadata.dirs instead.
2021-07-31 01:58:17,589 [Listener at 127.0.0.1/12144] INFO  ha.SCMNodeInfo (SCMNodeInfo.java:getPort(197)) - ConfigKey ozone.scm.client.address is deprecated, For configuring different ports for each SCM use PortConfigKey ozone.scm.client.port appended with serviceId and nodeId
2021-07-31 01:58:17,589 [Listener at 127.0.0.1/12144] INFO  ha.SCMNodeInfo (SCMNodeInfo.java:getPort(197)) - ConfigKey ozone.scm.block.client.address is deprecated, For configuring different ports for each SCM use PortConfigKey ozone.scm.block.client.port appended with serviceId and nodeId
2021-07-31 01:58:17,589 [Listener at 127.0.0.1/12144] INFO  ha.SCMNodeInfo (SCMNodeInfo.java:getPort(197)) - ConfigKey ozone.scm.datanode.address is deprecated, For configuring different ports for each SCM use PortConfigKey ozone.scm.datanode.port appended with serviceId and nodeId
2021-07-31 01:58:17,590 [Listener at 127.0.0.1/12144] INFO  ha.SCMNodeInfo (SCMNodeInfo.java:getPort(197)) - ConfigKey ozone.scm.client.address is deprecated, For configuring different ports for each SCM use PortConfigKey ozone.scm.client.port appended with serviceId and nodeId
2021-07-31 01:58:17,590 [Listener at 127.0.0.1/12144] INFO  ha.SCMNodeInfo (SCMNodeInfo.java:getPort(197)) - ConfigKey ozone.scm.block.client.address is deprecated, For configuring different ports for each SCM use PortConfigKey ozone.scm.block.client.port appended with serviceId and nodeId
2021-07-31 01:58:17,590 [Listener at 127.0.0.1/12144] INFO  ha.SCMNodeInfo (SCMNodeInfo.java:getPort(197)) - ConfigKey ozone.scm.datanode.address is deprecated, For configuring different ports for each SCM use PortConfigKey ozone.scm.datanode.port appended with serviceId and nodeId
2021-07-31 01:58:17,591 [Listener at 127.0.0.1/12144] INFO  ha.SCMNodeInfo (SCMNodeInfo.java:getPort(197)) - ConfigKey ozone.scm.client.address is deprecated, For configuring different ports for each SCM use PortConfigKey ozone.scm.client.port appended with serviceId and nodeId
2021-07-31 01:58:17,591 [Listener at 127.0.0.1/12144] INFO  ha.SCMNodeInfo (SCMNodeInfo.java:getPort(197)) - ConfigKey ozone.scm.block.client.address is deprecated, For configuring different ports for each SCM use PortConfigKey ozone.scm.block.client.port appended with serviceId and nodeId
2021-07-31 01:58:17,591 [Listener at 127.0.0.1/12144] INFO  ha.SCMNodeInfo (SCMNodeInfo.java:getPort(197)) - ConfigKey ozone.scm.datanode.address is deprecated, For configuring different ports for each SCM use PortConfigKey ozone.scm.datanode.port appended with serviceId and nodeId
2021-07-31 01:58:17,599 [Listener at 127.0.0.1/12144] WARN  server.ServerUtils (ServerUtils.java:getDBPath(225)) - ozone.om.db.dirs is not configured. We recommend adding this setting. Falling back to ozone.metadata.dirs instead.
2021-07-31 01:58:17,600 [Listener at 127.0.0.1/12144] INFO  codec.OmKeyInfoCodec (OmKeyInfoCodec.java:<init>(51)) - OmKeyInfoCodec ignorePipeline = true
2021-07-31 01:58:17,600 [Listener at 127.0.0.1/12144] INFO  codec.RepeatedOmKeyInfoCodec (RepeatedOmKeyInfoCodec.java:<init>(42)) - RepeatedOmKeyInfoCodec ignorePipeline = true
2021-07-31 01:58:17,631 [Listener at 127.0.0.1/12144] WARN  server.ServerUtils (ServerUtils.java:getDefaultRatisDirectory(237)) - Storage directory for Ratis is not configured. It is a good idea to map this to an SSD disk. Falling back to ozone.metadata.dirs
2021-07-31 01:58:17,631 [Listener at 127.0.0.1/12144] WARN  utils.OzoneManagerRatisUtils (OzoneManagerRatisUtils.java:getOMRatisSnapshotDirectory(391)) - ozone.om.ratis.snapshot.dir is not configured. Falling back to ozone.metadata.dirs config
2021-07-31 01:58:17,631 [Listener at 127.0.0.1/12144] INFO  snapshot.OzoneManagerSnapshotProvider (OzoneManagerSnapshotProvider.java:<init>(76)) - Initializing OM Snapshot Provider
2021-07-31 01:58:17,632 [Listener at 127.0.0.1/12144] WARN  impl.MetricRegistriesImpl (MetricRegistriesImpl.java:addReporterRegistration(111)) - New reporters are added after registries were created. Some metrics will be missing from the reporter. Please add reporter before adding any new registry.
2021-07-31 01:58:17,632 [Listener at 127.0.0.1/12144] WARN  impl.MetricRegistriesImpl (MetricRegistriesImpl.java:addReporterRegistration(111)) - New reporters are added after registries were created. Some metrics will be missing from the reporter. Please add reporter before adding any new registry.
2021-07-31 01:58:17,632 [Listener at 127.0.0.1/12144] WARN  server.ServerUtils (ServerUtils.java:getDefaultRatisDirectory(237)) - Storage directory for Ratis is not configured. It is a good idea to map this to an SSD disk. Falling back to ozone.metadata.dirs
2021-07-31 01:58:17,634 [Listener at 127.0.0.1/12144] INFO  ratis.OzoneManagerRatisServer (OzoneManagerRatisServer.java:<init>(158)) - Instantiating OM Ratis server with groupID: om-bootstrap and peers: localhost:13776, localhost:13788, localhost:13782
2021-07-31 01:58:17,634 [Listener at 127.0.0.1/12144] INFO  ratis.OzoneManagerStateMachine (OzoneManagerStateMachine.java:loadSnapshotInfoFromDB(605)) - LastAppliedIndex is set from TransactionInfo from OM DB as (t:0, i:~)
2021-07-31 01:58:17,636 [Listener at 127.0.0.1/12144] INFO  server.RaftServer (ConfUtils.java:logGet(44)) - raft.rpc.type = GRPC (default)
2021-07-31 01:58:17,636 [Listener at 127.0.0.1/12144] INFO  grpc.GrpcFactory (GrpcFactory.java:checkPooledByteBufAllocatorUseCacheForAllThreads(48)) - PERFORMANCE WARNING: useCacheForAllThreads is true that may cause Netty to create a lot garbage objects and, as a result, trigger GC.
	It is recommended to disable useCacheForAllThreads by setting -Dorg.apache.ratis.thirdparty.io.netty.allocator.useCacheForAllThreads=false in command line.
2021-07-31 01:58:17,636 [Listener at 127.0.0.1/12144] INFO  grpc.GrpcConfigKeys (ConfUtils.java:logGet(44)) - raft.grpc.admin.port = -1 (default)
2021-07-31 01:58:17,636 [Listener at 127.0.0.1/12144] INFO  grpc.GrpcConfigKeys (ConfUtils.java:logGet(44)) - raft.grpc.server.port = 13776 (custom)
2021-07-31 01:58:17,637 [Listener at 127.0.0.1/12144] INFO  grpc.GrpcConfigKeys (ConfUtils.java:logGet(44)) - raft.grpc.client.port = -1 (default)
2021-07-31 01:58:17,637 [Listener at 127.0.0.1/12144] INFO  grpc.GrpcConfigKeys (ConfUtils.java:logGet(44)) - raft.grpc.server.port = 13776 (custom)
2021-07-31 01:58:17,637 [Listener at 127.0.0.1/12144] INFO  grpc.GrpcConfigKeys (ConfUtils.java:logGet(44)) - raft.grpc.server.port = 13776 (custom)
2021-07-31 01:58:17,637 [Listener at 127.0.0.1/12144] INFO  server.GrpcService (ConfUtils.java:logGet(44)) - raft.grpc.message.size.max = 33554432 (custom)
2021-07-31 01:58:17,637 [Listener at 127.0.0.1/12144] INFO  server.RaftServerConfigKeys (ConfUtils.java:logGet(44)) - raft.server.log.appender.buffer.byte-limit = 33554432 (custom)
2021-07-31 01:58:17,637 [Listener at 127.0.0.1/12144] INFO  server.GrpcService (ConfUtils.java:logGet(44)) - raft.grpc.flow.control.window = 1MB (=1048576) (default)
2021-07-31 01:58:17,637 [Listener at 127.0.0.1/12144] INFO  server.RaftServerConfigKeys (ConfUtils.java:logGet(44)) - raft.server.rpc.request.timeout = 3000ms (default)
2021-07-31 01:58:17,638 [Listener at 127.0.0.1/12144] INFO  impl.DataStreamServerImpl (ConfUtils.java:logGet(44)) - raft.datastream.type = DISABLED (default)
2021-07-31 01:58:17,639 [Listener at 127.0.0.1/12144] INFO  server.RaftServerConfigKeys (ConfUtils.java:logGet(44)) - raft.server.rpc.slowness.timeout = 2s (custom)
2021-07-31 01:58:17,639 [Listener at 127.0.0.1/12144] INFO  server.RaftServerConfigKeys (ConfUtils.java:logGet(44)) - raft.server.leaderelection.leader.step-down.wait-time = 10s (default)
2021-07-31 01:58:17,639 [Listener at 127.0.0.1/12144] INFO  server.RaftServerConfigKeys (ConfUtils.java:logGet(44)) - raft.server.storage.dir = [/home/runner/work/ozone/ozone/mnt/ozone/hadoop-ozone/integration-test/target/test-dir/MiniOzoneClusterImpl-91533540-afcd-48ec-9069-9da9f7250933/omNode-1/ratis] (custom)
2021-07-31 01:58:17,639 [Listener at 127.0.0.1/12144] INFO  server.RaftServer (RaftServerProxy.java:lambda$null$1(235)) - omNode-1: found a subdirectory /home/runner/work/ozone/ozone/mnt/ozone/hadoop-ozone/integration-test/target/test-dir/MiniOzoneClusterImpl-91533540-afcd-48ec-9069-9da9f7250933/omNode-1/ratis/a5a8c63e-4922-3a03-b163-33fc8b15a7e9
2021-07-31 01:58:17,639 [Listener at 127.0.0.1/12144] INFO  server.RaftServer (RaftServerProxy.java:addNew(95)) - omNode-1: addNew group-33FC8B15A7E9:[omNode-3|rpc:localhost:13788|priority:0, omNode-1|rpc:localhost:13776|priority:0, omNode-2|rpc:localhost:13782|priority:0] returns group-33FC8B15A7E9:java.util.concurrent.CompletableFuture@4cc76999[Not completed]
2021-07-31 01:58:17,639 [Listener at 127.0.0.1/12144] INFO  om.OzoneManager (OzoneManager.java:initializeRatisServer(1542)) - OzoneManager Ratis server initialized at port 13776
2021-07-31 01:58:17,640 [pool-86-thread-1] INFO  server.RaftServer$Division (RaftServerImpl.java:<init>(181)) - omNode-1: new RaftServerImpl for group-33FC8B15A7E9:[omNode-3|rpc:localhost:13788|priority:0, omNode-1|rpc:localhost:13776|priority:0, omNode-2|rpc:localhost:13782|priority:0] with OzoneManagerStateMachine:uninitialized
2021-07-31 01:58:17,641 [pool-86-thread-1] INFO  server.RaftServerConfigKeys (ConfUtils.java:logGet(44)) - raft.server.rpc.timeout.min = 1s (custom)
2021-07-31 01:58:17,644 [pool-86-thread-1] INFO  server.RaftServerConfigKeys (ConfUtils.java:logGet(44)) - raft.server.rpc.timeout.max = 1200ms (custom)
2021-07-31 01:58:17,645 [pool-86-thread-1] INFO  server.RaftServerConfigKeys (ConfUtils.java:logGet(44)) - raft.server.rpc.sleep.time = 25ms (default)
2021-07-31 01:58:17,645 [pool-86-thread-1] INFO  server.RaftServerConfigKeys (ConfUtils.java:logGet(44)) - raft.server.rpc.slowness.timeout = 2s (custom)
2021-07-31 01:58:17,645 [pool-86-thread-1] INFO  server.RaftServerConfigKeys (ConfUtils.java:logGet(44)) - raft.server.leaderelection.leader.step-down.wait-time = 10s (default)
2021-07-31 01:58:17,645 [pool-86-thread-1] INFO  server.RaftServerConfigKeys (ConfUtils.java:logGet(44)) - raft.server.sleep.deviation.threshold = 300ms (default)
2021-07-31 01:58:17,645 [pool-86-thread-1] INFO  server.RaftServerConfigKeys (ConfUtils.java:logGet(44)) - raft.server.log.appender.install.snapshot.enabled = false (custom)
2021-07-31 01:58:17,645 [pool-86-thread-1] INFO  server.RaftServer$Division (ServerState.java:<init>(105)) - omNode-1@group-33FC8B15A7E9: ConfigurationManager, init=-1: [omNode-3|rpc:localhost:13788|priority:0, omNode-1|rpc:localhost:13776|priority:0, omNode-2|rpc:localhost:13782|priority:0], old=null, confs=<EMPTY_MAP>
2021-07-31 01:58:17,647 [pool-86-thread-1] INFO  server.RaftServerConfigKeys (ConfUtils.java:logGet(44)) - raft.server.storage.dir = [/home/runner/work/ozone/ozone/mnt/ozone/hadoop-ozone/integration-test/target/test-dir/MiniOzoneClusterImpl-91533540-afcd-48ec-9069-9da9f7250933/omNode-1/ratis] (custom)
2021-07-31 01:58:17,649 [pool-86-thread-1] INFO  server.RaftServerConfigKeys (ConfUtils.java:logGet(44)) - raft.server.log.corruption.policy = EXCEPTION (default)
2021-07-31 01:58:17,648 [Listener at 127.0.0.1/12144] INFO  ipc.CallQueueManager (CallQueueManager.java:<init>(90)) - Using callQueue: class java.util.concurrent.LinkedBlockingQueue, queueCapacity: 2000, scheduler: class org.apache.hadoop.ipc.DefaultRpcScheduler, ipcBackoff: false.
2021-07-31 01:58:17,653 [pool-86-thread-1] INFO  server.RaftServerConfigKeys (ConfUtils.java:logGet(44)) - raft.server.storage.free-space.min = 0MB (=0) (default)
2021-07-31 01:58:17,654 [Socket Reader #1 for port 13772] INFO  ipc.Server (Server.java:run(1265)) - Starting Socket Reader #1 for port 13772
2021-07-31 01:58:17,657 [pool-86-thread-1] INFO  storage.RaftStorageDirectory (RaftStorageDirectoryImpl.java:tryLock(230)) - Lock on /home/runner/work/ozone/ozone/mnt/ozone/hadoop-ozone/integration-test/target/test-dir/MiniOzoneClusterImpl-91533540-afcd-48ec-9069-9da9f7250933/omNode-1/ratis/a5a8c63e-4922-3a03-b163-33fc8b15a7e9/in_use.lock acquired by nodename 10685@fv-az195-43
2021-07-31 01:58:17,657 [pool-86-thread-1] INFO  storage.RaftStorage (RaftStorageImpl.java:analyzeAndRecoverStorage(110)) - Read RaftStorageMetadata{term=0, votedFor=} from /home/runner/work/ozone/ozone/mnt/ozone/hadoop-ozone/integration-test/target/test-dir/MiniOzoneClusterImpl-91533540-afcd-48ec-9069-9da9f7250933/omNode-1/ratis/a5a8c63e-4922-3a03-b163-33fc8b15a7e9/current/raft-meta
2021-07-31 01:58:17,659 [pool-86-thread-1] INFO  server.RaftServerConfigKeys (ConfUtils.java:logGet(44)) - raft.server.notification.no-leader.timeout = 2s (custom)
2021-07-31 01:58:17,659 [pool-86-thread-1] INFO  server.RaftServerConfigKeys (ConfUtils.java:logGet(44)) - raft.server.log.use.memory = false (default)
2021-07-31 01:58:17,659 [pool-86-thread-1] INFO  server.RaftServerConfigKeys (ConfUtils.java:logGet(44)) - raft.server.log.purge.gap = 1000000 (custom)
2021-07-31 01:58:17,659 [pool-86-thread-1] INFO  server.RaftServerConfigKeys (ConfUtils.java:logGet(44)) - raft.server.log.appender.buffer.byte-limit = 33554432 (custom)
2021-07-31 01:58:17,659 [pool-86-thread-1] INFO  server.RaftServerConfigKeys (ConfUtils.java:logGet(44)) - raft.server.log.segment.size.max = 4194304 (custom)
2021-07-31 01:58:17,660 [pool-86-thread-1] INFO  server.RaftServerConfigKeys (ConfUtils.java:logGet(44)) - raft.server.log.segment.cache.num.max = 2 (custom)
2021-07-31 01:58:17,660 [pool-86-thread-1] INFO  server.RaftServerConfigKeys (ConfUtils.java:logGet(44)) - raft.server.log.segment.cache.size.max = 200MB (=209715200) (default)
2021-07-31 01:58:17,660 [pool-86-thread-1] INFO  segmented.SegmentedRaftLogWorker (SegmentedRaftLogWorker.java:<init>(182)) - new omNode-1@group-33FC8B15A7E9-SegmentedRaftLogWorker for RaftStorageImpl:Storage Directory /home/runner/work/ozone/ozone/mnt/ozone/hadoop-ozone/integration-test/target/test-dir/MiniOzoneClusterImpl-91533540-afcd-48ec-9069-9da9f7250933/omNode-1/ratis/a5a8c63e-4922-3a03-b163-33fc8b15a7e9
2021-07-31 01:58:17,660 [pool-86-thread-1] INFO  server.RaftServerConfigKeys (ConfUtils.java:logGet(44)) - raft.server.log.queue.byte-limit = 64MB (=67108864) (default)
2021-07-31 01:58:17,660 [pool-86-thread-1] INFO  server.RaftServerConfigKeys (ConfUtils.java:logGet(44)) - raft.server.log.queue.element-limit = 4096 (default)
2021-07-31 01:58:17,660 [pool-86-thread-1] INFO  server.RaftServerConfigKeys (ConfUtils.java:logGet(44)) - raft.server.log.segment.size.max = 4194304 (custom)
2021-07-31 01:58:17,660 [pool-86-thread-1] INFO  server.RaftServerConfigKeys (ConfUtils.java:logGet(44)) - raft.server.log.preallocated.size = 4194304 (custom)
2021-07-31 01:58:17,660 [pool-86-thread-1] INFO  server.RaftServerConfigKeys (ConfUtils.java:logGet(44)) - raft.server.log.force.sync.num = 128 (default)
2021-07-31 01:58:17,660 [pool-86-thread-1] INFO  server.RaftServerConfigKeys (ConfUtils.java:logGet(44)) - raft.server.log.statemachine.data.sync = true (default)
2021-07-31 01:58:17,660 [pool-86-thread-1] INFO  server.RaftServerConfigKeys (ConfUtils.java:logGet(44)) - raft.server.log.statemachine.data.sync.timeout = 10s (default)
2021-07-31 01:58:17,660 [pool-86-thread-1] INFO  server.RaftServerConfigKeys (ConfUtils.java:logGet(44)) - raft.server.log.statemachine.data.sync.timeout.retry = -1 (default)
2021-07-31 01:58:17,661 [pool-86-thread-1] INFO  server.RaftServerConfigKeys (ConfUtils.java:logGet(44)) - raft.server.log.write.buffer.size = 64KB (=65536) (default)
2021-07-31 01:58:17,662 [pool-86-thread-1] INFO  server.RaftServerConfigKeys (ConfUtils.java:logGet(44)) - raft.server.log.statemachine.data.caching.enabled = false (default)
2021-07-31 01:58:17,662 [pool-86-thread-1] INFO  segmented.SegmentedRaftLogWorker (SegmentedRaftLogWorker.java:lambda$new$0(133)) - omNode-1@group-33FC8B15A7E9-SegmentedRaftLogWorker: flushIndex: setUnconditionally 0 -> -1
2021-07-31 01:58:17,662 [pool-86-thread-1] INFO  segmented.SegmentedRaftLogWorker (SegmentedRaftLogWorker.java:lambda$new$0(133)) - omNode-1@group-33FC8B15A7E9-SegmentedRaftLogWorker: safeCacheEvictIndex: setUnconditionally 0 -> -1
2021-07-31 01:58:17,662 [pool-86-thread-1] INFO  server.RaftServerConfigKeys (ConfUtils.java:logGet(44)) - raft.server.snapshot.auto.trigger.enabled = true (custom)
2021-07-31 01:58:17,662 [pool-86-thread-1] INFO  server.RaftServerConfigKeys (ConfUtils.java:logGet(44)) - raft.server.snapshot.auto.trigger.threshold = 400000 (default)
2021-07-31 01:58:17,662 [pool-86-thread-1] INFO  server.RaftServerConfigKeys (ConfUtils.java:logGet(44)) - raft.server.snapshot.retention.file.num = -1 (default)
2021-07-31 01:58:17,662 [pool-86-thread-1] INFO  server.RaftServerConfigKeys (ConfUtils.java:logGet(44)) - raft.server.log.purge.upto.snapshot.index = true (custom)
2021-07-31 01:58:17,662 [pool-86-thread-1] INFO  server.RaftServerConfigKeys (ConfUtils.java:logGet(44)) - raft.server.retrycache.expirytime = 300s (custom)
2021-07-31 01:58:17,662 [pool-86-thread-1] INFO  server.RaftServerConfigKeys (ConfUtils.java:logGet(44)) - raft.server.retrycache.statistics.expirytime = 100μs (default)
2021-07-31 01:58:17,677 [Listener at 127.0.0.1/13772] INFO  om.OzoneManager (OzoneManager.java:initFSOLayout(4290)) - Configured ozone.om.metadata.layout=SIMPLE and disabled optimized OM FS operations
2021-07-31 01:58:17,678 [Listener at 127.0.0.1/13772] INFO  impl.MetricsSystemImpl (MetricsSystemImpl.java:init(158)) - OzoneManager metrics system started (again)
2021-07-31 01:58:17,691 [Listener at 127.0.0.1/13772] INFO  om.OzoneManager (OzoneManager.java:start(1239)) - OzoneManager RPC server is listening at localhost/127.0.0.1:13772
2021-07-31 01:58:17,691 [Listener at 127.0.0.1/13772] INFO  ratis.OzoneManagerRatisServer (OzoneManagerRatisServer.java:start(516)) - Starting OzoneManagerRatisServer omNode-1 at port 13776
2021-07-31 01:58:17,691 [Listener at 127.0.0.1/13772] INFO  server.RaftServer$Division (RaftServerImpl.java:start(296)) - omNode-1@group-33FC8B15A7E9: start as a follower, conf=-1: [omNode-3|rpc:localhost:13788|priority:0, omNode-1|rpc:localhost:13776|priority:0, omNode-2|rpc:localhost:13782|priority:0], old=null
2021-07-31 01:58:17,691 [Listener at 127.0.0.1/13772] INFO  server.RaftServer$Division (RaftServerImpl.java:setRole(285)) - omNode-1@group-33FC8B15A7E9: changes role from      null to FOLLOWER at term 0 for startAsFollower
2021-07-31 01:58:17,691 [Listener at 127.0.0.1/13772] INFO  impl.RoleInfo (RoleInfo.java:updateAndGet(130)) - omNode-1: start omNode-1@group-33FC8B15A7E9-FollowerState
2021-07-31 01:58:17,692 [Listener at 127.0.0.1/13772] INFO  util.JmxRegister (JmxRegister.java:tryRegister(44)) - Successfully registered JMX Bean with object name Ratis:service=RaftServer,group=group-33FC8B15A7E9,id=omNode-1
2021-07-31 01:58:17,697 [Listener at 127.0.0.1/13772] INFO  server.RaftServer (RaftServerProxy.java:lambda$start$5(374)) - omNode-1: start RPC server
2021-07-31 01:58:17,700 [Listener at 127.0.0.1/13772] INFO  server.GrpcService (GrpcService.java:startImpl(253)) - omNode-1: GrpcService started, listening on 13776
2021-07-31 01:58:17,700 [Listener at 127.0.0.1/13772] INFO  om.OzoneManager (OzoneManager.java:start(1257)) - Version File has different layout version (0) than OM DB (null). That is expected if this OM has never been finalized to a newer layout version.
2021-07-31 01:58:17,708 [org.apache.ratis.util.JvmPauseMonitor$$Lambda$430/1260111579@7f867d7a] INFO  util.JvmPauseMonitor (JvmPauseMonitor.java:run(103)) - JvmPauseMonitor-omNode-1: Started
2021-07-31 01:58:17,714 [Listener at 127.0.0.1/13772] INFO  http.BaseHttpServer (BaseHttpServer.java:newHttpServer2BuilderForOzone(209)) - Starting Web-server for ozoneManager at: http://0.0.0.0:13774
2021-07-31 01:58:17,714 [Listener at 127.0.0.1/13772] INFO  http.BaseHttpServer (BaseHttpServer.java:<init>(107)) - Hadoop Security Enabled: false Ozone Security Enabled: false Ozone HTTP Security Enabled: false 
2021-07-31 01:58:17,716 [Listener at 127.0.0.1/13772] INFO  server.AuthenticationFilter (AuthenticationFilter.java:constructSecretProvider(240)) - Unable to initialize FileSignerSecretProvider, falling back to use random secrets.
2021-07-31 01:58:17,716 [Listener at 127.0.0.1/13772] WARN  http.HttpRequestLog (HttpRequestLog.java:getRequestLog(103)) - Jetty request log can only be enabled using Log4j
2021-07-31 01:58:17,717 [Listener at 127.0.0.1/13772] INFO  http.HttpServer2 (HttpServer2.java:addGlobalFilter(1020)) - Added global filter 'safety' (class=org.apache.hadoop.hdds.server.http.HttpServer2$QuotingInputFilter)
2021-07-31 01:58:17,718 [Listener at 127.0.0.1/13772] INFO  http.HttpServer2 (HttpServer2.java:addFilter(996)) - Added filter static_user_filter (class=org.apache.hadoop.http.lib.StaticUserWebFilter$StaticUserFilter) to context ozoneManager
2021-07-31 01:58:17,718 [Listener at 127.0.0.1/13772] INFO  http.HttpServer2 (HttpServer2.java:addFilter(1004)) - Added filter static_user_filter (class=org.apache.hadoop.http.lib.StaticUserWebFilter$StaticUserFilter) to context static
2021-07-31 01:58:17,718 [Listener at 127.0.0.1/13772] INFO  http.HttpServer2 (HttpServer2.java:addFilter(1004)) - Added filter static_user_filter (class=org.apache.hadoop.http.lib.StaticUserWebFilter$StaticUserFilter) to context logs
2021-07-31 01:58:17,719 [Listener at 127.0.0.1/13772] INFO  http.HttpServer2 (HttpServer2.java:bindListener(1239)) - Jetty bound to port 13774
2021-07-31 01:58:17,719 [Listener at 127.0.0.1/13772] INFO  server.Server (Server.java:doStart(375)) - jetty-9.4.35.v20201120; built: 2020-11-20T21:17:03.964Z; git: bdc54f03a5e0a7e280fab27f55c3c75ee8da89fb; jvm 1.8.0_292-b10
2021-07-31 01:58:17,722 [Listener at 127.0.0.1/13772] INFO  server.session (DefaultSessionIdManager.java:doStart(334)) - DefaultSessionIdManager workerName=node0
2021-07-31 01:58:17,722 [Listener at 127.0.0.1/13772] INFO  server.session (DefaultSessionIdManager.java:doStart(339)) - No SessionScavenger set, using defaults
2021-07-31 01:58:17,722 [Listener at 127.0.0.1/13772] INFO  server.session (HouseKeeper.java:startScavenging(132)) - node0 Scavenging every 660000ms
2021-07-31 01:58:17,723 [Listener at 127.0.0.1/13772] INFO  handler.ContextHandler (ContextHandler.java:doStart(916)) - Started o.e.j.s.ServletContextHandler@1e67a50c{logs,/logs,file:///home/runner/work/ozone/ozone/mnt/ozone/hadoop-ozone/integration-test/target/log,AVAILABLE}
2021-07-31 01:58:17,723 [Listener at 127.0.0.1/13772] INFO  handler.ContextHandler (ContextHandler.java:doStart(916)) - Started o.e.j.s.ServletContextHandler@5d0a5f3a{static,/static,file:///home/runner/work/ozone/ozone/mnt/ozone/hadoop-ozone/integration-test/target/test-classes/webapps/static,AVAILABLE}
2021-07-31 01:58:17,727 [Listener at 127.0.0.1/13772] INFO  handler.ContextHandler (ContextHandler.java:doStart(916)) - Started o.e.j.w.WebAppContext@1a331764{ozoneManager,/,file:///home/runner/work/ozone/ozone/mnt/ozone/hadoop-ozone/integration-test/target/test-classes/webapps/ozoneManager/,AVAILABLE}{file:/home/runner/work/ozone/ozone/mnt/ozone/hadoop-ozone/integration-test/target/test-classes/webapps/ozoneManager}
2021-07-31 01:58:17,728 [Listener at 127.0.0.1/13772] INFO  server.AbstractConnector (AbstractConnector.java:doStart(331)) - Started ServerConnector@73418acf{HTTP/1.1, (http/1.1)}{0.0.0.0:13774}
2021-07-31 01:58:17,728 [Listener at 127.0.0.1/13772] INFO  server.Server (Server.java:doStart(415)) - Started @17928ms
2021-07-31 01:58:17,728 [Listener at 127.0.0.1/13772] WARN  impl.MetricsSystemImpl (MetricsSystemImpl.java:register(279)) - Sink prometheus already exists!
2021-07-31 01:58:17,729 [Listener at 127.0.0.1/13772] INFO  http.BaseHttpServer (BaseHttpServer.java:updateConnectorAddress(329)) - HTTP server of ozoneManager listening at http://0.0.0.0:13774
2021-07-31 01:58:17,729 [IPC Server Responder] INFO  ipc.Server (Server.java:run(1507)) - IPC Server Responder: starting
2021-07-31 01:58:17,737 [IPC Server listener on 13772] INFO  ipc.Server (Server.java:run(1344)) - IPC Server listener on 13772: starting
2021-07-31 01:58:17,745 [Listener at 127.0.0.1/13772] INFO  om.OzoneManager (OzoneManager.java:startTrashEmptier(1500)) - Trash Interval set to 0. Files deleted will not move to trash
2021-07-31 01:58:17,745 [Listener at 127.0.0.1/13772] INFO  ozone.MiniOzoneHAClusterImpl (MiniOzoneHAClusterImpl.java:createOMService(484)) - Started OzoneManager omNode-1 RPC server at localhost/127.0.0.1:13772
2021-07-31 01:58:17,746 [Listener at 127.0.0.1/13772] INFO  ha.OMHANodeDetails (OMHANodeDetails.java:loadOMHAConfig(118)) - ServiceID for OzoneManager is om-bootstrap
2021-07-31 01:58:17,746 [Listener at 127.0.0.1/13772] INFO  ha.OMHANodeDetails (OMHANodeDetails.java:loadOMHAConfig(194)) - Found matching OM address with OMServiceId: om-bootstrap, OMNodeId: omNode-2, RPC Address: localhost:13778 and Ratis port: 13782
2021-07-31 01:58:17,746 [Listener at 127.0.0.1/13772] INFO  ha.OMHANodeDetails (ConfUtils.java:setNodeSpecificConfigs(108)) - Setting configuration key ozone.om.http-address with value of key ozone.om.http-address.om-bootstrap.omNode-2: 127.0.0.1:13780
2021-07-31 01:58:17,746 [Listener at 127.0.0.1/13772] INFO  ha.OMHANodeDetails (ConfUtils.java:setNodeSpecificConfigs(108)) - Setting configuration key ozone.om.https-address with value of key ozone.om.https-address.om-bootstrap.omNode-2: 127.0.0.1:13781
2021-07-31 01:58:17,747 [Listener at 127.0.0.1/13772] INFO  ha.OMHANodeDetails (ConfUtils.java:setNodeSpecificConfigs(108)) - Setting configuration key ozone.om.address with value of key ozone.om.address.om-bootstrap.omNode-2: 127.0.0.1:13778
2021-07-31 01:58:17,747 [Listener at 127.0.0.1/13772] WARN  server.ServerUtils (ServerUtils.java:getDBPath(225)) - ozone.om.db.dirs is not configured. We recommend adding this setting. Falling back to ozone.metadata.dirs instead.
2021-07-31 01:58:17,747 [org.apache.hadoop.util.JvmPauseMonitor$Monitor@796f1144] INFO  util.JvmPauseMonitor (JvmPauseMonitor.java:run(188)) - Starting JVM pause monitor
OM already initialized.Reusing existing cluster id for sd=/home/runner/work/ozone/ozone/mnt/ozone/hadoop-ozone/integration-test/target/test-dir/MiniOzoneClusterImpl-91533540-afcd-48ec-9069-9da9f7250933/omNode-2/om;cid=91533540-afcd-48ec-9069-9da9f7250933;layoutVersion=0
2021-07-31 01:58:17,748 [Listener at 127.0.0.1/13772] INFO  ha.OMHANodeDetails (OMHANodeDetails.java:loadOMHAConfig(118)) - ServiceID for OzoneManager is om-bootstrap
2021-07-31 01:58:17,749 [Listener at 127.0.0.1/13772] INFO  ha.OMHANodeDetails (OMHANodeDetails.java:loadOMHAConfig(194)) - Found matching OM address with OMServiceId: om-bootstrap, OMNodeId: omNode-2, RPC Address: localhost:13778 and Ratis port: 13782
2021-07-31 01:58:17,749 [Listener at 127.0.0.1/13772] INFO  ha.OMHANodeDetails (ConfUtils.java:setNodeSpecificConfigs(108)) - Setting configuration key ozone.om.http-address with value of key ozone.om.http-address.om-bootstrap.omNode-2: 127.0.0.1:13780
2021-07-31 01:58:17,749 [Listener at 127.0.0.1/13772] INFO  ha.OMHANodeDetails (ConfUtils.java:setNodeSpecificConfigs(108)) - Setting configuration key ozone.om.https-address with value of key ozone.om.https-address.om-bootstrap.omNode-2: 127.0.0.1:13781
2021-07-31 01:58:17,749 [Listener at 127.0.0.1/13772] INFO  ha.OMHANodeDetails (ConfUtils.java:setNodeSpecificConfigs(108)) - Setting configuration key ozone.om.address with value of key ozone.om.address.om-bootstrap.omNode-2: 127.0.0.1:13778
2021-07-31 01:58:17,752 [Listener at 127.0.0.1/13772] WARN  server.ServerUtils (ServerUtils.java:getDBPath(225)) - ozone.om.db.dirs is not configured. We recommend adding this setting. Falling back to ozone.metadata.dirs instead.
2021-07-31 01:58:17,753 [Listener at 127.0.0.1/13772] INFO  upgrade.AbstractLayoutVersionManager (AbstractLayoutVersionManager.java:init(70)) - Initializing Layout version manager with metadata layout = INITIAL_VERSION (version = 0), software layout = INITIAL_VERSION (version = 0)
2021-07-31 01:58:17,796 [Listener at 127.0.0.1/13772] INFO  reflections.Reflections (Reflections.java:scan(232)) - Reflections took 41 ms to scan 2 urls, producing 131 keys and 342 values [using 2 cores]
2021-07-31 01:58:17,797 [Listener at 127.0.0.1/13772] INFO  upgrade.OMLayoutVersionManager (OMLayoutVersionManager.java:lambda$0(116)) - Skipping Upgrade Action MockOmUpgradeAction since it has been finalized.
2021-07-31 01:58:17,797 [Listener at 127.0.0.1/13772] WARN  server.ServerUtils (ServerUtils.java:getDBPath(225)) - ozone.om.db.dirs is not configured. We recommend adding this setting. Falling back to ozone.metadata.dirs instead.
2021-07-31 01:58:17,797 [Listener at 127.0.0.1/13772] INFO  ha.SCMNodeInfo (SCMNodeInfo.java:getPort(197)) - ConfigKey ozone.scm.client.address is deprecated, For configuring different ports for each SCM use PortConfigKey ozone.scm.client.port appended with serviceId and nodeId
2021-07-31 01:58:17,797 [Listener at 127.0.0.1/13772] INFO  ha.SCMNodeInfo (SCMNodeInfo.java:getPort(197)) - ConfigKey ozone.scm.block.client.address is deprecated, For configuring different ports for each SCM use PortConfigKey ozone.scm.block.client.port appended with serviceId and nodeId
2021-07-31 01:58:17,798 [Listener at 127.0.0.1/13772] INFO  ha.SCMNodeInfo (SCMNodeInfo.java:getPort(197)) - ConfigKey ozone.scm.datanode.address is deprecated, For configuring different ports for each SCM use PortConfigKey ozone.scm.datanode.port appended with serviceId and nodeId
2021-07-31 01:58:17,798 [Listener at 127.0.0.1/13772] INFO  ha.SCMNodeInfo (SCMNodeInfo.java:getPort(197)) - ConfigKey ozone.scm.client.address is deprecated, For configuring different ports for each SCM use PortConfigKey ozone.scm.client.port appended with serviceId and nodeId
2021-07-31 01:58:17,798 [Listener at 127.0.0.1/13772] INFO  ha.SCMNodeInfo (SCMNodeInfo.java:getPort(197)) - ConfigKey ozone.scm.block.client.address is deprecated, For configuring different ports for each SCM use PortConfigKey ozone.scm.block.client.port appended with serviceId and nodeId
2021-07-31 01:58:17,798 [Listener at 127.0.0.1/13772] INFO  ha.SCMNodeInfo (SCMNodeInfo.java:getPort(197)) - ConfigKey ozone.scm.datanode.address is deprecated, For configuring different ports for each SCM use PortConfigKey ozone.scm.datanode.port appended with serviceId and nodeId
2021-07-31 01:58:17,799 [Listener at 127.0.0.1/13772] INFO  ha.SCMNodeInfo (SCMNodeInfo.java:getPort(197)) - ConfigKey ozone.scm.client.address is deprecated, For configuring different ports for each SCM use PortConfigKey ozone.scm.client.port appended with serviceId and nodeId
2021-07-31 01:58:17,799 [Listener at 127.0.0.1/13772] INFO  ha.SCMNodeInfo (SCMNodeInfo.java:getPort(197)) - ConfigKey ozone.scm.block.client.address is deprecated, For configuring different ports for each SCM use PortConfigKey ozone.scm.block.client.port appended with serviceId and nodeId
2021-07-31 01:58:17,799 [Listener at 127.0.0.1/13772] INFO  ha.SCMNodeInfo (SCMNodeInfo.java:getPort(197)) - ConfigKey ozone.scm.datanode.address is deprecated, For configuring different ports for each SCM use PortConfigKey ozone.scm.datanode.port appended with serviceId and nodeId
2021-07-31 01:58:17,811 [Listener at 127.0.0.1/13772] WARN  server.ServerUtils (ServerUtils.java:getDBPath(225)) - ozone.om.db.dirs is not configured. We recommend adding this setting. Falling back to ozone.metadata.dirs instead.
2021-07-31 01:58:17,812 [Listener at 127.0.0.1/13772] INFO  codec.OmKeyInfoCodec (OmKeyInfoCodec.java:<init>(51)) - OmKeyInfoCodec ignorePipeline = true
2021-07-31 01:58:17,812 [Listener at 127.0.0.1/13772] INFO  codec.RepeatedOmKeyInfoCodec (RepeatedOmKeyInfoCodec.java:<init>(42)) - RepeatedOmKeyInfoCodec ignorePipeline = true
]]></system-out>
  </testcase>
  <testcase name="testBootstrapOneNewOM" classname="org.apache.hadoop.ozone.om.TestOzoneManagerBootstrap" time="40.388"/>
  <testcase name="testLeaderChangeToNewOM" classname="org.apache.hadoop.ozone.om.TestOzoneManagerBootstrap" time="52.346"/>
</testsuite>