<?xml version="1.0" encoding="UTF-8"?>
<testsuite xmlns:xsi="http://www.w3.org/2001/XMLSchema-instance" xsi:noNamespaceSchemaLocation="https://maven.apache.org/surefire/maven-surefire-plugin/xsd/surefire-test-report.xsd" name="org.apache.hadoop.ozone.client.rpc.TestWatchForCommit" time="222.431" tests="4" errors="1" skipped="0" failures="0">
  <properties>
    <property name="awt.toolkit" value="sun.awt.X11.XToolkit"/>
    <property name="file.encoding.pkg" value="sun.io"/>
    <property name="java.specification.version" value="1.8"/>
    <property name="sun.cpu.isalist" value=""/>
    <property name="sun.jnu.encoding" value="ANSI_X3.4-1968"/>
    <property name="java.class.path" value="/github/workspace/mnt/ozone/hadoop-ozone/integration-test/target/test-classes:/github/workspace/mnt/ozone/hadoop-ozone/integration-test/target/classes:/home/user/.m2/repository/org/apache/hadoop/hadoop-ozone-common/1.1.0-SNAPSHOT/hadoop-ozone-common-1.1.0-SNAPSHOT.jar:/home/user/.m2/repository/org/apache/commons/commons-compress/1.4.1/commons-compress-1.4.1.jar:/home/user/.m2/repository/org/tukaani/xz/1.0/xz-1.0.jar:/home/user/.m2/repository/org/apache/hadoop/hadoop-hdds-common/1.1.0-SNAPSHOT/hadoop-hdds-common-1.1.0-SNAPSHOT.jar:/home/user/.m2/repository/org/apache/hadoop/hadoop-hdds-hadoop-dependency-client/1.1.0-SNAPSHOT/hadoop-hdds-hadoop-dependency-client-1.1.0-SNAPSHOT.jar:/home/user/.m2/repository/info/picocli/picocli/4.4.0/picocli-4.4.0.jar:/home/user/.m2/repository/com/fasterxml/jackson/core/jackson-annotations/2.10.3/jackson-annotations-2.10.3.jar:/home/user/.m2/repository/javax/annotation/javax.annotation-api/1.2/javax.annotation-api-1.2.jar:/home/user/.m2/repository/org/apache/ratis/ratis-server/1.1.0-11689cd-SNAPSHOT/ratis-server-1.1.0-11689cd-SNAPSHOT.jar:/home/user/.m2/repository/org/apache/ratis/ratis-client/1.1.0-11689cd-SNAPSHOT/ratis-client-1.1.0-11689cd-SNAPSHOT.jar:/home/user/.m2/repository/org/apache/ratis/ratis-metrics/1.1.0-11689cd-SNAPSHOT/ratis-metrics-1.1.0-11689cd-SNAPSHOT.jar:/home/user/.m2/repository/org/apache/ratis/ratis-netty/1.1.0-11689cd-SNAPSHOT/ratis-netty-1.1.0-11689cd-SNAPSHOT.jar:/home/user/.m2/repository/org/apache/ratis/ratis-grpc/1.1.0-11689cd-SNAPSHOT/ratis-grpc-1.1.0-11689cd-SNAPSHOT.jar:/home/user/.m2/repository/org/apache/logging/log4j/log4j-api/2.13.3/log4j-api-2.13.3.jar:/home/user/.m2/repository/org/apache/logging/log4j/log4j-core/2.13.3/log4j-core-2.13.3.jar:/home/user/.m2/repository/com/lmax/disruptor/3.4.2/disruptor-3.4.2.jar:/home/user/.m2/repository/org/apache/commons/commons-pool2/2.6.0/commons-pool2-2.6.0.jar:/home/user/.m2/repository/org/bouncycastle/bcpkix-jdk15on/1.60/bcpkix-jdk15on-1.60.jar:/home/user/.m2/repository/commons-validator/commons-validator/1.6/commons-validator-1.6.jar:/home/user/.m2/repository/commons-digester/commons-digester/1.8.1/commons-digester-1.8.1.jar:/home/user/.m2/repository/io/jaegertracing/jaeger-client/1.2.0/jaeger-client-1.2.0.jar:/home/user/.m2/repository/io/jaegertracing/jaeger-thrift/1.2.0/jaeger-thrift-1.2.0.jar:/home/user/.m2/repository/org/apache/thrift/libthrift/0.13.0/libthrift-0.13.0.jar:/home/user/.m2/repository/com/squareup/okhttp3/okhttp/4.2.2/okhttp-4.2.2.jar:/home/user/.m2/repository/com/squareup/okio/okio/2.2.2/okio-2.2.2.jar:/home/user/.m2/repository/org/jetbrains/kotlin/kotlin-stdlib/1.3.50/kotlin-stdlib-1.3.50.jar:/home/user/.m2/repository/org/jetbrains/kotlin/kotlin-stdlib-common/1.3.50/kotlin-stdlib-common-1.3.50.jar:/home/user/.m2/repository/org/jetbrains/annotations/13.0/annotations-13.0.jar:/home/user/.m2/repository/io/jaegertracing/jaeger-core/1.2.0/jaeger-core-1.2.0.jar:/home/user/.m2/repository/io/jaegertracing/jaeger-tracerresolver/1.2.0/jaeger-tracerresolver-1.2.0.jar:/home/user/.m2/repository/io/opentracing/contrib/opentracing-tracerresolver/0.1.8/opentracing-tracerresolver-0.1.8.jar:/home/user/.m2/repository/io/opentracing/opentracing-util/0.33.0/opentracing-util-0.33.0.jar:/home/user/.m2/repository/io/opentracing/opentracing-api/0.33.0/opentracing-api-0.33.0.jar:/home/user/.m2/repository/io/opentracing/opentracing-noop/0.33.0/opentracing-noop-0.33.0.jar:/home/user/.m2/repository/org/apache/hadoop/hadoop-hdds-client/1.1.0-SNAPSHOT/hadoop-hdds-client-1.1.0-SNAPSHOT.jar:/home/user/.m2/repository/org/apache/hadoop/hadoop-ozone-interface-client/1.1.0-SNAPSHOT/hadoop-ozone-interface-client-1.1.0-SNAPSHOT.jar:/home/user/.m2/repository/org/apache/hadoop/hadoop-hdds-test-utils/1.1.0-SNAPSHOT/hadoop-hdds-test-utils-1.1.0-SNAPSHOT.jar:/home/user/.m2/repository/com/google/guava/guava/28.2-jre/guava-28.2-jre.jar:/home/user/.m2/repository/com/google/guava/failureaccess/1.0.1/failureaccess-1.0.1.jar:/home/user/.m2/repository/com/google/guava/listenablefuture/9999.0-empty-to-avoid-conflict-with-guava/listenablefuture-9999.0-empty-to-avoid-conflict-with-guava.jar:/home/user/.m2/repository/com/google/code/findbugs/jsr305/3.0.0/jsr305-3.0.0.jar:/home/user/.m2/repository/org/checkerframework/checker-qual/2.10.0/checker-qual-2.10.0.jar:/home/user/.m2/repository/com/google/errorprone/error_prone_annotations/2.2.0/error_prone_annotations-2.2.0.jar:/home/user/.m2/repository/com/google/j2objc/j2objc-annotations/1.3/j2objc-annotations-1.3.jar:/home/user/.m2/repository/commons-io/commons-io/2.5/commons-io-2.5.jar:/home/user/.m2/repository/commons-logging/commons-logging/1.2/commons-logging-1.2.jar:/home/user/.m2/repository/log4j/log4j/1.2.17/log4j-1.2.17.jar:/home/user/.m2/repository/org/slf4j/slf4j-api/1.7.25/slf4j-api-1.7.25.jar:/home/user/.m2/repository/org/apache/hadoop/hadoop-hdds-server-scm/1.1.0-SNAPSHOT/hadoop-hdds-server-scm-1.1.0-SNAPSHOT.jar:/home/user/.m2/repository/org/apache/hadoop/hadoop-hdds-container-service/1.1.0-SNAPSHOT/hadoop-hdds-container-service-1.1.0-SNAPSHOT.jar:/home/user/.m2/repository/org/apache/hadoop/hadoop-hdds-hadoop-dependency-server/1.1.0-SNAPSHOT/hadoop-hdds-hadoop-dependency-server-1.1.0-SNAPSHOT.jar:/home/user/.m2/repository/org/apache/hadoop/hadoop-hdds-server-framework/1.1.0-SNAPSHOT/hadoop-hdds-server-framework-1.1.0-SNAPSHOT.jar:/home/user/.m2/repository/org/apache/hadoop/hadoop-hdds-interface-server/1.1.0-SNAPSHOT/hadoop-hdds-interface-server-1.1.0-SNAPSHOT.jar:/home/user/.m2/repository/org/apache/hadoop/hadoop-hdds-interface-admin/1.1.0-SNAPSHOT/hadoop-hdds-interface-admin-1.1.0-SNAPSHOT.jar:/home/user/.m2/repository/org/rocksdb/rocksdbjni/6.8.1/rocksdbjni-6.8.1.jar:/home/user/.m2/repository/io/prometheus/simpleclient_dropwizard/0.7.0/simpleclient_dropwizard-0.7.0.jar:/home/user/.m2/repository/io/prometheus/simpleclient/0.7.0/simpleclient-0.7.0.jar:/home/user/.m2/repository/io/prometheus/simpleclient_common/0.7.0/simpleclient_common-0.7.0.jar:/home/user/.m2/repository/com/fasterxml/jackson/datatype/jackson-datatype-jsr310/2.10.3/jackson-datatype-jsr310-2.10.3.jar:/home/user/.m2/repository/io/dropwizard/metrics/metrics-core/3.2.4/metrics-core-3.2.4.jar:/home/user/.m2/repository/org/apache/hadoop/hadoop-hdfs-client/3.2.1/hadoop-hdfs-client-3.2.1.jar:/home/user/.m2/repository/org/bouncycastle/bcprov-jdk15on/1.60/bcprov-jdk15on-1.60.jar:/home/user/.m2/repository/org/apache/hadoop/hadoop-ozone-ozone-manager/1.1.0-SNAPSHOT/hadoop-ozone-ozone-manager-1.1.0-SNAPSHOT.jar:/home/user/.m2/repository/org/apache/hadoop/hadoop-hdds-interface-client/1.1.0-SNAPSHOT/hadoop-hdds-interface-client-1.1.0-SNAPSHOT.jar:/home/user/.m2/repository/org/apache/ratis/ratis-thirdparty-misc/0.6.0-SNAPSHOT/ratis-thirdparty-misc-0.6.0-SNAPSHOT.jar:/home/user/.m2/repository/org/apache/hadoop/hadoop-ozone-interface-storage/1.1.0-SNAPSHOT/hadoop-ozone-interface-storage-1.1.0-SNAPSHOT.jar:/home/user/.m2/repository/org/apache/hadoop/hadoop-minikdc/3.2.1/hadoop-minikdc-3.2.1.jar:/home/user/.m2/repository/org/apache/kerby/kerb-simplekdc/1.0.1/kerb-simplekdc-1.0.1.jar:/home/user/.m2/repository/org/apache/kerby/kerb-client/1.0.1/kerb-client-1.0.1.jar:/home/user/.m2/repository/org/apache/kerby/kerby-config/1.0.1/kerby-config-1.0.1.jar:/home/user/.m2/repository/org/apache/kerby/kerb-core/1.0.1/kerb-core-1.0.1.jar:/home/user/.m2/repository/org/apache/kerby/kerby-pkix/1.0.1/kerby-pkix-1.0.1.jar:/home/user/.m2/repository/org/apache/kerby/kerby-asn1/1.0.1/kerby-asn1-1.0.1.jar:/home/user/.m2/repository/org/apache/kerby/kerby-util/1.0.1/kerby-util-1.0.1.jar:/home/user/.m2/repository/org/apache/kerby/kerb-common/1.0.1/kerb-common-1.0.1.jar:/home/user/.m2/repository/org/apache/kerby/kerb-crypto/1.0.1/kerb-crypto-1.0.1.jar:/home/user/.m2/repository/org/apache/kerby/kerb-util/1.0.1/kerb-util-1.0.1.jar:/home/user/.m2/repository/org/apache/kerby/token-provider/1.0.1/token-provider-1.0.1.jar:/home/user/.m2/repository/org/apache/kerby/kerb-admin/1.0.1/kerb-admin-1.0.1.jar:/home/user/.m2/repository/org/apache/kerby/kerb-server/1.0.1/kerb-server-1.0.1.jar:/home/user/.m2/repository/org/apache/kerby/kerb-identity/1.0.1/kerb-identity-1.0.1.jar:/home/user/.m2/repository/org/apache/kerby/kerby-xdr/1.0.1/kerby-xdr-1.0.1.jar:/home/user/.m2/repository/org/slf4j/slf4j-log4j12/1.7.25/slf4j-log4j12-1.7.25.jar:/home/user/.m2/repository/org/apache/hadoop/hadoop-ozone-s3gateway/1.1.0-SNAPSHOT/hadoop-ozone-s3gateway-1.1.0-SNAPSHOT.jar:/home/user/.m2/repository/org/jboss/weld/servlet/weld-servlet/2.4.7.Final/weld-servlet-2.4.7.Final.jar:/home/user/.m2/repository/org/glassfish/jersey/containers/jersey-container-servlet-core/2.27/jersey-container-servlet-core-2.27.jar:/home/user/.m2/repository/org/glassfish/hk2/external/javax.inject/2.5.0-b42/javax.inject-2.5.0-b42.jar:/home/user/.m2/repository/org/glassfish/jersey/core/jersey-common/2.27/jersey-common-2.27.jar:/home/user/.m2/repository/org/glassfish/hk2/osgi-resource-locator/1.0.1/osgi-resource-locator-1.0.1.jar:/home/user/.m2/repository/javax/ws/rs/javax.ws.rs-api/2.1/javax.ws.rs-api-2.1.jar:/home/user/.m2/repository/org/glassfish/jersey/ext/cdi/jersey-cdi1x/2.27/jersey-cdi1x-2.27.jar:/home/user/.m2/repository/org/glassfish/jersey/inject/jersey-hk2/2.27/jersey-hk2-2.27.jar:/home/user/.m2/repository/org/glassfish/hk2/hk2-locator/2.5.0-b42/hk2-locator-2.5.0-b42.jar:/home/user/.m2/repository/org/javassist/javassist/3.22.0-CR2/javassist-3.22.0-CR2.jar:/home/user/.m2/repository/org/glassfish/hk2/hk2-api/2.5.0/hk2-api-2.5.0.jar:/home/user/.m2/repository/org/glassfish/hk2/external/jakarta.inject/2.5.0/jakarta.inject-2.5.0.jar:/home/user/.m2/repository/org/glassfish/hk2/hk2-utils/2.5.0/hk2-utils-2.5.0.jar:/home/user/.m2/repository/jakarta/annotation/jakarta.annotation-api/1.3.4/jakarta.annotation-api-1.3.4.jar:/home/user/.m2/repository/org/glassfish/hk2/external/aopalliance-repackaged/2.5.0/aopalliance-repackaged-2.5.0.jar:/home/user/.m2/repository/com/fasterxml/jackson/dataformat/jackson-dataformat-xml/2.10.3/jackson-dataformat-xml-2.10.3.jar:/home/user/.m2/repository/com/fasterxml/jackson/core/jackson-core/2.10.3/jackson-core-2.10.3.jar:/home/user/.m2/repository/com/fasterxml/jackson/module/jackson-module-jaxb-annotations/2.10.3/jackson-module-jaxb-annotations-2.10.3.jar:/home/user/.m2/repository/jakarta/xml/bind/jakarta.xml.bind-api/2.3.2/jakarta.xml.bind-api-2.3.2.jar:/home/user/.m2/repository/jakarta/activation/jakarta.activation-api/1.2.1/jakarta.activation-api-1.2.1.jar:/home/user/.m2/repository/org/codehaus/woodstox/stax2-api/3.1.4/stax2-api-3.1.4.jar:/home/user/.m2/repository/com/fasterxml/woodstox/woodstox-core/5.0.3/woodstox-core-5.0.3.jar:/home/user/.m2/repository/javax/enterprise/cdi-api/1.2/cdi-api-1.2.jar:/home/user/.m2/repository/javax/el/javax.el-api/3.0.0/javax.el-api-3.0.0.jar:/home/user/.m2/repository/javax/interceptor/javax.interceptor-api/1.2/javax.interceptor-api-1.2.jar:/home/user/.m2/repository/javax/inject/javax.inject/1/javax.inject-1.jar:/home/user/.m2/repository/com/sun/xml/bind/jaxb-impl/2.3.0.1/jaxb-impl-2.3.0.1.jar:/home/user/.m2/repository/com/sun/xml/bind/jaxb-core/2.3.0.1/jaxb-core-2.3.0.1.jar:/home/user/.m2/repository/javax/xml/bind/jaxb-api/2.3.0/jaxb-api-2.3.0.jar:/home/user/.m2/repository/javax/activation/activation/1.1.1/activation-1.1.1.jar:/home/user/.m2/repository/org/apache/hadoop/hadoop-ozone-csi/1.1.0-SNAPSHOT/hadoop-ozone-csi-1.1.0-SNAPSHOT.jar:/home/user/.m2/repository/com/google/protobuf/protobuf-java-util/3.11.0/protobuf-java-util-3.11.0.jar:/home/user/.m2/repository/com/google/code/gson/gson/2.2.4/gson-2.2.4.jar:/home/user/.m2/repository/org/apache/hadoop/hadoop-hdds-config/1.1.0-SNAPSHOT/hadoop-hdds-config-1.1.0-SNAPSHOT.jar:/home/user/.m2/repository/com/google/protobuf/protobuf-java/2.5.0/protobuf-java-2.5.0.jar:/home/user/.m2/repository/io/grpc/grpc-netty/1.29.0/grpc-netty-1.29.0.jar:/home/user/.m2/repository/io/grpc/grpc-core/1.29.0/grpc-core-1.29.0.jar:/home/user/.m2/repository/com/google/android/annotations/4.1.1.4/annotations-4.1.1.4.jar:/home/user/.m2/repository/io/perfmark/perfmark-api/0.19.0/perfmark-api-0.19.0.jar:/home/user/.m2/repository/io/netty/netty-codec-http2/4.1.48.Final/netty-codec-http2-4.1.48.Final.jar:/home/user/.m2/repository/io/netty/netty-codec/4.1.48.Final/netty-codec-4.1.48.Final.jar:/home/user/.m2/repository/io/netty/netty-handler/4.1.48.Final/netty-handler-4.1.48.Final.jar:/home/user/.m2/repository/io/netty/netty-codec-http/4.1.48.Final/netty-codec-http-4.1.48.Final.jar:/home/user/.m2/repository/io/netty/netty-handler-proxy/4.1.48.Final/netty-handler-proxy-4.1.48.Final.jar:/home/user/.m2/repository/io/netty/netty-codec-socks/4.1.48.Final/netty-codec-socks-4.1.48.Final.jar:/home/user/.m2/repository/io/netty/netty-transport-native-epoll/4.1.48.Final/netty-transport-native-epoll-4.1.48.Final.jar:/home/user/.m2/repository/io/netty/netty-common/4.1.48.Final/netty-common-4.1.48.Final.jar:/home/user/.m2/repository/io/netty/netty-buffer/4.1.48.Final/netty-buffer-4.1.48.Final.jar:/home/user/.m2/repository/io/netty/netty-transport/4.1.48.Final/netty-transport-4.1.48.Final.jar:/home/user/.m2/repository/io/netty/netty-resolver/4.1.48.Final/netty-resolver-4.1.48.Final.jar:/home/user/.m2/repository/io/netty/netty-transport-native-unix-common/4.1.48.Final/netty-transport-native-unix-common-4.1.48.Final.jar:/home/user/.m2/repository/io/grpc/grpc-protobuf/1.29.0/grpc-protobuf-1.29.0.jar:/home/user/.m2/repository/io/grpc/grpc-api/1.29.0/grpc-api-1.29.0.jar:/home/user/.m2/repository/io/grpc/grpc-context/1.29.0/grpc-context-1.29.0.jar:/home/user/.m2/repository/org/codehaus/mojo/animal-sniffer-annotations/1.18/animal-sniffer-annotations-1.18.jar:/home/user/.m2/repository/com/google/api/grpc/proto-google-common-protos/1.17.0/proto-google-common-protos-1.17.0.jar:/home/user/.m2/repository/io/grpc/grpc-protobuf-lite/1.29.0/grpc-protobuf-lite-1.29.0.jar:/home/user/.m2/repository/io/grpc/grpc-stub/1.29.0/grpc-stub-1.29.0.jar:/home/user/.m2/repository/org/apache/hadoop/hadoop-ozone-recon/1.1.0-SNAPSHOT/hadoop-ozone-recon-1.1.0-SNAPSHOT.jar:/home/user/.m2/repository/org/apache/hadoop/hadoop-ozone-reconcodegen/1.1.0-SNAPSHOT/hadoop-ozone-reconcodegen-1.1.0-SNAPSHOT.jar:/home/user/.m2/repository/com/google/inject/extensions/guice-multibindings/4.0/guice-multibindings-4.0.jar:/home/user/.m2/repository/com/google/inject/guice/4.0/guice-4.0.jar:/home/user/.m2/repository/aopalliance/aopalliance/1.0/aopalliance-1.0.jar:/home/user/.m2/repository/com/google/inject/extensions/guice-assistedinject/4.0/guice-assistedinject-4.0.jar:/home/user/.m2/repository/com/google/inject/extensions/guice-servlet/4.0/guice-servlet-4.0.jar:/home/user/.m2/repository/org/glassfish/jersey/containers/jersey-container-servlet/2.27/jersey-container-servlet-2.27.jar:/home/user/.m2/repository/org/glassfish/hk2/guice-bridge/2.5.0/guice-bridge-2.5.0.jar:/home/user/.m2/repository/org/glassfish/jersey/core/jersey-server/2.27/jersey-server-2.27.jar:/home/user/.m2/repository/org/glassfish/jersey/core/jersey-client/2.27/jersey-client-2.27.jar:/home/user/.m2/repository/org/glassfish/jersey/media/jersey-media-jaxb/2.27/jersey-media-jaxb-2.27.jar:/home/user/.m2/repository/javax/validation/validation-api/1.1.0.Final/validation-api-1.1.0.Final.jar:/home/user/.m2/repository/org/glassfish/jersey/media/jersey-media-json-jackson/2.27/jersey-media-json-jackson-2.27.jar:/home/user/.m2/repository/org/glassfish/jersey/ext/jersey-entity-filtering/2.27/jersey-entity-filtering-2.27.jar:/home/user/.m2/repository/org/jooq/jooq/3.11.10/jooq-3.11.10.jar:/home/user/.m2/repository/org/jooq/jooq-meta/3.11.10/jooq-meta-3.11.10.jar:/home/user/.m2/repository/org/jooq/jooq-codegen/3.11.10/jooq-codegen-3.11.10.jar:/home/user/.m2/repository/com/jolbox/bonecp/0.8.0.RELEASE/bonecp-0.8.0.RELEASE.jar:/home/user/.m2/repository/org/apache/derby/derby/10.14.2.0/derby-10.14.2.0.jar:/home/user/.m2/repository/org/xerial/sqlite-jdbc/3.25.2/sqlite-jdbc-3.25.2.jar:/home/user/.m2/repository/org/springframework/spring-jdbc/5.2.5.RELEASE/spring-jdbc-5.2.5.RELEASE.jar:/home/user/.m2/repository/org/springframework/spring-beans/5.2.5.RELEASE/spring-beans-5.2.5.RELEASE.jar:/home/user/.m2/repository/org/springframework/spring-core/5.2.5.RELEASE/spring-core-5.2.5.RELEASE.jar:/home/user/.m2/repository/org/springframework/spring-jcl/5.2.5.RELEASE/spring-jcl-5.2.5.RELEASE.jar:/home/user/.m2/repository/org/springframework/spring-tx/5.2.5.RELEASE/spring-tx-5.2.5.RELEASE.jar:/home/user/.m2/repository/org/apache/hadoop/hadoop-ozone-client/1.1.0-SNAPSHOT/hadoop-ozone-client-1.1.0-SNAPSHOT.jar:/home/user/.m2/repository/org/apache/hadoop/hadoop-ozone-filesystem/1.1.0-SNAPSHOT/hadoop-ozone-filesystem-1.1.0-SNAPSHOT.jar:/home/user/.m2/repository/org/apache/hadoop/hadoop-ozone-filesystem-common/1.1.0-SNAPSHOT/hadoop-ozone-filesystem-common-1.1.0-SNAPSHOT.jar:/home/user/.m2/repository/org/apache/hadoop/hadoop-ozone-tools/1.1.0-SNAPSHOT/hadoop-ozone-tools-1.1.0-SNAPSHOT.jar:/home/user/.m2/repository/org/apache/hadoop/hadoop-hdfs/3.2.1/hadoop-hdfs-3.2.1.jar:/home/user/.m2/repository/org/apache/ratis/ratis-tools/1.1.0-11689cd-SNAPSHOT/ratis-tools-1.1.0-11689cd-SNAPSHOT.jar:/home/user/.m2/repository/org/apache/ratis/ratis-proto/1.1.0-11689cd-SNAPSHOT/ratis-proto-1.1.0-11689cd-SNAPSHOT.jar:/home/user/.m2/repository/org/apache/ratis/ratis-common/1.1.0-11689cd-SNAPSHOT/ratis-common-1.1.0-11689cd-SNAPSHOT.jar:/home/user/.m2/repository/com/amazonaws/aws-java-sdk-core/1.11.615/aws-java-sdk-core-1.11.615.jar:/home/user/.m2/repository/org/apache/httpcomponents/httpclient/4.5.2/httpclient-4.5.2.jar:/home/user/.m2/repository/org/apache/httpcomponents/httpcore/4.4.4/httpcore-4.4.4.jar:/home/user/.m2/repository/software/amazon/ion/ion-java/1.0.2/ion-java-1.0.2.jar:/home/user/.m2/repository/com/fasterxml/jackson/dataformat/jackson-dataformat-cbor/2.10.3/jackson-dataformat-cbor-2.10.3.jar:/home/user/.m2/repository/joda-time/joda-time/2.8.1/joda-time-2.8.1.jar:/home/user/.m2/repository/com/amazonaws/aws-java-sdk-s3/1.11.615/aws-java-sdk-s3-1.11.615.jar:/home/user/.m2/repository/com/amazonaws/aws-java-sdk-kms/1.11.615/aws-java-sdk-kms-1.11.615.jar:/home/user/.m2/repository/com/amazonaws/jmespath-java/1.11.615/jmespath-java-1.11.615.jar:/home/user/.m2/repository/org/kohsuke/metainf-services/metainf-services/1.8/metainf-services-1.8.jar:/home/user/.m2/repository/org/apache/hadoop/hadoop-hdds-tools/1.1.0-SNAPSHOT/hadoop-hdds-tools-1.1.0-SNAPSHOT.jar:/home/user/.m2/repository/commons-cli/commons-cli/1.2/commons-cli-1.2.jar:/home/user/.m2/repository/org/apache/commons/commons-lang3/3.7/commons-lang3-3.7.jar:/home/user/.m2/repository/org/apache/hadoop/hadoop-ozone-ozone-manager/1.1.0-SNAPSHOT/hadoop-ozone-ozone-manager-1.1.0-SNAPSHOT-tests.jar:/home/user/.m2/repository/junit/junit/4.11/junit-4.11.jar:/home/user/.m2/repository/org/hamcrest/hamcrest-core/1.3/hamcrest-core-1.3.jar:/home/user/.m2/repository/org/openjdk/jmh/jmh-core/1.19/jmh-core-1.19.jar:/home/user/.m2/repository/net/sf/jopt-simple/jopt-simple/4.6/jopt-simple-4.6.jar:/home/user/.m2/repository/org/apache/commons/commons-math3/3.1.1/commons-math3-3.1.1.jar:/home/user/.m2/repository/org/openjdk/jmh/jmh-generator-annprocess/1.19/jmh-generator-annprocess-1.19.jar:/home/user/.m2/repository/org/mockito/mockito-all/1.8.5/mockito-all-1.8.5.jar:/home/user/.m2/repository/org/apache/hadoop/hadoop-kms/3.2.1/hadoop-kms-3.2.1.jar:/home/user/.m2/repository/org/apache/hadoop/hadoop-auth/3.2.1/hadoop-auth-3.2.1.jar:/home/user/.m2/repository/com/nimbusds/nimbus-jose-jwt/7.9/nimbus-jose-jwt-7.9.jar:/home/user/.m2/repository/com/github/stephenc/jcip/jcip-annotations/1.0-1/jcip-annotations-1.0-1.jar:/home/user/.m2/repository/net/minidev/json-smart/2.3/json-smart-2.3.jar:/home/user/.m2/repository/net/minidev/accessors-smart/1.2/accessors-smart-1.2.jar:/home/user/.m2/repository/org/ow2/asm/asm/5.0.4/asm-5.0.4.jar:/home/user/.m2/repository/org/apache/zookeeper/zookeeper/3.4.13/zookeeper-3.4.13.jar:/home/user/.m2/repository/org/apache/yetus/audience-annotations/0.5.0/audience-annotations-0.5.0.jar:/home/user/.m2/repository/org/apache/curator/curator-framework/2.13.0/curator-framework-2.13.0.jar:/home/user/.m2/repository/com/sun/jersey/jersey-core/1.19/jersey-core-1.19.jar:/home/user/.m2/repository/javax/ws/rs/jsr311-api/1.1.1/jsr311-api-1.1.1.jar:/home/user/.m2/repository/com/sun/jersey/jersey-server/1.19/jersey-server-1.19.jar:/home/user/.m2/repository/javax/servlet/javax.servlet-api/3.1.0/javax.servlet-api-3.1.0.jar:/home/user/.m2/repository/org/eclipse/jetty/jetty-server/9.4.26.v20200117/jetty-server-9.4.26.v20200117.jar:/home/user/.m2/repository/org/eclipse/jetty/jetty-http/9.4.26.v20200117/jetty-http-9.4.26.v20200117.jar:/home/user/.m2/repository/org/eclipse/jetty/jetty-io/9.4.26.v20200117/jetty-io-9.4.26.v20200117.jar:/home/user/.m2/repository/org/eclipse/jetty/jetty-webapp/9.4.26.v20200117/jetty-webapp-9.4.26.v20200117.jar:/home/user/.m2/repository/org/eclipse/jetty/jetty-xml/9.4.26.v20200117/jetty-xml-9.4.26.v20200117.jar:/home/user/.m2/repository/org/eclipse/jetty/jetty-servlet/9.4.26.v20200117/jetty-servlet-9.4.26.v20200117.jar:/home/user/.m2/repository/org/eclipse/jetty/jetty-security/9.4.26.v20200117/jetty-security-9.4.26.v20200117.jar:/home/user/.m2/repository/org/apache/hadoop/hadoop-common/3.2.1/hadoop-common-3.2.1.jar:/home/user/.m2/repository/commons-net/commons-net/3.6/commons-net-3.6.jar:/home/user/.m2/repository/commons-collections/commons-collections/3.2.2/commons-collections-3.2.2.jar:/home/user/.m2/repository/com/sun/jersey/jersey-servlet/1.19/jersey-servlet-1.19.jar:/home/user/.m2/repository/com/sun/jersey/jersey-json/1.19/jersey-json-1.19.jar:/home/user/.m2/repository/org/codehaus/jettison/jettison/1.1/jettison-1.1.jar:/home/user/.m2/repository/org/codehaus/jackson/jackson-jaxrs/1.9.2/jackson-jaxrs-1.9.2.jar:/home/user/.m2/repository/org/codehaus/jackson/jackson-xc/1.9.2/jackson-xc-1.9.2.jar:/home/user/.m2/repository/commons-beanutils/commons-beanutils/1.9.4/commons-beanutils-1.9.4.jar:/home/user/.m2/repository/org/apache/commons/commons-configuration2/2.1.1/commons-configuration2-2.1.1.jar:/home/user/.m2/repository/org/apache/commons/commons-text/1.4/commons-text-1.4.jar:/home/user/.m2/repository/com/google/re2j/re2j/1.1/re2j-1.1.jar:/home/user/.m2/repository/com/jcraft/jsch/0.1.54/jsch-0.1.54.jar:/home/user/.m2/repository/org/apache/curator/curator-client/2.13.0/curator-client-2.13.0.jar:/home/user/.m2/repository/org/apache/curator/curator-recipes/2.13.0/curator-recipes-2.13.0.jar:/home/user/.m2/repository/dnsjava/dnsjava/2.1.7/dnsjava-2.1.7.jar:/home/user/.m2/repository/org/slf4j/jul-to-slf4j/1.7.25/jul-to-slf4j-1.7.25.jar:/home/user/.m2/repository/org/eclipse/jetty/jetty-util/9.4.26.v20200117/jetty-util-9.4.26.v20200117.jar:/home/user/.m2/repository/com/fasterxml/jackson/core/jackson-databind/2.10.3/jackson-databind-2.10.3.jar:/home/user/.m2/repository/org/apache/hadoop/hadoop-kms/3.2.1/hadoop-kms-3.2.1-tests.jar:/home/user/.m2/repository/org/apache/hadoop/hadoop-hdds-server-scm/1.1.0-SNAPSHOT/hadoop-hdds-server-scm-1.1.0-SNAPSHOT-tests.jar:/home/user/.m2/repository/org/apache/hadoop/hadoop-hdds-container-service/1.1.0-SNAPSHOT/hadoop-hdds-container-service-1.1.0-SNAPSHOT-tests.jar:/home/user/.m2/repository/org/apache/hadoop/hadoop-hdds-common/1.1.0-SNAPSHOT/hadoop-hdds-common-1.1.0-SNAPSHOT-tests.jar:/home/user/.m2/repository/org/yaml/snakeyaml/1.16/snakeyaml-1.16.jar:/home/user/.m2/repository/org/apache/hadoop/hadoop-hdds-hadoop-dependency-test/1.1.0-SNAPSHOT/hadoop-hdds-hadoop-dependency-test-1.1.0-SNAPSHOT.jar:/home/user/.m2/repository/org/apache/hadoop/hadoop-common/3.2.1/hadoop-common-3.2.1-tests.jar:/home/user/.m2/repository/javax/servlet/jsp/jsp-api/2.1/jsp-api-2.1.jar:/home/user/.m2/repository/org/apache/hadoop/hadoop-hdfs/3.2.1/hadoop-hdfs-3.2.1-tests.jar:/home/user/.m2/repository/org/eclipse/jetty/jetty-util-ajax/9.4.26.v20200117/jetty-util-ajax-9.4.26.v20200117.jar:/home/user/.m2/repository/commons-codec/commons-codec/1.11/commons-codec-1.11.jar:/home/user/.m2/repository/commons-daemon/commons-daemon/1.0.13/commons-daemon-1.0.13.jar:/home/user/.m2/repository/io/netty/netty/3.10.5.Final/netty-3.10.5.Final.jar:/home/user/.m2/repository/io/netty/netty-all/4.1.48.Final/netty-all-4.1.48.Final.jar:/home/user/.m2/repository/org/apache/htrace/htrace-core4/4.1.0-incubating/htrace-core4-4.1.0-incubating.jar:/home/user/.m2/repository/org/fusesource/leveldbjni/leveldbjni-all/1.8/leveldbjni-all-1.8.jar:/home/user/.m2/repository/org/apache/hadoop/hadoop-distcp/3.2.1/hadoop-distcp-3.2.1.jar:/home/user/.m2/repository/org/apache/hadoop/hadoop-mapreduce-client-jobclient/3.2.1/hadoop-mapreduce-client-jobclient-3.2.1.jar:/home/user/.m2/repository/org/apache/hadoop/hadoop-mapreduce-client-common/3.2.1/hadoop-mapreduce-client-common-3.2.1.jar:/home/user/.m2/repository/org/apache/hadoop/hadoop-yarn-common/3.2.1/hadoop-yarn-common-3.2.1.jar:/home/user/.m2/repository/org/apache/hadoop/hadoop-yarn-api/3.2.1/hadoop-yarn-api-3.2.1.jar:/home/user/.m2/repository/com/sun/jersey/jersey-client/1.19/jersey-client-1.19.jar:/home/user/.m2/repository/com/sun/jersey/contribs/jersey-guice/1.19/jersey-guice-1.19.jar:/home/user/.m2/repository/com/fasterxml/jackson/jaxrs/jackson-jaxrs-json-provider/2.10.3/jackson-jaxrs-json-provider-2.10.3.jar:/home/user/.m2/repository/com/fasterxml/jackson/jaxrs/jackson-jaxrs-base/2.10.3/jackson-jaxrs-base-2.10.3.jar:/home/user/.m2/repository/org/apache/hadoop/hadoop-yarn-client/3.2.1/hadoop-yarn-client-3.2.1.jar:/home/user/.m2/repository/org/apache/hadoop/hadoop-mapreduce-client-core/3.2.1/hadoop-mapreduce-client-core-3.2.1.jar:/home/user/.m2/repository/org/apache/avro/avro/1.7.7/avro-1.7.7.jar:/home/user/.m2/repository/org/codehaus/jackson/jackson-core-asl/1.9.13/jackson-core-asl-1.9.13.jar:/home/user/.m2/repository/org/codehaus/jackson/jackson-mapper-asl/1.9.13/jackson-mapper-asl-1.9.13.jar:/home/user/.m2/repository/com/thoughtworks/paranamer/paranamer/2.3/paranamer-2.3.jar:/home/user/.m2/repository/org/xerial/snappy/snappy-java/1.0.5/snappy-java-1.0.5.jar:/home/user/.m2/repository/org/apache/hadoop/hadoop-annotations/3.2.1/hadoop-annotations-3.2.1.jar:/usr/lib/jvm/java-1.8.0-openjdk-1.8.0.232.b09-0.el7_7.x86_64/jre/../lib/tools.jar:/home/user/.m2/repository/org/apache/hadoop/hadoop-distcp/3.2.1/hadoop-distcp-3.2.1-tests.jar:"/>
    <property name="java.vm.vendor" value="Oracle Corporation"/>
    <property name="sun.arch.data.model" value="64"/>
    <property name="test.build.dir" value="/github/workspace/mnt/ozone/hadoop-ozone/integration-test/target/test-dir"/>
    <property name="test.cache.data" value=""/>
    <property name="java.vendor.url" value="http://java.oracle.com/"/>
    <property name="user.timezone" value=""/>
    <property name="java.vm.specification.version" value="1.8"/>
    <property name="os.name" value="Linux"/>
    <property name="test.build.data" value="/github/workspace/mnt/ozone/hadoop-ozone/integration-test/target/test-dir"/>
    <property name="user.country" value="US"/>
    <property name="sun.java.launcher" value="SUN_STANDARD"/>
    <property name="sun.boot.library.path" value="/usr/lib/jvm/java-1.8.0-openjdk-1.8.0.232.b09-0.el7_7.x86_64/jre/lib/amd64"/>
    <property name="sun.java.command" value="/github/workspace/mnt/ozone/hadoop-ozone/integration-test/target/surefire/surefirebooter3932606990390159222.jar /github/workspace/mnt/ozone/hadoop-ozone/integration-test/target/surefire 2020-10-27T07-25-13_073-jvmRun1 surefire5294515975157964488tmp surefire_156941342016930458481tmp"/>
    <property name="surefire.test.class.path" value="/github/workspace/mnt/ozone/hadoop-ozone/integration-test/target/test-classes:/github/workspace/mnt/ozone/hadoop-ozone/integration-test/target/classes:/home/user/.m2/repository/org/apache/hadoop/hadoop-ozone-common/1.1.0-SNAPSHOT/hadoop-ozone-common-1.1.0-SNAPSHOT.jar:/home/user/.m2/repository/org/apache/commons/commons-compress/1.4.1/commons-compress-1.4.1.jar:/home/user/.m2/repository/org/tukaani/xz/1.0/xz-1.0.jar:/home/user/.m2/repository/org/apache/hadoop/hadoop-hdds-common/1.1.0-SNAPSHOT/hadoop-hdds-common-1.1.0-SNAPSHOT.jar:/home/user/.m2/repository/org/apache/hadoop/hadoop-hdds-hadoop-dependency-client/1.1.0-SNAPSHOT/hadoop-hdds-hadoop-dependency-client-1.1.0-SNAPSHOT.jar:/home/user/.m2/repository/info/picocli/picocli/4.4.0/picocli-4.4.0.jar:/home/user/.m2/repository/com/fasterxml/jackson/core/jackson-annotations/2.10.3/jackson-annotations-2.10.3.jar:/home/user/.m2/repository/javax/annotation/javax.annotation-api/1.2/javax.annotation-api-1.2.jar:/home/user/.m2/repository/org/apache/ratis/ratis-server/1.1.0-11689cd-SNAPSHOT/ratis-server-1.1.0-11689cd-SNAPSHOT.jar:/home/user/.m2/repository/org/apache/ratis/ratis-client/1.1.0-11689cd-SNAPSHOT/ratis-client-1.1.0-11689cd-SNAPSHOT.jar:/home/user/.m2/repository/org/apache/ratis/ratis-metrics/1.1.0-11689cd-SNAPSHOT/ratis-metrics-1.1.0-11689cd-SNAPSHOT.jar:/home/user/.m2/repository/org/apache/ratis/ratis-netty/1.1.0-11689cd-SNAPSHOT/ratis-netty-1.1.0-11689cd-SNAPSHOT.jar:/home/user/.m2/repository/org/apache/ratis/ratis-grpc/1.1.0-11689cd-SNAPSHOT/ratis-grpc-1.1.0-11689cd-SNAPSHOT.jar:/home/user/.m2/repository/org/apache/logging/log4j/log4j-api/2.13.3/log4j-api-2.13.3.jar:/home/user/.m2/repository/org/apache/logging/log4j/log4j-core/2.13.3/log4j-core-2.13.3.jar:/home/user/.m2/repository/com/lmax/disruptor/3.4.2/disruptor-3.4.2.jar:/home/user/.m2/repository/org/apache/commons/commons-pool2/2.6.0/commons-pool2-2.6.0.jar:/home/user/.m2/repository/org/bouncycastle/bcpkix-jdk15on/1.60/bcpkix-jdk15on-1.60.jar:/home/user/.m2/repository/commons-validator/commons-validator/1.6/commons-validator-1.6.jar:/home/user/.m2/repository/commons-digester/commons-digester/1.8.1/commons-digester-1.8.1.jar:/home/user/.m2/repository/io/jaegertracing/jaeger-client/1.2.0/jaeger-client-1.2.0.jar:/home/user/.m2/repository/io/jaegertracing/jaeger-thrift/1.2.0/jaeger-thrift-1.2.0.jar:/home/user/.m2/repository/org/apache/thrift/libthrift/0.13.0/libthrift-0.13.0.jar:/home/user/.m2/repository/com/squareup/okhttp3/okhttp/4.2.2/okhttp-4.2.2.jar:/home/user/.m2/repository/com/squareup/okio/okio/2.2.2/okio-2.2.2.jar:/home/user/.m2/repository/org/jetbrains/kotlin/kotlin-stdlib/1.3.50/kotlin-stdlib-1.3.50.jar:/home/user/.m2/repository/org/jetbrains/kotlin/kotlin-stdlib-common/1.3.50/kotlin-stdlib-common-1.3.50.jar:/home/user/.m2/repository/org/jetbrains/annotations/13.0/annotations-13.0.jar:/home/user/.m2/repository/io/jaegertracing/jaeger-core/1.2.0/jaeger-core-1.2.0.jar:/home/user/.m2/repository/io/jaegertracing/jaeger-tracerresolver/1.2.0/jaeger-tracerresolver-1.2.0.jar:/home/user/.m2/repository/io/opentracing/contrib/opentracing-tracerresolver/0.1.8/opentracing-tracerresolver-0.1.8.jar:/home/user/.m2/repository/io/opentracing/opentracing-util/0.33.0/opentracing-util-0.33.0.jar:/home/user/.m2/repository/io/opentracing/opentracing-api/0.33.0/opentracing-api-0.33.0.jar:/home/user/.m2/repository/io/opentracing/opentracing-noop/0.33.0/opentracing-noop-0.33.0.jar:/home/user/.m2/repository/org/apache/hadoop/hadoop-hdds-client/1.1.0-SNAPSHOT/hadoop-hdds-client-1.1.0-SNAPSHOT.jar:/home/user/.m2/repository/org/apache/hadoop/hadoop-ozone-interface-client/1.1.0-SNAPSHOT/hadoop-ozone-interface-client-1.1.0-SNAPSHOT.jar:/home/user/.m2/repository/org/apache/hadoop/hadoop-hdds-test-utils/1.1.0-SNAPSHOT/hadoop-hdds-test-utils-1.1.0-SNAPSHOT.jar:/home/user/.m2/repository/com/google/guava/guava/28.2-jre/guava-28.2-jre.jar:/home/user/.m2/repository/com/google/guava/failureaccess/1.0.1/failureaccess-1.0.1.jar:/home/user/.m2/repository/com/google/guava/listenablefuture/9999.0-empty-to-avoid-conflict-with-guava/listenablefuture-9999.0-empty-to-avoid-conflict-with-guava.jar:/home/user/.m2/repository/com/google/code/findbugs/jsr305/3.0.0/jsr305-3.0.0.jar:/home/user/.m2/repository/org/checkerframework/checker-qual/2.10.0/checker-qual-2.10.0.jar:/home/user/.m2/repository/com/google/errorprone/error_prone_annotations/2.2.0/error_prone_annotations-2.2.0.jar:/home/user/.m2/repository/com/google/j2objc/j2objc-annotations/1.3/j2objc-annotations-1.3.jar:/home/user/.m2/repository/commons-io/commons-io/2.5/commons-io-2.5.jar:/home/user/.m2/repository/commons-logging/commons-logging/1.2/commons-logging-1.2.jar:/home/user/.m2/repository/log4j/log4j/1.2.17/log4j-1.2.17.jar:/home/user/.m2/repository/org/slf4j/slf4j-api/1.7.25/slf4j-api-1.7.25.jar:/home/user/.m2/repository/org/apache/hadoop/hadoop-hdds-server-scm/1.1.0-SNAPSHOT/hadoop-hdds-server-scm-1.1.0-SNAPSHOT.jar:/home/user/.m2/repository/org/apache/hadoop/hadoop-hdds-container-service/1.1.0-SNAPSHOT/hadoop-hdds-container-service-1.1.0-SNAPSHOT.jar:/home/user/.m2/repository/org/apache/hadoop/hadoop-hdds-hadoop-dependency-server/1.1.0-SNAPSHOT/hadoop-hdds-hadoop-dependency-server-1.1.0-SNAPSHOT.jar:/home/user/.m2/repository/org/apache/hadoop/hadoop-hdds-server-framework/1.1.0-SNAPSHOT/hadoop-hdds-server-framework-1.1.0-SNAPSHOT.jar:/home/user/.m2/repository/org/apache/hadoop/hadoop-hdds-interface-server/1.1.0-SNAPSHOT/hadoop-hdds-interface-server-1.1.0-SNAPSHOT.jar:/home/user/.m2/repository/org/apache/hadoop/hadoop-hdds-interface-admin/1.1.0-SNAPSHOT/hadoop-hdds-interface-admin-1.1.0-SNAPSHOT.jar:/home/user/.m2/repository/org/rocksdb/rocksdbjni/6.8.1/rocksdbjni-6.8.1.jar:/home/user/.m2/repository/io/prometheus/simpleclient_dropwizard/0.7.0/simpleclient_dropwizard-0.7.0.jar:/home/user/.m2/repository/io/prometheus/simpleclient/0.7.0/simpleclient-0.7.0.jar:/home/user/.m2/repository/io/prometheus/simpleclient_common/0.7.0/simpleclient_common-0.7.0.jar:/home/user/.m2/repository/com/fasterxml/jackson/datatype/jackson-datatype-jsr310/2.10.3/jackson-datatype-jsr310-2.10.3.jar:/home/user/.m2/repository/io/dropwizard/metrics/metrics-core/3.2.4/metrics-core-3.2.4.jar:/home/user/.m2/repository/org/apache/hadoop/hadoop-hdfs-client/3.2.1/hadoop-hdfs-client-3.2.1.jar:/home/user/.m2/repository/org/bouncycastle/bcprov-jdk15on/1.60/bcprov-jdk15on-1.60.jar:/home/user/.m2/repository/org/apache/hadoop/hadoop-ozone-ozone-manager/1.1.0-SNAPSHOT/hadoop-ozone-ozone-manager-1.1.0-SNAPSHOT.jar:/home/user/.m2/repository/org/apache/hadoop/hadoop-hdds-interface-client/1.1.0-SNAPSHOT/hadoop-hdds-interface-client-1.1.0-SNAPSHOT.jar:/home/user/.m2/repository/org/apache/ratis/ratis-thirdparty-misc/0.6.0-SNAPSHOT/ratis-thirdparty-misc-0.6.0-SNAPSHOT.jar:/home/user/.m2/repository/org/apache/hadoop/hadoop-ozone-interface-storage/1.1.0-SNAPSHOT/hadoop-ozone-interface-storage-1.1.0-SNAPSHOT.jar:/home/user/.m2/repository/org/apache/hadoop/hadoop-minikdc/3.2.1/hadoop-minikdc-3.2.1.jar:/home/user/.m2/repository/org/apache/kerby/kerb-simplekdc/1.0.1/kerb-simplekdc-1.0.1.jar:/home/user/.m2/repository/org/apache/kerby/kerb-client/1.0.1/kerb-client-1.0.1.jar:/home/user/.m2/repository/org/apache/kerby/kerby-config/1.0.1/kerby-config-1.0.1.jar:/home/user/.m2/repository/org/apache/kerby/kerb-core/1.0.1/kerb-core-1.0.1.jar:/home/user/.m2/repository/org/apache/kerby/kerby-pkix/1.0.1/kerby-pkix-1.0.1.jar:/home/user/.m2/repository/org/apache/kerby/kerby-asn1/1.0.1/kerby-asn1-1.0.1.jar:/home/user/.m2/repository/org/apache/kerby/kerby-util/1.0.1/kerby-util-1.0.1.jar:/home/user/.m2/repository/org/apache/kerby/kerb-common/1.0.1/kerb-common-1.0.1.jar:/home/user/.m2/repository/org/apache/kerby/kerb-crypto/1.0.1/kerb-crypto-1.0.1.jar:/home/user/.m2/repository/org/apache/kerby/kerb-util/1.0.1/kerb-util-1.0.1.jar:/home/user/.m2/repository/org/apache/kerby/token-provider/1.0.1/token-provider-1.0.1.jar:/home/user/.m2/repository/org/apache/kerby/kerb-admin/1.0.1/kerb-admin-1.0.1.jar:/home/user/.m2/repository/org/apache/kerby/kerb-server/1.0.1/kerb-server-1.0.1.jar:/home/user/.m2/repository/org/apache/kerby/kerb-identity/1.0.1/kerb-identity-1.0.1.jar:/home/user/.m2/repository/org/apache/kerby/kerby-xdr/1.0.1/kerby-xdr-1.0.1.jar:/home/user/.m2/repository/org/slf4j/slf4j-log4j12/1.7.25/slf4j-log4j12-1.7.25.jar:/home/user/.m2/repository/org/apache/hadoop/hadoop-ozone-s3gateway/1.1.0-SNAPSHOT/hadoop-ozone-s3gateway-1.1.0-SNAPSHOT.jar:/home/user/.m2/repository/org/jboss/weld/servlet/weld-servlet/2.4.7.Final/weld-servlet-2.4.7.Final.jar:/home/user/.m2/repository/org/glassfish/jersey/containers/jersey-container-servlet-core/2.27/jersey-container-servlet-core-2.27.jar:/home/user/.m2/repository/org/glassfish/hk2/external/javax.inject/2.5.0-b42/javax.inject-2.5.0-b42.jar:/home/user/.m2/repository/org/glassfish/jersey/core/jersey-common/2.27/jersey-common-2.27.jar:/home/user/.m2/repository/org/glassfish/hk2/osgi-resource-locator/1.0.1/osgi-resource-locator-1.0.1.jar:/home/user/.m2/repository/javax/ws/rs/javax.ws.rs-api/2.1/javax.ws.rs-api-2.1.jar:/home/user/.m2/repository/org/glassfish/jersey/ext/cdi/jersey-cdi1x/2.27/jersey-cdi1x-2.27.jar:/home/user/.m2/repository/org/glassfish/jersey/inject/jersey-hk2/2.27/jersey-hk2-2.27.jar:/home/user/.m2/repository/org/glassfish/hk2/hk2-locator/2.5.0-b42/hk2-locator-2.5.0-b42.jar:/home/user/.m2/repository/org/javassist/javassist/3.22.0-CR2/javassist-3.22.0-CR2.jar:/home/user/.m2/repository/org/glassfish/hk2/hk2-api/2.5.0/hk2-api-2.5.0.jar:/home/user/.m2/repository/org/glassfish/hk2/external/jakarta.inject/2.5.0/jakarta.inject-2.5.0.jar:/home/user/.m2/repository/org/glassfish/hk2/hk2-utils/2.5.0/hk2-utils-2.5.0.jar:/home/user/.m2/repository/jakarta/annotation/jakarta.annotation-api/1.3.4/jakarta.annotation-api-1.3.4.jar:/home/user/.m2/repository/org/glassfish/hk2/external/aopalliance-repackaged/2.5.0/aopalliance-repackaged-2.5.0.jar:/home/user/.m2/repository/com/fasterxml/jackson/dataformat/jackson-dataformat-xml/2.10.3/jackson-dataformat-xml-2.10.3.jar:/home/user/.m2/repository/com/fasterxml/jackson/core/jackson-core/2.10.3/jackson-core-2.10.3.jar:/home/user/.m2/repository/com/fasterxml/jackson/module/jackson-module-jaxb-annotations/2.10.3/jackson-module-jaxb-annotations-2.10.3.jar:/home/user/.m2/repository/jakarta/xml/bind/jakarta.xml.bind-api/2.3.2/jakarta.xml.bind-api-2.3.2.jar:/home/user/.m2/repository/jakarta/activation/jakarta.activation-api/1.2.1/jakarta.activation-api-1.2.1.jar:/home/user/.m2/repository/org/codehaus/woodstox/stax2-api/3.1.4/stax2-api-3.1.4.jar:/home/user/.m2/repository/com/fasterxml/woodstox/woodstox-core/5.0.3/woodstox-core-5.0.3.jar:/home/user/.m2/repository/javax/enterprise/cdi-api/1.2/cdi-api-1.2.jar:/home/user/.m2/repository/javax/el/javax.el-api/3.0.0/javax.el-api-3.0.0.jar:/home/user/.m2/repository/javax/interceptor/javax.interceptor-api/1.2/javax.interceptor-api-1.2.jar:/home/user/.m2/repository/javax/inject/javax.inject/1/javax.inject-1.jar:/home/user/.m2/repository/com/sun/xml/bind/jaxb-impl/2.3.0.1/jaxb-impl-2.3.0.1.jar:/home/user/.m2/repository/com/sun/xml/bind/jaxb-core/2.3.0.1/jaxb-core-2.3.0.1.jar:/home/user/.m2/repository/javax/xml/bind/jaxb-api/2.3.0/jaxb-api-2.3.0.jar:/home/user/.m2/repository/javax/activation/activation/1.1.1/activation-1.1.1.jar:/home/user/.m2/repository/org/apache/hadoop/hadoop-ozone-csi/1.1.0-SNAPSHOT/hadoop-ozone-csi-1.1.0-SNAPSHOT.jar:/home/user/.m2/repository/com/google/protobuf/protobuf-java-util/3.11.0/protobuf-java-util-3.11.0.jar:/home/user/.m2/repository/com/google/code/gson/gson/2.2.4/gson-2.2.4.jar:/home/user/.m2/repository/org/apache/hadoop/hadoop-hdds-config/1.1.0-SNAPSHOT/hadoop-hdds-config-1.1.0-SNAPSHOT.jar:/home/user/.m2/repository/com/google/protobuf/protobuf-java/2.5.0/protobuf-java-2.5.0.jar:/home/user/.m2/repository/io/grpc/grpc-netty/1.29.0/grpc-netty-1.29.0.jar:/home/user/.m2/repository/io/grpc/grpc-core/1.29.0/grpc-core-1.29.0.jar:/home/user/.m2/repository/com/google/android/annotations/4.1.1.4/annotations-4.1.1.4.jar:/home/user/.m2/repository/io/perfmark/perfmark-api/0.19.0/perfmark-api-0.19.0.jar:/home/user/.m2/repository/io/netty/netty-codec-http2/4.1.48.Final/netty-codec-http2-4.1.48.Final.jar:/home/user/.m2/repository/io/netty/netty-codec/4.1.48.Final/netty-codec-4.1.48.Final.jar:/home/user/.m2/repository/io/netty/netty-handler/4.1.48.Final/netty-handler-4.1.48.Final.jar:/home/user/.m2/repository/io/netty/netty-codec-http/4.1.48.Final/netty-codec-http-4.1.48.Final.jar:/home/user/.m2/repository/io/netty/netty-handler-proxy/4.1.48.Final/netty-handler-proxy-4.1.48.Final.jar:/home/user/.m2/repository/io/netty/netty-codec-socks/4.1.48.Final/netty-codec-socks-4.1.48.Final.jar:/home/user/.m2/repository/io/netty/netty-transport-native-epoll/4.1.48.Final/netty-transport-native-epoll-4.1.48.Final.jar:/home/user/.m2/repository/io/netty/netty-common/4.1.48.Final/netty-common-4.1.48.Final.jar:/home/user/.m2/repository/io/netty/netty-buffer/4.1.48.Final/netty-buffer-4.1.48.Final.jar:/home/user/.m2/repository/io/netty/netty-transport/4.1.48.Final/netty-transport-4.1.48.Final.jar:/home/user/.m2/repository/io/netty/netty-resolver/4.1.48.Final/netty-resolver-4.1.48.Final.jar:/home/user/.m2/repository/io/netty/netty-transport-native-unix-common/4.1.48.Final/netty-transport-native-unix-common-4.1.48.Final.jar:/home/user/.m2/repository/io/grpc/grpc-protobuf/1.29.0/grpc-protobuf-1.29.0.jar:/home/user/.m2/repository/io/grpc/grpc-api/1.29.0/grpc-api-1.29.0.jar:/home/user/.m2/repository/io/grpc/grpc-context/1.29.0/grpc-context-1.29.0.jar:/home/user/.m2/repository/org/codehaus/mojo/animal-sniffer-annotations/1.18/animal-sniffer-annotations-1.18.jar:/home/user/.m2/repository/com/google/api/grpc/proto-google-common-protos/1.17.0/proto-google-common-protos-1.17.0.jar:/home/user/.m2/repository/io/grpc/grpc-protobuf-lite/1.29.0/grpc-protobuf-lite-1.29.0.jar:/home/user/.m2/repository/io/grpc/grpc-stub/1.29.0/grpc-stub-1.29.0.jar:/home/user/.m2/repository/org/apache/hadoop/hadoop-ozone-recon/1.1.0-SNAPSHOT/hadoop-ozone-recon-1.1.0-SNAPSHOT.jar:/home/user/.m2/repository/org/apache/hadoop/hadoop-ozone-reconcodegen/1.1.0-SNAPSHOT/hadoop-ozone-reconcodegen-1.1.0-SNAPSHOT.jar:/home/user/.m2/repository/com/google/inject/extensions/guice-multibindings/4.0/guice-multibindings-4.0.jar:/home/user/.m2/repository/com/google/inject/guice/4.0/guice-4.0.jar:/home/user/.m2/repository/aopalliance/aopalliance/1.0/aopalliance-1.0.jar:/home/user/.m2/repository/com/google/inject/extensions/guice-assistedinject/4.0/guice-assistedinject-4.0.jar:/home/user/.m2/repository/com/google/inject/extensions/guice-servlet/4.0/guice-servlet-4.0.jar:/home/user/.m2/repository/org/glassfish/jersey/containers/jersey-container-servlet/2.27/jersey-container-servlet-2.27.jar:/home/user/.m2/repository/org/glassfish/hk2/guice-bridge/2.5.0/guice-bridge-2.5.0.jar:/home/user/.m2/repository/org/glassfish/jersey/core/jersey-server/2.27/jersey-server-2.27.jar:/home/user/.m2/repository/org/glassfish/jersey/core/jersey-client/2.27/jersey-client-2.27.jar:/home/user/.m2/repository/org/glassfish/jersey/media/jersey-media-jaxb/2.27/jersey-media-jaxb-2.27.jar:/home/user/.m2/repository/javax/validation/validation-api/1.1.0.Final/validation-api-1.1.0.Final.jar:/home/user/.m2/repository/org/glassfish/jersey/media/jersey-media-json-jackson/2.27/jersey-media-json-jackson-2.27.jar:/home/user/.m2/repository/org/glassfish/jersey/ext/jersey-entity-filtering/2.27/jersey-entity-filtering-2.27.jar:/home/user/.m2/repository/org/jooq/jooq/3.11.10/jooq-3.11.10.jar:/home/user/.m2/repository/org/jooq/jooq-meta/3.11.10/jooq-meta-3.11.10.jar:/home/user/.m2/repository/org/jooq/jooq-codegen/3.11.10/jooq-codegen-3.11.10.jar:/home/user/.m2/repository/com/jolbox/bonecp/0.8.0.RELEASE/bonecp-0.8.0.RELEASE.jar:/home/user/.m2/repository/org/apache/derby/derby/10.14.2.0/derby-10.14.2.0.jar:/home/user/.m2/repository/org/xerial/sqlite-jdbc/3.25.2/sqlite-jdbc-3.25.2.jar:/home/user/.m2/repository/org/springframework/spring-jdbc/5.2.5.RELEASE/spring-jdbc-5.2.5.RELEASE.jar:/home/user/.m2/repository/org/springframework/spring-beans/5.2.5.RELEASE/spring-beans-5.2.5.RELEASE.jar:/home/user/.m2/repository/org/springframework/spring-core/5.2.5.RELEASE/spring-core-5.2.5.RELEASE.jar:/home/user/.m2/repository/org/springframework/spring-jcl/5.2.5.RELEASE/spring-jcl-5.2.5.RELEASE.jar:/home/user/.m2/repository/org/springframework/spring-tx/5.2.5.RELEASE/spring-tx-5.2.5.RELEASE.jar:/home/user/.m2/repository/org/apache/hadoop/hadoop-ozone-client/1.1.0-SNAPSHOT/hadoop-ozone-client-1.1.0-SNAPSHOT.jar:/home/user/.m2/repository/org/apache/hadoop/hadoop-ozone-filesystem/1.1.0-SNAPSHOT/hadoop-ozone-filesystem-1.1.0-SNAPSHOT.jar:/home/user/.m2/repository/org/apache/hadoop/hadoop-ozone-filesystem-common/1.1.0-SNAPSHOT/hadoop-ozone-filesystem-common-1.1.0-SNAPSHOT.jar:/home/user/.m2/repository/org/apache/hadoop/hadoop-ozone-tools/1.1.0-SNAPSHOT/hadoop-ozone-tools-1.1.0-SNAPSHOT.jar:/home/user/.m2/repository/org/apache/hadoop/hadoop-hdfs/3.2.1/hadoop-hdfs-3.2.1.jar:/home/user/.m2/repository/org/apache/ratis/ratis-tools/1.1.0-11689cd-SNAPSHOT/ratis-tools-1.1.0-11689cd-SNAPSHOT.jar:/home/user/.m2/repository/org/apache/ratis/ratis-proto/1.1.0-11689cd-SNAPSHOT/ratis-proto-1.1.0-11689cd-SNAPSHOT.jar:/home/user/.m2/repository/org/apache/ratis/ratis-common/1.1.0-11689cd-SNAPSHOT/ratis-common-1.1.0-11689cd-SNAPSHOT.jar:/home/user/.m2/repository/com/amazonaws/aws-java-sdk-core/1.11.615/aws-java-sdk-core-1.11.615.jar:/home/user/.m2/repository/org/apache/httpcomponents/httpclient/4.5.2/httpclient-4.5.2.jar:/home/user/.m2/repository/org/apache/httpcomponents/httpcore/4.4.4/httpcore-4.4.4.jar:/home/user/.m2/repository/software/amazon/ion/ion-java/1.0.2/ion-java-1.0.2.jar:/home/user/.m2/repository/com/fasterxml/jackson/dataformat/jackson-dataformat-cbor/2.10.3/jackson-dataformat-cbor-2.10.3.jar:/home/user/.m2/repository/joda-time/joda-time/2.8.1/joda-time-2.8.1.jar:/home/user/.m2/repository/com/amazonaws/aws-java-sdk-s3/1.11.615/aws-java-sdk-s3-1.11.615.jar:/home/user/.m2/repository/com/amazonaws/aws-java-sdk-kms/1.11.615/aws-java-sdk-kms-1.11.615.jar:/home/user/.m2/repository/com/amazonaws/jmespath-java/1.11.615/jmespath-java-1.11.615.jar:/home/user/.m2/repository/org/kohsuke/metainf-services/metainf-services/1.8/metainf-services-1.8.jar:/home/user/.m2/repository/org/apache/hadoop/hadoop-hdds-tools/1.1.0-SNAPSHOT/hadoop-hdds-tools-1.1.0-SNAPSHOT.jar:/home/user/.m2/repository/commons-cli/commons-cli/1.2/commons-cli-1.2.jar:/home/user/.m2/repository/org/apache/commons/commons-lang3/3.7/commons-lang3-3.7.jar:/home/user/.m2/repository/org/apache/hadoop/hadoop-ozone-ozone-manager/1.1.0-SNAPSHOT/hadoop-ozone-ozone-manager-1.1.0-SNAPSHOT-tests.jar:/home/user/.m2/repository/junit/junit/4.11/junit-4.11.jar:/home/user/.m2/repository/org/hamcrest/hamcrest-core/1.3/hamcrest-core-1.3.jar:/home/user/.m2/repository/org/openjdk/jmh/jmh-core/1.19/jmh-core-1.19.jar:/home/user/.m2/repository/net/sf/jopt-simple/jopt-simple/4.6/jopt-simple-4.6.jar:/home/user/.m2/repository/org/apache/commons/commons-math3/3.1.1/commons-math3-3.1.1.jar:/home/user/.m2/repository/org/openjdk/jmh/jmh-generator-annprocess/1.19/jmh-generator-annprocess-1.19.jar:/home/user/.m2/repository/org/mockito/mockito-all/1.8.5/mockito-all-1.8.5.jar:/home/user/.m2/repository/org/apache/hadoop/hadoop-kms/3.2.1/hadoop-kms-3.2.1.jar:/home/user/.m2/repository/org/apache/hadoop/hadoop-auth/3.2.1/hadoop-auth-3.2.1.jar:/home/user/.m2/repository/com/nimbusds/nimbus-jose-jwt/7.9/nimbus-jose-jwt-7.9.jar:/home/user/.m2/repository/com/github/stephenc/jcip/jcip-annotations/1.0-1/jcip-annotations-1.0-1.jar:/home/user/.m2/repository/net/minidev/json-smart/2.3/json-smart-2.3.jar:/home/user/.m2/repository/net/minidev/accessors-smart/1.2/accessors-smart-1.2.jar:/home/user/.m2/repository/org/ow2/asm/asm/5.0.4/asm-5.0.4.jar:/home/user/.m2/repository/org/apache/zookeeper/zookeeper/3.4.13/zookeeper-3.4.13.jar:/home/user/.m2/repository/org/apache/yetus/audience-annotations/0.5.0/audience-annotations-0.5.0.jar:/home/user/.m2/repository/org/apache/curator/curator-framework/2.13.0/curator-framework-2.13.0.jar:/home/user/.m2/repository/com/sun/jersey/jersey-core/1.19/jersey-core-1.19.jar:/home/user/.m2/repository/javax/ws/rs/jsr311-api/1.1.1/jsr311-api-1.1.1.jar:/home/user/.m2/repository/com/sun/jersey/jersey-server/1.19/jersey-server-1.19.jar:/home/user/.m2/repository/javax/servlet/javax.servlet-api/3.1.0/javax.servlet-api-3.1.0.jar:/home/user/.m2/repository/org/eclipse/jetty/jetty-server/9.4.26.v20200117/jetty-server-9.4.26.v20200117.jar:/home/user/.m2/repository/org/eclipse/jetty/jetty-http/9.4.26.v20200117/jetty-http-9.4.26.v20200117.jar:/home/user/.m2/repository/org/eclipse/jetty/jetty-io/9.4.26.v20200117/jetty-io-9.4.26.v20200117.jar:/home/user/.m2/repository/org/eclipse/jetty/jetty-webapp/9.4.26.v20200117/jetty-webapp-9.4.26.v20200117.jar:/home/user/.m2/repository/org/eclipse/jetty/jetty-xml/9.4.26.v20200117/jetty-xml-9.4.26.v20200117.jar:/home/user/.m2/repository/org/eclipse/jetty/jetty-servlet/9.4.26.v20200117/jetty-servlet-9.4.26.v20200117.jar:/home/user/.m2/repository/org/eclipse/jetty/jetty-security/9.4.26.v20200117/jetty-security-9.4.26.v20200117.jar:/home/user/.m2/repository/org/apache/hadoop/hadoop-common/3.2.1/hadoop-common-3.2.1.jar:/home/user/.m2/repository/commons-net/commons-net/3.6/commons-net-3.6.jar:/home/user/.m2/repository/commons-collections/commons-collections/3.2.2/commons-collections-3.2.2.jar:/home/user/.m2/repository/com/sun/jersey/jersey-servlet/1.19/jersey-servlet-1.19.jar:/home/user/.m2/repository/com/sun/jersey/jersey-json/1.19/jersey-json-1.19.jar:/home/user/.m2/repository/org/codehaus/jettison/jettison/1.1/jettison-1.1.jar:/home/user/.m2/repository/org/codehaus/jackson/jackson-jaxrs/1.9.2/jackson-jaxrs-1.9.2.jar:/home/user/.m2/repository/org/codehaus/jackson/jackson-xc/1.9.2/jackson-xc-1.9.2.jar:/home/user/.m2/repository/commons-beanutils/commons-beanutils/1.9.4/commons-beanutils-1.9.4.jar:/home/user/.m2/repository/org/apache/commons/commons-configuration2/2.1.1/commons-configuration2-2.1.1.jar:/home/user/.m2/repository/org/apache/commons/commons-text/1.4/commons-text-1.4.jar:/home/user/.m2/repository/com/google/re2j/re2j/1.1/re2j-1.1.jar:/home/user/.m2/repository/com/jcraft/jsch/0.1.54/jsch-0.1.54.jar:/home/user/.m2/repository/org/apache/curator/curator-client/2.13.0/curator-client-2.13.0.jar:/home/user/.m2/repository/org/apache/curator/curator-recipes/2.13.0/curator-recipes-2.13.0.jar:/home/user/.m2/repository/dnsjava/dnsjava/2.1.7/dnsjava-2.1.7.jar:/home/user/.m2/repository/org/slf4j/jul-to-slf4j/1.7.25/jul-to-slf4j-1.7.25.jar:/home/user/.m2/repository/org/eclipse/jetty/jetty-util/9.4.26.v20200117/jetty-util-9.4.26.v20200117.jar:/home/user/.m2/repository/com/fasterxml/jackson/core/jackson-databind/2.10.3/jackson-databind-2.10.3.jar:/home/user/.m2/repository/org/apache/hadoop/hadoop-kms/3.2.1/hadoop-kms-3.2.1-tests.jar:/home/user/.m2/repository/org/apache/hadoop/hadoop-hdds-server-scm/1.1.0-SNAPSHOT/hadoop-hdds-server-scm-1.1.0-SNAPSHOT-tests.jar:/home/user/.m2/repository/org/apache/hadoop/hadoop-hdds-container-service/1.1.0-SNAPSHOT/hadoop-hdds-container-service-1.1.0-SNAPSHOT-tests.jar:/home/user/.m2/repository/org/apache/hadoop/hadoop-hdds-common/1.1.0-SNAPSHOT/hadoop-hdds-common-1.1.0-SNAPSHOT-tests.jar:/home/user/.m2/repository/org/yaml/snakeyaml/1.16/snakeyaml-1.16.jar:/home/user/.m2/repository/org/apache/hadoop/hadoop-hdds-hadoop-dependency-test/1.1.0-SNAPSHOT/hadoop-hdds-hadoop-dependency-test-1.1.0-SNAPSHOT.jar:/home/user/.m2/repository/org/apache/hadoop/hadoop-common/3.2.1/hadoop-common-3.2.1-tests.jar:/home/user/.m2/repository/javax/servlet/jsp/jsp-api/2.1/jsp-api-2.1.jar:/home/user/.m2/repository/org/apache/hadoop/hadoop-hdfs/3.2.1/hadoop-hdfs-3.2.1-tests.jar:/home/user/.m2/repository/org/eclipse/jetty/jetty-util-ajax/9.4.26.v20200117/jetty-util-ajax-9.4.26.v20200117.jar:/home/user/.m2/repository/commons-codec/commons-codec/1.11/commons-codec-1.11.jar:/home/user/.m2/repository/commons-daemon/commons-daemon/1.0.13/commons-daemon-1.0.13.jar:/home/user/.m2/repository/io/netty/netty/3.10.5.Final/netty-3.10.5.Final.jar:/home/user/.m2/repository/io/netty/netty-all/4.1.48.Final/netty-all-4.1.48.Final.jar:/home/user/.m2/repository/org/apache/htrace/htrace-core4/4.1.0-incubating/htrace-core4-4.1.0-incubating.jar:/home/user/.m2/repository/org/fusesource/leveldbjni/leveldbjni-all/1.8/leveldbjni-all-1.8.jar:/home/user/.m2/repository/org/apache/hadoop/hadoop-distcp/3.2.1/hadoop-distcp-3.2.1.jar:/home/user/.m2/repository/org/apache/hadoop/hadoop-mapreduce-client-jobclient/3.2.1/hadoop-mapreduce-client-jobclient-3.2.1.jar:/home/user/.m2/repository/org/apache/hadoop/hadoop-mapreduce-client-common/3.2.1/hadoop-mapreduce-client-common-3.2.1.jar:/home/user/.m2/repository/org/apache/hadoop/hadoop-yarn-common/3.2.1/hadoop-yarn-common-3.2.1.jar:/home/user/.m2/repository/org/apache/hadoop/hadoop-yarn-api/3.2.1/hadoop-yarn-api-3.2.1.jar:/home/user/.m2/repository/com/sun/jersey/jersey-client/1.19/jersey-client-1.19.jar:/home/user/.m2/repository/com/sun/jersey/contribs/jersey-guice/1.19/jersey-guice-1.19.jar:/home/user/.m2/repository/com/fasterxml/jackson/jaxrs/jackson-jaxrs-json-provider/2.10.3/jackson-jaxrs-json-provider-2.10.3.jar:/home/user/.m2/repository/com/fasterxml/jackson/jaxrs/jackson-jaxrs-base/2.10.3/jackson-jaxrs-base-2.10.3.jar:/home/user/.m2/repository/org/apache/hadoop/hadoop-yarn-client/3.2.1/hadoop-yarn-client-3.2.1.jar:/home/user/.m2/repository/org/apache/hadoop/hadoop-mapreduce-client-core/3.2.1/hadoop-mapreduce-client-core-3.2.1.jar:/home/user/.m2/repository/org/apache/avro/avro/1.7.7/avro-1.7.7.jar:/home/user/.m2/repository/org/codehaus/jackson/jackson-core-asl/1.9.13/jackson-core-asl-1.9.13.jar:/home/user/.m2/repository/org/codehaus/jackson/jackson-mapper-asl/1.9.13/jackson-mapper-asl-1.9.13.jar:/home/user/.m2/repository/com/thoughtworks/paranamer/paranamer/2.3/paranamer-2.3.jar:/home/user/.m2/repository/org/xerial/snappy/snappy-java/1.0.5/snappy-java-1.0.5.jar:/home/user/.m2/repository/org/apache/hadoop/hadoop-annotations/3.2.1/hadoop-annotations-3.2.1.jar:/usr/lib/jvm/java-1.8.0-openjdk-1.8.0.232.b09-0.el7_7.x86_64/jre/../lib/tools.jar:/home/user/.m2/repository/org/apache/hadoop/hadoop-distcp/3.2.1/hadoop-distcp-3.2.1-tests.jar:"/>
    <property name="sun.cpu.endian" value="little"/>
    <property name="user.home" value="/home/user"/>
    <property name="user.language" value="en"/>
    <property name="java.specification.vendor" value="Oracle Corporation"/>
    <property name="java.home" value="/usr/lib/jvm/java-1.8.0-openjdk-1.8.0.232.b09-0.el7_7.x86_64/jre"/>
    <property name="java.security.krb5.conf" value="/github/workspace/mnt/ozone/hadoop-ozone/integration-test/target/test-classes/krb5.conf"/>
    <property name="basedir" value="/github/workspace/mnt/ozone/hadoop-ozone/integration-test"/>
    <property name="file.separator" value="/"/>
    <property name="line.separator" value="&#10;"/>
    <property name="java.vm.specification.vendor" value="Oracle Corporation"/>
    <property name="java.specification.name" value="Java Platform API Specification"/>
    <property name="java.awt.graphicsenv" value="sun.awt.X11GraphicsEnvironment"/>
    <property name="skip.installnpx" value="true"/>
    <property name="surefire.real.class.path" value="/github/workspace/mnt/ozone/hadoop-ozone/integration-test/target/surefire/surefirebooter3932606990390159222.jar:/home/user/.m2/repository/org/jacoco/org.jacoco.agent/0.8.5/org.jacoco.agent-0.8.5-runtime.jar"/>
    <property name="hadoop.log.dir" value="/github/workspace/mnt/ozone/hadoop-ozone/integration-test/target/log"/>
    <property name="sun.boot.class.path" value="/usr/lib/jvm/java-1.8.0-openjdk-1.8.0.232.b09-0.el7_7.x86_64/jre/lib/resources.jar:/usr/lib/jvm/java-1.8.0-openjdk-1.8.0.232.b09-0.el7_7.x86_64/jre/lib/rt.jar:/usr/lib/jvm/java-1.8.0-openjdk-1.8.0.232.b09-0.el7_7.x86_64/jre/lib/sunrsasign.jar:/usr/lib/jvm/java-1.8.0-openjdk-1.8.0.232.b09-0.el7_7.x86_64/jre/lib/jsse.jar:/usr/lib/jvm/java-1.8.0-openjdk-1.8.0.232.b09-0.el7_7.x86_64/jre/lib/jce.jar:/usr/lib/jvm/java-1.8.0-openjdk-1.8.0.232.b09-0.el7_7.x86_64/jre/lib/charsets.jar:/usr/lib/jvm/java-1.8.0-openjdk-1.8.0.232.b09-0.el7_7.x86_64/jre/lib/jfr.jar:/usr/lib/jvm/java-1.8.0-openjdk-1.8.0.232.b09-0.el7_7.x86_64/jre/classes"/>
    <property name="sun.management.compiler" value="HotSpot 64-Bit Tiered Compilers"/>
    <property name="skip.npx" value="true"/>
    <property name="java.runtime.version" value="1.8.0_232-b09"/>
    <property name="java.net.preferIPv4Stack" value="true"/>
    <property name="user.name" value="jenkins1001"/>
    <property name="path.separator" value=":"/>
    <property name="java.security.egd" value="file:///dev/urandom"/>
    <property name="os.version" value="5.4.0-1031-azure"/>
    <property name="java.endorsed.dirs" value="/usr/lib/jvm/java-1.8.0-openjdk-1.8.0.232.b09-0.el7_7.x86_64/jre/lib/endorsed"/>
    <property name="java.runtime.name" value="OpenJDK Runtime Environment"/>
    <property name="file.encoding" value="ANSI_X3.4-1968"/>
    <property name="java.vm.name" value="OpenJDK 64-Bit Server VM"/>
    <property name="test.build.webapps" value=""/>
    <property name="localRepository" value="/home/user/.m2/repository"/>
    <property name="java.vendor.url.bug" value="http://bugreport.sun.com/bugreport/"/>
    <property name="java.io.tmpdir" value="/tmp"/>
    <property name="require.test.libhadoop" value=""/>
    <property name="java.version" value="1.8.0_232"/>
    <property name="user.dir" value="/github/workspace/mnt/ozone/hadoop-ozone/integration-test"/>
    <property name="os.arch" value="amd64"/>
    <property name="java.vm.specification.name" value="Java Virtual Machine Specification"/>
    <property name="test.build.classes" value="/github/workspace/mnt/ozone/hadoop-ozone/integration-test/target/test-classes"/>
    <property name="java.awt.printerjob" value="sun.print.PSPrinterJob"/>
    <property name="sun.os.patch.level" value="unknown"/>
    <property name="hadoop.tmp.dir" value="/github/workspace/mnt/ozone/hadoop-ozone/integration-test/target/tmp"/>
    <property name="java.library.path" value="/usr/lib:/usr/java/packages/lib/amd64:/usr/lib64:/lib64:/lib:/usr/lib"/>
    <property name="java.vm.info" value="mixed mode"/>
    <property name="java.vendor" value="Oracle Corporation"/>
    <property name="java.vm.version" value="25.232-b09"/>
    <property name="java.ext.dirs" value="/usr/lib/jvm/java-1.8.0-openjdk-1.8.0.232.b09-0.el7_7.x86_64/jre/lib/ext:/usr/java/packages/lib/ext"/>
    <property name="sun.io.unicode.encoding" value="UnicodeLittle"/>
    <property name="java.class.version" value="52.0"/>
  </properties>
  <testcase name="testWatchForCommitWithKeyWrite" classname="org.apache.hadoop.ozone.client.rpc.TestWatchForCommit" time="63.76"/>
  <testcase name="testWatchForCommitForRetryfailure" classname="org.apache.hadoop.ozone.client.rpc.TestWatchForCommit" time="67.117"/>
  <testcase name="testWatchForCommitForGroupMismatchException" classname="org.apache.hadoop.ozone.client.rpc.TestWatchForCommit" time="38.858"/>
  <testcase name="test2WayCommitForTimeoutException" classname="org.apache.hadoop.ozone.client.rpc.TestWatchForCommit" time="52.581">
    <error message="org.apache.ratis.protocol.exceptions.AlreadyClosedException: SlidingWindow$Client:client-43A04AFCB747-&gt;RAFT is closed." type="java.util.concurrent.ExecutionException">java.util.concurrent.ExecutionException: org.apache.ratis.protocol.exceptions.AlreadyClosedException: SlidingWindow$Client:client-43A04AFCB747->RAFT is closed.
	at java.util.concurrent.CompletableFuture.reportGet(CompletableFuture.java:357)
	at java.util.concurrent.CompletableFuture.get(CompletableFuture.java:1908)
	at org.apache.hadoop.ozone.client.rpc.TestWatchForCommit.test2WayCommitForTimeoutException(TestWatchForCommit.java:299)
	at sun.reflect.NativeMethodAccessorImpl.invoke0(Native Method)
	at sun.reflect.NativeMethodAccessorImpl.invoke(NativeMethodAccessorImpl.java:62)
	at sun.reflect.DelegatingMethodAccessorImpl.invoke(DelegatingMethodAccessorImpl.java:43)
	at java.lang.reflect.Method.invoke(Method.java:498)
	at org.junit.runners.model.FrameworkMethod$1.runReflectiveCall(FrameworkMethod.java:47)
	at org.junit.internal.runners.model.ReflectiveCallable.run(ReflectiveCallable.java:12)
	at org.junit.runners.model.FrameworkMethod.invokeExplosively(FrameworkMethod.java:44)
	at org.junit.internal.runners.statements.InvokeMethod.evaluate(InvokeMethod.java:17)
	at org.junit.internal.runners.statements.RunBefores.evaluate(RunBefores.java:26)
	at org.junit.internal.runners.statements.RunAfters.evaluate(RunAfters.java:27)
	at org.junit.runners.ParentRunner.runLeaf(ParentRunner.java:271)
	at org.junit.runners.BlockJUnit4ClassRunner.runChild(BlockJUnit4ClassRunner.java:70)
	at org.junit.runners.BlockJUnit4ClassRunner.runChild(BlockJUnit4ClassRunner.java:50)
	at org.junit.runners.ParentRunner$3.run(ParentRunner.java:238)
	at org.junit.runners.ParentRunner$1.schedule(ParentRunner.java:63)
	at org.junit.runners.ParentRunner.runChildren(ParentRunner.java:236)
	at org.junit.runners.ParentRunner.access$000(ParentRunner.java:53)
	at org.junit.runners.ParentRunner$2.evaluate(ParentRunner.java:229)
	at org.junit.runners.ParentRunner.run(ParentRunner.java:309)
	at org.apache.maven.surefire.junit4.JUnit4Provider.execute(JUnit4Provider.java:365)
	at org.apache.maven.surefire.junit4.JUnit4Provider.executeWithRerun(JUnit4Provider.java:273)
	at org.apache.maven.surefire.junit4.JUnit4Provider.executeTestSet(JUnit4Provider.java:238)
	at org.apache.maven.surefire.junit4.JUnit4Provider.invoke(JUnit4Provider.java:159)
	at org.apache.maven.surefire.booter.ForkedBooter.invokeProviderInSameClassLoader(ForkedBooter.java:384)
	at org.apache.maven.surefire.booter.ForkedBooter.runSuitesInProcess(ForkedBooter.java:345)
	at org.apache.maven.surefire.booter.ForkedBooter.execute(ForkedBooter.java:126)
	at org.apache.maven.surefire.booter.ForkedBooter.main(ForkedBooter.java:418)
Caused by: org.apache.ratis.protocol.exceptions.AlreadyClosedException: SlidingWindow$Client:client-43A04AFCB747->RAFT is closed.
	at org.apache.ratis.util.SlidingWindow$Client.alreadyClosed(SlidingWindow.java:376)
	at org.apache.ratis.util.SlidingWindow$Client.fail(SlidingWindow.java:364)
	at org.apache.ratis.client.impl.OrderedAsync.failAllAsyncRequests(OrderedAsync.java:147)
	at org.apache.ratis.client.impl.OrderedAsync.handleAsyncRetryFailure(OrderedAsync.java:151)
	at org.apache.ratis.client.impl.OrderedAsync.lambda$sendRequest$10(OrderedAsync.java:250)
	at java.util.concurrent.CompletableFuture.uniExceptionally(CompletableFuture.java:884)
	at java.util.concurrent.CompletableFuture$UniExceptionally.tryFire(CompletableFuture.java:866)
	at java.util.concurrent.CompletableFuture.postComplete(CompletableFuture.java:488)
	at java.util.concurrent.CompletableFuture.completeExceptionally(CompletableFuture.java:1990)
	at org.apache.ratis.grpc.client.GrpcClientProtocolClient$AsyncStreamObservers.completeReplyExceptionally(GrpcClientProtocolClient.java:358)
	at org.apache.ratis.grpc.client.GrpcClientProtocolClient$AsyncStreamObservers.access$000(GrpcClientProtocolClient.java:264)
	at org.apache.ratis.grpc.client.GrpcClientProtocolClient$AsyncStreamObservers$1.onNext(GrpcClientProtocolClient.java:278)
	at org.apache.ratis.grpc.client.GrpcClientProtocolClient$AsyncStreamObservers$1.onNext(GrpcClientProtocolClient.java:269)
	at org.apache.ratis.thirdparty.io.grpc.stub.ClientCalls$StreamObserverToCallListenerAdapter.onMessage(ClientCalls.java:440)
	at org.apache.ratis.thirdparty.io.grpc.ForwardingClientCallListener.onMessage(ForwardingClientCallListener.java:33)
	at org.apache.ratis.thirdparty.io.grpc.internal.ClientCallImpl$ClientStreamListenerImpl$1MessagesAvailable.runInternal(ClientCallImpl.java:658)
	at org.apache.ratis.thirdparty.io.grpc.internal.ClientCallImpl$ClientStreamListenerImpl$1MessagesAvailable.runInContext(ClientCallImpl.java:643)
	at org.apache.ratis.thirdparty.io.grpc.internal.ContextRunnable.run(ContextRunnable.java:37)
	at org.apache.ratis.thirdparty.io.grpc.internal.SerializingExecutor.run(SerializingExecutor.java:123)
	at java.util.concurrent.ThreadPoolExecutor.runWorker(ThreadPoolExecutor.java:1149)
	at java.util.concurrent.ThreadPoolExecutor$Worker.run(ThreadPoolExecutor.java:624)
	at java.lang.Thread.run(Thread.java:748)
Caused by: org.apache.ratis.protocol.exceptions.RaftRetryFailureException: Failed RaftClientRequest:client-43A04AFCB747->5a42b6c6-dd9e-4bd1-bc6a-89f7d8f7d666@group-E13E969E17FD, cid=66, seq=1*, Watch(0), null for 3 attempts with RequestTypeDependentRetryPolicy{WRITE->org.apache.ratis.retry.ExceptionDependentRetry@747a9eda, WATCH->org.apache.ratis.retry.ExceptionDependentRetry@5b4d5122}
	at org.apache.ratis.client.impl.RaftClientImpl.noMoreRetries(RaftClientImpl.java:358)
	... 19 more
Caused by: org.apache.ratis.protocol.exceptions.NotLeaderException: Server 5a42b6c6-dd9e-4bd1-bc6a-89f7d8f7d666@group-E13E969E17FD is not the leader 051b2d74-f79c-4890-925b-2bf8237baebb:172.17.0.2:35993:0
	at org.apache.ratis.client.impl.ClientProtoUtils.toRaftClientReply(ClientProtoUtils.java:277)
	at org.apache.ratis.grpc.client.GrpcClientProtocolClient$AsyncStreamObservers$1.onNext(GrpcClientProtocolClient.java:274)
	... 10 more
</error>
    <system-out><![CDATA[2020-10-27 07:56:16,052 [Listener at 127.0.0.1/45735] WARN  server.ServerUtils (ServerUtils.java:getScmDbDir(148)) - ozone.scm.db.dirs is not configured. We recommend adding this setting. Falling back to ozone.metadata.dirs instead.
2020-10-27 07:56:16,054 [Listener at 127.0.0.1/45735] WARN  server.ServerUtils (ServerUtils.java:getScmDbDir(148)) - ozone.scm.db.dirs is not configured. We recommend adding this setting. Falling back to ozone.metadata.dirs instead.
2020-10-27 07:56:16,054 [Listener at 127.0.0.1/45735] WARN  db.DBStoreBuilder (DBStoreBuilder.java:createDBStoreBuilder(283)) - ozone.scm.db.dirs is not configured. We recommend adding this setting. Falling back to ozone.metadata.dirs instead.
2020-10-27 07:56:16,086 [Listener at 127.0.0.1/45735] INFO  net.NodeSchemaLoader (NodeSchemaLoader.java:loadSchemaFromFile(126)) - Loading file from sun.misc.CompoundEnumeration@15971523
2020-10-27 07:56:16,087 [Listener at 127.0.0.1/45735] INFO  net.NodeSchemaLoader (NodeSchemaLoader.java:loadSchema(172)) - Loading network topology layer schema file
2020-10-27 07:56:16,092 [Listener at 127.0.0.1/45735] INFO  node.SCMNodeManager (SCMNodeManager.java:<init>(120)) - Entering startup safe mode.
2020-10-27 07:56:16,092 [Listener at 127.0.0.1/45735] INFO  algorithms.ContainerPlacementPolicyFactory (ContainerPlacementPolicyFactory.java:getPolicy(60)) - Create container placement policy of type org.apache.hadoop.hdds.scm.container.placement.algorithms.SCMContainerPlacementRandom
2020-10-27 07:56:16,093 [Listener at 127.0.0.1/45735] INFO  algorithms.LeaderChoosePolicyFactory (LeaderChoosePolicyFactory.java:getPolicy(57)) - Create leader choose policy of type org.apache.hadoop.hdds.scm.pipeline.leader.choose.algorithms.DefaultLeaderChoosePolicy
2020-10-27 07:56:16,093 [Listener at 127.0.0.1/45735] INFO  pipeline.SCMPipelineManager (SCMPipelineManager.java:initializePipelineState(161)) - No pipeline exists in current db
2020-10-27 07:56:16,093 [Listener at 127.0.0.1/45735] INFO  algorithms.PipelineChoosePolicyFactory (PipelineChoosePolicyFactory.java:createPipelineChoosePolicyFromClass(75)) - Create pipeline choose policy of type org.apache.hadoop.hdds.scm.pipeline.choose.algorithms.RandomPipelineChoosePolicy
2020-10-27 07:56:16,094 [Listener at 127.0.0.1/45735] INFO  safemode.HealthyPipelineSafeModeRule (HealthyPipelineSafeModeRule.java:<init>(89)) - Total pipeline count is 0, healthy pipeline threshold count is 0
2020-10-27 07:56:16,094 [Listener at 127.0.0.1/45735] INFO  safemode.OneReplicaPipelineSafeModeRule (OneReplicaPipelineSafeModeRule.java:<init>(79)) - Total pipeline count is 0, pipeline's with at least one datanode reported threshold count is 0
2020-10-27 07:56:16,095 [Listener at 127.0.0.1/45735] INFO  ipc.CallQueueManager (CallQueueManager.java:<init>(84)) - Using callQueue: class java.util.concurrent.LinkedBlockingQueue, queueCapacity: 2000, scheduler: class org.apache.hadoop.ipc.DefaultRpcScheduler, ipcBackoff: false.
2020-10-27 07:56:16,096 [Socket Reader #1 for port 0] INFO  ipc.Server (Server.java:run(1219)) - Starting Socket Reader #1 for port 0
2020-10-27 07:56:16,097 [Listener at 0.0.0.0/36179] INFO  ipc.CallQueueManager (CallQueueManager.java:<init>(84)) - Using callQueue: class java.util.concurrent.LinkedBlockingQueue, queueCapacity: 2000, scheduler: class org.apache.hadoop.ipc.DefaultRpcScheduler, ipcBackoff: false.
2020-10-27 07:56:16,098 [Socket Reader #1 for port 0] INFO  ipc.Server (Server.java:run(1219)) - Starting Socket Reader #1 for port 0
2020-10-27 07:56:16,098 [Listener at 0.0.0.0/38197] INFO  ipc.CallQueueManager (CallQueueManager.java:<init>(84)) - Using callQueue: class java.util.concurrent.LinkedBlockingQueue, queueCapacity: 2000, scheduler: class org.apache.hadoop.ipc.DefaultRpcScheduler, ipcBackoff: false.
2020-10-27 07:56:16,099 [Socket Reader #1 for port 0] INFO  ipc.Server (Server.java:run(1219)) - Starting Socket Reader #1 for port 0
2020-10-27 07:56:16,106 [Listener at 0.0.0.0/37065] INFO  http.BaseHttpServer (BaseHttpServer.java:newHttpServer2BuilderForOzone(207)) - Starting Web-server for scm at: http://0.0.0.0:0
2020-10-27 07:56:16,106 [Listener at 0.0.0.0/37065] INFO  http.BaseHttpServer (BaseHttpServer.java:<init>(106)) - Hadoop Security Enabled: false Ozone Security Enabled: false Ozone HTTP Security Enabled: false 
2020-10-27 07:56:16,107 [Listener at 0.0.0.0/37065] INFO  server.AuthenticationFilter (AuthenticationFilter.java:constructSecretProvider(240)) - Unable to initialize FileSignerSecretProvider, falling back to use random secrets.
2020-10-27 07:56:16,107 [Listener at 0.0.0.0/37065] WARN  http.HttpRequestLog (HttpRequestLog.java:getRequestLog(103)) - Jetty request log can only be enabled using Log4j
2020-10-27 07:56:16,108 [Listener at 0.0.0.0/37065] INFO  http.HttpServer2 (HttpServer2.java:addGlobalFilter(1019)) - Added global filter 'safety' (class=org.apache.hadoop.hdds.server.http.HttpServer2$QuotingInputFilter)
2020-10-27 07:56:16,108 [Listener at 0.0.0.0/37065] INFO  http.HttpServer2 (HttpServer2.java:addFilter(995)) - Added filter static_user_filter (class=org.apache.hadoop.http.lib.StaticUserWebFilter$StaticUserFilter) to context scm
2020-10-27 07:56:16,109 [Listener at 0.0.0.0/37065] INFO  http.HttpServer2 (HttpServer2.java:addFilter(1003)) - Added filter static_user_filter (class=org.apache.hadoop.http.lib.StaticUserWebFilter$StaticUserFilter) to context logs
2020-10-27 07:56:16,109 [Listener at 0.0.0.0/37065] INFO  http.HttpServer2 (HttpServer2.java:addFilter(1003)) - Added filter static_user_filter (class=org.apache.hadoop.http.lib.StaticUserWebFilter$StaticUserFilter) to context static
2020-10-27 07:56:16,110 [Listener at 0.0.0.0/37065] INFO  server.StorageContainerManager (StorageContainerManager.java:start(789)) - StorageContainerLocationProtocol RPC server is listening at /0.0.0.0:37065
2020-10-27 07:56:16,111 [Listener at 0.0.0.0/37065] WARN  impl.MetricsConfig (MetricsConfig.java:loadFirst(134)) - Cannot locate configuration: tried hadoop-metrics2-storagecontainermanager.properties,hadoop-metrics2.properties
2020-10-27 07:56:16,112 [Listener at 0.0.0.0/37065] INFO  impl.MetricsSystemImpl (MetricsSystemImpl.java:startTimer(374)) - Scheduled Metric snapshot period at 10 second(s).
2020-10-27 07:56:16,113 [Listener at 0.0.0.0/37065] INFO  impl.MetricsSystemImpl (MetricsSystemImpl.java:start(191)) - StorageContainerManager metrics system started
2020-10-27 07:56:16,120 [Listener at 0.0.0.0/37065] WARN  impl.MetricsSystemImpl (MetricsSystemImpl.java:register(276)) - Sink prometheus already exists!
2020-10-27 07:56:16,134 [Listener at 0.0.0.0/37065] INFO  server.SCMClientProtocolServer (SCMClientProtocolServer.java:start(156)) - RPC server for Client  is listening at /0.0.0.0:37065
2020-10-27 07:56:16,137 [IPC Server Responder] INFO  ipc.Server (Server.java:run(1460)) - IPC Server Responder: starting
2020-10-27 07:56:16,137 [IPC Server listener on 0] INFO  ipc.Server (Server.java:run(1298)) - IPC Server listener on 0: starting
2020-10-27 07:56:16,153 [Listener at 0.0.0.0/37065] INFO  server.StorageContainerManager (StorageContainerManager.java:start(801)) - ScmBlockLocationProtocol RPC server is listening at /0.0.0.0:38197
2020-10-27 07:56:16,153 [Listener at 0.0.0.0/37065] INFO  server.SCMBlockProtocolServer (SCMBlockProtocolServer.java:start(149)) - RPC server for Block Protocol is listening at /0.0.0.0:38197
2020-10-27 07:56:16,154 [IPC Server Responder] INFO  ipc.Server (Server.java:run(1460)) - IPC Server Responder: starting
2020-10-27 07:56:16,154 [IPC Server listener on 0] INFO  ipc.Server (Server.java:run(1298)) - IPC Server listener on 0: starting
2020-10-27 07:56:16,157 [Listener at 0.0.0.0/37065] INFO  server.StorageContainerManager (StorageContainerManager.java:start(807)) - ScmDatanodeProtocl RPC server is listening at /0.0.0.0:36179
2020-10-27 07:56:16,157 [Listener at 0.0.0.0/37065] INFO  server.SCMDatanodeProtocolServer (SCMDatanodeProtocolServer.java:start(172)) - RPC server for DataNodes is listening at /0.0.0.0:36179
2020-10-27 07:56:16,157 [IPC Server Responder] INFO  ipc.Server (Server.java:run(1460)) - IPC Server Responder: starting
2020-10-27 07:56:16,160 [IPC Server listener on 0] INFO  ipc.Server (Server.java:run(1298)) - IPC Server listener on 0: starting
2020-10-27 07:56:16,166 [Listener at 0.0.0.0/37065] INFO  http.HttpServer2 (HttpServer2.java:bindListener(1237)) - Jetty bound to port 33743
2020-10-27 07:56:16,166 [Listener at 0.0.0.0/37065] INFO  server.Server (Server.java:doStart(359)) - jetty-9.4.26.v20200117; built: 2020-01-17T12:35:33.676Z; git: 7b38981d25d14afb4a12ff1f2596756144edf695; jvm 1.8.0_232-b09
2020-10-27 07:56:16,167 [Listener at 0.0.0.0/37065] INFO  server.session (DefaultSessionIdManager.java:doStart(333)) - DefaultSessionIdManager workerName=node0
2020-10-27 07:56:16,167 [Listener at 0.0.0.0/37065] INFO  server.session (DefaultSessionIdManager.java:doStart(338)) - No SessionScavenger set, using defaults
2020-10-27 07:56:16,167 [Listener at 0.0.0.0/37065] INFO  server.session (HouseKeeper.java:startScavenging(140)) - node0 Scavenging every 600000ms
2020-10-27 07:56:16,168 [Listener at 0.0.0.0/37065] INFO  handler.ContextHandler (ContextHandler.java:doStart(825)) - Started o.e.j.s.ServletContextHandler@6f677c34{logs,/logs,file:///github/workspace/mnt/ozone/hadoop-ozone/integration-test/target/log,AVAILABLE}
2020-10-27 07:56:16,168 [Listener at 0.0.0.0/37065] INFO  handler.ContextHandler (ContextHandler.java:doStart(825)) - Started o.e.j.s.ServletContextHandler@66d17af8{static,/static,file:///github/workspace/mnt/ozone/hadoop-ozone/integration-test/target/test-classes/webapps/static,AVAILABLE}
2020-10-27 07:56:16,171 [Listener at 0.0.0.0/37065] INFO  handler.ContextHandler (ContextHandler.java:doStart(825)) - Started o.e.j.w.WebAppContext@444456cb{scm,/,file:///github/workspace/mnt/ozone/hadoop-ozone/integration-test/target/test-classes/webapps/scm/,AVAILABLE}{file:/github/workspace/mnt/ozone/hadoop-ozone/integration-test/target/test-classes/webapps/scm}
2020-10-27 07:56:16,172 [Listener at 0.0.0.0/37065] INFO  server.AbstractConnector (AbstractConnector.java:doStart(330)) - Started ServerConnector@772ce28e{HTTP/1.1,[http/1.1]}{0.0.0.0:33743}
2020-10-27 07:56:16,172 [Listener at 0.0.0.0/37065] INFO  server.Server (Server.java:doStart(399)) - Started @170624ms
2020-10-27 07:56:16,172 [Listener at 0.0.0.0/37065] WARN  impl.MetricsSystemImpl (MetricsSystemImpl.java:register(276)) - Sink prometheus already exists!
2020-10-27 07:56:16,178 [Listener at 0.0.0.0/37065] INFO  http.BaseHttpServer (BaseHttpServer.java:updateConnectorAddress(327)) - HTTP server of scm listening at http://0.0.0.0:33743
2020-10-27 07:56:16,178 [Listener at 0.0.0.0/37065] WARN  server.ServerUtils (ServerUtils.java:getDBPath(225)) - ozone.om.db.dirs is not configured. We recommend adding this setting. Falling back to ozone.metadata.dirs instead.
2020-10-27 07:56:16,179 [org.apache.hadoop.util.JvmPauseMonitor$Monitor@bd211] INFO  util.JvmPauseMonitor (JvmPauseMonitor.java:run(188)) - Starting JVM pause monitor
2020-10-27 07:56:16,180 [Listener at 0.0.0.0/37065] INFO  ha.OMHANodeDetails (OMHANodeDetails.java:loadOMHAConfig(104)) - ozone.om.internal.service.id is not defined, falling back to ozone.om.service.ids to find serviceID for OzoneManager if it is HA enabled cluster
2020-10-27 07:56:16,180 [Listener at 0.0.0.0/37065] INFO  ha.OMHANodeDetails (OMHANodeDetails.java:loadOMHAConfig(213)) - Configuration either no ozone.om.address set. Falling back to the default OM address /127.0.0.1:0
2020-10-27 07:56:16,180 [Listener at 0.0.0.0/37065] INFO  ha.OMHANodeDetails (OMHANodeDetails.java:getOMNodeDetails(241)) - OM Service ID is not set. Setting it to the default ID: omServiceIdDefault
2020-10-27 07:56:16,180 [Listener at 0.0.0.0/37065] WARN  server.ServerUtils (ServerUtils.java:getDBPath(225)) - ozone.om.db.dirs is not configured. We recommend adding this setting. Falling back to ozone.metadata.dirs instead.
2020-10-27 07:56:16,181 [Listener at 0.0.0.0/37065] WARN  server.ServerUtils (ServerUtils.java:getDBPath(225)) - ozone.om.db.dirs is not configured. We recommend adding this setting. Falling back to ozone.metadata.dirs instead.
2020-10-27 07:56:16,186 [Listener at 0.0.0.0/37065] WARN  server.ServerUtils (ServerUtils.java:getDBPath(225)) - ozone.om.db.dirs is not configured. We recommend adding this setting. Falling back to ozone.metadata.dirs instead.
2020-10-27 07:56:16,186 [Listener at 0.0.0.0/37065] INFO  codec.OmKeyInfoCodec (OmKeyInfoCodec.java:<init>(41)) - OmKeyInfoCodec ignorePipeline = true
2020-10-27 07:56:16,187 [Listener at 0.0.0.0/37065] INFO  codec.RepeatedOmKeyInfoCodec (RepeatedOmKeyInfoCodec.java:<init>(40)) - RepeatedOmKeyInfoCodec ignorePipeline = true
2020-10-27 07:56:16,237 [Listener at 0.0.0.0/37065] INFO  om.OzoneManager (OzoneManager.java:addS3GVolumeToDB(3650)) - Created Volume s3v With Owner jenkins1001 required for S3Gateway operations.
2020-10-27 07:56:16,240 [Listener at 0.0.0.0/37065] INFO  ipc.CallQueueManager (CallQueueManager.java:<init>(84)) - Using callQueue: class java.util.concurrent.LinkedBlockingQueue, queueCapacity: 2000, scheduler: class org.apache.hadoop.ipc.DefaultRpcScheduler, ipcBackoff: false.
2020-10-27 07:56:16,240 [Socket Reader #1 for port 0] INFO  ipc.Server (Server.java:run(1219)) - Starting Socket Reader #1 for port 0
2020-10-27 07:56:16,259 [Listener at 127.0.0.1/35583] INFO  impl.MetricsSystemImpl (MetricsSystemImpl.java:init(158)) - OzoneManager metrics system started (again)
2020-10-27 07:56:16,260 [Listener at 127.0.0.1/35583] INFO  om.OzoneManager (OzoneManager.java:start(1135)) - OzoneManager RPC server is listening at localhost/127.0.0.1:35583
2020-10-27 07:56:16,267 [Listener at 127.0.0.1/35583] INFO  http.BaseHttpServer (BaseHttpServer.java:newHttpServer2BuilderForOzone(207)) - Starting Web-server for ozoneManager at: http://0.0.0.0:0
2020-10-27 07:56:16,267 [Listener at 127.0.0.1/35583] INFO  http.BaseHttpServer (BaseHttpServer.java:<init>(106)) - Hadoop Security Enabled: false Ozone Security Enabled: false Ozone HTTP Security Enabled: false 
2020-10-27 07:56:16,268 [Listener at 127.0.0.1/35583] INFO  server.AuthenticationFilter (AuthenticationFilter.java:constructSecretProvider(240)) - Unable to initialize FileSignerSecretProvider, falling back to use random secrets.
2020-10-27 07:56:16,268 [Listener at 127.0.0.1/35583] WARN  http.HttpRequestLog (HttpRequestLog.java:getRequestLog(103)) - Jetty request log can only be enabled using Log4j
2020-10-27 07:56:16,269 [Listener at 127.0.0.1/35583] INFO  http.HttpServer2 (HttpServer2.java:addGlobalFilter(1019)) - Added global filter 'safety' (class=org.apache.hadoop.hdds.server.http.HttpServer2$QuotingInputFilter)
2020-10-27 07:56:16,270 [Listener at 127.0.0.1/35583] INFO  http.HttpServer2 (HttpServer2.java:addFilter(995)) - Added filter static_user_filter (class=org.apache.hadoop.http.lib.StaticUserWebFilter$StaticUserFilter) to context ozoneManager
2020-10-27 07:56:16,270 [Listener at 127.0.0.1/35583] INFO  http.HttpServer2 (HttpServer2.java:addFilter(1003)) - Added filter static_user_filter (class=org.apache.hadoop.http.lib.StaticUserWebFilter$StaticUserFilter) to context static
2020-10-27 07:56:16,270 [Listener at 127.0.0.1/35583] INFO  http.HttpServer2 (HttpServer2.java:addFilter(1003)) - Added filter static_user_filter (class=org.apache.hadoop.http.lib.StaticUserWebFilter$StaticUserFilter) to context logs
2020-10-27 07:56:16,270 [Listener at 127.0.0.1/35583] INFO  http.HttpServer2 (HttpServer2.java:bindListener(1237)) - Jetty bound to port 42807
2020-10-27 07:56:16,270 [Listener at 127.0.0.1/35583] INFO  server.Server (Server.java:doStart(359)) - jetty-9.4.26.v20200117; built: 2020-01-17T12:35:33.676Z; git: 7b38981d25d14afb4a12ff1f2596756144edf695; jvm 1.8.0_232-b09
2020-10-27 07:56:16,271 [Listener at 127.0.0.1/35583] INFO  server.session (DefaultSessionIdManager.java:doStart(333)) - DefaultSessionIdManager workerName=node0
2020-10-27 07:56:16,272 [Listener at 127.0.0.1/35583] INFO  server.session (DefaultSessionIdManager.java:doStart(338)) - No SessionScavenger set, using defaults
2020-10-27 07:56:16,272 [Listener at 127.0.0.1/35583] INFO  server.session (HouseKeeper.java:startScavenging(140)) - node0 Scavenging every 660000ms
2020-10-27 07:56:16,272 [Listener at 127.0.0.1/35583] INFO  handler.ContextHandler (ContextHandler.java:doStart(825)) - Started o.e.j.s.ServletContextHandler@12d658c0{logs,/logs,file:///github/workspace/mnt/ozone/hadoop-ozone/integration-test/target/log,AVAILABLE}
2020-10-27 07:56:16,272 [Listener at 127.0.0.1/35583] INFO  handler.ContextHandler (ContextHandler.java:doStart(825)) - Started o.e.j.s.ServletContextHandler@545bdccb{static,/static,file:///github/workspace/mnt/ozone/hadoop-ozone/integration-test/target/test-classes/webapps/static,AVAILABLE}
2020-10-27 07:56:16,275 [Listener at 127.0.0.1/35583] INFO  handler.ContextHandler (ContextHandler.java:doStart(825)) - Started o.e.j.w.WebAppContext@39fd1bfd{ozoneManager,/,file:///github/workspace/mnt/ozone/hadoop-ozone/integration-test/target/test-classes/webapps/ozoneManager/,AVAILABLE}{file:/github/workspace/mnt/ozone/hadoop-ozone/integration-test/target/test-classes/webapps/ozoneManager}
2020-10-27 07:56:16,276 [Listener at 127.0.0.1/35583] INFO  server.AbstractConnector (AbstractConnector.java:doStart(330)) - Started ServerConnector@22b6e26d{HTTP/1.1,[http/1.1]}{0.0.0.0:42807}
2020-10-27 07:56:16,276 [Listener at 127.0.0.1/35583] INFO  server.Server (Server.java:doStart(399)) - Started @170729ms
2020-10-27 07:56:16,277 [Listener at 127.0.0.1/35583] WARN  impl.MetricsSystemImpl (MetricsSystemImpl.java:register(276)) - Sink prometheus already exists!
2020-10-27 07:56:16,281 [Listener at 127.0.0.1/35583] INFO  http.BaseHttpServer (BaseHttpServer.java:updateConnectorAddress(327)) - HTTP server of ozoneManager listening at http://0.0.0.0:42807
2020-10-27 07:56:16,282 [IPC Server Responder] INFO  ipc.Server (Server.java:run(1460)) - IPC Server Responder: starting
2020-10-27 07:56:16,285 [IPC Server listener on 0] INFO  ipc.Server (Server.java:run(1298)) - IPC Server listener on 0: starting
2020-10-27 07:56:16,293 [org.apache.hadoop.util.JvmPauseMonitor$Monitor@1c66e404] INFO  util.JvmPauseMonitor (JvmPauseMonitor.java:run(188)) - Starting JVM pause monitor
2020-10-27 07:56:16,309 [Listener at 127.0.0.1/35583] INFO  impl.MetricsSystemImpl (MetricsSystemImpl.java:init(158)) - HddsDatanode metrics system started (again)
2020-10-27 07:56:16,311 [Listener at 127.0.0.1/35583] INFO  ozone.HddsDatanodeService (HddsDatanodeService.java:start(217)) - HddsDatanodeService host:347446dca554 ip:172.17.0.2
2020-10-27 07:56:16,312 [Listener at 127.0.0.1/35583] INFO  volume.HddsVolume (HddsVolume.java:<init>(176)) - Creating Volume: /github/workspace/mnt/ozone/hadoop-ozone/integration-test/target/test-dir/MiniOzoneClusterImpl-b0e8067d-8c2e-4ee5-9f61-8ad8788f9080/datanode-0/data-0/containers/hdds of storage type : DISK and capacity : 9223372036854775807
2020-10-27 07:56:16,312 [Listener at 127.0.0.1/35583] INFO  volume.MutableVolumeSet (MutableVolumeSet.java:initializeVolumeSet(179)) - Added Volume : /github/workspace/mnt/ozone/hadoop-ozone/integration-test/target/test-dir/MiniOzoneClusterImpl-b0e8067d-8c2e-4ee5-9f61-8ad8788f9080/datanode-0/data-0/containers/hdds to VolumeSet
2020-10-27 07:56:16,312 [Listener at 127.0.0.1/35583] INFO  volume.ThrottledAsyncChecker (ThrottledAsyncChecker.java:schedule(141)) - Scheduling a check for /github/workspace/mnt/ozone/hadoop-ozone/integration-test/target/test-dir/MiniOzoneClusterImpl-b0e8067d-8c2e-4ee5-9f61-8ad8788f9080/datanode-0/data-0/containers/hdds
2020-10-27 07:56:16,313 [Listener at 127.0.0.1/35583] INFO  volume.HddsVolumeChecker (HddsVolumeChecker.java:checkAllVolumes(200)) - Scheduled health check for volume /github/workspace/mnt/ozone/hadoop-ozone/integration-test/target/test-dir/MiniOzoneClusterImpl-b0e8067d-8c2e-4ee5-9f61-8ad8788f9080/datanode-0/data-0/containers/hdds
2020-10-27 07:56:16,328 [Thread-1547] INFO  ozoneimpl.ContainerReader (ContainerReader.java:readVolume(123)) - Start to verify containers on volume /github/workspace/mnt/ozone/hadoop-ozone/integration-test/target/test-dir/MiniOzoneClusterImpl-b0e8067d-8c2e-4ee5-9f61-8ad8788f9080/datanode-0/data-0/containers/hdds
2020-10-27 07:56:16,328 [Thread-1547] INFO  ozoneimpl.ContainerReader (ContainerReader.java:readVolume(148)) - Finish verifying containers on volume /github/workspace/mnt/ozone/hadoop-ozone/integration-test/target/test-dir/MiniOzoneClusterImpl-b0e8067d-8c2e-4ee5-9f61-8ad8788f9080/datanode-0/data-0/containers/hdds
2020-10-27 07:56:16,328 [Listener at 127.0.0.1/35583] INFO  ozoneimpl.OzoneContainer (OzoneContainer.java:buildContainerSet(196)) - Build ContainerSet costs 0s
2020-10-27 07:56:16,329 [Listener at 127.0.0.1/35583] INFO  impl.RaftServerProxy (ConfUtils.java:logGet(44)) - raft.rpc.type = GRPC (default)
2020-10-27 07:56:16,330 [Listener at 127.0.0.1/35583] INFO  grpc.GrpcFactory (GrpcFactory.java:checkPooledByteBufAllocatorUseCacheForAllThreads(45)) - PERFORMANCE WARNING: useCacheForAllThreads is true that may cause Netty to create a lot garbage objects and, as a result, trigger GC.
	It is recommended to disable useCacheForAllThreads by setting -Dorg.apache.ratis.thirdparty.io.netty.allocator.useCacheForAllThreads=false in command line.
2020-10-27 07:56:16,330 [Listener at 127.0.0.1/35583] INFO  grpc.GrpcConfigKeys (ConfUtils.java:logGet(44)) - raft.grpc.server.port = 0 (default)
2020-10-27 07:56:16,330 [Listener at 127.0.0.1/35583] INFO  server.GrpcService (ConfUtils.java:logGet(44)) - raft.grpc.message.size.max = 32MB (=33554432) (custom)
2020-10-27 07:56:16,330 [Listener at 127.0.0.1/35583] INFO  server.RaftServerConfigKeys (ConfUtils.java:logGet(44)) - raft.server.log.appender.buffer.byte-limit = 33554432 (custom)
2020-10-27 07:56:16,330 [Listener at 127.0.0.1/35583] INFO  server.GrpcService (ConfUtils.java:logGet(44)) - raft.grpc.flow.control.window = 5MB (=5242880) (custom)
2020-10-27 07:56:16,330 [Listener at 127.0.0.1/35583] INFO  server.RaftServerConfigKeys (ConfUtils.java:logGet(44)) - raft.server.rpc.request.timeout = 3000ms (default)
2020-10-27 07:56:16,331 [Listener at 127.0.0.1/35583] INFO  server.RaftServerConfigKeys (ConfUtils.java:logGet(44)) - raft.server.storage.dir = [/github/workspace/mnt/ozone/hadoop-ozone/integration-test/target/test-dir/MiniOzoneClusterImpl-b0e8067d-8c2e-4ee5-9f61-8ad8788f9080/datanode-0/data/ratis] (custom)
2020-10-27 07:56:16,338 [Listener at 127.0.0.1/35583] INFO  http.BaseHttpServer (BaseHttpServer.java:newHttpServer2BuilderForOzone(207)) - Starting Web-server for hddsDatanode at: http://0.0.0.0:0
2020-10-27 07:56:16,339 [Listener at 127.0.0.1/35583] INFO  http.BaseHttpServer (BaseHttpServer.java:<init>(106)) - Hadoop Security Enabled: false Ozone Security Enabled: false Ozone HTTP Security Enabled: false 
2020-10-27 07:56:16,340 [Listener at 127.0.0.1/35583] INFO  server.AuthenticationFilter (AuthenticationFilter.java:constructSecretProvider(240)) - Unable to initialize FileSignerSecretProvider, falling back to use random secrets.
2020-10-27 07:56:16,340 [Listener at 127.0.0.1/35583] WARN  http.HttpRequestLog (HttpRequestLog.java:getRequestLog(103)) - Jetty request log can only be enabled using Log4j
2020-10-27 07:56:16,341 [Listener at 127.0.0.1/35583] INFO  http.HttpServer2 (HttpServer2.java:addGlobalFilter(1019)) - Added global filter 'safety' (class=org.apache.hadoop.hdds.server.http.HttpServer2$QuotingInputFilter)
2020-10-27 07:56:16,341 [Listener at 127.0.0.1/35583] INFO  http.HttpServer2 (HttpServer2.java:addFilter(995)) - Added filter static_user_filter (class=org.apache.hadoop.http.lib.StaticUserWebFilter$StaticUserFilter) to context hddsDatanode
2020-10-27 07:56:16,341 [Listener at 127.0.0.1/35583] INFO  http.HttpServer2 (HttpServer2.java:addFilter(1003)) - Added filter static_user_filter (class=org.apache.hadoop.http.lib.StaticUserWebFilter$StaticUserFilter) to context static
2020-10-27 07:56:16,341 [Listener at 127.0.0.1/35583] INFO  http.HttpServer2 (HttpServer2.java:addFilter(1003)) - Added filter static_user_filter (class=org.apache.hadoop.http.lib.StaticUserWebFilter$StaticUserFilter) to context logs
2020-10-27 07:56:16,342 [Listener at 127.0.0.1/35583] INFO  http.HttpServer2 (HttpServer2.java:bindListener(1237)) - Jetty bound to port 35917
2020-10-27 07:56:16,342 [Listener at 127.0.0.1/35583] INFO  server.Server (Server.java:doStart(359)) - jetty-9.4.26.v20200117; built: 2020-01-17T12:35:33.676Z; git: 7b38981d25d14afb4a12ff1f2596756144edf695; jvm 1.8.0_232-b09
2020-10-27 07:56:16,343 [Listener at 127.0.0.1/35583] INFO  server.session (DefaultSessionIdManager.java:doStart(333)) - DefaultSessionIdManager workerName=node0
2020-10-27 07:56:16,343 [Listener at 127.0.0.1/35583] INFO  server.session (DefaultSessionIdManager.java:doStart(338)) - No SessionScavenger set, using defaults
2020-10-27 07:56:16,344 [Listener at 127.0.0.1/35583] INFO  server.session (HouseKeeper.java:startScavenging(140)) - node0 Scavenging every 600000ms
2020-10-27 07:56:16,344 [Listener at 127.0.0.1/35583] INFO  handler.ContextHandler (ContextHandler.java:doStart(825)) - Started o.e.j.s.ServletContextHandler@4a2eb2e{logs,/logs,file:///github/workspace/mnt/ozone/hadoop-ozone/integration-test/target/log,AVAILABLE}
2020-10-27 07:56:16,344 [Listener at 127.0.0.1/35583] INFO  handler.ContextHandler (ContextHandler.java:doStart(825)) - Started o.e.j.s.ServletContextHandler@7843efc5{static,/static,jar:file:/home/user/.m2/repository/org/apache/hadoop/hadoop-hdds-container-service/1.1.0-SNAPSHOT/hadoop-hdds-container-service-1.1.0-SNAPSHOT.jar!/webapps/static,AVAILABLE}
2020-10-27 07:56:16,531 [Listener at 127.0.0.1/35583] INFO  handler.ContextHandler (ContextHandler.java:doStart(825)) - Started o.e.j.w.WebAppContext@60d4269a{hddsDatanode,/,file:///tmp/jetty-0_0_0_0-35917-hadoop-hdds-container-service-1_1_0-SNAPSHOT_jar-_-any-3499080242775818826.dir/webapp/,AVAILABLE}{jar:file:/home/user/.m2/repository/org/apache/hadoop/hadoop-hdds-container-service/1.1.0-SNAPSHOT/hadoop-hdds-container-service-1.1.0-SNAPSHOT.jar!/webapps/hddsDatanode}
2020-10-27 07:56:16,532 [Listener at 127.0.0.1/35583] INFO  server.AbstractConnector (AbstractConnector.java:doStart(330)) - Started ServerConnector@ec4e9e4{HTTP/1.1,[http/1.1]}{0.0.0.0:35917}
2020-10-27 07:56:16,532 [Listener at 127.0.0.1/35583] INFO  server.Server (Server.java:doStart(399)) - Started @170984ms
2020-10-27 07:56:16,532 [Listener at 127.0.0.1/35583] WARN  impl.MetricsSystemImpl (MetricsSystemImpl.java:register(276)) - Sink prometheus already exists!
2020-10-27 07:56:16,540 [Listener at 127.0.0.1/35583] INFO  http.BaseHttpServer (BaseHttpServer.java:updateConnectorAddress(327)) - HTTP server of hddsDatanode listening at http://0.0.0.0:35917
2020-10-27 07:56:16,540 [Listener at 127.0.0.1/35583] INFO  impl.MetricsSystemImpl (MetricsSystemImpl.java:init(158)) - HddsDatanode metrics system started (again)
2020-10-27 07:56:16,541 [Listener at 127.0.0.1/35583] INFO  ozone.HddsDatanodeService (HddsDatanodeService.java:start(217)) - HddsDatanodeService host:347446dca554 ip:172.17.0.2
2020-10-27 07:56:16,542 [org.apache.hadoop.util.JvmPauseMonitor$Monitor@30df78d2] INFO  util.JvmPauseMonitor (JvmPauseMonitor.java:run(188)) - Starting JVM pause monitor
2020-10-27 07:56:16,543 [Listener at 127.0.0.1/35583] INFO  volume.HddsVolume (HddsVolume.java:<init>(176)) - Creating Volume: /github/workspace/mnt/ozone/hadoop-ozone/integration-test/target/test-dir/MiniOzoneClusterImpl-b0e8067d-8c2e-4ee5-9f61-8ad8788f9080/datanode-1/data-0/containers/hdds of storage type : DISK and capacity : 9223372036854775807
2020-10-27 07:56:16,543 [Listener at 127.0.0.1/35583] INFO  volume.MutableVolumeSet (MutableVolumeSet.java:initializeVolumeSet(179)) - Added Volume : /github/workspace/mnt/ozone/hadoop-ozone/integration-test/target/test-dir/MiniOzoneClusterImpl-b0e8067d-8c2e-4ee5-9f61-8ad8788f9080/datanode-1/data-0/containers/hdds to VolumeSet
2020-10-27 07:56:16,543 [Listener at 127.0.0.1/35583] INFO  volume.ThrottledAsyncChecker (ThrottledAsyncChecker.java:schedule(141)) - Scheduling a check for /github/workspace/mnt/ozone/hadoop-ozone/integration-test/target/test-dir/MiniOzoneClusterImpl-b0e8067d-8c2e-4ee5-9f61-8ad8788f9080/datanode-1/data-0/containers/hdds
2020-10-27 07:56:16,544 [Datanode State Machine Task Thread - 0] INFO  datanode.InitDatanodeState (InitDatanodeState.java:persistContainerDatanodeDetails(145)) - DatanodeDetails is persisted to /github/workspace/mnt/ozone/hadoop-ozone/integration-test/target/test-dir/MiniOzoneClusterImpl-b0e8067d-8c2e-4ee5-9f61-8ad8788f9080/datanode-0/meta/datanode.id
2020-10-27 07:56:16,544 [Listener at 127.0.0.1/35583] INFO  volume.HddsVolumeChecker (HddsVolumeChecker.java:checkAllVolumes(200)) - Scheduled health check for volume /github/workspace/mnt/ozone/hadoop-ozone/integration-test/target/test-dir/MiniOzoneClusterImpl-b0e8067d-8c2e-4ee5-9f61-8ad8788f9080/datanode-1/data-0/containers/hdds
2020-10-27 07:56:16,558 [Thread-1558] INFO  ozoneimpl.ContainerReader (ContainerReader.java:readVolume(123)) - Start to verify containers on volume /github/workspace/mnt/ozone/hadoop-ozone/integration-test/target/test-dir/MiniOzoneClusterImpl-b0e8067d-8c2e-4ee5-9f61-8ad8788f9080/datanode-1/data-0/containers/hdds
2020-10-27 07:56:16,558 [Thread-1558] INFO  ozoneimpl.ContainerReader (ContainerReader.java:readVolume(148)) - Finish verifying containers on volume /github/workspace/mnt/ozone/hadoop-ozone/integration-test/target/test-dir/MiniOzoneClusterImpl-b0e8067d-8c2e-4ee5-9f61-8ad8788f9080/datanode-1/data-0/containers/hdds
2020-10-27 07:56:16,558 [Listener at 127.0.0.1/35583] INFO  ozoneimpl.OzoneContainer (OzoneContainer.java:buildContainerSet(196)) - Build ContainerSet costs 0s
2020-10-27 07:56:16,560 [Listener at 127.0.0.1/35583] INFO  impl.RaftServerProxy (ConfUtils.java:logGet(44)) - raft.rpc.type = GRPC (default)
2020-10-27 07:56:16,560 [Listener at 127.0.0.1/35583] INFO  grpc.GrpcFactory (GrpcFactory.java:checkPooledByteBufAllocatorUseCacheForAllThreads(45)) - PERFORMANCE WARNING: useCacheForAllThreads is true that may cause Netty to create a lot garbage objects and, as a result, trigger GC.
	It is recommended to disable useCacheForAllThreads by setting -Dorg.apache.ratis.thirdparty.io.netty.allocator.useCacheForAllThreads=false in command line.
2020-10-27 07:56:16,560 [Listener at 127.0.0.1/35583] INFO  grpc.GrpcConfigKeys (ConfUtils.java:logGet(44)) - raft.grpc.server.port = 0 (default)
2020-10-27 07:56:16,560 [Listener at 127.0.0.1/35583] INFO  server.GrpcService (ConfUtils.java:logGet(44)) - raft.grpc.message.size.max = 32MB (=33554432) (custom)
2020-10-27 07:56:16,560 [Listener at 127.0.0.1/35583] INFO  server.RaftServerConfigKeys (ConfUtils.java:logGet(44)) - raft.server.log.appender.buffer.byte-limit = 33554432 (custom)
2020-10-27 07:56:16,560 [Listener at 127.0.0.1/35583] INFO  server.GrpcService (ConfUtils.java:logGet(44)) - raft.grpc.flow.control.window = 5MB (=5242880) (custom)
2020-10-27 07:56:16,560 [Listener at 127.0.0.1/35583] INFO  server.RaftServerConfigKeys (ConfUtils.java:logGet(44)) - raft.server.rpc.request.timeout = 3000ms (default)
2020-10-27 07:56:16,562 [Listener at 127.0.0.1/35583] INFO  server.RaftServerConfigKeys (ConfUtils.java:logGet(44)) - raft.server.storage.dir = [/github/workspace/mnt/ozone/hadoop-ozone/integration-test/target/test-dir/MiniOzoneClusterImpl-b0e8067d-8c2e-4ee5-9f61-8ad8788f9080/datanode-1/data/ratis] (custom)
2020-10-27 07:56:16,569 [Listener at 127.0.0.1/35583] INFO  http.BaseHttpServer (BaseHttpServer.java:newHttpServer2BuilderForOzone(207)) - Starting Web-server for hddsDatanode at: http://0.0.0.0:0
2020-10-27 07:56:16,569 [Listener at 127.0.0.1/35583] INFO  http.BaseHttpServer (BaseHttpServer.java:<init>(106)) - Hadoop Security Enabled: false Ozone Security Enabled: false Ozone HTTP Security Enabled: false 
2020-10-27 07:56:16,570 [Listener at 127.0.0.1/35583] INFO  server.AuthenticationFilter (AuthenticationFilter.java:constructSecretProvider(240)) - Unable to initialize FileSignerSecretProvider, falling back to use random secrets.
2020-10-27 07:56:16,570 [Listener at 127.0.0.1/35583] WARN  http.HttpRequestLog (HttpRequestLog.java:getRequestLog(103)) - Jetty request log can only be enabled using Log4j
2020-10-27 07:56:16,571 [Listener at 127.0.0.1/35583] INFO  http.HttpServer2 (HttpServer2.java:addGlobalFilter(1019)) - Added global filter 'safety' (class=org.apache.hadoop.hdds.server.http.HttpServer2$QuotingInputFilter)
2020-10-27 07:56:16,571 [Listener at 127.0.0.1/35583] INFO  http.HttpServer2 (HttpServer2.java:addFilter(995)) - Added filter static_user_filter (class=org.apache.hadoop.http.lib.StaticUserWebFilter$StaticUserFilter) to context hddsDatanode
2020-10-27 07:56:16,571 [Listener at 127.0.0.1/35583] INFO  http.HttpServer2 (HttpServer2.java:addFilter(1003)) - Added filter static_user_filter (class=org.apache.hadoop.http.lib.StaticUserWebFilter$StaticUserFilter) to context logs
2020-10-27 07:56:16,571 [Listener at 127.0.0.1/35583] INFO  http.HttpServer2 (HttpServer2.java:addFilter(1003)) - Added filter static_user_filter (class=org.apache.hadoop.http.lib.StaticUserWebFilter$StaticUserFilter) to context static
2020-10-27 07:56:16,572 [Listener at 127.0.0.1/35583] INFO  http.HttpServer2 (HttpServer2.java:bindListener(1237)) - Jetty bound to port 33149
2020-10-27 07:56:16,572 [Listener at 127.0.0.1/35583] INFO  server.Server (Server.java:doStart(359)) - jetty-9.4.26.v20200117; built: 2020-01-17T12:35:33.676Z; git: 7b38981d25d14afb4a12ff1f2596756144edf695; jvm 1.8.0_232-b09
2020-10-27 07:56:16,573 [Listener at 127.0.0.1/35583] INFO  server.session (DefaultSessionIdManager.java:doStart(333)) - DefaultSessionIdManager workerName=node0
2020-10-27 07:56:16,574 [Listener at 127.0.0.1/35583] INFO  server.session (DefaultSessionIdManager.java:doStart(338)) - No SessionScavenger set, using defaults
2020-10-27 07:56:16,574 [Listener at 127.0.0.1/35583] INFO  server.session (HouseKeeper.java:startScavenging(140)) - node0 Scavenging every 660000ms
2020-10-27 07:56:16,574 [Listener at 127.0.0.1/35583] INFO  handler.ContextHandler (ContextHandler.java:doStart(825)) - Started o.e.j.s.ServletContextHandler@57bbdcf1{logs,/logs,file:///github/workspace/mnt/ozone/hadoop-ozone/integration-test/target/log,AVAILABLE}
2020-10-27 07:56:16,575 [Listener at 127.0.0.1/35583] INFO  handler.ContextHandler (ContextHandler.java:doStart(825)) - Started o.e.j.s.ServletContextHandler@273ea660{static,/static,jar:file:/home/user/.m2/repository/org/apache/hadoop/hadoop-hdds-container-service/1.1.0-SNAPSHOT/hadoop-hdds-container-service-1.1.0-SNAPSHOT.jar!/webapps/static,AVAILABLE}
2020-10-27 07:56:16,709 [Listener at 127.0.0.1/35583] INFO  handler.ContextHandler (ContextHandler.java:doStart(825)) - Started o.e.j.w.WebAppContext@65b4a0d2{hddsDatanode,/,file:///tmp/jetty-0_0_0_0-33149-hadoop-hdds-container-service-1_1_0-SNAPSHOT_jar-_-any-7278582200490272139.dir/webapp/,AVAILABLE}{jar:file:/home/user/.m2/repository/org/apache/hadoop/hadoop-hdds-container-service/1.1.0-SNAPSHOT/hadoop-hdds-container-service-1.1.0-SNAPSHOT.jar!/webapps/hddsDatanode}
2020-10-27 07:56:16,710 [Listener at 127.0.0.1/35583] INFO  server.AbstractConnector (AbstractConnector.java:doStart(330)) - Started ServerConnector@7f5c0e00{HTTP/1.1,[http/1.1]}{0.0.0.0:33149}
2020-10-27 07:56:16,711 [Listener at 127.0.0.1/35583] INFO  server.Server (Server.java:doStart(399)) - Started @171163ms
2020-10-27 07:56:16,711 [Listener at 127.0.0.1/35583] WARN  impl.MetricsSystemImpl (MetricsSystemImpl.java:register(276)) - Sink prometheus already exists!
2020-10-27 07:56:16,716 [Listener at 127.0.0.1/35583] INFO  http.BaseHttpServer (BaseHttpServer.java:updateConnectorAddress(327)) - HTTP server of hddsDatanode listening at http://0.0.0.0:33149
2020-10-27 07:56:16,718 [Listener at 127.0.0.1/35583] INFO  impl.MetricsSystemImpl (MetricsSystemImpl.java:init(158)) - HddsDatanode metrics system started (again)
2020-10-27 07:56:16,719 [org.apache.hadoop.util.JvmPauseMonitor$Monitor@52ec059e] INFO  util.JvmPauseMonitor (JvmPauseMonitor.java:run(188)) - Starting JVM pause monitor
2020-10-27 07:56:16,720 [Datanode State Machine Task Thread - 0] INFO  datanode.InitDatanodeState (InitDatanodeState.java:persistContainerDatanodeDetails(145)) - DatanodeDetails is persisted to /github/workspace/mnt/ozone/hadoop-ozone/integration-test/target/test-dir/MiniOzoneClusterImpl-b0e8067d-8c2e-4ee5-9f61-8ad8788f9080/datanode-1/meta/datanode.id
2020-10-27 07:56:16,720 [Listener at 127.0.0.1/35583] INFO  ozone.HddsDatanodeService (HddsDatanodeService.java:start(217)) - HddsDatanodeService host:347446dca554 ip:172.17.0.2
2020-10-27 07:56:16,721 [Listener at 127.0.0.1/35583] INFO  volume.HddsVolume (HddsVolume.java:<init>(176)) - Creating Volume: /github/workspace/mnt/ozone/hadoop-ozone/integration-test/target/test-dir/MiniOzoneClusterImpl-b0e8067d-8c2e-4ee5-9f61-8ad8788f9080/datanode-2/data-0/containers/hdds of storage type : DISK and capacity : 9223372036854775807
2020-10-27 07:56:16,721 [Listener at 127.0.0.1/35583] INFO  volume.MutableVolumeSet (MutableVolumeSet.java:initializeVolumeSet(179)) - Added Volume : /github/workspace/mnt/ozone/hadoop-ozone/integration-test/target/test-dir/MiniOzoneClusterImpl-b0e8067d-8c2e-4ee5-9f61-8ad8788f9080/datanode-2/data-0/containers/hdds to VolumeSet
2020-10-27 07:56:16,721 [Listener at 127.0.0.1/35583] INFO  volume.ThrottledAsyncChecker (ThrottledAsyncChecker.java:schedule(141)) - Scheduling a check for /github/workspace/mnt/ozone/hadoop-ozone/integration-test/target/test-dir/MiniOzoneClusterImpl-b0e8067d-8c2e-4ee5-9f61-8ad8788f9080/datanode-2/data-0/containers/hdds
2020-10-27 07:56:16,722 [Listener at 127.0.0.1/35583] INFO  volume.HddsVolumeChecker (HddsVolumeChecker.java:checkAllVolumes(200)) - Scheduled health check for volume /github/workspace/mnt/ozone/hadoop-ozone/integration-test/target/test-dir/MiniOzoneClusterImpl-b0e8067d-8c2e-4ee5-9f61-8ad8788f9080/datanode-2/data-0/containers/hdds
2020-10-27 07:56:16,735 [Thread-1569] INFO  ozoneimpl.ContainerReader (ContainerReader.java:readVolume(123)) - Start to verify containers on volume /github/workspace/mnt/ozone/hadoop-ozone/integration-test/target/test-dir/MiniOzoneClusterImpl-b0e8067d-8c2e-4ee5-9f61-8ad8788f9080/datanode-2/data-0/containers/hdds
2020-10-27 07:56:16,735 [Thread-1569] INFO  ozoneimpl.ContainerReader (ContainerReader.java:readVolume(148)) - Finish verifying containers on volume /github/workspace/mnt/ozone/hadoop-ozone/integration-test/target/test-dir/MiniOzoneClusterImpl-b0e8067d-8c2e-4ee5-9f61-8ad8788f9080/datanode-2/data-0/containers/hdds
2020-10-27 07:56:16,735 [Listener at 127.0.0.1/35583] INFO  ozoneimpl.OzoneContainer (OzoneContainer.java:buildContainerSet(196)) - Build ContainerSet costs 0s
2020-10-27 07:56:16,736 [Listener at 127.0.0.1/35583] INFO  impl.RaftServerProxy (ConfUtils.java:logGet(44)) - raft.rpc.type = GRPC (default)
2020-10-27 07:56:16,737 [Listener at 127.0.0.1/35583] INFO  grpc.GrpcFactory (GrpcFactory.java:checkPooledByteBufAllocatorUseCacheForAllThreads(45)) - PERFORMANCE WARNING: useCacheForAllThreads is true that may cause Netty to create a lot garbage objects and, as a result, trigger GC.
	It is recommended to disable useCacheForAllThreads by setting -Dorg.apache.ratis.thirdparty.io.netty.allocator.useCacheForAllThreads=false in command line.
2020-10-27 07:56:16,737 [Listener at 127.0.0.1/35583] INFO  grpc.GrpcConfigKeys (ConfUtils.java:logGet(44)) - raft.grpc.server.port = 0 (default)
2020-10-27 07:56:16,737 [Listener at 127.0.0.1/35583] INFO  server.GrpcService (ConfUtils.java:logGet(44)) - raft.grpc.message.size.max = 32MB (=33554432) (custom)
2020-10-27 07:56:16,737 [Listener at 127.0.0.1/35583] INFO  server.RaftServerConfigKeys (ConfUtils.java:logGet(44)) - raft.server.log.appender.buffer.byte-limit = 33554432 (custom)
2020-10-27 07:56:16,737 [Listener at 127.0.0.1/35583] INFO  server.GrpcService (ConfUtils.java:logGet(44)) - raft.grpc.flow.control.window = 5MB (=5242880) (custom)
2020-10-27 07:56:16,737 [Listener at 127.0.0.1/35583] INFO  server.RaftServerConfigKeys (ConfUtils.java:logGet(44)) - raft.server.rpc.request.timeout = 3000ms (default)
2020-10-27 07:56:16,738 [Listener at 127.0.0.1/35583] INFO  server.RaftServerConfigKeys (ConfUtils.java:logGet(44)) - raft.server.storage.dir = [/github/workspace/mnt/ozone/hadoop-ozone/integration-test/target/test-dir/MiniOzoneClusterImpl-b0e8067d-8c2e-4ee5-9f61-8ad8788f9080/datanode-2/data/ratis] (custom)
2020-10-27 07:56:16,745 [Listener at 127.0.0.1/35583] INFO  http.BaseHttpServer (BaseHttpServer.java:newHttpServer2BuilderForOzone(207)) - Starting Web-server for hddsDatanode at: http://0.0.0.0:0
2020-10-27 07:56:16,745 [Listener at 127.0.0.1/35583] INFO  http.BaseHttpServer (BaseHttpServer.java:<init>(106)) - Hadoop Security Enabled: false Ozone Security Enabled: false Ozone HTTP Security Enabled: false 
2020-10-27 07:56:16,746 [Listener at 127.0.0.1/35583] INFO  server.AuthenticationFilter (AuthenticationFilter.java:constructSecretProvider(240)) - Unable to initialize FileSignerSecretProvider, falling back to use random secrets.
2020-10-27 07:56:16,746 [Listener at 127.0.0.1/35583] WARN  http.HttpRequestLog (HttpRequestLog.java:getRequestLog(103)) - Jetty request log can only be enabled using Log4j
2020-10-27 07:56:16,747 [Listener at 127.0.0.1/35583] INFO  http.HttpServer2 (HttpServer2.java:addGlobalFilter(1019)) - Added global filter 'safety' (class=org.apache.hadoop.hdds.server.http.HttpServer2$QuotingInputFilter)
2020-10-27 07:56:16,747 [Listener at 127.0.0.1/35583] INFO  http.HttpServer2 (HttpServer2.java:addFilter(995)) - Added filter static_user_filter (class=org.apache.hadoop.http.lib.StaticUserWebFilter$StaticUserFilter) to context hddsDatanode
2020-10-27 07:56:16,747 [Listener at 127.0.0.1/35583] INFO  http.HttpServer2 (HttpServer2.java:addFilter(1003)) - Added filter static_user_filter (class=org.apache.hadoop.http.lib.StaticUserWebFilter$StaticUserFilter) to context static
2020-10-27 07:56:16,747 [Listener at 127.0.0.1/35583] INFO  http.HttpServer2 (HttpServer2.java:addFilter(1003)) - Added filter static_user_filter (class=org.apache.hadoop.http.lib.StaticUserWebFilter$StaticUserFilter) to context logs
2020-10-27 07:56:16,748 [Listener at 127.0.0.1/35583] INFO  http.HttpServer2 (HttpServer2.java:bindListener(1237)) - Jetty bound to port 34339
2020-10-27 07:56:16,748 [Listener at 127.0.0.1/35583] INFO  server.Server (Server.java:doStart(359)) - jetty-9.4.26.v20200117; built: 2020-01-17T12:35:33.676Z; git: 7b38981d25d14afb4a12ff1f2596756144edf695; jvm 1.8.0_232-b09
2020-10-27 07:56:16,749 [Listener at 127.0.0.1/35583] INFO  server.session (DefaultSessionIdManager.java:doStart(333)) - DefaultSessionIdManager workerName=node0
2020-10-27 07:56:16,749 [Listener at 127.0.0.1/35583] INFO  server.session (DefaultSessionIdManager.java:doStart(338)) - No SessionScavenger set, using defaults
2020-10-27 07:56:16,749 [Listener at 127.0.0.1/35583] INFO  server.session (HouseKeeper.java:startScavenging(140)) - node0 Scavenging every 600000ms
2020-10-27 07:56:16,750 [Listener at 127.0.0.1/35583] INFO  handler.ContextHandler (ContextHandler.java:doStart(825)) - Started o.e.j.s.ServletContextHandler@2775dd2e{logs,/logs,file:///github/workspace/mnt/ozone/hadoop-ozone/integration-test/target/log,AVAILABLE}
2020-10-27 07:56:16,750 [Listener at 127.0.0.1/35583] INFO  handler.ContextHandler (ContextHandler.java:doStart(825)) - Started o.e.j.s.ServletContextHandler@3aa768c0{static,/static,jar:file:/home/user/.m2/repository/org/apache/hadoop/hadoop-hdds-container-service/1.1.0-SNAPSHOT/hadoop-hdds-container-service-1.1.0-SNAPSHOT.jar!/webapps/static,AVAILABLE}
2020-10-27 07:56:16,883 [Listener at 127.0.0.1/35583] INFO  handler.ContextHandler (ContextHandler.java:doStart(825)) - Started o.e.j.w.WebAppContext@6e75a0a6{hddsDatanode,/,file:///tmp/jetty-0_0_0_0-34339-hadoop-hdds-container-service-1_1_0-SNAPSHOT_jar-_-any-6937029102948949354.dir/webapp/,AVAILABLE}{jar:file:/home/user/.m2/repository/org/apache/hadoop/hadoop-hdds-container-service/1.1.0-SNAPSHOT/hadoop-hdds-container-service-1.1.0-SNAPSHOT.jar!/webapps/hddsDatanode}
2020-10-27 07:56:16,884 [Listener at 127.0.0.1/35583] INFO  server.AbstractConnector (AbstractConnector.java:doStart(330)) - Started ServerConnector@15b8487f{HTTP/1.1,[http/1.1]}{0.0.0.0:34339}
2020-10-27 07:56:16,885 [Listener at 127.0.0.1/35583] INFO  server.Server (Server.java:doStart(399)) - Started @171337ms
2020-10-27 07:56:16,885 [Listener at 127.0.0.1/35583] WARN  impl.MetricsSystemImpl (MetricsSystemImpl.java:register(276)) - Sink prometheus already exists!
2020-10-27 07:56:16,890 [Listener at 127.0.0.1/35583] INFO  http.BaseHttpServer (BaseHttpServer.java:updateConnectorAddress(327)) - HTTP server of hddsDatanode listening at http://0.0.0.0:34339
2020-10-27 07:56:16,890 [Listener at 127.0.0.1/35583] INFO  impl.MetricsSystemImpl (MetricsSystemImpl.java:init(158)) - HddsDatanode metrics system started (again)
2020-10-27 07:56:16,891 [org.apache.hadoop.util.JvmPauseMonitor$Monitor@350aadc8] INFO  util.JvmPauseMonitor (JvmPauseMonitor.java:run(188)) - Starting JVM pause monitor
2020-10-27 07:56:16,893 [Listener at 127.0.0.1/35583] INFO  ozone.HddsDatanodeService (HddsDatanodeService.java:start(217)) - HddsDatanodeService host:347446dca554 ip:172.17.0.2
2020-10-27 07:56:16,893 [Datanode State Machine Task Thread - 0] INFO  datanode.InitDatanodeState (InitDatanodeState.java:persistContainerDatanodeDetails(145)) - DatanodeDetails is persisted to /github/workspace/mnt/ozone/hadoop-ozone/integration-test/target/test-dir/MiniOzoneClusterImpl-b0e8067d-8c2e-4ee5-9f61-8ad8788f9080/datanode-2/meta/datanode.id
2020-10-27 07:56:16,896 [Listener at 127.0.0.1/35583] INFO  volume.HddsVolume (HddsVolume.java:<init>(176)) - Creating Volume: /github/workspace/mnt/ozone/hadoop-ozone/integration-test/target/test-dir/MiniOzoneClusterImpl-b0e8067d-8c2e-4ee5-9f61-8ad8788f9080/datanode-3/data-0/containers/hdds of storage type : DISK and capacity : 9223372036854775807
2020-10-27 07:56:16,896 [Listener at 127.0.0.1/35583] INFO  volume.MutableVolumeSet (MutableVolumeSet.java:initializeVolumeSet(179)) - Added Volume : /github/workspace/mnt/ozone/hadoop-ozone/integration-test/target/test-dir/MiniOzoneClusterImpl-b0e8067d-8c2e-4ee5-9f61-8ad8788f9080/datanode-3/data-0/containers/hdds to VolumeSet
2020-10-27 07:56:16,896 [Listener at 127.0.0.1/35583] INFO  volume.ThrottledAsyncChecker (ThrottledAsyncChecker.java:schedule(141)) - Scheduling a check for /github/workspace/mnt/ozone/hadoop-ozone/integration-test/target/test-dir/MiniOzoneClusterImpl-b0e8067d-8c2e-4ee5-9f61-8ad8788f9080/datanode-3/data-0/containers/hdds
2020-10-27 07:56:16,897 [Listener at 127.0.0.1/35583] INFO  volume.HddsVolumeChecker (HddsVolumeChecker.java:checkAllVolumes(200)) - Scheduled health check for volume /github/workspace/mnt/ozone/hadoop-ozone/integration-test/target/test-dir/MiniOzoneClusterImpl-b0e8067d-8c2e-4ee5-9f61-8ad8788f9080/datanode-3/data-0/containers/hdds
2020-10-27 07:56:16,911 [Thread-1580] INFO  ozoneimpl.ContainerReader (ContainerReader.java:readVolume(123)) - Start to verify containers on volume /github/workspace/mnt/ozone/hadoop-ozone/integration-test/target/test-dir/MiniOzoneClusterImpl-b0e8067d-8c2e-4ee5-9f61-8ad8788f9080/datanode-3/data-0/containers/hdds
2020-10-27 07:56:16,911 [Thread-1580] INFO  ozoneimpl.ContainerReader (ContainerReader.java:readVolume(148)) - Finish verifying containers on volume /github/workspace/mnt/ozone/hadoop-ozone/integration-test/target/test-dir/MiniOzoneClusterImpl-b0e8067d-8c2e-4ee5-9f61-8ad8788f9080/datanode-3/data-0/containers/hdds
2020-10-27 07:56:16,911 [Listener at 127.0.0.1/35583] INFO  ozoneimpl.OzoneContainer (OzoneContainer.java:buildContainerSet(196)) - Build ContainerSet costs 0s
2020-10-27 07:56:16,912 [Listener at 127.0.0.1/35583] INFO  impl.RaftServerProxy (ConfUtils.java:logGet(44)) - raft.rpc.type = GRPC (default)
2020-10-27 07:56:16,913 [Listener at 127.0.0.1/35583] INFO  grpc.GrpcFactory (GrpcFactory.java:checkPooledByteBufAllocatorUseCacheForAllThreads(45)) - PERFORMANCE WARNING: useCacheForAllThreads is true that may cause Netty to create a lot garbage objects and, as a result, trigger GC.
	It is recommended to disable useCacheForAllThreads by setting -Dorg.apache.ratis.thirdparty.io.netty.allocator.useCacheForAllThreads=false in command line.
2020-10-27 07:56:16,913 [Listener at 127.0.0.1/35583] INFO  grpc.GrpcConfigKeys (ConfUtils.java:logGet(44)) - raft.grpc.server.port = 0 (default)
2020-10-27 07:56:16,913 [Listener at 127.0.0.1/35583] INFO  server.GrpcService (ConfUtils.java:logGet(44)) - raft.grpc.message.size.max = 32MB (=33554432) (custom)
2020-10-27 07:56:16,913 [Listener at 127.0.0.1/35583] INFO  server.RaftServerConfigKeys (ConfUtils.java:logGet(44)) - raft.server.log.appender.buffer.byte-limit = 33554432 (custom)
2020-10-27 07:56:16,913 [Listener at 127.0.0.1/35583] INFO  server.GrpcService (ConfUtils.java:logGet(44)) - raft.grpc.flow.control.window = 5MB (=5242880) (custom)
2020-10-27 07:56:16,913 [Listener at 127.0.0.1/35583] INFO  server.RaftServerConfigKeys (ConfUtils.java:logGet(44)) - raft.server.rpc.request.timeout = 3000ms (default)
2020-10-27 07:56:16,914 [Listener at 127.0.0.1/35583] INFO  server.RaftServerConfigKeys (ConfUtils.java:logGet(44)) - raft.server.storage.dir = [/github/workspace/mnt/ozone/hadoop-ozone/integration-test/target/test-dir/MiniOzoneClusterImpl-b0e8067d-8c2e-4ee5-9f61-8ad8788f9080/datanode-3/data/ratis] (custom)
2020-10-27 07:56:17,042 [Listener at 127.0.0.1/35583] INFO  http.BaseHttpServer (BaseHttpServer.java:newHttpServer2BuilderForOzone(207)) - Starting Web-server for hddsDatanode at: http://0.0.0.0:0
2020-10-27 07:56:17,043 [Listener at 127.0.0.1/35583] INFO  http.BaseHttpServer (BaseHttpServer.java:<init>(106)) - Hadoop Security Enabled: false Ozone Security Enabled: false Ozone HTTP Security Enabled: false 
2020-10-27 07:56:17,044 [Listener at 127.0.0.1/35583] INFO  server.AuthenticationFilter (AuthenticationFilter.java:constructSecretProvider(240)) - Unable to initialize FileSignerSecretProvider, falling back to use random secrets.
2020-10-27 07:56:17,045 [Listener at 127.0.0.1/35583] WARN  http.HttpRequestLog (HttpRequestLog.java:getRequestLog(103)) - Jetty request log can only be enabled using Log4j
2020-10-27 07:56:17,046 [Listener at 127.0.0.1/35583] INFO  http.HttpServer2 (HttpServer2.java:addGlobalFilter(1019)) - Added global filter 'safety' (class=org.apache.hadoop.hdds.server.http.HttpServer2$QuotingInputFilter)
2020-10-27 07:56:17,047 [Listener at 127.0.0.1/35583] INFO  http.HttpServer2 (HttpServer2.java:addFilter(995)) - Added filter static_user_filter (class=org.apache.hadoop.http.lib.StaticUserWebFilter$StaticUserFilter) to context hddsDatanode
2020-10-27 07:56:17,047 [Listener at 127.0.0.1/35583] INFO  http.HttpServer2 (HttpServer2.java:addFilter(1003)) - Added filter static_user_filter (class=org.apache.hadoop.http.lib.StaticUserWebFilter$StaticUserFilter) to context logs
2020-10-27 07:56:17,047 [Listener at 127.0.0.1/35583] INFO  http.HttpServer2 (HttpServer2.java:addFilter(1003)) - Added filter static_user_filter (class=org.apache.hadoop.http.lib.StaticUserWebFilter$StaticUserFilter) to context static
2020-10-27 07:56:17,048 [Listener at 127.0.0.1/35583] INFO  http.HttpServer2 (HttpServer2.java:bindListener(1237)) - Jetty bound to port 45731
2020-10-27 07:56:17,048 [Listener at 127.0.0.1/35583] INFO  server.Server (Server.java:doStart(359)) - jetty-9.4.26.v20200117; built: 2020-01-17T12:35:33.676Z; git: 7b38981d25d14afb4a12ff1f2596756144edf695; jvm 1.8.0_232-b09
2020-10-27 07:56:17,049 [Listener at 127.0.0.1/35583] INFO  server.session (DefaultSessionIdManager.java:doStart(333)) - DefaultSessionIdManager workerName=node0
2020-10-27 07:56:17,049 [Listener at 127.0.0.1/35583] INFO  server.session (DefaultSessionIdManager.java:doStart(338)) - No SessionScavenger set, using defaults
2020-10-27 07:56:17,049 [Listener at 127.0.0.1/35583] INFO  server.session (HouseKeeper.java:startScavenging(140)) - node0 Scavenging every 600000ms
2020-10-27 07:56:17,050 [Listener at 127.0.0.1/35583] INFO  handler.ContextHandler (ContextHandler.java:doStart(825)) - Started o.e.j.s.ServletContextHandler@7bb33586{logs,/logs,file:///github/workspace/mnt/ozone/hadoop-ozone/integration-test/target/log,AVAILABLE}
2020-10-27 07:56:17,050 [Listener at 127.0.0.1/35583] INFO  handler.ContextHandler (ContextHandler.java:doStart(825)) - Started o.e.j.s.ServletContextHandler@4377e40a{static,/static,jar:file:/home/user/.m2/repository/org/apache/hadoop/hadoop-hdds-container-service/1.1.0-SNAPSHOT/hadoop-hdds-container-service-1.1.0-SNAPSHOT.jar!/webapps/static,AVAILABLE}
2020-10-27 07:56:17,184 [Listener at 127.0.0.1/35583] INFO  handler.ContextHandler (ContextHandler.java:doStart(825)) - Started o.e.j.w.WebAppContext@3217ac36{hddsDatanode,/,file:///tmp/jetty-0_0_0_0-45731-hadoop-hdds-container-service-1_1_0-SNAPSHOT_jar-_-any-2593371727581457356.dir/webapp/,AVAILABLE}{jar:file:/home/user/.m2/repository/org/apache/hadoop/hadoop-hdds-container-service/1.1.0-SNAPSHOT/hadoop-hdds-container-service-1.1.0-SNAPSHOT.jar!/webapps/hddsDatanode}
2020-10-27 07:56:17,186 [Listener at 127.0.0.1/35583] INFO  server.AbstractConnector (AbstractConnector.java:doStart(330)) - Started ServerConnector@104b145b{HTTP/1.1,[http/1.1]}{0.0.0.0:45731}
2020-10-27 07:56:17,186 [Listener at 127.0.0.1/35583] INFO  server.Server (Server.java:doStart(399)) - Started @171639ms
2020-10-27 07:56:17,186 [Listener at 127.0.0.1/35583] WARN  impl.MetricsSystemImpl (MetricsSystemImpl.java:register(276)) - Sink prometheus already exists!
2020-10-27 07:56:17,192 [Listener at 127.0.0.1/35583] INFO  http.BaseHttpServer (BaseHttpServer.java:updateConnectorAddress(327)) - HTTP server of hddsDatanode listening at http://0.0.0.0:45731
2020-10-27 07:56:17,193 [Listener at 127.0.0.1/35583] INFO  impl.MetricsSystemImpl (MetricsSystemImpl.java:init(158)) - HddsDatanode metrics system started (again)
2020-10-27 07:56:17,195 [org.apache.hadoop.util.JvmPauseMonitor$Monitor@395c6047] INFO  util.JvmPauseMonitor (JvmPauseMonitor.java:run(188)) - Starting JVM pause monitor
2020-10-27 07:56:17,196 [Listener at 127.0.0.1/35583] INFO  ozone.HddsDatanodeService (HddsDatanodeService.java:start(217)) - HddsDatanodeService host:347446dca554 ip:172.17.0.2
2020-10-27 07:56:17,197 [Listener at 127.0.0.1/35583] INFO  volume.HddsVolume (HddsVolume.java:<init>(176)) - Creating Volume: /github/workspace/mnt/ozone/hadoop-ozone/integration-test/target/test-dir/MiniOzoneClusterImpl-b0e8067d-8c2e-4ee5-9f61-8ad8788f9080/datanode-4/data-0/containers/hdds of storage type : DISK and capacity : 9223372036854775807
2020-10-27 07:56:17,197 [Listener at 127.0.0.1/35583] INFO  volume.MutableVolumeSet (MutableVolumeSet.java:initializeVolumeSet(179)) - Added Volume : /github/workspace/mnt/ozone/hadoop-ozone/integration-test/target/test-dir/MiniOzoneClusterImpl-b0e8067d-8c2e-4ee5-9f61-8ad8788f9080/datanode-4/data-0/containers/hdds to VolumeSet
2020-10-27 07:56:17,197 [Listener at 127.0.0.1/35583] INFO  volume.ThrottledAsyncChecker (ThrottledAsyncChecker.java:schedule(141)) - Scheduling a check for /github/workspace/mnt/ozone/hadoop-ozone/integration-test/target/test-dir/MiniOzoneClusterImpl-b0e8067d-8c2e-4ee5-9f61-8ad8788f9080/datanode-4/data-0/containers/hdds
2020-10-27 07:56:17,198 [Datanode State Machine Task Thread - 0] INFO  datanode.InitDatanodeState (InitDatanodeState.java:persistContainerDatanodeDetails(145)) - DatanodeDetails is persisted to /github/workspace/mnt/ozone/hadoop-ozone/integration-test/target/test-dir/MiniOzoneClusterImpl-b0e8067d-8c2e-4ee5-9f61-8ad8788f9080/datanode-3/meta/datanode.id
2020-10-27 07:56:17,199 [Listener at 127.0.0.1/35583] INFO  volume.HddsVolumeChecker (HddsVolumeChecker.java:checkAllVolumes(200)) - Scheduled health check for volume /github/workspace/mnt/ozone/hadoop-ozone/integration-test/target/test-dir/MiniOzoneClusterImpl-b0e8067d-8c2e-4ee5-9f61-8ad8788f9080/datanode-4/data-0/containers/hdds
2020-10-27 07:56:17,212 [Thread-1591] INFO  ozoneimpl.ContainerReader (ContainerReader.java:readVolume(123)) - Start to verify containers on volume /github/workspace/mnt/ozone/hadoop-ozone/integration-test/target/test-dir/MiniOzoneClusterImpl-b0e8067d-8c2e-4ee5-9f61-8ad8788f9080/datanode-4/data-0/containers/hdds
2020-10-27 07:56:17,212 [Thread-1591] INFO  ozoneimpl.ContainerReader (ContainerReader.java:readVolume(148)) - Finish verifying containers on volume /github/workspace/mnt/ozone/hadoop-ozone/integration-test/target/test-dir/MiniOzoneClusterImpl-b0e8067d-8c2e-4ee5-9f61-8ad8788f9080/datanode-4/data-0/containers/hdds
2020-10-27 07:56:17,212 [Listener at 127.0.0.1/35583] INFO  ozoneimpl.OzoneContainer (OzoneContainer.java:buildContainerSet(196)) - Build ContainerSet costs 0s
2020-10-27 07:56:17,213 [Listener at 127.0.0.1/35583] INFO  impl.RaftServerProxy (ConfUtils.java:logGet(44)) - raft.rpc.type = GRPC (default)
2020-10-27 07:56:17,213 [Listener at 127.0.0.1/35583] INFO  grpc.GrpcFactory (GrpcFactory.java:checkPooledByteBufAllocatorUseCacheForAllThreads(45)) - PERFORMANCE WARNING: useCacheForAllThreads is true that may cause Netty to create a lot garbage objects and, as a result, trigger GC.
	It is recommended to disable useCacheForAllThreads by setting -Dorg.apache.ratis.thirdparty.io.netty.allocator.useCacheForAllThreads=false in command line.
2020-10-27 07:56:17,214 [Listener at 127.0.0.1/35583] INFO  grpc.GrpcConfigKeys (ConfUtils.java:logGet(44)) - raft.grpc.server.port = 0 (default)
2020-10-27 07:56:17,214 [Listener at 127.0.0.1/35583] INFO  server.GrpcService (ConfUtils.java:logGet(44)) - raft.grpc.message.size.max = 32MB (=33554432) (custom)
2020-10-27 07:56:17,214 [Listener at 127.0.0.1/35583] INFO  server.RaftServerConfigKeys (ConfUtils.java:logGet(44)) - raft.server.log.appender.buffer.byte-limit = 33554432 (custom)
2020-10-27 07:56:17,214 [Listener at 127.0.0.1/35583] INFO  server.GrpcService (ConfUtils.java:logGet(44)) - raft.grpc.flow.control.window = 5MB (=5242880) (custom)
2020-10-27 07:56:17,214 [Listener at 127.0.0.1/35583] INFO  server.RaftServerConfigKeys (ConfUtils.java:logGet(44)) - raft.server.rpc.request.timeout = 3000ms (default)
2020-10-27 07:56:17,215 [Listener at 127.0.0.1/35583] INFO  server.RaftServerConfigKeys (ConfUtils.java:logGet(44)) - raft.server.storage.dir = [/github/workspace/mnt/ozone/hadoop-ozone/integration-test/target/test-dir/MiniOzoneClusterImpl-b0e8067d-8c2e-4ee5-9f61-8ad8788f9080/datanode-4/data/ratis] (custom)
2020-10-27 07:56:17,222 [Listener at 127.0.0.1/35583] INFO  http.BaseHttpServer (BaseHttpServer.java:newHttpServer2BuilderForOzone(207)) - Starting Web-server for hddsDatanode at: http://0.0.0.0:0
2020-10-27 07:56:17,222 [Listener at 127.0.0.1/35583] INFO  http.BaseHttpServer (BaseHttpServer.java:<init>(106)) - Hadoop Security Enabled: false Ozone Security Enabled: false Ozone HTTP Security Enabled: false 
2020-10-27 07:56:17,223 [Listener at 127.0.0.1/35583] INFO  server.AuthenticationFilter (AuthenticationFilter.java:constructSecretProvider(240)) - Unable to initialize FileSignerSecretProvider, falling back to use random secrets.
2020-10-27 07:56:17,223 [Listener at 127.0.0.1/35583] WARN  http.HttpRequestLog (HttpRequestLog.java:getRequestLog(103)) - Jetty request log can only be enabled using Log4j
2020-10-27 07:56:17,224 [Listener at 127.0.0.1/35583] INFO  http.HttpServer2 (HttpServer2.java:addGlobalFilter(1019)) - Added global filter 'safety' (class=org.apache.hadoop.hdds.server.http.HttpServer2$QuotingInputFilter)
2020-10-27 07:56:17,224 [Listener at 127.0.0.1/35583] INFO  http.HttpServer2 (HttpServer2.java:addFilter(995)) - Added filter static_user_filter (class=org.apache.hadoop.http.lib.StaticUserWebFilter$StaticUserFilter) to context hddsDatanode
2020-10-27 07:56:17,224 [Listener at 127.0.0.1/35583] INFO  http.HttpServer2 (HttpServer2.java:addFilter(1003)) - Added filter static_user_filter (class=org.apache.hadoop.http.lib.StaticUserWebFilter$StaticUserFilter) to context logs
2020-10-27 07:56:17,224 [Listener at 127.0.0.1/35583] INFO  http.HttpServer2 (HttpServer2.java:addFilter(1003)) - Added filter static_user_filter (class=org.apache.hadoop.http.lib.StaticUserWebFilter$StaticUserFilter) to context static
2020-10-27 07:56:17,225 [Listener at 127.0.0.1/35583] INFO  http.HttpServer2 (HttpServer2.java:bindListener(1237)) - Jetty bound to port 40249
2020-10-27 07:56:17,225 [Listener at 127.0.0.1/35583] INFO  server.Server (Server.java:doStart(359)) - jetty-9.4.26.v20200117; built: 2020-01-17T12:35:33.676Z; git: 7b38981d25d14afb4a12ff1f2596756144edf695; jvm 1.8.0_232-b09
2020-10-27 07:56:17,230 [Listener at 127.0.0.1/35583] INFO  server.session (DefaultSessionIdManager.java:doStart(333)) - DefaultSessionIdManager workerName=node0
2020-10-27 07:56:17,230 [Listener at 127.0.0.1/35583] INFO  server.session (DefaultSessionIdManager.java:doStart(338)) - No SessionScavenger set, using defaults
2020-10-27 07:56:17,231 [Listener at 127.0.0.1/35583] INFO  server.session (HouseKeeper.java:startScavenging(140)) - node0 Scavenging every 660000ms
2020-10-27 07:56:17,231 [Listener at 127.0.0.1/35583] INFO  handler.ContextHandler (ContextHandler.java:doStart(825)) - Started o.e.j.s.ServletContextHandler@59ae4a6f{logs,/logs,file:///github/workspace/mnt/ozone/hadoop-ozone/integration-test/target/log,AVAILABLE}
2020-10-27 07:56:17,231 [Listener at 127.0.0.1/35583] INFO  handler.ContextHandler (ContextHandler.java:doStart(825)) - Started o.e.j.s.ServletContextHandler@66a4e1ef{static,/static,jar:file:/home/user/.m2/repository/org/apache/hadoop/hadoop-hdds-container-service/1.1.0-SNAPSHOT/hadoop-hdds-container-service-1.1.0-SNAPSHOT.jar!/webapps/static,AVAILABLE}
2020-10-27 07:56:17,364 [Listener at 127.0.0.1/35583] INFO  handler.ContextHandler (ContextHandler.java:doStart(825)) - Started o.e.j.w.WebAppContext@6862f883{hddsDatanode,/,file:///tmp/jetty-0_0_0_0-40249-hadoop-hdds-container-service-1_1_0-SNAPSHOT_jar-_-any-3736580958137259466.dir/webapp/,AVAILABLE}{jar:file:/home/user/.m2/repository/org/apache/hadoop/hadoop-hdds-container-service/1.1.0-SNAPSHOT/hadoop-hdds-container-service-1.1.0-SNAPSHOT.jar!/webapps/hddsDatanode}
2020-10-27 07:56:17,365 [Listener at 127.0.0.1/35583] INFO  server.AbstractConnector (AbstractConnector.java:doStart(330)) - Started ServerConnector@20a569ad{HTTP/1.1,[http/1.1]}{0.0.0.0:40249}
2020-10-27 07:56:17,365 [Listener at 127.0.0.1/35583] INFO  server.Server (Server.java:doStart(399)) - Started @171817ms
2020-10-27 07:56:17,365 [Listener at 127.0.0.1/35583] WARN  impl.MetricsSystemImpl (MetricsSystemImpl.java:register(276)) - Sink prometheus already exists!
2020-10-27 07:56:17,370 [Listener at 127.0.0.1/35583] INFO  http.BaseHttpServer (BaseHttpServer.java:updateConnectorAddress(327)) - HTTP server of hddsDatanode listening at http://0.0.0.0:40249
2020-10-27 07:56:17,371 [Listener at 127.0.0.1/35583] INFO  impl.MetricsSystemImpl (MetricsSystemImpl.java:init(158)) - HddsDatanode metrics system started (again)
2020-10-27 07:56:17,374 [Listener at 127.0.0.1/35583] INFO  ozone.HddsDatanodeService (HddsDatanodeService.java:start(217)) - HddsDatanodeService host:347446dca554 ip:172.17.0.2
2020-10-27 07:56:17,376 [org.apache.hadoop.util.JvmPauseMonitor$Monitor@51c5135e] INFO  util.JvmPauseMonitor (JvmPauseMonitor.java:run(188)) - Starting JVM pause monitor
2020-10-27 07:56:17,377 [Datanode State Machine Task Thread - 0] INFO  datanode.InitDatanodeState (InitDatanodeState.java:persistContainerDatanodeDetails(145)) - DatanodeDetails is persisted to /github/workspace/mnt/ozone/hadoop-ozone/integration-test/target/test-dir/MiniOzoneClusterImpl-b0e8067d-8c2e-4ee5-9f61-8ad8788f9080/datanode-4/meta/datanode.id
2020-10-27 07:56:17,378 [Listener at 127.0.0.1/35583] INFO  volume.HddsVolume (HddsVolume.java:<init>(176)) - Creating Volume: /github/workspace/mnt/ozone/hadoop-ozone/integration-test/target/test-dir/MiniOzoneClusterImpl-b0e8067d-8c2e-4ee5-9f61-8ad8788f9080/datanode-5/data-0/containers/hdds of storage type : DISK and capacity : 9223372036854775807
2020-10-27 07:56:17,379 [Listener at 127.0.0.1/35583] INFO  volume.MutableVolumeSet (MutableVolumeSet.java:initializeVolumeSet(179)) - Added Volume : /github/workspace/mnt/ozone/hadoop-ozone/integration-test/target/test-dir/MiniOzoneClusterImpl-b0e8067d-8c2e-4ee5-9f61-8ad8788f9080/datanode-5/data-0/containers/hdds to VolumeSet
2020-10-27 07:56:17,379 [Listener at 127.0.0.1/35583] INFO  volume.ThrottledAsyncChecker (ThrottledAsyncChecker.java:schedule(141)) - Scheduling a check for /github/workspace/mnt/ozone/hadoop-ozone/integration-test/target/test-dir/MiniOzoneClusterImpl-b0e8067d-8c2e-4ee5-9f61-8ad8788f9080/datanode-5/data-0/containers/hdds
2020-10-27 07:56:17,379 [Listener at 127.0.0.1/35583] INFO  volume.HddsVolumeChecker (HddsVolumeChecker.java:checkAllVolumes(200)) - Scheduled health check for volume /github/workspace/mnt/ozone/hadoop-ozone/integration-test/target/test-dir/MiniOzoneClusterImpl-b0e8067d-8c2e-4ee5-9f61-8ad8788f9080/datanode-5/data-0/containers/hdds
2020-10-27 07:56:17,395 [Thread-1602] INFO  ozoneimpl.ContainerReader (ContainerReader.java:readVolume(123)) - Start to verify containers on volume /github/workspace/mnt/ozone/hadoop-ozone/integration-test/target/test-dir/MiniOzoneClusterImpl-b0e8067d-8c2e-4ee5-9f61-8ad8788f9080/datanode-5/data-0/containers/hdds
2020-10-27 07:56:17,395 [Thread-1602] INFO  ozoneimpl.ContainerReader (ContainerReader.java:readVolume(148)) - Finish verifying containers on volume /github/workspace/mnt/ozone/hadoop-ozone/integration-test/target/test-dir/MiniOzoneClusterImpl-b0e8067d-8c2e-4ee5-9f61-8ad8788f9080/datanode-5/data-0/containers/hdds
2020-10-27 07:56:17,395 [Listener at 127.0.0.1/35583] INFO  ozoneimpl.OzoneContainer (OzoneContainer.java:buildContainerSet(196)) - Build ContainerSet costs 0s
2020-10-27 07:56:17,396 [Listener at 127.0.0.1/35583] INFO  impl.RaftServerProxy (ConfUtils.java:logGet(44)) - raft.rpc.type = GRPC (default)
2020-10-27 07:56:17,397 [Listener at 127.0.0.1/35583] INFO  grpc.GrpcFactory (GrpcFactory.java:checkPooledByteBufAllocatorUseCacheForAllThreads(45)) - PERFORMANCE WARNING: useCacheForAllThreads is true that may cause Netty to create a lot garbage objects and, as a result, trigger GC.
	It is recommended to disable useCacheForAllThreads by setting -Dorg.apache.ratis.thirdparty.io.netty.allocator.useCacheForAllThreads=false in command line.
2020-10-27 07:56:17,397 [Listener at 127.0.0.1/35583] INFO  grpc.GrpcConfigKeys (ConfUtils.java:logGet(44)) - raft.grpc.server.port = 0 (default)
2020-10-27 07:56:17,397 [Listener at 127.0.0.1/35583] INFO  server.GrpcService (ConfUtils.java:logGet(44)) - raft.grpc.message.size.max = 32MB (=33554432) (custom)
2020-10-27 07:56:17,397 [Listener at 127.0.0.1/35583] INFO  server.RaftServerConfigKeys (ConfUtils.java:logGet(44)) - raft.server.log.appender.buffer.byte-limit = 33554432 (custom)
2020-10-27 07:56:17,397 [Listener at 127.0.0.1/35583] INFO  server.GrpcService (ConfUtils.java:logGet(44)) - raft.grpc.flow.control.window = 5MB (=5242880) (custom)
2020-10-27 07:56:17,397 [Listener at 127.0.0.1/35583] INFO  server.RaftServerConfigKeys (ConfUtils.java:logGet(44)) - raft.server.rpc.request.timeout = 3000ms (default)
2020-10-27 07:56:17,398 [Listener at 127.0.0.1/35583] INFO  server.RaftServerConfigKeys (ConfUtils.java:logGet(44)) - raft.server.storage.dir = [/github/workspace/mnt/ozone/hadoop-ozone/integration-test/target/test-dir/MiniOzoneClusterImpl-b0e8067d-8c2e-4ee5-9f61-8ad8788f9080/datanode-5/data/ratis] (custom)
2020-10-27 07:56:17,404 [Listener at 127.0.0.1/35583] INFO  http.BaseHttpServer (BaseHttpServer.java:newHttpServer2BuilderForOzone(207)) - Starting Web-server for hddsDatanode at: http://0.0.0.0:0
2020-10-27 07:56:17,404 [Listener at 127.0.0.1/35583] INFO  http.BaseHttpServer (BaseHttpServer.java:<init>(106)) - Hadoop Security Enabled: false Ozone Security Enabled: false Ozone HTTP Security Enabled: false 
2020-10-27 07:56:17,405 [Listener at 127.0.0.1/35583] INFO  server.AuthenticationFilter (AuthenticationFilter.java:constructSecretProvider(240)) - Unable to initialize FileSignerSecretProvider, falling back to use random secrets.
2020-10-27 07:56:17,406 [Listener at 127.0.0.1/35583] WARN  http.HttpRequestLog (HttpRequestLog.java:getRequestLog(103)) - Jetty request log can only be enabled using Log4j
2020-10-27 07:56:17,407 [Listener at 127.0.0.1/35583] INFO  http.HttpServer2 (HttpServer2.java:addGlobalFilter(1019)) - Added global filter 'safety' (class=org.apache.hadoop.hdds.server.http.HttpServer2$QuotingInputFilter)
2020-10-27 07:56:17,407 [Listener at 127.0.0.1/35583] INFO  http.HttpServer2 (HttpServer2.java:addFilter(995)) - Added filter static_user_filter (class=org.apache.hadoop.http.lib.StaticUserWebFilter$StaticUserFilter) to context hddsDatanode
2020-10-27 07:56:17,407 [Listener at 127.0.0.1/35583] INFO  http.HttpServer2 (HttpServer2.java:addFilter(1003)) - Added filter static_user_filter (class=org.apache.hadoop.http.lib.StaticUserWebFilter$StaticUserFilter) to context logs
2020-10-27 07:56:17,407 [Listener at 127.0.0.1/35583] INFO  http.HttpServer2 (HttpServer2.java:addFilter(1003)) - Added filter static_user_filter (class=org.apache.hadoop.http.lib.StaticUserWebFilter$StaticUserFilter) to context static
2020-10-27 07:56:17,408 [Listener at 127.0.0.1/35583] INFO  http.HttpServer2 (HttpServer2.java:bindListener(1237)) - Jetty bound to port 46859
2020-10-27 07:56:17,408 [Listener at 127.0.0.1/35583] INFO  server.Server (Server.java:doStart(359)) - jetty-9.4.26.v20200117; built: 2020-01-17T12:35:33.676Z; git: 7b38981d25d14afb4a12ff1f2596756144edf695; jvm 1.8.0_232-b09
2020-10-27 07:56:17,409 [Listener at 127.0.0.1/35583] INFO  server.session (DefaultSessionIdManager.java:doStart(333)) - DefaultSessionIdManager workerName=node0
2020-10-27 07:56:17,409 [Listener at 127.0.0.1/35583] INFO  server.session (DefaultSessionIdManager.java:doStart(338)) - No SessionScavenger set, using defaults
2020-10-27 07:56:17,409 [Listener at 127.0.0.1/35583] INFO  server.session (HouseKeeper.java:startScavenging(140)) - node0 Scavenging every 600000ms
2020-10-27 07:56:17,410 [Listener at 127.0.0.1/35583] INFO  handler.ContextHandler (ContextHandler.java:doStart(825)) - Started o.e.j.s.ServletContextHandler@4bf4cd2e{logs,/logs,file:///github/workspace/mnt/ozone/hadoop-ozone/integration-test/target/log,AVAILABLE}
2020-10-27 07:56:17,410 [Listener at 127.0.0.1/35583] INFO  handler.ContextHandler (ContextHandler.java:doStart(825)) - Started o.e.j.s.ServletContextHandler@14e8a173{static,/static,jar:file:/home/user/.m2/repository/org/apache/hadoop/hadoop-hdds-container-service/1.1.0-SNAPSHOT/hadoop-hdds-container-service-1.1.0-SNAPSHOT.jar!/webapps/static,AVAILABLE}
2020-10-27 07:56:17,543 [Listener at 127.0.0.1/35583] INFO  handler.ContextHandler (ContextHandler.java:doStart(825)) - Started o.e.j.w.WebAppContext@4426536a{hddsDatanode,/,file:///tmp/jetty-0_0_0_0-46859-hadoop-hdds-container-service-1_1_0-SNAPSHOT_jar-_-any-3381386101225867831.dir/webapp/,AVAILABLE}{jar:file:/home/user/.m2/repository/org/apache/hadoop/hadoop-hdds-container-service/1.1.0-SNAPSHOT/hadoop-hdds-container-service-1.1.0-SNAPSHOT.jar!/webapps/hddsDatanode}
2020-10-27 07:56:17,546 [Listener at 127.0.0.1/35583] INFO  server.AbstractConnector (AbstractConnector.java:doStart(330)) - Started ServerConnector@129294c3{HTTP/1.1,[http/1.1]}{0.0.0.0:46859}
2020-10-27 07:56:17,546 [Listener at 127.0.0.1/35583] INFO  server.Server (Server.java:doStart(399)) - Started @171998ms
2020-10-27 07:56:17,546 [Listener at 127.0.0.1/35583] WARN  impl.MetricsSystemImpl (MetricsSystemImpl.java:register(276)) - Sink prometheus already exists!
2020-10-27 07:56:17,552 [Listener at 127.0.0.1/35583] INFO  http.BaseHttpServer (BaseHttpServer.java:updateConnectorAddress(327)) - HTTP server of hddsDatanode listening at http://0.0.0.0:46859
2020-10-27 07:56:17,553 [Listener at 127.0.0.1/35583] INFO  impl.MetricsSystemImpl (MetricsSystemImpl.java:init(158)) - HddsDatanode metrics system started (again)
2020-10-27 07:56:17,554 [Listener at 127.0.0.1/35583] INFO  ozone.HddsDatanodeService (HddsDatanodeService.java:start(217)) - HddsDatanodeService host:347446dca554 ip:172.17.0.2
2020-10-27 07:56:17,555 [org.apache.hadoop.util.JvmPauseMonitor$Monitor@130ae377] INFO  util.JvmPauseMonitor (JvmPauseMonitor.java:run(188)) - Starting JVM pause monitor
2020-10-27 07:56:17,555 [Listener at 127.0.0.1/35583] INFO  volume.HddsVolume (HddsVolume.java:<init>(176)) - Creating Volume: /github/workspace/mnt/ozone/hadoop-ozone/integration-test/target/test-dir/MiniOzoneClusterImpl-b0e8067d-8c2e-4ee5-9f61-8ad8788f9080/datanode-6/data-0/containers/hdds of storage type : DISK and capacity : 9223372036854775807
2020-10-27 07:56:17,555 [Listener at 127.0.0.1/35583] INFO  volume.MutableVolumeSet (MutableVolumeSet.java:initializeVolumeSet(179)) - Added Volume : /github/workspace/mnt/ozone/hadoop-ozone/integration-test/target/test-dir/MiniOzoneClusterImpl-b0e8067d-8c2e-4ee5-9f61-8ad8788f9080/datanode-6/data-0/containers/hdds to VolumeSet
2020-10-27 07:56:17,555 [Datanode State Machine Task Thread - 0] INFO  datanode.InitDatanodeState (InitDatanodeState.java:persistContainerDatanodeDetails(145)) - DatanodeDetails is persisted to /github/workspace/mnt/ozone/hadoop-ozone/integration-test/target/test-dir/MiniOzoneClusterImpl-b0e8067d-8c2e-4ee5-9f61-8ad8788f9080/datanode-5/meta/datanode.id
2020-10-27 07:56:17,555 [Listener at 127.0.0.1/35583] INFO  volume.ThrottledAsyncChecker (ThrottledAsyncChecker.java:schedule(141)) - Scheduling a check for /github/workspace/mnt/ozone/hadoop-ozone/integration-test/target/test-dir/MiniOzoneClusterImpl-b0e8067d-8c2e-4ee5-9f61-8ad8788f9080/datanode-6/data-0/containers/hdds
2020-10-27 07:56:17,556 [Listener at 127.0.0.1/35583] INFO  volume.HddsVolumeChecker (HddsVolumeChecker.java:checkAllVolumes(200)) - Scheduled health check for volume /github/workspace/mnt/ozone/hadoop-ozone/integration-test/target/test-dir/MiniOzoneClusterImpl-b0e8067d-8c2e-4ee5-9f61-8ad8788f9080/datanode-6/data-0/containers/hdds
2020-10-27 07:56:17,569 [Thread-1613] INFO  ozoneimpl.ContainerReader (ContainerReader.java:readVolume(123)) - Start to verify containers on volume /github/workspace/mnt/ozone/hadoop-ozone/integration-test/target/test-dir/MiniOzoneClusterImpl-b0e8067d-8c2e-4ee5-9f61-8ad8788f9080/datanode-6/data-0/containers/hdds
2020-10-27 07:56:17,569 [Thread-1613] INFO  ozoneimpl.ContainerReader (ContainerReader.java:readVolume(148)) - Finish verifying containers on volume /github/workspace/mnt/ozone/hadoop-ozone/integration-test/target/test-dir/MiniOzoneClusterImpl-b0e8067d-8c2e-4ee5-9f61-8ad8788f9080/datanode-6/data-0/containers/hdds
2020-10-27 07:56:17,569 [Listener at 127.0.0.1/35583] INFO  ozoneimpl.OzoneContainer (OzoneContainer.java:buildContainerSet(196)) - Build ContainerSet costs 0s
2020-10-27 07:56:17,571 [Listener at 127.0.0.1/35583] INFO  impl.RaftServerProxy (ConfUtils.java:logGet(44)) - raft.rpc.type = GRPC (default)
2020-10-27 07:56:17,571 [Listener at 127.0.0.1/35583] INFO  grpc.GrpcFactory (GrpcFactory.java:checkPooledByteBufAllocatorUseCacheForAllThreads(45)) - PERFORMANCE WARNING: useCacheForAllThreads is true that may cause Netty to create a lot garbage objects and, as a result, trigger GC.
	It is recommended to disable useCacheForAllThreads by setting -Dorg.apache.ratis.thirdparty.io.netty.allocator.useCacheForAllThreads=false in command line.
2020-10-27 07:56:17,571 [Listener at 127.0.0.1/35583] INFO  grpc.GrpcConfigKeys (ConfUtils.java:logGet(44)) - raft.grpc.server.port = 0 (default)
2020-10-27 07:56:17,571 [Listener at 127.0.0.1/35583] INFO  server.GrpcService (ConfUtils.java:logGet(44)) - raft.grpc.message.size.max = 32MB (=33554432) (custom)
2020-10-27 07:56:17,571 [Listener at 127.0.0.1/35583] INFO  server.RaftServerConfigKeys (ConfUtils.java:logGet(44)) - raft.server.log.appender.buffer.byte-limit = 33554432 (custom)
2020-10-27 07:56:17,572 [Listener at 127.0.0.1/35583] INFO  server.GrpcService (ConfUtils.java:logGet(44)) - raft.grpc.flow.control.window = 5MB (=5242880) (custom)
2020-10-27 07:56:17,572 [Listener at 127.0.0.1/35583] INFO  server.RaftServerConfigKeys (ConfUtils.java:logGet(44)) - raft.server.rpc.request.timeout = 3000ms (default)
2020-10-27 07:56:17,573 [Listener at 127.0.0.1/35583] INFO  server.RaftServerConfigKeys (ConfUtils.java:logGet(44)) - raft.server.storage.dir = [/github/workspace/mnt/ozone/hadoop-ozone/integration-test/target/test-dir/MiniOzoneClusterImpl-b0e8067d-8c2e-4ee5-9f61-8ad8788f9080/datanode-6/data/ratis] (custom)
2020-10-27 07:56:17,580 [Listener at 127.0.0.1/35583] INFO  http.BaseHttpServer (BaseHttpServer.java:newHttpServer2BuilderForOzone(207)) - Starting Web-server for hddsDatanode at: http://0.0.0.0:0
2020-10-27 07:56:17,580 [Listener at 127.0.0.1/35583] INFO  http.BaseHttpServer (BaseHttpServer.java:<init>(106)) - Hadoop Security Enabled: false Ozone Security Enabled: false Ozone HTTP Security Enabled: false 
2020-10-27 07:56:17,582 [Listener at 127.0.0.1/35583] INFO  server.AuthenticationFilter (AuthenticationFilter.java:constructSecretProvider(240)) - Unable to initialize FileSignerSecretProvider, falling back to use random secrets.
2020-10-27 07:56:17,583 [Listener at 127.0.0.1/35583] WARN  http.HttpRequestLog (HttpRequestLog.java:getRequestLog(103)) - Jetty request log can only be enabled using Log4j
2020-10-27 07:56:17,583 [Listener at 127.0.0.1/35583] INFO  http.HttpServer2 (HttpServer2.java:addGlobalFilter(1019)) - Added global filter 'safety' (class=org.apache.hadoop.hdds.server.http.HttpServer2$QuotingInputFilter)
2020-10-27 07:56:17,584 [Listener at 127.0.0.1/35583] INFO  http.HttpServer2 (HttpServer2.java:addFilter(995)) - Added filter static_user_filter (class=org.apache.hadoop.http.lib.StaticUserWebFilter$StaticUserFilter) to context hddsDatanode
2020-10-27 07:56:17,584 [Listener at 127.0.0.1/35583] INFO  http.HttpServer2 (HttpServer2.java:addFilter(1003)) - Added filter static_user_filter (class=org.apache.hadoop.http.lib.StaticUserWebFilter$StaticUserFilter) to context static
2020-10-27 07:56:17,584 [Listener at 127.0.0.1/35583] INFO  http.HttpServer2 (HttpServer2.java:addFilter(1003)) - Added filter static_user_filter (class=org.apache.hadoop.http.lib.StaticUserWebFilter$StaticUserFilter) to context logs
2020-10-27 07:56:17,584 [Listener at 127.0.0.1/35583] INFO  http.HttpServer2 (HttpServer2.java:bindListener(1237)) - Jetty bound to port 34951
2020-10-27 07:56:17,584 [Listener at 127.0.0.1/35583] INFO  server.Server (Server.java:doStart(359)) - jetty-9.4.26.v20200117; built: 2020-01-17T12:35:33.676Z; git: 7b38981d25d14afb4a12ff1f2596756144edf695; jvm 1.8.0_232-b09
2020-10-27 07:56:17,586 [Listener at 127.0.0.1/35583] INFO  server.session (DefaultSessionIdManager.java:doStart(333)) - DefaultSessionIdManager workerName=node0
2020-10-27 07:56:17,586 [Listener at 127.0.0.1/35583] INFO  server.session (DefaultSessionIdManager.java:doStart(338)) - No SessionScavenger set, using defaults
2020-10-27 07:56:17,586 [Listener at 127.0.0.1/35583] INFO  server.session (HouseKeeper.java:startScavenging(140)) - node0 Scavenging every 660000ms
2020-10-27 07:56:17,586 [Listener at 127.0.0.1/35583] INFO  handler.ContextHandler (ContextHandler.java:doStart(825)) - Started o.e.j.s.ServletContextHandler@18681121{logs,/logs,file:///github/workspace/mnt/ozone/hadoop-ozone/integration-test/target/log,AVAILABLE}
2020-10-27 07:56:17,587 [Listener at 127.0.0.1/35583] INFO  handler.ContextHandler (ContextHandler.java:doStart(825)) - Started o.e.j.s.ServletContextHandler@78ffe38{static,/static,jar:file:/home/user/.m2/repository/org/apache/hadoop/hadoop-hdds-container-service/1.1.0-SNAPSHOT/hadoop-hdds-container-service-1.1.0-SNAPSHOT.jar!/webapps/static,AVAILABLE}
2020-10-27 07:56:17,721 [Listener at 127.0.0.1/35583] INFO  handler.ContextHandler (ContextHandler.java:doStart(825)) - Started o.e.j.w.WebAppContext@3d233253{hddsDatanode,/,file:///tmp/jetty-0_0_0_0-34951-hadoop-hdds-container-service-1_1_0-SNAPSHOT_jar-_-any-7141964711708246448.dir/webapp/,AVAILABLE}{jar:file:/home/user/.m2/repository/org/apache/hadoop/hadoop-hdds-container-service/1.1.0-SNAPSHOT/hadoop-hdds-container-service-1.1.0-SNAPSHOT.jar!/webapps/hddsDatanode}
2020-10-27 07:56:17,722 [Listener at 127.0.0.1/35583] INFO  server.AbstractConnector (AbstractConnector.java:doStart(330)) - Started ServerConnector@17d745ae{HTTP/1.1,[http/1.1]}{0.0.0.0:34951}
2020-10-27 07:56:17,722 [Listener at 127.0.0.1/35583] INFO  server.Server (Server.java:doStart(399)) - Started @172174ms
2020-10-27 07:56:17,722 [Listener at 127.0.0.1/35583] WARN  impl.MetricsSystemImpl (MetricsSystemImpl.java:register(276)) - Sink prometheus already exists!
2020-10-27 07:56:17,728 [Listener at 127.0.0.1/35583] INFO  http.BaseHttpServer (BaseHttpServer.java:updateConnectorAddress(327)) - HTTP server of hddsDatanode listening at http://0.0.0.0:34951
2020-10-27 07:56:17,729 [Listener at 127.0.0.1/35583] INFO  impl.MetricsSystemImpl (MetricsSystemImpl.java:init(158)) - HddsDatanode metrics system started (again)
2020-10-27 07:56:17,730 [org.apache.hadoop.util.JvmPauseMonitor$Monitor@3d0b6426] INFO  util.JvmPauseMonitor (JvmPauseMonitor.java:run(188)) - Starting JVM pause monitor
2020-10-27 07:56:17,730 [Listener at 127.0.0.1/35583] INFO  ozone.HddsDatanodeService (HddsDatanodeService.java:start(217)) - HddsDatanodeService host:347446dca554 ip:172.17.0.2
2020-10-27 07:56:17,731 [Listener at 127.0.0.1/35583] INFO  volume.HddsVolume (HddsVolume.java:<init>(176)) - Creating Volume: /github/workspace/mnt/ozone/hadoop-ozone/integration-test/target/test-dir/MiniOzoneClusterImpl-b0e8067d-8c2e-4ee5-9f61-8ad8788f9080/datanode-7/data-0/containers/hdds of storage type : DISK and capacity : 9223372036854775807
2020-10-27 07:56:17,732 [Listener at 127.0.0.1/35583] INFO  volume.MutableVolumeSet (MutableVolumeSet.java:initializeVolumeSet(179)) - Added Volume : /github/workspace/mnt/ozone/hadoop-ozone/integration-test/target/test-dir/MiniOzoneClusterImpl-b0e8067d-8c2e-4ee5-9f61-8ad8788f9080/datanode-7/data-0/containers/hdds to VolumeSet
2020-10-27 07:56:17,732 [Listener at 127.0.0.1/35583] INFO  volume.ThrottledAsyncChecker (ThrottledAsyncChecker.java:schedule(141)) - Scheduling a check for /github/workspace/mnt/ozone/hadoop-ozone/integration-test/target/test-dir/MiniOzoneClusterImpl-b0e8067d-8c2e-4ee5-9f61-8ad8788f9080/datanode-7/data-0/containers/hdds
2020-10-27 07:56:17,736 [Listener at 127.0.0.1/35583] INFO  volume.HddsVolumeChecker (HddsVolumeChecker.java:checkAllVolumes(200)) - Scheduled health check for volume /github/workspace/mnt/ozone/hadoop-ozone/integration-test/target/test-dir/MiniOzoneClusterImpl-b0e8067d-8c2e-4ee5-9f61-8ad8788f9080/datanode-7/data-0/containers/hdds
2020-10-27 07:56:17,741 [Datanode State Machine Task Thread - 0] INFO  datanode.InitDatanodeState (InitDatanodeState.java:persistContainerDatanodeDetails(145)) - DatanodeDetails is persisted to /github/workspace/mnt/ozone/hadoop-ozone/integration-test/target/test-dir/MiniOzoneClusterImpl-b0e8067d-8c2e-4ee5-9f61-8ad8788f9080/datanode-6/meta/datanode.id
2020-10-27 07:56:17,749 [Thread-1624] INFO  ozoneimpl.ContainerReader (ContainerReader.java:readVolume(123)) - Start to verify containers on volume /github/workspace/mnt/ozone/hadoop-ozone/integration-test/target/test-dir/MiniOzoneClusterImpl-b0e8067d-8c2e-4ee5-9f61-8ad8788f9080/datanode-7/data-0/containers/hdds
2020-10-27 07:56:17,749 [Thread-1624] INFO  ozoneimpl.ContainerReader (ContainerReader.java:readVolume(148)) - Finish verifying containers on volume /github/workspace/mnt/ozone/hadoop-ozone/integration-test/target/test-dir/MiniOzoneClusterImpl-b0e8067d-8c2e-4ee5-9f61-8ad8788f9080/datanode-7/data-0/containers/hdds
2020-10-27 07:56:17,750 [Listener at 127.0.0.1/35583] INFO  ozoneimpl.OzoneContainer (OzoneContainer.java:buildContainerSet(196)) - Build ContainerSet costs 0s
2020-10-27 07:56:17,751 [Listener at 127.0.0.1/35583] INFO  impl.RaftServerProxy (ConfUtils.java:logGet(44)) - raft.rpc.type = GRPC (default)
2020-10-27 07:56:17,751 [Listener at 127.0.0.1/35583] INFO  grpc.GrpcFactory (GrpcFactory.java:checkPooledByteBufAllocatorUseCacheForAllThreads(45)) - PERFORMANCE WARNING: useCacheForAllThreads is true that may cause Netty to create a lot garbage objects and, as a result, trigger GC.
	It is recommended to disable useCacheForAllThreads by setting -Dorg.apache.ratis.thirdparty.io.netty.allocator.useCacheForAllThreads=false in command line.
2020-10-27 07:56:17,751 [Listener at 127.0.0.1/35583] INFO  grpc.GrpcConfigKeys (ConfUtils.java:logGet(44)) - raft.grpc.server.port = 0 (default)
2020-10-27 07:56:17,751 [Listener at 127.0.0.1/35583] INFO  server.GrpcService (ConfUtils.java:logGet(44)) - raft.grpc.message.size.max = 32MB (=33554432) (custom)
2020-10-27 07:56:17,752 [Listener at 127.0.0.1/35583] INFO  server.RaftServerConfigKeys (ConfUtils.java:logGet(44)) - raft.server.log.appender.buffer.byte-limit = 33554432 (custom)
2020-10-27 07:56:17,752 [Listener at 127.0.0.1/35583] INFO  server.GrpcService (ConfUtils.java:logGet(44)) - raft.grpc.flow.control.window = 5MB (=5242880) (custom)
2020-10-27 07:56:17,752 [Listener at 127.0.0.1/35583] INFO  server.RaftServerConfigKeys (ConfUtils.java:logGet(44)) - raft.server.rpc.request.timeout = 3000ms (default)
2020-10-27 07:56:17,753 [Listener at 127.0.0.1/35583] INFO  server.RaftServerConfigKeys (ConfUtils.java:logGet(44)) - raft.server.storage.dir = [/github/workspace/mnt/ozone/hadoop-ozone/integration-test/target/test-dir/MiniOzoneClusterImpl-b0e8067d-8c2e-4ee5-9f61-8ad8788f9080/datanode-7/data/ratis] (custom)
2020-10-27 07:56:17,759 [Listener at 127.0.0.1/35583] INFO  http.BaseHttpServer (BaseHttpServer.java:newHttpServer2BuilderForOzone(207)) - Starting Web-server for hddsDatanode at: http://0.0.0.0:0
2020-10-27 07:56:17,759 [Listener at 127.0.0.1/35583] INFO  http.BaseHttpServer (BaseHttpServer.java:<init>(106)) - Hadoop Security Enabled: false Ozone Security Enabled: false Ozone HTTP Security Enabled: false 
2020-10-27 07:56:17,760 [Listener at 127.0.0.1/35583] INFO  server.AuthenticationFilter (AuthenticationFilter.java:constructSecretProvider(240)) - Unable to initialize FileSignerSecretProvider, falling back to use random secrets.
2020-10-27 07:56:17,760 [Listener at 127.0.0.1/35583] WARN  http.HttpRequestLog (HttpRequestLog.java:getRequestLog(103)) - Jetty request log can only be enabled using Log4j
2020-10-27 07:56:17,761 [Listener at 127.0.0.1/35583] INFO  http.HttpServer2 (HttpServer2.java:addGlobalFilter(1019)) - Added global filter 'safety' (class=org.apache.hadoop.hdds.server.http.HttpServer2$QuotingInputFilter)
2020-10-27 07:56:17,761 [Listener at 127.0.0.1/35583] INFO  http.HttpServer2 (HttpServer2.java:addFilter(995)) - Added filter static_user_filter (class=org.apache.hadoop.http.lib.StaticUserWebFilter$StaticUserFilter) to context hddsDatanode
2020-10-27 07:56:17,762 [Listener at 127.0.0.1/35583] INFO  http.HttpServer2 (HttpServer2.java:addFilter(1003)) - Added filter static_user_filter (class=org.apache.hadoop.http.lib.StaticUserWebFilter$StaticUserFilter) to context logs
2020-10-27 07:56:17,762 [Listener at 127.0.0.1/35583] INFO  http.HttpServer2 (HttpServer2.java:addFilter(1003)) - Added filter static_user_filter (class=org.apache.hadoop.http.lib.StaticUserWebFilter$StaticUserFilter) to context static
2020-10-27 07:56:17,762 [Listener at 127.0.0.1/35583] INFO  http.HttpServer2 (HttpServer2.java:bindListener(1237)) - Jetty bound to port 45633
2020-10-27 07:56:17,762 [Listener at 127.0.0.1/35583] INFO  server.Server (Server.java:doStart(359)) - jetty-9.4.26.v20200117; built: 2020-01-17T12:35:33.676Z; git: 7b38981d25d14afb4a12ff1f2596756144edf695; jvm 1.8.0_232-b09
2020-10-27 07:56:17,763 [Listener at 127.0.0.1/35583] INFO  server.session (DefaultSessionIdManager.java:doStart(333)) - DefaultSessionIdManager workerName=node0
2020-10-27 07:56:17,764 [Listener at 127.0.0.1/35583] INFO  server.session (DefaultSessionIdManager.java:doStart(338)) - No SessionScavenger set, using defaults
2020-10-27 07:56:17,764 [Listener at 127.0.0.1/35583] INFO  server.session (HouseKeeper.java:startScavenging(140)) - node0 Scavenging every 660000ms
2020-10-27 07:56:17,764 [Listener at 127.0.0.1/35583] INFO  handler.ContextHandler (ContextHandler.java:doStart(825)) - Started o.e.j.s.ServletContextHandler@6e4731d5{logs,/logs,file:///github/workspace/mnt/ozone/hadoop-ozone/integration-test/target/log,AVAILABLE}
2020-10-27 07:56:17,765 [Listener at 127.0.0.1/35583] INFO  handler.ContextHandler (ContextHandler.java:doStart(825)) - Started o.e.j.s.ServletContextHandler@783ac459{static,/static,jar:file:/home/user/.m2/repository/org/apache/hadoop/hadoop-hdds-container-service/1.1.0-SNAPSHOT/hadoop-hdds-container-service-1.1.0-SNAPSHOT.jar!/webapps/static,AVAILABLE}
2020-10-27 07:56:17,893 [Listener at 127.0.0.1/35583] INFO  handler.ContextHandler (ContextHandler.java:doStart(825)) - Started o.e.j.w.WebAppContext@38f9e69b{hddsDatanode,/,file:///tmp/jetty-0_0_0_0-45633-hadoop-hdds-container-service-1_1_0-SNAPSHOT_jar-_-any-8439119560479483825.dir/webapp/,AVAILABLE}{jar:file:/home/user/.m2/repository/org/apache/hadoop/hadoop-hdds-container-service/1.1.0-SNAPSHOT/hadoop-hdds-container-service-1.1.0-SNAPSHOT.jar!/webapps/hddsDatanode}
2020-10-27 07:56:17,895 [Listener at 127.0.0.1/35583] INFO  server.AbstractConnector (AbstractConnector.java:doStart(330)) - Started ServerConnector@717646f1{HTTP/1.1,[http/1.1]}{0.0.0.0:45633}
2020-10-27 07:56:17,895 [Listener at 127.0.0.1/35583] INFO  server.Server (Server.java:doStart(399)) - Started @172347ms
2020-10-27 07:56:17,895 [Listener at 127.0.0.1/35583] WARN  impl.MetricsSystemImpl (MetricsSystemImpl.java:register(276)) - Sink prometheus already exists!
2020-10-27 07:56:17,901 [Listener at 127.0.0.1/35583] INFO  http.BaseHttpServer (BaseHttpServer.java:updateConnectorAddress(327)) - HTTP server of hddsDatanode listening at http://0.0.0.0:45633
2020-10-27 07:56:17,902 [Listener at 127.0.0.1/35583] INFO  impl.MetricsSystemImpl (MetricsSystemImpl.java:init(158)) - HddsDatanode metrics system started (again)
2020-10-27 07:56:17,904 [Listener at 127.0.0.1/35583] INFO  ozone.HddsDatanodeService (HddsDatanodeService.java:start(217)) - HddsDatanodeService host:347446dca554 ip:172.17.0.2
2020-10-27 07:56:17,904 [org.apache.hadoop.util.JvmPauseMonitor$Monitor@a2eb703] INFO  util.JvmPauseMonitor (JvmPauseMonitor.java:run(188)) - Starting JVM pause monitor
2020-10-27 07:56:17,905 [Datanode State Machine Task Thread - 0] INFO  datanode.InitDatanodeState (InitDatanodeState.java:persistContainerDatanodeDetails(145)) - DatanodeDetails is persisted to /github/workspace/mnt/ozone/hadoop-ozone/integration-test/target/test-dir/MiniOzoneClusterImpl-b0e8067d-8c2e-4ee5-9f61-8ad8788f9080/datanode-7/meta/datanode.id
2020-10-27 07:56:17,905 [Listener at 127.0.0.1/35583] INFO  volume.HddsVolume (HddsVolume.java:<init>(176)) - Creating Volume: /github/workspace/mnt/ozone/hadoop-ozone/integration-test/target/test-dir/MiniOzoneClusterImpl-b0e8067d-8c2e-4ee5-9f61-8ad8788f9080/datanode-8/data-0/containers/hdds of storage type : DISK and capacity : 9223372036854775807
2020-10-27 07:56:17,905 [Listener at 127.0.0.1/35583] INFO  volume.MutableVolumeSet (MutableVolumeSet.java:initializeVolumeSet(179)) - Added Volume : /github/workspace/mnt/ozone/hadoop-ozone/integration-test/target/test-dir/MiniOzoneClusterImpl-b0e8067d-8c2e-4ee5-9f61-8ad8788f9080/datanode-8/data-0/containers/hdds to VolumeSet
2020-10-27 07:56:17,905 [Listener at 127.0.0.1/35583] INFO  volume.ThrottledAsyncChecker (ThrottledAsyncChecker.java:schedule(141)) - Scheduling a check for /github/workspace/mnt/ozone/hadoop-ozone/integration-test/target/test-dir/MiniOzoneClusterImpl-b0e8067d-8c2e-4ee5-9f61-8ad8788f9080/datanode-8/data-0/containers/hdds
2020-10-27 07:56:17,906 [Listener at 127.0.0.1/35583] INFO  volume.HddsVolumeChecker (HddsVolumeChecker.java:checkAllVolumes(200)) - Scheduled health check for volume /github/workspace/mnt/ozone/hadoop-ozone/integration-test/target/test-dir/MiniOzoneClusterImpl-b0e8067d-8c2e-4ee5-9f61-8ad8788f9080/datanode-8/data-0/containers/hdds
2020-10-27 07:56:17,920 [Thread-1635] INFO  ozoneimpl.ContainerReader (ContainerReader.java:readVolume(123)) - Start to verify containers on volume /github/workspace/mnt/ozone/hadoop-ozone/integration-test/target/test-dir/MiniOzoneClusterImpl-b0e8067d-8c2e-4ee5-9f61-8ad8788f9080/datanode-8/data-0/containers/hdds
2020-10-27 07:56:17,920 [Thread-1635] INFO  ozoneimpl.ContainerReader (ContainerReader.java:readVolume(148)) - Finish verifying containers on volume /github/workspace/mnt/ozone/hadoop-ozone/integration-test/target/test-dir/MiniOzoneClusterImpl-b0e8067d-8c2e-4ee5-9f61-8ad8788f9080/datanode-8/data-0/containers/hdds
2020-10-27 07:56:17,920 [Listener at 127.0.0.1/35583] INFO  ozoneimpl.OzoneContainer (OzoneContainer.java:buildContainerSet(196)) - Build ContainerSet costs 0s
2020-10-27 07:56:17,921 [Listener at 127.0.0.1/35583] INFO  impl.RaftServerProxy (ConfUtils.java:logGet(44)) - raft.rpc.type = GRPC (default)
2020-10-27 07:56:17,921 [Listener at 127.0.0.1/35583] INFO  grpc.GrpcFactory (GrpcFactory.java:checkPooledByteBufAllocatorUseCacheForAllThreads(45)) - PERFORMANCE WARNING: useCacheForAllThreads is true that may cause Netty to create a lot garbage objects and, as a result, trigger GC.
	It is recommended to disable useCacheForAllThreads by setting -Dorg.apache.ratis.thirdparty.io.netty.allocator.useCacheForAllThreads=false in command line.
2020-10-27 07:56:17,921 [Listener at 127.0.0.1/35583] INFO  grpc.GrpcConfigKeys (ConfUtils.java:logGet(44)) - raft.grpc.server.port = 0 (default)
2020-10-27 07:56:17,922 [Listener at 127.0.0.1/35583] INFO  server.GrpcService (ConfUtils.java:logGet(44)) - raft.grpc.message.size.max = 32MB (=33554432) (custom)
2020-10-27 07:56:17,922 [Listener at 127.0.0.1/35583] INFO  server.RaftServerConfigKeys (ConfUtils.java:logGet(44)) - raft.server.log.appender.buffer.byte-limit = 33554432 (custom)
2020-10-27 07:56:17,922 [Listener at 127.0.0.1/35583] INFO  server.GrpcService (ConfUtils.java:logGet(44)) - raft.grpc.flow.control.window = 5MB (=5242880) (custom)
2020-10-27 07:56:17,922 [Listener at 127.0.0.1/35583] INFO  server.RaftServerConfigKeys (ConfUtils.java:logGet(44)) - raft.server.rpc.request.timeout = 3000ms (default)
2020-10-27 07:56:17,923 [Listener at 127.0.0.1/35583] INFO  server.RaftServerConfigKeys (ConfUtils.java:logGet(44)) - raft.server.storage.dir = [/github/workspace/mnt/ozone/hadoop-ozone/integration-test/target/test-dir/MiniOzoneClusterImpl-b0e8067d-8c2e-4ee5-9f61-8ad8788f9080/datanode-8/data/ratis] (custom)
2020-10-27 07:56:17,928 [Listener at 127.0.0.1/35583] INFO  http.BaseHttpServer (BaseHttpServer.java:newHttpServer2BuilderForOzone(207)) - Starting Web-server for hddsDatanode at: http://0.0.0.0:0
2020-10-27 07:56:17,928 [Listener at 127.0.0.1/35583] INFO  http.BaseHttpServer (BaseHttpServer.java:<init>(106)) - Hadoop Security Enabled: false Ozone Security Enabled: false Ozone HTTP Security Enabled: false 
2020-10-27 07:56:17,929 [Listener at 127.0.0.1/35583] INFO  server.AuthenticationFilter (AuthenticationFilter.java:constructSecretProvider(240)) - Unable to initialize FileSignerSecretProvider, falling back to use random secrets.
2020-10-27 07:56:17,929 [Listener at 127.0.0.1/35583] WARN  http.HttpRequestLog (HttpRequestLog.java:getRequestLog(103)) - Jetty request log can only be enabled using Log4j
2020-10-27 07:56:17,930 [Listener at 127.0.0.1/35583] INFO  http.HttpServer2 (HttpServer2.java:addGlobalFilter(1019)) - Added global filter 'safety' (class=org.apache.hadoop.hdds.server.http.HttpServer2$QuotingInputFilter)
2020-10-27 07:56:17,931 [Listener at 127.0.0.1/35583] INFO  http.HttpServer2 (HttpServer2.java:addFilter(995)) - Added filter static_user_filter (class=org.apache.hadoop.http.lib.StaticUserWebFilter$StaticUserFilter) to context hddsDatanode
2020-10-27 07:56:17,931 [Listener at 127.0.0.1/35583] INFO  http.HttpServer2 (HttpServer2.java:addFilter(1003)) - Added filter static_user_filter (class=org.apache.hadoop.http.lib.StaticUserWebFilter$StaticUserFilter) to context static
2020-10-27 07:56:17,931 [Listener at 127.0.0.1/35583] INFO  http.HttpServer2 (HttpServer2.java:addFilter(1003)) - Added filter static_user_filter (class=org.apache.hadoop.http.lib.StaticUserWebFilter$StaticUserFilter) to context logs
2020-10-27 07:56:17,931 [Listener at 127.0.0.1/35583] INFO  http.HttpServer2 (HttpServer2.java:bindListener(1237)) - Jetty bound to port 34109
2020-10-27 07:56:17,931 [Listener at 127.0.0.1/35583] INFO  server.Server (Server.java:doStart(359)) - jetty-9.4.26.v20200117; built: 2020-01-17T12:35:33.676Z; git: 7b38981d25d14afb4a12ff1f2596756144edf695; jvm 1.8.0_232-b09
2020-10-27 07:56:17,933 [Listener at 127.0.0.1/35583] INFO  server.session (DefaultSessionIdManager.java:doStart(333)) - DefaultSessionIdManager workerName=node0
2020-10-27 07:56:17,933 [Listener at 127.0.0.1/35583] INFO  server.session (DefaultSessionIdManager.java:doStart(338)) - No SessionScavenger set, using defaults
2020-10-27 07:56:17,933 [Listener at 127.0.0.1/35583] INFO  server.session (HouseKeeper.java:startScavenging(140)) - node0 Scavenging every 600000ms
2020-10-27 07:56:17,933 [Listener at 127.0.0.1/35583] INFO  handler.ContextHandler (ContextHandler.java:doStart(825)) - Started o.e.j.s.ServletContextHandler@45f3891c{logs,/logs,file:///github/workspace/mnt/ozone/hadoop-ozone/integration-test/target/log,AVAILABLE}
2020-10-27 07:56:17,934 [Listener at 127.0.0.1/35583] INFO  handler.ContextHandler (ContextHandler.java:doStart(825)) - Started o.e.j.s.ServletContextHandler@566806a{static,/static,jar:file:/home/user/.m2/repository/org/apache/hadoop/hadoop-hdds-container-service/1.1.0-SNAPSHOT/hadoop-hdds-container-service-1.1.0-SNAPSHOT.jar!/webapps/static,AVAILABLE}
2020-10-27 07:56:18,065 [Listener at 127.0.0.1/35583] INFO  handler.ContextHandler (ContextHandler.java:doStart(825)) - Started o.e.j.w.WebAppContext@79242162{hddsDatanode,/,file:///tmp/jetty-0_0_0_0-34109-hadoop-hdds-container-service-1_1_0-SNAPSHOT_jar-_-any-7626180747733129664.dir/webapp/,AVAILABLE}{jar:file:/home/user/.m2/repository/org/apache/hadoop/hadoop-hdds-container-service/1.1.0-SNAPSHOT/hadoop-hdds-container-service-1.1.0-SNAPSHOT.jar!/webapps/hddsDatanode}
2020-10-27 07:56:18,068 [Listener at 127.0.0.1/35583] INFO  server.AbstractConnector (AbstractConnector.java:doStart(330)) - Started ServerConnector@4966454a{HTTP/1.1,[http/1.1]}{0.0.0.0:34109}
2020-10-27 07:56:18,068 [Listener at 127.0.0.1/35583] INFO  server.Server (Server.java:doStart(399)) - Started @172520ms
2020-10-27 07:56:18,068 [Listener at 127.0.0.1/35583] WARN  impl.MetricsSystemImpl (MetricsSystemImpl.java:register(276)) - Sink prometheus already exists!
2020-10-27 07:56:18,196 [Listener at 127.0.0.1/35583] INFO  http.BaseHttpServer (BaseHttpServer.java:updateConnectorAddress(327)) - HTTP server of hddsDatanode listening at http://0.0.0.0:34109
2020-10-27 07:56:18,197 [Listener at 127.0.0.1/35583] INFO  ozone.MiniOzoneClusterImpl (MiniOzoneClusterImpl.java:lambda$waitForClusterToBeReady$0(177)) - Waiting for nodes to be ready. Got 0 of 9 DN Heartbeats.
2020-10-27 07:56:18,197 [Listener at 127.0.0.1/35583] INFO  ozone.MiniOzoneClusterImpl (MiniOzoneClusterImpl.java:lambda$waitForClusterToBeReady$0(180)) - Waiting for cluster to exit safe mode
2020-10-27 07:56:18,198 [org.apache.hadoop.util.JvmPauseMonitor$Monitor@279ccf0] INFO  util.JvmPauseMonitor (JvmPauseMonitor.java:run(188)) - Starting JVM pause monitor
2020-10-27 07:56:18,199 [Datanode State Machine Task Thread - 0] INFO  datanode.InitDatanodeState (InitDatanodeState.java:persistContainerDatanodeDetails(145)) - DatanodeDetails is persisted to /github/workspace/mnt/ozone/hadoop-ozone/integration-test/target/test-dir/MiniOzoneClusterImpl-b0e8067d-8c2e-4ee5-9f61-8ad8788f9080/datanode-8/meta/datanode.id
2020-10-27 07:56:18,548 [Datanode State Machine Task Thread - 1] INFO  ozoneimpl.OzoneContainer (OzoneContainer.java:start(245)) - Attempting to start container services.
2020-10-27 07:56:18,548 [Datanode State Machine Task Thread - 1] INFO  ozoneimpl.OzoneContainer (OzoneContainer.java:startContainerScrub(209)) - Background container scanner has been disabled.
2020-10-27 07:56:18,548 [Datanode State Machine Task Thread - 1] INFO  ratis.XceiverServerRatis (XceiverServerRatis.java:start(452)) - Starting XceiverServerRatis 051b2d74-f79c-4890-925b-2bf8237baebb at port 0
2020-10-27 07:56:18,549 [Datanode State Machine Task Thread - 1] INFO  impl.RaftServerProxy (RaftServerProxy.java:lambda$start$3(307)) - 051b2d74-f79c-4890-925b-2bf8237baebb: start RPC server
2020-10-27 07:56:18,550 [Datanode State Machine Task Thread - 1] INFO  server.GrpcService (GrpcService.java:startImpl(177)) - 051b2d74-f79c-4890-925b-2bf8237baebb: GrpcService started, listening on 0.0.0.0/0.0.0.0:35993
2020-10-27 07:56:18,551 [Datanode State Machine Task Thread - 1] INFO  ratis.XceiverServerRatis (XceiverServerRatis.java:start(464)) - XceiverServerRatis 051b2d74-f79c-4890-925b-2bf8237baebb is started using port 35993
2020-10-27 07:56:18,553 [Datanode State Machine Task Thread - 1] INFO  server.XceiverServerGrpc (XceiverServerGrpc.java:start(145)) - XceiverServerGrpc 051b2d74-f79c-4890-925b-2bf8237baebb is started using port 41883
2020-10-27 07:56:18,722 [Datanode State Machine Task Thread - 1] INFO  ozoneimpl.OzoneContainer (OzoneContainer.java:start(245)) - Attempting to start container services.
2020-10-27 07:56:18,722 [Datanode State Machine Task Thread - 1] INFO  ozoneimpl.OzoneContainer (OzoneContainer.java:startContainerScrub(209)) - Background container scanner has been disabled.
2020-10-27 07:56:18,722 [Datanode State Machine Task Thread - 1] INFO  ratis.XceiverServerRatis (XceiverServerRatis.java:start(452)) - Starting XceiverServerRatis 5a42b6c6-dd9e-4bd1-bc6a-89f7d8f7d666 at port 0
2020-10-27 07:56:18,723 [Datanode State Machine Task Thread - 1] INFO  impl.RaftServerProxy (RaftServerProxy.java:lambda$start$3(307)) - 5a42b6c6-dd9e-4bd1-bc6a-89f7d8f7d666: start RPC server
2020-10-27 07:56:18,724 [Datanode State Machine Task Thread - 1] INFO  server.GrpcService (GrpcService.java:startImpl(177)) - 5a42b6c6-dd9e-4bd1-bc6a-89f7d8f7d666: GrpcService started, listening on 0.0.0.0/0.0.0.0:42521
2020-10-27 07:56:18,724 [Datanode State Machine Task Thread - 1] INFO  ratis.XceiverServerRatis (XceiverServerRatis.java:start(464)) - XceiverServerRatis 5a42b6c6-dd9e-4bd1-bc6a-89f7d8f7d666 is started using port 42521
2020-10-27 07:56:18,724 [Datanode State Machine Task Thread - 1] INFO  server.XceiverServerGrpc (XceiverServerGrpc.java:start(145)) - XceiverServerGrpc 5a42b6c6-dd9e-4bd1-bc6a-89f7d8f7d666 is started using port 33751
2020-10-27 07:56:18,894 [Datanode State Machine Task Thread - 1] INFO  ozoneimpl.OzoneContainer (OzoneContainer.java:start(245)) - Attempting to start container services.
2020-10-27 07:56:18,895 [Datanode State Machine Task Thread - 1] INFO  ozoneimpl.OzoneContainer (OzoneContainer.java:startContainerScrub(209)) - Background container scanner has been disabled.
2020-10-27 07:56:18,895 [Datanode State Machine Task Thread - 1] INFO  ratis.XceiverServerRatis (XceiverServerRatis.java:start(452)) - Starting XceiverServerRatis 50760c4e-b8f4-4c7a-910b-93b335267e74 at port 0
2020-10-27 07:56:18,896 [Datanode State Machine Task Thread - 1] INFO  impl.RaftServerProxy (RaftServerProxy.java:lambda$start$3(307)) - 50760c4e-b8f4-4c7a-910b-93b335267e74: start RPC server
2020-10-27 07:56:18,897 [Datanode State Machine Task Thread - 1] INFO  server.GrpcService (GrpcService.java:startImpl(177)) - 50760c4e-b8f4-4c7a-910b-93b335267e74: GrpcService started, listening on 0.0.0.0/0.0.0.0:37177
2020-10-27 07:56:18,897 [Datanode State Machine Task Thread - 1] INFO  ratis.XceiverServerRatis (XceiverServerRatis.java:start(464)) - XceiverServerRatis 50760c4e-b8f4-4c7a-910b-93b335267e74 is started using port 37177
2020-10-27 07:56:18,897 [Datanode State Machine Task Thread - 1] INFO  server.XceiverServerGrpc (XceiverServerGrpc.java:start(145)) - XceiverServerGrpc 50760c4e-b8f4-4c7a-910b-93b335267e74 is started using port 36067
2020-10-27 07:56:19,197 [Listener at 127.0.0.1/35583] INFO  ozone.MiniOzoneClusterImpl (MiniOzoneClusterImpl.java:lambda$waitForClusterToBeReady$0(177)) - Waiting for nodes to be ready. Got 0 of 9 DN Heartbeats.
2020-10-27 07:56:19,198 [Listener at 127.0.0.1/35583] INFO  ozone.MiniOzoneClusterImpl (MiniOzoneClusterImpl.java:lambda$waitForClusterToBeReady$0(180)) - Waiting for cluster to exit safe mode
2020-10-27 07:56:19,198 [Datanode State Machine Task Thread - 1] INFO  ozoneimpl.OzoneContainer (OzoneContainer.java:start(245)) - Attempting to start container services.
2020-10-27 07:56:19,198 [Datanode State Machine Task Thread - 1] INFO  ozoneimpl.OzoneContainer (OzoneContainer.java:startContainerScrub(209)) - Background container scanner has been disabled.
2020-10-27 07:56:19,198 [Datanode State Machine Task Thread - 1] INFO  ratis.XceiverServerRatis (XceiverServerRatis.java:start(452)) - Starting XceiverServerRatis b77cbe1e-ed1a-4737-93b5-f86fbb6cb132 at port 0
2020-10-27 07:56:19,199 [Datanode State Machine Task Thread - 1] INFO  impl.RaftServerProxy (RaftServerProxy.java:lambda$start$3(307)) - b77cbe1e-ed1a-4737-93b5-f86fbb6cb132: start RPC server
2020-10-27 07:56:19,200 [Datanode State Machine Task Thread - 1] INFO  server.GrpcService (GrpcService.java:startImpl(177)) - b77cbe1e-ed1a-4737-93b5-f86fbb6cb132: GrpcService started, listening on 0.0.0.0/0.0.0.0:38841
2020-10-27 07:56:19,200 [Datanode State Machine Task Thread - 1] INFO  ratis.XceiverServerRatis (XceiverServerRatis.java:start(464)) - XceiverServerRatis b77cbe1e-ed1a-4737-93b5-f86fbb6cb132 is started using port 38841
2020-10-27 07:56:19,201 [Datanode State Machine Task Thread - 1] INFO  server.XceiverServerGrpc (XceiverServerGrpc.java:start(145)) - XceiverServerGrpc b77cbe1e-ed1a-4737-93b5-f86fbb6cb132 is started using port 37581
2020-10-27 07:56:19,378 [Datanode State Machine Task Thread - 1] INFO  ozoneimpl.OzoneContainer (OzoneContainer.java:start(245)) - Attempting to start container services.
2020-10-27 07:56:19,378 [Datanode State Machine Task Thread - 1] INFO  ozoneimpl.OzoneContainer (OzoneContainer.java:startContainerScrub(209)) - Background container scanner has been disabled.
2020-10-27 07:56:19,378 [Datanode State Machine Task Thread - 1] INFO  ratis.XceiverServerRatis (XceiverServerRatis.java:start(452)) - Starting XceiverServerRatis 792e461b-f046-4951-90b3-af633f6cddcd at port 0
2020-10-27 07:56:19,379 [Datanode State Machine Task Thread - 1] INFO  impl.RaftServerProxy (RaftServerProxy.java:lambda$start$3(307)) - 792e461b-f046-4951-90b3-af633f6cddcd: start RPC server
2020-10-27 07:56:19,382 [Datanode State Machine Task Thread - 1] INFO  server.GrpcService (GrpcService.java:startImpl(177)) - 792e461b-f046-4951-90b3-af633f6cddcd: GrpcService started, listening on 0.0.0.0/0.0.0.0:37511
2020-10-27 07:56:19,382 [Datanode State Machine Task Thread - 1] INFO  ratis.XceiverServerRatis (XceiverServerRatis.java:start(464)) - XceiverServerRatis 792e461b-f046-4951-90b3-af633f6cddcd is started using port 37511
2020-10-27 07:56:19,384 [Datanode State Machine Task Thread - 1] INFO  server.XceiverServerGrpc (XceiverServerGrpc.java:start(145)) - XceiverServerGrpc 792e461b-f046-4951-90b3-af633f6cddcd is started using port 38847
2020-10-27 07:56:19,557 [Datanode State Machine Task Thread - 1] INFO  ozoneimpl.OzoneContainer (OzoneContainer.java:start(245)) - Attempting to start container services.
2020-10-27 07:56:19,557 [Datanode State Machine Task Thread - 1] INFO  ozoneimpl.OzoneContainer (OzoneContainer.java:startContainerScrub(209)) - Background container scanner has been disabled.
2020-10-27 07:56:19,557 [Datanode State Machine Task Thread - 1] INFO  ratis.XceiverServerRatis (XceiverServerRatis.java:start(452)) - Starting XceiverServerRatis 52e82a1b-eb35-4884-8f1f-44848255b0d1 at port 0
2020-10-27 07:56:19,558 [Datanode State Machine Task Thread - 1] INFO  impl.RaftServerProxy (RaftServerProxy.java:lambda$start$3(307)) - 52e82a1b-eb35-4884-8f1f-44848255b0d1: start RPC server
2020-10-27 07:56:19,559 [Datanode State Machine Task Thread - 1] INFO  server.GrpcService (GrpcService.java:startImpl(177)) - 52e82a1b-eb35-4884-8f1f-44848255b0d1: GrpcService started, listening on 0.0.0.0/0.0.0.0:42111
2020-10-27 07:56:19,559 [Datanode State Machine Task Thread - 1] INFO  ratis.XceiverServerRatis (XceiverServerRatis.java:start(464)) - XceiverServerRatis 52e82a1b-eb35-4884-8f1f-44848255b0d1 is started using port 42111
2020-10-27 07:56:19,559 [Datanode State Machine Task Thread - 1] INFO  server.XceiverServerGrpc (XceiverServerGrpc.java:start(145)) - XceiverServerGrpc 52e82a1b-eb35-4884-8f1f-44848255b0d1 is started using port 40845
2020-10-27 07:56:19,732 [Datanode State Machine Task Thread - 1] INFO  ozoneimpl.OzoneContainer (OzoneContainer.java:start(245)) - Attempting to start container services.
2020-10-27 07:56:19,733 [Datanode State Machine Task Thread - 1] INFO  ozoneimpl.OzoneContainer (OzoneContainer.java:startContainerScrub(209)) - Background container scanner has been disabled.
2020-10-27 07:56:19,733 [Datanode State Machine Task Thread - 1] INFO  ratis.XceiverServerRatis (XceiverServerRatis.java:start(452)) - Starting XceiverServerRatis 6b039a25-7392-4901-8f83-2a13f99b0a3b at port 0
2020-10-27 07:56:19,737 [Datanode State Machine Task Thread - 1] INFO  impl.RaftServerProxy (RaftServerProxy.java:lambda$start$3(307)) - 6b039a25-7392-4901-8f83-2a13f99b0a3b: start RPC server
2020-10-27 07:56:19,738 [Datanode State Machine Task Thread - 1] INFO  server.GrpcService (GrpcService.java:startImpl(177)) - 6b039a25-7392-4901-8f83-2a13f99b0a3b: GrpcService started, listening on 0.0.0.0/0.0.0.0:36279
2020-10-27 07:56:19,738 [Datanode State Machine Task Thread - 1] INFO  ratis.XceiverServerRatis (XceiverServerRatis.java:start(464)) - XceiverServerRatis 6b039a25-7392-4901-8f83-2a13f99b0a3b is started using port 36279
2020-10-27 07:56:19,738 [Datanode State Machine Task Thread - 1] INFO  server.XceiverServerGrpc (XceiverServerGrpc.java:start(145)) - XceiverServerGrpc 6b039a25-7392-4901-8f83-2a13f99b0a3b is started using port 37741
2020-10-27 07:56:19,906 [Datanode State Machine Task Thread - 1] INFO  ozoneimpl.OzoneContainer (OzoneContainer.java:start(245)) - Attempting to start container services.
2020-10-27 07:56:19,907 [Datanode State Machine Task Thread - 1] INFO  ozoneimpl.OzoneContainer (OzoneContainer.java:startContainerScrub(209)) - Background container scanner has been disabled.
2020-10-27 07:56:19,907 [Datanode State Machine Task Thread - 1] INFO  ratis.XceiverServerRatis (XceiverServerRatis.java:start(452)) - Starting XceiverServerRatis 0d858bf4-c4ae-4e92-b712-358cf0e50fa6 at port 0
2020-10-27 07:56:19,910 [Datanode State Machine Task Thread - 1] INFO  impl.RaftServerProxy (RaftServerProxy.java:lambda$start$3(307)) - 0d858bf4-c4ae-4e92-b712-358cf0e50fa6: start RPC server
2020-10-27 07:56:19,911 [Datanode State Machine Task Thread - 1] INFO  server.GrpcService (GrpcService.java:startImpl(177)) - 0d858bf4-c4ae-4e92-b712-358cf0e50fa6: GrpcService started, listening on 0.0.0.0/0.0.0.0:41119
2020-10-27 07:56:19,911 [Datanode State Machine Task Thread - 1] INFO  ratis.XceiverServerRatis (XceiverServerRatis.java:start(464)) - XceiverServerRatis 0d858bf4-c4ae-4e92-b712-358cf0e50fa6 is started using port 41119
2020-10-27 07:56:19,912 [Datanode State Machine Task Thread - 1] INFO  server.XceiverServerGrpc (XceiverServerGrpc.java:start(145)) - XceiverServerGrpc 0d858bf4-c4ae-4e92-b712-358cf0e50fa6 is started using port 39685
2020-10-27 07:56:20,198 [Listener at 127.0.0.1/35583] INFO  ozone.MiniOzoneClusterImpl (MiniOzoneClusterImpl.java:lambda$waitForClusterToBeReady$0(177)) - Waiting for nodes to be ready. Got 0 of 9 DN Heartbeats.
2020-10-27 07:56:20,198 [Listener at 127.0.0.1/35583] INFO  ozone.MiniOzoneClusterImpl (MiniOzoneClusterImpl.java:lambda$waitForClusterToBeReady$0(180)) - Waiting for cluster to exit safe mode
2020-10-27 07:56:20,201 [Datanode State Machine Task Thread - 1] INFO  ozoneimpl.OzoneContainer (OzoneContainer.java:start(245)) - Attempting to start container services.
2020-10-27 07:56:20,201 [Datanode State Machine Task Thread - 1] INFO  ozoneimpl.OzoneContainer (OzoneContainer.java:startContainerScrub(209)) - Background container scanner has been disabled.
2020-10-27 07:56:20,202 [Datanode State Machine Task Thread - 1] INFO  ratis.XceiverServerRatis (XceiverServerRatis.java:start(452)) - Starting XceiverServerRatis 66fe8200-7270-4b9e-bb73-e3e8d2e4209c at port 0
2020-10-27 07:56:20,203 [Datanode State Machine Task Thread - 1] INFO  impl.RaftServerProxy (RaftServerProxy.java:lambda$start$3(307)) - 66fe8200-7270-4b9e-bb73-e3e8d2e4209c: start RPC server
2020-10-27 07:56:20,204 [Datanode State Machine Task Thread - 1] INFO  server.GrpcService (GrpcService.java:startImpl(177)) - 66fe8200-7270-4b9e-bb73-e3e8d2e4209c: GrpcService started, listening on 0.0.0.0/0.0.0.0:36451
2020-10-27 07:56:20,204 [Datanode State Machine Task Thread - 1] INFO  ratis.XceiverServerRatis (XceiverServerRatis.java:start(464)) - XceiverServerRatis 66fe8200-7270-4b9e-bb73-e3e8d2e4209c is started using port 36451
2020-10-27 07:56:20,204 [Datanode State Machine Task Thread - 1] INFO  server.XceiverServerGrpc (XceiverServerGrpc.java:start(145)) - XceiverServerGrpc 66fe8200-7270-4b9e-bb73-e3e8d2e4209c is started using port 40917
2020-10-27 07:56:20,544 [IPC Server handler 4 on default port 36179] INFO  net.NetworkTopologyImpl (NetworkTopologyImpl.java:add(111)) - Added a new node: /default-rack/051b2d74-f79c-4890-925b-2bf8237baebb
2020-10-27 07:56:20,546 [IPC Server handler 4 on default port 36179] INFO  node.SCMNodeManager (SCMNodeManager.java:register(282)) - Registered Data node : 051b2d74-f79c-4890-925b-2bf8237baebb{ip: 172.17.0.2, host: 347446dca554, networkLocation: /default-rack, certSerialId: null}
2020-10-27 07:56:20,547 [RatisPipelineUtilsThread] INFO  pipeline.RatisPipelineProvider (RatisPipelineProvider.java:lambda$create$0(161)) - Sending CreatePipelineCommand for pipeline:PipelineID=ea6410d2-8d44-496d-a6e0-2e38c93f6f1b to datanode:051b2d74-f79c-4890-925b-2bf8237baebb
2020-10-27 07:56:20,548 [RatisPipelineUtilsThread] INFO  pipeline.PipelineStateManager (PipelineStateManager.java:addPipeline(54)) - Created pipeline Pipeline[ Id: ea6410d2-8d44-496d-a6e0-2e38c93f6f1b, Nodes: 051b2d74-f79c-4890-925b-2bf8237baebb{ip: 172.17.0.2, host: 347446dca554, networkLocation: /default-rack, certSerialId: null}, Type:RATIS, Factor:ONE, State:ALLOCATED, leaderId:, CreationTimestamp2020-10-27T07:56:20.547Z]
2020-10-27 07:56:20,548 [EventQueue-NodeRegistrationContainerReportForDataNodeSafeModeRule] INFO  safemode.SCMSafeModeManager (DataNodeSafeModeRule.java:process(71)) - SCM in safe mode. 1 DataNodes registered, 1 required.
2020-10-27 07:56:20,548 [EventQueue-NodeRegistrationContainerReportForDataNodeSafeModeRule] INFO  safemode.SCMSafeModeManager (SCMSafeModeManager.java:validateSafeModeExitRules(214)) - DataNodeSafeModeRule rule is successfully validated
2020-10-27 07:56:20,548 [EventQueue-NodeRegistrationContainerReportForDataNodeSafeModeRule] INFO  safemode.SCMSafeModeManager (SCMSafeModeManager.java:completePreCheck(242)) - All SCM safe mode pre check rules have passed
2020-10-27 07:56:20,549 [RatisPipelineUtilsThread] WARN  pipeline.PipelinePlacementPolicy (PipelinePlacementPolicy.java:filterViableNodes(138)) - Pipeline creation failed due to no sufficient healthy datanodes. Required 3. Found 1.
2020-10-27 07:56:20,550 [EventQueue-NodeRegistrationContainerReportForContainerSafeModeRule] INFO  safemode.SCMSafeModeManager (SCMSafeModeManager.java:validateSafeModeExitRules(214)) - ContainerSafeModeRule rule is successfully validated
2020-10-27 07:56:20,721 [IPC Server handler 3 on default port 36179] INFO  net.NetworkTopologyImpl (NetworkTopologyImpl.java:add(111)) - Added a new node: /default-rack/5a42b6c6-dd9e-4bd1-bc6a-89f7d8f7d666
2020-10-27 07:56:20,721 [IPC Server handler 3 on default port 36179] INFO  node.SCMNodeManager (SCMNodeManager.java:register(282)) - Registered Data node : 5a42b6c6-dd9e-4bd1-bc6a-89f7d8f7d666{ip: 172.17.0.2, host: 347446dca554, networkLocation: /default-rack, certSerialId: null}
2020-10-27 07:56:20,721 [EventQueue-NodeRegistrationContainerReportForDataNodeSafeModeRule] INFO  safemode.SCMSafeModeManager (SCMSafeModeManager.java:validateSafeModeExitRules(214)) - DataNodeSafeModeRule rule is successfully validated
2020-10-27 07:56:20,721 [EventQueue-NodeRegistrationContainerReportForContainerSafeModeRule] INFO  safemode.SCMSafeModeManager (SCMSafeModeManager.java:validateSafeModeExitRules(214)) - ContainerSafeModeRule rule is successfully validated
2020-10-27 07:56:20,722 [RatisPipelineUtilsThread] INFO  pipeline.RatisPipelineProvider (RatisPipelineProvider.java:lambda$create$0(161)) - Sending CreatePipelineCommand for pipeline:PipelineID=cac3be28-4f91-4a47-8927-b0c851e909bf to datanode:5a42b6c6-dd9e-4bd1-bc6a-89f7d8f7d666
2020-10-27 07:56:20,722 [RatisPipelineUtilsThread] INFO  pipeline.PipelineStateManager (PipelineStateManager.java:addPipeline(54)) - Created pipeline Pipeline[ Id: cac3be28-4f91-4a47-8927-b0c851e909bf, Nodes: 5a42b6c6-dd9e-4bd1-bc6a-89f7d8f7d666{ip: 172.17.0.2, host: 347446dca554, networkLocation: /default-rack, certSerialId: null}, Type:RATIS, Factor:ONE, State:ALLOCATED, leaderId:, CreationTimestamp2020-10-27T07:56:20.722Z]
2020-10-27 07:56:20,722 [RatisPipelineUtilsThread] WARN  pipeline.PipelinePlacementPolicy (PipelinePlacementPolicy.java:filterViableNodes(138)) - Pipeline creation failed due to no sufficient healthy datanodes. Required 3. Found 2.
2020-10-27 07:56:20,895 [IPC Server handler 5 on default port 36179] INFO  net.NetworkTopologyImpl (NetworkTopologyImpl.java:add(111)) - Added a new node: /default-rack/50760c4e-b8f4-4c7a-910b-93b335267e74
2020-10-27 07:56:20,895 [IPC Server handler 5 on default port 36179] INFO  node.SCMNodeManager (SCMNodeManager.java:register(282)) - Registered Data node : 50760c4e-b8f4-4c7a-910b-93b335267e74{ip: 172.17.0.2, host: 347446dca554, networkLocation: /default-rack, certSerialId: null}
2020-10-27 07:56:20,895 [RatisPipelineUtilsThread] INFO  pipeline.RatisPipelineProvider (RatisPipelineProvider.java:lambda$create$0(161)) - Sending CreatePipelineCommand for pipeline:PipelineID=b6d517f0-9649-43d8-b207-918cf2214a87 to datanode:50760c4e-b8f4-4c7a-910b-93b335267e74
2020-10-27 07:56:20,896 [EventQueue-NodeRegistrationContainerReportForContainerSafeModeRule] INFO  safemode.SCMSafeModeManager (SCMSafeModeManager.java:validateSafeModeExitRules(214)) - ContainerSafeModeRule rule is successfully validated
2020-10-27 07:56:20,896 [EventQueue-NodeRegistrationContainerReportForDataNodeSafeModeRule] INFO  safemode.SCMSafeModeManager (SCMSafeModeManager.java:validateSafeModeExitRules(214)) - DataNodeSafeModeRule rule is successfully validated
2020-10-27 07:56:20,896 [RatisPipelineUtilsThread] INFO  pipeline.PipelineStateManager (PipelineStateManager.java:addPipeline(54)) - Created pipeline Pipeline[ Id: b6d517f0-9649-43d8-b207-918cf2214a87, Nodes: 50760c4e-b8f4-4c7a-910b-93b335267e74{ip: 172.17.0.2, host: 347446dca554, networkLocation: /default-rack, certSerialId: null}, Type:RATIS, Factor:ONE, State:ALLOCATED, leaderId:, CreationTimestamp2020-10-27T07:56:20.895Z]
2020-10-27 07:56:20,896 [RatisPipelineUtilsThread] INFO  pipeline.RatisPipelineProvider (RatisPipelineProvider.java:lambda$create$0(161)) - Sending CreatePipelineCommand for pipeline:PipelineID=a99e8c6f-1c5f-4bac-9f40-e13e969e17fd to datanode:051b2d74-f79c-4890-925b-2bf8237baebb
2020-10-27 07:56:20,896 [RatisPipelineUtilsThread] INFO  pipeline.RatisPipelineProvider (RatisPipelineProvider.java:lambda$create$0(161)) - Sending CreatePipelineCommand for pipeline:PipelineID=a99e8c6f-1c5f-4bac-9f40-e13e969e17fd to datanode:5a42b6c6-dd9e-4bd1-bc6a-89f7d8f7d666
2020-10-27 07:56:20,897 [RatisPipelineUtilsThread] INFO  pipeline.RatisPipelineProvider (RatisPipelineProvider.java:lambda$create$0(161)) - Sending CreatePipelineCommand for pipeline:PipelineID=a99e8c6f-1c5f-4bac-9f40-e13e969e17fd to datanode:50760c4e-b8f4-4c7a-910b-93b335267e74
2020-10-27 07:56:20,898 [RatisPipelineUtilsThread] INFO  pipeline.PipelineStateManager (PipelineStateManager.java:addPipeline(54)) - Created pipeline Pipeline[ Id: a99e8c6f-1c5f-4bac-9f40-e13e969e17fd, Nodes: 051b2d74-f79c-4890-925b-2bf8237baebb{ip: 172.17.0.2, host: 347446dca554, networkLocation: /default-rack, certSerialId: null}5a42b6c6-dd9e-4bd1-bc6a-89f7d8f7d666{ip: 172.17.0.2, host: 347446dca554, networkLocation: /default-rack, certSerialId: null}50760c4e-b8f4-4c7a-910b-93b335267e74{ip: 172.17.0.2, host: 347446dca554, networkLocation: /default-rack, certSerialId: null}, Type:RATIS, Factor:THREE, State:ALLOCATED, leaderId:, CreationTimestamp2020-10-27T07:56:20.896Z]
2020-10-27 07:56:21,198 [IPC Server handler 2 on default port 36179] INFO  net.NetworkTopologyImpl (NetworkTopologyImpl.java:add(111)) - Added a new node: /default-rack/b77cbe1e-ed1a-4737-93b5-f86fbb6cb132
2020-10-27 07:56:21,198 [IPC Server handler 2 on default port 36179] INFO  node.SCMNodeManager (SCMNodeManager.java:register(282)) - Registered Data node : b77cbe1e-ed1a-4737-93b5-f86fbb6cb132{ip: 172.17.0.2, host: 347446dca554, networkLocation: /default-rack, certSerialId: null}
2020-10-27 07:56:21,198 [EventQueue-NodeRegistrationContainerReportForContainerSafeModeRule] INFO  safemode.SCMSafeModeManager (SCMSafeModeManager.java:validateSafeModeExitRules(214)) - ContainerSafeModeRule rule is successfully validated
2020-10-27 07:56:21,198 [Listener at 127.0.0.1/35583] INFO  ozone.MiniOzoneClusterImpl (MiniOzoneClusterImpl.java:lambda$waitForClusterToBeReady$0(177)) - Waiting for nodes to be ready. Got 4 of 9 DN Heartbeats.
2020-10-27 07:56:21,199 [Listener at 127.0.0.1/35583] INFO  ozone.MiniOzoneClusterImpl (MiniOzoneClusterImpl.java:lambda$waitForClusterToBeReady$0(180)) - Waiting for cluster to exit safe mode
2020-10-27 07:56:21,199 [EventQueue-NodeRegistrationContainerReportForDataNodeSafeModeRule] INFO  safemode.SCMSafeModeManager (SCMSafeModeManager.java:validateSafeModeExitRules(214)) - DataNodeSafeModeRule rule is successfully validated
2020-10-27 07:56:21,201 [RatisPipelineUtilsThread] INFO  pipeline.RatisPipelineProvider (RatisPipelineProvider.java:lambda$create$0(161)) - Sending CreatePipelineCommand for pipeline:PipelineID=d490d42b-bb64-4062-ba62-7e4fbfc52e3b to datanode:b77cbe1e-ed1a-4737-93b5-f86fbb6cb132
2020-10-27 07:56:21,201 [RatisPipelineUtilsThread] INFO  pipeline.PipelineStateManager (PipelineStateManager.java:addPipeline(54)) - Created pipeline Pipeline[ Id: d490d42b-bb64-4062-ba62-7e4fbfc52e3b, Nodes: b77cbe1e-ed1a-4737-93b5-f86fbb6cb132{ip: 172.17.0.2, host: 347446dca554, networkLocation: /default-rack, certSerialId: null}, Type:RATIS, Factor:ONE, State:ALLOCATED, leaderId:, CreationTimestamp2020-10-27T07:56:21.201Z]
2020-10-27 07:56:21,378 [IPC Server handler 4 on default port 36179] INFO  net.NetworkTopologyImpl (NetworkTopologyImpl.java:add(111)) - Added a new node: /default-rack/792e461b-f046-4951-90b3-af633f6cddcd
2020-10-27 07:56:21,378 [IPC Server handler 4 on default port 36179] INFO  node.SCMNodeManager (SCMNodeManager.java:register(282)) - Registered Data node : 792e461b-f046-4951-90b3-af633f6cddcd{ip: 172.17.0.2, host: 347446dca554, networkLocation: /default-rack, certSerialId: null}
2020-10-27 07:56:21,378 [EventQueue-NodeRegistrationContainerReportForContainerSafeModeRule] INFO  safemode.SCMSafeModeManager (SCMSafeModeManager.java:validateSafeModeExitRules(214)) - ContainerSafeModeRule rule is successfully validated
2020-10-27 07:56:21,378 [EventQueue-NodeRegistrationContainerReportForDataNodeSafeModeRule] INFO  safemode.SCMSafeModeManager (SCMSafeModeManager.java:validateSafeModeExitRules(214)) - DataNodeSafeModeRule rule is successfully validated
2020-10-27 07:56:21,379 [RatisPipelineUtilsThread] INFO  pipeline.RatisPipelineProvider (RatisPipelineProvider.java:lambda$create$0(161)) - Sending CreatePipelineCommand for pipeline:PipelineID=b58a4b01-04f2-496b-90bc-d2525fc5ddfb to datanode:792e461b-f046-4951-90b3-af633f6cddcd
2020-10-27 07:56:21,379 [RatisPipelineUtilsThread] INFO  pipeline.PipelineStateManager (PipelineStateManager.java:addPipeline(54)) - Created pipeline Pipeline[ Id: b58a4b01-04f2-496b-90bc-d2525fc5ddfb, Nodes: 792e461b-f046-4951-90b3-af633f6cddcd{ip: 172.17.0.2, host: 347446dca554, networkLocation: /default-rack, certSerialId: null}, Type:RATIS, Factor:ONE, State:ALLOCATED, leaderId:, CreationTimestamp2020-10-27T07:56:21.379Z]
2020-10-27 07:56:21,557 [IPC Server handler 3 on default port 36179] INFO  net.NetworkTopologyImpl (NetworkTopologyImpl.java:add(111)) - Added a new node: /default-rack/52e82a1b-eb35-4884-8f1f-44848255b0d1
2020-10-27 07:56:21,557 [IPC Server handler 3 on default port 36179] INFO  node.SCMNodeManager (SCMNodeManager.java:register(282)) - Registered Data node : 52e82a1b-eb35-4884-8f1f-44848255b0d1{ip: 172.17.0.2, host: 347446dca554, networkLocation: /default-rack, certSerialId: null}
2020-10-27 07:56:21,558 [RatisPipelineUtilsThread] INFO  pipeline.RatisPipelineProvider (RatisPipelineProvider.java:lambda$create$0(161)) - Sending CreatePipelineCommand for pipeline:PipelineID=9077d6c2-fab9-40e9-b263-ff8d7b1b312d to datanode:52e82a1b-eb35-4884-8f1f-44848255b0d1
2020-10-27 07:56:21,558 [EventQueue-NodeRegistrationContainerReportForContainerSafeModeRule] INFO  safemode.SCMSafeModeManager (SCMSafeModeManager.java:validateSafeModeExitRules(214)) - ContainerSafeModeRule rule is successfully validated
2020-10-27 07:56:21,558 [EventQueue-NodeRegistrationContainerReportForDataNodeSafeModeRule] INFO  safemode.SCMSafeModeManager (SCMSafeModeManager.java:validateSafeModeExitRules(214)) - DataNodeSafeModeRule rule is successfully validated
2020-10-27 07:56:21,559 [RatisPipelineUtilsThread] INFO  pipeline.PipelineStateManager (PipelineStateManager.java:addPipeline(54)) - Created pipeline Pipeline[ Id: 9077d6c2-fab9-40e9-b263-ff8d7b1b312d, Nodes: 52e82a1b-eb35-4884-8f1f-44848255b0d1{ip: 172.17.0.2, host: 347446dca554, networkLocation: /default-rack, certSerialId: null}, Type:RATIS, Factor:ONE, State:ALLOCATED, leaderId:, CreationTimestamp2020-10-27T07:56:21.558Z]
2020-10-27 07:56:21,559 [RatisPipelineUtilsThread] INFO  pipeline.RatisPipelineProvider (RatisPipelineProvider.java:lambda$create$0(161)) - Sending CreatePipelineCommand for pipeline:PipelineID=2f0c025d-201b-4ab0-a78f-cf6c9f099c50 to datanode:792e461b-f046-4951-90b3-af633f6cddcd
2020-10-27 07:56:21,559 [RatisPipelineUtilsThread] INFO  pipeline.RatisPipelineProvider (RatisPipelineProvider.java:lambda$create$0(161)) - Sending CreatePipelineCommand for pipeline:PipelineID=2f0c025d-201b-4ab0-a78f-cf6c9f099c50 to datanode:b77cbe1e-ed1a-4737-93b5-f86fbb6cb132
2020-10-27 07:56:21,559 [RatisPipelineUtilsThread] INFO  pipeline.RatisPipelineProvider (RatisPipelineProvider.java:lambda$create$0(161)) - Sending CreatePipelineCommand for pipeline:PipelineID=2f0c025d-201b-4ab0-a78f-cf6c9f099c50 to datanode:52e82a1b-eb35-4884-8f1f-44848255b0d1
2020-10-27 07:56:21,560 [RatisPipelineUtilsThread] INFO  pipeline.PipelineStateManager (PipelineStateManager.java:addPipeline(54)) - Created pipeline Pipeline[ Id: 2f0c025d-201b-4ab0-a78f-cf6c9f099c50, Nodes: 792e461b-f046-4951-90b3-af633f6cddcd{ip: 172.17.0.2, host: 347446dca554, networkLocation: /default-rack, certSerialId: null}b77cbe1e-ed1a-4737-93b5-f86fbb6cb132{ip: 172.17.0.2, host: 347446dca554, networkLocation: /default-rack, certSerialId: null}52e82a1b-eb35-4884-8f1f-44848255b0d1{ip: 172.17.0.2, host: 347446dca554, networkLocation: /default-rack, certSerialId: null}, Type:RATIS, Factor:THREE, State:ALLOCATED, leaderId:, CreationTimestamp2020-10-27T07:56:21.559Z]
2020-10-27 07:56:21,731 [IPC Server handler 5 on default port 36179] INFO  net.NetworkTopologyImpl (NetworkTopologyImpl.java:add(111)) - Added a new node: /default-rack/6b039a25-7392-4901-8f83-2a13f99b0a3b
2020-10-27 07:56:21,731 [IPC Server handler 5 on default port 36179] INFO  node.SCMNodeManager (SCMNodeManager.java:register(282)) - Registered Data node : 6b039a25-7392-4901-8f83-2a13f99b0a3b{ip: 172.17.0.2, host: 347446dca554, networkLocation: /default-rack, certSerialId: null}
2020-10-27 07:56:21,732 [EventQueue-NodeRegistrationContainerReportForDataNodeSafeModeRule] INFO  safemode.SCMSafeModeManager (SCMSafeModeManager.java:validateSafeModeExitRules(214)) - DataNodeSafeModeRule rule is successfully validated
2020-10-27 07:56:21,736 [EventQueue-NodeRegistrationContainerReportForContainerSafeModeRule] INFO  safemode.SCMSafeModeManager (SCMSafeModeManager.java:validateSafeModeExitRules(214)) - ContainerSafeModeRule rule is successfully validated
2020-10-27 07:56:21,732 [RatisPipelineUtilsThread] INFO  pipeline.RatisPipelineProvider (RatisPipelineProvider.java:lambda$create$0(161)) - Sending CreatePipelineCommand for pipeline:PipelineID=ba2d97c9-14dd-4833-97c5-da88d2737eb6 to datanode:6b039a25-7392-4901-8f83-2a13f99b0a3b
2020-10-27 07:56:21,738 [RatisPipelineUtilsThread] INFO  pipeline.PipelineStateManager (PipelineStateManager.java:addPipeline(54)) - Created pipeline Pipeline[ Id: ba2d97c9-14dd-4833-97c5-da88d2737eb6, Nodes: 6b039a25-7392-4901-8f83-2a13f99b0a3b{ip: 172.17.0.2, host: 347446dca554, networkLocation: /default-rack, certSerialId: null}, Type:RATIS, Factor:ONE, State:ALLOCATED, leaderId:, CreationTimestamp2020-10-27T07:56:21.732Z]
2020-10-27 07:56:21,906 [IPC Server handler 0 on default port 36179] INFO  net.NetworkTopologyImpl (NetworkTopologyImpl.java:add(111)) - Added a new node: /default-rack/0d858bf4-c4ae-4e92-b712-358cf0e50fa6
2020-10-27 07:56:21,906 [IPC Server handler 0 on default port 36179] INFO  node.SCMNodeManager (SCMNodeManager.java:register(282)) - Registered Data node : 0d858bf4-c4ae-4e92-b712-358cf0e50fa6{ip: 172.17.0.2, host: 347446dca554, networkLocation: /default-rack, certSerialId: null}
2020-10-27 07:56:21,907 [EventQueue-NodeRegistrationContainerReportForDataNodeSafeModeRule] INFO  safemode.SCMSafeModeManager (SCMSafeModeManager.java:validateSafeModeExitRules(214)) - DataNodeSafeModeRule rule is successfully validated
2020-10-27 07:56:21,907 [EventQueue-NodeRegistrationContainerReportForContainerSafeModeRule] INFO  safemode.SCMSafeModeManager (SCMSafeModeManager.java:validateSafeModeExitRules(214)) - ContainerSafeModeRule rule is successfully validated
2020-10-27 07:56:21,908 [RatisPipelineUtilsThread] INFO  pipeline.RatisPipelineProvider (RatisPipelineProvider.java:lambda$create$0(161)) - Sending CreatePipelineCommand for pipeline:PipelineID=982c7304-33a4-4331-a96a-e19e556bfa4a to datanode:0d858bf4-c4ae-4e92-b712-358cf0e50fa6
2020-10-27 07:56:21,908 [RatisPipelineUtilsThread] INFO  pipeline.PipelineStateManager (PipelineStateManager.java:addPipeline(54)) - Created pipeline Pipeline[ Id: 982c7304-33a4-4331-a96a-e19e556bfa4a, Nodes: 0d858bf4-c4ae-4e92-b712-358cf0e50fa6{ip: 172.17.0.2, host: 347446dca554, networkLocation: /default-rack, certSerialId: null}, Type:RATIS, Factor:ONE, State:ALLOCATED, leaderId:, CreationTimestamp2020-10-27T07:56:21.908Z]
2020-10-27 07:56:22,200 [Listener at 127.0.0.1/35583] INFO  ozone.MiniOzoneClusterImpl (MiniOzoneClusterImpl.java:lambda$waitForClusterToBeReady$0(177)) - Waiting for nodes to be ready. Got 8 of 9 DN Heartbeats.
2020-10-27 07:56:22,200 [Listener at 127.0.0.1/35583] INFO  ozone.MiniOzoneClusterImpl (MiniOzoneClusterImpl.java:lambda$waitForClusterToBeReady$0(180)) - Waiting for cluster to exit safe mode
2020-10-27 07:56:22,200 [IPC Server handler 4 on default port 36179] INFO  net.NetworkTopologyImpl (NetworkTopologyImpl.java:add(111)) - Added a new node: /default-rack/66fe8200-7270-4b9e-bb73-e3e8d2e4209c
2020-10-27 07:56:22,201 [IPC Server handler 4 on default port 36179] INFO  node.SCMNodeManager (SCMNodeManager.java:register(282)) - Registered Data node : 66fe8200-7270-4b9e-bb73-e3e8d2e4209c{ip: 172.17.0.2, host: 347446dca554, networkLocation: /default-rack, certSerialId: null}
2020-10-27 07:56:22,201 [EventQueue-NodeRegistrationContainerReportForContainerSafeModeRule] INFO  safemode.SCMSafeModeManager (SCMSafeModeManager.java:validateSafeModeExitRules(214)) - ContainerSafeModeRule rule is successfully validated
2020-10-27 07:56:22,201 [EventQueue-NodeRegistrationContainerReportForDataNodeSafeModeRule] INFO  safemode.SCMSafeModeManager (SCMSafeModeManager.java:validateSafeModeExitRules(214)) - DataNodeSafeModeRule rule is successfully validated
2020-10-27 07:56:22,202 [RatisPipelineUtilsThread] INFO  pipeline.RatisPipelineProvider (RatisPipelineProvider.java:lambda$create$0(161)) - Sending CreatePipelineCommand for pipeline:PipelineID=3a6cdbb6-c5ee-400b-a21a-772ca83f5fa0 to datanode:66fe8200-7270-4b9e-bb73-e3e8d2e4209c
2020-10-27 07:56:22,202 [RatisPipelineUtilsThread] INFO  pipeline.PipelineStateManager (PipelineStateManager.java:addPipeline(54)) - Created pipeline Pipeline[ Id: 3a6cdbb6-c5ee-400b-a21a-772ca83f5fa0, Nodes: 66fe8200-7270-4b9e-bb73-e3e8d2e4209c{ip: 172.17.0.2, host: 347446dca554, networkLocation: /default-rack, certSerialId: null}, Type:RATIS, Factor:ONE, State:ALLOCATED, leaderId:, CreationTimestamp2020-10-27T07:56:22.202Z]
2020-10-27 07:56:22,203 [RatisPipelineUtilsThread] INFO  pipeline.RatisPipelineProvider (RatisPipelineProvider.java:lambda$create$0(161)) - Sending CreatePipelineCommand for pipeline:PipelineID=f7fae826-9b33-4bf2-9b68-7de914507ae6 to datanode:0d858bf4-c4ae-4e92-b712-358cf0e50fa6
2020-10-27 07:56:22,203 [RatisPipelineUtilsThread] INFO  pipeline.RatisPipelineProvider (RatisPipelineProvider.java:lambda$create$0(161)) - Sending CreatePipelineCommand for pipeline:PipelineID=f7fae826-9b33-4bf2-9b68-7de914507ae6 to datanode:66fe8200-7270-4b9e-bb73-e3e8d2e4209c
2020-10-27 07:56:22,203 [RatisPipelineUtilsThread] INFO  pipeline.RatisPipelineProvider (RatisPipelineProvider.java:lambda$create$0(161)) - Sending CreatePipelineCommand for pipeline:PipelineID=f7fae826-9b33-4bf2-9b68-7de914507ae6 to datanode:6b039a25-7392-4901-8f83-2a13f99b0a3b
2020-10-27 07:56:22,204 [RatisPipelineUtilsThread] INFO  pipeline.PipelineStateManager (PipelineStateManager.java:addPipeline(54)) - Created pipeline Pipeline[ Id: f7fae826-9b33-4bf2-9b68-7de914507ae6, Nodes: 0d858bf4-c4ae-4e92-b712-358cf0e50fa6{ip: 172.17.0.2, host: 347446dca554, networkLocation: /default-rack, certSerialId: null}66fe8200-7270-4b9e-bb73-e3e8d2e4209c{ip: 172.17.0.2, host: 347446dca554, networkLocation: /default-rack, certSerialId: null}6b039a25-7392-4901-8f83-2a13f99b0a3b{ip: 172.17.0.2, host: 347446dca554, networkLocation: /default-rack, certSerialId: null}, Type:RATIS, Factor:THREE, State:ALLOCATED, leaderId:, CreationTimestamp2020-10-27T07:56:22.203Z]
2020-10-27 07:56:23,200 [Listener at 127.0.0.1/35583] INFO  ozone.MiniOzoneClusterImpl (MiniOzoneClusterImpl.java:lambda$waitForClusterToBeReady$0(177)) - Nodes are ready. Got 9 of 9 DN Heartbeats.
2020-10-27 07:56:23,201 [Listener at 127.0.0.1/35583] INFO  ozone.MiniOzoneClusterImpl (MiniOzoneClusterImpl.java:lambda$waitForClusterToBeReady$0(180)) - Waiting for cluster to exit safe mode
2020-10-27 07:56:23,545 [Command processor thread] INFO  impl.RaftServerProxy (RaftServerProxy.java:addNew(92)) - 051b2d74-f79c-4890-925b-2bf8237baebb: addNew group-2E38C93F6F1B:[051b2d74-f79c-4890-925b-2bf8237baebb:172.17.0.2:35993:0] returns group-2E38C93F6F1B:java.util.concurrent.CompletableFuture@16a8c680[Not completed]
2020-10-27 07:56:23,548 [pool-538-thread-1] INFO  impl.RaftServerImpl (RaftServerImpl.java:<init>(120)) - 051b2d74-f79c-4890-925b-2bf8237baebb: new RaftServerImpl for group-2E38C93F6F1B:[051b2d74-f79c-4890-925b-2bf8237baebb:172.17.0.2:35993:0] with ContainerStateMachine:uninitialized
2020-10-27 07:56:23,548 [pool-538-thread-1] INFO  server.RaftServerConfigKeys (ConfUtils.java:logGet(44)) - raft.server.rpc.timeout.min = 5s (custom)
2020-10-27 07:56:23,548 [pool-538-thread-1] INFO  server.RaftServerConfigKeys (ConfUtils.java:logGet(44)) - raft.server.rpc.timeout.max = 5200ms (custom)
2020-10-27 07:56:23,548 [pool-538-thread-1] INFO  server.RaftServerConfigKeys (ConfUtils.java:logGet(44)) - raft.server.rpcslowness.timeout = 300000ms (custom)
2020-10-27 07:56:23,548 [pool-538-thread-1] INFO  server.RaftServerConfigKeys (ConfUtils.java:logGet(44)) - raft.server.sleep.deviation.threshold = 300 (default)
2020-10-27 07:56:23,549 [pool-538-thread-1] INFO  server.RaftServerConfigKeys (ConfUtils.java:logGet(44)) - raft.server.log.appender.install.snapshot.enabled = false (custom)
2020-10-27 07:56:23,549 [pool-538-thread-1] INFO  impl.RaftServerImpl (ServerState.java:<init>(104)) - 051b2d74-f79c-4890-925b-2bf8237baebb@group-2E38C93F6F1B: ConfigurationManager, init=-1: [051b2d74-f79c-4890-925b-2bf8237baebb:172.17.0.2:35993:0], old=null, confs=<EMPTY_MAP>
2020-10-27 07:56:23,549 [pool-538-thread-1] INFO  server.RaftServerConfigKeys (ConfUtils.java:logGet(44)) - raft.server.storage.dir = [/github/workspace/mnt/ozone/hadoop-ozone/integration-test/target/test-dir/MiniOzoneClusterImpl-b0e8067d-8c2e-4ee5-9f61-8ad8788f9080/datanode-0/data/ratis] (custom)
2020-10-27 07:56:23,549 [pool-538-thread-1] INFO  server.RaftServerConfigKeys (ConfUtils.java:logGet(44)) - raft.server.log.corruption.policy = EXCEPTION (default)
2020-10-27 07:56:23,549 [pool-538-thread-1] INFO  storage.RaftStorageDirectory (RaftStorageDirectory.java:analyzeStorage(261)) - The storage directory /github/workspace/mnt/ozone/hadoop-ozone/integration-test/target/test-dir/MiniOzoneClusterImpl-b0e8067d-8c2e-4ee5-9f61-8ad8788f9080/datanode-0/data/ratis/ea6410d2-8d44-496d-a6e0-2e38c93f6f1b does not exist. Creating ...
2020-10-27 07:56:23,579 [pool-538-thread-1] INFO  storage.RaftStorageDirectory (RaftStorageDirectory.java:tryLock(343)) - Lock on /github/workspace/mnt/ozone/hadoop-ozone/integration-test/target/test-dir/MiniOzoneClusterImpl-b0e8067d-8c2e-4ee5-9f61-8ad8788f9080/datanode-0/data/ratis/ea6410d2-8d44-496d-a6e0-2e38c93f6f1b/in_use.lock acquired by nodename 32090@347446dca554
2020-10-27 07:56:23,580 [pool-538-thread-1] INFO  storage.RaftStorage (RaftStorage.java:format(84)) - Storage directory /github/workspace/mnt/ozone/hadoop-ozone/integration-test/target/test-dir/MiniOzoneClusterImpl-b0e8067d-8c2e-4ee5-9f61-8ad8788f9080/datanode-0/data/ratis/ea6410d2-8d44-496d-a6e0-2e38c93f6f1b has been successfully formatted.
2020-10-27 07:56:23,581 [pool-538-thread-1] INFO  ratis.ContainerStateMachine (ContainerStateMachine.java:loadSnapshot(225)) - group-2E38C93F6F1B: The snapshot info is null. Setting the last applied indexto:(t:0, i:~)
2020-10-27 07:56:23,581 [pool-538-thread-1] INFO  server.RaftServerConfigKeys (ConfUtils.java:logGet(44)) - raft.server.notification.no-leader.timeout = 300000ms (custom)
2020-10-27 07:56:23,581 [pool-538-thread-1] INFO  server.RaftServerConfigKeys (ConfUtils.java:logGet(44)) - raft.server.log.use.memory = false (default)
2020-10-27 07:56:23,581 [pool-538-thread-1] INFO  server.RaftServerConfigKeys (ConfUtils.java:logGet(44)) - raft.server.log.purge.gap = 1000000 (custom)
2020-10-27 07:56:23,582 [pool-538-thread-1] INFO  metrics.RatisMetrics (RatisMetrics.java:lambda$create$0(36)) - Creating Metrics Registry : ratis.log_worker.051b2d74-f79c-4890-925b-2bf8237baebb@group-2E38C93F6F1B
2020-10-27 07:56:23,581 [EventQueue-PipelineReportForPipelineReportHandler] INFO  pipeline.PipelineStateManager (PipelineStateManager.java:openPipeline(132)) - Pipeline Pipeline[ Id: ea6410d2-8d44-496d-a6e0-2e38c93f6f1b, Nodes: 051b2d74-f79c-4890-925b-2bf8237baebb{ip: 172.17.0.2, host: 347446dca554, networkLocation: /default-rack, certSerialId: null}, Type:RATIS, Factor:ONE, State:ALLOCATED, leaderId:051b2d74-f79c-4890-925b-2bf8237baebb, CreationTimestamp2020-10-27T07:56:20.547Z] moved to OPEN state
2020-10-27 07:56:23,583 [pool-538-thread-1] INFO  server.RaftServerConfigKeys (ConfUtils.java:logGet(44)) - raft.server.log.appender.buffer.byte-limit = 33554432 (custom)
2020-10-27 07:56:23,583 [pool-538-thread-1] INFO  server.RaftServerConfigKeys (ConfUtils.java:logGet(44)) - raft.server.log.segment.size.max = 1048576 (custom)
2020-10-27 07:56:23,584 [EventQueue-OpenPipelineForOneReplicaPipelineSafeModeRule] INFO  safemode.SCMSafeModeManager (SCMSafeModeManager.java:validateSafeModeExitRules(214)) - AtleastOneDatanodeReportedRule rule is successfully validated
2020-10-27 07:56:23,584 [pool-538-thread-1] INFO  server.RaftServerConfigKeys (ConfUtils.java:logGet(44)) - raft.server.log.segment.cache.num.max = 2 (custom)
2020-10-27 07:56:23,584 [pool-538-thread-1] INFO  segmented.SegmentedRaftLogWorker (SegmentedRaftLogWorker.java:<init>(180)) - new 051b2d74-f79c-4890-925b-2bf8237baebb@group-2E38C93F6F1B-SegmentedRaftLogWorker for RaftStorage:Storage Directory /github/workspace/mnt/ozone/hadoop-ozone/integration-test/target/test-dir/MiniOzoneClusterImpl-b0e8067d-8c2e-4ee5-9f61-8ad8788f9080/datanode-0/data/ratis/ea6410d2-8d44-496d-a6e0-2e38c93f6f1b
2020-10-27 07:56:23,584 [pool-538-thread-1] INFO  server.RaftServerConfigKeys (ConfUtils.java:logGet(44)) - raft.server.log.queue.byte-limit = 2147483647 (custom)
2020-10-27 07:56:23,584 [pool-538-thread-1] INFO  server.RaftServerConfigKeys (ConfUtils.java:logGet(44)) - raft.server.log.queue.element-limit = 1024 (custom)
2020-10-27 07:56:23,584 [pool-538-thread-1] INFO  server.RaftServerConfigKeys (ConfUtils.java:logGet(44)) - raft.server.log.segment.size.max = 1048576 (custom)
2020-10-27 07:56:23,585 [pool-538-thread-1] INFO  server.RaftServerConfigKeys (ConfUtils.java:logGet(44)) - raft.server.log.preallocated.size = 16384 (custom)
2020-10-27 07:56:23,585 [pool-538-thread-1] INFO  server.RaftServerConfigKeys (ConfUtils.java:logGet(44)) - raft.server.log.write.buffer.size = 1048576 (custom)
2020-10-27 07:56:23,585 [pool-538-thread-1] INFO  server.RaftServerConfigKeys (ConfUtils.java:logGet(44)) - raft.server.log.force.sync.num = 128 (default)
2020-10-27 07:56:23,585 [pool-538-thread-1] INFO  server.RaftServerConfigKeys (ConfUtils.java:logGet(44)) - raft.server.log.statemachine.data.sync = true (default)
2020-10-27 07:56:23,585 [pool-538-thread-1] INFO  server.RaftServerConfigKeys (ConfUtils.java:logGet(44)) - raft.server.log.statemachine.data.sync.timeout = 10s (default)
2020-10-27 07:56:23,585 [pool-538-thread-1] INFO  server.RaftServerConfigKeys (ConfUtils.java:logGet(44)) - raft.server.log.statemachine.data.sync.timeout.retry = -1 (default)
2020-10-27 07:56:23,585 [EventQueue-OpenPipelineForHealthyPipelineSafeModeRule] INFO  safemode.SCMSafeModeManager (HealthyPipelineSafeModeRule.java:process(129)) - SCM in safe mode. Healthy pipelines reported count is 0, required healthy pipeline reported count is 1
2020-10-27 07:56:23,587 [pool-538-thread-1] INFO  server.RaftServerConfigKeys (ConfUtils.java:logGet(44)) - raft.server.log.statemachine.data.caching.enabled = true (custom)
2020-10-27 07:56:23,588 [pool-538-thread-1] INFO  segmented.SegmentedRaftLogWorker (SegmentedRaftLogWorker.java:lambda$new$0(129)) - 051b2d74-f79c-4890-925b-2bf8237baebb@group-2E38C93F6F1B-SegmentedRaftLogWorker: flushIndex: setUnconditionally 0 -> -1
2020-10-27 07:56:23,588 [pool-538-thread-1] INFO  segmented.SegmentedRaftLogWorker (SegmentedRaftLogWorker.java:lambda$new$0(129)) - 051b2d74-f79c-4890-925b-2bf8237baebb@group-2E38C93F6F1B-SegmentedRaftLogWorker: safeCacheEvictIndex: setUnconditionally 0 -> -1
2020-10-27 07:56:23,588 [pool-538-thread-1] INFO  server.RaftServerConfigKeys (ConfUtils.java:logGet(44)) - raft.server.snapshot.auto.trigger.enabled = true (custom)
2020-10-27 07:56:23,588 [pool-538-thread-1] INFO  server.RaftServerConfigKeys (ConfUtils.java:logGet(44)) - raft.server.snapshot.auto.trigger.threshold = 10000 (custom)
2020-10-27 07:56:23,588 [pool-538-thread-1] INFO  server.RaftServerConfigKeys (ConfUtils.java:logGet(44)) - raft.server.snapshot.retention.file.num = 5 (custom)
2020-10-27 07:56:23,588 [pool-538-thread-1] INFO  server.RaftServerConfigKeys (ConfUtils.java:logGet(44)) - raft.server.log.purge.upto.snapshot.index = false (default)
2020-10-27 07:56:23,588 [pool-538-thread-1] INFO  server.RaftServerConfigKeys (ConfUtils.java:logGet(44)) - raft.server.retrycache.expirytime = 600000ms (custom)
2020-10-27 07:56:23,588 [pool-538-thread-1] INFO  metrics.RatisMetrics (RatisMetrics.java:lambda$create$0(36)) - Creating Metrics Registry : ratis.leader_election.051b2d74-f79c-4890-925b-2bf8237baebb@group-2E38C93F6F1B
2020-10-27 07:56:23,589 [pool-538-thread-1] INFO  metrics.RatisMetrics (RatisMetrics.java:lambda$create$0(36)) - Creating Metrics Registry : ratis.server.051b2d74-f79c-4890-925b-2bf8237baebb@group-2E38C93F6F1B
2020-10-27 07:56:23,590 [pool-538-thread-1] INFO  impl.RaftServerImpl (RaftServerImpl.java:start(209)) - 051b2d74-f79c-4890-925b-2bf8237baebb@group-2E38C93F6F1B: start as a follower, conf=-1: [051b2d74-f79c-4890-925b-2bf8237baebb:172.17.0.2:35993:0], old=null
2020-10-27 07:56:23,590 [pool-538-thread-1] INFO  impl.RaftServerImpl (RaftServerImpl.java:setRole(198)) - 051b2d74-f79c-4890-925b-2bf8237baebb@group-2E38C93F6F1B: changes role from      null to FOLLOWER at term 0 for startAsFollower
2020-10-27 07:56:23,590 [pool-538-thread-1] INFO  impl.RoleInfo (RoleInfo.java:updateAndGet(143)) - 051b2d74-f79c-4890-925b-2bf8237baebb: start FollowerState
2020-10-27 07:56:23,591 [pool-538-thread-1] INFO  util.JmxRegister (JmxRegister.java:tryRegister(44)) - Successfully registered JMX Bean with object name Ratis:service=RaftServer,group=group-2E38C93F6F1B,id=051b2d74-f79c-4890-925b-2bf8237baebb
2020-10-27 07:56:23,591 [pool-538-thread-1] INFO  metrics.RatisMetrics (RatisMetrics.java:lambda$create$0(36)) - Creating Metrics Registry : ratis.state_machine.051b2d74-f79c-4890-925b-2bf8237baebb@group-2E38C93F6F1B
2020-10-27 07:56:23,592 [Command processor thread] INFO  commandhandler.CreatePipelineCommandHandler (CreatePipelineCommandHandler.java:handle(112)) - Created Pipeline RATIS ONE #id: "ea6410d2-8d44-496d-a6e0-2e38c93f6f1b"
uuid128 {
  mostSigBits: -1557101074664109715
  leastSigBits: -6422082247200903397
}
.
2020-10-27 07:56:23,592 [Command processor thread] INFO  impl.RaftServerProxy (RaftServerProxy.java:addNew(92)) - 051b2d74-f79c-4890-925b-2bf8237baebb: addNew group-E13E969E17FD:[50760c4e-b8f4-4c7a-910b-93b335267e74:172.17.0.2:37177:0, 5a42b6c6-dd9e-4bd1-bc6a-89f7d8f7d666:172.17.0.2:42521:0, 051b2d74-f79c-4890-925b-2bf8237baebb:172.17.0.2:35993:0] returns group-E13E969E17FD:java.util.concurrent.CompletableFuture@1297508d[Not completed]
2020-10-27 07:56:23,593 [pool-538-thread-1] INFO  impl.RaftServerImpl (RaftServerImpl.java:<init>(120)) - 051b2d74-f79c-4890-925b-2bf8237baebb: new RaftServerImpl for group-E13E969E17FD:[50760c4e-b8f4-4c7a-910b-93b335267e74:172.17.0.2:37177:0, 5a42b6c6-dd9e-4bd1-bc6a-89f7d8f7d666:172.17.0.2:42521:0, 051b2d74-f79c-4890-925b-2bf8237baebb:172.17.0.2:35993:0] with ContainerStateMachine:uninitialized
2020-10-27 07:56:23,593 [pool-538-thread-1] INFO  server.RaftServerConfigKeys (ConfUtils.java:logGet(44)) - raft.server.rpc.timeout.min = 5s (custom)
2020-10-27 07:56:23,593 [pool-538-thread-1] INFO  server.RaftServerConfigKeys (ConfUtils.java:logGet(44)) - raft.server.rpc.timeout.max = 5200ms (custom)
2020-10-27 07:56:23,593 [pool-538-thread-1] INFO  server.RaftServerConfigKeys (ConfUtils.java:logGet(44)) - raft.server.rpcslowness.timeout = 300000ms (custom)
2020-10-27 07:56:23,593 [pool-538-thread-1] INFO  server.RaftServerConfigKeys (ConfUtils.java:logGet(44)) - raft.server.sleep.deviation.threshold = 300 (default)
2020-10-27 07:56:23,593 [pool-538-thread-1] INFO  server.RaftServerConfigKeys (ConfUtils.java:logGet(44)) - raft.server.log.appender.install.snapshot.enabled = false (custom)
2020-10-27 07:56:23,593 [pool-538-thread-1] INFO  impl.RaftServerImpl (ServerState.java:<init>(104)) - 051b2d74-f79c-4890-925b-2bf8237baebb@group-E13E969E17FD: ConfigurationManager, init=-1: [50760c4e-b8f4-4c7a-910b-93b335267e74:172.17.0.2:37177:0, 5a42b6c6-dd9e-4bd1-bc6a-89f7d8f7d666:172.17.0.2:42521:0, 051b2d74-f79c-4890-925b-2bf8237baebb:172.17.0.2:35993:0], old=null, confs=<EMPTY_MAP>
2020-10-27 07:56:23,593 [pool-538-thread-1] INFO  server.RaftServerConfigKeys (ConfUtils.java:logGet(44)) - raft.server.storage.dir = [/github/workspace/mnt/ozone/hadoop-ozone/integration-test/target/test-dir/MiniOzoneClusterImpl-b0e8067d-8c2e-4ee5-9f61-8ad8788f9080/datanode-0/data/ratis] (custom)
2020-10-27 07:56:23,593 [pool-538-thread-1] INFO  server.RaftServerConfigKeys (ConfUtils.java:logGet(44)) - raft.server.log.corruption.policy = EXCEPTION (default)
2020-10-27 07:56:23,593 [pool-538-thread-1] INFO  storage.RaftStorageDirectory (RaftStorageDirectory.java:analyzeStorage(261)) - The storage directory /github/workspace/mnt/ozone/hadoop-ozone/integration-test/target/test-dir/MiniOzoneClusterImpl-b0e8067d-8c2e-4ee5-9f61-8ad8788f9080/datanode-0/data/ratis/a99e8c6f-1c5f-4bac-9f40-e13e969e17fd does not exist. Creating ...
2020-10-27 07:56:23,594 [pool-538-thread-1] INFO  storage.RaftStorageDirectory (RaftStorageDirectory.java:tryLock(343)) - Lock on /github/workspace/mnt/ozone/hadoop-ozone/integration-test/target/test-dir/MiniOzoneClusterImpl-b0e8067d-8c2e-4ee5-9f61-8ad8788f9080/datanode-0/data/ratis/a99e8c6f-1c5f-4bac-9f40-e13e969e17fd/in_use.lock acquired by nodename 32090@347446dca554
2020-10-27 07:56:23,596 [pool-538-thread-1] INFO  storage.RaftStorage (RaftStorage.java:format(84)) - Storage directory /github/workspace/mnt/ozone/hadoop-ozone/integration-test/target/test-dir/MiniOzoneClusterImpl-b0e8067d-8c2e-4ee5-9f61-8ad8788f9080/datanode-0/data/ratis/a99e8c6f-1c5f-4bac-9f40-e13e969e17fd has been successfully formatted.
2020-10-27 07:56:23,597 [pool-538-thread-1] INFO  ratis.ContainerStateMachine (ContainerStateMachine.java:loadSnapshot(225)) - group-E13E969E17FD: The snapshot info is null. Setting the last applied indexto:(t:0, i:~)
2020-10-27 07:56:23,597 [pool-538-thread-1] INFO  server.RaftServerConfigKeys (ConfUtils.java:logGet(44)) - raft.server.notification.no-leader.timeout = 300000ms (custom)
2020-10-27 07:56:23,597 [pool-538-thread-1] INFO  server.RaftServerConfigKeys (ConfUtils.java:logGet(44)) - raft.server.log.use.memory = false (default)
2020-10-27 07:56:23,597 [pool-538-thread-1] INFO  server.RaftServerConfigKeys (ConfUtils.java:logGet(44)) - raft.server.log.purge.gap = 1000000 (custom)
2020-10-27 07:56:23,597 [pool-538-thread-1] INFO  metrics.RatisMetrics (RatisMetrics.java:lambda$create$0(36)) - Creating Metrics Registry : ratis.log_worker.051b2d74-f79c-4890-925b-2bf8237baebb@group-E13E969E17FD
2020-10-27 07:56:23,597 [pool-538-thread-1] INFO  server.RaftServerConfigKeys (ConfUtils.java:logGet(44)) - raft.server.log.appender.buffer.byte-limit = 33554432 (custom)
2020-10-27 07:56:23,597 [pool-538-thread-1] INFO  server.RaftServerConfigKeys (ConfUtils.java:logGet(44)) - raft.server.log.segment.size.max = 1048576 (custom)
2020-10-27 07:56:23,598 [pool-538-thread-1] INFO  server.RaftServerConfigKeys (ConfUtils.java:logGet(44)) - raft.server.log.segment.cache.num.max = 2 (custom)
2020-10-27 07:56:23,598 [pool-538-thread-1] INFO  segmented.SegmentedRaftLogWorker (SegmentedRaftLogWorker.java:<init>(180)) - new 051b2d74-f79c-4890-925b-2bf8237baebb@group-E13E969E17FD-SegmentedRaftLogWorker for RaftStorage:Storage Directory /github/workspace/mnt/ozone/hadoop-ozone/integration-test/target/test-dir/MiniOzoneClusterImpl-b0e8067d-8c2e-4ee5-9f61-8ad8788f9080/datanode-0/data/ratis/a99e8c6f-1c5f-4bac-9f40-e13e969e17fd
2020-10-27 07:56:23,598 [pool-538-thread-1] INFO  server.RaftServerConfigKeys (ConfUtils.java:logGet(44)) - raft.server.log.queue.byte-limit = 2147483647 (custom)
2020-10-27 07:56:23,598 [pool-538-thread-1] INFO  server.RaftServerConfigKeys (ConfUtils.java:logGet(44)) - raft.server.log.queue.element-limit = 1024 (custom)
2020-10-27 07:56:23,598 [pool-538-thread-1] INFO  server.RaftServerConfigKeys (ConfUtils.java:logGet(44)) - raft.server.log.segment.size.max = 1048576 (custom)
2020-10-27 07:56:23,598 [pool-538-thread-1] INFO  server.RaftServerConfigKeys (ConfUtils.java:logGet(44)) - raft.server.log.preallocated.size = 16384 (custom)
2020-10-27 07:56:23,598 [pool-538-thread-1] INFO  server.RaftServerConfigKeys (ConfUtils.java:logGet(44)) - raft.server.log.write.buffer.size = 1048576 (custom)
2020-10-27 07:56:23,598 [pool-538-thread-1] INFO  server.RaftServerConfigKeys (ConfUtils.java:logGet(44)) - raft.server.log.force.sync.num = 128 (default)
2020-10-27 07:56:23,598 [pool-538-thread-1] INFO  server.RaftServerConfigKeys (ConfUtils.java:logGet(44)) - raft.server.log.statemachine.data.sync = true (default)
2020-10-27 07:56:23,598 [pool-538-thread-1] INFO  server.RaftServerConfigKeys (ConfUtils.java:logGet(44)) - raft.server.log.statemachine.data.sync.timeout = 10s (default)
2020-10-27 07:56:23,598 [pool-538-thread-1] INFO  server.RaftServerConfigKeys (ConfUtils.java:logGet(44)) - raft.server.log.statemachine.data.sync.timeout.retry = -1 (default)
2020-10-27 07:56:23,601 [pool-538-thread-1] INFO  server.RaftServerConfigKeys (ConfUtils.java:logGet(44)) - raft.server.log.statemachine.data.caching.enabled = true (custom)
2020-10-27 07:56:23,601 [pool-538-thread-1] INFO  segmented.SegmentedRaftLogWorker (SegmentedRaftLogWorker.java:lambda$new$0(129)) - 051b2d74-f79c-4890-925b-2bf8237baebb@group-E13E969E17FD-SegmentedRaftLogWorker: flushIndex: setUnconditionally 0 -> -1
2020-10-27 07:56:23,601 [pool-538-thread-1] INFO  segmented.SegmentedRaftLogWorker (SegmentedRaftLogWorker.java:lambda$new$0(129)) - 051b2d74-f79c-4890-925b-2bf8237baebb@group-E13E969E17FD-SegmentedRaftLogWorker: safeCacheEvictIndex: setUnconditionally 0 -> -1
2020-10-27 07:56:23,601 [pool-538-thread-1] INFO  server.RaftServerConfigKeys (ConfUtils.java:logGet(44)) - raft.server.snapshot.auto.trigger.enabled = true (custom)
2020-10-27 07:56:23,601 [pool-538-thread-1] INFO  server.RaftServerConfigKeys (ConfUtils.java:logGet(44)) - raft.server.snapshot.auto.trigger.threshold = 10000 (custom)
2020-10-27 07:56:23,601 [pool-538-thread-1] INFO  server.RaftServerConfigKeys (ConfUtils.java:logGet(44)) - raft.server.snapshot.retention.file.num = 5 (custom)
2020-10-27 07:56:23,601 [pool-538-thread-1] INFO  server.RaftServerConfigKeys (ConfUtils.java:logGet(44)) - raft.server.log.purge.upto.snapshot.index = false (default)
2020-10-27 07:56:23,601 [pool-538-thread-1] INFO  server.RaftServerConfigKeys (ConfUtils.java:logGet(44)) - raft.server.retrycache.expirytime = 600000ms (custom)
2020-10-27 07:56:23,602 [pool-538-thread-1] INFO  metrics.RatisMetrics (RatisMetrics.java:lambda$create$0(36)) - Creating Metrics Registry : ratis.leader_election.051b2d74-f79c-4890-925b-2bf8237baebb@group-E13E969E17FD
2020-10-27 07:56:23,602 [pool-538-thread-1] INFO  metrics.RatisMetrics (RatisMetrics.java:lambda$create$0(36)) - Creating Metrics Registry : ratis.server.051b2d74-f79c-4890-925b-2bf8237baebb@group-E13E969E17FD
2020-10-27 07:56:23,604 [pool-538-thread-1] INFO  impl.RaftServerImpl (RaftServerImpl.java:start(209)) - 051b2d74-f79c-4890-925b-2bf8237baebb@group-E13E969E17FD: start as a follower, conf=-1: [50760c4e-b8f4-4c7a-910b-93b335267e74:172.17.0.2:37177:0, 5a42b6c6-dd9e-4bd1-bc6a-89f7d8f7d666:172.17.0.2:42521:0, 051b2d74-f79c-4890-925b-2bf8237baebb:172.17.0.2:35993:0], old=null
2020-10-27 07:56:23,604 [pool-538-thread-1] INFO  impl.RaftServerImpl (RaftServerImpl.java:setRole(198)) - 051b2d74-f79c-4890-925b-2bf8237baebb@group-E13E969E17FD: changes role from      null to FOLLOWER at term 0 for startAsFollower
2020-10-27 07:56:23,604 [pool-538-thread-1] INFO  impl.RoleInfo (RoleInfo.java:updateAndGet(143)) - 051b2d74-f79c-4890-925b-2bf8237baebb: start FollowerState
2020-10-27 07:56:23,604 [pool-538-thread-1] INFO  util.JmxRegister (JmxRegister.java:tryRegister(44)) - Successfully registered JMX Bean with object name Ratis:service=RaftServer,group=group-E13E969E17FD,id=051b2d74-f79c-4890-925b-2bf8237baebb
2020-10-27 07:56:23,604 [pool-538-thread-1] INFO  metrics.RatisMetrics (RatisMetrics.java:lambda$create$0(36)) - Creating Metrics Registry : ratis.state_machine.051b2d74-f79c-4890-925b-2bf8237baebb@group-E13E969E17FD
2020-10-27 07:56:23,606 [Command processor thread] INFO  metrics.RatisMetrics (RatisMetrics.java:lambda$create$0(36)) - Creating Metrics Registry : ratis.client_message_metrics.client-5E24B0B6524C->5a42b6c6-dd9e-4bd1-bc6a-89f7d8f7d666
2020-10-27 07:56:23,618 [grpc-default-executor-0] INFO  metrics.RatisMetrics (RatisMetrics.java:lambda$create$0(36)) - Creating Metrics Registry : ratis.server_message_metrics.5a42b6c6-dd9e-4bd1-bc6a-89f7d8f7d666
2020-10-27 07:56:23,620 [grpc-default-executor-0] INFO  impl.RaftServerProxy (RaftServerProxy.java:addNew(92)) - 5a42b6c6-dd9e-4bd1-bc6a-89f7d8f7d666: addNew group-E13E969E17FD:[50760c4e-b8f4-4c7a-910b-93b335267e74:172.17.0.2:37177:0, 5a42b6c6-dd9e-4bd1-bc6a-89f7d8f7d666:172.17.0.2:42521:0, 051b2d74-f79c-4890-925b-2bf8237baebb:172.17.0.2:35993:0] returns group-E13E969E17FD:java.util.concurrent.CompletableFuture@1ea1ba71[Not completed]
2020-10-27 07:56:23,620 [pool-553-thread-1] INFO  impl.RaftServerImpl (RaftServerImpl.java:<init>(120)) - 5a42b6c6-dd9e-4bd1-bc6a-89f7d8f7d666: new RaftServerImpl for group-E13E969E17FD:[50760c4e-b8f4-4c7a-910b-93b335267e74:172.17.0.2:37177:0, 5a42b6c6-dd9e-4bd1-bc6a-89f7d8f7d666:172.17.0.2:42521:0, 051b2d74-f79c-4890-925b-2bf8237baebb:172.17.0.2:35993:0] with ContainerStateMachine:uninitialized
2020-10-27 07:56:23,620 [pool-553-thread-1] INFO  server.RaftServerConfigKeys (ConfUtils.java:logGet(44)) - raft.server.rpc.timeout.min = 5s (custom)
2020-10-27 07:56:23,620 [pool-553-thread-1] INFO  server.RaftServerConfigKeys (ConfUtils.java:logGet(44)) - raft.server.rpc.timeout.max = 5200ms (custom)
2020-10-27 07:56:23,620 [pool-553-thread-1] INFO  server.RaftServerConfigKeys (ConfUtils.java:logGet(44)) - raft.server.rpcslowness.timeout = 300000ms (custom)
2020-10-27 07:56:23,620 [pool-553-thread-1] INFO  server.RaftServerConfigKeys (ConfUtils.java:logGet(44)) - raft.server.sleep.deviation.threshold = 300 (default)
2020-10-27 07:56:23,621 [pool-553-thread-1] INFO  server.RaftServerConfigKeys (ConfUtils.java:logGet(44)) - raft.server.log.appender.install.snapshot.enabled = false (custom)
2020-10-27 07:56:23,621 [pool-553-thread-1] INFO  impl.RaftServerImpl (ServerState.java:<init>(104)) - 5a42b6c6-dd9e-4bd1-bc6a-89f7d8f7d666@group-E13E969E17FD: ConfigurationManager, init=-1: [50760c4e-b8f4-4c7a-910b-93b335267e74:172.17.0.2:37177:0, 5a42b6c6-dd9e-4bd1-bc6a-89f7d8f7d666:172.17.0.2:42521:0, 051b2d74-f79c-4890-925b-2bf8237baebb:172.17.0.2:35993:0], old=null, confs=<EMPTY_MAP>
2020-10-27 07:56:23,621 [pool-553-thread-1] INFO  server.RaftServerConfigKeys (ConfUtils.java:logGet(44)) - raft.server.storage.dir = [/github/workspace/mnt/ozone/hadoop-ozone/integration-test/target/test-dir/MiniOzoneClusterImpl-b0e8067d-8c2e-4ee5-9f61-8ad8788f9080/datanode-1/data/ratis] (custom)
2020-10-27 07:56:23,621 [pool-553-thread-1] INFO  server.RaftServerConfigKeys (ConfUtils.java:logGet(44)) - raft.server.log.corruption.policy = EXCEPTION (default)
2020-10-27 07:56:23,621 [pool-553-thread-1] INFO  storage.RaftStorageDirectory (RaftStorageDirectory.java:analyzeStorage(261)) - The storage directory /github/workspace/mnt/ozone/hadoop-ozone/integration-test/target/test-dir/MiniOzoneClusterImpl-b0e8067d-8c2e-4ee5-9f61-8ad8788f9080/datanode-1/data/ratis/a99e8c6f-1c5f-4bac-9f40-e13e969e17fd does not exist. Creating ...
2020-10-27 07:56:23,622 [pool-553-thread-1] INFO  storage.RaftStorageDirectory (RaftStorageDirectory.java:tryLock(343)) - Lock on /github/workspace/mnt/ozone/hadoop-ozone/integration-test/target/test-dir/MiniOzoneClusterImpl-b0e8067d-8c2e-4ee5-9f61-8ad8788f9080/datanode-1/data/ratis/a99e8c6f-1c5f-4bac-9f40-e13e969e17fd/in_use.lock acquired by nodename 32090@347446dca554
2020-10-27 07:56:23,623 [pool-553-thread-1] INFO  storage.RaftStorage (RaftStorage.java:format(84)) - Storage directory /github/workspace/mnt/ozone/hadoop-ozone/integration-test/target/test-dir/MiniOzoneClusterImpl-b0e8067d-8c2e-4ee5-9f61-8ad8788f9080/datanode-1/data/ratis/a99e8c6f-1c5f-4bac-9f40-e13e969e17fd has been successfully formatted.
2020-10-27 07:56:23,624 [pool-553-thread-1] INFO  ratis.ContainerStateMachine (ContainerStateMachine.java:loadSnapshot(225)) - group-E13E969E17FD: The snapshot info is null. Setting the last applied indexto:(t:0, i:~)
2020-10-27 07:56:23,624 [pool-553-thread-1] INFO  server.RaftServerConfigKeys (ConfUtils.java:logGet(44)) - raft.server.notification.no-leader.timeout = 300000ms (custom)
2020-10-27 07:56:23,624 [pool-553-thread-1] INFO  server.RaftServerConfigKeys (ConfUtils.java:logGet(44)) - raft.server.log.use.memory = false (default)
2020-10-27 07:56:23,624 [pool-553-thread-1] INFO  server.RaftServerConfigKeys (ConfUtils.java:logGet(44)) - raft.server.log.purge.gap = 1000000 (custom)
2020-10-27 07:56:23,624 [pool-553-thread-1] INFO  metrics.RatisMetrics (RatisMetrics.java:lambda$create$0(36)) - Creating Metrics Registry : ratis.log_worker.5a42b6c6-dd9e-4bd1-bc6a-89f7d8f7d666@group-E13E969E17FD
2020-10-27 07:56:23,625 [pool-553-thread-1] INFO  server.RaftServerConfigKeys (ConfUtils.java:logGet(44)) - raft.server.log.appender.buffer.byte-limit = 33554432 (custom)
2020-10-27 07:56:23,625 [pool-553-thread-1] INFO  server.RaftServerConfigKeys (ConfUtils.java:logGet(44)) - raft.server.log.segment.size.max = 1048576 (custom)
2020-10-27 07:56:23,625 [pool-553-thread-1] INFO  server.RaftServerConfigKeys (ConfUtils.java:logGet(44)) - raft.server.log.segment.cache.num.max = 2 (custom)
2020-10-27 07:56:23,625 [pool-553-thread-1] INFO  segmented.SegmentedRaftLogWorker (SegmentedRaftLogWorker.java:<init>(180)) - new 5a42b6c6-dd9e-4bd1-bc6a-89f7d8f7d666@group-E13E969E17FD-SegmentedRaftLogWorker for RaftStorage:Storage Directory /github/workspace/mnt/ozone/hadoop-ozone/integration-test/target/test-dir/MiniOzoneClusterImpl-b0e8067d-8c2e-4ee5-9f61-8ad8788f9080/datanode-1/data/ratis/a99e8c6f-1c5f-4bac-9f40-e13e969e17fd
2020-10-27 07:56:23,625 [pool-553-thread-1] INFO  server.RaftServerConfigKeys (ConfUtils.java:logGet(44)) - raft.server.log.queue.byte-limit = 2147483647 (custom)
2020-10-27 07:56:23,625 [pool-553-thread-1] INFO  server.RaftServerConfigKeys (ConfUtils.java:logGet(44)) - raft.server.log.queue.element-limit = 1024 (custom)
2020-10-27 07:56:23,625 [pool-553-thread-1] INFO  server.RaftServerConfigKeys (ConfUtils.java:logGet(44)) - raft.server.log.segment.size.max = 1048576 (custom)
2020-10-27 07:56:23,626 [pool-553-thread-1] INFO  server.RaftServerConfigKeys (ConfUtils.java:logGet(44)) - raft.server.log.preallocated.size = 16384 (custom)
2020-10-27 07:56:23,626 [pool-553-thread-1] INFO  server.RaftServerConfigKeys (ConfUtils.java:logGet(44)) - raft.server.log.write.buffer.size = 1048576 (custom)
2020-10-27 07:56:23,626 [pool-553-thread-1] INFO  server.RaftServerConfigKeys (ConfUtils.java:logGet(44)) - raft.server.log.force.sync.num = 128 (default)
2020-10-27 07:56:23,626 [pool-553-thread-1] INFO  server.RaftServerConfigKeys (ConfUtils.java:logGet(44)) - raft.server.log.statemachine.data.sync = true (default)
2020-10-27 07:56:23,626 [pool-553-thread-1] INFO  server.RaftServerConfigKeys (ConfUtils.java:logGet(44)) - raft.server.log.statemachine.data.sync.timeout = 10s (default)
2020-10-27 07:56:23,626 [pool-553-thread-1] INFO  server.RaftServerConfigKeys (ConfUtils.java:logGet(44)) - raft.server.log.statemachine.data.sync.timeout.retry = -1 (default)
2020-10-27 07:56:23,628 [pool-553-thread-1] INFO  server.RaftServerConfigKeys (ConfUtils.java:logGet(44)) - raft.server.log.statemachine.data.caching.enabled = true (custom)
2020-10-27 07:56:23,628 [pool-553-thread-1] INFO  segmented.SegmentedRaftLogWorker (SegmentedRaftLogWorker.java:lambda$new$0(129)) - 5a42b6c6-dd9e-4bd1-bc6a-89f7d8f7d666@group-E13E969E17FD-SegmentedRaftLogWorker: flushIndex: setUnconditionally 0 -> -1
2020-10-27 07:56:23,628 [pool-553-thread-1] INFO  segmented.SegmentedRaftLogWorker (SegmentedRaftLogWorker.java:lambda$new$0(129)) - 5a42b6c6-dd9e-4bd1-bc6a-89f7d8f7d666@group-E13E969E17FD-SegmentedRaftLogWorker: safeCacheEvictIndex: setUnconditionally 0 -> -1
2020-10-27 07:56:23,628 [pool-553-thread-1] INFO  server.RaftServerConfigKeys (ConfUtils.java:logGet(44)) - raft.server.snapshot.auto.trigger.enabled = true (custom)
2020-10-27 07:56:23,628 [pool-553-thread-1] INFO  server.RaftServerConfigKeys (ConfUtils.java:logGet(44)) - raft.server.snapshot.auto.trigger.threshold = 10000 (custom)
2020-10-27 07:56:23,628 [pool-553-thread-1] INFO  server.RaftServerConfigKeys (ConfUtils.java:logGet(44)) - raft.server.snapshot.retention.file.num = 5 (custom)
2020-10-27 07:56:23,628 [pool-553-thread-1] INFO  server.RaftServerConfigKeys (ConfUtils.java:logGet(44)) - raft.server.log.purge.upto.snapshot.index = false (default)
2020-10-27 07:56:23,628 [pool-553-thread-1] INFO  server.RaftServerConfigKeys (ConfUtils.java:logGet(44)) - raft.server.retrycache.expirytime = 600000ms (custom)
2020-10-27 07:56:23,628 [pool-553-thread-1] INFO  metrics.RatisMetrics (RatisMetrics.java:lambda$create$0(36)) - Creating Metrics Registry : ratis.leader_election.5a42b6c6-dd9e-4bd1-bc6a-89f7d8f7d666@group-E13E969E17FD
2020-10-27 07:56:23,629 [pool-553-thread-1] INFO  metrics.RatisMetrics (RatisMetrics.java:lambda$create$0(36)) - Creating Metrics Registry : ratis.server.5a42b6c6-dd9e-4bd1-bc6a-89f7d8f7d666@group-E13E969E17FD
2020-10-27 07:56:23,630 [pool-553-thread-1] INFO  impl.RaftServerImpl (RaftServerImpl.java:start(209)) - 5a42b6c6-dd9e-4bd1-bc6a-89f7d8f7d666@group-E13E969E17FD: start as a follower, conf=-1: [50760c4e-b8f4-4c7a-910b-93b335267e74:172.17.0.2:37177:0, 5a42b6c6-dd9e-4bd1-bc6a-89f7d8f7d666:172.17.0.2:42521:0, 051b2d74-f79c-4890-925b-2bf8237baebb:172.17.0.2:35993:0], old=null
2020-10-27 07:56:23,630 [pool-553-thread-1] INFO  impl.RaftServerImpl (RaftServerImpl.java:setRole(198)) - 5a42b6c6-dd9e-4bd1-bc6a-89f7d8f7d666@group-E13E969E17FD: changes role from      null to FOLLOWER at term 0 for startAsFollower
2020-10-27 07:56:23,630 [pool-553-thread-1] INFO  impl.RoleInfo (RoleInfo.java:updateAndGet(143)) - 5a42b6c6-dd9e-4bd1-bc6a-89f7d8f7d666: start FollowerState
2020-10-27 07:56:23,631 [pool-553-thread-1] INFO  util.JmxRegister (JmxRegister.java:tryRegister(44)) - Successfully registered JMX Bean with object name Ratis:service=RaftServer,group=group-E13E969E17FD,id=5a42b6c6-dd9e-4bd1-bc6a-89f7d8f7d666
2020-10-27 07:56:23,631 [pool-553-thread-1] INFO  metrics.RatisMetrics (RatisMetrics.java:lambda$create$0(36)) - Creating Metrics Registry : ratis.state_machine.5a42b6c6-dd9e-4bd1-bc6a-89f7d8f7d666@group-E13E969E17FD
2020-10-27 07:56:23,643 [Command processor thread] INFO  metrics.RatisMetrics (RatisMetrics.java:lambda$create$0(36)) - Creating Metrics Registry : ratis.client_message_metrics.client-47DB597D2189->50760c4e-b8f4-4c7a-910b-93b335267e74
2020-10-27 07:56:23,647 [grpc-default-executor-0] INFO  metrics.RatisMetrics (RatisMetrics.java:lambda$create$0(36)) - Creating Metrics Registry : ratis.server_message_metrics.50760c4e-b8f4-4c7a-910b-93b335267e74
2020-10-27 07:56:23,652 [grpc-default-executor-0] INFO  impl.RaftServerProxy (RaftServerProxy.java:addNew(92)) - 50760c4e-b8f4-4c7a-910b-93b335267e74: addNew group-E13E969E17FD:[50760c4e-b8f4-4c7a-910b-93b335267e74:172.17.0.2:37177:0, 5a42b6c6-dd9e-4bd1-bc6a-89f7d8f7d666:172.17.0.2:42521:0, 051b2d74-f79c-4890-925b-2bf8237baebb:172.17.0.2:35993:0] returns group-E13E969E17FD:java.util.concurrent.CompletableFuture@2c99d956[Not completed]
2020-10-27 07:56:23,652 [pool-568-thread-1] INFO  impl.RaftServerImpl (RaftServerImpl.java:<init>(120)) - 50760c4e-b8f4-4c7a-910b-93b335267e74: new RaftServerImpl for group-E13E969E17FD:[50760c4e-b8f4-4c7a-910b-93b335267e74:172.17.0.2:37177:0, 5a42b6c6-dd9e-4bd1-bc6a-89f7d8f7d666:172.17.0.2:42521:0, 051b2d74-f79c-4890-925b-2bf8237baebb:172.17.0.2:35993:0] with ContainerStateMachine:uninitialized
2020-10-27 07:56:23,652 [pool-568-thread-1] INFO  server.RaftServerConfigKeys (ConfUtils.java:logGet(44)) - raft.server.rpc.timeout.min = 5s (custom)
2020-10-27 07:56:23,652 [pool-568-thread-1] INFO  server.RaftServerConfigKeys (ConfUtils.java:logGet(44)) - raft.server.rpc.timeout.max = 5200ms (custom)
2020-10-27 07:56:23,652 [pool-568-thread-1] INFO  server.RaftServerConfigKeys (ConfUtils.java:logGet(44)) - raft.server.rpcslowness.timeout = 300000ms (custom)
2020-10-27 07:56:23,652 [pool-568-thread-1] INFO  server.RaftServerConfigKeys (ConfUtils.java:logGet(44)) - raft.server.sleep.deviation.threshold = 300 (default)
2020-10-27 07:56:23,653 [pool-568-thread-1] INFO  server.RaftServerConfigKeys (ConfUtils.java:logGet(44)) - raft.server.log.appender.install.snapshot.enabled = false (custom)
2020-10-27 07:56:23,653 [pool-568-thread-1] INFO  impl.RaftServerImpl (ServerState.java:<init>(104)) - 50760c4e-b8f4-4c7a-910b-93b335267e74@group-E13E969E17FD: ConfigurationManager, init=-1: [50760c4e-b8f4-4c7a-910b-93b335267e74:172.17.0.2:37177:0, 5a42b6c6-dd9e-4bd1-bc6a-89f7d8f7d666:172.17.0.2:42521:0, 051b2d74-f79c-4890-925b-2bf8237baebb:172.17.0.2:35993:0], old=null, confs=<EMPTY_MAP>
2020-10-27 07:56:23,653 [pool-568-thread-1] INFO  server.RaftServerConfigKeys (ConfUtils.java:logGet(44)) - raft.server.storage.dir = [/github/workspace/mnt/ozone/hadoop-ozone/integration-test/target/test-dir/MiniOzoneClusterImpl-b0e8067d-8c2e-4ee5-9f61-8ad8788f9080/datanode-2/data/ratis] (custom)
2020-10-27 07:56:23,653 [pool-568-thread-1] INFO  server.RaftServerConfigKeys (ConfUtils.java:logGet(44)) - raft.server.log.corruption.policy = EXCEPTION (default)
2020-10-27 07:56:23,653 [pool-568-thread-1] INFO  storage.RaftStorageDirectory (RaftStorageDirectory.java:analyzeStorage(261)) - The storage directory /github/workspace/mnt/ozone/hadoop-ozone/integration-test/target/test-dir/MiniOzoneClusterImpl-b0e8067d-8c2e-4ee5-9f61-8ad8788f9080/datanode-2/data/ratis/a99e8c6f-1c5f-4bac-9f40-e13e969e17fd does not exist. Creating ...
2020-10-27 07:56:23,654 [pool-568-thread-1] INFO  storage.RaftStorageDirectory (RaftStorageDirectory.java:tryLock(343)) - Lock on /github/workspace/mnt/ozone/hadoop-ozone/integration-test/target/test-dir/MiniOzoneClusterImpl-b0e8067d-8c2e-4ee5-9f61-8ad8788f9080/datanode-2/data/ratis/a99e8c6f-1c5f-4bac-9f40-e13e969e17fd/in_use.lock acquired by nodename 32090@347446dca554
2020-10-27 07:56:23,655 [pool-568-thread-1] INFO  storage.RaftStorage (RaftStorage.java:format(84)) - Storage directory /github/workspace/mnt/ozone/hadoop-ozone/integration-test/target/test-dir/MiniOzoneClusterImpl-b0e8067d-8c2e-4ee5-9f61-8ad8788f9080/datanode-2/data/ratis/a99e8c6f-1c5f-4bac-9f40-e13e969e17fd has been successfully formatted.
2020-10-27 07:56:23,656 [pool-568-thread-1] INFO  ratis.ContainerStateMachine (ContainerStateMachine.java:loadSnapshot(225)) - group-E13E969E17FD: The snapshot info is null. Setting the last applied indexto:(t:0, i:~)
2020-10-27 07:56:23,656 [pool-568-thread-1] INFO  server.RaftServerConfigKeys (ConfUtils.java:logGet(44)) - raft.server.notification.no-leader.timeout = 300000ms (custom)
2020-10-27 07:56:23,656 [pool-568-thread-1] INFO  server.RaftServerConfigKeys (ConfUtils.java:logGet(44)) - raft.server.log.use.memory = false (default)
2020-10-27 07:56:23,657 [pool-568-thread-1] INFO  server.RaftServerConfigKeys (ConfUtils.java:logGet(44)) - raft.server.log.purge.gap = 1000000 (custom)
2020-10-27 07:56:23,657 [pool-568-thread-1] INFO  metrics.RatisMetrics (RatisMetrics.java:lambda$create$0(36)) - Creating Metrics Registry : ratis.log_worker.50760c4e-b8f4-4c7a-910b-93b335267e74@group-E13E969E17FD
2020-10-27 07:56:23,657 [pool-568-thread-1] INFO  server.RaftServerConfigKeys (ConfUtils.java:logGet(44)) - raft.server.log.appender.buffer.byte-limit = 33554432 (custom)
2020-10-27 07:56:23,657 [pool-568-thread-1] INFO  server.RaftServerConfigKeys (ConfUtils.java:logGet(44)) - raft.server.log.segment.size.max = 1048576 (custom)
2020-10-27 07:56:23,658 [pool-568-thread-1] INFO  server.RaftServerConfigKeys (ConfUtils.java:logGet(44)) - raft.server.log.segment.cache.num.max = 2 (custom)
2020-10-27 07:56:23,658 [pool-568-thread-1] INFO  segmented.SegmentedRaftLogWorker (SegmentedRaftLogWorker.java:<init>(180)) - new 50760c4e-b8f4-4c7a-910b-93b335267e74@group-E13E969E17FD-SegmentedRaftLogWorker for RaftStorage:Storage Directory /github/workspace/mnt/ozone/hadoop-ozone/integration-test/target/test-dir/MiniOzoneClusterImpl-b0e8067d-8c2e-4ee5-9f61-8ad8788f9080/datanode-2/data/ratis/a99e8c6f-1c5f-4bac-9f40-e13e969e17fd
2020-10-27 07:56:23,658 [pool-568-thread-1] INFO  server.RaftServerConfigKeys (ConfUtils.java:logGet(44)) - raft.server.log.queue.byte-limit = 2147483647 (custom)
2020-10-27 07:56:23,658 [pool-568-thread-1] INFO  server.RaftServerConfigKeys (ConfUtils.java:logGet(44)) - raft.server.log.queue.element-limit = 1024 (custom)
2020-10-27 07:56:23,658 [pool-568-thread-1] INFO  server.RaftServerConfigKeys (ConfUtils.java:logGet(44)) - raft.server.log.segment.size.max = 1048576 (custom)
2020-10-27 07:56:23,658 [pool-568-thread-1] INFO  server.RaftServerConfigKeys (ConfUtils.java:logGet(44)) - raft.server.log.preallocated.size = 16384 (custom)
2020-10-27 07:56:23,658 [pool-568-thread-1] INFO  server.RaftServerConfigKeys (ConfUtils.java:logGet(44)) - raft.server.log.write.buffer.size = 1048576 (custom)
2020-10-27 07:56:23,658 [pool-568-thread-1] INFO  server.RaftServerConfigKeys (ConfUtils.java:logGet(44)) - raft.server.log.force.sync.num = 128 (default)
2020-10-27 07:56:23,658 [pool-568-thread-1] INFO  server.RaftServerConfigKeys (ConfUtils.java:logGet(44)) - raft.server.log.statemachine.data.sync = true (default)
2020-10-27 07:56:23,658 [pool-568-thread-1] INFO  server.RaftServerConfigKeys (ConfUtils.java:logGet(44)) - raft.server.log.statemachine.data.sync.timeout = 10s (default)
2020-10-27 07:56:23,658 [pool-568-thread-1] INFO  server.RaftServerConfigKeys (ConfUtils.java:logGet(44)) - raft.server.log.statemachine.data.sync.timeout.retry = -1 (default)
2020-10-27 07:56:23,661 [pool-568-thread-1] INFO  server.RaftServerConfigKeys (ConfUtils.java:logGet(44)) - raft.server.log.statemachine.data.caching.enabled = true (custom)
2020-10-27 07:56:23,661 [pool-568-thread-1] INFO  segmented.SegmentedRaftLogWorker (SegmentedRaftLogWorker.java:lambda$new$0(129)) - 50760c4e-b8f4-4c7a-910b-93b335267e74@group-E13E969E17FD-SegmentedRaftLogWorker: flushIndex: setUnconditionally 0 -> -1
2020-10-27 07:56:23,661 [pool-568-thread-1] INFO  segmented.SegmentedRaftLogWorker (SegmentedRaftLogWorker.java:lambda$new$0(129)) - 50760c4e-b8f4-4c7a-910b-93b335267e74@group-E13E969E17FD-SegmentedRaftLogWorker: safeCacheEvictIndex: setUnconditionally 0 -> -1
2020-10-27 07:56:23,661 [pool-568-thread-1] INFO  server.RaftServerConfigKeys (ConfUtils.java:logGet(44)) - raft.server.snapshot.auto.trigger.enabled = true (custom)
2020-10-27 07:56:23,661 [pool-568-thread-1] INFO  server.RaftServerConfigKeys (ConfUtils.java:logGet(44)) - raft.server.snapshot.auto.trigger.threshold = 10000 (custom)
2020-10-27 07:56:23,661 [pool-568-thread-1] INFO  server.RaftServerConfigKeys (ConfUtils.java:logGet(44)) - raft.server.snapshot.retention.file.num = 5 (custom)
2020-10-27 07:56:23,661 [pool-568-thread-1] INFO  server.RaftServerConfigKeys (ConfUtils.java:logGet(44)) - raft.server.log.purge.upto.snapshot.index = false (default)
2020-10-27 07:56:23,662 [pool-568-thread-1] INFO  server.RaftServerConfigKeys (ConfUtils.java:logGet(44)) - raft.server.retrycache.expirytime = 600000ms (custom)
2020-10-27 07:56:23,662 [pool-568-thread-1] INFO  metrics.RatisMetrics (RatisMetrics.java:lambda$create$0(36)) - Creating Metrics Registry : ratis.leader_election.50760c4e-b8f4-4c7a-910b-93b335267e74@group-E13E969E17FD
2020-10-27 07:56:23,662 [pool-568-thread-1] INFO  metrics.RatisMetrics (RatisMetrics.java:lambda$create$0(36)) - Creating Metrics Registry : ratis.server.50760c4e-b8f4-4c7a-910b-93b335267e74@group-E13E969E17FD
2020-10-27 07:56:23,664 [pool-568-thread-1] INFO  impl.RaftServerImpl (RaftServerImpl.java:start(209)) - 50760c4e-b8f4-4c7a-910b-93b335267e74@group-E13E969E17FD: start as a follower, conf=-1: [50760c4e-b8f4-4c7a-910b-93b335267e74:172.17.0.2:37177:0, 5a42b6c6-dd9e-4bd1-bc6a-89f7d8f7d666:172.17.0.2:42521:0, 051b2d74-f79c-4890-925b-2bf8237baebb:172.17.0.2:35993:0], old=null
2020-10-27 07:56:23,664 [pool-568-thread-1] INFO  impl.RaftServerImpl (RaftServerImpl.java:setRole(198)) - 50760c4e-b8f4-4c7a-910b-93b335267e74@group-E13E969E17FD: changes role from      null to FOLLOWER at term 0 for startAsFollower
2020-10-27 07:56:23,664 [pool-568-thread-1] INFO  impl.RoleInfo (RoleInfo.java:updateAndGet(143)) - 50760c4e-b8f4-4c7a-910b-93b335267e74: start FollowerState
2020-10-27 07:56:23,664 [pool-568-thread-1] INFO  util.JmxRegister (JmxRegister.java:tryRegister(44)) - Successfully registered JMX Bean with object name Ratis:service=RaftServer,group=group-E13E969E17FD,id=50760c4e-b8f4-4c7a-910b-93b335267e74
2020-10-27 07:56:23,664 [pool-568-thread-1] INFO  metrics.RatisMetrics (RatisMetrics.java:lambda$create$0(36)) - Creating Metrics Registry : ratis.state_machine.50760c4e-b8f4-4c7a-910b-93b335267e74@group-E13E969E17FD
2020-10-27 07:56:23,668 [Command processor thread] INFO  commandhandler.CreatePipelineCommandHandler (CreatePipelineCommandHandler.java:handle(112)) - Created Pipeline RATIS THREE #id: "a99e8c6f-1c5f-4bac-9f40-e13e969e17fd"
uuid128 {
  mostSigBits: -6224383226134180948
  leastSigBits: -6971324564238362627
}
.
2020-10-27 07:56:23,718 [Command processor thread] INFO  impl.RaftServerProxy (RaftServerProxy.java:addNew(92)) - 5a42b6c6-dd9e-4bd1-bc6a-89f7d8f7d666: addNew group-B0C851E909BF:[5a42b6c6-dd9e-4bd1-bc6a-89f7d8f7d666:172.17.0.2:42521:0] returns group-B0C851E909BF:java.util.concurrent.CompletableFuture@f5491f1[Not completed]
2020-10-27 07:56:23,719 [pool-553-thread-1] INFO  impl.RaftServerImpl (RaftServerImpl.java:<init>(120)) - 5a42b6c6-dd9e-4bd1-bc6a-89f7d8f7d666: new RaftServerImpl for group-B0C851E909BF:[5a42b6c6-dd9e-4bd1-bc6a-89f7d8f7d666:172.17.0.2:42521:0] with ContainerStateMachine:uninitialized
2020-10-27 07:56:23,719 [pool-553-thread-1] INFO  server.RaftServerConfigKeys (ConfUtils.java:logGet(44)) - raft.server.rpc.timeout.min = 5s (custom)
2020-10-27 07:56:23,719 [pool-553-thread-1] INFO  server.RaftServerConfigKeys (ConfUtils.java:logGet(44)) - raft.server.rpc.timeout.max = 5200ms (custom)
2020-10-27 07:56:23,719 [pool-553-thread-1] INFO  server.RaftServerConfigKeys (ConfUtils.java:logGet(44)) - raft.server.rpcslowness.timeout = 300000ms (custom)
2020-10-27 07:56:23,719 [pool-553-thread-1] INFO  server.RaftServerConfigKeys (ConfUtils.java:logGet(44)) - raft.server.sleep.deviation.threshold = 300 (default)
2020-10-27 07:56:23,719 [pool-553-thread-1] INFO  server.RaftServerConfigKeys (ConfUtils.java:logGet(44)) - raft.server.log.appender.install.snapshot.enabled = false (custom)
2020-10-27 07:56:23,719 [pool-553-thread-1] INFO  impl.RaftServerImpl (ServerState.java:<init>(104)) - 5a42b6c6-dd9e-4bd1-bc6a-89f7d8f7d666@group-B0C851E909BF: ConfigurationManager, init=-1: [5a42b6c6-dd9e-4bd1-bc6a-89f7d8f7d666:172.17.0.2:42521:0], old=null, confs=<EMPTY_MAP>
2020-10-27 07:56:23,719 [pool-553-thread-1] INFO  server.RaftServerConfigKeys (ConfUtils.java:logGet(44)) - raft.server.storage.dir = [/github/workspace/mnt/ozone/hadoop-ozone/integration-test/target/test-dir/MiniOzoneClusterImpl-b0e8067d-8c2e-4ee5-9f61-8ad8788f9080/datanode-1/data/ratis] (custom)
2020-10-27 07:56:23,720 [pool-553-thread-1] INFO  server.RaftServerConfigKeys (ConfUtils.java:logGet(44)) - raft.server.log.corruption.policy = EXCEPTION (default)
2020-10-27 07:56:23,720 [pool-553-thread-1] INFO  storage.RaftStorageDirectory (RaftStorageDirectory.java:analyzeStorage(261)) - The storage directory /github/workspace/mnt/ozone/hadoop-ozone/integration-test/target/test-dir/MiniOzoneClusterImpl-b0e8067d-8c2e-4ee5-9f61-8ad8788f9080/datanode-1/data/ratis/cac3be28-4f91-4a47-8927-b0c851e909bf does not exist. Creating ...
2020-10-27 07:56:23,722 [pool-553-thread-1] INFO  storage.RaftStorageDirectory (RaftStorageDirectory.java:tryLock(343)) - Lock on /github/workspace/mnt/ozone/hadoop-ozone/integration-test/target/test-dir/MiniOzoneClusterImpl-b0e8067d-8c2e-4ee5-9f61-8ad8788f9080/datanode-1/data/ratis/cac3be28-4f91-4a47-8927-b0c851e909bf/in_use.lock acquired by nodename 32090@347446dca554
2020-10-27 07:56:23,724 [pool-553-thread-1] INFO  storage.RaftStorage (RaftStorage.java:format(84)) - Storage directory /github/workspace/mnt/ozone/hadoop-ozone/integration-test/target/test-dir/MiniOzoneClusterImpl-b0e8067d-8c2e-4ee5-9f61-8ad8788f9080/datanode-1/data/ratis/cac3be28-4f91-4a47-8927-b0c851e909bf has been successfully formatted.
2020-10-27 07:56:23,724 [pool-553-thread-1] INFO  ratis.ContainerStateMachine (ContainerStateMachine.java:loadSnapshot(225)) - group-B0C851E909BF: The snapshot info is null. Setting the last applied indexto:(t:0, i:~)
2020-10-27 07:56:23,725 [pool-553-thread-1] INFO  server.RaftServerConfigKeys (ConfUtils.java:logGet(44)) - raft.server.notification.no-leader.timeout = 300000ms (custom)
2020-10-27 07:56:23,725 [EventQueue-PipelineReportForPipelineReportHandler] INFO  pipeline.PipelineStateManager (PipelineStateManager.java:openPipeline(132)) - Pipeline Pipeline[ Id: cac3be28-4f91-4a47-8927-b0c851e909bf, Nodes: 5a42b6c6-dd9e-4bd1-bc6a-89f7d8f7d666{ip: 172.17.0.2, host: 347446dca554, networkLocation: /default-rack, certSerialId: null}, Type:RATIS, Factor:ONE, State:ALLOCATED, leaderId:5a42b6c6-dd9e-4bd1-bc6a-89f7d8f7d666, CreationTimestamp2020-10-27T07:56:20.722Z] moved to OPEN state
2020-10-27 07:56:23,725 [pool-553-thread-1] INFO  server.RaftServerConfigKeys (ConfUtils.java:logGet(44)) - raft.server.log.use.memory = false (default)
2020-10-27 07:56:23,726 [EventQueue-OpenPipelineForHealthyPipelineSafeModeRule] INFO  safemode.SCMSafeModeManager (HealthyPipelineSafeModeRule.java:process(129)) - SCM in safe mode. Healthy pipelines reported count is 0, required healthy pipeline reported count is 1
2020-10-27 07:56:23,726 [EventQueue-OpenPipelineForOneReplicaPipelineSafeModeRule] INFO  safemode.SCMSafeModeManager (SCMSafeModeManager.java:validateSafeModeExitRules(214)) - AtleastOneDatanodeReportedRule rule is successfully validated
2020-10-27 07:56:23,726 [pool-553-thread-1] INFO  server.RaftServerConfigKeys (ConfUtils.java:logGet(44)) - raft.server.log.purge.gap = 1000000 (custom)
2020-10-27 07:56:23,726 [pool-553-thread-1] INFO  metrics.RatisMetrics (RatisMetrics.java:lambda$create$0(36)) - Creating Metrics Registry : ratis.log_worker.5a42b6c6-dd9e-4bd1-bc6a-89f7d8f7d666@group-B0C851E909BF
2020-10-27 07:56:23,726 [pool-553-thread-1] INFO  server.RaftServerConfigKeys (ConfUtils.java:logGet(44)) - raft.server.log.appender.buffer.byte-limit = 33554432 (custom)
2020-10-27 07:56:23,726 [pool-553-thread-1] INFO  server.RaftServerConfigKeys (ConfUtils.java:logGet(44)) - raft.server.log.segment.size.max = 1048576 (custom)
2020-10-27 07:56:23,727 [pool-553-thread-1] INFO  server.RaftServerConfigKeys (ConfUtils.java:logGet(44)) - raft.server.log.segment.cache.num.max = 2 (custom)
2020-10-27 07:56:23,727 [pool-553-thread-1] INFO  segmented.SegmentedRaftLogWorker (SegmentedRaftLogWorker.java:<init>(180)) - new 5a42b6c6-dd9e-4bd1-bc6a-89f7d8f7d666@group-B0C851E909BF-SegmentedRaftLogWorker for RaftStorage:Storage Directory /github/workspace/mnt/ozone/hadoop-ozone/integration-test/target/test-dir/MiniOzoneClusterImpl-b0e8067d-8c2e-4ee5-9f61-8ad8788f9080/datanode-1/data/ratis/cac3be28-4f91-4a47-8927-b0c851e909bf
2020-10-27 07:56:23,727 [pool-553-thread-1] INFO  server.RaftServerConfigKeys (ConfUtils.java:logGet(44)) - raft.server.log.queue.byte-limit = 2147483647 (custom)
2020-10-27 07:56:23,727 [pool-553-thread-1] INFO  server.RaftServerConfigKeys (ConfUtils.java:logGet(44)) - raft.server.log.queue.element-limit = 1024 (custom)
2020-10-27 07:56:23,727 [pool-553-thread-1] INFO  server.RaftServerConfigKeys (ConfUtils.java:logGet(44)) - raft.server.log.segment.size.max = 1048576 (custom)
2020-10-27 07:56:23,727 [pool-553-thread-1] INFO  server.RaftServerConfigKeys (ConfUtils.java:logGet(44)) - raft.server.log.preallocated.size = 16384 (custom)
2020-10-27 07:56:23,727 [pool-553-thread-1] INFO  server.RaftServerConfigKeys (ConfUtils.java:logGet(44)) - raft.server.log.write.buffer.size = 1048576 (custom)
2020-10-27 07:56:23,727 [pool-553-thread-1] INFO  server.RaftServerConfigKeys (ConfUtils.java:logGet(44)) - raft.server.log.force.sync.num = 128 (default)
2020-10-27 07:56:23,727 [pool-553-thread-1] INFO  server.RaftServerConfigKeys (ConfUtils.java:logGet(44)) - raft.server.log.statemachine.data.sync = true (default)
2020-10-27 07:56:23,728 [pool-553-thread-1] INFO  server.RaftServerConfigKeys (ConfUtils.java:logGet(44)) - raft.server.log.statemachine.data.sync.timeout = 10s (default)
2020-10-27 07:56:23,728 [pool-553-thread-1] INFO  server.RaftServerConfigKeys (ConfUtils.java:logGet(44)) - raft.server.log.statemachine.data.sync.timeout.retry = -1 (default)
2020-10-27 07:56:23,731 [pool-553-thread-1] INFO  server.RaftServerConfigKeys (ConfUtils.java:logGet(44)) - raft.server.log.statemachine.data.caching.enabled = true (custom)
2020-10-27 07:56:23,731 [pool-553-thread-1] INFO  segmented.SegmentedRaftLogWorker (SegmentedRaftLogWorker.java:lambda$new$0(129)) - 5a42b6c6-dd9e-4bd1-bc6a-89f7d8f7d666@group-B0C851E909BF-SegmentedRaftLogWorker: flushIndex: setUnconditionally 0 -> -1
2020-10-27 07:56:23,731 [pool-553-thread-1] INFO  segmented.SegmentedRaftLogWorker (SegmentedRaftLogWorker.java:lambda$new$0(129)) - 5a42b6c6-dd9e-4bd1-bc6a-89f7d8f7d666@group-B0C851E909BF-SegmentedRaftLogWorker: safeCacheEvictIndex: setUnconditionally 0 -> -1
2020-10-27 07:56:23,731 [pool-553-thread-1] INFO  server.RaftServerConfigKeys (ConfUtils.java:logGet(44)) - raft.server.snapshot.auto.trigger.enabled = true (custom)
2020-10-27 07:56:23,731 [pool-553-thread-1] INFO  server.RaftServerConfigKeys (ConfUtils.java:logGet(44)) - raft.server.snapshot.auto.trigger.threshold = 10000 (custom)
2020-10-27 07:56:23,731 [pool-553-thread-1] INFO  server.RaftServerConfigKeys (ConfUtils.java:logGet(44)) - raft.server.snapshot.retention.file.num = 5 (custom)
2020-10-27 07:56:23,731 [pool-553-thread-1] INFO  server.RaftServerConfigKeys (ConfUtils.java:logGet(44)) - raft.server.log.purge.upto.snapshot.index = false (default)
2020-10-27 07:56:23,731 [pool-553-thread-1] INFO  server.RaftServerConfigKeys (ConfUtils.java:logGet(44)) - raft.server.retrycache.expirytime = 600000ms (custom)
2020-10-27 07:56:23,732 [pool-553-thread-1] INFO  metrics.RatisMetrics (RatisMetrics.java:lambda$create$0(36)) - Creating Metrics Registry : ratis.leader_election.5a42b6c6-dd9e-4bd1-bc6a-89f7d8f7d666@group-B0C851E909BF
2020-10-27 07:56:23,732 [pool-553-thread-1] INFO  metrics.RatisMetrics (RatisMetrics.java:lambda$create$0(36)) - Creating Metrics Registry : ratis.server.5a42b6c6-dd9e-4bd1-bc6a-89f7d8f7d666@group-B0C851E909BF
2020-10-27 07:56:23,734 [pool-553-thread-1] INFO  impl.RaftServerImpl (RaftServerImpl.java:start(209)) - 5a42b6c6-dd9e-4bd1-bc6a-89f7d8f7d666@group-B0C851E909BF: start as a follower, conf=-1: [5a42b6c6-dd9e-4bd1-bc6a-89f7d8f7d666:172.17.0.2:42521:0], old=null
2020-10-27 07:56:23,734 [pool-553-thread-1] INFO  impl.RaftServerImpl (RaftServerImpl.java:setRole(198)) - 5a42b6c6-dd9e-4bd1-bc6a-89f7d8f7d666@group-B0C851E909BF: changes role from      null to FOLLOWER at term 0 for startAsFollower
2020-10-27 07:56:23,734 [pool-553-thread-1] INFO  impl.RoleInfo (RoleInfo.java:updateAndGet(143)) - 5a42b6c6-dd9e-4bd1-bc6a-89f7d8f7d666: start FollowerState
2020-10-27 07:56:23,734 [pool-553-thread-1] INFO  util.JmxRegister (JmxRegister.java:tryRegister(44)) - Successfully registered JMX Bean with object name Ratis:service=RaftServer,group=group-B0C851E909BF,id=5a42b6c6-dd9e-4bd1-bc6a-89f7d8f7d666
2020-10-27 07:56:23,734 [pool-553-thread-1] INFO  metrics.RatisMetrics (RatisMetrics.java:lambda$create$0(36)) - Creating Metrics Registry : ratis.state_machine.5a42b6c6-dd9e-4bd1-bc6a-89f7d8f7d666@group-B0C851E909BF
2020-10-27 07:56:23,735 [Command processor thread] INFO  commandhandler.CreatePipelineCommandHandler (CreatePipelineCommandHandler.java:handle(112)) - Created Pipeline RATIS ONE #id: "cac3be28-4f91-4a47-8927-b0c851e909bf"
uuid128 {
  mostSigBits: -3836013377246639545
  leastSigBits: -8563681792007534145
}
.
2020-10-27 07:56:23,892 [Command processor thread] INFO  impl.RaftServerProxy (RaftServerProxy.java:addNew(92)) - 50760c4e-b8f4-4c7a-910b-93b335267e74: addNew group-918CF2214A87:[50760c4e-b8f4-4c7a-910b-93b335267e74:172.17.0.2:37177:0] returns group-918CF2214A87:java.util.concurrent.CompletableFuture@2bf78a1f[Not completed]
2020-10-27 07:56:23,893 [pool-568-thread-1] INFO  impl.RaftServerImpl (RaftServerImpl.java:<init>(120)) - 50760c4e-b8f4-4c7a-910b-93b335267e74: new RaftServerImpl for group-918CF2214A87:[50760c4e-b8f4-4c7a-910b-93b335267e74:172.17.0.2:37177:0] with ContainerStateMachine:uninitialized
2020-10-27 07:56:23,893 [pool-568-thread-1] INFO  server.RaftServerConfigKeys (ConfUtils.java:logGet(44)) - raft.server.rpc.timeout.min = 5s (custom)
2020-10-27 07:56:23,893 [pool-568-thread-1] INFO  server.RaftServerConfigKeys (ConfUtils.java:logGet(44)) - raft.server.rpc.timeout.max = 5200ms (custom)
2020-10-27 07:56:23,893 [pool-568-thread-1] INFO  server.RaftServerConfigKeys (ConfUtils.java:logGet(44)) - raft.server.rpcslowness.timeout = 300000ms (custom)
2020-10-27 07:56:23,893 [pool-568-thread-1] INFO  server.RaftServerConfigKeys (ConfUtils.java:logGet(44)) - raft.server.sleep.deviation.threshold = 300 (default)
2020-10-27 07:56:23,893 [pool-568-thread-1] INFO  server.RaftServerConfigKeys (ConfUtils.java:logGet(44)) - raft.server.log.appender.install.snapshot.enabled = false (custom)
2020-10-27 07:56:23,894 [pool-568-thread-1] INFO  impl.RaftServerImpl (ServerState.java:<init>(104)) - 50760c4e-b8f4-4c7a-910b-93b335267e74@group-918CF2214A87: ConfigurationManager, init=-1: [50760c4e-b8f4-4c7a-910b-93b335267e74:172.17.0.2:37177:0], old=null, confs=<EMPTY_MAP>
2020-10-27 07:56:23,894 [pool-568-thread-1] INFO  server.RaftServerConfigKeys (ConfUtils.java:logGet(44)) - raft.server.storage.dir = [/github/workspace/mnt/ozone/hadoop-ozone/integration-test/target/test-dir/MiniOzoneClusterImpl-b0e8067d-8c2e-4ee5-9f61-8ad8788f9080/datanode-2/data/ratis] (custom)
2020-10-27 07:56:23,894 [pool-568-thread-1] INFO  server.RaftServerConfigKeys (ConfUtils.java:logGet(44)) - raft.server.log.corruption.policy = EXCEPTION (default)
2020-10-27 07:56:23,894 [pool-568-thread-1] INFO  storage.RaftStorageDirectory (RaftStorageDirectory.java:analyzeStorage(261)) - The storage directory /github/workspace/mnt/ozone/hadoop-ozone/integration-test/target/test-dir/MiniOzoneClusterImpl-b0e8067d-8c2e-4ee5-9f61-8ad8788f9080/datanode-2/data/ratis/b6d517f0-9649-43d8-b207-918cf2214a87 does not exist. Creating ...
2020-10-27 07:56:23,896 [pool-568-thread-1] INFO  storage.RaftStorageDirectory (RaftStorageDirectory.java:tryLock(343)) - Lock on /github/workspace/mnt/ozone/hadoop-ozone/integration-test/target/test-dir/MiniOzoneClusterImpl-b0e8067d-8c2e-4ee5-9f61-8ad8788f9080/datanode-2/data/ratis/b6d517f0-9649-43d8-b207-918cf2214a87/in_use.lock acquired by nodename 32090@347446dca554
2020-10-27 07:56:23,897 [pool-568-thread-1] INFO  storage.RaftStorage (RaftStorage.java:format(84)) - Storage directory /github/workspace/mnt/ozone/hadoop-ozone/integration-test/target/test-dir/MiniOzoneClusterImpl-b0e8067d-8c2e-4ee5-9f61-8ad8788f9080/datanode-2/data/ratis/b6d517f0-9649-43d8-b207-918cf2214a87 has been successfully formatted.
2020-10-27 07:56:23,897 [pool-568-thread-1] INFO  ratis.ContainerStateMachine (ContainerStateMachine.java:loadSnapshot(225)) - group-918CF2214A87: The snapshot info is null. Setting the last applied indexto:(t:0, i:~)
2020-10-27 07:56:23,898 [pool-568-thread-1] INFO  server.RaftServerConfigKeys (ConfUtils.java:logGet(44)) - raft.server.notification.no-leader.timeout = 300000ms (custom)
2020-10-27 07:56:23,898 [pool-568-thread-1] INFO  server.RaftServerConfigKeys (ConfUtils.java:logGet(44)) - raft.server.log.use.memory = false (default)
2020-10-27 07:56:23,898 [EventQueue-PipelineReportForPipelineReportHandler] INFO  pipeline.PipelineStateManager (PipelineStateManager.java:openPipeline(132)) - Pipeline Pipeline[ Id: b6d517f0-9649-43d8-b207-918cf2214a87, Nodes: 50760c4e-b8f4-4c7a-910b-93b335267e74{ip: 172.17.0.2, host: 347446dca554, networkLocation: /default-rack, certSerialId: null}, Type:RATIS, Factor:ONE, State:ALLOCATED, leaderId:50760c4e-b8f4-4c7a-910b-93b335267e74, CreationTimestamp2020-10-27T07:56:20.895Z] moved to OPEN state
2020-10-27 07:56:23,899 [pool-568-thread-1] INFO  server.RaftServerConfigKeys (ConfUtils.java:logGet(44)) - raft.server.log.purge.gap = 1000000 (custom)
2020-10-27 07:56:23,899 [EventQueue-OpenPipelineForHealthyPipelineSafeModeRule] INFO  safemode.SCMSafeModeManager (HealthyPipelineSafeModeRule.java:process(129)) - SCM in safe mode. Healthy pipelines reported count is 0, required healthy pipeline reported count is 1
2020-10-27 07:56:23,899 [EventQueue-OpenPipelineForOneReplicaPipelineSafeModeRule] INFO  safemode.SCMSafeModeManager (SCMSafeModeManager.java:validateSafeModeExitRules(214)) - AtleastOneDatanodeReportedRule rule is successfully validated
2020-10-27 07:56:23,899 [pool-568-thread-1] INFO  metrics.RatisMetrics (RatisMetrics.java:lambda$create$0(36)) - Creating Metrics Registry : ratis.log_worker.50760c4e-b8f4-4c7a-910b-93b335267e74@group-918CF2214A87
2020-10-27 07:56:23,899 [pool-568-thread-1] INFO  server.RaftServerConfigKeys (ConfUtils.java:logGet(44)) - raft.server.log.appender.buffer.byte-limit = 33554432 (custom)
2020-10-27 07:56:23,899 [pool-568-thread-1] INFO  server.RaftServerConfigKeys (ConfUtils.java:logGet(44)) - raft.server.log.segment.size.max = 1048576 (custom)
2020-10-27 07:56:23,900 [pool-568-thread-1] INFO  server.RaftServerConfigKeys (ConfUtils.java:logGet(44)) - raft.server.log.segment.cache.num.max = 2 (custom)
2020-10-27 07:56:23,900 [pool-568-thread-1] INFO  segmented.SegmentedRaftLogWorker (SegmentedRaftLogWorker.java:<init>(180)) - new 50760c4e-b8f4-4c7a-910b-93b335267e74@group-918CF2214A87-SegmentedRaftLogWorker for RaftStorage:Storage Directory /github/workspace/mnt/ozone/hadoop-ozone/integration-test/target/test-dir/MiniOzoneClusterImpl-b0e8067d-8c2e-4ee5-9f61-8ad8788f9080/datanode-2/data/ratis/b6d517f0-9649-43d8-b207-918cf2214a87
2020-10-27 07:56:23,900 [pool-568-thread-1] INFO  server.RaftServerConfigKeys (ConfUtils.java:logGet(44)) - raft.server.log.queue.byte-limit = 2147483647 (custom)
2020-10-27 07:56:23,900 [pool-568-thread-1] INFO  server.RaftServerConfigKeys (ConfUtils.java:logGet(44)) - raft.server.log.queue.element-limit = 1024 (custom)
2020-10-27 07:56:23,900 [pool-568-thread-1] INFO  server.RaftServerConfigKeys (ConfUtils.java:logGet(44)) - raft.server.log.segment.size.max = 1048576 (custom)
2020-10-27 07:56:23,900 [pool-568-thread-1] INFO  server.RaftServerConfigKeys (ConfUtils.java:logGet(44)) - raft.server.log.preallocated.size = 16384 (custom)
2020-10-27 07:56:23,900 [pool-568-thread-1] INFO  server.RaftServerConfigKeys (ConfUtils.java:logGet(44)) - raft.server.log.write.buffer.size = 1048576 (custom)
2020-10-27 07:56:23,900 [pool-568-thread-1] INFO  server.RaftServerConfigKeys (ConfUtils.java:logGet(44)) - raft.server.log.force.sync.num = 128 (default)
2020-10-27 07:56:23,900 [pool-568-thread-1] INFO  server.RaftServerConfigKeys (ConfUtils.java:logGet(44)) - raft.server.log.statemachine.data.sync = true (default)
2020-10-27 07:56:23,901 [pool-568-thread-1] INFO  server.RaftServerConfigKeys (ConfUtils.java:logGet(44)) - raft.server.log.statemachine.data.sync.timeout = 10s (default)
2020-10-27 07:56:23,901 [pool-568-thread-1] INFO  server.RaftServerConfigKeys (ConfUtils.java:logGet(44)) - raft.server.log.statemachine.data.sync.timeout.retry = -1 (default)
2020-10-27 07:56:23,903 [pool-568-thread-1] INFO  server.RaftServerConfigKeys (ConfUtils.java:logGet(44)) - raft.server.log.statemachine.data.caching.enabled = true (custom)
2020-10-27 07:56:23,904 [pool-568-thread-1] INFO  segmented.SegmentedRaftLogWorker (SegmentedRaftLogWorker.java:lambda$new$0(129)) - 50760c4e-b8f4-4c7a-910b-93b335267e74@group-918CF2214A87-SegmentedRaftLogWorker: flushIndex: setUnconditionally 0 -> -1
2020-10-27 07:56:23,904 [pool-568-thread-1] INFO  segmented.SegmentedRaftLogWorker (SegmentedRaftLogWorker.java:lambda$new$0(129)) - 50760c4e-b8f4-4c7a-910b-93b335267e74@group-918CF2214A87-SegmentedRaftLogWorker: safeCacheEvictIndex: setUnconditionally 0 -> -1
2020-10-27 07:56:23,907 [pool-568-thread-1] INFO  server.RaftServerConfigKeys (ConfUtils.java:logGet(44)) - raft.server.snapshot.auto.trigger.enabled = true (custom)
2020-10-27 07:56:23,907 [pool-568-thread-1] INFO  server.RaftServerConfigKeys (ConfUtils.java:logGet(44)) - raft.server.snapshot.auto.trigger.threshold = 10000 (custom)
2020-10-27 07:56:23,907 [pool-568-thread-1] INFO  server.RaftServerConfigKeys (ConfUtils.java:logGet(44)) - raft.server.snapshot.retention.file.num = 5 (custom)
2020-10-27 07:56:23,907 [pool-568-thread-1] INFO  server.RaftServerConfigKeys (ConfUtils.java:logGet(44)) - raft.server.log.purge.upto.snapshot.index = false (default)
2020-10-27 07:56:23,907 [pool-568-thread-1] INFO  server.RaftServerConfigKeys (ConfUtils.java:logGet(44)) - raft.server.retrycache.expirytime = 600000ms (custom)
2020-10-27 07:56:23,907 [pool-568-thread-1] INFO  metrics.RatisMetrics (RatisMetrics.java:lambda$create$0(36)) - Creating Metrics Registry : ratis.leader_election.50760c4e-b8f4-4c7a-910b-93b335267e74@group-918CF2214A87
2020-10-27 07:56:23,908 [pool-568-thread-1] INFO  metrics.RatisMetrics (RatisMetrics.java:lambda$create$0(36)) - Creating Metrics Registry : ratis.server.50760c4e-b8f4-4c7a-910b-93b335267e74@group-918CF2214A87
2020-10-27 07:56:23,909 [pool-568-thread-1] INFO  impl.RaftServerImpl (RaftServerImpl.java:start(209)) - 50760c4e-b8f4-4c7a-910b-93b335267e74@group-918CF2214A87: start as a follower, conf=-1: [50760c4e-b8f4-4c7a-910b-93b335267e74:172.17.0.2:37177:0], old=null
2020-10-27 07:56:23,909 [pool-568-thread-1] INFO  impl.RaftServerImpl (RaftServerImpl.java:setRole(198)) - 50760c4e-b8f4-4c7a-910b-93b335267e74@group-918CF2214A87: changes role from      null to FOLLOWER at term 0 for startAsFollower
2020-10-27 07:56:23,909 [pool-568-thread-1] INFO  impl.RoleInfo (RoleInfo.java:updateAndGet(143)) - 50760c4e-b8f4-4c7a-910b-93b335267e74: start FollowerState
2020-10-27 07:56:23,909 [pool-568-thread-1] INFO  util.JmxRegister (JmxRegister.java:tryRegister(44)) - Successfully registered JMX Bean with object name Ratis:service=RaftServer,group=group-918CF2214A87,id=50760c4e-b8f4-4c7a-910b-93b335267e74
2020-10-27 07:56:23,910 [pool-568-thread-1] INFO  metrics.RatisMetrics (RatisMetrics.java:lambda$create$0(36)) - Creating Metrics Registry : ratis.state_machine.50760c4e-b8f4-4c7a-910b-93b335267e74@group-918CF2214A87
2020-10-27 07:56:23,910 [Command processor thread] INFO  commandhandler.CreatePipelineCommandHandler (CreatePipelineCommandHandler.java:handle(112)) - Created Pipeline RATIS ONE #id: "b6d517f0-9649-43d8-b207-918cf2214a87"
uuid128 {
  mostSigBits: -5272281466686323752
  leastSigBits: -5618361975577687417
}
.
2020-10-27 07:56:24,198 [Command processor thread] INFO  impl.RaftServerProxy (RaftServerProxy.java:addNew(92)) - b77cbe1e-ed1a-4737-93b5-f86fbb6cb132: addNew group-7E4FBFC52E3B:[b77cbe1e-ed1a-4737-93b5-f86fbb6cb132:172.17.0.2:38841:0] returns group-7E4FBFC52E3B:java.util.concurrent.CompletableFuture@43a2fc3c[Not completed]
2020-10-27 07:56:24,200 [pool-583-thread-1] INFO  impl.RaftServerImpl (RaftServerImpl.java:<init>(120)) - b77cbe1e-ed1a-4737-93b5-f86fbb6cb132: new RaftServerImpl for group-7E4FBFC52E3B:[b77cbe1e-ed1a-4737-93b5-f86fbb6cb132:172.17.0.2:38841:0] with ContainerStateMachine:uninitialized
2020-10-27 07:56:24,200 [pool-583-thread-1] INFO  server.RaftServerConfigKeys (ConfUtils.java:logGet(44)) - raft.server.rpc.timeout.min = 5s (custom)
2020-10-27 07:56:24,200 [pool-583-thread-1] INFO  server.RaftServerConfigKeys (ConfUtils.java:logGet(44)) - raft.server.rpc.timeout.max = 5200ms (custom)
2020-10-27 07:56:24,200 [pool-583-thread-1] INFO  server.RaftServerConfigKeys (ConfUtils.java:logGet(44)) - raft.server.rpcslowness.timeout = 300000ms (custom)
2020-10-27 07:56:24,200 [pool-583-thread-1] INFO  server.RaftServerConfigKeys (ConfUtils.java:logGet(44)) - raft.server.sleep.deviation.threshold = 300 (default)
2020-10-27 07:56:24,201 [pool-583-thread-1] INFO  server.RaftServerConfigKeys (ConfUtils.java:logGet(44)) - raft.server.log.appender.install.snapshot.enabled = false (custom)
2020-10-27 07:56:24,201 [pool-583-thread-1] INFO  impl.RaftServerImpl (ServerState.java:<init>(104)) - b77cbe1e-ed1a-4737-93b5-f86fbb6cb132@group-7E4FBFC52E3B: ConfigurationManager, init=-1: [b77cbe1e-ed1a-4737-93b5-f86fbb6cb132:172.17.0.2:38841:0], old=null, confs=<EMPTY_MAP>
2020-10-27 07:56:24,201 [pool-583-thread-1] INFO  server.RaftServerConfigKeys (ConfUtils.java:logGet(44)) - raft.server.storage.dir = [/github/workspace/mnt/ozone/hadoop-ozone/integration-test/target/test-dir/MiniOzoneClusterImpl-b0e8067d-8c2e-4ee5-9f61-8ad8788f9080/datanode-3/data/ratis] (custom)
2020-10-27 07:56:24,201 [pool-583-thread-1] INFO  server.RaftServerConfigKeys (ConfUtils.java:logGet(44)) - raft.server.log.corruption.policy = EXCEPTION (default)
2020-10-27 07:56:24,201 [pool-583-thread-1] INFO  storage.RaftStorageDirectory (RaftStorageDirectory.java:analyzeStorage(261)) - The storage directory /github/workspace/mnt/ozone/hadoop-ozone/integration-test/target/test-dir/MiniOzoneClusterImpl-b0e8067d-8c2e-4ee5-9f61-8ad8788f9080/datanode-3/data/ratis/d490d42b-bb64-4062-ba62-7e4fbfc52e3b does not exist. Creating ...
2020-10-27 07:56:24,202 [Listener at 127.0.0.1/35583] INFO  ozone.MiniOzoneClusterImpl (MiniOzoneClusterImpl.java:lambda$waitForClusterToBeReady$0(177)) - Nodes are ready. Got 9 of 9 DN Heartbeats.
2020-10-27 07:56:24,202 [Listener at 127.0.0.1/35583] INFO  ozone.MiniOzoneClusterImpl (MiniOzoneClusterImpl.java:lambda$waitForClusterToBeReady$0(180)) - Waiting for cluster to exit safe mode
2020-10-27 07:56:24,203 [pool-583-thread-1] INFO  storage.RaftStorageDirectory (RaftStorageDirectory.java:tryLock(343)) - Lock on /github/workspace/mnt/ozone/hadoop-ozone/integration-test/target/test-dir/MiniOzoneClusterImpl-b0e8067d-8c2e-4ee5-9f61-8ad8788f9080/datanode-3/data/ratis/d490d42b-bb64-4062-ba62-7e4fbfc52e3b/in_use.lock acquired by nodename 32090@347446dca554
2020-10-27 07:56:24,204 [pool-583-thread-1] INFO  storage.RaftStorage (RaftStorage.java:format(84)) - Storage directory /github/workspace/mnt/ozone/hadoop-ozone/integration-test/target/test-dir/MiniOzoneClusterImpl-b0e8067d-8c2e-4ee5-9f61-8ad8788f9080/datanode-3/data/ratis/d490d42b-bb64-4062-ba62-7e4fbfc52e3b has been successfully formatted.
2020-10-27 07:56:24,205 [pool-583-thread-1] INFO  ratis.ContainerStateMachine (ContainerStateMachine.java:loadSnapshot(225)) - group-7E4FBFC52E3B: The snapshot info is null. Setting the last applied indexto:(t:0, i:~)
2020-10-27 07:56:24,205 [pool-583-thread-1] INFO  server.RaftServerConfigKeys (ConfUtils.java:logGet(44)) - raft.server.notification.no-leader.timeout = 300000ms (custom)
2020-10-27 07:56:24,205 [EventQueue-PipelineReportForPipelineReportHandler] INFO  pipeline.PipelineStateManager (PipelineStateManager.java:openPipeline(132)) - Pipeline Pipeline[ Id: d490d42b-bb64-4062-ba62-7e4fbfc52e3b, Nodes: b77cbe1e-ed1a-4737-93b5-f86fbb6cb132{ip: 172.17.0.2, host: 347446dca554, networkLocation: /default-rack, certSerialId: null}, Type:RATIS, Factor:ONE, State:ALLOCATED, leaderId:b77cbe1e-ed1a-4737-93b5-f86fbb6cb132, CreationTimestamp2020-10-27T07:56:21.201Z] moved to OPEN state
2020-10-27 07:56:24,205 [pool-583-thread-1] INFO  server.RaftServerConfigKeys (ConfUtils.java:logGet(44)) - raft.server.log.use.memory = false (default)
2020-10-27 07:56:24,205 [EventQueue-OpenPipelineForHealthyPipelineSafeModeRule] INFO  safemode.SCMSafeModeManager (HealthyPipelineSafeModeRule.java:process(129)) - SCM in safe mode. Healthy pipelines reported count is 0, required healthy pipeline reported count is 1
2020-10-27 07:56:24,205 [EventQueue-OpenPipelineForOneReplicaPipelineSafeModeRule] INFO  safemode.SCMSafeModeManager (SCMSafeModeManager.java:validateSafeModeExitRules(214)) - AtleastOneDatanodeReportedRule rule is successfully validated
2020-10-27 07:56:24,205 [pool-583-thread-1] INFO  server.RaftServerConfigKeys (ConfUtils.java:logGet(44)) - raft.server.log.purge.gap = 1000000 (custom)
2020-10-27 07:56:24,206 [pool-583-thread-1] INFO  metrics.RatisMetrics (RatisMetrics.java:lambda$create$0(36)) - Creating Metrics Registry : ratis.log_worker.b77cbe1e-ed1a-4737-93b5-f86fbb6cb132@group-7E4FBFC52E3B
2020-10-27 07:56:24,206 [pool-583-thread-1] INFO  server.RaftServerConfigKeys (ConfUtils.java:logGet(44)) - raft.server.log.appender.buffer.byte-limit = 33554432 (custom)
2020-10-27 07:56:24,206 [pool-583-thread-1] INFO  server.RaftServerConfigKeys (ConfUtils.java:logGet(44)) - raft.server.log.segment.size.max = 1048576 (custom)
2020-10-27 07:56:24,207 [pool-583-thread-1] INFO  server.RaftServerConfigKeys (ConfUtils.java:logGet(44)) - raft.server.log.segment.cache.num.max = 2 (custom)
2020-10-27 07:56:24,207 [pool-583-thread-1] INFO  segmented.SegmentedRaftLogWorker (SegmentedRaftLogWorker.java:<init>(180)) - new b77cbe1e-ed1a-4737-93b5-f86fbb6cb132@group-7E4FBFC52E3B-SegmentedRaftLogWorker for RaftStorage:Storage Directory /github/workspace/mnt/ozone/hadoop-ozone/integration-test/target/test-dir/MiniOzoneClusterImpl-b0e8067d-8c2e-4ee5-9f61-8ad8788f9080/datanode-3/data/ratis/d490d42b-bb64-4062-ba62-7e4fbfc52e3b
2020-10-27 07:56:24,207 [pool-583-thread-1] INFO  server.RaftServerConfigKeys (ConfUtils.java:logGet(44)) - raft.server.log.queue.byte-limit = 2147483647 (custom)
2020-10-27 07:56:24,207 [pool-583-thread-1] INFO  server.RaftServerConfigKeys (ConfUtils.java:logGet(44)) - raft.server.log.queue.element-limit = 1024 (custom)
2020-10-27 07:56:24,207 [pool-583-thread-1] INFO  server.RaftServerConfigKeys (ConfUtils.java:logGet(44)) - raft.server.log.segment.size.max = 1048576 (custom)
2020-10-27 07:56:24,207 [pool-583-thread-1] INFO  server.RaftServerConfigKeys (ConfUtils.java:logGet(44)) - raft.server.log.preallocated.size = 16384 (custom)
2020-10-27 07:56:24,207 [pool-583-thread-1] INFO  server.RaftServerConfigKeys (ConfUtils.java:logGet(44)) - raft.server.log.write.buffer.size = 1048576 (custom)
2020-10-27 07:56:24,207 [pool-583-thread-1] INFO  server.RaftServerConfigKeys (ConfUtils.java:logGet(44)) - raft.server.log.force.sync.num = 128 (default)
2020-10-27 07:56:24,207 [pool-583-thread-1] INFO  server.RaftServerConfigKeys (ConfUtils.java:logGet(44)) - raft.server.log.statemachine.data.sync = true (default)
2020-10-27 07:56:24,207 [pool-583-thread-1] INFO  server.RaftServerConfigKeys (ConfUtils.java:logGet(44)) - raft.server.log.statemachine.data.sync.timeout = 10s (default)
2020-10-27 07:56:24,207 [pool-583-thread-1] INFO  server.RaftServerConfigKeys (ConfUtils.java:logGet(44)) - raft.server.log.statemachine.data.sync.timeout.retry = -1 (default)
2020-10-27 07:56:24,209 [pool-583-thread-1] INFO  server.RaftServerConfigKeys (ConfUtils.java:logGet(44)) - raft.server.log.statemachine.data.caching.enabled = true (custom)
2020-10-27 07:56:24,209 [pool-583-thread-1] INFO  segmented.SegmentedRaftLogWorker (SegmentedRaftLogWorker.java:lambda$new$0(129)) - b77cbe1e-ed1a-4737-93b5-f86fbb6cb132@group-7E4FBFC52E3B-SegmentedRaftLogWorker: flushIndex: setUnconditionally 0 -> -1
2020-10-27 07:56:24,209 [pool-583-thread-1] INFO  segmented.SegmentedRaftLogWorker (SegmentedRaftLogWorker.java:lambda$new$0(129)) - b77cbe1e-ed1a-4737-93b5-f86fbb6cb132@group-7E4FBFC52E3B-SegmentedRaftLogWorker: safeCacheEvictIndex: setUnconditionally 0 -> -1
2020-10-27 07:56:24,210 [pool-583-thread-1] INFO  server.RaftServerConfigKeys (ConfUtils.java:logGet(44)) - raft.server.snapshot.auto.trigger.enabled = true (custom)
2020-10-27 07:56:24,210 [pool-583-thread-1] INFO  server.RaftServerConfigKeys (ConfUtils.java:logGet(44)) - raft.server.snapshot.auto.trigger.threshold = 10000 (custom)
2020-10-27 07:56:24,211 [pool-583-thread-1] INFO  server.RaftServerConfigKeys (ConfUtils.java:logGet(44)) - raft.server.snapshot.retention.file.num = 5 (custom)
2020-10-27 07:56:24,211 [pool-583-thread-1] INFO  server.RaftServerConfigKeys (ConfUtils.java:logGet(44)) - raft.server.log.purge.upto.snapshot.index = false (default)
2020-10-27 07:56:24,211 [pool-583-thread-1] INFO  server.RaftServerConfigKeys (ConfUtils.java:logGet(44)) - raft.server.retrycache.expirytime = 600000ms (custom)
2020-10-27 07:56:24,211 [pool-583-thread-1] INFO  metrics.RatisMetrics (RatisMetrics.java:lambda$create$0(36)) - Creating Metrics Registry : ratis.leader_election.b77cbe1e-ed1a-4737-93b5-f86fbb6cb132@group-7E4FBFC52E3B
2020-10-27 07:56:24,211 [pool-583-thread-1] INFO  metrics.RatisMetrics (RatisMetrics.java:lambda$create$0(36)) - Creating Metrics Registry : ratis.server.b77cbe1e-ed1a-4737-93b5-f86fbb6cb132@group-7E4FBFC52E3B
2020-10-27 07:56:24,213 [pool-583-thread-1] INFO  impl.RaftServerImpl (RaftServerImpl.java:start(209)) - b77cbe1e-ed1a-4737-93b5-f86fbb6cb132@group-7E4FBFC52E3B: start as a follower, conf=-1: [b77cbe1e-ed1a-4737-93b5-f86fbb6cb132:172.17.0.2:38841:0], old=null
2020-10-27 07:56:24,213 [pool-583-thread-1] INFO  impl.RaftServerImpl (RaftServerImpl.java:setRole(198)) - b77cbe1e-ed1a-4737-93b5-f86fbb6cb132@group-7E4FBFC52E3B: changes role from      null to FOLLOWER at term 0 for startAsFollower
2020-10-27 07:56:24,213 [pool-583-thread-1] INFO  impl.RoleInfo (RoleInfo.java:updateAndGet(143)) - b77cbe1e-ed1a-4737-93b5-f86fbb6cb132: start FollowerState
2020-10-27 07:56:24,213 [pool-583-thread-1] INFO  util.JmxRegister (JmxRegister.java:tryRegister(44)) - Successfully registered JMX Bean with object name Ratis:service=RaftServer,group=group-7E4FBFC52E3B,id=b77cbe1e-ed1a-4737-93b5-f86fbb6cb132
2020-10-27 07:56:24,213 [pool-583-thread-1] INFO  metrics.RatisMetrics (RatisMetrics.java:lambda$create$0(36)) - Creating Metrics Registry : ratis.state_machine.b77cbe1e-ed1a-4737-93b5-f86fbb6cb132@group-7E4FBFC52E3B
2020-10-27 07:56:24,214 [Command processor thread] INFO  commandhandler.CreatePipelineCommandHandler (CreatePipelineCommandHandler.java:handle(112)) - Created Pipeline RATIS ONE #id: "d490d42b-bb64-4062-ba62-7e4fbfc52e3b"
uuid128 {
  mostSigBits: -3129768456729903006
  leastSigBits: -5016308153952424389
}
.
2020-10-27 07:56:24,215 [Command processor thread] INFO  impl.RaftServerProxy (RaftServerProxy.java:addNew(92)) - b77cbe1e-ed1a-4737-93b5-f86fbb6cb132: addNew group-CF6C9F099C50:[b77cbe1e-ed1a-4737-93b5-f86fbb6cb132:172.17.0.2:38841:0, 52e82a1b-eb35-4884-8f1f-44848255b0d1:172.17.0.2:42111:0, 792e461b-f046-4951-90b3-af633f6cddcd:172.17.0.2:37511:0] returns group-CF6C9F099C50:java.util.concurrent.CompletableFuture@479d6090[Not completed]
2020-10-27 07:56:24,215 [pool-583-thread-1] INFO  impl.RaftServerImpl (RaftServerImpl.java:<init>(120)) - b77cbe1e-ed1a-4737-93b5-f86fbb6cb132: new RaftServerImpl for group-CF6C9F099C50:[b77cbe1e-ed1a-4737-93b5-f86fbb6cb132:172.17.0.2:38841:0, 52e82a1b-eb35-4884-8f1f-44848255b0d1:172.17.0.2:42111:0, 792e461b-f046-4951-90b3-af633f6cddcd:172.17.0.2:37511:0] with ContainerStateMachine:uninitialized
2020-10-27 07:56:24,215 [pool-583-thread-1] INFO  server.RaftServerConfigKeys (ConfUtils.java:logGet(44)) - raft.server.rpc.timeout.min = 5s (custom)
2020-10-27 07:56:24,215 [pool-583-thread-1] INFO  server.RaftServerConfigKeys (ConfUtils.java:logGet(44)) - raft.server.rpc.timeout.max = 5200ms (custom)
2020-10-27 07:56:24,215 [pool-583-thread-1] INFO  server.RaftServerConfigKeys (ConfUtils.java:logGet(44)) - raft.server.rpcslowness.timeout = 300000ms (custom)
2020-10-27 07:56:24,215 [pool-583-thread-1] INFO  server.RaftServerConfigKeys (ConfUtils.java:logGet(44)) - raft.server.sleep.deviation.threshold = 300 (default)
2020-10-27 07:56:24,215 [pool-583-thread-1] INFO  server.RaftServerConfigKeys (ConfUtils.java:logGet(44)) - raft.server.log.appender.install.snapshot.enabled = false (custom)
2020-10-27 07:56:24,216 [pool-583-thread-1] INFO  impl.RaftServerImpl (ServerState.java:<init>(104)) - b77cbe1e-ed1a-4737-93b5-f86fbb6cb132@group-CF6C9F099C50: ConfigurationManager, init=-1: [b77cbe1e-ed1a-4737-93b5-f86fbb6cb132:172.17.0.2:38841:0, 52e82a1b-eb35-4884-8f1f-44848255b0d1:172.17.0.2:42111:0, 792e461b-f046-4951-90b3-af633f6cddcd:172.17.0.2:37511:0], old=null, confs=<EMPTY_MAP>
2020-10-27 07:56:24,216 [pool-583-thread-1] INFO  server.RaftServerConfigKeys (ConfUtils.java:logGet(44)) - raft.server.storage.dir = [/github/workspace/mnt/ozone/hadoop-ozone/integration-test/target/test-dir/MiniOzoneClusterImpl-b0e8067d-8c2e-4ee5-9f61-8ad8788f9080/datanode-3/data/ratis] (custom)
2020-10-27 07:56:24,216 [pool-583-thread-1] INFO  server.RaftServerConfigKeys (ConfUtils.java:logGet(44)) - raft.server.log.corruption.policy = EXCEPTION (default)
2020-10-27 07:56:24,216 [pool-583-thread-1] INFO  storage.RaftStorageDirectory (RaftStorageDirectory.java:analyzeStorage(261)) - The storage directory /github/workspace/mnt/ozone/hadoop-ozone/integration-test/target/test-dir/MiniOzoneClusterImpl-b0e8067d-8c2e-4ee5-9f61-8ad8788f9080/datanode-3/data/ratis/2f0c025d-201b-4ab0-a78f-cf6c9f099c50 does not exist. Creating ...
2020-10-27 07:56:24,217 [pool-583-thread-1] INFO  storage.RaftStorageDirectory (RaftStorageDirectory.java:tryLock(343)) - Lock on /github/workspace/mnt/ozone/hadoop-ozone/integration-test/target/test-dir/MiniOzoneClusterImpl-b0e8067d-8c2e-4ee5-9f61-8ad8788f9080/datanode-3/data/ratis/2f0c025d-201b-4ab0-a78f-cf6c9f099c50/in_use.lock acquired by nodename 32090@347446dca554
2020-10-27 07:56:24,220 [pool-583-thread-1] INFO  storage.RaftStorage (RaftStorage.java:format(84)) - Storage directory /github/workspace/mnt/ozone/hadoop-ozone/integration-test/target/test-dir/MiniOzoneClusterImpl-b0e8067d-8c2e-4ee5-9f61-8ad8788f9080/datanode-3/data/ratis/2f0c025d-201b-4ab0-a78f-cf6c9f099c50 has been successfully formatted.
2020-10-27 07:56:24,220 [pool-583-thread-1] INFO  ratis.ContainerStateMachine (ContainerStateMachine.java:loadSnapshot(225)) - group-CF6C9F099C50: The snapshot info is null. Setting the last applied indexto:(t:0, i:~)
2020-10-27 07:56:24,220 [pool-583-thread-1] INFO  server.RaftServerConfigKeys (ConfUtils.java:logGet(44)) - raft.server.notification.no-leader.timeout = 300000ms (custom)
2020-10-27 07:56:24,220 [pool-583-thread-1] INFO  server.RaftServerConfigKeys (ConfUtils.java:logGet(44)) - raft.server.log.use.memory = false (default)
2020-10-27 07:56:24,220 [pool-583-thread-1] INFO  server.RaftServerConfigKeys (ConfUtils.java:logGet(44)) - raft.server.log.purge.gap = 1000000 (custom)
2020-10-27 07:56:24,220 [pool-583-thread-1] INFO  metrics.RatisMetrics (RatisMetrics.java:lambda$create$0(36)) - Creating Metrics Registry : ratis.log_worker.b77cbe1e-ed1a-4737-93b5-f86fbb6cb132@group-CF6C9F099C50
2020-10-27 07:56:24,220 [pool-583-thread-1] INFO  server.RaftServerConfigKeys (ConfUtils.java:logGet(44)) - raft.server.log.appender.buffer.byte-limit = 33554432 (custom)
2020-10-27 07:56:24,220 [pool-583-thread-1] INFO  server.RaftServerConfigKeys (ConfUtils.java:logGet(44)) - raft.server.log.segment.size.max = 1048576 (custom)
2020-10-27 07:56:24,221 [pool-583-thread-1] INFO  server.RaftServerConfigKeys (ConfUtils.java:logGet(44)) - raft.server.log.segment.cache.num.max = 2 (custom)
2020-10-27 07:56:24,221 [pool-583-thread-1] INFO  segmented.SegmentedRaftLogWorker (SegmentedRaftLogWorker.java:<init>(180)) - new b77cbe1e-ed1a-4737-93b5-f86fbb6cb132@group-CF6C9F099C50-SegmentedRaftLogWorker for RaftStorage:Storage Directory /github/workspace/mnt/ozone/hadoop-ozone/integration-test/target/test-dir/MiniOzoneClusterImpl-b0e8067d-8c2e-4ee5-9f61-8ad8788f9080/datanode-3/data/ratis/2f0c025d-201b-4ab0-a78f-cf6c9f099c50
2020-10-27 07:56:24,221 [pool-583-thread-1] INFO  server.RaftServerConfigKeys (ConfUtils.java:logGet(44)) - raft.server.log.queue.byte-limit = 2147483647 (custom)
2020-10-27 07:56:24,221 [pool-583-thread-1] INFO  server.RaftServerConfigKeys (ConfUtils.java:logGet(44)) - raft.server.log.queue.element-limit = 1024 (custom)
2020-10-27 07:56:24,221 [pool-583-thread-1] INFO  server.RaftServerConfigKeys (ConfUtils.java:logGet(44)) - raft.server.log.segment.size.max = 1048576 (custom)
2020-10-27 07:56:24,222 [pool-583-thread-1] INFO  server.RaftServerConfigKeys (ConfUtils.java:logGet(44)) - raft.server.log.preallocated.size = 16384 (custom)
2020-10-27 07:56:24,222 [pool-583-thread-1] INFO  server.RaftServerConfigKeys (ConfUtils.java:logGet(44)) - raft.server.log.write.buffer.size = 1048576 (custom)
2020-10-27 07:56:24,222 [pool-583-thread-1] INFO  server.RaftServerConfigKeys (ConfUtils.java:logGet(44)) - raft.server.log.force.sync.num = 128 (default)
2020-10-27 07:56:24,222 [pool-583-thread-1] INFO  server.RaftServerConfigKeys (ConfUtils.java:logGet(44)) - raft.server.log.statemachine.data.sync = true (default)
2020-10-27 07:56:24,222 [pool-583-thread-1] INFO  server.RaftServerConfigKeys (ConfUtils.java:logGet(44)) - raft.server.log.statemachine.data.sync.timeout = 10s (default)
2020-10-27 07:56:24,222 [pool-583-thread-1] INFO  server.RaftServerConfigKeys (ConfUtils.java:logGet(44)) - raft.server.log.statemachine.data.sync.timeout.retry = -1 (default)
2020-10-27 07:56:24,224 [pool-583-thread-1] INFO  server.RaftServerConfigKeys (ConfUtils.java:logGet(44)) - raft.server.log.statemachine.data.caching.enabled = true (custom)
2020-10-27 07:56:24,224 [pool-583-thread-1] INFO  segmented.SegmentedRaftLogWorker (SegmentedRaftLogWorker.java:lambda$new$0(129)) - b77cbe1e-ed1a-4737-93b5-f86fbb6cb132@group-CF6C9F099C50-SegmentedRaftLogWorker: flushIndex: setUnconditionally 0 -> -1
2020-10-27 07:56:24,224 [pool-583-thread-1] INFO  segmented.SegmentedRaftLogWorker (SegmentedRaftLogWorker.java:lambda$new$0(129)) - b77cbe1e-ed1a-4737-93b5-f86fbb6cb132@group-CF6C9F099C50-SegmentedRaftLogWorker: safeCacheEvictIndex: setUnconditionally 0 -> -1
2020-10-27 07:56:24,225 [pool-583-thread-1] INFO  server.RaftServerConfigKeys (ConfUtils.java:logGet(44)) - raft.server.snapshot.auto.trigger.enabled = true (custom)
2020-10-27 07:56:24,225 [pool-583-thread-1] INFO  server.RaftServerConfigKeys (ConfUtils.java:logGet(44)) - raft.server.snapshot.auto.trigger.threshold = 10000 (custom)
2020-10-27 07:56:24,225 [pool-583-thread-1] INFO  server.RaftServerConfigKeys (ConfUtils.java:logGet(44)) - raft.server.snapshot.retention.file.num = 5 (custom)
2020-10-27 07:56:24,225 [pool-583-thread-1] INFO  server.RaftServerConfigKeys (ConfUtils.java:logGet(44)) - raft.server.log.purge.upto.snapshot.index = false (default)
2020-10-27 07:56:24,225 [pool-583-thread-1] INFO  server.RaftServerConfigKeys (ConfUtils.java:logGet(44)) - raft.server.retrycache.expirytime = 600000ms (custom)
2020-10-27 07:56:24,225 [pool-583-thread-1] INFO  metrics.RatisMetrics (RatisMetrics.java:lambda$create$0(36)) - Creating Metrics Registry : ratis.leader_election.b77cbe1e-ed1a-4737-93b5-f86fbb6cb132@group-CF6C9F099C50
2020-10-27 07:56:24,226 [pool-583-thread-1] INFO  metrics.RatisMetrics (RatisMetrics.java:lambda$create$0(36)) - Creating Metrics Registry : ratis.server.b77cbe1e-ed1a-4737-93b5-f86fbb6cb132@group-CF6C9F099C50
2020-10-27 07:56:24,227 [pool-583-thread-1] INFO  impl.RaftServerImpl (RaftServerImpl.java:start(209)) - b77cbe1e-ed1a-4737-93b5-f86fbb6cb132@group-CF6C9F099C50: start as a follower, conf=-1: [b77cbe1e-ed1a-4737-93b5-f86fbb6cb132:172.17.0.2:38841:0, 52e82a1b-eb35-4884-8f1f-44848255b0d1:172.17.0.2:42111:0, 792e461b-f046-4951-90b3-af633f6cddcd:172.17.0.2:37511:0], old=null
2020-10-27 07:56:24,227 [pool-583-thread-1] INFO  impl.RaftServerImpl (RaftServerImpl.java:setRole(198)) - b77cbe1e-ed1a-4737-93b5-f86fbb6cb132@group-CF6C9F099C50: changes role from      null to FOLLOWER at term 0 for startAsFollower
2020-10-27 07:56:24,227 [pool-583-thread-1] INFO  impl.RoleInfo (RoleInfo.java:updateAndGet(143)) - b77cbe1e-ed1a-4737-93b5-f86fbb6cb132: start FollowerState
2020-10-27 07:56:24,227 [pool-583-thread-1] INFO  util.JmxRegister (JmxRegister.java:tryRegister(44)) - Successfully registered JMX Bean with object name Ratis:service=RaftServer,group=group-CF6C9F099C50,id=b77cbe1e-ed1a-4737-93b5-f86fbb6cb132
2020-10-27 07:56:24,228 [pool-583-thread-1] INFO  metrics.RatisMetrics (RatisMetrics.java:lambda$create$0(36)) - Creating Metrics Registry : ratis.state_machine.b77cbe1e-ed1a-4737-93b5-f86fbb6cb132@group-CF6C9F099C50
2020-10-27 07:56:24,229 [Command processor thread] INFO  metrics.RatisMetrics (RatisMetrics.java:lambda$create$0(36)) - Creating Metrics Registry : ratis.client_message_metrics.client-668891503CB2->792e461b-f046-4951-90b3-af633f6cddcd
2020-10-27 07:56:24,235 [grpc-default-executor-0] INFO  metrics.RatisMetrics (RatisMetrics.java:lambda$create$0(36)) - Creating Metrics Registry : ratis.server_message_metrics.792e461b-f046-4951-90b3-af633f6cddcd
2020-10-27 07:56:24,237 [grpc-default-executor-0] INFO  impl.RaftServerProxy (RaftServerProxy.java:addNew(92)) - 792e461b-f046-4951-90b3-af633f6cddcd: addNew group-CF6C9F099C50:[b77cbe1e-ed1a-4737-93b5-f86fbb6cb132:172.17.0.2:38841:0, 52e82a1b-eb35-4884-8f1f-44848255b0d1:172.17.0.2:42111:0, 792e461b-f046-4951-90b3-af633f6cddcd:172.17.0.2:37511:0] returns group-CF6C9F099C50:java.util.concurrent.CompletableFuture@34acc077[Not completed]
2020-10-27 07:56:24,238 [pool-598-thread-1] INFO  impl.RaftServerImpl (RaftServerImpl.java:<init>(120)) - 792e461b-f046-4951-90b3-af633f6cddcd: new RaftServerImpl for group-CF6C9F099C50:[b77cbe1e-ed1a-4737-93b5-f86fbb6cb132:172.17.0.2:38841:0, 52e82a1b-eb35-4884-8f1f-44848255b0d1:172.17.0.2:42111:0, 792e461b-f046-4951-90b3-af633f6cddcd:172.17.0.2:37511:0] with ContainerStateMachine:uninitialized
2020-10-27 07:56:24,238 [pool-598-thread-1] INFO  server.RaftServerConfigKeys (ConfUtils.java:logGet(44)) - raft.server.rpc.timeout.min = 5s (custom)
2020-10-27 07:56:24,238 [pool-598-thread-1] INFO  server.RaftServerConfigKeys (ConfUtils.java:logGet(44)) - raft.server.rpc.timeout.max = 5200ms (custom)
2020-10-27 07:56:24,238 [pool-598-thread-1] INFO  server.RaftServerConfigKeys (ConfUtils.java:logGet(44)) - raft.server.rpcslowness.timeout = 300000ms (custom)
2020-10-27 07:56:24,238 [pool-598-thread-1] INFO  server.RaftServerConfigKeys (ConfUtils.java:logGet(44)) - raft.server.sleep.deviation.threshold = 300 (default)
2020-10-27 07:56:24,238 [pool-598-thread-1] INFO  server.RaftServerConfigKeys (ConfUtils.java:logGet(44)) - raft.server.log.appender.install.snapshot.enabled = false (custom)
2020-10-27 07:56:24,238 [pool-598-thread-1] INFO  impl.RaftServerImpl (ServerState.java:<init>(104)) - 792e461b-f046-4951-90b3-af633f6cddcd@group-CF6C9F099C50: ConfigurationManager, init=-1: [b77cbe1e-ed1a-4737-93b5-f86fbb6cb132:172.17.0.2:38841:0, 52e82a1b-eb35-4884-8f1f-44848255b0d1:172.17.0.2:42111:0, 792e461b-f046-4951-90b3-af633f6cddcd:172.17.0.2:37511:0], old=null, confs=<EMPTY_MAP>
2020-10-27 07:56:24,238 [pool-598-thread-1] INFO  server.RaftServerConfigKeys (ConfUtils.java:logGet(44)) - raft.server.storage.dir = [/github/workspace/mnt/ozone/hadoop-ozone/integration-test/target/test-dir/MiniOzoneClusterImpl-b0e8067d-8c2e-4ee5-9f61-8ad8788f9080/datanode-4/data/ratis] (custom)
2020-10-27 07:56:24,239 [pool-598-thread-1] INFO  server.RaftServerConfigKeys (ConfUtils.java:logGet(44)) - raft.server.log.corruption.policy = EXCEPTION (default)
2020-10-27 07:56:24,239 [pool-598-thread-1] INFO  storage.RaftStorageDirectory (RaftStorageDirectory.java:analyzeStorage(261)) - The storage directory /github/workspace/mnt/ozone/hadoop-ozone/integration-test/target/test-dir/MiniOzoneClusterImpl-b0e8067d-8c2e-4ee5-9f61-8ad8788f9080/datanode-4/data/ratis/2f0c025d-201b-4ab0-a78f-cf6c9f099c50 does not exist. Creating ...
2020-10-27 07:56:24,240 [pool-598-thread-1] INFO  storage.RaftStorageDirectory (RaftStorageDirectory.java:tryLock(343)) - Lock on /github/workspace/mnt/ozone/hadoop-ozone/integration-test/target/test-dir/MiniOzoneClusterImpl-b0e8067d-8c2e-4ee5-9f61-8ad8788f9080/datanode-4/data/ratis/2f0c025d-201b-4ab0-a78f-cf6c9f099c50/in_use.lock acquired by nodename 32090@347446dca554
2020-10-27 07:56:24,241 [pool-598-thread-1] INFO  storage.RaftStorage (RaftStorage.java:format(84)) - Storage directory /github/workspace/mnt/ozone/hadoop-ozone/integration-test/target/test-dir/MiniOzoneClusterImpl-b0e8067d-8c2e-4ee5-9f61-8ad8788f9080/datanode-4/data/ratis/2f0c025d-201b-4ab0-a78f-cf6c9f099c50 has been successfully formatted.
2020-10-27 07:56:24,242 [pool-598-thread-1] INFO  ratis.ContainerStateMachine (ContainerStateMachine.java:loadSnapshot(225)) - group-CF6C9F099C50: The snapshot info is null. Setting the last applied indexto:(t:0, i:~)
2020-10-27 07:56:24,242 [pool-598-thread-1] INFO  server.RaftServerConfigKeys (ConfUtils.java:logGet(44)) - raft.server.notification.no-leader.timeout = 300000ms (custom)
2020-10-27 07:56:24,242 [pool-598-thread-1] INFO  server.RaftServerConfigKeys (ConfUtils.java:logGet(44)) - raft.server.log.use.memory = false (default)
2020-10-27 07:56:24,243 [pool-598-thread-1] INFO  server.RaftServerConfigKeys (ConfUtils.java:logGet(44)) - raft.server.log.purge.gap = 1000000 (custom)
2020-10-27 07:56:24,244 [pool-598-thread-1] INFO  metrics.RatisMetrics (RatisMetrics.java:lambda$create$0(36)) - Creating Metrics Registry : ratis.log_worker.792e461b-f046-4951-90b3-af633f6cddcd@group-CF6C9F099C50
2020-10-27 07:56:24,245 [pool-598-thread-1] INFO  server.RaftServerConfigKeys (ConfUtils.java:logGet(44)) - raft.server.log.appender.buffer.byte-limit = 33554432 (custom)
2020-10-27 07:56:24,245 [pool-598-thread-1] INFO  server.RaftServerConfigKeys (ConfUtils.java:logGet(44)) - raft.server.log.segment.size.max = 1048576 (custom)
2020-10-27 07:56:24,245 [pool-598-thread-1] INFO  server.RaftServerConfigKeys (ConfUtils.java:logGet(44)) - raft.server.log.segment.cache.num.max = 2 (custom)
2020-10-27 07:56:24,246 [pool-598-thread-1] INFO  segmented.SegmentedRaftLogWorker (SegmentedRaftLogWorker.java:<init>(180)) - new 792e461b-f046-4951-90b3-af633f6cddcd@group-CF6C9F099C50-SegmentedRaftLogWorker for RaftStorage:Storage Directory /github/workspace/mnt/ozone/hadoop-ozone/integration-test/target/test-dir/MiniOzoneClusterImpl-b0e8067d-8c2e-4ee5-9f61-8ad8788f9080/datanode-4/data/ratis/2f0c025d-201b-4ab0-a78f-cf6c9f099c50
2020-10-27 07:56:24,246 [pool-598-thread-1] INFO  server.RaftServerConfigKeys (ConfUtils.java:logGet(44)) - raft.server.log.queue.byte-limit = 2147483647 (custom)
2020-10-27 07:56:24,246 [pool-598-thread-1] INFO  server.RaftServerConfigKeys (ConfUtils.java:logGet(44)) - raft.server.log.queue.element-limit = 1024 (custom)
2020-10-27 07:56:24,246 [pool-598-thread-1] INFO  server.RaftServerConfigKeys (ConfUtils.java:logGet(44)) - raft.server.log.segment.size.max = 1048576 (custom)
2020-10-27 07:56:24,246 [pool-598-thread-1] INFO  server.RaftServerConfigKeys (ConfUtils.java:logGet(44)) - raft.server.log.preallocated.size = 16384 (custom)
2020-10-27 07:56:24,246 [pool-598-thread-1] INFO  server.RaftServerConfigKeys (ConfUtils.java:logGet(44)) - raft.server.log.write.buffer.size = 1048576 (custom)
2020-10-27 07:56:24,246 [pool-598-thread-1] INFO  server.RaftServerConfigKeys (ConfUtils.java:logGet(44)) - raft.server.log.force.sync.num = 128 (default)
2020-10-27 07:56:24,246 [pool-598-thread-1] INFO  server.RaftServerConfigKeys (ConfUtils.java:logGet(44)) - raft.server.log.statemachine.data.sync = true (default)
2020-10-27 07:56:24,246 [pool-598-thread-1] INFO  server.RaftServerConfigKeys (ConfUtils.java:logGet(44)) - raft.server.log.statemachine.data.sync.timeout = 10s (default)
2020-10-27 07:56:24,246 [pool-598-thread-1] INFO  server.RaftServerConfigKeys (ConfUtils.java:logGet(44)) - raft.server.log.statemachine.data.sync.timeout.retry = -1 (default)
2020-10-27 07:56:24,248 [pool-598-thread-1] INFO  server.RaftServerConfigKeys (ConfUtils.java:logGet(44)) - raft.server.log.statemachine.data.caching.enabled = true (custom)
2020-10-27 07:56:24,248 [pool-598-thread-1] INFO  segmented.SegmentedRaftLogWorker (SegmentedRaftLogWorker.java:lambda$new$0(129)) - 792e461b-f046-4951-90b3-af633f6cddcd@group-CF6C9F099C50-SegmentedRaftLogWorker: flushIndex: setUnconditionally 0 -> -1
2020-10-27 07:56:24,249 [pool-598-thread-1] INFO  segmented.SegmentedRaftLogWorker (SegmentedRaftLogWorker.java:lambda$new$0(129)) - 792e461b-f046-4951-90b3-af633f6cddcd@group-CF6C9F099C50-SegmentedRaftLogWorker: safeCacheEvictIndex: setUnconditionally 0 -> -1
2020-10-27 07:56:24,249 [pool-598-thread-1] INFO  server.RaftServerConfigKeys (ConfUtils.java:logGet(44)) - raft.server.snapshot.auto.trigger.enabled = true (custom)
2020-10-27 07:56:24,249 [pool-598-thread-1] INFO  server.RaftServerConfigKeys (ConfUtils.java:logGet(44)) - raft.server.snapshot.auto.trigger.threshold = 10000 (custom)
2020-10-27 07:56:24,249 [pool-598-thread-1] INFO  server.RaftServerConfigKeys (ConfUtils.java:logGet(44)) - raft.server.snapshot.retention.file.num = 5 (custom)
2020-10-27 07:56:24,249 [pool-598-thread-1] INFO  server.RaftServerConfigKeys (ConfUtils.java:logGet(44)) - raft.server.log.purge.upto.snapshot.index = false (default)
2020-10-27 07:56:24,249 [pool-598-thread-1] INFO  server.RaftServerConfigKeys (ConfUtils.java:logGet(44)) - raft.server.retrycache.expirytime = 600000ms (custom)
2020-10-27 07:56:24,249 [pool-598-thread-1] INFO  metrics.RatisMetrics (RatisMetrics.java:lambda$create$0(36)) - Creating Metrics Registry : ratis.leader_election.792e461b-f046-4951-90b3-af633f6cddcd@group-CF6C9F099C50
2020-10-27 07:56:24,250 [pool-598-thread-1] INFO  metrics.RatisMetrics (RatisMetrics.java:lambda$create$0(36)) - Creating Metrics Registry : ratis.server.792e461b-f046-4951-90b3-af633f6cddcd@group-CF6C9F099C50
2020-10-27 07:56:24,251 [pool-598-thread-1] INFO  impl.RaftServerImpl (RaftServerImpl.java:start(209)) - 792e461b-f046-4951-90b3-af633f6cddcd@group-CF6C9F099C50: start as a follower, conf=-1: [b77cbe1e-ed1a-4737-93b5-f86fbb6cb132:172.17.0.2:38841:0, 52e82a1b-eb35-4884-8f1f-44848255b0d1:172.17.0.2:42111:0, 792e461b-f046-4951-90b3-af633f6cddcd:172.17.0.2:37511:0], old=null
2020-10-27 07:56:24,251 [pool-598-thread-1] INFO  impl.RaftServerImpl (RaftServerImpl.java:setRole(198)) - 792e461b-f046-4951-90b3-af633f6cddcd@group-CF6C9F099C50: changes role from      null to FOLLOWER at term 0 for startAsFollower
2020-10-27 07:56:24,251 [pool-598-thread-1] INFO  impl.RoleInfo (RoleInfo.java:updateAndGet(143)) - 792e461b-f046-4951-90b3-af633f6cddcd: start FollowerState
2020-10-27 07:56:24,252 [pool-598-thread-1] INFO  util.JmxRegister (JmxRegister.java:tryRegister(44)) - Successfully registered JMX Bean with object name Ratis:service=RaftServer,group=group-CF6C9F099C50,id=792e461b-f046-4951-90b3-af633f6cddcd
2020-10-27 07:56:24,252 [pool-598-thread-1] INFO  metrics.RatisMetrics (RatisMetrics.java:lambda$create$0(36)) - Creating Metrics Registry : ratis.state_machine.792e461b-f046-4951-90b3-af633f6cddcd@group-CF6C9F099C50
2020-10-27 07:56:24,256 [Command processor thread] INFO  metrics.RatisMetrics (RatisMetrics.java:lambda$create$0(36)) - Creating Metrics Registry : ratis.client_message_metrics.client-C08A67B8F270->52e82a1b-eb35-4884-8f1f-44848255b0d1
2020-10-27 07:56:24,260 [grpc-default-executor-0] INFO  metrics.RatisMetrics (RatisMetrics.java:lambda$create$0(36)) - Creating Metrics Registry : ratis.server_message_metrics.52e82a1b-eb35-4884-8f1f-44848255b0d1
2020-10-27 07:56:24,261 [grpc-default-executor-0] INFO  impl.RaftServerProxy (RaftServerProxy.java:addNew(92)) - 52e82a1b-eb35-4884-8f1f-44848255b0d1: addNew group-CF6C9F099C50:[b77cbe1e-ed1a-4737-93b5-f86fbb6cb132:172.17.0.2:38841:0, 52e82a1b-eb35-4884-8f1f-44848255b0d1:172.17.0.2:42111:0, 792e461b-f046-4951-90b3-af633f6cddcd:172.17.0.2:37511:0] returns group-CF6C9F099C50:java.util.concurrent.CompletableFuture@6a736121[Not completed]
2020-10-27 07:56:24,262 [pool-613-thread-1] INFO  impl.RaftServerImpl (RaftServerImpl.java:<init>(120)) - 52e82a1b-eb35-4884-8f1f-44848255b0d1: new RaftServerImpl for group-CF6C9F099C50:[b77cbe1e-ed1a-4737-93b5-f86fbb6cb132:172.17.0.2:38841:0, 52e82a1b-eb35-4884-8f1f-44848255b0d1:172.17.0.2:42111:0, 792e461b-f046-4951-90b3-af633f6cddcd:172.17.0.2:37511:0] with ContainerStateMachine:uninitialized
2020-10-27 07:56:24,262 [pool-613-thread-1] INFO  server.RaftServerConfigKeys (ConfUtils.java:logGet(44)) - raft.server.rpc.timeout.min = 5s (custom)
2020-10-27 07:56:24,262 [pool-613-thread-1] INFO  server.RaftServerConfigKeys (ConfUtils.java:logGet(44)) - raft.server.rpc.timeout.max = 5200ms (custom)
2020-10-27 07:56:24,262 [pool-613-thread-1] INFO  server.RaftServerConfigKeys (ConfUtils.java:logGet(44)) - raft.server.rpcslowness.timeout = 300000ms (custom)
2020-10-27 07:56:24,262 [pool-613-thread-1] INFO  server.RaftServerConfigKeys (ConfUtils.java:logGet(44)) - raft.server.sleep.deviation.threshold = 300 (default)
2020-10-27 07:56:24,262 [pool-613-thread-1] INFO  server.RaftServerConfigKeys (ConfUtils.java:logGet(44)) - raft.server.log.appender.install.snapshot.enabled = false (custom)
2020-10-27 07:56:24,262 [pool-613-thread-1] INFO  impl.RaftServerImpl (ServerState.java:<init>(104)) - 52e82a1b-eb35-4884-8f1f-44848255b0d1@group-CF6C9F099C50: ConfigurationManager, init=-1: [b77cbe1e-ed1a-4737-93b5-f86fbb6cb132:172.17.0.2:38841:0, 52e82a1b-eb35-4884-8f1f-44848255b0d1:172.17.0.2:42111:0, 792e461b-f046-4951-90b3-af633f6cddcd:172.17.0.2:37511:0], old=null, confs=<EMPTY_MAP>
2020-10-27 07:56:24,263 [pool-613-thread-1] INFO  server.RaftServerConfigKeys (ConfUtils.java:logGet(44)) - raft.server.storage.dir = [/github/workspace/mnt/ozone/hadoop-ozone/integration-test/target/test-dir/MiniOzoneClusterImpl-b0e8067d-8c2e-4ee5-9f61-8ad8788f9080/datanode-5/data/ratis] (custom)
2020-10-27 07:56:24,263 [pool-613-thread-1] INFO  server.RaftServerConfigKeys (ConfUtils.java:logGet(44)) - raft.server.log.corruption.policy = EXCEPTION (default)
2020-10-27 07:56:24,263 [pool-613-thread-1] INFO  storage.RaftStorageDirectory (RaftStorageDirectory.java:analyzeStorage(261)) - The storage directory /github/workspace/mnt/ozone/hadoop-ozone/integration-test/target/test-dir/MiniOzoneClusterImpl-b0e8067d-8c2e-4ee5-9f61-8ad8788f9080/datanode-5/data/ratis/2f0c025d-201b-4ab0-a78f-cf6c9f099c50 does not exist. Creating ...
2020-10-27 07:56:24,264 [pool-613-thread-1] INFO  storage.RaftStorageDirectory (RaftStorageDirectory.java:tryLock(343)) - Lock on /github/workspace/mnt/ozone/hadoop-ozone/integration-test/target/test-dir/MiniOzoneClusterImpl-b0e8067d-8c2e-4ee5-9f61-8ad8788f9080/datanode-5/data/ratis/2f0c025d-201b-4ab0-a78f-cf6c9f099c50/in_use.lock acquired by nodename 32090@347446dca554
2020-10-27 07:56:24,266 [pool-613-thread-1] INFO  storage.RaftStorage (RaftStorage.java:format(84)) - Storage directory /github/workspace/mnt/ozone/hadoop-ozone/integration-test/target/test-dir/MiniOzoneClusterImpl-b0e8067d-8c2e-4ee5-9f61-8ad8788f9080/datanode-5/data/ratis/2f0c025d-201b-4ab0-a78f-cf6c9f099c50 has been successfully formatted.
2020-10-27 07:56:24,266 [pool-613-thread-1] INFO  ratis.ContainerStateMachine (ContainerStateMachine.java:loadSnapshot(225)) - group-CF6C9F099C50: The snapshot info is null. Setting the last applied indexto:(t:0, i:~)
2020-10-27 07:56:24,268 [pool-613-thread-1] INFO  server.RaftServerConfigKeys (ConfUtils.java:logGet(44)) - raft.server.notification.no-leader.timeout = 300000ms (custom)
2020-10-27 07:56:24,268 [pool-613-thread-1] INFO  server.RaftServerConfigKeys (ConfUtils.java:logGet(44)) - raft.server.log.use.memory = false (default)
2020-10-27 07:56:24,268 [pool-613-thread-1] INFO  server.RaftServerConfigKeys (ConfUtils.java:logGet(44)) - raft.server.log.purge.gap = 1000000 (custom)
2020-10-27 07:56:24,268 [pool-613-thread-1] INFO  metrics.RatisMetrics (RatisMetrics.java:lambda$create$0(36)) - Creating Metrics Registry : ratis.log_worker.52e82a1b-eb35-4884-8f1f-44848255b0d1@group-CF6C9F099C50
2020-10-27 07:56:24,268 [pool-613-thread-1] INFO  server.RaftServerConfigKeys (ConfUtils.java:logGet(44)) - raft.server.log.appender.buffer.byte-limit = 33554432 (custom)
2020-10-27 07:56:24,268 [pool-613-thread-1] INFO  server.RaftServerConfigKeys (ConfUtils.java:logGet(44)) - raft.server.log.segment.size.max = 1048576 (custom)
2020-10-27 07:56:24,269 [pool-613-thread-1] INFO  server.RaftServerConfigKeys (ConfUtils.java:logGet(44)) - raft.server.log.segment.cache.num.max = 2 (custom)
2020-10-27 07:56:24,269 [pool-613-thread-1] INFO  segmented.SegmentedRaftLogWorker (SegmentedRaftLogWorker.java:<init>(180)) - new 52e82a1b-eb35-4884-8f1f-44848255b0d1@group-CF6C9F099C50-SegmentedRaftLogWorker for RaftStorage:Storage Directory /github/workspace/mnt/ozone/hadoop-ozone/integration-test/target/test-dir/MiniOzoneClusterImpl-b0e8067d-8c2e-4ee5-9f61-8ad8788f9080/datanode-5/data/ratis/2f0c025d-201b-4ab0-a78f-cf6c9f099c50
2020-10-27 07:56:24,269 [pool-613-thread-1] INFO  server.RaftServerConfigKeys (ConfUtils.java:logGet(44)) - raft.server.log.queue.byte-limit = 2147483647 (custom)
2020-10-27 07:56:24,269 [pool-613-thread-1] INFO  server.RaftServerConfigKeys (ConfUtils.java:logGet(44)) - raft.server.log.queue.element-limit = 1024 (custom)
2020-10-27 07:56:24,269 [pool-613-thread-1] INFO  server.RaftServerConfigKeys (ConfUtils.java:logGet(44)) - raft.server.log.segment.size.max = 1048576 (custom)
2020-10-27 07:56:24,269 [pool-613-thread-1] INFO  server.RaftServerConfigKeys (ConfUtils.java:logGet(44)) - raft.server.log.preallocated.size = 16384 (custom)
2020-10-27 07:56:24,269 [pool-613-thread-1] INFO  server.RaftServerConfigKeys (ConfUtils.java:logGet(44)) - raft.server.log.write.buffer.size = 1048576 (custom)
2020-10-27 07:56:24,269 [pool-613-thread-1] INFO  server.RaftServerConfigKeys (ConfUtils.java:logGet(44)) - raft.server.log.force.sync.num = 128 (default)
2020-10-27 07:56:24,269 [pool-613-thread-1] INFO  server.RaftServerConfigKeys (ConfUtils.java:logGet(44)) - raft.server.log.statemachine.data.sync = true (default)
2020-10-27 07:56:24,269 [pool-613-thread-1] INFO  server.RaftServerConfigKeys (ConfUtils.java:logGet(44)) - raft.server.log.statemachine.data.sync.timeout = 10s (default)
2020-10-27 07:56:24,269 [pool-613-thread-1] INFO  server.RaftServerConfigKeys (ConfUtils.java:logGet(44)) - raft.server.log.statemachine.data.sync.timeout.retry = -1 (default)
2020-10-27 07:56:24,271 [pool-613-thread-1] INFO  server.RaftServerConfigKeys (ConfUtils.java:logGet(44)) - raft.server.log.statemachine.data.caching.enabled = true (custom)
2020-10-27 07:56:24,271 [pool-613-thread-1] INFO  segmented.SegmentedRaftLogWorker (SegmentedRaftLogWorker.java:lambda$new$0(129)) - 52e82a1b-eb35-4884-8f1f-44848255b0d1@group-CF6C9F099C50-SegmentedRaftLogWorker: flushIndex: setUnconditionally 0 -> -1
2020-10-27 07:56:24,272 [pool-613-thread-1] INFO  segmented.SegmentedRaftLogWorker (SegmentedRaftLogWorker.java:lambda$new$0(129)) - 52e82a1b-eb35-4884-8f1f-44848255b0d1@group-CF6C9F099C50-SegmentedRaftLogWorker: safeCacheEvictIndex: setUnconditionally 0 -> -1
2020-10-27 07:56:24,272 [pool-613-thread-1] INFO  server.RaftServerConfigKeys (ConfUtils.java:logGet(44)) - raft.server.snapshot.auto.trigger.enabled = true (custom)
2020-10-27 07:56:24,272 [pool-613-thread-1] INFO  server.RaftServerConfigKeys (ConfUtils.java:logGet(44)) - raft.server.snapshot.auto.trigger.threshold = 10000 (custom)
2020-10-27 07:56:24,272 [pool-613-thread-1] INFO  server.RaftServerConfigKeys (ConfUtils.java:logGet(44)) - raft.server.snapshot.retention.file.num = 5 (custom)
2020-10-27 07:56:24,272 [pool-613-thread-1] INFO  server.RaftServerConfigKeys (ConfUtils.java:logGet(44)) - raft.server.log.purge.upto.snapshot.index = false (default)
2020-10-27 07:56:24,272 [pool-613-thread-1] INFO  server.RaftServerConfigKeys (ConfUtils.java:logGet(44)) - raft.server.retrycache.expirytime = 600000ms (custom)
2020-10-27 07:56:24,272 [pool-613-thread-1] INFO  metrics.RatisMetrics (RatisMetrics.java:lambda$create$0(36)) - Creating Metrics Registry : ratis.leader_election.52e82a1b-eb35-4884-8f1f-44848255b0d1@group-CF6C9F099C50
2020-10-27 07:56:24,273 [pool-613-thread-1] INFO  metrics.RatisMetrics (RatisMetrics.java:lambda$create$0(36)) - Creating Metrics Registry : ratis.server.52e82a1b-eb35-4884-8f1f-44848255b0d1@group-CF6C9F099C50
2020-10-27 07:56:24,274 [pool-613-thread-1] INFO  impl.RaftServerImpl (RaftServerImpl.java:start(209)) - 52e82a1b-eb35-4884-8f1f-44848255b0d1@group-CF6C9F099C50: start as a follower, conf=-1: [b77cbe1e-ed1a-4737-93b5-f86fbb6cb132:172.17.0.2:38841:0, 52e82a1b-eb35-4884-8f1f-44848255b0d1:172.17.0.2:42111:0, 792e461b-f046-4951-90b3-af633f6cddcd:172.17.0.2:37511:0], old=null
2020-10-27 07:56:24,274 [pool-613-thread-1] INFO  impl.RaftServerImpl (RaftServerImpl.java:setRole(198)) - 52e82a1b-eb35-4884-8f1f-44848255b0d1@group-CF6C9F099C50: changes role from      null to FOLLOWER at term 0 for startAsFollower
2020-10-27 07:56:24,274 [pool-613-thread-1] INFO  impl.RoleInfo (RoleInfo.java:updateAndGet(143)) - 52e82a1b-eb35-4884-8f1f-44848255b0d1: start FollowerState
2020-10-27 07:56:24,275 [pool-613-thread-1] INFO  util.JmxRegister (JmxRegister.java:tryRegister(44)) - Successfully registered JMX Bean with object name Ratis:service=RaftServer,group=group-CF6C9F099C50,id=52e82a1b-eb35-4884-8f1f-44848255b0d1
2020-10-27 07:56:24,275 [pool-613-thread-1] INFO  metrics.RatisMetrics (RatisMetrics.java:lambda$create$0(36)) - Creating Metrics Registry : ratis.state_machine.52e82a1b-eb35-4884-8f1f-44848255b0d1@group-CF6C9F099C50
2020-10-27 07:56:24,279 [Command processor thread] INFO  commandhandler.CreatePipelineCommandHandler (CreatePipelineCommandHandler.java:handle(112)) - Created Pipeline RATIS THREE #id: "2f0c025d-201b-4ab0-a78f-cf6c9f099c50"
uuid128 {
  mostSigBits: 3390087218497014448
  leastSigBits: -6372646882274337712
}
.
2020-10-27 07:56:24,376 [Command processor thread] INFO  impl.RaftServerProxy (RaftServerProxy.java:addNew(92)) - 792e461b-f046-4951-90b3-af633f6cddcd: addNew group-D2525FC5DDFB:[792e461b-f046-4951-90b3-af633f6cddcd:172.17.0.2:37511:0] returns group-D2525FC5DDFB:java.util.concurrent.CompletableFuture@1051d44[Not completed]
2020-10-27 07:56:24,377 [pool-598-thread-1] INFO  impl.RaftServerImpl (RaftServerImpl.java:<init>(120)) - 792e461b-f046-4951-90b3-af633f6cddcd: new RaftServerImpl for group-D2525FC5DDFB:[792e461b-f046-4951-90b3-af633f6cddcd:172.17.0.2:37511:0] with ContainerStateMachine:uninitialized
2020-10-27 07:56:24,377 [pool-598-thread-1] INFO  server.RaftServerConfigKeys (ConfUtils.java:logGet(44)) - raft.server.rpc.timeout.min = 5s (custom)
2020-10-27 07:56:24,377 [pool-598-thread-1] INFO  server.RaftServerConfigKeys (ConfUtils.java:logGet(44)) - raft.server.rpc.timeout.max = 5200ms (custom)
2020-10-27 07:56:24,377 [pool-598-thread-1] INFO  server.RaftServerConfigKeys (ConfUtils.java:logGet(44)) - raft.server.rpcslowness.timeout = 300000ms (custom)
2020-10-27 07:56:24,377 [pool-598-thread-1] INFO  server.RaftServerConfigKeys (ConfUtils.java:logGet(44)) - raft.server.sleep.deviation.threshold = 300 (default)
2020-10-27 07:56:24,378 [pool-598-thread-1] INFO  server.RaftServerConfigKeys (ConfUtils.java:logGet(44)) - raft.server.log.appender.install.snapshot.enabled = false (custom)
2020-10-27 07:56:24,378 [pool-598-thread-1] INFO  impl.RaftServerImpl (ServerState.java:<init>(104)) - 792e461b-f046-4951-90b3-af633f6cddcd@group-D2525FC5DDFB: ConfigurationManager, init=-1: [792e461b-f046-4951-90b3-af633f6cddcd:172.17.0.2:37511:0], old=null, confs=<EMPTY_MAP>
2020-10-27 07:56:24,378 [pool-598-thread-1] INFO  server.RaftServerConfigKeys (ConfUtils.java:logGet(44)) - raft.server.storage.dir = [/github/workspace/mnt/ozone/hadoop-ozone/integration-test/target/test-dir/MiniOzoneClusterImpl-b0e8067d-8c2e-4ee5-9f61-8ad8788f9080/datanode-4/data/ratis] (custom)
2020-10-27 07:56:24,378 [pool-598-thread-1] INFO  server.RaftServerConfigKeys (ConfUtils.java:logGet(44)) - raft.server.log.corruption.policy = EXCEPTION (default)
2020-10-27 07:56:24,378 [pool-598-thread-1] INFO  storage.RaftStorageDirectory (RaftStorageDirectory.java:analyzeStorage(261)) - The storage directory /github/workspace/mnt/ozone/hadoop-ozone/integration-test/target/test-dir/MiniOzoneClusterImpl-b0e8067d-8c2e-4ee5-9f61-8ad8788f9080/datanode-4/data/ratis/b58a4b01-04f2-496b-90bc-d2525fc5ddfb does not exist. Creating ...
2020-10-27 07:56:24,380 [pool-598-thread-1] INFO  storage.RaftStorageDirectory (RaftStorageDirectory.java:tryLock(343)) - Lock on /github/workspace/mnt/ozone/hadoop-ozone/integration-test/target/test-dir/MiniOzoneClusterImpl-b0e8067d-8c2e-4ee5-9f61-8ad8788f9080/datanode-4/data/ratis/b58a4b01-04f2-496b-90bc-d2525fc5ddfb/in_use.lock acquired by nodename 32090@347446dca554
2020-10-27 07:56:24,382 [pool-598-thread-1] INFO  storage.RaftStorage (RaftStorage.java:format(84)) - Storage directory /github/workspace/mnt/ozone/hadoop-ozone/integration-test/target/test-dir/MiniOzoneClusterImpl-b0e8067d-8c2e-4ee5-9f61-8ad8788f9080/datanode-4/data/ratis/b58a4b01-04f2-496b-90bc-d2525fc5ddfb has been successfully formatted.
2020-10-27 07:56:24,382 [pool-598-thread-1] INFO  ratis.ContainerStateMachine (ContainerStateMachine.java:loadSnapshot(225)) - group-D2525FC5DDFB: The snapshot info is null. Setting the last applied indexto:(t:0, i:~)
2020-10-27 07:56:24,383 [pool-598-thread-1] INFO  server.RaftServerConfigKeys (ConfUtils.java:logGet(44)) - raft.server.notification.no-leader.timeout = 300000ms (custom)
2020-10-27 07:56:24,383 [pool-598-thread-1] INFO  server.RaftServerConfigKeys (ConfUtils.java:logGet(44)) - raft.server.log.use.memory = false (default)
2020-10-27 07:56:24,383 [pool-598-thread-1] INFO  server.RaftServerConfigKeys (ConfUtils.java:logGet(44)) - raft.server.log.purge.gap = 1000000 (custom)
2020-10-27 07:56:24,383 [EventQueue-PipelineReportForPipelineReportHandler] INFO  pipeline.PipelineStateManager (PipelineStateManager.java:openPipeline(132)) - Pipeline Pipeline[ Id: b58a4b01-04f2-496b-90bc-d2525fc5ddfb, Nodes: 792e461b-f046-4951-90b3-af633f6cddcd{ip: 172.17.0.2, host: 347446dca554, networkLocation: /default-rack, certSerialId: null}, Type:RATIS, Factor:ONE, State:ALLOCATED, leaderId:792e461b-f046-4951-90b3-af633f6cddcd, CreationTimestamp2020-10-27T07:56:21.379Z] moved to OPEN state
2020-10-27 07:56:24,384 [EventQueue-OpenPipelineForOneReplicaPipelineSafeModeRule] INFO  safemode.SCMSafeModeManager (SCMSafeModeManager.java:validateSafeModeExitRules(214)) - AtleastOneDatanodeReportedRule rule is successfully validated
2020-10-27 07:56:24,384 [pool-598-thread-1] INFO  metrics.RatisMetrics (RatisMetrics.java:lambda$create$0(36)) - Creating Metrics Registry : ratis.log_worker.792e461b-f046-4951-90b3-af633f6cddcd@group-D2525FC5DDFB
2020-10-27 07:56:24,384 [EventQueue-OpenPipelineForHealthyPipelineSafeModeRule] INFO  safemode.SCMSafeModeManager (HealthyPipelineSafeModeRule.java:process(129)) - SCM in safe mode. Healthy pipelines reported count is 0, required healthy pipeline reported count is 1
2020-10-27 07:56:24,384 [pool-598-thread-1] INFO  server.RaftServerConfigKeys (ConfUtils.java:logGet(44)) - raft.server.log.appender.buffer.byte-limit = 33554432 (custom)
2020-10-27 07:56:24,384 [pool-598-thread-1] INFO  server.RaftServerConfigKeys (ConfUtils.java:logGet(44)) - raft.server.log.segment.size.max = 1048576 (custom)
2020-10-27 07:56:24,386 [pool-598-thread-1] INFO  server.RaftServerConfigKeys (ConfUtils.java:logGet(44)) - raft.server.log.segment.cache.num.max = 2 (custom)
2020-10-27 07:56:24,386 [pool-598-thread-1] INFO  segmented.SegmentedRaftLogWorker (SegmentedRaftLogWorker.java:<init>(180)) - new 792e461b-f046-4951-90b3-af633f6cddcd@group-D2525FC5DDFB-SegmentedRaftLogWorker for RaftStorage:Storage Directory /github/workspace/mnt/ozone/hadoop-ozone/integration-test/target/test-dir/MiniOzoneClusterImpl-b0e8067d-8c2e-4ee5-9f61-8ad8788f9080/datanode-4/data/ratis/b58a4b01-04f2-496b-90bc-d2525fc5ddfb
2020-10-27 07:56:24,386 [pool-598-thread-1] INFO  server.RaftServerConfigKeys (ConfUtils.java:logGet(44)) - raft.server.log.queue.byte-limit = 2147483647 (custom)
2020-10-27 07:56:24,386 [pool-598-thread-1] INFO  server.RaftServerConfigKeys (ConfUtils.java:logGet(44)) - raft.server.log.queue.element-limit = 1024 (custom)
2020-10-27 07:56:24,386 [pool-598-thread-1] INFO  server.RaftServerConfigKeys (ConfUtils.java:logGet(44)) - raft.server.log.segment.size.max = 1048576 (custom)
2020-10-27 07:56:24,386 [pool-598-thread-1] INFO  server.RaftServerConfigKeys (ConfUtils.java:logGet(44)) - raft.server.log.preallocated.size = 16384 (custom)
2020-10-27 07:56:24,386 [pool-598-thread-1] INFO  server.RaftServerConfigKeys (ConfUtils.java:logGet(44)) - raft.server.log.write.buffer.size = 1048576 (custom)
2020-10-27 07:56:24,386 [pool-598-thread-1] INFO  server.RaftServerConfigKeys (ConfUtils.java:logGet(44)) - raft.server.log.force.sync.num = 128 (default)
2020-10-27 07:56:24,386 [pool-598-thread-1] INFO  server.RaftServerConfigKeys (ConfUtils.java:logGet(44)) - raft.server.log.statemachine.data.sync = true (default)
2020-10-27 07:56:24,386 [pool-598-thread-1] INFO  server.RaftServerConfigKeys (ConfUtils.java:logGet(44)) - raft.server.log.statemachine.data.sync.timeout = 10s (default)
2020-10-27 07:56:24,386 [pool-598-thread-1] INFO  server.RaftServerConfigKeys (ConfUtils.java:logGet(44)) - raft.server.log.statemachine.data.sync.timeout.retry = -1 (default)
2020-10-27 07:56:24,389 [pool-598-thread-1] INFO  server.RaftServerConfigKeys (ConfUtils.java:logGet(44)) - raft.server.log.statemachine.data.caching.enabled = true (custom)
2020-10-27 07:56:24,389 [pool-598-thread-1] INFO  segmented.SegmentedRaftLogWorker (SegmentedRaftLogWorker.java:lambda$new$0(129)) - 792e461b-f046-4951-90b3-af633f6cddcd@group-D2525FC5DDFB-SegmentedRaftLogWorker: flushIndex: setUnconditionally 0 -> -1
2020-10-27 07:56:24,389 [pool-598-thread-1] INFO  segmented.SegmentedRaftLogWorker (SegmentedRaftLogWorker.java:lambda$new$0(129)) - 792e461b-f046-4951-90b3-af633f6cddcd@group-D2525FC5DDFB-SegmentedRaftLogWorker: safeCacheEvictIndex: setUnconditionally 0 -> -1
2020-10-27 07:56:24,389 [pool-598-thread-1] INFO  server.RaftServerConfigKeys (ConfUtils.java:logGet(44)) - raft.server.snapshot.auto.trigger.enabled = true (custom)
2020-10-27 07:56:24,389 [pool-598-thread-1] INFO  server.RaftServerConfigKeys (ConfUtils.java:logGet(44)) - raft.server.snapshot.auto.trigger.threshold = 10000 (custom)
2020-10-27 07:56:24,389 [pool-598-thread-1] INFO  server.RaftServerConfigKeys (ConfUtils.java:logGet(44)) - raft.server.snapshot.retention.file.num = 5 (custom)
2020-10-27 07:56:24,389 [pool-598-thread-1] INFO  server.RaftServerConfigKeys (ConfUtils.java:logGet(44)) - raft.server.log.purge.upto.snapshot.index = false (default)
2020-10-27 07:56:24,390 [pool-598-thread-1] INFO  server.RaftServerConfigKeys (ConfUtils.java:logGet(44)) - raft.server.retrycache.expirytime = 600000ms (custom)
2020-10-27 07:56:24,390 [pool-598-thread-1] INFO  metrics.RatisMetrics (RatisMetrics.java:lambda$create$0(36)) - Creating Metrics Registry : ratis.leader_election.792e461b-f046-4951-90b3-af633f6cddcd@group-D2525FC5DDFB
2020-10-27 07:56:24,390 [pool-598-thread-1] INFO  metrics.RatisMetrics (RatisMetrics.java:lambda$create$0(36)) - Creating Metrics Registry : ratis.server.792e461b-f046-4951-90b3-af633f6cddcd@group-D2525FC5DDFB
2020-10-27 07:56:24,392 [pool-598-thread-1] INFO  impl.RaftServerImpl (RaftServerImpl.java:start(209)) - 792e461b-f046-4951-90b3-af633f6cddcd@group-D2525FC5DDFB: start as a follower, conf=-1: [792e461b-f046-4951-90b3-af633f6cddcd:172.17.0.2:37511:0], old=null
2020-10-27 07:56:24,392 [pool-598-thread-1] INFO  impl.RaftServerImpl (RaftServerImpl.java:setRole(198)) - 792e461b-f046-4951-90b3-af633f6cddcd@group-D2525FC5DDFB: changes role from      null to FOLLOWER at term 0 for startAsFollower
2020-10-27 07:56:24,392 [pool-598-thread-1] INFO  impl.RoleInfo (RoleInfo.java:updateAndGet(143)) - 792e461b-f046-4951-90b3-af633f6cddcd: start FollowerState
2020-10-27 07:56:24,392 [pool-598-thread-1] INFO  util.JmxRegister (JmxRegister.java:tryRegister(44)) - Successfully registered JMX Bean with object name Ratis:service=RaftServer,group=group-D2525FC5DDFB,id=792e461b-f046-4951-90b3-af633f6cddcd
2020-10-27 07:56:24,392 [pool-598-thread-1] INFO  metrics.RatisMetrics (RatisMetrics.java:lambda$create$0(36)) - Creating Metrics Registry : ratis.state_machine.792e461b-f046-4951-90b3-af633f6cddcd@group-D2525FC5DDFB
2020-10-27 07:56:24,393 [Command processor thread] INFO  commandhandler.CreatePipelineCommandHandler (CreatePipelineCommandHandler.java:handle(112)) - Created Pipeline RATIS ONE #id: "b58a4b01-04f2-496b-90bc-d2525fc5ddfb"
uuid128 {
  mostSigBits: -5365393538308486805
  leastSigBits: -8017301985390371333
}
.
2020-10-27 07:56:24,555 [Command processor thread] INFO  impl.RaftServerProxy (RaftServerProxy.java:addNew(92)) - 52e82a1b-eb35-4884-8f1f-44848255b0d1: addNew group-FF8D7B1B312D:[52e82a1b-eb35-4884-8f1f-44848255b0d1:172.17.0.2:42111:0] returns group-FF8D7B1B312D:java.util.concurrent.CompletableFuture@52e913b2[Not completed]
2020-10-27 07:56:24,556 [pool-613-thread-1] INFO  impl.RaftServerImpl (RaftServerImpl.java:<init>(120)) - 52e82a1b-eb35-4884-8f1f-44848255b0d1: new RaftServerImpl for group-FF8D7B1B312D:[52e82a1b-eb35-4884-8f1f-44848255b0d1:172.17.0.2:42111:0] with ContainerStateMachine:uninitialized
2020-10-27 07:56:24,556 [pool-613-thread-1] INFO  server.RaftServerConfigKeys (ConfUtils.java:logGet(44)) - raft.server.rpc.timeout.min = 5s (custom)
2020-10-27 07:56:24,556 [pool-613-thread-1] INFO  server.RaftServerConfigKeys (ConfUtils.java:logGet(44)) - raft.server.rpc.timeout.max = 5200ms (custom)
2020-10-27 07:56:24,556 [pool-613-thread-1] INFO  server.RaftServerConfigKeys (ConfUtils.java:logGet(44)) - raft.server.rpcslowness.timeout = 300000ms (custom)
2020-10-27 07:56:24,556 [pool-613-thread-1] INFO  server.RaftServerConfigKeys (ConfUtils.java:logGet(44)) - raft.server.sleep.deviation.threshold = 300 (default)
2020-10-27 07:56:24,557 [pool-613-thread-1] INFO  server.RaftServerConfigKeys (ConfUtils.java:logGet(44)) - raft.server.log.appender.install.snapshot.enabled = false (custom)
2020-10-27 07:56:24,557 [pool-613-thread-1] INFO  impl.RaftServerImpl (ServerState.java:<init>(104)) - 52e82a1b-eb35-4884-8f1f-44848255b0d1@group-FF8D7B1B312D: ConfigurationManager, init=-1: [52e82a1b-eb35-4884-8f1f-44848255b0d1:172.17.0.2:42111:0], old=null, confs=<EMPTY_MAP>
2020-10-27 07:56:24,557 [pool-613-thread-1] INFO  server.RaftServerConfigKeys (ConfUtils.java:logGet(44)) - raft.server.storage.dir = [/github/workspace/mnt/ozone/hadoop-ozone/integration-test/target/test-dir/MiniOzoneClusterImpl-b0e8067d-8c2e-4ee5-9f61-8ad8788f9080/datanode-5/data/ratis] (custom)
2020-10-27 07:56:24,557 [pool-613-thread-1] INFO  server.RaftServerConfigKeys (ConfUtils.java:logGet(44)) - raft.server.log.corruption.policy = EXCEPTION (default)
2020-10-27 07:56:24,557 [pool-613-thread-1] INFO  storage.RaftStorageDirectory (RaftStorageDirectory.java:analyzeStorage(261)) - The storage directory /github/workspace/mnt/ozone/hadoop-ozone/integration-test/target/test-dir/MiniOzoneClusterImpl-b0e8067d-8c2e-4ee5-9f61-8ad8788f9080/datanode-5/data/ratis/9077d6c2-fab9-40e9-b263-ff8d7b1b312d does not exist. Creating ...
2020-10-27 07:56:24,559 [pool-613-thread-1] INFO  storage.RaftStorageDirectory (RaftStorageDirectory.java:tryLock(343)) - Lock on /github/workspace/mnt/ozone/hadoop-ozone/integration-test/target/test-dir/MiniOzoneClusterImpl-b0e8067d-8c2e-4ee5-9f61-8ad8788f9080/datanode-5/data/ratis/9077d6c2-fab9-40e9-b263-ff8d7b1b312d/in_use.lock acquired by nodename 32090@347446dca554
2020-10-27 07:56:24,560 [pool-613-thread-1] INFO  storage.RaftStorage (RaftStorage.java:format(84)) - Storage directory /github/workspace/mnt/ozone/hadoop-ozone/integration-test/target/test-dir/MiniOzoneClusterImpl-b0e8067d-8c2e-4ee5-9f61-8ad8788f9080/datanode-5/data/ratis/9077d6c2-fab9-40e9-b263-ff8d7b1b312d has been successfully formatted.
2020-10-27 07:56:24,560 [pool-613-thread-1] INFO  ratis.ContainerStateMachine (ContainerStateMachine.java:loadSnapshot(225)) - group-FF8D7B1B312D: The snapshot info is null. Setting the last applied indexto:(t:0, i:~)
2020-10-27 07:56:24,560 [pool-613-thread-1] INFO  server.RaftServerConfigKeys (ConfUtils.java:logGet(44)) - raft.server.notification.no-leader.timeout = 300000ms (custom)
2020-10-27 07:56:24,560 [pool-613-thread-1] INFO  server.RaftServerConfigKeys (ConfUtils.java:logGet(44)) - raft.server.log.use.memory = false (default)
2020-10-27 07:56:24,560 [pool-613-thread-1] INFO  server.RaftServerConfigKeys (ConfUtils.java:logGet(44)) - raft.server.log.purge.gap = 1000000 (custom)
2020-10-27 07:56:24,560 [pool-613-thread-1] INFO  metrics.RatisMetrics (RatisMetrics.java:lambda$create$0(36)) - Creating Metrics Registry : ratis.log_worker.52e82a1b-eb35-4884-8f1f-44848255b0d1@group-FF8D7B1B312D
2020-10-27 07:56:24,561 [EventQueue-PipelineReportForPipelineReportHandler] INFO  pipeline.PipelineStateManager (PipelineStateManager.java:openPipeline(132)) - Pipeline Pipeline[ Id: 9077d6c2-fab9-40e9-b263-ff8d7b1b312d, Nodes: 52e82a1b-eb35-4884-8f1f-44848255b0d1{ip: 172.17.0.2, host: 347446dca554, networkLocation: /default-rack, certSerialId: null}, Type:RATIS, Factor:ONE, State:ALLOCATED, leaderId:52e82a1b-eb35-4884-8f1f-44848255b0d1, CreationTimestamp2020-10-27T07:56:21.558Z] moved to OPEN state
2020-10-27 07:56:24,561 [EventQueue-OpenPipelineForOneReplicaPipelineSafeModeRule] INFO  safemode.SCMSafeModeManager (SCMSafeModeManager.java:validateSafeModeExitRules(214)) - AtleastOneDatanodeReportedRule rule is successfully validated
2020-10-27 07:56:24,561 [EventQueue-OpenPipelineForHealthyPipelineSafeModeRule] INFO  safemode.SCMSafeModeManager (HealthyPipelineSafeModeRule.java:process(129)) - SCM in safe mode. Healthy pipelines reported count is 0, required healthy pipeline reported count is 1
2020-10-27 07:56:24,562 [pool-613-thread-1] INFO  server.RaftServerConfigKeys (ConfUtils.java:logGet(44)) - raft.server.log.appender.buffer.byte-limit = 33554432 (custom)
2020-10-27 07:56:24,562 [pool-613-thread-1] INFO  server.RaftServerConfigKeys (ConfUtils.java:logGet(44)) - raft.server.log.segment.size.max = 1048576 (custom)
2020-10-27 07:56:24,563 [pool-613-thread-1] INFO  server.RaftServerConfigKeys (ConfUtils.java:logGet(44)) - raft.server.log.segment.cache.num.max = 2 (custom)
2020-10-27 07:56:24,563 [pool-613-thread-1] INFO  segmented.SegmentedRaftLogWorker (SegmentedRaftLogWorker.java:<init>(180)) - new 52e82a1b-eb35-4884-8f1f-44848255b0d1@group-FF8D7B1B312D-SegmentedRaftLogWorker for RaftStorage:Storage Directory /github/workspace/mnt/ozone/hadoop-ozone/integration-test/target/test-dir/MiniOzoneClusterImpl-b0e8067d-8c2e-4ee5-9f61-8ad8788f9080/datanode-5/data/ratis/9077d6c2-fab9-40e9-b263-ff8d7b1b312d
2020-10-27 07:56:24,563 [pool-613-thread-1] INFO  server.RaftServerConfigKeys (ConfUtils.java:logGet(44)) - raft.server.log.queue.byte-limit = 2147483647 (custom)
2020-10-27 07:56:24,563 [pool-613-thread-1] INFO  server.RaftServerConfigKeys (ConfUtils.java:logGet(44)) - raft.server.log.queue.element-limit = 1024 (custom)
2020-10-27 07:56:24,563 [pool-613-thread-1] INFO  server.RaftServerConfigKeys (ConfUtils.java:logGet(44)) - raft.server.log.segment.size.max = 1048576 (custom)
2020-10-27 07:56:24,563 [pool-613-thread-1] INFO  server.RaftServerConfigKeys (ConfUtils.java:logGet(44)) - raft.server.log.preallocated.size = 16384 (custom)
2020-10-27 07:56:24,563 [pool-613-thread-1] INFO  server.RaftServerConfigKeys (ConfUtils.java:logGet(44)) - raft.server.log.write.buffer.size = 1048576 (custom)
2020-10-27 07:56:24,563 [pool-613-thread-1] INFO  server.RaftServerConfigKeys (ConfUtils.java:logGet(44)) - raft.server.log.force.sync.num = 128 (default)
2020-10-27 07:56:24,563 [pool-613-thread-1] INFO  server.RaftServerConfigKeys (ConfUtils.java:logGet(44)) - raft.server.log.statemachine.data.sync = true (default)
2020-10-27 07:56:24,564 [pool-613-thread-1] INFO  server.RaftServerConfigKeys (ConfUtils.java:logGet(44)) - raft.server.log.statemachine.data.sync.timeout = 10s (default)
2020-10-27 07:56:24,564 [pool-613-thread-1] INFO  server.RaftServerConfigKeys (ConfUtils.java:logGet(44)) - raft.server.log.statemachine.data.sync.timeout.retry = -1 (default)
2020-10-27 07:56:24,566 [pool-613-thread-1] INFO  server.RaftServerConfigKeys (ConfUtils.java:logGet(44)) - raft.server.log.statemachine.data.caching.enabled = true (custom)
2020-10-27 07:56:24,566 [pool-613-thread-1] INFO  segmented.SegmentedRaftLogWorker (SegmentedRaftLogWorker.java:lambda$new$0(129)) - 52e82a1b-eb35-4884-8f1f-44848255b0d1@group-FF8D7B1B312D-SegmentedRaftLogWorker: flushIndex: setUnconditionally 0 -> -1
2020-10-27 07:56:24,566 [pool-613-thread-1] INFO  segmented.SegmentedRaftLogWorker (SegmentedRaftLogWorker.java:lambda$new$0(129)) - 52e82a1b-eb35-4884-8f1f-44848255b0d1@group-FF8D7B1B312D-SegmentedRaftLogWorker: safeCacheEvictIndex: setUnconditionally 0 -> -1
2020-10-27 07:56:24,567 [pool-613-thread-1] INFO  server.RaftServerConfigKeys (ConfUtils.java:logGet(44)) - raft.server.snapshot.auto.trigger.enabled = true (custom)
2020-10-27 07:56:24,567 [pool-613-thread-1] INFO  server.RaftServerConfigKeys (ConfUtils.java:logGet(44)) - raft.server.snapshot.auto.trigger.threshold = 10000 (custom)
2020-10-27 07:56:24,567 [pool-613-thread-1] INFO  server.RaftServerConfigKeys (ConfUtils.java:logGet(44)) - raft.server.snapshot.retention.file.num = 5 (custom)
2020-10-27 07:56:24,567 [pool-613-thread-1] INFO  server.RaftServerConfigKeys (ConfUtils.java:logGet(44)) - raft.server.log.purge.upto.snapshot.index = false (default)
2020-10-27 07:56:24,567 [pool-613-thread-1] INFO  server.RaftServerConfigKeys (ConfUtils.java:logGet(44)) - raft.server.retrycache.expirytime = 600000ms (custom)
2020-10-27 07:56:24,567 [pool-613-thread-1] INFO  metrics.RatisMetrics (RatisMetrics.java:lambda$create$0(36)) - Creating Metrics Registry : ratis.leader_election.52e82a1b-eb35-4884-8f1f-44848255b0d1@group-FF8D7B1B312D
2020-10-27 07:56:24,568 [pool-613-thread-1] INFO  metrics.RatisMetrics (RatisMetrics.java:lambda$create$0(36)) - Creating Metrics Registry : ratis.server.52e82a1b-eb35-4884-8f1f-44848255b0d1@group-FF8D7B1B312D
2020-10-27 07:56:24,569 [pool-613-thread-1] INFO  impl.RaftServerImpl (RaftServerImpl.java:start(209)) - 52e82a1b-eb35-4884-8f1f-44848255b0d1@group-FF8D7B1B312D: start as a follower, conf=-1: [52e82a1b-eb35-4884-8f1f-44848255b0d1:172.17.0.2:42111:0], old=null
2020-10-27 07:56:24,569 [pool-613-thread-1] INFO  impl.RaftServerImpl (RaftServerImpl.java:setRole(198)) - 52e82a1b-eb35-4884-8f1f-44848255b0d1@group-FF8D7B1B312D: changes role from      null to FOLLOWER at term 0 for startAsFollower
2020-10-27 07:56:24,569 [pool-613-thread-1] INFO  impl.RoleInfo (RoleInfo.java:updateAndGet(143)) - 52e82a1b-eb35-4884-8f1f-44848255b0d1: start FollowerState
2020-10-27 07:56:24,570 [pool-613-thread-1] INFO  util.JmxRegister (JmxRegister.java:tryRegister(44)) - Successfully registered JMX Bean with object name Ratis:service=RaftServer,group=group-FF8D7B1B312D,id=52e82a1b-eb35-4884-8f1f-44848255b0d1
2020-10-27 07:56:24,570 [pool-613-thread-1] INFO  metrics.RatisMetrics (RatisMetrics.java:lambda$create$0(36)) - Creating Metrics Registry : ratis.state_machine.52e82a1b-eb35-4884-8f1f-44848255b0d1@group-FF8D7B1B312D
2020-10-27 07:56:24,571 [Command processor thread] INFO  commandhandler.CreatePipelineCommandHandler (CreatePipelineCommandHandler.java:handle(112)) - Created Pipeline RATIS ONE #id: "9077d6c2-fab9-40e9-b263-ff8d7b1b312d"
uuid128 {
  mostSigBits: -8036718877100916503
  leastSigBits: -5592345329143172819
}
.
2020-10-27 07:56:24,729 [Command processor thread] INFO  impl.RaftServerProxy (RaftServerProxy.java:addNew(92)) - 6b039a25-7392-4901-8f83-2a13f99b0a3b: addNew group-DA88D2737EB6:[6b039a25-7392-4901-8f83-2a13f99b0a3b:172.17.0.2:36279:0] returns group-DA88D2737EB6:java.util.concurrent.CompletableFuture@26a0b4ae[Not completed]
2020-10-27 07:56:24,738 [pool-628-thread-1] INFO  impl.RaftServerImpl (RaftServerImpl.java:<init>(120)) - 6b039a25-7392-4901-8f83-2a13f99b0a3b: new RaftServerImpl for group-DA88D2737EB6:[6b039a25-7392-4901-8f83-2a13f99b0a3b:172.17.0.2:36279:0] with ContainerStateMachine:uninitialized
2020-10-27 07:56:24,738 [pool-628-thread-1] INFO  server.RaftServerConfigKeys (ConfUtils.java:logGet(44)) - raft.server.rpc.timeout.min = 5s (custom)
2020-10-27 07:56:24,738 [pool-628-thread-1] INFO  server.RaftServerConfigKeys (ConfUtils.java:logGet(44)) - raft.server.rpc.timeout.max = 5200ms (custom)
2020-10-27 07:56:24,738 [pool-628-thread-1] INFO  server.RaftServerConfigKeys (ConfUtils.java:logGet(44)) - raft.server.rpcslowness.timeout = 300000ms (custom)
2020-10-27 07:56:24,738 [pool-628-thread-1] INFO  server.RaftServerConfigKeys (ConfUtils.java:logGet(44)) - raft.server.sleep.deviation.threshold = 300 (default)
2020-10-27 07:56:24,738 [pool-628-thread-1] INFO  server.RaftServerConfigKeys (ConfUtils.java:logGet(44)) - raft.server.log.appender.install.snapshot.enabled = false (custom)
2020-10-27 07:56:24,739 [pool-628-thread-1] INFO  impl.RaftServerImpl (ServerState.java:<init>(104)) - 6b039a25-7392-4901-8f83-2a13f99b0a3b@group-DA88D2737EB6: ConfigurationManager, init=-1: [6b039a25-7392-4901-8f83-2a13f99b0a3b:172.17.0.2:36279:0], old=null, confs=<EMPTY_MAP>
2020-10-27 07:56:24,739 [pool-628-thread-1] INFO  server.RaftServerConfigKeys (ConfUtils.java:logGet(44)) - raft.server.storage.dir = [/github/workspace/mnt/ozone/hadoop-ozone/integration-test/target/test-dir/MiniOzoneClusterImpl-b0e8067d-8c2e-4ee5-9f61-8ad8788f9080/datanode-6/data/ratis] (custom)
2020-10-27 07:56:24,739 [pool-628-thread-1] INFO  server.RaftServerConfigKeys (ConfUtils.java:logGet(44)) - raft.server.log.corruption.policy = EXCEPTION (default)
2020-10-27 07:56:24,739 [pool-628-thread-1] INFO  storage.RaftStorageDirectory (RaftStorageDirectory.java:analyzeStorage(261)) - The storage directory /github/workspace/mnt/ozone/hadoop-ozone/integration-test/target/test-dir/MiniOzoneClusterImpl-b0e8067d-8c2e-4ee5-9f61-8ad8788f9080/datanode-6/data/ratis/ba2d97c9-14dd-4833-97c5-da88d2737eb6 does not exist. Creating ...
2020-10-27 07:56:24,742 [pool-628-thread-1] INFO  storage.RaftStorageDirectory (RaftStorageDirectory.java:tryLock(343)) - Lock on /github/workspace/mnt/ozone/hadoop-ozone/integration-test/target/test-dir/MiniOzoneClusterImpl-b0e8067d-8c2e-4ee5-9f61-8ad8788f9080/datanode-6/data/ratis/ba2d97c9-14dd-4833-97c5-da88d2737eb6/in_use.lock acquired by nodename 32090@347446dca554
2020-10-27 07:56:24,752 [pool-628-thread-1] INFO  storage.RaftStorage (RaftStorage.java:format(84)) - Storage directory /github/workspace/mnt/ozone/hadoop-ozone/integration-test/target/test-dir/MiniOzoneClusterImpl-b0e8067d-8c2e-4ee5-9f61-8ad8788f9080/datanode-6/data/ratis/ba2d97c9-14dd-4833-97c5-da88d2737eb6 has been successfully formatted.
2020-10-27 07:56:24,753 [pool-628-thread-1] INFO  ratis.ContainerStateMachine (ContainerStateMachine.java:loadSnapshot(225)) - group-DA88D2737EB6: The snapshot info is null. Setting the last applied indexto:(t:0, i:~)
2020-10-27 07:56:24,753 [pool-628-thread-1] INFO  server.RaftServerConfigKeys (ConfUtils.java:logGet(44)) - raft.server.notification.no-leader.timeout = 300000ms (custom)
2020-10-27 07:56:24,753 [pool-628-thread-1] INFO  server.RaftServerConfigKeys (ConfUtils.java:logGet(44)) - raft.server.log.use.memory = false (default)
2020-10-27 07:56:24,753 [pool-628-thread-1] INFO  server.RaftServerConfigKeys (ConfUtils.java:logGet(44)) - raft.server.log.purge.gap = 1000000 (custom)
2020-10-27 07:56:24,753 [pool-628-thread-1] INFO  metrics.RatisMetrics (RatisMetrics.java:lambda$create$0(36)) - Creating Metrics Registry : ratis.log_worker.6b039a25-7392-4901-8f83-2a13f99b0a3b@group-DA88D2737EB6
2020-10-27 07:56:24,753 [pool-628-thread-1] INFO  server.RaftServerConfigKeys (ConfUtils.java:logGet(44)) - raft.server.log.appender.buffer.byte-limit = 33554432 (custom)
2020-10-27 07:56:24,753 [pool-628-thread-1] INFO  server.RaftServerConfigKeys (ConfUtils.java:logGet(44)) - raft.server.log.segment.size.max = 1048576 (custom)
2020-10-27 07:56:24,754 [pool-628-thread-1] INFO  server.RaftServerConfigKeys (ConfUtils.java:logGet(44)) - raft.server.log.segment.cache.num.max = 2 (custom)
2020-10-27 07:56:24,754 [pool-628-thread-1] INFO  segmented.SegmentedRaftLogWorker (SegmentedRaftLogWorker.java:<init>(180)) - new 6b039a25-7392-4901-8f83-2a13f99b0a3b@group-DA88D2737EB6-SegmentedRaftLogWorker for RaftStorage:Storage Directory /github/workspace/mnt/ozone/hadoop-ozone/integration-test/target/test-dir/MiniOzoneClusterImpl-b0e8067d-8c2e-4ee5-9f61-8ad8788f9080/datanode-6/data/ratis/ba2d97c9-14dd-4833-97c5-da88d2737eb6
2020-10-27 07:56:24,754 [pool-628-thread-1] INFO  server.RaftServerConfigKeys (ConfUtils.java:logGet(44)) - raft.server.log.queue.byte-limit = 2147483647 (custom)
2020-10-27 07:56:24,754 [pool-628-thread-1] INFO  server.RaftServerConfigKeys (ConfUtils.java:logGet(44)) - raft.server.log.queue.element-limit = 1024 (custom)
2020-10-27 07:56:24,755 [pool-628-thread-1] INFO  server.RaftServerConfigKeys (ConfUtils.java:logGet(44)) - raft.server.log.segment.size.max = 1048576 (custom)
2020-10-27 07:56:24,755 [pool-628-thread-1] INFO  server.RaftServerConfigKeys (ConfUtils.java:logGet(44)) - raft.server.log.preallocated.size = 16384 (custom)
2020-10-27 07:56:24,755 [pool-628-thread-1] INFO  server.RaftServerConfigKeys (ConfUtils.java:logGet(44)) - raft.server.log.write.buffer.size = 1048576 (custom)
2020-10-27 07:56:24,755 [pool-628-thread-1] INFO  server.RaftServerConfigKeys (ConfUtils.java:logGet(44)) - raft.server.log.force.sync.num = 128 (default)
2020-10-27 07:56:24,755 [pool-628-thread-1] INFO  server.RaftServerConfigKeys (ConfUtils.java:logGet(44)) - raft.server.log.statemachine.data.sync = true (default)
2020-10-27 07:56:24,755 [pool-628-thread-1] INFO  server.RaftServerConfigKeys (ConfUtils.java:logGet(44)) - raft.server.log.statemachine.data.sync.timeout = 10s (default)
2020-10-27 07:56:24,755 [pool-628-thread-1] INFO  server.RaftServerConfigKeys (ConfUtils.java:logGet(44)) - raft.server.log.statemachine.data.sync.timeout.retry = -1 (default)
2020-10-27 07:56:24,757 [pool-628-thread-1] INFO  server.RaftServerConfigKeys (ConfUtils.java:logGet(44)) - raft.server.log.statemachine.data.caching.enabled = true (custom)
2020-10-27 07:56:24,758 [pool-628-thread-1] INFO  segmented.SegmentedRaftLogWorker (SegmentedRaftLogWorker.java:lambda$new$0(129)) - 6b039a25-7392-4901-8f83-2a13f99b0a3b@group-DA88D2737EB6-SegmentedRaftLogWorker: flushIndex: setUnconditionally 0 -> -1
2020-10-27 07:56:24,758 [pool-628-thread-1] INFO  segmented.SegmentedRaftLogWorker (SegmentedRaftLogWorker.java:lambda$new$0(129)) - 6b039a25-7392-4901-8f83-2a13f99b0a3b@group-DA88D2737EB6-SegmentedRaftLogWorker: safeCacheEvictIndex: setUnconditionally 0 -> -1
2020-10-27 07:56:24,760 [pool-628-thread-1] INFO  server.RaftServerConfigKeys (ConfUtils.java:logGet(44)) - raft.server.snapshot.auto.trigger.enabled = true (custom)
2020-10-27 07:56:24,762 [pool-628-thread-1] INFO  server.RaftServerConfigKeys (ConfUtils.java:logGet(44)) - raft.server.snapshot.auto.trigger.threshold = 10000 (custom)
2020-10-27 07:56:24,762 [pool-628-thread-1] INFO  server.RaftServerConfigKeys (ConfUtils.java:logGet(44)) - raft.server.snapshot.retention.file.num = 5 (custom)
2020-10-27 07:56:24,762 [pool-628-thread-1] INFO  server.RaftServerConfigKeys (ConfUtils.java:logGet(44)) - raft.server.log.purge.upto.snapshot.index = false (default)
2020-10-27 07:56:24,762 [pool-628-thread-1] INFO  server.RaftServerConfigKeys (ConfUtils.java:logGet(44)) - raft.server.retrycache.expirytime = 600000ms (custom)
2020-10-27 07:56:24,762 [pool-628-thread-1] INFO  metrics.RatisMetrics (RatisMetrics.java:lambda$create$0(36)) - Creating Metrics Registry : ratis.leader_election.6b039a25-7392-4901-8f83-2a13f99b0a3b@group-DA88D2737EB6
2020-10-27 07:56:24,763 [pool-628-thread-1] INFO  metrics.RatisMetrics (RatisMetrics.java:lambda$create$0(36)) - Creating Metrics Registry : ratis.server.6b039a25-7392-4901-8f83-2a13f99b0a3b@group-DA88D2737EB6
2020-10-27 07:56:24,764 [pool-628-thread-1] INFO  impl.RaftServerImpl (RaftServerImpl.java:start(209)) - 6b039a25-7392-4901-8f83-2a13f99b0a3b@group-DA88D2737EB6: start as a follower, conf=-1: [6b039a25-7392-4901-8f83-2a13f99b0a3b:172.17.0.2:36279:0], old=null
2020-10-27 07:56:24,764 [pool-628-thread-1] INFO  impl.RaftServerImpl (RaftServerImpl.java:setRole(198)) - 6b039a25-7392-4901-8f83-2a13f99b0a3b@group-DA88D2737EB6: changes role from      null to FOLLOWER at term 0 for startAsFollower
2020-10-27 07:56:24,764 [pool-628-thread-1] INFO  impl.RoleInfo (RoleInfo.java:updateAndGet(143)) - 6b039a25-7392-4901-8f83-2a13f99b0a3b: start FollowerState
2020-10-27 07:56:24,765 [EventQueue-PipelineReportForPipelineReportHandler] INFO  pipeline.PipelineStateManager (PipelineStateManager.java:openPipeline(132)) - Pipeline Pipeline[ Id: ba2d97c9-14dd-4833-97c5-da88d2737eb6, Nodes: 6b039a25-7392-4901-8f83-2a13f99b0a3b{ip: 172.17.0.2, host: 347446dca554, networkLocation: /default-rack, certSerialId: null}, Type:RATIS, Factor:ONE, State:ALLOCATED, leaderId:6b039a25-7392-4901-8f83-2a13f99b0a3b, CreationTimestamp2020-10-27T07:56:21.732Z] moved to OPEN state
2020-10-27 07:56:24,765 [pool-628-thread-1] INFO  util.JmxRegister (JmxRegister.java:tryRegister(44)) - Successfully registered JMX Bean with object name Ratis:service=RaftServer,group=group-DA88D2737EB6,id=6b039a25-7392-4901-8f83-2a13f99b0a3b
2020-10-27 07:56:24,765 [EventQueue-OpenPipelineForOneReplicaPipelineSafeModeRule] INFO  safemode.SCMSafeModeManager (SCMSafeModeManager.java:validateSafeModeExitRules(214)) - AtleastOneDatanodeReportedRule rule is successfully validated
2020-10-27 07:56:24,765 [EventQueue-OpenPipelineForHealthyPipelineSafeModeRule] INFO  safemode.SCMSafeModeManager (HealthyPipelineSafeModeRule.java:process(129)) - SCM in safe mode. Healthy pipelines reported count is 0, required healthy pipeline reported count is 1
2020-10-27 07:56:24,765 [pool-628-thread-1] INFO  metrics.RatisMetrics (RatisMetrics.java:lambda$create$0(36)) - Creating Metrics Registry : ratis.state_machine.6b039a25-7392-4901-8f83-2a13f99b0a3b@group-DA88D2737EB6
2020-10-27 07:56:24,768 [Command processor thread] INFO  commandhandler.CreatePipelineCommandHandler (CreatePipelineCommandHandler.java:handle(112)) - Created Pipeline RATIS ONE #id: "ba2d97c9-14dd-4833-97c5-da88d2737eb6"
uuid128 {
  mostSigBits: -5031198318808709069
  leastSigBits: -7510356522389242186
}
.
2020-10-27 07:56:24,768 [Command processor thread] INFO  impl.RaftServerProxy (RaftServerProxy.java:addNew(92)) - 6b039a25-7392-4901-8f83-2a13f99b0a3b: addNew group-7DE914507AE6:[66fe8200-7270-4b9e-bb73-e3e8d2e4209c:172.17.0.2:36451:0, 6b039a25-7392-4901-8f83-2a13f99b0a3b:172.17.0.2:36279:0, 0d858bf4-c4ae-4e92-b712-358cf0e50fa6:172.17.0.2:41119:0] returns group-7DE914507AE6:java.util.concurrent.CompletableFuture@229f34a2[Not completed]
2020-10-27 07:56:24,769 [pool-628-thread-1] INFO  impl.RaftServerImpl (RaftServerImpl.java:<init>(120)) - 6b039a25-7392-4901-8f83-2a13f99b0a3b: new RaftServerImpl for group-7DE914507AE6:[66fe8200-7270-4b9e-bb73-e3e8d2e4209c:172.17.0.2:36451:0, 6b039a25-7392-4901-8f83-2a13f99b0a3b:172.17.0.2:36279:0, 0d858bf4-c4ae-4e92-b712-358cf0e50fa6:172.17.0.2:41119:0] with ContainerStateMachine:uninitialized
2020-10-27 07:56:24,769 [pool-628-thread-1] INFO  server.RaftServerConfigKeys (ConfUtils.java:logGet(44)) - raft.server.rpc.timeout.min = 5s (custom)
2020-10-27 07:56:24,769 [pool-628-thread-1] INFO  server.RaftServerConfigKeys (ConfUtils.java:logGet(44)) - raft.server.rpc.timeout.max = 5200ms (custom)
2020-10-27 07:56:24,769 [pool-628-thread-1] INFO  server.RaftServerConfigKeys (ConfUtils.java:logGet(44)) - raft.server.rpcslowness.timeout = 300000ms (custom)
2020-10-27 07:56:24,769 [pool-628-thread-1] INFO  server.RaftServerConfigKeys (ConfUtils.java:logGet(44)) - raft.server.sleep.deviation.threshold = 300 (default)
2020-10-27 07:56:24,769 [pool-628-thread-1] INFO  server.RaftServerConfigKeys (ConfUtils.java:logGet(44)) - raft.server.log.appender.install.snapshot.enabled = false (custom)
2020-10-27 07:56:24,769 [pool-628-thread-1] INFO  impl.RaftServerImpl (ServerState.java:<init>(104)) - 6b039a25-7392-4901-8f83-2a13f99b0a3b@group-7DE914507AE6: ConfigurationManager, init=-1: [66fe8200-7270-4b9e-bb73-e3e8d2e4209c:172.17.0.2:36451:0, 6b039a25-7392-4901-8f83-2a13f99b0a3b:172.17.0.2:36279:0, 0d858bf4-c4ae-4e92-b712-358cf0e50fa6:172.17.0.2:41119:0], old=null, confs=<EMPTY_MAP>
2020-10-27 07:56:24,769 [pool-628-thread-1] INFO  server.RaftServerConfigKeys (ConfUtils.java:logGet(44)) - raft.server.storage.dir = [/github/workspace/mnt/ozone/hadoop-ozone/integration-test/target/test-dir/MiniOzoneClusterImpl-b0e8067d-8c2e-4ee5-9f61-8ad8788f9080/datanode-6/data/ratis] (custom)
2020-10-27 07:56:24,770 [pool-628-thread-1] INFO  server.RaftServerConfigKeys (ConfUtils.java:logGet(44)) - raft.server.log.corruption.policy = EXCEPTION (default)
2020-10-27 07:56:24,770 [pool-628-thread-1] INFO  storage.RaftStorageDirectory (RaftStorageDirectory.java:analyzeStorage(261)) - The storage directory /github/workspace/mnt/ozone/hadoop-ozone/integration-test/target/test-dir/MiniOzoneClusterImpl-b0e8067d-8c2e-4ee5-9f61-8ad8788f9080/datanode-6/data/ratis/f7fae826-9b33-4bf2-9b68-7de914507ae6 does not exist. Creating ...
2020-10-27 07:56:24,772 [pool-628-thread-1] INFO  storage.RaftStorageDirectory (RaftStorageDirectory.java:tryLock(343)) - Lock on /github/workspace/mnt/ozone/hadoop-ozone/integration-test/target/test-dir/MiniOzoneClusterImpl-b0e8067d-8c2e-4ee5-9f61-8ad8788f9080/datanode-6/data/ratis/f7fae826-9b33-4bf2-9b68-7de914507ae6/in_use.lock acquired by nodename 32090@347446dca554
2020-10-27 07:56:24,774 [pool-628-thread-1] INFO  storage.RaftStorage (RaftStorage.java:format(84)) - Storage directory /github/workspace/mnt/ozone/hadoop-ozone/integration-test/target/test-dir/MiniOzoneClusterImpl-b0e8067d-8c2e-4ee5-9f61-8ad8788f9080/datanode-6/data/ratis/f7fae826-9b33-4bf2-9b68-7de914507ae6 has been successfully formatted.
2020-10-27 07:56:24,774 [pool-628-thread-1] INFO  ratis.ContainerStateMachine (ContainerStateMachine.java:loadSnapshot(225)) - group-7DE914507AE6: The snapshot info is null. Setting the last applied indexto:(t:0, i:~)
2020-10-27 07:56:24,774 [pool-628-thread-1] INFO  server.RaftServerConfigKeys (ConfUtils.java:logGet(44)) - raft.server.notification.no-leader.timeout = 300000ms (custom)
2020-10-27 07:56:24,774 [pool-628-thread-1] INFO  server.RaftServerConfigKeys (ConfUtils.java:logGet(44)) - raft.server.log.use.memory = false (default)
2020-10-27 07:56:24,774 [pool-628-thread-1] INFO  server.RaftServerConfigKeys (ConfUtils.java:logGet(44)) - raft.server.log.purge.gap = 1000000 (custom)
2020-10-27 07:56:24,774 [pool-628-thread-1] INFO  metrics.RatisMetrics (RatisMetrics.java:lambda$create$0(36)) - Creating Metrics Registry : ratis.log_worker.6b039a25-7392-4901-8f83-2a13f99b0a3b@group-7DE914507AE6
2020-10-27 07:56:24,775 [pool-628-thread-1] INFO  server.RaftServerConfigKeys (ConfUtils.java:logGet(44)) - raft.server.log.appender.buffer.byte-limit = 33554432 (custom)
2020-10-27 07:56:24,775 [pool-628-thread-1] INFO  server.RaftServerConfigKeys (ConfUtils.java:logGet(44)) - raft.server.log.segment.size.max = 1048576 (custom)
2020-10-27 07:56:24,776 [pool-628-thread-1] INFO  server.RaftServerConfigKeys (ConfUtils.java:logGet(44)) - raft.server.log.segment.cache.num.max = 2 (custom)
2020-10-27 07:56:24,776 [pool-628-thread-1] INFO  segmented.SegmentedRaftLogWorker (SegmentedRaftLogWorker.java:<init>(180)) - new 6b039a25-7392-4901-8f83-2a13f99b0a3b@group-7DE914507AE6-SegmentedRaftLogWorker for RaftStorage:Storage Directory /github/workspace/mnt/ozone/hadoop-ozone/integration-test/target/test-dir/MiniOzoneClusterImpl-b0e8067d-8c2e-4ee5-9f61-8ad8788f9080/datanode-6/data/ratis/f7fae826-9b33-4bf2-9b68-7de914507ae6
2020-10-27 07:56:24,776 [pool-628-thread-1] INFO  server.RaftServerConfigKeys (ConfUtils.java:logGet(44)) - raft.server.log.queue.byte-limit = 2147483647 (custom)
2020-10-27 07:56:24,776 [pool-628-thread-1] INFO  server.RaftServerConfigKeys (ConfUtils.java:logGet(44)) - raft.server.log.queue.element-limit = 1024 (custom)
2020-10-27 07:56:24,776 [pool-628-thread-1] INFO  server.RaftServerConfigKeys (ConfUtils.java:logGet(44)) - raft.server.log.segment.size.max = 1048576 (custom)
2020-10-27 07:56:24,776 [pool-628-thread-1] INFO  server.RaftServerConfigKeys (ConfUtils.java:logGet(44)) - raft.server.log.preallocated.size = 16384 (custom)
2020-10-27 07:56:24,776 [pool-628-thread-1] INFO  server.RaftServerConfigKeys (ConfUtils.java:logGet(44)) - raft.server.log.write.buffer.size = 1048576 (custom)
2020-10-27 07:56:24,776 [pool-628-thread-1] INFO  server.RaftServerConfigKeys (ConfUtils.java:logGet(44)) - raft.server.log.force.sync.num = 128 (default)
2020-10-27 07:56:24,776 [pool-628-thread-1] INFO  server.RaftServerConfigKeys (ConfUtils.java:logGet(44)) - raft.server.log.statemachine.data.sync = true (default)
2020-10-27 07:56:24,776 [pool-628-thread-1] INFO  server.RaftServerConfigKeys (ConfUtils.java:logGet(44)) - raft.server.log.statemachine.data.sync.timeout = 10s (default)
2020-10-27 07:56:24,776 [pool-628-thread-1] INFO  server.RaftServerConfigKeys (ConfUtils.java:logGet(44)) - raft.server.log.statemachine.data.sync.timeout.retry = -1 (default)
2020-10-27 07:56:24,779 [pool-628-thread-1] INFO  server.RaftServerConfigKeys (ConfUtils.java:logGet(44)) - raft.server.log.statemachine.data.caching.enabled = true (custom)
2020-10-27 07:56:24,780 [pool-628-thread-1] INFO  segmented.SegmentedRaftLogWorker (SegmentedRaftLogWorker.java:lambda$new$0(129)) - 6b039a25-7392-4901-8f83-2a13f99b0a3b@group-7DE914507AE6-SegmentedRaftLogWorker: flushIndex: setUnconditionally 0 -> -1
2020-10-27 07:56:24,780 [pool-628-thread-1] INFO  segmented.SegmentedRaftLogWorker (SegmentedRaftLogWorker.java:lambda$new$0(129)) - 6b039a25-7392-4901-8f83-2a13f99b0a3b@group-7DE914507AE6-SegmentedRaftLogWorker: safeCacheEvictIndex: setUnconditionally 0 -> -1
2020-10-27 07:56:24,780 [pool-628-thread-1] INFO  server.RaftServerConfigKeys (ConfUtils.java:logGet(44)) - raft.server.snapshot.auto.trigger.enabled = true (custom)
2020-10-27 07:56:24,781 [pool-628-thread-1] INFO  server.RaftServerConfigKeys (ConfUtils.java:logGet(44)) - raft.server.snapshot.auto.trigger.threshold = 10000 (custom)
2020-10-27 07:56:24,781 [pool-628-thread-1] INFO  server.RaftServerConfigKeys (ConfUtils.java:logGet(44)) - raft.server.snapshot.retention.file.num = 5 (custom)
2020-10-27 07:56:24,781 [pool-628-thread-1] INFO  server.RaftServerConfigKeys (ConfUtils.java:logGet(44)) - raft.server.log.purge.upto.snapshot.index = false (default)
2020-10-27 07:56:24,781 [pool-628-thread-1] INFO  server.RaftServerConfigKeys (ConfUtils.java:logGet(44)) - raft.server.retrycache.expirytime = 600000ms (custom)
2020-10-27 07:56:24,781 [pool-628-thread-1] INFO  metrics.RatisMetrics (RatisMetrics.java:lambda$create$0(36)) - Creating Metrics Registry : ratis.leader_election.6b039a25-7392-4901-8f83-2a13f99b0a3b@group-7DE914507AE6
2020-10-27 07:56:24,781 [pool-628-thread-1] INFO  metrics.RatisMetrics (RatisMetrics.java:lambda$create$0(36)) - Creating Metrics Registry : ratis.server.6b039a25-7392-4901-8f83-2a13f99b0a3b@group-7DE914507AE6
2020-10-27 07:56:24,783 [pool-628-thread-1] INFO  impl.RaftServerImpl (RaftServerImpl.java:start(209)) - 6b039a25-7392-4901-8f83-2a13f99b0a3b@group-7DE914507AE6: start as a follower, conf=-1: [66fe8200-7270-4b9e-bb73-e3e8d2e4209c:172.17.0.2:36451:0, 6b039a25-7392-4901-8f83-2a13f99b0a3b:172.17.0.2:36279:0, 0d858bf4-c4ae-4e92-b712-358cf0e50fa6:172.17.0.2:41119:0], old=null
2020-10-27 07:56:24,783 [pool-628-thread-1] INFO  impl.RaftServerImpl (RaftServerImpl.java:setRole(198)) - 6b039a25-7392-4901-8f83-2a13f99b0a3b@group-7DE914507AE6: changes role from      null to FOLLOWER at term 0 for startAsFollower
2020-10-27 07:56:24,783 [pool-628-thread-1] INFO  impl.RoleInfo (RoleInfo.java:updateAndGet(143)) - 6b039a25-7392-4901-8f83-2a13f99b0a3b: start FollowerState
2020-10-27 07:56:24,784 [pool-628-thread-1] INFO  util.JmxRegister (JmxRegister.java:tryRegister(44)) - Successfully registered JMX Bean with object name Ratis:service=RaftServer,group=group-7DE914507AE6,id=6b039a25-7392-4901-8f83-2a13f99b0a3b
2020-10-27 07:56:24,785 [pool-628-thread-1] INFO  metrics.RatisMetrics (RatisMetrics.java:lambda$create$0(36)) - Creating Metrics Registry : ratis.state_machine.6b039a25-7392-4901-8f83-2a13f99b0a3b@group-7DE914507AE6
2020-10-27 07:56:24,789 [Command processor thread] INFO  metrics.RatisMetrics (RatisMetrics.java:lambda$create$0(36)) - Creating Metrics Registry : ratis.client_message_metrics.client-F71FD88D6C31->0d858bf4-c4ae-4e92-b712-358cf0e50fa6
2020-10-27 07:56:24,797 [grpc-default-executor-0] INFO  metrics.RatisMetrics (RatisMetrics.java:lambda$create$0(36)) - Creating Metrics Registry : ratis.server_message_metrics.0d858bf4-c4ae-4e92-b712-358cf0e50fa6
2020-10-27 07:56:24,799 [grpc-default-executor-0] INFO  impl.RaftServerProxy (RaftServerProxy.java:addNew(92)) - 0d858bf4-c4ae-4e92-b712-358cf0e50fa6: addNew group-7DE914507AE6:[66fe8200-7270-4b9e-bb73-e3e8d2e4209c:172.17.0.2:36451:0, 6b039a25-7392-4901-8f83-2a13f99b0a3b:172.17.0.2:36279:0, 0d858bf4-c4ae-4e92-b712-358cf0e50fa6:172.17.0.2:41119:0] returns group-7DE914507AE6:java.util.concurrent.CompletableFuture@3a2357[Not completed]
2020-10-27 07:56:24,804 [pool-643-thread-1] INFO  impl.RaftServerImpl (RaftServerImpl.java:<init>(120)) - 0d858bf4-c4ae-4e92-b712-358cf0e50fa6: new RaftServerImpl for group-7DE914507AE6:[66fe8200-7270-4b9e-bb73-e3e8d2e4209c:172.17.0.2:36451:0, 6b039a25-7392-4901-8f83-2a13f99b0a3b:172.17.0.2:36279:0, 0d858bf4-c4ae-4e92-b712-358cf0e50fa6:172.17.0.2:41119:0] with ContainerStateMachine:uninitialized
2020-10-27 07:56:24,804 [pool-643-thread-1] INFO  server.RaftServerConfigKeys (ConfUtils.java:logGet(44)) - raft.server.rpc.timeout.min = 5s (custom)
2020-10-27 07:56:24,804 [pool-643-thread-1] INFO  server.RaftServerConfigKeys (ConfUtils.java:logGet(44)) - raft.server.rpc.timeout.max = 5200ms (custom)
2020-10-27 07:56:24,804 [pool-643-thread-1] INFO  server.RaftServerConfigKeys (ConfUtils.java:logGet(44)) - raft.server.rpcslowness.timeout = 300000ms (custom)
2020-10-27 07:56:24,804 [pool-643-thread-1] INFO  server.RaftServerConfigKeys (ConfUtils.java:logGet(44)) - raft.server.sleep.deviation.threshold = 300 (default)
2020-10-27 07:56:24,804 [pool-643-thread-1] INFO  server.RaftServerConfigKeys (ConfUtils.java:logGet(44)) - raft.server.log.appender.install.snapshot.enabled = false (custom)
2020-10-27 07:56:24,804 [pool-643-thread-1] INFO  impl.RaftServerImpl (ServerState.java:<init>(104)) - 0d858bf4-c4ae-4e92-b712-358cf0e50fa6@group-7DE914507AE6: ConfigurationManager, init=-1: [66fe8200-7270-4b9e-bb73-e3e8d2e4209c:172.17.0.2:36451:0, 6b039a25-7392-4901-8f83-2a13f99b0a3b:172.17.0.2:36279:0, 0d858bf4-c4ae-4e92-b712-358cf0e50fa6:172.17.0.2:41119:0], old=null, confs=<EMPTY_MAP>
2020-10-27 07:56:24,804 [pool-643-thread-1] INFO  server.RaftServerConfigKeys (ConfUtils.java:logGet(44)) - raft.server.storage.dir = [/github/workspace/mnt/ozone/hadoop-ozone/integration-test/target/test-dir/MiniOzoneClusterImpl-b0e8067d-8c2e-4ee5-9f61-8ad8788f9080/datanode-7/data/ratis] (custom)
2020-10-27 07:56:24,804 [pool-643-thread-1] INFO  server.RaftServerConfigKeys (ConfUtils.java:logGet(44)) - raft.server.log.corruption.policy = EXCEPTION (default)
2020-10-27 07:56:24,805 [pool-643-thread-1] INFO  storage.RaftStorageDirectory (RaftStorageDirectory.java:analyzeStorage(261)) - The storage directory /github/workspace/mnt/ozone/hadoop-ozone/integration-test/target/test-dir/MiniOzoneClusterImpl-b0e8067d-8c2e-4ee5-9f61-8ad8788f9080/datanode-7/data/ratis/f7fae826-9b33-4bf2-9b68-7de914507ae6 does not exist. Creating ...
2020-10-27 07:56:24,806 [pool-643-thread-1] INFO  storage.RaftStorageDirectory (RaftStorageDirectory.java:tryLock(343)) - Lock on /github/workspace/mnt/ozone/hadoop-ozone/integration-test/target/test-dir/MiniOzoneClusterImpl-b0e8067d-8c2e-4ee5-9f61-8ad8788f9080/datanode-7/data/ratis/f7fae826-9b33-4bf2-9b68-7de914507ae6/in_use.lock acquired by nodename 32090@347446dca554
2020-10-27 07:56:24,807 [pool-643-thread-1] INFO  storage.RaftStorage (RaftStorage.java:format(84)) - Storage directory /github/workspace/mnt/ozone/hadoop-ozone/integration-test/target/test-dir/MiniOzoneClusterImpl-b0e8067d-8c2e-4ee5-9f61-8ad8788f9080/datanode-7/data/ratis/f7fae826-9b33-4bf2-9b68-7de914507ae6 has been successfully formatted.
2020-10-27 07:56:24,808 [pool-643-thread-1] INFO  ratis.ContainerStateMachine (ContainerStateMachine.java:loadSnapshot(225)) - group-7DE914507AE6: The snapshot info is null. Setting the last applied indexto:(t:0, i:~)
2020-10-27 07:56:24,808 [pool-643-thread-1] INFO  server.RaftServerConfigKeys (ConfUtils.java:logGet(44)) - raft.server.notification.no-leader.timeout = 300000ms (custom)
2020-10-27 07:56:24,808 [pool-643-thread-1] INFO  server.RaftServerConfigKeys (ConfUtils.java:logGet(44)) - raft.server.log.use.memory = false (default)
2020-10-27 07:56:24,808 [pool-643-thread-1] INFO  server.RaftServerConfigKeys (ConfUtils.java:logGet(44)) - raft.server.log.purge.gap = 1000000 (custom)
2020-10-27 07:56:24,809 [pool-643-thread-1] INFO  metrics.RatisMetrics (RatisMetrics.java:lambda$create$0(36)) - Creating Metrics Registry : ratis.log_worker.0d858bf4-c4ae-4e92-b712-358cf0e50fa6@group-7DE914507AE6
2020-10-27 07:56:24,809 [pool-643-thread-1] INFO  server.RaftServerConfigKeys (ConfUtils.java:logGet(44)) - raft.server.log.appender.buffer.byte-limit = 33554432 (custom)
2020-10-27 07:56:24,809 [pool-643-thread-1] INFO  server.RaftServerConfigKeys (ConfUtils.java:logGet(44)) - raft.server.log.segment.size.max = 1048576 (custom)
2020-10-27 07:56:24,810 [pool-643-thread-1] INFO  server.RaftServerConfigKeys (ConfUtils.java:logGet(44)) - raft.server.log.segment.cache.num.max = 2 (custom)
2020-10-27 07:56:24,810 [pool-643-thread-1] INFO  segmented.SegmentedRaftLogWorker (SegmentedRaftLogWorker.java:<init>(180)) - new 0d858bf4-c4ae-4e92-b712-358cf0e50fa6@group-7DE914507AE6-SegmentedRaftLogWorker for RaftStorage:Storage Directory /github/workspace/mnt/ozone/hadoop-ozone/integration-test/target/test-dir/MiniOzoneClusterImpl-b0e8067d-8c2e-4ee5-9f61-8ad8788f9080/datanode-7/data/ratis/f7fae826-9b33-4bf2-9b68-7de914507ae6
2020-10-27 07:56:24,810 [pool-643-thread-1] INFO  server.RaftServerConfigKeys (ConfUtils.java:logGet(44)) - raft.server.log.queue.byte-limit = 2147483647 (custom)
2020-10-27 07:56:24,810 [pool-643-thread-1] INFO  server.RaftServerConfigKeys (ConfUtils.java:logGet(44)) - raft.server.log.queue.element-limit = 1024 (custom)
2020-10-27 07:56:24,810 [pool-643-thread-1] INFO  server.RaftServerConfigKeys (ConfUtils.java:logGet(44)) - raft.server.log.segment.size.max = 1048576 (custom)
2020-10-27 07:56:24,810 [pool-643-thread-1] INFO  server.RaftServerConfigKeys (ConfUtils.java:logGet(44)) - raft.server.log.preallocated.size = 16384 (custom)
2020-10-27 07:56:24,810 [pool-643-thread-1] INFO  server.RaftServerConfigKeys (ConfUtils.java:logGet(44)) - raft.server.log.write.buffer.size = 1048576 (custom)
2020-10-27 07:56:24,810 [pool-643-thread-1] INFO  server.RaftServerConfigKeys (ConfUtils.java:logGet(44)) - raft.server.log.force.sync.num = 128 (default)
2020-10-27 07:56:24,810 [pool-643-thread-1] INFO  server.RaftServerConfigKeys (ConfUtils.java:logGet(44)) - raft.server.log.statemachine.data.sync = true (default)
2020-10-27 07:56:24,810 [pool-643-thread-1] INFO  server.RaftServerConfigKeys (ConfUtils.java:logGet(44)) - raft.server.log.statemachine.data.sync.timeout = 10s (default)
2020-10-27 07:56:24,810 [pool-643-thread-1] INFO  server.RaftServerConfigKeys (ConfUtils.java:logGet(44)) - raft.server.log.statemachine.data.sync.timeout.retry = -1 (default)
2020-10-27 07:56:24,813 [pool-643-thread-1] INFO  server.RaftServerConfigKeys (ConfUtils.java:logGet(44)) - raft.server.log.statemachine.data.caching.enabled = true (custom)
2020-10-27 07:56:24,813 [pool-643-thread-1] INFO  segmented.SegmentedRaftLogWorker (SegmentedRaftLogWorker.java:lambda$new$0(129)) - 0d858bf4-c4ae-4e92-b712-358cf0e50fa6@group-7DE914507AE6-SegmentedRaftLogWorker: flushIndex: setUnconditionally 0 -> -1
2020-10-27 07:56:24,813 [pool-643-thread-1] INFO  segmented.SegmentedRaftLogWorker (SegmentedRaftLogWorker.java:lambda$new$0(129)) - 0d858bf4-c4ae-4e92-b712-358cf0e50fa6@group-7DE914507AE6-SegmentedRaftLogWorker: safeCacheEvictIndex: setUnconditionally 0 -> -1
2020-10-27 07:56:24,816 [pool-643-thread-1] INFO  server.RaftServerConfigKeys (ConfUtils.java:logGet(44)) - raft.server.snapshot.auto.trigger.enabled = true (custom)
2020-10-27 07:56:24,817 [pool-643-thread-1] INFO  server.RaftServerConfigKeys (ConfUtils.java:logGet(44)) - raft.server.snapshot.auto.trigger.threshold = 10000 (custom)
2020-10-27 07:56:24,817 [pool-643-thread-1] INFO  server.RaftServerConfigKeys (ConfUtils.java:logGet(44)) - raft.server.snapshot.retention.file.num = 5 (custom)
2020-10-27 07:56:24,817 [pool-643-thread-1] INFO  server.RaftServerConfigKeys (ConfUtils.java:logGet(44)) - raft.server.log.purge.upto.snapshot.index = false (default)
2020-10-27 07:56:24,817 [pool-643-thread-1] INFO  server.RaftServerConfigKeys (ConfUtils.java:logGet(44)) - raft.server.retrycache.expirytime = 600000ms (custom)
2020-10-27 07:56:24,817 [pool-643-thread-1] INFO  metrics.RatisMetrics (RatisMetrics.java:lambda$create$0(36)) - Creating Metrics Registry : ratis.leader_election.0d858bf4-c4ae-4e92-b712-358cf0e50fa6@group-7DE914507AE6
2020-10-27 07:56:24,817 [pool-643-thread-1] INFO  metrics.RatisMetrics (RatisMetrics.java:lambda$create$0(36)) - Creating Metrics Registry : ratis.server.0d858bf4-c4ae-4e92-b712-358cf0e50fa6@group-7DE914507AE6
2020-10-27 07:56:24,819 [pool-643-thread-1] INFO  impl.RaftServerImpl (RaftServerImpl.java:start(209)) - 0d858bf4-c4ae-4e92-b712-358cf0e50fa6@group-7DE914507AE6: start as a follower, conf=-1: [66fe8200-7270-4b9e-bb73-e3e8d2e4209c:172.17.0.2:36451:0, 6b039a25-7392-4901-8f83-2a13f99b0a3b:172.17.0.2:36279:0, 0d858bf4-c4ae-4e92-b712-358cf0e50fa6:172.17.0.2:41119:0], old=null
2020-10-27 07:56:24,819 [pool-643-thread-1] INFO  impl.RaftServerImpl (RaftServerImpl.java:setRole(198)) - 0d858bf4-c4ae-4e92-b712-358cf0e50fa6@group-7DE914507AE6: changes role from      null to FOLLOWER at term 0 for startAsFollower
2020-10-27 07:56:24,819 [pool-643-thread-1] INFO  impl.RoleInfo (RoleInfo.java:updateAndGet(143)) - 0d858bf4-c4ae-4e92-b712-358cf0e50fa6: start FollowerState
2020-10-27 07:56:24,819 [pool-643-thread-1] INFO  util.JmxRegister (JmxRegister.java:tryRegister(44)) - Successfully registered JMX Bean with object name Ratis:service=RaftServer,group=group-7DE914507AE6,id=0d858bf4-c4ae-4e92-b712-358cf0e50fa6
2020-10-27 07:56:24,819 [pool-643-thread-1] INFO  metrics.RatisMetrics (RatisMetrics.java:lambda$create$0(36)) - Creating Metrics Registry : ratis.state_machine.0d858bf4-c4ae-4e92-b712-358cf0e50fa6@group-7DE914507AE6
2020-10-27 07:56:24,829 [Command processor thread] INFO  metrics.RatisMetrics (RatisMetrics.java:lambda$create$0(36)) - Creating Metrics Registry : ratis.client_message_metrics.client-DE62B4940406->66fe8200-7270-4b9e-bb73-e3e8d2e4209c
2020-10-27 07:56:24,836 [grpc-default-executor-0] INFO  metrics.RatisMetrics (RatisMetrics.java:lambda$create$0(36)) - Creating Metrics Registry : ratis.server_message_metrics.66fe8200-7270-4b9e-bb73-e3e8d2e4209c
2020-10-27 07:56:24,838 [grpc-default-executor-0] INFO  impl.RaftServerProxy (RaftServerProxy.java:addNew(92)) - 66fe8200-7270-4b9e-bb73-e3e8d2e4209c: addNew group-7DE914507AE6:[66fe8200-7270-4b9e-bb73-e3e8d2e4209c:172.17.0.2:36451:0, 6b039a25-7392-4901-8f83-2a13f99b0a3b:172.17.0.2:36279:0, 0d858bf4-c4ae-4e92-b712-358cf0e50fa6:172.17.0.2:41119:0] returns group-7DE914507AE6:java.util.concurrent.CompletableFuture@af0624[Not completed]
2020-10-27 07:56:24,839 [pool-658-thread-1] INFO  impl.RaftServerImpl (RaftServerImpl.java:<init>(120)) - 66fe8200-7270-4b9e-bb73-e3e8d2e4209c: new RaftServerImpl for group-7DE914507AE6:[66fe8200-7270-4b9e-bb73-e3e8d2e4209c:172.17.0.2:36451:0, 6b039a25-7392-4901-8f83-2a13f99b0a3b:172.17.0.2:36279:0, 0d858bf4-c4ae-4e92-b712-358cf0e50fa6:172.17.0.2:41119:0] with ContainerStateMachine:uninitialized
2020-10-27 07:56:24,839 [pool-658-thread-1] INFO  server.RaftServerConfigKeys (ConfUtils.java:logGet(44)) - raft.server.rpc.timeout.min = 5s (custom)
2020-10-27 07:56:24,839 [pool-658-thread-1] INFO  server.RaftServerConfigKeys (ConfUtils.java:logGet(44)) - raft.server.rpc.timeout.max = 5200ms (custom)
2020-10-27 07:56:24,839 [pool-658-thread-1] INFO  server.RaftServerConfigKeys (ConfUtils.java:logGet(44)) - raft.server.rpcslowness.timeout = 300000ms (custom)
2020-10-27 07:56:24,839 [pool-658-thread-1] INFO  server.RaftServerConfigKeys (ConfUtils.java:logGet(44)) - raft.server.sleep.deviation.threshold = 300 (default)
2020-10-27 07:56:24,839 [pool-658-thread-1] INFO  server.RaftServerConfigKeys (ConfUtils.java:logGet(44)) - raft.server.log.appender.install.snapshot.enabled = false (custom)
2020-10-27 07:56:24,839 [pool-658-thread-1] INFO  impl.RaftServerImpl (ServerState.java:<init>(104)) - 66fe8200-7270-4b9e-bb73-e3e8d2e4209c@group-7DE914507AE6: ConfigurationManager, init=-1: [66fe8200-7270-4b9e-bb73-e3e8d2e4209c:172.17.0.2:36451:0, 6b039a25-7392-4901-8f83-2a13f99b0a3b:172.17.0.2:36279:0, 0d858bf4-c4ae-4e92-b712-358cf0e50fa6:172.17.0.2:41119:0], old=null, confs=<EMPTY_MAP>
2020-10-27 07:56:24,839 [pool-658-thread-1] INFO  server.RaftServerConfigKeys (ConfUtils.java:logGet(44)) - raft.server.storage.dir = [/github/workspace/mnt/ozone/hadoop-ozone/integration-test/target/test-dir/MiniOzoneClusterImpl-b0e8067d-8c2e-4ee5-9f61-8ad8788f9080/datanode-8/data/ratis] (custom)
2020-10-27 07:56:24,840 [pool-658-thread-1] INFO  server.RaftServerConfigKeys (ConfUtils.java:logGet(44)) - raft.server.log.corruption.policy = EXCEPTION (default)
2020-10-27 07:56:24,840 [pool-658-thread-1] INFO  storage.RaftStorageDirectory (RaftStorageDirectory.java:analyzeStorage(261)) - The storage directory /github/workspace/mnt/ozone/hadoop-ozone/integration-test/target/test-dir/MiniOzoneClusterImpl-b0e8067d-8c2e-4ee5-9f61-8ad8788f9080/datanode-8/data/ratis/f7fae826-9b33-4bf2-9b68-7de914507ae6 does not exist. Creating ...
2020-10-27 07:56:24,841 [pool-658-thread-1] INFO  storage.RaftStorageDirectory (RaftStorageDirectory.java:tryLock(343)) - Lock on /github/workspace/mnt/ozone/hadoop-ozone/integration-test/target/test-dir/MiniOzoneClusterImpl-b0e8067d-8c2e-4ee5-9f61-8ad8788f9080/datanode-8/data/ratis/f7fae826-9b33-4bf2-9b68-7de914507ae6/in_use.lock acquired by nodename 32090@347446dca554
2020-10-27 07:56:24,842 [pool-658-thread-1] INFO  storage.RaftStorage (RaftStorage.java:format(84)) - Storage directory /github/workspace/mnt/ozone/hadoop-ozone/integration-test/target/test-dir/MiniOzoneClusterImpl-b0e8067d-8c2e-4ee5-9f61-8ad8788f9080/datanode-8/data/ratis/f7fae826-9b33-4bf2-9b68-7de914507ae6 has been successfully formatted.
2020-10-27 07:56:24,844 [pool-658-thread-1] INFO  ratis.ContainerStateMachine (ContainerStateMachine.java:loadSnapshot(225)) - group-7DE914507AE6: The snapshot info is null. Setting the last applied indexto:(t:0, i:~)
2020-10-27 07:56:24,844 [pool-658-thread-1] INFO  server.RaftServerConfigKeys (ConfUtils.java:logGet(44)) - raft.server.notification.no-leader.timeout = 300000ms (custom)
2020-10-27 07:56:24,844 [pool-658-thread-1] INFO  server.RaftServerConfigKeys (ConfUtils.java:logGet(44)) - raft.server.log.use.memory = false (default)
2020-10-27 07:56:24,844 [pool-658-thread-1] INFO  server.RaftServerConfigKeys (ConfUtils.java:logGet(44)) - raft.server.log.purge.gap = 1000000 (custom)
2020-10-27 07:56:24,844 [pool-658-thread-1] INFO  metrics.RatisMetrics (RatisMetrics.java:lambda$create$0(36)) - Creating Metrics Registry : ratis.log_worker.66fe8200-7270-4b9e-bb73-e3e8d2e4209c@group-7DE914507AE6
2020-10-27 07:56:24,844 [pool-658-thread-1] INFO  server.RaftServerConfigKeys (ConfUtils.java:logGet(44)) - raft.server.log.appender.buffer.byte-limit = 33554432 (custom)
2020-10-27 07:56:24,845 [pool-658-thread-1] INFO  server.RaftServerConfigKeys (ConfUtils.java:logGet(44)) - raft.server.log.segment.size.max = 1048576 (custom)
2020-10-27 07:56:24,845 [pool-658-thread-1] INFO  server.RaftServerConfigKeys (ConfUtils.java:logGet(44)) - raft.server.log.segment.cache.num.max = 2 (custom)
2020-10-27 07:56:24,845 [pool-658-thread-1] INFO  segmented.SegmentedRaftLogWorker (SegmentedRaftLogWorker.java:<init>(180)) - new 66fe8200-7270-4b9e-bb73-e3e8d2e4209c@group-7DE914507AE6-SegmentedRaftLogWorker for RaftStorage:Storage Directory /github/workspace/mnt/ozone/hadoop-ozone/integration-test/target/test-dir/MiniOzoneClusterImpl-b0e8067d-8c2e-4ee5-9f61-8ad8788f9080/datanode-8/data/ratis/f7fae826-9b33-4bf2-9b68-7de914507ae6
2020-10-27 07:56:24,845 [pool-658-thread-1] INFO  server.RaftServerConfigKeys (ConfUtils.java:logGet(44)) - raft.server.log.queue.byte-limit = 2147483647 (custom)
2020-10-27 07:56:24,846 [pool-658-thread-1] INFO  server.RaftServerConfigKeys (ConfUtils.java:logGet(44)) - raft.server.log.queue.element-limit = 1024 (custom)
2020-10-27 07:56:24,846 [pool-658-thread-1] INFO  server.RaftServerConfigKeys (ConfUtils.java:logGet(44)) - raft.server.log.segment.size.max = 1048576 (custom)
2020-10-27 07:56:24,846 [pool-658-thread-1] INFO  server.RaftServerConfigKeys (ConfUtils.java:logGet(44)) - raft.server.log.preallocated.size = 16384 (custom)
2020-10-27 07:56:24,846 [pool-658-thread-1] INFO  server.RaftServerConfigKeys (ConfUtils.java:logGet(44)) - raft.server.log.write.buffer.size = 1048576 (custom)
2020-10-27 07:56:24,846 [pool-658-thread-1] INFO  server.RaftServerConfigKeys (ConfUtils.java:logGet(44)) - raft.server.log.force.sync.num = 128 (default)
2020-10-27 07:56:24,846 [pool-658-thread-1] INFO  server.RaftServerConfigKeys (ConfUtils.java:logGet(44)) - raft.server.log.statemachine.data.sync = true (default)
2020-10-27 07:56:24,846 [pool-658-thread-1] INFO  server.RaftServerConfigKeys (ConfUtils.java:logGet(44)) - raft.server.log.statemachine.data.sync.timeout = 10s (default)
2020-10-27 07:56:24,846 [pool-658-thread-1] INFO  server.RaftServerConfigKeys (ConfUtils.java:logGet(44)) - raft.server.log.statemachine.data.sync.timeout.retry = -1 (default)
2020-10-27 07:56:24,848 [pool-658-thread-1] INFO  server.RaftServerConfigKeys (ConfUtils.java:logGet(44)) - raft.server.log.statemachine.data.caching.enabled = true (custom)
2020-10-27 07:56:24,849 [pool-658-thread-1] INFO  segmented.SegmentedRaftLogWorker (SegmentedRaftLogWorker.java:lambda$new$0(129)) - 66fe8200-7270-4b9e-bb73-e3e8d2e4209c@group-7DE914507AE6-SegmentedRaftLogWorker: flushIndex: setUnconditionally 0 -> -1
2020-10-27 07:56:24,849 [pool-658-thread-1] INFO  segmented.SegmentedRaftLogWorker (SegmentedRaftLogWorker.java:lambda$new$0(129)) - 66fe8200-7270-4b9e-bb73-e3e8d2e4209c@group-7DE914507AE6-SegmentedRaftLogWorker: safeCacheEvictIndex: setUnconditionally 0 -> -1
2020-10-27 07:56:24,849 [pool-658-thread-1] INFO  server.RaftServerConfigKeys (ConfUtils.java:logGet(44)) - raft.server.snapshot.auto.trigger.enabled = true (custom)
2020-10-27 07:56:24,849 [pool-658-thread-1] INFO  server.RaftServerConfigKeys (ConfUtils.java:logGet(44)) - raft.server.snapshot.auto.trigger.threshold = 10000 (custom)
2020-10-27 07:56:24,849 [pool-658-thread-1] INFO  server.RaftServerConfigKeys (ConfUtils.java:logGet(44)) - raft.server.snapshot.retention.file.num = 5 (custom)
2020-10-27 07:56:24,849 [pool-658-thread-1] INFO  server.RaftServerConfigKeys (ConfUtils.java:logGet(44)) - raft.server.log.purge.upto.snapshot.index = false (default)
2020-10-27 07:56:24,849 [pool-658-thread-1] INFO  server.RaftServerConfigKeys (ConfUtils.java:logGet(44)) - raft.server.retrycache.expirytime = 600000ms (custom)
2020-10-27 07:56:24,849 [pool-658-thread-1] INFO  metrics.RatisMetrics (RatisMetrics.java:lambda$create$0(36)) - Creating Metrics Registry : ratis.leader_election.66fe8200-7270-4b9e-bb73-e3e8d2e4209c@group-7DE914507AE6
2020-10-27 07:56:24,850 [pool-658-thread-1] INFO  metrics.RatisMetrics (RatisMetrics.java:lambda$create$0(36)) - Creating Metrics Registry : ratis.server.66fe8200-7270-4b9e-bb73-e3e8d2e4209c@group-7DE914507AE6
2020-10-27 07:56:24,851 [pool-658-thread-1] INFO  impl.RaftServerImpl (RaftServerImpl.java:start(209)) - 66fe8200-7270-4b9e-bb73-e3e8d2e4209c@group-7DE914507AE6: start as a follower, conf=-1: [66fe8200-7270-4b9e-bb73-e3e8d2e4209c:172.17.0.2:36451:0, 6b039a25-7392-4901-8f83-2a13f99b0a3b:172.17.0.2:36279:0, 0d858bf4-c4ae-4e92-b712-358cf0e50fa6:172.17.0.2:41119:0], old=null
2020-10-27 07:56:24,851 [pool-658-thread-1] INFO  impl.RaftServerImpl (RaftServerImpl.java:setRole(198)) - 66fe8200-7270-4b9e-bb73-e3e8d2e4209c@group-7DE914507AE6: changes role from      null to FOLLOWER at term 0 for startAsFollower
2020-10-27 07:56:24,851 [pool-658-thread-1] INFO  impl.RoleInfo (RoleInfo.java:updateAndGet(143)) - 66fe8200-7270-4b9e-bb73-e3e8d2e4209c: start FollowerState
2020-10-27 07:56:24,852 [pool-658-thread-1] INFO  util.JmxRegister (JmxRegister.java:tryRegister(44)) - Successfully registered JMX Bean with object name Ratis:service=RaftServer,group=group-7DE914507AE6,id=66fe8200-7270-4b9e-bb73-e3e8d2e4209c
2020-10-27 07:56:24,852 [pool-658-thread-1] INFO  metrics.RatisMetrics (RatisMetrics.java:lambda$create$0(36)) - Creating Metrics Registry : ratis.state_machine.66fe8200-7270-4b9e-bb73-e3e8d2e4209c@group-7DE914507AE6
2020-10-27 07:56:24,864 [Command processor thread] INFO  commandhandler.CreatePipelineCommandHandler (CreatePipelineCommandHandler.java:handle(112)) - Created Pipeline RATIS THREE #id: "f7fae826-9b33-4bf2-9b68-7de914507ae6"
uuid128 {
  mostSigBits: -577894349653455886
  leastSigBits: -7248405160231142682
}
.
2020-10-27 07:56:24,904 [Command processor thread] INFO  impl.RaftServerProxy (RaftServerProxy.java:addNew(92)) - 0d858bf4-c4ae-4e92-b712-358cf0e50fa6: addNew group-E19E556BFA4A:[0d858bf4-c4ae-4e92-b712-358cf0e50fa6:172.17.0.2:41119:0] returns group-E19E556BFA4A:java.util.concurrent.CompletableFuture@4edc4be9[Not completed]
2020-10-27 07:56:24,904 [pool-643-thread-1] INFO  impl.RaftServerImpl (RaftServerImpl.java:<init>(120)) - 0d858bf4-c4ae-4e92-b712-358cf0e50fa6: new RaftServerImpl for group-E19E556BFA4A:[0d858bf4-c4ae-4e92-b712-358cf0e50fa6:172.17.0.2:41119:0] with ContainerStateMachine:uninitialized
2020-10-27 07:56:24,904 [pool-643-thread-1] INFO  server.RaftServerConfigKeys (ConfUtils.java:logGet(44)) - raft.server.rpc.timeout.min = 5s (custom)
2020-10-27 07:56:24,904 [pool-643-thread-1] INFO  server.RaftServerConfigKeys (ConfUtils.java:logGet(44)) - raft.server.rpc.timeout.max = 5200ms (custom)
2020-10-27 07:56:24,905 [pool-643-thread-1] INFO  server.RaftServerConfigKeys (ConfUtils.java:logGet(44)) - raft.server.rpcslowness.timeout = 300000ms (custom)
2020-10-27 07:56:24,905 [pool-643-thread-1] INFO  server.RaftServerConfigKeys (ConfUtils.java:logGet(44)) - raft.server.sleep.deviation.threshold = 300 (default)
2020-10-27 07:56:24,905 [pool-643-thread-1] INFO  server.RaftServerConfigKeys (ConfUtils.java:logGet(44)) - raft.server.log.appender.install.snapshot.enabled = false (custom)
2020-10-27 07:56:24,905 [pool-643-thread-1] INFO  impl.RaftServerImpl (ServerState.java:<init>(104)) - 0d858bf4-c4ae-4e92-b712-358cf0e50fa6@group-E19E556BFA4A: ConfigurationManager, init=-1: [0d858bf4-c4ae-4e92-b712-358cf0e50fa6:172.17.0.2:41119:0], old=null, confs=<EMPTY_MAP>
2020-10-27 07:56:24,905 [pool-643-thread-1] INFO  server.RaftServerConfigKeys (ConfUtils.java:logGet(44)) - raft.server.storage.dir = [/github/workspace/mnt/ozone/hadoop-ozone/integration-test/target/test-dir/MiniOzoneClusterImpl-b0e8067d-8c2e-4ee5-9f61-8ad8788f9080/datanode-7/data/ratis] (custom)
2020-10-27 07:56:24,905 [pool-643-thread-1] INFO  server.RaftServerConfigKeys (ConfUtils.java:logGet(44)) - raft.server.log.corruption.policy = EXCEPTION (default)
2020-10-27 07:56:24,905 [pool-643-thread-1] INFO  storage.RaftStorageDirectory (RaftStorageDirectory.java:analyzeStorage(261)) - The storage directory /github/workspace/mnt/ozone/hadoop-ozone/integration-test/target/test-dir/MiniOzoneClusterImpl-b0e8067d-8c2e-4ee5-9f61-8ad8788f9080/datanode-7/data/ratis/982c7304-33a4-4331-a96a-e19e556bfa4a does not exist. Creating ...
2020-10-27 07:56:24,906 [pool-643-thread-1] INFO  storage.RaftStorageDirectory (RaftStorageDirectory.java:tryLock(343)) - Lock on /github/workspace/mnt/ozone/hadoop-ozone/integration-test/target/test-dir/MiniOzoneClusterImpl-b0e8067d-8c2e-4ee5-9f61-8ad8788f9080/datanode-7/data/ratis/982c7304-33a4-4331-a96a-e19e556bfa4a/in_use.lock acquired by nodename 32090@347446dca554
2020-10-27 07:56:24,907 [pool-643-thread-1] INFO  storage.RaftStorage (RaftStorage.java:format(84)) - Storage directory /github/workspace/mnt/ozone/hadoop-ozone/integration-test/target/test-dir/MiniOzoneClusterImpl-b0e8067d-8c2e-4ee5-9f61-8ad8788f9080/datanode-7/data/ratis/982c7304-33a4-4331-a96a-e19e556bfa4a has been successfully formatted.
2020-10-27 07:56:24,908 [pool-643-thread-1] INFO  ratis.ContainerStateMachine (ContainerStateMachine.java:loadSnapshot(225)) - group-E19E556BFA4A: The snapshot info is null. Setting the last applied indexto:(t:0, i:~)
2020-10-27 07:56:24,909 [pool-643-thread-1] INFO  server.RaftServerConfigKeys (ConfUtils.java:logGet(44)) - raft.server.notification.no-leader.timeout = 300000ms (custom)
2020-10-27 07:56:24,909 [pool-643-thread-1] INFO  server.RaftServerConfigKeys (ConfUtils.java:logGet(44)) - raft.server.log.use.memory = false (default)
2020-10-27 07:56:24,909 [pool-643-thread-1] INFO  server.RaftServerConfigKeys (ConfUtils.java:logGet(44)) - raft.server.log.purge.gap = 1000000 (custom)
2020-10-27 07:56:24,909 [pool-643-thread-1] INFO  metrics.RatisMetrics (RatisMetrics.java:lambda$create$0(36)) - Creating Metrics Registry : ratis.log_worker.0d858bf4-c4ae-4e92-b712-358cf0e50fa6@group-E19E556BFA4A
2020-10-27 07:56:24,909 [pool-643-thread-1] INFO  server.RaftServerConfigKeys (ConfUtils.java:logGet(44)) - raft.server.log.appender.buffer.byte-limit = 33554432 (custom)
2020-10-27 07:56:24,909 [pool-643-thread-1] INFO  server.RaftServerConfigKeys (ConfUtils.java:logGet(44)) - raft.server.log.segment.size.max = 1048576 (custom)
2020-10-27 07:56:24,910 [pool-643-thread-1] INFO  server.RaftServerConfigKeys (ConfUtils.java:logGet(44)) - raft.server.log.segment.cache.num.max = 2 (custom)
2020-10-27 07:56:24,910 [pool-643-thread-1] INFO  segmented.SegmentedRaftLogWorker (SegmentedRaftLogWorker.java:<init>(180)) - new 0d858bf4-c4ae-4e92-b712-358cf0e50fa6@group-E19E556BFA4A-SegmentedRaftLogWorker for RaftStorage:Storage Directory /github/workspace/mnt/ozone/hadoop-ozone/integration-test/target/test-dir/MiniOzoneClusterImpl-b0e8067d-8c2e-4ee5-9f61-8ad8788f9080/datanode-7/data/ratis/982c7304-33a4-4331-a96a-e19e556bfa4a
2020-10-27 07:56:24,910 [pool-643-thread-1] INFO  server.RaftServerConfigKeys (ConfUtils.java:logGet(44)) - raft.server.log.queue.byte-limit = 2147483647 (custom)
2020-10-27 07:56:24,911 [pool-643-thread-1] INFO  server.RaftServerConfigKeys (ConfUtils.java:logGet(44)) - raft.server.log.queue.element-limit = 1024 (custom)
2020-10-27 07:56:24,911 [pool-643-thread-1] INFO  server.RaftServerConfigKeys (ConfUtils.java:logGet(44)) - raft.server.log.segment.size.max = 1048576 (custom)
2020-10-27 07:56:24,911 [pool-643-thread-1] INFO  server.RaftServerConfigKeys (ConfUtils.java:logGet(44)) - raft.server.log.preallocated.size = 16384 (custom)
2020-10-27 07:56:24,911 [pool-643-thread-1] INFO  server.RaftServerConfigKeys (ConfUtils.java:logGet(44)) - raft.server.log.write.buffer.size = 1048576 (custom)
2020-10-27 07:56:24,911 [pool-643-thread-1] INFO  server.RaftServerConfigKeys (ConfUtils.java:logGet(44)) - raft.server.log.force.sync.num = 128 (default)
2020-10-27 07:56:24,911 [pool-643-thread-1] INFO  server.RaftServerConfigKeys (ConfUtils.java:logGet(44)) - raft.server.log.statemachine.data.sync = true (default)
2020-10-27 07:56:24,912 [pool-643-thread-1] INFO  server.RaftServerConfigKeys (ConfUtils.java:logGet(44)) - raft.server.log.statemachine.data.sync.timeout = 10s (default)
2020-10-27 07:56:24,912 [pool-643-thread-1] INFO  server.RaftServerConfigKeys (ConfUtils.java:logGet(44)) - raft.server.log.statemachine.data.sync.timeout.retry = -1 (default)
2020-10-27 07:56:24,914 [pool-643-thread-1] INFO  server.RaftServerConfigKeys (ConfUtils.java:logGet(44)) - raft.server.log.statemachine.data.caching.enabled = true (custom)
2020-10-27 07:56:24,915 [EventQueue-PipelineReportForPipelineReportHandler] INFO  pipeline.PipelineStateManager (PipelineStateManager.java:openPipeline(132)) - Pipeline Pipeline[ Id: 982c7304-33a4-4331-a96a-e19e556bfa4a, Nodes: 0d858bf4-c4ae-4e92-b712-358cf0e50fa6{ip: 172.17.0.2, host: 347446dca554, networkLocation: /default-rack, certSerialId: null}, Type:RATIS, Factor:ONE, State:ALLOCATED, leaderId:0d858bf4-c4ae-4e92-b712-358cf0e50fa6, CreationTimestamp2020-10-27T07:56:21.908Z] moved to OPEN state
2020-10-27 07:56:24,915 [pool-643-thread-1] INFO  segmented.SegmentedRaftLogWorker (SegmentedRaftLogWorker.java:lambda$new$0(129)) - 0d858bf4-c4ae-4e92-b712-358cf0e50fa6@group-E19E556BFA4A-SegmentedRaftLogWorker: flushIndex: setUnconditionally 0 -> -1
2020-10-27 07:56:24,915 [EventQueue-OpenPipelineForHealthyPipelineSafeModeRule] INFO  safemode.SCMSafeModeManager (HealthyPipelineSafeModeRule.java:process(129)) - SCM in safe mode. Healthy pipelines reported count is 0, required healthy pipeline reported count is 1
2020-10-27 07:56:24,915 [EventQueue-OpenPipelineForOneReplicaPipelineSafeModeRule] INFO  safemode.SCMSafeModeManager (SCMSafeModeManager.java:validateSafeModeExitRules(214)) - AtleastOneDatanodeReportedRule rule is successfully validated
2020-10-27 07:56:24,915 [pool-643-thread-1] INFO  segmented.SegmentedRaftLogWorker (SegmentedRaftLogWorker.java:lambda$new$0(129)) - 0d858bf4-c4ae-4e92-b712-358cf0e50fa6@group-E19E556BFA4A-SegmentedRaftLogWorker: safeCacheEvictIndex: setUnconditionally 0 -> -1
2020-10-27 07:56:24,915 [pool-643-thread-1] INFO  server.RaftServerConfigKeys (ConfUtils.java:logGet(44)) - raft.server.snapshot.auto.trigger.enabled = true (custom)
2020-10-27 07:56:24,915 [pool-643-thread-1] INFO  server.RaftServerConfigKeys (ConfUtils.java:logGet(44)) - raft.server.snapshot.auto.trigger.threshold = 10000 (custom)
2020-10-27 07:56:24,916 [pool-643-thread-1] INFO  server.RaftServerConfigKeys (ConfUtils.java:logGet(44)) - raft.server.snapshot.retention.file.num = 5 (custom)
2020-10-27 07:56:24,916 [pool-643-thread-1] INFO  server.RaftServerConfigKeys (ConfUtils.java:logGet(44)) - raft.server.log.purge.upto.snapshot.index = false (default)
2020-10-27 07:56:24,916 [pool-643-thread-1] INFO  server.RaftServerConfigKeys (ConfUtils.java:logGet(44)) - raft.server.retrycache.expirytime = 600000ms (custom)
2020-10-27 07:56:24,916 [pool-643-thread-1] INFO  metrics.RatisMetrics (RatisMetrics.java:lambda$create$0(36)) - Creating Metrics Registry : ratis.leader_election.0d858bf4-c4ae-4e92-b712-358cf0e50fa6@group-E19E556BFA4A
2020-10-27 07:56:24,916 [pool-643-thread-1] INFO  metrics.RatisMetrics (RatisMetrics.java:lambda$create$0(36)) - Creating Metrics Registry : ratis.server.0d858bf4-c4ae-4e92-b712-358cf0e50fa6@group-E19E556BFA4A
2020-10-27 07:56:24,918 [pool-643-thread-1] INFO  impl.RaftServerImpl (RaftServerImpl.java:start(209)) - 0d858bf4-c4ae-4e92-b712-358cf0e50fa6@group-E19E556BFA4A: start as a follower, conf=-1: [0d858bf4-c4ae-4e92-b712-358cf0e50fa6:172.17.0.2:41119:0], old=null
2020-10-27 07:56:24,918 [pool-643-thread-1] INFO  impl.RaftServerImpl (RaftServerImpl.java:setRole(198)) - 0d858bf4-c4ae-4e92-b712-358cf0e50fa6@group-E19E556BFA4A: changes role from      null to FOLLOWER at term 0 for startAsFollower
2020-10-27 07:56:24,918 [pool-643-thread-1] INFO  impl.RoleInfo (RoleInfo.java:updateAndGet(143)) - 0d858bf4-c4ae-4e92-b712-358cf0e50fa6: start FollowerState
2020-10-27 07:56:24,918 [pool-643-thread-1] INFO  util.JmxRegister (JmxRegister.java:tryRegister(44)) - Successfully registered JMX Bean with object name Ratis:service=RaftServer,group=group-E19E556BFA4A,id=0d858bf4-c4ae-4e92-b712-358cf0e50fa6
2020-10-27 07:56:24,918 [pool-643-thread-1] INFO  metrics.RatisMetrics (RatisMetrics.java:lambda$create$0(36)) - Creating Metrics Registry : ratis.state_machine.0d858bf4-c4ae-4e92-b712-358cf0e50fa6@group-E19E556BFA4A
2020-10-27 07:56:24,919 [Command processor thread] INFO  commandhandler.CreatePipelineCommandHandler (CreatePipelineCommandHandler.java:handle(112)) - Created Pipeline RATIS ONE #id: "982c7304-33a4-4331-a96a-e19e556bfa4a"
uuid128 {
  mostSigBits: -7481478419085769935
  leastSigBits: -6238926263614178742
}
.
2020-10-27 07:56:25,198 [Command processor thread] INFO  impl.RaftServerProxy (RaftServerProxy.java:addNew(92)) - 66fe8200-7270-4b9e-bb73-e3e8d2e4209c: addNew group-772CA83F5FA0:[66fe8200-7270-4b9e-bb73-e3e8d2e4209c:172.17.0.2:36451:0] returns group-772CA83F5FA0:java.util.concurrent.CompletableFuture@1f824d4[Not completed]
2020-10-27 07:56:25,199 [pool-658-thread-1] INFO  impl.RaftServerImpl (RaftServerImpl.java:<init>(120)) - 66fe8200-7270-4b9e-bb73-e3e8d2e4209c: new RaftServerImpl for group-772CA83F5FA0:[66fe8200-7270-4b9e-bb73-e3e8d2e4209c:172.17.0.2:36451:0] with ContainerStateMachine:uninitialized
2020-10-27 07:56:25,200 [pool-658-thread-1] INFO  server.RaftServerConfigKeys (ConfUtils.java:logGet(44)) - raft.server.rpc.timeout.min = 5s (custom)
2020-10-27 07:56:25,200 [pool-658-thread-1] INFO  server.RaftServerConfigKeys (ConfUtils.java:logGet(44)) - raft.server.rpc.timeout.max = 5200ms (custom)
2020-10-27 07:56:25,200 [pool-658-thread-1] INFO  server.RaftServerConfigKeys (ConfUtils.java:logGet(44)) - raft.server.rpcslowness.timeout = 300000ms (custom)
2020-10-27 07:56:25,200 [pool-658-thread-1] INFO  server.RaftServerConfigKeys (ConfUtils.java:logGet(44)) - raft.server.sleep.deviation.threshold = 300 (default)
2020-10-27 07:56:25,200 [pool-658-thread-1] INFO  server.RaftServerConfigKeys (ConfUtils.java:logGet(44)) - raft.server.log.appender.install.snapshot.enabled = false (custom)
2020-10-27 07:56:25,200 [pool-658-thread-1] INFO  impl.RaftServerImpl (ServerState.java:<init>(104)) - 66fe8200-7270-4b9e-bb73-e3e8d2e4209c@group-772CA83F5FA0: ConfigurationManager, init=-1: [66fe8200-7270-4b9e-bb73-e3e8d2e4209c:172.17.0.2:36451:0], old=null, confs=<EMPTY_MAP>
2020-10-27 07:56:25,200 [pool-658-thread-1] INFO  server.RaftServerConfigKeys (ConfUtils.java:logGet(44)) - raft.server.storage.dir = [/github/workspace/mnt/ozone/hadoop-ozone/integration-test/target/test-dir/MiniOzoneClusterImpl-b0e8067d-8c2e-4ee5-9f61-8ad8788f9080/datanode-8/data/ratis] (custom)
2020-10-27 07:56:25,200 [pool-658-thread-1] INFO  server.RaftServerConfigKeys (ConfUtils.java:logGet(44)) - raft.server.log.corruption.policy = EXCEPTION (default)
2020-10-27 07:56:25,201 [pool-658-thread-1] INFO  storage.RaftStorageDirectory (RaftStorageDirectory.java:analyzeStorage(261)) - The storage directory /github/workspace/mnt/ozone/hadoop-ozone/integration-test/target/test-dir/MiniOzoneClusterImpl-b0e8067d-8c2e-4ee5-9f61-8ad8788f9080/datanode-8/data/ratis/3a6cdbb6-c5ee-400b-a21a-772ca83f5fa0 does not exist. Creating ...
2020-10-27 07:56:25,202 [pool-658-thread-1] INFO  storage.RaftStorageDirectory (RaftStorageDirectory.java:tryLock(343)) - Lock on /github/workspace/mnt/ozone/hadoop-ozone/integration-test/target/test-dir/MiniOzoneClusterImpl-b0e8067d-8c2e-4ee5-9f61-8ad8788f9080/datanode-8/data/ratis/3a6cdbb6-c5ee-400b-a21a-772ca83f5fa0/in_use.lock acquired by nodename 32090@347446dca554
2020-10-27 07:56:25,202 [Listener at 127.0.0.1/35583] INFO  ozone.MiniOzoneClusterImpl (MiniOzoneClusterImpl.java:lambda$waitForClusterToBeReady$0(177)) - Nodes are ready. Got 9 of 9 DN Heartbeats.
2020-10-27 07:56:25,202 [Listener at 127.0.0.1/35583] INFO  ozone.MiniOzoneClusterImpl (MiniOzoneClusterImpl.java:lambda$waitForClusterToBeReady$0(180)) - Waiting for cluster to exit safe mode
2020-10-27 07:56:25,204 [pool-658-thread-1] INFO  storage.RaftStorage (RaftStorage.java:format(84)) - Storage directory /github/workspace/mnt/ozone/hadoop-ozone/integration-test/target/test-dir/MiniOzoneClusterImpl-b0e8067d-8c2e-4ee5-9f61-8ad8788f9080/datanode-8/data/ratis/3a6cdbb6-c5ee-400b-a21a-772ca83f5fa0 has been successfully formatted.
2020-10-27 07:56:25,204 [pool-658-thread-1] INFO  ratis.ContainerStateMachine (ContainerStateMachine.java:loadSnapshot(225)) - group-772CA83F5FA0: The snapshot info is null. Setting the last applied indexto:(t:0, i:~)
2020-10-27 07:56:25,204 [pool-658-thread-1] INFO  server.RaftServerConfigKeys (ConfUtils.java:logGet(44)) - raft.server.notification.no-leader.timeout = 300000ms (custom)
2020-10-27 07:56:25,204 [pool-658-thread-1] INFO  server.RaftServerConfigKeys (ConfUtils.java:logGet(44)) - raft.server.log.use.memory = false (default)
2020-10-27 07:56:25,207 [pool-658-thread-1] INFO  server.RaftServerConfigKeys (ConfUtils.java:logGet(44)) - raft.server.log.purge.gap = 1000000 (custom)
2020-10-27 07:56:25,207 [pool-658-thread-1] INFO  metrics.RatisMetrics (RatisMetrics.java:lambda$create$0(36)) - Creating Metrics Registry : ratis.log_worker.66fe8200-7270-4b9e-bb73-e3e8d2e4209c@group-772CA83F5FA0
2020-10-27 07:56:25,207 [pool-658-thread-1] INFO  server.RaftServerConfigKeys (ConfUtils.java:logGet(44)) - raft.server.log.appender.buffer.byte-limit = 33554432 (custom)
2020-10-27 07:56:25,208 [pool-658-thread-1] INFO  server.RaftServerConfigKeys (ConfUtils.java:logGet(44)) - raft.server.log.segment.size.max = 1048576 (custom)
2020-10-27 07:56:25,209 [pool-658-thread-1] INFO  server.RaftServerConfigKeys (ConfUtils.java:logGet(44)) - raft.server.log.segment.cache.num.max = 2 (custom)
2020-10-27 07:56:25,209 [pool-658-thread-1] INFO  segmented.SegmentedRaftLogWorker (SegmentedRaftLogWorker.java:<init>(180)) - new 66fe8200-7270-4b9e-bb73-e3e8d2e4209c@group-772CA83F5FA0-SegmentedRaftLogWorker for RaftStorage:Storage Directory /github/workspace/mnt/ozone/hadoop-ozone/integration-test/target/test-dir/MiniOzoneClusterImpl-b0e8067d-8c2e-4ee5-9f61-8ad8788f9080/datanode-8/data/ratis/3a6cdbb6-c5ee-400b-a21a-772ca83f5fa0
2020-10-27 07:56:25,209 [pool-658-thread-1] INFO  server.RaftServerConfigKeys (ConfUtils.java:logGet(44)) - raft.server.log.queue.byte-limit = 2147483647 (custom)
2020-10-27 07:56:25,209 [pool-658-thread-1] INFO  server.RaftServerConfigKeys (ConfUtils.java:logGet(44)) - raft.server.log.queue.element-limit = 1024 (custom)
2020-10-27 07:56:25,209 [pool-658-thread-1] INFO  server.RaftServerConfigKeys (ConfUtils.java:logGet(44)) - raft.server.log.segment.size.max = 1048576 (custom)
2020-10-27 07:56:25,209 [pool-658-thread-1] INFO  server.RaftServerConfigKeys (ConfUtils.java:logGet(44)) - raft.server.log.preallocated.size = 16384 (custom)
2020-10-27 07:56:25,209 [pool-658-thread-1] INFO  server.RaftServerConfigKeys (ConfUtils.java:logGet(44)) - raft.server.log.write.buffer.size = 1048576 (custom)
2020-10-27 07:56:25,209 [pool-658-thread-1] INFO  server.RaftServerConfigKeys (ConfUtils.java:logGet(44)) - raft.server.log.force.sync.num = 128 (default)
2020-10-27 07:56:25,209 [pool-658-thread-1] INFO  server.RaftServerConfigKeys (ConfUtils.java:logGet(44)) - raft.server.log.statemachine.data.sync = true (default)
2020-10-27 07:56:25,209 [pool-658-thread-1] INFO  server.RaftServerConfigKeys (ConfUtils.java:logGet(44)) - raft.server.log.statemachine.data.sync.timeout = 10s (default)
2020-10-27 07:56:25,209 [pool-658-thread-1] INFO  server.RaftServerConfigKeys (ConfUtils.java:logGet(44)) - raft.server.log.statemachine.data.sync.timeout.retry = -1 (default)
2020-10-27 07:56:25,211 [pool-658-thread-1] INFO  server.RaftServerConfigKeys (ConfUtils.java:logGet(44)) - raft.server.log.statemachine.data.caching.enabled = true (custom)
2020-10-27 07:56:25,212 [pool-658-thread-1] INFO  segmented.SegmentedRaftLogWorker (SegmentedRaftLogWorker.java:lambda$new$0(129)) - 66fe8200-7270-4b9e-bb73-e3e8d2e4209c@group-772CA83F5FA0-SegmentedRaftLogWorker: flushIndex: setUnconditionally 0 -> -1
2020-10-27 07:56:25,212 [pool-658-thread-1] INFO  segmented.SegmentedRaftLogWorker (SegmentedRaftLogWorker.java:lambda$new$0(129)) - 66fe8200-7270-4b9e-bb73-e3e8d2e4209c@group-772CA83F5FA0-SegmentedRaftLogWorker: safeCacheEvictIndex: setUnconditionally 0 -> -1
2020-10-27 07:56:25,212 [EventQueue-PipelineReportForPipelineReportHandler] INFO  pipeline.PipelineStateManager (PipelineStateManager.java:openPipeline(132)) - Pipeline Pipeline[ Id: 3a6cdbb6-c5ee-400b-a21a-772ca83f5fa0, Nodes: 66fe8200-7270-4b9e-bb73-e3e8d2e4209c{ip: 172.17.0.2, host: 347446dca554, networkLocation: /default-rack, certSerialId: null}, Type:RATIS, Factor:ONE, State:ALLOCATED, leaderId:66fe8200-7270-4b9e-bb73-e3e8d2e4209c, CreationTimestamp2020-10-27T07:56:22.202Z] moved to OPEN state
2020-10-27 07:56:25,212 [EventQueue-OpenPipelineForHealthyPipelineSafeModeRule] INFO  safemode.SCMSafeModeManager (HealthyPipelineSafeModeRule.java:process(129)) - SCM in safe mode. Healthy pipelines reported count is 0, required healthy pipeline reported count is 1
2020-10-27 07:56:25,213 [EventQueue-OpenPipelineForOneReplicaPipelineSafeModeRule] INFO  safemode.SCMSafeModeManager (SCMSafeModeManager.java:validateSafeModeExitRules(214)) - AtleastOneDatanodeReportedRule rule is successfully validated
2020-10-27 07:56:25,217 [pool-658-thread-1] INFO  server.RaftServerConfigKeys (ConfUtils.java:logGet(44)) - raft.server.snapshot.auto.trigger.enabled = true (custom)
2020-10-27 07:56:25,217 [pool-658-thread-1] INFO  server.RaftServerConfigKeys (ConfUtils.java:logGet(44)) - raft.server.snapshot.auto.trigger.threshold = 10000 (custom)
2020-10-27 07:56:25,217 [pool-658-thread-1] INFO  server.RaftServerConfigKeys (ConfUtils.java:logGet(44)) - raft.server.snapshot.retention.file.num = 5 (custom)
2020-10-27 07:56:25,217 [pool-658-thread-1] INFO  server.RaftServerConfigKeys (ConfUtils.java:logGet(44)) - raft.server.log.purge.upto.snapshot.index = false (default)
2020-10-27 07:56:25,217 [pool-658-thread-1] INFO  server.RaftServerConfigKeys (ConfUtils.java:logGet(44)) - raft.server.retrycache.expirytime = 600000ms (custom)
2020-10-27 07:56:25,217 [pool-658-thread-1] INFO  metrics.RatisMetrics (RatisMetrics.java:lambda$create$0(36)) - Creating Metrics Registry : ratis.leader_election.66fe8200-7270-4b9e-bb73-e3e8d2e4209c@group-772CA83F5FA0
2020-10-27 07:56:25,218 [pool-658-thread-1] INFO  metrics.RatisMetrics (RatisMetrics.java:lambda$create$0(36)) - Creating Metrics Registry : ratis.server.66fe8200-7270-4b9e-bb73-e3e8d2e4209c@group-772CA83F5FA0
2020-10-27 07:56:25,219 [pool-658-thread-1] INFO  impl.RaftServerImpl (RaftServerImpl.java:start(209)) - 66fe8200-7270-4b9e-bb73-e3e8d2e4209c@group-772CA83F5FA0: start as a follower, conf=-1: [66fe8200-7270-4b9e-bb73-e3e8d2e4209c:172.17.0.2:36451:0], old=null
2020-10-27 07:56:25,219 [pool-658-thread-1] INFO  impl.RaftServerImpl (RaftServerImpl.java:setRole(198)) - 66fe8200-7270-4b9e-bb73-e3e8d2e4209c@group-772CA83F5FA0: changes role from      null to FOLLOWER at term 0 for startAsFollower
2020-10-27 07:56:25,219 [pool-658-thread-1] INFO  impl.RoleInfo (RoleInfo.java:updateAndGet(143)) - 66fe8200-7270-4b9e-bb73-e3e8d2e4209c: start FollowerState
2020-10-27 07:56:25,219 [pool-658-thread-1] INFO  util.JmxRegister (JmxRegister.java:tryRegister(44)) - Successfully registered JMX Bean with object name Ratis:service=RaftServer,group=group-772CA83F5FA0,id=66fe8200-7270-4b9e-bb73-e3e8d2e4209c
2020-10-27 07:56:25,219 [pool-658-thread-1] INFO  metrics.RatisMetrics (RatisMetrics.java:lambda$create$0(36)) - Creating Metrics Registry : ratis.state_machine.66fe8200-7270-4b9e-bb73-e3e8d2e4209c@group-772CA83F5FA0
2020-10-27 07:56:25,220 [Command processor thread] INFO  commandhandler.CreatePipelineCommandHandler (CreatePipelineCommandHandler.java:handle(112)) - Created Pipeline RATIS ONE #id: "3a6cdbb6-c5ee-400b-a21a-772ca83f5fa0"
uuid128 {
  mostSigBits: 4209981329735827467
  leastSigBits: -6765964456485757024
}
.
2020-10-27 07:56:26,203 [Listener at 127.0.0.1/35583] INFO  ozone.MiniOzoneClusterImpl (MiniOzoneClusterImpl.java:lambda$waitForClusterToBeReady$0(177)) - Nodes are ready. Got 9 of 9 DN Heartbeats.
2020-10-27 07:56:26,203 [Listener at 127.0.0.1/35583] INFO  ozone.MiniOzoneClusterImpl (MiniOzoneClusterImpl.java:lambda$waitForClusterToBeReady$0(180)) - Waiting for cluster to exit safe mode
2020-10-27 07:56:27,204 [Listener at 127.0.0.1/35583] INFO  ozone.MiniOzoneClusterImpl (MiniOzoneClusterImpl.java:lambda$waitForClusterToBeReady$0(177)) - Nodes are ready. Got 9 of 9 DN Heartbeats.
2020-10-27 07:56:27,204 [Listener at 127.0.0.1/35583] INFO  ozone.MiniOzoneClusterImpl (MiniOzoneClusterImpl.java:lambda$waitForClusterToBeReady$0(180)) - Waiting for cluster to exit safe mode
2020-10-27 07:56:28,204 [Listener at 127.0.0.1/35583] INFO  ozone.MiniOzoneClusterImpl (MiniOzoneClusterImpl.java:lambda$waitForClusterToBeReady$0(177)) - Nodes are ready. Got 9 of 9 DN Heartbeats.
2020-10-27 07:56:28,204 [Listener at 127.0.0.1/35583] INFO  ozone.MiniOzoneClusterImpl (MiniOzoneClusterImpl.java:lambda$waitForClusterToBeReady$0(180)) - Waiting for cluster to exit safe mode
2020-10-27 07:56:28,656 [Thread-1674] INFO  impl.FollowerState (FollowerState.java:run(108)) - 051b2d74-f79c-4890-925b-2bf8237baebb@group-2E38C93F6F1B-FollowerState: change to CANDIDATE, lastRpcTime:5065ms, electionTimeout:5065ms
2020-10-27 07:56:28,657 [Thread-1674] INFO  impl.RoleInfo (RoleInfo.java:shutdownFollowerState(121)) - 051b2d74-f79c-4890-925b-2bf8237baebb: shutdown FollowerState
2020-10-27 07:56:28,657 [Thread-1674] INFO  impl.RaftServerImpl (RaftServerImpl.java:setRole(198)) - 051b2d74-f79c-4890-925b-2bf8237baebb@group-2E38C93F6F1B: changes role from  FOLLOWER to CANDIDATE at term 0 for changeToCandidate
2020-10-27 07:56:28,657 [Thread-1674] INFO  impl.RoleInfo (RoleInfo.java:updateAndGet(143)) - 051b2d74-f79c-4890-925b-2bf8237baebb: start LeaderElection
2020-10-27 07:56:28,675 [051b2d74-f79c-4890-925b-2bf8237baebb@group-2E38C93F6F1B-LeaderElection50] INFO  impl.LeaderElection (LeaderElection.java:askForVotes(210)) - 051b2d74-f79c-4890-925b-2bf8237baebb@group-2E38C93F6F1B-LeaderElection50: begin an election at term 1 for -1: [051b2d74-f79c-4890-925b-2bf8237baebb:172.17.0.2:35993:0], old=null
2020-10-27 07:56:28,675 [051b2d74-f79c-4890-925b-2bf8237baebb@group-2E38C93F6F1B-LeaderElection50] INFO  impl.RoleInfo (RoleInfo.java:shutdownLeaderElection(134)) - 051b2d74-f79c-4890-925b-2bf8237baebb: shutdown LeaderElection
2020-10-27 07:56:28,675 [051b2d74-f79c-4890-925b-2bf8237baebb@group-2E38C93F6F1B-LeaderElection50] INFO  impl.RaftServerImpl (RaftServerImpl.java:setRole(198)) - 051b2d74-f79c-4890-925b-2bf8237baebb@group-2E38C93F6F1B: changes role from CANDIDATE to LEADER at term 1 for changeToLeader
2020-10-27 07:56:28,675 [051b2d74-f79c-4890-925b-2bf8237baebb@group-2E38C93F6F1B-LeaderElection50] INFO  ratis.XceiverServerRatis (XceiverServerRatis.java:handleLeaderChangedNotification(847)) - Leader change notification received for group: group-2E38C93F6F1B with new leaderId: 051b2d74-f79c-4890-925b-2bf8237baebb
2020-10-27 07:56:28,675 [051b2d74-f79c-4890-925b-2bf8237baebb@group-2E38C93F6F1B-LeaderElection50] INFO  impl.RaftServerImpl (ServerState.java:setLeader(256)) - 051b2d74-f79c-4890-925b-2bf8237baebb@group-2E38C93F6F1B: change Leader from null to 051b2d74-f79c-4890-925b-2bf8237baebb at term 1 for becomeLeader, leader elected after 5094ms
2020-10-27 07:56:28,675 [051b2d74-f79c-4890-925b-2bf8237baebb@group-2E38C93F6F1B-LeaderElection50] INFO  server.RaftServerConfigKeys (ConfUtils.java:logGet(44)) - raft.server.staging.catchup.gap = 1000 (default)
2020-10-27 07:56:28,676 [051b2d74-f79c-4890-925b-2bf8237baebb@group-2E38C93F6F1B-LeaderElection50] INFO  server.RaftServerConfigKeys (ConfUtils.java:logGet(44)) - raft.server.rpc.sleep.time = 25ms (default)
2020-10-27 07:56:28,676 [051b2d74-f79c-4890-925b-2bf8237baebb@group-2E38C93F6F1B-LeaderElection50] INFO  metrics.RatisMetrics (RatisMetrics.java:lambda$create$0(36)) - Creating Metrics Registry : ratis.log_appender.051b2d74-f79c-4890-925b-2bf8237baebb@group-2E38C93F6F1B
2020-10-27 07:56:28,676 [051b2d74-f79c-4890-925b-2bf8237baebb@group-2E38C93F6F1B-LeaderElection50] INFO  server.RaftServerConfigKeys (ConfUtils.java:logGet(44)) - raft.server.write.element-limit = 1024 (custom)
2020-10-27 07:56:28,676 [051b2d74-f79c-4890-925b-2bf8237baebb@group-2E38C93F6F1B-LeaderElection50] INFO  server.RaftServerConfigKeys (ConfUtils.java:logGet(44)) - raft.server.write.byte-limit = 1073741824 (custom)
2020-10-27 07:56:28,677 [051b2d74-f79c-4890-925b-2bf8237baebb@group-2E38C93F6F1B-LeaderElection50] INFO  server.RaftServerConfigKeys (ConfUtils.java:logGet(44)) - raft.server.watch.timeout = 3000ms (custom)
2020-10-27 07:56:28,677 [051b2d74-f79c-4890-925b-2bf8237baebb@group-2E38C93F6F1B-LeaderElection50] INFO  server.RaftServerConfigKeys (ConfUtils.java:logGet(44)) - raft.server.watch.timeout.denomination = 1s (default)
2020-10-27 07:56:28,677 [051b2d74-f79c-4890-925b-2bf8237baebb@group-2E38C93F6F1B-LeaderElection50] INFO  server.RaftServerConfigKeys (ConfUtils.java:logGet(44)) - raft.server.watch.element-limit = 65536 (default)
2020-10-27 07:56:28,677 [051b2d74-f79c-4890-925b-2bf8237baebb@group-2E38C93F6F1B-LeaderElection50] INFO  impl.RoleInfo (RoleInfo.java:updateAndGet(143)) - 051b2d74-f79c-4890-925b-2bf8237baebb: start LeaderState
2020-10-27 07:56:28,678 [051b2d74-f79c-4890-925b-2bf8237baebb@group-2E38C93F6F1B-LeaderElection50] INFO  segmented.SegmentedRaftLogWorker (SegmentedRaftLogWorker.java:startLogSegment(397)) - 051b2d74-f79c-4890-925b-2bf8237baebb@group-2E38C93F6F1B-SegmentedRaftLogWorker: Starting segment from index:0
2020-10-27 07:56:28,678 [051b2d74-f79c-4890-925b-2bf8237baebb@group-2E38C93F6F1B-LeaderElection50] INFO  impl.RaftServerImpl (ServerState.java:setRaftConf(374)) - 051b2d74-f79c-4890-925b-2bf8237baebb@group-2E38C93F6F1B: set configuration 0: [051b2d74-f79c-4890-925b-2bf8237baebb:172.17.0.2:35993:0], old=null at 0
2020-10-27 07:56:28,714 [Thread-1676] INFO  impl.FollowerState (FollowerState.java:run(108)) - 051b2d74-f79c-4890-925b-2bf8237baebb@group-E13E969E17FD-FollowerState: change to CANDIDATE, lastRpcTime:5110ms, electionTimeout:5110ms
2020-10-27 07:56:28,715 [Thread-1676] INFO  impl.RoleInfo (RoleInfo.java:shutdownFollowerState(121)) - 051b2d74-f79c-4890-925b-2bf8237baebb: shutdown FollowerState
2020-10-27 07:56:28,715 [Thread-1676] INFO  impl.RaftServerImpl (RaftServerImpl.java:setRole(198)) - 051b2d74-f79c-4890-925b-2bf8237baebb@group-E13E969E17FD: changes role from  FOLLOWER to CANDIDATE at term 0 for changeToCandidate
2020-10-27 07:56:28,715 [Thread-1676] INFO  impl.RoleInfo (RoleInfo.java:updateAndGet(143)) - 051b2d74-f79c-4890-925b-2bf8237baebb: start LeaderElection
2020-10-27 07:56:28,726 [Thread-1681] INFO  impl.FollowerState (FollowerState.java:run(108)) - 50760c4e-b8f4-4c7a-910b-93b335267e74@group-E13E969E17FD-FollowerState: change to CANDIDATE, lastRpcTime:5062ms, electionTimeout:5062ms
2020-10-27 07:56:28,726 [Thread-1681] INFO  impl.RoleInfo (RoleInfo.java:shutdownFollowerState(121)) - 50760c4e-b8f4-4c7a-910b-93b335267e74: shutdown FollowerState
2020-10-27 07:56:28,727 [Thread-1681] INFO  impl.RaftServerImpl (RaftServerImpl.java:setRole(198)) - 50760c4e-b8f4-4c7a-910b-93b335267e74@group-E13E969E17FD: changes role from  FOLLOWER to CANDIDATE at term 0 for changeToCandidate
2020-10-27 07:56:28,727 [Thread-1681] INFO  impl.RoleInfo (RoleInfo.java:updateAndGet(143)) - 50760c4e-b8f4-4c7a-910b-93b335267e74: start LeaderElection
2020-10-27 07:56:28,767 [051b2d74-f79c-4890-925b-2bf8237baebb@group-2E38C93F6F1B-SegmentedRaftLogWorker] INFO  segmented.SegmentedRaftLogWorker (SegmentedRaftLogWorker.java:execute(596)) - 051b2d74-f79c-4890-925b-2bf8237baebb@group-2E38C93F6F1B-SegmentedRaftLogWorker: created new log segment /github/workspace/mnt/ozone/hadoop-ozone/integration-test/target/test-dir/MiniOzoneClusterImpl-b0e8067d-8c2e-4ee5-9f61-8ad8788f9080/datanode-0/data/ratis/ea6410d2-8d44-496d-a6e0-2e38c93f6f1b/current/log_inprogress_0
2020-10-27 07:56:28,769 [051b2d74-f79c-4890-925b-2bf8237baebb@group-E13E969E17FD-LeaderElection51] INFO  impl.LeaderElection (LeaderElection.java:askForVotes(210)) - 051b2d74-f79c-4890-925b-2bf8237baebb@group-E13E969E17FD-LeaderElection51: begin an election at term 1 for -1: [50760c4e-b8f4-4c7a-910b-93b335267e74:172.17.0.2:37177:0, 5a42b6c6-dd9e-4bd1-bc6a-89f7d8f7d666:172.17.0.2:42521:0, 051b2d74-f79c-4890-925b-2bf8237baebb:172.17.0.2:35993:0], old=null
2020-10-27 07:56:28,786 [grpc-default-executor-0] INFO  impl.RaftServerImpl (RaftServerImpl.java:setRole(198)) - 5a42b6c6-dd9e-4bd1-bc6a-89f7d8f7d666@group-E13E969E17FD: changes role from  FOLLOWER to FOLLOWER at term 1 for recognizeCandidate:051b2d74-f79c-4890-925b-2bf8237baebb
2020-10-27 07:56:28,786 [grpc-default-executor-0] INFO  impl.RoleInfo (RoleInfo.java:shutdownFollowerState(121)) - 5a42b6c6-dd9e-4bd1-bc6a-89f7d8f7d666: shutdown FollowerState
2020-10-27 07:56:28,786 [grpc-default-executor-0] INFO  impl.RoleInfo (RoleInfo.java:updateAndGet(143)) - 5a42b6c6-dd9e-4bd1-bc6a-89f7d8f7d666: start FollowerState
2020-10-27 07:56:28,786 [Thread-1678] INFO  impl.FollowerState (FollowerState.java:run(117)) - 5a42b6c6-dd9e-4bd1-bc6a-89f7d8f7d666@group-E13E969E17FD-FollowerState was interrupted: java.lang.InterruptedException: sleep interrupted
2020-10-27 07:56:28,793 [grpc-default-executor-0] INFO  impl.RaftServerImpl (RaftServerImpl.java:requestVote(923)) -  FOLLOWER 5a42b6c6-dd9e-4bd1-bc6a-89f7d8f7d666@group-E13E969E17FD:t1, leader=null, voted=null, raftlog=5a42b6c6-dd9e-4bd1-bc6a-89f7d8f7d666@group-E13E969E17FD-SegmentedRaftLog:OPENED:c-1,f-1,i0, conf=-1: [50760c4e-b8f4-4c7a-910b-93b335267e74:172.17.0.2:37177:0, 5a42b6c6-dd9e-4bd1-bc6a-89f7d8f7d666:172.17.0.2:42521:0, 051b2d74-f79c-4890-925b-2bf8237baebb:172.17.0.2:35993:0], old=null RUNNING priority:0 candidate:051b2d74-f79c-4890-925b-2bf8237baebb:172.17.0.2:35993:0 candidatePriority:0 compare:0
2020-10-27 07:56:28,919 [Thread-1684] INFO  impl.FollowerState (FollowerState.java:run(108)) - 5a42b6c6-dd9e-4bd1-bc6a-89f7d8f7d666@group-B0C851E909BF-FollowerState: change to CANDIDATE, lastRpcTime:5185ms, electionTimeout:5185ms
2020-10-27 07:56:28,919 [Thread-1684] INFO  impl.RoleInfo (RoleInfo.java:shutdownFollowerState(121)) - 5a42b6c6-dd9e-4bd1-bc6a-89f7d8f7d666: shutdown FollowerState
2020-10-27 07:56:28,919 [Thread-1684] INFO  impl.RaftServerImpl (RaftServerImpl.java:setRole(198)) - 5a42b6c6-dd9e-4bd1-bc6a-89f7d8f7d666@group-B0C851E909BF: changes role from  FOLLOWER to CANDIDATE at term 0 for changeToCandidate
2020-10-27 07:56:28,920 [Thread-1684] INFO  impl.RoleInfo (RoleInfo.java:updateAndGet(143)) - 5a42b6c6-dd9e-4bd1-bc6a-89f7d8f7d666: start LeaderElection
2020-10-27 07:56:29,083 [Thread-1686] INFO  impl.FollowerState (FollowerState.java:run(108)) - 50760c4e-b8f4-4c7a-910b-93b335267e74@group-918CF2214A87-FollowerState: change to CANDIDATE, lastRpcTime:5173ms, electionTimeout:5173ms
2020-10-27 07:56:29,085 [Thread-1686] INFO  impl.RoleInfo (RoleInfo.java:shutdownFollowerState(121)) - 50760c4e-b8f4-4c7a-910b-93b335267e74: shutdown FollowerState
2020-10-27 07:56:29,085 [Thread-1686] INFO  impl.RaftServerImpl (RaftServerImpl.java:setRole(198)) - 50760c4e-b8f4-4c7a-910b-93b335267e74@group-918CF2214A87: changes role from  FOLLOWER to CANDIDATE at term 0 for changeToCandidate
2020-10-27 07:56:29,085 [Thread-1686] INFO  impl.RoleInfo (RoleInfo.java:updateAndGet(143)) - 50760c4e-b8f4-4c7a-910b-93b335267e74: start LeaderElection
2020-10-27 07:56:29,174 [50760c4e-b8f4-4c7a-910b-93b335267e74@group-E13E969E17FD-LeaderElection52] INFO  impl.LeaderElection (LeaderElection.java:askForVotes(210)) - 50760c4e-b8f4-4c7a-910b-93b335267e74@group-E13E969E17FD-LeaderElection52: begin an election at term 1 for -1: [50760c4e-b8f4-4c7a-910b-93b335267e74:172.17.0.2:37177:0, 5a42b6c6-dd9e-4bd1-bc6a-89f7d8f7d666:172.17.0.2:42521:0, 051b2d74-f79c-4890-925b-2bf8237baebb:172.17.0.2:35993:0], old=null
2020-10-27 07:56:29,183 [051b2d74-f79c-4890-925b-2bf8237baebb@group-E13E969E17FD-LeaderElection51] INFO  impl.LeaderElection (LeaderElection.java:logAndReturn(62)) - 051b2d74-f79c-4890-925b-2bf8237baebb@group-E13E969E17FD-LeaderElection51: Election PASSED; received 1 response(s) [051b2d74-f79c-4890-925b-2bf8237baebb<-5a42b6c6-dd9e-4bd1-bc6a-89f7d8f7d666#0:OK-t1] and 0 exception(s); 051b2d74-f79c-4890-925b-2bf8237baebb@group-E13E969E17FD:t1, leader=null, voted=051b2d74-f79c-4890-925b-2bf8237baebb, raftlog=051b2d74-f79c-4890-925b-2bf8237baebb@group-E13E969E17FD-SegmentedRaftLog:OPENED:c-1,f-1,i0, conf=-1: [50760c4e-b8f4-4c7a-910b-93b335267e74:172.17.0.2:37177:0, 5a42b6c6-dd9e-4bd1-bc6a-89f7d8f7d666:172.17.0.2:42521:0, 051b2d74-f79c-4890-925b-2bf8237baebb:172.17.0.2:35993:0], old=null
2020-10-27 07:56:29,183 [051b2d74-f79c-4890-925b-2bf8237baebb@group-E13E969E17FD-LeaderElection51] INFO  impl.RoleInfo (RoleInfo.java:shutdownLeaderElection(134)) - 051b2d74-f79c-4890-925b-2bf8237baebb: shutdown LeaderElection
2020-10-27 07:56:29,183 [051b2d74-f79c-4890-925b-2bf8237baebb@group-E13E969E17FD-LeaderElection51] INFO  impl.RaftServerImpl (RaftServerImpl.java:setRole(198)) - 051b2d74-f79c-4890-925b-2bf8237baebb@group-E13E969E17FD: changes role from CANDIDATE to LEADER at term 1 for changeToLeader
2020-10-27 07:56:29,183 [051b2d74-f79c-4890-925b-2bf8237baebb@group-E13E969E17FD-LeaderElection51] INFO  ratis.XceiverServerRatis (XceiverServerRatis.java:handleLeaderChangedNotification(847)) - Leader change notification received for group: group-E13E969E17FD with new leaderId: 051b2d74-f79c-4890-925b-2bf8237baebb
2020-10-27 07:56:29,183 [051b2d74-f79c-4890-925b-2bf8237baebb@group-E13E969E17FD-LeaderElection51] INFO  impl.RaftServerImpl (ServerState.java:setLeader(256)) - 051b2d74-f79c-4890-925b-2bf8237baebb@group-E13E969E17FD: change Leader from null to 051b2d74-f79c-4890-925b-2bf8237baebb at term 1 for becomeLeader, leader elected after 5586ms
2020-10-27 07:56:29,183 [051b2d74-f79c-4890-925b-2bf8237baebb@group-E13E969E17FD-LeaderElection51] INFO  server.RaftServerConfigKeys (ConfUtils.java:logGet(44)) - raft.server.staging.catchup.gap = 1000 (default)
2020-10-27 07:56:29,183 [051b2d74-f79c-4890-925b-2bf8237baebb@group-E13E969E17FD-LeaderElection51] INFO  server.RaftServerConfigKeys (ConfUtils.java:logGet(44)) - raft.server.rpc.sleep.time = 25ms (default)
2020-10-27 07:56:29,183 [051b2d74-f79c-4890-925b-2bf8237baebb@group-E13E969E17FD-LeaderElection51] INFO  metrics.RatisMetrics (RatisMetrics.java:lambda$create$0(36)) - Creating Metrics Registry : ratis.log_appender.051b2d74-f79c-4890-925b-2bf8237baebb@group-E13E969E17FD
2020-10-27 07:56:29,184 [051b2d74-f79c-4890-925b-2bf8237baebb@group-E13E969E17FD-LeaderElection51] INFO  server.RaftServerConfigKeys (ConfUtils.java:logGet(44)) - raft.server.write.element-limit = 1024 (custom)
2020-10-27 07:56:29,184 [051b2d74-f79c-4890-925b-2bf8237baebb@group-E13E969E17FD-LeaderElection51] INFO  server.RaftServerConfigKeys (ConfUtils.java:logGet(44)) - raft.server.write.byte-limit = 1073741824 (custom)
2020-10-27 07:56:29,184 [051b2d74-f79c-4890-925b-2bf8237baebb@group-E13E969E17FD-LeaderElection51] INFO  server.RaftServerConfigKeys (ConfUtils.java:logGet(44)) - raft.server.watch.timeout = 3000ms (custom)
2020-10-27 07:56:29,184 [051b2d74-f79c-4890-925b-2bf8237baebb@group-E13E969E17FD-LeaderElection51] INFO  server.RaftServerConfigKeys (ConfUtils.java:logGet(44)) - raft.server.watch.timeout.denomination = 1s (default)
2020-10-27 07:56:29,184 [051b2d74-f79c-4890-925b-2bf8237baebb@group-E13E969E17FD-LeaderElection51] INFO  server.RaftServerConfigKeys (ConfUtils.java:logGet(44)) - raft.server.watch.element-limit = 65536 (default)
2020-10-27 07:56:29,184 [051b2d74-f79c-4890-925b-2bf8237baebb@group-E13E969E17FD-LeaderElection51] INFO  server.RaftServerConfigKeys (ConfUtils.java:logGet(44)) - raft.server.log.appender.snapshot.chunk.size.max = 16MB (=16777216) (default)
2020-10-27 07:56:29,185 [051b2d74-f79c-4890-925b-2bf8237baebb@group-E13E969E17FD-LeaderElection51] INFO  server.RaftServerConfigKeys (ConfUtils.java:logGet(44)) - raft.server.log.appender.buffer.byte-limit = 33554432 (custom)
2020-10-27 07:56:29,185 [051b2d74-f79c-4890-925b-2bf8237baebb@group-E13E969E17FD-LeaderElection51] INFO  server.RaftServerConfigKeys (ConfUtils.java:logGet(44)) - raft.server.log.appender.buffer.element-limit = 1 (custom)
2020-10-27 07:56:29,185 [051b2d74-f79c-4890-925b-2bf8237baebb@group-E13E969E17FD-LeaderElection51] INFO  grpc.GrpcConfigKeys (ConfUtils.java:logGet(44)) - raft.grpc.server.leader.outstanding.appends.max = 128 (default)
2020-10-27 07:56:29,185 [051b2d74-f79c-4890-925b-2bf8237baebb@group-E13E969E17FD-LeaderElection51] INFO  server.RaftServerConfigKeys (ConfUtils.java:logGet(44)) - raft.server.rpc.request.timeout = 3000ms (default)
2020-10-27 07:56:29,185 [051b2d74-f79c-4890-925b-2bf8237baebb@group-E13E969E17FD-LeaderElection51] INFO  server.RaftServerConfigKeys (ConfUtils.java:logGet(44)) - raft.server.log.appender.install.snapshot.enabled = false (custom)
2020-10-27 07:56:29,185 [051b2d74-f79c-4890-925b-2bf8237baebb@group-E13E969E17FD-LeaderElection51] INFO  metrics.RatisMetrics (RatisMetrics.java:lambda$create$0(36)) - Creating Metrics Registry : ratis_grpc.log_appender.051b2d74-f79c-4890-925b-2bf8237baebb@group-E13E969E17FD
2020-10-27 07:56:29,186 [EventQueue-PipelineReportForPipelineReportHandler] INFO  pipeline.PipelineStateManager (PipelineStateManager.java:openPipeline(132)) - Pipeline Pipeline[ Id: a99e8c6f-1c5f-4bac-9f40-e13e969e17fd, Nodes: 051b2d74-f79c-4890-925b-2bf8237baebb{ip: 172.17.0.2, host: 347446dca554, networkLocation: /default-rack, certSerialId: null}5a42b6c6-dd9e-4bd1-bc6a-89f7d8f7d666{ip: 172.17.0.2, host: 347446dca554, networkLocation: /default-rack, certSerialId: null}50760c4e-b8f4-4c7a-910b-93b335267e74{ip: 172.17.0.2, host: 347446dca554, networkLocation: /default-rack, certSerialId: null}, Type:RATIS, Factor:THREE, State:ALLOCATED, leaderId:051b2d74-f79c-4890-925b-2bf8237baebb, CreationTimestamp2020-10-27T07:56:20.896Z] moved to OPEN state
2020-10-27 07:56:29,192 [EventQueue-OpenPipelineForOneReplicaPipelineSafeModeRule] INFO  safemode.SCMSafeModeManager (SCMSafeModeManager.java:validateSafeModeExitRules(214)) - AtleastOneDatanodeReportedRule rule is successfully validated
2020-10-27 07:56:29,192 [EventQueue-OpenPipelineForHealthyPipelineSafeModeRule] INFO  safemode.SCMSafeModeManager (HealthyPipelineSafeModeRule.java:process(129)) - SCM in safe mode. Healthy pipelines reported count is 1, required healthy pipeline reported count is 1
2020-10-27 07:56:29,195 [EventQueue-OpenPipelineForHealthyPipelineSafeModeRule] INFO  safemode.SCMSafeModeManager (SCMSafeModeManager.java:validateSafeModeExitRules(214)) - HealthyPipelineSafeModeRule rule is successfully validated
2020-10-27 07:56:29,195 [EventQueue-OpenPipelineForHealthyPipelineSafeModeRule] INFO  safemode.SCMSafeModeManager (SCMSafeModeManager.java:validateSafeModeExitRules(228)) - ScmSafeModeManager, all rules are successfully validated
2020-10-27 07:56:29,195 [EventQueue-OpenPipelineForHealthyPipelineSafeModeRule] INFO  safemode.SCMSafeModeManager (SCMSafeModeManager.java:exitSafeMode(257)) - SCM exiting safe mode.
2020-10-27 07:56:29,187 [051b2d74-f79c-4890-925b-2bf8237baebb@group-E13E969E17FD-LeaderElection51] INFO  server.RaftServerConfigKeys (ConfUtils.java:logGet(44)) - raft.server.log.appender.snapshot.chunk.size.max = 16MB (=16777216) (default)
2020-10-27 07:56:29,195 [051b2d74-f79c-4890-925b-2bf8237baebb@group-E13E969E17FD-LeaderElection51] INFO  server.RaftServerConfigKeys (ConfUtils.java:logGet(44)) - raft.server.log.appender.buffer.byte-limit = 33554432 (custom)
2020-10-27 07:56:29,195 [051b2d74-f79c-4890-925b-2bf8237baebb@group-E13E969E17FD-LeaderElection51] INFO  server.RaftServerConfigKeys (ConfUtils.java:logGet(44)) - raft.server.log.appender.buffer.element-limit = 1 (custom)
2020-10-27 07:56:29,194 [grpc-default-executor-0] INFO  metrics.RatisMetrics (RatisMetrics.java:lambda$create$0(36)) - Creating Metrics Registry : ratis.server_message_metrics.051b2d74-f79c-4890-925b-2bf8237baebb
2020-10-27 07:56:29,195 [051b2d74-f79c-4890-925b-2bf8237baebb@group-E13E969E17FD-LeaderElection51] INFO  grpc.GrpcConfigKeys (ConfUtils.java:logGet(44)) - raft.grpc.server.leader.outstanding.appends.max = 128 (default)
2020-10-27 07:56:29,196 [051b2d74-f79c-4890-925b-2bf8237baebb@group-E13E969E17FD-LeaderElection51] INFO  server.RaftServerConfigKeys (ConfUtils.java:logGet(44)) - raft.server.rpc.request.timeout = 3000ms (default)
2020-10-27 07:56:29,196 [051b2d74-f79c-4890-925b-2bf8237baebb@group-E13E969E17FD-LeaderElection51] INFO  server.RaftServerConfigKeys (ConfUtils.java:logGet(44)) - raft.server.log.appender.install.snapshot.enabled = false (custom)
2020-10-27 07:56:29,198 [051b2d74-f79c-4890-925b-2bf8237baebb@group-E13E969E17FD-LeaderElection51] INFO  impl.RoleInfo (RoleInfo.java:updateAndGet(143)) - 051b2d74-f79c-4890-925b-2bf8237baebb: start LeaderState
2020-10-27 07:56:29,199 [051b2d74-f79c-4890-925b-2bf8237baebb@group-E13E969E17FD-LeaderElection51] INFO  segmented.SegmentedRaftLogWorker (SegmentedRaftLogWorker.java:startLogSegment(397)) - 051b2d74-f79c-4890-925b-2bf8237baebb@group-E13E969E17FD-SegmentedRaftLogWorker: Starting segment from index:0
2020-10-27 07:56:29,205 [Listener at 127.0.0.1/35583] INFO  ozone.MiniOzoneClusterImpl (MiniOzoneClusterImpl.java:lambda$waitForClusterToBeReady$0(177)) - Nodes are ready. Got 9 of 9 DN Heartbeats.
2020-10-27 07:56:29,205 [Listener at 127.0.0.1/35583] INFO  ozone.MiniOzoneClusterImpl (MiniOzoneClusterImpl.java:lambda$waitForClusterToBeReady$0(180)) - Cluster exits safe mode
2020-10-27 07:56:29,207 [051b2d74-f79c-4890-925b-2bf8237baebb@group-E13E969E17FD-LeaderElection51] INFO  impl.RaftServerImpl (ServerState.java:setRaftConf(374)) - 051b2d74-f79c-4890-925b-2bf8237baebb@group-E13E969E17FD: set configuration 0: [50760c4e-b8f4-4c7a-910b-93b335267e74:172.17.0.2:37177:0, 5a42b6c6-dd9e-4bd1-bc6a-89f7d8f7d666:172.17.0.2:42521:0, 051b2d74-f79c-4890-925b-2bf8237baebb:172.17.0.2:35993:0], old=null at 0
2020-10-27 07:56:29,207 [grpc-default-executor-0] INFO  impl.RaftServerImpl (RaftServerImpl.java:requestVote(913)) - 051b2d74-f79c-4890-925b-2bf8237baebb@group-E13E969E17FD-   LEADER: Withhold vote from candidate 50760c4e-b8f4-4c7a-910b-93b335267e74 with term 1. State: leader=051b2d74-f79c-4890-925b-2bf8237baebb, term=1, lastRpcElapsed=null
2020-10-27 07:56:29,214 [50760c4e-b8f4-4c7a-910b-93b335267e74@group-E13E969E17FD-LeaderElection52] INFO  impl.LeaderElection (LeaderElection.java:logAndReturn(62)) - 50760c4e-b8f4-4c7a-910b-93b335267e74@group-E13E969E17FD-LeaderElection52: Election REJECTED; received 2 response(s) [50760c4e-b8f4-4c7a-910b-93b335267e74<-5a42b6c6-dd9e-4bd1-bc6a-89f7d8f7d666#0:FAIL-t1, 50760c4e-b8f4-4c7a-910b-93b335267e74<-051b2d74-f79c-4890-925b-2bf8237baebb#0:FAIL-t1] and 0 exception(s); 50760c4e-b8f4-4c7a-910b-93b335267e74@group-E13E969E17FD:t1, leader=null, voted=50760c4e-b8f4-4c7a-910b-93b335267e74, raftlog=50760c4e-b8f4-4c7a-910b-93b335267e74@group-E13E969E17FD-SegmentedRaftLog:OPENED:c-1,f-1,i0, conf=-1: [50760c4e-b8f4-4c7a-910b-93b335267e74:172.17.0.2:37177:0, 5a42b6c6-dd9e-4bd1-bc6a-89f7d8f7d666:172.17.0.2:42521:0, 051b2d74-f79c-4890-925b-2bf8237baebb:172.17.0.2:35993:0], old=null
2020-10-27 07:56:29,214 [50760c4e-b8f4-4c7a-910b-93b335267e74@group-E13E969E17FD-LeaderElection52] INFO  impl.RaftServerImpl (RaftServerImpl.java:setRole(198)) - 50760c4e-b8f4-4c7a-910b-93b335267e74@group-E13E969E17FD: changes role from CANDIDATE to FOLLOWER at term 1 for DISCOVERED_A_NEW_TERM
2020-10-27 07:56:29,214 [50760c4e-b8f4-4c7a-910b-93b335267e74@group-E13E969E17FD-LeaderElection52] INFO  impl.RoleInfo (RoleInfo.java:shutdownLeaderElection(134)) - 50760c4e-b8f4-4c7a-910b-93b335267e74: shutdown LeaderElection
2020-10-27 07:56:29,214 [50760c4e-b8f4-4c7a-910b-93b335267e74@group-E13E969E17FD-LeaderElection52] INFO  impl.RoleInfo (RoleInfo.java:updateAndGet(143)) - 50760c4e-b8f4-4c7a-910b-93b335267e74: start FollowerState
2020-10-27 07:56:29,224 [grpc-default-executor-0] INFO  ratis.XceiverServerRatis (XceiverServerRatis.java:handleLeaderChangedNotification(847)) - Leader change notification received for group: group-E13E969E17FD with new leaderId: 051b2d74-f79c-4890-925b-2bf8237baebb
2020-10-27 07:56:29,225 [grpc-default-executor-0] INFO  impl.RaftServerImpl (ServerState.java:setLeader(256)) - 50760c4e-b8f4-4c7a-910b-93b335267e74@group-E13E969E17FD: change Leader from null to 051b2d74-f79c-4890-925b-2bf8237baebb at term 1 for appendEntries, leader elected after 5568ms
2020-10-27 07:56:29,227 [grpc-default-executor-2] INFO  ratis.XceiverServerRatis (XceiverServerRatis.java:handleLeaderChangedNotification(847)) - Leader change notification received for group: group-E13E969E17FD with new leaderId: 051b2d74-f79c-4890-925b-2bf8237baebb
2020-10-27 07:56:29,228 [grpc-default-executor-2] INFO  impl.RaftServerImpl (ServerState.java:setLeader(256)) - 5a42b6c6-dd9e-4bd1-bc6a-89f7d8f7d666@group-E13E969E17FD: change Leader from null to 051b2d74-f79c-4890-925b-2bf8237baebb at term 1 for appendEntries, leader elected after 5603ms
2020-10-27 07:56:29,228 [Listener at 127.0.0.1/35583] INFO  rpc.RpcClient (RpcClient.java:createVolume(321)) - Creating Volume: watchforcommithandlingtest, with jenkins1001 as owner.
2020-10-27 07:56:29,230 [grpc-default-executor-2] INFO  impl.RaftServerImpl (ServerState.java:setRaftConf(374)) - 5a42b6c6-dd9e-4bd1-bc6a-89f7d8f7d666@group-E13E969E17FD: set configuration 0: [50760c4e-b8f4-4c7a-910b-93b335267e74:172.17.0.2:37177:0, 5a42b6c6-dd9e-4bd1-bc6a-89f7d8f7d666:172.17.0.2:42521:0, 051b2d74-f79c-4890-925b-2bf8237baebb:172.17.0.2:35993:0], old=null at 0
2020-10-27 07:56:29,230 [IPC Server handler 5 on default port 35583] INFO  volume.OMVolumeCreateRequest (OMVolumeCreateRequest.java:validateAndUpdateCache(196)) - created volume:watchforcommithandlingtest for user:jenkins1001
2020-10-27 07:56:29,230 [grpc-default-executor-2] INFO  segmented.SegmentedRaftLogWorker (SegmentedRaftLogWorker.java:startLogSegment(397)) - 5a42b6c6-dd9e-4bd1-bc6a-89f7d8f7d666@group-E13E969E17FD-SegmentedRaftLogWorker: Starting segment from index:0
2020-10-27 07:56:29,235 [Listener at 127.0.0.1/35583] INFO  rpc.RpcClient (RpcClient.java:createBucket(476)) - Creating Bucket: watchforcommithandlingtest/watchforcommithandlingtest, with Versioning false and Storage Type set to DISK and Encryption set to false 
2020-10-27 07:56:29,235 [grpc-default-executor-0] INFO  impl.RaftServerImpl (ServerState.java:setRaftConf(374)) - 50760c4e-b8f4-4c7a-910b-93b335267e74@group-E13E969E17FD: set configuration 0: [50760c4e-b8f4-4c7a-910b-93b335267e74:172.17.0.2:37177:0, 5a42b6c6-dd9e-4bd1-bc6a-89f7d8f7d666:172.17.0.2:42521:0, 051b2d74-f79c-4890-925b-2bf8237baebb:172.17.0.2:35993:0], old=null at 0
2020-10-27 07:56:29,237 [Listener at 127.0.0.1/35583] INFO  ozone.MiniOzoneClusterImpl (MiniOzoneClusterImpl.java:getStorageContainerLocationClient(289)) - Creating StorageContainerLocationProtocol RPC client with address /0.0.0.0:37065
2020-10-27 07:56:29,240 [grpc-default-executor-0] INFO  segmented.SegmentedRaftLogWorker (SegmentedRaftLogWorker.java:startLogSegment(397)) - 50760c4e-b8f4-4c7a-910b-93b335267e74@group-E13E969E17FD-SegmentedRaftLogWorker: Starting segment from index:0
2020-10-27 07:56:29,250 [Listener at 127.0.0.1/35583] INFO  metrics.RatisMetrics (RatisMetrics.java:lambda$create$0(36)) - Creating Metrics Registry : ratis.client_message_metrics.client-43A04AFCB747->051b2d74-f79c-4890-925b-2bf8237baebb
2020-10-27 07:56:29,268 [5a42b6c6-dd9e-4bd1-bc6a-89f7d8f7d666@group-B0C851E909BF-LeaderElection53] INFO  impl.LeaderElection (LeaderElection.java:askForVotes(210)) - 5a42b6c6-dd9e-4bd1-bc6a-89f7d8f7d666@group-B0C851E909BF-LeaderElection53: begin an election at term 1 for -1: [5a42b6c6-dd9e-4bd1-bc6a-89f7d8f7d666:172.17.0.2:42521:0], old=null
2020-10-27 07:56:29,268 [5a42b6c6-dd9e-4bd1-bc6a-89f7d8f7d666@group-B0C851E909BF-LeaderElection53] INFO  impl.RoleInfo (RoleInfo.java:shutdownLeaderElection(134)) - 5a42b6c6-dd9e-4bd1-bc6a-89f7d8f7d666: shutdown LeaderElection
2020-10-27 07:56:29,268 [5a42b6c6-dd9e-4bd1-bc6a-89f7d8f7d666@group-B0C851E909BF-LeaderElection53] INFO  impl.RaftServerImpl (RaftServerImpl.java:setRole(198)) - 5a42b6c6-dd9e-4bd1-bc6a-89f7d8f7d666@group-B0C851E909BF: changes role from CANDIDATE to LEADER at term 1 for changeToLeader
2020-10-27 07:56:29,268 [5a42b6c6-dd9e-4bd1-bc6a-89f7d8f7d666@group-B0C851E909BF-LeaderElection53] INFO  ratis.XceiverServerRatis (XceiverServerRatis.java:handleLeaderChangedNotification(847)) - Leader change notification received for group: group-B0C851E909BF with new leaderId: 5a42b6c6-dd9e-4bd1-bc6a-89f7d8f7d666
2020-10-27 07:56:29,268 [50760c4e-b8f4-4c7a-910b-93b335267e74@group-918CF2214A87-LeaderElection54] INFO  impl.LeaderElection (LeaderElection.java:askForVotes(210)) - 50760c4e-b8f4-4c7a-910b-93b335267e74@group-918CF2214A87-LeaderElection54: begin an election at term 1 for -1: [50760c4e-b8f4-4c7a-910b-93b335267e74:172.17.0.2:37177:0], old=null
2020-10-27 07:56:29,269 [50760c4e-b8f4-4c7a-910b-93b335267e74@group-918CF2214A87-LeaderElection54] INFO  impl.RoleInfo (RoleInfo.java:shutdownLeaderElection(134)) - 50760c4e-b8f4-4c7a-910b-93b335267e74: shutdown LeaderElection
2020-10-27 07:56:29,269 [50760c4e-b8f4-4c7a-910b-93b335267e74@group-918CF2214A87-LeaderElection54] INFO  impl.RaftServerImpl (RaftServerImpl.java:setRole(198)) - 50760c4e-b8f4-4c7a-910b-93b335267e74@group-918CF2214A87: changes role from CANDIDATE to LEADER at term 1 for changeToLeader
2020-10-27 07:56:29,269 [50760c4e-b8f4-4c7a-910b-93b335267e74@group-918CF2214A87-LeaderElection54] INFO  ratis.XceiverServerRatis (XceiverServerRatis.java:handleLeaderChangedNotification(847)) - Leader change notification received for group: group-918CF2214A87 with new leaderId: 50760c4e-b8f4-4c7a-910b-93b335267e74
2020-10-27 07:56:29,269 [50760c4e-b8f4-4c7a-910b-93b335267e74@group-918CF2214A87-LeaderElection54] INFO  impl.RaftServerImpl (ServerState.java:setLeader(256)) - 50760c4e-b8f4-4c7a-910b-93b335267e74@group-918CF2214A87: change Leader from null to 50760c4e-b8f4-4c7a-910b-93b335267e74 at term 1 for becomeLeader, leader elected after 5371ms
2020-10-27 07:56:29,269 [50760c4e-b8f4-4c7a-910b-93b335267e74@group-918CF2214A87-LeaderElection54] INFO  server.RaftServerConfigKeys (ConfUtils.java:logGet(44)) - raft.server.staging.catchup.gap = 1000 (default)
2020-10-27 07:56:29,269 [50760c4e-b8f4-4c7a-910b-93b335267e74@group-918CF2214A87-LeaderElection54] INFO  server.RaftServerConfigKeys (ConfUtils.java:logGet(44)) - raft.server.rpc.sleep.time = 25ms (default)
2020-10-27 07:56:29,269 [50760c4e-b8f4-4c7a-910b-93b335267e74@group-918CF2214A87-LeaderElection54] INFO  metrics.RatisMetrics (RatisMetrics.java:lambda$create$0(36)) - Creating Metrics Registry : ratis.log_appender.50760c4e-b8f4-4c7a-910b-93b335267e74@group-918CF2214A87
2020-10-27 07:56:29,269 [50760c4e-b8f4-4c7a-910b-93b335267e74@group-918CF2214A87-LeaderElection54] INFO  server.RaftServerConfigKeys (ConfUtils.java:logGet(44)) - raft.server.write.element-limit = 1024 (custom)
2020-10-27 07:56:29,269 [50760c4e-b8f4-4c7a-910b-93b335267e74@group-918CF2214A87-LeaderElection54] INFO  server.RaftServerConfigKeys (ConfUtils.java:logGet(44)) - raft.server.write.byte-limit = 1073741824 (custom)
2020-10-27 07:56:29,268 [50760c4e-b8f4-4c7a-910b-93b335267e74@group-E13E969E17FD-SegmentedRaftLogWorker] INFO  segmented.SegmentedRaftLogWorker (SegmentedRaftLogWorker.java:execute(596)) - 50760c4e-b8f4-4c7a-910b-93b335267e74@group-E13E969E17FD-SegmentedRaftLogWorker: created new log segment /github/workspace/mnt/ozone/hadoop-ozone/integration-test/target/test-dir/MiniOzoneClusterImpl-b0e8067d-8c2e-4ee5-9f61-8ad8788f9080/datanode-2/data/ratis/a99e8c6f-1c5f-4bac-9f40-e13e969e17fd/current/log_inprogress_0
2020-10-27 07:56:29,268 [5a42b6c6-dd9e-4bd1-bc6a-89f7d8f7d666@group-E13E969E17FD-SegmentedRaftLogWorker] INFO  segmented.SegmentedRaftLogWorker (SegmentedRaftLogWorker.java:execute(596)) - 5a42b6c6-dd9e-4bd1-bc6a-89f7d8f7d666@group-E13E969E17FD-SegmentedRaftLogWorker: created new log segment /github/workspace/mnt/ozone/hadoop-ozone/integration-test/target/test-dir/MiniOzoneClusterImpl-b0e8067d-8c2e-4ee5-9f61-8ad8788f9080/datanode-1/data/ratis/a99e8c6f-1c5f-4bac-9f40-e13e969e17fd/current/log_inprogress_0
2020-10-27 07:56:29,268 [051b2d74-f79c-4890-925b-2bf8237baebb@group-E13E969E17FD-SegmentedRaftLogWorker] INFO  segmented.SegmentedRaftLogWorker (SegmentedRaftLogWorker.java:execute(596)) - 051b2d74-f79c-4890-925b-2bf8237baebb@group-E13E969E17FD-SegmentedRaftLogWorker: created new log segment /github/workspace/mnt/ozone/hadoop-ozone/integration-test/target/test-dir/MiniOzoneClusterImpl-b0e8067d-8c2e-4ee5-9f61-8ad8788f9080/datanode-0/data/ratis/a99e8c6f-1c5f-4bac-9f40-e13e969e17fd/current/log_inprogress_0
2020-10-27 07:56:29,269 [5a42b6c6-dd9e-4bd1-bc6a-89f7d8f7d666@group-B0C851E909BF-LeaderElection53] INFO  impl.RaftServerImpl (ServerState.java:setLeader(256)) - 5a42b6c6-dd9e-4bd1-bc6a-89f7d8f7d666@group-B0C851E909BF: change Leader from null to 5a42b6c6-dd9e-4bd1-bc6a-89f7d8f7d666 at term 1 for becomeLeader, leader elected after 5543ms
2020-10-27 07:56:29,270 [5a42b6c6-dd9e-4bd1-bc6a-89f7d8f7d666@group-B0C851E909BF-LeaderElection53] INFO  server.RaftServerConfigKeys (ConfUtils.java:logGet(44)) - raft.server.staging.catchup.gap = 1000 (default)
2020-10-27 07:56:29,270 [5a42b6c6-dd9e-4bd1-bc6a-89f7d8f7d666@group-B0C851E909BF-LeaderElection53] INFO  server.RaftServerConfigKeys (ConfUtils.java:logGet(44)) - raft.server.rpc.sleep.time = 25ms (default)
2020-10-27 07:56:29,270 [5a42b6c6-dd9e-4bd1-bc6a-89f7d8f7d666@group-B0C851E909BF-LeaderElection53] INFO  metrics.RatisMetrics (RatisMetrics.java:lambda$create$0(36)) - Creating Metrics Registry : ratis.log_appender.5a42b6c6-dd9e-4bd1-bc6a-89f7d8f7d666@group-B0C851E909BF
2020-10-27 07:56:29,271 [5a42b6c6-dd9e-4bd1-bc6a-89f7d8f7d666@group-B0C851E909BF-LeaderElection53] INFO  server.RaftServerConfigKeys (ConfUtils.java:logGet(44)) - raft.server.write.element-limit = 1024 (custom)
2020-10-27 07:56:29,271 [5a42b6c6-dd9e-4bd1-bc6a-89f7d8f7d666@group-B0C851E909BF-LeaderElection53] INFO  server.RaftServerConfigKeys (ConfUtils.java:logGet(44)) - raft.server.write.byte-limit = 1073741824 (custom)
2020-10-27 07:56:29,273 [50760c4e-b8f4-4c7a-910b-93b335267e74@group-918CF2214A87-LeaderElection54] INFO  server.RaftServerConfigKeys (ConfUtils.java:logGet(44)) - raft.server.watch.timeout = 3000ms (custom)
2020-10-27 07:56:29,273 [50760c4e-b8f4-4c7a-910b-93b335267e74@group-918CF2214A87-LeaderElection54] INFO  server.RaftServerConfigKeys (ConfUtils.java:logGet(44)) - raft.server.watch.timeout.denomination = 1s (default)
2020-10-27 07:56:29,273 [50760c4e-b8f4-4c7a-910b-93b335267e74@group-918CF2214A87-LeaderElection54] INFO  server.RaftServerConfigKeys (ConfUtils.java:logGet(44)) - raft.server.watch.element-limit = 65536 (default)
2020-10-27 07:56:29,273 [50760c4e-b8f4-4c7a-910b-93b335267e74@group-918CF2214A87-LeaderElection54] INFO  impl.RoleInfo (RoleInfo.java:updateAndGet(143)) - 50760c4e-b8f4-4c7a-910b-93b335267e74: start LeaderState
2020-10-27 07:56:29,276 [50760c4e-b8f4-4c7a-910b-93b335267e74@group-918CF2214A87-LeaderElection54] INFO  segmented.SegmentedRaftLogWorker (SegmentedRaftLogWorker.java:startLogSegment(397)) - 50760c4e-b8f4-4c7a-910b-93b335267e74@group-918CF2214A87-SegmentedRaftLogWorker: Starting segment from index:0
2020-10-27 07:56:29,277 [5a42b6c6-dd9e-4bd1-bc6a-89f7d8f7d666@group-B0C851E909BF-LeaderElection53] INFO  server.RaftServerConfigKeys (ConfUtils.java:logGet(44)) - raft.server.watch.timeout = 3000ms (custom)
2020-10-27 07:56:29,277 [5a42b6c6-dd9e-4bd1-bc6a-89f7d8f7d666@group-B0C851E909BF-LeaderElection53] INFO  server.RaftServerConfigKeys (ConfUtils.java:logGet(44)) - raft.server.watch.timeout.denomination = 1s (default)
2020-10-27 07:56:29,277 [5a42b6c6-dd9e-4bd1-bc6a-89f7d8f7d666@group-B0C851E909BF-LeaderElection53] INFO  server.RaftServerConfigKeys (ConfUtils.java:logGet(44)) - raft.server.watch.element-limit = 65536 (default)
2020-10-27 07:56:29,277 [5a42b6c6-dd9e-4bd1-bc6a-89f7d8f7d666@group-B0C851E909BF-LeaderElection53] INFO  impl.RoleInfo (RoleInfo.java:updateAndGet(143)) - 5a42b6c6-dd9e-4bd1-bc6a-89f7d8f7d666: start LeaderState
2020-10-27 07:56:29,277 [50760c4e-b8f4-4c7a-910b-93b335267e74@group-918CF2214A87-LeaderElection54] INFO  impl.RaftServerImpl (ServerState.java:setRaftConf(374)) - 50760c4e-b8f4-4c7a-910b-93b335267e74@group-918CF2214A87: set configuration 0: [50760c4e-b8f4-4c7a-910b-93b335267e74:172.17.0.2:37177:0], old=null at 0
2020-10-27 07:56:29,278 [Thread-1688] INFO  impl.FollowerState (FollowerState.java:run(108)) - b77cbe1e-ed1a-4737-93b5-f86fbb6cb132@group-7E4FBFC52E3B-FollowerState: change to CANDIDATE, lastRpcTime:5065ms, electionTimeout:5064ms
2020-10-27 07:56:29,280 [5a42b6c6-dd9e-4bd1-bc6a-89f7d8f7d666@group-B0C851E909BF-LeaderElection53] INFO  segmented.SegmentedRaftLogWorker (SegmentedRaftLogWorker.java:startLogSegment(397)) - 5a42b6c6-dd9e-4bd1-bc6a-89f7d8f7d666@group-B0C851E909BF-SegmentedRaftLogWorker: Starting segment from index:0
2020-10-27 07:56:29,281 [50760c4e-b8f4-4c7a-910b-93b335267e74@group-918CF2214A87-SegmentedRaftLogWorker] INFO  segmented.SegmentedRaftLogWorker (SegmentedRaftLogWorker.java:execute(596)) - 50760c4e-b8f4-4c7a-910b-93b335267e74@group-918CF2214A87-SegmentedRaftLogWorker: created new log segment /github/workspace/mnt/ozone/hadoop-ozone/integration-test/target/test-dir/MiniOzoneClusterImpl-b0e8067d-8c2e-4ee5-9f61-8ad8788f9080/datanode-2/data/ratis/b6d517f0-9649-43d8-b207-918cf2214a87/current/log_inprogress_0
2020-10-27 07:56:29,281 [Thread-1688] INFO  impl.RoleInfo (RoleInfo.java:shutdownFollowerState(121)) - b77cbe1e-ed1a-4737-93b5-f86fbb6cb132: shutdown FollowerState
2020-10-27 07:56:29,282 [Thread-1688] INFO  impl.RaftServerImpl (RaftServerImpl.java:setRole(198)) - b77cbe1e-ed1a-4737-93b5-f86fbb6cb132@group-7E4FBFC52E3B: changes role from  FOLLOWER to CANDIDATE at term 0 for changeToCandidate
2020-10-27 07:56:29,287 [Thread-1688] INFO  impl.RoleInfo (RoleInfo.java:updateAndGet(143)) - b77cbe1e-ed1a-4737-93b5-f86fbb6cb132: start LeaderElection
2020-10-27 07:56:29,282 [5a42b6c6-dd9e-4bd1-bc6a-89f7d8f7d666@group-B0C851E909BF-LeaderElection53] INFO  impl.RaftServerImpl (ServerState.java:setRaftConf(374)) - 5a42b6c6-dd9e-4bd1-bc6a-89f7d8f7d666@group-B0C851E909BF: set configuration 0: [5a42b6c6-dd9e-4bd1-bc6a-89f7d8f7d666:172.17.0.2:42521:0], old=null at 0
2020-10-27 07:56:29,290 [5a42b6c6-dd9e-4bd1-bc6a-89f7d8f7d666@group-B0C851E909BF-SegmentedRaftLogWorker] INFO  segmented.SegmentedRaftLogWorker (SegmentedRaftLogWorker.java:execute(596)) - 5a42b6c6-dd9e-4bd1-bc6a-89f7d8f7d666@group-B0C851E909BF-SegmentedRaftLogWorker: created new log segment /github/workspace/mnt/ozone/hadoop-ozone/integration-test/target/test-dir/MiniOzoneClusterImpl-b0e8067d-8c2e-4ee5-9f61-8ad8788f9080/datanode-1/data/ratis/cac3be28-4f91-4a47-8927-b0c851e909bf/current/log_inprogress_0
2020-10-27 07:56:29,294 [b77cbe1e-ed1a-4737-93b5-f86fbb6cb132@group-7E4FBFC52E3B-LeaderElection55] INFO  impl.LeaderElection (LeaderElection.java:askForVotes(210)) - b77cbe1e-ed1a-4737-93b5-f86fbb6cb132@group-7E4FBFC52E3B-LeaderElection55: begin an election at term 1 for -1: [b77cbe1e-ed1a-4737-93b5-f86fbb6cb132:172.17.0.2:38841:0], old=null
2020-10-27 07:56:29,294 [b77cbe1e-ed1a-4737-93b5-f86fbb6cb132@group-7E4FBFC52E3B-LeaderElection55] INFO  impl.RoleInfo (RoleInfo.java:shutdownLeaderElection(134)) - b77cbe1e-ed1a-4737-93b5-f86fbb6cb132: shutdown LeaderElection
2020-10-27 07:56:29,295 [b77cbe1e-ed1a-4737-93b5-f86fbb6cb132@group-7E4FBFC52E3B-LeaderElection55] INFO  impl.RaftServerImpl (RaftServerImpl.java:setRole(198)) - b77cbe1e-ed1a-4737-93b5-f86fbb6cb132@group-7E4FBFC52E3B: changes role from CANDIDATE to LEADER at term 1 for changeToLeader
2020-10-27 07:56:29,295 [b77cbe1e-ed1a-4737-93b5-f86fbb6cb132@group-7E4FBFC52E3B-LeaderElection55] INFO  ratis.XceiverServerRatis (XceiverServerRatis.java:handleLeaderChangedNotification(847)) - Leader change notification received for group: group-7E4FBFC52E3B with new leaderId: b77cbe1e-ed1a-4737-93b5-f86fbb6cb132
2020-10-27 07:56:29,295 [b77cbe1e-ed1a-4737-93b5-f86fbb6cb132@group-7E4FBFC52E3B-LeaderElection55] INFO  impl.RaftServerImpl (ServerState.java:setLeader(256)) - b77cbe1e-ed1a-4737-93b5-f86fbb6cb132@group-7E4FBFC52E3B: change Leader from null to b77cbe1e-ed1a-4737-93b5-f86fbb6cb132 at term 1 for becomeLeader, leader elected after 5089ms
2020-10-27 07:56:29,295 [b77cbe1e-ed1a-4737-93b5-f86fbb6cb132@group-7E4FBFC52E3B-LeaderElection55] INFO  server.RaftServerConfigKeys (ConfUtils.java:logGet(44)) - raft.server.staging.catchup.gap = 1000 (default)
2020-10-27 07:56:29,295 [b77cbe1e-ed1a-4737-93b5-f86fbb6cb132@group-7E4FBFC52E3B-LeaderElection55] INFO  server.RaftServerConfigKeys (ConfUtils.java:logGet(44)) - raft.server.rpc.sleep.time = 25ms (default)
2020-10-27 07:56:29,296 [b77cbe1e-ed1a-4737-93b5-f86fbb6cb132@group-7E4FBFC52E3B-LeaderElection55] INFO  metrics.RatisMetrics (RatisMetrics.java:lambda$create$0(36)) - Creating Metrics Registry : ratis.log_appender.b77cbe1e-ed1a-4737-93b5-f86fbb6cb132@group-7E4FBFC52E3B
2020-10-27 07:56:29,296 [b77cbe1e-ed1a-4737-93b5-f86fbb6cb132@group-7E4FBFC52E3B-LeaderElection55] INFO  server.RaftServerConfigKeys (ConfUtils.java:logGet(44)) - raft.server.write.element-limit = 1024 (custom)
2020-10-27 07:56:29,296 [b77cbe1e-ed1a-4737-93b5-f86fbb6cb132@group-7E4FBFC52E3B-LeaderElection55] INFO  server.RaftServerConfigKeys (ConfUtils.java:logGet(44)) - raft.server.write.byte-limit = 1073741824 (custom)
2020-10-27 07:56:29,299 [b77cbe1e-ed1a-4737-93b5-f86fbb6cb132@group-7E4FBFC52E3B-LeaderElection55] INFO  server.RaftServerConfigKeys (ConfUtils.java:logGet(44)) - raft.server.watch.timeout = 3000ms (custom)
2020-10-27 07:56:29,299 [b77cbe1e-ed1a-4737-93b5-f86fbb6cb132@group-7E4FBFC52E3B-LeaderElection55] INFO  server.RaftServerConfigKeys (ConfUtils.java:logGet(44)) - raft.server.watch.timeout.denomination = 1s (default)
2020-10-27 07:56:29,299 [b77cbe1e-ed1a-4737-93b5-f86fbb6cb132@group-7E4FBFC52E3B-LeaderElection55] INFO  server.RaftServerConfigKeys (ConfUtils.java:logGet(44)) - raft.server.watch.element-limit = 65536 (default)
2020-10-27 07:56:29,299 [b77cbe1e-ed1a-4737-93b5-f86fbb6cb132@group-7E4FBFC52E3B-LeaderElection55] INFO  impl.RoleInfo (RoleInfo.java:updateAndGet(143)) - b77cbe1e-ed1a-4737-93b5-f86fbb6cb132: start LeaderState
2020-10-27 07:56:29,300 [b77cbe1e-ed1a-4737-93b5-f86fbb6cb132@group-7E4FBFC52E3B-LeaderElection55] INFO  segmented.SegmentedRaftLogWorker (SegmentedRaftLogWorker.java:startLogSegment(397)) - b77cbe1e-ed1a-4737-93b5-f86fbb6cb132@group-7E4FBFC52E3B-SegmentedRaftLogWorker: Starting segment from index:0
2020-10-27 07:56:29,300 [b77cbe1e-ed1a-4737-93b5-f86fbb6cb132@group-7E4FBFC52E3B-LeaderElection55] INFO  impl.RaftServerImpl (ServerState.java:setRaftConf(374)) - b77cbe1e-ed1a-4737-93b5-f86fbb6cb132@group-7E4FBFC52E3B: set configuration 0: [b77cbe1e-ed1a-4737-93b5-f86fbb6cb132:172.17.0.2:38841:0], old=null at 0
2020-10-27 07:56:29,301 [b77cbe1e-ed1a-4737-93b5-f86fbb6cb132@group-7E4FBFC52E3B-SegmentedRaftLogWorker] INFO  segmented.SegmentedRaftLogWorker (SegmentedRaftLogWorker.java:execute(596)) - b77cbe1e-ed1a-4737-93b5-f86fbb6cb132@group-7E4FBFC52E3B-SegmentedRaftLogWorker: created new log segment /github/workspace/mnt/ozone/hadoop-ozone/integration-test/target/test-dir/MiniOzoneClusterImpl-b0e8067d-8c2e-4ee5-9f61-8ad8788f9080/datanode-3/data/ratis/d490d42b-bb64-4062-ba62-7e4fbfc52e3b/current/log_inprogress_0
2020-10-27 07:56:29,356 [Thread-1692] INFO  impl.FollowerState (FollowerState.java:run(108)) - 792e461b-f046-4951-90b3-af633f6cddcd@group-CF6C9F099C50-FollowerState: change to CANDIDATE, lastRpcTime:5104ms, electionTimeout:5104ms
2020-10-27 07:56:29,356 [Thread-1692] INFO  impl.RoleInfo (RoleInfo.java:shutdownFollowerState(121)) - 792e461b-f046-4951-90b3-af633f6cddcd: shutdown FollowerState
2020-10-27 07:56:29,356 [Thread-1692] INFO  impl.RaftServerImpl (RaftServerImpl.java:setRole(198)) - 792e461b-f046-4951-90b3-af633f6cddcd@group-CF6C9F099C50: changes role from  FOLLOWER to CANDIDATE at term 0 for changeToCandidate
2020-10-27 07:56:29,356 [Thread-1692] INFO  impl.RoleInfo (RoleInfo.java:updateAndGet(143)) - 792e461b-f046-4951-90b3-af633f6cddcd: start LeaderElection
2020-10-27 07:56:29,361 [792e461b-f046-4951-90b3-af633f6cddcd@group-CF6C9F099C50-LeaderElection56] INFO  impl.LeaderElection (LeaderElection.java:askForVotes(210)) - 792e461b-f046-4951-90b3-af633f6cddcd@group-CF6C9F099C50-LeaderElection56: begin an election at term 1 for -1: [b77cbe1e-ed1a-4737-93b5-f86fbb6cb132:172.17.0.2:38841:0, 52e82a1b-eb35-4884-8f1f-44848255b0d1:172.17.0.2:42111:0, 792e461b-f046-4951-90b3-af633f6cddcd:172.17.0.2:37511:0], old=null
2020-10-27 07:56:29,366 [grpc-default-executor-2] INFO  metrics.RatisMetrics (RatisMetrics.java:lambda$create$0(36)) - Creating Metrics Registry : ratis.server_message_metrics.b77cbe1e-ed1a-4737-93b5-f86fbb6cb132
2020-10-27 07:56:29,370 [grpc-default-executor-2] INFO  impl.RaftServerImpl (RaftServerImpl.java:setRole(198)) - b77cbe1e-ed1a-4737-93b5-f86fbb6cb132@group-CF6C9F099C50: changes role from  FOLLOWER to FOLLOWER at term 1 for recognizeCandidate:792e461b-f046-4951-90b3-af633f6cddcd
2020-10-27 07:56:29,370 [grpc-default-executor-2] INFO  impl.RoleInfo (RoleInfo.java:shutdownFollowerState(121)) - b77cbe1e-ed1a-4737-93b5-f86fbb6cb132: shutdown FollowerState
2020-10-27 07:56:29,370 [grpc-default-executor-2] INFO  impl.RoleInfo (RoleInfo.java:updateAndGet(143)) - b77cbe1e-ed1a-4737-93b5-f86fbb6cb132: start FollowerState
2020-10-27 07:56:29,370 [Thread-1690] INFO  impl.FollowerState (FollowerState.java:run(117)) - b77cbe1e-ed1a-4737-93b5-f86fbb6cb132@group-CF6C9F099C50-FollowerState was interrupted: java.lang.InterruptedException: sleep interrupted
2020-10-27 07:56:29,371 [grpc-default-executor-2] INFO  impl.RaftServerImpl (RaftServerImpl.java:requestVote(923)) -  FOLLOWER b77cbe1e-ed1a-4737-93b5-f86fbb6cb132@group-CF6C9F099C50:t1, leader=null, voted=null, raftlog=b77cbe1e-ed1a-4737-93b5-f86fbb6cb132@group-CF6C9F099C50-SegmentedRaftLog:OPENED:c-1,f-1,i0, conf=-1: [b77cbe1e-ed1a-4737-93b5-f86fbb6cb132:172.17.0.2:38841:0, 52e82a1b-eb35-4884-8f1f-44848255b0d1:172.17.0.2:42111:0, 792e461b-f046-4951-90b3-af633f6cddcd:172.17.0.2:37511:0], old=null RUNNING priority:0 candidate:792e461b-f046-4951-90b3-af633f6cddcd:172.17.0.2:37511:0 candidatePriority:0 compare:0
2020-10-27 07:56:29,374 [grpc-default-executor-0] INFO  impl.RaftServerImpl (RaftServerImpl.java:setRole(198)) - 52e82a1b-eb35-4884-8f1f-44848255b0d1@group-CF6C9F099C50: changes role from  FOLLOWER to FOLLOWER at term 1 for recognizeCandidate:792e461b-f046-4951-90b3-af633f6cddcd
2020-10-27 07:56:29,374 [grpc-default-executor-0] INFO  impl.RoleInfo (RoleInfo.java:shutdownFollowerState(121)) - 52e82a1b-eb35-4884-8f1f-44848255b0d1: shutdown FollowerState
2020-10-27 07:56:29,374 [grpc-default-executor-0] INFO  impl.RoleInfo (RoleInfo.java:updateAndGet(143)) - 52e82a1b-eb35-4884-8f1f-44848255b0d1: start FollowerState
2020-10-27 07:56:29,374 [grpc-default-executor-0] INFO  impl.RaftServerImpl (RaftServerImpl.java:requestVote(923)) -  FOLLOWER 52e82a1b-eb35-4884-8f1f-44848255b0d1@group-CF6C9F099C50:t1, leader=null, voted=null, raftlog=52e82a1b-eb35-4884-8f1f-44848255b0d1@group-CF6C9F099C50-SegmentedRaftLog:OPENED:c-1,f-1,i0, conf=-1: [b77cbe1e-ed1a-4737-93b5-f86fbb6cb132:172.17.0.2:38841:0, 52e82a1b-eb35-4884-8f1f-44848255b0d1:172.17.0.2:42111:0, 792e461b-f046-4951-90b3-af633f6cddcd:172.17.0.2:37511:0], old=null RUNNING priority:0 candidate:792e461b-f046-4951-90b3-af633f6cddcd:172.17.0.2:37511:0 candidatePriority:0 compare:0
2020-10-27 07:56:29,375 [Thread-1695] INFO  impl.FollowerState (FollowerState.java:run(117)) - 52e82a1b-eb35-4884-8f1f-44848255b0d1@group-CF6C9F099C50-FollowerState was interrupted: java.lang.InterruptedException: sleep interrupted
2020-10-27 07:56:29,379 [792e461b-f046-4951-90b3-af633f6cddcd@group-CF6C9F099C50-LeaderElection56] INFO  impl.LeaderElection (LeaderElection.java:logAndReturn(62)) - 792e461b-f046-4951-90b3-af633f6cddcd@group-CF6C9F099C50-LeaderElection56: Election PASSED; received 1 response(s) [792e461b-f046-4951-90b3-af633f6cddcd<-52e82a1b-eb35-4884-8f1f-44848255b0d1#0:OK-t1] and 0 exception(s); 792e461b-f046-4951-90b3-af633f6cddcd@group-CF6C9F099C50:t1, leader=null, voted=792e461b-f046-4951-90b3-af633f6cddcd, raftlog=792e461b-f046-4951-90b3-af633f6cddcd@group-CF6C9F099C50-SegmentedRaftLog:OPENED:c-1,f-1,i0, conf=-1: [b77cbe1e-ed1a-4737-93b5-f86fbb6cb132:172.17.0.2:38841:0, 52e82a1b-eb35-4884-8f1f-44848255b0d1:172.17.0.2:42111:0, 792e461b-f046-4951-90b3-af633f6cddcd:172.17.0.2:37511:0], old=null
2020-10-27 07:56:29,379 [792e461b-f046-4951-90b3-af633f6cddcd@group-CF6C9F099C50-LeaderElection56] INFO  impl.RoleInfo (RoleInfo.java:shutdownLeaderElection(134)) - 792e461b-f046-4951-90b3-af633f6cddcd: shutdown LeaderElection
2020-10-27 07:56:29,379 [792e461b-f046-4951-90b3-af633f6cddcd@group-CF6C9F099C50-LeaderElection56] INFO  impl.RaftServerImpl (RaftServerImpl.java:setRole(198)) - 792e461b-f046-4951-90b3-af633f6cddcd@group-CF6C9F099C50: changes role from CANDIDATE to LEADER at term 1 for changeToLeader
2020-10-27 07:56:29,379 [792e461b-f046-4951-90b3-af633f6cddcd@group-CF6C9F099C50-LeaderElection56] INFO  ratis.XceiverServerRatis (XceiverServerRatis.java:handleLeaderChangedNotification(847)) - Leader change notification received for group: group-CF6C9F099C50 with new leaderId: 792e461b-f046-4951-90b3-af633f6cddcd
2020-10-27 07:56:29,380 [792e461b-f046-4951-90b3-af633f6cddcd@group-CF6C9F099C50-LeaderElection56] INFO  impl.RaftServerImpl (ServerState.java:setLeader(256)) - 792e461b-f046-4951-90b3-af633f6cddcd@group-CF6C9F099C50: change Leader from null to 792e461b-f046-4951-90b3-af633f6cddcd at term 1 for becomeLeader, leader elected after 5137ms
2020-10-27 07:56:29,380 [792e461b-f046-4951-90b3-af633f6cddcd@group-CF6C9F099C50-LeaderElection56] INFO  server.RaftServerConfigKeys (ConfUtils.java:logGet(44)) - raft.server.staging.catchup.gap = 1000 (default)
2020-10-27 07:56:29,380 [792e461b-f046-4951-90b3-af633f6cddcd@group-CF6C9F099C50-LeaderElection56] INFO  server.RaftServerConfigKeys (ConfUtils.java:logGet(44)) - raft.server.rpc.sleep.time = 25ms (default)
2020-10-27 07:56:29,380 [792e461b-f046-4951-90b3-af633f6cddcd@group-CF6C9F099C50-LeaderElection56] INFO  metrics.RatisMetrics (RatisMetrics.java:lambda$create$0(36)) - Creating Metrics Registry : ratis.log_appender.792e461b-f046-4951-90b3-af633f6cddcd@group-CF6C9F099C50
2020-10-27 07:56:29,380 [792e461b-f046-4951-90b3-af633f6cddcd@group-CF6C9F099C50-LeaderElection56] INFO  server.RaftServerConfigKeys (ConfUtils.java:logGet(44)) - raft.server.write.element-limit = 1024 (custom)
2020-10-27 07:56:29,380 [792e461b-f046-4951-90b3-af633f6cddcd@group-CF6C9F099C50-LeaderElection56] INFO  server.RaftServerConfigKeys (ConfUtils.java:logGet(44)) - raft.server.write.byte-limit = 1073741824 (custom)
2020-10-27 07:56:29,380 [792e461b-f046-4951-90b3-af633f6cddcd@group-CF6C9F099C50-LeaderElection56] INFO  server.RaftServerConfigKeys (ConfUtils.java:logGet(44)) - raft.server.watch.timeout = 3000ms (custom)
2020-10-27 07:56:29,381 [792e461b-f046-4951-90b3-af633f6cddcd@group-CF6C9F099C50-LeaderElection56] INFO  server.RaftServerConfigKeys (ConfUtils.java:logGet(44)) - raft.server.watch.timeout.denomination = 1s (default)
2020-10-27 07:56:29,381 [792e461b-f046-4951-90b3-af633f6cddcd@group-CF6C9F099C50-LeaderElection56] INFO  server.RaftServerConfigKeys (ConfUtils.java:logGet(44)) - raft.server.watch.element-limit = 65536 (default)
2020-10-27 07:56:29,381 [792e461b-f046-4951-90b3-af633f6cddcd@group-CF6C9F099C50-LeaderElection56] INFO  server.RaftServerConfigKeys (ConfUtils.java:logGet(44)) - raft.server.log.appender.snapshot.chunk.size.max = 16MB (=16777216) (default)
2020-10-27 07:56:29,381 [792e461b-f046-4951-90b3-af633f6cddcd@group-CF6C9F099C50-LeaderElection56] INFO  server.RaftServerConfigKeys (ConfUtils.java:logGet(44)) - raft.server.log.appender.buffer.byte-limit = 33554432 (custom)
2020-10-27 07:56:29,381 [792e461b-f046-4951-90b3-af633f6cddcd@group-CF6C9F099C50-LeaderElection56] INFO  server.RaftServerConfigKeys (ConfUtils.java:logGet(44)) - raft.server.log.appender.buffer.element-limit = 1 (custom)
2020-10-27 07:56:29,381 [792e461b-f046-4951-90b3-af633f6cddcd@group-CF6C9F099C50-LeaderElection56] INFO  grpc.GrpcConfigKeys (ConfUtils.java:logGet(44)) - raft.grpc.server.leader.outstanding.appends.max = 128 (default)
2020-10-27 07:56:29,381 [792e461b-f046-4951-90b3-af633f6cddcd@group-CF6C9F099C50-LeaderElection56] INFO  server.RaftServerConfigKeys (ConfUtils.java:logGet(44)) - raft.server.rpc.request.timeout = 3000ms (default)
2020-10-27 07:56:29,381 [792e461b-f046-4951-90b3-af633f6cddcd@group-CF6C9F099C50-LeaderElection56] INFO  server.RaftServerConfigKeys (ConfUtils.java:logGet(44)) - raft.server.log.appender.install.snapshot.enabled = false (custom)
2020-10-27 07:56:29,381 [792e461b-f046-4951-90b3-af633f6cddcd@group-CF6C9F099C50-LeaderElection56] INFO  metrics.RatisMetrics (RatisMetrics.java:lambda$create$0(36)) - Creating Metrics Registry : ratis_grpc.log_appender.792e461b-f046-4951-90b3-af633f6cddcd@group-CF6C9F099C50
2020-10-27 07:56:29,383 [792e461b-f046-4951-90b3-af633f6cddcd@group-CF6C9F099C50-LeaderElection56] INFO  server.RaftServerConfigKeys (ConfUtils.java:logGet(44)) - raft.server.log.appender.snapshot.chunk.size.max = 16MB (=16777216) (default)
2020-10-27 07:56:29,383 [792e461b-f046-4951-90b3-af633f6cddcd@group-CF6C9F099C50-LeaderElection56] INFO  server.RaftServerConfigKeys (ConfUtils.java:logGet(44)) - raft.server.log.appender.buffer.byte-limit = 33554432 (custom)
2020-10-27 07:56:29,383 [792e461b-f046-4951-90b3-af633f6cddcd@group-CF6C9F099C50-LeaderElection56] INFO  server.RaftServerConfigKeys (ConfUtils.java:logGet(44)) - raft.server.log.appender.buffer.element-limit = 1 (custom)
2020-10-27 07:56:29,383 [792e461b-f046-4951-90b3-af633f6cddcd@group-CF6C9F099C50-LeaderElection56] INFO  grpc.GrpcConfigKeys (ConfUtils.java:logGet(44)) - raft.grpc.server.leader.outstanding.appends.max = 128 (default)
2020-10-27 07:56:29,383 [792e461b-f046-4951-90b3-af633f6cddcd@group-CF6C9F099C50-LeaderElection56] INFO  server.RaftServerConfigKeys (ConfUtils.java:logGet(44)) - raft.server.rpc.request.timeout = 3000ms (default)
2020-10-27 07:56:29,383 [792e461b-f046-4951-90b3-af633f6cddcd@group-CF6C9F099C50-LeaderElection56] INFO  server.RaftServerConfigKeys (ConfUtils.java:logGet(44)) - raft.server.log.appender.install.snapshot.enabled = false (custom)
2020-10-27 07:56:29,385 [EventQueue-PipelineReportForPipelineReportHandler] INFO  pipeline.PipelineStateManager (PipelineStateManager.java:openPipeline(132)) - Pipeline Pipeline[ Id: 2f0c025d-201b-4ab0-a78f-cf6c9f099c50, Nodes: 792e461b-f046-4951-90b3-af633f6cddcd{ip: 172.17.0.2, host: 347446dca554, networkLocation: /default-rack, certSerialId: null}b77cbe1e-ed1a-4737-93b5-f86fbb6cb132{ip: 172.17.0.2, host: 347446dca554, networkLocation: /default-rack, certSerialId: null}52e82a1b-eb35-4884-8f1f-44848255b0d1{ip: 172.17.0.2, host: 347446dca554, networkLocation: /default-rack, certSerialId: null}, Type:RATIS, Factor:THREE, State:ALLOCATED, leaderId:792e461b-f046-4951-90b3-af633f6cddcd, CreationTimestamp2020-10-27T07:56:21.559Z] moved to OPEN state
2020-10-27 07:56:29,386 [792e461b-f046-4951-90b3-af633f6cddcd@group-CF6C9F099C50-LeaderElection56] INFO  impl.RoleInfo (RoleInfo.java:updateAndGet(143)) - 792e461b-f046-4951-90b3-af633f6cddcd: start LeaderState
2020-10-27 07:56:29,387 [792e461b-f046-4951-90b3-af633f6cddcd@group-CF6C9F099C50-LeaderElection56] INFO  segmented.SegmentedRaftLogWorker (SegmentedRaftLogWorker.java:startLogSegment(397)) - 792e461b-f046-4951-90b3-af633f6cddcd@group-CF6C9F099C50-SegmentedRaftLogWorker: Starting segment from index:0
2020-10-27 07:56:29,388 [792e461b-f046-4951-90b3-af633f6cddcd@group-CF6C9F099C50-SegmentedRaftLogWorker] INFO  segmented.SegmentedRaftLogWorker (SegmentedRaftLogWorker.java:execute(596)) - 792e461b-f046-4951-90b3-af633f6cddcd@group-CF6C9F099C50-SegmentedRaftLogWorker: created new log segment /github/workspace/mnt/ozone/hadoop-ozone/integration-test/target/test-dir/MiniOzoneClusterImpl-b0e8067d-8c2e-4ee5-9f61-8ad8788f9080/datanode-4/data/ratis/2f0c025d-201b-4ab0-a78f-cf6c9f099c50/current/log_inprogress_0
2020-10-27 07:56:29,393 [792e461b-f046-4951-90b3-af633f6cddcd@group-CF6C9F099C50-LeaderElection56] INFO  impl.RaftServerImpl (ServerState.java:setRaftConf(374)) - 792e461b-f046-4951-90b3-af633f6cddcd@group-CF6C9F099C50: set configuration 0: [b77cbe1e-ed1a-4737-93b5-f86fbb6cb132:172.17.0.2:38841:0, 52e82a1b-eb35-4884-8f1f-44848255b0d1:172.17.0.2:42111:0, 792e461b-f046-4951-90b3-af633f6cddcd:172.17.0.2:37511:0], old=null at 0
2020-10-27 07:56:29,400 [grpc-default-executor-0] INFO  ratis.XceiverServerRatis (XceiverServerRatis.java:handleLeaderChangedNotification(847)) - Leader change notification received for group: group-CF6C9F099C50 with new leaderId: 792e461b-f046-4951-90b3-af633f6cddcd
2020-10-27 07:56:29,400 [grpc-default-executor-0] INFO  impl.RaftServerImpl (ServerState.java:setLeader(256)) - b77cbe1e-ed1a-4737-93b5-f86fbb6cb132@group-CF6C9F099C50: change Leader from null to 792e461b-f046-4951-90b3-af633f6cddcd at term 1 for appendEntries, leader elected after 5179ms
2020-10-27 07:56:29,406 [grpc-default-executor-2] INFO  ratis.XceiverServerRatis (XceiverServerRatis.java:handleLeaderChangedNotification(847)) - Leader change notification received for group: group-CF6C9F099C50 with new leaderId: 792e461b-f046-4951-90b3-af633f6cddcd
2020-10-27 07:56:29,407 [grpc-default-executor-2] INFO  impl.RaftServerImpl (ServerState.java:setLeader(256)) - 52e82a1b-eb35-4884-8f1f-44848255b0d1@group-CF6C9F099C50: change Leader from null to 792e461b-f046-4951-90b3-af633f6cddcd at term 1 for appendEntries, leader elected after 5139ms
2020-10-27 07:56:29,410 [grpc-default-executor-2] INFO  impl.RaftServerImpl (ServerState.java:setRaftConf(374)) - b77cbe1e-ed1a-4737-93b5-f86fbb6cb132@group-CF6C9F099C50: set configuration 0: [b77cbe1e-ed1a-4737-93b5-f86fbb6cb132:172.17.0.2:38841:0, 52e82a1b-eb35-4884-8f1f-44848255b0d1:172.17.0.2:42111:0, 792e461b-f046-4951-90b3-af633f6cddcd:172.17.0.2:37511:0], old=null at 0
2020-10-27 07:56:29,417 [grpc-default-executor-0] INFO  impl.RaftServerImpl (ServerState.java:setRaftConf(374)) - 52e82a1b-eb35-4884-8f1f-44848255b0d1@group-CF6C9F099C50: set configuration 0: [b77cbe1e-ed1a-4737-93b5-f86fbb6cb132:172.17.0.2:38841:0, 52e82a1b-eb35-4884-8f1f-44848255b0d1:172.17.0.2:42111:0, 792e461b-f046-4951-90b3-af633f6cddcd:172.17.0.2:37511:0], old=null at 0
2020-10-27 07:56:29,417 [grpc-default-executor-2] INFO  segmented.SegmentedRaftLogWorker (SegmentedRaftLogWorker.java:startLogSegment(397)) - b77cbe1e-ed1a-4737-93b5-f86fbb6cb132@group-CF6C9F099C50-SegmentedRaftLogWorker: Starting segment from index:0
2020-10-27 07:56:29,418 [grpc-default-executor-0] INFO  segmented.SegmentedRaftLogWorker (SegmentedRaftLogWorker.java:startLogSegment(397)) - 52e82a1b-eb35-4884-8f1f-44848255b0d1@group-CF6C9F099C50-SegmentedRaftLogWorker: Starting segment from index:0
2020-10-27 07:56:29,419 [b77cbe1e-ed1a-4737-93b5-f86fbb6cb132@group-CF6C9F099C50-SegmentedRaftLogWorker] INFO  segmented.SegmentedRaftLogWorker (SegmentedRaftLogWorker.java:execute(596)) - b77cbe1e-ed1a-4737-93b5-f86fbb6cb132@group-CF6C9F099C50-SegmentedRaftLogWorker: created new log segment /github/workspace/mnt/ozone/hadoop-ozone/integration-test/target/test-dir/MiniOzoneClusterImpl-b0e8067d-8c2e-4ee5-9f61-8ad8788f9080/datanode-3/data/ratis/2f0c025d-201b-4ab0-a78f-cf6c9f099c50/current/log_inprogress_0
2020-10-27 07:56:29,420 [52e82a1b-eb35-4884-8f1f-44848255b0d1@group-CF6C9F099C50-SegmentedRaftLogWorker] INFO  segmented.SegmentedRaftLogWorker (SegmentedRaftLogWorker.java:execute(596)) - 52e82a1b-eb35-4884-8f1f-44848255b0d1@group-CF6C9F099C50-SegmentedRaftLogWorker: created new log segment /github/workspace/mnt/ozone/hadoop-ozone/integration-test/target/test-dir/MiniOzoneClusterImpl-b0e8067d-8c2e-4ee5-9f61-8ad8788f9080/datanode-5/data/ratis/2f0c025d-201b-4ab0-a78f-cf6c9f099c50/current/log_inprogress_0
2020-10-27 07:56:29,491 [Thread-1698] INFO  impl.FollowerState (FollowerState.java:run(108)) - 792e461b-f046-4951-90b3-af633f6cddcd@group-D2525FC5DDFB-FollowerState: change to CANDIDATE, lastRpcTime:5099ms, electionTimeout:5099ms
2020-10-27 07:56:29,492 [Thread-1698] INFO  impl.RoleInfo (RoleInfo.java:shutdownFollowerState(121)) - 792e461b-f046-4951-90b3-af633f6cddcd: shutdown FollowerState
2020-10-27 07:56:29,492 [Thread-1698] INFO  impl.RaftServerImpl (RaftServerImpl.java:setRole(198)) - 792e461b-f046-4951-90b3-af633f6cddcd@group-D2525FC5DDFB: changes role from  FOLLOWER to CANDIDATE at term 0 for changeToCandidate
2020-10-27 07:56:29,492 [Thread-1698] INFO  impl.RoleInfo (RoleInfo.java:updateAndGet(143)) - 792e461b-f046-4951-90b3-af633f6cddcd: start LeaderElection
2020-10-27 07:56:29,496 [792e461b-f046-4951-90b3-af633f6cddcd@group-D2525FC5DDFB-LeaderElection57] INFO  impl.LeaderElection (LeaderElection.java:askForVotes(210)) - 792e461b-f046-4951-90b3-af633f6cddcd@group-D2525FC5DDFB-LeaderElection57: begin an election at term 1 for -1: [792e461b-f046-4951-90b3-af633f6cddcd:172.17.0.2:37511:0], old=null
2020-10-27 07:56:29,496 [792e461b-f046-4951-90b3-af633f6cddcd@group-D2525FC5DDFB-LeaderElection57] INFO  impl.RoleInfo (RoleInfo.java:shutdownLeaderElection(134)) - 792e461b-f046-4951-90b3-af633f6cddcd: shutdown LeaderElection
2020-10-27 07:56:29,496 [792e461b-f046-4951-90b3-af633f6cddcd@group-D2525FC5DDFB-LeaderElection57] INFO  impl.RaftServerImpl (RaftServerImpl.java:setRole(198)) - 792e461b-f046-4951-90b3-af633f6cddcd@group-D2525FC5DDFB: changes role from CANDIDATE to LEADER at term 1 for changeToLeader
2020-10-27 07:56:29,496 [792e461b-f046-4951-90b3-af633f6cddcd@group-D2525FC5DDFB-LeaderElection57] INFO  ratis.XceiverServerRatis (XceiverServerRatis.java:handleLeaderChangedNotification(847)) - Leader change notification received for group: group-D2525FC5DDFB with new leaderId: 792e461b-f046-4951-90b3-af633f6cddcd
2020-10-27 07:56:29,496 [792e461b-f046-4951-90b3-af633f6cddcd@group-D2525FC5DDFB-LeaderElection57] INFO  impl.RaftServerImpl (ServerState.java:setLeader(256)) - 792e461b-f046-4951-90b3-af633f6cddcd@group-D2525FC5DDFB: change Leader from null to 792e461b-f046-4951-90b3-af633f6cddcd at term 1 for becomeLeader, leader elected after 5113ms
2020-10-27 07:56:29,496 [792e461b-f046-4951-90b3-af633f6cddcd@group-D2525FC5DDFB-LeaderElection57] INFO  server.RaftServerConfigKeys (ConfUtils.java:logGet(44)) - raft.server.staging.catchup.gap = 1000 (default)
2020-10-27 07:56:29,496 [792e461b-f046-4951-90b3-af633f6cddcd@group-D2525FC5DDFB-LeaderElection57] INFO  server.RaftServerConfigKeys (ConfUtils.java:logGet(44)) - raft.server.rpc.sleep.time = 25ms (default)
2020-10-27 07:56:29,497 [792e461b-f046-4951-90b3-af633f6cddcd@group-D2525FC5DDFB-LeaderElection57] INFO  metrics.RatisMetrics (RatisMetrics.java:lambda$create$0(36)) - Creating Metrics Registry : ratis.log_appender.792e461b-f046-4951-90b3-af633f6cddcd@group-D2525FC5DDFB
2020-10-27 07:56:29,497 [792e461b-f046-4951-90b3-af633f6cddcd@group-D2525FC5DDFB-LeaderElection57] INFO  server.RaftServerConfigKeys (ConfUtils.java:logGet(44)) - raft.server.write.element-limit = 1024 (custom)
2020-10-27 07:56:29,497 [792e461b-f046-4951-90b3-af633f6cddcd@group-D2525FC5DDFB-LeaderElection57] INFO  server.RaftServerConfigKeys (ConfUtils.java:logGet(44)) - raft.server.write.byte-limit = 1073741824 (custom)
2020-10-27 07:56:29,498 [792e461b-f046-4951-90b3-af633f6cddcd@group-D2525FC5DDFB-LeaderElection57] INFO  server.RaftServerConfigKeys (ConfUtils.java:logGet(44)) - raft.server.watch.timeout = 3000ms (custom)
2020-10-27 07:56:29,498 [792e461b-f046-4951-90b3-af633f6cddcd@group-D2525FC5DDFB-LeaderElection57] INFO  server.RaftServerConfigKeys (ConfUtils.java:logGet(44)) - raft.server.watch.timeout.denomination = 1s (default)
2020-10-27 07:56:29,498 [792e461b-f046-4951-90b3-af633f6cddcd@group-D2525FC5DDFB-LeaderElection57] INFO  server.RaftServerConfigKeys (ConfUtils.java:logGet(44)) - raft.server.watch.element-limit = 65536 (default)
2020-10-27 07:56:29,498 [792e461b-f046-4951-90b3-af633f6cddcd@group-D2525FC5DDFB-LeaderElection57] INFO  impl.RoleInfo (RoleInfo.java:updateAndGet(143)) - 792e461b-f046-4951-90b3-af633f6cddcd: start LeaderState
2020-10-27 07:56:29,499 [792e461b-f046-4951-90b3-af633f6cddcd@group-D2525FC5DDFB-LeaderElection57] INFO  segmented.SegmentedRaftLogWorker (SegmentedRaftLogWorker.java:startLogSegment(397)) - 792e461b-f046-4951-90b3-af633f6cddcd@group-D2525FC5DDFB-SegmentedRaftLogWorker: Starting segment from index:0
2020-10-27 07:56:29,501 [792e461b-f046-4951-90b3-af633f6cddcd@group-D2525FC5DDFB-LeaderElection57] INFO  impl.RaftServerImpl (ServerState.java:setRaftConf(374)) - 792e461b-f046-4951-90b3-af633f6cddcd@group-D2525FC5DDFB: set configuration 0: [792e461b-f046-4951-90b3-af633f6cddcd:172.17.0.2:37511:0], old=null at 0
2020-10-27 07:56:29,501 [792e461b-f046-4951-90b3-af633f6cddcd@group-D2525FC5DDFB-SegmentedRaftLogWorker] INFO  segmented.SegmentedRaftLogWorker (SegmentedRaftLogWorker.java:execute(596)) - 792e461b-f046-4951-90b3-af633f6cddcd@group-D2525FC5DDFB-SegmentedRaftLogWorker: created new log segment /github/workspace/mnt/ozone/hadoop-ozone/integration-test/target/test-dir/MiniOzoneClusterImpl-b0e8067d-8c2e-4ee5-9f61-8ad8788f9080/datanode-4/data/ratis/b58a4b01-04f2-496b-90bc-d2525fc5ddfb/current/log_inprogress_0
2020-10-27 07:56:29,643 [Thread-1700] INFO  impl.FollowerState (FollowerState.java:run(108)) - 52e82a1b-eb35-4884-8f1f-44848255b0d1@group-FF8D7B1B312D-FollowerState: change to CANDIDATE, lastRpcTime:5073ms, electionTimeout:5072ms
2020-10-27 07:56:29,643 [Thread-1700] INFO  impl.RoleInfo (RoleInfo.java:shutdownFollowerState(121)) - 52e82a1b-eb35-4884-8f1f-44848255b0d1: shutdown FollowerState
2020-10-27 07:56:29,643 [Thread-1700] INFO  impl.RaftServerImpl (RaftServerImpl.java:setRole(198)) - 52e82a1b-eb35-4884-8f1f-44848255b0d1@group-FF8D7B1B312D: changes role from  FOLLOWER to CANDIDATE at term 0 for changeToCandidate
2020-10-27 07:56:29,643 [Thread-1700] INFO  impl.RoleInfo (RoleInfo.java:updateAndGet(143)) - 52e82a1b-eb35-4884-8f1f-44848255b0d1: start LeaderElection
2020-10-27 07:56:29,648 [52e82a1b-eb35-4884-8f1f-44848255b0d1@group-FF8D7B1B312D-LeaderElection58] INFO  impl.LeaderElection (LeaderElection.java:askForVotes(210)) - 52e82a1b-eb35-4884-8f1f-44848255b0d1@group-FF8D7B1B312D-LeaderElection58: begin an election at term 1 for -1: [52e82a1b-eb35-4884-8f1f-44848255b0d1:172.17.0.2:42111:0], old=null
2020-10-27 07:56:29,648 [52e82a1b-eb35-4884-8f1f-44848255b0d1@group-FF8D7B1B312D-LeaderElection58] INFO  impl.RoleInfo (RoleInfo.java:shutdownLeaderElection(134)) - 52e82a1b-eb35-4884-8f1f-44848255b0d1: shutdown LeaderElection
2020-10-27 07:56:29,649 [52e82a1b-eb35-4884-8f1f-44848255b0d1@group-FF8D7B1B312D-LeaderElection58] INFO  impl.RaftServerImpl (RaftServerImpl.java:setRole(198)) - 52e82a1b-eb35-4884-8f1f-44848255b0d1@group-FF8D7B1B312D: changes role from CANDIDATE to LEADER at term 1 for changeToLeader
2020-10-27 07:56:29,649 [52e82a1b-eb35-4884-8f1f-44848255b0d1@group-FF8D7B1B312D-LeaderElection58] INFO  ratis.XceiverServerRatis (XceiverServerRatis.java:handleLeaderChangedNotification(847)) - Leader change notification received for group: group-FF8D7B1B312D with new leaderId: 52e82a1b-eb35-4884-8f1f-44848255b0d1
2020-10-27 07:56:29,649 [52e82a1b-eb35-4884-8f1f-44848255b0d1@group-FF8D7B1B312D-LeaderElection58] INFO  impl.RaftServerImpl (ServerState.java:setLeader(256)) - 52e82a1b-eb35-4884-8f1f-44848255b0d1@group-FF8D7B1B312D: change Leader from null to 52e82a1b-eb35-4884-8f1f-44848255b0d1 at term 1 for becomeLeader, leader elected after 5088ms
2020-10-27 07:56:29,649 [52e82a1b-eb35-4884-8f1f-44848255b0d1@group-FF8D7B1B312D-LeaderElection58] INFO  server.RaftServerConfigKeys (ConfUtils.java:logGet(44)) - raft.server.staging.catchup.gap = 1000 (default)
2020-10-27 07:56:29,649 [52e82a1b-eb35-4884-8f1f-44848255b0d1@group-FF8D7B1B312D-LeaderElection58] INFO  server.RaftServerConfigKeys (ConfUtils.java:logGet(44)) - raft.server.rpc.sleep.time = 25ms (default)
2020-10-27 07:56:29,649 [52e82a1b-eb35-4884-8f1f-44848255b0d1@group-FF8D7B1B312D-LeaderElection58] INFO  metrics.RatisMetrics (RatisMetrics.java:lambda$create$0(36)) - Creating Metrics Registry : ratis.log_appender.52e82a1b-eb35-4884-8f1f-44848255b0d1@group-FF8D7B1B312D
2020-10-27 07:56:29,649 [52e82a1b-eb35-4884-8f1f-44848255b0d1@group-FF8D7B1B312D-LeaderElection58] INFO  server.RaftServerConfigKeys (ConfUtils.java:logGet(44)) - raft.server.write.element-limit = 1024 (custom)
2020-10-27 07:56:29,649 [52e82a1b-eb35-4884-8f1f-44848255b0d1@group-FF8D7B1B312D-LeaderElection58] INFO  server.RaftServerConfigKeys (ConfUtils.java:logGet(44)) - raft.server.write.byte-limit = 1073741824 (custom)
2020-10-27 07:56:29,650 [52e82a1b-eb35-4884-8f1f-44848255b0d1@group-FF8D7B1B312D-LeaderElection58] INFO  server.RaftServerConfigKeys (ConfUtils.java:logGet(44)) - raft.server.watch.timeout = 3000ms (custom)
2020-10-27 07:56:29,650 [52e82a1b-eb35-4884-8f1f-44848255b0d1@group-FF8D7B1B312D-LeaderElection58] INFO  server.RaftServerConfigKeys (ConfUtils.java:logGet(44)) - raft.server.watch.timeout.denomination = 1s (default)
2020-10-27 07:56:29,650 [52e82a1b-eb35-4884-8f1f-44848255b0d1@group-FF8D7B1B312D-LeaderElection58] INFO  server.RaftServerConfigKeys (ConfUtils.java:logGet(44)) - raft.server.watch.element-limit = 65536 (default)
2020-10-27 07:56:29,650 [52e82a1b-eb35-4884-8f1f-44848255b0d1@group-FF8D7B1B312D-LeaderElection58] INFO  impl.RoleInfo (RoleInfo.java:updateAndGet(143)) - 52e82a1b-eb35-4884-8f1f-44848255b0d1: start LeaderState
2020-10-27 07:56:29,651 [52e82a1b-eb35-4884-8f1f-44848255b0d1@group-FF8D7B1B312D-LeaderElection58] INFO  segmented.SegmentedRaftLogWorker (SegmentedRaftLogWorker.java:startLogSegment(397)) - 52e82a1b-eb35-4884-8f1f-44848255b0d1@group-FF8D7B1B312D-SegmentedRaftLogWorker: Starting segment from index:0
2020-10-27 07:56:29,652 [52e82a1b-eb35-4884-8f1f-44848255b0d1@group-FF8D7B1B312D-LeaderElection58] INFO  impl.RaftServerImpl (ServerState.java:setRaftConf(374)) - 52e82a1b-eb35-4884-8f1f-44848255b0d1@group-FF8D7B1B312D: set configuration 0: [52e82a1b-eb35-4884-8f1f-44848255b0d1:172.17.0.2:42111:0], old=null at 0
2020-10-27 07:56:29,653 [52e82a1b-eb35-4884-8f1f-44848255b0d1@group-FF8D7B1B312D-SegmentedRaftLogWorker] INFO  segmented.SegmentedRaftLogWorker (SegmentedRaftLogWorker.java:execute(596)) - 52e82a1b-eb35-4884-8f1f-44848255b0d1@group-FF8D7B1B312D-SegmentedRaftLogWorker: created new log segment /github/workspace/mnt/ozone/hadoop-ozone/integration-test/target/test-dir/MiniOzoneClusterImpl-b0e8067d-8c2e-4ee5-9f61-8ad8788f9080/datanode-5/data/ratis/9077d6c2-fab9-40e9-b263-ff8d7b1b312d/current/log_inprogress_0
2020-10-27 07:56:29,809 [Thread-1702] INFO  impl.FollowerState (FollowerState.java:run(108)) - 6b039a25-7392-4901-8f83-2a13f99b0a3b@group-DA88D2737EB6-FollowerState: change to CANDIDATE, lastRpcTime:5045ms, electionTimeout:5043ms
2020-10-27 07:56:29,810 [Thread-1702] INFO  impl.RoleInfo (RoleInfo.java:shutdownFollowerState(121)) - 6b039a25-7392-4901-8f83-2a13f99b0a3b: shutdown FollowerState
2020-10-27 07:56:29,810 [Thread-1702] INFO  impl.RaftServerImpl (RaftServerImpl.java:setRole(198)) - 6b039a25-7392-4901-8f83-2a13f99b0a3b@group-DA88D2737EB6: changes role from  FOLLOWER to CANDIDATE at term 0 for changeToCandidate
2020-10-27 07:56:29,810 [Thread-1702] INFO  impl.RoleInfo (RoleInfo.java:updateAndGet(143)) - 6b039a25-7392-4901-8f83-2a13f99b0a3b: start LeaderElection
2020-10-27 07:56:29,815 [6b039a25-7392-4901-8f83-2a13f99b0a3b@group-DA88D2737EB6-LeaderElection59] INFO  impl.LeaderElection (LeaderElection.java:askForVotes(210)) - 6b039a25-7392-4901-8f83-2a13f99b0a3b@group-DA88D2737EB6-LeaderElection59: begin an election at term 1 for -1: [6b039a25-7392-4901-8f83-2a13f99b0a3b:172.17.0.2:36279:0], old=null
2020-10-27 07:56:29,815 [6b039a25-7392-4901-8f83-2a13f99b0a3b@group-DA88D2737EB6-LeaderElection59] INFO  impl.RoleInfo (RoleInfo.java:shutdownLeaderElection(134)) - 6b039a25-7392-4901-8f83-2a13f99b0a3b: shutdown LeaderElection
2020-10-27 07:56:29,815 [6b039a25-7392-4901-8f83-2a13f99b0a3b@group-DA88D2737EB6-LeaderElection59] INFO  impl.RaftServerImpl (RaftServerImpl.java:setRole(198)) - 6b039a25-7392-4901-8f83-2a13f99b0a3b@group-DA88D2737EB6: changes role from CANDIDATE to LEADER at term 1 for changeToLeader
2020-10-27 07:56:29,815 [6b039a25-7392-4901-8f83-2a13f99b0a3b@group-DA88D2737EB6-LeaderElection59] INFO  ratis.XceiverServerRatis (XceiverServerRatis.java:handleLeaderChangedNotification(847)) - Leader change notification received for group: group-DA88D2737EB6 with new leaderId: 6b039a25-7392-4901-8f83-2a13f99b0a3b
2020-10-27 07:56:29,815 [6b039a25-7392-4901-8f83-2a13f99b0a3b@group-DA88D2737EB6-LeaderElection59] INFO  impl.RaftServerImpl (ServerState.java:setLeader(256)) - 6b039a25-7392-4901-8f83-2a13f99b0a3b@group-DA88D2737EB6: change Leader from null to 6b039a25-7392-4901-8f83-2a13f99b0a3b at term 1 for becomeLeader, leader elected after 5062ms
2020-10-27 07:56:29,816 [6b039a25-7392-4901-8f83-2a13f99b0a3b@group-DA88D2737EB6-LeaderElection59] INFO  server.RaftServerConfigKeys (ConfUtils.java:logGet(44)) - raft.server.staging.catchup.gap = 1000 (default)
2020-10-27 07:56:29,816 [6b039a25-7392-4901-8f83-2a13f99b0a3b@group-DA88D2737EB6-LeaderElection59] INFO  server.RaftServerConfigKeys (ConfUtils.java:logGet(44)) - raft.server.rpc.sleep.time = 25ms (default)
2020-10-27 07:56:29,816 [6b039a25-7392-4901-8f83-2a13f99b0a3b@group-DA88D2737EB6-LeaderElection59] INFO  metrics.RatisMetrics (RatisMetrics.java:lambda$create$0(36)) - Creating Metrics Registry : ratis.log_appender.6b039a25-7392-4901-8f83-2a13f99b0a3b@group-DA88D2737EB6
2020-10-27 07:56:29,816 [6b039a25-7392-4901-8f83-2a13f99b0a3b@group-DA88D2737EB6-LeaderElection59] INFO  server.RaftServerConfigKeys (ConfUtils.java:logGet(44)) - raft.server.write.element-limit = 1024 (custom)
2020-10-27 07:56:29,816 [6b039a25-7392-4901-8f83-2a13f99b0a3b@group-DA88D2737EB6-LeaderElection59] INFO  server.RaftServerConfigKeys (ConfUtils.java:logGet(44)) - raft.server.write.byte-limit = 1073741824 (custom)
2020-10-27 07:56:29,817 [6b039a25-7392-4901-8f83-2a13f99b0a3b@group-DA88D2737EB6-LeaderElection59] INFO  server.RaftServerConfigKeys (ConfUtils.java:logGet(44)) - raft.server.watch.timeout = 3000ms (custom)
2020-10-27 07:56:29,817 [6b039a25-7392-4901-8f83-2a13f99b0a3b@group-DA88D2737EB6-LeaderElection59] INFO  server.RaftServerConfigKeys (ConfUtils.java:logGet(44)) - raft.server.watch.timeout.denomination = 1s (default)
2020-10-27 07:56:29,817 [6b039a25-7392-4901-8f83-2a13f99b0a3b@group-DA88D2737EB6-LeaderElection59] INFO  server.RaftServerConfigKeys (ConfUtils.java:logGet(44)) - raft.server.watch.element-limit = 65536 (default)
2020-10-27 07:56:29,817 [6b039a25-7392-4901-8f83-2a13f99b0a3b@group-DA88D2737EB6-LeaderElection59] INFO  impl.RoleInfo (RoleInfo.java:updateAndGet(143)) - 6b039a25-7392-4901-8f83-2a13f99b0a3b: start LeaderState
2020-10-27 07:56:29,818 [6b039a25-7392-4901-8f83-2a13f99b0a3b@group-DA88D2737EB6-LeaderElection59] INFO  segmented.SegmentedRaftLogWorker (SegmentedRaftLogWorker.java:startLogSegment(397)) - 6b039a25-7392-4901-8f83-2a13f99b0a3b@group-DA88D2737EB6-SegmentedRaftLogWorker: Starting segment from index:0
2020-10-27 07:56:29,818 [6b039a25-7392-4901-8f83-2a13f99b0a3b@group-DA88D2737EB6-LeaderElection59] INFO  impl.RaftServerImpl (ServerState.java:setRaftConf(374)) - 6b039a25-7392-4901-8f83-2a13f99b0a3b@group-DA88D2737EB6: set configuration 0: [6b039a25-7392-4901-8f83-2a13f99b0a3b:172.17.0.2:36279:0], old=null at 0
2020-10-27 07:56:29,819 [6b039a25-7392-4901-8f83-2a13f99b0a3b@group-DA88D2737EB6-SegmentedRaftLogWorker] INFO  segmented.SegmentedRaftLogWorker (SegmentedRaftLogWorker.java:execute(596)) - 6b039a25-7392-4901-8f83-2a13f99b0a3b@group-DA88D2737EB6-SegmentedRaftLogWorker: created new log segment /github/workspace/mnt/ozone/hadoop-ozone/integration-test/target/test-dir/MiniOzoneClusterImpl-b0e8067d-8c2e-4ee5-9f61-8ad8788f9080/datanode-6/data/ratis/ba2d97c9-14dd-4833-97c5-da88d2737eb6/current/log_inprogress_0
2020-10-27 07:56:29,863 [Thread-1709] INFO  impl.FollowerState (FollowerState.java:run(108)) - 66fe8200-7270-4b9e-bb73-e3e8d2e4209c@group-7DE914507AE6-FollowerState: change to CANDIDATE, lastRpcTime:5011ms, electionTimeout:5010ms
2020-10-27 07:56:29,863 [Thread-1709] INFO  impl.RoleInfo (RoleInfo.java:shutdownFollowerState(121)) - 66fe8200-7270-4b9e-bb73-e3e8d2e4209c: shutdown FollowerState
2020-10-27 07:56:29,864 [Thread-1709] INFO  impl.RaftServerImpl (RaftServerImpl.java:setRole(198)) - 66fe8200-7270-4b9e-bb73-e3e8d2e4209c@group-7DE914507AE6: changes role from  FOLLOWER to CANDIDATE at term 0 for changeToCandidate
2020-10-27 07:56:29,864 [Thread-1709] INFO  impl.RoleInfo (RoleInfo.java:updateAndGet(143)) - 66fe8200-7270-4b9e-bb73-e3e8d2e4209c: start LeaderElection
2020-10-27 07:56:29,870 [Thread-1706] INFO  impl.FollowerState (FollowerState.java:run(108)) - 0d858bf4-c4ae-4e92-b712-358cf0e50fa6@group-7DE914507AE6-FollowerState: change to CANDIDATE, lastRpcTime:5050ms, electionTimeout:5048ms
2020-10-27 07:56:29,870 [Thread-1706] INFO  impl.RoleInfo (RoleInfo.java:shutdownFollowerState(121)) - 0d858bf4-c4ae-4e92-b712-358cf0e50fa6: shutdown FollowerState
2020-10-27 07:56:29,870 [Thread-1706] INFO  impl.RaftServerImpl (RaftServerImpl.java:setRole(198)) - 0d858bf4-c4ae-4e92-b712-358cf0e50fa6@group-7DE914507AE6: changes role from  FOLLOWER to CANDIDATE at term 0 for changeToCandidate
2020-10-27 07:56:29,870 [Thread-1706] INFO  impl.RoleInfo (RoleInfo.java:updateAndGet(143)) - 0d858bf4-c4ae-4e92-b712-358cf0e50fa6: start LeaderElection
2020-10-27 07:56:29,872 [66fe8200-7270-4b9e-bb73-e3e8d2e4209c@group-7DE914507AE6-LeaderElection60] INFO  impl.LeaderElection (LeaderElection.java:askForVotes(210)) - 66fe8200-7270-4b9e-bb73-e3e8d2e4209c@group-7DE914507AE6-LeaderElection60: begin an election at term 1 for -1: [66fe8200-7270-4b9e-bb73-e3e8d2e4209c:172.17.0.2:36451:0, 6b039a25-7392-4901-8f83-2a13f99b0a3b:172.17.0.2:36279:0, 0d858bf4-c4ae-4e92-b712-358cf0e50fa6:172.17.0.2:41119:0], old=null
2020-10-27 07:56:29,873 [0d858bf4-c4ae-4e92-b712-358cf0e50fa6@group-7DE914507AE6-LeaderElection61] INFO  impl.LeaderElection (LeaderElection.java:askForVotes(210)) - 0d858bf4-c4ae-4e92-b712-358cf0e50fa6@group-7DE914507AE6-LeaderElection61: begin an election at term 1 for -1: [66fe8200-7270-4b9e-bb73-e3e8d2e4209c:172.17.0.2:36451:0, 6b039a25-7392-4901-8f83-2a13f99b0a3b:172.17.0.2:36279:0, 0d858bf4-c4ae-4e92-b712-358cf0e50fa6:172.17.0.2:41119:0], old=null
2020-10-27 07:56:29,897 [grpc-default-executor-0] INFO  metrics.RatisMetrics (RatisMetrics.java:lambda$create$0(36)) - Creating Metrics Registry : ratis.server_message_metrics.6b039a25-7392-4901-8f83-2a13f99b0a3b
2020-10-27 07:56:29,900 [grpc-default-executor-0] INFO  impl.RaftServerImpl (RaftServerImpl.java:setRole(198)) - 6b039a25-7392-4901-8f83-2a13f99b0a3b@group-7DE914507AE6: changes role from  FOLLOWER to FOLLOWER at term 1 for recognizeCandidate:66fe8200-7270-4b9e-bb73-e3e8d2e4209c
2020-10-27 07:56:29,900 [grpc-default-executor-0] INFO  impl.RoleInfo (RoleInfo.java:shutdownFollowerState(121)) - 6b039a25-7392-4901-8f83-2a13f99b0a3b: shutdown FollowerState
2020-10-27 07:56:29,900 [grpc-default-executor-0] INFO  impl.RoleInfo (RoleInfo.java:updateAndGet(143)) - 6b039a25-7392-4901-8f83-2a13f99b0a3b: start FollowerState
2020-10-27 07:56:29,900 [Thread-1704] INFO  impl.FollowerState (FollowerState.java:run(117)) - 6b039a25-7392-4901-8f83-2a13f99b0a3b@group-7DE914507AE6-FollowerState was interrupted: java.lang.InterruptedException: sleep interrupted
2020-10-27 07:56:29,904 [grpc-default-executor-0] INFO  impl.RaftServerImpl (RaftServerImpl.java:requestVote(923)) -  FOLLOWER 6b039a25-7392-4901-8f83-2a13f99b0a3b@group-7DE914507AE6:t1, leader=null, voted=null, raftlog=6b039a25-7392-4901-8f83-2a13f99b0a3b@group-7DE914507AE6-SegmentedRaftLog:OPENED:c-1,f-1,i0, conf=-1: [66fe8200-7270-4b9e-bb73-e3e8d2e4209c:172.17.0.2:36451:0, 6b039a25-7392-4901-8f83-2a13f99b0a3b:172.17.0.2:36279:0, 0d858bf4-c4ae-4e92-b712-358cf0e50fa6:172.17.0.2:41119:0], old=null RUNNING priority:0 candidate:66fe8200-7270-4b9e-bb73-e3e8d2e4209c:172.17.0.2:36451:0 candidatePriority:0 compare:0
2020-10-27 07:56:29,907 [66fe8200-7270-4b9e-bb73-e3e8d2e4209c@group-7DE914507AE6-LeaderElection60] INFO  impl.LeaderElection (LeaderElection.java:logAndReturn(62)) - 66fe8200-7270-4b9e-bb73-e3e8d2e4209c@group-7DE914507AE6-LeaderElection60: Election PASSED; received 2 response(s) [66fe8200-7270-4b9e-bb73-e3e8d2e4209c<-6b039a25-7392-4901-8f83-2a13f99b0a3b#0:OK-t1, 66fe8200-7270-4b9e-bb73-e3e8d2e4209c<-0d858bf4-c4ae-4e92-b712-358cf0e50fa6#0:FAIL-t1] and 0 exception(s); 66fe8200-7270-4b9e-bb73-e3e8d2e4209c@group-7DE914507AE6:t1, leader=null, voted=66fe8200-7270-4b9e-bb73-e3e8d2e4209c, raftlog=66fe8200-7270-4b9e-bb73-e3e8d2e4209c@group-7DE914507AE6-SegmentedRaftLog:OPENED:c-1,f-1,i0, conf=-1: [66fe8200-7270-4b9e-bb73-e3e8d2e4209c:172.17.0.2:36451:0, 6b039a25-7392-4901-8f83-2a13f99b0a3b:172.17.0.2:36279:0, 0d858bf4-c4ae-4e92-b712-358cf0e50fa6:172.17.0.2:41119:0], old=null
2020-10-27 07:56:29,907 [0d858bf4-c4ae-4e92-b712-358cf0e50fa6@group-7DE914507AE6-LeaderElection61] INFO  impl.LeaderElection (LeaderElection.java:logAndReturn(62)) - 0d858bf4-c4ae-4e92-b712-358cf0e50fa6@group-7DE914507AE6-LeaderElection61: Election REJECTED; received 2 response(s) [0d858bf4-c4ae-4e92-b712-358cf0e50fa6<-66fe8200-7270-4b9e-bb73-e3e8d2e4209c#0:FAIL-t1, 0d858bf4-c4ae-4e92-b712-358cf0e50fa6<-6b039a25-7392-4901-8f83-2a13f99b0a3b#0:FAIL-t1] and 0 exception(s); 0d858bf4-c4ae-4e92-b712-358cf0e50fa6@group-7DE914507AE6:t1, leader=null, voted=0d858bf4-c4ae-4e92-b712-358cf0e50fa6, raftlog=0d858bf4-c4ae-4e92-b712-358cf0e50fa6@group-7DE914507AE6-SegmentedRaftLog:OPENED:c-1,f-1,i0, conf=-1: [66fe8200-7270-4b9e-bb73-e3e8d2e4209c:172.17.0.2:36451:0, 6b039a25-7392-4901-8f83-2a13f99b0a3b:172.17.0.2:36279:0, 0d858bf4-c4ae-4e92-b712-358cf0e50fa6:172.17.0.2:41119:0], old=null
2020-10-27 07:56:29,908 [0d858bf4-c4ae-4e92-b712-358cf0e50fa6@group-7DE914507AE6-LeaderElection61] INFO  impl.RaftServerImpl (RaftServerImpl.java:setRole(198)) - 0d858bf4-c4ae-4e92-b712-358cf0e50fa6@group-7DE914507AE6: changes role from CANDIDATE to FOLLOWER at term 1 for DISCOVERED_A_NEW_TERM
2020-10-27 07:56:29,908 [0d858bf4-c4ae-4e92-b712-358cf0e50fa6@group-7DE914507AE6-LeaderElection61] INFO  impl.RoleInfo (RoleInfo.java:shutdownLeaderElection(134)) - 0d858bf4-c4ae-4e92-b712-358cf0e50fa6: shutdown LeaderElection
2020-10-27 07:56:29,908 [0d858bf4-c4ae-4e92-b712-358cf0e50fa6@group-7DE914507AE6-LeaderElection61] INFO  impl.RoleInfo (RoleInfo.java:updateAndGet(143)) - 0d858bf4-c4ae-4e92-b712-358cf0e50fa6: start FollowerState
2020-10-27 07:56:29,907 [66fe8200-7270-4b9e-bb73-e3e8d2e4209c@group-7DE914507AE6-LeaderElection60] INFO  impl.RoleInfo (RoleInfo.java:shutdownLeaderElection(134)) - 66fe8200-7270-4b9e-bb73-e3e8d2e4209c: shutdown LeaderElection
2020-10-27 07:56:29,912 [66fe8200-7270-4b9e-bb73-e3e8d2e4209c@group-7DE914507AE6-LeaderElection60] INFO  impl.RaftServerImpl (RaftServerImpl.java:setRole(198)) - 66fe8200-7270-4b9e-bb73-e3e8d2e4209c@group-7DE914507AE6: changes role from CANDIDATE to LEADER at term 1 for changeToLeader
2020-10-27 07:56:29,912 [66fe8200-7270-4b9e-bb73-e3e8d2e4209c@group-7DE914507AE6-LeaderElection60] INFO  ratis.XceiverServerRatis (XceiverServerRatis.java:handleLeaderChangedNotification(847)) - Leader change notification received for group: group-7DE914507AE6 with new leaderId: 66fe8200-7270-4b9e-bb73-e3e8d2e4209c
2020-10-27 07:56:29,912 [66fe8200-7270-4b9e-bb73-e3e8d2e4209c@group-7DE914507AE6-LeaderElection60] INFO  impl.RaftServerImpl (ServerState.java:setLeader(256)) - 66fe8200-7270-4b9e-bb73-e3e8d2e4209c@group-7DE914507AE6: change Leader from null to 66fe8200-7270-4b9e-bb73-e3e8d2e4209c at term 1 for becomeLeader, leader elected after 5068ms
2020-10-27 07:56:29,912 [66fe8200-7270-4b9e-bb73-e3e8d2e4209c@group-7DE914507AE6-LeaderElection60] INFO  server.RaftServerConfigKeys (ConfUtils.java:logGet(44)) - raft.server.staging.catchup.gap = 1000 (default)
2020-10-27 07:56:29,913 [66fe8200-7270-4b9e-bb73-e3e8d2e4209c@group-7DE914507AE6-LeaderElection60] INFO  server.RaftServerConfigKeys (ConfUtils.java:logGet(44)) - raft.server.rpc.sleep.time = 25ms (default)
2020-10-27 07:56:29,913 [66fe8200-7270-4b9e-bb73-e3e8d2e4209c@group-7DE914507AE6-LeaderElection60] INFO  metrics.RatisMetrics (RatisMetrics.java:lambda$create$0(36)) - Creating Metrics Registry : ratis.log_appender.66fe8200-7270-4b9e-bb73-e3e8d2e4209c@group-7DE914507AE6
2020-10-27 07:56:29,913 [66fe8200-7270-4b9e-bb73-e3e8d2e4209c@group-7DE914507AE6-LeaderElection60] INFO  server.RaftServerConfigKeys (ConfUtils.java:logGet(44)) - raft.server.write.element-limit = 1024 (custom)
2020-10-27 07:56:29,913 [66fe8200-7270-4b9e-bb73-e3e8d2e4209c@group-7DE914507AE6-LeaderElection60] INFO  server.RaftServerConfigKeys (ConfUtils.java:logGet(44)) - raft.server.write.byte-limit = 1073741824 (custom)
2020-10-27 07:56:29,913 [66fe8200-7270-4b9e-bb73-e3e8d2e4209c@group-7DE914507AE6-LeaderElection60] INFO  server.RaftServerConfigKeys (ConfUtils.java:logGet(44)) - raft.server.watch.timeout = 3000ms (custom)
2020-10-27 07:56:29,913 [66fe8200-7270-4b9e-bb73-e3e8d2e4209c@group-7DE914507AE6-LeaderElection60] INFO  server.RaftServerConfigKeys (ConfUtils.java:logGet(44)) - raft.server.watch.timeout.denomination = 1s (default)
2020-10-27 07:56:29,913 [66fe8200-7270-4b9e-bb73-e3e8d2e4209c@group-7DE914507AE6-LeaderElection60] INFO  server.RaftServerConfigKeys (ConfUtils.java:logGet(44)) - raft.server.watch.element-limit = 65536 (default)
2020-10-27 07:56:29,914 [66fe8200-7270-4b9e-bb73-e3e8d2e4209c@group-7DE914507AE6-LeaderElection60] INFO  server.RaftServerConfigKeys (ConfUtils.java:logGet(44)) - raft.server.log.appender.snapshot.chunk.size.max = 16MB (=16777216) (default)
2020-10-27 07:56:29,914 [66fe8200-7270-4b9e-bb73-e3e8d2e4209c@group-7DE914507AE6-LeaderElection60] INFO  server.RaftServerConfigKeys (ConfUtils.java:logGet(44)) - raft.server.log.appender.buffer.byte-limit = 33554432 (custom)
2020-10-27 07:56:29,914 [66fe8200-7270-4b9e-bb73-e3e8d2e4209c@group-7DE914507AE6-LeaderElection60] INFO  server.RaftServerConfigKeys (ConfUtils.java:logGet(44)) - raft.server.log.appender.buffer.element-limit = 1 (custom)
2020-10-27 07:56:29,914 [66fe8200-7270-4b9e-bb73-e3e8d2e4209c@group-7DE914507AE6-LeaderElection60] INFO  grpc.GrpcConfigKeys (ConfUtils.java:logGet(44)) - raft.grpc.server.leader.outstanding.appends.max = 128 (default)
2020-10-27 07:56:29,914 [66fe8200-7270-4b9e-bb73-e3e8d2e4209c@group-7DE914507AE6-LeaderElection60] INFO  server.RaftServerConfigKeys (ConfUtils.java:logGet(44)) - raft.server.rpc.request.timeout = 3000ms (default)
2020-10-27 07:56:29,914 [66fe8200-7270-4b9e-bb73-e3e8d2e4209c@group-7DE914507AE6-LeaderElection60] INFO  server.RaftServerConfigKeys (ConfUtils.java:logGet(44)) - raft.server.log.appender.install.snapshot.enabled = false (custom)
2020-10-27 07:56:29,914 [66fe8200-7270-4b9e-bb73-e3e8d2e4209c@group-7DE914507AE6-LeaderElection60] INFO  metrics.RatisMetrics (RatisMetrics.java:lambda$create$0(36)) - Creating Metrics Registry : ratis_grpc.log_appender.66fe8200-7270-4b9e-bb73-e3e8d2e4209c@group-7DE914507AE6
2020-10-27 07:56:29,916 [66fe8200-7270-4b9e-bb73-e3e8d2e4209c@group-7DE914507AE6-LeaderElection60] INFO  server.RaftServerConfigKeys (ConfUtils.java:logGet(44)) - raft.server.log.appender.snapshot.chunk.size.max = 16MB (=16777216) (default)
2020-10-27 07:56:29,916 [66fe8200-7270-4b9e-bb73-e3e8d2e4209c@group-7DE914507AE6-LeaderElection60] INFO  server.RaftServerConfigKeys (ConfUtils.java:logGet(44)) - raft.server.log.appender.buffer.byte-limit = 33554432 (custom)
2020-10-27 07:56:29,916 [66fe8200-7270-4b9e-bb73-e3e8d2e4209c@group-7DE914507AE6-LeaderElection60] INFO  server.RaftServerConfigKeys (ConfUtils.java:logGet(44)) - raft.server.log.appender.buffer.element-limit = 1 (custom)
2020-10-27 07:56:29,916 [66fe8200-7270-4b9e-bb73-e3e8d2e4209c@group-7DE914507AE6-LeaderElection60] INFO  grpc.GrpcConfigKeys (ConfUtils.java:logGet(44)) - raft.grpc.server.leader.outstanding.appends.max = 128 (default)
2020-10-27 07:56:29,916 [66fe8200-7270-4b9e-bb73-e3e8d2e4209c@group-7DE914507AE6-LeaderElection60] INFO  server.RaftServerConfigKeys (ConfUtils.java:logGet(44)) - raft.server.rpc.request.timeout = 3000ms (default)
2020-10-27 07:56:29,916 [66fe8200-7270-4b9e-bb73-e3e8d2e4209c@group-7DE914507AE6-LeaderElection60] INFO  server.RaftServerConfigKeys (ConfUtils.java:logGet(44)) - raft.server.log.appender.install.snapshot.enabled = false (custom)
2020-10-27 07:56:29,918 [66fe8200-7270-4b9e-bb73-e3e8d2e4209c@group-7DE914507AE6-LeaderElection60] INFO  impl.RoleInfo (RoleInfo.java:updateAndGet(143)) - 66fe8200-7270-4b9e-bb73-e3e8d2e4209c: start LeaderState
2020-10-27 07:56:29,919 [66fe8200-7270-4b9e-bb73-e3e8d2e4209c@group-7DE914507AE6-LeaderElection60] INFO  segmented.SegmentedRaftLogWorker (SegmentedRaftLogWorker.java:startLogSegment(397)) - 66fe8200-7270-4b9e-bb73-e3e8d2e4209c@group-7DE914507AE6-SegmentedRaftLogWorker: Starting segment from index:0
2020-10-27 07:56:29,919 [EventQueue-PipelineReportForPipelineReportHandler] INFO  pipeline.PipelineStateManager (PipelineStateManager.java:openPipeline(132)) - Pipeline Pipeline[ Id: f7fae826-9b33-4bf2-9b68-7de914507ae6, Nodes: 0d858bf4-c4ae-4e92-b712-358cf0e50fa6{ip: 172.17.0.2, host: 347446dca554, networkLocation: /default-rack, certSerialId: null}66fe8200-7270-4b9e-bb73-e3e8d2e4209c{ip: 172.17.0.2, host: 347446dca554, networkLocation: /default-rack, certSerialId: null}6b039a25-7392-4901-8f83-2a13f99b0a3b{ip: 172.17.0.2, host: 347446dca554, networkLocation: /default-rack, certSerialId: null}, Type:RATIS, Factor:THREE, State:ALLOCATED, leaderId:66fe8200-7270-4b9e-bb73-e3e8d2e4209c, CreationTimestamp2020-10-27T07:56:22.203Z] moved to OPEN state
2020-10-27 07:56:29,921 [66fe8200-7270-4b9e-bb73-e3e8d2e4209c@group-7DE914507AE6-LeaderElection60] INFO  impl.RaftServerImpl (ServerState.java:setRaftConf(374)) - 66fe8200-7270-4b9e-bb73-e3e8d2e4209c@group-7DE914507AE6: set configuration 0: [66fe8200-7270-4b9e-bb73-e3e8d2e4209c:172.17.0.2:36451:0, 6b039a25-7392-4901-8f83-2a13f99b0a3b:172.17.0.2:36279:0, 0d858bf4-c4ae-4e92-b712-358cf0e50fa6:172.17.0.2:41119:0], old=null at 0
2020-10-27 07:56:29,925 [66fe8200-7270-4b9e-bb73-e3e8d2e4209c@group-7DE914507AE6-SegmentedRaftLogWorker] INFO  segmented.SegmentedRaftLogWorker (SegmentedRaftLogWorker.java:execute(596)) - 66fe8200-7270-4b9e-bb73-e3e8d2e4209c@group-7DE914507AE6-SegmentedRaftLogWorker: created new log segment /github/workspace/mnt/ozone/hadoop-ozone/integration-test/target/test-dir/MiniOzoneClusterImpl-b0e8067d-8c2e-4ee5-9f61-8ad8788f9080/datanode-8/data/ratis/f7fae826-9b33-4bf2-9b68-7de914507ae6/current/log_inprogress_0
2020-10-27 07:56:29,927 [grpc-default-executor-2] INFO  ratis.XceiverServerRatis (XceiverServerRatis.java:handleLeaderChangedNotification(847)) - Leader change notification received for group: group-7DE914507AE6 with new leaderId: 66fe8200-7270-4b9e-bb73-e3e8d2e4209c
2020-10-27 07:56:29,929 [grpc-default-executor-2] INFO  impl.RaftServerImpl (ServerState.java:setLeader(256)) - 6b039a25-7392-4901-8f83-2a13f99b0a3b@group-7DE914507AE6: change Leader from null to 66fe8200-7270-4b9e-bb73-e3e8d2e4209c at term 1 for appendEntries, leader elected after 5153ms
2020-10-27 07:56:29,934 [grpc-default-executor-2] INFO  impl.RaftServerImpl (ServerState.java:setRaftConf(374)) - 6b039a25-7392-4901-8f83-2a13f99b0a3b@group-7DE914507AE6: set configuration 0: [66fe8200-7270-4b9e-bb73-e3e8d2e4209c:172.17.0.2:36451:0, 6b039a25-7392-4901-8f83-2a13f99b0a3b:172.17.0.2:36279:0, 0d858bf4-c4ae-4e92-b712-358cf0e50fa6:172.17.0.2:41119:0], old=null at 0
2020-10-27 07:56:29,937 [grpc-default-executor-2] INFO  segmented.SegmentedRaftLogWorker (SegmentedRaftLogWorker.java:startLogSegment(397)) - 6b039a25-7392-4901-8f83-2a13f99b0a3b@group-7DE914507AE6-SegmentedRaftLogWorker: Starting segment from index:0
2020-10-27 07:56:29,941 [6b039a25-7392-4901-8f83-2a13f99b0a3b@group-7DE914507AE6-SegmentedRaftLogWorker] INFO  segmented.SegmentedRaftLogWorker (SegmentedRaftLogWorker.java:execute(596)) - 6b039a25-7392-4901-8f83-2a13f99b0a3b@group-7DE914507AE6-SegmentedRaftLogWorker: created new log segment /github/workspace/mnt/ozone/hadoop-ozone/integration-test/target/test-dir/MiniOzoneClusterImpl-b0e8067d-8c2e-4ee5-9f61-8ad8788f9080/datanode-6/data/ratis/f7fae826-9b33-4bf2-9b68-7de914507ae6/current/log_inprogress_0
2020-10-27 07:56:29,943 [grpc-default-executor-0] INFO  ratis.XceiverServerRatis (XceiverServerRatis.java:handleLeaderChangedNotification(847)) - Leader change notification received for group: group-7DE914507AE6 with new leaderId: 66fe8200-7270-4b9e-bb73-e3e8d2e4209c
2020-10-27 07:56:29,944 [grpc-default-executor-0] INFO  impl.RaftServerImpl (ServerState.java:setLeader(256)) - 0d858bf4-c4ae-4e92-b712-358cf0e50fa6@group-7DE914507AE6: change Leader from null to 66fe8200-7270-4b9e-bb73-e3e8d2e4209c at term 1 for appendEntries, leader elected after 5135ms
2020-10-27 07:56:29,945 [grpc-default-executor-0] INFO  impl.RaftServerImpl (ServerState.java:setRaftConf(374)) - 0d858bf4-c4ae-4e92-b712-358cf0e50fa6@group-7DE914507AE6: set configuration 0: [66fe8200-7270-4b9e-bb73-e3e8d2e4209c:172.17.0.2:36451:0, 6b039a25-7392-4901-8f83-2a13f99b0a3b:172.17.0.2:36279:0, 0d858bf4-c4ae-4e92-b712-358cf0e50fa6:172.17.0.2:41119:0], old=null at 0
2020-10-27 07:56:29,946 [grpc-default-executor-0] INFO  segmented.SegmentedRaftLogWorker (SegmentedRaftLogWorker.java:startLogSegment(397)) - 0d858bf4-c4ae-4e92-b712-358cf0e50fa6@group-7DE914507AE6-SegmentedRaftLogWorker: Starting segment from index:0
2020-10-27 07:56:29,948 [0d858bf4-c4ae-4e92-b712-358cf0e50fa6@group-7DE914507AE6-SegmentedRaftLogWorker] INFO  segmented.SegmentedRaftLogWorker (SegmentedRaftLogWorker.java:execute(596)) - 0d858bf4-c4ae-4e92-b712-358cf0e50fa6@group-7DE914507AE6-SegmentedRaftLogWorker: created new log segment /github/workspace/mnt/ozone/hadoop-ozone/integration-test/target/test-dir/MiniOzoneClusterImpl-b0e8067d-8c2e-4ee5-9f61-8ad8788f9080/datanode-7/data/ratis/f7fae826-9b33-4bf2-9b68-7de914507ae6/current/log_inprogress_0
2020-10-27 07:56:30,028 [Thread-1712] INFO  impl.FollowerState (FollowerState.java:run(108)) - 0d858bf4-c4ae-4e92-b712-358cf0e50fa6@group-E19E556BFA4A-FollowerState: change to CANDIDATE, lastRpcTime:5110ms, electionTimeout:5109ms
2020-10-27 07:56:30,029 [Thread-1712] INFO  impl.RoleInfo (RoleInfo.java:shutdownFollowerState(121)) - 0d858bf4-c4ae-4e92-b712-358cf0e50fa6: shutdown FollowerState
2020-10-27 07:56:30,029 [Thread-1712] INFO  impl.RaftServerImpl (RaftServerImpl.java:setRole(198)) - 0d858bf4-c4ae-4e92-b712-358cf0e50fa6@group-E19E556BFA4A: changes role from  FOLLOWER to CANDIDATE at term 0 for changeToCandidate
2020-10-27 07:56:30,029 [Thread-1712] INFO  impl.RoleInfo (RoleInfo.java:updateAndGet(143)) - 0d858bf4-c4ae-4e92-b712-358cf0e50fa6: start LeaderElection
2020-10-27 07:56:30,033 [0d858bf4-c4ae-4e92-b712-358cf0e50fa6@group-E19E556BFA4A-LeaderElection62] INFO  impl.LeaderElection (LeaderElection.java:askForVotes(210)) - 0d858bf4-c4ae-4e92-b712-358cf0e50fa6@group-E19E556BFA4A-LeaderElection62: begin an election at term 1 for -1: [0d858bf4-c4ae-4e92-b712-358cf0e50fa6:172.17.0.2:41119:0], old=null
2020-10-27 07:56:30,033 [0d858bf4-c4ae-4e92-b712-358cf0e50fa6@group-E19E556BFA4A-LeaderElection62] INFO  impl.RoleInfo (RoleInfo.java:shutdownLeaderElection(134)) - 0d858bf4-c4ae-4e92-b712-358cf0e50fa6: shutdown LeaderElection
2020-10-27 07:56:30,033 [0d858bf4-c4ae-4e92-b712-358cf0e50fa6@group-E19E556BFA4A-LeaderElection62] INFO  impl.RaftServerImpl (RaftServerImpl.java:setRole(198)) - 0d858bf4-c4ae-4e92-b712-358cf0e50fa6@group-E19E556BFA4A: changes role from CANDIDATE to LEADER at term 1 for changeToLeader
2020-10-27 07:56:30,033 [0d858bf4-c4ae-4e92-b712-358cf0e50fa6@group-E19E556BFA4A-LeaderElection62] INFO  ratis.XceiverServerRatis (XceiverServerRatis.java:handleLeaderChangedNotification(847)) - Leader change notification received for group: group-E19E556BFA4A with new leaderId: 0d858bf4-c4ae-4e92-b712-358cf0e50fa6
2020-10-27 07:56:30,033 [0d858bf4-c4ae-4e92-b712-358cf0e50fa6@group-E19E556BFA4A-LeaderElection62] INFO  impl.RaftServerImpl (ServerState.java:setLeader(256)) - 0d858bf4-c4ae-4e92-b712-358cf0e50fa6@group-E19E556BFA4A: change Leader from null to 0d858bf4-c4ae-4e92-b712-358cf0e50fa6 at term 1 for becomeLeader, leader elected after 5124ms
2020-10-27 07:56:30,033 [0d858bf4-c4ae-4e92-b712-358cf0e50fa6@group-E19E556BFA4A-LeaderElection62] INFO  server.RaftServerConfigKeys (ConfUtils.java:logGet(44)) - raft.server.staging.catchup.gap = 1000 (default)
2020-10-27 07:56:30,033 [0d858bf4-c4ae-4e92-b712-358cf0e50fa6@group-E19E556BFA4A-LeaderElection62] INFO  server.RaftServerConfigKeys (ConfUtils.java:logGet(44)) - raft.server.rpc.sleep.time = 25ms (default)
2020-10-27 07:56:30,034 [0d858bf4-c4ae-4e92-b712-358cf0e50fa6@group-E19E556BFA4A-LeaderElection62] INFO  metrics.RatisMetrics (RatisMetrics.java:lambda$create$0(36)) - Creating Metrics Registry : ratis.log_appender.0d858bf4-c4ae-4e92-b712-358cf0e50fa6@group-E19E556BFA4A
2020-10-27 07:56:30,034 [0d858bf4-c4ae-4e92-b712-358cf0e50fa6@group-E19E556BFA4A-LeaderElection62] INFO  server.RaftServerConfigKeys (ConfUtils.java:logGet(44)) - raft.server.write.element-limit = 1024 (custom)
2020-10-27 07:56:30,034 [0d858bf4-c4ae-4e92-b712-358cf0e50fa6@group-E19E556BFA4A-LeaderElection62] INFO  server.RaftServerConfigKeys (ConfUtils.java:logGet(44)) - raft.server.write.byte-limit = 1073741824 (custom)
2020-10-27 07:56:30,035 [0d858bf4-c4ae-4e92-b712-358cf0e50fa6@group-E19E556BFA4A-LeaderElection62] INFO  server.RaftServerConfigKeys (ConfUtils.java:logGet(44)) - raft.server.watch.timeout = 3000ms (custom)
2020-10-27 07:56:30,035 [0d858bf4-c4ae-4e92-b712-358cf0e50fa6@group-E19E556BFA4A-LeaderElection62] INFO  server.RaftServerConfigKeys (ConfUtils.java:logGet(44)) - raft.server.watch.timeout.denomination = 1s (default)
2020-10-27 07:56:30,035 [0d858bf4-c4ae-4e92-b712-358cf0e50fa6@group-E19E556BFA4A-LeaderElection62] INFO  server.RaftServerConfigKeys (ConfUtils.java:logGet(44)) - raft.server.watch.element-limit = 65536 (default)
2020-10-27 07:56:30,035 [0d858bf4-c4ae-4e92-b712-358cf0e50fa6@group-E19E556BFA4A-LeaderElection62] INFO  impl.RoleInfo (RoleInfo.java:updateAndGet(143)) - 0d858bf4-c4ae-4e92-b712-358cf0e50fa6: start LeaderState
2020-10-27 07:56:30,035 [0d858bf4-c4ae-4e92-b712-358cf0e50fa6@group-E19E556BFA4A-LeaderElection62] INFO  segmented.SegmentedRaftLogWorker (SegmentedRaftLogWorker.java:startLogSegment(397)) - 0d858bf4-c4ae-4e92-b712-358cf0e50fa6@group-E19E556BFA4A-SegmentedRaftLogWorker: Starting segment from index:0
2020-10-27 07:56:30,041 [0d858bf4-c4ae-4e92-b712-358cf0e50fa6@group-E19E556BFA4A-LeaderElection62] INFO  impl.RaftServerImpl (ServerState.java:setRaftConf(374)) - 0d858bf4-c4ae-4e92-b712-358cf0e50fa6@group-E19E556BFA4A: set configuration 0: [0d858bf4-c4ae-4e92-b712-358cf0e50fa6:172.17.0.2:41119:0], old=null at 0
2020-10-27 07:56:30,044 [0d858bf4-c4ae-4e92-b712-358cf0e50fa6@group-E19E556BFA4A-SegmentedRaftLogWorker] INFO  segmented.SegmentedRaftLogWorker (SegmentedRaftLogWorker.java:execute(596)) - 0d858bf4-c4ae-4e92-b712-358cf0e50fa6@group-E19E556BFA4A-SegmentedRaftLogWorker: created new log segment /github/workspace/mnt/ozone/hadoop-ozone/integration-test/target/test-dir/MiniOzoneClusterImpl-b0e8067d-8c2e-4ee5-9f61-8ad8788f9080/datanode-7/data/ratis/982c7304-33a4-4331-a96a-e19e556bfa4a/current/log_inprogress_0
2020-10-27 07:56:30,416 [Thread-1714] INFO  impl.FollowerState (FollowerState.java:run(108)) - 66fe8200-7270-4b9e-bb73-e3e8d2e4209c@group-772CA83F5FA0-FollowerState: change to CANDIDATE, lastRpcTime:5196ms, electionTimeout:5196ms
2020-10-27 07:56:30,416 [Thread-1714] INFO  impl.RoleInfo (RoleInfo.java:shutdownFollowerState(121)) - 66fe8200-7270-4b9e-bb73-e3e8d2e4209c: shutdown FollowerState
2020-10-27 07:56:30,416 [Thread-1714] INFO  impl.RaftServerImpl (RaftServerImpl.java:setRole(198)) - 66fe8200-7270-4b9e-bb73-e3e8d2e4209c@group-772CA83F5FA0: changes role from  FOLLOWER to CANDIDATE at term 0 for changeToCandidate
2020-10-27 07:56:30,416 [Thread-1714] INFO  impl.RoleInfo (RoleInfo.java:updateAndGet(143)) - 66fe8200-7270-4b9e-bb73-e3e8d2e4209c: start LeaderElection
2020-10-27 07:56:30,420 [66fe8200-7270-4b9e-bb73-e3e8d2e4209c@group-772CA83F5FA0-LeaderElection63] INFO  impl.LeaderElection (LeaderElection.java:askForVotes(210)) - 66fe8200-7270-4b9e-bb73-e3e8d2e4209c@group-772CA83F5FA0-LeaderElection63: begin an election at term 1 for -1: [66fe8200-7270-4b9e-bb73-e3e8d2e4209c:172.17.0.2:36451:0], old=null
2020-10-27 07:56:30,420 [66fe8200-7270-4b9e-bb73-e3e8d2e4209c@group-772CA83F5FA0-LeaderElection63] INFO  impl.RoleInfo (RoleInfo.java:shutdownLeaderElection(134)) - 66fe8200-7270-4b9e-bb73-e3e8d2e4209c: shutdown LeaderElection
2020-10-27 07:56:30,420 [66fe8200-7270-4b9e-bb73-e3e8d2e4209c@group-772CA83F5FA0-LeaderElection63] INFO  impl.RaftServerImpl (RaftServerImpl.java:setRole(198)) - 66fe8200-7270-4b9e-bb73-e3e8d2e4209c@group-772CA83F5FA0: changes role from CANDIDATE to LEADER at term 1 for changeToLeader
2020-10-27 07:56:30,421 [66fe8200-7270-4b9e-bb73-e3e8d2e4209c@group-772CA83F5FA0-LeaderElection63] INFO  ratis.XceiverServerRatis (XceiverServerRatis.java:handleLeaderChangedNotification(847)) - Leader change notification received for group: group-772CA83F5FA0 with new leaderId: 66fe8200-7270-4b9e-bb73-e3e8d2e4209c
2020-10-27 07:56:30,421 [66fe8200-7270-4b9e-bb73-e3e8d2e4209c@group-772CA83F5FA0-LeaderElection63] INFO  impl.RaftServerImpl (ServerState.java:setLeader(256)) - 66fe8200-7270-4b9e-bb73-e3e8d2e4209c@group-772CA83F5FA0: change Leader from null to 66fe8200-7270-4b9e-bb73-e3e8d2e4209c at term 1 for becomeLeader, leader elected after 5216ms
2020-10-27 07:56:30,421 [66fe8200-7270-4b9e-bb73-e3e8d2e4209c@group-772CA83F5FA0-LeaderElection63] INFO  server.RaftServerConfigKeys (ConfUtils.java:logGet(44)) - raft.server.staging.catchup.gap = 1000 (default)
2020-10-27 07:56:30,421 [66fe8200-7270-4b9e-bb73-e3e8d2e4209c@group-772CA83F5FA0-LeaderElection63] INFO  server.RaftServerConfigKeys (ConfUtils.java:logGet(44)) - raft.server.rpc.sleep.time = 25ms (default)
2020-10-27 07:56:30,421 [66fe8200-7270-4b9e-bb73-e3e8d2e4209c@group-772CA83F5FA0-LeaderElection63] INFO  metrics.RatisMetrics (RatisMetrics.java:lambda$create$0(36)) - Creating Metrics Registry : ratis.log_appender.66fe8200-7270-4b9e-bb73-e3e8d2e4209c@group-772CA83F5FA0
2020-10-27 07:56:30,421 [66fe8200-7270-4b9e-bb73-e3e8d2e4209c@group-772CA83F5FA0-LeaderElection63] INFO  server.RaftServerConfigKeys (ConfUtils.java:logGet(44)) - raft.server.write.element-limit = 1024 (custom)
2020-10-27 07:56:30,421 [66fe8200-7270-4b9e-bb73-e3e8d2e4209c@group-772CA83F5FA0-LeaderElection63] INFO  server.RaftServerConfigKeys (ConfUtils.java:logGet(44)) - raft.server.write.byte-limit = 1073741824 (custom)
2020-10-27 07:56:30,422 [66fe8200-7270-4b9e-bb73-e3e8d2e4209c@group-772CA83F5FA0-LeaderElection63] INFO  server.RaftServerConfigKeys (ConfUtils.java:logGet(44)) - raft.server.watch.timeout = 3000ms (custom)
2020-10-27 07:56:30,422 [66fe8200-7270-4b9e-bb73-e3e8d2e4209c@group-772CA83F5FA0-LeaderElection63] INFO  server.RaftServerConfigKeys (ConfUtils.java:logGet(44)) - raft.server.watch.timeout.denomination = 1s (default)
2020-10-27 07:56:30,422 [66fe8200-7270-4b9e-bb73-e3e8d2e4209c@group-772CA83F5FA0-LeaderElection63] INFO  server.RaftServerConfigKeys (ConfUtils.java:logGet(44)) - raft.server.watch.element-limit = 65536 (default)
2020-10-27 07:56:30,422 [66fe8200-7270-4b9e-bb73-e3e8d2e4209c@group-772CA83F5FA0-LeaderElection63] INFO  impl.RoleInfo (RoleInfo.java:updateAndGet(143)) - 66fe8200-7270-4b9e-bb73-e3e8d2e4209c: start LeaderState
2020-10-27 07:56:30,425 [66fe8200-7270-4b9e-bb73-e3e8d2e4209c@group-772CA83F5FA0-LeaderElection63] INFO  segmented.SegmentedRaftLogWorker (SegmentedRaftLogWorker.java:startLogSegment(397)) - 66fe8200-7270-4b9e-bb73-e3e8d2e4209c@group-772CA83F5FA0-SegmentedRaftLogWorker: Starting segment from index:0
2020-10-27 07:56:30,427 [66fe8200-7270-4b9e-bb73-e3e8d2e4209c@group-772CA83F5FA0-SegmentedRaftLogWorker] INFO  segmented.SegmentedRaftLogWorker (SegmentedRaftLogWorker.java:execute(596)) - 66fe8200-7270-4b9e-bb73-e3e8d2e4209c@group-772CA83F5FA0-SegmentedRaftLogWorker: created new log segment /github/workspace/mnt/ozone/hadoop-ozone/integration-test/target/test-dir/MiniOzoneClusterImpl-b0e8067d-8c2e-4ee5-9f61-8ad8788f9080/datanode-8/data/ratis/3a6cdbb6-c5ee-400b-a21a-772ca83f5fa0/current/log_inprogress_0
2020-10-27 07:56:30,428 [66fe8200-7270-4b9e-bb73-e3e8d2e4209c@group-772CA83F5FA0-LeaderElection63] INFO  impl.RaftServerImpl (ServerState.java:setRaftConf(374)) - 66fe8200-7270-4b9e-bb73-e3e8d2e4209c@group-772CA83F5FA0: set configuration 0: [66fe8200-7270-4b9e-bb73-e3e8d2e4209c:172.17.0.2:36451:0], old=null at 0
2020-10-27 07:56:32,198 [EventQueue-Delayed safe mode statusForReplicationManager] INFO  container.ReplicationManager (ReplicationManager.java:start(178)) - Starting Replication Monitor Thread.
2020-10-27 07:56:32,200 [ReplicationMonitor] INFO  container.ReplicationManager (ReplicationManager.java:run(242)) - Replication Monitor Thread took 0 milliseconds for processing 1 containers.
2020-10-27 07:56:43,214 [java.util.concurrent.ThreadPoolExecutor$Worker@e2b06b9[State = -1, empty queue]] INFO  metrics.RatisMetrics (RatisMetrics.java:lambda$create$0(36)) - Creating Metrics Registry : ratis.client_message_metrics.client-43A04AFCB747->5a42b6c6-dd9e-4bd1-bc6a-89f7d8f7d666
2020-10-27 07:56:43,226 [Listener at 127.0.0.1/35583] INFO  ozone.MiniOzoneClusterImpl (MiniOzoneClusterImpl.java:shutdown(387)) - Shutting down the Mini Ozone Cluster
2020-10-27 07:56:43,227 [Listener at 127.0.0.1/35583] INFO  ozone.MiniOzoneClusterImpl (MiniOzoneClusterImpl.java:stop(402)) - Stopping the Mini Ozone Cluster
2020-10-27 07:56:43,227 [Listener at 127.0.0.1/35583] INFO  ozone.MiniOzoneClusterImpl (MiniOzoneClusterImpl.java:stopOM(484)) - Stopping the OzoneManager
2020-10-27 07:56:43,227 [Listener at 127.0.0.1/35583] INFO  ipc.Server (Server.java:stop(3359)) - Stopping server on 35583
2020-10-27 07:56:43,232 [IPC Server listener on 0] INFO  ipc.Server (Server.java:run(1330)) - Stopping IPC Server listener on 0
2020-10-27 07:56:43,232 [Listener at 127.0.0.1/35583] INFO  ratis.OzoneManagerDoubleBuffer (OzoneManagerDoubleBuffer.java:stop(458)) - Stopping OMDoubleBuffer flush thread
2020-10-27 07:56:43,233 [OMDoubleBufferFlushThread] INFO  ratis.OzoneManagerDoubleBuffer (OzoneManagerDoubleBuffer.java:flushTransactions(357)) - OMDoubleBuffer flush thread OMDoubleBufferFlushThread is interrupted and will exit. OMDoubleBufferFlushThread
2020-10-27 07:56:43,233 [IPC Server Responder] INFO  ipc.Server (Server.java:run(1465)) - Stopping IPC Server Responder
2020-10-27 07:56:43,233 [Listener at 127.0.0.1/35583] INFO  utils.BackgroundService (BackgroundService.java:shutdown(132)) - Shutting down service KeyDeletingService
2020-10-27 07:56:43,234 [Listener at 127.0.0.1/35583] INFO  handler.ContextHandler (ContextHandler.java:doStop(1016)) - Stopped o.e.j.w.WebAppContext@39fd1bfd{ozoneManager,/,null,UNAVAILABLE}{file:/github/workspace/mnt/ozone/hadoop-ozone/integration-test/target/test-classes/webapps/ozoneManager}
2020-10-27 07:56:43,235 [Listener at 127.0.0.1/35583] INFO  server.AbstractConnector (AbstractConnector.java:doStop(380)) - Stopped ServerConnector@22b6e26d{HTTP/1.1,[http/1.1]}{0.0.0.0:0}
2020-10-27 07:56:43,235 [Listener at 127.0.0.1/35583] INFO  server.session (HouseKeeper.java:stopScavenging(158)) - node0 Stopped scavenging
2020-10-27 07:56:43,235 [Listener at 127.0.0.1/35583] INFO  handler.ContextHandler (ContextHandler.java:doStop(1016)) - Stopped o.e.j.s.ServletContextHandler@545bdccb{static,/static,file:///github/workspace/mnt/ozone/hadoop-ozone/integration-test/target/test-classes/webapps/static,UNAVAILABLE}
2020-10-27 07:56:43,235 [Listener at 127.0.0.1/35583] INFO  handler.ContextHandler (ContextHandler.java:doStop(1016)) - Stopped o.e.j.s.ServletContextHandler@12d658c0{logs,/logs,file:///github/workspace/mnt/ozone/hadoop-ozone/integration-test/target/log,UNAVAILABLE}
2020-10-27 07:56:43,237 [Listener at 127.0.0.1/35583] INFO  ozone.MiniOzoneClusterImpl (MiniOzoneClusterImpl.java:stopDatanodes(461)) - Stopping the HddsDatanodes
2020-10-27 07:56:43,272 [Datanode State Machine Thread - 0] INFO  statemachine.DatanodeStateMachine (DatanodeStateMachine.java:lambda$startDaemon$0(405)) - Ozone container server started.
2020-10-27 07:56:43,496 [Datanode State Machine Thread - 0] INFO  statemachine.DatanodeStateMachine (DatanodeStateMachine.java:lambda$startDaemon$0(405)) - Ozone container server started.
2020-10-27 07:56:48,238 [Listener at 127.0.0.1/35583] INFO  ozoneimpl.OzoneContainer (OzoneContainer.java:stop(259)) - Attempting to stop container services.
2020-10-27 07:56:48,238 [ForkJoinPool.commonPool-worker-0] INFO  ozoneimpl.OzoneContainer (OzoneContainer.java:stop(259)) - Attempting to stop container services.
2020-10-27 07:56:48,240 [Listener at 127.0.0.1/35583] INFO  impl.RaftServerProxy (RaftServerProxy.java:lambda$close$4(322)) - 792e461b-f046-4951-90b3-af633f6cddcd: close
2020-10-27 07:56:48,240 [ForkJoinPool.commonPool-worker-0] INFO  impl.RaftServerProxy (RaftServerProxy.java:lambda$close$4(322)) - 50760c4e-b8f4-4c7a-910b-93b335267e74: close
2020-10-27 07:56:48,240 [Listener at 127.0.0.1/35583] INFO  impl.RaftServerImpl (RaftServerImpl.java:lambda$shutdown$3(321)) - 792e461b-f046-4951-90b3-af633f6cddcd@group-CF6C9F099C50: shutdown
2020-10-27 07:56:48,240 [ForkJoinPool.commonPool-worker-0] INFO  impl.RaftServerImpl (RaftServerImpl.java:lambda$shutdown$3(321)) - 50760c4e-b8f4-4c7a-910b-93b335267e74@group-918CF2214A87: shutdown
2020-10-27 07:56:48,240 [Listener at 127.0.0.1/35583] INFO  util.JmxRegister (JmxRegister.java:unregister(73)) - Successfully un-registered JMX Bean with object name Ratis:service=RaftServer,group=group-CF6C9F099C50,id=792e461b-f046-4951-90b3-af633f6cddcd
2020-10-27 07:56:48,241 [Listener at 127.0.0.1/35583] INFO  impl.RoleInfo (RoleInfo.java:shutdownLeaderState(104)) - 792e461b-f046-4951-90b3-af633f6cddcd: shutdown LeaderState
2020-10-27 07:56:48,241 [Listener at 127.0.0.1/35583] INFO  metrics.RatisMetrics (RatisMetrics.java:unregister(43)) - Unregistering Metrics Registry : ratis_grpc.log_appender.792e461b-f046-4951-90b3-af633f6cddcd@group-CF6C9F099C50
2020-10-27 07:56:48,240 [ForkJoinPool.commonPool-worker-0] INFO  util.JmxRegister (JmxRegister.java:unregister(73)) - Successfully un-registered JMX Bean with object name Ratis:service=RaftServer,group=group-918CF2214A87,id=50760c4e-b8f4-4c7a-910b-93b335267e74
2020-10-27 07:56:48,241 [org.apache.ratis.server.impl.LogAppender$AppenderDaemon$$Lambda$457/1735997321@233ddccc] WARN  server.GrpcLogAppender (GrpcLogAppender.java:mayWait(168)) - 792e461b-f046-4951-90b3-af633f6cddcd@group-CF6C9F099C50->b77cbe1e-ed1a-4737-93b5-f86fbb6cb132-GrpcLogAppender: Wait interrupted by java.lang.InterruptedException
2020-10-27 07:56:48,241 [Listener at 127.0.0.1/35583] INFO  metrics.RatisMetrics (RatisMetrics.java:unregister(43)) - Unregistering Metrics Registry : ratis_grpc.log_appender.792e461b-f046-4951-90b3-af633f6cddcd@group-CF6C9F099C50
2020-10-27 07:56:48,241 [Listener at 127.0.0.1/35583] INFO  impl.PendingRequests (PendingRequests.java:sendNotLeaderResponses(249)) - 792e461b-f046-4951-90b3-af633f6cddcd@group-CF6C9F099C50-PendingRequests: sendNotLeaderResponses
2020-10-27 07:56:48,241 [ForkJoinPool.commonPool-worker-0] INFO  impl.RoleInfo (RoleInfo.java:shutdownLeaderState(104)) - 50760c4e-b8f4-4c7a-910b-93b335267e74: shutdown LeaderState
2020-10-27 07:56:48,242 [ForkJoinPool.commonPool-worker-0] INFO  impl.PendingRequests (PendingRequests.java:sendNotLeaderResponses(249)) - 50760c4e-b8f4-4c7a-910b-93b335267e74@group-918CF2214A87-PendingRequests: sendNotLeaderResponses
2020-10-27 07:56:48,242 [ForkJoinPool.commonPool-worker-0] INFO  metrics.RatisMetrics (RatisMetrics.java:unregister(43)) - Unregistering Metrics Registry : ratis.log_appender.50760c4e-b8f4-4c7a-910b-93b335267e74@group-918CF2214A87
2020-10-27 07:56:48,242 [ForkJoinPool.commonPool-worker-0] INFO  metrics.RatisMetrics (RatisMetrics.java:unregister(43)) - Unregistering Metrics Registry : ratis.server.50760c4e-b8f4-4c7a-910b-93b335267e74@group-918CF2214A87
2020-10-27 07:56:48,242 [Listener at 127.0.0.1/35583] INFO  metrics.RatisMetrics (RatisMetrics.java:unregister(43)) - Unregistering Metrics Registry : ratis.log_appender.792e461b-f046-4951-90b3-af633f6cddcd@group-CF6C9F099C50
2020-10-27 07:56:48,244 [Listener at 127.0.0.1/35583] INFO  metrics.RatisMetrics (RatisMetrics.java:unregister(43)) - Unregistering Metrics Registry : ratis.server.792e461b-f046-4951-90b3-af633f6cddcd@group-CF6C9F099C50
2020-10-27 07:56:48,242 [org.apache.ratis.server.impl.LogAppender$AppenderDaemon$$Lambda$457/1735997321@1f61dcde] WARN  server.GrpcLogAppender (GrpcLogAppender.java:mayWait(168)) - 792e461b-f046-4951-90b3-af633f6cddcd@group-CF6C9F099C50->52e82a1b-eb35-4884-8f1f-44848255b0d1-GrpcLogAppender: Wait interrupted by java.lang.InterruptedException
2020-10-27 07:56:48,242 [grpc-default-executor-0] INFO  server.GrpcServerProtocolService (GrpcServerProtocolService.java:onCompleted(138)) - b77cbe1e-ed1a-4737-93b5-f86fbb6cb132: Completed APPEND_ENTRIES, lastRequest: 792e461b-f046-4951-90b3-af633f6cddcd->b77cbe1e-ed1a-4737-93b5-f86fbb6cb132#1-t1, previous=(t:0, i:0), leaderCommit=-1, initializing? false, entries: size=1, first=(t:1, i:0), CONFIGURATIONENTRY
2020-10-27 07:56:48,244 [ForkJoinPool.commonPool-worker-0] INFO  impl.StateMachineUpdater (StateMachineUpdater.java:stopAndJoin(142)) - 50760c4e-b8f4-4c7a-910b-93b335267e74@group-918CF2214A87-StateMachineUpdater: set stopIndex = 0
2020-10-27 07:56:48,244 [50760c4e-b8f4-4c7a-910b-93b335267e74@group-918CF2214A87-StateMachineUpdater] INFO  ratis.ContainerStateMachine (ContainerStateMachine.java:takeSnapshot(293)) - group-918CF2214A87: Taking a snapshot at:(t:1, i:0) file /github/workspace/mnt/ozone/hadoop-ozone/integration-test/target/test-dir/MiniOzoneClusterImpl-b0e8067d-8c2e-4ee5-9f61-8ad8788f9080/datanode-2/data/ratis/b6d517f0-9649-43d8-b207-918cf2214a87/sm/snapshot.1_0
2020-10-27 07:56:48,245 [grpc-default-executor-0] INFO  server.GrpcServerProtocolService (GrpcServerProtocolService.java:onCompleted(138)) - 52e82a1b-eb35-4884-8f1f-44848255b0d1: Completed APPEND_ENTRIES, lastRequest: 792e461b-f046-4951-90b3-af633f6cddcd->52e82a1b-eb35-4884-8f1f-44848255b0d1#1-t1, previous=(t:0, i:0), leaderCommit=0, initializing? false, entries: size=1, first=(t:1, i:0), CONFIGURATIONENTRY
2020-10-27 07:56:48,245 [grpc-default-executor-3] INFO  server.GrpcLogAppender (GrpcLogAppender.java:onCompleted(336)) - 792e461b-f046-4951-90b3-af633f6cddcd@group-CF6C9F099C50->b77cbe1e-ed1a-4737-93b5-f86fbb6cb132-AppendLogResponseHandler: follower responses appendEntries COMPLETED
2020-10-27 07:56:48,246 [grpc-default-executor-3] INFO  impl.FollowerInfo (FollowerInfo.java:lambda$new$0(51)) - 792e461b-f046-4951-90b3-af633f6cddcd@group-CF6C9F099C50->b77cbe1e-ed1a-4737-93b5-f86fbb6cb132: nextIndex: updateUnconditionally 1 -> 0
2020-10-27 07:56:48,252 [50760c4e-b8f4-4c7a-910b-93b335267e74@group-918CF2214A87-StateMachineUpdater] INFO  ratis.ContainerStateMachine (ContainerStateMachine.java:takeSnapshot(304)) - group-918CF2214A87: Finished taking a snapshot at:(t:1, i:0) file:/github/workspace/mnt/ozone/hadoop-ozone/integration-test/target/test-dir/MiniOzoneClusterImpl-b0e8067d-8c2e-4ee5-9f61-8ad8788f9080/datanode-2/data/ratis/b6d517f0-9649-43d8-b207-918cf2214a87/sm/snapshot.1_0 time:8
2020-10-27 07:56:48,252 [50760c4e-b8f4-4c7a-910b-93b335267e74@group-918CF2214A87-StateMachineUpdater] INFO  impl.StateMachineUpdater (StateMachineUpdater.java:takeSnapshot(277)) - 50760c4e-b8f4-4c7a-910b-93b335267e74@group-918CF2214A87-StateMachineUpdater: Took a snapshot at index 0
2020-10-27 07:56:48,252 [50760c4e-b8f4-4c7a-910b-93b335267e74@group-918CF2214A87-StateMachineUpdater] INFO  impl.StateMachineUpdater (StateMachineUpdater.java:lambda$new$0(87)) - 50760c4e-b8f4-4c7a-910b-93b335267e74@group-918CF2214A87-StateMachineUpdater: snapshotIndex: updateIncreasingly -1 -> 0
2020-10-27 07:56:48,252 [50760c4e-b8f4-4c7a-910b-93b335267e74@group-918CF2214A87-StateMachineUpdater] INFO  metrics.RatisMetrics (RatisMetrics.java:unregister(43)) - Unregistering Metrics Registry : ratis.state_machine.50760c4e-b8f4-4c7a-910b-93b335267e74@group-918CF2214A87
2020-10-27 07:56:48,252 [ForkJoinPool.commonPool-worker-0] INFO  impl.RaftServerImpl (ServerState.java:close(405)) - 50760c4e-b8f4-4c7a-910b-93b335267e74@group-918CF2214A87: closes. applyIndex: 0
2020-10-27 07:56:48,252 [50760c4e-b8f4-4c7a-910b-93b335267e74@group-918CF2214A87-SegmentedRaftLogWorker] INFO  segmented.SegmentedRaftLogWorker (SegmentedRaftLogWorker.java:run(327)) - 50760c4e-b8f4-4c7a-910b-93b335267e74@group-918CF2214A87-SegmentedRaftLogWorker was interrupted, exiting. There are 0 tasks remaining in the queue.
2020-10-27 07:56:48,253 [792e461b-f046-4951-90b3-af633f6cddcd@group-CF6C9F099C50-StateMachineUpdater] INFO  ratis.ContainerStateMachine (ContainerStateMachine.java:takeSnapshot(293)) - group-CF6C9F099C50: Taking a snapshot at:(t:1, i:0) file /github/workspace/mnt/ozone/hadoop-ozone/integration-test/target/test-dir/MiniOzoneClusterImpl-b0e8067d-8c2e-4ee5-9f61-8ad8788f9080/datanode-4/data/ratis/2f0c025d-201b-4ab0-a78f-cf6c9f099c50/sm/snapshot.1_0
2020-10-27 07:56:48,253 [Listener at 127.0.0.1/35583] INFO  impl.StateMachineUpdater (StateMachineUpdater.java:stopAndJoin(142)) - 792e461b-f046-4951-90b3-af633f6cddcd@group-CF6C9F099C50-StateMachineUpdater: set stopIndex = 0
2020-10-27 07:56:48,256 [792e461b-f046-4951-90b3-af633f6cddcd@group-CF6C9F099C50-StateMachineUpdater] INFO  ratis.ContainerStateMachine (ContainerStateMachine.java:takeSnapshot(304)) - group-CF6C9F099C50: Finished taking a snapshot at:(t:1, i:0) file:/github/workspace/mnt/ozone/hadoop-ozone/integration-test/target/test-dir/MiniOzoneClusterImpl-b0e8067d-8c2e-4ee5-9f61-8ad8788f9080/datanode-4/data/ratis/2f0c025d-201b-4ab0-a78f-cf6c9f099c50/sm/snapshot.1_0 time:3
2020-10-27 07:56:48,256 [792e461b-f046-4951-90b3-af633f6cddcd@group-CF6C9F099C50-StateMachineUpdater] INFO  impl.StateMachineUpdater (StateMachineUpdater.java:takeSnapshot(277)) - 792e461b-f046-4951-90b3-af633f6cddcd@group-CF6C9F099C50-StateMachineUpdater: Took a snapshot at index 0
2020-10-27 07:56:48,257 [792e461b-f046-4951-90b3-af633f6cddcd@group-CF6C9F099C50-StateMachineUpdater] INFO  impl.StateMachineUpdater (StateMachineUpdater.java:lambda$new$0(87)) - 792e461b-f046-4951-90b3-af633f6cddcd@group-CF6C9F099C50-StateMachineUpdater: snapshotIndex: updateIncreasingly -1 -> 0
2020-10-27 07:56:48,257 [792e461b-f046-4951-90b3-af633f6cddcd@group-CF6C9F099C50-StateMachineUpdater] INFO  metrics.RatisMetrics (RatisMetrics.java:unregister(43)) - Unregistering Metrics Registry : ratis.state_machine.792e461b-f046-4951-90b3-af633f6cddcd@group-CF6C9F099C50
2020-10-27 07:56:48,256 [ForkJoinPool.commonPool-worker-0] INFO  segmented.SegmentedRaftLogWorker (SegmentedRaftLogWorker.java:close(234)) - 50760c4e-b8f4-4c7a-910b-93b335267e74@group-918CF2214A87-SegmentedRaftLogWorker close()
2020-10-27 07:56:48,253 [grpc-default-executor-3] INFO  server.GrpcLogAppender (GrpcLogAppender.java:onCompleted(336)) - 792e461b-f046-4951-90b3-af633f6cddcd@group-CF6C9F099C50->52e82a1b-eb35-4884-8f1f-44848255b0d1-AppendLogResponseHandler: follower responses appendEntries COMPLETED
2020-10-27 07:56:48,257 [grpc-default-executor-3] INFO  impl.FollowerInfo (FollowerInfo.java:lambda$new$0(51)) - 792e461b-f046-4951-90b3-af633f6cddcd@group-CF6C9F099C50->52e82a1b-eb35-4884-8f1f-44848255b0d1: nextIndex: updateUnconditionally 1 -> 0
2020-10-27 07:56:48,257 [Listener at 127.0.0.1/35583] INFO  impl.RaftServerImpl (ServerState.java:close(405)) - 792e461b-f046-4951-90b3-af633f6cddcd@group-CF6C9F099C50: closes. applyIndex: 0
2020-10-27 07:56:48,258 [792e461b-f046-4951-90b3-af633f6cddcd@group-CF6C9F099C50-SegmentedRaftLogWorker] INFO  segmented.SegmentedRaftLogWorker (SegmentedRaftLogWorker.java:run(327)) - 792e461b-f046-4951-90b3-af633f6cddcd@group-CF6C9F099C50-SegmentedRaftLogWorker was interrupted, exiting. There are 0 tasks remaining in the queue.
2020-10-27 07:56:48,260 [Listener at 127.0.0.1/35583] INFO  segmented.SegmentedRaftLogWorker (SegmentedRaftLogWorker.java:close(234)) - 792e461b-f046-4951-90b3-af633f6cddcd@group-CF6C9F099C50-SegmentedRaftLogWorker close()
2020-10-27 07:56:48,261 [ForkJoinPool.commonPool-worker-0] INFO  metrics.RatisMetrics (RatisMetrics.java:unregister(43)) - Unregistering Metrics Registry : ratis.log_worker.50760c4e-b8f4-4c7a-910b-93b335267e74@group-918CF2214A87
2020-10-27 07:56:48,261 [Listener at 127.0.0.1/35583] INFO  metrics.RatisMetrics (RatisMetrics.java:unregister(43)) - Unregistering Metrics Registry : ratis.log_worker.792e461b-f046-4951-90b3-af633f6cddcd@group-CF6C9F099C50
2020-10-27 07:56:48,261 [Listener at 127.0.0.1/35583] INFO  metrics.RatisMetrics (RatisMetrics.java:unregister(43)) - Unregistering Metrics Registry : ratis.leader_election.792e461b-f046-4951-90b3-af633f6cddcd@group-CF6C9F099C50
2020-10-27 07:56:48,262 [Listener at 127.0.0.1/35583] INFO  metrics.RatisMetrics (RatisMetrics.java:unregister(43)) - Unregistering Metrics Registry : ratis.server.792e461b-f046-4951-90b3-af633f6cddcd@group-CF6C9F099C50
2020-10-27 07:56:48,262 [ForkJoinPool.commonPool-worker-0] INFO  metrics.RatisMetrics (RatisMetrics.java:unregister(43)) - Unregistering Metrics Registry : ratis.leader_election.50760c4e-b8f4-4c7a-910b-93b335267e74@group-918CF2214A87
2020-10-27 07:56:48,262 [Listener at 127.0.0.1/35583] INFO  impl.RaftServerImpl (RaftServerImpl.java:lambda$shutdown$3(321)) - 792e461b-f046-4951-90b3-af633f6cddcd@group-D2525FC5DDFB: shutdown
2020-10-27 07:56:48,262 [ForkJoinPool.commonPool-worker-0] INFO  metrics.RatisMetrics (RatisMetrics.java:unregister(43)) - Unregistering Metrics Registry : ratis.server.50760c4e-b8f4-4c7a-910b-93b335267e74@group-918CF2214A87
2020-10-27 07:56:48,262 [ForkJoinPool.commonPool-worker-0] INFO  impl.RaftServerImpl (RaftServerImpl.java:lambda$shutdown$3(321)) - 50760c4e-b8f4-4c7a-910b-93b335267e74@group-E13E969E17FD: shutdown
2020-10-27 07:56:48,262 [ForkJoinPool.commonPool-worker-0] INFO  util.JmxRegister (JmxRegister.java:unregister(73)) - Successfully un-registered JMX Bean with object name Ratis:service=RaftServer,group=group-E13E969E17FD,id=50760c4e-b8f4-4c7a-910b-93b335267e74
2020-10-27 07:56:48,263 [ForkJoinPool.commonPool-worker-0] INFO  impl.RoleInfo (RoleInfo.java:shutdownFollowerState(121)) - 50760c4e-b8f4-4c7a-910b-93b335267e74: shutdown FollowerState
2020-10-27 07:56:48,262 [Listener at 127.0.0.1/35583] INFO  util.JmxRegister (JmxRegister.java:unregister(73)) - Successfully un-registered JMX Bean with object name Ratis:service=RaftServer,group=group-D2525FC5DDFB,id=792e461b-f046-4951-90b3-af633f6cddcd
2020-10-27 07:56:48,263 [Listener at 127.0.0.1/35583] INFO  impl.RoleInfo (RoleInfo.java:shutdownLeaderState(104)) - 792e461b-f046-4951-90b3-af633f6cddcd: shutdown LeaderState
2020-10-27 07:56:48,263 [ForkJoinPool.commonPool-worker-0] INFO  impl.StateMachineUpdater (StateMachineUpdater.java:stopAndJoin(142)) - 50760c4e-b8f4-4c7a-910b-93b335267e74@group-E13E969E17FD-StateMachineUpdater: set stopIndex = 0
2020-10-27 07:56:48,263 [50760c4e-b8f4-4c7a-910b-93b335267e74@group-E13E969E17FD-StateMachineUpdater] INFO  ratis.ContainerStateMachine (ContainerStateMachine.java:takeSnapshot(293)) - group-E13E969E17FD: Taking a snapshot at:(t:1, i:0) file /github/workspace/mnt/ozone/hadoop-ozone/integration-test/target/test-dir/MiniOzoneClusterImpl-b0e8067d-8c2e-4ee5-9f61-8ad8788f9080/datanode-2/data/ratis/a99e8c6f-1c5f-4bac-9f40-e13e969e17fd/sm/snapshot.1_0
2020-10-27 07:56:48,263 [Thread-1731] INFO  impl.FollowerState (FollowerState.java:run(117)) - 50760c4e-b8f4-4c7a-910b-93b335267e74@group-E13E969E17FD-FollowerState was interrupted: java.lang.InterruptedException: sleep interrupted
2020-10-27 07:56:48,265 [50760c4e-b8f4-4c7a-910b-93b335267e74@group-E13E969E17FD-StateMachineUpdater] INFO  ratis.ContainerStateMachine (ContainerStateMachine.java:takeSnapshot(304)) - group-E13E969E17FD: Finished taking a snapshot at:(t:1, i:0) file:/github/workspace/mnt/ozone/hadoop-ozone/integration-test/target/test-dir/MiniOzoneClusterImpl-b0e8067d-8c2e-4ee5-9f61-8ad8788f9080/datanode-2/data/ratis/a99e8c6f-1c5f-4bac-9f40-e13e969e17fd/sm/snapshot.1_0 time:2
2020-10-27 07:56:48,265 [50760c4e-b8f4-4c7a-910b-93b335267e74@group-E13E969E17FD-StateMachineUpdater] INFO  impl.StateMachineUpdater (StateMachineUpdater.java:takeSnapshot(277)) - 50760c4e-b8f4-4c7a-910b-93b335267e74@group-E13E969E17FD-StateMachineUpdater: Took a snapshot at index 0
2020-10-27 07:56:48,265 [50760c4e-b8f4-4c7a-910b-93b335267e74@group-E13E969E17FD-StateMachineUpdater] INFO  impl.StateMachineUpdater (StateMachineUpdater.java:lambda$new$0(87)) - 50760c4e-b8f4-4c7a-910b-93b335267e74@group-E13E969E17FD-StateMachineUpdater: snapshotIndex: updateIncreasingly -1 -> 0
2020-10-27 07:56:48,265 [50760c4e-b8f4-4c7a-910b-93b335267e74@group-E13E969E17FD-StateMachineUpdater] INFO  metrics.RatisMetrics (RatisMetrics.java:unregister(43)) - Unregistering Metrics Registry : ratis.state_machine.50760c4e-b8f4-4c7a-910b-93b335267e74@group-E13E969E17FD
2020-10-27 07:56:48,265 [Listener at 127.0.0.1/35583] INFO  impl.PendingRequests (PendingRequests.java:sendNotLeaderResponses(249)) - 792e461b-f046-4951-90b3-af633f6cddcd@group-D2525FC5DDFB-PendingRequests: sendNotLeaderResponses
2020-10-27 07:56:48,265 [Listener at 127.0.0.1/35583] INFO  metrics.RatisMetrics (RatisMetrics.java:unregister(43)) - Unregistering Metrics Registry : ratis.log_appender.792e461b-f046-4951-90b3-af633f6cddcd@group-D2525FC5DDFB
2020-10-27 07:56:48,266 [ForkJoinPool.commonPool-worker-0] INFO  impl.RaftServerImpl (ServerState.java:close(405)) - 50760c4e-b8f4-4c7a-910b-93b335267e74@group-E13E969E17FD: closes. applyIndex: 0
2020-10-27 07:56:48,266 [Listener at 127.0.0.1/35583] INFO  metrics.RatisMetrics (RatisMetrics.java:unregister(43)) - Unregistering Metrics Registry : ratis.server.792e461b-f046-4951-90b3-af633f6cddcd@group-D2525FC5DDFB
2020-10-27 07:56:48,266 [50760c4e-b8f4-4c7a-910b-93b335267e74@group-E13E969E17FD-SegmentedRaftLogWorker] INFO  segmented.SegmentedRaftLogWorker (SegmentedRaftLogWorker.java:run(327)) - 50760c4e-b8f4-4c7a-910b-93b335267e74@group-E13E969E17FD-SegmentedRaftLogWorker was interrupted, exiting. There are 0 tasks remaining in the queue.
2020-10-27 07:56:48,267 [ForkJoinPool.commonPool-worker-0] INFO  segmented.SegmentedRaftLogWorker (SegmentedRaftLogWorker.java:close(234)) - 50760c4e-b8f4-4c7a-910b-93b335267e74@group-E13E969E17FD-SegmentedRaftLogWorker close()
2020-10-27 07:56:48,268 [ForkJoinPool.commonPool-worker-0] INFO  metrics.RatisMetrics (RatisMetrics.java:unregister(43)) - Unregistering Metrics Registry : ratis.log_worker.50760c4e-b8f4-4c7a-910b-93b335267e74@group-E13E969E17FD
2020-10-27 07:56:48,268 [ForkJoinPool.commonPool-worker-0] INFO  metrics.RatisMetrics (RatisMetrics.java:unregister(43)) - Unregistering Metrics Registry : ratis.leader_election.50760c4e-b8f4-4c7a-910b-93b335267e74@group-E13E969E17FD
2020-10-27 07:56:48,268 [ForkJoinPool.commonPool-worker-0] INFO  metrics.RatisMetrics (RatisMetrics.java:unregister(43)) - Unregistering Metrics Registry : ratis.server.50760c4e-b8f4-4c7a-910b-93b335267e74@group-E13E969E17FD
2020-10-27 07:56:48,269 [Listener at 127.0.0.1/35583] INFO  impl.StateMachineUpdater (StateMachineUpdater.java:stopAndJoin(142)) - 792e461b-f046-4951-90b3-af633f6cddcd@group-D2525FC5DDFB-StateMachineUpdater: set stopIndex = 0
2020-10-27 07:56:48,269 [ForkJoinPool.commonPool-worker-0] INFO  server.GrpcService (GrpcService.java:closeImpl(183)) - 50760c4e-b8f4-4c7a-910b-93b335267e74: shutdown server with port 37177 now
2020-10-27 07:56:48,269 [792e461b-f046-4951-90b3-af633f6cddcd@group-D2525FC5DDFB-StateMachineUpdater] INFO  ratis.ContainerStateMachine (ContainerStateMachine.java:takeSnapshot(293)) - group-D2525FC5DDFB: Taking a snapshot at:(t:1, i:0) file /github/workspace/mnt/ozone/hadoop-ozone/integration-test/target/test-dir/MiniOzoneClusterImpl-b0e8067d-8c2e-4ee5-9f61-8ad8788f9080/datanode-4/data/ratis/b58a4b01-04f2-496b-90bc-d2525fc5ddfb/sm/snapshot.1_0
2020-10-27 07:56:48,271 [grpc-default-executor-2] WARN  server.GrpcServerProtocolService (LogUtils.java:warn(122)) - 50760c4e-b8f4-4c7a-910b-93b335267e74: installSnapshot onError, lastRequest: 051b2d74-f79c-4890-925b-2bf8237baebb->50760c4e-b8f4-4c7a-910b-93b335267e74#1-t1, previous=(t:0, i:0), leaderCommit=-1, initializing? false, entries: size=1, first=(t:1, i:0), CONFIGURATIONENTRY: org.apache.ratis.thirdparty.io.grpc.StatusRuntimeException: CANCELLED: cancelled before receiving half close
2020-10-27 07:56:48,271 [792e461b-f046-4951-90b3-af633f6cddcd@group-D2525FC5DDFB-StateMachineUpdater] INFO  ratis.ContainerStateMachine (ContainerStateMachine.java:takeSnapshot(304)) - group-D2525FC5DDFB: Finished taking a snapshot at:(t:1, i:0) file:/github/workspace/mnt/ozone/hadoop-ozone/integration-test/target/test-dir/MiniOzoneClusterImpl-b0e8067d-8c2e-4ee5-9f61-8ad8788f9080/datanode-4/data/ratis/b58a4b01-04f2-496b-90bc-d2525fc5ddfb/sm/snapshot.1_0 time:1
2020-10-27 07:56:48,271 [792e461b-f046-4951-90b3-af633f6cddcd@group-D2525FC5DDFB-StateMachineUpdater] INFO  impl.StateMachineUpdater (StateMachineUpdater.java:takeSnapshot(277)) - 792e461b-f046-4951-90b3-af633f6cddcd@group-D2525FC5DDFB-StateMachineUpdater: Took a snapshot at index 0
2020-10-27 07:56:48,271 [792e461b-f046-4951-90b3-af633f6cddcd@group-D2525FC5DDFB-StateMachineUpdater] INFO  impl.StateMachineUpdater (StateMachineUpdater.java:lambda$new$0(87)) - 792e461b-f046-4951-90b3-af633f6cddcd@group-D2525FC5DDFB-StateMachineUpdater: snapshotIndex: updateIncreasingly -1 -> 0
2020-10-27 07:56:48,271 [792e461b-f046-4951-90b3-af633f6cddcd@group-D2525FC5DDFB-StateMachineUpdater] INFO  metrics.RatisMetrics (RatisMetrics.java:unregister(43)) - Unregistering Metrics Registry : ratis.state_machine.792e461b-f046-4951-90b3-af633f6cddcd@group-D2525FC5DDFB
2020-10-27 07:56:48,271 [grpc-default-executor-0] WARN  server.GrpcLogAppender (LogUtils.java:warn(122)) - 051b2d74-f79c-4890-925b-2bf8237baebb@group-E13E969E17FD->50760c4e-b8f4-4c7a-910b-93b335267e74-AppendLogResponseHandler: Failed appendEntries: org.apache.ratis.thirdparty.io.grpc.StatusRuntimeException: CANCELLED: HTTP/2 error code: CANCEL
Received Rst Stream
2020-10-27 07:56:48,272 [grpc-default-executor-0] WARN  server.GrpcLogAppender (GrpcLogAppender.java:resetClient(107)) - 051b2d74-f79c-4890-925b-2bf8237baebb@group-E13E969E17FD->50760c4e-b8f4-4c7a-910b-93b335267e74-GrpcLogAppender: Leader has not got in touch with Follower 051b2d74-f79c-4890-925b-2bf8237baebb@group-E13E969E17FD->50760c4e-b8f4-4c7a-910b-93b335267e74(c0,m0,n1, attendVote=true, lastRpcSendTime=1463, lastRpcResponseTime=1460) yet, just keep nextIndex unchanged and retry.
2020-10-27 07:56:48,272 [Listener at 127.0.0.1/35583] INFO  impl.RaftServerImpl (ServerState.java:close(405)) - 792e461b-f046-4951-90b3-af633f6cddcd@group-D2525FC5DDFB: closes. applyIndex: 0
2020-10-27 07:56:48,272 [792e461b-f046-4951-90b3-af633f6cddcd@group-D2525FC5DDFB-SegmentedRaftLogWorker] INFO  segmented.SegmentedRaftLogWorker (SegmentedRaftLogWorker.java:run(327)) - 792e461b-f046-4951-90b3-af633f6cddcd@group-D2525FC5DDFB-SegmentedRaftLogWorker was interrupted, exiting. There are 0 tasks remaining in the queue.
2020-10-27 07:56:48,276 [Listener at 127.0.0.1/35583] INFO  segmented.SegmentedRaftLogWorker (SegmentedRaftLogWorker.java:close(234)) - 792e461b-f046-4951-90b3-af633f6cddcd@group-D2525FC5DDFB-SegmentedRaftLogWorker close()
2020-10-27 07:56:48,282 [Listener at 127.0.0.1/35583] INFO  metrics.RatisMetrics (RatisMetrics.java:unregister(43)) - Unregistering Metrics Registry : ratis.log_worker.792e461b-f046-4951-90b3-af633f6cddcd@group-D2525FC5DDFB
2020-10-27 07:56:48,282 [Listener at 127.0.0.1/35583] INFO  metrics.RatisMetrics (RatisMetrics.java:unregister(43)) - Unregistering Metrics Registry : ratis.leader_election.792e461b-f046-4951-90b3-af633f6cddcd@group-D2525FC5DDFB
2020-10-27 07:56:48,282 [Listener at 127.0.0.1/35583] INFO  metrics.RatisMetrics (RatisMetrics.java:unregister(43)) - Unregistering Metrics Registry : ratis.server.792e461b-f046-4951-90b3-af633f6cddcd@group-D2525FC5DDFB
2020-10-27 07:56:48,283 [Listener at 127.0.0.1/35583] INFO  server.GrpcService (GrpcService.java:closeImpl(183)) - 792e461b-f046-4951-90b3-af633f6cddcd: shutdown server with port 37511 now
2020-10-27 07:56:48,283 [ForkJoinPool.commonPool-worker-0] INFO  server.GrpcService (GrpcService.java:closeImpl(191)) - 50760c4e-b8f4-4c7a-910b-93b335267e74: shutdown server with port 37177 successfully
2020-10-27 07:56:48,286 [ForkJoinPool.commonPool-worker-0] INFO  utils.BackgroundService (BackgroundService.java:shutdown(132)) - Shutting down service BlockDeletingService
2020-10-27 07:56:48,293 [Listener at 127.0.0.1/35583] INFO  server.GrpcService (GrpcService.java:closeImpl(191)) - 792e461b-f046-4951-90b3-af633f6cddcd: shutdown server with port 37511 successfully
2020-10-27 07:56:48,294 [Listener at 127.0.0.1/35583] INFO  utils.BackgroundService (BackgroundService.java:shutdown(132)) - Shutting down service BlockDeletingService
2020-10-27 07:56:48,295 [ForkJoinPool.commonPool-worker-0] INFO  statemachine.DatanodeStateMachine (DatanodeStateMachine.java:stopDaemon(453)) - Ozone container server stopped.
2020-10-27 07:56:48,303 [Listener at 127.0.0.1/35583] INFO  statemachine.DatanodeStateMachine (DatanodeStateMachine.java:stopDaemon(453)) - Ozone container server stopped.
2020-10-27 07:56:48,307 [ForkJoinPool.commonPool-worker-0] INFO  handler.ContextHandler (ContextHandler.java:doStop(1016)) - Stopped o.e.j.w.WebAppContext@6e75a0a6{hddsDatanode,/,null,UNAVAILABLE}{jar:file:/home/user/.m2/repository/org/apache/hadoop/hadoop-hdds-container-service/1.1.0-SNAPSHOT/hadoop-hdds-container-service-1.1.0-SNAPSHOT.jar!/webapps/hddsDatanode}
2020-10-27 07:56:48,308 [ForkJoinPool.commonPool-worker-0] INFO  server.AbstractConnector (AbstractConnector.java:doStop(380)) - Stopped ServerConnector@15b8487f{HTTP/1.1,[http/1.1]}{0.0.0.0:0}
2020-10-27 07:56:48,308 [ForkJoinPool.commonPool-worker-0] INFO  server.session (HouseKeeper.java:stopScavenging(158)) - node0 Stopped scavenging
2020-10-27 07:56:48,309 [ForkJoinPool.commonPool-worker-0] INFO  handler.ContextHandler (ContextHandler.java:doStop(1016)) - Stopped o.e.j.s.ServletContextHandler@3aa768c0{static,/static,jar:file:/home/user/.m2/repository/org/apache/hadoop/hadoop-hdds-container-service/1.1.0-SNAPSHOT/hadoop-hdds-container-service-1.1.0-SNAPSHOT.jar!/webapps/static,UNAVAILABLE}
2020-10-27 07:56:48,310 [ForkJoinPool.commonPool-worker-0] INFO  handler.ContextHandler (ContextHandler.java:doStop(1016)) - Stopped o.e.j.s.ServletContextHandler@2775dd2e{logs,/logs,file:///github/workspace/mnt/ozone/hadoop-ozone/integration-test/target/log,UNAVAILABLE}
2020-10-27 07:56:48,315 [Listener at 127.0.0.1/35583] INFO  handler.ContextHandler (ContextHandler.java:doStop(1016)) - Stopped o.e.j.w.WebAppContext@6862f883{hddsDatanode,/,null,UNAVAILABLE}{jar:file:/home/user/.m2/repository/org/apache/hadoop/hadoop-hdds-container-service/1.1.0-SNAPSHOT/hadoop-hdds-container-service-1.1.0-SNAPSHOT.jar!/webapps/hddsDatanode}
2020-10-27 07:56:48,316 [Listener at 127.0.0.1/35583] INFO  server.AbstractConnector (AbstractConnector.java:doStop(380)) - Stopped ServerConnector@20a569ad{HTTP/1.1,[http/1.1]}{0.0.0.0:0}
2020-10-27 07:56:48,316 [Listener at 127.0.0.1/35583] INFO  server.session (HouseKeeper.java:stopScavenging(158)) - node0 Stopped scavenging
2020-10-27 07:56:48,316 [Listener at 127.0.0.1/35583] INFO  handler.ContextHandler (ContextHandler.java:doStop(1016)) - Stopped o.e.j.s.ServletContextHandler@66a4e1ef{static,/static,jar:file:/home/user/.m2/repository/org/apache/hadoop/hadoop-hdds-container-service/1.1.0-SNAPSHOT/hadoop-hdds-container-service-1.1.0-SNAPSHOT.jar!/webapps/static,UNAVAILABLE}
2020-10-27 07:56:48,316 [Listener at 127.0.0.1/35583] INFO  handler.ContextHandler (ContextHandler.java:doStop(1016)) - Stopped o.e.j.s.ServletContextHandler@59ae4a6f{logs,/logs,file:///github/workspace/mnt/ozone/hadoop-ozone/integration-test/target/log,UNAVAILABLE}
2020-10-27 07:56:48,654 [Datanode State Machine Thread - 0] INFO  statemachine.DatanodeStateMachine (DatanodeStateMachine.java:lambda$startDaemon$0(405)) - Ozone container server started.
2020-10-27 07:56:49,298 [Datanode State Machine Thread - 0] INFO  statemachine.DatanodeStateMachine (DatanodeStateMachine.java:lambda$startDaemon$0(405)) - Ozone container server started.
2020-10-27 07:56:49,316 [grpc-default-executor-3] WARN  server.GrpcLogAppender (LogUtils.java:warn(122)) - 051b2d74-f79c-4890-925b-2bf8237baebb@group-E13E969E17FD->50760c4e-b8f4-4c7a-910b-93b335267e74-AppendLogResponseHandler: Failed appendEntries: org.apache.ratis.thirdparty.io.grpc.StatusRuntimeException: UNAVAILABLE: io exception
2020-10-27 07:56:49,316 [grpc-default-executor-3] WARN  server.GrpcLogAppender (GrpcLogAppender.java:resetClient(107)) - 051b2d74-f79c-4890-925b-2bf8237baebb@group-E13E969E17FD->50760c4e-b8f4-4c7a-910b-93b335267e74-GrpcLogAppender: Leader has not got in touch with Follower 051b2d74-f79c-4890-925b-2bf8237baebb@group-E13E969E17FD->50760c4e-b8f4-4c7a-910b-93b335267e74(c0,m0,n1, attendVote=true, lastRpcSendTime=2, lastRpcResponseTime=2504) yet, just keep nextIndex unchanged and retry.
2020-10-27 07:56:51,815 [grpc-default-executor-3] WARN  server.GrpcLogAppender (LogUtils.java:warn(122)) - 051b2d74-f79c-4890-925b-2bf8237baebb@group-E13E969E17FD->50760c4e-b8f4-4c7a-910b-93b335267e74-AppendLogResponseHandler: Failed appendEntries: org.apache.ratis.thirdparty.io.grpc.StatusRuntimeException: UNAVAILABLE: io exception
2020-10-27 07:56:51,815 [grpc-default-executor-3] WARN  server.GrpcLogAppender (GrpcLogAppender.java:resetClient(107)) - 051b2d74-f79c-4890-925b-2bf8237baebb@group-E13E969E17FD->50760c4e-b8f4-4c7a-910b-93b335267e74-GrpcLogAppender: Leader has not got in touch with Follower 051b2d74-f79c-4890-925b-2bf8237baebb@group-E13E969E17FD->50760c4e-b8f4-4c7a-910b-93b335267e74(c0,m0,n1, attendVote=true, lastRpcSendTime=0, lastRpcResponseTime=5003) yet, just keep nextIndex unchanged and retry.
2020-10-27 07:56:53,312 [ForkJoinPool.commonPool-worker-0] INFO  ozoneimpl.OzoneContainer (OzoneContainer.java:stop(259)) - Attempting to stop container services.
2020-10-27 07:56:53,313 [ForkJoinPool.commonPool-worker-0] INFO  impl.RaftServerProxy (RaftServerProxy.java:lambda$close$4(322)) - b77cbe1e-ed1a-4737-93b5-f86fbb6cb132: close
2020-10-27 07:56:53,313 [ForkJoinPool.commonPool-worker-0] INFO  impl.RaftServerImpl (RaftServerImpl.java:lambda$shutdown$3(321)) - b77cbe1e-ed1a-4737-93b5-f86fbb6cb132@group-CF6C9F099C50: shutdown
2020-10-27 07:56:53,313 [ForkJoinPool.commonPool-worker-0] INFO  util.JmxRegister (JmxRegister.java:unregister(73)) - Successfully un-registered JMX Bean with object name Ratis:service=RaftServer,group=group-CF6C9F099C50,id=b77cbe1e-ed1a-4737-93b5-f86fbb6cb132
2020-10-27 07:56:53,313 [ForkJoinPool.commonPool-worker-0] INFO  impl.RoleInfo (RoleInfo.java:shutdownFollowerState(121)) - b77cbe1e-ed1a-4737-93b5-f86fbb6cb132: shutdown FollowerState
2020-10-27 07:56:53,313 [ForkJoinPool.commonPool-worker-0] INFO  impl.StateMachineUpdater (StateMachineUpdater.java:stopAndJoin(142)) - b77cbe1e-ed1a-4737-93b5-f86fbb6cb132@group-CF6C9F099C50-StateMachineUpdater: set stopIndex = 0
2020-10-27 07:56:53,313 [Thread-1746] INFO  impl.FollowerState (FollowerState.java:run(117)) - b77cbe1e-ed1a-4737-93b5-f86fbb6cb132@group-CF6C9F099C50-FollowerState was interrupted: java.lang.InterruptedException: sleep interrupted
2020-10-27 07:56:53,316 [b77cbe1e-ed1a-4737-93b5-f86fbb6cb132@group-CF6C9F099C50-StateMachineUpdater] INFO  ratis.ContainerStateMachine (ContainerStateMachine.java:takeSnapshot(293)) - group-CF6C9F099C50: Taking a snapshot at:(t:1, i:0) file /github/workspace/mnt/ozone/hadoop-ozone/integration-test/target/test-dir/MiniOzoneClusterImpl-b0e8067d-8c2e-4ee5-9f61-8ad8788f9080/datanode-3/data/ratis/2f0c025d-201b-4ab0-a78f-cf6c9f099c50/sm/snapshot.1_0
2020-10-27 07:56:53,317 [b77cbe1e-ed1a-4737-93b5-f86fbb6cb132@group-CF6C9F099C50-StateMachineUpdater] INFO  ratis.ContainerStateMachine (ContainerStateMachine.java:takeSnapshot(304)) - group-CF6C9F099C50: Finished taking a snapshot at:(t:1, i:0) file:/github/workspace/mnt/ozone/hadoop-ozone/integration-test/target/test-dir/MiniOzoneClusterImpl-b0e8067d-8c2e-4ee5-9f61-8ad8788f9080/datanode-3/data/ratis/2f0c025d-201b-4ab0-a78f-cf6c9f099c50/sm/snapshot.1_0 time:1
2020-10-27 07:56:53,317 [b77cbe1e-ed1a-4737-93b5-f86fbb6cb132@group-CF6C9F099C50-StateMachineUpdater] INFO  impl.StateMachineUpdater (StateMachineUpdater.java:takeSnapshot(277)) - b77cbe1e-ed1a-4737-93b5-f86fbb6cb132@group-CF6C9F099C50-StateMachineUpdater: Took a snapshot at index 0
2020-10-27 07:56:53,317 [b77cbe1e-ed1a-4737-93b5-f86fbb6cb132@group-CF6C9F099C50-StateMachineUpdater] INFO  impl.StateMachineUpdater (StateMachineUpdater.java:lambda$new$0(87)) - b77cbe1e-ed1a-4737-93b5-f86fbb6cb132@group-CF6C9F099C50-StateMachineUpdater: snapshotIndex: updateIncreasingly -1 -> 0
2020-10-27 07:56:53,317 [Listener at 127.0.0.1/35583] INFO  ozoneimpl.OzoneContainer (OzoneContainer.java:stop(259)) - Attempting to stop container services.
2020-10-27 07:56:53,318 [b77cbe1e-ed1a-4737-93b5-f86fbb6cb132@group-CF6C9F099C50-StateMachineUpdater] INFO  metrics.RatisMetrics (RatisMetrics.java:unregister(43)) - Unregistering Metrics Registry : ratis.state_machine.b77cbe1e-ed1a-4737-93b5-f86fbb6cb132@group-CF6C9F099C50
2020-10-27 07:56:53,318 [ForkJoinPool.commonPool-worker-0] INFO  impl.RaftServerImpl (ServerState.java:close(405)) - b77cbe1e-ed1a-4737-93b5-f86fbb6cb132@group-CF6C9F099C50: closes. applyIndex: 0
2020-10-27 07:56:53,318 [b77cbe1e-ed1a-4737-93b5-f86fbb6cb132@group-CF6C9F099C50-SegmentedRaftLogWorker] INFO  segmented.SegmentedRaftLogWorker (SegmentedRaftLogWorker.java:run(327)) - b77cbe1e-ed1a-4737-93b5-f86fbb6cb132@group-CF6C9F099C50-SegmentedRaftLogWorker was interrupted, exiting. There are 0 tasks remaining in the queue.
2020-10-27 07:56:53,318 [Listener at 127.0.0.1/35583] INFO  impl.RaftServerProxy (RaftServerProxy.java:lambda$close$4(322)) - 52e82a1b-eb35-4884-8f1f-44848255b0d1: close
2020-10-27 07:56:53,318 [Listener at 127.0.0.1/35583] INFO  impl.RaftServerImpl (RaftServerImpl.java:lambda$shutdown$3(321)) - 52e82a1b-eb35-4884-8f1f-44848255b0d1@group-CF6C9F099C50: shutdown
2020-10-27 07:56:53,318 [Listener at 127.0.0.1/35583] INFO  util.JmxRegister (JmxRegister.java:unregister(73)) - Successfully un-registered JMX Bean with object name Ratis:service=RaftServer,group=group-CF6C9F099C50,id=52e82a1b-eb35-4884-8f1f-44848255b0d1
2020-10-27 07:56:53,319 [Listener at 127.0.0.1/35583] INFO  impl.RoleInfo (RoleInfo.java:shutdownFollowerState(121)) - 52e82a1b-eb35-4884-8f1f-44848255b0d1: shutdown FollowerState
2020-10-27 07:56:53,319 [ForkJoinPool.commonPool-worker-0] INFO  segmented.SegmentedRaftLogWorker (SegmentedRaftLogWorker.java:close(234)) - b77cbe1e-ed1a-4737-93b5-f86fbb6cb132@group-CF6C9F099C50-SegmentedRaftLogWorker close()
2020-10-27 07:56:53,319 [Thread-1747] INFO  impl.FollowerState (FollowerState.java:run(117)) - 52e82a1b-eb35-4884-8f1f-44848255b0d1@group-CF6C9F099C50-FollowerState was interrupted: java.lang.InterruptedException: sleep interrupted
2020-10-27 07:56:53,319 [Listener at 127.0.0.1/35583] INFO  impl.StateMachineUpdater (StateMachineUpdater.java:stopAndJoin(142)) - 52e82a1b-eb35-4884-8f1f-44848255b0d1@group-CF6C9F099C50-StateMachineUpdater: set stopIndex = 0
2020-10-27 07:56:53,320 [52e82a1b-eb35-4884-8f1f-44848255b0d1@group-CF6C9F099C50-StateMachineUpdater] INFO  ratis.ContainerStateMachine (ContainerStateMachine.java:takeSnapshot(293)) - group-CF6C9F099C50: Taking a snapshot at:(t:1, i:0) file /github/workspace/mnt/ozone/hadoop-ozone/integration-test/target/test-dir/MiniOzoneClusterImpl-b0e8067d-8c2e-4ee5-9f61-8ad8788f9080/datanode-5/data/ratis/2f0c025d-201b-4ab0-a78f-cf6c9f099c50/sm/snapshot.1_0
2020-10-27 07:56:53,321 [ForkJoinPool.commonPool-worker-0] INFO  metrics.RatisMetrics (RatisMetrics.java:unregister(43)) - Unregistering Metrics Registry : ratis.log_worker.b77cbe1e-ed1a-4737-93b5-f86fbb6cb132@group-CF6C9F099C50
2020-10-27 07:56:53,321 [52e82a1b-eb35-4884-8f1f-44848255b0d1@group-CF6C9F099C50-StateMachineUpdater] INFO  ratis.ContainerStateMachine (ContainerStateMachine.java:takeSnapshot(304)) - group-CF6C9F099C50: Finished taking a snapshot at:(t:1, i:0) file:/github/workspace/mnt/ozone/hadoop-ozone/integration-test/target/test-dir/MiniOzoneClusterImpl-b0e8067d-8c2e-4ee5-9f61-8ad8788f9080/datanode-5/data/ratis/2f0c025d-201b-4ab0-a78f-cf6c9f099c50/sm/snapshot.1_0 time:1
2020-10-27 07:56:53,321 [ForkJoinPool.commonPool-worker-0] INFO  metrics.RatisMetrics (RatisMetrics.java:unregister(43)) - Unregistering Metrics Registry : ratis.leader_election.b77cbe1e-ed1a-4737-93b5-f86fbb6cb132@group-CF6C9F099C50
2020-10-27 07:56:53,321 [52e82a1b-eb35-4884-8f1f-44848255b0d1@group-CF6C9F099C50-StateMachineUpdater] INFO  impl.StateMachineUpdater (StateMachineUpdater.java:takeSnapshot(277)) - 52e82a1b-eb35-4884-8f1f-44848255b0d1@group-CF6C9F099C50-StateMachineUpdater: Took a snapshot at index 0
2020-10-27 07:56:53,321 [52e82a1b-eb35-4884-8f1f-44848255b0d1@group-CF6C9F099C50-StateMachineUpdater] INFO  impl.StateMachineUpdater (StateMachineUpdater.java:lambda$new$0(87)) - 52e82a1b-eb35-4884-8f1f-44848255b0d1@group-CF6C9F099C50-StateMachineUpdater: snapshotIndex: updateIncreasingly -1 -> 0
2020-10-27 07:56:53,321 [ForkJoinPool.commonPool-worker-0] INFO  metrics.RatisMetrics (RatisMetrics.java:unregister(43)) - Unregistering Metrics Registry : ratis.server.b77cbe1e-ed1a-4737-93b5-f86fbb6cb132@group-CF6C9F099C50
2020-10-27 07:56:53,321 [ForkJoinPool.commonPool-worker-0] INFO  impl.RaftServerImpl (RaftServerImpl.java:lambda$shutdown$3(321)) - b77cbe1e-ed1a-4737-93b5-f86fbb6cb132@group-7E4FBFC52E3B: shutdown
2020-10-27 07:56:53,321 [52e82a1b-eb35-4884-8f1f-44848255b0d1@group-CF6C9F099C50-StateMachineUpdater] INFO  metrics.RatisMetrics (RatisMetrics.java:unregister(43)) - Unregistering Metrics Registry : ratis.state_machine.52e82a1b-eb35-4884-8f1f-44848255b0d1@group-CF6C9F099C50
2020-10-27 07:56:53,327 [Listener at 127.0.0.1/35583] INFO  impl.RaftServerImpl (ServerState.java:close(405)) - 52e82a1b-eb35-4884-8f1f-44848255b0d1@group-CF6C9F099C50: closes. applyIndex: 0
2020-10-27 07:56:53,327 [52e82a1b-eb35-4884-8f1f-44848255b0d1@group-CF6C9F099C50-SegmentedRaftLogWorker] INFO  segmented.SegmentedRaftLogWorker (SegmentedRaftLogWorker.java:run(327)) - 52e82a1b-eb35-4884-8f1f-44848255b0d1@group-CF6C9F099C50-SegmentedRaftLogWorker was interrupted, exiting. There are 0 tasks remaining in the queue.
2020-10-27 07:56:53,327 [ForkJoinPool.commonPool-worker-0] INFO  util.JmxRegister (JmxRegister.java:unregister(73)) - Successfully un-registered JMX Bean with object name Ratis:service=RaftServer,group=group-7E4FBFC52E3B,id=b77cbe1e-ed1a-4737-93b5-f86fbb6cb132
2020-10-27 07:56:53,327 [ForkJoinPool.commonPool-worker-0] INFO  impl.RoleInfo (RoleInfo.java:shutdownLeaderState(104)) - b77cbe1e-ed1a-4737-93b5-f86fbb6cb132: shutdown LeaderState
2020-10-27 07:56:53,328 [ForkJoinPool.commonPool-worker-0] INFO  impl.PendingRequests (PendingRequests.java:sendNotLeaderResponses(249)) - b77cbe1e-ed1a-4737-93b5-f86fbb6cb132@group-7E4FBFC52E3B-PendingRequests: sendNotLeaderResponses
2020-10-27 07:56:53,328 [ForkJoinPool.commonPool-worker-0] INFO  metrics.RatisMetrics (RatisMetrics.java:unregister(43)) - Unregistering Metrics Registry : ratis.log_appender.b77cbe1e-ed1a-4737-93b5-f86fbb6cb132@group-7E4FBFC52E3B
2020-10-27 07:56:53,328 [ForkJoinPool.commonPool-worker-0] INFO  metrics.RatisMetrics (RatisMetrics.java:unregister(43)) - Unregistering Metrics Registry : ratis.server.b77cbe1e-ed1a-4737-93b5-f86fbb6cb132@group-7E4FBFC52E3B
2020-10-27 07:56:53,329 [b77cbe1e-ed1a-4737-93b5-f86fbb6cb132@group-7E4FBFC52E3B-StateMachineUpdater] INFO  ratis.ContainerStateMachine (ContainerStateMachine.java:takeSnapshot(293)) - group-7E4FBFC52E3B: Taking a snapshot at:(t:1, i:0) file /github/workspace/mnt/ozone/hadoop-ozone/integration-test/target/test-dir/MiniOzoneClusterImpl-b0e8067d-8c2e-4ee5-9f61-8ad8788f9080/datanode-3/data/ratis/d490d42b-bb64-4062-ba62-7e4fbfc52e3b/sm/snapshot.1_0
2020-10-27 07:56:53,329 [ForkJoinPool.commonPool-worker-0] INFO  impl.StateMachineUpdater (StateMachineUpdater.java:stopAndJoin(142)) - b77cbe1e-ed1a-4737-93b5-f86fbb6cb132@group-7E4FBFC52E3B-StateMachineUpdater: set stopIndex = 0
2020-10-27 07:56:53,330 [b77cbe1e-ed1a-4737-93b5-f86fbb6cb132@group-7E4FBFC52E3B-StateMachineUpdater] INFO  ratis.ContainerStateMachine (ContainerStateMachine.java:takeSnapshot(304)) - group-7E4FBFC52E3B: Finished taking a snapshot at:(t:1, i:0) file:/github/workspace/mnt/ozone/hadoop-ozone/integration-test/target/test-dir/MiniOzoneClusterImpl-b0e8067d-8c2e-4ee5-9f61-8ad8788f9080/datanode-3/data/ratis/d490d42b-bb64-4062-ba62-7e4fbfc52e3b/sm/snapshot.1_0 time:1
2020-10-27 07:56:53,330 [b77cbe1e-ed1a-4737-93b5-f86fbb6cb132@group-7E4FBFC52E3B-StateMachineUpdater] INFO  impl.StateMachineUpdater (StateMachineUpdater.java:takeSnapshot(277)) - b77cbe1e-ed1a-4737-93b5-f86fbb6cb132@group-7E4FBFC52E3B-StateMachineUpdater: Took a snapshot at index 0
2020-10-27 07:56:53,330 [b77cbe1e-ed1a-4737-93b5-f86fbb6cb132@group-7E4FBFC52E3B-StateMachineUpdater] INFO  impl.StateMachineUpdater (StateMachineUpdater.java:lambda$new$0(87)) - b77cbe1e-ed1a-4737-93b5-f86fbb6cb132@group-7E4FBFC52E3B-StateMachineUpdater: snapshotIndex: updateIncreasingly -1 -> 0
2020-10-27 07:56:53,330 [b77cbe1e-ed1a-4737-93b5-f86fbb6cb132@group-7E4FBFC52E3B-StateMachineUpdater] INFO  metrics.RatisMetrics (RatisMetrics.java:unregister(43)) - Unregistering Metrics Registry : ratis.state_machine.b77cbe1e-ed1a-4737-93b5-f86fbb6cb132@group-7E4FBFC52E3B
2020-10-27 07:56:53,330 [ForkJoinPool.commonPool-worker-0] INFO  impl.RaftServerImpl (ServerState.java:close(405)) - b77cbe1e-ed1a-4737-93b5-f86fbb6cb132@group-7E4FBFC52E3B: closes. applyIndex: 0
2020-10-27 07:56:53,331 [b77cbe1e-ed1a-4737-93b5-f86fbb6cb132@group-7E4FBFC52E3B-SegmentedRaftLogWorker] INFO  segmented.SegmentedRaftLogWorker (SegmentedRaftLogWorker.java:run(327)) - b77cbe1e-ed1a-4737-93b5-f86fbb6cb132@group-7E4FBFC52E3B-SegmentedRaftLogWorker was interrupted, exiting. There are 0 tasks remaining in the queue.
2020-10-27 07:56:53,331 [Listener at 127.0.0.1/35583] INFO  segmented.SegmentedRaftLogWorker (SegmentedRaftLogWorker.java:close(234)) - 52e82a1b-eb35-4884-8f1f-44848255b0d1@group-CF6C9F099C50-SegmentedRaftLogWorker close()
2020-10-27 07:56:53,331 [ForkJoinPool.commonPool-worker-0] INFO  segmented.SegmentedRaftLogWorker (SegmentedRaftLogWorker.java:close(234)) - b77cbe1e-ed1a-4737-93b5-f86fbb6cb132@group-7E4FBFC52E3B-SegmentedRaftLogWorker close()
2020-10-27 07:56:53,332 [Listener at 127.0.0.1/35583] INFO  metrics.RatisMetrics (RatisMetrics.java:unregister(43)) - Unregistering Metrics Registry : ratis.log_worker.52e82a1b-eb35-4884-8f1f-44848255b0d1@group-CF6C9F099C50
2020-10-27 07:56:53,332 [Listener at 127.0.0.1/35583] INFO  metrics.RatisMetrics (RatisMetrics.java:unregister(43)) - Unregistering Metrics Registry : ratis.leader_election.52e82a1b-eb35-4884-8f1f-44848255b0d1@group-CF6C9F099C50
2020-10-27 07:56:53,332 [Listener at 127.0.0.1/35583] INFO  metrics.RatisMetrics (RatisMetrics.java:unregister(43)) - Unregistering Metrics Registry : ratis.server.52e82a1b-eb35-4884-8f1f-44848255b0d1@group-CF6C9F099C50
2020-10-27 07:56:53,333 [Listener at 127.0.0.1/35583] INFO  impl.RaftServerImpl (RaftServerImpl.java:lambda$shutdown$3(321)) - 52e82a1b-eb35-4884-8f1f-44848255b0d1@group-FF8D7B1B312D: shutdown
2020-10-27 07:56:53,333 [Listener at 127.0.0.1/35583] INFO  util.JmxRegister (JmxRegister.java:unregister(73)) - Successfully un-registered JMX Bean with object name Ratis:service=RaftServer,group=group-FF8D7B1B312D,id=52e82a1b-eb35-4884-8f1f-44848255b0d1
2020-10-27 07:56:53,333 [Listener at 127.0.0.1/35583] INFO  impl.RoleInfo (RoleInfo.java:shutdownLeaderState(104)) - 52e82a1b-eb35-4884-8f1f-44848255b0d1: shutdown LeaderState
2020-10-27 07:56:53,333 [Listener at 127.0.0.1/35583] INFO  impl.PendingRequests (PendingRequests.java:sendNotLeaderResponses(249)) - 52e82a1b-eb35-4884-8f1f-44848255b0d1@group-FF8D7B1B312D-PendingRequests: sendNotLeaderResponses
2020-10-27 07:56:53,333 [Listener at 127.0.0.1/35583] INFO  metrics.RatisMetrics (RatisMetrics.java:unregister(43)) - Unregistering Metrics Registry : ratis.log_appender.52e82a1b-eb35-4884-8f1f-44848255b0d1@group-FF8D7B1B312D
2020-10-27 07:56:53,333 [Listener at 127.0.0.1/35583] INFO  metrics.RatisMetrics (RatisMetrics.java:unregister(43)) - Unregistering Metrics Registry : ratis.server.52e82a1b-eb35-4884-8f1f-44848255b0d1@group-FF8D7B1B312D
2020-10-27 07:56:53,334 [Listener at 127.0.0.1/35583] INFO  impl.StateMachineUpdater (StateMachineUpdater.java:stopAndJoin(142)) - 52e82a1b-eb35-4884-8f1f-44848255b0d1@group-FF8D7B1B312D-StateMachineUpdater: set stopIndex = 0
2020-10-27 07:56:53,335 [ForkJoinPool.commonPool-worker-0] INFO  metrics.RatisMetrics (RatisMetrics.java:unregister(43)) - Unregistering Metrics Registry : ratis.log_worker.b77cbe1e-ed1a-4737-93b5-f86fbb6cb132@group-7E4FBFC52E3B
2020-10-27 07:56:53,335 [52e82a1b-eb35-4884-8f1f-44848255b0d1@group-FF8D7B1B312D-StateMachineUpdater] INFO  ratis.ContainerStateMachine (ContainerStateMachine.java:takeSnapshot(293)) - group-FF8D7B1B312D: Taking a snapshot at:(t:1, i:0) file /github/workspace/mnt/ozone/hadoop-ozone/integration-test/target/test-dir/MiniOzoneClusterImpl-b0e8067d-8c2e-4ee5-9f61-8ad8788f9080/datanode-5/data/ratis/9077d6c2-fab9-40e9-b263-ff8d7b1b312d/sm/snapshot.1_0
2020-10-27 07:56:53,335 [ForkJoinPool.commonPool-worker-0] INFO  metrics.RatisMetrics (RatisMetrics.java:unregister(43)) - Unregistering Metrics Registry : ratis.leader_election.b77cbe1e-ed1a-4737-93b5-f86fbb6cb132@group-7E4FBFC52E3B
2020-10-27 07:56:53,336 [52e82a1b-eb35-4884-8f1f-44848255b0d1@group-FF8D7B1B312D-StateMachineUpdater] INFO  ratis.ContainerStateMachine (ContainerStateMachine.java:takeSnapshot(304)) - group-FF8D7B1B312D: Finished taking a snapshot at:(t:1, i:0) file:/github/workspace/mnt/ozone/hadoop-ozone/integration-test/target/test-dir/MiniOzoneClusterImpl-b0e8067d-8c2e-4ee5-9f61-8ad8788f9080/datanode-5/data/ratis/9077d6c2-fab9-40e9-b263-ff8d7b1b312d/sm/snapshot.1_0 time:1
2020-10-27 07:56:53,337 [ForkJoinPool.commonPool-worker-0] INFO  metrics.RatisMetrics (RatisMetrics.java:unregister(43)) - Unregistering Metrics Registry : ratis.server.b77cbe1e-ed1a-4737-93b5-f86fbb6cb132@group-7E4FBFC52E3B
2020-10-27 07:56:53,337 [52e82a1b-eb35-4884-8f1f-44848255b0d1@group-FF8D7B1B312D-StateMachineUpdater] INFO  impl.StateMachineUpdater (StateMachineUpdater.java:takeSnapshot(277)) - 52e82a1b-eb35-4884-8f1f-44848255b0d1@group-FF8D7B1B312D-StateMachineUpdater: Took a snapshot at index 0
2020-10-27 07:56:53,338 [52e82a1b-eb35-4884-8f1f-44848255b0d1@group-FF8D7B1B312D-StateMachineUpdater] INFO  impl.StateMachineUpdater (StateMachineUpdater.java:lambda$new$0(87)) - 52e82a1b-eb35-4884-8f1f-44848255b0d1@group-FF8D7B1B312D-StateMachineUpdater: snapshotIndex: updateIncreasingly -1 -> 0
2020-10-27 07:56:53,338 [ForkJoinPool.commonPool-worker-0] INFO  server.GrpcService (GrpcService.java:closeImpl(183)) - b77cbe1e-ed1a-4737-93b5-f86fbb6cb132: shutdown server with port 38841 now
2020-10-27 07:56:53,338 [52e82a1b-eb35-4884-8f1f-44848255b0d1@group-FF8D7B1B312D-StateMachineUpdater] INFO  metrics.RatisMetrics (RatisMetrics.java:unregister(43)) - Unregistering Metrics Registry : ratis.state_machine.52e82a1b-eb35-4884-8f1f-44848255b0d1@group-FF8D7B1B312D
2020-10-27 07:56:53,338 [Listener at 127.0.0.1/35583] INFO  impl.RaftServerImpl (ServerState.java:close(405)) - 52e82a1b-eb35-4884-8f1f-44848255b0d1@group-FF8D7B1B312D: closes. applyIndex: 0
2020-10-27 07:56:53,339 [52e82a1b-eb35-4884-8f1f-44848255b0d1@group-FF8D7B1B312D-SegmentedRaftLogWorker] INFO  segmented.SegmentedRaftLogWorker (SegmentedRaftLogWorker.java:run(327)) - 52e82a1b-eb35-4884-8f1f-44848255b0d1@group-FF8D7B1B312D-SegmentedRaftLogWorker was interrupted, exiting. There are 0 tasks remaining in the queue.
2020-10-27 07:56:53,339 [Listener at 127.0.0.1/35583] INFO  segmented.SegmentedRaftLogWorker (SegmentedRaftLogWorker.java:close(234)) - 52e82a1b-eb35-4884-8f1f-44848255b0d1@group-FF8D7B1B312D-SegmentedRaftLogWorker close()
2020-10-27 07:56:53,340 [ForkJoinPool.commonPool-worker-0] INFO  server.GrpcService (GrpcService.java:closeImpl(191)) - b77cbe1e-ed1a-4737-93b5-f86fbb6cb132: shutdown server with port 38841 successfully
2020-10-27 07:56:53,342 [Listener at 127.0.0.1/35583] INFO  metrics.RatisMetrics (RatisMetrics.java:unregister(43)) - Unregistering Metrics Registry : ratis.log_worker.52e82a1b-eb35-4884-8f1f-44848255b0d1@group-FF8D7B1B312D
2020-10-27 07:56:53,342 [Listener at 127.0.0.1/35583] INFO  metrics.RatisMetrics (RatisMetrics.java:unregister(43)) - Unregistering Metrics Registry : ratis.leader_election.52e82a1b-eb35-4884-8f1f-44848255b0d1@group-FF8D7B1B312D
2020-10-27 07:56:53,343 [Listener at 127.0.0.1/35583] INFO  metrics.RatisMetrics (RatisMetrics.java:unregister(43)) - Unregistering Metrics Registry : ratis.server.52e82a1b-eb35-4884-8f1f-44848255b0d1@group-FF8D7B1B312D
2020-10-27 07:56:53,343 [Listener at 127.0.0.1/35583] INFO  server.GrpcService (GrpcService.java:closeImpl(183)) - 52e82a1b-eb35-4884-8f1f-44848255b0d1: shutdown server with port 42111 now
2020-10-27 07:56:53,344 [ForkJoinPool.commonPool-worker-0] INFO  utils.BackgroundService (BackgroundService.java:shutdown(132)) - Shutting down service BlockDeletingService
2020-10-27 07:56:53,344 [Listener at 127.0.0.1/35583] INFO  server.GrpcService (GrpcService.java:closeImpl(191)) - 52e82a1b-eb35-4884-8f1f-44848255b0d1: shutdown server with port 42111 successfully
2020-10-27 07:56:53,346 [ForkJoinPool.commonPool-worker-0] INFO  statemachine.DatanodeStateMachine (DatanodeStateMachine.java:stopDaemon(453)) - Ozone container server stopped.
2020-10-27 07:56:53,346 [Listener at 127.0.0.1/35583] INFO  utils.BackgroundService (BackgroundService.java:shutdown(132)) - Shutting down service BlockDeletingService
2020-10-27 07:56:53,355 [Listener at 127.0.0.1/35583] INFO  statemachine.DatanodeStateMachine (DatanodeStateMachine.java:stopDaemon(453)) - Ozone container server stopped.
2020-10-27 07:56:53,365 [Listener at 127.0.0.1/35583] INFO  handler.ContextHandler (ContextHandler.java:doStop(1016)) - Stopped o.e.j.w.WebAppContext@4426536a{hddsDatanode,/,null,UNAVAILABLE}{jar:file:/home/user/.m2/repository/org/apache/hadoop/hadoop-hdds-container-service/1.1.0-SNAPSHOT/hadoop-hdds-container-service-1.1.0-SNAPSHOT.jar!/webapps/hddsDatanode}
2020-10-27 07:56:53,366 [ForkJoinPool.commonPool-worker-0] INFO  handler.ContextHandler (ContextHandler.java:doStop(1016)) - Stopped o.e.j.w.WebAppContext@3217ac36{hddsDatanode,/,null,UNAVAILABLE}{jar:file:/home/user/.m2/repository/org/apache/hadoop/hadoop-hdds-container-service/1.1.0-SNAPSHOT/hadoop-hdds-container-service-1.1.0-SNAPSHOT.jar!/webapps/hddsDatanode}
2020-10-27 07:56:53,367 [ForkJoinPool.commonPool-worker-0] INFO  server.AbstractConnector (AbstractConnector.java:doStop(380)) - Stopped ServerConnector@104b145b{HTTP/1.1,[http/1.1]}{0.0.0.0:0}
2020-10-27 07:56:53,367 [ForkJoinPool.commonPool-worker-0] INFO  server.session (HouseKeeper.java:stopScavenging(158)) - node0 Stopped scavenging
2020-10-27 07:56:53,368 [ForkJoinPool.commonPool-worker-0] INFO  handler.ContextHandler (ContextHandler.java:doStop(1016)) - Stopped o.e.j.s.ServletContextHandler@4377e40a{static,/static,jar:file:/home/user/.m2/repository/org/apache/hadoop/hadoop-hdds-container-service/1.1.0-SNAPSHOT/hadoop-hdds-container-service-1.1.0-SNAPSHOT.jar!/webapps/static,UNAVAILABLE}
2020-10-27 07:56:53,369 [Listener at 127.0.0.1/35583] INFO  server.AbstractConnector (AbstractConnector.java:doStop(380)) - Stopped ServerConnector@129294c3{HTTP/1.1,[http/1.1]}{0.0.0.0:0}
2020-10-27 07:56:53,369 [Listener at 127.0.0.1/35583] INFO  server.session (HouseKeeper.java:stopScavenging(158)) - node0 Stopped scavenging
2020-10-27 07:56:53,369 [Listener at 127.0.0.1/35583] INFO  handler.ContextHandler (ContextHandler.java:doStop(1016)) - Stopped o.e.j.s.ServletContextHandler@14e8a173{static,/static,jar:file:/home/user/.m2/repository/org/apache/hadoop/hadoop-hdds-container-service/1.1.0-SNAPSHOT/hadoop-hdds-container-service-1.1.0-SNAPSHOT.jar!/webapps/static,UNAVAILABLE}
2020-10-27 07:56:53,369 [Listener at 127.0.0.1/35583] INFO  handler.ContextHandler (ContextHandler.java:doStop(1016)) - Stopped o.e.j.s.ServletContextHandler@4bf4cd2e{logs,/logs,file:///github/workspace/mnt/ozone/hadoop-ozone/integration-test/target/log,UNAVAILABLE}
2020-10-27 07:56:53,370 [ForkJoinPool.commonPool-worker-0] INFO  handler.ContextHandler (ContextHandler.java:doStop(1016)) - Stopped o.e.j.s.ServletContextHandler@7bb33586{logs,/logs,file:///github/workspace/mnt/ozone/hadoop-ozone/integration-test/target/log,UNAVAILABLE}
2020-10-27 07:56:54,040 [Datanode State Machine Thread - 0] INFO  statemachine.DatanodeStateMachine (DatanodeStateMachine.java:lambda$startDaemon$0(405)) - Ozone container server started.
2020-10-27 07:56:54,188 [Datanode State Machine Thread - 0] INFO  statemachine.DatanodeStateMachine (DatanodeStateMachine.java:lambda$startDaemon$0(405)) - Ozone container server started.
2020-10-27 07:56:54,316 [grpc-default-executor-2] WARN  server.GrpcLogAppender (LogUtils.java:warn(122)) - 051b2d74-f79c-4890-925b-2bf8237baebb@group-E13E969E17FD->50760c4e-b8f4-4c7a-910b-93b335267e74-AppendLogResponseHandler: Failed appendEntries: org.apache.ratis.thirdparty.io.grpc.StatusRuntimeException: UNAVAILABLE: io exception
2020-10-27 07:56:54,317 [grpc-default-executor-2] WARN  server.GrpcLogAppender (GrpcLogAppender.java:resetClient(107)) - 051b2d74-f79c-4890-925b-2bf8237baebb@group-E13E969E17FD->50760c4e-b8f4-4c7a-910b-93b335267e74-GrpcLogAppender: Leader has not got in touch with Follower 051b2d74-f79c-4890-925b-2bf8237baebb@group-E13E969E17FD->50760c4e-b8f4-4c7a-910b-93b335267e74(c0,m0,n1, attendVote=true, lastRpcSendTime=1, lastRpcResponseTime=7504) yet, just keep nextIndex unchanged and retry.
2020-10-27 07:56:56,817 [grpc-default-executor-2] WARN  server.GrpcLogAppender (LogUtils.java:warn(122)) - 051b2d74-f79c-4890-925b-2bf8237baebb@group-E13E969E17FD->50760c4e-b8f4-4c7a-910b-93b335267e74-AppendLogResponseHandler: Failed appendEntries: org.apache.ratis.thirdparty.io.grpc.StatusRuntimeException: UNAVAILABLE: io exception
2020-10-27 07:56:56,818 [grpc-default-executor-2] WARN  server.GrpcLogAppender (GrpcLogAppender.java:resetClient(107)) - 051b2d74-f79c-4890-925b-2bf8237baebb@group-E13E969E17FD->50760c4e-b8f4-4c7a-910b-93b335267e74-GrpcLogAppender: Leader has not got in touch with Follower 051b2d74-f79c-4890-925b-2bf8237baebb@group-E13E969E17FD->50760c4e-b8f4-4c7a-910b-93b335267e74(c0,m0,n1, attendVote=true, lastRpcSendTime=0, lastRpcResponseTime=10005) yet, just keep nextIndex unchanged and retry.
2020-10-27 07:56:58,374 [ForkJoinPool.commonPool-worker-0] INFO  ozoneimpl.OzoneContainer (OzoneContainer.java:stop(259)) - Attempting to stop container services.
2020-10-27 07:56:58,374 [Listener at 127.0.0.1/35583] INFO  ozoneimpl.OzoneContainer (OzoneContainer.java:stop(259)) - Attempting to stop container services.
2020-10-27 07:56:58,374 [Listener at 127.0.0.1/35583] INFO  impl.RaftServerProxy (RaftServerProxy.java:lambda$close$4(322)) - 0d858bf4-c4ae-4e92-b712-358cf0e50fa6: close
2020-10-27 07:56:58,375 [Listener at 127.0.0.1/35583] INFO  impl.RaftServerImpl (RaftServerImpl.java:lambda$shutdown$3(321)) - 0d858bf4-c4ae-4e92-b712-358cf0e50fa6@group-E19E556BFA4A: shutdown
2020-10-27 07:56:58,375 [Listener at 127.0.0.1/35583] INFO  util.JmxRegister (JmxRegister.java:unregister(73)) - Successfully un-registered JMX Bean with object name Ratis:service=RaftServer,group=group-E19E556BFA4A,id=0d858bf4-c4ae-4e92-b712-358cf0e50fa6
2020-10-27 07:56:58,375 [Listener at 127.0.0.1/35583] INFO  impl.RoleInfo (RoleInfo.java:shutdownLeaderState(104)) - 0d858bf4-c4ae-4e92-b712-358cf0e50fa6: shutdown LeaderState
2020-10-27 07:56:58,375 [ForkJoinPool.commonPool-worker-0] INFO  impl.RaftServerProxy (RaftServerProxy.java:lambda$close$4(322)) - 051b2d74-f79c-4890-925b-2bf8237baebb: close
2020-10-27 07:56:58,376 [ForkJoinPool.commonPool-worker-0] INFO  impl.RaftServerImpl (RaftServerImpl.java:lambda$shutdown$3(321)) - 051b2d74-f79c-4890-925b-2bf8237baebb@group-2E38C93F6F1B: shutdown
2020-10-27 07:56:58,375 [Listener at 127.0.0.1/35583] INFO  impl.PendingRequests (PendingRequests.java:sendNotLeaderResponses(249)) - 0d858bf4-c4ae-4e92-b712-358cf0e50fa6@group-E19E556BFA4A-PendingRequests: sendNotLeaderResponses
2020-10-27 07:56:58,376 [ForkJoinPool.commonPool-worker-0] INFO  util.JmxRegister (JmxRegister.java:unregister(73)) - Successfully un-registered JMX Bean with object name Ratis:service=RaftServer,group=group-2E38C93F6F1B,id=051b2d74-f79c-4890-925b-2bf8237baebb
2020-10-27 07:56:58,376 [ForkJoinPool.commonPool-worker-0] INFO  impl.RoleInfo (RoleInfo.java:shutdownLeaderState(104)) - 051b2d74-f79c-4890-925b-2bf8237baebb: shutdown LeaderState
2020-10-27 07:56:58,376 [Listener at 127.0.0.1/35583] INFO  metrics.RatisMetrics (RatisMetrics.java:unregister(43)) - Unregistering Metrics Registry : ratis.log_appender.0d858bf4-c4ae-4e92-b712-358cf0e50fa6@group-E19E556BFA4A
2020-10-27 07:56:58,376 [ForkJoinPool.commonPool-worker-0] INFO  impl.PendingRequests (PendingRequests.java:sendNotLeaderResponses(249)) - 051b2d74-f79c-4890-925b-2bf8237baebb@group-2E38C93F6F1B-PendingRequests: sendNotLeaderResponses
2020-10-27 07:56:58,376 [Listener at 127.0.0.1/35583] INFO  metrics.RatisMetrics (RatisMetrics.java:unregister(43)) - Unregistering Metrics Registry : ratis.server.0d858bf4-c4ae-4e92-b712-358cf0e50fa6@group-E19E556BFA4A
2020-10-27 07:56:58,376 [ForkJoinPool.commonPool-worker-0] INFO  metrics.RatisMetrics (RatisMetrics.java:unregister(43)) - Unregistering Metrics Registry : ratis.log_appender.051b2d74-f79c-4890-925b-2bf8237baebb@group-2E38C93F6F1B
2020-10-27 07:56:58,377 [ForkJoinPool.commonPool-worker-0] INFO  metrics.RatisMetrics (RatisMetrics.java:unregister(43)) - Unregistering Metrics Registry : ratis.server.051b2d74-f79c-4890-925b-2bf8237baebb@group-2E38C93F6F1B
2020-10-27 07:56:58,378 [ForkJoinPool.commonPool-worker-0] INFO  impl.StateMachineUpdater (StateMachineUpdater.java:stopAndJoin(142)) - 051b2d74-f79c-4890-925b-2bf8237baebb@group-2E38C93F6F1B-StateMachineUpdater: set stopIndex = 0
2020-10-27 07:56:58,378 [051b2d74-f79c-4890-925b-2bf8237baebb@group-2E38C93F6F1B-StateMachineUpdater] INFO  ratis.ContainerStateMachine (ContainerStateMachine.java:takeSnapshot(293)) - group-2E38C93F6F1B: Taking a snapshot at:(t:1, i:0) file /github/workspace/mnt/ozone/hadoop-ozone/integration-test/target/test-dir/MiniOzoneClusterImpl-b0e8067d-8c2e-4ee5-9f61-8ad8788f9080/datanode-0/data/ratis/ea6410d2-8d44-496d-a6e0-2e38c93f6f1b/sm/snapshot.1_0
2020-10-27 07:56:58,379 [0d858bf4-c4ae-4e92-b712-358cf0e50fa6@group-E19E556BFA4A-StateMachineUpdater] INFO  ratis.ContainerStateMachine (ContainerStateMachine.java:takeSnapshot(293)) - group-E19E556BFA4A: Taking a snapshot at:(t:1, i:0) file /github/workspace/mnt/ozone/hadoop-ozone/integration-test/target/test-dir/MiniOzoneClusterImpl-b0e8067d-8c2e-4ee5-9f61-8ad8788f9080/datanode-7/data/ratis/982c7304-33a4-4331-a96a-e19e556bfa4a/sm/snapshot.1_0
2020-10-27 07:56:58,379 [Listener at 127.0.0.1/35583] INFO  impl.StateMachineUpdater (StateMachineUpdater.java:stopAndJoin(142)) - 0d858bf4-c4ae-4e92-b712-358cf0e50fa6@group-E19E556BFA4A-StateMachineUpdater: set stopIndex = 0
2020-10-27 07:56:58,379 [051b2d74-f79c-4890-925b-2bf8237baebb@group-2E38C93F6F1B-StateMachineUpdater] INFO  ratis.ContainerStateMachine (ContainerStateMachine.java:takeSnapshot(304)) - group-2E38C93F6F1B: Finished taking a snapshot at:(t:1, i:0) file:/github/workspace/mnt/ozone/hadoop-ozone/integration-test/target/test-dir/MiniOzoneClusterImpl-b0e8067d-8c2e-4ee5-9f61-8ad8788f9080/datanode-0/data/ratis/ea6410d2-8d44-496d-a6e0-2e38c93f6f1b/sm/snapshot.1_0 time:1
2020-10-27 07:56:58,380 [051b2d74-f79c-4890-925b-2bf8237baebb@group-2E38C93F6F1B-StateMachineUpdater] INFO  impl.StateMachineUpdater (StateMachineUpdater.java:takeSnapshot(277)) - 051b2d74-f79c-4890-925b-2bf8237baebb@group-2E38C93F6F1B-StateMachineUpdater: Took a snapshot at index 0
2020-10-27 07:56:58,380 [051b2d74-f79c-4890-925b-2bf8237baebb@group-2E38C93F6F1B-StateMachineUpdater] INFO  impl.StateMachineUpdater (StateMachineUpdater.java:lambda$new$0(87)) - 051b2d74-f79c-4890-925b-2bf8237baebb@group-2E38C93F6F1B-StateMachineUpdater: snapshotIndex: updateIncreasingly -1 -> 0
2020-10-27 07:56:58,380 [051b2d74-f79c-4890-925b-2bf8237baebb@group-2E38C93F6F1B-StateMachineUpdater] INFO  metrics.RatisMetrics (RatisMetrics.java:unregister(43)) - Unregistering Metrics Registry : ratis.state_machine.051b2d74-f79c-4890-925b-2bf8237baebb@group-2E38C93F6F1B
2020-10-27 07:56:58,380 [0d858bf4-c4ae-4e92-b712-358cf0e50fa6@group-E19E556BFA4A-StateMachineUpdater] INFO  ratis.ContainerStateMachine (ContainerStateMachine.java:takeSnapshot(304)) - group-E19E556BFA4A: Finished taking a snapshot at:(t:1, i:0) file:/github/workspace/mnt/ozone/hadoop-ozone/integration-test/target/test-dir/MiniOzoneClusterImpl-b0e8067d-8c2e-4ee5-9f61-8ad8788f9080/datanode-7/data/ratis/982c7304-33a4-4331-a96a-e19e556bfa4a/sm/snapshot.1_0 time:1
2020-10-27 07:56:58,380 [0d858bf4-c4ae-4e92-b712-358cf0e50fa6@group-E19E556BFA4A-StateMachineUpdater] INFO  impl.StateMachineUpdater (StateMachineUpdater.java:takeSnapshot(277)) - 0d858bf4-c4ae-4e92-b712-358cf0e50fa6@group-E19E556BFA4A-StateMachineUpdater: Took a snapshot at index 0
2020-10-27 07:56:58,380 [0d858bf4-c4ae-4e92-b712-358cf0e50fa6@group-E19E556BFA4A-StateMachineUpdater] INFO  impl.StateMachineUpdater (StateMachineUpdater.java:lambda$new$0(87)) - 0d858bf4-c4ae-4e92-b712-358cf0e50fa6@group-E19E556BFA4A-StateMachineUpdater: snapshotIndex: updateIncreasingly -1 -> 0
2020-10-27 07:56:58,380 [0d858bf4-c4ae-4e92-b712-358cf0e50fa6@group-E19E556BFA4A-StateMachineUpdater] INFO  metrics.RatisMetrics (RatisMetrics.java:unregister(43)) - Unregistering Metrics Registry : ratis.state_machine.0d858bf4-c4ae-4e92-b712-358cf0e50fa6@group-E19E556BFA4A
2020-10-27 07:56:58,380 [ForkJoinPool.commonPool-worker-0] INFO  impl.RaftServerImpl (ServerState.java:close(405)) - 051b2d74-f79c-4890-925b-2bf8237baebb@group-2E38C93F6F1B: closes. applyIndex: 0
2020-10-27 07:56:58,381 [051b2d74-f79c-4890-925b-2bf8237baebb@group-2E38C93F6F1B-SegmentedRaftLogWorker] INFO  segmented.SegmentedRaftLogWorker (SegmentedRaftLogWorker.java:run(327)) - 051b2d74-f79c-4890-925b-2bf8237baebb@group-2E38C93F6F1B-SegmentedRaftLogWorker was interrupted, exiting. There are 0 tasks remaining in the queue.
2020-10-27 07:56:58,382 [ForkJoinPool.commonPool-worker-0] INFO  segmented.SegmentedRaftLogWorker (SegmentedRaftLogWorker.java:close(234)) - 051b2d74-f79c-4890-925b-2bf8237baebb@group-2E38C93F6F1B-SegmentedRaftLogWorker close()
2020-10-27 07:56:58,383 [Listener at 127.0.0.1/35583] INFO  impl.RaftServerImpl (ServerState.java:close(405)) - 0d858bf4-c4ae-4e92-b712-358cf0e50fa6@group-E19E556BFA4A: closes. applyIndex: 0
2020-10-27 07:56:58,383 [0d858bf4-c4ae-4e92-b712-358cf0e50fa6@group-E19E556BFA4A-SegmentedRaftLogWorker] INFO  segmented.SegmentedRaftLogWorker (SegmentedRaftLogWorker.java:run(327)) - 0d858bf4-c4ae-4e92-b712-358cf0e50fa6@group-E19E556BFA4A-SegmentedRaftLogWorker was interrupted, exiting. There are 0 tasks remaining in the queue.
2020-10-27 07:56:58,384 [ForkJoinPool.commonPool-worker-0] INFO  metrics.RatisMetrics (RatisMetrics.java:unregister(43)) - Unregistering Metrics Registry : ratis.log_worker.051b2d74-f79c-4890-925b-2bf8237baebb@group-2E38C93F6F1B
2020-10-27 07:56:58,384 [Listener at 127.0.0.1/35583] INFO  segmented.SegmentedRaftLogWorker (SegmentedRaftLogWorker.java:close(234)) - 0d858bf4-c4ae-4e92-b712-358cf0e50fa6@group-E19E556BFA4A-SegmentedRaftLogWorker close()
2020-10-27 07:56:58,384 [ForkJoinPool.commonPool-worker-0] INFO  metrics.RatisMetrics (RatisMetrics.java:unregister(43)) - Unregistering Metrics Registry : ratis.leader_election.051b2d74-f79c-4890-925b-2bf8237baebb@group-2E38C93F6F1B
2020-10-27 07:56:58,387 [Listener at 127.0.0.1/35583] INFO  metrics.RatisMetrics (RatisMetrics.java:unregister(43)) - Unregistering Metrics Registry : ratis.log_worker.0d858bf4-c4ae-4e92-b712-358cf0e50fa6@group-E19E556BFA4A
2020-10-27 07:56:58,387 [ForkJoinPool.commonPool-worker-0] INFO  metrics.RatisMetrics (RatisMetrics.java:unregister(43)) - Unregistering Metrics Registry : ratis.server.051b2d74-f79c-4890-925b-2bf8237baebb@group-2E38C93F6F1B
2020-10-27 07:56:58,387 [Listener at 127.0.0.1/35583] INFO  metrics.RatisMetrics (RatisMetrics.java:unregister(43)) - Unregistering Metrics Registry : ratis.leader_election.0d858bf4-c4ae-4e92-b712-358cf0e50fa6@group-E19E556BFA4A
2020-10-27 07:56:58,387 [ForkJoinPool.commonPool-worker-0] INFO  impl.RaftServerImpl (RaftServerImpl.java:lambda$shutdown$3(321)) - 051b2d74-f79c-4890-925b-2bf8237baebb@group-E13E969E17FD: shutdown
2020-10-27 07:56:58,387 [Listener at 127.0.0.1/35583] INFO  metrics.RatisMetrics (RatisMetrics.java:unregister(43)) - Unregistering Metrics Registry : ratis.server.0d858bf4-c4ae-4e92-b712-358cf0e50fa6@group-E19E556BFA4A
2020-10-27 07:56:58,388 [Listener at 127.0.0.1/35583] INFO  impl.RaftServerImpl (RaftServerImpl.java:lambda$shutdown$3(321)) - 0d858bf4-c4ae-4e92-b712-358cf0e50fa6@group-7DE914507AE6: shutdown
2020-10-27 07:56:58,387 [ForkJoinPool.commonPool-worker-0] INFO  util.JmxRegister (JmxRegister.java:unregister(73)) - Successfully un-registered JMX Bean with object name Ratis:service=RaftServer,group=group-E13E969E17FD,id=051b2d74-f79c-4890-925b-2bf8237baebb
2020-10-27 07:56:58,388 [ForkJoinPool.commonPool-worker-0] INFO  impl.RoleInfo (RoleInfo.java:shutdownLeaderState(104)) - 051b2d74-f79c-4890-925b-2bf8237baebb: shutdown LeaderState
2020-10-27 07:56:58,388 [ForkJoinPool.commonPool-worker-0] INFO  metrics.RatisMetrics (RatisMetrics.java:unregister(43)) - Unregistering Metrics Registry : ratis_grpc.log_appender.051b2d74-f79c-4890-925b-2bf8237baebb@group-E13E969E17FD
2020-10-27 07:56:58,388 [ForkJoinPool.commonPool-worker-0] INFO  metrics.RatisMetrics (RatisMetrics.java:unregister(43)) - Unregistering Metrics Registry : ratis_grpc.log_appender.051b2d74-f79c-4890-925b-2bf8237baebb@group-E13E969E17FD
2020-10-27 07:56:58,388 [ForkJoinPool.commonPool-worker-0] INFO  impl.PendingRequests (PendingRequests.java:sendNotLeaderResponses(249)) - 051b2d74-f79c-4890-925b-2bf8237baebb@group-E13E969E17FD-PendingRequests: sendNotLeaderResponses
2020-10-27 07:56:58,388 [ForkJoinPool.commonPool-worker-0] INFO  metrics.RatisMetrics (RatisMetrics.java:unregister(43)) - Unregistering Metrics Registry : ratis.log_appender.051b2d74-f79c-4890-925b-2bf8237baebb@group-E13E969E17FD
2020-10-27 07:56:58,389 [ForkJoinPool.commonPool-worker-0] INFO  metrics.RatisMetrics (RatisMetrics.java:unregister(43)) - Unregistering Metrics Registry : ratis.server.051b2d74-f79c-4890-925b-2bf8237baebb@group-E13E969E17FD
2020-10-27 07:56:58,389 [ForkJoinPool.commonPool-worker-0] INFO  impl.StateMachineUpdater (StateMachineUpdater.java:stopAndJoin(142)) - 051b2d74-f79c-4890-925b-2bf8237baebb@group-E13E969E17FD-StateMachineUpdater: set stopIndex = 0
2020-10-27 07:56:58,390 [051b2d74-f79c-4890-925b-2bf8237baebb@group-E13E969E17FD-StateMachineUpdater] INFO  ratis.ContainerStateMachine (ContainerStateMachine.java:takeSnapshot(293)) - group-E13E969E17FD: Taking a snapshot at:(t:1, i:0) file /github/workspace/mnt/ozone/hadoop-ozone/integration-test/target/test-dir/MiniOzoneClusterImpl-b0e8067d-8c2e-4ee5-9f61-8ad8788f9080/datanode-0/data/ratis/a99e8c6f-1c5f-4bac-9f40-e13e969e17fd/sm/snapshot.1_0
2020-10-27 07:56:58,388 [Listener at 127.0.0.1/35583] INFO  util.JmxRegister (JmxRegister.java:unregister(73)) - Successfully un-registered JMX Bean with object name Ratis:service=RaftServer,group=group-7DE914507AE6,id=0d858bf4-c4ae-4e92-b712-358cf0e50fa6
2020-10-27 07:56:58,390 [Listener at 127.0.0.1/35583] INFO  impl.RoleInfo (RoleInfo.java:shutdownFollowerState(121)) - 0d858bf4-c4ae-4e92-b712-358cf0e50fa6: shutdown FollowerState
2020-10-27 07:56:58,390 [Thread-1768] INFO  impl.FollowerState (FollowerState.java:run(117)) - 0d858bf4-c4ae-4e92-b712-358cf0e50fa6@group-7DE914507AE6-FollowerState was interrupted: java.lang.InterruptedException: sleep interrupted
2020-10-27 07:56:58,388 [org.apache.ratis.server.impl.LogAppender$AppenderDaemon$$Lambda$457/1735997321@421679ea] WARN  server.GrpcLogAppender (GrpcLogAppender.java:mayWait(168)) - 051b2d74-f79c-4890-925b-2bf8237baebb@group-E13E969E17FD->5a42b6c6-dd9e-4bd1-bc6a-89f7d8f7d666-GrpcLogAppender: Wait interrupted by java.lang.InterruptedException
2020-10-27 07:56:58,391 [Listener at 127.0.0.1/35583] INFO  impl.StateMachineUpdater (StateMachineUpdater.java:stopAndJoin(142)) - 0d858bf4-c4ae-4e92-b712-358cf0e50fa6@group-7DE914507AE6-StateMachineUpdater: set stopIndex = 0
2020-10-27 07:56:58,391 [051b2d74-f79c-4890-925b-2bf8237baebb@group-E13E969E17FD-StateMachineUpdater] INFO  ratis.ContainerStateMachine (ContainerStateMachine.java:takeSnapshot(304)) - group-E13E969E17FD: Finished taking a snapshot at:(t:1, i:0) file:/github/workspace/mnt/ozone/hadoop-ozone/integration-test/target/test-dir/MiniOzoneClusterImpl-b0e8067d-8c2e-4ee5-9f61-8ad8788f9080/datanode-0/data/ratis/a99e8c6f-1c5f-4bac-9f40-e13e969e17fd/sm/snapshot.1_0 time:1
2020-10-27 07:56:58,391 [051b2d74-f79c-4890-925b-2bf8237baebb@group-E13E969E17FD-StateMachineUpdater] INFO  impl.StateMachineUpdater (StateMachineUpdater.java:takeSnapshot(277)) - 051b2d74-f79c-4890-925b-2bf8237baebb@group-E13E969E17FD-StateMachineUpdater: Took a snapshot at index 0
2020-10-27 07:56:58,391 [051b2d74-f79c-4890-925b-2bf8237baebb@group-E13E969E17FD-StateMachineUpdater] INFO  impl.StateMachineUpdater (StateMachineUpdater.java:lambda$new$0(87)) - 051b2d74-f79c-4890-925b-2bf8237baebb@group-E13E969E17FD-StateMachineUpdater: snapshotIndex: updateIncreasingly -1 -> 0
2020-10-27 07:56:58,391 [051b2d74-f79c-4890-925b-2bf8237baebb@group-E13E969E17FD-StateMachineUpdater] INFO  metrics.RatisMetrics (RatisMetrics.java:unregister(43)) - Unregistering Metrics Registry : ratis.state_machine.051b2d74-f79c-4890-925b-2bf8237baebb@group-E13E969E17FD
2020-10-27 07:56:58,391 [ForkJoinPool.commonPool-worker-0] INFO  impl.RaftServerImpl (ServerState.java:close(405)) - 051b2d74-f79c-4890-925b-2bf8237baebb@group-E13E969E17FD: closes. applyIndex: 0
2020-10-27 07:56:58,391 [0d858bf4-c4ae-4e92-b712-358cf0e50fa6@group-7DE914507AE6-StateMachineUpdater] INFO  ratis.ContainerStateMachine (ContainerStateMachine.java:takeSnapshot(293)) - group-7DE914507AE6: Taking a snapshot at:(t:1, i:0) file /github/workspace/mnt/ozone/hadoop-ozone/integration-test/target/test-dir/MiniOzoneClusterImpl-b0e8067d-8c2e-4ee5-9f61-8ad8788f9080/datanode-7/data/ratis/f7fae826-9b33-4bf2-9b68-7de914507ae6/sm/snapshot.1_0
2020-10-27 07:56:58,392 [051b2d74-f79c-4890-925b-2bf8237baebb@group-E13E969E17FD-SegmentedRaftLogWorker] INFO  segmented.SegmentedRaftLogWorker (SegmentedRaftLogWorker.java:run(327)) - 051b2d74-f79c-4890-925b-2bf8237baebb@group-E13E969E17FD-SegmentedRaftLogWorker was interrupted, exiting. There are 0 tasks remaining in the queue.
2020-10-27 07:56:58,391 [grpc-default-executor-2] INFO  server.GrpcServerProtocolService (GrpcServerProtocolService.java:onCompleted(138)) - 5a42b6c6-dd9e-4bd1-bc6a-89f7d8f7d666: Completed APPEND_ENTRIES, lastRequest: 051b2d74-f79c-4890-925b-2bf8237baebb->5a42b6c6-dd9e-4bd1-bc6a-89f7d8f7d666#1-t1, previous=(t:0, i:0), leaderCommit=-1, initializing? false, entries: size=1, first=(t:1, i:0), CONFIGURATIONENTRY
2020-10-27 07:56:58,392 [ForkJoinPool.commonPool-worker-0] INFO  segmented.SegmentedRaftLogWorker (SegmentedRaftLogWorker.java:close(234)) - 051b2d74-f79c-4890-925b-2bf8237baebb@group-E13E969E17FD-SegmentedRaftLogWorker close()
2020-10-27 07:56:58,393 [0d858bf4-c4ae-4e92-b712-358cf0e50fa6@group-7DE914507AE6-StateMachineUpdater] INFO  ratis.ContainerStateMachine (ContainerStateMachine.java:takeSnapshot(304)) - group-7DE914507AE6: Finished taking a snapshot at:(t:1, i:0) file:/github/workspace/mnt/ozone/hadoop-ozone/integration-test/target/test-dir/MiniOzoneClusterImpl-b0e8067d-8c2e-4ee5-9f61-8ad8788f9080/datanode-7/data/ratis/f7fae826-9b33-4bf2-9b68-7de914507ae6/sm/snapshot.1_0 time:2
2020-10-27 07:56:58,393 [0d858bf4-c4ae-4e92-b712-358cf0e50fa6@group-7DE914507AE6-StateMachineUpdater] INFO  impl.StateMachineUpdater (StateMachineUpdater.java:takeSnapshot(277)) - 0d858bf4-c4ae-4e92-b712-358cf0e50fa6@group-7DE914507AE6-StateMachineUpdater: Took a snapshot at index 0
2020-10-27 07:56:58,393 [0d858bf4-c4ae-4e92-b712-358cf0e50fa6@group-7DE914507AE6-StateMachineUpdater] INFO  impl.StateMachineUpdater (StateMachineUpdater.java:lambda$new$0(87)) - 0d858bf4-c4ae-4e92-b712-358cf0e50fa6@group-7DE914507AE6-StateMachineUpdater: snapshotIndex: updateIncreasingly -1 -> 0
2020-10-27 07:56:58,393 [0d858bf4-c4ae-4e92-b712-358cf0e50fa6@group-7DE914507AE6-StateMachineUpdater] INFO  metrics.RatisMetrics (RatisMetrics.java:unregister(43)) - Unregistering Metrics Registry : ratis.state_machine.0d858bf4-c4ae-4e92-b712-358cf0e50fa6@group-7DE914507AE6
2020-10-27 07:56:58,393 [grpc-default-executor-3] INFO  server.GrpcLogAppender (GrpcLogAppender.java:onCompleted(336)) - 051b2d74-f79c-4890-925b-2bf8237baebb@group-E13E969E17FD->5a42b6c6-dd9e-4bd1-bc6a-89f7d8f7d666-AppendLogResponseHandler: follower responses appendEntries COMPLETED
2020-10-27 07:56:58,393 [grpc-default-executor-3] INFO  impl.FollowerInfo (FollowerInfo.java:lambda$new$0(51)) - 051b2d74-f79c-4890-925b-2bf8237baebb@group-E13E969E17FD->5a42b6c6-dd9e-4bd1-bc6a-89f7d8f7d666: nextIndex: updateUnconditionally 1 -> 0
2020-10-27 07:56:58,393 [org.apache.ratis.server.impl.LogAppender$AppenderDaemon$$Lambda$457/1735997321@5a0278dd] WARN  server.GrpcLogAppender (GrpcLogAppender.java:mayWait(168)) - 051b2d74-f79c-4890-925b-2bf8237baebb@group-E13E969E17FD->50760c4e-b8f4-4c7a-910b-93b335267e74-GrpcLogAppender: Wait interrupted by java.lang.InterruptedException
2020-10-27 07:56:58,393 [ForkJoinPool.commonPool-worker-0] INFO  metrics.RatisMetrics (RatisMetrics.java:unregister(43)) - Unregistering Metrics Registry : ratis.log_worker.051b2d74-f79c-4890-925b-2bf8237baebb@group-E13E969E17FD
2020-10-27 07:56:58,393 [Listener at 127.0.0.1/35583] INFO  impl.RaftServerImpl (ServerState.java:close(405)) - 0d858bf4-c4ae-4e92-b712-358cf0e50fa6@group-7DE914507AE6: closes. applyIndex: 0
2020-10-27 07:56:58,394 [0d858bf4-c4ae-4e92-b712-358cf0e50fa6@group-7DE914507AE6-SegmentedRaftLogWorker] INFO  segmented.SegmentedRaftLogWorker (SegmentedRaftLogWorker.java:run(327)) - 0d858bf4-c4ae-4e92-b712-358cf0e50fa6@group-7DE914507AE6-SegmentedRaftLogWorker was interrupted, exiting. There are 0 tasks remaining in the queue.
2020-10-27 07:56:58,394 [Listener at 127.0.0.1/35583] INFO  segmented.SegmentedRaftLogWorker (SegmentedRaftLogWorker.java:close(234)) - 0d858bf4-c4ae-4e92-b712-358cf0e50fa6@group-7DE914507AE6-SegmentedRaftLogWorker close()
2020-10-27 07:56:58,399 [Listener at 127.0.0.1/35583] INFO  metrics.RatisMetrics (RatisMetrics.java:unregister(43)) - Unregistering Metrics Registry : ratis.log_worker.0d858bf4-c4ae-4e92-b712-358cf0e50fa6@group-7DE914507AE6
2020-10-27 07:56:58,399 [ForkJoinPool.commonPool-worker-0] INFO  metrics.RatisMetrics (RatisMetrics.java:unregister(43)) - Unregistering Metrics Registry : ratis.leader_election.051b2d74-f79c-4890-925b-2bf8237baebb@group-E13E969E17FD
2020-10-27 07:56:58,399 [ForkJoinPool.commonPool-worker-0] INFO  metrics.RatisMetrics (RatisMetrics.java:unregister(43)) - Unregistering Metrics Registry : ratis.server.051b2d74-f79c-4890-925b-2bf8237baebb@group-E13E969E17FD
2020-10-27 07:56:58,399 [Listener at 127.0.0.1/35583] INFO  metrics.RatisMetrics (RatisMetrics.java:unregister(43)) - Unregistering Metrics Registry : ratis.leader_election.0d858bf4-c4ae-4e92-b712-358cf0e50fa6@group-7DE914507AE6
2020-10-27 07:56:58,399 [ForkJoinPool.commonPool-worker-0] INFO  server.GrpcService (GrpcService.java:closeImpl(183)) - 051b2d74-f79c-4890-925b-2bf8237baebb: shutdown server with port 35993 now
2020-10-27 07:56:58,399 [Listener at 127.0.0.1/35583] INFO  metrics.RatisMetrics (RatisMetrics.java:unregister(43)) - Unregistering Metrics Registry : ratis.server.0d858bf4-c4ae-4e92-b712-358cf0e50fa6@group-7DE914507AE6
2020-10-27 07:56:58,400 [Listener at 127.0.0.1/35583] INFO  server.GrpcService (GrpcService.java:closeImpl(183)) - 0d858bf4-c4ae-4e92-b712-358cf0e50fa6: shutdown server with port 41119 now
2020-10-27 07:56:58,400 [grpc-default-executor-2] WARN  server.GrpcServerProtocolService (LogUtils.java:warn(122)) - 0d858bf4-c4ae-4e92-b712-358cf0e50fa6: installSnapshot onError, lastRequest: 66fe8200-7270-4b9e-bb73-e3e8d2e4209c->0d858bf4-c4ae-4e92-b712-358cf0e50fa6#1-t1, previous=(t:0, i:0), leaderCommit=0, initializing? false, entries: size=1, first=(t:1, i:0), CONFIGURATIONENTRY: org.apache.ratis.thirdparty.io.grpc.StatusRuntimeException: CANCELLED: cancelled before receiving half close
2020-10-27 07:56:58,402 [grpc-default-executor-3] WARN  server.GrpcLogAppender (LogUtils.java:warn(122)) - 66fe8200-7270-4b9e-bb73-e3e8d2e4209c@group-7DE914507AE6->0d858bf4-c4ae-4e92-b712-358cf0e50fa6-AppendLogResponseHandler: Failed appendEntries: org.apache.ratis.thirdparty.io.grpc.StatusRuntimeException: CANCELLED: HTTP/2 error code: CANCEL
Received Rst Stream
2020-10-27 07:56:58,403 [grpc-default-executor-3] WARN  server.GrpcLogAppender (GrpcLogAppender.java:resetClient(107)) - 66fe8200-7270-4b9e-bb73-e3e8d2e4209c@group-7DE914507AE6->0d858bf4-c4ae-4e92-b712-358cf0e50fa6-GrpcLogAppender: Leader has not got in touch with Follower 66fe8200-7270-4b9e-bb73-e3e8d2e4209c@group-7DE914507AE6->0d858bf4-c4ae-4e92-b712-358cf0e50fa6(c0,m0,n1, attendVote=true, lastRpcSendTime=923, lastRpcResponseTime=922) yet, just keep nextIndex unchanged and retry.
2020-10-27 07:56:58,404 [Listener at 127.0.0.1/35583] INFO  server.GrpcService (GrpcService.java:closeImpl(191)) - 0d858bf4-c4ae-4e92-b712-358cf0e50fa6: shutdown server with port 41119 successfully
2020-10-27 07:56:58,404 [Listener at 127.0.0.1/35583] INFO  utils.BackgroundService (BackgroundService.java:shutdown(132)) - Shutting down service BlockDeletingService
2020-10-27 07:56:58,409 [ForkJoinPool.commonPool-worker-0] INFO  server.GrpcService (GrpcService.java:closeImpl(191)) - 051b2d74-f79c-4890-925b-2bf8237baebb: shutdown server with port 35993 successfully
2020-10-27 07:56:58,409 [Listener at 127.0.0.1/35583] INFO  statemachine.DatanodeStateMachine (DatanodeStateMachine.java:stopDaemon(453)) - Ozone container server stopped.
2020-10-27 07:56:58,417 [ForkJoinPool.commonPool-worker-0] INFO  utils.BackgroundService (BackgroundService.java:shutdown(132)) - Shutting down service BlockDeletingService
2020-10-27 07:56:58,419 [ForkJoinPool.commonPool-worker-0] INFO  statemachine.DatanodeStateMachine (DatanodeStateMachine.java:stopDaemon(453)) - Ozone container server stopped.
2020-10-27 07:56:58,420 [Listener at 127.0.0.1/35583] INFO  handler.ContextHandler (ContextHandler.java:doStop(1016)) - Stopped o.e.j.w.WebAppContext@38f9e69b{hddsDatanode,/,null,UNAVAILABLE}{jar:file:/home/user/.m2/repository/org/apache/hadoop/hadoop-hdds-container-service/1.1.0-SNAPSHOT/hadoop-hdds-container-service-1.1.0-SNAPSHOT.jar!/webapps/hddsDatanode}
2020-10-27 07:56:58,420 [Listener at 127.0.0.1/35583] INFO  server.AbstractConnector (AbstractConnector.java:doStop(380)) - Stopped ServerConnector@717646f1{HTTP/1.1,[http/1.1]}{0.0.0.0:0}
2020-10-27 07:56:58,420 [Listener at 127.0.0.1/35583] INFO  server.session (HouseKeeper.java:stopScavenging(158)) - node0 Stopped scavenging
2020-10-27 07:56:58,421 [Listener at 127.0.0.1/35583] INFO  handler.ContextHandler (ContextHandler.java:doStop(1016)) - Stopped o.e.j.s.ServletContextHandler@783ac459{static,/static,jar:file:/home/user/.m2/repository/org/apache/hadoop/hadoop-hdds-container-service/1.1.0-SNAPSHOT/hadoop-hdds-container-service-1.1.0-SNAPSHOT.jar!/webapps/static,UNAVAILABLE}
2020-10-27 07:56:58,422 [Listener at 127.0.0.1/35583] INFO  handler.ContextHandler (ContextHandler.java:doStop(1016)) - Stopped o.e.j.s.ServletContextHandler@6e4731d5{logs,/logs,file:///github/workspace/mnt/ozone/hadoop-ozone/integration-test/target/log,UNAVAILABLE}
2020-10-27 07:56:58,425 [Datanode State Machine Thread - 0] INFO  statemachine.DatanodeStateMachine (DatanodeStateMachine.java:lambda$startDaemon$0(405)) - Ozone container server started.
2020-10-27 07:56:58,431 [ForkJoinPool.commonPool-worker-0] INFO  handler.ContextHandler (ContextHandler.java:doStop(1016)) - Stopped o.e.j.w.WebAppContext@60d4269a{hddsDatanode,/,null,UNAVAILABLE}{jar:file:/home/user/.m2/repository/org/apache/hadoop/hadoop-hdds-container-service/1.1.0-SNAPSHOT/hadoop-hdds-container-service-1.1.0-SNAPSHOT.jar!/webapps/hddsDatanode}
2020-10-27 07:56:58,433 [ForkJoinPool.commonPool-worker-0] INFO  server.AbstractConnector (AbstractConnector.java:doStop(380)) - Stopped ServerConnector@ec4e9e4{HTTP/1.1,[http/1.1]}{0.0.0.0:0}
2020-10-27 07:56:58,434 [ForkJoinPool.commonPool-worker-0] INFO  server.session (HouseKeeper.java:stopScavenging(158)) - node0 Stopped scavenging
2020-10-27 07:56:58,435 [ForkJoinPool.commonPool-worker-0] INFO  handler.ContextHandler (ContextHandler.java:doStop(1016)) - Stopped o.e.j.s.ServletContextHandler@7843efc5{static,/static,jar:file:/home/user/.m2/repository/org/apache/hadoop/hadoop-hdds-container-service/1.1.0-SNAPSHOT/hadoop-hdds-container-service-1.1.0-SNAPSHOT.jar!/webapps/static,UNAVAILABLE}
2020-10-27 07:56:58,437 [ForkJoinPool.commonPool-worker-0] INFO  handler.ContextHandler (ContextHandler.java:doStop(1016)) - Stopped o.e.j.s.ServletContextHandler@4a2eb2e{logs,/logs,file:///github/workspace/mnt/ozone/hadoop-ozone/integration-test/target/log,UNAVAILABLE}
2020-10-27 07:56:59,273 [Datanode State Machine Thread - 0] INFO  statemachine.DatanodeStateMachine (DatanodeStateMachine.java:lambda$startDaemon$0(405)) - Ozone container server started.
2020-10-27 07:56:59,982 [grpc-default-executor-3] WARN  server.GrpcLogAppender (LogUtils.java:warn(122)) - 66fe8200-7270-4b9e-bb73-e3e8d2e4209c@group-7DE914507AE6->0d858bf4-c4ae-4e92-b712-358cf0e50fa6-AppendLogResponseHandler: Failed appendEntries: org.apache.ratis.thirdparty.io.grpc.StatusRuntimeException: UNAVAILABLE: io exception
2020-10-27 07:56:59,983 [grpc-default-executor-3] WARN  server.GrpcLogAppender (GrpcLogAppender.java:resetClient(107)) - 66fe8200-7270-4b9e-bb73-e3e8d2e4209c@group-7DE914507AE6->0d858bf4-c4ae-4e92-b712-358cf0e50fa6-GrpcLogAppender: Leader has not got in touch with Follower 66fe8200-7270-4b9e-bb73-e3e8d2e4209c@group-7DE914507AE6->0d858bf4-c4ae-4e92-b712-358cf0e50fa6(c0,m0,n1, attendVote=true, lastRpcSendTime=1, lastRpcResponseTime=2502) yet, just keep nextIndex unchanged and retry.
2020-10-27 07:57:02,482 [grpc-default-executor-3] WARN  server.GrpcLogAppender (LogUtils.java:warn(122)) - 66fe8200-7270-4b9e-bb73-e3e8d2e4209c@group-7DE914507AE6->0d858bf4-c4ae-4e92-b712-358cf0e50fa6-AppendLogResponseHandler: Failed appendEntries: org.apache.ratis.thirdparty.io.grpc.StatusRuntimeException: UNAVAILABLE: io exception
2020-10-27 07:57:02,483 [grpc-default-executor-3] WARN  server.GrpcLogAppender (GrpcLogAppender.java:resetClient(107)) - 66fe8200-7270-4b9e-bb73-e3e8d2e4209c@group-7DE914507AE6->0d858bf4-c4ae-4e92-b712-358cf0e50fa6-GrpcLogAppender: Leader has not got in touch with Follower 66fe8200-7270-4b9e-bb73-e3e8d2e4209c@group-7DE914507AE6->0d858bf4-c4ae-4e92-b712-358cf0e50fa6(c0,m0,n1, attendVote=true, lastRpcSendTime=0, lastRpcResponseTime=5002) yet, just keep nextIndex unchanged and retry.
2020-10-27 07:57:03,424 [Listener at 127.0.0.1/35583] INFO  ozoneimpl.OzoneContainer (OzoneContainer.java:stop(259)) - Attempting to stop container services.
2020-10-27 07:57:03,424 [Listener at 127.0.0.1/35583] INFO  impl.RaftServerProxy (RaftServerProxy.java:lambda$close$4(322)) - 66fe8200-7270-4b9e-bb73-e3e8d2e4209c: close
2020-10-27 07:57:03,424 [Listener at 127.0.0.1/35583] INFO  impl.RaftServerImpl (RaftServerImpl.java:lambda$shutdown$3(321)) - 66fe8200-7270-4b9e-bb73-e3e8d2e4209c@group-772CA83F5FA0: shutdown
2020-10-27 07:57:03,425 [Listener at 127.0.0.1/35583] INFO  util.JmxRegister (JmxRegister.java:unregister(73)) - Successfully un-registered JMX Bean with object name Ratis:service=RaftServer,group=group-772CA83F5FA0,id=66fe8200-7270-4b9e-bb73-e3e8d2e4209c
2020-10-27 07:57:03,425 [Listener at 127.0.0.1/35583] INFO  impl.RoleInfo (RoleInfo.java:shutdownLeaderState(104)) - 66fe8200-7270-4b9e-bb73-e3e8d2e4209c: shutdown LeaderState
2020-10-27 07:57:03,425 [Listener at 127.0.0.1/35583] INFO  impl.PendingRequests (PendingRequests.java:sendNotLeaderResponses(249)) - 66fe8200-7270-4b9e-bb73-e3e8d2e4209c@group-772CA83F5FA0-PendingRequests: sendNotLeaderResponses
2020-10-27 07:57:03,425 [Listener at 127.0.0.1/35583] INFO  metrics.RatisMetrics (RatisMetrics.java:unregister(43)) - Unregistering Metrics Registry : ratis.log_appender.66fe8200-7270-4b9e-bb73-e3e8d2e4209c@group-772CA83F5FA0
2020-10-27 07:57:03,426 [Listener at 127.0.0.1/35583] INFO  metrics.RatisMetrics (RatisMetrics.java:unregister(43)) - Unregistering Metrics Registry : ratis.server.66fe8200-7270-4b9e-bb73-e3e8d2e4209c@group-772CA83F5FA0
2020-10-27 07:57:03,428 [Listener at 127.0.0.1/35583] INFO  impl.StateMachineUpdater (StateMachineUpdater.java:stopAndJoin(142)) - 66fe8200-7270-4b9e-bb73-e3e8d2e4209c@group-772CA83F5FA0-StateMachineUpdater: set stopIndex = 0
2020-10-27 07:57:03,428 [66fe8200-7270-4b9e-bb73-e3e8d2e4209c@group-772CA83F5FA0-StateMachineUpdater] INFO  ratis.ContainerStateMachine (ContainerStateMachine.java:takeSnapshot(293)) - group-772CA83F5FA0: Taking a snapshot at:(t:1, i:0) file /github/workspace/mnt/ozone/hadoop-ozone/integration-test/target/test-dir/MiniOzoneClusterImpl-b0e8067d-8c2e-4ee5-9f61-8ad8788f9080/datanode-8/data/ratis/3a6cdbb6-c5ee-400b-a21a-772ca83f5fa0/sm/snapshot.1_0
2020-10-27 07:57:03,429 [66fe8200-7270-4b9e-bb73-e3e8d2e4209c@group-772CA83F5FA0-StateMachineUpdater] INFO  ratis.ContainerStateMachine (ContainerStateMachine.java:takeSnapshot(304)) - group-772CA83F5FA0: Finished taking a snapshot at:(t:1, i:0) file:/github/workspace/mnt/ozone/hadoop-ozone/integration-test/target/test-dir/MiniOzoneClusterImpl-b0e8067d-8c2e-4ee5-9f61-8ad8788f9080/datanode-8/data/ratis/3a6cdbb6-c5ee-400b-a21a-772ca83f5fa0/sm/snapshot.1_0 time:1
2020-10-27 07:57:03,429 [66fe8200-7270-4b9e-bb73-e3e8d2e4209c@group-772CA83F5FA0-StateMachineUpdater] INFO  impl.StateMachineUpdater (StateMachineUpdater.java:takeSnapshot(277)) - 66fe8200-7270-4b9e-bb73-e3e8d2e4209c@group-772CA83F5FA0-StateMachineUpdater: Took a snapshot at index 0
2020-10-27 07:57:03,429 [66fe8200-7270-4b9e-bb73-e3e8d2e4209c@group-772CA83F5FA0-StateMachineUpdater] INFO  impl.StateMachineUpdater (StateMachineUpdater.java:lambda$new$0(87)) - 66fe8200-7270-4b9e-bb73-e3e8d2e4209c@group-772CA83F5FA0-StateMachineUpdater: snapshotIndex: updateIncreasingly -1 -> 0
2020-10-27 07:57:03,429 [66fe8200-7270-4b9e-bb73-e3e8d2e4209c@group-772CA83F5FA0-StateMachineUpdater] INFO  metrics.RatisMetrics (RatisMetrics.java:unregister(43)) - Unregistering Metrics Registry : ratis.state_machine.66fe8200-7270-4b9e-bb73-e3e8d2e4209c@group-772CA83F5FA0
2020-10-27 07:57:03,429 [Listener at 127.0.0.1/35583] INFO  impl.RaftServerImpl (ServerState.java:close(405)) - 66fe8200-7270-4b9e-bb73-e3e8d2e4209c@group-772CA83F5FA0: closes. applyIndex: 0
2020-10-27 07:57:03,430 [66fe8200-7270-4b9e-bb73-e3e8d2e4209c@group-772CA83F5FA0-SegmentedRaftLogWorker] INFO  segmented.SegmentedRaftLogWorker (SegmentedRaftLogWorker.java:run(327)) - 66fe8200-7270-4b9e-bb73-e3e8d2e4209c@group-772CA83F5FA0-SegmentedRaftLogWorker was interrupted, exiting. There are 0 tasks remaining in the queue.
2020-10-27 07:57:03,430 [Listener at 127.0.0.1/35583] INFO  segmented.SegmentedRaftLogWorker (SegmentedRaftLogWorker.java:close(234)) - 66fe8200-7270-4b9e-bb73-e3e8d2e4209c@group-772CA83F5FA0-SegmentedRaftLogWorker close()
2020-10-27 07:57:03,431 [Listener at 127.0.0.1/35583] INFO  metrics.RatisMetrics (RatisMetrics.java:unregister(43)) - Unregistering Metrics Registry : ratis.log_worker.66fe8200-7270-4b9e-bb73-e3e8d2e4209c@group-772CA83F5FA0
2020-10-27 07:57:03,431 [Listener at 127.0.0.1/35583] INFO  metrics.RatisMetrics (RatisMetrics.java:unregister(43)) - Unregistering Metrics Registry : ratis.leader_election.66fe8200-7270-4b9e-bb73-e3e8d2e4209c@group-772CA83F5FA0
2020-10-27 07:57:03,431 [Listener at 127.0.0.1/35583] INFO  metrics.RatisMetrics (RatisMetrics.java:unregister(43)) - Unregistering Metrics Registry : ratis.server.66fe8200-7270-4b9e-bb73-e3e8d2e4209c@group-772CA83F5FA0
2020-10-27 07:57:03,431 [Listener at 127.0.0.1/35583] INFO  impl.RaftServerImpl (RaftServerImpl.java:lambda$shutdown$3(321)) - 66fe8200-7270-4b9e-bb73-e3e8d2e4209c@group-7DE914507AE6: shutdown
2020-10-27 07:57:03,431 [Listener at 127.0.0.1/35583] INFO  util.JmxRegister (JmxRegister.java:unregister(73)) - Successfully un-registered JMX Bean with object name Ratis:service=RaftServer,group=group-7DE914507AE6,id=66fe8200-7270-4b9e-bb73-e3e8d2e4209c
2020-10-27 07:57:03,431 [Listener at 127.0.0.1/35583] INFO  impl.RoleInfo (RoleInfo.java:shutdownLeaderState(104)) - 66fe8200-7270-4b9e-bb73-e3e8d2e4209c: shutdown LeaderState
2020-10-27 07:57:03,431 [Listener at 127.0.0.1/35583] INFO  metrics.RatisMetrics (RatisMetrics.java:unregister(43)) - Unregistering Metrics Registry : ratis_grpc.log_appender.66fe8200-7270-4b9e-bb73-e3e8d2e4209c@group-7DE914507AE6
2020-10-27 07:57:03,432 [Listener at 127.0.0.1/35583] INFO  metrics.RatisMetrics (RatisMetrics.java:unregister(43)) - Unregistering Metrics Registry : ratis_grpc.log_appender.66fe8200-7270-4b9e-bb73-e3e8d2e4209c@group-7DE914507AE6
2020-10-27 07:57:03,432 [org.apache.ratis.server.impl.LogAppender$AppenderDaemon$$Lambda$457/1735997321@728eb3dc] WARN  server.GrpcLogAppender (GrpcLogAppender.java:mayWait(168)) - 66fe8200-7270-4b9e-bb73-e3e8d2e4209c@group-7DE914507AE6->6b039a25-7392-4901-8f83-2a13f99b0a3b-GrpcLogAppender: Wait interrupted by java.lang.InterruptedException
2020-10-27 07:57:03,432 [Listener at 127.0.0.1/35583] INFO  impl.PendingRequests (PendingRequests.java:sendNotLeaderResponses(249)) - 66fe8200-7270-4b9e-bb73-e3e8d2e4209c@group-7DE914507AE6-PendingRequests: sendNotLeaderResponses
2020-10-27 07:57:03,432 [Listener at 127.0.0.1/35583] INFO  metrics.RatisMetrics (RatisMetrics.java:unregister(43)) - Unregistering Metrics Registry : ratis.log_appender.66fe8200-7270-4b9e-bb73-e3e8d2e4209c@group-7DE914507AE6
2020-10-27 07:57:03,432 [grpc-default-executor-3] INFO  server.GrpcServerProtocolService (GrpcServerProtocolService.java:onCompleted(138)) - 6b039a25-7392-4901-8f83-2a13f99b0a3b: Completed APPEND_ENTRIES, lastRequest: 66fe8200-7270-4b9e-bb73-e3e8d2e4209c->6b039a25-7392-4901-8f83-2a13f99b0a3b#1-t1, previous=(t:0, i:0), leaderCommit=-1, initializing? false, entries: size=1, first=(t:1, i:0), CONFIGURATIONENTRY
2020-10-27 07:57:03,432 [org.apache.ratis.server.impl.LogAppender$AppenderDaemon$$Lambda$457/1735997321@11881546] WARN  server.GrpcLogAppender (GrpcLogAppender.java:mayWait(168)) - 66fe8200-7270-4b9e-bb73-e3e8d2e4209c@group-7DE914507AE6->0d858bf4-c4ae-4e92-b712-358cf0e50fa6-GrpcLogAppender: Wait interrupted by java.lang.InterruptedException
2020-10-27 07:57:03,433 [Listener at 127.0.0.1/35583] INFO  metrics.RatisMetrics (RatisMetrics.java:unregister(43)) - Unregistering Metrics Registry : ratis.server.66fe8200-7270-4b9e-bb73-e3e8d2e4209c@group-7DE914507AE6
2020-10-27 07:57:03,433 [grpc-default-executor-3] INFO  server.GrpcLogAppender (GrpcLogAppender.java:onCompleted(336)) - 66fe8200-7270-4b9e-bb73-e3e8d2e4209c@group-7DE914507AE6->6b039a25-7392-4901-8f83-2a13f99b0a3b-AppendLogResponseHandler: follower responses appendEntries COMPLETED
2020-10-27 07:57:03,433 [grpc-default-executor-3] INFO  impl.FollowerInfo (FollowerInfo.java:lambda$new$0(51)) - 66fe8200-7270-4b9e-bb73-e3e8d2e4209c@group-7DE914507AE6->6b039a25-7392-4901-8f83-2a13f99b0a3b: nextIndex: updateUnconditionally 1 -> 0
2020-10-27 07:57:03,434 [Listener at 127.0.0.1/35583] INFO  impl.StateMachineUpdater (StateMachineUpdater.java:stopAndJoin(142)) - 66fe8200-7270-4b9e-bb73-e3e8d2e4209c@group-7DE914507AE6-StateMachineUpdater: set stopIndex = 0
2020-10-27 07:57:03,435 [66fe8200-7270-4b9e-bb73-e3e8d2e4209c@group-7DE914507AE6-StateMachineUpdater] INFO  ratis.ContainerStateMachine (ContainerStateMachine.java:takeSnapshot(293)) - group-7DE914507AE6: Taking a snapshot at:(t:1, i:0) file /github/workspace/mnt/ozone/hadoop-ozone/integration-test/target/test-dir/MiniOzoneClusterImpl-b0e8067d-8c2e-4ee5-9f61-8ad8788f9080/datanode-8/data/ratis/f7fae826-9b33-4bf2-9b68-7de914507ae6/sm/snapshot.1_0
2020-10-27 07:57:03,436 [66fe8200-7270-4b9e-bb73-e3e8d2e4209c@group-7DE914507AE6-StateMachineUpdater] INFO  ratis.ContainerStateMachine (ContainerStateMachine.java:takeSnapshot(304)) - group-7DE914507AE6: Finished taking a snapshot at:(t:1, i:0) file:/github/workspace/mnt/ozone/hadoop-ozone/integration-test/target/test-dir/MiniOzoneClusterImpl-b0e8067d-8c2e-4ee5-9f61-8ad8788f9080/datanode-8/data/ratis/f7fae826-9b33-4bf2-9b68-7de914507ae6/sm/snapshot.1_0 time:1
2020-10-27 07:57:03,436 [66fe8200-7270-4b9e-bb73-e3e8d2e4209c@group-7DE914507AE6-StateMachineUpdater] INFO  impl.StateMachineUpdater (StateMachineUpdater.java:takeSnapshot(277)) - 66fe8200-7270-4b9e-bb73-e3e8d2e4209c@group-7DE914507AE6-StateMachineUpdater: Took a snapshot at index 0
2020-10-27 07:57:03,436 [66fe8200-7270-4b9e-bb73-e3e8d2e4209c@group-7DE914507AE6-StateMachineUpdater] INFO  impl.StateMachineUpdater (StateMachineUpdater.java:lambda$new$0(87)) - 66fe8200-7270-4b9e-bb73-e3e8d2e4209c@group-7DE914507AE6-StateMachineUpdater: snapshotIndex: updateIncreasingly -1 -> 0
2020-10-27 07:57:03,436 [66fe8200-7270-4b9e-bb73-e3e8d2e4209c@group-7DE914507AE6-StateMachineUpdater] INFO  metrics.RatisMetrics (RatisMetrics.java:unregister(43)) - Unregistering Metrics Registry : ratis.state_machine.66fe8200-7270-4b9e-bb73-e3e8d2e4209c@group-7DE914507AE6
2020-10-27 07:57:03,436 [Listener at 127.0.0.1/35583] INFO  impl.RaftServerImpl (ServerState.java:close(405)) - 66fe8200-7270-4b9e-bb73-e3e8d2e4209c@group-7DE914507AE6: closes. applyIndex: 0
2020-10-27 07:57:03,436 [66fe8200-7270-4b9e-bb73-e3e8d2e4209c@group-7DE914507AE6-SegmentedRaftLogWorker] INFO  segmented.SegmentedRaftLogWorker (SegmentedRaftLogWorker.java:run(327)) - 66fe8200-7270-4b9e-bb73-e3e8d2e4209c@group-7DE914507AE6-SegmentedRaftLogWorker was interrupted, exiting. There are 0 tasks remaining in the queue.
2020-10-27 07:57:03,437 [Listener at 127.0.0.1/35583] INFO  segmented.SegmentedRaftLogWorker (SegmentedRaftLogWorker.java:close(234)) - 66fe8200-7270-4b9e-bb73-e3e8d2e4209c@group-7DE914507AE6-SegmentedRaftLogWorker close()
2020-10-27 07:57:03,437 [Listener at 127.0.0.1/35583] INFO  metrics.RatisMetrics (RatisMetrics.java:unregister(43)) - Unregistering Metrics Registry : ratis.log_worker.66fe8200-7270-4b9e-bb73-e3e8d2e4209c@group-7DE914507AE6
2020-10-27 07:57:03,437 [Listener at 127.0.0.1/35583] INFO  metrics.RatisMetrics (RatisMetrics.java:unregister(43)) - Unregistering Metrics Registry : ratis.leader_election.66fe8200-7270-4b9e-bb73-e3e8d2e4209c@group-7DE914507AE6
2020-10-27 07:57:03,438 [Listener at 127.0.0.1/35583] INFO  metrics.RatisMetrics (RatisMetrics.java:unregister(43)) - Unregistering Metrics Registry : ratis.server.66fe8200-7270-4b9e-bb73-e3e8d2e4209c@group-7DE914507AE6
2020-10-27 07:57:03,438 [Listener at 127.0.0.1/35583] INFO  server.GrpcService (GrpcService.java:closeImpl(183)) - 66fe8200-7270-4b9e-bb73-e3e8d2e4209c: shutdown server with port 36451 now
2020-10-27 07:57:03,438 [ForkJoinPool.commonPool-worker-0] INFO  ozoneimpl.OzoneContainer (OzoneContainer.java:stop(259)) - Attempting to stop container services.
2020-10-27 07:57:03,438 [ForkJoinPool.commonPool-worker-0] INFO  impl.RaftServerProxy (RaftServerProxy.java:lambda$close$4(322)) - 5a42b6c6-dd9e-4bd1-bc6a-89f7d8f7d666: close
2020-10-27 07:57:03,438 [ForkJoinPool.commonPool-worker-0] INFO  impl.RaftServerImpl (RaftServerImpl.java:lambda$shutdown$3(321)) - 5a42b6c6-dd9e-4bd1-bc6a-89f7d8f7d666@group-B0C851E909BF: shutdown
2020-10-27 07:57:03,439 [ForkJoinPool.commonPool-worker-0] INFO  util.JmxRegister (JmxRegister.java:unregister(73)) - Successfully un-registered JMX Bean with object name Ratis:service=RaftServer,group=group-B0C851E909BF,id=5a42b6c6-dd9e-4bd1-bc6a-89f7d8f7d666
2020-10-27 07:57:03,439 [ForkJoinPool.commonPool-worker-0] INFO  impl.RoleInfo (RoleInfo.java:shutdownLeaderState(104)) - 5a42b6c6-dd9e-4bd1-bc6a-89f7d8f7d666: shutdown LeaderState
2020-10-27 07:57:03,439 [ForkJoinPool.commonPool-worker-0] INFO  impl.PendingRequests (PendingRequests.java:sendNotLeaderResponses(249)) - 5a42b6c6-dd9e-4bd1-bc6a-89f7d8f7d666@group-B0C851E909BF-PendingRequests: sendNotLeaderResponses
2020-10-27 07:57:03,439 [ForkJoinPool.commonPool-worker-0] INFO  metrics.RatisMetrics (RatisMetrics.java:unregister(43)) - Unregistering Metrics Registry : ratis.log_appender.5a42b6c6-dd9e-4bd1-bc6a-89f7d8f7d666@group-B0C851E909BF
2020-10-27 07:57:03,439 [ForkJoinPool.commonPool-worker-0] INFO  metrics.RatisMetrics (RatisMetrics.java:unregister(43)) - Unregistering Metrics Registry : ratis.server.5a42b6c6-dd9e-4bd1-bc6a-89f7d8f7d666@group-B0C851E909BF
2020-10-27 07:57:03,440 [ForkJoinPool.commonPool-worker-0] INFO  impl.StateMachineUpdater (StateMachineUpdater.java:stopAndJoin(142)) - 5a42b6c6-dd9e-4bd1-bc6a-89f7d8f7d666@group-B0C851E909BF-StateMachineUpdater: set stopIndex = 0
2020-10-27 07:57:03,441 [5a42b6c6-dd9e-4bd1-bc6a-89f7d8f7d666@group-B0C851E909BF-StateMachineUpdater] INFO  ratis.ContainerStateMachine (ContainerStateMachine.java:takeSnapshot(293)) - group-B0C851E909BF: Taking a snapshot at:(t:1, i:0) file /github/workspace/mnt/ozone/hadoop-ozone/integration-test/target/test-dir/MiniOzoneClusterImpl-b0e8067d-8c2e-4ee5-9f61-8ad8788f9080/datanode-1/data/ratis/cac3be28-4f91-4a47-8927-b0c851e909bf/sm/snapshot.1_0
2020-10-27 07:57:03,441 [5a42b6c6-dd9e-4bd1-bc6a-89f7d8f7d666@group-B0C851E909BF-StateMachineUpdater] INFO  ratis.ContainerStateMachine (ContainerStateMachine.java:takeSnapshot(304)) - group-B0C851E909BF: Finished taking a snapshot at:(t:1, i:0) file:/github/workspace/mnt/ozone/hadoop-ozone/integration-test/target/test-dir/MiniOzoneClusterImpl-b0e8067d-8c2e-4ee5-9f61-8ad8788f9080/datanode-1/data/ratis/cac3be28-4f91-4a47-8927-b0c851e909bf/sm/snapshot.1_0 time:1
2020-10-27 07:57:03,442 [5a42b6c6-dd9e-4bd1-bc6a-89f7d8f7d666@group-B0C851E909BF-StateMachineUpdater] INFO  impl.StateMachineUpdater (StateMachineUpdater.java:takeSnapshot(277)) - 5a42b6c6-dd9e-4bd1-bc6a-89f7d8f7d666@group-B0C851E909BF-StateMachineUpdater: Took a snapshot at index 0
2020-10-27 07:57:03,442 [5a42b6c6-dd9e-4bd1-bc6a-89f7d8f7d666@group-B0C851E909BF-StateMachineUpdater] INFO  impl.StateMachineUpdater (StateMachineUpdater.java:lambda$new$0(87)) - 5a42b6c6-dd9e-4bd1-bc6a-89f7d8f7d666@group-B0C851E909BF-StateMachineUpdater: snapshotIndex: updateIncreasingly -1 -> 0
2020-10-27 07:57:03,442 [5a42b6c6-dd9e-4bd1-bc6a-89f7d8f7d666@group-B0C851E909BF-StateMachineUpdater] INFO  metrics.RatisMetrics (RatisMetrics.java:unregister(43)) - Unregistering Metrics Registry : ratis.state_machine.5a42b6c6-dd9e-4bd1-bc6a-89f7d8f7d666@group-B0C851E909BF
2020-10-27 07:57:03,442 [ForkJoinPool.commonPool-worker-0] INFO  impl.RaftServerImpl (ServerState.java:close(405)) - 5a42b6c6-dd9e-4bd1-bc6a-89f7d8f7d666@group-B0C851E909BF: closes. applyIndex: 0
2020-10-27 07:57:03,443 [Listener at 127.0.0.1/35583] INFO  server.GrpcService (GrpcService.java:closeImpl(191)) - 66fe8200-7270-4b9e-bb73-e3e8d2e4209c: shutdown server with port 36451 successfully
2020-10-27 07:57:03,443 [5a42b6c6-dd9e-4bd1-bc6a-89f7d8f7d666@group-B0C851E909BF-SegmentedRaftLogWorker] INFO  segmented.SegmentedRaftLogWorker (SegmentedRaftLogWorker.java:run(327)) - 5a42b6c6-dd9e-4bd1-bc6a-89f7d8f7d666@group-B0C851E909BF-SegmentedRaftLogWorker was interrupted, exiting. There are 0 tasks remaining in the queue.
2020-10-27 07:57:03,443 [ForkJoinPool.commonPool-worker-0] INFO  segmented.SegmentedRaftLogWorker (SegmentedRaftLogWorker.java:close(234)) - 5a42b6c6-dd9e-4bd1-bc6a-89f7d8f7d666@group-B0C851E909BF-SegmentedRaftLogWorker close()
2020-10-27 07:57:03,444 [ForkJoinPool.commonPool-worker-0] INFO  metrics.RatisMetrics (RatisMetrics.java:unregister(43)) - Unregistering Metrics Registry : ratis.log_worker.5a42b6c6-dd9e-4bd1-bc6a-89f7d8f7d666@group-B0C851E909BF
2020-10-27 07:57:03,444 [ForkJoinPool.commonPool-worker-0] INFO  metrics.RatisMetrics (RatisMetrics.java:unregister(43)) - Unregistering Metrics Registry : ratis.leader_election.5a42b6c6-dd9e-4bd1-bc6a-89f7d8f7d666@group-B0C851E909BF
2020-10-27 07:57:03,444 [ForkJoinPool.commonPool-worker-0] INFO  metrics.RatisMetrics (RatisMetrics.java:unregister(43)) - Unregistering Metrics Registry : ratis.server.5a42b6c6-dd9e-4bd1-bc6a-89f7d8f7d666@group-B0C851E909BF
2020-10-27 07:57:03,444 [ForkJoinPool.commonPool-worker-0] INFO  impl.RaftServerImpl (RaftServerImpl.java:lambda$shutdown$3(321)) - 5a42b6c6-dd9e-4bd1-bc6a-89f7d8f7d666@group-E13E969E17FD: shutdown
2020-10-27 07:57:03,444 [ForkJoinPool.commonPool-worker-0] INFO  util.JmxRegister (JmxRegister.java:unregister(73)) - Successfully un-registered JMX Bean with object name Ratis:service=RaftServer,group=group-E13E969E17FD,id=5a42b6c6-dd9e-4bd1-bc6a-89f7d8f7d666
2020-10-27 07:57:03,444 [ForkJoinPool.commonPool-worker-0] INFO  impl.RoleInfo (RoleInfo.java:shutdownFollowerState(121)) - 5a42b6c6-dd9e-4bd1-bc6a-89f7d8f7d666: shutdown FollowerState
2020-10-27 07:57:03,444 [ForkJoinPool.commonPool-worker-0] INFO  impl.StateMachineUpdater (StateMachineUpdater.java:stopAndJoin(142)) - 5a42b6c6-dd9e-4bd1-bc6a-89f7d8f7d666@group-E13E969E17FD-StateMachineUpdater: set stopIndex = 0
2020-10-27 07:57:03,444 [Thread-1721] INFO  impl.FollowerState (FollowerState.java:run(117)) - 5a42b6c6-dd9e-4bd1-bc6a-89f7d8f7d666@group-E13E969E17FD-FollowerState was interrupted: java.lang.InterruptedException: sleep interrupted
2020-10-27 07:57:03,445 [5a42b6c6-dd9e-4bd1-bc6a-89f7d8f7d666@group-E13E969E17FD-StateMachineUpdater] INFO  ratis.ContainerStateMachine (ContainerStateMachine.java:takeSnapshot(293)) - group-E13E969E17FD: Taking a snapshot at:(t:1, i:0) file /github/workspace/mnt/ozone/hadoop-ozone/integration-test/target/test-dir/MiniOzoneClusterImpl-b0e8067d-8c2e-4ee5-9f61-8ad8788f9080/datanode-1/data/ratis/a99e8c6f-1c5f-4bac-9f40-e13e969e17fd/sm/snapshot.1_0
2020-10-27 07:57:03,445 [5a42b6c6-dd9e-4bd1-bc6a-89f7d8f7d666@group-E13E969E17FD-StateMachineUpdater] INFO  ratis.ContainerStateMachine (ContainerStateMachine.java:takeSnapshot(304)) - group-E13E969E17FD: Finished taking a snapshot at:(t:1, i:0) file:/github/workspace/mnt/ozone/hadoop-ozone/integration-test/target/test-dir/MiniOzoneClusterImpl-b0e8067d-8c2e-4ee5-9f61-8ad8788f9080/datanode-1/data/ratis/a99e8c6f-1c5f-4bac-9f40-e13e969e17fd/sm/snapshot.1_0 time:0
2020-10-27 07:57:03,445 [Listener at 127.0.0.1/35583] INFO  utils.BackgroundService (BackgroundService.java:shutdown(132)) - Shutting down service BlockDeletingService
2020-10-27 07:57:03,446 [5a42b6c6-dd9e-4bd1-bc6a-89f7d8f7d666@group-E13E969E17FD-StateMachineUpdater] INFO  impl.StateMachineUpdater (StateMachineUpdater.java:takeSnapshot(277)) - 5a42b6c6-dd9e-4bd1-bc6a-89f7d8f7d666@group-E13E969E17FD-StateMachineUpdater: Took a snapshot at index 0
2020-10-27 07:57:03,446 [5a42b6c6-dd9e-4bd1-bc6a-89f7d8f7d666@group-E13E969E17FD-StateMachineUpdater] INFO  impl.StateMachineUpdater (StateMachineUpdater.java:lambda$new$0(87)) - 5a42b6c6-dd9e-4bd1-bc6a-89f7d8f7d666@group-E13E969E17FD-StateMachineUpdater: snapshotIndex: updateIncreasingly -1 -> 0
2020-10-27 07:57:03,446 [5a42b6c6-dd9e-4bd1-bc6a-89f7d8f7d666@group-E13E969E17FD-StateMachineUpdater] INFO  metrics.RatisMetrics (RatisMetrics.java:unregister(43)) - Unregistering Metrics Registry : ratis.state_machine.5a42b6c6-dd9e-4bd1-bc6a-89f7d8f7d666@group-E13E969E17FD
2020-10-27 07:57:03,446 [ForkJoinPool.commonPool-worker-0] INFO  impl.RaftServerImpl (ServerState.java:close(405)) - 5a42b6c6-dd9e-4bd1-bc6a-89f7d8f7d666@group-E13E969E17FD: closes. applyIndex: 0
2020-10-27 07:57:03,446 [5a42b6c6-dd9e-4bd1-bc6a-89f7d8f7d666@group-E13E969E17FD-SegmentedRaftLogWorker] INFO  segmented.SegmentedRaftLogWorker (SegmentedRaftLogWorker.java:run(327)) - 5a42b6c6-dd9e-4bd1-bc6a-89f7d8f7d666@group-E13E969E17FD-SegmentedRaftLogWorker was interrupted, exiting. There are 0 tasks remaining in the queue.
2020-10-27 07:57:03,446 [ForkJoinPool.commonPool-worker-0] INFO  segmented.SegmentedRaftLogWorker (SegmentedRaftLogWorker.java:close(234)) - 5a42b6c6-dd9e-4bd1-bc6a-89f7d8f7d666@group-E13E969E17FD-SegmentedRaftLogWorker close()
2020-10-27 07:57:03,448 [ForkJoinPool.commonPool-worker-0] INFO  metrics.RatisMetrics (RatisMetrics.java:unregister(43)) - Unregistering Metrics Registry : ratis.log_worker.5a42b6c6-dd9e-4bd1-bc6a-89f7d8f7d666@group-E13E969E17FD
2020-10-27 07:57:03,448 [ForkJoinPool.commonPool-worker-0] INFO  metrics.RatisMetrics (RatisMetrics.java:unregister(43)) - Unregistering Metrics Registry : ratis.leader_election.5a42b6c6-dd9e-4bd1-bc6a-89f7d8f7d666@group-E13E969E17FD
2020-10-27 07:57:03,448 [ForkJoinPool.commonPool-worker-0] INFO  metrics.RatisMetrics (RatisMetrics.java:unregister(43)) - Unregistering Metrics Registry : ratis.server.5a42b6c6-dd9e-4bd1-bc6a-89f7d8f7d666@group-E13E969E17FD
2020-10-27 07:57:03,448 [ForkJoinPool.commonPool-worker-0] INFO  server.GrpcService (GrpcService.java:closeImpl(183)) - 5a42b6c6-dd9e-4bd1-bc6a-89f7d8f7d666: shutdown server with port 42521 now
2020-10-27 07:57:03,450 [grpc-default-executor-2] WARN  client.GrpcClientProtocolService (LogUtils.java:warn(122)) - 0-OrderedRequestStreamObserver0: onError: org.apache.ratis.thirdparty.io.grpc.StatusRuntimeException: CANCELLED: cancelled before receiving half close
2020-10-27 07:57:03,451 [ForkJoinPool.commonPool-worker-0] INFO  server.GrpcService (GrpcService.java:closeImpl(191)) - 5a42b6c6-dd9e-4bd1-bc6a-89f7d8f7d666: shutdown server with port 42521 successfully
2020-10-27 07:57:03,451 [Listener at 127.0.0.1/35583] INFO  statemachine.DatanodeStateMachine (DatanodeStateMachine.java:stopDaemon(453)) - Ozone container server stopped.
2020-10-27 07:57:03,453 [ForkJoinPool.commonPool-worker-0] INFO  utils.BackgroundService (BackgroundService.java:shutdown(132)) - Shutting down service BlockDeletingService
2020-10-27 07:57:03,454 [ForkJoinPool.commonPool-worker-0] INFO  statemachine.DatanodeStateMachine (DatanodeStateMachine.java:stopDaemon(453)) - Ozone container server stopped.
2020-10-27 07:57:03,463 [Listener at 127.0.0.1/35583] INFO  handler.ContextHandler (ContextHandler.java:doStop(1016)) - Stopped o.e.j.w.WebAppContext@79242162{hddsDatanode,/,null,UNAVAILABLE}{jar:file:/home/user/.m2/repository/org/apache/hadoop/hadoop-hdds-container-service/1.1.0-SNAPSHOT/hadoop-hdds-container-service-1.1.0-SNAPSHOT.jar!/webapps/hddsDatanode}
2020-10-27 07:57:03,470 [Listener at 127.0.0.1/35583] INFO  server.AbstractConnector (AbstractConnector.java:doStop(380)) - Stopped ServerConnector@4966454a{HTTP/1.1,[http/1.1]}{0.0.0.0:0}
2020-10-27 07:57:03,470 [Listener at 127.0.0.1/35583] INFO  server.session (HouseKeeper.java:stopScavenging(158)) - node0 Stopped scavenging
2020-10-27 07:57:03,470 [Listener at 127.0.0.1/35583] INFO  handler.ContextHandler (ContextHandler.java:doStop(1016)) - Stopped o.e.j.s.ServletContextHandler@566806a{static,/static,jar:file:/home/user/.m2/repository/org/apache/hadoop/hadoop-hdds-container-service/1.1.0-SNAPSHOT/hadoop-hdds-container-service-1.1.0-SNAPSHOT.jar!/webapps/static,UNAVAILABLE}
2020-10-27 07:57:03,470 [Listener at 127.0.0.1/35583] INFO  handler.ContextHandler (ContextHandler.java:doStop(1016)) - Stopped o.e.j.s.ServletContextHandler@45f3891c{logs,/logs,file:///github/workspace/mnt/ozone/hadoop-ozone/integration-test/target/log,UNAVAILABLE}
2020-10-27 07:57:03,470 [ForkJoinPool.commonPool-worker-0] INFO  handler.ContextHandler (ContextHandler.java:doStop(1016)) - Stopped o.e.j.w.WebAppContext@65b4a0d2{hddsDatanode,/,null,UNAVAILABLE}{jar:file:/home/user/.m2/repository/org/apache/hadoop/hadoop-hdds-container-service/1.1.0-SNAPSHOT/hadoop-hdds-container-service-1.1.0-SNAPSHOT.jar!/webapps/hddsDatanode}
2020-10-27 07:57:03,473 [ForkJoinPool.commonPool-worker-0] INFO  server.AbstractConnector (AbstractConnector.java:doStop(380)) - Stopped ServerConnector@7f5c0e00{HTTP/1.1,[http/1.1]}{0.0.0.0:0}
2020-10-27 07:57:03,473 [ForkJoinPool.commonPool-worker-0] INFO  server.session (HouseKeeper.java:stopScavenging(158)) - node0 Stopped scavenging
2020-10-27 07:57:03,474 [ForkJoinPool.commonPool-worker-0] INFO  handler.ContextHandler (ContextHandler.java:doStop(1016)) - Stopped o.e.j.s.ServletContextHandler@273ea660{static,/static,jar:file:/home/user/.m2/repository/org/apache/hadoop/hadoop-hdds-container-service/1.1.0-SNAPSHOT/hadoop-hdds-container-service-1.1.0-SNAPSHOT.jar!/webapps/static,UNAVAILABLE}
2020-10-27 07:57:03,475 [ForkJoinPool.commonPool-worker-0] INFO  handler.ContextHandler (ContextHandler.java:doStop(1016)) - Stopped o.e.j.s.ServletContextHandler@57bbdcf1{logs,/logs,file:///github/workspace/mnt/ozone/hadoop-ozone/integration-test/target/log,UNAVAILABLE}
2020-10-27 07:57:03,821 [Datanode State Machine Thread - 0] INFO  statemachine.DatanodeStateMachine (DatanodeStateMachine.java:lambda$startDaemon$0(405)) - Ozone container server started.
2020-10-27 07:57:08,478 [ForkJoinPool.commonPool-worker-0] INFO  ozoneimpl.OzoneContainer (OzoneContainer.java:stop(259)) - Attempting to stop container services.
2020-10-27 07:57:08,479 [ForkJoinPool.commonPool-worker-0] INFO  impl.RaftServerProxy (RaftServerProxy.java:lambda$close$4(322)) - 6b039a25-7392-4901-8f83-2a13f99b0a3b: close
2020-10-27 07:57:08,479 [ForkJoinPool.commonPool-worker-0] INFO  impl.RaftServerImpl (RaftServerImpl.java:lambda$shutdown$3(321)) - 6b039a25-7392-4901-8f83-2a13f99b0a3b@group-DA88D2737EB6: shutdown
2020-10-27 07:57:08,479 [ForkJoinPool.commonPool-worker-0] INFO  util.JmxRegister (JmxRegister.java:unregister(73)) - Successfully un-registered JMX Bean with object name Ratis:service=RaftServer,group=group-DA88D2737EB6,id=6b039a25-7392-4901-8f83-2a13f99b0a3b
2020-10-27 07:57:08,480 [ForkJoinPool.commonPool-worker-0] INFO  impl.RoleInfo (RoleInfo.java:shutdownLeaderState(104)) - 6b039a25-7392-4901-8f83-2a13f99b0a3b: shutdown LeaderState
2020-10-27 07:57:08,480 [ForkJoinPool.commonPool-worker-0] INFO  impl.PendingRequests (PendingRequests.java:sendNotLeaderResponses(249)) - 6b039a25-7392-4901-8f83-2a13f99b0a3b@group-DA88D2737EB6-PendingRequests: sendNotLeaderResponses
2020-10-27 07:57:08,480 [ForkJoinPool.commonPool-worker-0] INFO  metrics.RatisMetrics (RatisMetrics.java:unregister(43)) - Unregistering Metrics Registry : ratis.log_appender.6b039a25-7392-4901-8f83-2a13f99b0a3b@group-DA88D2737EB6
2020-10-27 07:57:08,480 [ForkJoinPool.commonPool-worker-0] INFO  metrics.RatisMetrics (RatisMetrics.java:unregister(43)) - Unregistering Metrics Registry : ratis.server.6b039a25-7392-4901-8f83-2a13f99b0a3b@group-DA88D2737EB6
2020-10-27 07:57:08,482 [ForkJoinPool.commonPool-worker-0] INFO  impl.StateMachineUpdater (StateMachineUpdater.java:stopAndJoin(142)) - 6b039a25-7392-4901-8f83-2a13f99b0a3b@group-DA88D2737EB6-StateMachineUpdater: set stopIndex = 0
2020-10-27 07:57:08,482 [6b039a25-7392-4901-8f83-2a13f99b0a3b@group-DA88D2737EB6-StateMachineUpdater] INFO  ratis.ContainerStateMachine (ContainerStateMachine.java:takeSnapshot(293)) - group-DA88D2737EB6: Taking a snapshot at:(t:1, i:0) file /github/workspace/mnt/ozone/hadoop-ozone/integration-test/target/test-dir/MiniOzoneClusterImpl-b0e8067d-8c2e-4ee5-9f61-8ad8788f9080/datanode-6/data/ratis/ba2d97c9-14dd-4833-97c5-da88d2737eb6/sm/snapshot.1_0
2020-10-27 07:57:08,483 [6b039a25-7392-4901-8f83-2a13f99b0a3b@group-DA88D2737EB6-StateMachineUpdater] INFO  ratis.ContainerStateMachine (ContainerStateMachine.java:takeSnapshot(304)) - group-DA88D2737EB6: Finished taking a snapshot at:(t:1, i:0) file:/github/workspace/mnt/ozone/hadoop-ozone/integration-test/target/test-dir/MiniOzoneClusterImpl-b0e8067d-8c2e-4ee5-9f61-8ad8788f9080/datanode-6/data/ratis/ba2d97c9-14dd-4833-97c5-da88d2737eb6/sm/snapshot.1_0 time:1
2020-10-27 07:57:08,483 [6b039a25-7392-4901-8f83-2a13f99b0a3b@group-DA88D2737EB6-StateMachineUpdater] INFO  impl.StateMachineUpdater (StateMachineUpdater.java:takeSnapshot(277)) - 6b039a25-7392-4901-8f83-2a13f99b0a3b@group-DA88D2737EB6-StateMachineUpdater: Took a snapshot at index 0
2020-10-27 07:57:08,483 [6b039a25-7392-4901-8f83-2a13f99b0a3b@group-DA88D2737EB6-StateMachineUpdater] INFO  impl.StateMachineUpdater (StateMachineUpdater.java:lambda$new$0(87)) - 6b039a25-7392-4901-8f83-2a13f99b0a3b@group-DA88D2737EB6-StateMachineUpdater: snapshotIndex: updateIncreasingly -1 -> 0
2020-10-27 07:57:08,484 [6b039a25-7392-4901-8f83-2a13f99b0a3b@group-DA88D2737EB6-StateMachineUpdater] INFO  metrics.RatisMetrics (RatisMetrics.java:unregister(43)) - Unregistering Metrics Registry : ratis.state_machine.6b039a25-7392-4901-8f83-2a13f99b0a3b@group-DA88D2737EB6
2020-10-27 07:57:08,484 [ForkJoinPool.commonPool-worker-0] INFO  impl.RaftServerImpl (ServerState.java:close(405)) - 6b039a25-7392-4901-8f83-2a13f99b0a3b@group-DA88D2737EB6: closes. applyIndex: 0
2020-10-27 07:57:08,484 [6b039a25-7392-4901-8f83-2a13f99b0a3b@group-DA88D2737EB6-SegmentedRaftLogWorker] INFO  segmented.SegmentedRaftLogWorker (SegmentedRaftLogWorker.java:run(327)) - 6b039a25-7392-4901-8f83-2a13f99b0a3b@group-DA88D2737EB6-SegmentedRaftLogWorker was interrupted, exiting. There are 0 tasks remaining in the queue.
2020-10-27 07:57:08,484 [ForkJoinPool.commonPool-worker-0] INFO  segmented.SegmentedRaftLogWorker (SegmentedRaftLogWorker.java:close(234)) - 6b039a25-7392-4901-8f83-2a13f99b0a3b@group-DA88D2737EB6-SegmentedRaftLogWorker close()
2020-10-27 07:57:08,485 [ForkJoinPool.commonPool-worker-0] INFO  metrics.RatisMetrics (RatisMetrics.java:unregister(43)) - Unregistering Metrics Registry : ratis.log_worker.6b039a25-7392-4901-8f83-2a13f99b0a3b@group-DA88D2737EB6
2020-10-27 07:57:08,485 [ForkJoinPool.commonPool-worker-0] INFO  metrics.RatisMetrics (RatisMetrics.java:unregister(43)) - Unregistering Metrics Registry : ratis.leader_election.6b039a25-7392-4901-8f83-2a13f99b0a3b@group-DA88D2737EB6
2020-10-27 07:57:08,485 [ForkJoinPool.commonPool-worker-0] INFO  metrics.RatisMetrics (RatisMetrics.java:unregister(43)) - Unregistering Metrics Registry : ratis.server.6b039a25-7392-4901-8f83-2a13f99b0a3b@group-DA88D2737EB6
2020-10-27 07:57:08,485 [ForkJoinPool.commonPool-worker-0] INFO  impl.RaftServerImpl (RaftServerImpl.java:lambda$shutdown$3(321)) - 6b039a25-7392-4901-8f83-2a13f99b0a3b@group-7DE914507AE6: shutdown
2020-10-27 07:57:08,485 [ForkJoinPool.commonPool-worker-0] INFO  util.JmxRegister (JmxRegister.java:unregister(73)) - Successfully un-registered JMX Bean with object name Ratis:service=RaftServer,group=group-7DE914507AE6,id=6b039a25-7392-4901-8f83-2a13f99b0a3b
2020-10-27 07:57:08,485 [ForkJoinPool.commonPool-worker-0] INFO  impl.RoleInfo (RoleInfo.java:shutdownFollowerState(121)) - 6b039a25-7392-4901-8f83-2a13f99b0a3b: shutdown FollowerState
2020-10-27 07:57:08,485 [Thread-1767] INFO  impl.FollowerState (FollowerState.java:run(117)) - 6b039a25-7392-4901-8f83-2a13f99b0a3b@group-7DE914507AE6-FollowerState was interrupted: java.lang.InterruptedException: sleep interrupted
2020-10-27 07:57:08,486 [6b039a25-7392-4901-8f83-2a13f99b0a3b@group-7DE914507AE6-StateMachineUpdater] INFO  ratis.ContainerStateMachine (ContainerStateMachine.java:takeSnapshot(293)) - group-7DE914507AE6: Taking a snapshot at:(t:1, i:0) file /github/workspace/mnt/ozone/hadoop-ozone/integration-test/target/test-dir/MiniOzoneClusterImpl-b0e8067d-8c2e-4ee5-9f61-8ad8788f9080/datanode-6/data/ratis/f7fae826-9b33-4bf2-9b68-7de914507ae6/sm/snapshot.1_0
2020-10-27 07:57:08,486 [ForkJoinPool.commonPool-worker-0] INFO  impl.StateMachineUpdater (StateMachineUpdater.java:stopAndJoin(142)) - 6b039a25-7392-4901-8f83-2a13f99b0a3b@group-7DE914507AE6-StateMachineUpdater: set stopIndex = 0
2020-10-27 07:57:08,486 [6b039a25-7392-4901-8f83-2a13f99b0a3b@group-7DE914507AE6-StateMachineUpdater] INFO  ratis.ContainerStateMachine (ContainerStateMachine.java:takeSnapshot(304)) - group-7DE914507AE6: Finished taking a snapshot at:(t:1, i:0) file:/github/workspace/mnt/ozone/hadoop-ozone/integration-test/target/test-dir/MiniOzoneClusterImpl-b0e8067d-8c2e-4ee5-9f61-8ad8788f9080/datanode-6/data/ratis/f7fae826-9b33-4bf2-9b68-7de914507ae6/sm/snapshot.1_0 time:0
2020-10-27 07:57:08,486 [6b039a25-7392-4901-8f83-2a13f99b0a3b@group-7DE914507AE6-StateMachineUpdater] INFO  impl.StateMachineUpdater (StateMachineUpdater.java:takeSnapshot(277)) - 6b039a25-7392-4901-8f83-2a13f99b0a3b@group-7DE914507AE6-StateMachineUpdater: Took a snapshot at index 0
2020-10-27 07:57:08,486 [6b039a25-7392-4901-8f83-2a13f99b0a3b@group-7DE914507AE6-StateMachineUpdater] INFO  impl.StateMachineUpdater (StateMachineUpdater.java:lambda$new$0(87)) - 6b039a25-7392-4901-8f83-2a13f99b0a3b@group-7DE914507AE6-StateMachineUpdater: snapshotIndex: updateIncreasingly -1 -> 0
2020-10-27 07:57:08,487 [6b039a25-7392-4901-8f83-2a13f99b0a3b@group-7DE914507AE6-StateMachineUpdater] INFO  metrics.RatisMetrics (RatisMetrics.java:unregister(43)) - Unregistering Metrics Registry : ratis.state_machine.6b039a25-7392-4901-8f83-2a13f99b0a3b@group-7DE914507AE6
2020-10-27 07:57:08,487 [ForkJoinPool.commonPool-worker-0] INFO  impl.RaftServerImpl (ServerState.java:close(405)) - 6b039a25-7392-4901-8f83-2a13f99b0a3b@group-7DE914507AE6: closes. applyIndex: 0
2020-10-27 07:57:08,487 [6b039a25-7392-4901-8f83-2a13f99b0a3b@group-7DE914507AE6-SegmentedRaftLogWorker] INFO  segmented.SegmentedRaftLogWorker (SegmentedRaftLogWorker.java:run(327)) - 6b039a25-7392-4901-8f83-2a13f99b0a3b@group-7DE914507AE6-SegmentedRaftLogWorker was interrupted, exiting. There are 0 tasks remaining in the queue.
2020-10-27 07:57:08,487 [ForkJoinPool.commonPool-worker-0] INFO  segmented.SegmentedRaftLogWorker (SegmentedRaftLogWorker.java:close(234)) - 6b039a25-7392-4901-8f83-2a13f99b0a3b@group-7DE914507AE6-SegmentedRaftLogWorker close()
2020-10-27 07:57:08,488 [ForkJoinPool.commonPool-worker-0] INFO  metrics.RatisMetrics (RatisMetrics.java:unregister(43)) - Unregistering Metrics Registry : ratis.log_worker.6b039a25-7392-4901-8f83-2a13f99b0a3b@group-7DE914507AE6
2020-10-27 07:57:08,488 [ForkJoinPool.commonPool-worker-0] INFO  metrics.RatisMetrics (RatisMetrics.java:unregister(43)) - Unregistering Metrics Registry : ratis.leader_election.6b039a25-7392-4901-8f83-2a13f99b0a3b@group-7DE914507AE6
2020-10-27 07:57:08,488 [ForkJoinPool.commonPool-worker-0] INFO  metrics.RatisMetrics (RatisMetrics.java:unregister(43)) - Unregistering Metrics Registry : ratis.server.6b039a25-7392-4901-8f83-2a13f99b0a3b@group-7DE914507AE6
2020-10-27 07:57:08,488 [ForkJoinPool.commonPool-worker-0] INFO  server.GrpcService (GrpcService.java:closeImpl(183)) - 6b039a25-7392-4901-8f83-2a13f99b0a3b: shutdown server with port 36279 now
2020-10-27 07:57:08,488 [ForkJoinPool.commonPool-worker-0] INFO  server.GrpcService (GrpcService.java:closeImpl(191)) - 6b039a25-7392-4901-8f83-2a13f99b0a3b: shutdown server with port 36279 successfully
2020-10-27 07:57:08,489 [ForkJoinPool.commonPool-worker-0] INFO  utils.BackgroundService (BackgroundService.java:shutdown(132)) - Shutting down service BlockDeletingService
2020-10-27 07:57:08,491 [ForkJoinPool.commonPool-worker-0] INFO  statemachine.DatanodeStateMachine (DatanodeStateMachine.java:stopDaemon(453)) - Ozone container server stopped.
2020-10-27 07:57:08,499 [ForkJoinPool.commonPool-worker-0] INFO  handler.ContextHandler (ContextHandler.java:doStop(1016)) - Stopped o.e.j.w.WebAppContext@3d233253{hddsDatanode,/,null,UNAVAILABLE}{jar:file:/home/user/.m2/repository/org/apache/hadoop/hadoop-hdds-container-service/1.1.0-SNAPSHOT/hadoop-hdds-container-service-1.1.0-SNAPSHOT.jar!/webapps/hddsDatanode}
2020-10-27 07:57:08,501 [ForkJoinPool.commonPool-worker-0] INFO  server.AbstractConnector (AbstractConnector.java:doStop(380)) - Stopped ServerConnector@17d745ae{HTTP/1.1,[http/1.1]}{0.0.0.0:0}
2020-10-27 07:57:08,501 [ForkJoinPool.commonPool-worker-0] INFO  server.session (HouseKeeper.java:stopScavenging(158)) - node0 Stopped scavenging
2020-10-27 07:57:08,505 [ForkJoinPool.commonPool-worker-0] INFO  handler.ContextHandler (ContextHandler.java:doStop(1016)) - Stopped o.e.j.s.ServletContextHandler@78ffe38{static,/static,jar:file:/home/user/.m2/repository/org/apache/hadoop/hadoop-hdds-container-service/1.1.0-SNAPSHOT/hadoop-hdds-container-service-1.1.0-SNAPSHOT.jar!/webapps/static,UNAVAILABLE}
2020-10-27 07:57:08,505 [ForkJoinPool.commonPool-worker-0] INFO  handler.ContextHandler (ContextHandler.java:doStop(1016)) - Stopped o.e.j.s.ServletContextHandler@18681121{logs,/logs,file:///github/workspace/mnt/ozone/hadoop-ozone/integration-test/target/log,UNAVAILABLE}
2020-10-27 07:57:08,507 [Listener at 127.0.0.1/35583] INFO  ozone.MiniOzoneClusterImpl (MiniOzoneClusterImpl.java:stopSCM(476)) - Stopping the StorageContainerManager
2020-10-27 07:57:08,507 [Listener at 127.0.0.1/35583] INFO  server.StorageContainerManager (StorageContainerManager.java:stop(832)) - Stopping Replication Manager Service.
2020-10-27 07:57:08,507 [Listener at 127.0.0.1/35583] INFO  container.ReplicationManager (ReplicationManager.java:stop(219)) - Stopping Replication Monitor Thread.
2020-10-27 07:57:08,507 [Listener at 127.0.0.1/35583] INFO  server.StorageContainerManager (StorageContainerManager.java:stop(839)) - Stopping Lease Manager of the command watchers
2020-10-27 07:57:08,507 [Listener at 127.0.0.1/35583] INFO  server.StorageContainerManager (StorageContainerManager.java:stop(846)) - Stopping datanode service RPC server
2020-10-27 07:57:08,507 [CommandWatcher-LeaseManager#LeaseMonitor] ERROR lease.LeaseManager (LeaseManager.java:run(238)) - Execution was interrupted 
java.lang.InterruptedException: sleep interrupted
	at java.lang.Thread.sleep(Native Method)
	at org.apache.hadoop.ozone.lease.LeaseManager$LeaseMonitor.run(LeaseManager.java:234)
	at java.lang.Thread.run(Thread.java:748)
2020-10-27 07:57:08,507 [Listener at 127.0.0.1/35583] INFO  server.SCMDatanodeProtocolServer (SCMDatanodeProtocolServer.java:stop(361)) - Stopping the RPC server for DataNodes
2020-10-27 07:57:08,508 [Listener at 127.0.0.1/35583] INFO  ipc.Server (Server.java:stop(3359)) - Stopping server on 36179
2020-10-27 07:57:08,510 [IPC Server listener on 0] INFO  ipc.Server (Server.java:run(1330)) - Stopping IPC Server listener on 0
2020-10-27 07:57:08,510 [IPC Server Responder] INFO  ipc.Server (Server.java:run(1465)) - Stopping IPC Server Responder
2020-10-27 07:57:08,579 [SCM Heartbeat Processing Thread - 0] WARN  node.NodeStateManager (NodeStateManager.java:scheduleNextHealthCheck(661)) - Current Thread is interrupted, shutting down HB processing thread for Node Manager.
2020-10-27 07:57:08,579 [Listener at 127.0.0.1/35583] INFO  server.StorageContainerManager (StorageContainerManager.java:stop(854)) - Stopping block service RPC server
2020-10-27 07:57:08,579 [Listener at 127.0.0.1/35583] INFO  server.SCMBlockProtocolServer (SCMBlockProtocolServer.java:stop(158)) - Stopping the RPC server for Block Protocol
2020-10-27 07:57:08,579 [Listener at 127.0.0.1/35583] INFO  ipc.Server (Server.java:stop(3359)) - Stopping server on 38197
2020-10-27 07:57:08,582 [IPC Server listener on 0] INFO  ipc.Server (Server.java:run(1330)) - Stopping IPC Server listener on 0
2020-10-27 07:57:08,582 [Listener at 127.0.0.1/35583] INFO  server.StorageContainerManager (StorageContainerManager.java:stop(861)) - Stopping the StorageContainerLocationProtocol RPC server
2020-10-27 07:57:08,582 [Listener at 127.0.0.1/35583] INFO  server.SCMClientProtocolServer (SCMClientProtocolServer.java:stop(165)) - Stopping the RPC server for Client Protocol
2020-10-27 07:57:08,582 [Listener at 127.0.0.1/35583] INFO  ipc.Server (Server.java:stop(3359)) - Stopping server on 37065
2020-10-27 07:57:08,583 [IPC Server Responder] INFO  ipc.Server (Server.java:run(1465)) - Stopping IPC Server Responder
2020-10-27 07:57:08,585 [IPC Server listener on 0] INFO  ipc.Server (Server.java:run(1330)) - Stopping IPC Server listener on 0
2020-10-27 07:57:08,586 [IPC Server Responder] INFO  ipc.Server (Server.java:run(1465)) - Stopping IPC Server Responder
2020-10-27 07:57:08,586 [Listener at 127.0.0.1/35583] INFO  server.StorageContainerManager (StorageContainerManager.java:stop(868)) - Stopping Storage Container Manager HTTP server.
2020-10-27 07:57:08,587 [Listener at 127.0.0.1/35583] INFO  handler.ContextHandler (ContextHandler.java:doStop(1016)) - Stopped o.e.j.w.WebAppContext@444456cb{scm,/,null,UNAVAILABLE}{file:/github/workspace/mnt/ozone/hadoop-ozone/integration-test/target/test-classes/webapps/scm}
2020-10-27 07:57:08,587 [Listener at 127.0.0.1/35583] INFO  server.AbstractConnector (AbstractConnector.java:doStop(380)) - Stopped ServerConnector@772ce28e{HTTP/1.1,[http/1.1]}{0.0.0.0:0}
2020-10-27 07:57:08,587 [Listener at 127.0.0.1/35583] INFO  server.session (HouseKeeper.java:stopScavenging(158)) - node0 Stopped scavenging
2020-10-27 07:57:08,588 [Listener at 127.0.0.1/35583] INFO  handler.ContextHandler (ContextHandler.java:doStop(1016)) - Stopped o.e.j.s.ServletContextHandler@66d17af8{static,/static,file:///github/workspace/mnt/ozone/hadoop-ozone/integration-test/target/test-classes/webapps/static,UNAVAILABLE}
2020-10-27 07:57:08,588 [Listener at 127.0.0.1/35583] INFO  handler.ContextHandler (ContextHandler.java:doStop(1016)) - Stopped o.e.j.s.ServletContextHandler@6f677c34{logs,/logs,file:///github/workspace/mnt/ozone/hadoop-ozone/integration-test/target/log,UNAVAILABLE}
2020-10-27 07:57:08,588 [Listener at 127.0.0.1/35583] INFO  server.StorageContainerManager (StorageContainerManager.java:stop(879)) - Stopping Block Manager Service.
2020-10-27 07:57:08,588 [Listener at 127.0.0.1/35583] INFO  utils.BackgroundService (BackgroundService.java:shutdown(132)) - Shutting down service SCMBlockDeletingService
2020-10-27 07:57:08,589 [Listener at 127.0.0.1/35583] INFO  utils.BackgroundService (BackgroundService.java:shutdown(132)) - Shutting down service SCMBlockDeletingService
2020-10-27 07:57:08,589 [Listener at 127.0.0.1/35583] INFO  server.StorageContainerManager (StorageContainerManager.java:stop(904)) - Stopping SCM Event Queue.
2020-10-27 07:57:08,592 [Listener at 127.0.0.1/35583] INFO  impl.MetricsSystemImpl (MetricsSystemImpl.java:stop(210)) - Stopping HddsDatanode metrics system...
2020-10-27 07:57:08,596 [Listener at 127.0.0.1/35583] INFO  impl.MetricsSystemImpl (MetricsSystemImpl.java:stop(216)) - HddsDatanode metrics system stopped.
]]></system-out>
    <system-err><![CDATA[Oct 27, 2020 7:56:23 AM org.apache.ratis.thirdparty.io.grpc.internal.ManagedChannelOrphanWrapper$ManagedChannelReference cleanQueue
SEVERE: *~*~*~ Channel ManagedChannelImpl{logId=526, target=172.17.0.2:42711} was not shutdown properly!!! ~*~*~*
    Make sure to call shutdown()/shutdownNow() and wait until awaitTermination() returns true.
java.lang.RuntimeException: ManagedChannel allocation site
	at org.apache.ratis.thirdparty.io.grpc.internal.ManagedChannelOrphanWrapper$ManagedChannelReference.<init>(ManagedChannelOrphanWrapper.java:93)
	at org.apache.ratis.thirdparty.io.grpc.internal.ManagedChannelOrphanWrapper.<init>(ManagedChannelOrphanWrapper.java:53)
	at org.apache.ratis.thirdparty.io.grpc.internal.ManagedChannelOrphanWrapper.<init>(ManagedChannelOrphanWrapper.java:44)
	at org.apache.ratis.thirdparty.io.grpc.internal.AbstractManagedChannelImplBuilder.build(AbstractManagedChannelImplBuilder.java:518)
	at org.apache.ratis.grpc.client.GrpcClientProtocolClient.<init>(GrpcClientProtocolClient.java:133)
	at org.apache.ratis.grpc.client.GrpcClientRpc.lambda$new$0(GrpcClientRpc.java:56)
	at org.apache.ratis.util.PeerProxyMap$PeerAndProxy.lambda$getProxy$0(PeerProxyMap.java:62)
	at org.apache.ratis.util.LifeCycle.startAndTransition(LifeCycle.java:222)
	at org.apache.ratis.util.PeerProxyMap$PeerAndProxy.getProxy(PeerProxyMap.java:61)
	at org.apache.ratis.util.PeerProxyMap.getProxy(PeerProxyMap.java:109)
	at org.apache.ratis.grpc.client.GrpcClientRpc.sendRequestAsync(GrpcClientRpc.java:67)
	at org.apache.ratis.client.impl.OrderedAsync.sendRequest(OrderedAsync.java:233)
	at org.apache.ratis.client.impl.OrderedAsync.sendRequestWithRetry(OrderedAsync.java:187)
	at org.apache.ratis.util.SlidingWindow$Client.sendOrDelayRequest(SlidingWindow.java:278)
	at org.apache.ratis.util.SlidingWindow$Client.submitNewRequest(SlidingWindow.java:257)
	at org.apache.ratis.client.impl.OrderedAsync.send(OrderedAsync.java:168)
	at org.apache.ratis.client.impl.OrderedAsync.newInstance(OrderedAsync.java:117)
	at org.apache.ratis.client.impl.RaftClientImpl.lambda$new$0(RaftClientImpl.java:132)
	at org.apache.ratis.util.MemoizedSupplier.get(MemoizedSupplier.java:62)
	at org.apache.ratis.client.impl.RaftClientImpl.getOrderedAsync(RaftClientImpl.java:176)
	at org.apache.ratis.client.impl.RaftClientImpl.sendAsync(RaftClientImpl.java:214)
	at org.apache.ratis.client.impl.RaftClientImpl.sendAsync(RaftClientImpl.java:186)
	at org.apache.hadoop.hdds.scm.XceiverClientRatis.lambda$sendRequestAsync$3(XceiverClientRatis.java:225)
	at org.apache.hadoop.hdds.tracing.TracingUtil.executeInNewSpan(TracingUtil.java:159)
	at org.apache.hadoop.hdds.scm.XceiverClientRatis.sendRequestAsync(XceiverClientRatis.java:210)
	at org.apache.hadoop.hdds.scm.XceiverClientRatis.sendCommandAsync(XceiverClientRatis.java:306)
	at org.apache.hadoop.ozone.client.rpc.TestWatchForCommit.testWatchForCommitForGroupMismatchException(TestWatchForCommit.java:340)
	at sun.reflect.NativeMethodAccessorImpl.invoke0(Native Method)
	at sun.reflect.NativeMethodAccessorImpl.invoke(NativeMethodAccessorImpl.java:62)
	at sun.reflect.DelegatingMethodAccessorImpl.invoke(DelegatingMethodAccessorImpl.java:43)
	at java.lang.reflect.Method.invoke(Method.java:498)
	at org.junit.runners.model.FrameworkMethod$1.runReflectiveCall(FrameworkMethod.java:47)
	at org.junit.internal.runners.model.ReflectiveCallable.run(ReflectiveCallable.java:12)
	at org.junit.runners.model.FrameworkMethod.invokeExplosively(FrameworkMethod.java:44)
	at org.junit.internal.runners.statements.InvokeMethod.evaluate(InvokeMethod.java:17)
	at org.junit.internal.runners.statements.RunBefores.evaluate(RunBefores.java:26)
	at org.junit.internal.runners.statements.RunAfters.evaluate(RunAfters.java:27)
	at org.junit.runners.ParentRunner.runLeaf(ParentRunner.java:271)
	at org.junit.runners.BlockJUnit4ClassRunner.runChild(BlockJUnit4ClassRunner.java:70)
	at org.junit.runners.BlockJUnit4ClassRunner.runChild(BlockJUnit4ClassRunner.java:50)
	at org.junit.runners.ParentRunner$3.run(ParentRunner.java:238)
	at org.junit.runners.ParentRunner$1.schedule(ParentRunner.java:63)
	at org.junit.runners.ParentRunner.runChildren(ParentRunner.java:236)
	at org.junit.runners.ParentRunner.access$000(ParentRunner.java:53)
	at org.junit.runners.ParentRunner$2.evaluate(ParentRunner.java:229)
	at org.junit.runners.ParentRunner.run(ParentRunner.java:309)
	at org.apache.maven.surefire.junit4.JUnit4Provider.execute(JUnit4Provider.java:365)
	at org.apache.maven.surefire.junit4.JUnit4Provider.executeWithRerun(JUnit4Provider.java:273)
	at org.apache.maven.surefire.junit4.JUnit4Provider.executeTestSet(JUnit4Provider.java:238)
	at org.apache.maven.surefire.junit4.JUnit4Provider.invoke(JUnit4Provider.java:159)
	at org.apache.maven.surefire.booter.ForkedBooter.invokeProviderInSameClassLoader(ForkedBooter.java:384)
	at org.apache.maven.surefire.booter.ForkedBooter.runSuitesInProcess(ForkedBooter.java:345)
	at org.apache.maven.surefire.booter.ForkedBooter.execute(ForkedBooter.java:126)
	at org.apache.maven.surefire.booter.ForkedBooter.main(ForkedBooter.java:418)

]]></system-err>
  </testcase>
</testsuite>