<?xml version="1.0" encoding="UTF-8"?>
<testsuite xmlns:xsi="http://www.w3.org/2001/XMLSchema-instance" xsi:noNamespaceSchemaLocation="https://maven.apache.org/surefire/maven-surefire-plugin/xsd/surefire-test-report.xsd" name="org.apache.hadoop.ozone.om.TestOzoneManagerHAWithData" time="310.95" tests="12" errors="1" skipped="1" failures="0">
  <properties>
    <property name="awt.toolkit" value="sun.awt.X11.XToolkit"/>
    <property name="file.encoding.pkg" value="sun.io"/>
    <property name="java.specification.version" value="1.8"/>
    <property name="sun.cpu.isalist" value=""/>
    <property name="sun.jnu.encoding" value="ANSI_X3.4-1968"/>
    <property name="java.class.path" value="/github/workspace/mnt/ozone/hadoop-ozone/integration-test/target/test-classes:/github/workspace/mnt/ozone/hadoop-ozone/integration-test/target/classes:/home/user/.m2/repository/org/apache/hadoop/hadoop-ozone-common/0.6.0-SNAPSHOT/hadoop-ozone-common-0.6.0-SNAPSHOT.jar:/home/user/.m2/repository/org/apache/commons/commons-compress/1.4.1/commons-compress-1.4.1.jar:/home/user/.m2/repository/org/tukaani/xz/1.0/xz-1.0.jar:/home/user/.m2/repository/org/apache/hadoop/hadoop-hdds-common/0.6.0-SNAPSHOT/hadoop-hdds-common-0.6.0-SNAPSHOT.jar:/home/user/.m2/repository/org/apache/hadoop/hadoop-hdds-hadoop-dependency-client/0.6.0-SNAPSHOT/hadoop-hdds-hadoop-dependency-client-0.6.0-SNAPSHOT.jar:/home/user/.m2/repository/info/picocli/picocli/3.9.6/picocli-3.9.6.jar:/home/user/.m2/repository/com/fasterxml/jackson/core/jackson-annotations/2.10.3/jackson-annotations-2.10.3.jar:/home/user/.m2/repository/javax/annotation/javax.annotation-api/1.2/javax.annotation-api-1.2.jar:/home/user/.m2/repository/org/apache/ratis/ratis-server/0.6.0-6ab75ae-SNAPSHOT/ratis-server-0.6.0-6ab75ae-SNAPSHOT.jar:/home/user/.m2/repository/org/apache/ratis/ratis-client/0.6.0-6ab75ae-SNAPSHOT/ratis-client-0.6.0-6ab75ae-SNAPSHOT.jar:/home/user/.m2/repository/org/apache/ratis/ratis-metrics/0.6.0-6ab75ae-SNAPSHOT/ratis-metrics-0.6.0-6ab75ae-SNAPSHOT.jar:/home/user/.m2/repository/org/apache/ratis/ratis-netty/0.6.0-6ab75ae-SNAPSHOT/ratis-netty-0.6.0-6ab75ae-SNAPSHOT.jar:/home/user/.m2/repository/org/apache/ratis/ratis-grpc/0.6.0-6ab75ae-SNAPSHOT/ratis-grpc-0.6.0-6ab75ae-SNAPSHOT.jar:/home/user/.m2/repository/org/apache/logging/log4j/log4j-api/2.11.0/log4j-api-2.11.0.jar:/home/user/.m2/repository/org/apache/logging/log4j/log4j-core/2.11.0/log4j-core-2.11.0.jar:/home/user/.m2/repository/com/lmax/disruptor/3.4.2/disruptor-3.4.2.jar:/home/user/.m2/repository/org/apache/commons/commons-pool2/2.6.0/commons-pool2-2.6.0.jar:/home/user/.m2/repository/org/bouncycastle/bcpkix-jdk15on/1.60/bcpkix-jdk15on-1.60.jar:/home/user/.m2/repository/commons-validator/commons-validator/1.6/commons-validator-1.6.jar:/home/user/.m2/repository/commons-digester/commons-digester/1.8.1/commons-digester-1.8.1.jar:/home/user/.m2/repository/io/jaegertracing/jaeger-client/1.2.0/jaeger-client-1.2.0.jar:/home/user/.m2/repository/io/jaegertracing/jaeger-thrift/1.2.0/jaeger-thrift-1.2.0.jar:/home/user/.m2/repository/org/apache/thrift/libthrift/0.13.0/libthrift-0.13.0.jar:/home/user/.m2/repository/com/squareup/okhttp3/okhttp/4.2.2/okhttp-4.2.2.jar:/home/user/.m2/repository/com/squareup/okio/okio/2.2.2/okio-2.2.2.jar:/home/user/.m2/repository/org/jetbrains/kotlin/kotlin-stdlib/1.3.50/kotlin-stdlib-1.3.50.jar:/home/user/.m2/repository/org/jetbrains/kotlin/kotlin-stdlib-common/1.3.50/kotlin-stdlib-common-1.3.50.jar:/home/user/.m2/repository/org/jetbrains/annotations/13.0/annotations-13.0.jar:/home/user/.m2/repository/io/jaegertracing/jaeger-core/1.2.0/jaeger-core-1.2.0.jar:/home/user/.m2/repository/io/jaegertracing/jaeger-tracerresolver/1.2.0/jaeger-tracerresolver-1.2.0.jar:/home/user/.m2/repository/io/opentracing/contrib/opentracing-tracerresolver/0.1.8/opentracing-tracerresolver-0.1.8.jar:/home/user/.m2/repository/io/opentracing/opentracing-util/0.33.0/opentracing-util-0.33.0.jar:/home/user/.m2/repository/io/opentracing/opentracing-api/0.33.0/opentracing-api-0.33.0.jar:/home/user/.m2/repository/io/opentracing/opentracing-noop/0.33.0/opentracing-noop-0.33.0.jar:/home/user/.m2/repository/org/apache/hadoop/hadoop-hdds-client/0.6.0-SNAPSHOT/hadoop-hdds-client-0.6.0-SNAPSHOT.jar:/home/user/.m2/repository/org/apache/hadoop/hadoop-ozone-interface-client/0.6.0-SNAPSHOT/hadoop-ozone-interface-client-0.6.0-SNAPSHOT.jar:/home/user/.m2/repository/org/apache/hadoop/hadoop-hdds-test-utils/0.6.0-SNAPSHOT/hadoop-hdds-test-utils-0.6.0-SNAPSHOT.jar:/home/user/.m2/repository/com/google/guava/guava/28.2-jre/guava-28.2-jre.jar:/home/user/.m2/repository/com/google/guava/failureaccess/1.0.1/failureaccess-1.0.1.jar:/home/user/.m2/repository/com/google/guava/listenablefuture/9999.0-empty-to-avoid-conflict-with-guava/listenablefuture-9999.0-empty-to-avoid-conflict-with-guava.jar:/home/user/.m2/repository/com/google/code/findbugs/jsr305/3.0.0/jsr305-3.0.0.jar:/home/user/.m2/repository/org/checkerframework/checker-qual/2.10.0/checker-qual-2.10.0.jar:/home/user/.m2/repository/com/google/errorprone/error_prone_annotations/2.2.0/error_prone_annotations-2.2.0.jar:/home/user/.m2/repository/com/google/j2objc/j2objc-annotations/1.3/j2objc-annotations-1.3.jar:/home/user/.m2/repository/commons-io/commons-io/2.5/commons-io-2.5.jar:/home/user/.m2/repository/commons-logging/commons-logging/1.2/commons-logging-1.2.jar:/home/user/.m2/repository/log4j/log4j/1.2.17/log4j-1.2.17.jar:/home/user/.m2/repository/org/slf4j/slf4j-api/1.7.25/slf4j-api-1.7.25.jar:/home/user/.m2/repository/org/apache/hadoop/hadoop-hdds-server-scm/0.6.0-SNAPSHOT/hadoop-hdds-server-scm-0.6.0-SNAPSHOT.jar:/home/user/.m2/repository/org/apache/hadoop/hadoop-hdds-container-service/0.6.0-SNAPSHOT/hadoop-hdds-container-service-0.6.0-SNAPSHOT.jar:/home/user/.m2/repository/org/apache/hadoop/hadoop-hdds-hadoop-dependency-server/0.6.0-SNAPSHOT/hadoop-hdds-hadoop-dependency-server-0.6.0-SNAPSHOT.jar:/home/user/.m2/repository/org/apache/hadoop/hadoop-hdds-server-framework/0.6.0-SNAPSHOT/hadoop-hdds-server-framework-0.6.0-SNAPSHOT.jar:/home/user/.m2/repository/org/apache/hadoop/hadoop-hdds-interface-server/0.6.0-SNAPSHOT/hadoop-hdds-interface-server-0.6.0-SNAPSHOT.jar:/home/user/.m2/repository/org/apache/hadoop/hadoop-hdds-interface-admin/0.6.0-SNAPSHOT/hadoop-hdds-interface-admin-0.6.0-SNAPSHOT.jar:/home/user/.m2/repository/org/rocksdb/rocksdbjni/6.8.1/rocksdbjni-6.8.1.jar:/home/user/.m2/repository/io/prometheus/simpleclient_dropwizard/0.7.0/simpleclient_dropwizard-0.7.0.jar:/home/user/.m2/repository/io/prometheus/simpleclient/0.7.0/simpleclient-0.7.0.jar:/home/user/.m2/repository/io/prometheus/simpleclient_common/0.7.0/simpleclient_common-0.7.0.jar:/home/user/.m2/repository/com/fasterxml/jackson/datatype/jackson-datatype-jsr310/2.10.3/jackson-datatype-jsr310-2.10.3.jar:/home/user/.m2/repository/org/apache/hadoop/hadoop-hdds-docs/0.6.0-SNAPSHOT/hadoop-hdds-docs-0.6.0-SNAPSHOT.jar:/home/user/.m2/repository/io/dropwizard/metrics/metrics-core/3.2.4/metrics-core-3.2.4.jar:/home/user/.m2/repository/org/apache/hadoop/hadoop-hdfs-client/3.2.1/hadoop-hdfs-client-3.2.1.jar:/home/user/.m2/repository/org/bouncycastle/bcprov-jdk15on/1.60/bcprov-jdk15on-1.60.jar:/home/user/.m2/repository/org/apache/hadoop/hadoop-ozone-ozone-manager/0.6.0-SNAPSHOT/hadoop-ozone-ozone-manager-0.6.0-SNAPSHOT.jar:/home/user/.m2/repository/org/apache/hadoop/hadoop-hdds-interface-client/0.6.0-SNAPSHOT/hadoop-hdds-interface-client-0.6.0-SNAPSHOT.jar:/home/user/.m2/repository/org/apache/ratis/ratis-thirdparty-misc/0.4.0/ratis-thirdparty-misc-0.4.0.jar:/home/user/.m2/repository/org/apache/hadoop/hadoop-minikdc/3.2.1/hadoop-minikdc-3.2.1.jar:/home/user/.m2/repository/org/apache/kerby/kerb-simplekdc/1.0.1/kerb-simplekdc-1.0.1.jar:/home/user/.m2/repository/org/apache/kerby/kerb-client/1.0.1/kerb-client-1.0.1.jar:/home/user/.m2/repository/org/apache/kerby/kerby-config/1.0.1/kerby-config-1.0.1.jar:/home/user/.m2/repository/org/apache/kerby/kerb-core/1.0.1/kerb-core-1.0.1.jar:/home/user/.m2/repository/org/apache/kerby/kerby-pkix/1.0.1/kerby-pkix-1.0.1.jar:/home/user/.m2/repository/org/apache/kerby/kerby-asn1/1.0.1/kerby-asn1-1.0.1.jar:/home/user/.m2/repository/org/apache/kerby/kerby-util/1.0.1/kerby-util-1.0.1.jar:/home/user/.m2/repository/org/apache/kerby/kerb-common/1.0.1/kerb-common-1.0.1.jar:/home/user/.m2/repository/org/apache/kerby/kerb-crypto/1.0.1/kerb-crypto-1.0.1.jar:/home/user/.m2/repository/org/apache/kerby/kerb-util/1.0.1/kerb-util-1.0.1.jar:/home/user/.m2/repository/org/apache/kerby/token-provider/1.0.1/token-provider-1.0.1.jar:/home/user/.m2/repository/org/apache/kerby/kerb-admin/1.0.1/kerb-admin-1.0.1.jar:/home/user/.m2/repository/org/apache/kerby/kerb-server/1.0.1/kerb-server-1.0.1.jar:/home/user/.m2/repository/org/apache/kerby/kerb-identity/1.0.1/kerb-identity-1.0.1.jar:/home/user/.m2/repository/org/apache/kerby/kerby-xdr/1.0.1/kerby-xdr-1.0.1.jar:/home/user/.m2/repository/org/slf4j/slf4j-log4j12/1.7.25/slf4j-log4j12-1.7.25.jar:/home/user/.m2/repository/org/apache/hadoop/hadoop-ozone-s3gateway/0.6.0-SNAPSHOT/hadoop-ozone-s3gateway-0.6.0-SNAPSHOT.jar:/home/user/.m2/repository/org/jboss/weld/servlet/weld-servlet/2.4.7.Final/weld-servlet-2.4.7.Final.jar:/home/user/.m2/repository/org/glassfish/jersey/containers/jersey-container-servlet-core/2.27/jersey-container-servlet-core-2.27.jar:/home/user/.m2/repository/org/glassfish/hk2/external/javax.inject/2.5.0-b42/javax.inject-2.5.0-b42.jar:/home/user/.m2/repository/org/glassfish/jersey/core/jersey-common/2.27/jersey-common-2.27.jar:/home/user/.m2/repository/org/glassfish/hk2/osgi-resource-locator/1.0.1/osgi-resource-locator-1.0.1.jar:/home/user/.m2/repository/javax/ws/rs/javax.ws.rs-api/2.1/javax.ws.rs-api-2.1.jar:/home/user/.m2/repository/org/glassfish/jersey/ext/cdi/jersey-cdi1x/2.27/jersey-cdi1x-2.27.jar:/home/user/.m2/repository/org/glassfish/jersey/inject/jersey-hk2/2.27/jersey-hk2-2.27.jar:/home/user/.m2/repository/org/glassfish/hk2/hk2-locator/2.5.0-b42/hk2-locator-2.5.0-b42.jar:/home/user/.m2/repository/org/javassist/javassist/3.22.0-CR2/javassist-3.22.0-CR2.jar:/home/user/.m2/repository/org/glassfish/hk2/hk2-api/2.5.0/hk2-api-2.5.0.jar:/home/user/.m2/repository/org/glassfish/hk2/external/jakarta.inject/2.5.0/jakarta.inject-2.5.0.jar:/home/user/.m2/repository/org/glassfish/hk2/hk2-utils/2.5.0/hk2-utils-2.5.0.jar:/home/user/.m2/repository/jakarta/annotation/jakarta.annotation-api/1.3.4/jakarta.annotation-api-1.3.4.jar:/home/user/.m2/repository/org/glassfish/hk2/external/aopalliance-repackaged/2.5.0/aopalliance-repackaged-2.5.0.jar:/home/user/.m2/repository/com/fasterxml/jackson/dataformat/jackson-dataformat-xml/2.10.3/jackson-dataformat-xml-2.10.3.jar:/home/user/.m2/repository/com/fasterxml/jackson/core/jackson-core/2.10.3/jackson-core-2.10.3.jar:/home/user/.m2/repository/com/fasterxml/jackson/module/jackson-module-jaxb-annotations/2.10.3/jackson-module-jaxb-annotations-2.10.3.jar:/home/user/.m2/repository/jakarta/xml/bind/jakarta.xml.bind-api/2.3.2/jakarta.xml.bind-api-2.3.2.jar:/home/user/.m2/repository/jakarta/activation/jakarta.activation-api/1.2.1/jakarta.activation-api-1.2.1.jar:/home/user/.m2/repository/org/codehaus/woodstox/stax2-api/3.1.4/stax2-api-3.1.4.jar:/home/user/.m2/repository/com/fasterxml/woodstox/woodstox-core/5.0.3/woodstox-core-5.0.3.jar:/home/user/.m2/repository/javax/enterprise/cdi-api/1.2/cdi-api-1.2.jar:/home/user/.m2/repository/javax/el/javax.el-api/3.0.0/javax.el-api-3.0.0.jar:/home/user/.m2/repository/javax/interceptor/javax.interceptor-api/1.2/javax.interceptor-api-1.2.jar:/home/user/.m2/repository/javax/inject/javax.inject/1/javax.inject-1.jar:/home/user/.m2/repository/com/sun/xml/bind/jaxb-impl/2.3.0.1/jaxb-impl-2.3.0.1.jar:/home/user/.m2/repository/com/sun/xml/bind/jaxb-core/2.3.0.1/jaxb-core-2.3.0.1.jar:/home/user/.m2/repository/javax/xml/bind/jaxb-api/2.3.0/jaxb-api-2.3.0.jar:/home/user/.m2/repository/javax/activation/activation/1.1.1/activation-1.1.1.jar:/home/user/.m2/repository/org/apache/hadoop/hadoop-ozone-csi/0.6.0-SNAPSHOT/hadoop-ozone-csi-0.6.0-SNAPSHOT.jar:/home/user/.m2/repository/com/google/protobuf/protobuf-java-util/3.11.0/protobuf-java-util-3.11.0.jar:/home/user/.m2/repository/com/google/code/gson/gson/2.2.4/gson-2.2.4.jar:/home/user/.m2/repository/org/apache/hadoop/hadoop-hdds-config/0.6.0-SNAPSHOT/hadoop-hdds-config-0.6.0-SNAPSHOT.jar:/home/user/.m2/repository/com/google/protobuf/protobuf-java/2.5.0/protobuf-java-2.5.0.jar:/home/user/.m2/repository/io/grpc/grpc-netty/1.29.0/grpc-netty-1.29.0.jar:/home/user/.m2/repository/io/grpc/grpc-core/1.29.0/grpc-core-1.29.0.jar:/home/user/.m2/repository/com/google/android/annotations/4.1.1.4/annotations-4.1.1.4.jar:/home/user/.m2/repository/io/perfmark/perfmark-api/0.19.0/perfmark-api-0.19.0.jar:/home/user/.m2/repository/io/netty/netty-codec-http2/4.1.48.Final/netty-codec-http2-4.1.48.Final.jar:/home/user/.m2/repository/io/netty/netty-codec/4.1.48.Final/netty-codec-4.1.48.Final.jar:/home/user/.m2/repository/io/netty/netty-handler/4.1.48.Final/netty-handler-4.1.48.Final.jar:/home/user/.m2/repository/io/netty/netty-codec-http/4.1.48.Final/netty-codec-http-4.1.48.Final.jar:/home/user/.m2/repository/io/netty/netty-handler-proxy/4.1.48.Final/netty-handler-proxy-4.1.48.Final.jar:/home/user/.m2/repository/io/netty/netty-codec-socks/4.1.48.Final/netty-codec-socks-4.1.48.Final.jar:/home/user/.m2/repository/io/netty/netty-transport-native-epoll/4.1.48.Final/netty-transport-native-epoll-4.1.48.Final.jar:/home/user/.m2/repository/io/netty/netty-common/4.1.48.Final/netty-common-4.1.48.Final.jar:/home/user/.m2/repository/io/netty/netty-buffer/4.1.48.Final/netty-buffer-4.1.48.Final.jar:/home/user/.m2/repository/io/netty/netty-transport/4.1.48.Final/netty-transport-4.1.48.Final.jar:/home/user/.m2/repository/io/netty/netty-resolver/4.1.48.Final/netty-resolver-4.1.48.Final.jar:/home/user/.m2/repository/io/netty/netty-transport-native-unix-common/4.1.48.Final/netty-transport-native-unix-common-4.1.48.Final.jar:/home/user/.m2/repository/io/grpc/grpc-protobuf/1.29.0/grpc-protobuf-1.29.0.jar:/home/user/.m2/repository/io/grpc/grpc-api/1.29.0/grpc-api-1.29.0.jar:/home/user/.m2/repository/io/grpc/grpc-context/1.29.0/grpc-context-1.29.0.jar:/home/user/.m2/repository/org/codehaus/mojo/animal-sniffer-annotations/1.18/animal-sniffer-annotations-1.18.jar:/home/user/.m2/repository/com/google/api/grpc/proto-google-common-protos/1.17.0/proto-google-common-protos-1.17.0.jar:/home/user/.m2/repository/io/grpc/grpc-protobuf-lite/1.29.0/grpc-protobuf-lite-1.29.0.jar:/home/user/.m2/repository/io/grpc/grpc-stub/1.29.0/grpc-stub-1.29.0.jar:/home/user/.m2/repository/org/apache/hadoop/hadoop-ozone-recon/0.6.0-SNAPSHOT/hadoop-ozone-recon-0.6.0-SNAPSHOT.jar:/home/user/.m2/repository/org/apache/hadoop/hadoop-ozone-reconcodegen/0.6.0-SNAPSHOT/hadoop-ozone-reconcodegen-0.6.0-SNAPSHOT.jar:/home/user/.m2/repository/com/google/inject/extensions/guice-multibindings/4.0/guice-multibindings-4.0.jar:/home/user/.m2/repository/com/google/inject/guice/4.0/guice-4.0.jar:/home/user/.m2/repository/aopalliance/aopalliance/1.0/aopalliance-1.0.jar:/home/user/.m2/repository/com/google/inject/extensions/guice-assistedinject/4.0/guice-assistedinject-4.0.jar:/home/user/.m2/repository/com/google/inject/extensions/guice-servlet/4.0/guice-servlet-4.0.jar:/home/user/.m2/repository/org/glassfish/jersey/containers/jersey-container-servlet/2.27/jersey-container-servlet-2.27.jar:/home/user/.m2/repository/org/glassfish/hk2/guice-bridge/2.5.0/guice-bridge-2.5.0.jar:/home/user/.m2/repository/org/glassfish/jersey/core/jersey-server/2.27/jersey-server-2.27.jar:/home/user/.m2/repository/org/glassfish/jersey/core/jersey-client/2.27/jersey-client-2.27.jar:/home/user/.m2/repository/org/glassfish/jersey/media/jersey-media-jaxb/2.27/jersey-media-jaxb-2.27.jar:/home/user/.m2/repository/javax/validation/validation-api/1.1.0.Final/validation-api-1.1.0.Final.jar:/home/user/.m2/repository/org/glassfish/jersey/media/jersey-media-json-jackson/2.27/jersey-media-json-jackson-2.27.jar:/home/user/.m2/repository/org/glassfish/jersey/ext/jersey-entity-filtering/2.27/jersey-entity-filtering-2.27.jar:/home/user/.m2/repository/org/jooq/jooq/3.11.10/jooq-3.11.10.jar:/home/user/.m2/repository/org/jooq/jooq-meta/3.11.10/jooq-meta-3.11.10.jar:/home/user/.m2/repository/org/jooq/jooq-codegen/3.11.10/jooq-codegen-3.11.10.jar:/home/user/.m2/repository/com/jolbox/bonecp/0.8.0.RELEASE/bonecp-0.8.0.RELEASE.jar:/home/user/.m2/repository/org/apache/derby/derby/10.14.2.0/derby-10.14.2.0.jar:/home/user/.m2/repository/org/xerial/sqlite-jdbc/3.25.2/sqlite-jdbc-3.25.2.jar:/home/user/.m2/repository/org/springframework/spring-jdbc/5.2.5.RELEASE/spring-jdbc-5.2.5.RELEASE.jar:/home/user/.m2/repository/org/springframework/spring-beans/5.2.5.RELEASE/spring-beans-5.2.5.RELEASE.jar:/home/user/.m2/repository/org/springframework/spring-core/5.2.5.RELEASE/spring-core-5.2.5.RELEASE.jar:/home/user/.m2/repository/org/springframework/spring-jcl/5.2.5.RELEASE/spring-jcl-5.2.5.RELEASE.jar:/home/user/.m2/repository/org/springframework/spring-tx/5.2.5.RELEASE/spring-tx-5.2.5.RELEASE.jar:/home/user/.m2/repository/org/apache/hadoop/hadoop-ozone-client/0.6.0-SNAPSHOT/hadoop-ozone-client-0.6.0-SNAPSHOT.jar:/home/user/.m2/repository/org/apache/hadoop/hadoop-ozone-filesystem/0.6.0-SNAPSHOT/hadoop-ozone-filesystem-0.6.0-SNAPSHOT.jar:/home/user/.m2/repository/org/apache/hadoop/hadoop-ozone-filesystem-common/0.6.0-SNAPSHOT/hadoop-ozone-filesystem-common-0.6.0-SNAPSHOT.jar:/home/user/.m2/repository/org/apache/hadoop/hadoop-ozone-tools/0.6.0-SNAPSHOT/hadoop-ozone-tools-0.6.0-SNAPSHOT.jar:/home/user/.m2/repository/org/apache/hadoop/hadoop-hdfs/3.2.1/hadoop-hdfs-3.2.1.jar:/home/user/.m2/repository/org/apache/ratis/ratis-tools/0.6.0-6ab75ae-SNAPSHOT/ratis-tools-0.6.0-6ab75ae-SNAPSHOT.jar:/home/user/.m2/repository/org/apache/ratis/ratis-proto/0.6.0-6ab75ae-SNAPSHOT/ratis-proto-0.6.0-6ab75ae-SNAPSHOT.jar:/home/user/.m2/repository/org/apache/ratis/ratis-common/0.6.0-6ab75ae-SNAPSHOT/ratis-common-0.6.0-6ab75ae-SNAPSHOT.jar:/home/user/.m2/repository/com/amazonaws/aws-java-sdk-core/1.11.615/aws-java-sdk-core-1.11.615.jar:/home/user/.m2/repository/org/apache/httpcomponents/httpclient/4.5.2/httpclient-4.5.2.jar:/home/user/.m2/repository/org/apache/httpcomponents/httpcore/4.4.4/httpcore-4.4.4.jar:/home/user/.m2/repository/software/amazon/ion/ion-java/1.0.2/ion-java-1.0.2.jar:/home/user/.m2/repository/com/fasterxml/jackson/dataformat/jackson-dataformat-cbor/2.10.3/jackson-dataformat-cbor-2.10.3.jar:/home/user/.m2/repository/joda-time/joda-time/2.8.1/joda-time-2.8.1.jar:/home/user/.m2/repository/com/amazonaws/aws-java-sdk-s3/1.11.615/aws-java-sdk-s3-1.11.615.jar:/home/user/.m2/repository/com/amazonaws/aws-java-sdk-kms/1.11.615/aws-java-sdk-kms-1.11.615.jar:/home/user/.m2/repository/com/amazonaws/jmespath-java/1.11.615/jmespath-java-1.11.615.jar:/home/user/.m2/repository/org/apache/hadoop/hadoop-hdds-tools/0.6.0-SNAPSHOT/hadoop-hdds-tools-0.6.0-SNAPSHOT.jar:/home/user/.m2/repository/commons-cli/commons-cli/1.2/commons-cli-1.2.jar:/home/user/.m2/repository/org/apache/commons/commons-lang3/3.7/commons-lang3-3.7.jar:/home/user/.m2/repository/org/apache/hadoop/hadoop-ozone-ozone-manager/0.6.0-SNAPSHOT/hadoop-ozone-ozone-manager-0.6.0-SNAPSHOT-tests.jar:/home/user/.m2/repository/junit/junit/4.11/junit-4.11.jar:/home/user/.m2/repository/org/hamcrest/hamcrest-core/1.3/hamcrest-core-1.3.jar:/home/user/.m2/repository/org/openjdk/jmh/jmh-core/1.19/jmh-core-1.19.jar:/home/user/.m2/repository/net/sf/jopt-simple/jopt-simple/4.6/jopt-simple-4.6.jar:/home/user/.m2/repository/org/apache/commons/commons-math3/3.1.1/commons-math3-3.1.1.jar:/home/user/.m2/repository/org/openjdk/jmh/jmh-generator-annprocess/1.19/jmh-generator-annprocess-1.19.jar:/home/user/.m2/repository/org/mockito/mockito-all/1.8.5/mockito-all-1.8.5.jar:/home/user/.m2/repository/org/apache/hadoop/hadoop-kms/3.2.1/hadoop-kms-3.2.1.jar:/home/user/.m2/repository/org/apache/hadoop/hadoop-auth/3.2.1/hadoop-auth-3.2.1.jar:/home/user/.m2/repository/com/nimbusds/nimbus-jose-jwt/7.9/nimbus-jose-jwt-7.9.jar:/home/user/.m2/repository/com/github/stephenc/jcip/jcip-annotations/1.0-1/jcip-annotations-1.0-1.jar:/home/user/.m2/repository/net/minidev/json-smart/2.3/json-smart-2.3.jar:/home/user/.m2/repository/net/minidev/accessors-smart/1.2/accessors-smart-1.2.jar:/home/user/.m2/repository/org/ow2/asm/asm/5.0.4/asm-5.0.4.jar:/home/user/.m2/repository/org/apache/zookeeper/zookeeper/3.4.13/zookeeper-3.4.13.jar:/home/user/.m2/repository/org/apache/yetus/audience-annotations/0.5.0/audience-annotations-0.5.0.jar:/home/user/.m2/repository/org/apache/curator/curator-framework/2.13.0/curator-framework-2.13.0.jar:/home/user/.m2/repository/com/sun/jersey/jersey-core/1.19/jersey-core-1.19.jar:/home/user/.m2/repository/javax/ws/rs/jsr311-api/1.1.1/jsr311-api-1.1.1.jar:/home/user/.m2/repository/com/sun/jersey/jersey-server/1.19/jersey-server-1.19.jar:/home/user/.m2/repository/javax/servlet/javax.servlet-api/3.1.0/javax.servlet-api-3.1.0.jar:/home/user/.m2/repository/org/eclipse/jetty/jetty-server/9.4.26.v20200117/jetty-server-9.4.26.v20200117.jar:/home/user/.m2/repository/org/eclipse/jetty/jetty-http/9.4.26.v20200117/jetty-http-9.4.26.v20200117.jar:/home/user/.m2/repository/org/eclipse/jetty/jetty-io/9.4.26.v20200117/jetty-io-9.4.26.v20200117.jar:/home/user/.m2/repository/org/eclipse/jetty/jetty-webapp/9.4.26.v20200117/jetty-webapp-9.4.26.v20200117.jar:/home/user/.m2/repository/org/eclipse/jetty/jetty-xml/9.4.26.v20200117/jetty-xml-9.4.26.v20200117.jar:/home/user/.m2/repository/org/eclipse/jetty/jetty-servlet/9.4.26.v20200117/jetty-servlet-9.4.26.v20200117.jar:/home/user/.m2/repository/org/eclipse/jetty/jetty-security/9.4.26.v20200117/jetty-security-9.4.26.v20200117.jar:/home/user/.m2/repository/org/apache/hadoop/hadoop-common/3.2.1/hadoop-common-3.2.1.jar:/home/user/.m2/repository/commons-net/commons-net/3.6/commons-net-3.6.jar:/home/user/.m2/repository/commons-collections/commons-collections/3.2.2/commons-collections-3.2.2.jar:/home/user/.m2/repository/com/sun/jersey/jersey-servlet/1.19/jersey-servlet-1.19.jar:/home/user/.m2/repository/com/sun/jersey/jersey-json/1.19/jersey-json-1.19.jar:/home/user/.m2/repository/org/codehaus/jettison/jettison/1.1/jettison-1.1.jar:/home/user/.m2/repository/org/codehaus/jackson/jackson-jaxrs/1.9.2/jackson-jaxrs-1.9.2.jar:/home/user/.m2/repository/org/codehaus/jackson/jackson-xc/1.9.2/jackson-xc-1.9.2.jar:/home/user/.m2/repository/commons-beanutils/commons-beanutils/1.9.4/commons-beanutils-1.9.4.jar:/home/user/.m2/repository/org/apache/commons/commons-configuration2/2.1.1/commons-configuration2-2.1.1.jar:/home/user/.m2/repository/org/apache/commons/commons-text/1.4/commons-text-1.4.jar:/home/user/.m2/repository/com/google/re2j/re2j/1.1/re2j-1.1.jar:/home/user/.m2/repository/com/jcraft/jsch/0.1.54/jsch-0.1.54.jar:/home/user/.m2/repository/org/apache/curator/curator-client/2.13.0/curator-client-2.13.0.jar:/home/user/.m2/repository/org/apache/curator/curator-recipes/2.13.0/curator-recipes-2.13.0.jar:/home/user/.m2/repository/dnsjava/dnsjava/2.1.7/dnsjava-2.1.7.jar:/home/user/.m2/repository/org/slf4j/jul-to-slf4j/1.7.25/jul-to-slf4j-1.7.25.jar:/home/user/.m2/repository/org/eclipse/jetty/jetty-util/9.4.26.v20200117/jetty-util-9.4.26.v20200117.jar:/home/user/.m2/repository/com/fasterxml/jackson/core/jackson-databind/2.10.3/jackson-databind-2.10.3.jar:/home/user/.m2/repository/org/apache/hadoop/hadoop-kms/3.2.1/hadoop-kms-3.2.1-tests.jar:/home/user/.m2/repository/org/apache/hadoop/hadoop-hdds-server-scm/0.6.0-SNAPSHOT/hadoop-hdds-server-scm-0.6.0-SNAPSHOT-tests.jar:/home/user/.m2/repository/org/apache/hadoop/hadoop-hdds-container-service/0.6.0-SNAPSHOT/hadoop-hdds-container-service-0.6.0-SNAPSHOT-tests.jar:/home/user/.m2/repository/org/apache/hadoop/hadoop-hdds-common/0.6.0-SNAPSHOT/hadoop-hdds-common-0.6.0-SNAPSHOT-tests.jar:/home/user/.m2/repository/org/yaml/snakeyaml/1.16/snakeyaml-1.16.jar:/home/user/.m2/repository/org/apache/hadoop/hadoop-hdds-hadoop-dependency-test/0.6.0-SNAPSHOT/hadoop-hdds-hadoop-dependency-test-0.6.0-SNAPSHOT.jar:/home/user/.m2/repository/org/apache/hadoop/hadoop-common/3.2.1/hadoop-common-3.2.1-tests.jar:/home/user/.m2/repository/javax/servlet/jsp/jsp-api/2.1/jsp-api-2.1.jar:/home/user/.m2/repository/org/apache/hadoop/hadoop-hdfs/3.2.1/hadoop-hdfs-3.2.1-tests.jar:/home/user/.m2/repository/org/eclipse/jetty/jetty-util-ajax/9.4.26.v20200117/jetty-util-ajax-9.4.26.v20200117.jar:/home/user/.m2/repository/commons-codec/commons-codec/1.11/commons-codec-1.11.jar:/home/user/.m2/repository/commons-daemon/commons-daemon/1.0.13/commons-daemon-1.0.13.jar:/home/user/.m2/repository/io/netty/netty/3.10.5.Final/netty-3.10.5.Final.jar:/home/user/.m2/repository/io/netty/netty-all/4.1.48.Final/netty-all-4.1.48.Final.jar:/home/user/.m2/repository/org/apache/htrace/htrace-core4/4.1.0-incubating/htrace-core4-4.1.0-incubating.jar:/home/user/.m2/repository/org/fusesource/leveldbjni/leveldbjni-all/1.8/leveldbjni-all-1.8.jar:/home/user/.m2/repository/org/apache/hadoop/hadoop-distcp/3.2.1/hadoop-distcp-3.2.1.jar:/home/user/.m2/repository/org/apache/hadoop/hadoop-mapreduce-client-jobclient/3.2.1/hadoop-mapreduce-client-jobclient-3.2.1.jar:/home/user/.m2/repository/org/apache/hadoop/hadoop-mapreduce-client-common/3.2.1/hadoop-mapreduce-client-common-3.2.1.jar:/home/user/.m2/repository/org/apache/hadoop/hadoop-yarn-common/3.2.1/hadoop-yarn-common-3.2.1.jar:/home/user/.m2/repository/org/apache/hadoop/hadoop-yarn-api/3.2.1/hadoop-yarn-api-3.2.1.jar:/home/user/.m2/repository/com/sun/jersey/jersey-client/1.19/jersey-client-1.19.jar:/home/user/.m2/repository/com/sun/jersey/contribs/jersey-guice/1.19/jersey-guice-1.19.jar:/home/user/.m2/repository/com/fasterxml/jackson/jaxrs/jackson-jaxrs-json-provider/2.10.3/jackson-jaxrs-json-provider-2.10.3.jar:/home/user/.m2/repository/com/fasterxml/jackson/jaxrs/jackson-jaxrs-base/2.10.3/jackson-jaxrs-base-2.10.3.jar:/home/user/.m2/repository/org/apache/hadoop/hadoop-yarn-client/3.2.1/hadoop-yarn-client-3.2.1.jar:/home/user/.m2/repository/org/apache/hadoop/hadoop-mapreduce-client-core/3.2.1/hadoop-mapreduce-client-core-3.2.1.jar:/home/user/.m2/repository/org/apache/avro/avro/1.7.7/avro-1.7.7.jar:/home/user/.m2/repository/org/codehaus/jackson/jackson-core-asl/1.9.13/jackson-core-asl-1.9.13.jar:/home/user/.m2/repository/org/codehaus/jackson/jackson-mapper-asl/1.9.13/jackson-mapper-asl-1.9.13.jar:/home/user/.m2/repository/com/thoughtworks/paranamer/paranamer/2.3/paranamer-2.3.jar:/home/user/.m2/repository/org/xerial/snappy/snappy-java/1.0.5/snappy-java-1.0.5.jar:/home/user/.m2/repository/org/apache/hadoop/hadoop-annotations/3.2.1/hadoop-annotations-3.2.1.jar:/usr/lib/jvm/java-1.8.0-openjdk-1.8.0.232.b09-0.el7_7.x86_64/jre/../lib/tools.jar:/home/user/.m2/repository/org/apache/hadoop/hadoop-distcp/3.2.1/hadoop-distcp-3.2.1-tests.jar:"/>
    <property name="java.vm.vendor" value="Oracle Corporation"/>
    <property name="sun.arch.data.model" value="64"/>
    <property name="test.build.dir" value="/github/workspace/mnt/ozone/hadoop-ozone/integration-test/target/test-dir"/>
    <property name="test.cache.data" value=""/>
    <property name="java.vendor.url" value="http://java.oracle.com/"/>
    <property name="user.timezone" value=""/>
    <property name="java.vm.specification.version" value="1.8"/>
    <property name="os.name" value="Linux"/>
    <property name="test.build.data" value="/github/workspace/mnt/ozone/hadoop-ozone/integration-test/target/test-dir"/>
    <property name="user.country" value="US"/>
    <property name="sun.java.launcher" value="SUN_STANDARD"/>
    <property name="sun.boot.library.path" value="/usr/lib/jvm/java-1.8.0-openjdk-1.8.0.232.b09-0.el7_7.x86_64/jre/lib/amd64"/>
    <property name="sun.java.command" value="/github/workspace/mnt/ozone/hadoop-ozone/integration-test/target/surefire/surefirebooter1527244963558277535.jar /github/workspace/mnt/ozone/hadoop-ozone/integration-test/target/surefire 2020-06-28T10-23-50_400-jvmRun1 surefire8102403067096873256tmp surefire_205011878359351915572tmp"/>
    <property name="surefire.test.class.path" value="/github/workspace/mnt/ozone/hadoop-ozone/integration-test/target/test-classes:/github/workspace/mnt/ozone/hadoop-ozone/integration-test/target/classes:/home/user/.m2/repository/org/apache/hadoop/hadoop-ozone-common/0.6.0-SNAPSHOT/hadoop-ozone-common-0.6.0-SNAPSHOT.jar:/home/user/.m2/repository/org/apache/commons/commons-compress/1.4.1/commons-compress-1.4.1.jar:/home/user/.m2/repository/org/tukaani/xz/1.0/xz-1.0.jar:/home/user/.m2/repository/org/apache/hadoop/hadoop-hdds-common/0.6.0-SNAPSHOT/hadoop-hdds-common-0.6.0-SNAPSHOT.jar:/home/user/.m2/repository/org/apache/hadoop/hadoop-hdds-hadoop-dependency-client/0.6.0-SNAPSHOT/hadoop-hdds-hadoop-dependency-client-0.6.0-SNAPSHOT.jar:/home/user/.m2/repository/info/picocli/picocli/3.9.6/picocli-3.9.6.jar:/home/user/.m2/repository/com/fasterxml/jackson/core/jackson-annotations/2.10.3/jackson-annotations-2.10.3.jar:/home/user/.m2/repository/javax/annotation/javax.annotation-api/1.2/javax.annotation-api-1.2.jar:/home/user/.m2/repository/org/apache/ratis/ratis-server/0.6.0-6ab75ae-SNAPSHOT/ratis-server-0.6.0-6ab75ae-SNAPSHOT.jar:/home/user/.m2/repository/org/apache/ratis/ratis-client/0.6.0-6ab75ae-SNAPSHOT/ratis-client-0.6.0-6ab75ae-SNAPSHOT.jar:/home/user/.m2/repository/org/apache/ratis/ratis-metrics/0.6.0-6ab75ae-SNAPSHOT/ratis-metrics-0.6.0-6ab75ae-SNAPSHOT.jar:/home/user/.m2/repository/org/apache/ratis/ratis-netty/0.6.0-6ab75ae-SNAPSHOT/ratis-netty-0.6.0-6ab75ae-SNAPSHOT.jar:/home/user/.m2/repository/org/apache/ratis/ratis-grpc/0.6.0-6ab75ae-SNAPSHOT/ratis-grpc-0.6.0-6ab75ae-SNAPSHOT.jar:/home/user/.m2/repository/org/apache/logging/log4j/log4j-api/2.11.0/log4j-api-2.11.0.jar:/home/user/.m2/repository/org/apache/logging/log4j/log4j-core/2.11.0/log4j-core-2.11.0.jar:/home/user/.m2/repository/com/lmax/disruptor/3.4.2/disruptor-3.4.2.jar:/home/user/.m2/repository/org/apache/commons/commons-pool2/2.6.0/commons-pool2-2.6.0.jar:/home/user/.m2/repository/org/bouncycastle/bcpkix-jdk15on/1.60/bcpkix-jdk15on-1.60.jar:/home/user/.m2/repository/commons-validator/commons-validator/1.6/commons-validator-1.6.jar:/home/user/.m2/repository/commons-digester/commons-digester/1.8.1/commons-digester-1.8.1.jar:/home/user/.m2/repository/io/jaegertracing/jaeger-client/1.2.0/jaeger-client-1.2.0.jar:/home/user/.m2/repository/io/jaegertracing/jaeger-thrift/1.2.0/jaeger-thrift-1.2.0.jar:/home/user/.m2/repository/org/apache/thrift/libthrift/0.13.0/libthrift-0.13.0.jar:/home/user/.m2/repository/com/squareup/okhttp3/okhttp/4.2.2/okhttp-4.2.2.jar:/home/user/.m2/repository/com/squareup/okio/okio/2.2.2/okio-2.2.2.jar:/home/user/.m2/repository/org/jetbrains/kotlin/kotlin-stdlib/1.3.50/kotlin-stdlib-1.3.50.jar:/home/user/.m2/repository/org/jetbrains/kotlin/kotlin-stdlib-common/1.3.50/kotlin-stdlib-common-1.3.50.jar:/home/user/.m2/repository/org/jetbrains/annotations/13.0/annotations-13.0.jar:/home/user/.m2/repository/io/jaegertracing/jaeger-core/1.2.0/jaeger-core-1.2.0.jar:/home/user/.m2/repository/io/jaegertracing/jaeger-tracerresolver/1.2.0/jaeger-tracerresolver-1.2.0.jar:/home/user/.m2/repository/io/opentracing/contrib/opentracing-tracerresolver/0.1.8/opentracing-tracerresolver-0.1.8.jar:/home/user/.m2/repository/io/opentracing/opentracing-util/0.33.0/opentracing-util-0.33.0.jar:/home/user/.m2/repository/io/opentracing/opentracing-api/0.33.0/opentracing-api-0.33.0.jar:/home/user/.m2/repository/io/opentracing/opentracing-noop/0.33.0/opentracing-noop-0.33.0.jar:/home/user/.m2/repository/org/apache/hadoop/hadoop-hdds-client/0.6.0-SNAPSHOT/hadoop-hdds-client-0.6.0-SNAPSHOT.jar:/home/user/.m2/repository/org/apache/hadoop/hadoop-ozone-interface-client/0.6.0-SNAPSHOT/hadoop-ozone-interface-client-0.6.0-SNAPSHOT.jar:/home/user/.m2/repository/org/apache/hadoop/hadoop-hdds-test-utils/0.6.0-SNAPSHOT/hadoop-hdds-test-utils-0.6.0-SNAPSHOT.jar:/home/user/.m2/repository/com/google/guava/guava/28.2-jre/guava-28.2-jre.jar:/home/user/.m2/repository/com/google/guava/failureaccess/1.0.1/failureaccess-1.0.1.jar:/home/user/.m2/repository/com/google/guava/listenablefuture/9999.0-empty-to-avoid-conflict-with-guava/listenablefuture-9999.0-empty-to-avoid-conflict-with-guava.jar:/home/user/.m2/repository/com/google/code/findbugs/jsr305/3.0.0/jsr305-3.0.0.jar:/home/user/.m2/repository/org/checkerframework/checker-qual/2.10.0/checker-qual-2.10.0.jar:/home/user/.m2/repository/com/google/errorprone/error_prone_annotations/2.2.0/error_prone_annotations-2.2.0.jar:/home/user/.m2/repository/com/google/j2objc/j2objc-annotations/1.3/j2objc-annotations-1.3.jar:/home/user/.m2/repository/commons-io/commons-io/2.5/commons-io-2.5.jar:/home/user/.m2/repository/commons-logging/commons-logging/1.2/commons-logging-1.2.jar:/home/user/.m2/repository/log4j/log4j/1.2.17/log4j-1.2.17.jar:/home/user/.m2/repository/org/slf4j/slf4j-api/1.7.25/slf4j-api-1.7.25.jar:/home/user/.m2/repository/org/apache/hadoop/hadoop-hdds-server-scm/0.6.0-SNAPSHOT/hadoop-hdds-server-scm-0.6.0-SNAPSHOT.jar:/home/user/.m2/repository/org/apache/hadoop/hadoop-hdds-container-service/0.6.0-SNAPSHOT/hadoop-hdds-container-service-0.6.0-SNAPSHOT.jar:/home/user/.m2/repository/org/apache/hadoop/hadoop-hdds-hadoop-dependency-server/0.6.0-SNAPSHOT/hadoop-hdds-hadoop-dependency-server-0.6.0-SNAPSHOT.jar:/home/user/.m2/repository/org/apache/hadoop/hadoop-hdds-server-framework/0.6.0-SNAPSHOT/hadoop-hdds-server-framework-0.6.0-SNAPSHOT.jar:/home/user/.m2/repository/org/apache/hadoop/hadoop-hdds-interface-server/0.6.0-SNAPSHOT/hadoop-hdds-interface-server-0.6.0-SNAPSHOT.jar:/home/user/.m2/repository/org/apache/hadoop/hadoop-hdds-interface-admin/0.6.0-SNAPSHOT/hadoop-hdds-interface-admin-0.6.0-SNAPSHOT.jar:/home/user/.m2/repository/org/rocksdb/rocksdbjni/6.8.1/rocksdbjni-6.8.1.jar:/home/user/.m2/repository/io/prometheus/simpleclient_dropwizard/0.7.0/simpleclient_dropwizard-0.7.0.jar:/home/user/.m2/repository/io/prometheus/simpleclient/0.7.0/simpleclient-0.7.0.jar:/home/user/.m2/repository/io/prometheus/simpleclient_common/0.7.0/simpleclient_common-0.7.0.jar:/home/user/.m2/repository/com/fasterxml/jackson/datatype/jackson-datatype-jsr310/2.10.3/jackson-datatype-jsr310-2.10.3.jar:/home/user/.m2/repository/org/apache/hadoop/hadoop-hdds-docs/0.6.0-SNAPSHOT/hadoop-hdds-docs-0.6.0-SNAPSHOT.jar:/home/user/.m2/repository/io/dropwizard/metrics/metrics-core/3.2.4/metrics-core-3.2.4.jar:/home/user/.m2/repository/org/apache/hadoop/hadoop-hdfs-client/3.2.1/hadoop-hdfs-client-3.2.1.jar:/home/user/.m2/repository/org/bouncycastle/bcprov-jdk15on/1.60/bcprov-jdk15on-1.60.jar:/home/user/.m2/repository/org/apache/hadoop/hadoop-ozone-ozone-manager/0.6.0-SNAPSHOT/hadoop-ozone-ozone-manager-0.6.0-SNAPSHOT.jar:/home/user/.m2/repository/org/apache/hadoop/hadoop-hdds-interface-client/0.6.0-SNAPSHOT/hadoop-hdds-interface-client-0.6.0-SNAPSHOT.jar:/home/user/.m2/repository/org/apache/ratis/ratis-thirdparty-misc/0.4.0/ratis-thirdparty-misc-0.4.0.jar:/home/user/.m2/repository/org/apache/hadoop/hadoop-minikdc/3.2.1/hadoop-minikdc-3.2.1.jar:/home/user/.m2/repository/org/apache/kerby/kerb-simplekdc/1.0.1/kerb-simplekdc-1.0.1.jar:/home/user/.m2/repository/org/apache/kerby/kerb-client/1.0.1/kerb-client-1.0.1.jar:/home/user/.m2/repository/org/apache/kerby/kerby-config/1.0.1/kerby-config-1.0.1.jar:/home/user/.m2/repository/org/apache/kerby/kerb-core/1.0.1/kerb-core-1.0.1.jar:/home/user/.m2/repository/org/apache/kerby/kerby-pkix/1.0.1/kerby-pkix-1.0.1.jar:/home/user/.m2/repository/org/apache/kerby/kerby-asn1/1.0.1/kerby-asn1-1.0.1.jar:/home/user/.m2/repository/org/apache/kerby/kerby-util/1.0.1/kerby-util-1.0.1.jar:/home/user/.m2/repository/org/apache/kerby/kerb-common/1.0.1/kerb-common-1.0.1.jar:/home/user/.m2/repository/org/apache/kerby/kerb-crypto/1.0.1/kerb-crypto-1.0.1.jar:/home/user/.m2/repository/org/apache/kerby/kerb-util/1.0.1/kerb-util-1.0.1.jar:/home/user/.m2/repository/org/apache/kerby/token-provider/1.0.1/token-provider-1.0.1.jar:/home/user/.m2/repository/org/apache/kerby/kerb-admin/1.0.1/kerb-admin-1.0.1.jar:/home/user/.m2/repository/org/apache/kerby/kerb-server/1.0.1/kerb-server-1.0.1.jar:/home/user/.m2/repository/org/apache/kerby/kerb-identity/1.0.1/kerb-identity-1.0.1.jar:/home/user/.m2/repository/org/apache/kerby/kerby-xdr/1.0.1/kerby-xdr-1.0.1.jar:/home/user/.m2/repository/org/slf4j/slf4j-log4j12/1.7.25/slf4j-log4j12-1.7.25.jar:/home/user/.m2/repository/org/apache/hadoop/hadoop-ozone-s3gateway/0.6.0-SNAPSHOT/hadoop-ozone-s3gateway-0.6.0-SNAPSHOT.jar:/home/user/.m2/repository/org/jboss/weld/servlet/weld-servlet/2.4.7.Final/weld-servlet-2.4.7.Final.jar:/home/user/.m2/repository/org/glassfish/jersey/containers/jersey-container-servlet-core/2.27/jersey-container-servlet-core-2.27.jar:/home/user/.m2/repository/org/glassfish/hk2/external/javax.inject/2.5.0-b42/javax.inject-2.5.0-b42.jar:/home/user/.m2/repository/org/glassfish/jersey/core/jersey-common/2.27/jersey-common-2.27.jar:/home/user/.m2/repository/org/glassfish/hk2/osgi-resource-locator/1.0.1/osgi-resource-locator-1.0.1.jar:/home/user/.m2/repository/javax/ws/rs/javax.ws.rs-api/2.1/javax.ws.rs-api-2.1.jar:/home/user/.m2/repository/org/glassfish/jersey/ext/cdi/jersey-cdi1x/2.27/jersey-cdi1x-2.27.jar:/home/user/.m2/repository/org/glassfish/jersey/inject/jersey-hk2/2.27/jersey-hk2-2.27.jar:/home/user/.m2/repository/org/glassfish/hk2/hk2-locator/2.5.0-b42/hk2-locator-2.5.0-b42.jar:/home/user/.m2/repository/org/javassist/javassist/3.22.0-CR2/javassist-3.22.0-CR2.jar:/home/user/.m2/repository/org/glassfish/hk2/hk2-api/2.5.0/hk2-api-2.5.0.jar:/home/user/.m2/repository/org/glassfish/hk2/external/jakarta.inject/2.5.0/jakarta.inject-2.5.0.jar:/home/user/.m2/repository/org/glassfish/hk2/hk2-utils/2.5.0/hk2-utils-2.5.0.jar:/home/user/.m2/repository/jakarta/annotation/jakarta.annotation-api/1.3.4/jakarta.annotation-api-1.3.4.jar:/home/user/.m2/repository/org/glassfish/hk2/external/aopalliance-repackaged/2.5.0/aopalliance-repackaged-2.5.0.jar:/home/user/.m2/repository/com/fasterxml/jackson/dataformat/jackson-dataformat-xml/2.10.3/jackson-dataformat-xml-2.10.3.jar:/home/user/.m2/repository/com/fasterxml/jackson/core/jackson-core/2.10.3/jackson-core-2.10.3.jar:/home/user/.m2/repository/com/fasterxml/jackson/module/jackson-module-jaxb-annotations/2.10.3/jackson-module-jaxb-annotations-2.10.3.jar:/home/user/.m2/repository/jakarta/xml/bind/jakarta.xml.bind-api/2.3.2/jakarta.xml.bind-api-2.3.2.jar:/home/user/.m2/repository/jakarta/activation/jakarta.activation-api/1.2.1/jakarta.activation-api-1.2.1.jar:/home/user/.m2/repository/org/codehaus/woodstox/stax2-api/3.1.4/stax2-api-3.1.4.jar:/home/user/.m2/repository/com/fasterxml/woodstox/woodstox-core/5.0.3/woodstox-core-5.0.3.jar:/home/user/.m2/repository/javax/enterprise/cdi-api/1.2/cdi-api-1.2.jar:/home/user/.m2/repository/javax/el/javax.el-api/3.0.0/javax.el-api-3.0.0.jar:/home/user/.m2/repository/javax/interceptor/javax.interceptor-api/1.2/javax.interceptor-api-1.2.jar:/home/user/.m2/repository/javax/inject/javax.inject/1/javax.inject-1.jar:/home/user/.m2/repository/com/sun/xml/bind/jaxb-impl/2.3.0.1/jaxb-impl-2.3.0.1.jar:/home/user/.m2/repository/com/sun/xml/bind/jaxb-core/2.3.0.1/jaxb-core-2.3.0.1.jar:/home/user/.m2/repository/javax/xml/bind/jaxb-api/2.3.0/jaxb-api-2.3.0.jar:/home/user/.m2/repository/javax/activation/activation/1.1.1/activation-1.1.1.jar:/home/user/.m2/repository/org/apache/hadoop/hadoop-ozone-csi/0.6.0-SNAPSHOT/hadoop-ozone-csi-0.6.0-SNAPSHOT.jar:/home/user/.m2/repository/com/google/protobuf/protobuf-java-util/3.11.0/protobuf-java-util-3.11.0.jar:/home/user/.m2/repository/com/google/code/gson/gson/2.2.4/gson-2.2.4.jar:/home/user/.m2/repository/org/apache/hadoop/hadoop-hdds-config/0.6.0-SNAPSHOT/hadoop-hdds-config-0.6.0-SNAPSHOT.jar:/home/user/.m2/repository/com/google/protobuf/protobuf-java/2.5.0/protobuf-java-2.5.0.jar:/home/user/.m2/repository/io/grpc/grpc-netty/1.29.0/grpc-netty-1.29.0.jar:/home/user/.m2/repository/io/grpc/grpc-core/1.29.0/grpc-core-1.29.0.jar:/home/user/.m2/repository/com/google/android/annotations/4.1.1.4/annotations-4.1.1.4.jar:/home/user/.m2/repository/io/perfmark/perfmark-api/0.19.0/perfmark-api-0.19.0.jar:/home/user/.m2/repository/io/netty/netty-codec-http2/4.1.48.Final/netty-codec-http2-4.1.48.Final.jar:/home/user/.m2/repository/io/netty/netty-codec/4.1.48.Final/netty-codec-4.1.48.Final.jar:/home/user/.m2/repository/io/netty/netty-handler/4.1.48.Final/netty-handler-4.1.48.Final.jar:/home/user/.m2/repository/io/netty/netty-codec-http/4.1.48.Final/netty-codec-http-4.1.48.Final.jar:/home/user/.m2/repository/io/netty/netty-handler-proxy/4.1.48.Final/netty-handler-proxy-4.1.48.Final.jar:/home/user/.m2/repository/io/netty/netty-codec-socks/4.1.48.Final/netty-codec-socks-4.1.48.Final.jar:/home/user/.m2/repository/io/netty/netty-transport-native-epoll/4.1.48.Final/netty-transport-native-epoll-4.1.48.Final.jar:/home/user/.m2/repository/io/netty/netty-common/4.1.48.Final/netty-common-4.1.48.Final.jar:/home/user/.m2/repository/io/netty/netty-buffer/4.1.48.Final/netty-buffer-4.1.48.Final.jar:/home/user/.m2/repository/io/netty/netty-transport/4.1.48.Final/netty-transport-4.1.48.Final.jar:/home/user/.m2/repository/io/netty/netty-resolver/4.1.48.Final/netty-resolver-4.1.48.Final.jar:/home/user/.m2/repository/io/netty/netty-transport-native-unix-common/4.1.48.Final/netty-transport-native-unix-common-4.1.48.Final.jar:/home/user/.m2/repository/io/grpc/grpc-protobuf/1.29.0/grpc-protobuf-1.29.0.jar:/home/user/.m2/repository/io/grpc/grpc-api/1.29.0/grpc-api-1.29.0.jar:/home/user/.m2/repository/io/grpc/grpc-context/1.29.0/grpc-context-1.29.0.jar:/home/user/.m2/repository/org/codehaus/mojo/animal-sniffer-annotations/1.18/animal-sniffer-annotations-1.18.jar:/home/user/.m2/repository/com/google/api/grpc/proto-google-common-protos/1.17.0/proto-google-common-protos-1.17.0.jar:/home/user/.m2/repository/io/grpc/grpc-protobuf-lite/1.29.0/grpc-protobuf-lite-1.29.0.jar:/home/user/.m2/repository/io/grpc/grpc-stub/1.29.0/grpc-stub-1.29.0.jar:/home/user/.m2/repository/org/apache/hadoop/hadoop-ozone-recon/0.6.0-SNAPSHOT/hadoop-ozone-recon-0.6.0-SNAPSHOT.jar:/home/user/.m2/repository/org/apache/hadoop/hadoop-ozone-reconcodegen/0.6.0-SNAPSHOT/hadoop-ozone-reconcodegen-0.6.0-SNAPSHOT.jar:/home/user/.m2/repository/com/google/inject/extensions/guice-multibindings/4.0/guice-multibindings-4.0.jar:/home/user/.m2/repository/com/google/inject/guice/4.0/guice-4.0.jar:/home/user/.m2/repository/aopalliance/aopalliance/1.0/aopalliance-1.0.jar:/home/user/.m2/repository/com/google/inject/extensions/guice-assistedinject/4.0/guice-assistedinject-4.0.jar:/home/user/.m2/repository/com/google/inject/extensions/guice-servlet/4.0/guice-servlet-4.0.jar:/home/user/.m2/repository/org/glassfish/jersey/containers/jersey-container-servlet/2.27/jersey-container-servlet-2.27.jar:/home/user/.m2/repository/org/glassfish/hk2/guice-bridge/2.5.0/guice-bridge-2.5.0.jar:/home/user/.m2/repository/org/glassfish/jersey/core/jersey-server/2.27/jersey-server-2.27.jar:/home/user/.m2/repository/org/glassfish/jersey/core/jersey-client/2.27/jersey-client-2.27.jar:/home/user/.m2/repository/org/glassfish/jersey/media/jersey-media-jaxb/2.27/jersey-media-jaxb-2.27.jar:/home/user/.m2/repository/javax/validation/validation-api/1.1.0.Final/validation-api-1.1.0.Final.jar:/home/user/.m2/repository/org/glassfish/jersey/media/jersey-media-json-jackson/2.27/jersey-media-json-jackson-2.27.jar:/home/user/.m2/repository/org/glassfish/jersey/ext/jersey-entity-filtering/2.27/jersey-entity-filtering-2.27.jar:/home/user/.m2/repository/org/jooq/jooq/3.11.10/jooq-3.11.10.jar:/home/user/.m2/repository/org/jooq/jooq-meta/3.11.10/jooq-meta-3.11.10.jar:/home/user/.m2/repository/org/jooq/jooq-codegen/3.11.10/jooq-codegen-3.11.10.jar:/home/user/.m2/repository/com/jolbox/bonecp/0.8.0.RELEASE/bonecp-0.8.0.RELEASE.jar:/home/user/.m2/repository/org/apache/derby/derby/10.14.2.0/derby-10.14.2.0.jar:/home/user/.m2/repository/org/xerial/sqlite-jdbc/3.25.2/sqlite-jdbc-3.25.2.jar:/home/user/.m2/repository/org/springframework/spring-jdbc/5.2.5.RELEASE/spring-jdbc-5.2.5.RELEASE.jar:/home/user/.m2/repository/org/springframework/spring-beans/5.2.5.RELEASE/spring-beans-5.2.5.RELEASE.jar:/home/user/.m2/repository/org/springframework/spring-core/5.2.5.RELEASE/spring-core-5.2.5.RELEASE.jar:/home/user/.m2/repository/org/springframework/spring-jcl/5.2.5.RELEASE/spring-jcl-5.2.5.RELEASE.jar:/home/user/.m2/repository/org/springframework/spring-tx/5.2.5.RELEASE/spring-tx-5.2.5.RELEASE.jar:/home/user/.m2/repository/org/apache/hadoop/hadoop-ozone-client/0.6.0-SNAPSHOT/hadoop-ozone-client-0.6.0-SNAPSHOT.jar:/home/user/.m2/repository/org/apache/hadoop/hadoop-ozone-filesystem/0.6.0-SNAPSHOT/hadoop-ozone-filesystem-0.6.0-SNAPSHOT.jar:/home/user/.m2/repository/org/apache/hadoop/hadoop-ozone-filesystem-common/0.6.0-SNAPSHOT/hadoop-ozone-filesystem-common-0.6.0-SNAPSHOT.jar:/home/user/.m2/repository/org/apache/hadoop/hadoop-ozone-tools/0.6.0-SNAPSHOT/hadoop-ozone-tools-0.6.0-SNAPSHOT.jar:/home/user/.m2/repository/org/apache/hadoop/hadoop-hdfs/3.2.1/hadoop-hdfs-3.2.1.jar:/home/user/.m2/repository/org/apache/ratis/ratis-tools/0.6.0-6ab75ae-SNAPSHOT/ratis-tools-0.6.0-6ab75ae-SNAPSHOT.jar:/home/user/.m2/repository/org/apache/ratis/ratis-proto/0.6.0-6ab75ae-SNAPSHOT/ratis-proto-0.6.0-6ab75ae-SNAPSHOT.jar:/home/user/.m2/repository/org/apache/ratis/ratis-common/0.6.0-6ab75ae-SNAPSHOT/ratis-common-0.6.0-6ab75ae-SNAPSHOT.jar:/home/user/.m2/repository/com/amazonaws/aws-java-sdk-core/1.11.615/aws-java-sdk-core-1.11.615.jar:/home/user/.m2/repository/org/apache/httpcomponents/httpclient/4.5.2/httpclient-4.5.2.jar:/home/user/.m2/repository/org/apache/httpcomponents/httpcore/4.4.4/httpcore-4.4.4.jar:/home/user/.m2/repository/software/amazon/ion/ion-java/1.0.2/ion-java-1.0.2.jar:/home/user/.m2/repository/com/fasterxml/jackson/dataformat/jackson-dataformat-cbor/2.10.3/jackson-dataformat-cbor-2.10.3.jar:/home/user/.m2/repository/joda-time/joda-time/2.8.1/joda-time-2.8.1.jar:/home/user/.m2/repository/com/amazonaws/aws-java-sdk-s3/1.11.615/aws-java-sdk-s3-1.11.615.jar:/home/user/.m2/repository/com/amazonaws/aws-java-sdk-kms/1.11.615/aws-java-sdk-kms-1.11.615.jar:/home/user/.m2/repository/com/amazonaws/jmespath-java/1.11.615/jmespath-java-1.11.615.jar:/home/user/.m2/repository/org/apache/hadoop/hadoop-hdds-tools/0.6.0-SNAPSHOT/hadoop-hdds-tools-0.6.0-SNAPSHOT.jar:/home/user/.m2/repository/commons-cli/commons-cli/1.2/commons-cli-1.2.jar:/home/user/.m2/repository/org/apache/commons/commons-lang3/3.7/commons-lang3-3.7.jar:/home/user/.m2/repository/org/apache/hadoop/hadoop-ozone-ozone-manager/0.6.0-SNAPSHOT/hadoop-ozone-ozone-manager-0.6.0-SNAPSHOT-tests.jar:/home/user/.m2/repository/junit/junit/4.11/junit-4.11.jar:/home/user/.m2/repository/org/hamcrest/hamcrest-core/1.3/hamcrest-core-1.3.jar:/home/user/.m2/repository/org/openjdk/jmh/jmh-core/1.19/jmh-core-1.19.jar:/home/user/.m2/repository/net/sf/jopt-simple/jopt-simple/4.6/jopt-simple-4.6.jar:/home/user/.m2/repository/org/apache/commons/commons-math3/3.1.1/commons-math3-3.1.1.jar:/home/user/.m2/repository/org/openjdk/jmh/jmh-generator-annprocess/1.19/jmh-generator-annprocess-1.19.jar:/home/user/.m2/repository/org/mockito/mockito-all/1.8.5/mockito-all-1.8.5.jar:/home/user/.m2/repository/org/apache/hadoop/hadoop-kms/3.2.1/hadoop-kms-3.2.1.jar:/home/user/.m2/repository/org/apache/hadoop/hadoop-auth/3.2.1/hadoop-auth-3.2.1.jar:/home/user/.m2/repository/com/nimbusds/nimbus-jose-jwt/7.9/nimbus-jose-jwt-7.9.jar:/home/user/.m2/repository/com/github/stephenc/jcip/jcip-annotations/1.0-1/jcip-annotations-1.0-1.jar:/home/user/.m2/repository/net/minidev/json-smart/2.3/json-smart-2.3.jar:/home/user/.m2/repository/net/minidev/accessors-smart/1.2/accessors-smart-1.2.jar:/home/user/.m2/repository/org/ow2/asm/asm/5.0.4/asm-5.0.4.jar:/home/user/.m2/repository/org/apache/zookeeper/zookeeper/3.4.13/zookeeper-3.4.13.jar:/home/user/.m2/repository/org/apache/yetus/audience-annotations/0.5.0/audience-annotations-0.5.0.jar:/home/user/.m2/repository/org/apache/curator/curator-framework/2.13.0/curator-framework-2.13.0.jar:/home/user/.m2/repository/com/sun/jersey/jersey-core/1.19/jersey-core-1.19.jar:/home/user/.m2/repository/javax/ws/rs/jsr311-api/1.1.1/jsr311-api-1.1.1.jar:/home/user/.m2/repository/com/sun/jersey/jersey-server/1.19/jersey-server-1.19.jar:/home/user/.m2/repository/javax/servlet/javax.servlet-api/3.1.0/javax.servlet-api-3.1.0.jar:/home/user/.m2/repository/org/eclipse/jetty/jetty-server/9.4.26.v20200117/jetty-server-9.4.26.v20200117.jar:/home/user/.m2/repository/org/eclipse/jetty/jetty-http/9.4.26.v20200117/jetty-http-9.4.26.v20200117.jar:/home/user/.m2/repository/org/eclipse/jetty/jetty-io/9.4.26.v20200117/jetty-io-9.4.26.v20200117.jar:/home/user/.m2/repository/org/eclipse/jetty/jetty-webapp/9.4.26.v20200117/jetty-webapp-9.4.26.v20200117.jar:/home/user/.m2/repository/org/eclipse/jetty/jetty-xml/9.4.26.v20200117/jetty-xml-9.4.26.v20200117.jar:/home/user/.m2/repository/org/eclipse/jetty/jetty-servlet/9.4.26.v20200117/jetty-servlet-9.4.26.v20200117.jar:/home/user/.m2/repository/org/eclipse/jetty/jetty-security/9.4.26.v20200117/jetty-security-9.4.26.v20200117.jar:/home/user/.m2/repository/org/apache/hadoop/hadoop-common/3.2.1/hadoop-common-3.2.1.jar:/home/user/.m2/repository/commons-net/commons-net/3.6/commons-net-3.6.jar:/home/user/.m2/repository/commons-collections/commons-collections/3.2.2/commons-collections-3.2.2.jar:/home/user/.m2/repository/com/sun/jersey/jersey-servlet/1.19/jersey-servlet-1.19.jar:/home/user/.m2/repository/com/sun/jersey/jersey-json/1.19/jersey-json-1.19.jar:/home/user/.m2/repository/org/codehaus/jettison/jettison/1.1/jettison-1.1.jar:/home/user/.m2/repository/org/codehaus/jackson/jackson-jaxrs/1.9.2/jackson-jaxrs-1.9.2.jar:/home/user/.m2/repository/org/codehaus/jackson/jackson-xc/1.9.2/jackson-xc-1.9.2.jar:/home/user/.m2/repository/commons-beanutils/commons-beanutils/1.9.4/commons-beanutils-1.9.4.jar:/home/user/.m2/repository/org/apache/commons/commons-configuration2/2.1.1/commons-configuration2-2.1.1.jar:/home/user/.m2/repository/org/apache/commons/commons-text/1.4/commons-text-1.4.jar:/home/user/.m2/repository/com/google/re2j/re2j/1.1/re2j-1.1.jar:/home/user/.m2/repository/com/jcraft/jsch/0.1.54/jsch-0.1.54.jar:/home/user/.m2/repository/org/apache/curator/curator-client/2.13.0/curator-client-2.13.0.jar:/home/user/.m2/repository/org/apache/curator/curator-recipes/2.13.0/curator-recipes-2.13.0.jar:/home/user/.m2/repository/dnsjava/dnsjava/2.1.7/dnsjava-2.1.7.jar:/home/user/.m2/repository/org/slf4j/jul-to-slf4j/1.7.25/jul-to-slf4j-1.7.25.jar:/home/user/.m2/repository/org/eclipse/jetty/jetty-util/9.4.26.v20200117/jetty-util-9.4.26.v20200117.jar:/home/user/.m2/repository/com/fasterxml/jackson/core/jackson-databind/2.10.3/jackson-databind-2.10.3.jar:/home/user/.m2/repository/org/apache/hadoop/hadoop-kms/3.2.1/hadoop-kms-3.2.1-tests.jar:/home/user/.m2/repository/org/apache/hadoop/hadoop-hdds-server-scm/0.6.0-SNAPSHOT/hadoop-hdds-server-scm-0.6.0-SNAPSHOT-tests.jar:/home/user/.m2/repository/org/apache/hadoop/hadoop-hdds-container-service/0.6.0-SNAPSHOT/hadoop-hdds-container-service-0.6.0-SNAPSHOT-tests.jar:/home/user/.m2/repository/org/apache/hadoop/hadoop-hdds-common/0.6.0-SNAPSHOT/hadoop-hdds-common-0.6.0-SNAPSHOT-tests.jar:/home/user/.m2/repository/org/yaml/snakeyaml/1.16/snakeyaml-1.16.jar:/home/user/.m2/repository/org/apache/hadoop/hadoop-hdds-hadoop-dependency-test/0.6.0-SNAPSHOT/hadoop-hdds-hadoop-dependency-test-0.6.0-SNAPSHOT.jar:/home/user/.m2/repository/org/apache/hadoop/hadoop-common/3.2.1/hadoop-common-3.2.1-tests.jar:/home/user/.m2/repository/javax/servlet/jsp/jsp-api/2.1/jsp-api-2.1.jar:/home/user/.m2/repository/org/apache/hadoop/hadoop-hdfs/3.2.1/hadoop-hdfs-3.2.1-tests.jar:/home/user/.m2/repository/org/eclipse/jetty/jetty-util-ajax/9.4.26.v20200117/jetty-util-ajax-9.4.26.v20200117.jar:/home/user/.m2/repository/commons-codec/commons-codec/1.11/commons-codec-1.11.jar:/home/user/.m2/repository/commons-daemon/commons-daemon/1.0.13/commons-daemon-1.0.13.jar:/home/user/.m2/repository/io/netty/netty/3.10.5.Final/netty-3.10.5.Final.jar:/home/user/.m2/repository/io/netty/netty-all/4.1.48.Final/netty-all-4.1.48.Final.jar:/home/user/.m2/repository/org/apache/htrace/htrace-core4/4.1.0-incubating/htrace-core4-4.1.0-incubating.jar:/home/user/.m2/repository/org/fusesource/leveldbjni/leveldbjni-all/1.8/leveldbjni-all-1.8.jar:/home/user/.m2/repository/org/apache/hadoop/hadoop-distcp/3.2.1/hadoop-distcp-3.2.1.jar:/home/user/.m2/repository/org/apache/hadoop/hadoop-mapreduce-client-jobclient/3.2.1/hadoop-mapreduce-client-jobclient-3.2.1.jar:/home/user/.m2/repository/org/apache/hadoop/hadoop-mapreduce-client-common/3.2.1/hadoop-mapreduce-client-common-3.2.1.jar:/home/user/.m2/repository/org/apache/hadoop/hadoop-yarn-common/3.2.1/hadoop-yarn-common-3.2.1.jar:/home/user/.m2/repository/org/apache/hadoop/hadoop-yarn-api/3.2.1/hadoop-yarn-api-3.2.1.jar:/home/user/.m2/repository/com/sun/jersey/jersey-client/1.19/jersey-client-1.19.jar:/home/user/.m2/repository/com/sun/jersey/contribs/jersey-guice/1.19/jersey-guice-1.19.jar:/home/user/.m2/repository/com/fasterxml/jackson/jaxrs/jackson-jaxrs-json-provider/2.10.3/jackson-jaxrs-json-provider-2.10.3.jar:/home/user/.m2/repository/com/fasterxml/jackson/jaxrs/jackson-jaxrs-base/2.10.3/jackson-jaxrs-base-2.10.3.jar:/home/user/.m2/repository/org/apache/hadoop/hadoop-yarn-client/3.2.1/hadoop-yarn-client-3.2.1.jar:/home/user/.m2/repository/org/apache/hadoop/hadoop-mapreduce-client-core/3.2.1/hadoop-mapreduce-client-core-3.2.1.jar:/home/user/.m2/repository/org/apache/avro/avro/1.7.7/avro-1.7.7.jar:/home/user/.m2/repository/org/codehaus/jackson/jackson-core-asl/1.9.13/jackson-core-asl-1.9.13.jar:/home/user/.m2/repository/org/codehaus/jackson/jackson-mapper-asl/1.9.13/jackson-mapper-asl-1.9.13.jar:/home/user/.m2/repository/com/thoughtworks/paranamer/paranamer/2.3/paranamer-2.3.jar:/home/user/.m2/repository/org/xerial/snappy/snappy-java/1.0.5/snappy-java-1.0.5.jar:/home/user/.m2/repository/org/apache/hadoop/hadoop-annotations/3.2.1/hadoop-annotations-3.2.1.jar:/usr/lib/jvm/java-1.8.0-openjdk-1.8.0.232.b09-0.el7_7.x86_64/jre/../lib/tools.jar:/home/user/.m2/repository/org/apache/hadoop/hadoop-distcp/3.2.1/hadoop-distcp-3.2.1-tests.jar:"/>
    <property name="sun.cpu.endian" value="little"/>
    <property name="user.home" value="/home/user"/>
    <property name="user.language" value="en"/>
    <property name="java.specification.vendor" value="Oracle Corporation"/>
    <property name="java.home" value="/usr/lib/jvm/java-1.8.0-openjdk-1.8.0.232.b09-0.el7_7.x86_64/jre"/>
    <property name="java.security.krb5.conf" value="/github/workspace/mnt/ozone/hadoop-ozone/integration-test/target/test-classes/krb5.conf"/>
    <property name="basedir" value="/github/workspace/mnt/ozone/hadoop-ozone/integration-test"/>
    <property name="file.separator" value="/"/>
    <property name="line.separator" value="&#10;"/>
    <property name="java.vm.specification.vendor" value="Oracle Corporation"/>
    <property name="java.specification.name" value="Java Platform API Specification"/>
    <property name="java.awt.graphicsenv" value="sun.awt.X11GraphicsEnvironment"/>
    <property name="skip.installnpx" value="true"/>
    <property name="surefire.real.class.path" value="/github/workspace/mnt/ozone/hadoop-ozone/integration-test/target/surefire/surefirebooter1527244963558277535.jar:/home/user/.m2/repository/org/jacoco/org.jacoco.agent/0.8.5/org.jacoco.agent-0.8.5-runtime.jar"/>
    <property name="hadoop.log.dir" value="/github/workspace/mnt/ozone/hadoop-ozone/integration-test/target/log"/>
    <property name="sun.boot.class.path" value="/usr/lib/jvm/java-1.8.0-openjdk-1.8.0.232.b09-0.el7_7.x86_64/jre/lib/resources.jar:/usr/lib/jvm/java-1.8.0-openjdk-1.8.0.232.b09-0.el7_7.x86_64/jre/lib/rt.jar:/usr/lib/jvm/java-1.8.0-openjdk-1.8.0.232.b09-0.el7_7.x86_64/jre/lib/sunrsasign.jar:/usr/lib/jvm/java-1.8.0-openjdk-1.8.0.232.b09-0.el7_7.x86_64/jre/lib/jsse.jar:/usr/lib/jvm/java-1.8.0-openjdk-1.8.0.232.b09-0.el7_7.x86_64/jre/lib/jce.jar:/usr/lib/jvm/java-1.8.0-openjdk-1.8.0.232.b09-0.el7_7.x86_64/jre/lib/charsets.jar:/usr/lib/jvm/java-1.8.0-openjdk-1.8.0.232.b09-0.el7_7.x86_64/jre/lib/jfr.jar:/usr/lib/jvm/java-1.8.0-openjdk-1.8.0.232.b09-0.el7_7.x86_64/jre/classes"/>
    <property name="sun.management.compiler" value="HotSpot 64-Bit Tiered Compilers"/>
    <property name="skip.npx" value="true"/>
    <property name="java.runtime.version" value="1.8.0_232-b09"/>
    <property name="java.net.preferIPv4Stack" value="true"/>
    <property name="user.name" value="jenkins1001"/>
    <property name="path.separator" value=":"/>
    <property name="java.security.egd" value="file:///dev/urandom"/>
    <property name="os.version" value="5.3.0-1028-azure"/>
    <property name="java.endorsed.dirs" value="/usr/lib/jvm/java-1.8.0-openjdk-1.8.0.232.b09-0.el7_7.x86_64/jre/lib/endorsed"/>
    <property name="java.runtime.name" value="OpenJDK Runtime Environment"/>
    <property name="file.encoding" value="ANSI_X3.4-1968"/>
    <property name="java.vm.name" value="OpenJDK 64-Bit Server VM"/>
    <property name="test.build.webapps" value=""/>
    <property name="localRepository" value="/home/user/.m2/repository"/>
    <property name="java.vendor.url.bug" value="http://bugreport.sun.com/bugreport/"/>
    <property name="java.io.tmpdir" value="/tmp"/>
    <property name="require.test.libhadoop" value=""/>
    <property name="java.version" value="1.8.0_232"/>
    <property name="user.dir" value="/github/workspace/mnt/ozone/hadoop-ozone/integration-test"/>
    <property name="os.arch" value="amd64"/>
    <property name="java.vm.specification.name" value="Java Virtual Machine Specification"/>
    <property name="test.build.classes" value="/github/workspace/mnt/ozone/hadoop-ozone/integration-test/target/test-classes"/>
    <property name="java.awt.printerjob" value="sun.print.PSPrinterJob"/>
    <property name="sun.os.patch.level" value="unknown"/>
    <property name="hadoop.tmp.dir" value="/github/workspace/mnt/ozone/hadoop-ozone/integration-test/target/tmp"/>
    <property name="java.library.path" value="/usr/lib:/usr/java/packages/lib/amd64:/usr/lib64:/lib64:/lib:/usr/lib"/>
    <property name="java.vm.info" value="mixed mode"/>
    <property name="java.vendor" value="Oracle Corporation"/>
    <property name="java.vm.version" value="25.232-b09"/>
    <property name="java.ext.dirs" value="/usr/lib/jvm/java-1.8.0-openjdk-1.8.0.232.b09-0.el7_7.x86_64/jre/lib/ext:/usr/java/packages/lib/ext"/>
    <property name="sun.io.unicode.encoding" value="UnicodeLittle"/>
    <property name="java.class.version" value="52.0"/>
  </properties>
  <testcase name="testMultipartUpload" classname="org.apache.hadoop.ozone.om.TestOzoneManagerHAWithData" time="28.581"/>
  <testcase name="testOMRatisSnapshot" classname="org.apache.hadoop.ozone.om.TestOzoneManagerHAWithData" time="25.018"/>
  <testcase name="testFileOperationsWithRecursive" classname="org.apache.hadoop.ozone.om.TestOzoneManagerHAWithData" time="23.546"/>
  <testcase name="testMultipartUploadWithOneOmNodeDown" classname="org.apache.hadoop.ozone.om.TestOzoneManagerHAWithData" time="48.083">
    <error message="omNode-2@group-523986131536 is in LEADER state but not ready yet.&#10;	at org.apache.hadoop.ozone.om.ratis.OzoneManagerRatisServer.processReply(OzoneManagerRatisServer.java:177)&#10;	at org.apache.hadoop.ozone.om.ratis.OzoneManagerRatisServer.submitRequest(OzoneManagerRatisServer.java:136)&#10;	at org.apache.hadoop.ozone.protocolPB.OzoneManagerProtocolServerSideTranslatorPB.submitRequestToRatis(OzoneManagerProtocolServerSideTranslatorPB.java:177)&#10;	at org.apache.hadoop.ozone.protocolPB.OzoneManagerProtocolServerSideTranslatorPB.processRequest(OzoneManagerProtocolServerSideTranslatorPB.java:134)&#10;	at org.apache.hadoop.hdds.server.OzoneProtocolMessageDispatcher.processRequest(OzoneProtocolMessageDispatcher.java:74)&#10;	at org.apache.hadoop.ozone.protocolPB.OzoneManagerProtocolServerSideTranslatorPB.submitRequest(OzoneManagerProtocolServerSideTranslatorPB.java:113)&#10;	at org.apache.hadoop.ozone.protocol.proto.OzoneManagerProtocolProtos$OzoneManagerService$2.callBlockingMethod(OzoneManagerProtocolProtos.java)&#10;	at org.apache.hadoop.ipc.ProtobufRpcEngine$Server$ProtoBufRpcInvoker.call(ProtobufRpcEngine.java:528)&#10;	at org.apache.hadoop.ipc.RPC$Server.call(RPC.java:1070)&#10;	at org.apache.hadoop.ipc.Server$RpcCall.run(Server.java:999)&#10;	at org.apache.hadoop.ipc.Server$RpcCall.run(Server.java:927)&#10;	at java.security.AccessController.doPrivileged(Native Method)&#10;	at javax.security.auth.Subject.doAs(Subject.java:422)&#10;	at org.apache.hadoop.security.UserGroupInformation.doAs(UserGroupInformation.java:1730)&#10;	at org.apache.hadoop.ipc.Server$Handler.run(Server.java:2915)&#10;" type="org.apache.hadoop.ipc.RemoteException(org.apache.hadoop.ozone.om.exceptions.OMLeaderNotReadyException)">org.apache.hadoop.ipc.RemoteException(org.apache.hadoop.ozone.om.exceptions.OMLeaderNotReadyException): omNode-2@group-523986131536 is in LEADER state but not ready yet.
	at org.apache.hadoop.ozone.om.ratis.OzoneManagerRatisServer.processReply(OzoneManagerRatisServer.java:177)
	at org.apache.hadoop.ozone.om.ratis.OzoneManagerRatisServer.submitRequest(OzoneManagerRatisServer.java:136)
	at org.apache.hadoop.ozone.protocolPB.OzoneManagerProtocolServerSideTranslatorPB.submitRequestToRatis(OzoneManagerProtocolServerSideTranslatorPB.java:177)
	at org.apache.hadoop.ozone.protocolPB.OzoneManagerProtocolServerSideTranslatorPB.processRequest(OzoneManagerProtocolServerSideTranslatorPB.java:134)
	at org.apache.hadoop.hdds.server.OzoneProtocolMessageDispatcher.processRequest(OzoneProtocolMessageDispatcher.java:74)
	at org.apache.hadoop.ozone.protocolPB.OzoneManagerProtocolServerSideTranslatorPB.submitRequest(OzoneManagerProtocolServerSideTranslatorPB.java:113)
	at org.apache.hadoop.ozone.protocol.proto.OzoneManagerProtocolProtos$OzoneManagerService$2.callBlockingMethod(OzoneManagerProtocolProtos.java)
	at org.apache.hadoop.ipc.ProtobufRpcEngine$Server$ProtoBufRpcInvoker.call(ProtobufRpcEngine.java:528)
	at org.apache.hadoop.ipc.RPC$Server.call(RPC.java:1070)
	at org.apache.hadoop.ipc.Server$RpcCall.run(Server.java:999)
	at org.apache.hadoop.ipc.Server$RpcCall.run(Server.java:927)
	at java.security.AccessController.doPrivileged(Native Method)
	at javax.security.auth.Subject.doAs(Subject.java:422)
	at org.apache.hadoop.security.UserGroupInformation.doAs(UserGroupInformation.java:1730)
	at org.apache.hadoop.ipc.Server$Handler.run(Server.java:2915)

	at org.apache.hadoop.ipc.Client.getRpcResponse(Client.java:1545)
	at org.apache.hadoop.ipc.Client.call(Client.java:1491)
	at org.apache.hadoop.ipc.Client.call(Client.java:1388)
	at org.apache.hadoop.ipc.ProtobufRpcEngine$Invoker.invoke(ProtobufRpcEngine.java:233)
	at org.apache.hadoop.ipc.ProtobufRpcEngine$Invoker.invoke(ProtobufRpcEngine.java:118)
	at com.sun.proxy.$Proxy39.submitRequest(Unknown Source)
	at sun.reflect.GeneratedMethodAccessor40.invoke(Unknown Source)
	at sun.reflect.DelegatingMethodAccessorImpl.invoke(DelegatingMethodAccessorImpl.java:43)
	at java.lang.reflect.Method.invoke(Method.java:498)
	at org.apache.hadoop.io.retry.RetryInvocationHandler.invokeMethod(RetryInvocationHandler.java:422)
	at org.apache.hadoop.io.retry.RetryInvocationHandler$Call.invokeMethod(RetryInvocationHandler.java:165)
	at org.apache.hadoop.io.retry.RetryInvocationHandler$Call.invoke(RetryInvocationHandler.java:157)
	at org.apache.hadoop.io.retry.RetryInvocationHandler$Call.invokeOnce(RetryInvocationHandler.java:95)
	at org.apache.hadoop.io.retry.RetryInvocationHandler.invoke(RetryInvocationHandler.java:359)
	at com.sun.proxy.$Proxy39.submitRequest(Unknown Source)
	at org.apache.hadoop.ozone.om.protocolPB.Hadoop3OmTransport.submitRequest(Hadoop3OmTransport.java:89)
	at org.apache.hadoop.ozone.om.protocolPB.OzoneManagerProtocolClientSideTranslatorPB.submitRequest(OzoneManagerProtocolClientSideTranslatorPB.java:210)
	at org.apache.hadoop.ozone.om.protocolPB.OzoneManagerProtocolClientSideTranslatorPB.openKey(OzoneManagerProtocolClientSideTranslatorPB.java:581)
	at org.apache.hadoop.ozone.client.rpc.RpcClient.createMultipartKey(RpcClient.java:874)
	at org.apache.hadoop.ozone.client.OzoneBucket.createMultipartKey(OzoneBucket.java:499)
	at org.apache.hadoop.ozone.om.TestOzoneManagerHAWithData.createMultipartKeyAndReadKey(TestOzoneManagerHAWithData.java:372)
	at org.apache.hadoop.ozone.om.TestOzoneManagerHAWithData.testMultipartUploadWithOneOmNodeDown(TestOzoneManagerHAWithData.java:313)
	at sun.reflect.NativeMethodAccessorImpl.invoke0(Native Method)
	at sun.reflect.NativeMethodAccessorImpl.invoke(NativeMethodAccessorImpl.java:62)
	at sun.reflect.DelegatingMethodAccessorImpl.invoke(DelegatingMethodAccessorImpl.java:43)
	at java.lang.reflect.Method.invoke(Method.java:498)
	at org.junit.runners.model.FrameworkMethod$1.runReflectiveCall(FrameworkMethod.java:47)
	at org.junit.internal.runners.model.ReflectiveCallable.run(ReflectiveCallable.java:12)
	at org.junit.runners.model.FrameworkMethod.invokeExplosively(FrameworkMethod.java:44)
	at org.junit.internal.runners.statements.InvokeMethod.evaluate(InvokeMethod.java:17)
	at org.junit.internal.runners.statements.RunBefores.evaluate(RunBefores.java:26)
	at org.junit.internal.runners.statements.RunAfters.evaluate(RunAfters.java:27)
	at org.junit.rules.ExpectedException$ExpectedExceptionStatement.evaluate(ExpectedException.java:168)
	at org.junit.internal.runners.statements.FailOnTimeout$StatementThread.run(FailOnTimeout.java:74)
</error>
    <system-out><![CDATA[2020-06-28 10:43:42,675 [Thread-1396] WARN  server.ServerUtils (ServerUtils.java:getScmDbDir(148)) - ozone.scm.db.dirs is not configured. We recommend adding this setting. Falling back to ozone.metadata.dirs instead.
2020-06-28 10:43:42,677 [Thread-1396] WARN  server.ServerUtils (ServerUtils.java:getScmDbDir(148)) - ozone.scm.db.dirs is not configured. We recommend adding this setting. Falling back to ozone.metadata.dirs instead.
2020-06-28 10:43:42,677 [Thread-1396] WARN  db.DBStoreBuilder (DBStoreBuilder.java:createDBStoreBuilder(277)) - ozone.scm.db.dirs is not configured. We recommend adding this setting. Falling back to ozone.metadata.dirs instead.
2020-06-28 10:43:42,713 [Thread-1396] INFO  net.NodeSchemaLoader (NodeSchemaLoader.java:loadSchemaFromFile(126)) - Loading file from sun.misc.CompoundEnumeration@50d8abf4
2020-06-28 10:43:42,714 [Thread-1396] INFO  net.NodeSchemaLoader (NodeSchemaLoader.java:loadSchema(172)) - Loading network topology layer schema file
2020-06-28 10:43:42,716 [Thread-1396] WARN  server.ServerUtils (ServerUtils.java:sanitizeUserArgs(73)) - ozone.scm.stale.node.interval value = 300000 is larger than max = 100000 based on the key value of ozone.scm.heartbeat.thread.interval, reset to the max value 100000.
2020-06-28 10:43:42,717 [Thread-1396] WARN  server.ServerUtils (ServerUtils.java:sanitizeUserArgs(73)) - ozone.scm.stale.node.interval value = 300000 is larger than max = 100000 based on the key value of ozone.scm.heartbeat.thread.interval, reset to the max value 100000.
2020-06-28 10:43:42,717 [Thread-1396] INFO  node.SCMNodeManager (SCMNodeManager.java:<init>(116)) - Entering startup safe mode.
2020-06-28 10:43:42,717 [Thread-1396] INFO  algorithms.ContainerPlacementPolicyFactory (ContainerPlacementPolicyFactory.java:getPolicy(60)) - Create container placement policy of type org.apache.hadoop.hdds.scm.container.placement.algorithms.SCMContainerPlacementRandom
2020-06-28 10:43:42,718 [Thread-1396] INFO  pipeline.SCMPipelineManager (SCMPipelineManager.java:initializePipelineState(158)) - No pipeline exists in current db
2020-06-28 10:43:42,719 [Thread-1396] INFO  safemode.HealthyPipelineSafeModeRule (HealthyPipelineSafeModeRule.java:<init>(89)) - Total pipeline count is 0, healthy pipeline threshold count is 0
2020-06-28 10:43:42,720 [Thread-1396] INFO  safemode.OneReplicaPipelineSafeModeRule (OneReplicaPipelineSafeModeRule.java:<init>(79)) - Total pipeline count is 0, pipeline's with at least one datanode reported threshold count is 0
2020-06-28 10:43:42,724 [Thread-1396] INFO  ipc.CallQueueManager (CallQueueManager.java:<init>(84)) - Using callQueue: class java.util.concurrent.LinkedBlockingQueue, queueCapacity: 2000, scheduler: class org.apache.hadoop.ipc.DefaultRpcScheduler, ipcBackoff: false.
2020-06-28 10:43:42,724 [Socket Reader #1 for port 0] INFO  ipc.Server (Server.java:run(1219)) - Starting Socket Reader #1 for port 0
2020-06-28 10:43:42,725 [Listener at 0.0.0.0/40171] INFO  ipc.CallQueueManager (CallQueueManager.java:<init>(84)) - Using callQueue: class java.util.concurrent.LinkedBlockingQueue, queueCapacity: 2000, scheduler: class org.apache.hadoop.ipc.DefaultRpcScheduler, ipcBackoff: false.
2020-06-28 10:43:42,726 [Socket Reader #1 for port 0] INFO  ipc.Server (Server.java:run(1219)) - Starting Socket Reader #1 for port 0
2020-06-28 10:43:42,730 [RatisPipelineUtilsThread] ERROR pipeline.SCMPipelineManager (SCMPipelineManager.java:createPipeline(222)) - Failed to create pipeline of type RATIS and factor ONE. Exception: Cannot create pipeline of factor 1 using 0 nodes. Used 0 nodes. Healthy nodes 0
2020-06-28 10:43:42,730 [Listener at 0.0.0.0/35837] INFO  ipc.CallQueueManager (CallQueueManager.java:<init>(84)) - Using callQueue: class java.util.concurrent.LinkedBlockingQueue, queueCapacity: 2000, scheduler: class org.apache.hadoop.ipc.DefaultRpcScheduler, ipcBackoff: false.
2020-06-28 10:43:42,731 [Socket Reader #1 for port 0] INFO  ipc.Server (Server.java:run(1219)) - Starting Socket Reader #1 for port 0
2020-06-28 10:43:42,735 [Listener at 0.0.0.0/37357] INFO  http.BaseHttpServer (BaseHttpServer.java:newHttpServer2BuilderForOzone(207)) - Starting Web-server for scm at: http://0.0.0.0:0
2020-06-28 10:43:42,735 [Listener at 0.0.0.0/37357] INFO  http.BaseHttpServer (BaseHttpServer.java:<init>(106)) - Hadoop Security Enabled: false Ozone Security Enabled: false Ozone HTTP Security Enabled: false 
2020-06-28 10:43:42,736 [Listener at 0.0.0.0/37357] INFO  server.AuthenticationFilter (AuthenticationFilter.java:constructSecretProvider(240)) - Unable to initialize FileSignerSecretProvider, falling back to use random secrets.
2020-06-28 10:43:42,736 [Listener at 0.0.0.0/37357] WARN  http.HttpRequestLog (HttpRequestLog.java:getRequestLog(103)) - Jetty request log can only be enabled using Log4j
2020-06-28 10:43:42,737 [Listener at 0.0.0.0/37357] INFO  http.HttpServer2 (HttpServer2.java:addGlobalFilter(997)) - Added global filter 'safety' (class=org.apache.hadoop.hdds.server.http.HttpServer2$QuotingInputFilter)
2020-06-28 10:43:42,738 [Listener at 0.0.0.0/37357] INFO  http.HttpServer2 (HttpServer2.java:addFilter(973)) - Added filter static_user_filter (class=org.apache.hadoop.http.lib.StaticUserWebFilter$StaticUserFilter) to context scm
2020-06-28 10:43:42,738 [Listener at 0.0.0.0/37357] INFO  http.HttpServer2 (HttpServer2.java:addFilter(981)) - Added filter static_user_filter (class=org.apache.hadoop.http.lib.StaticUserWebFilter$StaticUserFilter) to context static
2020-06-28 10:43:42,738 [Listener at 0.0.0.0/37357] INFO  http.HttpServer2 (HttpServer2.java:addFilter(981)) - Added filter static_user_filter (class=org.apache.hadoop.http.lib.StaticUserWebFilter$StaticUserFilter) to context logs
2020-06-28 10:43:42,740 [Listener at 0.0.0.0/37357] INFO  server.StorageContainerManager (StorageContainerManager.java:start(782)) - StorageContainerLocationProtocol RPC server is listening at /0.0.0.0:37357
2020-06-28 10:43:42,742 [Listener at 0.0.0.0/37357] WARN  impl.MetricsConfig (MetricsConfig.java:loadFirst(134)) - Cannot locate configuration: tried hadoop-metrics2-storagecontainermanager.properties,hadoop-metrics2.properties
2020-06-28 10:43:42,743 [Listener at 0.0.0.0/37357] INFO  impl.MetricsSystemImpl (MetricsSystemImpl.java:startTimer(374)) - Scheduled Metric snapshot period at 10 second(s).
2020-06-28 10:43:42,743 [Listener at 0.0.0.0/37357] INFO  impl.MetricsSystemImpl (MetricsSystemImpl.java:start(191)) - StorageContainerManager metrics system started
2020-06-28 10:43:42,785 [Listener at 0.0.0.0/37357] WARN  impl.MetricsSystemImpl (MetricsSystemImpl.java:register(276)) - Sink prometheus already exists!
2020-06-28 10:43:42,791 [Listener at 0.0.0.0/37357] INFO  server.SCMClientProtocolServer (SCMClientProtocolServer.java:start(156)) - RPC server for Client  is listening at /0.0.0.0:37357
2020-06-28 10:43:42,792 [IPC Server Responder] INFO  ipc.Server (Server.java:run(1460)) - IPC Server Responder: starting
2020-06-28 10:43:42,792 [IPC Server listener on 0] INFO  ipc.Server (Server.java:run(1298)) - IPC Server listener on 0: starting
2020-06-28 10:43:42,802 [Listener at 0.0.0.0/37357] INFO  server.StorageContainerManager (StorageContainerManager.java:start(794)) - ScmBlockLocationProtocol RPC server is listening at /0.0.0.0:35837
2020-06-28 10:43:42,803 [Listener at 0.0.0.0/37357] INFO  server.SCMBlockProtocolServer (SCMBlockProtocolServer.java:start(149)) - RPC server for Block Protocol is listening at /0.0.0.0:35837
2020-06-28 10:43:42,803 [IPC Server Responder] INFO  ipc.Server (Server.java:run(1460)) - IPC Server Responder: starting
2020-06-28 10:43:42,803 [IPC Server listener on 0] INFO  ipc.Server (Server.java:run(1298)) - IPC Server listener on 0: starting
2020-06-28 10:43:42,807 [Listener at 0.0.0.0/37357] INFO  server.StorageContainerManager (StorageContainerManager.java:start(800)) - ScmDatanodeProtocl RPC server is listening at /0.0.0.0:40171
2020-06-28 10:43:42,807 [Listener at 0.0.0.0/37357] INFO  server.SCMDatanodeProtocolServer (SCMDatanodeProtocolServer.java:start(172)) - RPC server for DataNodes is listening at /0.0.0.0:40171
2020-06-28 10:43:42,807 [IPC Server Responder] INFO  ipc.Server (Server.java:run(1460)) - IPC Server Responder: starting
2020-06-28 10:43:42,807 [IPC Server listener on 0] INFO  ipc.Server (Server.java:run(1298)) - IPC Server listener on 0: starting
2020-06-28 10:43:42,810 [Listener at 0.0.0.0/37357] INFO  http.HttpServer2 (HttpServer2.java:bindListener(1215)) - Jetty bound to port 46569
2020-06-28 10:43:42,810 [Listener at 0.0.0.0/37357] INFO  server.Server (Server.java:doStart(359)) - jetty-9.4.26.v20200117; built: 2020-01-17T12:35:33.676Z; git: 7b38981d25d14afb4a12ff1f2596756144edf695; jvm 1.8.0_232-b09
2020-06-28 10:43:42,812 [Listener at 0.0.0.0/37357] INFO  server.session (DefaultSessionIdManager.java:doStart(333)) - DefaultSessionIdManager workerName=node0
2020-06-28 10:43:42,812 [Listener at 0.0.0.0/37357] INFO  server.session (DefaultSessionIdManager.java:doStart(338)) - No SessionScavenger set, using defaults
2020-06-28 10:43:42,812 [Listener at 0.0.0.0/37357] INFO  server.session (HouseKeeper.java:startScavenging(140)) - node0 Scavenging every 660000ms
2020-06-28 10:43:42,813 [Listener at 0.0.0.0/37357] INFO  handler.ContextHandler (ContextHandler.java:doStart(825)) - Started o.e.j.s.ServletContextHandler@bea4060{logs,/logs,file:///github/workspace/mnt/ozone/hadoop-ozone/integration-test/target/log,AVAILABLE}
2020-06-28 10:43:42,813 [Listener at 0.0.0.0/37357] INFO  handler.ContextHandler (ContextHandler.java:doStart(825)) - Started o.e.j.s.ServletContextHandler@2b61a4f7{static,/static,file:///github/workspace/mnt/ozone/hadoop-ozone/integration-test/target/test-classes/webapps/static,AVAILABLE}
2020-06-28 10:43:42,816 [Listener at 0.0.0.0/37357] INFO  handler.ContextHandler (ContextHandler.java:doStart(825)) - Started o.e.j.w.WebAppContext@26aaa316{scm,/,file:///github/workspace/mnt/ozone/hadoop-ozone/integration-test/target/test-classes/webapps/scm/,AVAILABLE}{file:/github/workspace/mnt/ozone/hadoop-ozone/integration-test/target/test-classes/webapps/scm}
2020-06-28 10:43:42,828 [Listener at 0.0.0.0/37357] INFO  server.AbstractConnector (AbstractConnector.java:doStart(330)) - Started ServerConnector@cbb256{HTTP/1.1,[http/1.1]}{0.0.0.0:46569}
2020-06-28 10:43:42,828 [Listener at 0.0.0.0/37357] INFO  server.Server (Server.java:doStart(399)) - Started @78192ms
2020-06-28 10:43:42,828 [Listener at 0.0.0.0/37357] WARN  impl.MetricsSystemImpl (MetricsSystemImpl.java:register(276)) - Sink prometheus already exists!
2020-06-28 10:43:42,832 [Listener at 0.0.0.0/37357] INFO  http.BaseHttpServer (BaseHttpServer.java:updateConnectorAddress(327)) - HTTP server of scm listening at http://0.0.0.0:46569
2020-06-28 10:43:42,836 [Listener at 0.0.0.0/37357] WARN  server.ServerUtils (ServerUtils.java:getDBPath(225)) - ozone.om.db.dirs is not configured. We recommend adding this setting. Falling back to ozone.metadata.dirs instead.
2020-06-28 10:43:42,836 [org.apache.hadoop.util.JvmPauseMonitor$Monitor@5c8dcae8] INFO  util.JvmPauseMonitor (JvmPauseMonitor.java:run(188)) - Starting JVM pause monitor
2020-06-28 10:43:42,838 [Listener at 0.0.0.0/37357] INFO  ha.OMHANodeDetails (OMHANodeDetails.java:loadOMHAConfig(110)) - ServiceID for OzoneManager is om-service-test1
2020-06-28 10:43:42,839 [Listener at 0.0.0.0/37357] INFO  ha.OMHANodeDetails (OMHANodeDetails.java:loadOMHAConfig(188)) - Found matching OM address with OMServiceId: om-service-test1, OMNodeId: omNode-1, RPC Address: localhost:10252 and Ratis port: 10256
2020-06-28 10:43:42,839 [Listener at 0.0.0.0/37357] INFO  ha.OMHANodeDetails (OMHANodeDetails.java:setOMNodeSpecificConfigs(314)) - Setting configuration key ozone.om.http-address with value of key ozone.om.http-address.omNode-1: 127.0.0.1:10254
2020-06-28 10:43:42,839 [Listener at 0.0.0.0/37357] INFO  ha.OMHANodeDetails (OMHANodeDetails.java:setOMNodeSpecificConfigs(314)) - Setting configuration key ozone.om.https-address with value of key ozone.om.https-address.omNode-1: 127.0.0.1:10255
2020-06-28 10:43:42,840 [Listener at 0.0.0.0/37357] INFO  ha.OMHANodeDetails (OMHANodeDetails.java:setOMNodeSpecificConfigs(314)) - Setting configuration key ozone.om.address with value of key ozone.om.address.omNode-1: 127.0.0.1:10252
2020-06-28 10:43:42,840 [Listener at 0.0.0.0/37357] WARN  server.ServerUtils (ServerUtils.java:getDBPath(225)) - ozone.om.db.dirs is not configured. We recommend adding this setting. Falling back to ozone.metadata.dirs instead.
2020-06-28 10:43:42,840 [Listener at 0.0.0.0/37357] WARN  server.ServerUtils (ServerUtils.java:getDBPath(225)) - ozone.om.db.dirs is not configured. We recommend adding this setting. Falling back to ozone.metadata.dirs instead.
2020-06-28 10:43:42,850 [Listener at 0.0.0.0/37357] WARN  server.ServerUtils (ServerUtils.java:getDBPath(225)) - ozone.om.db.dirs is not configured. We recommend adding this setting. Falling back to ozone.metadata.dirs instead.
2020-06-28 10:43:42,899 [Listener at 0.0.0.0/37357] WARN  server.ServerUtils (ServerUtils.java:getDefaultRatisDirectory(237)) - Storage directory for Ratis is not configured. It is a good idea to map this to an SSD disk. Falling back to ozone.metadata.dirs
2020-06-28 10:43:42,900 [Listener at 0.0.0.0/37357] INFO  ratis.OzoneManagerRatisServer (OzoneManagerRatisServer.java:<init>(268)) - Instantiating OM Ratis server with GroupID: om-service-test1 and Raft Peers: localhost:10256, localhost:10262, localhost:10268
2020-06-28 10:43:42,900 [Listener at 0.0.0.0/37357] INFO  ratis.OzoneManagerStateMachine (OzoneManagerStateMachine.java:loadSnapshotInfoFromDB(539)) - LastAppliedIndex is set from TransactionInfo from OM DB as (t:0, i:~)
2020-06-28 10:43:42,901 [Listener at 0.0.0.0/37357] INFO  impl.RaftServerProxy (ConfUtils.java:logGet(44)) - raft.rpc.type = GRPC (default)
2020-06-28 10:43:42,901 [Listener at 0.0.0.0/37357] INFO  grpc.GrpcFactory (GrpcFactory.java:checkPooledByteBufAllocatorUseCacheForAllThreads(45)) - PERFORMANCE WARNING: useCacheForAllThreads is true that may cause Netty to create a lot garbage objects and, as a result, trigger GC.
	It is recommended to disable useCacheForAllThreads by setting -Dorg.apache.ratis.thirdparty.io.netty.allocator.useCacheForAllThreads=false in command line.
2020-06-28 10:43:42,901 [Listener at 0.0.0.0/37357] INFO  grpc.GrpcConfigKeys (ConfUtils.java:logGet(44)) - raft.grpc.server.port = 10256 (custom)
2020-06-28 10:43:42,901 [Listener at 0.0.0.0/37357] INFO  server.GrpcService (ConfUtils.java:logGet(44)) - raft.grpc.message.size.max = 33554432 (custom)
2020-06-28 10:43:42,901 [Listener at 0.0.0.0/37357] INFO  server.RaftServerConfigKeys (ConfUtils.java:logGet(44)) - raft.server.log.appender.buffer.byte-limit = 33554432 (custom)
2020-06-28 10:43:42,901 [Listener at 0.0.0.0/37357] INFO  server.GrpcService (ConfUtils.java:logGet(44)) - raft.grpc.flow.control.window = 1MB (=1048576) (default)
2020-06-28 10:43:42,901 [Listener at 0.0.0.0/37357] INFO  server.RaftServerConfigKeys (ConfUtils.java:logGet(44)) - raft.server.rpc.request.timeout = 3000ms (default)
2020-06-28 10:43:42,903 [Listener at 0.0.0.0/37357] INFO  server.RaftServerConfigKeys (ConfUtils.java:logGet(44)) - raft.server.storage.dir = [/github/workspace/mnt/ozone/hadoop-ozone/integration-test/target/test-dir/MiniOzoneClusterImpl-70ff22f2-c74d-429a-be4f-7513cb1d4b7b/omNode-1/ratis] (custom)
2020-06-28 10:43:42,903 [Listener at 0.0.0.0/37357] INFO  impl.RaftServerProxy (RaftServerProxy.java:addNew(89)) - omNode-1: addNew group-523986131536:[omNode-3:localhost:10268, omNode-1:localhost:10256, omNode-2:localhost:10262] returns group-523986131536:java.util.concurrent.CompletableFuture@d6060b1[Not completed]
2020-06-28 10:43:42,903 [pool-359-thread-1] INFO  impl.RaftServerImpl (RaftServerImpl.java:<init>(99)) - omNode-1: new RaftServerImpl for group-523986131536:[omNode-3:localhost:10268, omNode-1:localhost:10256, omNode-2:localhost:10262] with OzoneManagerStateMachine:uninitialized
2020-06-28 10:43:42,903 [Listener at 0.0.0.0/37357] INFO  om.OzoneManager (OzoneManager.java:initializeRatisServer(1224)) - OzoneManager Ratis server initialized at port 10256
2020-06-28 10:43:42,907 [pool-359-thread-1] INFO  server.RaftServerConfigKeys (ConfUtils.java:logGet(44)) - raft.server.rpc.timeout.min = 1s (custom)
2020-06-28 10:43:42,907 [pool-359-thread-1] INFO  server.RaftServerConfigKeys (ConfUtils.java:logGet(44)) - raft.server.rpc.timeout.max = 1200ms (custom)
2020-06-28 10:43:42,907 [pool-359-thread-1] INFO  server.RaftServerConfigKeys (ConfUtils.java:logGet(44)) - raft.server.rpcslowness.timeout = 2s (custom)
2020-06-28 10:43:42,907 [pool-359-thread-1] INFO  server.RaftServerConfigKeys (ConfUtils.java:logGet(44)) - raft.server.sleep.deviation.threshold = 300 (default)
2020-06-28 10:43:42,907 [pool-359-thread-1] INFO  server.RaftServerConfigKeys (ConfUtils.java:logGet(44)) - raft.server.log.appender.install.snapshot.enabled = false (custom)
2020-06-28 10:43:42,907 [pool-359-thread-1] INFO  impl.RaftServerImpl (ServerState.java:<init>(103)) - omNode-1@group-523986131536: ConfigurationManager, init=-1: [omNode-3:localhost:10268, omNode-1:localhost:10256, omNode-2:localhost:10262], old=null, confs=<EMPTY_MAP>
2020-06-28 10:43:42,907 [pool-359-thread-1] INFO  server.RaftServerConfigKeys (ConfUtils.java:logGet(44)) - raft.server.storage.dir = [/github/workspace/mnt/ozone/hadoop-ozone/integration-test/target/test-dir/MiniOzoneClusterImpl-70ff22f2-c74d-429a-be4f-7513cb1d4b7b/omNode-1/ratis] (custom)
2020-06-28 10:43:42,907 [pool-359-thread-1] INFO  server.RaftServerConfigKeys (ConfUtils.java:logGet(44)) - raft.server.log.corruption.policy = EXCEPTION (default)
2020-06-28 10:43:42,908 [pool-359-thread-1] INFO  storage.RaftStorageDirectory (RaftStorageDirectory.java:analyzeStorage(261)) - The storage directory /github/workspace/mnt/ozone/hadoop-ozone/integration-test/target/test-dir/MiniOzoneClusterImpl-70ff22f2-c74d-429a-be4f-7513cb1d4b7b/omNode-1/ratis/c9bc4cf4-3bc3-3c60-a66b-523986131536 does not exist. Creating ...
2020-06-28 10:43:42,907 [Listener at 0.0.0.0/37357] WARN  server.ServerUtils (ServerUtils.java:getDefaultRatisDirectory(237)) - Storage directory for Ratis is not configured. It is a good idea to map this to an SSD disk. Falling back to ozone.metadata.dirs
2020-06-28 10:43:42,908 [Listener at 0.0.0.0/37357] WARN  server.ServerUtils (ServerUtils.java:getDefaultRatisDirectory(237)) - Storage directory for Ratis is not configured. It is a good idea to map this to an SSD disk. Falling back to ozone.metadata.dirs
2020-06-28 10:43:42,909 [Listener at 0.0.0.0/37357] INFO  snapshot.OzoneManagerSnapshotProvider (OzoneManagerSnapshotProvider.java:<init>(77)) - Initializing OM Snapshot Provider
2020-06-28 10:43:42,909 [pool-359-thread-1] INFO  storage.RaftStorageDirectory (RaftStorageDirectory.java:tryLock(343)) - Lock on /github/workspace/mnt/ozone/hadoop-ozone/integration-test/target/test-dir/MiniOzoneClusterImpl-70ff22f2-c74d-429a-be4f-7513cb1d4b7b/omNode-1/ratis/c9bc4cf4-3bc3-3c60-a66b-523986131536/in_use.lock acquired by nodename 22100@720bba7d72d5
2020-06-28 10:43:42,910 [pool-359-thread-1] INFO  storage.RaftStorage (RaftStorage.java:format(84)) - Storage directory /github/workspace/mnt/ozone/hadoop-ozone/integration-test/target/test-dir/MiniOzoneClusterImpl-70ff22f2-c74d-429a-be4f-7513cb1d4b7b/omNode-1/ratis/c9bc4cf4-3bc3-3c60-a66b-523986131536 has been successfully formatted.
2020-06-28 10:43:42,910 [pool-359-thread-1] INFO  ratis.OzoneManagerStateMachine (OzoneManagerStateMachine.java:getLatestSnapshot(147)) - Latest Snapshot Info 0#-1
2020-06-28 10:43:42,910 [pool-359-thread-1] INFO  server.RaftServerConfigKeys (ConfUtils.java:logGet(44)) - raft.server.notification.no-leader.timeout = 2s (custom)
2020-06-28 10:43:42,910 [pool-359-thread-1] INFO  server.RaftServerConfigKeys (ConfUtils.java:logGet(44)) - raft.server.log.use.memory = false (default)
2020-06-28 10:43:42,910 [pool-359-thread-1] INFO  server.RaftServerConfigKeys (ConfUtils.java:logGet(44)) - raft.server.log.purge.gap = 50 (custom)
2020-06-28 10:43:42,910 [pool-359-thread-1] INFO  server.RaftServerConfigKeys (ConfUtils.java:logGet(44)) - raft.server.log.appender.buffer.byte-limit = 33554432 (custom)
2020-06-28 10:43:42,910 [pool-359-thread-1] INFO  server.RaftServerConfigKeys (ConfUtils.java:logGet(44)) - raft.server.log.segment.size.max = 16384 (custom)
2020-06-28 10:43:42,910 [pool-359-thread-1] INFO  metrics.RatisMetrics (RatisMetrics.java:lambda$create$0(36)) - Creating Metrics Registry : ratis.log_worker.omNode-1@group-523986131536
2020-06-28 10:43:42,911 [pool-359-thread-1] INFO  server.RaftServerConfigKeys (ConfUtils.java:logGet(44)) - raft.server.log.segment.cache.num.max = 2 (custom)
2020-06-28 10:43:42,911 [pool-359-thread-1] INFO  segmented.SegmentedRaftLogWorker (SegmentedRaftLogWorker.java:<init>(180)) - new omNode-1@group-523986131536-SegmentedRaftLogWorker for RaftStorage:Storage Directory /github/workspace/mnt/ozone/hadoop-ozone/integration-test/target/test-dir/MiniOzoneClusterImpl-70ff22f2-c74d-429a-be4f-7513cb1d4b7b/omNode-1/ratis/c9bc4cf4-3bc3-3c60-a66b-523986131536
2020-06-28 10:43:42,911 [pool-359-thread-1] INFO  server.RaftServerConfigKeys (ConfUtils.java:logGet(44)) - raft.server.log.queue.byte-limit = 64MB (=67108864) (default)
2020-06-28 10:43:42,911 [pool-359-thread-1] INFO  server.RaftServerConfigKeys (ConfUtils.java:logGet(44)) - raft.server.log.queue.element-limit = 4096 (default)
2020-06-28 10:43:42,911 [pool-359-thread-1] INFO  server.RaftServerConfigKeys (ConfUtils.java:logGet(44)) - raft.server.log.segment.size.max = 16384 (custom)
2020-06-28 10:43:42,911 [pool-359-thread-1] INFO  server.RaftServerConfigKeys (ConfUtils.java:logGet(44)) - raft.server.log.preallocated.size = 16384 (custom)
2020-06-28 10:43:42,911 [pool-359-thread-1] INFO  server.RaftServerConfigKeys (ConfUtils.java:logGet(44)) - raft.server.log.write.buffer.size = 64KB (=65536) (default)
2020-06-28 10:43:42,911 [pool-359-thread-1] INFO  server.RaftServerConfigKeys (ConfUtils.java:logGet(44)) - raft.server.log.force.sync.num = 128 (default)
2020-06-28 10:43:42,911 [pool-359-thread-1] INFO  server.RaftServerConfigKeys (ConfUtils.java:logGet(44)) - raft.server.log.statemachine.data.sync = true (default)
2020-06-28 10:43:42,911 [pool-359-thread-1] INFO  server.RaftServerConfigKeys (ConfUtils.java:logGet(44)) - raft.server.log.statemachine.data.sync.timeout = 10s (default)
2020-06-28 10:43:42,911 [pool-359-thread-1] INFO  server.RaftServerConfigKeys (ConfUtils.java:logGet(44)) - raft.server.log.statemachine.data.sync.timeout.retry = -1 (default)
2020-06-28 10:43:42,912 [pool-359-thread-1] INFO  server.RaftServerConfigKeys (ConfUtils.java:logGet(44)) - raft.server.log.statemachine.data.caching.enabled = false (default)
2020-06-28 10:43:42,913 [pool-359-thread-1] INFO  segmented.SegmentedRaftLogWorker (SegmentedRaftLogWorker.java:lambda$new$0(129)) - omNode-1@group-523986131536-SegmentedRaftLogWorker: flushIndex: setUnconditionally 0 -> -1
2020-06-28 10:43:42,913 [pool-359-thread-1] INFO  segmented.SegmentedRaftLogWorker (SegmentedRaftLogWorker.java:lambda$new$0(129)) - omNode-1@group-523986131536-SegmentedRaftLogWorker: safeCacheEvictIndex: setUnconditionally 0 -> -1
2020-06-28 10:43:42,913 [pool-359-thread-1] INFO  server.RaftServerConfigKeys (ConfUtils.java:logGet(44)) - raft.server.snapshot.auto.trigger.enabled = true (custom)
2020-06-28 10:43:42,913 [pool-359-thread-1] INFO  server.RaftServerConfigKeys (ConfUtils.java:logGet(44)) - raft.server.snapshot.auto.trigger.threshold = 50 (custom)
2020-06-28 10:43:42,913 [pool-359-thread-1] INFO  server.RaftServerConfigKeys (ConfUtils.java:logGet(44)) - raft.server.snapshot.retention.file.num = -1 (default)
2020-06-28 10:43:42,913 [pool-359-thread-1] INFO  server.RaftServerConfigKeys (ConfUtils.java:logGet(44)) - raft.server.log.purge.upto.snapshot.index = false (default)
2020-06-28 10:43:42,913 [pool-359-thread-1] INFO  server.RaftServerConfigKeys (ConfUtils.java:logGet(44)) - raft.server.retrycache.expirytime = 600000ms (custom)
2020-06-28 10:43:42,913 [pool-359-thread-1] INFO  metrics.RatisMetrics (RatisMetrics.java:lambda$create$0(36)) - Creating Metrics Registry : ratis.leader_election.omNode-1@group-523986131536
2020-06-28 10:43:42,914 [pool-359-thread-1] INFO  metrics.RatisMetrics (RatisMetrics.java:lambda$create$0(36)) - Creating Metrics Registry : ratis.server.omNode-1@group-523986131536
2020-06-28 10:43:42,919 [Listener at 0.0.0.0/37357] INFO  ipc.CallQueueManager (CallQueueManager.java:<init>(84)) - Using callQueue: class java.util.concurrent.LinkedBlockingQueue, queueCapacity: 2000, scheduler: class org.apache.hadoop.ipc.DefaultRpcScheduler, ipcBackoff: false.
2020-06-28 10:43:42,919 [Socket Reader #1 for port 10252] INFO  ipc.Server (Server.java:run(1219)) - Starting Socket Reader #1 for port 10252
2020-06-28 10:43:42,940 [Listener at 127.0.0.1/10252] INFO  impl.MetricsSystemImpl (MetricsSystemImpl.java:init(158)) - OzoneManager metrics system started (again)
2020-06-28 10:43:42,941 [Listener at 127.0.0.1/10252] INFO  om.OzoneManager (OzoneManager.java:start(1083)) - OzoneManager RPC server is listening at localhost/127.0.0.1:10252
2020-06-28 10:43:42,941 [Listener at 127.0.0.1/10252] INFO  ratis.OzoneManagerRatisServer (OzoneManagerRatisServer.java:start(365)) - Starting OzoneManagerRatisServer omNode-1 at port 10256
2020-06-28 10:43:42,941 [Listener at 127.0.0.1/10252] INFO  impl.RaftServerImpl (RaftServerImpl.java:start(186)) - omNode-1@group-523986131536: start as a follower, conf=-1: [omNode-3:localhost:10268, omNode-1:localhost:10256, omNode-2:localhost:10262], old=null
2020-06-28 10:43:42,941 [Listener at 127.0.0.1/10252] INFO  impl.RaftServerImpl (RaftServerImpl.java:setRole(175)) - omNode-1@group-523986131536: changes role from      null to FOLLOWER at term 0 for startAsFollower
2020-06-28 10:43:42,941 [Listener at 127.0.0.1/10252] INFO  impl.RoleInfo (RoleInfo.java:updateAndGet(143)) - omNode-1: start FollowerState
2020-06-28 10:43:42,942 [Listener at 127.0.0.1/10252] INFO  util.JmxRegister (JmxRegister.java:tryRegister(44)) - Successfully registered JMX Bean with object name Ratis:service=RaftServer,group=group-523986131536,id=omNode-1
2020-06-28 10:43:42,942 [Listener at 127.0.0.1/10252] INFO  metrics.RatisMetrics (RatisMetrics.java:lambda$create$0(36)) - Creating Metrics Registry : ratis.state_machine.omNode-1@group-523986131536
2020-06-28 10:43:42,943 [Listener at 127.0.0.1/10252] INFO  impl.RaftServerProxy (RaftServerProxy.java:lambda$start$3(304)) - omNode-1: start RPC server
2020-06-28 10:43:42,943 [Listener at 127.0.0.1/10252] INFO  server.GrpcService (GrpcService.java:startImpl(160)) - omNode-1: GrpcService started, listening on 0.0.0.0/0.0.0.0:10256
2020-06-28 10:43:42,945 [IPC Server Responder] INFO  ipc.Server (Server.java:run(1460)) - IPC Server Responder: starting
2020-06-28 10:43:42,945 [IPC Server listener on 10252] INFO  ipc.Server (Server.java:run(1298)) - IPC Server listener on 10252: starting
2020-06-28 10:43:42,963 [Listener at 127.0.0.1/10252] INFO  http.BaseHttpServer (BaseHttpServer.java:newHttpServer2BuilderForOzone(207)) - Starting Web-server for ozoneManager at: http://0.0.0.0:10254
2020-06-28 10:43:42,963 [Listener at 127.0.0.1/10252] INFO  http.BaseHttpServer (BaseHttpServer.java:<init>(106)) - Hadoop Security Enabled: false Ozone Security Enabled: false Ozone HTTP Security Enabled: false 
2020-06-28 10:43:42,964 [Listener at 127.0.0.1/10252] INFO  server.AuthenticationFilter (AuthenticationFilter.java:constructSecretProvider(240)) - Unable to initialize FileSignerSecretProvider, falling back to use random secrets.
2020-06-28 10:43:42,966 [Listener at 127.0.0.1/10252] WARN  http.HttpRequestLog (HttpRequestLog.java:getRequestLog(103)) - Jetty request log can only be enabled using Log4j
2020-06-28 10:43:42,967 [Listener at 127.0.0.1/10252] INFO  http.HttpServer2 (HttpServer2.java:addGlobalFilter(997)) - Added global filter 'safety' (class=org.apache.hadoop.hdds.server.http.HttpServer2$QuotingInputFilter)
2020-06-28 10:43:42,968 [Listener at 127.0.0.1/10252] INFO  http.HttpServer2 (HttpServer2.java:addFilter(973)) - Added filter static_user_filter (class=org.apache.hadoop.http.lib.StaticUserWebFilter$StaticUserFilter) to context ozoneManager
2020-06-28 10:43:42,968 [Listener at 127.0.0.1/10252] INFO  http.HttpServer2 (HttpServer2.java:addFilter(981)) - Added filter static_user_filter (class=org.apache.hadoop.http.lib.StaticUserWebFilter$StaticUserFilter) to context static
2020-06-28 10:43:42,968 [Listener at 127.0.0.1/10252] INFO  http.HttpServer2 (HttpServer2.java:addFilter(981)) - Added filter static_user_filter (class=org.apache.hadoop.http.lib.StaticUserWebFilter$StaticUserFilter) to context logs
2020-06-28 10:43:42,968 [Listener at 127.0.0.1/10252] INFO  http.HttpServer2 (HttpServer2.java:bindListener(1215)) - Jetty bound to port 10254
2020-06-28 10:43:42,968 [Listener at 127.0.0.1/10252] INFO  server.Server (Server.java:doStart(359)) - jetty-9.4.26.v20200117; built: 2020-01-17T12:35:33.676Z; git: 7b38981d25d14afb4a12ff1f2596756144edf695; jvm 1.8.0_232-b09
2020-06-28 10:43:42,970 [Listener at 127.0.0.1/10252] INFO  server.session (DefaultSessionIdManager.java:doStart(333)) - DefaultSessionIdManager workerName=node0
2020-06-28 10:43:42,970 [Listener at 127.0.0.1/10252] INFO  server.session (DefaultSessionIdManager.java:doStart(338)) - No SessionScavenger set, using defaults
2020-06-28 10:43:42,970 [Listener at 127.0.0.1/10252] INFO  server.session (HouseKeeper.java:startScavenging(140)) - node0 Scavenging every 660000ms
2020-06-28 10:43:42,971 [Listener at 127.0.0.1/10252] INFO  handler.ContextHandler (ContextHandler.java:doStart(825)) - Started o.e.j.s.ServletContextHandler@fc76f80{logs,/logs,file:///github/workspace/mnt/ozone/hadoop-ozone/integration-test/target/log,AVAILABLE}
2020-06-28 10:43:42,971 [Listener at 127.0.0.1/10252] INFO  handler.ContextHandler (ContextHandler.java:doStart(825)) - Started o.e.j.s.ServletContextHandler@782d9a6b{static,/static,file:///github/workspace/mnt/ozone/hadoop-ozone/integration-test/target/test-classes/webapps/static,AVAILABLE}
2020-06-28 10:43:42,975 [Listener at 127.0.0.1/10252] INFO  handler.ContextHandler (ContextHandler.java:doStart(825)) - Started o.e.j.w.WebAppContext@1650bc55{ozoneManager,/,file:///github/workspace/mnt/ozone/hadoop-ozone/integration-test/target/test-classes/webapps/ozoneManager/,AVAILABLE}{file:/github/workspace/mnt/ozone/hadoop-ozone/integration-test/target/test-classes/webapps/ozoneManager}
2020-06-28 10:43:42,985 [Listener at 127.0.0.1/10252] INFO  server.AbstractConnector (AbstractConnector.java:doStart(330)) - Started ServerConnector@193c32d9{HTTP/1.1,[http/1.1]}{0.0.0.0:10254}
2020-06-28 10:43:42,985 [Listener at 127.0.0.1/10252] INFO  server.Server (Server.java:doStart(399)) - Started @78349ms
2020-06-28 10:43:42,985 [Listener at 127.0.0.1/10252] WARN  impl.MetricsSystemImpl (MetricsSystemImpl.java:register(276)) - Sink prometheus already exists!
2020-06-28 10:43:42,988 [Listener at 127.0.0.1/10252] INFO  http.BaseHttpServer (BaseHttpServer.java:updateConnectorAddress(327)) - HTTP server of ozoneManager listening at http://0.0.0.0:10254
2020-06-28 10:43:42,989 [Listener at 127.0.0.1/10252] INFO  ozone.MiniOzoneHAClusterImpl (MiniOzoneHAClusterImpl.java:createOMService(380)) - Started OzoneManager RPC server at localhost/127.0.0.1:10252
2020-06-28 10:43:42,989 [Listener at 127.0.0.1/10252] WARN  server.ServerUtils (ServerUtils.java:getDBPath(225)) - ozone.om.db.dirs is not configured. We recommend adding this setting. Falling back to ozone.metadata.dirs instead.
2020-06-28 10:43:42,990 [org.apache.hadoop.util.JvmPauseMonitor$Monitor@1b768c11] INFO  util.JvmPauseMonitor (JvmPauseMonitor.java:run(188)) - Starting JVM pause monitor
2020-06-28 10:43:42,991 [Listener at 127.0.0.1/10252] INFO  ha.OMHANodeDetails (OMHANodeDetails.java:loadOMHAConfig(110)) - ServiceID for OzoneManager is om-service-test1
2020-06-28 10:43:42,991 [Listener at 127.0.0.1/10252] INFO  ha.OMHANodeDetails (OMHANodeDetails.java:loadOMHAConfig(188)) - Found matching OM address with OMServiceId: om-service-test1, OMNodeId: omNode-2, RPC Address: localhost:10258 and Ratis port: 10262
2020-06-28 10:43:42,991 [Listener at 127.0.0.1/10252] INFO  ha.OMHANodeDetails (OMHANodeDetails.java:setOMNodeSpecificConfigs(314)) - Setting configuration key ozone.om.http-address with value of key ozone.om.http-address.omNode-2: 127.0.0.1:10260
2020-06-28 10:43:42,992 [Listener at 127.0.0.1/10252] INFO  ha.OMHANodeDetails (OMHANodeDetails.java:setOMNodeSpecificConfigs(314)) - Setting configuration key ozone.om.https-address with value of key ozone.om.https-address.omNode-2: 127.0.0.1:10261
2020-06-28 10:43:42,992 [Listener at 127.0.0.1/10252] INFO  ha.OMHANodeDetails (OMHANodeDetails.java:setOMNodeSpecificConfigs(314)) - Setting configuration key ozone.om.address with value of key ozone.om.address.omNode-2: 127.0.0.1:10258
2020-06-28 10:43:42,992 [Listener at 127.0.0.1/10252] WARN  server.ServerUtils (ServerUtils.java:getDBPath(225)) - ozone.om.db.dirs is not configured. We recommend adding this setting. Falling back to ozone.metadata.dirs instead.
2020-06-28 10:43:42,992 [Listener at 127.0.0.1/10252] WARN  server.ServerUtils (ServerUtils.java:getDBPath(225)) - ozone.om.db.dirs is not configured. We recommend adding this setting. Falling back to ozone.metadata.dirs instead.
2020-06-28 10:43:42,996 [Listener at 127.0.0.1/10252] WARN  server.ServerUtils (ServerUtils.java:getDBPath(225)) - ozone.om.db.dirs is not configured. We recommend adding this setting. Falling back to ozone.metadata.dirs instead.
2020-06-28 10:43:43,049 [Listener at 127.0.0.1/10252] WARN  server.ServerUtils (ServerUtils.java:getDefaultRatisDirectory(237)) - Storage directory for Ratis is not configured. It is a good idea to map this to an SSD disk. Falling back to ozone.metadata.dirs
2020-06-28 10:43:43,049 [Listener at 127.0.0.1/10252] INFO  ratis.OzoneManagerRatisServer (OzoneManagerRatisServer.java:<init>(268)) - Instantiating OM Ratis server with GroupID: om-service-test1 and Raft Peers: localhost:10262, localhost:10256, localhost:10268
2020-06-28 10:43:43,049 [Listener at 127.0.0.1/10252] INFO  ratis.OzoneManagerStateMachine (OzoneManagerStateMachine.java:loadSnapshotInfoFromDB(539)) - LastAppliedIndex is set from TransactionInfo from OM DB as (t:0, i:~)
2020-06-28 10:43:43,050 [Listener at 127.0.0.1/10252] INFO  impl.RaftServerProxy (ConfUtils.java:logGet(44)) - raft.rpc.type = GRPC (default)
2020-06-28 10:43:43,050 [Listener at 127.0.0.1/10252] INFO  grpc.GrpcFactory (GrpcFactory.java:checkPooledByteBufAllocatorUseCacheForAllThreads(45)) - PERFORMANCE WARNING: useCacheForAllThreads is true that may cause Netty to create a lot garbage objects and, as a result, trigger GC.
	It is recommended to disable useCacheForAllThreads by setting -Dorg.apache.ratis.thirdparty.io.netty.allocator.useCacheForAllThreads=false in command line.
2020-06-28 10:43:43,050 [Listener at 127.0.0.1/10252] INFO  grpc.GrpcConfigKeys (ConfUtils.java:logGet(44)) - raft.grpc.server.port = 10262 (custom)
2020-06-28 10:43:43,050 [Listener at 127.0.0.1/10252] INFO  server.GrpcService (ConfUtils.java:logGet(44)) - raft.grpc.message.size.max = 33554432 (custom)
2020-06-28 10:43:43,050 [Listener at 127.0.0.1/10252] INFO  server.RaftServerConfigKeys (ConfUtils.java:logGet(44)) - raft.server.log.appender.buffer.byte-limit = 33554432 (custom)
2020-06-28 10:43:43,050 [Listener at 127.0.0.1/10252] INFO  server.GrpcService (ConfUtils.java:logGet(44)) - raft.grpc.flow.control.window = 1MB (=1048576) (default)
2020-06-28 10:43:43,050 [Listener at 127.0.0.1/10252] INFO  server.RaftServerConfigKeys (ConfUtils.java:logGet(44)) - raft.server.rpc.request.timeout = 3000ms (default)
2020-06-28 10:43:43,051 [Listener at 127.0.0.1/10252] INFO  server.RaftServerConfigKeys (ConfUtils.java:logGet(44)) - raft.server.storage.dir = [/github/workspace/mnt/ozone/hadoop-ozone/integration-test/target/test-dir/MiniOzoneClusterImpl-70ff22f2-c74d-429a-be4f-7513cb1d4b7b/omNode-2/ratis] (custom)
2020-06-28 10:43:43,052 [Listener at 127.0.0.1/10252] INFO  impl.RaftServerProxy (RaftServerProxy.java:addNew(89)) - omNode-2: addNew group-523986131536:[omNode-3:localhost:10268, omNode-1:localhost:10256, omNode-2:localhost:10262] returns group-523986131536:java.util.concurrent.CompletableFuture@698cb4dd[Not completed]
2020-06-28 10:43:43,052 [pool-375-thread-1] INFO  impl.RaftServerImpl (RaftServerImpl.java:<init>(99)) - omNode-2: new RaftServerImpl for group-523986131536:[omNode-3:localhost:10268, omNode-1:localhost:10256, omNode-2:localhost:10262] with OzoneManagerStateMachine:uninitialized
2020-06-28 10:43:43,052 [Listener at 127.0.0.1/10252] INFO  om.OzoneManager (OzoneManager.java:initializeRatisServer(1224)) - OzoneManager Ratis server initialized at port 10262
2020-06-28 10:43:43,055 [Listener at 127.0.0.1/10252] WARN  server.ServerUtils (ServerUtils.java:getDefaultRatisDirectory(237)) - Storage directory for Ratis is not configured. It is a good idea to map this to an SSD disk. Falling back to ozone.metadata.dirs
2020-06-28 10:43:43,055 [pool-375-thread-1] INFO  server.RaftServerConfigKeys (ConfUtils.java:logGet(44)) - raft.server.rpc.timeout.min = 1s (custom)
2020-06-28 10:43:43,055 [Listener at 127.0.0.1/10252] WARN  server.ServerUtils (ServerUtils.java:getDefaultRatisDirectory(237)) - Storage directory for Ratis is not configured. It is a good idea to map this to an SSD disk. Falling back to ozone.metadata.dirs
2020-06-28 10:43:43,055 [pool-375-thread-1] INFO  server.RaftServerConfigKeys (ConfUtils.java:logGet(44)) - raft.server.rpc.timeout.max = 1200ms (custom)
2020-06-28 10:43:43,056 [Listener at 127.0.0.1/10252] INFO  snapshot.OzoneManagerSnapshotProvider (OzoneManagerSnapshotProvider.java:<init>(77)) - Initializing OM Snapshot Provider
2020-06-28 10:43:43,056 [pool-375-thread-1] INFO  server.RaftServerConfigKeys (ConfUtils.java:logGet(44)) - raft.server.rpcslowness.timeout = 2s (custom)
2020-06-28 10:43:43,056 [pool-375-thread-1] INFO  server.RaftServerConfigKeys (ConfUtils.java:logGet(44)) - raft.server.sleep.deviation.threshold = 300 (default)
2020-06-28 10:43:43,056 [pool-375-thread-1] INFO  server.RaftServerConfigKeys (ConfUtils.java:logGet(44)) - raft.server.log.appender.install.snapshot.enabled = false (custom)
2020-06-28 10:43:43,056 [pool-375-thread-1] INFO  impl.RaftServerImpl (ServerState.java:<init>(103)) - omNode-2@group-523986131536: ConfigurationManager, init=-1: [omNode-3:localhost:10268, omNode-1:localhost:10256, omNode-2:localhost:10262], old=null, confs=<EMPTY_MAP>
2020-06-28 10:43:43,056 [pool-375-thread-1] INFO  server.RaftServerConfigKeys (ConfUtils.java:logGet(44)) - raft.server.storage.dir = [/github/workspace/mnt/ozone/hadoop-ozone/integration-test/target/test-dir/MiniOzoneClusterImpl-70ff22f2-c74d-429a-be4f-7513cb1d4b7b/omNode-2/ratis] (custom)
2020-06-28 10:43:43,056 [pool-375-thread-1] INFO  server.RaftServerConfigKeys (ConfUtils.java:logGet(44)) - raft.server.log.corruption.policy = EXCEPTION (default)
2020-06-28 10:43:43,056 [pool-375-thread-1] INFO  storage.RaftStorageDirectory (RaftStorageDirectory.java:analyzeStorage(261)) - The storage directory /github/workspace/mnt/ozone/hadoop-ozone/integration-test/target/test-dir/MiniOzoneClusterImpl-70ff22f2-c74d-429a-be4f-7513cb1d4b7b/omNode-2/ratis/c9bc4cf4-3bc3-3c60-a66b-523986131536 does not exist. Creating ...
2020-06-28 10:43:43,057 [Listener at 127.0.0.1/10252] INFO  ipc.CallQueueManager (CallQueueManager.java:<init>(84)) - Using callQueue: class java.util.concurrent.LinkedBlockingQueue, queueCapacity: 2000, scheduler: class org.apache.hadoop.ipc.DefaultRpcScheduler, ipcBackoff: false.
2020-06-28 10:43:43,058 [pool-375-thread-1] INFO  storage.RaftStorageDirectory (RaftStorageDirectory.java:tryLock(343)) - Lock on /github/workspace/mnt/ozone/hadoop-ozone/integration-test/target/test-dir/MiniOzoneClusterImpl-70ff22f2-c74d-429a-be4f-7513cb1d4b7b/omNode-2/ratis/c9bc4cf4-3bc3-3c60-a66b-523986131536/in_use.lock acquired by nodename 22100@720bba7d72d5
2020-06-28 10:43:43,058 [Socket Reader #1 for port 10258] INFO  ipc.Server (Server.java:run(1219)) - Starting Socket Reader #1 for port 10258
2020-06-28 10:43:43,062 [pool-375-thread-1] INFO  storage.RaftStorage (RaftStorage.java:format(84)) - Storage directory /github/workspace/mnt/ozone/hadoop-ozone/integration-test/target/test-dir/MiniOzoneClusterImpl-70ff22f2-c74d-429a-be4f-7513cb1d4b7b/omNode-2/ratis/c9bc4cf4-3bc3-3c60-a66b-523986131536 has been successfully formatted.
2020-06-28 10:43:43,063 [pool-375-thread-1] INFO  ratis.OzoneManagerStateMachine (OzoneManagerStateMachine.java:getLatestSnapshot(147)) - Latest Snapshot Info 0#-1
2020-06-28 10:43:43,063 [pool-375-thread-1] INFO  server.RaftServerConfigKeys (ConfUtils.java:logGet(44)) - raft.server.notification.no-leader.timeout = 2s (custom)
2020-06-28 10:43:43,063 [pool-375-thread-1] INFO  server.RaftServerConfigKeys (ConfUtils.java:logGet(44)) - raft.server.log.use.memory = false (default)
2020-06-28 10:43:43,063 [pool-375-thread-1] INFO  server.RaftServerConfigKeys (ConfUtils.java:logGet(44)) - raft.server.log.purge.gap = 50 (custom)
2020-06-28 10:43:43,063 [pool-375-thread-1] INFO  server.RaftServerConfigKeys (ConfUtils.java:logGet(44)) - raft.server.log.appender.buffer.byte-limit = 33554432 (custom)
2020-06-28 10:43:43,063 [pool-375-thread-1] INFO  server.RaftServerConfigKeys (ConfUtils.java:logGet(44)) - raft.server.log.segment.size.max = 16384 (custom)
2020-06-28 10:43:43,063 [pool-375-thread-1] INFO  metrics.RatisMetrics (RatisMetrics.java:lambda$create$0(36)) - Creating Metrics Registry : ratis.log_worker.omNode-2@group-523986131536
2020-06-28 10:43:43,063 [pool-375-thread-1] INFO  server.RaftServerConfigKeys (ConfUtils.java:logGet(44)) - raft.server.log.segment.cache.num.max = 2 (custom)
2020-06-28 10:43:43,063 [pool-375-thread-1] INFO  segmented.SegmentedRaftLogWorker (SegmentedRaftLogWorker.java:<init>(180)) - new omNode-2@group-523986131536-SegmentedRaftLogWorker for RaftStorage:Storage Directory /github/workspace/mnt/ozone/hadoop-ozone/integration-test/target/test-dir/MiniOzoneClusterImpl-70ff22f2-c74d-429a-be4f-7513cb1d4b7b/omNode-2/ratis/c9bc4cf4-3bc3-3c60-a66b-523986131536
2020-06-28 10:43:43,063 [pool-375-thread-1] INFO  server.RaftServerConfigKeys (ConfUtils.java:logGet(44)) - raft.server.log.queue.byte-limit = 64MB (=67108864) (default)
2020-06-28 10:43:43,063 [pool-375-thread-1] INFO  server.RaftServerConfigKeys (ConfUtils.java:logGet(44)) - raft.server.log.queue.element-limit = 4096 (default)
2020-06-28 10:43:43,063 [pool-375-thread-1] INFO  server.RaftServerConfigKeys (ConfUtils.java:logGet(44)) - raft.server.log.segment.size.max = 16384 (custom)
2020-06-28 10:43:43,063 [pool-375-thread-1] INFO  server.RaftServerConfigKeys (ConfUtils.java:logGet(44)) - raft.server.log.preallocated.size = 16384 (custom)
2020-06-28 10:43:43,064 [pool-375-thread-1] INFO  server.RaftServerConfigKeys (ConfUtils.java:logGet(44)) - raft.server.log.write.buffer.size = 64KB (=65536) (default)
2020-06-28 10:43:43,064 [pool-375-thread-1] INFO  server.RaftServerConfigKeys (ConfUtils.java:logGet(44)) - raft.server.log.force.sync.num = 128 (default)
2020-06-28 10:43:43,064 [pool-375-thread-1] INFO  server.RaftServerConfigKeys (ConfUtils.java:logGet(44)) - raft.server.log.statemachine.data.sync = true (default)
2020-06-28 10:43:43,064 [pool-375-thread-1] INFO  server.RaftServerConfigKeys (ConfUtils.java:logGet(44)) - raft.server.log.statemachine.data.sync.timeout = 10s (default)
2020-06-28 10:43:43,064 [pool-375-thread-1] INFO  server.RaftServerConfigKeys (ConfUtils.java:logGet(44)) - raft.server.log.statemachine.data.sync.timeout.retry = -1 (default)
2020-06-28 10:43:43,065 [pool-375-thread-1] INFO  server.RaftServerConfigKeys (ConfUtils.java:logGet(44)) - raft.server.log.statemachine.data.caching.enabled = false (default)
2020-06-28 10:43:43,066 [pool-375-thread-1] INFO  segmented.SegmentedRaftLogWorker (SegmentedRaftLogWorker.java:lambda$new$0(129)) - omNode-2@group-523986131536-SegmentedRaftLogWorker: flushIndex: setUnconditionally 0 -> -1
2020-06-28 10:43:43,066 [pool-375-thread-1] INFO  segmented.SegmentedRaftLogWorker (SegmentedRaftLogWorker.java:lambda$new$0(129)) - omNode-2@group-523986131536-SegmentedRaftLogWorker: safeCacheEvictIndex: setUnconditionally 0 -> -1
2020-06-28 10:43:43,066 [pool-375-thread-1] INFO  server.RaftServerConfigKeys (ConfUtils.java:logGet(44)) - raft.server.snapshot.auto.trigger.enabled = true (custom)
2020-06-28 10:43:43,066 [pool-375-thread-1] INFO  server.RaftServerConfigKeys (ConfUtils.java:logGet(44)) - raft.server.snapshot.auto.trigger.threshold = 50 (custom)
2020-06-28 10:43:43,066 [pool-375-thread-1] INFO  server.RaftServerConfigKeys (ConfUtils.java:logGet(44)) - raft.server.snapshot.retention.file.num = -1 (default)
2020-06-28 10:43:43,066 [pool-375-thread-1] INFO  server.RaftServerConfigKeys (ConfUtils.java:logGet(44)) - raft.server.log.purge.upto.snapshot.index = false (default)
2020-06-28 10:43:43,066 [pool-375-thread-1] INFO  server.RaftServerConfigKeys (ConfUtils.java:logGet(44)) - raft.server.retrycache.expirytime = 600000ms (custom)
2020-06-28 10:43:43,067 [pool-375-thread-1] INFO  metrics.RatisMetrics (RatisMetrics.java:lambda$create$0(36)) - Creating Metrics Registry : ratis.leader_election.omNode-2@group-523986131536
2020-06-28 10:43:43,067 [pool-375-thread-1] INFO  metrics.RatisMetrics (RatisMetrics.java:lambda$create$0(36)) - Creating Metrics Registry : ratis.server.omNode-2@group-523986131536
2020-06-28 10:43:43,075 [Listener at 127.0.0.1/10258] INFO  impl.MetricsSystemImpl (MetricsSystemImpl.java:init(158)) - OzoneManager metrics system started (again)
2020-06-28 10:43:43,076 [Listener at 127.0.0.1/10258] INFO  om.OzoneManager (OzoneManager.java:start(1083)) - OzoneManager RPC server is listening at localhost/127.0.0.1:10258
2020-06-28 10:43:43,076 [Listener at 127.0.0.1/10258] INFO  ratis.OzoneManagerRatisServer (OzoneManagerRatisServer.java:start(365)) - Starting OzoneManagerRatisServer omNode-2 at port 10262
2020-06-28 10:43:43,077 [Listener at 127.0.0.1/10258] INFO  impl.RaftServerImpl (RaftServerImpl.java:start(186)) - omNode-2@group-523986131536: start as a follower, conf=-1: [omNode-3:localhost:10268, omNode-1:localhost:10256, omNode-2:localhost:10262], old=null
2020-06-28 10:43:43,077 [Listener at 127.0.0.1/10258] INFO  impl.RaftServerImpl (RaftServerImpl.java:setRole(175)) - omNode-2@group-523986131536: changes role from      null to FOLLOWER at term 0 for startAsFollower
2020-06-28 10:43:43,077 [Listener at 127.0.0.1/10258] INFO  impl.RoleInfo (RoleInfo.java:updateAndGet(143)) - omNode-2: start FollowerState
2020-06-28 10:43:43,077 [Listener at 127.0.0.1/10258] INFO  util.JmxRegister (JmxRegister.java:tryRegister(44)) - Successfully registered JMX Bean with object name Ratis:service=RaftServer,group=group-523986131536,id=omNode-2
2020-06-28 10:43:43,077 [Listener at 127.0.0.1/10258] INFO  metrics.RatisMetrics (RatisMetrics.java:lambda$create$0(36)) - Creating Metrics Registry : ratis.state_machine.omNode-2@group-523986131536
2020-06-28 10:43:43,078 [Listener at 127.0.0.1/10258] INFO  impl.RaftServerProxy (RaftServerProxy.java:lambda$start$3(304)) - omNode-2: start RPC server
2020-06-28 10:43:43,078 [Listener at 127.0.0.1/10258] INFO  server.GrpcService (GrpcService.java:startImpl(160)) - omNode-2: GrpcService started, listening on 0.0.0.0/0.0.0.0:10262
2020-06-28 10:43:43,079 [IPC Server Responder] INFO  ipc.Server (Server.java:run(1460)) - IPC Server Responder: starting
2020-06-28 10:43:43,087 [IPC Server listener on 10258] INFO  ipc.Server (Server.java:run(1298)) - IPC Server listener on 10258: starting
2020-06-28 10:43:43,096 [Listener at 127.0.0.1/10258] INFO  http.BaseHttpServer (BaseHttpServer.java:newHttpServer2BuilderForOzone(207)) - Starting Web-server for ozoneManager at: http://0.0.0.0:10260
2020-06-28 10:43:43,096 [Listener at 127.0.0.1/10258] INFO  http.BaseHttpServer (BaseHttpServer.java:<init>(106)) - Hadoop Security Enabled: false Ozone Security Enabled: false Ozone HTTP Security Enabled: false 
2020-06-28 10:43:43,097 [Listener at 127.0.0.1/10258] INFO  server.AuthenticationFilter (AuthenticationFilter.java:constructSecretProvider(240)) - Unable to initialize FileSignerSecretProvider, falling back to use random secrets.
2020-06-28 10:43:43,098 [Listener at 127.0.0.1/10258] WARN  http.HttpRequestLog (HttpRequestLog.java:getRequestLog(103)) - Jetty request log can only be enabled using Log4j
2020-06-28 10:43:43,099 [Listener at 127.0.0.1/10258] INFO  http.HttpServer2 (HttpServer2.java:addGlobalFilter(997)) - Added global filter 'safety' (class=org.apache.hadoop.hdds.server.http.HttpServer2$QuotingInputFilter)
2020-06-28 10:43:43,100 [Listener at 127.0.0.1/10258] INFO  http.HttpServer2 (HttpServer2.java:addFilter(973)) - Added filter static_user_filter (class=org.apache.hadoop.http.lib.StaticUserWebFilter$StaticUserFilter) to context ozoneManager
2020-06-28 10:43:43,100 [Listener at 127.0.0.1/10258] INFO  http.HttpServer2 (HttpServer2.java:addFilter(981)) - Added filter static_user_filter (class=org.apache.hadoop.http.lib.StaticUserWebFilter$StaticUserFilter) to context static
2020-06-28 10:43:43,100 [Listener at 127.0.0.1/10258] INFO  http.HttpServer2 (HttpServer2.java:addFilter(981)) - Added filter static_user_filter (class=org.apache.hadoop.http.lib.StaticUserWebFilter$StaticUserFilter) to context logs
2020-06-28 10:43:43,100 [Listener at 127.0.0.1/10258] INFO  http.HttpServer2 (HttpServer2.java:bindListener(1215)) - Jetty bound to port 10260
2020-06-28 10:43:43,100 [Listener at 127.0.0.1/10258] INFO  server.Server (Server.java:doStart(359)) - jetty-9.4.26.v20200117; built: 2020-01-17T12:35:33.676Z; git: 7b38981d25d14afb4a12ff1f2596756144edf695; jvm 1.8.0_232-b09
2020-06-28 10:43:43,107 [Listener at 127.0.0.1/10258] INFO  server.session (DefaultSessionIdManager.java:doStart(333)) - DefaultSessionIdManager workerName=node0
2020-06-28 10:43:43,107 [Listener at 127.0.0.1/10258] INFO  server.session (DefaultSessionIdManager.java:doStart(338)) - No SessionScavenger set, using defaults
2020-06-28 10:43:43,107 [Listener at 127.0.0.1/10258] INFO  server.session (HouseKeeper.java:startScavenging(140)) - node0 Scavenging every 600000ms
2020-06-28 10:43:43,108 [Listener at 127.0.0.1/10258] INFO  handler.ContextHandler (ContextHandler.java:doStart(825)) - Started o.e.j.s.ServletContextHandler@60f5814e{logs,/logs,file:///github/workspace/mnt/ozone/hadoop-ozone/integration-test/target/log,AVAILABLE}
2020-06-28 10:43:43,108 [Listener at 127.0.0.1/10258] INFO  handler.ContextHandler (ContextHandler.java:doStart(825)) - Started o.e.j.s.ServletContextHandler@3eefdc05{static,/static,file:///github/workspace/mnt/ozone/hadoop-ozone/integration-test/target/test-classes/webapps/static,AVAILABLE}
2020-06-28 10:43:43,112 [Listener at 127.0.0.1/10258] INFO  handler.ContextHandler (ContextHandler.java:doStart(825)) - Started o.e.j.w.WebAppContext@13bc1a43{ozoneManager,/,file:///github/workspace/mnt/ozone/hadoop-ozone/integration-test/target/test-classes/webapps/ozoneManager/,AVAILABLE}{file:/github/workspace/mnt/ozone/hadoop-ozone/integration-test/target/test-classes/webapps/ozoneManager}
2020-06-28 10:43:43,113 [Listener at 127.0.0.1/10258] INFO  server.AbstractConnector (AbstractConnector.java:doStart(330)) - Started ServerConnector@3a215dd1{HTTP/1.1,[http/1.1]}{0.0.0.0:10260}
2020-06-28 10:43:43,113 [Listener at 127.0.0.1/10258] INFO  server.Server (Server.java:doStart(399)) - Started @78477ms
2020-06-28 10:43:43,113 [Listener at 127.0.0.1/10258] WARN  impl.MetricsSystemImpl (MetricsSystemImpl.java:register(276)) - Sink prometheus already exists!
2020-06-28 10:43:43,116 [Listener at 127.0.0.1/10258] INFO  http.BaseHttpServer (BaseHttpServer.java:updateConnectorAddress(327)) - HTTP server of ozoneManager listening at http://0.0.0.0:10260
2020-06-28 10:43:43,116 [Listener at 127.0.0.1/10258] INFO  ozone.MiniOzoneHAClusterImpl (MiniOzoneHAClusterImpl.java:createOMService(380)) - Started OzoneManager RPC server at localhost/127.0.0.1:10258
2020-06-28 10:43:43,117 [Listener at 127.0.0.1/10258] WARN  server.ServerUtils (ServerUtils.java:getDBPath(225)) - ozone.om.db.dirs is not configured. We recommend adding this setting. Falling back to ozone.metadata.dirs instead.
2020-06-28 10:43:43,119 [org.apache.hadoop.util.JvmPauseMonitor$Monitor@4281299f] INFO  util.JvmPauseMonitor (JvmPauseMonitor.java:run(188)) - Starting JVM pause monitor
2020-06-28 10:43:43,120 [Listener at 127.0.0.1/10258] INFO  ha.OMHANodeDetails (OMHANodeDetails.java:loadOMHAConfig(110)) - ServiceID for OzoneManager is om-service-test1
2020-06-28 10:43:43,121 [Listener at 127.0.0.1/10258] INFO  ha.OMHANodeDetails (OMHANodeDetails.java:loadOMHAConfig(188)) - Found matching OM address with OMServiceId: om-service-test1, OMNodeId: omNode-3, RPC Address: localhost:10264 and Ratis port: 10268
2020-06-28 10:43:43,121 [Listener at 127.0.0.1/10258] INFO  ha.OMHANodeDetails (OMHANodeDetails.java:setOMNodeSpecificConfigs(314)) - Setting configuration key ozone.om.http-address with value of key ozone.om.http-address.omNode-3: 127.0.0.1:10266
2020-06-28 10:43:43,121 [Listener at 127.0.0.1/10258] INFO  ha.OMHANodeDetails (OMHANodeDetails.java:setOMNodeSpecificConfigs(314)) - Setting configuration key ozone.om.https-address with value of key ozone.om.https-address.omNode-3: 127.0.0.1:10267
2020-06-28 10:43:43,121 [Listener at 127.0.0.1/10258] INFO  ha.OMHANodeDetails (OMHANodeDetails.java:setOMNodeSpecificConfigs(314)) - Setting configuration key ozone.om.address with value of key ozone.om.address.omNode-3: 127.0.0.1:10264
2020-06-28 10:43:43,121 [Listener at 127.0.0.1/10258] WARN  server.ServerUtils (ServerUtils.java:getDBPath(225)) - ozone.om.db.dirs is not configured. We recommend adding this setting. Falling back to ozone.metadata.dirs instead.
2020-06-28 10:43:43,121 [Listener at 127.0.0.1/10258] WARN  server.ServerUtils (ServerUtils.java:getDBPath(225)) - ozone.om.db.dirs is not configured. We recommend adding this setting. Falling back to ozone.metadata.dirs instead.
2020-06-28 10:43:43,127 [Listener at 127.0.0.1/10258] WARN  server.ServerUtils (ServerUtils.java:getDBPath(225)) - ozone.om.db.dirs is not configured. We recommend adding this setting. Falling back to ozone.metadata.dirs instead.
2020-06-28 10:43:43,183 [Listener at 127.0.0.1/10258] WARN  server.ServerUtils (ServerUtils.java:getDefaultRatisDirectory(237)) - Storage directory for Ratis is not configured. It is a good idea to map this to an SSD disk. Falling back to ozone.metadata.dirs
2020-06-28 10:43:43,184 [Listener at 127.0.0.1/10258] INFO  ratis.OzoneManagerRatisServer (OzoneManagerRatisServer.java:<init>(268)) - Instantiating OM Ratis server with GroupID: om-service-test1 and Raft Peers: localhost:10268, localhost:10256, localhost:10262
2020-06-28 10:43:43,184 [Listener at 127.0.0.1/10258] INFO  ratis.OzoneManagerStateMachine (OzoneManagerStateMachine.java:loadSnapshotInfoFromDB(539)) - LastAppliedIndex is set from TransactionInfo from OM DB as (t:0, i:~)
2020-06-28 10:43:43,184 [Listener at 127.0.0.1/10258] INFO  impl.RaftServerProxy (ConfUtils.java:logGet(44)) - raft.rpc.type = GRPC (default)
2020-06-28 10:43:43,184 [Listener at 127.0.0.1/10258] INFO  grpc.GrpcFactory (GrpcFactory.java:checkPooledByteBufAllocatorUseCacheForAllThreads(45)) - PERFORMANCE WARNING: useCacheForAllThreads is true that may cause Netty to create a lot garbage objects and, as a result, trigger GC.
	It is recommended to disable useCacheForAllThreads by setting -Dorg.apache.ratis.thirdparty.io.netty.allocator.useCacheForAllThreads=false in command line.
2020-06-28 10:43:43,184 [Listener at 127.0.0.1/10258] INFO  grpc.GrpcConfigKeys (ConfUtils.java:logGet(44)) - raft.grpc.server.port = 10268 (custom)
2020-06-28 10:43:43,184 [Listener at 127.0.0.1/10258] INFO  server.GrpcService (ConfUtils.java:logGet(44)) - raft.grpc.message.size.max = 33554432 (custom)
2020-06-28 10:43:43,184 [Listener at 127.0.0.1/10258] INFO  server.RaftServerConfigKeys (ConfUtils.java:logGet(44)) - raft.server.log.appender.buffer.byte-limit = 33554432 (custom)
2020-06-28 10:43:43,184 [Listener at 127.0.0.1/10258] INFO  server.GrpcService (ConfUtils.java:logGet(44)) - raft.grpc.flow.control.window = 1MB (=1048576) (default)
2020-06-28 10:43:43,185 [Listener at 127.0.0.1/10258] INFO  server.RaftServerConfigKeys (ConfUtils.java:logGet(44)) - raft.server.rpc.request.timeout = 3000ms (default)
2020-06-28 10:43:43,185 [Listener at 127.0.0.1/10258] INFO  server.RaftServerConfigKeys (ConfUtils.java:logGet(44)) - raft.server.storage.dir = [/github/workspace/mnt/ozone/hadoop-ozone/integration-test/target/test-dir/MiniOzoneClusterImpl-70ff22f2-c74d-429a-be4f-7513cb1d4b7b/omNode-3/ratis] (custom)
2020-06-28 10:43:43,190 [Listener at 127.0.0.1/10258] INFO  impl.RaftServerProxy (RaftServerProxy.java:addNew(89)) - omNode-3: addNew group-523986131536:[omNode-3:localhost:10268, omNode-1:localhost:10256, omNode-2:localhost:10262] returns group-523986131536:java.util.concurrent.CompletableFuture@4b4decf5[Not completed]
2020-06-28 10:43:43,190 [pool-391-thread-1] INFO  impl.RaftServerImpl (RaftServerImpl.java:<init>(99)) - omNode-3: new RaftServerImpl for group-523986131536:[omNode-3:localhost:10268, omNode-1:localhost:10256, omNode-2:localhost:10262] with OzoneManagerStateMachine:uninitialized
2020-06-28 10:43:43,191 [pool-391-thread-1] INFO  server.RaftServerConfigKeys (ConfUtils.java:logGet(44)) - raft.server.rpc.timeout.min = 1s (custom)
2020-06-28 10:43:43,191 [pool-391-thread-1] INFO  server.RaftServerConfigKeys (ConfUtils.java:logGet(44)) - raft.server.rpc.timeout.max = 1200ms (custom)
2020-06-28 10:43:43,191 [pool-391-thread-1] INFO  server.RaftServerConfigKeys (ConfUtils.java:logGet(44)) - raft.server.rpcslowness.timeout = 2s (custom)
2020-06-28 10:43:43,191 [pool-391-thread-1] INFO  server.RaftServerConfigKeys (ConfUtils.java:logGet(44)) - raft.server.sleep.deviation.threshold = 300 (default)
2020-06-28 10:43:43,191 [pool-391-thread-1] INFO  server.RaftServerConfigKeys (ConfUtils.java:logGet(44)) - raft.server.log.appender.install.snapshot.enabled = false (custom)
2020-06-28 10:43:43,191 [pool-391-thread-1] INFO  impl.RaftServerImpl (ServerState.java:<init>(103)) - omNode-3@group-523986131536: ConfigurationManager, init=-1: [omNode-3:localhost:10268, omNode-1:localhost:10256, omNode-2:localhost:10262], old=null, confs=<EMPTY_MAP>
2020-06-28 10:43:43,192 [pool-391-thread-1] INFO  server.RaftServerConfigKeys (ConfUtils.java:logGet(44)) - raft.server.storage.dir = [/github/workspace/mnt/ozone/hadoop-ozone/integration-test/target/test-dir/MiniOzoneClusterImpl-70ff22f2-c74d-429a-be4f-7513cb1d4b7b/omNode-3/ratis] (custom)
2020-06-28 10:43:43,192 [pool-391-thread-1] INFO  server.RaftServerConfigKeys (ConfUtils.java:logGet(44)) - raft.server.log.corruption.policy = EXCEPTION (default)
2020-06-28 10:43:43,192 [pool-391-thread-1] INFO  storage.RaftStorageDirectory (RaftStorageDirectory.java:analyzeStorage(261)) - The storage directory /github/workspace/mnt/ozone/hadoop-ozone/integration-test/target/test-dir/MiniOzoneClusterImpl-70ff22f2-c74d-429a-be4f-7513cb1d4b7b/omNode-3/ratis/c9bc4cf4-3bc3-3c60-a66b-523986131536 does not exist. Creating ...
2020-06-28 10:43:43,194 [Listener at 127.0.0.1/10258] INFO  om.OzoneManager (OzoneManager.java:initializeRatisServer(1224)) - OzoneManager Ratis server initialized at port 10268
2020-06-28 10:43:43,194 [Listener at 127.0.0.1/10258] WARN  server.ServerUtils (ServerUtils.java:getDefaultRatisDirectory(237)) - Storage directory for Ratis is not configured. It is a good idea to map this to an SSD disk. Falling back to ozone.metadata.dirs
2020-06-28 10:43:43,194 [Listener at 127.0.0.1/10258] WARN  server.ServerUtils (ServerUtils.java:getDefaultRatisDirectory(237)) - Storage directory for Ratis is not configured. It is a good idea to map this to an SSD disk. Falling back to ozone.metadata.dirs
2020-06-28 10:43:43,194 [Listener at 127.0.0.1/10258] INFO  snapshot.OzoneManagerSnapshotProvider (OzoneManagerSnapshotProvider.java:<init>(77)) - Initializing OM Snapshot Provider
2020-06-28 10:43:43,196 [Listener at 127.0.0.1/10258] INFO  ipc.CallQueueManager (CallQueueManager.java:<init>(84)) - Using callQueue: class java.util.concurrent.LinkedBlockingQueue, queueCapacity: 2000, scheduler: class org.apache.hadoop.ipc.DefaultRpcScheduler, ipcBackoff: false.
2020-06-28 10:43:43,196 [pool-391-thread-1] INFO  storage.RaftStorageDirectory (RaftStorageDirectory.java:tryLock(343)) - Lock on /github/workspace/mnt/ozone/hadoop-ozone/integration-test/target/test-dir/MiniOzoneClusterImpl-70ff22f2-c74d-429a-be4f-7513cb1d4b7b/omNode-3/ratis/c9bc4cf4-3bc3-3c60-a66b-523986131536/in_use.lock acquired by nodename 22100@720bba7d72d5
2020-06-28 10:43:43,197 [Socket Reader #1 for port 10264] INFO  ipc.Server (Server.java:run(1219)) - Starting Socket Reader #1 for port 10264
2020-06-28 10:43:43,206 [pool-391-thread-1] INFO  storage.RaftStorage (RaftStorage.java:format(84)) - Storage directory /github/workspace/mnt/ozone/hadoop-ozone/integration-test/target/test-dir/MiniOzoneClusterImpl-70ff22f2-c74d-429a-be4f-7513cb1d4b7b/omNode-3/ratis/c9bc4cf4-3bc3-3c60-a66b-523986131536 has been successfully formatted.
2020-06-28 10:43:43,206 [pool-391-thread-1] INFO  ratis.OzoneManagerStateMachine (OzoneManagerStateMachine.java:getLatestSnapshot(147)) - Latest Snapshot Info 0#-1
2020-06-28 10:43:43,207 [pool-391-thread-1] INFO  server.RaftServerConfigKeys (ConfUtils.java:logGet(44)) - raft.server.notification.no-leader.timeout = 2s (custom)
2020-06-28 10:43:43,207 [pool-391-thread-1] INFO  server.RaftServerConfigKeys (ConfUtils.java:logGet(44)) - raft.server.log.use.memory = false (default)
2020-06-28 10:43:43,207 [pool-391-thread-1] INFO  server.RaftServerConfigKeys (ConfUtils.java:logGet(44)) - raft.server.log.purge.gap = 50 (custom)
2020-06-28 10:43:43,207 [pool-391-thread-1] INFO  server.RaftServerConfigKeys (ConfUtils.java:logGet(44)) - raft.server.log.appender.buffer.byte-limit = 33554432 (custom)
2020-06-28 10:43:43,207 [pool-391-thread-1] INFO  server.RaftServerConfigKeys (ConfUtils.java:logGet(44)) - raft.server.log.segment.size.max = 16384 (custom)
2020-06-28 10:43:43,207 [pool-391-thread-1] INFO  metrics.RatisMetrics (RatisMetrics.java:lambda$create$0(36)) - Creating Metrics Registry : ratis.log_worker.omNode-3@group-523986131536
2020-06-28 10:43:43,207 [pool-391-thread-1] INFO  server.RaftServerConfigKeys (ConfUtils.java:logGet(44)) - raft.server.log.segment.cache.num.max = 2 (custom)
2020-06-28 10:43:43,207 [pool-391-thread-1] INFO  segmented.SegmentedRaftLogWorker (SegmentedRaftLogWorker.java:<init>(180)) - new omNode-3@group-523986131536-SegmentedRaftLogWorker for RaftStorage:Storage Directory /github/workspace/mnt/ozone/hadoop-ozone/integration-test/target/test-dir/MiniOzoneClusterImpl-70ff22f2-c74d-429a-be4f-7513cb1d4b7b/omNode-3/ratis/c9bc4cf4-3bc3-3c60-a66b-523986131536
2020-06-28 10:43:43,207 [pool-391-thread-1] INFO  server.RaftServerConfigKeys (ConfUtils.java:logGet(44)) - raft.server.log.queue.byte-limit = 64MB (=67108864) (default)
2020-06-28 10:43:43,207 [pool-391-thread-1] INFO  server.RaftServerConfigKeys (ConfUtils.java:logGet(44)) - raft.server.log.queue.element-limit = 4096 (default)
2020-06-28 10:43:43,208 [pool-391-thread-1] INFO  server.RaftServerConfigKeys (ConfUtils.java:logGet(44)) - raft.server.log.segment.size.max = 16384 (custom)
2020-06-28 10:43:43,208 [pool-391-thread-1] INFO  server.RaftServerConfigKeys (ConfUtils.java:logGet(44)) - raft.server.log.preallocated.size = 16384 (custom)
2020-06-28 10:43:43,208 [pool-391-thread-1] INFO  server.RaftServerConfigKeys (ConfUtils.java:logGet(44)) - raft.server.log.write.buffer.size = 64KB (=65536) (default)
2020-06-28 10:43:43,208 [pool-391-thread-1] INFO  server.RaftServerConfigKeys (ConfUtils.java:logGet(44)) - raft.server.log.force.sync.num = 128 (default)
2020-06-28 10:43:43,208 [pool-391-thread-1] INFO  server.RaftServerConfigKeys (ConfUtils.java:logGet(44)) - raft.server.log.statemachine.data.sync = true (default)
2020-06-28 10:43:43,208 [pool-391-thread-1] INFO  server.RaftServerConfigKeys (ConfUtils.java:logGet(44)) - raft.server.log.statemachine.data.sync.timeout = 10s (default)
2020-06-28 10:43:43,208 [pool-391-thread-1] INFO  server.RaftServerConfigKeys (ConfUtils.java:logGet(44)) - raft.server.log.statemachine.data.sync.timeout.retry = -1 (default)
2020-06-28 10:43:43,209 [pool-391-thread-1] INFO  server.RaftServerConfigKeys (ConfUtils.java:logGet(44)) - raft.server.log.statemachine.data.caching.enabled = false (default)
2020-06-28 10:43:43,209 [pool-391-thread-1] INFO  segmented.SegmentedRaftLogWorker (SegmentedRaftLogWorker.java:lambda$new$0(129)) - omNode-3@group-523986131536-SegmentedRaftLogWorker: flushIndex: setUnconditionally 0 -> -1
2020-06-28 10:43:43,209 [pool-391-thread-1] INFO  segmented.SegmentedRaftLogWorker (SegmentedRaftLogWorker.java:lambda$new$0(129)) - omNode-3@group-523986131536-SegmentedRaftLogWorker: safeCacheEvictIndex: setUnconditionally 0 -> -1
2020-06-28 10:43:43,213 [pool-391-thread-1] INFO  server.RaftServerConfigKeys (ConfUtils.java:logGet(44)) - raft.server.snapshot.auto.trigger.enabled = true (custom)
2020-06-28 10:43:43,213 [pool-391-thread-1] INFO  server.RaftServerConfigKeys (ConfUtils.java:logGet(44)) - raft.server.snapshot.auto.trigger.threshold = 50 (custom)
2020-06-28 10:43:43,213 [pool-391-thread-1] INFO  server.RaftServerConfigKeys (ConfUtils.java:logGet(44)) - raft.server.snapshot.retention.file.num = -1 (default)
2020-06-28 10:43:43,213 [pool-391-thread-1] INFO  server.RaftServerConfigKeys (ConfUtils.java:logGet(44)) - raft.server.log.purge.upto.snapshot.index = false (default)
2020-06-28 10:43:43,213 [pool-391-thread-1] INFO  server.RaftServerConfigKeys (ConfUtils.java:logGet(44)) - raft.server.retrycache.expirytime = 600000ms (custom)
2020-06-28 10:43:43,213 [pool-391-thread-1] INFO  metrics.RatisMetrics (RatisMetrics.java:lambda$create$0(36)) - Creating Metrics Registry : ratis.leader_election.omNode-3@group-523986131536
2020-06-28 10:43:43,214 [pool-391-thread-1] INFO  metrics.RatisMetrics (RatisMetrics.java:lambda$create$0(36)) - Creating Metrics Registry : ratis.server.omNode-3@group-523986131536
2020-06-28 10:43:43,216 [Listener at 127.0.0.1/10264] INFO  impl.MetricsSystemImpl (MetricsSystemImpl.java:init(158)) - OzoneManager metrics system started (again)
2020-06-28 10:43:43,217 [Listener at 127.0.0.1/10264] INFO  om.OzoneManager (OzoneManager.java:start(1083)) - OzoneManager RPC server is listening at localhost/127.0.0.1:10264
2020-06-28 10:43:43,217 [Listener at 127.0.0.1/10264] INFO  ratis.OzoneManagerRatisServer (OzoneManagerRatisServer.java:start(365)) - Starting OzoneManagerRatisServer omNode-3 at port 10268
2020-06-28 10:43:43,217 [Listener at 127.0.0.1/10264] INFO  impl.RaftServerImpl (RaftServerImpl.java:start(186)) - omNode-3@group-523986131536: start as a follower, conf=-1: [omNode-3:localhost:10268, omNode-1:localhost:10256, omNode-2:localhost:10262], old=null
2020-06-28 10:43:43,217 [Listener at 127.0.0.1/10264] INFO  impl.RaftServerImpl (RaftServerImpl.java:setRole(175)) - omNode-3@group-523986131536: changes role from      null to FOLLOWER at term 0 for startAsFollower
2020-06-28 10:43:43,218 [Listener at 127.0.0.1/10264] INFO  impl.RoleInfo (RoleInfo.java:updateAndGet(143)) - omNode-3: start FollowerState
2020-06-28 10:43:43,218 [Listener at 127.0.0.1/10264] INFO  util.JmxRegister (JmxRegister.java:tryRegister(44)) - Successfully registered JMX Bean with object name Ratis:service=RaftServer,group=group-523986131536,id=omNode-3
2020-06-28 10:43:43,218 [Listener at 127.0.0.1/10264] INFO  metrics.RatisMetrics (RatisMetrics.java:lambda$create$0(36)) - Creating Metrics Registry : ratis.state_machine.omNode-3@group-523986131536
2020-06-28 10:43:43,221 [Listener at 127.0.0.1/10264] INFO  impl.RaftServerProxy (RaftServerProxy.java:lambda$start$3(304)) - omNode-3: start RPC server
2020-06-28 10:43:43,221 [Listener at 127.0.0.1/10264] INFO  server.GrpcService (GrpcService.java:startImpl(160)) - omNode-3: GrpcService started, listening on 0.0.0.0/0.0.0.0:10268
2020-06-28 10:43:43,222 [IPC Server Responder] INFO  ipc.Server (Server.java:run(1460)) - IPC Server Responder: starting
2020-06-28 10:43:43,228 [IPC Server listener on 10264] INFO  ipc.Server (Server.java:run(1298)) - IPC Server listener on 10264: starting
2020-06-28 10:43:43,239 [Listener at 127.0.0.1/10264] INFO  http.BaseHttpServer (BaseHttpServer.java:newHttpServer2BuilderForOzone(207)) - Starting Web-server for ozoneManager at: http://0.0.0.0:10266
2020-06-28 10:43:43,239 [Listener at 127.0.0.1/10264] INFO  http.BaseHttpServer (BaseHttpServer.java:<init>(106)) - Hadoop Security Enabled: false Ozone Security Enabled: false Ozone HTTP Security Enabled: false 
2020-06-28 10:43:43,240 [Listener at 127.0.0.1/10264] INFO  server.AuthenticationFilter (AuthenticationFilter.java:constructSecretProvider(240)) - Unable to initialize FileSignerSecretProvider, falling back to use random secrets.
2020-06-28 10:43:43,240 [Listener at 127.0.0.1/10264] WARN  http.HttpRequestLog (HttpRequestLog.java:getRequestLog(103)) - Jetty request log can only be enabled using Log4j
2020-06-28 10:43:43,241 [Listener at 127.0.0.1/10264] INFO  http.HttpServer2 (HttpServer2.java:addGlobalFilter(997)) - Added global filter 'safety' (class=org.apache.hadoop.hdds.server.http.HttpServer2$QuotingInputFilter)
2020-06-28 10:43:43,241 [Listener at 127.0.0.1/10264] INFO  http.HttpServer2 (HttpServer2.java:addFilter(973)) - Added filter static_user_filter (class=org.apache.hadoop.http.lib.StaticUserWebFilter$StaticUserFilter) to context ozoneManager
2020-06-28 10:43:43,241 [Listener at 127.0.0.1/10264] INFO  http.HttpServer2 (HttpServer2.java:addFilter(981)) - Added filter static_user_filter (class=org.apache.hadoop.http.lib.StaticUserWebFilter$StaticUserFilter) to context logs
2020-06-28 10:43:43,241 [Listener at 127.0.0.1/10264] INFO  http.HttpServer2 (HttpServer2.java:addFilter(981)) - Added filter static_user_filter (class=org.apache.hadoop.http.lib.StaticUserWebFilter$StaticUserFilter) to context static
2020-06-28 10:43:43,242 [Listener at 127.0.0.1/10264] INFO  http.HttpServer2 (HttpServer2.java:bindListener(1215)) - Jetty bound to port 10266
2020-06-28 10:43:43,242 [Listener at 127.0.0.1/10264] INFO  server.Server (Server.java:doStart(359)) - jetty-9.4.26.v20200117; built: 2020-01-17T12:35:33.676Z; git: 7b38981d25d14afb4a12ff1f2596756144edf695; jvm 1.8.0_232-b09
2020-06-28 10:43:43,243 [Listener at 127.0.0.1/10264] INFO  server.session (DefaultSessionIdManager.java:doStart(333)) - DefaultSessionIdManager workerName=node0
2020-06-28 10:43:43,243 [Listener at 127.0.0.1/10264] INFO  server.session (DefaultSessionIdManager.java:doStart(338)) - No SessionScavenger set, using defaults
2020-06-28 10:43:43,243 [Listener at 127.0.0.1/10264] INFO  server.session (HouseKeeper.java:startScavenging(140)) - node0 Scavenging every 600000ms
2020-06-28 10:43:43,244 [Listener at 127.0.0.1/10264] INFO  handler.ContextHandler (ContextHandler.java:doStart(825)) - Started o.e.j.s.ServletContextHandler@623d2aa7{logs,/logs,file:///github/workspace/mnt/ozone/hadoop-ozone/integration-test/target/log,AVAILABLE}
2020-06-28 10:43:43,244 [Listener at 127.0.0.1/10264] INFO  handler.ContextHandler (ContextHandler.java:doStart(825)) - Started o.e.j.s.ServletContextHandler@68674848{static,/static,file:///github/workspace/mnt/ozone/hadoop-ozone/integration-test/target/test-classes/webapps/static,AVAILABLE}
2020-06-28 10:43:43,247 [Listener at 127.0.0.1/10264] INFO  handler.ContextHandler (ContextHandler.java:doStart(825)) - Started o.e.j.w.WebAppContext@7bd73c05{ozoneManager,/,file:///github/workspace/mnt/ozone/hadoop-ozone/integration-test/target/test-classes/webapps/ozoneManager/,AVAILABLE}{file:/github/workspace/mnt/ozone/hadoop-ozone/integration-test/target/test-classes/webapps/ozoneManager}
2020-06-28 10:43:43,248 [Listener at 127.0.0.1/10264] INFO  server.AbstractConnector (AbstractConnector.java:doStart(330)) - Started ServerConnector@56dc69a3{HTTP/1.1,[http/1.1]}{0.0.0.0:10266}
2020-06-28 10:43:43,248 [Listener at 127.0.0.1/10264] INFO  server.Server (Server.java:doStart(399)) - Started @78612ms
2020-06-28 10:43:43,248 [Listener at 127.0.0.1/10264] WARN  impl.MetricsSystemImpl (MetricsSystemImpl.java:register(276)) - Sink prometheus already exists!
2020-06-28 10:43:43,252 [Listener at 127.0.0.1/10264] INFO  http.BaseHttpServer (BaseHttpServer.java:updateConnectorAddress(327)) - HTTP server of ozoneManager listening at http://0.0.0.0:10266
2020-06-28 10:43:43,252 [Listener at 127.0.0.1/10264] INFO  ozone.MiniOzoneHAClusterImpl (MiniOzoneHAClusterImpl.java:createOMService(380)) - Started OzoneManager RPC server at localhost/127.0.0.1:10264
2020-06-28 10:43:43,259 [Listener at 127.0.0.1/10264] INFO  impl.MetricsSystemImpl (MetricsSystemImpl.java:init(158)) - HddsDatanode metrics system started (again)
2020-06-28 10:43:43,260 [Listener at 127.0.0.1/10264] INFO  ozone.HddsDatanodeService (HddsDatanodeService.java:start(197)) - HddsDatanodeService host:720bba7d72d5 ip:172.17.0.2
2020-06-28 10:43:43,261 [org.apache.hadoop.util.JvmPauseMonitor$Monitor@416ed005] INFO  util.JvmPauseMonitor (JvmPauseMonitor.java:run(188)) - Starting JVM pause monitor
2020-06-28 10:43:43,261 [Listener at 127.0.0.1/10264] INFO  volume.HddsVolume (HddsVolume.java:<init>(176)) - Creating Volume: /github/workspace/mnt/ozone/hadoop-ozone/integration-test/target/test-dir/MiniOzoneClusterImpl-70ff22f2-c74d-429a-be4f-7513cb1d4b7b/datanode-0/data-0/containers/hdds of storage type : DISK and capacity : 9223372036854775807
2020-06-28 10:43:43,262 [Listener at 127.0.0.1/10264] INFO  volume.MutableVolumeSet (MutableVolumeSet.java:initializeVolumeSet(181)) - Added Volume : /github/workspace/mnt/ozone/hadoop-ozone/integration-test/target/test-dir/MiniOzoneClusterImpl-70ff22f2-c74d-429a-be4f-7513cb1d4b7b/datanode-0/data-0/containers/hdds to VolumeSet
2020-06-28 10:43:43,262 [Listener at 127.0.0.1/10264] INFO  volume.ThrottledAsyncChecker (ThrottledAsyncChecker.java:schedule(141)) - Scheduling a check for /github/workspace/mnt/ozone/hadoop-ozone/integration-test/target/test-dir/MiniOzoneClusterImpl-70ff22f2-c74d-429a-be4f-7513cb1d4b7b/datanode-0/data-0/containers/hdds
2020-06-28 10:43:43,263 [Listener at 127.0.0.1/10264] INFO  volume.HddsVolumeChecker (HddsVolumeChecker.java:checkAllVolumes(200)) - Scheduled health check for volume /github/workspace/mnt/ozone/hadoop-ozone/integration-test/target/test-dir/MiniOzoneClusterImpl-70ff22f2-c74d-429a-be4f-7513cb1d4b7b/datanode-0/data-0/containers/hdds
2020-06-28 10:43:43,276 [Listener at 127.0.0.1/10264] INFO  impl.RaftServerProxy (ConfUtils.java:logGet(44)) - raft.rpc.type = GRPC (default)
2020-06-28 10:43:43,276 [Listener at 127.0.0.1/10264] INFO  grpc.GrpcFactory (GrpcFactory.java:checkPooledByteBufAllocatorUseCacheForAllThreads(45)) - PERFORMANCE WARNING: useCacheForAllThreads is true that may cause Netty to create a lot garbage objects and, as a result, trigger GC.
	It is recommended to disable useCacheForAllThreads by setting -Dorg.apache.ratis.thirdparty.io.netty.allocator.useCacheForAllThreads=false in command line.
2020-06-28 10:43:43,276 [Listener at 127.0.0.1/10264] INFO  grpc.GrpcConfigKeys (ConfUtils.java:logGet(44)) - raft.grpc.server.port = 0 (default)
2020-06-28 10:43:43,276 [Listener at 127.0.0.1/10264] INFO  server.GrpcService (ConfUtils.java:logGet(44)) - raft.grpc.message.size.max = 32MB (=33554432) (custom)
2020-06-28 10:43:43,277 [Listener at 127.0.0.1/10264] INFO  server.RaftServerConfigKeys (ConfUtils.java:logGet(44)) - raft.server.log.appender.buffer.byte-limit = 33554432 (custom)
2020-06-28 10:43:43,277 [Listener at 127.0.0.1/10264] INFO  server.GrpcService (ConfUtils.java:logGet(44)) - raft.grpc.flow.control.window = 5MB (=5242880) (custom)
2020-06-28 10:43:43,277 [Listener at 127.0.0.1/10264] INFO  server.RaftServerConfigKeys (ConfUtils.java:logGet(44)) - raft.server.rpc.request.timeout = 60s (custom)
2020-06-28 10:43:43,278 [Listener at 127.0.0.1/10264] INFO  server.RaftServerConfigKeys (ConfUtils.java:logGet(44)) - raft.server.storage.dir = [/github/workspace/mnt/ozone/hadoop-ozone/integration-test/target/test-dir/MiniOzoneClusterImpl-70ff22f2-c74d-429a-be4f-7513cb1d4b7b/datanode-0/data/ratis] (custom)
2020-06-28 10:43:43,282 [Listener at 127.0.0.1/10264] INFO  http.BaseHttpServer (BaseHttpServer.java:newHttpServer2BuilderForOzone(207)) - Starting Web-server for hddsDatanode at: http://0.0.0.0:0
2020-06-28 10:43:43,282 [Listener at 127.0.0.1/10264] INFO  http.BaseHttpServer (BaseHttpServer.java:<init>(106)) - Hadoop Security Enabled: false Ozone Security Enabled: false Ozone HTTP Security Enabled: false 
2020-06-28 10:43:43,282 [Listener at 127.0.0.1/10264] INFO  server.AuthenticationFilter (AuthenticationFilter.java:constructSecretProvider(240)) - Unable to initialize FileSignerSecretProvider, falling back to use random secrets.
2020-06-28 10:43:43,283 [Listener at 127.0.0.1/10264] WARN  http.HttpRequestLog (HttpRequestLog.java:getRequestLog(103)) - Jetty request log can only be enabled using Log4j
2020-06-28 10:43:43,283 [Listener at 127.0.0.1/10264] INFO  http.HttpServer2 (HttpServer2.java:addGlobalFilter(997)) - Added global filter 'safety' (class=org.apache.hadoop.hdds.server.http.HttpServer2$QuotingInputFilter)
2020-06-28 10:43:43,284 [Listener at 127.0.0.1/10264] INFO  http.HttpServer2 (HttpServer2.java:addFilter(973)) - Added filter static_user_filter (class=org.apache.hadoop.http.lib.StaticUserWebFilter$StaticUserFilter) to context hddsDatanode
2020-06-28 10:43:43,284 [Listener at 127.0.0.1/10264] INFO  http.HttpServer2 (HttpServer2.java:addFilter(981)) - Added filter static_user_filter (class=org.apache.hadoop.http.lib.StaticUserWebFilter$StaticUserFilter) to context logs
2020-06-28 10:43:43,284 [Listener at 127.0.0.1/10264] INFO  http.HttpServer2 (HttpServer2.java:addFilter(981)) - Added filter static_user_filter (class=org.apache.hadoop.http.lib.StaticUserWebFilter$StaticUserFilter) to context static
2020-06-28 10:43:43,284 [Listener at 127.0.0.1/10264] INFO  http.HttpServer2 (HttpServer2.java:bindListener(1215)) - Jetty bound to port 36619
2020-06-28 10:43:43,284 [Listener at 127.0.0.1/10264] INFO  server.Server (Server.java:doStart(359)) - jetty-9.4.26.v20200117; built: 2020-01-17T12:35:33.676Z; git: 7b38981d25d14afb4a12ff1f2596756144edf695; jvm 1.8.0_232-b09
2020-06-28 10:43:43,288 [Listener at 127.0.0.1/10264] INFO  server.session (DefaultSessionIdManager.java:doStart(333)) - DefaultSessionIdManager workerName=node0
2020-06-28 10:43:43,288 [Listener at 127.0.0.1/10264] INFO  server.session (DefaultSessionIdManager.java:doStart(338)) - No SessionScavenger set, using defaults
2020-06-28 10:43:43,288 [Listener at 127.0.0.1/10264] INFO  server.session (HouseKeeper.java:startScavenging(140)) - node0 Scavenging every 660000ms
2020-06-28 10:43:43,289 [Listener at 127.0.0.1/10264] INFO  handler.ContextHandler (ContextHandler.java:doStart(825)) - Started o.e.j.s.ServletContextHandler@694809cf{logs,/logs,file:///github/workspace/mnt/ozone/hadoop-ozone/integration-test/target/log,AVAILABLE}
2020-06-28 10:43:43,289 [Listener at 127.0.0.1/10264] INFO  handler.ContextHandler (ContextHandler.java:doStart(825)) - Started o.e.j.s.ServletContextHandler@462e3606{static,/static,jar:file:/home/user/.m2/repository/org/apache/hadoop/hadoop-hdds-container-service/0.6.0-SNAPSHOT/hadoop-hdds-container-service-0.6.0-SNAPSHOT.jar!/webapps/static,AVAILABLE}
2020-06-28 10:43:43,303 [Listener at 127.0.0.1/10264] INFO  handler.ContextHandler (ContextHandler.java:doStart(825)) - Started o.e.j.w.WebAppContext@52021dee{hddsDatanode,/,file:///tmp/jetty-0_0_0_0-36619-hadoop-hdds-container-service-0_6_0-SNAPSHOT_jar-_-any-8496964352562978281.dir/webapp/,AVAILABLE}{jar:file:/home/user/.m2/repository/org/apache/hadoop/hadoop-hdds-container-service/0.6.0-SNAPSHOT/hadoop-hdds-container-service-0.6.0-SNAPSHOT.jar!/webapps/hddsDatanode}
2020-06-28 10:43:43,304 [Listener at 127.0.0.1/10264] INFO  server.AbstractConnector (AbstractConnector.java:doStart(330)) - Started ServerConnector@5327afc{HTTP/1.1,[http/1.1]}{0.0.0.0:36619}
2020-06-28 10:43:43,304 [Listener at 127.0.0.1/10264] INFO  server.Server (Server.java:doStart(399)) - Started @78669ms
2020-06-28 10:43:43,305 [Listener at 127.0.0.1/10264] WARN  impl.MetricsSystemImpl (MetricsSystemImpl.java:register(276)) - Sink prometheus already exists!
2020-06-28 10:43:43,308 [Listener at 127.0.0.1/10264] INFO  http.BaseHttpServer (BaseHttpServer.java:updateConnectorAddress(327)) - HTTP server of hddsDatanode listening at http://0.0.0.0:36619
2020-06-28 10:43:43,308 [Listener at 127.0.0.1/10264] INFO  impl.MetricsSystemImpl (MetricsSystemImpl.java:init(158)) - HddsDatanode metrics system started (again)
2020-06-28 10:43:43,310 [Listener at 127.0.0.1/10264] INFO  ozone.HddsDatanodeService (HddsDatanodeService.java:start(197)) - HddsDatanodeService host:720bba7d72d5 ip:172.17.0.2
2020-06-28 10:43:43,312 [Listener at 127.0.0.1/10264] INFO  volume.HddsVolume (HddsVolume.java:<init>(176)) - Creating Volume: /github/workspace/mnt/ozone/hadoop-ozone/integration-test/target/test-dir/MiniOzoneClusterImpl-70ff22f2-c74d-429a-be4f-7513cb1d4b7b/datanode-1/data-0/containers/hdds of storage type : DISK and capacity : 9223372036854775807
2020-06-28 10:43:43,312 [Listener at 127.0.0.1/10264] INFO  volume.MutableVolumeSet (MutableVolumeSet.java:initializeVolumeSet(181)) - Added Volume : /github/workspace/mnt/ozone/hadoop-ozone/integration-test/target/test-dir/MiniOzoneClusterImpl-70ff22f2-c74d-429a-be4f-7513cb1d4b7b/datanode-1/data-0/containers/hdds to VolumeSet
2020-06-28 10:43:43,313 [Listener at 127.0.0.1/10264] INFO  volume.ThrottledAsyncChecker (ThrottledAsyncChecker.java:schedule(141)) - Scheduling a check for /github/workspace/mnt/ozone/hadoop-ozone/integration-test/target/test-dir/MiniOzoneClusterImpl-70ff22f2-c74d-429a-be4f-7513cb1d4b7b/datanode-1/data-0/containers/hdds
2020-06-28 10:43:43,315 [Listener at 127.0.0.1/10264] INFO  volume.HddsVolumeChecker (HddsVolumeChecker.java:checkAllVolumes(200)) - Scheduled health check for volume /github/workspace/mnt/ozone/hadoop-ozone/integration-test/target/test-dir/MiniOzoneClusterImpl-70ff22f2-c74d-429a-be4f-7513cb1d4b7b/datanode-1/data-0/containers/hdds
2020-06-28 10:43:43,334 [org.apache.hadoop.util.JvmPauseMonitor$Monitor@387e26d0] INFO  util.JvmPauseMonitor (JvmPauseMonitor.java:run(188)) - Starting JVM pause monitor
2020-06-28 10:43:43,337 [Datanode State Machine Thread - 0] INFO  datanode.InitDatanodeState (InitDatanodeState.java:persistContainerDatanodeDetails(145)) - DatanodeDetails is persisted to /github/workspace/mnt/ozone/hadoop-ozone/integration-test/target/test-dir/MiniOzoneClusterImpl-70ff22f2-c74d-429a-be4f-7513cb1d4b7b/datanode-0/meta/datanode.id
2020-06-28 10:43:43,338 [Listener at 127.0.0.1/10264] INFO  impl.RaftServerProxy (ConfUtils.java:logGet(44)) - raft.rpc.type = GRPC (default)
2020-06-28 10:43:43,338 [Listener at 127.0.0.1/10264] INFO  grpc.GrpcFactory (GrpcFactory.java:checkPooledByteBufAllocatorUseCacheForAllThreads(45)) - PERFORMANCE WARNING: useCacheForAllThreads is true that may cause Netty to create a lot garbage objects and, as a result, trigger GC.
	It is recommended to disable useCacheForAllThreads by setting -Dorg.apache.ratis.thirdparty.io.netty.allocator.useCacheForAllThreads=false in command line.
2020-06-28 10:43:43,339 [Listener at 127.0.0.1/10264] INFO  grpc.GrpcConfigKeys (ConfUtils.java:logGet(44)) - raft.grpc.server.port = 0 (default)
2020-06-28 10:43:43,339 [Listener at 127.0.0.1/10264] INFO  server.GrpcService (ConfUtils.java:logGet(44)) - raft.grpc.message.size.max = 32MB (=33554432) (custom)
2020-06-28 10:43:43,339 [Listener at 127.0.0.1/10264] INFO  server.RaftServerConfigKeys (ConfUtils.java:logGet(44)) - raft.server.log.appender.buffer.byte-limit = 33554432 (custom)
2020-06-28 10:43:43,339 [Listener at 127.0.0.1/10264] INFO  server.GrpcService (ConfUtils.java:logGet(44)) - raft.grpc.flow.control.window = 5MB (=5242880) (custom)
2020-06-28 10:43:43,339 [Listener at 127.0.0.1/10264] INFO  server.RaftServerConfigKeys (ConfUtils.java:logGet(44)) - raft.server.rpc.request.timeout = 60s (custom)
2020-06-28 10:43:43,340 [Listener at 127.0.0.1/10264] INFO  server.RaftServerConfigKeys (ConfUtils.java:logGet(44)) - raft.server.storage.dir = [/github/workspace/mnt/ozone/hadoop-ozone/integration-test/target/test-dir/MiniOzoneClusterImpl-70ff22f2-c74d-429a-be4f-7513cb1d4b7b/datanode-1/data/ratis] (custom)
2020-06-28 10:43:43,343 [Listener at 127.0.0.1/10264] INFO  http.BaseHttpServer (BaseHttpServer.java:newHttpServer2BuilderForOzone(207)) - Starting Web-server for hddsDatanode at: http://0.0.0.0:0
2020-06-28 10:43:43,343 [Listener at 127.0.0.1/10264] INFO  http.BaseHttpServer (BaseHttpServer.java:<init>(106)) - Hadoop Security Enabled: false Ozone Security Enabled: false Ozone HTTP Security Enabled: false 
2020-06-28 10:43:43,344 [Listener at 127.0.0.1/10264] INFO  server.AuthenticationFilter (AuthenticationFilter.java:constructSecretProvider(240)) - Unable to initialize FileSignerSecretProvider, falling back to use random secrets.
2020-06-28 10:43:43,346 [Listener at 127.0.0.1/10264] WARN  http.HttpRequestLog (HttpRequestLog.java:getRequestLog(103)) - Jetty request log can only be enabled using Log4j
2020-06-28 10:43:43,347 [Listener at 127.0.0.1/10264] INFO  http.HttpServer2 (HttpServer2.java:addGlobalFilter(997)) - Added global filter 'safety' (class=org.apache.hadoop.hdds.server.http.HttpServer2$QuotingInputFilter)
2020-06-28 10:43:43,349 [Listener at 127.0.0.1/10264] INFO  http.HttpServer2 (HttpServer2.java:addFilter(973)) - Added filter static_user_filter (class=org.apache.hadoop.http.lib.StaticUserWebFilter$StaticUserFilter) to context hddsDatanode
2020-06-28 10:43:43,349 [Listener at 127.0.0.1/10264] INFO  http.HttpServer2 (HttpServer2.java:addFilter(981)) - Added filter static_user_filter (class=org.apache.hadoop.http.lib.StaticUserWebFilter$StaticUserFilter) to context logs
2020-06-28 10:43:43,349 [Listener at 127.0.0.1/10264] INFO  http.HttpServer2 (HttpServer2.java:addFilter(981)) - Added filter static_user_filter (class=org.apache.hadoop.http.lib.StaticUserWebFilter$StaticUserFilter) to context static
2020-06-28 10:43:43,350 [Listener at 127.0.0.1/10264] INFO  http.HttpServer2 (HttpServer2.java:bindListener(1215)) - Jetty bound to port 37229
2020-06-28 10:43:43,350 [Listener at 127.0.0.1/10264] INFO  server.Server (Server.java:doStart(359)) - jetty-9.4.26.v20200117; built: 2020-01-17T12:35:33.676Z; git: 7b38981d25d14afb4a12ff1f2596756144edf695; jvm 1.8.0_232-b09
2020-06-28 10:43:43,353 [Listener at 127.0.0.1/10264] INFO  server.session (DefaultSessionIdManager.java:doStart(333)) - DefaultSessionIdManager workerName=node0
2020-06-28 10:43:43,353 [Listener at 127.0.0.1/10264] INFO  server.session (DefaultSessionIdManager.java:doStart(338)) - No SessionScavenger set, using defaults
2020-06-28 10:43:43,354 [Listener at 127.0.0.1/10264] INFO  server.session (HouseKeeper.java:startScavenging(140)) - node0 Scavenging every 660000ms
2020-06-28 10:43:43,354 [Listener at 127.0.0.1/10264] INFO  handler.ContextHandler (ContextHandler.java:doStart(825)) - Started o.e.j.s.ServletContextHandler@7afcc1b6{logs,/logs,file:///github/workspace/mnt/ozone/hadoop-ozone/integration-test/target/log,AVAILABLE}
2020-06-28 10:43:43,354 [Listener at 127.0.0.1/10264] INFO  handler.ContextHandler (ContextHandler.java:doStart(825)) - Started o.e.j.s.ServletContextHandler@5b46f09c{static,/static,jar:file:/home/user/.m2/repository/org/apache/hadoop/hadoop-hdds-container-service/0.6.0-SNAPSHOT/hadoop-hdds-container-service-0.6.0-SNAPSHOT.jar!/webapps/static,AVAILABLE}
2020-06-28 10:43:43,369 [Listener at 127.0.0.1/10264] INFO  handler.ContextHandler (ContextHandler.java:doStart(825)) - Started o.e.j.w.WebAppContext@736ccf3a{hddsDatanode,/,file:///tmp/jetty-0_0_0_0-37229-hadoop-hdds-container-service-0_6_0-SNAPSHOT_jar-_-any-995640291330197671.dir/webapp/,AVAILABLE}{jar:file:/home/user/.m2/repository/org/apache/hadoop/hadoop-hdds-container-service/0.6.0-SNAPSHOT/hadoop-hdds-container-service-0.6.0-SNAPSHOT.jar!/webapps/hddsDatanode}
2020-06-28 10:43:43,370 [Listener at 127.0.0.1/10264] INFO  server.AbstractConnector (AbstractConnector.java:doStart(330)) - Started ServerConnector@7a333303{HTTP/1.1,[http/1.1]}{0.0.0.0:37229}
2020-06-28 10:43:43,370 [Listener at 127.0.0.1/10264] INFO  server.Server (Server.java:doStart(399)) - Started @78735ms
2020-06-28 10:43:43,370 [Listener at 127.0.0.1/10264] WARN  impl.MetricsSystemImpl (MetricsSystemImpl.java:register(276)) - Sink prometheus already exists!
2020-06-28 10:43:43,373 [Listener at 127.0.0.1/10264] INFO  http.BaseHttpServer (BaseHttpServer.java:updateConnectorAddress(327)) - HTTP server of hddsDatanode listening at http://0.0.0.0:37229
2020-06-28 10:43:43,374 [Listener at 127.0.0.1/10264] INFO  impl.MetricsSystemImpl (MetricsSystemImpl.java:init(158)) - HddsDatanode metrics system started (again)
2020-06-28 10:43:43,376 [Listener at 127.0.0.1/10264] INFO  ozone.HddsDatanodeService (HddsDatanodeService.java:start(197)) - HddsDatanodeService host:720bba7d72d5 ip:172.17.0.2
2020-06-28 10:43:43,377 [Listener at 127.0.0.1/10264] INFO  volume.HddsVolume (HddsVolume.java:<init>(176)) - Creating Volume: /github/workspace/mnt/ozone/hadoop-ozone/integration-test/target/test-dir/MiniOzoneClusterImpl-70ff22f2-c74d-429a-be4f-7513cb1d4b7b/datanode-2/data-0/containers/hdds of storage type : DISK and capacity : 9223372036854775807
2020-06-28 10:43:43,377 [Listener at 127.0.0.1/10264] INFO  volume.MutableVolumeSet (MutableVolumeSet.java:initializeVolumeSet(181)) - Added Volume : /github/workspace/mnt/ozone/hadoop-ozone/integration-test/target/test-dir/MiniOzoneClusterImpl-70ff22f2-c74d-429a-be4f-7513cb1d4b7b/datanode-2/data-0/containers/hdds to VolumeSet
2020-06-28 10:43:43,377 [Listener at 127.0.0.1/10264] INFO  volume.ThrottledAsyncChecker (ThrottledAsyncChecker.java:schedule(141)) - Scheduling a check for /github/workspace/mnt/ozone/hadoop-ozone/integration-test/target/test-dir/MiniOzoneClusterImpl-70ff22f2-c74d-429a-be4f-7513cb1d4b7b/datanode-2/data-0/containers/hdds
2020-06-28 10:43:43,379 [Listener at 127.0.0.1/10264] INFO  volume.HddsVolumeChecker (HddsVolumeChecker.java:checkAllVolumes(200)) - Scheduled health check for volume /github/workspace/mnt/ozone/hadoop-ozone/integration-test/target/test-dir/MiniOzoneClusterImpl-70ff22f2-c74d-429a-be4f-7513cb1d4b7b/datanode-2/data-0/containers/hdds
2020-06-28 10:43:43,398 [org.apache.hadoop.util.JvmPauseMonitor$Monitor@475be073] INFO  util.JvmPauseMonitor (JvmPauseMonitor.java:run(188)) - Starting JVM pause monitor
2020-06-28 10:43:43,399 [Datanode State Machine Thread - 0] INFO  datanode.InitDatanodeState (InitDatanodeState.java:persistContainerDatanodeDetails(145)) - DatanodeDetails is persisted to /github/workspace/mnt/ozone/hadoop-ozone/integration-test/target/test-dir/MiniOzoneClusterImpl-70ff22f2-c74d-429a-be4f-7513cb1d4b7b/datanode-1/meta/datanode.id
2020-06-28 10:43:43,401 [Listener at 127.0.0.1/10264] INFO  impl.RaftServerProxy (ConfUtils.java:logGet(44)) - raft.rpc.type = GRPC (default)
2020-06-28 10:43:43,401 [Listener at 127.0.0.1/10264] INFO  grpc.GrpcFactory (GrpcFactory.java:checkPooledByteBufAllocatorUseCacheForAllThreads(45)) - PERFORMANCE WARNING: useCacheForAllThreads is true that may cause Netty to create a lot garbage objects and, as a result, trigger GC.
	It is recommended to disable useCacheForAllThreads by setting -Dorg.apache.ratis.thirdparty.io.netty.allocator.useCacheForAllThreads=false in command line.
2020-06-28 10:43:43,401 [Listener at 127.0.0.1/10264] INFO  grpc.GrpcConfigKeys (ConfUtils.java:logGet(44)) - raft.grpc.server.port = 0 (default)
2020-06-28 10:43:43,401 [Listener at 127.0.0.1/10264] INFO  server.GrpcService (ConfUtils.java:logGet(44)) - raft.grpc.message.size.max = 32MB (=33554432) (custom)
2020-06-28 10:43:43,401 [Listener at 127.0.0.1/10264] INFO  server.RaftServerConfigKeys (ConfUtils.java:logGet(44)) - raft.server.log.appender.buffer.byte-limit = 33554432 (custom)
2020-06-28 10:43:43,401 [Listener at 127.0.0.1/10264] INFO  server.GrpcService (ConfUtils.java:logGet(44)) - raft.grpc.flow.control.window = 5MB (=5242880) (custom)
2020-06-28 10:43:43,401 [Listener at 127.0.0.1/10264] INFO  server.RaftServerConfigKeys (ConfUtils.java:logGet(44)) - raft.server.rpc.request.timeout = 60s (custom)
2020-06-28 10:43:43,402 [Listener at 127.0.0.1/10264] INFO  server.RaftServerConfigKeys (ConfUtils.java:logGet(44)) - raft.server.storage.dir = [/github/workspace/mnt/ozone/hadoop-ozone/integration-test/target/test-dir/MiniOzoneClusterImpl-70ff22f2-c74d-429a-be4f-7513cb1d4b7b/datanode-2/data/ratis] (custom)
2020-06-28 10:43:43,406 [Listener at 127.0.0.1/10264] INFO  http.BaseHttpServer (BaseHttpServer.java:newHttpServer2BuilderForOzone(207)) - Starting Web-server for hddsDatanode at: http://0.0.0.0:0
2020-06-28 10:43:43,406 [Listener at 127.0.0.1/10264] INFO  http.BaseHttpServer (BaseHttpServer.java:<init>(106)) - Hadoop Security Enabled: false Ozone Security Enabled: false Ozone HTTP Security Enabled: false 
2020-06-28 10:43:43,407 [Listener at 127.0.0.1/10264] INFO  server.AuthenticationFilter (AuthenticationFilter.java:constructSecretProvider(240)) - Unable to initialize FileSignerSecretProvider, falling back to use random secrets.
2020-06-28 10:43:43,407 [Listener at 127.0.0.1/10264] WARN  http.HttpRequestLog (HttpRequestLog.java:getRequestLog(103)) - Jetty request log can only be enabled using Log4j
2020-06-28 10:43:43,408 [Listener at 127.0.0.1/10264] INFO  http.HttpServer2 (HttpServer2.java:addGlobalFilter(997)) - Added global filter 'safety' (class=org.apache.hadoop.hdds.server.http.HttpServer2$QuotingInputFilter)
2020-06-28 10:43:43,408 [Listener at 127.0.0.1/10264] INFO  http.HttpServer2 (HttpServer2.java:addFilter(973)) - Added filter static_user_filter (class=org.apache.hadoop.http.lib.StaticUserWebFilter$StaticUserFilter) to context hddsDatanode
2020-06-28 10:43:43,408 [Listener at 127.0.0.1/10264] INFO  http.HttpServer2 (HttpServer2.java:addFilter(981)) - Added filter static_user_filter (class=org.apache.hadoop.http.lib.StaticUserWebFilter$StaticUserFilter) to context static
2020-06-28 10:43:43,408 [Listener at 127.0.0.1/10264] INFO  http.HttpServer2 (HttpServer2.java:addFilter(981)) - Added filter static_user_filter (class=org.apache.hadoop.http.lib.StaticUserWebFilter$StaticUserFilter) to context logs
2020-06-28 10:43:43,409 [Listener at 127.0.0.1/10264] INFO  http.HttpServer2 (HttpServer2.java:bindListener(1215)) - Jetty bound to port 38997
2020-06-28 10:43:43,409 [Listener at 127.0.0.1/10264] INFO  server.Server (Server.java:doStart(359)) - jetty-9.4.26.v20200117; built: 2020-01-17T12:35:33.676Z; git: 7b38981d25d14afb4a12ff1f2596756144edf695; jvm 1.8.0_232-b09
2020-06-28 10:43:43,411 [Listener at 127.0.0.1/10264] INFO  server.session (DefaultSessionIdManager.java:doStart(333)) - DefaultSessionIdManager workerName=node0
2020-06-28 10:43:43,411 [Listener at 127.0.0.1/10264] INFO  server.session (DefaultSessionIdManager.java:doStart(338)) - No SessionScavenger set, using defaults
2020-06-28 10:43:43,411 [Listener at 127.0.0.1/10264] INFO  server.session (HouseKeeper.java:startScavenging(140)) - node0 Scavenging every 600000ms
2020-06-28 10:43:43,411 [Listener at 127.0.0.1/10264] INFO  handler.ContextHandler (ContextHandler.java:doStart(825)) - Started o.e.j.s.ServletContextHandler@1851dcd6{logs,/logs,file:///github/workspace/mnt/ozone/hadoop-ozone/integration-test/target/log,AVAILABLE}
2020-06-28 10:43:43,412 [Listener at 127.0.0.1/10264] INFO  handler.ContextHandler (ContextHandler.java:doStart(825)) - Started o.e.j.s.ServletContextHandler@25a0a0f0{static,/static,jar:file:/home/user/.m2/repository/org/apache/hadoop/hadoop-hdds-container-service/0.6.0-SNAPSHOT/hadoop-hdds-container-service-0.6.0-SNAPSHOT.jar!/webapps/static,AVAILABLE}
2020-06-28 10:43:43,426 [Listener at 127.0.0.1/10264] INFO  handler.ContextHandler (ContextHandler.java:doStart(825)) - Started o.e.j.w.WebAppContext@25ea1df8{hddsDatanode,/,file:///tmp/jetty-0_0_0_0-38997-hadoop-hdds-container-service-0_6_0-SNAPSHOT_jar-_-any-743910317771586391.dir/webapp/,AVAILABLE}{jar:file:/home/user/.m2/repository/org/apache/hadoop/hadoop-hdds-container-service/0.6.0-SNAPSHOT/hadoop-hdds-container-service-0.6.0-SNAPSHOT.jar!/webapps/hddsDatanode}
2020-06-28 10:43:43,427 [Listener at 127.0.0.1/10264] INFO  server.AbstractConnector (AbstractConnector.java:doStart(330)) - Started ServerConnector@499af9ff{HTTP/1.1,[http/1.1]}{0.0.0.0:38997}
2020-06-28 10:43:43,427 [Listener at 127.0.0.1/10264] INFO  server.Server (Server.java:doStart(399)) - Started @78791ms
2020-06-28 10:43:43,427 [Listener at 127.0.0.1/10264] WARN  impl.MetricsSystemImpl (MetricsSystemImpl.java:register(276)) - Sink prometheus already exists!
2020-06-28 10:43:43,430 [Listener at 127.0.0.1/10264] INFO  http.BaseHttpServer (BaseHttpServer.java:updateConnectorAddress(327)) - HTTP server of hddsDatanode listening at http://0.0.0.0:38997
2020-06-28 10:43:43,430 [Listener at 127.0.0.1/10264] INFO  ozone.MiniOzoneClusterImpl (MiniOzoneClusterImpl.java:lambda$waitForClusterToBeReady$0(177)) - Waiting for nodes to be ready. Got 0 of 3 DN Heartbeats.
2020-06-28 10:43:43,430 [Listener at 127.0.0.1/10264] INFO  ozone.MiniOzoneClusterImpl (MiniOzoneClusterImpl.java:lambda$waitForClusterToBeReady$0(180)) - Waiting for cluster to exit safe mode
2020-06-28 10:43:43,438 [org.apache.hadoop.util.JvmPauseMonitor$Monitor@1a7f2788] INFO  util.JvmPauseMonitor (JvmPauseMonitor.java:run(188)) - Starting JVM pause monitor
2020-06-28 10:43:43,439 [Datanode State Machine Thread - 0] INFO  datanode.InitDatanodeState (InitDatanodeState.java:persistContainerDatanodeDetails(145)) - DatanodeDetails is persisted to /github/workspace/mnt/ozone/hadoop-ozone/integration-test/target/test-dir/MiniOzoneClusterImpl-70ff22f2-c74d-429a-be4f-7513cb1d4b7b/datanode-2/meta/datanode.id
2020-06-28 10:43:44,091 [Thread-1490] INFO  impl.FollowerState (FollowerState.java:run(108)) - omNode-1@group-523986131536-FollowerState: change to CANDIDATE, lastRpcTime:1149ms, electionTimeout:1148ms
2020-06-28 10:43:44,091 [Thread-1490] INFO  impl.RoleInfo (RoleInfo.java:shutdownFollowerState(121)) - omNode-1: shutdown FollowerState
2020-06-28 10:43:44,091 [Thread-1490] INFO  impl.RaftServerImpl (RaftServerImpl.java:setRole(175)) - omNode-1@group-523986131536: changes role from  FOLLOWER to CANDIDATE at term 0 for changeToCandidate
2020-06-28 10:43:44,091 [Thread-1490] INFO  impl.RoleInfo (RoleInfo.java:updateAndGet(143)) - omNode-1: start LeaderElection
2020-06-28 10:43:44,095 [omNode-1@group-523986131536-LeaderElection19] INFO  impl.LeaderElection (LeaderElection.java:askForVotes(206)) - omNode-1@group-523986131536-LeaderElection19: begin an election at term 1 for -1: [omNode-3:localhost:10268, omNode-1:localhost:10256, omNode-2:localhost:10262], old=null
2020-06-28 10:43:44,095 [omNode-1@group-523986131536-LeaderElection19] INFO  ratis.OzoneManagerStateMachine (OzoneManagerStateMachine.java:getLatestSnapshot(147)) - Latest Snapshot Info 0#-1
2020-06-28 10:43:44,104 [grpc-default-executor-0] DEBUG impl.RaftServerImpl (RaftServerImpl.java:requestVote(821)) - omNode-3@group-523986131536: receive requestVote(omNode-1, group-523986131536, 1, (t:0, i:~))
2020-06-28 10:43:44,104 [grpc-default-executor-0] INFO  impl.RaftServerImpl (RaftServerImpl.java:setRole(175)) - omNode-3@group-523986131536: changes role from  FOLLOWER to FOLLOWER at term 1 for recognizeCandidate:omNode-1
2020-06-28 10:43:44,104 [grpc-default-executor-0] INFO  impl.RoleInfo (RoleInfo.java:shutdownFollowerState(121)) - omNode-3: shutdown FollowerState
2020-06-28 10:43:44,104 [grpc-default-executor-0] INFO  impl.RoleInfo (RoleInfo.java:updateAndGet(143)) - omNode-3: start FollowerState
2020-06-28 10:43:44,104 [Thread-1568] INFO  impl.FollowerState (FollowerState.java:run(117)) - omNode-3@group-523986131536-FollowerState was interrupted: java.lang.InterruptedException: sleep interrupted
2020-06-28 10:43:44,105 [grpc-default-executor-1] DEBUG impl.RaftServerImpl (RaftServerImpl.java:requestVote(821)) - omNode-2@group-523986131536: receive requestVote(omNode-1, group-523986131536, 1, (t:0, i:~))
2020-06-28 10:43:44,105 [grpc-default-executor-1] INFO  impl.RaftServerImpl (RaftServerImpl.java:setRole(175)) - omNode-2@group-523986131536: changes role from  FOLLOWER to FOLLOWER at term 1 for recognizeCandidate:omNode-1
2020-06-28 10:43:44,105 [grpc-default-executor-1] INFO  impl.RoleInfo (RoleInfo.java:shutdownFollowerState(121)) - omNode-2: shutdown FollowerState
2020-06-28 10:43:44,106 [grpc-default-executor-0] INFO  ratis.OzoneManagerStateMachine (OzoneManagerStateMachine.java:getLatestSnapshot(147)) - Latest Snapshot Info 0#-1
2020-06-28 10:43:44,106 [Thread-1529] INFO  impl.FollowerState (FollowerState.java:run(117)) - omNode-2@group-523986131536-FollowerState was interrupted: java.lang.InterruptedException: sleep interrupted
2020-06-28 10:43:44,106 [grpc-default-executor-1] INFO  impl.RoleInfo (RoleInfo.java:updateAndGet(143)) - omNode-2: start FollowerState
2020-06-28 10:43:44,111 [grpc-default-executor-1] INFO  ratis.OzoneManagerStateMachine (OzoneManagerStateMachine.java:getLatestSnapshot(147)) - Latest Snapshot Info 0#-1
2020-06-28 10:43:44,112 [grpc-default-executor-0] DEBUG impl.RaftServerImpl (RaftServerImpl.java:requestVote(853)) - omNode-3@group-523986131536 replies to vote request: omNode-1<-omNode-3#0:OK-t1. Peer's state: omNode-3@group-523986131536:t1, leader=null, voted=omNode-1, raftlog=omNode-3@group-523986131536-SegmentedRaftLog:OPENED:c-1,f-1,i0, conf=-1: [omNode-3:localhost:10268, omNode-1:localhost:10256, omNode-2:localhost:10262], old=null
2020-06-28 10:43:44,112 [grpc-default-executor-1] DEBUG impl.RaftServerImpl (RaftServerImpl.java:requestVote(853)) - omNode-2@group-523986131536 replies to vote request: omNode-1<-omNode-2#0:OK-t1. Peer's state: omNode-2@group-523986131536:t1, leader=null, voted=omNode-1, raftlog=omNode-2@group-523986131536-SegmentedRaftLog:OPENED:c-1,f-1,i0, conf=-1: [omNode-3:localhost:10268, omNode-1:localhost:10256, omNode-2:localhost:10262], old=null
2020-06-28 10:43:44,115 [omNode-1@group-523986131536-LeaderElection19] INFO  impl.LeaderElection (LeaderElection.java:logAndReturn(61)) - omNode-1@group-523986131536-LeaderElection19: Election PASSED; received 1 response(s) [omNode-1<-omNode-2#0:OK-t1] and 0 exception(s); omNode-1@group-523986131536:t1, leader=null, voted=omNode-1, raftlog=omNode-1@group-523986131536-SegmentedRaftLog:OPENED:c-1,f-1,i0, conf=-1: [omNode-3:localhost:10268, omNode-1:localhost:10256, omNode-2:localhost:10262], old=null
2020-06-28 10:43:44,115 [omNode-1@group-523986131536-LeaderElection19] INFO  impl.RoleInfo (RoleInfo.java:shutdownLeaderElection(134)) - omNode-1: shutdown LeaderElection
2020-06-28 10:43:44,115 [omNode-1@group-523986131536-LeaderElection19] INFO  impl.RaftServerImpl (RaftServerImpl.java:setRole(175)) - omNode-1@group-523986131536: changes role from CANDIDATE to LEADER at term 1 for changeToLeader
2020-06-28 10:43:44,115 [omNode-1@group-523986131536-LeaderElection19] INFO  impl.RaftServerImpl (ServerState.java:setLeader(255)) - omNode-1@group-523986131536: change Leader from null to omNode-1 at term 1 for becomeLeader, leader elected after 1204ms
2020-06-28 10:43:44,115 [omNode-1@group-523986131536-LeaderElection19] INFO  server.RaftServerConfigKeys (ConfUtils.java:logGet(44)) - raft.server.staging.catchup.gap = 1000 (default)
2020-06-28 10:43:44,115 [omNode-1@group-523986131536-LeaderElection19] INFO  server.RaftServerConfigKeys (ConfUtils.java:logGet(44)) - raft.server.rpc.sleep.time = 25ms (default)
2020-06-28 10:43:44,115 [omNode-1@group-523986131536-LeaderElection19] INFO  metrics.RatisMetrics (RatisMetrics.java:lambda$create$0(36)) - Creating Metrics Registry : ratis.log_appender.omNode-1@group-523986131536
2020-06-28 10:43:44,115 [omNode-1@group-523986131536-LeaderElection19] INFO  server.RaftServerConfigKeys (ConfUtils.java:logGet(44)) - raft.server.write.element-limit = 4096 (default)
2020-06-28 10:43:44,115 [omNode-1@group-523986131536-LeaderElection19] INFO  server.RaftServerConfigKeys (ConfUtils.java:logGet(44)) - raft.server.write.byte-limit = 64MB (=67108864) (default)
2020-06-28 10:43:44,116 [omNode-1@group-523986131536-LeaderElection19] INFO  server.RaftServerConfigKeys (ConfUtils.java:logGet(44)) - raft.server.watch.timeout = 10s (default)
2020-06-28 10:43:44,116 [omNode-1@group-523986131536-LeaderElection19] INFO  server.RaftServerConfigKeys (ConfUtils.java:logGet(44)) - raft.server.watch.timeout.denomination = 1s (default)
2020-06-28 10:43:44,116 [omNode-1@group-523986131536-LeaderElection19] INFO  server.RaftServerConfigKeys (ConfUtils.java:logGet(44)) - raft.server.watch.element-limit = 65536 (default)
2020-06-28 10:43:44,116 [omNode-1@group-523986131536-LeaderElection19] INFO  server.RaftServerConfigKeys (ConfUtils.java:logGet(44)) - raft.server.log.appender.snapshot.chunk.size.max = 16MB (=16777216) (default)
2020-06-28 10:43:44,116 [omNode-1@group-523986131536-LeaderElection19] INFO  server.RaftServerConfigKeys (ConfUtils.java:logGet(44)) - raft.server.log.appender.buffer.byte-limit = 33554432 (custom)
2020-06-28 10:43:44,116 [omNode-1@group-523986131536-LeaderElection19] INFO  server.RaftServerConfigKeys (ConfUtils.java:logGet(44)) - raft.server.log.appender.buffer.element-limit = 1024 (custom)
2020-06-28 10:43:44,116 [omNode-1@group-523986131536-LeaderElection19] INFO  grpc.GrpcConfigKeys (ConfUtils.java:logGet(44)) - raft.grpc.server.leader.outstanding.appends.max = 128 (default)
2020-06-28 10:43:44,117 [omNode-1@group-523986131536-LeaderElection19] INFO  server.RaftServerConfigKeys (ConfUtils.java:logGet(44)) - raft.server.rpc.request.timeout = 3000ms (default)
2020-06-28 10:43:44,117 [omNode-1@group-523986131536-LeaderElection19] INFO  server.RaftServerConfigKeys (ConfUtils.java:logGet(44)) - raft.server.log.appender.install.snapshot.enabled = false (custom)
2020-06-28 10:43:44,117 [omNode-1@group-523986131536-LeaderElection19] INFO  metrics.RatisMetrics (RatisMetrics.java:lambda$create$0(36)) - Creating Metrics Registry : ratis_grpc.log_appender.omNode-1@group-523986131536
2020-06-28 10:43:44,118 [omNode-1@group-523986131536-LeaderElection19] INFO  server.RaftServerConfigKeys (ConfUtils.java:logGet(44)) - raft.server.log.appender.snapshot.chunk.size.max = 16MB (=16777216) (default)
2020-06-28 10:43:44,118 [omNode-1@group-523986131536-LeaderElection19] INFO  server.RaftServerConfigKeys (ConfUtils.java:logGet(44)) - raft.server.log.appender.buffer.byte-limit = 33554432 (custom)
2020-06-28 10:43:44,118 [omNode-1@group-523986131536-LeaderElection19] INFO  server.RaftServerConfigKeys (ConfUtils.java:logGet(44)) - raft.server.log.appender.buffer.element-limit = 1024 (custom)
2020-06-28 10:43:44,118 [omNode-1@group-523986131536-LeaderElection19] INFO  grpc.GrpcConfigKeys (ConfUtils.java:logGet(44)) - raft.grpc.server.leader.outstanding.appends.max = 128 (default)
2020-06-28 10:43:44,118 [omNode-1@group-523986131536-LeaderElection19] INFO  server.RaftServerConfigKeys (ConfUtils.java:logGet(44)) - raft.server.rpc.request.timeout = 3000ms (default)
2020-06-28 10:43:44,118 [omNode-1@group-523986131536-LeaderElection19] INFO  server.RaftServerConfigKeys (ConfUtils.java:logGet(44)) - raft.server.log.appender.install.snapshot.enabled = false (custom)
2020-06-28 10:43:44,119 [omNode-1@group-523986131536-LeaderElection19] INFO  impl.RoleInfo (RoleInfo.java:updateAndGet(143)) - omNode-1: start LeaderState
2020-06-28 10:43:44,119 [omNode-1@group-523986131536-LeaderElection19] INFO  segmented.SegmentedRaftLogWorker (SegmentedRaftLogWorker.java:startLogSegment(397)) - omNode-1@group-523986131536-SegmentedRaftLogWorker: Starting segment from index:0
2020-06-28 10:43:44,121 [omNode-1@group-523986131536-SegmentedRaftLogWorker] INFO  segmented.SegmentedRaftLogWorker (SegmentedRaftLogWorker.java:execute(596)) - omNode-1@group-523986131536-SegmentedRaftLogWorker: created new log segment /github/workspace/mnt/ozone/hadoop-ozone/integration-test/target/test-dir/MiniOzoneClusterImpl-70ff22f2-c74d-429a-be4f-7513cb1d4b7b/omNode-1/ratis/c9bc4cf4-3bc3-3c60-a66b-523986131536/current/log_inprogress_0
2020-06-28 10:43:44,121 [omNode-1@group-523986131536-LeaderElection19] INFO  impl.RaftServerImpl (ServerState.java:setRaftConf(356)) - omNode-1@group-523986131536: set configuration 0: [omNode-3:localhost:10268, omNode-1:localhost:10256, omNode-2:localhost:10262], old=null at 0
2020-06-28 10:43:44,135 [grpc-default-executor-1] INFO  impl.RaftServerImpl (ServerState.java:setLeader(255)) - omNode-3@group-523986131536: change Leader from null to omNode-1 at term 1 for appendEntries, leader elected after 928ms
2020-06-28 10:43:44,135 [grpc-default-executor-3] DEBUG impl.RaftServerImpl (RaftServerImpl.java:logAppendEntries(928)) - omNode-3@group-523986131536: receive appendEntries(omNode-1, 1, null, -1, false, commits[omNode-1:c-1, omNode-3:c-1, omNode-2:c-1], entries: (t:1, i:0), CONFIGURATIONENTRY
2020-06-28 10:43:44,136 [grpc-default-executor-3] INFO  ratis.OzoneManagerStateMachine (OzoneManagerStateMachine.java:getLatestSnapshot(147)) - Latest Snapshot Info 0#-1
2020-06-28 10:43:44,136 [grpc-default-executor-0] DEBUG server.GrpcLogAppender (GrpcLogAppender.java:onNext(257)) - omNode-1@group-523986131536->omNode-3-AppendLogResponseHandler: received the first reply omNode-1<-omNode-3#0:OK,SUCCESS,nextIndex:0,term:1,followerCommit:-1, request=AppendEntriesRequest:cid=0,entriesCount=0,lastEntry=null
2020-06-28 10:43:44,138 [grpc-default-executor-1] INFO  impl.RaftServerImpl (ServerState.java:setLeader(255)) - omNode-2@group-523986131536: change Leader from null to omNode-1 at term 1 for appendEntries, leader elected after 1075ms
2020-06-28 10:43:44,138 [grpc-default-executor-3] INFO  impl.RaftServerImpl (ServerState.java:setRaftConf(356)) - omNode-3@group-523986131536: set configuration 0: [omNode-3:localhost:10268, omNode-1:localhost:10256, omNode-2:localhost:10262], old=null at 0
2020-06-28 10:43:44,139 [grpc-default-executor-3] INFO  segmented.SegmentedRaftLogWorker (SegmentedRaftLogWorker.java:startLogSegment(397)) - omNode-3@group-523986131536-SegmentedRaftLogWorker: Starting segment from index:0
2020-06-28 10:43:44,140 [omNode-3@group-523986131536-SegmentedRaftLogWorker] INFO  segmented.SegmentedRaftLogWorker (SegmentedRaftLogWorker.java:execute(596)) - omNode-3@group-523986131536-SegmentedRaftLogWorker: created new log segment /github/workspace/mnt/ozone/hadoop-ozone/integration-test/target/test-dir/MiniOzoneClusterImpl-70ff22f2-c74d-429a-be4f-7513cb1d4b7b/omNode-3/ratis/c9bc4cf4-3bc3-3c60-a66b-523986131536/current/log_inprogress_0
2020-06-28 10:43:44,141 [grpc-default-executor-1] DEBUG server.GrpcLogAppender (GrpcLogAppender.java:onNext(257)) - omNode-1@group-523986131536->omNode-2-AppendLogResponseHandler: received the first reply omNode-1<-omNode-2#0:OK,SUCCESS,nextIndex:0,term:1,followerCommit:-1, request=AppendEntriesRequest:cid=0,entriesCount=0,lastEntry=null
2020-06-28 10:43:44,142 [grpc-default-executor-3] DEBUG impl.RaftServerImpl (RaftServerImpl.java:logAppendEntries(928)) - omNode-2@group-523986131536: receive appendEntries(omNode-1, 1, null, 0, false, commits[omNode-1:c0, omNode-3:c-1, omNode-2:c-1], entries: (t:1, i:0), CONFIGURATIONENTRY
2020-06-28 10:43:44,142 [grpc-default-executor-3] INFO  ratis.OzoneManagerStateMachine (OzoneManagerStateMachine.java:getLatestSnapshot(147)) - Latest Snapshot Info 0#-1
2020-06-28 10:43:44,142 [grpc-default-executor-3] INFO  impl.RaftServerImpl (ServerState.java:setRaftConf(356)) - omNode-2@group-523986131536: set configuration 0: [omNode-3:localhost:10268, omNode-1:localhost:10256, omNode-2:localhost:10262], old=null at 0
2020-06-28 10:43:44,143 [grpc-default-executor-3] INFO  segmented.SegmentedRaftLogWorker (SegmentedRaftLogWorker.java:startLogSegment(397)) - omNode-2@group-523986131536-SegmentedRaftLogWorker: Starting segment from index:0
2020-06-28 10:43:44,151 [Thread-1645] DEBUG impl.RaftServerImpl (RaftServerImpl.java:logAppendEntries(928)) - omNode-3@group-523986131536: succeeded to handle AppendEntries. Reply: omNode-1<-omNode-3#1:OK,SUCCESS,nextIndex:1,term:1,followerCommit:-1
2020-06-28 10:43:44,151 [grpc-default-executor-3] DEBUG server.GrpcLogAppender (GrpcLogAppender.java:onNext(257)) - omNode-1@group-523986131536->omNode-3-AppendLogResponseHandler: received a reply omNode-1<-omNode-3#1:OK,SUCCESS,nextIndex:1,term:1,followerCommit:-1, request=AppendEntriesRequest:cid=1,entriesCount=1,lastEntry=(t:1, i:0)
2020-06-28 10:43:44,152 [omNode-2@group-523986131536-SegmentedRaftLogWorker] INFO  segmented.SegmentedRaftLogWorker (SegmentedRaftLogWorker.java:execute(596)) - omNode-2@group-523986131536-SegmentedRaftLogWorker: created new log segment /github/workspace/mnt/ozone/hadoop-ozone/integration-test/target/test-dir/MiniOzoneClusterImpl-70ff22f2-c74d-429a-be4f-7513cb1d4b7b/omNode-2/ratis/c9bc4cf4-3bc3-3c60-a66b-523986131536/current/log_inprogress_0
2020-06-28 10:43:44,153 [Thread-1646] DEBUG impl.RaftServerImpl (RaftServerImpl.java:logAppendEntries(928)) - omNode-2@group-523986131536: succeeded to handle AppendEntries. Reply: omNode-1<-omNode-2#1:OK,SUCCESS,nextIndex:1,term:1,followerCommit:0
2020-06-28 10:43:44,154 [grpc-default-executor-3] DEBUG server.GrpcLogAppender (GrpcLogAppender.java:onNext(257)) - omNode-1@group-523986131536->omNode-2-AppendLogResponseHandler: received a reply omNode-1<-omNode-2#1:OK,SUCCESS,nextIndex:1,term:1,followerCommit:0, request=AppendEntriesRequest:cid=1,entriesCount=1,lastEntry=(t:1, i:0)
2020-06-28 10:43:44,431 [Listener at 127.0.0.1/10264] INFO  ozone.MiniOzoneClusterImpl (MiniOzoneClusterImpl.java:lambda$waitForClusterToBeReady$0(177)) - Waiting for nodes to be ready. Got 0 of 3 DN Heartbeats.
2020-06-28 10:43:44,431 [Listener at 127.0.0.1/10264] INFO  ozone.MiniOzoneClusterImpl (MiniOzoneClusterImpl.java:lambda$waitForClusterToBeReady$0(180)) - Waiting for cluster to exit safe mode
2020-06-28 10:43:44,652 [grpc-default-executor-3] INFO  ratis.OzoneManagerStateMachine (OzoneManagerStateMachine.java:getLatestSnapshot(147)) - Latest Snapshot Info 0#-1
2020-06-28 10:43:44,653 [grpc-default-executor-3] DEBUG server.GrpcLogAppender (GrpcLogAppender.java:onNext(257)) - omNode-1@group-523986131536->omNode-3-AppendLogResponseHandler: received a reply omNode-1<-omNode-3#2:OK,SUCCESS,nextIndex:1,term:1,followerCommit:0, request=AppendEntriesRequest:cid=2,entriesCount=0,lastEntry=null
2020-06-28 10:43:44,654 [grpc-default-executor-3] INFO  ratis.OzoneManagerStateMachine (OzoneManagerStateMachine.java:getLatestSnapshot(147)) - Latest Snapshot Info 0#-1
2020-06-28 10:43:44,655 [grpc-default-executor-3] DEBUG server.GrpcLogAppender (GrpcLogAppender.java:onNext(257)) - omNode-1@group-523986131536->omNode-2-AppendLogResponseHandler: received a reply omNode-1<-omNode-2#2:OK,SUCCESS,nextIndex:1,term:1,followerCommit:0, request=AppendEntriesRequest:cid=2,entriesCount=0,lastEntry=null
2020-06-28 10:43:45,154 [grpc-default-executor-3] INFO  ratis.OzoneManagerStateMachine (OzoneManagerStateMachine.java:getLatestSnapshot(147)) - Latest Snapshot Info 0#-1
2020-06-28 10:43:45,155 [grpc-default-executor-3] DEBUG server.GrpcLogAppender (GrpcLogAppender.java:onNext(257)) - omNode-1@group-523986131536->omNode-3-AppendLogResponseHandler: received a reply omNode-1<-omNode-3#3:OK,SUCCESS,nextIndex:1,term:1,followerCommit:0, request=AppendEntriesRequest:cid=3,entriesCount=0,lastEntry=null
2020-06-28 10:43:45,156 [grpc-default-executor-3] INFO  ratis.OzoneManagerStateMachine (OzoneManagerStateMachine.java:getLatestSnapshot(147)) - Latest Snapshot Info 0#-1
2020-06-28 10:43:45,157 [grpc-default-executor-3] DEBUG server.GrpcLogAppender (GrpcLogAppender.java:onNext(257)) - omNode-1@group-523986131536->omNode-2-AppendLogResponseHandler: received a reply omNode-1<-omNode-2#3:OK,SUCCESS,nextIndex:1,term:1,followerCommit:0, request=AppendEntriesRequest:cid=3,entriesCount=0,lastEntry=null
2020-06-28 10:43:45,338 [Datanode State Machine Thread - 0] INFO  ozoneimpl.OzoneContainer (OzoneContainer.java:start(232)) - Attempting to start container services.
2020-06-28 10:43:45,339 [Datanode State Machine Thread - 0] INFO  ozoneimpl.OzoneContainer (OzoneContainer.java:startContainerScrub(196)) - Background container scanner has been disabled.
2020-06-28 10:43:45,339 [Datanode State Machine Thread - 0] INFO  ratis.XceiverServerRatis (XceiverServerRatis.java:start(425)) - Starting XceiverServerRatis 8da610d4-c262-4b40-863f-7000a32f6a27 at port 0
2020-06-28 10:43:45,340 [Datanode State Machine Thread - 0] INFO  impl.RaftServerProxy (RaftServerProxy.java:lambda$start$3(304)) - 8da610d4-c262-4b40-863f-7000a32f6a27: start RPC server
2020-06-28 10:43:45,341 [Datanode State Machine Thread - 0] INFO  server.GrpcService (GrpcService.java:startImpl(160)) - 8da610d4-c262-4b40-863f-7000a32f6a27: GrpcService started, listening on 0.0.0.0/0.0.0.0:40217
2020-06-28 10:43:45,341 [Datanode State Machine Thread - 0] INFO  ratis.XceiverServerRatis (XceiverServerRatis.java:start(437)) - XceiverServerRatis 8da610d4-c262-4b40-863f-7000a32f6a27 is started using port 40217
2020-06-28 10:43:45,341 [Datanode State Machine Thread - 0] INFO  server.XceiverServerGrpc (XceiverServerGrpc.java:start(145)) - XceiverServerGrpc 8da610d4-c262-4b40-863f-7000a32f6a27 is started using port 33723
2020-06-28 10:43:45,401 [Datanode State Machine Thread - 0] INFO  ozoneimpl.OzoneContainer (OzoneContainer.java:start(232)) - Attempting to start container services.
2020-06-28 10:43:45,401 [Datanode State Machine Thread - 0] INFO  ozoneimpl.OzoneContainer (OzoneContainer.java:startContainerScrub(196)) - Background container scanner has been disabled.
2020-06-28 10:43:45,401 [Datanode State Machine Thread - 0] INFO  ratis.XceiverServerRatis (XceiverServerRatis.java:start(425)) - Starting XceiverServerRatis 25e14e54-dedc-49b5-a0d9-9290319fa0de at port 0
2020-06-28 10:43:45,402 [Datanode State Machine Thread - 0] INFO  impl.RaftServerProxy (RaftServerProxy.java:lambda$start$3(304)) - 25e14e54-dedc-49b5-a0d9-9290319fa0de: start RPC server
2020-06-28 10:43:45,402 [Datanode State Machine Thread - 0] INFO  server.GrpcService (GrpcService.java:startImpl(160)) - 25e14e54-dedc-49b5-a0d9-9290319fa0de: GrpcService started, listening on 0.0.0.0/0.0.0.0:45027
2020-06-28 10:43:45,402 [Datanode State Machine Thread - 0] INFO  ratis.XceiverServerRatis (XceiverServerRatis.java:start(437)) - XceiverServerRatis 25e14e54-dedc-49b5-a0d9-9290319fa0de is started using port 45027
2020-06-28 10:43:45,403 [Datanode State Machine Thread - 0] INFO  server.XceiverServerGrpc (XceiverServerGrpc.java:start(145)) - XceiverServerGrpc 25e14e54-dedc-49b5-a0d9-9290319fa0de is started using port 39659
2020-06-28 10:43:45,431 [Listener at 127.0.0.1/10264] INFO  ozone.MiniOzoneClusterImpl (MiniOzoneClusterImpl.java:lambda$waitForClusterToBeReady$0(177)) - Waiting for nodes to be ready. Got 0 of 3 DN Heartbeats.
2020-06-28 10:43:45,431 [Listener at 127.0.0.1/10264] INFO  ozone.MiniOzoneClusterImpl (MiniOzoneClusterImpl.java:lambda$waitForClusterToBeReady$0(180)) - Waiting for cluster to exit safe mode
2020-06-28 10:43:45,443 [Datanode State Machine Thread - 0] INFO  ozoneimpl.OzoneContainer (OzoneContainer.java:start(232)) - Attempting to start container services.
2020-06-28 10:43:45,443 [Datanode State Machine Thread - 0] INFO  ozoneimpl.OzoneContainer (OzoneContainer.java:startContainerScrub(196)) - Background container scanner has been disabled.
2020-06-28 10:43:45,443 [Datanode State Machine Thread - 0] INFO  ratis.XceiverServerRatis (XceiverServerRatis.java:start(425)) - Starting XceiverServerRatis 8ea79bce-3765-45eb-b2d3-535100c914cf at port 0
2020-06-28 10:43:45,444 [Datanode State Machine Thread - 0] INFO  impl.RaftServerProxy (RaftServerProxy.java:lambda$start$3(304)) - 8ea79bce-3765-45eb-b2d3-535100c914cf: start RPC server
2020-06-28 10:43:45,445 [Datanode State Machine Thread - 0] INFO  server.GrpcService (GrpcService.java:startImpl(160)) - 8ea79bce-3765-45eb-b2d3-535100c914cf: GrpcService started, listening on 0.0.0.0/0.0.0.0:34585
2020-06-28 10:43:45,445 [Datanode State Machine Thread - 0] INFO  ratis.XceiverServerRatis (XceiverServerRatis.java:start(437)) - XceiverServerRatis 8ea79bce-3765-45eb-b2d3-535100c914cf is started using port 34585
2020-06-28 10:43:45,446 [Datanode State Machine Thread - 0] INFO  server.XceiverServerGrpc (XceiverServerGrpc.java:start(145)) - XceiverServerGrpc 8ea79bce-3765-45eb-b2d3-535100c914cf is started using port 41161
2020-06-28 10:43:45,657 [grpc-default-executor-1] INFO  ratis.OzoneManagerStateMachine (OzoneManagerStateMachine.java:getLatestSnapshot(147)) - Latest Snapshot Info 0#-1
2020-06-28 10:43:45,657 [grpc-default-executor-3] INFO  ratis.OzoneManagerStateMachine (OzoneManagerStateMachine.java:getLatestSnapshot(147)) - Latest Snapshot Info 0#-1
2020-06-28 10:43:45,658 [grpc-default-executor-3] DEBUG server.GrpcLogAppender (GrpcLogAppender.java:onNext(257)) - omNode-1@group-523986131536->omNode-2-AppendLogResponseHandler: received a reply omNode-1<-omNode-2#4:OK,SUCCESS,nextIndex:1,term:1,followerCommit:0, request=AppendEntriesRequest:cid=4,entriesCount=0,lastEntry=null
2020-06-28 10:43:45,658 [grpc-default-executor-1] DEBUG server.GrpcLogAppender (GrpcLogAppender.java:onNext(257)) - omNode-1@group-523986131536->omNode-3-AppendLogResponseHandler: received a reply omNode-1<-omNode-3#4:OK,SUCCESS,nextIndex:1,term:1,followerCommit:0, request=AppendEntriesRequest:cid=4,entriesCount=0,lastEntry=null
2020-06-28 10:43:46,160 [grpc-default-executor-1] INFO  ratis.OzoneManagerStateMachine (OzoneManagerStateMachine.java:getLatestSnapshot(147)) - Latest Snapshot Info 0#-1
2020-06-28 10:43:46,160 [grpc-default-executor-3] INFO  ratis.OzoneManagerStateMachine (OzoneManagerStateMachine.java:getLatestSnapshot(147)) - Latest Snapshot Info 0#-1
2020-06-28 10:43:46,161 [grpc-default-executor-3] DEBUG server.GrpcLogAppender (GrpcLogAppender.java:onNext(257)) - omNode-1@group-523986131536->omNode-3-AppendLogResponseHandler: received a reply omNode-1<-omNode-3#5:OK,SUCCESS,nextIndex:1,term:1,followerCommit:0, request=AppendEntriesRequest:cid=5,entriesCount=0,lastEntry=null
2020-06-28 10:43:46,161 [grpc-default-executor-3] DEBUG server.GrpcLogAppender (GrpcLogAppender.java:onNext(257)) - omNode-1@group-523986131536->omNode-2-AppendLogResponseHandler: received a reply omNode-1<-omNode-2#5:OK,SUCCESS,nextIndex:1,term:1,followerCommit:0, request=AppendEntriesRequest:cid=5,entriesCount=0,lastEntry=null
2020-06-28 10:43:46,431 [Listener at 127.0.0.1/10264] INFO  ozone.MiniOzoneClusterImpl (MiniOzoneClusterImpl.java:lambda$waitForClusterToBeReady$0(177)) - Waiting for nodes to be ready. Got 0 of 3 DN Heartbeats.
2020-06-28 10:43:46,432 [Listener at 127.0.0.1/10264] INFO  ozone.MiniOzoneClusterImpl (MiniOzoneClusterImpl.java:lambda$waitForClusterToBeReady$0(180)) - Waiting for cluster to exit safe mode
2020-06-28 10:43:46,662 [grpc-default-executor-3] INFO  ratis.OzoneManagerStateMachine (OzoneManagerStateMachine.java:getLatestSnapshot(147)) - Latest Snapshot Info 0#-1
2020-06-28 10:43:46,662 [grpc-default-executor-1] INFO  ratis.OzoneManagerStateMachine (OzoneManagerStateMachine.java:getLatestSnapshot(147)) - Latest Snapshot Info 0#-1
2020-06-28 10:43:46,666 [grpc-default-executor-1] DEBUG server.GrpcLogAppender (GrpcLogAppender.java:onNext(257)) - omNode-1@group-523986131536->omNode-2-AppendLogResponseHandler: received a reply omNode-1<-omNode-2#6:OK,SUCCESS,nextIndex:1,term:1,followerCommit:0, request=AppendEntriesRequest:cid=6,entriesCount=0,lastEntry=null
2020-06-28 10:43:46,667 [grpc-default-executor-1] DEBUG server.GrpcLogAppender (GrpcLogAppender.java:onNext(257)) - omNode-1@group-523986131536->omNode-3-AppendLogResponseHandler: received a reply omNode-1<-omNode-3#6:OK,SUCCESS,nextIndex:1,term:1,followerCommit:0, request=AppendEntriesRequest:cid=6,entriesCount=0,lastEntry=null
2020-06-28 10:43:47,167 [grpc-default-executor-1] INFO  ratis.OzoneManagerStateMachine (OzoneManagerStateMachine.java:getLatestSnapshot(147)) - Latest Snapshot Info 0#-1
2020-06-28 10:43:47,168 [grpc-default-executor-1] DEBUG server.GrpcLogAppender (GrpcLogAppender.java:onNext(257)) - omNode-1@group-523986131536->omNode-2-AppendLogResponseHandler: received a reply omNode-1<-omNode-2#7:OK,SUCCESS,nextIndex:1,term:1,followerCommit:0, request=AppendEntriesRequest:cid=7,entriesCount=0,lastEntry=null
2020-06-28 10:43:47,168 [grpc-default-executor-3] INFO  ratis.OzoneManagerStateMachine (OzoneManagerStateMachine.java:getLatestSnapshot(147)) - Latest Snapshot Info 0#-1
2020-06-28 10:43:47,169 [grpc-default-executor-3] DEBUG server.GrpcLogAppender (GrpcLogAppender.java:onNext(257)) - omNode-1@group-523986131536->omNode-3-AppendLogResponseHandler: received a reply omNode-1<-omNode-3#7:OK,SUCCESS,nextIndex:1,term:1,followerCommit:0, request=AppendEntriesRequest:cid=7,entriesCount=0,lastEntry=null
2020-06-28 10:43:47,336 [IPC Server handler 0 on default port 40171] INFO  net.NetworkTopology (NetworkTopologyImpl.java:add(111)) - Added a new node: /default-rack/8da610d4-c262-4b40-863f-7000a32f6a27
2020-06-28 10:43:47,336 [IPC Server handler 0 on default port 40171] INFO  node.SCMNodeManager (SCMNodeManager.java:register(268)) - Registered Data node : 8da610d4-c262-4b40-863f-7000a32f6a27{ip: 172.17.0.2, host: 720bba7d72d5, networkLocation: /default-rack, certSerialId: null}
2020-06-28 10:43:47,336 [RatisPipelineUtilsThread] INFO  pipeline.RatisPipelineProvider (RatisPipelineProvider.java:lambda$create$0(138)) - Sending CreatePipelineCommand for pipeline:PipelineID=54d58908-cfa9-440a-b4a6-34b2af571221 to datanode:8da610d4-c262-4b40-863f-7000a32f6a27
2020-06-28 10:43:47,337 [EventQueue-NodeRegistrationContainerReportForContainerSafeModeRule] INFO  safemode.SCMSafeModeManager (SCMSafeModeManager.java:validateSafeModeExitRules(214)) - ContainerSafeModeRule rule is successfully validated
2020-06-28 10:43:47,337 [EventQueue-NodeRegistrationContainerReportForDataNodeSafeModeRule] INFO  safemode.SCMSafeModeManager (DataNodeSafeModeRule.java:process(71)) - SCM in safe mode. 1 DataNodes registered, 1 required.
2020-06-28 10:43:47,338 [EventQueue-NodeRegistrationContainerReportForDataNodeSafeModeRule] INFO  safemode.SCMSafeModeManager (SCMSafeModeManager.java:validateSafeModeExitRules(214)) - DataNodeSafeModeRule rule is successfully validated
2020-06-28 10:43:47,338 [EventQueue-NodeRegistrationContainerReportForDataNodeSafeModeRule] INFO  safemode.SCMSafeModeManager (SCMSafeModeManager.java:completePreCheck(242)) - All SCM safe mode pre check rules have passed
2020-06-28 10:43:47,339 [RatisPipelineUtilsThread] INFO  pipeline.PipelineStateManager (PipelineStateManager.java:addPipeline(54)) - Created pipeline Pipeline[ Id: 54d58908-cfa9-440a-b4a6-34b2af571221, Nodes: 8da610d4-c262-4b40-863f-7000a32f6a27{ip: 172.17.0.2, host: 720bba7d72d5, networkLocation: /default-rack, certSerialId: null}, Type:RATIS, Factor:ONE, State:ALLOCATED, leaderId:, CreationTimestamp2020-06-28T10:43:47.336Z]
2020-06-28 10:43:47,339 [RatisPipelineUtilsThread] ERROR pipeline.SCMPipelineManager (SCMPipelineManager.java:createPipeline(222)) - Failed to create pipeline of type RATIS and factor ONE. Exception: Cannot create pipeline of factor 1 using 0 nodes. Used 1 nodes. Healthy nodes 1
2020-06-28 10:43:47,339 [RatisPipelineUtilsThread] WARN  pipeline.PipelinePlacementPolicy (PipelinePlacementPolicy.java:filterViableNodes(133)) - Pipeline creation failed due to no sufficient healthy datanodes. Required 3. Found 1.
2020-06-28 10:43:47,339 [RatisPipelineUtilsThread] ERROR pipeline.SCMPipelineManager (SCMPipelineManager.java:createPipeline(222)) - Failed to create pipeline of type RATIS and factor THREE. Exception: Pipeline creation failed due to no sufficient healthy datanodes. Required 3. Found 1.
2020-06-28 10:43:47,400 [IPC Server handler 1 on default port 40171] INFO  net.NetworkTopology (NetworkTopologyImpl.java:add(111)) - Added a new node: /default-rack/25e14e54-dedc-49b5-a0d9-9290319fa0de
2020-06-28 10:43:47,400 [IPC Server handler 1 on default port 40171] INFO  node.SCMNodeManager (SCMNodeManager.java:register(268)) - Registered Data node : 25e14e54-dedc-49b5-a0d9-9290319fa0de{ip: 172.17.0.2, host: 720bba7d72d5, networkLocation: /default-rack, certSerialId: null}
2020-06-28 10:43:47,400 [RatisPipelineUtilsThread] INFO  pipeline.RatisPipelineProvider (RatisPipelineProvider.java:lambda$create$0(138)) - Sending CreatePipelineCommand for pipeline:PipelineID=3aae9f4f-b2c8-4f86-ad5b-4f34877857b4 to datanode:25e14e54-dedc-49b5-a0d9-9290319fa0de
2020-06-28 10:43:47,401 [RatisPipelineUtilsThread] INFO  pipeline.PipelineStateManager (PipelineStateManager.java:addPipeline(54)) - Created pipeline Pipeline[ Id: 3aae9f4f-b2c8-4f86-ad5b-4f34877857b4, Nodes: 25e14e54-dedc-49b5-a0d9-9290319fa0de{ip: 172.17.0.2, host: 720bba7d72d5, networkLocation: /default-rack, certSerialId: null}, Type:RATIS, Factor:ONE, State:ALLOCATED, leaderId:, CreationTimestamp2020-06-28T10:43:47.400Z]
2020-06-28 10:43:47,401 [EventQueue-NodeRegistrationContainerReportForDataNodeSafeModeRule] INFO  safemode.SCMSafeModeManager (SCMSafeModeManager.java:validateSafeModeExitRules(214)) - DataNodeSafeModeRule rule is successfully validated
2020-06-28 10:43:47,401 [EventQueue-NodeRegistrationContainerReportForContainerSafeModeRule] INFO  safemode.SCMSafeModeManager (SCMSafeModeManager.java:validateSafeModeExitRules(214)) - ContainerSafeModeRule rule is successfully validated
2020-06-28 10:43:47,401 [RatisPipelineUtilsThread] ERROR pipeline.SCMPipelineManager (SCMPipelineManager.java:createPipeline(222)) - Failed to create pipeline of type RATIS and factor ONE. Exception: Cannot create pipeline of factor 1 using 0 nodes. Used 2 nodes. Healthy nodes 2
2020-06-28 10:43:47,401 [RatisPipelineUtilsThread] WARN  pipeline.PipelinePlacementPolicy (PipelinePlacementPolicy.java:filterViableNodes(133)) - Pipeline creation failed due to no sufficient healthy datanodes. Required 3. Found 2.
2020-06-28 10:43:47,401 [RatisPipelineUtilsThread] ERROR pipeline.SCMPipelineManager (SCMPipelineManager.java:createPipeline(222)) - Failed to create pipeline of type RATIS and factor THREE. Exception: Pipeline creation failed due to no sufficient healthy datanodes. Required 3. Found 2.
2020-06-28 10:43:47,432 [Listener at 127.0.0.1/10264] INFO  ozone.MiniOzoneClusterImpl (MiniOzoneClusterImpl.java:lambda$waitForClusterToBeReady$0(177)) - Waiting for nodes to be ready. Got 2 of 3 DN Heartbeats.
2020-06-28 10:43:47,432 [Listener at 127.0.0.1/10264] INFO  ozone.MiniOzoneClusterImpl (MiniOzoneClusterImpl.java:lambda$waitForClusterToBeReady$0(180)) - Waiting for cluster to exit safe mode
2020-06-28 10:43:47,439 [IPC Server handler 2 on default port 40171] INFO  net.NetworkTopology (NetworkTopologyImpl.java:add(111)) - Added a new node: /default-rack/8ea79bce-3765-45eb-b2d3-535100c914cf
2020-06-28 10:43:47,439 [IPC Server handler 2 on default port 40171] INFO  node.SCMNodeManager (SCMNodeManager.java:register(268)) - Registered Data node : 8ea79bce-3765-45eb-b2d3-535100c914cf{ip: 172.17.0.2, host: 720bba7d72d5, networkLocation: /default-rack, certSerialId: null}
2020-06-28 10:43:47,439 [RatisPipelineUtilsThread] INFO  pipeline.RatisPipelineProvider (RatisPipelineProvider.java:lambda$create$0(138)) - Sending CreatePipelineCommand for pipeline:PipelineID=ced1d7a5-09da-44f5-a64d-f16d85f7e011 to datanode:8ea79bce-3765-45eb-b2d3-535100c914cf
2020-06-28 10:43:47,440 [EventQueue-NodeRegistrationContainerReportForDataNodeSafeModeRule] INFO  safemode.SCMSafeModeManager (SCMSafeModeManager.java:validateSafeModeExitRules(214)) - DataNodeSafeModeRule rule is successfully validated
2020-06-28 10:43:47,440 [RatisPipelineUtilsThread] INFO  pipeline.PipelineStateManager (PipelineStateManager.java:addPipeline(54)) - Created pipeline Pipeline[ Id: ced1d7a5-09da-44f5-a64d-f16d85f7e011, Nodes: 8ea79bce-3765-45eb-b2d3-535100c914cf{ip: 172.17.0.2, host: 720bba7d72d5, networkLocation: /default-rack, certSerialId: null}, Type:RATIS, Factor:ONE, State:ALLOCATED, leaderId:, CreationTimestamp2020-06-28T10:43:47.439Z]
2020-06-28 10:43:47,440 [RatisPipelineUtilsThread] ERROR pipeline.SCMPipelineManager (SCMPipelineManager.java:createPipeline(222)) - Failed to create pipeline of type RATIS and factor ONE. Exception: Cannot create pipeline of factor 1 using 0 nodes. Used 3 nodes. Healthy nodes 3
2020-06-28 10:43:47,440 [RatisPipelineUtilsThread] INFO  pipeline.RatisPipelineProvider (RatisPipelineProvider.java:lambda$create$0(138)) - Sending CreatePipelineCommand for pipeline:PipelineID=bdfe4f9d-1ccc-4f14-805a-934e6379bbc7 to datanode:8ea79bce-3765-45eb-b2d3-535100c914cf
2020-06-28 10:43:47,440 [RatisPipelineUtilsThread] INFO  pipeline.RatisPipelineProvider (RatisPipelineProvider.java:lambda$create$0(138)) - Sending CreatePipelineCommand for pipeline:PipelineID=bdfe4f9d-1ccc-4f14-805a-934e6379bbc7 to datanode:25e14e54-dedc-49b5-a0d9-9290319fa0de
2020-06-28 10:43:47,440 [RatisPipelineUtilsThread] INFO  pipeline.RatisPipelineProvider (RatisPipelineProvider.java:lambda$create$0(138)) - Sending CreatePipelineCommand for pipeline:PipelineID=bdfe4f9d-1ccc-4f14-805a-934e6379bbc7 to datanode:8da610d4-c262-4b40-863f-7000a32f6a27
2020-06-28 10:43:47,441 [RatisPipelineUtilsThread] INFO  pipeline.PipelineStateManager (PipelineStateManager.java:addPipeline(54)) - Created pipeline Pipeline[ Id: bdfe4f9d-1ccc-4f14-805a-934e6379bbc7, Nodes: 8ea79bce-3765-45eb-b2d3-535100c914cf{ip: 172.17.0.2, host: 720bba7d72d5, networkLocation: /default-rack, certSerialId: null}25e14e54-dedc-49b5-a0d9-9290319fa0de{ip: 172.17.0.2, host: 720bba7d72d5, networkLocation: /default-rack, certSerialId: null}8da610d4-c262-4b40-863f-7000a32f6a27{ip: 172.17.0.2, host: 720bba7d72d5, networkLocation: /default-rack, certSerialId: null}, Type:RATIS, Factor:THREE, State:ALLOCATED, leaderId:, CreationTimestamp2020-06-28T10:43:47.440Z]
2020-06-28 10:43:47,441 [RatisPipelineUtilsThread] ERROR pipeline.SCMPipelineManager (SCMPipelineManager.java:createPipeline(222)) - Failed to create pipeline of type RATIS and factor THREE. Exception: Pipeline creation failed because nodes are engaged in other pipelines and every node can only be engaged in max 2 pipelines. Required 3. Found 0
2020-06-28 10:43:47,441 [EventQueue-NodeRegistrationContainerReportForContainerSafeModeRule] INFO  safemode.SCMSafeModeManager (SCMSafeModeManager.java:validateSafeModeExitRules(214)) - ContainerSafeModeRule rule is successfully validated
2020-06-28 10:43:47,669 [grpc-default-executor-3] INFO  ratis.OzoneManagerStateMachine (OzoneManagerStateMachine.java:getLatestSnapshot(147)) - Latest Snapshot Info 0#-1
2020-06-28 10:43:47,669 [grpc-default-executor-1] INFO  ratis.OzoneManagerStateMachine (OzoneManagerStateMachine.java:getLatestSnapshot(147)) - Latest Snapshot Info 0#-1
2020-06-28 10:43:47,670 [grpc-default-executor-1] DEBUG server.GrpcLogAppender (GrpcLogAppender.java:onNext(257)) - omNode-1@group-523986131536->omNode-3-AppendLogResponseHandler: received a reply omNode-1<-omNode-3#8:OK,SUCCESS,nextIndex:1,term:1,followerCommit:0, request=AppendEntriesRequest:cid=8,entriesCount=0,lastEntry=null
2020-06-28 10:43:47,671 [grpc-default-executor-1] DEBUG server.GrpcLogAppender (GrpcLogAppender.java:onNext(257)) - omNode-1@group-523986131536->omNode-2-AppendLogResponseHandler: received a reply omNode-1<-omNode-2#8:OK,SUCCESS,nextIndex:1,term:1,followerCommit:0, request=AppendEntriesRequest:cid=8,entriesCount=0,lastEntry=null
2020-06-28 10:43:48,172 [grpc-default-executor-1] INFO  ratis.OzoneManagerStateMachine (OzoneManagerStateMachine.java:getLatestSnapshot(147)) - Latest Snapshot Info 0#-1
2020-06-28 10:43:48,172 [grpc-default-executor-1] INFO  ratis.OzoneManagerStateMachine (OzoneManagerStateMachine.java:getLatestSnapshot(147)) - Latest Snapshot Info 0#-1
2020-06-28 10:43:48,173 [grpc-default-executor-1] DEBUG server.GrpcLogAppender (GrpcLogAppender.java:onNext(257)) - omNode-1@group-523986131536->omNode-3-AppendLogResponseHandler: received a reply omNode-1<-omNode-3#9:OK,SUCCESS,nextIndex:1,term:1,followerCommit:0, request=AppendEntriesRequest:cid=9,entriesCount=0,lastEntry=null
2020-06-28 10:43:48,173 [grpc-default-executor-3] DEBUG server.GrpcLogAppender (GrpcLogAppender.java:onNext(257)) - omNode-1@group-523986131536->omNode-2-AppendLogResponseHandler: received a reply omNode-1<-omNode-2#9:OK,SUCCESS,nextIndex:1,term:1,followerCommit:0, request=AppendEntriesRequest:cid=9,entriesCount=0,lastEntry=null
2020-06-28 10:43:48,432 [Listener at 127.0.0.1/10264] INFO  ozone.MiniOzoneClusterImpl (MiniOzoneClusterImpl.java:lambda$waitForClusterToBeReady$0(177)) - Nodes are ready. Got 3 of 3 DN Heartbeats.
2020-06-28 10:43:48,432 [Listener at 127.0.0.1/10264] INFO  ozone.MiniOzoneClusterImpl (MiniOzoneClusterImpl.java:lambda$waitForClusterToBeReady$0(180)) - Waiting for cluster to exit safe mode
2020-06-28 10:43:48,674 [grpc-default-executor-1] INFO  ratis.OzoneManagerStateMachine (OzoneManagerStateMachine.java:getLatestSnapshot(147)) - Latest Snapshot Info 0#-1
2020-06-28 10:43:48,675 [grpc-default-executor-3] INFO  ratis.OzoneManagerStateMachine (OzoneManagerStateMachine.java:getLatestSnapshot(147)) - Latest Snapshot Info 0#-1
2020-06-28 10:43:48,675 [grpc-default-executor-1] DEBUG server.GrpcLogAppender (GrpcLogAppender.java:onNext(257)) - omNode-1@group-523986131536->omNode-3-AppendLogResponseHandler: received a reply omNode-1<-omNode-3#10:OK,SUCCESS,nextIndex:1,term:1,followerCommit:0, request=AppendEntriesRequest:cid=10,entriesCount=0,lastEntry=null
2020-06-28 10:43:48,676 [grpc-default-executor-3] DEBUG server.GrpcLogAppender (GrpcLogAppender.java:onNext(257)) - omNode-1@group-523986131536->omNode-2-AppendLogResponseHandler: received a reply omNode-1<-omNode-2#10:OK,SUCCESS,nextIndex:1,term:1,followerCommit:0, request=AppendEntriesRequest:cid=10,entriesCount=0,lastEntry=null
2020-06-28 10:43:49,176 [grpc-default-executor-3] INFO  ratis.OzoneManagerStateMachine (OzoneManagerStateMachine.java:getLatestSnapshot(147)) - Latest Snapshot Info 0#-1
2020-06-28 10:43:49,177 [grpc-default-executor-3] INFO  ratis.OzoneManagerStateMachine (OzoneManagerStateMachine.java:getLatestSnapshot(147)) - Latest Snapshot Info 0#-1
2020-06-28 10:43:49,178 [grpc-default-executor-3] DEBUG server.GrpcLogAppender (GrpcLogAppender.java:onNext(257)) - omNode-1@group-523986131536->omNode-3-AppendLogResponseHandler: received a reply omNode-1<-omNode-3#11:OK,SUCCESS,nextIndex:1,term:1,followerCommit:0, request=AppendEntriesRequest:cid=11,entriesCount=0,lastEntry=null
2020-06-28 10:43:49,178 [grpc-default-executor-1] DEBUG server.GrpcLogAppender (GrpcLogAppender.java:onNext(257)) - omNode-1@group-523986131536->omNode-2-AppendLogResponseHandler: received a reply omNode-1<-omNode-2#11:OK,SUCCESS,nextIndex:1,term:1,followerCommit:0, request=AppendEntriesRequest:cid=11,entriesCount=0,lastEntry=null
2020-06-28 10:43:49,432 [Listener at 127.0.0.1/10264] INFO  ozone.MiniOzoneClusterImpl (MiniOzoneClusterImpl.java:lambda$waitForClusterToBeReady$0(177)) - Nodes are ready. Got 3 of 3 DN Heartbeats.
2020-06-28 10:43:49,433 [Listener at 127.0.0.1/10264] INFO  ozone.MiniOzoneClusterImpl (MiniOzoneClusterImpl.java:lambda$waitForClusterToBeReady$0(180)) - Waiting for cluster to exit safe mode
2020-06-28 10:43:49,679 [grpc-default-executor-3] INFO  ratis.OzoneManagerStateMachine (OzoneManagerStateMachine.java:getLatestSnapshot(147)) - Latest Snapshot Info 0#-1
2020-06-28 10:43:49,679 [grpc-default-executor-1] INFO  ratis.OzoneManagerStateMachine (OzoneManagerStateMachine.java:getLatestSnapshot(147)) - Latest Snapshot Info 0#-1
2020-06-28 10:43:49,681 [grpc-default-executor-3] DEBUG server.GrpcLogAppender (GrpcLogAppender.java:onNext(257)) - omNode-1@group-523986131536->omNode-3-AppendLogResponseHandler: received a reply omNode-1<-omNode-3#12:OK,SUCCESS,nextIndex:1,term:1,followerCommit:0, request=AppendEntriesRequest:cid=12,entriesCount=0,lastEntry=null
2020-06-28 10:43:49,684 [grpc-default-executor-1] DEBUG server.GrpcLogAppender (GrpcLogAppender.java:onNext(257)) - omNode-1@group-523986131536->omNode-2-AppendLogResponseHandler: received a reply omNode-1<-omNode-2#12:OK,SUCCESS,nextIndex:1,term:1,followerCommit:0, request=AppendEntriesRequest:cid=12,entriesCount=0,lastEntry=null
2020-06-28 10:43:50,182 [grpc-default-executor-1] INFO  ratis.OzoneManagerStateMachine (OzoneManagerStateMachine.java:getLatestSnapshot(147)) - Latest Snapshot Info 0#-1
2020-06-28 10:43:50,183 [grpc-default-executor-1] DEBUG server.GrpcLogAppender (GrpcLogAppender.java:onNext(257)) - omNode-1@group-523986131536->omNode-3-AppendLogResponseHandler: received a reply omNode-1<-omNode-3#13:OK,SUCCESS,nextIndex:1,term:1,followerCommit:0, request=AppendEntriesRequest:cid=13,entriesCount=0,lastEntry=null
2020-06-28 10:43:50,184 [grpc-default-executor-1] INFO  ratis.OzoneManagerStateMachine (OzoneManagerStateMachine.java:getLatestSnapshot(147)) - Latest Snapshot Info 0#-1
2020-06-28 10:43:50,185 [grpc-default-executor-1] DEBUG server.GrpcLogAppender (GrpcLogAppender.java:onNext(257)) - omNode-1@group-523986131536->omNode-2-AppendLogResponseHandler: received a reply omNode-1<-omNode-2#13:OK,SUCCESS,nextIndex:1,term:1,followerCommit:0, request=AppendEntriesRequest:cid=13,entriesCount=0,lastEntry=null
2020-06-28 10:43:50,335 [Command processor thread] INFO  impl.RaftServerProxy (RaftServerProxy.java:addNew(89)) - 8da610d4-c262-4b40-863f-7000a32f6a27: addNew group-34B2AF571221:[8da610d4-c262-4b40-863f-7000a32f6a27:172.17.0.2:40217] returns group-34B2AF571221:java.util.concurrent.CompletableFuture@4afd7534[Not completed]
2020-06-28 10:43:50,339 [pool-403-thread-1] INFO  impl.RaftServerImpl (RaftServerImpl.java:<init>(99)) - 8da610d4-c262-4b40-863f-7000a32f6a27: new RaftServerImpl for group-34B2AF571221:[8da610d4-c262-4b40-863f-7000a32f6a27:172.17.0.2:40217] with ContainerStateMachine:uninitialized
2020-06-28 10:43:50,339 [pool-403-thread-1] INFO  server.RaftServerConfigKeys (ConfUtils.java:logGet(44)) - raft.server.rpc.timeout.min = 5s (custom)
2020-06-28 10:43:50,339 [pool-403-thread-1] INFO  server.RaftServerConfigKeys (ConfUtils.java:logGet(44)) - raft.server.rpc.timeout.max = 5200ms (custom)
2020-06-28 10:43:50,339 [pool-403-thread-1] INFO  server.RaftServerConfigKeys (ConfUtils.java:logGet(44)) - raft.server.rpcslowness.timeout = 300s (custom)
2020-06-28 10:43:50,339 [pool-403-thread-1] INFO  server.RaftServerConfigKeys (ConfUtils.java:logGet(44)) - raft.server.sleep.deviation.threshold = 300 (default)
2020-06-28 10:43:50,339 [pool-403-thread-1] INFO  server.RaftServerConfigKeys (ConfUtils.java:logGet(44)) - raft.server.log.appender.install.snapshot.enabled = false (custom)
2020-06-28 10:43:50,340 [pool-403-thread-1] INFO  impl.RaftServerImpl (ServerState.java:<init>(103)) - 8da610d4-c262-4b40-863f-7000a32f6a27@group-34B2AF571221: ConfigurationManager, init=-1: [8da610d4-c262-4b40-863f-7000a32f6a27:172.17.0.2:40217], old=null, confs=<EMPTY_MAP>
2020-06-28 10:43:50,340 [pool-403-thread-1] INFO  server.RaftServerConfigKeys (ConfUtils.java:logGet(44)) - raft.server.storage.dir = [/github/workspace/mnt/ozone/hadoop-ozone/integration-test/target/test-dir/MiniOzoneClusterImpl-70ff22f2-c74d-429a-be4f-7513cb1d4b7b/datanode-0/data/ratis] (custom)
2020-06-28 10:43:50,340 [pool-403-thread-1] INFO  server.RaftServerConfigKeys (ConfUtils.java:logGet(44)) - raft.server.log.corruption.policy = EXCEPTION (default)
2020-06-28 10:43:50,340 [pool-403-thread-1] INFO  storage.RaftStorageDirectory (RaftStorageDirectory.java:analyzeStorage(261)) - The storage directory /github/workspace/mnt/ozone/hadoop-ozone/integration-test/target/test-dir/MiniOzoneClusterImpl-70ff22f2-c74d-429a-be4f-7513cb1d4b7b/datanode-0/data/ratis/54d58908-cfa9-440a-b4a6-34b2af571221 does not exist. Creating ...
2020-06-28 10:43:50,341 [pool-403-thread-1] INFO  storage.RaftStorageDirectory (RaftStorageDirectory.java:tryLock(343)) - Lock on /github/workspace/mnt/ozone/hadoop-ozone/integration-test/target/test-dir/MiniOzoneClusterImpl-70ff22f2-c74d-429a-be4f-7513cb1d4b7b/datanode-0/data/ratis/54d58908-cfa9-440a-b4a6-34b2af571221/in_use.lock acquired by nodename 22100@720bba7d72d5
2020-06-28 10:43:50,343 [pool-403-thread-1] INFO  storage.RaftStorage (RaftStorage.java:format(84)) - Storage directory /github/workspace/mnt/ozone/hadoop-ozone/integration-test/target/test-dir/MiniOzoneClusterImpl-70ff22f2-c74d-429a-be4f-7513cb1d4b7b/datanode-0/data/ratis/54d58908-cfa9-440a-b4a6-34b2af571221 has been successfully formatted.
2020-06-28 10:43:50,343 [pool-403-thread-1] INFO  ratis.ContainerStateMachine (ContainerStateMachine.java:loadSnapshot(226)) - group-34B2AF571221: The snapshot info is null. Setting the last applied indexto:(t:0, i:~)
2020-06-28 10:43:50,343 [pool-403-thread-1] INFO  server.RaftServerConfigKeys (ConfUtils.java:logGet(44)) - raft.server.notification.no-leader.timeout = 60s (default)
2020-06-28 10:43:50,344 [pool-403-thread-1] INFO  server.RaftServerConfigKeys (ConfUtils.java:logGet(44)) - raft.server.log.use.memory = false (default)
2020-06-28 10:43:50,344 [EventQueue-PipelineReportForPipelineReportHandler] INFO  pipeline.PipelineStateManager (PipelineStateManager.java:openPipeline(131)) - Pipeline Pipeline[ Id: 54d58908-cfa9-440a-b4a6-34b2af571221, Nodes: 8da610d4-c262-4b40-863f-7000a32f6a27{ip: 172.17.0.2, host: 720bba7d72d5, networkLocation: /default-rack, certSerialId: null}, Type:RATIS, Factor:ONE, State:ALLOCATED, leaderId:8da610d4-c262-4b40-863f-7000a32f6a27, CreationTimestamp2020-06-28T10:43:47.336Z] moved to OPEN state
2020-06-28 10:43:50,346 [EventQueue-OpenPipelineForHealthyPipelineSafeModeRule] INFO  safemode.SCMSafeModeManager (HealthyPipelineSafeModeRule.java:process(129)) - SCM in safe mode. Healthy pipelines reported count is 0, required healthy pipeline reported count is 1
2020-06-28 10:43:50,347 [pool-403-thread-1] INFO  server.RaftServerConfigKeys (ConfUtils.java:logGet(44)) - raft.server.log.purge.gap = 1000000 (custom)
2020-06-28 10:43:50,347 [pool-403-thread-1] INFO  server.RaftServerConfigKeys (ConfUtils.java:logGet(44)) - raft.server.log.appender.buffer.byte-limit = 33554432 (custom)
2020-06-28 10:43:50,347 [pool-403-thread-1] INFO  server.RaftServerConfigKeys (ConfUtils.java:logGet(44)) - raft.server.log.segment.size.max = 1048576 (custom)
2020-06-28 10:43:50,347 [pool-403-thread-1] INFO  metrics.RatisMetrics (RatisMetrics.java:lambda$create$0(36)) - Creating Metrics Registry : ratis.log_worker.8da610d4-c262-4b40-863f-7000a32f6a27@group-34B2AF571221
2020-06-28 10:43:50,347 [pool-403-thread-1] INFO  server.RaftServerConfigKeys (ConfUtils.java:logGet(44)) - raft.server.log.segment.cache.num.max = 2 (custom)
2020-06-28 10:43:50,347 [pool-403-thread-1] INFO  segmented.SegmentedRaftLogWorker (SegmentedRaftLogWorker.java:<init>(180)) - new 8da610d4-c262-4b40-863f-7000a32f6a27@group-34B2AF571221-SegmentedRaftLogWorker for RaftStorage:Storage Directory /github/workspace/mnt/ozone/hadoop-ozone/integration-test/target/test-dir/MiniOzoneClusterImpl-70ff22f2-c74d-429a-be4f-7513cb1d4b7b/datanode-0/data/ratis/54d58908-cfa9-440a-b4a6-34b2af571221
2020-06-28 10:43:50,347 [pool-403-thread-1] INFO  server.RaftServerConfigKeys (ConfUtils.java:logGet(44)) - raft.server.log.queue.byte-limit = 2147483647 (custom)
2020-06-28 10:43:50,347 [pool-403-thread-1] INFO  server.RaftServerConfigKeys (ConfUtils.java:logGet(44)) - raft.server.log.queue.element-limit = 1024 (custom)
2020-06-28 10:43:50,347 [pool-403-thread-1] INFO  server.RaftServerConfigKeys (ConfUtils.java:logGet(44)) - raft.server.log.segment.size.max = 1048576 (custom)
2020-06-28 10:43:50,347 [pool-403-thread-1] INFO  server.RaftServerConfigKeys (ConfUtils.java:logGet(44)) - raft.server.log.preallocated.size = 16384 (custom)
2020-06-28 10:43:50,347 [pool-403-thread-1] INFO  server.RaftServerConfigKeys (ConfUtils.java:logGet(44)) - raft.server.log.write.buffer.size = 1048576 (custom)
2020-06-28 10:43:50,348 [pool-403-thread-1] INFO  server.RaftServerConfigKeys (ConfUtils.java:logGet(44)) - raft.server.log.force.sync.num = 128 (default)
2020-06-28 10:43:50,348 [pool-403-thread-1] INFO  server.RaftServerConfigKeys (ConfUtils.java:logGet(44)) - raft.server.log.statemachine.data.sync = true (default)
2020-06-28 10:43:50,348 [pool-403-thread-1] INFO  server.RaftServerConfigKeys (ConfUtils.java:logGet(44)) - raft.server.log.statemachine.data.sync.timeout = 10s (default)
2020-06-28 10:43:50,348 [pool-403-thread-1] INFO  server.RaftServerConfigKeys (ConfUtils.java:logGet(44)) - raft.server.log.statemachine.data.sync.timeout.retry = -1 (default)
2020-06-28 10:43:50,349 [pool-403-thread-1] INFO  server.RaftServerConfigKeys (ConfUtils.java:logGet(44)) - raft.server.log.statemachine.data.caching.enabled = true (custom)
2020-06-28 10:43:50,349 [pool-403-thread-1] INFO  segmented.SegmentedRaftLogWorker (SegmentedRaftLogWorker.java:lambda$new$0(129)) - 8da610d4-c262-4b40-863f-7000a32f6a27@group-34B2AF571221-SegmentedRaftLogWorker: flushIndex: setUnconditionally 0 -> -1
2020-06-28 10:43:50,349 [pool-403-thread-1] INFO  segmented.SegmentedRaftLogWorker (SegmentedRaftLogWorker.java:lambda$new$0(129)) - 8da610d4-c262-4b40-863f-7000a32f6a27@group-34B2AF571221-SegmentedRaftLogWorker: safeCacheEvictIndex: setUnconditionally 0 -> -1
2020-06-28 10:43:50,349 [EventQueue-OpenPipelineForOneReplicaPipelineSafeModeRule] INFO  safemode.SCMSafeModeManager (SCMSafeModeManager.java:validateSafeModeExitRules(214)) - AtleastOneDatanodeReportedRule rule is successfully validated
2020-06-28 10:43:50,355 [pool-403-thread-1] INFO  server.RaftServerConfigKeys (ConfUtils.java:logGet(44)) - raft.server.snapshot.auto.trigger.enabled = true (custom)
2020-06-28 10:43:50,355 [pool-403-thread-1] INFO  server.RaftServerConfigKeys (ConfUtils.java:logGet(44)) - raft.server.snapshot.auto.trigger.threshold = 10000 (custom)
2020-06-28 10:43:50,355 [pool-403-thread-1] INFO  server.RaftServerConfigKeys (ConfUtils.java:logGet(44)) - raft.server.snapshot.retention.file.num = 5 (custom)
2020-06-28 10:43:50,355 [pool-403-thread-1] INFO  server.RaftServerConfigKeys (ConfUtils.java:logGet(44)) - raft.server.log.purge.upto.snapshot.index = false (default)
2020-06-28 10:43:50,355 [pool-403-thread-1] INFO  server.RaftServerConfigKeys (ConfUtils.java:logGet(44)) - raft.server.retrycache.expirytime = 600000ms (custom)
2020-06-28 10:43:50,356 [pool-403-thread-1] INFO  metrics.RatisMetrics (RatisMetrics.java:lambda$create$0(36)) - Creating Metrics Registry : ratis.leader_election.8da610d4-c262-4b40-863f-7000a32f6a27@group-34B2AF571221
2020-06-28 10:43:50,356 [pool-403-thread-1] INFO  metrics.RatisMetrics (RatisMetrics.java:lambda$create$0(36)) - Creating Metrics Registry : ratis.server.8da610d4-c262-4b40-863f-7000a32f6a27@group-34B2AF571221
2020-06-28 10:43:50,358 [pool-403-thread-1] INFO  impl.RaftServerImpl (RaftServerImpl.java:start(186)) - 8da610d4-c262-4b40-863f-7000a32f6a27@group-34B2AF571221: start as a follower, conf=-1: [8da610d4-c262-4b40-863f-7000a32f6a27:172.17.0.2:40217], old=null
2020-06-28 10:43:50,358 [pool-403-thread-1] INFO  impl.RaftServerImpl (RaftServerImpl.java:setRole(175)) - 8da610d4-c262-4b40-863f-7000a32f6a27@group-34B2AF571221: changes role from      null to FOLLOWER at term 0 for startAsFollower
2020-06-28 10:43:50,358 [pool-403-thread-1] INFO  impl.RoleInfo (RoleInfo.java:updateAndGet(143)) - 8da610d4-c262-4b40-863f-7000a32f6a27: start FollowerState
2020-06-28 10:43:50,359 [pool-403-thread-1] INFO  util.JmxRegister (JmxRegister.java:tryRegister(44)) - Successfully registered JMX Bean with object name Ratis:service=RaftServer,group=group-34B2AF571221,id=8da610d4-c262-4b40-863f-7000a32f6a27
2020-06-28 10:43:50,359 [pool-403-thread-1] INFO  metrics.RatisMetrics (RatisMetrics.java:lambda$create$0(36)) - Creating Metrics Registry : ratis.state_machine.8da610d4-c262-4b40-863f-7000a32f6a27@group-34B2AF571221
2020-06-28 10:43:50,360 [Command processor thread] INFO  commandhandler.CreatePipelineCommandHandler (CreatePipelineCommandHandler.java:handle(109)) - Created Pipeline RATIS ONE #id: "54d58908-cfa9-440a-b4a6-34b2af571221"
.
2020-06-28 10:43:50,360 [Command processor thread] INFO  impl.RaftServerProxy (RaftServerProxy.java:addNew(89)) - 8da610d4-c262-4b40-863f-7000a32f6a27: addNew group-934E6379BBC7:[8ea79bce-3765-45eb-b2d3-535100c914cf:172.17.0.2:34585, 25e14e54-dedc-49b5-a0d9-9290319fa0de:172.17.0.2:45027, 8da610d4-c262-4b40-863f-7000a32f6a27:172.17.0.2:40217] returns group-934E6379BBC7:java.util.concurrent.CompletableFuture@4ec2e8b3[Not completed]
2020-06-28 10:43:50,361 [pool-403-thread-1] INFO  impl.RaftServerImpl (RaftServerImpl.java:<init>(99)) - 8da610d4-c262-4b40-863f-7000a32f6a27: new RaftServerImpl for group-934E6379BBC7:[8ea79bce-3765-45eb-b2d3-535100c914cf:172.17.0.2:34585, 25e14e54-dedc-49b5-a0d9-9290319fa0de:172.17.0.2:45027, 8da610d4-c262-4b40-863f-7000a32f6a27:172.17.0.2:40217] with ContainerStateMachine:uninitialized
2020-06-28 10:43:50,361 [pool-403-thread-1] INFO  server.RaftServerConfigKeys (ConfUtils.java:logGet(44)) - raft.server.rpc.timeout.min = 5s (custom)
2020-06-28 10:43:50,361 [pool-403-thread-1] INFO  server.RaftServerConfigKeys (ConfUtils.java:logGet(44)) - raft.server.rpc.timeout.max = 5200ms (custom)
2020-06-28 10:43:50,361 [pool-403-thread-1] INFO  server.RaftServerConfigKeys (ConfUtils.java:logGet(44)) - raft.server.rpcslowness.timeout = 300s (custom)
2020-06-28 10:43:50,361 [pool-403-thread-1] INFO  server.RaftServerConfigKeys (ConfUtils.java:logGet(44)) - raft.server.sleep.deviation.threshold = 300 (default)
2020-06-28 10:43:50,362 [pool-403-thread-1] INFO  server.RaftServerConfigKeys (ConfUtils.java:logGet(44)) - raft.server.log.appender.install.snapshot.enabled = false (custom)
2020-06-28 10:43:50,362 [pool-403-thread-1] INFO  impl.RaftServerImpl (ServerState.java:<init>(103)) - 8da610d4-c262-4b40-863f-7000a32f6a27@group-934E6379BBC7: ConfigurationManager, init=-1: [8ea79bce-3765-45eb-b2d3-535100c914cf:172.17.0.2:34585, 25e14e54-dedc-49b5-a0d9-9290319fa0de:172.17.0.2:45027, 8da610d4-c262-4b40-863f-7000a32f6a27:172.17.0.2:40217], old=null, confs=<EMPTY_MAP>
2020-06-28 10:43:50,362 [pool-403-thread-1] INFO  server.RaftServerConfigKeys (ConfUtils.java:logGet(44)) - raft.server.storage.dir = [/github/workspace/mnt/ozone/hadoop-ozone/integration-test/target/test-dir/MiniOzoneClusterImpl-70ff22f2-c74d-429a-be4f-7513cb1d4b7b/datanode-0/data/ratis] (custom)
2020-06-28 10:43:50,362 [pool-403-thread-1] INFO  server.RaftServerConfigKeys (ConfUtils.java:logGet(44)) - raft.server.log.corruption.policy = EXCEPTION (default)
2020-06-28 10:43:50,362 [pool-403-thread-1] INFO  storage.RaftStorageDirectory (RaftStorageDirectory.java:analyzeStorage(261)) - The storage directory /github/workspace/mnt/ozone/hadoop-ozone/integration-test/target/test-dir/MiniOzoneClusterImpl-70ff22f2-c74d-429a-be4f-7513cb1d4b7b/datanode-0/data/ratis/bdfe4f9d-1ccc-4f14-805a-934e6379bbc7 does not exist. Creating ...
2020-06-28 10:43:50,364 [pool-403-thread-1] INFO  storage.RaftStorageDirectory (RaftStorageDirectory.java:tryLock(343)) - Lock on /github/workspace/mnt/ozone/hadoop-ozone/integration-test/target/test-dir/MiniOzoneClusterImpl-70ff22f2-c74d-429a-be4f-7513cb1d4b7b/datanode-0/data/ratis/bdfe4f9d-1ccc-4f14-805a-934e6379bbc7/in_use.lock acquired by nodename 22100@720bba7d72d5
2020-06-28 10:43:50,368 [pool-403-thread-1] INFO  storage.RaftStorage (RaftStorage.java:format(84)) - Storage directory /github/workspace/mnt/ozone/hadoop-ozone/integration-test/target/test-dir/MiniOzoneClusterImpl-70ff22f2-c74d-429a-be4f-7513cb1d4b7b/datanode-0/data/ratis/bdfe4f9d-1ccc-4f14-805a-934e6379bbc7 has been successfully formatted.
2020-06-28 10:43:50,369 [pool-403-thread-1] INFO  ratis.ContainerStateMachine (ContainerStateMachine.java:loadSnapshot(226)) - group-934E6379BBC7: The snapshot info is null. Setting the last applied indexto:(t:0, i:~)
2020-06-28 10:43:50,370 [pool-403-thread-1] INFO  server.RaftServerConfigKeys (ConfUtils.java:logGet(44)) - raft.server.notification.no-leader.timeout = 60s (default)
2020-06-28 10:43:50,370 [pool-403-thread-1] INFO  server.RaftServerConfigKeys (ConfUtils.java:logGet(44)) - raft.server.log.use.memory = false (default)
2020-06-28 10:43:50,371 [pool-403-thread-1] INFO  server.RaftServerConfigKeys (ConfUtils.java:logGet(44)) - raft.server.log.purge.gap = 1000000 (custom)
2020-06-28 10:43:50,372 [pool-403-thread-1] INFO  server.RaftServerConfigKeys (ConfUtils.java:logGet(44)) - raft.server.log.appender.buffer.byte-limit = 33554432 (custom)
2020-06-28 10:43:50,372 [pool-403-thread-1] INFO  server.RaftServerConfigKeys (ConfUtils.java:logGet(44)) - raft.server.log.segment.size.max = 1048576 (custom)
2020-06-28 10:43:50,372 [pool-403-thread-1] INFO  metrics.RatisMetrics (RatisMetrics.java:lambda$create$0(36)) - Creating Metrics Registry : ratis.log_worker.8da610d4-c262-4b40-863f-7000a32f6a27@group-934E6379BBC7
2020-06-28 10:43:50,372 [pool-403-thread-1] INFO  server.RaftServerConfigKeys (ConfUtils.java:logGet(44)) - raft.server.log.segment.cache.num.max = 2 (custom)
2020-06-28 10:43:50,373 [pool-403-thread-1] INFO  segmented.SegmentedRaftLogWorker (SegmentedRaftLogWorker.java:<init>(180)) - new 8da610d4-c262-4b40-863f-7000a32f6a27@group-934E6379BBC7-SegmentedRaftLogWorker for RaftStorage:Storage Directory /github/workspace/mnt/ozone/hadoop-ozone/integration-test/target/test-dir/MiniOzoneClusterImpl-70ff22f2-c74d-429a-be4f-7513cb1d4b7b/datanode-0/data/ratis/bdfe4f9d-1ccc-4f14-805a-934e6379bbc7
2020-06-28 10:43:50,373 [pool-403-thread-1] INFO  server.RaftServerConfigKeys (ConfUtils.java:logGet(44)) - raft.server.log.queue.byte-limit = 2147483647 (custom)
2020-06-28 10:43:50,373 [pool-403-thread-1] INFO  server.RaftServerConfigKeys (ConfUtils.java:logGet(44)) - raft.server.log.queue.element-limit = 1024 (custom)
2020-06-28 10:43:50,373 [pool-403-thread-1] INFO  server.RaftServerConfigKeys (ConfUtils.java:logGet(44)) - raft.server.log.segment.size.max = 1048576 (custom)
2020-06-28 10:43:50,373 [pool-403-thread-1] INFO  server.RaftServerConfigKeys (ConfUtils.java:logGet(44)) - raft.server.log.preallocated.size = 16384 (custom)
2020-06-28 10:43:50,373 [pool-403-thread-1] INFO  server.RaftServerConfigKeys (ConfUtils.java:logGet(44)) - raft.server.log.write.buffer.size = 1048576 (custom)
2020-06-28 10:43:50,373 [pool-403-thread-1] INFO  server.RaftServerConfigKeys (ConfUtils.java:logGet(44)) - raft.server.log.force.sync.num = 128 (default)
2020-06-28 10:43:50,373 [pool-403-thread-1] INFO  server.RaftServerConfigKeys (ConfUtils.java:logGet(44)) - raft.server.log.statemachine.data.sync = true (default)
2020-06-28 10:43:50,373 [pool-403-thread-1] INFO  server.RaftServerConfigKeys (ConfUtils.java:logGet(44)) - raft.server.log.statemachine.data.sync.timeout = 10s (default)
2020-06-28 10:43:50,374 [pool-403-thread-1] INFO  server.RaftServerConfigKeys (ConfUtils.java:logGet(44)) - raft.server.log.statemachine.data.sync.timeout.retry = -1 (default)
2020-06-28 10:43:50,375 [pool-403-thread-1] INFO  server.RaftServerConfigKeys (ConfUtils.java:logGet(44)) - raft.server.log.statemachine.data.caching.enabled = true (custom)
2020-06-28 10:43:50,376 [pool-403-thread-1] INFO  segmented.SegmentedRaftLogWorker (SegmentedRaftLogWorker.java:lambda$new$0(129)) - 8da610d4-c262-4b40-863f-7000a32f6a27@group-934E6379BBC7-SegmentedRaftLogWorker: flushIndex: setUnconditionally 0 -> -1
2020-06-28 10:43:50,376 [pool-403-thread-1] INFO  segmented.SegmentedRaftLogWorker (SegmentedRaftLogWorker.java:lambda$new$0(129)) - 8da610d4-c262-4b40-863f-7000a32f6a27@group-934E6379BBC7-SegmentedRaftLogWorker: safeCacheEvictIndex: setUnconditionally 0 -> -1
2020-06-28 10:43:50,376 [pool-403-thread-1] INFO  server.RaftServerConfigKeys (ConfUtils.java:logGet(44)) - raft.server.snapshot.auto.trigger.enabled = true (custom)
2020-06-28 10:43:50,376 [pool-403-thread-1] INFO  server.RaftServerConfigKeys (ConfUtils.java:logGet(44)) - raft.server.snapshot.auto.trigger.threshold = 10000 (custom)
2020-06-28 10:43:50,376 [pool-403-thread-1] INFO  server.RaftServerConfigKeys (ConfUtils.java:logGet(44)) - raft.server.snapshot.retention.file.num = 5 (custom)
2020-06-28 10:43:50,377 [pool-403-thread-1] INFO  server.RaftServerConfigKeys (ConfUtils.java:logGet(44)) - raft.server.log.purge.upto.snapshot.index = false (default)
2020-06-28 10:43:50,377 [pool-403-thread-1] INFO  server.RaftServerConfigKeys (ConfUtils.java:logGet(44)) - raft.server.retrycache.expirytime = 600000ms (custom)
2020-06-28 10:43:50,378 [pool-403-thread-1] INFO  metrics.RatisMetrics (RatisMetrics.java:lambda$create$0(36)) - Creating Metrics Registry : ratis.leader_election.8da610d4-c262-4b40-863f-7000a32f6a27@group-934E6379BBC7
2020-06-28 10:43:50,378 [pool-403-thread-1] INFO  metrics.RatisMetrics (RatisMetrics.java:lambda$create$0(36)) - Creating Metrics Registry : ratis.server.8da610d4-c262-4b40-863f-7000a32f6a27@group-934E6379BBC7
2020-06-28 10:43:50,379 [pool-403-thread-1] INFO  impl.RaftServerImpl (RaftServerImpl.java:start(186)) - 8da610d4-c262-4b40-863f-7000a32f6a27@group-934E6379BBC7: start as a follower, conf=-1: [8ea79bce-3765-45eb-b2d3-535100c914cf:172.17.0.2:34585, 25e14e54-dedc-49b5-a0d9-9290319fa0de:172.17.0.2:45027, 8da610d4-c262-4b40-863f-7000a32f6a27:172.17.0.2:40217], old=null
2020-06-28 10:43:50,379 [pool-403-thread-1] INFO  impl.RaftServerImpl (RaftServerImpl.java:setRole(175)) - 8da610d4-c262-4b40-863f-7000a32f6a27@group-934E6379BBC7: changes role from      null to FOLLOWER at term 0 for startAsFollower
2020-06-28 10:43:50,379 [pool-403-thread-1] INFO  impl.RoleInfo (RoleInfo.java:updateAndGet(143)) - 8da610d4-c262-4b40-863f-7000a32f6a27: start FollowerState
2020-06-28 10:43:50,381 [pool-403-thread-1] INFO  util.JmxRegister (JmxRegister.java:tryRegister(44)) - Successfully registered JMX Bean with object name Ratis:service=RaftServer,group=group-934E6379BBC7,id=8da610d4-c262-4b40-863f-7000a32f6a27
2020-06-28 10:43:50,381 [pool-403-thread-1] INFO  metrics.RatisMetrics (RatisMetrics.java:lambda$create$0(36)) - Creating Metrics Registry : ratis.state_machine.8da610d4-c262-4b40-863f-7000a32f6a27@group-934E6379BBC7
2020-06-28 10:43:50,389 [grpc-default-executor-1] INFO  impl.RaftServerProxy (RaftServerProxy.java:addNew(89)) - 8ea79bce-3765-45eb-b2d3-535100c914cf: addNew group-934E6379BBC7:[8ea79bce-3765-45eb-b2d3-535100c914cf:172.17.0.2:34585, 25e14e54-dedc-49b5-a0d9-9290319fa0de:172.17.0.2:45027, 8da610d4-c262-4b40-863f-7000a32f6a27:172.17.0.2:40217] returns group-934E6379BBC7:java.util.concurrent.CompletableFuture@444406bd[Not completed]
2020-06-28 10:43:50,389 [pool-433-thread-1] INFO  impl.RaftServerImpl (RaftServerImpl.java:<init>(99)) - 8ea79bce-3765-45eb-b2d3-535100c914cf: new RaftServerImpl for group-934E6379BBC7:[8ea79bce-3765-45eb-b2d3-535100c914cf:172.17.0.2:34585, 25e14e54-dedc-49b5-a0d9-9290319fa0de:172.17.0.2:45027, 8da610d4-c262-4b40-863f-7000a32f6a27:172.17.0.2:40217] with ContainerStateMachine:uninitialized
2020-06-28 10:43:50,390 [pool-433-thread-1] INFO  server.RaftServerConfigKeys (ConfUtils.java:logGet(44)) - raft.server.rpc.timeout.min = 5s (custom)
2020-06-28 10:43:50,390 [pool-433-thread-1] INFO  server.RaftServerConfigKeys (ConfUtils.java:logGet(44)) - raft.server.rpc.timeout.max = 5200ms (custom)
2020-06-28 10:43:50,390 [pool-433-thread-1] INFO  server.RaftServerConfigKeys (ConfUtils.java:logGet(44)) - raft.server.rpcslowness.timeout = 300s (custom)
2020-06-28 10:43:50,390 [pool-433-thread-1] INFO  server.RaftServerConfigKeys (ConfUtils.java:logGet(44)) - raft.server.sleep.deviation.threshold = 300 (default)
2020-06-28 10:43:50,390 [pool-433-thread-1] INFO  server.RaftServerConfigKeys (ConfUtils.java:logGet(44)) - raft.server.log.appender.install.snapshot.enabled = false (custom)
2020-06-28 10:43:50,390 [pool-433-thread-1] INFO  impl.RaftServerImpl (ServerState.java:<init>(103)) - 8ea79bce-3765-45eb-b2d3-535100c914cf@group-934E6379BBC7: ConfigurationManager, init=-1: [8ea79bce-3765-45eb-b2d3-535100c914cf:172.17.0.2:34585, 25e14e54-dedc-49b5-a0d9-9290319fa0de:172.17.0.2:45027, 8da610d4-c262-4b40-863f-7000a32f6a27:172.17.0.2:40217], old=null, confs=<EMPTY_MAP>
2020-06-28 10:43:50,390 [pool-433-thread-1] INFO  server.RaftServerConfigKeys (ConfUtils.java:logGet(44)) - raft.server.storage.dir = [/github/workspace/mnt/ozone/hadoop-ozone/integration-test/target/test-dir/MiniOzoneClusterImpl-70ff22f2-c74d-429a-be4f-7513cb1d4b7b/datanode-2/data/ratis] (custom)
2020-06-28 10:43:50,391 [pool-433-thread-1] INFO  server.RaftServerConfigKeys (ConfUtils.java:logGet(44)) - raft.server.log.corruption.policy = EXCEPTION (default)
2020-06-28 10:43:50,391 [pool-433-thread-1] INFO  storage.RaftStorageDirectory (RaftStorageDirectory.java:analyzeStorage(261)) - The storage directory /github/workspace/mnt/ozone/hadoop-ozone/integration-test/target/test-dir/MiniOzoneClusterImpl-70ff22f2-c74d-429a-be4f-7513cb1d4b7b/datanode-2/data/ratis/bdfe4f9d-1ccc-4f14-805a-934e6379bbc7 does not exist. Creating ...
2020-06-28 10:43:50,392 [pool-433-thread-1] INFO  storage.RaftStorageDirectory (RaftStorageDirectory.java:tryLock(343)) - Lock on /github/workspace/mnt/ozone/hadoop-ozone/integration-test/target/test-dir/MiniOzoneClusterImpl-70ff22f2-c74d-429a-be4f-7513cb1d4b7b/datanode-2/data/ratis/bdfe4f9d-1ccc-4f14-805a-934e6379bbc7/in_use.lock acquired by nodename 22100@720bba7d72d5
2020-06-28 10:43:50,393 [pool-433-thread-1] INFO  storage.RaftStorage (RaftStorage.java:format(84)) - Storage directory /github/workspace/mnt/ozone/hadoop-ozone/integration-test/target/test-dir/MiniOzoneClusterImpl-70ff22f2-c74d-429a-be4f-7513cb1d4b7b/datanode-2/data/ratis/bdfe4f9d-1ccc-4f14-805a-934e6379bbc7 has been successfully formatted.
2020-06-28 10:43:50,394 [pool-433-thread-1] INFO  ratis.ContainerStateMachine (ContainerStateMachine.java:loadSnapshot(226)) - group-934E6379BBC7: The snapshot info is null. Setting the last applied indexto:(t:0, i:~)
2020-06-28 10:43:50,394 [pool-433-thread-1] INFO  server.RaftServerConfigKeys (ConfUtils.java:logGet(44)) - raft.server.notification.no-leader.timeout = 60s (default)
2020-06-28 10:43:50,394 [pool-433-thread-1] INFO  server.RaftServerConfigKeys (ConfUtils.java:logGet(44)) - raft.server.log.use.memory = false (default)
2020-06-28 10:43:50,394 [pool-433-thread-1] INFO  server.RaftServerConfigKeys (ConfUtils.java:logGet(44)) - raft.server.log.purge.gap = 1000000 (custom)
2020-06-28 10:43:50,394 [pool-433-thread-1] INFO  server.RaftServerConfigKeys (ConfUtils.java:logGet(44)) - raft.server.log.appender.buffer.byte-limit = 33554432 (custom)
2020-06-28 10:43:50,394 [pool-433-thread-1] INFO  server.RaftServerConfigKeys (ConfUtils.java:logGet(44)) - raft.server.log.segment.size.max = 1048576 (custom)
2020-06-28 10:43:50,394 [pool-433-thread-1] INFO  metrics.RatisMetrics (RatisMetrics.java:lambda$create$0(36)) - Creating Metrics Registry : ratis.log_worker.8ea79bce-3765-45eb-b2d3-535100c914cf@group-934E6379BBC7
2020-06-28 10:43:50,395 [pool-433-thread-1] INFO  server.RaftServerConfigKeys (ConfUtils.java:logGet(44)) - raft.server.log.segment.cache.num.max = 2 (custom)
2020-06-28 10:43:50,395 [pool-433-thread-1] INFO  segmented.SegmentedRaftLogWorker (SegmentedRaftLogWorker.java:<init>(180)) - new 8ea79bce-3765-45eb-b2d3-535100c914cf@group-934E6379BBC7-SegmentedRaftLogWorker for RaftStorage:Storage Directory /github/workspace/mnt/ozone/hadoop-ozone/integration-test/target/test-dir/MiniOzoneClusterImpl-70ff22f2-c74d-429a-be4f-7513cb1d4b7b/datanode-2/data/ratis/bdfe4f9d-1ccc-4f14-805a-934e6379bbc7
2020-06-28 10:43:50,395 [pool-433-thread-1] INFO  server.RaftServerConfigKeys (ConfUtils.java:logGet(44)) - raft.server.log.queue.byte-limit = 2147483647 (custom)
2020-06-28 10:43:50,395 [pool-433-thread-1] INFO  server.RaftServerConfigKeys (ConfUtils.java:logGet(44)) - raft.server.log.queue.element-limit = 1024 (custom)
2020-06-28 10:43:50,395 [pool-433-thread-1] INFO  server.RaftServerConfigKeys (ConfUtils.java:logGet(44)) - raft.server.log.segment.size.max = 1048576 (custom)
2020-06-28 10:43:50,395 [pool-433-thread-1] INFO  server.RaftServerConfigKeys (ConfUtils.java:logGet(44)) - raft.server.log.preallocated.size = 16384 (custom)
2020-06-28 10:43:50,395 [pool-433-thread-1] INFO  server.RaftServerConfigKeys (ConfUtils.java:logGet(44)) - raft.server.log.write.buffer.size = 1048576 (custom)
2020-06-28 10:43:50,395 [pool-433-thread-1] INFO  server.RaftServerConfigKeys (ConfUtils.java:logGet(44)) - raft.server.log.force.sync.num = 128 (default)
2020-06-28 10:43:50,395 [pool-433-thread-1] INFO  server.RaftServerConfigKeys (ConfUtils.java:logGet(44)) - raft.server.log.statemachine.data.sync = true (default)
2020-06-28 10:43:50,395 [pool-433-thread-1] INFO  server.RaftServerConfigKeys (ConfUtils.java:logGet(44)) - raft.server.log.statemachine.data.sync.timeout = 10s (default)
2020-06-28 10:43:50,395 [pool-433-thread-1] INFO  server.RaftServerConfigKeys (ConfUtils.java:logGet(44)) - raft.server.log.statemachine.data.sync.timeout.retry = -1 (default)
2020-06-28 10:43:50,397 [pool-433-thread-1] INFO  server.RaftServerConfigKeys (ConfUtils.java:logGet(44)) - raft.server.log.statemachine.data.caching.enabled = true (custom)
2020-06-28 10:43:50,397 [pool-433-thread-1] INFO  segmented.SegmentedRaftLogWorker (SegmentedRaftLogWorker.java:lambda$new$0(129)) - 8ea79bce-3765-45eb-b2d3-535100c914cf@group-934E6379BBC7-SegmentedRaftLogWorker: flushIndex: setUnconditionally 0 -> -1
2020-06-28 10:43:50,397 [pool-433-thread-1] INFO  segmented.SegmentedRaftLogWorker (SegmentedRaftLogWorker.java:lambda$new$0(129)) - 8ea79bce-3765-45eb-b2d3-535100c914cf@group-934E6379BBC7-SegmentedRaftLogWorker: safeCacheEvictIndex: setUnconditionally 0 -> -1
2020-06-28 10:43:50,398 [pool-433-thread-1] INFO  server.RaftServerConfigKeys (ConfUtils.java:logGet(44)) - raft.server.snapshot.auto.trigger.enabled = true (custom)
2020-06-28 10:43:50,398 [pool-433-thread-1] INFO  server.RaftServerConfigKeys (ConfUtils.java:logGet(44)) - raft.server.snapshot.auto.trigger.threshold = 10000 (custom)
2020-06-28 10:43:50,398 [pool-433-thread-1] INFO  server.RaftServerConfigKeys (ConfUtils.java:logGet(44)) - raft.server.snapshot.retention.file.num = 5 (custom)
2020-06-28 10:43:50,398 [pool-433-thread-1] INFO  server.RaftServerConfigKeys (ConfUtils.java:logGet(44)) - raft.server.log.purge.upto.snapshot.index = false (default)
2020-06-28 10:43:50,398 [pool-433-thread-1] INFO  server.RaftServerConfigKeys (ConfUtils.java:logGet(44)) - raft.server.retrycache.expirytime = 600000ms (custom)
2020-06-28 10:43:50,398 [pool-433-thread-1] INFO  metrics.RatisMetrics (RatisMetrics.java:lambda$create$0(36)) - Creating Metrics Registry : ratis.leader_election.8ea79bce-3765-45eb-b2d3-535100c914cf@group-934E6379BBC7
2020-06-28 10:43:50,399 [pool-433-thread-1] INFO  metrics.RatisMetrics (RatisMetrics.java:lambda$create$0(36)) - Creating Metrics Registry : ratis.server.8ea79bce-3765-45eb-b2d3-535100c914cf@group-934E6379BBC7
2020-06-28 10:43:50,399 [pool-433-thread-1] INFO  impl.RaftServerImpl (RaftServerImpl.java:start(186)) - 8ea79bce-3765-45eb-b2d3-535100c914cf@group-934E6379BBC7: start as a follower, conf=-1: [8ea79bce-3765-45eb-b2d3-535100c914cf:172.17.0.2:34585, 25e14e54-dedc-49b5-a0d9-9290319fa0de:172.17.0.2:45027, 8da610d4-c262-4b40-863f-7000a32f6a27:172.17.0.2:40217], old=null
2020-06-28 10:43:50,400 [pool-433-thread-1] INFO  impl.RaftServerImpl (RaftServerImpl.java:setRole(175)) - 8ea79bce-3765-45eb-b2d3-535100c914cf@group-934E6379BBC7: changes role from      null to FOLLOWER at term 0 for startAsFollower
2020-06-28 10:43:50,400 [pool-433-thread-1] INFO  impl.RoleInfo (RoleInfo.java:updateAndGet(143)) - 8ea79bce-3765-45eb-b2d3-535100c914cf: start FollowerState
2020-06-28 10:43:50,400 [pool-433-thread-1] INFO  util.JmxRegister (JmxRegister.java:tryRegister(44)) - Successfully registered JMX Bean with object name Ratis:service=RaftServer,group=group-934E6379BBC7,id=8ea79bce-3765-45eb-b2d3-535100c914cf
2020-06-28 10:43:50,400 [pool-433-thread-1] INFO  metrics.RatisMetrics (RatisMetrics.java:lambda$create$0(36)) - Creating Metrics Registry : ratis.state_machine.8ea79bce-3765-45eb-b2d3-535100c914cf@group-934E6379BBC7
2020-06-28 10:43:50,404 [Command processor thread] INFO  impl.RaftServerProxy (RaftServerProxy.java:addNew(89)) - 25e14e54-dedc-49b5-a0d9-9290319fa0de: addNew group-4F34877857B4:[25e14e54-dedc-49b5-a0d9-9290319fa0de:172.17.0.2:45027] returns group-4F34877857B4:java.util.concurrent.CompletableFuture@2d7f0247[Not completed]
2020-06-28 10:43:50,404 [pool-418-thread-1] INFO  impl.RaftServerImpl (RaftServerImpl.java:<init>(99)) - 25e14e54-dedc-49b5-a0d9-9290319fa0de: new RaftServerImpl for group-4F34877857B4:[25e14e54-dedc-49b5-a0d9-9290319fa0de:172.17.0.2:45027] with ContainerStateMachine:uninitialized
2020-06-28 10:43:50,404 [pool-418-thread-1] INFO  server.RaftServerConfigKeys (ConfUtils.java:logGet(44)) - raft.server.rpc.timeout.min = 5s (custom)
2020-06-28 10:43:50,404 [pool-418-thread-1] INFO  server.RaftServerConfigKeys (ConfUtils.java:logGet(44)) - raft.server.rpc.timeout.max = 5200ms (custom)
2020-06-28 10:43:50,404 [pool-418-thread-1] INFO  server.RaftServerConfigKeys (ConfUtils.java:logGet(44)) - raft.server.rpcslowness.timeout = 300s (custom)
2020-06-28 10:43:50,404 [pool-418-thread-1] INFO  server.RaftServerConfigKeys (ConfUtils.java:logGet(44)) - raft.server.sleep.deviation.threshold = 300 (default)
2020-06-28 10:43:50,405 [pool-418-thread-1] INFO  server.RaftServerConfigKeys (ConfUtils.java:logGet(44)) - raft.server.log.appender.install.snapshot.enabled = false (custom)
2020-06-28 10:43:50,405 [pool-418-thread-1] INFO  impl.RaftServerImpl (ServerState.java:<init>(103)) - 25e14e54-dedc-49b5-a0d9-9290319fa0de@group-4F34877857B4: ConfigurationManager, init=-1: [25e14e54-dedc-49b5-a0d9-9290319fa0de:172.17.0.2:45027], old=null, confs=<EMPTY_MAP>
2020-06-28 10:43:50,405 [pool-418-thread-1] INFO  server.RaftServerConfigKeys (ConfUtils.java:logGet(44)) - raft.server.storage.dir = [/github/workspace/mnt/ozone/hadoop-ozone/integration-test/target/test-dir/MiniOzoneClusterImpl-70ff22f2-c74d-429a-be4f-7513cb1d4b7b/datanode-1/data/ratis] (custom)
2020-06-28 10:43:50,405 [pool-418-thread-1] INFO  server.RaftServerConfigKeys (ConfUtils.java:logGet(44)) - raft.server.log.corruption.policy = EXCEPTION (default)
2020-06-28 10:43:50,405 [pool-418-thread-1] INFO  storage.RaftStorageDirectory (RaftStorageDirectory.java:analyzeStorage(261)) - The storage directory /github/workspace/mnt/ozone/hadoop-ozone/integration-test/target/test-dir/MiniOzoneClusterImpl-70ff22f2-c74d-429a-be4f-7513cb1d4b7b/datanode-1/data/ratis/3aae9f4f-b2c8-4f86-ad5b-4f34877857b4 does not exist. Creating ...
2020-06-28 10:43:50,406 [pool-418-thread-1] INFO  storage.RaftStorageDirectory (RaftStorageDirectory.java:tryLock(343)) - Lock on /github/workspace/mnt/ozone/hadoop-ozone/integration-test/target/test-dir/MiniOzoneClusterImpl-70ff22f2-c74d-429a-be4f-7513cb1d4b7b/datanode-1/data/ratis/3aae9f4f-b2c8-4f86-ad5b-4f34877857b4/in_use.lock acquired by nodename 22100@720bba7d72d5
2020-06-28 10:43:50,409 [pool-418-thread-1] INFO  storage.RaftStorage (RaftStorage.java:format(84)) - Storage directory /github/workspace/mnt/ozone/hadoop-ozone/integration-test/target/test-dir/MiniOzoneClusterImpl-70ff22f2-c74d-429a-be4f-7513cb1d4b7b/datanode-1/data/ratis/3aae9f4f-b2c8-4f86-ad5b-4f34877857b4 has been successfully formatted.
2020-06-28 10:43:50,413 [pool-418-thread-1] INFO  ratis.ContainerStateMachine (ContainerStateMachine.java:loadSnapshot(226)) - group-4F34877857B4: The snapshot info is null. Setting the last applied indexto:(t:0, i:~)
2020-06-28 10:43:50,413 [pool-418-thread-1] INFO  server.RaftServerConfigKeys (ConfUtils.java:logGet(44)) - raft.server.notification.no-leader.timeout = 60s (default)
2020-06-28 10:43:50,413 [pool-418-thread-1] INFO  server.RaftServerConfigKeys (ConfUtils.java:logGet(44)) - raft.server.log.use.memory = false (default)
2020-06-28 10:43:50,413 [pool-418-thread-1] INFO  server.RaftServerConfigKeys (ConfUtils.java:logGet(44)) - raft.server.log.purge.gap = 1000000 (custom)
2020-06-28 10:43:50,413 [pool-418-thread-1] INFO  server.RaftServerConfigKeys (ConfUtils.java:logGet(44)) - raft.server.log.appender.buffer.byte-limit = 33554432 (custom)
2020-06-28 10:43:50,413 [pool-418-thread-1] INFO  server.RaftServerConfigKeys (ConfUtils.java:logGet(44)) - raft.server.log.segment.size.max = 1048576 (custom)
2020-06-28 10:43:50,413 [pool-418-thread-1] INFO  metrics.RatisMetrics (RatisMetrics.java:lambda$create$0(36)) - Creating Metrics Registry : ratis.log_worker.25e14e54-dedc-49b5-a0d9-9290319fa0de@group-4F34877857B4
2020-06-28 10:43:50,413 [pool-418-thread-1] INFO  server.RaftServerConfigKeys (ConfUtils.java:logGet(44)) - raft.server.log.segment.cache.num.max = 2 (custom)
2020-06-28 10:43:50,413 [pool-418-thread-1] INFO  segmented.SegmentedRaftLogWorker (SegmentedRaftLogWorker.java:<init>(180)) - new 25e14e54-dedc-49b5-a0d9-9290319fa0de@group-4F34877857B4-SegmentedRaftLogWorker for RaftStorage:Storage Directory /github/workspace/mnt/ozone/hadoop-ozone/integration-test/target/test-dir/MiniOzoneClusterImpl-70ff22f2-c74d-429a-be4f-7513cb1d4b7b/datanode-1/data/ratis/3aae9f4f-b2c8-4f86-ad5b-4f34877857b4
2020-06-28 10:43:50,413 [pool-418-thread-1] INFO  server.RaftServerConfigKeys (ConfUtils.java:logGet(44)) - raft.server.log.queue.byte-limit = 2147483647 (custom)
2020-06-28 10:43:50,413 [pool-418-thread-1] INFO  server.RaftServerConfigKeys (ConfUtils.java:logGet(44)) - raft.server.log.queue.element-limit = 1024 (custom)
2020-06-28 10:43:50,414 [pool-418-thread-1] INFO  server.RaftServerConfigKeys (ConfUtils.java:logGet(44)) - raft.server.log.segment.size.max = 1048576 (custom)
2020-06-28 10:43:50,414 [pool-418-thread-1] INFO  server.RaftServerConfigKeys (ConfUtils.java:logGet(44)) - raft.server.log.preallocated.size = 16384 (custom)
2020-06-28 10:43:50,414 [pool-418-thread-1] INFO  server.RaftServerConfigKeys (ConfUtils.java:logGet(44)) - raft.server.log.write.buffer.size = 1048576 (custom)
2020-06-28 10:43:50,414 [pool-418-thread-1] INFO  server.RaftServerConfigKeys (ConfUtils.java:logGet(44)) - raft.server.log.force.sync.num = 128 (default)
2020-06-28 10:43:50,414 [pool-418-thread-1] INFO  server.RaftServerConfigKeys (ConfUtils.java:logGet(44)) - raft.server.log.statemachine.data.sync = true (default)
2020-06-28 10:43:50,414 [pool-418-thread-1] INFO  server.RaftServerConfigKeys (ConfUtils.java:logGet(44)) - raft.server.log.statemachine.data.sync.timeout = 10s (default)
2020-06-28 10:43:50,414 [pool-418-thread-1] INFO  server.RaftServerConfigKeys (ConfUtils.java:logGet(44)) - raft.server.log.statemachine.data.sync.timeout.retry = -1 (default)
2020-06-28 10:43:50,415 [EventQueue-PipelineReportForPipelineReportHandler] INFO  pipeline.PipelineStateManager (PipelineStateManager.java:openPipeline(131)) - Pipeline Pipeline[ Id: 3aae9f4f-b2c8-4f86-ad5b-4f34877857b4, Nodes: 25e14e54-dedc-49b5-a0d9-9290319fa0de{ip: 172.17.0.2, host: 720bba7d72d5, networkLocation: /default-rack, certSerialId: null}, Type:RATIS, Factor:ONE, State:ALLOCATED, leaderId:25e14e54-dedc-49b5-a0d9-9290319fa0de, CreationTimestamp2020-06-28T10:43:47.400Z] moved to OPEN state
2020-06-28 10:43:50,415 [EventQueue-OpenPipelineForHealthyPipelineSafeModeRule] INFO  safemode.SCMSafeModeManager (HealthyPipelineSafeModeRule.java:process(129)) - SCM in safe mode. Healthy pipelines reported count is 0, required healthy pipeline reported count is 1
2020-06-28 10:43:50,415 [EventQueue-OpenPipelineForOneReplicaPipelineSafeModeRule] INFO  safemode.SCMSafeModeManager (SCMSafeModeManager.java:validateSafeModeExitRules(214)) - AtleastOneDatanodeReportedRule rule is successfully validated
2020-06-28 10:43:50,417 [pool-418-thread-1] INFO  server.RaftServerConfigKeys (ConfUtils.java:logGet(44)) - raft.server.log.statemachine.data.caching.enabled = true (custom)
2020-06-28 10:43:50,417 [pool-418-thread-1] INFO  segmented.SegmentedRaftLogWorker (SegmentedRaftLogWorker.java:lambda$new$0(129)) - 25e14e54-dedc-49b5-a0d9-9290319fa0de@group-4F34877857B4-SegmentedRaftLogWorker: flushIndex: setUnconditionally 0 -> -1
2020-06-28 10:43:50,417 [pool-418-thread-1] INFO  segmented.SegmentedRaftLogWorker (SegmentedRaftLogWorker.java:lambda$new$0(129)) - 25e14e54-dedc-49b5-a0d9-9290319fa0de@group-4F34877857B4-SegmentedRaftLogWorker: safeCacheEvictIndex: setUnconditionally 0 -> -1
2020-06-28 10:43:50,422 [pool-418-thread-1] INFO  server.RaftServerConfigKeys (ConfUtils.java:logGet(44)) - raft.server.snapshot.auto.trigger.enabled = true (custom)
2020-06-28 10:43:50,422 [pool-418-thread-1] INFO  server.RaftServerConfigKeys (ConfUtils.java:logGet(44)) - raft.server.snapshot.auto.trigger.threshold = 10000 (custom)
2020-06-28 10:43:50,422 [pool-418-thread-1] INFO  server.RaftServerConfigKeys (ConfUtils.java:logGet(44)) - raft.server.snapshot.retention.file.num = 5 (custom)
2020-06-28 10:43:50,422 [pool-418-thread-1] INFO  server.RaftServerConfigKeys (ConfUtils.java:logGet(44)) - raft.server.log.purge.upto.snapshot.index = false (default)
2020-06-28 10:43:50,422 [pool-418-thread-1] INFO  server.RaftServerConfigKeys (ConfUtils.java:logGet(44)) - raft.server.retrycache.expirytime = 600000ms (custom)
2020-06-28 10:43:50,423 [pool-418-thread-1] INFO  metrics.RatisMetrics (RatisMetrics.java:lambda$create$0(36)) - Creating Metrics Registry : ratis.leader_election.25e14e54-dedc-49b5-a0d9-9290319fa0de@group-4F34877857B4
2020-06-28 10:43:50,423 [pool-418-thread-1] INFO  metrics.RatisMetrics (RatisMetrics.java:lambda$create$0(36)) - Creating Metrics Registry : ratis.server.25e14e54-dedc-49b5-a0d9-9290319fa0de@group-4F34877857B4
2020-06-28 10:43:50,424 [pool-418-thread-1] INFO  impl.RaftServerImpl (RaftServerImpl.java:start(186)) - 25e14e54-dedc-49b5-a0d9-9290319fa0de@group-4F34877857B4: start as a follower, conf=-1: [25e14e54-dedc-49b5-a0d9-9290319fa0de:172.17.0.2:45027], old=null
2020-06-28 10:43:50,424 [pool-418-thread-1] INFO  impl.RaftServerImpl (RaftServerImpl.java:setRole(175)) - 25e14e54-dedc-49b5-a0d9-9290319fa0de@group-4F34877857B4: changes role from      null to FOLLOWER at term 0 for startAsFollower
2020-06-28 10:43:50,424 [pool-418-thread-1] INFO  impl.RoleInfo (RoleInfo.java:updateAndGet(143)) - 25e14e54-dedc-49b5-a0d9-9290319fa0de: start FollowerState
2020-06-28 10:43:50,427 [pool-418-thread-1] INFO  util.JmxRegister (JmxRegister.java:tryRegister(44)) - Successfully registered JMX Bean with object name Ratis:service=RaftServer,group=group-4F34877857B4,id=25e14e54-dedc-49b5-a0d9-9290319fa0de
2020-06-28 10:43:50,427 [pool-418-thread-1] INFO  metrics.RatisMetrics (RatisMetrics.java:lambda$create$0(36)) - Creating Metrics Registry : ratis.state_machine.25e14e54-dedc-49b5-a0d9-9290319fa0de@group-4F34877857B4
2020-06-28 10:43:50,428 [Command processor thread] INFO  commandhandler.CreatePipelineCommandHandler (CreatePipelineCommandHandler.java:handle(109)) - Created Pipeline RATIS ONE #id: "3aae9f4f-b2c8-4f86-ad5b-4f34877857b4"
.
2020-06-28 10:43:50,428 [Command processor thread] INFO  impl.RaftServerProxy (RaftServerProxy.java:addNew(89)) - 25e14e54-dedc-49b5-a0d9-9290319fa0de: addNew group-934E6379BBC7:[8ea79bce-3765-45eb-b2d3-535100c914cf:172.17.0.2:34585, 25e14e54-dedc-49b5-a0d9-9290319fa0de:172.17.0.2:45027, 8da610d4-c262-4b40-863f-7000a32f6a27:172.17.0.2:40217] returns group-934E6379BBC7:java.util.concurrent.CompletableFuture@29408330[Not completed]
2020-06-28 10:43:50,429 [pool-418-thread-1] INFO  impl.RaftServerImpl (RaftServerImpl.java:<init>(99)) - 25e14e54-dedc-49b5-a0d9-9290319fa0de: new RaftServerImpl for group-934E6379BBC7:[8ea79bce-3765-45eb-b2d3-535100c914cf:172.17.0.2:34585, 25e14e54-dedc-49b5-a0d9-9290319fa0de:172.17.0.2:45027, 8da610d4-c262-4b40-863f-7000a32f6a27:172.17.0.2:40217] with ContainerStateMachine:uninitialized
2020-06-28 10:43:50,429 [pool-418-thread-1] INFO  server.RaftServerConfigKeys (ConfUtils.java:logGet(44)) - raft.server.rpc.timeout.min = 5s (custom)
2020-06-28 10:43:50,429 [pool-418-thread-1] INFO  server.RaftServerConfigKeys (ConfUtils.java:logGet(44)) - raft.server.rpc.timeout.max = 5200ms (custom)
2020-06-28 10:43:50,429 [pool-418-thread-1] INFO  server.RaftServerConfigKeys (ConfUtils.java:logGet(44)) - raft.server.rpcslowness.timeout = 300s (custom)
2020-06-28 10:43:50,429 [pool-418-thread-1] INFO  server.RaftServerConfigKeys (ConfUtils.java:logGet(44)) - raft.server.sleep.deviation.threshold = 300 (default)
2020-06-28 10:43:50,429 [pool-418-thread-1] INFO  server.RaftServerConfigKeys (ConfUtils.java:logGet(44)) - raft.server.log.appender.install.snapshot.enabled = false (custom)
2020-06-28 10:43:50,430 [pool-418-thread-1] INFO  impl.RaftServerImpl (ServerState.java:<init>(103)) - 25e14e54-dedc-49b5-a0d9-9290319fa0de@group-934E6379BBC7: ConfigurationManager, init=-1: [8ea79bce-3765-45eb-b2d3-535100c914cf:172.17.0.2:34585, 25e14e54-dedc-49b5-a0d9-9290319fa0de:172.17.0.2:45027, 8da610d4-c262-4b40-863f-7000a32f6a27:172.17.0.2:40217], old=null, confs=<EMPTY_MAP>
2020-06-28 10:43:50,430 [pool-418-thread-1] INFO  server.RaftServerConfigKeys (ConfUtils.java:logGet(44)) - raft.server.storage.dir = [/github/workspace/mnt/ozone/hadoop-ozone/integration-test/target/test-dir/MiniOzoneClusterImpl-70ff22f2-c74d-429a-be4f-7513cb1d4b7b/datanode-1/data/ratis] (custom)
2020-06-28 10:43:50,430 [pool-418-thread-1] INFO  server.RaftServerConfigKeys (ConfUtils.java:logGet(44)) - raft.server.log.corruption.policy = EXCEPTION (default)
2020-06-28 10:43:50,430 [pool-418-thread-1] INFO  storage.RaftStorageDirectory (RaftStorageDirectory.java:analyzeStorage(261)) - The storage directory /github/workspace/mnt/ozone/hadoop-ozone/integration-test/target/test-dir/MiniOzoneClusterImpl-70ff22f2-c74d-429a-be4f-7513cb1d4b7b/datanode-1/data/ratis/bdfe4f9d-1ccc-4f14-805a-934e6379bbc7 does not exist. Creating ...
2020-06-28 10:43:50,432 [pool-418-thread-1] INFO  storage.RaftStorageDirectory (RaftStorageDirectory.java:tryLock(343)) - Lock on /github/workspace/mnt/ozone/hadoop-ozone/integration-test/target/test-dir/MiniOzoneClusterImpl-70ff22f2-c74d-429a-be4f-7513cb1d4b7b/datanode-1/data/ratis/bdfe4f9d-1ccc-4f14-805a-934e6379bbc7/in_use.lock acquired by nodename 22100@720bba7d72d5
2020-06-28 10:43:50,433 [Listener at 127.0.0.1/10264] INFO  ozone.MiniOzoneClusterImpl (MiniOzoneClusterImpl.java:lambda$waitForClusterToBeReady$0(177)) - Nodes are ready. Got 3 of 3 DN Heartbeats.
2020-06-28 10:43:50,433 [Listener at 127.0.0.1/10264] INFO  ozone.MiniOzoneClusterImpl (MiniOzoneClusterImpl.java:lambda$waitForClusterToBeReady$0(180)) - Waiting for cluster to exit safe mode
2020-06-28 10:43:50,434 [pool-418-thread-1] INFO  storage.RaftStorage (RaftStorage.java:format(84)) - Storage directory /github/workspace/mnt/ozone/hadoop-ozone/integration-test/target/test-dir/MiniOzoneClusterImpl-70ff22f2-c74d-429a-be4f-7513cb1d4b7b/datanode-1/data/ratis/bdfe4f9d-1ccc-4f14-805a-934e6379bbc7 has been successfully formatted.
2020-06-28 10:43:50,435 [pool-418-thread-1] INFO  ratis.ContainerStateMachine (ContainerStateMachine.java:loadSnapshot(226)) - group-934E6379BBC7: The snapshot info is null. Setting the last applied indexto:(t:0, i:~)
2020-06-28 10:43:50,435 [pool-418-thread-1] INFO  server.RaftServerConfigKeys (ConfUtils.java:logGet(44)) - raft.server.notification.no-leader.timeout = 60s (default)
2020-06-28 10:43:50,435 [pool-418-thread-1] INFO  server.RaftServerConfigKeys (ConfUtils.java:logGet(44)) - raft.server.log.use.memory = false (default)
2020-06-28 10:43:50,435 [pool-418-thread-1] INFO  server.RaftServerConfigKeys (ConfUtils.java:logGet(44)) - raft.server.log.purge.gap = 1000000 (custom)
2020-06-28 10:43:50,435 [pool-418-thread-1] INFO  server.RaftServerConfigKeys (ConfUtils.java:logGet(44)) - raft.server.log.appender.buffer.byte-limit = 33554432 (custom)
2020-06-28 10:43:50,435 [pool-418-thread-1] INFO  server.RaftServerConfigKeys (ConfUtils.java:logGet(44)) - raft.server.log.segment.size.max = 1048576 (custom)
2020-06-28 10:43:50,435 [pool-418-thread-1] INFO  metrics.RatisMetrics (RatisMetrics.java:lambda$create$0(36)) - Creating Metrics Registry : ratis.log_worker.25e14e54-dedc-49b5-a0d9-9290319fa0de@group-934E6379BBC7
2020-06-28 10:43:50,435 [pool-418-thread-1] INFO  server.RaftServerConfigKeys (ConfUtils.java:logGet(44)) - raft.server.log.segment.cache.num.max = 2 (custom)
2020-06-28 10:43:50,435 [pool-418-thread-1] INFO  segmented.SegmentedRaftLogWorker (SegmentedRaftLogWorker.java:<init>(180)) - new 25e14e54-dedc-49b5-a0d9-9290319fa0de@group-934E6379BBC7-SegmentedRaftLogWorker for RaftStorage:Storage Directory /github/workspace/mnt/ozone/hadoop-ozone/integration-test/target/test-dir/MiniOzoneClusterImpl-70ff22f2-c74d-429a-be4f-7513cb1d4b7b/datanode-1/data/ratis/bdfe4f9d-1ccc-4f14-805a-934e6379bbc7
2020-06-28 10:43:50,435 [pool-418-thread-1] INFO  server.RaftServerConfigKeys (ConfUtils.java:logGet(44)) - raft.server.log.queue.byte-limit = 2147483647 (custom)
2020-06-28 10:43:50,435 [pool-418-thread-1] INFO  server.RaftServerConfigKeys (ConfUtils.java:logGet(44)) - raft.server.log.queue.element-limit = 1024 (custom)
2020-06-28 10:43:50,435 [pool-418-thread-1] INFO  server.RaftServerConfigKeys (ConfUtils.java:logGet(44)) - raft.server.log.segment.size.max = 1048576 (custom)
2020-06-28 10:43:50,435 [pool-418-thread-1] INFO  server.RaftServerConfigKeys (ConfUtils.java:logGet(44)) - raft.server.log.preallocated.size = 16384 (custom)
2020-06-28 10:43:50,436 [pool-418-thread-1] INFO  server.RaftServerConfigKeys (ConfUtils.java:logGet(44)) - raft.server.log.write.buffer.size = 1048576 (custom)
2020-06-28 10:43:50,436 [pool-418-thread-1] INFO  server.RaftServerConfigKeys (ConfUtils.java:logGet(44)) - raft.server.log.force.sync.num = 128 (default)
2020-06-28 10:43:50,436 [pool-418-thread-1] INFO  server.RaftServerConfigKeys (ConfUtils.java:logGet(44)) - raft.server.log.statemachine.data.sync = true (default)
2020-06-28 10:43:50,436 [pool-418-thread-1] INFO  server.RaftServerConfigKeys (ConfUtils.java:logGet(44)) - raft.server.log.statemachine.data.sync.timeout = 10s (default)
2020-06-28 10:43:50,436 [pool-418-thread-1] INFO  server.RaftServerConfigKeys (ConfUtils.java:logGet(44)) - raft.server.log.statemachine.data.sync.timeout.retry = -1 (default)
2020-06-28 10:43:50,439 [Command processor thread] INFO  impl.RaftServerProxy (RaftServerProxy.java:addNew(89)) - 8ea79bce-3765-45eb-b2d3-535100c914cf: addNew group-F16D85F7E011:[8ea79bce-3765-45eb-b2d3-535100c914cf:172.17.0.2:34585] returns group-F16D85F7E011:java.util.concurrent.CompletableFuture@51d2eefd[Not completed]
2020-06-28 10:43:50,439 [pool-433-thread-1] INFO  impl.RaftServerImpl (RaftServerImpl.java:<init>(99)) - 8ea79bce-3765-45eb-b2d3-535100c914cf: new RaftServerImpl for group-F16D85F7E011:[8ea79bce-3765-45eb-b2d3-535100c914cf:172.17.0.2:34585] with ContainerStateMachine:uninitialized
2020-06-28 10:43:50,439 [pool-433-thread-1] INFO  server.RaftServerConfigKeys (ConfUtils.java:logGet(44)) - raft.server.rpc.timeout.min = 5s (custom)
2020-06-28 10:43:50,439 [pool-433-thread-1] INFO  server.RaftServerConfigKeys (ConfUtils.java:logGet(44)) - raft.server.rpc.timeout.max = 5200ms (custom)
2020-06-28 10:43:50,439 [pool-433-thread-1] INFO  server.RaftServerConfigKeys (ConfUtils.java:logGet(44)) - raft.server.rpcslowness.timeout = 300s (custom)
2020-06-28 10:43:50,439 [pool-433-thread-1] INFO  server.RaftServerConfigKeys (ConfUtils.java:logGet(44)) - raft.server.sleep.deviation.threshold = 300 (default)
2020-06-28 10:43:50,440 [pool-433-thread-1] INFO  server.RaftServerConfigKeys (ConfUtils.java:logGet(44)) - raft.server.log.appender.install.snapshot.enabled = false (custom)
2020-06-28 10:43:50,440 [pool-433-thread-1] INFO  impl.RaftServerImpl (ServerState.java:<init>(103)) - 8ea79bce-3765-45eb-b2d3-535100c914cf@group-F16D85F7E011: ConfigurationManager, init=-1: [8ea79bce-3765-45eb-b2d3-535100c914cf:172.17.0.2:34585], old=null, confs=<EMPTY_MAP>
2020-06-28 10:43:50,440 [pool-433-thread-1] INFO  server.RaftServerConfigKeys (ConfUtils.java:logGet(44)) - raft.server.storage.dir = [/github/workspace/mnt/ozone/hadoop-ozone/integration-test/target/test-dir/MiniOzoneClusterImpl-70ff22f2-c74d-429a-be4f-7513cb1d4b7b/datanode-2/data/ratis] (custom)
2020-06-28 10:43:50,440 [pool-433-thread-1] INFO  server.RaftServerConfigKeys (ConfUtils.java:logGet(44)) - raft.server.log.corruption.policy = EXCEPTION (default)
2020-06-28 10:43:50,440 [pool-433-thread-1] INFO  storage.RaftStorageDirectory (RaftStorageDirectory.java:analyzeStorage(261)) - The storage directory /github/workspace/mnt/ozone/hadoop-ozone/integration-test/target/test-dir/MiniOzoneClusterImpl-70ff22f2-c74d-429a-be4f-7513cb1d4b7b/datanode-2/data/ratis/ced1d7a5-09da-44f5-a64d-f16d85f7e011 does not exist. Creating ...
2020-06-28 10:43:50,442 [pool-418-thread-1] INFO  server.RaftServerConfigKeys (ConfUtils.java:logGet(44)) - raft.server.log.statemachine.data.caching.enabled = true (custom)
2020-06-28 10:43:50,442 [pool-418-thread-1] INFO  segmented.SegmentedRaftLogWorker (SegmentedRaftLogWorker.java:lambda$new$0(129)) - 25e14e54-dedc-49b5-a0d9-9290319fa0de@group-934E6379BBC7-SegmentedRaftLogWorker: flushIndex: setUnconditionally 0 -> -1
2020-06-28 10:43:50,442 [pool-418-thread-1] INFO  segmented.SegmentedRaftLogWorker (SegmentedRaftLogWorker.java:lambda$new$0(129)) - 25e14e54-dedc-49b5-a0d9-9290319fa0de@group-934E6379BBC7-SegmentedRaftLogWorker: safeCacheEvictIndex: setUnconditionally 0 -> -1
2020-06-28 10:43:50,442 [pool-433-thread-1] INFO  storage.RaftStorageDirectory (RaftStorageDirectory.java:tryLock(343)) - Lock on /github/workspace/mnt/ozone/hadoop-ozone/integration-test/target/test-dir/MiniOzoneClusterImpl-70ff22f2-c74d-429a-be4f-7513cb1d4b7b/datanode-2/data/ratis/ced1d7a5-09da-44f5-a64d-f16d85f7e011/in_use.lock acquired by nodename 22100@720bba7d72d5
2020-06-28 10:43:50,442 [pool-418-thread-1] INFO  server.RaftServerConfigKeys (ConfUtils.java:logGet(44)) - raft.server.snapshot.auto.trigger.enabled = true (custom)
2020-06-28 10:43:50,442 [pool-418-thread-1] INFO  server.RaftServerConfigKeys (ConfUtils.java:logGet(44)) - raft.server.snapshot.auto.trigger.threshold = 10000 (custom)
2020-06-28 10:43:50,442 [pool-418-thread-1] INFO  server.RaftServerConfigKeys (ConfUtils.java:logGet(44)) - raft.server.snapshot.retention.file.num = 5 (custom)
2020-06-28 10:43:50,443 [pool-418-thread-1] INFO  server.RaftServerConfigKeys (ConfUtils.java:logGet(44)) - raft.server.log.purge.upto.snapshot.index = false (default)
2020-06-28 10:43:50,443 [pool-418-thread-1] INFO  server.RaftServerConfigKeys (ConfUtils.java:logGet(44)) - raft.server.retrycache.expirytime = 600000ms (custom)
2020-06-28 10:43:50,443 [pool-418-thread-1] INFO  metrics.RatisMetrics (RatisMetrics.java:lambda$create$0(36)) - Creating Metrics Registry : ratis.leader_election.25e14e54-dedc-49b5-a0d9-9290319fa0de@group-934E6379BBC7
2020-06-28 10:43:50,443 [pool-418-thread-1] INFO  metrics.RatisMetrics (RatisMetrics.java:lambda$create$0(36)) - Creating Metrics Registry : ratis.server.25e14e54-dedc-49b5-a0d9-9290319fa0de@group-934E6379BBC7
2020-06-28 10:43:50,450 [pool-433-thread-1] INFO  storage.RaftStorage (RaftStorage.java:format(84)) - Storage directory /github/workspace/mnt/ozone/hadoop-ozone/integration-test/target/test-dir/MiniOzoneClusterImpl-70ff22f2-c74d-429a-be4f-7513cb1d4b7b/datanode-2/data/ratis/ced1d7a5-09da-44f5-a64d-f16d85f7e011 has been successfully formatted.
2020-06-28 10:43:50,451 [pool-433-thread-1] INFO  ratis.ContainerStateMachine (ContainerStateMachine.java:loadSnapshot(226)) - group-F16D85F7E011: The snapshot info is null. Setting the last applied indexto:(t:0, i:~)
2020-06-28 10:43:50,451 [pool-433-thread-1] INFO  server.RaftServerConfigKeys (ConfUtils.java:logGet(44)) - raft.server.notification.no-leader.timeout = 60s (default)
2020-06-28 10:43:50,451 [pool-433-thread-1] INFO  server.RaftServerConfigKeys (ConfUtils.java:logGet(44)) - raft.server.log.use.memory = false (default)
2020-06-28 10:43:50,451 [pool-433-thread-1] INFO  server.RaftServerConfigKeys (ConfUtils.java:logGet(44)) - raft.server.log.purge.gap = 1000000 (custom)
2020-06-28 10:43:50,451 [pool-433-thread-1] INFO  server.RaftServerConfigKeys (ConfUtils.java:logGet(44)) - raft.server.log.appender.buffer.byte-limit = 33554432 (custom)
2020-06-28 10:43:50,451 [pool-433-thread-1] INFO  server.RaftServerConfigKeys (ConfUtils.java:logGet(44)) - raft.server.log.segment.size.max = 1048576 (custom)
2020-06-28 10:43:50,451 [pool-433-thread-1] INFO  metrics.RatisMetrics (RatisMetrics.java:lambda$create$0(36)) - Creating Metrics Registry : ratis.log_worker.8ea79bce-3765-45eb-b2d3-535100c914cf@group-F16D85F7E011
2020-06-28 10:43:50,451 [pool-433-thread-1] INFO  server.RaftServerConfigKeys (ConfUtils.java:logGet(44)) - raft.server.log.segment.cache.num.max = 2 (custom)
2020-06-28 10:43:50,451 [pool-433-thread-1] INFO  segmented.SegmentedRaftLogWorker (SegmentedRaftLogWorker.java:<init>(180)) - new 8ea79bce-3765-45eb-b2d3-535100c914cf@group-F16D85F7E011-SegmentedRaftLogWorker for RaftStorage:Storage Directory /github/workspace/mnt/ozone/hadoop-ozone/integration-test/target/test-dir/MiniOzoneClusterImpl-70ff22f2-c74d-429a-be4f-7513cb1d4b7b/datanode-2/data/ratis/ced1d7a5-09da-44f5-a64d-f16d85f7e011
2020-06-28 10:43:50,452 [pool-433-thread-1] INFO  server.RaftServerConfigKeys (ConfUtils.java:logGet(44)) - raft.server.log.queue.byte-limit = 2147483647 (custom)
2020-06-28 10:43:50,452 [pool-433-thread-1] INFO  server.RaftServerConfigKeys (ConfUtils.java:logGet(44)) - raft.server.log.queue.element-limit = 1024 (custom)
2020-06-28 10:43:50,452 [pool-433-thread-1] INFO  server.RaftServerConfigKeys (ConfUtils.java:logGet(44)) - raft.server.log.segment.size.max = 1048576 (custom)
2020-06-28 10:43:50,452 [pool-433-thread-1] INFO  server.RaftServerConfigKeys (ConfUtils.java:logGet(44)) - raft.server.log.preallocated.size = 16384 (custom)
2020-06-28 10:43:50,452 [pool-433-thread-1] INFO  server.RaftServerConfigKeys (ConfUtils.java:logGet(44)) - raft.server.log.write.buffer.size = 1048576 (custom)
2020-06-28 10:43:50,452 [pool-433-thread-1] INFO  server.RaftServerConfigKeys (ConfUtils.java:logGet(44)) - raft.server.log.force.sync.num = 128 (default)
2020-06-28 10:43:50,452 [pool-433-thread-1] INFO  server.RaftServerConfigKeys (ConfUtils.java:logGet(44)) - raft.server.log.statemachine.data.sync = true (default)
2020-06-28 10:43:50,452 [pool-433-thread-1] INFO  server.RaftServerConfigKeys (ConfUtils.java:logGet(44)) - raft.server.log.statemachine.data.sync.timeout = 10s (default)
2020-06-28 10:43:50,452 [pool-433-thread-1] INFO  server.RaftServerConfigKeys (ConfUtils.java:logGet(44)) - raft.server.log.statemachine.data.sync.timeout.retry = -1 (default)
2020-06-28 10:43:50,448 [Command processor thread] INFO  commandhandler.CreatePipelineCommandHandler (CreatePipelineCommandHandler.java:handle(109)) - Created Pipeline RATIS THREE #id: "bdfe4f9d-1ccc-4f14-805a-934e6379bbc7"
.
2020-06-28 10:43:50,452 [pool-418-thread-1] INFO  impl.RaftServerImpl (RaftServerImpl.java:start(186)) - 25e14e54-dedc-49b5-a0d9-9290319fa0de@group-934E6379BBC7: start as a follower, conf=-1: [8ea79bce-3765-45eb-b2d3-535100c914cf:172.17.0.2:34585, 25e14e54-dedc-49b5-a0d9-9290319fa0de:172.17.0.2:45027, 8da610d4-c262-4b40-863f-7000a32f6a27:172.17.0.2:40217], old=null
2020-06-28 10:43:50,455 [pool-418-thread-1] INFO  impl.RaftServerImpl (RaftServerImpl.java:setRole(175)) - 25e14e54-dedc-49b5-a0d9-9290319fa0de@group-934E6379BBC7: changes role from      null to FOLLOWER at term 0 for startAsFollower
2020-06-28 10:43:50,455 [pool-418-thread-1] INFO  impl.RoleInfo (RoleInfo.java:updateAndGet(143)) - 25e14e54-dedc-49b5-a0d9-9290319fa0de: start FollowerState
2020-06-28 10:43:50,455 [EventQueue-PipelineReportForPipelineReportHandler] INFO  pipeline.PipelineStateManager (PipelineStateManager.java:openPipeline(131)) - Pipeline Pipeline[ Id: ced1d7a5-09da-44f5-a64d-f16d85f7e011, Nodes: 8ea79bce-3765-45eb-b2d3-535100c914cf{ip: 172.17.0.2, host: 720bba7d72d5, networkLocation: /default-rack, certSerialId: null}, Type:RATIS, Factor:ONE, State:ALLOCATED, leaderId:8ea79bce-3765-45eb-b2d3-535100c914cf, CreationTimestamp2020-06-28T10:43:47.439Z] moved to OPEN state
2020-06-28 10:43:50,455 [EventQueue-OpenPipelineForHealthyPipelineSafeModeRule] INFO  safemode.SCMSafeModeManager (HealthyPipelineSafeModeRule.java:process(129)) - SCM in safe mode. Healthy pipelines reported count is 0, required healthy pipeline reported count is 1
2020-06-28 10:43:50,456 [EventQueue-OpenPipelineForOneReplicaPipelineSafeModeRule] INFO  safemode.SCMSafeModeManager (SCMSafeModeManager.java:validateSafeModeExitRules(214)) - AtleastOneDatanodeReportedRule rule is successfully validated
2020-06-28 10:43:50,456 [pool-433-thread-1] INFO  server.RaftServerConfigKeys (ConfUtils.java:logGet(44)) - raft.server.log.statemachine.data.caching.enabled = true (custom)
2020-06-28 10:43:50,456 [pool-433-thread-1] INFO  segmented.SegmentedRaftLogWorker (SegmentedRaftLogWorker.java:lambda$new$0(129)) - 8ea79bce-3765-45eb-b2d3-535100c914cf@group-F16D85F7E011-SegmentedRaftLogWorker: flushIndex: setUnconditionally 0 -> -1
2020-06-28 10:43:50,456 [pool-433-thread-1] INFO  segmented.SegmentedRaftLogWorker (SegmentedRaftLogWorker.java:lambda$new$0(129)) - 8ea79bce-3765-45eb-b2d3-535100c914cf@group-F16D85F7E011-SegmentedRaftLogWorker: safeCacheEvictIndex: setUnconditionally 0 -> -1
2020-06-28 10:43:50,462 [pool-418-thread-1] INFO  util.JmxRegister (JmxRegister.java:tryRegister(44)) - Successfully registered JMX Bean with object name Ratis:service=RaftServer,group=group-934E6379BBC7,id=25e14e54-dedc-49b5-a0d9-9290319fa0de
2020-06-28 10:43:50,463 [pool-418-thread-1] INFO  metrics.RatisMetrics (RatisMetrics.java:lambda$create$0(36)) - Creating Metrics Registry : ratis.state_machine.25e14e54-dedc-49b5-a0d9-9290319fa0de@group-934E6379BBC7
2020-06-28 10:43:50,463 [pool-433-thread-1] INFO  server.RaftServerConfigKeys (ConfUtils.java:logGet(44)) - raft.server.snapshot.auto.trigger.enabled = true (custom)
2020-06-28 10:43:50,463 [pool-433-thread-1] INFO  server.RaftServerConfigKeys (ConfUtils.java:logGet(44)) - raft.server.snapshot.auto.trigger.threshold = 10000 (custom)
2020-06-28 10:43:50,463 [pool-433-thread-1] INFO  server.RaftServerConfigKeys (ConfUtils.java:logGet(44)) - raft.server.snapshot.retention.file.num = 5 (custom)
2020-06-28 10:43:50,463 [pool-433-thread-1] INFO  server.RaftServerConfigKeys (ConfUtils.java:logGet(44)) - raft.server.log.purge.upto.snapshot.index = false (default)
2020-06-28 10:43:50,463 [pool-433-thread-1] INFO  server.RaftServerConfigKeys (ConfUtils.java:logGet(44)) - raft.server.retrycache.expirytime = 600000ms (custom)
2020-06-28 10:43:50,463 [pool-433-thread-1] INFO  metrics.RatisMetrics (RatisMetrics.java:lambda$create$0(36)) - Creating Metrics Registry : ratis.leader_election.8ea79bce-3765-45eb-b2d3-535100c914cf@group-F16D85F7E011
2020-06-28 10:43:50,463 [pool-433-thread-1] INFO  metrics.RatisMetrics (RatisMetrics.java:lambda$create$0(36)) - Creating Metrics Registry : ratis.server.8ea79bce-3765-45eb-b2d3-535100c914cf@group-F16D85F7E011
2020-06-28 10:43:50,465 [pool-433-thread-1] INFO  impl.RaftServerImpl (RaftServerImpl.java:start(186)) - 8ea79bce-3765-45eb-b2d3-535100c914cf@group-F16D85F7E011: start as a follower, conf=-1: [8ea79bce-3765-45eb-b2d3-535100c914cf:172.17.0.2:34585], old=null
2020-06-28 10:43:50,465 [pool-433-thread-1] INFO  impl.RaftServerImpl (RaftServerImpl.java:setRole(175)) - 8ea79bce-3765-45eb-b2d3-535100c914cf@group-F16D85F7E011: changes role from      null to FOLLOWER at term 0 for startAsFollower
2020-06-28 10:43:50,465 [pool-433-thread-1] INFO  impl.RoleInfo (RoleInfo.java:updateAndGet(143)) - 8ea79bce-3765-45eb-b2d3-535100c914cf: start FollowerState
2020-06-28 10:43:50,465 [pool-433-thread-1] INFO  util.JmxRegister (JmxRegister.java:tryRegister(44)) - Successfully registered JMX Bean with object name Ratis:service=RaftServer,group=group-F16D85F7E011,id=8ea79bce-3765-45eb-b2d3-535100c914cf
2020-06-28 10:43:50,465 [pool-433-thread-1] INFO  metrics.RatisMetrics (RatisMetrics.java:lambda$create$0(36)) - Creating Metrics Registry : ratis.state_machine.8ea79bce-3765-45eb-b2d3-535100c914cf@group-F16D85F7E011
2020-06-28 10:43:50,466 [Command processor thread] INFO  commandhandler.CreatePipelineCommandHandler (CreatePipelineCommandHandler.java:handle(109)) - Created Pipeline RATIS ONE #id: "ced1d7a5-09da-44f5-a64d-f16d85f7e011"
.
2020-06-28 10:43:50,504 [Command processor thread] INFO  commandhandler.CreatePipelineCommandHandler (CreatePipelineCommandHandler.java:handle(109)) - Created Pipeline RATIS THREE #id: "bdfe4f9d-1ccc-4f14-805a-934e6379bbc7"
.
2020-06-28 10:43:50,684 [grpc-default-executor-1] INFO  ratis.OzoneManagerStateMachine (OzoneManagerStateMachine.java:getLatestSnapshot(147)) - Latest Snapshot Info 0#-1
2020-06-28 10:43:50,685 [grpc-default-executor-1] DEBUG server.GrpcLogAppender (GrpcLogAppender.java:onNext(257)) - omNode-1@group-523986131536->omNode-3-AppendLogResponseHandler: received a reply omNode-1<-omNode-3#14:OK,SUCCESS,nextIndex:1,term:1,followerCommit:0, request=AppendEntriesRequest:cid=14,entriesCount=0,lastEntry=null
2020-06-28 10:43:50,686 [grpc-default-executor-1] INFO  ratis.OzoneManagerStateMachine (OzoneManagerStateMachine.java:getLatestSnapshot(147)) - Latest Snapshot Info 0#-1
2020-06-28 10:43:50,687 [grpc-default-executor-1] DEBUG server.GrpcLogAppender (GrpcLogAppender.java:onNext(257)) - omNode-1@group-523986131536->omNode-2-AppendLogResponseHandler: received a reply omNode-1<-omNode-2#14:OK,SUCCESS,nextIndex:1,term:1,followerCommit:0, request=AppendEntriesRequest:cid=14,entriesCount=0,lastEntry=null
2020-06-28 10:43:51,186 [grpc-default-executor-1] INFO  ratis.OzoneManagerStateMachine (OzoneManagerStateMachine.java:getLatestSnapshot(147)) - Latest Snapshot Info 0#-1
2020-06-28 10:43:51,187 [grpc-default-executor-1] DEBUG server.GrpcLogAppender (GrpcLogAppender.java:onNext(257)) - omNode-1@group-523986131536->omNode-3-AppendLogResponseHandler: received a reply omNode-1<-omNode-3#15:OK,SUCCESS,nextIndex:1,term:1,followerCommit:0, request=AppendEntriesRequest:cid=15,entriesCount=0,lastEntry=null
2020-06-28 10:43:51,188 [grpc-default-executor-1] INFO  ratis.OzoneManagerStateMachine (OzoneManagerStateMachine.java:getLatestSnapshot(147)) - Latest Snapshot Info 0#-1
2020-06-28 10:43:51,190 [grpc-default-executor-1] DEBUG server.GrpcLogAppender (GrpcLogAppender.java:onNext(257)) - omNode-1@group-523986131536->omNode-2-AppendLogResponseHandler: received a reply omNode-1<-omNode-2#15:OK,SUCCESS,nextIndex:1,term:1,followerCommit:0, request=AppendEntriesRequest:cid=15,entriesCount=0,lastEntry=null
2020-06-28 10:43:51,433 [Listener at 127.0.0.1/10264] INFO  ozone.MiniOzoneClusterImpl (MiniOzoneClusterImpl.java:lambda$waitForClusterToBeReady$0(177)) - Nodes are ready. Got 3 of 3 DN Heartbeats.
2020-06-28 10:43:51,433 [Listener at 127.0.0.1/10264] INFO  ozone.MiniOzoneClusterImpl (MiniOzoneClusterImpl.java:lambda$waitForClusterToBeReady$0(180)) - Waiting for cluster to exit safe mode
2020-06-28 10:43:51,688 [grpc-default-executor-1] INFO  ratis.OzoneManagerStateMachine (OzoneManagerStateMachine.java:getLatestSnapshot(147)) - Latest Snapshot Info 0#-1
2020-06-28 10:43:51,689 [grpc-default-executor-1] DEBUG server.GrpcLogAppender (GrpcLogAppender.java:onNext(257)) - omNode-1@group-523986131536->omNode-3-AppendLogResponseHandler: received a reply omNode-1<-omNode-3#16:OK,SUCCESS,nextIndex:1,term:1,followerCommit:0, request=AppendEntriesRequest:cid=16,entriesCount=0,lastEntry=null
2020-06-28 10:43:51,690 [grpc-default-executor-1] INFO  ratis.OzoneManagerStateMachine (OzoneManagerStateMachine.java:getLatestSnapshot(147)) - Latest Snapshot Info 0#-1
2020-06-28 10:43:51,692 [grpc-default-executor-1] DEBUG server.GrpcLogAppender (GrpcLogAppender.java:onNext(257)) - omNode-1@group-523986131536->omNode-2-AppendLogResponseHandler: received a reply omNode-1<-omNode-2#16:OK,SUCCESS,nextIndex:1,term:1,followerCommit:0, request=AppendEntriesRequest:cid=16,entriesCount=0,lastEntry=null
2020-06-28 10:43:52,190 [grpc-default-executor-1] INFO  ratis.OzoneManagerStateMachine (OzoneManagerStateMachine.java:getLatestSnapshot(147)) - Latest Snapshot Info 0#-1
2020-06-28 10:43:52,191 [grpc-default-executor-1] DEBUG server.GrpcLogAppender (GrpcLogAppender.java:onNext(257)) - omNode-1@group-523986131536->omNode-3-AppendLogResponseHandler: received a reply omNode-1<-omNode-3#17:OK,SUCCESS,nextIndex:1,term:1,followerCommit:0, request=AppendEntriesRequest:cid=17,entriesCount=0,lastEntry=null
2020-06-28 10:43:52,192 [grpc-default-executor-1] INFO  ratis.OzoneManagerStateMachine (OzoneManagerStateMachine.java:getLatestSnapshot(147)) - Latest Snapshot Info 0#-1
2020-06-28 10:43:52,193 [grpc-default-executor-1] DEBUG server.GrpcLogAppender (GrpcLogAppender.java:onNext(257)) - omNode-1@group-523986131536->omNode-2-AppendLogResponseHandler: received a reply omNode-1<-omNode-2#17:OK,SUCCESS,nextIndex:1,term:1,followerCommit:0, request=AppendEntriesRequest:cid=17,entriesCount=0,lastEntry=null
2020-06-28 10:43:52,434 [Listener at 127.0.0.1/10264] INFO  ozone.MiniOzoneClusterImpl (MiniOzoneClusterImpl.java:lambda$waitForClusterToBeReady$0(177)) - Nodes are ready. Got 3 of 3 DN Heartbeats.
2020-06-28 10:43:52,434 [Listener at 127.0.0.1/10264] INFO  ozone.MiniOzoneClusterImpl (MiniOzoneClusterImpl.java:lambda$waitForClusterToBeReady$0(180)) - Waiting for cluster to exit safe mode
2020-06-28 10:43:52,692 [grpc-default-executor-1] INFO  ratis.OzoneManagerStateMachine (OzoneManagerStateMachine.java:getLatestSnapshot(147)) - Latest Snapshot Info 0#-1
2020-06-28 10:43:52,693 [grpc-default-executor-1] INFO  ratis.OzoneManagerStateMachine (OzoneManagerStateMachine.java:getLatestSnapshot(147)) - Latest Snapshot Info 0#-1
2020-06-28 10:43:52,693 [grpc-default-executor-3] DEBUG server.GrpcLogAppender (GrpcLogAppender.java:onNext(257)) - omNode-1@group-523986131536->omNode-3-AppendLogResponseHandler: received a reply omNode-1<-omNode-3#18:OK,SUCCESS,nextIndex:1,term:1,followerCommit:0, request=AppendEntriesRequest:cid=18,entriesCount=0,lastEntry=null
2020-06-28 10:43:52,694 [grpc-default-executor-3] DEBUG server.GrpcLogAppender (GrpcLogAppender.java:onNext(257)) - omNode-1@group-523986131536->omNode-2-AppendLogResponseHandler: received a reply omNode-1<-omNode-2#18:OK,SUCCESS,nextIndex:1,term:1,followerCommit:0, request=AppendEntriesRequest:cid=18,entriesCount=0,lastEntry=null
2020-06-28 10:43:53,194 [grpc-default-executor-3] INFO  ratis.OzoneManagerStateMachine (OzoneManagerStateMachine.java:getLatestSnapshot(147)) - Latest Snapshot Info 0#-1
2020-06-28 10:43:53,194 [grpc-default-executor-1] INFO  ratis.OzoneManagerStateMachine (OzoneManagerStateMachine.java:getLatestSnapshot(147)) - Latest Snapshot Info 0#-1
2020-06-28 10:43:53,195 [grpc-default-executor-1] DEBUG server.GrpcLogAppender (GrpcLogAppender.java:onNext(257)) - omNode-1@group-523986131536->omNode-3-AppendLogResponseHandler: received a reply omNode-1<-omNode-3#19:OK,SUCCESS,nextIndex:1,term:1,followerCommit:0, request=AppendEntriesRequest:cid=19,entriesCount=0,lastEntry=null
2020-06-28 10:43:53,196 [grpc-default-executor-1] DEBUG server.GrpcLogAppender (GrpcLogAppender.java:onNext(257)) - omNode-1@group-523986131536->omNode-2-AppendLogResponseHandler: received a reply omNode-1<-omNode-2#19:OK,SUCCESS,nextIndex:1,term:1,followerCommit:0, request=AppendEntriesRequest:cid=19,entriesCount=0,lastEntry=null
2020-06-28 10:43:53,434 [Listener at 127.0.0.1/10264] INFO  ozone.MiniOzoneClusterImpl (MiniOzoneClusterImpl.java:lambda$waitForClusterToBeReady$0(177)) - Nodes are ready. Got 3 of 3 DN Heartbeats.
2020-06-28 10:43:53,434 [Listener at 127.0.0.1/10264] INFO  ozone.MiniOzoneClusterImpl (MiniOzoneClusterImpl.java:lambda$waitForClusterToBeReady$0(180)) - Waiting for cluster to exit safe mode
2020-06-28 10:43:53,696 [grpc-default-executor-1] INFO  ratis.OzoneManagerStateMachine (OzoneManagerStateMachine.java:getLatestSnapshot(147)) - Latest Snapshot Info 0#-1
2020-06-28 10:43:53,698 [grpc-default-executor-1] DEBUG server.GrpcLogAppender (GrpcLogAppender.java:onNext(257)) - omNode-1@group-523986131536->omNode-3-AppendLogResponseHandler: received a reply omNode-1<-omNode-3#20:OK,SUCCESS,nextIndex:1,term:1,followerCommit:0, request=AppendEntriesRequest:cid=20,entriesCount=0,lastEntry=null
2020-06-28 10:43:53,699 [grpc-default-executor-3] INFO  ratis.OzoneManagerStateMachine (OzoneManagerStateMachine.java:getLatestSnapshot(147)) - Latest Snapshot Info 0#-1
2020-06-28 10:43:53,699 [grpc-default-executor-3] DEBUG server.GrpcLogAppender (GrpcLogAppender.java:onNext(257)) - omNode-1@group-523986131536->omNode-2-AppendLogResponseHandler: received a reply omNode-1<-omNode-2#20:OK,SUCCESS,nextIndex:1,term:1,followerCommit:0, request=AppendEntriesRequest:cid=20,entriesCount=0,lastEntry=null
2020-06-28 10:43:54,199 [grpc-default-executor-3] INFO  ratis.OzoneManagerStateMachine (OzoneManagerStateMachine.java:getLatestSnapshot(147)) - Latest Snapshot Info 0#-1
2020-06-28 10:43:54,200 [grpc-default-executor-3] INFO  ratis.OzoneManagerStateMachine (OzoneManagerStateMachine.java:getLatestSnapshot(147)) - Latest Snapshot Info 0#-1
2020-06-28 10:43:54,201 [grpc-default-executor-1] DEBUG server.GrpcLogAppender (GrpcLogAppender.java:onNext(257)) - omNode-1@group-523986131536->omNode-2-AppendLogResponseHandler: received a reply omNode-1<-omNode-2#21:OK,SUCCESS,nextIndex:1,term:1,followerCommit:0, request=AppendEntriesRequest:cid=21,entriesCount=0,lastEntry=null
2020-06-28 10:43:54,201 [grpc-default-executor-3] DEBUG server.GrpcLogAppender (GrpcLogAppender.java:onNext(257)) - omNode-1@group-523986131536->omNode-3-AppendLogResponseHandler: received a reply omNode-1<-omNode-3#21:OK,SUCCESS,nextIndex:1,term:1,followerCommit:0, request=AppendEntriesRequest:cid=21,entriesCount=0,lastEntry=null
2020-06-28 10:43:54,434 [Listener at 127.0.0.1/10264] INFO  ozone.MiniOzoneClusterImpl (MiniOzoneClusterImpl.java:lambda$waitForClusterToBeReady$0(177)) - Nodes are ready. Got 3 of 3 DN Heartbeats.
2020-06-28 10:43:54,434 [Listener at 127.0.0.1/10264] INFO  ozone.MiniOzoneClusterImpl (MiniOzoneClusterImpl.java:lambda$waitForClusterToBeReady$0(180)) - Waiting for cluster to exit safe mode
2020-06-28 10:43:54,702 [grpc-default-executor-1] INFO  ratis.OzoneManagerStateMachine (OzoneManagerStateMachine.java:getLatestSnapshot(147)) - Latest Snapshot Info 0#-1
2020-06-28 10:43:54,702 [grpc-default-executor-3] INFO  ratis.OzoneManagerStateMachine (OzoneManagerStateMachine.java:getLatestSnapshot(147)) - Latest Snapshot Info 0#-1
2020-06-28 10:43:54,703 [grpc-default-executor-3] DEBUG server.GrpcLogAppender (GrpcLogAppender.java:onNext(257)) - omNode-1@group-523986131536->omNode-2-AppendLogResponseHandler: received a reply omNode-1<-omNode-2#22:OK,SUCCESS,nextIndex:1,term:1,followerCommit:0, request=AppendEntriesRequest:cid=22,entriesCount=0,lastEntry=null
2020-06-28 10:43:54,703 [grpc-default-executor-3] DEBUG server.GrpcLogAppender (GrpcLogAppender.java:onNext(257)) - omNode-1@group-523986131536->omNode-3-AppendLogResponseHandler: received a reply omNode-1<-omNode-3#22:OK,SUCCESS,nextIndex:1,term:1,followerCommit:0, request=AppendEntriesRequest:cid=22,entriesCount=0,lastEntry=null
2020-06-28 10:43:55,204 [grpc-default-executor-3] INFO  ratis.OzoneManagerStateMachine (OzoneManagerStateMachine.java:getLatestSnapshot(147)) - Latest Snapshot Info 0#-1
2020-06-28 10:43:55,204 [grpc-default-executor-1] INFO  ratis.OzoneManagerStateMachine (OzoneManagerStateMachine.java:getLatestSnapshot(147)) - Latest Snapshot Info 0#-1
2020-06-28 10:43:55,205 [grpc-default-executor-1] DEBUG server.GrpcLogAppender (GrpcLogAppender.java:onNext(257)) - omNode-1@group-523986131536->omNode-2-AppendLogResponseHandler: received a reply omNode-1<-omNode-2#23:OK,SUCCESS,nextIndex:1,term:1,followerCommit:0, request=AppendEntriesRequest:cid=23,entriesCount=0,lastEntry=null
2020-06-28 10:43:55,205 [grpc-default-executor-1] DEBUG server.GrpcLogAppender (GrpcLogAppender.java:onNext(257)) - omNode-1@group-523986131536->omNode-3-AppendLogResponseHandler: received a reply omNode-1<-omNode-3#23:OK,SUCCESS,nextIndex:1,term:1,followerCommit:0, request=AppendEntriesRequest:cid=23,entriesCount=0,lastEntry=null
2020-06-28 10:43:55,416 [Thread-1689] INFO  impl.FollowerState (FollowerState.java:run(108)) - 8da610d4-c262-4b40-863f-7000a32f6a27@group-34B2AF571221-FollowerState: change to CANDIDATE, lastRpcTime:5057ms, electionTimeout:5056ms
2020-06-28 10:43:55,416 [Thread-1689] INFO  impl.RoleInfo (RoleInfo.java:shutdownFollowerState(121)) - 8da610d4-c262-4b40-863f-7000a32f6a27: shutdown FollowerState
2020-06-28 10:43:55,416 [Thread-1689] INFO  impl.RaftServerImpl (RaftServerImpl.java:setRole(175)) - 8da610d4-c262-4b40-863f-7000a32f6a27@group-34B2AF571221: changes role from  FOLLOWER to CANDIDATE at term 0 for changeToCandidate
2020-06-28 10:43:55,416 [Thread-1689] INFO  impl.RoleInfo (RoleInfo.java:updateAndGet(143)) - 8da610d4-c262-4b40-863f-7000a32f6a27: start LeaderElection
2020-06-28 10:43:55,419 [8da610d4-c262-4b40-863f-7000a32f6a27@group-34B2AF571221-LeaderElection20] INFO  impl.LeaderElection (LeaderElection.java:askForVotes(206)) - 8da610d4-c262-4b40-863f-7000a32f6a27@group-34B2AF571221-LeaderElection20: begin an election at term 1 for -1: [8da610d4-c262-4b40-863f-7000a32f6a27:172.17.0.2:40217], old=null
2020-06-28 10:43:55,419 [8da610d4-c262-4b40-863f-7000a32f6a27@group-34B2AF571221-LeaderElection20] INFO  impl.RoleInfo (RoleInfo.java:shutdownLeaderElection(134)) - 8da610d4-c262-4b40-863f-7000a32f6a27: shutdown LeaderElection
2020-06-28 10:43:55,419 [8da610d4-c262-4b40-863f-7000a32f6a27@group-34B2AF571221-LeaderElection20] INFO  impl.RaftServerImpl (RaftServerImpl.java:setRole(175)) - 8da610d4-c262-4b40-863f-7000a32f6a27@group-34B2AF571221: changes role from CANDIDATE to LEADER at term 1 for changeToLeader
2020-06-28 10:43:55,420 [8da610d4-c262-4b40-863f-7000a32f6a27@group-34B2AF571221-LeaderElection20] INFO  ratis.XceiverServerRatis (XceiverServerRatis.java:handleLeaderChangedNotification(762)) - Leader change notification received for group: group-34B2AF571221 with new leaderId: 8da610d4-c262-4b40-863f-7000a32f6a27
2020-06-28 10:43:55,420 [8da610d4-c262-4b40-863f-7000a32f6a27@group-34B2AF571221-LeaderElection20] INFO  impl.RaftServerImpl (ServerState.java:setLeader(255)) - 8da610d4-c262-4b40-863f-7000a32f6a27@group-34B2AF571221: change Leader from null to 8da610d4-c262-4b40-863f-7000a32f6a27 at term 1 for becomeLeader, leader elected after 5076ms
2020-06-28 10:43:55,420 [8da610d4-c262-4b40-863f-7000a32f6a27@group-34B2AF571221-LeaderElection20] INFO  server.RaftServerConfigKeys (ConfUtils.java:logGet(44)) - raft.server.staging.catchup.gap = 1000 (default)
2020-06-28 10:43:55,420 [8da610d4-c262-4b40-863f-7000a32f6a27@group-34B2AF571221-LeaderElection20] INFO  server.RaftServerConfigKeys (ConfUtils.java:logGet(44)) - raft.server.rpc.sleep.time = 25ms (default)
2020-06-28 10:43:55,420 [8da610d4-c262-4b40-863f-7000a32f6a27@group-34B2AF571221-LeaderElection20] INFO  metrics.RatisMetrics (RatisMetrics.java:lambda$create$0(36)) - Creating Metrics Registry : ratis.log_appender.8da610d4-c262-4b40-863f-7000a32f6a27@group-34B2AF571221
2020-06-28 10:43:55,421 [8da610d4-c262-4b40-863f-7000a32f6a27@group-34B2AF571221-LeaderElection20] INFO  server.RaftServerConfigKeys (ConfUtils.java:logGet(44)) - raft.server.write.element-limit = 1024 (custom)
2020-06-28 10:43:55,421 [8da610d4-c262-4b40-863f-7000a32f6a27@group-34B2AF571221-LeaderElection20] INFO  server.RaftServerConfigKeys (ConfUtils.java:logGet(44)) - raft.server.write.byte-limit = 1073741824 (custom)
2020-06-28 10:43:55,421 [8da610d4-c262-4b40-863f-7000a32f6a27@group-34B2AF571221-LeaderElection20] INFO  server.RaftServerConfigKeys (ConfUtils.java:logGet(44)) - raft.server.watch.timeout = 180s (custom)
2020-06-28 10:43:55,421 [8da610d4-c262-4b40-863f-7000a32f6a27@group-34B2AF571221-LeaderElection20] INFO  server.RaftServerConfigKeys (ConfUtils.java:logGet(44)) - raft.server.watch.timeout.denomination = 1s (default)
2020-06-28 10:43:55,421 [8da610d4-c262-4b40-863f-7000a32f6a27@group-34B2AF571221-LeaderElection20] INFO  server.RaftServerConfigKeys (ConfUtils.java:logGet(44)) - raft.server.watch.element-limit = 65536 (default)
2020-06-28 10:43:55,422 [8da610d4-c262-4b40-863f-7000a32f6a27@group-34B2AF571221-LeaderElection20] INFO  impl.RoleInfo (RoleInfo.java:updateAndGet(143)) - 8da610d4-c262-4b40-863f-7000a32f6a27: start LeaderState
2020-06-28 10:43:55,422 [8da610d4-c262-4b40-863f-7000a32f6a27@group-34B2AF571221-LeaderElection20] INFO  segmented.SegmentedRaftLogWorker (SegmentedRaftLogWorker.java:startLogSegment(397)) - 8da610d4-c262-4b40-863f-7000a32f6a27@group-34B2AF571221-SegmentedRaftLogWorker: Starting segment from index:0
2020-06-28 10:43:55,423 [8da610d4-c262-4b40-863f-7000a32f6a27@group-34B2AF571221-LeaderElection20] INFO  impl.RaftServerImpl (ServerState.java:setRaftConf(356)) - 8da610d4-c262-4b40-863f-7000a32f6a27@group-34B2AF571221: set configuration 0: [8da610d4-c262-4b40-863f-7000a32f6a27:172.17.0.2:40217], old=null at 0
2020-06-28 10:43:55,424 [8da610d4-c262-4b40-863f-7000a32f6a27@group-34B2AF571221-SegmentedRaftLogWorker] INFO  segmented.SegmentedRaftLogWorker (SegmentedRaftLogWorker.java:execute(596)) - 8da610d4-c262-4b40-863f-7000a32f6a27@group-34B2AF571221-SegmentedRaftLogWorker: created new log segment /github/workspace/mnt/ozone/hadoop-ozone/integration-test/target/test-dir/MiniOzoneClusterImpl-70ff22f2-c74d-429a-be4f-7513cb1d4b7b/datanode-0/data/ratis/54d58908-cfa9-440a-b4a6-34b2af571221/current/log_inprogress_0
2020-06-28 10:43:55,435 [Listener at 127.0.0.1/10264] INFO  ozone.MiniOzoneClusterImpl (MiniOzoneClusterImpl.java:lambda$waitForClusterToBeReady$0(177)) - Nodes are ready. Got 3 of 3 DN Heartbeats.
2020-06-28 10:43:55,435 [Listener at 127.0.0.1/10264] INFO  ozone.MiniOzoneClusterImpl (MiniOzoneClusterImpl.java:lambda$waitForClusterToBeReady$0(180)) - Waiting for cluster to exit safe mode
2020-06-28 10:43:55,463 [Thread-1693] INFO  impl.FollowerState (FollowerState.java:run(108)) - 8ea79bce-3765-45eb-b2d3-535100c914cf@group-934E6379BBC7-FollowerState: change to CANDIDATE, lastRpcTime:5063ms, electionTimeout:5063ms
2020-06-28 10:43:55,464 [Thread-1693] INFO  impl.RoleInfo (RoleInfo.java:shutdownFollowerState(121)) - 8ea79bce-3765-45eb-b2d3-535100c914cf: shutdown FollowerState
2020-06-28 10:43:55,464 [Thread-1693] INFO  impl.RaftServerImpl (RaftServerImpl.java:setRole(175)) - 8ea79bce-3765-45eb-b2d3-535100c914cf@group-934E6379BBC7: changes role from  FOLLOWER to CANDIDATE at term 0 for changeToCandidate
2020-06-28 10:43:55,464 [Thread-1693] INFO  impl.RoleInfo (RoleInfo.java:updateAndGet(143)) - 8ea79bce-3765-45eb-b2d3-535100c914cf: start LeaderElection
2020-06-28 10:43:55,467 [8ea79bce-3765-45eb-b2d3-535100c914cf@group-934E6379BBC7-LeaderElection21] INFO  impl.LeaderElection (LeaderElection.java:askForVotes(206)) - 8ea79bce-3765-45eb-b2d3-535100c914cf@group-934E6379BBC7-LeaderElection21: begin an election at term 1 for -1: [8ea79bce-3765-45eb-b2d3-535100c914cf:172.17.0.2:34585, 25e14e54-dedc-49b5-a0d9-9290319fa0de:172.17.0.2:45027, 8da610d4-c262-4b40-863f-7000a32f6a27:172.17.0.2:40217], old=null
2020-06-28 10:43:55,475 [grpc-default-executor-1] DEBUG impl.RaftServerImpl (RaftServerImpl.java:requestVote(821)) - 25e14e54-dedc-49b5-a0d9-9290319fa0de@group-934E6379BBC7: receive requestVote(8ea79bce-3765-45eb-b2d3-535100c914cf, group-934E6379BBC7, 1, (t:0, i:0))
2020-06-28 10:43:55,476 [grpc-default-executor-1] INFO  impl.RaftServerImpl (RaftServerImpl.java:setRole(175)) - 25e14e54-dedc-49b5-a0d9-9290319fa0de@group-934E6379BBC7: changes role from  FOLLOWER to FOLLOWER at term 1 for recognizeCandidate:8ea79bce-3765-45eb-b2d3-535100c914cf
2020-06-28 10:43:55,476 [grpc-default-executor-1] INFO  impl.RoleInfo (RoleInfo.java:shutdownFollowerState(121)) - 25e14e54-dedc-49b5-a0d9-9290319fa0de: shutdown FollowerState
2020-06-28 10:43:55,476 [grpc-default-executor-1] INFO  impl.RoleInfo (RoleInfo.java:updateAndGet(143)) - 25e14e54-dedc-49b5-a0d9-9290319fa0de: start FollowerState
2020-06-28 10:43:55,476 [Thread-1699] INFO  impl.FollowerState (FollowerState.java:run(117)) - 25e14e54-dedc-49b5-a0d9-9290319fa0de@group-934E6379BBC7-FollowerState was interrupted: java.lang.InterruptedException: sleep interrupted
2020-06-28 10:43:55,479 [grpc-default-executor-3] DEBUG impl.RaftServerImpl (RaftServerImpl.java:requestVote(821)) - 8da610d4-c262-4b40-863f-7000a32f6a27@group-934E6379BBC7: receive requestVote(8ea79bce-3765-45eb-b2d3-535100c914cf, group-934E6379BBC7, 1, (t:0, i:0))
2020-06-28 10:43:55,487 [grpc-default-executor-3] INFO  impl.RaftServerImpl (RaftServerImpl.java:setRole(175)) - 8da610d4-c262-4b40-863f-7000a32f6a27@group-934E6379BBC7: changes role from  FOLLOWER to FOLLOWER at term 1 for recognizeCandidate:8ea79bce-3765-45eb-b2d3-535100c914cf
2020-06-28 10:43:55,487 [grpc-default-executor-3] INFO  impl.RoleInfo (RoleInfo.java:shutdownFollowerState(121)) - 8da610d4-c262-4b40-863f-7000a32f6a27: shutdown FollowerState
2020-06-28 10:43:55,488 [grpc-default-executor-3] INFO  impl.RoleInfo (RoleInfo.java:updateAndGet(143)) - 8da610d4-c262-4b40-863f-7000a32f6a27: start FollowerState
2020-06-28 10:43:55,488 [Thread-1691] INFO  impl.FollowerState (FollowerState.java:run(117)) - 8da610d4-c262-4b40-863f-7000a32f6a27@group-934E6379BBC7-FollowerState was interrupted: java.lang.InterruptedException: sleep interrupted
2020-06-28 10:43:55,489 [grpc-default-executor-1] DEBUG impl.RaftServerImpl (RaftServerImpl.java:requestVote(853)) - 25e14e54-dedc-49b5-a0d9-9290319fa0de@group-934E6379BBC7 replies to vote request: 8ea79bce-3765-45eb-b2d3-535100c914cf<-25e14e54-dedc-49b5-a0d9-9290319fa0de#0:OK-t1. Peer's state: 25e14e54-dedc-49b5-a0d9-9290319fa0de@group-934E6379BBC7:t1, leader=null, voted=8ea79bce-3765-45eb-b2d3-535100c914cf, raftlog=25e14e54-dedc-49b5-a0d9-9290319fa0de@group-934E6379BBC7-SegmentedRaftLog:OPENED:c-1,f-1,i0, conf=-1: [8ea79bce-3765-45eb-b2d3-535100c914cf:172.17.0.2:34585, 25e14e54-dedc-49b5-a0d9-9290319fa0de:172.17.0.2:45027, 8da610d4-c262-4b40-863f-7000a32f6a27:172.17.0.2:40217], old=null
2020-06-28 10:43:55,490 [grpc-default-executor-3] DEBUG impl.RaftServerImpl (RaftServerImpl.java:requestVote(853)) - 8da610d4-c262-4b40-863f-7000a32f6a27@group-934E6379BBC7 replies to vote request: 8ea79bce-3765-45eb-b2d3-535100c914cf<-8da610d4-c262-4b40-863f-7000a32f6a27#0:OK-t1. Peer's state: 8da610d4-c262-4b40-863f-7000a32f6a27@group-934E6379BBC7:t1, leader=null, voted=8ea79bce-3765-45eb-b2d3-535100c914cf, raftlog=8da610d4-c262-4b40-863f-7000a32f6a27@group-934E6379BBC7-SegmentedRaftLog:OPENED:c-1,f-1,i0, conf=-1: [8ea79bce-3765-45eb-b2d3-535100c914cf:172.17.0.2:34585, 25e14e54-dedc-49b5-a0d9-9290319fa0de:172.17.0.2:45027, 8da610d4-c262-4b40-863f-7000a32f6a27:172.17.0.2:40217], old=null
2020-06-28 10:43:55,491 [8ea79bce-3765-45eb-b2d3-535100c914cf@group-934E6379BBC7-LeaderElection21] INFO  impl.LeaderElection (LeaderElection.java:logAndReturn(61)) - 8ea79bce-3765-45eb-b2d3-535100c914cf@group-934E6379BBC7-LeaderElection21: Election PASSED; received 1 response(s) [8ea79bce-3765-45eb-b2d3-535100c914cf<-25e14e54-dedc-49b5-a0d9-9290319fa0de#0:OK-t1] and 0 exception(s); 8ea79bce-3765-45eb-b2d3-535100c914cf@group-934E6379BBC7:t1, leader=null, voted=8ea79bce-3765-45eb-b2d3-535100c914cf, raftlog=8ea79bce-3765-45eb-b2d3-535100c914cf@group-934E6379BBC7-SegmentedRaftLog:OPENED:c-1,f-1,i0, conf=-1: [8ea79bce-3765-45eb-b2d3-535100c914cf:172.17.0.2:34585, 25e14e54-dedc-49b5-a0d9-9290319fa0de:172.17.0.2:45027, 8da610d4-c262-4b40-863f-7000a32f6a27:172.17.0.2:40217], old=null
2020-06-28 10:43:55,491 [8ea79bce-3765-45eb-b2d3-535100c914cf@group-934E6379BBC7-LeaderElection21] INFO  impl.RoleInfo (RoleInfo.java:shutdownLeaderElection(134)) - 8ea79bce-3765-45eb-b2d3-535100c914cf: shutdown LeaderElection
2020-06-28 10:43:55,492 [Thread-1696] INFO  impl.FollowerState (FollowerState.java:run(108)) - 25e14e54-dedc-49b5-a0d9-9290319fa0de@group-4F34877857B4-FollowerState: change to CANDIDATE, lastRpcTime:5067ms, electionTimeout:5063ms
2020-06-28 10:43:55,492 [8ea79bce-3765-45eb-b2d3-535100c914cf@group-934E6379BBC7-LeaderElection21] INFO  impl.RaftServerImpl (RaftServerImpl.java:setRole(175)) - 8ea79bce-3765-45eb-b2d3-535100c914cf@group-934E6379BBC7: changes role from CANDIDATE to LEADER at term 1 for changeToLeader
2020-06-28 10:43:55,492 [8ea79bce-3765-45eb-b2d3-535100c914cf@group-934E6379BBC7-LeaderElection21] INFO  ratis.XceiverServerRatis (XceiverServerRatis.java:handleLeaderChangedNotification(762)) - Leader change notification received for group: group-934E6379BBC7 with new leaderId: 8ea79bce-3765-45eb-b2d3-535100c914cf
2020-06-28 10:43:55,493 [Thread-1696] INFO  impl.RoleInfo (RoleInfo.java:shutdownFollowerState(121)) - 25e14e54-dedc-49b5-a0d9-9290319fa0de: shutdown FollowerState
2020-06-28 10:43:55,493 [Thread-1696] INFO  impl.RaftServerImpl (RaftServerImpl.java:setRole(175)) - 25e14e54-dedc-49b5-a0d9-9290319fa0de@group-4F34877857B4: changes role from  FOLLOWER to CANDIDATE at term 0 for changeToCandidate
2020-06-28 10:43:55,493 [8ea79bce-3765-45eb-b2d3-535100c914cf@group-934E6379BBC7-LeaderElection21] INFO  impl.RaftServerImpl (ServerState.java:setLeader(255)) - 8ea79bce-3765-45eb-b2d3-535100c914cf@group-934E6379BBC7: change Leader from null to 8ea79bce-3765-45eb-b2d3-535100c914cf at term 1 for becomeLeader, leader elected after 5098ms
2020-06-28 10:43:55,493 [Thread-1696] INFO  impl.RoleInfo (RoleInfo.java:updateAndGet(143)) - 25e14e54-dedc-49b5-a0d9-9290319fa0de: start LeaderElection
2020-06-28 10:43:55,493 [8ea79bce-3765-45eb-b2d3-535100c914cf@group-934E6379BBC7-LeaderElection21] INFO  server.RaftServerConfigKeys (ConfUtils.java:logGet(44)) - raft.server.staging.catchup.gap = 1000 (default)
2020-06-28 10:43:55,493 [8ea79bce-3765-45eb-b2d3-535100c914cf@group-934E6379BBC7-LeaderElection21] INFO  server.RaftServerConfigKeys (ConfUtils.java:logGet(44)) - raft.server.rpc.sleep.time = 25ms (default)
2020-06-28 10:43:55,493 [8ea79bce-3765-45eb-b2d3-535100c914cf@group-934E6379BBC7-LeaderElection21] INFO  metrics.RatisMetrics (RatisMetrics.java:lambda$create$0(36)) - Creating Metrics Registry : ratis.log_appender.8ea79bce-3765-45eb-b2d3-535100c914cf@group-934E6379BBC7
2020-06-28 10:43:55,493 [8ea79bce-3765-45eb-b2d3-535100c914cf@group-934E6379BBC7-LeaderElection21] INFO  server.RaftServerConfigKeys (ConfUtils.java:logGet(44)) - raft.server.write.element-limit = 1024 (custom)
2020-06-28 10:43:55,494 [8ea79bce-3765-45eb-b2d3-535100c914cf@group-934E6379BBC7-LeaderElection21] INFO  server.RaftServerConfigKeys (ConfUtils.java:logGet(44)) - raft.server.write.byte-limit = 1073741824 (custom)
2020-06-28 10:43:55,499 [EventQueue-PipelineReportForPipelineReportHandler] INFO  pipeline.PipelineStateManager (PipelineStateManager.java:openPipeline(131)) - Pipeline Pipeline[ Id: bdfe4f9d-1ccc-4f14-805a-934e6379bbc7, Nodes: 8ea79bce-3765-45eb-b2d3-535100c914cf{ip: 172.17.0.2, host: 720bba7d72d5, networkLocation: /default-rack, certSerialId: null}25e14e54-dedc-49b5-a0d9-9290319fa0de{ip: 172.17.0.2, host: 720bba7d72d5, networkLocation: /default-rack, certSerialId: null}8da610d4-c262-4b40-863f-7000a32f6a27{ip: 172.17.0.2, host: 720bba7d72d5, networkLocation: /default-rack, certSerialId: null}, Type:RATIS, Factor:THREE, State:ALLOCATED, leaderId:8ea79bce-3765-45eb-b2d3-535100c914cf, CreationTimestamp2020-06-28T10:43:47.440Z] moved to OPEN state
2020-06-28 10:43:55,499 [EventQueue-OpenPipelineForHealthyPipelineSafeModeRule] INFO  safemode.SCMSafeModeManager (HealthyPipelineSafeModeRule.java:process(129)) - SCM in safe mode. Healthy pipelines reported count is 1, required healthy pipeline reported count is 1
2020-06-28 10:43:55,499 [EventQueue-OpenPipelineForHealthyPipelineSafeModeRule] INFO  safemode.SCMSafeModeManager (SCMSafeModeManager.java:validateSafeModeExitRules(214)) - HealthyPipelineSafeModeRule rule is successfully validated
2020-06-28 10:43:55,499 [EventQueue-OpenPipelineForHealthyPipelineSafeModeRule] INFO  safemode.SCMSafeModeManager (SCMSafeModeManager.java:validateSafeModeExitRules(228)) - ScmSafeModeManager, all rules are successfully validated
2020-06-28 10:43:55,499 [EventQueue-OpenPipelineForHealthyPipelineSafeModeRule] INFO  safemode.SCMSafeModeManager (SCMSafeModeManager.java:exitSafeMode(257)) - SCM exiting safe mode.
2020-06-28 10:43:55,499 [8ea79bce-3765-45eb-b2d3-535100c914cf@group-934E6379BBC7-LeaderElection21] INFO  server.RaftServerConfigKeys (ConfUtils.java:logGet(44)) - raft.server.watch.timeout = 180s (custom)
2020-06-28 10:43:55,503 [8ea79bce-3765-45eb-b2d3-535100c914cf@group-934E6379BBC7-LeaderElection21] INFO  server.RaftServerConfigKeys (ConfUtils.java:logGet(44)) - raft.server.watch.timeout.denomination = 1s (default)
2020-06-28 10:43:55,503 [8ea79bce-3765-45eb-b2d3-535100c914cf@group-934E6379BBC7-LeaderElection21] INFO  server.RaftServerConfigKeys (ConfUtils.java:logGet(44)) - raft.server.watch.element-limit = 65536 (default)
2020-06-28 10:43:55,503 [8ea79bce-3765-45eb-b2d3-535100c914cf@group-934E6379BBC7-LeaderElection21] INFO  server.RaftServerConfigKeys (ConfUtils.java:logGet(44)) - raft.server.log.appender.snapshot.chunk.size.max = 16MB (=16777216) (default)
2020-06-28 10:43:55,503 [8ea79bce-3765-45eb-b2d3-535100c914cf@group-934E6379BBC7-LeaderElection21] INFO  server.RaftServerConfigKeys (ConfUtils.java:logGet(44)) - raft.server.log.appender.buffer.byte-limit = 33554432 (custom)
2020-06-28 10:43:55,503 [8ea79bce-3765-45eb-b2d3-535100c914cf@group-934E6379BBC7-LeaderElection21] INFO  server.RaftServerConfigKeys (ConfUtils.java:logGet(44)) - raft.server.log.appender.buffer.element-limit = 1 (custom)
2020-06-28 10:43:55,503 [8ea79bce-3765-45eb-b2d3-535100c914cf@group-934E6379BBC7-LeaderElection21] INFO  grpc.GrpcConfigKeys (ConfUtils.java:logGet(44)) - raft.grpc.server.leader.outstanding.appends.max = 128 (default)
2020-06-28 10:43:55,503 [8ea79bce-3765-45eb-b2d3-535100c914cf@group-934E6379BBC7-LeaderElection21] INFO  server.RaftServerConfigKeys (ConfUtils.java:logGet(44)) - raft.server.rpc.request.timeout = 60s (custom)
2020-06-28 10:43:55,503 [8ea79bce-3765-45eb-b2d3-535100c914cf@group-934E6379BBC7-LeaderElection21] INFO  server.RaftServerConfigKeys (ConfUtils.java:logGet(44)) - raft.server.log.appender.install.snapshot.enabled = false (custom)
2020-06-28 10:43:55,504 [8ea79bce-3765-45eb-b2d3-535100c914cf@group-934E6379BBC7-LeaderElection21] INFO  metrics.RatisMetrics (RatisMetrics.java:lambda$create$0(36)) - Creating Metrics Registry : ratis_grpc.log_appender.8ea79bce-3765-45eb-b2d3-535100c914cf@group-934E6379BBC7
2020-06-28 10:43:55,505 [8ea79bce-3765-45eb-b2d3-535100c914cf@group-934E6379BBC7-LeaderElection21] INFO  server.RaftServerConfigKeys (ConfUtils.java:logGet(44)) - raft.server.log.appender.snapshot.chunk.size.max = 16MB (=16777216) (default)
2020-06-28 10:43:55,505 [8ea79bce-3765-45eb-b2d3-535100c914cf@group-934E6379BBC7-LeaderElection21] INFO  server.RaftServerConfigKeys (ConfUtils.java:logGet(44)) - raft.server.log.appender.buffer.byte-limit = 33554432 (custom)
2020-06-28 10:43:55,505 [8ea79bce-3765-45eb-b2d3-535100c914cf@group-934E6379BBC7-LeaderElection21] INFO  server.RaftServerConfigKeys (ConfUtils.java:logGet(44)) - raft.server.log.appender.buffer.element-limit = 1 (custom)
2020-06-28 10:43:55,505 [8ea79bce-3765-45eb-b2d3-535100c914cf@group-934E6379BBC7-LeaderElection21] INFO  grpc.GrpcConfigKeys (ConfUtils.java:logGet(44)) - raft.grpc.server.leader.outstanding.appends.max = 128 (default)
2020-06-28 10:43:55,505 [8ea79bce-3765-45eb-b2d3-535100c914cf@group-934E6379BBC7-LeaderElection21] INFO  server.RaftServerConfigKeys (ConfUtils.java:logGet(44)) - raft.server.rpc.request.timeout = 60s (custom)
2020-06-28 10:43:55,505 [8ea79bce-3765-45eb-b2d3-535100c914cf@group-934E6379BBC7-LeaderElection21] INFO  server.RaftServerConfigKeys (ConfUtils.java:logGet(44)) - raft.server.log.appender.install.snapshot.enabled = false (custom)
2020-06-28 10:43:55,509 [8ea79bce-3765-45eb-b2d3-535100c914cf@group-934E6379BBC7-LeaderElection21] INFO  impl.RoleInfo (RoleInfo.java:updateAndGet(143)) - 8ea79bce-3765-45eb-b2d3-535100c914cf: start LeaderState
2020-06-28 10:43:55,509 [8ea79bce-3765-45eb-b2d3-535100c914cf@group-934E6379BBC7-LeaderElection21] INFO  segmented.SegmentedRaftLogWorker (SegmentedRaftLogWorker.java:startLogSegment(397)) - 8ea79bce-3765-45eb-b2d3-535100c914cf@group-934E6379BBC7-SegmentedRaftLogWorker: Starting segment from index:0
2020-06-28 10:43:55,510 [8ea79bce-3765-45eb-b2d3-535100c914cf@group-934E6379BBC7-SegmentedRaftLogWorker] INFO  segmented.SegmentedRaftLogWorker (SegmentedRaftLogWorker.java:execute(596)) - 8ea79bce-3765-45eb-b2d3-535100c914cf@group-934E6379BBC7-SegmentedRaftLogWorker: created new log segment /github/workspace/mnt/ozone/hadoop-ozone/integration-test/target/test-dir/MiniOzoneClusterImpl-70ff22f2-c74d-429a-be4f-7513cb1d4b7b/datanode-2/data/ratis/bdfe4f9d-1ccc-4f14-805a-934e6379bbc7/current/log_inprogress_0
2020-06-28 10:43:55,513 [25e14e54-dedc-49b5-a0d9-9290319fa0de@group-4F34877857B4-LeaderElection22] INFO  impl.LeaderElection (LeaderElection.java:askForVotes(206)) - 25e14e54-dedc-49b5-a0d9-9290319fa0de@group-4F34877857B4-LeaderElection22: begin an election at term 1 for -1: [25e14e54-dedc-49b5-a0d9-9290319fa0de:172.17.0.2:45027], old=null
2020-06-28 10:43:55,513 [25e14e54-dedc-49b5-a0d9-9290319fa0de@group-4F34877857B4-LeaderElection22] INFO  impl.RoleInfo (RoleInfo.java:shutdownLeaderElection(134)) - 25e14e54-dedc-49b5-a0d9-9290319fa0de: shutdown LeaderElection
2020-06-28 10:43:55,513 [25e14e54-dedc-49b5-a0d9-9290319fa0de@group-4F34877857B4-LeaderElection22] INFO  impl.RaftServerImpl (RaftServerImpl.java:setRole(175)) - 25e14e54-dedc-49b5-a0d9-9290319fa0de@group-4F34877857B4: changes role from CANDIDATE to LEADER at term 1 for changeToLeader
2020-06-28 10:43:55,513 [25e14e54-dedc-49b5-a0d9-9290319fa0de@group-4F34877857B4-LeaderElection22] INFO  ratis.XceiverServerRatis (XceiverServerRatis.java:handleLeaderChangedNotification(762)) - Leader change notification received for group: group-4F34877857B4 with new leaderId: 25e14e54-dedc-49b5-a0d9-9290319fa0de
2020-06-28 10:43:55,515 [25e14e54-dedc-49b5-a0d9-9290319fa0de@group-4F34877857B4-LeaderElection22] INFO  impl.RaftServerImpl (ServerState.java:setLeader(255)) - 25e14e54-dedc-49b5-a0d9-9290319fa0de@group-4F34877857B4: change Leader from null to 25e14e54-dedc-49b5-a0d9-9290319fa0de at term 1 for becomeLeader, leader elected after 5100ms
2020-06-28 10:43:55,515 [8ea79bce-3765-45eb-b2d3-535100c914cf@group-934E6379BBC7-LeaderElection21] INFO  impl.RaftServerImpl (ServerState.java:setRaftConf(356)) - 8ea79bce-3765-45eb-b2d3-535100c914cf@group-934E6379BBC7: set configuration 0: [8ea79bce-3765-45eb-b2d3-535100c914cf:172.17.0.2:34585, 25e14e54-dedc-49b5-a0d9-9290319fa0de:172.17.0.2:45027, 8da610d4-c262-4b40-863f-7000a32f6a27:172.17.0.2:40217], old=null at 0
2020-06-28 10:43:55,519 [25e14e54-dedc-49b5-a0d9-9290319fa0de@group-4F34877857B4-LeaderElection22] INFO  server.RaftServerConfigKeys (ConfUtils.java:logGet(44)) - raft.server.staging.catchup.gap = 1000 (default)
2020-06-28 10:43:55,519 [25e14e54-dedc-49b5-a0d9-9290319fa0de@group-4F34877857B4-LeaderElection22] INFO  server.RaftServerConfigKeys (ConfUtils.java:logGet(44)) - raft.server.rpc.sleep.time = 25ms (default)
2020-06-28 10:43:55,519 [grpc-default-executor-3] INFO  ratis.XceiverServerRatis (XceiverServerRatis.java:handleLeaderChangedNotification(762)) - Leader change notification received for group: group-934E6379BBC7 with new leaderId: 8ea79bce-3765-45eb-b2d3-535100c914cf
2020-06-28 10:43:55,519 [25e14e54-dedc-49b5-a0d9-9290319fa0de@group-4F34877857B4-LeaderElection22] INFO  metrics.RatisMetrics (RatisMetrics.java:lambda$create$0(36)) - Creating Metrics Registry : ratis.log_appender.25e14e54-dedc-49b5-a0d9-9290319fa0de@group-4F34877857B4
2020-06-28 10:43:55,520 [grpc-default-executor-3] INFO  impl.RaftServerImpl (ServerState.java:setLeader(255)) - 25e14e54-dedc-49b5-a0d9-9290319fa0de@group-934E6379BBC7: change Leader from null to 8ea79bce-3765-45eb-b2d3-535100c914cf at term 1 for appendEntries, leader elected after 5083ms
2020-06-28 10:43:55,520 [25e14e54-dedc-49b5-a0d9-9290319fa0de@group-4F34877857B4-LeaderElection22] INFO  server.RaftServerConfigKeys (ConfUtils.java:logGet(44)) - raft.server.write.element-limit = 1024 (custom)
2020-06-28 10:43:55,520 [25e14e54-dedc-49b5-a0d9-9290319fa0de@group-4F34877857B4-LeaderElection22] INFO  server.RaftServerConfigKeys (ConfUtils.java:logGet(44)) - raft.server.write.byte-limit = 1073741824 (custom)
2020-06-28 10:43:55,520 [grpc-default-executor-3] DEBUG impl.RaftServerImpl (RaftServerImpl.java:logAppendEntries(928)) - 25e14e54-dedc-49b5-a0d9-9290319fa0de@group-934E6379BBC7: receive appendEntries(8ea79bce-3765-45eb-b2d3-535100c914cf, 1, null, -1, false, commits[8ea79bce-3765-45eb-b2d3-535100c914cf:c-1, 25e14e54-dedc-49b5-a0d9-9290319fa0de:c-1, 8da610d4-c262-4b40-863f-7000a32f6a27:c-1], entries: (t:1, i:0), CONFIGURATIONENTRY
2020-06-28 10:43:55,521 [grpc-default-executor-1] DEBUG server.GrpcLogAppender (GrpcLogAppender.java:onNext(257)) - 8ea79bce-3765-45eb-b2d3-535100c914cf@group-934E6379BBC7->25e14e54-dedc-49b5-a0d9-9290319fa0de-AppendLogResponseHandler: received the first reply 8ea79bce-3765-45eb-b2d3-535100c914cf<-25e14e54-dedc-49b5-a0d9-9290319fa0de#0:OK,SUCCESS,nextIndex:0,term:1,followerCommit:-1, request=AppendEntriesRequest:cid=0,entriesCount=0,lastEntry=null
2020-06-28 10:43:55,522 [25e14e54-dedc-49b5-a0d9-9290319fa0de@group-4F34877857B4-LeaderElection22] INFO  server.RaftServerConfigKeys (ConfUtils.java:logGet(44)) - raft.server.watch.timeout = 180s (custom)
2020-06-28 10:43:55,522 [25e14e54-dedc-49b5-a0d9-9290319fa0de@group-4F34877857B4-LeaderElection22] INFO  server.RaftServerConfigKeys (ConfUtils.java:logGet(44)) - raft.server.watch.timeout.denomination = 1s (default)
2020-06-28 10:43:55,522 [25e14e54-dedc-49b5-a0d9-9290319fa0de@group-4F34877857B4-LeaderElection22] INFO  server.RaftServerConfigKeys (ConfUtils.java:logGet(44)) - raft.server.watch.element-limit = 65536 (default)
2020-06-28 10:43:55,522 [25e14e54-dedc-49b5-a0d9-9290319fa0de@group-4F34877857B4-LeaderElection22] INFO  impl.RoleInfo (RoleInfo.java:updateAndGet(143)) - 25e14e54-dedc-49b5-a0d9-9290319fa0de: start LeaderState
2020-06-28 10:43:55,523 [grpc-default-executor-3] INFO  impl.RaftServerImpl (ServerState.java:setRaftConf(356)) - 25e14e54-dedc-49b5-a0d9-9290319fa0de@group-934E6379BBC7: set configuration 0: [8ea79bce-3765-45eb-b2d3-535100c914cf:172.17.0.2:34585, 25e14e54-dedc-49b5-a0d9-9290319fa0de:172.17.0.2:45027, 8da610d4-c262-4b40-863f-7000a32f6a27:172.17.0.2:40217], old=null at 0
2020-06-28 10:43:55,528 [25e14e54-dedc-49b5-a0d9-9290319fa0de@group-4F34877857B4-LeaderElection22] INFO  segmented.SegmentedRaftLogWorker (SegmentedRaftLogWorker.java:startLogSegment(397)) - 25e14e54-dedc-49b5-a0d9-9290319fa0de@group-4F34877857B4-SegmentedRaftLogWorker: Starting segment from index:0
2020-06-28 10:43:55,528 [grpc-default-executor-3] INFO  segmented.SegmentedRaftLogWorker (SegmentedRaftLogWorker.java:startLogSegment(397)) - 25e14e54-dedc-49b5-a0d9-9290319fa0de@group-934E6379BBC7-SegmentedRaftLogWorker: Starting segment from index:0
2020-06-28 10:43:55,534 [grpc-default-executor-0] INFO  ratis.XceiverServerRatis (XceiverServerRatis.java:handleLeaderChangedNotification(762)) - Leader change notification received for group: group-934E6379BBC7 with new leaderId: 8ea79bce-3765-45eb-b2d3-535100c914cf
2020-06-28 10:43:55,534 [grpc-default-executor-0] INFO  impl.RaftServerImpl (ServerState.java:setLeader(255)) - 8da610d4-c262-4b40-863f-7000a32f6a27@group-934E6379BBC7: change Leader from null to 8ea79bce-3765-45eb-b2d3-535100c914cf at term 1 for appendEntries, leader elected after 5163ms
2020-06-28 10:43:55,534 [25e14e54-dedc-49b5-a0d9-9290319fa0de@group-4F34877857B4-LeaderElection22] INFO  impl.RaftServerImpl (ServerState.java:setRaftConf(356)) - 25e14e54-dedc-49b5-a0d9-9290319fa0de@group-4F34877857B4: set configuration 0: [25e14e54-dedc-49b5-a0d9-9290319fa0de:172.17.0.2:45027], old=null at 0
2020-06-28 10:43:55,535 [25e14e54-dedc-49b5-a0d9-9290319fa0de@group-4F34877857B4-SegmentedRaftLogWorker] INFO  segmented.SegmentedRaftLogWorker (SegmentedRaftLogWorker.java:execute(596)) - 25e14e54-dedc-49b5-a0d9-9290319fa0de@group-4F34877857B4-SegmentedRaftLogWorker: created new log segment /github/workspace/mnt/ozone/hadoop-ozone/integration-test/target/test-dir/MiniOzoneClusterImpl-70ff22f2-c74d-429a-be4f-7513cb1d4b7b/datanode-1/data/ratis/3aae9f4f-b2c8-4f86-ad5b-4f34877857b4/current/log_inprogress_0
2020-06-28 10:43:55,536 [grpc-default-executor-0] DEBUG impl.RaftServerImpl (RaftServerImpl.java:logAppendEntries(928)) - 8da610d4-c262-4b40-863f-7000a32f6a27@group-934E6379BBC7: receive appendEntries(8ea79bce-3765-45eb-b2d3-535100c914cf, 1, null, 0, false, commits[8ea79bce-3765-45eb-b2d3-535100c914cf:c0, 25e14e54-dedc-49b5-a0d9-9290319fa0de:c-1, 8da610d4-c262-4b40-863f-7000a32f6a27:c-1], entries: (t:1, i:0), CONFIGURATIONENTRY
2020-06-28 10:43:55,536 [grpc-default-executor-0] INFO  impl.RaftServerImpl (ServerState.java:setRaftConf(356)) - 8da610d4-c262-4b40-863f-7000a32f6a27@group-934E6379BBC7: set configuration 0: [8ea79bce-3765-45eb-b2d3-535100c914cf:172.17.0.2:34585, 25e14e54-dedc-49b5-a0d9-9290319fa0de:172.17.0.2:45027, 8da610d4-c262-4b40-863f-7000a32f6a27:172.17.0.2:40217], old=null at 0
2020-06-28 10:43:55,536 [grpc-default-executor-0] INFO  segmented.SegmentedRaftLogWorker (SegmentedRaftLogWorker.java:startLogSegment(397)) - 8da610d4-c262-4b40-863f-7000a32f6a27@group-934E6379BBC7-SegmentedRaftLogWorker: Starting segment from index:0
2020-06-28 10:43:55,536 [25e14e54-dedc-49b5-a0d9-9290319fa0de@group-934E6379BBC7-SegmentedRaftLogWorker] INFO  segmented.SegmentedRaftLogWorker (SegmentedRaftLogWorker.java:execute(596)) - 25e14e54-dedc-49b5-a0d9-9290319fa0de@group-934E6379BBC7-SegmentedRaftLogWorker: created new log segment /github/workspace/mnt/ozone/hadoop-ozone/integration-test/target/test-dir/MiniOzoneClusterImpl-70ff22f2-c74d-429a-be4f-7513cb1d4b7b/datanode-1/data/ratis/bdfe4f9d-1ccc-4f14-805a-934e6379bbc7/current/log_inprogress_0
2020-06-28 10:43:55,538 [grpc-default-executor-3] DEBUG server.GrpcLogAppender (GrpcLogAppender.java:onNext(257)) - 8ea79bce-3765-45eb-b2d3-535100c914cf@group-934E6379BBC7->8da610d4-c262-4b40-863f-7000a32f6a27-AppendLogResponseHandler: received the first reply 8ea79bce-3765-45eb-b2d3-535100c914cf<-8da610d4-c262-4b40-863f-7000a32f6a27#0:OK,SUCCESS,nextIndex:0,term:1,followerCommit:-1, request=AppendEntriesRequest:cid=0,entriesCount=0,lastEntry=null
2020-06-28 10:43:55,538 [8da610d4-c262-4b40-863f-7000a32f6a27@group-934E6379BBC7-SegmentedRaftLogWorker] INFO  segmented.SegmentedRaftLogWorker (SegmentedRaftLogWorker.java:execute(596)) - 8da610d4-c262-4b40-863f-7000a32f6a27@group-934E6379BBC7-SegmentedRaftLogWorker: created new log segment /github/workspace/mnt/ozone/hadoop-ozone/integration-test/target/test-dir/MiniOzoneClusterImpl-70ff22f2-c74d-429a-be4f-7513cb1d4b7b/datanode-0/data/ratis/bdfe4f9d-1ccc-4f14-805a-934e6379bbc7/current/log_inprogress_0
2020-06-28 10:43:55,542 [Thread-1741] DEBUG impl.RaftServerImpl (RaftServerImpl.java:logAppendEntries(928)) - 25e14e54-dedc-49b5-a0d9-9290319fa0de@group-934E6379BBC7: succeeded to handle AppendEntries. Reply: 8ea79bce-3765-45eb-b2d3-535100c914cf<-25e14e54-dedc-49b5-a0d9-9290319fa0de#1:OK,SUCCESS,nextIndex:1,term:1,followerCommit:-1
2020-06-28 10:43:55,543 [grpc-default-executor-3] DEBUG server.GrpcLogAppender (GrpcLogAppender.java:onNext(257)) - 8ea79bce-3765-45eb-b2d3-535100c914cf@group-934E6379BBC7->25e14e54-dedc-49b5-a0d9-9290319fa0de-AppendLogResponseHandler: received a reply 8ea79bce-3765-45eb-b2d3-535100c914cf<-25e14e54-dedc-49b5-a0d9-9290319fa0de#1:OK,SUCCESS,nextIndex:1,term:1,followerCommit:-1, request=AppendEntriesRequest:cid=1,entriesCount=1,lastEntry=(t:1, i:0)
2020-06-28 10:43:55,544 [Thread-1742] DEBUG impl.RaftServerImpl (RaftServerImpl.java:logAppendEntries(928)) - 8da610d4-c262-4b40-863f-7000a32f6a27@group-934E6379BBC7: succeeded to handle AppendEntries. Reply: 8ea79bce-3765-45eb-b2d3-535100c914cf<-8da610d4-c262-4b40-863f-7000a32f6a27#1:OK,SUCCESS,nextIndex:1,term:1,followerCommit:0
2020-06-28 10:43:55,544 [grpc-default-executor-3] DEBUG server.GrpcLogAppender (GrpcLogAppender.java:onNext(257)) - 8ea79bce-3765-45eb-b2d3-535100c914cf@group-934E6379BBC7->8da610d4-c262-4b40-863f-7000a32f6a27-AppendLogResponseHandler: received a reply 8ea79bce-3765-45eb-b2d3-535100c914cf<-8da610d4-c262-4b40-863f-7000a32f6a27#1:OK,SUCCESS,nextIndex:1,term:1,followerCommit:0, request=AppendEntriesRequest:cid=1,entriesCount=1,lastEntry=(t:1, i:0)
2020-06-28 10:43:55,638 [Thread-1701] INFO  impl.FollowerState (FollowerState.java:run(108)) - 8ea79bce-3765-45eb-b2d3-535100c914cf@group-F16D85F7E011-FollowerState: change to CANDIDATE, lastRpcTime:5173ms, electionTimeout:5172ms
2020-06-28 10:43:55,639 [Thread-1701] INFO  impl.RoleInfo (RoleInfo.java:shutdownFollowerState(121)) - 8ea79bce-3765-45eb-b2d3-535100c914cf: shutdown FollowerState
2020-06-28 10:43:55,639 [Thread-1701] INFO  impl.RaftServerImpl (RaftServerImpl.java:setRole(175)) - 8ea79bce-3765-45eb-b2d3-535100c914cf@group-F16D85F7E011: changes role from  FOLLOWER to CANDIDATE at term 0 for changeToCandidate
2020-06-28 10:43:55,639 [Thread-1701] INFO  impl.RoleInfo (RoleInfo.java:updateAndGet(143)) - 8ea79bce-3765-45eb-b2d3-535100c914cf: start LeaderElection
2020-06-28 10:43:55,641 [8ea79bce-3765-45eb-b2d3-535100c914cf@group-F16D85F7E011-LeaderElection23] INFO  impl.LeaderElection (LeaderElection.java:askForVotes(206)) - 8ea79bce-3765-45eb-b2d3-535100c914cf@group-F16D85F7E011-LeaderElection23: begin an election at term 1 for -1: [8ea79bce-3765-45eb-b2d3-535100c914cf:172.17.0.2:34585], old=null
2020-06-28 10:43:55,641 [8ea79bce-3765-45eb-b2d3-535100c914cf@group-F16D85F7E011-LeaderElection23] INFO  impl.RoleInfo (RoleInfo.java:shutdownLeaderElection(134)) - 8ea79bce-3765-45eb-b2d3-535100c914cf: shutdown LeaderElection
2020-06-28 10:43:55,641 [8ea79bce-3765-45eb-b2d3-535100c914cf@group-F16D85F7E011-LeaderElection23] INFO  impl.RaftServerImpl (RaftServerImpl.java:setRole(175)) - 8ea79bce-3765-45eb-b2d3-535100c914cf@group-F16D85F7E011: changes role from CANDIDATE to LEADER at term 1 for changeToLeader
2020-06-28 10:43:55,641 [8ea79bce-3765-45eb-b2d3-535100c914cf@group-F16D85F7E011-LeaderElection23] INFO  ratis.XceiverServerRatis (XceiverServerRatis.java:handleLeaderChangedNotification(762)) - Leader change notification received for group: group-F16D85F7E011 with new leaderId: 8ea79bce-3765-45eb-b2d3-535100c914cf
2020-06-28 10:43:55,641 [8ea79bce-3765-45eb-b2d3-535100c914cf@group-F16D85F7E011-LeaderElection23] INFO  impl.RaftServerImpl (ServerState.java:setLeader(255)) - 8ea79bce-3765-45eb-b2d3-535100c914cf@group-F16D85F7E011: change Leader from null to 8ea79bce-3765-45eb-b2d3-535100c914cf at term 1 for becomeLeader, leader elected after 5190ms
2020-06-28 10:43:55,641 [8ea79bce-3765-45eb-b2d3-535100c914cf@group-F16D85F7E011-LeaderElection23] INFO  server.RaftServerConfigKeys (ConfUtils.java:logGet(44)) - raft.server.staging.catchup.gap = 1000 (default)
2020-06-28 10:43:55,642 [8ea79bce-3765-45eb-b2d3-535100c914cf@group-F16D85F7E011-LeaderElection23] INFO  server.RaftServerConfigKeys (ConfUtils.java:logGet(44)) - raft.server.rpc.sleep.time = 25ms (default)
2020-06-28 10:43:55,642 [8ea79bce-3765-45eb-b2d3-535100c914cf@group-F16D85F7E011-LeaderElection23] INFO  metrics.RatisMetrics (RatisMetrics.java:lambda$create$0(36)) - Creating Metrics Registry : ratis.log_appender.8ea79bce-3765-45eb-b2d3-535100c914cf@group-F16D85F7E011
2020-06-28 10:43:55,642 [8ea79bce-3765-45eb-b2d3-535100c914cf@group-F16D85F7E011-LeaderElection23] INFO  server.RaftServerConfigKeys (ConfUtils.java:logGet(44)) - raft.server.write.element-limit = 1024 (custom)
2020-06-28 10:43:55,642 [8ea79bce-3765-45eb-b2d3-535100c914cf@group-F16D85F7E011-LeaderElection23] INFO  server.RaftServerConfigKeys (ConfUtils.java:logGet(44)) - raft.server.write.byte-limit = 1073741824 (custom)
2020-06-28 10:43:55,643 [8ea79bce-3765-45eb-b2d3-535100c914cf@group-F16D85F7E011-LeaderElection23] INFO  server.RaftServerConfigKeys (ConfUtils.java:logGet(44)) - raft.server.watch.timeout = 180s (custom)
2020-06-28 10:43:55,643 [8ea79bce-3765-45eb-b2d3-535100c914cf@group-F16D85F7E011-LeaderElection23] INFO  server.RaftServerConfigKeys (ConfUtils.java:logGet(44)) - raft.server.watch.timeout.denomination = 1s (default)
2020-06-28 10:43:55,643 [8ea79bce-3765-45eb-b2d3-535100c914cf@group-F16D85F7E011-LeaderElection23] INFO  server.RaftServerConfigKeys (ConfUtils.java:logGet(44)) - raft.server.watch.element-limit = 65536 (default)
2020-06-28 10:43:55,643 [8ea79bce-3765-45eb-b2d3-535100c914cf@group-F16D85F7E011-LeaderElection23] INFO  impl.RoleInfo (RoleInfo.java:updateAndGet(143)) - 8ea79bce-3765-45eb-b2d3-535100c914cf: start LeaderState
2020-06-28 10:43:55,643 [8ea79bce-3765-45eb-b2d3-535100c914cf@group-F16D85F7E011-LeaderElection23] INFO  segmented.SegmentedRaftLogWorker (SegmentedRaftLogWorker.java:startLogSegment(397)) - 8ea79bce-3765-45eb-b2d3-535100c914cf@group-F16D85F7E011-SegmentedRaftLogWorker: Starting segment from index:0
2020-06-28 10:43:55,644 [8ea79bce-3765-45eb-b2d3-535100c914cf@group-F16D85F7E011-LeaderElection23] INFO  impl.RaftServerImpl (ServerState.java:setRaftConf(356)) - 8ea79bce-3765-45eb-b2d3-535100c914cf@group-F16D85F7E011: set configuration 0: [8ea79bce-3765-45eb-b2d3-535100c914cf:172.17.0.2:34585], old=null at 0
2020-06-28 10:43:55,645 [8ea79bce-3765-45eb-b2d3-535100c914cf@group-F16D85F7E011-SegmentedRaftLogWorker] INFO  segmented.SegmentedRaftLogWorker (SegmentedRaftLogWorker.java:execute(596)) - 8ea79bce-3765-45eb-b2d3-535100c914cf@group-F16D85F7E011-SegmentedRaftLogWorker: created new log segment /github/workspace/mnt/ozone/hadoop-ozone/integration-test/target/test-dir/MiniOzoneClusterImpl-70ff22f2-c74d-429a-be4f-7513cb1d4b7b/datanode-2/data/ratis/ced1d7a5-09da-44f5-a64d-f16d85f7e011/current/log_inprogress_0
2020-06-28 10:43:55,706 [grpc-default-executor-3] INFO  ratis.OzoneManagerStateMachine (OzoneManagerStateMachine.java:getLatestSnapshot(147)) - Latest Snapshot Info 0#-1
2020-06-28 10:43:55,706 [grpc-default-executor-0] INFO  ratis.OzoneManagerStateMachine (OzoneManagerStateMachine.java:getLatestSnapshot(147)) - Latest Snapshot Info 0#-1
2020-06-28 10:43:55,707 [grpc-default-executor-3] DEBUG server.GrpcLogAppender (GrpcLogAppender.java:onNext(257)) - omNode-1@group-523986131536->omNode-2-AppendLogResponseHandler: received a reply omNode-1<-omNode-2#24:OK,SUCCESS,nextIndex:1,term:1,followerCommit:0, request=AppendEntriesRequest:cid=24,entriesCount=0,lastEntry=null
2020-06-28 10:43:55,708 [grpc-default-executor-0] DEBUG server.GrpcLogAppender (GrpcLogAppender.java:onNext(257)) - omNode-1@group-523986131536->omNode-3-AppendLogResponseHandler: received a reply omNode-1<-omNode-3#24:OK,SUCCESS,nextIndex:1,term:1,followerCommit:0, request=AppendEntriesRequest:cid=24,entriesCount=0,lastEntry=null
2020-06-28 10:43:56,208 [grpc-default-executor-0] INFO  ratis.OzoneManagerStateMachine (OzoneManagerStateMachine.java:getLatestSnapshot(147)) - Latest Snapshot Info 0#-1
2020-06-28 10:43:56,208 [grpc-default-executor-3] INFO  ratis.OzoneManagerStateMachine (OzoneManagerStateMachine.java:getLatestSnapshot(147)) - Latest Snapshot Info 0#-1
2020-06-28 10:43:56,209 [grpc-default-executor-3] DEBUG server.GrpcLogAppender (GrpcLogAppender.java:onNext(257)) - omNode-1@group-523986131536->omNode-2-AppendLogResponseHandler: received a reply omNode-1<-omNode-2#25:OK,SUCCESS,nextIndex:1,term:1,followerCommit:0, request=AppendEntriesRequest:cid=25,entriesCount=0,lastEntry=null
2020-06-28 10:43:56,209 [grpc-default-executor-3] DEBUG server.GrpcLogAppender (GrpcLogAppender.java:onNext(257)) - omNode-1@group-523986131536->omNode-3-AppendLogResponseHandler: received a reply omNode-1<-omNode-3#25:OK,SUCCESS,nextIndex:1,term:1,followerCommit:0, request=AppendEntriesRequest:cid=25,entriesCount=0,lastEntry=null
2020-06-28 10:43:56,435 [Listener at 127.0.0.1/10264] INFO  ozone.MiniOzoneClusterImpl (MiniOzoneClusterImpl.java:lambda$waitForClusterToBeReady$0(177)) - Nodes are ready. Got 3 of 3 DN Heartbeats.
2020-06-28 10:43:56,435 [Listener at 127.0.0.1/10264] INFO  ozone.MiniOzoneClusterImpl (MiniOzoneClusterImpl.java:lambda$waitForClusterToBeReady$0(180)) - Cluster exits safe mode
2020-06-28 10:43:56,452 [Listener at 127.0.0.1/10264] INFO  rpc.RpcClient (RpcClient.java:createVolume(310)) - Creating Volume: volume67369, with user99624 as owner.
2020-06-28 10:43:56,455 [IPC Server handler 3 on default port 10252] DEBUG impl.RaftServerImpl (RaftServerImpl.java:submitClientRequestAsync(575)) - omNode-1@group-523986131536: receive client request(RaftClientRequest:client-832ACF88C3FA->omNode-1@group-523986131536, cid=100, seq=0, RW, Message:080b12001a13636c6965...(size=150))
2020-06-28 10:43:56,456 [IPC Server handler 3 on default port 10252] DEBUG impl.RaftServerImpl (LeaderState.java:addPendingRequest(335)) - omNode-1@group-523986131536-LeaderState: addPendingRequest at RaftClientRequest:client-832ACF88C3FA->omNode-1@group-523986131536, cid=100, seq=0, RW, Message:080b12001a13636c6965...(size=150), entry=(t:1, i:1), STATEMACHINELOGENTRY, client-832ACF88C3FA, cid=100
2020-06-28 10:43:56,457 [grpc-default-executor-3] DEBUG impl.RaftServerImpl (RaftServerImpl.java:logAppendEntries(928)) - omNode-2@group-523986131536: receive appendEntries(omNode-1, 1, (t:1, i:0), 0, false, commits[omNode-1:c0, omNode-3:c0, omNode-2:c0], entries: (t:1, i:1), STATEMACHINELOGENTRY, client-832ACF88C3FA, cid=100
2020-06-28 10:43:56,457 [grpc-default-executor-3] INFO  ratis.OzoneManagerStateMachine (OzoneManagerStateMachine.java:getLatestSnapshot(147)) - Latest Snapshot Info 0#-1
2020-06-28 10:43:56,457 [grpc-default-executor-3] INFO  ratis.OzoneManagerStateMachine (OzoneManagerStateMachine.java:getLatestSnapshot(147)) - Latest Snapshot Info 0#-1
2020-06-28 10:43:56,458 [grpc-default-executor-0] DEBUG impl.RaftServerImpl (RaftServerImpl.java:logAppendEntries(928)) - omNode-3@group-523986131536: receive appendEntries(omNode-1, 1, (t:1, i:0), 0, false, commits[omNode-1:c0, omNode-3:c0, omNode-2:c0], entries: (t:1, i:1), STATEMACHINELOGENTRY, client-832ACF88C3FA, cid=100
2020-06-28 10:43:56,458 [grpc-default-executor-0] INFO  ratis.OzoneManagerStateMachine (OzoneManagerStateMachine.java:getLatestSnapshot(147)) - Latest Snapshot Info 0#-1
2020-06-28 10:43:56,458 [grpc-default-executor-0] INFO  ratis.OzoneManagerStateMachine (OzoneManagerStateMachine.java:getLatestSnapshot(147)) - Latest Snapshot Info 0#-1
2020-06-28 10:43:56,459 [Thread-1752] DEBUG impl.RaftServerImpl (RaftServerImpl.java:logAppendEntries(928)) - omNode-2@group-523986131536: succeeded to handle AppendEntries. Reply: omNode-1<-omNode-2#26:OK,SUCCESS,nextIndex:2,term:1,followerCommit:0
2020-06-28 10:43:56,459 [Thread-1753] DEBUG impl.RaftServerImpl (RaftServerImpl.java:logAppendEntries(928)) - omNode-3@group-523986131536: succeeded to handle AppendEntries. Reply: omNode-1<-omNode-3#26:OK,SUCCESS,nextIndex:2,term:1,followerCommit:0
2020-06-28 10:43:56,460 [grpc-default-executor-0] DEBUG server.GrpcLogAppender (GrpcLogAppender.java:onNext(257)) - omNode-1@group-523986131536->omNode-2-AppendLogResponseHandler: received a reply omNode-1<-omNode-2#26:OK,SUCCESS,nextIndex:2,term:1,followerCommit:0, request=AppendEntriesRequest:cid=26,entriesCount=1,lastEntry=(t:1, i:1)
2020-06-28 10:43:56,461 [grpc-default-executor-3] DEBUG impl.RaftServerImpl (RaftServerImpl.java:logAppendEntries(928)) - omNode-2@group-523986131536: receive appendEntries(omNode-1, 1, (t:1, i:1), 1, false, commits[omNode-1:c1, omNode-3:c0, omNode-2:c0], entries: (t:1, i:2), METADATAENTRY(c:1)
2020-06-28 10:43:56,461 [grpc-default-executor-3] INFO  ratis.OzoneManagerStateMachine (OzoneManagerStateMachine.java:getLatestSnapshot(147)) - Latest Snapshot Info 0#-1
2020-06-28 10:43:56,461 [grpc-default-executor-3] INFO  ratis.OzoneManagerStateMachine (OzoneManagerStateMachine.java:getLatestSnapshot(147)) - Latest Snapshot Info 0#-1
2020-06-28 10:43:56,461 [grpc-default-executor-3] DEBUG impl.RaftServerImpl (RaftServerImpl.java:logAppendEntries(928)) - omNode-3@group-523986131536: receive appendEntries(omNode-1, 1, (t:1, i:1), 1, false, commits[omNode-1:c1, omNode-3:c0, omNode-2:c0], entries: (t:1, i:2), METADATAENTRY(c:1)
2020-06-28 10:43:56,461 [grpc-default-executor-3] INFO  ratis.OzoneManagerStateMachine (OzoneManagerStateMachine.java:getLatestSnapshot(147)) - Latest Snapshot Info 0#-1
2020-06-28 10:43:56,462 [grpc-default-executor-3] INFO  ratis.OzoneManagerStateMachine (OzoneManagerStateMachine.java:getLatestSnapshot(147)) - Latest Snapshot Info 0#-1
2020-06-28 10:43:56,461 [grpc-default-executor-0] DEBUG server.GrpcLogAppender (GrpcLogAppender.java:onNext(257)) - omNode-1@group-523986131536->omNode-3-AppendLogResponseHandler: received a reply omNode-1<-omNode-3#26:OK,SUCCESS,nextIndex:2,term:1,followerCommit:0, request=AppendEntriesRequest:cid=26,entriesCount=1,lastEntry=(t:1, i:1)
2020-06-28 10:43:56,463 [Thread-1755] DEBUG impl.RaftServerImpl (RaftServerImpl.java:logAppendEntries(928)) - omNode-2@group-523986131536: succeeded to handle AppendEntries. Reply: omNode-1<-omNode-2#27:OK,SUCCESS,nextIndex:3,term:1,followerCommit:1
2020-06-28 10:43:56,465 [grpc-default-executor-0] DEBUG server.GrpcLogAppender (GrpcLogAppender.java:onNext(257)) - omNode-1@group-523986131536->omNode-2-AppendLogResponseHandler: received a reply omNode-1<-omNode-2#27:OK,SUCCESS,nextIndex:3,term:1,followerCommit:1, request=AppendEntriesRequest:cid=27,entriesCount=1,lastEntry=(t:1, i:2)
2020-06-28 10:43:56,466 [OM StateMachine ApplyTransaction Thread - 0] INFO  volume.OMVolumeCreateRequest (OMVolumeCreateRequest.java:validateAndUpdateCache(208)) - created volume:volume67369 for user:user99624
2020-06-28 10:43:56,475 [OM StateMachine ApplyTransaction Thread - 0] INFO  volume.OMVolumeCreateRequest (OMVolumeCreateRequest.java:validateAndUpdateCache(208)) - created volume:volume67369 for user:user99624
2020-06-28 10:43:56,476 [Thread-1754] DEBUG impl.RaftServerImpl (RaftServerImpl.java:logAppendEntries(928)) - omNode-3@group-523986131536: succeeded to handle AppendEntries. Reply: omNode-1<-omNode-3#27:OK,SUCCESS,nextIndex:3,term:1,followerCommit:1
2020-06-28 10:43:56,476 [grpc-default-executor-0] DEBUG server.GrpcLogAppender (GrpcLogAppender.java:onNext(257)) - omNode-1@group-523986131536->omNode-3-AppendLogResponseHandler: received a reply omNode-1<-omNode-3#27:OK,SUCCESS,nextIndex:3,term:1,followerCommit:1, request=AppendEntriesRequest:cid=27,entriesCount=1,lastEntry=(t:1, i:2)
2020-06-28 10:43:56,480 [OM StateMachine ApplyTransaction Thread - 0] INFO  volume.OMVolumeCreateRequest (OMVolumeCreateRequest.java:validateAndUpdateCache(208)) - created volume:volume67369 for user:user99624
2020-06-28 10:43:56,482 [Listener at 127.0.0.1/10264] INFO  rpc.RpcClient (RpcClient.java:createBucket(453)) - Creating Bucket: volume67369/26aa9f37-a6f2-4fbe-b59d-f54873e8f5ea, with Versioning false and Storage Type set to DISK and Encryption set to false 
2020-06-28 10:43:56,483 [IPC Server handler 4 on default port 10252] DEBUG impl.RaftServerImpl (RaftServerImpl.java:submitClientRequestAsync(575)) - omNode-1@group-523986131536: receive client request(RaftClientRequest:client-832ACF88C3FA->omNode-1@group-523986131536, cid=101, seq=0, RW, Message:081512001a13636c6965...(size=180))
2020-06-28 10:43:56,484 [IPC Server handler 4 on default port 10252] DEBUG impl.RaftServerImpl (LeaderState.java:addPendingRequest(335)) - omNode-1@group-523986131536-LeaderState: addPendingRequest at RaftClientRequest:client-832ACF88C3FA->omNode-1@group-523986131536, cid=101, seq=0, RW, Message:081512001a13636c6965...(size=180), entry=(t:1, i:3), STATEMACHINELOGENTRY, client-832ACF88C3FA, cid=101
2020-06-28 10:43:56,485 [grpc-default-executor-3] DEBUG impl.RaftServerImpl (RaftServerImpl.java:logAppendEntries(928)) - omNode-2@group-523986131536: receive appendEntries(omNode-1, 1, (t:1, i:2), 2, false, commits[omNode-1:c2, omNode-3:c1, omNode-2:c1], entries: (t:1, i:3), STATEMACHINELOGENTRY, client-832ACF88C3FA, cid=101
2020-06-28 10:43:56,485 [grpc-default-executor-3] INFO  ratis.OzoneManagerStateMachine (OzoneManagerStateMachine.java:getLatestSnapshot(147)) - Latest Snapshot Info 0#-1
2020-06-28 10:43:56,485 [grpc-default-executor-0] DEBUG impl.RaftServerImpl (RaftServerImpl.java:logAppendEntries(928)) - omNode-3@group-523986131536: receive appendEntries(omNode-1, 1, (t:1, i:2), 2, false, commits[omNode-1:c2, omNode-3:c1, omNode-2:c1], entries: (t:1, i:3), STATEMACHINELOGENTRY, client-832ACF88C3FA, cid=101
2020-06-28 10:43:56,485 [grpc-default-executor-3] INFO  ratis.OzoneManagerStateMachine (OzoneManagerStateMachine.java:getLatestSnapshot(147)) - Latest Snapshot Info 0#-1
2020-06-28 10:43:56,485 [grpc-default-executor-0] INFO  ratis.OzoneManagerStateMachine (OzoneManagerStateMachine.java:getLatestSnapshot(147)) - Latest Snapshot Info 0#-1
2020-06-28 10:43:56,485 [grpc-default-executor-0] INFO  ratis.OzoneManagerStateMachine (OzoneManagerStateMachine.java:getLatestSnapshot(147)) - Latest Snapshot Info 0#-1
2020-06-28 10:43:56,486 [Thread-1756] DEBUG impl.RaftServerImpl (RaftServerImpl.java:logAppendEntries(928)) - omNode-2@group-523986131536: succeeded to handle AppendEntries. Reply: omNode-1<-omNode-2#28:OK,SUCCESS,nextIndex:4,term:1,followerCommit:2
2020-06-28 10:43:56,486 [grpc-default-executor-0] DEBUG server.GrpcLogAppender (GrpcLogAppender.java:onNext(257)) - omNode-1@group-523986131536->omNode-2-AppendLogResponseHandler: received a reply omNode-1<-omNode-2#28:OK,SUCCESS,nextIndex:4,term:1,followerCommit:2, request=AppendEntriesRequest:cid=28,entriesCount=1,lastEntry=(t:1, i:3)
2020-06-28 10:43:56,487 [grpc-default-executor-3] DEBUG impl.RaftServerImpl (RaftServerImpl.java:logAppendEntries(928)) - omNode-2@group-523986131536: receive appendEntries(omNode-1, 1, (t:1, i:3), 3, false, commits[omNode-1:c3, omNode-3:c1, omNode-2:c2], entries: (t:1, i:4), METADATAENTRY(c:3)
2020-06-28 10:43:56,488 [grpc-default-executor-3] INFO  ratis.OzoneManagerStateMachine (OzoneManagerStateMachine.java:getLatestSnapshot(147)) - Latest Snapshot Info 0#-1
2020-06-28 10:43:56,488 [grpc-default-executor-3] INFO  ratis.OzoneManagerStateMachine (OzoneManagerStateMachine.java:getLatestSnapshot(147)) - Latest Snapshot Info 0#-1
2020-06-28 10:43:56,488 [grpc-default-executor-0] DEBUG impl.RaftServerImpl (RaftServerImpl.java:logAppendEntries(928)) - omNode-3@group-523986131536: receive appendEntries(omNode-1, 1, (t:1, i:3), 3, false, commits[omNode-1:c3, omNode-3:c1, omNode-2:c2], entries: (t:1, i:4), METADATAENTRY(c:3)
2020-06-28 10:43:56,488 [grpc-default-executor-0] INFO  ratis.OzoneManagerStateMachine (OzoneManagerStateMachine.java:getLatestSnapshot(147)) - Latest Snapshot Info 0#-1
2020-06-28 10:43:56,488 [grpc-default-executor-0] INFO  ratis.OzoneManagerStateMachine (OzoneManagerStateMachine.java:getLatestSnapshot(147)) - Latest Snapshot Info 0#-1
2020-06-28 10:43:56,494 [Thread-1757] DEBUG impl.RaftServerImpl (RaftServerImpl.java:logAppendEntries(928)) - omNode-3@group-523986131536: succeeded to handle AppendEntries. Reply: omNode-1<-omNode-3#28:OK,SUCCESS,nextIndex:4,term:1,followerCommit:2
2020-06-28 10:43:56,494 [grpc-default-executor-0] DEBUG server.GrpcLogAppender (GrpcLogAppender.java:onNext(257)) - omNode-1@group-523986131536->omNode-3-AppendLogResponseHandler: received a reply omNode-1<-omNode-3#28:OK,SUCCESS,nextIndex:4,term:1,followerCommit:2, request=AppendEntriesRequest:cid=28,entriesCount=1,lastEntry=(t:1, i:3)
2020-06-28 10:43:56,495 [Thread-1758] DEBUG impl.RaftServerImpl (RaftServerImpl.java:logAppendEntries(928)) - omNode-2@group-523986131536: succeeded to handle AppendEntries. Reply: omNode-1<-omNode-2#29:OK,SUCCESS,nextIndex:5,term:1,followerCommit:3
2020-06-28 10:43:56,497 [grpc-default-executor-0] DEBUG server.GrpcLogAppender (GrpcLogAppender.java:onNext(257)) - omNode-1@group-523986131536->omNode-2-AppendLogResponseHandler: received a reply omNode-1<-omNode-2#29:OK,SUCCESS,nextIndex:5,term:1,followerCommit:3, request=AppendEntriesRequest:cid=29,entriesCount=1,lastEntry=(t:1, i:4)
2020-06-28 10:43:56,499 [Thread-1759] DEBUG impl.RaftServerImpl (RaftServerImpl.java:logAppendEntries(928)) - omNode-3@group-523986131536: succeeded to handle AppendEntries. Reply: omNode-1<-omNode-3#29:OK,SUCCESS,nextIndex:5,term:1,followerCommit:3
2020-06-28 10:43:56,499 [IPC Server handler 6 on default port 10252] DEBUG impl.RaftServerImpl (RaftServerImpl.java:submitClientRequestAsync(575)) - omNode-1@group-523986131536: receive client request(RaftClientRequest:client-832ACF88C3FA->omNode-1@group-523986131536, cid=102, seq=0, RW, Message:082d12001a13636c6965...(size=266))
2020-06-28 10:43:56,499 [grpc-default-executor-0] DEBUG server.GrpcLogAppender (GrpcLogAppender.java:onNext(257)) - omNode-1@group-523986131536->omNode-3-AppendLogResponseHandler: received a reply omNode-1<-omNode-3#29:OK,SUCCESS,nextIndex:5,term:1,followerCommit:3, request=AppendEntriesRequest:cid=29,entriesCount=1,lastEntry=(t:1, i:4)
2020-06-28 10:43:56,499 [IPC Server handler 6 on default port 10252] DEBUG impl.RaftServerImpl (LeaderState.java:addPendingRequest(335)) - omNode-1@group-523986131536-LeaderState: addPendingRequest at RaftClientRequest:client-832ACF88C3FA->omNode-1@group-523986131536, cid=102, seq=0, RW, Message:082d12001a13636c6965...(size=266), entry=(t:1, i:5), STATEMACHINELOGENTRY, client-832ACF88C3FA, cid=102
2020-06-28 10:43:56,500 [grpc-default-executor-3] DEBUG impl.RaftServerImpl (RaftServerImpl.java:logAppendEntries(928)) - omNode-3@group-523986131536: receive appendEntries(omNode-1, 1, (t:1, i:4), 4, false, commits[omNode-1:c4, omNode-3:c3, omNode-2:c3], entries: (t:1, i:5), STATEMACHINELOGENTRY, client-832ACF88C3FA, cid=102
2020-06-28 10:43:56,500 [grpc-default-executor-3] INFO  ratis.OzoneManagerStateMachine (OzoneManagerStateMachine.java:getLatestSnapshot(147)) - Latest Snapshot Info 0#-1
2020-06-28 10:43:56,500 [grpc-default-executor-3] INFO  ratis.OzoneManagerStateMachine (OzoneManagerStateMachine.java:getLatestSnapshot(147)) - Latest Snapshot Info 0#-1
2020-06-28 10:43:56,501 [grpc-default-executor-0] DEBUG impl.RaftServerImpl (RaftServerImpl.java:logAppendEntries(928)) - omNode-2@group-523986131536: receive appendEntries(omNode-1, 1, (t:1, i:4), 4, false, commits[omNode-1:c4, omNode-3:c3, omNode-2:c3], entries: (t:1, i:5), STATEMACHINELOGENTRY, client-832ACF88C3FA, cid=102
2020-06-28 10:43:56,501 [grpc-default-executor-0] INFO  ratis.OzoneManagerStateMachine (OzoneManagerStateMachine.java:getLatestSnapshot(147)) - Latest Snapshot Info 0#-1
2020-06-28 10:43:56,501 [grpc-default-executor-0] INFO  ratis.OzoneManagerStateMachine (OzoneManagerStateMachine.java:getLatestSnapshot(147)) - Latest Snapshot Info 0#-1
2020-06-28 10:43:56,504 [Thread-1760] DEBUG impl.RaftServerImpl (RaftServerImpl.java:logAppendEntries(928)) - omNode-3@group-523986131536: succeeded to handle AppendEntries. Reply: omNode-1<-omNode-3#30:OK,SUCCESS,nextIndex:6,term:1,followerCommit:4
2020-06-28 10:43:56,506 [grpc-default-executor-0] DEBUG server.GrpcLogAppender (GrpcLogAppender.java:onNext(257)) - omNode-1@group-523986131536->omNode-3-AppendLogResponseHandler: received a reply omNode-1<-omNode-3#30:OK,SUCCESS,nextIndex:6,term:1,followerCommit:4, request=AppendEntriesRequest:cid=30,entriesCount=1,lastEntry=(t:1, i:5)
2020-06-28 10:43:56,507 [grpc-default-executor-3] DEBUG impl.RaftServerImpl (RaftServerImpl.java:logAppendEntries(928)) - omNode-3@group-523986131536: receive appendEntries(omNode-1, 1, (t:1, i:5), 5, false, commits[omNode-1:c5, omNode-3:c4, omNode-2:c3], entries: (t:1, i:6), METADATAENTRY(c:5)
2020-06-28 10:43:56,507 [grpc-default-executor-3] INFO  ratis.OzoneManagerStateMachine (OzoneManagerStateMachine.java:getLatestSnapshot(147)) - Latest Snapshot Info 0#-1
2020-06-28 10:43:56,508 [grpc-default-executor-3] INFO  ratis.OzoneManagerStateMachine (OzoneManagerStateMachine.java:getLatestSnapshot(147)) - Latest Snapshot Info 0#-1
2020-06-28 10:43:56,508 [Listener at 127.0.0.1/10264] INFO  ipc.Server (Server.java:stop(3359)) - Stopping server on 10252
2020-06-28 10:43:56,508 [grpc-default-executor-0] DEBUG impl.RaftServerImpl (RaftServerImpl.java:logAppendEntries(928)) - omNode-2@group-523986131536: receive appendEntries(omNode-1, 1, (t:1, i:5), 5, false, commits[omNode-1:c5, omNode-3:c4, omNode-2:c3], entries: (t:1, i:6), METADATAENTRY(c:5)
2020-06-28 10:43:56,508 [grpc-default-executor-0] INFO  ratis.OzoneManagerStateMachine (OzoneManagerStateMachine.java:getLatestSnapshot(147)) - Latest Snapshot Info 0#-1
2020-06-28 10:43:56,508 [grpc-default-executor-0] INFO  ratis.OzoneManagerStateMachine (OzoneManagerStateMachine.java:getLatestSnapshot(147)) - Latest Snapshot Info 0#-1
2020-06-28 10:43:56,512 [Thread-1761] DEBUG impl.RaftServerImpl (RaftServerImpl.java:logAppendEntries(928)) - omNode-2@group-523986131536: succeeded to handle AppendEntries. Reply: omNode-1<-omNode-2#30:OK,SUCCESS,nextIndex:6,term:1,followerCommit:4
2020-06-28 10:43:56,512 [Thread-1762] DEBUG impl.RaftServerImpl (RaftServerImpl.java:logAppendEntries(928)) - omNode-3@group-523986131536: succeeded to handle AppendEntries. Reply: omNode-1<-omNode-3#31:OK,SUCCESS,nextIndex:7,term:1,followerCommit:5
2020-06-28 10:43:56,515 [grpc-default-executor-0] DEBUG server.GrpcLogAppender (GrpcLogAppender.java:onNext(257)) - omNode-1@group-523986131536->omNode-3-AppendLogResponseHandler: received a reply omNode-1<-omNode-3#31:OK,SUCCESS,nextIndex:7,term:1,followerCommit:5, request=AppendEntriesRequest:cid=31,entriesCount=1,lastEntry=(t:1, i:6)
2020-06-28 10:43:56,515 [grpc-default-executor-3] DEBUG server.GrpcLogAppender (GrpcLogAppender.java:onNext(257)) - omNode-1@group-523986131536->omNode-2-AppendLogResponseHandler: received a reply omNode-1<-omNode-2#30:OK,SUCCESS,nextIndex:6,term:1,followerCommit:4, request=AppendEntriesRequest:cid=30,entriesCount=1,lastEntry=(t:1, i:5)
2020-06-28 10:43:56,523 [IPC Server listener on 10252] INFO  ipc.Server (Server.java:run(1330)) - Stopping IPC Server listener on 10252
2020-06-28 10:43:56,523 [IPC Server Responder] INFO  ipc.Server (Server.java:run(1465)) - Stopping IPC Server Responder
2020-06-28 10:43:56,523 [Listener at 127.0.0.1/10264] INFO  impl.RaftServerProxy (RaftServerProxy.java:lambda$close$4(319)) - omNode-1: close
2020-06-28 10:43:56,523 [Listener at 127.0.0.1/10264] INFO  impl.RaftServerImpl (RaftServerImpl.java:lambda$shutdown$3(252)) - omNode-1@group-523986131536: shutdown
2020-06-28 10:43:56,524 [Listener at 127.0.0.1/10264] INFO  util.JmxRegister (JmxRegister.java:unregister(73)) - Successfully un-registered JMX Bean with object name Ratis:service=RaftServer,group=group-523986131536,id=omNode-1
2020-06-28 10:43:56,524 [Listener at 127.0.0.1/10264] INFO  impl.RoleInfo (RoleInfo.java:shutdownLeaderState(104)) - omNode-1: shutdown LeaderState
2020-06-28 10:43:56,524 [Listener at 127.0.0.1/10264] INFO  metrics.RatisMetrics (RatisMetrics.java:unregister(43)) - Unregistering Metrics Registry : ratis_grpc.log_appender.omNode-1@group-523986131536
2020-06-28 10:43:56,525 [Thread-1763] DEBUG impl.RaftServerImpl (RaftServerImpl.java:logAppendEntries(928)) - omNode-2@group-523986131536: succeeded to handle AppendEntries. Reply: omNode-1<-omNode-2#31:OK,SUCCESS,nextIndex:7,term:1,followerCommit:5
2020-06-28 10:43:56,525 [grpc-default-executor-3] DEBUG server.GrpcLogAppender (GrpcLogAppender.java:onNext(257)) - omNode-1@group-523986131536->omNode-2-AppendLogResponseHandler: received a reply omNode-1<-omNode-2#31:OK,SUCCESS,nextIndex:7,term:1,followerCommit:5, request=AppendEntriesRequest:cid=31,entriesCount=1,lastEntry=(t:1, i:6)
2020-06-28 10:43:56,532 [Listener at 127.0.0.1/10264] INFO  metrics.RatisMetrics (RatisMetrics.java:unregister(43)) - Unregistering Metrics Registry : ratis_grpc.log_appender.omNode-1@group-523986131536
2020-06-28 10:43:56,532 [Listener at 127.0.0.1/10264] INFO  impl.PendingRequests (PendingRequests.java:sendNotLeaderResponses(249)) - omNode-1@group-523986131536-PendingRequests: sendNotLeaderResponses
2020-06-28 10:43:56,533 [org.apache.ratis.server.impl.LogAppender$AppenderDaemon$$Lambda$341/1872186868@ba7de6a] WARN  server.GrpcLogAppender (GrpcLogAppender.java:mayWait(153)) - omNode-1@group-523986131536->omNode-2-GrpcLogAppender: Wait interrupted by java.lang.InterruptedException
2020-06-28 10:43:56,533 [org.apache.ratis.server.impl.LogAppender$AppenderDaemon$$Lambda$341/1872186868@1a3eb9ba] WARN  server.GrpcLogAppender (GrpcLogAppender.java:mayWait(153)) - omNode-1@group-523986131536->omNode-3-GrpcLogAppender: Wait interrupted by java.lang.InterruptedException
2020-06-28 10:43:56,533 [grpc-default-executor-3] INFO  server.GrpcServerProtocolService (GrpcServerProtocolService.java:onCompleted(138)) - omNode-2: Completed APPEND_ENTRIES, lastRequest: omNode-1->omNode-2#31-t1, previous=(t:1, i:5), leaderCommit=5, initializing? false, entries: size=1, first=(t:1, i:6), METADATAENTRY(c:5)
2020-06-28 10:43:56,534 [grpc-default-executor-1] INFO  server.GrpcLogAppender (GrpcLogAppender.java:onCompleted(319)) - omNode-1@group-523986131536->omNode-2-AppendLogResponseHandler: follower responses appendEntries COMPLETED
2020-06-28 10:43:56,536 [grpc-default-executor-0] INFO  server.GrpcServerProtocolService (GrpcServerProtocolService.java:onCompleted(138)) - omNode-3: Completed APPEND_ENTRIES, lastRequest: omNode-1->omNode-3#31-t1, previous=(t:1, i:5), leaderCommit=5, initializing? false, entries: size=1, first=(t:1, i:6), METADATAENTRY(c:5)
2020-06-28 10:43:56,537 [grpc-default-executor-1] INFO  impl.FollowerInfo (FollowerInfo.java:lambda$new$0(51)) - omNode-1@group-523986131536->omNode-2: nextIndex: updateUnconditionally 7 -> 6
2020-06-28 10:43:56,537 [grpc-default-executor-3] INFO  server.GrpcLogAppender (GrpcLogAppender.java:onCompleted(319)) - omNode-1@group-523986131536->omNode-3-AppendLogResponseHandler: follower responses appendEntries COMPLETED
2020-06-28 10:43:56,537 [grpc-default-executor-3] INFO  impl.FollowerInfo (FollowerInfo.java:lambda$new$0(51)) - omNode-1@group-523986131536->omNode-3: nextIndex: updateUnconditionally 7 -> 6
2020-06-28 10:43:56,544 [Listener at 127.0.0.1/10264] INFO  metrics.RatisMetrics (RatisMetrics.java:unregister(43)) - Unregistering Metrics Registry : ratis.log_appender.omNode-1@group-523986131536
2020-06-28 10:43:56,544 [Listener at 127.0.0.1/10264] INFO  metrics.RatisMetrics (RatisMetrics.java:unregister(43)) - Unregistering Metrics Registry : ratis.server.omNode-1@group-523986131536
2020-06-28 10:43:56,544 [Listener at 127.0.0.1/10264] INFO  impl.StateMachineUpdater (StateMachineUpdater.java:stopAndJoin(142)) - omNode-1@group-523986131536-StateMachineUpdater: set stopIndex = 6
2020-06-28 10:43:56,544 [omNode-1@group-523986131536-StateMachineUpdater] INFO  ratis.OzoneManagerStateMachine (OzoneManagerStateMachine.java:takeSnapshot(355)) - Current Snapshot Index (t:1, i:6)
2020-06-28 10:43:56,544 [omNode-1@group-523986131536-StateMachineUpdater] INFO  impl.StateMachineUpdater (StateMachineUpdater.java:takeSnapshot(277)) - omNode-1@group-523986131536-StateMachineUpdater: Took a snapshot at index 6
2020-06-28 10:43:56,544 [omNode-1@group-523986131536-StateMachineUpdater] INFO  impl.StateMachineUpdater (StateMachineUpdater.java:lambda$new$0(87)) - omNode-1@group-523986131536-StateMachineUpdater: snapshotIndex: updateIncreasingly -1 -> 6
2020-06-28 10:43:56,545 [omNode-1@group-523986131536-StateMachineUpdater] INFO  metrics.RatisMetrics (RatisMetrics.java:unregister(43)) - Unregistering Metrics Registry : ratis.state_machine.omNode-1@group-523986131536
2020-06-28 10:43:56,545 [Listener at 127.0.0.1/10264] INFO  impl.RaftServerImpl (ServerState.java:close(387)) - omNode-1@group-523986131536: closes. applyIndex: 6
2020-06-28 10:43:56,545 [omNode-1@group-523986131536-SegmentedRaftLogWorker] INFO  segmented.SegmentedRaftLogWorker (SegmentedRaftLogWorker.java:run(327)) - omNode-1@group-523986131536-SegmentedRaftLogWorker was interrupted, exiting. There are 0 tasks remaining in the queue.
2020-06-28 10:43:56,545 [Listener at 127.0.0.1/10264] INFO  segmented.SegmentedRaftLogWorker (SegmentedRaftLogWorker.java:close(234)) - omNode-1@group-523986131536-SegmentedRaftLogWorker close()
2020-06-28 10:43:56,546 [Listener at 127.0.0.1/10264] INFO  metrics.RatisMetrics (RatisMetrics.java:unregister(43)) - Unregistering Metrics Registry : ratis.log_worker.omNode-1@group-523986131536
2020-06-28 10:43:56,546 [Listener at 127.0.0.1/10264] INFO  metrics.RatisMetrics (RatisMetrics.java:unregister(43)) - Unregistering Metrics Registry : ratis.leader_election.omNode-1@group-523986131536
2020-06-28 10:43:56,546 [Listener at 127.0.0.1/10264] INFO  metrics.RatisMetrics (RatisMetrics.java:unregister(43)) - Unregistering Metrics Registry : ratis.server.omNode-1@group-523986131536
2020-06-28 10:43:56,546 [Listener at 127.0.0.1/10264] INFO  server.GrpcService (GrpcService.java:closeImpl(166)) - omNode-1: shutdown server with port 10256 now
2020-06-28 10:43:56,550 [Listener at 127.0.0.1/10264] INFO  server.GrpcService (GrpcService.java:closeImpl(174)) - omNode-1: shutdown server with port 10256 successfully
2020-06-28 10:43:56,550 [Listener at 127.0.0.1/10264] INFO  ratis.OzoneManagerDoubleBuffer (OzoneManagerDoubleBuffer.java:stop(458)) - Stopping OMDoubleBuffer flush thread
2020-06-28 10:43:56,550 [OMDoubleBufferFlushThread] INFO  ratis.OzoneManagerDoubleBuffer (OzoneManagerDoubleBuffer.java:flushTransactions(357)) - OMDoubleBuffer flush thread OMDoubleBufferFlushThread is interrupted and will exit. OMDoubleBufferFlushThread
2020-06-28 10:43:56,551 [Listener at 127.0.0.1/10264] INFO  ratis.OzoneManagerStateMachine (HadoopExecutors.java:shutdown(118)) - Gracefully shutting down executor service. Waiting max 5 SECONDS
2020-06-28 10:43:56,551 [Listener at 127.0.0.1/10264] INFO  ratis.OzoneManagerStateMachine (HadoopExecutors.java:shutdown(129)) - Succesfully shutdown executor service
2020-06-28 10:43:56,551 [Listener at 127.0.0.1/10264] INFO  ratis.OzoneManagerStateMachine (HadoopExecutors.java:shutdown(118)) - Gracefully shutting down executor service. Waiting max 5 SECONDS
2020-06-28 10:43:56,551 [Listener at 127.0.0.1/10264] INFO  ratis.OzoneManagerStateMachine (HadoopExecutors.java:shutdown(129)) - Succesfully shutdown executor service
2020-06-28 10:43:56,551 [Listener at 127.0.0.1/10264] INFO  utils.BackgroundService (BackgroundService.java:shutdown(157)) - Shutting down service KeyDeletingService
2020-06-28 10:43:56,552 [Listener at 127.0.0.1/10264] INFO  handler.ContextHandler (ContextHandler.java:doStop(1016)) - Stopped o.e.j.w.WebAppContext@1650bc55{ozoneManager,/,null,UNAVAILABLE}{file:/github/workspace/mnt/ozone/hadoop-ozone/integration-test/target/test-classes/webapps/ozoneManager}
2020-06-28 10:43:56,552 [Listener at 127.0.0.1/10264] INFO  server.AbstractConnector (AbstractConnector.java:doStop(380)) - Stopped ServerConnector@193c32d9{HTTP/1.1,[http/1.1]}{0.0.0.0:10254}
2020-06-28 10:43:56,552 [Listener at 127.0.0.1/10264] INFO  server.session (HouseKeeper.java:stopScavenging(158)) - node0 Stopped scavenging
2020-06-28 10:43:56,552 [Listener at 127.0.0.1/10264] INFO  handler.ContextHandler (ContextHandler.java:doStop(1016)) - Stopped o.e.j.s.ServletContextHandler@782d9a6b{static,/static,file:///github/workspace/mnt/ozone/hadoop-ozone/integration-test/target/test-classes/webapps/static,UNAVAILABLE}
2020-06-28 10:43:56,552 [Listener at 127.0.0.1/10264] INFO  handler.ContextHandler (ContextHandler.java:doStop(1016)) - Stopped o.e.j.s.ServletContextHandler@fc76f80{logs,/logs,file:///github/workspace/mnt/ozone/hadoop-ozone/integration-test/target/log,UNAVAILABLE}
2020-06-28 10:43:58,045 [grpc-default-executor-0] DEBUG server.GrpcLogAppender (GrpcLogAppender.java:onNext(257)) - 8ea79bce-3765-45eb-b2d3-535100c914cf@group-934E6379BBC7->25e14e54-dedc-49b5-a0d9-9290319fa0de-AppendLogResponseHandler: received a reply 8ea79bce-3765-45eb-b2d3-535100c914cf<-25e14e54-dedc-49b5-a0d9-9290319fa0de#2:OK,SUCCESS,nextIndex:1,term:1,followerCommit:0, request=AppendEntriesRequest:cid=2,entriesCount=0,lastEntry=null
2020-06-28 10:43:58,045 [grpc-default-executor-0] DEBUG server.GrpcLogAppender (GrpcLogAppender.java:onNext(257)) - 8ea79bce-3765-45eb-b2d3-535100c914cf@group-934E6379BBC7->8da610d4-c262-4b40-863f-7000a32f6a27-AppendLogResponseHandler: received a reply 8ea79bce-3765-45eb-b2d3-535100c914cf<-8da610d4-c262-4b40-863f-7000a32f6a27#2:OK,SUCCESS,nextIndex:1,term:1,followerCommit:0, request=AppendEntriesRequest:cid=2,entriesCount=0,lastEntry=null
2020-06-28 10:43:58,415 [Thread-1639] INFO  impl.FollowerState (FollowerState.java:run(108)) - omNode-2@group-523986131536-FollowerState: change to CANDIDATE, lastRpcTime:1890ms, electionTimeout:1056ms
2020-06-28 10:43:58,416 [Thread-1639] INFO  impl.RoleInfo (RoleInfo.java:shutdownFollowerState(121)) - omNode-2: shutdown FollowerState
2020-06-28 10:43:58,416 [Thread-1639] INFO  impl.RaftServerImpl (RaftServerImpl.java:setRole(175)) - omNode-2@group-523986131536: changes role from  FOLLOWER to CANDIDATE at term 1 for changeToCandidate
2020-06-28 10:43:58,416 [Thread-1639] INFO  impl.RoleInfo (RoleInfo.java:updateAndGet(143)) - omNode-2: start LeaderElection
2020-06-28 10:43:58,419 [omNode-2@group-523986131536-LeaderElection24] INFO  impl.RaftServerImpl (ServerState.java:setLeader(255)) - omNode-2@group-523986131536: change Leader from omNode-1 to null at term 1 for initElection
2020-06-28 10:43:58,422 [omNode-2@group-523986131536-LeaderElection24] INFO  impl.LeaderElection (LeaderElection.java:askForVotes(206)) - omNode-2@group-523986131536-LeaderElection24: begin an election at term 2 for 0: [omNode-3:localhost:10268, omNode-1:localhost:10256, omNode-2:localhost:10262], old=null
2020-06-28 10:43:58,429 [grpc-default-executor-0] DEBUG impl.RaftServerImpl (RaftServerImpl.java:requestVote(821)) - omNode-3@group-523986131536: receive requestVote(omNode-2, group-523986131536, 2, (t:1, i:6))
2020-06-28 10:43:58,430 [grpc-default-executor-0] INFO  impl.RaftServerImpl (ServerState.java:setLeader(255)) - omNode-3@group-523986131536: change Leader from omNode-1 to null at term 2 for updateCurrentTerm
2020-06-28 10:43:58,430 [grpc-default-executor-0] INFO  impl.RaftServerImpl (RaftServerImpl.java:setRole(175)) - omNode-3@group-523986131536: changes role from  FOLLOWER to FOLLOWER at term 2 for recognizeCandidate:omNode-2
2020-06-28 10:43:58,430 [grpc-default-executor-0] INFO  impl.RoleInfo (RoleInfo.java:shutdownFollowerState(121)) - omNode-3: shutdown FollowerState
2020-06-28 10:43:58,430 [grpc-default-executor-0] INFO  impl.RoleInfo (RoleInfo.java:updateAndGet(143)) - omNode-3: start FollowerState
2020-06-28 10:43:58,430 [Thread-1638] INFO  impl.FollowerState (FollowerState.java:run(117)) - omNode-3@group-523986131536-FollowerState was interrupted: java.lang.InterruptedException: sleep interrupted
2020-06-28 10:43:58,431 [grpc-default-executor-0] INFO  ratis.OzoneManagerStateMachine (OzoneManagerStateMachine.java:getLatestSnapshot(147)) - Latest Snapshot Info 0#-1
2020-06-28 10:43:58,432 [omNode-2@group-523986131536-LeaderElection24] INFO  impl.LeaderElection (LogUtils.java:infoOrTrace(137)) - omNode-2@group-523986131536-LeaderElection24 got exception when requesting votes: java.util.concurrent.ExecutionException: org.apache.ratis.thirdparty.io.grpc.StatusRuntimeException: UNAVAILABLE: io exception
2020-06-28 10:43:58,435 [grpc-default-executor-0] DEBUG impl.RaftServerImpl (RaftServerImpl.java:requestVote(853)) - omNode-3@group-523986131536 replies to vote request: omNode-2<-omNode-3#0:OK-t2. Peer's state: omNode-3@group-523986131536:t2, leader=null, voted=omNode-2, raftlog=omNode-3@group-523986131536-SegmentedRaftLog:OPENED:c5,f6,i6, conf=0: [omNode-3:localhost:10268, omNode-1:localhost:10256, omNode-2:localhost:10262], old=null
2020-06-28 10:43:58,436 [omNode-2@group-523986131536-LeaderElection24] INFO  impl.LeaderElection (LeaderElection.java:logAndReturn(61)) - omNode-2@group-523986131536-LeaderElection24: Election PASSED; received 1 response(s) [omNode-2<-omNode-3#0:OK-t2] and 1 exception(s); omNode-2@group-523986131536:t2, leader=null, voted=omNode-2, raftlog=omNode-2@group-523986131536-SegmentedRaftLog:OPENED:c5,f6,i6, conf=0: [omNode-3:localhost:10268, omNode-1:localhost:10256, omNode-2:localhost:10262], old=null
2020-06-28 10:43:58,436 [omNode-2@group-523986131536-LeaderElection24] INFO  impl.LeaderElection (LogUtils.java:infoOrTrace(137)) -   Exception 0: java.util.concurrent.ExecutionException: org.apache.ratis.thirdparty.io.grpc.StatusRuntimeException: UNAVAILABLE: io exception
2020-06-28 10:43:58,436 [omNode-2@group-523986131536-LeaderElection24] INFO  impl.RoleInfo (RoleInfo.java:shutdownLeaderElection(134)) - omNode-2: shutdown LeaderElection
2020-06-28 10:43:58,437 [omNode-2@group-523986131536-LeaderElection24] INFO  impl.RaftServerImpl (RaftServerImpl.java:setRole(175)) - omNode-2@group-523986131536: changes role from CANDIDATE to LEADER at term 2 for changeToLeader
2020-06-28 10:43:58,437 [omNode-2@group-523986131536-LeaderElection24] INFO  impl.RaftServerImpl (ServerState.java:setLeader(255)) - omNode-2@group-523986131536: change Leader from null to omNode-2 at term 2 for becomeLeader, leader elected after 17ms
2020-06-28 10:43:58,437 [omNode-2@group-523986131536-LeaderElection24] INFO  server.RaftServerConfigKeys (ConfUtils.java:logGet(44)) - raft.server.staging.catchup.gap = 1000 (default)
2020-06-28 10:43:58,437 [omNode-2@group-523986131536-LeaderElection24] INFO  server.RaftServerConfigKeys (ConfUtils.java:logGet(44)) - raft.server.rpc.sleep.time = 25ms (default)
2020-06-28 10:43:58,437 [omNode-2@group-523986131536-LeaderElection24] INFO  metrics.RatisMetrics (RatisMetrics.java:lambda$create$0(36)) - Creating Metrics Registry : ratis.log_appender.omNode-2@group-523986131536
2020-06-28 10:43:58,437 [omNode-2@group-523986131536-LeaderElection24] INFO  server.RaftServerConfigKeys (ConfUtils.java:logGet(44)) - raft.server.write.element-limit = 4096 (default)
2020-06-28 10:43:58,437 [omNode-2@group-523986131536-LeaderElection24] INFO  server.RaftServerConfigKeys (ConfUtils.java:logGet(44)) - raft.server.write.byte-limit = 64MB (=67108864) (default)
2020-06-28 10:43:58,438 [omNode-2@group-523986131536-LeaderElection24] INFO  server.RaftServerConfigKeys (ConfUtils.java:logGet(44)) - raft.server.watch.timeout = 10s (default)
2020-06-28 10:43:58,438 [omNode-2@group-523986131536-LeaderElection24] INFO  server.RaftServerConfigKeys (ConfUtils.java:logGet(44)) - raft.server.watch.timeout.denomination = 1s (default)
2020-06-28 10:43:58,438 [omNode-2@group-523986131536-LeaderElection24] INFO  server.RaftServerConfigKeys (ConfUtils.java:logGet(44)) - raft.server.watch.element-limit = 65536 (default)
2020-06-28 10:43:58,438 [omNode-2@group-523986131536-LeaderElection24] INFO  server.RaftServerConfigKeys (ConfUtils.java:logGet(44)) - raft.server.log.appender.snapshot.chunk.size.max = 16MB (=16777216) (default)
2020-06-28 10:43:58,438 [omNode-2@group-523986131536-LeaderElection24] INFO  server.RaftServerConfigKeys (ConfUtils.java:logGet(44)) - raft.server.log.appender.buffer.byte-limit = 33554432 (custom)
2020-06-28 10:43:58,438 [omNode-2@group-523986131536-LeaderElection24] INFO  server.RaftServerConfigKeys (ConfUtils.java:logGet(44)) - raft.server.log.appender.buffer.element-limit = 1024 (custom)
2020-06-28 10:43:58,438 [omNode-2@group-523986131536-LeaderElection24] INFO  grpc.GrpcConfigKeys (ConfUtils.java:logGet(44)) - raft.grpc.server.leader.outstanding.appends.max = 128 (default)
2020-06-28 10:43:58,438 [omNode-2@group-523986131536-LeaderElection24] INFO  server.RaftServerConfigKeys (ConfUtils.java:logGet(44)) - raft.server.rpc.request.timeout = 3000ms (default)
2020-06-28 10:43:58,438 [omNode-2@group-523986131536-LeaderElection24] INFO  server.RaftServerConfigKeys (ConfUtils.java:logGet(44)) - raft.server.log.appender.install.snapshot.enabled = false (custom)
2020-06-28 10:43:58,438 [omNode-2@group-523986131536-LeaderElection24] INFO  metrics.RatisMetrics (RatisMetrics.java:lambda$create$0(36)) - Creating Metrics Registry : ratis_grpc.log_appender.omNode-2@group-523986131536
2020-06-28 10:43:58,440 [omNode-2@group-523986131536-LeaderElection24] INFO  server.RaftServerConfigKeys (ConfUtils.java:logGet(44)) - raft.server.log.appender.snapshot.chunk.size.max = 16MB (=16777216) (default)
2020-06-28 10:43:58,440 [omNode-2@group-523986131536-LeaderElection24] INFO  server.RaftServerConfigKeys (ConfUtils.java:logGet(44)) - raft.server.log.appender.buffer.byte-limit = 33554432 (custom)
2020-06-28 10:43:58,440 [omNode-2@group-523986131536-LeaderElection24] INFO  server.RaftServerConfigKeys (ConfUtils.java:logGet(44)) - raft.server.log.appender.buffer.element-limit = 1024 (custom)
2020-06-28 10:43:58,440 [omNode-2@group-523986131536-LeaderElection24] INFO  grpc.GrpcConfigKeys (ConfUtils.java:logGet(44)) - raft.grpc.server.leader.outstanding.appends.max = 128 (default)
2020-06-28 10:43:58,440 [omNode-2@group-523986131536-LeaderElection24] INFO  server.RaftServerConfigKeys (ConfUtils.java:logGet(44)) - raft.server.rpc.request.timeout = 3000ms (default)
2020-06-28 10:43:58,440 [omNode-2@group-523986131536-LeaderElection24] INFO  server.RaftServerConfigKeys (ConfUtils.java:logGet(44)) - raft.server.log.appender.install.snapshot.enabled = false (custom)
2020-06-28 10:43:58,441 [omNode-2@group-523986131536-LeaderElection24] INFO  impl.RoleInfo (RoleInfo.java:updateAndGet(143)) - omNode-2: start LeaderState
2020-06-28 10:43:58,441 [omNode-2@group-523986131536-LeaderElection24] INFO  segmented.SegmentedRaftLogWorker (SegmentedRaftLogWorker.java:rollLogSegment(402)) - omNode-2@group-523986131536-SegmentedRaftLogWorker: Rolling segment log-0_6 to index:6
2020-06-28 10:43:58,441 [omNode-2@group-523986131536-SegmentedRaftLogWorker] INFO  segmented.SegmentedRaftLogWorker (SegmentedRaftLogWorker.java:execute(553)) - omNode-2@group-523986131536-SegmentedRaftLogWorker: Rolled log segment from /github/workspace/mnt/ozone/hadoop-ozone/integration-test/target/test-dir/MiniOzoneClusterImpl-70ff22f2-c74d-429a-be4f-7513cb1d4b7b/omNode-2/ratis/c9bc4cf4-3bc3-3c60-a66b-523986131536/current/log_inprogress_0 to /github/workspace/mnt/ozone/hadoop-ozone/integration-test/target/test-dir/MiniOzoneClusterImpl-70ff22f2-c74d-429a-be4f-7513cb1d4b7b/omNode-2/ratis/c9bc4cf4-3bc3-3c60-a66b-523986131536/current/log_0-6
2020-06-28 10:43:58,443 [omNode-2@group-523986131536-SegmentedRaftLogWorker] INFO  segmented.SegmentedRaftLogWorker (SegmentedRaftLogWorker.java:execute(596)) - omNode-2@group-523986131536-SegmentedRaftLogWorker: created new log segment /github/workspace/mnt/ozone/hadoop-ozone/integration-test/target/test-dir/MiniOzoneClusterImpl-70ff22f2-c74d-429a-be4f-7513cb1d4b7b/omNode-2/ratis/c9bc4cf4-3bc3-3c60-a66b-523986131536/current/log_inprogress_7
2020-06-28 10:43:58,447 [grpc-default-executor-0] INFO  impl.RaftServerImpl (ServerState.java:setLeader(255)) - omNode-3@group-523986131536: change Leader from null to omNode-2 at term 2 for appendEntries, leader elected after 16ms
2020-06-28 10:43:58,451 [grpc-default-executor-0] INFO  ratis.OzoneManagerStateMachine (OzoneManagerStateMachine.java:getLatestSnapshot(147)) - Latest Snapshot Info 0#-1
2020-06-28 10:43:58,452 [omNode-2@group-523986131536-LeaderElection24] INFO  impl.RaftServerImpl (ServerState.java:setRaftConf(356)) - omNode-2@group-523986131536: set configuration 7: [omNode-3:localhost:10268, omNode-1:localhost:10256, omNode-2:localhost:10262], old=null at 7
2020-06-28 10:43:58,452 [grpc-default-executor-0] DEBUG impl.RaftServerImpl (RaftServerImpl.java:logAppendEntries(928)) - omNode-3@group-523986131536: receive appendEntries(omNode-2, 2, (t:1, i:6), 5, false, commits[omNode-2:c5, omNode-3:c4, omNode-1:c5], entries: (t:2, i:7), CONFIGURATIONENTRY
2020-06-28 10:43:58,452 [grpc-default-executor-0] INFO  ratis.OzoneManagerStateMachine (OzoneManagerStateMachine.java:getLatestSnapshot(147)) - Latest Snapshot Info 0#-1
2020-06-28 10:43:58,452 [grpc-default-executor-0] INFO  ratis.OzoneManagerStateMachine (OzoneManagerStateMachine.java:getLatestSnapshot(147)) - Latest Snapshot Info 0#-1
2020-06-28 10:43:58,452 [grpc-default-executor-0] INFO  impl.RaftServerImpl (ServerState.java:setRaftConf(356)) - omNode-3@group-523986131536: set configuration 7: [omNode-3:localhost:10268, omNode-1:localhost:10256, omNode-2:localhost:10262], old=null at 7
2020-06-28 10:43:58,452 [grpc-default-executor-0] INFO  segmented.SegmentedRaftLogWorker (SegmentedRaftLogWorker.java:rollLogSegment(402)) - omNode-3@group-523986131536-SegmentedRaftLogWorker: Rolling segment log-0_6 to index:6
2020-06-28 10:43:58,452 [grpc-default-executor-3] WARN  server.GrpcLogAppender (LogUtils.java:warn(122)) - omNode-2@group-523986131536->omNode-1-AppendLogResponseHandler: Failed appendEntries: org.apache.ratis.thirdparty.io.grpc.StatusRuntimeException: UNAVAILABLE: io exception
2020-06-28 10:43:58,453 [omNode-3@group-523986131536-SegmentedRaftLogWorker] INFO  segmented.SegmentedRaftLogWorker (SegmentedRaftLogWorker.java:execute(553)) - omNode-3@group-523986131536-SegmentedRaftLogWorker: Rolled log segment from /github/workspace/mnt/ozone/hadoop-ozone/integration-test/target/test-dir/MiniOzoneClusterImpl-70ff22f2-c74d-429a-be4f-7513cb1d4b7b/omNode-3/ratis/c9bc4cf4-3bc3-3c60-a66b-523986131536/current/log_inprogress_0 to /github/workspace/mnt/ozone/hadoop-ozone/integration-test/target/test-dir/MiniOzoneClusterImpl-70ff22f2-c74d-429a-be4f-7513cb1d4b7b/omNode-3/ratis/c9bc4cf4-3bc3-3c60-a66b-523986131536/current/log_0-6
2020-06-28 10:43:58,460 [grpc-default-executor-3] INFO  impl.FollowerInfo (FollowerInfo.java:lambda$new$0(51)) - omNode-2@group-523986131536->omNode-1: nextIndex: updateUnconditionally 8 -> 1
2020-06-28 10:43:58,460 [omNode-3@group-523986131536-SegmentedRaftLogWorker] INFO  segmented.SegmentedRaftLogWorker (SegmentedRaftLogWorker.java:execute(596)) - omNode-3@group-523986131536-SegmentedRaftLogWorker: created new log segment /github/workspace/mnt/ozone/hadoop-ozone/integration-test/target/test-dir/MiniOzoneClusterImpl-70ff22f2-c74d-429a-be4f-7513cb1d4b7b/omNode-3/ratis/c9bc4cf4-3bc3-3c60-a66b-523986131536/current/log_inprogress_7
2020-06-28 10:43:58,463 [Thread-1775] DEBUG impl.RaftServerImpl (RaftServerImpl.java:logAppendEntries(928)) - omNode-3@group-523986131536: succeeded to handle AppendEntries. Reply: omNode-2<-omNode-3#1:OK,SUCCESS,nextIndex:8,term:2,followerCommit:5
2020-06-28 10:43:58,464 [grpc-default-executor-0] WARN  server.GrpcLogAppender (LogUtils.java:warn(122)) - omNode-2@group-523986131536->omNode-1-AppendLogResponseHandler: Failed appendEntries: org.apache.ratis.thirdparty.io.grpc.StatusRuntimeException: UNAVAILABLE: io exception
2020-06-28 10:43:58,467 [grpc-default-executor-0] INFO  impl.FollowerInfo (FollowerInfo.java:lambda$new$0(51)) - omNode-2@group-523986131536->omNode-1: nextIndex: updateUnconditionally 8 -> 1
2020-06-28 10:43:58,468 [grpc-default-executor-0] DEBUG server.GrpcLogAppender (GrpcLogAppender.java:onNext(257)) - omNode-2@group-523986131536->omNode-3-AppendLogResponseHandler: received the first reply omNode-2<-omNode-3#0:OK,SUCCESS,nextIndex:8,term:2,followerCommit:5, request=AppendEntriesRequest:cid=0,entriesCount=0,lastEntry=null
2020-06-28 10:43:58,504 [EventQueue-Delayed safe mode statusForReplicationManager] INFO  container.ReplicationManager (ReplicationManager.java:start(176)) - Starting Replication Monitor Thread.
2020-06-28 10:43:58,505 [ReplicationMonitor] INFO  container.ReplicationManager (ReplicationManager.java:run(240)) - Replication Monitor Thread took 0 milliseconds for processing 0 containers.
2020-06-28 10:43:58,966 [grpc-default-executor-3] WARN  server.GrpcLogAppender (LogUtils.java:warn(122)) - omNode-2@group-523986131536->omNode-1-AppendLogResponseHandler: Failed appendEntries: org.apache.ratis.thirdparty.io.grpc.StatusRuntimeException: UNAVAILABLE: io exception
2020-06-28 10:43:58,968 [grpc-default-executor-3] INFO  impl.FollowerInfo (FollowerInfo.java:lambda$new$0(51)) - omNode-2@group-523986131536->omNode-1: nextIndex: updateUnconditionally 8 -> 1
2020-06-28 10:43:58,969 [grpc-default-executor-3] INFO  ratis.OzoneManagerStateMachine (OzoneManagerStateMachine.java:getLatestSnapshot(147)) - Latest Snapshot Info 0#-1
2020-06-28 10:43:58,969 [grpc-default-executor-3] DEBUG server.GrpcLogAppender (GrpcLogAppender.java:onNext(257)) - omNode-2@group-523986131536->omNode-3-AppendLogResponseHandler: received a reply omNode-2<-omNode-3#2:OK,SUCCESS,nextIndex:8,term:2,followerCommit:5, request=AppendEntriesRequest:cid=2,entriesCount=0,lastEntry=null
2020-06-28 10:43:59,467 [grpc-default-executor-0] WARN  server.GrpcLogAppender (LogUtils.java:warn(122)) - omNode-2@group-523986131536->omNode-1-AppendLogResponseHandler: Failed appendEntries: org.apache.ratis.thirdparty.io.grpc.StatusRuntimeException: UNAVAILABLE: io exception
2020-06-28 10:43:59,469 [grpc-default-executor-0] INFO  impl.FollowerInfo (FollowerInfo.java:lambda$new$0(51)) - omNode-2@group-523986131536->omNode-1: nextIndex: updateUnconditionally 8 -> 1
2020-06-28 10:43:59,470 [grpc-default-executor-0] INFO  ratis.OzoneManagerStateMachine (OzoneManagerStateMachine.java:getLatestSnapshot(147)) - Latest Snapshot Info 0#-1
2020-06-28 10:43:59,479 [grpc-default-executor-0] DEBUG server.GrpcLogAppender (GrpcLogAppender.java:onNext(257)) - omNode-2@group-523986131536->omNode-3-AppendLogResponseHandler: received a reply omNode-2<-omNode-3#3:OK,SUCCESS,nextIndex:8,term:2,followerCommit:5, request=AppendEntriesRequest:cid=3,entriesCount=0,lastEntry=null
2020-06-28 10:43:59,969 [grpc-default-executor-3] WARN  server.GrpcLogAppender (LogUtils.java:warn(122)) - omNode-2@group-523986131536->omNode-1-AppendLogResponseHandler: Failed appendEntries: org.apache.ratis.thirdparty.io.grpc.StatusRuntimeException: UNAVAILABLE: io exception
2020-06-28 10:43:59,970 [grpc-default-executor-3] INFO  impl.FollowerInfo (FollowerInfo.java:lambda$new$0(51)) - omNode-2@group-523986131536->omNode-1: nextIndex: updateUnconditionally 8 -> 1
2020-06-28 10:43:59,980 [grpc-default-executor-3] INFO  ratis.OzoneManagerStateMachine (OzoneManagerStateMachine.java:getLatestSnapshot(147)) - Latest Snapshot Info 0#-1
2020-06-28 10:43:59,981 [grpc-default-executor-3] DEBUG server.GrpcLogAppender (GrpcLogAppender.java:onNext(257)) - omNode-2@group-523986131536->omNode-3-AppendLogResponseHandler: received a reply omNode-2<-omNode-3#4:OK,SUCCESS,nextIndex:8,term:2,followerCommit:5, request=AppendEntriesRequest:cid=4,entriesCount=0,lastEntry=null
2020-06-28 10:44:00,472 [grpc-default-executor-0] WARN  server.GrpcLogAppender (LogUtils.java:warn(122)) - omNode-2@group-523986131536->omNode-1-AppendLogResponseHandler: Failed appendEntries: org.apache.ratis.thirdparty.io.grpc.StatusRuntimeException: UNAVAILABLE: io exception
2020-06-28 10:44:00,473 [grpc-default-executor-0] INFO  impl.FollowerInfo (FollowerInfo.java:lambda$new$0(51)) - omNode-2@group-523986131536->omNode-1: nextIndex: updateUnconditionally 8 -> 1
2020-06-28 10:44:00,482 [grpc-default-executor-0] INFO  ratis.OzoneManagerStateMachine (OzoneManagerStateMachine.java:getLatestSnapshot(147)) - Latest Snapshot Info 0#-1
2020-06-28 10:44:00,483 [grpc-default-executor-0] DEBUG server.GrpcLogAppender (GrpcLogAppender.java:onNext(257)) - omNode-2@group-523986131536->omNode-3-AppendLogResponseHandler: received a reply omNode-2<-omNode-3#5:OK,SUCCESS,nextIndex:8,term:2,followerCommit:5, request=AppendEntriesRequest:cid=5,entriesCount=0,lastEntry=null
2020-06-28 10:44:00,547 [grpc-default-executor-3] DEBUG server.GrpcLogAppender (GrpcLogAppender.java:onNext(257)) - 8ea79bce-3765-45eb-b2d3-535100c914cf@group-934E6379BBC7->25e14e54-dedc-49b5-a0d9-9290319fa0de-AppendLogResponseHandler: received a reply 8ea79bce-3765-45eb-b2d3-535100c914cf<-25e14e54-dedc-49b5-a0d9-9290319fa0de#3:OK,SUCCESS,nextIndex:1,term:1,followerCommit:0, request=AppendEntriesRequest:cid=3,entriesCount=0,lastEntry=null
2020-06-28 10:44:00,549 [grpc-default-executor-3] DEBUG server.GrpcLogAppender (GrpcLogAppender.java:onNext(257)) - 8ea79bce-3765-45eb-b2d3-535100c914cf@group-934E6379BBC7->8da610d4-c262-4b40-863f-7000a32f6a27-AppendLogResponseHandler: received a reply 8ea79bce-3765-45eb-b2d3-535100c914cf<-8da610d4-c262-4b40-863f-7000a32f6a27#3:OK,SUCCESS,nextIndex:1,term:1,followerCommit:0, request=AppendEntriesRequest:cid=3,entriesCount=0,lastEntry=null
2020-06-28 10:44:00,565 [Listener at 127.0.0.1/10264] INFO  retry.RetryInvocationHandler (RetryInvocationHandler.java:log(411)) - com.google.protobuf.ServiceException: java.io.EOFException: End of File Exception between local host is: "720bba7d72d5/172.17.0.2"; destination host is: "localhost":10252; : java.io.EOFException; For more details see:  http://wiki.apache.org/hadoop/EOFException, while invoking $Proxy39.submitRequest over nodeId=omNode-1,nodeAddress=127.0.0.1:10252. Trying to failover immediately.
2020-06-28 10:44:00,568 [IPC Server handler 8 on default port 10258] DEBUG impl.RaftServerImpl (RaftServerImpl.java:submitClientRequestAsync(575)) - omNode-2@group-523986131536: receive client request(RaftClientRequest:client-C49318FDD8AE->omNode-2@group-523986131536, cid=107, seq=0, RW, Message:081f12001a13636c6965...(size=278))
2020-06-28 10:44:00,569 [IPC Server handler 8 on default port 10258] INFO  ipc.Server (Server.java:logException(2976)) - IPC Server handler 8 on default port 10258, call Call#327 Retry#1 org.apache.hadoop.ozone.om.protocol.OzoneManagerProtocol.submitRequest from 127.0.0.1:39102
org.apache.hadoop.ozone.om.exceptions.OMLeaderNotReadyException: omNode-2@group-523986131536 is in LEADER state but not ready yet.
	at org.apache.hadoop.ozone.om.ratis.OzoneManagerRatisServer.processReply(OzoneManagerRatisServer.java:177)
	at org.apache.hadoop.ozone.om.ratis.OzoneManagerRatisServer.submitRequest(OzoneManagerRatisServer.java:136)
	at org.apache.hadoop.ozone.protocolPB.OzoneManagerProtocolServerSideTranslatorPB.submitRequestToRatis(OzoneManagerProtocolServerSideTranslatorPB.java:177)
	at org.apache.hadoop.ozone.protocolPB.OzoneManagerProtocolServerSideTranslatorPB.processRequest(OzoneManagerProtocolServerSideTranslatorPB.java:134)
	at org.apache.hadoop.hdds.server.OzoneProtocolMessageDispatcher.processRequest(OzoneProtocolMessageDispatcher.java:74)
	at org.apache.hadoop.ozone.protocolPB.OzoneManagerProtocolServerSideTranslatorPB.submitRequest(OzoneManagerProtocolServerSideTranslatorPB.java:113)
	at org.apache.hadoop.ozone.protocol.proto.OzoneManagerProtocolProtos$OzoneManagerService$2.callBlockingMethod(OzoneManagerProtocolProtos.java)
	at org.apache.hadoop.ipc.ProtobufRpcEngine$Server$ProtoBufRpcInvoker.call(ProtobufRpcEngine.java:528)
	at org.apache.hadoop.ipc.RPC$Server.call(RPC.java:1070)
	at org.apache.hadoop.ipc.Server$RpcCall.run(Server.java:999)
	at org.apache.hadoop.ipc.Server$RpcCall.run(Server.java:927)
	at java.security.AccessController.doPrivileged(Native Method)
	at javax.security.auth.Subject.doAs(Subject.java:422)
	at org.apache.hadoop.security.UserGroupInformation.doAs(UserGroupInformation.java:1730)
	at org.apache.hadoop.ipc.Server$Handler.run(Server.java:2915)
2020-06-28 10:44:00,571 [Listener at 127.0.0.1/10264] INFO  retry.RetryInvocationHandler (RetryInvocationHandler.java:log(411)) - com.google.protobuf.ServiceException: org.apache.hadoop.ipc.RemoteException(org.apache.hadoop.ozone.om.exceptions.OMLeaderNotReadyException): omNode-2@group-523986131536 is in LEADER state but not ready yet.
	at org.apache.hadoop.ozone.om.ratis.OzoneManagerRatisServer.processReply(OzoneManagerRatisServer.java:177)
	at org.apache.hadoop.ozone.om.ratis.OzoneManagerRatisServer.submitRequest(OzoneManagerRatisServer.java:136)
	at org.apache.hadoop.ozone.protocolPB.OzoneManagerProtocolServerSideTranslatorPB.submitRequestToRatis(OzoneManagerProtocolServerSideTranslatorPB.java:177)
	at org.apache.hadoop.ozone.protocolPB.OzoneManagerProtocolServerSideTranslatorPB.processRequest(OzoneManagerProtocolServerSideTranslatorPB.java:134)
	at org.apache.hadoop.hdds.server.OzoneProtocolMessageDispatcher.processRequest(OzoneProtocolMessageDispatcher.java:74)
	at org.apache.hadoop.ozone.protocolPB.OzoneManagerProtocolServerSideTranslatorPB.submitRequest(OzoneManagerProtocolServerSideTranslatorPB.java:113)
	at org.apache.hadoop.ozone.protocol.proto.OzoneManagerProtocolProtos$OzoneManagerService$2.callBlockingMethod(OzoneManagerProtocolProtos.java)
	at org.apache.hadoop.ipc.ProtobufRpcEngine$Server$ProtoBufRpcInvoker.call(ProtobufRpcEngine.java:528)
	at org.apache.hadoop.ipc.RPC$Server.call(RPC.java:1070)
	at org.apache.hadoop.ipc.Server$RpcCall.run(Server.java:999)
	at org.apache.hadoop.ipc.Server$RpcCall.run(Server.java:927)
	at java.security.AccessController.doPrivileged(Native Method)
	at javax.security.auth.Subject.doAs(Subject.java:422)
	at org.apache.hadoop.security.UserGroupInformation.doAs(UserGroupInformation.java:1730)
	at org.apache.hadoop.ipc.Server$Handler.run(Server.java:2915)
, while invoking $Proxy39.submitRequest over nodeId=omNode-2,nodeAddress=127.0.0.1:10258 after 1 failover attempts. Trying to failover after sleeping for 2000ms.
2020-06-28 10:44:00,974 [grpc-default-executor-0] WARN  server.GrpcLogAppender (LogUtils.java:warn(122)) - omNode-2@group-523986131536->omNode-1-AppendLogResponseHandler: Failed appendEntries: org.apache.ratis.thirdparty.io.grpc.StatusRuntimeException: UNAVAILABLE: io exception
2020-06-28 10:44:00,976 [grpc-default-executor-0] INFO  impl.FollowerInfo (FollowerInfo.java:lambda$new$0(51)) - omNode-2@group-523986131536->omNode-1: nextIndex: updateUnconditionally 8 -> 1
2020-06-28 10:44:00,985 [grpc-default-executor-0] INFO  ratis.OzoneManagerStateMachine (OzoneManagerStateMachine.java:getLatestSnapshot(147)) - Latest Snapshot Info 0#-1
2020-06-28 10:44:00,986 [grpc-default-executor-0] DEBUG server.GrpcLogAppender (GrpcLogAppender.java:onNext(257)) - omNode-2@group-523986131536->omNode-3-AppendLogResponseHandler: received a reply omNode-2<-omNode-3#6:OK,SUCCESS,nextIndex:8,term:2,followerCommit:5, request=AppendEntriesRequest:cid=6,entriesCount=0,lastEntry=null
2020-06-28 10:44:01,449 [java.util.concurrent.ThreadPoolExecutor$Worker@7c33b60d[State = -1, empty queue]] WARN  server.GrpcLogAppender (GrpcLogAppender.java:timeoutAppendRequest(219)) - omNode-2@group-523986131536->omNode-3-GrpcLogAppender:  appendEntries Timeout, request=AppendEntriesRequest:cid=1,entriesCount=1,lastEntry=(t:2, i:7)
2020-06-28 10:44:01,475 [grpc-default-executor-3] WARN  server.GrpcLogAppender (LogUtils.java:warn(122)) - omNode-2@group-523986131536->omNode-1-AppendLogResponseHandler: Failed appendEntries: org.apache.ratis.thirdparty.io.grpc.StatusRuntimeException: UNAVAILABLE: io exception
2020-06-28 10:44:01,477 [grpc-default-executor-3] INFO  impl.FollowerInfo (FollowerInfo.java:lambda$new$0(51)) - omNode-2@group-523986131536->omNode-1: nextIndex: updateUnconditionally 8 -> 1
2020-06-28 10:44:01,487 [grpc-default-executor-3] INFO  ratis.OzoneManagerStateMachine (OzoneManagerStateMachine.java:getLatestSnapshot(147)) - Latest Snapshot Info 0#-1
2020-06-28 10:44:01,488 [grpc-default-executor-3] DEBUG server.GrpcLogAppender (GrpcLogAppender.java:onNext(257)) - omNode-2@group-523986131536->omNode-3-AppendLogResponseHandler: received a reply omNode-2<-omNode-3#7:OK,SUCCESS,nextIndex:8,term:2,followerCommit:5, request=AppendEntriesRequest:cid=7,entriesCount=0,lastEntry=null
2020-06-28 10:44:01,979 [grpc-default-executor-0] WARN  server.GrpcLogAppender (LogUtils.java:warn(122)) - omNode-2@group-523986131536->omNode-1-AppendLogResponseHandler: Failed appendEntries: org.apache.ratis.thirdparty.io.grpc.StatusRuntimeException: UNAVAILABLE: io exception
2020-06-28 10:44:01,980 [grpc-default-executor-0] INFO  impl.FollowerInfo (FollowerInfo.java:lambda$new$0(51)) - omNode-2@group-523986131536->omNode-1: nextIndex: updateUnconditionally 8 -> 1
2020-06-28 10:44:01,988 [grpc-default-executor-0] INFO  ratis.OzoneManagerStateMachine (OzoneManagerStateMachine.java:getLatestSnapshot(147)) - Latest Snapshot Info 0#-1
2020-06-28 10:44:01,989 [grpc-default-executor-0] DEBUG server.GrpcLogAppender (GrpcLogAppender.java:onNext(257)) - omNode-2@group-523986131536->omNode-3-AppendLogResponseHandler: received a reply omNode-2<-omNode-3#8:OK,SUCCESS,nextIndex:8,term:2,followerCommit:5, request=AppendEntriesRequest:cid=8,entriesCount=0,lastEntry=null
2020-06-28 10:44:02,480 [grpc-default-executor-3] WARN  server.GrpcLogAppender (LogUtils.java:warn(122)) - omNode-2@group-523986131536->omNode-1-AppendLogResponseHandler: Failed appendEntries: org.apache.ratis.thirdparty.io.grpc.StatusRuntimeException: UNAVAILABLE: io exception
2020-06-28 10:44:02,482 [grpc-default-executor-3] INFO  impl.FollowerInfo (FollowerInfo.java:lambda$new$0(51)) - omNode-2@group-523986131536->omNode-1: nextIndex: updateUnconditionally 8 -> 1
2020-06-28 10:44:02,490 [grpc-default-executor-3] INFO  ratis.OzoneManagerStateMachine (OzoneManagerStateMachine.java:getLatestSnapshot(147)) - Latest Snapshot Info 0#-1
2020-06-28 10:44:02,491 [grpc-default-executor-3] DEBUG server.GrpcLogAppender (GrpcLogAppender.java:onNext(257)) - omNode-2@group-523986131536->omNode-3-AppendLogResponseHandler: received a reply omNode-2<-omNode-3#9:OK,SUCCESS,nextIndex:8,term:2,followerCommit:5, request=AppendEntriesRequest:cid=9,entriesCount=0,lastEntry=null
2020-06-28 10:44:02,572 [IPC Server handler 7 on default port 10258] DEBUG impl.RaftServerImpl (RaftServerImpl.java:submitClientRequestAsync(575)) - omNode-2@group-523986131536: receive client request(RaftClientRequest:client-C49318FDD8AE->omNode-2@group-523986131536, cid=108, seq=0, RW, Message:081f12001a13636c6965...(size=278))
2020-06-28 10:44:02,573 [IPC Server handler 7 on default port 10258] INFO  ipc.Server (Server.java:logException(2976)) - IPC Server handler 7 on default port 10258, call Call#327 Retry#2 org.apache.hadoop.ozone.om.protocol.OzoneManagerProtocol.submitRequest from 127.0.0.1:39102
org.apache.hadoop.ozone.om.exceptions.OMLeaderNotReadyException: omNode-2@group-523986131536 is in LEADER state but not ready yet.
	at org.apache.hadoop.ozone.om.ratis.OzoneManagerRatisServer.processReply(OzoneManagerRatisServer.java:177)
	at org.apache.hadoop.ozone.om.ratis.OzoneManagerRatisServer.submitRequest(OzoneManagerRatisServer.java:136)
	at org.apache.hadoop.ozone.protocolPB.OzoneManagerProtocolServerSideTranslatorPB.submitRequestToRatis(OzoneManagerProtocolServerSideTranslatorPB.java:177)
	at org.apache.hadoop.ozone.protocolPB.OzoneManagerProtocolServerSideTranslatorPB.processRequest(OzoneManagerProtocolServerSideTranslatorPB.java:134)
	at org.apache.hadoop.hdds.server.OzoneProtocolMessageDispatcher.processRequest(OzoneProtocolMessageDispatcher.java:74)
	at org.apache.hadoop.ozone.protocolPB.OzoneManagerProtocolServerSideTranslatorPB.submitRequest(OzoneManagerProtocolServerSideTranslatorPB.java:113)
	at org.apache.hadoop.ozone.protocol.proto.OzoneManagerProtocolProtos$OzoneManagerService$2.callBlockingMethod(OzoneManagerProtocolProtos.java)
	at org.apache.hadoop.ipc.ProtobufRpcEngine$Server$ProtoBufRpcInvoker.call(ProtobufRpcEngine.java:528)
	at org.apache.hadoop.ipc.RPC$Server.call(RPC.java:1070)
	at org.apache.hadoop.ipc.Server$RpcCall.run(Server.java:999)
	at org.apache.hadoop.ipc.Server$RpcCall.run(Server.java:927)
	at java.security.AccessController.doPrivileged(Native Method)
	at javax.security.auth.Subject.doAs(Subject.java:422)
	at org.apache.hadoop.security.UserGroupInformation.doAs(UserGroupInformation.java:1730)
	at org.apache.hadoop.ipc.Server$Handler.run(Server.java:2915)
2020-06-28 10:44:02,574 [Listener at 127.0.0.1/10264] INFO  retry.RetryInvocationHandler (RetryInvocationHandler.java:log(411)) - com.google.protobuf.ServiceException: org.apache.hadoop.ipc.RemoteException(org.apache.hadoop.ozone.om.exceptions.OMLeaderNotReadyException): omNode-2@group-523986131536 is in LEADER state but not ready yet.
	at org.apache.hadoop.ozone.om.ratis.OzoneManagerRatisServer.processReply(OzoneManagerRatisServer.java:177)
	at org.apache.hadoop.ozone.om.ratis.OzoneManagerRatisServer.submitRequest(OzoneManagerRatisServer.java:136)
	at org.apache.hadoop.ozone.protocolPB.OzoneManagerProtocolServerSideTranslatorPB.submitRequestToRatis(OzoneManagerProtocolServerSideTranslatorPB.java:177)
	at org.apache.hadoop.ozone.protocolPB.OzoneManagerProtocolServerSideTranslatorPB.processRequest(OzoneManagerProtocolServerSideTranslatorPB.java:134)
	at org.apache.hadoop.hdds.server.OzoneProtocolMessageDispatcher.processRequest(OzoneProtocolMessageDispatcher.java:74)
	at org.apache.hadoop.ozone.protocolPB.OzoneManagerProtocolServerSideTranslatorPB.submitRequest(OzoneManagerProtocolServerSideTranslatorPB.java:113)
	at org.apache.hadoop.ozone.protocol.proto.OzoneManagerProtocolProtos$OzoneManagerService$2.callBlockingMethod(OzoneManagerProtocolProtos.java)
	at org.apache.hadoop.ipc.ProtobufRpcEngine$Server$ProtoBufRpcInvoker.call(ProtobufRpcEngine.java:528)
	at org.apache.hadoop.ipc.RPC$Server.call(RPC.java:1070)
	at org.apache.hadoop.ipc.Server$RpcCall.run(Server.java:999)
	at org.apache.hadoop.ipc.Server$RpcCall.run(Server.java:927)
	at java.security.AccessController.doPrivileged(Native Method)
	at javax.security.auth.Subject.doAs(Subject.java:422)
	at org.apache.hadoop.security.UserGroupInformation.doAs(UserGroupInformation.java:1730)
	at org.apache.hadoop.ipc.Server$Handler.run(Server.java:2915)
, while invoking $Proxy39.submitRequest over nodeId=omNode-2,nodeAddress=127.0.0.1:10258 after 2 failover attempts. Trying to failover after sleeping for 4000ms.
2020-06-28 10:44:02,985 [grpc-default-executor-3] WARN  server.GrpcLogAppender (LogUtils.java:warn(122)) - omNode-2@group-523986131536->omNode-1-AppendLogResponseHandler: Failed appendEntries: org.apache.ratis.thirdparty.io.grpc.StatusRuntimeException: UNAVAILABLE: io exception
2020-06-28 10:44:02,987 [grpc-default-executor-3] INFO  impl.FollowerInfo (FollowerInfo.java:lambda$new$0(51)) - omNode-2@group-523986131536->omNode-1: nextIndex: updateUnconditionally 8 -> 1
2020-06-28 10:44:02,993 [grpc-default-executor-3] INFO  ratis.OzoneManagerStateMachine (OzoneManagerStateMachine.java:getLatestSnapshot(147)) - Latest Snapshot Info 0#-1
2020-06-28 10:44:02,994 [grpc-default-executor-3] DEBUG server.GrpcLogAppender (GrpcLogAppender.java:onNext(257)) - omNode-2@group-523986131536->omNode-3-AppendLogResponseHandler: received a reply omNode-2<-omNode-3#10:OK,SUCCESS,nextIndex:8,term:2,followerCommit:5, request=AppendEntriesRequest:cid=10,entriesCount=0,lastEntry=null
2020-06-28 10:44:03,049 [grpc-default-executor-3] DEBUG server.GrpcLogAppender (GrpcLogAppender.java:onNext(257)) - 8ea79bce-3765-45eb-b2d3-535100c914cf@group-934E6379BBC7->25e14e54-dedc-49b5-a0d9-9290319fa0de-AppendLogResponseHandler: received a reply 8ea79bce-3765-45eb-b2d3-535100c914cf<-25e14e54-dedc-49b5-a0d9-9290319fa0de#4:OK,SUCCESS,nextIndex:1,term:1,followerCommit:0, request=AppendEntriesRequest:cid=4,entriesCount=0,lastEntry=null
2020-06-28 10:44:03,051 [grpc-default-executor-3] DEBUG server.GrpcLogAppender (GrpcLogAppender.java:onNext(257)) - 8ea79bce-3765-45eb-b2d3-535100c914cf@group-934E6379BBC7->8da610d4-c262-4b40-863f-7000a32f6a27-AppendLogResponseHandler: received a reply 8ea79bce-3765-45eb-b2d3-535100c914cf<-8da610d4-c262-4b40-863f-7000a32f6a27#4:OK,SUCCESS,nextIndex:1,term:1,followerCommit:0, request=AppendEntriesRequest:cid=4,entriesCount=0,lastEntry=null
2020-06-28 10:44:03,490 [grpc-default-executor-0] WARN  server.GrpcLogAppender (LogUtils.java:warn(122)) - omNode-2@group-523986131536->omNode-1-AppendLogResponseHandler: Failed appendEntries: org.apache.ratis.thirdparty.io.grpc.StatusRuntimeException: UNAVAILABLE: io exception
2020-06-28 10:44:03,493 [grpc-default-executor-0] INFO  impl.FollowerInfo (FollowerInfo.java:lambda$new$0(51)) - omNode-2@group-523986131536->omNode-1: nextIndex: updateUnconditionally 8 -> 1
2020-06-28 10:44:03,494 [grpc-default-executor-0] INFO  ratis.OzoneManagerStateMachine (OzoneManagerStateMachine.java:getLatestSnapshot(147)) - Latest Snapshot Info 0#-1
2020-06-28 10:44:03,495 [grpc-default-executor-0] DEBUG server.GrpcLogAppender (GrpcLogAppender.java:onNext(257)) - omNode-2@group-523986131536->omNode-3-AppendLogResponseHandler: received a reply omNode-2<-omNode-3#11:OK,SUCCESS,nextIndex:8,term:2,followerCommit:5, request=AppendEntriesRequest:cid=11,entriesCount=0,lastEntry=null
2020-06-28 10:44:03,992 [grpc-default-executor-3] WARN  server.GrpcLogAppender (LogUtils.java:warn(122)) - omNode-2@group-523986131536->omNode-1-AppendLogResponseHandler: Failed appendEntries: org.apache.ratis.thirdparty.io.grpc.StatusRuntimeException: UNAVAILABLE: io exception
2020-06-28 10:44:03,994 [grpc-default-executor-3] INFO  impl.FollowerInfo (FollowerInfo.java:lambda$new$0(51)) - omNode-2@group-523986131536->omNode-1: nextIndex: updateUnconditionally 8 -> 1
2020-06-28 10:44:03,996 [grpc-default-executor-3] INFO  ratis.OzoneManagerStateMachine (OzoneManagerStateMachine.java:getLatestSnapshot(147)) - Latest Snapshot Info 0#-1
2020-06-28 10:44:03,997 [grpc-default-executor-3] DEBUG server.GrpcLogAppender (GrpcLogAppender.java:onNext(257)) - omNode-2@group-523986131536->omNode-3-AppendLogResponseHandler: received a reply omNode-2<-omNode-3#12:OK,SUCCESS,nextIndex:8,term:2,followerCommit:5, request=AppendEntriesRequest:cid=12,entriesCount=0,lastEntry=null
2020-06-28 10:44:04,494 [grpc-default-executor-0] WARN  server.GrpcLogAppender (LogUtils.java:warn(122)) - omNode-2@group-523986131536->omNode-1-AppendLogResponseHandler: Failed appendEntries: org.apache.ratis.thirdparty.io.grpc.StatusRuntimeException: UNAVAILABLE: io exception
2020-06-28 10:44:04,496 [grpc-default-executor-0] INFO  impl.FollowerInfo (FollowerInfo.java:lambda$new$0(51)) - omNode-2@group-523986131536->omNode-1: nextIndex: updateUnconditionally 8 -> 1
2020-06-28 10:44:04,498 [grpc-default-executor-0] INFO  ratis.OzoneManagerStateMachine (OzoneManagerStateMachine.java:getLatestSnapshot(147)) - Latest Snapshot Info 0#-1
2020-06-28 10:44:04,498 [grpc-default-executor-0] DEBUG server.GrpcLogAppender (GrpcLogAppender.java:onNext(257)) - omNode-2@group-523986131536->omNode-3-AppendLogResponseHandler: received a reply omNode-2<-omNode-3#13:OK,SUCCESS,nextIndex:8,term:2,followerCommit:5, request=AppendEntriesRequest:cid=13,entriesCount=0,lastEntry=null
2020-06-28 10:44:04,997 [grpc-default-executor-3] WARN  server.GrpcLogAppender (LogUtils.java:warn(122)) - omNode-2@group-523986131536->omNode-1-AppendLogResponseHandler: Failed appendEntries: org.apache.ratis.thirdparty.io.grpc.StatusRuntimeException: UNAVAILABLE: io exception
2020-06-28 10:44:04,999 [grpc-default-executor-3] INFO  impl.FollowerInfo (FollowerInfo.java:lambda$new$0(51)) - omNode-2@group-523986131536->omNode-1: nextIndex: updateUnconditionally 8 -> 1
2020-06-28 10:44:05,000 [grpc-default-executor-3] INFO  ratis.OzoneManagerStateMachine (OzoneManagerStateMachine.java:getLatestSnapshot(147)) - Latest Snapshot Info 0#-1
2020-06-28 10:44:05,001 [grpc-default-executor-3] DEBUG server.GrpcLogAppender (GrpcLogAppender.java:onNext(257)) - omNode-2@group-523986131536->omNode-3-AppendLogResponseHandler: received a reply omNode-2<-omNode-3#14:OK,SUCCESS,nextIndex:8,term:2,followerCommit:5, request=AppendEntriesRequest:cid=14,entriesCount=0,lastEntry=null
2020-06-28 10:44:05,504 [grpc-default-executor-0] WARN  server.GrpcLogAppender (LogUtils.java:warn(122)) - omNode-2@group-523986131536->omNode-1-AppendLogResponseHandler: Failed appendEntries: org.apache.ratis.thirdparty.io.grpc.StatusRuntimeException: UNAVAILABLE: io exception
2020-06-28 10:44:05,505 [grpc-default-executor-0] INFO  impl.FollowerInfo (FollowerInfo.java:lambda$new$0(51)) - omNode-2@group-523986131536->omNode-1: nextIndex: updateUnconditionally 8 -> 1
2020-06-28 10:44:05,505 [grpc-default-executor-3] INFO  ratis.OzoneManagerStateMachine (OzoneManagerStateMachine.java:getLatestSnapshot(147)) - Latest Snapshot Info 0#-1
2020-06-28 10:44:05,506 [grpc-default-executor-3] DEBUG server.GrpcLogAppender (GrpcLogAppender.java:onNext(257)) - omNode-2@group-523986131536->omNode-3-AppendLogResponseHandler: received a reply omNode-2<-omNode-3#15:OK,SUCCESS,nextIndex:8,term:2,followerCommit:5, request=AppendEntriesRequest:cid=15,entriesCount=0,lastEntry=null
2020-06-28 10:44:05,550 [grpc-default-executor-3] DEBUG server.GrpcLogAppender (GrpcLogAppender.java:onNext(257)) - 8ea79bce-3765-45eb-b2d3-535100c914cf@group-934E6379BBC7->25e14e54-dedc-49b5-a0d9-9290319fa0de-AppendLogResponseHandler: received a reply 8ea79bce-3765-45eb-b2d3-535100c914cf<-25e14e54-dedc-49b5-a0d9-9290319fa0de#5:OK,SUCCESS,nextIndex:1,term:1,followerCommit:0, request=AppendEntriesRequest:cid=5,entriesCount=0,lastEntry=null
2020-06-28 10:44:05,552 [grpc-default-executor-3] DEBUG server.GrpcLogAppender (GrpcLogAppender.java:onNext(257)) - 8ea79bce-3765-45eb-b2d3-535100c914cf@group-934E6379BBC7->8da610d4-c262-4b40-863f-7000a32f6a27-AppendLogResponseHandler: received a reply 8ea79bce-3765-45eb-b2d3-535100c914cf<-8da610d4-c262-4b40-863f-7000a32f6a27#5:OK,SUCCESS,nextIndex:1,term:1,followerCommit:0, request=AppendEntriesRequest:cid=5,entriesCount=0,lastEntry=null
2020-06-28 10:44:06,002 [grpc-default-executor-0] WARN  server.GrpcLogAppender (LogUtils.java:warn(122)) - omNode-2@group-523986131536->omNode-1-AppendLogResponseHandler: Failed appendEntries: org.apache.ratis.thirdparty.io.grpc.StatusRuntimeException: UNAVAILABLE: io exception
2020-06-28 10:44:06,004 [grpc-default-executor-0] INFO  impl.FollowerInfo (FollowerInfo.java:lambda$new$0(51)) - omNode-2@group-523986131536->omNode-1: nextIndex: updateUnconditionally 8 -> 1
2020-06-28 10:44:06,007 [grpc-default-executor-0] INFO  ratis.OzoneManagerStateMachine (OzoneManagerStateMachine.java:getLatestSnapshot(147)) - Latest Snapshot Info 0#-1
2020-06-28 10:44:06,008 [grpc-default-executor-0] DEBUG server.GrpcLogAppender (GrpcLogAppender.java:onNext(257)) - omNode-2@group-523986131536->omNode-3-AppendLogResponseHandler: received a reply omNode-2<-omNode-3#16:OK,SUCCESS,nextIndex:8,term:2,followerCommit:5, request=AppendEntriesRequest:cid=16,entriesCount=0,lastEntry=null
2020-06-28 10:44:06,504 [grpc-default-executor-3] WARN  server.GrpcLogAppender (LogUtils.java:warn(122)) - omNode-2@group-523986131536->omNode-1-AppendLogResponseHandler: Failed appendEntries: org.apache.ratis.thirdparty.io.grpc.StatusRuntimeException: UNAVAILABLE: io exception
2020-06-28 10:44:06,507 [grpc-default-executor-3] INFO  impl.FollowerInfo (FollowerInfo.java:lambda$new$0(51)) - omNode-2@group-523986131536->omNode-1: nextIndex: updateUnconditionally 8 -> 1
2020-06-28 10:44:06,508 [grpc-default-executor-3] INFO  ratis.OzoneManagerStateMachine (OzoneManagerStateMachine.java:getLatestSnapshot(147)) - Latest Snapshot Info 0#-1
2020-06-28 10:44:06,509 [grpc-default-executor-3] DEBUG server.GrpcLogAppender (GrpcLogAppender.java:onNext(257)) - omNode-2@group-523986131536->omNode-3-AppendLogResponseHandler: received a reply omNode-2<-omNode-3#17:OK,SUCCESS,nextIndex:8,term:2,followerCommit:5, request=AppendEntriesRequest:cid=17,entriesCount=0,lastEntry=null
2020-06-28 10:44:06,575 [IPC Server handler 4 on default port 10258] DEBUG impl.RaftServerImpl (RaftServerImpl.java:submitClientRequestAsync(575)) - omNode-2@group-523986131536: receive client request(RaftClientRequest:client-C49318FDD8AE->omNode-2@group-523986131536, cid=110, seq=0, RW, Message:081f12001a13636c6965...(size=278))
2020-06-28 10:44:06,576 [IPC Server handler 4 on default port 10258] INFO  ipc.Server (Server.java:logException(2976)) - IPC Server handler 4 on default port 10258, call Call#327 Retry#3 org.apache.hadoop.ozone.om.protocol.OzoneManagerProtocol.submitRequest from 127.0.0.1:39102
org.apache.hadoop.ozone.om.exceptions.OMLeaderNotReadyException: omNode-2@group-523986131536 is in LEADER state but not ready yet.
	at org.apache.hadoop.ozone.om.ratis.OzoneManagerRatisServer.processReply(OzoneManagerRatisServer.java:177)
	at org.apache.hadoop.ozone.om.ratis.OzoneManagerRatisServer.submitRequest(OzoneManagerRatisServer.java:136)
	at org.apache.hadoop.ozone.protocolPB.OzoneManagerProtocolServerSideTranslatorPB.submitRequestToRatis(OzoneManagerProtocolServerSideTranslatorPB.java:177)
	at org.apache.hadoop.ozone.protocolPB.OzoneManagerProtocolServerSideTranslatorPB.processRequest(OzoneManagerProtocolServerSideTranslatorPB.java:134)
	at org.apache.hadoop.hdds.server.OzoneProtocolMessageDispatcher.processRequest(OzoneProtocolMessageDispatcher.java:74)
	at org.apache.hadoop.ozone.protocolPB.OzoneManagerProtocolServerSideTranslatorPB.submitRequest(OzoneManagerProtocolServerSideTranslatorPB.java:113)
	at org.apache.hadoop.ozone.protocol.proto.OzoneManagerProtocolProtos$OzoneManagerService$2.callBlockingMethod(OzoneManagerProtocolProtos.java)
	at org.apache.hadoop.ipc.ProtobufRpcEngine$Server$ProtoBufRpcInvoker.call(ProtobufRpcEngine.java:528)
	at org.apache.hadoop.ipc.RPC$Server.call(RPC.java:1070)
	at org.apache.hadoop.ipc.Server$RpcCall.run(Server.java:999)
	at org.apache.hadoop.ipc.Server$RpcCall.run(Server.java:927)
	at java.security.AccessController.doPrivileged(Native Method)
	at javax.security.auth.Subject.doAs(Subject.java:422)
	at org.apache.hadoop.security.UserGroupInformation.doAs(UserGroupInformation.java:1730)
	at org.apache.hadoop.ipc.Server$Handler.run(Server.java:2915)
2020-06-28 10:44:06,576 [Listener at 127.0.0.1/10264] INFO  retry.RetryInvocationHandler (RetryInvocationHandler.java:log(411)) - com.google.protobuf.ServiceException: org.apache.hadoop.ipc.RemoteException(org.apache.hadoop.ozone.om.exceptions.OMLeaderNotReadyException): omNode-2@group-523986131536 is in LEADER state but not ready yet.
	at org.apache.hadoop.ozone.om.ratis.OzoneManagerRatisServer.processReply(OzoneManagerRatisServer.java:177)
	at org.apache.hadoop.ozone.om.ratis.OzoneManagerRatisServer.submitRequest(OzoneManagerRatisServer.java:136)
	at org.apache.hadoop.ozone.protocolPB.OzoneManagerProtocolServerSideTranslatorPB.submitRequestToRatis(OzoneManagerProtocolServerSideTranslatorPB.java:177)
	at org.apache.hadoop.ozone.protocolPB.OzoneManagerProtocolServerSideTranslatorPB.processRequest(OzoneManagerProtocolServerSideTranslatorPB.java:134)
	at org.apache.hadoop.hdds.server.OzoneProtocolMessageDispatcher.processRequest(OzoneProtocolMessageDispatcher.java:74)
	at org.apache.hadoop.ozone.protocolPB.OzoneManagerProtocolServerSideTranslatorPB.submitRequest(OzoneManagerProtocolServerSideTranslatorPB.java:113)
	at org.apache.hadoop.ozone.protocol.proto.OzoneManagerProtocolProtos$OzoneManagerService$2.callBlockingMethod(OzoneManagerProtocolProtos.java)
	at org.apache.hadoop.ipc.ProtobufRpcEngine$Server$ProtoBufRpcInvoker.call(ProtobufRpcEngine.java:528)
	at org.apache.hadoop.ipc.RPC$Server.call(RPC.java:1070)
	at org.apache.hadoop.ipc.Server$RpcCall.run(Server.java:999)
	at org.apache.hadoop.ipc.Server$RpcCall.run(Server.java:927)
	at java.security.AccessController.doPrivileged(Native Method)
	at javax.security.auth.Subject.doAs(Subject.java:422)
	at org.apache.hadoop.security.UserGroupInformation.doAs(UserGroupInformation.java:1730)
	at org.apache.hadoop.ipc.Server$Handler.run(Server.java:2915)
, while invoking $Proxy39.submitRequest over nodeId=omNode-2,nodeAddress=127.0.0.1:10258 after 3 failover attempts. Trying to failover after sleeping for 6000ms.
2020-06-28 10:44:07,006 [grpc-default-executor-0] WARN  server.GrpcLogAppender (LogUtils.java:warn(122)) - omNode-2@group-523986131536->omNode-1-AppendLogResponseHandler: Failed appendEntries: org.apache.ratis.thirdparty.io.grpc.StatusRuntimeException: UNAVAILABLE: io exception
2020-06-28 10:44:07,008 [grpc-default-executor-0] INFO  impl.FollowerInfo (FollowerInfo.java:lambda$new$0(51)) - omNode-2@group-523986131536->omNode-1: nextIndex: updateUnconditionally 8 -> 1
2020-06-28 10:44:07,010 [grpc-default-executor-0] INFO  ratis.OzoneManagerStateMachine (OzoneManagerStateMachine.java:getLatestSnapshot(147)) - Latest Snapshot Info 0#-1
2020-06-28 10:44:07,011 [grpc-default-executor-0] DEBUG server.GrpcLogAppender (GrpcLogAppender.java:onNext(257)) - omNode-2@group-523986131536->omNode-3-AppendLogResponseHandler: received a reply omNode-2<-omNode-3#18:OK,SUCCESS,nextIndex:8,term:2,followerCommit:5, request=AppendEntriesRequest:cid=18,entriesCount=0,lastEntry=null
2020-06-28 10:44:07,507 [grpc-default-executor-3] WARN  server.GrpcLogAppender (LogUtils.java:warn(122)) - omNode-2@group-523986131536->omNode-1-AppendLogResponseHandler: Failed appendEntries: org.apache.ratis.thirdparty.io.grpc.StatusRuntimeException: UNAVAILABLE: io exception
2020-06-28 10:44:07,511 [grpc-default-executor-3] INFO  impl.FollowerInfo (FollowerInfo.java:lambda$new$0(51)) - omNode-2@group-523986131536->omNode-1: nextIndex: updateUnconditionally 8 -> 1
2020-06-28 10:44:07,512 [grpc-default-executor-3] INFO  ratis.OzoneManagerStateMachine (OzoneManagerStateMachine.java:getLatestSnapshot(147)) - Latest Snapshot Info 0#-1
2020-06-28 10:44:07,512 [grpc-default-executor-3] DEBUG server.GrpcLogAppender (GrpcLogAppender.java:onNext(257)) - omNode-2@group-523986131536->omNode-3-AppendLogResponseHandler: received a reply omNode-2<-omNode-3#19:OK,SUCCESS,nextIndex:8,term:2,followerCommit:5, request=AppendEntriesRequest:cid=19,entriesCount=0,lastEntry=null
2020-06-28 10:44:08,010 [grpc-default-executor-0] WARN  server.GrpcLogAppender (LogUtils.java:warn(122)) - omNode-2@group-523986131536->omNode-1-AppendLogResponseHandler: Failed appendEntries: org.apache.ratis.thirdparty.io.grpc.StatusRuntimeException: UNAVAILABLE: io exception
2020-06-28 10:44:08,011 [grpc-default-executor-0] INFO  impl.FollowerInfo (FollowerInfo.java:lambda$new$0(51)) - omNode-2@group-523986131536->omNode-1: nextIndex: updateUnconditionally 8 -> 1
2020-06-28 10:44:08,013 [grpc-default-executor-0] INFO  ratis.OzoneManagerStateMachine (OzoneManagerStateMachine.java:getLatestSnapshot(147)) - Latest Snapshot Info 0#-1
2020-06-28 10:44:08,014 [grpc-default-executor-0] DEBUG server.GrpcLogAppender (GrpcLogAppender.java:onNext(257)) - omNode-2@group-523986131536->omNode-3-AppendLogResponseHandler: received a reply omNode-2<-omNode-3#20:OK,SUCCESS,nextIndex:8,term:2,followerCommit:5, request=AppendEntriesRequest:cid=20,entriesCount=0,lastEntry=null
2020-06-28 10:44:08,051 [grpc-default-executor-0] DEBUG server.GrpcLogAppender (GrpcLogAppender.java:onNext(257)) - 8ea79bce-3765-45eb-b2d3-535100c914cf@group-934E6379BBC7->25e14e54-dedc-49b5-a0d9-9290319fa0de-AppendLogResponseHandler: received a reply 8ea79bce-3765-45eb-b2d3-535100c914cf<-25e14e54-dedc-49b5-a0d9-9290319fa0de#6:OK,SUCCESS,nextIndex:1,term:1,followerCommit:0, request=AppendEntriesRequest:cid=6,entriesCount=0,lastEntry=null
2020-06-28 10:44:08,055 [grpc-default-executor-0] DEBUG server.GrpcLogAppender (GrpcLogAppender.java:onNext(257)) - 8ea79bce-3765-45eb-b2d3-535100c914cf@group-934E6379BBC7->8da610d4-c262-4b40-863f-7000a32f6a27-AppendLogResponseHandler: received a reply 8ea79bce-3765-45eb-b2d3-535100c914cf<-8da610d4-c262-4b40-863f-7000a32f6a27#6:OK,SUCCESS,nextIndex:1,term:1,followerCommit:0, request=AppendEntriesRequest:cid=6,entriesCount=0,lastEntry=null
2020-06-28 10:44:08,511 [grpc-default-executor-3] WARN  server.GrpcLogAppender (LogUtils.java:warn(122)) - omNode-2@group-523986131536->omNode-1-AppendLogResponseHandler: Failed appendEntries: org.apache.ratis.thirdparty.io.grpc.StatusRuntimeException: UNAVAILABLE: io exception
2020-06-28 10:44:08,512 [grpc-default-executor-3] INFO  impl.FollowerInfo (FollowerInfo.java:lambda$new$0(51)) - omNode-2@group-523986131536->omNode-1: nextIndex: updateUnconditionally 8 -> 1
2020-06-28 10:44:08,515 [grpc-default-executor-3] INFO  ratis.OzoneManagerStateMachine (OzoneManagerStateMachine.java:getLatestSnapshot(147)) - Latest Snapshot Info 0#-1
2020-06-28 10:44:08,515 [grpc-default-executor-3] DEBUG server.GrpcLogAppender (GrpcLogAppender.java:onNext(257)) - omNode-2@group-523986131536->omNode-3-AppendLogResponseHandler: received a reply omNode-2<-omNode-3#21:OK,SUCCESS,nextIndex:8,term:2,followerCommit:5, request=AppendEntriesRequest:cid=21,entriesCount=0,lastEntry=null
2020-06-28 10:44:09,013 [grpc-default-executor-0] WARN  server.GrpcLogAppender (LogUtils.java:warn(122)) - omNode-2@group-523986131536->omNode-1-AppendLogResponseHandler: Failed appendEntries: org.apache.ratis.thirdparty.io.grpc.StatusRuntimeException: UNAVAILABLE: io exception
2020-06-28 10:44:09,014 [grpc-default-executor-0] INFO  impl.FollowerInfo (FollowerInfo.java:lambda$new$0(51)) - omNode-2@group-523986131536->omNode-1: nextIndex: updateUnconditionally 8 -> 1
2020-06-28 10:44:09,016 [grpc-default-executor-0] INFO  ratis.OzoneManagerStateMachine (OzoneManagerStateMachine.java:getLatestSnapshot(147)) - Latest Snapshot Info 0#-1
2020-06-28 10:44:09,017 [grpc-default-executor-0] DEBUG server.GrpcLogAppender (GrpcLogAppender.java:onNext(257)) - omNode-2@group-523986131536->omNode-3-AppendLogResponseHandler: received a reply omNode-2<-omNode-3#22:OK,SUCCESS,nextIndex:8,term:2,followerCommit:5, request=AppendEntriesRequest:cid=22,entriesCount=0,lastEntry=null
2020-06-28 10:44:09,515 [grpc-default-executor-3] WARN  server.GrpcLogAppender (LogUtils.java:warn(122)) - omNode-2@group-523986131536->omNode-1-AppendLogResponseHandler: Failed appendEntries: org.apache.ratis.thirdparty.io.grpc.StatusRuntimeException: UNAVAILABLE: io exception
2020-06-28 10:44:09,516 [grpc-default-executor-3] INFO  impl.FollowerInfo (FollowerInfo.java:lambda$new$0(51)) - omNode-2@group-523986131536->omNode-1: nextIndex: updateUnconditionally 8 -> 1
2020-06-28 10:44:09,518 [grpc-default-executor-3] INFO  ratis.OzoneManagerStateMachine (OzoneManagerStateMachine.java:getLatestSnapshot(147)) - Latest Snapshot Info 0#-1
2020-06-28 10:44:09,520 [grpc-default-executor-3] DEBUG server.GrpcLogAppender (GrpcLogAppender.java:onNext(257)) - omNode-2@group-523986131536->omNode-3-AppendLogResponseHandler: received a reply omNode-2<-omNode-3#23:OK,SUCCESS,nextIndex:8,term:2,followerCommit:5, request=AppendEntriesRequest:cid=23,entriesCount=0,lastEntry=null
2020-06-28 10:44:10,016 [grpc-default-executor-0] WARN  server.GrpcLogAppender (LogUtils.java:warn(122)) - omNode-2@group-523986131536->omNode-1-AppendLogResponseHandler: Failed appendEntries: org.apache.ratis.thirdparty.io.grpc.StatusRuntimeException: UNAVAILABLE: io exception
2020-06-28 10:44:10,017 [grpc-default-executor-0] INFO  impl.FollowerInfo (FollowerInfo.java:lambda$new$0(51)) - omNode-2@group-523986131536->omNode-1: nextIndex: updateUnconditionally 8 -> 1
2020-06-28 10:44:10,021 [grpc-default-executor-0] INFO  ratis.OzoneManagerStateMachine (OzoneManagerStateMachine.java:getLatestSnapshot(147)) - Latest Snapshot Info 0#-1
2020-06-28 10:44:10,022 [grpc-default-executor-0] DEBUG server.GrpcLogAppender (GrpcLogAppender.java:onNext(257)) - omNode-2@group-523986131536->omNode-3-AppendLogResponseHandler: received a reply omNode-2<-omNode-3#24:OK,SUCCESS,nextIndex:8,term:2,followerCommit:5, request=AppendEntriesRequest:cid=24,entriesCount=0,lastEntry=null
2020-06-28 10:44:10,519 [grpc-default-executor-3] WARN  server.GrpcLogAppender (LogUtils.java:warn(122)) - omNode-2@group-523986131536->omNode-1-AppendLogResponseHandler: Failed appendEntries: org.apache.ratis.thirdparty.io.grpc.StatusRuntimeException: UNAVAILABLE: io exception
2020-06-28 10:44:10,520 [grpc-default-executor-3] INFO  impl.FollowerInfo (FollowerInfo.java:lambda$new$0(51)) - omNode-2@group-523986131536->omNode-1: nextIndex: updateUnconditionally 8 -> 1
2020-06-28 10:44:10,523 [grpc-default-executor-3] INFO  ratis.OzoneManagerStateMachine (OzoneManagerStateMachine.java:getLatestSnapshot(147)) - Latest Snapshot Info 0#-1
2020-06-28 10:44:10,524 [grpc-default-executor-3] DEBUG server.GrpcLogAppender (GrpcLogAppender.java:onNext(257)) - omNode-2@group-523986131536->omNode-3-AppendLogResponseHandler: received a reply omNode-2<-omNode-3#25:OK,SUCCESS,nextIndex:8,term:2,followerCommit:5, request=AppendEntriesRequest:cid=25,entriesCount=0,lastEntry=null
2020-06-28 10:44:10,552 [grpc-default-executor-3] DEBUG server.GrpcLogAppender (GrpcLogAppender.java:onNext(257)) - 8ea79bce-3765-45eb-b2d3-535100c914cf@group-934E6379BBC7->25e14e54-dedc-49b5-a0d9-9290319fa0de-AppendLogResponseHandler: received a reply 8ea79bce-3765-45eb-b2d3-535100c914cf<-25e14e54-dedc-49b5-a0d9-9290319fa0de#7:OK,SUCCESS,nextIndex:1,term:1,followerCommit:0, request=AppendEntriesRequest:cid=7,entriesCount=0,lastEntry=null
2020-06-28 10:44:10,556 [grpc-default-executor-3] DEBUG server.GrpcLogAppender (GrpcLogAppender.java:onNext(257)) - 8ea79bce-3765-45eb-b2d3-535100c914cf@group-934E6379BBC7->8da610d4-c262-4b40-863f-7000a32f6a27-AppendLogResponseHandler: received a reply 8ea79bce-3765-45eb-b2d3-535100c914cf<-8da610d4-c262-4b40-863f-7000a32f6a27#7:OK,SUCCESS,nextIndex:1,term:1,followerCommit:0, request=AppendEntriesRequest:cid=7,entriesCount=0,lastEntry=null
2020-06-28 10:44:11,020 [grpc-default-executor-0] WARN  server.GrpcLogAppender (LogUtils.java:warn(122)) - omNode-2@group-523986131536->omNode-1-AppendLogResponseHandler: Failed appendEntries: org.apache.ratis.thirdparty.io.grpc.StatusRuntimeException: UNAVAILABLE: io exception
2020-06-28 10:44:11,021 [grpc-default-executor-0] INFO  impl.FollowerInfo (FollowerInfo.java:lambda$new$0(51)) - omNode-2@group-523986131536->omNode-1: nextIndex: updateUnconditionally 8 -> 1
2020-06-28 10:44:11,024 [grpc-default-executor-0] INFO  ratis.OzoneManagerStateMachine (OzoneManagerStateMachine.java:getLatestSnapshot(147)) - Latest Snapshot Info 0#-1
2020-06-28 10:44:11,025 [grpc-default-executor-0] DEBUG server.GrpcLogAppender (GrpcLogAppender.java:onNext(257)) - omNode-2@group-523986131536->omNode-3-AppendLogResponseHandler: received a reply omNode-2<-omNode-3#26:OK,SUCCESS,nextIndex:8,term:2,followerCommit:5, request=AppendEntriesRequest:cid=26,entriesCount=0,lastEntry=null
2020-06-28 10:44:11,522 [grpc-default-executor-3] WARN  server.GrpcLogAppender (LogUtils.java:warn(122)) - omNode-2@group-523986131536->omNode-1-AppendLogResponseHandler: Failed appendEntries: org.apache.ratis.thirdparty.io.grpc.StatusRuntimeException: UNAVAILABLE: io exception
2020-06-28 10:44:11,523 [grpc-default-executor-3] INFO  impl.FollowerInfo (FollowerInfo.java:lambda$new$0(51)) - omNode-2@group-523986131536->omNode-1: nextIndex: updateUnconditionally 8 -> 1
2020-06-28 10:44:11,526 [grpc-default-executor-3] INFO  ratis.OzoneManagerStateMachine (OzoneManagerStateMachine.java:getLatestSnapshot(147)) - Latest Snapshot Info 0#-1
2020-06-28 10:44:11,527 [grpc-default-executor-3] DEBUG server.GrpcLogAppender (GrpcLogAppender.java:onNext(257)) - omNode-2@group-523986131536->omNode-3-AppendLogResponseHandler: received a reply omNode-2<-omNode-3#27:OK,SUCCESS,nextIndex:8,term:2,followerCommit:5, request=AppendEntriesRequest:cid=27,entriesCount=0,lastEntry=null
2020-06-28 10:44:12,024 [grpc-default-executor-0] WARN  server.GrpcLogAppender (LogUtils.java:warn(122)) - omNode-2@group-523986131536->omNode-1-AppendLogResponseHandler: Failed appendEntries: org.apache.ratis.thirdparty.io.grpc.StatusRuntimeException: UNAVAILABLE: io exception
2020-06-28 10:44:12,025 [grpc-default-executor-0] INFO  impl.FollowerInfo (FollowerInfo.java:lambda$new$0(51)) - omNode-2@group-523986131536->omNode-1: nextIndex: updateUnconditionally 8 -> 1
2020-06-28 10:44:12,028 [grpc-default-executor-0] INFO  ratis.OzoneManagerStateMachine (OzoneManagerStateMachine.java:getLatestSnapshot(147)) - Latest Snapshot Info 0#-1
2020-06-28 10:44:12,028 [grpc-default-executor-0] DEBUG server.GrpcLogAppender (GrpcLogAppender.java:onNext(257)) - omNode-2@group-523986131536->omNode-3-AppendLogResponseHandler: received a reply omNode-2<-omNode-3#28:OK,SUCCESS,nextIndex:8,term:2,followerCommit:5, request=AppendEntriesRequest:cid=28,entriesCount=0,lastEntry=null
2020-06-28 10:44:12,526 [grpc-default-executor-3] WARN  server.GrpcLogAppender (LogUtils.java:warn(122)) - omNode-2@group-523986131536->omNode-1-AppendLogResponseHandler: Failed appendEntries: org.apache.ratis.thirdparty.io.grpc.StatusRuntimeException: UNAVAILABLE: io exception
2020-06-28 10:44:12,528 [grpc-default-executor-3] INFO  impl.FollowerInfo (FollowerInfo.java:lambda$new$0(51)) - omNode-2@group-523986131536->omNode-1: nextIndex: updateUnconditionally 8 -> 1
2020-06-28 10:44:12,529 [grpc-default-executor-3] INFO  ratis.OzoneManagerStateMachine (OzoneManagerStateMachine.java:getLatestSnapshot(147)) - Latest Snapshot Info 0#-1
2020-06-28 10:44:12,530 [grpc-default-executor-3] DEBUG server.GrpcLogAppender (GrpcLogAppender.java:onNext(257)) - omNode-2@group-523986131536->omNode-3-AppendLogResponseHandler: received a reply omNode-2<-omNode-3#29:OK,SUCCESS,nextIndex:8,term:2,followerCommit:5, request=AppendEntriesRequest:cid=29,entriesCount=0,lastEntry=null
2020-06-28 10:44:12,577 [IPC Server handler 3 on default port 10258] DEBUG impl.RaftServerImpl (RaftServerImpl.java:submitClientRequestAsync(575)) - omNode-2@group-523986131536: receive client request(RaftClientRequest:client-C49318FDD8AE->omNode-2@group-523986131536, cid=112, seq=0, RW, Message:081f12001a13636c6965...(size=278))
2020-06-28 10:44:12,578 [IPC Server handler 3 on default port 10258] INFO  ipc.Server (Server.java:logException(2976)) - IPC Server handler 3 on default port 10258, call Call#327 Retry#4 org.apache.hadoop.ozone.om.protocol.OzoneManagerProtocol.submitRequest from 127.0.0.1:39102
org.apache.hadoop.ozone.om.exceptions.OMLeaderNotReadyException: omNode-2@group-523986131536 is in LEADER state but not ready yet.
	at org.apache.hadoop.ozone.om.ratis.OzoneManagerRatisServer.processReply(OzoneManagerRatisServer.java:177)
	at org.apache.hadoop.ozone.om.ratis.OzoneManagerRatisServer.submitRequest(OzoneManagerRatisServer.java:136)
	at org.apache.hadoop.ozone.protocolPB.OzoneManagerProtocolServerSideTranslatorPB.submitRequestToRatis(OzoneManagerProtocolServerSideTranslatorPB.java:177)
	at org.apache.hadoop.ozone.protocolPB.OzoneManagerProtocolServerSideTranslatorPB.processRequest(OzoneManagerProtocolServerSideTranslatorPB.java:134)
	at org.apache.hadoop.hdds.server.OzoneProtocolMessageDispatcher.processRequest(OzoneProtocolMessageDispatcher.java:74)
	at org.apache.hadoop.ozone.protocolPB.OzoneManagerProtocolServerSideTranslatorPB.submitRequest(OzoneManagerProtocolServerSideTranslatorPB.java:113)
	at org.apache.hadoop.ozone.protocol.proto.OzoneManagerProtocolProtos$OzoneManagerService$2.callBlockingMethod(OzoneManagerProtocolProtos.java)
	at org.apache.hadoop.ipc.ProtobufRpcEngine$Server$ProtoBufRpcInvoker.call(ProtobufRpcEngine.java:528)
	at org.apache.hadoop.ipc.RPC$Server.call(RPC.java:1070)
	at org.apache.hadoop.ipc.Server$RpcCall.run(Server.java:999)
	at org.apache.hadoop.ipc.Server$RpcCall.run(Server.java:927)
	at java.security.AccessController.doPrivileged(Native Method)
	at javax.security.auth.Subject.doAs(Subject.java:422)
	at org.apache.hadoop.security.UserGroupInformation.doAs(UserGroupInformation.java:1730)
	at org.apache.hadoop.ipc.Server$Handler.run(Server.java:2915)
2020-06-28 10:44:12,579 [Listener at 127.0.0.1/10264] INFO  retry.RetryInvocationHandler (RetryInvocationHandler.java:log(411)) - com.google.protobuf.ServiceException: org.apache.hadoop.ipc.RemoteException(org.apache.hadoop.ozone.om.exceptions.OMLeaderNotReadyException): omNode-2@group-523986131536 is in LEADER state but not ready yet.
	at org.apache.hadoop.ozone.om.ratis.OzoneManagerRatisServer.processReply(OzoneManagerRatisServer.java:177)
	at org.apache.hadoop.ozone.om.ratis.OzoneManagerRatisServer.submitRequest(OzoneManagerRatisServer.java:136)
	at org.apache.hadoop.ozone.protocolPB.OzoneManagerProtocolServerSideTranslatorPB.submitRequestToRatis(OzoneManagerProtocolServerSideTranslatorPB.java:177)
	at org.apache.hadoop.ozone.protocolPB.OzoneManagerProtocolServerSideTranslatorPB.processRequest(OzoneManagerProtocolServerSideTranslatorPB.java:134)
	at org.apache.hadoop.hdds.server.OzoneProtocolMessageDispatcher.processRequest(OzoneProtocolMessageDispatcher.java:74)
	at org.apache.hadoop.ozone.protocolPB.OzoneManagerProtocolServerSideTranslatorPB.submitRequest(OzoneManagerProtocolServerSideTranslatorPB.java:113)
	at org.apache.hadoop.ozone.protocol.proto.OzoneManagerProtocolProtos$OzoneManagerService$2.callBlockingMethod(OzoneManagerProtocolProtos.java)
	at org.apache.hadoop.ipc.ProtobufRpcEngine$Server$ProtoBufRpcInvoker.call(ProtobufRpcEngine.java:528)
	at org.apache.hadoop.ipc.RPC$Server.call(RPC.java:1070)
	at org.apache.hadoop.ipc.Server$RpcCall.run(Server.java:999)
	at org.apache.hadoop.ipc.Server$RpcCall.run(Server.java:927)
	at java.security.AccessController.doPrivileged(Native Method)
	at javax.security.auth.Subject.doAs(Subject.java:422)
	at org.apache.hadoop.security.UserGroupInformation.doAs(UserGroupInformation.java:1730)
	at org.apache.hadoop.ipc.Server$Handler.run(Server.java:2915)
, while invoking $Proxy39.submitRequest over nodeId=omNode-2,nodeAddress=127.0.0.1:10258 after 4 failover attempts. Trying to failover after sleeping for 8000ms.
2020-06-28 10:44:13,028 [grpc-default-executor-0] WARN  server.GrpcLogAppender (LogUtils.java:warn(122)) - omNode-2@group-523986131536->omNode-1-AppendLogResponseHandler: Failed appendEntries: org.apache.ratis.thirdparty.io.grpc.StatusRuntimeException: UNAVAILABLE: io exception
2020-06-28 10:44:13,029 [grpc-default-executor-0] INFO  impl.FollowerInfo (FollowerInfo.java:lambda$new$0(51)) - omNode-2@group-523986131536->omNode-1: nextIndex: updateUnconditionally 8 -> 1
2020-06-28 10:44:13,031 [grpc-default-executor-0] INFO  ratis.OzoneManagerStateMachine (OzoneManagerStateMachine.java:getLatestSnapshot(147)) - Latest Snapshot Info 0#-1
2020-06-28 10:44:13,032 [grpc-default-executor-0] DEBUG server.GrpcLogAppender (GrpcLogAppender.java:onNext(257)) - omNode-2@group-523986131536->omNode-3-AppendLogResponseHandler: received a reply omNode-2<-omNode-3#30:OK,SUCCESS,nextIndex:8,term:2,followerCommit:5, request=AppendEntriesRequest:cid=30,entriesCount=0,lastEntry=null
2020-06-28 10:44:13,054 [grpc-default-executor-0] DEBUG server.GrpcLogAppender (GrpcLogAppender.java:onNext(257)) - 8ea79bce-3765-45eb-b2d3-535100c914cf@group-934E6379BBC7->25e14e54-dedc-49b5-a0d9-9290319fa0de-AppendLogResponseHandler: received a reply 8ea79bce-3765-45eb-b2d3-535100c914cf<-25e14e54-dedc-49b5-a0d9-9290319fa0de#8:OK,SUCCESS,nextIndex:1,term:1,followerCommit:0, request=AppendEntriesRequest:cid=8,entriesCount=0,lastEntry=null
2020-06-28 10:44:13,057 [grpc-default-executor-0] DEBUG server.GrpcLogAppender (GrpcLogAppender.java:onNext(257)) - 8ea79bce-3765-45eb-b2d3-535100c914cf@group-934E6379BBC7->8da610d4-c262-4b40-863f-7000a32f6a27-AppendLogResponseHandler: received a reply 8ea79bce-3765-45eb-b2d3-535100c914cf<-8da610d4-c262-4b40-863f-7000a32f6a27#8:OK,SUCCESS,nextIndex:1,term:1,followerCommit:0, request=AppendEntriesRequest:cid=8,entriesCount=0,lastEntry=null
2020-06-28 10:44:13,530 [grpc-default-executor-3] WARN  server.GrpcLogAppender (LogUtils.java:warn(122)) - omNode-2@group-523986131536->omNode-1-AppendLogResponseHandler: Failed appendEntries: org.apache.ratis.thirdparty.io.grpc.StatusRuntimeException: UNAVAILABLE: io exception
2020-06-28 10:44:13,532 [grpc-default-executor-3] INFO  impl.FollowerInfo (FollowerInfo.java:lambda$new$0(51)) - omNode-2@group-523986131536->omNode-1: nextIndex: updateUnconditionally 8 -> 1
2020-06-28 10:44:13,533 [grpc-default-executor-3] INFO  ratis.OzoneManagerStateMachine (OzoneManagerStateMachine.java:getLatestSnapshot(147)) - Latest Snapshot Info 0#-1
2020-06-28 10:44:13,533 [grpc-default-executor-3] DEBUG server.GrpcLogAppender (GrpcLogAppender.java:onNext(257)) - omNode-2@group-523986131536->omNode-3-AppendLogResponseHandler: received a reply omNode-2<-omNode-3#31:OK,SUCCESS,nextIndex:8,term:2,followerCommit:5, request=AppendEntriesRequest:cid=31,entriesCount=0,lastEntry=null
2020-06-28 10:44:14,033 [grpc-default-executor-0] WARN  server.GrpcLogAppender (LogUtils.java:warn(122)) - omNode-2@group-523986131536->omNode-1-AppendLogResponseHandler: Failed appendEntries: org.apache.ratis.thirdparty.io.grpc.StatusRuntimeException: UNAVAILABLE: io exception
2020-06-28 10:44:14,034 [grpc-default-executor-0] INFO  impl.FollowerInfo (FollowerInfo.java:lambda$new$0(51)) - omNode-2@group-523986131536->omNode-1: nextIndex: updateUnconditionally 8 -> 1
2020-06-28 10:44:14,034 [grpc-default-executor-0] INFO  ratis.OzoneManagerStateMachine (OzoneManagerStateMachine.java:getLatestSnapshot(147)) - Latest Snapshot Info 0#-1
2020-06-28 10:44:14,035 [grpc-default-executor-0] DEBUG server.GrpcLogAppender (GrpcLogAppender.java:onNext(257)) - omNode-2@group-523986131536->omNode-3-AppendLogResponseHandler: received a reply omNode-2<-omNode-3#32:OK,SUCCESS,nextIndex:8,term:2,followerCommit:5, request=AppendEntriesRequest:cid=32,entriesCount=0,lastEntry=null
2020-06-28 10:44:14,534 [grpc-default-executor-3] WARN  server.GrpcLogAppender (LogUtils.java:warn(122)) - omNode-2@group-523986131536->omNode-1-AppendLogResponseHandler: Failed appendEntries: org.apache.ratis.thirdparty.io.grpc.StatusRuntimeException: UNAVAILABLE: io exception
2020-06-28 10:44:14,535 [grpc-default-executor-3] INFO  impl.FollowerInfo (FollowerInfo.java:lambda$new$0(51)) - omNode-2@group-523986131536->omNode-1: nextIndex: updateUnconditionally 8 -> 1
2020-06-28 10:44:14,537 [grpc-default-executor-3] INFO  ratis.OzoneManagerStateMachine (OzoneManagerStateMachine.java:getLatestSnapshot(147)) - Latest Snapshot Info 0#-1
2020-06-28 10:44:14,538 [grpc-default-executor-3] DEBUG server.GrpcLogAppender (GrpcLogAppender.java:onNext(257)) - omNode-2@group-523986131536->omNode-3-AppendLogResponseHandler: received a reply omNode-2<-omNode-3#33:OK,SUCCESS,nextIndex:8,term:2,followerCommit:5, request=AppendEntriesRequest:cid=33,entriesCount=0,lastEntry=null
2020-06-28 10:44:15,037 [grpc-default-executor-0] WARN  server.GrpcLogAppender (LogUtils.java:warn(122)) - omNode-2@group-523986131536->omNode-1-AppendLogResponseHandler: Failed appendEntries: org.apache.ratis.thirdparty.io.grpc.StatusRuntimeException: UNAVAILABLE: io exception
2020-06-28 10:44:15,038 [grpc-default-executor-0] INFO  impl.FollowerInfo (FollowerInfo.java:lambda$new$0(51)) - omNode-2@group-523986131536->omNode-1: nextIndex: updateUnconditionally 8 -> 1
2020-06-28 10:44:15,039 [grpc-default-executor-0] INFO  ratis.OzoneManagerStateMachine (OzoneManagerStateMachine.java:getLatestSnapshot(147)) - Latest Snapshot Info 0#-1
2020-06-28 10:44:15,040 [grpc-default-executor-0] DEBUG server.GrpcLogAppender (GrpcLogAppender.java:onNext(257)) - omNode-2@group-523986131536->omNode-3-AppendLogResponseHandler: received a reply omNode-2<-omNode-3#34:OK,SUCCESS,nextIndex:8,term:2,followerCommit:5, request=AppendEntriesRequest:cid=34,entriesCount=0,lastEntry=null
2020-06-28 10:44:15,541 [grpc-default-executor-3] WARN  server.GrpcLogAppender (LogUtils.java:warn(122)) - omNode-2@group-523986131536->omNode-1-AppendLogResponseHandler: Failed appendEntries: org.apache.ratis.thirdparty.io.grpc.StatusRuntimeException: UNAVAILABLE: io exception
2020-06-28 10:44:15,542 [grpc-default-executor-3] INFO  impl.FollowerInfo (FollowerInfo.java:lambda$new$0(51)) - omNode-2@group-523986131536->omNode-1: nextIndex: updateUnconditionally 8 -> 1
2020-06-28 10:44:15,542 [grpc-default-executor-0] INFO  ratis.OzoneManagerStateMachine (OzoneManagerStateMachine.java:getLatestSnapshot(147)) - Latest Snapshot Info 0#-1
2020-06-28 10:44:15,543 [grpc-default-executor-0] DEBUG server.GrpcLogAppender (GrpcLogAppender.java:onNext(257)) - omNode-2@group-523986131536->omNode-3-AppendLogResponseHandler: received a reply omNode-2<-omNode-3#35:OK,SUCCESS,nextIndex:8,term:2,followerCommit:5, request=AppendEntriesRequest:cid=35,entriesCount=0,lastEntry=null
2020-06-28 10:44:15,556 [grpc-default-executor-0] DEBUG server.GrpcLogAppender (GrpcLogAppender.java:onNext(257)) - 8ea79bce-3765-45eb-b2d3-535100c914cf@group-934E6379BBC7->25e14e54-dedc-49b5-a0d9-9290319fa0de-AppendLogResponseHandler: received a reply 8ea79bce-3765-45eb-b2d3-535100c914cf<-25e14e54-dedc-49b5-a0d9-9290319fa0de#9:OK,SUCCESS,nextIndex:1,term:1,followerCommit:0, request=AppendEntriesRequest:cid=9,entriesCount=0,lastEntry=null
2020-06-28 10:44:15,558 [grpc-default-executor-0] DEBUG server.GrpcLogAppender (GrpcLogAppender.java:onNext(257)) - 8ea79bce-3765-45eb-b2d3-535100c914cf@group-934E6379BBC7->8da610d4-c262-4b40-863f-7000a32f6a27-AppendLogResponseHandler: received a reply 8ea79bce-3765-45eb-b2d3-535100c914cf<-8da610d4-c262-4b40-863f-7000a32f6a27#9:OK,SUCCESS,nextIndex:1,term:1,followerCommit:0, request=AppendEntriesRequest:cid=9,entriesCount=0,lastEntry=null
2020-06-28 10:44:16,040 [grpc-default-executor-3] WARN  server.GrpcLogAppender (LogUtils.java:warn(122)) - omNode-2@group-523986131536->omNode-1-AppendLogResponseHandler: Failed appendEntries: org.apache.ratis.thirdparty.io.grpc.StatusRuntimeException: UNAVAILABLE: io exception
2020-06-28 10:44:16,041 [grpc-default-executor-3] INFO  impl.FollowerInfo (FollowerInfo.java:lambda$new$0(51)) - omNode-2@group-523986131536->omNode-1: nextIndex: updateUnconditionally 8 -> 1
2020-06-28 10:44:16,044 [grpc-default-executor-3] INFO  ratis.OzoneManagerStateMachine (OzoneManagerStateMachine.java:getLatestSnapshot(147)) - Latest Snapshot Info 0#-1
2020-06-28 10:44:16,045 [grpc-default-executor-3] DEBUG server.GrpcLogAppender (GrpcLogAppender.java:onNext(257)) - omNode-2@group-523986131536->omNode-3-AppendLogResponseHandler: received a reply omNode-2<-omNode-3#36:OK,SUCCESS,nextIndex:8,term:2,followerCommit:5, request=AppendEntriesRequest:cid=36,entriesCount=0,lastEntry=null
2020-06-28 10:44:16,541 [grpc-default-executor-0] WARN  server.GrpcLogAppender (LogUtils.java:warn(122)) - omNode-2@group-523986131536->omNode-1-AppendLogResponseHandler: Failed appendEntries: org.apache.ratis.thirdparty.io.grpc.StatusRuntimeException: UNAVAILABLE: io exception
2020-06-28 10:44:16,544 [grpc-default-executor-0] INFO  impl.FollowerInfo (FollowerInfo.java:lambda$new$0(51)) - omNode-2@group-523986131536->omNode-1: nextIndex: updateUnconditionally 8 -> 1
2020-06-28 10:44:16,546 [grpc-default-executor-0] INFO  ratis.OzoneManagerStateMachine (OzoneManagerStateMachine.java:getLatestSnapshot(147)) - Latest Snapshot Info 0#-1
2020-06-28 10:44:16,547 [grpc-default-executor-0] DEBUG server.GrpcLogAppender (GrpcLogAppender.java:onNext(257)) - omNode-2@group-523986131536->omNode-3-AppendLogResponseHandler: received a reply omNode-2<-omNode-3#37:OK,SUCCESS,nextIndex:8,term:2,followerCommit:5, request=AppendEntriesRequest:cid=37,entriesCount=0,lastEntry=null
2020-06-28 10:44:17,043 [grpc-default-executor-3] WARN  server.GrpcLogAppender (LogUtils.java:warn(122)) - omNode-2@group-523986131536->omNode-1-AppendLogResponseHandler: Failed appendEntries: org.apache.ratis.thirdparty.io.grpc.StatusRuntimeException: UNAVAILABLE: io exception
2020-06-28 10:44:17,043 [grpc-default-executor-3] INFO  impl.FollowerInfo (FollowerInfo.java:lambda$new$0(51)) - omNode-2@group-523986131536->omNode-1: nextIndex: updateUnconditionally 8 -> 1
2020-06-28 10:44:17,047 [grpc-default-executor-3] INFO  ratis.OzoneManagerStateMachine (OzoneManagerStateMachine.java:getLatestSnapshot(147)) - Latest Snapshot Info 0#-1
2020-06-28 10:44:17,049 [grpc-default-executor-3] DEBUG server.GrpcLogAppender (GrpcLogAppender.java:onNext(257)) - omNode-2@group-523986131536->omNode-3-AppendLogResponseHandler: received a reply omNode-2<-omNode-3#38:OK,SUCCESS,nextIndex:8,term:2,followerCommit:5, request=AppendEntriesRequest:cid=38,entriesCount=0,lastEntry=null
2020-06-28 10:44:17,546 [grpc-default-executor-0] WARN  server.GrpcLogAppender (LogUtils.java:warn(122)) - omNode-2@group-523986131536->omNode-1-AppendLogResponseHandler: Failed appendEntries: org.apache.ratis.thirdparty.io.grpc.StatusRuntimeException: UNAVAILABLE: io exception
2020-06-28 10:44:17,546 [grpc-default-executor-0] INFO  impl.FollowerInfo (FollowerInfo.java:lambda$new$0(51)) - omNode-2@group-523986131536->omNode-1: nextIndex: updateUnconditionally 8 -> 1
2020-06-28 10:44:17,550 [grpc-default-executor-0] INFO  ratis.OzoneManagerStateMachine (OzoneManagerStateMachine.java:getLatestSnapshot(147)) - Latest Snapshot Info 0#-1
2020-06-28 10:44:17,550 [grpc-default-executor-0] DEBUG server.GrpcLogAppender (GrpcLogAppender.java:onNext(257)) - omNode-2@group-523986131536->omNode-3-AppendLogResponseHandler: received a reply omNode-2<-omNode-3#39:OK,SUCCESS,nextIndex:8,term:2,followerCommit:5, request=AppendEntriesRequest:cid=39,entriesCount=0,lastEntry=null
2020-06-28 10:44:18,047 [grpc-default-executor-3] WARN  server.GrpcLogAppender (LogUtils.java:warn(122)) - omNode-2@group-523986131536->omNode-1-AppendLogResponseHandler: Failed appendEntries: org.apache.ratis.thirdparty.io.grpc.StatusRuntimeException: UNAVAILABLE: io exception
2020-06-28 10:44:18,047 [grpc-default-executor-3] INFO  impl.FollowerInfo (FollowerInfo.java:lambda$new$0(51)) - omNode-2@group-523986131536->omNode-1: nextIndex: updateUnconditionally 8 -> 1
2020-06-28 10:44:18,051 [grpc-default-executor-3] INFO  ratis.OzoneManagerStateMachine (OzoneManagerStateMachine.java:getLatestSnapshot(147)) - Latest Snapshot Info 0#-1
2020-06-28 10:44:18,052 [grpc-default-executor-3] DEBUG server.GrpcLogAppender (GrpcLogAppender.java:onNext(257)) - omNode-2@group-523986131536->omNode-3-AppendLogResponseHandler: received a reply omNode-2<-omNode-3#40:OK,SUCCESS,nextIndex:8,term:2,followerCommit:5, request=AppendEntriesRequest:cid=40,entriesCount=0,lastEntry=null
2020-06-28 10:44:18,058 [grpc-default-executor-3] DEBUG server.GrpcLogAppender (GrpcLogAppender.java:onNext(257)) - 8ea79bce-3765-45eb-b2d3-535100c914cf@group-934E6379BBC7->25e14e54-dedc-49b5-a0d9-9290319fa0de-AppendLogResponseHandler: received a reply 8ea79bce-3765-45eb-b2d3-535100c914cf<-25e14e54-dedc-49b5-a0d9-9290319fa0de#10:OK,SUCCESS,nextIndex:1,term:1,followerCommit:0, request=AppendEntriesRequest:cid=10,entriesCount=0,lastEntry=null
2020-06-28 10:44:18,060 [grpc-default-executor-3] DEBUG server.GrpcLogAppender (GrpcLogAppender.java:onNext(257)) - 8ea79bce-3765-45eb-b2d3-535100c914cf@group-934E6379BBC7->8da610d4-c262-4b40-863f-7000a32f6a27-AppendLogResponseHandler: received a reply 8ea79bce-3765-45eb-b2d3-535100c914cf<-8da610d4-c262-4b40-863f-7000a32f6a27#10:OK,SUCCESS,nextIndex:1,term:1,followerCommit:0, request=AppendEntriesRequest:cid=10,entriesCount=0,lastEntry=null
2020-06-28 10:44:18,548 [grpc-default-executor-0] WARN  server.GrpcLogAppender (LogUtils.java:warn(122)) - omNode-2@group-523986131536->omNode-1-AppendLogResponseHandler: Failed appendEntries: org.apache.ratis.thirdparty.io.grpc.StatusRuntimeException: UNAVAILABLE: io exception
2020-06-28 10:44:18,549 [grpc-default-executor-0] INFO  impl.FollowerInfo (FollowerInfo.java:lambda$new$0(51)) - omNode-2@group-523986131536->omNode-1: nextIndex: updateUnconditionally 8 -> 1
2020-06-28 10:44:18,553 [grpc-default-executor-0] INFO  ratis.OzoneManagerStateMachine (OzoneManagerStateMachine.java:getLatestSnapshot(147)) - Latest Snapshot Info 0#-1
2020-06-28 10:44:18,553 [grpc-default-executor-0] DEBUG server.GrpcLogAppender (GrpcLogAppender.java:onNext(257)) - omNode-2@group-523986131536->omNode-3-AppendLogResponseHandler: received a reply omNode-2<-omNode-3#41:OK,SUCCESS,nextIndex:8,term:2,followerCommit:5, request=AppendEntriesRequest:cid=41,entriesCount=0,lastEntry=null
2020-06-28 10:44:19,050 [grpc-default-executor-3] WARN  server.GrpcLogAppender (LogUtils.java:warn(122)) - omNode-2@group-523986131536->omNode-1-AppendLogResponseHandler: Failed appendEntries: org.apache.ratis.thirdparty.io.grpc.StatusRuntimeException: UNAVAILABLE: io exception
2020-06-28 10:44:19,050 [grpc-default-executor-3] INFO  impl.FollowerInfo (FollowerInfo.java:lambda$new$0(51)) - omNode-2@group-523986131536->omNode-1: nextIndex: updateUnconditionally 8 -> 1
2020-06-28 10:44:19,054 [grpc-default-executor-3] INFO  ratis.OzoneManagerStateMachine (OzoneManagerStateMachine.java:getLatestSnapshot(147)) - Latest Snapshot Info 0#-1
2020-06-28 10:44:19,057 [grpc-default-executor-3] DEBUG server.GrpcLogAppender (GrpcLogAppender.java:onNext(257)) - omNode-2@group-523986131536->omNode-3-AppendLogResponseHandler: received a reply omNode-2<-omNode-3#42:OK,SUCCESS,nextIndex:8,term:2,followerCommit:5, request=AppendEntriesRequest:cid=42,entriesCount=0,lastEntry=null
2020-06-28 10:44:19,552 [grpc-default-executor-0] WARN  server.GrpcLogAppender (LogUtils.java:warn(122)) - omNode-2@group-523986131536->omNode-1-AppendLogResponseHandler: Failed appendEntries: org.apache.ratis.thirdparty.io.grpc.StatusRuntimeException: UNAVAILABLE: io exception
2020-06-28 10:44:19,552 [grpc-default-executor-0] INFO  impl.FollowerInfo (FollowerInfo.java:lambda$new$0(51)) - omNode-2@group-523986131536->omNode-1: nextIndex: updateUnconditionally 8 -> 1
2020-06-28 10:44:19,558 [grpc-default-executor-0] INFO  ratis.OzoneManagerStateMachine (OzoneManagerStateMachine.java:getLatestSnapshot(147)) - Latest Snapshot Info 0#-1
2020-06-28 10:44:19,559 [grpc-default-executor-0] DEBUG server.GrpcLogAppender (GrpcLogAppender.java:onNext(257)) - omNode-2@group-523986131536->omNode-3-AppendLogResponseHandler: received a reply omNode-2<-omNode-3#43:OK,SUCCESS,nextIndex:8,term:2,followerCommit:5, request=AppendEntriesRequest:cid=43,entriesCount=0,lastEntry=null
2020-06-28 10:44:20,054 [grpc-default-executor-3] WARN  server.GrpcLogAppender (LogUtils.java:warn(122)) - omNode-2@group-523986131536->omNode-1-AppendLogResponseHandler: Failed appendEntries: org.apache.ratis.thirdparty.io.grpc.StatusRuntimeException: UNAVAILABLE: io exception
2020-06-28 10:44:20,054 [grpc-default-executor-3] INFO  impl.FollowerInfo (FollowerInfo.java:lambda$new$0(51)) - omNode-2@group-523986131536->omNode-1: nextIndex: updateUnconditionally 8 -> 1
2020-06-28 10:44:20,059 [grpc-default-executor-3] INFO  ratis.OzoneManagerStateMachine (OzoneManagerStateMachine.java:getLatestSnapshot(147)) - Latest Snapshot Info 0#-1
2020-06-28 10:44:20,060 [grpc-default-executor-3] DEBUG server.GrpcLogAppender (GrpcLogAppender.java:onNext(257)) - omNode-2@group-523986131536->omNode-3-AppendLogResponseHandler: received a reply omNode-2<-omNode-3#44:OK,SUCCESS,nextIndex:8,term:2,followerCommit:5, request=AppendEntriesRequest:cid=44,entriesCount=0,lastEntry=null
2020-06-28 10:44:20,556 [grpc-default-executor-0] WARN  server.GrpcLogAppender (LogUtils.java:warn(122)) - omNode-2@group-523986131536->omNode-1-AppendLogResponseHandler: Failed appendEntries: org.apache.ratis.thirdparty.io.grpc.StatusRuntimeException: UNAVAILABLE: io exception
2020-06-28 10:44:20,556 [grpc-default-executor-0] INFO  impl.FollowerInfo (FollowerInfo.java:lambda$new$0(51)) - omNode-2@group-523986131536->omNode-1: nextIndex: updateUnconditionally 8 -> 1
2020-06-28 10:44:20,559 [grpc-default-executor-0] DEBUG server.GrpcLogAppender (GrpcLogAppender.java:onNext(257)) - 8ea79bce-3765-45eb-b2d3-535100c914cf@group-934E6379BBC7->25e14e54-dedc-49b5-a0d9-9290319fa0de-AppendLogResponseHandler: received a reply 8ea79bce-3765-45eb-b2d3-535100c914cf<-25e14e54-dedc-49b5-a0d9-9290319fa0de#11:OK,SUCCESS,nextIndex:1,term:1,followerCommit:0, request=AppendEntriesRequest:cid=11,entriesCount=0,lastEntry=null
2020-06-28 10:44:20,561 [grpc-default-executor-0] DEBUG server.GrpcLogAppender (GrpcLogAppender.java:onNext(257)) - 8ea79bce-3765-45eb-b2d3-535100c914cf@group-934E6379BBC7->8da610d4-c262-4b40-863f-7000a32f6a27-AppendLogResponseHandler: received a reply 8ea79bce-3765-45eb-b2d3-535100c914cf<-8da610d4-c262-4b40-863f-7000a32f6a27#11:OK,SUCCESS,nextIndex:1,term:1,followerCommit:0, request=AppendEntriesRequest:cid=11,entriesCount=0,lastEntry=null
2020-06-28 10:44:20,561 [grpc-default-executor-0] INFO  ratis.OzoneManagerStateMachine (OzoneManagerStateMachine.java:getLatestSnapshot(147)) - Latest Snapshot Info 0#-1
2020-06-28 10:44:20,561 [grpc-default-executor-0] DEBUG server.GrpcLogAppender (GrpcLogAppender.java:onNext(257)) - omNode-2@group-523986131536->omNode-3-AppendLogResponseHandler: received a reply omNode-2<-omNode-3#45:OK,SUCCESS,nextIndex:8,term:2,followerCommit:5, request=AppendEntriesRequest:cid=45,entriesCount=0,lastEntry=null
2020-06-28 10:44:20,580 [IPC Server handler 2 on default port 10258] DEBUG impl.RaftServerImpl (RaftServerImpl.java:submitClientRequestAsync(575)) - omNode-2@group-523986131536: receive client request(RaftClientRequest:client-C49318FDD8AE->omNode-2@group-523986131536, cid=117, seq=0, RW, Message:081f12001a13636c6965...(size=278))
2020-06-28 10:44:20,580 [IPC Server handler 2 on default port 10258] INFO  ipc.Server (Server.java:logException(2976)) - IPC Server handler 2 on default port 10258, call Call#327 Retry#5 org.apache.hadoop.ozone.om.protocol.OzoneManagerProtocol.submitRequest from 127.0.0.1:39102
org.apache.hadoop.ozone.om.exceptions.OMLeaderNotReadyException: omNode-2@group-523986131536 is in LEADER state but not ready yet.
	at org.apache.hadoop.ozone.om.ratis.OzoneManagerRatisServer.processReply(OzoneManagerRatisServer.java:177)
	at org.apache.hadoop.ozone.om.ratis.OzoneManagerRatisServer.submitRequest(OzoneManagerRatisServer.java:136)
	at org.apache.hadoop.ozone.protocolPB.OzoneManagerProtocolServerSideTranslatorPB.submitRequestToRatis(OzoneManagerProtocolServerSideTranslatorPB.java:177)
	at org.apache.hadoop.ozone.protocolPB.OzoneManagerProtocolServerSideTranslatorPB.processRequest(OzoneManagerProtocolServerSideTranslatorPB.java:134)
	at org.apache.hadoop.hdds.server.OzoneProtocolMessageDispatcher.processRequest(OzoneProtocolMessageDispatcher.java:74)
	at org.apache.hadoop.ozone.protocolPB.OzoneManagerProtocolServerSideTranslatorPB.submitRequest(OzoneManagerProtocolServerSideTranslatorPB.java:113)
	at org.apache.hadoop.ozone.protocol.proto.OzoneManagerProtocolProtos$OzoneManagerService$2.callBlockingMethod(OzoneManagerProtocolProtos.java)
	at org.apache.hadoop.ipc.ProtobufRpcEngine$Server$ProtoBufRpcInvoker.call(ProtobufRpcEngine.java:528)
	at org.apache.hadoop.ipc.RPC$Server.call(RPC.java:1070)
	at org.apache.hadoop.ipc.Server$RpcCall.run(Server.java:999)
	at org.apache.hadoop.ipc.Server$RpcCall.run(Server.java:927)
	at java.security.AccessController.doPrivileged(Native Method)
	at javax.security.auth.Subject.doAs(Subject.java:422)
	at org.apache.hadoop.security.UserGroupInformation.doAs(UserGroupInformation.java:1730)
	at org.apache.hadoop.ipc.Server$Handler.run(Server.java:2915)
2020-06-28 10:44:20,581 [Listener at 127.0.0.1/10264] ERROR protocolPB.Hadoop3OmTransport (Hadoop3OmTransport.java:getRetryAction(197)) - Failed to connect to OMs: [nodeId=omNode-3,nodeAddress=127.0.0.1:10264, nodeId=omNode-1,nodeAddress=127.0.0.1:10252, nodeId=omNode-2,nodeAddress=127.0.0.1:10258]. Attempted 5 failovers. Got following exceptions during retries: 
Retry Attempt 0 Exception - java.io.EOFException: End of File Exception between local host is: "720bba7d72d5/172.17.0.2"; destination host is: "localhost":10252; : java.io.EOFException; For more details see:  http://wiki.apache.org/hadoop/EOFExceptionRetry Attempt 1 Exception - org.apache.hadoop.ipc.RemoteException: omNode-2@group-523986131536 is in LEADER state but not ready yet.
	at org.apache.hadoop.ozone.om.ratis.OzoneManagerRatisServer.processReply(OzoneManagerRatisServer.java:177)
	at org.apache.hadoop.ozone.om.ratis.OzoneManagerRatisServer.submitRequest(OzoneManagerRatisServer.java:136)
	at org.apache.hadoop.ozone.protocolPB.OzoneManagerProtocolServerSideTranslatorPB.submitRequestToRatis(OzoneManagerProtocolServerSideTranslatorPB.java:177)
	at org.apache.hadoop.ozone.protocolPB.OzoneManagerProtocolServerSideTranslatorPB.processRequest(OzoneManagerProtocolServerSideTranslatorPB.java:134)
	at org.apache.hadoop.hdds.server.OzoneProtocolMessageDispatcher.processRequest(OzoneProtocolMessageDispatcher.java:74)
	at org.apache.hadoop.ozone.protocolPB.OzoneManagerProtocolServerSideTranslatorPB.submitRequest(OzoneManagerProtocolServerSideTranslatorPB.java:113)
	at org.apache.hadoop.ozone.protocol.proto.OzoneManagerProtocolProtos$OzoneManagerService$2.callBlockingMethod(OzoneManagerProtocolProtos.java)
	at org.apache.hadoop.ipc.ProtobufRpcEngine$Server$ProtoBufRpcInvoker.call(ProtobufRpcEngine.java:528)
	at org.apache.hadoop.ipc.RPC$Server.call(RPC.java:1070)
	at org.apache.hadoop.ipc.Server$RpcCall.run(Server.java:999)
	at org.apache.hadoop.ipc.Server$RpcCall.run(Server.java:927)
	at java.security.AccessController.doPrivileged(Native Method)
	at javax.security.auth.Subject.doAs(Subject.java:422)
	at org.apache.hadoop.security.UserGroupInformation.doAs(UserGroupInformation.java:1730)
	at org.apache.hadoop.ipc.Server$Handler.run(Server.java:2915)
Retry Attempt 2 Exception - org.apache.hadoop.ipc.RemoteException: omNode-2@group-523986131536 is in LEADER state but not ready yet.
	at org.apache.hadoop.ozone.om.ratis.OzoneManagerRatisServer.processReply(OzoneManagerRatisServer.java:177)
	at org.apache.hadoop.ozone.om.ratis.OzoneManagerRatisServer.submitRequest(OzoneManagerRatisServer.java:136)
	at org.apache.hadoop.ozone.protocolPB.OzoneManagerProtocolServerSideTranslatorPB.submitRequestToRatis(OzoneManagerProtocolServerSideTranslatorPB.java:177)
	at org.apache.hadoop.ozone.protocolPB.OzoneManagerProtocolServerSideTranslatorPB.processRequest(OzoneManagerProtocolServerSideTranslatorPB.java:134)
	at org.apache.hadoop.hdds.server.OzoneProtocolMessageDispatcher.processRequest(OzoneProtocolMessageDispatcher.java:74)
	at org.apache.hadoop.ozone.protocolPB.OzoneManagerProtocolServerSideTranslatorPB.submitRequest(OzoneManagerProtocolServerSideTranslatorPB.java:113)
	at org.apache.hadoop.ozone.protocol.proto.OzoneManagerProtocolProtos$OzoneManagerService$2.callBlockingMethod(OzoneManagerProtocolProtos.java)
	at org.apache.hadoop.ipc.ProtobufRpcEngine$Server$ProtoBufRpcInvoker.call(ProtobufRpcEngine.java:528)
	at org.apache.hadoop.ipc.RPC$Server.call(RPC.java:1070)
	at org.apache.hadoop.ipc.Server$RpcCall.run(Server.java:999)
	at org.apache.hadoop.ipc.Server$RpcCall.run(Server.java:927)
	at java.security.AccessController.doPrivileged(Native Method)
	at javax.security.auth.Subject.doAs(Subject.java:422)
	at org.apache.hadoop.security.UserGroupInformation.doAs(UserGroupInformation.java:1730)
	at org.apache.hadoop.ipc.Server$Handler.run(Server.java:2915)
Retry Attempt 3 Exception - org.apache.hadoop.ipc.RemoteException: omNode-2@group-523986131536 is in LEADER state but not ready yet.
	at org.apache.hadoop.ozone.om.ratis.OzoneManagerRatisServer.processReply(OzoneManagerRatisServer.java:177)
	at org.apache.hadoop.ozone.om.ratis.OzoneManagerRatisServer.submitRequest(OzoneManagerRatisServer.java:136)
	at org.apache.hadoop.ozone.protocolPB.OzoneManagerProtocolServerSideTranslatorPB.submitRequestToRatis(OzoneManagerProtocolServerSideTranslatorPB.java:177)
	at org.apache.hadoop.ozone.protocolPB.OzoneManagerProtocolServerSideTranslatorPB.processRequest(OzoneManagerProtocolServerSideTranslatorPB.java:134)
	at org.apache.hadoop.hdds.server.OzoneProtocolMessageDispatcher.processRequest(OzoneProtocolMessageDispatcher.java:74)
	at org.apache.hadoop.ozone.protocolPB.OzoneManagerProtocolServerSideTranslatorPB.submitRequest(OzoneManagerProtocolServerSideTranslatorPB.java:113)
	at org.apache.hadoop.ozone.protocol.proto.OzoneManagerProtocolProtos$OzoneManagerService$2.callBlockingMethod(OzoneManagerProtocolProtos.java)
	at org.apache.hadoop.ipc.ProtobufRpcEngine$Server$ProtoBufRpcInvoker.call(ProtobufRpcEngine.java:528)
	at org.apache.hadoop.ipc.RPC$Server.call(RPC.java:1070)
	at org.apache.hadoop.ipc.Server$RpcCall.run(Server.java:999)
	at org.apache.hadoop.ipc.Server$RpcCall.run(Server.java:927)
	at java.security.AccessController.doPrivileged(Native Method)
	at javax.security.auth.Subject.doAs(Subject.java:422)
	at org.apache.hadoop.security.UserGroupInformation.doAs(UserGroupInformation.java:1730)
	at org.apache.hadoop.ipc.Server$Handler.run(Server.java:2915)
Retry Attempt 4 Exception - org.apache.hadoop.ipc.RemoteException: omNode-2@group-523986131536 is in LEADER state but not ready yet.
	at org.apache.hadoop.ozone.om.ratis.OzoneManagerRatisServer.processReply(OzoneManagerRatisServer.java:177)
	at org.apache.hadoop.ozone.om.ratis.OzoneManagerRatisServer.submitRequest(OzoneManagerRatisServer.java:136)
	at org.apache.hadoop.ozone.protocolPB.OzoneManagerProtocolServerSideTranslatorPB.submitRequestToRatis(OzoneManagerProtocolServerSideTranslatorPB.java:177)
	at org.apache.hadoop.ozone.protocolPB.OzoneManagerProtocolServerSideTranslatorPB.processRequest(OzoneManagerProtocolServerSideTranslatorPB.java:134)
	at org.apache.hadoop.hdds.server.OzoneProtocolMessageDispatcher.processRequest(OzoneProtocolMessageDispatcher.java:74)
	at org.apache.hadoop.ozone.protocolPB.OzoneManagerProtocolServerSideTranslatorPB.submitRequest(OzoneManagerProtocolServerSideTranslatorPB.java:113)
	at org.apache.hadoop.ozone.protocol.proto.OzoneManagerProtocolProtos$OzoneManagerService$2.callBlockingMethod(OzoneManagerProtocolProtos.java)
	at org.apache.hadoop.ipc.ProtobufRpcEngine$Server$ProtoBufRpcInvoker.call(ProtobufRpcEngine.java:528)
	at org.apache.hadoop.ipc.RPC$Server.call(RPC.java:1070)
	at org.apache.hadoop.ipc.Server$RpcCall.run(Server.java:999)
	at org.apache.hadoop.ipc.Server$RpcCall.run(Server.java:927)
	at java.security.AccessController.doPrivileged(Native Method)
	at javax.security.auth.Subject.doAs(Subject.java:422)
	at org.apache.hadoop.security.UserGroupInformation.doAs(UserGroupInformation.java:1730)
	at org.apache.hadoop.ipc.Server$Handler.run(Server.java:2915)
Retry Attempt 5 Exception - org.apache.hadoop.ipc.RemoteException: omNode-2@group-523986131536 is in LEADER state but not ready yet.
	at org.apache.hadoop.ozone.om.ratis.OzoneManagerRatisServer.processReply(OzoneManagerRatisServer.java:177)
	at org.apache.hadoop.ozone.om.ratis.OzoneManagerRatisServer.submitRequest(OzoneManagerRatisServer.java:136)
	at org.apache.hadoop.ozone.protocolPB.OzoneManagerProtocolServerSideTranslatorPB.submitRequestToRatis(OzoneManagerProtocolServerSideTranslatorPB.java:177)
	at org.apache.hadoop.ozone.protocolPB.OzoneManagerProtocolServerSideTranslatorPB.processRequest(OzoneManagerProtocolServerSideTranslatorPB.java:134)
	at org.apache.hadoop.hdds.server.OzoneProtocolMessageDispatcher.processRequest(OzoneProtocolMessageDispatcher.java:74)
	at org.apache.hadoop.ozone.protocolPB.OzoneManagerProtocolServerSideTranslatorPB.submitRequest(OzoneManagerProtocolServerSideTranslatorPB.java:113)
	at org.apache.hadoop.ozone.protocol.proto.OzoneManagerProtocolProtos$OzoneManagerService$2.callBlockingMethod(OzoneManagerProtocolProtos.java)
	at org.apache.hadoop.ipc.ProtobufRpcEngine$Server$ProtoBufRpcInvoker.call(ProtobufRpcEngine.java:528)
	at org.apache.hadoop.ipc.RPC$Server.call(RPC.java:1070)
	at org.apache.hadoop.ipc.Server$RpcCall.run(Server.java:999)
	at org.apache.hadoop.ipc.Server$RpcCall.run(Server.java:927)
	at java.security.AccessController.doPrivileged(Native Method)
	at javax.security.auth.Subject.doAs(Subject.java:422)
	at org.apache.hadoop.security.UserGroupInformation.doAs(UserGroupInformation.java:1730)
	at org.apache.hadoop.ipc.Server$Handler.run(Server.java:2915)

2020-06-28 10:44:20,582 [Listener at 127.0.0.1/10264] INFO  ozone.MiniOzoneClusterImpl (MiniOzoneClusterImpl.java:shutdown(387)) - Shutting down the Mini Ozone Cluster
2020-06-28 10:44:20,583 [Listener at 127.0.0.1/10264] INFO  ozone.MiniOzoneHAClusterImpl (MiniOzoneHAClusterImpl.java:stop(230)) - Stopping the OzoneManager omNode-3
2020-06-28 10:44:20,583 [Listener at 127.0.0.1/10264] INFO  ipc.Server (Server.java:stop(3359)) - Stopping server on 10264
2020-06-28 10:44:20,583 [IPC Server listener on 10264] INFO  ipc.Server (Server.java:run(1330)) - Stopping IPC Server listener on 10264
2020-06-28 10:44:20,586 [IPC Server Responder] INFO  ipc.Server (Server.java:run(1465)) - Stopping IPC Server Responder
2020-06-28 10:44:20,586 [Listener at 127.0.0.1/10264] INFO  impl.RaftServerProxy (RaftServerProxy.java:lambda$close$4(319)) - omNode-3: close
2020-06-28 10:44:20,587 [Listener at 127.0.0.1/10264] INFO  impl.RaftServerImpl (RaftServerImpl.java:lambda$shutdown$3(252)) - omNode-3@group-523986131536: shutdown
2020-06-28 10:44:20,587 [Listener at 127.0.0.1/10264] INFO  util.JmxRegister (JmxRegister.java:unregister(73)) - Successfully un-registered JMX Bean with object name Ratis:service=RaftServer,group=group-523986131536,id=omNode-3
2020-06-28 10:44:20,587 [Listener at 127.0.0.1/10264] INFO  impl.RoleInfo (RoleInfo.java:shutdownFollowerState(121)) - omNode-3: shutdown FollowerState
2020-06-28 10:44:20,587 [Thread-1770] INFO  impl.FollowerState (FollowerState.java:run(117)) - omNode-3@group-523986131536-FollowerState was interrupted: java.lang.InterruptedException: sleep interrupted
2020-06-28 10:44:20,588 [omNode-3@group-523986131536-StateMachineUpdater] INFO  ratis.OzoneManagerStateMachine (OzoneManagerStateMachine.java:takeSnapshot(355)) - Current Snapshot Index (t:1, i:5)
2020-06-28 10:44:20,588 [omNode-3@group-523986131536-StateMachineUpdater] INFO  impl.StateMachineUpdater (StateMachineUpdater.java:takeSnapshot(277)) - omNode-3@group-523986131536-StateMachineUpdater: Took a snapshot at index 5
2020-06-28 10:44:20,588 [omNode-3@group-523986131536-StateMachineUpdater] INFO  impl.StateMachineUpdater (StateMachineUpdater.java:lambda$new$0(87)) - omNode-3@group-523986131536-StateMachineUpdater: snapshotIndex: updateIncreasingly -1 -> 5
2020-06-28 10:44:20,588 [omNode-3@group-523986131536-StateMachineUpdater] INFO  metrics.RatisMetrics (RatisMetrics.java:unregister(43)) - Unregistering Metrics Registry : ratis.state_machine.omNode-3@group-523986131536
2020-06-28 10:44:20,588 [Listener at 127.0.0.1/10264] INFO  impl.StateMachineUpdater (StateMachineUpdater.java:stopAndJoin(142)) - omNode-3@group-523986131536-StateMachineUpdater: set stopIndex = 5
2020-06-28 10:44:20,588 [Listener at 127.0.0.1/10264] INFO  impl.RaftServerImpl (ServerState.java:close(387)) - omNode-3@group-523986131536: closes. applyIndex: 5
2020-06-28 10:44:20,589 [omNode-3@group-523986131536-SegmentedRaftLogWorker] INFO  segmented.SegmentedRaftLogWorker (SegmentedRaftLogWorker.java:run(327)) - omNode-3@group-523986131536-SegmentedRaftLogWorker was interrupted, exiting. There are 0 tasks remaining in the queue.
2020-06-28 10:44:20,589 [Listener at 127.0.0.1/10264] INFO  segmented.SegmentedRaftLogWorker (SegmentedRaftLogWorker.java:close(234)) - omNode-3@group-523986131536-SegmentedRaftLogWorker close()
2020-06-28 10:44:20,589 [Listener at 127.0.0.1/10264] INFO  metrics.RatisMetrics (RatisMetrics.java:unregister(43)) - Unregistering Metrics Registry : ratis.log_worker.omNode-3@group-523986131536
2020-06-28 10:44:20,590 [Listener at 127.0.0.1/10264] INFO  metrics.RatisMetrics (RatisMetrics.java:unregister(43)) - Unregistering Metrics Registry : ratis.leader_election.omNode-3@group-523986131536
2020-06-28 10:44:20,590 [Listener at 127.0.0.1/10264] INFO  metrics.RatisMetrics (RatisMetrics.java:unregister(43)) - Unregistering Metrics Registry : ratis.server.omNode-3@group-523986131536
2020-06-28 10:44:20,590 [Listener at 127.0.0.1/10264] INFO  server.GrpcService (GrpcService.java:closeImpl(166)) - omNode-3: shutdown server with port 10268 now
2020-06-28 10:44:20,592 [grpc-default-executor-3] WARN  server.GrpcServerProtocolService (LogUtils.java:warn(122)) - omNode-3: installSnapshot onError, lastRequest: omNode-2->omNode-3#1-t2, previous=(t:1, i:6), leaderCommit=5, initializing? false, entries: size=1, first=(t:2, i:7), CONFIGURATIONENTRY: org.apache.ratis.thirdparty.io.grpc.StatusRuntimeException: CANCELLED: cancelled before receiving half close
2020-06-28 10:44:20,592 [grpc-default-executor-1] WARN  server.GrpcLogAppender (LogUtils.java:warn(122)) - omNode-2@group-523986131536->omNode-3-AppendLogResponseHandler: Failed appendEntries: org.apache.ratis.thirdparty.io.grpc.StatusRuntimeException: CANCELLED: HTTP/2 error code: CANCEL
Received Rst Stream
2020-06-28 10:44:20,593 [grpc-default-executor-1] INFO  impl.FollowerInfo (FollowerInfo.java:lambda$new$0(51)) - omNode-2@group-523986131536->omNode-3: nextIndex: updateUnconditionally 8 -> 1
2020-06-28 10:44:20,593 [Listener at 127.0.0.1/10264] INFO  server.GrpcService (GrpcService.java:closeImpl(174)) - omNode-3: shutdown server with port 10268 successfully
2020-06-28 10:44:20,593 [Listener at 127.0.0.1/10264] INFO  ratis.OzoneManagerDoubleBuffer (OzoneManagerDoubleBuffer.java:stop(458)) - Stopping OMDoubleBuffer flush thread
2020-06-28 10:44:20,593 [OMDoubleBufferFlushThread] INFO  ratis.OzoneManagerDoubleBuffer (OzoneManagerDoubleBuffer.java:flushTransactions(357)) - OMDoubleBuffer flush thread OMDoubleBufferFlushThread is interrupted and will exit. OMDoubleBufferFlushThread
2020-06-28 10:44:20,593 [Listener at 127.0.0.1/10264] INFO  ratis.OzoneManagerStateMachine (HadoopExecutors.java:shutdown(118)) - Gracefully shutting down executor service. Waiting max 5 SECONDS
2020-06-28 10:44:20,594 [Listener at 127.0.0.1/10264] INFO  ratis.OzoneManagerStateMachine (HadoopExecutors.java:shutdown(129)) - Succesfully shutdown executor service
2020-06-28 10:44:20,594 [Listener at 127.0.0.1/10264] INFO  ratis.OzoneManagerStateMachine (HadoopExecutors.java:shutdown(118)) - Gracefully shutting down executor service. Waiting max 5 SECONDS
2020-06-28 10:44:20,594 [Listener at 127.0.0.1/10264] INFO  ratis.OzoneManagerStateMachine (HadoopExecutors.java:shutdown(129)) - Succesfully shutdown executor service
2020-06-28 10:44:20,594 [Listener at 127.0.0.1/10264] INFO  utils.BackgroundService (BackgroundService.java:shutdown(157)) - Shutting down service KeyDeletingService
2020-06-28 10:44:20,595 [Listener at 127.0.0.1/10264] INFO  handler.ContextHandler (ContextHandler.java:doStop(1016)) - Stopped o.e.j.w.WebAppContext@7bd73c05{ozoneManager,/,null,UNAVAILABLE}{file:/github/workspace/mnt/ozone/hadoop-ozone/integration-test/target/test-classes/webapps/ozoneManager}
2020-06-28 10:44:20,595 [Listener at 127.0.0.1/10264] INFO  server.AbstractConnector (AbstractConnector.java:doStop(380)) - Stopped ServerConnector@56dc69a3{HTTP/1.1,[http/1.1]}{0.0.0.0:10266}
2020-06-28 10:44:20,595 [Listener at 127.0.0.1/10264] INFO  server.session (HouseKeeper.java:stopScavenging(158)) - node0 Stopped scavenging
2020-06-28 10:44:20,596 [Listener at 127.0.0.1/10264] INFO  handler.ContextHandler (ContextHandler.java:doStop(1016)) - Stopped o.e.j.s.ServletContextHandler@68674848{static,/static,file:///github/workspace/mnt/ozone/hadoop-ozone/integration-test/target/test-classes/webapps/static,UNAVAILABLE}
2020-06-28 10:44:20,596 [Listener at 127.0.0.1/10264] INFO  handler.ContextHandler (ContextHandler.java:doStop(1016)) - Stopped o.e.j.s.ServletContextHandler@623d2aa7{logs,/logs,file:///github/workspace/mnt/ozone/hadoop-ozone/integration-test/target/log,UNAVAILABLE}
2020-06-28 10:44:20,597 [Listener at 127.0.0.1/10264] INFO  ozone.MiniOzoneHAClusterImpl (MiniOzoneHAClusterImpl.java:stop(230)) - Stopping the OzoneManager omNode-1
2020-06-28 10:44:20,597 [Listener at 127.0.0.1/10264] INFO  ipc.Server (Server.java:stop(3359)) - Stopping server on 10252
2020-06-28 10:44:20,598 [Listener at 127.0.0.1/10264] INFO  ozone.MiniOzoneHAClusterImpl (MiniOzoneHAClusterImpl.java:stop(230)) - Stopping the OzoneManager omNode-2
2020-06-28 10:44:20,598 [Listener at 127.0.0.1/10264] INFO  ipc.Server (Server.java:stop(3359)) - Stopping server on 10258
2020-06-28 10:44:20,600 [IPC Server Responder] INFO  ipc.Server (Server.java:run(1465)) - Stopping IPC Server Responder
2020-06-28 10:44:20,601 [Listener at 127.0.0.1/10264] INFO  impl.RaftServerProxy (RaftServerProxy.java:lambda$close$4(319)) - omNode-2: close
2020-06-28 10:44:20,601 [IPC Server listener on 10258] INFO  ipc.Server (Server.java:run(1330)) - Stopping IPC Server listener on 10258
2020-06-28 10:44:20,601 [Listener at 127.0.0.1/10264] INFO  impl.RaftServerImpl (RaftServerImpl.java:lambda$shutdown$3(252)) - omNode-2@group-523986131536: shutdown
2020-06-28 10:44:20,601 [Listener at 127.0.0.1/10264] INFO  util.JmxRegister (JmxRegister.java:unregister(73)) - Successfully un-registered JMX Bean with object name Ratis:service=RaftServer,group=group-523986131536,id=omNode-2
2020-06-28 10:44:20,602 [Listener at 127.0.0.1/10264] INFO  impl.RoleInfo (RoleInfo.java:shutdownLeaderState(104)) - omNode-2: shutdown LeaderState
2020-06-28 10:44:20,602 [Listener at 127.0.0.1/10264] INFO  metrics.RatisMetrics (RatisMetrics.java:unregister(43)) - Unregistering Metrics Registry : ratis_grpc.log_appender.omNode-2@group-523986131536
2020-06-28 10:44:20,602 [Listener at 127.0.0.1/10264] INFO  metrics.RatisMetrics (RatisMetrics.java:unregister(43)) - Unregistering Metrics Registry : ratis_grpc.log_appender.omNode-2@group-523986131536
2020-06-28 10:44:20,602 [org.apache.ratis.server.impl.LogAppender$AppenderDaemon$$Lambda$341/1872186868@752d1c18] WARN  server.GrpcLogAppender (GrpcLogAppender.java:mayWait(153)) - omNode-2@group-523986131536->omNode-3-GrpcLogAppender: Wait interrupted by java.lang.InterruptedException
2020-06-28 10:44:20,603 [Listener at 127.0.0.1/10264] INFO  impl.PendingRequests (PendingRequests.java:sendNotLeaderResponses(249)) - omNode-2@group-523986131536-PendingRequests: sendNotLeaderResponses
2020-06-28 10:44:20,603 [org.apache.ratis.server.impl.LogAppender$AppenderDaemon$$Lambda$341/1872186868@3f4cd77c] WARN  server.GrpcLogAppender (GrpcLogAppender.java:mayWait(153)) - omNode-2@group-523986131536->omNode-1-GrpcLogAppender: Wait interrupted by java.lang.InterruptedException
2020-06-28 10:44:20,604 [Listener at 127.0.0.1/10264] INFO  metrics.RatisMetrics (RatisMetrics.java:unregister(43)) - Unregistering Metrics Registry : ratis.log_appender.omNode-2@group-523986131536
2020-06-28 10:44:20,605 [Listener at 127.0.0.1/10264] INFO  metrics.RatisMetrics (RatisMetrics.java:unregister(43)) - Unregistering Metrics Registry : ratis.server.omNode-2@group-523986131536
2020-06-28 10:44:20,605 [Listener at 127.0.0.1/10264] INFO  impl.StateMachineUpdater (StateMachineUpdater.java:stopAndJoin(142)) - omNode-2@group-523986131536-StateMachineUpdater: set stopIndex = 5
2020-06-28 10:44:20,605 [omNode-2@group-523986131536-StateMachineUpdater] INFO  ratis.OzoneManagerStateMachine (OzoneManagerStateMachine.java:takeSnapshot(355)) - Current Snapshot Index (t:1, i:5)
2020-06-28 10:44:20,605 [omNode-2@group-523986131536-StateMachineUpdater] INFO  impl.StateMachineUpdater (StateMachineUpdater.java:takeSnapshot(277)) - omNode-2@group-523986131536-StateMachineUpdater: Took a snapshot at index 5
2020-06-28 10:44:20,605 [omNode-2@group-523986131536-StateMachineUpdater] INFO  impl.StateMachineUpdater (StateMachineUpdater.java:lambda$new$0(87)) - omNode-2@group-523986131536-StateMachineUpdater: snapshotIndex: updateIncreasingly -1 -> 5
2020-06-28 10:44:20,605 [omNode-2@group-523986131536-StateMachineUpdater] INFO  metrics.RatisMetrics (RatisMetrics.java:unregister(43)) - Unregistering Metrics Registry : ratis.state_machine.omNode-2@group-523986131536
2020-06-28 10:44:20,606 [Listener at 127.0.0.1/10264] INFO  impl.RaftServerImpl (ServerState.java:close(387)) - omNode-2@group-523986131536: closes. applyIndex: 5
2020-06-28 10:44:20,607 [omNode-2@group-523986131536-SegmentedRaftLogWorker] INFO  segmented.SegmentedRaftLogWorker (SegmentedRaftLogWorker.java:run(327)) - omNode-2@group-523986131536-SegmentedRaftLogWorker was interrupted, exiting. There are 0 tasks remaining in the queue.
2020-06-28 10:44:20,607 [Listener at 127.0.0.1/10264] INFO  segmented.SegmentedRaftLogWorker (SegmentedRaftLogWorker.java:close(234)) - omNode-2@group-523986131536-SegmentedRaftLogWorker close()
2020-06-28 10:44:20,607 [Listener at 127.0.0.1/10264] INFO  metrics.RatisMetrics (RatisMetrics.java:unregister(43)) - Unregistering Metrics Registry : ratis.log_worker.omNode-2@group-523986131536
2020-06-28 10:44:20,607 [Listener at 127.0.0.1/10264] INFO  metrics.RatisMetrics (RatisMetrics.java:unregister(43)) - Unregistering Metrics Registry : ratis.leader_election.omNode-2@group-523986131536
2020-06-28 10:44:20,607 [Listener at 127.0.0.1/10264] INFO  metrics.RatisMetrics (RatisMetrics.java:unregister(43)) - Unregistering Metrics Registry : ratis.server.omNode-2@group-523986131536
2020-06-28 10:44:20,608 [Listener at 127.0.0.1/10264] INFO  server.GrpcService (GrpcService.java:closeImpl(166)) - omNode-2: shutdown server with port 10262 now
2020-06-28 10:44:20,608 [Listener at 127.0.0.1/10264] INFO  server.GrpcService (GrpcService.java:closeImpl(174)) - omNode-2: shutdown server with port 10262 successfully
2020-06-28 10:44:20,608 [Listener at 127.0.0.1/10264] INFO  ratis.OzoneManagerDoubleBuffer (OzoneManagerDoubleBuffer.java:stop(458)) - Stopping OMDoubleBuffer flush thread
2020-06-28 10:44:20,608 [OMDoubleBufferFlushThread] INFO  ratis.OzoneManagerDoubleBuffer (OzoneManagerDoubleBuffer.java:flushTransactions(357)) - OMDoubleBuffer flush thread OMDoubleBufferFlushThread is interrupted and will exit. OMDoubleBufferFlushThread
2020-06-28 10:44:20,608 [Listener at 127.0.0.1/10264] INFO  ratis.OzoneManagerStateMachine (HadoopExecutors.java:shutdown(118)) - Gracefully shutting down executor service. Waiting max 5 SECONDS
2020-06-28 10:44:20,608 [Listener at 127.0.0.1/10264] INFO  ratis.OzoneManagerStateMachine (HadoopExecutors.java:shutdown(129)) - Succesfully shutdown executor service
2020-06-28 10:44:20,608 [Listener at 127.0.0.1/10264] INFO  ratis.OzoneManagerStateMachine (HadoopExecutors.java:shutdown(118)) - Gracefully shutting down executor service. Waiting max 5 SECONDS
2020-06-28 10:44:20,608 [Listener at 127.0.0.1/10264] INFO  ratis.OzoneManagerStateMachine (HadoopExecutors.java:shutdown(129)) - Succesfully shutdown executor service
2020-06-28 10:44:20,608 [Listener at 127.0.0.1/10264] INFO  utils.BackgroundService (BackgroundService.java:shutdown(157)) - Shutting down service KeyDeletingService
2020-06-28 10:44:20,609 [Listener at 127.0.0.1/10264] INFO  handler.ContextHandler (ContextHandler.java:doStop(1016)) - Stopped o.e.j.w.WebAppContext@13bc1a43{ozoneManager,/,null,UNAVAILABLE}{file:/github/workspace/mnt/ozone/hadoop-ozone/integration-test/target/test-classes/webapps/ozoneManager}
2020-06-28 10:44:20,610 [Listener at 127.0.0.1/10264] INFO  server.AbstractConnector (AbstractConnector.java:doStop(380)) - Stopped ServerConnector@3a215dd1{HTTP/1.1,[http/1.1]}{0.0.0.0:10260}
2020-06-28 10:44:20,610 [Listener at 127.0.0.1/10264] INFO  server.session (HouseKeeper.java:stopScavenging(158)) - node0 Stopped scavenging
2020-06-28 10:44:20,610 [Listener at 127.0.0.1/10264] INFO  handler.ContextHandler (ContextHandler.java:doStop(1016)) - Stopped o.e.j.s.ServletContextHandler@3eefdc05{static,/static,file:///github/workspace/mnt/ozone/hadoop-ozone/integration-test/target/test-classes/webapps/static,UNAVAILABLE}
2020-06-28 10:44:20,610 [Listener at 127.0.0.1/10264] INFO  handler.ContextHandler (ContextHandler.java:doStop(1016)) - Stopped o.e.j.s.ServletContextHandler@60f5814e{logs,/logs,file:///github/workspace/mnt/ozone/hadoop-ozone/integration-test/target/log,UNAVAILABLE}
2020-06-28 10:44:20,612 [Listener at 127.0.0.1/10264] INFO  ozone.MiniOzoneClusterImpl (MiniOzoneClusterImpl.java:stop(402)) - Stopping the Mini Ozone Cluster
2020-06-28 10:44:20,612 [Listener at 127.0.0.1/10264] INFO  ozone.MiniOzoneClusterImpl (MiniOzoneClusterImpl.java:stopDatanodes(461)) - Stopping the HddsDatanodes
2020-06-28 10:44:21,424 [Datanode State Machine Thread - 0] INFO  statemachine.DatanodeStateMachine (DatanodeStateMachine.java:lambda$startDaemon$0(380)) - Ozone container server started.
2020-06-28 10:44:21,519 [Datanode State Machine Thread - 0] INFO  statemachine.DatanodeStateMachine (DatanodeStateMachine.java:lambda$startDaemon$0(380)) - Ozone container server started.
2020-06-28 10:44:23,061 [grpc-default-executor-1] DEBUG server.GrpcLogAppender (GrpcLogAppender.java:onNext(257)) - 8ea79bce-3765-45eb-b2d3-535100c914cf@group-934E6379BBC7->25e14e54-dedc-49b5-a0d9-9290319fa0de-AppendLogResponseHandler: received a reply 8ea79bce-3765-45eb-b2d3-535100c914cf<-25e14e54-dedc-49b5-a0d9-9290319fa0de#12:OK,SUCCESS,nextIndex:1,term:1,followerCommit:0, request=AppendEntriesRequest:cid=12,entriesCount=0,lastEntry=null
2020-06-28 10:44:23,062 [grpc-default-executor-1] DEBUG server.GrpcLogAppender (GrpcLogAppender.java:onNext(257)) - 8ea79bce-3765-45eb-b2d3-535100c914cf@group-934E6379BBC7->8da610d4-c262-4b40-863f-7000a32f6a27-AppendLogResponseHandler: received a reply 8ea79bce-3765-45eb-b2d3-535100c914cf<-8da610d4-c262-4b40-863f-7000a32f6a27#12:OK,SUCCESS,nextIndex:1,term:1,followerCommit:0, request=AppendEntriesRequest:cid=12,entriesCount=0,lastEntry=null
2020-06-28 10:44:25,562 [grpc-default-executor-0] DEBUG server.GrpcLogAppender (GrpcLogAppender.java:onNext(257)) - 8ea79bce-3765-45eb-b2d3-535100c914cf@group-934E6379BBC7->25e14e54-dedc-49b5-a0d9-9290319fa0de-AppendLogResponseHandler: received a reply 8ea79bce-3765-45eb-b2d3-535100c914cf<-25e14e54-dedc-49b5-a0d9-9290319fa0de#13:OK,SUCCESS,nextIndex:1,term:1,followerCommit:0, request=AppendEntriesRequest:cid=13,entriesCount=0,lastEntry=null
2020-06-28 10:44:25,563 [grpc-default-executor-0] DEBUG server.GrpcLogAppender (GrpcLogAppender.java:onNext(257)) - 8ea79bce-3765-45eb-b2d3-535100c914cf@group-934E6379BBC7->8da610d4-c262-4b40-863f-7000a32f6a27-AppendLogResponseHandler: received a reply 8ea79bce-3765-45eb-b2d3-535100c914cf<-8da610d4-c262-4b40-863f-7000a32f6a27#13:OK,SUCCESS,nextIndex:1,term:1,followerCommit:0, request=AppendEntriesRequest:cid=13,entriesCount=0,lastEntry=null
2020-06-28 10:44:25,612 [Listener at 127.0.0.1/10264] INFO  ozoneimpl.OzoneContainer (OzoneContainer.java:stop(246)) - Attempting to stop container services.
2020-06-28 10:44:25,612 [ForkJoinPool.commonPool-worker-1] INFO  ozoneimpl.OzoneContainer (OzoneContainer.java:stop(246)) - Attempting to stop container services.
2020-06-28 10:44:25,613 [ForkJoinPool.commonPool-worker-1] INFO  impl.RaftServerProxy (RaftServerProxy.java:lambda$close$4(319)) - 8da610d4-c262-4b40-863f-7000a32f6a27: close
2020-06-28 10:44:25,613 [ForkJoinPool.commonPool-worker-1] INFO  impl.RaftServerImpl (RaftServerImpl.java:lambda$shutdown$3(252)) - 8da610d4-c262-4b40-863f-7000a32f6a27@group-934E6379BBC7: shutdown
2020-06-28 10:44:25,613 [ForkJoinPool.commonPool-worker-1] INFO  util.JmxRegister (JmxRegister.java:unregister(73)) - Successfully un-registered JMX Bean with object name Ratis:service=RaftServer,group=group-934E6379BBC7,id=8da610d4-c262-4b40-863f-7000a32f6a27
2020-06-28 10:44:25,613 [ForkJoinPool.commonPool-worker-1] INFO  impl.RoleInfo (RoleInfo.java:shutdownFollowerState(121)) - 8da610d4-c262-4b40-863f-7000a32f6a27: shutdown FollowerState
2020-06-28 10:44:25,613 [ForkJoinPool.commonPool-worker-1] INFO  impl.StateMachineUpdater (StateMachineUpdater.java:stopAndJoin(142)) - 8da610d4-c262-4b40-863f-7000a32f6a27@group-934E6379BBC7-StateMachineUpdater: set stopIndex = 0
2020-06-28 10:44:25,613 [Thread-1732] INFO  impl.FollowerState (FollowerState.java:run(117)) - 8da610d4-c262-4b40-863f-7000a32f6a27@group-934E6379BBC7-FollowerState was interrupted: java.lang.InterruptedException: sleep interrupted
2020-06-28 10:44:25,614 [8da610d4-c262-4b40-863f-7000a32f6a27@group-934E6379BBC7-StateMachineUpdater] INFO  ratis.ContainerStateMachine (ContainerStateMachine.java:takeSnapshot(294)) - group-934E6379BBC7: Taking a snapshot at:(t:1, i:0) file /github/workspace/mnt/ozone/hadoop-ozone/integration-test/target/test-dir/MiniOzoneClusterImpl-70ff22f2-c74d-429a-be4f-7513cb1d4b7b/datanode-0/data/ratis/bdfe4f9d-1ccc-4f14-805a-934e6379bbc7/sm/snapshot.1_0
2020-06-28 10:44:25,613 [Listener at 127.0.0.1/10264] INFO  impl.RaftServerProxy (RaftServerProxy.java:lambda$close$4(319)) - 25e14e54-dedc-49b5-a0d9-9290319fa0de: close
2020-06-28 10:44:25,614 [Listener at 127.0.0.1/10264] INFO  impl.RaftServerImpl (RaftServerImpl.java:lambda$shutdown$3(252)) - 25e14e54-dedc-49b5-a0d9-9290319fa0de@group-934E6379BBC7: shutdown
2020-06-28 10:44:25,614 [Listener at 127.0.0.1/10264] INFO  util.JmxRegister (JmxRegister.java:unregister(73)) - Successfully un-registered JMX Bean with object name Ratis:service=RaftServer,group=group-934E6379BBC7,id=25e14e54-dedc-49b5-a0d9-9290319fa0de
2020-06-28 10:44:25,614 [Listener at 127.0.0.1/10264] INFO  impl.RoleInfo (RoleInfo.java:shutdownFollowerState(121)) - 25e14e54-dedc-49b5-a0d9-9290319fa0de: shutdown FollowerState
2020-06-28 10:44:25,614 [Listener at 127.0.0.1/10264] INFO  impl.StateMachineUpdater (StateMachineUpdater.java:stopAndJoin(142)) - 25e14e54-dedc-49b5-a0d9-9290319fa0de@group-934E6379BBC7-StateMachineUpdater: set stopIndex = 0
2020-06-28 10:44:25,615 [Thread-1731] INFO  impl.FollowerState (FollowerState.java:run(117)) - 25e14e54-dedc-49b5-a0d9-9290319fa0de@group-934E6379BBC7-FollowerState was interrupted: java.lang.InterruptedException: sleep interrupted
2020-06-28 10:44:25,615 [25e14e54-dedc-49b5-a0d9-9290319fa0de@group-934E6379BBC7-StateMachineUpdater] INFO  ratis.ContainerStateMachine (ContainerStateMachine.java:takeSnapshot(294)) - group-934E6379BBC7: Taking a snapshot at:(t:1, i:0) file /github/workspace/mnt/ozone/hadoop-ozone/integration-test/target/test-dir/MiniOzoneClusterImpl-70ff22f2-c74d-429a-be4f-7513cb1d4b7b/datanode-1/data/ratis/bdfe4f9d-1ccc-4f14-805a-934e6379bbc7/sm/snapshot.1_0
2020-06-28 10:44:25,615 [8da610d4-c262-4b40-863f-7000a32f6a27@group-934E6379BBC7-StateMachineUpdater] INFO  ratis.ContainerStateMachine (ContainerStateMachine.java:takeSnapshot(305)) - group-934E6379BBC7: Finished taking a snapshot at:(t:1, i:0) file:/github/workspace/mnt/ozone/hadoop-ozone/integration-test/target/test-dir/MiniOzoneClusterImpl-70ff22f2-c74d-429a-be4f-7513cb1d4b7b/datanode-0/data/ratis/bdfe4f9d-1ccc-4f14-805a-934e6379bbc7/sm/snapshot.1_0 time:1
2020-06-28 10:44:25,615 [8da610d4-c262-4b40-863f-7000a32f6a27@group-934E6379BBC7-StateMachineUpdater] INFO  impl.StateMachineUpdater (StateMachineUpdater.java:takeSnapshot(277)) - 8da610d4-c262-4b40-863f-7000a32f6a27@group-934E6379BBC7-StateMachineUpdater: Took a snapshot at index 0
2020-06-28 10:44:25,615 [8da610d4-c262-4b40-863f-7000a32f6a27@group-934E6379BBC7-StateMachineUpdater] INFO  impl.StateMachineUpdater (StateMachineUpdater.java:lambda$new$0(87)) - 8da610d4-c262-4b40-863f-7000a32f6a27@group-934E6379BBC7-StateMachineUpdater: snapshotIndex: updateIncreasingly -1 -> 0
2020-06-28 10:44:25,615 [8da610d4-c262-4b40-863f-7000a32f6a27@group-934E6379BBC7-StateMachineUpdater] INFO  metrics.RatisMetrics (RatisMetrics.java:unregister(43)) - Unregistering Metrics Registry : ratis.state_machine.8da610d4-c262-4b40-863f-7000a32f6a27@group-934E6379BBC7
2020-06-28 10:44:25,616 [ForkJoinPool.commonPool-worker-1] INFO  impl.RaftServerImpl (ServerState.java:close(387)) - 8da610d4-c262-4b40-863f-7000a32f6a27@group-934E6379BBC7: closes. applyIndex: 0
2020-06-28 10:44:25,616 [25e14e54-dedc-49b5-a0d9-9290319fa0de@group-934E6379BBC7-StateMachineUpdater] INFO  ratis.ContainerStateMachine (ContainerStateMachine.java:takeSnapshot(305)) - group-934E6379BBC7: Finished taking a snapshot at:(t:1, i:0) file:/github/workspace/mnt/ozone/hadoop-ozone/integration-test/target/test-dir/MiniOzoneClusterImpl-70ff22f2-c74d-429a-be4f-7513cb1d4b7b/datanode-1/data/ratis/bdfe4f9d-1ccc-4f14-805a-934e6379bbc7/sm/snapshot.1_0 time:1
2020-06-28 10:44:25,616 [8da610d4-c262-4b40-863f-7000a32f6a27@group-934E6379BBC7-SegmentedRaftLogWorker] INFO  segmented.SegmentedRaftLogWorker (SegmentedRaftLogWorker.java:run(327)) - 8da610d4-c262-4b40-863f-7000a32f6a27@group-934E6379BBC7-SegmentedRaftLogWorker was interrupted, exiting. There are 0 tasks remaining in the queue.
2020-06-28 10:44:25,616 [25e14e54-dedc-49b5-a0d9-9290319fa0de@group-934E6379BBC7-StateMachineUpdater] INFO  impl.StateMachineUpdater (StateMachineUpdater.java:takeSnapshot(277)) - 25e14e54-dedc-49b5-a0d9-9290319fa0de@group-934E6379BBC7-StateMachineUpdater: Took a snapshot at index 0
2020-06-28 10:44:25,616 [25e14e54-dedc-49b5-a0d9-9290319fa0de@group-934E6379BBC7-StateMachineUpdater] INFO  impl.StateMachineUpdater (StateMachineUpdater.java:lambda$new$0(87)) - 25e14e54-dedc-49b5-a0d9-9290319fa0de@group-934E6379BBC7-StateMachineUpdater: snapshotIndex: updateIncreasingly -1 -> 0
2020-06-28 10:44:25,616 [ForkJoinPool.commonPool-worker-1] INFO  segmented.SegmentedRaftLogWorker (SegmentedRaftLogWorker.java:close(234)) - 8da610d4-c262-4b40-863f-7000a32f6a27@group-934E6379BBC7-SegmentedRaftLogWorker close()
2020-06-28 10:44:25,616 [25e14e54-dedc-49b5-a0d9-9290319fa0de@group-934E6379BBC7-StateMachineUpdater] INFO  metrics.RatisMetrics (RatisMetrics.java:unregister(43)) - Unregistering Metrics Registry : ratis.state_machine.25e14e54-dedc-49b5-a0d9-9290319fa0de@group-934E6379BBC7
2020-06-28 10:44:25,617 [ForkJoinPool.commonPool-worker-1] INFO  metrics.RatisMetrics (RatisMetrics.java:unregister(43)) - Unregistering Metrics Registry : ratis.log_worker.8da610d4-c262-4b40-863f-7000a32f6a27@group-934E6379BBC7
2020-06-28 10:44:25,617 [ForkJoinPool.commonPool-worker-1] INFO  metrics.RatisMetrics (RatisMetrics.java:unregister(43)) - Unregistering Metrics Registry : ratis.leader_election.8da610d4-c262-4b40-863f-7000a32f6a27@group-934E6379BBC7
2020-06-28 10:44:25,617 [ForkJoinPool.commonPool-worker-1] INFO  metrics.RatisMetrics (RatisMetrics.java:unregister(43)) - Unregistering Metrics Registry : ratis.server.8da610d4-c262-4b40-863f-7000a32f6a27@group-934E6379BBC7
2020-06-28 10:44:25,618 [ForkJoinPool.commonPool-worker-1] INFO  impl.RaftServerImpl (RaftServerImpl.java:lambda$shutdown$3(252)) - 8da610d4-c262-4b40-863f-7000a32f6a27@group-34B2AF571221: shutdown
2020-06-28 10:44:25,618 [ForkJoinPool.commonPool-worker-1] INFO  util.JmxRegister (JmxRegister.java:unregister(73)) - Successfully un-registered JMX Bean with object name Ratis:service=RaftServer,group=group-34B2AF571221,id=8da610d4-c262-4b40-863f-7000a32f6a27
2020-06-28 10:44:25,618 [ForkJoinPool.commonPool-worker-1] INFO  impl.RoleInfo (RoleInfo.java:shutdownLeaderState(104)) - 8da610d4-c262-4b40-863f-7000a32f6a27: shutdown LeaderState
2020-06-28 10:44:25,618 [ForkJoinPool.commonPool-worker-1] INFO  impl.PendingRequests (PendingRequests.java:sendNotLeaderResponses(249)) - 8da610d4-c262-4b40-863f-7000a32f6a27@group-34B2AF571221-PendingRequests: sendNotLeaderResponses
2020-06-28 10:44:25,618 [ForkJoinPool.commonPool-worker-1] INFO  metrics.RatisMetrics (RatisMetrics.java:unregister(43)) - Unregistering Metrics Registry : ratis.log_appender.8da610d4-c262-4b40-863f-7000a32f6a27@group-34B2AF571221
2020-06-28 10:44:25,618 [ForkJoinPool.commonPool-worker-1] INFO  metrics.RatisMetrics (RatisMetrics.java:unregister(43)) - Unregistering Metrics Registry : ratis.server.8da610d4-c262-4b40-863f-7000a32f6a27@group-34B2AF571221
2020-06-28 10:44:25,619 [ForkJoinPool.commonPool-worker-1] INFO  impl.StateMachineUpdater (StateMachineUpdater.java:stopAndJoin(142)) - 8da610d4-c262-4b40-863f-7000a32f6a27@group-34B2AF571221-StateMachineUpdater: set stopIndex = 0
2020-06-28 10:44:25,617 [Listener at 127.0.0.1/10264] INFO  impl.RaftServerImpl (ServerState.java:close(387)) - 25e14e54-dedc-49b5-a0d9-9290319fa0de@group-934E6379BBC7: closes. applyIndex: 0
2020-06-28 10:44:25,619 [8da610d4-c262-4b40-863f-7000a32f6a27@group-34B2AF571221-StateMachineUpdater] INFO  ratis.ContainerStateMachine (ContainerStateMachine.java:takeSnapshot(294)) - group-34B2AF571221: Taking a snapshot at:(t:1, i:0) file /github/workspace/mnt/ozone/hadoop-ozone/integration-test/target/test-dir/MiniOzoneClusterImpl-70ff22f2-c74d-429a-be4f-7513cb1d4b7b/datanode-0/data/ratis/54d58908-cfa9-440a-b4a6-34b2af571221/sm/snapshot.1_0
2020-06-28 10:44:25,619 [25e14e54-dedc-49b5-a0d9-9290319fa0de@group-934E6379BBC7-SegmentedRaftLogWorker] INFO  segmented.SegmentedRaftLogWorker (SegmentedRaftLogWorker.java:run(327)) - 25e14e54-dedc-49b5-a0d9-9290319fa0de@group-934E6379BBC7-SegmentedRaftLogWorker was interrupted, exiting. There are 0 tasks remaining in the queue.
2020-06-28 10:44:25,620 [Listener at 127.0.0.1/10264] INFO  segmented.SegmentedRaftLogWorker (SegmentedRaftLogWorker.java:close(234)) - 25e14e54-dedc-49b5-a0d9-9290319fa0de@group-934E6379BBC7-SegmentedRaftLogWorker close()
2020-06-28 10:44:25,620 [8da610d4-c262-4b40-863f-7000a32f6a27@group-34B2AF571221-StateMachineUpdater] INFO  ratis.ContainerStateMachine (ContainerStateMachine.java:takeSnapshot(305)) - group-34B2AF571221: Finished taking a snapshot at:(t:1, i:0) file:/github/workspace/mnt/ozone/hadoop-ozone/integration-test/target/test-dir/MiniOzoneClusterImpl-70ff22f2-c74d-429a-be4f-7513cb1d4b7b/datanode-0/data/ratis/54d58908-cfa9-440a-b4a6-34b2af571221/sm/snapshot.1_0 time:1
2020-06-28 10:44:25,620 [8da610d4-c262-4b40-863f-7000a32f6a27@group-34B2AF571221-StateMachineUpdater] INFO  impl.StateMachineUpdater (StateMachineUpdater.java:takeSnapshot(277)) - 8da610d4-c262-4b40-863f-7000a32f6a27@group-34B2AF571221-StateMachineUpdater: Took a snapshot at index 0
2020-06-28 10:44:25,620 [8da610d4-c262-4b40-863f-7000a32f6a27@group-34B2AF571221-StateMachineUpdater] INFO  impl.StateMachineUpdater (StateMachineUpdater.java:lambda$new$0(87)) - 8da610d4-c262-4b40-863f-7000a32f6a27@group-34B2AF571221-StateMachineUpdater: snapshotIndex: updateIncreasingly -1 -> 0
2020-06-28 10:44:25,620 [8da610d4-c262-4b40-863f-7000a32f6a27@group-34B2AF571221-StateMachineUpdater] INFO  metrics.RatisMetrics (RatisMetrics.java:unregister(43)) - Unregistering Metrics Registry : ratis.state_machine.8da610d4-c262-4b40-863f-7000a32f6a27@group-34B2AF571221
2020-06-28 10:44:25,620 [ForkJoinPool.commonPool-worker-1] INFO  impl.RaftServerImpl (ServerState.java:close(387)) - 8da610d4-c262-4b40-863f-7000a32f6a27@group-34B2AF571221: closes. applyIndex: 0
2020-06-28 10:44:25,621 [Listener at 127.0.0.1/10264] INFO  metrics.RatisMetrics (RatisMetrics.java:unregister(43)) - Unregistering Metrics Registry : ratis.log_worker.25e14e54-dedc-49b5-a0d9-9290319fa0de@group-934E6379BBC7
2020-06-28 10:44:25,621 [8da610d4-c262-4b40-863f-7000a32f6a27@group-34B2AF571221-SegmentedRaftLogWorker] INFO  segmented.SegmentedRaftLogWorker (SegmentedRaftLogWorker.java:run(327)) - 8da610d4-c262-4b40-863f-7000a32f6a27@group-34B2AF571221-SegmentedRaftLogWorker was interrupted, exiting. There are 0 tasks remaining in the queue.
2020-06-28 10:44:25,621 [Listener at 127.0.0.1/10264] INFO  metrics.RatisMetrics (RatisMetrics.java:unregister(43)) - Unregistering Metrics Registry : ratis.leader_election.25e14e54-dedc-49b5-a0d9-9290319fa0de@group-934E6379BBC7
2020-06-28 10:44:25,621 [Listener at 127.0.0.1/10264] INFO  metrics.RatisMetrics (RatisMetrics.java:unregister(43)) - Unregistering Metrics Registry : ratis.server.25e14e54-dedc-49b5-a0d9-9290319fa0de@group-934E6379BBC7
2020-06-28 10:44:25,621 [ForkJoinPool.commonPool-worker-1] INFO  segmented.SegmentedRaftLogWorker (SegmentedRaftLogWorker.java:close(234)) - 8da610d4-c262-4b40-863f-7000a32f6a27@group-34B2AF571221-SegmentedRaftLogWorker close()
2020-06-28 10:44:25,621 [Listener at 127.0.0.1/10264] INFO  impl.RaftServerImpl (RaftServerImpl.java:lambda$shutdown$3(252)) - 25e14e54-dedc-49b5-a0d9-9290319fa0de@group-4F34877857B4: shutdown
2020-06-28 10:44:25,621 [ForkJoinPool.commonPool-worker-1] INFO  metrics.RatisMetrics (RatisMetrics.java:unregister(43)) - Unregistering Metrics Registry : ratis.log_worker.8da610d4-c262-4b40-863f-7000a32f6a27@group-34B2AF571221
2020-06-28 10:44:25,622 [Listener at 127.0.0.1/10264] INFO  util.JmxRegister (JmxRegister.java:unregister(73)) - Successfully un-registered JMX Bean with object name Ratis:service=RaftServer,group=group-4F34877857B4,id=25e14e54-dedc-49b5-a0d9-9290319fa0de
2020-06-28 10:44:25,622 [ForkJoinPool.commonPool-worker-1] INFO  metrics.RatisMetrics (RatisMetrics.java:unregister(43)) - Unregistering Metrics Registry : ratis.leader_election.8da610d4-c262-4b40-863f-7000a32f6a27@group-34B2AF571221
2020-06-28 10:44:25,622 [ForkJoinPool.commonPool-worker-1] INFO  metrics.RatisMetrics (RatisMetrics.java:unregister(43)) - Unregistering Metrics Registry : ratis.server.8da610d4-c262-4b40-863f-7000a32f6a27@group-34B2AF571221
2020-06-28 10:44:25,622 [ForkJoinPool.commonPool-worker-1] INFO  server.GrpcService (GrpcService.java:closeImpl(166)) - 8da610d4-c262-4b40-863f-7000a32f6a27: shutdown server with port 40217 now
2020-06-28 10:44:25,622 [Listener at 127.0.0.1/10264] INFO  impl.RoleInfo (RoleInfo.java:shutdownLeaderState(104)) - 25e14e54-dedc-49b5-a0d9-9290319fa0de: shutdown LeaderState
2020-06-28 10:44:25,622 [Listener at 127.0.0.1/10264] INFO  impl.PendingRequests (PendingRequests.java:sendNotLeaderResponses(249)) - 25e14e54-dedc-49b5-a0d9-9290319fa0de@group-4F34877857B4-PendingRequests: sendNotLeaderResponses
2020-06-28 10:44:25,623 [Listener at 127.0.0.1/10264] INFO  metrics.RatisMetrics (RatisMetrics.java:unregister(43)) - Unregistering Metrics Registry : ratis.log_appender.25e14e54-dedc-49b5-a0d9-9290319fa0de@group-4F34877857B4
2020-06-28 10:44:25,623 [Listener at 127.0.0.1/10264] INFO  metrics.RatisMetrics (RatisMetrics.java:unregister(43)) - Unregistering Metrics Registry : ratis.server.25e14e54-dedc-49b5-a0d9-9290319fa0de@group-4F34877857B4
2020-06-28 10:44:25,623 [Listener at 127.0.0.1/10264] INFO  impl.StateMachineUpdater (StateMachineUpdater.java:stopAndJoin(142)) - 25e14e54-dedc-49b5-a0d9-9290319fa0de@group-4F34877857B4-StateMachineUpdater: set stopIndex = 0
2020-06-28 10:44:25,624 [25e14e54-dedc-49b5-a0d9-9290319fa0de@group-4F34877857B4-StateMachineUpdater] INFO  ratis.ContainerStateMachine (ContainerStateMachine.java:takeSnapshot(294)) - group-4F34877857B4: Taking a snapshot at:(t:1, i:0) file /github/workspace/mnt/ozone/hadoop-ozone/integration-test/target/test-dir/MiniOzoneClusterImpl-70ff22f2-c74d-429a-be4f-7513cb1d4b7b/datanode-1/data/ratis/3aae9f4f-b2c8-4f86-ad5b-4f34877857b4/sm/snapshot.1_0
2020-06-28 10:44:25,625 [grpc-default-executor-1] WARN  server.GrpcServerProtocolService (LogUtils.java:warn(122)) - 8da610d4-c262-4b40-863f-7000a32f6a27: installSnapshot onError, lastRequest: 8ea79bce-3765-45eb-b2d3-535100c914cf->8da610d4-c262-4b40-863f-7000a32f6a27#1-t1, previous=(t:0, i:0), leaderCommit=0, initializing? false, entries: size=1, first=(t:1, i:0), CONFIGURATIONENTRY: org.apache.ratis.thirdparty.io.grpc.StatusRuntimeException: CANCELLED: cancelled before receiving half close
2020-06-28 10:44:25,625 [ForkJoinPool.commonPool-worker-1] INFO  server.GrpcService (GrpcService.java:closeImpl(174)) - 8da610d4-c262-4b40-863f-7000a32f6a27: shutdown server with port 40217 successfully
2020-06-28 10:44:25,625 [25e14e54-dedc-49b5-a0d9-9290319fa0de@group-4F34877857B4-StateMachineUpdater] INFO  ratis.ContainerStateMachine (ContainerStateMachine.java:takeSnapshot(305)) - group-4F34877857B4: Finished taking a snapshot at:(t:1, i:0) file:/github/workspace/mnt/ozone/hadoop-ozone/integration-test/target/test-dir/MiniOzoneClusterImpl-70ff22f2-c74d-429a-be4f-7513cb1d4b7b/datanode-1/data/ratis/3aae9f4f-b2c8-4f86-ad5b-4f34877857b4/sm/snapshot.1_0 time:2
2020-06-28 10:44:25,625 [25e14e54-dedc-49b5-a0d9-9290319fa0de@group-4F34877857B4-StateMachineUpdater] INFO  impl.StateMachineUpdater (StateMachineUpdater.java:takeSnapshot(277)) - 25e14e54-dedc-49b5-a0d9-9290319fa0de@group-4F34877857B4-StateMachineUpdater: Took a snapshot at index 0
2020-06-28 10:44:25,626 [25e14e54-dedc-49b5-a0d9-9290319fa0de@group-4F34877857B4-StateMachineUpdater] INFO  impl.StateMachineUpdater (StateMachineUpdater.java:lambda$new$0(87)) - 25e14e54-dedc-49b5-a0d9-9290319fa0de@group-4F34877857B4-StateMachineUpdater: snapshotIndex: updateIncreasingly -1 -> 0
2020-06-28 10:44:25,626 [25e14e54-dedc-49b5-a0d9-9290319fa0de@group-4F34877857B4-StateMachineUpdater] INFO  metrics.RatisMetrics (RatisMetrics.java:unregister(43)) - Unregistering Metrics Registry : ratis.state_machine.25e14e54-dedc-49b5-a0d9-9290319fa0de@group-4F34877857B4
2020-06-28 10:44:25,626 [grpc-default-executor-1] WARN  server.GrpcLogAppender (LogUtils.java:warn(122)) - 8ea79bce-3765-45eb-b2d3-535100c914cf@group-934E6379BBC7->8da610d4-c262-4b40-863f-7000a32f6a27-AppendLogResponseHandler: Failed appendEntries: org.apache.ratis.thirdparty.io.grpc.StatusRuntimeException: CANCELLED: HTTP/2 error code: CANCEL
Received Rst Stream
2020-06-28 10:44:25,626 [grpc-default-executor-1] INFO  impl.FollowerInfo (FollowerInfo.java:lambda$new$0(51)) - 8ea79bce-3765-45eb-b2d3-535100c914cf@group-934E6379BBC7->8da610d4-c262-4b40-863f-7000a32f6a27: nextIndex: updateUnconditionally 1 -> 0
2020-06-28 10:44:25,627 [Listener at 127.0.0.1/10264] INFO  impl.RaftServerImpl (ServerState.java:close(387)) - 25e14e54-dedc-49b5-a0d9-9290319fa0de@group-4F34877857B4: closes. applyIndex: 0
2020-06-28 10:44:25,627 [25e14e54-dedc-49b5-a0d9-9290319fa0de@group-4F34877857B4-SegmentedRaftLogWorker] INFO  segmented.SegmentedRaftLogWorker (SegmentedRaftLogWorker.java:run(327)) - 25e14e54-dedc-49b5-a0d9-9290319fa0de@group-4F34877857B4-SegmentedRaftLogWorker was interrupted, exiting. There are 0 tasks remaining in the queue.
2020-06-28 10:44:25,628 [Listener at 127.0.0.1/10264] INFO  segmented.SegmentedRaftLogWorker (SegmentedRaftLogWorker.java:close(234)) - 25e14e54-dedc-49b5-a0d9-9290319fa0de@group-4F34877857B4-SegmentedRaftLogWorker close()
2020-06-28 10:44:25,627 [ForkJoinPool.commonPool-worker-1] INFO  utils.BackgroundService (BackgroundService.java:shutdown(157)) - Shutting down service BlockDeletingService
2020-06-28 10:44:25,635 [Listener at 127.0.0.1/10264] INFO  metrics.RatisMetrics (RatisMetrics.java:unregister(43)) - Unregistering Metrics Registry : ratis.log_worker.25e14e54-dedc-49b5-a0d9-9290319fa0de@group-4F34877857B4
2020-06-28 10:44:25,635 [Listener at 127.0.0.1/10264] INFO  metrics.RatisMetrics (RatisMetrics.java:unregister(43)) - Unregistering Metrics Registry : ratis.leader_election.25e14e54-dedc-49b5-a0d9-9290319fa0de@group-4F34877857B4
2020-06-28 10:44:25,635 [Listener at 127.0.0.1/10264] INFO  metrics.RatisMetrics (RatisMetrics.java:unregister(43)) - Unregistering Metrics Registry : ratis.server.25e14e54-dedc-49b5-a0d9-9290319fa0de@group-4F34877857B4
2020-06-28 10:44:25,635 [Listener at 127.0.0.1/10264] INFO  server.GrpcService (GrpcService.java:closeImpl(166)) - 25e14e54-dedc-49b5-a0d9-9290319fa0de: shutdown server with port 45027 now
2020-06-28 10:44:25,636 [ForkJoinPool.commonPool-worker-1] INFO  statemachine.DatanodeStateMachine (DatanodeStateMachine.java:stopDaemon(428)) - Ozone container server stopped.
2020-06-28 10:44:25,637 [Listener at 127.0.0.1/10264] INFO  server.GrpcService (GrpcService.java:closeImpl(174)) - 25e14e54-dedc-49b5-a0d9-9290319fa0de: shutdown server with port 45027 successfully
2020-06-28 10:44:25,637 [grpc-default-executor-3] WARN  server.GrpcServerProtocolService (LogUtils.java:warn(122)) - 25e14e54-dedc-49b5-a0d9-9290319fa0de: installSnapshot onError, lastRequest: 8ea79bce-3765-45eb-b2d3-535100c914cf->25e14e54-dedc-49b5-a0d9-9290319fa0de#1-t1, previous=(t:0, i:0), leaderCommit=-1, initializing? false, entries: size=1, first=(t:1, i:0), CONFIGURATIONENTRY: org.apache.ratis.thirdparty.io.grpc.StatusRuntimeException: CANCELLED: cancelled before receiving half close
2020-06-28 10:44:25,638 [ForkJoinPool.commonPool-worker-1] INFO  handler.ContextHandler (ContextHandler.java:doStop(1016)) - Stopped o.e.j.w.WebAppContext@52021dee{hddsDatanode,/,null,UNAVAILABLE}{jar:file:/home/user/.m2/repository/org/apache/hadoop/hadoop-hdds-container-service/0.6.0-SNAPSHOT/hadoop-hdds-container-service-0.6.0-SNAPSHOT.jar!/webapps/hddsDatanode}
2020-06-28 10:44:25,639 [Listener at 127.0.0.1/10264] INFO  utils.BackgroundService (BackgroundService.java:shutdown(157)) - Shutting down service BlockDeletingService
2020-06-28 10:44:25,639 [ForkJoinPool.commonPool-worker-1] INFO  server.AbstractConnector (AbstractConnector.java:doStop(380)) - Stopped ServerConnector@5327afc{HTTP/1.1,[http/1.1]}{0.0.0.0:0}
2020-06-28 10:44:25,639 [ForkJoinPool.commonPool-worker-1] INFO  server.session (HouseKeeper.java:stopScavenging(158)) - node0 Stopped scavenging
2020-06-28 10:44:25,640 [ForkJoinPool.commonPool-worker-1] INFO  handler.ContextHandler (ContextHandler.java:doStop(1016)) - Stopped o.e.j.s.ServletContextHandler@462e3606{static,/static,jar:file:/home/user/.m2/repository/org/apache/hadoop/hadoop-hdds-container-service/0.6.0-SNAPSHOT/hadoop-hdds-container-service-0.6.0-SNAPSHOT.jar!/webapps/static,UNAVAILABLE}
2020-06-28 10:44:25,640 [grpc-default-executor-6] WARN  server.GrpcLogAppender (LogUtils.java:warn(122)) - 8ea79bce-3765-45eb-b2d3-535100c914cf@group-934E6379BBC7->25e14e54-dedc-49b5-a0d9-9290319fa0de-AppendLogResponseHandler: Failed appendEntries: org.apache.ratis.thirdparty.io.grpc.StatusRuntimeException: CANCELLED: HTTP/2 error code: CANCEL
Received Rst Stream
2020-06-28 10:44:25,640 [grpc-default-executor-6] INFO  impl.FollowerInfo (FollowerInfo.java:lambda$new$0(51)) - 8ea79bce-3765-45eb-b2d3-535100c914cf@group-934E6379BBC7->25e14e54-dedc-49b5-a0d9-9290319fa0de: nextIndex: updateUnconditionally 1 -> 0
2020-06-28 10:44:25,642 [ForkJoinPool.commonPool-worker-1] INFO  handler.ContextHandler (ContextHandler.java:doStop(1016)) - Stopped o.e.j.s.ServletContextHandler@694809cf{logs,/logs,file:///github/workspace/mnt/ozone/hadoop-ozone/integration-test/target/log,UNAVAILABLE}
2020-06-28 10:44:25,643 [Listener at 127.0.0.1/10264] INFO  statemachine.DatanodeStateMachine (DatanodeStateMachine.java:stopDaemon(428)) - Ozone container server stopped.
2020-06-28 10:44:25,643 [Listener at 127.0.0.1/10264] INFO  handler.ContextHandler (ContextHandler.java:doStop(1016)) - Stopped o.e.j.w.WebAppContext@736ccf3a{hddsDatanode,/,null,UNAVAILABLE}{jar:file:/home/user/.m2/repository/org/apache/hadoop/hadoop-hdds-container-service/0.6.0-SNAPSHOT/hadoop-hdds-container-service-0.6.0-SNAPSHOT.jar!/webapps/hddsDatanode}
2020-06-28 10:44:25,644 [Listener at 127.0.0.1/10264] INFO  server.AbstractConnector (AbstractConnector.java:doStop(380)) - Stopped ServerConnector@7a333303{HTTP/1.1,[http/1.1]}{0.0.0.0:0}
2020-06-28 10:44:25,644 [Listener at 127.0.0.1/10264] INFO  server.session (HouseKeeper.java:stopScavenging(158)) - node0 Stopped scavenging
2020-06-28 10:44:25,644 [Listener at 127.0.0.1/10264] INFO  handler.ContextHandler (ContextHandler.java:doStop(1016)) - Stopped o.e.j.s.ServletContextHandler@5b46f09c{static,/static,jar:file:/home/user/.m2/repository/org/apache/hadoop/hadoop-hdds-container-service/0.6.0-SNAPSHOT/hadoop-hdds-container-service-0.6.0-SNAPSHOT.jar!/webapps/static,UNAVAILABLE}
2020-06-28 10:44:25,644 [Listener at 127.0.0.1/10264] INFO  handler.ContextHandler (ContextHandler.java:doStop(1016)) - Stopped o.e.j.s.ServletContextHandler@7afcc1b6{logs,/logs,file:///github/workspace/mnt/ozone/hadoop-ozone/integration-test/target/log,UNAVAILABLE}
2020-06-28 10:44:26,646 [Datanode State Machine Thread - 0] INFO  statemachine.DatanodeStateMachine (DatanodeStateMachine.java:lambda$startDaemon$0(380)) - Ozone container server started.
2020-06-28 10:44:28,067 [grpc-default-executor-3] WARN  server.GrpcLogAppender (LogUtils.java:warn(122)) - 8ea79bce-3765-45eb-b2d3-535100c914cf@group-934E6379BBC7->25e14e54-dedc-49b5-a0d9-9290319fa0de-AppendLogResponseHandler: Failed appendEntries: org.apache.ratis.thirdparty.io.grpc.StatusRuntimeException: UNAVAILABLE: io exception
2020-06-28 10:44:28,067 [grpc-default-executor-3] INFO  impl.FollowerInfo (FollowerInfo.java:lambda$new$0(51)) - 8ea79bce-3765-45eb-b2d3-535100c914cf@group-934E6379BBC7->25e14e54-dedc-49b5-a0d9-9290319fa0de: nextIndex: updateUnconditionally 1 -> 0
2020-06-28 10:44:28,067 [grpc-default-executor-6] WARN  server.GrpcLogAppender (LogUtils.java:warn(122)) - 8ea79bce-3765-45eb-b2d3-535100c914cf@group-934E6379BBC7->8da610d4-c262-4b40-863f-7000a32f6a27-AppendLogResponseHandler: Failed appendEntries: org.apache.ratis.thirdparty.io.grpc.StatusRuntimeException: UNAVAILABLE: io exception
2020-06-28 10:44:28,067 [grpc-default-executor-6] INFO  impl.FollowerInfo (FollowerInfo.java:lambda$new$0(51)) - 8ea79bce-3765-45eb-b2d3-535100c914cf@group-934E6379BBC7->8da610d4-c262-4b40-863f-7000a32f6a27: nextIndex: updateUnconditionally 1 -> 0
2020-06-28 10:44:30,568 [grpc-default-executor-0] WARN  server.GrpcLogAppender (LogUtils.java:warn(122)) - 8ea79bce-3765-45eb-b2d3-535100c914cf@group-934E6379BBC7->25e14e54-dedc-49b5-a0d9-9290319fa0de-AppendLogResponseHandler: Failed appendEntries: org.apache.ratis.thirdparty.io.grpc.StatusRuntimeException: UNAVAILABLE: io exception
2020-06-28 10:44:30,568 [grpc-default-executor-0] INFO  impl.FollowerInfo (FollowerInfo.java:lambda$new$0(51)) - 8ea79bce-3765-45eb-b2d3-535100c914cf@group-934E6379BBC7->25e14e54-dedc-49b5-a0d9-9290319fa0de: nextIndex: updateUnconditionally 1 -> 0
2020-06-28 10:44:30,569 [grpc-default-executor-0] WARN  server.GrpcLogAppender (LogUtils.java:warn(122)) - 8ea79bce-3765-45eb-b2d3-535100c914cf@group-934E6379BBC7->8da610d4-c262-4b40-863f-7000a32f6a27-AppendLogResponseHandler: Failed appendEntries: org.apache.ratis.thirdparty.io.grpc.StatusRuntimeException: UNAVAILABLE: io exception
2020-06-28 10:44:30,569 [grpc-default-executor-0] INFO  impl.FollowerInfo (FollowerInfo.java:lambda$new$0(51)) - 8ea79bce-3765-45eb-b2d3-535100c914cf@group-934E6379BBC7->8da610d4-c262-4b40-863f-7000a32f6a27: nextIndex: updateUnconditionally 1 -> 0
2020-06-28 10:44:30,650 [Listener at 127.0.0.1/10264] INFO  ozoneimpl.OzoneContainer (OzoneContainer.java:stop(246)) - Attempting to stop container services.
2020-06-28 10:44:30,650 [Listener at 127.0.0.1/10264] INFO  impl.RaftServerProxy (RaftServerProxy.java:lambda$close$4(319)) - 8ea79bce-3765-45eb-b2d3-535100c914cf: close
2020-06-28 10:44:30,651 [Listener at 127.0.0.1/10264] INFO  impl.RaftServerImpl (RaftServerImpl.java:lambda$shutdown$3(252)) - 8ea79bce-3765-45eb-b2d3-535100c914cf@group-934E6379BBC7: shutdown
2020-06-28 10:44:30,651 [ForkJoinPool.commonPool-worker-0] INFO  impl.RaftServerImpl (RaftServerImpl.java:lambda$shutdown$3(252)) - 8ea79bce-3765-45eb-b2d3-535100c914cf@group-F16D85F7E011: shutdown
2020-06-28 10:44:30,651 [Listener at 127.0.0.1/10264] INFO  util.JmxRegister (JmxRegister.java:unregister(73)) - Successfully un-registered JMX Bean with object name Ratis:service=RaftServer,group=group-934E6379BBC7,id=8ea79bce-3765-45eb-b2d3-535100c914cf
2020-06-28 10:44:30,652 [Listener at 127.0.0.1/10264] INFO  impl.RoleInfo (RoleInfo.java:shutdownLeaderState(104)) - 8ea79bce-3765-45eb-b2d3-535100c914cf: shutdown LeaderState
2020-06-28 10:44:30,652 [Listener at 127.0.0.1/10264] INFO  metrics.RatisMetrics (RatisMetrics.java:unregister(43)) - Unregistering Metrics Registry : ratis_grpc.log_appender.8ea79bce-3765-45eb-b2d3-535100c914cf@group-934E6379BBC7
2020-06-28 10:44:30,651 [ForkJoinPool.commonPool-worker-0] INFO  util.JmxRegister (JmxRegister.java:unregister(73)) - Successfully un-registered JMX Bean with object name Ratis:service=RaftServer,group=group-F16D85F7E011,id=8ea79bce-3765-45eb-b2d3-535100c914cf
2020-06-28 10:44:30,652 [ForkJoinPool.commonPool-worker-0] INFO  impl.RoleInfo (RoleInfo.java:shutdownLeaderState(104)) - 8ea79bce-3765-45eb-b2d3-535100c914cf: shutdown LeaderState
2020-06-28 10:44:30,652 [org.apache.ratis.server.impl.LogAppender$AppenderDaemon$$Lambda$341/1872186868@6102c956] WARN  server.GrpcLogAppender (GrpcLogAppender.java:mayWait(153)) - 8ea79bce-3765-45eb-b2d3-535100c914cf@group-934E6379BBC7->25e14e54-dedc-49b5-a0d9-9290319fa0de-GrpcLogAppender: Wait interrupted by java.lang.InterruptedException
2020-06-28 10:44:30,652 [Listener at 127.0.0.1/10264] INFO  metrics.RatisMetrics (RatisMetrics.java:unregister(43)) - Unregistering Metrics Registry : ratis_grpc.log_appender.8ea79bce-3765-45eb-b2d3-535100c914cf@group-934E6379BBC7
2020-06-28 10:44:30,652 [ForkJoinPool.commonPool-worker-0] INFO  impl.PendingRequests (PendingRequests.java:sendNotLeaderResponses(249)) - 8ea79bce-3765-45eb-b2d3-535100c914cf@group-F16D85F7E011-PendingRequests: sendNotLeaderResponses
2020-06-28 10:44:30,653 [org.apache.ratis.server.impl.LogAppender$AppenderDaemon$$Lambda$341/1872186868@7c01eb6b] WARN  server.GrpcLogAppender (GrpcLogAppender.java:mayWait(153)) - 8ea79bce-3765-45eb-b2d3-535100c914cf@group-934E6379BBC7->8da610d4-c262-4b40-863f-7000a32f6a27-GrpcLogAppender: Wait interrupted by java.lang.InterruptedException
2020-06-28 10:44:30,653 [Listener at 127.0.0.1/10264] INFO  impl.PendingRequests (PendingRequests.java:sendNotLeaderResponses(249)) - 8ea79bce-3765-45eb-b2d3-535100c914cf@group-934E6379BBC7-PendingRequests: sendNotLeaderResponses
2020-06-28 10:44:30,653 [Listener at 127.0.0.1/10264] INFO  metrics.RatisMetrics (RatisMetrics.java:unregister(43)) - Unregistering Metrics Registry : ratis.log_appender.8ea79bce-3765-45eb-b2d3-535100c914cf@group-934E6379BBC7
2020-06-28 10:44:30,654 [Listener at 127.0.0.1/10264] INFO  metrics.RatisMetrics (RatisMetrics.java:unregister(43)) - Unregistering Metrics Registry : ratis.server.8ea79bce-3765-45eb-b2d3-535100c914cf@group-934E6379BBC7
2020-06-28 10:44:30,655 [Listener at 127.0.0.1/10264] INFO  impl.StateMachineUpdater (StateMachineUpdater.java:stopAndJoin(142)) - 8ea79bce-3765-45eb-b2d3-535100c914cf@group-934E6379BBC7-StateMachineUpdater: set stopIndex = 0
2020-06-28 10:44:30,653 [ForkJoinPool.commonPool-worker-0] INFO  metrics.RatisMetrics (RatisMetrics.java:unregister(43)) - Unregistering Metrics Registry : ratis.log_appender.8ea79bce-3765-45eb-b2d3-535100c914cf@group-F16D85F7E011
2020-06-28 10:44:30,655 [ForkJoinPool.commonPool-worker-0] INFO  metrics.RatisMetrics (RatisMetrics.java:unregister(43)) - Unregistering Metrics Registry : ratis.server.8ea79bce-3765-45eb-b2d3-535100c914cf@group-F16D85F7E011
2020-06-28 10:44:30,655 [8ea79bce-3765-45eb-b2d3-535100c914cf@group-934E6379BBC7-StateMachineUpdater] INFO  ratis.ContainerStateMachine (ContainerStateMachine.java:takeSnapshot(294)) - group-934E6379BBC7: Taking a snapshot at:(t:1, i:0) file /github/workspace/mnt/ozone/hadoop-ozone/integration-test/target/test-dir/MiniOzoneClusterImpl-70ff22f2-c74d-429a-be4f-7513cb1d4b7b/datanode-2/data/ratis/bdfe4f9d-1ccc-4f14-805a-934e6379bbc7/sm/snapshot.1_0
2020-06-28 10:44:30,656 [ForkJoinPool.commonPool-worker-0] INFO  impl.StateMachineUpdater (StateMachineUpdater.java:stopAndJoin(142)) - 8ea79bce-3765-45eb-b2d3-535100c914cf@group-F16D85F7E011-StateMachineUpdater: set stopIndex = 0
2020-06-28 10:44:30,656 [8ea79bce-3765-45eb-b2d3-535100c914cf@group-F16D85F7E011-StateMachineUpdater] INFO  ratis.ContainerStateMachine (ContainerStateMachine.java:takeSnapshot(294)) - group-F16D85F7E011: Taking a snapshot at:(t:1, i:0) file /github/workspace/mnt/ozone/hadoop-ozone/integration-test/target/test-dir/MiniOzoneClusterImpl-70ff22f2-c74d-429a-be4f-7513cb1d4b7b/datanode-2/data/ratis/ced1d7a5-09da-44f5-a64d-f16d85f7e011/sm/snapshot.1_0
2020-06-28 10:44:30,656 [8ea79bce-3765-45eb-b2d3-535100c914cf@group-934E6379BBC7-StateMachineUpdater] INFO  ratis.ContainerStateMachine (ContainerStateMachine.java:takeSnapshot(305)) - group-934E6379BBC7: Finished taking a snapshot at:(t:1, i:0) file:/github/workspace/mnt/ozone/hadoop-ozone/integration-test/target/test-dir/MiniOzoneClusterImpl-70ff22f2-c74d-429a-be4f-7513cb1d4b7b/datanode-2/data/ratis/bdfe4f9d-1ccc-4f14-805a-934e6379bbc7/sm/snapshot.1_0 time:1
2020-06-28 10:44:30,656 [8ea79bce-3765-45eb-b2d3-535100c914cf@group-934E6379BBC7-StateMachineUpdater] INFO  impl.StateMachineUpdater (StateMachineUpdater.java:takeSnapshot(277)) - 8ea79bce-3765-45eb-b2d3-535100c914cf@group-934E6379BBC7-StateMachineUpdater: Took a snapshot at index 0
2020-06-28 10:44:30,656 [8ea79bce-3765-45eb-b2d3-535100c914cf@group-934E6379BBC7-StateMachineUpdater] INFO  impl.StateMachineUpdater (StateMachineUpdater.java:lambda$new$0(87)) - 8ea79bce-3765-45eb-b2d3-535100c914cf@group-934E6379BBC7-StateMachineUpdater: snapshotIndex: updateIncreasingly -1 -> 0
2020-06-28 10:44:30,657 [8ea79bce-3765-45eb-b2d3-535100c914cf@group-934E6379BBC7-StateMachineUpdater] INFO  metrics.RatisMetrics (RatisMetrics.java:unregister(43)) - Unregistering Metrics Registry : ratis.state_machine.8ea79bce-3765-45eb-b2d3-535100c914cf@group-934E6379BBC7
2020-06-28 10:44:30,657 [Listener at 127.0.0.1/10264] INFO  impl.RaftServerImpl (ServerState.java:close(387)) - 8ea79bce-3765-45eb-b2d3-535100c914cf@group-934E6379BBC7: closes. applyIndex: 0
2020-06-28 10:44:30,657 [8ea79bce-3765-45eb-b2d3-535100c914cf@group-934E6379BBC7-SegmentedRaftLogWorker] INFO  segmented.SegmentedRaftLogWorker (SegmentedRaftLogWorker.java:run(327)) - 8ea79bce-3765-45eb-b2d3-535100c914cf@group-934E6379BBC7-SegmentedRaftLogWorker was interrupted, exiting. There are 0 tasks remaining in the queue.
2020-06-28 10:44:30,657 [Listener at 127.0.0.1/10264] INFO  segmented.SegmentedRaftLogWorker (SegmentedRaftLogWorker.java:close(234)) - 8ea79bce-3765-45eb-b2d3-535100c914cf@group-934E6379BBC7-SegmentedRaftLogWorker close()
2020-06-28 10:44:30,657 [8ea79bce-3765-45eb-b2d3-535100c914cf@group-F16D85F7E011-StateMachineUpdater] INFO  ratis.ContainerStateMachine (ContainerStateMachine.java:takeSnapshot(305)) - group-F16D85F7E011: Finished taking a snapshot at:(t:1, i:0) file:/github/workspace/mnt/ozone/hadoop-ozone/integration-test/target/test-dir/MiniOzoneClusterImpl-70ff22f2-c74d-429a-be4f-7513cb1d4b7b/datanode-2/data/ratis/ced1d7a5-09da-44f5-a64d-f16d85f7e011/sm/snapshot.1_0 time:1
2020-06-28 10:44:30,659 [8ea79bce-3765-45eb-b2d3-535100c914cf@group-F16D85F7E011-StateMachineUpdater] INFO  impl.StateMachineUpdater (StateMachineUpdater.java:takeSnapshot(277)) - 8ea79bce-3765-45eb-b2d3-535100c914cf@group-F16D85F7E011-StateMachineUpdater: Took a snapshot at index 0
2020-06-28 10:44:30,659 [8ea79bce-3765-45eb-b2d3-535100c914cf@group-F16D85F7E011-StateMachineUpdater] INFO  impl.StateMachineUpdater (StateMachineUpdater.java:lambda$new$0(87)) - 8ea79bce-3765-45eb-b2d3-535100c914cf@group-F16D85F7E011-StateMachineUpdater: snapshotIndex: updateIncreasingly -1 -> 0
2020-06-28 10:44:30,659 [8ea79bce-3765-45eb-b2d3-535100c914cf@group-F16D85F7E011-StateMachineUpdater] INFO  metrics.RatisMetrics (RatisMetrics.java:unregister(43)) - Unregistering Metrics Registry : ratis.state_machine.8ea79bce-3765-45eb-b2d3-535100c914cf@group-F16D85F7E011
2020-06-28 10:44:30,659 [ForkJoinPool.commonPool-worker-0] INFO  impl.RaftServerImpl (ServerState.java:close(387)) - 8ea79bce-3765-45eb-b2d3-535100c914cf@group-F16D85F7E011: closes. applyIndex: 0
2020-06-28 10:44:30,659 [Listener at 127.0.0.1/10264] INFO  metrics.RatisMetrics (RatisMetrics.java:unregister(43)) - Unregistering Metrics Registry : ratis.log_worker.8ea79bce-3765-45eb-b2d3-535100c914cf@group-934E6379BBC7
2020-06-28 10:44:30,660 [Listener at 127.0.0.1/10264] INFO  metrics.RatisMetrics (RatisMetrics.java:unregister(43)) - Unregistering Metrics Registry : ratis.leader_election.8ea79bce-3765-45eb-b2d3-535100c914cf@group-934E6379BBC7
2020-06-28 10:44:30,660 [Listener at 127.0.0.1/10264] INFO  metrics.RatisMetrics (RatisMetrics.java:unregister(43)) - Unregistering Metrics Registry : ratis.server.8ea79bce-3765-45eb-b2d3-535100c914cf@group-934E6379BBC7
2020-06-28 10:44:30,660 [8ea79bce-3765-45eb-b2d3-535100c914cf@group-F16D85F7E011-SegmentedRaftLogWorker] INFO  segmented.SegmentedRaftLogWorker (SegmentedRaftLogWorker.java:run(327)) - 8ea79bce-3765-45eb-b2d3-535100c914cf@group-F16D85F7E011-SegmentedRaftLogWorker was interrupted, exiting. There are 0 tasks remaining in the queue.
2020-06-28 10:44:30,660 [ForkJoinPool.commonPool-worker-0] INFO  segmented.SegmentedRaftLogWorker (SegmentedRaftLogWorker.java:close(234)) - 8ea79bce-3765-45eb-b2d3-535100c914cf@group-F16D85F7E011-SegmentedRaftLogWorker close()
2020-06-28 10:44:30,660 [ForkJoinPool.commonPool-worker-0] INFO  metrics.RatisMetrics (RatisMetrics.java:unregister(43)) - Unregistering Metrics Registry : ratis.log_worker.8ea79bce-3765-45eb-b2d3-535100c914cf@group-F16D85F7E011
2020-06-28 10:44:30,660 [ForkJoinPool.commonPool-worker-0] INFO  metrics.RatisMetrics (RatisMetrics.java:unregister(43)) - Unregistering Metrics Registry : ratis.leader_election.8ea79bce-3765-45eb-b2d3-535100c914cf@group-F16D85F7E011
2020-06-28 10:44:30,661 [ForkJoinPool.commonPool-worker-0] INFO  metrics.RatisMetrics (RatisMetrics.java:unregister(43)) - Unregistering Metrics Registry : ratis.server.8ea79bce-3765-45eb-b2d3-535100c914cf@group-F16D85F7E011
2020-06-28 10:44:30,661 [Listener at 127.0.0.1/10264] INFO  server.GrpcService (GrpcService.java:closeImpl(166)) - 8ea79bce-3765-45eb-b2d3-535100c914cf: shutdown server with port 34585 now
2020-06-28 10:44:30,661 [Listener at 127.0.0.1/10264] INFO  server.GrpcService (GrpcService.java:closeImpl(174)) - 8ea79bce-3765-45eb-b2d3-535100c914cf: shutdown server with port 34585 successfully
2020-06-28 10:44:30,662 [Listener at 127.0.0.1/10264] INFO  utils.BackgroundService (BackgroundService.java:shutdown(157)) - Shutting down service BlockDeletingService
2020-06-28 10:44:30,665 [Listener at 127.0.0.1/10264] INFO  statemachine.DatanodeStateMachine (DatanodeStateMachine.java:stopDaemon(428)) - Ozone container server stopped.
2020-06-28 10:44:30,665 [Listener at 127.0.0.1/10264] INFO  handler.ContextHandler (ContextHandler.java:doStop(1016)) - Stopped o.e.j.w.WebAppContext@25ea1df8{hddsDatanode,/,null,UNAVAILABLE}{jar:file:/home/user/.m2/repository/org/apache/hadoop/hadoop-hdds-container-service/0.6.0-SNAPSHOT/hadoop-hdds-container-service-0.6.0-SNAPSHOT.jar!/webapps/hddsDatanode}
2020-06-28 10:44:30,666 [Listener at 127.0.0.1/10264] INFO  server.AbstractConnector (AbstractConnector.java:doStop(380)) - Stopped ServerConnector@499af9ff{HTTP/1.1,[http/1.1]}{0.0.0.0:0}
2020-06-28 10:44:30,666 [Listener at 127.0.0.1/10264] INFO  server.session (HouseKeeper.java:stopScavenging(158)) - node0 Stopped scavenging
2020-06-28 10:44:30,666 [Listener at 127.0.0.1/10264] INFO  handler.ContextHandler (ContextHandler.java:doStop(1016)) - Stopped o.e.j.s.ServletContextHandler@25a0a0f0{static,/static,jar:file:/home/user/.m2/repository/org/apache/hadoop/hadoop-hdds-container-service/0.6.0-SNAPSHOT/hadoop-hdds-container-service-0.6.0-SNAPSHOT.jar!/webapps/static,UNAVAILABLE}
2020-06-28 10:44:30,666 [Listener at 127.0.0.1/10264] INFO  handler.ContextHandler (ContextHandler.java:doStop(1016)) - Stopped o.e.j.s.ServletContextHandler@1851dcd6{logs,/logs,file:///github/workspace/mnt/ozone/hadoop-ozone/integration-test/target/log,UNAVAILABLE}
2020-06-28 10:44:30,667 [Listener at 127.0.0.1/10264] INFO  ozone.MiniOzoneClusterImpl (MiniOzoneClusterImpl.java:stopSCM(476)) - Stopping the StorageContainerManager
2020-06-28 10:44:30,667 [Listener at 127.0.0.1/10264] INFO  server.StorageContainerManager (StorageContainerManager.java:stop(825)) - Stopping Replication Manager Service.
2020-06-28 10:44:30,667 [Listener at 127.0.0.1/10264] INFO  container.ReplicationManager (ReplicationManager.java:stop(217)) - Stopping Replication Monitor Thread.
2020-06-28 10:44:30,668 [Listener at 127.0.0.1/10264] INFO  server.StorageContainerManager (StorageContainerManager.java:stop(832)) - Stopping Lease Manager of the command watchers
2020-06-28 10:44:30,668 [CommandWatcher-LeaseManager#LeaseMonitor] ERROR lease.LeaseManager (LeaseManager.java:run(238)) - Execution was interrupted 
java.lang.InterruptedException: sleep interrupted
	at java.lang.Thread.sleep(Native Method)
	at org.apache.hadoop.ozone.lease.LeaseManager$LeaseMonitor.run(LeaseManager.java:234)
	at java.lang.Thread.run(Thread.java:748)
2020-06-28 10:44:30,668 [Listener at 127.0.0.1/10264] INFO  server.StorageContainerManager (StorageContainerManager.java:stop(839)) - Stopping datanode service RPC server
2020-06-28 10:44:30,668 [Listener at 127.0.0.1/10264] INFO  server.SCMDatanodeProtocolServer (SCMDatanodeProtocolServer.java:stop(361)) - Stopping the RPC server for DataNodes
2020-06-28 10:44:30,668 [Listener at 127.0.0.1/10264] INFO  ipc.Server (Server.java:stop(3359)) - Stopping server on 40171
2020-06-28 10:44:30,671 [IPC Server listener on 0] INFO  ipc.Server (Server.java:run(1330)) - Stopping IPC Server listener on 0
2020-06-28 10:44:30,671 [IPC Server Responder] INFO  ipc.Server (Server.java:run(1465)) - Stopping IPC Server Responder
2020-06-28 10:44:30,717 [SCM Heartbeat Processing Thread - 0] WARN  node.NodeStateManager (NodeStateManager.java:scheduleNextHealthCheck(661)) - Current Thread is interrupted, shutting down HB processing thread for Node Manager.
2020-06-28 10:44:30,717 [Listener at 127.0.0.1/10264] INFO  server.StorageContainerManager (StorageContainerManager.java:stop(847)) - Stopping block service RPC server
2020-06-28 10:44:30,717 [Listener at 127.0.0.1/10264] INFO  server.SCMBlockProtocolServer (SCMBlockProtocolServer.java:stop(158)) - Stopping the RPC server for Block Protocol
2020-06-28 10:44:30,717 [Listener at 127.0.0.1/10264] INFO  ipc.Server (Server.java:stop(3359)) - Stopping server on 35837
2020-06-28 10:44:30,719 [IPC Server listener on 0] INFO  ipc.Server (Server.java:run(1330)) - Stopping IPC Server listener on 0
2020-06-28 10:44:30,719 [IPC Server Responder] INFO  ipc.Server (Server.java:run(1465)) - Stopping IPC Server Responder
2020-06-28 10:44:30,719 [Listener at 127.0.0.1/10264] INFO  server.StorageContainerManager (StorageContainerManager.java:stop(854)) - Stopping the StorageContainerLocationProtocol RPC server
2020-06-28 10:44:30,719 [Listener at 127.0.0.1/10264] INFO  server.SCMClientProtocolServer (SCMClientProtocolServer.java:stop(165)) - Stopping the RPC server for Client Protocol
2020-06-28 10:44:30,719 [Listener at 127.0.0.1/10264] INFO  ipc.Server (Server.java:stop(3359)) - Stopping server on 37357
2020-06-28 10:44:30,720 [IPC Server listener on 0] INFO  ipc.Server (Server.java:run(1330)) - Stopping IPC Server listener on 0
2020-06-28 10:44:30,721 [IPC Server Responder] INFO  ipc.Server (Server.java:run(1465)) - Stopping IPC Server Responder
2020-06-28 10:44:30,722 [Listener at 127.0.0.1/10264] INFO  server.StorageContainerManager (StorageContainerManager.java:stop(861)) - Stopping Storage Container Manager HTTP server.
2020-06-28 10:44:30,723 [Listener at 127.0.0.1/10264] INFO  handler.ContextHandler (ContextHandler.java:doStop(1016)) - Stopped o.e.j.w.WebAppContext@26aaa316{scm,/,null,UNAVAILABLE}{file:/github/workspace/mnt/ozone/hadoop-ozone/integration-test/target/test-classes/webapps/scm}
2020-06-28 10:44:30,723 [Listener at 127.0.0.1/10264] INFO  server.AbstractConnector (AbstractConnector.java:doStop(380)) - Stopped ServerConnector@cbb256{HTTP/1.1,[http/1.1]}{0.0.0.0:0}
2020-06-28 10:44:30,723 [Listener at 127.0.0.1/10264] INFO  server.session (HouseKeeper.java:stopScavenging(158)) - node0 Stopped scavenging
2020-06-28 10:44:30,723 [Listener at 127.0.0.1/10264] INFO  handler.ContextHandler (ContextHandler.java:doStop(1016)) - Stopped o.e.j.s.ServletContextHandler@2b61a4f7{static,/static,file:///github/workspace/mnt/ozone/hadoop-ozone/integration-test/target/test-classes/webapps/static,UNAVAILABLE}
2020-06-28 10:44:30,724 [Listener at 127.0.0.1/10264] INFO  handler.ContextHandler (ContextHandler.java:doStop(1016)) - Stopped o.e.j.s.ServletContextHandler@bea4060{logs,/logs,file:///github/workspace/mnt/ozone/hadoop-ozone/integration-test/target/log,UNAVAILABLE}
2020-06-28 10:44:30,724 [Listener at 127.0.0.1/10264] INFO  server.StorageContainerManager (StorageContainerManager.java:stop(872)) - Stopping Block Manager Service.
2020-06-28 10:44:30,725 [Listener at 127.0.0.1/10264] INFO  utils.BackgroundService (BackgroundService.java:shutdown(157)) - Shutting down service SCMBlockDeletingService
2020-06-28 10:44:30,725 [Listener at 127.0.0.1/10264] INFO  utils.BackgroundService (BackgroundService.java:shutdown(157)) - Shutting down service SCMBlockDeletingService
2020-06-28 10:44:30,725 [Listener at 127.0.0.1/10264] INFO  server.StorageContainerManager (StorageContainerManager.java:stop(897)) - Stopping SCM Event Queue.
2020-06-28 10:44:30,727 [Listener at 127.0.0.1/10264] INFO  impl.MetricsSystemImpl (MetricsSystemImpl.java:stop(210)) - Stopping HddsDatanode metrics system...
2020-06-28 10:44:30,730 [Listener at 127.0.0.1/10264] INFO  impl.MetricsSystemImpl (MetricsSystemImpl.java:stop(216)) - HddsDatanode metrics system stopped.
]]></system-out>
  </testcase>
  <testcase name="testKeysDelete" classname="org.apache.hadoop.ozone.om.TestOzoneManagerHAWithData" time="24.561"/>
  <testcase name="testAllOMNodesRunning" classname="org.apache.hadoop.ozone.om.TestOzoneManagerHAWithData" time="24.024"/>
  <testcase name="testIncrementalWaitTimeWithSameNodeFailover" classname="org.apache.hadoop.ozone.om.TestOzoneManagerHAWithData" time="28.046"/>
  <testcase name="testListParts" classname="org.apache.hadoop.ozone.om.TestOzoneManagerHAWithData" time="28.215"/>
  <testcase name="testFileOperationsWithNonRecursive" classname="org.apache.hadoop.ozone.om.TestOzoneManagerHAWithData" time="24.435"/>
  <testcase name="testOneOMNodeDown" classname="org.apache.hadoop.ozone.om.TestOzoneManagerHAWithData" time="27.129"/>
  <testcase name="testTwoOMNodesDown" classname="org.apache.hadoop.ozone.om.TestOzoneManagerHAWithData" time="0">
    <skipped message="This test is failing randomly. It will be enabled after fixing it."/>
  </testcase>
  <testcase name="testOMRestart" classname="org.apache.hadoop.ozone.om.TestOzoneManagerHAWithData" time="29.093"/>
</testsuite>