<?xml version="1.0" encoding="UTF-8"?>
<testsuite xmlns:xsi="http://www.w3.org/2001/XMLSchema-instance" xsi:noNamespaceSchemaLocation="https://maven.apache.org/surefire/maven-surefire-plugin/xsd/surefire-test-report-3.0.xsd" version="3.0" name="org.apache.hadoop.ozone.client.TestOzoneECClient" time="5.332" tests="34" errors="1" skipped="0" failures="0">
  <properties>
    <property name="awt.toolkit" value="sun.awt.X11.XToolkit"/>
    <property name="file.encoding.pkg" value="sun.io"/>
    <property name="java.specification.version" value="1.8"/>
    <property name="sun.cpu.isalist" value=""/>
    <property name="sun.jnu.encoding" value="UTF-8"/>
    <property name="gradle.enterprise.listener.surefire.forkId" value="1"/>
    <property name="java.class.path" value="/home/runner/work/ozone/ozone/hadoop-ozone/client/target/test-classes:/home/runner/work/ozone/ozone/hadoop-ozone/client/target/classes:/home/runner/work/ozone/ozone/hadoop-hdds/test-utils/target/classes:/home/runner/.m2/repository/com/google/guava/guava/32.0.0-jre/guava-32.0.0-jre.jar:/home/runner/.m2/repository/com/google/guava/failureaccess/1.0.1/failureaccess-1.0.1.jar:/home/runner/.m2/repository/com/google/guava/listenablefuture/9999.0-empty-to-avoid-conflict-with-guava/listenablefuture-9999.0-empty-to-avoid-conflict-with-guava.jar:/home/runner/.m2/repository/com/google/code/findbugs/jsr305/3.0.0/jsr305-3.0.0.jar:/home/runner/.m2/repository/org/checkerframework/checker-qual/3.33.0/checker-qual-3.33.0.jar:/home/runner/.m2/repository/com/google/errorprone/error_prone_annotations/2.2.0/error_prone_annotations-2.2.0.jar:/home/runner/.m2/repository/com/google/j2objc/j2objc-annotations/2.8/j2objc-annotations-2.8.jar:/home/runner/.m2/repository/commons-io/commons-io/2.11.0/commons-io-2.11.0.jar:/home/runner/.m2/repository/commons-logging/commons-logging/1.2/commons-logging-1.2.jar:/home/runner/.m2/repository/org/junit/jupiter/junit-jupiter-api/5.8.2/junit-jupiter-api-5.8.2.jar:/home/runner/.m2/repository/org/opentest4j/opentest4j/1.2.0/opentest4j-1.2.0.jar:/home/runner/.m2/repository/org/junit/platform/junit-platform-commons/1.8.2/junit-platform-commons-1.8.2.jar:/home/runner/.m2/repository/org/apiguardian/apiguardian-api/1.1.2/apiguardian-api-1.1.2.jar:/home/runner/.m2/repository/org/apache/commons/commons-lang3/3.7/commons-lang3-3.7.jar:/home/runner/.m2/repository/org/slf4j/slf4j-api/1.7.36/slf4j-api-1.7.36.jar:/home/runner/.m2/repository/org/apache/logging/log4j/log4j-api/2.17.1/log4j-api-2.17.1.jar:/home/runner/work/ozone/ozone/hadoop-ozone/common/target/classes:/home/runner/.m2/repository/io/grpc/grpc-netty/1.51.1/grpc-netty-1.51.1.jar:/home/runner/.m2/repository/io/grpc/grpc-core/1.51.1/grpc-core-1.51.1.jar:/home/runner/.m2/repository/com/google/code/gson/gson/2.9.0/gson-2.9.0.jar:/home/runner/.m2/repository/com/google/android/annotations/4.1.1.4/annotations-4.1.1.4.jar:/home/runner/.m2/repository/org/codehaus/mojo/animal-sniffer-annotations/1.21/animal-sniffer-annotations-1.21.jar:/home/runner/.m2/repository/io/perfmark/perfmark-api/0.25.0/perfmark-api-0.25.0.jar:/home/runner/.m2/repository/io/netty/netty-transport-native-unix-common/4.1.100.Final/netty-transport-native-unix-common-4.1.100.Final.jar:/home/runner/.m2/repository/io/netty/netty-codec-http2/4.1.100.Final/netty-codec-http2-4.1.100.Final.jar:/home/runner/.m2/repository/io/netty/netty-common/4.1.100.Final/netty-common-4.1.100.Final.jar:/home/runner/.m2/repository/io/netty/netty-buffer/4.1.100.Final/netty-buffer-4.1.100.Final.jar:/home/runner/.m2/repository/io/netty/netty-transport/4.1.100.Final/netty-transport-4.1.100.Final.jar:/home/runner/.m2/repository/io/netty/netty-resolver/4.1.100.Final/netty-resolver-4.1.100.Final.jar:/home/runner/.m2/repository/io/netty/netty-codec/4.1.100.Final/netty-codec-4.1.100.Final.jar:/home/runner/.m2/repository/io/netty/netty-handler/4.1.100.Final/netty-handler-4.1.100.Final.jar:/home/runner/.m2/repository/io/netty/netty-codec-http/4.1.100.Final/netty-codec-http-4.1.100.Final.jar:/home/runner/.m2/repository/io/netty/netty-handler-proxy/4.1.100.Final/netty-handler-proxy-4.1.100.Final.jar:/home/runner/.m2/repository/io/netty/netty-codec-socks/4.1.100.Final/netty-codec-socks-4.1.100.Final.jar:/home/runner/.m2/repository/io/netty/netty-tcnative-boringssl-static/2.0.61.Final/netty-tcnative-boringssl-static-2.0.61.Final.jar:/home/runner/.m2/repository/io/netty/netty-tcnative-classes/2.0.61.Final/netty-tcnative-classes-2.0.61.Final.jar:/home/runner/.m2/repository/io/netty/netty-tcnative-boringssl-static/2.0.61.Final/netty-tcnative-boringssl-static-2.0.61.Final-linux-x86_64.jar:/home/runner/.m2/repository/io/netty/netty-tcnative-boringssl-static/2.0.61.Final/netty-tcnative-boringssl-static-2.0.61.Final-linux-aarch_64.jar:/home/runner/.m2/repository/io/netty/netty-tcnative-boringssl-static/2.0.61.Final/netty-tcnative-boringssl-static-2.0.61.Final-osx-x86_64.jar:/home/runner/.m2/repository/io/netty/netty-tcnative-boringssl-static/2.0.61.Final/netty-tcnative-boringssl-static-2.0.61.Final-osx-aarch_64.jar:/home/runner/.m2/repository/io/netty/netty-tcnative-boringssl-static/2.0.61.Final/netty-tcnative-boringssl-static-2.0.61.Final-windows-x86_64.jar:/home/runner/.m2/repository/org/apache/commons/commons-compress/1.21/commons-compress-1.21.jar:/home/runner/work/ozone/ozone/hadoop-hdds/common/target/classes:/home/runner/work/ozone/ozone/hadoop-hdds/client/target/classes:/home/runner/work/ozone/ozone/hadoop-ozone/interface-client/target/classes:/home/runner/.m2/repository/io/grpc/grpc-protobuf/1.51.1/grpc-protobuf-1.51.1.jar:/home/runner/.m2/repository/com/google/api/grpc/proto-google-common-protos/2.9.0/proto-google-common-protos-2.9.0.jar:/home/runner/.m2/repository/io/grpc/grpc-protobuf-lite/1.51.1/grpc-protobuf-lite-1.51.1.jar:/home/runner/.m2/repository/io/grpc/grpc-stub/1.51.1/grpc-stub-1.51.1.jar:/home/runner/.m2/repository/org/apache/hadoop/hadoop-hdfs-client/3.3.6/hadoop-hdfs-client-3.3.6.jar:/home/runner/.m2/repository/com/squareup/okhttp3/okhttp/4.9.3/okhttp-4.9.3.jar:/home/runner/.m2/repository/com/squareup/okio/okio/3.4.0/okio-3.4.0.jar:/home/runner/.m2/repository/com/squareup/okio/okio-jvm/3.4.0/okio-jvm-3.4.0.jar:/home/runner/.m2/repository/org/jetbrains/kotlin/kotlin-stdlib-jdk8/1.8.0/kotlin-stdlib-jdk8-1.8.0.jar:/home/runner/.m2/repository/org/jetbrains/kotlin/kotlin-stdlib-jdk7/1.8.0/kotlin-stdlib-jdk7-1.8.0.jar:/home/runner/.m2/repository/org/jetbrains/kotlin/kotlin-stdlib-common/1.6.21/kotlin-stdlib-common-1.6.21.jar:/home/runner/.m2/repository/com/fasterxml/jackson/core/jackson-databind/2.13.4.2/jackson-databind-2.13.4.2.jar:/home/runner/work/ozone/ozone/hadoop-hdds/erasurecode/target/classes:/home/runner/.m2/repository/com/github/spotbugs/spotbugs-annotations/3.1.12/spotbugs-annotations-3.1.12.jar:/home/runner/work/ozone/ozone/hadoop-hdds/common/target/test-classes:/home/runner/work/ozone/ozone/hadoop-hdds/hadoop-dependency-client/target/classes:/home/runner/.m2/repository/org/apache/hadoop/hadoop-annotations/3.3.6/hadoop-annotations-3.3.6.jar:/usr/lib/jvm/temurin-8-jdk-amd64/jre/../lib/tools.jar:/home/runner/.m2/repository/org/apache/hadoop/hadoop-common/3.3.6/hadoop-common-3.3.6.jar:/home/runner/.m2/repository/org/apache/hadoop/thirdparty/hadoop-shaded-guava/1.1.1/hadoop-shaded-guava-1.1.1.jar:/home/runner/.m2/repository/org/apache/httpcomponents/httpclient/4.5.13/httpclient-4.5.13.jar:/home/runner/.m2/repository/org/apache/httpcomponents/httpcore/4.4.13/httpcore-4.4.13.jar:/home/runner/.m2/repository/jakarta/activation/jakarta.activation-api/1.2.2/jakarta.activation-api-1.2.2.jar:/home/runner/.m2/repository/org/apache/commons/commons-configuration2/2.1.1/commons-configuration2-2.1.1.jar:/home/runner/.m2/repository/com/google/re2j/re2j/1.1/re2j-1.1.jar:/home/runner/.m2/repository/org/apache/hadoop/hadoop-auth/3.3.6/hadoop-auth-3.3.6.jar:/home/runner/.m2/repository/org/apache/kerby/kerb-core/1.0.1/kerb-core-1.0.1.jar:/home/runner/.m2/repository/org/apache/kerby/kerby-pkix/1.0.1/kerby-pkix-1.0.1.jar:/home/runner/.m2/repository/org/apache/kerby/kerby-asn1/1.0.1/kerby-asn1-1.0.1.jar:/home/runner/.m2/repository/org/apache/kerby/kerby-util/1.0.1/kerby-util-1.0.1.jar:/home/runner/.m2/repository/org/codehaus/woodstox/stax2-api/4.2.1/stax2-api-4.2.1.jar:/home/runner/.m2/repository/com/fasterxml/woodstox/woodstox-core/5.4.0/woodstox-core-5.4.0.jar:/home/runner/.m2/repository/org/xerial/snappy/snappy-java/1.1.8.2/snappy-java-1.1.8.2.jar:/home/runner/.m2/repository/org/apache/hadoop/hadoop-hdfs/3.3.6/hadoop-hdfs-3.3.6.jar:/home/runner/.m2/repository/info/picocli/picocli/4.6.1/picocli-4.6.1.jar:/home/runner/.m2/repository/com/google/protobuf/protobuf-java/2.5.0/protobuf-java-2.5.0.jar:/home/runner/.m2/repository/com/fasterxml/jackson/core/jackson-annotations/2.13.4/jackson-annotations-2.13.4.jar:/home/runner/.m2/repository/com/fasterxml/jackson/datatype/jackson-datatype-jsr310/2.13.4/jackson-datatype-jsr310-2.13.4.jar:/home/runner/.m2/repository/com/fasterxml/jackson/core/jackson-core/2.13.4/jackson-core-2.13.4.jar:/home/runner/work/ozone/ozone/hadoop-hdds/annotations/target/classes:/home/runner/work/ozone/ozone/hadoop-hdds/config/target/classes:/home/runner/.m2/repository/javax/annotation/javax.annotation-api/1.2/javax.annotation-api-1.2.jar:/home/runner/.m2/repository/io/dropwizard/metrics/metrics-core/3.2.4/metrics-core-3.2.4.jar:/home/runner/.m2/repository/org/apache/ratis/ratis-server/2.5.1/ratis-server-2.5.1.jar:/home/runner/.m2/repository/org/apache/ratis/ratis-thirdparty-misc/1.0.4/ratis-thirdparty-misc-1.0.4.jar:/home/runner/.m2/repository/org/apache/ratis/ratis-proto/2.5.1/ratis-proto-2.5.1.jar:/home/runner/.m2/repository/org/apache/ratis/ratis-common/2.5.1/ratis-common-2.5.1.jar:/home/runner/.m2/repository/org/apache/ratis/ratis-client/2.5.1/ratis-client-2.5.1.jar:/home/runner/.m2/repository/org/apache/ratis/ratis-server-api/2.5.1/ratis-server-api-2.5.1.jar:/home/runner/.m2/repository/org/apache/ratis/ratis-metrics/2.5.1/ratis-metrics-2.5.1.jar:/home/runner/.m2/repository/org/apache/ratis/ratis-netty/2.5.1/ratis-netty-2.5.1.jar:/home/runner/.m2/repository/org/apache/ratis/ratis-grpc/2.5.1/ratis-grpc-2.5.1.jar:/home/runner/.m2/repository/org/apache/commons/commons-pool2/2.6.0/commons-pool2-2.6.0.jar:/home/runner/.m2/repository/org/bouncycastle/bcpkix-jdk15on/1.67/bcpkix-jdk15on-1.67.jar:/home/runner/.m2/repository/org/bouncycastle/bcprov-jdk15on/1.67/bcprov-jdk15on-1.67.jar:/home/runner/.m2/repository/commons-validator/commons-validator/1.6/commons-validator-1.6.jar:/home/runner/.m2/repository/commons-beanutils/commons-beanutils/1.9.4/commons-beanutils-1.9.4.jar:/home/runner/.m2/repository/commons-digester/commons-digester/1.8.1/commons-digester-1.8.1.jar:/home/runner/.m2/repository/commons-collections/commons-collections/3.2.2/commons-collections-3.2.2.jar:/home/runner/.m2/repository/io/jaegertracing/jaeger-client/1.6.0/jaeger-client-1.6.0.jar:/home/runner/.m2/repository/io/jaegertracing/jaeger-thrift/1.6.0/jaeger-thrift-1.6.0.jar:/home/runner/.m2/repository/org/apache/thrift/libthrift/0.14.1/libthrift-0.14.1.jar:/home/runner/.m2/repository/io/jaegertracing/jaeger-core/1.6.0/jaeger-core-1.6.0.jar:/home/runner/.m2/repository/io/jaegertracing/jaeger-tracerresolver/1.6.0/jaeger-tracerresolver-1.6.0.jar:/home/runner/.m2/repository/io/opentracing/contrib/opentracing-tracerresolver/0.1.8/opentracing-tracerresolver-0.1.8.jar:/home/runner/.m2/repository/org/jetbrains/kotlin/kotlin-stdlib/1.6.21/kotlin-stdlib-1.6.21.jar:/home/runner/.m2/repository/org/jetbrains/annotations/13.0/annotations-13.0.jar:/home/runner/.m2/repository/io/opentracing/opentracing-util/0.33.0/opentracing-util-0.33.0.jar:/home/runner/.m2/repository/io/opentracing/opentracing-api/0.33.0/opentracing-api-0.33.0.jar:/home/runner/.m2/repository/io/opentracing/opentracing-noop/0.33.0/opentracing-noop-0.33.0.jar:/home/runner/.m2/repository/org/yaml/snakeyaml/2.0/snakeyaml-2.0.jar:/home/runner/.m2/repository/org/reflections/reflections/0.9.11/reflections-0.9.11.jar:/home/runner/.m2/repository/org/javassist/javassist/3.21.0-GA/javassist-3.21.0-GA.jar:/home/runner/work/ozone/ozone/hadoop-hdds/interface-client/target/classes:/home/runner/.m2/repository/org/apache/hadoop/thirdparty/hadoop-shaded-protobuf_3_7/1.1.1/hadoop-shaded-protobuf_3_7-1.1.1.jar:/home/runner/work/ozone/ozone/hadoop-hdds/interface-admin/target/classes:/home/runner/.m2/repository/io/grpc/grpc-api/1.51.1/grpc-api-1.51.1.jar:/home/runner/.m2/repository/io/grpc/grpc-context/1.51.1/grpc-context-1.51.1.jar:/home/runner/.m2/repository/com/fasterxml/uuid/java-uuid-generator/4.3.0/java-uuid-generator-4.3.0.jar:/home/runner/work/ozone/ozone/hadoop-hdds/client/target/test-classes:/home/runner/.m2/repository/junit/junit/4.13.1/junit-4.13.1.jar:/home/runner/.m2/repository/org/hamcrest/hamcrest-core/1.3/hamcrest-core-1.3.jar:/home/runner/.m2/repository/ch/qos/reload4j/reload4j/1.2.22/reload4j-1.2.22.jar:/home/runner/.m2/repository/org/slf4j/slf4j-reload4j/1.7.36/slf4j-reload4j-1.7.36.jar:/home/runner/.m2/repository/org/mockito/mockito-core/3.5.9/mockito-core-3.5.9.jar:/home/runner/.m2/repository/net/bytebuddy/byte-buddy/1.10.13/byte-buddy-1.10.13.jar:/home/runner/.m2/repository/net/bytebuddy/byte-buddy-agent/1.10.13/byte-buddy-agent-1.10.13.jar:/home/runner/.m2/repository/org/objenesis/objenesis/1.0/objenesis-1.0.jar:/home/runner/work/ozone/ozone/hadoop-ozone/client/target/gradle-enterprise/test-listeners.jar:"/>
    <property name="java.vm.vendor" value="Temurin"/>
    <property name="sun.arch.data.model" value="64"/>
    <property name="test.build.dir" value="/home/runner/work/ozone/ozone/hadoop-ozone/client/target/test-dir"/>
    <property name="test.cache.data" value=""/>
    <property name="java.vendor.url" value="https://adoptium.net/"/>
    <property name="user.timezone" value="Etc/UTC"/>
    <property name="os.name" value="Linux"/>
    <property name="java.vm.specification.version" value="1.8"/>
    <property name="test.build.data" value="/home/runner/work/ozone/ozone/hadoop-ozone/client/target/test-dir"/>
    <property name="sun.java.launcher" value="SUN_STANDARD"/>
    <property name="sun.boot.library.path" value="/usr/lib/jvm/temurin-8-jdk-amd64/jre/lib/amd64"/>
    <property name="sun.java.command" value="/home/runner/work/ozone/ozone/hadoop-ozone/client/target/surefire/surefirebooter8975728339088284245.jar /home/runner/work/ozone/ozone/hadoop-ozone/client/target/surefire 2023-11-08T20-55-53_288-jvmRun1 surefire3594596911298147969tmp surefire_277235296880631404889tmp"/>
    <property name="native.lib.tmp.dir" value="/tmp"/>
    <property name="surefire.test.class.path" value="/home/runner/work/ozone/ozone/hadoop-ozone/client/target/test-classes:/home/runner/work/ozone/ozone/hadoop-ozone/client/target/classes:/home/runner/work/ozone/ozone/hadoop-hdds/test-utils/target/classes:/home/runner/.m2/repository/com/google/guava/guava/32.0.0-jre/guava-32.0.0-jre.jar:/home/runner/.m2/repository/com/google/guava/failureaccess/1.0.1/failureaccess-1.0.1.jar:/home/runner/.m2/repository/com/google/guava/listenablefuture/9999.0-empty-to-avoid-conflict-with-guava/listenablefuture-9999.0-empty-to-avoid-conflict-with-guava.jar:/home/runner/.m2/repository/com/google/code/findbugs/jsr305/3.0.0/jsr305-3.0.0.jar:/home/runner/.m2/repository/org/checkerframework/checker-qual/3.33.0/checker-qual-3.33.0.jar:/home/runner/.m2/repository/com/google/errorprone/error_prone_annotations/2.2.0/error_prone_annotations-2.2.0.jar:/home/runner/.m2/repository/com/google/j2objc/j2objc-annotations/2.8/j2objc-annotations-2.8.jar:/home/runner/.m2/repository/commons-io/commons-io/2.11.0/commons-io-2.11.0.jar:/home/runner/.m2/repository/commons-logging/commons-logging/1.2/commons-logging-1.2.jar:/home/runner/.m2/repository/org/junit/jupiter/junit-jupiter-api/5.8.2/junit-jupiter-api-5.8.2.jar:/home/runner/.m2/repository/org/opentest4j/opentest4j/1.2.0/opentest4j-1.2.0.jar:/home/runner/.m2/repository/org/junit/platform/junit-platform-commons/1.8.2/junit-platform-commons-1.8.2.jar:/home/runner/.m2/repository/org/apiguardian/apiguardian-api/1.1.2/apiguardian-api-1.1.2.jar:/home/runner/.m2/repository/org/apache/commons/commons-lang3/3.7/commons-lang3-3.7.jar:/home/runner/.m2/repository/org/slf4j/slf4j-api/1.7.36/slf4j-api-1.7.36.jar:/home/runner/.m2/repository/org/apache/logging/log4j/log4j-api/2.17.1/log4j-api-2.17.1.jar:/home/runner/work/ozone/ozone/hadoop-ozone/common/target/classes:/home/runner/.m2/repository/io/grpc/grpc-netty/1.51.1/grpc-netty-1.51.1.jar:/home/runner/.m2/repository/io/grpc/grpc-core/1.51.1/grpc-core-1.51.1.jar:/home/runner/.m2/repository/com/google/code/gson/gson/2.9.0/gson-2.9.0.jar:/home/runner/.m2/repository/com/google/android/annotations/4.1.1.4/annotations-4.1.1.4.jar:/home/runner/.m2/repository/org/codehaus/mojo/animal-sniffer-annotations/1.21/animal-sniffer-annotations-1.21.jar:/home/runner/.m2/repository/io/perfmark/perfmark-api/0.25.0/perfmark-api-0.25.0.jar:/home/runner/.m2/repository/io/netty/netty-transport-native-unix-common/4.1.100.Final/netty-transport-native-unix-common-4.1.100.Final.jar:/home/runner/.m2/repository/io/netty/netty-codec-http2/4.1.100.Final/netty-codec-http2-4.1.100.Final.jar:/home/runner/.m2/repository/io/netty/netty-common/4.1.100.Final/netty-common-4.1.100.Final.jar:/home/runner/.m2/repository/io/netty/netty-buffer/4.1.100.Final/netty-buffer-4.1.100.Final.jar:/home/runner/.m2/repository/io/netty/netty-transport/4.1.100.Final/netty-transport-4.1.100.Final.jar:/home/runner/.m2/repository/io/netty/netty-resolver/4.1.100.Final/netty-resolver-4.1.100.Final.jar:/home/runner/.m2/repository/io/netty/netty-codec/4.1.100.Final/netty-codec-4.1.100.Final.jar:/home/runner/.m2/repository/io/netty/netty-handler/4.1.100.Final/netty-handler-4.1.100.Final.jar:/home/runner/.m2/repository/io/netty/netty-codec-http/4.1.100.Final/netty-codec-http-4.1.100.Final.jar:/home/runner/.m2/repository/io/netty/netty-handler-proxy/4.1.100.Final/netty-handler-proxy-4.1.100.Final.jar:/home/runner/.m2/repository/io/netty/netty-codec-socks/4.1.100.Final/netty-codec-socks-4.1.100.Final.jar:/home/runner/.m2/repository/io/netty/netty-tcnative-boringssl-static/2.0.61.Final/netty-tcnative-boringssl-static-2.0.61.Final.jar:/home/runner/.m2/repository/io/netty/netty-tcnative-classes/2.0.61.Final/netty-tcnative-classes-2.0.61.Final.jar:/home/runner/.m2/repository/io/netty/netty-tcnative-boringssl-static/2.0.61.Final/netty-tcnative-boringssl-static-2.0.61.Final-linux-x86_64.jar:/home/runner/.m2/repository/io/netty/netty-tcnative-boringssl-static/2.0.61.Final/netty-tcnative-boringssl-static-2.0.61.Final-linux-aarch_64.jar:/home/runner/.m2/repository/io/netty/netty-tcnative-boringssl-static/2.0.61.Final/netty-tcnative-boringssl-static-2.0.61.Final-osx-x86_64.jar:/home/runner/.m2/repository/io/netty/netty-tcnative-boringssl-static/2.0.61.Final/netty-tcnative-boringssl-static-2.0.61.Final-osx-aarch_64.jar:/home/runner/.m2/repository/io/netty/netty-tcnative-boringssl-static/2.0.61.Final/netty-tcnative-boringssl-static-2.0.61.Final-windows-x86_64.jar:/home/runner/.m2/repository/org/apache/commons/commons-compress/1.21/commons-compress-1.21.jar:/home/runner/work/ozone/ozone/hadoop-hdds/common/target/classes:/home/runner/work/ozone/ozone/hadoop-hdds/client/target/classes:/home/runner/work/ozone/ozone/hadoop-ozone/interface-client/target/classes:/home/runner/.m2/repository/io/grpc/grpc-protobuf/1.51.1/grpc-protobuf-1.51.1.jar:/home/runner/.m2/repository/com/google/api/grpc/proto-google-common-protos/2.9.0/proto-google-common-protos-2.9.0.jar:/home/runner/.m2/repository/io/grpc/grpc-protobuf-lite/1.51.1/grpc-protobuf-lite-1.51.1.jar:/home/runner/.m2/repository/io/grpc/grpc-stub/1.51.1/grpc-stub-1.51.1.jar:/home/runner/.m2/repository/org/apache/hadoop/hadoop-hdfs-client/3.3.6/hadoop-hdfs-client-3.3.6.jar:/home/runner/.m2/repository/com/squareup/okhttp3/okhttp/4.9.3/okhttp-4.9.3.jar:/home/runner/.m2/repository/com/squareup/okio/okio/3.4.0/okio-3.4.0.jar:/home/runner/.m2/repository/com/squareup/okio/okio-jvm/3.4.0/okio-jvm-3.4.0.jar:/home/runner/.m2/repository/org/jetbrains/kotlin/kotlin-stdlib-jdk8/1.8.0/kotlin-stdlib-jdk8-1.8.0.jar:/home/runner/.m2/repository/org/jetbrains/kotlin/kotlin-stdlib-jdk7/1.8.0/kotlin-stdlib-jdk7-1.8.0.jar:/home/runner/.m2/repository/org/jetbrains/kotlin/kotlin-stdlib-common/1.6.21/kotlin-stdlib-common-1.6.21.jar:/home/runner/.m2/repository/com/fasterxml/jackson/core/jackson-databind/2.13.4.2/jackson-databind-2.13.4.2.jar:/home/runner/work/ozone/ozone/hadoop-hdds/erasurecode/target/classes:/home/runner/.m2/repository/com/github/spotbugs/spotbugs-annotations/3.1.12/spotbugs-annotations-3.1.12.jar:/home/runner/work/ozone/ozone/hadoop-hdds/common/target/test-classes:/home/runner/work/ozone/ozone/hadoop-hdds/hadoop-dependency-client/target/classes:/home/runner/.m2/repository/org/apache/hadoop/hadoop-annotations/3.3.6/hadoop-annotations-3.3.6.jar:/usr/lib/jvm/temurin-8-jdk-amd64/jre/../lib/tools.jar:/home/runner/.m2/repository/org/apache/hadoop/hadoop-common/3.3.6/hadoop-common-3.3.6.jar:/home/runner/.m2/repository/org/apache/hadoop/thirdparty/hadoop-shaded-guava/1.1.1/hadoop-shaded-guava-1.1.1.jar:/home/runner/.m2/repository/org/apache/httpcomponents/httpclient/4.5.13/httpclient-4.5.13.jar:/home/runner/.m2/repository/org/apache/httpcomponents/httpcore/4.4.13/httpcore-4.4.13.jar:/home/runner/.m2/repository/jakarta/activation/jakarta.activation-api/1.2.2/jakarta.activation-api-1.2.2.jar:/home/runner/.m2/repository/org/apache/commons/commons-configuration2/2.1.1/commons-configuration2-2.1.1.jar:/home/runner/.m2/repository/com/google/re2j/re2j/1.1/re2j-1.1.jar:/home/runner/.m2/repository/org/apache/hadoop/hadoop-auth/3.3.6/hadoop-auth-3.3.6.jar:/home/runner/.m2/repository/org/apache/kerby/kerb-core/1.0.1/kerb-core-1.0.1.jar:/home/runner/.m2/repository/org/apache/kerby/kerby-pkix/1.0.1/kerby-pkix-1.0.1.jar:/home/runner/.m2/repository/org/apache/kerby/kerby-asn1/1.0.1/kerby-asn1-1.0.1.jar:/home/runner/.m2/repository/org/apache/kerby/kerby-util/1.0.1/kerby-util-1.0.1.jar:/home/runner/.m2/repository/org/codehaus/woodstox/stax2-api/4.2.1/stax2-api-4.2.1.jar:/home/runner/.m2/repository/com/fasterxml/woodstox/woodstox-core/5.4.0/woodstox-core-5.4.0.jar:/home/runner/.m2/repository/org/xerial/snappy/snappy-java/1.1.8.2/snappy-java-1.1.8.2.jar:/home/runner/.m2/repository/org/apache/hadoop/hadoop-hdfs/3.3.6/hadoop-hdfs-3.3.6.jar:/home/runner/.m2/repository/info/picocli/picocli/4.6.1/picocli-4.6.1.jar:/home/runner/.m2/repository/com/google/protobuf/protobuf-java/2.5.0/protobuf-java-2.5.0.jar:/home/runner/.m2/repository/com/fasterxml/jackson/core/jackson-annotations/2.13.4/jackson-annotations-2.13.4.jar:/home/runner/.m2/repository/com/fasterxml/jackson/datatype/jackson-datatype-jsr310/2.13.4/jackson-datatype-jsr310-2.13.4.jar:/home/runner/.m2/repository/com/fasterxml/jackson/core/jackson-core/2.13.4/jackson-core-2.13.4.jar:/home/runner/work/ozone/ozone/hadoop-hdds/annotations/target/classes:/home/runner/work/ozone/ozone/hadoop-hdds/config/target/classes:/home/runner/.m2/repository/javax/annotation/javax.annotation-api/1.2/javax.annotation-api-1.2.jar:/home/runner/.m2/repository/io/dropwizard/metrics/metrics-core/3.2.4/metrics-core-3.2.4.jar:/home/runner/.m2/repository/org/apache/ratis/ratis-server/2.5.1/ratis-server-2.5.1.jar:/home/runner/.m2/repository/org/apache/ratis/ratis-thirdparty-misc/1.0.4/ratis-thirdparty-misc-1.0.4.jar:/home/runner/.m2/repository/org/apache/ratis/ratis-proto/2.5.1/ratis-proto-2.5.1.jar:/home/runner/.m2/repository/org/apache/ratis/ratis-common/2.5.1/ratis-common-2.5.1.jar:/home/runner/.m2/repository/org/apache/ratis/ratis-client/2.5.1/ratis-client-2.5.1.jar:/home/runner/.m2/repository/org/apache/ratis/ratis-server-api/2.5.1/ratis-server-api-2.5.1.jar:/home/runner/.m2/repository/org/apache/ratis/ratis-metrics/2.5.1/ratis-metrics-2.5.1.jar:/home/runner/.m2/repository/org/apache/ratis/ratis-netty/2.5.1/ratis-netty-2.5.1.jar:/home/runner/.m2/repository/org/apache/ratis/ratis-grpc/2.5.1/ratis-grpc-2.5.1.jar:/home/runner/.m2/repository/org/apache/commons/commons-pool2/2.6.0/commons-pool2-2.6.0.jar:/home/runner/.m2/repository/org/bouncycastle/bcpkix-jdk15on/1.67/bcpkix-jdk15on-1.67.jar:/home/runner/.m2/repository/org/bouncycastle/bcprov-jdk15on/1.67/bcprov-jdk15on-1.67.jar:/home/runner/.m2/repository/commons-validator/commons-validator/1.6/commons-validator-1.6.jar:/home/runner/.m2/repository/commons-beanutils/commons-beanutils/1.9.4/commons-beanutils-1.9.4.jar:/home/runner/.m2/repository/commons-digester/commons-digester/1.8.1/commons-digester-1.8.1.jar:/home/runner/.m2/repository/commons-collections/commons-collections/3.2.2/commons-collections-3.2.2.jar:/home/runner/.m2/repository/io/jaegertracing/jaeger-client/1.6.0/jaeger-client-1.6.0.jar:/home/runner/.m2/repository/io/jaegertracing/jaeger-thrift/1.6.0/jaeger-thrift-1.6.0.jar:/home/runner/.m2/repository/org/apache/thrift/libthrift/0.14.1/libthrift-0.14.1.jar:/home/runner/.m2/repository/io/jaegertracing/jaeger-core/1.6.0/jaeger-core-1.6.0.jar:/home/runner/.m2/repository/io/jaegertracing/jaeger-tracerresolver/1.6.0/jaeger-tracerresolver-1.6.0.jar:/home/runner/.m2/repository/io/opentracing/contrib/opentracing-tracerresolver/0.1.8/opentracing-tracerresolver-0.1.8.jar:/home/runner/.m2/repository/org/jetbrains/kotlin/kotlin-stdlib/1.6.21/kotlin-stdlib-1.6.21.jar:/home/runner/.m2/repository/org/jetbrains/annotations/13.0/annotations-13.0.jar:/home/runner/.m2/repository/io/opentracing/opentracing-util/0.33.0/opentracing-util-0.33.0.jar:/home/runner/.m2/repository/io/opentracing/opentracing-api/0.33.0/opentracing-api-0.33.0.jar:/home/runner/.m2/repository/io/opentracing/opentracing-noop/0.33.0/opentracing-noop-0.33.0.jar:/home/runner/.m2/repository/org/yaml/snakeyaml/2.0/snakeyaml-2.0.jar:/home/runner/.m2/repository/org/reflections/reflections/0.9.11/reflections-0.9.11.jar:/home/runner/.m2/repository/org/javassist/javassist/3.21.0-GA/javassist-3.21.0-GA.jar:/home/runner/work/ozone/ozone/hadoop-hdds/interface-client/target/classes:/home/runner/.m2/repository/org/apache/hadoop/thirdparty/hadoop-shaded-protobuf_3_7/1.1.1/hadoop-shaded-protobuf_3_7-1.1.1.jar:/home/runner/work/ozone/ozone/hadoop-hdds/interface-admin/target/classes:/home/runner/.m2/repository/io/grpc/grpc-api/1.51.1/grpc-api-1.51.1.jar:/home/runner/.m2/repository/io/grpc/grpc-context/1.51.1/grpc-context-1.51.1.jar:/home/runner/.m2/repository/com/fasterxml/uuid/java-uuid-generator/4.3.0/java-uuid-generator-4.3.0.jar:/home/runner/work/ozone/ozone/hadoop-hdds/client/target/test-classes:/home/runner/.m2/repository/junit/junit/4.13.1/junit-4.13.1.jar:/home/runner/.m2/repository/org/hamcrest/hamcrest-core/1.3/hamcrest-core-1.3.jar:/home/runner/.m2/repository/ch/qos/reload4j/reload4j/1.2.22/reload4j-1.2.22.jar:/home/runner/.m2/repository/org/slf4j/slf4j-reload4j/1.7.36/slf4j-reload4j-1.7.36.jar:/home/runner/.m2/repository/org/mockito/mockito-core/3.5.9/mockito-core-3.5.9.jar:/home/runner/.m2/repository/net/bytebuddy/byte-buddy/1.10.13/byte-buddy-1.10.13.jar:/home/runner/.m2/repository/net/bytebuddy/byte-buddy-agent/1.10.13/byte-buddy-agent-1.10.13.jar:/home/runner/.m2/repository/org/objenesis/objenesis/1.0/objenesis-1.0.jar:/home/runner/work/ozone/ozone/hadoop-ozone/client/target/gradle-enterprise/test-listeners.jar:"/>
    <property name="sun.cpu.endian" value="little"/>
    <property name="user.home" value="/home/runner"/>
    <property name="user.language" value="en"/>
    <property name="java.specification.vendor" value="Oracle Corporation"/>
    <property name="java.home" value="/usr/lib/jvm/temurin-8-jdk-amd64/jre"/>
    <property name="java.security.krb5.conf" value="/home/runner/work/ozone/ozone/hadoop-ozone/client/target/test-classes/krb5.conf"/>
    <property name="file.separator" value="/"/>
    <property name="basedir" value="/home/runner/work/ozone/ozone/hadoop-ozone/client"/>
    <property name="line.separator" value="&#10;"/>
    <property name="java.vm.specification.vendor" value="Oracle Corporation"/>
    <property name="java.specification.name" value="Java Platform API Specification"/>
    <property name="skip.installnpx" value="true"/>
    <property name="java.awt.graphicsenv" value="sun.awt.X11GraphicsEnvironment"/>
    <property name="surefire.real.class.path" value="/home/runner/work/ozone/ozone/hadoop-ozone/client/target/surefire/surefirebooter8975728339088284245.jar:/home/runner/.m2/repository/org/jacoco/org.jacoco.agent/0.8.5/org.jacoco.agent-0.8.5-runtime.jar"/>
    <property name="sun.boot.class.path" value="/usr/lib/jvm/temurin-8-jdk-amd64/jre/lib/resources.jar:/usr/lib/jvm/temurin-8-jdk-amd64/jre/lib/rt.jar:/usr/lib/jvm/temurin-8-jdk-amd64/jre/lib/sunrsasign.jar:/usr/lib/jvm/temurin-8-jdk-amd64/jre/lib/jsse.jar:/usr/lib/jvm/temurin-8-jdk-amd64/jre/lib/jce.jar:/usr/lib/jvm/temurin-8-jdk-amd64/jre/lib/charsets.jar:/usr/lib/jvm/temurin-8-jdk-amd64/jre/lib/jfr.jar:/usr/lib/jvm/temurin-8-jdk-amd64/jre/classes"/>
    <property name="hadoop.log.dir" value="/home/runner/work/ozone/ozone/hadoop-ozone/client/target/log"/>
    <property name="sun.management.compiler" value="HotSpot 64-Bit Tiered Compilers"/>
    <property name="java.runtime.version" value="1.8.0_382-b05"/>
    <property name="skip.npx" value="true"/>
    <property name="user.name" value="runner"/>
    <property name="java.net.preferIPv4Stack" value="true"/>
    <property name="path.separator" value=":"/>
    <property name="java.security.egd" value="file:///dev/urandom"/>
    <property name="os.version" value="5.15.0-1050-azure"/>
    <property name="java.endorsed.dirs" value="/usr/lib/jvm/temurin-8-jdk-amd64/jre/lib/endorsed"/>
    <property name="java.runtime.name" value="OpenJDK Runtime Environment"/>
    <property name="com.gradle.maven.scan.extension.test.listener.junitplatform.NestedExecutionSafeDelegatingTestExecutionListener" value="49c90a9c"/>
    <property name="file.encoding" value="UTF-8"/>
    <property name="java.vm.name" value="OpenJDK 64-Bit Server VM"/>
    <property name="test.build.webapps" value=""/>
    <property name="localRepository" value="/home/runner/.m2/repository"/>
    <property name="gradle.enterprise.listener.port" value="40797"/>
    <property name="java.vendor.url.bug" value="https://github.com/adoptium/adoptium-support/issues"/>
    <property name="require.test.libhadoop" value=""/>
    <property name="java.io.tmpdir" value="/tmp"/>
    <property name="java.version" value="1.8.0_382"/>
    <property name="user.dir" value="/home/runner/work/ozone/ozone/hadoop-ozone/client"/>
    <property name="os.arch" value="amd64"/>
    <property name="test.build.classes" value="/home/runner/work/ozone/ozone/hadoop-ozone/client/target/test-classes"/>
    <property name="java.vm.specification.name" value="Java Virtual Machine Specification"/>
    <property name="java.awt.printerjob" value="sun.print.PSPrinterJob"/>
    <property name="sun.os.patch.level" value="unknown"/>
    <property name="excludedGroups" value="native | unhealthy | org.apache.ozone.test.UnhealthyTest"/>
    <property name="hadoop.tmp.dir" value="/home/runner/work/ozone/ozone/hadoop-ozone/client/target/tmp"/>
    <property name="java.library.path" value="/usr/java/packages/lib/amd64:/usr/lib64:/lib64:/lib:/usr/lib"/>
    <property name="java.vendor" value="Temurin"/>
    <property name="java.vm.info" value="mixed mode"/>
    <property name="java.vm.version" value="25.382-b05"/>
    <property name="java.specification.maintenance.version" value="5"/>
    <property name="sun.io.unicode.encoding" value="UnicodeLittle"/>
    <property name="java.ext.dirs" value="/usr/lib/jvm/temurin-8-jdk-amd64/jre/lib/ext:/usr/java/packages/lib/ext"/>
    <property name="java.class.version" value="52.0"/>
  </properties>
  <testcase name="testCommitKeyInfo" classname="org.apache.hadoop.ozone.client.TestOzoneECClient" time="1.147">
    <system-out><![CDATA[2023-11-08 20:57:18,721 [main] WARN  util.NativeCodeLoader (NativeCodeLoader.java:<clinit>(60)) - Unable to load native-hadoop library for your platform... using builtin-java classes where applicable
2023-11-08 20:57:19,343 [main] INFO  rpc.RpcClient (RpcClient.java:createVolume(461)) - Creating Volume: 2c26e003-1295-4689-aea0-e637201e685e, with runner as owner and space quota set to -1 bytes, counts quota set to -1
2023-11-08 20:57:19,364 [main] INFO  rpc.RpcClient (RpcClient.java:createBucket(688)) - Creating Bucket: 2c26e003-1295-4689-aea0-e637201e685e/99a73850-50b7-49e4-b3ce-18f2426f063c, with server-side default bucket layout, runner as owner, Versioning false, Storage Type set to DISK and Encryption set to false, Replication Type set to EC, Namespace Quota set to -1, Space Quota set to -1 
2023-11-08 20:57:19,454 [main] WARN  erasurecode.ErasureCodeNative (ErasureCodeNative.java:<clinit>(55)) - ISA-L support is not available in your platform... using builtin-java codec where applicable
]]></system-out>
  </testcase>
  <testcase name="testStripeWriteRetriesOn4FailuresWith3RetriesAllowed" classname="org.apache.hadoop.ozone.client.TestOzoneECClient" time="0.075">
    <system-out><![CDATA[2023-11-08 20:57:19,793 [main] INFO  rpc.RpcClient (RpcClient.java:createVolume(461)) - Creating Volume: a77cd5ac-14e2-46e7-9def-f253e31f2078, with runner as owner and space quota set to -1 bytes, counts quota set to -1
2023-11-08 20:57:19,795 [main] INFO  rpc.RpcClient (RpcClient.java:createBucket(688)) - Creating Bucket: a77cd5ac-14e2-46e7-9def-f253e31f2078/b3004b53-dc64-4bdc-9263-db0aeff4b9f4, with server-side default bucket layout, runner as owner, Versioning false, Storage Type set to DISK and Encryption set to false, Replication Type set to server-side default replication type, Namespace Quota set to -1, Space Quota set to -1 
2023-11-08 20:57:19,830 [pool-24-thread-1] WARN  io.KeyOutputStream (ECKeyOutputStream.java:logStreamError(241)) - EC stripe write failed: F S S S S
2023-11-08 20:57:19,831 [pool-24-thread-1] WARN  io.KeyOutputStream (ECKeyOutputStream.java:logStreamError(243)) - Failure for replica index: 1, DatanodeDetails: 00000000-0000-0000-0000-000000000000(localhost/1.2.3.4)
java.io.IOException: Unexpected Storage Container Exception: org.apache.hadoop.hdds.scm.container.common.helpers.StorageContainerException: 
	at org.apache.hadoop.hdds.scm.storage.BlockOutputStream.setIoException(BlockOutputStream.java:634)
	at org.apache.hadoop.hdds.scm.storage.ECBlockOutputStream.validateResponse(ECBlockOutputStream.java:303)
	at org.apache.hadoop.hdds.scm.storage.BlockOutputStream.lambda$writeChunkToContainer$2(BlockOutputStream.java:729)
	at java.util.concurrent.CompletableFuture.uniApply(CompletableFuture.java:616)
	at java.util.concurrent.CompletableFuture$UniApply.tryFire(CompletableFuture.java:591)
	at java.util.concurrent.CompletableFuture$Completion.run(CompletableFuture.java:456)
	at java.util.concurrent.ThreadPoolExecutor.runWorker(ThreadPoolExecutor.java:1149)
	at java.util.concurrent.ThreadPoolExecutor$Worker.run(ThreadPoolExecutor.java:624)
	at java.lang.Thread.run(Thread.java:750)
Caused by: org.apache.hadoop.hdds.scm.container.common.helpers.StorageContainerException: 
	at org.apache.hadoop.hdds.scm.storage.ContainerProtocolCalls.validateContainerResponse(ContainerProtocolCalls.java:674)
	at org.apache.hadoop.hdds.scm.storage.ECBlockOutputStream.validateResponse(ECBlockOutputStream.java:301)
	... 7 more
2023-11-08 20:57:19,841 [pool-24-thread-1] WARN  io.KeyOutputStream (ECKeyOutputStream.java:logStreamError(241)) - EC stripe write failed: F S S S S
2023-11-08 20:57:19,841 [pool-24-thread-1] WARN  io.KeyOutputStream (ECKeyOutputStream.java:logStreamError(243)) - Failure for replica index: 1, DatanodeDetails: 00000000-0000-0005-0000-000000000005(localhost/1.2.3.4)
java.io.IOException: Unexpected Storage Container Exception: org.apache.hadoop.hdds.scm.container.common.helpers.StorageContainerException: 
	at org.apache.hadoop.hdds.scm.storage.BlockOutputStream.setIoException(BlockOutputStream.java:634)
	at org.apache.hadoop.hdds.scm.storage.ECBlockOutputStream.validateResponse(ECBlockOutputStream.java:303)
	at org.apache.hadoop.hdds.scm.storage.BlockOutputStream.lambda$writeChunkToContainer$2(BlockOutputStream.java:729)
	at java.util.concurrent.CompletableFuture.uniApply(CompletableFuture.java:616)
	at java.util.concurrent.CompletableFuture$UniApply.tryFire(CompletableFuture.java:591)
	at java.util.concurrent.CompletableFuture$Completion.run(CompletableFuture.java:456)
	at java.util.concurrent.ThreadPoolExecutor.runWorker(ThreadPoolExecutor.java:1149)
	at java.util.concurrent.ThreadPoolExecutor$Worker.run(ThreadPoolExecutor.java:624)
	at java.lang.Thread.run(Thread.java:750)
Caused by: org.apache.hadoop.hdds.scm.container.common.helpers.StorageContainerException: 
	at org.apache.hadoop.hdds.scm.storage.ContainerProtocolCalls.validateContainerResponse(ContainerProtocolCalls.java:674)
	at org.apache.hadoop.hdds.scm.storage.ECBlockOutputStream.validateResponse(ECBlockOutputStream.java:301)
	... 7 more
2023-11-08 20:57:19,845 [pool-24-thread-1] WARN  io.KeyOutputStream (ECKeyOutputStream.java:logStreamError(241)) - EC stripe write failed: F S S S S
2023-11-08 20:57:19,846 [pool-24-thread-1] WARN  io.KeyOutputStream (ECKeyOutputStream.java:logStreamError(243)) - Failure for replica index: 1, DatanodeDetails: 00000000-0000-000a-0000-00000000000a(localhost/1.2.3.4)
java.io.IOException: Unexpected Storage Container Exception: org.apache.hadoop.hdds.scm.container.common.helpers.StorageContainerException: 
	at org.apache.hadoop.hdds.scm.storage.BlockOutputStream.setIoException(BlockOutputStream.java:634)
	at org.apache.hadoop.hdds.scm.storage.ECBlockOutputStream.validateResponse(ECBlockOutputStream.java:303)
	at org.apache.hadoop.hdds.scm.storage.BlockOutputStream.lambda$writeChunkToContainer$2(BlockOutputStream.java:729)
	at java.util.concurrent.CompletableFuture.uniApply(CompletableFuture.java:616)
	at java.util.concurrent.CompletableFuture$UniApply.tryFire(CompletableFuture.java:591)
	at java.util.concurrent.CompletableFuture$Completion.run(CompletableFuture.java:456)
	at java.util.concurrent.ThreadPoolExecutor.runWorker(ThreadPoolExecutor.java:1149)
	at java.util.concurrent.ThreadPoolExecutor$Worker.run(ThreadPoolExecutor.java:624)
	at java.lang.Thread.run(Thread.java:750)
Caused by: org.apache.hadoop.hdds.scm.container.common.helpers.StorageContainerException: 
	at org.apache.hadoop.hdds.scm.storage.ContainerProtocolCalls.validateContainerResponse(ContainerProtocolCalls.java:674)
	at org.apache.hadoop.hdds.scm.storage.ECBlockOutputStream.validateResponse(ECBlockOutputStream.java:301)
	... 7 more
2023-11-08 20:57:19,849 [pool-24-thread-1] WARN  io.KeyOutputStream (ECKeyOutputStream.java:logStreamError(241)) - EC stripe write failed: F S S S S
2023-11-08 20:57:19,849 [pool-24-thread-1] WARN  io.KeyOutputStream (ECKeyOutputStream.java:logStreamError(243)) - Failure for replica index: 1, DatanodeDetails: 00000000-0000-000f-0000-00000000000f(localhost/1.2.3.4)
java.io.IOException: Unexpected Storage Container Exception: org.apache.hadoop.hdds.scm.container.common.helpers.StorageContainerException: 
	at org.apache.hadoop.hdds.scm.storage.BlockOutputStream.setIoException(BlockOutputStream.java:634)
	at org.apache.hadoop.hdds.scm.storage.ECBlockOutputStream.validateResponse(ECBlockOutputStream.java:303)
	at org.apache.hadoop.hdds.scm.storage.BlockOutputStream.lambda$writeChunkToContainer$2(BlockOutputStream.java:729)
	at java.util.concurrent.CompletableFuture.uniApply(CompletableFuture.java:616)
	at java.util.concurrent.CompletableFuture$UniApply.tryFire(CompletableFuture.java:591)
	at java.util.concurrent.CompletableFuture$Completion.run(CompletableFuture.java:456)
	at java.util.concurrent.ThreadPoolExecutor.runWorker(ThreadPoolExecutor.java:1149)
	at java.util.concurrent.ThreadPoolExecutor$Worker.run(ThreadPoolExecutor.java:624)
	at java.lang.Thread.run(Thread.java:750)
Caused by: org.apache.hadoop.hdds.scm.container.common.helpers.StorageContainerException: 
	at org.apache.hadoop.hdds.scm.storage.ContainerProtocolCalls.validateContainerResponse(ContainerProtocolCalls.java:674)
	at org.apache.hadoop.hdds.scm.storage.ECBlockOutputStream.validateResponse(ECBlockOutputStream.java:301)
	... 7 more
]]></system-out>
  </testcase>
  <testcase name="testWriteShouldSuccessIfLessThanParityNodesFail" classname="org.apache.hadoop.ozone.client.TestOzoneECClient" time="0.167">
    <system-out><![CDATA[2023-11-08 20:57:19,868 [main] INFO  rpc.RpcClient (RpcClient.java:createVolume(461)) - Creating Volume: 71903f11-7855-472d-9dfc-9bdd1ae5b2ae, with runner as owner and space quota set to -1 bytes, counts quota set to -1
2023-11-08 20:57:19,869 [main] INFO  rpc.RpcClient (RpcClient.java:createBucket(688)) - Creating Bucket: 71903f11-7855-472d-9dfc-9bdd1ae5b2ae/967a9e23-c230-4d56-b4f8-8fff4eba4232, with server-side default bucket layout, runner as owner, Versioning false, Storage Type set to DISK and Encryption set to false, Replication Type set to server-side default replication type, Namespace Quota set to -1, Space Quota set to -1 
2023-11-08 20:57:19,992 [pool-45-thread-1] WARN  io.KeyOutputStream (ECKeyOutputStream.java:logStreamError(241)) - EC stripe write failed: F S S S S
2023-11-08 20:57:19,993 [pool-45-thread-1] WARN  io.KeyOutputStream (ECKeyOutputStream.java:logStreamError(243)) - Failure for replica index: 1, DatanodeDetails: 00000000-0000-0000-0000-000000000000(localhost/1.2.3.4)
java.io.IOException: Unexpected Storage Container Exception: org.apache.hadoop.hdds.scm.container.common.helpers.StorageContainerException: 
	at org.apache.hadoop.hdds.scm.storage.BlockOutputStream.setIoException(BlockOutputStream.java:634)
	at org.apache.hadoop.hdds.scm.storage.ECBlockOutputStream.validateResponse(ECBlockOutputStream.java:303)
	at org.apache.hadoop.hdds.scm.storage.BlockOutputStream.lambda$writeChunkToContainer$2(BlockOutputStream.java:729)
	at java.util.concurrent.CompletableFuture.uniApply(CompletableFuture.java:616)
	at java.util.concurrent.CompletableFuture$UniApply.tryFire(CompletableFuture.java:591)
	at java.util.concurrent.CompletableFuture$Completion.run(CompletableFuture.java:456)
	at java.util.concurrent.ThreadPoolExecutor.runWorker(ThreadPoolExecutor.java:1149)
	at java.util.concurrent.ThreadPoolExecutor$Worker.run(ThreadPoolExecutor.java:624)
	at java.lang.Thread.run(Thread.java:750)
Caused by: org.apache.hadoop.hdds.scm.container.common.helpers.StorageContainerException: 
	at org.apache.hadoop.hdds.scm.storage.ContainerProtocolCalls.validateContainerResponse(ContainerProtocolCalls.java:674)
	at org.apache.hadoop.hdds.scm.storage.ECBlockOutputStream.validateResponse(ECBlockOutputStream.java:301)
	... 7 more
]]></system-out>
  </testcase>
  <testcase name="testChunksInSingleWriteOpWithOffset" classname="org.apache.hadoop.ozone.client.TestOzoneECClient" time="0.04">
    <system-out><![CDATA[2023-11-08 20:57:20,048 [main] INFO  rpc.RpcClient (RpcClient.java:createVolume(461)) - Creating Volume: 629352d1-f641-4c8b-a414-e75932fb7c5c, with runner as owner and space quota set to -1 bytes, counts quota set to -1
2023-11-08 20:57:20,049 [main] INFO  rpc.RpcClient (RpcClient.java:createBucket(688)) - Creating Bucket: 629352d1-f641-4c8b-a414-e75932fb7c5c/b2907813-bbaa-4564-ae2b-d87668e8c4cc, with server-side default bucket layout, runner as owner, Versioning false, Storage Type set to DISK and Encryption set to false, Replication Type set to EC, Namespace Quota set to -1, Space Quota set to -1 
]]></system-out>
  </testcase>
  <testcase name="testExcludeOnDNFailure" classname="org.apache.hadoop.ozone.client.TestOzoneECClient" time="0.244">
    <system-out><![CDATA[2023-11-08 20:57:20,112 [main] INFO  rpc.RpcClient (RpcClient.java:createVolume(461)) - Creating Volume: b62b4261-de55-4d77-82f8-ba81bdcaa360, with runner as owner and space quota set to -1 bytes, counts quota set to -1
2023-11-08 20:57:20,113 [main] INFO  rpc.RpcClient (RpcClient.java:createBucket(688)) - Creating Bucket: b62b4261-de55-4d77-82f8-ba81bdcaa360/97fef511-53ff-4e55-ad9b-d813af4c9302, with server-side default bucket layout, runner as owner, Versioning false, Storage Type set to DISK and Encryption set to false, Replication Type set to server-side default replication type, Namespace Quota set to -1, Space Quota set to -1 
2023-11-08 20:57:20,240 [pool-67-thread-1] WARN  io.KeyOutputStream (ECKeyOutputStream.java:logStreamError(241)) - EC stripe write failed: F F F F F
2023-11-08 20:57:20,240 [pool-67-thread-1] WARN  io.KeyOutputStream (ECKeyOutputStream.java:logStreamError(243)) - Failure for replica index: 1, DatanodeDetails: 00000000-0000-0000-0000-000000000000(localhost/1.2.3.4)
java.io.IOException: Unexpected Storage Container Exception: org.apache.hadoop.hdds.scm.container.common.helpers.StorageContainerException: 
	at org.apache.hadoop.hdds.scm.storage.BlockOutputStream.setIoException(BlockOutputStream.java:634)
	at org.apache.hadoop.hdds.scm.storage.ECBlockOutputStream.validateResponse(ECBlockOutputStream.java:303)
	at org.apache.hadoop.hdds.scm.storage.BlockOutputStream.lambda$writeChunkToContainer$2(BlockOutputStream.java:729)
	at java.util.concurrent.CompletableFuture.uniApply(CompletableFuture.java:616)
	at java.util.concurrent.CompletableFuture$UniApply.tryFire(CompletableFuture.java:591)
	at java.util.concurrent.CompletableFuture$Completion.run(CompletableFuture.java:456)
	at java.util.concurrent.ThreadPoolExecutor.runWorker(ThreadPoolExecutor.java:1149)
	at java.util.concurrent.ThreadPoolExecutor$Worker.run(ThreadPoolExecutor.java:624)
	at java.lang.Thread.run(Thread.java:750)
Caused by: org.apache.hadoop.hdds.scm.container.common.helpers.StorageContainerException: 
	at org.apache.hadoop.hdds.scm.storage.ContainerProtocolCalls.validateContainerResponse(ContainerProtocolCalls.java:674)
	at org.apache.hadoop.hdds.scm.storage.ECBlockOutputStream.validateResponse(ECBlockOutputStream.java:301)
	... 7 more
2023-11-08 20:57:20,241 [pool-67-thread-1] WARN  io.KeyOutputStream (ECKeyOutputStream.java:logStreamError(243)) - Failure for replica index: 2, DatanodeDetails: 00000000-0000-0001-0000-000000000001(localhost/1.2.3.4)
java.io.IOException: Unexpected Storage Container Exception: org.apache.hadoop.hdds.scm.container.common.helpers.StorageContainerException: 
	at org.apache.hadoop.hdds.scm.storage.BlockOutputStream.setIoException(BlockOutputStream.java:634)
	at org.apache.hadoop.hdds.scm.storage.ECBlockOutputStream.validateResponse(ECBlockOutputStream.java:303)
	at org.apache.hadoop.hdds.scm.storage.BlockOutputStream.lambda$writeChunkToContainer$2(BlockOutputStream.java:729)
	at java.util.concurrent.CompletableFuture.uniApply(CompletableFuture.java:616)
	at java.util.concurrent.CompletableFuture$UniApply.tryFire(CompletableFuture.java:591)
	at java.util.concurrent.CompletableFuture$Completion.run(CompletableFuture.java:456)
	at java.util.concurrent.ThreadPoolExecutor.runWorker(ThreadPoolExecutor.java:1149)
	at java.util.concurrent.ThreadPoolExecutor$Worker.run(ThreadPoolExecutor.java:624)
	at java.lang.Thread.run(Thread.java:750)
Caused by: org.apache.hadoop.hdds.scm.container.common.helpers.StorageContainerException: 
	at org.apache.hadoop.hdds.scm.storage.ContainerProtocolCalls.validateContainerResponse(ContainerProtocolCalls.java:674)
	at org.apache.hadoop.hdds.scm.storage.ECBlockOutputStream.validateResponse(ECBlockOutputStream.java:301)
	... 7 more
2023-11-08 20:57:20,242 [pool-67-thread-1] WARN  io.KeyOutputStream (ECKeyOutputStream.java:logStreamError(243)) - Failure for replica index: 3, DatanodeDetails: 00000000-0000-0002-0000-000000000002(localhost/1.2.3.4)
java.io.IOException: Unexpected Storage Container Exception: org.apache.hadoop.hdds.scm.container.common.helpers.StorageContainerException: 
	at org.apache.hadoop.hdds.scm.storage.BlockOutputStream.setIoException(BlockOutputStream.java:634)
	at org.apache.hadoop.hdds.scm.storage.ECBlockOutputStream.validateResponse(ECBlockOutputStream.java:303)
	at org.apache.hadoop.hdds.scm.storage.BlockOutputStream.lambda$writeChunkToContainer$2(BlockOutputStream.java:729)
	at java.util.concurrent.CompletableFuture.uniApply(CompletableFuture.java:616)
	at java.util.concurrent.CompletableFuture$UniApply.tryFire(CompletableFuture.java:591)
	at java.util.concurrent.CompletableFuture$Completion.run(CompletableFuture.java:456)
	at java.util.concurrent.ThreadPoolExecutor.runWorker(ThreadPoolExecutor.java:1149)
	at java.util.concurrent.ThreadPoolExecutor$Worker.run(ThreadPoolExecutor.java:624)
	at java.lang.Thread.run(Thread.java:750)
Caused by: org.apache.hadoop.hdds.scm.container.common.helpers.StorageContainerException: 
	at org.apache.hadoop.hdds.scm.storage.ContainerProtocolCalls.validateContainerResponse(ContainerProtocolCalls.java:674)
	at org.apache.hadoop.hdds.scm.storage.ECBlockOutputStream.validateResponse(ECBlockOutputStream.java:301)
	... 7 more
2023-11-08 20:57:20,242 [pool-67-thread-1] WARN  io.KeyOutputStream (ECKeyOutputStream.java:logStreamError(243)) - Failure for replica index: 4, DatanodeDetails: 00000000-0000-0003-0000-000000000003(localhost/1.2.3.4)
java.io.IOException: Unexpected Storage Container Exception: org.apache.hadoop.hdds.scm.container.common.helpers.StorageContainerException: 
	at org.apache.hadoop.hdds.scm.storage.BlockOutputStream.setIoException(BlockOutputStream.java:634)
	at org.apache.hadoop.hdds.scm.storage.ECBlockOutputStream.validateResponse(ECBlockOutputStream.java:303)
	at org.apache.hadoop.hdds.scm.storage.BlockOutputStream.lambda$writeChunkToContainer$2(BlockOutputStream.java:729)
	at java.util.concurrent.CompletableFuture.uniApply(CompletableFuture.java:616)
	at java.util.concurrent.CompletableFuture$UniApply.tryFire(CompletableFuture.java:591)
	at java.util.concurrent.CompletableFuture$Completion.run(CompletableFuture.java:456)
	at java.util.concurrent.ThreadPoolExecutor.runWorker(ThreadPoolExecutor.java:1149)
	at java.util.concurrent.ThreadPoolExecutor$Worker.run(ThreadPoolExecutor.java:624)
	at java.lang.Thread.run(Thread.java:750)
Caused by: org.apache.hadoop.hdds.scm.container.common.helpers.StorageContainerException: 
	at org.apache.hadoop.hdds.scm.storage.ContainerProtocolCalls.validateContainerResponse(ContainerProtocolCalls.java:674)
	at org.apache.hadoop.hdds.scm.storage.ECBlockOutputStream.validateResponse(ECBlockOutputStream.java:301)
	... 7 more
2023-11-08 20:57:20,243 [pool-67-thread-1] WARN  io.KeyOutputStream (ECKeyOutputStream.java:logStreamError(243)) - Failure for replica index: 5, DatanodeDetails: 00000000-0000-0004-0000-000000000004(localhost/1.2.3.4)
java.io.IOException: Unexpected Storage Container Exception: org.apache.hadoop.hdds.scm.container.common.helpers.StorageContainerException: 
	at org.apache.hadoop.hdds.scm.storage.BlockOutputStream.setIoException(BlockOutputStream.java:634)
	at org.apache.hadoop.hdds.scm.storage.ECBlockOutputStream.validateResponse(ECBlockOutputStream.java:303)
	at org.apache.hadoop.hdds.scm.storage.BlockOutputStream.lambda$writeChunkToContainer$2(BlockOutputStream.java:729)
	at java.util.concurrent.CompletableFuture.uniApply(CompletableFuture.java:616)
	at java.util.concurrent.CompletableFuture$UniApply.tryFire(CompletableFuture.java:591)
	at java.util.concurrent.CompletableFuture$Completion.run(CompletableFuture.java:456)
	at java.util.concurrent.ThreadPoolExecutor.runWorker(ThreadPoolExecutor.java:1149)
	at java.util.concurrent.ThreadPoolExecutor$Worker.run(ThreadPoolExecutor.java:624)
	at java.lang.Thread.run(Thread.java:750)
Caused by: org.apache.hadoop.hdds.scm.container.common.helpers.StorageContainerException: 
	at org.apache.hadoop.hdds.scm.storage.ContainerProtocolCalls.validateContainerResponse(ContainerProtocolCalls.java:674)
	at org.apache.hadoop.hdds.scm.storage.ECBlockOutputStream.validateResponse(ECBlockOutputStream.java:301)
	... 7 more
]]></system-out>
  </testcase>
  <testcase name="testWriteShouldFailIfMoreThanParityNodesFail" classname="org.apache.hadoop.ozone.client.TestOzoneECClient" time="0.135">
    <system-out><![CDATA[2023-11-08 20:57:20,353 [main] INFO  rpc.RpcClient (RpcClient.java:createVolume(461)) - Creating Volume: ebabbe4c-2c55-4139-8f2e-c85c939e4049, with runner as owner and space quota set to -1 bytes, counts quota set to -1
2023-11-08 20:57:20,354 [main] INFO  rpc.RpcClient (RpcClient.java:createBucket(688)) - Creating Bucket: ebabbe4c-2c55-4139-8f2e-c85c939e4049/346968ca-e52c-46f4-9bf3-19e1da5673e7, with server-side default bucket layout, runner as owner, Versioning false, Storage Type set to DISK and Encryption set to false, Replication Type set to server-side default replication type, Namespace Quota set to -1, Space Quota set to -1 
2023-11-08 20:57:20,474 [pool-78-thread-1] WARN  io.KeyOutputStream (ECKeyOutputStream.java:logStreamError(241)) - EC stripe write failed: F F F S S
2023-11-08 20:57:20,474 [pool-78-thread-1] WARN  io.KeyOutputStream (ECKeyOutputStream.java:logStreamError(243)) - Failure for replica index: 1, DatanodeDetails: 00000000-0000-0000-0000-000000000000(localhost/1.2.3.4)
java.io.IOException: Unexpected Storage Container Exception: org.apache.hadoop.hdds.scm.container.common.helpers.StorageContainerException: 
	at org.apache.hadoop.hdds.scm.storage.BlockOutputStream.setIoException(BlockOutputStream.java:634)
	at org.apache.hadoop.hdds.scm.storage.ECBlockOutputStream.validateResponse(ECBlockOutputStream.java:303)
	at org.apache.hadoop.hdds.scm.storage.BlockOutputStream.lambda$writeChunkToContainer$2(BlockOutputStream.java:729)
	at java.util.concurrent.CompletableFuture.uniApply(CompletableFuture.java:616)
	at java.util.concurrent.CompletableFuture$UniApply.tryFire(CompletableFuture.java:591)
	at java.util.concurrent.CompletableFuture$Completion.run(CompletableFuture.java:456)
	at java.util.concurrent.ThreadPoolExecutor.runWorker(ThreadPoolExecutor.java:1149)
	at java.util.concurrent.ThreadPoolExecutor$Worker.run(ThreadPoolExecutor.java:624)
	at java.lang.Thread.run(Thread.java:750)
Caused by: org.apache.hadoop.hdds.scm.container.common.helpers.StorageContainerException: 
	at org.apache.hadoop.hdds.scm.storage.ContainerProtocolCalls.validateContainerResponse(ContainerProtocolCalls.java:674)
	at org.apache.hadoop.hdds.scm.storage.ECBlockOutputStream.validateResponse(ECBlockOutputStream.java:301)
	... 7 more
2023-11-08 20:57:20,474 [pool-78-thread-1] WARN  io.KeyOutputStream (ECKeyOutputStream.java:logStreamError(243)) - Failure for replica index: 2, DatanodeDetails: 00000000-0000-0001-0000-000000000001(localhost/1.2.3.4)
java.io.IOException: Unexpected Storage Container Exception: org.apache.hadoop.hdds.scm.container.common.helpers.StorageContainerException: 
	at org.apache.hadoop.hdds.scm.storage.BlockOutputStream.setIoException(BlockOutputStream.java:634)
	at org.apache.hadoop.hdds.scm.storage.ECBlockOutputStream.validateResponse(ECBlockOutputStream.java:303)
	at org.apache.hadoop.hdds.scm.storage.BlockOutputStream.lambda$writeChunkToContainer$2(BlockOutputStream.java:729)
	at java.util.concurrent.CompletableFuture.uniApply(CompletableFuture.java:616)
	at java.util.concurrent.CompletableFuture$UniApply.tryFire(CompletableFuture.java:591)
	at java.util.concurrent.CompletableFuture$Completion.run(CompletableFuture.java:456)
	at java.util.concurrent.ThreadPoolExecutor.runWorker(ThreadPoolExecutor.java:1149)
	at java.util.concurrent.ThreadPoolExecutor$Worker.run(ThreadPoolExecutor.java:624)
	at java.lang.Thread.run(Thread.java:750)
Caused by: org.apache.hadoop.hdds.scm.container.common.helpers.StorageContainerException: 
	at org.apache.hadoop.hdds.scm.storage.ContainerProtocolCalls.validateContainerResponse(ContainerProtocolCalls.java:674)
	at org.apache.hadoop.hdds.scm.storage.ECBlockOutputStream.validateResponse(ECBlockOutputStream.java:301)
	... 7 more
2023-11-08 20:57:20,475 [pool-78-thread-1] WARN  io.KeyOutputStream (ECKeyOutputStream.java:logStreamError(243)) - Failure for replica index: 3, DatanodeDetails: 00000000-0000-0002-0000-000000000002(localhost/1.2.3.4)
java.io.IOException: Unexpected Storage Container Exception: org.apache.hadoop.hdds.scm.container.common.helpers.StorageContainerException: 
	at org.apache.hadoop.hdds.scm.storage.BlockOutputStream.setIoException(BlockOutputStream.java:634)
	at org.apache.hadoop.hdds.scm.storage.ECBlockOutputStream.validateResponse(ECBlockOutputStream.java:303)
	at org.apache.hadoop.hdds.scm.storage.BlockOutputStream.lambda$writeChunkToContainer$2(BlockOutputStream.java:729)
	at java.util.concurrent.CompletableFuture.uniApply(CompletableFuture.java:616)
	at java.util.concurrent.CompletableFuture$UniApply.tryFire(CompletableFuture.java:591)
	at java.util.concurrent.CompletableFuture$Completion.run(CompletableFuture.java:456)
	at java.util.concurrent.ThreadPoolExecutor.runWorker(ThreadPoolExecutor.java:1149)
	at java.util.concurrent.ThreadPoolExecutor$Worker.run(ThreadPoolExecutor.java:624)
	at java.lang.Thread.run(Thread.java:750)
Caused by: org.apache.hadoop.hdds.scm.container.common.helpers.StorageContainerException: 
	at org.apache.hadoop.hdds.scm.storage.ContainerProtocolCalls.validateContainerResponse(ContainerProtocolCalls.java:674)
	at org.apache.hadoop.hdds.scm.storage.ECBlockOutputStream.validateResponse(ECBlockOutputStream.java:301)
	... 7 more
]]></system-out>
  </testcase>
  <testcase name="testStripeWriteRetriesOnAllNodeFailures" classname="org.apache.hadoop.ozone.client.TestOzoneECClient" time="0.141">
    <system-out><![CDATA[2023-11-08 20:57:20,507 [main] INFO  rpc.RpcClient (RpcClient.java:createVolume(461)) - Creating Volume: c9c02ecd-d788-4917-81c3-50b94051d5e8, with runner as owner and space quota set to -1 bytes, counts quota set to -1
2023-11-08 20:57:20,509 [main] INFO  rpc.RpcClient (RpcClient.java:createBucket(688)) - Creating Bucket: c9c02ecd-d788-4917-81c3-50b94051d5e8/67d09f0b-8382-43ba-87c1-1e2b24cb1eb4, with server-side default bucket layout, runner as owner, Versioning false, Storage Type set to DISK and Encryption set to false, Replication Type set to server-side default replication type, Namespace Quota set to -1, Space Quota set to -1 
2023-11-08 20:57:20,630 [pool-89-thread-1] WARN  io.KeyOutputStream (ECKeyOutputStream.java:logStreamError(241)) - EC stripe write failed: F F F F F
2023-11-08 20:57:20,631 [pool-89-thread-1] WARN  io.KeyOutputStream (ECKeyOutputStream.java:logStreamError(243)) - Failure for replica index: 1, DatanodeDetails: 00000000-0000-0000-0000-000000000000(localhost/1.2.3.4)
java.io.IOException: Unexpected Storage Container Exception: org.apache.hadoop.hdds.scm.container.common.helpers.StorageContainerException: 
	at org.apache.hadoop.hdds.scm.storage.BlockOutputStream.setIoException(BlockOutputStream.java:634)
	at org.apache.hadoop.hdds.scm.storage.ECBlockOutputStream.validateResponse(ECBlockOutputStream.java:303)
	at org.apache.hadoop.hdds.scm.storage.BlockOutputStream.lambda$writeChunkToContainer$2(BlockOutputStream.java:729)
	at java.util.concurrent.CompletableFuture.uniApply(CompletableFuture.java:616)
	at java.util.concurrent.CompletableFuture$UniApply.tryFire(CompletableFuture.java:591)
	at java.util.concurrent.CompletableFuture$Completion.run(CompletableFuture.java:456)
	at java.util.concurrent.ThreadPoolExecutor.runWorker(ThreadPoolExecutor.java:1149)
	at java.util.concurrent.ThreadPoolExecutor$Worker.run(ThreadPoolExecutor.java:624)
	at java.lang.Thread.run(Thread.java:750)
Caused by: org.apache.hadoop.hdds.scm.container.common.helpers.StorageContainerException: 
	at org.apache.hadoop.hdds.scm.storage.ContainerProtocolCalls.validateContainerResponse(ContainerProtocolCalls.java:674)
	at org.apache.hadoop.hdds.scm.storage.ECBlockOutputStream.validateResponse(ECBlockOutputStream.java:301)
	... 7 more
2023-11-08 20:57:20,631 [pool-89-thread-1] WARN  io.KeyOutputStream (ECKeyOutputStream.java:logStreamError(243)) - Failure for replica index: 2, DatanodeDetails: 00000000-0000-0001-0000-000000000001(localhost/1.2.3.4)
java.io.IOException: Unexpected Storage Container Exception: org.apache.hadoop.hdds.scm.container.common.helpers.StorageContainerException: 
	at org.apache.hadoop.hdds.scm.storage.BlockOutputStream.setIoException(BlockOutputStream.java:634)
	at org.apache.hadoop.hdds.scm.storage.ECBlockOutputStream.validateResponse(ECBlockOutputStream.java:303)
	at org.apache.hadoop.hdds.scm.storage.BlockOutputStream.lambda$writeChunkToContainer$2(BlockOutputStream.java:729)
	at java.util.concurrent.CompletableFuture.uniApply(CompletableFuture.java:616)
	at java.util.concurrent.CompletableFuture$UniApply.tryFire(CompletableFuture.java:591)
	at java.util.concurrent.CompletableFuture$Completion.run(CompletableFuture.java:456)
	at java.util.concurrent.ThreadPoolExecutor.runWorker(ThreadPoolExecutor.java:1149)
	at java.util.concurrent.ThreadPoolExecutor$Worker.run(ThreadPoolExecutor.java:624)
	at java.lang.Thread.run(Thread.java:750)
Caused by: org.apache.hadoop.hdds.scm.container.common.helpers.StorageContainerException: 
	at org.apache.hadoop.hdds.scm.storage.ContainerProtocolCalls.validateContainerResponse(ContainerProtocolCalls.java:674)
	at org.apache.hadoop.hdds.scm.storage.ECBlockOutputStream.validateResponse(ECBlockOutputStream.java:301)
	... 7 more
2023-11-08 20:57:20,632 [pool-89-thread-1] WARN  io.KeyOutputStream (ECKeyOutputStream.java:logStreamError(243)) - Failure for replica index: 3, DatanodeDetails: 00000000-0000-0002-0000-000000000002(localhost/1.2.3.4)
java.io.IOException: Unexpected Storage Container Exception: org.apache.hadoop.hdds.scm.container.common.helpers.StorageContainerException: 
	at org.apache.hadoop.hdds.scm.storage.BlockOutputStream.setIoException(BlockOutputStream.java:634)
	at org.apache.hadoop.hdds.scm.storage.ECBlockOutputStream.validateResponse(ECBlockOutputStream.java:303)
	at org.apache.hadoop.hdds.scm.storage.BlockOutputStream.lambda$writeChunkToContainer$2(BlockOutputStream.java:729)
	at java.util.concurrent.CompletableFuture.uniApply(CompletableFuture.java:616)
	at java.util.concurrent.CompletableFuture$UniApply.tryFire(CompletableFuture.java:591)
	at java.util.concurrent.CompletableFuture$Completion.run(CompletableFuture.java:456)
	at java.util.concurrent.ThreadPoolExecutor.runWorker(ThreadPoolExecutor.java:1149)
	at java.util.concurrent.ThreadPoolExecutor$Worker.run(ThreadPoolExecutor.java:624)
	at java.lang.Thread.run(Thread.java:750)
Caused by: org.apache.hadoop.hdds.scm.container.common.helpers.StorageContainerException: 
	at org.apache.hadoop.hdds.scm.storage.ContainerProtocolCalls.validateContainerResponse(ContainerProtocolCalls.java:674)
	at org.apache.hadoop.hdds.scm.storage.ECBlockOutputStream.validateResponse(ECBlockOutputStream.java:301)
	... 7 more
2023-11-08 20:57:20,632 [pool-89-thread-1] WARN  io.KeyOutputStream (ECKeyOutputStream.java:logStreamError(243)) - Failure for replica index: 4, DatanodeDetails: 00000000-0000-0003-0000-000000000003(localhost/1.2.3.4)
java.io.IOException: Unexpected Storage Container Exception: org.apache.hadoop.hdds.scm.container.common.helpers.StorageContainerException: 
	at org.apache.hadoop.hdds.scm.storage.BlockOutputStream.setIoException(BlockOutputStream.java:634)
	at org.apache.hadoop.hdds.scm.storage.ECBlockOutputStream.validateResponse(ECBlockOutputStream.java:303)
	at org.apache.hadoop.hdds.scm.storage.BlockOutputStream.lambda$writeChunkToContainer$2(BlockOutputStream.java:729)
	at java.util.concurrent.CompletableFuture.uniApply(CompletableFuture.java:616)
	at java.util.concurrent.CompletableFuture$UniApply.tryFire(CompletableFuture.java:591)
	at java.util.concurrent.CompletableFuture$Completion.run(CompletableFuture.java:456)
	at java.util.concurrent.ThreadPoolExecutor.runWorker(ThreadPoolExecutor.java:1149)
	at java.util.concurrent.ThreadPoolExecutor$Worker.run(ThreadPoolExecutor.java:624)
	at java.lang.Thread.run(Thread.java:750)
Caused by: org.apache.hadoop.hdds.scm.container.common.helpers.StorageContainerException: 
	at org.apache.hadoop.hdds.scm.storage.ContainerProtocolCalls.validateContainerResponse(ContainerProtocolCalls.java:674)
	at org.apache.hadoop.hdds.scm.storage.ECBlockOutputStream.validateResponse(ECBlockOutputStream.java:301)
	... 7 more
2023-11-08 20:57:20,633 [pool-89-thread-1] WARN  io.KeyOutputStream (ECKeyOutputStream.java:logStreamError(243)) - Failure for replica index: 5, DatanodeDetails: 00000000-0000-0004-0000-000000000004(localhost/1.2.3.4)
java.io.IOException: Unexpected Storage Container Exception: org.apache.hadoop.hdds.scm.container.common.helpers.StorageContainerException: 
	at org.apache.hadoop.hdds.scm.storage.BlockOutputStream.setIoException(BlockOutputStream.java:634)
	at org.apache.hadoop.hdds.scm.storage.ECBlockOutputStream.validateResponse(ECBlockOutputStream.java:303)
	at org.apache.hadoop.hdds.scm.storage.BlockOutputStream.lambda$writeChunkToContainer$2(BlockOutputStream.java:729)
	at java.util.concurrent.CompletableFuture.uniApply(CompletableFuture.java:616)
	at java.util.concurrent.CompletableFuture$UniApply.tryFire(CompletableFuture.java:591)
	at java.util.concurrent.CompletableFuture$Completion.run(CompletableFuture.java:456)
	at java.util.concurrent.ThreadPoolExecutor.runWorker(ThreadPoolExecutor.java:1149)
	at java.util.concurrent.ThreadPoolExecutor$Worker.run(ThreadPoolExecutor.java:624)
	at java.lang.Thread.run(Thread.java:750)
Caused by: org.apache.hadoop.hdds.scm.container.common.helpers.StorageContainerException: 
	at org.apache.hadoop.hdds.scm.storage.ContainerProtocolCalls.validateContainerResponse(ContainerProtocolCalls.java:674)
	at org.apache.hadoop.hdds.scm.storage.ECBlockOutputStream.validateResponse(ECBlockOutputStream.java:301)
	... 7 more
]]></system-out>
  </testcase>
  <testcase name="testSmallerThanChunkSize" classname="org.apache.hadoop.ozone.client.TestOzoneECClient" time="0.018">
    <system-out><![CDATA[2023-11-08 20:57:20,649 [main] INFO  rpc.RpcClient (RpcClient.java:createVolume(461)) - Creating Volume: db62a28f-2553-4c5c-8a0e-a55a168e7a84, with runner as owner and space quota set to -1 bytes, counts quota set to -1
2023-11-08 20:57:20,650 [main] INFO  rpc.RpcClient (RpcClient.java:createBucket(688)) - Creating Bucket: db62a28f-2553-4c5c-8a0e-a55a168e7a84/35f27109-16fb-4d8f-8704-24dc63f36a23, with server-side default bucket layout, runner as owner, Versioning false, Storage Type set to DISK and Encryption set to false, Replication Type set to EC, Namespace Quota set to -1, Space Quota set to -1 
]]></system-out>
  </testcase>
  <testcase name="testStripeWriteRetriesOn3Failures" classname="org.apache.hadoop.ozone.client.TestOzoneECClient" time="0.14">
    <system-out><![CDATA[2023-11-08 20:57:20,682 [main] INFO  rpc.RpcClient (RpcClient.java:createVolume(461)) - Creating Volume: e0b846ef-5601-4a1c-bc0a-320a2f7039d1, with runner as owner and space quota set to -1 bytes, counts quota set to -1
2023-11-08 20:57:20,683 [main] INFO  rpc.RpcClient (RpcClient.java:createBucket(688)) - Creating Bucket: e0b846ef-5601-4a1c-bc0a-320a2f7039d1/79117f16-0576-445c-b905-8a49b190c2f6, with server-side default bucket layout, runner as owner, Versioning false, Storage Type set to DISK and Encryption set to false, Replication Type set to server-side default replication type, Namespace Quota set to -1, Space Quota set to -1 
2023-11-08 20:57:20,799 [pool-101-thread-1] WARN  io.KeyOutputStream (ECKeyOutputStream.java:logStreamError(241)) - EC stripe write failed: F S S S S
2023-11-08 20:57:20,800 [pool-101-thread-1] WARN  io.KeyOutputStream (ECKeyOutputStream.java:logStreamError(243)) - Failure for replica index: 1, DatanodeDetails: 00000000-0000-0000-0000-000000000000(localhost/1.2.3.4)
java.io.IOException: Unexpected Storage Container Exception: org.apache.hadoop.hdds.scm.container.common.helpers.StorageContainerException: 
	at org.apache.hadoop.hdds.scm.storage.BlockOutputStream.setIoException(BlockOutputStream.java:634)
	at org.apache.hadoop.hdds.scm.storage.ECBlockOutputStream.validateResponse(ECBlockOutputStream.java:303)
	at org.apache.hadoop.hdds.scm.storage.BlockOutputStream.lambda$writeChunkToContainer$2(BlockOutputStream.java:729)
	at java.util.concurrent.CompletableFuture.uniApply(CompletableFuture.java:616)
	at java.util.concurrent.CompletableFuture$UniApply.tryFire(CompletableFuture.java:591)
	at java.util.concurrent.CompletableFuture$Completion.run(CompletableFuture.java:456)
	at java.util.concurrent.ThreadPoolExecutor.runWorker(ThreadPoolExecutor.java:1149)
	at java.util.concurrent.ThreadPoolExecutor$Worker.run(ThreadPoolExecutor.java:624)
	at java.lang.Thread.run(Thread.java:750)
Caused by: org.apache.hadoop.hdds.scm.container.common.helpers.StorageContainerException: 
	at org.apache.hadoop.hdds.scm.storage.ContainerProtocolCalls.validateContainerResponse(ContainerProtocolCalls.java:674)
	at org.apache.hadoop.hdds.scm.storage.ECBlockOutputStream.validateResponse(ECBlockOutputStream.java:301)
	... 7 more
2023-11-08 20:57:20,803 [pool-101-thread-1] WARN  io.KeyOutputStream (ECKeyOutputStream.java:logStreamError(241)) - EC stripe write failed: F S S S S
2023-11-08 20:57:20,803 [pool-101-thread-1] WARN  io.KeyOutputStream (ECKeyOutputStream.java:logStreamError(243)) - Failure for replica index: 1, DatanodeDetails: 00000000-0000-0005-0000-000000000005(localhost/1.2.3.4)
java.io.IOException: Unexpected Storage Container Exception: org.apache.hadoop.hdds.scm.container.common.helpers.StorageContainerException: 
	at org.apache.hadoop.hdds.scm.storage.BlockOutputStream.setIoException(BlockOutputStream.java:634)
	at org.apache.hadoop.hdds.scm.storage.ECBlockOutputStream.validateResponse(ECBlockOutputStream.java:303)
	at org.apache.hadoop.hdds.scm.storage.BlockOutputStream.lambda$writeChunkToContainer$2(BlockOutputStream.java:729)
	at java.util.concurrent.CompletableFuture.uniApply(CompletableFuture.java:616)
	at java.util.concurrent.CompletableFuture$UniApply.tryFire(CompletableFuture.java:591)
	at java.util.concurrent.CompletableFuture$Completion.run(CompletableFuture.java:456)
	at java.util.concurrent.ThreadPoolExecutor.runWorker(ThreadPoolExecutor.java:1149)
	at java.util.concurrent.ThreadPoolExecutor$Worker.run(ThreadPoolExecutor.java:624)
	at java.lang.Thread.run(Thread.java:750)
Caused by: org.apache.hadoop.hdds.scm.container.common.helpers.StorageContainerException: 
	at org.apache.hadoop.hdds.scm.storage.ContainerProtocolCalls.validateContainerResponse(ContainerProtocolCalls.java:674)
	at org.apache.hadoop.hdds.scm.storage.ECBlockOutputStream.validateResponse(ECBlockOutputStream.java:301)
	... 7 more
2023-11-08 20:57:20,806 [pool-101-thread-1] WARN  io.KeyOutputStream (ECKeyOutputStream.java:logStreamError(241)) - EC stripe write failed: F S S S S
2023-11-08 20:57:20,806 [pool-101-thread-1] WARN  io.KeyOutputStream (ECKeyOutputStream.java:logStreamError(243)) - Failure for replica index: 1, DatanodeDetails: 00000000-0000-000a-0000-00000000000a(localhost/1.2.3.4)
java.io.IOException: Unexpected Storage Container Exception: org.apache.hadoop.hdds.scm.container.common.helpers.StorageContainerException: 
	at org.apache.hadoop.hdds.scm.storage.BlockOutputStream.setIoException(BlockOutputStream.java:634)
	at org.apache.hadoop.hdds.scm.storage.ECBlockOutputStream.validateResponse(ECBlockOutputStream.java:303)
	at org.apache.hadoop.hdds.scm.storage.BlockOutputStream.lambda$writeChunkToContainer$2(BlockOutputStream.java:729)
	at java.util.concurrent.CompletableFuture.uniApply(CompletableFuture.java:616)
	at java.util.concurrent.CompletableFuture$UniApply.tryFire(CompletableFuture.java:591)
	at java.util.concurrent.CompletableFuture$Completion.run(CompletableFuture.java:456)
	at java.util.concurrent.ThreadPoolExecutor.runWorker(ThreadPoolExecutor.java:1149)
	at java.util.concurrent.ThreadPoolExecutor$Worker.run(ThreadPoolExecutor.java:624)
	at java.lang.Thread.run(Thread.java:750)
Caused by: org.apache.hadoop.hdds.scm.container.common.helpers.StorageContainerException: 
	at org.apache.hadoop.hdds.scm.storage.ContainerProtocolCalls.validateContainerResponse(ContainerProtocolCalls.java:674)
	at org.apache.hadoop.hdds.scm.storage.ECBlockOutputStream.validateResponse(ECBlockOutputStream.java:301)
	... 7 more
]]></system-out>
  </testcase>
  <testcase name="test10D4PConfigWithPartialStripe" classname="org.apache.hadoop.ozone.client.TestOzoneECClient" time="0.029">
    <system-out><![CDATA[2023-11-08 20:57:20,824 [main] INFO  rpc.RpcClient (RpcClient.java:createVolume(461)) - Creating Volume: 29cfdaeb-41b9-4613-94c2-95a4ec5a4268, with runner as owner and space quota set to -1 bytes, counts quota set to -1
2023-11-08 20:57:20,825 [main] INFO  rpc.RpcClient (RpcClient.java:createBucket(688)) - Creating Bucket: 29cfdaeb-41b9-4613-94c2-95a4ec5a4268/e39e8da2-d967-4f1c-b21e-9affb6bdf028, with server-side default bucket layout, runner as owner, Versioning false, Storage Type set to DISK and Encryption set to false, Replication Type set to server-side default replication type, Namespace Quota set to -1, Space Quota set to -1 
]]></system-out>
  </testcase>
  <testcase name="test4ChunksInSingleWriteOp" classname="org.apache.hadoop.ozone.client.TestOzoneECClient" time="0.021">
    <system-out><![CDATA[2023-11-08 20:57:20,861 [main] INFO  rpc.RpcClient (RpcClient.java:createVolume(461)) - Creating Volume: 704286f7-dfcb-4605-9279-d0356579145d, with runner as owner and space quota set to -1 bytes, counts quota set to -1
2023-11-08 20:57:20,862 [main] INFO  rpc.RpcClient (RpcClient.java:createBucket(688)) - Creating Bucket: 704286f7-dfcb-4605-9279-d0356579145d/d3fd1db0-fefc-4cb8-8ceb-8f3cd0341625, with server-side default bucket layout, runner as owner, Versioning false, Storage Type set to DISK and Encryption set to false, Replication Type set to EC, Namespace Quota set to -1, Space Quota set to -1 
]]></system-out>
  </testcase>
  <testcase name="testPutBlockHasBlockGroupLen" classname="org.apache.hadoop.ozone.client.TestOzoneECClient" time="0.033">
    <system-out><![CDATA[2023-11-08 20:57:20,889 [main] INFO  rpc.RpcClient (RpcClient.java:createVolume(461)) - Creating Volume: a8492e27-f9b5-4543-b9ad-610181875246, with runner as owner and space quota set to -1 bytes, counts quota set to -1
2023-11-08 20:57:20,890 [main] INFO  rpc.RpcClient (RpcClient.java:createBucket(688)) - Creating Bucket: a8492e27-f9b5-4543-b9ad-610181875246/496510ab-5037-4919-b4b9-bf822b7b6a59, with server-side default bucket layout, runner as owner, Versioning false, Storage Type set to DISK and Encryption set to false, Replication Type set to server-side default replication type, Namespace Quota set to -1, Space Quota set to -1 
]]></system-out>
  </testcase>
  <testcase name="test6ChunksInSingleWriteOp" classname="org.apache.hadoop.ozone.client.TestOzoneECClient" time="0.021">
    <system-out><![CDATA[2023-11-08 20:57:20,930 [main] INFO  rpc.RpcClient (RpcClient.java:createVolume(461)) - Creating Volume: 7d6c5dd7-3bb1-4387-9a8a-6d2a61f437cc, with runner as owner and space quota set to -1 bytes, counts quota set to -1
2023-11-08 20:57:20,931 [main] INFO  rpc.RpcClient (RpcClient.java:createBucket(688)) - Creating Bucket: 7d6c5dd7-3bb1-4387-9a8a-6d2a61f437cc/69d50ce3-5299-4d0f-91fd-250182b111fc, with server-side default bucket layout, runner as owner, Versioning false, Storage Type set to DISK and Encryption set to false, Replication Type set to EC, Namespace Quota set to -1, Space Quota set to -1 
]]></system-out>
  </testcase>
  <testcase name="testPutECKeyAndReadContent" classname="org.apache.hadoop.ozone.client.TestOzoneECClient" time="0.029">
    <system-out><![CDATA[2023-11-08 20:57:20,959 [main] INFO  rpc.RpcClient (RpcClient.java:createVolume(461)) - Creating Volume: e3e447c2-a5ff-41f6-9444-346de2e6391f, with runner as owner and space quota set to -1 bytes, counts quota set to -1
2023-11-08 20:57:20,960 [main] INFO  rpc.RpcClient (RpcClient.java:createBucket(688)) - Creating Bucket: e3e447c2-a5ff-41f6-9444-346de2e6391f/4f528af0-e87e-4bd3-892b-9b2347507b9b, with server-side default bucket layout, runner as owner, Versioning false, Storage Type set to DISK and Encryption set to false, Replication Type set to server-side default replication type, Namespace Quota set to -1, Space Quota set to -1 
]]></system-out>
  </testcase>
  <testcase name="testExcludeOnDNMixed" classname="org.apache.hadoop.ozone.client.TestOzoneECClient" time="0.229">
    <system-out><![CDATA[2023-11-08 20:57:21,005 [main] INFO  rpc.RpcClient (RpcClient.java:createVolume(461)) - Creating Volume: cf680cde-316a-4fb6-bbdc-00dd017932c2, with runner as owner and space quota set to -1 bytes, counts quota set to -1
2023-11-08 20:57:21,006 [main] INFO  rpc.RpcClient (RpcClient.java:createBucket(688)) - Creating Bucket: cf680cde-316a-4fb6-bbdc-00dd017932c2/b3c7ff8d-cd75-4bde-a156-e03c49b3c6ef, with server-side default bucket layout, runner as owner, Versioning false, Storage Type set to DISK and Encryption set to false, Replication Type set to server-side default replication type, Namespace Quota set to -1, Space Quota set to -1 
2023-11-08 20:57:21,123 [pool-161-thread-1] WARN  io.KeyOutputStream (ECKeyOutputStream.java:logStreamError(241)) - EC stripe write failed: F F F F F
2023-11-08 20:57:21,124 [pool-161-thread-1] WARN  io.KeyOutputStream (ECKeyOutputStream.java:logStreamError(243)) - Failure for replica index: 1, DatanodeDetails: 00000000-0000-0000-0000-000000000000(localhost/1.2.3.4)
java.io.IOException: Unexpected Storage Container Exception: org.apache.hadoop.hdds.scm.container.common.helpers.StorageContainerException: 
	at org.apache.hadoop.hdds.scm.storage.BlockOutputStream.setIoException(BlockOutputStream.java:634)
	at org.apache.hadoop.hdds.scm.storage.ECBlockOutputStream.validateResponse(ECBlockOutputStream.java:303)
	at org.apache.hadoop.hdds.scm.storage.BlockOutputStream.lambda$writeChunkToContainer$2(BlockOutputStream.java:729)
	at java.util.concurrent.CompletableFuture.uniApply(CompletableFuture.java:616)
	at java.util.concurrent.CompletableFuture$UniApply.tryFire(CompletableFuture.java:591)
	at java.util.concurrent.CompletableFuture$Completion.run(CompletableFuture.java:456)
	at java.util.concurrent.ThreadPoolExecutor.runWorker(ThreadPoolExecutor.java:1149)
	at java.util.concurrent.ThreadPoolExecutor$Worker.run(ThreadPoolExecutor.java:624)
	at java.lang.Thread.run(Thread.java:750)
Caused by: org.apache.hadoop.hdds.scm.container.common.helpers.StorageContainerException: 
	at org.apache.hadoop.hdds.scm.storage.ContainerProtocolCalls.validateContainerResponse(ContainerProtocolCalls.java:674)
	at org.apache.hadoop.hdds.scm.storage.ECBlockOutputStream.validateResponse(ECBlockOutputStream.java:301)
	... 7 more
2023-11-08 20:57:21,124 [pool-161-thread-1] WARN  io.KeyOutputStream (ECKeyOutputStream.java:logStreamError(243)) - Failure for replica index: 2, DatanodeDetails: 00000000-0000-0001-0000-000000000001(localhost/1.2.3.4)
java.io.IOException: Unexpected Storage Container Exception: org.apache.hadoop.hdds.scm.container.common.helpers.StorageContainerException: 
	at org.apache.hadoop.hdds.scm.storage.BlockOutputStream.setIoException(BlockOutputStream.java:634)
	at org.apache.hadoop.hdds.scm.storage.ECBlockOutputStream.validateResponse(ECBlockOutputStream.java:303)
	at org.apache.hadoop.hdds.scm.storage.BlockOutputStream.lambda$writeChunkToContainer$2(BlockOutputStream.java:729)
	at java.util.concurrent.CompletableFuture.uniApply(CompletableFuture.java:616)
	at java.util.concurrent.CompletableFuture$UniApply.tryFire(CompletableFuture.java:591)
	at java.util.concurrent.CompletableFuture$Completion.run(CompletableFuture.java:456)
	at java.util.concurrent.ThreadPoolExecutor.runWorker(ThreadPoolExecutor.java:1149)
	at java.util.concurrent.ThreadPoolExecutor$Worker.run(ThreadPoolExecutor.java:624)
	at java.lang.Thread.run(Thread.java:750)
Caused by: org.apache.hadoop.hdds.scm.container.common.helpers.StorageContainerException: 
	at org.apache.hadoop.hdds.scm.storage.ContainerProtocolCalls.validateContainerResponse(ContainerProtocolCalls.java:674)
	at org.apache.hadoop.hdds.scm.storage.ECBlockOutputStream.validateResponse(ECBlockOutputStream.java:301)
	... 7 more
2023-11-08 20:57:21,124 [pool-161-thread-1] WARN  io.KeyOutputStream (ECKeyOutputStream.java:logStreamError(243)) - Failure for replica index: 3, DatanodeDetails: 00000000-0000-0002-0000-000000000002(localhost/1.2.3.4)
java.io.IOException: Unexpected Storage Container Exception: org.apache.hadoop.hdds.scm.container.common.helpers.StorageContainerException: 
	at org.apache.hadoop.hdds.scm.storage.BlockOutputStream.setIoException(BlockOutputStream.java:634)
	at org.apache.hadoop.hdds.scm.storage.ECBlockOutputStream.validateResponse(ECBlockOutputStream.java:303)
	at org.apache.hadoop.hdds.scm.storage.BlockOutputStream.lambda$writeChunkToContainer$2(BlockOutputStream.java:729)
	at java.util.concurrent.CompletableFuture.uniApply(CompletableFuture.java:616)
	at java.util.concurrent.CompletableFuture$UniApply.tryFire(CompletableFuture.java:591)
	at java.util.concurrent.CompletableFuture$Completion.run(CompletableFuture.java:456)
	at java.util.concurrent.ThreadPoolExecutor.runWorker(ThreadPoolExecutor.java:1149)
	at java.util.concurrent.ThreadPoolExecutor$Worker.run(ThreadPoolExecutor.java:624)
	at java.lang.Thread.run(Thread.java:750)
Caused by: org.apache.hadoop.hdds.scm.container.common.helpers.StorageContainerException: 
	at org.apache.hadoop.hdds.scm.storage.ContainerProtocolCalls.validateContainerResponse(ContainerProtocolCalls.java:674)
	at org.apache.hadoop.hdds.scm.storage.ECBlockOutputStream.validateResponse(ECBlockOutputStream.java:301)
	... 7 more
2023-11-08 20:57:21,125 [pool-161-thread-1] WARN  io.KeyOutputStream (ECKeyOutputStream.java:logStreamError(243)) - Failure for replica index: 4, DatanodeDetails: 00000000-0000-0003-0000-000000000003(localhost/1.2.3.4)
java.io.IOException: Unexpected Storage Container Exception: org.apache.hadoop.hdds.scm.container.common.helpers.ContainerNotOpenException: 
	at org.apache.hadoop.hdds.scm.storage.BlockOutputStream.setIoException(BlockOutputStream.java:634)
	at org.apache.hadoop.hdds.scm.storage.ECBlockOutputStream.validateResponse(ECBlockOutputStream.java:303)
	at org.apache.hadoop.hdds.scm.storage.BlockOutputStream.lambda$writeChunkToContainer$2(BlockOutputStream.java:729)
	at java.util.concurrent.CompletableFuture.uniApply(CompletableFuture.java:616)
	at java.util.concurrent.CompletableFuture$UniApply.tryFire(CompletableFuture.java:591)
	at java.util.concurrent.CompletableFuture$Completion.run(CompletableFuture.java:456)
	at java.util.concurrent.ThreadPoolExecutor.runWorker(ThreadPoolExecutor.java:1149)
	at java.util.concurrent.ThreadPoolExecutor$Worker.run(ThreadPoolExecutor.java:624)
	at java.lang.Thread.run(Thread.java:750)
Caused by: org.apache.hadoop.hdds.scm.container.common.helpers.ContainerNotOpenException: 
	at org.apache.hadoop.hdds.scm.storage.ContainerProtocolCalls.validateContainerResponse(ContainerProtocolCalls.java:671)
	at org.apache.hadoop.hdds.scm.storage.ECBlockOutputStream.validateResponse(ECBlockOutputStream.java:301)
	... 7 more
2023-11-08 20:57:21,125 [pool-161-thread-1] WARN  io.KeyOutputStream (ECKeyOutputStream.java:logStreamError(243)) - Failure for replica index: 5, DatanodeDetails: 00000000-0000-0004-0000-000000000004(localhost/1.2.3.4)
java.io.IOException: Unexpected Storage Container Exception: org.apache.hadoop.hdds.scm.container.common.helpers.ContainerNotOpenException: 
	at org.apache.hadoop.hdds.scm.storage.BlockOutputStream.setIoException(BlockOutputStream.java:634)
	at org.apache.hadoop.hdds.scm.storage.ECBlockOutputStream.validateResponse(ECBlockOutputStream.java:303)
	at org.apache.hadoop.hdds.scm.storage.BlockOutputStream.lambda$writeChunkToContainer$2(BlockOutputStream.java:729)
	at java.util.concurrent.CompletableFuture.uniApply(CompletableFuture.java:616)
	at java.util.concurrent.CompletableFuture$UniApply.tryFire(CompletableFuture.java:591)
	at java.util.concurrent.CompletableFuture$Completion.run(CompletableFuture.java:456)
	at java.util.concurrent.ThreadPoolExecutor.runWorker(ThreadPoolExecutor.java:1149)
	at java.util.concurrent.ThreadPoolExecutor$Worker.run(ThreadPoolExecutor.java:624)
	at java.lang.Thread.run(Thread.java:750)
Caused by: org.apache.hadoop.hdds.scm.container.common.helpers.ContainerNotOpenException: 
	at org.apache.hadoop.hdds.scm.storage.ContainerProtocolCalls.validateContainerResponse(ContainerProtocolCalls.java:671)
	at org.apache.hadoop.hdds.scm.storage.ECBlockOutputStream.validateResponse(ECBlockOutputStream.java:301)
	... 7 more
]]></system-out>
  </testcase>
  <testcase name="testPutECKeyAndCheckDNStoredData" classname="org.apache.hadoop.ozone.client.TestOzoneECClient" time="0.023">
    <system-out><![CDATA[2023-11-08 20:57:21,235 [main] INFO  rpc.RpcClient (RpcClient.java:createVolume(461)) - Creating Volume: d02a58dd-4161-4e8f-863d-678200da2daa, with runner as owner and space quota set to -1 bytes, counts quota set to -1
2023-11-08 20:57:21,236 [main] INFO  rpc.RpcClient (RpcClient.java:createBucket(688)) - Creating Bucket: d02a58dd-4161-4e8f-863d-678200da2daa/8b35e6b5-4f8e-4bda-bc0d-c2f9b23d8f20, with server-side default bucket layout, runner as owner, Versioning false, Storage Type set to DISK and Encryption set to false, Replication Type set to server-side default replication type, Namespace Quota set to -1, Space Quota set to -1 
]]></system-out>
  </testcase>
  <testcase name="testPutECKeyAndCheckParityData" classname="org.apache.hadoop.ozone.client.TestOzoneECClient" time="0.028">
    <system-out><![CDATA[2023-11-08 20:57:21,265 [main] INFO  rpc.RpcClient (RpcClient.java:createVolume(461)) - Creating Volume: 55be4c64-769a-45d9-b3d8-0f4ee1b2ede9, with runner as owner and space quota set to -1 bytes, counts quota set to -1
2023-11-08 20:57:21,266 [main] INFO  rpc.RpcClient (RpcClient.java:createBucket(688)) - Creating Bucket: 55be4c64-769a-45d9-b3d8-0f4ee1b2ede9/8dfb1941-353f-45ee-9e8e-bf468ee1299b, with server-side default bucket layout, runner as owner, Versioning false, Storage Type set to DISK and Encryption set to false, Replication Type set to server-side default replication type, Namespace Quota set to -1, Space Quota set to -1 
]]></system-out>
  </testcase>
  <testcase name="testPartialStripeWithSingleChunkAndPadding" classname="org.apache.hadoop.ozone.client.TestOzoneECClient" time="0.027">
    <system-out><![CDATA[2023-11-08 20:57:21,300 [main] INFO  rpc.RpcClient (RpcClient.java:createVolume(461)) - Creating Volume: d1334b5b-6b97-4a3a-a6dc-c11f5d4d1de3, with runner as owner and space quota set to -1 bytes, counts quota set to -1
2023-11-08 20:57:21,301 [main] INFO  rpc.RpcClient (RpcClient.java:createBucket(688)) - Creating Bucket: d1334b5b-6b97-4a3a-a6dc-c11f5d4d1de3/0af4778b-18df-4086-8bcb-e46bd72d7085, with server-side default bucket layout, runner as owner, Versioning false, Storage Type set to DISK and Encryption set to false, Replication Type set to server-side default replication type, Namespace Quota set to -1, Space Quota set to -1 
]]></system-out>
  </testcase>
  <testcase name="testLargeWriteOfMultipleStripesWithStripeFailure" classname="org.apache.hadoop.ozone.client.TestOzoneECClient" time="0.132">
    <system-out><![CDATA[2023-11-08 20:57:21,341 [main] INFO  rpc.RpcClient (RpcClient.java:createVolume(461)) - Creating Volume: 3727c1d7-8eb4-46a5-a003-e5a7d9c966f2, with runner as owner and space quota set to -1 bytes, counts quota set to -1
2023-11-08 20:57:21,342 [main] INFO  rpc.RpcClient (RpcClient.java:createBucket(688)) - Creating Bucket: 3727c1d7-8eb4-46a5-a003-e5a7d9c966f2/a05e5a18-189d-4ee3-9821-867ac4349b3b, with server-side default bucket layout, runner as owner, Versioning false, Storage Type set to DISK and Encryption set to false, Replication Type set to server-side default replication type, Namespace Quota set to -1, Space Quota set to -1 
2023-11-08 20:57:21,458 [pool-190-thread-1] WARN  io.KeyOutputStream (ECKeyOutputStream.java:logStreamError(241)) - EC stripe write failed: S S S F F
2023-11-08 20:57:21,458 [pool-190-thread-1] WARN  io.KeyOutputStream (ECKeyOutputStream.java:logStreamError(243)) - Failure for replica index: 4, DatanodeDetails: 00000000-0000-0003-0000-000000000003(localhost/1.2.3.4)
java.io.IOException: Unexpected Storage Container Exception: org.apache.hadoop.hdds.scm.container.common.helpers.StorageContainerException: 
	at org.apache.hadoop.hdds.scm.storage.BlockOutputStream.setIoException(BlockOutputStream.java:634)
	at org.apache.hadoop.hdds.scm.storage.ECBlockOutputStream.validateResponse(ECBlockOutputStream.java:303)
	at org.apache.hadoop.hdds.scm.storage.BlockOutputStream.lambda$writeChunkToContainer$2(BlockOutputStream.java:729)
	at java.util.concurrent.CompletableFuture.uniApply(CompletableFuture.java:616)
	at java.util.concurrent.CompletableFuture$UniApply.tryFire(CompletableFuture.java:591)
	at java.util.concurrent.CompletableFuture$Completion.run(CompletableFuture.java:456)
	at java.util.concurrent.ThreadPoolExecutor.runWorker(ThreadPoolExecutor.java:1149)
	at java.util.concurrent.ThreadPoolExecutor$Worker.run(ThreadPoolExecutor.java:624)
	at java.lang.Thread.run(Thread.java:750)
Caused by: org.apache.hadoop.hdds.scm.container.common.helpers.StorageContainerException: 
	at org.apache.hadoop.hdds.scm.storage.ContainerProtocolCalls.validateContainerResponse(ContainerProtocolCalls.java:674)
	at org.apache.hadoop.hdds.scm.storage.ECBlockOutputStream.validateResponse(ECBlockOutputStream.java:301)
	... 7 more
2023-11-08 20:57:21,458 [pool-190-thread-1] WARN  io.KeyOutputStream (ECKeyOutputStream.java:logStreamError(243)) - Failure for replica index: 5, DatanodeDetails: 00000000-0000-0004-0000-000000000004(localhost/1.2.3.4)
java.io.IOException: Unexpected Storage Container Exception: org.apache.hadoop.hdds.scm.container.common.helpers.StorageContainerException: 
	at org.apache.hadoop.hdds.scm.storage.BlockOutputStream.setIoException(BlockOutputStream.java:634)
	at org.apache.hadoop.hdds.scm.storage.ECBlockOutputStream.validateResponse(ECBlockOutputStream.java:303)
	at org.apache.hadoop.hdds.scm.storage.BlockOutputStream.lambda$writeChunkToContainer$2(BlockOutputStream.java:729)
	at java.util.concurrent.CompletableFuture.uniApply(CompletableFuture.java:616)
	at java.util.concurrent.CompletableFuture$UniApply.tryFire(CompletableFuture.java:591)
	at java.util.concurrent.CompletableFuture$Completion.run(CompletableFuture.java:456)
	at java.util.concurrent.ThreadPoolExecutor.runWorker(ThreadPoolExecutor.java:1149)
	at java.util.concurrent.ThreadPoolExecutor$Worker.run(ThreadPoolExecutor.java:624)
	at java.lang.Thread.run(Thread.java:750)
Caused by: org.apache.hadoop.hdds.scm.container.common.helpers.StorageContainerException: 
	at org.apache.hadoop.hdds.scm.storage.ContainerProtocolCalls.validateContainerResponse(ContainerProtocolCalls.java:674)
	at org.apache.hadoop.hdds.scm.storage.ECBlockOutputStream.validateResponse(ECBlockOutputStream.java:301)
	... 7 more
]]></system-out>
  </testcase>
  <testcase name="testPartialStripeLessThanSingleChunkWithPadding" classname="org.apache.hadoop.ozone.client.TestOzoneECClient" time="0.02">
    <system-out><![CDATA[2023-11-08 20:57:21,475 [main] INFO  rpc.RpcClient (RpcClient.java:createVolume(461)) - Creating Volume: bbe8aa7e-109e-49a9-a724-6e5650e17fa1, with runner as owner and space quota set to -1 bytes, counts quota set to -1
2023-11-08 20:57:21,476 [main] INFO  rpc.RpcClient (RpcClient.java:createBucket(688)) - Creating Bucket: bbe8aa7e-109e-49a9-a724-6e5650e17fa1/2e8b8981-33ab-4a67-89e9-27ec6dc7b63e, with server-side default bucket layout, runner as owner, Versioning false, Storage Type set to DISK and Encryption set to false, Replication Type set to server-side default replication type, Namespace Quota set to -1, Space Quota set to -1 
]]></system-out>
  </testcase>
  <testcase name="testExcludeOnDNClosed" classname="org.apache.hadoop.ozone.client.TestOzoneECClient" time="0.227">
    <system-out><![CDATA[2023-11-08 20:57:21,511 [main] INFO  rpc.RpcClient (RpcClient.java:createVolume(461)) - Creating Volume: 13a19496-5428-4fff-afa1-21e082d44b70, with runner as owner and space quota set to -1 bytes, counts quota set to -1
2023-11-08 20:57:21,512 [main] INFO  rpc.RpcClient (RpcClient.java:createBucket(688)) - Creating Bucket: 13a19496-5428-4fff-afa1-21e082d44b70/1159a686-de4f-4a40-8bee-e58bd91ee2ba, with server-side default bucket layout, runner as owner, Versioning false, Storage Type set to DISK and Encryption set to false, Replication Type set to server-side default replication type, Namespace Quota set to -1, Space Quota set to -1 
2023-11-08 20:57:21,629 [pool-207-thread-1] WARN  io.KeyOutputStream (ECKeyOutputStream.java:logStreamError(241)) - EC stripe write failed: F F F F F
2023-11-08 20:57:21,629 [pool-207-thread-1] WARN  io.KeyOutputStream (ECKeyOutputStream.java:logStreamError(243)) - Failure for replica index: 1, DatanodeDetails: 00000000-0000-0000-0000-000000000000(localhost/1.2.3.4)
java.io.IOException: Unexpected Storage Container Exception: org.apache.hadoop.hdds.scm.container.common.helpers.ContainerNotOpenException: 
	at org.apache.hadoop.hdds.scm.storage.BlockOutputStream.setIoException(BlockOutputStream.java:634)
	at org.apache.hadoop.hdds.scm.storage.ECBlockOutputStream.validateResponse(ECBlockOutputStream.java:303)
	at org.apache.hadoop.hdds.scm.storage.BlockOutputStream.lambda$writeChunkToContainer$2(BlockOutputStream.java:729)
	at java.util.concurrent.CompletableFuture.uniApply(CompletableFuture.java:616)
	at java.util.concurrent.CompletableFuture$UniApply.tryFire(CompletableFuture.java:591)
	at java.util.concurrent.CompletableFuture$Completion.run(CompletableFuture.java:456)
	at java.util.concurrent.ThreadPoolExecutor.runWorker(ThreadPoolExecutor.java:1149)
	at java.util.concurrent.ThreadPoolExecutor$Worker.run(ThreadPoolExecutor.java:624)
	at java.lang.Thread.run(Thread.java:750)
Caused by: org.apache.hadoop.hdds.scm.container.common.helpers.ContainerNotOpenException: 
	at org.apache.hadoop.hdds.scm.storage.ContainerProtocolCalls.validateContainerResponse(ContainerProtocolCalls.java:671)
	at org.apache.hadoop.hdds.scm.storage.ECBlockOutputStream.validateResponse(ECBlockOutputStream.java:301)
	... 7 more
2023-11-08 20:57:21,630 [pool-207-thread-1] WARN  io.KeyOutputStream (ECKeyOutputStream.java:logStreamError(243)) - Failure for replica index: 2, DatanodeDetails: 00000000-0000-0001-0000-000000000001(localhost/1.2.3.4)
java.io.IOException: Unexpected Storage Container Exception: org.apache.hadoop.hdds.scm.container.common.helpers.ContainerNotOpenException: 
	at org.apache.hadoop.hdds.scm.storage.BlockOutputStream.setIoException(BlockOutputStream.java:634)
	at org.apache.hadoop.hdds.scm.storage.ECBlockOutputStream.validateResponse(ECBlockOutputStream.java:303)
	at org.apache.hadoop.hdds.scm.storage.BlockOutputStream.lambda$writeChunkToContainer$2(BlockOutputStream.java:729)
	at java.util.concurrent.CompletableFuture.uniApply(CompletableFuture.java:616)
	at java.util.concurrent.CompletableFuture$UniApply.tryFire(CompletableFuture.java:591)
	at java.util.concurrent.CompletableFuture$Completion.run(CompletableFuture.java:456)
	at java.util.concurrent.ThreadPoolExecutor.runWorker(ThreadPoolExecutor.java:1149)
	at java.util.concurrent.ThreadPoolExecutor$Worker.run(ThreadPoolExecutor.java:624)
	at java.lang.Thread.run(Thread.java:750)
Caused by: org.apache.hadoop.hdds.scm.container.common.helpers.ContainerNotOpenException: 
	at org.apache.hadoop.hdds.scm.storage.ContainerProtocolCalls.validateContainerResponse(ContainerProtocolCalls.java:671)
	at org.apache.hadoop.hdds.scm.storage.ECBlockOutputStream.validateResponse(ECBlockOutputStream.java:301)
	... 7 more
2023-11-08 20:57:21,630 [pool-207-thread-1] WARN  io.KeyOutputStream (ECKeyOutputStream.java:logStreamError(243)) - Failure for replica index: 3, DatanodeDetails: 00000000-0000-0002-0000-000000000002(localhost/1.2.3.4)
java.io.IOException: Unexpected Storage Container Exception: org.apache.hadoop.hdds.scm.container.common.helpers.ContainerNotOpenException: 
	at org.apache.hadoop.hdds.scm.storage.BlockOutputStream.setIoException(BlockOutputStream.java:634)
	at org.apache.hadoop.hdds.scm.storage.ECBlockOutputStream.validateResponse(ECBlockOutputStream.java:303)
	at org.apache.hadoop.hdds.scm.storage.BlockOutputStream.lambda$writeChunkToContainer$2(BlockOutputStream.java:729)
	at java.util.concurrent.CompletableFuture.uniApply(CompletableFuture.java:616)
	at java.util.concurrent.CompletableFuture$UniApply.tryFire(CompletableFuture.java:591)
	at java.util.concurrent.CompletableFuture$Completion.run(CompletableFuture.java:456)
	at java.util.concurrent.ThreadPoolExecutor.runWorker(ThreadPoolExecutor.java:1149)
	at java.util.concurrent.ThreadPoolExecutor$Worker.run(ThreadPoolExecutor.java:624)
	at java.lang.Thread.run(Thread.java:750)
Caused by: org.apache.hadoop.hdds.scm.container.common.helpers.ContainerNotOpenException: 
	at org.apache.hadoop.hdds.scm.storage.ContainerProtocolCalls.validateContainerResponse(ContainerProtocolCalls.java:671)
	at org.apache.hadoop.hdds.scm.storage.ECBlockOutputStream.validateResponse(ECBlockOutputStream.java:301)
	... 7 more
2023-11-08 20:57:21,631 [pool-207-thread-1] WARN  io.KeyOutputStream (ECKeyOutputStream.java:logStreamError(243)) - Failure for replica index: 4, DatanodeDetails: 00000000-0000-0003-0000-000000000003(localhost/1.2.3.4)
java.io.IOException: Unexpected Storage Container Exception: org.apache.hadoop.hdds.scm.container.common.helpers.ContainerNotOpenException: 
	at org.apache.hadoop.hdds.scm.storage.BlockOutputStream.setIoException(BlockOutputStream.java:634)
	at org.apache.hadoop.hdds.scm.storage.ECBlockOutputStream.validateResponse(ECBlockOutputStream.java:303)
	at org.apache.hadoop.hdds.scm.storage.BlockOutputStream.lambda$writeChunkToContainer$2(BlockOutputStream.java:729)
	at java.util.concurrent.CompletableFuture.uniApply(CompletableFuture.java:616)
	at java.util.concurrent.CompletableFuture$UniApply.tryFire(CompletableFuture.java:591)
	at java.util.concurrent.CompletableFuture$Completion.run(CompletableFuture.java:456)
	at java.util.concurrent.ThreadPoolExecutor.runWorker(ThreadPoolExecutor.java:1149)
	at java.util.concurrent.ThreadPoolExecutor$Worker.run(ThreadPoolExecutor.java:624)
	at java.lang.Thread.run(Thread.java:750)
Caused by: org.apache.hadoop.hdds.scm.container.common.helpers.ContainerNotOpenException: 
	at org.apache.hadoop.hdds.scm.storage.ContainerProtocolCalls.validateContainerResponse(ContainerProtocolCalls.java:671)
	at org.apache.hadoop.hdds.scm.storage.ECBlockOutputStream.validateResponse(ECBlockOutputStream.java:301)
	... 7 more
2023-11-08 20:57:21,631 [pool-207-thread-1] WARN  io.KeyOutputStream (ECKeyOutputStream.java:logStreamError(243)) - Failure for replica index: 5, DatanodeDetails: 00000000-0000-0004-0000-000000000004(localhost/1.2.3.4)
java.io.IOException: Unexpected Storage Container Exception: org.apache.hadoop.hdds.scm.container.common.helpers.ContainerNotOpenException: 
	at org.apache.hadoop.hdds.scm.storage.BlockOutputStream.setIoException(BlockOutputStream.java:634)
	at org.apache.hadoop.hdds.scm.storage.ECBlockOutputStream.validateResponse(ECBlockOutputStream.java:303)
	at org.apache.hadoop.hdds.scm.storage.BlockOutputStream.lambda$writeChunkToContainer$2(BlockOutputStream.java:729)
	at java.util.concurrent.CompletableFuture.uniApply(CompletableFuture.java:616)
	at java.util.concurrent.CompletableFuture$UniApply.tryFire(CompletableFuture.java:591)
	at java.util.concurrent.CompletableFuture$Completion.run(CompletableFuture.java:456)
	at java.util.concurrent.ThreadPoolExecutor.runWorker(ThreadPoolExecutor.java:1149)
	at java.util.concurrent.ThreadPoolExecutor$Worker.run(ThreadPoolExecutor.java:624)
	at java.lang.Thread.run(Thread.java:750)
Caused by: org.apache.hadoop.hdds.scm.container.common.helpers.ContainerNotOpenException: 
	at org.apache.hadoop.hdds.scm.storage.ContainerProtocolCalls.validateContainerResponse(ContainerProtocolCalls.java:671)
	at org.apache.hadoop.hdds.scm.storage.ECBlockOutputStream.validateResponse(ECBlockOutputStream.java:301)
	... 7 more
]]></system-out>
  </testcase>
  <testcase name="testDiscardPreAllocatedBlocksPreventRetryExceeds" classname="org.apache.hadoop.ozone.client.TestOzoneECClient" time="0.154">
    <system-out><![CDATA[2023-11-08 20:57:21,752 [main] INFO  rpc.RpcClient (RpcClient.java:createVolume(461)) - Creating Volume: dd1c555b-37f2-429f-b32d-74f86f220826, with runner as owner and space quota set to -1 bytes, counts quota set to -1
2023-11-08 20:57:21,754 [main] INFO  rpc.RpcClient (RpcClient.java:createBucket(688)) - Creating Bucket: dd1c555b-37f2-429f-b32d-74f86f220826/3759d4dd-2ee0-4416-92b4-f109fe837ff5, with server-side default bucket layout, runner as owner, Versioning false, Storage Type set to DISK and Encryption set to false, Replication Type set to server-side default replication type, Namespace Quota set to -1, Space Quota set to -1 
2023-11-08 20:57:21,877 [pool-218-thread-1] WARN  io.KeyOutputStream (ECKeyOutputStream.java:logStreamError(241)) - EC stripe write failed: F F S S S
2023-11-08 20:57:21,877 [pool-218-thread-1] WARN  io.KeyOutputStream (ECKeyOutputStream.java:logStreamError(243)) - Failure for replica index: 1, DatanodeDetails: 00000000-0000-0000-0000-000000000000(localhost/1.2.3.4)
java.io.IOException: Unexpected Storage Container Exception: org.apache.hadoop.hdds.scm.container.common.helpers.StorageContainerException: 
	at org.apache.hadoop.hdds.scm.storage.BlockOutputStream.setIoException(BlockOutputStream.java:634)
	at org.apache.hadoop.hdds.scm.storage.ECBlockOutputStream.validateResponse(ECBlockOutputStream.java:303)
	at org.apache.hadoop.hdds.scm.storage.BlockOutputStream.lambda$writeChunkToContainer$2(BlockOutputStream.java:729)
	at java.util.concurrent.CompletableFuture.uniApply(CompletableFuture.java:616)
	at java.util.concurrent.CompletableFuture$UniApply.tryFire(CompletableFuture.java:591)
	at java.util.concurrent.CompletableFuture$Completion.run(CompletableFuture.java:456)
	at java.util.concurrent.ThreadPoolExecutor.runWorker(ThreadPoolExecutor.java:1149)
	at java.util.concurrent.ThreadPoolExecutor$Worker.run(ThreadPoolExecutor.java:624)
	at java.lang.Thread.run(Thread.java:750)
Caused by: org.apache.hadoop.hdds.scm.container.common.helpers.StorageContainerException: 
	at org.apache.hadoop.hdds.scm.storage.ContainerProtocolCalls.validateContainerResponse(ContainerProtocolCalls.java:674)
	at org.apache.hadoop.hdds.scm.storage.ECBlockOutputStream.validateResponse(ECBlockOutputStream.java:301)
	... 7 more
2023-11-08 20:57:21,878 [pool-218-thread-1] WARN  io.KeyOutputStream (ECKeyOutputStream.java:logStreamError(243)) - Failure for replica index: 2, DatanodeDetails: 00000000-0000-0001-0000-000000000001(localhost/1.2.3.4)
java.io.IOException: Unexpected Storage Container Exception: org.apache.hadoop.hdds.scm.container.common.helpers.StorageContainerException: 
	at org.apache.hadoop.hdds.scm.storage.BlockOutputStream.setIoException(BlockOutputStream.java:634)
	at org.apache.hadoop.hdds.scm.storage.ECBlockOutputStream.validateResponse(ECBlockOutputStream.java:303)
	at org.apache.hadoop.hdds.scm.storage.BlockOutputStream.lambda$writeChunkToContainer$2(BlockOutputStream.java:729)
	at java.util.concurrent.CompletableFuture.uniApply(CompletableFuture.java:616)
	at java.util.concurrent.CompletableFuture$UniApply.tryFire(CompletableFuture.java:591)
	at java.util.concurrent.CompletableFuture$Completion.run(CompletableFuture.java:456)
	at java.util.concurrent.ThreadPoolExecutor.runWorker(ThreadPoolExecutor.java:1149)
	at java.util.concurrent.ThreadPoolExecutor$Worker.run(ThreadPoolExecutor.java:624)
	at java.lang.Thread.run(Thread.java:750)
Caused by: org.apache.hadoop.hdds.scm.container.common.helpers.StorageContainerException: 
	at org.apache.hadoop.hdds.scm.storage.ContainerProtocolCalls.validateContainerResponse(ContainerProtocolCalls.java:674)
	at org.apache.hadoop.hdds.scm.storage.ECBlockOutputStream.validateResponse(ECBlockOutputStream.java:301)
	... 7 more
]]></system-out>
  </testcase>
  <testcase name="testStripeWriteRetriesOn2Failures" classname="org.apache.hadoop.ozone.client.TestOzoneECClient" time="0.14">
    <system-out><![CDATA[2023-11-08 20:57:21,908 [main] INFO  rpc.RpcClient (RpcClient.java:createVolume(461)) - Creating Volume: 48f8944d-72be-481c-9705-71a291fa0636, with runner as owner and space quota set to -1 bytes, counts quota set to -1
2023-11-08 20:57:21,909 [main] INFO  rpc.RpcClient (RpcClient.java:createBucket(688)) - Creating Bucket: 48f8944d-72be-481c-9705-71a291fa0636/2ae33f65-6df1-47cc-8669-f454320990cb, with server-side default bucket layout, runner as owner, Versioning false, Storage Type set to DISK and Encryption set to false, Replication Type set to server-side default replication type, Namespace Quota set to -1, Space Quota set to -1 
2023-11-08 20:57:22,025 [pool-229-thread-1] WARN  io.KeyOutputStream (ECKeyOutputStream.java:logStreamError(241)) - EC stripe write failed: F S S S S
2023-11-08 20:57:22,025 [pool-229-thread-1] WARN  io.KeyOutputStream (ECKeyOutputStream.java:logStreamError(243)) - Failure for replica index: 1, DatanodeDetails: 00000000-0000-0000-0000-000000000000(localhost/1.2.3.4)
java.io.IOException: Unexpected Storage Container Exception: org.apache.hadoop.hdds.scm.container.common.helpers.StorageContainerException: 
	at org.apache.hadoop.hdds.scm.storage.BlockOutputStream.setIoException(BlockOutputStream.java:634)
	at org.apache.hadoop.hdds.scm.storage.ECBlockOutputStream.validateResponse(ECBlockOutputStream.java:303)
	at org.apache.hadoop.hdds.scm.storage.BlockOutputStream.lambda$writeChunkToContainer$2(BlockOutputStream.java:729)
	at java.util.concurrent.CompletableFuture.uniApply(CompletableFuture.java:616)
	at java.util.concurrent.CompletableFuture$UniApply.tryFire(CompletableFuture.java:591)
	at java.util.concurrent.CompletableFuture$Completion.run(CompletableFuture.java:456)
	at java.util.concurrent.ThreadPoolExecutor.runWorker(ThreadPoolExecutor.java:1149)
	at java.util.concurrent.ThreadPoolExecutor$Worker.run(ThreadPoolExecutor.java:624)
	at java.lang.Thread.run(Thread.java:750)
Caused by: org.apache.hadoop.hdds.scm.container.common.helpers.StorageContainerException: 
	at org.apache.hadoop.hdds.scm.storage.ContainerProtocolCalls.validateContainerResponse(ContainerProtocolCalls.java:674)
	at org.apache.hadoop.hdds.scm.storage.ECBlockOutputStream.validateResponse(ECBlockOutputStream.java:301)
	... 7 more
2023-11-08 20:57:22,030 [pool-229-thread-1] WARN  io.KeyOutputStream (ECKeyOutputStream.java:logStreamError(241)) - EC stripe write failed: F S S S S
2023-11-08 20:57:22,030 [pool-229-thread-1] WARN  io.KeyOutputStream (ECKeyOutputStream.java:logStreamError(243)) - Failure for replica index: 1, DatanodeDetails: 00000000-0000-0005-0000-000000000005(localhost/1.2.3.4)
java.io.IOException: Unexpected Storage Container Exception: org.apache.hadoop.hdds.scm.container.common.helpers.StorageContainerException: 
	at org.apache.hadoop.hdds.scm.storage.BlockOutputStream.setIoException(BlockOutputStream.java:634)
	at org.apache.hadoop.hdds.scm.storage.ECBlockOutputStream.validateResponse(ECBlockOutputStream.java:303)
	at org.apache.hadoop.hdds.scm.storage.BlockOutputStream.lambda$writeChunkToContainer$2(BlockOutputStream.java:729)
	at java.util.concurrent.CompletableFuture.uniApply(CompletableFuture.java:616)
	at java.util.concurrent.CompletableFuture$UniApply.tryFire(CompletableFuture.java:591)
	at java.util.concurrent.CompletableFuture$Completion.run(CompletableFuture.java:456)
	at java.util.concurrent.ThreadPoolExecutor.runWorker(ThreadPoolExecutor.java:1149)
	at java.util.concurrent.ThreadPoolExecutor$Worker.run(ThreadPoolExecutor.java:624)
	at java.lang.Thread.run(Thread.java:750)
Caused by: org.apache.hadoop.hdds.scm.container.common.helpers.StorageContainerException: 
	at org.apache.hadoop.hdds.scm.storage.ContainerProtocolCalls.validateContainerResponse(ContainerProtocolCalls.java:674)
	at org.apache.hadoop.hdds.scm.storage.ECBlockOutputStream.validateResponse(ECBlockOutputStream.java:301)
	... 7 more
]]></system-out>
  </testcase>
  <testcase name="testPartialStripeWithPartialLastChunk" classname="org.apache.hadoop.ozone.client.TestOzoneECClient" time="0.023">
    <system-out><![CDATA[2023-11-08 20:57:22,049 [main] INFO  rpc.RpcClient (RpcClient.java:createVolume(461)) - Creating Volume: 6e826859-ef7f-4018-92ad-6f58d247454e, with runner as owner and space quota set to -1 bytes, counts quota set to -1
2023-11-08 20:57:22,050 [main] INFO  rpc.RpcClient (RpcClient.java:createBucket(688)) - Creating Bucket: 6e826859-ef7f-4018-92ad-6f58d247454e/d3317896-cbdf-43e9-beb6-e3cb6f6d134f, with server-side default bucket layout, runner as owner, Versioning false, Storage Type set to DISK and Encryption set to false, Replication Type set to server-side default replication type, Namespace Quota set to -1, Space Quota set to -1 
]]></system-out>
  </testcase>
  <testcase name="testWriteShouldSuccessWithAdditional1BlockGroupAfterFailure" classname="org.apache.hadoop.ozone.client.TestOzoneECClient" time="0.138">
    <system-out><![CDATA[2023-11-08 20:57:22,079 [main] INFO  rpc.RpcClient (RpcClient.java:createVolume(461)) - Creating Volume: 591417c3-0d4e-422b-ac2a-597e2f3d2e0b, with runner as owner and space quota set to -1 bytes, counts quota set to -1
2023-11-08 20:57:22,080 [main] INFO  rpc.RpcClient (RpcClient.java:createBucket(688)) - Creating Bucket: 591417c3-0d4e-422b-ac2a-597e2f3d2e0b/5e96ab7c-ff66-42bd-9d2e-d044dd1a3734, with server-side default bucket layout, runner as owner, Versioning false, Storage Type set to DISK and Encryption set to false, Replication Type set to server-side default replication type, Namespace Quota set to -1, Space Quota set to -1 
2023-11-08 20:57:22,196 [pool-251-thread-1] WARN  io.KeyOutputStream (ECKeyOutputStream.java:logStreamError(241)) - EC stripe write failed: F F F F S
2023-11-08 20:57:22,196 [pool-251-thread-1] WARN  io.KeyOutputStream (ECKeyOutputStream.java:logStreamError(243)) - Failure for replica index: 1, DatanodeDetails: 00000000-0000-0000-0000-000000000000(localhost/1.2.3.4)
java.io.IOException: Unexpected Storage Container Exception: org.apache.hadoop.hdds.scm.container.common.helpers.StorageContainerException: 
	at org.apache.hadoop.hdds.scm.storage.BlockOutputStream.setIoException(BlockOutputStream.java:634)
	at org.apache.hadoop.hdds.scm.storage.ECBlockOutputStream.validateResponse(ECBlockOutputStream.java:303)
	at org.apache.hadoop.hdds.scm.storage.BlockOutputStream.lambda$writeChunkToContainer$2(BlockOutputStream.java:729)
	at java.util.concurrent.CompletableFuture.uniApply(CompletableFuture.java:616)
	at java.util.concurrent.CompletableFuture$UniApply.tryFire(CompletableFuture.java:591)
	at java.util.concurrent.CompletableFuture$Completion.run(CompletableFuture.java:456)
	at java.util.concurrent.ThreadPoolExecutor.runWorker(ThreadPoolExecutor.java:1149)
	at java.util.concurrent.ThreadPoolExecutor$Worker.run(ThreadPoolExecutor.java:624)
	at java.lang.Thread.run(Thread.java:750)
Caused by: org.apache.hadoop.hdds.scm.container.common.helpers.StorageContainerException: 
	at org.apache.hadoop.hdds.scm.storage.ContainerProtocolCalls.validateContainerResponse(ContainerProtocolCalls.java:674)
	at org.apache.hadoop.hdds.scm.storage.ECBlockOutputStream.validateResponse(ECBlockOutputStream.java:301)
	... 7 more
2023-11-08 20:57:22,196 [pool-251-thread-1] WARN  io.KeyOutputStream (ECKeyOutputStream.java:logStreamError(243)) - Failure for replica index: 2, DatanodeDetails: 00000000-0000-0001-0000-000000000001(localhost/1.2.3.4)
java.io.IOException: Unexpected Storage Container Exception: org.apache.hadoop.hdds.scm.container.common.helpers.StorageContainerException: 
	at org.apache.hadoop.hdds.scm.storage.BlockOutputStream.setIoException(BlockOutputStream.java:634)
	at org.apache.hadoop.hdds.scm.storage.ECBlockOutputStream.validateResponse(ECBlockOutputStream.java:303)
	at org.apache.hadoop.hdds.scm.storage.BlockOutputStream.lambda$writeChunkToContainer$2(BlockOutputStream.java:729)
	at java.util.concurrent.CompletableFuture.uniApply(CompletableFuture.java:616)
	at java.util.concurrent.CompletableFuture$UniApply.tryFire(CompletableFuture.java:591)
	at java.util.concurrent.CompletableFuture$Completion.run(CompletableFuture.java:456)
	at java.util.concurrent.ThreadPoolExecutor.runWorker(ThreadPoolExecutor.java:1149)
	at java.util.concurrent.ThreadPoolExecutor$Worker.run(ThreadPoolExecutor.java:624)
	at java.lang.Thread.run(Thread.java:750)
Caused by: org.apache.hadoop.hdds.scm.container.common.helpers.StorageContainerException: 
	at org.apache.hadoop.hdds.scm.storage.ContainerProtocolCalls.validateContainerResponse(ContainerProtocolCalls.java:674)
	at org.apache.hadoop.hdds.scm.storage.ECBlockOutputStream.validateResponse(ECBlockOutputStream.java:301)
	... 7 more
2023-11-08 20:57:22,197 [pool-251-thread-1] WARN  io.KeyOutputStream (ECKeyOutputStream.java:logStreamError(243)) - Failure for replica index: 3, DatanodeDetails: 00000000-0000-0002-0000-000000000002(localhost/1.2.3.4)
java.io.IOException: Unexpected Storage Container Exception: org.apache.hadoop.hdds.scm.container.common.helpers.StorageContainerException: 
	at org.apache.hadoop.hdds.scm.storage.BlockOutputStream.setIoException(BlockOutputStream.java:634)
	at org.apache.hadoop.hdds.scm.storage.ECBlockOutputStream.validateResponse(ECBlockOutputStream.java:303)
	at org.apache.hadoop.hdds.scm.storage.BlockOutputStream.lambda$writeChunkToContainer$2(BlockOutputStream.java:729)
	at java.util.concurrent.CompletableFuture.uniApply(CompletableFuture.java:616)
	at java.util.concurrent.CompletableFuture$UniApply.tryFire(CompletableFuture.java:591)
	at java.util.concurrent.CompletableFuture$Completion.run(CompletableFuture.java:456)
	at java.util.concurrent.ThreadPoolExecutor.runWorker(ThreadPoolExecutor.java:1149)
	at java.util.concurrent.ThreadPoolExecutor$Worker.run(ThreadPoolExecutor.java:624)
	at java.lang.Thread.run(Thread.java:750)
Caused by: org.apache.hadoop.hdds.scm.container.common.helpers.StorageContainerException: 
	at org.apache.hadoop.hdds.scm.storage.ContainerProtocolCalls.validateContainerResponse(ContainerProtocolCalls.java:674)
	at org.apache.hadoop.hdds.scm.storage.ECBlockOutputStream.validateResponse(ECBlockOutputStream.java:301)
	... 7 more
2023-11-08 20:57:22,199 [pool-251-thread-1] WARN  io.KeyOutputStream (ECKeyOutputStream.java:logStreamError(243)) - Failure for replica index: 4, DatanodeDetails: 00000000-0000-0003-0000-000000000003(localhost/1.2.3.4)
java.io.IOException: Unexpected Storage Container Exception: org.apache.hadoop.hdds.scm.container.common.helpers.StorageContainerException: 
	at org.apache.hadoop.hdds.scm.storage.BlockOutputStream.setIoException(BlockOutputStream.java:634)
	at org.apache.hadoop.hdds.scm.storage.ECBlockOutputStream.validateResponse(ECBlockOutputStream.java:303)
	at org.apache.hadoop.hdds.scm.storage.BlockOutputStream.lambda$writeChunkToContainer$2(BlockOutputStream.java:729)
	at java.util.concurrent.CompletableFuture.uniApply(CompletableFuture.java:616)
	at java.util.concurrent.CompletableFuture$UniApply.tryFire(CompletableFuture.java:591)
	at java.util.concurrent.CompletableFuture$Completion.run(CompletableFuture.java:456)
	at java.util.concurrent.ThreadPoolExecutor.runWorker(ThreadPoolExecutor.java:1149)
	at java.util.concurrent.ThreadPoolExecutor$Worker.run(ThreadPoolExecutor.java:624)
	at java.lang.Thread.run(Thread.java:750)
Caused by: org.apache.hadoop.hdds.scm.container.common.helpers.StorageContainerException: 
	at org.apache.hadoop.hdds.scm.storage.ContainerProtocolCalls.validateContainerResponse(ContainerProtocolCalls.java:674)
	at org.apache.hadoop.hdds.scm.storage.ECBlockOutputStream.validateResponse(ECBlockOutputStream.java:301)
	... 7 more
]]></system-out>
  </testcase>
  <testcase name="test5ChunksInSingleWriteOp" classname="org.apache.hadoop.ozone.client.TestOzoneECClient" time="0.022">
    <system-out><![CDATA[2023-11-08 20:57:22,225 [main] INFO  rpc.RpcClient (RpcClient.java:createVolume(461)) - Creating Volume: e5468bcc-bcb1-4786-ad43-3c4ea7e07ccf, with runner as owner and space quota set to -1 bytes, counts quota set to -1
2023-11-08 20:57:22,226 [main] INFO  rpc.RpcClient (RpcClient.java:createBucket(688)) - Creating Bucket: e5468bcc-bcb1-4786-ad43-3c4ea7e07ccf/f185c9b1-e25e-47f7-896f-c67237e97559, with server-side default bucket layout, runner as owner, Versioning false, Storage Type set to DISK and Encryption set to false, Replication Type set to EC, Namespace Quota set to -1, Space Quota set to -1 
]]></system-out>
  </testcase>
  <testcase name="test10ChunksInSingleWriteOp" classname="org.apache.hadoop.ozone.client.TestOzoneECClient" time="0.02">
    <system-out><![CDATA[2023-11-08 20:57:22,254 [main] INFO  rpc.RpcClient (RpcClient.java:createVolume(461)) - Creating Volume: f18849d9-52c4-4cf7-8c90-73515288a22c, with runner as owner and space quota set to -1 bytes, counts quota set to -1
2023-11-08 20:57:22,255 [main] INFO  rpc.RpcClient (RpcClient.java:createBucket(688)) - Creating Bucket: f18849d9-52c4-4cf7-8c90-73515288a22c/22bb809a-6f64-4d7f-833f-269bed88de6e, with server-side default bucket layout, runner as owner, Versioning false, Storage Type set to DISK and Encryption set to false, Replication Type set to EC, Namespace Quota set to -1, Space Quota set to -1 
]]></system-out>
  </testcase>
  <testcase name="testPartialStripeWithPartialChunkRetry" classname="org.apache.hadoop.ozone.client.TestOzoneECClient" time="1.028">
    <error type="java.lang.IndexOutOfBoundsException"><![CDATA[java.lang.IndexOutOfBoundsException: Index: -1
	at java.util.Collections$EmptyList.get(Collections.java:4456)
	at java.util.Collections$UnmodifiableList.get(Collections.java:1311)
	at org.apache.hadoop.ozone.client.io.ECBlockOutputStreamEntry.calculateChecksum(ECBlockOutputStreamEntry.java:416)
	at org.apache.hadoop.ozone.client.io.ECKeyOutputStream.commitStripeWrite(ECKeyOutputStream.java:266)
	at org.apache.hadoop.ozone.client.io.ECKeyOutputStream.flushStripeToDatanodes(ECKeyOutputStream.java:585)
	at org.apache.hadoop.ozone.client.io.ECKeyOutputStream.flushStripeFromQueue(ECKeyOutputStream.java:567)
	at java.util.concurrent.FutureTask.run(FutureTask.java:266)
	at java.util.concurrent.ThreadPoolExecutor.runWorker(ThreadPoolExecutor.java:1149)
	at java.util.concurrent.ThreadPoolExecutor$Worker.run(ThreadPoolExecutor.java:624)
	at java.lang.Thread.run(Thread.java:750)
]]></error>
    <system-out><![CDATA[2023-11-08 20:57:22,289 [main] INFO  rpc.RpcClient (RpcClient.java:createVolume(461)) - Creating Volume: 037fea0d-a73a-4281-bd3f-ab064231a976, with runner as owner and space quota set to -1 bytes, counts quota set to -1
2023-11-08 20:57:22,290 [main] INFO  rpc.RpcClient (RpcClient.java:createBucket(688)) - Creating Bucket: 037fea0d-a73a-4281-bd3f-ab064231a976/5101b35d-b6be-4dd0-b6cb-4a7191b0b671, with server-side default bucket layout, runner as owner, Versioning false, Storage Type set to DISK and Encryption set to false, Replication Type set to server-side default replication type, Namespace Quota set to -1, Space Quota set to -1 
]]></system-out>
  </testcase>
  <testcase name="test7ChunksInSingleWriteOp" classname="org.apache.hadoop.ozone.client.TestOzoneECClient" time="0.018">
    <system-out><![CDATA[2023-11-08 20:57:23,322 [main] INFO  rpc.RpcClient (RpcClient.java:createVolume(461)) - Creating Volume: eb9b80c6-ecfb-4673-a518-50178218ded8, with runner as owner and space quota set to -1 bytes, counts quota set to -1
2023-11-08 20:57:23,323 [main] INFO  rpc.RpcClient (RpcClient.java:createBucket(688)) - Creating Bucket: eb9b80c6-ecfb-4673-a518-50178218ded8/66b6619f-44e8-496b-a6bd-a62ca18c8593, with server-side default bucket layout, runner as owner, Versioning false, Storage Type set to DISK and Encryption set to false, Replication Type set to EC, Namespace Quota set to -1, Space Quota set to -1 
]]></system-out>
  </testcase>
  <testcase name="test12ChunksInSingleWriteOp" classname="org.apache.hadoop.ozone.client.TestOzoneECClient" time="0.02">
    <system-out><![CDATA[2023-11-08 20:57:23,349 [main] INFO  rpc.RpcClient (RpcClient.java:createVolume(461)) - Creating Volume: e007150a-d458-45e2-88c4-234696c99519, with runner as owner and space quota set to -1 bytes, counts quota set to -1
2023-11-08 20:57:23,349 [main] INFO  rpc.RpcClient (RpcClient.java:createBucket(688)) - Creating Bucket: e007150a-d458-45e2-88c4-234696c99519/abb5cdfa-ea51-465c-96f8-ab15c4d651a8, with server-side default bucket layout, runner as owner, Versioning false, Storage Type set to DISK and Encryption set to false, Replication Type set to EC, Namespace Quota set to -1, Space Quota set to -1 
]]></system-out>
  </testcase>
  <testcase name="test9ChunksInSingleWriteOp" classname="org.apache.hadoop.ozone.client.TestOzoneECClient" time="0.018">
    <system-out><![CDATA[2023-11-08 20:57:23,376 [main] INFO  rpc.RpcClient (RpcClient.java:createVolume(461)) - Creating Volume: f5a21983-17a7-408b-9c9a-e05c15e9e3b5, with runner as owner and space quota set to -1 bytes, counts quota set to -1
2023-11-08 20:57:23,377 [main] INFO  rpc.RpcClient (RpcClient.java:createBucket(688)) - Creating Bucket: f5a21983-17a7-408b-9c9a-e05c15e9e3b5/6d68adbc-8412-46cd-a1b5-b3f201bdf957, with server-side default bucket layout, runner as owner, Versioning false, Storage Type set to DISK and Encryption set to false, Replication Type set to EC, Namespace Quota set to -1, Space Quota set to -1 
]]></system-out>
  </testcase>
  <testcase name="testCreateBucketWithDefaultReplicationConfig" classname="org.apache.hadoop.ozone.client.TestOzoneECClient" time="0.022">
    <system-out><![CDATA[2023-11-08 20:57:23,402 [main] INFO  rpc.RpcClient (RpcClient.java:createVolume(461)) - Creating Volume: b84cffa3-f816-48f7-abdb-9e947bf73705, with runner as owner and space quota set to -1 bytes, counts quota set to -1
2023-11-08 20:57:23,403 [main] INFO  rpc.RpcClient (RpcClient.java:createBucket(688)) - Creating Bucket: b84cffa3-f816-48f7-abdb-9e947bf73705/7ae47460-de75-4111-89ec-e79c7766afb5, with server-side default bucket layout, runner as owner, Versioning false, Storage Type set to DISK and Encryption set to false, Replication Type set to EC, Namespace Quota set to -1, Space Quota set to -1 
]]></system-out>
  </testcase>
  <testcase name="testMultipleChunksWithPartialChunkInSingleWriteOp" classname="org.apache.hadoop.ozone.client.TestOzoneECClient" time="0.02">
    <system-out><![CDATA[2023-11-08 20:57:23,432 [main] INFO  rpc.RpcClient (RpcClient.java:createVolume(461)) - Creating Volume: 2719e581-6efc-4f68-a8f6-2fee9af63eca, with runner as owner and space quota set to -1 bytes, counts quota set to -1
2023-11-08 20:57:23,433 [main] INFO  rpc.RpcClient (RpcClient.java:createBucket(688)) - Creating Bucket: 2719e581-6efc-4f68-a8f6-2fee9af63eca/89b982cb-b0aa-47fc-bbe9-f99adb80c28d, with server-side default bucket layout, runner as owner, Versioning false, Storage Type set to DISK and Encryption set to false, Replication Type set to EC, Namespace Quota set to -1, Space Quota set to -1 
]]></system-out>
  </testcase>
  <testcase name="testWriteShouldSuccessIf4NodesFailed" classname="org.apache.hadoop.ozone.client.TestOzoneECClient" time="0.123">
    <system-out><![CDATA[2023-11-08 20:57:23,461 [main] INFO  rpc.RpcClient (RpcClient.java:createVolume(461)) - Creating Volume: 2992aae3-6d91-4cf2-b6f4-19e264cbe4fa, with runner as owner and space quota set to -1 bytes, counts quota set to -1
2023-11-08 20:57:23,462 [main] INFO  rpc.RpcClient (RpcClient.java:createBucket(688)) - Creating Bucket: 2992aae3-6d91-4cf2-b6f4-19e264cbe4fa/4fd6d9de-e526-4bee-a82e-8b86c012fa35, with server-side default bucket layout, runner as owner, Versioning false, Storage Type set to DISK and Encryption set to false, Replication Type set to server-side default replication type, Namespace Quota set to -1, Space Quota set to -1 
2023-11-08 20:57:23,576 [pool-345-thread-1] WARN  io.KeyOutputStream (ECKeyOutputStream.java:logStreamError(241)) - EC stripe write failed: F S S F S
2023-11-08 20:57:23,577 [pool-345-thread-1] WARN  io.KeyOutputStream (ECKeyOutputStream.java:logStreamError(243)) - Failure for replica index: 1, DatanodeDetails: 00000000-0000-0000-0000-000000000000(localhost/1.2.3.4)
java.io.IOException: Unexpected Storage Container Exception: org.apache.hadoop.hdds.scm.container.common.helpers.StorageContainerException: 
	at org.apache.hadoop.hdds.scm.storage.BlockOutputStream.setIoException(BlockOutputStream.java:634)
	at org.apache.hadoop.hdds.scm.storage.ECBlockOutputStream.validateResponse(ECBlockOutputStream.java:303)
	at org.apache.hadoop.hdds.scm.storage.BlockOutputStream.lambda$writeChunkToContainer$2(BlockOutputStream.java:729)
	at java.util.concurrent.CompletableFuture.uniApply(CompletableFuture.java:616)
	at java.util.concurrent.CompletableFuture$UniApply.tryFire(CompletableFuture.java:591)
	at java.util.concurrent.CompletableFuture$Completion.run(CompletableFuture.java:456)
	at java.util.concurrent.ThreadPoolExecutor.runWorker(ThreadPoolExecutor.java:1149)
	at java.util.concurrent.ThreadPoolExecutor$Worker.run(ThreadPoolExecutor.java:624)
	at java.lang.Thread.run(Thread.java:750)
Caused by: org.apache.hadoop.hdds.scm.container.common.helpers.StorageContainerException: 
	at org.apache.hadoop.hdds.scm.storage.ContainerProtocolCalls.validateContainerResponse(ContainerProtocolCalls.java:674)
	at org.apache.hadoop.hdds.scm.storage.ECBlockOutputStream.validateResponse(ECBlockOutputStream.java:301)
	... 7 more
2023-11-08 20:57:23,577 [pool-345-thread-1] WARN  io.KeyOutputStream (ECKeyOutputStream.java:logStreamError(243)) - Failure for replica index: 4, DatanodeDetails: 00000000-0000-0003-0000-000000000003(localhost/1.2.3.4)
java.io.IOException: Unexpected Storage Container Exception: org.apache.hadoop.hdds.scm.container.common.helpers.StorageContainerException: 
	at org.apache.hadoop.hdds.scm.storage.BlockOutputStream.setIoException(BlockOutputStream.java:634)
	at org.apache.hadoop.hdds.scm.storage.ECBlockOutputStream.validateResponse(ECBlockOutputStream.java:303)
	at org.apache.hadoop.hdds.scm.storage.BlockOutputStream.lambda$writeChunkToContainer$2(BlockOutputStream.java:729)
	at java.util.concurrent.CompletableFuture.uniApply(CompletableFuture.java:616)
	at java.util.concurrent.CompletableFuture$UniApply.tryFire(CompletableFuture.java:591)
	at java.util.concurrent.CompletableFuture$Completion.run(CompletableFuture.java:456)
	at java.util.concurrent.ThreadPoolExecutor.runWorker(ThreadPoolExecutor.java:1149)
	at java.util.concurrent.ThreadPoolExecutor$Worker.run(ThreadPoolExecutor.java:624)
	at java.lang.Thread.run(Thread.java:750)
Caused by: org.apache.hadoop.hdds.scm.container.common.helpers.StorageContainerException: 
	at org.apache.hadoop.hdds.scm.storage.ContainerProtocolCalls.validateContainerResponse(ContainerProtocolCalls.java:674)
	at org.apache.hadoop.hdds.scm.storage.ECBlockOutputStream.validateResponse(ECBlockOutputStream.java:301)
	... 7 more
]]></system-out>
  </testcase>
</testsuite>