<?xml version="1.0" encoding="UTF-8"?>
<testsuite xmlns:xsi="http://www.w3.org/2001/XMLSchema-instance" xsi:noNamespaceSchemaLocation="https://maven.apache.org/surefire/maven-surefire-plugin/xsd/surefire-test-report.xsd" name="org.apache.hadoop.ozone.TestMiniOzoneCluster" time="227.486" tests="5" errors="1" skipped="0" failures="0">
  <properties>
    <property name="awt.toolkit" value="sun.awt.X11.XToolkit"/>
    <property name="file.encoding.pkg" value="sun.io"/>
    <property name="java.specification.version" value="1.8"/>
    <property name="sun.cpu.isalist" value=""/>
    <property name="sun.jnu.encoding" value="UTF-8"/>
    <property name="java.class.path" value="/home/runner/work/ozone/ozone/hadoop-ozone/integration-test/target/test-classes:/home/runner/work/ozone/ozone/hadoop-ozone/integration-test/target/classes:/home/runner/.m2/repository/org/apache/ozone/ozone-common/1.3.0-SNAPSHOT/ozone-common-1.3.0-SNAPSHOT.jar:/home/runner/.m2/repository/org/apache/commons/commons-compress/1.21/commons-compress-1.21.jar:/home/runner/.m2/repository/org/apache/ozone/hdds-common/1.3.0-SNAPSHOT/hdds-common-1.3.0-SNAPSHOT.jar:/home/runner/.m2/repository/org/apache/ozone/hdds-client/1.3.0-SNAPSHOT/hdds-client-1.3.0-SNAPSHOT.jar:/home/runner/.m2/repository/org/apache/ozone/ozone-interface-client/1.3.0-SNAPSHOT/ozone-interface-client-1.3.0-SNAPSHOT.jar:/home/runner/.m2/repository/org/apache/ozone/hdds-test-utils/1.3.0-SNAPSHOT/hdds-test-utils-1.3.0-SNAPSHOT.jar:/home/runner/.m2/repository/com/google/guava/guava/30.1.1-jre/guava-30.1.1-jre.jar:/home/runner/.m2/repository/com/google/guava/failureaccess/1.0.1/failureaccess-1.0.1.jar:/home/runner/.m2/repository/com/google/guava/listenablefuture/9999.0-empty-to-avoid-conflict-with-guava/listenablefuture-9999.0-empty-to-avoid-conflict-with-guava.jar:/home/runner/.m2/repository/com/google/code/findbugs/jsr305/3.0.0/jsr305-3.0.0.jar:/home/runner/.m2/repository/org/checkerframework/checker-qual/3.8.0/checker-qual-3.8.0.jar:/home/runner/.m2/repository/com/google/errorprone/error_prone_annotations/2.2.0/error_prone_annotations-2.2.0.jar:/home/runner/.m2/repository/com/google/j2objc/j2objc-annotations/1.3/j2objc-annotations-1.3.jar:/home/runner/.m2/repository/commons-io/commons-io/2.11.0/commons-io-2.11.0.jar:/home/runner/.m2/repository/commons-logging/commons-logging/1.2/commons-logging-1.2.jar:/home/runner/.m2/repository/log4j/log4j/1.2.17/log4j-1.2.17.jar:/home/runner/.m2/repository/org/slf4j/slf4j-api/1.7.30/slf4j-api-1.7.30.jar:/home/runner/.m2/repository/org/apache/ozone/hdds-server-scm/1.3.0-SNAPSHOT/hdds-server-scm-1.3.0-SNAPSHOT.jar:/home/runner/.m2/repository/org/apache/ozone/hdds-container-service/1.3.0-SNAPSHOT/hdds-container-service-1.3.0-SNAPSHOT.jar:/home/runner/.m2/repository/org/apache/ozone/hdds-hadoop-dependency-server/1.3.0-SNAPSHOT/hdds-hadoop-dependency-server-1.3.0-SNAPSHOT.jar:/home/runner/.m2/repository/org/apache/hadoop/hadoop-hdfs/3.3.1/hadoop-hdfs-3.3.1.jar:/home/runner/.m2/repository/org/apache/ozone/hdds-server-framework/1.3.0-SNAPSHOT/hdds-server-framework-1.3.0-SNAPSHOT.jar:/home/runner/.m2/repository/org/apache/ozone/hdds-interface-server/1.3.0-SNAPSHOT/hdds-interface-server-1.3.0-SNAPSHOT.jar:/home/runner/.m2/repository/org/eclipse/jetty/jetty-servlet/9.4.43.v20210629/jetty-servlet-9.4.43.v20210629.jar:/home/runner/.m2/repository/org/eclipse/jetty/jetty-security/9.4.43.v20210629/jetty-security-9.4.43.v20210629.jar:/home/runner/.m2/repository/org/rocksdb/rocksdbjni/6.25.3/rocksdbjni-6.25.3.jar:/home/runner/.m2/repository/io/prometheus/simpleclient_dropwizard/0.7.0/simpleclient_dropwizard-0.7.0.jar:/home/runner/.m2/repository/io/prometheus/simpleclient/0.7.0/simpleclient-0.7.0.jar:/home/runner/.m2/repository/io/prometheus/simpleclient_common/0.7.0/simpleclient_common-0.7.0.jar:/home/runner/.m2/repository/com/fasterxml/jackson/datatype/jackson-datatype-jsr310/2.12.1/jackson-datatype-jsr310-2.12.1.jar:/home/runner/.m2/repository/io/dropwizard/metrics/metrics-core/3.2.4/metrics-core-3.2.4.jar:/home/runner/.m2/repository/org/apache/hadoop/hadoop-hdfs-client/3.3.1/hadoop-hdfs-client-3.3.1.jar:/home/runner/.m2/repository/org/bouncycastle/bcprov-jdk15on/1.67/bcprov-jdk15on-1.67.jar:/home/runner/.m2/repository/com/google/protobuf/protobuf-java/2.5.0/protobuf-java-2.5.0.jar:/home/runner/.m2/repository/org/apache/ozone/ozone-manager/1.3.0-SNAPSHOT/ozone-manager-1.3.0-SNAPSHOT.jar:/home/runner/.m2/repository/org/aspectj/aspectjrt/1.9.7/aspectjrt-1.9.7.jar:/home/runner/.m2/repository/org/aspectj/aspectjweaver/1.9.7/aspectjweaver-1.9.7.jar:/home/runner/.m2/repository/org/apache/ozone/hdds-interface-client/1.3.0-SNAPSHOT/hdds-interface-client-1.3.0-SNAPSHOT.jar:/home/runner/.m2/repository/org/apache/hadoop/thirdparty/hadoop-shaded-protobuf_3_7/1.1.1/hadoop-shaded-protobuf_3_7-1.1.1.jar:/home/runner/.m2/repository/org/apache/ozone/ozone-interface-storage/1.3.0-SNAPSHOT/ozone-interface-storage-1.3.0-SNAPSHOT.jar:/home/runner/.m2/repository/org/reflections/reflections/0.9.11/reflections-0.9.11.jar:/home/runner/.m2/repository/org/apache/hadoop/hadoop-minikdc/3.3.1/hadoop-minikdc-3.3.1.jar:/home/runner/.m2/repository/org/apache/kerby/kerb-simplekdc/1.0.1/kerb-simplekdc-1.0.1.jar:/home/runner/.m2/repository/org/apache/kerby/kerb-client/1.0.1/kerb-client-1.0.1.jar:/home/runner/.m2/repository/org/apache/kerby/kerby-config/1.0.1/kerby-config-1.0.1.jar:/home/runner/.m2/repository/org/apache/kerby/kerb-common/1.0.1/kerb-common-1.0.1.jar:/home/runner/.m2/repository/org/apache/kerby/kerb-crypto/1.0.1/kerb-crypto-1.0.1.jar:/home/runner/.m2/repository/org/apache/kerby/kerb-util/1.0.1/kerb-util-1.0.1.jar:/home/runner/.m2/repository/org/apache/kerby/token-provider/1.0.1/token-provider-1.0.1.jar:/home/runner/.m2/repository/org/apache/kerby/kerb-admin/1.0.1/kerb-admin-1.0.1.jar:/home/runner/.m2/repository/org/apache/kerby/kerb-server/1.0.1/kerb-server-1.0.1.jar:/home/runner/.m2/repository/org/apache/kerby/kerb-identity/1.0.1/kerb-identity-1.0.1.jar:/home/runner/.m2/repository/org/apache/kerby/kerby-xdr/1.0.1/kerby-xdr-1.0.1.jar:/home/runner/.m2/repository/org/slf4j/slf4j-log4j12/1.7.30/slf4j-log4j12-1.7.30.jar:/home/runner/.m2/repository/org/apache/ozone/ozone-s3gateway/1.3.0-SNAPSHOT/ozone-s3gateway-1.3.0-SNAPSHOT.jar:/home/runner/.m2/repository/org/javassist/javassist/3.21.0-GA/javassist-3.21.0-GA.jar:/home/runner/.m2/repository/org/jboss/weld/servlet/weld-servlet/2.4.7.Final/weld-servlet-2.4.7.Final.jar:/home/runner/.m2/repository/org/glassfish/jersey/containers/jersey-container-servlet-core/2.33/jersey-container-servlet-core-2.33.jar:/home/runner/.m2/repository/org/glassfish/hk2/external/jakarta.inject/2.6.1/jakarta.inject-2.6.1.jar:/home/runner/.m2/repository/org/glassfish/jersey/core/jersey-common/2.33/jersey-common-2.33.jar:/home/runner/.m2/repository/jakarta/ws/rs/jakarta.ws.rs-api/2.1.6/jakarta.ws.rs-api-2.1.6.jar:/home/runner/.m2/repository/org/glassfish/jersey/ext/cdi/jersey-cdi1x/2.33/jersey-cdi1x-2.33.jar:/home/runner/.m2/repository/org/glassfish/jersey/inject/jersey-hk2/2.33/jersey-hk2-2.33.jar:/home/runner/.m2/repository/org/glassfish/hk2/hk2-locator/2.6.1/hk2-locator-2.6.1.jar:/home/runner/.m2/repository/org/glassfish/jersey/media/jersey-media-jaxb/2.33/jersey-media-jaxb-2.33.jar:/home/runner/.m2/repository/org/glassfish/hk2/osgi-resource-locator/1.0.3/osgi-resource-locator-1.0.3.jar:/home/runner/.m2/repository/org/glassfish/hk2/hk2-api/2.5.0/hk2-api-2.5.0.jar:/home/runner/.m2/repository/org/glassfish/hk2/hk2-utils/2.5.0/hk2-utils-2.5.0.jar:/home/runner/.m2/repository/org/glassfish/hk2/external/aopalliance-repackaged/2.5.0/aopalliance-repackaged-2.5.0.jar:/home/runner/.m2/repository/com/fasterxml/jackson/dataformat/jackson-dataformat-xml/2.12.1/jackson-dataformat-xml-2.12.1.jar:/home/runner/.m2/repository/com/fasterxml/jackson/core/jackson-core/2.12.1/jackson-core-2.12.1.jar:/home/runner/.m2/repository/com/fasterxml/jackson/module/jackson-module-jaxb-annotations/2.12.1/jackson-module-jaxb-annotations-2.12.1.jar:/home/runner/.m2/repository/jakarta/xml/bind/jakarta.xml.bind-api/2.3.2/jakarta.xml.bind-api-2.3.2.jar:/home/runner/.m2/repository/org/codehaus/woodstox/stax2-api/3.1.4/stax2-api-3.1.4.jar:/home/runner/.m2/repository/com/fasterxml/woodstox/woodstox-core/5.0.3/woodstox-core-5.0.3.jar:/home/runner/.m2/repository/javax/enterprise/cdi-api/1.2/cdi-api-1.2.jar:/home/runner/.m2/repository/javax/el/javax.el-api/3.0.0/javax.el-api-3.0.0.jar:/home/runner/.m2/repository/javax/interceptor/javax.interceptor-api/1.2/javax.interceptor-api-1.2.jar:/home/runner/.m2/repository/javax/inject/javax.inject/1/javax.inject-1.jar:/home/runner/.m2/repository/javax/xml/bind/jaxb-api/2.3.0/jaxb-api-2.3.0.jar:/home/runner/.m2/repository/org/glassfish/jaxb/jaxb-runtime/2.3.0.1/jaxb-runtime-2.3.0.1.jar:/home/runner/.m2/repository/org/glassfish/jaxb/jaxb-core/2.3.0.1/jaxb-core-2.3.0.1.jar:/home/runner/.m2/repository/org/glassfish/jaxb/txw2/2.3.0.1/txw2-2.3.0.1.jar:/home/runner/.m2/repository/com/sun/istack/istack-commons-runtime/3.0.5/istack-commons-runtime-3.0.5.jar:/home/runner/.m2/repository/org/jvnet/staxex/stax-ex/1.7.8/stax-ex-1.7.8.jar:/home/runner/.m2/repository/com/sun/xml/fastinfoset/FastInfoset/1.2.13/FastInfoset-1.2.13.jar:/home/runner/.m2/repository/javax/activation/activation/1.1.1/activation-1.1.1.jar:/home/runner/.m2/repository/org/apache/ozone/ozone-csi/1.3.0-SNAPSHOT/ozone-csi-1.3.0-SNAPSHOT.jar:/home/runner/.m2/repository/com/google/protobuf/protobuf-java-util/3.12.0/protobuf-java-util-3.12.0.jar:/home/runner/.m2/repository/com/google/code/gson/gson/2.2.4/gson-2.2.4.jar:/home/runner/.m2/repository/org/apache/ozone/hdds-config/1.3.0-SNAPSHOT/hdds-config-1.3.0-SNAPSHOT.jar:/home/runner/.m2/repository/io/grpc/grpc-netty/1.33.0/grpc-netty-1.33.0.jar:/home/runner/.m2/repository/io/grpc/grpc-core/1.33.0/grpc-core-1.33.0.jar:/home/runner/.m2/repository/com/google/android/annotations/4.1.1.4/annotations-4.1.1.4.jar:/home/runner/.m2/repository/io/netty/netty-codec-http2/4.1.63.Final/netty-codec-http2-4.1.63.Final.jar:/home/runner/.m2/repository/io/netty/netty-codec-http/4.1.63.Final/netty-codec-http-4.1.63.Final.jar:/home/runner/.m2/repository/io/netty/netty-handler-proxy/4.1.63.Final/netty-handler-proxy-4.1.63.Final.jar:/home/runner/.m2/repository/io/netty/netty-codec-socks/4.1.63.Final/netty-codec-socks-4.1.63.Final.jar:/home/runner/.m2/repository/io/perfmark/perfmark-api/0.19.0/perfmark-api-0.19.0.jar:/home/runner/.m2/repository/org/codehaus/mojo/animal-sniffer-annotations/1.18/animal-sniffer-annotations-1.18.jar:/home/runner/.m2/repository/io/netty/netty-transport-native-epoll/4.1.63.Final/netty-transport-native-epoll-4.1.63.Final.jar:/home/runner/.m2/repository/io/netty/netty-common/4.1.63.Final/netty-common-4.1.63.Final.jar:/home/runner/.m2/repository/io/netty/netty-buffer/4.1.63.Final/netty-buffer-4.1.63.Final.jar:/home/runner/.m2/repository/io/netty/netty-transport-native-unix-common/4.1.63.Final/netty-transport-native-unix-common-4.1.63.Final.jar:/home/runner/.m2/repository/io/grpc/grpc-protobuf/1.33.0/grpc-protobuf-1.33.0.jar:/home/runner/.m2/repository/io/grpc/grpc-api/1.33.0/grpc-api-1.33.0.jar:/home/runner/.m2/repository/io/grpc/grpc-context/1.33.0/grpc-context-1.33.0.jar:/home/runner/.m2/repository/com/google/api/grpc/proto-google-common-protos/1.17.0/proto-google-common-protos-1.17.0.jar:/home/runner/.m2/repository/io/grpc/grpc-protobuf-lite/1.33.0/grpc-protobuf-lite-1.33.0.jar:/home/runner/.m2/repository/io/grpc/grpc-stub/1.33.0/grpc-stub-1.33.0.jar:/home/runner/.m2/repository/org/apache/ozone/ozone-recon/1.3.0-SNAPSHOT/ozone-recon-1.3.0-SNAPSHOT.jar:/home/runner/.m2/repository/org/apache/ozone/ozone-reconcodegen/1.3.0-SNAPSHOT/ozone-reconcodegen-1.3.0-SNAPSHOT.jar:/home/runner/.m2/repository/com/google/inject/extensions/guice-multibindings/4.0/guice-multibindings-4.0.jar:/home/runner/.m2/repository/com/google/inject/guice/4.0/guice-4.0.jar:/home/runner/.m2/repository/aopalliance/aopalliance/1.0/aopalliance-1.0.jar:/home/runner/.m2/repository/com/google/inject/extensions/guice-assistedinject/4.0/guice-assistedinject-4.0.jar:/home/runner/.m2/repository/com/google/inject/extensions/guice-servlet/4.0/guice-servlet-4.0.jar:/home/runner/.m2/repository/org/glassfish/jersey/containers/jersey-container-servlet/2.33/jersey-container-servlet-2.33.jar:/home/runner/.m2/repository/org/glassfish/hk2/guice-bridge/2.5.0/guice-bridge-2.5.0.jar:/home/runner/.m2/repository/org/glassfish/jersey/core/jersey-server/2.33/jersey-server-2.33.jar:/home/runner/.m2/repository/org/glassfish/jersey/core/jersey-client/2.33/jersey-client-2.33.jar:/home/runner/.m2/repository/jakarta/annotation/jakarta.annotation-api/1.3.5/jakarta.annotation-api-1.3.5.jar:/home/runner/.m2/repository/jakarta/validation/jakarta.validation-api/2.0.2/jakarta.validation-api-2.0.2.jar:/home/runner/.m2/repository/org/glassfish/jersey/media/jersey-media-json-jackson/2.33/jersey-media-json-jackson-2.33.jar:/home/runner/.m2/repository/org/glassfish/jersey/ext/jersey-entity-filtering/2.33/jersey-entity-filtering-2.33.jar:/home/runner/.m2/repository/org/jooq/jooq/3.11.10/jooq-3.11.10.jar:/home/runner/.m2/repository/org/jooq/jooq-meta/3.11.10/jooq-meta-3.11.10.jar:/home/runner/.m2/repository/org/jooq/jooq-codegen/3.11.10/jooq-codegen-3.11.10.jar:/home/runner/.m2/repository/com/jolbox/bonecp/0.8.0.RELEASE/bonecp-0.8.0.RELEASE.jar:/home/runner/.m2/repository/org/apache/derby/derby/10.14.2.0/derby-10.14.2.0.jar:/home/runner/.m2/repository/org/xerial/sqlite-jdbc/3.25.2/sqlite-jdbc-3.25.2.jar:/home/runner/.m2/repository/org/springframework/spring-jdbc/5.2.18.RELEASE/spring-jdbc-5.2.18.RELEASE.jar:/home/runner/.m2/repository/org/springframework/spring-beans/5.2.18.RELEASE/spring-beans-5.2.18.RELEASE.jar:/home/runner/.m2/repository/org/springframework/spring-core/5.2.18.RELEASE/spring-core-5.2.18.RELEASE.jar:/home/runner/.m2/repository/org/springframework/spring-jcl/5.2.18.RELEASE/spring-jcl-5.2.18.RELEASE.jar:/home/runner/.m2/repository/org/springframework/spring-tx/5.2.18.RELEASE/spring-tx-5.2.18.RELEASE.jar:/home/runner/.m2/repository/org/apache/ozone/ozone-client/1.3.0-SNAPSHOT/ozone-client-1.3.0-SNAPSHOT.jar:/home/runner/.m2/repository/org/apache/ozone/ozone-filesystem/1.3.0-SNAPSHOT/ozone-filesystem-1.3.0-SNAPSHOT.jar:/home/runner/.m2/repository/org/apache/ozone/ozone-filesystem-common/1.3.0-SNAPSHOT/ozone-filesystem-common-1.3.0-SNAPSHOT.jar:/home/runner/.m2/repository/org/apache/ozone/ozone-tools/1.3.0-SNAPSHOT/ozone-tools-1.3.0-SNAPSHOT.jar:/home/runner/.m2/repository/org/apache/ratis/ratis-tools/2.2.0/ratis-tools-2.2.0.jar:/home/runner/.m2/repository/com/amazonaws/aws-java-sdk-core/1.12.124/aws-java-sdk-core-1.12.124.jar:/home/runner/.m2/repository/org/apache/httpcomponents/httpclient/4.5.13/httpclient-4.5.13.jar:/home/runner/.m2/repository/org/apache/httpcomponents/httpcore/4.4.13/httpcore-4.4.13.jar:/home/runner/.m2/repository/software/amazon/ion/ion-java/1.0.2/ion-java-1.0.2.jar:/home/runner/.m2/repository/com/fasterxml/jackson/dataformat/jackson-dataformat-cbor/2.12.1/jackson-dataformat-cbor-2.12.1.jar:/home/runner/.m2/repository/joda-time/joda-time/2.8.1/joda-time-2.8.1.jar:/home/runner/.m2/repository/com/amazonaws/aws-java-sdk-s3/1.12.124/aws-java-sdk-s3-1.12.124.jar:/home/runner/.m2/repository/com/amazonaws/aws-java-sdk-kms/1.12.124/aws-java-sdk-kms-1.12.124.jar:/home/runner/.m2/repository/com/amazonaws/jmespath-java/1.12.124/jmespath-java-1.12.124.jar:/home/runner/.m2/repository/org/kohsuke/metainf-services/metainf-services/1.8/metainf-services-1.8.jar:/home/runner/.m2/repository/org/apache/ozone/hdds-tools/1.3.0-SNAPSHOT/hdds-tools-1.3.0-SNAPSHOT.jar:/home/runner/.m2/repository/commons-cli/commons-cli/1.2/commons-cli-1.2.jar:/home/runner/.m2/repository/org/apache/commons/commons-lang3/3.7/commons-lang3-3.7.jar:/home/runner/.m2/repository/org/apache/ozone/ozone-manager/1.3.0-SNAPSHOT/ozone-manager-1.3.0-SNAPSHOT-tests.jar:/home/runner/.m2/repository/org/apache/ozone/hdds-common/1.3.0-SNAPSHOT/hdds-common-1.3.0-SNAPSHOT-tests.jar:/home/runner/.m2/repository/org/apache/ozone/hdds-hadoop-dependency-client/1.3.0-SNAPSHOT/hdds-hadoop-dependency-client-1.3.0-SNAPSHOT.jar:/home/runner/.m2/repository/info/picocli/picocli/4.6.1/picocli-4.6.1.jar:/home/runner/.m2/repository/com/fasterxml/jackson/core/jackson-annotations/2.12.1/jackson-annotations-2.12.1.jar:/home/runner/.m2/repository/javax/annotation/javax.annotation-api/1.2/javax.annotation-api-1.2.jar:/home/runner/.m2/repository/org/apache/ratis/ratis-server/2.2.0/ratis-server-2.2.0.jar:/home/runner/.m2/repository/org/apache/ratis/ratis-client/2.2.0/ratis-client-2.2.0.jar:/home/runner/.m2/repository/org/apache/ratis/ratis-server-api/2.2.0/ratis-server-api-2.2.0.jar:/home/runner/.m2/repository/org/apache/ratis/ratis-metrics/2.2.0/ratis-metrics-2.2.0.jar:/home/runner/.m2/repository/org/apache/ratis/ratis-netty/2.2.0/ratis-netty-2.2.0.jar:/home/runner/.m2/repository/org/apache/ratis/ratis-grpc/2.2.0/ratis-grpc-2.2.0.jar:/home/runner/.m2/repository/org/apache/logging/log4j/log4j-api/2.17.1/log4j-api-2.17.1.jar:/home/runner/.m2/repository/org/apache/logging/log4j/log4j-core/2.17.1/log4j-core-2.17.1.jar:/home/runner/.m2/repository/com/lmax/disruptor/3.4.2/disruptor-3.4.2.jar:/home/runner/.m2/repository/org/apache/commons/commons-pool2/2.6.0/commons-pool2-2.6.0.jar:/home/runner/.m2/repository/org/bouncycastle/bcpkix-jdk15on/1.67/bcpkix-jdk15on-1.67.jar:/home/runner/.m2/repository/commons-validator/commons-validator/1.6/commons-validator-1.6.jar:/home/runner/.m2/repository/commons-beanutils/commons-beanutils/1.9.4/commons-beanutils-1.9.4.jar:/home/runner/.m2/repository/commons-digester/commons-digester/1.8.1/commons-digester-1.8.1.jar:/home/runner/.m2/repository/commons-collections/commons-collections/3.2.2/commons-collections-3.2.2.jar:/home/runner/.m2/repository/io/jaegertracing/jaeger-client/1.6.0/jaeger-client-1.6.0.jar:/home/runner/.m2/repository/io/jaegertracing/jaeger-thrift/1.6.0/jaeger-thrift-1.6.0.jar:/home/runner/.m2/repository/org/apache/thrift/libthrift/0.14.1/libthrift-0.14.1.jar:/home/runner/.m2/repository/com/squareup/okhttp3/okhttp/4.9.0/okhttp-4.9.0.jar:/home/runner/.m2/repository/com/squareup/okio/okio/2.8.0/okio-2.8.0.jar:/home/runner/.m2/repository/io/jaegertracing/jaeger-core/1.6.0/jaeger-core-1.6.0.jar:/home/runner/.m2/repository/io/jaegertracing/jaeger-tracerresolver/1.6.0/jaeger-tracerresolver-1.6.0.jar:/home/runner/.m2/repository/io/opentracing/contrib/opentracing-tracerresolver/0.1.8/opentracing-tracerresolver-0.1.8.jar:/home/runner/.m2/repository/org/jetbrains/kotlin/kotlin-stdlib/1.4.31/kotlin-stdlib-1.4.31.jar:/home/runner/.m2/repository/org/jetbrains/kotlin/kotlin-stdlib-common/1.4.31/kotlin-stdlib-common-1.4.31.jar:/home/runner/.m2/repository/org/jetbrains/annotations/13.0/annotations-13.0.jar:/home/runner/.m2/repository/io/opentracing/opentracing-util/0.33.0/opentracing-util-0.33.0.jar:/home/runner/.m2/repository/io/opentracing/opentracing-api/0.33.0/opentracing-api-0.33.0.jar:/home/runner/.m2/repository/io/opentracing/opentracing-noop/0.33.0/opentracing-noop-0.33.0.jar:/home/runner/.m2/repository/org/yaml/snakeyaml/1.26/snakeyaml-1.26.jar:/home/runner/.m2/repository/org/apache/ozone/hdds-interface-admin/1.3.0-SNAPSHOT/hdds-interface-admin-1.3.0-SNAPSHOT.jar:/home/runner/.m2/repository/junit/junit/4.13.1/junit-4.13.1.jar:/home/runner/.m2/repository/org/hamcrest/hamcrest-core/1.3/hamcrest-core-1.3.jar:/home/runner/.m2/repository/org/junit/jupiter/junit-jupiter-api/5.7.0/junit-jupiter-api-5.7.0.jar:/home/runner/.m2/repository/org/apiguardian/apiguardian-api/1.1.0/apiguardian-api-1.1.0.jar:/home/runner/.m2/repository/org/opentest4j/opentest4j/1.2.0/opentest4j-1.2.0.jar:/home/runner/.m2/repository/org/junit/platform/junit-platform-commons/1.7.0/junit-platform-commons-1.7.0.jar:/home/runner/.m2/repository/org/junit/jupiter/junit-jupiter-engine/5.7.0/junit-jupiter-engine-5.7.0.jar:/home/runner/.m2/repository/org/junit/platform/junit-platform-engine/1.7.0/junit-platform-engine-1.7.0.jar:/home/runner/.m2/repository/org/junit/vintage/junit-vintage-engine/5.7.0/junit-vintage-engine-5.7.0.jar:/home/runner/.m2/repository/org/junit/platform/junit-platform-launcher/1.7.0/junit-platform-launcher-1.7.0.jar:/home/runner/.m2/repository/org/openjdk/jmh/jmh-core/1.19/jmh-core-1.19.jar:/home/runner/.m2/repository/net/sf/jopt-simple/jopt-simple/4.6/jopt-simple-4.6.jar:/home/runner/.m2/repository/org/apache/commons/commons-math3/3.1.1/commons-math3-3.1.1.jar:/home/runner/.m2/repository/org/openjdk/jmh/jmh-generator-annprocess/1.19/jmh-generator-annprocess-1.19.jar:/home/runner/.m2/repository/org/mockito/mockito-core/2.28.2/mockito-core-2.28.2.jar:/home/runner/.m2/repository/net/bytebuddy/byte-buddy/1.9.10/byte-buddy-1.9.10.jar:/home/runner/.m2/repository/net/bytebuddy/byte-buddy-agent/1.9.10/byte-buddy-agent-1.9.10.jar:/home/runner/.m2/repository/org/objenesis/objenesis/1.0/objenesis-1.0.jar:/home/runner/.m2/repository/org/apache/hadoop/hadoop-kms/3.3.1/hadoop-kms-3.3.1.jar:/home/runner/.m2/repository/org/apache/hadoop/hadoop-auth/3.3.1/hadoop-auth-3.3.1.jar:/home/runner/.m2/repository/com/nimbusds/nimbus-jose-jwt/7.9/nimbus-jose-jwt-7.9.jar:/home/runner/.m2/repository/com/github/stephenc/jcip/jcip-annotations/1.0-1/jcip-annotations-1.0-1.jar:/home/runner/.m2/repository/net/minidev/json-smart/2.3.1/json-smart-2.3.1.jar:/home/runner/.m2/repository/net/minidev/accessors-smart/2.3.1/accessors-smart-2.3.1.jar:/home/runner/.m2/repository/org/ow2/asm/asm/5.0.4/asm-5.0.4.jar:/home/runner/.m2/repository/org/apache/zookeeper/zookeeper/3.5.6/zookeeper-3.5.6.jar:/home/runner/.m2/repository/org/apache/zookeeper/zookeeper-jute/3.5.6/zookeeper-jute-3.5.6.jar:/home/runner/.m2/repository/org/apache/yetus/audience-annotations/0.5.0/audience-annotations-0.5.0.jar:/home/runner/.m2/repository/org/apache/curator/curator-framework/4.2.0/curator-framework-4.2.0.jar:/home/runner/.m2/repository/org/apache/hadoop/thirdparty/hadoop-shaded-guava/1.1.1/hadoop-shaded-guava-1.1.1.jar:/home/runner/.m2/repository/com/sun/jersey/jersey-core/1.19/jersey-core-1.19.jar:/home/runner/.m2/repository/javax/ws/rs/jsr311-api/1.1.1/jsr311-api-1.1.1.jar:/home/runner/.m2/repository/com/sun/jersey/jersey-server/1.19/jersey-server-1.19.jar:/home/runner/.m2/repository/javax/servlet/javax.servlet-api/3.1.0/javax.servlet-api-3.1.0.jar:/home/runner/.m2/repository/org/eclipse/jetty/jetty-server/9.4.43.v20210629/jetty-server-9.4.43.v20210629.jar:/home/runner/.m2/repository/org/eclipse/jetty/jetty-http/9.4.43.v20210629/jetty-http-9.4.43.v20210629.jar:/home/runner/.m2/repository/org/eclipse/jetty/jetty-io/9.4.43.v20210629/jetty-io-9.4.43.v20210629.jar:/home/runner/.m2/repository/org/eclipse/jetty/jetty-webapp/9.4.43.v20210629/jetty-webapp-9.4.43.v20210629.jar:/home/runner/.m2/repository/org/eclipse/jetty/jetty-xml/9.4.43.v20210629/jetty-xml-9.4.43.v20210629.jar:/home/runner/.m2/repository/org/apache/hadoop/hadoop-common/3.3.1/hadoop-common-3.3.1.jar:/home/runner/.m2/repository/commons-net/commons-net/3.6/commons-net-3.6.jar:/home/runner/.m2/repository/jakarta/activation/jakarta.activation-api/1.2.1/jakarta.activation-api-1.2.1.jar:/home/runner/.m2/repository/com/sun/jersey/jersey-servlet/1.19/jersey-servlet-1.19.jar:/home/runner/.m2/repository/com/sun/jersey/jersey-json/1.19/jersey-json-1.19.jar:/home/runner/.m2/repository/org/codehaus/jettison/jettison/1.1/jettison-1.1.jar:/home/runner/.m2/repository/com/sun/xml/bind/jaxb-impl/2.2.3-1/jaxb-impl-2.2.3-1.jar:/home/runner/.m2/repository/org/codehaus/jackson/jackson-jaxrs/1.9.2/jackson-jaxrs-1.9.2.jar:/home/runner/.m2/repository/org/codehaus/jackson/jackson-xc/1.9.2/jackson-xc-1.9.2.jar:/home/runner/.m2/repository/org/apache/commons/commons-configuration2/2.1.1/commons-configuration2-2.1.1.jar:/home/runner/.m2/repository/org/apache/commons/commons-text/1.4/commons-text-1.4.jar:/home/runner/.m2/repository/com/google/re2j/re2j/1.1/re2j-1.1.jar:/home/runner/.m2/repository/com/jcraft/jsch/0.1.54/jsch-0.1.54.jar:/home/runner/.m2/repository/org/apache/curator/curator-client/4.2.0/curator-client-4.2.0.jar:/home/runner/.m2/repository/org/apache/curator/curator-recipes/4.2.0/curator-recipes-4.2.0.jar:/home/runner/.m2/repository/org/apache/kerby/kerb-core/1.0.1/kerb-core-1.0.1.jar:/home/runner/.m2/repository/org/apache/kerby/kerby-pkix/1.0.1/kerby-pkix-1.0.1.jar:/home/runner/.m2/repository/org/apache/kerby/kerby-asn1/1.0.1/kerby-asn1-1.0.1.jar:/home/runner/.m2/repository/org/apache/kerby/kerby-util/1.0.1/kerby-util-1.0.1.jar:/home/runner/.m2/repository/dnsjava/dnsjava/2.1.7/dnsjava-2.1.7.jar:/home/runner/.m2/repository/org/xerial/snappy/snappy-java/1.1.8.2/snappy-java-1.1.8.2.jar:/home/runner/.m2/repository/org/slf4j/jul-to-slf4j/1.7.30/jul-to-slf4j-1.7.30.jar:/home/runner/.m2/repository/org/eclipse/jetty/jetty-util/9.4.43.v20210629/jetty-util-9.4.43.v20210629.jar:/home/runner/.m2/repository/com/fasterxml/jackson/core/jackson-databind/2.12.1/jackson-databind-2.12.1.jar:/home/runner/.m2/repository/org/apache/hadoop/hadoop-kms/3.3.1/hadoop-kms-3.3.1-tests.jar:/home/runner/.m2/repository/org/apache/ozone/hdds-server-scm/1.3.0-SNAPSHOT/hdds-server-scm-1.3.0-SNAPSHOT-tests.jar:/home/runner/.m2/repository/org/apache/ozone/hdds-container-service/1.3.0-SNAPSHOT/hdds-container-service-1.3.0-SNAPSHOT-tests.jar:/home/runner/.m2/repository/commons-codec/commons-codec/1.11/commons-codec-1.11.jar:/home/runner/.m2/repository/io/netty/netty-transport/4.1.63.Final/netty-transport-4.1.63.Final.jar:/home/runner/.m2/repository/io/netty/netty-resolver/4.1.63.Final/netty-resolver-4.1.63.Final.jar:/home/runner/.m2/repository/io/netty/netty-codec/4.1.63.Final/netty-codec-4.1.63.Final.jar:/home/runner/.m2/repository/io/netty/netty-handler/4.1.63.Final/netty-handler-4.1.63.Final.jar:/home/runner/.m2/repository/org/apache/ozone/hdds-hadoop-dependency-test/1.3.0-SNAPSHOT/hdds-hadoop-dependency-test-1.3.0-SNAPSHOT.jar:/home/runner/.m2/repository/org/apache/hadoop/hadoop-common/3.3.1/hadoop-common-3.3.1-tests.jar:/home/runner/.m2/repository/org/assertj/assertj-core/3.12.2/assertj-core-3.12.2.jar:/home/runner/.m2/repository/org/apache/hadoop/hadoop-hdfs/3.3.1/hadoop-hdfs-3.3.1-tests.jar:/home/runner/.m2/repository/org/eclipse/jetty/jetty-util-ajax/9.4.43.v20210629/jetty-util-ajax-9.4.43.v20210629.jar:/home/runner/.m2/repository/commons-daemon/commons-daemon/1.0.13/commons-daemon-1.0.13.jar:/home/runner/.m2/repository/io/netty/netty/3.10.6.Final/netty-3.10.6.Final.jar:/home/runner/.m2/repository/io/netty/netty-all/4.1.63.Final/netty-all-4.1.63.Final.jar:/home/runner/.m2/repository/org/apache/htrace/htrace-core4/4.1.0-incubating/htrace-core4-4.1.0-incubating.jar:/home/runner/.m2/repository/org/fusesource/leveldbjni/leveldbjni-all/1.8/leveldbjni-all-1.8.jar:/home/runner/.m2/repository/org/apache/hadoop/hadoop-distcp/3.3.1/hadoop-distcp-3.3.1.jar:/home/runner/.m2/repository/org/apache/hadoop/hadoop-mapreduce-client-jobclient/3.3.1/hadoop-mapreduce-client-jobclient-3.3.1.jar:/home/runner/.m2/repository/org/apache/hadoop/hadoop-mapreduce-client-common/3.3.1/hadoop-mapreduce-client-common-3.3.1.jar:/home/runner/.m2/repository/org/apache/hadoop/hadoop-yarn-common/3.3.1/hadoop-yarn-common-3.3.1.jar:/home/runner/.m2/repository/org/apache/hadoop/hadoop-yarn-api/3.3.1/hadoop-yarn-api-3.3.1.jar:/home/runner/.m2/repository/com/sun/jersey/jersey-client/1.19/jersey-client-1.19.jar:/home/runner/.m2/repository/com/sun/jersey/contribs/jersey-guice/1.19/jersey-guice-1.19.jar:/home/runner/.m2/repository/com/fasterxml/jackson/jaxrs/jackson-jaxrs-json-provider/2.12.1/jackson-jaxrs-json-provider-2.12.1.jar:/home/runner/.m2/repository/com/fasterxml/jackson/jaxrs/jackson-jaxrs-base/2.12.1/jackson-jaxrs-base-2.12.1.jar:/home/runner/.m2/repository/org/apache/hadoop/hadoop-yarn-client/3.3.1/hadoop-yarn-client-3.3.1.jar:/home/runner/.m2/repository/org/eclipse/jetty/websocket/websocket-client/9.4.40.v20210413/websocket-client-9.4.40.v20210413.jar:/home/runner/.m2/repository/org/eclipse/jetty/jetty-client/9.4.40.v20210413/jetty-client-9.4.40.v20210413.jar:/home/runner/.m2/repository/org/eclipse/jetty/websocket/websocket-common/9.4.40.v20210413/websocket-common-9.4.40.v20210413.jar:/home/runner/.m2/repository/org/eclipse/jetty/websocket/websocket-api/9.4.40.v20210413/websocket-api-9.4.40.v20210413.jar:/home/runner/.m2/repository/org/jline/jline/3.9.0/jline-3.9.0.jar:/home/runner/.m2/repository/org/apache/hadoop/hadoop-mapreduce-client-core/3.3.1/hadoop-mapreduce-client-core-3.3.1.jar:/home/runner/.m2/repository/org/apache/avro/avro/1.7.7/avro-1.7.7.jar:/home/runner/.m2/repository/org/codehaus/jackson/jackson-core-asl/1.9.13/jackson-core-asl-1.9.13.jar:/home/runner/.m2/repository/org/codehaus/jackson/jackson-mapper-asl/1.9.13/jackson-mapper-asl-1.9.13.jar:/home/runner/.m2/repository/com/thoughtworks/paranamer/paranamer/2.3/paranamer-2.3.jar:/home/runner/.m2/repository/org/apache/hadoop/hadoop-annotations/3.3.1/hadoop-annotations-3.3.1.jar:/usr/lib/jvm/adoptopenjdk-8-hotspot-amd64/jre/../lib/tools.jar:/home/runner/.m2/repository/org/apache/hadoop/hadoop-distcp/3.3.1/hadoop-distcp-3.3.1-tests.jar:/home/runner/.m2/repository/org/apache/ratis/ratis-common/2.2.0/ratis-common-2.2.0.jar:/home/runner/.m2/repository/org/apache/ratis/ratis-thirdparty-misc/0.7.0/ratis-thirdparty-misc-0.7.0.jar:/home/runner/.m2/repository/org/apache/ratis/ratis-proto/2.2.0/ratis-proto-2.2.0.jar:"/>
    <property name="java.vm.vendor" value="AdoptOpenJDK"/>
    <property name="sun.arch.data.model" value="64"/>
    <property name="test.build.dir" value="/home/runner/work/ozone/ozone/hadoop-ozone/integration-test/target/test-dir"/>
    <property name="test.cache.data" value=""/>
    <property name="java.vendor.url" value="https://adoptopenjdk.net/"/>
    <property name="user.timezone" value=""/>
    <property name="java.vm.specification.version" value="1.8"/>
    <property name="os.name" value="Linux"/>
    <property name="test.build.data" value="/home/runner/work/ozone/ozone/hadoop-ozone/integration-test/target/test-dir"/>
    <property name="sun.java.launcher" value="SUN_STANDARD"/>
    <property name="sun.boot.library.path" value="/usr/lib/jvm/adoptopenjdk-8-hotspot-amd64/jre/lib/amd64"/>
    <property name="sun.java.command" value="/home/runner/work/ozone/ozone/hadoop-ozone/integration-test/target/surefire/surefirebooter2622929995918712418.jar /home/runner/work/ozone/ozone/hadoop-ozone/integration-test/target/surefire 2022-01-18T03-40-24_927-jvmRun1 surefire7557089507422189816tmp surefire_947990603729367072040tmp"/>
    <property name="surefire.test.class.path" value="/home/runner/work/ozone/ozone/hadoop-ozone/integration-test/target/test-classes:/home/runner/work/ozone/ozone/hadoop-ozone/integration-test/target/classes:/home/runner/.m2/repository/org/apache/ozone/ozone-common/1.3.0-SNAPSHOT/ozone-common-1.3.0-SNAPSHOT.jar:/home/runner/.m2/repository/org/apache/commons/commons-compress/1.21/commons-compress-1.21.jar:/home/runner/.m2/repository/org/apache/ozone/hdds-common/1.3.0-SNAPSHOT/hdds-common-1.3.0-SNAPSHOT.jar:/home/runner/.m2/repository/org/apache/ozone/hdds-client/1.3.0-SNAPSHOT/hdds-client-1.3.0-SNAPSHOT.jar:/home/runner/.m2/repository/org/apache/ozone/ozone-interface-client/1.3.0-SNAPSHOT/ozone-interface-client-1.3.0-SNAPSHOT.jar:/home/runner/.m2/repository/org/apache/ozone/hdds-test-utils/1.3.0-SNAPSHOT/hdds-test-utils-1.3.0-SNAPSHOT.jar:/home/runner/.m2/repository/com/google/guava/guava/30.1.1-jre/guava-30.1.1-jre.jar:/home/runner/.m2/repository/com/google/guava/failureaccess/1.0.1/failureaccess-1.0.1.jar:/home/runner/.m2/repository/com/google/guava/listenablefuture/9999.0-empty-to-avoid-conflict-with-guava/listenablefuture-9999.0-empty-to-avoid-conflict-with-guava.jar:/home/runner/.m2/repository/com/google/code/findbugs/jsr305/3.0.0/jsr305-3.0.0.jar:/home/runner/.m2/repository/org/checkerframework/checker-qual/3.8.0/checker-qual-3.8.0.jar:/home/runner/.m2/repository/com/google/errorprone/error_prone_annotations/2.2.0/error_prone_annotations-2.2.0.jar:/home/runner/.m2/repository/com/google/j2objc/j2objc-annotations/1.3/j2objc-annotations-1.3.jar:/home/runner/.m2/repository/commons-io/commons-io/2.11.0/commons-io-2.11.0.jar:/home/runner/.m2/repository/commons-logging/commons-logging/1.2/commons-logging-1.2.jar:/home/runner/.m2/repository/log4j/log4j/1.2.17/log4j-1.2.17.jar:/home/runner/.m2/repository/org/slf4j/slf4j-api/1.7.30/slf4j-api-1.7.30.jar:/home/runner/.m2/repository/org/apache/ozone/hdds-server-scm/1.3.0-SNAPSHOT/hdds-server-scm-1.3.0-SNAPSHOT.jar:/home/runner/.m2/repository/org/apache/ozone/hdds-container-service/1.3.0-SNAPSHOT/hdds-container-service-1.3.0-SNAPSHOT.jar:/home/runner/.m2/repository/org/apache/ozone/hdds-hadoop-dependency-server/1.3.0-SNAPSHOT/hdds-hadoop-dependency-server-1.3.0-SNAPSHOT.jar:/home/runner/.m2/repository/org/apache/hadoop/hadoop-hdfs/3.3.1/hadoop-hdfs-3.3.1.jar:/home/runner/.m2/repository/org/apache/ozone/hdds-server-framework/1.3.0-SNAPSHOT/hdds-server-framework-1.3.0-SNAPSHOT.jar:/home/runner/.m2/repository/org/apache/ozone/hdds-interface-server/1.3.0-SNAPSHOT/hdds-interface-server-1.3.0-SNAPSHOT.jar:/home/runner/.m2/repository/org/eclipse/jetty/jetty-servlet/9.4.43.v20210629/jetty-servlet-9.4.43.v20210629.jar:/home/runner/.m2/repository/org/eclipse/jetty/jetty-security/9.4.43.v20210629/jetty-security-9.4.43.v20210629.jar:/home/runner/.m2/repository/org/rocksdb/rocksdbjni/6.25.3/rocksdbjni-6.25.3.jar:/home/runner/.m2/repository/io/prometheus/simpleclient_dropwizard/0.7.0/simpleclient_dropwizard-0.7.0.jar:/home/runner/.m2/repository/io/prometheus/simpleclient/0.7.0/simpleclient-0.7.0.jar:/home/runner/.m2/repository/io/prometheus/simpleclient_common/0.7.0/simpleclient_common-0.7.0.jar:/home/runner/.m2/repository/com/fasterxml/jackson/datatype/jackson-datatype-jsr310/2.12.1/jackson-datatype-jsr310-2.12.1.jar:/home/runner/.m2/repository/io/dropwizard/metrics/metrics-core/3.2.4/metrics-core-3.2.4.jar:/home/runner/.m2/repository/org/apache/hadoop/hadoop-hdfs-client/3.3.1/hadoop-hdfs-client-3.3.1.jar:/home/runner/.m2/repository/org/bouncycastle/bcprov-jdk15on/1.67/bcprov-jdk15on-1.67.jar:/home/runner/.m2/repository/com/google/protobuf/protobuf-java/2.5.0/protobuf-java-2.5.0.jar:/home/runner/.m2/repository/org/apache/ozone/ozone-manager/1.3.0-SNAPSHOT/ozone-manager-1.3.0-SNAPSHOT.jar:/home/runner/.m2/repository/org/aspectj/aspectjrt/1.9.7/aspectjrt-1.9.7.jar:/home/runner/.m2/repository/org/aspectj/aspectjweaver/1.9.7/aspectjweaver-1.9.7.jar:/home/runner/.m2/repository/org/apache/ozone/hdds-interface-client/1.3.0-SNAPSHOT/hdds-interface-client-1.3.0-SNAPSHOT.jar:/home/runner/.m2/repository/org/apache/hadoop/thirdparty/hadoop-shaded-protobuf_3_7/1.1.1/hadoop-shaded-protobuf_3_7-1.1.1.jar:/home/runner/.m2/repository/org/apache/ozone/ozone-interface-storage/1.3.0-SNAPSHOT/ozone-interface-storage-1.3.0-SNAPSHOT.jar:/home/runner/.m2/repository/org/reflections/reflections/0.9.11/reflections-0.9.11.jar:/home/runner/.m2/repository/org/apache/hadoop/hadoop-minikdc/3.3.1/hadoop-minikdc-3.3.1.jar:/home/runner/.m2/repository/org/apache/kerby/kerb-simplekdc/1.0.1/kerb-simplekdc-1.0.1.jar:/home/runner/.m2/repository/org/apache/kerby/kerb-client/1.0.1/kerb-client-1.0.1.jar:/home/runner/.m2/repository/org/apache/kerby/kerby-config/1.0.1/kerby-config-1.0.1.jar:/home/runner/.m2/repository/org/apache/kerby/kerb-common/1.0.1/kerb-common-1.0.1.jar:/home/runner/.m2/repository/org/apache/kerby/kerb-crypto/1.0.1/kerb-crypto-1.0.1.jar:/home/runner/.m2/repository/org/apache/kerby/kerb-util/1.0.1/kerb-util-1.0.1.jar:/home/runner/.m2/repository/org/apache/kerby/token-provider/1.0.1/token-provider-1.0.1.jar:/home/runner/.m2/repository/org/apache/kerby/kerb-admin/1.0.1/kerb-admin-1.0.1.jar:/home/runner/.m2/repository/org/apache/kerby/kerb-server/1.0.1/kerb-server-1.0.1.jar:/home/runner/.m2/repository/org/apache/kerby/kerb-identity/1.0.1/kerb-identity-1.0.1.jar:/home/runner/.m2/repository/org/apache/kerby/kerby-xdr/1.0.1/kerby-xdr-1.0.1.jar:/home/runner/.m2/repository/org/slf4j/slf4j-log4j12/1.7.30/slf4j-log4j12-1.7.30.jar:/home/runner/.m2/repository/org/apache/ozone/ozone-s3gateway/1.3.0-SNAPSHOT/ozone-s3gateway-1.3.0-SNAPSHOT.jar:/home/runner/.m2/repository/org/javassist/javassist/3.21.0-GA/javassist-3.21.0-GA.jar:/home/runner/.m2/repository/org/jboss/weld/servlet/weld-servlet/2.4.7.Final/weld-servlet-2.4.7.Final.jar:/home/runner/.m2/repository/org/glassfish/jersey/containers/jersey-container-servlet-core/2.33/jersey-container-servlet-core-2.33.jar:/home/runner/.m2/repository/org/glassfish/hk2/external/jakarta.inject/2.6.1/jakarta.inject-2.6.1.jar:/home/runner/.m2/repository/org/glassfish/jersey/core/jersey-common/2.33/jersey-common-2.33.jar:/home/runner/.m2/repository/jakarta/ws/rs/jakarta.ws.rs-api/2.1.6/jakarta.ws.rs-api-2.1.6.jar:/home/runner/.m2/repository/org/glassfish/jersey/ext/cdi/jersey-cdi1x/2.33/jersey-cdi1x-2.33.jar:/home/runner/.m2/repository/org/glassfish/jersey/inject/jersey-hk2/2.33/jersey-hk2-2.33.jar:/home/runner/.m2/repository/org/glassfish/hk2/hk2-locator/2.6.1/hk2-locator-2.6.1.jar:/home/runner/.m2/repository/org/glassfish/jersey/media/jersey-media-jaxb/2.33/jersey-media-jaxb-2.33.jar:/home/runner/.m2/repository/org/glassfish/hk2/osgi-resource-locator/1.0.3/osgi-resource-locator-1.0.3.jar:/home/runner/.m2/repository/org/glassfish/hk2/hk2-api/2.5.0/hk2-api-2.5.0.jar:/home/runner/.m2/repository/org/glassfish/hk2/hk2-utils/2.5.0/hk2-utils-2.5.0.jar:/home/runner/.m2/repository/org/glassfish/hk2/external/aopalliance-repackaged/2.5.0/aopalliance-repackaged-2.5.0.jar:/home/runner/.m2/repository/com/fasterxml/jackson/dataformat/jackson-dataformat-xml/2.12.1/jackson-dataformat-xml-2.12.1.jar:/home/runner/.m2/repository/com/fasterxml/jackson/core/jackson-core/2.12.1/jackson-core-2.12.1.jar:/home/runner/.m2/repository/com/fasterxml/jackson/module/jackson-module-jaxb-annotations/2.12.1/jackson-module-jaxb-annotations-2.12.1.jar:/home/runner/.m2/repository/jakarta/xml/bind/jakarta.xml.bind-api/2.3.2/jakarta.xml.bind-api-2.3.2.jar:/home/runner/.m2/repository/org/codehaus/woodstox/stax2-api/3.1.4/stax2-api-3.1.4.jar:/home/runner/.m2/repository/com/fasterxml/woodstox/woodstox-core/5.0.3/woodstox-core-5.0.3.jar:/home/runner/.m2/repository/javax/enterprise/cdi-api/1.2/cdi-api-1.2.jar:/home/runner/.m2/repository/javax/el/javax.el-api/3.0.0/javax.el-api-3.0.0.jar:/home/runner/.m2/repository/javax/interceptor/javax.interceptor-api/1.2/javax.interceptor-api-1.2.jar:/home/runner/.m2/repository/javax/inject/javax.inject/1/javax.inject-1.jar:/home/runner/.m2/repository/javax/xml/bind/jaxb-api/2.3.0/jaxb-api-2.3.0.jar:/home/runner/.m2/repository/org/glassfish/jaxb/jaxb-runtime/2.3.0.1/jaxb-runtime-2.3.0.1.jar:/home/runner/.m2/repository/org/glassfish/jaxb/jaxb-core/2.3.0.1/jaxb-core-2.3.0.1.jar:/home/runner/.m2/repository/org/glassfish/jaxb/txw2/2.3.0.1/txw2-2.3.0.1.jar:/home/runner/.m2/repository/com/sun/istack/istack-commons-runtime/3.0.5/istack-commons-runtime-3.0.5.jar:/home/runner/.m2/repository/org/jvnet/staxex/stax-ex/1.7.8/stax-ex-1.7.8.jar:/home/runner/.m2/repository/com/sun/xml/fastinfoset/FastInfoset/1.2.13/FastInfoset-1.2.13.jar:/home/runner/.m2/repository/javax/activation/activation/1.1.1/activation-1.1.1.jar:/home/runner/.m2/repository/org/apache/ozone/ozone-csi/1.3.0-SNAPSHOT/ozone-csi-1.3.0-SNAPSHOT.jar:/home/runner/.m2/repository/com/google/protobuf/protobuf-java-util/3.12.0/protobuf-java-util-3.12.0.jar:/home/runner/.m2/repository/com/google/code/gson/gson/2.2.4/gson-2.2.4.jar:/home/runner/.m2/repository/org/apache/ozone/hdds-config/1.3.0-SNAPSHOT/hdds-config-1.3.0-SNAPSHOT.jar:/home/runner/.m2/repository/io/grpc/grpc-netty/1.33.0/grpc-netty-1.33.0.jar:/home/runner/.m2/repository/io/grpc/grpc-core/1.33.0/grpc-core-1.33.0.jar:/home/runner/.m2/repository/com/google/android/annotations/4.1.1.4/annotations-4.1.1.4.jar:/home/runner/.m2/repository/io/netty/netty-codec-http2/4.1.63.Final/netty-codec-http2-4.1.63.Final.jar:/home/runner/.m2/repository/io/netty/netty-codec-http/4.1.63.Final/netty-codec-http-4.1.63.Final.jar:/home/runner/.m2/repository/io/netty/netty-handler-proxy/4.1.63.Final/netty-handler-proxy-4.1.63.Final.jar:/home/runner/.m2/repository/io/netty/netty-codec-socks/4.1.63.Final/netty-codec-socks-4.1.63.Final.jar:/home/runner/.m2/repository/io/perfmark/perfmark-api/0.19.0/perfmark-api-0.19.0.jar:/home/runner/.m2/repository/org/codehaus/mojo/animal-sniffer-annotations/1.18/animal-sniffer-annotations-1.18.jar:/home/runner/.m2/repository/io/netty/netty-transport-native-epoll/4.1.63.Final/netty-transport-native-epoll-4.1.63.Final.jar:/home/runner/.m2/repository/io/netty/netty-common/4.1.63.Final/netty-common-4.1.63.Final.jar:/home/runner/.m2/repository/io/netty/netty-buffer/4.1.63.Final/netty-buffer-4.1.63.Final.jar:/home/runner/.m2/repository/io/netty/netty-transport-native-unix-common/4.1.63.Final/netty-transport-native-unix-common-4.1.63.Final.jar:/home/runner/.m2/repository/io/grpc/grpc-protobuf/1.33.0/grpc-protobuf-1.33.0.jar:/home/runner/.m2/repository/io/grpc/grpc-api/1.33.0/grpc-api-1.33.0.jar:/home/runner/.m2/repository/io/grpc/grpc-context/1.33.0/grpc-context-1.33.0.jar:/home/runner/.m2/repository/com/google/api/grpc/proto-google-common-protos/1.17.0/proto-google-common-protos-1.17.0.jar:/home/runner/.m2/repository/io/grpc/grpc-protobuf-lite/1.33.0/grpc-protobuf-lite-1.33.0.jar:/home/runner/.m2/repository/io/grpc/grpc-stub/1.33.0/grpc-stub-1.33.0.jar:/home/runner/.m2/repository/org/apache/ozone/ozone-recon/1.3.0-SNAPSHOT/ozone-recon-1.3.0-SNAPSHOT.jar:/home/runner/.m2/repository/org/apache/ozone/ozone-reconcodegen/1.3.0-SNAPSHOT/ozone-reconcodegen-1.3.0-SNAPSHOT.jar:/home/runner/.m2/repository/com/google/inject/extensions/guice-multibindings/4.0/guice-multibindings-4.0.jar:/home/runner/.m2/repository/com/google/inject/guice/4.0/guice-4.0.jar:/home/runner/.m2/repository/aopalliance/aopalliance/1.0/aopalliance-1.0.jar:/home/runner/.m2/repository/com/google/inject/extensions/guice-assistedinject/4.0/guice-assistedinject-4.0.jar:/home/runner/.m2/repository/com/google/inject/extensions/guice-servlet/4.0/guice-servlet-4.0.jar:/home/runner/.m2/repository/org/glassfish/jersey/containers/jersey-container-servlet/2.33/jersey-container-servlet-2.33.jar:/home/runner/.m2/repository/org/glassfish/hk2/guice-bridge/2.5.0/guice-bridge-2.5.0.jar:/home/runner/.m2/repository/org/glassfish/jersey/core/jersey-server/2.33/jersey-server-2.33.jar:/home/runner/.m2/repository/org/glassfish/jersey/core/jersey-client/2.33/jersey-client-2.33.jar:/home/runner/.m2/repository/jakarta/annotation/jakarta.annotation-api/1.3.5/jakarta.annotation-api-1.3.5.jar:/home/runner/.m2/repository/jakarta/validation/jakarta.validation-api/2.0.2/jakarta.validation-api-2.0.2.jar:/home/runner/.m2/repository/org/glassfish/jersey/media/jersey-media-json-jackson/2.33/jersey-media-json-jackson-2.33.jar:/home/runner/.m2/repository/org/glassfish/jersey/ext/jersey-entity-filtering/2.33/jersey-entity-filtering-2.33.jar:/home/runner/.m2/repository/org/jooq/jooq/3.11.10/jooq-3.11.10.jar:/home/runner/.m2/repository/org/jooq/jooq-meta/3.11.10/jooq-meta-3.11.10.jar:/home/runner/.m2/repository/org/jooq/jooq-codegen/3.11.10/jooq-codegen-3.11.10.jar:/home/runner/.m2/repository/com/jolbox/bonecp/0.8.0.RELEASE/bonecp-0.8.0.RELEASE.jar:/home/runner/.m2/repository/org/apache/derby/derby/10.14.2.0/derby-10.14.2.0.jar:/home/runner/.m2/repository/org/xerial/sqlite-jdbc/3.25.2/sqlite-jdbc-3.25.2.jar:/home/runner/.m2/repository/org/springframework/spring-jdbc/5.2.18.RELEASE/spring-jdbc-5.2.18.RELEASE.jar:/home/runner/.m2/repository/org/springframework/spring-beans/5.2.18.RELEASE/spring-beans-5.2.18.RELEASE.jar:/home/runner/.m2/repository/org/springframework/spring-core/5.2.18.RELEASE/spring-core-5.2.18.RELEASE.jar:/home/runner/.m2/repository/org/springframework/spring-jcl/5.2.18.RELEASE/spring-jcl-5.2.18.RELEASE.jar:/home/runner/.m2/repository/org/springframework/spring-tx/5.2.18.RELEASE/spring-tx-5.2.18.RELEASE.jar:/home/runner/.m2/repository/org/apache/ozone/ozone-client/1.3.0-SNAPSHOT/ozone-client-1.3.0-SNAPSHOT.jar:/home/runner/.m2/repository/org/apache/ozone/ozone-filesystem/1.3.0-SNAPSHOT/ozone-filesystem-1.3.0-SNAPSHOT.jar:/home/runner/.m2/repository/org/apache/ozone/ozone-filesystem-common/1.3.0-SNAPSHOT/ozone-filesystem-common-1.3.0-SNAPSHOT.jar:/home/runner/.m2/repository/org/apache/ozone/ozone-tools/1.3.0-SNAPSHOT/ozone-tools-1.3.0-SNAPSHOT.jar:/home/runner/.m2/repository/org/apache/ratis/ratis-tools/2.2.0/ratis-tools-2.2.0.jar:/home/runner/.m2/repository/com/amazonaws/aws-java-sdk-core/1.12.124/aws-java-sdk-core-1.12.124.jar:/home/runner/.m2/repository/org/apache/httpcomponents/httpclient/4.5.13/httpclient-4.5.13.jar:/home/runner/.m2/repository/org/apache/httpcomponents/httpcore/4.4.13/httpcore-4.4.13.jar:/home/runner/.m2/repository/software/amazon/ion/ion-java/1.0.2/ion-java-1.0.2.jar:/home/runner/.m2/repository/com/fasterxml/jackson/dataformat/jackson-dataformat-cbor/2.12.1/jackson-dataformat-cbor-2.12.1.jar:/home/runner/.m2/repository/joda-time/joda-time/2.8.1/joda-time-2.8.1.jar:/home/runner/.m2/repository/com/amazonaws/aws-java-sdk-s3/1.12.124/aws-java-sdk-s3-1.12.124.jar:/home/runner/.m2/repository/com/amazonaws/aws-java-sdk-kms/1.12.124/aws-java-sdk-kms-1.12.124.jar:/home/runner/.m2/repository/com/amazonaws/jmespath-java/1.12.124/jmespath-java-1.12.124.jar:/home/runner/.m2/repository/org/kohsuke/metainf-services/metainf-services/1.8/metainf-services-1.8.jar:/home/runner/.m2/repository/org/apache/ozone/hdds-tools/1.3.0-SNAPSHOT/hdds-tools-1.3.0-SNAPSHOT.jar:/home/runner/.m2/repository/commons-cli/commons-cli/1.2/commons-cli-1.2.jar:/home/runner/.m2/repository/org/apache/commons/commons-lang3/3.7/commons-lang3-3.7.jar:/home/runner/.m2/repository/org/apache/ozone/ozone-manager/1.3.0-SNAPSHOT/ozone-manager-1.3.0-SNAPSHOT-tests.jar:/home/runner/.m2/repository/org/apache/ozone/hdds-common/1.3.0-SNAPSHOT/hdds-common-1.3.0-SNAPSHOT-tests.jar:/home/runner/.m2/repository/org/apache/ozone/hdds-hadoop-dependency-client/1.3.0-SNAPSHOT/hdds-hadoop-dependency-client-1.3.0-SNAPSHOT.jar:/home/runner/.m2/repository/info/picocli/picocli/4.6.1/picocli-4.6.1.jar:/home/runner/.m2/repository/com/fasterxml/jackson/core/jackson-annotations/2.12.1/jackson-annotations-2.12.1.jar:/home/runner/.m2/repository/javax/annotation/javax.annotation-api/1.2/javax.annotation-api-1.2.jar:/home/runner/.m2/repository/org/apache/ratis/ratis-server/2.2.0/ratis-server-2.2.0.jar:/home/runner/.m2/repository/org/apache/ratis/ratis-client/2.2.0/ratis-client-2.2.0.jar:/home/runner/.m2/repository/org/apache/ratis/ratis-server-api/2.2.0/ratis-server-api-2.2.0.jar:/home/runner/.m2/repository/org/apache/ratis/ratis-metrics/2.2.0/ratis-metrics-2.2.0.jar:/home/runner/.m2/repository/org/apache/ratis/ratis-netty/2.2.0/ratis-netty-2.2.0.jar:/home/runner/.m2/repository/org/apache/ratis/ratis-grpc/2.2.0/ratis-grpc-2.2.0.jar:/home/runner/.m2/repository/org/apache/logging/log4j/log4j-api/2.17.1/log4j-api-2.17.1.jar:/home/runner/.m2/repository/org/apache/logging/log4j/log4j-core/2.17.1/log4j-core-2.17.1.jar:/home/runner/.m2/repository/com/lmax/disruptor/3.4.2/disruptor-3.4.2.jar:/home/runner/.m2/repository/org/apache/commons/commons-pool2/2.6.0/commons-pool2-2.6.0.jar:/home/runner/.m2/repository/org/bouncycastle/bcpkix-jdk15on/1.67/bcpkix-jdk15on-1.67.jar:/home/runner/.m2/repository/commons-validator/commons-validator/1.6/commons-validator-1.6.jar:/home/runner/.m2/repository/commons-beanutils/commons-beanutils/1.9.4/commons-beanutils-1.9.4.jar:/home/runner/.m2/repository/commons-digester/commons-digester/1.8.1/commons-digester-1.8.1.jar:/home/runner/.m2/repository/commons-collections/commons-collections/3.2.2/commons-collections-3.2.2.jar:/home/runner/.m2/repository/io/jaegertracing/jaeger-client/1.6.0/jaeger-client-1.6.0.jar:/home/runner/.m2/repository/io/jaegertracing/jaeger-thrift/1.6.0/jaeger-thrift-1.6.0.jar:/home/runner/.m2/repository/org/apache/thrift/libthrift/0.14.1/libthrift-0.14.1.jar:/home/runner/.m2/repository/com/squareup/okhttp3/okhttp/4.9.0/okhttp-4.9.0.jar:/home/runner/.m2/repository/com/squareup/okio/okio/2.8.0/okio-2.8.0.jar:/home/runner/.m2/repository/io/jaegertracing/jaeger-core/1.6.0/jaeger-core-1.6.0.jar:/home/runner/.m2/repository/io/jaegertracing/jaeger-tracerresolver/1.6.0/jaeger-tracerresolver-1.6.0.jar:/home/runner/.m2/repository/io/opentracing/contrib/opentracing-tracerresolver/0.1.8/opentracing-tracerresolver-0.1.8.jar:/home/runner/.m2/repository/org/jetbrains/kotlin/kotlin-stdlib/1.4.31/kotlin-stdlib-1.4.31.jar:/home/runner/.m2/repository/org/jetbrains/kotlin/kotlin-stdlib-common/1.4.31/kotlin-stdlib-common-1.4.31.jar:/home/runner/.m2/repository/org/jetbrains/annotations/13.0/annotations-13.0.jar:/home/runner/.m2/repository/io/opentracing/opentracing-util/0.33.0/opentracing-util-0.33.0.jar:/home/runner/.m2/repository/io/opentracing/opentracing-api/0.33.0/opentracing-api-0.33.0.jar:/home/runner/.m2/repository/io/opentracing/opentracing-noop/0.33.0/opentracing-noop-0.33.0.jar:/home/runner/.m2/repository/org/yaml/snakeyaml/1.26/snakeyaml-1.26.jar:/home/runner/.m2/repository/org/apache/ozone/hdds-interface-admin/1.3.0-SNAPSHOT/hdds-interface-admin-1.3.0-SNAPSHOT.jar:/home/runner/.m2/repository/junit/junit/4.13.1/junit-4.13.1.jar:/home/runner/.m2/repository/org/hamcrest/hamcrest-core/1.3/hamcrest-core-1.3.jar:/home/runner/.m2/repository/org/junit/jupiter/junit-jupiter-api/5.7.0/junit-jupiter-api-5.7.0.jar:/home/runner/.m2/repository/org/apiguardian/apiguardian-api/1.1.0/apiguardian-api-1.1.0.jar:/home/runner/.m2/repository/org/opentest4j/opentest4j/1.2.0/opentest4j-1.2.0.jar:/home/runner/.m2/repository/org/junit/platform/junit-platform-commons/1.7.0/junit-platform-commons-1.7.0.jar:/home/runner/.m2/repository/org/junit/jupiter/junit-jupiter-engine/5.7.0/junit-jupiter-engine-5.7.0.jar:/home/runner/.m2/repository/org/junit/platform/junit-platform-engine/1.7.0/junit-platform-engine-1.7.0.jar:/home/runner/.m2/repository/org/junit/vintage/junit-vintage-engine/5.7.0/junit-vintage-engine-5.7.0.jar:/home/runner/.m2/repository/org/junit/platform/junit-platform-launcher/1.7.0/junit-platform-launcher-1.7.0.jar:/home/runner/.m2/repository/org/openjdk/jmh/jmh-core/1.19/jmh-core-1.19.jar:/home/runner/.m2/repository/net/sf/jopt-simple/jopt-simple/4.6/jopt-simple-4.6.jar:/home/runner/.m2/repository/org/apache/commons/commons-math3/3.1.1/commons-math3-3.1.1.jar:/home/runner/.m2/repository/org/openjdk/jmh/jmh-generator-annprocess/1.19/jmh-generator-annprocess-1.19.jar:/home/runner/.m2/repository/org/mockito/mockito-core/2.28.2/mockito-core-2.28.2.jar:/home/runner/.m2/repository/net/bytebuddy/byte-buddy/1.9.10/byte-buddy-1.9.10.jar:/home/runner/.m2/repository/net/bytebuddy/byte-buddy-agent/1.9.10/byte-buddy-agent-1.9.10.jar:/home/runner/.m2/repository/org/objenesis/objenesis/1.0/objenesis-1.0.jar:/home/runner/.m2/repository/org/apache/hadoop/hadoop-kms/3.3.1/hadoop-kms-3.3.1.jar:/home/runner/.m2/repository/org/apache/hadoop/hadoop-auth/3.3.1/hadoop-auth-3.3.1.jar:/home/runner/.m2/repository/com/nimbusds/nimbus-jose-jwt/7.9/nimbus-jose-jwt-7.9.jar:/home/runner/.m2/repository/com/github/stephenc/jcip/jcip-annotations/1.0-1/jcip-annotations-1.0-1.jar:/home/runner/.m2/repository/net/minidev/json-smart/2.3.1/json-smart-2.3.1.jar:/home/runner/.m2/repository/net/minidev/accessors-smart/2.3.1/accessors-smart-2.3.1.jar:/home/runner/.m2/repository/org/ow2/asm/asm/5.0.4/asm-5.0.4.jar:/home/runner/.m2/repository/org/apache/zookeeper/zookeeper/3.5.6/zookeeper-3.5.6.jar:/home/runner/.m2/repository/org/apache/zookeeper/zookeeper-jute/3.5.6/zookeeper-jute-3.5.6.jar:/home/runner/.m2/repository/org/apache/yetus/audience-annotations/0.5.0/audience-annotations-0.5.0.jar:/home/runner/.m2/repository/org/apache/curator/curator-framework/4.2.0/curator-framework-4.2.0.jar:/home/runner/.m2/repository/org/apache/hadoop/thirdparty/hadoop-shaded-guava/1.1.1/hadoop-shaded-guava-1.1.1.jar:/home/runner/.m2/repository/com/sun/jersey/jersey-core/1.19/jersey-core-1.19.jar:/home/runner/.m2/repository/javax/ws/rs/jsr311-api/1.1.1/jsr311-api-1.1.1.jar:/home/runner/.m2/repository/com/sun/jersey/jersey-server/1.19/jersey-server-1.19.jar:/home/runner/.m2/repository/javax/servlet/javax.servlet-api/3.1.0/javax.servlet-api-3.1.0.jar:/home/runner/.m2/repository/org/eclipse/jetty/jetty-server/9.4.43.v20210629/jetty-server-9.4.43.v20210629.jar:/home/runner/.m2/repository/org/eclipse/jetty/jetty-http/9.4.43.v20210629/jetty-http-9.4.43.v20210629.jar:/home/runner/.m2/repository/org/eclipse/jetty/jetty-io/9.4.43.v20210629/jetty-io-9.4.43.v20210629.jar:/home/runner/.m2/repository/org/eclipse/jetty/jetty-webapp/9.4.43.v20210629/jetty-webapp-9.4.43.v20210629.jar:/home/runner/.m2/repository/org/eclipse/jetty/jetty-xml/9.4.43.v20210629/jetty-xml-9.4.43.v20210629.jar:/home/runner/.m2/repository/org/apache/hadoop/hadoop-common/3.3.1/hadoop-common-3.3.1.jar:/home/runner/.m2/repository/commons-net/commons-net/3.6/commons-net-3.6.jar:/home/runner/.m2/repository/jakarta/activation/jakarta.activation-api/1.2.1/jakarta.activation-api-1.2.1.jar:/home/runner/.m2/repository/com/sun/jersey/jersey-servlet/1.19/jersey-servlet-1.19.jar:/home/runner/.m2/repository/com/sun/jersey/jersey-json/1.19/jersey-json-1.19.jar:/home/runner/.m2/repository/org/codehaus/jettison/jettison/1.1/jettison-1.1.jar:/home/runner/.m2/repository/com/sun/xml/bind/jaxb-impl/2.2.3-1/jaxb-impl-2.2.3-1.jar:/home/runner/.m2/repository/org/codehaus/jackson/jackson-jaxrs/1.9.2/jackson-jaxrs-1.9.2.jar:/home/runner/.m2/repository/org/codehaus/jackson/jackson-xc/1.9.2/jackson-xc-1.9.2.jar:/home/runner/.m2/repository/org/apache/commons/commons-configuration2/2.1.1/commons-configuration2-2.1.1.jar:/home/runner/.m2/repository/org/apache/commons/commons-text/1.4/commons-text-1.4.jar:/home/runner/.m2/repository/com/google/re2j/re2j/1.1/re2j-1.1.jar:/home/runner/.m2/repository/com/jcraft/jsch/0.1.54/jsch-0.1.54.jar:/home/runner/.m2/repository/org/apache/curator/curator-client/4.2.0/curator-client-4.2.0.jar:/home/runner/.m2/repository/org/apache/curator/curator-recipes/4.2.0/curator-recipes-4.2.0.jar:/home/runner/.m2/repository/org/apache/kerby/kerb-core/1.0.1/kerb-core-1.0.1.jar:/home/runner/.m2/repository/org/apache/kerby/kerby-pkix/1.0.1/kerby-pkix-1.0.1.jar:/home/runner/.m2/repository/org/apache/kerby/kerby-asn1/1.0.1/kerby-asn1-1.0.1.jar:/home/runner/.m2/repository/org/apache/kerby/kerby-util/1.0.1/kerby-util-1.0.1.jar:/home/runner/.m2/repository/dnsjava/dnsjava/2.1.7/dnsjava-2.1.7.jar:/home/runner/.m2/repository/org/xerial/snappy/snappy-java/1.1.8.2/snappy-java-1.1.8.2.jar:/home/runner/.m2/repository/org/slf4j/jul-to-slf4j/1.7.30/jul-to-slf4j-1.7.30.jar:/home/runner/.m2/repository/org/eclipse/jetty/jetty-util/9.4.43.v20210629/jetty-util-9.4.43.v20210629.jar:/home/runner/.m2/repository/com/fasterxml/jackson/core/jackson-databind/2.12.1/jackson-databind-2.12.1.jar:/home/runner/.m2/repository/org/apache/hadoop/hadoop-kms/3.3.1/hadoop-kms-3.3.1-tests.jar:/home/runner/.m2/repository/org/apache/ozone/hdds-server-scm/1.3.0-SNAPSHOT/hdds-server-scm-1.3.0-SNAPSHOT-tests.jar:/home/runner/.m2/repository/org/apache/ozone/hdds-container-service/1.3.0-SNAPSHOT/hdds-container-service-1.3.0-SNAPSHOT-tests.jar:/home/runner/.m2/repository/commons-codec/commons-codec/1.11/commons-codec-1.11.jar:/home/runner/.m2/repository/io/netty/netty-transport/4.1.63.Final/netty-transport-4.1.63.Final.jar:/home/runner/.m2/repository/io/netty/netty-resolver/4.1.63.Final/netty-resolver-4.1.63.Final.jar:/home/runner/.m2/repository/io/netty/netty-codec/4.1.63.Final/netty-codec-4.1.63.Final.jar:/home/runner/.m2/repository/io/netty/netty-handler/4.1.63.Final/netty-handler-4.1.63.Final.jar:/home/runner/.m2/repository/org/apache/ozone/hdds-hadoop-dependency-test/1.3.0-SNAPSHOT/hdds-hadoop-dependency-test-1.3.0-SNAPSHOT.jar:/home/runner/.m2/repository/org/apache/hadoop/hadoop-common/3.3.1/hadoop-common-3.3.1-tests.jar:/home/runner/.m2/repository/org/assertj/assertj-core/3.12.2/assertj-core-3.12.2.jar:/home/runner/.m2/repository/org/apache/hadoop/hadoop-hdfs/3.3.1/hadoop-hdfs-3.3.1-tests.jar:/home/runner/.m2/repository/org/eclipse/jetty/jetty-util-ajax/9.4.43.v20210629/jetty-util-ajax-9.4.43.v20210629.jar:/home/runner/.m2/repository/commons-daemon/commons-daemon/1.0.13/commons-daemon-1.0.13.jar:/home/runner/.m2/repository/io/netty/netty/3.10.6.Final/netty-3.10.6.Final.jar:/home/runner/.m2/repository/io/netty/netty-all/4.1.63.Final/netty-all-4.1.63.Final.jar:/home/runner/.m2/repository/org/apache/htrace/htrace-core4/4.1.0-incubating/htrace-core4-4.1.0-incubating.jar:/home/runner/.m2/repository/org/fusesource/leveldbjni/leveldbjni-all/1.8/leveldbjni-all-1.8.jar:/home/runner/.m2/repository/org/apache/hadoop/hadoop-distcp/3.3.1/hadoop-distcp-3.3.1.jar:/home/runner/.m2/repository/org/apache/hadoop/hadoop-mapreduce-client-jobclient/3.3.1/hadoop-mapreduce-client-jobclient-3.3.1.jar:/home/runner/.m2/repository/org/apache/hadoop/hadoop-mapreduce-client-common/3.3.1/hadoop-mapreduce-client-common-3.3.1.jar:/home/runner/.m2/repository/org/apache/hadoop/hadoop-yarn-common/3.3.1/hadoop-yarn-common-3.3.1.jar:/home/runner/.m2/repository/org/apache/hadoop/hadoop-yarn-api/3.3.1/hadoop-yarn-api-3.3.1.jar:/home/runner/.m2/repository/com/sun/jersey/jersey-client/1.19/jersey-client-1.19.jar:/home/runner/.m2/repository/com/sun/jersey/contribs/jersey-guice/1.19/jersey-guice-1.19.jar:/home/runner/.m2/repository/com/fasterxml/jackson/jaxrs/jackson-jaxrs-json-provider/2.12.1/jackson-jaxrs-json-provider-2.12.1.jar:/home/runner/.m2/repository/com/fasterxml/jackson/jaxrs/jackson-jaxrs-base/2.12.1/jackson-jaxrs-base-2.12.1.jar:/home/runner/.m2/repository/org/apache/hadoop/hadoop-yarn-client/3.3.1/hadoop-yarn-client-3.3.1.jar:/home/runner/.m2/repository/org/eclipse/jetty/websocket/websocket-client/9.4.40.v20210413/websocket-client-9.4.40.v20210413.jar:/home/runner/.m2/repository/org/eclipse/jetty/jetty-client/9.4.40.v20210413/jetty-client-9.4.40.v20210413.jar:/home/runner/.m2/repository/org/eclipse/jetty/websocket/websocket-common/9.4.40.v20210413/websocket-common-9.4.40.v20210413.jar:/home/runner/.m2/repository/org/eclipse/jetty/websocket/websocket-api/9.4.40.v20210413/websocket-api-9.4.40.v20210413.jar:/home/runner/.m2/repository/org/jline/jline/3.9.0/jline-3.9.0.jar:/home/runner/.m2/repository/org/apache/hadoop/hadoop-mapreduce-client-core/3.3.1/hadoop-mapreduce-client-core-3.3.1.jar:/home/runner/.m2/repository/org/apache/avro/avro/1.7.7/avro-1.7.7.jar:/home/runner/.m2/repository/org/codehaus/jackson/jackson-core-asl/1.9.13/jackson-core-asl-1.9.13.jar:/home/runner/.m2/repository/org/codehaus/jackson/jackson-mapper-asl/1.9.13/jackson-mapper-asl-1.9.13.jar:/home/runner/.m2/repository/com/thoughtworks/paranamer/paranamer/2.3/paranamer-2.3.jar:/home/runner/.m2/repository/org/apache/hadoop/hadoop-annotations/3.3.1/hadoop-annotations-3.3.1.jar:/usr/lib/jvm/adoptopenjdk-8-hotspot-amd64/jre/../lib/tools.jar:/home/runner/.m2/repository/org/apache/hadoop/hadoop-distcp/3.3.1/hadoop-distcp-3.3.1-tests.jar:/home/runner/.m2/repository/org/apache/ratis/ratis-common/2.2.0/ratis-common-2.2.0.jar:/home/runner/.m2/repository/org/apache/ratis/ratis-thirdparty-misc/0.7.0/ratis-thirdparty-misc-0.7.0.jar:/home/runner/.m2/repository/org/apache/ratis/ratis-proto/2.2.0/ratis-proto-2.2.0.jar:"/>
    <property name="sun.cpu.endian" value="little"/>
    <property name="user.home" value="/home/runner"/>
    <property name="user.language" value="en"/>
    <property name="java.specification.vendor" value="Oracle Corporation"/>
    <property name="java.home" value="/usr/lib/jvm/adoptopenjdk-8-hotspot-amd64/jre"/>
    <property name="java.security.krb5.conf" value="/home/runner/work/ozone/ozone/hadoop-ozone/integration-test/target/test-classes/krb5.conf"/>
    <property name="basedir" value="/home/runner/work/ozone/ozone/hadoop-ozone/integration-test"/>
    <property name="file.separator" value="/"/>
    <property name="line.separator" value="&#10;"/>
    <property name="java.vm.specification.vendor" value="Oracle Corporation"/>
    <property name="java.specification.name" value="Java Platform API Specification"/>
    <property name="java.awt.graphicsenv" value="sun.awt.X11GraphicsEnvironment"/>
    <property name="skip.installnpx" value="true"/>
    <property name="surefire.real.class.path" value="/home/runner/work/ozone/ozone/hadoop-ozone/integration-test/target/surefire/surefirebooter2622929995918712418.jar:/home/runner/.m2/repository/org/jacoco/org.jacoco.agent/0.8.5/org.jacoco.agent-0.8.5-runtime.jar"/>
    <property name="hadoop.log.dir" value="/home/runner/work/ozone/ozone/hadoop-ozone/integration-test/target/log"/>
    <property name="sun.boot.class.path" value="/usr/lib/jvm/adoptopenjdk-8-hotspot-amd64/jre/lib/resources.jar:/usr/lib/jvm/adoptopenjdk-8-hotspot-amd64/jre/lib/rt.jar:/usr/lib/jvm/adoptopenjdk-8-hotspot-amd64/jre/lib/sunrsasign.jar:/usr/lib/jvm/adoptopenjdk-8-hotspot-amd64/jre/lib/jsse.jar:/usr/lib/jvm/adoptopenjdk-8-hotspot-amd64/jre/lib/jce.jar:/usr/lib/jvm/adoptopenjdk-8-hotspot-amd64/jre/lib/charsets.jar:/usr/lib/jvm/adoptopenjdk-8-hotspot-amd64/jre/lib/jfr.jar:/usr/lib/jvm/adoptopenjdk-8-hotspot-amd64/jre/classes"/>
    <property name="sun.management.compiler" value="HotSpot 64-Bit Tiered Compilers"/>
    <property name="skip.npx" value="true"/>
    <property name="java.runtime.version" value="1.8.0_292-b10"/>
    <property name="java.net.preferIPv4Stack" value="true"/>
    <property name="user.name" value="runner"/>
    <property name="path.separator" value=":"/>
    <property name="java.security.egd" value="file:///dev/urandom"/>
    <property name="os.version" value="5.4.0-1065-azure"/>
    <property name="java.endorsed.dirs" value="/usr/lib/jvm/adoptopenjdk-8-hotspot-amd64/jre/lib/endorsed"/>
    <property name="java.runtime.name" value="OpenJDK Runtime Environment"/>
    <property name="file.encoding" value="UTF-8"/>
    <property name="java.vm.name" value="OpenJDK 64-Bit Server VM"/>
    <property name="test.build.webapps" value=""/>
    <property name="localRepository" value="/home/runner/.m2/repository"/>
    <property name="java.vendor.url.bug" value="https://github.com/AdoptOpenJDK/openjdk-support/issues"/>
    <property name="java.io.tmpdir" value="/tmp"/>
    <property name="require.test.libhadoop" value=""/>
    <property name="java.version" value="1.8.0_292"/>
    <property name="user.dir" value="/home/runner/work/ozone/ozone/hadoop-ozone/integration-test"/>
    <property name="os.arch" value="amd64"/>
    <property name="java.vm.specification.name" value="Java Virtual Machine Specification"/>
    <property name="test.build.classes" value="/home/runner/work/ozone/ozone/hadoop-ozone/integration-test/target/test-classes"/>
    <property name="java.awt.printerjob" value="sun.print.PSPrinterJob"/>
    <property name="sun.os.patch.level" value="unknown"/>
    <property name="hadoop.tmp.dir" value="/home/runner/work/ozone/ozone/hadoop-ozone/integration-test/target/tmp"/>
    <property name="java.library.path" value="/usr/java/packages/lib/amd64:/usr/lib64:/lib64:/lib:/usr/lib"/>
    <property name="java.vm.info" value="mixed mode"/>
    <property name="java.vendor" value="AdoptOpenJDK"/>
    <property name="java.vm.version" value="25.292-b10"/>
    <property name="java.ext.dirs" value="/usr/lib/jvm/adoptopenjdk-8-hotspot-amd64/jre/lib/ext:/usr/java/packages/lib/ext"/>
    <property name="sun.io.unicode.encoding" value="UnicodeLittle"/>
    <property name="java.class.version" value="52.0"/>
  </properties>
  <testcase name="testMultipleDataDirs" classname="org.apache.hadoop.ozone.TestMiniOzoneCluster" time="30.216"/>
  <testcase name="testStartMultipleDatanodes" classname="org.apache.hadoop.ozone.TestMiniOzoneCluster" time="51.009"/>
  <testcase name="testDNstartAfterSCM" classname="org.apache.hadoop.ozone.TestMiniOzoneCluster" time="120.717">
    <error message="test timed out after 100000 milliseconds" type="org.junit.runners.model.TestTimedOutException">org.junit.runners.model.TestTimedOutException: test timed out after 100000 milliseconds
	at java.lang.Thread.sleep(Native Method)
	at org.apache.ozone.test.GenericTestUtils.waitFor(GenericTestUtils.java:218)
	at org.apache.hadoop.ozone.MiniOzoneClusterImpl.waitForClusterToBeReady(MiniOzoneClusterImpl.java:212)
	at org.apache.hadoop.ozone.MiniOzoneClusterImpl.restartStorageContainerManager(MiniOzoneClusterImpl.java:351)
	at org.apache.hadoop.ozone.TestMiniOzoneCluster.testDNstartAfterSCM(TestMiniOzoneCluster.java:339)
	at sun.reflect.NativeMethodAccessorImpl.invoke0(Native Method)
	at sun.reflect.NativeMethodAccessorImpl.invoke(NativeMethodAccessorImpl.java:62)
	at sun.reflect.DelegatingMethodAccessorImpl.invoke(DelegatingMethodAccessorImpl.java:43)
	at java.lang.reflect.Method.invoke(Method.java:498)
	at org.junit.runners.model.FrameworkMethod$1.runReflectiveCall(FrameworkMethod.java:59)
	at org.junit.internal.runners.model.ReflectiveCallable.run(ReflectiveCallable.java:12)
	at org.junit.runners.model.FrameworkMethod.invokeExplosively(FrameworkMethod.java:56)
	at org.junit.internal.runners.statements.InvokeMethod.evaluate(InvokeMethod.java:17)
	at org.junit.internal.runners.statements.FailOnTimeout$CallableStatement.call(FailOnTimeout.java:288)
	at org.junit.internal.runners.statements.FailOnTimeout$CallableStatement.call(FailOnTimeout.java:282)
	at java.util.concurrent.FutureTask.run(FutureTask.java:266)
	at java.lang.Thread.run(Thread.java:748)
</error>
    <system-out><![CDATA[2022-01-18 05:34:09,829 [Time-limited test] WARN  server.ServerUtils (ServerUtils.java:getScmDbDir(148)) - ozone.scm.db.dirs is not configured. We recommend adding this setting. Falling back to ozone.metadata.dirs instead.
2022-01-18 05:34:09,837 [Time-limited test] INFO  ha.SCMHANodeDetails (SCMHANodeDetails.java:loadSCMHAConfig(157)) - ServiceID for StorageContainerManager is null
2022-01-18 05:34:09,837 [Time-limited test] INFO  ha.SCMHANodeDetails (SCMHANodeDetails.java:loadSCMHAConfig(162)) - ozone.scm.default.service.id is not defined, falling back to ozone.scm.service.ids to find serviceID for StorageContainerManager if it is HA enabled cluster
2022-01-18 05:34:09,838 [Time-limited test] INFO  server.RaftServer (ConfUtils.java:logGet(44)) - raft.rpc.type = GRPC (default)
2022-01-18 05:34:09,839 [Time-limited test] INFO  grpc.GrpcFactory (GrpcFactory.java:checkPooledByteBufAllocatorUseCacheForAllThreads(48)) - PERFORMANCE WARNING: useCacheForAllThreads is true that may cause Netty to create a lot garbage objects and, as a result, trigger GC.
	It is recommended to disable useCacheForAllThreads by setting -Dorg.apache.ratis.thirdparty.io.netty.allocator.useCacheForAllThreads=false in command line.
2022-01-18 05:34:09,839 [Time-limited test] INFO  grpc.GrpcConfigKeys (ConfUtils.java:logGet(44)) - raft.grpc.admin.port = -1 (default)
2022-01-18 05:34:09,839 [Time-limited test] INFO  grpc.GrpcConfigKeys (ConfUtils.java:logGet(44)) - raft.grpc.server.port = 9894 (custom)
2022-01-18 05:34:09,839 [Time-limited test] INFO  grpc.GrpcConfigKeys (ConfUtils.java:logGet(44)) - raft.grpc.client.port = -1 (default)
2022-01-18 05:34:09,839 [Time-limited test] INFO  grpc.GrpcConfigKeys (ConfUtils.java:logGet(44)) - raft.grpc.server.port = 9894 (custom)
2022-01-18 05:34:09,839 [Time-limited test] INFO  grpc.GrpcConfigKeys (ConfUtils.java:logGet(44)) - raft.grpc.server.port = 9894 (custom)
2022-01-18 05:34:09,840 [Time-limited test] INFO  server.GrpcService (ConfUtils.java:logGet(44)) - raft.grpc.message.size.max = 32m (=33554432) (custom)
2022-01-18 05:34:09,840 [Time-limited test] INFO  server.RaftServerConfigKeys (ConfUtils.java:logGet(44)) - raft.server.log.appender.buffer.byte-limit = 33554432 (custom)
2022-01-18 05:34:09,840 [Time-limited test] INFO  server.GrpcService (ConfUtils.java:logGet(44)) - raft.grpc.flow.control.window = 1MB (=1048576) (default)
2022-01-18 05:34:09,840 [Time-limited test] INFO  server.RaftServerConfigKeys (ConfUtils.java:logGet(44)) - raft.server.rpc.request.timeout = 30000ms (custom)
2022-01-18 05:34:09,842 [Time-limited test] INFO  impl.DataStreamServerImpl (ConfUtils.java:logGet(44)) - raft.datastream.type = DISABLED (default)
2022-01-18 05:34:09,842 [Time-limited test] INFO  server.RaftServerConfigKeys (ConfUtils.java:logGet(44)) - raft.server.rpc.slowness.timeout = 120000ms (custom)
2022-01-18 05:34:09,843 [Time-limited test] INFO  server.RaftServerConfigKeys (ConfUtils.java:logGet(44)) - raft.server.leaderelection.leader.step-down.wait-time = 10s (default)
2022-01-18 05:34:09,843 [Time-limited test] INFO  server.RaftServerConfigKeys (ConfUtils.java:logGet(44)) - raft.server.storage.dir = [/home/runner/work/ozone/ozone/hadoop-ozone/integration-test/target/test-dir/MiniOzoneClusterImpl-cb7c1fcf-6298-49a9-b20a-40b206c3d36e/ozone-meta/scm-ha] (custom)
2022-01-18 05:34:09,846 [Time-limited test] INFO  server.RaftServer (RaftServerProxy.java:addNew(95)) - c5b8eab1-b612-476d-b44f-3a1e5cc4ac80: addNew group-40B206C3D36E:[c5b8eab1-b612-476d-b44f-3a1e5cc4ac80|rpc:fv-az294-84:9894|priority:0] returns group-40B206C3D36E:java.util.concurrent.CompletableFuture@549dbb07[Not completed]
2022-01-18 05:34:09,846 [pool-188-thread-1] INFO  server.RaftServer$Division (RaftServerImpl.java:<init>(184)) - c5b8eab1-b612-476d-b44f-3a1e5cc4ac80: new RaftServerImpl for group-40B206C3D36E:[c5b8eab1-b612-476d-b44f-3a1e5cc4ac80|rpc:fv-az294-84:9894|priority:0] with SCMStateMachine:uninitialized
2022-01-18 05:34:09,846 [pool-188-thread-1] INFO  server.RaftServerConfigKeys (ConfUtils.java:logGet(44)) - raft.server.rpc.timeout.min = 5000ms (custom)
2022-01-18 05:34:09,846 [pool-188-thread-1] INFO  server.RaftServerConfigKeys (ConfUtils.java:logGet(44)) - raft.server.rpc.timeout.max = 5200ms (custom)
2022-01-18 05:34:09,846 [pool-188-thread-1] INFO  server.RaftServerConfigKeys (ConfUtils.java:logGet(44)) - raft.server.rpc.sleep.time = 25ms (default)
2022-01-18 05:34:09,846 [pool-188-thread-1] INFO  server.RaftServerConfigKeys (ConfUtils.java:logGet(44)) - raft.server.rpc.slowness.timeout = 120000ms (custom)
2022-01-18 05:34:09,846 [pool-188-thread-1] INFO  server.RaftServerConfigKeys (ConfUtils.java:logGet(44)) - raft.server.leaderelection.leader.step-down.wait-time = 10s (default)
2022-01-18 05:34:09,846 [pool-188-thread-1] INFO  server.RaftServerConfigKeys (ConfUtils.java:logGet(44)) - raft.server.sleep.deviation.threshold = 300ms (default)
2022-01-18 05:34:09,847 [pool-188-thread-1] INFO  server.RaftServerConfigKeys (ConfUtils.java:logGet(44)) - raft.server.log.appender.install.snapshot.enabled = false (custom)
2022-01-18 05:34:09,847 [pool-188-thread-1] INFO  server.RaftServer$Division (ServerState.java:<init>(105)) - c5b8eab1-b612-476d-b44f-3a1e5cc4ac80@group-40B206C3D36E: ConfigurationManager, init=-1: [c5b8eab1-b612-476d-b44f-3a1e5cc4ac80|rpc:fv-az294-84:9894|priority:0], old=null, confs=<EMPTY_MAP>
2022-01-18 05:34:09,847 [pool-188-thread-1] INFO  server.RaftServerConfigKeys (ConfUtils.java:logGet(44)) - raft.server.storage.dir = [/home/runner/work/ozone/ozone/hadoop-ozone/integration-test/target/test-dir/MiniOzoneClusterImpl-cb7c1fcf-6298-49a9-b20a-40b206c3d36e/ozone-meta/scm-ha] (custom)
2022-01-18 05:34:09,847 [pool-188-thread-1] INFO  server.RaftServerConfigKeys (ConfUtils.java:logGet(44)) - raft.server.log.corruption.policy = EXCEPTION (default)
2022-01-18 05:34:09,847 [pool-188-thread-1] INFO  server.RaftServerConfigKeys (ConfUtils.java:logGet(44)) - raft.server.storage.free-space.min = 0MB (=0) (default)
2022-01-18 05:34:09,847 [pool-188-thread-1] INFO  storage.RaftStorageDirectory (RaftStorageDirectoryImpl.java:analyzeStorage(135)) - The storage directory /home/runner/work/ozone/ozone/hadoop-ozone/integration-test/target/test-dir/MiniOzoneClusterImpl-cb7c1fcf-6298-49a9-b20a-40b206c3d36e/ozone-meta/scm-ha/cb7c1fcf-6298-49a9-b20a-40b206c3d36e does not exist. Creating ...
2022-01-18 05:34:09,848 [pool-188-thread-1] INFO  storage.RaftStorageDirectory (RaftStorageDirectoryImpl.java:tryLock(230)) - Lock on /home/runner/work/ozone/ozone/hadoop-ozone/integration-test/target/test-dir/MiniOzoneClusterImpl-cb7c1fcf-6298-49a9-b20a-40b206c3d36e/ozone-meta/scm-ha/cb7c1fcf-6298-49a9-b20a-40b206c3d36e/in_use.lock acquired by nodename 21336@fv-az294-84
2022-01-18 05:34:09,855 [pool-188-thread-1] INFO  storage.RaftStorage (RaftStorageImpl.java:format(89)) - Storage directory /home/runner/work/ozone/ozone/hadoop-ozone/integration-test/target/test-dir/MiniOzoneClusterImpl-cb7c1fcf-6298-49a9-b20a-40b206c3d36e/ozone-meta/scm-ha/cb7c1fcf-6298-49a9-b20a-40b206c3d36e has been successfully formatted.
2022-01-18 05:34:09,855 [pool-188-thread-1] INFO  server.RaftServerConfigKeys (ConfUtils.java:logGet(44)) - raft.server.notification.no-leader.timeout = 60s (default)
2022-01-18 05:34:09,855 [pool-188-thread-1] INFO  server.RaftServerConfigKeys (ConfUtils.java:logGet(44)) - raft.server.log.use.memory = false (default)
2022-01-18 05:34:09,855 [pool-188-thread-1] INFO  server.RaftServerConfigKeys (ConfUtils.java:logGet(44)) - raft.server.log.purge.gap = 1000000 (custom)
2022-01-18 05:34:09,856 [pool-188-thread-1] INFO  server.RaftServerConfigKeys (ConfUtils.java:logGet(44)) - raft.server.log.appender.buffer.byte-limit = 33554432 (custom)
2022-01-18 05:34:09,856 [pool-188-thread-1] INFO  server.RaftServerConfigKeys (ConfUtils.java:logGet(44)) - raft.server.log.segment.size.max = 4194304 (custom)
2022-01-18 05:34:09,856 [pool-188-thread-1] INFO  server.RaftServerConfigKeys (ConfUtils.java:logGet(44)) - raft.server.log.segment.cache.num.max = 2 (custom)
2022-01-18 05:34:09,856 [pool-188-thread-1] INFO  server.RaftServerConfigKeys (ConfUtils.java:logGet(44)) - raft.server.log.segment.cache.size.max = 200MB (=209715200) (default)
2022-01-18 05:34:09,856 [pool-188-thread-1] INFO  segmented.SegmentedRaftLogWorker (SegmentedRaftLogWorker.java:<init>(182)) - new c5b8eab1-b612-476d-b44f-3a1e5cc4ac80@group-40B206C3D36E-SegmentedRaftLogWorker for RaftStorageImpl:Storage Directory /home/runner/work/ozone/ozone/hadoop-ozone/integration-test/target/test-dir/MiniOzoneClusterImpl-cb7c1fcf-6298-49a9-b20a-40b206c3d36e/ozone-meta/scm-ha/cb7c1fcf-6298-49a9-b20a-40b206c3d36e
2022-01-18 05:34:09,856 [pool-188-thread-1] INFO  server.RaftServerConfigKeys (ConfUtils.java:logGet(44)) - raft.server.log.queue.byte-limit = 64MB (=67108864) (default)
2022-01-18 05:34:09,856 [pool-188-thread-1] INFO  server.RaftServerConfigKeys (ConfUtils.java:logGet(44)) - raft.server.log.queue.element-limit = 4096 (default)
2022-01-18 05:34:09,856 [pool-188-thread-1] INFO  server.RaftServerConfigKeys (ConfUtils.java:logGet(44)) - raft.server.log.segment.size.max = 4194304 (custom)
2022-01-18 05:34:09,856 [pool-188-thread-1] INFO  server.RaftServerConfigKeys (ConfUtils.java:logGet(44)) - raft.server.log.preallocated.size = 4194304 (custom)
2022-01-18 05:34:09,857 [pool-188-thread-1] INFO  server.RaftServerConfigKeys (ConfUtils.java:logGet(44)) - raft.server.log.force.sync.num = 128 (default)
2022-01-18 05:34:09,857 [pool-188-thread-1] INFO  server.RaftServerConfigKeys (ConfUtils.java:logGet(44)) - raft.server.log.statemachine.data.sync = true (default)
2022-01-18 05:34:09,857 [pool-188-thread-1] INFO  server.RaftServerConfigKeys (ConfUtils.java:logGet(44)) - raft.server.log.statemachine.data.sync.timeout = 10s (default)
2022-01-18 05:34:09,857 [pool-188-thread-1] INFO  server.RaftServerConfigKeys (ConfUtils.java:logGet(44)) - raft.server.log.statemachine.data.sync.timeout.retry = -1 (default)
2022-01-18 05:34:09,861 [pool-188-thread-1] INFO  server.RaftServerConfigKeys (ConfUtils.java:logGet(44)) - raft.server.log.write.buffer.size = 64KB (=65536) (default)
2022-01-18 05:34:09,861 [pool-188-thread-1] INFO  server.RaftServerConfigKeys (ConfUtils.java:logGet(44)) - raft.server.log.statemachine.data.caching.enabled = false (default)
2022-01-18 05:34:09,861 [pool-188-thread-1] INFO  segmented.SegmentedRaftLogWorker (SegmentedRaftLogWorker.java:lambda$new$0(133)) - c5b8eab1-b612-476d-b44f-3a1e5cc4ac80@group-40B206C3D36E-SegmentedRaftLogWorker: flushIndex: setUnconditionally 0 -> -1
2022-01-18 05:34:09,862 [pool-188-thread-1] INFO  segmented.SegmentedRaftLogWorker (SegmentedRaftLogWorker.java:lambda$new$0(133)) - c5b8eab1-b612-476d-b44f-3a1e5cc4ac80@group-40B206C3D36E-SegmentedRaftLogWorker: safeCacheEvictIndex: setUnconditionally 0 -> -1
2022-01-18 05:34:09,862 [pool-188-thread-1] INFO  server.RaftServerConfigKeys (ConfUtils.java:logGet(44)) - raft.server.snapshot.auto.trigger.enabled = true (custom)
2022-01-18 05:34:09,862 [pool-188-thread-1] INFO  server.RaftServerConfigKeys (ConfUtils.java:logGet(44)) - raft.server.snapshot.auto.trigger.threshold = 1000 (custom)
2022-01-18 05:34:09,862 [pool-188-thread-1] INFO  server.RaftServerConfigKeys (ConfUtils.java:logGet(44)) - raft.server.snapshot.retention.file.num = -1 (default)
2022-01-18 05:34:09,862 [pool-188-thread-1] INFO  server.RaftServerConfigKeys (ConfUtils.java:logGet(44)) - raft.server.log.purge.upto.snapshot.index = false (default)
2022-01-18 05:34:09,862 [pool-188-thread-1] INFO  server.RaftServerConfigKeys (ConfUtils.java:logGet(44)) - raft.server.retrycache.expirytime = 60000ms (default)
2022-01-18 05:34:09,862 [pool-188-thread-1] INFO  server.RaftServerConfigKeys (ConfUtils.java:logGet(44)) - raft.server.retrycache.statistics.expirytime = 100μs (default)
2022-01-18 05:34:09,863 [Time-limited test] INFO  server.RaftServer$Division (RaftServerImpl.java:start(301)) - c5b8eab1-b612-476d-b44f-3a1e5cc4ac80@group-40B206C3D36E: start as a follower, conf=-1: [c5b8eab1-b612-476d-b44f-3a1e5cc4ac80|rpc:fv-az294-84:9894|priority:0], old=null
2022-01-18 05:34:09,863 [Time-limited test] INFO  server.RaftServer$Division (RaftServerImpl.java:setRole(290)) - c5b8eab1-b612-476d-b44f-3a1e5cc4ac80@group-40B206C3D36E: changes role from      null to FOLLOWER at term 0 for startAsFollower
2022-01-18 05:34:09,863 [Time-limited test] INFO  impl.RoleInfo (RoleInfo.java:updateAndGet(130)) - c5b8eab1-b612-476d-b44f-3a1e5cc4ac80: start c5b8eab1-b612-476d-b44f-3a1e5cc4ac80@group-40B206C3D36E-FollowerState
2022-01-18 05:34:09,867 [Time-limited test] INFO  util.JmxRegister (JmxRegister.java:tryRegister(44)) - Successfully registered JMX Bean with object name Ratis:service=RaftServer,group=group-40B206C3D36E,id=c5b8eab1-b612-476d-b44f-3a1e5cc4ac80
2022-01-18 05:34:09,869 [Time-limited test] INFO  server.RaftServer (RaftServerProxy.java:lambda$start$5(374)) - c5b8eab1-b612-476d-b44f-3a1e5cc4ac80: start RPC server
2022-01-18 05:34:09,872 [Time-limited test] INFO  server.GrpcService (GrpcService.java:startImpl(253)) - c5b8eab1-b612-476d-b44f-3a1e5cc4ac80: GrpcService started, listening on 9894
2022-01-18 05:34:09,885 [org.apache.ratis.util.JvmPauseMonitor$$Lambda$431/448381667@742422bd] INFO  util.JvmPauseMonitor (JvmPauseMonitor.java:run(103)) - JvmPauseMonitor-c5b8eab1-b612-476d-b44f-3a1e5cc4ac80: Started
2022-01-18 05:34:14,887 [c5b8eab1-b612-476d-b44f-3a1e5cc4ac80@group-40B206C3D36E-FollowerState] INFO  impl.FollowerState (FollowerState.java:run(134)) - c5b8eab1-b612-476d-b44f-3a1e5cc4ac80@group-40B206C3D36E-FollowerState: change to CANDIDATE, lastRpcElapsedTime:5023926159ns, electionTimeout:5017ms
2022-01-18 05:34:14,887 [c5b8eab1-b612-476d-b44f-3a1e5cc4ac80@group-40B206C3D36E-FollowerState] INFO  impl.RoleInfo (RoleInfo.java:shutdownFollowerState(108)) - c5b8eab1-b612-476d-b44f-3a1e5cc4ac80: shutdown c5b8eab1-b612-476d-b44f-3a1e5cc4ac80@group-40B206C3D36E-FollowerState
2022-01-18 05:34:14,887 [c5b8eab1-b612-476d-b44f-3a1e5cc4ac80@group-40B206C3D36E-FollowerState] INFO  server.RaftServer$Division (RaftServerImpl.java:setRole(290)) - c5b8eab1-b612-476d-b44f-3a1e5cc4ac80@group-40B206C3D36E: changes role from  FOLLOWER to CANDIDATE at term 0 for changeToCandidate
2022-01-18 05:34:14,888 [c5b8eab1-b612-476d-b44f-3a1e5cc4ac80@group-40B206C3D36E-FollowerState] INFO  server.RaftServerConfigKeys (ConfUtils.java:logGet(44)) - raft.server.leaderelection.pre-vote = false (custom)
2022-01-18 05:34:14,888 [c5b8eab1-b612-476d-b44f-3a1e5cc4ac80@group-40B206C3D36E-FollowerState] INFO  impl.RoleInfo (RoleInfo.java:updateAndGet(130)) - c5b8eab1-b612-476d-b44f-3a1e5cc4ac80: start c5b8eab1-b612-476d-b44f-3a1e5cc4ac80@group-40B206C3D36E-LeaderElection12
2022-01-18 05:34:14,901 [c5b8eab1-b612-476d-b44f-3a1e5cc4ac80@group-40B206C3D36E-LeaderElection12] INFO  impl.LeaderElection (LeaderElection.java:askForVotes(306)) - c5b8eab1-b612-476d-b44f-3a1e5cc4ac80@group-40B206C3D36E-LeaderElection12 ELECTION round 0: submit vote requests at term 1 for -1: [c5b8eab1-b612-476d-b44f-3a1e5cc4ac80|rpc:fv-az294-84:9894|priority:0], old=null
2022-01-18 05:34:14,901 [c5b8eab1-b612-476d-b44f-3a1e5cc4ac80@group-40B206C3D36E-LeaderElection12] INFO  impl.LeaderElection (LeaderElection.java:askForVotes(308)) - c5b8eab1-b612-476d-b44f-3a1e5cc4ac80@group-40B206C3D36E-LeaderElection12 ELECTION round 0: result PASSED (term=1)
2022-01-18 05:34:14,901 [c5b8eab1-b612-476d-b44f-3a1e5cc4ac80@group-40B206C3D36E-LeaderElection12] INFO  impl.RoleInfo (RoleInfo.java:shutdownLeaderElection(121)) - c5b8eab1-b612-476d-b44f-3a1e5cc4ac80: shutdown c5b8eab1-b612-476d-b44f-3a1e5cc4ac80@group-40B206C3D36E-LeaderElection12
2022-01-18 05:34:14,901 [c5b8eab1-b612-476d-b44f-3a1e5cc4ac80@group-40B206C3D36E-LeaderElection12] INFO  server.RaftServer$Division (RaftServerImpl.java:setRole(290)) - c5b8eab1-b612-476d-b44f-3a1e5cc4ac80@group-40B206C3D36E: changes role from CANDIDATE to LEADER at term 1 for changeToLeader
2022-01-18 05:34:14,901 [c5b8eab1-b612-476d-b44f-3a1e5cc4ac80@group-40B206C3D36E-LeaderElection12] INFO  server.RaftServer$Division (ServerState.java:setLeader(285)) - c5b8eab1-b612-476d-b44f-3a1e5cc4ac80@group-40B206C3D36E: change Leader from null to c5b8eab1-b612-476d-b44f-3a1e5cc4ac80 at term 1 for becomeLeader, leader elected after 5046ms
2022-01-18 05:34:14,902 [c5b8eab1-b612-476d-b44f-3a1e5cc4ac80@group-40B206C3D36E-LeaderElection12] INFO  server.RaftServerConfigKeys (ConfUtils.java:logGet(44)) - raft.server.staging.catchup.gap = 1000 (default)
2022-01-18 05:34:14,906 [c5b8eab1-b612-476d-b44f-3a1e5cc4ac80@group-40B206C3D36E-LeaderElection12] INFO  server.RaftServerConfigKeys (ConfUtils.java:logGet(44)) - raft.server.write.element-limit = 4096 (default)
2022-01-18 05:34:14,906 [c5b8eab1-b612-476d-b44f-3a1e5cc4ac80@group-40B206C3D36E-LeaderElection12] INFO  server.RaftServerConfigKeys (ConfUtils.java:logGet(44)) - raft.server.write.byte-limit = 64MB (=67108864) (default)
2022-01-18 05:34:14,906 [c5b8eab1-b612-476d-b44f-3a1e5cc4ac80@group-40B206C3D36E-LeaderElection12] INFO  server.RaftServerConfigKeys (ConfUtils.java:logGet(44)) - raft.server.watch.timeout = 10s (default)
2022-01-18 05:34:14,907 [c5b8eab1-b612-476d-b44f-3a1e5cc4ac80@group-40B206C3D36E-LeaderElection12] INFO  server.RaftServerConfigKeys (ConfUtils.java:logGet(44)) - raft.server.watch.timeout.denomination = 1s (default)
2022-01-18 05:34:14,907 [c5b8eab1-b612-476d-b44f-3a1e5cc4ac80@group-40B206C3D36E-LeaderElection12] INFO  server.RaftServerConfigKeys (ConfUtils.java:logGet(44)) - raft.server.watch.element-limit = 65536 (default)
2022-01-18 05:34:14,907 [c5b8eab1-b612-476d-b44f-3a1e5cc4ac80@group-40B206C3D36E-LeaderElection12] INFO  server.RaftServerConfigKeys (ConfUtils.java:logGet(44)) - raft.server.write.element-limit = 4096 (default)
2022-01-18 05:34:14,907 [c5b8eab1-b612-476d-b44f-3a1e5cc4ac80@group-40B206C3D36E-LeaderElection12] INFO  server.RaftServerConfigKeys (ConfUtils.java:logGet(44)) - raft.server.write.follower.gap.ratio.max = -1.0 (default)
2022-01-18 05:34:14,907 [c5b8eab1-b612-476d-b44f-3a1e5cc4ac80@group-40B206C3D36E-LeaderElection12] INFO  impl.RoleInfo (RoleInfo.java:updateAndGet(130)) - c5b8eab1-b612-476d-b44f-3a1e5cc4ac80: start c5b8eab1-b612-476d-b44f-3a1e5cc4ac80@group-40B206C3D36E-LeaderStateImpl
2022-01-18 05:34:14,907 [c5b8eab1-b612-476d-b44f-3a1e5cc4ac80@group-40B206C3D36E-LeaderElection12] INFO  segmented.SegmentedRaftLogWorker (SegmentedRaftLogWorker.java:startLogSegment(394)) - c5b8eab1-b612-476d-b44f-3a1e5cc4ac80@group-40B206C3D36E-SegmentedRaftLogWorker: Starting segment from index:0
2022-01-18 05:34:14,915 [c5b8eab1-b612-476d-b44f-3a1e5cc4ac80@group-40B206C3D36E-LeaderElection12] INFO  server.RaftServer$Division (ServerState.java:setRaftConf(387)) - c5b8eab1-b612-476d-b44f-3a1e5cc4ac80@group-40B206C3D36E: set configuration 0: [c5b8eab1-b612-476d-b44f-3a1e5cc4ac80|rpc:fv-az294-84:9894|admin:|client:|dataStream:|priority:0], old=null
2022-01-18 05:34:14,917 [c5b8eab1-b612-476d-b44f-3a1e5cc4ac80@group-40B206C3D36E-SegmentedRaftLogWorker] INFO  segmented.SegmentedRaftLogWorker (SegmentedRaftLogWorker.java:execute(601)) - c5b8eab1-b612-476d-b44f-3a1e5cc4ac80@group-40B206C3D36E-SegmentedRaftLogWorker: created new log segment /home/runner/work/ozone/ozone/hadoop-ozone/integration-test/target/test-dir/MiniOzoneClusterImpl-cb7c1fcf-6298-49a9-b20a-40b206c3d36e/ozone-meta/scm-ha/cb7c1fcf-6298-49a9-b20a-40b206c3d36e/current/log_inprogress_0
2022-01-18 05:34:15,886 [Time-limited test] INFO  server.RaftServer (RaftServerProxy.java:lambda$close$6(391)) - c5b8eab1-b612-476d-b44f-3a1e5cc4ac80: close
2022-01-18 05:34:15,886 [Time-limited test] INFO  server.RaftServer$Division (RaftServerImpl.java:lambda$close$4(412)) - c5b8eab1-b612-476d-b44f-3a1e5cc4ac80@group-40B206C3D36E: shutdown
2022-01-18 05:34:15,886 [Time-limited test] INFO  util.JmxRegister (JmxRegister.java:unregister(73)) - Successfully un-registered JMX Bean with object name Ratis:service=RaftServer,group=group-40B206C3D36E,id=c5b8eab1-b612-476d-b44f-3a1e5cc4ac80
2022-01-18 05:34:15,886 [Time-limited test] INFO  impl.RoleInfo (RoleInfo.java:shutdownLeaderState(91)) - c5b8eab1-b612-476d-b44f-3a1e5cc4ac80: shutdown c5b8eab1-b612-476d-b44f-3a1e5cc4ac80@group-40B206C3D36E-LeaderStateImpl
2022-01-18 05:34:15,886 [Time-limited test] INFO  impl.PendingRequests (PendingRequests.java:sendNotLeaderResponses(282)) - c5b8eab1-b612-476d-b44f-3a1e5cc4ac80@group-40B206C3D36E-PendingRequests: sendNotLeaderResponses
2022-01-18 05:34:15,887 [Time-limited test] INFO  impl.StateMachineUpdater (StateMachineUpdater.java:stopAndJoin(149)) - c5b8eab1-b612-476d-b44f-3a1e5cc4ac80@group-40B206C3D36E-StateMachineUpdater: set stopIndex = 0
2022-01-18 05:34:15,887 [c5b8eab1-b612-476d-b44f-3a1e5cc4ac80@group-40B206C3D36E-StateMachineUpdater] INFO  impl.StateMachineUpdater (StateMachineUpdater.java:takeSnapshot(281)) - c5b8eab1-b612-476d-b44f-3a1e5cc4ac80@group-40B206C3D36E-StateMachineUpdater: Took a snapshot at index 0
2022-01-18 05:34:15,887 [c5b8eab1-b612-476d-b44f-3a1e5cc4ac80@group-40B206C3D36E-StateMachineUpdater] INFO  impl.StateMachineUpdater (StateMachineUpdater.java:lambda$new$0(89)) - c5b8eab1-b612-476d-b44f-3a1e5cc4ac80@group-40B206C3D36E-StateMachineUpdater: snapshotIndex: updateIncreasingly -1 -> 0
2022-01-18 05:34:15,888 [Time-limited test] INFO  server.RaftServer$Division (ServerState.java:close(419)) - c5b8eab1-b612-476d-b44f-3a1e5cc4ac80@group-40B206C3D36E: closes. applyIndex: 0
2022-01-18 05:34:15,888 [c5b8eab1-b612-476d-b44f-3a1e5cc4ac80@group-40B206C3D36E-SegmentedRaftLogWorker] INFO  segmented.SegmentedRaftLogWorker (SegmentedRaftLogWorker.java:run(327)) - c5b8eab1-b612-476d-b44f-3a1e5cc4ac80@group-40B206C3D36E-SegmentedRaftLogWorker was interrupted, exiting. There are 0 tasks remaining in the queue.
2022-01-18 05:34:15,889 [Time-limited test] INFO  segmented.SegmentedRaftLogWorker (SegmentedRaftLogWorker.java:close(237)) - c5b8eab1-b612-476d-b44f-3a1e5cc4ac80@group-40B206C3D36E-SegmentedRaftLogWorker close()
2022-01-18 05:34:15,890 [Time-limited test] INFO  server.GrpcService (GrpcService.java:closeImpl(262)) - c5b8eab1-b612-476d-b44f-3a1e5cc4ac80: shutdown server with port 9894 now
2022-01-18 05:34:15,890 [Time-limited test] INFO  server.GrpcService (GrpcService.java:closeImpl(271)) - c5b8eab1-b612-476d-b44f-3a1e5cc4ac80: shutdown server with port 9894 successfully
2022-01-18 05:34:15,890 [org.apache.ratis.util.JvmPauseMonitor$$Lambda$431/448381667@742422bd] INFO  util.JvmPauseMonitor (JvmPauseMonitor.java:run(109)) - JvmPauseMonitor-c5b8eab1-b612-476d-b44f-3a1e5cc4ac80: Stopped
2022-01-18 05:34:15,897 [Time-limited test] INFO  ha.SCMHANodeDetails (SCMHANodeDetails.java:loadSCMHAConfig(157)) - ServiceID for StorageContainerManager is null
2022-01-18 05:34:15,897 [Time-limited test] INFO  ha.SCMHANodeDetails (SCMHANodeDetails.java:loadSCMHAConfig(162)) - ozone.scm.default.service.id is not defined, falling back to ozone.scm.service.ids to find serviceID for StorageContainerManager if it is HA enabled cluster
2022-01-18 05:34:15,898 [Time-limited test] WARN  server.ServerUtils (ServerUtils.java:getScmDbDir(148)) - ozone.scm.db.dirs is not configured. We recommend adding this setting. Falling back to ozone.metadata.dirs instead.
2022-01-18 05:34:15,898 [Time-limited test] INFO  upgrade.AbstractLayoutVersionManager (AbstractLayoutVersionManager.java:init(79)) - Initializing Layout version manager with metadata layout = SCM_HA (version = 2), software layout = SCM_HA (version = 2)
2022-01-18 05:34:15,988 [Time-limited test] INFO  reflections.Reflections (Reflections.java:scan(232)) - Reflections took 88 ms to scan 7 urls, producing 119 keys and 279 values 
2022-01-18 05:34:15,994 [Time-limited test] WARN  utils.HAUtils (HAUtils.java:getMetaDir(342)) - ozone.scm.db.dirs is not configured. We recommend adding this setting. Falling back to ozone.metadata.dirs instead.
2022-01-18 05:34:15,997 [Time-limited test] WARN  db.DBStoreBuilder (DBStoreBuilder.java:applyDBDefinition(145)) - ozone.scm.db.dirs is not configured. We recommend adding this setting. Falling back to ozone.metadata.dirs instead.
2022-01-18 05:34:16,143 [Time-limited test] INFO  net.NodeSchemaLoader (NodeSchemaLoader.java:loadSchemaFromFile(129)) - Loading schema from [jar:file:/home/runner/.m2/repository/org/apache/ozone/hdds-common/1.3.0-SNAPSHOT/hdds-common-1.3.0-SNAPSHOT.jar!/network-topology-default.xml]
2022-01-18 05:34:16,165 [Time-limited test] INFO  net.NodeSchemaLoader (NodeSchemaLoader.java:loadSchema(176)) - Loading network topology layer schema file
2022-01-18 05:34:16,168 [Time-limited test] INFO  ha.SCMRatisServerImpl (SCMRatisServerImpl.java:<init>(87)) - starting Raft server for scm:c5b8eab1-b612-476d-b44f-3a1e5cc4ac80
2022-01-18 05:34:16,171 [Time-limited test] INFO  server.RaftServer (ConfUtils.java:logGet(44)) - raft.rpc.type = GRPC (default)
2022-01-18 05:34:16,171 [Time-limited test] INFO  grpc.GrpcFactory (GrpcFactory.java:checkPooledByteBufAllocatorUseCacheForAllThreads(48)) - PERFORMANCE WARNING: useCacheForAllThreads is true that may cause Netty to create a lot garbage objects and, as a result, trigger GC.
	It is recommended to disable useCacheForAllThreads by setting -Dorg.apache.ratis.thirdparty.io.netty.allocator.useCacheForAllThreads=false in command line.
2022-01-18 05:34:16,171 [Time-limited test] INFO  grpc.GrpcConfigKeys (ConfUtils.java:logGet(44)) - raft.grpc.admin.port = -1 (default)
2022-01-18 05:34:16,172 [Time-limited test] INFO  grpc.GrpcConfigKeys (ConfUtils.java:logGet(44)) - raft.grpc.server.port = 9894 (custom)
2022-01-18 05:34:16,172 [Time-limited test] INFO  grpc.GrpcConfigKeys (ConfUtils.java:logGet(44)) - raft.grpc.client.port = -1 (default)
2022-01-18 05:34:16,172 [Time-limited test] INFO  grpc.GrpcConfigKeys (ConfUtils.java:logGet(44)) - raft.grpc.server.port = 9894 (custom)
2022-01-18 05:34:16,172 [Time-limited test] INFO  grpc.GrpcConfigKeys (ConfUtils.java:logGet(44)) - raft.grpc.server.port = 9894 (custom)
2022-01-18 05:34:16,172 [Time-limited test] INFO  server.GrpcService (ConfUtils.java:logGet(44)) - raft.grpc.message.size.max = 32m (=33554432) (custom)
2022-01-18 05:34:16,172 [Time-limited test] INFO  server.RaftServerConfigKeys (ConfUtils.java:logGet(44)) - raft.server.log.appender.buffer.byte-limit = 33554432 (custom)
2022-01-18 05:34:16,172 [Time-limited test] INFO  server.GrpcService (ConfUtils.java:logGet(44)) - raft.grpc.flow.control.window = 1MB (=1048576) (default)
2022-01-18 05:34:16,172 [Time-limited test] INFO  server.RaftServerConfigKeys (ConfUtils.java:logGet(44)) - raft.server.rpc.request.timeout = 30000ms (custom)
2022-01-18 05:34:16,173 [Time-limited test] INFO  impl.DataStreamServerImpl (ConfUtils.java:logGet(44)) - raft.datastream.type = DISABLED (default)
2022-01-18 05:34:16,179 [Time-limited test] INFO  server.RaftServerConfigKeys (ConfUtils.java:logGet(44)) - raft.server.rpc.slowness.timeout = 120000ms (custom)
2022-01-18 05:34:16,179 [Time-limited test] INFO  server.RaftServerConfigKeys (ConfUtils.java:logGet(44)) - raft.server.leaderelection.leader.step-down.wait-time = 10s (default)
2022-01-18 05:34:16,180 [Time-limited test] INFO  server.RaftServerConfigKeys (ConfUtils.java:logGet(44)) - raft.server.storage.dir = [/home/runner/work/ozone/ozone/hadoop-ozone/integration-test/target/test-dir/MiniOzoneClusterImpl-cb7c1fcf-6298-49a9-b20a-40b206c3d36e/ozone-meta/scm-ha] (custom)
2022-01-18 05:34:16,180 [Time-limited test] INFO  server.RaftServer (RaftServerProxy.java:lambda$null$1(235)) - c5b8eab1-b612-476d-b44f-3a1e5cc4ac80: found a subdirectory /home/runner/work/ozone/ozone/hadoop-ozone/integration-test/target/test-dir/MiniOzoneClusterImpl-cb7c1fcf-6298-49a9-b20a-40b206c3d36e/ozone-meta/scm-ha/cb7c1fcf-6298-49a9-b20a-40b206c3d36e
2022-01-18 05:34:16,197 [Time-limited test] INFO  server.RaftServer (RaftServerProxy.java:addNew(95)) - c5b8eab1-b612-476d-b44f-3a1e5cc4ac80: addNew group-40B206C3D36E:[] returns group-40B206C3D36E:java.util.concurrent.CompletableFuture@22693230[Not completed]
2022-01-18 05:34:16,197 [pool-201-thread-1] INFO  server.RaftServer$Division (RaftServerImpl.java:<init>(184)) - c5b8eab1-b612-476d-b44f-3a1e5cc4ac80: new RaftServerImpl for group-40B206C3D36E:[] with SCMStateMachine:uninitialized
2022-01-18 05:34:16,199 [pool-201-thread-1] INFO  server.RaftServerConfigKeys (ConfUtils.java:logGet(44)) - raft.server.rpc.timeout.min = 5000ms (custom)
2022-01-18 05:34:16,199 [pool-201-thread-1] INFO  server.RaftServerConfigKeys (ConfUtils.java:logGet(44)) - raft.server.rpc.timeout.max = 5200ms (custom)
2022-01-18 05:34:16,199 [pool-201-thread-1] INFO  server.RaftServerConfigKeys (ConfUtils.java:logGet(44)) - raft.server.rpc.sleep.time = 25ms (default)
2022-01-18 05:34:16,199 [pool-201-thread-1] INFO  server.RaftServerConfigKeys (ConfUtils.java:logGet(44)) - raft.server.rpc.slowness.timeout = 120000ms (custom)
2022-01-18 05:34:16,199 [pool-201-thread-1] INFO  server.RaftServerConfigKeys (ConfUtils.java:logGet(44)) - raft.server.leaderelection.leader.step-down.wait-time = 10s (default)
2022-01-18 05:34:16,199 [pool-201-thread-1] INFO  server.RaftServerConfigKeys (ConfUtils.java:logGet(44)) - raft.server.sleep.deviation.threshold = 300ms (default)
2022-01-18 05:34:16,199 [pool-201-thread-1] INFO  server.RaftServerConfigKeys (ConfUtils.java:logGet(44)) - raft.server.log.appender.install.snapshot.enabled = false (custom)
2022-01-18 05:34:16,199 [pool-201-thread-1] INFO  server.RaftServer$Division (ServerState.java:<init>(105)) - c5b8eab1-b612-476d-b44f-3a1e5cc4ac80@group-40B206C3D36E: ConfigurationManager, init=-1: [], old=null, confs=<EMPTY_MAP>
2022-01-18 05:34:16,199 [pool-201-thread-1] INFO  server.RaftServerConfigKeys (ConfUtils.java:logGet(44)) - raft.server.storage.dir = [/home/runner/work/ozone/ozone/hadoop-ozone/integration-test/target/test-dir/MiniOzoneClusterImpl-cb7c1fcf-6298-49a9-b20a-40b206c3d36e/ozone-meta/scm-ha] (custom)
2022-01-18 05:34:16,199 [pool-201-thread-1] INFO  server.RaftServerConfigKeys (ConfUtils.java:logGet(44)) - raft.server.log.corruption.policy = EXCEPTION (default)
2022-01-18 05:34:16,202 [pool-201-thread-1] INFO  server.RaftServerConfigKeys (ConfUtils.java:logGet(44)) - raft.server.storage.free-space.min = 0MB (=0) (default)
2022-01-18 05:34:16,213 [pool-201-thread-1] INFO  storage.RaftStorageDirectory (RaftStorageDirectoryImpl.java:tryLock(230)) - Lock on /home/runner/work/ozone/ozone/hadoop-ozone/integration-test/target/test-dir/MiniOzoneClusterImpl-cb7c1fcf-6298-49a9-b20a-40b206c3d36e/ozone-meta/scm-ha/cb7c1fcf-6298-49a9-b20a-40b206c3d36e/in_use.lock acquired by nodename 21336@fv-az294-84
2022-01-18 05:34:16,213 [pool-201-thread-1] INFO  storage.RaftStorage (RaftStorageImpl.java:analyzeAndRecoverStorage(110)) - Read RaftStorageMetadata{term=1, votedFor=c5b8eab1-b612-476d-b44f-3a1e5cc4ac80} from /home/runner/work/ozone/ozone/hadoop-ozone/integration-test/target/test-dir/MiniOzoneClusterImpl-cb7c1fcf-6298-49a9-b20a-40b206c3d36e/ozone-meta/scm-ha/cb7c1fcf-6298-49a9-b20a-40b206c3d36e/current/raft-meta
2022-01-18 05:34:16,214 [pool-201-thread-1] INFO  server.RaftServer$Division (ServerState.java:setRaftConf(387)) - c5b8eab1-b612-476d-b44f-3a1e5cc4ac80@group-40B206C3D36E: set configuration 0: [c5b8eab1-b612-476d-b44f-3a1e5cc4ac80|rpc:fv-az294-84:9894|admin:|client:|dataStream:|priority:0], old=null
2022-01-18 05:34:16,214 [pool-201-thread-1] INFO  server.RaftServerConfigKeys (ConfUtils.java:logGet(44)) - raft.server.notification.no-leader.timeout = 60s (default)
2022-01-18 05:34:16,214 [pool-201-thread-1] INFO  server.RaftServerConfigKeys (ConfUtils.java:logGet(44)) - raft.server.log.use.memory = false (default)
2022-01-18 05:34:16,214 [pool-201-thread-1] INFO  server.RaftServerConfigKeys (ConfUtils.java:logGet(44)) - raft.server.log.purge.gap = 1000000 (custom)
2022-01-18 05:34:16,214 [pool-201-thread-1] INFO  server.RaftServerConfigKeys (ConfUtils.java:logGet(44)) - raft.server.log.appender.buffer.byte-limit = 33554432 (custom)
2022-01-18 05:34:16,214 [pool-201-thread-1] INFO  server.RaftServerConfigKeys (ConfUtils.java:logGet(44)) - raft.server.log.segment.size.max = 4194304 (custom)
2022-01-18 05:34:16,214 [pool-201-thread-1] INFO  server.RaftServerConfigKeys (ConfUtils.java:logGet(44)) - raft.server.log.segment.cache.num.max = 2 (custom)
2022-01-18 05:34:16,214 [pool-201-thread-1] INFO  server.RaftServerConfigKeys (ConfUtils.java:logGet(44)) - raft.server.log.segment.cache.size.max = 200MB (=209715200) (default)
2022-01-18 05:34:16,214 [pool-201-thread-1] INFO  segmented.SegmentedRaftLogWorker (SegmentedRaftLogWorker.java:<init>(182)) - new c5b8eab1-b612-476d-b44f-3a1e5cc4ac80@group-40B206C3D36E-SegmentedRaftLogWorker for RaftStorageImpl:Storage Directory /home/runner/work/ozone/ozone/hadoop-ozone/integration-test/target/test-dir/MiniOzoneClusterImpl-cb7c1fcf-6298-49a9-b20a-40b206c3d36e/ozone-meta/scm-ha/cb7c1fcf-6298-49a9-b20a-40b206c3d36e
2022-01-18 05:34:16,214 [pool-201-thread-1] INFO  server.RaftServerConfigKeys (ConfUtils.java:logGet(44)) - raft.server.log.queue.byte-limit = 64MB (=67108864) (default)
2022-01-18 05:34:16,214 [pool-201-thread-1] INFO  server.RaftServerConfigKeys (ConfUtils.java:logGet(44)) - raft.server.log.queue.element-limit = 4096 (default)
2022-01-18 05:34:16,214 [pool-201-thread-1] INFO  server.RaftServerConfigKeys (ConfUtils.java:logGet(44)) - raft.server.log.segment.size.max = 4194304 (custom)
2022-01-18 05:34:16,215 [pool-201-thread-1] INFO  server.RaftServerConfigKeys (ConfUtils.java:logGet(44)) - raft.server.log.preallocated.size = 4194304 (custom)
2022-01-18 05:34:16,215 [pool-201-thread-1] INFO  server.RaftServerConfigKeys (ConfUtils.java:logGet(44)) - raft.server.log.force.sync.num = 128 (default)
2022-01-18 05:34:16,215 [pool-201-thread-1] INFO  server.RaftServerConfigKeys (ConfUtils.java:logGet(44)) - raft.server.log.statemachine.data.sync = true (default)
2022-01-18 05:34:16,215 [pool-201-thread-1] INFO  server.RaftServerConfigKeys (ConfUtils.java:logGet(44)) - raft.server.log.statemachine.data.sync.timeout = 10s (default)
2022-01-18 05:34:16,215 [pool-201-thread-1] INFO  server.RaftServerConfigKeys (ConfUtils.java:logGet(44)) - raft.server.log.statemachine.data.sync.timeout.retry = -1 (default)
2022-01-18 05:34:16,215 [pool-201-thread-1] INFO  server.RaftServerConfigKeys (ConfUtils.java:logGet(44)) - raft.server.log.write.buffer.size = 64KB (=65536) (default)
2022-01-18 05:34:16,215 [pool-201-thread-1] INFO  server.RaftServerConfigKeys (ConfUtils.java:logGet(44)) - raft.server.log.statemachine.data.caching.enabled = false (default)
2022-01-18 05:34:16,216 [pool-201-thread-1] INFO  server.RaftServer$Division (ServerState.java:setRaftConf(387)) - c5b8eab1-b612-476d-b44f-3a1e5cc4ac80@group-40B206C3D36E: set configuration 0: [c5b8eab1-b612-476d-b44f-3a1e5cc4ac80|rpc:fv-az294-84:9894|admin:|client:|dataStream:|priority:0], old=null
2022-01-18 05:34:16,216 [pool-201-thread-1] INFO  segmented.LogSegment (LogSegment.java:loadSegment(173)) - Successfully read 1 entries from segment file /home/runner/work/ozone/ozone/hadoop-ozone/integration-test/target/test-dir/MiniOzoneClusterImpl-cb7c1fcf-6298-49a9-b20a-40b206c3d36e/ozone-meta/scm-ha/cb7c1fcf-6298-49a9-b20a-40b206c3d36e/current/log_inprogress_0
2022-01-18 05:34:16,218 [pool-201-thread-1] INFO  segmented.SegmentedRaftLogWorker (SegmentedRaftLogWorker.java:lambda$new$0(133)) - c5b8eab1-b612-476d-b44f-3a1e5cc4ac80@group-40B206C3D36E-SegmentedRaftLogWorker: flushIndex: setUnconditionally 0 -> 0
2022-01-18 05:34:16,218 [pool-201-thread-1] INFO  segmented.SegmentedRaftLogWorker (SegmentedRaftLogWorker.java:lambda$new$0(133)) - c5b8eab1-b612-476d-b44f-3a1e5cc4ac80@group-40B206C3D36E-SegmentedRaftLogWorker: safeCacheEvictIndex: setUnconditionally 0 -> -1
2022-01-18 05:34:16,233 [pool-201-thread-1] INFO  server.RaftServerConfigKeys (ConfUtils.java:logGet(44)) - raft.server.snapshot.auto.trigger.enabled = true (custom)
2022-01-18 05:34:16,233 [pool-201-thread-1] INFO  server.RaftServerConfigKeys (ConfUtils.java:logGet(44)) - raft.server.snapshot.auto.trigger.threshold = 1000 (custom)
2022-01-18 05:34:16,233 [pool-201-thread-1] INFO  server.RaftServerConfigKeys (ConfUtils.java:logGet(44)) - raft.server.snapshot.retention.file.num = -1 (default)
2022-01-18 05:34:16,233 [pool-201-thread-1] INFO  server.RaftServerConfigKeys (ConfUtils.java:logGet(44)) - raft.server.log.purge.upto.snapshot.index = false (default)
2022-01-18 05:34:16,233 [pool-201-thread-1] INFO  server.RaftServerConfigKeys (ConfUtils.java:logGet(44)) - raft.server.retrycache.expirytime = 60000ms (default)
2022-01-18 05:34:16,233 [pool-201-thread-1] INFO  server.RaftServerConfigKeys (ConfUtils.java:logGet(44)) - raft.server.retrycache.statistics.expirytime = 100μs (default)
2022-01-18 05:34:16,235 [Time-limited test] INFO  ha.SCMSnapshotProvider (SCMSnapshotProvider.java:<init>(66)) - Initializing SCM Snapshot Provider
2022-01-18 05:34:16,241 [Time-limited test] WARN  server.ServerUtils (ServerUtils.java:getDefaultRatisDirectory(237)) - Storage directory for Ratis is not configured. It is a good idea to map this to an SSD disk. Falling back to ozone.metadata.dirs
2022-01-18 05:34:16,241 [Time-limited test] WARN  ha.SCMHAUtils (SCMHAUtils.java:getSCMRatisSnapshotDirectory(146)) - SCM snapshot dir is not configured. Falling back to ozone.metadata.dirs config
2022-01-18 05:34:16,243 [Time-limited test] INFO  ha.SequenceIdGenerator (SequenceIdGenerator.java:upgradeToSequenceId(347)) - upgrade localId to 109611004723200000
2022-01-18 05:34:16,243 [Time-limited test] INFO  ha.SequenceIdGenerator (SequenceIdGenerator.java:upgradeToSequenceId(357)) - upgrade delTxnId to 0
2022-01-18 05:34:16,243 [Time-limited test] INFO  ha.SequenceIdGenerator (SequenceIdGenerator.java:upgradeToSequenceId(371)) - upgrade containerId to 0
2022-01-18 05:34:16,243 [Time-limited test] INFO  ha.SequenceIdGenerator (SequenceIdGenerator.java:<init>(218)) - Init the HA SequenceIdGenerator.
2022-01-18 05:34:16,244 [Time-limited test] WARN  server.ServerUtils (ServerUtils.java:sanitizeUserArgs(73)) - ozone.scm.stale.node.interval value = 300000 is larger than max = 100000 based on the key value of ozone.scm.heartbeat.thread.interval, reset to the max value 100000.
2022-01-18 05:34:16,244 [Time-limited test] WARN  server.ServerUtils (ServerUtils.java:sanitizeUserArgs(73)) - ozone.scm.stale.node.interval value = 300000 is larger than max = 100000 based on the key value of ozone.scm.heartbeat.thread.interval, reset to the max value 100000.
2022-01-18 05:34:16,253 [Time-limited test] INFO  node.SCMNodeManager (SCMNodeManager.java:<init>(144)) - Entering startup safe mode.
2022-01-18 05:34:16,253 [Time-limited test] INFO  algorithms.ContainerPlacementPolicyFactory (ContainerPlacementPolicyFactory.java:getPolicy(60)) - Create container placement policy of type org.apache.hadoop.hdds.scm.container.placement.algorithms.SCMContainerPlacementRandom
2022-01-18 05:34:16,258 [Time-limited test] INFO  pipeline.PipelineStateManagerImpl (PipelineStateManagerImpl.java:initialize(78)) - No pipeline exists in current db
2022-01-18 05:34:16,258 [Time-limited test] INFO  algorithms.LeaderChoosePolicyFactory (LeaderChoosePolicyFactory.java:getPolicy(57)) - Create leader choose policy of type org.apache.hadoop.hdds.scm.pipeline.leader.choose.algorithms.MinLeaderCountChoosePolicy
2022-01-18 05:34:16,259 [Time-limited test] INFO  ha.SCMServiceManager (SCMServiceManager.java:register(43)) - Registering service BackgroundPipelineCreator.
2022-01-18 05:34:16,259 [Time-limited test] INFO  pipeline.BackgroundPipelineCreator (BackgroundPipelineCreator.java:start(130)) - Starting RatisPipelineUtilsThread.
2022-01-18 05:34:16,260 [Time-limited test] INFO  algorithms.PipelineChoosePolicyFactory (PipelineChoosePolicyFactory.java:createPipelineChoosePolicyFromClass(73)) - Create pipeline choose policy of type org.apache.hadoop.hdds.scm.pipeline.choose.algorithms.RandomPipelineChoosePolicy
2022-01-18 05:34:16,260 [Time-limited test] INFO  ha.SCMServiceManager (SCMServiceManager.java:register(43)) - Registering service SCMBlockDeletingService.
2022-01-18 05:34:16,260 [Time-limited test] INFO  ha.SCMServiceManager (SCMServiceManager.java:register(43)) - Registering service ReplicationManager.
2022-01-18 05:34:16,260 [Time-limited test] INFO  container.ReplicationManager (ReplicationManager.java:start(326)) - Starting Replication Monitor Thread.
2022-01-18 05:34:16,261 [Time-limited test] INFO  safemode.ContainerSafeModeRule (ContainerSafeModeRule.java:<init>(89)) - containers with one replica threshold count 0
2022-01-18 05:34:16,261 [Time-limited test] INFO  safemode.HealthyPipelineSafeModeRule (HealthyPipelineSafeModeRule.java:initializeRule(156)) - Total pipeline count is 0, healthy pipeline threshold count is 1
2022-01-18 05:34:16,262 [Time-limited test] INFO  safemode.OneReplicaPipelineSafeModeRule (OneReplicaPipelineSafeModeRule.java:initializeRule(180)) - Total pipeline count is 0, pipeline's with at least one datanode reported threshold count is 0
2022-01-18 05:34:16,263 [Time-limited test] INFO  ipc.CallQueueManager (CallQueueManager.java:<init>(90)) - Using callQueue: class java.util.concurrent.LinkedBlockingQueue, queueCapacity: 2000, scheduler: class org.apache.hadoop.ipc.DefaultRpcScheduler, ipcBackoff: false.
2022-01-18 05:34:16,264 [Socket Reader #1 for port 0] INFO  ipc.Server (Server.java:run(1265)) - Starting Socket Reader #1 for port 0
2022-01-18 05:34:16,264 [Listener at 0.0.0.0/34205] INFO  ipc.CallQueueManager (CallQueueManager.java:<init>(90)) - Using callQueue: class java.util.concurrent.LinkedBlockingQueue, queueCapacity: 2000, scheduler: class org.apache.hadoop.ipc.DefaultRpcScheduler, ipcBackoff: false.
2022-01-18 05:34:16,265 [Socket Reader #1 for port 0] INFO  ipc.Server (Server.java:run(1265)) - Starting Socket Reader #1 for port 0
2022-01-18 05:34:16,266 [Listener at 0.0.0.0/33761] INFO  ipc.CallQueueManager (CallQueueManager.java:<init>(90)) - Using callQueue: class java.util.concurrent.LinkedBlockingQueue, queueCapacity: 2000, scheduler: class org.apache.hadoop.ipc.DefaultRpcScheduler, ipcBackoff: false.
2022-01-18 05:34:16,266 [Socket Reader #1 for port 0] INFO  ipc.Server (Server.java:run(1265)) - Starting Socket Reader #1 for port 0
2022-01-18 05:34:16,281 [ReplicationMonitor] INFO  container.ReplicationManager (ReplicationManager.java:processAll(382)) - Replication Monitor Thread took 0 milliseconds for processing 0 containers.
2022-01-18 05:34:16,318 [Listener at 0.0.0.0/39273] INFO  algorithms.ContainerPlacementPolicyFactory (ContainerPlacementPolicyFactory.java:getPolicy(60)) - Create container placement policy of type org.apache.hadoop.hdds.scm.container.placement.algorithms.SCMContainerPlacementRandom
2022-01-18 05:34:16,322 [Listener at 0.0.0.0/39273] INFO  server.StorageContainerManager (StorageContainerManager.java:<init>(388)) - 
Container Balancer status:
Key                            Value
Running                        false
Container Balancer Configuration values:
Key                                                Value
Threshold                                          10
Max Datanodes to Involve per Iteration(percent)    20
Max Size to Move per Iteration                     500GB
Max Size Entering Target per Iteration             26GB
Max Size Leaving Source per Iteration              26GB

2022-01-18 05:34:16,322 [Listener at 0.0.0.0/39273] WARN  events.EventQueue (EventQueue.java:fireEvent(194)) - No event handler registered for event TypedEvent{payloadType=SafeModeStatus, name='Safe mode status'}
2022-01-18 05:34:16,322 [Listener at 0.0.0.0/39273] INFO  ha.SCMContext (SCMContext.java:updateSafeModeStatus(211)) - Update SafeModeStatus from SafeModeStatus{safeModeStatus=true, preCheckPassed=false} to SafeModeStatus{safeModeStatus=true, preCheckPassed=false}.
2022-01-18 05:34:16,323 [Listener at 0.0.0.0/39273] INFO  server.StorageContainerManager (StorageContainerManager.java:start(1303)) - StorageContainerLocationProtocol RPC server is listening at /0.0.0.0:39273
2022-01-18 05:34:16,323 [Listener at 0.0.0.0/39273] INFO  ha.SCMRatisServerImpl (SCMRatisServerImpl.java:start(177)) - starting ratis server 0.0.0.0:9894
2022-01-18 05:34:16,323 [Listener at 0.0.0.0/39273] INFO  server.RaftServer$Division (RaftServerImpl.java:start(301)) - c5b8eab1-b612-476d-b44f-3a1e5cc4ac80@group-40B206C3D36E: start as a follower, conf=0: [c5b8eab1-b612-476d-b44f-3a1e5cc4ac80|rpc:fv-az294-84:9894|admin:|client:|dataStream:|priority:0], old=null
2022-01-18 05:34:16,325 [Listener at 0.0.0.0/39273] INFO  server.RaftServer$Division (RaftServerImpl.java:setRole(290)) - c5b8eab1-b612-476d-b44f-3a1e5cc4ac80@group-40B206C3D36E: changes role from      null to FOLLOWER at term 1 for startAsFollower
2022-01-18 05:34:16,325 [Listener at 0.0.0.0/39273] INFO  impl.RoleInfo (RoleInfo.java:updateAndGet(130)) - c5b8eab1-b612-476d-b44f-3a1e5cc4ac80: start c5b8eab1-b612-476d-b44f-3a1e5cc4ac80@group-40B206C3D36E-FollowerState
2022-01-18 05:34:16,329 [Listener at 0.0.0.0/39273] INFO  util.JmxRegister (JmxRegister.java:tryRegister(44)) - Successfully registered JMX Bean with object name Ratis:service=RaftServer,group=group-40B206C3D36E,id=c5b8eab1-b612-476d-b44f-3a1e5cc4ac80
2022-01-18 05:34:16,341 [Listener at 0.0.0.0/39273] INFO  server.RaftServer (RaftServerProxy.java:lambda$start$5(374)) - c5b8eab1-b612-476d-b44f-3a1e5cc4ac80: start RPC server
2022-01-18 05:34:16,342 [Listener at 0.0.0.0/39273] INFO  server.GrpcService (GrpcService.java:startImpl(253)) - c5b8eab1-b612-476d-b44f-3a1e5cc4ac80: GrpcService started, listening on 9894
2022-01-18 05:34:16,342 [Listener at 0.0.0.0/39273] INFO  ha.SCMHAManagerImpl (SCMHAManagerImpl.java:start(121)) -  scm role is FOLLOWER peers [c5b8eab1-b612-476d-b44f-3a1e5cc4ac80|rpc:fv-az294-84:9894|admin:|client:|dataStream:|priority:0]
2022-01-18 05:34:16,342 [Listener at 0.0.0.0/39273] INFO  ha.InterSCMGrpcService (InterSCMGrpcProtocolService.java:start(94)) - Starting SCM Grpc Service at port 9895
2022-01-18 05:34:16,343 [org.apache.ratis.util.JvmPauseMonitor$$Lambda$431/448381667@297db457] INFO  util.JvmPauseMonitor (JvmPauseMonitor.java:run(103)) - JvmPauseMonitor-c5b8eab1-b612-476d-b44f-3a1e5cc4ac80: Started
2022-01-18 05:34:16,346 [Listener at 0.0.0.0/39273] WARN  impl.MetricsConfig (MetricsConfig.java:loadFirst(136)) - Cannot locate configuration: tried hadoop-metrics2-storagecontainermanager.properties,hadoop-metrics2.properties
2022-01-18 05:34:16,352 [Listener at 0.0.0.0/39273] INFO  impl.MetricsSystemImpl (MetricsSystemImpl.java:startTimer(378)) - Scheduled Metric snapshot period at 10 second(s).
2022-01-18 05:34:16,352 [Listener at 0.0.0.0/39273] INFO  impl.MetricsSystemImpl (MetricsSystemImpl.java:start(191)) - StorageContainerManager metrics system started
2022-01-18 05:34:16,369 [Listener at 0.0.0.0/39273] INFO  impl.MetricsSinkAdapter (MetricsSinkAdapter.java:start(204)) - Sink prometheus started
2022-01-18 05:34:16,369 [Listener at 0.0.0.0/39273] INFO  impl.MetricsSystemImpl (MetricsSystemImpl.java:registerSink(305)) - Registered sink prometheus
2022-01-18 05:34:16,413 [Listener at 0.0.0.0/39273] INFO  server.SCMClientProtocolServer (SCMClientProtocolServer.java:start(164)) - RPC server for Client  is listening at /0.0.0.0:39273
2022-01-18 05:34:16,441 [IPC Server Responder] INFO  ipc.Server (Server.java:run(1507)) - IPC Server Responder: starting
2022-01-18 05:34:16,452 [IPC Server listener on 0] INFO  ipc.Server (Server.java:run(1344)) - IPC Server listener on 0: starting
2022-01-18 05:34:16,504 [Listener at 0.0.0.0/39273] INFO  server.StorageContainerManager (StorageContainerManager.java:start(1318)) - ScmBlockLocationProtocol RPC server is listening at /0.0.0.0:33761
2022-01-18 05:34:16,505 [Listener at 0.0.0.0/39273] INFO  server.SCMBlockProtocolServer (SCMBlockProtocolServer.java:start(151)) - RPC server for Block Protocol is listening at /0.0.0.0:33761
2022-01-18 05:34:16,505 [IPC Server Responder] INFO  ipc.Server (Server.java:run(1507)) - IPC Server Responder: starting
2022-01-18 05:34:16,505 [IPC Server listener on 0] INFO  ipc.Server (Server.java:run(1344)) - IPC Server listener on 0: starting
2022-01-18 05:34:16,509 [Listener at 0.0.0.0/39273] INFO  http.BaseHttpServer (BaseHttpServer.java:newHttpServer2BuilderForOzone(209)) - Starting Web-server for scm at: http://0.0.0.0:0
2022-01-18 05:34:16,509 [Listener at 0.0.0.0/39273] INFO  http.BaseHttpServer (BaseHttpServer.java:<init>(107)) - Hadoop Security Enabled: false Ozone Security Enabled: false Ozone HTTP Security Enabled: false 
2022-01-18 05:34:16,511 [Listener at 0.0.0.0/39273] INFO  server.AuthenticationFilter (AuthenticationFilter.java:constructSecretProvider(240)) - Unable to initialize FileSignerSecretProvider, falling back to use random secrets.
2022-01-18 05:34:16,521 [org.apache.hadoop.util.JvmPauseMonitor$Monitor@387944c5] INFO  util.JvmPauseMonitor (JvmPauseMonitor.java:run(188)) - Starting JVM pause monitor
2022-01-18 05:34:16,522 [Listener at 0.0.0.0/39273] WARN  http.HttpRequestLog (HttpRequestLog.java:getRequestLog(103)) - Jetty request log can only be enabled using Log4j
2022-01-18 05:34:16,523 [Listener at 0.0.0.0/39273] INFO  http.HttpServer2 (HttpServer2.java:addGlobalFilter(1030)) - Added global filter 'safety' (class=org.apache.hadoop.hdds.server.http.HttpServer2$QuotingInputFilter)
2022-01-18 05:34:16,523 [Listener at 0.0.0.0/39273] INFO  http.HttpServer2 (HttpServer2.java:addFilter(1006)) - Added filter static_user_filter (class=org.apache.hadoop.http.lib.StaticUserWebFilter$StaticUserFilter) to context scm
2022-01-18 05:34:16,523 [Listener at 0.0.0.0/39273] INFO  http.HttpServer2 (HttpServer2.java:addFilter(1014)) - Added filter static_user_filter (class=org.apache.hadoop.http.lib.StaticUserWebFilter$StaticUserFilter) to context logs
2022-01-18 05:34:16,523 [Listener at 0.0.0.0/39273] INFO  http.HttpServer2 (HttpServer2.java:addFilter(1014)) - Added filter static_user_filter (class=org.apache.hadoop.http.lib.StaticUserWebFilter$StaticUserFilter) to context static
2022-01-18 05:34:16,524 [Listener at 0.0.0.0/39273] INFO  http.HttpServer2 (HttpServer2.java:bindListener(1249)) - Jetty bound to port 46141
2022-01-18 05:34:16,524 [Listener at 0.0.0.0/39273] INFO  server.Server (Server.java:doStart(375)) - jetty-9.4.43.v20210629; built: 2021-06-30T11:07:22.254Z; git: 526006ecfa3af7f1a27ef3a288e2bef7ea9dd7e8; jvm 1.8.0_292-b10
2022-01-18 05:34:16,526 [Listener at 0.0.0.0/39273] INFO  server.session (DefaultSessionIdManager.java:doStart(334)) - DefaultSessionIdManager workerName=node0
2022-01-18 05:34:16,526 [Listener at 0.0.0.0/39273] INFO  server.session (DefaultSessionIdManager.java:doStart(339)) - No SessionScavenger set, using defaults
2022-01-18 05:34:16,526 [Listener at 0.0.0.0/39273] INFO  server.session (HouseKeeper.java:startScavenging(132)) - node0 Scavenging every 660000ms
2022-01-18 05:34:16,527 [Listener at 0.0.0.0/39273] INFO  handler.ContextHandler (ContextHandler.java:doStart(915)) - Started o.e.j.s.ServletContextHandler@17fd5e45{logs,/logs,file:///home/runner/work/ozone/ozone/hadoop-ozone/integration-test/target/log,AVAILABLE}
2022-01-18 05:34:16,527 [Listener at 0.0.0.0/39273] INFO  handler.ContextHandler (ContextHandler.java:doStart(915)) - Started o.e.j.s.ServletContextHandler@1a752c2e{static,/static,file:///home/runner/work/ozone/ozone/hadoop-ozone/integration-test/target/test-classes/webapps/static,AVAILABLE}
2022-01-18 05:34:16,532 [Listener at 0.0.0.0/39273] INFO  handler.ContextHandler (ContextHandler.java:doStart(915)) - Started o.e.j.w.WebAppContext@56a056de{scm,/,file:///home/runner/work/ozone/ozone/hadoop-ozone/integration-test/target/test-classes/webapps/scm/,AVAILABLE}{file:/home/runner/work/ozone/ozone/hadoop-ozone/integration-test/target/test-classes/webapps/scm}
2022-01-18 05:34:16,537 [Listener at 0.0.0.0/39273] INFO  server.AbstractConnector (AbstractConnector.java:doStart(331)) - Started ServerConnector@a8e68a5{HTTP/1.1, (http/1.1)}{0.0.0.0:46141}
2022-01-18 05:34:16,538 [Listener at 0.0.0.0/39273] INFO  server.Server (Server.java:doStart(415)) - Started @88967ms
2022-01-18 05:34:16,538 [Listener at 0.0.0.0/39273] WARN  impl.MetricsSystemImpl (MetricsSystemImpl.java:register(279)) - Sink prometheus already exists!
2022-01-18 05:34:16,538 [Listener at 0.0.0.0/39273] INFO  http.BaseHttpServer (BaseHttpServer.java:updateConnectorAddress(329)) - HTTP server of scm listening at http://0.0.0.0:46141
2022-01-18 05:34:16,538 [Listener at 0.0.0.0/39273] WARN  server.ServerUtils (ServerUtils.java:getDBPath(225)) - ozone.om.db.dirs is not configured. We recommend adding this setting. Falling back to ozone.metadata.dirs instead.
2022-01-18 05:34:16,541 [Listener at 0.0.0.0/39273] INFO  ha.OMHANodeDetails (OMHANodeDetails.java:loadOMHAConfig(112)) - ozone.om.internal.service.id is not defined, falling back to ozone.om.service.ids to find serviceID for OzoneManager if it is HA enabled cluster
2022-01-18 05:34:16,541 [Listener at 0.0.0.0/39273] INFO  ha.OMHANodeDetails (OMHANodeDetails.java:loadOMHAConfig(218)) - Configuration does not have ozone.om.address set. Falling back to the default OM address /127.0.0.1:0
2022-01-18 05:34:16,541 [Listener at 0.0.0.0/39273] INFO  ha.OMHANodeDetails (OMHANodeDetails.java:getOMNodeDetailsForNonHA(246)) - OM Service ID is not set. Setting it to the default ID: omServiceIdDefault
2022-01-18 05:34:16,541 [Listener at 0.0.0.0/39273] INFO  ha.OMHANodeDetails (OMHANodeDetails.java:getOMNodeDetailsForNonHA(253)) - OM Node ID is not set. Setting it to the default ID: om1
2022-01-18 05:34:16,542 [Listener at 0.0.0.0/39273] WARN  server.ServerUtils (ServerUtils.java:getDBPath(225)) - ozone.om.db.dirs is not configured. We recommend adding this setting. Falling back to ozone.metadata.dirs instead.
2022-01-18 05:34:16,542 [Listener at 0.0.0.0/39273] INFO  upgrade.AbstractLayoutVersionManager (AbstractLayoutVersionManager.java:init(79)) - Initializing Layout version manager with metadata layout = INITIAL_VERSION (version = 0), software layout = INITIAL_VERSION (version = 0)
2022-01-18 05:34:16,585 [Listener at 0.0.0.0/39273] INFO  reflections.Reflections (Reflections.java:scan(232)) - Reflections took 42 ms to scan 2 urls, producing 133 keys and 345 values [using 2 cores]
2022-01-18 05:34:16,585 [Listener at 0.0.0.0/39273] INFO  upgrade.OMLayoutVersionManager (OMLayoutVersionManager.java:lambda$0(115)) - Skipping Upgrade Action MockOmUpgradeAction since it has been finalized.
2022-01-18 05:34:16,586 [Listener at 0.0.0.0/39273] WARN  server.ServerUtils (ServerUtils.java:getDBPath(225)) - ozone.om.db.dirs is not configured. We recommend adding this setting. Falling back to ozone.metadata.dirs instead.
2022-01-18 05:34:18,614 [Listener at 0.0.0.0/39273] INFO  retry.RetryInvocationHandler (RetryInvocationHandler.java:log(411)) - com.google.protobuf.ServiceException: org.apache.hadoop.ipc.RemoteException(org.apache.hadoop.hdds.ratis.ServerNotLeaderException): Server:c5b8eab1-b612-476d-b44f-3a1e5cc4ac80 is not the leader. Could not determine the leader node.
	at org.apache.hadoop.hdds.ratis.ServerNotLeaderException.convertToNotLeaderException(ServerNotLeaderException.java:109)
	at org.apache.hadoop.hdds.scm.ha.RatisUtil.checkRatisException(RatisUtil.java:245)
	at org.apache.hadoop.hdds.scm.protocol.ScmBlockLocationProtocolServerSideTranslatorPB.send(ScmBlockLocationProtocolServerSideTranslatorPB.java:108)
	at org.apache.hadoop.hdds.protocol.proto.ScmBlockLocationProtocolProtos$ScmBlockLocationProtocolService$2.callBlockingMethod(ScmBlockLocationProtocolProtos.java:13937)
	at org.apache.hadoop.ipc.ProtobufRpcEngine$Server.processCall(ProtobufRpcEngine.java:466)
	at org.apache.hadoop.ipc.ProtobufRpcEngine2$Server$ProtoBufRpcInvoker.call(ProtobufRpcEngine2.java:574)
	at org.apache.hadoop.ipc.ProtobufRpcEngine2$Server$ProtoBufRpcInvoker.call(ProtobufRpcEngine2.java:552)
	at org.apache.hadoop.ipc.RPC$Server.call(RPC.java:1093)
	at org.apache.hadoop.ipc.Server$RpcCall.run(Server.java:1035)
	at org.apache.hadoop.ipc.Server$RpcCall.run(Server.java:963)
	at java.security.AccessController.doPrivileged(Native Method)
	at javax.security.auth.Subject.doAs(Subject.java:422)
	at org.apache.hadoop.security.UserGroupInformation.doAs(UserGroupInformation.java:1878)
	at org.apache.hadoop.ipc.Server$Handler.run(Server.java:2966)
, while invoking $Proxy44.send over nodeId=scmNodeId,nodeAddress=/0.0.0.0:33761 after 1 failover attempts. Trying to failover after sleeping for 2000ms.
2022-01-18 05:34:20,620 [Listener at 0.0.0.0/39273] INFO  retry.RetryInvocationHandler (RetryInvocationHandler.java:log(411)) - com.google.protobuf.ServiceException: org.apache.hadoop.ipc.RemoteException(org.apache.hadoop.hdds.ratis.ServerNotLeaderException): Server:c5b8eab1-b612-476d-b44f-3a1e5cc4ac80 is not the leader. Could not determine the leader node.
	at org.apache.hadoop.hdds.ratis.ServerNotLeaderException.convertToNotLeaderException(ServerNotLeaderException.java:109)
	at org.apache.hadoop.hdds.scm.ha.RatisUtil.checkRatisException(RatisUtil.java:245)
	at org.apache.hadoop.hdds.scm.protocol.ScmBlockLocationProtocolServerSideTranslatorPB.send(ScmBlockLocationProtocolServerSideTranslatorPB.java:108)
	at org.apache.hadoop.hdds.protocol.proto.ScmBlockLocationProtocolProtos$ScmBlockLocationProtocolService$2.callBlockingMethod(ScmBlockLocationProtocolProtos.java:13937)
	at org.apache.hadoop.ipc.ProtobufRpcEngine$Server.processCall(ProtobufRpcEngine.java:466)
	at org.apache.hadoop.ipc.ProtobufRpcEngine2$Server$ProtoBufRpcInvoker.call(ProtobufRpcEngine2.java:574)
	at org.apache.hadoop.ipc.ProtobufRpcEngine2$Server$ProtoBufRpcInvoker.call(ProtobufRpcEngine2.java:552)
	at org.apache.hadoop.ipc.RPC$Server.call(RPC.java:1093)
	at org.apache.hadoop.ipc.Server$RpcCall.run(Server.java:1035)
	at org.apache.hadoop.ipc.Server$RpcCall.run(Server.java:963)
	at java.security.AccessController.doPrivileged(Native Method)
	at javax.security.auth.Subject.doAs(Subject.java:422)
	at org.apache.hadoop.security.UserGroupInformation.doAs(UserGroupInformation.java:1878)
	at org.apache.hadoop.ipc.Server$Handler.run(Server.java:2966)
, while invoking $Proxy44.send over nodeId=scmNodeId,nodeAddress=/0.0.0.0:33761 after 2 failover attempts. Trying to failover after sleeping for 2000ms.
2022-01-18 05:34:21,500 [c5b8eab1-b612-476d-b44f-3a1e5cc4ac80@group-40B206C3D36E-FollowerState] INFO  impl.FollowerState (FollowerState.java:run(134)) - c5b8eab1-b612-476d-b44f-3a1e5cc4ac80@group-40B206C3D36E-FollowerState: change to CANDIDATE, lastRpcElapsedTime:5174911930ns, electionTimeout:5157ms
2022-01-18 05:34:21,501 [c5b8eab1-b612-476d-b44f-3a1e5cc4ac80@group-40B206C3D36E-FollowerState] INFO  impl.RoleInfo (RoleInfo.java:shutdownFollowerState(108)) - c5b8eab1-b612-476d-b44f-3a1e5cc4ac80: shutdown c5b8eab1-b612-476d-b44f-3a1e5cc4ac80@group-40B206C3D36E-FollowerState
2022-01-18 05:34:21,501 [c5b8eab1-b612-476d-b44f-3a1e5cc4ac80@group-40B206C3D36E-FollowerState] INFO  server.RaftServer$Division (RaftServerImpl.java:setRole(290)) - c5b8eab1-b612-476d-b44f-3a1e5cc4ac80@group-40B206C3D36E: changes role from  FOLLOWER to CANDIDATE at term 1 for changeToCandidate
2022-01-18 05:34:21,501 [c5b8eab1-b612-476d-b44f-3a1e5cc4ac80@group-40B206C3D36E-FollowerState] INFO  server.RaftServerConfigKeys (ConfUtils.java:logGet(44)) - raft.server.leaderelection.pre-vote = false (custom)
2022-01-18 05:34:21,501 [c5b8eab1-b612-476d-b44f-3a1e5cc4ac80@group-40B206C3D36E-FollowerState] INFO  impl.RoleInfo (RoleInfo.java:updateAndGet(130)) - c5b8eab1-b612-476d-b44f-3a1e5cc4ac80: start c5b8eab1-b612-476d-b44f-3a1e5cc4ac80@group-40B206C3D36E-LeaderElection13
2022-01-18 05:34:21,512 [c5b8eab1-b612-476d-b44f-3a1e5cc4ac80@group-40B206C3D36E-LeaderElection13] INFO  impl.LeaderElection (LeaderElection.java:askForVotes(306)) - c5b8eab1-b612-476d-b44f-3a1e5cc4ac80@group-40B206C3D36E-LeaderElection13 ELECTION round 0: submit vote requests at term 2 for 0: [c5b8eab1-b612-476d-b44f-3a1e5cc4ac80|rpc:fv-az294-84:9894|admin:|client:|dataStream:|priority:0], old=null
2022-01-18 05:34:21,512 [c5b8eab1-b612-476d-b44f-3a1e5cc4ac80@group-40B206C3D36E-LeaderElection13] INFO  impl.LeaderElection (LeaderElection.java:askForVotes(308)) - c5b8eab1-b612-476d-b44f-3a1e5cc4ac80@group-40B206C3D36E-LeaderElection13 ELECTION round 0: result PASSED (term=2)
2022-01-18 05:34:21,512 [c5b8eab1-b612-476d-b44f-3a1e5cc4ac80@group-40B206C3D36E-LeaderElection13] INFO  impl.RoleInfo (RoleInfo.java:shutdownLeaderElection(121)) - c5b8eab1-b612-476d-b44f-3a1e5cc4ac80: shutdown c5b8eab1-b612-476d-b44f-3a1e5cc4ac80@group-40B206C3D36E-LeaderElection13
2022-01-18 05:34:21,513 [c5b8eab1-b612-476d-b44f-3a1e5cc4ac80@group-40B206C3D36E-LeaderElection13] INFO  server.RaftServer$Division (RaftServerImpl.java:setRole(290)) - c5b8eab1-b612-476d-b44f-3a1e5cc4ac80@group-40B206C3D36E: changes role from CANDIDATE to LEADER at term 2 for changeToLeader
2022-01-18 05:34:21,513 [c5b8eab1-b612-476d-b44f-3a1e5cc4ac80@group-40B206C3D36E-LeaderElection13] INFO  ha.SCMStateMachine (SCMStateMachine.java:notifyLeaderChanged(259)) - current SCM becomes leader of term 2.
2022-01-18 05:34:21,513 [c5b8eab1-b612-476d-b44f-3a1e5cc4ac80@group-40B206C3D36E-LeaderElection13] INFO  ha.SCMContext (SCMContext.java:updateLeaderAndTerm(90)) - update <isLeader,term> from <false,0> to <true,2>
2022-01-18 05:34:21,513 [c5b8eab1-b612-476d-b44f-3a1e5cc4ac80@group-40B206C3D36E-LeaderElection13] INFO  server.RaftServer$Division (ServerState.java:setLeader(285)) - c5b8eab1-b612-476d-b44f-3a1e5cc4ac80@group-40B206C3D36E: change Leader from null to c5b8eab1-b612-476d-b44f-3a1e5cc4ac80 at term 2 for becomeLeader, leader elected after 5299ms
2022-01-18 05:34:21,513 [c5b8eab1-b612-476d-b44f-3a1e5cc4ac80@group-40B206C3D36E-LeaderElection13] INFO  server.RaftServerConfigKeys (ConfUtils.java:logGet(44)) - raft.server.staging.catchup.gap = 1000 (default)
2022-01-18 05:34:21,513 [c5b8eab1-b612-476d-b44f-3a1e5cc4ac80@group-40B206C3D36E-LeaderElection13] INFO  server.RaftServerConfigKeys (ConfUtils.java:logGet(44)) - raft.server.write.element-limit = 4096 (default)
2022-01-18 05:34:21,513 [c5b8eab1-b612-476d-b44f-3a1e5cc4ac80@group-40B206C3D36E-LeaderElection13] INFO  server.RaftServerConfigKeys (ConfUtils.java:logGet(44)) - raft.server.write.byte-limit = 64MB (=67108864) (default)
2022-01-18 05:34:21,514 [c5b8eab1-b612-476d-b44f-3a1e5cc4ac80@group-40B206C3D36E-LeaderElection13] INFO  server.RaftServerConfigKeys (ConfUtils.java:logGet(44)) - raft.server.watch.timeout = 10s (default)
2022-01-18 05:34:21,514 [c5b8eab1-b612-476d-b44f-3a1e5cc4ac80@group-40B206C3D36E-LeaderElection13] INFO  server.RaftServerConfigKeys (ConfUtils.java:logGet(44)) - raft.server.watch.timeout.denomination = 1s (default)
2022-01-18 05:34:21,514 [c5b8eab1-b612-476d-b44f-3a1e5cc4ac80@group-40B206C3D36E-LeaderElection13] INFO  server.RaftServerConfigKeys (ConfUtils.java:logGet(44)) - raft.server.watch.element-limit = 65536 (default)
2022-01-18 05:34:21,514 [c5b8eab1-b612-476d-b44f-3a1e5cc4ac80@group-40B206C3D36E-LeaderElection13] INFO  server.RaftServerConfigKeys (ConfUtils.java:logGet(44)) - raft.server.write.element-limit = 4096 (default)
2022-01-18 05:34:21,514 [c5b8eab1-b612-476d-b44f-3a1e5cc4ac80@group-40B206C3D36E-LeaderElection13] INFO  server.RaftServerConfigKeys (ConfUtils.java:logGet(44)) - raft.server.write.follower.gap.ratio.max = -1.0 (default)
2022-01-18 05:34:21,514 [c5b8eab1-b612-476d-b44f-3a1e5cc4ac80@group-40B206C3D36E-LeaderElection13] INFO  impl.RoleInfo (RoleInfo.java:updateAndGet(130)) - c5b8eab1-b612-476d-b44f-3a1e5cc4ac80: start c5b8eab1-b612-476d-b44f-3a1e5cc4ac80@group-40B206C3D36E-LeaderStateImpl
2022-01-18 05:34:21,514 [c5b8eab1-b612-476d-b44f-3a1e5cc4ac80@group-40B206C3D36E-LeaderElection13] INFO  segmented.SegmentedRaftLogWorker (SegmentedRaftLogWorker.java:rollLogSegment(399)) - c5b8eab1-b612-476d-b44f-3a1e5cc4ac80@group-40B206C3D36E-SegmentedRaftLogWorker: Rolling segment log-0_0 to index:0
2022-01-18 05:34:21,515 [c5b8eab1-b612-476d-b44f-3a1e5cc4ac80@group-40B206C3D36E-SegmentedRaftLogWorker] INFO  segmented.SegmentedRaftLogWorker (SegmentedRaftLogWorker.java:execute(558)) - c5b8eab1-b612-476d-b44f-3a1e5cc4ac80@group-40B206C3D36E-SegmentedRaftLogWorker: Rolled log segment from /home/runner/work/ozone/ozone/hadoop-ozone/integration-test/target/test-dir/MiniOzoneClusterImpl-cb7c1fcf-6298-49a9-b20a-40b206c3d36e/ozone-meta/scm-ha/cb7c1fcf-6298-49a9-b20a-40b206c3d36e/current/log_inprogress_0 to /home/runner/work/ozone/ozone/hadoop-ozone/integration-test/target/test-dir/MiniOzoneClusterImpl-cb7c1fcf-6298-49a9-b20a-40b206c3d36e/ozone-meta/scm-ha/cb7c1fcf-6298-49a9-b20a-40b206c3d36e/current/log_0-0
2022-01-18 05:34:21,522 [c5b8eab1-b612-476d-b44f-3a1e5cc4ac80@group-40B206C3D36E-LeaderElection13] INFO  server.RaftServer$Division (ServerState.java:setRaftConf(387)) - c5b8eab1-b612-476d-b44f-3a1e5cc4ac80@group-40B206C3D36E: set configuration 1: [c5b8eab1-b612-476d-b44f-3a1e5cc4ac80|rpc:fv-az294-84:9894|admin:|client:|dataStream:|priority:0], old=null
2022-01-18 05:34:21,526 [c5b8eab1-b612-476d-b44f-3a1e5cc4ac80@group-40B206C3D36E-SegmentedRaftLogWorker] INFO  segmented.SegmentedRaftLogWorker (SegmentedRaftLogWorker.java:execute(601)) - c5b8eab1-b612-476d-b44f-3a1e5cc4ac80@group-40B206C3D36E-SegmentedRaftLogWorker: created new log segment /home/runner/work/ozone/ozone/hadoop-ozone/integration-test/target/test-dir/MiniOzoneClusterImpl-cb7c1fcf-6298-49a9-b20a-40b206c3d36e/ozone-meta/scm-ha/cb7c1fcf-6298-49a9-b20a-40b206c3d36e/current/log_inprogress_1
2022-01-18 05:34:21,531 [c5b8eab1-b612-476d-b44f-3a1e5cc4ac80@group-40B206C3D36E-StateMachineUpdater] INFO  ha.SCMContext (SCMContext.java:setLeaderReady(117)) - update <isLeaderReady> from <false> to <true>
2022-01-18 05:34:21,532 [c5b8eab1-b612-476d-b44f-3a1e5cc4ac80@group-40B206C3D36E-StateMachineUpdater] INFO  pipeline.BackgroundPipelineCreator (BackgroundPipelineCreator.java:notifyStatusChanged(264)) - Service BackgroundPipelineCreator transitions to RUNNING.
2022-01-18 05:34:21,532 [c5b8eab1-b612-476d-b44f-3a1e5cc4ac80@group-40B206C3D36E-StateMachineUpdater] INFO  safemode.HealthyPipelineSafeModeRule (HealthyPipelineSafeModeRule.java:initializeRule(152)) - Refreshed total pipeline count is 0, healthy pipeline threshold count is 1
2022-01-18 05:34:21,532 [c5b8eab1-b612-476d-b44f-3a1e5cc4ac80@group-40B206C3D36E-StateMachineUpdater] INFO  safemode.ContainerSafeModeRule (ContainerSafeModeRule.java:reInitializeRule(177)) - Refreshed one replica container threshold 0, currentThreshold 0
2022-01-18 05:34:21,532 [c5b8eab1-b612-476d-b44f-3a1e5cc4ac80@group-40B206C3D36E-StateMachineUpdater] INFO  safemode.OneReplicaPipelineSafeModeRule (OneReplicaPipelineSafeModeRule.java:initializeRule(176)) - Refreshed Total pipeline count is 0, pipeline's with at least one datanode reported threshold count is 0
2022-01-18 05:34:21,532 [c5b8eab1-b612-476d-b44f-3a1e5cc4ac80@group-40B206C3D36E-StateMachineUpdater] INFO  server.SCMDatanodeProtocolServer (SCMDatanodeProtocolServer.java:start(181)) - ScmDatanodeProtocol RPC server for DataNodes is listening at /0.0.0.0:34205
2022-01-18 05:34:21,545 [IPC Server listener on 0] INFO  ipc.Server (Server.java:run(1344)) - IPC Server listener on 0: starting
2022-01-18 05:34:21,553 [IPC Server Responder] INFO  ipc.Server (Server.java:run(1507)) - IPC Server Responder: starting
2022-01-18 05:34:22,622 [Listener at 0.0.0.0/39273] WARN  server.ServerUtils (ServerUtils.java:getDBPath(225)) - ozone.om.db.dirs is not configured. We recommend adding this setting. Falling back to ozone.metadata.dirs instead.
2022-01-18 05:34:22,623 [Listener at 0.0.0.0/39273] INFO  codec.OmKeyInfoCodec (OmKeyInfoCodec.java:<init>(50)) - OmKeyInfoCodec ignorePipeline = true
2022-01-18 05:34:22,623 [Listener at 0.0.0.0/39273] INFO  codec.RepeatedOmKeyInfoCodec (RepeatedOmKeyInfoCodec.java:<init>(42)) - RepeatedOmKeyInfoCodec ignorePipeline = true
2022-01-18 05:34:22,761 [Listener at 0.0.0.0/39273] INFO  om.OzoneManager (OzoneManager.java:addS3GVolumeToDB(3728)) - Created Volume s3v With Owner runner required for S3Gateway operations.
2022-01-18 05:34:22,763 [Listener at 0.0.0.0/39273] WARN  server.ServerUtils (ServerUtils.java:getDefaultRatisDirectory(237)) - Storage directory for Ratis is not configured. It is a good idea to map this to an SSD disk. Falling back to ozone.metadata.dirs
2022-01-18 05:34:22,764 [Listener at 0.0.0.0/39273] WARN  utils.OzoneManagerRatisUtils (OzoneManagerRatisUtils.java:getOMRatisSnapshotDirectory(323)) - ozone.om.ratis.snapshot.dir is not configured. Falling back to ozone.metadata.dirs config
2022-01-18 05:34:22,764 [Listener at 0.0.0.0/39273] WARN  impl.MetricRegistriesImpl (MetricRegistriesImpl.java:addReporterRegistration(111)) - New reporters are added after registries were created. Some metrics will be missing from the reporter. Please add reporter before adding any new registry.
2022-01-18 05:34:22,764 [Listener at 0.0.0.0/39273] WARN  impl.MetricRegistriesImpl (MetricRegistriesImpl.java:addReporterRegistration(111)) - New reporters are added after registries were created. Some metrics will be missing from the reporter. Please add reporter before adding any new registry.
2022-01-18 05:34:22,764 [Listener at 0.0.0.0/39273] WARN  server.ServerUtils (ServerUtils.java:getDefaultRatisDirectory(237)) - Storage directory for Ratis is not configured. It is a good idea to map this to an SSD disk. Falling back to ozone.metadata.dirs
2022-01-18 05:34:22,765 [Listener at 0.0.0.0/39273] INFO  ratis.OzoneManagerRatisServer (OzoneManagerRatisServer.java:<init>(159)) - Instantiating OM Ratis server with groupID: omServiceIdDefault and peers: localhost:9872
2022-01-18 05:34:22,766 [Listener at 0.0.0.0/39273] INFO  ratis.OzoneManagerStateMachine (OzoneManagerStateMachine.java:loadSnapshotInfoFromDB(605)) - LastAppliedIndex is set from TransactionInfo from OM DB as (t:0, i:~)
2022-01-18 05:34:22,766 [Listener at 0.0.0.0/39273] INFO  server.RaftServer (ConfUtils.java:logGet(44)) - raft.rpc.type = GRPC (default)
2022-01-18 05:34:22,766 [Listener at 0.0.0.0/39273] INFO  grpc.GrpcFactory (GrpcFactory.java:checkPooledByteBufAllocatorUseCacheForAllThreads(48)) - PERFORMANCE WARNING: useCacheForAllThreads is true that may cause Netty to create a lot garbage objects and, as a result, trigger GC.
	It is recommended to disable useCacheForAllThreads by setting -Dorg.apache.ratis.thirdparty.io.netty.allocator.useCacheForAllThreads=false in command line.
2022-01-18 05:34:22,766 [Listener at 0.0.0.0/39273] INFO  grpc.GrpcConfigKeys (ConfUtils.java:logGet(44)) - raft.grpc.admin.port = -1 (default)
2022-01-18 05:34:22,766 [Listener at 0.0.0.0/39273] INFO  grpc.GrpcConfigKeys (ConfUtils.java:logGet(44)) - raft.grpc.server.port = 9872 (custom)
2022-01-18 05:34:22,766 [Listener at 0.0.0.0/39273] INFO  grpc.GrpcConfigKeys (ConfUtils.java:logGet(44)) - raft.grpc.client.port = -1 (default)
2022-01-18 05:34:22,766 [Listener at 0.0.0.0/39273] INFO  grpc.GrpcConfigKeys (ConfUtils.java:logGet(44)) - raft.grpc.server.port = 9872 (custom)
2022-01-18 05:34:22,766 [Listener at 0.0.0.0/39273] INFO  grpc.GrpcConfigKeys (ConfUtils.java:logGet(44)) - raft.grpc.server.port = 9872 (custom)
2022-01-18 05:34:22,766 [Listener at 0.0.0.0/39273] INFO  server.GrpcService (ConfUtils.java:logGet(44)) - raft.grpc.message.size.max = 33554432 (custom)
2022-01-18 05:34:22,767 [Listener at 0.0.0.0/39273] INFO  server.RaftServerConfigKeys (ConfUtils.java:logGet(44)) - raft.server.log.appender.buffer.byte-limit = 33554432 (custom)
2022-01-18 05:34:22,767 [Listener at 0.0.0.0/39273] INFO  server.GrpcService (ConfUtils.java:logGet(44)) - raft.grpc.flow.control.window = 1MB (=1048576) (default)
2022-01-18 05:34:22,767 [Listener at 0.0.0.0/39273] INFO  server.RaftServerConfigKeys (ConfUtils.java:logGet(44)) - raft.server.rpc.request.timeout = 3000ms (default)
2022-01-18 05:34:22,768 [Listener at 0.0.0.0/39273] INFO  impl.DataStreamServerImpl (ConfUtils.java:logGet(44)) - raft.datastream.type = DISABLED (default)
2022-01-18 05:34:22,768 [Listener at 0.0.0.0/39273] INFO  server.RaftServerConfigKeys (ConfUtils.java:logGet(44)) - raft.server.rpc.slowness.timeout = 120s (custom)
2022-01-18 05:34:22,768 [Listener at 0.0.0.0/39273] INFO  server.RaftServerConfigKeys (ConfUtils.java:logGet(44)) - raft.server.leaderelection.leader.step-down.wait-time = 10s (default)
2022-01-18 05:34:22,768 [Listener at 0.0.0.0/39273] INFO  server.RaftServerConfigKeys (ConfUtils.java:logGet(44)) - raft.server.storage.dir = [/home/runner/work/ozone/ozone/hadoop-ozone/integration-test/target/test-dir/MiniOzoneClusterImpl-cb7c1fcf-6298-49a9-b20a-40b206c3d36e/ozone-meta/ratis] (custom)
2022-01-18 05:34:22,769 [Listener at 0.0.0.0/39273] INFO  server.RaftServer (RaftServerProxy.java:addNew(95)) - om1: addNew group-C5BA1605619E:[om1|rpc:localhost:9872|priority:0] returns group-C5BA1605619E:java.util.concurrent.CompletableFuture@6e2e1d0b[Not completed]
2022-01-18 05:34:22,769 [Listener at 0.0.0.0/39273] INFO  om.OzoneManager (OzoneManager.java:initializeRatisServer(1834)) - OzoneManager Ratis server initialized at port 9872
2022-01-18 05:34:22,770 [Listener at 0.0.0.0/39273] INFO  ipc.CallQueueManager (CallQueueManager.java:<init>(90)) - Using callQueue: class java.util.concurrent.LinkedBlockingQueue, queueCapacity: 2000, scheduler: class org.apache.hadoop.ipc.DefaultRpcScheduler, ipcBackoff: false.
2022-01-18 05:34:22,780 [pool-227-thread-1] INFO  server.RaftServer$Division (RaftServerImpl.java:<init>(184)) - om1: new RaftServerImpl for group-C5BA1605619E:[om1|rpc:localhost:9872|priority:0] with OzoneManagerStateMachine:uninitialized
2022-01-18 05:34:22,786 [Socket Reader #1 for port 0] INFO  ipc.Server (Server.java:run(1265)) - Starting Socket Reader #1 for port 0
2022-01-18 05:34:22,803 [pool-227-thread-1] INFO  server.RaftServerConfigKeys (ConfUtils.java:logGet(44)) - raft.server.rpc.timeout.min = 1s (custom)
2022-01-18 05:34:22,803 [pool-227-thread-1] INFO  server.RaftServerConfigKeys (ConfUtils.java:logGet(44)) - raft.server.rpc.timeout.max = 1200ms (custom)
2022-01-18 05:34:22,803 [pool-227-thread-1] INFO  server.RaftServerConfigKeys (ConfUtils.java:logGet(44)) - raft.server.rpc.sleep.time = 25ms (default)
2022-01-18 05:34:22,804 [pool-227-thread-1] INFO  server.RaftServerConfigKeys (ConfUtils.java:logGet(44)) - raft.server.rpc.slowness.timeout = 120s (custom)
2022-01-18 05:34:22,804 [pool-227-thread-1] INFO  server.RaftServerConfigKeys (ConfUtils.java:logGet(44)) - raft.server.leaderelection.leader.step-down.wait-time = 10s (default)
2022-01-18 05:34:22,804 [pool-227-thread-1] INFO  server.RaftServerConfigKeys (ConfUtils.java:logGet(44)) - raft.server.sleep.deviation.threshold = 300ms (default)
2022-01-18 05:34:22,804 [pool-227-thread-1] INFO  server.RaftServerConfigKeys (ConfUtils.java:logGet(44)) - raft.server.log.appender.install.snapshot.enabled = false (custom)
2022-01-18 05:34:22,804 [pool-227-thread-1] INFO  server.RaftServer$Division (ServerState.java:<init>(105)) - om1@group-C5BA1605619E: ConfigurationManager, init=-1: [om1|rpc:localhost:9872|priority:0], old=null, confs=<EMPTY_MAP>
2022-01-18 05:34:22,804 [pool-227-thread-1] INFO  server.RaftServerConfigKeys (ConfUtils.java:logGet(44)) - raft.server.storage.dir = [/home/runner/work/ozone/ozone/hadoop-ozone/integration-test/target/test-dir/MiniOzoneClusterImpl-cb7c1fcf-6298-49a9-b20a-40b206c3d36e/ozone-meta/ratis] (custom)
2022-01-18 05:34:22,804 [pool-227-thread-1] INFO  server.RaftServerConfigKeys (ConfUtils.java:logGet(44)) - raft.server.log.corruption.policy = EXCEPTION (default)
2022-01-18 05:34:22,804 [pool-227-thread-1] INFO  server.RaftServerConfigKeys (ConfUtils.java:logGet(44)) - raft.server.storage.free-space.min = 0MB (=0) (default)
2022-01-18 05:34:22,804 [pool-227-thread-1] INFO  storage.RaftStorageDirectory (RaftStorageDirectoryImpl.java:analyzeStorage(135)) - The storage directory /home/runner/work/ozone/ozone/hadoop-ozone/integration-test/target/test-dir/MiniOzoneClusterImpl-cb7c1fcf-6298-49a9-b20a-40b206c3d36e/ozone-meta/ratis/bf265839-605b-3f16-9796-c5ba1605619e does not exist. Creating ...
2022-01-18 05:34:22,805 [pool-227-thread-1] INFO  storage.RaftStorageDirectory (RaftStorageDirectoryImpl.java:tryLock(230)) - Lock on /home/runner/work/ozone/ozone/hadoop-ozone/integration-test/target/test-dir/MiniOzoneClusterImpl-cb7c1fcf-6298-49a9-b20a-40b206c3d36e/ozone-meta/ratis/bf265839-605b-3f16-9796-c5ba1605619e/in_use.lock acquired by nodename 21336@fv-az294-84
2022-01-18 05:34:22,806 [pool-227-thread-1] INFO  storage.RaftStorage (RaftStorageImpl.java:format(89)) - Storage directory /home/runner/work/ozone/ozone/hadoop-ozone/integration-test/target/test-dir/MiniOzoneClusterImpl-cb7c1fcf-6298-49a9-b20a-40b206c3d36e/ozone-meta/ratis/bf265839-605b-3f16-9796-c5ba1605619e has been successfully formatted.
2022-01-18 05:34:22,807 [pool-227-thread-1] INFO  server.RaftServerConfigKeys (ConfUtils.java:logGet(44)) - raft.server.notification.no-leader.timeout = 120s (custom)
2022-01-18 05:34:22,807 [pool-227-thread-1] INFO  server.RaftServerConfigKeys (ConfUtils.java:logGet(44)) - raft.server.log.use.memory = false (default)
2022-01-18 05:34:22,807 [pool-227-thread-1] INFO  server.RaftServerConfigKeys (ConfUtils.java:logGet(44)) - raft.server.log.purge.gap = 1000000 (custom)
2022-01-18 05:34:22,807 [pool-227-thread-1] INFO  server.RaftServerConfigKeys (ConfUtils.java:logGet(44)) - raft.server.log.appender.buffer.byte-limit = 33554432 (custom)
2022-01-18 05:34:22,807 [pool-227-thread-1] INFO  server.RaftServerConfigKeys (ConfUtils.java:logGet(44)) - raft.server.log.segment.size.max = 4194304 (custom)
2022-01-18 05:34:22,807 [pool-227-thread-1] INFO  server.RaftServerConfigKeys (ConfUtils.java:logGet(44)) - raft.server.log.segment.cache.num.max = 2 (custom)
2022-01-18 05:34:22,807 [pool-227-thread-1] INFO  server.RaftServerConfigKeys (ConfUtils.java:logGet(44)) - raft.server.log.segment.cache.size.max = 200MB (=209715200) (default)
2022-01-18 05:34:22,807 [pool-227-thread-1] INFO  segmented.SegmentedRaftLogWorker (SegmentedRaftLogWorker.java:<init>(182)) - new om1@group-C5BA1605619E-SegmentedRaftLogWorker for RaftStorageImpl:Storage Directory /home/runner/work/ozone/ozone/hadoop-ozone/integration-test/target/test-dir/MiniOzoneClusterImpl-cb7c1fcf-6298-49a9-b20a-40b206c3d36e/ozone-meta/ratis/bf265839-605b-3f16-9796-c5ba1605619e
2022-01-18 05:34:22,807 [pool-227-thread-1] INFO  server.RaftServerConfigKeys (ConfUtils.java:logGet(44)) - raft.server.log.queue.byte-limit = 64MB (=67108864) (default)
2022-01-18 05:34:22,807 [pool-227-thread-1] INFO  server.RaftServerConfigKeys (ConfUtils.java:logGet(44)) - raft.server.log.queue.element-limit = 4096 (default)
2022-01-18 05:34:22,807 [pool-227-thread-1] INFO  server.RaftServerConfigKeys (ConfUtils.java:logGet(44)) - raft.server.log.segment.size.max = 4194304 (custom)
2022-01-18 05:34:22,808 [pool-227-thread-1] INFO  server.RaftServerConfigKeys (ConfUtils.java:logGet(44)) - raft.server.log.preallocated.size = 4194304 (custom)
2022-01-18 05:34:22,808 [pool-227-thread-1] INFO  server.RaftServerConfigKeys (ConfUtils.java:logGet(44)) - raft.server.log.force.sync.num = 128 (default)
2022-01-18 05:34:22,808 [pool-227-thread-1] INFO  server.RaftServerConfigKeys (ConfUtils.java:logGet(44)) - raft.server.log.statemachine.data.sync = true (default)
2022-01-18 05:34:22,808 [pool-227-thread-1] INFO  server.RaftServerConfigKeys (ConfUtils.java:logGet(44)) - raft.server.log.statemachine.data.sync.timeout = 10s (default)
2022-01-18 05:34:22,808 [pool-227-thread-1] INFO  server.RaftServerConfigKeys (ConfUtils.java:logGet(44)) - raft.server.log.statemachine.data.sync.timeout.retry = -1 (default)
2022-01-18 05:34:22,808 [pool-227-thread-1] INFO  server.RaftServerConfigKeys (ConfUtils.java:logGet(44)) - raft.server.log.write.buffer.size = 64KB (=65536) (default)
2022-01-18 05:34:22,808 [pool-227-thread-1] INFO  server.RaftServerConfigKeys (ConfUtils.java:logGet(44)) - raft.server.log.statemachine.data.caching.enabled = false (default)
2022-01-18 05:34:22,808 [pool-227-thread-1] INFO  segmented.SegmentedRaftLogWorker (SegmentedRaftLogWorker.java:lambda$new$0(133)) - om1@group-C5BA1605619E-SegmentedRaftLogWorker: flushIndex: setUnconditionally 0 -> -1
2022-01-18 05:34:22,809 [pool-227-thread-1] INFO  segmented.SegmentedRaftLogWorker (SegmentedRaftLogWorker.java:lambda$new$0(133)) - om1@group-C5BA1605619E-SegmentedRaftLogWorker: safeCacheEvictIndex: setUnconditionally 0 -> -1
2022-01-18 05:34:22,817 [pool-227-thread-1] INFO  server.RaftServerConfigKeys (ConfUtils.java:logGet(44)) - raft.server.snapshot.auto.trigger.enabled = true (custom)
2022-01-18 05:34:22,817 [pool-227-thread-1] INFO  server.RaftServerConfigKeys (ConfUtils.java:logGet(44)) - raft.server.snapshot.auto.trigger.threshold = 400000 (default)
2022-01-18 05:34:22,817 [pool-227-thread-1] INFO  server.RaftServerConfigKeys (ConfUtils.java:logGet(44)) - raft.server.snapshot.retention.file.num = -1 (default)
2022-01-18 05:34:22,817 [pool-227-thread-1] INFO  server.RaftServerConfigKeys (ConfUtils.java:logGet(44)) - raft.server.log.purge.upto.snapshot.index = true (custom)
2022-01-18 05:34:22,817 [pool-227-thread-1] INFO  server.RaftServerConfigKeys (ConfUtils.java:logGet(44)) - raft.server.retrycache.expirytime = 300s (custom)
2022-01-18 05:34:22,817 [pool-227-thread-1] INFO  server.RaftServerConfigKeys (ConfUtils.java:logGet(44)) - raft.server.retrycache.statistics.expirytime = 100μs (default)
2022-01-18 05:34:22,832 [Listener at 127.0.0.1/37357] INFO  impl.MetricsSystemImpl (MetricsSystemImpl.java:init(158)) - OzoneManager metrics system started (again)
2022-01-18 05:34:22,860 [Listener at 127.0.0.1/37357] INFO  om.OzoneManager (OzoneManager.java:start(1365)) - OzoneManager RPC server is listening at localhost/127.0.0.1:37357
2022-01-18 05:34:22,861 [Listener at 127.0.0.1/37357] INFO  ratis.OzoneManagerRatisServer (OzoneManagerRatisServer.java:start(554)) - Starting OzoneManagerRatisServer om1 at port 9872
2022-01-18 05:34:22,861 [Listener at 127.0.0.1/37357] INFO  server.RaftServer$Division (RaftServerImpl.java:start(301)) - om1@group-C5BA1605619E: start as a follower, conf=-1: [om1|rpc:localhost:9872|priority:0], old=null
2022-01-18 05:34:22,861 [Listener at 127.0.0.1/37357] INFO  server.RaftServer$Division (RaftServerImpl.java:setRole(290)) - om1@group-C5BA1605619E: changes role from      null to FOLLOWER at term 0 for startAsFollower
2022-01-18 05:34:22,861 [Listener at 127.0.0.1/37357] INFO  impl.RoleInfo (RoleInfo.java:updateAndGet(130)) - om1: start om1@group-C5BA1605619E-FollowerState
2022-01-18 05:34:22,862 [Listener at 127.0.0.1/37357] INFO  util.JmxRegister (JmxRegister.java:tryRegister(44)) - Successfully registered JMX Bean with object name Ratis:service=RaftServer,group=group-C5BA1605619E,id=om1
2022-01-18 05:34:22,863 [Listener at 127.0.0.1/37357] INFO  server.RaftServer (RaftServerProxy.java:lambda$start$5(374)) - om1: start RPC server
2022-01-18 05:34:22,863 [Listener at 127.0.0.1/37357] INFO  server.GrpcService (GrpcService.java:startImpl(253)) - om1: GrpcService started, listening on 9872
2022-01-18 05:34:22,865 [Listener at 127.0.0.1/37357] INFO  om.OzoneManager (OzoneManager.java:start(1381)) - Version File has different layout version (0) than OM DB (null). That is expected if this OM has never been finalized to a newer layout version.
2022-01-18 05:34:22,865 [org.apache.ratis.util.JvmPauseMonitor$$Lambda$431/448381667@562371bf] INFO  util.JvmPauseMonitor (JvmPauseMonitor.java:run(103)) - JvmPauseMonitor-om1: Started
2022-01-18 05:34:22,871 [Listener at 127.0.0.1/37357] INFO  http.BaseHttpServer (BaseHttpServer.java:newHttpServer2BuilderForOzone(209)) - Starting Web-server for ozoneManager at: http://0.0.0.0:0
2022-01-18 05:34:22,871 [Listener at 127.0.0.1/37357] INFO  http.BaseHttpServer (BaseHttpServer.java:<init>(107)) - Hadoop Security Enabled: false Ozone Security Enabled: false Ozone HTTP Security Enabled: false 
2022-01-18 05:34:22,872 [Listener at 127.0.0.1/37357] INFO  server.AuthenticationFilter (AuthenticationFilter.java:constructSecretProvider(240)) - Unable to initialize FileSignerSecretProvider, falling back to use random secrets.
2022-01-18 05:34:22,873 [Listener at 127.0.0.1/37357] WARN  http.HttpRequestLog (HttpRequestLog.java:getRequestLog(103)) - Jetty request log can only be enabled using Log4j
2022-01-18 05:34:22,874 [Listener at 127.0.0.1/37357] INFO  http.HttpServer2 (HttpServer2.java:addGlobalFilter(1030)) - Added global filter 'safety' (class=org.apache.hadoop.hdds.server.http.HttpServer2$QuotingInputFilter)
2022-01-18 05:34:22,875 [Listener at 127.0.0.1/37357] INFO  http.HttpServer2 (HttpServer2.java:addFilter(1006)) - Added filter static_user_filter (class=org.apache.hadoop.http.lib.StaticUserWebFilter$StaticUserFilter) to context ozoneManager
2022-01-18 05:34:22,875 [Listener at 127.0.0.1/37357] INFO  http.HttpServer2 (HttpServer2.java:addFilter(1014)) - Added filter static_user_filter (class=org.apache.hadoop.http.lib.StaticUserWebFilter$StaticUserFilter) to context logs
2022-01-18 05:34:22,875 [Listener at 127.0.0.1/37357] INFO  http.HttpServer2 (HttpServer2.java:addFilter(1014)) - Added filter static_user_filter (class=org.apache.hadoop.http.lib.StaticUserWebFilter$StaticUserFilter) to context static
2022-01-18 05:34:22,875 [Listener at 127.0.0.1/37357] INFO  http.HttpServer2 (HttpServer2.java:bindListener(1249)) - Jetty bound to port 43025
2022-01-18 05:34:22,875 [Listener at 127.0.0.1/37357] INFO  server.Server (Server.java:doStart(375)) - jetty-9.4.43.v20210629; built: 2021-06-30T11:07:22.254Z; git: 526006ecfa3af7f1a27ef3a288e2bef7ea9dd7e8; jvm 1.8.0_292-b10
2022-01-18 05:34:22,878 [Listener at 127.0.0.1/37357] INFO  server.session (DefaultSessionIdManager.java:doStart(334)) - DefaultSessionIdManager workerName=node0
2022-01-18 05:34:22,878 [Listener at 127.0.0.1/37357] INFO  server.session (DefaultSessionIdManager.java:doStart(339)) - No SessionScavenger set, using defaults
2022-01-18 05:34:22,878 [Listener at 127.0.0.1/37357] INFO  server.session (HouseKeeper.java:startScavenging(132)) - node0 Scavenging every 660000ms
2022-01-18 05:34:22,887 [Listener at 127.0.0.1/37357] INFO  handler.ContextHandler (ContextHandler.java:doStart(915)) - Started o.e.j.s.ServletContextHandler@48501911{logs,/logs,file:///home/runner/work/ozone/ozone/hadoop-ozone/integration-test/target/log,AVAILABLE}
2022-01-18 05:34:22,887 [Listener at 127.0.0.1/37357] INFO  handler.ContextHandler (ContextHandler.java:doStart(915)) - Started o.e.j.s.ServletContextHandler@2da374da{static,/static,file:///home/runner/work/ozone/ozone/hadoop-ozone/integration-test/target/test-classes/webapps/static,AVAILABLE}
2022-01-18 05:34:22,890 [Listener at 127.0.0.1/37357] INFO  handler.ContextHandler (ContextHandler.java:doStart(915)) - Started o.e.j.w.WebAppContext@21d79056{ozoneManager,/,file:///home/runner/work/ozone/ozone/hadoop-ozone/integration-test/target/test-classes/webapps/ozoneManager/,AVAILABLE}{file:/home/runner/work/ozone/ozone/hadoop-ozone/integration-test/target/test-classes/webapps/ozoneManager}
2022-01-18 05:34:22,892 [Listener at 127.0.0.1/37357] INFO  server.AbstractConnector (AbstractConnector.java:doStart(331)) - Started ServerConnector@5927318b{HTTP/1.1, (http/1.1)}{0.0.0.0:43025}
2022-01-18 05:34:22,892 [Listener at 127.0.0.1/37357] INFO  server.Server (Server.java:doStart(415)) - Started @95322ms
2022-01-18 05:34:22,892 [Listener at 127.0.0.1/37357] WARN  impl.MetricsSystemImpl (MetricsSystemImpl.java:register(279)) - Sink prometheus already exists!
2022-01-18 05:34:22,892 [Listener at 127.0.0.1/37357] INFO  http.BaseHttpServer (BaseHttpServer.java:updateConnectorAddress(329)) - HTTP server of ozoneManager listening at http://0.0.0.0:43025
2022-01-18 05:34:22,895 [IPC Server Responder] INFO  ipc.Server (Server.java:run(1507)) - IPC Server Responder: starting
2022-01-18 05:34:22,895 [IPC Server listener on 0] INFO  ipc.Server (Server.java:run(1344)) - IPC Server listener on 0: starting
2022-01-18 05:34:22,907 [Listener at 127.0.0.1/37357] INFO  om.OzoneManager (OzoneManager.java:startTrashEmptier(1792)) - Trash Interval set to 0. Files deleted will not move to trash
2022-01-18 05:34:22,929 [org.apache.hadoop.util.JvmPauseMonitor$Monitor@5a7ae880] INFO  util.JvmPauseMonitor (JvmPauseMonitor.java:run(188)) - Starting JVM pause monitor
2022-01-18 05:34:22,933 [Listener at 127.0.0.1/37357] WARN  impl.MetricRegistriesImpl (MetricRegistriesImpl.java:addReporterRegistration(111)) - New reporters are added after registries were created. Some metrics will be missing from the reporter. Please add reporter before adding any new registry.
2022-01-18 05:34:22,937 [Listener at 127.0.0.1/37357] WARN  impl.MetricRegistriesImpl (MetricRegistriesImpl.java:addReporterRegistration(111)) - New reporters are added after registries were created. Some metrics will be missing from the reporter. Please add reporter before adding any new registry.
2022-01-18 05:34:22,937 [Listener at 127.0.0.1/37357] INFO  impl.MetricsSystemImpl (MetricsSystemImpl.java:init(158)) - HddsDatanode metrics system started (again)
2022-01-18 05:34:22,972 [Listener at 127.0.0.1/37357] INFO  ozone.HddsDatanodeService (HddsDatanodeService.java:start(234)) - HddsDatanodeService host:fv-az294-84.eaanfquahm5ulb5tj050gcxych.jx.internal.cloudapp.net ip:10.1.0.16
2022-01-18 05:34:23,004 [Listener at 127.0.0.1/37357] INFO  upgrade.AbstractLayoutVersionManager (AbstractLayoutVersionManager.java:init(79)) - Initializing Layout version manager with metadata layout = SCM_HA (version = 2), software layout = SCM_HA (version = 2)
2022-01-18 05:34:23,080 [Listener at 127.0.0.1/37357] INFO  reflections.Reflections (Reflections.java:scan(232)) - Reflections took 73 ms to scan 7 urls, producing 119 keys and 279 values 
2022-01-18 05:34:23,085 [Listener at 127.0.0.1/37357] INFO  statemachine.DatanodeStateMachine (DatanodeStateMachine.java:getEndPointTaskThreadPoolSize(222)) - Datanode State Machine Task Thread Pool size 2
2022-01-18 05:34:23,089 [Listener at 127.0.0.1/37357] INFO  volume.HddsVolume (HddsVolume.java:<init>(120)) - Creating HddsVolume: /home/runner/work/ozone/ozone/hadoop-ozone/integration-test/target/test-dir/MiniOzoneClusterImpl-cb7c1fcf-6298-49a9-b20a-40b206c3d36e/datanode-0/data-0/containers/hdds of storage type : DISK capacity : 9223372036854775807
2022-01-18 05:34:23,089 [Listener at 127.0.0.1/37357] INFO  volume.MutableVolumeSet (MutableVolumeSet.java:initializeVolumeSet(168)) - Added Volume : /home/runner/work/ozone/ozone/hadoop-ozone/integration-test/target/test-dir/MiniOzoneClusterImpl-cb7c1fcf-6298-49a9-b20a-40b206c3d36e/datanode-0/data-0/containers/hdds to VolumeSet
2022-01-18 05:34:23,089 [Listener at 127.0.0.1/37357] INFO  volume.ThrottledAsyncChecker (ThrottledAsyncChecker.java:schedule(141)) - Scheduling a check for /home/runner/work/ozone/ozone/hadoop-ozone/integration-test/target/test-dir/MiniOzoneClusterImpl-cb7c1fcf-6298-49a9-b20a-40b206c3d36e/datanode-0/data-0/containers/hdds
2022-01-18 05:34:23,094 [Listener at 127.0.0.1/37357] INFO  volume.StorageVolumeChecker (StorageVolumeChecker.java:checkAllVolumes(202)) - Scheduled health check for volume /home/runner/work/ozone/ozone/hadoop-ozone/integration-test/target/test-dir/MiniOzoneClusterImpl-cb7c1fcf-6298-49a9-b20a-40b206c3d36e/datanode-0/data-0/containers/hdds
2022-01-18 05:34:23,108 [Listener at 127.0.0.1/37357] INFO  volume.MutableVolumeSet (MutableVolumeSet.java:initializeVolumeSet(168)) - Added Volume : /home/runner/work/ozone/ozone/hadoop-ozone/integration-test/target/test-dir/MiniOzoneClusterImpl-cb7c1fcf-6298-49a9-b20a-40b206c3d36e/datanode-0/data/ratis to VolumeSet
2022-01-18 05:34:23,108 [Listener at 127.0.0.1/37357] INFO  volume.ThrottledAsyncChecker (ThrottledAsyncChecker.java:schedule(141)) - Scheduling a check for /home/runner/work/ozone/ozone/hadoop-ozone/integration-test/target/test-dir/MiniOzoneClusterImpl-cb7c1fcf-6298-49a9-b20a-40b206c3d36e/datanode-0/data/ratis
2022-01-18 05:34:23,108 [Listener at 127.0.0.1/37357] INFO  volume.StorageVolumeChecker (StorageVolumeChecker.java:checkAllVolumes(202)) - Scheduled health check for volume /home/runner/work/ozone/ozone/hadoop-ozone/integration-test/target/test-dir/MiniOzoneClusterImpl-cb7c1fcf-6298-49a9-b20a-40b206c3d36e/datanode-0/data/ratis
2022-01-18 05:34:23,123 [Thread-538] INFO  ozoneimpl.ContainerReader (ContainerReader.java:readVolume(172)) - Finish verifying containers on volume /home/runner/work/ozone/ozone/hadoop-ozone/integration-test/target/test-dir/MiniOzoneClusterImpl-cb7c1fcf-6298-49a9-b20a-40b206c3d36e/datanode-0/data-0/containers/hdds
2022-01-18 05:34:23,123 [Listener at 127.0.0.1/37357] INFO  ozoneimpl.OzoneContainer (OzoneContainer.java:buildContainerSet(237)) - Build ContainerSet costs 0s
2022-01-18 05:34:23,133 [Listener at 127.0.0.1/37357] INFO  server.RaftServer (ConfUtils.java:logGet(44)) - raft.rpc.type = GRPC (default)
2022-01-18 05:34:23,133 [Listener at 127.0.0.1/37357] INFO  grpc.GrpcFactory (GrpcFactory.java:checkPooledByteBufAllocatorUseCacheForAllThreads(48)) - PERFORMANCE WARNING: useCacheForAllThreads is true that may cause Netty to create a lot garbage objects and, as a result, trigger GC.
	It is recommended to disable useCacheForAllThreads by setting -Dorg.apache.ratis.thirdparty.io.netty.allocator.useCacheForAllThreads=false in command line.
2022-01-18 05:34:23,133 [Listener at 127.0.0.1/37357] INFO  grpc.GrpcConfigKeys (ConfUtils.java:logGet(44)) - raft.grpc.admin.port = 0 (custom)
2022-01-18 05:34:23,133 [Listener at 127.0.0.1/37357] INFO  grpc.GrpcConfigKeys (ConfUtils.java:logGet(44)) - raft.grpc.client.port = 0 (custom)
2022-01-18 05:34:23,133 [Listener at 127.0.0.1/37357] INFO  grpc.GrpcConfigKeys (ConfUtils.java:logGet(44)) - raft.grpc.server.port = 0 (default)
2022-01-18 05:34:23,133 [Listener at 127.0.0.1/37357] INFO  server.GrpcService (ConfUtils.java:logGet(44)) - raft.grpc.message.size.max = 32MB (=33554432) (custom)
2022-01-18 05:34:23,133 [Listener at 127.0.0.1/37357] INFO  server.RaftServerConfigKeys (ConfUtils.java:logGet(44)) - raft.server.log.appender.buffer.byte-limit = 33554432 (custom)
2022-01-18 05:34:23,134 [Listener at 127.0.0.1/37357] INFO  server.GrpcService (ConfUtils.java:logGet(44)) - raft.grpc.flow.control.window = 5MB (=5242880) (custom)
2022-01-18 05:34:23,134 [Listener at 127.0.0.1/37357] INFO  server.RaftServerConfigKeys (ConfUtils.java:logGet(44)) - raft.server.rpc.request.timeout = 60s (custom)
2022-01-18 05:34:23,135 [Listener at 127.0.0.1/37357] INFO  impl.DataStreamServerImpl (ConfUtils.java:logGet(44)) - raft.datastream.type = DISABLED (default)
2022-01-18 05:34:23,135 [Listener at 127.0.0.1/37357] INFO  server.RaftServerConfigKeys (ConfUtils.java:logGet(44)) - raft.server.rpc.slowness.timeout = 300s (custom)
2022-01-18 05:34:23,135 [Listener at 127.0.0.1/37357] INFO  server.RaftServerConfigKeys (ConfUtils.java:logGet(44)) - raft.server.leaderelection.leader.step-down.wait-time = 10s (default)
2022-01-18 05:34:23,135 [Listener at 127.0.0.1/37357] INFO  server.RaftServerConfigKeys (ConfUtils.java:logGet(44)) - raft.server.storage.dir = [/home/runner/work/ozone/ozone/hadoop-ozone/integration-test/target/test-dir/MiniOzoneClusterImpl-cb7c1fcf-6298-49a9-b20a-40b206c3d36e/datanode-0/data/ratis] (custom)
2022-01-18 05:34:23,136 [Listener at 127.0.0.1/37357] INFO  server.XceiverServerGrpc (XceiverServerGrpc.java:<init>(132)) - GrpcServer channel type EpollServerSocketChannel
2022-01-18 05:34:23,143 [Listener at 127.0.0.1/37357] INFO  http.BaseHttpServer (BaseHttpServer.java:newHttpServer2BuilderForOzone(209)) - Starting Web-server for hddsDatanode at: http://0.0.0.0:0
2022-01-18 05:34:23,143 [Listener at 127.0.0.1/37357] INFO  http.BaseHttpServer (BaseHttpServer.java:<init>(107)) - Hadoop Security Enabled: false Ozone Security Enabled: false Ozone HTTP Security Enabled: false 
2022-01-18 05:34:23,144 [Listener at 127.0.0.1/37357] INFO  server.AuthenticationFilter (AuthenticationFilter.java:constructSecretProvider(240)) - Unable to initialize FileSignerSecretProvider, falling back to use random secrets.
2022-01-18 05:34:23,145 [Listener at 127.0.0.1/37357] WARN  http.HttpRequestLog (HttpRequestLog.java:getRequestLog(103)) - Jetty request log can only be enabled using Log4j
2022-01-18 05:34:23,146 [Listener at 127.0.0.1/37357] INFO  http.HttpServer2 (HttpServer2.java:addGlobalFilter(1030)) - Added global filter 'safety' (class=org.apache.hadoop.hdds.server.http.HttpServer2$QuotingInputFilter)
2022-01-18 05:34:23,148 [Listener at 127.0.0.1/37357] INFO  http.HttpServer2 (HttpServer2.java:addFilter(1006)) - Added filter static_user_filter (class=org.apache.hadoop.http.lib.StaticUserWebFilter$StaticUserFilter) to context hddsDatanode
2022-01-18 05:34:23,149 [Listener at 127.0.0.1/37357] INFO  http.HttpServer2 (HttpServer2.java:addFilter(1014)) - Added filter static_user_filter (class=org.apache.hadoop.http.lib.StaticUserWebFilter$StaticUserFilter) to context logs
2022-01-18 05:34:23,149 [Listener at 127.0.0.1/37357] INFO  http.HttpServer2 (HttpServer2.java:addFilter(1014)) - Added filter static_user_filter (class=org.apache.hadoop.http.lib.StaticUserWebFilter$StaticUserFilter) to context static
2022-01-18 05:34:23,152 [Listener at 127.0.0.1/37357] INFO  http.HttpServer2 (HttpServer2.java:bindListener(1249)) - Jetty bound to port 41537
2022-01-18 05:34:23,152 [Listener at 127.0.0.1/37357] INFO  server.Server (Server.java:doStart(375)) - jetty-9.4.43.v20210629; built: 2021-06-30T11:07:22.254Z; git: 526006ecfa3af7f1a27ef3a288e2bef7ea9dd7e8; jvm 1.8.0_292-b10
2022-01-18 05:34:23,164 [Listener at 127.0.0.1/37357] INFO  server.session (DefaultSessionIdManager.java:doStart(334)) - DefaultSessionIdManager workerName=node0
2022-01-18 05:34:23,165 [Listener at 127.0.0.1/37357] INFO  server.session (DefaultSessionIdManager.java:doStart(339)) - No SessionScavenger set, using defaults
2022-01-18 05:34:23,165 [Listener at 127.0.0.1/37357] INFO  server.session (HouseKeeper.java:startScavenging(132)) - node0 Scavenging every 600000ms
2022-01-18 05:34:23,166 [Listener at 127.0.0.1/37357] INFO  handler.ContextHandler (ContextHandler.java:doStart(915)) - Started o.e.j.s.ServletContextHandler@3cbf0f47{logs,/logs,file:///home/runner/work/ozone/ozone/hadoop-ozone/integration-test/target/log,AVAILABLE}
2022-01-18 05:34:23,166 [Listener at 127.0.0.1/37357] INFO  handler.ContextHandler (ContextHandler.java:doStart(915)) - Started o.e.j.s.ServletContextHandler@5ac779a9{static,/static,jar:file:/home/runner/.m2/repository/org/apache/ozone/hdds-container-service/1.3.0-SNAPSHOT/hdds-container-service-1.3.0-SNAPSHOT.jar!/webapps/static,AVAILABLE}
2022-01-18 05:34:23,250 [Listener at 127.0.0.1/37357] INFO  handler.ContextHandler (ContextHandler.java:doStart(915)) - Started o.e.j.w.WebAppContext@70cc929c{hddsDatanode,/,file:///tmp/jetty-0_0_0_0-41537-hdds-container-service-1_3_0-SNAPSHOT_jar-_-any-5028292569893514047/webapp/,AVAILABLE}{jar:file:/home/runner/.m2/repository/org/apache/ozone/hdds-container-service/1.3.0-SNAPSHOT/hdds-container-service-1.3.0-SNAPSHOT.jar!/webapps/hddsDatanode}
2022-01-18 05:34:23,255 [Listener at 127.0.0.1/37357] INFO  server.AbstractConnector (AbstractConnector.java:doStart(331)) - Started ServerConnector@26877751{HTTP/1.1, (http/1.1)}{0.0.0.0:41537}
2022-01-18 05:34:23,256 [Listener at 127.0.0.1/37357] INFO  server.Server (Server.java:doStart(415)) - Started @95685ms
2022-01-18 05:34:23,256 [Listener at 127.0.0.1/37357] WARN  impl.MetricsSystemImpl (MetricsSystemImpl.java:register(279)) - Sink prometheus already exists!
2022-01-18 05:34:23,257 [Listener at 127.0.0.1/37357] INFO  http.BaseHttpServer (BaseHttpServer.java:updateConnectorAddress(329)) - HTTP server of hddsDatanode listening at http://0.0.0.0:41537
2022-01-18 05:34:23,257 [Listener at 127.0.0.1/37357] WARN  impl.MetricRegistriesImpl (MetricRegistriesImpl.java:addReporterRegistration(111)) - New reporters are added after registries were created. Some metrics will be missing from the reporter. Please add reporter before adding any new registry.
2022-01-18 05:34:23,257 [Listener at 127.0.0.1/37357] WARN  impl.MetricRegistriesImpl (MetricRegistriesImpl.java:addReporterRegistration(111)) - New reporters are added after registries were created. Some metrics will be missing from the reporter. Please add reporter before adding any new registry.
2022-01-18 05:34:23,258 [Listener at 127.0.0.1/37357] INFO  impl.MetricsSystemImpl (MetricsSystemImpl.java:init(158)) - HddsDatanode metrics system started (again)
2022-01-18 05:34:23,264 [Datanode State Machine Daemon Thread] INFO  statemachine.DatanodeStateMachine (DatanodeStateMachine.java:lambda$startDaemon$0(470)) - Ozone container server started.
2022-01-18 05:34:23,281 [Listener at 127.0.0.1/37357] INFO  ozone.HddsDatanodeService (HddsDatanodeService.java:start(234)) - HddsDatanodeService host:fv-az294-84.eaanfquahm5ulb5tj050gcxych.jx.internal.cloudapp.net ip:10.1.0.16
2022-01-18 05:34:23,320 [org.apache.hadoop.util.JvmPauseMonitor$Monitor@60b67f00] INFO  util.JvmPauseMonitor (JvmPauseMonitor.java:run(188)) - Starting JVM pause monitor
2022-01-18 05:34:23,332 [Listener at 127.0.0.1/37357] INFO  upgrade.AbstractLayoutVersionManager (AbstractLayoutVersionManager.java:init(79)) - Initializing Layout version manager with metadata layout = SCM_HA (version = 2), software layout = SCM_HA (version = 2)
2022-01-18 05:34:23,355 [Datanode State Machine Task Thread - 0] INFO  datanode.InitDatanodeState (InitDatanodeState.java:persistContainerDatanodeDetails(145)) - DatanodeDetails is persisted to /home/runner/work/ozone/ozone/hadoop-ozone/integration-test/target/test-dir/MiniOzoneClusterImpl-cb7c1fcf-6298-49a9-b20a-40b206c3d36e/datanode-0/meta/datanode.id
2022-01-18 05:34:23,408 [Listener at 127.0.0.1/37357] INFO  reflections.Reflections (Reflections.java:scan(232)) - Reflections took 74 ms to scan 7 urls, producing 119 keys and 279 values 
2022-01-18 05:34:23,417 [Listener at 127.0.0.1/37357] INFO  statemachine.DatanodeStateMachine (DatanodeStateMachine.java:getEndPointTaskThreadPoolSize(222)) - Datanode State Machine Task Thread Pool size 2
2022-01-18 05:34:23,426 [Listener at 127.0.0.1/37357] INFO  volume.HddsVolume (HddsVolume.java:<init>(120)) - Creating HddsVolume: /home/runner/work/ozone/ozone/hadoop-ozone/integration-test/target/test-dir/MiniOzoneClusterImpl-cb7c1fcf-6298-49a9-b20a-40b206c3d36e/datanode-1/data-0/containers/hdds of storage type : DISK capacity : 9223372036854775807
2022-01-18 05:34:23,426 [Listener at 127.0.0.1/37357] INFO  volume.MutableVolumeSet (MutableVolumeSet.java:initializeVolumeSet(168)) - Added Volume : /home/runner/work/ozone/ozone/hadoop-ozone/integration-test/target/test-dir/MiniOzoneClusterImpl-cb7c1fcf-6298-49a9-b20a-40b206c3d36e/datanode-1/data-0/containers/hdds to VolumeSet
2022-01-18 05:34:23,426 [Listener at 127.0.0.1/37357] INFO  volume.ThrottledAsyncChecker (ThrottledAsyncChecker.java:schedule(141)) - Scheduling a check for /home/runner/work/ozone/ozone/hadoop-ozone/integration-test/target/test-dir/MiniOzoneClusterImpl-cb7c1fcf-6298-49a9-b20a-40b206c3d36e/datanode-1/data-0/containers/hdds
2022-01-18 05:34:23,435 [Listener at 127.0.0.1/37357] INFO  volume.StorageVolumeChecker (StorageVolumeChecker.java:checkAllVolumes(202)) - Scheduled health check for volume /home/runner/work/ozone/ozone/hadoop-ozone/integration-test/target/test-dir/MiniOzoneClusterImpl-cb7c1fcf-6298-49a9-b20a-40b206c3d36e/datanode-1/data-0/containers/hdds
2022-01-18 05:34:23,454 [Listener at 127.0.0.1/37357] INFO  volume.MutableVolumeSet (MutableVolumeSet.java:initializeVolumeSet(168)) - Added Volume : /home/runner/work/ozone/ozone/hadoop-ozone/integration-test/target/test-dir/MiniOzoneClusterImpl-cb7c1fcf-6298-49a9-b20a-40b206c3d36e/datanode-1/data/ratis to VolumeSet
2022-01-18 05:34:23,455 [Listener at 127.0.0.1/37357] INFO  volume.ThrottledAsyncChecker (ThrottledAsyncChecker.java:schedule(141)) - Scheduling a check for /home/runner/work/ozone/ozone/hadoop-ozone/integration-test/target/test-dir/MiniOzoneClusterImpl-cb7c1fcf-6298-49a9-b20a-40b206c3d36e/datanode-1/data/ratis
2022-01-18 05:34:23,455 [Listener at 127.0.0.1/37357] INFO  volume.StorageVolumeChecker (StorageVolumeChecker.java:checkAllVolumes(202)) - Scheduled health check for volume /home/runner/work/ozone/ozone/hadoop-ozone/integration-test/target/test-dir/MiniOzoneClusterImpl-cb7c1fcf-6298-49a9-b20a-40b206c3d36e/datanode-1/data/ratis
2022-01-18 05:34:23,491 [Thread-550] INFO  ozoneimpl.ContainerReader (ContainerReader.java:readVolume(172)) - Finish verifying containers on volume /home/runner/work/ozone/ozone/hadoop-ozone/integration-test/target/test-dir/MiniOzoneClusterImpl-cb7c1fcf-6298-49a9-b20a-40b206c3d36e/datanode-1/data-0/containers/hdds
2022-01-18 05:34:23,491 [Listener at 127.0.0.1/37357] INFO  ozoneimpl.OzoneContainer (OzoneContainer.java:buildContainerSet(237)) - Build ContainerSet costs 0s
2022-01-18 05:34:23,494 [Listener at 127.0.0.1/37357] INFO  server.RaftServer (ConfUtils.java:logGet(44)) - raft.rpc.type = GRPC (default)
2022-01-18 05:34:23,494 [Listener at 127.0.0.1/37357] INFO  grpc.GrpcFactory (GrpcFactory.java:checkPooledByteBufAllocatorUseCacheForAllThreads(48)) - PERFORMANCE WARNING: useCacheForAllThreads is true that may cause Netty to create a lot garbage objects and, as a result, trigger GC.
	It is recommended to disable useCacheForAllThreads by setting -Dorg.apache.ratis.thirdparty.io.netty.allocator.useCacheForAllThreads=false in command line.
2022-01-18 05:34:23,494 [Listener at 127.0.0.1/37357] INFO  grpc.GrpcConfigKeys (ConfUtils.java:logGet(44)) - raft.grpc.admin.port = 0 (custom)
2022-01-18 05:34:23,494 [Listener at 127.0.0.1/37357] INFO  grpc.GrpcConfigKeys (ConfUtils.java:logGet(44)) - raft.grpc.client.port = 0 (custom)
2022-01-18 05:34:23,495 [Listener at 127.0.0.1/37357] INFO  grpc.GrpcConfigKeys (ConfUtils.java:logGet(44)) - raft.grpc.server.port = 0 (default)
2022-01-18 05:34:23,495 [Listener at 127.0.0.1/37357] INFO  server.GrpcService (ConfUtils.java:logGet(44)) - raft.grpc.message.size.max = 32MB (=33554432) (custom)
2022-01-18 05:34:23,495 [Listener at 127.0.0.1/37357] INFO  server.RaftServerConfigKeys (ConfUtils.java:logGet(44)) - raft.server.log.appender.buffer.byte-limit = 33554432 (custom)
2022-01-18 05:34:23,495 [Listener at 127.0.0.1/37357] INFO  server.GrpcService (ConfUtils.java:logGet(44)) - raft.grpc.flow.control.window = 5MB (=5242880) (custom)
2022-01-18 05:34:23,495 [Listener at 127.0.0.1/37357] INFO  server.RaftServerConfigKeys (ConfUtils.java:logGet(44)) - raft.server.rpc.request.timeout = 60s (custom)
2022-01-18 05:34:23,496 [Listener at 127.0.0.1/37357] INFO  impl.DataStreamServerImpl (ConfUtils.java:logGet(44)) - raft.datastream.type = DISABLED (default)
2022-01-18 05:34:23,497 [Listener at 127.0.0.1/37357] INFO  server.RaftServerConfigKeys (ConfUtils.java:logGet(44)) - raft.server.rpc.slowness.timeout = 300s (custom)
2022-01-18 05:34:23,497 [Listener at 127.0.0.1/37357] INFO  server.RaftServerConfigKeys (ConfUtils.java:logGet(44)) - raft.server.leaderelection.leader.step-down.wait-time = 10s (default)
2022-01-18 05:34:23,497 [Listener at 127.0.0.1/37357] INFO  server.RaftServerConfigKeys (ConfUtils.java:logGet(44)) - raft.server.storage.dir = [/home/runner/work/ozone/ozone/hadoop-ozone/integration-test/target/test-dir/MiniOzoneClusterImpl-cb7c1fcf-6298-49a9-b20a-40b206c3d36e/datanode-1/data/ratis] (custom)
2022-01-18 05:34:23,498 [Listener at 127.0.0.1/37357] INFO  server.XceiverServerGrpc (XceiverServerGrpc.java:<init>(132)) - GrpcServer channel type EpollServerSocketChannel
2022-01-18 05:34:23,509 [Listener at 127.0.0.1/37357] INFO  http.BaseHttpServer (BaseHttpServer.java:newHttpServer2BuilderForOzone(209)) - Starting Web-server for hddsDatanode at: http://0.0.0.0:0
2022-01-18 05:34:23,509 [Listener at 127.0.0.1/37357] INFO  http.BaseHttpServer (BaseHttpServer.java:<init>(107)) - Hadoop Security Enabled: false Ozone Security Enabled: false Ozone HTTP Security Enabled: false 
2022-01-18 05:34:23,510 [Listener at 127.0.0.1/37357] INFO  server.AuthenticationFilter (AuthenticationFilter.java:constructSecretProvider(240)) - Unable to initialize FileSignerSecretProvider, falling back to use random secrets.
2022-01-18 05:34:23,514 [Listener at 127.0.0.1/37357] WARN  http.HttpRequestLog (HttpRequestLog.java:getRequestLog(103)) - Jetty request log can only be enabled using Log4j
2022-01-18 05:34:23,515 [Listener at 127.0.0.1/37357] INFO  http.HttpServer2 (HttpServer2.java:addGlobalFilter(1030)) - Added global filter 'safety' (class=org.apache.hadoop.hdds.server.http.HttpServer2$QuotingInputFilter)
2022-01-18 05:34:23,515 [Listener at 127.0.0.1/37357] INFO  http.HttpServer2 (HttpServer2.java:addFilter(1006)) - Added filter static_user_filter (class=org.apache.hadoop.http.lib.StaticUserWebFilter$StaticUserFilter) to context hddsDatanode
2022-01-18 05:34:23,515 [Listener at 127.0.0.1/37357] INFO  http.HttpServer2 (HttpServer2.java:addFilter(1014)) - Added filter static_user_filter (class=org.apache.hadoop.http.lib.StaticUserWebFilter$StaticUserFilter) to context logs
2022-01-18 05:34:23,516 [Listener at 127.0.0.1/37357] INFO  http.HttpServer2 (HttpServer2.java:addFilter(1014)) - Added filter static_user_filter (class=org.apache.hadoop.http.lib.StaticUserWebFilter$StaticUserFilter) to context static
2022-01-18 05:34:23,516 [Listener at 127.0.0.1/37357] INFO  http.HttpServer2 (HttpServer2.java:bindListener(1249)) - Jetty bound to port 36759
2022-01-18 05:34:23,516 [Listener at 127.0.0.1/37357] INFO  server.Server (Server.java:doStart(375)) - jetty-9.4.43.v20210629; built: 2021-06-30T11:07:22.254Z; git: 526006ecfa3af7f1a27ef3a288e2bef7ea9dd7e8; jvm 1.8.0_292-b10
2022-01-18 05:34:23,567 [Listener at 127.0.0.1/37357] INFO  server.session (DefaultSessionIdManager.java:doStart(334)) - DefaultSessionIdManager workerName=node0
2022-01-18 05:34:23,567 [Listener at 127.0.0.1/37357] INFO  server.session (DefaultSessionIdManager.java:doStart(339)) - No SessionScavenger set, using defaults
2022-01-18 05:34:23,567 [Listener at 127.0.0.1/37357] INFO  server.session (HouseKeeper.java:startScavenging(132)) - node0 Scavenging every 600000ms
2022-01-18 05:34:23,568 [Listener at 127.0.0.1/37357] INFO  handler.ContextHandler (ContextHandler.java:doStart(915)) - Started o.e.j.s.ServletContextHandler@179b8b79{logs,/logs,file:///home/runner/work/ozone/ozone/hadoop-ozone/integration-test/target/log,AVAILABLE}
2022-01-18 05:34:23,568 [Listener at 127.0.0.1/37357] INFO  handler.ContextHandler (ContextHandler.java:doStart(915)) - Started o.e.j.s.ServletContextHandler@775a7ca7{static,/static,jar:file:/home/runner/.m2/repository/org/apache/ozone/hdds-container-service/1.3.0-SNAPSHOT/hdds-container-service-1.3.0-SNAPSHOT.jar!/webapps/static,AVAILABLE}
2022-01-18 05:34:23,629 [Listener at 127.0.0.1/37357] INFO  handler.ContextHandler (ContextHandler.java:doStart(915)) - Started o.e.j.w.WebAppContext@419c310e{hddsDatanode,/,file:///tmp/jetty-0_0_0_0-36759-hdds-container-service-1_3_0-SNAPSHOT_jar-_-any-3332221049071516252/webapp/,AVAILABLE}{jar:file:/home/runner/.m2/repository/org/apache/ozone/hdds-container-service/1.3.0-SNAPSHOT/hdds-container-service-1.3.0-SNAPSHOT.jar!/webapps/hddsDatanode}
2022-01-18 05:34:23,634 [Listener at 127.0.0.1/37357] INFO  server.AbstractConnector (AbstractConnector.java:doStart(331)) - Started ServerConnector@25741270{HTTP/1.1, (http/1.1)}{0.0.0.0:36759}
2022-01-18 05:34:23,634 [Listener at 127.0.0.1/37357] INFO  server.Server (Server.java:doStart(415)) - Started @96064ms
2022-01-18 05:34:23,634 [Listener at 127.0.0.1/37357] WARN  impl.MetricsSystemImpl (MetricsSystemImpl.java:register(279)) - Sink prometheus already exists!
2022-01-18 05:34:23,635 [Listener at 127.0.0.1/37357] INFO  http.BaseHttpServer (BaseHttpServer.java:updateConnectorAddress(329)) - HTTP server of hddsDatanode listening at http://0.0.0.0:36759
2022-01-18 05:34:23,661 [Listener at 127.0.0.1/37357] WARN  impl.MetricRegistriesImpl (MetricRegistriesImpl.java:addReporterRegistration(111)) - New reporters are added after registries were created. Some metrics will be missing from the reporter. Please add reporter before adding any new registry.
2022-01-18 05:34:23,661 [Listener at 127.0.0.1/37357] WARN  impl.MetricRegistriesImpl (MetricRegistriesImpl.java:addReporterRegistration(111)) - New reporters are added after registries were created. Some metrics will be missing from the reporter. Please add reporter before adding any new registry.
2022-01-18 05:34:23,661 [Listener at 127.0.0.1/37357] INFO  impl.MetricsSystemImpl (MetricsSystemImpl.java:init(158)) - HddsDatanode metrics system started (again)
2022-01-18 05:34:23,664 [Datanode State Machine Daemon Thread] INFO  statemachine.DatanodeStateMachine (DatanodeStateMachine.java:lambda$startDaemon$0(470)) - Ozone container server started.
2022-01-18 05:34:23,681 [org.apache.hadoop.util.JvmPauseMonitor$Monitor@6279ab4a] INFO  util.JvmPauseMonitor (JvmPauseMonitor.java:run(188)) - Starting JVM pause monitor
2022-01-18 05:34:23,708 [Datanode State Machine Task Thread - 0] INFO  datanode.InitDatanodeState (InitDatanodeState.java:persistContainerDatanodeDetails(145)) - DatanodeDetails is persisted to /home/runner/work/ozone/ozone/hadoop-ozone/integration-test/target/test-dir/MiniOzoneClusterImpl-cb7c1fcf-6298-49a9-b20a-40b206c3d36e/datanode-1/meta/datanode.id
2022-01-18 05:34:23,712 [Listener at 127.0.0.1/37357] INFO  ozone.HddsDatanodeService (HddsDatanodeService.java:start(234)) - HddsDatanodeService host:fv-az294-84.eaanfquahm5ulb5tj050gcxych.jx.internal.cloudapp.net ip:10.1.0.16
2022-01-18 05:34:23,767 [Listener at 127.0.0.1/37357] INFO  upgrade.AbstractLayoutVersionManager (AbstractLayoutVersionManager.java:init(79)) - Initializing Layout version manager with metadata layout = SCM_HA (version = 2), software layout = SCM_HA (version = 2)
2022-01-18 05:34:23,864 [Listener at 127.0.0.1/37357] INFO  reflections.Reflections (Reflections.java:scan(232)) - Reflections took 95 ms to scan 7 urls, producing 119 keys and 279 values 
2022-01-18 05:34:23,867 [Listener at 127.0.0.1/37357] INFO  statemachine.DatanodeStateMachine (DatanodeStateMachine.java:getEndPointTaskThreadPoolSize(222)) - Datanode State Machine Task Thread Pool size 2
2022-01-18 05:34:23,880 [Listener at 127.0.0.1/37357] INFO  volume.HddsVolume (HddsVolume.java:<init>(120)) - Creating HddsVolume: /home/runner/work/ozone/ozone/hadoop-ozone/integration-test/target/test-dir/MiniOzoneClusterImpl-cb7c1fcf-6298-49a9-b20a-40b206c3d36e/datanode-2/data-0/containers/hdds of storage type : DISK capacity : 9223372036854775807
2022-01-18 05:34:23,880 [Listener at 127.0.0.1/37357] INFO  volume.MutableVolumeSet (MutableVolumeSet.java:initializeVolumeSet(168)) - Added Volume : /home/runner/work/ozone/ozone/hadoop-ozone/integration-test/target/test-dir/MiniOzoneClusterImpl-cb7c1fcf-6298-49a9-b20a-40b206c3d36e/datanode-2/data-0/containers/hdds to VolumeSet
2022-01-18 05:34:23,880 [Listener at 127.0.0.1/37357] INFO  volume.ThrottledAsyncChecker (ThrottledAsyncChecker.java:schedule(141)) - Scheduling a check for /home/runner/work/ozone/ozone/hadoop-ozone/integration-test/target/test-dir/MiniOzoneClusterImpl-cb7c1fcf-6298-49a9-b20a-40b206c3d36e/datanode-2/data-0/containers/hdds
2022-01-18 05:34:23,894 [Listener at 127.0.0.1/37357] INFO  volume.StorageVolumeChecker (StorageVolumeChecker.java:checkAllVolumes(202)) - Scheduled health check for volume /home/runner/work/ozone/ozone/hadoop-ozone/integration-test/target/test-dir/MiniOzoneClusterImpl-cb7c1fcf-6298-49a9-b20a-40b206c3d36e/datanode-2/data-0/containers/hdds
2022-01-18 05:34:23,924 [Listener at 127.0.0.1/37357] INFO  volume.MutableVolumeSet (MutableVolumeSet.java:initializeVolumeSet(168)) - Added Volume : /home/runner/work/ozone/ozone/hadoop-ozone/integration-test/target/test-dir/MiniOzoneClusterImpl-cb7c1fcf-6298-49a9-b20a-40b206c3d36e/datanode-2/data/ratis to VolumeSet
2022-01-18 05:34:23,933 [Listener at 127.0.0.1/37357] INFO  volume.ThrottledAsyncChecker (ThrottledAsyncChecker.java:schedule(141)) - Scheduling a check for /home/runner/work/ozone/ozone/hadoop-ozone/integration-test/target/test-dir/MiniOzoneClusterImpl-cb7c1fcf-6298-49a9-b20a-40b206c3d36e/datanode-2/data/ratis
2022-01-18 05:34:23,934 [Listener at 127.0.0.1/37357] INFO  volume.StorageVolumeChecker (StorageVolumeChecker.java:checkAllVolumes(202)) - Scheduled health check for volume /home/runner/work/ozone/ozone/hadoop-ozone/integration-test/target/test-dir/MiniOzoneClusterImpl-cb7c1fcf-6298-49a9-b20a-40b206c3d36e/datanode-2/data/ratis
2022-01-18 05:34:23,953 [Thread-562] INFO  ozoneimpl.ContainerReader (ContainerReader.java:readVolume(172)) - Finish verifying containers on volume /home/runner/work/ozone/ozone/hadoop-ozone/integration-test/target/test-dir/MiniOzoneClusterImpl-cb7c1fcf-6298-49a9-b20a-40b206c3d36e/datanode-2/data-0/containers/hdds
2022-01-18 05:34:23,953 [Listener at 127.0.0.1/37357] INFO  ozoneimpl.OzoneContainer (OzoneContainer.java:buildContainerSet(237)) - Build ContainerSet costs 0s
2022-01-18 05:34:23,959 [Listener at 127.0.0.1/37357] INFO  server.RaftServer (ConfUtils.java:logGet(44)) - raft.rpc.type = GRPC (default)
2022-01-18 05:34:23,959 [Listener at 127.0.0.1/37357] INFO  grpc.GrpcFactory (GrpcFactory.java:checkPooledByteBufAllocatorUseCacheForAllThreads(48)) - PERFORMANCE WARNING: useCacheForAllThreads is true that may cause Netty to create a lot garbage objects and, as a result, trigger GC.
	It is recommended to disable useCacheForAllThreads by setting -Dorg.apache.ratis.thirdparty.io.netty.allocator.useCacheForAllThreads=false in command line.
2022-01-18 05:34:23,959 [Listener at 127.0.0.1/37357] INFO  grpc.GrpcConfigKeys (ConfUtils.java:logGet(44)) - raft.grpc.admin.port = 0 (custom)
2022-01-18 05:34:23,959 [Listener at 127.0.0.1/37357] INFO  grpc.GrpcConfigKeys (ConfUtils.java:logGet(44)) - raft.grpc.client.port = 0 (custom)
2022-01-18 05:34:23,959 [Listener at 127.0.0.1/37357] INFO  grpc.GrpcConfigKeys (ConfUtils.java:logGet(44)) - raft.grpc.server.port = 0 (default)
2022-01-18 05:34:23,959 [Listener at 127.0.0.1/37357] INFO  server.GrpcService (ConfUtils.java:logGet(44)) - raft.grpc.message.size.max = 32MB (=33554432) (custom)
2022-01-18 05:34:23,959 [Listener at 127.0.0.1/37357] INFO  server.RaftServerConfigKeys (ConfUtils.java:logGet(44)) - raft.server.log.appender.buffer.byte-limit = 33554432 (custom)
2022-01-18 05:34:23,959 [Listener at 127.0.0.1/37357] INFO  server.GrpcService (ConfUtils.java:logGet(44)) - raft.grpc.flow.control.window = 5MB (=5242880) (custom)
2022-01-18 05:34:23,960 [Listener at 127.0.0.1/37357] INFO  server.RaftServerConfigKeys (ConfUtils.java:logGet(44)) - raft.server.rpc.request.timeout = 60s (custom)
2022-01-18 05:34:23,961 [Listener at 127.0.0.1/37357] INFO  impl.DataStreamServerImpl (ConfUtils.java:logGet(44)) - raft.datastream.type = DISABLED (default)
2022-01-18 05:34:23,961 [Listener at 127.0.0.1/37357] INFO  server.RaftServerConfigKeys (ConfUtils.java:logGet(44)) - raft.server.rpc.slowness.timeout = 300s (custom)
2022-01-18 05:34:23,967 [om1@group-C5BA1605619E-FollowerState] INFO  impl.FollowerState (FollowerState.java:run(134)) - om1@group-C5BA1605619E-FollowerState: change to CANDIDATE, lastRpcElapsedTime:1105732690ns, electionTimeout:1097ms
2022-01-18 05:34:23,967 [om1@group-C5BA1605619E-FollowerState] INFO  impl.RoleInfo (RoleInfo.java:shutdownFollowerState(108)) - om1: shutdown om1@group-C5BA1605619E-FollowerState
2022-01-18 05:34:23,967 [om1@group-C5BA1605619E-FollowerState] INFO  server.RaftServer$Division (RaftServerImpl.java:setRole(290)) - om1@group-C5BA1605619E: changes role from  FOLLOWER to CANDIDATE at term 0 for changeToCandidate
2022-01-18 05:34:23,968 [om1@group-C5BA1605619E-FollowerState] INFO  server.RaftServerConfigKeys (ConfUtils.java:logGet(44)) - raft.server.leaderelection.pre-vote = false (custom)
2022-01-18 05:34:23,968 [om1@group-C5BA1605619E-FollowerState] INFO  impl.RoleInfo (RoleInfo.java:updateAndGet(130)) - om1: start om1@group-C5BA1605619E-LeaderElection14
2022-01-18 05:34:23,968 [Listener at 127.0.0.1/37357] INFO  server.RaftServerConfigKeys (ConfUtils.java:logGet(44)) - raft.server.leaderelection.leader.step-down.wait-time = 10s (default)
2022-01-18 05:34:23,968 [Listener at 127.0.0.1/37357] INFO  server.RaftServerConfigKeys (ConfUtils.java:logGet(44)) - raft.server.storage.dir = [/home/runner/work/ozone/ozone/hadoop-ozone/integration-test/target/test-dir/MiniOzoneClusterImpl-cb7c1fcf-6298-49a9-b20a-40b206c3d36e/datanode-2/data/ratis] (custom)
2022-01-18 05:34:23,969 [Listener at 127.0.0.1/37357] INFO  server.XceiverServerGrpc (XceiverServerGrpc.java:<init>(132)) - GrpcServer channel type EpollServerSocketChannel
2022-01-18 05:34:23,984 [om1@group-C5BA1605619E-LeaderElection14] INFO  impl.LeaderElection (LeaderElection.java:askForVotes(306)) - om1@group-C5BA1605619E-LeaderElection14 ELECTION round 0: submit vote requests at term 1 for -1: [om1|rpc:localhost:9872|priority:0], old=null
2022-01-18 05:34:23,984 [om1@group-C5BA1605619E-LeaderElection14] INFO  impl.LeaderElection (LeaderElection.java:askForVotes(308)) - om1@group-C5BA1605619E-LeaderElection14 ELECTION round 0: result PASSED (term=1)
2022-01-18 05:34:23,984 [om1@group-C5BA1605619E-LeaderElection14] INFO  impl.RoleInfo (RoleInfo.java:shutdownLeaderElection(121)) - om1: shutdown om1@group-C5BA1605619E-LeaderElection14
2022-01-18 05:34:23,984 [om1@group-C5BA1605619E-LeaderElection14] INFO  server.RaftServer$Division (RaftServerImpl.java:setRole(290)) - om1@group-C5BA1605619E: changes role from CANDIDATE to LEADER at term 1 for changeToLeader
2022-01-18 05:34:23,984 [om1@group-C5BA1605619E-LeaderElection14] INFO  server.RaftServer$Division (ServerState.java:setLeader(285)) - om1@group-C5BA1605619E: change Leader from null to om1 at term 1 for becomeLeader, leader elected after 1177ms
2022-01-18 05:34:23,985 [om1@group-C5BA1605619E-LeaderElection14] INFO  server.RaftServerConfigKeys (ConfUtils.java:logGet(44)) - raft.server.staging.catchup.gap = 1000 (default)
2022-01-18 05:34:23,985 [om1@group-C5BA1605619E-LeaderElection14] INFO  server.RaftServerConfigKeys (ConfUtils.java:logGet(44)) - raft.server.write.element-limit = 4096 (default)
2022-01-18 05:34:23,985 [om1@group-C5BA1605619E-LeaderElection14] INFO  server.RaftServerConfigKeys (ConfUtils.java:logGet(44)) - raft.server.write.byte-limit = 64MB (=67108864) (default)
2022-01-18 05:34:23,985 [om1@group-C5BA1605619E-LeaderElection14] INFO  server.RaftServerConfigKeys (ConfUtils.java:logGet(44)) - raft.server.watch.timeout = 10s (default)
2022-01-18 05:34:23,985 [om1@group-C5BA1605619E-LeaderElection14] INFO  server.RaftServerConfigKeys (ConfUtils.java:logGet(44)) - raft.server.watch.timeout.denomination = 1s (default)
2022-01-18 05:34:23,985 [om1@group-C5BA1605619E-LeaderElection14] INFO  server.RaftServerConfigKeys (ConfUtils.java:logGet(44)) - raft.server.watch.element-limit = 65536 (default)
2022-01-18 05:34:23,985 [om1@group-C5BA1605619E-LeaderElection14] INFO  server.RaftServerConfigKeys (ConfUtils.java:logGet(44)) - raft.server.write.element-limit = 4096 (default)
2022-01-18 05:34:23,985 [om1@group-C5BA1605619E-LeaderElection14] INFO  server.RaftServerConfigKeys (ConfUtils.java:logGet(44)) - raft.server.write.follower.gap.ratio.max = -1.0 (default)
2022-01-18 05:34:23,985 [om1@group-C5BA1605619E-LeaderElection14] INFO  impl.RoleInfo (RoleInfo.java:updateAndGet(130)) - om1: start om1@group-C5BA1605619E-LeaderStateImpl
2022-01-18 05:34:23,986 [om1@group-C5BA1605619E-LeaderElection14] INFO  segmented.SegmentedRaftLogWorker (SegmentedRaftLogWorker.java:startLogSegment(394)) - om1@group-C5BA1605619E-SegmentedRaftLogWorker: Starting segment from index:0
2022-01-18 05:34:23,992 [Listener at 127.0.0.1/37357] INFO  http.BaseHttpServer (BaseHttpServer.java:newHttpServer2BuilderForOzone(209)) - Starting Web-server for hddsDatanode at: http://0.0.0.0:0
2022-01-18 05:34:23,992 [Listener at 127.0.0.1/37357] INFO  http.BaseHttpServer (BaseHttpServer.java:<init>(107)) - Hadoop Security Enabled: false Ozone Security Enabled: false Ozone HTTP Security Enabled: false 
2022-01-18 05:34:23,993 [Listener at 127.0.0.1/37357] INFO  server.AuthenticationFilter (AuthenticationFilter.java:constructSecretProvider(240)) - Unable to initialize FileSignerSecretProvider, falling back to use random secrets.
2022-01-18 05:34:23,997 [om1@group-C5BA1605619E-LeaderElection14] INFO  server.RaftServer$Division (ServerState.java:setRaftConf(387)) - om1@group-C5BA1605619E: set configuration 0: [om1|rpc:localhost:9872|admin:|client:|dataStream:|priority:0], old=null
2022-01-18 05:34:23,998 [om1@group-C5BA1605619E-SegmentedRaftLogWorker] INFO  segmented.SegmentedRaftLogWorker (SegmentedRaftLogWorker.java:execute(601)) - om1@group-C5BA1605619E-SegmentedRaftLogWorker: created new log segment /home/runner/work/ozone/ozone/hadoop-ozone/integration-test/target/test-dir/MiniOzoneClusterImpl-cb7c1fcf-6298-49a9-b20a-40b206c3d36e/ozone-meta/ratis/bf265839-605b-3f16-9796-c5ba1605619e/current/log_inprogress_0
2022-01-18 05:34:24,013 [Listener at 127.0.0.1/37357] WARN  http.HttpRequestLog (HttpRequestLog.java:getRequestLog(103)) - Jetty request log can only be enabled using Log4j
2022-01-18 05:34:24,014 [Listener at 127.0.0.1/37357] INFO  http.HttpServer2 (HttpServer2.java:addGlobalFilter(1030)) - Added global filter 'safety' (class=org.apache.hadoop.hdds.server.http.HttpServer2$QuotingInputFilter)
2022-01-18 05:34:24,015 [Listener at 127.0.0.1/37357] INFO  http.HttpServer2 (HttpServer2.java:addFilter(1006)) - Added filter static_user_filter (class=org.apache.hadoop.http.lib.StaticUserWebFilter$StaticUserFilter) to context hddsDatanode
2022-01-18 05:34:24,015 [Listener at 127.0.0.1/37357] INFO  http.HttpServer2 (HttpServer2.java:addFilter(1014)) - Added filter static_user_filter (class=org.apache.hadoop.http.lib.StaticUserWebFilter$StaticUserFilter) to context logs
2022-01-18 05:34:24,015 [Listener at 127.0.0.1/37357] INFO  http.HttpServer2 (HttpServer2.java:addFilter(1014)) - Added filter static_user_filter (class=org.apache.hadoop.http.lib.StaticUserWebFilter$StaticUserFilter) to context static
2022-01-18 05:34:24,015 [Listener at 127.0.0.1/37357] INFO  http.HttpServer2 (HttpServer2.java:bindListener(1249)) - Jetty bound to port 38519
2022-01-18 05:34:24,015 [Listener at 127.0.0.1/37357] INFO  server.Server (Server.java:doStart(375)) - jetty-9.4.43.v20210629; built: 2021-06-30T11:07:22.254Z; git: 526006ecfa3af7f1a27ef3a288e2bef7ea9dd7e8; jvm 1.8.0_292-b10
2022-01-18 05:34:24,073 [Listener at 127.0.0.1/37357] INFO  server.session (DefaultSessionIdManager.java:doStart(334)) - DefaultSessionIdManager workerName=node0
2022-01-18 05:34:24,073 [Listener at 127.0.0.1/37357] INFO  server.session (DefaultSessionIdManager.java:doStart(339)) - No SessionScavenger set, using defaults
2022-01-18 05:34:24,074 [Listener at 127.0.0.1/37357] INFO  server.session (HouseKeeper.java:startScavenging(132)) - node0 Scavenging every 660000ms
2022-01-18 05:34:24,094 [Listener at 127.0.0.1/37357] INFO  handler.ContextHandler (ContextHandler.java:doStart(915)) - Started o.e.j.s.ServletContextHandler@b4ab68a{logs,/logs,file:///home/runner/work/ozone/ozone/hadoop-ozone/integration-test/target/log,AVAILABLE}
2022-01-18 05:34:24,094 [Listener at 127.0.0.1/37357] INFO  handler.ContextHandler (ContextHandler.java:doStart(915)) - Started o.e.j.s.ServletContextHandler@3a8302f6{static,/static,jar:file:/home/runner/.m2/repository/org/apache/ozone/hdds-container-service/1.3.0-SNAPSHOT/hdds-container-service-1.3.0-SNAPSHOT.jar!/webapps/static,AVAILABLE}
2022-01-18 05:34:24,111 [om1@group-C5BA1605619E-StateMachineUpdater] INFO  ratis.OzoneManagerStateMachine (OzoneManagerStateMachine.java:notifyConfigurationChanged(188)) - Received Configuration change notification from Ratis. New Peer list:
[id: "om1"
address: "localhost:9872"
]
2022-01-18 05:34:24,185 [Listener at 127.0.0.1/37357] INFO  handler.ContextHandler (ContextHandler.java:doStart(915)) - Started o.e.j.w.WebAppContext@6a8910fe{hddsDatanode,/,file:///tmp/jetty-0_0_0_0-38519-hdds-container-service-1_3_0-SNAPSHOT_jar-_-any-6704492210214787063/webapp/,AVAILABLE}{jar:file:/home/runner/.m2/repository/org/apache/ozone/hdds-container-service/1.3.0-SNAPSHOT/hdds-container-service-1.3.0-SNAPSHOT.jar!/webapps/hddsDatanode}
2022-01-18 05:34:24,193 [Listener at 127.0.0.1/37357] INFO  server.AbstractConnector (AbstractConnector.java:doStart(331)) - Started ServerConnector@5a76d8bf{HTTP/1.1, (http/1.1)}{0.0.0.0:38519}
2022-01-18 05:34:24,193 [Listener at 127.0.0.1/37357] INFO  server.Server (Server.java:doStart(415)) - Started @96623ms
2022-01-18 05:34:24,193 [Listener at 127.0.0.1/37357] WARN  impl.MetricsSystemImpl (MetricsSystemImpl.java:register(279)) - Sink prometheus already exists!
2022-01-18 05:34:24,194 [Listener at 127.0.0.1/37357] INFO  http.BaseHttpServer (BaseHttpServer.java:updateConnectorAddress(329)) - HTTP server of hddsDatanode listening at http://0.0.0.0:38519
2022-01-18 05:34:24,195 [Listener at 127.0.0.1/37357] INFO  ozone.MiniOzoneClusterImpl (MiniOzoneClusterImpl.java:lambda$waitForClusterToBeReady$0(219)) - Waiting for nodes to be ready. Got 0 of 3 DN Heartbeats.
2022-01-18 05:34:24,195 [Listener at 127.0.0.1/37357] INFO  ozone.MiniOzoneClusterImpl (MiniOzoneClusterImpl.java:lambda$waitForClusterToBeReady$0(222)) - Waiting for cluster to exit safe mode
2022-01-18 05:34:24,195 [Listener at 127.0.0.1/37357] INFO  ozone.MiniOzoneClusterImpl (MiniOzoneClusterImpl.java:lambda$waitForClusterToBeReady$0(224)) - SCM became leader
2022-01-18 05:34:24,195 [Datanode State Machine Daemon Thread] INFO  statemachine.DatanodeStateMachine (DatanodeStateMachine.java:lambda$startDaemon$0(470)) - Ozone container server started.
2022-01-18 05:34:24,273 [org.apache.hadoop.util.JvmPauseMonitor$Monitor@217e7a83] INFO  util.JvmPauseMonitor (JvmPauseMonitor.java:run(188)) - Starting JVM pause monitor
2022-01-18 05:34:24,284 [Datanode State Machine Task Thread - 0] INFO  datanode.InitDatanodeState (InitDatanodeState.java:persistContainerDatanodeDetails(145)) - DatanodeDetails is persisted to /home/runner/work/ozone/ozone/hadoop-ozone/integration-test/target/test-dir/MiniOzoneClusterImpl-cb7c1fcf-6298-49a9-b20a-40b206c3d36e/datanode-2/meta/datanode.id
2022-01-18 05:34:25,195 [Listener at 127.0.0.1/37357] INFO  ozone.MiniOzoneClusterImpl (MiniOzoneClusterImpl.java:lambda$waitForClusterToBeReady$0(219)) - Waiting for nodes to be ready. Got 0 of 3 DN Heartbeats.
2022-01-18 05:34:25,196 [Listener at 127.0.0.1/37357] INFO  ozone.MiniOzoneClusterImpl (MiniOzoneClusterImpl.java:lambda$waitForClusterToBeReady$0(222)) - Waiting for cluster to exit safe mode
2022-01-18 05:34:25,196 [Listener at 127.0.0.1/37357] INFO  ozone.MiniOzoneClusterImpl (MiniOzoneClusterImpl.java:lambda$waitForClusterToBeReady$0(224)) - SCM became leader
2022-01-18 05:34:25,329 [EndpointStateMachine task thread for /0.0.0.0:34205 - 0 ] INFO  ozoneimpl.OzoneContainer (OzoneContainer.java:start(315)) - Attempting to start container services.
2022-01-18 05:34:25,329 [EndpointStateMachine task thread for /0.0.0.0:34205 - 0 ] INFO  ozoneimpl.OzoneContainer (OzoneContainer.java:startContainerScrub(250)) - Background container scanner has been disabled.
2022-01-18 05:34:25,330 [EndpointStateMachine task thread for /0.0.0.0:34205 - 0 ] INFO  replication.ReplicationServer (ReplicationServer.java:start(111)) - ReplicationServer is started using port 34991
2022-01-18 05:34:25,330 [EndpointStateMachine task thread for /0.0.0.0:34205 - 0 ] INFO  ratis.XceiverServerRatis (XceiverServerRatis.java:start(484)) - Starting XceiverServerRatis 67260eab-501e-432c-b67c-83a04ad0151f
2022-01-18 05:34:25,340 [EndpointStateMachine task thread for /0.0.0.0:34205 - 0 ] INFO  server.RaftServer (RaftServerProxy.java:lambda$start$5(374)) - 67260eab-501e-432c-b67c-83a04ad0151f: start RPC server
2022-01-18 05:34:25,341 [EndpointStateMachine task thread for /0.0.0.0:34205 - 0 ] INFO  server.GrpcService (GrpcService.java:startImpl(253)) - 67260eab-501e-432c-b67c-83a04ad0151f: GrpcService started, listening on 38305
2022-01-18 05:34:25,341 [EndpointStateMachine task thread for /0.0.0.0:34205 - 0 ] INFO  ratis.XceiverServerRatis (XceiverServerRatis.java:getRealPort(505)) - XceiverServerRatis 67260eab-501e-432c-b67c-83a04ad0151f is started using port 38305 for RATIS
2022-01-18 05:34:25,341 [EndpointStateMachine task thread for /0.0.0.0:34205 - 0 ] INFO  ratis.XceiverServerRatis (XceiverServerRatis.java:getRealPort(505)) - XceiverServerRatis 67260eab-501e-432c-b67c-83a04ad0151f is started using port 38305 for RATIS_ADMIN
2022-01-18 05:34:25,341 [EndpointStateMachine task thread for /0.0.0.0:34205 - 0 ] INFO  ratis.XceiverServerRatis (XceiverServerRatis.java:getRealPort(505)) - XceiverServerRatis 67260eab-501e-432c-b67c-83a04ad0151f is started using port 38305 for RATIS_SERVER
2022-01-18 05:34:25,341 [org.apache.ratis.util.JvmPauseMonitor$$Lambda$431/448381667@5c3a65d2] INFO  util.JvmPauseMonitor (JvmPauseMonitor.java:run(103)) - JvmPauseMonitor-67260eab-501e-432c-b67c-83a04ad0151f: Started
2022-01-18 05:34:25,342 [EndpointStateMachine task thread for /0.0.0.0:34205 - 0 ] INFO  server.XceiverServerGrpc (XceiverServerGrpc.java:start(180)) - XceiverServerGrpc 67260eab-501e-432c-b67c-83a04ad0151f is started using port 33019
2022-01-18 05:34:25,688 [EndpointStateMachine task thread for /0.0.0.0:34205 - 0 ] INFO  ozoneimpl.OzoneContainer (OzoneContainer.java:start(315)) - Attempting to start container services.
2022-01-18 05:34:25,688 [EndpointStateMachine task thread for /0.0.0.0:34205 - 0 ] INFO  ozoneimpl.OzoneContainer (OzoneContainer.java:startContainerScrub(250)) - Background container scanner has been disabled.
2022-01-18 05:34:25,691 [EndpointStateMachine task thread for /0.0.0.0:34205 - 0 ] INFO  replication.ReplicationServer (ReplicationServer.java:start(111)) - ReplicationServer is started using port 46343
2022-01-18 05:34:25,695 [EndpointStateMachine task thread for /0.0.0.0:34205 - 0 ] INFO  ratis.XceiverServerRatis (XceiverServerRatis.java:start(484)) - Starting XceiverServerRatis 3c29bd76-08cb-41c8-a67d-745d6588ade1
2022-01-18 05:34:25,699 [EndpointStateMachine task thread for /0.0.0.0:34205 - 0 ] INFO  server.RaftServer (RaftServerProxy.java:lambda$start$5(374)) - 3c29bd76-08cb-41c8-a67d-745d6588ade1: start RPC server
2022-01-18 05:34:25,699 [EndpointStateMachine task thread for /0.0.0.0:34205 - 0 ] INFO  server.GrpcService (GrpcService.java:startImpl(253)) - 3c29bd76-08cb-41c8-a67d-745d6588ade1: GrpcService started, listening on 33765
2022-01-18 05:34:25,701 [EndpointStateMachine task thread for /0.0.0.0:34205 - 0 ] INFO  ratis.XceiverServerRatis (XceiverServerRatis.java:getRealPort(505)) - XceiverServerRatis 3c29bd76-08cb-41c8-a67d-745d6588ade1 is started using port 33765 for RATIS
2022-01-18 05:34:25,701 [EndpointStateMachine task thread for /0.0.0.0:34205 - 0 ] INFO  ratis.XceiverServerRatis (XceiverServerRatis.java:getRealPort(505)) - XceiverServerRatis 3c29bd76-08cb-41c8-a67d-745d6588ade1 is started using port 33765 for RATIS_ADMIN
2022-01-18 05:34:25,701 [EndpointStateMachine task thread for /0.0.0.0:34205 - 0 ] INFO  ratis.XceiverServerRatis (XceiverServerRatis.java:getRealPort(505)) - XceiverServerRatis 3c29bd76-08cb-41c8-a67d-745d6588ade1 is started using port 33765 for RATIS_SERVER
2022-01-18 05:34:25,701 [org.apache.ratis.util.JvmPauseMonitor$$Lambda$431/448381667@7db8026e] INFO  util.JvmPauseMonitor (JvmPauseMonitor.java:run(103)) - JvmPauseMonitor-3c29bd76-08cb-41c8-a67d-745d6588ade1: Started
2022-01-18 05:34:25,702 [EndpointStateMachine task thread for /0.0.0.0:34205 - 0 ] INFO  server.XceiverServerGrpc (XceiverServerGrpc.java:start(180)) - XceiverServerGrpc 3c29bd76-08cb-41c8-a67d-745d6588ade1 is started using port 39395
2022-01-18 05:34:26,196 [Listener at 127.0.0.1/37357] INFO  ozone.MiniOzoneClusterImpl (MiniOzoneClusterImpl.java:lambda$waitForClusterToBeReady$0(219)) - Waiting for nodes to be ready. Got 0 of 3 DN Heartbeats.
2022-01-18 05:34:26,196 [Listener at 127.0.0.1/37357] INFO  ozone.MiniOzoneClusterImpl (MiniOzoneClusterImpl.java:lambda$waitForClusterToBeReady$0(222)) - Waiting for cluster to exit safe mode
2022-01-18 05:34:26,196 [Listener at 127.0.0.1/37357] INFO  ozone.MiniOzoneClusterImpl (MiniOzoneClusterImpl.java:lambda$waitForClusterToBeReady$0(224)) - SCM became leader
2022-01-18 05:34:26,288 [EndpointStateMachine task thread for /0.0.0.0:34205 - 0 ] INFO  ozoneimpl.OzoneContainer (OzoneContainer.java:start(315)) - Attempting to start container services.
2022-01-18 05:34:26,288 [EndpointStateMachine task thread for /0.0.0.0:34205 - 0 ] INFO  ozoneimpl.OzoneContainer (OzoneContainer.java:startContainerScrub(250)) - Background container scanner has been disabled.
2022-01-18 05:34:26,289 [EndpointStateMachine task thread for /0.0.0.0:34205 - 0 ] INFO  replication.ReplicationServer (ReplicationServer.java:start(111)) - ReplicationServer is started using port 42961
2022-01-18 05:34:26,290 [EndpointStateMachine task thread for /0.0.0.0:34205 - 0 ] INFO  ratis.XceiverServerRatis (XceiverServerRatis.java:start(484)) - Starting XceiverServerRatis 3327475e-62cb-4ee7-945b-6ce10b093b44
2022-01-18 05:34:26,295 [EndpointStateMachine task thread for /0.0.0.0:34205 - 0 ] INFO  server.RaftServer (RaftServerProxy.java:lambda$start$5(374)) - 3327475e-62cb-4ee7-945b-6ce10b093b44: start RPC server
2022-01-18 05:34:26,296 [EndpointStateMachine task thread for /0.0.0.0:34205 - 0 ] INFO  server.GrpcService (GrpcService.java:startImpl(253)) - 3327475e-62cb-4ee7-945b-6ce10b093b44: GrpcService started, listening on 38697
2022-01-18 05:34:26,296 [EndpointStateMachine task thread for /0.0.0.0:34205 - 0 ] INFO  ratis.XceiverServerRatis (XceiverServerRatis.java:getRealPort(505)) - XceiverServerRatis 3327475e-62cb-4ee7-945b-6ce10b093b44 is started using port 38697 for RATIS
2022-01-18 05:34:26,296 [EndpointStateMachine task thread for /0.0.0.0:34205 - 0 ] INFO  ratis.XceiverServerRatis (XceiverServerRatis.java:getRealPort(505)) - XceiverServerRatis 3327475e-62cb-4ee7-945b-6ce10b093b44 is started using port 38697 for RATIS_ADMIN
2022-01-18 05:34:26,296 [EndpointStateMachine task thread for /0.0.0.0:34205 - 0 ] INFO  ratis.XceiverServerRatis (XceiverServerRatis.java:getRealPort(505)) - XceiverServerRatis 3327475e-62cb-4ee7-945b-6ce10b093b44 is started using port 38697 for RATIS_SERVER
2022-01-18 05:34:26,297 [org.apache.ratis.util.JvmPauseMonitor$$Lambda$431/448381667@4dd899c6] INFO  util.JvmPauseMonitor (JvmPauseMonitor.java:run(103)) - JvmPauseMonitor-3327475e-62cb-4ee7-945b-6ce10b093b44: Started
2022-01-18 05:34:26,298 [EndpointStateMachine task thread for /0.0.0.0:34205 - 0 ] INFO  server.XceiverServerGrpc (XceiverServerGrpc.java:start(180)) - XceiverServerGrpc 3327475e-62cb-4ee7-945b-6ce10b093b44 is started using port 34187
2022-01-18 05:34:27,196 [Listener at 127.0.0.1/37357] INFO  ozone.MiniOzoneClusterImpl (MiniOzoneClusterImpl.java:lambda$waitForClusterToBeReady$0(219)) - Waiting for nodes to be ready. Got 0 of 3 DN Heartbeats.
2022-01-18 05:34:27,197 [Listener at 127.0.0.1/37357] INFO  ozone.MiniOzoneClusterImpl (MiniOzoneClusterImpl.java:lambda$waitForClusterToBeReady$0(222)) - Waiting for cluster to exit safe mode
2022-01-18 05:34:27,197 [Listener at 127.0.0.1/37357] INFO  ozone.MiniOzoneClusterImpl (MiniOzoneClusterImpl.java:lambda$waitForClusterToBeReady$0(224)) - SCM became leader
2022-01-18 05:34:27,323 [IPC Server handler 2 on default port 34205] INFO  net.NetworkTopologyImpl (NetworkTopologyImpl.java:add(112)) - Added a new node: /default-rack/67260eab-501e-432c-b67c-83a04ad0151f
2022-01-18 05:34:27,323 [IPC Server handler 2 on default port 34205] INFO  node.SCMNodeManager (SCMNodeManager.java:register(389)) - Registered Data node : 67260eab-501e-432c-b67c-83a04ad0151f{ip: 10.1.0.16, host: fv-az294-84.eaanfquahm5ulb5tj050gcxych.jx.internal.cloudapp.net, ports: [REPLICATION=34991, RATIS=38305, RATIS_ADMIN=38305, RATIS_SERVER=38305, STANDALONE=33019], networkLocation: /default-rack, certSerialId: null, persistedOpState: null, persistedOpStateExpiryEpochSec: 0}
2022-01-18 05:34:27,333 [EventQueue-NewNodeForNewNodeHandler] INFO  pipeline.BackgroundPipelineCreator (BackgroundPipelineCreator.java:notifyEventTriggered(285)) - trigger a one-shot run on RatisPipelineUtilsThread.
2022-01-18 05:34:27,334 [RatisPipelineUtilsThread - 0] INFO  pipeline.RatisPipelineProvider (RatisPipelineProvider.java:lambda$create$0(183)) - Sending CreatePipelineCommand for pipeline:PipelineID=d65afff4-5c0e-4250-a5c7-dc7b997c5f62 to datanode:67260eab-501e-432c-b67c-83a04ad0151f
2022-01-18 05:34:27,363 [EventQueue-NodeRegistrationContainerReportForDataNodeSafeModeRule] INFO  safemode.SCMSafeModeManager (DataNodeSafeModeRule.java:process(71)) - SCM in safe mode. 1 DataNodes registered, 3 required.
2022-01-18 05:34:27,367 [EventQueue-PipelineReportForOneReplicaPipelineSafeModeRule] INFO  safemode.SCMSafeModeManager (SCMSafeModeManager.java:validateSafeModeExitRules(204)) - AtleastOneDatanodeReportedRule rule is successfully validated
2022-01-18 05:34:27,369 [c5b8eab1-b612-476d-b44f-3a1e5cc4ac80@group-40B206C3D36E-StateMachineUpdater] INFO  pipeline.PipelineStateManagerImpl (PipelineStateManagerImpl.java:addPipeline(101)) - Created pipeline Pipeline[ Id: d65afff4-5c0e-4250-a5c7-dc7b997c5f62, Nodes: 67260eab-501e-432c-b67c-83a04ad0151f{ip: 10.1.0.16, host: fv-az294-84.eaanfquahm5ulb5tj050gcxych.jx.internal.cloudapp.net, ports: [REPLICATION=34991, RATIS=38305, RATIS_ADMIN=38305, RATIS_SERVER=38305, STANDALONE=33019], networkLocation: /default-rack, certSerialId: null, persistedOpState: IN_SERVICE, persistedOpStateExpiryEpochSec: 0}, ReplicationConfig: RATIS/ONE, State:ALLOCATED, leaderId:, CreationTimestamp2022-01-18T05:34:27.334Z[Etc/UTC]].
2022-01-18 05:34:27,369 [c5b8eab1-b612-476d-b44f-3a1e5cc4ac80@group-40B206C3D36E-StateMachineUpdater] INFO  safemode.HealthyPipelineSafeModeRule (HealthyPipelineSafeModeRule.java:initializeRule(152)) - Refreshed total pipeline count is 0, healthy pipeline threshold count is 1
2022-01-18 05:34:27,369 [c5b8eab1-b612-476d-b44f-3a1e5cc4ac80@group-40B206C3D36E-StateMachineUpdater] INFO  safemode.SCMSafeModeManager (SCMSafeModeManager.java:validateSafeModeExitRules(204)) - ContainerSafeModeRule rule is successfully validated
2022-01-18 05:34:27,370 [RatisPipelineUtilsThread - 0] INFO  ha.SCMHAInvocationHandler (SCMHAInvocationHandler.java:invokeRatis(113)) - Invoking method public abstract void org.apache.hadoop.hdds.scm.pipeline.PipelineStateManager.addPipeline(org.apache.hadoop.hdds.protocol.proto.HddsProtos$Pipeline) throws java.io.IOException on target org.apache.hadoop.hdds.scm.ha.SCMRatisServerImpl@b48d83a, cost 30440.61us
2022-01-18 05:34:27,682 [IPC Server handler 0 on default port 34205] INFO  net.NetworkTopologyImpl (NetworkTopologyImpl.java:add(112)) - Added a new node: /default-rack/3c29bd76-08cb-41c8-a67d-745d6588ade1
2022-01-18 05:34:27,682 [IPC Server handler 0 on default port 34205] INFO  node.SCMNodeManager (SCMNodeManager.java:register(389)) - Registered Data node : 3c29bd76-08cb-41c8-a67d-745d6588ade1{ip: 10.1.0.16, host: fv-az294-84.eaanfquahm5ulb5tj050gcxych.jx.internal.cloudapp.net, ports: [REPLICATION=46343, RATIS=33765, RATIS_ADMIN=33765, RATIS_SERVER=33765, STANDALONE=39395], networkLocation: /default-rack, certSerialId: null, persistedOpState: null, persistedOpStateExpiryEpochSec: 0}
2022-01-18 05:34:27,682 [EventQueue-NewNodeForNewNodeHandler] INFO  pipeline.BackgroundPipelineCreator (BackgroundPipelineCreator.java:notifyEventTriggered(285)) - trigger a one-shot run on RatisPipelineUtilsThread.
2022-01-18 05:34:27,684 [RatisPipelineUtilsThread - 0] INFO  pipeline.RatisPipelineProvider (RatisPipelineProvider.java:lambda$create$0(183)) - Sending CreatePipelineCommand for pipeline:PipelineID=44b7568f-f2fd-4131-b7d5-15b0f351c6c8 to datanode:3c29bd76-08cb-41c8-a67d-745d6588ade1
2022-01-18 05:34:27,685 [EventQueue-NodeRegistrationContainerReportForDataNodeSafeModeRule] INFO  safemode.SCMSafeModeManager (DataNodeSafeModeRule.java:process(71)) - SCM in safe mode. 2 DataNodes registered, 3 required.
2022-01-18 05:34:27,690 [c5b8eab1-b612-476d-b44f-3a1e5cc4ac80@group-40B206C3D36E-StateMachineUpdater] INFO  pipeline.PipelineStateManagerImpl (PipelineStateManagerImpl.java:addPipeline(101)) - Created pipeline Pipeline[ Id: 44b7568f-f2fd-4131-b7d5-15b0f351c6c8, Nodes: 3c29bd76-08cb-41c8-a67d-745d6588ade1{ip: 10.1.0.16, host: fv-az294-84.eaanfquahm5ulb5tj050gcxych.jx.internal.cloudapp.net, ports: [REPLICATION=46343, RATIS=33765, RATIS_ADMIN=33765, RATIS_SERVER=33765, STANDALONE=39395], networkLocation: /default-rack, certSerialId: null, persistedOpState: IN_SERVICE, persistedOpStateExpiryEpochSec: 0}, ReplicationConfig: RATIS/ONE, State:ALLOCATED, leaderId:, CreationTimestamp2022-01-18T05:34:27.684Z[Etc/UTC]].
2022-01-18 05:34:27,690 [c5b8eab1-b612-476d-b44f-3a1e5cc4ac80@group-40B206C3D36E-StateMachineUpdater] INFO  safemode.HealthyPipelineSafeModeRule (HealthyPipelineSafeModeRule.java:initializeRule(152)) - Refreshed total pipeline count is 0, healthy pipeline threshold count is 1
2022-01-18 05:34:27,691 [RatisPipelineUtilsThread - 0] INFO  ha.SCMHAInvocationHandler (SCMHAInvocationHandler.java:invokeRatis(113)) - Invoking method public abstract void org.apache.hadoop.hdds.scm.pipeline.PipelineStateManager.addPipeline(org.apache.hadoop.hdds.protocol.proto.HddsProtos$Pipeline) throws java.io.IOException on target org.apache.hadoop.hdds.scm.ha.SCMRatisServerImpl@b48d83a, cost 6219.084us
2022-01-18 05:34:28,197 [Listener at 127.0.0.1/37357] INFO  ozone.MiniOzoneClusterImpl (MiniOzoneClusterImpl.java:lambda$waitForClusterToBeReady$0(219)) - Waiting for nodes to be ready. Got 2 of 3 DN Heartbeats.
2022-01-18 05:34:28,197 [Listener at 127.0.0.1/37357] INFO  ozone.MiniOzoneClusterImpl (MiniOzoneClusterImpl.java:lambda$waitForClusterToBeReady$0(222)) - Waiting for cluster to exit safe mode
2022-01-18 05:34:28,197 [Listener at 127.0.0.1/37357] INFO  ozone.MiniOzoneClusterImpl (MiniOzoneClusterImpl.java:lambda$waitForClusterToBeReady$0(224)) - SCM became leader
2022-01-18 05:34:28,271 [IPC Server handler 1 on default port 34205] INFO  net.NetworkTopologyImpl (NetworkTopologyImpl.java:add(112)) - Added a new node: /default-rack/3327475e-62cb-4ee7-945b-6ce10b093b44
2022-01-18 05:34:28,271 [IPC Server handler 1 on default port 34205] INFO  node.SCMNodeManager (SCMNodeManager.java:register(389)) - Registered Data node : 3327475e-62cb-4ee7-945b-6ce10b093b44{ip: 10.1.0.16, host: fv-az294-84.eaanfquahm5ulb5tj050gcxych.jx.internal.cloudapp.net, ports: [REPLICATION=42961, RATIS=38697, RATIS_ADMIN=38697, RATIS_SERVER=38697, STANDALONE=34187], networkLocation: /default-rack, certSerialId: null, persistedOpState: null, persistedOpStateExpiryEpochSec: 0}
2022-01-18 05:34:28,272 [EventQueue-NewNodeForNewNodeHandler] INFO  pipeline.BackgroundPipelineCreator (BackgroundPipelineCreator.java:notifyEventTriggered(285)) - trigger a one-shot run on RatisPipelineUtilsThread.
2022-01-18 05:34:28,272 [EventQueue-NodeRegistrationContainerReportForDataNodeSafeModeRule] INFO  safemode.SCMSafeModeManager (DataNodeSafeModeRule.java:process(71)) - SCM in safe mode. 3 DataNodes registered, 3 required.
2022-01-18 05:34:28,272 [EventQueue-NodeRegistrationContainerReportForDataNodeSafeModeRule] INFO  safemode.SCMSafeModeManager (SCMSafeModeManager.java:validateSafeModeExitRules(204)) - DataNodeSafeModeRule rule is successfully validated
2022-01-18 05:34:28,272 [EventQueue-NodeRegistrationContainerReportForDataNodeSafeModeRule] INFO  safemode.SCMSafeModeManager (SCMSafeModeManager.java:completePreCheck(233)) - All SCM safe mode pre check rules have passed
2022-01-18 05:34:28,272 [EventQueue-NodeRegistrationContainerReportForDataNodeSafeModeRule] WARN  events.EventQueue (EventQueue.java:fireEvent(194)) - No event handler registered for event TypedEvent{payloadType=SafeModeStatus, name='Safe mode status'}
2022-01-18 05:34:28,272 [EventQueue-NodeRegistrationContainerReportForDataNodeSafeModeRule] INFO  ha.SCMContext (SCMContext.java:updateSafeModeStatus(211)) - Update SafeModeStatus from SafeModeStatus{safeModeStatus=true, preCheckPassed=false} to SafeModeStatus{safeModeStatus=true, preCheckPassed=true}.
2022-01-18 05:34:28,272 [EventQueue-NodeRegistrationContainerReportForDataNodeSafeModeRule] INFO  pipeline.BackgroundPipelineCreator (BackgroundPipelineCreator.java:notifyEventTriggered(285)) - trigger a one-shot run on RatisPipelineUtilsThread.
2022-01-18 05:34:28,273 [RatisPipelineUtilsThread - 0] INFO  pipeline.RatisPipelineProvider (RatisPipelineProvider.java:lambda$create$0(183)) - Sending CreatePipelineCommand for pipeline:PipelineID=72fd4272-f57c-47ea-82a5-e40b6676f8c7 to datanode:3327475e-62cb-4ee7-945b-6ce10b093b44
2022-01-18 05:34:28,276 [c5b8eab1-b612-476d-b44f-3a1e5cc4ac80@group-40B206C3D36E-StateMachineUpdater] INFO  pipeline.PipelineStateManagerImpl (PipelineStateManagerImpl.java:addPipeline(101)) - Created pipeline Pipeline[ Id: 72fd4272-f57c-47ea-82a5-e40b6676f8c7, Nodes: 3327475e-62cb-4ee7-945b-6ce10b093b44{ip: 10.1.0.16, host: fv-az294-84.eaanfquahm5ulb5tj050gcxych.jx.internal.cloudapp.net, ports: [REPLICATION=42961, RATIS=38697, RATIS_ADMIN=38697, RATIS_SERVER=38697, STANDALONE=34187], networkLocation: /default-rack, certSerialId: null, persistedOpState: IN_SERVICE, persistedOpStateExpiryEpochSec: 0}, ReplicationConfig: RATIS/ONE, State:ALLOCATED, leaderId:, CreationTimestamp2022-01-18T05:34:28.273Z[Etc/UTC]].
2022-01-18 05:34:28,276 [c5b8eab1-b612-476d-b44f-3a1e5cc4ac80@group-40B206C3D36E-StateMachineUpdater] INFO  safemode.HealthyPipelineSafeModeRule (HealthyPipelineSafeModeRule.java:initializeRule(152)) - Refreshed total pipeline count is 0, healthy pipeline threshold count is 1
2022-01-18 05:34:28,278 [RatisPipelineUtilsThread - 0] INFO  ha.SCMHAInvocationHandler (SCMHAInvocationHandler.java:invokeRatis(113)) - Invoking method public abstract void org.apache.hadoop.hdds.scm.pipeline.PipelineStateManager.addPipeline(org.apache.hadoop.hdds.protocol.proto.HddsProtos$Pipeline) throws java.io.IOException on target org.apache.hadoop.hdds.scm.ha.SCMRatisServerImpl@b48d83a, cost 5117.469us
2022-01-18 05:34:28,279 [RatisPipelineUtilsThread - 0] INFO  pipeline.RatisPipelineProvider (RatisPipelineProvider.java:lambda$create$0(183)) - Sending CreatePipelineCommand for pipeline:PipelineID=59fae8ef-e674-4137-bac0-db115239e727 to datanode:3327475e-62cb-4ee7-945b-6ce10b093b44
2022-01-18 05:34:28,280 [RatisPipelineUtilsThread - 0] INFO  pipeline.RatisPipelineProvider (RatisPipelineProvider.java:lambda$create$0(183)) - Sending CreatePipelineCommand for pipeline:PipelineID=59fae8ef-e674-4137-bac0-db115239e727 to datanode:3c29bd76-08cb-41c8-a67d-745d6588ade1
2022-01-18 05:34:28,280 [RatisPipelineUtilsThread - 0] INFO  pipeline.RatisPipelineProvider (RatisPipelineProvider.java:lambda$create$0(183)) - Sending CreatePipelineCommand for pipeline:PipelineID=59fae8ef-e674-4137-bac0-db115239e727 to datanode:67260eab-501e-432c-b67c-83a04ad0151f
2022-01-18 05:34:28,281 [c5b8eab1-b612-476d-b44f-3a1e5cc4ac80@group-40B206C3D36E-StateMachineUpdater] INFO  pipeline.PipelineStateManagerImpl (PipelineStateManagerImpl.java:addPipeline(101)) - Created pipeline Pipeline[ Id: 59fae8ef-e674-4137-bac0-db115239e727, Nodes: 3327475e-62cb-4ee7-945b-6ce10b093b44{ip: 10.1.0.16, host: fv-az294-84.eaanfquahm5ulb5tj050gcxych.jx.internal.cloudapp.net, ports: [REPLICATION=42961, RATIS=38697, RATIS_ADMIN=38697, RATIS_SERVER=38697, STANDALONE=34187], networkLocation: /default-rack, certSerialId: null, persistedOpState: IN_SERVICE, persistedOpStateExpiryEpochSec: 0}3c29bd76-08cb-41c8-a67d-745d6588ade1{ip: 10.1.0.16, host: fv-az294-84.eaanfquahm5ulb5tj050gcxych.jx.internal.cloudapp.net, ports: [REPLICATION=46343, RATIS=33765, RATIS_ADMIN=33765, RATIS_SERVER=33765, STANDALONE=39395], networkLocation: /default-rack, certSerialId: null, persistedOpState: IN_SERVICE, persistedOpStateExpiryEpochSec: 0}67260eab-501e-432c-b67c-83a04ad0151f{ip: 10.1.0.16, host: fv-az294-84.eaanfquahm5ulb5tj050gcxych.jx.internal.cloudapp.net, ports: [REPLICATION=34991, RATIS=38305, RATIS_ADMIN=38305, RATIS_SERVER=38305, STANDALONE=33019], networkLocation: /default-rack, certSerialId: null, persistedOpState: IN_SERVICE, persistedOpStateExpiryEpochSec: 0}, ReplicationConfig: RATIS/THREE, State:ALLOCATED, leaderId:, CreationTimestamp2022-01-18T05:34:28.279Z[Etc/UTC]].
2022-01-18 05:34:28,281 [c5b8eab1-b612-476d-b44f-3a1e5cc4ac80@group-40B206C3D36E-StateMachineUpdater] INFO  safemode.HealthyPipelineSafeModeRule (HealthyPipelineSafeModeRule.java:initializeRule(152)) - Refreshed total pipeline count is 0, healthy pipeline threshold count is 1
2022-01-18 05:34:28,282 [RatisPipelineUtilsThread - 0] INFO  ha.SCMHAInvocationHandler (SCMHAInvocationHandler.java:invokeRatis(113)) - Invoking method public abstract void org.apache.hadoop.hdds.scm.pipeline.PipelineStateManager.addPipeline(org.apache.hadoop.hdds.protocol.proto.HddsProtos$Pipeline) throws java.io.IOException on target org.apache.hadoop.hdds.scm.ha.SCMRatisServerImpl@b48d83a, cost 2138.028us
2022-01-18 05:34:29,197 [Listener at 127.0.0.1/37357] INFO  ozone.MiniOzoneClusterImpl (MiniOzoneClusterImpl.java:lambda$waitForClusterToBeReady$0(219)) - Nodes are ready. Got 3 of 3 DN Heartbeats.
2022-01-18 05:34:29,198 [Listener at 127.0.0.1/37357] INFO  ozone.MiniOzoneClusterImpl (MiniOzoneClusterImpl.java:lambda$waitForClusterToBeReady$0(222)) - Waiting for cluster to exit safe mode
2022-01-18 05:34:29,198 [Listener at 127.0.0.1/37357] INFO  ozone.MiniOzoneClusterImpl (MiniOzoneClusterImpl.java:lambda$waitForClusterToBeReady$0(224)) - SCM became leader
2022-01-18 05:34:30,198 [Listener at 127.0.0.1/37357] INFO  ozone.MiniOzoneClusterImpl (MiniOzoneClusterImpl.java:lambda$waitForClusterToBeReady$0(219)) - Nodes are ready. Got 3 of 3 DN Heartbeats.
2022-01-18 05:34:30,198 [Listener at 127.0.0.1/37357] INFO  ozone.MiniOzoneClusterImpl (MiniOzoneClusterImpl.java:lambda$waitForClusterToBeReady$0(222)) - Waiting for cluster to exit safe mode
2022-01-18 05:34:30,198 [Listener at 127.0.0.1/37357] INFO  ozone.MiniOzoneClusterImpl (MiniOzoneClusterImpl.java:lambda$waitForClusterToBeReady$0(224)) - SCM became leader
2022-01-18 05:34:30,322 [Command processor thread] INFO  server.RaftServer (RaftServerProxy.java:addNew(95)) - 67260eab-501e-432c-b67c-83a04ad0151f: addNew group-DC7B997C5F62:[67260eab-501e-432c-b67c-83a04ad0151f|rpc:10.1.0.16:38305|priority:1] returns group-DC7B997C5F62:java.util.concurrent.CompletableFuture@424dc4e9[Not completed]
2022-01-18 05:34:30,323 [pool-240-thread-1] INFO  server.RaftServer$Division (RaftServerImpl.java:<init>(184)) - 67260eab-501e-432c-b67c-83a04ad0151f: new RaftServerImpl for group-DC7B997C5F62:[67260eab-501e-432c-b67c-83a04ad0151f|rpc:10.1.0.16:38305|priority:1] with ContainerStateMachine:uninitialized
2022-01-18 05:34:30,330 [pool-240-thread-1] INFO  server.RaftServerConfigKeys (ConfUtils.java:logGet(44)) - raft.server.rpc.timeout.min = 5s (custom)
2022-01-18 05:34:30,330 [pool-240-thread-1] INFO  server.RaftServerConfigKeys (ConfUtils.java:logGet(44)) - raft.server.rpc.timeout.max = 5200ms (custom)
2022-01-18 05:34:30,330 [pool-240-thread-1] INFO  server.RaftServerConfigKeys (ConfUtils.java:logGet(44)) - raft.server.rpc.sleep.time = 25ms (default)
2022-01-18 05:34:30,330 [pool-240-thread-1] INFO  server.RaftServerConfigKeys (ConfUtils.java:logGet(44)) - raft.server.rpc.slowness.timeout = 300s (custom)
2022-01-18 05:34:30,330 [pool-240-thread-1] INFO  server.RaftServerConfigKeys (ConfUtils.java:logGet(44)) - raft.server.leaderelection.leader.step-down.wait-time = 10s (default)
2022-01-18 05:34:30,330 [pool-240-thread-1] INFO  server.RaftServerConfigKeys (ConfUtils.java:logGet(44)) - raft.server.sleep.deviation.threshold = 300ms (default)
2022-01-18 05:34:30,330 [pool-240-thread-1] INFO  server.RaftServerConfigKeys (ConfUtils.java:logGet(44)) - raft.server.log.appender.install.snapshot.enabled = false (custom)
2022-01-18 05:34:30,330 [pool-240-thread-1] INFO  server.RaftServer$Division (ServerState.java:<init>(105)) - 67260eab-501e-432c-b67c-83a04ad0151f@group-DC7B997C5F62: ConfigurationManager, init=-1: [67260eab-501e-432c-b67c-83a04ad0151f|rpc:10.1.0.16:38305|priority:1], old=null, confs=<EMPTY_MAP>
2022-01-18 05:34:30,330 [pool-240-thread-1] INFO  server.RaftServerConfigKeys (ConfUtils.java:logGet(44)) - raft.server.storage.dir = [/home/runner/work/ozone/ozone/hadoop-ozone/integration-test/target/test-dir/MiniOzoneClusterImpl-cb7c1fcf-6298-49a9-b20a-40b206c3d36e/datanode-0/data/ratis] (custom)
2022-01-18 05:34:30,331 [pool-240-thread-1] INFO  server.RaftServerConfigKeys (ConfUtils.java:logGet(44)) - raft.server.log.corruption.policy = EXCEPTION (default)
2022-01-18 05:34:30,331 [pool-240-thread-1] INFO  server.RaftServerConfigKeys (ConfUtils.java:logGet(44)) - raft.server.storage.free-space.min = 0MB (=0) (default)
2022-01-18 05:34:30,331 [pool-240-thread-1] INFO  storage.RaftStorageDirectory (RaftStorageDirectoryImpl.java:analyzeStorage(135)) - The storage directory /home/runner/work/ozone/ozone/hadoop-ozone/integration-test/target/test-dir/MiniOzoneClusterImpl-cb7c1fcf-6298-49a9-b20a-40b206c3d36e/datanode-0/data/ratis/d65afff4-5c0e-4250-a5c7-dc7b997c5f62 does not exist. Creating ...
2022-01-18 05:34:30,337 [pool-240-thread-1] INFO  storage.RaftStorageDirectory (RaftStorageDirectoryImpl.java:tryLock(230)) - Lock on /home/runner/work/ozone/ozone/hadoop-ozone/integration-test/target/test-dir/MiniOzoneClusterImpl-cb7c1fcf-6298-49a9-b20a-40b206c3d36e/datanode-0/data/ratis/d65afff4-5c0e-4250-a5c7-dc7b997c5f62/in_use.lock acquired by nodename 21336@fv-az294-84
2022-01-18 05:34:30,341 [pool-240-thread-1] INFO  storage.RaftStorage (RaftStorageImpl.java:format(89)) - Storage directory /home/runner/work/ozone/ozone/hadoop-ozone/integration-test/target/test-dir/MiniOzoneClusterImpl-cb7c1fcf-6298-49a9-b20a-40b206c3d36e/datanode-0/data/ratis/d65afff4-5c0e-4250-a5c7-dc7b997c5f62 has been successfully formatted.
2022-01-18 05:34:30,345 [pool-240-thread-1] INFO  ratis.ContainerStateMachine (ContainerStateMachine.java:loadSnapshot(231)) - group-DC7B997C5F62: The snapshot info is null. Setting the last applied indexto:(t:0, i:~)
2022-01-18 05:34:30,346 [pool-240-thread-1] INFO  server.RaftServerConfigKeys (ConfUtils.java:logGet(44)) - raft.server.notification.no-leader.timeout = 300s (custom)
2022-01-18 05:34:30,346 [pool-240-thread-1] INFO  server.RaftServerConfigKeys (ConfUtils.java:logGet(44)) - raft.server.log.use.memory = false (default)
2022-01-18 05:34:30,346 [pool-240-thread-1] INFO  server.RaftServerConfigKeys (ConfUtils.java:logGet(44)) - raft.server.log.purge.gap = 1000000 (custom)
2022-01-18 05:34:30,346 [pool-240-thread-1] INFO  server.RaftServerConfigKeys (ConfUtils.java:logGet(44)) - raft.server.log.appender.buffer.byte-limit = 33554432 (custom)
2022-01-18 05:34:30,346 [pool-240-thread-1] INFO  server.RaftServerConfigKeys (ConfUtils.java:logGet(44)) - raft.server.log.segment.size.max = 1048576 (custom)
2022-01-18 05:34:30,347 [EventQueue-PipelineReportForPipelineReportHandler] INFO  pipeline.PipelineManagerImpl (PipelineManagerImpl.java:openPipeline(291)) - Pipeline Pipeline[ Id: d65afff4-5c0e-4250-a5c7-dc7b997c5f62, Nodes: 67260eab-501e-432c-b67c-83a04ad0151f{ip: 10.1.0.16, host: fv-az294-84.eaanfquahm5ulb5tj050gcxych.jx.internal.cloudapp.net, ports: [REPLICATION=34991, RATIS=38305, RATIS_ADMIN=38305, RATIS_SERVER=38305, STANDALONE=33019], networkLocation: /default-rack, certSerialId: null, persistedOpState: IN_SERVICE, persistedOpStateExpiryEpochSec: 0}, ReplicationConfig: RATIS/ONE, State:ALLOCATED, leaderId:67260eab-501e-432c-b67c-83a04ad0151f, CreationTimestamp2022-01-18T05:34:27.334Z[Etc/UTC]] moved to OPEN state
2022-01-18 05:34:30,353 [pool-240-thread-1] INFO  server.RaftServerConfigKeys (ConfUtils.java:logGet(44)) - raft.server.log.segment.cache.num.max = 2 (custom)
2022-01-18 05:34:30,354 [pool-240-thread-1] INFO  server.RaftServerConfigKeys (ConfUtils.java:logGet(44)) - raft.server.log.segment.cache.size.max = 200MB (=209715200) (default)
2022-01-18 05:34:30,354 [pool-240-thread-1] INFO  segmented.SegmentedRaftLogWorker (SegmentedRaftLogWorker.java:<init>(182)) - new 67260eab-501e-432c-b67c-83a04ad0151f@group-DC7B997C5F62-SegmentedRaftLogWorker for RaftStorageImpl:Storage Directory /home/runner/work/ozone/ozone/hadoop-ozone/integration-test/target/test-dir/MiniOzoneClusterImpl-cb7c1fcf-6298-49a9-b20a-40b206c3d36e/datanode-0/data/ratis/d65afff4-5c0e-4250-a5c7-dc7b997c5f62
2022-01-18 05:34:30,358 [c5b8eab1-b612-476d-b44f-3a1e5cc4ac80@group-40B206C3D36E-StateMachineUpdater] INFO  safemode.HealthyPipelineSafeModeRule (HealthyPipelineSafeModeRule.java:initializeRule(152)) - Refreshed total pipeline count is 0, healthy pipeline threshold count is 1
2022-01-18 05:34:30,364 [EventQueue-PipelineReportForPipelineReportHandler] INFO  ha.SCMHAInvocationHandler (SCMHAInvocationHandler.java:invokeRatis(113)) - Invoking method public abstract void org.apache.hadoop.hdds.scm.pipeline.PipelineStateManager.updatePipelineState(org.apache.hadoop.hdds.protocol.proto.HddsProtos$PipelineID,org.apache.hadoop.hdds.protocol.proto.HddsProtos$PipelineState) throws java.io.IOException on target org.apache.hadoop.hdds.scm.ha.SCMRatisServerImpl@b48d83a, cost 17134.43us
2022-01-18 05:34:30,362 [pool-240-thread-1] INFO  server.RaftServerConfigKeys (ConfUtils.java:logGet(44)) - raft.server.log.queue.byte-limit = 2147483647 (custom)
2022-01-18 05:34:30,372 [pool-240-thread-1] INFO  server.RaftServerConfigKeys (ConfUtils.java:logGet(44)) - raft.server.log.queue.element-limit = 1024 (custom)
2022-01-18 05:34:30,372 [pool-240-thread-1] INFO  server.RaftServerConfigKeys (ConfUtils.java:logGet(44)) - raft.server.log.segment.size.max = 1048576 (custom)
2022-01-18 05:34:30,372 [pool-240-thread-1] INFO  server.RaftServerConfigKeys (ConfUtils.java:logGet(44)) - raft.server.log.preallocated.size = 16384 (custom)
2022-01-18 05:34:30,372 [pool-240-thread-1] INFO  server.RaftServerConfigKeys (ConfUtils.java:logGet(44)) - raft.server.log.force.sync.num = 128 (default)
2022-01-18 05:34:30,372 [pool-240-thread-1] INFO  server.RaftServerConfigKeys (ConfUtils.java:logGet(44)) - raft.server.log.statemachine.data.sync = true (default)
2022-01-18 05:34:30,372 [pool-240-thread-1] INFO  server.RaftServerConfigKeys (ConfUtils.java:logGet(44)) - raft.server.log.statemachine.data.sync.timeout = 10s (default)
2022-01-18 05:34:30,372 [pool-240-thread-1] INFO  server.RaftServerConfigKeys (ConfUtils.java:logGet(44)) - raft.server.log.statemachine.data.sync.timeout.retry = -1 (default)
2022-01-18 05:34:30,373 [pool-240-thread-1] INFO  server.RaftServerConfigKeys (ConfUtils.java:logGet(44)) - raft.server.log.write.buffer.size = 1048576 (custom)
2022-01-18 05:34:30,373 [pool-240-thread-1] INFO  server.RaftServerConfigKeys (ConfUtils.java:logGet(44)) - raft.server.log.statemachine.data.caching.enabled = true (custom)
2022-01-18 05:34:30,373 [pool-240-thread-1] INFO  segmented.SegmentedRaftLogWorker (SegmentedRaftLogWorker.java:lambda$new$0(133)) - 67260eab-501e-432c-b67c-83a04ad0151f@group-DC7B997C5F62-SegmentedRaftLogWorker: flushIndex: setUnconditionally 0 -> -1
2022-01-18 05:34:30,374 [pool-240-thread-1] INFO  segmented.SegmentedRaftLogWorker (SegmentedRaftLogWorker.java:lambda$new$0(133)) - 67260eab-501e-432c-b67c-83a04ad0151f@group-DC7B997C5F62-SegmentedRaftLogWorker: safeCacheEvictIndex: setUnconditionally 0 -> -1
2022-01-18 05:34:30,365 [EventQueue-OpenPipelineForHealthyPipelineSafeModeRule] INFO  safemode.SCMSafeModeManager (HealthyPipelineSafeModeRule.java:process(124)) - SCM in safe mode. Healthy pipelines reported count is 0, required healthy pipeline reported count is 1
2022-01-18 05:34:30,380 [pool-240-thread-1] INFO  server.RaftServerConfigKeys (ConfUtils.java:logGet(44)) - raft.server.snapshot.auto.trigger.enabled = true (custom)
2022-01-18 05:34:30,380 [pool-240-thread-1] INFO  server.RaftServerConfigKeys (ConfUtils.java:logGet(44)) - raft.server.snapshot.auto.trigger.threshold = 10000 (custom)
2022-01-18 05:34:30,380 [pool-240-thread-1] INFO  server.RaftServerConfigKeys (ConfUtils.java:logGet(44)) - raft.server.snapshot.retention.file.num = 5 (custom)
2022-01-18 05:34:30,380 [pool-240-thread-1] INFO  server.RaftServerConfigKeys (ConfUtils.java:logGet(44)) - raft.server.log.purge.upto.snapshot.index = false (default)
2022-01-18 05:34:30,380 [pool-240-thread-1] INFO  server.RaftServerConfigKeys (ConfUtils.java:logGet(44)) - raft.server.retrycache.expirytime = 600000ms (custom)
2022-01-18 05:34:30,380 [pool-240-thread-1] INFO  server.RaftServerConfigKeys (ConfUtils.java:logGet(44)) - raft.server.retrycache.statistics.expirytime = 100μs (default)
2022-01-18 05:34:30,381 [pool-240-thread-1] INFO  server.RaftServer$Division (RaftServerImpl.java:start(301)) - 67260eab-501e-432c-b67c-83a04ad0151f@group-DC7B997C5F62: start as a follower, conf=-1: [67260eab-501e-432c-b67c-83a04ad0151f|rpc:10.1.0.16:38305|priority:1], old=null
2022-01-18 05:34:30,381 [pool-240-thread-1] INFO  server.RaftServer$Division (RaftServerImpl.java:setRole(290)) - 67260eab-501e-432c-b67c-83a04ad0151f@group-DC7B997C5F62: changes role from      null to FOLLOWER at term 0 for startAsFollower
2022-01-18 05:34:30,381 [pool-240-thread-1] INFO  impl.RoleInfo (RoleInfo.java:updateAndGet(130)) - 67260eab-501e-432c-b67c-83a04ad0151f: start 67260eab-501e-432c-b67c-83a04ad0151f@group-DC7B997C5F62-FollowerState
2022-01-18 05:34:30,383 [pool-240-thread-1] INFO  util.JmxRegister (JmxRegister.java:tryRegister(44)) - Successfully registered JMX Bean with object name Ratis:service=RaftServer,group=group-DC7B997C5F62,id=67260eab-501e-432c-b67c-83a04ad0151f
2022-01-18 05:34:30,384 [Command processor thread] INFO  ratis.XceiverServerRatis (XceiverServerRatis.java:addGroup(768)) - Created group PipelineID=d65afff4-5c0e-4250-a5c7-dc7b997c5f62
2022-01-18 05:34:30,384 [Command processor thread] INFO  commandhandler.CreatePipelineCommandHandler (CreatePipelineCommandHandler.java:handle(106)) - Created Pipeline RATIS ONE PipelineID=d65afff4-5c0e-4250-a5c7-dc7b997c5f62.
2022-01-18 05:34:30,384 [Command processor thread] INFO  server.RaftServer (RaftServerProxy.java:addNew(95)) - 67260eab-501e-432c-b67c-83a04ad0151f: addNew group-DB115239E727:[3327475e-62cb-4ee7-945b-6ce10b093b44|rpc:10.1.0.16:38697|priority:1, 67260eab-501e-432c-b67c-83a04ad0151f|rpc:10.1.0.16:38305|priority:0, 3c29bd76-08cb-41c8-a67d-745d6588ade1|rpc:10.1.0.16:33765|priority:0] returns group-DB115239E727:java.util.concurrent.CompletableFuture@46724878[Not completed]
2022-01-18 05:34:30,385 [pool-240-thread-1] INFO  server.RaftServer$Division (RaftServerImpl.java:<init>(184)) - 67260eab-501e-432c-b67c-83a04ad0151f: new RaftServerImpl for group-DB115239E727:[3327475e-62cb-4ee7-945b-6ce10b093b44|rpc:10.1.0.16:38697|priority:1, 67260eab-501e-432c-b67c-83a04ad0151f|rpc:10.1.0.16:38305|priority:0, 3c29bd76-08cb-41c8-a67d-745d6588ade1|rpc:10.1.0.16:33765|priority:0] with ContainerStateMachine:uninitialized
2022-01-18 05:34:30,385 [pool-240-thread-1] INFO  server.RaftServerConfigKeys (ConfUtils.java:logGet(44)) - raft.server.rpc.timeout.min = 5s (custom)
2022-01-18 05:34:30,385 [pool-240-thread-1] INFO  server.RaftServerConfigKeys (ConfUtils.java:logGet(44)) - raft.server.rpc.timeout.max = 5200ms (custom)
2022-01-18 05:34:30,385 [pool-240-thread-1] INFO  server.RaftServerConfigKeys (ConfUtils.java:logGet(44)) - raft.server.rpc.sleep.time = 25ms (default)
2022-01-18 05:34:30,385 [pool-240-thread-1] INFO  server.RaftServerConfigKeys (ConfUtils.java:logGet(44)) - raft.server.rpc.slowness.timeout = 300s (custom)
2022-01-18 05:34:30,385 [pool-240-thread-1] INFO  server.RaftServerConfigKeys (ConfUtils.java:logGet(44)) - raft.server.leaderelection.leader.step-down.wait-time = 10s (default)
2022-01-18 05:34:30,386 [pool-240-thread-1] INFO  server.RaftServerConfigKeys (ConfUtils.java:logGet(44)) - raft.server.sleep.deviation.threshold = 300ms (default)
2022-01-18 05:34:30,386 [pool-240-thread-1] INFO  server.RaftServerConfigKeys (ConfUtils.java:logGet(44)) - raft.server.log.appender.install.snapshot.enabled = false (custom)
2022-01-18 05:34:30,386 [pool-240-thread-1] INFO  server.RaftServer$Division (ServerState.java:<init>(105)) - 67260eab-501e-432c-b67c-83a04ad0151f@group-DB115239E727: ConfigurationManager, init=-1: [3327475e-62cb-4ee7-945b-6ce10b093b44|rpc:10.1.0.16:38697|priority:1, 67260eab-501e-432c-b67c-83a04ad0151f|rpc:10.1.0.16:38305|priority:0, 3c29bd76-08cb-41c8-a67d-745d6588ade1|rpc:10.1.0.16:33765|priority:0], old=null, confs=<EMPTY_MAP>
2022-01-18 05:34:30,386 [pool-240-thread-1] INFO  server.RaftServerConfigKeys (ConfUtils.java:logGet(44)) - raft.server.storage.dir = [/home/runner/work/ozone/ozone/hadoop-ozone/integration-test/target/test-dir/MiniOzoneClusterImpl-cb7c1fcf-6298-49a9-b20a-40b206c3d36e/datanode-0/data/ratis] (custom)
2022-01-18 05:34:30,386 [pool-240-thread-1] INFO  server.RaftServerConfigKeys (ConfUtils.java:logGet(44)) - raft.server.log.corruption.policy = EXCEPTION (default)
2022-01-18 05:34:30,386 [pool-240-thread-1] INFO  server.RaftServerConfigKeys (ConfUtils.java:logGet(44)) - raft.server.storage.free-space.min = 0MB (=0) (default)
2022-01-18 05:34:30,386 [pool-240-thread-1] INFO  storage.RaftStorageDirectory (RaftStorageDirectoryImpl.java:analyzeStorage(135)) - The storage directory /home/runner/work/ozone/ozone/hadoop-ozone/integration-test/target/test-dir/MiniOzoneClusterImpl-cb7c1fcf-6298-49a9-b20a-40b206c3d36e/datanode-0/data/ratis/59fae8ef-e674-4137-bac0-db115239e727 does not exist. Creating ...
2022-01-18 05:34:30,387 [pool-240-thread-1] INFO  storage.RaftStorageDirectory (RaftStorageDirectoryImpl.java:tryLock(230)) - Lock on /home/runner/work/ozone/ozone/hadoop-ozone/integration-test/target/test-dir/MiniOzoneClusterImpl-cb7c1fcf-6298-49a9-b20a-40b206c3d36e/datanode-0/data/ratis/59fae8ef-e674-4137-bac0-db115239e727/in_use.lock acquired by nodename 21336@fv-az294-84
2022-01-18 05:34:30,388 [pool-240-thread-1] INFO  storage.RaftStorage (RaftStorageImpl.java:format(89)) - Storage directory /home/runner/work/ozone/ozone/hadoop-ozone/integration-test/target/test-dir/MiniOzoneClusterImpl-cb7c1fcf-6298-49a9-b20a-40b206c3d36e/datanode-0/data/ratis/59fae8ef-e674-4137-bac0-db115239e727 has been successfully formatted.
2022-01-18 05:34:30,388 [pool-240-thread-1] INFO  ratis.ContainerStateMachine (ContainerStateMachine.java:loadSnapshot(231)) - group-DB115239E727: The snapshot info is null. Setting the last applied indexto:(t:0, i:~)
2022-01-18 05:34:30,388 [pool-240-thread-1] INFO  server.RaftServerConfigKeys (ConfUtils.java:logGet(44)) - raft.server.notification.no-leader.timeout = 300s (custom)
2022-01-18 05:34:30,389 [pool-240-thread-1] INFO  server.RaftServerConfigKeys (ConfUtils.java:logGet(44)) - raft.server.log.use.memory = false (default)
2022-01-18 05:34:30,389 [pool-240-thread-1] INFO  server.RaftServerConfigKeys (ConfUtils.java:logGet(44)) - raft.server.log.purge.gap = 1000000 (custom)
2022-01-18 05:34:30,389 [pool-240-thread-1] INFO  server.RaftServerConfigKeys (ConfUtils.java:logGet(44)) - raft.server.log.appender.buffer.byte-limit = 33554432 (custom)
2022-01-18 05:34:30,389 [pool-240-thread-1] INFO  server.RaftServerConfigKeys (ConfUtils.java:logGet(44)) - raft.server.log.segment.size.max = 1048576 (custom)
2022-01-18 05:34:30,389 [pool-240-thread-1] INFO  server.RaftServerConfigKeys (ConfUtils.java:logGet(44)) - raft.server.log.segment.cache.num.max = 2 (custom)
2022-01-18 05:34:30,389 [pool-240-thread-1] INFO  server.RaftServerConfigKeys (ConfUtils.java:logGet(44)) - raft.server.log.segment.cache.size.max = 200MB (=209715200) (default)
2022-01-18 05:34:30,389 [pool-240-thread-1] INFO  segmented.SegmentedRaftLogWorker (SegmentedRaftLogWorker.java:<init>(182)) - new 67260eab-501e-432c-b67c-83a04ad0151f@group-DB115239E727-SegmentedRaftLogWorker for RaftStorageImpl:Storage Directory /home/runner/work/ozone/ozone/hadoop-ozone/integration-test/target/test-dir/MiniOzoneClusterImpl-cb7c1fcf-6298-49a9-b20a-40b206c3d36e/datanode-0/data/ratis/59fae8ef-e674-4137-bac0-db115239e727
2022-01-18 05:34:30,389 [pool-240-thread-1] INFO  server.RaftServerConfigKeys (ConfUtils.java:logGet(44)) - raft.server.log.queue.byte-limit = 2147483647 (custom)
2022-01-18 05:34:30,389 [pool-240-thread-1] INFO  server.RaftServerConfigKeys (ConfUtils.java:logGet(44)) - raft.server.log.queue.element-limit = 1024 (custom)
2022-01-18 05:34:30,390 [pool-240-thread-1] INFO  server.RaftServerConfigKeys (ConfUtils.java:logGet(44)) - raft.server.log.segment.size.max = 1048576 (custom)
2022-01-18 05:34:30,390 [pool-240-thread-1] INFO  server.RaftServerConfigKeys (ConfUtils.java:logGet(44)) - raft.server.log.preallocated.size = 16384 (custom)
2022-01-18 05:34:30,390 [pool-240-thread-1] INFO  server.RaftServerConfigKeys (ConfUtils.java:logGet(44)) - raft.server.log.force.sync.num = 128 (default)
2022-01-18 05:34:30,390 [pool-240-thread-1] INFO  server.RaftServerConfigKeys (ConfUtils.java:logGet(44)) - raft.server.log.statemachine.data.sync = true (default)
2022-01-18 05:34:30,393 [EventQueue-OpenPipelineForHealthyPipelineSafeModeRule] INFO  safemode.SCMSafeModeManager (HealthyPipelineSafeModeRule.java:process(124)) - SCM in safe mode. Healthy pipelines reported count is 0, required healthy pipeline reported count is 1
2022-01-18 05:34:30,399 [pool-240-thread-1] INFO  server.RaftServerConfigKeys (ConfUtils.java:logGet(44)) - raft.server.log.statemachine.data.sync.timeout = 10s (default)
2022-01-18 05:34:30,399 [pool-240-thread-1] INFO  server.RaftServerConfigKeys (ConfUtils.java:logGet(44)) - raft.server.log.statemachine.data.sync.timeout.retry = -1 (default)
2022-01-18 05:34:30,400 [pool-240-thread-1] INFO  server.RaftServerConfigKeys (ConfUtils.java:logGet(44)) - raft.server.log.write.buffer.size = 1048576 (custom)
2022-01-18 05:34:30,401 [pool-240-thread-1] INFO  server.RaftServerConfigKeys (ConfUtils.java:logGet(44)) - raft.server.log.statemachine.data.caching.enabled = true (custom)
2022-01-18 05:34:30,401 [pool-240-thread-1] INFO  segmented.SegmentedRaftLogWorker (SegmentedRaftLogWorker.java:lambda$new$0(133)) - 67260eab-501e-432c-b67c-83a04ad0151f@group-DB115239E727-SegmentedRaftLogWorker: flushIndex: setUnconditionally 0 -> -1
2022-01-18 05:34:30,403 [pool-240-thread-1] INFO  segmented.SegmentedRaftLogWorker (SegmentedRaftLogWorker.java:lambda$new$0(133)) - 67260eab-501e-432c-b67c-83a04ad0151f@group-DB115239E727-SegmentedRaftLogWorker: safeCacheEvictIndex: setUnconditionally 0 -> -1
2022-01-18 05:34:30,410 [pool-240-thread-1] INFO  server.RaftServerConfigKeys (ConfUtils.java:logGet(44)) - raft.server.snapshot.auto.trigger.enabled = true (custom)
2022-01-18 05:34:30,410 [pool-240-thread-1] INFO  server.RaftServerConfigKeys (ConfUtils.java:logGet(44)) - raft.server.snapshot.auto.trigger.threshold = 10000 (custom)
2022-01-18 05:34:30,410 [pool-240-thread-1] INFO  server.RaftServerConfigKeys (ConfUtils.java:logGet(44)) - raft.server.snapshot.retention.file.num = 5 (custom)
2022-01-18 05:34:30,410 [pool-240-thread-1] INFO  server.RaftServerConfigKeys (ConfUtils.java:logGet(44)) - raft.server.log.purge.upto.snapshot.index = false (default)
2022-01-18 05:34:30,410 [pool-240-thread-1] INFO  server.RaftServerConfigKeys (ConfUtils.java:logGet(44)) - raft.server.retrycache.expirytime = 600000ms (custom)
2022-01-18 05:34:30,410 [pool-240-thread-1] INFO  server.RaftServerConfigKeys (ConfUtils.java:logGet(44)) - raft.server.retrycache.statistics.expirytime = 100μs (default)
2022-01-18 05:34:30,411 [pool-240-thread-1] INFO  server.RaftServer$Division (RaftServerImpl.java:start(301)) - 67260eab-501e-432c-b67c-83a04ad0151f@group-DB115239E727: start as a follower, conf=-1: [3327475e-62cb-4ee7-945b-6ce10b093b44|rpc:10.1.0.16:38697|priority:1, 67260eab-501e-432c-b67c-83a04ad0151f|rpc:10.1.0.16:38305|priority:0, 3c29bd76-08cb-41c8-a67d-745d6588ade1|rpc:10.1.0.16:33765|priority:0], old=null
2022-01-18 05:34:30,411 [pool-240-thread-1] INFO  server.RaftServer$Division (RaftServerImpl.java:setRole(290)) - 67260eab-501e-432c-b67c-83a04ad0151f@group-DB115239E727: changes role from      null to FOLLOWER at term 0 for startAsFollower
2022-01-18 05:34:30,411 [pool-240-thread-1] INFO  impl.RoleInfo (RoleInfo.java:updateAndGet(130)) - 67260eab-501e-432c-b67c-83a04ad0151f: start 67260eab-501e-432c-b67c-83a04ad0151f@group-DB115239E727-FollowerState
2022-01-18 05:34:30,412 [pool-240-thread-1] INFO  util.JmxRegister (JmxRegister.java:tryRegister(44)) - Successfully registered JMX Bean with object name Ratis:service=RaftServer,group=group-DB115239E727,id=67260eab-501e-432c-b67c-83a04ad0151f
2022-01-18 05:34:30,422 [Command processor thread] INFO  ratis.XceiverServerRatis (XceiverServerRatis.java:addGroup(768)) - Created group PipelineID=59fae8ef-e674-4137-bac0-db115239e727
2022-01-18 05:34:30,465 [grpc-default-executor-1] INFO  server.RaftServer (RaftServerProxy.java:addNew(95)) - 3327475e-62cb-4ee7-945b-6ce10b093b44: addNew group-DB115239E727:[3327475e-62cb-4ee7-945b-6ce10b093b44|rpc:10.1.0.16:38697|dataStream:|priority:1, 67260eab-501e-432c-b67c-83a04ad0151f|rpc:10.1.0.16:38305|dataStream:|priority:0, 3c29bd76-08cb-41c8-a67d-745d6588ade1|rpc:10.1.0.16:33765|dataStream:|priority:0] returns group-DB115239E727:java.util.concurrent.CompletableFuture@684cb3d3[Not completed]
2022-01-18 05:34:30,471 [pool-282-thread-1] INFO  server.RaftServer$Division (RaftServerImpl.java:<init>(184)) - 3327475e-62cb-4ee7-945b-6ce10b093b44: new RaftServerImpl for group-DB115239E727:[3327475e-62cb-4ee7-945b-6ce10b093b44|rpc:10.1.0.16:38697|dataStream:|priority:1, 67260eab-501e-432c-b67c-83a04ad0151f|rpc:10.1.0.16:38305|dataStream:|priority:0, 3c29bd76-08cb-41c8-a67d-745d6588ade1|rpc:10.1.0.16:33765|dataStream:|priority:0] with ContainerStateMachine:uninitialized
2022-01-18 05:34:30,479 [pool-282-thread-1] INFO  server.RaftServerConfigKeys (ConfUtils.java:logGet(44)) - raft.server.rpc.timeout.min = 5s (custom)
2022-01-18 05:34:30,479 [pool-282-thread-1] INFO  server.RaftServerConfigKeys (ConfUtils.java:logGet(44)) - raft.server.rpc.timeout.max = 5200ms (custom)
2022-01-18 05:34:30,479 [pool-282-thread-1] INFO  server.RaftServerConfigKeys (ConfUtils.java:logGet(44)) - raft.server.rpc.sleep.time = 25ms (default)
2022-01-18 05:34:30,479 [pool-282-thread-1] INFO  server.RaftServerConfigKeys (ConfUtils.java:logGet(44)) - raft.server.rpc.slowness.timeout = 300s (custom)
2022-01-18 05:34:30,479 [pool-282-thread-1] INFO  server.RaftServerConfigKeys (ConfUtils.java:logGet(44)) - raft.server.leaderelection.leader.step-down.wait-time = 10s (default)
2022-01-18 05:34:30,479 [pool-282-thread-1] INFO  server.RaftServerConfigKeys (ConfUtils.java:logGet(44)) - raft.server.sleep.deviation.threshold = 300ms (default)
2022-01-18 05:34:30,479 [pool-282-thread-1] INFO  server.RaftServerConfigKeys (ConfUtils.java:logGet(44)) - raft.server.log.appender.install.snapshot.enabled = false (custom)
2022-01-18 05:34:30,479 [pool-282-thread-1] INFO  server.RaftServer$Division (ServerState.java:<init>(105)) - 3327475e-62cb-4ee7-945b-6ce10b093b44@group-DB115239E727: ConfigurationManager, init=-1: [3327475e-62cb-4ee7-945b-6ce10b093b44|rpc:10.1.0.16:38697|dataStream:|priority:1, 67260eab-501e-432c-b67c-83a04ad0151f|rpc:10.1.0.16:38305|dataStream:|priority:0, 3c29bd76-08cb-41c8-a67d-745d6588ade1|rpc:10.1.0.16:33765|dataStream:|priority:0], old=null, confs=<EMPTY_MAP>
2022-01-18 05:34:30,479 [pool-282-thread-1] INFO  server.RaftServerConfigKeys (ConfUtils.java:logGet(44)) - raft.server.storage.dir = [/home/runner/work/ozone/ozone/hadoop-ozone/integration-test/target/test-dir/MiniOzoneClusterImpl-cb7c1fcf-6298-49a9-b20a-40b206c3d36e/datanode-2/data/ratis] (custom)
2022-01-18 05:34:30,480 [pool-282-thread-1] INFO  server.RaftServerConfigKeys (ConfUtils.java:logGet(44)) - raft.server.log.corruption.policy = EXCEPTION (default)
2022-01-18 05:34:30,480 [pool-282-thread-1] INFO  server.RaftServerConfigKeys (ConfUtils.java:logGet(44)) - raft.server.storage.free-space.min = 0MB (=0) (default)
2022-01-18 05:34:30,480 [pool-282-thread-1] INFO  storage.RaftStorageDirectory (RaftStorageDirectoryImpl.java:analyzeStorage(135)) - The storage directory /home/runner/work/ozone/ozone/hadoop-ozone/integration-test/target/test-dir/MiniOzoneClusterImpl-cb7c1fcf-6298-49a9-b20a-40b206c3d36e/datanode-2/data/ratis/59fae8ef-e674-4137-bac0-db115239e727 does not exist. Creating ...
2022-01-18 05:34:30,481 [pool-282-thread-1] INFO  storage.RaftStorageDirectory (RaftStorageDirectoryImpl.java:tryLock(230)) - Lock on /home/runner/work/ozone/ozone/hadoop-ozone/integration-test/target/test-dir/MiniOzoneClusterImpl-cb7c1fcf-6298-49a9-b20a-40b206c3d36e/datanode-2/data/ratis/59fae8ef-e674-4137-bac0-db115239e727/in_use.lock acquired by nodename 21336@fv-az294-84
2022-01-18 05:34:30,489 [pool-282-thread-1] INFO  storage.RaftStorage (RaftStorageImpl.java:format(89)) - Storage directory /home/runner/work/ozone/ozone/hadoop-ozone/integration-test/target/test-dir/MiniOzoneClusterImpl-cb7c1fcf-6298-49a9-b20a-40b206c3d36e/datanode-2/data/ratis/59fae8ef-e674-4137-bac0-db115239e727 has been successfully formatted.
2022-01-18 05:34:30,491 [pool-282-thread-1] INFO  ratis.ContainerStateMachine (ContainerStateMachine.java:loadSnapshot(231)) - group-DB115239E727: The snapshot info is null. Setting the last applied indexto:(t:0, i:~)
2022-01-18 05:34:30,496 [pool-282-thread-1] INFO  server.RaftServerConfigKeys (ConfUtils.java:logGet(44)) - raft.server.notification.no-leader.timeout = 300s (custom)
2022-01-18 05:34:30,496 [pool-282-thread-1] INFO  server.RaftServerConfigKeys (ConfUtils.java:logGet(44)) - raft.server.log.use.memory = false (default)
2022-01-18 05:34:30,496 [pool-282-thread-1] INFO  server.RaftServerConfigKeys (ConfUtils.java:logGet(44)) - raft.server.log.purge.gap = 1000000 (custom)
2022-01-18 05:34:30,496 [pool-282-thread-1] INFO  server.RaftServerConfigKeys (ConfUtils.java:logGet(44)) - raft.server.log.appender.buffer.byte-limit = 33554432 (custom)
2022-01-18 05:34:30,496 [pool-282-thread-1] INFO  server.RaftServerConfigKeys (ConfUtils.java:logGet(44)) - raft.server.log.segment.size.max = 1048576 (custom)
2022-01-18 05:34:30,497 [pool-282-thread-1] INFO  server.RaftServerConfigKeys (ConfUtils.java:logGet(44)) - raft.server.log.segment.cache.num.max = 2 (custom)
2022-01-18 05:34:30,505 [pool-282-thread-1] INFO  server.RaftServerConfigKeys (ConfUtils.java:logGet(44)) - raft.server.log.segment.cache.size.max = 200MB (=209715200) (default)
2022-01-18 05:34:30,506 [pool-282-thread-1] INFO  segmented.SegmentedRaftLogWorker (SegmentedRaftLogWorker.java:<init>(182)) - new 3327475e-62cb-4ee7-945b-6ce10b093b44@group-DB115239E727-SegmentedRaftLogWorker for RaftStorageImpl:Storage Directory /home/runner/work/ozone/ozone/hadoop-ozone/integration-test/target/test-dir/MiniOzoneClusterImpl-cb7c1fcf-6298-49a9-b20a-40b206c3d36e/datanode-2/data/ratis/59fae8ef-e674-4137-bac0-db115239e727
2022-01-18 05:34:30,506 [pool-282-thread-1] INFO  server.RaftServerConfigKeys (ConfUtils.java:logGet(44)) - raft.server.log.queue.byte-limit = 2147483647 (custom)
2022-01-18 05:34:30,506 [pool-282-thread-1] INFO  server.RaftServerConfigKeys (ConfUtils.java:logGet(44)) - raft.server.log.queue.element-limit = 1024 (custom)
2022-01-18 05:34:30,506 [pool-282-thread-1] INFO  server.RaftServerConfigKeys (ConfUtils.java:logGet(44)) - raft.server.log.segment.size.max = 1048576 (custom)
2022-01-18 05:34:30,506 [pool-282-thread-1] INFO  server.RaftServerConfigKeys (ConfUtils.java:logGet(44)) - raft.server.log.preallocated.size = 16384 (custom)
2022-01-18 05:34:30,506 [pool-282-thread-1] INFO  server.RaftServerConfigKeys (ConfUtils.java:logGet(44)) - raft.server.log.force.sync.num = 128 (default)
2022-01-18 05:34:30,506 [pool-282-thread-1] INFO  server.RaftServerConfigKeys (ConfUtils.java:logGet(44)) - raft.server.log.statemachine.data.sync = true (default)
2022-01-18 05:34:30,506 [pool-282-thread-1] INFO  server.RaftServerConfigKeys (ConfUtils.java:logGet(44)) - raft.server.log.statemachine.data.sync.timeout = 10s (default)
2022-01-18 05:34:30,507 [pool-282-thread-1] INFO  server.RaftServerConfigKeys (ConfUtils.java:logGet(44)) - raft.server.log.statemachine.data.sync.timeout.retry = -1 (default)
2022-01-18 05:34:30,508 [pool-282-thread-1] INFO  server.RaftServerConfigKeys (ConfUtils.java:logGet(44)) - raft.server.log.write.buffer.size = 1048576 (custom)
2022-01-18 05:34:30,509 [pool-282-thread-1] INFO  server.RaftServerConfigKeys (ConfUtils.java:logGet(44)) - raft.server.log.statemachine.data.caching.enabled = true (custom)
2022-01-18 05:34:30,509 [pool-282-thread-1] INFO  segmented.SegmentedRaftLogWorker (SegmentedRaftLogWorker.java:lambda$new$0(133)) - 3327475e-62cb-4ee7-945b-6ce10b093b44@group-DB115239E727-SegmentedRaftLogWorker: flushIndex: setUnconditionally 0 -> -1
2022-01-18 05:34:30,510 [pool-282-thread-1] INFO  segmented.SegmentedRaftLogWorker (SegmentedRaftLogWorker.java:lambda$new$0(133)) - 3327475e-62cb-4ee7-945b-6ce10b093b44@group-DB115239E727-SegmentedRaftLogWorker: safeCacheEvictIndex: setUnconditionally 0 -> -1
2022-01-18 05:34:30,510 [pool-282-thread-1] INFO  server.RaftServerConfigKeys (ConfUtils.java:logGet(44)) - raft.server.snapshot.auto.trigger.enabled = true (custom)
2022-01-18 05:34:30,510 [pool-282-thread-1] INFO  server.RaftServerConfigKeys (ConfUtils.java:logGet(44)) - raft.server.snapshot.auto.trigger.threshold = 10000 (custom)
2022-01-18 05:34:30,510 [pool-282-thread-1] INFO  server.RaftServerConfigKeys (ConfUtils.java:logGet(44)) - raft.server.snapshot.retention.file.num = 5 (custom)
2022-01-18 05:34:30,510 [pool-282-thread-1] INFO  server.RaftServerConfigKeys (ConfUtils.java:logGet(44)) - raft.server.log.purge.upto.snapshot.index = false (default)
2022-01-18 05:34:30,510 [pool-282-thread-1] INFO  server.RaftServerConfigKeys (ConfUtils.java:logGet(44)) - raft.server.retrycache.expirytime = 600000ms (custom)
2022-01-18 05:34:30,510 [pool-282-thread-1] INFO  server.RaftServerConfigKeys (ConfUtils.java:logGet(44)) - raft.server.retrycache.statistics.expirytime = 100μs (default)
2022-01-18 05:34:30,511 [pool-282-thread-1] INFO  server.RaftServer$Division (RaftServerImpl.java:start(301)) - 3327475e-62cb-4ee7-945b-6ce10b093b44@group-DB115239E727: start as a follower, conf=-1: [3327475e-62cb-4ee7-945b-6ce10b093b44|rpc:10.1.0.16:38697|dataStream:|priority:1, 67260eab-501e-432c-b67c-83a04ad0151f|rpc:10.1.0.16:38305|dataStream:|priority:0, 3c29bd76-08cb-41c8-a67d-745d6588ade1|rpc:10.1.0.16:33765|dataStream:|priority:0], old=null
2022-01-18 05:34:30,511 [pool-282-thread-1] INFO  server.RaftServer$Division (RaftServerImpl.java:setRole(290)) - 3327475e-62cb-4ee7-945b-6ce10b093b44@group-DB115239E727: changes role from      null to FOLLOWER at term 0 for startAsFollower
2022-01-18 05:34:30,511 [pool-282-thread-1] INFO  impl.RoleInfo (RoleInfo.java:updateAndGet(130)) - 3327475e-62cb-4ee7-945b-6ce10b093b44: start 3327475e-62cb-4ee7-945b-6ce10b093b44@group-DB115239E727-FollowerState
2022-01-18 05:34:30,514 [pool-282-thread-1] INFO  util.JmxRegister (JmxRegister.java:tryRegister(44)) - Successfully registered JMX Bean with object name Ratis:service=RaftServer,group=group-DB115239E727,id=3327475e-62cb-4ee7-945b-6ce10b093b44
2022-01-18 05:34:30,565 [grpc-default-executor-1] INFO  server.RaftServer (RaftServerProxy.java:addNew(95)) - 3c29bd76-08cb-41c8-a67d-745d6588ade1: addNew group-DB115239E727:[3327475e-62cb-4ee7-945b-6ce10b093b44|rpc:10.1.0.16:38697|dataStream:|priority:1, 67260eab-501e-432c-b67c-83a04ad0151f|rpc:10.1.0.16:38305|dataStream:|priority:0, 3c29bd76-08cb-41c8-a67d-745d6588ade1|rpc:10.1.0.16:33765|dataStream:|priority:0] returns group-DB115239E727:java.util.concurrent.CompletableFuture@7a17945[Not completed]
2022-01-18 05:34:30,571 [pool-261-thread-1] INFO  server.RaftServer$Division (RaftServerImpl.java:<init>(184)) - 3c29bd76-08cb-41c8-a67d-745d6588ade1: new RaftServerImpl for group-DB115239E727:[3327475e-62cb-4ee7-945b-6ce10b093b44|rpc:10.1.0.16:38697|dataStream:|priority:1, 67260eab-501e-432c-b67c-83a04ad0151f|rpc:10.1.0.16:38305|dataStream:|priority:0, 3c29bd76-08cb-41c8-a67d-745d6588ade1|rpc:10.1.0.16:33765|dataStream:|priority:0] with ContainerStateMachine:uninitialized
2022-01-18 05:34:30,572 [pool-261-thread-1] INFO  server.RaftServerConfigKeys (ConfUtils.java:logGet(44)) - raft.server.rpc.timeout.min = 5s (custom)
2022-01-18 05:34:30,572 [pool-261-thread-1] INFO  server.RaftServerConfigKeys (ConfUtils.java:logGet(44)) - raft.server.rpc.timeout.max = 5200ms (custom)
2022-01-18 05:34:30,572 [pool-261-thread-1] INFO  server.RaftServerConfigKeys (ConfUtils.java:logGet(44)) - raft.server.rpc.sleep.time = 25ms (default)
2022-01-18 05:34:30,572 [pool-261-thread-1] INFO  server.RaftServerConfigKeys (ConfUtils.java:logGet(44)) - raft.server.rpc.slowness.timeout = 300s (custom)
2022-01-18 05:34:30,572 [pool-261-thread-1] INFO  server.RaftServerConfigKeys (ConfUtils.java:logGet(44)) - raft.server.leaderelection.leader.step-down.wait-time = 10s (default)
2022-01-18 05:34:30,572 [pool-261-thread-1] INFO  server.RaftServerConfigKeys (ConfUtils.java:logGet(44)) - raft.server.sleep.deviation.threshold = 300ms (default)
2022-01-18 05:34:30,572 [pool-261-thread-1] INFO  server.RaftServerConfigKeys (ConfUtils.java:logGet(44)) - raft.server.log.appender.install.snapshot.enabled = false (custom)
2022-01-18 05:34:30,572 [pool-261-thread-1] INFO  server.RaftServer$Division (ServerState.java:<init>(105)) - 3c29bd76-08cb-41c8-a67d-745d6588ade1@group-DB115239E727: ConfigurationManager, init=-1: [3327475e-62cb-4ee7-945b-6ce10b093b44|rpc:10.1.0.16:38697|dataStream:|priority:1, 67260eab-501e-432c-b67c-83a04ad0151f|rpc:10.1.0.16:38305|dataStream:|priority:0, 3c29bd76-08cb-41c8-a67d-745d6588ade1|rpc:10.1.0.16:33765|dataStream:|priority:0], old=null, confs=<EMPTY_MAP>
2022-01-18 05:34:30,573 [pool-261-thread-1] INFO  server.RaftServerConfigKeys (ConfUtils.java:logGet(44)) - raft.server.storage.dir = [/home/runner/work/ozone/ozone/hadoop-ozone/integration-test/target/test-dir/MiniOzoneClusterImpl-cb7c1fcf-6298-49a9-b20a-40b206c3d36e/datanode-1/data/ratis] (custom)
2022-01-18 05:34:30,573 [pool-261-thread-1] INFO  server.RaftServerConfigKeys (ConfUtils.java:logGet(44)) - raft.server.log.corruption.policy = EXCEPTION (default)
2022-01-18 05:34:30,573 [pool-261-thread-1] INFO  server.RaftServerConfigKeys (ConfUtils.java:logGet(44)) - raft.server.storage.free-space.min = 0MB (=0) (default)
2022-01-18 05:34:30,573 [pool-261-thread-1] INFO  storage.RaftStorageDirectory (RaftStorageDirectoryImpl.java:analyzeStorage(135)) - The storage directory /home/runner/work/ozone/ozone/hadoop-ozone/integration-test/target/test-dir/MiniOzoneClusterImpl-cb7c1fcf-6298-49a9-b20a-40b206c3d36e/datanode-1/data/ratis/59fae8ef-e674-4137-bac0-db115239e727 does not exist. Creating ...
2022-01-18 05:34:30,576 [pool-261-thread-1] INFO  storage.RaftStorageDirectory (RaftStorageDirectoryImpl.java:tryLock(230)) - Lock on /home/runner/work/ozone/ozone/hadoop-ozone/integration-test/target/test-dir/MiniOzoneClusterImpl-cb7c1fcf-6298-49a9-b20a-40b206c3d36e/datanode-1/data/ratis/59fae8ef-e674-4137-bac0-db115239e727/in_use.lock acquired by nodename 21336@fv-az294-84
2022-01-18 05:34:30,577 [pool-261-thread-1] INFO  storage.RaftStorage (RaftStorageImpl.java:format(89)) - Storage directory /home/runner/work/ozone/ozone/hadoop-ozone/integration-test/target/test-dir/MiniOzoneClusterImpl-cb7c1fcf-6298-49a9-b20a-40b206c3d36e/datanode-1/data/ratis/59fae8ef-e674-4137-bac0-db115239e727 has been successfully formatted.
2022-01-18 05:34:30,585 [pool-261-thread-1] INFO  ratis.ContainerStateMachine (ContainerStateMachine.java:loadSnapshot(231)) - group-DB115239E727: The snapshot info is null. Setting the last applied indexto:(t:0, i:~)
2022-01-18 05:34:30,586 [pool-261-thread-1] INFO  server.RaftServerConfigKeys (ConfUtils.java:logGet(44)) - raft.server.notification.no-leader.timeout = 300s (custom)
2022-01-18 05:34:30,586 [pool-261-thread-1] INFO  server.RaftServerConfigKeys (ConfUtils.java:logGet(44)) - raft.server.log.use.memory = false (default)
2022-01-18 05:34:30,586 [pool-261-thread-1] INFO  server.RaftServerConfigKeys (ConfUtils.java:logGet(44)) - raft.server.log.purge.gap = 1000000 (custom)
2022-01-18 05:34:30,586 [pool-261-thread-1] INFO  server.RaftServerConfigKeys (ConfUtils.java:logGet(44)) - raft.server.log.appender.buffer.byte-limit = 33554432 (custom)
2022-01-18 05:34:30,586 [pool-261-thread-1] INFO  server.RaftServerConfigKeys (ConfUtils.java:logGet(44)) - raft.server.log.segment.size.max = 1048576 (custom)
2022-01-18 05:34:30,586 [pool-261-thread-1] INFO  server.RaftServerConfigKeys (ConfUtils.java:logGet(44)) - raft.server.log.segment.cache.num.max = 2 (custom)
2022-01-18 05:34:30,586 [pool-261-thread-1] INFO  server.RaftServerConfigKeys (ConfUtils.java:logGet(44)) - raft.server.log.segment.cache.size.max = 200MB (=209715200) (default)
2022-01-18 05:34:30,586 [pool-261-thread-1] INFO  segmented.SegmentedRaftLogWorker (SegmentedRaftLogWorker.java:<init>(182)) - new 3c29bd76-08cb-41c8-a67d-745d6588ade1@group-DB115239E727-SegmentedRaftLogWorker for RaftStorageImpl:Storage Directory /home/runner/work/ozone/ozone/hadoop-ozone/integration-test/target/test-dir/MiniOzoneClusterImpl-cb7c1fcf-6298-49a9-b20a-40b206c3d36e/datanode-1/data/ratis/59fae8ef-e674-4137-bac0-db115239e727
2022-01-18 05:34:30,586 [pool-261-thread-1] INFO  server.RaftServerConfigKeys (ConfUtils.java:logGet(44)) - raft.server.log.queue.byte-limit = 2147483647 (custom)
2022-01-18 05:34:30,586 [pool-261-thread-1] INFO  server.RaftServerConfigKeys (ConfUtils.java:logGet(44)) - raft.server.log.queue.element-limit = 1024 (custom)
2022-01-18 05:34:30,586 [pool-261-thread-1] INFO  server.RaftServerConfigKeys (ConfUtils.java:logGet(44)) - raft.server.log.segment.size.max = 1048576 (custom)
2022-01-18 05:34:30,586 [pool-261-thread-1] INFO  server.RaftServerConfigKeys (ConfUtils.java:logGet(44)) - raft.server.log.preallocated.size = 16384 (custom)
2022-01-18 05:34:30,587 [pool-261-thread-1] INFO  server.RaftServerConfigKeys (ConfUtils.java:logGet(44)) - raft.server.log.force.sync.num = 128 (default)
2022-01-18 05:34:30,587 [pool-261-thread-1] INFO  server.RaftServerConfigKeys (ConfUtils.java:logGet(44)) - raft.server.log.statemachine.data.sync = true (default)
2022-01-18 05:34:30,587 [pool-261-thread-1] INFO  server.RaftServerConfigKeys (ConfUtils.java:logGet(44)) - raft.server.log.statemachine.data.sync.timeout = 10s (default)
2022-01-18 05:34:30,587 [pool-261-thread-1] INFO  server.RaftServerConfigKeys (ConfUtils.java:logGet(44)) - raft.server.log.statemachine.data.sync.timeout.retry = -1 (default)
2022-01-18 05:34:30,587 [pool-261-thread-1] INFO  server.RaftServerConfigKeys (ConfUtils.java:logGet(44)) - raft.server.log.write.buffer.size = 1048576 (custom)
2022-01-18 05:34:30,588 [pool-261-thread-1] INFO  server.RaftServerConfigKeys (ConfUtils.java:logGet(44)) - raft.server.log.statemachine.data.caching.enabled = true (custom)
2022-01-18 05:34:30,588 [pool-261-thread-1] INFO  segmented.SegmentedRaftLogWorker (SegmentedRaftLogWorker.java:lambda$new$0(133)) - 3c29bd76-08cb-41c8-a67d-745d6588ade1@group-DB115239E727-SegmentedRaftLogWorker: flushIndex: setUnconditionally 0 -> -1
2022-01-18 05:34:30,588 [pool-261-thread-1] INFO  segmented.SegmentedRaftLogWorker (SegmentedRaftLogWorker.java:lambda$new$0(133)) - 3c29bd76-08cb-41c8-a67d-745d6588ade1@group-DB115239E727-SegmentedRaftLogWorker: safeCacheEvictIndex: setUnconditionally 0 -> -1
2022-01-18 05:34:30,597 [pool-261-thread-1] INFO  server.RaftServerConfigKeys (ConfUtils.java:logGet(44)) - raft.server.snapshot.auto.trigger.enabled = true (custom)
2022-01-18 05:34:30,597 [pool-261-thread-1] INFO  server.RaftServerConfigKeys (ConfUtils.java:logGet(44)) - raft.server.snapshot.auto.trigger.threshold = 10000 (custom)
2022-01-18 05:34:30,597 [pool-261-thread-1] INFO  server.RaftServerConfigKeys (ConfUtils.java:logGet(44)) - raft.server.snapshot.retention.file.num = 5 (custom)
2022-01-18 05:34:30,597 [pool-261-thread-1] INFO  server.RaftServerConfigKeys (ConfUtils.java:logGet(44)) - raft.server.log.purge.upto.snapshot.index = false (default)
2022-01-18 05:34:30,597 [pool-261-thread-1] INFO  server.RaftServerConfigKeys (ConfUtils.java:logGet(44)) - raft.server.retrycache.expirytime = 600000ms (custom)
2022-01-18 05:34:30,597 [pool-261-thread-1] INFO  server.RaftServerConfigKeys (ConfUtils.java:logGet(44)) - raft.server.retrycache.statistics.expirytime = 100μs (default)
2022-01-18 05:34:30,598 [pool-261-thread-1] INFO  server.RaftServer$Division (RaftServerImpl.java:start(301)) - 3c29bd76-08cb-41c8-a67d-745d6588ade1@group-DB115239E727: start as a follower, conf=-1: [3327475e-62cb-4ee7-945b-6ce10b093b44|rpc:10.1.0.16:38697|dataStream:|priority:1, 67260eab-501e-432c-b67c-83a04ad0151f|rpc:10.1.0.16:38305|dataStream:|priority:0, 3c29bd76-08cb-41c8-a67d-745d6588ade1|rpc:10.1.0.16:33765|dataStream:|priority:0], old=null
2022-01-18 05:34:30,598 [pool-261-thread-1] INFO  server.RaftServer$Division (RaftServerImpl.java:setRole(290)) - 3c29bd76-08cb-41c8-a67d-745d6588ade1@group-DB115239E727: changes role from      null to FOLLOWER at term 0 for startAsFollower
2022-01-18 05:34:30,598 [pool-261-thread-1] INFO  impl.RoleInfo (RoleInfo.java:updateAndGet(130)) - 3c29bd76-08cb-41c8-a67d-745d6588ade1: start 3c29bd76-08cb-41c8-a67d-745d6588ade1@group-DB115239E727-FollowerState
2022-01-18 05:34:30,608 [pool-261-thread-1] INFO  util.JmxRegister (JmxRegister.java:tryRegister(44)) - Successfully registered JMX Bean with object name Ratis:service=RaftServer,group=group-DB115239E727,id=3c29bd76-08cb-41c8-a67d-745d6588ade1
2022-01-18 05:34:30,634 [Command processor thread] INFO  commandhandler.CreatePipelineCommandHandler (CreatePipelineCommandHandler.java:handle(106)) - Created Pipeline RATIS THREE PipelineID=59fae8ef-e674-4137-bac0-db115239e727.
2022-01-18 05:34:30,681 [Command processor thread] INFO  server.RaftServer (RaftServerProxy.java:addNew(95)) - 3c29bd76-08cb-41c8-a67d-745d6588ade1: addNew group-15B0F351C6C8:[3c29bd76-08cb-41c8-a67d-745d6588ade1|rpc:10.1.0.16:33765|priority:1] returns group-15B0F351C6C8:java.util.concurrent.CompletableFuture@155d2aa3[Not completed]
2022-01-18 05:34:30,682 [pool-261-thread-1] INFO  server.RaftServer$Division (RaftServerImpl.java:<init>(184)) - 3c29bd76-08cb-41c8-a67d-745d6588ade1: new RaftServerImpl for group-15B0F351C6C8:[3c29bd76-08cb-41c8-a67d-745d6588ade1|rpc:10.1.0.16:33765|priority:1] with ContainerStateMachine:uninitialized
2022-01-18 05:34:30,682 [pool-261-thread-1] INFO  server.RaftServerConfigKeys (ConfUtils.java:logGet(44)) - raft.server.rpc.timeout.min = 5s (custom)
2022-01-18 05:34:30,682 [pool-261-thread-1] INFO  server.RaftServerConfigKeys (ConfUtils.java:logGet(44)) - raft.server.rpc.timeout.max = 5200ms (custom)
2022-01-18 05:34:30,682 [pool-261-thread-1] INFO  server.RaftServerConfigKeys (ConfUtils.java:logGet(44)) - raft.server.rpc.sleep.time = 25ms (default)
2022-01-18 05:34:30,682 [pool-261-thread-1] INFO  server.RaftServerConfigKeys (ConfUtils.java:logGet(44)) - raft.server.rpc.slowness.timeout = 300s (custom)
2022-01-18 05:34:30,682 [pool-261-thread-1] INFO  server.RaftServerConfigKeys (ConfUtils.java:logGet(44)) - raft.server.leaderelection.leader.step-down.wait-time = 10s (default)
2022-01-18 05:34:30,682 [pool-261-thread-1] INFO  server.RaftServerConfigKeys (ConfUtils.java:logGet(44)) - raft.server.sleep.deviation.threshold = 300ms (default)
2022-01-18 05:34:30,682 [pool-261-thread-1] INFO  server.RaftServerConfigKeys (ConfUtils.java:logGet(44)) - raft.server.log.appender.install.snapshot.enabled = false (custom)
2022-01-18 05:34:30,682 [pool-261-thread-1] INFO  server.RaftServer$Division (ServerState.java:<init>(105)) - 3c29bd76-08cb-41c8-a67d-745d6588ade1@group-15B0F351C6C8: ConfigurationManager, init=-1: [3c29bd76-08cb-41c8-a67d-745d6588ade1|rpc:10.1.0.16:33765|priority:1], old=null, confs=<EMPTY_MAP>
2022-01-18 05:34:30,682 [pool-261-thread-1] INFO  server.RaftServerConfigKeys (ConfUtils.java:logGet(44)) - raft.server.storage.dir = [/home/runner/work/ozone/ozone/hadoop-ozone/integration-test/target/test-dir/MiniOzoneClusterImpl-cb7c1fcf-6298-49a9-b20a-40b206c3d36e/datanode-1/data/ratis] (custom)
2022-01-18 05:34:30,682 [pool-261-thread-1] INFO  server.RaftServerConfigKeys (ConfUtils.java:logGet(44)) - raft.server.log.corruption.policy = EXCEPTION (default)
2022-01-18 05:34:30,683 [pool-261-thread-1] INFO  server.RaftServerConfigKeys (ConfUtils.java:logGet(44)) - raft.server.storage.free-space.min = 0MB (=0) (default)
2022-01-18 05:34:30,683 [pool-261-thread-1] INFO  storage.RaftStorageDirectory (RaftStorageDirectoryImpl.java:analyzeStorage(135)) - The storage directory /home/runner/work/ozone/ozone/hadoop-ozone/integration-test/target/test-dir/MiniOzoneClusterImpl-cb7c1fcf-6298-49a9-b20a-40b206c3d36e/datanode-1/data/ratis/44b7568f-f2fd-4131-b7d5-15b0f351c6c8 does not exist. Creating ...
2022-01-18 05:34:30,685 [pool-261-thread-1] INFO  storage.RaftStorageDirectory (RaftStorageDirectoryImpl.java:tryLock(230)) - Lock on /home/runner/work/ozone/ozone/hadoop-ozone/integration-test/target/test-dir/MiniOzoneClusterImpl-cb7c1fcf-6298-49a9-b20a-40b206c3d36e/datanode-1/data/ratis/44b7568f-f2fd-4131-b7d5-15b0f351c6c8/in_use.lock acquired by nodename 21336@fv-az294-84
2022-01-18 05:34:30,689 [pool-261-thread-1] INFO  storage.RaftStorage (RaftStorageImpl.java:format(89)) - Storage directory /home/runner/work/ozone/ozone/hadoop-ozone/integration-test/target/test-dir/MiniOzoneClusterImpl-cb7c1fcf-6298-49a9-b20a-40b206c3d36e/datanode-1/data/ratis/44b7568f-f2fd-4131-b7d5-15b0f351c6c8 has been successfully formatted.
2022-01-18 05:34:30,689 [pool-261-thread-1] INFO  ratis.ContainerStateMachine (ContainerStateMachine.java:loadSnapshot(231)) - group-15B0F351C6C8: The snapshot info is null. Setting the last applied indexto:(t:0, i:~)
2022-01-18 05:34:30,690 [pool-261-thread-1] INFO  server.RaftServerConfigKeys (ConfUtils.java:logGet(44)) - raft.server.notification.no-leader.timeout = 300s (custom)
2022-01-18 05:34:30,690 [pool-261-thread-1] INFO  server.RaftServerConfigKeys (ConfUtils.java:logGet(44)) - raft.server.log.use.memory = false (default)
2022-01-18 05:34:30,690 [pool-261-thread-1] INFO  server.RaftServerConfigKeys (ConfUtils.java:logGet(44)) - raft.server.log.purge.gap = 1000000 (custom)
2022-01-18 05:34:30,690 [pool-261-thread-1] INFO  server.RaftServerConfigKeys (ConfUtils.java:logGet(44)) - raft.server.log.appender.buffer.byte-limit = 33554432 (custom)
2022-01-18 05:34:30,690 [pool-261-thread-1] INFO  server.RaftServerConfigKeys (ConfUtils.java:logGet(44)) - raft.server.log.segment.size.max = 1048576 (custom)
2022-01-18 05:34:30,690 [pool-261-thread-1] INFO  server.RaftServerConfigKeys (ConfUtils.java:logGet(44)) - raft.server.log.segment.cache.num.max = 2 (custom)
2022-01-18 05:34:30,690 [pool-261-thread-1] INFO  server.RaftServerConfigKeys (ConfUtils.java:logGet(44)) - raft.server.log.segment.cache.size.max = 200MB (=209715200) (default)
2022-01-18 05:34:30,690 [pool-261-thread-1] INFO  segmented.SegmentedRaftLogWorker (SegmentedRaftLogWorker.java:<init>(182)) - new 3c29bd76-08cb-41c8-a67d-745d6588ade1@group-15B0F351C6C8-SegmentedRaftLogWorker for RaftStorageImpl:Storage Directory /home/runner/work/ozone/ozone/hadoop-ozone/integration-test/target/test-dir/MiniOzoneClusterImpl-cb7c1fcf-6298-49a9-b20a-40b206c3d36e/datanode-1/data/ratis/44b7568f-f2fd-4131-b7d5-15b0f351c6c8
2022-01-18 05:34:30,690 [pool-261-thread-1] INFO  server.RaftServerConfigKeys (ConfUtils.java:logGet(44)) - raft.server.log.queue.byte-limit = 2147483647 (custom)
2022-01-18 05:34:30,690 [pool-261-thread-1] INFO  server.RaftServerConfigKeys (ConfUtils.java:logGet(44)) - raft.server.log.queue.element-limit = 1024 (custom)
2022-01-18 05:34:30,690 [pool-261-thread-1] INFO  server.RaftServerConfigKeys (ConfUtils.java:logGet(44)) - raft.server.log.segment.size.max = 1048576 (custom)
2022-01-18 05:34:30,690 [pool-261-thread-1] INFO  server.RaftServerConfigKeys (ConfUtils.java:logGet(44)) - raft.server.log.preallocated.size = 16384 (custom)
2022-01-18 05:34:30,690 [pool-261-thread-1] INFO  server.RaftServerConfigKeys (ConfUtils.java:logGet(44)) - raft.server.log.force.sync.num = 128 (default)
2022-01-18 05:34:30,690 [pool-261-thread-1] INFO  server.RaftServerConfigKeys (ConfUtils.java:logGet(44)) - raft.server.log.statemachine.data.sync = true (default)
2022-01-18 05:34:30,691 [pool-261-thread-1] INFO  server.RaftServerConfigKeys (ConfUtils.java:logGet(44)) - raft.server.log.statemachine.data.sync.timeout = 10s (default)
2022-01-18 05:34:30,691 [pool-261-thread-1] INFO  server.RaftServerConfigKeys (ConfUtils.java:logGet(44)) - raft.server.log.statemachine.data.sync.timeout.retry = -1 (default)
2022-01-18 05:34:30,691 [pool-261-thread-1] INFO  server.RaftServerConfigKeys (ConfUtils.java:logGet(44)) - raft.server.log.write.buffer.size = 1048576 (custom)
2022-01-18 05:34:30,691 [EventQueue-PipelineReportForPipelineReportHandler] INFO  pipeline.PipelineManagerImpl (PipelineManagerImpl.java:openPipeline(291)) - Pipeline Pipeline[ Id: 44b7568f-f2fd-4131-b7d5-15b0f351c6c8, Nodes: 3c29bd76-08cb-41c8-a67d-745d6588ade1{ip: 10.1.0.16, host: fv-az294-84.eaanfquahm5ulb5tj050gcxych.jx.internal.cloudapp.net, ports: [REPLICATION=46343, RATIS=33765, RATIS_ADMIN=33765, RATIS_SERVER=33765, STANDALONE=39395], networkLocation: /default-rack, certSerialId: null, persistedOpState: IN_SERVICE, persistedOpStateExpiryEpochSec: 0}, ReplicationConfig: RATIS/ONE, State:ALLOCATED, leaderId:3c29bd76-08cb-41c8-a67d-745d6588ade1, CreationTimestamp2022-01-18T05:34:27.684Z[Etc/UTC]] moved to OPEN state
2022-01-18 05:34:30,692 [pool-261-thread-1] INFO  server.RaftServerConfigKeys (ConfUtils.java:logGet(44)) - raft.server.log.statemachine.data.caching.enabled = true (custom)
2022-01-18 05:34:30,692 [pool-261-thread-1] INFO  segmented.SegmentedRaftLogWorker (SegmentedRaftLogWorker.java:lambda$new$0(133)) - 3c29bd76-08cb-41c8-a67d-745d6588ade1@group-15B0F351C6C8-SegmentedRaftLogWorker: flushIndex: setUnconditionally 0 -> -1
2022-01-18 05:34:30,692 [pool-261-thread-1] INFO  segmented.SegmentedRaftLogWorker (SegmentedRaftLogWorker.java:lambda$new$0(133)) - 3c29bd76-08cb-41c8-a67d-745d6588ade1@group-15B0F351C6C8-SegmentedRaftLogWorker: safeCacheEvictIndex: setUnconditionally 0 -> -1
2022-01-18 05:34:30,698 [c5b8eab1-b612-476d-b44f-3a1e5cc4ac80@group-40B206C3D36E-StateMachineUpdater] INFO  safemode.HealthyPipelineSafeModeRule (HealthyPipelineSafeModeRule.java:initializeRule(152)) - Refreshed total pipeline count is 0, healthy pipeline threshold count is 1
2022-01-18 05:34:30,708 [EventQueue-PipelineReportForPipelineReportHandler] INFO  ha.SCMHAInvocationHandler (SCMHAInvocationHandler.java:invokeRatis(113)) - Invoking method public abstract void org.apache.hadoop.hdds.scm.pipeline.PipelineStateManager.updatePipelineState(org.apache.hadoop.hdds.protocol.proto.HddsProtos$PipelineID,org.apache.hadoop.hdds.protocol.proto.HddsProtos$PipelineState) throws java.io.IOException on target org.apache.hadoop.hdds.scm.ha.SCMRatisServerImpl@b48d83a, cost 16114.817us
2022-01-18 05:34:30,708 [EventQueue-OpenPipelineForHealthyPipelineSafeModeRule] INFO  safemode.SCMSafeModeManager (HealthyPipelineSafeModeRule.java:process(124)) - SCM in safe mode. Healthy pipelines reported count is 0, required healthy pipeline reported count is 1
2022-01-18 05:34:30,708 [pool-261-thread-1] INFO  server.RaftServerConfigKeys (ConfUtils.java:logGet(44)) - raft.server.snapshot.auto.trigger.enabled = true (custom)
2022-01-18 05:34:30,708 [pool-261-thread-1] INFO  server.RaftServerConfigKeys (ConfUtils.java:logGet(44)) - raft.server.snapshot.auto.trigger.threshold = 10000 (custom)
2022-01-18 05:34:30,708 [pool-261-thread-1] INFO  server.RaftServerConfigKeys (ConfUtils.java:logGet(44)) - raft.server.snapshot.retention.file.num = 5 (custom)
2022-01-18 05:34:30,708 [pool-261-thread-1] INFO  server.RaftServerConfigKeys (ConfUtils.java:logGet(44)) - raft.server.log.purge.upto.snapshot.index = false (default)
2022-01-18 05:34:30,708 [pool-261-thread-1] INFO  server.RaftServerConfigKeys (ConfUtils.java:logGet(44)) - raft.server.retrycache.expirytime = 600000ms (custom)
2022-01-18 05:34:30,709 [pool-261-thread-1] INFO  server.RaftServerConfigKeys (ConfUtils.java:logGet(44)) - raft.server.retrycache.statistics.expirytime = 100μs (default)
2022-01-18 05:34:30,710 [pool-261-thread-1] INFO  server.RaftServer$Division (RaftServerImpl.java:start(301)) - 3c29bd76-08cb-41c8-a67d-745d6588ade1@group-15B0F351C6C8: start as a follower, conf=-1: [3c29bd76-08cb-41c8-a67d-745d6588ade1|rpc:10.1.0.16:33765|priority:1], old=null
2022-01-18 05:34:30,710 [pool-261-thread-1] INFO  server.RaftServer$Division (RaftServerImpl.java:setRole(290)) - 3c29bd76-08cb-41c8-a67d-745d6588ade1@group-15B0F351C6C8: changes role from      null to FOLLOWER at term 0 for startAsFollower
2022-01-18 05:34:30,710 [pool-261-thread-1] INFO  impl.RoleInfo (RoleInfo.java:updateAndGet(130)) - 3c29bd76-08cb-41c8-a67d-745d6588ade1: start 3c29bd76-08cb-41c8-a67d-745d6588ade1@group-15B0F351C6C8-FollowerState
2022-01-18 05:34:30,715 [pool-261-thread-1] INFO  util.JmxRegister (JmxRegister.java:tryRegister(44)) - Successfully registered JMX Bean with object name Ratis:service=RaftServer,group=group-15B0F351C6C8,id=3c29bd76-08cb-41c8-a67d-745d6588ade1
2022-01-18 05:34:30,720 [Command processor thread] INFO  ratis.XceiverServerRatis (XceiverServerRatis.java:addGroup(768)) - Created group PipelineID=44b7568f-f2fd-4131-b7d5-15b0f351c6c8
2022-01-18 05:34:30,720 [Command processor thread] INFO  commandhandler.CreatePipelineCommandHandler (CreatePipelineCommandHandler.java:handle(106)) - Created Pipeline RATIS ONE PipelineID=44b7568f-f2fd-4131-b7d5-15b0f351c6c8.
2022-01-18 05:34:31,198 [Listener at 127.0.0.1/37357] INFO  ozone.MiniOzoneClusterImpl (MiniOzoneClusterImpl.java:lambda$waitForClusterToBeReady$0(219)) - Nodes are ready. Got 3 of 3 DN Heartbeats.
2022-01-18 05:34:31,199 [Listener at 127.0.0.1/37357] INFO  ozone.MiniOzoneClusterImpl (MiniOzoneClusterImpl.java:lambda$waitForClusterToBeReady$0(222)) - Waiting for cluster to exit safe mode
2022-01-18 05:34:31,199 [Listener at 127.0.0.1/37357] INFO  ozone.MiniOzoneClusterImpl (MiniOzoneClusterImpl.java:lambda$waitForClusterToBeReady$0(224)) - SCM became leader
2022-01-18 05:34:31,270 [Command processor thread] INFO  server.RaftServer (RaftServerProxy.java:addNew(95)) - 3327475e-62cb-4ee7-945b-6ce10b093b44: addNew group-E40B6676F8C7:[3327475e-62cb-4ee7-945b-6ce10b093b44|rpc:10.1.0.16:38697|priority:1] returns group-E40B6676F8C7:java.util.concurrent.CompletableFuture@3215bc9b[Not completed]
2022-01-18 05:34:31,272 [pool-282-thread-1] INFO  server.RaftServer$Division (RaftServerImpl.java:<init>(184)) - 3327475e-62cb-4ee7-945b-6ce10b093b44: new RaftServerImpl for group-E40B6676F8C7:[3327475e-62cb-4ee7-945b-6ce10b093b44|rpc:10.1.0.16:38697|priority:1] with ContainerStateMachine:uninitialized
2022-01-18 05:34:31,272 [pool-282-thread-1] INFO  server.RaftServerConfigKeys (ConfUtils.java:logGet(44)) - raft.server.rpc.timeout.min = 5s (custom)
2022-01-18 05:34:31,272 [pool-282-thread-1] INFO  server.RaftServerConfigKeys (ConfUtils.java:logGet(44)) - raft.server.rpc.timeout.max = 5200ms (custom)
2022-01-18 05:34:31,272 [pool-282-thread-1] INFO  server.RaftServerConfigKeys (ConfUtils.java:logGet(44)) - raft.server.rpc.sleep.time = 25ms (default)
2022-01-18 05:34:31,272 [pool-282-thread-1] INFO  server.RaftServerConfigKeys (ConfUtils.java:logGet(44)) - raft.server.rpc.slowness.timeout = 300s (custom)
2022-01-18 05:34:31,272 [pool-282-thread-1] INFO  server.RaftServerConfigKeys (ConfUtils.java:logGet(44)) - raft.server.leaderelection.leader.step-down.wait-time = 10s (default)
2022-01-18 05:34:31,272 [pool-282-thread-1] INFO  server.RaftServerConfigKeys (ConfUtils.java:logGet(44)) - raft.server.sleep.deviation.threshold = 300ms (default)
2022-01-18 05:34:31,272 [pool-282-thread-1] INFO  server.RaftServerConfigKeys (ConfUtils.java:logGet(44)) - raft.server.log.appender.install.snapshot.enabled = false (custom)
2022-01-18 05:34:31,272 [pool-282-thread-1] INFO  server.RaftServer$Division (ServerState.java:<init>(105)) - 3327475e-62cb-4ee7-945b-6ce10b093b44@group-E40B6676F8C7: ConfigurationManager, init=-1: [3327475e-62cb-4ee7-945b-6ce10b093b44|rpc:10.1.0.16:38697|priority:1], old=null, confs=<EMPTY_MAP>
2022-01-18 05:34:31,272 [pool-282-thread-1] INFO  server.RaftServerConfigKeys (ConfUtils.java:logGet(44)) - raft.server.storage.dir = [/home/runner/work/ozone/ozone/hadoop-ozone/integration-test/target/test-dir/MiniOzoneClusterImpl-cb7c1fcf-6298-49a9-b20a-40b206c3d36e/datanode-2/data/ratis] (custom)
2022-01-18 05:34:31,272 [pool-282-thread-1] INFO  server.RaftServerConfigKeys (ConfUtils.java:logGet(44)) - raft.server.log.corruption.policy = EXCEPTION (default)
2022-01-18 05:34:31,272 [pool-282-thread-1] INFO  server.RaftServerConfigKeys (ConfUtils.java:logGet(44)) - raft.server.storage.free-space.min = 0MB (=0) (default)
2022-01-18 05:34:31,272 [pool-282-thread-1] INFO  storage.RaftStorageDirectory (RaftStorageDirectoryImpl.java:analyzeStorage(135)) - The storage directory /home/runner/work/ozone/ozone/hadoop-ozone/integration-test/target/test-dir/MiniOzoneClusterImpl-cb7c1fcf-6298-49a9-b20a-40b206c3d36e/datanode-2/data/ratis/72fd4272-f57c-47ea-82a5-e40b6676f8c7 does not exist. Creating ...
2022-01-18 05:34:31,277 [pool-282-thread-1] INFO  storage.RaftStorageDirectory (RaftStorageDirectoryImpl.java:tryLock(230)) - Lock on /home/runner/work/ozone/ozone/hadoop-ozone/integration-test/target/test-dir/MiniOzoneClusterImpl-cb7c1fcf-6298-49a9-b20a-40b206c3d36e/datanode-2/data/ratis/72fd4272-f57c-47ea-82a5-e40b6676f8c7/in_use.lock acquired by nodename 21336@fv-az294-84
2022-01-18 05:34:31,279 [pool-282-thread-1] INFO  storage.RaftStorage (RaftStorageImpl.java:format(89)) - Storage directory /home/runner/work/ozone/ozone/hadoop-ozone/integration-test/target/test-dir/MiniOzoneClusterImpl-cb7c1fcf-6298-49a9-b20a-40b206c3d36e/datanode-2/data/ratis/72fd4272-f57c-47ea-82a5-e40b6676f8c7 has been successfully formatted.
2022-01-18 05:34:31,281 [pool-282-thread-1] INFO  ratis.ContainerStateMachine (ContainerStateMachine.java:loadSnapshot(231)) - group-E40B6676F8C7: The snapshot info is null. Setting the last applied indexto:(t:0, i:~)
2022-01-18 05:34:31,281 [pool-282-thread-1] INFO  server.RaftServerConfigKeys (ConfUtils.java:logGet(44)) - raft.server.notification.no-leader.timeout = 300s (custom)
2022-01-18 05:34:31,281 [pool-282-thread-1] INFO  server.RaftServerConfigKeys (ConfUtils.java:logGet(44)) - raft.server.log.use.memory = false (default)
2022-01-18 05:34:31,281 [EventQueue-PipelineReportForPipelineReportHandler] INFO  pipeline.PipelineManagerImpl (PipelineManagerImpl.java:openPipeline(291)) - Pipeline Pipeline[ Id: 72fd4272-f57c-47ea-82a5-e40b6676f8c7, Nodes: 3327475e-62cb-4ee7-945b-6ce10b093b44{ip: 10.1.0.16, host: fv-az294-84.eaanfquahm5ulb5tj050gcxych.jx.internal.cloudapp.net, ports: [REPLICATION=42961, RATIS=38697, RATIS_ADMIN=38697, RATIS_SERVER=38697, STANDALONE=34187], networkLocation: /default-rack, certSerialId: null, persistedOpState: IN_SERVICE, persistedOpStateExpiryEpochSec: 0}, ReplicationConfig: RATIS/ONE, State:ALLOCATED, leaderId:3327475e-62cb-4ee7-945b-6ce10b093b44, CreationTimestamp2022-01-18T05:34:28.273Z[Etc/UTC]] moved to OPEN state
2022-01-18 05:34:31,283 [pool-282-thread-1] INFO  server.RaftServerConfigKeys (ConfUtils.java:logGet(44)) - raft.server.log.purge.gap = 1000000 (custom)
2022-01-18 05:34:31,283 [pool-282-thread-1] INFO  server.RaftServerConfigKeys (ConfUtils.java:logGet(44)) - raft.server.log.appender.buffer.byte-limit = 33554432 (custom)
2022-01-18 05:34:31,284 [c5b8eab1-b612-476d-b44f-3a1e5cc4ac80@group-40B206C3D36E-StateMachineUpdater] INFO  safemode.HealthyPipelineSafeModeRule (HealthyPipelineSafeModeRule.java:initializeRule(152)) - Refreshed total pipeline count is 0, healthy pipeline threshold count is 1
2022-01-18 05:34:31,289 [EventQueue-PipelineReportForPipelineReportHandler] INFO  ha.SCMHAInvocationHandler (SCMHAInvocationHandler.java:invokeRatis(113)) - Invoking method public abstract void org.apache.hadoop.hdds.scm.pipeline.PipelineStateManager.updatePipelineState(org.apache.hadoop.hdds.protocol.proto.HddsProtos$PipelineID,org.apache.hadoop.hdds.protocol.proto.HddsProtos$PipelineState) throws java.io.IOException on target org.apache.hadoop.hdds.scm.ha.SCMRatisServerImpl@b48d83a, cost 7046.095us
2022-01-18 05:34:31,289 [EventQueue-OpenPipelineForHealthyPipelineSafeModeRule] INFO  safemode.SCMSafeModeManager (HealthyPipelineSafeModeRule.java:process(124)) - SCM in safe mode. Healthy pipelines reported count is 0, required healthy pipeline reported count is 1
2022-01-18 05:34:31,290 [pool-282-thread-1] INFO  server.RaftServerConfigKeys (ConfUtils.java:logGet(44)) - raft.server.log.segment.size.max = 1048576 (custom)
2022-01-18 05:34:31,296 [pool-282-thread-1] INFO  server.RaftServerConfigKeys (ConfUtils.java:logGet(44)) - raft.server.log.segment.cache.num.max = 2 (custom)
2022-01-18 05:34:31,296 [pool-282-thread-1] INFO  server.RaftServerConfigKeys (ConfUtils.java:logGet(44)) - raft.server.log.segment.cache.size.max = 200MB (=209715200) (default)
2022-01-18 05:34:31,296 [pool-282-thread-1] INFO  segmented.SegmentedRaftLogWorker (SegmentedRaftLogWorker.java:<init>(182)) - new 3327475e-62cb-4ee7-945b-6ce10b093b44@group-E40B6676F8C7-SegmentedRaftLogWorker for RaftStorageImpl:Storage Directory /home/runner/work/ozone/ozone/hadoop-ozone/integration-test/target/test-dir/MiniOzoneClusterImpl-cb7c1fcf-6298-49a9-b20a-40b206c3d36e/datanode-2/data/ratis/72fd4272-f57c-47ea-82a5-e40b6676f8c7
2022-01-18 05:34:31,296 [pool-282-thread-1] INFO  server.RaftServerConfigKeys (ConfUtils.java:logGet(44)) - raft.server.log.queue.byte-limit = 2147483647 (custom)
2022-01-18 05:34:31,296 [pool-282-thread-1] INFO  server.RaftServerConfigKeys (ConfUtils.java:logGet(44)) - raft.server.log.queue.element-limit = 1024 (custom)
2022-01-18 05:34:31,296 [pool-282-thread-1] INFO  server.RaftServerConfigKeys (ConfUtils.java:logGet(44)) - raft.server.log.segment.size.max = 1048576 (custom)
2022-01-18 05:34:31,296 [pool-282-thread-1] INFO  server.RaftServerConfigKeys (ConfUtils.java:logGet(44)) - raft.server.log.preallocated.size = 16384 (custom)
2022-01-18 05:34:31,296 [pool-282-thread-1] INFO  server.RaftServerConfigKeys (ConfUtils.java:logGet(44)) - raft.server.log.force.sync.num = 128 (default)
2022-01-18 05:34:31,296 [pool-282-thread-1] INFO  server.RaftServerConfigKeys (ConfUtils.java:logGet(44)) - raft.server.log.statemachine.data.sync = true (default)
2022-01-18 05:34:31,296 [pool-282-thread-1] INFO  server.RaftServerConfigKeys (ConfUtils.java:logGet(44)) - raft.server.log.statemachine.data.sync.timeout = 10s (default)
2022-01-18 05:34:31,296 [pool-282-thread-1] INFO  server.RaftServerConfigKeys (ConfUtils.java:logGet(44)) - raft.server.log.statemachine.data.sync.timeout.retry = -1 (default)
2022-01-18 05:34:31,297 [pool-282-thread-1] INFO  server.RaftServerConfigKeys (ConfUtils.java:logGet(44)) - raft.server.log.write.buffer.size = 1048576 (custom)
2022-01-18 05:34:31,299 [pool-282-thread-1] INFO  server.RaftServerConfigKeys (ConfUtils.java:logGet(44)) - raft.server.log.statemachine.data.caching.enabled = true (custom)
2022-01-18 05:34:31,299 [pool-282-thread-1] INFO  segmented.SegmentedRaftLogWorker (SegmentedRaftLogWorker.java:lambda$new$0(133)) - 3327475e-62cb-4ee7-945b-6ce10b093b44@group-E40B6676F8C7-SegmentedRaftLogWorker: flushIndex: setUnconditionally 0 -> -1
2022-01-18 05:34:31,299 [pool-282-thread-1] INFO  segmented.SegmentedRaftLogWorker (SegmentedRaftLogWorker.java:lambda$new$0(133)) - 3327475e-62cb-4ee7-945b-6ce10b093b44@group-E40B6676F8C7-SegmentedRaftLogWorker: safeCacheEvictIndex: setUnconditionally 0 -> -1
2022-01-18 05:34:31,299 [pool-282-thread-1] INFO  server.RaftServerConfigKeys (ConfUtils.java:logGet(44)) - raft.server.snapshot.auto.trigger.enabled = true (custom)
2022-01-18 05:34:31,300 [pool-282-thread-1] INFO  server.RaftServerConfigKeys (ConfUtils.java:logGet(44)) - raft.server.snapshot.auto.trigger.threshold = 10000 (custom)
2022-01-18 05:34:31,300 [pool-282-thread-1] INFO  server.RaftServerConfigKeys (ConfUtils.java:logGet(44)) - raft.server.snapshot.retention.file.num = 5 (custom)
2022-01-18 05:34:31,300 [pool-282-thread-1] INFO  server.RaftServerConfigKeys (ConfUtils.java:logGet(44)) - raft.server.log.purge.upto.snapshot.index = false (default)
2022-01-18 05:34:31,300 [pool-282-thread-1] INFO  server.RaftServerConfigKeys (ConfUtils.java:logGet(44)) - raft.server.retrycache.expirytime = 600000ms (custom)
2022-01-18 05:34:31,300 [pool-282-thread-1] INFO  server.RaftServerConfigKeys (ConfUtils.java:logGet(44)) - raft.server.retrycache.statistics.expirytime = 100μs (default)
2022-01-18 05:34:31,301 [pool-282-thread-1] INFO  server.RaftServer$Division (RaftServerImpl.java:start(301)) - 3327475e-62cb-4ee7-945b-6ce10b093b44@group-E40B6676F8C7: start as a follower, conf=-1: [3327475e-62cb-4ee7-945b-6ce10b093b44|rpc:10.1.0.16:38697|priority:1], old=null
2022-01-18 05:34:31,301 [pool-282-thread-1] INFO  server.RaftServer$Division (RaftServerImpl.java:setRole(290)) - 3327475e-62cb-4ee7-945b-6ce10b093b44@group-E40B6676F8C7: changes role from      null to FOLLOWER at term 0 for startAsFollower
2022-01-18 05:34:31,301 [pool-282-thread-1] INFO  impl.RoleInfo (RoleInfo.java:updateAndGet(130)) - 3327475e-62cb-4ee7-945b-6ce10b093b44: start 3327475e-62cb-4ee7-945b-6ce10b093b44@group-E40B6676F8C7-FollowerState
2022-01-18 05:34:31,307 [pool-282-thread-1] INFO  util.JmxRegister (JmxRegister.java:tryRegister(44)) - Successfully registered JMX Bean with object name Ratis:service=RaftServer,group=group-E40B6676F8C7,id=3327475e-62cb-4ee7-945b-6ce10b093b44
2022-01-18 05:34:31,307 [Command processor thread] INFO  ratis.XceiverServerRatis (XceiverServerRatis.java:addGroup(768)) - Created group PipelineID=72fd4272-f57c-47ea-82a5-e40b6676f8c7
2022-01-18 05:34:31,308 [Command processor thread] INFO  commandhandler.CreatePipelineCommandHandler (CreatePipelineCommandHandler.java:handle(106)) - Created Pipeline RATIS ONE PipelineID=72fd4272-f57c-47ea-82a5-e40b6676f8c7.
2022-01-18 05:34:32,199 [Listener at 127.0.0.1/37357] INFO  ozone.MiniOzoneClusterImpl (MiniOzoneClusterImpl.java:lambda$waitForClusterToBeReady$0(219)) - Nodes are ready. Got 3 of 3 DN Heartbeats.
2022-01-18 05:34:32,199 [Listener at 127.0.0.1/37357] INFO  ozone.MiniOzoneClusterImpl (MiniOzoneClusterImpl.java:lambda$waitForClusterToBeReady$0(222)) - Waiting for cluster to exit safe mode
2022-01-18 05:34:32,199 [Listener at 127.0.0.1/37357] INFO  ozone.MiniOzoneClusterImpl (MiniOzoneClusterImpl.java:lambda$waitForClusterToBeReady$0(224)) - SCM became leader
2022-01-18 05:34:33,200 [Listener at 127.0.0.1/37357] INFO  ozone.MiniOzoneClusterImpl (MiniOzoneClusterImpl.java:lambda$waitForClusterToBeReady$0(219)) - Nodes are ready. Got 3 of 3 DN Heartbeats.
2022-01-18 05:34:33,200 [Listener at 127.0.0.1/37357] INFO  ozone.MiniOzoneClusterImpl (MiniOzoneClusterImpl.java:lambda$waitForClusterToBeReady$0(222)) - Waiting for cluster to exit safe mode
2022-01-18 05:34:33,200 [Listener at 127.0.0.1/37357] INFO  ozone.MiniOzoneClusterImpl (MiniOzoneClusterImpl.java:lambda$waitForClusterToBeReady$0(224)) - SCM became leader
2022-01-18 05:34:34,200 [Listener at 127.0.0.1/37357] INFO  ozone.MiniOzoneClusterImpl (MiniOzoneClusterImpl.java:lambda$waitForClusterToBeReady$0(219)) - Nodes are ready. Got 3 of 3 DN Heartbeats.
2022-01-18 05:34:34,200 [Listener at 127.0.0.1/37357] INFO  ozone.MiniOzoneClusterImpl (MiniOzoneClusterImpl.java:lambda$waitForClusterToBeReady$0(222)) - Waiting for cluster to exit safe mode
2022-01-18 05:34:34,200 [Listener at 127.0.0.1/37357] INFO  ozone.MiniOzoneClusterImpl (MiniOzoneClusterImpl.java:lambda$waitForClusterToBeReady$0(224)) - SCM became leader
2022-01-18 05:34:35,201 [Listener at 127.0.0.1/37357] INFO  ozone.MiniOzoneClusterImpl (MiniOzoneClusterImpl.java:lambda$waitForClusterToBeReady$0(219)) - Nodes are ready. Got 3 of 3 DN Heartbeats.
2022-01-18 05:34:35,201 [Listener at 127.0.0.1/37357] INFO  ozone.MiniOzoneClusterImpl (MiniOzoneClusterImpl.java:lambda$waitForClusterToBeReady$0(222)) - Waiting for cluster to exit safe mode
2022-01-18 05:34:35,201 [Listener at 127.0.0.1/37357] INFO  ozone.MiniOzoneClusterImpl (MiniOzoneClusterImpl.java:lambda$waitForClusterToBeReady$0(224)) - SCM became leader
2022-01-18 05:34:35,468 [67260eab-501e-432c-b67c-83a04ad0151f@group-DB115239E727-FollowerState] INFO  impl.FollowerState (FollowerState.java:run(134)) - 67260eab-501e-432c-b67c-83a04ad0151f@group-DB115239E727-FollowerState: change to CANDIDATE, lastRpcElapsedTime:5057046806ns, electionTimeout:5056ms
2022-01-18 05:34:35,469 [67260eab-501e-432c-b67c-83a04ad0151f@group-DB115239E727-FollowerState] INFO  impl.RoleInfo (RoleInfo.java:shutdownFollowerState(108)) - 67260eab-501e-432c-b67c-83a04ad0151f: shutdown 67260eab-501e-432c-b67c-83a04ad0151f@group-DB115239E727-FollowerState
2022-01-18 05:34:35,469 [67260eab-501e-432c-b67c-83a04ad0151f@group-DB115239E727-FollowerState] INFO  server.RaftServer$Division (RaftServerImpl.java:setRole(290)) - 67260eab-501e-432c-b67c-83a04ad0151f@group-DB115239E727: changes role from  FOLLOWER to CANDIDATE at term 0 for changeToCandidate
2022-01-18 05:34:35,469 [67260eab-501e-432c-b67c-83a04ad0151f@group-DB115239E727-FollowerState] INFO  server.RaftServerConfigKeys (ConfUtils.java:logGet(44)) - raft.server.leaderelection.pre-vote = false (custom)
2022-01-18 05:34:35,469 [67260eab-501e-432c-b67c-83a04ad0151f@group-DB115239E727-FollowerState] INFO  impl.RoleInfo (RoleInfo.java:updateAndGet(130)) - 67260eab-501e-432c-b67c-83a04ad0151f: start 67260eab-501e-432c-b67c-83a04ad0151f@group-DB115239E727-LeaderElection15
2022-01-18 05:34:35,474 [67260eab-501e-432c-b67c-83a04ad0151f@group-DB115239E727-LeaderElection15] INFO  impl.LeaderElection (LeaderElection.java:askForVotes(306)) - 67260eab-501e-432c-b67c-83a04ad0151f@group-DB115239E727-LeaderElection15 ELECTION round 0: submit vote requests at term 1 for -1: [3327475e-62cb-4ee7-945b-6ce10b093b44|rpc:10.1.0.16:38697|priority:1, 67260eab-501e-432c-b67c-83a04ad0151f|rpc:10.1.0.16:38305|priority:0, 3c29bd76-08cb-41c8-a67d-745d6588ade1|rpc:10.1.0.16:33765|priority:0], old=null
2022-01-18 05:34:35,490 [grpc-default-executor-1] INFO  server.RaftServer$Division (RaftServerImpl.java:requestVote(1046)) - 3327475e-62cb-4ee7-945b-6ce10b093b44@group-DB115239E727: receive requestVote(ELECTION, 67260eab-501e-432c-b67c-83a04ad0151f, group-DB115239E727, 1, (t:0, i:0))
2022-01-18 05:34:35,490 [grpc-default-executor-1] INFO  impl.VoteContext (VoteContext.java:log(48)) - 3327475e-62cb-4ee7-945b-6ce10b093b44@group-DB115239E727-FOLLOWER: reject ELECTION from 67260eab-501e-432c-b67c-83a04ad0151f: our priority 1 > candidate's priority 0
2022-01-18 05:34:35,490 [grpc-default-executor-1] INFO  server.RaftServer$Division (RaftServerImpl.java:setRole(290)) - 3327475e-62cb-4ee7-945b-6ce10b093b44@group-DB115239E727: changes role from  FOLLOWER to FOLLOWER at term 1 for candidate:67260eab-501e-432c-b67c-83a04ad0151f
2022-01-18 05:34:35,490 [grpc-default-executor-1] INFO  impl.RoleInfo (RoleInfo.java:shutdownFollowerState(108)) - 3327475e-62cb-4ee7-945b-6ce10b093b44: shutdown 3327475e-62cb-4ee7-945b-6ce10b093b44@group-DB115239E727-FollowerState
2022-01-18 05:34:35,490 [grpc-default-executor-1] INFO  impl.RoleInfo (RoleInfo.java:updateAndGet(130)) - 3327475e-62cb-4ee7-945b-6ce10b093b44: start 3327475e-62cb-4ee7-945b-6ce10b093b44@group-DB115239E727-FollowerState
2022-01-18 05:34:35,490 [3327475e-62cb-4ee7-945b-6ce10b093b44@group-DB115239E727-FollowerState] INFO  impl.FollowerState (FollowerState.java:run(143)) - 3327475e-62cb-4ee7-945b-6ce10b093b44@group-DB115239E727-FollowerState was interrupted: {}
java.lang.InterruptedException: sleep interrupted
	at java.lang.Thread.sleep(Native Method)
	at java.lang.Thread.sleep(Thread.java:340)
	at java.util.concurrent.TimeUnit.sleep(TimeUnit.java:386)
	at org.apache.ratis.util.TimeDuration.sleep(TimeDuration.java:324)
	at org.apache.ratis.util.TimeDuration.sleep(TimeDuration.java:309)
	at org.apache.ratis.server.impl.FollowerState.run(FollowerState.java:118)
2022-01-18 05:34:35,492 [grpc-default-executor-1] INFO  server.RaftServer$Division (RaftServerImpl.java:requestVote(1078)) - 3327475e-62cb-4ee7-945b-6ce10b093b44@group-DB115239E727 replies to ELECTION vote request: 67260eab-501e-432c-b67c-83a04ad0151f<-3327475e-62cb-4ee7-945b-6ce10b093b44#0:FAIL-t1. Peer's state: 3327475e-62cb-4ee7-945b-6ce10b093b44@group-DB115239E727:t1, leader=null, voted=null, raftlog=3327475e-62cb-4ee7-945b-6ce10b093b44@group-DB115239E727-SegmentedRaftLog:OPENED:c-1, conf=-1: [3327475e-62cb-4ee7-945b-6ce10b093b44|rpc:10.1.0.16:38697|dataStream:|priority:1, 67260eab-501e-432c-b67c-83a04ad0151f|rpc:10.1.0.16:38305|dataStream:|priority:0, 3c29bd76-08cb-41c8-a67d-745d6588ade1|rpc:10.1.0.16:33765|dataStream:|priority:0], old=null
2022-01-18 05:34:35,494 [67260eab-501e-432c-b67c-83a04ad0151f@group-DB115239E727-LeaderElection15] INFO  impl.LeaderElection (LeaderElection.java:logAndReturn(89)) - 67260eab-501e-432c-b67c-83a04ad0151f@group-DB115239E727-LeaderElection15: ELECTION REJECTED received 1 response(s) and 0 exception(s):
2022-01-18 05:34:35,494 [67260eab-501e-432c-b67c-83a04ad0151f@group-DB115239E727-LeaderElection15] INFO  impl.LeaderElection (LeaderElection.java:logAndReturn(93)) -   Response 0: 67260eab-501e-432c-b67c-83a04ad0151f<-3327475e-62cb-4ee7-945b-6ce10b093b44#0:FAIL-t1
2022-01-18 05:34:35,494 [67260eab-501e-432c-b67c-83a04ad0151f@group-DB115239E727-LeaderElection15] INFO  impl.LeaderElection (LeaderElection.java:askForVotes(308)) - 67260eab-501e-432c-b67c-83a04ad0151f@group-DB115239E727-LeaderElection15 ELECTION round 0: result REJECTED
2022-01-18 05:34:35,494 [67260eab-501e-432c-b67c-83a04ad0151f@group-DB115239E727-LeaderElection15] INFO  server.RaftServer$Division (RaftServerImpl.java:setRole(290)) - 67260eab-501e-432c-b67c-83a04ad0151f@group-DB115239E727: changes role from CANDIDATE to FOLLOWER at term 1 for REJECTED
2022-01-18 05:34:35,494 [67260eab-501e-432c-b67c-83a04ad0151f@group-DB115239E727-LeaderElection15] INFO  impl.RoleInfo (RoleInfo.java:shutdownLeaderElection(121)) - 67260eab-501e-432c-b67c-83a04ad0151f: shutdown 67260eab-501e-432c-b67c-83a04ad0151f@group-DB115239E727-LeaderElection15
2022-01-18 05:34:35,495 [67260eab-501e-432c-b67c-83a04ad0151f@group-DB115239E727-LeaderElection15] INFO  impl.RoleInfo (RoleInfo.java:updateAndGet(130)) - 67260eab-501e-432c-b67c-83a04ad0151f: start 67260eab-501e-432c-b67c-83a04ad0151f@group-DB115239E727-FollowerState
2022-01-18 05:34:35,511 [grpc-default-executor-1] INFO  server.RaftServer$Division (RaftServerImpl.java:requestVote(1046)) - 3c29bd76-08cb-41c8-a67d-745d6588ade1@group-DB115239E727: receive requestVote(ELECTION, 67260eab-501e-432c-b67c-83a04ad0151f, group-DB115239E727, 1, (t:0, i:0))
2022-01-18 05:34:35,511 [grpc-default-executor-1] INFO  impl.VoteContext (VoteContext.java:log(48)) - 3c29bd76-08cb-41c8-a67d-745d6588ade1@group-DB115239E727-FOLLOWER: accept ELECTION from 67260eab-501e-432c-b67c-83a04ad0151f: our priority 0 <= candidate's priority 0
2022-01-18 05:34:35,511 [grpc-default-executor-1] INFO  server.RaftServer$Division (RaftServerImpl.java:setRole(290)) - 3c29bd76-08cb-41c8-a67d-745d6588ade1@group-DB115239E727: changes role from  FOLLOWER to FOLLOWER at term 1 for candidate:67260eab-501e-432c-b67c-83a04ad0151f
2022-01-18 05:34:35,511 [grpc-default-executor-1] INFO  impl.RoleInfo (RoleInfo.java:shutdownFollowerState(108)) - 3c29bd76-08cb-41c8-a67d-745d6588ade1: shutdown 3c29bd76-08cb-41c8-a67d-745d6588ade1@group-DB115239E727-FollowerState
2022-01-18 05:34:35,511 [3c29bd76-08cb-41c8-a67d-745d6588ade1@group-DB115239E727-FollowerState] INFO  impl.FollowerState (FollowerState.java:run(143)) - 3c29bd76-08cb-41c8-a67d-745d6588ade1@group-DB115239E727-FollowerState was interrupted: {}
java.lang.InterruptedException: sleep interrupted
	at java.lang.Thread.sleep(Native Method)
	at java.lang.Thread.sleep(Thread.java:340)
	at java.util.concurrent.TimeUnit.sleep(TimeUnit.java:386)
	at org.apache.ratis.util.TimeDuration.sleep(TimeDuration.java:324)
	at org.apache.ratis.util.TimeDuration.sleep(TimeDuration.java:309)
	at org.apache.ratis.server.impl.FollowerState.run(FollowerState.java:118)
2022-01-18 05:34:35,511 [grpc-default-executor-1] INFO  impl.RoleInfo (RoleInfo.java:updateAndGet(130)) - 3c29bd76-08cb-41c8-a67d-745d6588ade1: start 3c29bd76-08cb-41c8-a67d-745d6588ade1@group-DB115239E727-FollowerState
2022-01-18 05:34:35,523 [grpc-default-executor-1] INFO  server.RaftServer$Division (RaftServerImpl.java:requestVote(1078)) - 3c29bd76-08cb-41c8-a67d-745d6588ade1@group-DB115239E727 replies to ELECTION vote request: 67260eab-501e-432c-b67c-83a04ad0151f<-3c29bd76-08cb-41c8-a67d-745d6588ade1#0:OK-t1. Peer's state: 3c29bd76-08cb-41c8-a67d-745d6588ade1@group-DB115239E727:t1, leader=null, voted=67260eab-501e-432c-b67c-83a04ad0151f, raftlog=3c29bd76-08cb-41c8-a67d-745d6588ade1@group-DB115239E727-SegmentedRaftLog:OPENED:c-1, conf=-1: [3327475e-62cb-4ee7-945b-6ce10b093b44|rpc:10.1.0.16:38697|dataStream:|priority:1, 67260eab-501e-432c-b67c-83a04ad0151f|rpc:10.1.0.16:38305|dataStream:|priority:0, 3c29bd76-08cb-41c8-a67d-745d6588ade1|rpc:10.1.0.16:33765|dataStream:|priority:0], old=null
2022-01-18 05:34:35,536 [67260eab-501e-432c-b67c-83a04ad0151f@group-DC7B997C5F62-FollowerState] INFO  impl.FollowerState (FollowerState.java:run(134)) - 67260eab-501e-432c-b67c-83a04ad0151f@group-DC7B997C5F62-FollowerState: change to CANDIDATE, lastRpcElapsedTime:5154704218ns, electionTimeout:5152ms
2022-01-18 05:34:35,536 [67260eab-501e-432c-b67c-83a04ad0151f@group-DC7B997C5F62-FollowerState] INFO  impl.RoleInfo (RoleInfo.java:shutdownFollowerState(108)) - 67260eab-501e-432c-b67c-83a04ad0151f: shutdown 67260eab-501e-432c-b67c-83a04ad0151f@group-DC7B997C5F62-FollowerState
2022-01-18 05:34:35,536 [67260eab-501e-432c-b67c-83a04ad0151f@group-DC7B997C5F62-FollowerState] INFO  server.RaftServer$Division (RaftServerImpl.java:setRole(290)) - 67260eab-501e-432c-b67c-83a04ad0151f@group-DC7B997C5F62: changes role from  FOLLOWER to CANDIDATE at term 0 for changeToCandidate
2022-01-18 05:34:35,536 [67260eab-501e-432c-b67c-83a04ad0151f@group-DC7B997C5F62-FollowerState] INFO  server.RaftServerConfigKeys (ConfUtils.java:logGet(44)) - raft.server.leaderelection.pre-vote = false (custom)
2022-01-18 05:34:35,536 [67260eab-501e-432c-b67c-83a04ad0151f@group-DC7B997C5F62-FollowerState] INFO  impl.RoleInfo (RoleInfo.java:updateAndGet(130)) - 67260eab-501e-432c-b67c-83a04ad0151f: start 67260eab-501e-432c-b67c-83a04ad0151f@group-DC7B997C5F62-LeaderElection16
2022-01-18 05:34:35,544 [67260eab-501e-432c-b67c-83a04ad0151f@group-DC7B997C5F62-LeaderElection16] INFO  impl.LeaderElection (LeaderElection.java:askForVotes(306)) - 67260eab-501e-432c-b67c-83a04ad0151f@group-DC7B997C5F62-LeaderElection16 ELECTION round 0: submit vote requests at term 1 for -1: [67260eab-501e-432c-b67c-83a04ad0151f|rpc:10.1.0.16:38305|priority:1], old=null
2022-01-18 05:34:35,545 [67260eab-501e-432c-b67c-83a04ad0151f@group-DC7B997C5F62-LeaderElection16] INFO  impl.LeaderElection (LeaderElection.java:askForVotes(308)) - 67260eab-501e-432c-b67c-83a04ad0151f@group-DC7B997C5F62-LeaderElection16 ELECTION round 0: result PASSED (term=1)
2022-01-18 05:34:35,545 [67260eab-501e-432c-b67c-83a04ad0151f@group-DC7B997C5F62-LeaderElection16] INFO  impl.RoleInfo (RoleInfo.java:shutdownLeaderElection(121)) - 67260eab-501e-432c-b67c-83a04ad0151f: shutdown 67260eab-501e-432c-b67c-83a04ad0151f@group-DC7B997C5F62-LeaderElection16
2022-01-18 05:34:35,545 [67260eab-501e-432c-b67c-83a04ad0151f@group-DC7B997C5F62-LeaderElection16] INFO  server.RaftServer$Division (RaftServerImpl.java:setRole(290)) - 67260eab-501e-432c-b67c-83a04ad0151f@group-DC7B997C5F62: changes role from CANDIDATE to LEADER at term 1 for changeToLeader
2022-01-18 05:34:35,545 [67260eab-501e-432c-b67c-83a04ad0151f@group-DC7B997C5F62-LeaderElection16] INFO  ratis.XceiverServerRatis (XceiverServerRatis.java:handleLeaderChangedNotification(866)) - Leader change notification received for group: group-DC7B997C5F62 with new leaderId: 67260eab-501e-432c-b67c-83a04ad0151f
2022-01-18 05:34:35,546 [67260eab-501e-432c-b67c-83a04ad0151f@group-DC7B997C5F62-LeaderElection16] INFO  server.RaftServer$Division (ServerState.java:setLeader(285)) - 67260eab-501e-432c-b67c-83a04ad0151f@group-DC7B997C5F62: change Leader from null to 67260eab-501e-432c-b67c-83a04ad0151f at term 1 for becomeLeader, leader elected after 5199ms
2022-01-18 05:34:35,547 [EventQueue-OpenPipelineForHealthyPipelineSafeModeRule] INFO  safemode.SCMSafeModeManager (HealthyPipelineSafeModeRule.java:process(124)) - SCM in safe mode. Healthy pipelines reported count is 0, required healthy pipeline reported count is 1
2022-01-18 05:34:35,548 [67260eab-501e-432c-b67c-83a04ad0151f@group-DC7B997C5F62-LeaderElection16] INFO  server.RaftServerConfigKeys (ConfUtils.java:logGet(44)) - raft.server.staging.catchup.gap = 1000 (default)
2022-01-18 05:34:35,548 [67260eab-501e-432c-b67c-83a04ad0151f@group-DC7B997C5F62-LeaderElection16] INFO  server.RaftServerConfigKeys (ConfUtils.java:logGet(44)) - raft.server.write.element-limit = 1024 (custom)
2022-01-18 05:34:35,549 [67260eab-501e-432c-b67c-83a04ad0151f@group-DC7B997C5F62-LeaderElection16] INFO  server.RaftServerConfigKeys (ConfUtils.java:logGet(44)) - raft.server.write.byte-limit = 1024 M (=1073741824) (custom)
2022-01-18 05:34:35,549 [67260eab-501e-432c-b67c-83a04ad0151f@group-DC7B997C5F62-LeaderElection16] INFO  server.RaftServerConfigKeys (ConfUtils.java:logGet(44)) - raft.server.watch.timeout = 180s (custom)
2022-01-18 05:34:35,549 [67260eab-501e-432c-b67c-83a04ad0151f@group-DC7B997C5F62-LeaderElection16] INFO  server.RaftServerConfigKeys (ConfUtils.java:logGet(44)) - raft.server.watch.timeout.denomination = 1s (default)
2022-01-18 05:34:35,549 [67260eab-501e-432c-b67c-83a04ad0151f@group-DC7B997C5F62-LeaderElection16] INFO  server.RaftServerConfigKeys (ConfUtils.java:logGet(44)) - raft.server.watch.element-limit = 65536 (default)
2022-01-18 05:34:35,549 [67260eab-501e-432c-b67c-83a04ad0151f@group-DC7B997C5F62-LeaderElection16] INFO  server.RaftServerConfigKeys (ConfUtils.java:logGet(44)) - raft.server.write.element-limit = 1024 (custom)
2022-01-18 05:34:35,549 [67260eab-501e-432c-b67c-83a04ad0151f@group-DC7B997C5F62-LeaderElection16] INFO  server.RaftServerConfigKeys (ConfUtils.java:logGet(44)) - raft.server.write.follower.gap.ratio.max = -1.0 (default)
2022-01-18 05:34:35,550 [67260eab-501e-432c-b67c-83a04ad0151f@group-DC7B997C5F62-LeaderElection16] INFO  impl.RoleInfo (RoleInfo.java:updateAndGet(130)) - 67260eab-501e-432c-b67c-83a04ad0151f: start 67260eab-501e-432c-b67c-83a04ad0151f@group-DC7B997C5F62-LeaderStateImpl
2022-01-18 05:34:35,550 [67260eab-501e-432c-b67c-83a04ad0151f@group-DC7B997C5F62-LeaderElection16] INFO  segmented.SegmentedRaftLogWorker (SegmentedRaftLogWorker.java:startLogSegment(394)) - 67260eab-501e-432c-b67c-83a04ad0151f@group-DC7B997C5F62-SegmentedRaftLogWorker: Starting segment from index:0
2022-01-18 05:34:35,553 [67260eab-501e-432c-b67c-83a04ad0151f@group-DC7B997C5F62-LeaderElection16] INFO  server.RaftServer$Division (ServerState.java:setRaftConf(387)) - 67260eab-501e-432c-b67c-83a04ad0151f@group-DC7B997C5F62: set configuration 0: [67260eab-501e-432c-b67c-83a04ad0151f|rpc:10.1.0.16:38305|dataStream:|priority:1], old=null
2022-01-18 05:34:35,565 [67260eab-501e-432c-b67c-83a04ad0151f@group-DC7B997C5F62-SegmentedRaftLogWorker] INFO  segmented.SegmentedRaftLogWorker (SegmentedRaftLogWorker.java:execute(601)) - 67260eab-501e-432c-b67c-83a04ad0151f@group-DC7B997C5F62-SegmentedRaftLogWorker: created new log segment /home/runner/work/ozone/ozone/hadoop-ozone/integration-test/target/test-dir/MiniOzoneClusterImpl-cb7c1fcf-6298-49a9-b20a-40b206c3d36e/datanode-0/data/ratis/d65afff4-5c0e-4250-a5c7-dc7b997c5f62/current/log_inprogress_0
2022-01-18 05:34:35,832 [3c29bd76-08cb-41c8-a67d-745d6588ade1@group-15B0F351C6C8-FollowerState] INFO  impl.FollowerState (FollowerState.java:run(134)) - 3c29bd76-08cb-41c8-a67d-745d6588ade1@group-15B0F351C6C8-FollowerState: change to CANDIDATE, lastRpcElapsedTime:5122489483ns, electionTimeout:5115ms
2022-01-18 05:34:35,833 [3c29bd76-08cb-41c8-a67d-745d6588ade1@group-15B0F351C6C8-FollowerState] INFO  impl.RoleInfo (RoleInfo.java:shutdownFollowerState(108)) - 3c29bd76-08cb-41c8-a67d-745d6588ade1: shutdown 3c29bd76-08cb-41c8-a67d-745d6588ade1@group-15B0F351C6C8-FollowerState
2022-01-18 05:34:35,833 [3c29bd76-08cb-41c8-a67d-745d6588ade1@group-15B0F351C6C8-FollowerState] INFO  server.RaftServer$Division (RaftServerImpl.java:setRole(290)) - 3c29bd76-08cb-41c8-a67d-745d6588ade1@group-15B0F351C6C8: changes role from  FOLLOWER to CANDIDATE at term 0 for changeToCandidate
2022-01-18 05:34:35,833 [3c29bd76-08cb-41c8-a67d-745d6588ade1@group-15B0F351C6C8-FollowerState] INFO  server.RaftServerConfigKeys (ConfUtils.java:logGet(44)) - raft.server.leaderelection.pre-vote = false (custom)
2022-01-18 05:34:35,833 [3c29bd76-08cb-41c8-a67d-745d6588ade1@group-15B0F351C6C8-FollowerState] INFO  impl.RoleInfo (RoleInfo.java:updateAndGet(130)) - 3c29bd76-08cb-41c8-a67d-745d6588ade1: start 3c29bd76-08cb-41c8-a67d-745d6588ade1@group-15B0F351C6C8-LeaderElection17
2022-01-18 05:34:35,838 [3c29bd76-08cb-41c8-a67d-745d6588ade1@group-15B0F351C6C8-LeaderElection17] INFO  impl.LeaderElection (LeaderElection.java:askForVotes(306)) - 3c29bd76-08cb-41c8-a67d-745d6588ade1@group-15B0F351C6C8-LeaderElection17 ELECTION round 0: submit vote requests at term 1 for -1: [3c29bd76-08cb-41c8-a67d-745d6588ade1|rpc:10.1.0.16:33765|priority:1], old=null
2022-01-18 05:34:35,838 [3c29bd76-08cb-41c8-a67d-745d6588ade1@group-15B0F351C6C8-LeaderElection17] INFO  impl.LeaderElection (LeaderElection.java:askForVotes(308)) - 3c29bd76-08cb-41c8-a67d-745d6588ade1@group-15B0F351C6C8-LeaderElection17 ELECTION round 0: result PASSED (term=1)
2022-01-18 05:34:35,839 [3c29bd76-08cb-41c8-a67d-745d6588ade1@group-15B0F351C6C8-LeaderElection17] INFO  impl.RoleInfo (RoleInfo.java:shutdownLeaderElection(121)) - 3c29bd76-08cb-41c8-a67d-745d6588ade1: shutdown 3c29bd76-08cb-41c8-a67d-745d6588ade1@group-15B0F351C6C8-LeaderElection17
2022-01-18 05:34:35,839 [3c29bd76-08cb-41c8-a67d-745d6588ade1@group-15B0F351C6C8-LeaderElection17] INFO  server.RaftServer$Division (RaftServerImpl.java:setRole(290)) - 3c29bd76-08cb-41c8-a67d-745d6588ade1@group-15B0F351C6C8: changes role from CANDIDATE to LEADER at term 1 for changeToLeader
2022-01-18 05:34:35,839 [3c29bd76-08cb-41c8-a67d-745d6588ade1@group-15B0F351C6C8-LeaderElection17] INFO  ratis.XceiverServerRatis (XceiverServerRatis.java:handleLeaderChangedNotification(866)) - Leader change notification received for group: group-15B0F351C6C8 with new leaderId: 3c29bd76-08cb-41c8-a67d-745d6588ade1
2022-01-18 05:34:35,839 [3c29bd76-08cb-41c8-a67d-745d6588ade1@group-15B0F351C6C8-LeaderElection17] INFO  server.RaftServer$Division (ServerState.java:setLeader(285)) - 3c29bd76-08cb-41c8-a67d-745d6588ade1@group-15B0F351C6C8: change Leader from null to 3c29bd76-08cb-41c8-a67d-745d6588ade1 at term 1 for becomeLeader, leader elected after 5149ms
2022-01-18 05:34:35,839 [3c29bd76-08cb-41c8-a67d-745d6588ade1@group-15B0F351C6C8-LeaderElection17] INFO  server.RaftServerConfigKeys (ConfUtils.java:logGet(44)) - raft.server.staging.catchup.gap = 1000 (default)
2022-01-18 05:34:35,839 [3c29bd76-08cb-41c8-a67d-745d6588ade1@group-15B0F351C6C8-LeaderElection17] INFO  server.RaftServerConfigKeys (ConfUtils.java:logGet(44)) - raft.server.write.element-limit = 1024 (custom)
2022-01-18 05:34:35,839 [3c29bd76-08cb-41c8-a67d-745d6588ade1@group-15B0F351C6C8-LeaderElection17] INFO  server.RaftServerConfigKeys (ConfUtils.java:logGet(44)) - raft.server.write.byte-limit = 1024 M (=1073741824) (custom)
2022-01-18 05:34:35,840 [3c29bd76-08cb-41c8-a67d-745d6588ade1@group-15B0F351C6C8-LeaderElection17] INFO  server.RaftServerConfigKeys (ConfUtils.java:logGet(44)) - raft.server.watch.timeout = 180s (custom)
2022-01-18 05:34:35,840 [3c29bd76-08cb-41c8-a67d-745d6588ade1@group-15B0F351C6C8-LeaderElection17] INFO  server.RaftServerConfigKeys (ConfUtils.java:logGet(44)) - raft.server.watch.timeout.denomination = 1s (default)
2022-01-18 05:34:35,840 [3c29bd76-08cb-41c8-a67d-745d6588ade1@group-15B0F351C6C8-LeaderElection17] INFO  server.RaftServerConfigKeys (ConfUtils.java:logGet(44)) - raft.server.watch.element-limit = 65536 (default)
2022-01-18 05:34:35,840 [3c29bd76-08cb-41c8-a67d-745d6588ade1@group-15B0F351C6C8-LeaderElection17] INFO  server.RaftServerConfigKeys (ConfUtils.java:logGet(44)) - raft.server.write.element-limit = 1024 (custom)
2022-01-18 05:34:35,840 [3c29bd76-08cb-41c8-a67d-745d6588ade1@group-15B0F351C6C8-LeaderElection17] INFO  server.RaftServerConfigKeys (ConfUtils.java:logGet(44)) - raft.server.write.follower.gap.ratio.max = -1.0 (default)
2022-01-18 05:34:35,842 [EventQueue-OpenPipelineForHealthyPipelineSafeModeRule] INFO  safemode.SCMSafeModeManager (HealthyPipelineSafeModeRule.java:process(124)) - SCM in safe mode. Healthy pipelines reported count is 0, required healthy pipeline reported count is 1
2022-01-18 05:34:35,843 [3c29bd76-08cb-41c8-a67d-745d6588ade1@group-15B0F351C6C8-LeaderElection17] INFO  impl.RoleInfo (RoleInfo.java:updateAndGet(130)) - 3c29bd76-08cb-41c8-a67d-745d6588ade1: start 3c29bd76-08cb-41c8-a67d-745d6588ade1@group-15B0F351C6C8-LeaderStateImpl
2022-01-18 05:34:35,855 [3c29bd76-08cb-41c8-a67d-745d6588ade1@group-15B0F351C6C8-LeaderElection17] INFO  segmented.SegmentedRaftLogWorker (SegmentedRaftLogWorker.java:startLogSegment(394)) - 3c29bd76-08cb-41c8-a67d-745d6588ade1@group-15B0F351C6C8-SegmentedRaftLogWorker: Starting segment from index:0
2022-01-18 05:34:35,873 [3c29bd76-08cb-41c8-a67d-745d6588ade1@group-15B0F351C6C8-SegmentedRaftLogWorker] INFO  segmented.SegmentedRaftLogWorker (SegmentedRaftLogWorker.java:execute(601)) - 3c29bd76-08cb-41c8-a67d-745d6588ade1@group-15B0F351C6C8-SegmentedRaftLogWorker: created new log segment /home/runner/work/ozone/ozone/hadoop-ozone/integration-test/target/test-dir/MiniOzoneClusterImpl-cb7c1fcf-6298-49a9-b20a-40b206c3d36e/datanode-1/data/ratis/44b7568f-f2fd-4131-b7d5-15b0f351c6c8/current/log_inprogress_0
2022-01-18 05:34:35,873 [3c29bd76-08cb-41c8-a67d-745d6588ade1@group-15B0F351C6C8-LeaderElection17] INFO  server.RaftServer$Division (ServerState.java:setRaftConf(387)) - 3c29bd76-08cb-41c8-a67d-745d6588ade1@group-15B0F351C6C8: set configuration 0: [3c29bd76-08cb-41c8-a67d-745d6588ade1|rpc:10.1.0.16:33765|dataStream:|priority:1], old=null
2022-01-18 05:34:36,201 [Listener at 127.0.0.1/37357] INFO  ozone.MiniOzoneClusterImpl (MiniOzoneClusterImpl.java:lambda$waitForClusterToBeReady$0(219)) - Nodes are ready. Got 3 of 3 DN Heartbeats.
2022-01-18 05:34:36,201 [Listener at 127.0.0.1/37357] INFO  ozone.MiniOzoneClusterImpl (MiniOzoneClusterImpl.java:lambda$waitForClusterToBeReady$0(222)) - Waiting for cluster to exit safe mode
2022-01-18 05:34:36,201 [Listener at 127.0.0.1/37357] INFO  ozone.MiniOzoneClusterImpl (MiniOzoneClusterImpl.java:lambda$waitForClusterToBeReady$0(224)) - SCM became leader
2022-01-18 05:34:36,436 [3327475e-62cb-4ee7-945b-6ce10b093b44@group-E40B6676F8C7-FollowerState] INFO  impl.FollowerState (FollowerState.java:run(134)) - 3327475e-62cb-4ee7-945b-6ce10b093b44@group-E40B6676F8C7-FollowerState: change to CANDIDATE, lastRpcElapsedTime:5135218747ns, electionTimeout:5125ms
2022-01-18 05:34:36,436 [3327475e-62cb-4ee7-945b-6ce10b093b44@group-E40B6676F8C7-FollowerState] INFO  impl.RoleInfo (RoleInfo.java:shutdownFollowerState(108)) - 3327475e-62cb-4ee7-945b-6ce10b093b44: shutdown 3327475e-62cb-4ee7-945b-6ce10b093b44@group-E40B6676F8C7-FollowerState
2022-01-18 05:34:36,437 [3327475e-62cb-4ee7-945b-6ce10b093b44@group-E40B6676F8C7-FollowerState] INFO  server.RaftServer$Division (RaftServerImpl.java:setRole(290)) - 3327475e-62cb-4ee7-945b-6ce10b093b44@group-E40B6676F8C7: changes role from  FOLLOWER to CANDIDATE at term 0 for changeToCandidate
2022-01-18 05:34:36,437 [3327475e-62cb-4ee7-945b-6ce10b093b44@group-E40B6676F8C7-FollowerState] INFO  server.RaftServerConfigKeys (ConfUtils.java:logGet(44)) - raft.server.leaderelection.pre-vote = false (custom)
2022-01-18 05:34:36,437 [3327475e-62cb-4ee7-945b-6ce10b093b44@group-E40B6676F8C7-FollowerState] INFO  impl.RoleInfo (RoleInfo.java:updateAndGet(130)) - 3327475e-62cb-4ee7-945b-6ce10b093b44: start 3327475e-62cb-4ee7-945b-6ce10b093b44@group-E40B6676F8C7-LeaderElection18
2022-01-18 05:34:36,445 [3327475e-62cb-4ee7-945b-6ce10b093b44@group-E40B6676F8C7-LeaderElection18] INFO  impl.LeaderElection (LeaderElection.java:askForVotes(306)) - 3327475e-62cb-4ee7-945b-6ce10b093b44@group-E40B6676F8C7-LeaderElection18 ELECTION round 0: submit vote requests at term 1 for -1: [3327475e-62cb-4ee7-945b-6ce10b093b44|rpc:10.1.0.16:38697|priority:1], old=null
2022-01-18 05:34:36,446 [3327475e-62cb-4ee7-945b-6ce10b093b44@group-E40B6676F8C7-LeaderElection18] INFO  impl.LeaderElection (LeaderElection.java:askForVotes(308)) - 3327475e-62cb-4ee7-945b-6ce10b093b44@group-E40B6676F8C7-LeaderElection18 ELECTION round 0: result PASSED (term=1)
2022-01-18 05:34:36,446 [3327475e-62cb-4ee7-945b-6ce10b093b44@group-E40B6676F8C7-LeaderElection18] INFO  impl.RoleInfo (RoleInfo.java:shutdownLeaderElection(121)) - 3327475e-62cb-4ee7-945b-6ce10b093b44: shutdown 3327475e-62cb-4ee7-945b-6ce10b093b44@group-E40B6676F8C7-LeaderElection18
2022-01-18 05:34:36,446 [3327475e-62cb-4ee7-945b-6ce10b093b44@group-E40B6676F8C7-LeaderElection18] INFO  server.RaftServer$Division (RaftServerImpl.java:setRole(290)) - 3327475e-62cb-4ee7-945b-6ce10b093b44@group-E40B6676F8C7: changes role from CANDIDATE to LEADER at term 1 for changeToLeader
2022-01-18 05:34:36,446 [3327475e-62cb-4ee7-945b-6ce10b093b44@group-E40B6676F8C7-LeaderElection18] INFO  ratis.XceiverServerRatis (XceiverServerRatis.java:handleLeaderChangedNotification(866)) - Leader change notification received for group: group-E40B6676F8C7 with new leaderId: 3327475e-62cb-4ee7-945b-6ce10b093b44
2022-01-18 05:34:36,448 [3327475e-62cb-4ee7-945b-6ce10b093b44@group-E40B6676F8C7-LeaderElection18] INFO  server.RaftServer$Division (ServerState.java:setLeader(285)) - 3327475e-62cb-4ee7-945b-6ce10b093b44@group-E40B6676F8C7: change Leader from null to 3327475e-62cb-4ee7-945b-6ce10b093b44 at term 1 for becomeLeader, leader elected after 5165ms
2022-01-18 05:34:36,448 [3327475e-62cb-4ee7-945b-6ce10b093b44@group-E40B6676F8C7-LeaderElection18] INFO  server.RaftServerConfigKeys (ConfUtils.java:logGet(44)) - raft.server.staging.catchup.gap = 1000 (default)
2022-01-18 05:34:36,448 [3327475e-62cb-4ee7-945b-6ce10b093b44@group-E40B6676F8C7-LeaderElection18] INFO  server.RaftServerConfigKeys (ConfUtils.java:logGet(44)) - raft.server.write.element-limit = 1024 (custom)
2022-01-18 05:34:36,449 [3327475e-62cb-4ee7-945b-6ce10b093b44@group-E40B6676F8C7-LeaderElection18] INFO  server.RaftServerConfigKeys (ConfUtils.java:logGet(44)) - raft.server.write.byte-limit = 1024 M (=1073741824) (custom)
2022-01-18 05:34:36,450 [3327475e-62cb-4ee7-945b-6ce10b093b44@group-E40B6676F8C7-LeaderElection18] INFO  server.RaftServerConfigKeys (ConfUtils.java:logGet(44)) - raft.server.watch.timeout = 180s (custom)
2022-01-18 05:34:36,450 [3327475e-62cb-4ee7-945b-6ce10b093b44@group-E40B6676F8C7-LeaderElection18] INFO  server.RaftServerConfigKeys (ConfUtils.java:logGet(44)) - raft.server.watch.timeout.denomination = 1s (default)
2022-01-18 05:34:36,450 [3327475e-62cb-4ee7-945b-6ce10b093b44@group-E40B6676F8C7-LeaderElection18] INFO  server.RaftServerConfigKeys (ConfUtils.java:logGet(44)) - raft.server.watch.element-limit = 65536 (default)
2022-01-18 05:34:36,450 [3327475e-62cb-4ee7-945b-6ce10b093b44@group-E40B6676F8C7-LeaderElection18] INFO  server.RaftServerConfigKeys (ConfUtils.java:logGet(44)) - raft.server.write.element-limit = 1024 (custom)
2022-01-18 05:34:36,450 [3327475e-62cb-4ee7-945b-6ce10b093b44@group-E40B6676F8C7-LeaderElection18] INFO  server.RaftServerConfigKeys (ConfUtils.java:logGet(44)) - raft.server.write.follower.gap.ratio.max = -1.0 (default)
2022-01-18 05:34:36,450 [3327475e-62cb-4ee7-945b-6ce10b093b44@group-E40B6676F8C7-LeaderElection18] INFO  impl.RoleInfo (RoleInfo.java:updateAndGet(130)) - 3327475e-62cb-4ee7-945b-6ce10b093b44: start 3327475e-62cb-4ee7-945b-6ce10b093b44@group-E40B6676F8C7-LeaderStateImpl
2022-01-18 05:34:36,450 [3327475e-62cb-4ee7-945b-6ce10b093b44@group-E40B6676F8C7-LeaderElection18] INFO  segmented.SegmentedRaftLogWorker (SegmentedRaftLogWorker.java:startLogSegment(394)) - 3327475e-62cb-4ee7-945b-6ce10b093b44@group-E40B6676F8C7-SegmentedRaftLogWorker: Starting segment from index:0
2022-01-18 05:34:36,449 [EventQueue-OpenPipelineForHealthyPipelineSafeModeRule] INFO  safemode.SCMSafeModeManager (HealthyPipelineSafeModeRule.java:process(124)) - SCM in safe mode. Healthy pipelines reported count is 0, required healthy pipeline reported count is 1
2022-01-18 05:34:36,452 [3327475e-62cb-4ee7-945b-6ce10b093b44@group-E40B6676F8C7-SegmentedRaftLogWorker] INFO  segmented.SegmentedRaftLogWorker (SegmentedRaftLogWorker.java:execute(601)) - 3327475e-62cb-4ee7-945b-6ce10b093b44@group-E40B6676F8C7-SegmentedRaftLogWorker: created new log segment /home/runner/work/ozone/ozone/hadoop-ozone/integration-test/target/test-dir/MiniOzoneClusterImpl-cb7c1fcf-6298-49a9-b20a-40b206c3d36e/datanode-2/data/ratis/72fd4272-f57c-47ea-82a5-e40b6676f8c7/current/log_inprogress_0
2022-01-18 05:34:36,477 [3327475e-62cb-4ee7-945b-6ce10b093b44@group-E40B6676F8C7-LeaderElection18] INFO  server.RaftServer$Division (ServerState.java:setRaftConf(387)) - 3327475e-62cb-4ee7-945b-6ce10b093b44@group-E40B6676F8C7: set configuration 0: [3327475e-62cb-4ee7-945b-6ce10b093b44|rpc:10.1.0.16:38697|dataStream:|priority:1], old=null
2022-01-18 05:34:37,202 [Listener at 127.0.0.1/37357] INFO  ozone.MiniOzoneClusterImpl (MiniOzoneClusterImpl.java:lambda$waitForClusterToBeReady$0(219)) - Nodes are ready. Got 3 of 3 DN Heartbeats.
2022-01-18 05:34:37,202 [Listener at 127.0.0.1/37357] INFO  ozone.MiniOzoneClusterImpl (MiniOzoneClusterImpl.java:lambda$waitForClusterToBeReady$0(222)) - Waiting for cluster to exit safe mode
2022-01-18 05:34:37,202 [Listener at 127.0.0.1/37357] INFO  ozone.MiniOzoneClusterImpl (MiniOzoneClusterImpl.java:lambda$waitForClusterToBeReady$0(224)) - SCM became leader
2022-01-18 05:34:38,202 [Listener at 127.0.0.1/37357] INFO  ozone.MiniOzoneClusterImpl (MiniOzoneClusterImpl.java:lambda$waitForClusterToBeReady$0(219)) - Nodes are ready. Got 3 of 3 DN Heartbeats.
2022-01-18 05:34:38,202 [Listener at 127.0.0.1/37357] INFO  ozone.MiniOzoneClusterImpl (MiniOzoneClusterImpl.java:lambda$waitForClusterToBeReady$0(222)) - Waiting for cluster to exit safe mode
2022-01-18 05:34:38,202 [Listener at 127.0.0.1/37357] INFO  ozone.MiniOzoneClusterImpl (MiniOzoneClusterImpl.java:lambda$waitForClusterToBeReady$0(224)) - SCM became leader
2022-01-18 05:34:39,203 [Listener at 127.0.0.1/37357] INFO  ozone.MiniOzoneClusterImpl (MiniOzoneClusterImpl.java:lambda$waitForClusterToBeReady$0(219)) - Nodes are ready. Got 3 of 3 DN Heartbeats.
2022-01-18 05:34:39,203 [Listener at 127.0.0.1/37357] INFO  ozone.MiniOzoneClusterImpl (MiniOzoneClusterImpl.java:lambda$waitForClusterToBeReady$0(222)) - Waiting for cluster to exit safe mode
2022-01-18 05:34:39,203 [Listener at 127.0.0.1/37357] INFO  ozone.MiniOzoneClusterImpl (MiniOzoneClusterImpl.java:lambda$waitForClusterToBeReady$0(224)) - SCM became leader
2022-01-18 05:34:40,203 [Listener at 127.0.0.1/37357] INFO  ozone.MiniOzoneClusterImpl (MiniOzoneClusterImpl.java:lambda$waitForClusterToBeReady$0(219)) - Nodes are ready. Got 3 of 3 DN Heartbeats.
2022-01-18 05:34:40,203 [Listener at 127.0.0.1/37357] INFO  ozone.MiniOzoneClusterImpl (MiniOzoneClusterImpl.java:lambda$waitForClusterToBeReady$0(222)) - Waiting for cluster to exit safe mode
2022-01-18 05:34:40,203 [Listener at 127.0.0.1/37357] INFO  ozone.MiniOzoneClusterImpl (MiniOzoneClusterImpl.java:lambda$waitForClusterToBeReady$0(224)) - SCM became leader
2022-01-18 05:34:40,611 [67260eab-501e-432c-b67c-83a04ad0151f@group-DB115239E727-FollowerState] INFO  impl.FollowerState (FollowerState.java:run(134)) - 67260eab-501e-432c-b67c-83a04ad0151f@group-DB115239E727-FollowerState: change to CANDIDATE, lastRpcElapsedTime:5116613657ns, electionTimeout:5116ms
2022-01-18 05:34:40,611 [67260eab-501e-432c-b67c-83a04ad0151f@group-DB115239E727-FollowerState] INFO  impl.RoleInfo (RoleInfo.java:shutdownFollowerState(108)) - 67260eab-501e-432c-b67c-83a04ad0151f: shutdown 67260eab-501e-432c-b67c-83a04ad0151f@group-DB115239E727-FollowerState
2022-01-18 05:34:40,611 [67260eab-501e-432c-b67c-83a04ad0151f@group-DB115239E727-FollowerState] INFO  server.RaftServer$Division (RaftServerImpl.java:setRole(290)) - 67260eab-501e-432c-b67c-83a04ad0151f@group-DB115239E727: changes role from  FOLLOWER to CANDIDATE at term 1 for changeToCandidate
2022-01-18 05:34:40,612 [67260eab-501e-432c-b67c-83a04ad0151f@group-DB115239E727-FollowerState] INFO  server.RaftServerConfigKeys (ConfUtils.java:logGet(44)) - raft.server.leaderelection.pre-vote = false (custom)
2022-01-18 05:34:40,612 [67260eab-501e-432c-b67c-83a04ad0151f@group-DB115239E727-FollowerState] INFO  impl.RoleInfo (RoleInfo.java:updateAndGet(130)) - 67260eab-501e-432c-b67c-83a04ad0151f: start 67260eab-501e-432c-b67c-83a04ad0151f@group-DB115239E727-LeaderElection19
2022-01-18 05:34:40,620 [3327475e-62cb-4ee7-945b-6ce10b093b44@group-DB115239E727-FollowerState] INFO  impl.FollowerState (FollowerState.java:run(134)) - 3327475e-62cb-4ee7-945b-6ce10b093b44@group-DB115239E727-FollowerState: change to CANDIDATE, lastRpcElapsedTime:5129997037ns, electionTimeout:5128ms
2022-01-18 05:34:40,621 [3327475e-62cb-4ee7-945b-6ce10b093b44@group-DB115239E727-FollowerState] INFO  impl.RoleInfo (RoleInfo.java:shutdownFollowerState(108)) - 3327475e-62cb-4ee7-945b-6ce10b093b44: shutdown 3327475e-62cb-4ee7-945b-6ce10b093b44@group-DB115239E727-FollowerState
2022-01-18 05:34:40,621 [67260eab-501e-432c-b67c-83a04ad0151f@group-DB115239E727-LeaderElection19] INFO  impl.LeaderElection (LeaderElection.java:askForVotes(306)) - 67260eab-501e-432c-b67c-83a04ad0151f@group-DB115239E727-LeaderElection19 ELECTION round 0: submit vote requests at term 2 for -1: [3327475e-62cb-4ee7-945b-6ce10b093b44|rpc:10.1.0.16:38697|priority:1, 67260eab-501e-432c-b67c-83a04ad0151f|rpc:10.1.0.16:38305|priority:0, 3c29bd76-08cb-41c8-a67d-745d6588ade1|rpc:10.1.0.16:33765|priority:0], old=null
2022-01-18 05:34:40,621 [3327475e-62cb-4ee7-945b-6ce10b093b44@group-DB115239E727-FollowerState] INFO  server.RaftServer$Division (RaftServerImpl.java:setRole(290)) - 3327475e-62cb-4ee7-945b-6ce10b093b44@group-DB115239E727: changes role from  FOLLOWER to CANDIDATE at term 1 for changeToCandidate
2022-01-18 05:34:40,621 [3327475e-62cb-4ee7-945b-6ce10b093b44@group-DB115239E727-FollowerState] INFO  server.RaftServerConfigKeys (ConfUtils.java:logGet(44)) - raft.server.leaderelection.pre-vote = false (custom)
2022-01-18 05:34:40,621 [3327475e-62cb-4ee7-945b-6ce10b093b44@group-DB115239E727-FollowerState] INFO  impl.RoleInfo (RoleInfo.java:updateAndGet(130)) - 3327475e-62cb-4ee7-945b-6ce10b093b44: start 3327475e-62cb-4ee7-945b-6ce10b093b44@group-DB115239E727-LeaderElection20
2022-01-18 05:34:40,644 [grpc-default-executor-1] INFO  server.RaftServer$Division (RaftServerImpl.java:requestVote(1046)) - 3c29bd76-08cb-41c8-a67d-745d6588ade1@group-DB115239E727: receive requestVote(ELECTION, 67260eab-501e-432c-b67c-83a04ad0151f, group-DB115239E727, 2, (t:0, i:0))
2022-01-18 05:34:40,645 [grpc-default-executor-0] INFO  server.RaftServer$Division (RaftServerImpl.java:requestVote(1046)) - 3327475e-62cb-4ee7-945b-6ce10b093b44@group-DB115239E727: receive requestVote(ELECTION, 67260eab-501e-432c-b67c-83a04ad0151f, group-DB115239E727, 2, (t:0, i:0))
2022-01-18 05:34:40,645 [grpc-default-executor-0] INFO  impl.VoteContext (VoteContext.java:log(48)) - 3327475e-62cb-4ee7-945b-6ce10b093b44@group-DB115239E727-CANDIDATE: reject ELECTION from 67260eab-501e-432c-b67c-83a04ad0151f: our priority 1 > candidate's priority 0
2022-01-18 05:34:40,645 [grpc-default-executor-0] INFO  server.RaftServer$Division (RaftServerImpl.java:setRole(290)) - 3327475e-62cb-4ee7-945b-6ce10b093b44@group-DB115239E727: changes role from CANDIDATE to FOLLOWER at term 2 for candidate:67260eab-501e-432c-b67c-83a04ad0151f
2022-01-18 05:34:40,645 [grpc-default-executor-0] INFO  impl.RoleInfo (RoleInfo.java:shutdownLeaderElection(121)) - 3327475e-62cb-4ee7-945b-6ce10b093b44: shutdown 3327475e-62cb-4ee7-945b-6ce10b093b44@group-DB115239E727-LeaderElection20
2022-01-18 05:34:40,645 [grpc-default-executor-0] INFO  impl.RoleInfo (RoleInfo.java:updateAndGet(130)) - 3327475e-62cb-4ee7-945b-6ce10b093b44: start 3327475e-62cb-4ee7-945b-6ce10b093b44@group-DB115239E727-FollowerState
2022-01-18 05:34:40,645 [3c29bd76-08cb-41c8-a67d-745d6588ade1@group-DB115239E727-FollowerState] INFO  impl.FollowerState (FollowerState.java:run(134)) - 3c29bd76-08cb-41c8-a67d-745d6588ade1@group-DB115239E727-FollowerState: change to CANDIDATE, lastRpcElapsedTime:5122581437ns, electionTimeout:5113ms
2022-01-18 05:34:40,645 [3c29bd76-08cb-41c8-a67d-745d6588ade1@group-DB115239E727-FollowerState] INFO  impl.RoleInfo (RoleInfo.java:shutdownFollowerState(108)) - 3c29bd76-08cb-41c8-a67d-745d6588ade1: shutdown 3c29bd76-08cb-41c8-a67d-745d6588ade1@group-DB115239E727-FollowerState
2022-01-18 05:34:40,645 [3c29bd76-08cb-41c8-a67d-745d6588ade1@group-DB115239E727-FollowerState] INFO  server.RaftServer$Division (RaftServerImpl.java:setRole(290)) - 3c29bd76-08cb-41c8-a67d-745d6588ade1@group-DB115239E727: changes role from  FOLLOWER to CANDIDATE at term 1 for changeToCandidate
2022-01-18 05:34:40,649 [3c29bd76-08cb-41c8-a67d-745d6588ade1@group-DB115239E727-FollowerState] INFO  server.RaftServerConfigKeys (ConfUtils.java:logGet(44)) - raft.server.leaderelection.pre-vote = false (custom)
2022-01-18 05:34:40,650 [3c29bd76-08cb-41c8-a67d-745d6588ade1@group-DB115239E727-FollowerState] INFO  impl.RoleInfo (RoleInfo.java:updateAndGet(130)) - 3c29bd76-08cb-41c8-a67d-745d6588ade1: start 3c29bd76-08cb-41c8-a67d-745d6588ade1@group-DB115239E727-LeaderElection21
2022-01-18 05:34:40,650 [grpc-default-executor-1] INFO  impl.VoteContext (VoteContext.java:log(48)) - 3c29bd76-08cb-41c8-a67d-745d6588ade1@group-DB115239E727-CANDIDATE: accept ELECTION from 67260eab-501e-432c-b67c-83a04ad0151f: our priority 0 <= candidate's priority 0
2022-01-18 05:34:40,650 [grpc-default-executor-1] INFO  server.RaftServer$Division (RaftServerImpl.java:setRole(290)) - 3c29bd76-08cb-41c8-a67d-745d6588ade1@group-DB115239E727: changes role from CANDIDATE to FOLLOWER at term 2 for candidate:67260eab-501e-432c-b67c-83a04ad0151f
2022-01-18 05:34:40,650 [grpc-default-executor-1] INFO  impl.RoleInfo (RoleInfo.java:shutdownLeaderElection(121)) - 3c29bd76-08cb-41c8-a67d-745d6588ade1: shutdown 3c29bd76-08cb-41c8-a67d-745d6588ade1@group-DB115239E727-LeaderElection21
2022-01-18 05:34:40,650 [grpc-default-executor-1] INFO  impl.RoleInfo (RoleInfo.java:updateAndGet(130)) - 3c29bd76-08cb-41c8-a67d-745d6588ade1: start 3c29bd76-08cb-41c8-a67d-745d6588ade1@group-DB115239E727-FollowerState
2022-01-18 05:34:40,650 [3c29bd76-08cb-41c8-a67d-745d6588ade1@group-DB115239E727-LeaderElection21] INFO  impl.LeaderElection (LeaderElection.java:run(230)) - 3c29bd76-08cb-41c8-a67d-745d6588ade1@group-DB115239E727-LeaderElection21: skip running since this is already CLOSING
2022-01-18 05:34:40,652 [grpc-default-executor-0] INFO  server.RaftServer$Division (RaftServerImpl.java:requestVote(1078)) - 3327475e-62cb-4ee7-945b-6ce10b093b44@group-DB115239E727 replies to ELECTION vote request: 67260eab-501e-432c-b67c-83a04ad0151f<-3327475e-62cb-4ee7-945b-6ce10b093b44#0:FAIL-t2. Peer's state: 3327475e-62cb-4ee7-945b-6ce10b093b44@group-DB115239E727:t2, leader=null, voted=null, raftlog=3327475e-62cb-4ee7-945b-6ce10b093b44@group-DB115239E727-SegmentedRaftLog:OPENED:c-1, conf=-1: [3327475e-62cb-4ee7-945b-6ce10b093b44|rpc:10.1.0.16:38697|dataStream:|priority:1, 67260eab-501e-432c-b67c-83a04ad0151f|rpc:10.1.0.16:38305|dataStream:|priority:0, 3c29bd76-08cb-41c8-a67d-745d6588ade1|rpc:10.1.0.16:33765|dataStream:|priority:0], old=null
2022-01-18 05:34:40,653 [67260eab-501e-432c-b67c-83a04ad0151f@group-DB115239E727-LeaderElection19] INFO  impl.LeaderElection (LeaderElection.java:logAndReturn(89)) - 67260eab-501e-432c-b67c-83a04ad0151f@group-DB115239E727-LeaderElection19: ELECTION REJECTED received 1 response(s) and 0 exception(s):
2022-01-18 05:34:40,653 [67260eab-501e-432c-b67c-83a04ad0151f@group-DB115239E727-LeaderElection19] INFO  impl.LeaderElection (LeaderElection.java:logAndReturn(93)) -   Response 0: 67260eab-501e-432c-b67c-83a04ad0151f<-3327475e-62cb-4ee7-945b-6ce10b093b44#0:FAIL-t2
2022-01-18 05:34:40,653 [67260eab-501e-432c-b67c-83a04ad0151f@group-DB115239E727-LeaderElection19] INFO  impl.LeaderElection (LeaderElection.java:askForVotes(308)) - 67260eab-501e-432c-b67c-83a04ad0151f@group-DB115239E727-LeaderElection19 ELECTION round 0: result REJECTED
2022-01-18 05:34:40,653 [67260eab-501e-432c-b67c-83a04ad0151f@group-DB115239E727-LeaderElection19] INFO  server.RaftServer$Division (RaftServerImpl.java:setRole(290)) - 67260eab-501e-432c-b67c-83a04ad0151f@group-DB115239E727: changes role from CANDIDATE to FOLLOWER at term 2 for REJECTED
2022-01-18 05:34:40,653 [67260eab-501e-432c-b67c-83a04ad0151f@group-DB115239E727-LeaderElection19] INFO  impl.RoleInfo (RoleInfo.java:shutdownLeaderElection(121)) - 67260eab-501e-432c-b67c-83a04ad0151f: shutdown 67260eab-501e-432c-b67c-83a04ad0151f@group-DB115239E727-LeaderElection19
2022-01-18 05:34:40,653 [67260eab-501e-432c-b67c-83a04ad0151f@group-DB115239E727-LeaderElection19] INFO  impl.RoleInfo (RoleInfo.java:updateAndGet(130)) - 67260eab-501e-432c-b67c-83a04ad0151f: start 67260eab-501e-432c-b67c-83a04ad0151f@group-DB115239E727-FollowerState
2022-01-18 05:34:40,654 [grpc-default-executor-1] INFO  server.RaftServer$Division (RaftServerImpl.java:requestVote(1078)) - 3c29bd76-08cb-41c8-a67d-745d6588ade1@group-DB115239E727 replies to ELECTION vote request: 67260eab-501e-432c-b67c-83a04ad0151f<-3c29bd76-08cb-41c8-a67d-745d6588ade1#0:OK-t2. Peer's state: 3c29bd76-08cb-41c8-a67d-745d6588ade1@group-DB115239E727:t2, leader=null, voted=67260eab-501e-432c-b67c-83a04ad0151f, raftlog=3c29bd76-08cb-41c8-a67d-745d6588ade1@group-DB115239E727-SegmentedRaftLog:OPENED:c-1, conf=-1: [3327475e-62cb-4ee7-945b-6ce10b093b44|rpc:10.1.0.16:38697|dataStream:|priority:1, 67260eab-501e-432c-b67c-83a04ad0151f|rpc:10.1.0.16:38305|dataStream:|priority:0, 3c29bd76-08cb-41c8-a67d-745d6588ade1|rpc:10.1.0.16:33765|dataStream:|priority:0], old=null
2022-01-18 05:34:40,654 [3327475e-62cb-4ee7-945b-6ce10b093b44@group-DB115239E727-LeaderElection20] INFO  impl.LeaderElection (LeaderElection.java:run(230)) - 3327475e-62cb-4ee7-945b-6ce10b093b44@group-DB115239E727-LeaderElection20: skip running since this is already CLOSING
2022-01-18 05:34:41,204 [Listener at 127.0.0.1/37357] INFO  ozone.MiniOzoneClusterImpl (MiniOzoneClusterImpl.java:lambda$waitForClusterToBeReady$0(219)) - Nodes are ready. Got 3 of 3 DN Heartbeats.
2022-01-18 05:34:41,205 [Listener at 127.0.0.1/37357] INFO  ozone.MiniOzoneClusterImpl (MiniOzoneClusterImpl.java:lambda$waitForClusterToBeReady$0(222)) - Waiting for cluster to exit safe mode
2022-01-18 05:34:41,205 [Listener at 127.0.0.1/37357] INFO  ozone.MiniOzoneClusterImpl (MiniOzoneClusterImpl.java:lambda$waitForClusterToBeReady$0(224)) - SCM became leader
2022-01-18 05:34:42,205 [Listener at 127.0.0.1/37357] INFO  ozone.MiniOzoneClusterImpl (MiniOzoneClusterImpl.java:lambda$waitForClusterToBeReady$0(219)) - Nodes are ready. Got 3 of 3 DN Heartbeats.
2022-01-18 05:34:42,205 [Listener at 127.0.0.1/37357] INFO  ozone.MiniOzoneClusterImpl (MiniOzoneClusterImpl.java:lambda$waitForClusterToBeReady$0(222)) - Waiting for cluster to exit safe mode
2022-01-18 05:34:42,205 [Listener at 127.0.0.1/37357] INFO  ozone.MiniOzoneClusterImpl (MiniOzoneClusterImpl.java:lambda$waitForClusterToBeReady$0(224)) - SCM became leader
2022-01-18 05:34:43,205 [Listener at 127.0.0.1/37357] INFO  ozone.MiniOzoneClusterImpl (MiniOzoneClusterImpl.java:lambda$waitForClusterToBeReady$0(219)) - Nodes are ready. Got 3 of 3 DN Heartbeats.
2022-01-18 05:34:43,206 [Listener at 127.0.0.1/37357] INFO  ozone.MiniOzoneClusterImpl (MiniOzoneClusterImpl.java:lambda$waitForClusterToBeReady$0(222)) - Waiting for cluster to exit safe mode
2022-01-18 05:34:43,206 [Listener at 127.0.0.1/37357] INFO  ozone.MiniOzoneClusterImpl (MiniOzoneClusterImpl.java:lambda$waitForClusterToBeReady$0(224)) - SCM became leader
2022-01-18 05:34:44,206 [Listener at 127.0.0.1/37357] INFO  ozone.MiniOzoneClusterImpl (MiniOzoneClusterImpl.java:lambda$waitForClusterToBeReady$0(219)) - Nodes are ready. Got 3 of 3 DN Heartbeats.
2022-01-18 05:34:44,206 [Listener at 127.0.0.1/37357] INFO  ozone.MiniOzoneClusterImpl (MiniOzoneClusterImpl.java:lambda$waitForClusterToBeReady$0(222)) - Waiting for cluster to exit safe mode
2022-01-18 05:34:44,206 [Listener at 127.0.0.1/37357] INFO  ozone.MiniOzoneClusterImpl (MiniOzoneClusterImpl.java:lambda$waitForClusterToBeReady$0(224)) - SCM became leader
2022-01-18 05:34:45,206 [Listener at 127.0.0.1/37357] INFO  ozone.MiniOzoneClusterImpl (MiniOzoneClusterImpl.java:lambda$waitForClusterToBeReady$0(219)) - Nodes are ready. Got 3 of 3 DN Heartbeats.
2022-01-18 05:34:45,207 [Listener at 127.0.0.1/37357] INFO  ozone.MiniOzoneClusterImpl (MiniOzoneClusterImpl.java:lambda$waitForClusterToBeReady$0(222)) - Waiting for cluster to exit safe mode
2022-01-18 05:34:45,207 [Listener at 127.0.0.1/37357] INFO  ozone.MiniOzoneClusterImpl (MiniOzoneClusterImpl.java:lambda$waitForClusterToBeReady$0(224)) - SCM became leader
2022-01-18 05:34:45,752 [67260eab-501e-432c-b67c-83a04ad0151f@group-DB115239E727-FollowerState] INFO  impl.FollowerState (FollowerState.java:run(134)) - 67260eab-501e-432c-b67c-83a04ad0151f@group-DB115239E727-FollowerState: change to CANDIDATE, lastRpcElapsedTime:5098394563ns, electionTimeout:5090ms
2022-01-18 05:34:45,752 [67260eab-501e-432c-b67c-83a04ad0151f@group-DB115239E727-FollowerState] INFO  impl.RoleInfo (RoleInfo.java:shutdownFollowerState(108)) - 67260eab-501e-432c-b67c-83a04ad0151f: shutdown 67260eab-501e-432c-b67c-83a04ad0151f@group-DB115239E727-FollowerState
2022-01-18 05:34:45,752 [67260eab-501e-432c-b67c-83a04ad0151f@group-DB115239E727-FollowerState] INFO  server.RaftServer$Division (RaftServerImpl.java:setRole(290)) - 67260eab-501e-432c-b67c-83a04ad0151f@group-DB115239E727: changes role from  FOLLOWER to CANDIDATE at term 2 for changeToCandidate
2022-01-18 05:34:45,752 [67260eab-501e-432c-b67c-83a04ad0151f@group-DB115239E727-FollowerState] INFO  server.RaftServerConfigKeys (ConfUtils.java:logGet(44)) - raft.server.leaderelection.pre-vote = false (custom)
2022-01-18 05:34:45,752 [67260eab-501e-432c-b67c-83a04ad0151f@group-DB115239E727-FollowerState] INFO  impl.RoleInfo (RoleInfo.java:updateAndGet(130)) - 67260eab-501e-432c-b67c-83a04ad0151f: start 67260eab-501e-432c-b67c-83a04ad0151f@group-DB115239E727-LeaderElection22
2022-01-18 05:34:45,756 [67260eab-501e-432c-b67c-83a04ad0151f@group-DB115239E727-LeaderElection22] INFO  impl.LeaderElection (LeaderElection.java:askForVotes(306)) - 67260eab-501e-432c-b67c-83a04ad0151f@group-DB115239E727-LeaderElection22 ELECTION round 0: submit vote requests at term 3 for -1: [3327475e-62cb-4ee7-945b-6ce10b093b44|rpc:10.1.0.16:38697|priority:1, 67260eab-501e-432c-b67c-83a04ad0151f|rpc:10.1.0.16:38305|priority:0, 3c29bd76-08cb-41c8-a67d-745d6588ade1|rpc:10.1.0.16:33765|priority:0], old=null
2022-01-18 05:34:45,763 [grpc-default-executor-0] INFO  server.RaftServer$Division (RaftServerImpl.java:requestVote(1046)) - 3c29bd76-08cb-41c8-a67d-745d6588ade1@group-DB115239E727: receive requestVote(ELECTION, 67260eab-501e-432c-b67c-83a04ad0151f, group-DB115239E727, 3, (t:0, i:0))
2022-01-18 05:34:45,763 [grpc-default-executor-0] INFO  impl.VoteContext (VoteContext.java:log(48)) - 3c29bd76-08cb-41c8-a67d-745d6588ade1@group-DB115239E727-FOLLOWER: accept ELECTION from 67260eab-501e-432c-b67c-83a04ad0151f: our priority 0 <= candidate's priority 0
2022-01-18 05:34:45,763 [grpc-default-executor-0] INFO  server.RaftServer$Division (RaftServerImpl.java:setRole(290)) - 3c29bd76-08cb-41c8-a67d-745d6588ade1@group-DB115239E727: changes role from  FOLLOWER to FOLLOWER at term 3 for candidate:67260eab-501e-432c-b67c-83a04ad0151f
2022-01-18 05:34:45,763 [grpc-default-executor-0] INFO  impl.RoleInfo (RoleInfo.java:shutdownFollowerState(108)) - 3c29bd76-08cb-41c8-a67d-745d6588ade1: shutdown 3c29bd76-08cb-41c8-a67d-745d6588ade1@group-DB115239E727-FollowerState
2022-01-18 05:34:45,763 [grpc-default-executor-0] INFO  impl.RoleInfo (RoleInfo.java:updateAndGet(130)) - 3c29bd76-08cb-41c8-a67d-745d6588ade1: start 3c29bd76-08cb-41c8-a67d-745d6588ade1@group-DB115239E727-FollowerState
2022-01-18 05:34:45,764 [3c29bd76-08cb-41c8-a67d-745d6588ade1@group-DB115239E727-FollowerState] INFO  impl.FollowerState (FollowerState.java:run(143)) - 3c29bd76-08cb-41c8-a67d-745d6588ade1@group-DB115239E727-FollowerState was interrupted: {}
java.lang.InterruptedException: sleep interrupted
	at java.lang.Thread.sleep(Native Method)
	at java.lang.Thread.sleep(Thread.java:340)
	at java.util.concurrent.TimeUnit.sleep(TimeUnit.java:386)
	at org.apache.ratis.util.TimeDuration.sleep(TimeDuration.java:324)
	at org.apache.ratis.util.TimeDuration.sleep(TimeDuration.java:309)
	at org.apache.ratis.server.impl.FollowerState.run(FollowerState.java:118)
2022-01-18 05:34:45,763 [grpc-default-executor-1] INFO  server.RaftServer$Division (RaftServerImpl.java:requestVote(1046)) - 3327475e-62cb-4ee7-945b-6ce10b093b44@group-DB115239E727: receive requestVote(ELECTION, 67260eab-501e-432c-b67c-83a04ad0151f, group-DB115239E727, 3, (t:0, i:0))
2022-01-18 05:34:45,764 [grpc-default-executor-1] INFO  impl.VoteContext (VoteContext.java:log(48)) - 3327475e-62cb-4ee7-945b-6ce10b093b44@group-DB115239E727-FOLLOWER: reject ELECTION from 67260eab-501e-432c-b67c-83a04ad0151f: our priority 1 > candidate's priority 0
2022-01-18 05:34:45,764 [grpc-default-executor-1] INFO  server.RaftServer$Division (RaftServerImpl.java:setRole(290)) - 3327475e-62cb-4ee7-945b-6ce10b093b44@group-DB115239E727: changes role from  FOLLOWER to FOLLOWER at term 3 for candidate:67260eab-501e-432c-b67c-83a04ad0151f
2022-01-18 05:34:45,764 [grpc-default-executor-1] INFO  impl.RoleInfo (RoleInfo.java:shutdownFollowerState(108)) - 3327475e-62cb-4ee7-945b-6ce10b093b44: shutdown 3327475e-62cb-4ee7-945b-6ce10b093b44@group-DB115239E727-FollowerState
2022-01-18 05:34:45,765 [grpc-default-executor-1] INFO  impl.RoleInfo (RoleInfo.java:updateAndGet(130)) - 3327475e-62cb-4ee7-945b-6ce10b093b44: start 3327475e-62cb-4ee7-945b-6ce10b093b44@group-DB115239E727-FollowerState
2022-01-18 05:34:45,765 [grpc-default-executor-0] INFO  server.RaftServer$Division (RaftServerImpl.java:requestVote(1078)) - 3c29bd76-08cb-41c8-a67d-745d6588ade1@group-DB115239E727 replies to ELECTION vote request: 67260eab-501e-432c-b67c-83a04ad0151f<-3c29bd76-08cb-41c8-a67d-745d6588ade1#0:OK-t3. Peer's state: 3c29bd76-08cb-41c8-a67d-745d6588ade1@group-DB115239E727:t3, leader=null, voted=67260eab-501e-432c-b67c-83a04ad0151f, raftlog=3c29bd76-08cb-41c8-a67d-745d6588ade1@group-DB115239E727-SegmentedRaftLog:OPENED:c-1, conf=-1: [3327475e-62cb-4ee7-945b-6ce10b093b44|rpc:10.1.0.16:38697|dataStream:|priority:1, 67260eab-501e-432c-b67c-83a04ad0151f|rpc:10.1.0.16:38305|dataStream:|priority:0, 3c29bd76-08cb-41c8-a67d-745d6588ade1|rpc:10.1.0.16:33765|dataStream:|priority:0], old=null
2022-01-18 05:34:45,766 [3327475e-62cb-4ee7-945b-6ce10b093b44@group-DB115239E727-FollowerState] INFO  impl.FollowerState (FollowerState.java:run(143)) - 3327475e-62cb-4ee7-945b-6ce10b093b44@group-DB115239E727-FollowerState was interrupted: {}
java.lang.InterruptedException: sleep interrupted
	at java.lang.Thread.sleep(Native Method)
	at java.lang.Thread.sleep(Thread.java:340)
	at java.util.concurrent.TimeUnit.sleep(TimeUnit.java:386)
	at org.apache.ratis.util.TimeDuration.sleep(TimeDuration.java:324)
	at org.apache.ratis.util.TimeDuration.sleep(TimeDuration.java:309)
	at org.apache.ratis.server.impl.FollowerState.run(FollowerState.java:118)
2022-01-18 05:34:45,770 [grpc-default-executor-1] INFO  server.RaftServer$Division (RaftServerImpl.java:requestVote(1078)) - 3327475e-62cb-4ee7-945b-6ce10b093b44@group-DB115239E727 replies to ELECTION vote request: 67260eab-501e-432c-b67c-83a04ad0151f<-3327475e-62cb-4ee7-945b-6ce10b093b44#0:FAIL-t3. Peer's state: 3327475e-62cb-4ee7-945b-6ce10b093b44@group-DB115239E727:t3, leader=null, voted=null, raftlog=3327475e-62cb-4ee7-945b-6ce10b093b44@group-DB115239E727-SegmentedRaftLog:OPENED:c-1, conf=-1: [3327475e-62cb-4ee7-945b-6ce10b093b44|rpc:10.1.0.16:38697|dataStream:|priority:1, 67260eab-501e-432c-b67c-83a04ad0151f|rpc:10.1.0.16:38305|dataStream:|priority:0, 3c29bd76-08cb-41c8-a67d-745d6588ade1|rpc:10.1.0.16:33765|dataStream:|priority:0], old=null
2022-01-18 05:34:45,772 [67260eab-501e-432c-b67c-83a04ad0151f@group-DB115239E727-LeaderElection22] INFO  impl.LeaderElection (LeaderElection.java:logAndReturn(89)) - 67260eab-501e-432c-b67c-83a04ad0151f@group-DB115239E727-LeaderElection22: ELECTION REJECTED received 2 response(s) and 0 exception(s):
2022-01-18 05:34:45,773 [67260eab-501e-432c-b67c-83a04ad0151f@group-DB115239E727-LeaderElection22] INFO  impl.LeaderElection (LeaderElection.java:logAndReturn(93)) -   Response 0: 67260eab-501e-432c-b67c-83a04ad0151f<-3327475e-62cb-4ee7-945b-6ce10b093b44#0:FAIL-t3
2022-01-18 05:34:45,773 [67260eab-501e-432c-b67c-83a04ad0151f@group-DB115239E727-LeaderElection22] INFO  impl.LeaderElection (LeaderElection.java:logAndReturn(93)) -   Response 1: 67260eab-501e-432c-b67c-83a04ad0151f<-3c29bd76-08cb-41c8-a67d-745d6588ade1#0:OK-t3
2022-01-18 05:34:45,773 [67260eab-501e-432c-b67c-83a04ad0151f@group-DB115239E727-LeaderElection22] INFO  impl.LeaderElection (LeaderElection.java:askForVotes(308)) - 67260eab-501e-432c-b67c-83a04ad0151f@group-DB115239E727-LeaderElection22 ELECTION round 0: result REJECTED
2022-01-18 05:34:45,773 [67260eab-501e-432c-b67c-83a04ad0151f@group-DB115239E727-LeaderElection22] INFO  server.RaftServer$Division (RaftServerImpl.java:setRole(290)) - 67260eab-501e-432c-b67c-83a04ad0151f@group-DB115239E727: changes role from CANDIDATE to FOLLOWER at term 3 for REJECTED
2022-01-18 05:34:45,773 [67260eab-501e-432c-b67c-83a04ad0151f@group-DB115239E727-LeaderElection22] INFO  impl.RoleInfo (RoleInfo.java:shutdownLeaderElection(121)) - 67260eab-501e-432c-b67c-83a04ad0151f: shutdown 67260eab-501e-432c-b67c-83a04ad0151f@group-DB115239E727-LeaderElection22
2022-01-18 05:34:45,773 [67260eab-501e-432c-b67c-83a04ad0151f@group-DB115239E727-LeaderElection22] INFO  impl.RoleInfo (RoleInfo.java:updateAndGet(130)) - 67260eab-501e-432c-b67c-83a04ad0151f: start 67260eab-501e-432c-b67c-83a04ad0151f@group-DB115239E727-FollowerState
2022-01-18 05:34:46,207 [Listener at 127.0.0.1/37357] INFO  ozone.MiniOzoneClusterImpl (MiniOzoneClusterImpl.java:lambda$waitForClusterToBeReady$0(219)) - Nodes are ready. Got 3 of 3 DN Heartbeats.
2022-01-18 05:34:46,208 [Listener at 127.0.0.1/37357] INFO  ozone.MiniOzoneClusterImpl (MiniOzoneClusterImpl.java:lambda$waitForClusterToBeReady$0(222)) - Waiting for cluster to exit safe mode
2022-01-18 05:34:46,208 [Listener at 127.0.0.1/37357] INFO  ozone.MiniOzoneClusterImpl (MiniOzoneClusterImpl.java:lambda$waitForClusterToBeReady$0(224)) - SCM became leader
2022-01-18 05:34:47,208 [Listener at 127.0.0.1/37357] INFO  ozone.MiniOzoneClusterImpl (MiniOzoneClusterImpl.java:lambda$waitForClusterToBeReady$0(219)) - Nodes are ready. Got 3 of 3 DN Heartbeats.
2022-01-18 05:34:47,208 [Listener at 127.0.0.1/37357] INFO  ozone.MiniOzoneClusterImpl (MiniOzoneClusterImpl.java:lambda$waitForClusterToBeReady$0(222)) - Waiting for cluster to exit safe mode
2022-01-18 05:34:47,208 [Listener at 127.0.0.1/37357] INFO  ozone.MiniOzoneClusterImpl (MiniOzoneClusterImpl.java:lambda$waitForClusterToBeReady$0(224)) - SCM became leader
2022-01-18 05:34:48,209 [Listener at 127.0.0.1/37357] INFO  ozone.MiniOzoneClusterImpl (MiniOzoneClusterImpl.java:lambda$waitForClusterToBeReady$0(219)) - Nodes are ready. Got 3 of 3 DN Heartbeats.
2022-01-18 05:34:48,209 [Listener at 127.0.0.1/37357] INFO  ozone.MiniOzoneClusterImpl (MiniOzoneClusterImpl.java:lambda$waitForClusterToBeReady$0(222)) - Waiting for cluster to exit safe mode
2022-01-18 05:34:48,209 [Listener at 127.0.0.1/37357] INFO  ozone.MiniOzoneClusterImpl (MiniOzoneClusterImpl.java:lambda$waitForClusterToBeReady$0(224)) - SCM became leader
2022-01-18 05:34:49,210 [Listener at 127.0.0.1/37357] INFO  ozone.MiniOzoneClusterImpl (MiniOzoneClusterImpl.java:lambda$waitForClusterToBeReady$0(219)) - Nodes are ready. Got 3 of 3 DN Heartbeats.
2022-01-18 05:34:49,210 [Listener at 127.0.0.1/37357] INFO  ozone.MiniOzoneClusterImpl (MiniOzoneClusterImpl.java:lambda$waitForClusterToBeReady$0(222)) - Waiting for cluster to exit safe mode
2022-01-18 05:34:49,210 [Listener at 127.0.0.1/37357] INFO  ozone.MiniOzoneClusterImpl (MiniOzoneClusterImpl.java:lambda$waitForClusterToBeReady$0(224)) - SCM became leader
2022-01-18 05:34:50,211 [Listener at 127.0.0.1/37357] INFO  ozone.MiniOzoneClusterImpl (MiniOzoneClusterImpl.java:lambda$waitForClusterToBeReady$0(219)) - Nodes are ready. Got 3 of 3 DN Heartbeats.
2022-01-18 05:34:50,211 [Listener at 127.0.0.1/37357] INFO  ozone.MiniOzoneClusterImpl (MiniOzoneClusterImpl.java:lambda$waitForClusterToBeReady$0(222)) - Waiting for cluster to exit safe mode
2022-01-18 05:34:50,211 [Listener at 127.0.0.1/37357] INFO  ozone.MiniOzoneClusterImpl (MiniOzoneClusterImpl.java:lambda$waitForClusterToBeReady$0(224)) - SCM became leader
2022-01-18 05:34:50,875 [67260eab-501e-432c-b67c-83a04ad0151f@group-DB115239E727-FollowerState] INFO  impl.FollowerState (FollowerState.java:run(134)) - 67260eab-501e-432c-b67c-83a04ad0151f@group-DB115239E727-FollowerState: change to CANDIDATE, lastRpcElapsedTime:5102041364ns, electionTimeout:5088ms
2022-01-18 05:34:50,875 [67260eab-501e-432c-b67c-83a04ad0151f@group-DB115239E727-FollowerState] INFO  impl.RoleInfo (RoleInfo.java:shutdownFollowerState(108)) - 67260eab-501e-432c-b67c-83a04ad0151f: shutdown 67260eab-501e-432c-b67c-83a04ad0151f@group-DB115239E727-FollowerState
2022-01-18 05:34:50,875 [67260eab-501e-432c-b67c-83a04ad0151f@group-DB115239E727-FollowerState] INFO  server.RaftServer$Division (RaftServerImpl.java:setRole(290)) - 67260eab-501e-432c-b67c-83a04ad0151f@group-DB115239E727: changes role from  FOLLOWER to CANDIDATE at term 3 for changeToCandidate
2022-01-18 05:34:50,875 [67260eab-501e-432c-b67c-83a04ad0151f@group-DB115239E727-FollowerState] INFO  server.RaftServerConfigKeys (ConfUtils.java:logGet(44)) - raft.server.leaderelection.pre-vote = false (custom)
2022-01-18 05:34:50,875 [67260eab-501e-432c-b67c-83a04ad0151f@group-DB115239E727-FollowerState] INFO  impl.RoleInfo (RoleInfo.java:updateAndGet(130)) - 67260eab-501e-432c-b67c-83a04ad0151f: start 67260eab-501e-432c-b67c-83a04ad0151f@group-DB115239E727-LeaderElection23
2022-01-18 05:34:50,885 [67260eab-501e-432c-b67c-83a04ad0151f@group-DB115239E727-LeaderElection23] INFO  impl.LeaderElection (LeaderElection.java:askForVotes(306)) - 67260eab-501e-432c-b67c-83a04ad0151f@group-DB115239E727-LeaderElection23 ELECTION round 0: submit vote requests at term 4 for -1: [3327475e-62cb-4ee7-945b-6ce10b093b44|rpc:10.1.0.16:38697|priority:1, 67260eab-501e-432c-b67c-83a04ad0151f|rpc:10.1.0.16:38305|priority:0, 3c29bd76-08cb-41c8-a67d-745d6588ade1|rpc:10.1.0.16:33765|priority:0], old=null
2022-01-18 05:34:50,899 [grpc-default-executor-1] INFO  server.RaftServer$Division (RaftServerImpl.java:requestVote(1046)) - 3c29bd76-08cb-41c8-a67d-745d6588ade1@group-DB115239E727: receive requestVote(ELECTION, 67260eab-501e-432c-b67c-83a04ad0151f, group-DB115239E727, 4, (t:0, i:0))
2022-01-18 05:34:50,899 [grpc-default-executor-1] INFO  impl.VoteContext (VoteContext.java:log(48)) - 3c29bd76-08cb-41c8-a67d-745d6588ade1@group-DB115239E727-FOLLOWER: accept ELECTION from 67260eab-501e-432c-b67c-83a04ad0151f: our priority 0 <= candidate's priority 0
2022-01-18 05:34:50,899 [grpc-default-executor-1] INFO  server.RaftServer$Division (RaftServerImpl.java:setRole(290)) - 3c29bd76-08cb-41c8-a67d-745d6588ade1@group-DB115239E727: changes role from  FOLLOWER to FOLLOWER at term 4 for candidate:67260eab-501e-432c-b67c-83a04ad0151f
2022-01-18 05:34:50,899 [grpc-default-executor-1] INFO  impl.RoleInfo (RoleInfo.java:shutdownFollowerState(108)) - 3c29bd76-08cb-41c8-a67d-745d6588ade1: shutdown 3c29bd76-08cb-41c8-a67d-745d6588ade1@group-DB115239E727-FollowerState
2022-01-18 05:34:50,899 [grpc-default-executor-1] INFO  impl.RoleInfo (RoleInfo.java:updateAndGet(130)) - 3c29bd76-08cb-41c8-a67d-745d6588ade1: start 3c29bd76-08cb-41c8-a67d-745d6588ade1@group-DB115239E727-FollowerState
2022-01-18 05:34:50,902 [3c29bd76-08cb-41c8-a67d-745d6588ade1@group-DB115239E727-FollowerState] INFO  impl.FollowerState (FollowerState.java:run(143)) - 3c29bd76-08cb-41c8-a67d-745d6588ade1@group-DB115239E727-FollowerState was interrupted: {}
java.lang.InterruptedException: sleep interrupted
	at java.lang.Thread.sleep(Native Method)
	at java.lang.Thread.sleep(Thread.java:340)
	at java.util.concurrent.TimeUnit.sleep(TimeUnit.java:386)
	at org.apache.ratis.util.TimeDuration.sleep(TimeDuration.java:324)
	at org.apache.ratis.util.TimeDuration.sleep(TimeDuration.java:309)
	at org.apache.ratis.server.impl.FollowerState.run(FollowerState.java:118)
2022-01-18 05:34:50,904 [grpc-default-executor-1] INFO  server.RaftServer$Division (RaftServerImpl.java:requestVote(1078)) - 3c29bd76-08cb-41c8-a67d-745d6588ade1@group-DB115239E727 replies to ELECTION vote request: 67260eab-501e-432c-b67c-83a04ad0151f<-3c29bd76-08cb-41c8-a67d-745d6588ade1#0:OK-t4. Peer's state: 3c29bd76-08cb-41c8-a67d-745d6588ade1@group-DB115239E727:t4, leader=null, voted=67260eab-501e-432c-b67c-83a04ad0151f, raftlog=3c29bd76-08cb-41c8-a67d-745d6588ade1@group-DB115239E727-SegmentedRaftLog:OPENED:c-1, conf=-1: [3327475e-62cb-4ee7-945b-6ce10b093b44|rpc:10.1.0.16:38697|dataStream:|priority:1, 67260eab-501e-432c-b67c-83a04ad0151f|rpc:10.1.0.16:38305|dataStream:|priority:0, 3c29bd76-08cb-41c8-a67d-745d6588ade1|rpc:10.1.0.16:33765|dataStream:|priority:0], old=null
2022-01-18 05:34:50,904 [grpc-default-executor-0] INFO  server.RaftServer$Division (RaftServerImpl.java:requestVote(1046)) - 3327475e-62cb-4ee7-945b-6ce10b093b44@group-DB115239E727: receive requestVote(ELECTION, 67260eab-501e-432c-b67c-83a04ad0151f, group-DB115239E727, 4, (t:0, i:0))
2022-01-18 05:34:50,909 [grpc-default-executor-0] INFO  impl.VoteContext (VoteContext.java:log(48)) - 3327475e-62cb-4ee7-945b-6ce10b093b44@group-DB115239E727-FOLLOWER: reject ELECTION from 67260eab-501e-432c-b67c-83a04ad0151f: our priority 1 > candidate's priority 0
2022-01-18 05:34:50,910 [grpc-default-executor-0] INFO  server.RaftServer$Division (RaftServerImpl.java:setRole(290)) - 3327475e-62cb-4ee7-945b-6ce10b093b44@group-DB115239E727: changes role from  FOLLOWER to FOLLOWER at term 4 for candidate:67260eab-501e-432c-b67c-83a04ad0151f
2022-01-18 05:34:50,910 [grpc-default-executor-0] INFO  impl.RoleInfo (RoleInfo.java:shutdownFollowerState(108)) - 3327475e-62cb-4ee7-945b-6ce10b093b44: shutdown 3327475e-62cb-4ee7-945b-6ce10b093b44@group-DB115239E727-FollowerState
2022-01-18 05:34:50,910 [grpc-default-executor-0] INFO  impl.RoleInfo (RoleInfo.java:updateAndGet(130)) - 3327475e-62cb-4ee7-945b-6ce10b093b44: start 3327475e-62cb-4ee7-945b-6ce10b093b44@group-DB115239E727-FollowerState
2022-01-18 05:34:50,910 [3327475e-62cb-4ee7-945b-6ce10b093b44@group-DB115239E727-FollowerState] INFO  impl.FollowerState (FollowerState.java:run(143)) - 3327475e-62cb-4ee7-945b-6ce10b093b44@group-DB115239E727-FollowerState was interrupted: {}
java.lang.InterruptedException: sleep interrupted
	at java.lang.Thread.sleep(Native Method)
	at java.lang.Thread.sleep(Thread.java:340)
	at java.util.concurrent.TimeUnit.sleep(TimeUnit.java:386)
	at org.apache.ratis.util.TimeDuration.sleep(TimeDuration.java:324)
	at org.apache.ratis.util.TimeDuration.sleep(TimeDuration.java:309)
	at org.apache.ratis.server.impl.FollowerState.run(FollowerState.java:118)
2022-01-18 05:34:50,921 [grpc-default-executor-0] INFO  server.RaftServer$Division (RaftServerImpl.java:requestVote(1078)) - 3327475e-62cb-4ee7-945b-6ce10b093b44@group-DB115239E727 replies to ELECTION vote request: 67260eab-501e-432c-b67c-83a04ad0151f<-3327475e-62cb-4ee7-945b-6ce10b093b44#0:FAIL-t4. Peer's state: 3327475e-62cb-4ee7-945b-6ce10b093b44@group-DB115239E727:t4, leader=null, voted=null, raftlog=3327475e-62cb-4ee7-945b-6ce10b093b44@group-DB115239E727-SegmentedRaftLog:OPENED:c-1, conf=-1: [3327475e-62cb-4ee7-945b-6ce10b093b44|rpc:10.1.0.16:38697|dataStream:|priority:1, 67260eab-501e-432c-b67c-83a04ad0151f|rpc:10.1.0.16:38305|dataStream:|priority:0, 3c29bd76-08cb-41c8-a67d-745d6588ade1|rpc:10.1.0.16:33765|dataStream:|priority:0], old=null
2022-01-18 05:34:50,923 [67260eab-501e-432c-b67c-83a04ad0151f@group-DB115239E727-LeaderElection23] INFO  impl.LeaderElection (LeaderElection.java:logAndReturn(89)) - 67260eab-501e-432c-b67c-83a04ad0151f@group-DB115239E727-LeaderElection23: ELECTION REJECTED received 2 response(s) and 0 exception(s):
2022-01-18 05:34:50,924 [67260eab-501e-432c-b67c-83a04ad0151f@group-DB115239E727-LeaderElection23] INFO  impl.LeaderElection (LeaderElection.java:logAndReturn(93)) -   Response 0: 67260eab-501e-432c-b67c-83a04ad0151f<-3327475e-62cb-4ee7-945b-6ce10b093b44#0:FAIL-t4
2022-01-18 05:34:50,924 [67260eab-501e-432c-b67c-83a04ad0151f@group-DB115239E727-LeaderElection23] INFO  impl.LeaderElection (LeaderElection.java:logAndReturn(93)) -   Response 1: 67260eab-501e-432c-b67c-83a04ad0151f<-3c29bd76-08cb-41c8-a67d-745d6588ade1#0:OK-t4
2022-01-18 05:34:50,924 [67260eab-501e-432c-b67c-83a04ad0151f@group-DB115239E727-LeaderElection23] INFO  impl.LeaderElection (LeaderElection.java:askForVotes(308)) - 67260eab-501e-432c-b67c-83a04ad0151f@group-DB115239E727-LeaderElection23 ELECTION round 0: result REJECTED
2022-01-18 05:34:50,924 [67260eab-501e-432c-b67c-83a04ad0151f@group-DB115239E727-LeaderElection23] INFO  server.RaftServer$Division (RaftServerImpl.java:setRole(290)) - 67260eab-501e-432c-b67c-83a04ad0151f@group-DB115239E727: changes role from CANDIDATE to FOLLOWER at term 4 for REJECTED
2022-01-18 05:34:50,924 [67260eab-501e-432c-b67c-83a04ad0151f@group-DB115239E727-LeaderElection23] INFO  impl.RoleInfo (RoleInfo.java:shutdownLeaderElection(121)) - 67260eab-501e-432c-b67c-83a04ad0151f: shutdown 67260eab-501e-432c-b67c-83a04ad0151f@group-DB115239E727-LeaderElection23
2022-01-18 05:34:50,924 [67260eab-501e-432c-b67c-83a04ad0151f@group-DB115239E727-LeaderElection23] INFO  impl.RoleInfo (RoleInfo.java:updateAndGet(130)) - 67260eab-501e-432c-b67c-83a04ad0151f: start 67260eab-501e-432c-b67c-83a04ad0151f@group-DB115239E727-FollowerState
2022-01-18 05:34:51,211 [Listener at 127.0.0.1/37357] INFO  ozone.MiniOzoneClusterImpl (MiniOzoneClusterImpl.java:lambda$waitForClusterToBeReady$0(219)) - Nodes are ready. Got 3 of 3 DN Heartbeats.
2022-01-18 05:34:51,212 [Listener at 127.0.0.1/37357] INFO  ozone.MiniOzoneClusterImpl (MiniOzoneClusterImpl.java:lambda$waitForClusterToBeReady$0(222)) - Waiting for cluster to exit safe mode
2022-01-18 05:34:51,212 [Listener at 127.0.0.1/37357] INFO  ozone.MiniOzoneClusterImpl (MiniOzoneClusterImpl.java:lambda$waitForClusterToBeReady$0(224)) - SCM became leader
2022-01-18 05:34:52,212 [Listener at 127.0.0.1/37357] INFO  ozone.MiniOzoneClusterImpl (MiniOzoneClusterImpl.java:lambda$waitForClusterToBeReady$0(219)) - Nodes are ready. Got 3 of 3 DN Heartbeats.
2022-01-18 05:34:52,213 [Listener at 127.0.0.1/37357] INFO  ozone.MiniOzoneClusterImpl (MiniOzoneClusterImpl.java:lambda$waitForClusterToBeReady$0(222)) - Waiting for cluster to exit safe mode
2022-01-18 05:34:52,213 [Listener at 127.0.0.1/37357] INFO  ozone.MiniOzoneClusterImpl (MiniOzoneClusterImpl.java:lambda$waitForClusterToBeReady$0(224)) - SCM became leader
2022-01-18 05:34:53,213 [Listener at 127.0.0.1/37357] INFO  ozone.MiniOzoneClusterImpl (MiniOzoneClusterImpl.java:lambda$waitForClusterToBeReady$0(219)) - Nodes are ready. Got 3 of 3 DN Heartbeats.
2022-01-18 05:34:53,213 [Listener at 127.0.0.1/37357] INFO  ozone.MiniOzoneClusterImpl (MiniOzoneClusterImpl.java:lambda$waitForClusterToBeReady$0(222)) - Waiting for cluster to exit safe mode
2022-01-18 05:34:53,213 [Listener at 127.0.0.1/37357] INFO  ozone.MiniOzoneClusterImpl (MiniOzoneClusterImpl.java:lambda$waitForClusterToBeReady$0(224)) - SCM became leader
2022-01-18 05:34:54,213 [Listener at 127.0.0.1/37357] INFO  ozone.MiniOzoneClusterImpl (MiniOzoneClusterImpl.java:lambda$waitForClusterToBeReady$0(219)) - Nodes are ready. Got 3 of 3 DN Heartbeats.
2022-01-18 05:34:54,213 [Listener at 127.0.0.1/37357] INFO  ozone.MiniOzoneClusterImpl (MiniOzoneClusterImpl.java:lambda$waitForClusterToBeReady$0(222)) - Waiting for cluster to exit safe mode
2022-01-18 05:34:54,213 [Listener at 127.0.0.1/37357] INFO  ozone.MiniOzoneClusterImpl (MiniOzoneClusterImpl.java:lambda$waitForClusterToBeReady$0(224)) - SCM became leader
2022-01-18 05:34:55,214 [Listener at 127.0.0.1/37357] INFO  ozone.MiniOzoneClusterImpl (MiniOzoneClusterImpl.java:lambda$waitForClusterToBeReady$0(219)) - Nodes are ready. Got 3 of 3 DN Heartbeats.
2022-01-18 05:34:55,214 [Listener at 127.0.0.1/37357] INFO  ozone.MiniOzoneClusterImpl (MiniOzoneClusterImpl.java:lambda$waitForClusterToBeReady$0(222)) - Waiting for cluster to exit safe mode
2022-01-18 05:34:55,214 [Listener at 127.0.0.1/37357] INFO  ozone.MiniOzoneClusterImpl (MiniOzoneClusterImpl.java:lambda$waitForClusterToBeReady$0(224)) - SCM became leader
2022-01-18 05:34:55,999 [3c29bd76-08cb-41c8-a67d-745d6588ade1@group-DB115239E727-FollowerState] INFO  impl.FollowerState (FollowerState.java:run(134)) - 3c29bd76-08cb-41c8-a67d-745d6588ade1@group-DB115239E727-FollowerState: change to CANDIDATE, lastRpcElapsedTime:5094850221ns, electionTimeout:5090ms
2022-01-18 05:34:55,999 [3c29bd76-08cb-41c8-a67d-745d6588ade1@group-DB115239E727-FollowerState] INFO  impl.RoleInfo (RoleInfo.java:shutdownFollowerState(108)) - 3c29bd76-08cb-41c8-a67d-745d6588ade1: shutdown 3c29bd76-08cb-41c8-a67d-745d6588ade1@group-DB115239E727-FollowerState
2022-01-18 05:34:55,999 [3c29bd76-08cb-41c8-a67d-745d6588ade1@group-DB115239E727-FollowerState] INFO  server.RaftServer$Division (RaftServerImpl.java:setRole(290)) - 3c29bd76-08cb-41c8-a67d-745d6588ade1@group-DB115239E727: changes role from  FOLLOWER to CANDIDATE at term 4 for changeToCandidate
2022-01-18 05:34:56,000 [3c29bd76-08cb-41c8-a67d-745d6588ade1@group-DB115239E727-FollowerState] INFO  server.RaftServerConfigKeys (ConfUtils.java:logGet(44)) - raft.server.leaderelection.pre-vote = false (custom)
2022-01-18 05:34:56,000 [3c29bd76-08cb-41c8-a67d-745d6588ade1@group-DB115239E727-FollowerState] INFO  impl.RoleInfo (RoleInfo.java:updateAndGet(130)) - 3c29bd76-08cb-41c8-a67d-745d6588ade1: start 3c29bd76-08cb-41c8-a67d-745d6588ade1@group-DB115239E727-LeaderElection24
2022-01-18 05:34:56,009 [3c29bd76-08cb-41c8-a67d-745d6588ade1@group-DB115239E727-LeaderElection24] INFO  impl.LeaderElection (LeaderElection.java:askForVotes(306)) - 3c29bd76-08cb-41c8-a67d-745d6588ade1@group-DB115239E727-LeaderElection24 ELECTION round 0: submit vote requests at term 5 for -1: [3327475e-62cb-4ee7-945b-6ce10b093b44|rpc:10.1.0.16:38697|dataStream:|priority:1, 67260eab-501e-432c-b67c-83a04ad0151f|rpc:10.1.0.16:38305|dataStream:|priority:0, 3c29bd76-08cb-41c8-a67d-745d6588ade1|rpc:10.1.0.16:33765|dataStream:|priority:0], old=null
2022-01-18 05:34:56,039 [grpc-default-executor-0] INFO  server.RaftServer$Division (RaftServerImpl.java:requestVote(1046)) - 3327475e-62cb-4ee7-945b-6ce10b093b44@group-DB115239E727: receive requestVote(ELECTION, 3c29bd76-08cb-41c8-a67d-745d6588ade1, group-DB115239E727, 5, (t:0, i:0))
2022-01-18 05:34:56,039 [grpc-default-executor-0] INFO  impl.VoteContext (VoteContext.java:log(48)) - 3327475e-62cb-4ee7-945b-6ce10b093b44@group-DB115239E727-FOLLOWER: reject ELECTION from 3c29bd76-08cb-41c8-a67d-745d6588ade1: our priority 1 > candidate's priority 0
2022-01-18 05:34:56,039 [grpc-default-executor-0] INFO  server.RaftServer$Division (RaftServerImpl.java:setRole(290)) - 3327475e-62cb-4ee7-945b-6ce10b093b44@group-DB115239E727: changes role from  FOLLOWER to FOLLOWER at term 5 for candidate:3c29bd76-08cb-41c8-a67d-745d6588ade1
2022-01-18 05:34:56,039 [grpc-default-executor-0] INFO  impl.RoleInfo (RoleInfo.java:shutdownFollowerState(108)) - 3327475e-62cb-4ee7-945b-6ce10b093b44: shutdown 3327475e-62cb-4ee7-945b-6ce10b093b44@group-DB115239E727-FollowerState
2022-01-18 05:34:56,039 [3327475e-62cb-4ee7-945b-6ce10b093b44@group-DB115239E727-FollowerState] INFO  impl.FollowerState (FollowerState.java:run(143)) - 3327475e-62cb-4ee7-945b-6ce10b093b44@group-DB115239E727-FollowerState was interrupted: {}
java.lang.InterruptedException: sleep interrupted
	at java.lang.Thread.sleep(Native Method)
	at java.lang.Thread.sleep(Thread.java:340)
	at java.util.concurrent.TimeUnit.sleep(TimeUnit.java:386)
	at org.apache.ratis.util.TimeDuration.sleep(TimeDuration.java:324)
	at org.apache.ratis.util.TimeDuration.sleep(TimeDuration.java:309)
	at org.apache.ratis.server.impl.FollowerState.run(FollowerState.java:118)
2022-01-18 05:34:56,040 [grpc-default-executor-1] INFO  server.RaftServer$Division (RaftServerImpl.java:requestVote(1046)) - 67260eab-501e-432c-b67c-83a04ad0151f@group-DB115239E727: receive requestVote(ELECTION, 3c29bd76-08cb-41c8-a67d-745d6588ade1, group-DB115239E727, 5, (t:0, i:0))
2022-01-18 05:34:56,050 [grpc-default-executor-1] INFO  impl.VoteContext (VoteContext.java:log(48)) - 67260eab-501e-432c-b67c-83a04ad0151f@group-DB115239E727-FOLLOWER: accept ELECTION from 3c29bd76-08cb-41c8-a67d-745d6588ade1: our priority 0 <= candidate's priority 0
2022-01-18 05:34:56,050 [grpc-default-executor-1] INFO  server.RaftServer$Division (RaftServerImpl.java:setRole(290)) - 67260eab-501e-432c-b67c-83a04ad0151f@group-DB115239E727: changes role from  FOLLOWER to FOLLOWER at term 5 for candidate:3c29bd76-08cb-41c8-a67d-745d6588ade1
2022-01-18 05:34:56,050 [grpc-default-executor-1] INFO  impl.RoleInfo (RoleInfo.java:shutdownFollowerState(108)) - 67260eab-501e-432c-b67c-83a04ad0151f: shutdown 67260eab-501e-432c-b67c-83a04ad0151f@group-DB115239E727-FollowerState
2022-01-18 05:34:56,050 [grpc-default-executor-1] INFO  impl.RoleInfo (RoleInfo.java:updateAndGet(130)) - 67260eab-501e-432c-b67c-83a04ad0151f: start 67260eab-501e-432c-b67c-83a04ad0151f@group-DB115239E727-FollowerState
2022-01-18 05:34:56,039 [grpc-default-executor-0] INFO  impl.RoleInfo (RoleInfo.java:updateAndGet(130)) - 3327475e-62cb-4ee7-945b-6ce10b093b44: start 3327475e-62cb-4ee7-945b-6ce10b093b44@group-DB115239E727-FollowerState
2022-01-18 05:34:56,050 [67260eab-501e-432c-b67c-83a04ad0151f@group-DB115239E727-FollowerState] INFO  impl.FollowerState (FollowerState.java:run(143)) - 67260eab-501e-432c-b67c-83a04ad0151f@group-DB115239E727-FollowerState was interrupted: {}
java.lang.InterruptedException: sleep interrupted
	at java.lang.Thread.sleep(Native Method)
	at java.lang.Thread.sleep(Thread.java:340)
	at java.util.concurrent.TimeUnit.sleep(TimeUnit.java:386)
	at org.apache.ratis.util.TimeDuration.sleep(TimeDuration.java:324)
	at org.apache.ratis.util.TimeDuration.sleep(TimeDuration.java:309)
	at org.apache.ratis.server.impl.FollowerState.run(FollowerState.java:118)
2022-01-18 05:34:56,052 [grpc-default-executor-1] INFO  server.RaftServer$Division (RaftServerImpl.java:requestVote(1078)) - 67260eab-501e-432c-b67c-83a04ad0151f@group-DB115239E727 replies to ELECTION vote request: 3c29bd76-08cb-41c8-a67d-745d6588ade1<-67260eab-501e-432c-b67c-83a04ad0151f#0:OK-t5. Peer's state: 67260eab-501e-432c-b67c-83a04ad0151f@group-DB115239E727:t5, leader=null, voted=3c29bd76-08cb-41c8-a67d-745d6588ade1, raftlog=67260eab-501e-432c-b67c-83a04ad0151f@group-DB115239E727-SegmentedRaftLog:OPENED:c-1, conf=-1: [3327475e-62cb-4ee7-945b-6ce10b093b44|rpc:10.1.0.16:38697|priority:1, 67260eab-501e-432c-b67c-83a04ad0151f|rpc:10.1.0.16:38305|priority:0, 3c29bd76-08cb-41c8-a67d-745d6588ade1|rpc:10.1.0.16:33765|priority:0], old=null
2022-01-18 05:34:56,054 [grpc-default-executor-0] INFO  server.RaftServer$Division (RaftServerImpl.java:requestVote(1078)) - 3327475e-62cb-4ee7-945b-6ce10b093b44@group-DB115239E727 replies to ELECTION vote request: 3c29bd76-08cb-41c8-a67d-745d6588ade1<-3327475e-62cb-4ee7-945b-6ce10b093b44#0:FAIL-t5. Peer's state: 3327475e-62cb-4ee7-945b-6ce10b093b44@group-DB115239E727:t5, leader=null, voted=null, raftlog=3327475e-62cb-4ee7-945b-6ce10b093b44@group-DB115239E727-SegmentedRaftLog:OPENED:c-1, conf=-1: [3327475e-62cb-4ee7-945b-6ce10b093b44|rpc:10.1.0.16:38697|dataStream:|priority:1, 67260eab-501e-432c-b67c-83a04ad0151f|rpc:10.1.0.16:38305|dataStream:|priority:0, 3c29bd76-08cb-41c8-a67d-745d6588ade1|rpc:10.1.0.16:33765|dataStream:|priority:0], old=null
2022-01-18 05:34:56,056 [3c29bd76-08cb-41c8-a67d-745d6588ade1@group-DB115239E727-LeaderElection24] INFO  impl.LeaderElection (LeaderElection.java:logAndReturn(89)) - 3c29bd76-08cb-41c8-a67d-745d6588ade1@group-DB115239E727-LeaderElection24: ELECTION REJECTED received 2 response(s) and 0 exception(s):
2022-01-18 05:34:56,057 [3c29bd76-08cb-41c8-a67d-745d6588ade1@group-DB115239E727-LeaderElection24] INFO  impl.LeaderElection (LeaderElection.java:logAndReturn(93)) -   Response 0: 3c29bd76-08cb-41c8-a67d-745d6588ade1<-3327475e-62cb-4ee7-945b-6ce10b093b44#0:FAIL-t5
2022-01-18 05:34:56,057 [3c29bd76-08cb-41c8-a67d-745d6588ade1@group-DB115239E727-LeaderElection24] INFO  impl.LeaderElection (LeaderElection.java:logAndReturn(93)) -   Response 1: 3c29bd76-08cb-41c8-a67d-745d6588ade1<-67260eab-501e-432c-b67c-83a04ad0151f#0:OK-t5
2022-01-18 05:34:56,058 [3c29bd76-08cb-41c8-a67d-745d6588ade1@group-DB115239E727-LeaderElection24] INFO  impl.LeaderElection (LeaderElection.java:askForVotes(308)) - 3c29bd76-08cb-41c8-a67d-745d6588ade1@group-DB115239E727-LeaderElection24 ELECTION round 0: result REJECTED
2022-01-18 05:34:56,058 [3c29bd76-08cb-41c8-a67d-745d6588ade1@group-DB115239E727-LeaderElection24] INFO  server.RaftServer$Division (RaftServerImpl.java:setRole(290)) - 3c29bd76-08cb-41c8-a67d-745d6588ade1@group-DB115239E727: changes role from CANDIDATE to FOLLOWER at term 5 for REJECTED
2022-01-18 05:34:56,058 [3c29bd76-08cb-41c8-a67d-745d6588ade1@group-DB115239E727-LeaderElection24] INFO  impl.RoleInfo (RoleInfo.java:shutdownLeaderElection(121)) - 3c29bd76-08cb-41c8-a67d-745d6588ade1: shutdown 3c29bd76-08cb-41c8-a67d-745d6588ade1@group-DB115239E727-LeaderElection24
2022-01-18 05:34:56,058 [3c29bd76-08cb-41c8-a67d-745d6588ade1@group-DB115239E727-LeaderElection24] INFO  impl.RoleInfo (RoleInfo.java:updateAndGet(130)) - 3c29bd76-08cb-41c8-a67d-745d6588ade1: start 3c29bd76-08cb-41c8-a67d-745d6588ade1@group-DB115239E727-FollowerState
2022-01-18 05:34:56,214 [Listener at 127.0.0.1/37357] INFO  ozone.MiniOzoneClusterImpl (MiniOzoneClusterImpl.java:lambda$waitForClusterToBeReady$0(219)) - Nodes are ready. Got 3 of 3 DN Heartbeats.
2022-01-18 05:34:56,215 [Listener at 127.0.0.1/37357] INFO  ozone.MiniOzoneClusterImpl (MiniOzoneClusterImpl.java:lambda$waitForClusterToBeReady$0(222)) - Waiting for cluster to exit safe mode
2022-01-18 05:34:56,215 [Listener at 127.0.0.1/37357] INFO  ozone.MiniOzoneClusterImpl (MiniOzoneClusterImpl.java:lambda$waitForClusterToBeReady$0(224)) - SCM became leader
2022-01-18 05:34:57,216 [Listener at 127.0.0.1/37357] INFO  ozone.MiniOzoneClusterImpl (MiniOzoneClusterImpl.java:lambda$waitForClusterToBeReady$0(219)) - Nodes are ready. Got 3 of 3 DN Heartbeats.
2022-01-18 05:34:57,216 [Listener at 127.0.0.1/37357] INFO  ozone.MiniOzoneClusterImpl (MiniOzoneClusterImpl.java:lambda$waitForClusterToBeReady$0(222)) - Waiting for cluster to exit safe mode
2022-01-18 05:34:57,216 [Listener at 127.0.0.1/37357] INFO  ozone.MiniOzoneClusterImpl (MiniOzoneClusterImpl.java:lambda$waitForClusterToBeReady$0(224)) - SCM became leader
2022-01-18 05:34:58,216 [Listener at 127.0.0.1/37357] INFO  ozone.MiniOzoneClusterImpl (MiniOzoneClusterImpl.java:lambda$waitForClusterToBeReady$0(219)) - Nodes are ready. Got 3 of 3 DN Heartbeats.
2022-01-18 05:34:58,216 [Listener at 127.0.0.1/37357] INFO  ozone.MiniOzoneClusterImpl (MiniOzoneClusterImpl.java:lambda$waitForClusterToBeReady$0(222)) - Waiting for cluster to exit safe mode
2022-01-18 05:34:58,216 [Listener at 127.0.0.1/37357] INFO  ozone.MiniOzoneClusterImpl (MiniOzoneClusterImpl.java:lambda$waitForClusterToBeReady$0(224)) - SCM became leader
2022-01-18 05:34:59,217 [Listener at 127.0.0.1/37357] INFO  ozone.MiniOzoneClusterImpl (MiniOzoneClusterImpl.java:lambda$waitForClusterToBeReady$0(219)) - Nodes are ready. Got 3 of 3 DN Heartbeats.
2022-01-18 05:34:59,217 [Listener at 127.0.0.1/37357] INFO  ozone.MiniOzoneClusterImpl (MiniOzoneClusterImpl.java:lambda$waitForClusterToBeReady$0(222)) - Waiting for cluster to exit safe mode
2022-01-18 05:34:59,217 [Listener at 127.0.0.1/37357] INFO  ozone.MiniOzoneClusterImpl (MiniOzoneClusterImpl.java:lambda$waitForClusterToBeReady$0(224)) - SCM became leader
2022-01-18 05:35:00,217 [Listener at 127.0.0.1/37357] INFO  ozone.MiniOzoneClusterImpl (MiniOzoneClusterImpl.java:lambda$waitForClusterToBeReady$0(219)) - Nodes are ready. Got 3 of 3 DN Heartbeats.
2022-01-18 05:35:00,217 [Listener at 127.0.0.1/37357] INFO  ozone.MiniOzoneClusterImpl (MiniOzoneClusterImpl.java:lambda$waitForClusterToBeReady$0(222)) - Waiting for cluster to exit safe mode
2022-01-18 05:35:00,217 [Listener at 127.0.0.1/37357] INFO  ozone.MiniOzoneClusterImpl (MiniOzoneClusterImpl.java:lambda$waitForClusterToBeReady$0(224)) - SCM became leader
2022-01-18 05:35:01,115 [67260eab-501e-432c-b67c-83a04ad0151f@group-DB115239E727-FollowerState] INFO  impl.FollowerState (FollowerState.java:run(134)) - 67260eab-501e-432c-b67c-83a04ad0151f@group-DB115239E727-FollowerState: change to CANDIDATE, lastRpcElapsedTime:5063322250ns, electionTimeout:5057ms
2022-01-18 05:35:01,116 [67260eab-501e-432c-b67c-83a04ad0151f@group-DB115239E727-FollowerState] INFO  impl.RoleInfo (RoleInfo.java:shutdownFollowerState(108)) - 67260eab-501e-432c-b67c-83a04ad0151f: shutdown 67260eab-501e-432c-b67c-83a04ad0151f@group-DB115239E727-FollowerState
2022-01-18 05:35:01,116 [67260eab-501e-432c-b67c-83a04ad0151f@group-DB115239E727-FollowerState] INFO  server.RaftServer$Division (RaftServerImpl.java:setRole(290)) - 67260eab-501e-432c-b67c-83a04ad0151f@group-DB115239E727: changes role from  FOLLOWER to CANDIDATE at term 5 for changeToCandidate
2022-01-18 05:35:01,116 [67260eab-501e-432c-b67c-83a04ad0151f@group-DB115239E727-FollowerState] INFO  server.RaftServerConfigKeys (ConfUtils.java:logGet(44)) - raft.server.leaderelection.pre-vote = false (custom)
2022-01-18 05:35:01,116 [67260eab-501e-432c-b67c-83a04ad0151f@group-DB115239E727-FollowerState] INFO  impl.RoleInfo (RoleInfo.java:updateAndGet(130)) - 67260eab-501e-432c-b67c-83a04ad0151f: start 67260eab-501e-432c-b67c-83a04ad0151f@group-DB115239E727-LeaderElection25
2022-01-18 05:35:01,125 [67260eab-501e-432c-b67c-83a04ad0151f@group-DB115239E727-LeaderElection25] INFO  impl.LeaderElection (LeaderElection.java:askForVotes(306)) - 67260eab-501e-432c-b67c-83a04ad0151f@group-DB115239E727-LeaderElection25 ELECTION round 0: submit vote requests at term 6 for -1: [3327475e-62cb-4ee7-945b-6ce10b093b44|rpc:10.1.0.16:38697|priority:1, 67260eab-501e-432c-b67c-83a04ad0151f|rpc:10.1.0.16:38305|priority:0, 3c29bd76-08cb-41c8-a67d-745d6588ade1|rpc:10.1.0.16:33765|priority:0], old=null
2022-01-18 05:35:01,139 [grpc-default-executor-0] INFO  server.RaftServer$Division (RaftServerImpl.java:requestVote(1046)) - 3327475e-62cb-4ee7-945b-6ce10b093b44@group-DB115239E727: receive requestVote(ELECTION, 67260eab-501e-432c-b67c-83a04ad0151f, group-DB115239E727, 6, (t:0, i:0))
2022-01-18 05:35:01,140 [grpc-default-executor-0] INFO  impl.VoteContext (VoteContext.java:log(48)) - 3327475e-62cb-4ee7-945b-6ce10b093b44@group-DB115239E727-FOLLOWER: reject ELECTION from 67260eab-501e-432c-b67c-83a04ad0151f: our priority 1 > candidate's priority 0
2022-01-18 05:35:01,140 [grpc-default-executor-0] INFO  server.RaftServer$Division (RaftServerImpl.java:setRole(290)) - 3327475e-62cb-4ee7-945b-6ce10b093b44@group-DB115239E727: changes role from  FOLLOWER to FOLLOWER at term 6 for candidate:67260eab-501e-432c-b67c-83a04ad0151f
2022-01-18 05:35:01,140 [grpc-default-executor-0] INFO  impl.RoleInfo (RoleInfo.java:shutdownFollowerState(108)) - 3327475e-62cb-4ee7-945b-6ce10b093b44: shutdown 3327475e-62cb-4ee7-945b-6ce10b093b44@group-DB115239E727-FollowerState
2022-01-18 05:35:01,140 [grpc-default-executor-0] INFO  impl.RoleInfo (RoleInfo.java:updateAndGet(130)) - 3327475e-62cb-4ee7-945b-6ce10b093b44: start 3327475e-62cb-4ee7-945b-6ce10b093b44@group-DB115239E727-FollowerState
2022-01-18 05:35:01,140 [3327475e-62cb-4ee7-945b-6ce10b093b44@group-DB115239E727-FollowerState] INFO  impl.FollowerState (FollowerState.java:run(143)) - 3327475e-62cb-4ee7-945b-6ce10b093b44@group-DB115239E727-FollowerState was interrupted: {}
java.lang.InterruptedException: sleep interrupted
	at java.lang.Thread.sleep(Native Method)
	at java.lang.Thread.sleep(Thread.java:340)
	at java.util.concurrent.TimeUnit.sleep(TimeUnit.java:386)
	at org.apache.ratis.util.TimeDuration.sleep(TimeDuration.java:324)
	at org.apache.ratis.util.TimeDuration.sleep(TimeDuration.java:309)
	at org.apache.ratis.server.impl.FollowerState.run(FollowerState.java:118)
2022-01-18 05:35:01,142 [grpc-default-executor-0] INFO  server.RaftServer$Division (RaftServerImpl.java:requestVote(1078)) - 3327475e-62cb-4ee7-945b-6ce10b093b44@group-DB115239E727 replies to ELECTION vote request: 67260eab-501e-432c-b67c-83a04ad0151f<-3327475e-62cb-4ee7-945b-6ce10b093b44#0:FAIL-t6. Peer's state: 3327475e-62cb-4ee7-945b-6ce10b093b44@group-DB115239E727:t6, leader=null, voted=null, raftlog=3327475e-62cb-4ee7-945b-6ce10b093b44@group-DB115239E727-SegmentedRaftLog:OPENED:c-1, conf=-1: [3327475e-62cb-4ee7-945b-6ce10b093b44|rpc:10.1.0.16:38697|dataStream:|priority:1, 67260eab-501e-432c-b67c-83a04ad0151f|rpc:10.1.0.16:38305|dataStream:|priority:0, 3c29bd76-08cb-41c8-a67d-745d6588ade1|rpc:10.1.0.16:33765|dataStream:|priority:0], old=null
2022-01-18 05:35:01,148 [grpc-default-executor-0] INFO  server.RaftServer$Division (RaftServerImpl.java:requestVote(1046)) - 3c29bd76-08cb-41c8-a67d-745d6588ade1@group-DB115239E727: receive requestVote(ELECTION, 67260eab-501e-432c-b67c-83a04ad0151f, group-DB115239E727, 6, (t:0, i:0))
2022-01-18 05:35:01,148 [grpc-default-executor-0] INFO  impl.VoteContext (VoteContext.java:log(48)) - 3c29bd76-08cb-41c8-a67d-745d6588ade1@group-DB115239E727-FOLLOWER: accept ELECTION from 67260eab-501e-432c-b67c-83a04ad0151f: our priority 0 <= candidate's priority 0
2022-01-18 05:35:01,148 [grpc-default-executor-0] INFO  server.RaftServer$Division (RaftServerImpl.java:setRole(290)) - 3c29bd76-08cb-41c8-a67d-745d6588ade1@group-DB115239E727: changes role from  FOLLOWER to FOLLOWER at term 6 for candidate:67260eab-501e-432c-b67c-83a04ad0151f
2022-01-18 05:35:01,148 [grpc-default-executor-0] INFO  impl.RoleInfo (RoleInfo.java:shutdownFollowerState(108)) - 3c29bd76-08cb-41c8-a67d-745d6588ade1: shutdown 3c29bd76-08cb-41c8-a67d-745d6588ade1@group-DB115239E727-FollowerState
2022-01-18 05:35:01,148 [grpc-default-executor-0] INFO  impl.RoleInfo (RoleInfo.java:updateAndGet(130)) - 3c29bd76-08cb-41c8-a67d-745d6588ade1: start 3c29bd76-08cb-41c8-a67d-745d6588ade1@group-DB115239E727-FollowerState
2022-01-18 05:35:01,149 [3c29bd76-08cb-41c8-a67d-745d6588ade1@group-DB115239E727-FollowerState] INFO  impl.FollowerState (FollowerState.java:run(143)) - 3c29bd76-08cb-41c8-a67d-745d6588ade1@group-DB115239E727-FollowerState was interrupted: {}
java.lang.InterruptedException: sleep interrupted
	at java.lang.Thread.sleep(Native Method)
	at java.lang.Thread.sleep(Thread.java:340)
	at java.util.concurrent.TimeUnit.sleep(TimeUnit.java:386)
	at org.apache.ratis.util.TimeDuration.sleep(TimeDuration.java:324)
	at org.apache.ratis.util.TimeDuration.sleep(TimeDuration.java:309)
	at org.apache.ratis.server.impl.FollowerState.run(FollowerState.java:118)
2022-01-18 05:35:01,151 [grpc-default-executor-0] INFO  server.RaftServer$Division (RaftServerImpl.java:requestVote(1078)) - 3c29bd76-08cb-41c8-a67d-745d6588ade1@group-DB115239E727 replies to ELECTION vote request: 67260eab-501e-432c-b67c-83a04ad0151f<-3c29bd76-08cb-41c8-a67d-745d6588ade1#0:OK-t6. Peer's state: 3c29bd76-08cb-41c8-a67d-745d6588ade1@group-DB115239E727:t6, leader=null, voted=67260eab-501e-432c-b67c-83a04ad0151f, raftlog=3c29bd76-08cb-41c8-a67d-745d6588ade1@group-DB115239E727-SegmentedRaftLog:OPENED:c-1, conf=-1: [3327475e-62cb-4ee7-945b-6ce10b093b44|rpc:10.1.0.16:38697|dataStream:|priority:1, 67260eab-501e-432c-b67c-83a04ad0151f|rpc:10.1.0.16:38305|dataStream:|priority:0, 3c29bd76-08cb-41c8-a67d-745d6588ade1|rpc:10.1.0.16:33765|dataStream:|priority:0], old=null
2022-01-18 05:35:01,151 [67260eab-501e-432c-b67c-83a04ad0151f@group-DB115239E727-LeaderElection25] INFO  impl.LeaderElection (LeaderElection.java:logAndReturn(89)) - 67260eab-501e-432c-b67c-83a04ad0151f@group-DB115239E727-LeaderElection25: ELECTION REJECTED received 1 response(s) and 0 exception(s):
2022-01-18 05:35:01,173 [67260eab-501e-432c-b67c-83a04ad0151f@group-DB115239E727-LeaderElection25] INFO  impl.LeaderElection (LeaderElection.java:logAndReturn(93)) -   Response 0: 67260eab-501e-432c-b67c-83a04ad0151f<-3327475e-62cb-4ee7-945b-6ce10b093b44#0:FAIL-t6
2022-01-18 05:35:01,173 [67260eab-501e-432c-b67c-83a04ad0151f@group-DB115239E727-LeaderElection25] INFO  impl.LeaderElection (LeaderElection.java:askForVotes(308)) - 67260eab-501e-432c-b67c-83a04ad0151f@group-DB115239E727-LeaderElection25 ELECTION round 0: result REJECTED
2022-01-18 05:35:01,173 [67260eab-501e-432c-b67c-83a04ad0151f@group-DB115239E727-LeaderElection25] INFO  server.RaftServer$Division (RaftServerImpl.java:setRole(290)) - 67260eab-501e-432c-b67c-83a04ad0151f@group-DB115239E727: changes role from CANDIDATE to FOLLOWER at term 6 for REJECTED
2022-01-18 05:35:01,173 [67260eab-501e-432c-b67c-83a04ad0151f@group-DB115239E727-LeaderElection25] INFO  impl.RoleInfo (RoleInfo.java:shutdownLeaderElection(121)) - 67260eab-501e-432c-b67c-83a04ad0151f: shutdown 67260eab-501e-432c-b67c-83a04ad0151f@group-DB115239E727-LeaderElection25
2022-01-18 05:35:01,173 [67260eab-501e-432c-b67c-83a04ad0151f@group-DB115239E727-LeaderElection25] INFO  impl.RoleInfo (RoleInfo.java:updateAndGet(130)) - 67260eab-501e-432c-b67c-83a04ad0151f: start 67260eab-501e-432c-b67c-83a04ad0151f@group-DB115239E727-FollowerState
2022-01-18 05:35:01,218 [Listener at 127.0.0.1/37357] INFO  ozone.MiniOzoneClusterImpl (MiniOzoneClusterImpl.java:lambda$waitForClusterToBeReady$0(219)) - Nodes are ready. Got 3 of 3 DN Heartbeats.
2022-01-18 05:35:01,218 [Listener at 127.0.0.1/37357] INFO  ozone.MiniOzoneClusterImpl (MiniOzoneClusterImpl.java:lambda$waitForClusterToBeReady$0(222)) - Waiting for cluster to exit safe mode
2022-01-18 05:35:01,218 [Listener at 127.0.0.1/37357] INFO  ozone.MiniOzoneClusterImpl (MiniOzoneClusterImpl.java:lambda$waitForClusterToBeReady$0(224)) - SCM became leader
2022-01-18 05:35:02,219 [Listener at 127.0.0.1/37357] INFO  ozone.MiniOzoneClusterImpl (MiniOzoneClusterImpl.java:lambda$waitForClusterToBeReady$0(219)) - Nodes are ready. Got 3 of 3 DN Heartbeats.
2022-01-18 05:35:02,220 [Listener at 127.0.0.1/37357] INFO  ozone.MiniOzoneClusterImpl (MiniOzoneClusterImpl.java:lambda$waitForClusterToBeReady$0(222)) - Waiting for cluster to exit safe mode
2022-01-18 05:35:02,220 [Listener at 127.0.0.1/37357] INFO  ozone.MiniOzoneClusterImpl (MiniOzoneClusterImpl.java:lambda$waitForClusterToBeReady$0(224)) - SCM became leader
2022-01-18 05:35:03,220 [Listener at 127.0.0.1/37357] INFO  ozone.MiniOzoneClusterImpl (MiniOzoneClusterImpl.java:lambda$waitForClusterToBeReady$0(219)) - Nodes are ready. Got 3 of 3 DN Heartbeats.
2022-01-18 05:35:03,220 [Listener at 127.0.0.1/37357] INFO  ozone.MiniOzoneClusterImpl (MiniOzoneClusterImpl.java:lambda$waitForClusterToBeReady$0(222)) - Waiting for cluster to exit safe mode
2022-01-18 05:35:03,220 [Listener at 127.0.0.1/37357] INFO  ozone.MiniOzoneClusterImpl (MiniOzoneClusterImpl.java:lambda$waitForClusterToBeReady$0(224)) - SCM became leader
2022-01-18 05:35:04,220 [Listener at 127.0.0.1/37357] INFO  ozone.MiniOzoneClusterImpl (MiniOzoneClusterImpl.java:lambda$waitForClusterToBeReady$0(219)) - Nodes are ready. Got 3 of 3 DN Heartbeats.
2022-01-18 05:35:04,221 [Listener at 127.0.0.1/37357] INFO  ozone.MiniOzoneClusterImpl (MiniOzoneClusterImpl.java:lambda$waitForClusterToBeReady$0(222)) - Waiting for cluster to exit safe mode
2022-01-18 05:35:04,221 [Listener at 127.0.0.1/37357] INFO  ozone.MiniOzoneClusterImpl (MiniOzoneClusterImpl.java:lambda$waitForClusterToBeReady$0(224)) - SCM became leader
2022-01-18 05:35:05,221 [Listener at 127.0.0.1/37357] INFO  ozone.MiniOzoneClusterImpl (MiniOzoneClusterImpl.java:lambda$waitForClusterToBeReady$0(219)) - Nodes are ready. Got 3 of 3 DN Heartbeats.
2022-01-18 05:35:05,221 [Listener at 127.0.0.1/37357] INFO  ozone.MiniOzoneClusterImpl (MiniOzoneClusterImpl.java:lambda$waitForClusterToBeReady$0(222)) - Waiting for cluster to exit safe mode
2022-01-18 05:35:05,221 [Listener at 127.0.0.1/37357] INFO  ozone.MiniOzoneClusterImpl (MiniOzoneClusterImpl.java:lambda$waitForClusterToBeReady$0(224)) - SCM became leader
2022-01-18 05:35:06,221 [Listener at 127.0.0.1/37357] INFO  ozone.MiniOzoneClusterImpl (MiniOzoneClusterImpl.java:lambda$waitForClusterToBeReady$0(219)) - Nodes are ready. Got 3 of 3 DN Heartbeats.
2022-01-18 05:35:06,222 [Listener at 127.0.0.1/37357] INFO  ozone.MiniOzoneClusterImpl (MiniOzoneClusterImpl.java:lambda$waitForClusterToBeReady$0(222)) - Waiting for cluster to exit safe mode
2022-01-18 05:35:06,222 [Listener at 127.0.0.1/37357] INFO  ozone.MiniOzoneClusterImpl (MiniOzoneClusterImpl.java:lambda$waitForClusterToBeReady$0(224)) - SCM became leader
2022-01-18 05:35:06,233 [3c29bd76-08cb-41c8-a67d-745d6588ade1@group-DB115239E727-FollowerState] INFO  impl.FollowerState (FollowerState.java:run(134)) - 3c29bd76-08cb-41c8-a67d-745d6588ade1@group-DB115239E727-FollowerState: change to CANDIDATE, lastRpcElapsedTime:5082432160ns, electionTimeout:5073ms
2022-01-18 05:35:06,233 [3c29bd76-08cb-41c8-a67d-745d6588ade1@group-DB115239E727-FollowerState] INFO  impl.RoleInfo (RoleInfo.java:shutdownFollowerState(108)) - 3c29bd76-08cb-41c8-a67d-745d6588ade1: shutdown 3c29bd76-08cb-41c8-a67d-745d6588ade1@group-DB115239E727-FollowerState
2022-01-18 05:35:06,233 [3c29bd76-08cb-41c8-a67d-745d6588ade1@group-DB115239E727-FollowerState] INFO  server.RaftServer$Division (RaftServerImpl.java:setRole(290)) - 3c29bd76-08cb-41c8-a67d-745d6588ade1@group-DB115239E727: changes role from  FOLLOWER to CANDIDATE at term 6 for changeToCandidate
2022-01-18 05:35:06,233 [3c29bd76-08cb-41c8-a67d-745d6588ade1@group-DB115239E727-FollowerState] INFO  server.RaftServerConfigKeys (ConfUtils.java:logGet(44)) - raft.server.leaderelection.pre-vote = false (custom)
2022-01-18 05:35:06,233 [3c29bd76-08cb-41c8-a67d-745d6588ade1@group-DB115239E727-FollowerState] INFO  impl.RoleInfo (RoleInfo.java:updateAndGet(130)) - 3c29bd76-08cb-41c8-a67d-745d6588ade1: start 3c29bd76-08cb-41c8-a67d-745d6588ade1@group-DB115239E727-LeaderElection26
2022-01-18 05:35:06,243 [3c29bd76-08cb-41c8-a67d-745d6588ade1@group-DB115239E727-LeaderElection26] INFO  impl.LeaderElection (LeaderElection.java:askForVotes(306)) - 3c29bd76-08cb-41c8-a67d-745d6588ade1@group-DB115239E727-LeaderElection26 ELECTION round 0: submit vote requests at term 7 for -1: [3327475e-62cb-4ee7-945b-6ce10b093b44|rpc:10.1.0.16:38697|dataStream:|priority:1, 67260eab-501e-432c-b67c-83a04ad0151f|rpc:10.1.0.16:38305|dataStream:|priority:0, 3c29bd76-08cb-41c8-a67d-745d6588ade1|rpc:10.1.0.16:33765|dataStream:|priority:0], old=null
2022-01-18 05:35:06,250 [grpc-default-executor-0] INFO  server.RaftServer$Division (RaftServerImpl.java:requestVote(1046)) - 3327475e-62cb-4ee7-945b-6ce10b093b44@group-DB115239E727: receive requestVote(ELECTION, 3c29bd76-08cb-41c8-a67d-745d6588ade1, group-DB115239E727, 7, (t:0, i:0))
2022-01-18 05:35:06,250 [grpc-default-executor-0] INFO  impl.VoteContext (VoteContext.java:log(48)) - 3327475e-62cb-4ee7-945b-6ce10b093b44@group-DB115239E727-FOLLOWER: reject ELECTION from 3c29bd76-08cb-41c8-a67d-745d6588ade1: our priority 1 > candidate's priority 0
2022-01-18 05:35:06,250 [grpc-default-executor-0] INFO  server.RaftServer$Division (RaftServerImpl.java:setRole(290)) - 3327475e-62cb-4ee7-945b-6ce10b093b44@group-DB115239E727: changes role from  FOLLOWER to FOLLOWER at term 7 for candidate:3c29bd76-08cb-41c8-a67d-745d6588ade1
2022-01-18 05:35:06,250 [grpc-default-executor-0] INFO  impl.RoleInfo (RoleInfo.java:shutdownFollowerState(108)) - 3327475e-62cb-4ee7-945b-6ce10b093b44: shutdown 3327475e-62cb-4ee7-945b-6ce10b093b44@group-DB115239E727-FollowerState
2022-01-18 05:35:06,250 [grpc-default-executor-0] INFO  impl.RoleInfo (RoleInfo.java:updateAndGet(130)) - 3327475e-62cb-4ee7-945b-6ce10b093b44: start 3327475e-62cb-4ee7-945b-6ce10b093b44@group-DB115239E727-FollowerState
2022-01-18 05:35:06,251 [3327475e-62cb-4ee7-945b-6ce10b093b44@group-DB115239E727-FollowerState] INFO  impl.FollowerState (FollowerState.java:run(143)) - 3327475e-62cb-4ee7-945b-6ce10b093b44@group-DB115239E727-FollowerState was interrupted: {}
java.lang.InterruptedException: sleep interrupted
	at java.lang.Thread.sleep(Native Method)
	at java.lang.Thread.sleep(Thread.java:340)
	at java.util.concurrent.TimeUnit.sleep(TimeUnit.java:386)
	at org.apache.ratis.util.TimeDuration.sleep(TimeDuration.java:324)
	at org.apache.ratis.util.TimeDuration.sleep(TimeDuration.java:309)
	at org.apache.ratis.server.impl.FollowerState.run(FollowerState.java:118)
2022-01-18 05:35:06,253 [grpc-default-executor-0] INFO  server.RaftServer$Division (RaftServerImpl.java:requestVote(1078)) - 3327475e-62cb-4ee7-945b-6ce10b093b44@group-DB115239E727 replies to ELECTION vote request: 3c29bd76-08cb-41c8-a67d-745d6588ade1<-3327475e-62cb-4ee7-945b-6ce10b093b44#0:FAIL-t7. Peer's state: 3327475e-62cb-4ee7-945b-6ce10b093b44@group-DB115239E727:t7, leader=null, voted=null, raftlog=3327475e-62cb-4ee7-945b-6ce10b093b44@group-DB115239E727-SegmentedRaftLog:OPENED:c-1, conf=-1: [3327475e-62cb-4ee7-945b-6ce10b093b44|rpc:10.1.0.16:38697|dataStream:|priority:1, 67260eab-501e-432c-b67c-83a04ad0151f|rpc:10.1.0.16:38305|dataStream:|priority:0, 3c29bd76-08cb-41c8-a67d-745d6588ade1|rpc:10.1.0.16:33765|dataStream:|priority:0], old=null
2022-01-18 05:35:06,263 [3c29bd76-08cb-41c8-a67d-745d6588ade1@group-DB115239E727-LeaderElection26] INFO  impl.LeaderElection (LeaderElection.java:logAndReturn(89)) - 3c29bd76-08cb-41c8-a67d-745d6588ade1@group-DB115239E727-LeaderElection26: ELECTION REJECTED received 1 response(s) and 0 exception(s):
2022-01-18 05:35:06,263 [3c29bd76-08cb-41c8-a67d-745d6588ade1@group-DB115239E727-LeaderElection26] INFO  impl.LeaderElection (LeaderElection.java:logAndReturn(93)) -   Response 0: 3c29bd76-08cb-41c8-a67d-745d6588ade1<-3327475e-62cb-4ee7-945b-6ce10b093b44#0:FAIL-t7
2022-01-18 05:35:06,263 [3c29bd76-08cb-41c8-a67d-745d6588ade1@group-DB115239E727-LeaderElection26] INFO  impl.LeaderElection (LeaderElection.java:askForVotes(308)) - 3c29bd76-08cb-41c8-a67d-745d6588ade1@group-DB115239E727-LeaderElection26 ELECTION round 0: result REJECTED
2022-01-18 05:35:06,263 [3c29bd76-08cb-41c8-a67d-745d6588ade1@group-DB115239E727-LeaderElection26] INFO  server.RaftServer$Division (RaftServerImpl.java:setRole(290)) - 3c29bd76-08cb-41c8-a67d-745d6588ade1@group-DB115239E727: changes role from CANDIDATE to FOLLOWER at term 7 for REJECTED
2022-01-18 05:35:06,263 [3c29bd76-08cb-41c8-a67d-745d6588ade1@group-DB115239E727-LeaderElection26] INFO  impl.RoleInfo (RoleInfo.java:shutdownLeaderElection(121)) - 3c29bd76-08cb-41c8-a67d-745d6588ade1: shutdown 3c29bd76-08cb-41c8-a67d-745d6588ade1@group-DB115239E727-LeaderElection26
2022-01-18 05:35:06,263 [3c29bd76-08cb-41c8-a67d-745d6588ade1@group-DB115239E727-LeaderElection26] INFO  impl.RoleInfo (RoleInfo.java:updateAndGet(130)) - 3c29bd76-08cb-41c8-a67d-745d6588ade1: start 3c29bd76-08cb-41c8-a67d-745d6588ade1@group-DB115239E727-FollowerState
2022-01-18 05:35:06,272 [grpc-default-executor-1] INFO  server.RaftServer$Division (RaftServerImpl.java:requestVote(1046)) - 67260eab-501e-432c-b67c-83a04ad0151f@group-DB115239E727: receive requestVote(ELECTION, 3c29bd76-08cb-41c8-a67d-745d6588ade1, group-DB115239E727, 7, (t:0, i:0))
2022-01-18 05:35:06,273 [grpc-default-executor-1] INFO  impl.VoteContext (VoteContext.java:log(48)) - 67260eab-501e-432c-b67c-83a04ad0151f@group-DB115239E727-FOLLOWER: accept ELECTION from 3c29bd76-08cb-41c8-a67d-745d6588ade1: our priority 0 <= candidate's priority 0
2022-01-18 05:35:06,273 [grpc-default-executor-1] INFO  server.RaftServer$Division (RaftServerImpl.java:setRole(290)) - 67260eab-501e-432c-b67c-83a04ad0151f@group-DB115239E727: changes role from  FOLLOWER to FOLLOWER at term 7 for candidate:3c29bd76-08cb-41c8-a67d-745d6588ade1
2022-01-18 05:35:06,273 [grpc-default-executor-1] INFO  impl.RoleInfo (RoleInfo.java:shutdownFollowerState(108)) - 67260eab-501e-432c-b67c-83a04ad0151f: shutdown 67260eab-501e-432c-b67c-83a04ad0151f@group-DB115239E727-FollowerState
2022-01-18 05:35:06,273 [grpc-default-executor-1] INFO  impl.RoleInfo (RoleInfo.java:updateAndGet(130)) - 67260eab-501e-432c-b67c-83a04ad0151f: start 67260eab-501e-432c-b67c-83a04ad0151f@group-DB115239E727-FollowerState
2022-01-18 05:35:06,275 [grpc-default-executor-1] INFO  server.RaftServer$Division (RaftServerImpl.java:requestVote(1078)) - 67260eab-501e-432c-b67c-83a04ad0151f@group-DB115239E727 replies to ELECTION vote request: 3c29bd76-08cb-41c8-a67d-745d6588ade1<-67260eab-501e-432c-b67c-83a04ad0151f#0:OK-t7. Peer's state: 67260eab-501e-432c-b67c-83a04ad0151f@group-DB115239E727:t7, leader=null, voted=3c29bd76-08cb-41c8-a67d-745d6588ade1, raftlog=67260eab-501e-432c-b67c-83a04ad0151f@group-DB115239E727-SegmentedRaftLog:OPENED:c-1, conf=-1: [3327475e-62cb-4ee7-945b-6ce10b093b44|rpc:10.1.0.16:38697|priority:1, 67260eab-501e-432c-b67c-83a04ad0151f|rpc:10.1.0.16:38305|priority:0, 3c29bd76-08cb-41c8-a67d-745d6588ade1|rpc:10.1.0.16:33765|priority:0], old=null
2022-01-18 05:35:06,277 [67260eab-501e-432c-b67c-83a04ad0151f@group-DB115239E727-FollowerState] INFO  impl.FollowerState (FollowerState.java:run(143)) - 67260eab-501e-432c-b67c-83a04ad0151f@group-DB115239E727-FollowerState was interrupted: {}
java.lang.InterruptedException: sleep interrupted
	at java.lang.Thread.sleep(Native Method)
	at java.lang.Thread.sleep(Thread.java:340)
	at java.util.concurrent.TimeUnit.sleep(TimeUnit.java:386)
	at org.apache.ratis.util.TimeDuration.sleep(TimeDuration.java:324)
	at org.apache.ratis.util.TimeDuration.sleep(TimeDuration.java:309)
	at org.apache.ratis.server.impl.FollowerState.run(FollowerState.java:118)
2022-01-18 05:35:07,222 [Listener at 127.0.0.1/37357] INFO  ozone.MiniOzoneClusterImpl (MiniOzoneClusterImpl.java:lambda$waitForClusterToBeReady$0(219)) - Nodes are ready. Got 3 of 3 DN Heartbeats.
2022-01-18 05:35:07,224 [Listener at 127.0.0.1/37357] INFO  ozone.MiniOzoneClusterImpl (MiniOzoneClusterImpl.java:lambda$waitForClusterToBeReady$0(222)) - Waiting for cluster to exit safe mode
2022-01-18 05:35:07,224 [Listener at 127.0.0.1/37357] INFO  ozone.MiniOzoneClusterImpl (MiniOzoneClusterImpl.java:lambda$waitForClusterToBeReady$0(224)) - SCM became leader
2022-01-18 05:35:08,224 [Listener at 127.0.0.1/37357] INFO  ozone.MiniOzoneClusterImpl (MiniOzoneClusterImpl.java:lambda$waitForClusterToBeReady$0(219)) - Nodes are ready. Got 3 of 3 DN Heartbeats.
2022-01-18 05:35:08,224 [Listener at 127.0.0.1/37357] INFO  ozone.MiniOzoneClusterImpl (MiniOzoneClusterImpl.java:lambda$waitForClusterToBeReady$0(222)) - Waiting for cluster to exit safe mode
2022-01-18 05:35:08,224 [Listener at 127.0.0.1/37357] INFO  ozone.MiniOzoneClusterImpl (MiniOzoneClusterImpl.java:lambda$waitForClusterToBeReady$0(224)) - SCM became leader
2022-01-18 05:35:09,224 [Listener at 127.0.0.1/37357] INFO  ozone.MiniOzoneClusterImpl (MiniOzoneClusterImpl.java:lambda$waitForClusterToBeReady$0(219)) - Nodes are ready. Got 3 of 3 DN Heartbeats.
2022-01-18 05:35:09,224 [Listener at 127.0.0.1/37357] INFO  ozone.MiniOzoneClusterImpl (MiniOzoneClusterImpl.java:lambda$waitForClusterToBeReady$0(222)) - Waiting for cluster to exit safe mode
2022-01-18 05:35:09,224 [Listener at 127.0.0.1/37357] INFO  ozone.MiniOzoneClusterImpl (MiniOzoneClusterImpl.java:lambda$waitForClusterToBeReady$0(224)) - SCM became leader
2022-01-18 05:35:10,225 [Listener at 127.0.0.1/37357] INFO  ozone.MiniOzoneClusterImpl (MiniOzoneClusterImpl.java:lambda$waitForClusterToBeReady$0(219)) - Nodes are ready. Got 3 of 3 DN Heartbeats.
2022-01-18 05:35:10,225 [Listener at 127.0.0.1/37357] INFO  ozone.MiniOzoneClusterImpl (MiniOzoneClusterImpl.java:lambda$waitForClusterToBeReady$0(222)) - Waiting for cluster to exit safe mode
2022-01-18 05:35:10,225 [Listener at 127.0.0.1/37357] INFO  ozone.MiniOzoneClusterImpl (MiniOzoneClusterImpl.java:lambda$waitForClusterToBeReady$0(224)) - SCM became leader
2022-01-18 05:35:11,225 [Listener at 127.0.0.1/37357] INFO  ozone.MiniOzoneClusterImpl (MiniOzoneClusterImpl.java:lambda$waitForClusterToBeReady$0(219)) - Nodes are ready. Got 3 of 3 DN Heartbeats.
2022-01-18 05:35:11,226 [Listener at 127.0.0.1/37357] INFO  ozone.MiniOzoneClusterImpl (MiniOzoneClusterImpl.java:lambda$waitForClusterToBeReady$0(222)) - Waiting for cluster to exit safe mode
2022-01-18 05:35:11,226 [Listener at 127.0.0.1/37357] INFO  ozone.MiniOzoneClusterImpl (MiniOzoneClusterImpl.java:lambda$waitForClusterToBeReady$0(224)) - SCM became leader
2022-01-18 05:35:11,290 [3327475e-62cb-4ee7-945b-6ce10b093b44@group-DB115239E727-FollowerState] INFO  impl.FollowerState (FollowerState.java:run(134)) - 3327475e-62cb-4ee7-945b-6ce10b093b44@group-DB115239E727-FollowerState: change to CANDIDATE, lastRpcElapsedTime:5039788944ns, electionTimeout:5029ms
2022-01-18 05:35:11,290 [3327475e-62cb-4ee7-945b-6ce10b093b44@group-DB115239E727-FollowerState] INFO  impl.RoleInfo (RoleInfo.java:shutdownFollowerState(108)) - 3327475e-62cb-4ee7-945b-6ce10b093b44: shutdown 3327475e-62cb-4ee7-945b-6ce10b093b44@group-DB115239E727-FollowerState
2022-01-18 05:35:11,290 [3327475e-62cb-4ee7-945b-6ce10b093b44@group-DB115239E727-FollowerState] INFO  server.RaftServer$Division (RaftServerImpl.java:setRole(290)) - 3327475e-62cb-4ee7-945b-6ce10b093b44@group-DB115239E727: changes role from  FOLLOWER to CANDIDATE at term 7 for changeToCandidate
2022-01-18 05:35:11,290 [3327475e-62cb-4ee7-945b-6ce10b093b44@group-DB115239E727-FollowerState] INFO  server.RaftServerConfigKeys (ConfUtils.java:logGet(44)) - raft.server.leaderelection.pre-vote = false (custom)
2022-01-18 05:35:11,291 [3327475e-62cb-4ee7-945b-6ce10b093b44@group-DB115239E727-FollowerState] INFO  impl.RoleInfo (RoleInfo.java:updateAndGet(130)) - 3327475e-62cb-4ee7-945b-6ce10b093b44: start 3327475e-62cb-4ee7-945b-6ce10b093b44@group-DB115239E727-LeaderElection27
2022-01-18 05:35:11,296 [3327475e-62cb-4ee7-945b-6ce10b093b44@group-DB115239E727-LeaderElection27] INFO  impl.LeaderElection (LeaderElection.java:askForVotes(306)) - 3327475e-62cb-4ee7-945b-6ce10b093b44@group-DB115239E727-LeaderElection27 ELECTION round 0: submit vote requests at term 8 for -1: [3327475e-62cb-4ee7-945b-6ce10b093b44|rpc:10.1.0.16:38697|dataStream:|priority:1, 67260eab-501e-432c-b67c-83a04ad0151f|rpc:10.1.0.16:38305|dataStream:|priority:0, 3c29bd76-08cb-41c8-a67d-745d6588ade1|rpc:10.1.0.16:33765|dataStream:|priority:0], old=null
2022-01-18 05:35:11,307 [grpc-default-executor-1] INFO  server.RaftServer$Division (RaftServerImpl.java:requestVote(1046)) - 67260eab-501e-432c-b67c-83a04ad0151f@group-DB115239E727: receive requestVote(ELECTION, 3327475e-62cb-4ee7-945b-6ce10b093b44, group-DB115239E727, 8, (t:0, i:0))
2022-01-18 05:35:11,308 [grpc-default-executor-1] INFO  impl.VoteContext (VoteContext.java:log(48)) - 67260eab-501e-432c-b67c-83a04ad0151f@group-DB115239E727-FOLLOWER: accept ELECTION from 3327475e-62cb-4ee7-945b-6ce10b093b44: our priority 0 <= candidate's priority 1
2022-01-18 05:35:11,308 [grpc-default-executor-1] INFO  server.RaftServer$Division (RaftServerImpl.java:setRole(290)) - 67260eab-501e-432c-b67c-83a04ad0151f@group-DB115239E727: changes role from  FOLLOWER to FOLLOWER at term 8 for candidate:3327475e-62cb-4ee7-945b-6ce10b093b44
2022-01-18 05:35:11,308 [grpc-default-executor-1] INFO  impl.RoleInfo (RoleInfo.java:shutdownFollowerState(108)) - 67260eab-501e-432c-b67c-83a04ad0151f: shutdown 67260eab-501e-432c-b67c-83a04ad0151f@group-DB115239E727-FollowerState
2022-01-18 05:35:11,308 [grpc-default-executor-1] INFO  impl.RoleInfo (RoleInfo.java:updateAndGet(130)) - 67260eab-501e-432c-b67c-83a04ad0151f: start 67260eab-501e-432c-b67c-83a04ad0151f@group-DB115239E727-FollowerState
2022-01-18 05:35:11,308 [67260eab-501e-432c-b67c-83a04ad0151f@group-DB115239E727-FollowerState] INFO  impl.FollowerState (FollowerState.java:run(143)) - 67260eab-501e-432c-b67c-83a04ad0151f@group-DB115239E727-FollowerState was interrupted: {}
java.lang.InterruptedException: sleep interrupted
	at java.lang.Thread.sleep(Native Method)
	at java.lang.Thread.sleep(Thread.java:340)
	at java.util.concurrent.TimeUnit.sleep(TimeUnit.java:386)
	at org.apache.ratis.util.TimeDuration.sleep(TimeDuration.java:324)
	at org.apache.ratis.util.TimeDuration.sleep(TimeDuration.java:309)
	at org.apache.ratis.server.impl.FollowerState.run(FollowerState.java:118)
2022-01-18 05:35:11,319 [grpc-default-executor-1] INFO  server.RaftServer$Division (RaftServerImpl.java:requestVote(1078)) - 67260eab-501e-432c-b67c-83a04ad0151f@group-DB115239E727 replies to ELECTION vote request: 3327475e-62cb-4ee7-945b-6ce10b093b44<-67260eab-501e-432c-b67c-83a04ad0151f#0:OK-t8. Peer's state: 67260eab-501e-432c-b67c-83a04ad0151f@group-DB115239E727:t8, leader=null, voted=3327475e-62cb-4ee7-945b-6ce10b093b44, raftlog=67260eab-501e-432c-b67c-83a04ad0151f@group-DB115239E727-SegmentedRaftLog:OPENED:c-1, conf=-1: [3327475e-62cb-4ee7-945b-6ce10b093b44|rpc:10.1.0.16:38697|priority:1, 67260eab-501e-432c-b67c-83a04ad0151f|rpc:10.1.0.16:38305|priority:0, 3c29bd76-08cb-41c8-a67d-745d6588ade1|rpc:10.1.0.16:33765|priority:0], old=null
2022-01-18 05:35:11,330 [3327475e-62cb-4ee7-945b-6ce10b093b44@group-DB115239E727-LeaderElection27] INFO  impl.LeaderElection (LeaderElection.java:logAndReturn(89)) - 3327475e-62cb-4ee7-945b-6ce10b093b44@group-DB115239E727-LeaderElection27: ELECTION PASSED received 1 response(s) and 0 exception(s):
2022-01-18 05:35:11,330 [grpc-default-executor-1] INFO  server.RaftServer$Division (RaftServerImpl.java:requestVote(1046)) - 3c29bd76-08cb-41c8-a67d-745d6588ade1@group-DB115239E727: receive requestVote(ELECTION, 3327475e-62cb-4ee7-945b-6ce10b093b44, group-DB115239E727, 8, (t:0, i:0))
2022-01-18 05:35:11,330 [grpc-default-executor-1] INFO  impl.VoteContext (VoteContext.java:log(48)) - 3c29bd76-08cb-41c8-a67d-745d6588ade1@group-DB115239E727-FOLLOWER: accept ELECTION from 3327475e-62cb-4ee7-945b-6ce10b093b44: our priority 0 <= candidate's priority 1
2022-01-18 05:35:11,330 [grpc-default-executor-1] INFO  server.RaftServer$Division (RaftServerImpl.java:setRole(290)) - 3c29bd76-08cb-41c8-a67d-745d6588ade1@group-DB115239E727: changes role from  FOLLOWER to FOLLOWER at term 8 for candidate:3327475e-62cb-4ee7-945b-6ce10b093b44
2022-01-18 05:35:11,330 [grpc-default-executor-1] INFO  impl.RoleInfo (RoleInfo.java:shutdownFollowerState(108)) - 3c29bd76-08cb-41c8-a67d-745d6588ade1: shutdown 3c29bd76-08cb-41c8-a67d-745d6588ade1@group-DB115239E727-FollowerState
2022-01-18 05:35:11,331 [grpc-default-executor-1] INFO  impl.RoleInfo (RoleInfo.java:updateAndGet(130)) - 3c29bd76-08cb-41c8-a67d-745d6588ade1: start 3c29bd76-08cb-41c8-a67d-745d6588ade1@group-DB115239E727-FollowerState
2022-01-18 05:35:11,330 [3327475e-62cb-4ee7-945b-6ce10b093b44@group-DB115239E727-LeaderElection27] INFO  impl.LeaderElection (LeaderElection.java:logAndReturn(93)) -   Response 0: 3327475e-62cb-4ee7-945b-6ce10b093b44<-67260eab-501e-432c-b67c-83a04ad0151f#0:OK-t8
2022-01-18 05:35:11,331 [3c29bd76-08cb-41c8-a67d-745d6588ade1@group-DB115239E727-FollowerState] INFO  impl.FollowerState (FollowerState.java:run(143)) - 3c29bd76-08cb-41c8-a67d-745d6588ade1@group-DB115239E727-FollowerState was interrupted: {}
java.lang.InterruptedException: sleep interrupted
	at java.lang.Thread.sleep(Native Method)
	at java.lang.Thread.sleep(Thread.java:340)
	at java.util.concurrent.TimeUnit.sleep(TimeUnit.java:386)
	at org.apache.ratis.util.TimeDuration.sleep(TimeDuration.java:324)
	at org.apache.ratis.util.TimeDuration.sleep(TimeDuration.java:309)
	at org.apache.ratis.server.impl.FollowerState.run(FollowerState.java:118)
2022-01-18 05:35:11,333 [3327475e-62cb-4ee7-945b-6ce10b093b44@group-DB115239E727-LeaderElection27] INFO  impl.LeaderElection (LeaderElection.java:askForVotes(308)) - 3327475e-62cb-4ee7-945b-6ce10b093b44@group-DB115239E727-LeaderElection27 ELECTION round 0: result PASSED
2022-01-18 05:35:11,333 [3327475e-62cb-4ee7-945b-6ce10b093b44@group-DB115239E727-LeaderElection27] INFO  impl.RoleInfo (RoleInfo.java:shutdownLeaderElection(121)) - 3327475e-62cb-4ee7-945b-6ce10b093b44: shutdown 3327475e-62cb-4ee7-945b-6ce10b093b44@group-DB115239E727-LeaderElection27
2022-01-18 05:35:11,333 [3327475e-62cb-4ee7-945b-6ce10b093b44@group-DB115239E727-LeaderElection27] INFO  server.RaftServer$Division (RaftServerImpl.java:setRole(290)) - 3327475e-62cb-4ee7-945b-6ce10b093b44@group-DB115239E727: changes role from CANDIDATE to LEADER at term 8 for changeToLeader
2022-01-18 05:35:11,333 [3327475e-62cb-4ee7-945b-6ce10b093b44@group-DB115239E727-LeaderElection27] INFO  ratis.XceiverServerRatis (XceiverServerRatis.java:handleLeaderChangedNotification(866)) - Leader change notification received for group: group-DB115239E727 with new leaderId: 3327475e-62cb-4ee7-945b-6ce10b093b44
2022-01-18 05:35:11,334 [3327475e-62cb-4ee7-945b-6ce10b093b44@group-DB115239E727-LeaderElection27] INFO  server.RaftServer$Division (ServerState.java:setLeader(285)) - 3327475e-62cb-4ee7-945b-6ce10b093b44@group-DB115239E727: change Leader from null to 3327475e-62cb-4ee7-945b-6ce10b093b44 at term 8 for becomeLeader, leader elected after 40837ms
2022-01-18 05:35:11,334 [3327475e-62cb-4ee7-945b-6ce10b093b44@group-DB115239E727-LeaderElection27] INFO  server.RaftServerConfigKeys (ConfUtils.java:logGet(44)) - raft.server.staging.catchup.gap = 1000 (default)
2022-01-18 05:35:11,334 [3327475e-62cb-4ee7-945b-6ce10b093b44@group-DB115239E727-LeaderElection27] INFO  server.RaftServerConfigKeys (ConfUtils.java:logGet(44)) - raft.server.write.element-limit = 1024 (custom)
2022-01-18 05:35:11,334 [3327475e-62cb-4ee7-945b-6ce10b093b44@group-DB115239E727-LeaderElection27] INFO  server.RaftServerConfigKeys (ConfUtils.java:logGet(44)) - raft.server.write.byte-limit = 1024 M (=1073741824) (custom)
2022-01-18 05:35:11,334 [3327475e-62cb-4ee7-945b-6ce10b093b44@group-DB115239E727-LeaderElection27] INFO  server.RaftServerConfigKeys (ConfUtils.java:logGet(44)) - raft.server.watch.timeout = 180s (custom)
2022-01-18 05:35:11,334 [3327475e-62cb-4ee7-945b-6ce10b093b44@group-DB115239E727-LeaderElection27] INFO  server.RaftServerConfigKeys (ConfUtils.java:logGet(44)) - raft.server.watch.timeout.denomination = 1s (default)
2022-01-18 05:35:11,334 [3327475e-62cb-4ee7-945b-6ce10b093b44@group-DB115239E727-LeaderElection27] INFO  server.RaftServerConfigKeys (ConfUtils.java:logGet(44)) - raft.server.watch.element-limit = 65536 (default)
2022-01-18 05:35:11,334 [3327475e-62cb-4ee7-945b-6ce10b093b44@group-DB115239E727-LeaderElection27] INFO  server.RaftServerConfigKeys (ConfUtils.java:logGet(44)) - raft.server.write.element-limit = 1024 (custom)
2022-01-18 05:35:11,334 [3327475e-62cb-4ee7-945b-6ce10b093b44@group-DB115239E727-LeaderElection27] INFO  server.RaftServerConfigKeys (ConfUtils.java:logGet(44)) - raft.server.write.follower.gap.ratio.max = -1.0 (default)
2022-01-18 05:35:11,335 [3327475e-62cb-4ee7-945b-6ce10b093b44@group-DB115239E727-LeaderElection27] INFO  server.RaftServerConfigKeys (ConfUtils.java:logGet(44)) - raft.server.log.appender.snapshot.chunk.size.max = 16MB (=16777216) (default)
2022-01-18 05:35:11,335 [3327475e-62cb-4ee7-945b-6ce10b093b44@group-DB115239E727-LeaderElection27] INFO  server.RaftServerConfigKeys (ConfUtils.java:logGet(44)) - raft.server.log.appender.buffer.byte-limit = 33554432 (custom)
2022-01-18 05:35:11,335 [3327475e-62cb-4ee7-945b-6ce10b093b44@group-DB115239E727-LeaderElection27] INFO  server.RaftServerConfigKeys (ConfUtils.java:logGet(44)) - raft.server.log.appender.buffer.element-limit = 1 (custom)
2022-01-18 05:35:11,335 [3327475e-62cb-4ee7-945b-6ce10b093b44@group-DB115239E727-LeaderElection27] INFO  grpc.GrpcConfigKeys (ConfUtils.java:logGet(44)) - raft.grpc.server.leader.outstanding.appends.max = 128 (default)
2022-01-18 05:35:11,335 [3327475e-62cb-4ee7-945b-6ce10b093b44@group-DB115239E727-LeaderElection27] INFO  server.RaftServerConfigKeys (ConfUtils.java:logGet(44)) - raft.server.rpc.request.timeout = 60s (custom)
2022-01-18 05:35:11,335 [3327475e-62cb-4ee7-945b-6ce10b093b44@group-DB115239E727-LeaderElection27] INFO  server.RaftServerConfigKeys (ConfUtils.java:logGet(44)) - raft.server.log.appender.install.snapshot.enabled = false (custom)
2022-01-18 05:35:11,336 [3327475e-62cb-4ee7-945b-6ce10b093b44@group-DB115239E727-LeaderElection27] INFO  server.RaftServerConfigKeys (ConfUtils.java:logGet(44)) - raft.server.log.appender.snapshot.chunk.size.max = 16MB (=16777216) (default)
2022-01-18 05:35:11,336 [3327475e-62cb-4ee7-945b-6ce10b093b44@group-DB115239E727-LeaderElection27] INFO  server.RaftServerConfigKeys (ConfUtils.java:logGet(44)) - raft.server.log.appender.buffer.byte-limit = 33554432 (custom)
2022-01-18 05:35:11,336 [3327475e-62cb-4ee7-945b-6ce10b093b44@group-DB115239E727-LeaderElection27] INFO  server.RaftServerConfigKeys (ConfUtils.java:logGet(44)) - raft.server.log.appender.buffer.element-limit = 1 (custom)
2022-01-18 05:35:11,336 [3327475e-62cb-4ee7-945b-6ce10b093b44@group-DB115239E727-LeaderElection27] INFO  grpc.GrpcConfigKeys (ConfUtils.java:logGet(44)) - raft.grpc.server.leader.outstanding.appends.max = 128 (default)
2022-01-18 05:35:11,336 [3327475e-62cb-4ee7-945b-6ce10b093b44@group-DB115239E727-LeaderElection27] INFO  server.RaftServerConfigKeys (ConfUtils.java:logGet(44)) - raft.server.rpc.request.timeout = 60s (custom)
2022-01-18 05:35:11,336 [3327475e-62cb-4ee7-945b-6ce10b093b44@group-DB115239E727-LeaderElection27] INFO  server.RaftServerConfigKeys (ConfUtils.java:logGet(44)) - raft.server.log.appender.install.snapshot.enabled = false (custom)
2022-01-18 05:35:11,336 [3327475e-62cb-4ee7-945b-6ce10b093b44@group-DB115239E727-LeaderElection27] INFO  impl.RoleInfo (RoleInfo.java:updateAndGet(130)) - 3327475e-62cb-4ee7-945b-6ce10b093b44: start 3327475e-62cb-4ee7-945b-6ce10b093b44@group-DB115239E727-LeaderStateImpl
2022-01-18 05:35:11,337 [3327475e-62cb-4ee7-945b-6ce10b093b44@group-DB115239E727-LeaderElection27] INFO  segmented.SegmentedRaftLogWorker (SegmentedRaftLogWorker.java:startLogSegment(394)) - 3327475e-62cb-4ee7-945b-6ce10b093b44@group-DB115239E727-SegmentedRaftLogWorker: Starting segment from index:0
2022-01-18 05:35:11,338 [EventQueue-PipelineReportForPipelineReportHandler] INFO  pipeline.PipelineManagerImpl (PipelineManagerImpl.java:openPipeline(291)) - Pipeline Pipeline[ Id: 59fae8ef-e674-4137-bac0-db115239e727, Nodes: 3327475e-62cb-4ee7-945b-6ce10b093b44{ip: 10.1.0.16, host: fv-az294-84.eaanfquahm5ulb5tj050gcxych.jx.internal.cloudapp.net, ports: [REPLICATION=42961, RATIS=38697, RATIS_ADMIN=38697, RATIS_SERVER=38697, STANDALONE=34187], networkLocation: /default-rack, certSerialId: null, persistedOpState: IN_SERVICE, persistedOpStateExpiryEpochSec: 0}3c29bd76-08cb-41c8-a67d-745d6588ade1{ip: 10.1.0.16, host: fv-az294-84.eaanfquahm5ulb5tj050gcxych.jx.internal.cloudapp.net, ports: [REPLICATION=46343, RATIS=33765, RATIS_ADMIN=33765, RATIS_SERVER=33765, STANDALONE=39395], networkLocation: /default-rack, certSerialId: null, persistedOpState: IN_SERVICE, persistedOpStateExpiryEpochSec: 0}67260eab-501e-432c-b67c-83a04ad0151f{ip: 10.1.0.16, host: fv-az294-84.eaanfquahm5ulb5tj050gcxych.jx.internal.cloudapp.net, ports: [REPLICATION=34991, RATIS=38305, RATIS_ADMIN=38305, RATIS_SERVER=38305, STANDALONE=33019], networkLocation: /default-rack, certSerialId: null, persistedOpState: IN_SERVICE, persistedOpStateExpiryEpochSec: 0}, ReplicationConfig: RATIS/THREE, State:ALLOCATED, leaderId:3327475e-62cb-4ee7-945b-6ce10b093b44, CreationTimestamp2022-01-18T05:34:28.279Z[Etc/UTC]] moved to OPEN state
2022-01-18 05:35:11,339 [EventQueue-OpenPipelineForHealthyPipelineSafeModeRule] INFO  safemode.SCMSafeModeManager (HealthyPipelineSafeModeRule.java:process(124)) - SCM in safe mode. Healthy pipelines reported count is 0, required healthy pipeline reported count is 1
2022-01-18 05:35:11,340 [c5b8eab1-b612-476d-b44f-3a1e5cc4ac80@group-40B206C3D36E-StateMachineUpdater] INFO  safemode.HealthyPipelineSafeModeRule (HealthyPipelineSafeModeRule.java:initializeRule(152)) - Refreshed total pipeline count is 1, healthy pipeline threshold count is 1
2022-01-18 05:35:11,350 [EventQueue-PipelineReportForPipelineReportHandler] INFO  ha.SCMHAInvocationHandler (SCMHAInvocationHandler.java:invokeRatis(113)) - Invoking method public abstract void org.apache.hadoop.hdds.scm.pipeline.PipelineStateManager.updatePipelineState(org.apache.hadoop.hdds.protocol.proto.HddsProtos$PipelineID,org.apache.hadoop.hdds.protocol.proto.HddsProtos$PipelineState) throws java.io.IOException on target org.apache.hadoop.hdds.scm.ha.SCMRatisServerImpl@b48d83a, cost 12125.062us
2022-01-18 05:35:11,351 [EventQueue-OpenPipelineForHealthyPipelineSafeModeRule] INFO  safemode.SCMSafeModeManager (HealthyPipelineSafeModeRule.java:process(124)) - SCM in safe mode. Healthy pipelines reported count is 1, required healthy pipeline reported count is 1
2022-01-18 05:35:11,351 [EventQueue-OpenPipelineForHealthyPipelineSafeModeRule] INFO  safemode.SCMSafeModeManager (SCMSafeModeManager.java:validateSafeModeExitRules(204)) - HealthyPipelineSafeModeRule rule is successfully validated
2022-01-18 05:35:11,351 [EventQueue-OpenPipelineForHealthyPipelineSafeModeRule] INFO  safemode.SCMSafeModeManager (SCMSafeModeManager.java:validateSafeModeExitRules(219)) - ScmSafeModeManager, all rules are successfully validated
2022-01-18 05:35:11,351 [EventQueue-OpenPipelineForHealthyPipelineSafeModeRule] INFO  safemode.SCMSafeModeManager (SCMSafeModeManager.java:exitSafeMode(248)) - SCM exiting safe mode.
2022-01-18 05:35:11,351 [EventQueue-OpenPipelineForHealthyPipelineSafeModeRule] WARN  events.EventQueue (EventQueue.java:fireEvent(194)) - No event handler registered for event TypedEvent{payloadType=SafeModeStatus, name='Safe mode status'}
2022-01-18 05:35:11,351 [EventQueue-OpenPipelineForHealthyPipelineSafeModeRule] INFO  ha.SCMContext (SCMContext.java:updateSafeModeStatus(211)) - Update SafeModeStatus from SafeModeStatus{safeModeStatus=true, preCheckPassed=true} to SafeModeStatus{safeModeStatus=false, preCheckPassed=true}.
2022-01-18 05:35:11,351 [EventQueue-OpenPipelineForHealthyPipelineSafeModeRule] INFO  container.ReplicationManager (ReplicationManager.java:notifyStatusChanged(1802)) - Service ReplicationManager transitions to RUNNING.
2022-01-18 05:35:11,357 [3327475e-62cb-4ee7-945b-6ce10b093b44@group-DB115239E727-LeaderElection27] INFO  server.RaftServer$Division (ServerState.java:setRaftConf(387)) - 3327475e-62cb-4ee7-945b-6ce10b093b44@group-DB115239E727: set configuration 0: [3327475e-62cb-4ee7-945b-6ce10b093b44|rpc:10.1.0.16:38697|dataStream:|priority:1, 67260eab-501e-432c-b67c-83a04ad0151f|rpc:10.1.0.16:38305|dataStream:|priority:0, 3c29bd76-08cb-41c8-a67d-745d6588ade1|rpc:10.1.0.16:33765|dataStream:|priority:0], old=null
2022-01-18 05:35:11,358 [3327475e-62cb-4ee7-945b-6ce10b093b44@group-DB115239E727-SegmentedRaftLogWorker] INFO  segmented.SegmentedRaftLogWorker (SegmentedRaftLogWorker.java:execute(601)) - 3327475e-62cb-4ee7-945b-6ce10b093b44@group-DB115239E727-SegmentedRaftLogWorker: created new log segment /home/runner/work/ozone/ozone/hadoop-ozone/integration-test/target/test-dir/MiniOzoneClusterImpl-cb7c1fcf-6298-49a9-b20a-40b206c3d36e/datanode-2/data/ratis/59fae8ef-e674-4137-bac0-db115239e727/current/log_inprogress_0
2022-01-18 05:35:11,359 [grpc-default-executor-1] INFO  server.RaftServer$Division (RaftServerImpl.java:requestVote(1078)) - 3c29bd76-08cb-41c8-a67d-745d6588ade1@group-DB115239E727 replies to ELECTION vote request: 3327475e-62cb-4ee7-945b-6ce10b093b44<-3c29bd76-08cb-41c8-a67d-745d6588ade1#0:OK-t8. Peer's state: 3c29bd76-08cb-41c8-a67d-745d6588ade1@group-DB115239E727:t8, leader=null, voted=3327475e-62cb-4ee7-945b-6ce10b093b44, raftlog=3c29bd76-08cb-41c8-a67d-745d6588ade1@group-DB115239E727-SegmentedRaftLog:OPENED:c-1, conf=-1: [3327475e-62cb-4ee7-945b-6ce10b093b44|rpc:10.1.0.16:38697|dataStream:|priority:1, 67260eab-501e-432c-b67c-83a04ad0151f|rpc:10.1.0.16:38305|dataStream:|priority:0, 3c29bd76-08cb-41c8-a67d-745d6588ade1|rpc:10.1.0.16:33765|dataStream:|priority:0], old=null
2022-01-18 05:35:11,367 [grpc-default-executor-1] INFO  ratis.XceiverServerRatis (XceiverServerRatis.java:handleLeaderChangedNotification(866)) - Leader change notification received for group: group-DB115239E727 with new leaderId: 3327475e-62cb-4ee7-945b-6ce10b093b44
2022-01-18 05:35:11,367 [grpc-default-executor-1] INFO  server.RaftServer$Division (ServerState.java:setLeader(285)) - 3c29bd76-08cb-41c8-a67d-745d6588ade1@group-DB115239E727: change Leader from null to 3327475e-62cb-4ee7-945b-6ce10b093b44 at term 8 for appendEntries, leader elected after 40781ms
2022-01-18 05:35:11,369 [grpc-default-executor-0] INFO  ratis.XceiverServerRatis (XceiverServerRatis.java:handleLeaderChangedNotification(866)) - Leader change notification received for group: group-DB115239E727 with new leaderId: 3327475e-62cb-4ee7-945b-6ce10b093b44
2022-01-18 05:35:11,376 [grpc-default-executor-0] INFO  server.RaftServer$Division (ServerState.java:setLeader(285)) - 67260eab-501e-432c-b67c-83a04ad0151f@group-DB115239E727: change Leader from null to 3327475e-62cb-4ee7-945b-6ce10b093b44 at term 8 for appendEntries, leader elected after 40980ms
2022-01-18 05:35:11,376 [grpc-default-executor-1] INFO  server.RaftServer$Division (ServerState.java:setRaftConf(387)) - 3c29bd76-08cb-41c8-a67d-745d6588ade1@group-DB115239E727: set configuration 0: [3327475e-62cb-4ee7-945b-6ce10b093b44|rpc:10.1.0.16:38697|dataStream:|priority:1, 67260eab-501e-432c-b67c-83a04ad0151f|rpc:10.1.0.16:38305|dataStream:|priority:0, 3c29bd76-08cb-41c8-a67d-745d6588ade1|rpc:10.1.0.16:33765|dataStream:|priority:0], old=null
2022-01-18 05:35:11,377 [grpc-default-executor-1] INFO  segmented.SegmentedRaftLogWorker (SegmentedRaftLogWorker.java:startLogSegment(394)) - 3c29bd76-08cb-41c8-a67d-745d6588ade1@group-DB115239E727-SegmentedRaftLogWorker: Starting segment from index:0
2022-01-18 05:35:11,391 [3c29bd76-08cb-41c8-a67d-745d6588ade1@group-DB115239E727-SegmentedRaftLogWorker] INFO  segmented.SegmentedRaftLogWorker (SegmentedRaftLogWorker.java:execute(601)) - 3c29bd76-08cb-41c8-a67d-745d6588ade1@group-DB115239E727-SegmentedRaftLogWorker: created new log segment /home/runner/work/ozone/ozone/hadoop-ozone/integration-test/target/test-dir/MiniOzoneClusterImpl-cb7c1fcf-6298-49a9-b20a-40b206c3d36e/datanode-1/data/ratis/59fae8ef-e674-4137-bac0-db115239e727/current/log_inprogress_0
2022-01-18 05:35:11,402 [grpc-default-executor-1] INFO  server.RaftServer$Division (ServerState.java:setRaftConf(387)) - 67260eab-501e-432c-b67c-83a04ad0151f@group-DB115239E727: set configuration 0: [3327475e-62cb-4ee7-945b-6ce10b093b44|rpc:10.1.0.16:38697|dataStream:|priority:1, 67260eab-501e-432c-b67c-83a04ad0151f|rpc:10.1.0.16:38305|dataStream:|priority:0, 3c29bd76-08cb-41c8-a67d-745d6588ade1|rpc:10.1.0.16:33765|dataStream:|priority:0], old=null
2022-01-18 05:35:11,403 [grpc-default-executor-1] INFO  segmented.SegmentedRaftLogWorker (SegmentedRaftLogWorker.java:startLogSegment(394)) - 67260eab-501e-432c-b67c-83a04ad0151f@group-DB115239E727-SegmentedRaftLogWorker: Starting segment from index:0
2022-01-18 05:35:11,407 [67260eab-501e-432c-b67c-83a04ad0151f@group-DB115239E727-SegmentedRaftLogWorker] INFO  segmented.SegmentedRaftLogWorker (SegmentedRaftLogWorker.java:execute(601)) - 67260eab-501e-432c-b67c-83a04ad0151f@group-DB115239E727-SegmentedRaftLogWorker: created new log segment /home/runner/work/ozone/ozone/hadoop-ozone/integration-test/target/test-dir/MiniOzoneClusterImpl-cb7c1fcf-6298-49a9-b20a-40b206c3d36e/datanode-0/data/ratis/59fae8ef-e674-4137-bac0-db115239e727/current/log_inprogress_0
2022-01-18 05:35:12,226 [Listener at 127.0.0.1/37357] INFO  ozone.MiniOzoneClusterImpl (MiniOzoneClusterImpl.java:lambda$waitForClusterToBeReady$0(219)) - Nodes are ready. Got 3 of 3 DN Heartbeats.
2022-01-18 05:35:12,226 [Listener at 127.0.0.1/37357] INFO  ozone.MiniOzoneClusterImpl (MiniOzoneClusterImpl.java:lambda$waitForClusterToBeReady$0(222)) - Cluster exits safe mode
2022-01-18 05:35:12,226 [Listener at 127.0.0.1/37357] INFO  ozone.MiniOzoneClusterImpl (MiniOzoneClusterImpl.java:lambda$waitForClusterToBeReady$0(224)) - SCM became leader
2022-01-18 05:35:12,226 [Listener at 127.0.0.1/37357] INFO  server.StorageContainerManager (StorageContainerManager.java:stop(1390)) - Stopping Container Balancer service.
2022-01-18 05:35:12,226 [Listener at 127.0.0.1/37357] INFO  balancer.ContainerBalancer (ContainerBalancer.java:stop(751)) - Container Balancer is not running.
2022-01-18 05:35:12,226 [Listener at 127.0.0.1/37357] INFO  server.StorageContainerManager (StorageContainerManager.java:stop(1397)) - Stopping Replication Manager Service.
2022-01-18 05:35:12,226 [Listener at 127.0.0.1/37357] INFO  container.ReplicationManager (ReplicationManager.java:stop(357)) - Stopping Replication Monitor Thread.
2022-01-18 05:35:12,226 [Listener at 127.0.0.1/37357] INFO  server.StorageContainerManager (StorageContainerManager.java:stop(1404)) - Stopping the Datanode Admin Monitor.
2022-01-18 05:35:12,226 [Listener at 127.0.0.1/37357] INFO  server.StorageContainerManager (StorageContainerManager.java:stop(1411)) - Stopping Lease Manager of the command watchers
2022-01-18 05:35:12,226 [Listener at 127.0.0.1/37357] INFO  server.StorageContainerManager (StorageContainerManager.java:stop(1418)) - Stopping datanode service RPC server
2022-01-18 05:35:12,226 [Listener at 127.0.0.1/37357] INFO  server.SCMDatanodeProtocolServer (SCMDatanodeProtocolServer.java:stop(390)) - Stopping the RPC server for DataNodes
2022-01-18 05:35:12,227 [Listener at 127.0.0.1/37357] INFO  ipc.Server (Server.java:stop(3414)) - Stopping server on 34205
2022-01-18 05:35:12,232 [IPC Server Responder] INFO  ipc.Server (Server.java:run(1512)) - Stopping IPC Server Responder
2022-01-18 05:35:12,232 [IPC Server listener on 0] INFO  ipc.Server (Server.java:run(1376)) - Stopping IPC Server listener on 0
2022-01-18 05:35:12,271 [SCM Heartbeat Processing Thread - 0] WARN  node.NodeStateManager (NodeStateManager.java:scheduleNextHealthCheck(799)) - Current Thread is interrupted, shutting down HB processing thread for Node Manager.
2022-01-18 05:35:12,273 [Listener at 127.0.0.1/37357] INFO  server.StorageContainerManager (StorageContainerManager.java:stop(1426)) - Stopping block service RPC server
2022-01-18 05:35:12,274 [Listener at 127.0.0.1/37357] INFO  server.SCMBlockProtocolServer (SCMBlockProtocolServer.java:stop(160)) - Stopping the RPC server for Block Protocol
2022-01-18 05:35:12,274 [Listener at 127.0.0.1/37357] INFO  ipc.Server (Server.java:stop(3414)) - Stopping server on 33761
2022-01-18 05:35:12,276 [IPC Server listener on 0] INFO  ipc.Server (Server.java:run(1376)) - Stopping IPC Server listener on 0
2022-01-18 05:35:12,279 [Listener at 127.0.0.1/37357] INFO  server.StorageContainerManager (StorageContainerManager.java:stop(1433)) - Stopping the StorageContainerLocationProtocol RPC server
2022-01-18 05:35:12,279 [Listener at 127.0.0.1/37357] INFO  server.SCMClientProtocolServer (SCMClientProtocolServer.java:stop(173)) - Stopping the RPC server for Client Protocol
2022-01-18 05:35:12,280 [Listener at 127.0.0.1/37357] INFO  ipc.Server (Server.java:stop(3414)) - Stopping server on 39273
2022-01-18 05:35:12,280 [IPC Server Responder] INFO  ipc.Server (Server.java:run(1512)) - Stopping IPC Server Responder
2022-01-18 05:35:12,281 [IPC Server listener on 0] INFO  ipc.Server (Server.java:run(1376)) - Stopping IPC Server listener on 0
2022-01-18 05:35:12,289 [Listener at 127.0.0.1/37357] INFO  server.StorageContainerManager (StorageContainerManager.java:stop(1440)) - Stopping Storage Container Manager HTTP server.
2022-01-18 05:35:12,290 [Listener at 127.0.0.1/37357] INFO  handler.ContextHandler (ContextHandler.java:doStop(1153)) - Stopped o.e.j.w.WebAppContext@56a056de{scm,/,null,STOPPED}{file:/home/runner/work/ozone/ozone/hadoop-ozone/integration-test/target/test-classes/webapps/scm}
2022-01-18 05:35:12,290 [IPC Server Responder] INFO  ipc.Server (Server.java:run(1512)) - Stopping IPC Server Responder
2022-01-18 05:35:12,290 [Listener at 127.0.0.1/37357] INFO  server.AbstractConnector (AbstractConnector.java:doStop(381)) - Stopped ServerConnector@a8e68a5{HTTP/1.1, (http/1.1)}{0.0.0.0:0}
2022-01-18 05:35:12,290 [Listener at 127.0.0.1/37357] INFO  server.session (HouseKeeper.java:stopScavenging(149)) - node0 Stopped scavenging
2022-01-18 05:35:12,291 [Listener at 127.0.0.1/37357] INFO  handler.ContextHandler (ContextHandler.java:doStop(1153)) - Stopped o.e.j.s.ServletContextHandler@1a752c2e{static,/static,file:///home/runner/work/ozone/ozone/hadoop-ozone/integration-test/target/test-classes/webapps/static,STOPPED}
2022-01-18 05:35:12,291 [Listener at 127.0.0.1/37357] INFO  handler.ContextHandler (ContextHandler.java:doStop(1153)) - Stopped o.e.j.s.ServletContextHandler@17fd5e45{logs,/logs,file:///home/runner/work/ozone/ozone/hadoop-ozone/integration-test/target/log,STOPPED}
2022-01-18 05:35:12,292 [Listener at 127.0.0.1/37357] INFO  server.StorageContainerManager (StorageContainerManager.java:stop(1451)) - Stopping Block Manager Service.
2022-01-18 05:35:12,292 [Listener at 127.0.0.1/37357] INFO  utils.BackgroundService (BackgroundService.java:shutdown(132)) - Shutting down service SCMBlockDeletingService
2022-01-18 05:35:12,292 [Listener at 127.0.0.1/37357] INFO  utils.BackgroundService (BackgroundService.java:shutdown(132)) - Shutting down service SCMBlockDeletingService
2022-01-18 05:35:12,293 [Listener at 127.0.0.1/37357] INFO  server.StorageContainerManager (StorageContainerManager.java:stop(1478)) - Stopping SCM Event Queue.
2022-01-18 05:35:12,293 [Listener at 127.0.0.1/37357] INFO  server.StorageContainerManager (StorageContainerManager.java:stop(1489)) - Stopping SCM HA services.
2022-01-18 05:35:12,294 [Listener at 127.0.0.1/37357] INFO  ha.SCMRatisServerImpl (SCMRatisServerImpl.java:stop(236)) - stopping ratis server 0.0.0.0:9894
2022-01-18 05:35:12,294 [Listener at 127.0.0.1/37357] INFO  server.RaftServer (RaftServerProxy.java:lambda$close$6(391)) - c5b8eab1-b612-476d-b44f-3a1e5cc4ac80: close
2022-01-18 05:35:12,294 [Listener at 127.0.0.1/37357] INFO  server.RaftServer$Division (RaftServerImpl.java:lambda$close$4(412)) - c5b8eab1-b612-476d-b44f-3a1e5cc4ac80@group-40B206C3D36E: shutdown
2022-01-18 05:35:12,294 [Listener at 127.0.0.1/37357] INFO  util.JmxRegister (JmxRegister.java:unregister(73)) - Successfully un-registered JMX Bean with object name Ratis:service=RaftServer,group=group-40B206C3D36E,id=c5b8eab1-b612-476d-b44f-3a1e5cc4ac80
2022-01-18 05:35:12,294 [Listener at 127.0.0.1/37357] INFO  impl.RoleInfo (RoleInfo.java:shutdownLeaderState(91)) - c5b8eab1-b612-476d-b44f-3a1e5cc4ac80: shutdown c5b8eab1-b612-476d-b44f-3a1e5cc4ac80@group-40B206C3D36E-LeaderStateImpl
2022-01-18 05:35:12,294 [Listener at 127.0.0.1/37357] INFO  impl.PendingRequests (PendingRequests.java:sendNotLeaderResponses(282)) - c5b8eab1-b612-476d-b44f-3a1e5cc4ac80@group-40B206C3D36E-PendingRequests: sendNotLeaderResponses
2022-01-18 05:35:12,295 [Listener at 127.0.0.1/37357] INFO  ha.SCMStateMachine (SCMStateMachine.java:notifyNotLeader(190)) - current leader SCM steps down.
2022-01-18 05:35:12,295 [Listener at 127.0.0.1/37357] INFO  ha.SCMContext (SCMContext.java:updateLeaderAndTerm(90)) - update <isLeader,term> from <true,2> to <false,0>
2022-01-18 05:35:12,295 [Listener at 127.0.0.1/37357] INFO  ha.SCMContext (SCMContext.java:updateLeaderAndTerm(97)) - update <isLeaderReady> from <false> to <false>
2022-01-18 05:35:12,297 [c5b8eab1-b612-476d-b44f-3a1e5cc4ac80@group-40B206C3D36E-StateMachineUpdater] INFO  ha.SCMStateMachine (SCMStateMachine.java:takeSnapshot(297)) - Current Snapshot Index 18, takeSnapshot took 1 ms
2022-01-18 05:35:12,297 [c5b8eab1-b612-476d-b44f-3a1e5cc4ac80@group-40B206C3D36E-StateMachineUpdater] INFO  impl.StateMachineUpdater (StateMachineUpdater.java:takeSnapshot(281)) - c5b8eab1-b612-476d-b44f-3a1e5cc4ac80@group-40B206C3D36E-StateMachineUpdater: Took a snapshot at index 18
2022-01-18 05:35:12,297 [c5b8eab1-b612-476d-b44f-3a1e5cc4ac80@group-40B206C3D36E-StateMachineUpdater] INFO  impl.StateMachineUpdater (StateMachineUpdater.java:lambda$new$0(89)) - c5b8eab1-b612-476d-b44f-3a1e5cc4ac80@group-40B206C3D36E-StateMachineUpdater: snapshotIndex: updateIncreasingly -1 -> 18
2022-01-18 05:35:12,298 [Listener at 127.0.0.1/37357] INFO  impl.StateMachineUpdater (StateMachineUpdater.java:stopAndJoin(149)) - c5b8eab1-b612-476d-b44f-3a1e5cc4ac80@group-40B206C3D36E-StateMachineUpdater: set stopIndex = 18
2022-01-18 05:35:12,298 [Listener at 127.0.0.1/37357] INFO  server.RaftServer$Division (ServerState.java:close(419)) - c5b8eab1-b612-476d-b44f-3a1e5cc4ac80@group-40B206C3D36E: closes. applyIndex: 18
2022-01-18 05:35:12,298 [c5b8eab1-b612-476d-b44f-3a1e5cc4ac80@group-40B206C3D36E-SegmentedRaftLogWorker] INFO  segmented.SegmentedRaftLogWorker (SegmentedRaftLogWorker.java:run(327)) - c5b8eab1-b612-476d-b44f-3a1e5cc4ac80@group-40B206C3D36E-SegmentedRaftLogWorker was interrupted, exiting. There are 0 tasks remaining in the queue.
2022-01-18 05:35:12,299 [Listener at 127.0.0.1/37357] INFO  segmented.SegmentedRaftLogWorker (SegmentedRaftLogWorker.java:close(237)) - c5b8eab1-b612-476d-b44f-3a1e5cc4ac80@group-40B206C3D36E-SegmentedRaftLogWorker close()
2022-01-18 05:35:12,303 [Listener at 127.0.0.1/37357] INFO  server.GrpcService (GrpcService.java:closeImpl(262)) - c5b8eab1-b612-476d-b44f-3a1e5cc4ac80: shutdown server with port 9894 now
2022-01-18 05:35:12,303 [Listener at 127.0.0.1/37357] INFO  server.GrpcService (GrpcService.java:closeImpl(271)) - c5b8eab1-b612-476d-b44f-3a1e5cc4ac80: shutdown server with port 9894 successfully
2022-01-18 05:35:12,303 [org.apache.ratis.util.JvmPauseMonitor$$Lambda$431/448381667@297db457] INFO  util.JvmPauseMonitor (JvmPauseMonitor.java:run(109)) - JvmPauseMonitor-c5b8eab1-b612-476d-b44f-3a1e5cc4ac80: Stopped
2022-01-18 05:35:12,312 [Listener at 127.0.0.1/37357] INFO  pipeline.BackgroundPipelineCreator (BackgroundPipelineCreator.java:stop(158)) - Stopping RatisPipelineUtilsThread.
2022-01-18 05:35:12,313 [Listener at 127.0.0.1/37357] INFO  server.StorageContainerManager (StorageContainerManager.java:stop(1499)) - Stopping SCM MetadataStore.
2022-01-18 05:35:12,313 [Listener at 127.0.0.1/37357] INFO  impl.MetricsSystemImpl (MetricsSystemImpl.java:stop(210)) - Stopping HddsDatanode metrics system...
2022-01-18 05:35:12,328 [prometheus] INFO  impl.MetricsSinkAdapter (MetricsSinkAdapter.java:publishMetricsFromQueue(141)) - prometheus thread interrupted.
2022-01-18 05:35:12,329 [Listener at 127.0.0.1/37357] INFO  impl.MetricsSystemImpl (MetricsSystemImpl.java:stop(216)) - HddsDatanode metrics system stopped.
2022-01-18 05:35:12,337 [EndpointStateMachine task thread for /0.0.0.0:34205 - 0 ] WARN  statemachine.EndpointStateMachine (EndpointStateMachine.java:logIfNeeded(236)) - Unable to communicate to SCM server at 0.0.0.0:34205 for past 0 seconds.
java.io.EOFException: End of File Exception between local host is: "fv-az294-84/10.1.0.16"; destination host is: "0.0.0.0":34205; : java.io.EOFException; For more details see:  http://wiki.apache.org/hadoop/EOFException
	at sun.reflect.NativeConstructorAccessorImpl.newInstance0(Native Method)
	at sun.reflect.NativeConstructorAccessorImpl.newInstance(NativeConstructorAccessorImpl.java:62)
	at sun.reflect.DelegatingConstructorAccessorImpl.newInstance(DelegatingConstructorAccessorImpl.java:45)
	at java.lang.reflect.Constructor.newInstance(Constructor.java:423)
	at org.apache.hadoop.net.NetUtils.wrapWithMessage(NetUtils.java:913)
	at org.apache.hadoop.net.NetUtils.wrapException(NetUtils.java:862)
	at org.apache.hadoop.ipc.Client.getRpcResponse(Client.java:1577)
	at org.apache.hadoop.ipc.Client.call(Client.java:1519)
	at org.apache.hadoop.ipc.Client.call(Client.java:1416)
	at org.apache.hadoop.ipc.ProtobufRpcEngine$Invoker.invoke(ProtobufRpcEngine.java:236)
	at org.apache.hadoop.ipc.ProtobufRpcEngine$Invoker.invoke(ProtobufRpcEngine.java:123)
	at com.sun.proxy.$Proxy49.submitRequest(Unknown Source)
	at org.apache.hadoop.ozone.protocolPB.StorageContainerDatanodeProtocolClientSideTranslatorPB.submitRequest(StorageContainerDatanodeProtocolClientSideTranslatorPB.java:117)
	at org.apache.hadoop.ozone.protocolPB.StorageContainerDatanodeProtocolClientSideTranslatorPB.sendHeartbeat(StorageContainerDatanodeProtocolClientSideTranslatorPB.java:149)
	at org.apache.hadoop.ozone.container.common.states.endpoint.HeartbeatEndpointTask.call(HeartbeatEndpointTask.java:179)
	at org.apache.hadoop.ozone.container.common.states.endpoint.HeartbeatEndpointTask.call(HeartbeatEndpointTask.java:82)
	at java.util.concurrent.FutureTask.run(FutureTask.java:266)
	at java.util.concurrent.ThreadPoolExecutor.runWorker(ThreadPoolExecutor.java:1149)
	at java.util.concurrent.ThreadPoolExecutor$Worker.run(ThreadPoolExecutor.java:624)
	at java.lang.Thread.run(Thread.java:748)
Caused by: java.io.EOFException
	at java.io.DataInputStream.readInt(DataInputStream.java:392)
	at org.apache.hadoop.ipc.Client$IpcStreams.readResponse(Client.java:1892)
	at org.apache.hadoop.ipc.Client$Connection.receiveRpcResponse(Client.java:1202)
	at org.apache.hadoop.ipc.Client$Connection.run(Client.java:1098)
2022-01-18 05:35:13,857 [EndpointStateMachine task thread for /0.0.0.0:34205 - 0 ] INFO  ipc.Client (Client.java:handleConnectionFailure(977)) - Retrying connect to server: 0.0.0.0/0.0.0.0:34205. Already tried 0 time(s); retry policy is RetryUpToMaximumCountWithFixedSleep(maxRetries=15, sleepTime=1000 MILLISECONDS)
2022-01-18 05:35:14,858 [EndpointStateMachine task thread for /0.0.0.0:34205 - 0 ] INFO  ipc.Client (Client.java:handleConnectionFailure(977)) - Retrying connect to server: 0.0.0.0/0.0.0.0:34205. Already tried 1 time(s); retry policy is RetryUpToMaximumCountWithFixedSleep(maxRetries=15, sleepTime=1000 MILLISECONDS)
2022-01-18 05:35:15,859 [EndpointStateMachine task thread for /0.0.0.0:34205 - 0 ] INFO  ipc.Client (Client.java:handleConnectionFailure(977)) - Retrying connect to server: 0.0.0.0/0.0.0.0:34205. Already tried 2 time(s); retry policy is RetryUpToMaximumCountWithFixedSleep(maxRetries=15, sleepTime=1000 MILLISECONDS)
2022-01-18 05:35:16,859 [EndpointStateMachine task thread for /0.0.0.0:34205 - 0 ] INFO  ipc.Client (Client.java:handleConnectionFailure(977)) - Retrying connect to server: 0.0.0.0/0.0.0.0:34205. Already tried 3 time(s); retry policy is RetryUpToMaximumCountWithFixedSleep(maxRetries=15, sleepTime=1000 MILLISECONDS)
2022-01-18 05:35:17,329 [Listener at 127.0.0.1/37357] INFO  ozoneimpl.OzoneContainer (OzoneContainer.java:stop(336)) - Attempting to stop container services.
2022-01-18 05:35:17,330 [Listener at 127.0.0.1/37357] INFO  server.RaftServer (RaftServerProxy.java:lambda$close$6(391)) - 67260eab-501e-432c-b67c-83a04ad0151f: close
2022-01-18 05:35:17,334 [Listener at 127.0.0.1/37357] INFO  server.RaftServer$Division (RaftServerImpl.java:lambda$close$4(412)) - 67260eab-501e-432c-b67c-83a04ad0151f@group-DC7B997C5F62: shutdown
2022-01-18 05:35:17,334 [Listener at 127.0.0.1/37357] INFO  util.JmxRegister (JmxRegister.java:unregister(73)) - Successfully un-registered JMX Bean with object name Ratis:service=RaftServer,group=group-DC7B997C5F62,id=67260eab-501e-432c-b67c-83a04ad0151f
2022-01-18 05:35:17,334 [Listener at 127.0.0.1/37357] INFO  impl.RoleInfo (RoleInfo.java:shutdownLeaderState(91)) - 67260eab-501e-432c-b67c-83a04ad0151f: shutdown 67260eab-501e-432c-b67c-83a04ad0151f@group-DC7B997C5F62-LeaderStateImpl
2022-01-18 05:35:17,334 [Listener at 127.0.0.1/37357] INFO  impl.PendingRequests (PendingRequests.java:sendNotLeaderResponses(282)) - 67260eab-501e-432c-b67c-83a04ad0151f@group-DC7B997C5F62-PendingRequests: sendNotLeaderResponses
2022-01-18 05:35:17,335 [Listener at 127.0.0.1/37357] INFO  impl.StateMachineUpdater (StateMachineUpdater.java:stopAndJoin(149)) - 67260eab-501e-432c-b67c-83a04ad0151f@group-DC7B997C5F62-StateMachineUpdater: set stopIndex = 0
2022-01-18 05:35:17,335 [67260eab-501e-432c-b67c-83a04ad0151f@group-DC7B997C5F62-StateMachineUpdater] INFO  ratis.ContainerStateMachine (ContainerStateMachine.java:takeSnapshot(299)) - group-DC7B997C5F62: Taking a snapshot at:(t:1, i:0) file /home/runner/work/ozone/ozone/hadoop-ozone/integration-test/target/test-dir/MiniOzoneClusterImpl-cb7c1fcf-6298-49a9-b20a-40b206c3d36e/datanode-0/data/ratis/d65afff4-5c0e-4250-a5c7-dc7b997c5f62/sm/snapshot.1_0
2022-01-18 05:35:17,335 [ForkJoinPool.commonPool-worker-0] INFO  server.RaftServer$Division (RaftServerImpl.java:lambda$close$4(412)) - 67260eab-501e-432c-b67c-83a04ad0151f@group-DB115239E727: shutdown
2022-01-18 05:35:17,337 [ForkJoinPool.commonPool-worker-0] INFO  util.JmxRegister (JmxRegister.java:unregister(73)) - Successfully un-registered JMX Bean with object name Ratis:service=RaftServer,group=group-DB115239E727,id=67260eab-501e-432c-b67c-83a04ad0151f
2022-01-18 05:35:17,337 [ForkJoinPool.commonPool-worker-0] INFO  impl.RoleInfo (RoleInfo.java:shutdownFollowerState(108)) - 67260eab-501e-432c-b67c-83a04ad0151f: shutdown 67260eab-501e-432c-b67c-83a04ad0151f@group-DB115239E727-FollowerState
2022-01-18 05:35:17,337 [67260eab-501e-432c-b67c-83a04ad0151f@group-DB115239E727-FollowerState] INFO  impl.FollowerState (FollowerState.java:run(143)) - 67260eab-501e-432c-b67c-83a04ad0151f@group-DB115239E727-FollowerState was interrupted: {}
java.lang.InterruptedException: sleep interrupted
	at java.lang.Thread.sleep(Native Method)
	at java.lang.Thread.sleep(Thread.java:340)
	at java.util.concurrent.TimeUnit.sleep(TimeUnit.java:386)
	at org.apache.ratis.util.TimeDuration.sleep(TimeDuration.java:324)
	at org.apache.ratis.util.TimeDuration.sleep(TimeDuration.java:309)
	at org.apache.ratis.server.impl.FollowerState.run(FollowerState.java:118)
2022-01-18 05:35:17,338 [67260eab-501e-432c-b67c-83a04ad0151f@group-DC7B997C5F62-StateMachineUpdater] INFO  ratis.ContainerStateMachine (ContainerStateMachine.java:takeSnapshot(310)) - group-DC7B997C5F62: Finished taking a snapshot at:(t:1, i:0) file:/home/runner/work/ozone/ozone/hadoop-ozone/integration-test/target/test-dir/MiniOzoneClusterImpl-cb7c1fcf-6298-49a9-b20a-40b206c3d36e/datanode-0/data/ratis/d65afff4-5c0e-4250-a5c7-dc7b997c5f62/sm/snapshot.1_0 took: 3 ms
2022-01-18 05:35:17,338 [67260eab-501e-432c-b67c-83a04ad0151f@group-DB115239E727-StateMachineUpdater] INFO  ratis.ContainerStateMachine (ContainerStateMachine.java:takeSnapshot(299)) - group-DB115239E727: Taking a snapshot at:(t:8, i:0) file /home/runner/work/ozone/ozone/hadoop-ozone/integration-test/target/test-dir/MiniOzoneClusterImpl-cb7c1fcf-6298-49a9-b20a-40b206c3d36e/datanode-0/data/ratis/59fae8ef-e674-4137-bac0-db115239e727/sm/snapshot.8_0
2022-01-18 05:35:17,338 [ForkJoinPool.commonPool-worker-0] INFO  impl.StateMachineUpdater (StateMachineUpdater.java:stopAndJoin(149)) - 67260eab-501e-432c-b67c-83a04ad0151f@group-DB115239E727-StateMachineUpdater: set stopIndex = 0
2022-01-18 05:35:17,338 [67260eab-501e-432c-b67c-83a04ad0151f@group-DB115239E727-StateMachineUpdater] INFO  ratis.ContainerStateMachine (ContainerStateMachine.java:takeSnapshot(310)) - group-DB115239E727: Finished taking a snapshot at:(t:8, i:0) file:/home/runner/work/ozone/ozone/hadoop-ozone/integration-test/target/test-dir/MiniOzoneClusterImpl-cb7c1fcf-6298-49a9-b20a-40b206c3d36e/datanode-0/data/ratis/59fae8ef-e674-4137-bac0-db115239e727/sm/snapshot.8_0 took: 2 ms
2022-01-18 05:35:17,339 [67260eab-501e-432c-b67c-83a04ad0151f@group-DB115239E727-StateMachineUpdater] INFO  impl.StateMachineUpdater (StateMachineUpdater.java:takeSnapshot(281)) - 67260eab-501e-432c-b67c-83a04ad0151f@group-DB115239E727-StateMachineUpdater: Took a snapshot at index 0
2022-01-18 05:35:17,339 [67260eab-501e-432c-b67c-83a04ad0151f@group-DB115239E727-StateMachineUpdater] INFO  impl.StateMachineUpdater (StateMachineUpdater.java:lambda$new$0(89)) - 67260eab-501e-432c-b67c-83a04ad0151f@group-DB115239E727-StateMachineUpdater: snapshotIndex: updateIncreasingly -1 -> 0
2022-01-18 05:35:17,338 [67260eab-501e-432c-b67c-83a04ad0151f@group-DC7B997C5F62-StateMachineUpdater] INFO  impl.StateMachineUpdater (StateMachineUpdater.java:takeSnapshot(281)) - 67260eab-501e-432c-b67c-83a04ad0151f@group-DC7B997C5F62-StateMachineUpdater: Took a snapshot at index 0
2022-01-18 05:35:17,339 [67260eab-501e-432c-b67c-83a04ad0151f@group-DC7B997C5F62-StateMachineUpdater] INFO  impl.StateMachineUpdater (StateMachineUpdater.java:lambda$new$0(89)) - 67260eab-501e-432c-b67c-83a04ad0151f@group-DC7B997C5F62-StateMachineUpdater: snapshotIndex: updateIncreasingly -1 -> 0
2022-01-18 05:35:17,339 [ForkJoinPool.commonPool-worker-0] INFO  server.RaftServer$Division (ServerState.java:close(419)) - 67260eab-501e-432c-b67c-83a04ad0151f@group-DB115239E727: closes. applyIndex: 0
2022-01-18 05:35:17,339 [Listener at 127.0.0.1/37357] INFO  server.RaftServer$Division (ServerState.java:close(419)) - 67260eab-501e-432c-b67c-83a04ad0151f@group-DC7B997C5F62: closes. applyIndex: 0
2022-01-18 05:35:17,339 [67260eab-501e-432c-b67c-83a04ad0151f@group-DB115239E727-SegmentedRaftLogWorker] INFO  segmented.SegmentedRaftLogWorker (SegmentedRaftLogWorker.java:run(327)) - 67260eab-501e-432c-b67c-83a04ad0151f@group-DB115239E727-SegmentedRaftLogWorker was interrupted, exiting. There are 0 tasks remaining in the queue.
2022-01-18 05:35:17,339 [67260eab-501e-432c-b67c-83a04ad0151f@group-DC7B997C5F62-SegmentedRaftLogWorker] INFO  segmented.SegmentedRaftLogWorker (SegmentedRaftLogWorker.java:run(327)) - 67260eab-501e-432c-b67c-83a04ad0151f@group-DC7B997C5F62-SegmentedRaftLogWorker was interrupted, exiting. There are 0 tasks remaining in the queue.
2022-01-18 05:35:17,354 [ForkJoinPool.commonPool-worker-0] INFO  segmented.SegmentedRaftLogWorker (SegmentedRaftLogWorker.java:close(237)) - 67260eab-501e-432c-b67c-83a04ad0151f@group-DB115239E727-SegmentedRaftLogWorker close()
2022-01-18 05:35:17,362 [Listener at 127.0.0.1/37357] INFO  segmented.SegmentedRaftLogWorker (SegmentedRaftLogWorker.java:close(237)) - 67260eab-501e-432c-b67c-83a04ad0151f@group-DC7B997C5F62-SegmentedRaftLogWorker close()
2022-01-18 05:35:17,363 [Listener at 127.0.0.1/37357] INFO  server.GrpcService (GrpcService.java:closeImpl(262)) - 67260eab-501e-432c-b67c-83a04ad0151f: shutdown server with port 38305 now
2022-01-18 05:35:17,365 [grpc-default-executor-0] WARN  server.GrpcServerProtocolService (LogUtils.java:warn(122)) - 67260eab-501e-432c-b67c-83a04ad0151f: installSnapshot onError, lastRequest: 3327475e-62cb-4ee7-945b-6ce10b093b44->67260eab-501e-432c-b67c-83a04ad0151f#1-t8,previous=(t:0, i:0),leaderCommit=0,initializing? true,entries: size=1, first=(t:8, i:0), CONFIGURATIONENTRY: org.apache.ratis.thirdparty.io.grpc.StatusRuntimeException: CANCELLED: client cancelled
2022-01-18 05:35:17,373 [grpc-default-executor-3] WARN  server.GrpcLogAppender (LogUtils.java:warn(122)) - 3327475e-62cb-4ee7-945b-6ce10b093b44@group-DB115239E727->67260eab-501e-432c-b67c-83a04ad0151f-AppendLogResponseHandler: Failed appendEntries: org.apache.ratis.thirdparty.io.grpc.StatusRuntimeException: CANCELLED: HTTP/2 error code: CANCEL
Received Rst Stream
2022-01-18 05:35:17,373 [grpc-default-executor-3] WARN  server.GrpcLogAppender (GrpcLogAppender.java:resetClient(110)) - 3327475e-62cb-4ee7-945b-6ce10b093b44@group-DB115239E727->67260eab-501e-432c-b67c-83a04ad0151f-GrpcLogAppender: Leader has not got in touch with Follower 3327475e-62cb-4ee7-945b-6ce10b093b44@group-DB115239E727->67260eab-501e-432c-b67c-83a04ad0151f(c0,m0,n1, attendVote=true, lastRpcSendTime=930, lastRpcResponseTime=925) yet, just keep nextIndex unchanged and retry.
2022-01-18 05:35:17,376 [Listener at 127.0.0.1/37357] INFO  server.GrpcService (GrpcService.java:closeImpl(271)) - 67260eab-501e-432c-b67c-83a04ad0151f: shutdown server with port 38305 successfully
2022-01-18 05:35:17,376 [org.apache.ratis.util.JvmPauseMonitor$$Lambda$431/448381667@5c3a65d2] INFO  util.JvmPauseMonitor (JvmPauseMonitor.java:run(109)) - JvmPauseMonitor-67260eab-501e-432c-b67c-83a04ad0151f: Stopped
2022-01-18 05:35:17,860 [EndpointStateMachine task thread for /0.0.0.0:34205 - 0 ] INFO  ipc.Client (Client.java:handleConnectionFailure(977)) - Retrying connect to server: 0.0.0.0/0.0.0.0:34205. Already tried 4 time(s); retry policy is RetryUpToMaximumCountWithFixedSleep(maxRetries=15, sleepTime=1000 MILLISECONDS)
2022-01-18 05:35:18,349 [Datanode State Machine Daemon Thread] ERROR datanode.RunningDatanodeState (RunningDatanodeState.java:computeNextContainerState(199)) - Error in executing end point task.
java.util.concurrent.ExecutionException: java.util.concurrent.TimeoutException
	at java.util.concurrent.FutureTask.report(FutureTask.java:122)
	at java.util.concurrent.FutureTask.get(FutureTask.java:192)
	at org.apache.hadoop.ozone.container.common.states.datanode.RunningDatanodeState.computeNextContainerState(RunningDatanodeState.java:191)
	at org.apache.hadoop.ozone.container.common.states.datanode.RunningDatanodeState.await(RunningDatanodeState.java:231)
	at org.apache.hadoop.ozone.container.common.states.datanode.RunningDatanodeState.await(RunningDatanodeState.java:50)
	at org.apache.hadoop.ozone.container.common.statemachine.StateContext.execute(StateContext.java:633)
	at org.apache.hadoop.ozone.container.common.statemachine.DatanodeStateMachine.start(DatanodeStateMachine.java:283)
	at org.apache.hadoop.ozone.container.common.statemachine.DatanodeStateMachine.lambda$startDaemon$0(DatanodeStateMachine.java:471)
	at java.lang.Thread.run(Thread.java:748)
Caused by: java.util.concurrent.TimeoutException
	at java.util.concurrent.FutureTask.get(FutureTask.java:205)
	at org.apache.hadoop.ozone.container.common.states.datanode.RunningDatanodeState.lambda$execute$0(RunningDatanodeState.java:149)
	at java.util.concurrent.FutureTask.run(FutureTask.java:266)
	at java.util.concurrent.Executors$RunnableAdapter.call(Executors.java:511)
	at java.util.concurrent.FutureTask.run(FutureTask.java:266)
	at java.util.concurrent.ThreadPoolExecutor.runWorker(ThreadPoolExecutor.java:1149)
	at java.util.concurrent.ThreadPoolExecutor$Worker.run(ThreadPoolExecutor.java:624)
	... 1 more
2022-01-18 05:35:18,861 [EndpointStateMachine task thread for /0.0.0.0:34205 - 0 ] INFO  ipc.Client (Client.java:handleConnectionFailure(977)) - Retrying connect to server: 0.0.0.0/0.0.0.0:34205. Already tried 5 time(s); retry policy is RetryUpToMaximumCountWithFixedSleep(maxRetries=15, sleepTime=1000 MILLISECONDS)
2022-01-18 05:35:18,961 [grpc-default-executor-1] WARN  server.GrpcLogAppender (LogUtils.java:warn(122)) - 3327475e-62cb-4ee7-945b-6ce10b093b44@group-DB115239E727->67260eab-501e-432c-b67c-83a04ad0151f-AppendLogResponseHandler: Failed appendEntries: org.apache.ratis.thirdparty.io.grpc.StatusRuntimeException: UNAVAILABLE: io exception
2022-01-18 05:35:18,962 [grpc-default-executor-1] WARN  server.GrpcLogAppender (GrpcLogAppender.java:resetClient(110)) - 3327475e-62cb-4ee7-945b-6ce10b093b44@group-DB115239E727->67260eab-501e-432c-b67c-83a04ad0151f-GrpcLogAppender: Leader has not got in touch with Follower 3327475e-62cb-4ee7-945b-6ce10b093b44@group-DB115239E727->67260eab-501e-432c-b67c-83a04ad0151f(c0,m0,n1, attendVote=true, lastRpcSendTime=1, lastRpcResponseTime=2513) yet, just keep nextIndex unchanged and retry.
2022-01-18 05:35:19,405 [Listener at 127.0.0.1/37357] INFO  utils.BackgroundService (BackgroundService.java:shutdown(132)) - Shutting down service BlockDeletingService
2022-01-18 05:35:19,861 [EndpointStateMachine task thread for /0.0.0.0:34205 - 0 ] INFO  ipc.Client (Client.java:handleConnectionFailure(977)) - Retrying connect to server: 0.0.0.0/0.0.0.0:34205. Already tried 6 time(s); retry policy is RetryUpToMaximumCountWithFixedSleep(maxRetries=15, sleepTime=1000 MILLISECONDS)
2022-01-18 05:35:20,357 [Datanode State Machine Daemon Thread] ERROR datanode.RunningDatanodeState (RunningDatanodeState.java:computeNextContainerState(199)) - Error in executing end point task.
java.util.concurrent.ExecutionException: java.util.concurrent.TimeoutException
	at java.util.concurrent.FutureTask.report(FutureTask.java:122)
	at java.util.concurrent.FutureTask.get(FutureTask.java:192)
	at org.apache.hadoop.ozone.container.common.states.datanode.RunningDatanodeState.computeNextContainerState(RunningDatanodeState.java:191)
	at org.apache.hadoop.ozone.container.common.states.datanode.RunningDatanodeState.await(RunningDatanodeState.java:231)
	at org.apache.hadoop.ozone.container.common.states.datanode.RunningDatanodeState.await(RunningDatanodeState.java:50)
	at org.apache.hadoop.ozone.container.common.statemachine.StateContext.execute(StateContext.java:633)
	at org.apache.hadoop.ozone.container.common.statemachine.DatanodeStateMachine.start(DatanodeStateMachine.java:283)
	at org.apache.hadoop.ozone.container.common.statemachine.DatanodeStateMachine.lambda$startDaemon$0(DatanodeStateMachine.java:471)
	at java.lang.Thread.run(Thread.java:748)
Caused by: java.util.concurrent.TimeoutException
	at java.util.concurrent.FutureTask.get(FutureTask.java:205)
	at org.apache.hadoop.ozone.container.common.states.datanode.RunningDatanodeState.lambda$execute$0(RunningDatanodeState.java:149)
	at java.util.concurrent.FutureTask.run(FutureTask.java:266)
	at java.util.concurrent.Executors$RunnableAdapter.call(Executors.java:511)
	at java.util.concurrent.FutureTask.run(FutureTask.java:266)
	at java.util.concurrent.ThreadPoolExecutor.runWorker(ThreadPoolExecutor.java:1149)
	at java.util.concurrent.ThreadPoolExecutor$Worker.run(ThreadPoolExecutor.java:624)
	... 1 more
2022-01-18 05:35:20,862 [EndpointStateMachine task thread for /0.0.0.0:34205 - 0 ] INFO  ipc.Client (Client.java:handleConnectionFailure(977)) - Retrying connect to server: 0.0.0.0/0.0.0.0:34205. Already tried 7 time(s); retry policy is RetryUpToMaximumCountWithFixedSleep(maxRetries=15, sleepTime=1000 MILLISECONDS)
2022-01-18 05:35:21,461 [grpc-default-executor-3] WARN  server.GrpcLogAppender (LogUtils.java:warn(122)) - 3327475e-62cb-4ee7-945b-6ce10b093b44@group-DB115239E727->67260eab-501e-432c-b67c-83a04ad0151f-AppendLogResponseHandler: Failed appendEntries: org.apache.ratis.thirdparty.io.grpc.StatusRuntimeException: UNAVAILABLE: io exception
2022-01-18 05:35:21,462 [grpc-default-executor-3] WARN  server.GrpcLogAppender (GrpcLogAppender.java:resetClient(110)) - 3327475e-62cb-4ee7-945b-6ce10b093b44@group-DB115239E727->67260eab-501e-432c-b67c-83a04ad0151f-GrpcLogAppender: Leader has not got in touch with Follower 3327475e-62cb-4ee7-945b-6ce10b093b44@group-DB115239E727->67260eab-501e-432c-b67c-83a04ad0151f(c0,m0,n1, attendVote=true, lastRpcSendTime=2501, lastRpcResponseTime=5013) yet, just keep nextIndex unchanged and retry.
2022-01-18 05:35:21,863 [EndpointStateMachine task thread for /0.0.0.0:34205 - 0 ] INFO  ipc.Client (Client.java:handleConnectionFailure(977)) - Retrying connect to server: 0.0.0.0/0.0.0.0:34205. Already tried 8 time(s); retry policy is RetryUpToMaximumCountWithFixedSleep(maxRetries=15, sleepTime=1000 MILLISECONDS)
2022-01-18 05:35:22,423 [Listener at 127.0.0.1/37357] INFO  statemachine.DatanodeStateMachine (DatanodeStateMachine.java:stopDaemon(529)) - Ozone container server stopped.
2022-01-18 05:35:22,424 [Listener at 127.0.0.1/37357] INFO  handler.ContextHandler (ContextHandler.java:doStop(1153)) - Stopped o.e.j.w.WebAppContext@70cc929c{hddsDatanode,/,null,STOPPED}{jar:file:/home/runner/.m2/repository/org/apache/ozone/hdds-container-service/1.3.0-SNAPSHOT/hdds-container-service-1.3.0-SNAPSHOT.jar!/webapps/hddsDatanode}
2022-01-18 05:35:22,426 [Listener at 127.0.0.1/37357] INFO  server.AbstractConnector (AbstractConnector.java:doStop(381)) - Stopped ServerConnector@26877751{HTTP/1.1, (http/1.1)}{0.0.0.0:0}
2022-01-18 05:35:22,426 [Listener at 127.0.0.1/37357] INFO  server.session (HouseKeeper.java:stopScavenging(149)) - node0 Stopped scavenging
2022-01-18 05:35:22,426 [Listener at 127.0.0.1/37357] INFO  handler.ContextHandler (ContextHandler.java:doStop(1153)) - Stopped o.e.j.s.ServletContextHandler@5ac779a9{static,/static,jar:file:/home/runner/.m2/repository/org/apache/ozone/hdds-container-service/1.3.0-SNAPSHOT/hdds-container-service-1.3.0-SNAPSHOT.jar!/webapps/static,STOPPED}
2022-01-18 05:35:22,426 [Listener at 127.0.0.1/37357] INFO  handler.ContextHandler (ContextHandler.java:doStop(1153)) - Stopped o.e.j.s.ServletContextHandler@3cbf0f47{logs,/logs,file:///home/runner/work/ozone/ozone/hadoop-ozone/integration-test/target/log,STOPPED}
2022-01-18 05:35:22,437 [Listener at 127.0.0.1/37357] WARN  impl.MetricRegistriesImpl (MetricRegistriesImpl.java:addReporterRegistration(111)) - New reporters are added after registries were created. Some metrics will be missing from the reporter. Please add reporter before adding any new registry.
2022-01-18 05:35:22,441 [Listener at 127.0.0.1/37357] WARN  impl.MetricRegistriesImpl (MetricRegistriesImpl.java:addReporterRegistration(111)) - New reporters are added after registries were created. Some metrics will be missing from the reporter. Please add reporter before adding any new registry.
2022-01-18 05:35:22,445 [Listener at 127.0.0.1/37357] WARN  impl.MetricsConfig (MetricsConfig.java:loadFirst(136)) - Cannot locate configuration: tried hadoop-metrics2-hddsdatanode.properties,hadoop-metrics2.properties
2022-01-18 05:35:22,454 [Listener at 127.0.0.1/37357] INFO  impl.MetricsSystemImpl (MetricsSystemImpl.java:startTimer(378)) - Scheduled Metric snapshot period at 10 second(s).
2022-01-18 05:35:22,455 [Listener at 127.0.0.1/37357] INFO  impl.MetricsSystemImpl (MetricsSystemImpl.java:start(191)) - HddsDatanode metrics system started
2022-01-18 05:35:22,490 [Listener at 127.0.0.1/37357] INFO  impl.MetricsSinkAdapter (MetricsSinkAdapter.java:start(204)) - Sink prometheus started
2022-01-18 05:35:22,490 [Listener at 127.0.0.1/37357] INFO  impl.MetricsSystemImpl (MetricsSystemImpl.java:registerSink(305)) - Registered sink prometheus
2022-01-18 05:35:22,669 [Listener at 127.0.0.1/37357] INFO  ozone.HddsDatanodeService (HddsDatanodeService.java:start(234)) - HddsDatanodeService host:fv-az294-84.eaanfquahm5ulb5tj050gcxych.jx.internal.cloudapp.net ip:10.1.0.16
2022-01-18 05:35:22,716 [Listener at 127.0.0.1/37357] INFO  upgrade.AbstractLayoutVersionManager (AbstractLayoutVersionManager.java:init(79)) - Initializing Layout version manager with metadata layout = SCM_HA (version = 2), software layout = SCM_HA (version = 2)
2022-01-18 05:35:22,849 [Listener at 127.0.0.1/37357] INFO  reflections.Reflections (Reflections.java:scan(232)) - Reflections took 132 ms to scan 7 urls, producing 119 keys and 279 values 
2022-01-18 05:35:22,854 [Listener at 127.0.0.1/37357] INFO  statemachine.DatanodeStateMachine (DatanodeStateMachine.java:getEndPointTaskThreadPoolSize(222)) - Datanode State Machine Task Thread Pool size 2
2022-01-18 05:35:22,863 [EndpointStateMachine task thread for /0.0.0.0:34205 - 0 ] INFO  ipc.Client (Client.java:handleConnectionFailure(977)) - Retrying connect to server: 0.0.0.0/0.0.0.0:34205. Already tried 9 time(s); retry policy is RetryUpToMaximumCountWithFixedSleep(maxRetries=15, sleepTime=1000 MILLISECONDS)
2022-01-18 05:35:22,876 [Listener at 127.0.0.1/37357] INFO  volume.HddsVolume (HddsVolume.java:<init>(120)) - Creating HddsVolume: /home/runner/work/ozone/ozone/hadoop-ozone/integration-test/target/test-dir/MiniOzoneClusterImpl-cb7c1fcf-6298-49a9-b20a-40b206c3d36e/datanode-0/data-0/containers/hdds of storage type : DISK capacity : 9223372036854775807
2022-01-18 05:35:22,876 [Listener at 127.0.0.1/37357] INFO  volume.MutableVolumeSet (MutableVolumeSet.java:initializeVolumeSet(168)) - Added Volume : /home/runner/work/ozone/ozone/hadoop-ozone/integration-test/target/test-dir/MiniOzoneClusterImpl-cb7c1fcf-6298-49a9-b20a-40b206c3d36e/datanode-0/data-0/containers/hdds to VolumeSet
2022-01-18 05:35:22,876 [Listener at 127.0.0.1/37357] INFO  volume.ThrottledAsyncChecker (ThrottledAsyncChecker.java:schedule(141)) - Scheduling a check for /home/runner/work/ozone/ozone/hadoop-ozone/integration-test/target/test-dir/MiniOzoneClusterImpl-cb7c1fcf-6298-49a9-b20a-40b206c3d36e/datanode-0/data-0/containers/hdds
2022-01-18 05:35:22,897 [Listener at 127.0.0.1/37357] INFO  volume.StorageVolumeChecker (StorageVolumeChecker.java:checkAllVolumes(202)) - Scheduled health check for volume /home/runner/work/ozone/ozone/hadoop-ozone/integration-test/target/test-dir/MiniOzoneClusterImpl-cb7c1fcf-6298-49a9-b20a-40b206c3d36e/datanode-0/data-0/containers/hdds
2022-01-18 05:35:22,944 [Listener at 127.0.0.1/37357] INFO  volume.MutableVolumeSet (MutableVolumeSet.java:initializeVolumeSet(168)) - Added Volume : /home/runner/work/ozone/ozone/hadoop-ozone/integration-test/target/test-dir/MiniOzoneClusterImpl-cb7c1fcf-6298-49a9-b20a-40b206c3d36e/datanode-0/data/ratis to VolumeSet
2022-01-18 05:35:22,944 [Listener at 127.0.0.1/37357] INFO  volume.ThrottledAsyncChecker (ThrottledAsyncChecker.java:schedule(141)) - Scheduling a check for /home/runner/work/ozone/ozone/hadoop-ozone/integration-test/target/test-dir/MiniOzoneClusterImpl-cb7c1fcf-6298-49a9-b20a-40b206c3d36e/datanode-0/data/ratis
2022-01-18 05:35:22,945 [Listener at 127.0.0.1/37357] INFO  volume.StorageVolumeChecker (StorageVolumeChecker.java:checkAllVolumes(202)) - Scheduled health check for volume /home/runner/work/ozone/ozone/hadoop-ozone/integration-test/target/test-dir/MiniOzoneClusterImpl-cb7c1fcf-6298-49a9-b20a-40b206c3d36e/datanode-0/data/ratis
2022-01-18 05:35:23,017 [Thread-682] INFO  ozoneimpl.ContainerReader (ContainerReader.java:readVolume(142)) - Start to verify containers on volume /home/runner/work/ozone/ozone/hadoop-ozone/integration-test/target/test-dir/MiniOzoneClusterImpl-cb7c1fcf-6298-49a9-b20a-40b206c3d36e/datanode-0/data-0/containers/hdds
2022-01-18 05:35:23,018 [Thread-682] INFO  ozoneimpl.ContainerReader (ContainerReader.java:readVolume(172)) - Finish verifying containers on volume /home/runner/work/ozone/ozone/hadoop-ozone/integration-test/target/test-dir/MiniOzoneClusterImpl-cb7c1fcf-6298-49a9-b20a-40b206c3d36e/datanode-0/data-0/containers/hdds
2022-01-18 05:35:23,018 [Listener at 127.0.0.1/37357] INFO  ozoneimpl.OzoneContainer (OzoneContainer.java:buildContainerSet(237)) - Build ContainerSet costs 0s
2022-01-18 05:35:23,023 [Listener at 127.0.0.1/37357] INFO  server.RaftServer (ConfUtils.java:logGet(44)) - raft.rpc.type = GRPC (default)
2022-01-18 05:35:23,023 [Listener at 127.0.0.1/37357] INFO  grpc.GrpcFactory (GrpcFactory.java:checkPooledByteBufAllocatorUseCacheForAllThreads(48)) - PERFORMANCE WARNING: useCacheForAllThreads is true that may cause Netty to create a lot garbage objects and, as a result, trigger GC.
	It is recommended to disable useCacheForAllThreads by setting -Dorg.apache.ratis.thirdparty.io.netty.allocator.useCacheForAllThreads=false in command line.
2022-01-18 05:35:23,024 [Listener at 127.0.0.1/37357] INFO  grpc.GrpcConfigKeys (ConfUtils.java:logGet(44)) - raft.grpc.admin.port = 38305 (custom)
2022-01-18 05:35:23,024 [Listener at 127.0.0.1/37357] INFO  grpc.GrpcConfigKeys (ConfUtils.java:logGet(44)) - raft.grpc.client.port = 38305 (custom)
2022-01-18 05:35:23,024 [Listener at 127.0.0.1/37357] INFO  grpc.GrpcConfigKeys (ConfUtils.java:logGet(44)) - raft.grpc.server.port = 38305 (custom)
2022-01-18 05:35:23,024 [Listener at 127.0.0.1/37357] INFO  server.GrpcService (ConfUtils.java:logGet(44)) - raft.grpc.message.size.max = 32MB (=33554432) (custom)
2022-01-18 05:35:23,024 [Listener at 127.0.0.1/37357] INFO  server.RaftServerConfigKeys (ConfUtils.java:logGet(44)) - raft.server.log.appender.buffer.byte-limit = 33554432 (custom)
2022-01-18 05:35:23,024 [Listener at 127.0.0.1/37357] INFO  server.GrpcService (ConfUtils.java:logGet(44)) - raft.grpc.flow.control.window = 5MB (=5242880) (custom)
2022-01-18 05:35:23,024 [Listener at 127.0.0.1/37357] INFO  server.RaftServerConfigKeys (ConfUtils.java:logGet(44)) - raft.server.rpc.request.timeout = 60s (custom)
2022-01-18 05:35:23,026 [Listener at 127.0.0.1/37357] INFO  impl.DataStreamServerImpl (ConfUtils.java:logGet(44)) - raft.datastream.type = DISABLED (default)
2022-01-18 05:35:23,026 [Listener at 127.0.0.1/37357] INFO  server.RaftServerConfigKeys (ConfUtils.java:logGet(44)) - raft.server.rpc.slowness.timeout = 300s (custom)
2022-01-18 05:35:23,026 [Listener at 127.0.0.1/37357] INFO  server.RaftServerConfigKeys (ConfUtils.java:logGet(44)) - raft.server.leaderelection.leader.step-down.wait-time = 10s (default)
2022-01-18 05:35:23,027 [Listener at 127.0.0.1/37357] INFO  server.RaftServerConfigKeys (ConfUtils.java:logGet(44)) - raft.server.storage.dir = [/home/runner/work/ozone/ozone/hadoop-ozone/integration-test/target/test-dir/MiniOzoneClusterImpl-cb7c1fcf-6298-49a9-b20a-40b206c3d36e/datanode-0/data/ratis] (custom)
2022-01-18 05:35:23,027 [Listener at 127.0.0.1/37357] INFO  server.RaftServer (RaftServerProxy.java:lambda$null$1(235)) - 67260eab-501e-432c-b67c-83a04ad0151f: found a subdirectory /home/runner/work/ozone/ozone/hadoop-ozone/integration-test/target/test-dir/MiniOzoneClusterImpl-cb7c1fcf-6298-49a9-b20a-40b206c3d36e/datanode-0/data/ratis/59fae8ef-e674-4137-bac0-db115239e727
2022-01-18 05:35:23,057 [Listener at 127.0.0.1/37357] INFO  server.RaftServer (RaftServerProxy.java:addNew(95)) - 67260eab-501e-432c-b67c-83a04ad0151f: addNew group-DB115239E727:[] returns group-DB115239E727:java.util.concurrent.CompletableFuture@795a437c[Not completed]
2022-01-18 05:35:23,057 [Listener at 127.0.0.1/37357] INFO  server.RaftServer (RaftServerProxy.java:lambda$null$1(235)) - 67260eab-501e-432c-b67c-83a04ad0151f: found a subdirectory /home/runner/work/ozone/ozone/hadoop-ozone/integration-test/target/test-dir/MiniOzoneClusterImpl-cb7c1fcf-6298-49a9-b20a-40b206c3d36e/datanode-0/data/ratis/d65afff4-5c0e-4250-a5c7-dc7b997c5f62
2022-01-18 05:35:23,057 [Listener at 127.0.0.1/37357] INFO  server.RaftServer (RaftServerProxy.java:addNew(95)) - 67260eab-501e-432c-b67c-83a04ad0151f: addNew group-DC7B997C5F62:[] returns group-DC7B997C5F62:java.util.concurrent.CompletableFuture@3e4362fe[Not completed]
2022-01-18 05:35:23,059 [Listener at 127.0.0.1/37357] INFO  server.XceiverServerGrpc (XceiverServerGrpc.java:<init>(132)) - GrpcServer channel type EpollServerSocketChannel
2022-01-18 05:35:23,066 [pool-309-thread-1] INFO  server.RaftServer$Division (RaftServerImpl.java:<init>(184)) - 67260eab-501e-432c-b67c-83a04ad0151f: new RaftServerImpl for group-DB115239E727:[] with ContainerStateMachine:uninitialized
2022-01-18 05:35:23,070 [Listener at 127.0.0.1/37357] INFO  http.BaseHttpServer (BaseHttpServer.java:newHttpServer2BuilderForOzone(209)) - Starting Web-server for hddsDatanode at: http://0.0.0.0:41537
2022-01-18 05:35:23,071 [Listener at 127.0.0.1/37357] INFO  http.BaseHttpServer (BaseHttpServer.java:<init>(107)) - Hadoop Security Enabled: false Ozone Security Enabled: false Ozone HTTP Security Enabled: false 
2022-01-18 05:35:23,072 [Listener at 127.0.0.1/37357] INFO  server.AuthenticationFilter (AuthenticationFilter.java:constructSecretProvider(240)) - Unable to initialize FileSignerSecretProvider, falling back to use random secrets.
2022-01-18 05:35:23,105 [pool-309-thread-1] INFO  server.RaftServerConfigKeys (ConfUtils.java:logGet(44)) - raft.server.rpc.timeout.min = 5s (custom)
2022-01-18 05:35:23,105 [pool-309-thread-1] INFO  server.RaftServerConfigKeys (ConfUtils.java:logGet(44)) - raft.server.rpc.timeout.max = 5200ms (custom)
2022-01-18 05:35:23,105 [pool-309-thread-1] INFO  server.RaftServerConfigKeys (ConfUtils.java:logGet(44)) - raft.server.rpc.sleep.time = 25ms (default)
2022-01-18 05:35:23,105 [pool-309-thread-1] INFO  server.RaftServerConfigKeys (ConfUtils.java:logGet(44)) - raft.server.rpc.slowness.timeout = 300s (custom)
2022-01-18 05:35:23,105 [pool-309-thread-1] INFO  server.RaftServerConfigKeys (ConfUtils.java:logGet(44)) - raft.server.leaderelection.leader.step-down.wait-time = 10s (default)
2022-01-18 05:35:23,105 [pool-309-thread-1] INFO  server.RaftServerConfigKeys (ConfUtils.java:logGet(44)) - raft.server.sleep.deviation.threshold = 300ms (default)
2022-01-18 05:35:23,105 [pool-309-thread-1] INFO  server.RaftServerConfigKeys (ConfUtils.java:logGet(44)) - raft.server.log.appender.install.snapshot.enabled = false (custom)
2022-01-18 05:35:23,105 [pool-309-thread-1] INFO  server.RaftServer$Division (ServerState.java:<init>(105)) - 67260eab-501e-432c-b67c-83a04ad0151f@group-DB115239E727: ConfigurationManager, init=-1: [], old=null, confs=<EMPTY_MAP>
2022-01-18 05:35:23,105 [pool-309-thread-1] INFO  server.RaftServerConfigKeys (ConfUtils.java:logGet(44)) - raft.server.storage.dir = [/home/runner/work/ozone/ozone/hadoop-ozone/integration-test/target/test-dir/MiniOzoneClusterImpl-cb7c1fcf-6298-49a9-b20a-40b206c3d36e/datanode-0/data/ratis] (custom)
2022-01-18 05:35:23,106 [pool-309-thread-1] INFO  server.RaftServerConfigKeys (ConfUtils.java:logGet(44)) - raft.server.log.corruption.policy = EXCEPTION (default)
2022-01-18 05:35:23,106 [pool-309-thread-1] INFO  server.RaftServerConfigKeys (ConfUtils.java:logGet(44)) - raft.server.storage.free-space.min = 0MB (=0) (default)
2022-01-18 05:35:23,105 [Listener at 127.0.0.1/37357] WARN  http.HttpRequestLog (HttpRequestLog.java:getRequestLog(103)) - Jetty request log can only be enabled using Log4j
2022-01-18 05:35:23,108 [Listener at 127.0.0.1/37357] INFO  http.HttpServer2 (HttpServer2.java:addGlobalFilter(1030)) - Added global filter 'safety' (class=org.apache.hadoop.hdds.server.http.HttpServer2$QuotingInputFilter)
2022-01-18 05:35:23,108 [Listener at 127.0.0.1/37357] INFO  http.HttpServer2 (HttpServer2.java:addFilter(1006)) - Added filter static_user_filter (class=org.apache.hadoop.http.lib.StaticUserWebFilter$StaticUserFilter) to context hddsDatanode
2022-01-18 05:35:23,108 [Listener at 127.0.0.1/37357] INFO  http.HttpServer2 (HttpServer2.java:addFilter(1014)) - Added filter static_user_filter (class=org.apache.hadoop.http.lib.StaticUserWebFilter$StaticUserFilter) to context static
2022-01-18 05:35:23,108 [Listener at 127.0.0.1/37357] INFO  http.HttpServer2 (HttpServer2.java:addFilter(1014)) - Added filter static_user_filter (class=org.apache.hadoop.http.lib.StaticUserWebFilter$StaticUserFilter) to context logs
2022-01-18 05:35:23,114 [pool-309-thread-1] INFO  storage.RaftStorageDirectory (RaftStorageDirectoryImpl.java:tryLock(230)) - Lock on /home/runner/work/ozone/ozone/hadoop-ozone/integration-test/target/test-dir/MiniOzoneClusterImpl-cb7c1fcf-6298-49a9-b20a-40b206c3d36e/datanode-0/data/ratis/59fae8ef-e674-4137-bac0-db115239e727/in_use.lock acquired by nodename 21336@fv-az294-84
2022-01-18 05:35:23,114 [pool-309-thread-1] INFO  storage.RaftStorage (RaftStorageImpl.java:analyzeAndRecoverStorage(110)) - Read RaftStorageMetadata{term=8, votedFor=3327475e-62cb-4ee7-945b-6ce10b093b44} from /home/runner/work/ozone/ozone/hadoop-ozone/integration-test/target/test-dir/MiniOzoneClusterImpl-cb7c1fcf-6298-49a9-b20a-40b206c3d36e/datanode-0/data/ratis/59fae8ef-e674-4137-bac0-db115239e727/current/raft-meta
2022-01-18 05:35:23,117 [Listener at 127.0.0.1/37357] INFO  http.HttpServer2 (HttpServer2.java:bindListener(1249)) - Jetty bound to port 41537
2022-01-18 05:35:23,117 [Listener at 127.0.0.1/37357] INFO  server.Server (Server.java:doStart(375)) - jetty-9.4.43.v20210629; built: 2021-06-30T11:07:22.254Z; git: 526006ecfa3af7f1a27ef3a288e2bef7ea9dd7e8; jvm 1.8.0_292-b10
2022-01-18 05:35:23,121 [Listener at 127.0.0.1/37357] INFO  server.session (DefaultSessionIdManager.java:doStart(334)) - DefaultSessionIdManager workerName=node0
2022-01-18 05:35:23,121 [Listener at 127.0.0.1/37357] INFO  server.session (DefaultSessionIdManager.java:doStart(339)) - No SessionScavenger set, using defaults
2022-01-18 05:35:23,121 [Listener at 127.0.0.1/37357] INFO  server.session (HouseKeeper.java:startScavenging(132)) - node0 Scavenging every 600000ms
2022-01-18 05:35:23,134 [Listener at 127.0.0.1/37357] INFO  handler.ContextHandler (ContextHandler.java:doStart(915)) - Started o.e.j.s.ServletContextHandler@3c7a99a0{logs,/logs,file:///home/runner/work/ozone/ozone/hadoop-ozone/integration-test/target/log,AVAILABLE}
2022-01-18 05:35:23,138 [pool-309-thread-1] INFO  ratis.ContainerStateMachine (ContainerStateMachine.java:loadSnapshot(240)) - group-DB115239E727: Setting the last applied index to (t:8, i:0)
2022-01-18 05:35:23,139 [pool-309-thread-1] INFO  server.RaftServer$Division (ServerState.java:setRaftConf(387)) - 67260eab-501e-432c-b67c-83a04ad0151f@group-DB115239E727: set configuration 0: [3327475e-62cb-4ee7-945b-6ce10b093b44|rpc:10.1.0.16:38697|dataStream:|priority:1, 67260eab-501e-432c-b67c-83a04ad0151f|rpc:10.1.0.16:38305|dataStream:|priority:0, 3c29bd76-08cb-41c8-a67d-745d6588ade1|rpc:10.1.0.16:33765|dataStream:|priority:0], old=null
2022-01-18 05:35:23,139 [pool-309-thread-1] INFO  server.RaftServerConfigKeys (ConfUtils.java:logGet(44)) - raft.server.notification.no-leader.timeout = 300s (custom)
2022-01-18 05:35:23,139 [pool-309-thread-1] INFO  server.RaftServerConfigKeys (ConfUtils.java:logGet(44)) - raft.server.log.use.memory = false (default)
2022-01-18 05:35:23,139 [pool-309-thread-1] INFO  server.RaftServerConfigKeys (ConfUtils.java:logGet(44)) - raft.server.log.purge.gap = 1000000 (custom)
2022-01-18 05:35:23,139 [pool-309-thread-1] INFO  server.RaftServerConfigKeys (ConfUtils.java:logGet(44)) - raft.server.log.appender.buffer.byte-limit = 33554432 (custom)
2022-01-18 05:35:23,161 [Listener at 127.0.0.1/37357] INFO  handler.ContextHandler (ContextHandler.java:doStart(915)) - Started o.e.j.s.ServletContextHandler@25a04e19{static,/static,jar:file:/home/runner/.m2/repository/org/apache/ozone/hdds-container-service/1.3.0-SNAPSHOT/hdds-container-service-1.3.0-SNAPSHOT.jar!/webapps/static,AVAILABLE}
2022-01-18 05:35:23,161 [pool-309-thread-1] INFO  server.RaftServerConfigKeys (ConfUtils.java:logGet(44)) - raft.server.log.segment.size.max = 1048576 (custom)
2022-01-18 05:35:23,161 [pool-309-thread-1] INFO  server.RaftServerConfigKeys (ConfUtils.java:logGet(44)) - raft.server.log.segment.cache.num.max = 2 (custom)
2022-01-18 05:35:23,161 [pool-309-thread-1] INFO  server.RaftServerConfigKeys (ConfUtils.java:logGet(44)) - raft.server.log.segment.cache.size.max = 200MB (=209715200) (default)
2022-01-18 05:35:23,162 [pool-309-thread-1] INFO  segmented.SegmentedRaftLogWorker (SegmentedRaftLogWorker.java:<init>(182)) - new 67260eab-501e-432c-b67c-83a04ad0151f@group-DB115239E727-SegmentedRaftLogWorker for RaftStorageImpl:Storage Directory /home/runner/work/ozone/ozone/hadoop-ozone/integration-test/target/test-dir/MiniOzoneClusterImpl-cb7c1fcf-6298-49a9-b20a-40b206c3d36e/datanode-0/data/ratis/59fae8ef-e674-4137-bac0-db115239e727
2022-01-18 05:35:23,162 [pool-309-thread-1] INFO  server.RaftServerConfigKeys (ConfUtils.java:logGet(44)) - raft.server.log.queue.byte-limit = 2147483647 (custom)
2022-01-18 05:35:23,162 [pool-309-thread-1] INFO  server.RaftServerConfigKeys (ConfUtils.java:logGet(44)) - raft.server.log.queue.element-limit = 1024 (custom)
2022-01-18 05:35:23,162 [pool-309-thread-1] INFO  server.RaftServerConfigKeys (ConfUtils.java:logGet(44)) - raft.server.log.segment.size.max = 1048576 (custom)
2022-01-18 05:35:23,162 [pool-309-thread-1] INFO  server.RaftServerConfigKeys (ConfUtils.java:logGet(44)) - raft.server.log.preallocated.size = 16384 (custom)
2022-01-18 05:35:23,162 [pool-309-thread-1] INFO  server.RaftServerConfigKeys (ConfUtils.java:logGet(44)) - raft.server.log.force.sync.num = 128 (default)
2022-01-18 05:35:23,162 [pool-309-thread-1] INFO  server.RaftServerConfigKeys (ConfUtils.java:logGet(44)) - raft.server.log.statemachine.data.sync = true (default)
2022-01-18 05:35:23,162 [pool-309-thread-1] INFO  server.RaftServerConfigKeys (ConfUtils.java:logGet(44)) - raft.server.log.statemachine.data.sync.timeout = 10s (default)
2022-01-18 05:35:23,162 [pool-309-thread-1] INFO  server.RaftServerConfigKeys (ConfUtils.java:logGet(44)) - raft.server.log.statemachine.data.sync.timeout.retry = -1 (default)
2022-01-18 05:35:23,163 [pool-309-thread-1] INFO  server.RaftServerConfigKeys (ConfUtils.java:logGet(44)) - raft.server.log.write.buffer.size = 1048576 (custom)
2022-01-18 05:35:23,173 [pool-309-thread-1] INFO  server.RaftServerConfigKeys (ConfUtils.java:logGet(44)) - raft.server.log.statemachine.data.caching.enabled = true (custom)
2022-01-18 05:35:23,174 [pool-309-thread-1] INFO  server.RaftServer$Division (ServerState.java:setRaftConf(387)) - 67260eab-501e-432c-b67c-83a04ad0151f@group-DB115239E727: set configuration 0: [3327475e-62cb-4ee7-945b-6ce10b093b44|rpc:10.1.0.16:38697|dataStream:|priority:1, 67260eab-501e-432c-b67c-83a04ad0151f|rpc:10.1.0.16:38305|dataStream:|priority:0, 3c29bd76-08cb-41c8-a67d-745d6588ade1|rpc:10.1.0.16:33765|dataStream:|priority:0], old=null
2022-01-18 05:35:23,174 [pool-309-thread-1] INFO  segmented.LogSegment (LogSegment.java:loadSegment(173)) - Successfully read 1 entries from segment file /home/runner/work/ozone/ozone/hadoop-ozone/integration-test/target/test-dir/MiniOzoneClusterImpl-cb7c1fcf-6298-49a9-b20a-40b206c3d36e/datanode-0/data/ratis/59fae8ef-e674-4137-bac0-db115239e727/current/log_inprogress_0
2022-01-18 05:35:23,174 [pool-309-thread-1] INFO  segmented.SegmentedRaftLogWorker (SegmentedRaftLogWorker.java:lambda$new$0(133)) - 67260eab-501e-432c-b67c-83a04ad0151f@group-DB115239E727-SegmentedRaftLogWorker: flushIndex: setUnconditionally 0 -> 0
2022-01-18 05:35:23,174 [pool-309-thread-1] INFO  segmented.SegmentedRaftLogWorker (SegmentedRaftLogWorker.java:lambda$new$0(133)) - 67260eab-501e-432c-b67c-83a04ad0151f@group-DB115239E727-SegmentedRaftLogWorker: safeCacheEvictIndex: setUnconditionally 0 -> -1
2022-01-18 05:35:23,189 [pool-309-thread-1] INFO  server.RaftServerConfigKeys (ConfUtils.java:logGet(44)) - raft.server.snapshot.auto.trigger.enabled = true (custom)
2022-01-18 05:35:23,189 [pool-309-thread-1] INFO  server.RaftServerConfigKeys (ConfUtils.java:logGet(44)) - raft.server.snapshot.auto.trigger.threshold = 10000 (custom)
2022-01-18 05:35:23,189 [pool-309-thread-1] INFO  server.RaftServerConfigKeys (ConfUtils.java:logGet(44)) - raft.server.snapshot.retention.file.num = 5 (custom)
2022-01-18 05:35:23,189 [pool-309-thread-1] INFO  server.RaftServerConfigKeys (ConfUtils.java:logGet(44)) - raft.server.log.purge.upto.snapshot.index = false (default)
2022-01-18 05:35:23,189 [pool-309-thread-1] INFO  server.RaftServerConfigKeys (ConfUtils.java:logGet(44)) - raft.server.retrycache.expirytime = 600000ms (custom)
2022-01-18 05:35:23,189 [pool-309-thread-1] INFO  server.RaftServerConfigKeys (ConfUtils.java:logGet(44)) - raft.server.retrycache.statistics.expirytime = 100μs (default)
2022-01-18 05:35:23,191 [pool-309-thread-1] INFO  server.RaftServer$Division (RaftServerImpl.java:<init>(184)) - 67260eab-501e-432c-b67c-83a04ad0151f: new RaftServerImpl for group-DC7B997C5F62:[] with ContainerStateMachine:uninitialized
2022-01-18 05:35:23,191 [pool-309-thread-1] INFO  server.RaftServerConfigKeys (ConfUtils.java:logGet(44)) - raft.server.rpc.timeout.min = 5s (custom)
2022-01-18 05:35:23,192 [pool-309-thread-1] INFO  server.RaftServerConfigKeys (ConfUtils.java:logGet(44)) - raft.server.rpc.timeout.max = 5200ms (custom)
2022-01-18 05:35:23,192 [pool-309-thread-1] INFO  server.RaftServerConfigKeys (ConfUtils.java:logGet(44)) - raft.server.rpc.sleep.time = 25ms (default)
2022-01-18 05:35:23,192 [pool-309-thread-1] INFO  server.RaftServerConfigKeys (ConfUtils.java:logGet(44)) - raft.server.rpc.slowness.timeout = 300s (custom)
2022-01-18 05:35:23,192 [pool-309-thread-1] INFO  server.RaftServerConfigKeys (ConfUtils.java:logGet(44)) - raft.server.leaderelection.leader.step-down.wait-time = 10s (default)
2022-01-18 05:35:23,192 [pool-309-thread-1] INFO  server.RaftServerConfigKeys (ConfUtils.java:logGet(44)) - raft.server.sleep.deviation.threshold = 300ms (default)
2022-01-18 05:35:23,192 [pool-309-thread-1] INFO  server.RaftServerConfigKeys (ConfUtils.java:logGet(44)) - raft.server.log.appender.install.snapshot.enabled = false (custom)
2022-01-18 05:35:23,192 [pool-309-thread-1] INFO  server.RaftServer$Division (ServerState.java:<init>(105)) - 67260eab-501e-432c-b67c-83a04ad0151f@group-DC7B997C5F62: ConfigurationManager, init=-1: [], old=null, confs=<EMPTY_MAP>
2022-01-18 05:35:23,192 [pool-309-thread-1] INFO  server.RaftServerConfigKeys (ConfUtils.java:logGet(44)) - raft.server.storage.dir = [/home/runner/work/ozone/ozone/hadoop-ozone/integration-test/target/test-dir/MiniOzoneClusterImpl-cb7c1fcf-6298-49a9-b20a-40b206c3d36e/datanode-0/data/ratis] (custom)
2022-01-18 05:35:23,192 [pool-309-thread-1] INFO  server.RaftServerConfigKeys (ConfUtils.java:logGet(44)) - raft.server.log.corruption.policy = EXCEPTION (default)
2022-01-18 05:35:23,192 [pool-309-thread-1] INFO  server.RaftServerConfigKeys (ConfUtils.java:logGet(44)) - raft.server.storage.free-space.min = 0MB (=0) (default)
2022-01-18 05:35:23,194 [pool-309-thread-1] INFO  storage.RaftStorageDirectory (RaftStorageDirectoryImpl.java:tryLock(230)) - Lock on /home/runner/work/ozone/ozone/hadoop-ozone/integration-test/target/test-dir/MiniOzoneClusterImpl-cb7c1fcf-6298-49a9-b20a-40b206c3d36e/datanode-0/data/ratis/d65afff4-5c0e-4250-a5c7-dc7b997c5f62/in_use.lock acquired by nodename 21336@fv-az294-84
2022-01-18 05:35:23,194 [pool-309-thread-1] INFO  storage.RaftStorage (RaftStorageImpl.java:analyzeAndRecoverStorage(110)) - Read RaftStorageMetadata{term=1, votedFor=67260eab-501e-432c-b67c-83a04ad0151f} from /home/runner/work/ozone/ozone/hadoop-ozone/integration-test/target/test-dir/MiniOzoneClusterImpl-cb7c1fcf-6298-49a9-b20a-40b206c3d36e/datanode-0/data/ratis/d65afff4-5c0e-4250-a5c7-dc7b997c5f62/current/raft-meta
2022-01-18 05:35:23,195 [pool-309-thread-1] INFO  ratis.ContainerStateMachine (ContainerStateMachine.java:loadSnapshot(240)) - group-DC7B997C5F62: Setting the last applied index to (t:1, i:0)
2022-01-18 05:35:23,195 [pool-309-thread-1] INFO  server.RaftServer$Division (ServerState.java:setRaftConf(387)) - 67260eab-501e-432c-b67c-83a04ad0151f@group-DC7B997C5F62: set configuration 0: [67260eab-501e-432c-b67c-83a04ad0151f|rpc:10.1.0.16:38305|dataStream:|priority:1], old=null
2022-01-18 05:35:23,195 [pool-309-thread-1] INFO  server.RaftServerConfigKeys (ConfUtils.java:logGet(44)) - raft.server.notification.no-leader.timeout = 300s (custom)
2022-01-18 05:35:23,195 [pool-309-thread-1] INFO  server.RaftServerConfigKeys (ConfUtils.java:logGet(44)) - raft.server.log.use.memory = false (default)
2022-01-18 05:35:23,195 [pool-309-thread-1] INFO  server.RaftServerConfigKeys (ConfUtils.java:logGet(44)) - raft.server.log.purge.gap = 1000000 (custom)
2022-01-18 05:35:23,195 [pool-309-thread-1] INFO  server.RaftServerConfigKeys (ConfUtils.java:logGet(44)) - raft.server.log.appender.buffer.byte-limit = 33554432 (custom)
2022-01-18 05:35:23,195 [pool-309-thread-1] INFO  server.RaftServerConfigKeys (ConfUtils.java:logGet(44)) - raft.server.log.segment.size.max = 1048576 (custom)
2022-01-18 05:35:23,196 [pool-309-thread-1] INFO  server.RaftServerConfigKeys (ConfUtils.java:logGet(44)) - raft.server.log.segment.cache.num.max = 2 (custom)
2022-01-18 05:35:23,196 [pool-309-thread-1] INFO  server.RaftServerConfigKeys (ConfUtils.java:logGet(44)) - raft.server.log.segment.cache.size.max = 200MB (=209715200) (default)
2022-01-18 05:35:23,196 [pool-309-thread-1] INFO  segmented.SegmentedRaftLogWorker (SegmentedRaftLogWorker.java:<init>(182)) - new 67260eab-501e-432c-b67c-83a04ad0151f@group-DC7B997C5F62-SegmentedRaftLogWorker for RaftStorageImpl:Storage Directory /home/runner/work/ozone/ozone/hadoop-ozone/integration-test/target/test-dir/MiniOzoneClusterImpl-cb7c1fcf-6298-49a9-b20a-40b206c3d36e/datanode-0/data/ratis/d65afff4-5c0e-4250-a5c7-dc7b997c5f62
2022-01-18 05:35:23,196 [pool-309-thread-1] INFO  server.RaftServerConfigKeys (ConfUtils.java:logGet(44)) - raft.server.log.queue.byte-limit = 2147483647 (custom)
2022-01-18 05:35:23,204 [pool-309-thread-1] INFO  server.RaftServerConfigKeys (ConfUtils.java:logGet(44)) - raft.server.log.queue.element-limit = 1024 (custom)
2022-01-18 05:35:23,204 [pool-309-thread-1] INFO  server.RaftServerConfigKeys (ConfUtils.java:logGet(44)) - raft.server.log.segment.size.max = 1048576 (custom)
2022-01-18 05:35:23,204 [pool-309-thread-1] INFO  server.RaftServerConfigKeys (ConfUtils.java:logGet(44)) - raft.server.log.preallocated.size = 16384 (custom)
2022-01-18 05:35:23,204 [pool-309-thread-1] INFO  server.RaftServerConfigKeys (ConfUtils.java:logGet(44)) - raft.server.log.force.sync.num = 128 (default)
2022-01-18 05:35:23,205 [pool-309-thread-1] INFO  server.RaftServerConfigKeys (ConfUtils.java:logGet(44)) - raft.server.log.statemachine.data.sync = true (default)
2022-01-18 05:35:23,205 [pool-309-thread-1] INFO  server.RaftServerConfigKeys (ConfUtils.java:logGet(44)) - raft.server.log.statemachine.data.sync.timeout = 10s (default)
2022-01-18 05:35:23,205 [pool-309-thread-1] INFO  server.RaftServerConfigKeys (ConfUtils.java:logGet(44)) - raft.server.log.statemachine.data.sync.timeout.retry = -1 (default)
2022-01-18 05:35:23,206 [pool-309-thread-1] INFO  server.RaftServerConfigKeys (ConfUtils.java:logGet(44)) - raft.server.log.write.buffer.size = 1048576 (custom)
2022-01-18 05:35:23,207 [pool-309-thread-1] INFO  server.RaftServerConfigKeys (ConfUtils.java:logGet(44)) - raft.server.log.statemachine.data.caching.enabled = true (custom)
2022-01-18 05:35:23,214 [pool-309-thread-1] INFO  server.RaftServer$Division (ServerState.java:setRaftConf(387)) - 67260eab-501e-432c-b67c-83a04ad0151f@group-DC7B997C5F62: set configuration 0: [67260eab-501e-432c-b67c-83a04ad0151f|rpc:10.1.0.16:38305|dataStream:|priority:1], old=null
2022-01-18 05:35:23,215 [pool-309-thread-1] INFO  segmented.LogSegment (LogSegment.java:loadSegment(173)) - Successfully read 1 entries from segment file /home/runner/work/ozone/ozone/hadoop-ozone/integration-test/target/test-dir/MiniOzoneClusterImpl-cb7c1fcf-6298-49a9-b20a-40b206c3d36e/datanode-0/data/ratis/d65afff4-5c0e-4250-a5c7-dc7b997c5f62/current/log_inprogress_0
2022-01-18 05:35:23,221 [pool-309-thread-1] INFO  segmented.SegmentedRaftLogWorker (SegmentedRaftLogWorker.java:lambda$new$0(133)) - 67260eab-501e-432c-b67c-83a04ad0151f@group-DC7B997C5F62-SegmentedRaftLogWorker: flushIndex: setUnconditionally 0 -> 0
2022-01-18 05:35:23,221 [pool-309-thread-1] INFO  segmented.SegmentedRaftLogWorker (SegmentedRaftLogWorker.java:lambda$new$0(133)) - 67260eab-501e-432c-b67c-83a04ad0151f@group-DC7B997C5F62-SegmentedRaftLogWorker: safeCacheEvictIndex: setUnconditionally 0 -> -1
2022-01-18 05:35:23,233 [pool-309-thread-1] INFO  server.RaftServerConfigKeys (ConfUtils.java:logGet(44)) - raft.server.snapshot.auto.trigger.enabled = true (custom)
2022-01-18 05:35:23,233 [pool-309-thread-1] INFO  server.RaftServerConfigKeys (ConfUtils.java:logGet(44)) - raft.server.snapshot.auto.trigger.threshold = 10000 (custom)
2022-01-18 05:35:23,233 [pool-309-thread-1] INFO  server.RaftServerConfigKeys (ConfUtils.java:logGet(44)) - raft.server.snapshot.retention.file.num = 5 (custom)
2022-01-18 05:35:23,233 [pool-309-thread-1] INFO  server.RaftServerConfigKeys (ConfUtils.java:logGet(44)) - raft.server.log.purge.upto.snapshot.index = false (default)
2022-01-18 05:35:23,233 [pool-309-thread-1] INFO  server.RaftServerConfigKeys (ConfUtils.java:logGet(44)) - raft.server.retrycache.expirytime = 600000ms (custom)
2022-01-18 05:35:23,233 [pool-309-thread-1] INFO  server.RaftServerConfigKeys (ConfUtils.java:logGet(44)) - raft.server.retrycache.statistics.expirytime = 100μs (default)
2022-01-18 05:35:23,317 [Listener at 127.0.0.1/37357] INFO  handler.ContextHandler (ContextHandler.java:doStart(915)) - Started o.e.j.w.WebAppContext@449a9401{hddsDatanode,/,file:///tmp/jetty-0_0_0_0-41537-hdds-container-service-1_3_0-SNAPSHOT_jar-_-any-3156715966961933394/webapp/,AVAILABLE}{jar:file:/home/runner/.m2/repository/org/apache/ozone/hdds-container-service/1.3.0-SNAPSHOT/hdds-container-service-1.3.0-SNAPSHOT.jar!/webapps/hddsDatanode}
2022-01-18 05:35:23,318 [Listener at 127.0.0.1/37357] INFO  server.AbstractConnector (AbstractConnector.java:doStart(331)) - Started ServerConnector@5961744f{HTTP/1.1, (http/1.1)}{0.0.0.0:41537}
2022-01-18 05:35:23,318 [Listener at 127.0.0.1/37357] INFO  server.Server (Server.java:doStart(415)) - Started @155748ms
2022-01-18 05:35:23,318 [Listener at 127.0.0.1/37357] WARN  impl.MetricsSystemImpl (MetricsSystemImpl.java:register(279)) - Sink prometheus already exists!
2022-01-18 05:35:23,325 [Listener at 127.0.0.1/37357] INFO  http.BaseHttpServer (BaseHttpServer.java:updateConnectorAddress(329)) - HTTP server of hddsDatanode listening at http://0.0.0.0:41537
2022-01-18 05:35:23,333 [Datanode State Machine Daemon Thread] INFO  statemachine.DatanodeStateMachine (DatanodeStateMachine.java:lambda$startDaemon$0(470)) - Ozone container server started.
2022-01-18 05:35:23,413 [org.apache.hadoop.util.JvmPauseMonitor$Monitor@638d0865] INFO  util.JvmPauseMonitor (JvmPauseMonitor.java:run(188)) - Starting JVM pause monitor
2022-01-18 05:35:23,864 [EndpointStateMachine task thread for /0.0.0.0:34205 - 0 ] INFO  ipc.Client (Client.java:handleConnectionFailure(977)) - Retrying connect to server: 0.0.0.0/0.0.0.0:34205. Already tried 10 time(s); retry policy is RetryUpToMaximumCountWithFixedSleep(maxRetries=15, sleepTime=1000 MILLISECONDS)
2022-01-18 05:35:23,963 [grpc-default-executor-1] WARN  server.GrpcLogAppender (LogUtils.java:warn(122)) - 3327475e-62cb-4ee7-945b-6ce10b093b44@group-DB115239E727->67260eab-501e-432c-b67c-83a04ad0151f-AppendLogResponseHandler: Failed appendEntries: org.apache.ratis.thirdparty.io.grpc.StatusRuntimeException: UNAVAILABLE: io exception
2022-01-18 05:35:23,964 [grpc-default-executor-1] WARN  server.GrpcLogAppender (GrpcLogAppender.java:resetClient(110)) - 3327475e-62cb-4ee7-945b-6ce10b093b44@group-DB115239E727->67260eab-501e-432c-b67c-83a04ad0151f-GrpcLogAppender: Leader has not got in touch with Follower 3327475e-62cb-4ee7-945b-6ce10b093b44@group-DB115239E727->67260eab-501e-432c-b67c-83a04ad0151f(c0,m0,n1, attendVote=true, lastRpcSendTime=0, lastRpcResponseTime=7516) yet, just keep nextIndex unchanged and retry.
2022-01-18 05:35:24,867 [EndpointStateMachine task thread for /0.0.0.0:34205 - 0 ] INFO  ipc.Client (Client.java:handleConnectionFailure(977)) - Retrying connect to server: 0.0.0.0/0.0.0.0:34205. Already tried 11 time(s); retry policy is RetryUpToMaximumCountWithFixedSleep(maxRetries=15, sleepTime=1000 MILLISECONDS)
2022-01-18 05:35:25,869 [EndpointStateMachine task thread for /0.0.0.0:34205 - 0 ] INFO  ipc.Client (Client.java:handleConnectionFailure(977)) - Retrying connect to server: 0.0.0.0/0.0.0.0:34205. Already tried 12 time(s); retry policy is RetryUpToMaximumCountWithFixedSleep(maxRetries=15, sleepTime=1000 MILLISECONDS)
2022-01-18 05:35:26,464 [grpc-default-executor-1] WARN  server.GrpcLogAppender (LogUtils.java:warn(122)) - 3327475e-62cb-4ee7-945b-6ce10b093b44@group-DB115239E727->67260eab-501e-432c-b67c-83a04ad0151f-AppendLogResponseHandler: Failed appendEntries: org.apache.ratis.thirdparty.io.grpc.StatusRuntimeException: UNAVAILABLE: io exception
2022-01-18 05:35:26,465 [grpc-default-executor-1] WARN  server.GrpcLogAppender (GrpcLogAppender.java:resetClient(110)) - 3327475e-62cb-4ee7-945b-6ce10b093b44@group-DB115239E727->67260eab-501e-432c-b67c-83a04ad0151f-GrpcLogAppender: Leader has not got in touch with Follower 3327475e-62cb-4ee7-945b-6ce10b093b44@group-DB115239E727->67260eab-501e-432c-b67c-83a04ad0151f(c0,m0,n1, attendVote=true, lastRpcSendTime=2501, lastRpcResponseTime=10016) yet, just keep nextIndex unchanged and retry.
2022-01-18 05:35:26,869 [EndpointStateMachine task thread for /0.0.0.0:34205 - 0 ] INFO  ipc.Client (Client.java:handleConnectionFailure(977)) - Retrying connect to server: 0.0.0.0/0.0.0.0:34205. Already tried 13 time(s); retry policy is RetryUpToMaximumCountWithFixedSleep(maxRetries=15, sleepTime=1000 MILLISECONDS)
2022-01-18 05:35:27,873 [EndpointStateMachine task thread for /0.0.0.0:34205 - 0 ] INFO  ipc.Client (Client.java:handleConnectionFailure(977)) - Retrying connect to server: 0.0.0.0/0.0.0.0:34205. Already tried 14 time(s); retry policy is RetryUpToMaximumCountWithFixedSleep(maxRetries=15, sleepTime=1000 MILLISECONDS)
2022-01-18 05:35:27,874 [EndpointStateMachine task thread for /0.0.0.0:34205 - 0 ] WARN  statemachine.EndpointStateMachine (EndpointStateMachine.java:logIfNeeded(236)) - Unable to communicate to SCM server at 0.0.0.0:34205 for past 0 seconds.
java.net.ConnectException: Your endpoint configuration is wrong; For more details see:  http://wiki.apache.org/hadoop/UnsetHostnameOrPort
	at sun.reflect.NativeConstructorAccessorImpl.newInstance0(Native Method)
	at sun.reflect.NativeConstructorAccessorImpl.newInstance(NativeConstructorAccessorImpl.java:62)
	at sun.reflect.DelegatingConstructorAccessorImpl.newInstance(DelegatingConstructorAccessorImpl.java:45)
	at java.lang.reflect.Constructor.newInstance(Constructor.java:423)
	at org.apache.hadoop.net.NetUtils.wrapWithMessage(NetUtils.java:913)
	at org.apache.hadoop.net.NetUtils.wrapException(NetUtils.java:824)
	at org.apache.hadoop.ipc.Client.getRpcResponse(Client.java:1577)
	at org.apache.hadoop.ipc.Client.call(Client.java:1519)
	at org.apache.hadoop.ipc.Client.call(Client.java:1416)
	at org.apache.hadoop.ipc.ProtobufRpcEngine$Invoker.invoke(ProtobufRpcEngine.java:236)
	at org.apache.hadoop.ipc.ProtobufRpcEngine$Invoker.invoke(ProtobufRpcEngine.java:123)
	at com.sun.proxy.$Proxy49.submitRequest(Unknown Source)
	at org.apache.hadoop.ozone.protocolPB.StorageContainerDatanodeProtocolClientSideTranslatorPB.submitRequest(StorageContainerDatanodeProtocolClientSideTranslatorPB.java:117)
	at org.apache.hadoop.ozone.protocolPB.StorageContainerDatanodeProtocolClientSideTranslatorPB.sendHeartbeat(StorageContainerDatanodeProtocolClientSideTranslatorPB.java:149)
	at org.apache.hadoop.ozone.container.common.states.endpoint.HeartbeatEndpointTask.call(HeartbeatEndpointTask.java:179)
	at org.apache.hadoop.ozone.container.common.states.endpoint.HeartbeatEndpointTask.call(HeartbeatEndpointTask.java:82)
	at java.util.concurrent.FutureTask.run(FutureTask.java:266)
	at java.util.concurrent.ThreadPoolExecutor.runWorker(ThreadPoolExecutor.java:1149)
	at java.util.concurrent.ThreadPoolExecutor$Worker.run(ThreadPoolExecutor.java:624)
	at java.lang.Thread.run(Thread.java:748)
Caused by: java.net.ConnectException: Connection refused
	at sun.nio.ch.SocketChannelImpl.checkConnect(Native Method)
	at sun.nio.ch.SocketChannelImpl.finishConnect(SocketChannelImpl.java:716)
	at org.apache.hadoop.net.SocketIOWithTimeout.connect(SocketIOWithTimeout.java:206)
	at org.apache.hadoop.net.NetUtils.connect(NetUtils.java:586)
	at org.apache.hadoop.ipc.Client$Connection.setupConnection(Client.java:701)
	at org.apache.hadoop.ipc.Client$Connection.setupIOstreams(Client.java:822)
	at org.apache.hadoop.ipc.Client$Connection.access$3800(Client.java:414)
	at org.apache.hadoop.ipc.Client.getConnection(Client.java:1647)
	at org.apache.hadoop.ipc.Client.call(Client.java:1463)
	... 12 more
2022-01-18 05:35:28,879 [EndpointStateMachine task thread for /0.0.0.0:34205 - 0 ] INFO  ipc.Client (Client.java:handleConnectionFailure(977)) - Retrying connect to server: 0.0.0.0/0.0.0.0:34205. Already tried 0 time(s); retry policy is RetryUpToMaximumCountWithFixedSleep(maxRetries=15, sleepTime=1000 MILLISECONDS)
2022-01-18 05:35:28,966 [grpc-default-executor-1] WARN  server.GrpcLogAppender (LogUtils.java:warn(122)) - 3327475e-62cb-4ee7-945b-6ce10b093b44@group-DB115239E727->67260eab-501e-432c-b67c-83a04ad0151f-AppendLogResponseHandler: Failed appendEntries: org.apache.ratis.thirdparty.io.grpc.StatusRuntimeException: UNAVAILABLE: io exception
2022-01-18 05:35:28,967 [grpc-default-executor-1] WARN  server.GrpcLogAppender (GrpcLogAppender.java:resetClient(110)) - 3327475e-62cb-4ee7-945b-6ce10b093b44@group-DB115239E727->67260eab-501e-432c-b67c-83a04ad0151f-GrpcLogAppender: Leader has not got in touch with Follower 3327475e-62cb-4ee7-945b-6ce10b093b44@group-DB115239E727->67260eab-501e-432c-b67c-83a04ad0151f(c0,m0,n1, attendVote=true, lastRpcSendTime=2501, lastRpcResponseTime=12519) yet, just keep nextIndex unchanged and retry.
2022-01-18 05:35:29,880 [EndpointStateMachine task thread for /0.0.0.0:34205 - 0 ] INFO  ipc.Client (Client.java:handleConnectionFailure(977)) - Retrying connect to server: 0.0.0.0/0.0.0.0:34205. Already tried 1 time(s); retry policy is RetryUpToMaximumCountWithFixedSleep(maxRetries=15, sleepTime=1000 MILLISECONDS)
2022-01-18 05:35:30,882 [EndpointStateMachine task thread for /0.0.0.0:34205 - 0 ] INFO  ipc.Client (Client.java:handleConnectionFailure(977)) - Retrying connect to server: 0.0.0.0/0.0.0.0:34205. Already tried 2 time(s); retry policy is RetryUpToMaximumCountWithFixedSleep(maxRetries=15, sleepTime=1000 MILLISECONDS)
2022-01-18 05:35:31,483 [grpc-default-executor-1] WARN  server.GrpcLogAppender (LogUtils.java:warn(122)) - 3327475e-62cb-4ee7-945b-6ce10b093b44@group-DB115239E727->67260eab-501e-432c-b67c-83a04ad0151f-AppendLogResponseHandler: Failed appendEntries: org.apache.ratis.thirdparty.io.grpc.StatusRuntimeException: UNAVAILABLE: io exception
2022-01-18 05:35:31,484 [grpc-default-executor-1] WARN  server.GrpcLogAppender (GrpcLogAppender.java:resetClient(110)) - 3327475e-62cb-4ee7-945b-6ce10b093b44@group-DB115239E727->67260eab-501e-432c-b67c-83a04ad0151f-GrpcLogAppender: Leader has not got in touch with Follower 3327475e-62cb-4ee7-945b-6ce10b093b44@group-DB115239E727->67260eab-501e-432c-b67c-83a04ad0151f(c0,m0,n1, attendVote=true, lastRpcSendTime=2509, lastRpcResponseTime=15035) yet, just keep nextIndex unchanged and retry.
2022-01-18 05:35:31,882 [EndpointStateMachine task thread for /0.0.0.0:34205 - 0 ] INFO  ipc.Client (Client.java:handleConnectionFailure(977)) - Retrying connect to server: 0.0.0.0/0.0.0.0:34205. Already tried 3 time(s); retry policy is RetryUpToMaximumCountWithFixedSleep(maxRetries=15, sleepTime=1000 MILLISECONDS)
2022-01-18 05:35:32,883 [EndpointStateMachine task thread for /0.0.0.0:34205 - 0 ] INFO  ipc.Client (Client.java:handleConnectionFailure(977)) - Retrying connect to server: 0.0.0.0/0.0.0.0:34205. Already tried 4 time(s); retry policy is RetryUpToMaximumCountWithFixedSleep(maxRetries=15, sleepTime=1000 MILLISECONDS)
2022-01-18 05:35:33,884 [EndpointStateMachine task thread for /0.0.0.0:34205 - 0 ] INFO  ipc.Client (Client.java:handleConnectionFailure(977)) - Retrying connect to server: 0.0.0.0/0.0.0.0:34205. Already tried 5 time(s); retry policy is RetryUpToMaximumCountWithFixedSleep(maxRetries=15, sleepTime=1000 MILLISECONDS)
2022-01-18 05:35:33,988 [grpc-default-executor-1] WARN  server.GrpcLogAppender (LogUtils.java:warn(122)) - 3327475e-62cb-4ee7-945b-6ce10b093b44@group-DB115239E727->67260eab-501e-432c-b67c-83a04ad0151f-AppendLogResponseHandler: Failed appendEntries: org.apache.ratis.thirdparty.io.grpc.StatusRuntimeException: UNAVAILABLE: io exception
2022-01-18 05:35:33,988 [grpc-default-executor-1] WARN  server.GrpcLogAppender (GrpcLogAppender.java:resetClient(110)) - 3327475e-62cb-4ee7-945b-6ce10b093b44@group-DB115239E727->67260eab-501e-432c-b67c-83a04ad0151f-GrpcLogAppender: Leader has not got in touch with Follower 3327475e-62cb-4ee7-945b-6ce10b093b44@group-DB115239E727->67260eab-501e-432c-b67c-83a04ad0151f(c0,m0,n1, attendVote=true, lastRpcSendTime=0, lastRpcResponseTime=17540) yet, just keep nextIndex unchanged and retry.
2022-01-18 05:35:34,885 [EndpointStateMachine task thread for /0.0.0.0:34205 - 0 ] INFO  ipc.Client (Client.java:handleConnectionFailure(977)) - Retrying connect to server: 0.0.0.0/0.0.0.0:34205. Already tried 6 time(s); retry policy is RetryUpToMaximumCountWithFixedSleep(maxRetries=15, sleepTime=1000 MILLISECONDS)
2022-01-18 05:35:35,888 [EndpointStateMachine task thread for /0.0.0.0:34205 - 0 ] INFO  ipc.Client (Client.java:handleConnectionFailure(977)) - Retrying connect to server: 0.0.0.0/0.0.0.0:34205. Already tried 7 time(s); retry policy is RetryUpToMaximumCountWithFixedSleep(maxRetries=15, sleepTime=1000 MILLISECONDS)
2022-01-18 05:35:36,370 [Datanode State Machine Daemon Thread] ERROR datanode.RunningDatanodeState (RunningDatanodeState.java:computeNextContainerState(199)) - Error in executing end point task.
java.util.concurrent.ExecutionException: java.util.concurrent.TimeoutException
	at java.util.concurrent.FutureTask.report(FutureTask.java:122)
	at java.util.concurrent.FutureTask.get(FutureTask.java:192)
	at org.apache.hadoop.ozone.container.common.states.datanode.RunningDatanodeState.computeNextContainerState(RunningDatanodeState.java:191)
	at org.apache.hadoop.ozone.container.common.states.datanode.RunningDatanodeState.await(RunningDatanodeState.java:231)
	at org.apache.hadoop.ozone.container.common.states.datanode.RunningDatanodeState.await(RunningDatanodeState.java:50)
	at org.apache.hadoop.ozone.container.common.statemachine.StateContext.execute(StateContext.java:633)
	at org.apache.hadoop.ozone.container.common.statemachine.DatanodeStateMachine.start(DatanodeStateMachine.java:283)
	at org.apache.hadoop.ozone.container.common.statemachine.DatanodeStateMachine.lambda$startDaemon$0(DatanodeStateMachine.java:471)
	at java.lang.Thread.run(Thread.java:748)
Caused by: java.util.concurrent.TimeoutException
	at java.util.concurrent.FutureTask.get(FutureTask.java:205)
	at org.apache.hadoop.ozone.container.common.states.datanode.RunningDatanodeState.lambda$execute$0(RunningDatanodeState.java:149)
	at java.util.concurrent.FutureTask.run(FutureTask.java:266)
	at java.util.concurrent.Executors$RunnableAdapter.call(Executors.java:511)
	at java.util.concurrent.FutureTask.run(FutureTask.java:266)
	at java.util.concurrent.ThreadPoolExecutor.runWorker(ThreadPoolExecutor.java:1149)
	at java.util.concurrent.ThreadPoolExecutor$Worker.run(ThreadPoolExecutor.java:624)
	... 1 more
2022-01-18 05:35:36,499 [grpc-default-executor-1] WARN  server.GrpcLogAppender (LogUtils.java:warn(122)) - 3327475e-62cb-4ee7-945b-6ce10b093b44@group-DB115239E727->67260eab-501e-432c-b67c-83a04ad0151f-AppendLogResponseHandler: Failed appendEntries: org.apache.ratis.thirdparty.io.grpc.StatusRuntimeException: UNAVAILABLE: io exception
2022-01-18 05:35:36,500 [grpc-default-executor-1] WARN  server.GrpcLogAppender (GrpcLogAppender.java:resetClient(110)) - 3327475e-62cb-4ee7-945b-6ce10b093b44@group-DB115239E727->67260eab-501e-432c-b67c-83a04ad0151f-GrpcLogAppender: Leader has not got in touch with Follower 3327475e-62cb-4ee7-945b-6ce10b093b44@group-DB115239E727->67260eab-501e-432c-b67c-83a04ad0151f(c0,m0,n1, attendVote=true, lastRpcSendTime=0, lastRpcResponseTime=20051) yet, just keep nextIndex unchanged and retry.
2022-01-18 05:35:36,889 [EndpointStateMachine task thread for /0.0.0.0:34205 - 0 ] INFO  ipc.Client (Client.java:handleConnectionFailure(977)) - Retrying connect to server: 0.0.0.0/0.0.0.0:34205. Already tried 8 time(s); retry policy is RetryUpToMaximumCountWithFixedSleep(maxRetries=15, sleepTime=1000 MILLISECONDS)
2022-01-18 05:35:37,889 [EndpointStateMachine task thread for /0.0.0.0:34205 - 0 ] INFO  ipc.Client (Client.java:handleConnectionFailure(977)) - Retrying connect to server: 0.0.0.0/0.0.0.0:34205. Already tried 9 time(s); retry policy is RetryUpToMaximumCountWithFixedSleep(maxRetries=15, sleepTime=1000 MILLISECONDS)
2022-01-18 05:35:38,890 [EndpointStateMachine task thread for /0.0.0.0:34205 - 0 ] INFO  ipc.Client (Client.java:handleConnectionFailure(977)) - Retrying connect to server: 0.0.0.0/0.0.0.0:34205. Already tried 10 time(s); retry policy is RetryUpToMaximumCountWithFixedSleep(maxRetries=15, sleepTime=1000 MILLISECONDS)
2022-01-18 05:35:39,000 [grpc-default-executor-1] WARN  server.GrpcLogAppender (LogUtils.java:warn(122)) - 3327475e-62cb-4ee7-945b-6ce10b093b44@group-DB115239E727->67260eab-501e-432c-b67c-83a04ad0151f-AppendLogResponseHandler: Failed appendEntries: org.apache.ratis.thirdparty.io.grpc.StatusRuntimeException: UNAVAILABLE: io exception
2022-01-18 05:35:39,001 [grpc-default-executor-1] WARN  server.GrpcLogAppender (GrpcLogAppender.java:resetClient(110)) - 3327475e-62cb-4ee7-945b-6ce10b093b44@group-DB115239E727->67260eab-501e-432c-b67c-83a04ad0151f-GrpcLogAppender: Leader has not got in touch with Follower 3327475e-62cb-4ee7-945b-6ce10b093b44@group-DB115239E727->67260eab-501e-432c-b67c-83a04ad0151f(c0,m0,n1, attendVote=true, lastRpcSendTime=0, lastRpcResponseTime=22552) yet, just keep nextIndex unchanged and retry.
2022-01-18 05:35:39,891 [EndpointStateMachine task thread for /0.0.0.0:34205 - 0 ] INFO  ipc.Client (Client.java:handleConnectionFailure(977)) - Retrying connect to server: 0.0.0.0/0.0.0.0:34205. Already tried 11 time(s); retry policy is RetryUpToMaximumCountWithFixedSleep(maxRetries=15, sleepTime=1000 MILLISECONDS)
2022-01-18 05:35:40,892 [EndpointStateMachine task thread for /0.0.0.0:34205 - 0 ] INFO  ipc.Client (Client.java:handleConnectionFailure(977)) - Retrying connect to server: 0.0.0.0/0.0.0.0:34205. Already tried 12 time(s); retry policy is RetryUpToMaximumCountWithFixedSleep(maxRetries=15, sleepTime=1000 MILLISECONDS)
2022-01-18 05:35:41,502 [grpc-default-executor-1] WARN  server.GrpcLogAppender (LogUtils.java:warn(122)) - 3327475e-62cb-4ee7-945b-6ce10b093b44@group-DB115239E727->67260eab-501e-432c-b67c-83a04ad0151f-AppendLogResponseHandler: Failed appendEntries: org.apache.ratis.thirdparty.io.grpc.StatusRuntimeException: UNAVAILABLE: io exception
2022-01-18 05:35:41,503 [grpc-default-executor-1] WARN  server.GrpcLogAppender (GrpcLogAppender.java:resetClient(110)) - 3327475e-62cb-4ee7-945b-6ce10b093b44@group-DB115239E727->67260eab-501e-432c-b67c-83a04ad0151f-GrpcLogAppender: Leader has not got in touch with Follower 3327475e-62cb-4ee7-945b-6ce10b093b44@group-DB115239E727->67260eab-501e-432c-b67c-83a04ad0151f(c0,m0,n1, attendVote=true, lastRpcSendTime=2502, lastRpcResponseTime=25054) yet, just keep nextIndex unchanged and retry.
2022-01-18 05:35:41,894 [EndpointStateMachine task thread for /0.0.0.0:34205 - 0 ] INFO  ipc.Client (Client.java:handleConnectionFailure(977)) - Retrying connect to server: 0.0.0.0/0.0.0.0:34205. Already tried 13 time(s); retry policy is RetryUpToMaximumCountWithFixedSleep(maxRetries=15, sleepTime=1000 MILLISECONDS)
2022-01-18 05:35:42,895 [EndpointStateMachine task thread for /0.0.0.0:34205 - 0 ] INFO  ipc.Client (Client.java:handleConnectionFailure(977)) - Retrying connect to server: 0.0.0.0/0.0.0.0:34205. Already tried 14 time(s); retry policy is RetryUpToMaximumCountWithFixedSleep(maxRetries=15, sleepTime=1000 MILLISECONDS)
2022-01-18 05:35:42,896 [EndpointStateMachine task thread for /0.0.0.0:34205 - 0 ] WARN  statemachine.EndpointStateMachine (EndpointStateMachine.java:logIfNeeded(236)) - Unable to communicate to SCM server at 0.0.0.0:34205 for past 0 seconds.
java.net.ConnectException: Your endpoint configuration is wrong; For more details see:  http://wiki.apache.org/hadoop/UnsetHostnameOrPort
	at sun.reflect.NativeConstructorAccessorImpl.newInstance0(Native Method)
	at sun.reflect.NativeConstructorAccessorImpl.newInstance(NativeConstructorAccessorImpl.java:62)
	at sun.reflect.DelegatingConstructorAccessorImpl.newInstance(DelegatingConstructorAccessorImpl.java:45)
	at java.lang.reflect.Constructor.newInstance(Constructor.java:423)
	at org.apache.hadoop.net.NetUtils.wrapWithMessage(NetUtils.java:913)
	at org.apache.hadoop.net.NetUtils.wrapException(NetUtils.java:824)
	at org.apache.hadoop.ipc.Client.getRpcResponse(Client.java:1577)
	at org.apache.hadoop.ipc.Client.call(Client.java:1519)
	at org.apache.hadoop.ipc.Client.call(Client.java:1416)
	at org.apache.hadoop.ipc.ProtobufRpcEngine$Invoker.invoke(ProtobufRpcEngine.java:236)
	at org.apache.hadoop.ipc.ProtobufRpcEngine$Invoker.invoke(ProtobufRpcEngine.java:123)
	at com.sun.proxy.$Proxy49.submitRequest(Unknown Source)
	at org.apache.hadoop.ozone.protocolPB.StorageContainerDatanodeProtocolClientSideTranslatorPB.submitRequest(StorageContainerDatanodeProtocolClientSideTranslatorPB.java:117)
	at org.apache.hadoop.ozone.protocolPB.StorageContainerDatanodeProtocolClientSideTranslatorPB.getVersion(StorageContainerDatanodeProtocolClientSideTranslatorPB.java:133)
	at org.apache.hadoop.ozone.container.common.states.endpoint.VersionEndpointTask.call(VersionEndpointTask.java:71)
	at org.apache.hadoop.ozone.container.common.states.endpoint.VersionEndpointTask.call(VersionEndpointTask.java:42)
	at java.util.concurrent.FutureTask.run(FutureTask.java:266)
	at java.util.concurrent.ThreadPoolExecutor.runWorker(ThreadPoolExecutor.java:1149)
	at java.util.concurrent.ThreadPoolExecutor$Worker.run(ThreadPoolExecutor.java:624)
	at java.lang.Thread.run(Thread.java:748)
Caused by: java.net.ConnectException: Connection refused
	at sun.nio.ch.SocketChannelImpl.checkConnect(Native Method)
	at sun.nio.ch.SocketChannelImpl.finishConnect(SocketChannelImpl.java:716)
	at org.apache.hadoop.net.SocketIOWithTimeout.connect(SocketIOWithTimeout.java:206)
	at org.apache.hadoop.net.NetUtils.connect(NetUtils.java:586)
	at org.apache.hadoop.ipc.Client$Connection.setupConnection(Client.java:701)
	at org.apache.hadoop.ipc.Client$Connection.setupIOstreams(Client.java:822)
	at org.apache.hadoop.ipc.Client$Connection.access$3800(Client.java:414)
	at org.apache.hadoop.ipc.Client.getConnection(Client.java:1647)
	at org.apache.hadoop.ipc.Client.call(Client.java:1463)
	... 12 more
2022-01-18 05:35:43,340 [Listener at 127.0.0.1/37357] INFO  ozone.MiniOzoneClusterImpl (MiniOzoneClusterImpl.java:restartStorageContainerManager(345)) - Restarting SCM in cluster class org.apache.hadoop.ozone.MiniOzoneClusterImpl
2022-01-18 05:35:43,340 [Listener at 127.0.0.1/37357] INFO  server.StorageContainerManager (StorageContainerManager.java:stop(1390)) - Stopping Container Balancer service.
2022-01-18 05:35:43,340 [Listener at 127.0.0.1/37357] INFO  balancer.ContainerBalancer (ContainerBalancer.java:stop(751)) - Container Balancer is not running.
2022-01-18 05:35:43,340 [Listener at 127.0.0.1/37357] INFO  server.StorageContainerManager (StorageContainerManager.java:stop(1397)) - Stopping Replication Manager Service.
2022-01-18 05:35:43,340 [Listener at 127.0.0.1/37357] INFO  container.ReplicationManager (ReplicationManager.java:stop(364)) - Replication Monitor Thread is not running.
2022-01-18 05:35:43,340 [Listener at 127.0.0.1/37357] INFO  server.StorageContainerManager (StorageContainerManager.java:stop(1404)) - Stopping the Datanode Admin Monitor.
2022-01-18 05:35:43,340 [Listener at 127.0.0.1/37357] INFO  server.StorageContainerManager (StorageContainerManager.java:stop(1411)) - Stopping Lease Manager of the command watchers
2022-01-18 05:35:43,340 [Listener at 127.0.0.1/37357] ERROR server.StorageContainerManager (StorageContainerManager.java:stop(1414)) - Lease Manager of the command watchers stop failed
2022-01-18 05:35:43,340 [Listener at 127.0.0.1/37357] INFO  server.StorageContainerManager (StorageContainerManager.java:stop(1418)) - Stopping datanode service RPC server
2022-01-18 05:35:43,340 [Listener at 127.0.0.1/37357] INFO  server.SCMDatanodeProtocolServer (SCMDatanodeProtocolServer.java:stop(390)) - Stopping the RPC server for DataNodes
2022-01-18 05:35:43,340 [Listener at 127.0.0.1/37357] INFO  ipc.Server (Server.java:stop(3414)) - Stopping server on 34205
2022-01-18 05:35:43,341 [Listener at 127.0.0.1/37357] INFO  server.StorageContainerManager (StorageContainerManager.java:stop(1426)) - Stopping block service RPC server
2022-01-18 05:35:43,341 [Listener at 127.0.0.1/37357] INFO  server.SCMBlockProtocolServer (SCMBlockProtocolServer.java:stop(160)) - Stopping the RPC server for Block Protocol
2022-01-18 05:35:43,341 [Listener at 127.0.0.1/37357] INFO  ipc.Server (Server.java:stop(3414)) - Stopping server on 33761
2022-01-18 05:35:43,341 [Listener at 127.0.0.1/37357] INFO  server.StorageContainerManager (StorageContainerManager.java:stop(1433)) - Stopping the StorageContainerLocationProtocol RPC server
2022-01-18 05:35:43,341 [Listener at 127.0.0.1/37357] INFO  server.SCMClientProtocolServer (SCMClientProtocolServer.java:stop(173)) - Stopping the RPC server for Client Protocol
2022-01-18 05:35:43,341 [Listener at 127.0.0.1/37357] INFO  ipc.Server (Server.java:stop(3414)) - Stopping server on 39273
2022-01-18 05:35:43,341 [Listener at 127.0.0.1/37357] INFO  server.StorageContainerManager (StorageContainerManager.java:stop(1440)) - Stopping Storage Container Manager HTTP server.
2022-01-18 05:35:43,341 [Listener at 127.0.0.1/37357] INFO  server.StorageContainerManager (StorageContainerManager.java:stop(1451)) - Stopping Block Manager Service.
2022-01-18 05:35:43,341 [Listener at 127.0.0.1/37357] INFO  utils.BackgroundService (BackgroundService.java:shutdown(132)) - Shutting down service SCMBlockDeletingService
2022-01-18 05:35:43,341 [Listener at 127.0.0.1/37357] INFO  utils.BackgroundService (BackgroundService.java:shutdown(132)) - Shutting down service SCMBlockDeletingService
2022-01-18 05:35:43,341 [Listener at 127.0.0.1/37357] INFO  server.StorageContainerManager (StorageContainerManager.java:stop(1478)) - Stopping SCM Event Queue.
2022-01-18 05:35:43,341 [Listener at 127.0.0.1/37357] INFO  server.StorageContainerManager (StorageContainerManager.java:stop(1489)) - Stopping SCM HA services.
2022-01-18 05:35:43,341 [Listener at 127.0.0.1/37357] INFO  ha.SCMRatisServerImpl (SCMRatisServerImpl.java:stop(236)) - stopping ratis server 0.0.0.0:9894
2022-01-18 05:35:43,341 [Listener at 127.0.0.1/37357] WARN  pipeline.BackgroundPipelineCreator (BackgroundPipelineCreator.java:stop(154)) - RatisPipelineUtilsThread is not running, just ignore.
2022-01-18 05:35:43,341 [Listener at 127.0.0.1/37357] INFO  server.StorageContainerManager (StorageContainerManager.java:stop(1499)) - Stopping SCM MetadataStore.
2022-01-18 05:35:43,342 [Listener at 127.0.0.1/37357] INFO  impl.MetricsSystemImpl (MetricsSystemImpl.java:stop(210)) - Stopping HddsDatanode metrics system...
2022-01-18 05:35:43,370 [prometheus] INFO  impl.MetricsSinkAdapter (MetricsSinkAdapter.java:publishMetricsFromQueue(141)) - prometheus thread interrupted.
2022-01-18 05:35:43,370 [Listener at 127.0.0.1/37357] INFO  impl.MetricsSystemImpl (MetricsSystemImpl.java:stop(216)) - HddsDatanode metrics system stopped.
2022-01-18 05:35:43,371 [Listener at 127.0.0.1/37357] INFO  ha.SCMHANodeDetails (SCMHANodeDetails.java:loadSCMHAConfig(157)) - ServiceID for StorageContainerManager is null
2022-01-18 05:35:43,371 [Listener at 127.0.0.1/37357] INFO  ha.SCMHANodeDetails (SCMHANodeDetails.java:loadSCMHAConfig(162)) - ozone.scm.default.service.id is not defined, falling back to ozone.scm.service.ids to find serviceID for StorageContainerManager if it is HA enabled cluster
2022-01-18 05:35:43,371 [Listener at 127.0.0.1/37357] WARN  server.ServerUtils (ServerUtils.java:getScmDbDir(148)) - ozone.scm.db.dirs is not configured. We recommend adding this setting. Falling back to ozone.metadata.dirs instead.
2022-01-18 05:35:43,372 [Listener at 127.0.0.1/37357] INFO  upgrade.AbstractLayoutVersionManager (AbstractLayoutVersionManager.java:init(79)) - Initializing Layout version manager with metadata layout = SCM_HA (version = 2), software layout = SCM_HA (version = 2)
2022-01-18 05:35:43,507 [Listener at 127.0.0.1/37357] INFO  reflections.Reflections (Reflections.java:scan(232)) - Reflections took 134 ms to scan 7 urls, producing 119 keys and 279 values 
2022-01-18 05:35:43,508 [Listener at 127.0.0.1/37357] WARN  utils.HAUtils (HAUtils.java:getMetaDir(342)) - ozone.scm.db.dirs is not configured. We recommend adding this setting. Falling back to ozone.metadata.dirs instead.
2022-01-18 05:35:43,517 [Listener at 127.0.0.1/37357] WARN  db.DBStoreBuilder (DBStoreBuilder.java:applyDBDefinition(145)) - ozone.scm.db.dirs is not configured. We recommend adding this setting. Falling back to ozone.metadata.dirs instead.
2022-01-18 05:35:43,676 [Listener at 127.0.0.1/37357] INFO  net.NodeSchemaLoader (NodeSchemaLoader.java:loadSchemaFromFile(129)) - Loading schema from [jar:file:/home/runner/.m2/repository/org/apache/ozone/hdds-common/1.3.0-SNAPSHOT/hdds-common-1.3.0-SNAPSHOT.jar!/network-topology-default.xml]
2022-01-18 05:35:43,676 [Listener at 127.0.0.1/37357] INFO  net.NodeSchemaLoader (NodeSchemaLoader.java:loadSchema(176)) - Loading network topology layer schema file
2022-01-18 05:35:43,681 [Listener at 127.0.0.1/37357] WARN  impl.MetricRegistriesImpl (MetricRegistriesImpl.java:addReporterRegistration(111)) - New reporters are added after registries were created. Some metrics will be missing from the reporter. Please add reporter before adding any new registry.
2022-01-18 05:35:43,682 [Listener at 127.0.0.1/37357] WARN  impl.MetricRegistriesImpl (MetricRegistriesImpl.java:addReporterRegistration(111)) - New reporters are added after registries were created. Some metrics will be missing from the reporter. Please add reporter before adding any new registry.
2022-01-18 05:35:43,683 [Listener at 127.0.0.1/37357] INFO  ha.SCMRatisServerImpl (SCMRatisServerImpl.java:<init>(87)) - starting Raft server for scm:c5b8eab1-b612-476d-b44f-3a1e5cc4ac80
2022-01-18 05:35:43,683 [Listener at 127.0.0.1/37357] INFO  server.RaftServer (ConfUtils.java:logGet(44)) - raft.rpc.type = GRPC (default)
2022-01-18 05:35:43,683 [Listener at 127.0.0.1/37357] INFO  grpc.GrpcFactory (GrpcFactory.java:checkPooledByteBufAllocatorUseCacheForAllThreads(48)) - PERFORMANCE WARNING: useCacheForAllThreads is true that may cause Netty to create a lot garbage objects and, as a result, trigger GC.
	It is recommended to disable useCacheForAllThreads by setting -Dorg.apache.ratis.thirdparty.io.netty.allocator.useCacheForAllThreads=false in command line.
2022-01-18 05:35:43,683 [Listener at 127.0.0.1/37357] INFO  grpc.GrpcConfigKeys (ConfUtils.java:logGet(44)) - raft.grpc.admin.port = -1 (default)
2022-01-18 05:35:43,683 [Listener at 127.0.0.1/37357] INFO  grpc.GrpcConfigKeys (ConfUtils.java:logGet(44)) - raft.grpc.server.port = 9894 (custom)
2022-01-18 05:35:43,684 [Listener at 127.0.0.1/37357] INFO  grpc.GrpcConfigKeys (ConfUtils.java:logGet(44)) - raft.grpc.client.port = -1 (default)
2022-01-18 05:35:43,684 [Listener at 127.0.0.1/37357] INFO  grpc.GrpcConfigKeys (ConfUtils.java:logGet(44)) - raft.grpc.server.port = 9894 (custom)
2022-01-18 05:35:43,684 [Listener at 127.0.0.1/37357] INFO  grpc.GrpcConfigKeys (ConfUtils.java:logGet(44)) - raft.grpc.server.port = 9894 (custom)
2022-01-18 05:35:43,684 [Listener at 127.0.0.1/37357] INFO  server.GrpcService (ConfUtils.java:logGet(44)) - raft.grpc.message.size.max = 32m (=33554432) (custom)
2022-01-18 05:35:43,684 [Listener at 127.0.0.1/37357] INFO  server.RaftServerConfigKeys (ConfUtils.java:logGet(44)) - raft.server.log.appender.buffer.byte-limit = 33554432 (custom)
2022-01-18 05:35:43,684 [Listener at 127.0.0.1/37357] INFO  server.GrpcService (ConfUtils.java:logGet(44)) - raft.grpc.flow.control.window = 1MB (=1048576) (default)
2022-01-18 05:35:43,684 [Listener at 127.0.0.1/37357] INFO  server.RaftServerConfigKeys (ConfUtils.java:logGet(44)) - raft.server.rpc.request.timeout = 30000ms (custom)
2022-01-18 05:35:43,685 [Listener at 127.0.0.1/37357] INFO  impl.DataStreamServerImpl (ConfUtils.java:logGet(44)) - raft.datastream.type = DISABLED (default)
2022-01-18 05:35:43,685 [Listener at 127.0.0.1/37357] INFO  server.RaftServerConfigKeys (ConfUtils.java:logGet(44)) - raft.server.rpc.slowness.timeout = 120000ms (custom)
2022-01-18 05:35:43,685 [Listener at 127.0.0.1/37357] INFO  server.RaftServerConfigKeys (ConfUtils.java:logGet(44)) - raft.server.leaderelection.leader.step-down.wait-time = 10s (default)
2022-01-18 05:35:43,685 [Listener at 127.0.0.1/37357] INFO  server.RaftServerConfigKeys (ConfUtils.java:logGet(44)) - raft.server.storage.dir = [/home/runner/work/ozone/ozone/hadoop-ozone/integration-test/target/test-dir/MiniOzoneClusterImpl-cb7c1fcf-6298-49a9-b20a-40b206c3d36e/ozone-meta/scm-ha] (custom)
2022-01-18 05:35:43,686 [Listener at 127.0.0.1/37357] INFO  server.RaftServer (RaftServerProxy.java:lambda$null$1(235)) - c5b8eab1-b612-476d-b44f-3a1e5cc4ac80: found a subdirectory /home/runner/work/ozone/ozone/hadoop-ozone/integration-test/target/test-dir/MiniOzoneClusterImpl-cb7c1fcf-6298-49a9-b20a-40b206c3d36e/ozone-meta/scm-ha/cb7c1fcf-6298-49a9-b20a-40b206c3d36e
2022-01-18 05:35:43,686 [Listener at 127.0.0.1/37357] INFO  server.RaftServer (RaftServerProxy.java:addNew(95)) - c5b8eab1-b612-476d-b44f-3a1e5cc4ac80: addNew group-40B206C3D36E:[] returns group-40B206C3D36E:java.util.concurrent.CompletableFuture@6369f528[Not completed]
2022-01-18 05:35:43,686 [pool-333-thread-1] INFO  ha.SCMStateMachine (SCMStateMachine.java:<init>(97)) - Updated lastAppliedTermIndex 2#18 with transactionInfo term andIndex
2022-01-18 05:35:43,686 [pool-333-thread-1] INFO  server.RaftServer$Division (RaftServerImpl.java:<init>(184)) - c5b8eab1-b612-476d-b44f-3a1e5cc4ac80: new RaftServerImpl for group-40B206C3D36E:[] with SCMStateMachine:uninitialized
2022-01-18 05:35:43,703 [pool-333-thread-1] INFO  server.RaftServerConfigKeys (ConfUtils.java:logGet(44)) - raft.server.rpc.timeout.min = 5000ms (custom)
2022-01-18 05:35:43,703 [pool-333-thread-1] INFO  server.RaftServerConfigKeys (ConfUtils.java:logGet(44)) - raft.server.rpc.timeout.max = 5200ms (custom)
2022-01-18 05:35:43,703 [pool-333-thread-1] INFO  server.RaftServerConfigKeys (ConfUtils.java:logGet(44)) - raft.server.rpc.sleep.time = 25ms (default)
2022-01-18 05:35:43,703 [pool-333-thread-1] INFO  server.RaftServerConfigKeys (ConfUtils.java:logGet(44)) - raft.server.rpc.slowness.timeout = 120000ms (custom)
2022-01-18 05:35:43,703 [pool-333-thread-1] INFO  server.RaftServerConfigKeys (ConfUtils.java:logGet(44)) - raft.server.leaderelection.leader.step-down.wait-time = 10s (default)
2022-01-18 05:35:43,703 [pool-333-thread-1] INFO  server.RaftServerConfigKeys (ConfUtils.java:logGet(44)) - raft.server.sleep.deviation.threshold = 300ms (default)
2022-01-18 05:35:43,703 [pool-333-thread-1] INFO  server.RaftServerConfigKeys (ConfUtils.java:logGet(44)) - raft.server.log.appender.install.snapshot.enabled = false (custom)
2022-01-18 05:35:43,703 [pool-333-thread-1] INFO  server.RaftServer$Division (ServerState.java:<init>(105)) - c5b8eab1-b612-476d-b44f-3a1e5cc4ac80@group-40B206C3D36E: ConfigurationManager, init=-1: [], old=null, confs=<EMPTY_MAP>
2022-01-18 05:35:43,703 [pool-333-thread-1] INFO  server.RaftServerConfigKeys (ConfUtils.java:logGet(44)) - raft.server.storage.dir = [/home/runner/work/ozone/ozone/hadoop-ozone/integration-test/target/test-dir/MiniOzoneClusterImpl-cb7c1fcf-6298-49a9-b20a-40b206c3d36e/ozone-meta/scm-ha] (custom)
2022-01-18 05:35:43,703 [pool-333-thread-1] INFO  server.RaftServerConfigKeys (ConfUtils.java:logGet(44)) - raft.server.log.corruption.policy = EXCEPTION (default)
2022-01-18 05:35:43,703 [pool-333-thread-1] INFO  server.RaftServerConfigKeys (ConfUtils.java:logGet(44)) - raft.server.storage.free-space.min = 0MB (=0) (default)
2022-01-18 05:35:43,705 [pool-333-thread-1] INFO  storage.RaftStorageDirectory (RaftStorageDirectoryImpl.java:tryLock(230)) - Lock on /home/runner/work/ozone/ozone/hadoop-ozone/integration-test/target/test-dir/MiniOzoneClusterImpl-cb7c1fcf-6298-49a9-b20a-40b206c3d36e/ozone-meta/scm-ha/cb7c1fcf-6298-49a9-b20a-40b206c3d36e/in_use.lock acquired by nodename 21336@fv-az294-84
2022-01-18 05:35:43,705 [pool-333-thread-1] INFO  storage.RaftStorage (RaftStorageImpl.java:analyzeAndRecoverStorage(110)) - Read RaftStorageMetadata{term=2, votedFor=c5b8eab1-b612-476d-b44f-3a1e5cc4ac80} from /home/runner/work/ozone/ozone/hadoop-ozone/integration-test/target/test-dir/MiniOzoneClusterImpl-cb7c1fcf-6298-49a9-b20a-40b206c3d36e/ozone-meta/scm-ha/cb7c1fcf-6298-49a9-b20a-40b206c3d36e/current/raft-meta
2022-01-18 05:35:43,705 [pool-333-thread-1] INFO  server.RaftServer$Division (ServerState.java:setRaftConf(387)) - c5b8eab1-b612-476d-b44f-3a1e5cc4ac80@group-40B206C3D36E: set configuration 1: [c5b8eab1-b612-476d-b44f-3a1e5cc4ac80|rpc:fv-az294-84:9894|admin:|client:|dataStream:|priority:0], old=null
2022-01-18 05:35:43,705 [pool-333-thread-1] INFO  server.RaftServerConfigKeys (ConfUtils.java:logGet(44)) - raft.server.notification.no-leader.timeout = 60s (default)
2022-01-18 05:35:43,705 [pool-333-thread-1] INFO  server.RaftServerConfigKeys (ConfUtils.java:logGet(44)) - raft.server.log.use.memory = false (default)
2022-01-18 05:35:43,705 [pool-333-thread-1] INFO  server.RaftServerConfigKeys (ConfUtils.java:logGet(44)) - raft.server.log.purge.gap = 1000000 (custom)
2022-01-18 05:35:43,706 [pool-333-thread-1] INFO  server.RaftServerConfigKeys (ConfUtils.java:logGet(44)) - raft.server.log.appender.buffer.byte-limit = 33554432 (custom)
2022-01-18 05:35:43,706 [pool-333-thread-1] INFO  server.RaftServerConfigKeys (ConfUtils.java:logGet(44)) - raft.server.log.segment.size.max = 4194304 (custom)
2022-01-18 05:35:43,706 [pool-333-thread-1] INFO  server.RaftServerConfigKeys (ConfUtils.java:logGet(44)) - raft.server.log.segment.cache.num.max = 2 (custom)
2022-01-18 05:35:43,706 [pool-333-thread-1] INFO  server.RaftServerConfigKeys (ConfUtils.java:logGet(44)) - raft.server.log.segment.cache.size.max = 200MB (=209715200) (default)
2022-01-18 05:35:43,706 [pool-333-thread-1] INFO  segmented.SegmentedRaftLogWorker (SegmentedRaftLogWorker.java:<init>(182)) - new c5b8eab1-b612-476d-b44f-3a1e5cc4ac80@group-40B206C3D36E-SegmentedRaftLogWorker for RaftStorageImpl:Storage Directory /home/runner/work/ozone/ozone/hadoop-ozone/integration-test/target/test-dir/MiniOzoneClusterImpl-cb7c1fcf-6298-49a9-b20a-40b206c3d36e/ozone-meta/scm-ha/cb7c1fcf-6298-49a9-b20a-40b206c3d36e
2022-01-18 05:35:43,706 [pool-333-thread-1] INFO  server.RaftServerConfigKeys (ConfUtils.java:logGet(44)) - raft.server.log.queue.byte-limit = 64MB (=67108864) (default)
2022-01-18 05:35:43,706 [pool-333-thread-1] INFO  server.RaftServerConfigKeys (ConfUtils.java:logGet(44)) - raft.server.log.queue.element-limit = 4096 (default)
2022-01-18 05:35:43,706 [pool-333-thread-1] INFO  server.RaftServerConfigKeys (ConfUtils.java:logGet(44)) - raft.server.log.segment.size.max = 4194304 (custom)
2022-01-18 05:35:43,706 [pool-333-thread-1] INFO  server.RaftServerConfigKeys (ConfUtils.java:logGet(44)) - raft.server.log.preallocated.size = 4194304 (custom)
2022-01-18 05:35:43,706 [pool-333-thread-1] INFO  server.RaftServerConfigKeys (ConfUtils.java:logGet(44)) - raft.server.log.force.sync.num = 128 (default)
2022-01-18 05:35:43,706 [pool-333-thread-1] INFO  server.RaftServerConfigKeys (ConfUtils.java:logGet(44)) - raft.server.log.statemachine.data.sync = true (default)
2022-01-18 05:35:43,706 [pool-333-thread-1] INFO  server.RaftServerConfigKeys (ConfUtils.java:logGet(44)) - raft.server.log.statemachine.data.sync.timeout = 10s (default)
2022-01-18 05:35:43,706 [pool-333-thread-1] INFO  server.RaftServerConfigKeys (ConfUtils.java:logGet(44)) - raft.server.log.statemachine.data.sync.timeout.retry = -1 (default)
2022-01-18 05:35:43,707 [pool-333-thread-1] INFO  server.RaftServerConfigKeys (ConfUtils.java:logGet(44)) - raft.server.log.write.buffer.size = 64KB (=65536) (default)
2022-01-18 05:35:43,707 [pool-333-thread-1] INFO  server.RaftServerConfigKeys (ConfUtils.java:logGet(44)) - raft.server.log.statemachine.data.caching.enabled = false (default)
2022-01-18 05:35:43,709 [pool-333-thread-1] INFO  server.RaftServer$Division (ServerState.java:setRaftConf(387)) - c5b8eab1-b612-476d-b44f-3a1e5cc4ac80@group-40B206C3D36E: set configuration 0: [c5b8eab1-b612-476d-b44f-3a1e5cc4ac80|rpc:fv-az294-84:9894|admin:|client:|dataStream:|priority:0], old=null
2022-01-18 05:35:43,717 [pool-333-thread-1] INFO  segmented.LogSegment (LogSegment.java:loadSegment(173)) - Successfully read 1 entries from segment file /home/runner/work/ozone/ozone/hadoop-ozone/integration-test/target/test-dir/MiniOzoneClusterImpl-cb7c1fcf-6298-49a9-b20a-40b206c3d36e/ozone-meta/scm-ha/cb7c1fcf-6298-49a9-b20a-40b206c3d36e/current/log_0-0
2022-01-18 05:35:43,718 [pool-333-thread-1] INFO  server.RaftServer$Division (ServerState.java:setRaftConf(387)) - c5b8eab1-b612-476d-b44f-3a1e5cc4ac80@group-40B206C3D36E: set configuration 1: [c5b8eab1-b612-476d-b44f-3a1e5cc4ac80|rpc:fv-az294-84:9894|admin:|client:|dataStream:|priority:0], old=null
2022-01-18 05:35:43,722 [pool-333-thread-1] INFO  segmented.LogSegment (LogSegment.java:loadSegment(173)) - Successfully read 18 entries from segment file /home/runner/work/ozone/ozone/hadoop-ozone/integration-test/target/test-dir/MiniOzoneClusterImpl-cb7c1fcf-6298-49a9-b20a-40b206c3d36e/ozone-meta/scm-ha/cb7c1fcf-6298-49a9-b20a-40b206c3d36e/current/log_inprogress_1
2022-01-18 05:35:43,722 [pool-333-thread-1] INFO  segmented.SegmentedRaftLogWorker (SegmentedRaftLogWorker.java:lambda$new$0(133)) - c5b8eab1-b612-476d-b44f-3a1e5cc4ac80@group-40B206C3D36E-SegmentedRaftLogWorker: flushIndex: setUnconditionally 0 -> 18
2022-01-18 05:35:43,722 [pool-333-thread-1] INFO  segmented.SegmentedRaftLogWorker (SegmentedRaftLogWorker.java:lambda$new$0(133)) - c5b8eab1-b612-476d-b44f-3a1e5cc4ac80@group-40B206C3D36E-SegmentedRaftLogWorker: safeCacheEvictIndex: setUnconditionally 0 -> 0
2022-01-18 05:35:43,745 [pool-333-thread-1] INFO  raftlog.RaftLog (RaftLogBase.java:lambda$new$0(53)) - c5b8eab1-b612-476d-b44f-3a1e5cc4ac80@group-40B206C3D36E-SegmentedRaftLog: commitIndex: updateToMax old=18, new=17, updated? false
2022-01-18 05:35:43,745 [pool-333-thread-1] INFO  server.RaftServerConfigKeys (ConfUtils.java:logGet(44)) - raft.server.snapshot.auto.trigger.enabled = true (custom)
2022-01-18 05:35:43,745 [pool-333-thread-1] INFO  server.RaftServerConfigKeys (ConfUtils.java:logGet(44)) - raft.server.snapshot.auto.trigger.threshold = 1000 (custom)
2022-01-18 05:35:43,745 [pool-333-thread-1] INFO  server.RaftServerConfigKeys (ConfUtils.java:logGet(44)) - raft.server.snapshot.retention.file.num = -1 (default)
2022-01-18 05:35:43,745 [pool-333-thread-1] INFO  server.RaftServerConfigKeys (ConfUtils.java:logGet(44)) - raft.server.log.purge.upto.snapshot.index = false (default)
2022-01-18 05:35:43,745 [pool-333-thread-1] INFO  server.RaftServerConfigKeys (ConfUtils.java:logGet(44)) - raft.server.retrycache.expirytime = 60000ms (default)
2022-01-18 05:35:43,745 [pool-333-thread-1] INFO  server.RaftServerConfigKeys (ConfUtils.java:logGet(44)) - raft.server.retrycache.statistics.expirytime = 100μs (default)
2022-01-18 05:35:43,746 [Listener at 127.0.0.1/37357] INFO  ha.SCMSnapshotProvider (SCMSnapshotProvider.java:<init>(66)) - Initializing SCM Snapshot Provider
2022-01-18 05:35:43,747 [Listener at 127.0.0.1/37357] WARN  server.ServerUtils (ServerUtils.java:getDefaultRatisDirectory(237)) - Storage directory for Ratis is not configured. It is a good idea to map this to an SSD disk. Falling back to ozone.metadata.dirs
2022-01-18 05:35:43,747 [Listener at 127.0.0.1/37357] WARN  ha.SCMHAUtils (SCMHAUtils.java:getSCMRatisSnapshotDirectory(146)) - SCM snapshot dir is not configured. Falling back to ozone.metadata.dirs config
2022-01-18 05:35:43,748 [Listener at 127.0.0.1/37357] INFO  ha.SequenceIdGenerator (SequenceIdGenerator.java:<init>(218)) - Init the HA SequenceIdGenerator.
2022-01-18 05:35:43,748 [Listener at 127.0.0.1/37357] WARN  server.ServerUtils (ServerUtils.java:sanitizeUserArgs(73)) - ozone.scm.stale.node.interval value = 300000 is larger than max = 100000 based on the key value of ozone.scm.heartbeat.thread.interval, reset to the max value 100000.
2022-01-18 05:35:43,748 [Listener at 127.0.0.1/37357] WARN  server.ServerUtils (ServerUtils.java:sanitizeUserArgs(73)) - ozone.scm.stale.node.interval value = 300000 is larger than max = 100000 based on the key value of ozone.scm.heartbeat.thread.interval, reset to the max value 100000.
2022-01-18 05:35:43,759 [Listener at 127.0.0.1/37357] INFO  node.SCMNodeManager (SCMNodeManager.java:<init>(144)) - Entering startup safe mode.
2022-01-18 05:35:43,759 [Listener at 127.0.0.1/37357] INFO  algorithms.ContainerPlacementPolicyFactory (ContainerPlacementPolicyFactory.java:getPolicy(60)) - Create container placement policy of type org.apache.hadoop.hdds.scm.container.placement.algorithms.SCMContainerPlacementRandom
2022-01-18 05:35:43,761 [Listener at 127.0.0.1/37357] INFO  algorithms.LeaderChoosePolicyFactory (LeaderChoosePolicyFactory.java:getPolicy(57)) - Create leader choose policy of type org.apache.hadoop.hdds.scm.pipeline.leader.choose.algorithms.MinLeaderCountChoosePolicy
2022-01-18 05:35:43,762 [Listener at 127.0.0.1/37357] INFO  ha.SCMServiceManager (SCMServiceManager.java:register(43)) - Registering service BackgroundPipelineCreator.
2022-01-18 05:35:43,762 [Listener at 127.0.0.1/37357] INFO  pipeline.BackgroundPipelineCreator (BackgroundPipelineCreator.java:start(130)) - Starting RatisPipelineUtilsThread.
2022-01-18 05:35:43,769 [Listener at 127.0.0.1/37357] INFO  algorithms.PipelineChoosePolicyFactory (PipelineChoosePolicyFactory.java:createPipelineChoosePolicyFromClass(73)) - Create pipeline choose policy of type org.apache.hadoop.hdds.scm.pipeline.choose.algorithms.RandomPipelineChoosePolicy
2022-01-18 05:35:43,770 [Listener at 127.0.0.1/37357] INFO  ha.SCMServiceManager (SCMServiceManager.java:register(43)) - Registering service SCMBlockDeletingService.
2022-01-18 05:35:43,770 [Listener at 127.0.0.1/37357] INFO  ha.SCMServiceManager (SCMServiceManager.java:register(43)) - Registering service ReplicationManager.
2022-01-18 05:35:43,770 [Listener at 127.0.0.1/37357] INFO  container.ReplicationManager (ReplicationManager.java:start(326)) - Starting Replication Monitor Thread.
2022-01-18 05:35:43,771 [Listener at 127.0.0.1/37357] INFO  safemode.ContainerSafeModeRule (ContainerSafeModeRule.java:<init>(89)) - containers with one replica threshold count 0
2022-01-18 05:35:43,771 [Listener at 127.0.0.1/37357] INFO  safemode.HealthyPipelineSafeModeRule (HealthyPipelineSafeModeRule.java:initializeRule(156)) - Total pipeline count is 1, healthy pipeline threshold count is 1
2022-01-18 05:35:43,771 [Listener at 127.0.0.1/37357] INFO  safemode.OneReplicaPipelineSafeModeRule (OneReplicaPipelineSafeModeRule.java:initializeRule(180)) - Total pipeline count is 1, pipeline's with at least one datanode reported threshold count is 1
2022-01-18 05:35:43,786 [ReplicationMonitor] INFO  container.ReplicationManager (ReplicationManager.java:processAll(382)) - Replication Monitor Thread took 0 milliseconds for processing 0 containers.
2022-01-18 05:35:43,805 [Listener at 127.0.0.1/37357] INFO  ipc.CallQueueManager (CallQueueManager.java:<init>(90)) - Using callQueue: class java.util.concurrent.LinkedBlockingQueue, queueCapacity: 2000, scheduler: class org.apache.hadoop.ipc.DefaultRpcScheduler, ipcBackoff: false.
2022-01-18 05:35:43,806 [Socket Reader #1 for port 34205] INFO  ipc.Server (Server.java:run(1265)) - Starting Socket Reader #1 for port 34205
2022-01-18 05:35:43,818 [Listener at 0.0.0.0/34205] INFO  ipc.CallQueueManager (CallQueueManager.java:<init>(90)) - Using callQueue: class java.util.concurrent.LinkedBlockingQueue, queueCapacity: 2000, scheduler: class org.apache.hadoop.ipc.DefaultRpcScheduler, ipcBackoff: false.
2022-01-18 05:35:43,825 [Socket Reader #1 for port 33761] INFO  ipc.Server (Server.java:run(1265)) - Starting Socket Reader #1 for port 33761
2022-01-18 05:35:43,834 [Listener at 0.0.0.0/33761] INFO  ipc.CallQueueManager (CallQueueManager.java:<init>(90)) - Using callQueue: class java.util.concurrent.LinkedBlockingQueue, queueCapacity: 2000, scheduler: class org.apache.hadoop.ipc.DefaultRpcScheduler, ipcBackoff: false.
2022-01-18 05:35:43,841 [Socket Reader #1 for port 39273] INFO  ipc.Server (Server.java:run(1265)) - Starting Socket Reader #1 for port 39273
2022-01-18 05:35:43,904 [EndpointStateMachine task thread for /0.0.0.0:34205 - 0 ] INFO  ipc.Client (Client.java:handleConnectionFailure(977)) - Retrying connect to server: 0.0.0.0/0.0.0.0:34205. Already tried 0 time(s); retry policy is RetryUpToMaximumCountWithFixedSleep(maxRetries=15, sleepTime=1000 MILLISECONDS)
2022-01-18 05:35:43,940 [Listener at 0.0.0.0/39273] INFO  algorithms.ContainerPlacementPolicyFactory (ContainerPlacementPolicyFactory.java:getPolicy(60)) - Create container placement policy of type org.apache.hadoop.hdds.scm.container.placement.algorithms.SCMContainerPlacementRandom
2022-01-18 05:35:43,941 [Listener at 0.0.0.0/39273] INFO  server.StorageContainerManager (StorageContainerManager.java:<init>(388)) - 
Container Balancer status:
Key                            Value
Running                        false
Container Balancer Configuration values:
Key                                                Value
Threshold                                          10
Max Datanodes to Involve per Iteration(percent)    20
Max Size to Move per Iteration                     500GB
Max Size Entering Target per Iteration             26GB
Max Size Leaving Source per Iteration              26GB

2022-01-18 05:35:43,941 [Listener at 0.0.0.0/39273] WARN  events.EventQueue (EventQueue.java:fireEvent(194)) - No event handler registered for event TypedEvent{payloadType=SafeModeStatus, name='Safe mode status'}
2022-01-18 05:35:43,941 [Listener at 0.0.0.0/39273] INFO  ha.SCMContext (SCMContext.java:updateSafeModeStatus(211)) - Update SafeModeStatus from SafeModeStatus{safeModeStatus=true, preCheckPassed=false} to SafeModeStatus{safeModeStatus=true, preCheckPassed=false}.
2022-01-18 05:35:43,941 [Listener at 0.0.0.0/39273] INFO  server.StorageContainerManager (StorageContainerManager.java:start(1303)) - StorageContainerLocationProtocol RPC server is listening at /0.0.0.0:39273
2022-01-18 05:35:43,941 [Listener at 0.0.0.0/39273] INFO  ha.SCMRatisServerImpl (SCMRatisServerImpl.java:start(177)) - starting ratis server 0.0.0.0:9894
2022-01-18 05:35:43,943 [Listener at 0.0.0.0/39273] INFO  server.RaftServer$Division (RaftServerImpl.java:start(301)) - c5b8eab1-b612-476d-b44f-3a1e5cc4ac80@group-40B206C3D36E: start as a follower, conf=1: [c5b8eab1-b612-476d-b44f-3a1e5cc4ac80|rpc:fv-az294-84:9894|admin:|client:|dataStream:|priority:0], old=null
2022-01-18 05:35:43,943 [Listener at 0.0.0.0/39273] INFO  server.RaftServer$Division (RaftServerImpl.java:setRole(290)) - c5b8eab1-b612-476d-b44f-3a1e5cc4ac80@group-40B206C3D36E: changes role from      null to FOLLOWER at term 2 for startAsFollower
2022-01-18 05:35:43,943 [Listener at 0.0.0.0/39273] INFO  impl.RoleInfo (RoleInfo.java:updateAndGet(130)) - c5b8eab1-b612-476d-b44f-3a1e5cc4ac80: start c5b8eab1-b612-476d-b44f-3a1e5cc4ac80@group-40B206C3D36E-FollowerState
2022-01-18 05:35:43,957 [Listener at 0.0.0.0/39273] INFO  util.JmxRegister (JmxRegister.java:tryRegister(44)) - Successfully registered JMX Bean with object name Ratis:service=RaftServer,group=group-40B206C3D36E,id=c5b8eab1-b612-476d-b44f-3a1e5cc4ac80
2022-01-18 05:35:43,984 [Listener at 0.0.0.0/39273] INFO  server.RaftServer (RaftServerProxy.java:lambda$start$5(374)) - c5b8eab1-b612-476d-b44f-3a1e5cc4ac80: start RPC server
2022-01-18 05:35:43,989 [Listener at 0.0.0.0/39273] INFO  server.GrpcService (GrpcService.java:startImpl(253)) - c5b8eab1-b612-476d-b44f-3a1e5cc4ac80: GrpcService started, listening on 9894
2022-01-18 05:35:43,994 [Listener at 0.0.0.0/39273] INFO  ha.SCMHAManagerImpl (SCMHAManagerImpl.java:start(121)) -  scm role is FOLLOWER peers [c5b8eab1-b612-476d-b44f-3a1e5cc4ac80|rpc:fv-az294-84:9894|admin:|client:|dataStream:|priority:0]
2022-01-18 05:35:43,994 [Listener at 0.0.0.0/39273] INFO  ha.InterSCMGrpcService (InterSCMGrpcProtocolService.java:start(94)) - Starting SCM Grpc Service at port 9895
2022-01-18 05:35:43,995 [org.apache.ratis.util.JvmPauseMonitor$$Lambda$431/448381667@1c573efb] INFO  util.JvmPauseMonitor (JvmPauseMonitor.java:run(103)) - JvmPauseMonitor-c5b8eab1-b612-476d-b44f-3a1e5cc4ac80: Started
2022-01-18 05:35:44,017 [grpc-default-executor-3] WARN  server.GrpcLogAppender (LogUtils.java:warn(122)) - 3327475e-62cb-4ee7-945b-6ce10b093b44@group-DB115239E727->67260eab-501e-432c-b67c-83a04ad0151f-AppendLogResponseHandler: Failed appendEntries: org.apache.ratis.thirdparty.io.grpc.StatusRuntimeException: UNAVAILABLE: io exception
2022-01-18 05:35:44,019 [grpc-default-executor-3] WARN  server.GrpcLogAppender (GrpcLogAppender.java:resetClient(110)) - 3327475e-62cb-4ee7-945b-6ce10b093b44@group-DB115239E727->67260eab-501e-432c-b67c-83a04ad0151f-GrpcLogAppender: Leader has not got in touch with Follower 3327475e-62cb-4ee7-945b-6ce10b093b44@group-DB115239E727->67260eab-501e-432c-b67c-83a04ad0151f(c0,m0,n1, attendVote=true, lastRpcSendTime=7, lastRpcResponseTime=27571) yet, just keep nextIndex unchanged and retry.
2022-01-18 05:35:44,021 [Listener at 0.0.0.0/39273] WARN  impl.MetricsConfig (MetricsConfig.java:loadFirst(136)) - Cannot locate configuration: tried hadoop-metrics2-storagecontainermanager.properties,hadoop-metrics2.properties
2022-01-18 05:35:44,028 [Listener at 0.0.0.0/39273] INFO  impl.MetricsSystemImpl (MetricsSystemImpl.java:startTimer(378)) - Scheduled Metric snapshot period at 10 second(s).
2022-01-18 05:35:44,028 [Listener at 0.0.0.0/39273] INFO  impl.MetricsSystemImpl (MetricsSystemImpl.java:start(191)) - StorageContainerManager metrics system started
2022-01-18 05:35:44,067 [Listener at 0.0.0.0/39273] INFO  impl.MetricsSinkAdapter (MetricsSinkAdapter.java:start(204)) - Sink prometheus started
2022-01-18 05:35:44,068 [Listener at 0.0.0.0/39273] INFO  impl.MetricsSystemImpl (MetricsSystemImpl.java:registerSink(305)) - Registered sink prometheus
2022-01-18 05:35:44,118 [Listener at 0.0.0.0/39273] INFO  server.SCMClientProtocolServer (SCMClientProtocolServer.java:start(164)) - RPC server for Client  is listening at /0.0.0.0:39273
2022-01-18 05:35:44,121 [IPC Server Responder] INFO  ipc.Server (Server.java:run(1507)) - IPC Server Responder: starting
2022-01-18 05:35:44,169 [IPC Server listener on 39273] INFO  ipc.Server (Server.java:run(1344)) - IPC Server listener on 39273: starting
2022-01-18 05:35:44,193 [Listener at 0.0.0.0/39273] INFO  server.StorageContainerManager (StorageContainerManager.java:start(1318)) - ScmBlockLocationProtocol RPC server is listening at /0.0.0.0:33761
2022-01-18 05:35:44,194 [Listener at 0.0.0.0/39273] INFO  server.SCMBlockProtocolServer (SCMBlockProtocolServer.java:start(151)) - RPC server for Block Protocol is listening at /0.0.0.0:33761
2022-01-18 05:35:44,194 [IPC Server Responder] INFO  ipc.Server (Server.java:run(1507)) - IPC Server Responder: starting
2022-01-18 05:35:44,194 [IPC Server listener on 33761] INFO  ipc.Server (Server.java:run(1344)) - IPC Server listener on 33761: starting
2022-01-18 05:35:44,197 [org.apache.hadoop.util.JvmPauseMonitor$Monitor@e92ea] INFO  util.JvmPauseMonitor (JvmPauseMonitor.java:run(188)) - Starting JVM pause monitor
2022-01-18 05:35:44,209 [Listener at 0.0.0.0/39273] INFO  http.BaseHttpServer (BaseHttpServer.java:newHttpServer2BuilderForOzone(209)) - Starting Web-server for scm at: http://0.0.0.0:46141
2022-01-18 05:35:44,209 [Listener at 0.0.0.0/39273] INFO  http.BaseHttpServer (BaseHttpServer.java:<init>(107)) - Hadoop Security Enabled: false Ozone Security Enabled: false Ozone HTTP Security Enabled: false 
2022-01-18 05:35:44,210 [Listener at 0.0.0.0/39273] INFO  server.AuthenticationFilter (AuthenticationFilter.java:constructSecretProvider(240)) - Unable to initialize FileSignerSecretProvider, falling back to use random secrets.
2022-01-18 05:35:44,211 [Listener at 0.0.0.0/39273] WARN  http.HttpRequestLog (HttpRequestLog.java:getRequestLog(103)) - Jetty request log can only be enabled using Log4j
2022-01-18 05:35:44,212 [Listener at 0.0.0.0/39273] INFO  http.HttpServer2 (HttpServer2.java:addGlobalFilter(1030)) - Added global filter 'safety' (class=org.apache.hadoop.hdds.server.http.HttpServer2$QuotingInputFilter)
2022-01-18 05:35:44,213 [Listener at 0.0.0.0/39273] INFO  http.HttpServer2 (HttpServer2.java:addFilter(1006)) - Added filter static_user_filter (class=org.apache.hadoop.http.lib.StaticUserWebFilter$StaticUserFilter) to context scm
2022-01-18 05:35:44,213 [Listener at 0.0.0.0/39273] INFO  http.HttpServer2 (HttpServer2.java:addFilter(1014)) - Added filter static_user_filter (class=org.apache.hadoop.http.lib.StaticUserWebFilter$StaticUserFilter) to context static
2022-01-18 05:35:44,213 [Listener at 0.0.0.0/39273] INFO  http.HttpServer2 (HttpServer2.java:addFilter(1014)) - Added filter static_user_filter (class=org.apache.hadoop.http.lib.StaticUserWebFilter$StaticUserFilter) to context logs
2022-01-18 05:35:44,233 [Listener at 0.0.0.0/39273] INFO  http.HttpServer2 (HttpServer2.java:bindListener(1249)) - Jetty bound to port 46141
2022-01-18 05:35:44,233 [Listener at 0.0.0.0/39273] INFO  server.Server (Server.java:doStart(375)) - jetty-9.4.43.v20210629; built: 2021-06-30T11:07:22.254Z; git: 526006ecfa3af7f1a27ef3a288e2bef7ea9dd7e8; jvm 1.8.0_292-b10
2022-01-18 05:35:44,249 [Listener at 0.0.0.0/39273] INFO  server.session (DefaultSessionIdManager.java:doStart(334)) - DefaultSessionIdManager workerName=node0
2022-01-18 05:35:44,249 [Listener at 0.0.0.0/39273] INFO  server.session (DefaultSessionIdManager.java:doStart(339)) - No SessionScavenger set, using defaults
2022-01-18 05:35:44,249 [Listener at 0.0.0.0/39273] INFO  server.session (HouseKeeper.java:startScavenging(132)) - node0 Scavenging every 600000ms
2022-01-18 05:35:44,254 [Listener at 0.0.0.0/39273] INFO  handler.ContextHandler (ContextHandler.java:doStart(915)) - Started o.e.j.s.ServletContextHandler@30641a0c{logs,/logs,file:///home/runner/work/ozone/ozone/hadoop-ozone/integration-test/target/log,AVAILABLE}
2022-01-18 05:35:44,254 [Listener at 0.0.0.0/39273] INFO  handler.ContextHandler (ContextHandler.java:doStart(915)) - Started o.e.j.s.ServletContextHandler@23b3f506{static,/static,file:///home/runner/work/ozone/ozone/hadoop-ozone/integration-test/target/test-classes/webapps/static,AVAILABLE}
2022-01-18 05:35:44,270 [Listener at 0.0.0.0/39273] INFO  handler.ContextHandler (ContextHandler.java:doStart(915)) - Started o.e.j.w.WebAppContext@4ebfcd87{scm,/,file:///home/runner/work/ozone/ozone/hadoop-ozone/integration-test/target/test-classes/webapps/scm/,AVAILABLE}{file:/home/runner/work/ozone/ozone/hadoop-ozone/integration-test/target/test-classes/webapps/scm}
2022-01-18 05:35:44,279 [Listener at 0.0.0.0/39273] INFO  server.AbstractConnector (AbstractConnector.java:doStart(331)) - Started ServerConnector@192e0c89{HTTP/1.1, (http/1.1)}{0.0.0.0:46141}
2022-01-18 05:35:44,280 [Listener at 0.0.0.0/39273] INFO  server.Server (Server.java:doStart(415)) - Started @176710ms
2022-01-18 05:35:44,280 [Listener at 0.0.0.0/39273] WARN  impl.MetricsSystemImpl (MetricsSystemImpl.java:register(279)) - Sink prometheus already exists!
2022-01-18 05:35:44,282 [Listener at 0.0.0.0/39273] INFO  http.BaseHttpServer (BaseHttpServer.java:updateConnectorAddress(329)) - HTTP server of scm listening at http://0.0.0.0:46141
2022-01-18 05:35:46,512 [grpc-default-executor-3] WARN  server.GrpcLogAppender (LogUtils.java:warn(122)) - 3327475e-62cb-4ee7-945b-6ce10b093b44@group-DB115239E727->67260eab-501e-432c-b67c-83a04ad0151f-AppendLogResponseHandler: Failed appendEntries: org.apache.ratis.thirdparty.io.grpc.StatusRuntimeException: UNAVAILABLE: io exception
2022-01-18 05:35:46,513 [grpc-default-executor-3] WARN  server.GrpcLogAppender (GrpcLogAppender.java:resetClient(110)) - 3327475e-62cb-4ee7-945b-6ce10b093b44@group-DB115239E727->67260eab-501e-432c-b67c-83a04ad0151f-GrpcLogAppender: Leader has not got in touch with Follower 3327475e-62cb-4ee7-945b-6ce10b093b44@group-DB115239E727->67260eab-501e-432c-b67c-83a04ad0151f(c0,m0,n1, attendVote=true, lastRpcSendTime=2501, lastRpcResponseTime=30065) yet, just keep nextIndex unchanged and retry.
2022-01-18 05:35:49,022 [grpc-default-executor-3] WARN  server.GrpcLogAppender (LogUtils.java:warn(122)) - 3327475e-62cb-4ee7-945b-6ce10b093b44@group-DB115239E727->67260eab-501e-432c-b67c-83a04ad0151f-AppendLogResponseHandler: Failed appendEntries: org.apache.ratis.thirdparty.io.grpc.StatusRuntimeException: UNAVAILABLE: io exception
2022-01-18 05:35:49,022 [grpc-default-executor-3] WARN  server.GrpcLogAppender (GrpcLogAppender.java:resetClient(110)) - 3327475e-62cb-4ee7-945b-6ce10b093b44@group-DB115239E727->67260eab-501e-432c-b67c-83a04ad0151f-GrpcLogAppender: Leader has not got in touch with Follower 3327475e-62cb-4ee7-945b-6ce10b093b44@group-DB115239E727->67260eab-501e-432c-b67c-83a04ad0151f(c0,m0,n1, attendVote=true, lastRpcSendTime=0, lastRpcResponseTime=32574) yet, just keep nextIndex unchanged and retry.
2022-01-18 05:35:49,109 [c5b8eab1-b612-476d-b44f-3a1e5cc4ac80@group-40B206C3D36E-FollowerState] INFO  impl.FollowerState (FollowerState.java:run(134)) - c5b8eab1-b612-476d-b44f-3a1e5cc4ac80@group-40B206C3D36E-FollowerState: change to CANDIDATE, lastRpcElapsedTime:5166062302ns, electionTimeout:5124ms
2022-01-18 05:35:49,110 [c5b8eab1-b612-476d-b44f-3a1e5cc4ac80@group-40B206C3D36E-FollowerState] INFO  impl.RoleInfo (RoleInfo.java:shutdownFollowerState(108)) - c5b8eab1-b612-476d-b44f-3a1e5cc4ac80: shutdown c5b8eab1-b612-476d-b44f-3a1e5cc4ac80@group-40B206C3D36E-FollowerState
2022-01-18 05:35:49,110 [c5b8eab1-b612-476d-b44f-3a1e5cc4ac80@group-40B206C3D36E-FollowerState] INFO  server.RaftServer$Division (RaftServerImpl.java:setRole(290)) - c5b8eab1-b612-476d-b44f-3a1e5cc4ac80@group-40B206C3D36E: changes role from  FOLLOWER to CANDIDATE at term 2 for changeToCandidate
2022-01-18 05:35:49,110 [c5b8eab1-b612-476d-b44f-3a1e5cc4ac80@group-40B206C3D36E-FollowerState] INFO  server.RaftServerConfigKeys (ConfUtils.java:logGet(44)) - raft.server.leaderelection.pre-vote = false (custom)
2022-01-18 05:35:49,110 [c5b8eab1-b612-476d-b44f-3a1e5cc4ac80@group-40B206C3D36E-FollowerState] INFO  impl.RoleInfo (RoleInfo.java:updateAndGet(130)) - c5b8eab1-b612-476d-b44f-3a1e5cc4ac80: start c5b8eab1-b612-476d-b44f-3a1e5cc4ac80@group-40B206C3D36E-LeaderElection28
2022-01-18 05:35:49,132 [c5b8eab1-b612-476d-b44f-3a1e5cc4ac80@group-40B206C3D36E-LeaderElection28] INFO  impl.LeaderElection (LeaderElection.java:askForVotes(306)) - c5b8eab1-b612-476d-b44f-3a1e5cc4ac80@group-40B206C3D36E-LeaderElection28 ELECTION round 0: submit vote requests at term 3 for 1: [c5b8eab1-b612-476d-b44f-3a1e5cc4ac80|rpc:fv-az294-84:9894|admin:|client:|dataStream:|priority:0], old=null
2022-01-18 05:35:49,132 [c5b8eab1-b612-476d-b44f-3a1e5cc4ac80@group-40B206C3D36E-LeaderElection28] INFO  impl.LeaderElection (LeaderElection.java:askForVotes(308)) - c5b8eab1-b612-476d-b44f-3a1e5cc4ac80@group-40B206C3D36E-LeaderElection28 ELECTION round 0: result PASSED (term=3)
2022-01-18 05:35:49,133 [c5b8eab1-b612-476d-b44f-3a1e5cc4ac80@group-40B206C3D36E-LeaderElection28] INFO  impl.RoleInfo (RoleInfo.java:shutdownLeaderElection(121)) - c5b8eab1-b612-476d-b44f-3a1e5cc4ac80: shutdown c5b8eab1-b612-476d-b44f-3a1e5cc4ac80@group-40B206C3D36E-LeaderElection28
2022-01-18 05:35:49,133 [c5b8eab1-b612-476d-b44f-3a1e5cc4ac80@group-40B206C3D36E-LeaderElection28] INFO  server.RaftServer$Division (RaftServerImpl.java:setRole(290)) - c5b8eab1-b612-476d-b44f-3a1e5cc4ac80@group-40B206C3D36E: changes role from CANDIDATE to LEADER at term 3 for changeToLeader
2022-01-18 05:35:49,133 [c5b8eab1-b612-476d-b44f-3a1e5cc4ac80@group-40B206C3D36E-LeaderElection28] INFO  ha.SCMStateMachine (SCMStateMachine.java:notifyLeaderChanged(259)) - current SCM becomes leader of term 3.
2022-01-18 05:35:49,133 [c5b8eab1-b612-476d-b44f-3a1e5cc4ac80@group-40B206C3D36E-LeaderElection28] INFO  ha.SCMContext (SCMContext.java:updateLeaderAndTerm(90)) - update <isLeader,term> from <false,0> to <true,3>
2022-01-18 05:35:49,133 [c5b8eab1-b612-476d-b44f-3a1e5cc4ac80@group-40B206C3D36E-LeaderElection28] INFO  server.RaftServer$Division (ServerState.java:setLeader(285)) - c5b8eab1-b612-476d-b44f-3a1e5cc4ac80@group-40B206C3D36E: change Leader from null to c5b8eab1-b612-476d-b44f-3a1e5cc4ac80 at term 3 for becomeLeader, leader elected after 5427ms
2022-01-18 05:35:49,133 [c5b8eab1-b612-476d-b44f-3a1e5cc4ac80@group-40B206C3D36E-LeaderElection28] INFO  server.RaftServerConfigKeys (ConfUtils.java:logGet(44)) - raft.server.staging.catchup.gap = 1000 (default)
2022-01-18 05:35:49,133 [c5b8eab1-b612-476d-b44f-3a1e5cc4ac80@group-40B206C3D36E-LeaderElection28] INFO  server.RaftServerConfigKeys (ConfUtils.java:logGet(44)) - raft.server.write.element-limit = 4096 (default)
2022-01-18 05:35:49,133 [c5b8eab1-b612-476d-b44f-3a1e5cc4ac80@group-40B206C3D36E-LeaderElection28] INFO  server.RaftServerConfigKeys (ConfUtils.java:logGet(44)) - raft.server.write.byte-limit = 64MB (=67108864) (default)
2022-01-18 05:35:49,134 [c5b8eab1-b612-476d-b44f-3a1e5cc4ac80@group-40B206C3D36E-LeaderElection28] INFO  server.RaftServerConfigKeys (ConfUtils.java:logGet(44)) - raft.server.watch.timeout = 10s (default)
2022-01-18 05:35:49,134 [c5b8eab1-b612-476d-b44f-3a1e5cc4ac80@group-40B206C3D36E-LeaderElection28] INFO  server.RaftServerConfigKeys (ConfUtils.java:logGet(44)) - raft.server.watch.timeout.denomination = 1s (default)
2022-01-18 05:35:49,134 [c5b8eab1-b612-476d-b44f-3a1e5cc4ac80@group-40B206C3D36E-LeaderElection28] INFO  server.RaftServerConfigKeys (ConfUtils.java:logGet(44)) - raft.server.watch.element-limit = 65536 (default)
2022-01-18 05:35:49,134 [c5b8eab1-b612-476d-b44f-3a1e5cc4ac80@group-40B206C3D36E-LeaderElection28] INFO  server.RaftServerConfigKeys (ConfUtils.java:logGet(44)) - raft.server.write.element-limit = 4096 (default)
2022-01-18 05:35:49,134 [c5b8eab1-b612-476d-b44f-3a1e5cc4ac80@group-40B206C3D36E-LeaderElection28] INFO  server.RaftServerConfigKeys (ConfUtils.java:logGet(44)) - raft.server.write.follower.gap.ratio.max = -1.0 (default)
2022-01-18 05:35:49,134 [c5b8eab1-b612-476d-b44f-3a1e5cc4ac80@group-40B206C3D36E-LeaderElection28] INFO  impl.RoleInfo (RoleInfo.java:updateAndGet(130)) - c5b8eab1-b612-476d-b44f-3a1e5cc4ac80: start c5b8eab1-b612-476d-b44f-3a1e5cc4ac80@group-40B206C3D36E-LeaderStateImpl
2022-01-18 05:35:49,134 [c5b8eab1-b612-476d-b44f-3a1e5cc4ac80@group-40B206C3D36E-LeaderElection28] INFO  segmented.SegmentedRaftLogWorker (SegmentedRaftLogWorker.java:rollLogSegment(399)) - c5b8eab1-b612-476d-b44f-3a1e5cc4ac80@group-40B206C3D36E-SegmentedRaftLogWorker: Rolling segment log-1_18 to index:18
2022-01-18 05:35:49,141 [c5b8eab1-b612-476d-b44f-3a1e5cc4ac80@group-40B206C3D36E-SegmentedRaftLogWorker] INFO  segmented.SegmentedRaftLogWorker (SegmentedRaftLogWorker.java:execute(558)) - c5b8eab1-b612-476d-b44f-3a1e5cc4ac80@group-40B206C3D36E-SegmentedRaftLogWorker: Rolled log segment from /home/runner/work/ozone/ozone/hadoop-ozone/integration-test/target/test-dir/MiniOzoneClusterImpl-cb7c1fcf-6298-49a9-b20a-40b206c3d36e/ozone-meta/scm-ha/cb7c1fcf-6298-49a9-b20a-40b206c3d36e/current/log_inprogress_1 to /home/runner/work/ozone/ozone/hadoop-ozone/integration-test/target/test-dir/MiniOzoneClusterImpl-cb7c1fcf-6298-49a9-b20a-40b206c3d36e/ozone-meta/scm-ha/cb7c1fcf-6298-49a9-b20a-40b206c3d36e/current/log_1-18
2022-01-18 05:35:49,161 [c5b8eab1-b612-476d-b44f-3a1e5cc4ac80@group-40B206C3D36E-LeaderElection28] INFO  server.RaftServer$Division (ServerState.java:setRaftConf(387)) - c5b8eab1-b612-476d-b44f-3a1e5cc4ac80@group-40B206C3D36E: set configuration 19: [c5b8eab1-b612-476d-b44f-3a1e5cc4ac80|rpc:fv-az294-84:9894|admin:|client:|dataStream:|priority:0], old=null
2022-01-18 05:35:49,172 [c5b8eab1-b612-476d-b44f-3a1e5cc4ac80@group-40B206C3D36E-SegmentedRaftLogWorker] INFO  segmented.SegmentedRaftLogWorker (SegmentedRaftLogWorker.java:execute(601)) - c5b8eab1-b612-476d-b44f-3a1e5cc4ac80@group-40B206C3D36E-SegmentedRaftLogWorker: created new log segment /home/runner/work/ozone/ozone/hadoop-ozone/integration-test/target/test-dir/MiniOzoneClusterImpl-cb7c1fcf-6298-49a9-b20a-40b206c3d36e/ozone-meta/scm-ha/cb7c1fcf-6298-49a9-b20a-40b206c3d36e/current/log_inprogress_19
2022-01-18 05:35:49,182 [c5b8eab1-b612-476d-b44f-3a1e5cc4ac80@group-40B206C3D36E-StateMachineUpdater] INFO  ha.SCMContext (SCMContext.java:setLeaderReady(117)) - update <isLeaderReady> from <false> to <true>
2022-01-18 05:35:49,184 [c5b8eab1-b612-476d-b44f-3a1e5cc4ac80@group-40B206C3D36E-StateMachineUpdater] INFO  pipeline.BackgroundPipelineCreator (BackgroundPipelineCreator.java:notifyStatusChanged(264)) - Service BackgroundPipelineCreator transitions to RUNNING.
2022-01-18 05:35:49,184 [c5b8eab1-b612-476d-b44f-3a1e5cc4ac80@group-40B206C3D36E-StateMachineUpdater] INFO  safemode.HealthyPipelineSafeModeRule (HealthyPipelineSafeModeRule.java:initializeRule(152)) - Refreshed total pipeline count is 1, healthy pipeline threshold count is 1
2022-01-18 05:35:49,184 [c5b8eab1-b612-476d-b44f-3a1e5cc4ac80@group-40B206C3D36E-StateMachineUpdater] INFO  safemode.ContainerSafeModeRule (ContainerSafeModeRule.java:reInitializeRule(177)) - Refreshed one replica container threshold 0, currentThreshold 0
2022-01-18 05:35:49,184 [c5b8eab1-b612-476d-b44f-3a1e5cc4ac80@group-40B206C3D36E-StateMachineUpdater] INFO  safemode.OneReplicaPipelineSafeModeRule (OneReplicaPipelineSafeModeRule.java:initializeRule(176)) - Refreshed Total pipeline count is 1, pipeline's with at least one datanode reported threshold count is 1
2022-01-18 05:35:49,184 [c5b8eab1-b612-476d-b44f-3a1e5cc4ac80@group-40B206C3D36E-StateMachineUpdater] INFO  server.SCMDatanodeProtocolServer (SCMDatanodeProtocolServer.java:start(181)) - ScmDatanodeProtocol RPC server for DataNodes is listening at /0.0.0.0:34205
2022-01-18 05:35:49,186 [IPC Server listener on 34205] INFO  ipc.Server (Server.java:run(1344)) - IPC Server listener on 34205: starting
2022-01-18 05:35:49,198 [IPC Server handler 0 on default port 34205] INFO  ipc.Server (Server.java:run(1026)) - IPC Server handler 0 on default port 34205: skipped Call#214 Retry#0 org.apache.hadoop.ozone.protocol.StorageContainerDatanodeProtocol.submitRequest from 10.1.0.16:45162
2022-01-18 05:35:49,198 [IPC Server handler 0 on default port 34205] INFO  ipc.Server (Server.java:run(1026)) - IPC Server handler 0 on default port 34205: skipped Call#216 Retry#0 org.apache.hadoop.ozone.protocol.StorageContainerDatanodeProtocol.submitRequest from 10.1.0.16:45162
2022-01-18 05:35:49,198 [IPC Server handler 1 on default port 34205] INFO  ipc.Server (Server.java:run(1026)) - IPC Server handler 1 on default port 34205: skipped Call#217 Retry#0 org.apache.hadoop.ozone.protocol.StorageContainerDatanodeProtocol.submitRequest from 10.1.0.16:45162
2022-01-18 05:35:49,199 [IPC Server handler 1 on default port 34205] INFO  server.SCMDatanodeHeartbeatDispatcher (SCMDatanodeHeartbeatDispatcher.java:dispatch(101)) - SCM received heartbeat from an unregistered datanode 3c29bd76-08cb-41c8-a67d-745d6588ade1{ip: 10.1.0.16, host: fv-az294-84.eaanfquahm5ulb5tj050gcxych.jx.internal.cloudapp.net, ports: [REPLICATION=46343, RATIS=33765, RATIS_ADMIN=33765, RATIS_SERVER=33765, STANDALONE=39395], networkLocation: /default-rack, certSerialId: null, persistedOpState: null, persistedOpStateExpiryEpochSec: 0}. Asking datanode to re-register.
2022-01-18 05:35:49,200 [IPC Server handler 1 on default port 34205] INFO  server.SCMDatanodeHeartbeatDispatcher (SCMDatanodeHeartbeatDispatcher.java:dispatch(101)) - SCM received heartbeat from an unregistered datanode 3327475e-62cb-4ee7-945b-6ce10b093b44{ip: 10.1.0.16, host: fv-az294-84.eaanfquahm5ulb5tj050gcxych.jx.internal.cloudapp.net, ports: [REPLICATION=42961, RATIS=38697, RATIS_ADMIN=38697, RATIS_SERVER=38697, STANDALONE=34187], networkLocation: /default-rack, certSerialId: null, persistedOpState: null, persistedOpStateExpiryEpochSec: 0}. Asking datanode to re-register.
2022-01-18 05:35:49,201 [IPC Server handler 6 on default port 34205] INFO  server.SCMDatanodeHeartbeatDispatcher (SCMDatanodeHeartbeatDispatcher.java:dispatch(101)) - SCM received heartbeat from an unregistered datanode 3c29bd76-08cb-41c8-a67d-745d6588ade1{ip: 10.1.0.16, host: fv-az294-84.eaanfquahm5ulb5tj050gcxych.jx.internal.cloudapp.net, ports: [REPLICATION=46343, RATIS=33765, RATIS_ADMIN=33765, RATIS_SERVER=33765, STANDALONE=39395], networkLocation: /default-rack, certSerialId: null, persistedOpState: null, persistedOpStateExpiryEpochSec: 0}. Asking datanode to re-register.
2022-01-18 05:35:49,209 [EndpointStateMachine task thread for /0.0.0.0:34205 - 0 ] INFO  ozoneimpl.OzoneContainer (OzoneContainer.java:start(315)) - Attempting to start container services.
2022-01-18 05:35:49,212 [EndpointStateMachine task thread for /0.0.0.0:34205 - 0 ] INFO  ozoneimpl.OzoneContainer (OzoneContainer.java:startContainerScrub(250)) - Background container scanner has been disabled.
2022-01-18 05:35:49,212 [EndpointStateMachine task thread for /0.0.0.0:34205 - 0 ] INFO  replication.ReplicationServer (ReplicationServer.java:start(111)) - ReplicationServer is started using port 39365
2022-01-18 05:35:49,213 [EndpointStateMachine task thread for /0.0.0.0:34205 - 0 ] INFO  ratis.XceiverServerRatis (XceiverServerRatis.java:start(484)) - Starting XceiverServerRatis 67260eab-501e-432c-b67c-83a04ad0151f
2022-01-18 05:35:49,214 [IPC Server Responder] INFO  ipc.Server (Server.java:run(1507)) - IPC Server Responder: starting
2022-01-18 05:35:49,214 [IPC Server handler 7 on default port 34205] INFO  server.SCMDatanodeHeartbeatDispatcher (SCMDatanodeHeartbeatDispatcher.java:dispatch(101)) - SCM received heartbeat from an unregistered datanode 3327475e-62cb-4ee7-945b-6ce10b093b44{ip: 10.1.0.16, host: fv-az294-84.eaanfquahm5ulb5tj050gcxych.jx.internal.cloudapp.net, ports: [REPLICATION=42961, RATIS=38697, RATIS_ADMIN=38697, RATIS_SERVER=38697, STANDALONE=34187], networkLocation: /default-rack, certSerialId: null, persistedOpState: null, persistedOpStateExpiryEpochSec: 0}. Asking datanode to re-register.
2022-01-18 05:35:49,217 [EndpointStateMachine task thread for /0.0.0.0:34205 - 0 ] INFO  server.RaftServer$Division (RaftServerImpl.java:start(301)) - 67260eab-501e-432c-b67c-83a04ad0151f@group-DB115239E727: start as a follower, conf=0: [3327475e-62cb-4ee7-945b-6ce10b093b44|rpc:10.1.0.16:38697|dataStream:|priority:1, 67260eab-501e-432c-b67c-83a04ad0151f|rpc:10.1.0.16:38305|dataStream:|priority:0, 3c29bd76-08cb-41c8-a67d-745d6588ade1|rpc:10.1.0.16:33765|dataStream:|priority:0], old=null
2022-01-18 05:35:49,217 [EndpointStateMachine task thread for /0.0.0.0:34205 - 0 ] INFO  server.RaftServer$Division (RaftServerImpl.java:setRole(290)) - 67260eab-501e-432c-b67c-83a04ad0151f@group-DB115239E727: changes role from      null to FOLLOWER at term 8 for startAsFollower
2022-01-18 05:35:49,217 [EndpointStateMachine task thread for /0.0.0.0:34205 - 0 ] INFO  impl.RoleInfo (RoleInfo.java:updateAndGet(130)) - 67260eab-501e-432c-b67c-83a04ad0151f: start 67260eab-501e-432c-b67c-83a04ad0151f@group-DB115239E727-FollowerState
2022-01-18 05:35:49,217 [ForkJoinPool.commonPool-worker-1] INFO  server.RaftServer$Division (RaftServerImpl.java:start(301)) - 67260eab-501e-432c-b67c-83a04ad0151f@group-DC7B997C5F62: start as a follower, conf=0: [67260eab-501e-432c-b67c-83a04ad0151f|rpc:10.1.0.16:38305|dataStream:|priority:1], old=null
2022-01-18 05:35:49,225 [IPC Server handler 8 on default port 34205] INFO  server.SCMDatanodeHeartbeatDispatcher (SCMDatanodeHeartbeatDispatcher.java:dispatch(101)) - SCM received heartbeat from an unregistered datanode 3c29bd76-08cb-41c8-a67d-745d6588ade1{ip: 10.1.0.16, host: fv-az294-84.eaanfquahm5ulb5tj050gcxych.jx.internal.cloudapp.net, ports: [REPLICATION=46343, RATIS=33765, RATIS_ADMIN=33765, RATIS_SERVER=33765, STANDALONE=39395], networkLocation: /default-rack, certSerialId: null, persistedOpState: null, persistedOpStateExpiryEpochSec: 0}. Asking datanode to re-register.
2022-01-18 05:35:49,218 [EndpointStateMachine task thread for /0.0.0.0:34205 - 0 ] INFO  util.JmxRegister (JmxRegister.java:tryRegister(44)) - Successfully registered JMX Bean with object name Ratis:service=RaftServer,group=group-DB115239E727,id=67260eab-501e-432c-b67c-83a04ad0151f
2022-01-18 05:35:49,229 [ForkJoinPool.commonPool-worker-1] INFO  server.RaftServer$Division (RaftServerImpl.java:setRole(290)) - 67260eab-501e-432c-b67c-83a04ad0151f@group-DC7B997C5F62: changes role from      null to FOLLOWER at term 1 for startAsFollower
2022-01-18 05:35:49,249 [ForkJoinPool.commonPool-worker-1] INFO  impl.RoleInfo (RoleInfo.java:updateAndGet(130)) - 67260eab-501e-432c-b67c-83a04ad0151f: start 67260eab-501e-432c-b67c-83a04ad0151f@group-DC7B997C5F62-FollowerState
2022-01-18 05:35:49,234 [IPC Server handler 8 on default port 34205] INFO  server.SCMDatanodeHeartbeatDispatcher (SCMDatanodeHeartbeatDispatcher.java:dispatch(101)) - SCM received heartbeat from an unregistered datanode 3327475e-62cb-4ee7-945b-6ce10b093b44{ip: 10.1.0.16, host: fv-az294-84.eaanfquahm5ulb5tj050gcxych.jx.internal.cloudapp.net, ports: [REPLICATION=42961, RATIS=38697, RATIS_ADMIN=38697, RATIS_SERVER=38697, STANDALONE=34187], networkLocation: /default-rack, certSerialId: null, persistedOpState: null, persistedOpStateExpiryEpochSec: 0}. Asking datanode to re-register.
2022-01-18 05:35:49,251 [ForkJoinPool.commonPool-worker-1] INFO  util.JmxRegister (JmxRegister.java:tryRegister(44)) - Successfully registered JMX Bean with object name Ratis:service=RaftServer,group=group-DC7B997C5F62,id=67260eab-501e-432c-b67c-83a04ad0151f
2022-01-18 05:35:49,261 [EndpointStateMachine task thread for /0.0.0.0:34205 - 0 ] INFO  server.RaftServer (RaftServerProxy.java:lambda$start$5(374)) - 67260eab-501e-432c-b67c-83a04ad0151f: start RPC server
2022-01-18 05:35:49,265 [EndpointStateMachine task thread for /0.0.0.0:34205 - 0 ] INFO  server.GrpcService (GrpcService.java:startImpl(253)) - 67260eab-501e-432c-b67c-83a04ad0151f: GrpcService started, listening on 38305
2022-01-18 05:35:49,265 [EndpointStateMachine task thread for /0.0.0.0:34205 - 0 ] INFO  ratis.XceiverServerRatis (XceiverServerRatis.java:getRealPort(505)) - XceiverServerRatis 67260eab-501e-432c-b67c-83a04ad0151f is started using port 38305 for RATIS
2022-01-18 05:35:49,265 [EndpointStateMachine task thread for /0.0.0.0:34205 - 0 ] INFO  ratis.XceiverServerRatis (XceiverServerRatis.java:getRealPort(505)) - XceiverServerRatis 67260eab-501e-432c-b67c-83a04ad0151f is started using port 38305 for RATIS_ADMIN
2022-01-18 05:35:49,265 [EndpointStateMachine task thread for /0.0.0.0:34205 - 0 ] INFO  ratis.XceiverServerRatis (XceiverServerRatis.java:getRealPort(505)) - XceiverServerRatis 67260eab-501e-432c-b67c-83a04ad0151f is started using port 38305 for RATIS_SERVER
2022-01-18 05:35:49,266 [org.apache.ratis.util.JvmPauseMonitor$$Lambda$431/448381667@4ec7faa5] INFO  util.JvmPauseMonitor (JvmPauseMonitor.java:run(103)) - JvmPauseMonitor-67260eab-501e-432c-b67c-83a04ad0151f: Started
2022-01-18 05:35:49,269 [IPC Server handler 10 on default port 34205] INFO  server.SCMDatanodeHeartbeatDispatcher (SCMDatanodeHeartbeatDispatcher.java:dispatch(101)) - SCM received heartbeat from an unregistered datanode 3c29bd76-08cb-41c8-a67d-745d6588ade1{ip: 10.1.0.16, host: fv-az294-84.eaanfquahm5ulb5tj050gcxych.jx.internal.cloudapp.net, ports: [REPLICATION=46343, RATIS=33765, RATIS_ADMIN=33765, RATIS_SERVER=33765, STANDALONE=39395], networkLocation: /default-rack, certSerialId: null, persistedOpState: null, persistedOpStateExpiryEpochSec: 0}. Asking datanode to re-register.
2022-01-18 05:35:49,270 [IPC Server handler 10 on default port 34205] INFO  server.SCMDatanodeHeartbeatDispatcher (SCMDatanodeHeartbeatDispatcher.java:dispatch(101)) - SCM received heartbeat from an unregistered datanode 3327475e-62cb-4ee7-945b-6ce10b093b44{ip: 10.1.0.16, host: fv-az294-84.eaanfquahm5ulb5tj050gcxych.jx.internal.cloudapp.net, ports: [REPLICATION=42961, RATIS=38697, RATIS_ADMIN=38697, RATIS_SERVER=38697, STANDALONE=34187], networkLocation: /default-rack, certSerialId: null, persistedOpState: null, persistedOpStateExpiryEpochSec: 0}. Asking datanode to re-register.
2022-01-18 05:35:49,275 [IPC Server handler 12 on default port 34205] INFO  server.SCMDatanodeHeartbeatDispatcher (SCMDatanodeHeartbeatDispatcher.java:dispatch(101)) - SCM received heartbeat from an unregistered datanode 3c29bd76-08cb-41c8-a67d-745d6588ade1{ip: 10.1.0.16, host: fv-az294-84.eaanfquahm5ulb5tj050gcxych.jx.internal.cloudapp.net, ports: [REPLICATION=46343, RATIS=33765, RATIS_ADMIN=33765, RATIS_SERVER=33765, STANDALONE=39395], networkLocation: /default-rack, certSerialId: null, persistedOpState: null, persistedOpStateExpiryEpochSec: 0}. Asking datanode to re-register.
2022-01-18 05:35:49,285 [Listener at 0.0.0.0/39273] INFO  ozone.MiniOzoneClusterImpl (MiniOzoneClusterImpl.java:lambda$waitForClusterToBeReady$0(219)) - Waiting for nodes to be ready. Got 0 of 3 DN Heartbeats.
2022-01-18 05:35:49,289 [Listener at 0.0.0.0/39273] INFO  ozone.MiniOzoneClusterImpl (MiniOzoneClusterImpl.java:lambda$waitForClusterToBeReady$0(222)) - Waiting for cluster to exit safe mode
2022-01-18 05:35:49,289 [Listener at 0.0.0.0/39273] INFO  ozone.MiniOzoneClusterImpl (MiniOzoneClusterImpl.java:lambda$waitForClusterToBeReady$0(224)) - SCM became leader
2022-01-18 05:35:49,297 [IPC Server handler 13 on default port 34205] INFO  server.SCMDatanodeHeartbeatDispatcher (SCMDatanodeHeartbeatDispatcher.java:dispatch(101)) - SCM received heartbeat from an unregistered datanode 3327475e-62cb-4ee7-945b-6ce10b093b44{ip: 10.1.0.16, host: fv-az294-84.eaanfquahm5ulb5tj050gcxych.jx.internal.cloudapp.net, ports: [REPLICATION=42961, RATIS=38697, RATIS_ADMIN=38697, RATIS_SERVER=38697, STANDALONE=34187], networkLocation: /default-rack, certSerialId: null, persistedOpState: null, persistedOpStateExpiryEpochSec: 0}. Asking datanode to re-register.
2022-01-18 05:35:49,297 [IPC Server handler 14 on default port 34205] INFO  server.SCMDatanodeHeartbeatDispatcher (SCMDatanodeHeartbeatDispatcher.java:dispatch(101)) - SCM received heartbeat from an unregistered datanode 3c29bd76-08cb-41c8-a67d-745d6588ade1{ip: 10.1.0.16, host: fv-az294-84.eaanfquahm5ulb5tj050gcxych.jx.internal.cloudapp.net, ports: [REPLICATION=46343, RATIS=33765, RATIS_ADMIN=33765, RATIS_SERVER=33765, STANDALONE=39395], networkLocation: /default-rack, certSerialId: null, persistedOpState: null, persistedOpStateExpiryEpochSec: 0}. Asking datanode to re-register.
2022-01-18 05:35:49,300 [IPC Server handler 15 on default port 34205] INFO  server.SCMDatanodeHeartbeatDispatcher (SCMDatanodeHeartbeatDispatcher.java:dispatch(101)) - SCM received heartbeat from an unregistered datanode 3327475e-62cb-4ee7-945b-6ce10b093b44{ip: 10.1.0.16, host: fv-az294-84.eaanfquahm5ulb5tj050gcxych.jx.internal.cloudapp.net, ports: [REPLICATION=42961, RATIS=38697, RATIS_ADMIN=38697, RATIS_SERVER=38697, STANDALONE=34187], networkLocation: /default-rack, certSerialId: null, persistedOpState: null, persistedOpStateExpiryEpochSec: 0}. Asking datanode to re-register.
2022-01-18 05:35:49,301 [IPC Server handler 16 on default port 34205] INFO  server.SCMDatanodeHeartbeatDispatcher (SCMDatanodeHeartbeatDispatcher.java:dispatch(101)) - SCM received heartbeat from an unregistered datanode 3c29bd76-08cb-41c8-a67d-745d6588ade1{ip: 10.1.0.16, host: fv-az294-84.eaanfquahm5ulb5tj050gcxych.jx.internal.cloudapp.net, ports: [REPLICATION=46343, RATIS=33765, RATIS_ADMIN=33765, RATIS_SERVER=33765, STANDALONE=39395], networkLocation: /default-rack, certSerialId: null, persistedOpState: null, persistedOpStateExpiryEpochSec: 0}. Asking datanode to re-register.
2022-01-18 05:35:49,308 [IPC Server handler 17 on default port 34205] INFO  server.SCMDatanodeHeartbeatDispatcher (SCMDatanodeHeartbeatDispatcher.java:dispatch(101)) - SCM received heartbeat from an unregistered datanode 3c29bd76-08cb-41c8-a67d-745d6588ade1{ip: 10.1.0.16, host: fv-az294-84.eaanfquahm5ulb5tj050gcxych.jx.internal.cloudapp.net, ports: [REPLICATION=46343, RATIS=33765, RATIS_ADMIN=33765, RATIS_SERVER=33765, STANDALONE=39395], networkLocation: /default-rack, certSerialId: null, persistedOpState: null, persistedOpStateExpiryEpochSec: 0}. Asking datanode to re-register.
2022-01-18 05:35:49,308 [IPC Server handler 18 on default port 34205] INFO  server.SCMDatanodeHeartbeatDispatcher (SCMDatanodeHeartbeatDispatcher.java:dispatch(101)) - SCM received heartbeat from an unregistered datanode 3327475e-62cb-4ee7-945b-6ce10b093b44{ip: 10.1.0.16, host: fv-az294-84.eaanfquahm5ulb5tj050gcxych.jx.internal.cloudapp.net, ports: [REPLICATION=42961, RATIS=38697, RATIS_ADMIN=38697, RATIS_SERVER=38697, STANDALONE=34187], networkLocation: /default-rack, certSerialId: null, persistedOpState: null, persistedOpStateExpiryEpochSec: 0}. Asking datanode to re-register.
2022-01-18 05:35:49,339 [IPC Server handler 19 on default port 34205] INFO  server.SCMDatanodeHeartbeatDispatcher (SCMDatanodeHeartbeatDispatcher.java:dispatch(101)) - SCM received heartbeat from an unregistered datanode 3c29bd76-08cb-41c8-a67d-745d6588ade1{ip: 10.1.0.16, host: fv-az294-84.eaanfquahm5ulb5tj050gcxych.jx.internal.cloudapp.net, ports: [REPLICATION=46343, RATIS=33765, RATIS_ADMIN=33765, RATIS_SERVER=33765, STANDALONE=39395], networkLocation: /default-rack, certSerialId: null, persistedOpState: null, persistedOpStateExpiryEpochSec: 0}. Asking datanode to re-register.
2022-01-18 05:35:49,356 [IPC Server handler 2 on default port 34205] INFO  server.SCMDatanodeHeartbeatDispatcher (SCMDatanodeHeartbeatDispatcher.java:dispatch(101)) - SCM received heartbeat from an unregistered datanode 3327475e-62cb-4ee7-945b-6ce10b093b44{ip: 10.1.0.16, host: fv-az294-84.eaanfquahm5ulb5tj050gcxych.jx.internal.cloudapp.net, ports: [REPLICATION=42961, RATIS=38697, RATIS_ADMIN=38697, RATIS_SERVER=38697, STANDALONE=34187], networkLocation: /default-rack, certSerialId: null, persistedOpState: null, persistedOpStateExpiryEpochSec: 0}. Asking datanode to re-register.
2022-01-18 05:35:49,364 [IPC Server handler 3 on default port 34205] INFO  server.SCMDatanodeHeartbeatDispatcher (SCMDatanodeHeartbeatDispatcher.java:dispatch(101)) - SCM received heartbeat from an unregistered datanode 3c29bd76-08cb-41c8-a67d-745d6588ade1{ip: 10.1.0.16, host: fv-az294-84.eaanfquahm5ulb5tj050gcxych.jx.internal.cloudapp.net, ports: [REPLICATION=46343, RATIS=33765, RATIS_ADMIN=33765, RATIS_SERVER=33765, STANDALONE=39395], networkLocation: /default-rack, certSerialId: null, persistedOpState: null, persistedOpStateExpiryEpochSec: 0}. Asking datanode to re-register.
2022-01-18 05:35:49,387 [IPC Server handler 4 on default port 34205] INFO  server.SCMDatanodeHeartbeatDispatcher (SCMDatanodeHeartbeatDispatcher.java:dispatch(101)) - SCM received heartbeat from an unregistered datanode 3c29bd76-08cb-41c8-a67d-745d6588ade1{ip: 10.1.0.16, host: fv-az294-84.eaanfquahm5ulb5tj050gcxych.jx.internal.cloudapp.net, ports: [REPLICATION=46343, RATIS=33765, RATIS_ADMIN=33765, RATIS_SERVER=33765, STANDALONE=39395], networkLocation: /default-rack, certSerialId: null, persistedOpState: null, persistedOpStateExpiryEpochSec: 0}. Asking datanode to re-register.
2022-01-18 05:35:49,392 [Datanode State Machine Daemon Thread] ERROR datanode.RunningDatanodeState (RunningDatanodeState.java:computeNextContainerState(199)) - Error in executing end point task.
java.util.concurrent.ExecutionException: java.util.concurrent.TimeoutException
	at java.util.concurrent.FutureTask.report(FutureTask.java:122)
	at java.util.concurrent.FutureTask.get(FutureTask.java:192)
	at org.apache.hadoop.ozone.container.common.states.datanode.RunningDatanodeState.computeNextContainerState(RunningDatanodeState.java:191)
	at org.apache.hadoop.ozone.container.common.states.datanode.RunningDatanodeState.await(RunningDatanodeState.java:231)
	at org.apache.hadoop.ozone.container.common.states.datanode.RunningDatanodeState.await(RunningDatanodeState.java:50)
	at org.apache.hadoop.ozone.container.common.statemachine.StateContext.execute(StateContext.java:633)
	at org.apache.hadoop.ozone.container.common.statemachine.DatanodeStateMachine.start(DatanodeStateMachine.java:283)
	at org.apache.hadoop.ozone.container.common.statemachine.DatanodeStateMachine.lambda$startDaemon$0(DatanodeStateMachine.java:471)
	at java.lang.Thread.run(Thread.java:748)
Caused by: java.util.concurrent.TimeoutException
	at java.util.concurrent.FutureTask.get(FutureTask.java:205)
	at org.apache.hadoop.ozone.container.common.states.datanode.RunningDatanodeState.lambda$execute$0(RunningDatanodeState.java:149)
	at java.util.concurrent.FutureTask.run(FutureTask.java:266)
	at java.util.concurrent.Executors$RunnableAdapter.call(Executors.java:511)
	at java.util.concurrent.FutureTask.run(FutureTask.java:266)
	at java.util.concurrent.ThreadPoolExecutor.runWorker(ThreadPoolExecutor.java:1149)
	at java.util.concurrent.ThreadPoolExecutor$Worker.run(ThreadPoolExecutor.java:624)
	... 1 more
2022-01-18 05:35:49,402 [IPC Server handler 1 on default port 34205] INFO  server.SCMDatanodeHeartbeatDispatcher (SCMDatanodeHeartbeatDispatcher.java:dispatch(101)) - SCM received heartbeat from an unregistered datanode 3c29bd76-08cb-41c8-a67d-745d6588ade1{ip: 10.1.0.16, host: fv-az294-84.eaanfquahm5ulb5tj050gcxych.jx.internal.cloudapp.net, ports: [REPLICATION=46343, RATIS=33765, RATIS_ADMIN=33765, RATIS_SERVER=33765, STANDALONE=39395], networkLocation: /default-rack, certSerialId: null, persistedOpState: null, persistedOpStateExpiryEpochSec: 0}. Asking datanode to re-register.
2022-01-18 05:35:49,411 [IPC Server handler 5 on default port 34205] INFO  server.SCMDatanodeHeartbeatDispatcher (SCMDatanodeHeartbeatDispatcher.java:dispatch(101)) - SCM received heartbeat from an unregistered datanode 3327475e-62cb-4ee7-945b-6ce10b093b44{ip: 10.1.0.16, host: fv-az294-84.eaanfquahm5ulb5tj050gcxych.jx.internal.cloudapp.net, ports: [REPLICATION=42961, RATIS=38697, RATIS_ADMIN=38697, RATIS_SERVER=38697, STANDALONE=34187], networkLocation: /default-rack, certSerialId: null, persistedOpState: null, persistedOpStateExpiryEpochSec: 0}. Asking datanode to re-register.
2022-01-18 05:35:49,413 [IPC Server handler 0 on default port 34205] INFO  server.SCMDatanodeHeartbeatDispatcher (SCMDatanodeHeartbeatDispatcher.java:dispatch(101)) - SCM received heartbeat from an unregistered datanode 3327475e-62cb-4ee7-945b-6ce10b093b44{ip: 10.1.0.16, host: fv-az294-84.eaanfquahm5ulb5tj050gcxych.jx.internal.cloudapp.net, ports: [REPLICATION=42961, RATIS=38697, RATIS_ADMIN=38697, RATIS_SERVER=38697, STANDALONE=34187], networkLocation: /default-rack, certSerialId: null, persistedOpState: null, persistedOpStateExpiryEpochSec: 0}. Asking datanode to re-register.
2022-01-18 05:35:49,425 [IPC Server handler 7 on default port 34205] INFO  net.NetworkTopologyImpl (NetworkTopologyImpl.java:add(112)) - Added a new node: /default-rack/67260eab-501e-432c-b67c-83a04ad0151f
2022-01-18 05:35:49,434 [IPC Server handler 7 on default port 34205] INFO  node.SCMNodeManager (SCMNodeManager.java:register(389)) - Registered Data node : 67260eab-501e-432c-b67c-83a04ad0151f{ip: 10.1.0.16, host: fv-az294-84.eaanfquahm5ulb5tj050gcxych.jx.internal.cloudapp.net, ports: [REPLICATION=39365, RATIS=38305, RATIS_ADMIN=38305, RATIS_SERVER=38305, STANDALONE=33019], networkLocation: /default-rack, certSerialId: null, persistedOpState: IN_SERVICE, persistedOpStateExpiryEpochSec: 0}
2022-01-18 05:35:49,417 [IPC Server handler 6 on default port 34205] INFO  server.SCMDatanodeHeartbeatDispatcher (SCMDatanodeHeartbeatDispatcher.java:dispatch(101)) - SCM received heartbeat from an unregistered datanode 3c29bd76-08cb-41c8-a67d-745d6588ade1{ip: 10.1.0.16, host: fv-az294-84.eaanfquahm5ulb5tj050gcxych.jx.internal.cloudapp.net, ports: [REPLICATION=46343, RATIS=33765, RATIS_ADMIN=33765, RATIS_SERVER=33765, STANDALONE=39395], networkLocation: /default-rack, certSerialId: null, persistedOpState: null, persistedOpStateExpiryEpochSec: 0}. Asking datanode to re-register.
2022-01-18 05:35:49,431 [IPC Server handler 9 on default port 34205] INFO  server.SCMDatanodeHeartbeatDispatcher (SCMDatanodeHeartbeatDispatcher.java:dispatch(101)) - SCM received heartbeat from an unregistered datanode 3327475e-62cb-4ee7-945b-6ce10b093b44{ip: 10.1.0.16, host: fv-az294-84.eaanfquahm5ulb5tj050gcxych.jx.internal.cloudapp.net, ports: [REPLICATION=42961, RATIS=38697, RATIS_ADMIN=38697, RATIS_SERVER=38697, STANDALONE=34187], networkLocation: /default-rack, certSerialId: null, persistedOpState: null, persistedOpStateExpiryEpochSec: 0}. Asking datanode to re-register.
2022-01-18 05:35:49,435 [IPC Server handler 8 on default port 34205] INFO  server.SCMDatanodeHeartbeatDispatcher (SCMDatanodeHeartbeatDispatcher.java:dispatch(101)) - SCM received heartbeat from an unregistered datanode 3c29bd76-08cb-41c8-a67d-745d6588ade1{ip: 10.1.0.16, host: fv-az294-84.eaanfquahm5ulb5tj050gcxych.jx.internal.cloudapp.net, ports: [REPLICATION=46343, RATIS=33765, RATIS_ADMIN=33765, RATIS_SERVER=33765, STANDALONE=39395], networkLocation: /default-rack, certSerialId: null, persistedOpState: null, persistedOpStateExpiryEpochSec: 0}. Asking datanode to re-register.
2022-01-18 05:35:49,446 [EventQueue-NodeRegistrationContainerReportForContainerSafeModeRule] INFO  safemode.SCMSafeModeManager (SCMSafeModeManager.java:validateSafeModeExitRules(204)) - ContainerSafeModeRule rule is successfully validated
2022-01-18 05:35:49,439 [EventQueue-NodeRegistrationContainerReportForDataNodeSafeModeRule] INFO  safemode.SCMSafeModeManager (DataNodeSafeModeRule.java:process(71)) - SCM in safe mode. 1 DataNodes registered, 3 required.
2022-01-18 05:35:49,439 [EventQueue-NewNodeForNewNodeHandler] INFO  pipeline.BackgroundPipelineCreator (BackgroundPipelineCreator.java:notifyEventTriggered(285)) - trigger a one-shot run on RatisPipelineUtilsThread.
2022-01-18 05:35:49,438 [IPC Server handler 10 on default port 34205] INFO  server.SCMDatanodeHeartbeatDispatcher (SCMDatanodeHeartbeatDispatcher.java:dispatch(101)) - SCM received heartbeat from an unregistered datanode 3327475e-62cb-4ee7-945b-6ce10b093b44{ip: 10.1.0.16, host: fv-az294-84.eaanfquahm5ulb5tj050gcxych.jx.internal.cloudapp.net, ports: [REPLICATION=42961, RATIS=38697, RATIS_ADMIN=38697, RATIS_SERVER=38697, STANDALONE=34187], networkLocation: /default-rack, certSerialId: null, persistedOpState: null, persistedOpStateExpiryEpochSec: 0}. Asking datanode to re-register.
2022-01-18 05:35:49,453 [IPC Server handler 11 on default port 34205] INFO  server.SCMDatanodeHeartbeatDispatcher (SCMDatanodeHeartbeatDispatcher.java:dispatch(101)) - SCM received heartbeat from an unregistered datanode 3c29bd76-08cb-41c8-a67d-745d6588ade1{ip: 10.1.0.16, host: fv-az294-84.eaanfquahm5ulb5tj050gcxych.jx.internal.cloudapp.net, ports: [REPLICATION=46343, RATIS=33765, RATIS_ADMIN=33765, RATIS_SERVER=33765, STANDALONE=39395], networkLocation: /default-rack, certSerialId: null, persistedOpState: null, persistedOpStateExpiryEpochSec: 0}. Asking datanode to re-register.
2022-01-18 05:35:49,457 [IPC Server handler 12 on default port 34205] INFO  server.SCMDatanodeHeartbeatDispatcher (SCMDatanodeHeartbeatDispatcher.java:dispatch(101)) - SCM received heartbeat from an unregistered datanode 3327475e-62cb-4ee7-945b-6ce10b093b44{ip: 10.1.0.16, host: fv-az294-84.eaanfquahm5ulb5tj050gcxych.jx.internal.cloudapp.net, ports: [REPLICATION=42961, RATIS=38697, RATIS_ADMIN=38697, RATIS_SERVER=38697, STANDALONE=34187], networkLocation: /default-rack, certSerialId: null, persistedOpState: null, persistedOpStateExpiryEpochSec: 0}. Asking datanode to re-register.
2022-01-18 05:35:49,452 [EventQueue-PipelineReportForOneReplicaPipelineSafeModeRule] INFO  safemode.SCMSafeModeManager (OneReplicaPipelineSafeModeRule.java:process(120)) - SCM in safe mode. Pipelines with at least one datanode reported count is 1, required at least one datanode reported per pipeline count is 1
2022-01-18 05:35:49,459 [EventQueue-PipelineReportForOneReplicaPipelineSafeModeRule] INFO  safemode.SCMSafeModeManager (SCMSafeModeManager.java:validateSafeModeExitRules(204)) - AtleastOneDatanodeReportedRule rule is successfully validated
2022-01-18 05:35:49,459 [IPC Server handler 13 on default port 34205] INFO  server.SCMDatanodeHeartbeatDispatcher (SCMDatanodeHeartbeatDispatcher.java:dispatch(101)) - SCM received heartbeat from an unregistered datanode 3c29bd76-08cb-41c8-a67d-745d6588ade1{ip: 10.1.0.16, host: fv-az294-84.eaanfquahm5ulb5tj050gcxych.jx.internal.cloudapp.net, ports: [REPLICATION=46343, RATIS=33765, RATIS_ADMIN=33765, RATIS_SERVER=33765, STANDALONE=39395], networkLocation: /default-rack, certSerialId: null, persistedOpState: null, persistedOpStateExpiryEpochSec: 0}. Asking datanode to re-register.
2022-01-18 05:35:49,460 [IPC Server handler 14 on default port 34205] INFO  server.SCMDatanodeHeartbeatDispatcher (SCMDatanodeHeartbeatDispatcher.java:dispatch(101)) - SCM received heartbeat from an unregistered datanode 3327475e-62cb-4ee7-945b-6ce10b093b44{ip: 10.1.0.16, host: fv-az294-84.eaanfquahm5ulb5tj050gcxych.jx.internal.cloudapp.net, ports: [REPLICATION=42961, RATIS=38697, RATIS_ADMIN=38697, RATIS_SERVER=38697, STANDALONE=34187], networkLocation: /default-rack, certSerialId: null, persistedOpState: null, persistedOpStateExpiryEpochSec: 0}. Asking datanode to re-register.
2022-01-18 05:35:49,485 [EventQueue-OpenPipelineForHealthyPipelineSafeModeRule] INFO  safemode.SCMSafeModeManager (HealthyPipelineSafeModeRule.java:process(124)) - SCM in safe mode. Healthy pipelines reported count is 0, required healthy pipeline reported count is 1
2022-01-18 05:35:49,492 [IPC Server handler 15 on default port 34205] INFO  server.SCMDatanodeHeartbeatDispatcher (SCMDatanodeHeartbeatDispatcher.java:dispatch(101)) - SCM received heartbeat from an unregistered datanode 3327475e-62cb-4ee7-945b-6ce10b093b44{ip: 10.1.0.16, host: fv-az294-84.eaanfquahm5ulb5tj050gcxych.jx.internal.cloudapp.net, ports: [REPLICATION=42961, RATIS=38697, RATIS_ADMIN=38697, RATIS_SERVER=38697, STANDALONE=34187], networkLocation: /default-rack, certSerialId: null, persistedOpState: null, persistedOpStateExpiryEpochSec: 0}. Asking datanode to re-register.
2022-01-18 05:35:49,492 [IPC Server handler 16 on default port 34205] INFO  server.SCMDatanodeHeartbeatDispatcher (SCMDatanodeHeartbeatDispatcher.java:dispatch(101)) - SCM received heartbeat from an unregistered datanode 3c29bd76-08cb-41c8-a67d-745d6588ade1{ip: 10.1.0.16, host: fv-az294-84.eaanfquahm5ulb5tj050gcxych.jx.internal.cloudapp.net, ports: [REPLICATION=46343, RATIS=33765, RATIS_ADMIN=33765, RATIS_SERVER=33765, STANDALONE=39395], networkLocation: /default-rack, certSerialId: null, persistedOpState: null, persistedOpStateExpiryEpochSec: 0}. Asking datanode to re-register.
2022-01-18 05:35:49,514 [IPC Server handler 17 on default port 34205] INFO  server.SCMDatanodeHeartbeatDispatcher (SCMDatanodeHeartbeatDispatcher.java:dispatch(101)) - SCM received heartbeat from an unregistered datanode 3327475e-62cb-4ee7-945b-6ce10b093b44{ip: 10.1.0.16, host: fv-az294-84.eaanfquahm5ulb5tj050gcxych.jx.internal.cloudapp.net, ports: [REPLICATION=42961, RATIS=38697, RATIS_ADMIN=38697, RATIS_SERVER=38697, STANDALONE=34187], networkLocation: /default-rack, certSerialId: null, persistedOpState: null, persistedOpStateExpiryEpochSec: 0}. Asking datanode to re-register.
2022-01-18 05:35:49,514 [IPC Server handler 18 on default port 34205] INFO  server.SCMDatanodeHeartbeatDispatcher (SCMDatanodeHeartbeatDispatcher.java:dispatch(101)) - SCM received heartbeat from an unregistered datanode 3c29bd76-08cb-41c8-a67d-745d6588ade1{ip: 10.1.0.16, host: fv-az294-84.eaanfquahm5ulb5tj050gcxych.jx.internal.cloudapp.net, ports: [REPLICATION=46343, RATIS=33765, RATIS_ADMIN=33765, RATIS_SERVER=33765, STANDALONE=39395], networkLocation: /default-rack, certSerialId: null, persistedOpState: null, persistedOpStateExpiryEpochSec: 0}. Asking datanode to re-register.
2022-01-18 05:35:49,516 [IPC Server handler 19 on default port 34205] INFO  server.SCMDatanodeHeartbeatDispatcher (SCMDatanodeHeartbeatDispatcher.java:dispatch(101)) - SCM received heartbeat from an unregistered datanode 3c29bd76-08cb-41c8-a67d-745d6588ade1{ip: 10.1.0.16, host: fv-az294-84.eaanfquahm5ulb5tj050gcxych.jx.internal.cloudapp.net, ports: [REPLICATION=46343, RATIS=33765, RATIS_ADMIN=33765, RATIS_SERVER=33765, STANDALONE=39395], networkLocation: /default-rack, certSerialId: null, persistedOpState: null, persistedOpStateExpiryEpochSec: 0}. Asking datanode to re-register.
2022-01-18 05:35:49,522 [IPC Server handler 2 on default port 34205] INFO  server.SCMDatanodeHeartbeatDispatcher (SCMDatanodeHeartbeatDispatcher.java:dispatch(101)) - SCM received heartbeat from an unregistered datanode 3c29bd76-08cb-41c8-a67d-745d6588ade1{ip: 10.1.0.16, host: fv-az294-84.eaanfquahm5ulb5tj050gcxych.jx.internal.cloudapp.net, ports: [REPLICATION=46343, RATIS=33765, RATIS_ADMIN=33765, RATIS_SERVER=33765, STANDALONE=39395], networkLocation: /default-rack, certSerialId: null, persistedOpState: null, persistedOpStateExpiryEpochSec: 0}. Asking datanode to re-register.
2022-01-18 05:35:49,539 [IPC Server handler 3 on default port 34205] INFO  server.SCMDatanodeHeartbeatDispatcher (SCMDatanodeHeartbeatDispatcher.java:dispatch(101)) - SCM received heartbeat from an unregistered datanode 3c29bd76-08cb-41c8-a67d-745d6588ade1{ip: 10.1.0.16, host: fv-az294-84.eaanfquahm5ulb5tj050gcxych.jx.internal.cloudapp.net, ports: [REPLICATION=46343, RATIS=33765, RATIS_ADMIN=33765, RATIS_SERVER=33765, STANDALONE=39395], networkLocation: /default-rack, certSerialId: null, persistedOpState: null, persistedOpStateExpiryEpochSec: 0}. Asking datanode to re-register.
2022-01-18 05:35:49,556 [IPC Server handler 4 on default port 34205] INFO  server.SCMDatanodeHeartbeatDispatcher (SCMDatanodeHeartbeatDispatcher.java:dispatch(101)) - SCM received heartbeat from an unregistered datanode 3327475e-62cb-4ee7-945b-6ce10b093b44{ip: 10.1.0.16, host: fv-az294-84.eaanfquahm5ulb5tj050gcxych.jx.internal.cloudapp.net, ports: [REPLICATION=42961, RATIS=38697, RATIS_ADMIN=38697, RATIS_SERVER=38697, STANDALONE=34187], networkLocation: /default-rack, certSerialId: null, persistedOpState: null, persistedOpStateExpiryEpochSec: 0}. Asking datanode to re-register.
2022-01-18 05:35:49,558 [IPC Server handler 5 on default port 34205] INFO  server.SCMDatanodeHeartbeatDispatcher (SCMDatanodeHeartbeatDispatcher.java:dispatch(101)) - SCM received heartbeat from an unregistered datanode 3c29bd76-08cb-41c8-a67d-745d6588ade1{ip: 10.1.0.16, host: fv-az294-84.eaanfquahm5ulb5tj050gcxych.jx.internal.cloudapp.net, ports: [REPLICATION=46343, RATIS=33765, RATIS_ADMIN=33765, RATIS_SERVER=33765, STANDALONE=39395], networkLocation: /default-rack, certSerialId: null, persistedOpState: null, persistedOpStateExpiryEpochSec: 0}. Asking datanode to re-register.
2022-01-18 05:35:49,569 [IPC Server handler 1 on default port 34205] INFO  server.SCMDatanodeHeartbeatDispatcher (SCMDatanodeHeartbeatDispatcher.java:dispatch(101)) - SCM received heartbeat from an unregistered datanode 3327475e-62cb-4ee7-945b-6ce10b093b44{ip: 10.1.0.16, host: fv-az294-84.eaanfquahm5ulb5tj050gcxych.jx.internal.cloudapp.net, ports: [REPLICATION=42961, RATIS=38697, RATIS_ADMIN=38697, RATIS_SERVER=38697, STANDALONE=34187], networkLocation: /default-rack, certSerialId: null, persistedOpState: null, persistedOpStateExpiryEpochSec: 0}. Asking datanode to re-register.
2022-01-18 05:35:49,584 [IPC Server handler 0 on default port 34205] INFO  server.SCMDatanodeHeartbeatDispatcher (SCMDatanodeHeartbeatDispatcher.java:dispatch(101)) - SCM received heartbeat from an unregistered datanode 3c29bd76-08cb-41c8-a67d-745d6588ade1{ip: 10.1.0.16, host: fv-az294-84.eaanfquahm5ulb5tj050gcxych.jx.internal.cloudapp.net, ports: [REPLICATION=46343, RATIS=33765, RATIS_ADMIN=33765, RATIS_SERVER=33765, STANDALONE=39395], networkLocation: /default-rack, certSerialId: null, persistedOpState: null, persistedOpStateExpiryEpochSec: 0}. Asking datanode to re-register.
2022-01-18 05:35:49,584 [IPC Server handler 0 on default port 34205] INFO  server.SCMDatanodeHeartbeatDispatcher (SCMDatanodeHeartbeatDispatcher.java:dispatch(101)) - SCM received heartbeat from an unregistered datanode 3327475e-62cb-4ee7-945b-6ce10b093b44{ip: 10.1.0.16, host: fv-az294-84.eaanfquahm5ulb5tj050gcxych.jx.internal.cloudapp.net, ports: [REPLICATION=42961, RATIS=38697, RATIS_ADMIN=38697, RATIS_SERVER=38697, STANDALONE=34187], networkLocation: /default-rack, certSerialId: null, persistedOpState: null, persistedOpStateExpiryEpochSec: 0}. Asking datanode to re-register.
2022-01-18 05:35:49,585 [IPC Server handler 9 on default port 34205] INFO  server.SCMDatanodeHeartbeatDispatcher (SCMDatanodeHeartbeatDispatcher.java:dispatch(101)) - SCM received heartbeat from an unregistered datanode 3c29bd76-08cb-41c8-a67d-745d6588ade1{ip: 10.1.0.16, host: fv-az294-84.eaanfquahm5ulb5tj050gcxych.jx.internal.cloudapp.net, ports: [REPLICATION=46343, RATIS=33765, RATIS_ADMIN=33765, RATIS_SERVER=33765, STANDALONE=39395], networkLocation: /default-rack, certSerialId: null, persistedOpState: null, persistedOpStateExpiryEpochSec: 0}. Asking datanode to re-register.
2022-01-18 05:35:49,588 [IPC Server handler 7 on default port 34205] INFO  server.SCMDatanodeHeartbeatDispatcher (SCMDatanodeHeartbeatDispatcher.java:dispatch(101)) - SCM received heartbeat from an unregistered datanode 3c29bd76-08cb-41c8-a67d-745d6588ade1{ip: 10.1.0.16, host: fv-az294-84.eaanfquahm5ulb5tj050gcxych.jx.internal.cloudapp.net, ports: [REPLICATION=46343, RATIS=33765, RATIS_ADMIN=33765, RATIS_SERVER=33765, STANDALONE=39395], networkLocation: /default-rack, certSerialId: null, persistedOpState: null, persistedOpStateExpiryEpochSec: 0}. Asking datanode to re-register.
2022-01-18 05:35:49,589 [IPC Server handler 8 on default port 34205] INFO  server.SCMDatanodeHeartbeatDispatcher (SCMDatanodeHeartbeatDispatcher.java:dispatch(101)) - SCM received heartbeat from an unregistered datanode 3c29bd76-08cb-41c8-a67d-745d6588ade1{ip: 10.1.0.16, host: fv-az294-84.eaanfquahm5ulb5tj050gcxych.jx.internal.cloudapp.net, ports: [REPLICATION=46343, RATIS=33765, RATIS_ADMIN=33765, RATIS_SERVER=33765, STANDALONE=39395], networkLocation: /default-rack, certSerialId: null, persistedOpState: null, persistedOpStateExpiryEpochSec: 0}. Asking datanode to re-register.
2022-01-18 05:35:49,590 [IPC Server handler 10 on default port 34205] INFO  server.SCMDatanodeHeartbeatDispatcher (SCMDatanodeHeartbeatDispatcher.java:dispatch(101)) - SCM received heartbeat from an unregistered datanode 3c29bd76-08cb-41c8-a67d-745d6588ade1{ip: 10.1.0.16, host: fv-az294-84.eaanfquahm5ulb5tj050gcxych.jx.internal.cloudapp.net, ports: [REPLICATION=46343, RATIS=33765, RATIS_ADMIN=33765, RATIS_SERVER=33765, STANDALONE=39395], networkLocation: /default-rack, certSerialId: null, persistedOpState: null, persistedOpStateExpiryEpochSec: 0}. Asking datanode to re-register.
2022-01-18 05:35:49,590 [IPC Server handler 11 on default port 34205] INFO  server.SCMDatanodeHeartbeatDispatcher (SCMDatanodeHeartbeatDispatcher.java:dispatch(101)) - SCM received heartbeat from an unregistered datanode 3c29bd76-08cb-41c8-a67d-745d6588ade1{ip: 10.1.0.16, host: fv-az294-84.eaanfquahm5ulb5tj050gcxych.jx.internal.cloudapp.net, ports: [REPLICATION=46343, RATIS=33765, RATIS_ADMIN=33765, RATIS_SERVER=33765, STANDALONE=39395], networkLocation: /default-rack, certSerialId: null, persistedOpState: null, persistedOpStateExpiryEpochSec: 0}. Asking datanode to re-register.
2022-01-18 05:35:49,591 [IPC Server handler 12 on default port 34205] INFO  server.SCMDatanodeHeartbeatDispatcher (SCMDatanodeHeartbeatDispatcher.java:dispatch(101)) - SCM received heartbeat from an unregistered datanode 3327475e-62cb-4ee7-945b-6ce10b093b44{ip: 10.1.0.16, host: fv-az294-84.eaanfquahm5ulb5tj050gcxych.jx.internal.cloudapp.net, ports: [REPLICATION=42961, RATIS=38697, RATIS_ADMIN=38697, RATIS_SERVER=38697, STANDALONE=34187], networkLocation: /default-rack, certSerialId: null, persistedOpState: null, persistedOpStateExpiryEpochSec: 0}. Asking datanode to re-register.
2022-01-18 05:35:49,591 [IPC Server handler 13 on default port 34205] INFO  server.SCMDatanodeHeartbeatDispatcher (SCMDatanodeHeartbeatDispatcher.java:dispatch(101)) - SCM received heartbeat from an unregistered datanode 3327475e-62cb-4ee7-945b-6ce10b093b44{ip: 10.1.0.16, host: fv-az294-84.eaanfquahm5ulb5tj050gcxych.jx.internal.cloudapp.net, ports: [REPLICATION=42961, RATIS=38697, RATIS_ADMIN=38697, RATIS_SERVER=38697, STANDALONE=34187], networkLocation: /default-rack, certSerialId: null, persistedOpState: null, persistedOpStateExpiryEpochSec: 0}. Asking datanode to re-register.
2022-01-18 05:35:49,592 [IPC Server handler 14 on default port 34205] INFO  server.SCMDatanodeHeartbeatDispatcher (SCMDatanodeHeartbeatDispatcher.java:dispatch(101)) - SCM received heartbeat from an unregistered datanode 3327475e-62cb-4ee7-945b-6ce10b093b44{ip: 10.1.0.16, host: fv-az294-84.eaanfquahm5ulb5tj050gcxych.jx.internal.cloudapp.net, ports: [REPLICATION=42961, RATIS=38697, RATIS_ADMIN=38697, RATIS_SERVER=38697, STANDALONE=34187], networkLocation: /default-rack, certSerialId: null, persistedOpState: null, persistedOpStateExpiryEpochSec: 0}. Asking datanode to re-register.
2022-01-18 05:35:49,593 [IPC Server handler 15 on default port 34205] INFO  server.SCMDatanodeHeartbeatDispatcher (SCMDatanodeHeartbeatDispatcher.java:dispatch(101)) - SCM received heartbeat from an unregistered datanode 3327475e-62cb-4ee7-945b-6ce10b093b44{ip: 10.1.0.16, host: fv-az294-84.eaanfquahm5ulb5tj050gcxych.jx.internal.cloudapp.net, ports: [REPLICATION=42961, RATIS=38697, RATIS_ADMIN=38697, RATIS_SERVER=38697, STANDALONE=34187], networkLocation: /default-rack, certSerialId: null, persistedOpState: null, persistedOpStateExpiryEpochSec: 0}. Asking datanode to re-register.
2022-01-18 05:35:49,594 [IPC Server handler 16 on default port 34205] INFO  server.SCMDatanodeHeartbeatDispatcher (SCMDatanodeHeartbeatDispatcher.java:dispatch(101)) - SCM received heartbeat from an unregistered datanode 3327475e-62cb-4ee7-945b-6ce10b093b44{ip: 10.1.0.16, host: fv-az294-84.eaanfquahm5ulb5tj050gcxych.jx.internal.cloudapp.net, ports: [REPLICATION=42961, RATIS=38697, RATIS_ADMIN=38697, RATIS_SERVER=38697, STANDALONE=34187], networkLocation: /default-rack, certSerialId: null, persistedOpState: null, persistedOpStateExpiryEpochSec: 0}. Asking datanode to re-register.
2022-01-18 05:35:49,594 [IPC Server handler 16 on default port 34205] INFO  server.SCMDatanodeHeartbeatDispatcher (SCMDatanodeHeartbeatDispatcher.java:dispatch(101)) - SCM received heartbeat from an unregistered datanode 3c29bd76-08cb-41c8-a67d-745d6588ade1{ip: 10.1.0.16, host: fv-az294-84.eaanfquahm5ulb5tj050gcxych.jx.internal.cloudapp.net, ports: [REPLICATION=46343, RATIS=33765, RATIS_ADMIN=33765, RATIS_SERVER=33765, STANDALONE=39395], networkLocation: /default-rack, certSerialId: null, persistedOpState: null, persistedOpStateExpiryEpochSec: 0}. Asking datanode to re-register.
2022-01-18 05:35:49,602 [IPC Server handler 19 on default port 34205] INFO  server.SCMDatanodeHeartbeatDispatcher (SCMDatanodeHeartbeatDispatcher.java:dispatch(101)) - SCM received heartbeat from an unregistered datanode 3327475e-62cb-4ee7-945b-6ce10b093b44{ip: 10.1.0.16, host: fv-az294-84.eaanfquahm5ulb5tj050gcxych.jx.internal.cloudapp.net, ports: [REPLICATION=42961, RATIS=38697, RATIS_ADMIN=38697, RATIS_SERVER=38697, STANDALONE=34187], networkLocation: /default-rack, certSerialId: null, persistedOpState: null, persistedOpStateExpiryEpochSec: 0}. Asking datanode to re-register.
2022-01-18 05:35:49,602 [IPC Server handler 19 on default port 34205] INFO  server.SCMDatanodeHeartbeatDispatcher (SCMDatanodeHeartbeatDispatcher.java:dispatch(101)) - SCM received heartbeat from an unregistered datanode 3c29bd76-08cb-41c8-a67d-745d6588ade1{ip: 10.1.0.16, host: fv-az294-84.eaanfquahm5ulb5tj050gcxych.jx.internal.cloudapp.net, ports: [REPLICATION=46343, RATIS=33765, RATIS_ADMIN=33765, RATIS_SERVER=33765, STANDALONE=39395], networkLocation: /default-rack, certSerialId: null, persistedOpState: null, persistedOpStateExpiryEpochSec: 0}. Asking datanode to re-register.
2022-01-18 05:35:49,603 [IPC Server handler 2 on default port 34205] INFO  server.SCMDatanodeHeartbeatDispatcher (SCMDatanodeHeartbeatDispatcher.java:dispatch(101)) - SCM received heartbeat from an unregistered datanode 3327475e-62cb-4ee7-945b-6ce10b093b44{ip: 10.1.0.16, host: fv-az294-84.eaanfquahm5ulb5tj050gcxych.jx.internal.cloudapp.net, ports: [REPLICATION=42961, RATIS=38697, RATIS_ADMIN=38697, RATIS_SERVER=38697, STANDALONE=34187], networkLocation: /default-rack, certSerialId: null, persistedOpState: null, persistedOpStateExpiryEpochSec: 0}. Asking datanode to re-register.
2022-01-18 05:35:49,604 [IPC Server handler 3 on default port 34205] INFO  server.SCMDatanodeHeartbeatDispatcher (SCMDatanodeHeartbeatDispatcher.java:dispatch(101)) - SCM received heartbeat from an unregistered datanode 3327475e-62cb-4ee7-945b-6ce10b093b44{ip: 10.1.0.16, host: fv-az294-84.eaanfquahm5ulb5tj050gcxych.jx.internal.cloudapp.net, ports: [REPLICATION=42961, RATIS=38697, RATIS_ADMIN=38697, RATIS_SERVER=38697, STANDALONE=34187], networkLocation: /default-rack, certSerialId: null, persistedOpState: null, persistedOpStateExpiryEpochSec: 0}. Asking datanode to re-register.
2022-01-18 05:35:49,604 [IPC Server handler 3 on default port 34205] INFO  server.SCMDatanodeHeartbeatDispatcher (SCMDatanodeHeartbeatDispatcher.java:dispatch(101)) - SCM received heartbeat from an unregistered datanode 3c29bd76-08cb-41c8-a67d-745d6588ade1{ip: 10.1.0.16, host: fv-az294-84.eaanfquahm5ulb5tj050gcxych.jx.internal.cloudapp.net, ports: [REPLICATION=46343, RATIS=33765, RATIS_ADMIN=33765, RATIS_SERVER=33765, STANDALONE=39395], networkLocation: /default-rack, certSerialId: null, persistedOpState: null, persistedOpStateExpiryEpochSec: 0}. Asking datanode to re-register.
2022-01-18 05:35:49,605 [IPC Server handler 5 on default port 34205] INFO  server.SCMDatanodeHeartbeatDispatcher (SCMDatanodeHeartbeatDispatcher.java:dispatch(101)) - SCM received heartbeat from an unregistered datanode 3327475e-62cb-4ee7-945b-6ce10b093b44{ip: 10.1.0.16, host: fv-az294-84.eaanfquahm5ulb5tj050gcxych.jx.internal.cloudapp.net, ports: [REPLICATION=42961, RATIS=38697, RATIS_ADMIN=38697, RATIS_SERVER=38697, STANDALONE=34187], networkLocation: /default-rack, certSerialId: null, persistedOpState: null, persistedOpStateExpiryEpochSec: 0}. Asking datanode to re-register.
2022-01-18 05:35:49,606 [IPC Server handler 1 on default port 34205] INFO  server.SCMDatanodeHeartbeatDispatcher (SCMDatanodeHeartbeatDispatcher.java:dispatch(101)) - SCM received heartbeat from an unregistered datanode 3327475e-62cb-4ee7-945b-6ce10b093b44{ip: 10.1.0.16, host: fv-az294-84.eaanfquahm5ulb5tj050gcxych.jx.internal.cloudapp.net, ports: [REPLICATION=42961, RATIS=38697, RATIS_ADMIN=38697, RATIS_SERVER=38697, STANDALONE=34187], networkLocation: /default-rack, certSerialId: null, persistedOpState: null, persistedOpStateExpiryEpochSec: 0}. Asking datanode to re-register.
2022-01-18 05:35:49,607 [IPC Server handler 0 on default port 34205] INFO  server.SCMDatanodeHeartbeatDispatcher (SCMDatanodeHeartbeatDispatcher.java:dispatch(101)) - SCM received heartbeat from an unregistered datanode 3327475e-62cb-4ee7-945b-6ce10b093b44{ip: 10.1.0.16, host: fv-az294-84.eaanfquahm5ulb5tj050gcxych.jx.internal.cloudapp.net, ports: [REPLICATION=42961, RATIS=38697, RATIS_ADMIN=38697, RATIS_SERVER=38697, STANDALONE=34187], networkLocation: /default-rack, certSerialId: null, persistedOpState: null, persistedOpStateExpiryEpochSec: 0}. Asking datanode to re-register.
2022-01-18 05:35:49,607 [IPC Server handler 6 on default port 34205] INFO  server.SCMDatanodeHeartbeatDispatcher (SCMDatanodeHeartbeatDispatcher.java:dispatch(101)) - SCM received heartbeat from an unregistered datanode 3327475e-62cb-4ee7-945b-6ce10b093b44{ip: 10.1.0.16, host: fv-az294-84.eaanfquahm5ulb5tj050gcxych.jx.internal.cloudapp.net, ports: [REPLICATION=42961, RATIS=38697, RATIS_ADMIN=38697, RATIS_SERVER=38697, STANDALONE=34187], networkLocation: /default-rack, certSerialId: null, persistedOpState: null, persistedOpStateExpiryEpochSec: 0}. Asking datanode to re-register.
2022-01-18 05:35:49,608 [IPC Server handler 9 on default port 34205] INFO  server.SCMDatanodeHeartbeatDispatcher (SCMDatanodeHeartbeatDispatcher.java:dispatch(101)) - SCM received heartbeat from an unregistered datanode 3327475e-62cb-4ee7-945b-6ce10b093b44{ip: 10.1.0.16, host: fv-az294-84.eaanfquahm5ulb5tj050gcxych.jx.internal.cloudapp.net, ports: [REPLICATION=42961, RATIS=38697, RATIS_ADMIN=38697, RATIS_SERVER=38697, STANDALONE=34187], networkLocation: /default-rack, certSerialId: null, persistedOpState: null, persistedOpStateExpiryEpochSec: 0}. Asking datanode to re-register.
2022-01-18 05:35:49,608 [IPC Server handler 7 on default port 34205] INFO  server.SCMDatanodeHeartbeatDispatcher (SCMDatanodeHeartbeatDispatcher.java:dispatch(101)) - SCM received heartbeat from an unregistered datanode 3c29bd76-08cb-41c8-a67d-745d6588ade1{ip: 10.1.0.16, host: fv-az294-84.eaanfquahm5ulb5tj050gcxych.jx.internal.cloudapp.net, ports: [REPLICATION=46343, RATIS=33765, RATIS_ADMIN=33765, RATIS_SERVER=33765, STANDALONE=39395], networkLocation: /default-rack, certSerialId: null, persistedOpState: null, persistedOpStateExpiryEpochSec: 0}. Asking datanode to re-register.
2022-01-18 05:35:49,609 [IPC Server handler 8 on default port 34205] INFO  server.SCMDatanodeHeartbeatDispatcher (SCMDatanodeHeartbeatDispatcher.java:dispatch(101)) - SCM received heartbeat from an unregistered datanode 3327475e-62cb-4ee7-945b-6ce10b093b44{ip: 10.1.0.16, host: fv-az294-84.eaanfquahm5ulb5tj050gcxych.jx.internal.cloudapp.net, ports: [REPLICATION=42961, RATIS=38697, RATIS_ADMIN=38697, RATIS_SERVER=38697, STANDALONE=34187], networkLocation: /default-rack, certSerialId: null, persistedOpState: null, persistedOpStateExpiryEpochSec: 0}. Asking datanode to re-register.
2022-01-18 05:35:49,610 [IPC Server handler 10 on default port 34205] INFO  server.SCMDatanodeHeartbeatDispatcher (SCMDatanodeHeartbeatDispatcher.java:dispatch(101)) - SCM received heartbeat from an unregistered datanode 3327475e-62cb-4ee7-945b-6ce10b093b44{ip: 10.1.0.16, host: fv-az294-84.eaanfquahm5ulb5tj050gcxych.jx.internal.cloudapp.net, ports: [REPLICATION=42961, RATIS=38697, RATIS_ADMIN=38697, RATIS_SERVER=38697, STANDALONE=34187], networkLocation: /default-rack, certSerialId: null, persistedOpState: null, persistedOpStateExpiryEpochSec: 0}. Asking datanode to re-register.
2022-01-18 05:35:49,610 [IPC Server handler 11 on default port 34205] INFO  server.SCMDatanodeHeartbeatDispatcher (SCMDatanodeHeartbeatDispatcher.java:dispatch(101)) - SCM received heartbeat from an unregistered datanode 3c29bd76-08cb-41c8-a67d-745d6588ade1{ip: 10.1.0.16, host: fv-az294-84.eaanfquahm5ulb5tj050gcxych.jx.internal.cloudapp.net, ports: [REPLICATION=46343, RATIS=33765, RATIS_ADMIN=33765, RATIS_SERVER=33765, STANDALONE=39395], networkLocation: /default-rack, certSerialId: null, persistedOpState: null, persistedOpStateExpiryEpochSec: 0}. Asking datanode to re-register.
2022-01-18 05:35:49,611 [IPC Server handler 12 on default port 34205] INFO  server.SCMDatanodeHeartbeatDispatcher (SCMDatanodeHeartbeatDispatcher.java:dispatch(101)) - SCM received heartbeat from an unregistered datanode 3327475e-62cb-4ee7-945b-6ce10b093b44{ip: 10.1.0.16, host: fv-az294-84.eaanfquahm5ulb5tj050gcxych.jx.internal.cloudapp.net, ports: [REPLICATION=42961, RATIS=38697, RATIS_ADMIN=38697, RATIS_SERVER=38697, STANDALONE=34187], networkLocation: /default-rack, certSerialId: null, persistedOpState: null, persistedOpStateExpiryEpochSec: 0}. Asking datanode to re-register.
2022-01-18 05:35:49,611 [IPC Server handler 13 on default port 34205] INFO  server.SCMDatanodeHeartbeatDispatcher (SCMDatanodeHeartbeatDispatcher.java:dispatch(101)) - SCM received heartbeat from an unregistered datanode 3c29bd76-08cb-41c8-a67d-745d6588ade1{ip: 10.1.0.16, host: fv-az294-84.eaanfquahm5ulb5tj050gcxych.jx.internal.cloudapp.net, ports: [REPLICATION=46343, RATIS=33765, RATIS_ADMIN=33765, RATIS_SERVER=33765, STANDALONE=39395], networkLocation: /default-rack, certSerialId: null, persistedOpState: null, persistedOpStateExpiryEpochSec: 0}. Asking datanode to re-register.
2022-01-18 05:35:49,612 [IPC Server handler 14 on default port 34205] INFO  net.NetworkTopologyImpl (NetworkTopologyImpl.java:add(112)) - Added a new node: /default-rack/3327475e-62cb-4ee7-945b-6ce10b093b44
2022-01-18 05:35:49,612 [IPC Server handler 14 on default port 34205] INFO  node.SCMNodeManager (SCMNodeManager.java:register(389)) - Registered Data node : 3327475e-62cb-4ee7-945b-6ce10b093b44{ip: 10.1.0.16, host: fv-az294-84.eaanfquahm5ulb5tj050gcxych.jx.internal.cloudapp.net, ports: [REPLICATION=42961, RATIS=38697, RATIS_ADMIN=38697, RATIS_SERVER=38697, STANDALONE=34187], networkLocation: /default-rack, certSerialId: null, persistedOpState: null, persistedOpStateExpiryEpochSec: 0}
2022-01-18 05:35:49,613 [EventQueue-NewNodeForNewNodeHandler] INFO  pipeline.BackgroundPipelineCreator (BackgroundPipelineCreator.java:notifyEventTriggered(285)) - trigger a one-shot run on RatisPipelineUtilsThread.
2022-01-18 05:35:49,613 [IPC Server handler 15 on default port 34205] INFO  server.SCMDatanodeHeartbeatDispatcher (SCMDatanodeHeartbeatDispatcher.java:dispatch(101)) - SCM received heartbeat from an unregistered datanode 3c29bd76-08cb-41c8-a67d-745d6588ade1{ip: 10.1.0.16, host: fv-az294-84.eaanfquahm5ulb5tj050gcxych.jx.internal.cloudapp.net, ports: [REPLICATION=46343, RATIS=33765, RATIS_ADMIN=33765, RATIS_SERVER=33765, STANDALONE=39395], networkLocation: /default-rack, certSerialId: null, persistedOpState: null, persistedOpStateExpiryEpochSec: 0}. Asking datanode to re-register.
2022-01-18 05:35:49,621 [EventQueue-NodeRegistrationContainerReportForDataNodeSafeModeRule] INFO  safemode.SCMSafeModeManager (DataNodeSafeModeRule.java:process(71)) - SCM in safe mode. 2 DataNodes registered, 3 required.
2022-01-18 05:35:49,622 [EventQueue-OpenPipelineForHealthyPipelineSafeModeRule] INFO  safemode.SCMSafeModeManager (HealthyPipelineSafeModeRule.java:process(124)) - SCM in safe mode. Healthy pipelines reported count is 0, required healthy pipeline reported count is 1
2022-01-18 05:35:49,834 [Time-limited test] INFO  ozone.MiniOzoneClusterImpl (MiniOzoneClusterImpl.java:shutdown(437)) - Shutting down the Mini Ozone Cluster
2022-01-18 05:35:49,834 [Time-limited test] INFO  ozone.MiniOzoneClusterImpl (MiniOzoneClusterImpl.java:stop(452)) - Stopping the Mini Ozone Cluster
2022-01-18 05:35:49,835 [Time-limited test] INFO  ozone.MiniOzoneClusterImpl (MiniOzoneClusterImpl.java:stopOM(534)) - Stopping the OzoneManager
2022-01-18 05:35:49,835 [Time-limited test] INFO  om.OzoneManager (OzoneManager.java:stop(1893)) - om1[localhost:0]: Stopping Ozone Manager
2022-01-18 05:35:49,846 [Time-limited test] INFO  ipc.Server (Server.java:stop(3414)) - Stopping server on 37357
2022-01-18 05:35:49,851 [IPC Server Responder] INFO  ipc.Server (Server.java:run(1512)) - Stopping IPC Server Responder
2022-01-18 05:35:49,851 [IPC Server listener on 0] INFO  ipc.Server (Server.java:run(1376)) - Stopping IPC Server listener on 0
2022-01-18 05:35:49,853 [Time-limited test] INFO  server.RaftServer (RaftServerProxy.java:lambda$close$6(391)) - om1: close
2022-01-18 05:35:49,862 [Time-limited test] INFO  server.RaftServer$Division (RaftServerImpl.java:lambda$close$4(412)) - om1@group-C5BA1605619E: shutdown
2022-01-18 05:35:49,863 [Time-limited test] INFO  util.JmxRegister (JmxRegister.java:unregister(73)) - Successfully un-registered JMX Bean with object name Ratis:service=RaftServer,group=group-C5BA1605619E,id=om1
2022-01-18 05:35:49,863 [Time-limited test] INFO  impl.RoleInfo (RoleInfo.java:shutdownLeaderState(91)) - om1: shutdown om1@group-C5BA1605619E-LeaderStateImpl
2022-01-18 05:35:49,863 [Time-limited test] INFO  impl.PendingRequests (PendingRequests.java:sendNotLeaderResponses(282)) - om1@group-C5BA1605619E-PendingRequests: sendNotLeaderResponses
2022-01-18 05:35:49,863 [Time-limited test] INFO  impl.StateMachineUpdater (StateMachineUpdater.java:stopAndJoin(149)) - om1@group-C5BA1605619E-StateMachineUpdater: set stopIndex = 0
2022-01-18 05:35:49,864 [om1@group-C5BA1605619E-StateMachineUpdater] INFO  ratis.OzoneManagerStateMachine (OzoneManagerStateMachine.java:takeSnapshot(417)) - Current Snapshot Index (t:1, i:0)
2022-01-18 05:35:49,864 [om1@group-C5BA1605619E-StateMachineUpdater] INFO  impl.StateMachineUpdater (StateMachineUpdater.java:takeSnapshot(281)) - om1@group-C5BA1605619E-StateMachineUpdater: Took a snapshot at index 0
2022-01-18 05:35:49,864 [om1@group-C5BA1605619E-StateMachineUpdater] INFO  impl.StateMachineUpdater (StateMachineUpdater.java:lambda$new$0(89)) - om1@group-C5BA1605619E-StateMachineUpdater: snapshotIndex: updateIncreasingly -1 -> 0
2022-01-18 05:35:49,864 [om1@group-C5BA1605619E-StateMachineUpdater] INFO  ratis.OzoneManagerStateMachine (OzoneManagerStateMachine.java:close(471)) - StateMachine has shutdown. Shutdown OzoneManager if not already shutdown.
2022-01-18 05:35:49,864 [Time-limited test] INFO  server.RaftServer$Division (ServerState.java:close(419)) - om1@group-C5BA1605619E: closes. applyIndex: 0
2022-01-18 05:35:49,864 [om1@group-C5BA1605619E-SegmentedRaftLogWorker] INFO  segmented.SegmentedRaftLogWorker (SegmentedRaftLogWorker.java:run(327)) - om1@group-C5BA1605619E-SegmentedRaftLogWorker was interrupted, exiting. There are 0 tasks remaining in the queue.
2022-01-18 05:35:49,865 [Time-limited test] INFO  segmented.SegmentedRaftLogWorker (SegmentedRaftLogWorker.java:close(237)) - om1@group-C5BA1605619E-SegmentedRaftLogWorker close()
2022-01-18 05:35:49,869 [Time-limited test] INFO  server.GrpcService (GrpcService.java:closeImpl(262)) - om1: shutdown server with port 9872 now
2022-01-18 05:35:49,870 [Time-limited test] INFO  server.GrpcService (GrpcService.java:closeImpl(271)) - om1: shutdown server with port 9872 successfully
2022-01-18 05:35:49,871 [org.apache.ratis.util.JvmPauseMonitor$$Lambda$431/448381667@562371bf] INFO  util.JvmPauseMonitor (JvmPauseMonitor.java:run(109)) - JvmPauseMonitor-om1: Stopped
2022-01-18 05:35:49,871 [Time-limited test] INFO  ratis.OzoneManagerDoubleBuffer (OzoneManagerDoubleBuffer.java:stop(437)) - Stopping OMDoubleBuffer flush thread
2022-01-18 05:35:49,871 [OMDoubleBufferFlushThread] INFO  ratis.OzoneManagerDoubleBuffer (OzoneManagerDoubleBuffer.java:flushTransactions(356)) - OMDoubleBuffer flush thread OMDoubleBufferFlushThread is interrupted and will exit. OMDoubleBufferFlushThread
2022-01-18 05:35:49,882 [IPC Server handler 16 on default port 34205] INFO  net.NetworkTopologyImpl (NetworkTopologyImpl.java:add(112)) - Added a new node: /default-rack/3c29bd76-08cb-41c8-a67d-745d6588ade1
2022-01-18 05:35:49,882 [IPC Server handler 16 on default port 34205] INFO  node.SCMNodeManager (SCMNodeManager.java:register(389)) - Registered Data node : 3c29bd76-08cb-41c8-a67d-745d6588ade1{ip: 10.1.0.16, host: fv-az294-84.eaanfquahm5ulb5tj050gcxych.jx.internal.cloudapp.net, ports: [REPLICATION=46343, RATIS=33765, RATIS_ADMIN=33765, RATIS_SERVER=33765, STANDALONE=39395], networkLocation: /default-rack, certSerialId: null, persistedOpState: null, persistedOpStateExpiryEpochSec: 0}
2022-01-18 05:35:49,883 [EventQueue-NewNodeForNewNodeHandler] INFO  pipeline.BackgroundPipelineCreator (BackgroundPipelineCreator.java:notifyEventTriggered(285)) - trigger a one-shot run on RatisPipelineUtilsThread.
2022-01-18 05:35:49,887 [EventQueue-NodeRegistrationContainerReportForDataNodeSafeModeRule] INFO  safemode.SCMSafeModeManager (DataNodeSafeModeRule.java:process(71)) - SCM in safe mode. 3 DataNodes registered, 3 required.
2022-01-18 05:35:49,887 [EventQueue-NodeRegistrationContainerReportForDataNodeSafeModeRule] INFO  safemode.SCMSafeModeManager (SCMSafeModeManager.java:validateSafeModeExitRules(204)) - DataNodeSafeModeRule rule is successfully validated
2022-01-18 05:35:49,888 [EventQueue-NodeRegistrationContainerReportForDataNodeSafeModeRule] INFO  safemode.SCMSafeModeManager (SCMSafeModeManager.java:completePreCheck(233)) - All SCM safe mode pre check rules have passed
2022-01-18 05:35:49,888 [EventQueue-NodeRegistrationContainerReportForDataNodeSafeModeRule] WARN  events.EventQueue (EventQueue.java:fireEvent(194)) - No event handler registered for event TypedEvent{payloadType=SafeModeStatus, name='Safe mode status'}
2022-01-18 05:35:49,888 [EventQueue-NodeRegistrationContainerReportForDataNodeSafeModeRule] INFO  ha.SCMContext (SCMContext.java:updateSafeModeStatus(211)) - Update SafeModeStatus from SafeModeStatus{safeModeStatus=true, preCheckPassed=false} to SafeModeStatus{safeModeStatus=true, preCheckPassed=true}.
2022-01-18 05:35:49,888 [EventQueue-NodeRegistrationContainerReportForDataNodeSafeModeRule] INFO  pipeline.BackgroundPipelineCreator (BackgroundPipelineCreator.java:notifyEventTriggered(285)) - trigger a one-shot run on RatisPipelineUtilsThread.
2022-01-18 05:35:49,892 [EventQueue-OpenPipelineForHealthyPipelineSafeModeRule] INFO  safemode.SCMSafeModeManager (HealthyPipelineSafeModeRule.java:process(124)) - SCM in safe mode. Healthy pipelines reported count is 0, required healthy pipeline reported count is 1
2022-01-18 05:35:49,892 [EventQueue-OpenPipelineForHealthyPipelineSafeModeRule] INFO  safemode.SCMSafeModeManager (HealthyPipelineSafeModeRule.java:process(124)) - SCM in safe mode. Healthy pipelines reported count is 1, required healthy pipeline reported count is 1
2022-01-18 05:35:49,892 [EventQueue-OpenPipelineForHealthyPipelineSafeModeRule] INFO  safemode.SCMSafeModeManager (SCMSafeModeManager.java:validateSafeModeExitRules(204)) - HealthyPipelineSafeModeRule rule is successfully validated
2022-01-18 05:35:49,892 [EventQueue-OpenPipelineForHealthyPipelineSafeModeRule] INFO  safemode.SCMSafeModeManager (SCMSafeModeManager.java:validateSafeModeExitRules(219)) - ScmSafeModeManager, all rules are successfully validated
2022-01-18 05:35:49,892 [EventQueue-OpenPipelineForHealthyPipelineSafeModeRule] INFO  safemode.SCMSafeModeManager (SCMSafeModeManager.java:exitSafeMode(248)) - SCM exiting safe mode.
2022-01-18 05:35:49,892 [EventQueue-OpenPipelineForHealthyPipelineSafeModeRule] WARN  events.EventQueue (EventQueue.java:fireEvent(194)) - No event handler registered for event TypedEvent{payloadType=SafeModeStatus, name='Safe mode status'}
2022-01-18 05:35:49,892 [EventQueue-OpenPipelineForHealthyPipelineSafeModeRule] INFO  ha.SCMContext (SCMContext.java:updateSafeModeStatus(211)) - Update SafeModeStatus from SafeModeStatus{safeModeStatus=true, preCheckPassed=true} to SafeModeStatus{safeModeStatus=false, preCheckPassed=true}.
2022-01-18 05:35:49,892 [EventQueue-OpenPipelineForHealthyPipelineSafeModeRule] INFO  container.ReplicationManager (ReplicationManager.java:notifyStatusChanged(1802)) - Service ReplicationManager transitions to RUNNING.
2022-01-18 05:35:49,898 [Time-limited test] INFO  utils.BackgroundService (BackgroundService.java:shutdown(132)) - Shutting down service KeyDeletingService
2022-01-18 05:35:49,898 [Time-limited test] INFO  utils.BackgroundService (BackgroundService.java:shutdown(132)) - Shutting down service DirectoryDeletingService
2022-01-18 05:35:49,906 [Time-limited test] INFO  handler.ContextHandler (ContextHandler.java:doStop(1153)) - Stopped o.e.j.w.WebAppContext@21d79056{ozoneManager,/,null,STOPPED}{file:/home/runner/work/ozone/ozone/hadoop-ozone/integration-test/target/test-classes/webapps/ozoneManager}
2022-01-18 05:35:49,906 [Time-limited test] INFO  server.AbstractConnector (AbstractConnector.java:doStop(381)) - Stopped ServerConnector@5927318b{HTTP/1.1, (http/1.1)}{0.0.0.0:0}
2022-01-18 05:35:49,907 [Time-limited test] INFO  server.session (HouseKeeper.java:stopScavenging(149)) - node0 Stopped scavenging
2022-01-18 05:35:49,908 [Time-limited test] INFO  handler.ContextHandler (ContextHandler.java:doStop(1153)) - Stopped o.e.j.s.ServletContextHandler@2da374da{static,/static,file:///home/runner/work/ozone/ozone/hadoop-ozone/integration-test/target/test-classes/webapps/static,STOPPED}
2022-01-18 05:35:49,909 [Time-limited test] INFO  handler.ContextHandler (ContextHandler.java:doStop(1153)) - Stopped o.e.j.s.ServletContextHandler@48501911{logs,/logs,file:///home/runner/work/ozone/ozone/hadoop-ozone/integration-test/target/log,STOPPED}
2022-01-18 05:35:49,951 [Time-limited test] INFO  ozone.MiniOzoneClusterImpl (MiniOzoneClusterImpl.java:stopDatanodes(511)) - Stopping the HddsDatanodes
2022-01-18 05:35:51,524 [grpc-default-executor-3] INFO  ratis.XceiverServerRatis (XceiverServerRatis.java:handleLeaderChangedNotification(866)) - Leader change notification received for group: group-DB115239E727 with new leaderId: 3327475e-62cb-4ee7-945b-6ce10b093b44
2022-01-18 05:35:51,524 [grpc-default-executor-3] INFO  server.RaftServer$Division (ServerState.java:setLeader(285)) - 67260eab-501e-432c-b67c-83a04ad0151f@group-DB115239E727: change Leader from null to 3327475e-62cb-4ee7-945b-6ce10b093b44 at term 8 for appendEntries, leader elected after 28385ms
2022-01-18 05:35:54,303 [67260eab-501e-432c-b67c-83a04ad0151f@group-DC7B997C5F62-FollowerState] INFO  impl.FollowerState (FollowerState.java:run(134)) - 67260eab-501e-432c-b67c-83a04ad0151f@group-DC7B997C5F62-FollowerState: change to CANDIDATE, lastRpcElapsedTime:5053786164ns, electionTimeout:5010ms
2022-01-18 05:35:54,303 [67260eab-501e-432c-b67c-83a04ad0151f@group-DC7B997C5F62-FollowerState] INFO  impl.RoleInfo (RoleInfo.java:shutdownFollowerState(108)) - 67260eab-501e-432c-b67c-83a04ad0151f: shutdown 67260eab-501e-432c-b67c-83a04ad0151f@group-DC7B997C5F62-FollowerState
2022-01-18 05:35:54,304 [67260eab-501e-432c-b67c-83a04ad0151f@group-DC7B997C5F62-FollowerState] INFO  server.RaftServer$Division (RaftServerImpl.java:setRole(290)) - 67260eab-501e-432c-b67c-83a04ad0151f@group-DC7B997C5F62: changes role from  FOLLOWER to CANDIDATE at term 1 for changeToCandidate
2022-01-18 05:35:54,304 [67260eab-501e-432c-b67c-83a04ad0151f@group-DC7B997C5F62-FollowerState] INFO  server.RaftServerConfigKeys (ConfUtils.java:logGet(44)) - raft.server.leaderelection.pre-vote = false (custom)
2022-01-18 05:35:54,304 [67260eab-501e-432c-b67c-83a04ad0151f@group-DC7B997C5F62-FollowerState] INFO  impl.RoleInfo (RoleInfo.java:updateAndGet(130)) - 67260eab-501e-432c-b67c-83a04ad0151f: start 67260eab-501e-432c-b67c-83a04ad0151f@group-DC7B997C5F62-LeaderElection29
2022-01-18 05:35:54,325 [67260eab-501e-432c-b67c-83a04ad0151f@group-DC7B997C5F62-LeaderElection29] INFO  impl.LeaderElection (LeaderElection.java:askForVotes(306)) - 67260eab-501e-432c-b67c-83a04ad0151f@group-DC7B997C5F62-LeaderElection29 ELECTION round 0: submit vote requests at term 2 for 0: [67260eab-501e-432c-b67c-83a04ad0151f|rpc:10.1.0.16:38305|dataStream:|priority:1], old=null
2022-01-18 05:35:54,325 [67260eab-501e-432c-b67c-83a04ad0151f@group-DC7B997C5F62-LeaderElection29] INFO  impl.LeaderElection (LeaderElection.java:askForVotes(308)) - 67260eab-501e-432c-b67c-83a04ad0151f@group-DC7B997C5F62-LeaderElection29 ELECTION round 0: result PASSED (term=2)
2022-01-18 05:35:54,325 [67260eab-501e-432c-b67c-83a04ad0151f@group-DC7B997C5F62-LeaderElection29] INFO  impl.RoleInfo (RoleInfo.java:shutdownLeaderElection(121)) - 67260eab-501e-432c-b67c-83a04ad0151f: shutdown 67260eab-501e-432c-b67c-83a04ad0151f@group-DC7B997C5F62-LeaderElection29
2022-01-18 05:35:54,325 [67260eab-501e-432c-b67c-83a04ad0151f@group-DC7B997C5F62-LeaderElection29] INFO  server.RaftServer$Division (RaftServerImpl.java:setRole(290)) - 67260eab-501e-432c-b67c-83a04ad0151f@group-DC7B997C5F62: changes role from CANDIDATE to LEADER at term 2 for changeToLeader
2022-01-18 05:35:54,326 [67260eab-501e-432c-b67c-83a04ad0151f@group-DC7B997C5F62-LeaderElection29] INFO  ratis.XceiverServerRatis (XceiverServerRatis.java:handleLeaderChangedNotification(866)) - Leader change notification received for group: group-DC7B997C5F62 with new leaderId: 67260eab-501e-432c-b67c-83a04ad0151f
2022-01-18 05:35:54,326 [67260eab-501e-432c-b67c-83a04ad0151f@group-DC7B997C5F62-LeaderElection29] INFO  server.RaftServer$Division (ServerState.java:setLeader(285)) - 67260eab-501e-432c-b67c-83a04ad0151f@group-DC7B997C5F62: change Leader from null to 67260eab-501e-432c-b67c-83a04ad0151f at term 2 for becomeLeader, leader elected after 31130ms
2022-01-18 05:35:54,327 [67260eab-501e-432c-b67c-83a04ad0151f@group-DC7B997C5F62-LeaderElection29] INFO  server.RaftServerConfigKeys (ConfUtils.java:logGet(44)) - raft.server.staging.catchup.gap = 1000 (default)
2022-01-18 05:35:54,327 [67260eab-501e-432c-b67c-83a04ad0151f@group-DC7B997C5F62-LeaderElection29] INFO  server.RaftServerConfigKeys (ConfUtils.java:logGet(44)) - raft.server.write.element-limit = 1024 (custom)
2022-01-18 05:35:54,327 [67260eab-501e-432c-b67c-83a04ad0151f@group-DC7B997C5F62-LeaderElection29] INFO  server.RaftServerConfigKeys (ConfUtils.java:logGet(44)) - raft.server.write.byte-limit = 1024 M (=1073741824) (custom)
2022-01-18 05:35:54,327 [67260eab-501e-432c-b67c-83a04ad0151f@group-DC7B997C5F62-LeaderElection29] INFO  server.RaftServerConfigKeys (ConfUtils.java:logGet(44)) - raft.server.watch.timeout = 180s (custom)
2022-01-18 05:35:54,327 [67260eab-501e-432c-b67c-83a04ad0151f@group-DC7B997C5F62-LeaderElection29] INFO  server.RaftServerConfigKeys (ConfUtils.java:logGet(44)) - raft.server.watch.timeout.denomination = 1s (default)
2022-01-18 05:35:54,327 [67260eab-501e-432c-b67c-83a04ad0151f@group-DC7B997C5F62-LeaderElection29] INFO  server.RaftServerConfigKeys (ConfUtils.java:logGet(44)) - raft.server.watch.element-limit = 65536 (default)
2022-01-18 05:35:54,327 [67260eab-501e-432c-b67c-83a04ad0151f@group-DC7B997C5F62-LeaderElection29] INFO  server.RaftServerConfigKeys (ConfUtils.java:logGet(44)) - raft.server.write.element-limit = 1024 (custom)
2022-01-18 05:35:54,327 [67260eab-501e-432c-b67c-83a04ad0151f@group-DC7B997C5F62-LeaderElection29] INFO  server.RaftServerConfigKeys (ConfUtils.java:logGet(44)) - raft.server.write.follower.gap.ratio.max = -1.0 (default)
2022-01-18 05:35:54,328 [67260eab-501e-432c-b67c-83a04ad0151f@group-DC7B997C5F62-LeaderElection29] INFO  impl.RoleInfo (RoleInfo.java:updateAndGet(130)) - 67260eab-501e-432c-b67c-83a04ad0151f: start 67260eab-501e-432c-b67c-83a04ad0151f@group-DC7B997C5F62-LeaderStateImpl
2022-01-18 05:35:54,328 [67260eab-501e-432c-b67c-83a04ad0151f@group-DC7B997C5F62-LeaderElection29] INFO  segmented.SegmentedRaftLogWorker (SegmentedRaftLogWorker.java:rollLogSegment(399)) - 67260eab-501e-432c-b67c-83a04ad0151f@group-DC7B997C5F62-SegmentedRaftLogWorker: Rolling segment log-0_0 to index:0
2022-01-18 05:35:54,329 [67260eab-501e-432c-b67c-83a04ad0151f@group-DC7B997C5F62-SegmentedRaftLogWorker] INFO  segmented.SegmentedRaftLogWorker (SegmentedRaftLogWorker.java:execute(558)) - 67260eab-501e-432c-b67c-83a04ad0151f@group-DC7B997C5F62-SegmentedRaftLogWorker: Rolled log segment from /home/runner/work/ozone/ozone/hadoop-ozone/integration-test/target/test-dir/MiniOzoneClusterImpl-cb7c1fcf-6298-49a9-b20a-40b206c3d36e/datanode-0/data/ratis/d65afff4-5c0e-4250-a5c7-dc7b997c5f62/current/log_inprogress_0 to /home/runner/work/ozone/ozone/hadoop-ozone/integration-test/target/test-dir/MiniOzoneClusterImpl-cb7c1fcf-6298-49a9-b20a-40b206c3d36e/datanode-0/data/ratis/d65afff4-5c0e-4250-a5c7-dc7b997c5f62/current/log_0-0
2022-01-18 05:35:54,336 [67260eab-501e-432c-b67c-83a04ad0151f@group-DC7B997C5F62-SegmentedRaftLogWorker] INFO  segmented.SegmentedRaftLogWorker (SegmentedRaftLogWorker.java:execute(601)) - 67260eab-501e-432c-b67c-83a04ad0151f@group-DC7B997C5F62-SegmentedRaftLogWorker: created new log segment /home/runner/work/ozone/ozone/hadoop-ozone/integration-test/target/test-dir/MiniOzoneClusterImpl-cb7c1fcf-6298-49a9-b20a-40b206c3d36e/datanode-0/data/ratis/d65afff4-5c0e-4250-a5c7-dc7b997c5f62/current/log_inprogress_1
2022-01-18 05:35:54,366 [67260eab-501e-432c-b67c-83a04ad0151f@group-DC7B997C5F62-LeaderElection29] INFO  server.RaftServer$Division (ServerState.java:setRaftConf(387)) - 67260eab-501e-432c-b67c-83a04ad0151f@group-DC7B997C5F62: set configuration 1: [67260eab-501e-432c-b67c-83a04ad0151f|rpc:10.1.0.16:38305|dataStream:|priority:1], old=null
2022-01-18 05:35:54,953 [Time-limited test] INFO  ozoneimpl.OzoneContainer (OzoneContainer.java:stop(336)) - Attempting to stop container services.
2022-01-18 05:35:54,953 [Time-limited test] INFO  server.RaftServer (RaftServerProxy.java:lambda$close$6(391)) - 3c29bd76-08cb-41c8-a67d-745d6588ade1: close
2022-01-18 05:35:54,954 [Time-limited test] INFO  server.RaftServer$Division (RaftServerImpl.java:lambda$close$4(412)) - 3c29bd76-08cb-41c8-a67d-745d6588ade1@group-15B0F351C6C8: shutdown
2022-01-18 05:35:54,954 [Time-limited test] INFO  util.JmxRegister (JmxRegister.java:unregister(73)) - Successfully un-registered JMX Bean with object name Ratis:service=RaftServer,group=group-15B0F351C6C8,id=3c29bd76-08cb-41c8-a67d-745d6588ade1
2022-01-18 05:35:54,954 [Time-limited test] INFO  impl.RoleInfo (RoleInfo.java:shutdownLeaderState(91)) - 3c29bd76-08cb-41c8-a67d-745d6588ade1: shutdown 3c29bd76-08cb-41c8-a67d-745d6588ade1@group-15B0F351C6C8-LeaderStateImpl
2022-01-18 05:35:54,954 [Time-limited test] INFO  impl.PendingRequests (PendingRequests.java:sendNotLeaderResponses(282)) - 3c29bd76-08cb-41c8-a67d-745d6588ade1@group-15B0F351C6C8-PendingRequests: sendNotLeaderResponses
2022-01-18 05:35:54,955 [Time-limited test] INFO  impl.StateMachineUpdater (StateMachineUpdater.java:stopAndJoin(149)) - 3c29bd76-08cb-41c8-a67d-745d6588ade1@group-15B0F351C6C8-StateMachineUpdater: set stopIndex = 0
2022-01-18 05:35:54,955 [3c29bd76-08cb-41c8-a67d-745d6588ade1@group-15B0F351C6C8-StateMachineUpdater] INFO  ratis.ContainerStateMachine (ContainerStateMachine.java:takeSnapshot(299)) - group-15B0F351C6C8: Taking a snapshot at:(t:1, i:0) file /home/runner/work/ozone/ozone/hadoop-ozone/integration-test/target/test-dir/MiniOzoneClusterImpl-cb7c1fcf-6298-49a9-b20a-40b206c3d36e/datanode-1/data/ratis/44b7568f-f2fd-4131-b7d5-15b0f351c6c8/sm/snapshot.1_0
2022-01-18 05:35:54,956 [3c29bd76-08cb-41c8-a67d-745d6588ade1@group-15B0F351C6C8-StateMachineUpdater] INFO  ratis.ContainerStateMachine (ContainerStateMachine.java:takeSnapshot(310)) - group-15B0F351C6C8: Finished taking a snapshot at:(t:1, i:0) file:/home/runner/work/ozone/ozone/hadoop-ozone/integration-test/target/test-dir/MiniOzoneClusterImpl-cb7c1fcf-6298-49a9-b20a-40b206c3d36e/datanode-1/data/ratis/44b7568f-f2fd-4131-b7d5-15b0f351c6c8/sm/snapshot.1_0 took: 1 ms
2022-01-18 05:35:54,956 [3c29bd76-08cb-41c8-a67d-745d6588ade1@group-15B0F351C6C8-StateMachineUpdater] INFO  impl.StateMachineUpdater (StateMachineUpdater.java:takeSnapshot(281)) - 3c29bd76-08cb-41c8-a67d-745d6588ade1@group-15B0F351C6C8-StateMachineUpdater: Took a snapshot at index 0
2022-01-18 05:35:54,956 [3c29bd76-08cb-41c8-a67d-745d6588ade1@group-15B0F351C6C8-StateMachineUpdater] INFO  impl.StateMachineUpdater (StateMachineUpdater.java:lambda$new$0(89)) - 3c29bd76-08cb-41c8-a67d-745d6588ade1@group-15B0F351C6C8-StateMachineUpdater: snapshotIndex: updateIncreasingly -1 -> 0
2022-01-18 05:35:54,956 [Time-limited test] INFO  server.RaftServer$Division (ServerState.java:close(419)) - 3c29bd76-08cb-41c8-a67d-745d6588ade1@group-15B0F351C6C8: closes. applyIndex: 0
2022-01-18 05:35:54,957 [3c29bd76-08cb-41c8-a67d-745d6588ade1@group-15B0F351C6C8-SegmentedRaftLogWorker] INFO  segmented.SegmentedRaftLogWorker (SegmentedRaftLogWorker.java:run(327)) - 3c29bd76-08cb-41c8-a67d-745d6588ade1@group-15B0F351C6C8-SegmentedRaftLogWorker was interrupted, exiting. There are 0 tasks remaining in the queue.
2022-01-18 05:35:54,958 [ForkJoinPool.commonPool-worker-1] INFO  ozoneimpl.OzoneContainer (OzoneContainer.java:stop(336)) - Attempting to stop container services.
2022-01-18 05:35:54,958 [Time-limited test] INFO  segmented.SegmentedRaftLogWorker (SegmentedRaftLogWorker.java:close(237)) - 3c29bd76-08cb-41c8-a67d-745d6588ade1@group-15B0F351C6C8-SegmentedRaftLogWorker close()
2022-01-18 05:35:54,958 [ForkJoinPool.commonPool-worker-1] INFO  server.RaftServer (RaftServerProxy.java:lambda$close$6(391)) - 67260eab-501e-432c-b67c-83a04ad0151f: close
2022-01-18 05:35:54,958 [ForkJoinPool.commonPool-worker-1] INFO  server.RaftServer$Division (RaftServerImpl.java:lambda$close$4(412)) - 67260eab-501e-432c-b67c-83a04ad0151f@group-DC7B997C5F62: shutdown
2022-01-18 05:35:54,958 [ForkJoinPool.commonPool-worker-1] INFO  util.JmxRegister (JmxRegister.java:unregister(73)) - Successfully un-registered JMX Bean with object name Ratis:service=RaftServer,group=group-DC7B997C5F62,id=67260eab-501e-432c-b67c-83a04ad0151f
2022-01-18 05:35:54,959 [ForkJoinPool.commonPool-worker-1] INFO  impl.RoleInfo (RoleInfo.java:shutdownLeaderState(91)) - 67260eab-501e-432c-b67c-83a04ad0151f: shutdown 67260eab-501e-432c-b67c-83a04ad0151f@group-DC7B997C5F62-LeaderStateImpl
2022-01-18 05:35:54,959 [ForkJoinPool.commonPool-worker-1] INFO  impl.PendingRequests (PendingRequests.java:sendNotLeaderResponses(282)) - 67260eab-501e-432c-b67c-83a04ad0151f@group-DC7B997C5F62-PendingRequests: sendNotLeaderResponses
2022-01-18 05:35:54,978 [Time-limited test] INFO  server.RaftServer$Division (RaftServerImpl.java:lambda$close$4(412)) - 3c29bd76-08cb-41c8-a67d-745d6588ade1@group-DB115239E727: shutdown
2022-01-18 05:35:54,978 [Time-limited test] INFO  util.JmxRegister (JmxRegister.java:unregister(73)) - Successfully un-registered JMX Bean with object name Ratis:service=RaftServer,group=group-DB115239E727,id=3c29bd76-08cb-41c8-a67d-745d6588ade1
2022-01-18 05:35:54,979 [Time-limited test] INFO  impl.RoleInfo (RoleInfo.java:shutdownFollowerState(108)) - 3c29bd76-08cb-41c8-a67d-745d6588ade1: shutdown 3c29bd76-08cb-41c8-a67d-745d6588ade1@group-DB115239E727-FollowerState
2022-01-18 05:35:54,979 [Time-limited test] INFO  impl.StateMachineUpdater (StateMachineUpdater.java:stopAndJoin(149)) - 3c29bd76-08cb-41c8-a67d-745d6588ade1@group-DB115239E727-StateMachineUpdater: set stopIndex = 0
2022-01-18 05:35:54,990 [3c29bd76-08cb-41c8-a67d-745d6588ade1@group-DB115239E727-StateMachineUpdater] INFO  ratis.ContainerStateMachine (ContainerStateMachine.java:takeSnapshot(299)) - group-DB115239E727: Taking a snapshot at:(t:8, i:0) file /home/runner/work/ozone/ozone/hadoop-ozone/integration-test/target/test-dir/MiniOzoneClusterImpl-cb7c1fcf-6298-49a9-b20a-40b206c3d36e/datanode-1/data/ratis/59fae8ef-e674-4137-bac0-db115239e727/sm/snapshot.8_0
2022-01-18 05:35:54,990 [3c29bd76-08cb-41c8-a67d-745d6588ade1@group-DB115239E727-FollowerState] INFO  impl.FollowerState (FollowerState.java:run(143)) - 3c29bd76-08cb-41c8-a67d-745d6588ade1@group-DB115239E727-FollowerState was interrupted: {}
java.lang.InterruptedException: sleep interrupted
	at java.lang.Thread.sleep(Native Method)
	at java.lang.Thread.sleep(Thread.java:340)
	at java.util.concurrent.TimeUnit.sleep(TimeUnit.java:386)
	at org.apache.ratis.util.TimeDuration.sleep(TimeDuration.java:324)
	at org.apache.ratis.util.TimeDuration.sleep(TimeDuration.java:309)
	at org.apache.ratis.server.impl.FollowerState.run(FollowerState.java:118)
2022-01-18 05:35:54,991 [3c29bd76-08cb-41c8-a67d-745d6588ade1@group-DB115239E727-StateMachineUpdater] INFO  ratis.ContainerStateMachine (ContainerStateMachine.java:takeSnapshot(310)) - group-DB115239E727: Finished taking a snapshot at:(t:8, i:0) file:/home/runner/work/ozone/ozone/hadoop-ozone/integration-test/target/test-dir/MiniOzoneClusterImpl-cb7c1fcf-6298-49a9-b20a-40b206c3d36e/datanode-1/data/ratis/59fae8ef-e674-4137-bac0-db115239e727/sm/snapshot.8_0 took: 1 ms
2022-01-18 05:35:54,991 [3c29bd76-08cb-41c8-a67d-745d6588ade1@group-DB115239E727-StateMachineUpdater] INFO  impl.StateMachineUpdater (StateMachineUpdater.java:takeSnapshot(281)) - 3c29bd76-08cb-41c8-a67d-745d6588ade1@group-DB115239E727-StateMachineUpdater: Took a snapshot at index 0
2022-01-18 05:35:54,991 [3c29bd76-08cb-41c8-a67d-745d6588ade1@group-DB115239E727-StateMachineUpdater] INFO  impl.StateMachineUpdater (StateMachineUpdater.java:lambda$new$0(89)) - 3c29bd76-08cb-41c8-a67d-745d6588ade1@group-DB115239E727-StateMachineUpdater: snapshotIndex: updateIncreasingly -1 -> 0
2022-01-18 05:35:54,991 [Time-limited test] INFO  server.RaftServer$Division (ServerState.java:close(419)) - 3c29bd76-08cb-41c8-a67d-745d6588ade1@group-DB115239E727: closes. applyIndex: 0
2022-01-18 05:35:54,991 [3c29bd76-08cb-41c8-a67d-745d6588ade1@group-DB115239E727-SegmentedRaftLogWorker] INFO  segmented.SegmentedRaftLogWorker (SegmentedRaftLogWorker.java:run(327)) - 3c29bd76-08cb-41c8-a67d-745d6588ade1@group-DB115239E727-SegmentedRaftLogWorker was interrupted, exiting. There are 0 tasks remaining in the queue.
2022-01-18 05:35:54,992 [ForkJoinPool.commonPool-worker-1] INFO  impl.StateMachineUpdater (StateMachineUpdater.java:stopAndJoin(149)) - 67260eab-501e-432c-b67c-83a04ad0151f@group-DC7B997C5F62-StateMachineUpdater: set stopIndex = 2
2022-01-18 05:35:54,993 [67260eab-501e-432c-b67c-83a04ad0151f@group-DC7B997C5F62-StateMachineUpdater] INFO  ratis.ContainerStateMachine (ContainerStateMachine.java:takeSnapshot(299)) - group-DC7B997C5F62: Taking a snapshot at:(t:2, i:2) file /home/runner/work/ozone/ozone/hadoop-ozone/integration-test/target/test-dir/MiniOzoneClusterImpl-cb7c1fcf-6298-49a9-b20a-40b206c3d36e/datanode-0/data/ratis/d65afff4-5c0e-4250-a5c7-dc7b997c5f62/sm/snapshot.2_2
2022-01-18 05:35:54,993 [67260eab-501e-432c-b67c-83a04ad0151f@group-DC7B997C5F62-StateMachineUpdater] INFO  ratis.ContainerStateMachine (ContainerStateMachine.java:takeSnapshot(310)) - group-DC7B997C5F62: Finished taking a snapshot at:(t:2, i:2) file:/home/runner/work/ozone/ozone/hadoop-ozone/integration-test/target/test-dir/MiniOzoneClusterImpl-cb7c1fcf-6298-49a9-b20a-40b206c3d36e/datanode-0/data/ratis/d65afff4-5c0e-4250-a5c7-dc7b997c5f62/sm/snapshot.2_2 took: 1 ms
2022-01-18 05:35:54,994 [67260eab-501e-432c-b67c-83a04ad0151f@group-DC7B997C5F62-StateMachineUpdater] INFO  impl.StateMachineUpdater (StateMachineUpdater.java:takeSnapshot(281)) - 67260eab-501e-432c-b67c-83a04ad0151f@group-DC7B997C5F62-StateMachineUpdater: Took a snapshot at index 2
2022-01-18 05:35:54,994 [67260eab-501e-432c-b67c-83a04ad0151f@group-DC7B997C5F62-StateMachineUpdater] INFO  impl.StateMachineUpdater (StateMachineUpdater.java:lambda$new$0(89)) - 67260eab-501e-432c-b67c-83a04ad0151f@group-DC7B997C5F62-StateMachineUpdater: snapshotIndex: updateIncreasingly 0 -> 2
2022-01-18 05:35:54,994 [ForkJoinPool.commonPool-worker-1] INFO  server.RaftServer$Division (ServerState.java:close(419)) - 67260eab-501e-432c-b67c-83a04ad0151f@group-DC7B997C5F62: closes. applyIndex: 2
2022-01-18 05:35:54,994 [67260eab-501e-432c-b67c-83a04ad0151f@group-DC7B997C5F62-SegmentedRaftLogWorker] INFO  segmented.SegmentedRaftLogWorker (SegmentedRaftLogWorker.java:run(327)) - 67260eab-501e-432c-b67c-83a04ad0151f@group-DC7B997C5F62-SegmentedRaftLogWorker was interrupted, exiting. There are 0 tasks remaining in the queue.
2022-01-18 05:35:55,007 [Time-limited test] INFO  segmented.SegmentedRaftLogWorker (SegmentedRaftLogWorker.java:close(237)) - 3c29bd76-08cb-41c8-a67d-745d6588ade1@group-DB115239E727-SegmentedRaftLogWorker close()
2022-01-18 05:35:55,007 [ForkJoinPool.commonPool-worker-1] INFO  segmented.SegmentedRaftLogWorker (SegmentedRaftLogWorker.java:close(237)) - 67260eab-501e-432c-b67c-83a04ad0151f@group-DC7B997C5F62-SegmentedRaftLogWorker close()
2022-01-18 05:35:55,024 [Time-limited test] INFO  server.GrpcService (GrpcService.java:closeImpl(262)) - 3c29bd76-08cb-41c8-a67d-745d6588ade1: shutdown server with port 33765 now
2022-01-18 05:35:55,027 [ForkJoinPool.commonPool-worker-1] INFO  server.RaftServer$Division (RaftServerImpl.java:lambda$close$4(412)) - 67260eab-501e-432c-b67c-83a04ad0151f@group-DB115239E727: shutdown
2022-01-18 05:35:55,028 [ForkJoinPool.commonPool-worker-1] INFO  util.JmxRegister (JmxRegister.java:unregister(73)) - Successfully un-registered JMX Bean with object name Ratis:service=RaftServer,group=group-DB115239E727,id=67260eab-501e-432c-b67c-83a04ad0151f
2022-01-18 05:35:55,028 [ForkJoinPool.commonPool-worker-1] INFO  impl.RoleInfo (RoleInfo.java:shutdownFollowerState(108)) - 67260eab-501e-432c-b67c-83a04ad0151f: shutdown 67260eab-501e-432c-b67c-83a04ad0151f@group-DB115239E727-FollowerState
2022-01-18 05:35:55,028 [ForkJoinPool.commonPool-worker-1] INFO  impl.StateMachineUpdater (StateMachineUpdater.java:stopAndJoin(149)) - 67260eab-501e-432c-b67c-83a04ad0151f@group-DB115239E727-StateMachineUpdater: set stopIndex = 0
2022-01-18 05:35:55,028 [ForkJoinPool.commonPool-worker-1] INFO  server.RaftServer$Division (ServerState.java:close(419)) - 67260eab-501e-432c-b67c-83a04ad0151f@group-DB115239E727: closes. applyIndex: 0
2022-01-18 05:35:55,028 [67260eab-501e-432c-b67c-83a04ad0151f@group-DB115239E727-SegmentedRaftLogWorker] INFO  segmented.SegmentedRaftLogWorker (SegmentedRaftLogWorker.java:run(327)) - 67260eab-501e-432c-b67c-83a04ad0151f@group-DB115239E727-SegmentedRaftLogWorker was interrupted, exiting. There are 0 tasks remaining in the queue.
2022-01-18 05:35:55,029 [67260eab-501e-432c-b67c-83a04ad0151f@group-DB115239E727-FollowerState] INFO  impl.FollowerState (FollowerState.java:run(143)) - 67260eab-501e-432c-b67c-83a04ad0151f@group-DB115239E727-FollowerState was interrupted: {}
java.lang.InterruptedException: sleep interrupted
	at java.lang.Thread.sleep(Native Method)
	at java.lang.Thread.sleep(Thread.java:340)
	at java.util.concurrent.TimeUnit.sleep(TimeUnit.java:386)
	at org.apache.ratis.util.TimeDuration.sleep(TimeDuration.java:324)
	at org.apache.ratis.util.TimeDuration.sleep(TimeDuration.java:309)
	at org.apache.ratis.server.impl.FollowerState.run(FollowerState.java:118)
2022-01-18 05:35:55,032 [grpc-default-executor-1] WARN  server.GrpcServerProtocolService (LogUtils.java:warn(122)) - 3c29bd76-08cb-41c8-a67d-745d6588ade1: installSnapshot onError, lastRequest: 3327475e-62cb-4ee7-945b-6ce10b093b44->3c29bd76-08cb-41c8-a67d-745d6588ade1#1-t8,previous=(t:0, i:0),leaderCommit=0,initializing? true,entries: size=1, first=(t:8, i:0), CONFIGURATIONENTRY: org.apache.ratis.thirdparty.io.grpc.StatusRuntimeException: CANCELLED: client cancelled
2022-01-18 05:35:55,032 [ForkJoinPool.commonPool-worker-1] INFO  segmented.SegmentedRaftLogWorker (SegmentedRaftLogWorker.java:close(237)) - 67260eab-501e-432c-b67c-83a04ad0151f@group-DB115239E727-SegmentedRaftLogWorker close()
2022-01-18 05:35:55,048 [ForkJoinPool.commonPool-worker-1] INFO  server.GrpcService (GrpcService.java:closeImpl(262)) - 67260eab-501e-432c-b67c-83a04ad0151f: shutdown server with port 38305 now
2022-01-18 05:35:55,049 [Time-limited test] INFO  server.GrpcService (GrpcService.java:closeImpl(271)) - 3c29bd76-08cb-41c8-a67d-745d6588ade1: shutdown server with port 33765 successfully
2022-01-18 05:35:55,049 [org.apache.ratis.util.JvmPauseMonitor$$Lambda$431/448381667@7db8026e] INFO  util.JvmPauseMonitor (JvmPauseMonitor.java:run(109)) - JvmPauseMonitor-3c29bd76-08cb-41c8-a67d-745d6588ade1: Stopped
2022-01-18 05:35:55,049 [grpc-default-executor-4] WARN  server.GrpcLogAppender (LogUtils.java:warn(122)) - 3327475e-62cb-4ee7-945b-6ce10b093b44@group-DB115239E727->3c29bd76-08cb-41c8-a67d-745d6588ade1-AppendLogResponseHandler: Failed appendEntries: org.apache.ratis.thirdparty.io.grpc.StatusRuntimeException: CANCELLED: HTTP/2 error code: CANCEL
Received Rst Stream
2022-01-18 05:35:55,050 [grpc-default-executor-4] WARN  server.GrpcLogAppender (GrpcLogAppender.java:resetClient(110)) - 3327475e-62cb-4ee7-945b-6ce10b093b44@group-DB115239E727->3c29bd76-08cb-41c8-a67d-745d6588ade1-GrpcLogAppender: Leader has not got in touch with Follower 3327475e-62cb-4ee7-945b-6ce10b093b44@group-DB115239E727->3c29bd76-08cb-41c8-a67d-745d6588ade1(c0,m0,n1, attendVote=true, lastRpcSendTime=893, lastRpcResponseTime=886) yet, just keep nextIndex unchanged and retry.
2022-01-18 05:35:55,050 [ForkJoinPool.commonPool-worker-1] INFO  server.GrpcService (GrpcService.java:closeImpl(271)) - 67260eab-501e-432c-b67c-83a04ad0151f: shutdown server with port 38305 successfully
2022-01-18 05:35:55,050 [grpc-default-executor-0] WARN  server.GrpcServerProtocolService (LogUtils.java:warn(122)) - 67260eab-501e-432c-b67c-83a04ad0151f: installSnapshot onError, lastRequest: null: org.apache.ratis.thirdparty.io.grpc.StatusRuntimeException: CANCELLED: client cancelled
2022-01-18 05:35:55,050 [org.apache.ratis.util.JvmPauseMonitor$$Lambda$431/448381667@4ec7faa5] INFO  util.JvmPauseMonitor (JvmPauseMonitor.java:run(109)) - JvmPauseMonitor-67260eab-501e-432c-b67c-83a04ad0151f: Stopped
2022-01-18 05:35:55,055 [grpc-default-executor-1] WARN  server.GrpcLogAppender (LogUtils.java:warn(122)) - 3327475e-62cb-4ee7-945b-6ce10b093b44@group-DB115239E727->67260eab-501e-432c-b67c-83a04ad0151f-AppendLogResponseHandler: Failed appendEntries: org.apache.ratis.thirdparty.io.grpc.StatusRuntimeException: CANCELLED: HTTP/2 error code: CANCEL
Received Rst Stream
2022-01-18 05:35:55,055 [grpc-default-executor-1] WARN  server.GrpcLogAppender (GrpcLogAppender.java:resetClient(110)) - 3327475e-62cb-4ee7-945b-6ce10b093b44@group-DB115239E727->67260eab-501e-432c-b67c-83a04ad0151f-GrpcLogAppender: Leader has not got in touch with Follower 3327475e-62cb-4ee7-945b-6ce10b093b44@group-DB115239E727->67260eab-501e-432c-b67c-83a04ad0151f(c0,m0,n1, attendVote=true, lastRpcSendTime=1005, lastRpcResponseTime=981) yet, just keep nextIndex unchanged and retry.
2022-01-18 05:35:56,580 [grpc-default-executor-0] WARN  server.GrpcLogAppender (LogUtils.java:warn(122)) - 3327475e-62cb-4ee7-945b-6ce10b093b44@group-DB115239E727->67260eab-501e-432c-b67c-83a04ad0151f-AppendLogResponseHandler: Failed appendEntries: org.apache.ratis.thirdparty.io.grpc.StatusRuntimeException: UNAVAILABLE: io exception
2022-01-18 05:35:56,580 [grpc-default-executor-0] WARN  server.GrpcLogAppender (GrpcLogAppender.java:resetClient(110)) - 3327475e-62cb-4ee7-945b-6ce10b093b44@group-DB115239E727->67260eab-501e-432c-b67c-83a04ad0151f-GrpcLogAppender: Leader has not got in touch with Follower 3327475e-62cb-4ee7-945b-6ce10b093b44@group-DB115239E727->67260eab-501e-432c-b67c-83a04ad0151f(c0,m0,n1, attendVote=true, lastRpcSendTime=2, lastRpcResponseTime=2507) yet, just keep nextIndex unchanged and retry.
2022-01-18 05:35:56,679 [grpc-default-executor-4] WARN  server.GrpcLogAppender (LogUtils.java:warn(122)) - 3327475e-62cb-4ee7-945b-6ce10b093b44@group-DB115239E727->3c29bd76-08cb-41c8-a67d-745d6588ade1-AppendLogResponseHandler: Failed appendEntries: org.apache.ratis.thirdparty.io.grpc.StatusRuntimeException: UNAVAILABLE: io exception
2022-01-18 05:35:56,680 [grpc-default-executor-4] WARN  server.GrpcLogAppender (GrpcLogAppender.java:resetClient(110)) - 3327475e-62cb-4ee7-945b-6ce10b093b44@group-DB115239E727->3c29bd76-08cb-41c8-a67d-745d6588ade1-GrpcLogAppender: Leader has not got in touch with Follower 3327475e-62cb-4ee7-945b-6ce10b093b44@group-DB115239E727->3c29bd76-08cb-41c8-a67d-745d6588ade1(c0,m0,n1, attendVote=true, lastRpcSendTime=1, lastRpcResponseTime=2517) yet, just keep nextIndex unchanged and retry.
2022-01-18 05:35:57,130 [Time-limited test] INFO  utils.BackgroundService (BackgroundService.java:shutdown(132)) - Shutting down service BlockDeletingService
2022-01-18 05:35:57,131 [ForkJoinPool.commonPool-worker-1] INFO  utils.BackgroundService (BackgroundService.java:shutdown(132)) - Shutting down service BlockDeletingService
2022-01-18 05:35:59,100 [grpc-default-executor-4] WARN  server.GrpcLogAppender (LogUtils.java:warn(122)) - 3327475e-62cb-4ee7-945b-6ce10b093b44@group-DB115239E727->67260eab-501e-432c-b67c-83a04ad0151f-AppendLogResponseHandler: Failed appendEntries: org.apache.ratis.thirdparty.io.grpc.StatusRuntimeException: UNAVAILABLE: io exception
2022-01-18 05:35:59,101 [grpc-default-executor-4] WARN  server.GrpcLogAppender (GrpcLogAppender.java:resetClient(110)) - 3327475e-62cb-4ee7-945b-6ce10b093b44@group-DB115239E727->67260eab-501e-432c-b67c-83a04ad0151f-GrpcLogAppender: Leader has not got in touch with Follower 3327475e-62cb-4ee7-945b-6ce10b093b44@group-DB115239E727->67260eab-501e-432c-b67c-83a04ad0151f(c0,m0,n1, attendVote=true, lastRpcSendTime=2522, lastRpcResponseTime=5027) yet, just keep nextIndex unchanged and retry.
2022-01-18 05:35:59,188 [grpc-default-executor-4] WARN  server.GrpcLogAppender (LogUtils.java:warn(122)) - 3327475e-62cb-4ee7-945b-6ce10b093b44@group-DB115239E727->3c29bd76-08cb-41c8-a67d-745d6588ade1-AppendLogResponseHandler: Failed appendEntries: org.apache.ratis.thirdparty.io.grpc.StatusRuntimeException: UNAVAILABLE: io exception
2022-01-18 05:35:59,189 [grpc-default-executor-4] WARN  server.GrpcLogAppender (GrpcLogAppender.java:resetClient(110)) - 3327475e-62cb-4ee7-945b-6ce10b093b44@group-DB115239E727->3c29bd76-08cb-41c8-a67d-745d6588ade1-GrpcLogAppender: Leader has not got in touch with Follower 3327475e-62cb-4ee7-945b-6ce10b093b44@group-DB115239E727->3c29bd76-08cb-41c8-a67d-745d6588ade1(c0,m0,n1, attendVote=true, lastRpcSendTime=0, lastRpcResponseTime=5026) yet, just keep nextIndex unchanged and retry.
2022-01-18 05:36:00,161 [ForkJoinPool.commonPool-worker-1] INFO  statemachine.DatanodeStateMachine (DatanodeStateMachine.java:stopDaemon(529)) - Ozone container server stopped.
2022-01-18 05:36:00,167 [ForkJoinPool.commonPool-worker-1] INFO  handler.ContextHandler (ContextHandler.java:doStop(1153)) - Stopped o.e.j.w.WebAppContext@449a9401{hddsDatanode,/,null,STOPPED}{jar:file:/home/runner/.m2/repository/org/apache/ozone/hdds-container-service/1.3.0-SNAPSHOT/hdds-container-service-1.3.0-SNAPSHOT.jar!/webapps/hddsDatanode}
2022-01-18 05:36:00,177 [Time-limited test] INFO  statemachine.DatanodeStateMachine (DatanodeStateMachine.java:stopDaemon(529)) - Ozone container server stopped.
2022-01-18 05:36:00,186 [ForkJoinPool.commonPool-worker-1] INFO  server.AbstractConnector (AbstractConnector.java:doStop(381)) - Stopped ServerConnector@5961744f{HTTP/1.1, (http/1.1)}{0.0.0.0:41537}
2022-01-18 05:36:00,186 [ForkJoinPool.commonPool-worker-1] INFO  server.session (HouseKeeper.java:stopScavenging(149)) - node0 Stopped scavenging
2022-01-18 05:36:00,198 [ForkJoinPool.commonPool-worker-1] INFO  handler.ContextHandler (ContextHandler.java:doStop(1153)) - Stopped o.e.j.s.ServletContextHandler@25a04e19{static,/static,jar:file:/home/runner/.m2/repository/org/apache/ozone/hdds-container-service/1.3.0-SNAPSHOT/hdds-container-service-1.3.0-SNAPSHOT.jar!/webapps/static,STOPPED}
2022-01-18 05:36:00,213 [Time-limited test] INFO  handler.ContextHandler (ContextHandler.java:doStop(1153)) - Stopped o.e.j.w.WebAppContext@419c310e{hddsDatanode,/,null,STOPPED}{jar:file:/home/runner/.m2/repository/org/apache/ozone/hdds-container-service/1.3.0-SNAPSHOT/hdds-container-service-1.3.0-SNAPSHOT.jar!/webapps/hddsDatanode}
2022-01-18 05:36:00,213 [ForkJoinPool.commonPool-worker-1] INFO  handler.ContextHandler (ContextHandler.java:doStop(1153)) - Stopped o.e.j.s.ServletContextHandler@3c7a99a0{logs,/logs,file:///home/runner/work/ozone/ozone/hadoop-ozone/integration-test/target/log,STOPPED}
2022-01-18 05:36:00,214 [Time-limited test] INFO  server.AbstractConnector (AbstractConnector.java:doStop(381)) - Stopped ServerConnector@25741270{HTTP/1.1, (http/1.1)}{0.0.0.0:0}
2022-01-18 05:36:00,214 [Time-limited test] INFO  server.session (HouseKeeper.java:stopScavenging(149)) - node0 Stopped scavenging
2022-01-18 05:36:00,228 [Time-limited test] INFO  handler.ContextHandler (ContextHandler.java:doStop(1153)) - Stopped o.e.j.s.ServletContextHandler@775a7ca7{static,/static,jar:file:/home/runner/.m2/repository/org/apache/ozone/hdds-container-service/1.3.0-SNAPSHOT/hdds-container-service-1.3.0-SNAPSHOT.jar!/webapps/static,STOPPED}
2022-01-18 05:36:00,228 [Time-limited test] INFO  handler.ContextHandler (ContextHandler.java:doStop(1153)) - Stopped o.e.j.s.ServletContextHandler@179b8b79{logs,/logs,file:///home/runner/work/ozone/ozone/hadoop-ozone/integration-test/target/log,STOPPED}
2022-01-18 05:36:01,606 [grpc-default-executor-4] WARN  server.GrpcLogAppender (LogUtils.java:warn(122)) - 3327475e-62cb-4ee7-945b-6ce10b093b44@group-DB115239E727->67260eab-501e-432c-b67c-83a04ad0151f-AppendLogResponseHandler: Failed appendEntries: org.apache.ratis.thirdparty.io.grpc.StatusRuntimeException: UNAVAILABLE: io exception
2022-01-18 05:36:01,607 [grpc-default-executor-4] WARN  server.GrpcLogAppender (GrpcLogAppender.java:resetClient(110)) - 3327475e-62cb-4ee7-945b-6ce10b093b44@group-DB115239E727->67260eab-501e-432c-b67c-83a04ad0151f-GrpcLogAppender: Leader has not got in touch with Follower 3327475e-62cb-4ee7-945b-6ce10b093b44@group-DB115239E727->67260eab-501e-432c-b67c-83a04ad0151f(c0,m0,n1, attendVote=true, lastRpcSendTime=2505, lastRpcResponseTime=7533) yet, just keep nextIndex unchanged and retry.
2022-01-18 05:36:01,710 [grpc-default-executor-4] WARN  server.GrpcLogAppender (LogUtils.java:warn(122)) - 3327475e-62cb-4ee7-945b-6ce10b093b44@group-DB115239E727->3c29bd76-08cb-41c8-a67d-745d6588ade1-AppendLogResponseHandler: Failed appendEntries: org.apache.ratis.thirdparty.io.grpc.StatusRuntimeException: UNAVAILABLE: io exception
2022-01-18 05:36:01,718 [grpc-default-executor-4] WARN  server.GrpcLogAppender (GrpcLogAppender.java:resetClient(110)) - 3327475e-62cb-4ee7-945b-6ce10b093b44@group-DB115239E727->3c29bd76-08cb-41c8-a67d-745d6588ade1-GrpcLogAppender: Leader has not got in touch with Follower 3327475e-62cb-4ee7-945b-6ce10b093b44@group-DB115239E727->3c29bd76-08cb-41c8-a67d-745d6588ade1(c0,m0,n1, attendVote=true, lastRpcSendTime=2529, lastRpcResponseTime=7555) yet, just keep nextIndex unchanged and retry.
2022-01-18 05:36:03,373 [3327475e-62cb-4ee7-945b-6ce10b093b44@group-DB115239E727-LeaderStateImpl] WARN  server.RaftServer$Division (LeaderStateImpl.java:checkLeadership(974)) - 3327475e-62cb-4ee7-945b-6ce10b093b44@group-DB115239E727-LeaderStateImpl: Lost leadership on term: 8. Election timeout: 5200ms. In charge for: 52039ms. Conf: 0: [3327475e-62cb-4ee7-945b-6ce10b093b44|rpc:10.1.0.16:38697|dataStream:|priority:1, 67260eab-501e-432c-b67c-83a04ad0151f|rpc:10.1.0.16:38305|dataStream:|priority:0, 3c29bd76-08cb-41c8-a67d-745d6588ade1|rpc:10.1.0.16:33765|dataStream:|priority:0], old=null
2022-01-18 05:36:03,373 [3327475e-62cb-4ee7-945b-6ce10b093b44@group-DB115239E727-LeaderStateImpl] WARN  server.RaftServer$Division (LeaderStateImpl.java:lambda$checkLeadership$15(978)) - Follower 3327475e-62cb-4ee7-945b-6ce10b093b44@group-DB115239E727->67260eab-501e-432c-b67c-83a04ad0151f(c0,m0,n1, attendVote=true, lastRpcSendTime=1764, lastRpcResponseTime=9300)
2022-01-18 05:36:03,373 [3327475e-62cb-4ee7-945b-6ce10b093b44@group-DB115239E727-LeaderStateImpl] WARN  server.RaftServer$Division (LeaderStateImpl.java:lambda$checkLeadership$15(978)) - Follower 3327475e-62cb-4ee7-945b-6ce10b093b44@group-DB115239E727->3c29bd76-08cb-41c8-a67d-745d6588ade1(c0,m0,n1, attendVote=true, lastRpcSendTime=1654, lastRpcResponseTime=9210)
2022-01-18 05:36:03,373 [3327475e-62cb-4ee7-945b-6ce10b093b44@group-DB115239E727-LeaderStateImpl] INFO  server.RaftServer$Division (RaftServerImpl.java:setRole(290)) - 3327475e-62cb-4ee7-945b-6ce10b093b44@group-DB115239E727: changes role from    LEADER to FOLLOWER at term 8 for StepDownReason:LOST_MAJORITY_HEARTBEATS
2022-01-18 05:36:03,373 [3327475e-62cb-4ee7-945b-6ce10b093b44@group-DB115239E727-LeaderStateImpl] INFO  impl.RoleInfo (RoleInfo.java:shutdownLeaderState(91)) - 3327475e-62cb-4ee7-945b-6ce10b093b44: shutdown 3327475e-62cb-4ee7-945b-6ce10b093b44@group-DB115239E727-LeaderStateImpl
2022-01-18 05:36:03,374 [3327475e-62cb-4ee7-945b-6ce10b093b44@group-DB115239E727-LeaderStateImpl] INFO  impl.PendingRequests (PendingRequests.java:sendNotLeaderResponses(282)) - 3327475e-62cb-4ee7-945b-6ce10b093b44@group-DB115239E727-PendingRequests: sendNotLeaderResponses
2022-01-18 05:36:03,374 [3327475e-62cb-4ee7-945b-6ce10b093b44@group-DB115239E727-LeaderStateImpl] INFO  impl.RoleInfo (RoleInfo.java:updateAndGet(130)) - 3327475e-62cb-4ee7-945b-6ce10b093b44: start 3327475e-62cb-4ee7-945b-6ce10b093b44@group-DB115239E727-FollowerState
2022-01-18 05:36:05,216 [ForkJoinPool.commonPool-worker-1] INFO  ozoneimpl.OzoneContainer (OzoneContainer.java:stop(336)) - Attempting to stop container services.
2022-01-18 05:36:05,217 [ForkJoinPool.commonPool-worker-1] INFO  server.RaftServer (RaftServerProxy.java:lambda$close$6(391)) - 3327475e-62cb-4ee7-945b-6ce10b093b44: close
2022-01-18 05:36:05,217 [ForkJoinPool.commonPool-worker-1] INFO  server.RaftServer$Division (RaftServerImpl.java:lambda$close$4(412)) - 3327475e-62cb-4ee7-945b-6ce10b093b44@group-E40B6676F8C7: shutdown
2022-01-18 05:36:05,217 [ForkJoinPool.commonPool-worker-1] INFO  util.JmxRegister (JmxRegister.java:unregister(73)) - Successfully un-registered JMX Bean with object name Ratis:service=RaftServer,group=group-E40B6676F8C7,id=3327475e-62cb-4ee7-945b-6ce10b093b44
2022-01-18 05:36:05,218 [ForkJoinPool.commonPool-worker-1] INFO  impl.RoleInfo (RoleInfo.java:shutdownLeaderState(91)) - 3327475e-62cb-4ee7-945b-6ce10b093b44: shutdown 3327475e-62cb-4ee7-945b-6ce10b093b44@group-E40B6676F8C7-LeaderStateImpl
2022-01-18 05:36:05,218 [ForkJoinPool.commonPool-worker-1] INFO  impl.PendingRequests (PendingRequests.java:sendNotLeaderResponses(282)) - 3327475e-62cb-4ee7-945b-6ce10b093b44@group-E40B6676F8C7-PendingRequests: sendNotLeaderResponses
2022-01-18 05:36:05,218 [ForkJoinPool.commonPool-worker-1] INFO  impl.StateMachineUpdater (StateMachineUpdater.java:stopAndJoin(149)) - 3327475e-62cb-4ee7-945b-6ce10b093b44@group-E40B6676F8C7-StateMachineUpdater: set stopIndex = 0
2022-01-18 05:36:05,219 [3327475e-62cb-4ee7-945b-6ce10b093b44@group-E40B6676F8C7-StateMachineUpdater] INFO  ratis.ContainerStateMachine (ContainerStateMachine.java:takeSnapshot(299)) - group-E40B6676F8C7: Taking a snapshot at:(t:1, i:0) file /home/runner/work/ozone/ozone/hadoop-ozone/integration-test/target/test-dir/MiniOzoneClusterImpl-cb7c1fcf-6298-49a9-b20a-40b206c3d36e/datanode-2/data/ratis/72fd4272-f57c-47ea-82a5-e40b6676f8c7/sm/snapshot.1_0
2022-01-18 05:36:05,222 [3327475e-62cb-4ee7-945b-6ce10b093b44@group-E40B6676F8C7-StateMachineUpdater] INFO  ratis.ContainerStateMachine (ContainerStateMachine.java:takeSnapshot(310)) - group-E40B6676F8C7: Finished taking a snapshot at:(t:1, i:0) file:/home/runner/work/ozone/ozone/hadoop-ozone/integration-test/target/test-dir/MiniOzoneClusterImpl-cb7c1fcf-6298-49a9-b20a-40b206c3d36e/datanode-2/data/ratis/72fd4272-f57c-47ea-82a5-e40b6676f8c7/sm/snapshot.1_0 took: 3 ms
2022-01-18 05:36:05,222 [3327475e-62cb-4ee7-945b-6ce10b093b44@group-E40B6676F8C7-StateMachineUpdater] INFO  impl.StateMachineUpdater (StateMachineUpdater.java:takeSnapshot(281)) - 3327475e-62cb-4ee7-945b-6ce10b093b44@group-E40B6676F8C7-StateMachineUpdater: Took a snapshot at index 0
2022-01-18 05:36:05,222 [3327475e-62cb-4ee7-945b-6ce10b093b44@group-E40B6676F8C7-StateMachineUpdater] INFO  impl.StateMachineUpdater (StateMachineUpdater.java:lambda$new$0(89)) - 3327475e-62cb-4ee7-945b-6ce10b093b44@group-E40B6676F8C7-StateMachineUpdater: snapshotIndex: updateIncreasingly -1 -> 0
2022-01-18 05:36:05,223 [ForkJoinPool.commonPool-worker-1] INFO  server.RaftServer$Division (ServerState.java:close(419)) - 3327475e-62cb-4ee7-945b-6ce10b093b44@group-E40B6676F8C7: closes. applyIndex: 0
2022-01-18 05:36:05,223 [3327475e-62cb-4ee7-945b-6ce10b093b44@group-E40B6676F8C7-SegmentedRaftLogWorker] INFO  segmented.SegmentedRaftLogWorker (SegmentedRaftLogWorker.java:run(327)) - 3327475e-62cb-4ee7-945b-6ce10b093b44@group-E40B6676F8C7-SegmentedRaftLogWorker was interrupted, exiting. There are 0 tasks remaining in the queue.
2022-01-18 05:36:05,224 [ForkJoinPool.commonPool-worker-1] INFO  segmented.SegmentedRaftLogWorker (SegmentedRaftLogWorker.java:close(237)) - 3327475e-62cb-4ee7-945b-6ce10b093b44@group-E40B6676F8C7-SegmentedRaftLogWorker close()
2022-01-18 05:36:05,225 [ForkJoinPool.commonPool-worker-1] INFO  server.RaftServer$Division (RaftServerImpl.java:lambda$close$4(412)) - 3327475e-62cb-4ee7-945b-6ce10b093b44@group-DB115239E727: shutdown
2022-01-18 05:36:05,225 [ForkJoinPool.commonPool-worker-1] INFO  util.JmxRegister (JmxRegister.java:unregister(73)) - Successfully un-registered JMX Bean with object name Ratis:service=RaftServer,group=group-DB115239E727,id=3327475e-62cb-4ee7-945b-6ce10b093b44
2022-01-18 05:36:05,226 [ForkJoinPool.commonPool-worker-1] INFO  impl.RoleInfo (RoleInfo.java:shutdownFollowerState(108)) - 3327475e-62cb-4ee7-945b-6ce10b093b44: shutdown 3327475e-62cb-4ee7-945b-6ce10b093b44@group-DB115239E727-FollowerState
2022-01-18 05:36:05,226 [3327475e-62cb-4ee7-945b-6ce10b093b44@group-DB115239E727-FollowerState] INFO  impl.FollowerState (FollowerState.java:run(143)) - 3327475e-62cb-4ee7-945b-6ce10b093b44@group-DB115239E727-FollowerState was interrupted: {}
java.lang.InterruptedException: sleep interrupted
	at java.lang.Thread.sleep(Native Method)
	at java.lang.Thread.sleep(Thread.java:340)
	at java.util.concurrent.TimeUnit.sleep(TimeUnit.java:386)
	at org.apache.ratis.util.TimeDuration.sleep(TimeDuration.java:324)
	at org.apache.ratis.util.TimeDuration.sleep(TimeDuration.java:309)
	at org.apache.ratis.server.impl.FollowerState.run(FollowerState.java:118)
2022-01-18 05:36:05,226 [3327475e-62cb-4ee7-945b-6ce10b093b44@group-DB115239E727-StateMachineUpdater] INFO  ratis.ContainerStateMachine (ContainerStateMachine.java:takeSnapshot(299)) - group-DB115239E727: Taking a snapshot at:(t:8, i:0) file /home/runner/work/ozone/ozone/hadoop-ozone/integration-test/target/test-dir/MiniOzoneClusterImpl-cb7c1fcf-6298-49a9-b20a-40b206c3d36e/datanode-2/data/ratis/59fae8ef-e674-4137-bac0-db115239e727/sm/snapshot.8_0
2022-01-18 05:36:05,227 [3327475e-62cb-4ee7-945b-6ce10b093b44@group-DB115239E727-StateMachineUpdater] INFO  ratis.ContainerStateMachine (ContainerStateMachine.java:takeSnapshot(310)) - group-DB115239E727: Finished taking a snapshot at:(t:8, i:0) file:/home/runner/work/ozone/ozone/hadoop-ozone/integration-test/target/test-dir/MiniOzoneClusterImpl-cb7c1fcf-6298-49a9-b20a-40b206c3d36e/datanode-2/data/ratis/59fae8ef-e674-4137-bac0-db115239e727/sm/snapshot.8_0 took: 1 ms
2022-01-18 05:36:05,227 [3327475e-62cb-4ee7-945b-6ce10b093b44@group-DB115239E727-StateMachineUpdater] INFO  impl.StateMachineUpdater (StateMachineUpdater.java:takeSnapshot(281)) - 3327475e-62cb-4ee7-945b-6ce10b093b44@group-DB115239E727-StateMachineUpdater: Took a snapshot at index 0
2022-01-18 05:36:05,227 [3327475e-62cb-4ee7-945b-6ce10b093b44@group-DB115239E727-StateMachineUpdater] INFO  impl.StateMachineUpdater (StateMachineUpdater.java:lambda$new$0(89)) - 3327475e-62cb-4ee7-945b-6ce10b093b44@group-DB115239E727-StateMachineUpdater: snapshotIndex: updateIncreasingly -1 -> 0
2022-01-18 05:36:05,237 [ForkJoinPool.commonPool-worker-1] INFO  impl.StateMachineUpdater (StateMachineUpdater.java:stopAndJoin(149)) - 3327475e-62cb-4ee7-945b-6ce10b093b44@group-DB115239E727-StateMachineUpdater: set stopIndex = 0
2022-01-18 05:36:05,237 [ForkJoinPool.commonPool-worker-1] INFO  server.RaftServer$Division (ServerState.java:close(419)) - 3327475e-62cb-4ee7-945b-6ce10b093b44@group-DB115239E727: closes. applyIndex: 0
2022-01-18 05:36:05,237 [3327475e-62cb-4ee7-945b-6ce10b093b44@group-DB115239E727-SegmentedRaftLogWorker] INFO  segmented.SegmentedRaftLogWorker (SegmentedRaftLogWorker.java:run(327)) - 3327475e-62cb-4ee7-945b-6ce10b093b44@group-DB115239E727-SegmentedRaftLogWorker was interrupted, exiting. There are 0 tasks remaining in the queue.
2022-01-18 05:36:05,238 [ForkJoinPool.commonPool-worker-1] INFO  segmented.SegmentedRaftLogWorker (SegmentedRaftLogWorker.java:close(237)) - 3327475e-62cb-4ee7-945b-6ce10b093b44@group-DB115239E727-SegmentedRaftLogWorker close()
2022-01-18 05:36:05,238 [ForkJoinPool.commonPool-worker-1] INFO  server.GrpcService (GrpcService.java:closeImpl(262)) - 3327475e-62cb-4ee7-945b-6ce10b093b44: shutdown server with port 38697 now
2022-01-18 05:36:05,242 [ForkJoinPool.commonPool-worker-1] INFO  server.GrpcService (GrpcService.java:closeImpl(271)) - 3327475e-62cb-4ee7-945b-6ce10b093b44: shutdown server with port 38697 successfully
2022-01-18 05:36:05,242 [org.apache.ratis.util.JvmPauseMonitor$$Lambda$431/448381667@4dd899c6] INFO  util.JvmPauseMonitor (JvmPauseMonitor.java:run(109)) - JvmPauseMonitor-3327475e-62cb-4ee7-945b-6ce10b093b44: Stopped
2022-01-18 05:36:07,270 [ForkJoinPool.commonPool-worker-1] INFO  utils.BackgroundService (BackgroundService.java:shutdown(132)) - Shutting down service BlockDeletingService
2022-01-18 05:36:10,279 [ForkJoinPool.commonPool-worker-1] INFO  statemachine.DatanodeStateMachine (DatanodeStateMachine.java:stopDaemon(529)) - Ozone container server stopped.
2022-01-18 05:36:10,282 [ForkJoinPool.commonPool-worker-1] INFO  handler.ContextHandler (ContextHandler.java:doStop(1153)) - Stopped o.e.j.w.WebAppContext@6a8910fe{hddsDatanode,/,null,STOPPED}{jar:file:/home/runner/.m2/repository/org/apache/ozone/hdds-container-service/1.3.0-SNAPSHOT/hdds-container-service-1.3.0-SNAPSHOT.jar!/webapps/hddsDatanode}
2022-01-18 05:36:10,301 [ForkJoinPool.commonPool-worker-1] INFO  server.AbstractConnector (AbstractConnector.java:doStop(381)) - Stopped ServerConnector@5a76d8bf{HTTP/1.1, (http/1.1)}{0.0.0.0:0}
2022-01-18 05:36:10,301 [ForkJoinPool.commonPool-worker-1] INFO  server.session (HouseKeeper.java:stopScavenging(149)) - node0 Stopped scavenging
2022-01-18 05:36:10,302 [ForkJoinPool.commonPool-worker-1] INFO  handler.ContextHandler (ContextHandler.java:doStop(1153)) - Stopped o.e.j.s.ServletContextHandler@3a8302f6{static,/static,jar:file:/home/runner/.m2/repository/org/apache/ozone/hdds-container-service/1.3.0-SNAPSHOT/hdds-container-service-1.3.0-SNAPSHOT.jar!/webapps/static,STOPPED}
2022-01-18 05:36:10,303 [ForkJoinPool.commonPool-worker-1] INFO  handler.ContextHandler (ContextHandler.java:doStop(1153)) - Stopped o.e.j.s.ServletContextHandler@b4ab68a{logs,/logs,file:///home/runner/work/ozone/ozone/hadoop-ozone/integration-test/target/log,STOPPED}
2022-01-18 05:36:10,310 [Time-limited test] INFO  ozone.MiniOzoneClusterImpl (MiniOzoneClusterImpl.java:stopSCM(526)) - Stopping the StorageContainerManager
2022-01-18 05:36:10,310 [Time-limited test] INFO  server.StorageContainerManager (StorageContainerManager.java:stop(1390)) - Stopping Container Balancer service.
2022-01-18 05:36:10,310 [Time-limited test] INFO  balancer.ContainerBalancer (ContainerBalancer.java:stop(751)) - Container Balancer is not running.
2022-01-18 05:36:10,310 [Time-limited test] INFO  server.StorageContainerManager (StorageContainerManager.java:stop(1397)) - Stopping Replication Manager Service.
2022-01-18 05:36:10,310 [Time-limited test] INFO  container.ReplicationManager (ReplicationManager.java:stop(357)) - Stopping Replication Monitor Thread.
2022-01-18 05:36:10,310 [Time-limited test] INFO  server.StorageContainerManager (StorageContainerManager.java:stop(1404)) - Stopping the Datanode Admin Monitor.
2022-01-18 05:36:10,310 [Time-limited test] INFO  server.StorageContainerManager (StorageContainerManager.java:stop(1411)) - Stopping Lease Manager of the command watchers
2022-01-18 05:36:10,310 [Time-limited test] INFO  server.StorageContainerManager (StorageContainerManager.java:stop(1418)) - Stopping datanode service RPC server
2022-01-18 05:36:10,310 [Time-limited test] INFO  server.SCMDatanodeProtocolServer (SCMDatanodeProtocolServer.java:stop(390)) - Stopping the RPC server for DataNodes
2022-01-18 05:36:10,310 [Time-limited test] INFO  ipc.Server (Server.java:stop(3414)) - Stopping server on 34205
2022-01-18 05:36:10,322 [IPC Server Responder] INFO  ipc.Server (Server.java:run(1512)) - Stopping IPC Server Responder
2022-01-18 05:36:10,323 [IPC Server listener on 34205] INFO  ipc.Server (Server.java:run(1376)) - Stopping IPC Server listener on 34205
2022-01-18 05:36:10,383 [SCM Heartbeat Processing Thread - 0] WARN  node.NodeStateManager (NodeStateManager.java:scheduleNextHealthCheck(799)) - Current Thread is interrupted, shutting down HB processing thread for Node Manager.
2022-01-18 05:36:10,383 [Time-limited test] INFO  server.StorageContainerManager (StorageContainerManager.java:stop(1426)) - Stopping block service RPC server
2022-01-18 05:36:10,383 [Time-limited test] INFO  server.SCMBlockProtocolServer (SCMBlockProtocolServer.java:stop(160)) - Stopping the RPC server for Block Protocol
2022-01-18 05:36:10,384 [Time-limited test] INFO  ipc.Server (Server.java:stop(3414)) - Stopping server on 33761
2022-01-18 05:36:10,385 [IPC Server Responder] INFO  ipc.Server (Server.java:run(1512)) - Stopping IPC Server Responder
2022-01-18 05:36:10,385 [IPC Server listener on 33761] INFO  ipc.Server (Server.java:run(1376)) - Stopping IPC Server listener on 33761
2022-01-18 05:36:10,385 [Time-limited test] INFO  server.StorageContainerManager (StorageContainerManager.java:stop(1433)) - Stopping the StorageContainerLocationProtocol RPC server
2022-01-18 05:36:10,386 [Time-limited test] INFO  server.SCMClientProtocolServer (SCMClientProtocolServer.java:stop(173)) - Stopping the RPC server for Client Protocol
2022-01-18 05:36:10,386 [Time-limited test] INFO  ipc.Server (Server.java:stop(3414)) - Stopping server on 39273
2022-01-18 05:36:10,389 [Time-limited test] INFO  server.StorageContainerManager (StorageContainerManager.java:stop(1440)) - Stopping Storage Container Manager HTTP server.
2022-01-18 05:36:10,389 [IPC Server Responder] INFO  ipc.Server (Server.java:run(1512)) - Stopping IPC Server Responder
2022-01-18 05:36:10,389 [IPC Server listener on 39273] INFO  ipc.Server (Server.java:run(1376)) - Stopping IPC Server listener on 39273
2022-01-18 05:36:10,390 [Time-limited test] INFO  handler.ContextHandler (ContextHandler.java:doStop(1153)) - Stopped o.e.j.w.WebAppContext@4ebfcd87{scm,/,null,STOPPED}{file:/home/runner/work/ozone/ozone/hadoop-ozone/integration-test/target/test-classes/webapps/scm}
2022-01-18 05:36:10,397 [Time-limited test] INFO  server.AbstractConnector (AbstractConnector.java:doStop(381)) - Stopped ServerConnector@192e0c89{HTTP/1.1, (http/1.1)}{0.0.0.0:46141}
2022-01-18 05:36:10,397 [Time-limited test] INFO  server.session (HouseKeeper.java:stopScavenging(149)) - node0 Stopped scavenging
2022-01-18 05:36:10,398 [Time-limited test] INFO  handler.ContextHandler (ContextHandler.java:doStop(1153)) - Stopped o.e.j.s.ServletContextHandler@23b3f506{static,/static,file:///home/runner/work/ozone/ozone/hadoop-ozone/integration-test/target/test-classes/webapps/static,STOPPED}
2022-01-18 05:36:10,409 [Time-limited test] INFO  handler.ContextHandler (ContextHandler.java:doStop(1153)) - Stopped o.e.j.s.ServletContextHandler@30641a0c{logs,/logs,file:///home/runner/work/ozone/ozone/hadoop-ozone/integration-test/target/log,STOPPED}
2022-01-18 05:36:10,416 [Time-limited test] INFO  server.StorageContainerManager (StorageContainerManager.java:stop(1451)) - Stopping Block Manager Service.
2022-01-18 05:36:10,416 [Time-limited test] INFO  utils.BackgroundService (BackgroundService.java:shutdown(132)) - Shutting down service SCMBlockDeletingService
2022-01-18 05:36:10,416 [Time-limited test] INFO  utils.BackgroundService (BackgroundService.java:shutdown(132)) - Shutting down service SCMBlockDeletingService
2022-01-18 05:36:10,416 [Time-limited test] INFO  server.StorageContainerManager (StorageContainerManager.java:stop(1478)) - Stopping SCM Event Queue.
2022-01-18 05:36:10,432 [Time-limited test] INFO  server.StorageContainerManager (StorageContainerManager.java:stop(1489)) - Stopping SCM HA services.
2022-01-18 05:36:10,433 [Time-limited test] INFO  ha.SCMRatisServerImpl (SCMRatisServerImpl.java:stop(236)) - stopping ratis server 0.0.0.0:9894
2022-01-18 05:36:10,433 [Time-limited test] INFO  server.RaftServer (RaftServerProxy.java:lambda$close$6(391)) - c5b8eab1-b612-476d-b44f-3a1e5cc4ac80: close
2022-01-18 05:36:10,433 [Time-limited test] INFO  server.RaftServer$Division (RaftServerImpl.java:lambda$close$4(412)) - c5b8eab1-b612-476d-b44f-3a1e5cc4ac80@group-40B206C3D36E: shutdown
2022-01-18 05:36:10,433 [Time-limited test] INFO  util.JmxRegister (JmxRegister.java:unregister(73)) - Successfully un-registered JMX Bean with object name Ratis:service=RaftServer,group=group-40B206C3D36E,id=c5b8eab1-b612-476d-b44f-3a1e5cc4ac80
2022-01-18 05:36:10,433 [Time-limited test] INFO  impl.RoleInfo (RoleInfo.java:shutdownLeaderState(91)) - c5b8eab1-b612-476d-b44f-3a1e5cc4ac80: shutdown c5b8eab1-b612-476d-b44f-3a1e5cc4ac80@group-40B206C3D36E-LeaderStateImpl
2022-01-18 05:36:10,433 [Time-limited test] INFO  impl.PendingRequests (PendingRequests.java:sendNotLeaderResponses(282)) - c5b8eab1-b612-476d-b44f-3a1e5cc4ac80@group-40B206C3D36E-PendingRequests: sendNotLeaderResponses
2022-01-18 05:36:10,433 [Time-limited test] INFO  ha.SCMStateMachine (SCMStateMachine.java:notifyNotLeader(190)) - current leader SCM steps down.
2022-01-18 05:36:10,434 [Time-limited test] INFO  ha.SCMContext (SCMContext.java:updateLeaderAndTerm(90)) - update <isLeader,term> from <true,3> to <false,0>
2022-01-18 05:36:10,434 [Time-limited test] INFO  ha.SCMContext (SCMContext.java:updateLeaderAndTerm(97)) - update <isLeaderReady> from <false> to <false>
2022-01-18 05:36:10,435 [Time-limited test] INFO  impl.StateMachineUpdater (StateMachineUpdater.java:stopAndJoin(149)) - c5b8eab1-b612-476d-b44f-3a1e5cc4ac80@group-40B206C3D36E-StateMachineUpdater: set stopIndex = 20
2022-01-18 05:36:10,436 [c5b8eab1-b612-476d-b44f-3a1e5cc4ac80@group-40B206C3D36E-StateMachineUpdater] INFO  ha.SCMStateMachine (SCMStateMachine.java:takeSnapshot(297)) - Current Snapshot Index 20, takeSnapshot took 0 ms
2022-01-18 05:36:10,436 [c5b8eab1-b612-476d-b44f-3a1e5cc4ac80@group-40B206C3D36E-StateMachineUpdater] INFO  impl.StateMachineUpdater (StateMachineUpdater.java:takeSnapshot(281)) - c5b8eab1-b612-476d-b44f-3a1e5cc4ac80@group-40B206C3D36E-StateMachineUpdater: Took a snapshot at index 20
2022-01-18 05:36:10,436 [c5b8eab1-b612-476d-b44f-3a1e5cc4ac80@group-40B206C3D36E-StateMachineUpdater] INFO  impl.StateMachineUpdater (StateMachineUpdater.java:lambda$new$0(89)) - c5b8eab1-b612-476d-b44f-3a1e5cc4ac80@group-40B206C3D36E-StateMachineUpdater: snapshotIndex: updateIncreasingly 18 -> 20
2022-01-18 05:36:10,436 [Time-limited test] INFO  server.RaftServer$Division (ServerState.java:close(419)) - c5b8eab1-b612-476d-b44f-3a1e5cc4ac80@group-40B206C3D36E: closes. applyIndex: 20
2022-01-18 05:36:10,436 [c5b8eab1-b612-476d-b44f-3a1e5cc4ac80@group-40B206C3D36E-SegmentedRaftLogWorker] INFO  segmented.SegmentedRaftLogWorker (SegmentedRaftLogWorker.java:run(327)) - c5b8eab1-b612-476d-b44f-3a1e5cc4ac80@group-40B206C3D36E-SegmentedRaftLogWorker was interrupted, exiting. There are 0 tasks remaining in the queue.
2022-01-18 05:36:10,437 [Time-limited test] INFO  segmented.SegmentedRaftLogWorker (SegmentedRaftLogWorker.java:close(237)) - c5b8eab1-b612-476d-b44f-3a1e5cc4ac80@group-40B206C3D36E-SegmentedRaftLogWorker close()
2022-01-18 05:36:10,437 [Time-limited test] INFO  server.GrpcService (GrpcService.java:closeImpl(262)) - c5b8eab1-b612-476d-b44f-3a1e5cc4ac80: shutdown server with port 9894 now
2022-01-18 05:36:10,438 [Time-limited test] INFO  server.GrpcService (GrpcService.java:closeImpl(271)) - c5b8eab1-b612-476d-b44f-3a1e5cc4ac80: shutdown server with port 9894 successfully
2022-01-18 05:36:10,438 [org.apache.ratis.util.JvmPauseMonitor$$Lambda$431/448381667@1c573efb] INFO  util.JvmPauseMonitor (JvmPauseMonitor.java:run(109)) - JvmPauseMonitor-c5b8eab1-b612-476d-b44f-3a1e5cc4ac80: Stopped
2022-01-18 05:36:10,441 [Time-limited test] INFO  pipeline.BackgroundPipelineCreator (BackgroundPipelineCreator.java:stop(158)) - Stopping RatisPipelineUtilsThread.
2022-01-18 05:36:10,441 [Time-limited test] INFO  server.StorageContainerManager (StorageContainerManager.java:stop(1499)) - Stopping SCM MetadataStore.
2022-01-18 05:36:10,448 [Time-limited test] INFO  impl.MetricsSystemImpl (MetricsSystemImpl.java:stop(210)) - Stopping StorageContainerManager metrics system...
2022-01-18 05:36:10,448 [prometheus] INFO  impl.MetricsSinkAdapter (MetricsSinkAdapter.java:publishMetricsFromQueue(141)) - prometheus thread interrupted.
2022-01-18 05:36:10,454 [Time-limited test] INFO  impl.MetricsSystemImpl (MetricsSystemImpl.java:stop(216)) - StorageContainerManager metrics system stopped.
]]></system-out>
  </testcase>
  <testcase name="testDatanodeIDPersistent" classname="org.apache.hadoop.ozone.TestMiniOzoneCluster" time="0.088"/>
  <testcase name="testContainerRandomPort" classname="org.apache.hadoop.ozone.TestMiniOzoneCluster" time="25.242"/>
</testsuite>