<?xml version="1.0" encoding="UTF-8"?>
<testsuite xmlns:xsi="http://www.w3.org/2001/XMLSchema-instance" xsi:noNamespaceSchemaLocation="https://maven.apache.org/surefire/maven-surefire-plugin/xsd/surefire-test-report.xsd" name="org.apache.hadoop.ozone.om.TestOMRatisSnapshots" time="117.536" tests="3" errors="0" skipped="0" failures="1">
  <properties>
    <property name="awt.toolkit" value="sun.awt.X11.XToolkit"/>
    <property name="file.encoding.pkg" value="sun.io"/>
    <property name="java.specification.version" value="1.8"/>
    <property name="sun.cpu.isalist" value=""/>
    <property name="sun.jnu.encoding" value="ANSI_X3.4-1968"/>
    <property name="java.class.path" value="/github/workspace/mnt/ozone/hadoop-ozone/integration-test/target/test-classes:/github/workspace/mnt/ozone/hadoop-ozone/integration-test/target/classes:/home/user/.m2/repository/org/apache/hadoop/hadoop-ozone-common/1.1.0-SNAPSHOT/hadoop-ozone-common-1.1.0-SNAPSHOT.jar:/home/user/.m2/repository/org/apache/commons/commons-compress/1.4.1/commons-compress-1.4.1.jar:/home/user/.m2/repository/org/tukaani/xz/1.0/xz-1.0.jar:/home/user/.m2/repository/org/apache/hadoop/hadoop-hdds-common/1.1.0-SNAPSHOT/hadoop-hdds-common-1.1.0-SNAPSHOT.jar:/home/user/.m2/repository/org/apache/hadoop/hadoop-hdds-client/1.1.0-SNAPSHOT/hadoop-hdds-client-1.1.0-SNAPSHOT.jar:/home/user/.m2/repository/org/apache/hadoop/hadoop-ozone-interface-client/1.1.0-SNAPSHOT/hadoop-ozone-interface-client-1.1.0-SNAPSHOT.jar:/home/user/.m2/repository/org/apache/hadoop/hadoop-hdds-test-utils/1.1.0-SNAPSHOT/hadoop-hdds-test-utils-1.1.0-SNAPSHOT.jar:/home/user/.m2/repository/com/google/guava/guava/28.2-jre/guava-28.2-jre.jar:/home/user/.m2/repository/com/google/guava/failureaccess/1.0.1/failureaccess-1.0.1.jar:/home/user/.m2/repository/com/google/guava/listenablefuture/9999.0-empty-to-avoid-conflict-with-guava/listenablefuture-9999.0-empty-to-avoid-conflict-with-guava.jar:/home/user/.m2/repository/com/google/code/findbugs/jsr305/3.0.0/jsr305-3.0.0.jar:/home/user/.m2/repository/org/checkerframework/checker-qual/2.10.0/checker-qual-2.10.0.jar:/home/user/.m2/repository/com/google/errorprone/error_prone_annotations/2.2.0/error_prone_annotations-2.2.0.jar:/home/user/.m2/repository/com/google/j2objc/j2objc-annotations/1.3/j2objc-annotations-1.3.jar:/home/user/.m2/repository/commons-io/commons-io/2.5/commons-io-2.5.jar:/home/user/.m2/repository/commons-logging/commons-logging/1.2/commons-logging-1.2.jar:/home/user/.m2/repository/log4j/log4j/1.2.17/log4j-1.2.17.jar:/home/user/.m2/repository/org/slf4j/slf4j-api/1.7.30/slf4j-api-1.7.30.jar:/home/user/.m2/repository/org/apache/hadoop/hadoop-hdds-server-scm/1.1.0-SNAPSHOT/hadoop-hdds-server-scm-1.1.0-SNAPSHOT.jar:/home/user/.m2/repository/org/apache/hadoop/hadoop-hdds-container-service/1.1.0-SNAPSHOT/hadoop-hdds-container-service-1.1.0-SNAPSHOT.jar:/home/user/.m2/repository/org/apache/hadoop/hadoop-hdds-hadoop-dependency-server/1.1.0-SNAPSHOT/hadoop-hdds-hadoop-dependency-server-1.1.0-SNAPSHOT.jar:/home/user/.m2/repository/org/apache/hadoop/hadoop-hdfs/3.2.1/hadoop-hdfs-3.2.1.jar:/home/user/.m2/repository/org/apache/hadoop/hadoop-hdds-server-framework/1.1.0-SNAPSHOT/hadoop-hdds-server-framework-1.1.0-SNAPSHOT.jar:/home/user/.m2/repository/org/apache/hadoop/hadoop-hdds-interface-server/1.1.0-SNAPSHOT/hadoop-hdds-interface-server-1.1.0-SNAPSHOT.jar:/home/user/.m2/repository/org/apache/hadoop/hadoop-hdds-interface-admin/1.1.0-SNAPSHOT/hadoop-hdds-interface-admin-1.1.0-SNAPSHOT.jar:/home/user/.m2/repository/org/eclipse/jetty/jetty-servlet/9.4.34.v20201102/jetty-servlet-9.4.34.v20201102.jar:/home/user/.m2/repository/org/eclipse/jetty/jetty-security/9.4.34.v20201102/jetty-security-9.4.34.v20201102.jar:/home/user/.m2/repository/org/rocksdb/rocksdbjni/6.8.1/rocksdbjni-6.8.1.jar:/home/user/.m2/repository/io/prometheus/simpleclient_dropwizard/0.7.0/simpleclient_dropwizard-0.7.0.jar:/home/user/.m2/repository/io/prometheus/simpleclient/0.7.0/simpleclient-0.7.0.jar:/home/user/.m2/repository/io/prometheus/simpleclient_common/0.7.0/simpleclient_common-0.7.0.jar:/home/user/.m2/repository/com/fasterxml/jackson/datatype/jackson-datatype-jsr310/2.10.3/jackson-datatype-jsr310-2.10.3.jar:/home/user/.m2/repository/io/dropwizard/metrics/metrics-core/3.2.4/metrics-core-3.2.4.jar:/home/user/.m2/repository/org/apache/hadoop/hadoop-hdfs-client/3.2.1/hadoop-hdfs-client-3.2.1.jar:/home/user/.m2/repository/org/bouncycastle/bcprov-jdk15on/1.67/bcprov-jdk15on-1.67.jar:/home/user/.m2/repository/org/apache/hadoop/hadoop-ozone-ozone-manager/1.1.0-SNAPSHOT/hadoop-ozone-ozone-manager-1.1.0-SNAPSHOT.jar:/home/user/.m2/repository/org/apache/hadoop/hadoop-hdds-interface-client/1.1.0-SNAPSHOT/hadoop-hdds-interface-client-1.1.0-SNAPSHOT.jar:/home/user/.m2/repository/org/apache/ratis/ratis-thirdparty-misc/0.6.0-SNAPSHOT/ratis-thirdparty-misc-0.6.0-SNAPSHOT.jar:/home/user/.m2/repository/org/apache/hadoop/hadoop-ozone-interface-storage/1.1.0-SNAPSHOT/hadoop-ozone-interface-storage-1.1.0-SNAPSHOT.jar:/home/user/.m2/repository/org/apache/hadoop/hadoop-minikdc/3.2.1/hadoop-minikdc-3.2.1.jar:/home/user/.m2/repository/org/apache/kerby/kerb-simplekdc/1.0.1/kerb-simplekdc-1.0.1.jar:/home/user/.m2/repository/org/apache/kerby/kerb-client/1.0.1/kerb-client-1.0.1.jar:/home/user/.m2/repository/org/apache/kerby/kerby-config/1.0.1/kerby-config-1.0.1.jar:/home/user/.m2/repository/org/apache/kerby/kerb-core/1.0.1/kerb-core-1.0.1.jar:/home/user/.m2/repository/org/apache/kerby/kerby-pkix/1.0.1/kerby-pkix-1.0.1.jar:/home/user/.m2/repository/org/apache/kerby/kerby-asn1/1.0.1/kerby-asn1-1.0.1.jar:/home/user/.m2/repository/org/apache/kerby/kerby-util/1.0.1/kerby-util-1.0.1.jar:/home/user/.m2/repository/org/apache/kerby/kerb-common/1.0.1/kerb-common-1.0.1.jar:/home/user/.m2/repository/org/apache/kerby/kerb-crypto/1.0.1/kerb-crypto-1.0.1.jar:/home/user/.m2/repository/org/apache/kerby/kerb-util/1.0.1/kerb-util-1.0.1.jar:/home/user/.m2/repository/org/apache/kerby/token-provider/1.0.1/token-provider-1.0.1.jar:/home/user/.m2/repository/org/apache/kerby/kerb-admin/1.0.1/kerb-admin-1.0.1.jar:/home/user/.m2/repository/org/apache/kerby/kerb-server/1.0.1/kerb-server-1.0.1.jar:/home/user/.m2/repository/org/apache/kerby/kerb-identity/1.0.1/kerb-identity-1.0.1.jar:/home/user/.m2/repository/org/apache/kerby/kerby-xdr/1.0.1/kerby-xdr-1.0.1.jar:/home/user/.m2/repository/org/slf4j/slf4j-log4j12/1.7.30/slf4j-log4j12-1.7.30.jar:/home/user/.m2/repository/org/apache/hadoop/hadoop-ozone-s3gateway/1.1.0-SNAPSHOT/hadoop-ozone-s3gateway-1.1.0-SNAPSHOT.jar:/home/user/.m2/repository/org/jboss/weld/servlet/weld-servlet/2.4.7.Final/weld-servlet-2.4.7.Final.jar:/home/user/.m2/repository/org/glassfish/jersey/containers/jersey-container-servlet-core/2.27/jersey-container-servlet-core-2.27.jar:/home/user/.m2/repository/org/glassfish/hk2/external/javax.inject/2.5.0-b42/javax.inject-2.5.0-b42.jar:/home/user/.m2/repository/org/glassfish/jersey/core/jersey-common/2.27/jersey-common-2.27.jar:/home/user/.m2/repository/org/glassfish/hk2/osgi-resource-locator/1.0.1/osgi-resource-locator-1.0.1.jar:/home/user/.m2/repository/javax/ws/rs/javax.ws.rs-api/2.1/javax.ws.rs-api-2.1.jar:/home/user/.m2/repository/org/glassfish/jersey/ext/cdi/jersey-cdi1x/2.27/jersey-cdi1x-2.27.jar:/home/user/.m2/repository/org/glassfish/jersey/inject/jersey-hk2/2.27/jersey-hk2-2.27.jar:/home/user/.m2/repository/org/glassfish/hk2/hk2-locator/2.5.0-b42/hk2-locator-2.5.0-b42.jar:/home/user/.m2/repository/org/javassist/javassist/3.22.0-CR2/javassist-3.22.0-CR2.jar:/home/user/.m2/repository/org/glassfish/hk2/hk2-api/2.5.0/hk2-api-2.5.0.jar:/home/user/.m2/repository/org/glassfish/hk2/external/jakarta.inject/2.5.0/jakarta.inject-2.5.0.jar:/home/user/.m2/repository/org/glassfish/hk2/hk2-utils/2.5.0/hk2-utils-2.5.0.jar:/home/user/.m2/repository/jakarta/annotation/jakarta.annotation-api/1.3.4/jakarta.annotation-api-1.3.4.jar:/home/user/.m2/repository/org/glassfish/hk2/external/aopalliance-repackaged/2.5.0/aopalliance-repackaged-2.5.0.jar:/home/user/.m2/repository/com/fasterxml/jackson/dataformat/jackson-dataformat-xml/2.10.3/jackson-dataformat-xml-2.10.3.jar:/home/user/.m2/repository/com/fasterxml/jackson/core/jackson-core/2.10.3/jackson-core-2.10.3.jar:/home/user/.m2/repository/com/fasterxml/jackson/module/jackson-module-jaxb-annotations/2.10.3/jackson-module-jaxb-annotations-2.10.3.jar:/home/user/.m2/repository/jakarta/xml/bind/jakarta.xml.bind-api/2.3.2/jakarta.xml.bind-api-2.3.2.jar:/home/user/.m2/repository/jakarta/activation/jakarta.activation-api/1.2.1/jakarta.activation-api-1.2.1.jar:/home/user/.m2/repository/org/codehaus/woodstox/stax2-api/3.1.4/stax2-api-3.1.4.jar:/home/user/.m2/repository/com/fasterxml/woodstox/woodstox-core/5.0.3/woodstox-core-5.0.3.jar:/home/user/.m2/repository/javax/enterprise/cdi-api/1.2/cdi-api-1.2.jar:/home/user/.m2/repository/javax/el/javax.el-api/3.0.0/javax.el-api-3.0.0.jar:/home/user/.m2/repository/javax/interceptor/javax.interceptor-api/1.2/javax.interceptor-api-1.2.jar:/home/user/.m2/repository/javax/inject/javax.inject/1/javax.inject-1.jar:/home/user/.m2/repository/com/sun/xml/bind/jaxb-impl/2.3.0.1/jaxb-impl-2.3.0.1.jar:/home/user/.m2/repository/com/sun/xml/bind/jaxb-core/2.3.0.1/jaxb-core-2.3.0.1.jar:/home/user/.m2/repository/javax/xml/bind/jaxb-api/2.3.0/jaxb-api-2.3.0.jar:/home/user/.m2/repository/javax/activation/activation/1.1.1/activation-1.1.1.jar:/home/user/.m2/repository/org/apache/hadoop/hadoop-ozone-csi/1.1.0-SNAPSHOT/hadoop-ozone-csi-1.1.0-SNAPSHOT.jar:/home/user/.m2/repository/com/google/protobuf/protobuf-java-util/3.11.0/protobuf-java-util-3.11.0.jar:/home/user/.m2/repository/com/google/code/gson/gson/2.2.4/gson-2.2.4.jar:/home/user/.m2/repository/org/apache/hadoop/hadoop-hdds-config/1.1.0-SNAPSHOT/hadoop-hdds-config-1.1.0-SNAPSHOT.jar:/home/user/.m2/repository/com/google/protobuf/protobuf-java/2.5.0/protobuf-java-2.5.0.jar:/home/user/.m2/repository/io/grpc/grpc-netty/1.29.0/grpc-netty-1.29.0.jar:/home/user/.m2/repository/io/grpc/grpc-core/1.29.0/grpc-core-1.29.0.jar:/home/user/.m2/repository/com/google/android/annotations/4.1.1.4/annotations-4.1.1.4.jar:/home/user/.m2/repository/io/perfmark/perfmark-api/0.19.0/perfmark-api-0.19.0.jar:/home/user/.m2/repository/io/netty/netty-codec-http2/4.1.48.Final/netty-codec-http2-4.1.48.Final.jar:/home/user/.m2/repository/io/netty/netty-codec/4.1.48.Final/netty-codec-4.1.48.Final.jar:/home/user/.m2/repository/io/netty/netty-handler/4.1.48.Final/netty-handler-4.1.48.Final.jar:/home/user/.m2/repository/io/netty/netty-codec-http/4.1.48.Final/netty-codec-http-4.1.48.Final.jar:/home/user/.m2/repository/io/netty/netty-handler-proxy/4.1.48.Final/netty-handler-proxy-4.1.48.Final.jar:/home/user/.m2/repository/io/netty/netty-codec-socks/4.1.48.Final/netty-codec-socks-4.1.48.Final.jar:/home/user/.m2/repository/io/netty/netty-transport-native-epoll/4.1.48.Final/netty-transport-native-epoll-4.1.48.Final.jar:/home/user/.m2/repository/io/netty/netty-common/4.1.48.Final/netty-common-4.1.48.Final.jar:/home/user/.m2/repository/io/netty/netty-buffer/4.1.48.Final/netty-buffer-4.1.48.Final.jar:/home/user/.m2/repository/io/netty/netty-transport/4.1.48.Final/netty-transport-4.1.48.Final.jar:/home/user/.m2/repository/io/netty/netty-resolver/4.1.48.Final/netty-resolver-4.1.48.Final.jar:/home/user/.m2/repository/io/netty/netty-transport-native-unix-common/4.1.48.Final/netty-transport-native-unix-common-4.1.48.Final.jar:/home/user/.m2/repository/io/grpc/grpc-protobuf/1.29.0/grpc-protobuf-1.29.0.jar:/home/user/.m2/repository/io/grpc/grpc-api/1.29.0/grpc-api-1.29.0.jar:/home/user/.m2/repository/io/grpc/grpc-context/1.29.0/grpc-context-1.29.0.jar:/home/user/.m2/repository/org/codehaus/mojo/animal-sniffer-annotations/1.18/animal-sniffer-annotations-1.18.jar:/home/user/.m2/repository/com/google/api/grpc/proto-google-common-protos/1.17.0/proto-google-common-protos-1.17.0.jar:/home/user/.m2/repository/io/grpc/grpc-protobuf-lite/1.29.0/grpc-protobuf-lite-1.29.0.jar:/home/user/.m2/repository/io/grpc/grpc-stub/1.29.0/grpc-stub-1.29.0.jar:/home/user/.m2/repository/org/apache/hadoop/hadoop-ozone-recon/1.1.0-SNAPSHOT/hadoop-ozone-recon-1.1.0-SNAPSHOT.jar:/home/user/.m2/repository/org/apache/hadoop/hadoop-ozone-reconcodegen/1.1.0-SNAPSHOT/hadoop-ozone-reconcodegen-1.1.0-SNAPSHOT.jar:/home/user/.m2/repository/com/google/inject/extensions/guice-multibindings/4.0/guice-multibindings-4.0.jar:/home/user/.m2/repository/com/google/inject/guice/4.0/guice-4.0.jar:/home/user/.m2/repository/aopalliance/aopalliance/1.0/aopalliance-1.0.jar:/home/user/.m2/repository/com/google/inject/extensions/guice-assistedinject/4.0/guice-assistedinject-4.0.jar:/home/user/.m2/repository/com/google/inject/extensions/guice-servlet/4.0/guice-servlet-4.0.jar:/home/user/.m2/repository/org/glassfish/jersey/containers/jersey-container-servlet/2.27/jersey-container-servlet-2.27.jar:/home/user/.m2/repository/org/glassfish/hk2/guice-bridge/2.5.0/guice-bridge-2.5.0.jar:/home/user/.m2/repository/org/glassfish/jersey/core/jersey-server/2.27/jersey-server-2.27.jar:/home/user/.m2/repository/org/glassfish/jersey/core/jersey-client/2.27/jersey-client-2.27.jar:/home/user/.m2/repository/org/glassfish/jersey/media/jersey-media-jaxb/2.27/jersey-media-jaxb-2.27.jar:/home/user/.m2/repository/javax/validation/validation-api/1.1.0.Final/validation-api-1.1.0.Final.jar:/home/user/.m2/repository/org/glassfish/jersey/media/jersey-media-json-jackson/2.27/jersey-media-json-jackson-2.27.jar:/home/user/.m2/repository/org/glassfish/jersey/ext/jersey-entity-filtering/2.27/jersey-entity-filtering-2.27.jar:/home/user/.m2/repository/org/jooq/jooq/3.11.10/jooq-3.11.10.jar:/home/user/.m2/repository/org/jooq/jooq-meta/3.11.10/jooq-meta-3.11.10.jar:/home/user/.m2/repository/org/jooq/jooq-codegen/3.11.10/jooq-codegen-3.11.10.jar:/home/user/.m2/repository/com/jolbox/bonecp/0.8.0.RELEASE/bonecp-0.8.0.RELEASE.jar:/home/user/.m2/repository/org/apache/derby/derby/10.14.2.0/derby-10.14.2.0.jar:/home/user/.m2/repository/org/xerial/sqlite-jdbc/3.25.2/sqlite-jdbc-3.25.2.jar:/home/user/.m2/repository/org/springframework/spring-jdbc/5.2.11.RELEASE/spring-jdbc-5.2.11.RELEASE.jar:/home/user/.m2/repository/org/springframework/spring-beans/5.2.11.RELEASE/spring-beans-5.2.11.RELEASE.jar:/home/user/.m2/repository/org/springframework/spring-core/5.2.11.RELEASE/spring-core-5.2.11.RELEASE.jar:/home/user/.m2/repository/org/springframework/spring-jcl/5.2.11.RELEASE/spring-jcl-5.2.11.RELEASE.jar:/home/user/.m2/repository/org/springframework/spring-tx/5.2.11.RELEASE/spring-tx-5.2.11.RELEASE.jar:/home/user/.m2/repository/org/apache/hadoop/hadoop-ozone-client/1.1.0-SNAPSHOT/hadoop-ozone-client-1.1.0-SNAPSHOT.jar:/home/user/.m2/repository/org/apache/hadoop/hadoop-ozone-filesystem/1.1.0-SNAPSHOT/hadoop-ozone-filesystem-1.1.0-SNAPSHOT.jar:/home/user/.m2/repository/org/apache/hadoop/hadoop-ozone-filesystem-common/1.1.0-SNAPSHOT/hadoop-ozone-filesystem-common-1.1.0-SNAPSHOT.jar:/home/user/.m2/repository/org/apache/hadoop/hadoop-ozone-tools/1.1.0-SNAPSHOT/hadoop-ozone-tools-1.1.0-SNAPSHOT.jar:/home/user/.m2/repository/org/apache/ratis/ratis-tools/1.1.0-35f17fa-SNAPSHOT/ratis-tools-1.1.0-35f17fa-SNAPSHOT.jar:/home/user/.m2/repository/org/apache/ratis/ratis-proto/1.1.0-35f17fa-SNAPSHOT/ratis-proto-1.1.0-35f17fa-SNAPSHOT.jar:/home/user/.m2/repository/org/apache/ratis/ratis-common/1.1.0-35f17fa-SNAPSHOT/ratis-common-1.1.0-35f17fa-SNAPSHOT.jar:/home/user/.m2/repository/com/amazonaws/aws-java-sdk-core/1.11.901/aws-java-sdk-core-1.11.901.jar:/home/user/.m2/repository/org/apache/httpcomponents/httpclient/4.5.13/httpclient-4.5.13.jar:/home/user/.m2/repository/org/apache/httpcomponents/httpcore/4.4.13/httpcore-4.4.13.jar:/home/user/.m2/repository/software/amazon/ion/ion-java/1.0.2/ion-java-1.0.2.jar:/home/user/.m2/repository/com/fasterxml/jackson/dataformat/jackson-dataformat-cbor/2.10.3/jackson-dataformat-cbor-2.10.3.jar:/home/user/.m2/repository/joda-time/joda-time/2.8.1/joda-time-2.8.1.jar:/home/user/.m2/repository/com/amazonaws/aws-java-sdk-s3/1.11.901/aws-java-sdk-s3-1.11.901.jar:/home/user/.m2/repository/com/amazonaws/aws-java-sdk-kms/1.11.901/aws-java-sdk-kms-1.11.901.jar:/home/user/.m2/repository/com/amazonaws/jmespath-java/1.11.901/jmespath-java-1.11.901.jar:/home/user/.m2/repository/org/kohsuke/metainf-services/metainf-services/1.8/metainf-services-1.8.jar:/home/user/.m2/repository/org/apache/hadoop/hadoop-hdds-tools/1.1.0-SNAPSHOT/hadoop-hdds-tools-1.1.0-SNAPSHOT.jar:/home/user/.m2/repository/commons-cli/commons-cli/1.2/commons-cli-1.2.jar:/home/user/.m2/repository/org/apache/commons/commons-lang3/3.7/commons-lang3-3.7.jar:/home/user/.m2/repository/org/apache/hadoop/hadoop-ozone-ozone-manager/1.1.0-SNAPSHOT/hadoop-ozone-ozone-manager-1.1.0-SNAPSHOT-tests.jar:/home/user/.m2/repository/org/apache/hadoop/hadoop-hdds-common/1.1.0-SNAPSHOT/hadoop-hdds-common-1.1.0-SNAPSHOT-tests.jar:/home/user/.m2/repository/org/apache/hadoop/hadoop-hdds-hadoop-dependency-client/1.1.0-SNAPSHOT/hadoop-hdds-hadoop-dependency-client-1.1.0-SNAPSHOT.jar:/home/user/.m2/repository/info/picocli/picocli/4.4.0/picocli-4.4.0.jar:/home/user/.m2/repository/com/fasterxml/jackson/core/jackson-annotations/2.10.3/jackson-annotations-2.10.3.jar:/home/user/.m2/repository/javax/annotation/javax.annotation-api/1.2/javax.annotation-api-1.2.jar:/home/user/.m2/repository/org/fusesource/leveldbjni/leveldbjni-all/1.8/leveldbjni-all-1.8.jar:/home/user/.m2/repository/org/apache/ratis/ratis-server/1.1.0-35f17fa-SNAPSHOT/ratis-server-1.1.0-35f17fa-SNAPSHOT.jar:/home/user/.m2/repository/org/apache/ratis/ratis-client/1.1.0-35f17fa-SNAPSHOT/ratis-client-1.1.0-35f17fa-SNAPSHOT.jar:/home/user/.m2/repository/org/apache/ratis/ratis-server-api/1.1.0-35f17fa-SNAPSHOT/ratis-server-api-1.1.0-35f17fa-SNAPSHOT.jar:/home/user/.m2/repository/org/apache/ratis/ratis-metrics/1.1.0-35f17fa-SNAPSHOT/ratis-metrics-1.1.0-35f17fa-SNAPSHOT.jar:/home/user/.m2/repository/org/apache/ratis/ratis-netty/1.1.0-35f17fa-SNAPSHOT/ratis-netty-1.1.0-35f17fa-SNAPSHOT.jar:/home/user/.m2/repository/org/apache/ratis/ratis-grpc/1.1.0-35f17fa-SNAPSHOT/ratis-grpc-1.1.0-35f17fa-SNAPSHOT.jar:/home/user/.m2/repository/org/apache/logging/log4j/log4j-api/2.13.3/log4j-api-2.13.3.jar:/home/user/.m2/repository/org/apache/logging/log4j/log4j-core/2.13.3/log4j-core-2.13.3.jar:/home/user/.m2/repository/com/lmax/disruptor/3.4.2/disruptor-3.4.2.jar:/home/user/.m2/repository/org/apache/commons/commons-pool2/2.6.0/commons-pool2-2.6.0.jar:/home/user/.m2/repository/org/bouncycastle/bcpkix-jdk15on/1.67/bcpkix-jdk15on-1.67.jar:/home/user/.m2/repository/commons-validator/commons-validator/1.6/commons-validator-1.6.jar:/home/user/.m2/repository/commons-beanutils/commons-beanutils/1.9.4/commons-beanutils-1.9.4.jar:/home/user/.m2/repository/commons-digester/commons-digester/1.8.1/commons-digester-1.8.1.jar:/home/user/.m2/repository/commons-collections/commons-collections/3.2.2/commons-collections-3.2.2.jar:/home/user/.m2/repository/io/jaegertracing/jaeger-client/1.2.0/jaeger-client-1.2.0.jar:/home/user/.m2/repository/io/jaegertracing/jaeger-thrift/1.2.0/jaeger-thrift-1.2.0.jar:/home/user/.m2/repository/org/apache/thrift/libthrift/0.13.0/libthrift-0.13.0.jar:/home/user/.m2/repository/com/squareup/okhttp3/okhttp/4.2.2/okhttp-4.2.2.jar:/home/user/.m2/repository/com/squareup/okio/okio/2.2.2/okio-2.2.2.jar:/home/user/.m2/repository/org/jetbrains/kotlin/kotlin-stdlib/1.3.50/kotlin-stdlib-1.3.50.jar:/home/user/.m2/repository/org/jetbrains/kotlin/kotlin-stdlib-common/1.3.50/kotlin-stdlib-common-1.3.50.jar:/home/user/.m2/repository/org/jetbrains/annotations/13.0/annotations-13.0.jar:/home/user/.m2/repository/io/jaegertracing/jaeger-core/1.2.0/jaeger-core-1.2.0.jar:/home/user/.m2/repository/io/jaegertracing/jaeger-tracerresolver/1.2.0/jaeger-tracerresolver-1.2.0.jar:/home/user/.m2/repository/io/opentracing/contrib/opentracing-tracerresolver/0.1.8/opentracing-tracerresolver-0.1.8.jar:/home/user/.m2/repository/io/opentracing/opentracing-util/0.33.0/opentracing-util-0.33.0.jar:/home/user/.m2/repository/io/opentracing/opentracing-api/0.33.0/opentracing-api-0.33.0.jar:/home/user/.m2/repository/io/opentracing/opentracing-noop/0.33.0/opentracing-noop-0.33.0.jar:/home/user/.m2/repository/org/yaml/snakeyaml/1.26/snakeyaml-1.26.jar:/home/user/.m2/repository/junit/junit/4.11/junit-4.11.jar:/home/user/.m2/repository/org/hamcrest/hamcrest-core/1.3/hamcrest-core-1.3.jar:/home/user/.m2/repository/org/openjdk/jmh/jmh-core/1.19/jmh-core-1.19.jar:/home/user/.m2/repository/net/sf/jopt-simple/jopt-simple/4.6/jopt-simple-4.6.jar:/home/user/.m2/repository/org/apache/commons/commons-math3/3.1.1/commons-math3-3.1.1.jar:/home/user/.m2/repository/org/openjdk/jmh/jmh-generator-annprocess/1.19/jmh-generator-annprocess-1.19.jar:/home/user/.m2/repository/org/mockito/mockito-all/1.8.5/mockito-all-1.8.5.jar:/home/user/.m2/repository/org/apache/hadoop/hadoop-kms/3.2.1/hadoop-kms-3.2.1.jar:/home/user/.m2/repository/org/apache/hadoop/hadoop-auth/3.2.1/hadoop-auth-3.2.1.jar:/home/user/.m2/repository/com/nimbusds/nimbus-jose-jwt/7.9/nimbus-jose-jwt-7.9.jar:/home/user/.m2/repository/com/github/stephenc/jcip/jcip-annotations/1.0-1/jcip-annotations-1.0-1.jar:/home/user/.m2/repository/net/minidev/json-smart/2.3/json-smart-2.3.jar:/home/user/.m2/repository/net/minidev/accessors-smart/1.2/accessors-smart-1.2.jar:/home/user/.m2/repository/org/ow2/asm/asm/5.0.4/asm-5.0.4.jar:/home/user/.m2/repository/org/apache/zookeeper/zookeeper/3.4.13/zookeeper-3.4.13.jar:/home/user/.m2/repository/org/apache/yetus/audience-annotations/0.5.0/audience-annotations-0.5.0.jar:/home/user/.m2/repository/org/apache/curator/curator-framework/2.13.0/curator-framework-2.13.0.jar:/home/user/.m2/repository/com/sun/jersey/jersey-core/1.19/jersey-core-1.19.jar:/home/user/.m2/repository/javax/ws/rs/jsr311-api/1.1.1/jsr311-api-1.1.1.jar:/home/user/.m2/repository/com/sun/jersey/jersey-server/1.19/jersey-server-1.19.jar:/home/user/.m2/repository/javax/servlet/javax.servlet-api/3.1.0/javax.servlet-api-3.1.0.jar:/home/user/.m2/repository/org/eclipse/jetty/jetty-server/9.4.34.v20201102/jetty-server-9.4.34.v20201102.jar:/home/user/.m2/repository/org/eclipse/jetty/jetty-http/9.4.34.v20201102/jetty-http-9.4.34.v20201102.jar:/home/user/.m2/repository/org/eclipse/jetty/jetty-io/9.4.34.v20201102/jetty-io-9.4.34.v20201102.jar:/home/user/.m2/repository/org/eclipse/jetty/jetty-webapp/9.4.34.v20201102/jetty-webapp-9.4.34.v20201102.jar:/home/user/.m2/repository/org/eclipse/jetty/jetty-xml/9.4.34.v20201102/jetty-xml-9.4.34.v20201102.jar:/home/user/.m2/repository/org/apache/hadoop/hadoop-common/3.2.1/hadoop-common-3.2.1.jar:/home/user/.m2/repository/commons-net/commons-net/3.6/commons-net-3.6.jar:/home/user/.m2/repository/com/sun/jersey/jersey-servlet/1.19/jersey-servlet-1.19.jar:/home/user/.m2/repository/com/sun/jersey/jersey-json/1.19/jersey-json-1.19.jar:/home/user/.m2/repository/org/codehaus/jettison/jettison/1.1/jettison-1.1.jar:/home/user/.m2/repository/org/codehaus/jackson/jackson-jaxrs/1.9.2/jackson-jaxrs-1.9.2.jar:/home/user/.m2/repository/org/codehaus/jackson/jackson-xc/1.9.2/jackson-xc-1.9.2.jar:/home/user/.m2/repository/org/apache/commons/commons-configuration2/2.1.1/commons-configuration2-2.1.1.jar:/home/user/.m2/repository/org/apache/commons/commons-text/1.4/commons-text-1.4.jar:/home/user/.m2/repository/com/google/re2j/re2j/1.1/re2j-1.1.jar:/home/user/.m2/repository/com/jcraft/jsch/0.1.54/jsch-0.1.54.jar:/home/user/.m2/repository/org/apache/curator/curator-client/2.13.0/curator-client-2.13.0.jar:/home/user/.m2/repository/org/apache/curator/curator-recipes/2.13.0/curator-recipes-2.13.0.jar:/home/user/.m2/repository/dnsjava/dnsjava/2.1.7/dnsjava-2.1.7.jar:/home/user/.m2/repository/org/slf4j/jul-to-slf4j/1.7.30/jul-to-slf4j-1.7.30.jar:/home/user/.m2/repository/org/eclipse/jetty/jetty-util/9.4.34.v20201102/jetty-util-9.4.34.v20201102.jar:/home/user/.m2/repository/com/fasterxml/jackson/core/jackson-databind/2.10.3/jackson-databind-2.10.3.jar:/home/user/.m2/repository/org/apache/hadoop/hadoop-kms/3.2.1/hadoop-kms-3.2.1-tests.jar:/home/user/.m2/repository/org/apache/hadoop/hadoop-hdds-server-scm/1.1.0-SNAPSHOT/hadoop-hdds-server-scm-1.1.0-SNAPSHOT-tests.jar:/home/user/.m2/repository/org/apache/hadoop/hadoop-hdds-container-service/1.1.0-SNAPSHOT/hadoop-hdds-container-service-1.1.0-SNAPSHOT-tests.jar:/home/user/.m2/repository/commons-codec/commons-codec/1.11/commons-codec-1.11.jar:/home/user/.m2/repository/org/apache/hadoop/hadoop-hdds-hadoop-dependency-test/1.1.0-SNAPSHOT/hadoop-hdds-hadoop-dependency-test-1.1.0-SNAPSHOT.jar:/home/user/.m2/repository/org/apache/hadoop/hadoop-common/3.2.1/hadoop-common-3.2.1-tests.jar:/home/user/.m2/repository/org/apache/hadoop/hadoop-hdfs/3.2.1/hadoop-hdfs-3.2.1-tests.jar:/home/user/.m2/repository/org/eclipse/jetty/jetty-util-ajax/9.4.34.v20201102/jetty-util-ajax-9.4.34.v20201102.jar:/home/user/.m2/repository/commons-daemon/commons-daemon/1.0.13/commons-daemon-1.0.13.jar:/home/user/.m2/repository/io/netty/netty/3.10.5.Final/netty-3.10.5.Final.jar:/home/user/.m2/repository/io/netty/netty-all/4.1.48.Final/netty-all-4.1.48.Final.jar:/home/user/.m2/repository/org/apache/htrace/htrace-core4/4.1.0-incubating/htrace-core4-4.1.0-incubating.jar:/home/user/.m2/repository/org/apache/hadoop/hadoop-distcp/3.2.1/hadoop-distcp-3.2.1.jar:/home/user/.m2/repository/org/apache/hadoop/hadoop-mapreduce-client-jobclient/3.2.1/hadoop-mapreduce-client-jobclient-3.2.1.jar:/home/user/.m2/repository/org/apache/hadoop/hadoop-mapreduce-client-common/3.2.1/hadoop-mapreduce-client-common-3.2.1.jar:/home/user/.m2/repository/org/apache/hadoop/hadoop-yarn-common/3.2.1/hadoop-yarn-common-3.2.1.jar:/home/user/.m2/repository/org/apache/hadoop/hadoop-yarn-api/3.2.1/hadoop-yarn-api-3.2.1.jar:/home/user/.m2/repository/com/sun/jersey/jersey-client/1.19/jersey-client-1.19.jar:/home/user/.m2/repository/com/sun/jersey/contribs/jersey-guice/1.19/jersey-guice-1.19.jar:/home/user/.m2/repository/com/fasterxml/jackson/jaxrs/jackson-jaxrs-json-provider/2.10.3/jackson-jaxrs-json-provider-2.10.3.jar:/home/user/.m2/repository/com/fasterxml/jackson/jaxrs/jackson-jaxrs-base/2.10.3/jackson-jaxrs-base-2.10.3.jar:/home/user/.m2/repository/org/apache/hadoop/hadoop-yarn-client/3.2.1/hadoop-yarn-client-3.2.1.jar:/home/user/.m2/repository/org/apache/hadoop/hadoop-mapreduce-client-core/3.2.1/hadoop-mapreduce-client-core-3.2.1.jar:/home/user/.m2/repository/org/apache/avro/avro/1.7.7/avro-1.7.7.jar:/home/user/.m2/repository/org/codehaus/jackson/jackson-core-asl/1.9.13/jackson-core-asl-1.9.13.jar:/home/user/.m2/repository/org/codehaus/jackson/jackson-mapper-asl/1.9.13/jackson-mapper-asl-1.9.13.jar:/home/user/.m2/repository/com/thoughtworks/paranamer/paranamer/2.3/paranamer-2.3.jar:/home/user/.m2/repository/org/xerial/snappy/snappy-java/1.0.5/snappy-java-1.0.5.jar:/home/user/.m2/repository/org/apache/hadoop/hadoop-annotations/3.2.1/hadoop-annotations-3.2.1.jar:/usr/lib/jvm/java-1.8.0-openjdk-1.8.0.232.b09-0.el7_7.x86_64/jre/../lib/tools.jar:/home/user/.m2/repository/org/apache/hadoop/hadoop-distcp/3.2.1/hadoop-distcp-3.2.1-tests.jar:"/>
    <property name="java.vm.vendor" value="Oracle Corporation"/>
    <property name="sun.arch.data.model" value="64"/>
    <property name="test.build.dir" value="/github/workspace/mnt/ozone/hadoop-ozone/integration-test/target/test-dir"/>
    <property name="test.cache.data" value=""/>
    <property name="java.vendor.url" value="http://java.oracle.com/"/>
    <property name="user.timezone" value=""/>
    <property name="java.vm.specification.version" value="1.8"/>
    <property name="os.name" value="Linux"/>
    <property name="test.build.data" value="/github/workspace/mnt/ozone/hadoop-ozone/integration-test/target/test-dir"/>
    <property name="user.country" value="US"/>
    <property name="sun.java.launcher" value="SUN_STANDARD"/>
    <property name="sun.boot.library.path" value="/usr/lib/jvm/java-1.8.0-openjdk-1.8.0.232.b09-0.el7_7.x86_64/jre/lib/amd64"/>
    <property name="sun.java.command" value="/github/workspace/mnt/ozone/hadoop-ozone/integration-test/target/surefire/surefirebooter5958970097560199879.jar /github/workspace/mnt/ozone/hadoop-ozone/integration-test/target/surefire 2021-01-15T06-14-35_955-jvmRun1 surefire986221539093416517tmp surefire_725893420358721325921tmp"/>
    <property name="surefire.test.class.path" value="/github/workspace/mnt/ozone/hadoop-ozone/integration-test/target/test-classes:/github/workspace/mnt/ozone/hadoop-ozone/integration-test/target/classes:/home/user/.m2/repository/org/apache/hadoop/hadoop-ozone-common/1.1.0-SNAPSHOT/hadoop-ozone-common-1.1.0-SNAPSHOT.jar:/home/user/.m2/repository/org/apache/commons/commons-compress/1.4.1/commons-compress-1.4.1.jar:/home/user/.m2/repository/org/tukaani/xz/1.0/xz-1.0.jar:/home/user/.m2/repository/org/apache/hadoop/hadoop-hdds-common/1.1.0-SNAPSHOT/hadoop-hdds-common-1.1.0-SNAPSHOT.jar:/home/user/.m2/repository/org/apache/hadoop/hadoop-hdds-client/1.1.0-SNAPSHOT/hadoop-hdds-client-1.1.0-SNAPSHOT.jar:/home/user/.m2/repository/org/apache/hadoop/hadoop-ozone-interface-client/1.1.0-SNAPSHOT/hadoop-ozone-interface-client-1.1.0-SNAPSHOT.jar:/home/user/.m2/repository/org/apache/hadoop/hadoop-hdds-test-utils/1.1.0-SNAPSHOT/hadoop-hdds-test-utils-1.1.0-SNAPSHOT.jar:/home/user/.m2/repository/com/google/guava/guava/28.2-jre/guava-28.2-jre.jar:/home/user/.m2/repository/com/google/guava/failureaccess/1.0.1/failureaccess-1.0.1.jar:/home/user/.m2/repository/com/google/guava/listenablefuture/9999.0-empty-to-avoid-conflict-with-guava/listenablefuture-9999.0-empty-to-avoid-conflict-with-guava.jar:/home/user/.m2/repository/com/google/code/findbugs/jsr305/3.0.0/jsr305-3.0.0.jar:/home/user/.m2/repository/org/checkerframework/checker-qual/2.10.0/checker-qual-2.10.0.jar:/home/user/.m2/repository/com/google/errorprone/error_prone_annotations/2.2.0/error_prone_annotations-2.2.0.jar:/home/user/.m2/repository/com/google/j2objc/j2objc-annotations/1.3/j2objc-annotations-1.3.jar:/home/user/.m2/repository/commons-io/commons-io/2.5/commons-io-2.5.jar:/home/user/.m2/repository/commons-logging/commons-logging/1.2/commons-logging-1.2.jar:/home/user/.m2/repository/log4j/log4j/1.2.17/log4j-1.2.17.jar:/home/user/.m2/repository/org/slf4j/slf4j-api/1.7.30/slf4j-api-1.7.30.jar:/home/user/.m2/repository/org/apache/hadoop/hadoop-hdds-server-scm/1.1.0-SNAPSHOT/hadoop-hdds-server-scm-1.1.0-SNAPSHOT.jar:/home/user/.m2/repository/org/apache/hadoop/hadoop-hdds-container-service/1.1.0-SNAPSHOT/hadoop-hdds-container-service-1.1.0-SNAPSHOT.jar:/home/user/.m2/repository/org/apache/hadoop/hadoop-hdds-hadoop-dependency-server/1.1.0-SNAPSHOT/hadoop-hdds-hadoop-dependency-server-1.1.0-SNAPSHOT.jar:/home/user/.m2/repository/org/apache/hadoop/hadoop-hdfs/3.2.1/hadoop-hdfs-3.2.1.jar:/home/user/.m2/repository/org/apache/hadoop/hadoop-hdds-server-framework/1.1.0-SNAPSHOT/hadoop-hdds-server-framework-1.1.0-SNAPSHOT.jar:/home/user/.m2/repository/org/apache/hadoop/hadoop-hdds-interface-server/1.1.0-SNAPSHOT/hadoop-hdds-interface-server-1.1.0-SNAPSHOT.jar:/home/user/.m2/repository/org/apache/hadoop/hadoop-hdds-interface-admin/1.1.0-SNAPSHOT/hadoop-hdds-interface-admin-1.1.0-SNAPSHOT.jar:/home/user/.m2/repository/org/eclipse/jetty/jetty-servlet/9.4.34.v20201102/jetty-servlet-9.4.34.v20201102.jar:/home/user/.m2/repository/org/eclipse/jetty/jetty-security/9.4.34.v20201102/jetty-security-9.4.34.v20201102.jar:/home/user/.m2/repository/org/rocksdb/rocksdbjni/6.8.1/rocksdbjni-6.8.1.jar:/home/user/.m2/repository/io/prometheus/simpleclient_dropwizard/0.7.0/simpleclient_dropwizard-0.7.0.jar:/home/user/.m2/repository/io/prometheus/simpleclient/0.7.0/simpleclient-0.7.0.jar:/home/user/.m2/repository/io/prometheus/simpleclient_common/0.7.0/simpleclient_common-0.7.0.jar:/home/user/.m2/repository/com/fasterxml/jackson/datatype/jackson-datatype-jsr310/2.10.3/jackson-datatype-jsr310-2.10.3.jar:/home/user/.m2/repository/io/dropwizard/metrics/metrics-core/3.2.4/metrics-core-3.2.4.jar:/home/user/.m2/repository/org/apache/hadoop/hadoop-hdfs-client/3.2.1/hadoop-hdfs-client-3.2.1.jar:/home/user/.m2/repository/org/bouncycastle/bcprov-jdk15on/1.67/bcprov-jdk15on-1.67.jar:/home/user/.m2/repository/org/apache/hadoop/hadoop-ozone-ozone-manager/1.1.0-SNAPSHOT/hadoop-ozone-ozone-manager-1.1.0-SNAPSHOT.jar:/home/user/.m2/repository/org/apache/hadoop/hadoop-hdds-interface-client/1.1.0-SNAPSHOT/hadoop-hdds-interface-client-1.1.0-SNAPSHOT.jar:/home/user/.m2/repository/org/apache/ratis/ratis-thirdparty-misc/0.6.0-SNAPSHOT/ratis-thirdparty-misc-0.6.0-SNAPSHOT.jar:/home/user/.m2/repository/org/apache/hadoop/hadoop-ozone-interface-storage/1.1.0-SNAPSHOT/hadoop-ozone-interface-storage-1.1.0-SNAPSHOT.jar:/home/user/.m2/repository/org/apache/hadoop/hadoop-minikdc/3.2.1/hadoop-minikdc-3.2.1.jar:/home/user/.m2/repository/org/apache/kerby/kerb-simplekdc/1.0.1/kerb-simplekdc-1.0.1.jar:/home/user/.m2/repository/org/apache/kerby/kerb-client/1.0.1/kerb-client-1.0.1.jar:/home/user/.m2/repository/org/apache/kerby/kerby-config/1.0.1/kerby-config-1.0.1.jar:/home/user/.m2/repository/org/apache/kerby/kerb-core/1.0.1/kerb-core-1.0.1.jar:/home/user/.m2/repository/org/apache/kerby/kerby-pkix/1.0.1/kerby-pkix-1.0.1.jar:/home/user/.m2/repository/org/apache/kerby/kerby-asn1/1.0.1/kerby-asn1-1.0.1.jar:/home/user/.m2/repository/org/apache/kerby/kerby-util/1.0.1/kerby-util-1.0.1.jar:/home/user/.m2/repository/org/apache/kerby/kerb-common/1.0.1/kerb-common-1.0.1.jar:/home/user/.m2/repository/org/apache/kerby/kerb-crypto/1.0.1/kerb-crypto-1.0.1.jar:/home/user/.m2/repository/org/apache/kerby/kerb-util/1.0.1/kerb-util-1.0.1.jar:/home/user/.m2/repository/org/apache/kerby/token-provider/1.0.1/token-provider-1.0.1.jar:/home/user/.m2/repository/org/apache/kerby/kerb-admin/1.0.1/kerb-admin-1.0.1.jar:/home/user/.m2/repository/org/apache/kerby/kerb-server/1.0.1/kerb-server-1.0.1.jar:/home/user/.m2/repository/org/apache/kerby/kerb-identity/1.0.1/kerb-identity-1.0.1.jar:/home/user/.m2/repository/org/apache/kerby/kerby-xdr/1.0.1/kerby-xdr-1.0.1.jar:/home/user/.m2/repository/org/slf4j/slf4j-log4j12/1.7.30/slf4j-log4j12-1.7.30.jar:/home/user/.m2/repository/org/apache/hadoop/hadoop-ozone-s3gateway/1.1.0-SNAPSHOT/hadoop-ozone-s3gateway-1.1.0-SNAPSHOT.jar:/home/user/.m2/repository/org/jboss/weld/servlet/weld-servlet/2.4.7.Final/weld-servlet-2.4.7.Final.jar:/home/user/.m2/repository/org/glassfish/jersey/containers/jersey-container-servlet-core/2.27/jersey-container-servlet-core-2.27.jar:/home/user/.m2/repository/org/glassfish/hk2/external/javax.inject/2.5.0-b42/javax.inject-2.5.0-b42.jar:/home/user/.m2/repository/org/glassfish/jersey/core/jersey-common/2.27/jersey-common-2.27.jar:/home/user/.m2/repository/org/glassfish/hk2/osgi-resource-locator/1.0.1/osgi-resource-locator-1.0.1.jar:/home/user/.m2/repository/javax/ws/rs/javax.ws.rs-api/2.1/javax.ws.rs-api-2.1.jar:/home/user/.m2/repository/org/glassfish/jersey/ext/cdi/jersey-cdi1x/2.27/jersey-cdi1x-2.27.jar:/home/user/.m2/repository/org/glassfish/jersey/inject/jersey-hk2/2.27/jersey-hk2-2.27.jar:/home/user/.m2/repository/org/glassfish/hk2/hk2-locator/2.5.0-b42/hk2-locator-2.5.0-b42.jar:/home/user/.m2/repository/org/javassist/javassist/3.22.0-CR2/javassist-3.22.0-CR2.jar:/home/user/.m2/repository/org/glassfish/hk2/hk2-api/2.5.0/hk2-api-2.5.0.jar:/home/user/.m2/repository/org/glassfish/hk2/external/jakarta.inject/2.5.0/jakarta.inject-2.5.0.jar:/home/user/.m2/repository/org/glassfish/hk2/hk2-utils/2.5.0/hk2-utils-2.5.0.jar:/home/user/.m2/repository/jakarta/annotation/jakarta.annotation-api/1.3.4/jakarta.annotation-api-1.3.4.jar:/home/user/.m2/repository/org/glassfish/hk2/external/aopalliance-repackaged/2.5.0/aopalliance-repackaged-2.5.0.jar:/home/user/.m2/repository/com/fasterxml/jackson/dataformat/jackson-dataformat-xml/2.10.3/jackson-dataformat-xml-2.10.3.jar:/home/user/.m2/repository/com/fasterxml/jackson/core/jackson-core/2.10.3/jackson-core-2.10.3.jar:/home/user/.m2/repository/com/fasterxml/jackson/module/jackson-module-jaxb-annotations/2.10.3/jackson-module-jaxb-annotations-2.10.3.jar:/home/user/.m2/repository/jakarta/xml/bind/jakarta.xml.bind-api/2.3.2/jakarta.xml.bind-api-2.3.2.jar:/home/user/.m2/repository/jakarta/activation/jakarta.activation-api/1.2.1/jakarta.activation-api-1.2.1.jar:/home/user/.m2/repository/org/codehaus/woodstox/stax2-api/3.1.4/stax2-api-3.1.4.jar:/home/user/.m2/repository/com/fasterxml/woodstox/woodstox-core/5.0.3/woodstox-core-5.0.3.jar:/home/user/.m2/repository/javax/enterprise/cdi-api/1.2/cdi-api-1.2.jar:/home/user/.m2/repository/javax/el/javax.el-api/3.0.0/javax.el-api-3.0.0.jar:/home/user/.m2/repository/javax/interceptor/javax.interceptor-api/1.2/javax.interceptor-api-1.2.jar:/home/user/.m2/repository/javax/inject/javax.inject/1/javax.inject-1.jar:/home/user/.m2/repository/com/sun/xml/bind/jaxb-impl/2.3.0.1/jaxb-impl-2.3.0.1.jar:/home/user/.m2/repository/com/sun/xml/bind/jaxb-core/2.3.0.1/jaxb-core-2.3.0.1.jar:/home/user/.m2/repository/javax/xml/bind/jaxb-api/2.3.0/jaxb-api-2.3.0.jar:/home/user/.m2/repository/javax/activation/activation/1.1.1/activation-1.1.1.jar:/home/user/.m2/repository/org/apache/hadoop/hadoop-ozone-csi/1.1.0-SNAPSHOT/hadoop-ozone-csi-1.1.0-SNAPSHOT.jar:/home/user/.m2/repository/com/google/protobuf/protobuf-java-util/3.11.0/protobuf-java-util-3.11.0.jar:/home/user/.m2/repository/com/google/code/gson/gson/2.2.4/gson-2.2.4.jar:/home/user/.m2/repository/org/apache/hadoop/hadoop-hdds-config/1.1.0-SNAPSHOT/hadoop-hdds-config-1.1.0-SNAPSHOT.jar:/home/user/.m2/repository/com/google/protobuf/protobuf-java/2.5.0/protobuf-java-2.5.0.jar:/home/user/.m2/repository/io/grpc/grpc-netty/1.29.0/grpc-netty-1.29.0.jar:/home/user/.m2/repository/io/grpc/grpc-core/1.29.0/grpc-core-1.29.0.jar:/home/user/.m2/repository/com/google/android/annotations/4.1.1.4/annotations-4.1.1.4.jar:/home/user/.m2/repository/io/perfmark/perfmark-api/0.19.0/perfmark-api-0.19.0.jar:/home/user/.m2/repository/io/netty/netty-codec-http2/4.1.48.Final/netty-codec-http2-4.1.48.Final.jar:/home/user/.m2/repository/io/netty/netty-codec/4.1.48.Final/netty-codec-4.1.48.Final.jar:/home/user/.m2/repository/io/netty/netty-handler/4.1.48.Final/netty-handler-4.1.48.Final.jar:/home/user/.m2/repository/io/netty/netty-codec-http/4.1.48.Final/netty-codec-http-4.1.48.Final.jar:/home/user/.m2/repository/io/netty/netty-handler-proxy/4.1.48.Final/netty-handler-proxy-4.1.48.Final.jar:/home/user/.m2/repository/io/netty/netty-codec-socks/4.1.48.Final/netty-codec-socks-4.1.48.Final.jar:/home/user/.m2/repository/io/netty/netty-transport-native-epoll/4.1.48.Final/netty-transport-native-epoll-4.1.48.Final.jar:/home/user/.m2/repository/io/netty/netty-common/4.1.48.Final/netty-common-4.1.48.Final.jar:/home/user/.m2/repository/io/netty/netty-buffer/4.1.48.Final/netty-buffer-4.1.48.Final.jar:/home/user/.m2/repository/io/netty/netty-transport/4.1.48.Final/netty-transport-4.1.48.Final.jar:/home/user/.m2/repository/io/netty/netty-resolver/4.1.48.Final/netty-resolver-4.1.48.Final.jar:/home/user/.m2/repository/io/netty/netty-transport-native-unix-common/4.1.48.Final/netty-transport-native-unix-common-4.1.48.Final.jar:/home/user/.m2/repository/io/grpc/grpc-protobuf/1.29.0/grpc-protobuf-1.29.0.jar:/home/user/.m2/repository/io/grpc/grpc-api/1.29.0/grpc-api-1.29.0.jar:/home/user/.m2/repository/io/grpc/grpc-context/1.29.0/grpc-context-1.29.0.jar:/home/user/.m2/repository/org/codehaus/mojo/animal-sniffer-annotations/1.18/animal-sniffer-annotations-1.18.jar:/home/user/.m2/repository/com/google/api/grpc/proto-google-common-protos/1.17.0/proto-google-common-protos-1.17.0.jar:/home/user/.m2/repository/io/grpc/grpc-protobuf-lite/1.29.0/grpc-protobuf-lite-1.29.0.jar:/home/user/.m2/repository/io/grpc/grpc-stub/1.29.0/grpc-stub-1.29.0.jar:/home/user/.m2/repository/org/apache/hadoop/hadoop-ozone-recon/1.1.0-SNAPSHOT/hadoop-ozone-recon-1.1.0-SNAPSHOT.jar:/home/user/.m2/repository/org/apache/hadoop/hadoop-ozone-reconcodegen/1.1.0-SNAPSHOT/hadoop-ozone-reconcodegen-1.1.0-SNAPSHOT.jar:/home/user/.m2/repository/com/google/inject/extensions/guice-multibindings/4.0/guice-multibindings-4.0.jar:/home/user/.m2/repository/com/google/inject/guice/4.0/guice-4.0.jar:/home/user/.m2/repository/aopalliance/aopalliance/1.0/aopalliance-1.0.jar:/home/user/.m2/repository/com/google/inject/extensions/guice-assistedinject/4.0/guice-assistedinject-4.0.jar:/home/user/.m2/repository/com/google/inject/extensions/guice-servlet/4.0/guice-servlet-4.0.jar:/home/user/.m2/repository/org/glassfish/jersey/containers/jersey-container-servlet/2.27/jersey-container-servlet-2.27.jar:/home/user/.m2/repository/org/glassfish/hk2/guice-bridge/2.5.0/guice-bridge-2.5.0.jar:/home/user/.m2/repository/org/glassfish/jersey/core/jersey-server/2.27/jersey-server-2.27.jar:/home/user/.m2/repository/org/glassfish/jersey/core/jersey-client/2.27/jersey-client-2.27.jar:/home/user/.m2/repository/org/glassfish/jersey/media/jersey-media-jaxb/2.27/jersey-media-jaxb-2.27.jar:/home/user/.m2/repository/javax/validation/validation-api/1.1.0.Final/validation-api-1.1.0.Final.jar:/home/user/.m2/repository/org/glassfish/jersey/media/jersey-media-json-jackson/2.27/jersey-media-json-jackson-2.27.jar:/home/user/.m2/repository/org/glassfish/jersey/ext/jersey-entity-filtering/2.27/jersey-entity-filtering-2.27.jar:/home/user/.m2/repository/org/jooq/jooq/3.11.10/jooq-3.11.10.jar:/home/user/.m2/repository/org/jooq/jooq-meta/3.11.10/jooq-meta-3.11.10.jar:/home/user/.m2/repository/org/jooq/jooq-codegen/3.11.10/jooq-codegen-3.11.10.jar:/home/user/.m2/repository/com/jolbox/bonecp/0.8.0.RELEASE/bonecp-0.8.0.RELEASE.jar:/home/user/.m2/repository/org/apache/derby/derby/10.14.2.0/derby-10.14.2.0.jar:/home/user/.m2/repository/org/xerial/sqlite-jdbc/3.25.2/sqlite-jdbc-3.25.2.jar:/home/user/.m2/repository/org/springframework/spring-jdbc/5.2.11.RELEASE/spring-jdbc-5.2.11.RELEASE.jar:/home/user/.m2/repository/org/springframework/spring-beans/5.2.11.RELEASE/spring-beans-5.2.11.RELEASE.jar:/home/user/.m2/repository/org/springframework/spring-core/5.2.11.RELEASE/spring-core-5.2.11.RELEASE.jar:/home/user/.m2/repository/org/springframework/spring-jcl/5.2.11.RELEASE/spring-jcl-5.2.11.RELEASE.jar:/home/user/.m2/repository/org/springframework/spring-tx/5.2.11.RELEASE/spring-tx-5.2.11.RELEASE.jar:/home/user/.m2/repository/org/apache/hadoop/hadoop-ozone-client/1.1.0-SNAPSHOT/hadoop-ozone-client-1.1.0-SNAPSHOT.jar:/home/user/.m2/repository/org/apache/hadoop/hadoop-ozone-filesystem/1.1.0-SNAPSHOT/hadoop-ozone-filesystem-1.1.0-SNAPSHOT.jar:/home/user/.m2/repository/org/apache/hadoop/hadoop-ozone-filesystem-common/1.1.0-SNAPSHOT/hadoop-ozone-filesystem-common-1.1.0-SNAPSHOT.jar:/home/user/.m2/repository/org/apache/hadoop/hadoop-ozone-tools/1.1.0-SNAPSHOT/hadoop-ozone-tools-1.1.0-SNAPSHOT.jar:/home/user/.m2/repository/org/apache/ratis/ratis-tools/1.1.0-35f17fa-SNAPSHOT/ratis-tools-1.1.0-35f17fa-SNAPSHOT.jar:/home/user/.m2/repository/org/apache/ratis/ratis-proto/1.1.0-35f17fa-SNAPSHOT/ratis-proto-1.1.0-35f17fa-SNAPSHOT.jar:/home/user/.m2/repository/org/apache/ratis/ratis-common/1.1.0-35f17fa-SNAPSHOT/ratis-common-1.1.0-35f17fa-SNAPSHOT.jar:/home/user/.m2/repository/com/amazonaws/aws-java-sdk-core/1.11.901/aws-java-sdk-core-1.11.901.jar:/home/user/.m2/repository/org/apache/httpcomponents/httpclient/4.5.13/httpclient-4.5.13.jar:/home/user/.m2/repository/org/apache/httpcomponents/httpcore/4.4.13/httpcore-4.4.13.jar:/home/user/.m2/repository/software/amazon/ion/ion-java/1.0.2/ion-java-1.0.2.jar:/home/user/.m2/repository/com/fasterxml/jackson/dataformat/jackson-dataformat-cbor/2.10.3/jackson-dataformat-cbor-2.10.3.jar:/home/user/.m2/repository/joda-time/joda-time/2.8.1/joda-time-2.8.1.jar:/home/user/.m2/repository/com/amazonaws/aws-java-sdk-s3/1.11.901/aws-java-sdk-s3-1.11.901.jar:/home/user/.m2/repository/com/amazonaws/aws-java-sdk-kms/1.11.901/aws-java-sdk-kms-1.11.901.jar:/home/user/.m2/repository/com/amazonaws/jmespath-java/1.11.901/jmespath-java-1.11.901.jar:/home/user/.m2/repository/org/kohsuke/metainf-services/metainf-services/1.8/metainf-services-1.8.jar:/home/user/.m2/repository/org/apache/hadoop/hadoop-hdds-tools/1.1.0-SNAPSHOT/hadoop-hdds-tools-1.1.0-SNAPSHOT.jar:/home/user/.m2/repository/commons-cli/commons-cli/1.2/commons-cli-1.2.jar:/home/user/.m2/repository/org/apache/commons/commons-lang3/3.7/commons-lang3-3.7.jar:/home/user/.m2/repository/org/apache/hadoop/hadoop-ozone-ozone-manager/1.1.0-SNAPSHOT/hadoop-ozone-ozone-manager-1.1.0-SNAPSHOT-tests.jar:/home/user/.m2/repository/org/apache/hadoop/hadoop-hdds-common/1.1.0-SNAPSHOT/hadoop-hdds-common-1.1.0-SNAPSHOT-tests.jar:/home/user/.m2/repository/org/apache/hadoop/hadoop-hdds-hadoop-dependency-client/1.1.0-SNAPSHOT/hadoop-hdds-hadoop-dependency-client-1.1.0-SNAPSHOT.jar:/home/user/.m2/repository/info/picocli/picocli/4.4.0/picocli-4.4.0.jar:/home/user/.m2/repository/com/fasterxml/jackson/core/jackson-annotations/2.10.3/jackson-annotations-2.10.3.jar:/home/user/.m2/repository/javax/annotation/javax.annotation-api/1.2/javax.annotation-api-1.2.jar:/home/user/.m2/repository/org/fusesource/leveldbjni/leveldbjni-all/1.8/leveldbjni-all-1.8.jar:/home/user/.m2/repository/org/apache/ratis/ratis-server/1.1.0-35f17fa-SNAPSHOT/ratis-server-1.1.0-35f17fa-SNAPSHOT.jar:/home/user/.m2/repository/org/apache/ratis/ratis-client/1.1.0-35f17fa-SNAPSHOT/ratis-client-1.1.0-35f17fa-SNAPSHOT.jar:/home/user/.m2/repository/org/apache/ratis/ratis-server-api/1.1.0-35f17fa-SNAPSHOT/ratis-server-api-1.1.0-35f17fa-SNAPSHOT.jar:/home/user/.m2/repository/org/apache/ratis/ratis-metrics/1.1.0-35f17fa-SNAPSHOT/ratis-metrics-1.1.0-35f17fa-SNAPSHOT.jar:/home/user/.m2/repository/org/apache/ratis/ratis-netty/1.1.0-35f17fa-SNAPSHOT/ratis-netty-1.1.0-35f17fa-SNAPSHOT.jar:/home/user/.m2/repository/org/apache/ratis/ratis-grpc/1.1.0-35f17fa-SNAPSHOT/ratis-grpc-1.1.0-35f17fa-SNAPSHOT.jar:/home/user/.m2/repository/org/apache/logging/log4j/log4j-api/2.13.3/log4j-api-2.13.3.jar:/home/user/.m2/repository/org/apache/logging/log4j/log4j-core/2.13.3/log4j-core-2.13.3.jar:/home/user/.m2/repository/com/lmax/disruptor/3.4.2/disruptor-3.4.2.jar:/home/user/.m2/repository/org/apache/commons/commons-pool2/2.6.0/commons-pool2-2.6.0.jar:/home/user/.m2/repository/org/bouncycastle/bcpkix-jdk15on/1.67/bcpkix-jdk15on-1.67.jar:/home/user/.m2/repository/commons-validator/commons-validator/1.6/commons-validator-1.6.jar:/home/user/.m2/repository/commons-beanutils/commons-beanutils/1.9.4/commons-beanutils-1.9.4.jar:/home/user/.m2/repository/commons-digester/commons-digester/1.8.1/commons-digester-1.8.1.jar:/home/user/.m2/repository/commons-collections/commons-collections/3.2.2/commons-collections-3.2.2.jar:/home/user/.m2/repository/io/jaegertracing/jaeger-client/1.2.0/jaeger-client-1.2.0.jar:/home/user/.m2/repository/io/jaegertracing/jaeger-thrift/1.2.0/jaeger-thrift-1.2.0.jar:/home/user/.m2/repository/org/apache/thrift/libthrift/0.13.0/libthrift-0.13.0.jar:/home/user/.m2/repository/com/squareup/okhttp3/okhttp/4.2.2/okhttp-4.2.2.jar:/home/user/.m2/repository/com/squareup/okio/okio/2.2.2/okio-2.2.2.jar:/home/user/.m2/repository/org/jetbrains/kotlin/kotlin-stdlib/1.3.50/kotlin-stdlib-1.3.50.jar:/home/user/.m2/repository/org/jetbrains/kotlin/kotlin-stdlib-common/1.3.50/kotlin-stdlib-common-1.3.50.jar:/home/user/.m2/repository/org/jetbrains/annotations/13.0/annotations-13.0.jar:/home/user/.m2/repository/io/jaegertracing/jaeger-core/1.2.0/jaeger-core-1.2.0.jar:/home/user/.m2/repository/io/jaegertracing/jaeger-tracerresolver/1.2.0/jaeger-tracerresolver-1.2.0.jar:/home/user/.m2/repository/io/opentracing/contrib/opentracing-tracerresolver/0.1.8/opentracing-tracerresolver-0.1.8.jar:/home/user/.m2/repository/io/opentracing/opentracing-util/0.33.0/opentracing-util-0.33.0.jar:/home/user/.m2/repository/io/opentracing/opentracing-api/0.33.0/opentracing-api-0.33.0.jar:/home/user/.m2/repository/io/opentracing/opentracing-noop/0.33.0/opentracing-noop-0.33.0.jar:/home/user/.m2/repository/org/yaml/snakeyaml/1.26/snakeyaml-1.26.jar:/home/user/.m2/repository/junit/junit/4.11/junit-4.11.jar:/home/user/.m2/repository/org/hamcrest/hamcrest-core/1.3/hamcrest-core-1.3.jar:/home/user/.m2/repository/org/openjdk/jmh/jmh-core/1.19/jmh-core-1.19.jar:/home/user/.m2/repository/net/sf/jopt-simple/jopt-simple/4.6/jopt-simple-4.6.jar:/home/user/.m2/repository/org/apache/commons/commons-math3/3.1.1/commons-math3-3.1.1.jar:/home/user/.m2/repository/org/openjdk/jmh/jmh-generator-annprocess/1.19/jmh-generator-annprocess-1.19.jar:/home/user/.m2/repository/org/mockito/mockito-all/1.8.5/mockito-all-1.8.5.jar:/home/user/.m2/repository/org/apache/hadoop/hadoop-kms/3.2.1/hadoop-kms-3.2.1.jar:/home/user/.m2/repository/org/apache/hadoop/hadoop-auth/3.2.1/hadoop-auth-3.2.1.jar:/home/user/.m2/repository/com/nimbusds/nimbus-jose-jwt/7.9/nimbus-jose-jwt-7.9.jar:/home/user/.m2/repository/com/github/stephenc/jcip/jcip-annotations/1.0-1/jcip-annotations-1.0-1.jar:/home/user/.m2/repository/net/minidev/json-smart/2.3/json-smart-2.3.jar:/home/user/.m2/repository/net/minidev/accessors-smart/1.2/accessors-smart-1.2.jar:/home/user/.m2/repository/org/ow2/asm/asm/5.0.4/asm-5.0.4.jar:/home/user/.m2/repository/org/apache/zookeeper/zookeeper/3.4.13/zookeeper-3.4.13.jar:/home/user/.m2/repository/org/apache/yetus/audience-annotations/0.5.0/audience-annotations-0.5.0.jar:/home/user/.m2/repository/org/apache/curator/curator-framework/2.13.0/curator-framework-2.13.0.jar:/home/user/.m2/repository/com/sun/jersey/jersey-core/1.19/jersey-core-1.19.jar:/home/user/.m2/repository/javax/ws/rs/jsr311-api/1.1.1/jsr311-api-1.1.1.jar:/home/user/.m2/repository/com/sun/jersey/jersey-server/1.19/jersey-server-1.19.jar:/home/user/.m2/repository/javax/servlet/javax.servlet-api/3.1.0/javax.servlet-api-3.1.0.jar:/home/user/.m2/repository/org/eclipse/jetty/jetty-server/9.4.34.v20201102/jetty-server-9.4.34.v20201102.jar:/home/user/.m2/repository/org/eclipse/jetty/jetty-http/9.4.34.v20201102/jetty-http-9.4.34.v20201102.jar:/home/user/.m2/repository/org/eclipse/jetty/jetty-io/9.4.34.v20201102/jetty-io-9.4.34.v20201102.jar:/home/user/.m2/repository/org/eclipse/jetty/jetty-webapp/9.4.34.v20201102/jetty-webapp-9.4.34.v20201102.jar:/home/user/.m2/repository/org/eclipse/jetty/jetty-xml/9.4.34.v20201102/jetty-xml-9.4.34.v20201102.jar:/home/user/.m2/repository/org/apache/hadoop/hadoop-common/3.2.1/hadoop-common-3.2.1.jar:/home/user/.m2/repository/commons-net/commons-net/3.6/commons-net-3.6.jar:/home/user/.m2/repository/com/sun/jersey/jersey-servlet/1.19/jersey-servlet-1.19.jar:/home/user/.m2/repository/com/sun/jersey/jersey-json/1.19/jersey-json-1.19.jar:/home/user/.m2/repository/org/codehaus/jettison/jettison/1.1/jettison-1.1.jar:/home/user/.m2/repository/org/codehaus/jackson/jackson-jaxrs/1.9.2/jackson-jaxrs-1.9.2.jar:/home/user/.m2/repository/org/codehaus/jackson/jackson-xc/1.9.2/jackson-xc-1.9.2.jar:/home/user/.m2/repository/org/apache/commons/commons-configuration2/2.1.1/commons-configuration2-2.1.1.jar:/home/user/.m2/repository/org/apache/commons/commons-text/1.4/commons-text-1.4.jar:/home/user/.m2/repository/com/google/re2j/re2j/1.1/re2j-1.1.jar:/home/user/.m2/repository/com/jcraft/jsch/0.1.54/jsch-0.1.54.jar:/home/user/.m2/repository/org/apache/curator/curator-client/2.13.0/curator-client-2.13.0.jar:/home/user/.m2/repository/org/apache/curator/curator-recipes/2.13.0/curator-recipes-2.13.0.jar:/home/user/.m2/repository/dnsjava/dnsjava/2.1.7/dnsjava-2.1.7.jar:/home/user/.m2/repository/org/slf4j/jul-to-slf4j/1.7.30/jul-to-slf4j-1.7.30.jar:/home/user/.m2/repository/org/eclipse/jetty/jetty-util/9.4.34.v20201102/jetty-util-9.4.34.v20201102.jar:/home/user/.m2/repository/com/fasterxml/jackson/core/jackson-databind/2.10.3/jackson-databind-2.10.3.jar:/home/user/.m2/repository/org/apache/hadoop/hadoop-kms/3.2.1/hadoop-kms-3.2.1-tests.jar:/home/user/.m2/repository/org/apache/hadoop/hadoop-hdds-server-scm/1.1.0-SNAPSHOT/hadoop-hdds-server-scm-1.1.0-SNAPSHOT-tests.jar:/home/user/.m2/repository/org/apache/hadoop/hadoop-hdds-container-service/1.1.0-SNAPSHOT/hadoop-hdds-container-service-1.1.0-SNAPSHOT-tests.jar:/home/user/.m2/repository/commons-codec/commons-codec/1.11/commons-codec-1.11.jar:/home/user/.m2/repository/org/apache/hadoop/hadoop-hdds-hadoop-dependency-test/1.1.0-SNAPSHOT/hadoop-hdds-hadoop-dependency-test-1.1.0-SNAPSHOT.jar:/home/user/.m2/repository/org/apache/hadoop/hadoop-common/3.2.1/hadoop-common-3.2.1-tests.jar:/home/user/.m2/repository/org/apache/hadoop/hadoop-hdfs/3.2.1/hadoop-hdfs-3.2.1-tests.jar:/home/user/.m2/repository/org/eclipse/jetty/jetty-util-ajax/9.4.34.v20201102/jetty-util-ajax-9.4.34.v20201102.jar:/home/user/.m2/repository/commons-daemon/commons-daemon/1.0.13/commons-daemon-1.0.13.jar:/home/user/.m2/repository/io/netty/netty/3.10.5.Final/netty-3.10.5.Final.jar:/home/user/.m2/repository/io/netty/netty-all/4.1.48.Final/netty-all-4.1.48.Final.jar:/home/user/.m2/repository/org/apache/htrace/htrace-core4/4.1.0-incubating/htrace-core4-4.1.0-incubating.jar:/home/user/.m2/repository/org/apache/hadoop/hadoop-distcp/3.2.1/hadoop-distcp-3.2.1.jar:/home/user/.m2/repository/org/apache/hadoop/hadoop-mapreduce-client-jobclient/3.2.1/hadoop-mapreduce-client-jobclient-3.2.1.jar:/home/user/.m2/repository/org/apache/hadoop/hadoop-mapreduce-client-common/3.2.1/hadoop-mapreduce-client-common-3.2.1.jar:/home/user/.m2/repository/org/apache/hadoop/hadoop-yarn-common/3.2.1/hadoop-yarn-common-3.2.1.jar:/home/user/.m2/repository/org/apache/hadoop/hadoop-yarn-api/3.2.1/hadoop-yarn-api-3.2.1.jar:/home/user/.m2/repository/com/sun/jersey/jersey-client/1.19/jersey-client-1.19.jar:/home/user/.m2/repository/com/sun/jersey/contribs/jersey-guice/1.19/jersey-guice-1.19.jar:/home/user/.m2/repository/com/fasterxml/jackson/jaxrs/jackson-jaxrs-json-provider/2.10.3/jackson-jaxrs-json-provider-2.10.3.jar:/home/user/.m2/repository/com/fasterxml/jackson/jaxrs/jackson-jaxrs-base/2.10.3/jackson-jaxrs-base-2.10.3.jar:/home/user/.m2/repository/org/apache/hadoop/hadoop-yarn-client/3.2.1/hadoop-yarn-client-3.2.1.jar:/home/user/.m2/repository/org/apache/hadoop/hadoop-mapreduce-client-core/3.2.1/hadoop-mapreduce-client-core-3.2.1.jar:/home/user/.m2/repository/org/apache/avro/avro/1.7.7/avro-1.7.7.jar:/home/user/.m2/repository/org/codehaus/jackson/jackson-core-asl/1.9.13/jackson-core-asl-1.9.13.jar:/home/user/.m2/repository/org/codehaus/jackson/jackson-mapper-asl/1.9.13/jackson-mapper-asl-1.9.13.jar:/home/user/.m2/repository/com/thoughtworks/paranamer/paranamer/2.3/paranamer-2.3.jar:/home/user/.m2/repository/org/xerial/snappy/snappy-java/1.0.5/snappy-java-1.0.5.jar:/home/user/.m2/repository/org/apache/hadoop/hadoop-annotations/3.2.1/hadoop-annotations-3.2.1.jar:/usr/lib/jvm/java-1.8.0-openjdk-1.8.0.232.b09-0.el7_7.x86_64/jre/../lib/tools.jar:/home/user/.m2/repository/org/apache/hadoop/hadoop-distcp/3.2.1/hadoop-distcp-3.2.1-tests.jar:"/>
    <property name="sun.cpu.endian" value="little"/>
    <property name="user.home" value="/home/user"/>
    <property name="user.language" value="en"/>
    <property name="java.specification.vendor" value="Oracle Corporation"/>
    <property name="java.home" value="/usr/lib/jvm/java-1.8.0-openjdk-1.8.0.232.b09-0.el7_7.x86_64/jre"/>
    <property name="java.security.krb5.conf" value="/github/workspace/mnt/ozone/hadoop-ozone/integration-test/target/test-classes/krb5.conf"/>
    <property name="basedir" value="/github/workspace/mnt/ozone/hadoop-ozone/integration-test"/>
    <property name="file.separator" value="/"/>
    <property name="line.separator" value="&#10;"/>
    <property name="java.vm.specification.vendor" value="Oracle Corporation"/>
    <property name="java.specification.name" value="Java Platform API Specification"/>
    <property name="java.awt.graphicsenv" value="sun.awt.X11GraphicsEnvironment"/>
    <property name="skip.installnpx" value="true"/>
    <property name="surefire.real.class.path" value="/github/workspace/mnt/ozone/hadoop-ozone/integration-test/target/surefire/surefirebooter5958970097560199879.jar:/home/user/.m2/repository/org/jacoco/org.jacoco.agent/0.8.5/org.jacoco.agent-0.8.5-runtime.jar"/>
    <property name="hadoop.log.dir" value="/github/workspace/mnt/ozone/hadoop-ozone/integration-test/target/log"/>
    <property name="sun.boot.class.path" value="/usr/lib/jvm/java-1.8.0-openjdk-1.8.0.232.b09-0.el7_7.x86_64/jre/lib/resources.jar:/usr/lib/jvm/java-1.8.0-openjdk-1.8.0.232.b09-0.el7_7.x86_64/jre/lib/rt.jar:/usr/lib/jvm/java-1.8.0-openjdk-1.8.0.232.b09-0.el7_7.x86_64/jre/lib/sunrsasign.jar:/usr/lib/jvm/java-1.8.0-openjdk-1.8.0.232.b09-0.el7_7.x86_64/jre/lib/jsse.jar:/usr/lib/jvm/java-1.8.0-openjdk-1.8.0.232.b09-0.el7_7.x86_64/jre/lib/jce.jar:/usr/lib/jvm/java-1.8.0-openjdk-1.8.0.232.b09-0.el7_7.x86_64/jre/lib/charsets.jar:/usr/lib/jvm/java-1.8.0-openjdk-1.8.0.232.b09-0.el7_7.x86_64/jre/lib/jfr.jar:/usr/lib/jvm/java-1.8.0-openjdk-1.8.0.232.b09-0.el7_7.x86_64/jre/classes"/>
    <property name="sun.management.compiler" value="HotSpot 64-Bit Tiered Compilers"/>
    <property name="skip.npx" value="true"/>
    <property name="java.runtime.version" value="1.8.0_232-b09"/>
    <property name="java.net.preferIPv4Stack" value="true"/>
    <property name="user.name" value="jenkins1001"/>
    <property name="path.separator" value=":"/>
    <property name="java.security.egd" value="file:///dev/urandom"/>
    <property name="os.version" value="5.4.0-1036-azure"/>
    <property name="java.endorsed.dirs" value="/usr/lib/jvm/java-1.8.0-openjdk-1.8.0.232.b09-0.el7_7.x86_64/jre/lib/endorsed"/>
    <property name="java.runtime.name" value="OpenJDK Runtime Environment"/>
    <property name="file.encoding" value="ANSI_X3.4-1968"/>
    <property name="java.vm.name" value="OpenJDK 64-Bit Server VM"/>
    <property name="test.build.webapps" value=""/>
    <property name="localRepository" value="/home/user/.m2/repository"/>
    <property name="java.vendor.url.bug" value="http://bugreport.sun.com/bugreport/"/>
    <property name="java.io.tmpdir" value="/tmp"/>
    <property name="require.test.libhadoop" value=""/>
    <property name="java.version" value="1.8.0_232"/>
    <property name="user.dir" value="/github/workspace/mnt/ozone/hadoop-ozone/integration-test"/>
    <property name="os.arch" value="amd64"/>
    <property name="java.vm.specification.name" value="Java Virtual Machine Specification"/>
    <property name="test.build.classes" value="/github/workspace/mnt/ozone/hadoop-ozone/integration-test/target/test-classes"/>
    <property name="java.awt.printerjob" value="sun.print.PSPrinterJob"/>
    <property name="sun.os.patch.level" value="unknown"/>
    <property name="hadoop.tmp.dir" value="/github/workspace/mnt/ozone/hadoop-ozone/integration-test/target/tmp"/>
    <property name="java.library.path" value="/usr/lib:/usr/java/packages/lib/amd64:/usr/lib64:/lib64:/lib:/usr/lib"/>
    <property name="java.vm.info" value="mixed mode"/>
    <property name="java.vendor" value="Oracle Corporation"/>
    <property name="java.vm.version" value="25.232-b09"/>
    <property name="java.ext.dirs" value="/usr/lib/jvm/java-1.8.0-openjdk-1.8.0.232.b09-0.el7_7.x86_64/jre/lib/ext:/usr/java/packages/lib/ext"/>
    <property name="sun.io.unicode.encoding" value="UnicodeLittle"/>
    <property name="java.class.version" value="52.0"/>
  </properties>
  <testcase name="testInstallSnapshot" classname="org.apache.hadoop.ozone.om.TestOMRatisSnapshots" time="46.303">
    <failure type="java.lang.AssertionError">java.lang.AssertionError
	at org.junit.Assert.fail(Assert.java:86)
	at org.junit.Assert.assertTrue(Assert.java:41)
	at org.junit.Assert.assertTrue(Assert.java:52)
	at org.apache.hadoop.ozone.om.TestOMRatisSnapshots.testInstallSnapshot(TestOMRatisSnapshots.java:172)
	at sun.reflect.NativeMethodAccessorImpl.invoke0(Native Method)
	at sun.reflect.NativeMethodAccessorImpl.invoke(NativeMethodAccessorImpl.java:62)
	at sun.reflect.DelegatingMethodAccessorImpl.invoke(DelegatingMethodAccessorImpl.java:43)
	at java.lang.reflect.Method.invoke(Method.java:498)
	at org.junit.runners.model.FrameworkMethod$1.runReflectiveCall(FrameworkMethod.java:47)
	at org.junit.internal.runners.model.ReflectiveCallable.run(ReflectiveCallable.java:12)
	at org.junit.runners.model.FrameworkMethod.invokeExplosively(FrameworkMethod.java:44)
	at org.junit.internal.runners.statements.InvokeMethod.evaluate(InvokeMethod.java:17)
	at org.junit.internal.runners.statements.RunBefores.evaluate(RunBefores.java:26)
	at org.junit.internal.runners.statements.RunAfters.evaluate(RunAfters.java:27)
	at org.junit.rules.ExpectedException$ExpectedExceptionStatement.evaluate(ExpectedException.java:168)
	at org.junit.internal.runners.statements.FailOnTimeout$StatementThread.run(FailOnTimeout.java:74)
</failure>
    <system-out><![CDATA[2021-01-15 07:28:19,960 [Thread-1] WARN  server.ServerUtils (ServerUtils.java:getScmDbDir(148)) - ozone.scm.db.dirs is not configured. We recommend adding this setting. Falling back to ozone.metadata.dirs instead.
2021-01-15 07:28:20,033 [Thread-1] WARN  server.ServerUtils (ServerUtils.java:getScmDbDir(148)) - ozone.scm.db.dirs is not configured. We recommend adding this setting. Falling back to ozone.metadata.dirs instead.
2021-01-15 07:28:20,170 [Thread-1] WARN  db.DBStoreBuilder (DBStoreBuilder.java:applyDBDefinition(145)) - ozone.scm.db.dirs is not configured. We recommend adding this setting. Falling back to ozone.metadata.dirs instead.
2021-01-15 07:28:20,264 [Thread-1] INFO  net.NodeSchemaLoader (NodeSchemaLoader.java:loadSchemaFromFile(126)) - Loading file from sun.misc.CompoundEnumeration@51582276
2021-01-15 07:28:20,266 [Thread-1] INFO  net.NodeSchemaLoader (NodeSchemaLoader.java:loadSchema(172)) - Loading network topology layer schema file
2021-01-15 07:28:20,324 [Thread-1] WARN  server.ServerUtils (ServerUtils.java:sanitizeUserArgs(73)) - ozone.scm.stale.node.interval value = 300000 is larger than max = 100000 based on the key value of ozone.scm.heartbeat.thread.interval, reset to the max value 100000.
2021-01-15 07:28:20,324 [Thread-1] WARN  server.ServerUtils (ServerUtils.java:sanitizeUserArgs(73)) - ozone.scm.stale.node.interval value = 300000 is larger than max = 100000 based on the key value of ozone.scm.heartbeat.thread.interval, reset to the max value 100000.
2021-01-15 07:28:20,327 [Thread-1] INFO  node.SCMNodeManager (SCMNodeManager.java:<init>(123)) - Entering startup safe mode.
2021-01-15 07:28:20,418 [Thread-1] INFO  algorithms.ContainerPlacementPolicyFactory (ContainerPlacementPolicyFactory.java:getPolicy(60)) - Create container placement policy of type org.apache.hadoop.hdds.scm.container.placement.algorithms.SCMContainerPlacementRandom
2021-01-15 07:28:20,445 [Thread-1] INFO  algorithms.LeaderChoosePolicyFactory (LeaderChoosePolicyFactory.java:getPolicy(57)) - Create leader choose policy of type org.apache.hadoop.hdds.scm.pipeline.leader.choose.algorithms.MinLeaderCountChoosePolicy
2021-01-15 07:28:20,445 [Thread-1] INFO  pipeline.SCMPipelineManager (SCMPipelineManager.java:initializePipelineState(161)) - No pipeline exists in current db
2021-01-15 07:28:20,463 [Thread-1] INFO  algorithms.PipelineChoosePolicyFactory (PipelineChoosePolicyFactory.java:createPipelineChoosePolicyFromClass(75)) - Create pipeline choose policy of type org.apache.hadoop.hdds.scm.pipeline.choose.algorithms.RandomPipelineChoosePolicy
2021-01-15 07:28:20,524 [Thread-1] INFO  safemode.HealthyPipelineSafeModeRule (HealthyPipelineSafeModeRule.java:<init>(89)) - Total pipeline count is 0, healthy pipeline threshold count is 0
2021-01-15 07:28:20,527 [Thread-1] INFO  safemode.OneReplicaPipelineSafeModeRule (OneReplicaPipelineSafeModeRule.java:<init>(85)) - Total pipeline count is 0, pipeline's with at least one datanode reported threshold count is 0
2021-01-15 07:28:20,996 [Thread-1] INFO  ipc.CallQueueManager (CallQueueManager.java:<init>(84)) - Using callQueue: class java.util.concurrent.LinkedBlockingQueue, queueCapacity: 2000, scheduler: class org.apache.hadoop.ipc.DefaultRpcScheduler, ipcBackoff: false.
2021-01-15 07:28:21,020 [Socket Reader #1 for port 0] INFO  ipc.Server (Server.java:run(1219)) - Starting Socket Reader #1 for port 0
2021-01-15 07:28:21,052 [Listener at 0.0.0.0/46133] INFO  ipc.CallQueueManager (CallQueueManager.java:<init>(84)) - Using callQueue: class java.util.concurrent.LinkedBlockingQueue, queueCapacity: 2000, scheduler: class org.apache.hadoop.ipc.DefaultRpcScheduler, ipcBackoff: false.
2021-01-15 07:28:21,052 [Socket Reader #1 for port 0] INFO  ipc.Server (Server.java:run(1219)) - Starting Socket Reader #1 for port 0
2021-01-15 07:28:21,065 [Listener at 0.0.0.0/41179] INFO  ipc.CallQueueManager (CallQueueManager.java:<init>(84)) - Using callQueue: class java.util.concurrent.LinkedBlockingQueue, queueCapacity: 2000, scheduler: class org.apache.hadoop.ipc.DefaultRpcScheduler, ipcBackoff: false.
2021-01-15 07:28:21,066 [Socket Reader #1 for port 0] INFO  ipc.Server (Server.java:run(1219)) - Starting Socket Reader #1 for port 0
2021-01-15 07:28:21,083 [Listener at 0.0.0.0/36401] INFO  http.BaseHttpServer (BaseHttpServer.java:newHttpServer2BuilderForOzone(207)) - Starting Web-server for scm at: http://0.0.0.0:0
2021-01-15 07:28:21,083 [Listener at 0.0.0.0/36401] INFO  http.BaseHttpServer (BaseHttpServer.java:<init>(106)) - Hadoop Security Enabled: false Ozone Security Enabled: false Ozone HTTP Security Enabled: false 
2021-01-15 07:28:21,109 [Listener at 0.0.0.0/36401] INFO  util.log (Log.java:initialized(169)) - Logging initialized @2172ms to org.eclipse.jetty.util.log.Slf4jLog
2021-01-15 07:28:21,217 [Listener at 0.0.0.0/36401] INFO  server.AuthenticationFilter (AuthenticationFilter.java:constructSecretProvider(240)) - Unable to initialize FileSignerSecretProvider, falling back to use random secrets.
2021-01-15 07:28:21,230 [Listener at 0.0.0.0/36401] WARN  http.HttpRequestLog (HttpRequestLog.java:getRequestLog(103)) - Jetty request log can only be enabled using Log4j
2021-01-15 07:28:21,235 [Listener at 0.0.0.0/36401] INFO  http.HttpServer2 (HttpServer2.java:addGlobalFilter(1020)) - Added global filter 'safety' (class=org.apache.hadoop.hdds.server.http.HttpServer2$QuotingInputFilter)
2021-01-15 07:28:21,238 [Listener at 0.0.0.0/36401] INFO  http.HttpServer2 (HttpServer2.java:addFilter(996)) - Added filter static_user_filter (class=org.apache.hadoop.http.lib.StaticUserWebFilter$StaticUserFilter) to context scm
2021-01-15 07:28:21,238 [Listener at 0.0.0.0/36401] INFO  http.HttpServer2 (HttpServer2.java:addFilter(1004)) - Added filter static_user_filter (class=org.apache.hadoop.http.lib.StaticUserWebFilter$StaticUserFilter) to context static
2021-01-15 07:28:21,238 [Listener at 0.0.0.0/36401] INFO  http.HttpServer2 (HttpServer2.java:addFilter(1004)) - Added filter static_user_filter (class=org.apache.hadoop.http.lib.StaticUserWebFilter$StaticUserFilter) to context logs
2021-01-15 07:28:21,290 [Listener at 0.0.0.0/36401] INFO  server.StorageContainerManager (StorageContainerManager.java:start(789)) - StorageContainerLocationProtocol RPC server is listening at /0.0.0.0:36401
2021-01-15 07:28:21,335 [Listener at 0.0.0.0/36401] WARN  impl.MetricsConfig (MetricsConfig.java:loadFirst(134)) - Cannot locate configuration: tried hadoop-metrics2-storagecontainermanager.properties,hadoop-metrics2.properties
2021-01-15 07:28:21,346 [Listener at 0.0.0.0/36401] INFO  impl.MetricsSystemImpl (MetricsSystemImpl.java:startTimer(374)) - Scheduled Metric snapshot period at 10 second(s).
2021-01-15 07:28:21,346 [Listener at 0.0.0.0/36401] INFO  impl.MetricsSystemImpl (MetricsSystemImpl.java:start(191)) - StorageContainerManager metrics system started
2021-01-15 07:28:21,547 [Listener at 0.0.0.0/36401] INFO  server.SCMClientProtocolServer (SCMClientProtocolServer.java:start(159)) - RPC server for Client  is listening at /0.0.0.0:36401
2021-01-15 07:28:21,551 [IPC Server Responder] INFO  ipc.Server (Server.java:run(1460)) - IPC Server Responder: starting
2021-01-15 07:28:21,552 [IPC Server listener on 0] INFO  ipc.Server (Server.java:run(1298)) - IPC Server listener on 0: starting
2021-01-15 07:28:21,559 [Listener at 0.0.0.0/36401] INFO  server.StorageContainerManager (StorageContainerManager.java:start(801)) - ScmBlockLocationProtocol RPC server is listening at /0.0.0.0:41179
2021-01-15 07:28:21,560 [Listener at 0.0.0.0/36401] INFO  server.SCMBlockProtocolServer (SCMBlockProtocolServer.java:start(150)) - RPC server for Block Protocol is listening at /0.0.0.0:41179
2021-01-15 07:28:21,560 [IPC Server Responder] INFO  ipc.Server (Server.java:run(1460)) - IPC Server Responder: starting
2021-01-15 07:28:21,561 [IPC Server listener on 0] INFO  ipc.Server (Server.java:run(1298)) - IPC Server listener on 0: starting
2021-01-15 07:28:21,564 [Listener at 0.0.0.0/36401] INFO  server.StorageContainerManager (StorageContainerManager.java:start(807)) - ScmDatanodeProtocl RPC server is listening at /0.0.0.0:46133
2021-01-15 07:28:21,564 [Listener at 0.0.0.0/36401] INFO  server.SCMDatanodeProtocolServer (SCMDatanodeProtocolServer.java:start(174)) - RPC server for DataNodes is listening at /0.0.0.0:46133
2021-01-15 07:28:21,566 [IPC Server Responder] INFO  ipc.Server (Server.java:run(1460)) - IPC Server Responder: starting
2021-01-15 07:28:21,566 [IPC Server listener on 0] INFO  ipc.Server (Server.java:run(1298)) - IPC Server listener on 0: starting
2021-01-15 07:28:21,570 [Listener at 0.0.0.0/36401] INFO  http.HttpServer2 (HttpServer2.java:bindListener(1238)) - Jetty bound to port 45909
2021-01-15 07:28:21,572 [Listener at 0.0.0.0/36401] INFO  server.Server (Server.java:doStart(375)) - jetty-9.4.34.v20201102; built: 2020-11-02T14:15:39.302Z; git: e46af88704a893fc12cb0e3bf46e2c7b48a009e7; jvm 1.8.0_232-b09
2021-01-15 07:28:21,600 [Listener at 0.0.0.0/36401] INFO  server.session (DefaultSessionIdManager.java:doStart(334)) - DefaultSessionIdManager workerName=node0
2021-01-15 07:28:21,600 [Listener at 0.0.0.0/36401] INFO  server.session (DefaultSessionIdManager.java:doStart(339)) - No SessionScavenger set, using defaults
2021-01-15 07:28:21,602 [Listener at 0.0.0.0/36401] INFO  server.session (HouseKeeper.java:startScavenging(132)) - node0 Scavenging every 600000ms
2021-01-15 07:28:21,619 [Listener at 0.0.0.0/36401] INFO  handler.ContextHandler (ContextHandler.java:doStart(916)) - Started o.e.j.s.ServletContextHandler@5d954848{logs,/logs,file:///github/workspace/mnt/ozone/hadoop-ozone/integration-test/target/log,AVAILABLE}
2021-01-15 07:28:21,620 [Listener at 0.0.0.0/36401] INFO  handler.ContextHandler (ContextHandler.java:doStart(916)) - Started o.e.j.s.ServletContextHandler@73ef175{static,/static,file:///github/workspace/mnt/ozone/hadoop-ozone/integration-test/target/test-classes/webapps/static,AVAILABLE}
2021-01-15 07:28:21,681 [Listener at 0.0.0.0/36401] INFO  handler.ContextHandler (ContextHandler.java:doStart(916)) - Started o.e.j.w.WebAppContext@313c57cd{scm,/,file:///github/workspace/mnt/ozone/hadoop-ozone/integration-test/target/test-classes/webapps/scm/,AVAILABLE}{file:/github/workspace/mnt/ozone/hadoop-ozone/integration-test/target/test-classes/webapps/scm}
2021-01-15 07:28:21,691 [Listener at 0.0.0.0/36401] INFO  server.AbstractConnector (AbstractConnector.java:doStart(331)) - Started ServerConnector@44c986a{HTTP/1.1, (http/1.1)}{0.0.0.0:45909}
2021-01-15 07:28:21,691 [Listener at 0.0.0.0/36401] INFO  server.Server (Server.java:doStart(415)) - Started @2754ms
2021-01-15 07:28:21,693 [Listener at 0.0.0.0/36401] INFO  impl.MetricsSinkAdapter (MetricsSinkAdapter.java:start(204)) - Sink prometheus started
2021-01-15 07:28:21,693 [Listener at 0.0.0.0/36401] INFO  impl.MetricsSystemImpl (MetricsSystemImpl.java:registerSink(301)) - Registered sink prometheus
2021-01-15 07:28:21,696 [Listener at 0.0.0.0/36401] INFO  http.BaseHttpServer (BaseHttpServer.java:updateConnectorAddress(327)) - HTTP server of scm listening at http://0.0.0.0:45909
2021-01-15 07:28:21,712 [org.apache.hadoop.util.JvmPauseMonitor$Monitor@5b3f634] INFO  util.JvmPauseMonitor (JvmPauseMonitor.java:run(188)) - Starting JVM pause monitor
2021-01-15 07:28:21,714 [Listener at 0.0.0.0/36401] WARN  server.ServerUtils (ServerUtils.java:getDBPath(225)) - ozone.om.db.dirs is not configured. We recommend adding this setting. Falling back to ozone.metadata.dirs instead.
2021-01-15 07:28:21,817 [Listener at 0.0.0.0/36401] INFO  ha.OMHANodeDetails (OMHANodeDetails.java:loadOMHAConfig(110)) - ServiceID for OzoneManager is om-service-test1
2021-01-15 07:28:21,823 [Listener at 0.0.0.0/36401] INFO  ha.OMHANodeDetails (OMHANodeDetails.java:loadOMHAConfig(186)) - Found matching OM address with OMServiceId: om-service-test1, OMNodeId: omNode-1, RPC Address: localhost:10088 and Ratis port: 10092
2021-01-15 07:28:21,823 [Listener at 0.0.0.0/36401] INFO  ha.OMHANodeDetails (OMHANodeDetails.java:setOMNodeSpecificConfigs(311)) - Setting configuration key ozone.om.http-address with value of key ozone.om.http-address.omNode-1: 127.0.0.1:10090
2021-01-15 07:28:21,823 [Listener at 0.0.0.0/36401] INFO  ha.OMHANodeDetails (OMHANodeDetails.java:setOMNodeSpecificConfigs(311)) - Setting configuration key ozone.om.https-address with value of key ozone.om.https-address.omNode-1: 127.0.0.1:10091
2021-01-15 07:28:21,823 [Listener at 0.0.0.0/36401] INFO  ha.OMHANodeDetails (OMHANodeDetails.java:setOMNodeSpecificConfigs(311)) - Setting configuration key ozone.om.address with value of key ozone.om.address.omNode-1: 127.0.0.1:10088
2021-01-15 07:28:21,823 [Listener at 0.0.0.0/36401] WARN  server.ServerUtils (ServerUtils.java:getDBPath(225)) - ozone.om.db.dirs is not configured. We recommend adding this setting. Falling back to ozone.metadata.dirs instead.
2021-01-15 07:28:21,824 [Listener at 0.0.0.0/36401] WARN  server.ServerUtils (ServerUtils.java:getDBPath(225)) - ozone.om.db.dirs is not configured. We recommend adding this setting. Falling back to ozone.metadata.dirs instead.
2021-01-15 07:28:22,475 [Listener at 0.0.0.0/36401] WARN  server.ServerUtils (ServerUtils.java:getDBPath(225)) - ozone.om.db.dirs is not configured. We recommend adding this setting. Falling back to ozone.metadata.dirs instead.
2021-01-15 07:28:22,482 [Listener at 0.0.0.0/36401] INFO  codec.OmKeyInfoCodec (OmKeyInfoCodec.java:<init>(41)) - OmKeyInfoCodec ignorePipeline = true
2021-01-15 07:28:22,489 [Listener at 0.0.0.0/36401] INFO  codec.RepeatedOmKeyInfoCodec (RepeatedOmKeyInfoCodec.java:<init>(40)) - RepeatedOmKeyInfoCodec ignorePipeline = true
2021-01-15 07:28:22,632 [Listener at 0.0.0.0/36401] INFO  om.OzoneManager (OzoneManager.java:addS3GVolumeToDB(3738)) - Created Volume s3v With Owner jenkins1001 required for S3Gateway operations.
2021-01-15 07:28:22,635 [Listener at 0.0.0.0/36401] WARN  server.ServerUtils (ServerUtils.java:getDefaultRatisDirectory(237)) - Storage directory for Ratis is not configured. It is a good idea to map this to an SSD disk. Falling back to ozone.metadata.dirs
2021-01-15 07:28:22,636 [Listener at 0.0.0.0/36401] WARN  ratis.OzoneManagerRatisServer (OzoneManagerRatisServer.java:getOMRatisSnapshotDirectory(638)) - ozone.om.ratis.snapshot.dir is not configured. Falling back to ozone.metadata.dirs config
2021-01-15 07:28:22,637 [Listener at 0.0.0.0/36401] INFO  snapshot.OzoneManagerSnapshotProvider (OzoneManagerSnapshotProvider.java:<init>(77)) - Initializing OM Snapshot Provider
2021-01-15 07:28:22,727 [Listener at 0.0.0.0/36401] INFO  metrics.MetricRegistries (MetricRegistriesLoader.java:load(64)) - Loaded MetricRegistries class org.apache.ratis.metrics.impl.MetricRegistriesImpl
2021-01-15 07:28:22,758 [Listener at 0.0.0.0/36401] WARN  server.ServerUtils (ServerUtils.java:getDefaultRatisDirectory(237)) - Storage directory for Ratis is not configured. It is a good idea to map this to an SSD disk. Falling back to ozone.metadata.dirs
2021-01-15 07:28:22,795 [Listener at 0.0.0.0/36401] INFO  ratis.OzoneManagerRatisServer (OzoneManagerRatisServer.java:<init>(280)) - Instantiating OM Ratis server with GroupID: om-service-test1 and Raft Peers: localhost:10092, localhost:10098, localhost:10104
2021-01-15 07:28:22,807 [Listener at 0.0.0.0/36401] INFO  ratis.OzoneManagerStateMachine (OzoneManagerStateMachine.java:loadSnapshotInfoFromDB(518)) - LastAppliedIndex is set from TransactionInfo from OM DB as (t:0, i:~)
2021-01-15 07:28:22,843 [Listener at 0.0.0.0/36401] INFO  server.RaftServer (ConfUtils.java:logGet(44)) - raft.rpc.type = GRPC (default)
2021-01-15 07:28:22,894 [Listener at 0.0.0.0/36401] INFO  grpc.GrpcFactory (GrpcFactory.java:checkPooledByteBufAllocatorUseCacheForAllThreads(48)) - PERFORMANCE WARNING: useCacheForAllThreads is true that may cause Netty to create a lot garbage objects and, as a result, trigger GC.
	It is recommended to disable useCacheForAllThreads by setting -Dorg.apache.ratis.thirdparty.io.netty.allocator.useCacheForAllThreads=false in command line.
2021-01-15 07:28:22,899 [Listener at 0.0.0.0/36401] INFO  grpc.GrpcConfigKeys (ConfUtils.java:logGet(44)) - raft.grpc.server.port = 10092 (custom)
2021-01-15 07:28:22,900 [Listener at 0.0.0.0/36401] INFO  server.GrpcService (ConfUtils.java:logGet(44)) - raft.grpc.message.size.max = 33554432 (custom)
2021-01-15 07:28:22,901 [Listener at 0.0.0.0/36401] INFO  server.RaftServerConfigKeys (ConfUtils.java:logGet(44)) - raft.server.log.appender.buffer.byte-limit = 33554432 (custom)
2021-01-15 07:28:22,902 [Listener at 0.0.0.0/36401] INFO  server.GrpcService (ConfUtils.java:logGet(44)) - raft.grpc.flow.control.window = 1MB (=1048576) (default)
2021-01-15 07:28:22,903 [Listener at 0.0.0.0/36401] INFO  server.RaftServerConfigKeys (ConfUtils.java:logGet(44)) - raft.server.rpc.request.timeout = 3000ms (default)
2021-01-15 07:28:23,052 [Listener at 0.0.0.0/36401] INFO  impl.DataStreamServerImpl (ConfUtils.java:logGet(44)) - raft.datastream.type = DISABLED (default)
2021-01-15 07:28:23,054 [Listener at 0.0.0.0/36401] INFO  server.RaftServerConfigKeys (ConfUtils.java:logGet(44)) - raft.server.rpc.slowness.timeout = 2s (custom)
2021-01-15 07:28:23,055 [Listener at 0.0.0.0/36401] INFO  server.RaftServerConfigKeys (ConfUtils.java:logGet(44)) - raft.server.leaderelection.leader.step-down.wait-time = 10s (default)
2021-01-15 07:28:23,065 [Listener at 0.0.0.0/36401] INFO  server.RaftServerConfigKeys (ConfUtils.java:logGet(44)) - raft.server.storage.dir = [/github/workspace/mnt/ozone/hadoop-ozone/integration-test/target/test-dir/MiniOzoneClusterImpl-f641cada-e66d-4460-aad4-b2880581a04d/omNode-1/ratis] (custom)
2021-01-15 07:28:23,071 [Listener at 0.0.0.0/36401] INFO  server.RaftServer (RaftServerProxy.java:addNew(95)) - omNode-1: addNew group-523986131536:[omNode-3|rpc:localhost:10104|priority:0, omNode-1|rpc:localhost:10092|priority:0, omNode-2|rpc:localhost:10098|priority:0] returns group-523986131536:java.util.concurrent.CompletableFuture@7dabbb4a[Not completed]
2021-01-15 07:28:23,072 [Listener at 0.0.0.0/36401] INFO  om.OzoneManager (OzoneManager.java:initializeRatisServer(1332)) - OzoneManager Ratis server initialized at port 10092
2021-01-15 07:28:23,083 [Listener at 0.0.0.0/36401] INFO  ipc.CallQueueManager (CallQueueManager.java:<init>(84)) - Using callQueue: class java.util.concurrent.LinkedBlockingQueue, queueCapacity: 2000, scheduler: class org.apache.hadoop.ipc.DefaultRpcScheduler, ipcBackoff: false.
2021-01-15 07:28:23,093 [pool-25-thread-1] INFO  server.RaftServer$Division (RaftServerImpl.java:<init>(179)) - omNode-1: new RaftServerImpl for group-523986131536:[omNode-3|rpc:localhost:10104|priority:0, omNode-1|rpc:localhost:10092|priority:0, omNode-2|rpc:localhost:10098|priority:0] with OzoneManagerStateMachine:uninitialized
2021-01-15 07:28:23,095 [pool-25-thread-1] INFO  server.RaftServerConfigKeys (ConfUtils.java:logGet(44)) - raft.server.rpc.timeout.min = 1s (custom)
2021-01-15 07:28:23,095 [pool-25-thread-1] INFO  server.RaftServerConfigKeys (ConfUtils.java:logGet(44)) - raft.server.rpc.timeout.max = 1200ms (custom)
2021-01-15 07:28:23,095 [pool-25-thread-1] INFO  server.RaftServerConfigKeys (ConfUtils.java:logGet(44)) - raft.server.rpc.sleep.time = 25ms (default)
2021-01-15 07:28:23,095 [pool-25-thread-1] INFO  server.RaftServerConfigKeys (ConfUtils.java:logGet(44)) - raft.server.rpc.slowness.timeout = 2s (custom)
2021-01-15 07:28:23,095 [pool-25-thread-1] INFO  server.RaftServerConfigKeys (ConfUtils.java:logGet(44)) - raft.server.leaderelection.leader.step-down.wait-time = 10s (default)
2021-01-15 07:28:23,096 [pool-25-thread-1] INFO  server.RaftServerConfigKeys (ConfUtils.java:logGet(44)) - raft.server.sleep.deviation.threshold = 300ms (default)
2021-01-15 07:28:23,096 [pool-25-thread-1] INFO  server.RaftServerConfigKeys (ConfUtils.java:logGet(44)) - raft.server.log.appender.install.snapshot.enabled = false (custom)
2021-01-15 07:28:23,098 [Socket Reader #1 for port 10088] INFO  ipc.Server (Server.java:run(1219)) - Starting Socket Reader #1 for port 10088
2021-01-15 07:28:23,101 [pool-25-thread-1] INFO  server.RaftServer$Division (ServerState.java:<init>(103)) - omNode-1@group-523986131536: ConfigurationManager, init=-1: [omNode-3|rpc:localhost:10104|priority:0, omNode-1|rpc:localhost:10092|priority:0, omNode-2|rpc:localhost:10098|priority:0], old=null, confs=<EMPTY_MAP>
2021-01-15 07:28:23,102 [pool-25-thread-1] INFO  server.RaftServerConfigKeys (ConfUtils.java:logGet(44)) - raft.server.storage.dir = [/github/workspace/mnt/ozone/hadoop-ozone/integration-test/target/test-dir/MiniOzoneClusterImpl-f641cada-e66d-4460-aad4-b2880581a04d/omNode-1/ratis] (custom)
2021-01-15 07:28:23,106 [pool-25-thread-1] INFO  server.RaftServerConfigKeys (ConfUtils.java:logGet(44)) - raft.server.log.corruption.policy = EXCEPTION (default)
2021-01-15 07:28:23,120 [pool-25-thread-1] INFO  storage.RaftStorageDirectory (RaftStorageDirectoryImpl.java:analyzeStorage(132)) - The storage directory /github/workspace/mnt/ozone/hadoop-ozone/integration-test/target/test-dir/MiniOzoneClusterImpl-f641cada-e66d-4460-aad4-b2880581a04d/omNode-1/ratis/c9bc4cf4-3bc3-3c60-a66b-523986131536 does not exist. Creating ...
2021-01-15 07:28:23,130 [Listener at 127.0.0.1/10088] INFO  impl.MetricsSystemImpl (MetricsSystemImpl.java:init(158)) - OzoneManager metrics system started (again)
2021-01-15 07:28:23,132 [pool-25-thread-1] INFO  storage.RaftStorageDirectory (RaftStorageDirectoryImpl.java:tryLock(215)) - Lock on /github/workspace/mnt/ozone/hadoop-ozone/integration-test/target/test-dir/MiniOzoneClusterImpl-f641cada-e66d-4460-aad4-b2880581a04d/omNode-1/ratis/c9bc4cf4-3bc3-3c60-a66b-523986131536/in_use.lock acquired by nodename 10613@80870765a40b
2021-01-15 07:28:23,135 [Listener at 127.0.0.1/10088] INFO  om.OzoneManager (OzoneManager.java:start(1160)) - OzoneManager RPC server is listening at localhost/127.0.0.1:10088
2021-01-15 07:28:23,138 [Listener at 127.0.0.1/10088] INFO  ratis.OzoneManagerRatisServer (OzoneManagerRatisServer.java:start(377)) - Starting OzoneManagerRatisServer omNode-1 at port 10092
2021-01-15 07:28:23,138 [pool-25-thread-1] INFO  storage.RaftStorage (RaftStorageImpl.java:format(87)) - Storage directory /github/workspace/mnt/ozone/hadoop-ozone/integration-test/target/test-dir/MiniOzoneClusterImpl-f641cada-e66d-4460-aad4-b2880581a04d/omNode-1/ratis/c9bc4cf4-3bc3-3c60-a66b-523986131536 has been successfully formatted.
2021-01-15 07:28:23,140 [pool-25-thread-1] ERROR storage.RaftStorage (RaftStorageImpl.java:readRaftConfiguration(147)) - Failed reading configuration from file:/github/workspace/mnt/ozone/hadoop-ozone/integration-test/target/test-dir/MiniOzoneClusterImpl-f641cada-e66d-4460-aad4-b2880581a04d/omNode-1/ratis/c9bc4cf4-3bc3-3c60-a66b-523986131536/current/raft-meta.conf
java.io.FileNotFoundException: /github/workspace/mnt/ozone/hadoop-ozone/integration-test/target/test-dir/MiniOzoneClusterImpl-f641cada-e66d-4460-aad4-b2880581a04d/omNode-1/ratis/c9bc4cf4-3bc3-3c60-a66b-523986131536/current/raft-meta.conf (No such file or directory)
	at java.io.FileInputStream.open0(Native Method)
	at java.io.FileInputStream.open(FileInputStream.java:195)
	at java.io.FileInputStream.<init>(FileInputStream.java:138)
	at org.apache.ratis.server.storage.RaftStorageImpl.readRaftConfiguration(RaftStorageImpl.java:143)
	at org.apache.ratis.server.impl.ServerState.<init>(ServerState.java:113)
	at org.apache.ratis.server.impl.RaftServerImpl.<init>(RaftServerImpl.java:192)
	at org.apache.ratis.server.impl.RaftServerProxy.lambda$newRaftServerImpl$4(RaftServerProxy.java:266)
	at java.util.concurrent.CompletableFuture$AsyncSupply.run(CompletableFuture.java:1604)
	at java.util.concurrent.ThreadPoolExecutor.runWorker(ThreadPoolExecutor.java:1149)
	at java.util.concurrent.ThreadPoolExecutor$Worker.run(ThreadPoolExecutor.java:624)
	at java.lang.Thread.run(Thread.java:748)
2021-01-15 07:28:23,142 [pool-25-thread-1] INFO  server.RaftServerConfigKeys (ConfUtils.java:logGet(44)) - raft.server.notification.no-leader.timeout = 2s (custom)
2021-01-15 07:28:23,144 [pool-25-thread-1] INFO  server.RaftServerConfigKeys (ConfUtils.java:logGet(44)) - raft.server.log.use.memory = false (default)
2021-01-15 07:28:23,152 [pool-25-thread-1] INFO  server.RaftServerConfigKeys (ConfUtils.java:logGet(44)) - raft.server.log.purge.gap = 50 (custom)
2021-01-15 07:28:23,152 [pool-25-thread-1] INFO  server.RaftServerConfigKeys (ConfUtils.java:logGet(44)) - raft.server.log.appender.buffer.byte-limit = 33554432 (custom)
2021-01-15 07:28:23,156 [pool-25-thread-1] INFO  metrics.RatisMetrics (RatisMetrics.java:lambda$create$0(36)) - Creating Metrics Registry : ratis.log_worker.omNode-1@group-523986131536
2021-01-15 07:28:23,163 [pool-25-thread-1] INFO  server.RaftServerConfigKeys (ConfUtils.java:logGet(44)) - raft.server.log.segment.size.max = 4194304 (custom)
2021-01-15 07:28:23,169 [pool-25-thread-1] INFO  server.RaftServerConfigKeys (ConfUtils.java:logGet(44)) - raft.server.log.segment.cache.num.max = 2 (custom)
2021-01-15 07:28:23,169 [pool-25-thread-1] INFO  server.RaftServerConfigKeys (ConfUtils.java:logGet(44)) - raft.server.log.segment.cache.size.max = 200MB (=209715200) (default)
2021-01-15 07:28:23,204 [pool-25-thread-1] INFO  segmented.SegmentedRaftLogWorker (SegmentedRaftLogWorker.java:<init>(181)) - new omNode-1@group-523986131536-SegmentedRaftLogWorker for RaftStorageImpl:Storage Directory /github/workspace/mnt/ozone/hadoop-ozone/integration-test/target/test-dir/MiniOzoneClusterImpl-f641cada-e66d-4460-aad4-b2880581a04d/omNode-1/ratis/c9bc4cf4-3bc3-3c60-a66b-523986131536
2021-01-15 07:28:23,204 [pool-25-thread-1] INFO  server.RaftServerConfigKeys (ConfUtils.java:logGet(44)) - raft.server.log.queue.byte-limit = 64MB (=67108864) (default)
2021-01-15 07:28:23,205 [pool-25-thread-1] INFO  server.RaftServerConfigKeys (ConfUtils.java:logGet(44)) - raft.server.log.queue.element-limit = 4096 (default)
2021-01-15 07:28:23,206 [pool-25-thread-1] INFO  server.RaftServerConfigKeys (ConfUtils.java:logGet(44)) - raft.server.log.segment.size.max = 4194304 (custom)
2021-01-15 07:28:23,206 [pool-25-thread-1] INFO  server.RaftServerConfigKeys (ConfUtils.java:logGet(44)) - raft.server.log.preallocated.size = 4194304 (custom)
2021-01-15 07:28:23,206 [pool-25-thread-1] INFO  server.RaftServerConfigKeys (ConfUtils.java:logGet(44)) - raft.server.log.force.sync.num = 128 (default)
2021-01-15 07:28:23,208 [pool-25-thread-1] INFO  server.RaftServerConfigKeys (ConfUtils.java:logGet(44)) - raft.server.log.statemachine.data.sync = true (default)
2021-01-15 07:28:23,208 [pool-25-thread-1] INFO  server.RaftServerConfigKeys (ConfUtils.java:logGet(44)) - raft.server.log.statemachine.data.sync.timeout = 10s (default)
2021-01-15 07:28:23,208 [pool-25-thread-1] INFO  server.RaftServerConfigKeys (ConfUtils.java:logGet(44)) - raft.server.log.statemachine.data.sync.timeout.retry = -1 (default)
2021-01-15 07:28:23,216 [pool-25-thread-1] INFO  server.RaftServerConfigKeys (ConfUtils.java:logGet(44)) - raft.server.log.write.buffer.size = 64KB (=65536) (default)
2021-01-15 07:28:23,216 [pool-25-thread-1] INFO  server.RaftServerConfigKeys (ConfUtils.java:logGet(44)) - raft.server.log.statemachine.data.caching.enabled = false (default)
2021-01-15 07:28:23,222 [pool-25-thread-1] INFO  segmented.SegmentedRaftLogWorker (SegmentedRaftLogWorker.java:lambda$new$0(132)) - omNode-1@group-523986131536-SegmentedRaftLogWorker: flushIndex: setUnconditionally 0 -> -1
2021-01-15 07:28:23,222 [pool-25-thread-1] INFO  segmented.SegmentedRaftLogWorker (SegmentedRaftLogWorker.java:lambda$new$0(132)) - omNode-1@group-523986131536-SegmentedRaftLogWorker: safeCacheEvictIndex: setUnconditionally 0 -> -1
2021-01-15 07:28:23,226 [pool-25-thread-1] INFO  server.RaftServerConfigKeys (ConfUtils.java:logGet(44)) - raft.server.snapshot.auto.trigger.enabled = true (custom)
2021-01-15 07:28:23,227 [pool-25-thread-1] INFO  server.RaftServerConfigKeys (ConfUtils.java:logGet(44)) - raft.server.snapshot.auto.trigger.threshold = 50 (custom)
2021-01-15 07:28:23,227 [pool-25-thread-1] INFO  server.RaftServerConfigKeys (ConfUtils.java:logGet(44)) - raft.server.snapshot.retention.file.num = -1 (default)
2021-01-15 07:28:23,228 [pool-25-thread-1] INFO  server.RaftServerConfigKeys (ConfUtils.java:logGet(44)) - raft.server.log.purge.upto.snapshot.index = true (custom)
2021-01-15 07:28:23,229 [pool-25-thread-1] INFO  server.RaftServerConfigKeys (ConfUtils.java:logGet(44)) - raft.server.retrycache.expirytime = 300s (custom)
2021-01-15 07:28:23,229 [pool-25-thread-1] INFO  server.RaftServerConfigKeys (ConfUtils.java:logGet(44)) - raft.server.retrycache.statistics.expirytime = 100?s (default)
2021-01-15 07:28:23,246 [pool-25-thread-1] INFO  metrics.RatisMetrics (RatisMetrics.java:lambda$create$0(36)) - Creating Metrics Registry : ratis.leader_election.omNode-1@group-523986131536
2021-01-15 07:28:23,249 [pool-25-thread-1] INFO  metrics.RatisMetrics (RatisMetrics.java:lambda$create$0(36)) - Creating Metrics Registry : ratis.server.omNode-1@group-523986131536
2021-01-15 07:28:23,255 [Listener at 127.0.0.1/10088] INFO  server.RaftServer$Division (RaftServerImpl.java:start(294)) - omNode-1@group-523986131536: start as a follower, conf=-1: [omNode-3|rpc:localhost:10104|priority:0, omNode-1|rpc:localhost:10092|priority:0, omNode-2|rpc:localhost:10098|priority:0], old=null
2021-01-15 07:28:23,257 [Listener at 127.0.0.1/10088] INFO  server.RaftServer$Division (RaftServerImpl.java:setRole(283)) - omNode-1@group-523986131536: changes role from      null to FOLLOWER at term 0 for startAsFollower
2021-01-15 07:28:23,258 [Listener at 127.0.0.1/10088] INFO  impl.RoleInfo (RoleInfo.java:updateAndGet(130)) - omNode-1: start omNode-1@group-523986131536-FollowerState
2021-01-15 07:28:23,259 [Listener at 127.0.0.1/10088] INFO  util.JmxRegister (JmxRegister.java:tryRegister(44)) - Successfully registered JMX Bean with object name Ratis:service=RaftServer,group=group-523986131536,id=omNode-1
2021-01-15 07:28:23,260 [Listener at 127.0.0.1/10088] INFO  metrics.RatisMetrics (RatisMetrics.java:lambda$create$0(36)) - Creating Metrics Registry : ratis.state_machine.omNode-1@group-523986131536
2021-01-15 07:28:23,267 [Listener at 127.0.0.1/10088] INFO  server.RaftServer (RaftServerProxy.java:lambda$start$5(372)) - omNode-1: start RPC server
2021-01-15 07:28:23,312 [Listener at 127.0.0.1/10088] INFO  server.GrpcService (GrpcService.java:startImpl(176)) - omNode-1: GrpcService started, listening on 0.0.0.0/0.0.0.0:10092
2021-01-15 07:28:23,316 [org.apache.ratis.util.JvmPauseMonitor$$Lambda$305/117534431@198a8578] INFO  util.JvmPauseMonitor (JvmPauseMonitor.java:run(103)) - JvmPauseMonitor-omNode-1: Started
2021-01-15 07:28:23,331 [Listener at 127.0.0.1/10088] INFO  http.BaseHttpServer (BaseHttpServer.java:newHttpServer2BuilderForOzone(207)) - Starting Web-server for ozoneManager at: http://0.0.0.0:10090
2021-01-15 07:28:23,331 [Listener at 127.0.0.1/10088] INFO  http.BaseHttpServer (BaseHttpServer.java:<init>(106)) - Hadoop Security Enabled: false Ozone Security Enabled: false Ozone HTTP Security Enabled: false 
2021-01-15 07:28:23,332 [Listener at 127.0.0.1/10088] INFO  server.AuthenticationFilter (AuthenticationFilter.java:constructSecretProvider(240)) - Unable to initialize FileSignerSecretProvider, falling back to use random secrets.
2021-01-15 07:28:23,334 [Listener at 127.0.0.1/10088] WARN  http.HttpRequestLog (HttpRequestLog.java:getRequestLog(103)) - Jetty request log can only be enabled using Log4j
2021-01-15 07:28:23,337 [Listener at 127.0.0.1/10088] INFO  http.HttpServer2 (HttpServer2.java:addGlobalFilter(1020)) - Added global filter 'safety' (class=org.apache.hadoop.hdds.server.http.HttpServer2$QuotingInputFilter)
2021-01-15 07:28:23,338 [Listener at 127.0.0.1/10088] INFO  http.HttpServer2 (HttpServer2.java:addFilter(996)) - Added filter static_user_filter (class=org.apache.hadoop.http.lib.StaticUserWebFilter$StaticUserFilter) to context ozoneManager
2021-01-15 07:28:23,340 [Listener at 127.0.0.1/10088] INFO  http.HttpServer2 (HttpServer2.java:addFilter(1004)) - Added filter static_user_filter (class=org.apache.hadoop.http.lib.StaticUserWebFilter$StaticUserFilter) to context static
2021-01-15 07:28:23,340 [Listener at 127.0.0.1/10088] INFO  http.HttpServer2 (HttpServer2.java:addFilter(1004)) - Added filter static_user_filter (class=org.apache.hadoop.http.lib.StaticUserWebFilter$StaticUserFilter) to context logs
2021-01-15 07:28:23,344 [Listener at 127.0.0.1/10088] INFO  http.HttpServer2 (HttpServer2.java:bindListener(1238)) - Jetty bound to port 10090
2021-01-15 07:28:23,345 [Listener at 127.0.0.1/10088] INFO  server.Server (Server.java:doStart(375)) - jetty-9.4.34.v20201102; built: 2020-11-02T14:15:39.302Z; git: e46af88704a893fc12cb0e3bf46e2c7b48a009e7; jvm 1.8.0_232-b09
2021-01-15 07:28:23,351 [Listener at 127.0.0.1/10088] INFO  server.session (DefaultSessionIdManager.java:doStart(334)) - DefaultSessionIdManager workerName=node0
2021-01-15 07:28:23,351 [Listener at 127.0.0.1/10088] INFO  server.session (DefaultSessionIdManager.java:doStart(339)) - No SessionScavenger set, using defaults
2021-01-15 07:28:23,351 [Listener at 127.0.0.1/10088] INFO  server.session (HouseKeeper.java:startScavenging(132)) - node0 Scavenging every 600000ms
2021-01-15 07:28:23,352 [Listener at 127.0.0.1/10088] INFO  handler.ContextHandler (ContextHandler.java:doStart(916)) - Started o.e.j.s.ServletContextHandler@775c0aa6{logs,/logs,file:///github/workspace/mnt/ozone/hadoop-ozone/integration-test/target/log,AVAILABLE}
2021-01-15 07:28:23,352 [Listener at 127.0.0.1/10088] INFO  handler.ContextHandler (ContextHandler.java:doStart(916)) - Started o.e.j.s.ServletContextHandler@248be0ee{static,/static,file:///github/workspace/mnt/ozone/hadoop-ozone/integration-test/target/test-classes/webapps/static,AVAILABLE}
2021-01-15 07:28:23,356 [Listener at 127.0.0.1/10088] INFO  handler.ContextHandler (ContextHandler.java:doStart(916)) - Started o.e.j.w.WebAppContext@690fc515{ozoneManager,/,file:///github/workspace/mnt/ozone/hadoop-ozone/integration-test/target/test-classes/webapps/ozoneManager/,AVAILABLE}{file:/github/workspace/mnt/ozone/hadoop-ozone/integration-test/target/test-classes/webapps/ozoneManager}
2021-01-15 07:28:23,357 [Listener at 127.0.0.1/10088] INFO  server.AbstractConnector (AbstractConnector.java:doStart(331)) - Started ServerConnector@2c2f45a7{HTTP/1.1, (http/1.1)}{0.0.0.0:10090}
2021-01-15 07:28:23,359 [Listener at 127.0.0.1/10088] INFO  server.Server (Server.java:doStart(415)) - Started @4422ms
2021-01-15 07:28:23,359 [Listener at 127.0.0.1/10088] WARN  impl.MetricsSystemImpl (MetricsSystemImpl.java:register(276)) - Sink prometheus already exists!
2021-01-15 07:28:23,362 [Listener at 127.0.0.1/10088] INFO  http.BaseHttpServer (BaseHttpServer.java:updateConnectorAddress(327)) - HTTP server of ozoneManager listening at http://0.0.0.0:10090
2021-01-15 07:28:23,362 [IPC Server Responder] INFO  ipc.Server (Server.java:run(1460)) - IPC Server Responder: starting
2021-01-15 07:28:23,362 [IPC Server listener on 10088] INFO  ipc.Server (Server.java:run(1298)) - IPC Server listener on 10088: starting
2021-01-15 07:28:23,367 [Listener at 127.0.0.1/10088] INFO  om.OzoneManager (OzoneManager.java:startTrashEmptier(1281)) - Trash Interval set to 0. Files deleted will not move to trash
2021-01-15 07:28:23,368 [Listener at 127.0.0.1/10088] INFO  ozone.MiniOzoneHAClusterImpl (MiniOzoneHAClusterImpl.java:createOMService(380)) - Started OzoneManager RPC server at localhost/127.0.0.1:10088
2021-01-15 07:28:23,369 [Listener at 127.0.0.1/10088] WARN  server.ServerUtils (ServerUtils.java:getDBPath(225)) - ozone.om.db.dirs is not configured. We recommend adding this setting. Falling back to ozone.metadata.dirs instead.
2021-01-15 07:28:23,374 [Listener at 127.0.0.1/10088] INFO  ha.OMHANodeDetails (OMHANodeDetails.java:loadOMHAConfig(110)) - ServiceID for OzoneManager is om-service-test1
2021-01-15 07:28:23,375 [Listener at 127.0.0.1/10088] INFO  ha.OMHANodeDetails (OMHANodeDetails.java:loadOMHAConfig(186)) - Found matching OM address with OMServiceId: om-service-test1, OMNodeId: omNode-2, RPC Address: localhost:10094 and Ratis port: 10098
2021-01-15 07:28:23,375 [Listener at 127.0.0.1/10088] INFO  ha.OMHANodeDetails (OMHANodeDetails.java:setOMNodeSpecificConfigs(311)) - Setting configuration key ozone.om.http-address with value of key ozone.om.http-address.omNode-2: 127.0.0.1:10096
2021-01-15 07:28:23,375 [Listener at 127.0.0.1/10088] INFO  ha.OMHANodeDetails (OMHANodeDetails.java:setOMNodeSpecificConfigs(311)) - Setting configuration key ozone.om.https-address with value of key ozone.om.https-address.omNode-2: 127.0.0.1:10097
2021-01-15 07:28:23,375 [Listener at 127.0.0.1/10088] INFO  ha.OMHANodeDetails (OMHANodeDetails.java:setOMNodeSpecificConfigs(311)) - Setting configuration key ozone.om.address with value of key ozone.om.address.omNode-2: 127.0.0.1:10094
2021-01-15 07:28:23,375 [Listener at 127.0.0.1/10088] WARN  server.ServerUtils (ServerUtils.java:getDBPath(225)) - ozone.om.db.dirs is not configured. We recommend adding this setting. Falling back to ozone.metadata.dirs instead.
2021-01-15 07:28:23,375 [Listener at 127.0.0.1/10088] WARN  server.ServerUtils (ServerUtils.java:getDBPath(225)) - ozone.om.db.dirs is not configured. We recommend adding this setting. Falling back to ozone.metadata.dirs instead.
2021-01-15 07:28:23,377 [org.apache.hadoop.util.JvmPauseMonitor$Monitor@1b49ddbf] INFO  util.JvmPauseMonitor (JvmPauseMonitor.java:run(188)) - Starting JVM pause monitor
2021-01-15 07:28:23,378 [Listener at 127.0.0.1/10088] WARN  server.ServerUtils (ServerUtils.java:getDBPath(225)) - ozone.om.db.dirs is not configured. We recommend adding this setting. Falling back to ozone.metadata.dirs instead.
2021-01-15 07:28:23,379 [Listener at 127.0.0.1/10088] INFO  codec.OmKeyInfoCodec (OmKeyInfoCodec.java:<init>(41)) - OmKeyInfoCodec ignorePipeline = true
2021-01-15 07:28:23,379 [Listener at 127.0.0.1/10088] INFO  codec.RepeatedOmKeyInfoCodec (RepeatedOmKeyInfoCodec.java:<init>(40)) - RepeatedOmKeyInfoCodec ignorePipeline = true
2021-01-15 07:28:23,421 [Listener at 127.0.0.1/10088] INFO  om.OzoneManager (OzoneManager.java:addS3GVolumeToDB(3738)) - Created Volume s3v With Owner jenkins1001 required for S3Gateway operations.
2021-01-15 07:28:23,421 [Listener at 127.0.0.1/10088] WARN  server.ServerUtils (ServerUtils.java:getDefaultRatisDirectory(237)) - Storage directory for Ratis is not configured. It is a good idea to map this to an SSD disk. Falling back to ozone.metadata.dirs
2021-01-15 07:28:23,421 [Listener at 127.0.0.1/10088] WARN  ratis.OzoneManagerRatisServer (OzoneManagerRatisServer.java:getOMRatisSnapshotDirectory(638)) - ozone.om.ratis.snapshot.dir is not configured. Falling back to ozone.metadata.dirs config
2021-01-15 07:28:23,421 [Listener at 127.0.0.1/10088] INFO  snapshot.OzoneManagerSnapshotProvider (OzoneManagerSnapshotProvider.java:<init>(77)) - Initializing OM Snapshot Provider
2021-01-15 07:28:23,422 [Listener at 127.0.0.1/10088] WARN  server.ServerUtils (ServerUtils.java:getDefaultRatisDirectory(237)) - Storage directory for Ratis is not configured. It is a good idea to map this to an SSD disk. Falling back to ozone.metadata.dirs
2021-01-15 07:28:23,424 [Listener at 127.0.0.1/10088] INFO  ratis.OzoneManagerRatisServer (OzoneManagerRatisServer.java:<init>(280)) - Instantiating OM Ratis server with GroupID: om-service-test1 and Raft Peers: localhost:10098, localhost:10092, localhost:10104
2021-01-15 07:28:23,424 [Listener at 127.0.0.1/10088] INFO  ratis.OzoneManagerStateMachine (OzoneManagerStateMachine.java:loadSnapshotInfoFromDB(518)) - LastAppliedIndex is set from TransactionInfo from OM DB as (t:0, i:~)
2021-01-15 07:28:23,425 [Listener at 127.0.0.1/10088] INFO  server.RaftServer (ConfUtils.java:logGet(44)) - raft.rpc.type = GRPC (default)
2021-01-15 07:28:23,425 [Listener at 127.0.0.1/10088] INFO  grpc.GrpcFactory (GrpcFactory.java:checkPooledByteBufAllocatorUseCacheForAllThreads(48)) - PERFORMANCE WARNING: useCacheForAllThreads is true that may cause Netty to create a lot garbage objects and, as a result, trigger GC.
	It is recommended to disable useCacheForAllThreads by setting -Dorg.apache.ratis.thirdparty.io.netty.allocator.useCacheForAllThreads=false in command line.
2021-01-15 07:28:23,425 [Listener at 127.0.0.1/10088] INFO  grpc.GrpcConfigKeys (ConfUtils.java:logGet(44)) - raft.grpc.server.port = 10098 (custom)
2021-01-15 07:28:23,425 [Listener at 127.0.0.1/10088] INFO  server.GrpcService (ConfUtils.java:logGet(44)) - raft.grpc.message.size.max = 33554432 (custom)
2021-01-15 07:28:23,425 [Listener at 127.0.0.1/10088] INFO  server.RaftServerConfigKeys (ConfUtils.java:logGet(44)) - raft.server.log.appender.buffer.byte-limit = 33554432 (custom)
2021-01-15 07:28:23,425 [Listener at 127.0.0.1/10088] INFO  server.GrpcService (ConfUtils.java:logGet(44)) - raft.grpc.flow.control.window = 1MB (=1048576) (default)
2021-01-15 07:28:23,426 [Listener at 127.0.0.1/10088] INFO  server.RaftServerConfigKeys (ConfUtils.java:logGet(44)) - raft.server.rpc.request.timeout = 3000ms (default)
2021-01-15 07:28:23,427 [Listener at 127.0.0.1/10088] INFO  impl.DataStreamServerImpl (ConfUtils.java:logGet(44)) - raft.datastream.type = DISABLED (default)
2021-01-15 07:28:23,427 [Listener at 127.0.0.1/10088] INFO  server.RaftServerConfigKeys (ConfUtils.java:logGet(44)) - raft.server.rpc.slowness.timeout = 2s (custom)
2021-01-15 07:28:23,427 [Listener at 127.0.0.1/10088] INFO  server.RaftServerConfigKeys (ConfUtils.java:logGet(44)) - raft.server.leaderelection.leader.step-down.wait-time = 10s (default)
2021-01-15 07:28:23,427 [Listener at 127.0.0.1/10088] INFO  server.RaftServerConfigKeys (ConfUtils.java:logGet(44)) - raft.server.storage.dir = [/github/workspace/mnt/ozone/hadoop-ozone/integration-test/target/test-dir/MiniOzoneClusterImpl-f641cada-e66d-4460-aad4-b2880581a04d/omNode-2/ratis] (custom)
2021-01-15 07:28:23,428 [Listener at 127.0.0.1/10088] INFO  server.RaftServer (RaftServerProxy.java:addNew(95)) - omNode-2: addNew group-523986131536:[omNode-3|rpc:localhost:10104|priority:0, omNode-1|rpc:localhost:10092|priority:0, omNode-2|rpc:localhost:10098|priority:0] returns group-523986131536:java.util.concurrent.CompletableFuture@65a12f3e[Not completed]
2021-01-15 07:28:23,428 [Listener at 127.0.0.1/10088] INFO  om.OzoneManager (OzoneManager.java:initializeRatisServer(1332)) - OzoneManager Ratis server initialized at port 10098
2021-01-15 07:28:23,429 [Listener at 127.0.0.1/10088] INFO  ipc.CallQueueManager (CallQueueManager.java:<init>(84)) - Using callQueue: class java.util.concurrent.LinkedBlockingQueue, queueCapacity: 2000, scheduler: class org.apache.hadoop.ipc.DefaultRpcScheduler, ipcBackoff: false.
2021-01-15 07:28:23,430 [pool-42-thread-1] INFO  server.RaftServer$Division (RaftServerImpl.java:<init>(179)) - omNode-2: new RaftServerImpl for group-523986131536:[omNode-3|rpc:localhost:10104|priority:0, omNode-1|rpc:localhost:10092|priority:0, omNode-2|rpc:localhost:10098|priority:0] with OzoneManagerStateMachine:uninitialized
2021-01-15 07:28:23,430 [pool-42-thread-1] INFO  server.RaftServerConfigKeys (ConfUtils.java:logGet(44)) - raft.server.rpc.timeout.min = 1s (custom)
2021-01-15 07:28:23,430 [pool-42-thread-1] INFO  server.RaftServerConfigKeys (ConfUtils.java:logGet(44)) - raft.server.rpc.timeout.max = 1200ms (custom)
2021-01-15 07:28:23,430 [pool-42-thread-1] INFO  server.RaftServerConfigKeys (ConfUtils.java:logGet(44)) - raft.server.rpc.sleep.time = 25ms (default)
2021-01-15 07:28:23,430 [pool-42-thread-1] INFO  server.RaftServerConfigKeys (ConfUtils.java:logGet(44)) - raft.server.rpc.slowness.timeout = 2s (custom)
2021-01-15 07:28:23,431 [pool-42-thread-1] INFO  server.RaftServerConfigKeys (ConfUtils.java:logGet(44)) - raft.server.leaderelection.leader.step-down.wait-time = 10s (default)
2021-01-15 07:28:23,431 [pool-42-thread-1] INFO  server.RaftServerConfigKeys (ConfUtils.java:logGet(44)) - raft.server.sleep.deviation.threshold = 300ms (default)
2021-01-15 07:28:23,431 [pool-42-thread-1] INFO  server.RaftServerConfigKeys (ConfUtils.java:logGet(44)) - raft.server.log.appender.install.snapshot.enabled = false (custom)
2021-01-15 07:28:23,431 [pool-42-thread-1] INFO  server.RaftServer$Division (ServerState.java:<init>(103)) - omNode-2@group-523986131536: ConfigurationManager, init=-1: [omNode-3|rpc:localhost:10104|priority:0, omNode-1|rpc:localhost:10092|priority:0, omNode-2|rpc:localhost:10098|priority:0], old=null, confs=<EMPTY_MAP>
2021-01-15 07:28:23,431 [pool-42-thread-1] INFO  server.RaftServerConfigKeys (ConfUtils.java:logGet(44)) - raft.server.storage.dir = [/github/workspace/mnt/ozone/hadoop-ozone/integration-test/target/test-dir/MiniOzoneClusterImpl-f641cada-e66d-4460-aad4-b2880581a04d/omNode-2/ratis] (custom)
2021-01-15 07:28:23,431 [pool-42-thread-1] INFO  server.RaftServerConfigKeys (ConfUtils.java:logGet(44)) - raft.server.log.corruption.policy = EXCEPTION (default)
2021-01-15 07:28:23,431 [pool-42-thread-1] INFO  storage.RaftStorageDirectory (RaftStorageDirectoryImpl.java:analyzeStorage(132)) - The storage directory /github/workspace/mnt/ozone/hadoop-ozone/integration-test/target/test-dir/MiniOzoneClusterImpl-f641cada-e66d-4460-aad4-b2880581a04d/omNode-2/ratis/c9bc4cf4-3bc3-3c60-a66b-523986131536 does not exist. Creating ...
2021-01-15 07:28:23,432 [Socket Reader #1 for port 10094] INFO  ipc.Server (Server.java:run(1219)) - Starting Socket Reader #1 for port 10094
2021-01-15 07:28:23,435 [pool-42-thread-1] INFO  storage.RaftStorageDirectory (RaftStorageDirectoryImpl.java:tryLock(215)) - Lock on /github/workspace/mnt/ozone/hadoop-ozone/integration-test/target/test-dir/MiniOzoneClusterImpl-f641cada-e66d-4460-aad4-b2880581a04d/omNode-2/ratis/c9bc4cf4-3bc3-3c60-a66b-523986131536/in_use.lock acquired by nodename 10613@80870765a40b
2021-01-15 07:28:23,439 [pool-42-thread-1] INFO  storage.RaftStorage (RaftStorageImpl.java:format(87)) - Storage directory /github/workspace/mnt/ozone/hadoop-ozone/integration-test/target/test-dir/MiniOzoneClusterImpl-f641cada-e66d-4460-aad4-b2880581a04d/omNode-2/ratis/c9bc4cf4-3bc3-3c60-a66b-523986131536 has been successfully formatted.
2021-01-15 07:28:23,439 [pool-42-thread-1] ERROR storage.RaftStorage (RaftStorageImpl.java:readRaftConfiguration(147)) - Failed reading configuration from file:/github/workspace/mnt/ozone/hadoop-ozone/integration-test/target/test-dir/MiniOzoneClusterImpl-f641cada-e66d-4460-aad4-b2880581a04d/omNode-2/ratis/c9bc4cf4-3bc3-3c60-a66b-523986131536/current/raft-meta.conf
java.io.FileNotFoundException: /github/workspace/mnt/ozone/hadoop-ozone/integration-test/target/test-dir/MiniOzoneClusterImpl-f641cada-e66d-4460-aad4-b2880581a04d/omNode-2/ratis/c9bc4cf4-3bc3-3c60-a66b-523986131536/current/raft-meta.conf (No such file or directory)
	at java.io.FileInputStream.open0(Native Method)
	at java.io.FileInputStream.open(FileInputStream.java:195)
	at java.io.FileInputStream.<init>(FileInputStream.java:138)
	at org.apache.ratis.server.storage.RaftStorageImpl.readRaftConfiguration(RaftStorageImpl.java:143)
	at org.apache.ratis.server.impl.ServerState.<init>(ServerState.java:113)
	at org.apache.ratis.server.impl.RaftServerImpl.<init>(RaftServerImpl.java:192)
	at org.apache.ratis.server.impl.RaftServerProxy.lambda$newRaftServerImpl$4(RaftServerProxy.java:266)
	at java.util.concurrent.CompletableFuture$AsyncSupply.run(CompletableFuture.java:1604)
	at java.util.concurrent.ThreadPoolExecutor.runWorker(ThreadPoolExecutor.java:1149)
	at java.util.concurrent.ThreadPoolExecutor$Worker.run(ThreadPoolExecutor.java:624)
	at java.lang.Thread.run(Thread.java:748)
2021-01-15 07:28:23,440 [pool-42-thread-1] INFO  server.RaftServerConfigKeys (ConfUtils.java:logGet(44)) - raft.server.notification.no-leader.timeout = 2s (custom)
2021-01-15 07:28:23,440 [pool-42-thread-1] INFO  server.RaftServerConfigKeys (ConfUtils.java:logGet(44)) - raft.server.log.use.memory = false (default)
2021-01-15 07:28:23,440 [pool-42-thread-1] INFO  server.RaftServerConfigKeys (ConfUtils.java:logGet(44)) - raft.server.log.purge.gap = 50 (custom)
2021-01-15 07:28:23,440 [pool-42-thread-1] INFO  server.RaftServerConfigKeys (ConfUtils.java:logGet(44)) - raft.server.log.appender.buffer.byte-limit = 33554432 (custom)
2021-01-15 07:28:23,440 [pool-42-thread-1] INFO  metrics.RatisMetrics (RatisMetrics.java:lambda$create$0(36)) - Creating Metrics Registry : ratis.log_worker.omNode-2@group-523986131536
2021-01-15 07:28:23,440 [pool-42-thread-1] INFO  server.RaftServerConfigKeys (ConfUtils.java:logGet(44)) - raft.server.log.segment.size.max = 4194304 (custom)
2021-01-15 07:28:23,441 [pool-42-thread-1] INFO  server.RaftServerConfigKeys (ConfUtils.java:logGet(44)) - raft.server.log.segment.cache.num.max = 2 (custom)
2021-01-15 07:28:23,441 [pool-42-thread-1] INFO  server.RaftServerConfigKeys (ConfUtils.java:logGet(44)) - raft.server.log.segment.cache.size.max = 200MB (=209715200) (default)
2021-01-15 07:28:23,441 [pool-42-thread-1] INFO  segmented.SegmentedRaftLogWorker (SegmentedRaftLogWorker.java:<init>(181)) - new omNode-2@group-523986131536-SegmentedRaftLogWorker for RaftStorageImpl:Storage Directory /github/workspace/mnt/ozone/hadoop-ozone/integration-test/target/test-dir/MiniOzoneClusterImpl-f641cada-e66d-4460-aad4-b2880581a04d/omNode-2/ratis/c9bc4cf4-3bc3-3c60-a66b-523986131536
2021-01-15 07:28:23,441 [pool-42-thread-1] INFO  server.RaftServerConfigKeys (ConfUtils.java:logGet(44)) - raft.server.log.queue.byte-limit = 64MB (=67108864) (default)
2021-01-15 07:28:23,441 [pool-42-thread-1] INFO  server.RaftServerConfigKeys (ConfUtils.java:logGet(44)) - raft.server.log.queue.element-limit = 4096 (default)
2021-01-15 07:28:23,441 [pool-42-thread-1] INFO  server.RaftServerConfigKeys (ConfUtils.java:logGet(44)) - raft.server.log.segment.size.max = 4194304 (custom)
2021-01-15 07:28:23,441 [pool-42-thread-1] INFO  server.RaftServerConfigKeys (ConfUtils.java:logGet(44)) - raft.server.log.preallocated.size = 4194304 (custom)
2021-01-15 07:28:23,441 [pool-42-thread-1] INFO  server.RaftServerConfigKeys (ConfUtils.java:logGet(44)) - raft.server.log.force.sync.num = 128 (default)
2021-01-15 07:28:23,441 [pool-42-thread-1] INFO  server.RaftServerConfigKeys (ConfUtils.java:logGet(44)) - raft.server.log.statemachine.data.sync = true (default)
2021-01-15 07:28:23,441 [pool-42-thread-1] INFO  server.RaftServerConfigKeys (ConfUtils.java:logGet(44)) - raft.server.log.statemachine.data.sync.timeout = 10s (default)
2021-01-15 07:28:23,441 [pool-42-thread-1] INFO  server.RaftServerConfigKeys (ConfUtils.java:logGet(44)) - raft.server.log.statemachine.data.sync.timeout.retry = -1 (default)
2021-01-15 07:28:23,442 [pool-42-thread-1] INFO  server.RaftServerConfigKeys (ConfUtils.java:logGet(44)) - raft.server.log.write.buffer.size = 64KB (=65536) (default)
2021-01-15 07:28:23,442 [pool-42-thread-1] INFO  server.RaftServerConfigKeys (ConfUtils.java:logGet(44)) - raft.server.log.statemachine.data.caching.enabled = false (default)
2021-01-15 07:28:23,443 [pool-42-thread-1] INFO  segmented.SegmentedRaftLogWorker (SegmentedRaftLogWorker.java:lambda$new$0(132)) - omNode-2@group-523986131536-SegmentedRaftLogWorker: flushIndex: setUnconditionally 0 -> -1
2021-01-15 07:28:23,443 [pool-42-thread-1] INFO  segmented.SegmentedRaftLogWorker (SegmentedRaftLogWorker.java:lambda$new$0(132)) - omNode-2@group-523986131536-SegmentedRaftLogWorker: safeCacheEvictIndex: setUnconditionally 0 -> -1
2021-01-15 07:28:23,452 [pool-42-thread-1] INFO  server.RaftServerConfigKeys (ConfUtils.java:logGet(44)) - raft.server.snapshot.auto.trigger.enabled = true (custom)
2021-01-15 07:28:23,452 [pool-42-thread-1] INFO  server.RaftServerConfigKeys (ConfUtils.java:logGet(44)) - raft.server.snapshot.auto.trigger.threshold = 50 (custom)
2021-01-15 07:28:23,452 [pool-42-thread-1] INFO  server.RaftServerConfigKeys (ConfUtils.java:logGet(44)) - raft.server.snapshot.retention.file.num = -1 (default)
2021-01-15 07:28:23,452 [pool-42-thread-1] INFO  server.RaftServerConfigKeys (ConfUtils.java:logGet(44)) - raft.server.log.purge.upto.snapshot.index = true (custom)
2021-01-15 07:28:23,452 [pool-42-thread-1] INFO  server.RaftServerConfigKeys (ConfUtils.java:logGet(44)) - raft.server.retrycache.expirytime = 300s (custom)
2021-01-15 07:28:23,452 [pool-42-thread-1] INFO  server.RaftServerConfigKeys (ConfUtils.java:logGet(44)) - raft.server.retrycache.statistics.expirytime = 100?s (default)
2021-01-15 07:28:23,452 [pool-42-thread-1] INFO  metrics.RatisMetrics (RatisMetrics.java:lambda$create$0(36)) - Creating Metrics Registry : ratis.leader_election.omNode-2@group-523986131536
2021-01-15 07:28:23,453 [pool-42-thread-1] INFO  metrics.RatisMetrics (RatisMetrics.java:lambda$create$0(36)) - Creating Metrics Registry : ratis.server.omNode-2@group-523986131536
2021-01-15 07:28:23,458 [Listener at 127.0.0.1/10094] INFO  impl.MetricsSystemImpl (MetricsSystemImpl.java:init(158)) - OzoneManager metrics system started (again)
2021-01-15 07:28:23,460 [Listener at 127.0.0.1/10094] INFO  om.OzoneManager (OzoneManager.java:start(1160)) - OzoneManager RPC server is listening at localhost/127.0.0.1:10094
2021-01-15 07:28:23,461 [Listener at 127.0.0.1/10094] INFO  ratis.OzoneManagerRatisServer (OzoneManagerRatisServer.java:start(377)) - Starting OzoneManagerRatisServer omNode-2 at port 10098
2021-01-15 07:28:23,461 [Listener at 127.0.0.1/10094] INFO  server.RaftServer$Division (RaftServerImpl.java:start(294)) - omNode-2@group-523986131536: start as a follower, conf=-1: [omNode-3|rpc:localhost:10104|priority:0, omNode-1|rpc:localhost:10092|priority:0, omNode-2|rpc:localhost:10098|priority:0], old=null
2021-01-15 07:28:23,461 [Listener at 127.0.0.1/10094] INFO  server.RaftServer$Division (RaftServerImpl.java:setRole(283)) - omNode-2@group-523986131536: changes role from      null to FOLLOWER at term 0 for startAsFollower
2021-01-15 07:28:23,461 [Listener at 127.0.0.1/10094] INFO  impl.RoleInfo (RoleInfo.java:updateAndGet(130)) - omNode-2: start omNode-2@group-523986131536-FollowerState
2021-01-15 07:28:23,463 [Listener at 127.0.0.1/10094] INFO  util.JmxRegister (JmxRegister.java:tryRegister(44)) - Successfully registered JMX Bean with object name Ratis:service=RaftServer,group=group-523986131536,id=omNode-2
2021-01-15 07:28:23,463 [Listener at 127.0.0.1/10094] INFO  metrics.RatisMetrics (RatisMetrics.java:lambda$create$0(36)) - Creating Metrics Registry : ratis.state_machine.omNode-2@group-523986131536
2021-01-15 07:28:23,475 [Listener at 127.0.0.1/10094] INFO  server.RaftServer (RaftServerProxy.java:lambda$start$5(372)) - omNode-2: start RPC server
2021-01-15 07:28:23,476 [Listener at 127.0.0.1/10094] INFO  server.GrpcService (GrpcService.java:startImpl(176)) - omNode-2: GrpcService started, listening on 0.0.0.0/0.0.0.0:10098
2021-01-15 07:28:23,477 [org.apache.ratis.util.JvmPauseMonitor$$Lambda$305/117534431@2d3e53fe] INFO  util.JvmPauseMonitor (JvmPauseMonitor.java:run(103)) - JvmPauseMonitor-omNode-2: Started
2021-01-15 07:28:23,482 [Listener at 127.0.0.1/10094] INFO  http.BaseHttpServer (BaseHttpServer.java:newHttpServer2BuilderForOzone(207)) - Starting Web-server for ozoneManager at: http://0.0.0.0:10096
2021-01-15 07:28:23,482 [Listener at 127.0.0.1/10094] INFO  http.BaseHttpServer (BaseHttpServer.java:<init>(106)) - Hadoop Security Enabled: false Ozone Security Enabled: false Ozone HTTP Security Enabled: false 
2021-01-15 07:28:23,483 [Listener at 127.0.0.1/10094] INFO  server.AuthenticationFilter (AuthenticationFilter.java:constructSecretProvider(240)) - Unable to initialize FileSignerSecretProvider, falling back to use random secrets.
2021-01-15 07:28:23,484 [Listener at 127.0.0.1/10094] WARN  http.HttpRequestLog (HttpRequestLog.java:getRequestLog(103)) - Jetty request log can only be enabled using Log4j
2021-01-15 07:28:23,485 [Listener at 127.0.0.1/10094] INFO  http.HttpServer2 (HttpServer2.java:addGlobalFilter(1020)) - Added global filter 'safety' (class=org.apache.hadoop.hdds.server.http.HttpServer2$QuotingInputFilter)
2021-01-15 07:28:23,485 [Listener at 127.0.0.1/10094] INFO  http.HttpServer2 (HttpServer2.java:addFilter(996)) - Added filter static_user_filter (class=org.apache.hadoop.http.lib.StaticUserWebFilter$StaticUserFilter) to context ozoneManager
2021-01-15 07:28:23,486 [Listener at 127.0.0.1/10094] INFO  http.HttpServer2 (HttpServer2.java:addFilter(1004)) - Added filter static_user_filter (class=org.apache.hadoop.http.lib.StaticUserWebFilter$StaticUserFilter) to context static
2021-01-15 07:28:23,486 [Listener at 127.0.0.1/10094] INFO  http.HttpServer2 (HttpServer2.java:addFilter(1004)) - Added filter static_user_filter (class=org.apache.hadoop.http.lib.StaticUserWebFilter$StaticUserFilter) to context logs
2021-01-15 07:28:23,486 [Listener at 127.0.0.1/10094] INFO  http.HttpServer2 (HttpServer2.java:bindListener(1238)) - Jetty bound to port 10096
2021-01-15 07:28:23,487 [Listener at 127.0.0.1/10094] INFO  server.Server (Server.java:doStart(375)) - jetty-9.4.34.v20201102; built: 2020-11-02T14:15:39.302Z; git: e46af88704a893fc12cb0e3bf46e2c7b48a009e7; jvm 1.8.0_232-b09
2021-01-15 07:28:23,488 [Listener at 127.0.0.1/10094] INFO  server.session (DefaultSessionIdManager.java:doStart(334)) - DefaultSessionIdManager workerName=node0
2021-01-15 07:28:23,488 [Listener at 127.0.0.1/10094] INFO  server.session (DefaultSessionIdManager.java:doStart(339)) - No SessionScavenger set, using defaults
2021-01-15 07:28:23,488 [Listener at 127.0.0.1/10094] INFO  server.session (HouseKeeper.java:startScavenging(132)) - node0 Scavenging every 660000ms
2021-01-15 07:28:23,489 [Listener at 127.0.0.1/10094] INFO  handler.ContextHandler (ContextHandler.java:doStart(916)) - Started o.e.j.s.ServletContextHandler@c84db1e{logs,/logs,file:///github/workspace/mnt/ozone/hadoop-ozone/integration-test/target/log,AVAILABLE}
2021-01-15 07:28:23,489 [Listener at 127.0.0.1/10094] INFO  handler.ContextHandler (ContextHandler.java:doStart(916)) - Started o.e.j.s.ServletContextHandler@23156e52{static,/static,file:///github/workspace/mnt/ozone/hadoop-ozone/integration-test/target/test-classes/webapps/static,AVAILABLE}
2021-01-15 07:28:23,493 [Listener at 127.0.0.1/10094] INFO  handler.ContextHandler (ContextHandler.java:doStart(916)) - Started o.e.j.w.WebAppContext@673b9e80{ozoneManager,/,file:///github/workspace/mnt/ozone/hadoop-ozone/integration-test/target/test-classes/webapps/ozoneManager/,AVAILABLE}{file:/github/workspace/mnt/ozone/hadoop-ozone/integration-test/target/test-classes/webapps/ozoneManager}
2021-01-15 07:28:23,494 [Listener at 127.0.0.1/10094] INFO  server.AbstractConnector (AbstractConnector.java:doStart(331)) - Started ServerConnector@6ba95fa8{HTTP/1.1, (http/1.1)}{0.0.0.0:10096}
2021-01-15 07:28:23,494 [Listener at 127.0.0.1/10094] INFO  server.Server (Server.java:doStart(415)) - Started @4557ms
2021-01-15 07:28:23,494 [Listener at 127.0.0.1/10094] WARN  impl.MetricsSystemImpl (MetricsSystemImpl.java:register(276)) - Sink prometheus already exists!
2021-01-15 07:28:23,550 [Listener at 127.0.0.1/10094] INFO  http.BaseHttpServer (BaseHttpServer.java:updateConnectorAddress(327)) - HTTP server of ozoneManager listening at http://0.0.0.0:10096
2021-01-15 07:28:23,550 [IPC Server Responder] INFO  ipc.Server (Server.java:run(1460)) - IPC Server Responder: starting
2021-01-15 07:28:23,551 [IPC Server listener on 10094] INFO  ipc.Server (Server.java:run(1298)) - IPC Server listener on 10094: starting
2021-01-15 07:28:23,561 [Listener at 127.0.0.1/10094] INFO  om.OzoneManager (OzoneManager.java:startTrashEmptier(1281)) - Trash Interval set to 0. Files deleted will not move to trash
2021-01-15 07:28:23,562 [Listener at 127.0.0.1/10094] INFO  ozone.MiniOzoneHAClusterImpl (MiniOzoneHAClusterImpl.java:createOMService(380)) - Started OzoneManager RPC server at localhost/127.0.0.1:10094
2021-01-15 07:28:23,563 [Listener at 127.0.0.1/10094] WARN  server.ServerUtils (ServerUtils.java:getDBPath(225)) - ozone.om.db.dirs is not configured. We recommend adding this setting. Falling back to ozone.metadata.dirs instead.
2021-01-15 07:28:23,571 [Listener at 127.0.0.1/10094] INFO  ha.OMHANodeDetails (OMHANodeDetails.java:loadOMHAConfig(110)) - ServiceID for OzoneManager is om-service-test1
2021-01-15 07:28:23,571 [Listener at 127.0.0.1/10094] INFO  ha.OMHANodeDetails (OMHANodeDetails.java:loadOMHAConfig(186)) - Found matching OM address with OMServiceId: om-service-test1, OMNodeId: omNode-3, RPC Address: localhost:10100 and Ratis port: 10104
2021-01-15 07:28:23,572 [Listener at 127.0.0.1/10094] INFO  ha.OMHANodeDetails (OMHANodeDetails.java:setOMNodeSpecificConfigs(311)) - Setting configuration key ozone.om.http-address with value of key ozone.om.http-address.omNode-3: 127.0.0.1:10102
2021-01-15 07:28:23,572 [Listener at 127.0.0.1/10094] INFO  ha.OMHANodeDetails (OMHANodeDetails.java:setOMNodeSpecificConfigs(311)) - Setting configuration key ozone.om.https-address with value of key ozone.om.https-address.omNode-3: 127.0.0.1:10103
2021-01-15 07:28:23,572 [Listener at 127.0.0.1/10094] INFO  ha.OMHANodeDetails (OMHANodeDetails.java:setOMNodeSpecificConfigs(311)) - Setting configuration key ozone.om.address with value of key ozone.om.address.omNode-3: 127.0.0.1:10100
2021-01-15 07:28:23,572 [Listener at 127.0.0.1/10094] WARN  server.ServerUtils (ServerUtils.java:getDBPath(225)) - ozone.om.db.dirs is not configured. We recommend adding this setting. Falling back to ozone.metadata.dirs instead.
2021-01-15 07:28:23,572 [Listener at 127.0.0.1/10094] WARN  server.ServerUtils (ServerUtils.java:getDBPath(225)) - ozone.om.db.dirs is not configured. We recommend adding this setting. Falling back to ozone.metadata.dirs instead.
2021-01-15 07:28:23,574 [org.apache.hadoop.util.JvmPauseMonitor$Monitor@7858daa3] INFO  util.JvmPauseMonitor (JvmPauseMonitor.java:run(188)) - Starting JVM pause monitor
2021-01-15 07:28:23,575 [Listener at 127.0.0.1/10094] WARN  server.ServerUtils (ServerUtils.java:getDBPath(225)) - ozone.om.db.dirs is not configured. We recommend adding this setting. Falling back to ozone.metadata.dirs instead.
2021-01-15 07:28:23,575 [Listener at 127.0.0.1/10094] INFO  codec.OmKeyInfoCodec (OmKeyInfoCodec.java:<init>(41)) - OmKeyInfoCodec ignorePipeline = true
2021-01-15 07:28:23,576 [Listener at 127.0.0.1/10094] INFO  codec.RepeatedOmKeyInfoCodec (RepeatedOmKeyInfoCodec.java:<init>(40)) - RepeatedOmKeyInfoCodec ignorePipeline = true
2021-01-15 07:28:23,625 [Listener at 127.0.0.1/10094] INFO  om.OzoneManager (OzoneManager.java:addS3GVolumeToDB(3738)) - Created Volume s3v With Owner jenkins1001 required for S3Gateway operations.
2021-01-15 07:28:23,625 [Listener at 127.0.0.1/10094] WARN  server.ServerUtils (ServerUtils.java:getDefaultRatisDirectory(237)) - Storage directory for Ratis is not configured. It is a good idea to map this to an SSD disk. Falling back to ozone.metadata.dirs
2021-01-15 07:28:23,626 [Listener at 127.0.0.1/10094] WARN  ratis.OzoneManagerRatisServer (OzoneManagerRatisServer.java:getOMRatisSnapshotDirectory(638)) - ozone.om.ratis.snapshot.dir is not configured. Falling back to ozone.metadata.dirs config
2021-01-15 07:28:23,626 [Listener at 127.0.0.1/10094] INFO  snapshot.OzoneManagerSnapshotProvider (OzoneManagerSnapshotProvider.java:<init>(77)) - Initializing OM Snapshot Provider
2021-01-15 07:28:23,631 [Listener at 127.0.0.1/10094] WARN  server.ServerUtils (ServerUtils.java:getDefaultRatisDirectory(237)) - Storage directory for Ratis is not configured. It is a good idea to map this to an SSD disk. Falling back to ozone.metadata.dirs
2021-01-15 07:28:23,632 [Listener at 127.0.0.1/10094] INFO  ratis.OzoneManagerRatisServer (OzoneManagerRatisServer.java:<init>(280)) - Instantiating OM Ratis server with GroupID: om-service-test1 and Raft Peers: localhost:10104, localhost:10092, localhost:10098
2021-01-15 07:28:23,633 [Listener at 127.0.0.1/10094] INFO  ratis.OzoneManagerStateMachine (OzoneManagerStateMachine.java:loadSnapshotInfoFromDB(518)) - LastAppliedIndex is set from TransactionInfo from OM DB as (t:0, i:~)
2021-01-15 07:28:23,633 [Listener at 127.0.0.1/10094] INFO  server.RaftServer (ConfUtils.java:logGet(44)) - raft.rpc.type = GRPC (default)
2021-01-15 07:28:23,633 [Listener at 127.0.0.1/10094] INFO  grpc.GrpcFactory (GrpcFactory.java:checkPooledByteBufAllocatorUseCacheForAllThreads(48)) - PERFORMANCE WARNING: useCacheForAllThreads is true that may cause Netty to create a lot garbage objects and, as a result, trigger GC.
	It is recommended to disable useCacheForAllThreads by setting -Dorg.apache.ratis.thirdparty.io.netty.allocator.useCacheForAllThreads=false in command line.
2021-01-15 07:28:23,633 [Listener at 127.0.0.1/10094] INFO  grpc.GrpcConfigKeys (ConfUtils.java:logGet(44)) - raft.grpc.server.port = 10104 (custom)
2021-01-15 07:28:23,633 [Listener at 127.0.0.1/10094] INFO  server.GrpcService (ConfUtils.java:logGet(44)) - raft.grpc.message.size.max = 33554432 (custom)
2021-01-15 07:28:23,633 [Listener at 127.0.0.1/10094] INFO  server.RaftServerConfigKeys (ConfUtils.java:logGet(44)) - raft.server.log.appender.buffer.byte-limit = 33554432 (custom)
2021-01-15 07:28:23,634 [Listener at 127.0.0.1/10094] INFO  server.GrpcService (ConfUtils.java:logGet(44)) - raft.grpc.flow.control.window = 1MB (=1048576) (default)
2021-01-15 07:28:23,634 [Listener at 127.0.0.1/10094] INFO  server.RaftServerConfigKeys (ConfUtils.java:logGet(44)) - raft.server.rpc.request.timeout = 3000ms (default)
2021-01-15 07:28:23,635 [Listener at 127.0.0.1/10094] INFO  impl.DataStreamServerImpl (ConfUtils.java:logGet(44)) - raft.datastream.type = DISABLED (default)
2021-01-15 07:28:23,636 [Listener at 127.0.0.1/10094] INFO  server.RaftServerConfigKeys (ConfUtils.java:logGet(44)) - raft.server.rpc.slowness.timeout = 2s (custom)
2021-01-15 07:28:23,636 [Listener at 127.0.0.1/10094] INFO  server.RaftServerConfigKeys (ConfUtils.java:logGet(44)) - raft.server.leaderelection.leader.step-down.wait-time = 10s (default)
2021-01-15 07:28:23,637 [Listener at 127.0.0.1/10094] INFO  server.RaftServerConfigKeys (ConfUtils.java:logGet(44)) - raft.server.storage.dir = [/github/workspace/mnt/ozone/hadoop-ozone/integration-test/target/test-dir/MiniOzoneClusterImpl-f641cada-e66d-4460-aad4-b2880581a04d/omNode-3/ratis] (custom)
2021-01-15 07:28:23,638 [Listener at 127.0.0.1/10094] INFO  server.RaftServer (RaftServerProxy.java:addNew(95)) - omNode-3: addNew group-523986131536:[omNode-3|rpc:localhost:10104|priority:0, omNode-1|rpc:localhost:10092|priority:0, omNode-2|rpc:localhost:10098|priority:0] returns group-523986131536:java.util.concurrent.CompletableFuture@65b72a8b[Not completed]
2021-01-15 07:28:23,638 [Listener at 127.0.0.1/10094] INFO  om.OzoneManager (OzoneManager.java:initializeRatisServer(1332)) - OzoneManager Ratis server initialized at port 10104
2021-01-15 07:28:23,639 [Listener at 127.0.0.1/10094] INFO  ipc.CallQueueManager (CallQueueManager.java:<init>(84)) - Using callQueue: class java.util.concurrent.LinkedBlockingQueue, queueCapacity: 2000, scheduler: class org.apache.hadoop.ipc.DefaultRpcScheduler, ipcBackoff: false.
2021-01-15 07:28:23,641 [pool-57-thread-1] INFO  server.RaftServer$Division (RaftServerImpl.java:<init>(179)) - omNode-3: new RaftServerImpl for group-523986131536:[omNode-3|rpc:localhost:10104|priority:0, omNode-1|rpc:localhost:10092|priority:0, omNode-2|rpc:localhost:10098|priority:0] with OzoneManagerStateMachine:uninitialized
2021-01-15 07:28:23,641 [Socket Reader #1 for port 10100] INFO  ipc.Server (Server.java:run(1219)) - Starting Socket Reader #1 for port 10100
2021-01-15 07:28:23,647 [pool-57-thread-1] INFO  server.RaftServerConfigKeys (ConfUtils.java:logGet(44)) - raft.server.rpc.timeout.min = 1s (custom)
2021-01-15 07:28:23,647 [pool-57-thread-1] INFO  server.RaftServerConfigKeys (ConfUtils.java:logGet(44)) - raft.server.rpc.timeout.max = 1200ms (custom)
2021-01-15 07:28:23,647 [pool-57-thread-1] INFO  server.RaftServerConfigKeys (ConfUtils.java:logGet(44)) - raft.server.rpc.sleep.time = 25ms (default)
2021-01-15 07:28:23,650 [pool-57-thread-1] INFO  server.RaftServerConfigKeys (ConfUtils.java:logGet(44)) - raft.server.rpc.slowness.timeout = 2s (custom)
2021-01-15 07:28:23,650 [pool-57-thread-1] INFO  server.RaftServerConfigKeys (ConfUtils.java:logGet(44)) - raft.server.leaderelection.leader.step-down.wait-time = 10s (default)
2021-01-15 07:28:23,650 [pool-57-thread-1] INFO  server.RaftServerConfigKeys (ConfUtils.java:logGet(44)) - raft.server.sleep.deviation.threshold = 300ms (default)
2021-01-15 07:28:23,650 [pool-57-thread-1] INFO  server.RaftServerConfigKeys (ConfUtils.java:logGet(44)) - raft.server.log.appender.install.snapshot.enabled = false (custom)
2021-01-15 07:28:23,650 [pool-57-thread-1] INFO  server.RaftServer$Division (ServerState.java:<init>(103)) - omNode-3@group-523986131536: ConfigurationManager, init=-1: [omNode-3|rpc:localhost:10104|priority:0, omNode-1|rpc:localhost:10092|priority:0, omNode-2|rpc:localhost:10098|priority:0], old=null, confs=<EMPTY_MAP>
2021-01-15 07:28:23,650 [pool-57-thread-1] INFO  server.RaftServerConfigKeys (ConfUtils.java:logGet(44)) - raft.server.storage.dir = [/github/workspace/mnt/ozone/hadoop-ozone/integration-test/target/test-dir/MiniOzoneClusterImpl-f641cada-e66d-4460-aad4-b2880581a04d/omNode-3/ratis] (custom)
2021-01-15 07:28:23,650 [pool-57-thread-1] INFO  server.RaftServerConfigKeys (ConfUtils.java:logGet(44)) - raft.server.log.corruption.policy = EXCEPTION (default)
2021-01-15 07:28:23,651 [pool-57-thread-1] INFO  storage.RaftStorageDirectory (RaftStorageDirectoryImpl.java:analyzeStorage(132)) - The storage directory /github/workspace/mnt/ozone/hadoop-ozone/integration-test/target/test-dir/MiniOzoneClusterImpl-f641cada-e66d-4460-aad4-b2880581a04d/omNode-3/ratis/c9bc4cf4-3bc3-3c60-a66b-523986131536 does not exist. Creating ...
2021-01-15 07:28:23,655 [pool-57-thread-1] INFO  storage.RaftStorageDirectory (RaftStorageDirectoryImpl.java:tryLock(215)) - Lock on /github/workspace/mnt/ozone/hadoop-ozone/integration-test/target/test-dir/MiniOzoneClusterImpl-f641cada-e66d-4460-aad4-b2880581a04d/omNode-3/ratis/c9bc4cf4-3bc3-3c60-a66b-523986131536/in_use.lock acquired by nodename 10613@80870765a40b
2021-01-15 07:28:23,656 [pool-57-thread-1] INFO  storage.RaftStorage (RaftStorageImpl.java:format(87)) - Storage directory /github/workspace/mnt/ozone/hadoop-ozone/integration-test/target/test-dir/MiniOzoneClusterImpl-f641cada-e66d-4460-aad4-b2880581a04d/omNode-3/ratis/c9bc4cf4-3bc3-3c60-a66b-523986131536 has been successfully formatted.
2021-01-15 07:28:23,656 [pool-57-thread-1] ERROR storage.RaftStorage (RaftStorageImpl.java:readRaftConfiguration(147)) - Failed reading configuration from file:/github/workspace/mnt/ozone/hadoop-ozone/integration-test/target/test-dir/MiniOzoneClusterImpl-f641cada-e66d-4460-aad4-b2880581a04d/omNode-3/ratis/c9bc4cf4-3bc3-3c60-a66b-523986131536/current/raft-meta.conf
java.io.FileNotFoundException: /github/workspace/mnt/ozone/hadoop-ozone/integration-test/target/test-dir/MiniOzoneClusterImpl-f641cada-e66d-4460-aad4-b2880581a04d/omNode-3/ratis/c9bc4cf4-3bc3-3c60-a66b-523986131536/current/raft-meta.conf (No such file or directory)
	at java.io.FileInputStream.open0(Native Method)
	at java.io.FileInputStream.open(FileInputStream.java:195)
	at java.io.FileInputStream.<init>(FileInputStream.java:138)
	at org.apache.ratis.server.storage.RaftStorageImpl.readRaftConfiguration(RaftStorageImpl.java:143)
	at org.apache.ratis.server.impl.ServerState.<init>(ServerState.java:113)
	at org.apache.ratis.server.impl.RaftServerImpl.<init>(RaftServerImpl.java:192)
	at org.apache.ratis.server.impl.RaftServerProxy.lambda$newRaftServerImpl$4(RaftServerProxy.java:266)
	at java.util.concurrent.CompletableFuture$AsyncSupply.run(CompletableFuture.java:1604)
	at java.util.concurrent.ThreadPoolExecutor.runWorker(ThreadPoolExecutor.java:1149)
	at java.util.concurrent.ThreadPoolExecutor$Worker.run(ThreadPoolExecutor.java:624)
	at java.lang.Thread.run(Thread.java:748)
2021-01-15 07:28:23,656 [pool-57-thread-1] INFO  server.RaftServerConfigKeys (ConfUtils.java:logGet(44)) - raft.server.notification.no-leader.timeout = 2s (custom)
2021-01-15 07:28:23,657 [pool-57-thread-1] INFO  server.RaftServerConfigKeys (ConfUtils.java:logGet(44)) - raft.server.log.use.memory = false (default)
2021-01-15 07:28:23,657 [pool-57-thread-1] INFO  server.RaftServerConfigKeys (ConfUtils.java:logGet(44)) - raft.server.log.purge.gap = 50 (custom)
2021-01-15 07:28:23,657 [pool-57-thread-1] INFO  server.RaftServerConfigKeys (ConfUtils.java:logGet(44)) - raft.server.log.appender.buffer.byte-limit = 33554432 (custom)
2021-01-15 07:28:23,657 [pool-57-thread-1] INFO  metrics.RatisMetrics (RatisMetrics.java:lambda$create$0(36)) - Creating Metrics Registry : ratis.log_worker.omNode-3@group-523986131536
2021-01-15 07:28:23,657 [pool-57-thread-1] INFO  server.RaftServerConfigKeys (ConfUtils.java:logGet(44)) - raft.server.log.segment.size.max = 4194304 (custom)
2021-01-15 07:28:23,657 [pool-57-thread-1] INFO  server.RaftServerConfigKeys (ConfUtils.java:logGet(44)) - raft.server.log.segment.cache.num.max = 2 (custom)
2021-01-15 07:28:23,658 [pool-57-thread-1] INFO  server.RaftServerConfigKeys (ConfUtils.java:logGet(44)) - raft.server.log.segment.cache.size.max = 200MB (=209715200) (default)
2021-01-15 07:28:23,658 [pool-57-thread-1] INFO  segmented.SegmentedRaftLogWorker (SegmentedRaftLogWorker.java:<init>(181)) - new omNode-3@group-523986131536-SegmentedRaftLogWorker for RaftStorageImpl:Storage Directory /github/workspace/mnt/ozone/hadoop-ozone/integration-test/target/test-dir/MiniOzoneClusterImpl-f641cada-e66d-4460-aad4-b2880581a04d/omNode-3/ratis/c9bc4cf4-3bc3-3c60-a66b-523986131536
2021-01-15 07:28:23,658 [pool-57-thread-1] INFO  server.RaftServerConfigKeys (ConfUtils.java:logGet(44)) - raft.server.log.queue.byte-limit = 64MB (=67108864) (default)
2021-01-15 07:28:23,658 [pool-57-thread-1] INFO  server.RaftServerConfigKeys (ConfUtils.java:logGet(44)) - raft.server.log.queue.element-limit = 4096 (default)
2021-01-15 07:28:23,658 [pool-57-thread-1] INFO  server.RaftServerConfigKeys (ConfUtils.java:logGet(44)) - raft.server.log.segment.size.max = 4194304 (custom)
2021-01-15 07:28:23,658 [pool-57-thread-1] INFO  server.RaftServerConfigKeys (ConfUtils.java:logGet(44)) - raft.server.log.preallocated.size = 4194304 (custom)
2021-01-15 07:28:23,658 [pool-57-thread-1] INFO  server.RaftServerConfigKeys (ConfUtils.java:logGet(44)) - raft.server.log.force.sync.num = 128 (default)
2021-01-15 07:28:23,658 [pool-57-thread-1] INFO  server.RaftServerConfigKeys (ConfUtils.java:logGet(44)) - raft.server.log.statemachine.data.sync = true (default)
2021-01-15 07:28:23,658 [pool-57-thread-1] INFO  server.RaftServerConfigKeys (ConfUtils.java:logGet(44)) - raft.server.log.statemachine.data.sync.timeout = 10s (default)
2021-01-15 07:28:23,658 [pool-57-thread-1] INFO  server.RaftServerConfigKeys (ConfUtils.java:logGet(44)) - raft.server.log.statemachine.data.sync.timeout.retry = -1 (default)
2021-01-15 07:28:23,659 [pool-57-thread-1] INFO  server.RaftServerConfigKeys (ConfUtils.java:logGet(44)) - raft.server.log.write.buffer.size = 64KB (=65536) (default)
2021-01-15 07:28:23,665 [pool-57-thread-1] INFO  server.RaftServerConfigKeys (ConfUtils.java:logGet(44)) - raft.server.log.statemachine.data.caching.enabled = false (default)
2021-01-15 07:28:23,666 [pool-57-thread-1] INFO  segmented.SegmentedRaftLogWorker (SegmentedRaftLogWorker.java:lambda$new$0(132)) - omNode-3@group-523986131536-SegmentedRaftLogWorker: flushIndex: setUnconditionally 0 -> -1
2021-01-15 07:28:23,666 [pool-57-thread-1] INFO  segmented.SegmentedRaftLogWorker (SegmentedRaftLogWorker.java:lambda$new$0(132)) - omNode-3@group-523986131536-SegmentedRaftLogWorker: safeCacheEvictIndex: setUnconditionally 0 -> -1
2021-01-15 07:28:23,665 [Listener at 127.0.0.1/10100] INFO  ozone.MiniOzoneHAClusterImpl (MiniOzoneHAClusterImpl.java:createOMService(384)) - Intialized OzoneManager at localhost/127.0.0.1:10100. This OM is currently inactive (not running).
2021-01-15 07:28:23,671 [pool-57-thread-1] INFO  server.RaftServerConfigKeys (ConfUtils.java:logGet(44)) - raft.server.snapshot.auto.trigger.enabled = true (custom)
2021-01-15 07:28:23,671 [pool-57-thread-1] INFO  server.RaftServerConfigKeys (ConfUtils.java:logGet(44)) - raft.server.snapshot.auto.trigger.threshold = 50 (custom)
2021-01-15 07:28:23,671 [pool-57-thread-1] INFO  server.RaftServerConfigKeys (ConfUtils.java:logGet(44)) - raft.server.snapshot.retention.file.num = -1 (default)
2021-01-15 07:28:23,671 [pool-57-thread-1] INFO  server.RaftServerConfigKeys (ConfUtils.java:logGet(44)) - raft.server.log.purge.upto.snapshot.index = true (custom)
2021-01-15 07:28:23,671 [pool-57-thread-1] INFO  server.RaftServerConfigKeys (ConfUtils.java:logGet(44)) - raft.server.retrycache.expirytime = 300s (custom)
2021-01-15 07:28:23,671 [pool-57-thread-1] INFO  server.RaftServerConfigKeys (ConfUtils.java:logGet(44)) - raft.server.retrycache.statistics.expirytime = 100?s (default)
2021-01-15 07:28:23,671 [pool-57-thread-1] INFO  metrics.RatisMetrics (RatisMetrics.java:lambda$create$0(36)) - Creating Metrics Registry : ratis.leader_election.omNode-3@group-523986131536
2021-01-15 07:28:23,672 [pool-57-thread-1] INFO  metrics.RatisMetrics (RatisMetrics.java:lambda$create$0(36)) - Creating Metrics Registry : ratis.server.omNode-3@group-523986131536
2021-01-15 07:28:23,814 [Listener at 127.0.0.1/10100] INFO  impl.MetricsSystemImpl (MetricsSystemImpl.java:init(158)) - HddsDatanode metrics system started (again)
2021-01-15 07:28:23,822 [Listener at 127.0.0.1/10100] INFO  ozone.HddsDatanodeService (HddsDatanodeService.java:start(215)) - HddsDatanodeService host:80870765a40b ip:172.17.0.2
2021-01-15 07:28:23,901 [Listener at 127.0.0.1/10100] INFO  volume.HddsVolume (HddsVolume.java:<init>(176)) - Creating Volume: /github/workspace/mnt/ozone/hadoop-ozone/integration-test/target/test-dir/MiniOzoneClusterImpl-f641cada-e66d-4460-aad4-b2880581a04d/datanode-0/data-0/containers/hdds of storage type : DISK and capacity : 9223372036854775807
2021-01-15 07:28:23,903 [Listener at 127.0.0.1/10100] INFO  volume.MutableVolumeSet (MutableVolumeSet.java:initializeVolumeSet(179)) - Added Volume : /github/workspace/mnt/ozone/hadoop-ozone/integration-test/target/test-dir/MiniOzoneClusterImpl-f641cada-e66d-4460-aad4-b2880581a04d/datanode-0/data-0/containers/hdds to VolumeSet
2021-01-15 07:28:23,904 [Listener at 127.0.0.1/10100] INFO  volume.ThrottledAsyncChecker (ThrottledAsyncChecker.java:schedule(141)) - Scheduling a check for /github/workspace/mnt/ozone/hadoop-ozone/integration-test/target/test-dir/MiniOzoneClusterImpl-f641cada-e66d-4460-aad4-b2880581a04d/datanode-0/data-0/containers/hdds
2021-01-15 07:28:23,922 [Listener at 127.0.0.1/10100] INFO  volume.HddsVolumeChecker (HddsVolumeChecker.java:checkAllVolumes(200)) - Scheduled health check for volume /github/workspace/mnt/ozone/hadoop-ozone/integration-test/target/test-dir/MiniOzoneClusterImpl-f641cada-e66d-4460-aad4-b2880581a04d/datanode-0/data-0/containers/hdds
2021-01-15 07:28:23,942 [Thread-175] INFO  ozoneimpl.ContainerReader (ContainerReader.java:readVolume(123)) - Start to verify containers on volume /github/workspace/mnt/ozone/hadoop-ozone/integration-test/target/test-dir/MiniOzoneClusterImpl-f641cada-e66d-4460-aad4-b2880581a04d/datanode-0/data-0/containers/hdds
2021-01-15 07:28:23,942 [Thread-175] INFO  ozoneimpl.ContainerReader (ContainerReader.java:readVolume(148)) - Finish verifying containers on volume /github/workspace/mnt/ozone/hadoop-ozone/integration-test/target/test-dir/MiniOzoneClusterImpl-f641cada-e66d-4460-aad4-b2880581a04d/datanode-0/data-0/containers/hdds
2021-01-15 07:28:23,942 [Listener at 127.0.0.1/10100] INFO  ozoneimpl.OzoneContainer (OzoneContainer.java:buildContainerSet(206)) - Build ContainerSet costs 0s
2021-01-15 07:28:24,016 [Listener at 127.0.0.1/10100] INFO  server.RaftServer (ConfUtils.java:logGet(44)) - raft.rpc.type = GRPC (default)
2021-01-15 07:28:24,016 [Listener at 127.0.0.1/10100] INFO  grpc.GrpcFactory (GrpcFactory.java:checkPooledByteBufAllocatorUseCacheForAllThreads(48)) - PERFORMANCE WARNING: useCacheForAllThreads is true that may cause Netty to create a lot garbage objects and, as a result, trigger GC.
	It is recommended to disable useCacheForAllThreads by setting -Dorg.apache.ratis.thirdparty.io.netty.allocator.useCacheForAllThreads=false in command line.
2021-01-15 07:28:24,016 [Listener at 127.0.0.1/10100] INFO  grpc.GrpcConfigKeys (ConfUtils.java:logGet(44)) - raft.grpc.server.port = 0 (default)
2021-01-15 07:28:24,016 [Listener at 127.0.0.1/10100] INFO  server.GrpcService (ConfUtils.java:logGet(44)) - raft.grpc.message.size.max = 32MB (=33554432) (custom)
2021-01-15 07:28:24,016 [Listener at 127.0.0.1/10100] INFO  server.RaftServerConfigKeys (ConfUtils.java:logGet(44)) - raft.server.log.appender.buffer.byte-limit = 33554432 (custom)
2021-01-15 07:28:24,017 [Listener at 127.0.0.1/10100] INFO  server.GrpcService (ConfUtils.java:logGet(44)) - raft.grpc.flow.control.window = 5MB (=5242880) (custom)
2021-01-15 07:28:24,017 [Listener at 127.0.0.1/10100] INFO  server.RaftServerConfigKeys (ConfUtils.java:logGet(44)) - raft.server.rpc.request.timeout = 60s (custom)
2021-01-15 07:28:24,018 [Listener at 127.0.0.1/10100] INFO  impl.DataStreamServerImpl (ConfUtils.java:logGet(44)) - raft.datastream.type = DISABLED (default)
2021-01-15 07:28:24,019 [Listener at 127.0.0.1/10100] INFO  server.RaftServerConfigKeys (ConfUtils.java:logGet(44)) - raft.server.rpc.slowness.timeout = 300s (custom)
2021-01-15 07:28:24,019 [Listener at 127.0.0.1/10100] INFO  server.RaftServerConfigKeys (ConfUtils.java:logGet(44)) - raft.server.leaderelection.leader.step-down.wait-time = 10s (default)
2021-01-15 07:28:24,019 [Listener at 127.0.0.1/10100] INFO  server.RaftServerConfigKeys (ConfUtils.java:logGet(44)) - raft.server.storage.dir = [/github/workspace/mnt/ozone/hadoop-ozone/integration-test/target/test-dir/MiniOzoneClusterImpl-f641cada-e66d-4460-aad4-b2880581a04d/datanode-0/data/ratis] (custom)
2021-01-15 07:28:24,077 [Listener at 127.0.0.1/10100] INFO  http.BaseHttpServer (BaseHttpServer.java:newHttpServer2BuilderForOzone(207)) - Starting Web-server for hddsDatanode at: http://0.0.0.0:0
2021-01-15 07:28:24,082 [Listener at 127.0.0.1/10100] INFO  http.BaseHttpServer (BaseHttpServer.java:<init>(106)) - Hadoop Security Enabled: false Ozone Security Enabled: false Ozone HTTP Security Enabled: false 
2021-01-15 07:28:24,084 [Listener at 127.0.0.1/10100] INFO  server.AuthenticationFilter (AuthenticationFilter.java:constructSecretProvider(240)) - Unable to initialize FileSignerSecretProvider, falling back to use random secrets.
2021-01-15 07:28:24,085 [Listener at 127.0.0.1/10100] WARN  http.HttpRequestLog (HttpRequestLog.java:getRequestLog(103)) - Jetty request log can only be enabled using Log4j
2021-01-15 07:28:24,086 [Listener at 127.0.0.1/10100] INFO  http.HttpServer2 (HttpServer2.java:addGlobalFilter(1020)) - Added global filter 'safety' (class=org.apache.hadoop.hdds.server.http.HttpServer2$QuotingInputFilter)
2021-01-15 07:28:24,087 [Listener at 127.0.0.1/10100] INFO  http.HttpServer2 (HttpServer2.java:addFilter(996)) - Added filter static_user_filter (class=org.apache.hadoop.http.lib.StaticUserWebFilter$StaticUserFilter) to context hddsDatanode
2021-01-15 07:28:24,087 [Listener at 127.0.0.1/10100] INFO  http.HttpServer2 (HttpServer2.java:addFilter(1004)) - Added filter static_user_filter (class=org.apache.hadoop.http.lib.StaticUserWebFilter$StaticUserFilter) to context static
2021-01-15 07:28:24,087 [Listener at 127.0.0.1/10100] INFO  http.HttpServer2 (HttpServer2.java:addFilter(1004)) - Added filter static_user_filter (class=org.apache.hadoop.http.lib.StaticUserWebFilter$StaticUserFilter) to context logs
2021-01-15 07:28:24,087 [Listener at 127.0.0.1/10100] INFO  http.HttpServer2 (HttpServer2.java:bindListener(1238)) - Jetty bound to port 36359
2021-01-15 07:28:24,088 [Listener at 127.0.0.1/10100] INFO  server.Server (Server.java:doStart(375)) - jetty-9.4.34.v20201102; built: 2020-11-02T14:15:39.302Z; git: e46af88704a893fc12cb0e3bf46e2c7b48a009e7; jvm 1.8.0_232-b09
2021-01-15 07:28:24,091 [Listener at 127.0.0.1/10100] INFO  server.session (DefaultSessionIdManager.java:doStart(334)) - DefaultSessionIdManager workerName=node0
2021-01-15 07:28:24,092 [Listener at 127.0.0.1/10100] INFO  server.session (DefaultSessionIdManager.java:doStart(339)) - No SessionScavenger set, using defaults
2021-01-15 07:28:24,092 [Listener at 127.0.0.1/10100] INFO  server.session (HouseKeeper.java:startScavenging(132)) - node0 Scavenging every 660000ms
2021-01-15 07:28:24,093 [Listener at 127.0.0.1/10100] INFO  handler.ContextHandler (ContextHandler.java:doStart(916)) - Started o.e.j.s.ServletContextHandler@40ffa2d3{logs,/logs,file:///github/workspace/mnt/ozone/hadoop-ozone/integration-test/target/log,AVAILABLE}
2021-01-15 07:28:24,093 [Listener at 127.0.0.1/10100] INFO  handler.ContextHandler (ContextHandler.java:doStart(916)) - Started o.e.j.s.ServletContextHandler@7f05e17d{static,/static,jar:file:/home/user/.m2/repository/org/apache/hadoop/hadoop-hdds-container-service/1.1.0-SNAPSHOT/hadoop-hdds-container-service-1.1.0-SNAPSHOT.jar!/webapps/static,AVAILABLE}
2021-01-15 07:28:24,270 [Listener at 127.0.0.1/10100] INFO  handler.ContextHandler (ContextHandler.java:doStart(916)) - Started o.e.j.w.WebAppContext@2f25e2aa{hddsDatanode,/,file:///tmp/jetty-0_0_0_0-36359-hadoop-hdds-container-service-1_1_0-SNAPSHOT_jar-_-any-1838292027768920783/webapp/,AVAILABLE}{jar:file:/home/user/.m2/repository/org/apache/hadoop/hadoop-hdds-container-service/1.1.0-SNAPSHOT/hadoop-hdds-container-service-1.1.0-SNAPSHOT.jar!/webapps/hddsDatanode}
2021-01-15 07:28:24,272 [Listener at 127.0.0.1/10100] INFO  server.AbstractConnector (AbstractConnector.java:doStart(331)) - Started ServerConnector@df6754e{HTTP/1.1, (http/1.1)}{0.0.0.0:36359}
2021-01-15 07:28:24,272 [Listener at 127.0.0.1/10100] INFO  server.Server (Server.java:doStart(415)) - Started @5335ms
2021-01-15 07:28:24,272 [Listener at 127.0.0.1/10100] WARN  impl.MetricsSystemImpl (MetricsSystemImpl.java:register(276)) - Sink prometheus already exists!
2021-01-15 07:28:24,283 [Thread-99] INFO  impl.FollowerState (FollowerState.java:run(133)) - omNode-1@group-523986131536-FollowerState: change to CANDIDATE, lastRpcElapsedTime:1025890780ns, electionTimeout:1024ms
2021-01-15 07:28:24,284 [Thread-99] INFO  impl.RoleInfo (RoleInfo.java:shutdownFollowerState(108)) - omNode-1: shutdown omNode-1@group-523986131536-FollowerState
2021-01-15 07:28:24,284 [Thread-99] INFO  server.RaftServer$Division (RaftServerImpl.java:setRole(283)) - omNode-1@group-523986131536: changes role from  FOLLOWER to CANDIDATE at term 0 for changeToCandidate
2021-01-15 07:28:24,286 [Thread-99] INFO  impl.RoleInfo (RoleInfo.java:updateAndGet(130)) - omNode-1: start omNode-1@group-523986131536-LeaderElection1
2021-01-15 07:28:24,289 [omNode-1@group-523986131536-LeaderElection1] INFO  impl.LeaderElection (LeaderElection.java:askForPreVotes(259)) - omNode-1@group-523986131536-LeaderElection1: begin a pre-vote at term 0 for -1: [omNode-3|rpc:localhost:10104|priority:0, omNode-1|rpc:localhost:10092|priority:0, omNode-2|rpc:localhost:10098|priority:0], old=null
2021-01-15 07:28:24,548 [omNode-1@group-523986131536-LeaderElection1] INFO  impl.LeaderElection (LogUtils.java:infoOrTrace(137)) - omNode-1@group-523986131536-LeaderElection1 got exception when requesting votes: java.util.concurrent.ExecutionException: org.apache.ratis.thirdparty.io.grpc.StatusRuntimeException: UNAVAILABLE: io exception
2021-01-15 07:28:24,602 [Thread-137] INFO  impl.FollowerState (FollowerState.java:run(133)) - omNode-2@group-523986131536-FollowerState: change to CANDIDATE, lastRpcElapsedTime:1140340427ns, electionTimeout:1118ms
2021-01-15 07:28:24,602 [Thread-137] INFO  impl.RoleInfo (RoleInfo.java:shutdownFollowerState(108)) - omNode-2: shutdown omNode-2@group-523986131536-FollowerState
2021-01-15 07:28:24,602 [Thread-137] INFO  server.RaftServer$Division (RaftServerImpl.java:setRole(283)) - omNode-2@group-523986131536: changes role from  FOLLOWER to CANDIDATE at term 0 for changeToCandidate
2021-01-15 07:28:24,602 [Thread-137] INFO  impl.RoleInfo (RoleInfo.java:updateAndGet(130)) - omNode-2: start omNode-2@group-523986131536-LeaderElection2
2021-01-15 07:28:24,610 [omNode-2@group-523986131536-LeaderElection2] INFO  impl.LeaderElection (LeaderElection.java:askForPreVotes(259)) - omNode-2@group-523986131536-LeaderElection2: begin a pre-vote at term 0 for -1: [omNode-3|rpc:localhost:10104|priority:0, omNode-1|rpc:localhost:10092|priority:0, omNode-2|rpc:localhost:10098|priority:0], old=null
2021-01-15 07:28:24,635 [grpc-default-executor-0] INFO  metrics.RatisMetrics (RatisMetrics.java:lambda$create$0(36)) - Creating Metrics Registry : ratis.server_message_metrics.omNode-2
2021-01-15 07:28:24,644 [grpc-default-executor-0] INFO  server.RaftServer$Division (RaftServerImpl.java:requestPreVote(1060)) - omNode-2@group-523986131536: receive preVote(omNode-1, group-523986131536, 0, (t:0, i:~))
2021-01-15 07:28:24,646 [grpc-default-executor-0] INFO  server.RaftServer$Division (RaftServerImpl.java:requestPreVote(1081)) - omNode-2@group-523986131536 role:CANDIDATE allow pre-vote from:omNode-1
2021-01-15 07:28:24,652 [omNode-2@group-523986131536-LeaderElection2] INFO  impl.LeaderElection (LogUtils.java:infoOrTrace(137)) - omNode-2@group-523986131536-LeaderElection2 got exception when requesting votes: java.util.concurrent.ExecutionException: org.apache.ratis.thirdparty.io.grpc.StatusRuntimeException: UNAVAILABLE: io exception
2021-01-15 07:28:24,653 [grpc-default-executor-0] INFO  server.RaftServer$Division (RaftServerImpl.java:requestPreVote(1099)) - omNode-2@group-523986131536 replies to pre-vote request: omNode-1<-omNode-2#0:OK-t0. Peer's state: omNode-2@group-523986131536:t0, leader=null, voted=, raftlog=omNode-2@group-523986131536-SegmentedRaftLog:OPENED:c-1,f-1,i0, conf=-1: [omNode-3|rpc:localhost:10104|priority:0, omNode-1|rpc:localhost:10092|priority:0, omNode-2|rpc:localhost:10098|priority:0], old=null
2021-01-15 07:28:24,659 [grpc-default-executor-1] INFO  metrics.RatisMetrics (RatisMetrics.java:lambda$create$0(36)) - Creating Metrics Registry : ratis.server_message_metrics.omNode-1
2021-01-15 07:28:24,670 [omNode-1@group-523986131536-LeaderElection1] INFO  impl.LeaderElection (LeaderElection.java:logAndReturn(68)) - omNode-1@group-523986131536-LeaderElection1: Pre-vote  PASSED received 1 response(s):[omNode-1<-omNode-2#0:OK-t0]
2021-01-15 07:28:24,670 [omNode-1@group-523986131536-LeaderElection1] INFO  impl.LeaderElection (LogUtils.java:infoOrTrace(137)) -   Exception 0: java.util.concurrent.ExecutionException: org.apache.ratis.thirdparty.io.grpc.StatusRuntimeException: UNAVAILABLE: io exception
2021-01-15 07:28:24,672 [omNode-1@group-523986131536-LeaderElection1] INFO  impl.LeaderElection (LeaderElection.java:askForPreVotes(261)) - omNode-1@group-523986131536-LeaderElection1 pre-vote result is PASSED.
2021-01-15 07:28:24,674 [omNode-1@group-523986131536-LeaderElection1] INFO  impl.LeaderElection (LeaderElection.java:askForVotes(308)) - omNode-1@group-523986131536-LeaderElection1: begin an election at term 1 for -1: [omNode-3|rpc:localhost:10104|priority:0, omNode-1|rpc:localhost:10092|priority:0, omNode-2|rpc:localhost:10098|priority:0], old=null
2021-01-15 07:28:24,675 [grpc-default-executor-0] INFO  server.RaftServer$Division (RaftServerImpl.java:requestPreVote(1060)) - omNode-1@group-523986131536: receive preVote(omNode-2, group-523986131536, 0, (t:0, i:~))
2021-01-15 07:28:24,675 [grpc-default-executor-0] INFO  server.RaftServer$Division (RaftServerImpl.java:requestPreVote(1081)) - omNode-1@group-523986131536 role:CANDIDATE allow pre-vote from:omNode-2
2021-01-15 07:28:24,675 [grpc-default-executor-0] INFO  server.RaftServer$Division (RaftServerImpl.java:requestPreVote(1099)) - omNode-1@group-523986131536 replies to pre-vote request: omNode-2<-omNode-1#0:OK-t1. Peer's state: omNode-1@group-523986131536:t1, leader=null, voted=omNode-1, raftlog=omNode-1@group-523986131536-SegmentedRaftLog:OPENED:c-1,f-1,i0, conf=-1: [omNode-3|rpc:localhost:10104|priority:0, omNode-1|rpc:localhost:10092|priority:0, omNode-2|rpc:localhost:10098|priority:0], old=null
2021-01-15 07:28:24,679 [omNode-1@group-523986131536-LeaderElection1] INFO  impl.LeaderElection (LogUtils.java:infoOrTrace(137)) - omNode-1@group-523986131536-LeaderElection1 got exception when requesting votes: java.util.concurrent.ExecutionException: org.apache.ratis.thirdparty.io.grpc.StatusRuntimeException: UNAVAILABLE: io exception
2021-01-15 07:28:24,707 [omNode-2@group-523986131536-LeaderElection2] INFO  impl.LeaderElection (LeaderElection.java:logAndReturn(68)) - omNode-2@group-523986131536-LeaderElection2: Pre-vote  PASSED received 1 response(s):[omNode-2<-omNode-1#0:OK-t1]
2021-01-15 07:28:24,707 [omNode-2@group-523986131536-LeaderElection2] INFO  impl.LeaderElection (LogUtils.java:infoOrTrace(137)) -   Exception 0: java.util.concurrent.ExecutionException: org.apache.ratis.thirdparty.io.grpc.StatusRuntimeException: UNAVAILABLE: io exception
2021-01-15 07:28:24,707 [omNode-2@group-523986131536-LeaderElection2] INFO  impl.LeaderElection (LeaderElection.java:askForPreVotes(261)) - omNode-2@group-523986131536-LeaderElection2 pre-vote result is PASSED.
2021-01-15 07:28:24,710 [omNode-2@group-523986131536-LeaderElection2] INFO  impl.LeaderElection (LeaderElection.java:askForVotes(308)) - omNode-2@group-523986131536-LeaderElection2: begin an election at term 1 for -1: [omNode-3|rpc:localhost:10104|priority:0, omNode-1|rpc:localhost:10092|priority:0, omNode-2|rpc:localhost:10098|priority:0], old=null
2021-01-15 07:28:24,715 [omNode-2@group-523986131536-LeaderElection2] INFO  impl.LeaderElection (LogUtils.java:infoOrTrace(137)) - omNode-2@group-523986131536-LeaderElection2 got exception when requesting votes: java.util.concurrent.ExecutionException: org.apache.ratis.thirdparty.io.grpc.StatusRuntimeException: UNAVAILABLE: io exception
2021-01-15 07:28:24,727 [omNode-1@group-523986131536-LeaderElection1] INFO  impl.LeaderElection (LeaderElection.java:logAndReturn(68)) - omNode-1@group-523986131536-LeaderElection1: Election  REJECTED received 1 response(s):[omNode-1<-omNode-2#0:FAIL-t1]
2021-01-15 07:28:24,727 [omNode-1@group-523986131536-LeaderElection1] INFO  impl.LeaderElection (LogUtils.java:infoOrTrace(137)) -   Exception 0: java.util.concurrent.ExecutionException: org.apache.ratis.thirdparty.io.grpc.StatusRuntimeException: UNAVAILABLE: io exception
2021-01-15 07:28:24,728 [omNode-1@group-523986131536-LeaderElection1] INFO  server.RaftServer$Division (RaftServerImpl.java:setRole(283)) - omNode-1@group-523986131536: changes role from CANDIDATE to FOLLOWER at term 1 for DISCOVERED_A_NEW_TERM
2021-01-15 07:28:24,728 [omNode-1@group-523986131536-LeaderElection1] INFO  impl.RoleInfo (RoleInfo.java:shutdownLeaderElection(121)) - omNode-1: shutdown omNode-1@group-523986131536-LeaderElection1
2021-01-15 07:28:24,728 [omNode-1@group-523986131536-LeaderElection1] INFO  impl.RoleInfo (RoleInfo.java:updateAndGet(130)) - omNode-1: start omNode-1@group-523986131536-FollowerState
2021-01-15 07:28:24,734 [omNode-2@group-523986131536-LeaderElection2] INFO  impl.LeaderElection (LeaderElection.java:logAndReturn(68)) - omNode-2@group-523986131536-LeaderElection2: Election  REJECTED received 1 response(s):[omNode-2<-omNode-1#0:FAIL-t1]
2021-01-15 07:28:24,734 [omNode-2@group-523986131536-LeaderElection2] INFO  impl.LeaderElection (LogUtils.java:infoOrTrace(137)) -   Exception 0: java.util.concurrent.ExecutionException: org.apache.ratis.thirdparty.io.grpc.StatusRuntimeException: UNAVAILABLE: io exception
2021-01-15 07:28:24,734 [omNode-2@group-523986131536-LeaderElection2] INFO  server.RaftServer$Division (RaftServerImpl.java:setRole(283)) - omNode-2@group-523986131536: changes role from CANDIDATE to FOLLOWER at term 1 for DISCOVERED_A_NEW_TERM
2021-01-15 07:28:24,734 [omNode-2@group-523986131536-LeaderElection2] INFO  impl.RoleInfo (RoleInfo.java:shutdownLeaderElection(121)) - omNode-2: shutdown omNode-2@group-523986131536-LeaderElection2
2021-01-15 07:28:24,734 [omNode-2@group-523986131536-LeaderElection2] INFO  impl.RoleInfo (RoleInfo.java:updateAndGet(130)) - omNode-2: start omNode-2@group-523986131536-FollowerState
2021-01-15 07:28:25,811 [Thread-195] INFO  impl.FollowerState (FollowerState.java:run(133)) - omNode-2@group-523986131536-FollowerState: change to CANDIDATE, lastRpcElapsedTime:1076801074ns, electionTimeout:1070ms
2021-01-15 07:28:25,811 [Thread-195] INFO  impl.RoleInfo (RoleInfo.java:shutdownFollowerState(108)) - omNode-2: shutdown omNode-2@group-523986131536-FollowerState
2021-01-15 07:28:25,811 [Thread-195] INFO  server.RaftServer$Division (RaftServerImpl.java:setRole(283)) - omNode-2@group-523986131536: changes role from  FOLLOWER to CANDIDATE at term 1 for changeToCandidate
2021-01-15 07:28:25,823 [Thread-195] INFO  impl.RoleInfo (RoleInfo.java:updateAndGet(130)) - omNode-2: start omNode-2@group-523986131536-LeaderElection3
2021-01-15 07:28:25,824 [omNode-2@group-523986131536-LeaderElection3] INFO  impl.LeaderElection (LeaderElection.java:askForPreVotes(259)) - omNode-2@group-523986131536-LeaderElection3: begin a pre-vote at term 1 for -1: [omNode-3|rpc:localhost:10104|priority:0, omNode-1|rpc:localhost:10092|priority:0, omNode-2|rpc:localhost:10098|priority:0], old=null
2021-01-15 07:28:25,825 [omNode-2@group-523986131536-LeaderElection3] INFO  impl.LeaderElection (LogUtils.java:infoOrTrace(137)) - omNode-2@group-523986131536-LeaderElection3 got exception when requesting votes: java.util.concurrent.ExecutionException: org.apache.ratis.thirdparty.io.grpc.StatusRuntimeException: UNAVAILABLE: io exception
2021-01-15 07:28:25,828 [grpc-default-executor-0] INFO  server.RaftServer$Division (RaftServerImpl.java:requestPreVote(1060)) - omNode-1@group-523986131536: receive preVote(omNode-2, group-523986131536, 1, (t:0, i:~))
2021-01-15 07:28:25,828 [grpc-default-executor-0] INFO  server.RaftServer$Division (RaftServerImpl.java:requestPreVote(1081)) - omNode-1@group-523986131536 role: FOLLOWER allow pre-vote from:omNode-2
2021-01-15 07:28:25,836 [grpc-default-executor-0] INFO  server.RaftServer$Division (RaftServerImpl.java:requestPreVote(1099)) - omNode-1@group-523986131536 replies to pre-vote request: omNode-2<-omNode-1#0:OK-t1. Peer's state: omNode-1@group-523986131536:t1, leader=null, voted=omNode-1, raftlog=omNode-1@group-523986131536-SegmentedRaftLog:OPENED:c-1,f-1,i0, conf=-1: [omNode-3|rpc:localhost:10104|priority:0, omNode-1|rpc:localhost:10092|priority:0, omNode-2|rpc:localhost:10098|priority:0], old=null
2021-01-15 07:28:25,839 [omNode-2@group-523986131536-LeaderElection3] INFO  impl.LeaderElection (LeaderElection.java:logAndReturn(68)) - omNode-2@group-523986131536-LeaderElection3: Pre-vote  PASSED received 1 response(s):[omNode-2<-omNode-1#0:OK-t1]
2021-01-15 07:28:25,839 [omNode-2@group-523986131536-LeaderElection3] INFO  impl.LeaderElection (LogUtils.java:infoOrTrace(137)) -   Exception 0: java.util.concurrent.ExecutionException: org.apache.ratis.thirdparty.io.grpc.StatusRuntimeException: UNAVAILABLE: io exception
2021-01-15 07:28:25,840 [omNode-2@group-523986131536-LeaderElection3] INFO  impl.LeaderElection (LeaderElection.java:askForPreVotes(261)) - omNode-2@group-523986131536-LeaderElection3 pre-vote result is PASSED.
2021-01-15 07:28:25,841 [omNode-2@group-523986131536-LeaderElection3] INFO  impl.LeaderElection (LeaderElection.java:askForVotes(308)) - omNode-2@group-523986131536-LeaderElection3: begin an election at term 2 for -1: [omNode-3|rpc:localhost:10104|priority:0, omNode-1|rpc:localhost:10092|priority:0, omNode-2|rpc:localhost:10098|priority:0], old=null
2021-01-15 07:28:25,842 [omNode-2@group-523986131536-LeaderElection3] INFO  impl.LeaderElection (LogUtils.java:infoOrTrace(137)) - omNode-2@group-523986131536-LeaderElection3 got exception when requesting votes: java.util.concurrent.ExecutionException: org.apache.ratis.thirdparty.io.grpc.StatusRuntimeException: UNAVAILABLE: io exception
2021-01-15 07:28:25,845 [grpc-default-executor-0] INFO  server.RaftServer$Division (RaftServerImpl.java:setRole(283)) - omNode-1@group-523986131536: changes role from  FOLLOWER to FOLLOWER at term 2 for recognizeCandidate:omNode-2
2021-01-15 07:28:25,845 [grpc-default-executor-0] INFO  impl.RoleInfo (RoleInfo.java:shutdownFollowerState(108)) - omNode-1: shutdown omNode-1@group-523986131536-FollowerState
2021-01-15 07:28:25,845 [grpc-default-executor-0] INFO  impl.RoleInfo (RoleInfo.java:updateAndGet(130)) - omNode-1: start omNode-1@group-523986131536-FollowerState
2021-01-15 07:28:25,845 [Thread-194] INFO  impl.FollowerState (FollowerState.java:run(142)) - omNode-1@group-523986131536-FollowerState was interrupted: {}
java.lang.InterruptedException: sleep interrupted
	at java.lang.Thread.sleep(Native Method)
	at java.lang.Thread.sleep(Thread.java:340)
	at java.util.concurrent.TimeUnit.sleep(TimeUnit.java:386)
	at org.apache.ratis.util.TimeDuration.sleep(TimeDuration.java:324)
	at org.apache.ratis.util.TimeDuration.sleep(TimeDuration.java:309)
	at org.apache.ratis.server.impl.FollowerState.run(FollowerState.java:117)
2021-01-15 07:28:25,846 [grpc-default-executor-0] INFO  server.RaftServer$Division (RaftServerImpl.java:requestVote(1137)) -  FOLLOWER omNode-1@group-523986131536:t2, leader=null, voted=null, raftlog=omNode-1@group-523986131536-SegmentedRaftLog:OPENED:c-1,f-1,i0, conf=-1: [omNode-3|rpc:localhost:10104|priority:0, omNode-1|rpc:localhost:10092|priority:0, omNode-2|rpc:localhost:10098|priority:0], old=null RUNNING priority:0 candidate:omNode-2|rpc:localhost:10098|priority:0 candidatePriority:0 compare:0
2021-01-15 07:28:25,850 [omNode-2@group-523986131536-LeaderElection3] INFO  impl.LeaderElection (LeaderElection.java:logAndReturn(68)) - omNode-2@group-523986131536-LeaderElection3: Election  PASSED received 1 response(s):[omNode-2<-omNode-1#0:OK-t2]
2021-01-15 07:28:25,850 [omNode-2@group-523986131536-LeaderElection3] INFO  impl.LeaderElection (LogUtils.java:infoOrTrace(137)) -   Exception 0: java.util.concurrent.ExecutionException: org.apache.ratis.thirdparty.io.grpc.StatusRuntimeException: UNAVAILABLE: io exception
2021-01-15 07:28:25,850 [omNode-2@group-523986131536-LeaderElection3] INFO  impl.RoleInfo (RoleInfo.java:shutdownLeaderElection(121)) - omNode-2: shutdown omNode-2@group-523986131536-LeaderElection3
2021-01-15 07:28:25,850 [omNode-2@group-523986131536-LeaderElection3] INFO  server.RaftServer$Division (RaftServerImpl.java:setRole(283)) - omNode-2@group-523986131536: changes role from CANDIDATE to LEADER at term 2 for changeToLeader
2021-01-15 07:28:25,851 [omNode-2@group-523986131536-LeaderElection3] INFO  server.RaftServer$Division (ServerState.java:setLeader(249)) - omNode-2@group-523986131536: change Leader from null to omNode-2 at term 2 for becomeLeader, leader elected after 2410ms
2021-01-15 07:28:25,856 [omNode-2@group-523986131536-LeaderElection3] INFO  server.RaftServerConfigKeys (ConfUtils.java:logGet(44)) - raft.server.staging.catchup.gap = 1000 (default)
2021-01-15 07:28:25,862 [omNode-2@group-523986131536-LeaderElection3] INFO  metrics.RatisMetrics (RatisMetrics.java:lambda$create$0(36)) - Creating Metrics Registry : ratis.log_appender.omNode-2@group-523986131536
2021-01-15 07:28:25,864 [omNode-2@group-523986131536-LeaderElection3] INFO  server.RaftServerConfigKeys (ConfUtils.java:logGet(44)) - raft.server.write.element-limit = 4096 (default)
2021-01-15 07:28:25,866 [omNode-2@group-523986131536-LeaderElection3] INFO  server.RaftServerConfigKeys (ConfUtils.java:logGet(44)) - raft.server.write.byte-limit = 64MB (=67108864) (default)
2021-01-15 07:28:25,872 [omNode-2@group-523986131536-LeaderElection3] INFO  server.RaftServerConfigKeys (ConfUtils.java:logGet(44)) - raft.server.watch.timeout = 10s (default)
2021-01-15 07:28:25,879 [omNode-2@group-523986131536-LeaderElection3] INFO  server.RaftServerConfigKeys (ConfUtils.java:logGet(44)) - raft.server.watch.timeout.denomination = 1s (default)
2021-01-15 07:28:25,879 [omNode-2@group-523986131536-LeaderElection3] INFO  server.RaftServerConfigKeys (ConfUtils.java:logGet(44)) - raft.server.watch.element-limit = 65536 (default)
2021-01-15 07:28:25,891 [omNode-2@group-523986131536-LeaderElection3] INFO  server.RaftServerConfigKeys (ConfUtils.java:logGet(44)) - raft.server.log.appender.snapshot.chunk.size.max = 16MB (=16777216) (default)
2021-01-15 07:28:25,891 [omNode-2@group-523986131536-LeaderElection3] INFO  server.RaftServerConfigKeys (ConfUtils.java:logGet(44)) - raft.server.log.appender.buffer.byte-limit = 33554432 (custom)
2021-01-15 07:28:25,892 [omNode-2@group-523986131536-LeaderElection3] INFO  server.RaftServerConfigKeys (ConfUtils.java:logGet(44)) - raft.server.log.appender.buffer.element-limit = 1024 (custom)
2021-01-15 07:28:25,895 [omNode-2@group-523986131536-LeaderElection3] INFO  grpc.GrpcConfigKeys (ConfUtils.java:logGet(44)) - raft.grpc.server.leader.outstanding.appends.max = 128 (default)
2021-01-15 07:28:25,895 [omNode-2@group-523986131536-LeaderElection3] INFO  server.RaftServerConfigKeys (ConfUtils.java:logGet(44)) - raft.server.rpc.request.timeout = 3000ms (default)
2021-01-15 07:28:25,895 [omNode-2@group-523986131536-LeaderElection3] INFO  server.RaftServerConfigKeys (ConfUtils.java:logGet(44)) - raft.server.log.appender.install.snapshot.enabled = false (custom)
2021-01-15 07:28:25,896 [omNode-2@group-523986131536-LeaderElection3] INFO  metrics.RatisMetrics (RatisMetrics.java:lambda$create$0(36)) - Creating Metrics Registry : ratis_grpc.log_appender.omNode-2@group-523986131536
2021-01-15 07:28:25,909 [omNode-2@group-523986131536-LeaderElection3] INFO  server.RaftServerConfigKeys (ConfUtils.java:logGet(44)) - raft.server.log.appender.snapshot.chunk.size.max = 16MB (=16777216) (default)
2021-01-15 07:28:25,910 [omNode-2@group-523986131536-LeaderElection3] INFO  server.RaftServerConfigKeys (ConfUtils.java:logGet(44)) - raft.server.log.appender.buffer.byte-limit = 33554432 (custom)
2021-01-15 07:28:25,911 [omNode-2@group-523986131536-LeaderElection3] INFO  server.RaftServerConfigKeys (ConfUtils.java:logGet(44)) - raft.server.log.appender.buffer.element-limit = 1024 (custom)
2021-01-15 07:28:25,911 [omNode-2@group-523986131536-LeaderElection3] INFO  grpc.GrpcConfigKeys (ConfUtils.java:logGet(44)) - raft.grpc.server.leader.outstanding.appends.max = 128 (default)
2021-01-15 07:28:25,912 [omNode-2@group-523986131536-LeaderElection3] INFO  server.RaftServerConfigKeys (ConfUtils.java:logGet(44)) - raft.server.rpc.request.timeout = 3000ms (default)
2021-01-15 07:28:25,912 [omNode-2@group-523986131536-LeaderElection3] INFO  server.RaftServerConfigKeys (ConfUtils.java:logGet(44)) - raft.server.log.appender.install.snapshot.enabled = false (custom)
2021-01-15 07:28:25,916 [omNode-2@group-523986131536-LeaderElection3] INFO  impl.RoleInfo (RoleInfo.java:updateAndGet(130)) - omNode-2: start omNode-2@group-523986131536-LeaderStateImpl
2021-01-15 07:28:25,930 [omNode-2@group-523986131536-LeaderElection3] INFO  segmented.SegmentedRaftLogWorker (SegmentedRaftLogWorker.java:startLogSegment(392)) - omNode-2@group-523986131536-SegmentedRaftLogWorker: Starting segment from index:0
2021-01-15 07:28:25,991 [omNode-2@group-523986131536-LeaderElection3] INFO  server.RaftServer$Division (ServerState.java:setRaftConf(368)) - omNode-2@group-523986131536: set configuration 0: [omNode-3|rpc:localhost:10104|dataStream:|priority:0, omNode-1|rpc:localhost:10092|dataStream:|priority:0, omNode-2|rpc:localhost:10098|dataStream:|priority:0], old=null
2021-01-15 07:28:25,997 [grpc-default-executor-0] WARN  server.GrpcLogAppender (LogUtils.java:warn(122)) - omNode-2@group-523986131536->omNode-3-AppendLogResponseHandler: Failed appendEntries: org.apache.ratis.thirdparty.io.grpc.StatusRuntimeException: UNAVAILABLE: io exception
2021-01-15 07:28:26,015 [grpc-default-executor-0] WARN  server.GrpcLogAppender (GrpcLogAppender.java:resetClient(111)) - omNode-2@group-523986131536->omNode-3-GrpcLogAppender: Leader has not got in touch with Follower omNode-2@group-523986131536->omNode-3(c-1,m0,n1, attendVote=true, lastRpcSendTime=13, lastRpcResponseTime=1332) yet, just keep nextIndex unchanged and retry.
2021-01-15 07:28:26,038 [grpc-default-executor-2] INFO  server.RaftServer$Division (ServerState.java:setLeader(249)) - omNode-1@group-523986131536: change Leader from null to omNode-2 at term 2 for appendEntries, leader elected after 2896ms
2021-01-15 07:28:26,068 [grpc-default-executor-2] INFO  server.RaftServer$Division (ServerState.java:setRaftConf(368)) - omNode-1@group-523986131536: set configuration 0: [omNode-3|rpc:localhost:10104|dataStream:|priority:0, omNode-1|rpc:localhost:10092|dataStream:|priority:0, omNode-2|rpc:localhost:10098|dataStream:|priority:0], old=null
2021-01-15 07:28:26,069 [grpc-default-executor-2] INFO  segmented.SegmentedRaftLogWorker (SegmentedRaftLogWorker.java:startLogSegment(392)) - omNode-1@group-523986131536-SegmentedRaftLogWorker: Starting segment from index:0
2021-01-15 07:28:26,243 [omNode-2@group-523986131536-SegmentedRaftLogWorker] INFO  segmented.SegmentedRaftLogWorker (SegmentedRaftLogWorker.java:execute(599)) - omNode-2@group-523986131536-SegmentedRaftLogWorker: created new log segment /github/workspace/mnt/ozone/hadoop-ozone/integration-test/target/test-dir/MiniOzoneClusterImpl-f641cada-e66d-4460-aad4-b2880581a04d/omNode-2/ratis/c9bc4cf4-3bc3-3c60-a66b-523986131536/current/log_inprogress_0
2021-01-15 07:28:26,245 [omNode-1@group-523986131536-SegmentedRaftLogWorker] INFO  segmented.SegmentedRaftLogWorker (SegmentedRaftLogWorker.java:execute(599)) - omNode-1@group-523986131536-SegmentedRaftLogWorker: created new log segment /github/workspace/mnt/ozone/hadoop-ozone/integration-test/target/test-dir/MiniOzoneClusterImpl-f641cada-e66d-4460-aad4-b2880581a04d/omNode-1/ratis/c9bc4cf4-3bc3-3c60-a66b-523986131536/current/log_inprogress_0
2021-01-15 07:28:26,516 [grpc-default-executor-2] WARN  server.GrpcLogAppender (LogUtils.java:warn(122)) - omNode-2@group-523986131536->omNode-3-AppendLogResponseHandler: Failed appendEntries: org.apache.ratis.thirdparty.io.grpc.StatusRuntimeException: UNAVAILABLE: io exception
2021-01-15 07:28:26,517 [grpc-default-executor-2] WARN  server.GrpcLogAppender (GrpcLogAppender.java:resetClient(111)) - omNode-2@group-523986131536->omNode-3-GrpcLogAppender: Leader has not got in touch with Follower omNode-2@group-523986131536->omNode-3(c-1,m0,n1, attendVote=true, lastRpcSendTime=501, lastRpcResponseTime=1834) yet, just keep nextIndex unchanged and retry.
2021-01-15 07:28:27,023 [grpc-default-executor-2] WARN  server.GrpcLogAppender (LogUtils.java:warn(122)) - omNode-2@group-523986131536->omNode-3-AppendLogResponseHandler: Failed appendEntries: org.apache.ratis.thirdparty.io.grpc.StatusRuntimeException: UNAVAILABLE: io exception
2021-01-15 07:28:27,024 [grpc-default-executor-2] WARN  server.GrpcLogAppender (GrpcLogAppender.java:resetClient(111)) - omNode-2@group-523986131536->omNode-3-GrpcLogAppender: Leader has not got in touch with Follower omNode-2@group-523986131536->omNode-3(c-1,m0,n1, attendVote=true, lastRpcSendTime=1, lastRpcResponseTime=2342) yet, just keep nextIndex unchanged and retry.
2021-01-15 07:28:27,523 [grpc-default-executor-2] WARN  server.GrpcLogAppender (LogUtils.java:warn(122)) - omNode-2@group-523986131536->omNode-3-AppendLogResponseHandler: Failed appendEntries: org.apache.ratis.thirdparty.io.grpc.StatusRuntimeException: UNAVAILABLE: io exception
2021-01-15 07:28:27,524 [grpc-default-executor-2] WARN  server.GrpcLogAppender (GrpcLogAppender.java:resetClient(111)) - omNode-2@group-523986131536->omNode-3-GrpcLogAppender: Leader has not got in touch with Follower omNode-2@group-523986131536->omNode-3(c-1,m0,n1, attendVote=true, lastRpcSendTime=0, lastRpcResponseTime=2841) yet, just keep nextIndex unchanged and retry.
2021-01-15 07:28:28,024 [grpc-default-executor-2] WARN  server.GrpcLogAppender (LogUtils.java:warn(122)) - omNode-2@group-523986131536->omNode-3-AppendLogResponseHandler: Failed appendEntries: org.apache.ratis.thirdparty.io.grpc.StatusRuntimeException: UNAVAILABLE: io exception
2021-01-15 07:28:28,025 [grpc-default-executor-2] WARN  server.GrpcLogAppender (GrpcLogAppender.java:resetClient(111)) - omNode-2@group-523986131536->omNode-3-GrpcLogAppender: Leader has not got in touch with Follower omNode-2@group-523986131536->omNode-3(c-1,m0,n1, attendVote=true, lastRpcSendTime=1, lastRpcResponseTime=3342) yet, just keep nextIndex unchanged and retry.
2021-01-15 07:28:28,528 [grpc-default-executor-2] WARN  server.GrpcLogAppender (LogUtils.java:warn(122)) - omNode-2@group-523986131536->omNode-3-AppendLogResponseHandler: Failed appendEntries: org.apache.ratis.thirdparty.io.grpc.StatusRuntimeException: UNAVAILABLE: io exception
2021-01-15 07:28:28,529 [grpc-default-executor-2] WARN  server.GrpcLogAppender (GrpcLogAppender.java:resetClient(111)) - omNode-2@group-523986131536->omNode-3-GrpcLogAppender: Leader has not got in touch with Follower omNode-2@group-523986131536->omNode-3(c-1,m0,n1, attendVote=true, lastRpcSendTime=1, lastRpcResponseTime=3847) yet, just keep nextIndex unchanged and retry.
2021-01-15 07:28:29,029 [grpc-default-executor-2] WARN  server.GrpcLogAppender (LogUtils.java:warn(122)) - omNode-2@group-523986131536->omNode-3-AppendLogResponseHandler: Failed appendEntries: org.apache.ratis.thirdparty.io.grpc.StatusRuntimeException: UNAVAILABLE: io exception
2021-01-15 07:28:29,030 [grpc-default-executor-2] WARN  server.GrpcLogAppender (GrpcLogAppender.java:resetClient(111)) - omNode-2@group-523986131536->omNode-3-GrpcLogAppender: Leader has not got in touch with Follower omNode-2@group-523986131536->omNode-3(c-1,m0,n1, attendVote=true, lastRpcSendTime=0, lastRpcResponseTime=4347) yet, just keep nextIndex unchanged and retry.
2021-01-15 07:28:29,279 [Listener at 127.0.0.1/10100] INFO  http.BaseHttpServer (BaseHttpServer.java:updateConnectorAddress(327)) - HTTP server of hddsDatanode listening at http://0.0.0.0:36359
2021-01-15 07:28:29,281 [Listener at 127.0.0.1/10100] INFO  impl.MetricsSystemImpl (MetricsSystemImpl.java:init(158)) - HddsDatanode metrics system started (again)
2021-01-15 07:28:29,283 [Listener at 127.0.0.1/10100] INFO  ozone.HddsDatanodeService (HddsDatanodeService.java:start(215)) - HddsDatanodeService host:80870765a40b ip:172.17.0.2
2021-01-15 07:28:29,285 [Listener at 127.0.0.1/10100] INFO  volume.HddsVolume (HddsVolume.java:<init>(176)) - Creating Volume: /github/workspace/mnt/ozone/hadoop-ozone/integration-test/target/test-dir/MiniOzoneClusterImpl-f641cada-e66d-4460-aad4-b2880581a04d/datanode-1/data-0/containers/hdds of storage type : DISK and capacity : 9223372036854775807
2021-01-15 07:28:29,286 [Listener at 127.0.0.1/10100] INFO  volume.MutableVolumeSet (MutableVolumeSet.java:initializeVolumeSet(179)) - Added Volume : /github/workspace/mnt/ozone/hadoop-ozone/integration-test/target/test-dir/MiniOzoneClusterImpl-f641cada-e66d-4460-aad4-b2880581a04d/datanode-1/data-0/containers/hdds to VolumeSet
2021-01-15 07:28:29,286 [Listener at 127.0.0.1/10100] INFO  volume.ThrottledAsyncChecker (ThrottledAsyncChecker.java:schedule(141)) - Scheduling a check for /github/workspace/mnt/ozone/hadoop-ozone/integration-test/target/test-dir/MiniOzoneClusterImpl-f641cada-e66d-4460-aad4-b2880581a04d/datanode-1/data-0/containers/hdds
2021-01-15 07:28:29,288 [Listener at 127.0.0.1/10100] INFO  volume.HddsVolumeChecker (HddsVolumeChecker.java:checkAllVolumes(200)) - Scheduled health check for volume /github/workspace/mnt/ozone/hadoop-ozone/integration-test/target/test-dir/MiniOzoneClusterImpl-f641cada-e66d-4460-aad4-b2880581a04d/datanode-1/data-0/containers/hdds
2021-01-15 07:28:29,333 [org.apache.hadoop.util.JvmPauseMonitor$Monitor@4c556d4] INFO  util.JvmPauseMonitor (JvmPauseMonitor.java:run(188)) - Starting JVM pause monitor
2021-01-15 07:28:29,339 [Thread-216] INFO  ozoneimpl.ContainerReader (ContainerReader.java:readVolume(123)) - Start to verify containers on volume /github/workspace/mnt/ozone/hadoop-ozone/integration-test/target/test-dir/MiniOzoneClusterImpl-f641cada-e66d-4460-aad4-b2880581a04d/datanode-1/data-0/containers/hdds
2021-01-15 07:28:29,343 [Thread-216] INFO  ozoneimpl.ContainerReader (ContainerReader.java:readVolume(148)) - Finish verifying containers on volume /github/workspace/mnt/ozone/hadoop-ozone/integration-test/target/test-dir/MiniOzoneClusterImpl-f641cada-e66d-4460-aad4-b2880581a04d/datanode-1/data-0/containers/hdds
2021-01-15 07:28:29,343 [Listener at 127.0.0.1/10100] INFO  ozoneimpl.OzoneContainer (OzoneContainer.java:buildContainerSet(206)) - Build ContainerSet costs 0s
2021-01-15 07:28:29,347 [Listener at 127.0.0.1/10100] INFO  server.RaftServer (ConfUtils.java:logGet(44)) - raft.rpc.type = GRPC (default)
2021-01-15 07:28:29,347 [Listener at 127.0.0.1/10100] INFO  grpc.GrpcFactory (GrpcFactory.java:checkPooledByteBufAllocatorUseCacheForAllThreads(48)) - PERFORMANCE WARNING: useCacheForAllThreads is true that may cause Netty to create a lot garbage objects and, as a result, trigger GC.
	It is recommended to disable useCacheForAllThreads by setting -Dorg.apache.ratis.thirdparty.io.netty.allocator.useCacheForAllThreads=false in command line.
2021-01-15 07:28:29,347 [Listener at 127.0.0.1/10100] INFO  grpc.GrpcConfigKeys (ConfUtils.java:logGet(44)) - raft.grpc.server.port = 0 (default)
2021-01-15 07:28:29,347 [Listener at 127.0.0.1/10100] INFO  server.GrpcService (ConfUtils.java:logGet(44)) - raft.grpc.message.size.max = 32MB (=33554432) (custom)
2021-01-15 07:28:29,347 [Listener at 127.0.0.1/10100] INFO  server.RaftServerConfigKeys (ConfUtils.java:logGet(44)) - raft.server.log.appender.buffer.byte-limit = 33554432 (custom)
2021-01-15 07:28:29,348 [Listener at 127.0.0.1/10100] INFO  server.GrpcService (ConfUtils.java:logGet(44)) - raft.grpc.flow.control.window = 5MB (=5242880) (custom)
2021-01-15 07:28:29,348 [Listener at 127.0.0.1/10100] INFO  server.RaftServerConfigKeys (ConfUtils.java:logGet(44)) - raft.server.rpc.request.timeout = 60s (custom)
2021-01-15 07:28:29,349 [Listener at 127.0.0.1/10100] INFO  impl.DataStreamServerImpl (ConfUtils.java:logGet(44)) - raft.datastream.type = DISABLED (default)
2021-01-15 07:28:29,349 [Listener at 127.0.0.1/10100] INFO  server.RaftServerConfigKeys (ConfUtils.java:logGet(44)) - raft.server.rpc.slowness.timeout = 300s (custom)
2021-01-15 07:28:29,350 [Listener at 127.0.0.1/10100] INFO  server.RaftServerConfigKeys (ConfUtils.java:logGet(44)) - raft.server.leaderelection.leader.step-down.wait-time = 10s (default)
2021-01-15 07:28:29,350 [Listener at 127.0.0.1/10100] INFO  server.RaftServerConfigKeys (ConfUtils.java:logGet(44)) - raft.server.storage.dir = [/github/workspace/mnt/ozone/hadoop-ozone/integration-test/target/test-dir/MiniOzoneClusterImpl-f641cada-e66d-4460-aad4-b2880581a04d/datanode-1/data/ratis] (custom)
2021-01-15 07:28:29,360 [Listener at 127.0.0.1/10100] INFO  http.BaseHttpServer (BaseHttpServer.java:newHttpServer2BuilderForOzone(207)) - Starting Web-server for hddsDatanode at: http://0.0.0.0:0
2021-01-15 07:28:29,360 [Listener at 127.0.0.1/10100] INFO  http.BaseHttpServer (BaseHttpServer.java:<init>(106)) - Hadoop Security Enabled: false Ozone Security Enabled: false Ozone HTTP Security Enabled: false 
2021-01-15 07:28:29,362 [Listener at 127.0.0.1/10100] INFO  server.AuthenticationFilter (AuthenticationFilter.java:constructSecretProvider(240)) - Unable to initialize FileSignerSecretProvider, falling back to use random secrets.
2021-01-15 07:28:29,367 [Listener at 127.0.0.1/10100] WARN  http.HttpRequestLog (HttpRequestLog.java:getRequestLog(103)) - Jetty request log can only be enabled using Log4j
2021-01-15 07:28:29,367 [Listener at 127.0.0.1/10100] INFO  http.HttpServer2 (HttpServer2.java:addGlobalFilter(1020)) - Added global filter 'safety' (class=org.apache.hadoop.hdds.server.http.HttpServer2$QuotingInputFilter)
2021-01-15 07:28:29,368 [Listener at 127.0.0.1/10100] INFO  http.HttpServer2 (HttpServer2.java:addFilter(996)) - Added filter static_user_filter (class=org.apache.hadoop.http.lib.StaticUserWebFilter$StaticUserFilter) to context hddsDatanode
2021-01-15 07:28:29,368 [Listener at 127.0.0.1/10100] INFO  http.HttpServer2 (HttpServer2.java:addFilter(1004)) - Added filter static_user_filter (class=org.apache.hadoop.http.lib.StaticUserWebFilter$StaticUserFilter) to context static
2021-01-15 07:28:29,368 [Listener at 127.0.0.1/10100] INFO  http.HttpServer2 (HttpServer2.java:addFilter(1004)) - Added filter static_user_filter (class=org.apache.hadoop.http.lib.StaticUserWebFilter$StaticUserFilter) to context logs
2021-01-15 07:28:29,369 [Listener at 127.0.0.1/10100] INFO  http.HttpServer2 (HttpServer2.java:bindListener(1238)) - Jetty bound to port 41403
2021-01-15 07:28:29,369 [Listener at 127.0.0.1/10100] INFO  server.Server (Server.java:doStart(375)) - jetty-9.4.34.v20201102; built: 2020-11-02T14:15:39.302Z; git: e46af88704a893fc12cb0e3bf46e2c7b48a009e7; jvm 1.8.0_232-b09
2021-01-15 07:28:29,399 [Listener at 127.0.0.1/10100] INFO  server.session (DefaultSessionIdManager.java:doStart(334)) - DefaultSessionIdManager workerName=node0
2021-01-15 07:28:29,399 [Listener at 127.0.0.1/10100] INFO  server.session (DefaultSessionIdManager.java:doStart(339)) - No SessionScavenger set, using defaults
2021-01-15 07:28:29,399 [Listener at 127.0.0.1/10100] INFO  server.session (HouseKeeper.java:startScavenging(132)) - node0 Scavenging every 600000ms
2021-01-15 07:28:29,407 [Listener at 127.0.0.1/10100] INFO  handler.ContextHandler (ContextHandler.java:doStart(916)) - Started o.e.j.s.ServletContextHandler@197ade36{logs,/logs,file:///github/workspace/mnt/ozone/hadoop-ozone/integration-test/target/log,AVAILABLE}
2021-01-15 07:28:29,408 [Listener at 127.0.0.1/10100] INFO  handler.ContextHandler (ContextHandler.java:doStart(916)) - Started o.e.j.s.ServletContextHandler@2a1432be{static,/static,jar:file:/home/user/.m2/repository/org/apache/hadoop/hadoop-hdds-container-service/1.1.0-SNAPSHOT/hadoop-hdds-container-service-1.1.0-SNAPSHOT.jar!/webapps/static,AVAILABLE}
2021-01-15 07:28:29,582 [org.apache.ratis.util.JvmPauseMonitor$$Lambda$305/117534431@2d3e53fe] WARN  util.JvmPauseMonitor (JvmPauseMonitor.java:detectPause(124)) - JvmPauseMonitor-omNode-2: Detected pause in JVM or host machine (eg GC): pause of approximately 103139567ns

GC pool 'PS MarkSweep' had collection(s): count=1 time=105ms
GC pool 'PS Scavenge' had collection(s): count=2 time=9ms
2021-01-15 07:28:29,587 [grpc-default-executor-2] WARN  server.GrpcLogAppender (LogUtils.java:warn(122)) - omNode-2@group-523986131536->omNode-3-AppendLogResponseHandler: Failed appendEntries: org.apache.ratis.thirdparty.io.grpc.StatusRuntimeException: UNAVAILABLE: io exception
2021-01-15 07:28:29,588 [grpc-default-executor-2] WARN  server.GrpcLogAppender (GrpcLogAppender.java:resetClient(111)) - omNode-2@group-523986131536->omNode-3-GrpcLogAppender: Leader has not got in touch with Follower omNode-2@group-523986131536->omNode-3(c-1,m0,n1, attendVote=true, lastRpcSendTime=4, lastRpcResponseTime=4905) yet, just keep nextIndex unchanged and retry.
2021-01-15 07:28:29,663 [Datanode State Machine Task Thread - 0] INFO  datanode.InitDatanodeState (InitDatanodeState.java:persistContainerDatanodeDetails(145)) - DatanodeDetails is persisted to /github/workspace/mnt/ozone/hadoop-ozone/integration-test/target/test-dir/MiniOzoneClusterImpl-f641cada-e66d-4460-aad4-b2880581a04d/datanode-0/meta/datanode.id
2021-01-15 07:28:29,761 [Listener at 127.0.0.1/10100] INFO  handler.ContextHandler (ContextHandler.java:doStart(916)) - Started o.e.j.w.WebAppContext@594ddacd{hddsDatanode,/,file:///tmp/jetty-0_0_0_0-41403-hadoop-hdds-container-service-1_1_0-SNAPSHOT_jar-_-any-5827099197741707339/webapp/,AVAILABLE}{jar:file:/home/user/.m2/repository/org/apache/hadoop/hadoop-hdds-container-service/1.1.0-SNAPSHOT/hadoop-hdds-container-service-1.1.0-SNAPSHOT.jar!/webapps/hddsDatanode}
2021-01-15 07:28:29,770 [Listener at 127.0.0.1/10100] INFO  server.AbstractConnector (AbstractConnector.java:doStart(331)) - Started ServerConnector@7d607f83{HTTP/1.1, (http/1.1)}{0.0.0.0:41403}
2021-01-15 07:28:29,770 [Listener at 127.0.0.1/10100] INFO  server.Server (Server.java:doStart(415)) - Started @10833ms
2021-01-15 07:28:29,770 [Listener at 127.0.0.1/10100] WARN  impl.MetricsSystemImpl (MetricsSystemImpl.java:register(276)) - Sink prometheus already exists!
2021-01-15 07:28:29,780 [Listener at 127.0.0.1/10100] INFO  http.BaseHttpServer (BaseHttpServer.java:updateConnectorAddress(327)) - HTTP server of hddsDatanode listening at http://0.0.0.0:41403
2021-01-15 07:28:29,783 [Listener at 127.0.0.1/10100] INFO  impl.MetricsSystemImpl (MetricsSystemImpl.java:init(158)) - HddsDatanode metrics system started (again)
2021-01-15 07:28:29,784 [Listener at 127.0.0.1/10100] INFO  ozone.HddsDatanodeService (HddsDatanodeService.java:start(215)) - HddsDatanodeService host:80870765a40b ip:172.17.0.2
2021-01-15 07:28:29,800 [Listener at 127.0.0.1/10100] INFO  volume.HddsVolume (HddsVolume.java:<init>(176)) - Creating Volume: /github/workspace/mnt/ozone/hadoop-ozone/integration-test/target/test-dir/MiniOzoneClusterImpl-f641cada-e66d-4460-aad4-b2880581a04d/datanode-2/data-0/containers/hdds of storage type : DISK and capacity : 9223372036854775807
2021-01-15 07:28:29,800 [Listener at 127.0.0.1/10100] INFO  volume.MutableVolumeSet (MutableVolumeSet.java:initializeVolumeSet(179)) - Added Volume : /github/workspace/mnt/ozone/hadoop-ozone/integration-test/target/test-dir/MiniOzoneClusterImpl-f641cada-e66d-4460-aad4-b2880581a04d/datanode-2/data-0/containers/hdds to VolumeSet
2021-01-15 07:28:29,800 [Listener at 127.0.0.1/10100] INFO  volume.ThrottledAsyncChecker (ThrottledAsyncChecker.java:schedule(141)) - Scheduling a check for /github/workspace/mnt/ozone/hadoop-ozone/integration-test/target/test-dir/MiniOzoneClusterImpl-f641cada-e66d-4460-aad4-b2880581a04d/datanode-2/data-0/containers/hdds
2021-01-15 07:28:29,801 [Listener at 127.0.0.1/10100] INFO  volume.HddsVolumeChecker (HddsVolumeChecker.java:checkAllVolumes(200)) - Scheduled health check for volume /github/workspace/mnt/ozone/hadoop-ozone/integration-test/target/test-dir/MiniOzoneClusterImpl-f641cada-e66d-4460-aad4-b2880581a04d/datanode-2/data-0/containers/hdds
2021-01-15 07:28:29,831 [org.apache.hadoop.util.JvmPauseMonitor$Monitor@6424f29a] INFO  util.JvmPauseMonitor (JvmPauseMonitor.java:run(188)) - Starting JVM pause monitor
2021-01-15 07:28:29,849 [Datanode State Machine Task Thread - 0] INFO  datanode.InitDatanodeState (InitDatanodeState.java:persistContainerDatanodeDetails(145)) - DatanodeDetails is persisted to /github/workspace/mnt/ozone/hadoop-ozone/integration-test/target/test-dir/MiniOzoneClusterImpl-f641cada-e66d-4460-aad4-b2880581a04d/datanode-1/meta/datanode.id
2021-01-15 07:28:29,849 [Thread-227] INFO  ozoneimpl.ContainerReader (ContainerReader.java:readVolume(123)) - Start to verify containers on volume /github/workspace/mnt/ozone/hadoop-ozone/integration-test/target/test-dir/MiniOzoneClusterImpl-f641cada-e66d-4460-aad4-b2880581a04d/datanode-2/data-0/containers/hdds
2021-01-15 07:28:29,849 [Thread-227] INFO  ozoneimpl.ContainerReader (ContainerReader.java:readVolume(148)) - Finish verifying containers on volume /github/workspace/mnt/ozone/hadoop-ozone/integration-test/target/test-dir/MiniOzoneClusterImpl-f641cada-e66d-4460-aad4-b2880581a04d/datanode-2/data-0/containers/hdds
2021-01-15 07:28:29,849 [Listener at 127.0.0.1/10100] INFO  ozoneimpl.OzoneContainer (OzoneContainer.java:buildContainerSet(206)) - Build ContainerSet costs 0s
2021-01-15 07:28:29,852 [Listener at 127.0.0.1/10100] INFO  server.RaftServer (ConfUtils.java:logGet(44)) - raft.rpc.type = GRPC (default)
2021-01-15 07:28:29,852 [Listener at 127.0.0.1/10100] INFO  grpc.GrpcFactory (GrpcFactory.java:checkPooledByteBufAllocatorUseCacheForAllThreads(48)) - PERFORMANCE WARNING: useCacheForAllThreads is true that may cause Netty to create a lot garbage objects and, as a result, trigger GC.
	It is recommended to disable useCacheForAllThreads by setting -Dorg.apache.ratis.thirdparty.io.netty.allocator.useCacheForAllThreads=false in command line.
2021-01-15 07:28:29,852 [Listener at 127.0.0.1/10100] INFO  grpc.GrpcConfigKeys (ConfUtils.java:logGet(44)) - raft.grpc.server.port = 0 (default)
2021-01-15 07:28:29,852 [Listener at 127.0.0.1/10100] INFO  server.GrpcService (ConfUtils.java:logGet(44)) - raft.grpc.message.size.max = 32MB (=33554432) (custom)
2021-01-15 07:28:29,852 [Listener at 127.0.0.1/10100] INFO  server.RaftServerConfigKeys (ConfUtils.java:logGet(44)) - raft.server.log.appender.buffer.byte-limit = 33554432 (custom)
2021-01-15 07:28:29,852 [Listener at 127.0.0.1/10100] INFO  server.GrpcService (ConfUtils.java:logGet(44)) - raft.grpc.flow.control.window = 5MB (=5242880) (custom)
2021-01-15 07:28:29,853 [Listener at 127.0.0.1/10100] INFO  server.RaftServerConfigKeys (ConfUtils.java:logGet(44)) - raft.server.rpc.request.timeout = 60s (custom)
2021-01-15 07:28:29,854 [Listener at 127.0.0.1/10100] INFO  impl.DataStreamServerImpl (ConfUtils.java:logGet(44)) - raft.datastream.type = DISABLED (default)
2021-01-15 07:28:29,854 [Listener at 127.0.0.1/10100] INFO  server.RaftServerConfigKeys (ConfUtils.java:logGet(44)) - raft.server.rpc.slowness.timeout = 300s (custom)
2021-01-15 07:28:29,854 [Listener at 127.0.0.1/10100] INFO  server.RaftServerConfigKeys (ConfUtils.java:logGet(44)) - raft.server.leaderelection.leader.step-down.wait-time = 10s (default)
2021-01-15 07:28:29,854 [Listener at 127.0.0.1/10100] INFO  server.RaftServerConfigKeys (ConfUtils.java:logGet(44)) - raft.server.storage.dir = [/github/workspace/mnt/ozone/hadoop-ozone/integration-test/target/test-dir/MiniOzoneClusterImpl-f641cada-e66d-4460-aad4-b2880581a04d/datanode-2/data/ratis] (custom)
2021-01-15 07:28:29,862 [Listener at 127.0.0.1/10100] INFO  http.BaseHttpServer (BaseHttpServer.java:newHttpServer2BuilderForOzone(207)) - Starting Web-server for hddsDatanode at: http://0.0.0.0:0
2021-01-15 07:28:29,862 [Listener at 127.0.0.1/10100] INFO  http.BaseHttpServer (BaseHttpServer.java:<init>(106)) - Hadoop Security Enabled: false Ozone Security Enabled: false Ozone HTTP Security Enabled: false 
2021-01-15 07:28:29,867 [Listener at 127.0.0.1/10100] INFO  server.AuthenticationFilter (AuthenticationFilter.java:constructSecretProvider(240)) - Unable to initialize FileSignerSecretProvider, falling back to use random secrets.
2021-01-15 07:28:29,871 [Listener at 127.0.0.1/10100] WARN  http.HttpRequestLog (HttpRequestLog.java:getRequestLog(103)) - Jetty request log can only be enabled using Log4j
2021-01-15 07:28:29,871 [Listener at 127.0.0.1/10100] INFO  http.HttpServer2 (HttpServer2.java:addGlobalFilter(1020)) - Added global filter 'safety' (class=org.apache.hadoop.hdds.server.http.HttpServer2$QuotingInputFilter)
2021-01-15 07:28:29,872 [Listener at 127.0.0.1/10100] INFO  http.HttpServer2 (HttpServer2.java:addFilter(996)) - Added filter static_user_filter (class=org.apache.hadoop.http.lib.StaticUserWebFilter$StaticUserFilter) to context hddsDatanode
2021-01-15 07:28:29,872 [Listener at 127.0.0.1/10100] INFO  http.HttpServer2 (HttpServer2.java:addFilter(1004)) - Added filter static_user_filter (class=org.apache.hadoop.http.lib.StaticUserWebFilter$StaticUserFilter) to context logs
2021-01-15 07:28:29,872 [Listener at 127.0.0.1/10100] INFO  http.HttpServer2 (HttpServer2.java:addFilter(1004)) - Added filter static_user_filter (class=org.apache.hadoop.http.lib.StaticUserWebFilter$StaticUserFilter) to context static
2021-01-15 07:28:29,873 [Listener at 127.0.0.1/10100] INFO  http.HttpServer2 (HttpServer2.java:bindListener(1238)) - Jetty bound to port 38115
2021-01-15 07:28:29,873 [Listener at 127.0.0.1/10100] INFO  server.Server (Server.java:doStart(375)) - jetty-9.4.34.v20201102; built: 2020-11-02T14:15:39.302Z; git: e46af88704a893fc12cb0e3bf46e2c7b48a009e7; jvm 1.8.0_232-b09
2021-01-15 07:28:29,876 [Listener at 127.0.0.1/10100] INFO  server.session (DefaultSessionIdManager.java:doStart(334)) - DefaultSessionIdManager workerName=node0
2021-01-15 07:28:29,876 [Listener at 127.0.0.1/10100] INFO  server.session (DefaultSessionIdManager.java:doStart(339)) - No SessionScavenger set, using defaults
2021-01-15 07:28:29,876 [Listener at 127.0.0.1/10100] INFO  server.session (HouseKeeper.java:startScavenging(132)) - node0 Scavenging every 660000ms
2021-01-15 07:28:29,879 [Listener at 127.0.0.1/10100] INFO  handler.ContextHandler (ContextHandler.java:doStart(916)) - Started o.e.j.s.ServletContextHandler@68410933{logs,/logs,file:///github/workspace/mnt/ozone/hadoop-ozone/integration-test/target/log,AVAILABLE}
2021-01-15 07:28:29,879 [Listener at 127.0.0.1/10100] INFO  handler.ContextHandler (ContextHandler.java:doStart(916)) - Started o.e.j.s.ServletContextHandler@2799f4e5{static,/static,jar:file:/home/user/.m2/repository/org/apache/hadoop/hadoop-hdds-container-service/1.1.0-SNAPSHOT/hadoop-hdds-container-service-1.1.0-SNAPSHOT.jar!/webapps/static,AVAILABLE}
2021-01-15 07:28:30,045 [Listener at 127.0.0.1/10100] INFO  handler.ContextHandler (ContextHandler.java:doStart(916)) - Started o.e.j.w.WebAppContext@5f34b1e8{hddsDatanode,/,file:///tmp/jetty-0_0_0_0-38115-hadoop-hdds-container-service-1_1_0-SNAPSHOT_jar-_-any-6290755524902434344/webapp/,AVAILABLE}{jar:file:/home/user/.m2/repository/org/apache/hadoop/hadoop-hdds-container-service/1.1.0-SNAPSHOT/hadoop-hdds-container-service-1.1.0-SNAPSHOT.jar!/webapps/hddsDatanode}
2021-01-15 07:28:30,049 [Listener at 127.0.0.1/10100] INFO  server.AbstractConnector (AbstractConnector.java:doStart(331)) - Started ServerConnector@560ce154{HTTP/1.1, (http/1.1)}{0.0.0.0:38115}
2021-01-15 07:28:30,049 [Listener at 127.0.0.1/10100] INFO  server.Server (Server.java:doStart(415)) - Started @11112ms
2021-01-15 07:28:30,049 [Listener at 127.0.0.1/10100] WARN  impl.MetricsSystemImpl (MetricsSystemImpl.java:register(276)) - Sink prometheus already exists!
2021-01-15 07:28:30,052 [Listener at 127.0.0.1/10100] INFO  http.BaseHttpServer (BaseHttpServer.java:updateConnectorAddress(327)) - HTTP server of hddsDatanode listening at http://0.0.0.0:38115
2021-01-15 07:28:30,054 [Listener at 127.0.0.1/10100] INFO  ozone.MiniOzoneClusterImpl (MiniOzoneClusterImpl.java:lambda$waitForClusterToBeReady$0(179)) - Waiting for nodes to be ready. Got 0 of 3 DN Heartbeats.
2021-01-15 07:28:30,054 [Listener at 127.0.0.1/10100] INFO  ozone.MiniOzoneClusterImpl (MiniOzoneClusterImpl.java:lambda$waitForClusterToBeReady$0(182)) - Waiting for cluster to exit safe mode
2021-01-15 07:28:30,062 [org.apache.hadoop.util.JvmPauseMonitor$Monitor@20e5a53a] INFO  util.JvmPauseMonitor (JvmPauseMonitor.java:run(188)) - Starting JVM pause monitor
2021-01-15 07:28:30,064 [Datanode State Machine Task Thread - 0] INFO  datanode.InitDatanodeState (InitDatanodeState.java:persistContainerDatanodeDetails(145)) - DatanodeDetails is persisted to /github/workspace/mnt/ozone/hadoop-ozone/integration-test/target/test-dir/MiniOzoneClusterImpl-f641cada-e66d-4460-aad4-b2880581a04d/datanode-2/meta/datanode.id
2021-01-15 07:28:30,083 [grpc-default-executor-2] WARN  server.GrpcLogAppender (LogUtils.java:warn(122)) - omNode-2@group-523986131536->omNode-3-AppendLogResponseHandler: Failed appendEntries: org.apache.ratis.thirdparty.io.grpc.StatusRuntimeException: UNAVAILABLE: io exception
2021-01-15 07:28:30,084 [grpc-default-executor-2] WARN  server.GrpcLogAppender (GrpcLogAppender.java:resetClient(111)) - omNode-2@group-523986131536->omNode-3-GrpcLogAppender: Leader has not got in touch with Follower omNode-2@group-523986131536->omNode-3(c-1,m0,n1, attendVote=true, lastRpcSendTime=1, lastRpcResponseTime=5401) yet, just keep nextIndex unchanged and retry.
2021-01-15 07:28:30,583 [grpc-default-executor-2] WARN  server.GrpcLogAppender (LogUtils.java:warn(122)) - omNode-2@group-523986131536->omNode-3-AppendLogResponseHandler: Failed appendEntries: org.apache.ratis.thirdparty.io.grpc.StatusRuntimeException: UNAVAILABLE: io exception
2021-01-15 07:28:30,584 [grpc-default-executor-2] WARN  server.GrpcLogAppender (GrpcLogAppender.java:resetClient(111)) - omNode-2@group-523986131536->omNode-3-GrpcLogAppender: Leader has not got in touch with Follower omNode-2@group-523986131536->omNode-3(c-1,m0,n1, attendVote=true, lastRpcSendTime=501, lastRpcResponseTime=5902) yet, just keep nextIndex unchanged and retry.
2021-01-15 07:28:31,054 [Listener at 127.0.0.1/10100] INFO  ozone.MiniOzoneClusterImpl (MiniOzoneClusterImpl.java:lambda$waitForClusterToBeReady$0(179)) - Waiting for nodes to be ready. Got 0 of 3 DN Heartbeats.
2021-01-15 07:28:31,054 [Listener at 127.0.0.1/10100] INFO  ozone.MiniOzoneClusterImpl (MiniOzoneClusterImpl.java:lambda$waitForClusterToBeReady$0(182)) - Waiting for cluster to exit safe mode
2021-01-15 07:28:31,086 [grpc-default-executor-2] WARN  server.GrpcLogAppender (LogUtils.java:warn(122)) - omNode-2@group-523986131536->omNode-3-AppendLogResponseHandler: Failed appendEntries: org.apache.ratis.thirdparty.io.grpc.StatusRuntimeException: UNAVAILABLE: io exception
2021-01-15 07:28:31,086 [grpc-default-executor-2] WARN  server.GrpcLogAppender (GrpcLogAppender.java:resetClient(111)) - omNode-2@group-523986131536->omNode-3-GrpcLogAppender: Leader has not got in touch with Follower omNode-2@group-523986131536->omNode-3(c-1,m0,n1, attendVote=true, lastRpcSendTime=0, lastRpcResponseTime=6404) yet, just keep nextIndex unchanged and retry.
2021-01-15 07:28:31,493 [EndpointStateMachine task thread for /0.0.0.0:46133 - 0 ] INFO  ozoneimpl.OzoneContainer (OzoneContainer.java:start(255)) - Attempting to start container services.
2021-01-15 07:28:31,494 [EndpointStateMachine task thread for /0.0.0.0:46133 - 0 ] INFO  ozoneimpl.OzoneContainer (OzoneContainer.java:startContainerScrub(219)) - Background container scanner has been disabled.
2021-01-15 07:28:31,496 [EndpointStateMachine task thread for /0.0.0.0:46133 - 0 ] INFO  replication.ReplicationServer (ReplicationServer.java:start(111)) - ReplicationServer is started using port 44699
2021-01-15 07:28:31,497 [EndpointStateMachine task thread for /0.0.0.0:46133 - 0 ] INFO  ratis.XceiverServerRatis (XceiverServerRatis.java:start(455)) - Starting XceiverServerRatis ebab0e06-70f4-4173-9cbe-0f6bda4c00e8 at port 0
2021-01-15 07:28:31,498 [EndpointStateMachine task thread for /0.0.0.0:46133 - 0 ] INFO  server.RaftServer (RaftServerProxy.java:lambda$start$5(372)) - ebab0e06-70f4-4173-9cbe-0f6bda4c00e8: start RPC server
2021-01-15 07:28:31,504 [EndpointStateMachine task thread for /0.0.0.0:46133 - 0 ] INFO  server.GrpcService (GrpcService.java:startImpl(176)) - ebab0e06-70f4-4173-9cbe-0f6bda4c00e8: GrpcService started, listening on 0.0.0.0/0.0.0.0:33169
2021-01-15 07:28:31,511 [EndpointStateMachine task thread for /0.0.0.0:46133 - 0 ] INFO  ratis.XceiverServerRatis (XceiverServerRatis.java:start(467)) - XceiverServerRatis ebab0e06-70f4-4173-9cbe-0f6bda4c00e8 is started using port 33169
2021-01-15 07:28:31,512 [EndpointStateMachine task thread for /0.0.0.0:46133 - 0 ] INFO  server.XceiverServerGrpc (XceiverServerGrpc.java:start(139)) - XceiverServerGrpc ebab0e06-70f4-4173-9cbe-0f6bda4c00e8 is started using port 46761
2021-01-15 07:28:31,515 [org.apache.ratis.util.JvmPauseMonitor$$Lambda$305/117534431@7ee8c092] INFO  util.JvmPauseMonitor (JvmPauseMonitor.java:run(103)) - JvmPauseMonitor-ebab0e06-70f4-4173-9cbe-0f6bda4c00e8: Started
2021-01-15 07:28:31,586 [grpc-default-executor-2] WARN  server.GrpcLogAppender (LogUtils.java:warn(122)) - omNode-2@group-523986131536->omNode-3-AppendLogResponseHandler: Failed appendEntries: org.apache.ratis.thirdparty.io.grpc.StatusRuntimeException: UNAVAILABLE: io exception
2021-01-15 07:28:31,587 [grpc-default-executor-2] WARN  server.GrpcLogAppender (GrpcLogAppender.java:resetClient(111)) - omNode-2@group-523986131536->omNode-3-GrpcLogAppender: Leader has not got in touch with Follower omNode-2@group-523986131536->omNode-3(c-1,m0,n1, attendVote=true, lastRpcSendTime=501, lastRpcResponseTime=6904) yet, just keep nextIndex unchanged and retry.
2021-01-15 07:28:31,836 [EndpointStateMachine task thread for /0.0.0.0:46133 - 0 ] INFO  ozoneimpl.OzoneContainer (OzoneContainer.java:start(255)) - Attempting to start container services.
2021-01-15 07:28:31,838 [EndpointStateMachine task thread for /0.0.0.0:46133 - 0 ] INFO  ozoneimpl.OzoneContainer (OzoneContainer.java:startContainerScrub(219)) - Background container scanner has been disabled.
2021-01-15 07:28:31,839 [EndpointStateMachine task thread for /0.0.0.0:46133 - 0 ] INFO  replication.ReplicationServer (ReplicationServer.java:start(111)) - ReplicationServer is started using port 43181
2021-01-15 07:28:31,840 [EndpointStateMachine task thread for /0.0.0.0:46133 - 0 ] INFO  ratis.XceiverServerRatis (XceiverServerRatis.java:start(455)) - Starting XceiverServerRatis 4eb03329-d14e-425d-a1d3-5f9bfd0d0493 at port 0
2021-01-15 07:28:31,847 [EndpointStateMachine task thread for /0.0.0.0:46133 - 0 ] INFO  server.RaftServer (RaftServerProxy.java:lambda$start$5(372)) - 4eb03329-d14e-425d-a1d3-5f9bfd0d0493: start RPC server
2021-01-15 07:28:31,853 [EndpointStateMachine task thread for /0.0.0.0:46133 - 0 ] INFO  server.GrpcService (GrpcService.java:startImpl(176)) - 4eb03329-d14e-425d-a1d3-5f9bfd0d0493: GrpcService started, listening on 0.0.0.0/0.0.0.0:45173
2021-01-15 07:28:31,859 [EndpointStateMachine task thread for /0.0.0.0:46133 - 0 ] INFO  ratis.XceiverServerRatis (XceiverServerRatis.java:start(467)) - XceiverServerRatis 4eb03329-d14e-425d-a1d3-5f9bfd0d0493 is started using port 45173
2021-01-15 07:28:31,861 [EndpointStateMachine task thread for /0.0.0.0:46133 - 0 ] INFO  server.XceiverServerGrpc (XceiverServerGrpc.java:start(139)) - XceiverServerGrpc 4eb03329-d14e-425d-a1d3-5f9bfd0d0493 is started using port 34727
2021-01-15 07:28:31,861 [org.apache.ratis.util.JvmPauseMonitor$$Lambda$305/117534431@6df3d0bb] INFO  util.JvmPauseMonitor (JvmPauseMonitor.java:run(103)) - JvmPauseMonitor-4eb03329-d14e-425d-a1d3-5f9bfd0d0493: Started
2021-01-15 07:28:32,055 [Listener at 127.0.0.1/10100] INFO  ozone.MiniOzoneClusterImpl (MiniOzoneClusterImpl.java:lambda$waitForClusterToBeReady$0(179)) - Waiting for nodes to be ready. Got 0 of 3 DN Heartbeats.
2021-01-15 07:28:32,055 [Listener at 127.0.0.1/10100] INFO  ozone.MiniOzoneClusterImpl (MiniOzoneClusterImpl.java:lambda$waitForClusterToBeReady$0(182)) - Waiting for cluster to exit safe mode
2021-01-15 07:28:32,071 [EndpointStateMachine task thread for /0.0.0.0:46133 - 0 ] INFO  ozoneimpl.OzoneContainer (OzoneContainer.java:start(255)) - Attempting to start container services.
2021-01-15 07:28:32,072 [EndpointStateMachine task thread for /0.0.0.0:46133 - 0 ] INFO  ozoneimpl.OzoneContainer (OzoneContainer.java:startContainerScrub(219)) - Background container scanner has been disabled.
2021-01-15 07:28:32,074 [EndpointStateMachine task thread for /0.0.0.0:46133 - 0 ] INFO  replication.ReplicationServer (ReplicationServer.java:start(111)) - ReplicationServer is started using port 38127
2021-01-15 07:28:32,075 [EndpointStateMachine task thread for /0.0.0.0:46133 - 0 ] INFO  ratis.XceiverServerRatis (XceiverServerRatis.java:start(455)) - Starting XceiverServerRatis 683f3d8e-701b-4490-8bc4-d4bfe927cc75 at port 0
2021-01-15 07:28:32,075 [EndpointStateMachine task thread for /0.0.0.0:46133 - 0 ] INFO  server.RaftServer (RaftServerProxy.java:lambda$start$5(372)) - 683f3d8e-701b-4490-8bc4-d4bfe927cc75: start RPC server
2021-01-15 07:28:32,079 [EndpointStateMachine task thread for /0.0.0.0:46133 - 0 ] INFO  server.GrpcService (GrpcService.java:startImpl(176)) - 683f3d8e-701b-4490-8bc4-d4bfe927cc75: GrpcService started, listening on 0.0.0.0/0.0.0.0:40435
2021-01-15 07:28:32,079 [EndpointStateMachine task thread for /0.0.0.0:46133 - 0 ] INFO  ratis.XceiverServerRatis (XceiverServerRatis.java:start(467)) - XceiverServerRatis 683f3d8e-701b-4490-8bc4-d4bfe927cc75 is started using port 40435
2021-01-15 07:28:32,080 [org.apache.ratis.util.JvmPauseMonitor$$Lambda$305/117534431@55e2226] INFO  util.JvmPauseMonitor (JvmPauseMonitor.java:run(103)) - JvmPauseMonitor-683f3d8e-701b-4490-8bc4-d4bfe927cc75: Started
2021-01-15 07:28:32,083 [EndpointStateMachine task thread for /0.0.0.0:46133 - 0 ] INFO  server.XceiverServerGrpc (XceiverServerGrpc.java:start(139)) - XceiverServerGrpc 683f3d8e-701b-4490-8bc4-d4bfe927cc75 is started using port 35489
2021-01-15 07:28:32,088 [grpc-default-executor-2] WARN  server.GrpcLogAppender (LogUtils.java:warn(122)) - omNode-2@group-523986131536->omNode-3-AppendLogResponseHandler: Failed appendEntries: org.apache.ratis.thirdparty.io.grpc.StatusRuntimeException: UNAVAILABLE: io exception
2021-01-15 07:28:32,088 [grpc-default-executor-2] WARN  server.GrpcLogAppender (GrpcLogAppender.java:resetClient(111)) - omNode-2@group-523986131536->omNode-3-GrpcLogAppender: Leader has not got in touch with Follower omNode-2@group-523986131536->omNode-3(c-1,m0,n1, attendVote=true, lastRpcSendTime=501, lastRpcResponseTime=7405) yet, just keep nextIndex unchanged and retry.
2021-01-15 07:28:32,595 [grpc-default-executor-2] WARN  server.GrpcLogAppender (LogUtils.java:warn(122)) - omNode-2@group-523986131536->omNode-3-AppendLogResponseHandler: Failed appendEntries: org.apache.ratis.thirdparty.io.grpc.StatusRuntimeException: UNAVAILABLE: io exception
2021-01-15 07:28:32,596 [grpc-default-executor-2] WARN  server.GrpcLogAppender (GrpcLogAppender.java:resetClient(111)) - omNode-2@group-523986131536->omNode-3-GrpcLogAppender: Leader has not got in touch with Follower omNode-2@group-523986131536->omNode-3(c-1,m0,n1, attendVote=true, lastRpcSendTime=0, lastRpcResponseTime=7913) yet, just keep nextIndex unchanged and retry.
2021-01-15 07:28:33,055 [Listener at 127.0.0.1/10100] INFO  ozone.MiniOzoneClusterImpl (MiniOzoneClusterImpl.java:lambda$waitForClusterToBeReady$0(179)) - Waiting for nodes to be ready. Got 0 of 3 DN Heartbeats.
2021-01-15 07:28:33,055 [Listener at 127.0.0.1/10100] INFO  ozone.MiniOzoneClusterImpl (MiniOzoneClusterImpl.java:lambda$waitForClusterToBeReady$0(182)) - Waiting for cluster to exit safe mode
2021-01-15 07:28:33,095 [grpc-default-executor-2] WARN  server.GrpcLogAppender (LogUtils.java:warn(122)) - omNode-2@group-523986131536->omNode-3-AppendLogResponseHandler: Failed appendEntries: org.apache.ratis.thirdparty.io.grpc.StatusRuntimeException: UNAVAILABLE: io exception
2021-01-15 07:28:33,097 [grpc-default-executor-2] WARN  server.GrpcLogAppender (GrpcLogAppender.java:resetClient(111)) - omNode-2@group-523986131536->omNode-3-GrpcLogAppender: Leader has not got in touch with Follower omNode-2@group-523986131536->omNode-3(c-1,m0,n1, attendVote=true, lastRpcSendTime=1, lastRpcResponseTime=8414) yet, just keep nextIndex unchanged and retry.
2021-01-15 07:28:33,397 [IPC Server handler 17 on default port 46133] INFO  net.NetworkTopologyImpl (NetworkTopologyImpl.java:add(111)) - Added a new node: /default-rack/ebab0e06-70f4-4173-9cbe-0f6bda4c00e8
2021-01-15 07:28:33,403 [IPC Server handler 17 on default port 46133] INFO  node.SCMNodeManager (SCMNodeManager.java:register(341)) - Registered Data node : ebab0e06-70f4-4173-9cbe-0f6bda4c00e8{ip: 172.17.0.2, host: 80870765a40b, networkLocation: /default-rack, certSerialId: null, persistedOpState: IN_SERVICE, persistedOpStateExpiryEpochSec: 0}
2021-01-15 07:28:33,407 [EventQueue-NodeRegistrationContainerReportForDataNodeSafeModeRule] INFO  safemode.SCMSafeModeManager (DataNodeSafeModeRule.java:process(71)) - SCM in safe mode. 1 DataNodes registered, 1 required.
2021-01-15 07:28:33,407 [EventQueue-NodeRegistrationContainerReportForDataNodeSafeModeRule] INFO  safemode.SCMSafeModeManager (SCMSafeModeManager.java:validateSafeModeExitRules(214)) - DataNodeSafeModeRule rule is successfully validated
2021-01-15 07:28:33,407 [EventQueue-NodeRegistrationContainerReportForDataNodeSafeModeRule] INFO  safemode.SCMSafeModeManager (SCMSafeModeManager.java:completePreCheck(242)) - All SCM safe mode pre check rules have passed
2021-01-15 07:28:33,415 [EventQueue-NodeRegistrationContainerReportForContainerSafeModeRule] INFO  safemode.SCMSafeModeManager (SCMSafeModeManager.java:validateSafeModeExitRules(214)) - ContainerSafeModeRule rule is successfully validated
2021-01-15 07:28:33,416 [RatisPipelineUtilsThread] INFO  pipeline.RatisPipelineProvider (RatisPipelineProvider.java:lambda$create$0(161)) - Sending CreatePipelineCommand for pipeline:PipelineID=73756634-836b-4c84-8621-55364ccae1ab to datanode:ebab0e06-70f4-4173-9cbe-0f6bda4c00e8
2021-01-15 07:28:33,417 [EventQueue-PipelineReportForOneReplicaPipelineSafeModeRule] INFO  safemode.SCMSafeModeManager (SCMSafeModeManager.java:validateSafeModeExitRules(214)) - AtleastOneDatanodeReportedRule rule is successfully validated
2021-01-15 07:28:33,434 [RatisPipelineUtilsThread] INFO  pipeline.PipelineStateManager (PipelineStateManager.java:addPipeline(54)) - Created pipeline Pipeline[ Id: 73756634-836b-4c84-8621-55364ccae1ab, Nodes: ebab0e06-70f4-4173-9cbe-0f6bda4c00e8{ip: 172.17.0.2, host: 80870765a40b, networkLocation: /default-rack, certSerialId: null, persistedOpState: IN_SERVICE, persistedOpStateExpiryEpochSec: 0}, Type:RATIS, Factor:ONE, State:ALLOCATED, leaderId:, CreationTimestamp2021-01-15T07:28:33.413Z]
2021-01-15 07:28:33,437 [RatisPipelineUtilsThread] WARN  pipeline.PipelinePlacementPolicy (PipelinePlacementPolicy.java:filterViableNodes(142)) - Pipeline creation failed due to no sufficient healthy datanodes. Required 3. Found 1.
2021-01-15 07:28:33,596 [grpc-default-executor-2] WARN  server.GrpcLogAppender (LogUtils.java:warn(122)) - omNode-2@group-523986131536->omNode-3-AppendLogResponseHandler: Failed appendEntries: org.apache.ratis.thirdparty.io.grpc.StatusRuntimeException: UNAVAILABLE: io exception
2021-01-15 07:28:33,597 [grpc-default-executor-2] WARN  server.GrpcLogAppender (GrpcLogAppender.java:resetClient(111)) - omNode-2@group-523986131536->omNode-3-GrpcLogAppender: Leader has not got in touch with Follower omNode-2@group-523986131536->omNode-3(c-1,m0,n1, attendVote=true, lastRpcSendTime=1, lastRpcResponseTime=8914) yet, just keep nextIndex unchanged and retry.
2021-01-15 07:28:33,834 [IPC Server handler 19 on default port 46133] INFO  net.NetworkTopologyImpl (NetworkTopologyImpl.java:add(111)) - Added a new node: /default-rack/4eb03329-d14e-425d-a1d3-5f9bfd0d0493
2021-01-15 07:28:33,834 [IPC Server handler 19 on default port 46133] INFO  node.SCMNodeManager (SCMNodeManager.java:register(341)) - Registered Data node : 4eb03329-d14e-425d-a1d3-5f9bfd0d0493{ip: 172.17.0.2, host: 80870765a40b, networkLocation: /default-rack, certSerialId: null, persistedOpState: IN_SERVICE, persistedOpStateExpiryEpochSec: 0}
2021-01-15 07:28:33,835 [EventQueue-PipelineReportForOneReplicaPipelineSafeModeRule] INFO  safemode.SCMSafeModeManager (SCMSafeModeManager.java:validateSafeModeExitRules(214)) - AtleastOneDatanodeReportedRule rule is successfully validated
2021-01-15 07:28:33,835 [EventQueue-NodeRegistrationContainerReportForContainerSafeModeRule] INFO  safemode.SCMSafeModeManager (SCMSafeModeManager.java:validateSafeModeExitRules(214)) - ContainerSafeModeRule rule is successfully validated
2021-01-15 07:28:33,835 [EventQueue-NodeRegistrationContainerReportForDataNodeSafeModeRule] INFO  safemode.SCMSafeModeManager (SCMSafeModeManager.java:validateSafeModeExitRules(214)) - DataNodeSafeModeRule rule is successfully validated
2021-01-15 07:28:33,837 [RatisPipelineUtilsThread] INFO  pipeline.RatisPipelineProvider (RatisPipelineProvider.java:lambda$create$0(161)) - Sending CreatePipelineCommand for pipeline:PipelineID=b20a151d-e5f7-48dd-a2ee-9e8048c10205 to datanode:4eb03329-d14e-425d-a1d3-5f9bfd0d0493
2021-01-15 07:28:33,837 [RatisPipelineUtilsThread] INFO  pipeline.PipelineStateManager (PipelineStateManager.java:addPipeline(54)) - Created pipeline Pipeline[ Id: b20a151d-e5f7-48dd-a2ee-9e8048c10205, Nodes: 4eb03329-d14e-425d-a1d3-5f9bfd0d0493{ip: 172.17.0.2, host: 80870765a40b, networkLocation: /default-rack, certSerialId: null, persistedOpState: IN_SERVICE, persistedOpStateExpiryEpochSec: 0}, Type:RATIS, Factor:ONE, State:ALLOCATED, leaderId:, CreationTimestamp2021-01-15T07:28:33.837Z]
2021-01-15 07:28:33,838 [RatisPipelineUtilsThread] WARN  pipeline.PipelinePlacementPolicy (PipelinePlacementPolicy.java:filterViableNodes(142)) - Pipeline creation failed due to no sufficient healthy datanodes. Required 3. Found 2.
2021-01-15 07:28:34,056 [Listener at 127.0.0.1/10100] INFO  ozone.MiniOzoneClusterImpl (MiniOzoneClusterImpl.java:lambda$waitForClusterToBeReady$0(179)) - Waiting for nodes to be ready. Got 2 of 3 DN Heartbeats.
2021-01-15 07:28:34,056 [Listener at 127.0.0.1/10100] INFO  ozone.MiniOzoneClusterImpl (MiniOzoneClusterImpl.java:lambda$waitForClusterToBeReady$0(182)) - Waiting for cluster to exit safe mode
2021-01-15 07:28:34,065 [IPC Server handler 18 on default port 46133] INFO  net.NetworkTopologyImpl (NetworkTopologyImpl.java:add(111)) - Added a new node: /default-rack/683f3d8e-701b-4490-8bc4-d4bfe927cc75
2021-01-15 07:28:34,065 [IPC Server handler 18 on default port 46133] INFO  node.SCMNodeManager (SCMNodeManager.java:register(341)) - Registered Data node : 683f3d8e-701b-4490-8bc4-d4bfe927cc75{ip: 172.17.0.2, host: 80870765a40b, networkLocation: /default-rack, certSerialId: null, persistedOpState: IN_SERVICE, persistedOpStateExpiryEpochSec: 0}
2021-01-15 07:28:34,065 [EventQueue-NodeRegistrationContainerReportForDataNodeSafeModeRule] INFO  safemode.SCMSafeModeManager (SCMSafeModeManager.java:validateSafeModeExitRules(214)) - DataNodeSafeModeRule rule is successfully validated
2021-01-15 07:28:34,066 [EventQueue-NodeRegistrationContainerReportForContainerSafeModeRule] INFO  safemode.SCMSafeModeManager (SCMSafeModeManager.java:validateSafeModeExitRules(214)) - ContainerSafeModeRule rule is successfully validated
2021-01-15 07:28:34,066 [EventQueue-PipelineReportForOneReplicaPipelineSafeModeRule] INFO  safemode.SCMSafeModeManager (SCMSafeModeManager.java:validateSafeModeExitRules(214)) - AtleastOneDatanodeReportedRule rule is successfully validated
2021-01-15 07:28:34,067 [RatisPipelineUtilsThread] INFO  pipeline.RatisPipelineProvider (RatisPipelineProvider.java:lambda$create$0(161)) - Sending CreatePipelineCommand for pipeline:PipelineID=259b71ec-8021-4be6-97a1-84e38317d27b to datanode:683f3d8e-701b-4490-8bc4-d4bfe927cc75
2021-01-15 07:28:34,067 [RatisPipelineUtilsThread] INFO  pipeline.PipelineStateManager (PipelineStateManager.java:addPipeline(54)) - Created pipeline Pipeline[ Id: 259b71ec-8021-4be6-97a1-84e38317d27b, Nodes: 683f3d8e-701b-4490-8bc4-d4bfe927cc75{ip: 172.17.0.2, host: 80870765a40b, networkLocation: /default-rack, certSerialId: null, persistedOpState: IN_SERVICE, persistedOpStateExpiryEpochSec: 0}, Type:RATIS, Factor:ONE, State:ALLOCATED, leaderId:, CreationTimestamp2021-01-15T07:28:34.067Z]
2021-01-15 07:28:34,073 [RatisPipelineUtilsThread] INFO  pipeline.RatisPipelineProvider (RatisPipelineProvider.java:lambda$create$0(161)) - Sending CreatePipelineCommand for pipeline:PipelineID=11224e2c-a7c0-455d-b981-09315a56eb53 to datanode:683f3d8e-701b-4490-8bc4-d4bfe927cc75
2021-01-15 07:28:34,074 [RatisPipelineUtilsThread] INFO  pipeline.RatisPipelineProvider (RatisPipelineProvider.java:lambda$create$0(161)) - Sending CreatePipelineCommand for pipeline:PipelineID=11224e2c-a7c0-455d-b981-09315a56eb53 to datanode:ebab0e06-70f4-4173-9cbe-0f6bda4c00e8
2021-01-15 07:28:34,079 [RatisPipelineUtilsThread] INFO  pipeline.RatisPipelineProvider (RatisPipelineProvider.java:lambda$create$0(161)) - Sending CreatePipelineCommand for pipeline:PipelineID=11224e2c-a7c0-455d-b981-09315a56eb53 to datanode:4eb03329-d14e-425d-a1d3-5f9bfd0d0493
2021-01-15 07:28:34,079 [RatisPipelineUtilsThread] INFO  pipeline.PipelineStateManager (PipelineStateManager.java:addPipeline(54)) - Created pipeline Pipeline[ Id: 11224e2c-a7c0-455d-b981-09315a56eb53, Nodes: 683f3d8e-701b-4490-8bc4-d4bfe927cc75{ip: 172.17.0.2, host: 80870765a40b, networkLocation: /default-rack, certSerialId: null, persistedOpState: IN_SERVICE, persistedOpStateExpiryEpochSec: 0}ebab0e06-70f4-4173-9cbe-0f6bda4c00e8{ip: 172.17.0.2, host: 80870765a40b, networkLocation: /default-rack, certSerialId: null, persistedOpState: IN_SERVICE, persistedOpStateExpiryEpochSec: 0}4eb03329-d14e-425d-a1d3-5f9bfd0d0493{ip: 172.17.0.2, host: 80870765a40b, networkLocation: /default-rack, certSerialId: null, persistedOpState: IN_SERVICE, persistedOpStateExpiryEpochSec: 0}, Type:RATIS, Factor:THREE, State:ALLOCATED, leaderId:, CreationTimestamp2021-01-15T07:28:34.073Z]
2021-01-15 07:28:34,084 [RatisPipelineUtilsThread] INFO  pipeline.RatisPipelineProvider (RatisPipelineProvider.java:lambda$create$0(161)) - Sending CreatePipelineCommand for pipeline:PipelineID=05373332-289a-4763-9f9d-48be1ecdd3af to datanode:683f3d8e-701b-4490-8bc4-d4bfe927cc75
2021-01-15 07:28:34,084 [RatisPipelineUtilsThread] INFO  pipeline.RatisPipelineProvider (RatisPipelineProvider.java:lambda$create$0(161)) - Sending CreatePipelineCommand for pipeline:PipelineID=05373332-289a-4763-9f9d-48be1ecdd3af to datanode:ebab0e06-70f4-4173-9cbe-0f6bda4c00e8
2021-01-15 07:28:34,085 [RatisPipelineUtilsThread] INFO  pipeline.RatisPipelineProvider (RatisPipelineProvider.java:lambda$create$0(161)) - Sending CreatePipelineCommand for pipeline:PipelineID=05373332-289a-4763-9f9d-48be1ecdd3af to datanode:4eb03329-d14e-425d-a1d3-5f9bfd0d0493
2021-01-15 07:28:34,085 [RatisPipelineUtilsThread] INFO  pipeline.PipelineStateManager (PipelineStateManager.java:addPipeline(54)) - Created pipeline Pipeline[ Id: 05373332-289a-4763-9f9d-48be1ecdd3af, Nodes: 683f3d8e-701b-4490-8bc4-d4bfe927cc75{ip: 172.17.0.2, host: 80870765a40b, networkLocation: /default-rack, certSerialId: null, persistedOpState: IN_SERVICE, persistedOpStateExpiryEpochSec: 0}ebab0e06-70f4-4173-9cbe-0f6bda4c00e8{ip: 172.17.0.2, host: 80870765a40b, networkLocation: /default-rack, certSerialId: null, persistedOpState: IN_SERVICE, persistedOpStateExpiryEpochSec: 0}4eb03329-d14e-425d-a1d3-5f9bfd0d0493{ip: 172.17.0.2, host: 80870765a40b, networkLocation: /default-rack, certSerialId: null, persistedOpState: IN_SERVICE, persistedOpStateExpiryEpochSec: 0}, Type:RATIS, Factor:THREE, State:ALLOCATED, leaderId:, CreationTimestamp2021-01-15T07:28:34.084Z]
2021-01-15 07:28:34,086 [RatisPipelineUtilsThread] INFO  pipeline.SCMPipelineManager (SCMPipelineManager.java:recordMetricsForPipeline(243)) - Pipeline: PipelineID=05373332-289a-4763-9f9d-48be1ecdd3af contains same datanodes as previous pipelines: PipelineID=11224e2c-a7c0-455d-b981-09315a56eb53 nodeIds: 683f3d8e-701b-4490-8bc4-d4bfe927cc75, ebab0e06-70f4-4173-9cbe-0f6bda4c00e8, 4eb03329-d14e-425d-a1d3-5f9bfd0d0493
2021-01-15 07:28:34,096 [grpc-default-executor-2] WARN  server.GrpcLogAppender (LogUtils.java:warn(122)) - omNode-2@group-523986131536->omNode-3-AppendLogResponseHandler: Failed appendEntries: org.apache.ratis.thirdparty.io.grpc.StatusRuntimeException: UNAVAILABLE: io exception
2021-01-15 07:28:34,097 [grpc-default-executor-2] WARN  server.GrpcLogAppender (GrpcLogAppender.java:resetClient(111)) - omNode-2@group-523986131536->omNode-3-GrpcLogAppender: Leader has not got in touch with Follower omNode-2@group-523986131536->omNode-3(c-1,m0,n1, attendVote=true, lastRpcSendTime=1, lastRpcResponseTime=9414) yet, just keep nextIndex unchanged and retry.
2021-01-15 07:28:34,596 [grpc-default-executor-2] WARN  server.GrpcLogAppender (LogUtils.java:warn(122)) - omNode-2@group-523986131536->omNode-3-AppendLogResponseHandler: Failed appendEntries: org.apache.ratis.thirdparty.io.grpc.StatusRuntimeException: UNAVAILABLE: io exception
2021-01-15 07:28:34,597 [grpc-default-executor-2] WARN  server.GrpcLogAppender (GrpcLogAppender.java:resetClient(111)) - omNode-2@group-523986131536->omNode-3-GrpcLogAppender: Leader has not got in touch with Follower omNode-2@group-523986131536->omNode-3(c-1,m0,n1, attendVote=true, lastRpcSendTime=0, lastRpcResponseTime=9914) yet, just keep nextIndex unchanged and retry.
2021-01-15 07:28:35,056 [Listener at 127.0.0.1/10100] INFO  ozone.MiniOzoneClusterImpl (MiniOzoneClusterImpl.java:lambda$waitForClusterToBeReady$0(179)) - Nodes are ready. Got 3 of 3 DN Heartbeats.
2021-01-15 07:28:35,056 [Listener at 127.0.0.1/10100] INFO  ozone.MiniOzoneClusterImpl (MiniOzoneClusterImpl.java:lambda$waitForClusterToBeReady$0(182)) - Waiting for cluster to exit safe mode
2021-01-15 07:28:35,102 [grpc-default-executor-2] WARN  server.GrpcLogAppender (LogUtils.java:warn(122)) - omNode-2@group-523986131536->omNode-3-AppendLogResponseHandler: Failed appendEntries: org.apache.ratis.thirdparty.io.grpc.StatusRuntimeException: UNAVAILABLE: io exception
2021-01-15 07:28:35,102 [grpc-default-executor-2] WARN  server.GrpcLogAppender (GrpcLogAppender.java:resetClient(111)) - omNode-2@group-523986131536->omNode-3-GrpcLogAppender: Leader has not got in touch with Follower omNode-2@group-523986131536->omNode-3(c-1,m0,n1, attendVote=true, lastRpcSendTime=1, lastRpcResponseTime=10420) yet, just keep nextIndex unchanged and retry.
2021-01-15 07:28:35,601 [grpc-default-executor-2] WARN  server.GrpcLogAppender (LogUtils.java:warn(122)) - omNode-2@group-523986131536->omNode-3-AppendLogResponseHandler: Failed appendEntries: org.apache.ratis.thirdparty.io.grpc.StatusRuntimeException: UNAVAILABLE: io exception
2021-01-15 07:28:35,602 [grpc-default-executor-2] WARN  server.GrpcLogAppender (GrpcLogAppender.java:resetClient(111)) - omNode-2@group-523986131536->omNode-3-GrpcLogAppender: Leader has not got in touch with Follower omNode-2@group-523986131536->omNode-3(c-1,m0,n1, attendVote=true, lastRpcSendTime=1, lastRpcResponseTime=10919) yet, just keep nextIndex unchanged and retry.
2021-01-15 07:28:36,057 [Listener at 127.0.0.1/10100] INFO  ozone.MiniOzoneClusterImpl (MiniOzoneClusterImpl.java:lambda$waitForClusterToBeReady$0(179)) - Nodes are ready. Got 3 of 3 DN Heartbeats.
2021-01-15 07:28:36,057 [Listener at 127.0.0.1/10100] INFO  ozone.MiniOzoneClusterImpl (MiniOzoneClusterImpl.java:lambda$waitForClusterToBeReady$0(182)) - Waiting for cluster to exit safe mode
2021-01-15 07:28:36,103 [grpc-default-executor-2] WARN  server.GrpcLogAppender (LogUtils.java:warn(122)) - omNode-2@group-523986131536->omNode-3-AppendLogResponseHandler: Failed appendEntries: org.apache.ratis.thirdparty.io.grpc.StatusRuntimeException: UNAVAILABLE: io exception
2021-01-15 07:28:36,103 [grpc-default-executor-2] WARN  server.GrpcLogAppender (GrpcLogAppender.java:resetClient(111)) - omNode-2@group-523986131536->omNode-3-GrpcLogAppender: Leader has not got in touch with Follower omNode-2@group-523986131536->omNode-3(c-1,m0,n1, attendVote=true, lastRpcSendTime=1, lastRpcResponseTime=11421) yet, just keep nextIndex unchanged and retry.
2021-01-15 07:28:36,338 [Command processor thread] INFO  server.RaftServer (RaftServerProxy.java:addNew(95)) - ebab0e06-70f4-4173-9cbe-0f6bda4c00e8: addNew group-55364CCAE1AB:[ebab0e06-70f4-4173-9cbe-0f6bda4c00e8|rpc:172.17.0.2:33169|priority:1] returns group-55364CCAE1AB:java.util.concurrent.CompletableFuture@114dc430[Not completed]
2021-01-15 07:28:36,356 [pool-67-thread-1] INFO  server.RaftServer$Division (RaftServerImpl.java:<init>(179)) - ebab0e06-70f4-4173-9cbe-0f6bda4c00e8: new RaftServerImpl for group-55364CCAE1AB:[ebab0e06-70f4-4173-9cbe-0f6bda4c00e8|rpc:172.17.0.2:33169|priority:1] with ContainerStateMachine:uninitialized
2021-01-15 07:28:36,357 [pool-67-thread-1] INFO  server.RaftServerConfigKeys (ConfUtils.java:logGet(44)) - raft.server.rpc.timeout.min = 5s (custom)
2021-01-15 07:28:36,357 [pool-67-thread-1] INFO  server.RaftServerConfigKeys (ConfUtils.java:logGet(44)) - raft.server.rpc.timeout.max = 5200ms (custom)
2021-01-15 07:28:36,357 [pool-67-thread-1] INFO  server.RaftServerConfigKeys (ConfUtils.java:logGet(44)) - raft.server.rpc.sleep.time = 25ms (default)
2021-01-15 07:28:36,357 [pool-67-thread-1] INFO  server.RaftServerConfigKeys (ConfUtils.java:logGet(44)) - raft.server.rpc.slowness.timeout = 300s (custom)
2021-01-15 07:28:36,357 [pool-67-thread-1] INFO  server.RaftServerConfigKeys (ConfUtils.java:logGet(44)) - raft.server.leaderelection.leader.step-down.wait-time = 10s (default)
2021-01-15 07:28:36,357 [pool-67-thread-1] INFO  server.RaftServerConfigKeys (ConfUtils.java:logGet(44)) - raft.server.sleep.deviation.threshold = 300ms (default)
2021-01-15 07:28:36,357 [pool-67-thread-1] INFO  server.RaftServerConfigKeys (ConfUtils.java:logGet(44)) - raft.server.log.appender.install.snapshot.enabled = false (custom)
2021-01-15 07:28:36,357 [pool-67-thread-1] INFO  server.RaftServer$Division (ServerState.java:<init>(103)) - ebab0e06-70f4-4173-9cbe-0f6bda4c00e8@group-55364CCAE1AB: ConfigurationManager, init=-1: [ebab0e06-70f4-4173-9cbe-0f6bda4c00e8|rpc:172.17.0.2:33169|priority:1], old=null, confs=<EMPTY_MAP>
2021-01-15 07:28:36,357 [pool-67-thread-1] INFO  server.RaftServerConfigKeys (ConfUtils.java:logGet(44)) - raft.server.storage.dir = [/github/workspace/mnt/ozone/hadoop-ozone/integration-test/target/test-dir/MiniOzoneClusterImpl-f641cada-e66d-4460-aad4-b2880581a04d/datanode-0/data/ratis] (custom)
2021-01-15 07:28:36,363 [pool-67-thread-1] INFO  server.RaftServerConfigKeys (ConfUtils.java:logGet(44)) - raft.server.log.corruption.policy = EXCEPTION (default)
2021-01-15 07:28:36,363 [pool-67-thread-1] INFO  storage.RaftStorageDirectory (RaftStorageDirectoryImpl.java:analyzeStorage(132)) - The storage directory /github/workspace/mnt/ozone/hadoop-ozone/integration-test/target/test-dir/MiniOzoneClusterImpl-f641cada-e66d-4460-aad4-b2880581a04d/datanode-0/data/ratis/73756634-836b-4c84-8621-55364ccae1ab does not exist. Creating ...
2021-01-15 07:28:36,364 [pool-67-thread-1] INFO  storage.RaftStorageDirectory (RaftStorageDirectoryImpl.java:tryLock(215)) - Lock on /github/workspace/mnt/ozone/hadoop-ozone/integration-test/target/test-dir/MiniOzoneClusterImpl-f641cada-e66d-4460-aad4-b2880581a04d/datanode-0/data/ratis/73756634-836b-4c84-8621-55364ccae1ab/in_use.lock acquired by nodename 10613@80870765a40b
2021-01-15 07:28:36,365 [pool-67-thread-1] INFO  storage.RaftStorage (RaftStorageImpl.java:format(87)) - Storage directory /github/workspace/mnt/ozone/hadoop-ozone/integration-test/target/test-dir/MiniOzoneClusterImpl-f641cada-e66d-4460-aad4-b2880581a04d/datanode-0/data/ratis/73756634-836b-4c84-8621-55364ccae1ab has been successfully formatted.
2021-01-15 07:28:36,383 [pool-67-thread-1] INFO  ratis.ContainerStateMachine (ContainerStateMachine.java:loadSnapshot(223)) - group-55364CCAE1AB: The snapshot info is null. Setting the last applied indexto:(t:0, i:~)
2021-01-15 07:28:36,383 [pool-67-thread-1] ERROR storage.RaftStorage (RaftStorageImpl.java:readRaftConfiguration(147)) - Failed reading configuration from file:/github/workspace/mnt/ozone/hadoop-ozone/integration-test/target/test-dir/MiniOzoneClusterImpl-f641cada-e66d-4460-aad4-b2880581a04d/datanode-0/data/ratis/73756634-836b-4c84-8621-55364ccae1ab/current/raft-meta.conf
java.io.FileNotFoundException: /github/workspace/mnt/ozone/hadoop-ozone/integration-test/target/test-dir/MiniOzoneClusterImpl-f641cada-e66d-4460-aad4-b2880581a04d/datanode-0/data/ratis/73756634-836b-4c84-8621-55364ccae1ab/current/raft-meta.conf (No such file or directory)
	at java.io.FileInputStream.open0(Native Method)
	at java.io.FileInputStream.open(FileInputStream.java:195)
	at java.io.FileInputStream.<init>(FileInputStream.java:138)
	at org.apache.ratis.server.storage.RaftStorageImpl.readRaftConfiguration(RaftStorageImpl.java:143)
	at org.apache.ratis.server.impl.ServerState.<init>(ServerState.java:113)
	at org.apache.ratis.server.impl.RaftServerImpl.<init>(RaftServerImpl.java:192)
	at org.apache.ratis.server.impl.RaftServerProxy.lambda$newRaftServerImpl$4(RaftServerProxy.java:266)
	at java.util.concurrent.CompletableFuture$AsyncSupply.run(CompletableFuture.java:1604)
	at java.util.concurrent.ThreadPoolExecutor.runWorker(ThreadPoolExecutor.java:1149)
	at java.util.concurrent.ThreadPoolExecutor$Worker.run(ThreadPoolExecutor.java:624)
	at java.lang.Thread.run(Thread.java:748)
2021-01-15 07:28:36,384 [pool-67-thread-1] INFO  server.RaftServerConfigKeys (ConfUtils.java:logGet(44)) - raft.server.notification.no-leader.timeout = 300s (custom)
2021-01-15 07:28:36,384 [pool-67-thread-1] INFO  server.RaftServerConfigKeys (ConfUtils.java:logGet(44)) - raft.server.log.use.memory = false (default)
2021-01-15 07:28:36,384 [pool-67-thread-1] INFO  server.RaftServerConfigKeys (ConfUtils.java:logGet(44)) - raft.server.log.purge.gap = 1000000 (custom)
2021-01-15 07:28:36,384 [pool-67-thread-1] INFO  server.RaftServerConfigKeys (ConfUtils.java:logGet(44)) - raft.server.log.appender.buffer.byte-limit = 33554432 (custom)
2021-01-15 07:28:36,384 [pool-67-thread-1] INFO  metrics.RatisMetrics (RatisMetrics.java:lambda$create$0(36)) - Creating Metrics Registry : ratis.log_worker.ebab0e06-70f4-4173-9cbe-0f6bda4c00e8@group-55364CCAE1AB
2021-01-15 07:28:36,384 [pool-67-thread-1] INFO  server.RaftServerConfigKeys (ConfUtils.java:logGet(44)) - raft.server.log.segment.size.max = 1048576 (custom)
2021-01-15 07:28:36,385 [pool-67-thread-1] INFO  server.RaftServerConfigKeys (ConfUtils.java:logGet(44)) - raft.server.log.segment.cache.num.max = 2 (custom)
2021-01-15 07:28:36,386 [pool-67-thread-1] INFO  server.RaftServerConfigKeys (ConfUtils.java:logGet(44)) - raft.server.log.segment.cache.size.max = 200MB (=209715200) (default)
2021-01-15 07:28:36,387 [pool-67-thread-1] INFO  segmented.SegmentedRaftLogWorker (SegmentedRaftLogWorker.java:<init>(181)) - new ebab0e06-70f4-4173-9cbe-0f6bda4c00e8@group-55364CCAE1AB-SegmentedRaftLogWorker for RaftStorageImpl:Storage Directory /github/workspace/mnt/ozone/hadoop-ozone/integration-test/target/test-dir/MiniOzoneClusterImpl-f641cada-e66d-4460-aad4-b2880581a04d/datanode-0/data/ratis/73756634-836b-4c84-8621-55364ccae1ab
2021-01-15 07:28:36,387 [pool-67-thread-1] INFO  server.RaftServerConfigKeys (ConfUtils.java:logGet(44)) - raft.server.log.queue.byte-limit = 2147483647 (custom)
2021-01-15 07:28:36,387 [pool-67-thread-1] INFO  server.RaftServerConfigKeys (ConfUtils.java:logGet(44)) - raft.server.log.queue.element-limit = 1024 (custom)
2021-01-15 07:28:36,387 [pool-67-thread-1] INFO  server.RaftServerConfigKeys (ConfUtils.java:logGet(44)) - raft.server.log.segment.size.max = 1048576 (custom)
2021-01-15 07:28:36,387 [pool-67-thread-1] INFO  server.RaftServerConfigKeys (ConfUtils.java:logGet(44)) - raft.server.log.preallocated.size = 16384 (custom)
2021-01-15 07:28:36,387 [pool-67-thread-1] INFO  server.RaftServerConfigKeys (ConfUtils.java:logGet(44)) - raft.server.log.force.sync.num = 128 (default)
2021-01-15 07:28:36,387 [pool-67-thread-1] INFO  server.RaftServerConfigKeys (ConfUtils.java:logGet(44)) - raft.server.log.statemachine.data.sync = true (default)
2021-01-15 07:28:36,393 [pool-67-thread-1] INFO  server.RaftServerConfigKeys (ConfUtils.java:logGet(44)) - raft.server.log.statemachine.data.sync.timeout = 10s (default)
2021-01-15 07:28:36,393 [pool-67-thread-1] INFO  server.RaftServerConfigKeys (ConfUtils.java:logGet(44)) - raft.server.log.statemachine.data.sync.timeout.retry = -1 (default)
2021-01-15 07:28:36,394 [pool-67-thread-1] INFO  server.RaftServerConfigKeys (ConfUtils.java:logGet(44)) - raft.server.log.write.buffer.size = 1048576 (custom)
2021-01-15 07:28:36,396 [pool-67-thread-1] INFO  server.RaftServerConfigKeys (ConfUtils.java:logGet(44)) - raft.server.log.statemachine.data.caching.enabled = true (custom)
2021-01-15 07:28:36,399 [pool-67-thread-1] INFO  segmented.SegmentedRaftLogWorker (SegmentedRaftLogWorker.java:lambda$new$0(132)) - ebab0e06-70f4-4173-9cbe-0f6bda4c00e8@group-55364CCAE1AB-SegmentedRaftLogWorker: flushIndex: setUnconditionally 0 -> -1
2021-01-15 07:28:36,399 [pool-67-thread-1] INFO  segmented.SegmentedRaftLogWorker (SegmentedRaftLogWorker.java:lambda$new$0(132)) - ebab0e06-70f4-4173-9cbe-0f6bda4c00e8@group-55364CCAE1AB-SegmentedRaftLogWorker: safeCacheEvictIndex: setUnconditionally 0 -> -1
2021-01-15 07:28:36,400 [EventQueue-PipelineReportForPipelineReportHandler] INFO  pipeline.PipelineStateManager (PipelineStateManager.java:openPipeline(132)) - Pipeline Pipeline[ Id: 73756634-836b-4c84-8621-55364ccae1ab, Nodes: ebab0e06-70f4-4173-9cbe-0f6bda4c00e8{ip: 172.17.0.2, host: 80870765a40b, networkLocation: /default-rack, certSerialId: null, persistedOpState: IN_SERVICE, persistedOpStateExpiryEpochSec: 0}, Type:RATIS, Factor:ONE, State:ALLOCATED, leaderId:ebab0e06-70f4-4173-9cbe-0f6bda4c00e8, CreationTimestamp2021-01-15T07:28:33.413Z] moved to OPEN state
2021-01-15 07:28:36,401 [EventQueue-PipelineReportForOneReplicaPipelineSafeModeRule] INFO  safemode.SCMSafeModeManager (SCMSafeModeManager.java:validateSafeModeExitRules(214)) - AtleastOneDatanodeReportedRule rule is successfully validated
2021-01-15 07:28:36,407 [EventQueue-OpenPipelineForHealthyPipelineSafeModeRule] INFO  safemode.SCMSafeModeManager (HealthyPipelineSafeModeRule.java:process(128)) - SCM in safe mode. Healthy pipelines reported count is 0, required healthy pipeline reported count is 1
2021-01-15 07:28:36,415 [pool-67-thread-1] INFO  server.RaftServerConfigKeys (ConfUtils.java:logGet(44)) - raft.server.snapshot.auto.trigger.enabled = true (custom)
2021-01-15 07:28:36,415 [pool-67-thread-1] INFO  server.RaftServerConfigKeys (ConfUtils.java:logGet(44)) - raft.server.snapshot.auto.trigger.threshold = 10000 (custom)
2021-01-15 07:28:36,415 [pool-67-thread-1] INFO  server.RaftServerConfigKeys (ConfUtils.java:logGet(44)) - raft.server.snapshot.retention.file.num = 5 (custom)
2021-01-15 07:28:36,415 [pool-67-thread-1] INFO  server.RaftServerConfigKeys (ConfUtils.java:logGet(44)) - raft.server.log.purge.upto.snapshot.index = false (default)
2021-01-15 07:28:36,415 [pool-67-thread-1] INFO  server.RaftServerConfigKeys (ConfUtils.java:logGet(44)) - raft.server.retrycache.expirytime = 600000ms (custom)
2021-01-15 07:28:36,415 [pool-67-thread-1] INFO  server.RaftServerConfigKeys (ConfUtils.java:logGet(44)) - raft.server.retrycache.statistics.expirytime = 100?s (default)
2021-01-15 07:28:36,415 [pool-67-thread-1] INFO  metrics.RatisMetrics (RatisMetrics.java:lambda$create$0(36)) - Creating Metrics Registry : ratis.leader_election.ebab0e06-70f4-4173-9cbe-0f6bda4c00e8@group-55364CCAE1AB
2021-01-15 07:28:36,416 [pool-67-thread-1] INFO  metrics.RatisMetrics (RatisMetrics.java:lambda$create$0(36)) - Creating Metrics Registry : ratis.server.ebab0e06-70f4-4173-9cbe-0f6bda4c00e8@group-55364CCAE1AB
2021-01-15 07:28:36,417 [pool-67-thread-1] INFO  server.RaftServer$Division (RaftServerImpl.java:start(294)) - ebab0e06-70f4-4173-9cbe-0f6bda4c00e8@group-55364CCAE1AB: start as a follower, conf=-1: [ebab0e06-70f4-4173-9cbe-0f6bda4c00e8|rpc:172.17.0.2:33169|priority:1], old=null
2021-01-15 07:28:36,417 [pool-67-thread-1] INFO  server.RaftServer$Division (RaftServerImpl.java:setRole(283)) - ebab0e06-70f4-4173-9cbe-0f6bda4c00e8@group-55364CCAE1AB: changes role from      null to FOLLOWER at term 0 for startAsFollower
2021-01-15 07:28:36,417 [pool-67-thread-1] INFO  impl.RoleInfo (RoleInfo.java:updateAndGet(130)) - ebab0e06-70f4-4173-9cbe-0f6bda4c00e8: start ebab0e06-70f4-4173-9cbe-0f6bda4c00e8@group-55364CCAE1AB-FollowerState
2021-01-15 07:28:36,420 [pool-67-thread-1] INFO  util.JmxRegister (JmxRegister.java:tryRegister(44)) - Successfully registered JMX Bean with object name Ratis:service=RaftServer,group=group-55364CCAE1AB,id=ebab0e06-70f4-4173-9cbe-0f6bda4c00e8
2021-01-15 07:28:36,420 [pool-67-thread-1] INFO  metrics.RatisMetrics (RatisMetrics.java:lambda$create$0(36)) - Creating Metrics Registry : ratis.state_machine.ebab0e06-70f4-4173-9cbe-0f6bda4c00e8@group-55364CCAE1AB
2021-01-15 07:28:36,429 [Command processor thread] INFO  commandhandler.CreatePipelineCommandHandler (CreatePipelineCommandHandler.java:handle(106)) - Created Pipeline RATIS ONE PipelineID=73756634-836b-4c84-8621-55364ccae1ab.
2021-01-15 07:28:36,430 [Command processor thread] INFO  server.RaftServer (RaftServerProxy.java:addNew(95)) - ebab0e06-70f4-4173-9cbe-0f6bda4c00e8: addNew group-09315A56EB53:[ebab0e06-70f4-4173-9cbe-0f6bda4c00e8|rpc:172.17.0.2:33169|priority:0, 683f3d8e-701b-4490-8bc4-d4bfe927cc75|rpc:172.17.0.2:40435|priority:1, 4eb03329-d14e-425d-a1d3-5f9bfd0d0493|rpc:172.17.0.2:45173|priority:0] returns group-09315A56EB53:java.util.concurrent.CompletableFuture@646dab60[Not completed]
2021-01-15 07:28:36,431 [pool-67-thread-1] INFO  server.RaftServer$Division (RaftServerImpl.java:<init>(179)) - ebab0e06-70f4-4173-9cbe-0f6bda4c00e8: new RaftServerImpl for group-09315A56EB53:[ebab0e06-70f4-4173-9cbe-0f6bda4c00e8|rpc:172.17.0.2:33169|priority:0, 683f3d8e-701b-4490-8bc4-d4bfe927cc75|rpc:172.17.0.2:40435|priority:1, 4eb03329-d14e-425d-a1d3-5f9bfd0d0493|rpc:172.17.0.2:45173|priority:0] with ContainerStateMachine:uninitialized
2021-01-15 07:28:36,431 [pool-67-thread-1] INFO  server.RaftServerConfigKeys (ConfUtils.java:logGet(44)) - raft.server.rpc.timeout.min = 5s (custom)
2021-01-15 07:28:36,431 [pool-67-thread-1] INFO  server.RaftServerConfigKeys (ConfUtils.java:logGet(44)) - raft.server.rpc.timeout.max = 5200ms (custom)
2021-01-15 07:28:36,431 [pool-67-thread-1] INFO  server.RaftServerConfigKeys (ConfUtils.java:logGet(44)) - raft.server.rpc.sleep.time = 25ms (default)
2021-01-15 07:28:36,431 [pool-67-thread-1] INFO  server.RaftServerConfigKeys (ConfUtils.java:logGet(44)) - raft.server.rpc.slowness.timeout = 300s (custom)
2021-01-15 07:28:36,431 [pool-67-thread-1] INFO  server.RaftServerConfigKeys (ConfUtils.java:logGet(44)) - raft.server.leaderelection.leader.step-down.wait-time = 10s (default)
2021-01-15 07:28:36,431 [pool-67-thread-1] INFO  server.RaftServerConfigKeys (ConfUtils.java:logGet(44)) - raft.server.sleep.deviation.threshold = 300ms (default)
2021-01-15 07:28:36,431 [pool-67-thread-1] INFO  server.RaftServerConfigKeys (ConfUtils.java:logGet(44)) - raft.server.log.appender.install.snapshot.enabled = false (custom)
2021-01-15 07:28:36,431 [pool-67-thread-1] INFO  server.RaftServer$Division (ServerState.java:<init>(103)) - ebab0e06-70f4-4173-9cbe-0f6bda4c00e8@group-09315A56EB53: ConfigurationManager, init=-1: [ebab0e06-70f4-4173-9cbe-0f6bda4c00e8|rpc:172.17.0.2:33169|priority:0, 683f3d8e-701b-4490-8bc4-d4bfe927cc75|rpc:172.17.0.2:40435|priority:1, 4eb03329-d14e-425d-a1d3-5f9bfd0d0493|rpc:172.17.0.2:45173|priority:0], old=null, confs=<EMPTY_MAP>
2021-01-15 07:28:36,431 [pool-67-thread-1] INFO  server.RaftServerConfigKeys (ConfUtils.java:logGet(44)) - raft.server.storage.dir = [/github/workspace/mnt/ozone/hadoop-ozone/integration-test/target/test-dir/MiniOzoneClusterImpl-f641cada-e66d-4460-aad4-b2880581a04d/datanode-0/data/ratis] (custom)
2021-01-15 07:28:36,431 [pool-67-thread-1] INFO  server.RaftServerConfigKeys (ConfUtils.java:logGet(44)) - raft.server.log.corruption.policy = EXCEPTION (default)
2021-01-15 07:28:36,432 [pool-67-thread-1] INFO  storage.RaftStorageDirectory (RaftStorageDirectoryImpl.java:analyzeStorage(132)) - The storage directory /github/workspace/mnt/ozone/hadoop-ozone/integration-test/target/test-dir/MiniOzoneClusterImpl-f641cada-e66d-4460-aad4-b2880581a04d/datanode-0/data/ratis/11224e2c-a7c0-455d-b981-09315a56eb53 does not exist. Creating ...
2021-01-15 07:28:36,433 [pool-67-thread-1] INFO  storage.RaftStorageDirectory (RaftStorageDirectoryImpl.java:tryLock(215)) - Lock on /github/workspace/mnt/ozone/hadoop-ozone/integration-test/target/test-dir/MiniOzoneClusterImpl-f641cada-e66d-4460-aad4-b2880581a04d/datanode-0/data/ratis/11224e2c-a7c0-455d-b981-09315a56eb53/in_use.lock acquired by nodename 10613@80870765a40b
2021-01-15 07:28:36,434 [pool-67-thread-1] INFO  storage.RaftStorage (RaftStorageImpl.java:format(87)) - Storage directory /github/workspace/mnt/ozone/hadoop-ozone/integration-test/target/test-dir/MiniOzoneClusterImpl-f641cada-e66d-4460-aad4-b2880581a04d/datanode-0/data/ratis/11224e2c-a7c0-455d-b981-09315a56eb53 has been successfully formatted.
2021-01-15 07:28:36,435 [pool-67-thread-1] INFO  ratis.ContainerStateMachine (ContainerStateMachine.java:loadSnapshot(223)) - group-09315A56EB53: The snapshot info is null. Setting the last applied indexto:(t:0, i:~)
2021-01-15 07:28:36,435 [pool-67-thread-1] ERROR storage.RaftStorage (RaftStorageImpl.java:readRaftConfiguration(147)) - Failed reading configuration from file:/github/workspace/mnt/ozone/hadoop-ozone/integration-test/target/test-dir/MiniOzoneClusterImpl-f641cada-e66d-4460-aad4-b2880581a04d/datanode-0/data/ratis/11224e2c-a7c0-455d-b981-09315a56eb53/current/raft-meta.conf
java.io.FileNotFoundException: /github/workspace/mnt/ozone/hadoop-ozone/integration-test/target/test-dir/MiniOzoneClusterImpl-f641cada-e66d-4460-aad4-b2880581a04d/datanode-0/data/ratis/11224e2c-a7c0-455d-b981-09315a56eb53/current/raft-meta.conf (No such file or directory)
	at java.io.FileInputStream.open0(Native Method)
	at java.io.FileInputStream.open(FileInputStream.java:195)
	at java.io.FileInputStream.<init>(FileInputStream.java:138)
	at org.apache.ratis.server.storage.RaftStorageImpl.readRaftConfiguration(RaftStorageImpl.java:143)
	at org.apache.ratis.server.impl.ServerState.<init>(ServerState.java:113)
	at org.apache.ratis.server.impl.RaftServerImpl.<init>(RaftServerImpl.java:192)
	at org.apache.ratis.server.impl.RaftServerProxy.lambda$newRaftServerImpl$4(RaftServerProxy.java:266)
	at java.util.concurrent.CompletableFuture$AsyncSupply.run(CompletableFuture.java:1604)
	at java.util.concurrent.ThreadPoolExecutor.runWorker(ThreadPoolExecutor.java:1149)
	at java.util.concurrent.ThreadPoolExecutor$Worker.run(ThreadPoolExecutor.java:624)
	at java.lang.Thread.run(Thread.java:748)
2021-01-15 07:28:36,435 [pool-67-thread-1] INFO  server.RaftServerConfigKeys (ConfUtils.java:logGet(44)) - raft.server.notification.no-leader.timeout = 300s (custom)
2021-01-15 07:28:36,435 [pool-67-thread-1] INFO  server.RaftServerConfigKeys (ConfUtils.java:logGet(44)) - raft.server.log.use.memory = false (default)
2021-01-15 07:28:36,435 [pool-67-thread-1] INFO  server.RaftServerConfigKeys (ConfUtils.java:logGet(44)) - raft.server.log.purge.gap = 1000000 (custom)
2021-01-15 07:28:36,435 [pool-67-thread-1] INFO  server.RaftServerConfigKeys (ConfUtils.java:logGet(44)) - raft.server.log.appender.buffer.byte-limit = 33554432 (custom)
2021-01-15 07:28:36,435 [pool-67-thread-1] INFO  metrics.RatisMetrics (RatisMetrics.java:lambda$create$0(36)) - Creating Metrics Registry : ratis.log_worker.ebab0e06-70f4-4173-9cbe-0f6bda4c00e8@group-09315A56EB53
2021-01-15 07:28:36,435 [pool-67-thread-1] INFO  server.RaftServerConfigKeys (ConfUtils.java:logGet(44)) - raft.server.log.segment.size.max = 1048576 (custom)
2021-01-15 07:28:36,436 [pool-67-thread-1] INFO  server.RaftServerConfigKeys (ConfUtils.java:logGet(44)) - raft.server.log.segment.cache.num.max = 2 (custom)
2021-01-15 07:28:36,436 [pool-67-thread-1] INFO  server.RaftServerConfigKeys (ConfUtils.java:logGet(44)) - raft.server.log.segment.cache.size.max = 200MB (=209715200) (default)
2021-01-15 07:28:36,436 [pool-67-thread-1] INFO  segmented.SegmentedRaftLogWorker (SegmentedRaftLogWorker.java:<init>(181)) - new ebab0e06-70f4-4173-9cbe-0f6bda4c00e8@group-09315A56EB53-SegmentedRaftLogWorker for RaftStorageImpl:Storage Directory /github/workspace/mnt/ozone/hadoop-ozone/integration-test/target/test-dir/MiniOzoneClusterImpl-f641cada-e66d-4460-aad4-b2880581a04d/datanode-0/data/ratis/11224e2c-a7c0-455d-b981-09315a56eb53
2021-01-15 07:28:36,436 [pool-67-thread-1] INFO  server.RaftServerConfigKeys (ConfUtils.java:logGet(44)) - raft.server.log.queue.byte-limit = 2147483647 (custom)
2021-01-15 07:28:36,436 [pool-67-thread-1] INFO  server.RaftServerConfigKeys (ConfUtils.java:logGet(44)) - raft.server.log.queue.element-limit = 1024 (custom)
2021-01-15 07:28:36,440 [EventQueue-PipelineReportForOneReplicaPipelineSafeModeRule] INFO  safemode.SCMSafeModeManager (SCMSafeModeManager.java:validateSafeModeExitRules(214)) - AtleastOneDatanodeReportedRule rule is successfully validated
2021-01-15 07:28:36,440 [pool-67-thread-1] INFO  server.RaftServerConfigKeys (ConfUtils.java:logGet(44)) - raft.server.log.segment.size.max = 1048576 (custom)
2021-01-15 07:28:36,440 [pool-67-thread-1] INFO  server.RaftServerConfigKeys (ConfUtils.java:logGet(44)) - raft.server.log.preallocated.size = 16384 (custom)
2021-01-15 07:28:36,440 [pool-67-thread-1] INFO  server.RaftServerConfigKeys (ConfUtils.java:logGet(44)) - raft.server.log.force.sync.num = 128 (default)
2021-01-15 07:28:36,440 [pool-67-thread-1] INFO  server.RaftServerConfigKeys (ConfUtils.java:logGet(44)) - raft.server.log.statemachine.data.sync = true (default)
2021-01-15 07:28:36,440 [EventQueue-OpenPipelineForHealthyPipelineSafeModeRule] INFO  safemode.SCMSafeModeManager (HealthyPipelineSafeModeRule.java:process(128)) - SCM in safe mode. Healthy pipelines reported count is 0, required healthy pipeline reported count is 1
2021-01-15 07:28:36,440 [pool-67-thread-1] INFO  server.RaftServerConfigKeys (ConfUtils.java:logGet(44)) - raft.server.log.statemachine.data.sync.timeout = 10s (default)
2021-01-15 07:28:36,441 [pool-67-thread-1] INFO  server.RaftServerConfigKeys (ConfUtils.java:logGet(44)) - raft.server.log.statemachine.data.sync.timeout.retry = -1 (default)
2021-01-15 07:28:36,442 [pool-67-thread-1] INFO  server.RaftServerConfigKeys (ConfUtils.java:logGet(44)) - raft.server.log.write.buffer.size = 1048576 (custom)
2021-01-15 07:28:36,442 [pool-67-thread-1] INFO  server.RaftServerConfigKeys (ConfUtils.java:logGet(44)) - raft.server.log.statemachine.data.caching.enabled = true (custom)
2021-01-15 07:28:36,442 [pool-67-thread-1] INFO  segmented.SegmentedRaftLogWorker (SegmentedRaftLogWorker.java:lambda$new$0(132)) - ebab0e06-70f4-4173-9cbe-0f6bda4c00e8@group-09315A56EB53-SegmentedRaftLogWorker: flushIndex: setUnconditionally 0 -> -1
2021-01-15 07:28:36,443 [pool-67-thread-1] INFO  segmented.SegmentedRaftLogWorker (SegmentedRaftLogWorker.java:lambda$new$0(132)) - ebab0e06-70f4-4173-9cbe-0f6bda4c00e8@group-09315A56EB53-SegmentedRaftLogWorker: safeCacheEvictIndex: setUnconditionally 0 -> -1
2021-01-15 07:28:36,447 [pool-67-thread-1] INFO  server.RaftServerConfigKeys (ConfUtils.java:logGet(44)) - raft.server.snapshot.auto.trigger.enabled = true (custom)
2021-01-15 07:28:36,447 [pool-67-thread-1] INFO  server.RaftServerConfigKeys (ConfUtils.java:logGet(44)) - raft.server.snapshot.auto.trigger.threshold = 10000 (custom)
2021-01-15 07:28:36,447 [pool-67-thread-1] INFO  server.RaftServerConfigKeys (ConfUtils.java:logGet(44)) - raft.server.snapshot.retention.file.num = 5 (custom)
2021-01-15 07:28:36,447 [pool-67-thread-1] INFO  server.RaftServerConfigKeys (ConfUtils.java:logGet(44)) - raft.server.log.purge.upto.snapshot.index = false (default)
2021-01-15 07:28:36,447 [pool-67-thread-1] INFO  server.RaftServerConfigKeys (ConfUtils.java:logGet(44)) - raft.server.retrycache.expirytime = 600000ms (custom)
2021-01-15 07:28:36,448 [pool-67-thread-1] INFO  server.RaftServerConfigKeys (ConfUtils.java:logGet(44)) - raft.server.retrycache.statistics.expirytime = 100?s (default)
2021-01-15 07:28:36,448 [pool-67-thread-1] INFO  metrics.RatisMetrics (RatisMetrics.java:lambda$create$0(36)) - Creating Metrics Registry : ratis.leader_election.ebab0e06-70f4-4173-9cbe-0f6bda4c00e8@group-09315A56EB53
2021-01-15 07:28:36,448 [pool-67-thread-1] INFO  metrics.RatisMetrics (RatisMetrics.java:lambda$create$0(36)) - Creating Metrics Registry : ratis.server.ebab0e06-70f4-4173-9cbe-0f6bda4c00e8@group-09315A56EB53
2021-01-15 07:28:36,449 [pool-67-thread-1] INFO  server.RaftServer$Division (RaftServerImpl.java:start(294)) - ebab0e06-70f4-4173-9cbe-0f6bda4c00e8@group-09315A56EB53: start as a follower, conf=-1: [ebab0e06-70f4-4173-9cbe-0f6bda4c00e8|rpc:172.17.0.2:33169|priority:0, 683f3d8e-701b-4490-8bc4-d4bfe927cc75|rpc:172.17.0.2:40435|priority:1, 4eb03329-d14e-425d-a1d3-5f9bfd0d0493|rpc:172.17.0.2:45173|priority:0], old=null
2021-01-15 07:28:36,449 [pool-67-thread-1] INFO  server.RaftServer$Division (RaftServerImpl.java:setRole(283)) - ebab0e06-70f4-4173-9cbe-0f6bda4c00e8@group-09315A56EB53: changes role from      null to FOLLOWER at term 0 for startAsFollower
2021-01-15 07:28:36,449 [pool-67-thread-1] INFO  impl.RoleInfo (RoleInfo.java:updateAndGet(130)) - ebab0e06-70f4-4173-9cbe-0f6bda4c00e8: start ebab0e06-70f4-4173-9cbe-0f6bda4c00e8@group-09315A56EB53-FollowerState
2021-01-15 07:28:36,454 [pool-67-thread-1] INFO  util.JmxRegister (JmxRegister.java:tryRegister(44)) - Successfully registered JMX Bean with object name Ratis:service=RaftServer,group=group-09315A56EB53,id=ebab0e06-70f4-4173-9cbe-0f6bda4c00e8
2021-01-15 07:28:36,454 [pool-67-thread-1] INFO  metrics.RatisMetrics (RatisMetrics.java:lambda$create$0(36)) - Creating Metrics Registry : ratis.state_machine.ebab0e06-70f4-4173-9cbe-0f6bda4c00e8@group-09315A56EB53
2021-01-15 07:28:36,491 [Command processor thread] INFO  metrics.RatisMetrics (RatisMetrics.java:lambda$create$0(36)) - Creating Metrics Registry : ratis.client_message_metrics.client-CD20E53387F5->683f3d8e-701b-4490-8bc4-d4bfe927cc75
2021-01-15 07:28:36,510 [grpc-default-executor-2] INFO  metrics.RatisMetrics (RatisMetrics.java:lambda$create$0(36)) - Creating Metrics Registry : ratis.server_message_metrics.683f3d8e-701b-4490-8bc4-d4bfe927cc75
2021-01-15 07:28:36,518 [grpc-default-executor-2] INFO  server.RaftServer (RaftServerProxy.java:addNew(95)) - 683f3d8e-701b-4490-8bc4-d4bfe927cc75: addNew group-09315A56EB53:[ebab0e06-70f4-4173-9cbe-0f6bda4c00e8|rpc:172.17.0.2:33169|dataStream:|priority:0, 683f3d8e-701b-4490-8bc4-d4bfe927cc75|rpc:172.17.0.2:40435|dataStream:|priority:1, 4eb03329-d14e-425d-a1d3-5f9bfd0d0493|rpc:172.17.0.2:45173|dataStream:|priority:0] returns group-09315A56EB53:java.util.concurrent.CompletableFuture@19da0592[Not completed]
2021-01-15 07:28:36,533 [pool-99-thread-1] INFO  server.RaftServer$Division (RaftServerImpl.java:<init>(179)) - 683f3d8e-701b-4490-8bc4-d4bfe927cc75: new RaftServerImpl for group-09315A56EB53:[ebab0e06-70f4-4173-9cbe-0f6bda4c00e8|rpc:172.17.0.2:33169|dataStream:|priority:0, 683f3d8e-701b-4490-8bc4-d4bfe927cc75|rpc:172.17.0.2:40435|dataStream:|priority:1, 4eb03329-d14e-425d-a1d3-5f9bfd0d0493|rpc:172.17.0.2:45173|dataStream:|priority:0] with ContainerStateMachine:uninitialized
2021-01-15 07:28:36,533 [pool-99-thread-1] INFO  server.RaftServerConfigKeys (ConfUtils.java:logGet(44)) - raft.server.rpc.timeout.min = 5s (custom)
2021-01-15 07:28:36,533 [pool-99-thread-1] INFO  server.RaftServerConfigKeys (ConfUtils.java:logGet(44)) - raft.server.rpc.timeout.max = 5200ms (custom)
2021-01-15 07:28:36,533 [pool-99-thread-1] INFO  server.RaftServerConfigKeys (ConfUtils.java:logGet(44)) - raft.server.rpc.sleep.time = 25ms (default)
2021-01-15 07:28:36,533 [pool-99-thread-1] INFO  server.RaftServerConfigKeys (ConfUtils.java:logGet(44)) - raft.server.rpc.slowness.timeout = 300s (custom)
2021-01-15 07:28:36,533 [pool-99-thread-1] INFO  server.RaftServerConfigKeys (ConfUtils.java:logGet(44)) - raft.server.leaderelection.leader.step-down.wait-time = 10s (default)
2021-01-15 07:28:36,533 [pool-99-thread-1] INFO  server.RaftServerConfigKeys (ConfUtils.java:logGet(44)) - raft.server.sleep.deviation.threshold = 300ms (default)
2021-01-15 07:28:36,534 [pool-99-thread-1] INFO  server.RaftServerConfigKeys (ConfUtils.java:logGet(44)) - raft.server.log.appender.install.snapshot.enabled = false (custom)
2021-01-15 07:28:36,534 [pool-99-thread-1] INFO  server.RaftServer$Division (ServerState.java:<init>(103)) - 683f3d8e-701b-4490-8bc4-d4bfe927cc75@group-09315A56EB53: ConfigurationManager, init=-1: [ebab0e06-70f4-4173-9cbe-0f6bda4c00e8|rpc:172.17.0.2:33169|dataStream:|priority:0, 683f3d8e-701b-4490-8bc4-d4bfe927cc75|rpc:172.17.0.2:40435|dataStream:|priority:1, 4eb03329-d14e-425d-a1d3-5f9bfd0d0493|rpc:172.17.0.2:45173|dataStream:|priority:0], old=null, confs=<EMPTY_MAP>
2021-01-15 07:28:36,534 [pool-99-thread-1] INFO  server.RaftServerConfigKeys (ConfUtils.java:logGet(44)) - raft.server.storage.dir = [/github/workspace/mnt/ozone/hadoop-ozone/integration-test/target/test-dir/MiniOzoneClusterImpl-f641cada-e66d-4460-aad4-b2880581a04d/datanode-2/data/ratis] (custom)
2021-01-15 07:28:36,534 [pool-99-thread-1] INFO  server.RaftServerConfigKeys (ConfUtils.java:logGet(44)) - raft.server.log.corruption.policy = EXCEPTION (default)
2021-01-15 07:28:36,534 [pool-99-thread-1] INFO  storage.RaftStorageDirectory (RaftStorageDirectoryImpl.java:analyzeStorage(132)) - The storage directory /github/workspace/mnt/ozone/hadoop-ozone/integration-test/target/test-dir/MiniOzoneClusterImpl-f641cada-e66d-4460-aad4-b2880581a04d/datanode-2/data/ratis/11224e2c-a7c0-455d-b981-09315a56eb53 does not exist. Creating ...
2021-01-15 07:28:36,535 [pool-99-thread-1] INFO  storage.RaftStorageDirectory (RaftStorageDirectoryImpl.java:tryLock(215)) - Lock on /github/workspace/mnt/ozone/hadoop-ozone/integration-test/target/test-dir/MiniOzoneClusterImpl-f641cada-e66d-4460-aad4-b2880581a04d/datanode-2/data/ratis/11224e2c-a7c0-455d-b981-09315a56eb53/in_use.lock acquired by nodename 10613@80870765a40b
2021-01-15 07:28:36,536 [pool-99-thread-1] INFO  storage.RaftStorage (RaftStorageImpl.java:format(87)) - Storage directory /github/workspace/mnt/ozone/hadoop-ozone/integration-test/target/test-dir/MiniOzoneClusterImpl-f641cada-e66d-4460-aad4-b2880581a04d/datanode-2/data/ratis/11224e2c-a7c0-455d-b981-09315a56eb53 has been successfully formatted.
2021-01-15 07:28:36,539 [EventQueue-PipelineReportForOneReplicaPipelineSafeModeRule] INFO  safemode.SCMSafeModeManager (SCMSafeModeManager.java:validateSafeModeExitRules(214)) - AtleastOneDatanodeReportedRule rule is successfully validated
2021-01-15 07:28:36,537 [pool-99-thread-1] INFO  ratis.ContainerStateMachine (ContainerStateMachine.java:loadSnapshot(223)) - group-09315A56EB53: The snapshot info is null. Setting the last applied indexto:(t:0, i:~)
2021-01-15 07:28:36,539 [pool-99-thread-1] ERROR storage.RaftStorage (RaftStorageImpl.java:readRaftConfiguration(147)) - Failed reading configuration from file:/github/workspace/mnt/ozone/hadoop-ozone/integration-test/target/test-dir/MiniOzoneClusterImpl-f641cada-e66d-4460-aad4-b2880581a04d/datanode-2/data/ratis/11224e2c-a7c0-455d-b981-09315a56eb53/current/raft-meta.conf
java.io.FileNotFoundException: /github/workspace/mnt/ozone/hadoop-ozone/integration-test/target/test-dir/MiniOzoneClusterImpl-f641cada-e66d-4460-aad4-b2880581a04d/datanode-2/data/ratis/11224e2c-a7c0-455d-b981-09315a56eb53/current/raft-meta.conf (No such file or directory)
	at java.io.FileInputStream.open0(Native Method)
	at java.io.FileInputStream.open(FileInputStream.java:195)
	at java.io.FileInputStream.<init>(FileInputStream.java:138)
	at org.apache.ratis.server.storage.RaftStorageImpl.readRaftConfiguration(RaftStorageImpl.java:143)
	at org.apache.ratis.server.impl.ServerState.<init>(ServerState.java:113)
	at org.apache.ratis.server.impl.RaftServerImpl.<init>(RaftServerImpl.java:192)
	at org.apache.ratis.server.impl.RaftServerProxy.lambda$newRaftServerImpl$4(RaftServerProxy.java:266)
	at java.util.concurrent.CompletableFuture$AsyncSupply.run(CompletableFuture.java:1604)
	at java.util.concurrent.ThreadPoolExecutor.runWorker(ThreadPoolExecutor.java:1149)
	at java.util.concurrent.ThreadPoolExecutor$Worker.run(ThreadPoolExecutor.java:624)
	at java.lang.Thread.run(Thread.java:748)
2021-01-15 07:28:36,539 [pool-99-thread-1] INFO  server.RaftServerConfigKeys (ConfUtils.java:logGet(44)) - raft.server.notification.no-leader.timeout = 300s (custom)
2021-01-15 07:28:36,543 [pool-99-thread-1] INFO  server.RaftServerConfigKeys (ConfUtils.java:logGet(44)) - raft.server.log.use.memory = false (default)
2021-01-15 07:28:36,543 [pool-99-thread-1] INFO  server.RaftServerConfigKeys (ConfUtils.java:logGet(44)) - raft.server.log.purge.gap = 1000000 (custom)
2021-01-15 07:28:36,543 [pool-99-thread-1] INFO  server.RaftServerConfigKeys (ConfUtils.java:logGet(44)) - raft.server.log.appender.buffer.byte-limit = 33554432 (custom)
2021-01-15 07:28:36,543 [pool-99-thread-1] INFO  metrics.RatisMetrics (RatisMetrics.java:lambda$create$0(36)) - Creating Metrics Registry : ratis.log_worker.683f3d8e-701b-4490-8bc4-d4bfe927cc75@group-09315A56EB53
2021-01-15 07:28:36,544 [pool-99-thread-1] INFO  server.RaftServerConfigKeys (ConfUtils.java:logGet(44)) - raft.server.log.segment.size.max = 1048576 (custom)
2021-01-15 07:28:36,544 [pool-99-thread-1] INFO  server.RaftServerConfigKeys (ConfUtils.java:logGet(44)) - raft.server.log.segment.cache.num.max = 2 (custom)
2021-01-15 07:28:36,544 [pool-99-thread-1] INFO  server.RaftServerConfigKeys (ConfUtils.java:logGet(44)) - raft.server.log.segment.cache.size.max = 200MB (=209715200) (default)
2021-01-15 07:28:36,544 [pool-99-thread-1] INFO  segmented.SegmentedRaftLogWorker (SegmentedRaftLogWorker.java:<init>(181)) - new 683f3d8e-701b-4490-8bc4-d4bfe927cc75@group-09315A56EB53-SegmentedRaftLogWorker for RaftStorageImpl:Storage Directory /github/workspace/mnt/ozone/hadoop-ozone/integration-test/target/test-dir/MiniOzoneClusterImpl-f641cada-e66d-4460-aad4-b2880581a04d/datanode-2/data/ratis/11224e2c-a7c0-455d-b981-09315a56eb53
2021-01-15 07:28:36,544 [pool-99-thread-1] INFO  server.RaftServerConfigKeys (ConfUtils.java:logGet(44)) - raft.server.log.queue.byte-limit = 2147483647 (custom)
2021-01-15 07:28:36,544 [pool-99-thread-1] INFO  server.RaftServerConfigKeys (ConfUtils.java:logGet(44)) - raft.server.log.queue.element-limit = 1024 (custom)
2021-01-15 07:28:36,544 [pool-99-thread-1] INFO  server.RaftServerConfigKeys (ConfUtils.java:logGet(44)) - raft.server.log.segment.size.max = 1048576 (custom)
2021-01-15 07:28:36,544 [pool-99-thread-1] INFO  server.RaftServerConfigKeys (ConfUtils.java:logGet(44)) - raft.server.log.preallocated.size = 16384 (custom)
2021-01-15 07:28:36,545 [pool-99-thread-1] INFO  server.RaftServerConfigKeys (ConfUtils.java:logGet(44)) - raft.server.log.force.sync.num = 128 (default)
2021-01-15 07:28:36,545 [pool-99-thread-1] INFO  server.RaftServerConfigKeys (ConfUtils.java:logGet(44)) - raft.server.log.statemachine.data.sync = true (default)
2021-01-15 07:28:36,545 [pool-99-thread-1] INFO  server.RaftServerConfigKeys (ConfUtils.java:logGet(44)) - raft.server.log.statemachine.data.sync.timeout = 10s (default)
2021-01-15 07:28:36,545 [pool-99-thread-1] INFO  server.RaftServerConfigKeys (ConfUtils.java:logGet(44)) - raft.server.log.statemachine.data.sync.timeout.retry = -1 (default)
2021-01-15 07:28:36,545 [pool-99-thread-1] INFO  server.RaftServerConfigKeys (ConfUtils.java:logGet(44)) - raft.server.log.write.buffer.size = 1048576 (custom)
2021-01-15 07:28:36,546 [pool-99-thread-1] INFO  server.RaftServerConfigKeys (ConfUtils.java:logGet(44)) - raft.server.log.statemachine.data.caching.enabled = true (custom)
2021-01-15 07:28:36,546 [pool-99-thread-1] INFO  segmented.SegmentedRaftLogWorker (SegmentedRaftLogWorker.java:lambda$new$0(132)) - 683f3d8e-701b-4490-8bc4-d4bfe927cc75@group-09315A56EB53-SegmentedRaftLogWorker: flushIndex: setUnconditionally 0 -> -1
2021-01-15 07:28:36,546 [pool-99-thread-1] INFO  segmented.SegmentedRaftLogWorker (SegmentedRaftLogWorker.java:lambda$new$0(132)) - 683f3d8e-701b-4490-8bc4-d4bfe927cc75@group-09315A56EB53-SegmentedRaftLogWorker: safeCacheEvictIndex: setUnconditionally 0 -> -1
2021-01-15 07:28:36,556 [pool-99-thread-1] INFO  server.RaftServerConfigKeys (ConfUtils.java:logGet(44)) - raft.server.snapshot.auto.trigger.enabled = true (custom)
2021-01-15 07:28:36,556 [pool-99-thread-1] INFO  server.RaftServerConfigKeys (ConfUtils.java:logGet(44)) - raft.server.snapshot.auto.trigger.threshold = 10000 (custom)
2021-01-15 07:28:36,557 [pool-99-thread-1] INFO  server.RaftServerConfigKeys (ConfUtils.java:logGet(44)) - raft.server.snapshot.retention.file.num = 5 (custom)
2021-01-15 07:28:36,557 [pool-99-thread-1] INFO  server.RaftServerConfigKeys (ConfUtils.java:logGet(44)) - raft.server.log.purge.upto.snapshot.index = false (default)
2021-01-15 07:28:36,557 [pool-99-thread-1] INFO  server.RaftServerConfigKeys (ConfUtils.java:logGet(44)) - raft.server.retrycache.expirytime = 600000ms (custom)
2021-01-15 07:28:36,557 [pool-99-thread-1] INFO  server.RaftServerConfigKeys (ConfUtils.java:logGet(44)) - raft.server.retrycache.statistics.expirytime = 100?s (default)
2021-01-15 07:28:36,557 [pool-99-thread-1] INFO  metrics.RatisMetrics (RatisMetrics.java:lambda$create$0(36)) - Creating Metrics Registry : ratis.leader_election.683f3d8e-701b-4490-8bc4-d4bfe927cc75@group-09315A56EB53
2021-01-15 07:28:36,558 [pool-99-thread-1] INFO  metrics.RatisMetrics (RatisMetrics.java:lambda$create$0(36)) - Creating Metrics Registry : ratis.server.683f3d8e-701b-4490-8bc4-d4bfe927cc75@group-09315A56EB53
2021-01-15 07:28:36,558 [pool-99-thread-1] INFO  server.RaftServer$Division (RaftServerImpl.java:start(294)) - 683f3d8e-701b-4490-8bc4-d4bfe927cc75@group-09315A56EB53: start as a follower, conf=-1: [ebab0e06-70f4-4173-9cbe-0f6bda4c00e8|rpc:172.17.0.2:33169|dataStream:|priority:0, 683f3d8e-701b-4490-8bc4-d4bfe927cc75|rpc:172.17.0.2:40435|dataStream:|priority:1, 4eb03329-d14e-425d-a1d3-5f9bfd0d0493|rpc:172.17.0.2:45173|dataStream:|priority:0], old=null
2021-01-15 07:28:36,558 [pool-99-thread-1] INFO  server.RaftServer$Division (RaftServerImpl.java:setRole(283)) - 683f3d8e-701b-4490-8bc4-d4bfe927cc75@group-09315A56EB53: changes role from      null to FOLLOWER at term 0 for startAsFollower
2021-01-15 07:28:36,558 [pool-99-thread-1] INFO  impl.RoleInfo (RoleInfo.java:updateAndGet(130)) - 683f3d8e-701b-4490-8bc4-d4bfe927cc75: start 683f3d8e-701b-4490-8bc4-d4bfe927cc75@group-09315A56EB53-FollowerState
2021-01-15 07:28:36,563 [pool-99-thread-1] INFO  util.JmxRegister (JmxRegister.java:tryRegister(44)) - Successfully registered JMX Bean with object name Ratis:service=RaftServer,group=group-09315A56EB53,id=683f3d8e-701b-4490-8bc4-d4bfe927cc75
2021-01-15 07:28:36,563 [pool-99-thread-1] INFO  metrics.RatisMetrics (RatisMetrics.java:lambda$create$0(36)) - Creating Metrics Registry : ratis.state_machine.683f3d8e-701b-4490-8bc4-d4bfe927cc75@group-09315A56EB53
2021-01-15 07:28:36,603 [grpc-default-executor-2] WARN  server.GrpcLogAppender (LogUtils.java:warn(122)) - omNode-2@group-523986131536->omNode-3-AppendLogResponseHandler: Failed appendEntries: org.apache.ratis.thirdparty.io.grpc.StatusRuntimeException: UNAVAILABLE: io exception
2021-01-15 07:28:36,603 [grpc-default-executor-2] WARN  server.GrpcLogAppender (GrpcLogAppender.java:resetClient(111)) - omNode-2@group-523986131536->omNode-3-GrpcLogAppender: Leader has not got in touch with Follower omNode-2@group-523986131536->omNode-3(c-1,m0,n1, attendVote=true, lastRpcSendTime=501, lastRpcResponseTime=11920) yet, just keep nextIndex unchanged and retry.
2021-01-15 07:28:36,610 [Command processor thread] INFO  metrics.RatisMetrics (RatisMetrics.java:lambda$create$0(36)) - Creating Metrics Registry : ratis.client_message_metrics.client-92529CCC4100->4eb03329-d14e-425d-a1d3-5f9bfd0d0493
2021-01-15 07:28:36,619 [grpc-default-executor-2] INFO  metrics.RatisMetrics (RatisMetrics.java:lambda$create$0(36)) - Creating Metrics Registry : ratis.server_message_metrics.4eb03329-d14e-425d-a1d3-5f9bfd0d0493
2021-01-15 07:28:36,627 [grpc-default-executor-2] INFO  server.RaftServer (RaftServerProxy.java:addNew(95)) - 4eb03329-d14e-425d-a1d3-5f9bfd0d0493: addNew group-09315A56EB53:[ebab0e06-70f4-4173-9cbe-0f6bda4c00e8|rpc:172.17.0.2:33169|dataStream:|priority:0, 683f3d8e-701b-4490-8bc4-d4bfe927cc75|rpc:172.17.0.2:40435|dataStream:|priority:1, 4eb03329-d14e-425d-a1d3-5f9bfd0d0493|rpc:172.17.0.2:45173|dataStream:|priority:0] returns group-09315A56EB53:java.util.concurrent.CompletableFuture@1f40a179[Not completed]
2021-01-15 07:28:36,639 [pool-82-thread-1] INFO  server.RaftServer$Division (RaftServerImpl.java:<init>(179)) - 4eb03329-d14e-425d-a1d3-5f9bfd0d0493: new RaftServerImpl for group-09315A56EB53:[ebab0e06-70f4-4173-9cbe-0f6bda4c00e8|rpc:172.17.0.2:33169|dataStream:|priority:0, 683f3d8e-701b-4490-8bc4-d4bfe927cc75|rpc:172.17.0.2:40435|dataStream:|priority:1, 4eb03329-d14e-425d-a1d3-5f9bfd0d0493|rpc:172.17.0.2:45173|dataStream:|priority:0] with ContainerStateMachine:uninitialized
2021-01-15 07:28:36,640 [pool-82-thread-1] INFO  server.RaftServerConfigKeys (ConfUtils.java:logGet(44)) - raft.server.rpc.timeout.min = 5s (custom)
2021-01-15 07:28:36,641 [pool-82-thread-1] INFO  server.RaftServerConfigKeys (ConfUtils.java:logGet(44)) - raft.server.rpc.timeout.max = 5200ms (custom)
2021-01-15 07:28:36,641 [pool-82-thread-1] INFO  server.RaftServerConfigKeys (ConfUtils.java:logGet(44)) - raft.server.rpc.sleep.time = 25ms (default)
2021-01-15 07:28:36,641 [pool-82-thread-1] INFO  server.RaftServerConfigKeys (ConfUtils.java:logGet(44)) - raft.server.rpc.slowness.timeout = 300s (custom)
2021-01-15 07:28:36,641 [pool-82-thread-1] INFO  server.RaftServerConfigKeys (ConfUtils.java:logGet(44)) - raft.server.leaderelection.leader.step-down.wait-time = 10s (default)
2021-01-15 07:28:36,641 [pool-82-thread-1] INFO  server.RaftServerConfigKeys (ConfUtils.java:logGet(44)) - raft.server.sleep.deviation.threshold = 300ms (default)
2021-01-15 07:28:36,641 [pool-82-thread-1] INFO  server.RaftServerConfigKeys (ConfUtils.java:logGet(44)) - raft.server.log.appender.install.snapshot.enabled = false (custom)
2021-01-15 07:28:36,641 [pool-82-thread-1] INFO  server.RaftServer$Division (ServerState.java:<init>(103)) - 4eb03329-d14e-425d-a1d3-5f9bfd0d0493@group-09315A56EB53: ConfigurationManager, init=-1: [ebab0e06-70f4-4173-9cbe-0f6bda4c00e8|rpc:172.17.0.2:33169|dataStream:|priority:0, 683f3d8e-701b-4490-8bc4-d4bfe927cc75|rpc:172.17.0.2:40435|dataStream:|priority:1, 4eb03329-d14e-425d-a1d3-5f9bfd0d0493|rpc:172.17.0.2:45173|dataStream:|priority:0], old=null, confs=<EMPTY_MAP>
2021-01-15 07:28:36,641 [pool-82-thread-1] INFO  server.RaftServerConfigKeys (ConfUtils.java:logGet(44)) - raft.server.storage.dir = [/github/workspace/mnt/ozone/hadoop-ozone/integration-test/target/test-dir/MiniOzoneClusterImpl-f641cada-e66d-4460-aad4-b2880581a04d/datanode-1/data/ratis] (custom)
2021-01-15 07:28:36,641 [pool-82-thread-1] INFO  server.RaftServerConfigKeys (ConfUtils.java:logGet(44)) - raft.server.log.corruption.policy = EXCEPTION (default)
2021-01-15 07:28:36,641 [pool-82-thread-1] INFO  storage.RaftStorageDirectory (RaftStorageDirectoryImpl.java:analyzeStorage(132)) - The storage directory /github/workspace/mnt/ozone/hadoop-ozone/integration-test/target/test-dir/MiniOzoneClusterImpl-f641cada-e66d-4460-aad4-b2880581a04d/datanode-1/data/ratis/11224e2c-a7c0-455d-b981-09315a56eb53 does not exist. Creating ...
2021-01-15 07:28:36,643 [pool-82-thread-1] INFO  storage.RaftStorageDirectory (RaftStorageDirectoryImpl.java:tryLock(215)) - Lock on /github/workspace/mnt/ozone/hadoop-ozone/integration-test/target/test-dir/MiniOzoneClusterImpl-f641cada-e66d-4460-aad4-b2880581a04d/datanode-1/data/ratis/11224e2c-a7c0-455d-b981-09315a56eb53/in_use.lock acquired by nodename 10613@80870765a40b
2021-01-15 07:28:36,644 [pool-82-thread-1] INFO  storage.RaftStorage (RaftStorageImpl.java:format(87)) - Storage directory /github/workspace/mnt/ozone/hadoop-ozone/integration-test/target/test-dir/MiniOzoneClusterImpl-f641cada-e66d-4460-aad4-b2880581a04d/datanode-1/data/ratis/11224e2c-a7c0-455d-b981-09315a56eb53 has been successfully formatted.
2021-01-15 07:28:36,644 [pool-82-thread-1] INFO  ratis.ContainerStateMachine (ContainerStateMachine.java:loadSnapshot(223)) - group-09315A56EB53: The snapshot info is null. Setting the last applied indexto:(t:0, i:~)
2021-01-15 07:28:36,644 [pool-82-thread-1] ERROR storage.RaftStorage (RaftStorageImpl.java:readRaftConfiguration(147)) - Failed reading configuration from file:/github/workspace/mnt/ozone/hadoop-ozone/integration-test/target/test-dir/MiniOzoneClusterImpl-f641cada-e66d-4460-aad4-b2880581a04d/datanode-1/data/ratis/11224e2c-a7c0-455d-b981-09315a56eb53/current/raft-meta.conf
java.io.FileNotFoundException: /github/workspace/mnt/ozone/hadoop-ozone/integration-test/target/test-dir/MiniOzoneClusterImpl-f641cada-e66d-4460-aad4-b2880581a04d/datanode-1/data/ratis/11224e2c-a7c0-455d-b981-09315a56eb53/current/raft-meta.conf (No such file or directory)
	at java.io.FileInputStream.open0(Native Method)
	at java.io.FileInputStream.open(FileInputStream.java:195)
	at java.io.FileInputStream.<init>(FileInputStream.java:138)
	at org.apache.ratis.server.storage.RaftStorageImpl.readRaftConfiguration(RaftStorageImpl.java:143)
	at org.apache.ratis.server.impl.ServerState.<init>(ServerState.java:113)
	at org.apache.ratis.server.impl.RaftServerImpl.<init>(RaftServerImpl.java:192)
	at org.apache.ratis.server.impl.RaftServerProxy.lambda$newRaftServerImpl$4(RaftServerProxy.java:266)
	at java.util.concurrent.CompletableFuture$AsyncSupply.run(CompletableFuture.java:1604)
	at java.util.concurrent.ThreadPoolExecutor.runWorker(ThreadPoolExecutor.java:1149)
	at java.util.concurrent.ThreadPoolExecutor$Worker.run(ThreadPoolExecutor.java:624)
	at java.lang.Thread.run(Thread.java:748)
2021-01-15 07:28:36,645 [pool-82-thread-1] INFO  server.RaftServerConfigKeys (ConfUtils.java:logGet(44)) - raft.server.notification.no-leader.timeout = 300s (custom)
2021-01-15 07:28:36,645 [pool-82-thread-1] INFO  server.RaftServerConfigKeys (ConfUtils.java:logGet(44)) - raft.server.log.use.memory = false (default)
2021-01-15 07:28:36,645 [pool-82-thread-1] INFO  server.RaftServerConfigKeys (ConfUtils.java:logGet(44)) - raft.server.log.purge.gap = 1000000 (custom)
2021-01-15 07:28:36,645 [pool-82-thread-1] INFO  server.RaftServerConfigKeys (ConfUtils.java:logGet(44)) - raft.server.log.appender.buffer.byte-limit = 33554432 (custom)
2021-01-15 07:28:36,645 [pool-82-thread-1] INFO  metrics.RatisMetrics (RatisMetrics.java:lambda$create$0(36)) - Creating Metrics Registry : ratis.log_worker.4eb03329-d14e-425d-a1d3-5f9bfd0d0493@group-09315A56EB53
2021-01-15 07:28:36,645 [pool-82-thread-1] INFO  server.RaftServerConfigKeys (ConfUtils.java:logGet(44)) - raft.server.log.segment.size.max = 1048576 (custom)
2021-01-15 07:28:36,645 [pool-82-thread-1] INFO  server.RaftServerConfigKeys (ConfUtils.java:logGet(44)) - raft.server.log.segment.cache.num.max = 2 (custom)
2021-01-15 07:28:36,645 [pool-82-thread-1] INFO  server.RaftServerConfigKeys (ConfUtils.java:logGet(44)) - raft.server.log.segment.cache.size.max = 200MB (=209715200) (default)
2021-01-15 07:28:36,645 [pool-82-thread-1] INFO  segmented.SegmentedRaftLogWorker (SegmentedRaftLogWorker.java:<init>(181)) - new 4eb03329-d14e-425d-a1d3-5f9bfd0d0493@group-09315A56EB53-SegmentedRaftLogWorker for RaftStorageImpl:Storage Directory /github/workspace/mnt/ozone/hadoop-ozone/integration-test/target/test-dir/MiniOzoneClusterImpl-f641cada-e66d-4460-aad4-b2880581a04d/datanode-1/data/ratis/11224e2c-a7c0-455d-b981-09315a56eb53
2021-01-15 07:28:36,646 [pool-82-thread-1] INFO  server.RaftServerConfigKeys (ConfUtils.java:logGet(44)) - raft.server.log.queue.byte-limit = 2147483647 (custom)
2021-01-15 07:28:36,647 [pool-82-thread-1] INFO  server.RaftServerConfigKeys (ConfUtils.java:logGet(44)) - raft.server.log.queue.element-limit = 1024 (custom)
2021-01-15 07:28:36,647 [pool-82-thread-1] INFO  server.RaftServerConfigKeys (ConfUtils.java:logGet(44)) - raft.server.log.segment.size.max = 1048576 (custom)
2021-01-15 07:28:36,647 [pool-82-thread-1] INFO  server.RaftServerConfigKeys (ConfUtils.java:logGet(44)) - raft.server.log.preallocated.size = 16384 (custom)
2021-01-15 07:28:36,647 [pool-82-thread-1] INFO  server.RaftServerConfigKeys (ConfUtils.java:logGet(44)) - raft.server.log.force.sync.num = 128 (default)
2021-01-15 07:28:36,647 [pool-82-thread-1] INFO  server.RaftServerConfigKeys (ConfUtils.java:logGet(44)) - raft.server.log.statemachine.data.sync = true (default)
2021-01-15 07:28:36,648 [EventQueue-PipelineReportForOneReplicaPipelineSafeModeRule] INFO  safemode.SCMSafeModeManager (SCMSafeModeManager.java:validateSafeModeExitRules(214)) - AtleastOneDatanodeReportedRule rule is successfully validated
2021-01-15 07:28:36,648 [pool-82-thread-1] INFO  server.RaftServerConfigKeys (ConfUtils.java:logGet(44)) - raft.server.log.statemachine.data.sync.timeout = 10s (default)
2021-01-15 07:28:36,648 [pool-82-thread-1] INFO  server.RaftServerConfigKeys (ConfUtils.java:logGet(44)) - raft.server.log.statemachine.data.sync.timeout.retry = -1 (default)
2021-01-15 07:28:36,649 [pool-82-thread-1] INFO  server.RaftServerConfigKeys (ConfUtils.java:logGet(44)) - raft.server.log.write.buffer.size = 1048576 (custom)
2021-01-15 07:28:36,649 [pool-82-thread-1] INFO  server.RaftServerConfigKeys (ConfUtils.java:logGet(44)) - raft.server.log.statemachine.data.caching.enabled = true (custom)
2021-01-15 07:28:36,649 [pool-82-thread-1] INFO  segmented.SegmentedRaftLogWorker (SegmentedRaftLogWorker.java:lambda$new$0(132)) - 4eb03329-d14e-425d-a1d3-5f9bfd0d0493@group-09315A56EB53-SegmentedRaftLogWorker: flushIndex: setUnconditionally 0 -> -1
2021-01-15 07:28:36,649 [pool-82-thread-1] INFO  segmented.SegmentedRaftLogWorker (SegmentedRaftLogWorker.java:lambda$new$0(132)) - 4eb03329-d14e-425d-a1d3-5f9bfd0d0493@group-09315A56EB53-SegmentedRaftLogWorker: safeCacheEvictIndex: setUnconditionally 0 -> -1
2021-01-15 07:28:36,653 [pool-82-thread-1] INFO  server.RaftServerConfigKeys (ConfUtils.java:logGet(44)) - raft.server.snapshot.auto.trigger.enabled = true (custom)
2021-01-15 07:28:36,653 [pool-82-thread-1] INFO  server.RaftServerConfigKeys (ConfUtils.java:logGet(44)) - raft.server.snapshot.auto.trigger.threshold = 10000 (custom)
2021-01-15 07:28:36,653 [pool-82-thread-1] INFO  server.RaftServerConfigKeys (ConfUtils.java:logGet(44)) - raft.server.snapshot.retention.file.num = 5 (custom)
2021-01-15 07:28:36,653 [pool-82-thread-1] INFO  server.RaftServerConfigKeys (ConfUtils.java:logGet(44)) - raft.server.log.purge.upto.snapshot.index = false (default)
2021-01-15 07:28:36,653 [pool-82-thread-1] INFO  server.RaftServerConfigKeys (ConfUtils.java:logGet(44)) - raft.server.retrycache.expirytime = 600000ms (custom)
2021-01-15 07:28:36,653 [pool-82-thread-1] INFO  server.RaftServerConfigKeys (ConfUtils.java:logGet(44)) - raft.server.retrycache.statistics.expirytime = 100?s (default)
2021-01-15 07:28:36,653 [pool-82-thread-1] INFO  metrics.RatisMetrics (RatisMetrics.java:lambda$create$0(36)) - Creating Metrics Registry : ratis.leader_election.4eb03329-d14e-425d-a1d3-5f9bfd0d0493@group-09315A56EB53
2021-01-15 07:28:36,653 [pool-82-thread-1] INFO  metrics.RatisMetrics (RatisMetrics.java:lambda$create$0(36)) - Creating Metrics Registry : ratis.server.4eb03329-d14e-425d-a1d3-5f9bfd0d0493@group-09315A56EB53
2021-01-15 07:28:36,654 [pool-82-thread-1] INFO  server.RaftServer$Division (RaftServerImpl.java:start(294)) - 4eb03329-d14e-425d-a1d3-5f9bfd0d0493@group-09315A56EB53: start as a follower, conf=-1: [ebab0e06-70f4-4173-9cbe-0f6bda4c00e8|rpc:172.17.0.2:33169|dataStream:|priority:0, 683f3d8e-701b-4490-8bc4-d4bfe927cc75|rpc:172.17.0.2:40435|dataStream:|priority:1, 4eb03329-d14e-425d-a1d3-5f9bfd0d0493|rpc:172.17.0.2:45173|dataStream:|priority:0], old=null
2021-01-15 07:28:36,654 [pool-82-thread-1] INFO  server.RaftServer$Division (RaftServerImpl.java:setRole(283)) - 4eb03329-d14e-425d-a1d3-5f9bfd0d0493@group-09315A56EB53: changes role from      null to FOLLOWER at term 0 for startAsFollower
2021-01-15 07:28:36,654 [pool-82-thread-1] INFO  impl.RoleInfo (RoleInfo.java:updateAndGet(130)) - 4eb03329-d14e-425d-a1d3-5f9bfd0d0493: start 4eb03329-d14e-425d-a1d3-5f9bfd0d0493@group-09315A56EB53-FollowerState
2021-01-15 07:28:36,654 [pool-82-thread-1] INFO  util.JmxRegister (JmxRegister.java:tryRegister(44)) - Successfully registered JMX Bean with object name Ratis:service=RaftServer,group=group-09315A56EB53,id=4eb03329-d14e-425d-a1d3-5f9bfd0d0493
2021-01-15 07:28:36,654 [pool-82-thread-1] INFO  metrics.RatisMetrics (RatisMetrics.java:lambda$create$0(36)) - Creating Metrics Registry : ratis.state_machine.4eb03329-d14e-425d-a1d3-5f9bfd0d0493@group-09315A56EB53
2021-01-15 07:28:36,675 [Command processor thread] INFO  commandhandler.CreatePipelineCommandHandler (CreatePipelineCommandHandler.java:handle(106)) - Created Pipeline RATIS THREE PipelineID=11224e2c-a7c0-455d-b981-09315a56eb53.
2021-01-15 07:28:36,675 [Command processor thread] INFO  server.RaftServer (RaftServerProxy.java:addNew(95)) - ebab0e06-70f4-4173-9cbe-0f6bda4c00e8: addNew group-48BE1ECDD3AF:[ebab0e06-70f4-4173-9cbe-0f6bda4c00e8|rpc:172.17.0.2:33169|priority:1, 683f3d8e-701b-4490-8bc4-d4bfe927cc75|rpc:172.17.0.2:40435|priority:0, 4eb03329-d14e-425d-a1d3-5f9bfd0d0493|rpc:172.17.0.2:45173|priority:0] returns group-48BE1ECDD3AF:java.util.concurrent.CompletableFuture@6cc40441[Not completed]
2021-01-15 07:28:36,677 [pool-67-thread-1] INFO  server.RaftServer$Division (RaftServerImpl.java:<init>(179)) - ebab0e06-70f4-4173-9cbe-0f6bda4c00e8: new RaftServerImpl for group-48BE1ECDD3AF:[ebab0e06-70f4-4173-9cbe-0f6bda4c00e8|rpc:172.17.0.2:33169|priority:1, 683f3d8e-701b-4490-8bc4-d4bfe927cc75|rpc:172.17.0.2:40435|priority:0, 4eb03329-d14e-425d-a1d3-5f9bfd0d0493|rpc:172.17.0.2:45173|priority:0] with ContainerStateMachine:uninitialized
2021-01-15 07:28:36,678 [pool-67-thread-1] INFO  server.RaftServerConfigKeys (ConfUtils.java:logGet(44)) - raft.server.rpc.timeout.min = 5s (custom)
2021-01-15 07:28:36,678 [pool-67-thread-1] INFO  server.RaftServerConfigKeys (ConfUtils.java:logGet(44)) - raft.server.rpc.timeout.max = 5200ms (custom)
2021-01-15 07:28:36,678 [pool-67-thread-1] INFO  server.RaftServerConfigKeys (ConfUtils.java:logGet(44)) - raft.server.rpc.sleep.time = 25ms (default)
2021-01-15 07:28:36,678 [pool-67-thread-1] INFO  server.RaftServerConfigKeys (ConfUtils.java:logGet(44)) - raft.server.rpc.slowness.timeout = 300s (custom)
2021-01-15 07:28:36,678 [pool-67-thread-1] INFO  server.RaftServerConfigKeys (ConfUtils.java:logGet(44)) - raft.server.leaderelection.leader.step-down.wait-time = 10s (default)
2021-01-15 07:28:36,678 [pool-67-thread-1] INFO  server.RaftServerConfigKeys (ConfUtils.java:logGet(44)) - raft.server.sleep.deviation.threshold = 300ms (default)
2021-01-15 07:28:36,678 [pool-67-thread-1] INFO  server.RaftServerConfigKeys (ConfUtils.java:logGet(44)) - raft.server.log.appender.install.snapshot.enabled = false (custom)
2021-01-15 07:28:36,678 [pool-67-thread-1] INFO  server.RaftServer$Division (ServerState.java:<init>(103)) - ebab0e06-70f4-4173-9cbe-0f6bda4c00e8@group-48BE1ECDD3AF: ConfigurationManager, init=-1: [ebab0e06-70f4-4173-9cbe-0f6bda4c00e8|rpc:172.17.0.2:33169|priority:1, 683f3d8e-701b-4490-8bc4-d4bfe927cc75|rpc:172.17.0.2:40435|priority:0, 4eb03329-d14e-425d-a1d3-5f9bfd0d0493|rpc:172.17.0.2:45173|priority:0], old=null, confs=<EMPTY_MAP>
2021-01-15 07:28:36,678 [pool-67-thread-1] INFO  server.RaftServerConfigKeys (ConfUtils.java:logGet(44)) - raft.server.storage.dir = [/github/workspace/mnt/ozone/hadoop-ozone/integration-test/target/test-dir/MiniOzoneClusterImpl-f641cada-e66d-4460-aad4-b2880581a04d/datanode-0/data/ratis] (custom)
2021-01-15 07:28:36,678 [pool-67-thread-1] INFO  server.RaftServerConfigKeys (ConfUtils.java:logGet(44)) - raft.server.log.corruption.policy = EXCEPTION (default)
2021-01-15 07:28:36,678 [pool-67-thread-1] INFO  storage.RaftStorageDirectory (RaftStorageDirectoryImpl.java:analyzeStorage(132)) - The storage directory /github/workspace/mnt/ozone/hadoop-ozone/integration-test/target/test-dir/MiniOzoneClusterImpl-f641cada-e66d-4460-aad4-b2880581a04d/datanode-0/data/ratis/05373332-289a-4763-9f9d-48be1ecdd3af does not exist. Creating ...
2021-01-15 07:28:36,680 [pool-67-thread-1] INFO  storage.RaftStorageDirectory (RaftStorageDirectoryImpl.java:tryLock(215)) - Lock on /github/workspace/mnt/ozone/hadoop-ozone/integration-test/target/test-dir/MiniOzoneClusterImpl-f641cada-e66d-4460-aad4-b2880581a04d/datanode-0/data/ratis/05373332-289a-4763-9f9d-48be1ecdd3af/in_use.lock acquired by nodename 10613@80870765a40b
2021-01-15 07:28:36,681 [pool-67-thread-1] INFO  storage.RaftStorage (RaftStorageImpl.java:format(87)) - Storage directory /github/workspace/mnt/ozone/hadoop-ozone/integration-test/target/test-dir/MiniOzoneClusterImpl-f641cada-e66d-4460-aad4-b2880581a04d/datanode-0/data/ratis/05373332-289a-4763-9f9d-48be1ecdd3af has been successfully formatted.
2021-01-15 07:28:36,681 [pool-67-thread-1] INFO  ratis.ContainerStateMachine (ContainerStateMachine.java:loadSnapshot(223)) - group-48BE1ECDD3AF: The snapshot info is null. Setting the last applied indexto:(t:0, i:~)
2021-01-15 07:28:36,681 [pool-67-thread-1] ERROR storage.RaftStorage (RaftStorageImpl.java:readRaftConfiguration(147)) - Failed reading configuration from file:/github/workspace/mnt/ozone/hadoop-ozone/integration-test/target/test-dir/MiniOzoneClusterImpl-f641cada-e66d-4460-aad4-b2880581a04d/datanode-0/data/ratis/05373332-289a-4763-9f9d-48be1ecdd3af/current/raft-meta.conf
java.io.FileNotFoundException: /github/workspace/mnt/ozone/hadoop-ozone/integration-test/target/test-dir/MiniOzoneClusterImpl-f641cada-e66d-4460-aad4-b2880581a04d/datanode-0/data/ratis/05373332-289a-4763-9f9d-48be1ecdd3af/current/raft-meta.conf (No such file or directory)
	at java.io.FileInputStream.open0(Native Method)
	at java.io.FileInputStream.open(FileInputStream.java:195)
	at java.io.FileInputStream.<init>(FileInputStream.java:138)
	at org.apache.ratis.server.storage.RaftStorageImpl.readRaftConfiguration(RaftStorageImpl.java:143)
	at org.apache.ratis.server.impl.ServerState.<init>(ServerState.java:113)
	at org.apache.ratis.server.impl.RaftServerImpl.<init>(RaftServerImpl.java:192)
	at org.apache.ratis.server.impl.RaftServerProxy.lambda$newRaftServerImpl$4(RaftServerProxy.java:266)
	at java.util.concurrent.CompletableFuture$AsyncSupply.run(CompletableFuture.java:1604)
	at java.util.concurrent.ThreadPoolExecutor.runWorker(ThreadPoolExecutor.java:1149)
	at java.util.concurrent.ThreadPoolExecutor$Worker.run(ThreadPoolExecutor.java:624)
	at java.lang.Thread.run(Thread.java:748)
2021-01-15 07:28:36,681 [pool-67-thread-1] INFO  server.RaftServerConfigKeys (ConfUtils.java:logGet(44)) - raft.server.notification.no-leader.timeout = 300s (custom)
2021-01-15 07:28:36,682 [pool-67-thread-1] INFO  server.RaftServerConfigKeys (ConfUtils.java:logGet(44)) - raft.server.log.use.memory = false (default)
2021-01-15 07:28:36,682 [pool-67-thread-1] INFO  server.RaftServerConfigKeys (ConfUtils.java:logGet(44)) - raft.server.log.purge.gap = 1000000 (custom)
2021-01-15 07:28:36,682 [pool-67-thread-1] INFO  server.RaftServerConfigKeys (ConfUtils.java:logGet(44)) - raft.server.log.appender.buffer.byte-limit = 33554432 (custom)
2021-01-15 07:28:36,682 [pool-67-thread-1] INFO  metrics.RatisMetrics (RatisMetrics.java:lambda$create$0(36)) - Creating Metrics Registry : ratis.log_worker.ebab0e06-70f4-4173-9cbe-0f6bda4c00e8@group-48BE1ECDD3AF
2021-01-15 07:28:36,682 [pool-67-thread-1] INFO  server.RaftServerConfigKeys (ConfUtils.java:logGet(44)) - raft.server.log.segment.size.max = 1048576 (custom)
2021-01-15 07:28:36,682 [pool-67-thread-1] INFO  server.RaftServerConfigKeys (ConfUtils.java:logGet(44)) - raft.server.log.segment.cache.num.max = 2 (custom)
2021-01-15 07:28:36,682 [pool-67-thread-1] INFO  server.RaftServerConfigKeys (ConfUtils.java:logGet(44)) - raft.server.log.segment.cache.size.max = 200MB (=209715200) (default)
2021-01-15 07:28:36,682 [pool-67-thread-1] INFO  segmented.SegmentedRaftLogWorker (SegmentedRaftLogWorker.java:<init>(181)) - new ebab0e06-70f4-4173-9cbe-0f6bda4c00e8@group-48BE1ECDD3AF-SegmentedRaftLogWorker for RaftStorageImpl:Storage Directory /github/workspace/mnt/ozone/hadoop-ozone/integration-test/target/test-dir/MiniOzoneClusterImpl-f641cada-e66d-4460-aad4-b2880581a04d/datanode-0/data/ratis/05373332-289a-4763-9f9d-48be1ecdd3af
2021-01-15 07:28:36,683 [pool-67-thread-1] INFO  server.RaftServerConfigKeys (ConfUtils.java:logGet(44)) - raft.server.log.queue.byte-limit = 2147483647 (custom)
2021-01-15 07:28:36,683 [pool-67-thread-1] INFO  server.RaftServerConfigKeys (ConfUtils.java:logGet(44)) - raft.server.log.queue.element-limit = 1024 (custom)
2021-01-15 07:28:36,683 [pool-67-thread-1] INFO  server.RaftServerConfigKeys (ConfUtils.java:logGet(44)) - raft.server.log.segment.size.max = 1048576 (custom)
2021-01-15 07:28:36,683 [pool-67-thread-1] INFO  server.RaftServerConfigKeys (ConfUtils.java:logGet(44)) - raft.server.log.preallocated.size = 16384 (custom)
2021-01-15 07:28:36,683 [pool-67-thread-1] INFO  server.RaftServerConfigKeys (ConfUtils.java:logGet(44)) - raft.server.log.force.sync.num = 128 (default)
2021-01-15 07:28:36,683 [pool-67-thread-1] INFO  server.RaftServerConfigKeys (ConfUtils.java:logGet(44)) - raft.server.log.statemachine.data.sync = true (default)
2021-01-15 07:28:36,683 [pool-67-thread-1] INFO  server.RaftServerConfigKeys (ConfUtils.java:logGet(44)) - raft.server.log.statemachine.data.sync.timeout = 10s (default)
2021-01-15 07:28:36,683 [pool-67-thread-1] INFO  server.RaftServerConfigKeys (ConfUtils.java:logGet(44)) - raft.server.log.statemachine.data.sync.timeout.retry = -1 (default)
2021-01-15 07:28:36,684 [pool-67-thread-1] INFO  server.RaftServerConfigKeys (ConfUtils.java:logGet(44)) - raft.server.log.write.buffer.size = 1048576 (custom)
2021-01-15 07:28:36,684 [pool-67-thread-1] INFO  server.RaftServerConfigKeys (ConfUtils.java:logGet(44)) - raft.server.log.statemachine.data.caching.enabled = true (custom)
2021-01-15 07:28:36,684 [pool-67-thread-1] INFO  segmented.SegmentedRaftLogWorker (SegmentedRaftLogWorker.java:lambda$new$0(132)) - ebab0e06-70f4-4173-9cbe-0f6bda4c00e8@group-48BE1ECDD3AF-SegmentedRaftLogWorker: flushIndex: setUnconditionally 0 -> -1
2021-01-15 07:28:36,684 [pool-67-thread-1] INFO  segmented.SegmentedRaftLogWorker (SegmentedRaftLogWorker.java:lambda$new$0(132)) - ebab0e06-70f4-4173-9cbe-0f6bda4c00e8@group-48BE1ECDD3AF-SegmentedRaftLogWorker: safeCacheEvictIndex: setUnconditionally 0 -> -1
2021-01-15 07:28:36,687 [pool-67-thread-1] INFO  server.RaftServerConfigKeys (ConfUtils.java:logGet(44)) - raft.server.snapshot.auto.trigger.enabled = true (custom)
2021-01-15 07:28:36,687 [pool-67-thread-1] INFO  server.RaftServerConfigKeys (ConfUtils.java:logGet(44)) - raft.server.snapshot.auto.trigger.threshold = 10000 (custom)
2021-01-15 07:28:36,687 [pool-67-thread-1] INFO  server.RaftServerConfigKeys (ConfUtils.java:logGet(44)) - raft.server.snapshot.retention.file.num = 5 (custom)
2021-01-15 07:28:36,687 [pool-67-thread-1] INFO  server.RaftServerConfigKeys (ConfUtils.java:logGet(44)) - raft.server.log.purge.upto.snapshot.index = false (default)
2021-01-15 07:28:36,687 [pool-67-thread-1] INFO  server.RaftServerConfigKeys (ConfUtils.java:logGet(44)) - raft.server.retrycache.expirytime = 600000ms (custom)
2021-01-15 07:28:36,687 [pool-67-thread-1] INFO  server.RaftServerConfigKeys (ConfUtils.java:logGet(44)) - raft.server.retrycache.statistics.expirytime = 100?s (default)
2021-01-15 07:28:36,693 [pool-67-thread-1] INFO  metrics.RatisMetrics (RatisMetrics.java:lambda$create$0(36)) - Creating Metrics Registry : ratis.leader_election.ebab0e06-70f4-4173-9cbe-0f6bda4c00e8@group-48BE1ECDD3AF
2021-01-15 07:28:36,694 [pool-67-thread-1] INFO  metrics.RatisMetrics (RatisMetrics.java:lambda$create$0(36)) - Creating Metrics Registry : ratis.server.ebab0e06-70f4-4173-9cbe-0f6bda4c00e8@group-48BE1ECDD3AF
2021-01-15 07:28:36,695 [pool-67-thread-1] INFO  server.RaftServer$Division (RaftServerImpl.java:start(294)) - ebab0e06-70f4-4173-9cbe-0f6bda4c00e8@group-48BE1ECDD3AF: start as a follower, conf=-1: [ebab0e06-70f4-4173-9cbe-0f6bda4c00e8|rpc:172.17.0.2:33169|priority:1, 683f3d8e-701b-4490-8bc4-d4bfe927cc75|rpc:172.17.0.2:40435|priority:0, 4eb03329-d14e-425d-a1d3-5f9bfd0d0493|rpc:172.17.0.2:45173|priority:0], old=null
2021-01-15 07:28:36,695 [pool-67-thread-1] INFO  server.RaftServer$Division (RaftServerImpl.java:setRole(283)) - ebab0e06-70f4-4173-9cbe-0f6bda4c00e8@group-48BE1ECDD3AF: changes role from      null to FOLLOWER at term 0 for startAsFollower
2021-01-15 07:28:36,695 [pool-67-thread-1] INFO  impl.RoleInfo (RoleInfo.java:updateAndGet(130)) - ebab0e06-70f4-4173-9cbe-0f6bda4c00e8: start ebab0e06-70f4-4173-9cbe-0f6bda4c00e8@group-48BE1ECDD3AF-FollowerState
2021-01-15 07:28:36,695 [EventQueue-OpenPipelineForHealthyPipelineSafeModeRule] INFO  safemode.SCMSafeModeManager (HealthyPipelineSafeModeRule.java:process(128)) - SCM in safe mode. Healthy pipelines reported count is 0, required healthy pipeline reported count is 1
2021-01-15 07:28:36,695 [EventQueue-PipelineReportForOneReplicaPipelineSafeModeRule] INFO  safemode.SCMSafeModeManager (SCMSafeModeManager.java:validateSafeModeExitRules(214)) - AtleastOneDatanodeReportedRule rule is successfully validated
2021-01-15 07:28:36,698 [pool-67-thread-1] INFO  util.JmxRegister (JmxRegister.java:tryRegister(44)) - Successfully registered JMX Bean with object name Ratis:service=RaftServer,group=group-48BE1ECDD3AF,id=ebab0e06-70f4-4173-9cbe-0f6bda4c00e8
2021-01-15 07:28:36,698 [pool-67-thread-1] INFO  metrics.RatisMetrics (RatisMetrics.java:lambda$create$0(36)) - Creating Metrics Registry : ratis.state_machine.ebab0e06-70f4-4173-9cbe-0f6bda4c00e8@group-48BE1ECDD3AF
2021-01-15 07:28:36,709 [Command processor thread] INFO  metrics.RatisMetrics (RatisMetrics.java:lambda$create$0(36)) - Creating Metrics Registry : ratis.client_message_metrics.client-57EDC5468769->683f3d8e-701b-4490-8bc4-d4bfe927cc75
2021-01-15 07:28:36,719 [grpc-default-executor-2] INFO  server.RaftServer (RaftServerProxy.java:addNew(95)) - 683f3d8e-701b-4490-8bc4-d4bfe927cc75: addNew group-48BE1ECDD3AF:[ebab0e06-70f4-4173-9cbe-0f6bda4c00e8|rpc:172.17.0.2:33169|dataStream:|priority:1, 683f3d8e-701b-4490-8bc4-d4bfe927cc75|rpc:172.17.0.2:40435|dataStream:|priority:0, 4eb03329-d14e-425d-a1d3-5f9bfd0d0493|rpc:172.17.0.2:45173|dataStream:|priority:0] returns group-48BE1ECDD3AF:java.util.concurrent.CompletableFuture@3b9bbf7a[Not completed]
2021-01-15 07:28:36,720 [pool-99-thread-1] INFO  server.RaftServer$Division (RaftServerImpl.java:<init>(179)) - 683f3d8e-701b-4490-8bc4-d4bfe927cc75: new RaftServerImpl for group-48BE1ECDD3AF:[ebab0e06-70f4-4173-9cbe-0f6bda4c00e8|rpc:172.17.0.2:33169|dataStream:|priority:1, 683f3d8e-701b-4490-8bc4-d4bfe927cc75|rpc:172.17.0.2:40435|dataStream:|priority:0, 4eb03329-d14e-425d-a1d3-5f9bfd0d0493|rpc:172.17.0.2:45173|dataStream:|priority:0] with ContainerStateMachine:uninitialized
2021-01-15 07:28:36,720 [pool-99-thread-1] INFO  server.RaftServerConfigKeys (ConfUtils.java:logGet(44)) - raft.server.rpc.timeout.min = 5s (custom)
2021-01-15 07:28:36,720 [pool-99-thread-1] INFO  server.RaftServerConfigKeys (ConfUtils.java:logGet(44)) - raft.server.rpc.timeout.max = 5200ms (custom)
2021-01-15 07:28:36,720 [pool-99-thread-1] INFO  server.RaftServerConfigKeys (ConfUtils.java:logGet(44)) - raft.server.rpc.sleep.time = 25ms (default)
2021-01-15 07:28:36,720 [pool-99-thread-1] INFO  server.RaftServerConfigKeys (ConfUtils.java:logGet(44)) - raft.server.rpc.slowness.timeout = 300s (custom)
2021-01-15 07:28:36,721 [pool-99-thread-1] INFO  server.RaftServerConfigKeys (ConfUtils.java:logGet(44)) - raft.server.leaderelection.leader.step-down.wait-time = 10s (default)
2021-01-15 07:28:36,721 [pool-99-thread-1] INFO  server.RaftServerConfigKeys (ConfUtils.java:logGet(44)) - raft.server.sleep.deviation.threshold = 300ms (default)
2021-01-15 07:28:36,721 [pool-99-thread-1] INFO  server.RaftServerConfigKeys (ConfUtils.java:logGet(44)) - raft.server.log.appender.install.snapshot.enabled = false (custom)
2021-01-15 07:28:36,721 [pool-99-thread-1] INFO  server.RaftServer$Division (ServerState.java:<init>(103)) - 683f3d8e-701b-4490-8bc4-d4bfe927cc75@group-48BE1ECDD3AF: ConfigurationManager, init=-1: [ebab0e06-70f4-4173-9cbe-0f6bda4c00e8|rpc:172.17.0.2:33169|dataStream:|priority:1, 683f3d8e-701b-4490-8bc4-d4bfe927cc75|rpc:172.17.0.2:40435|dataStream:|priority:0, 4eb03329-d14e-425d-a1d3-5f9bfd0d0493|rpc:172.17.0.2:45173|dataStream:|priority:0], old=null, confs=<EMPTY_MAP>
2021-01-15 07:28:36,721 [pool-99-thread-1] INFO  server.RaftServerConfigKeys (ConfUtils.java:logGet(44)) - raft.server.storage.dir = [/github/workspace/mnt/ozone/hadoop-ozone/integration-test/target/test-dir/MiniOzoneClusterImpl-f641cada-e66d-4460-aad4-b2880581a04d/datanode-2/data/ratis] (custom)
2021-01-15 07:28:36,721 [pool-99-thread-1] INFO  server.RaftServerConfigKeys (ConfUtils.java:logGet(44)) - raft.server.log.corruption.policy = EXCEPTION (default)
2021-01-15 07:28:36,721 [pool-99-thread-1] INFO  storage.RaftStorageDirectory (RaftStorageDirectoryImpl.java:analyzeStorage(132)) - The storage directory /github/workspace/mnt/ozone/hadoop-ozone/integration-test/target/test-dir/MiniOzoneClusterImpl-f641cada-e66d-4460-aad4-b2880581a04d/datanode-2/data/ratis/05373332-289a-4763-9f9d-48be1ecdd3af does not exist. Creating ...
2021-01-15 07:28:36,722 [pool-99-thread-1] INFO  storage.RaftStorageDirectory (RaftStorageDirectoryImpl.java:tryLock(215)) - Lock on /github/workspace/mnt/ozone/hadoop-ozone/integration-test/target/test-dir/MiniOzoneClusterImpl-f641cada-e66d-4460-aad4-b2880581a04d/datanode-2/data/ratis/05373332-289a-4763-9f9d-48be1ecdd3af/in_use.lock acquired by nodename 10613@80870765a40b
2021-01-15 07:28:36,723 [pool-99-thread-1] INFO  storage.RaftStorage (RaftStorageImpl.java:format(87)) - Storage directory /github/workspace/mnt/ozone/hadoop-ozone/integration-test/target/test-dir/MiniOzoneClusterImpl-f641cada-e66d-4460-aad4-b2880581a04d/datanode-2/data/ratis/05373332-289a-4763-9f9d-48be1ecdd3af has been successfully formatted.
2021-01-15 07:28:36,724 [pool-99-thread-1] INFO  ratis.ContainerStateMachine (ContainerStateMachine.java:loadSnapshot(223)) - group-48BE1ECDD3AF: The snapshot info is null. Setting the last applied indexto:(t:0, i:~)
2021-01-15 07:28:36,724 [pool-99-thread-1] ERROR storage.RaftStorage (RaftStorageImpl.java:readRaftConfiguration(147)) - Failed reading configuration from file:/github/workspace/mnt/ozone/hadoop-ozone/integration-test/target/test-dir/MiniOzoneClusterImpl-f641cada-e66d-4460-aad4-b2880581a04d/datanode-2/data/ratis/05373332-289a-4763-9f9d-48be1ecdd3af/current/raft-meta.conf
java.io.FileNotFoundException: /github/workspace/mnt/ozone/hadoop-ozone/integration-test/target/test-dir/MiniOzoneClusterImpl-f641cada-e66d-4460-aad4-b2880581a04d/datanode-2/data/ratis/05373332-289a-4763-9f9d-48be1ecdd3af/current/raft-meta.conf (No such file or directory)
	at java.io.FileInputStream.open0(Native Method)
	at java.io.FileInputStream.open(FileInputStream.java:195)
	at java.io.FileInputStream.<init>(FileInputStream.java:138)
	at org.apache.ratis.server.storage.RaftStorageImpl.readRaftConfiguration(RaftStorageImpl.java:143)
	at org.apache.ratis.server.impl.ServerState.<init>(ServerState.java:113)
	at org.apache.ratis.server.impl.RaftServerImpl.<init>(RaftServerImpl.java:192)
	at org.apache.ratis.server.impl.RaftServerProxy.lambda$newRaftServerImpl$4(RaftServerProxy.java:266)
	at java.util.concurrent.CompletableFuture$AsyncSupply.run(CompletableFuture.java:1604)
	at java.util.concurrent.ThreadPoolExecutor.runWorker(ThreadPoolExecutor.java:1149)
	at java.util.concurrent.ThreadPoolExecutor$Worker.run(ThreadPoolExecutor.java:624)
	at java.lang.Thread.run(Thread.java:748)
2021-01-15 07:28:36,724 [pool-99-thread-1] INFO  server.RaftServerConfigKeys (ConfUtils.java:logGet(44)) - raft.server.notification.no-leader.timeout = 300s (custom)
2021-01-15 07:28:36,725 [pool-99-thread-1] INFO  server.RaftServerConfigKeys (ConfUtils.java:logGet(44)) - raft.server.log.use.memory = false (default)
2021-01-15 07:28:36,725 [pool-99-thread-1] INFO  server.RaftServerConfigKeys (ConfUtils.java:logGet(44)) - raft.server.log.purge.gap = 1000000 (custom)
2021-01-15 07:28:36,725 [pool-99-thread-1] INFO  server.RaftServerConfigKeys (ConfUtils.java:logGet(44)) - raft.server.log.appender.buffer.byte-limit = 33554432 (custom)
2021-01-15 07:28:36,725 [pool-99-thread-1] INFO  metrics.RatisMetrics (RatisMetrics.java:lambda$create$0(36)) - Creating Metrics Registry : ratis.log_worker.683f3d8e-701b-4490-8bc4-d4bfe927cc75@group-48BE1ECDD3AF
2021-01-15 07:28:36,725 [pool-99-thread-1] INFO  server.RaftServerConfigKeys (ConfUtils.java:logGet(44)) - raft.server.log.segment.size.max = 1048576 (custom)
2021-01-15 07:28:36,725 [pool-99-thread-1] INFO  server.RaftServerConfigKeys (ConfUtils.java:logGet(44)) - raft.server.log.segment.cache.num.max = 2 (custom)
2021-01-15 07:28:36,725 [pool-99-thread-1] INFO  server.RaftServerConfigKeys (ConfUtils.java:logGet(44)) - raft.server.log.segment.cache.size.max = 200MB (=209715200) (default)
2021-01-15 07:28:36,725 [pool-99-thread-1] INFO  segmented.SegmentedRaftLogWorker (SegmentedRaftLogWorker.java:<init>(181)) - new 683f3d8e-701b-4490-8bc4-d4bfe927cc75@group-48BE1ECDD3AF-SegmentedRaftLogWorker for RaftStorageImpl:Storage Directory /github/workspace/mnt/ozone/hadoop-ozone/integration-test/target/test-dir/MiniOzoneClusterImpl-f641cada-e66d-4460-aad4-b2880581a04d/datanode-2/data/ratis/05373332-289a-4763-9f9d-48be1ecdd3af
2021-01-15 07:28:36,731 [pool-99-thread-1] INFO  server.RaftServerConfigKeys (ConfUtils.java:logGet(44)) - raft.server.log.queue.byte-limit = 2147483647 (custom)
2021-01-15 07:28:36,731 [pool-99-thread-1] INFO  server.RaftServerConfigKeys (ConfUtils.java:logGet(44)) - raft.server.log.queue.element-limit = 1024 (custom)
2021-01-15 07:28:36,731 [pool-99-thread-1] INFO  server.RaftServerConfigKeys (ConfUtils.java:logGet(44)) - raft.server.log.segment.size.max = 1048576 (custom)
2021-01-15 07:28:36,731 [pool-99-thread-1] INFO  server.RaftServerConfigKeys (ConfUtils.java:logGet(44)) - raft.server.log.preallocated.size = 16384 (custom)
2021-01-15 07:28:36,731 [pool-99-thread-1] INFO  server.RaftServerConfigKeys (ConfUtils.java:logGet(44)) - raft.server.log.force.sync.num = 128 (default)
2021-01-15 07:28:36,731 [pool-99-thread-1] INFO  server.RaftServerConfigKeys (ConfUtils.java:logGet(44)) - raft.server.log.statemachine.data.sync = true (default)
2021-01-15 07:28:36,731 [pool-99-thread-1] INFO  server.RaftServerConfigKeys (ConfUtils.java:logGet(44)) - raft.server.log.statemachine.data.sync.timeout = 10s (default)
2021-01-15 07:28:36,731 [pool-99-thread-1] INFO  server.RaftServerConfigKeys (ConfUtils.java:logGet(44)) - raft.server.log.statemachine.data.sync.timeout.retry = -1 (default)
2021-01-15 07:28:36,732 [pool-99-thread-1] INFO  server.RaftServerConfigKeys (ConfUtils.java:logGet(44)) - raft.server.log.write.buffer.size = 1048576 (custom)
2021-01-15 07:28:36,732 [pool-99-thread-1] INFO  server.RaftServerConfigKeys (ConfUtils.java:logGet(44)) - raft.server.log.statemachine.data.caching.enabled = true (custom)
2021-01-15 07:28:36,732 [pool-99-thread-1] INFO  segmented.SegmentedRaftLogWorker (SegmentedRaftLogWorker.java:lambda$new$0(132)) - 683f3d8e-701b-4490-8bc4-d4bfe927cc75@group-48BE1ECDD3AF-SegmentedRaftLogWorker: flushIndex: setUnconditionally 0 -> -1
2021-01-15 07:28:36,732 [pool-99-thread-1] INFO  segmented.SegmentedRaftLogWorker (SegmentedRaftLogWorker.java:lambda$new$0(132)) - 683f3d8e-701b-4490-8bc4-d4bfe927cc75@group-48BE1ECDD3AF-SegmentedRaftLogWorker: safeCacheEvictIndex: setUnconditionally 0 -> -1
2021-01-15 07:28:36,743 [pool-99-thread-1] INFO  server.RaftServerConfigKeys (ConfUtils.java:logGet(44)) - raft.server.snapshot.auto.trigger.enabled = true (custom)
2021-01-15 07:28:36,743 [pool-99-thread-1] INFO  server.RaftServerConfigKeys (ConfUtils.java:logGet(44)) - raft.server.snapshot.auto.trigger.threshold = 10000 (custom)
2021-01-15 07:28:36,743 [pool-99-thread-1] INFO  server.RaftServerConfigKeys (ConfUtils.java:logGet(44)) - raft.server.snapshot.retention.file.num = 5 (custom)
2021-01-15 07:28:36,743 [pool-99-thread-1] INFO  server.RaftServerConfigKeys (ConfUtils.java:logGet(44)) - raft.server.log.purge.upto.snapshot.index = false (default)
2021-01-15 07:28:36,743 [pool-99-thread-1] INFO  server.RaftServerConfigKeys (ConfUtils.java:logGet(44)) - raft.server.retrycache.expirytime = 600000ms (custom)
2021-01-15 07:28:36,743 [pool-99-thread-1] INFO  server.RaftServerConfigKeys (ConfUtils.java:logGet(44)) - raft.server.retrycache.statistics.expirytime = 100?s (default)
2021-01-15 07:28:36,743 [pool-99-thread-1] INFO  metrics.RatisMetrics (RatisMetrics.java:lambda$create$0(36)) - Creating Metrics Registry : ratis.leader_election.683f3d8e-701b-4490-8bc4-d4bfe927cc75@group-48BE1ECDD3AF
2021-01-15 07:28:36,743 [pool-99-thread-1] INFO  metrics.RatisMetrics (RatisMetrics.java:lambda$create$0(36)) - Creating Metrics Registry : ratis.server.683f3d8e-701b-4490-8bc4-d4bfe927cc75@group-48BE1ECDD3AF
2021-01-15 07:28:36,744 [pool-99-thread-1] INFO  server.RaftServer$Division (RaftServerImpl.java:start(294)) - 683f3d8e-701b-4490-8bc4-d4bfe927cc75@group-48BE1ECDD3AF: start as a follower, conf=-1: [ebab0e06-70f4-4173-9cbe-0f6bda4c00e8|rpc:172.17.0.2:33169|dataStream:|priority:1, 683f3d8e-701b-4490-8bc4-d4bfe927cc75|rpc:172.17.0.2:40435|dataStream:|priority:0, 4eb03329-d14e-425d-a1d3-5f9bfd0d0493|rpc:172.17.0.2:45173|dataStream:|priority:0], old=null
2021-01-15 07:28:36,744 [pool-99-thread-1] INFO  server.RaftServer$Division (RaftServerImpl.java:setRole(283)) - 683f3d8e-701b-4490-8bc4-d4bfe927cc75@group-48BE1ECDD3AF: changes role from      null to FOLLOWER at term 0 for startAsFollower
2021-01-15 07:28:36,744 [pool-99-thread-1] INFO  impl.RoleInfo (RoleInfo.java:updateAndGet(130)) - 683f3d8e-701b-4490-8bc4-d4bfe927cc75: start 683f3d8e-701b-4490-8bc4-d4bfe927cc75@group-48BE1ECDD3AF-FollowerState
2021-01-15 07:28:36,748 [pool-99-thread-1] INFO  util.JmxRegister (JmxRegister.java:tryRegister(44)) - Successfully registered JMX Bean with object name Ratis:service=RaftServer,group=group-48BE1ECDD3AF,id=683f3d8e-701b-4490-8bc4-d4bfe927cc75
2021-01-15 07:28:36,748 [pool-99-thread-1] INFO  metrics.RatisMetrics (RatisMetrics.java:lambda$create$0(36)) - Creating Metrics Registry : ratis.state_machine.683f3d8e-701b-4490-8bc4-d4bfe927cc75@group-48BE1ECDD3AF
2021-01-15 07:28:36,760 [EventQueue-PipelineReportForOneReplicaPipelineSafeModeRule] INFO  safemode.SCMSafeModeManager (SCMSafeModeManager.java:validateSafeModeExitRules(214)) - AtleastOneDatanodeReportedRule rule is successfully validated
2021-01-15 07:28:36,768 [Command processor thread] INFO  metrics.RatisMetrics (RatisMetrics.java:lambda$create$0(36)) - Creating Metrics Registry : ratis.client_message_metrics.client-0562AD131790->4eb03329-d14e-425d-a1d3-5f9bfd0d0493
2021-01-15 07:28:36,777 [grpc-default-executor-2] INFO  server.RaftServer (RaftServerProxy.java:addNew(95)) - 4eb03329-d14e-425d-a1d3-5f9bfd0d0493: addNew group-48BE1ECDD3AF:[ebab0e06-70f4-4173-9cbe-0f6bda4c00e8|rpc:172.17.0.2:33169|dataStream:|priority:1, 683f3d8e-701b-4490-8bc4-d4bfe927cc75|rpc:172.17.0.2:40435|dataStream:|priority:0, 4eb03329-d14e-425d-a1d3-5f9bfd0d0493|rpc:172.17.0.2:45173|dataStream:|priority:0] returns group-48BE1ECDD3AF:java.util.concurrent.CompletableFuture@55d01c7[Not completed]
2021-01-15 07:28:36,778 [pool-82-thread-1] INFO  server.RaftServer$Division (RaftServerImpl.java:<init>(179)) - 4eb03329-d14e-425d-a1d3-5f9bfd0d0493: new RaftServerImpl for group-48BE1ECDD3AF:[ebab0e06-70f4-4173-9cbe-0f6bda4c00e8|rpc:172.17.0.2:33169|dataStream:|priority:1, 683f3d8e-701b-4490-8bc4-d4bfe927cc75|rpc:172.17.0.2:40435|dataStream:|priority:0, 4eb03329-d14e-425d-a1d3-5f9bfd0d0493|rpc:172.17.0.2:45173|dataStream:|priority:0] with ContainerStateMachine:uninitialized
2021-01-15 07:28:36,778 [pool-82-thread-1] INFO  server.RaftServerConfigKeys (ConfUtils.java:logGet(44)) - raft.server.rpc.timeout.min = 5s (custom)
2021-01-15 07:28:36,778 [pool-82-thread-1] INFO  server.RaftServerConfigKeys (ConfUtils.java:logGet(44)) - raft.server.rpc.timeout.max = 5200ms (custom)
2021-01-15 07:28:36,778 [pool-82-thread-1] INFO  server.RaftServerConfigKeys (ConfUtils.java:logGet(44)) - raft.server.rpc.sleep.time = 25ms (default)
2021-01-15 07:28:36,778 [pool-82-thread-1] INFO  server.RaftServerConfigKeys (ConfUtils.java:logGet(44)) - raft.server.rpc.slowness.timeout = 300s (custom)
2021-01-15 07:28:36,778 [pool-82-thread-1] INFO  server.RaftServerConfigKeys (ConfUtils.java:logGet(44)) - raft.server.leaderelection.leader.step-down.wait-time = 10s (default)
2021-01-15 07:28:36,778 [pool-82-thread-1] INFO  server.RaftServerConfigKeys (ConfUtils.java:logGet(44)) - raft.server.sleep.deviation.threshold = 300ms (default)
2021-01-15 07:28:36,778 [pool-82-thread-1] INFO  server.RaftServerConfigKeys (ConfUtils.java:logGet(44)) - raft.server.log.appender.install.snapshot.enabled = false (custom)
2021-01-15 07:28:36,778 [pool-82-thread-1] INFO  server.RaftServer$Division (ServerState.java:<init>(103)) - 4eb03329-d14e-425d-a1d3-5f9bfd0d0493@group-48BE1ECDD3AF: ConfigurationManager, init=-1: [ebab0e06-70f4-4173-9cbe-0f6bda4c00e8|rpc:172.17.0.2:33169|dataStream:|priority:1, 683f3d8e-701b-4490-8bc4-d4bfe927cc75|rpc:172.17.0.2:40435|dataStream:|priority:0, 4eb03329-d14e-425d-a1d3-5f9bfd0d0493|rpc:172.17.0.2:45173|dataStream:|priority:0], old=null, confs=<EMPTY_MAP>
2021-01-15 07:28:36,778 [pool-82-thread-1] INFO  server.RaftServerConfigKeys (ConfUtils.java:logGet(44)) - raft.server.storage.dir = [/github/workspace/mnt/ozone/hadoop-ozone/integration-test/target/test-dir/MiniOzoneClusterImpl-f641cada-e66d-4460-aad4-b2880581a04d/datanode-1/data/ratis] (custom)
2021-01-15 07:28:36,778 [pool-82-thread-1] INFO  server.RaftServerConfigKeys (ConfUtils.java:logGet(44)) - raft.server.log.corruption.policy = EXCEPTION (default)
2021-01-15 07:28:36,778 [pool-82-thread-1] INFO  storage.RaftStorageDirectory (RaftStorageDirectoryImpl.java:analyzeStorage(132)) - The storage directory /github/workspace/mnt/ozone/hadoop-ozone/integration-test/target/test-dir/MiniOzoneClusterImpl-f641cada-e66d-4460-aad4-b2880581a04d/datanode-1/data/ratis/05373332-289a-4763-9f9d-48be1ecdd3af does not exist. Creating ...
2021-01-15 07:28:36,780 [pool-82-thread-1] INFO  storage.RaftStorageDirectory (RaftStorageDirectoryImpl.java:tryLock(215)) - Lock on /github/workspace/mnt/ozone/hadoop-ozone/integration-test/target/test-dir/MiniOzoneClusterImpl-f641cada-e66d-4460-aad4-b2880581a04d/datanode-1/data/ratis/05373332-289a-4763-9f9d-48be1ecdd3af/in_use.lock acquired by nodename 10613@80870765a40b
2021-01-15 07:28:36,781 [pool-82-thread-1] INFO  storage.RaftStorage (RaftStorageImpl.java:format(87)) - Storage directory /github/workspace/mnt/ozone/hadoop-ozone/integration-test/target/test-dir/MiniOzoneClusterImpl-f641cada-e66d-4460-aad4-b2880581a04d/datanode-1/data/ratis/05373332-289a-4763-9f9d-48be1ecdd3af has been successfully formatted.
2021-01-15 07:28:36,781 [pool-82-thread-1] INFO  ratis.ContainerStateMachine (ContainerStateMachine.java:loadSnapshot(223)) - group-48BE1ECDD3AF: The snapshot info is null. Setting the last applied indexto:(t:0, i:~)
2021-01-15 07:28:36,781 [pool-82-thread-1] ERROR storage.RaftStorage (RaftStorageImpl.java:readRaftConfiguration(147)) - Failed reading configuration from file:/github/workspace/mnt/ozone/hadoop-ozone/integration-test/target/test-dir/MiniOzoneClusterImpl-f641cada-e66d-4460-aad4-b2880581a04d/datanode-1/data/ratis/05373332-289a-4763-9f9d-48be1ecdd3af/current/raft-meta.conf
java.io.FileNotFoundException: /github/workspace/mnt/ozone/hadoop-ozone/integration-test/target/test-dir/MiniOzoneClusterImpl-f641cada-e66d-4460-aad4-b2880581a04d/datanode-1/data/ratis/05373332-289a-4763-9f9d-48be1ecdd3af/current/raft-meta.conf (No such file or directory)
	at java.io.FileInputStream.open0(Native Method)
	at java.io.FileInputStream.open(FileInputStream.java:195)
	at java.io.FileInputStream.<init>(FileInputStream.java:138)
	at org.apache.ratis.server.storage.RaftStorageImpl.readRaftConfiguration(RaftStorageImpl.java:143)
	at org.apache.ratis.server.impl.ServerState.<init>(ServerState.java:113)
	at org.apache.ratis.server.impl.RaftServerImpl.<init>(RaftServerImpl.java:192)
	at org.apache.ratis.server.impl.RaftServerProxy.lambda$newRaftServerImpl$4(RaftServerProxy.java:266)
	at java.util.concurrent.CompletableFuture$AsyncSupply.run(CompletableFuture.java:1604)
	at java.util.concurrent.ThreadPoolExecutor.runWorker(ThreadPoolExecutor.java:1149)
	at java.util.concurrent.ThreadPoolExecutor$Worker.run(ThreadPoolExecutor.java:624)
	at java.lang.Thread.run(Thread.java:748)
2021-01-15 07:28:36,782 [pool-82-thread-1] INFO  server.RaftServerConfigKeys (ConfUtils.java:logGet(44)) - raft.server.notification.no-leader.timeout = 300s (custom)
2021-01-15 07:28:36,782 [pool-82-thread-1] INFO  server.RaftServerConfigKeys (ConfUtils.java:logGet(44)) - raft.server.log.use.memory = false (default)
2021-01-15 07:28:36,782 [pool-82-thread-1] INFO  server.RaftServerConfigKeys (ConfUtils.java:logGet(44)) - raft.server.log.purge.gap = 1000000 (custom)
2021-01-15 07:28:36,783 [EventQueue-PipelineReportForOneReplicaPipelineSafeModeRule] INFO  safemode.SCMSafeModeManager (SCMSafeModeManager.java:validateSafeModeExitRules(214)) - AtleastOneDatanodeReportedRule rule is successfully validated
2021-01-15 07:28:36,784 [pool-82-thread-1] INFO  server.RaftServerConfigKeys (ConfUtils.java:logGet(44)) - raft.server.log.appender.buffer.byte-limit = 33554432 (custom)
2021-01-15 07:28:36,784 [pool-82-thread-1] INFO  metrics.RatisMetrics (RatisMetrics.java:lambda$create$0(36)) - Creating Metrics Registry : ratis.log_worker.4eb03329-d14e-425d-a1d3-5f9bfd0d0493@group-48BE1ECDD3AF
2021-01-15 07:28:36,784 [pool-82-thread-1] INFO  server.RaftServerConfigKeys (ConfUtils.java:logGet(44)) - raft.server.log.segment.size.max = 1048576 (custom)
2021-01-15 07:28:36,784 [pool-82-thread-1] INFO  server.RaftServerConfigKeys (ConfUtils.java:logGet(44)) - raft.server.log.segment.cache.num.max = 2 (custom)
2021-01-15 07:28:36,784 [pool-82-thread-1] INFO  server.RaftServerConfigKeys (ConfUtils.java:logGet(44)) - raft.server.log.segment.cache.size.max = 200MB (=209715200) (default)
2021-01-15 07:28:36,784 [pool-82-thread-1] INFO  segmented.SegmentedRaftLogWorker (SegmentedRaftLogWorker.java:<init>(181)) - new 4eb03329-d14e-425d-a1d3-5f9bfd0d0493@group-48BE1ECDD3AF-SegmentedRaftLogWorker for RaftStorageImpl:Storage Directory /github/workspace/mnt/ozone/hadoop-ozone/integration-test/target/test-dir/MiniOzoneClusterImpl-f641cada-e66d-4460-aad4-b2880581a04d/datanode-1/data/ratis/05373332-289a-4763-9f9d-48be1ecdd3af
2021-01-15 07:28:36,785 [pool-82-thread-1] INFO  server.RaftServerConfigKeys (ConfUtils.java:logGet(44)) - raft.server.log.queue.byte-limit = 2147483647 (custom)
2021-01-15 07:28:36,785 [pool-82-thread-1] INFO  server.RaftServerConfigKeys (ConfUtils.java:logGet(44)) - raft.server.log.queue.element-limit = 1024 (custom)
2021-01-15 07:28:36,785 [pool-82-thread-1] INFO  server.RaftServerConfigKeys (ConfUtils.java:logGet(44)) - raft.server.log.segment.size.max = 1048576 (custom)
2021-01-15 07:28:36,785 [pool-82-thread-1] INFO  server.RaftServerConfigKeys (ConfUtils.java:logGet(44)) - raft.server.log.preallocated.size = 16384 (custom)
2021-01-15 07:28:36,785 [pool-82-thread-1] INFO  server.RaftServerConfigKeys (ConfUtils.java:logGet(44)) - raft.server.log.force.sync.num = 128 (default)
2021-01-15 07:28:36,785 [pool-82-thread-1] INFO  server.RaftServerConfigKeys (ConfUtils.java:logGet(44)) - raft.server.log.statemachine.data.sync = true (default)
2021-01-15 07:28:36,785 [pool-82-thread-1] INFO  server.RaftServerConfigKeys (ConfUtils.java:logGet(44)) - raft.server.log.statemachine.data.sync.timeout = 10s (default)
2021-01-15 07:28:36,785 [pool-82-thread-1] INFO  server.RaftServerConfigKeys (ConfUtils.java:logGet(44)) - raft.server.log.statemachine.data.sync.timeout.retry = -1 (default)
2021-01-15 07:28:36,786 [pool-82-thread-1] INFO  server.RaftServerConfigKeys (ConfUtils.java:logGet(44)) - raft.server.log.write.buffer.size = 1048576 (custom)
2021-01-15 07:28:36,786 [pool-82-thread-1] INFO  server.RaftServerConfigKeys (ConfUtils.java:logGet(44)) - raft.server.log.statemachine.data.caching.enabled = true (custom)
2021-01-15 07:28:36,786 [pool-82-thread-1] INFO  segmented.SegmentedRaftLogWorker (SegmentedRaftLogWorker.java:lambda$new$0(132)) - 4eb03329-d14e-425d-a1d3-5f9bfd0d0493@group-48BE1ECDD3AF-SegmentedRaftLogWorker: flushIndex: setUnconditionally 0 -> -1
2021-01-15 07:28:36,786 [pool-82-thread-1] INFO  segmented.SegmentedRaftLogWorker (SegmentedRaftLogWorker.java:lambda$new$0(132)) - 4eb03329-d14e-425d-a1d3-5f9bfd0d0493@group-48BE1ECDD3AF-SegmentedRaftLogWorker: safeCacheEvictIndex: setUnconditionally 0 -> -1
2021-01-15 07:28:36,787 [pool-82-thread-1] INFO  server.RaftServerConfigKeys (ConfUtils.java:logGet(44)) - raft.server.snapshot.auto.trigger.enabled = true (custom)
2021-01-15 07:28:36,787 [pool-82-thread-1] INFO  server.RaftServerConfigKeys (ConfUtils.java:logGet(44)) - raft.server.snapshot.auto.trigger.threshold = 10000 (custom)
2021-01-15 07:28:36,787 [pool-82-thread-1] INFO  server.RaftServerConfigKeys (ConfUtils.java:logGet(44)) - raft.server.snapshot.retention.file.num = 5 (custom)
2021-01-15 07:28:36,787 [pool-82-thread-1] INFO  server.RaftServerConfigKeys (ConfUtils.java:logGet(44)) - raft.server.log.purge.upto.snapshot.index = false (default)
2021-01-15 07:28:36,787 [pool-82-thread-1] INFO  server.RaftServerConfigKeys (ConfUtils.java:logGet(44)) - raft.server.retrycache.expirytime = 600000ms (custom)
2021-01-15 07:28:36,787 [pool-82-thread-1] INFO  server.RaftServerConfigKeys (ConfUtils.java:logGet(44)) - raft.server.retrycache.statistics.expirytime = 100?s (default)
2021-01-15 07:28:36,787 [pool-82-thread-1] INFO  metrics.RatisMetrics (RatisMetrics.java:lambda$create$0(36)) - Creating Metrics Registry : ratis.leader_election.4eb03329-d14e-425d-a1d3-5f9bfd0d0493@group-48BE1ECDD3AF
2021-01-15 07:28:36,787 [pool-82-thread-1] INFO  metrics.RatisMetrics (RatisMetrics.java:lambda$create$0(36)) - Creating Metrics Registry : ratis.server.4eb03329-d14e-425d-a1d3-5f9bfd0d0493@group-48BE1ECDD3AF
2021-01-15 07:28:36,788 [pool-82-thread-1] INFO  server.RaftServer$Division (RaftServerImpl.java:start(294)) - 4eb03329-d14e-425d-a1d3-5f9bfd0d0493@group-48BE1ECDD3AF: start as a follower, conf=-1: [ebab0e06-70f4-4173-9cbe-0f6bda4c00e8|rpc:172.17.0.2:33169|dataStream:|priority:1, 683f3d8e-701b-4490-8bc4-d4bfe927cc75|rpc:172.17.0.2:40435|dataStream:|priority:0, 4eb03329-d14e-425d-a1d3-5f9bfd0d0493|rpc:172.17.0.2:45173|dataStream:|priority:0], old=null
2021-01-15 07:28:36,788 [pool-82-thread-1] INFO  server.RaftServer$Division (RaftServerImpl.java:setRole(283)) - 4eb03329-d14e-425d-a1d3-5f9bfd0d0493@group-48BE1ECDD3AF: changes role from      null to FOLLOWER at term 0 for startAsFollower
2021-01-15 07:28:36,788 [pool-82-thread-1] INFO  impl.RoleInfo (RoleInfo.java:updateAndGet(130)) - 4eb03329-d14e-425d-a1d3-5f9bfd0d0493: start 4eb03329-d14e-425d-a1d3-5f9bfd0d0493@group-48BE1ECDD3AF-FollowerState
2021-01-15 07:28:36,790 [pool-82-thread-1] INFO  util.JmxRegister (JmxRegister.java:tryRegister(44)) - Successfully registered JMX Bean with object name Ratis:service=RaftServer,group=group-48BE1ECDD3AF,id=4eb03329-d14e-425d-a1d3-5f9bfd0d0493
2021-01-15 07:28:36,790 [pool-82-thread-1] INFO  metrics.RatisMetrics (RatisMetrics.java:lambda$create$0(36)) - Creating Metrics Registry : ratis.state_machine.4eb03329-d14e-425d-a1d3-5f9bfd0d0493@group-48BE1ECDD3AF
2021-01-15 07:28:36,796 [Command processor thread] INFO  commandhandler.CreatePipelineCommandHandler (CreatePipelineCommandHandler.java:handle(106)) - Created Pipeline RATIS THREE PipelineID=05373332-289a-4763-9f9d-48be1ecdd3af.
2021-01-15 07:28:36,831 [Command processor thread] INFO  server.RaftServer (RaftServerProxy.java:addNew(95)) - 4eb03329-d14e-425d-a1d3-5f9bfd0d0493: addNew group-9E8048C10205:[4eb03329-d14e-425d-a1d3-5f9bfd0d0493|rpc:172.17.0.2:45173|priority:1] returns group-9E8048C10205:java.util.concurrent.CompletableFuture@12a8475[Not completed]
2021-01-15 07:28:36,840 [pool-82-thread-1] INFO  server.RaftServer$Division (RaftServerImpl.java:<init>(179)) - 4eb03329-d14e-425d-a1d3-5f9bfd0d0493: new RaftServerImpl for group-9E8048C10205:[4eb03329-d14e-425d-a1d3-5f9bfd0d0493|rpc:172.17.0.2:45173|priority:1] with ContainerStateMachine:uninitialized
2021-01-15 07:28:36,840 [pool-82-thread-1] INFO  server.RaftServerConfigKeys (ConfUtils.java:logGet(44)) - raft.server.rpc.timeout.min = 5s (custom)
2021-01-15 07:28:36,840 [pool-82-thread-1] INFO  server.RaftServerConfigKeys (ConfUtils.java:logGet(44)) - raft.server.rpc.timeout.max = 5200ms (custom)
2021-01-15 07:28:36,840 [pool-82-thread-1] INFO  server.RaftServerConfigKeys (ConfUtils.java:logGet(44)) - raft.server.rpc.sleep.time = 25ms (default)
2021-01-15 07:28:36,840 [pool-82-thread-1] INFO  server.RaftServerConfigKeys (ConfUtils.java:logGet(44)) - raft.server.rpc.slowness.timeout = 300s (custom)
2021-01-15 07:28:36,840 [pool-82-thread-1] INFO  server.RaftServerConfigKeys (ConfUtils.java:logGet(44)) - raft.server.leaderelection.leader.step-down.wait-time = 10s (default)
2021-01-15 07:28:36,840 [pool-82-thread-1] INFO  server.RaftServerConfigKeys (ConfUtils.java:logGet(44)) - raft.server.sleep.deviation.threshold = 300ms (default)
2021-01-15 07:28:36,840 [pool-82-thread-1] INFO  server.RaftServerConfigKeys (ConfUtils.java:logGet(44)) - raft.server.log.appender.install.snapshot.enabled = false (custom)
2021-01-15 07:28:36,840 [pool-82-thread-1] INFO  server.RaftServer$Division (ServerState.java:<init>(103)) - 4eb03329-d14e-425d-a1d3-5f9bfd0d0493@group-9E8048C10205: ConfigurationManager, init=-1: [4eb03329-d14e-425d-a1d3-5f9bfd0d0493|rpc:172.17.0.2:45173|priority:1], old=null, confs=<EMPTY_MAP>
2021-01-15 07:28:36,840 [pool-82-thread-1] INFO  server.RaftServerConfigKeys (ConfUtils.java:logGet(44)) - raft.server.storage.dir = [/github/workspace/mnt/ozone/hadoop-ozone/integration-test/target/test-dir/MiniOzoneClusterImpl-f641cada-e66d-4460-aad4-b2880581a04d/datanode-1/data/ratis] (custom)
2021-01-15 07:28:36,841 [pool-82-thread-1] INFO  server.RaftServerConfigKeys (ConfUtils.java:logGet(44)) - raft.server.log.corruption.policy = EXCEPTION (default)
2021-01-15 07:28:36,841 [pool-82-thread-1] INFO  storage.RaftStorageDirectory (RaftStorageDirectoryImpl.java:analyzeStorage(132)) - The storage directory /github/workspace/mnt/ozone/hadoop-ozone/integration-test/target/test-dir/MiniOzoneClusterImpl-f641cada-e66d-4460-aad4-b2880581a04d/datanode-1/data/ratis/b20a151d-e5f7-48dd-a2ee-9e8048c10205 does not exist. Creating ...
2021-01-15 07:28:36,842 [pool-82-thread-1] INFO  storage.RaftStorageDirectory (RaftStorageDirectoryImpl.java:tryLock(215)) - Lock on /github/workspace/mnt/ozone/hadoop-ozone/integration-test/target/test-dir/MiniOzoneClusterImpl-f641cada-e66d-4460-aad4-b2880581a04d/datanode-1/data/ratis/b20a151d-e5f7-48dd-a2ee-9e8048c10205/in_use.lock acquired by nodename 10613@80870765a40b
2021-01-15 07:28:36,845 [pool-82-thread-1] INFO  storage.RaftStorage (RaftStorageImpl.java:format(87)) - Storage directory /github/workspace/mnt/ozone/hadoop-ozone/integration-test/target/test-dir/MiniOzoneClusterImpl-f641cada-e66d-4460-aad4-b2880581a04d/datanode-1/data/ratis/b20a151d-e5f7-48dd-a2ee-9e8048c10205 has been successfully formatted.
2021-01-15 07:28:36,846 [pool-82-thread-1] INFO  ratis.ContainerStateMachine (ContainerStateMachine.java:loadSnapshot(223)) - group-9E8048C10205: The snapshot info is null. Setting the last applied indexto:(t:0, i:~)
2021-01-15 07:28:36,846 [pool-82-thread-1] ERROR storage.RaftStorage (RaftStorageImpl.java:readRaftConfiguration(147)) - Failed reading configuration from file:/github/workspace/mnt/ozone/hadoop-ozone/integration-test/target/test-dir/MiniOzoneClusterImpl-f641cada-e66d-4460-aad4-b2880581a04d/datanode-1/data/ratis/b20a151d-e5f7-48dd-a2ee-9e8048c10205/current/raft-meta.conf
java.io.FileNotFoundException: /github/workspace/mnt/ozone/hadoop-ozone/integration-test/target/test-dir/MiniOzoneClusterImpl-f641cada-e66d-4460-aad4-b2880581a04d/datanode-1/data/ratis/b20a151d-e5f7-48dd-a2ee-9e8048c10205/current/raft-meta.conf (No such file or directory)
	at java.io.FileInputStream.open0(Native Method)
	at java.io.FileInputStream.open(FileInputStream.java:195)
	at java.io.FileInputStream.<init>(FileInputStream.java:138)
	at org.apache.ratis.server.storage.RaftStorageImpl.readRaftConfiguration(RaftStorageImpl.java:143)
	at org.apache.ratis.server.impl.ServerState.<init>(ServerState.java:113)
	at org.apache.ratis.server.impl.RaftServerImpl.<init>(RaftServerImpl.java:192)
	at org.apache.ratis.server.impl.RaftServerProxy.lambda$newRaftServerImpl$4(RaftServerProxy.java:266)
	at java.util.concurrent.CompletableFuture$AsyncSupply.run(CompletableFuture.java:1604)
	at java.util.concurrent.ThreadPoolExecutor.runWorker(ThreadPoolExecutor.java:1149)
	at java.util.concurrent.ThreadPoolExecutor$Worker.run(ThreadPoolExecutor.java:624)
	at java.lang.Thread.run(Thread.java:748)
2021-01-15 07:28:36,847 [pool-82-thread-1] INFO  server.RaftServerConfigKeys (ConfUtils.java:logGet(44)) - raft.server.notification.no-leader.timeout = 300s (custom)
2021-01-15 07:28:36,847 [pool-82-thread-1] INFO  server.RaftServerConfigKeys (ConfUtils.java:logGet(44)) - raft.server.log.use.memory = false (default)
2021-01-15 07:28:36,847 [pool-82-thread-1] INFO  server.RaftServerConfigKeys (ConfUtils.java:logGet(44)) - raft.server.log.purge.gap = 1000000 (custom)
2021-01-15 07:28:36,847 [pool-82-thread-1] INFO  server.RaftServerConfigKeys (ConfUtils.java:logGet(44)) - raft.server.log.appender.buffer.byte-limit = 33554432 (custom)
2021-01-15 07:28:36,847 [pool-82-thread-1] INFO  metrics.RatisMetrics (RatisMetrics.java:lambda$create$0(36)) - Creating Metrics Registry : ratis.log_worker.4eb03329-d14e-425d-a1d3-5f9bfd0d0493@group-9E8048C10205
2021-01-15 07:28:36,847 [pool-82-thread-1] INFO  server.RaftServerConfigKeys (ConfUtils.java:logGet(44)) - raft.server.log.segment.size.max = 1048576 (custom)
2021-01-15 07:28:36,847 [pool-82-thread-1] INFO  server.RaftServerConfigKeys (ConfUtils.java:logGet(44)) - raft.server.log.segment.cache.num.max = 2 (custom)
2021-01-15 07:28:36,847 [pool-82-thread-1] INFO  server.RaftServerConfigKeys (ConfUtils.java:logGet(44)) - raft.server.log.segment.cache.size.max = 200MB (=209715200) (default)
2021-01-15 07:28:36,847 [pool-82-thread-1] INFO  segmented.SegmentedRaftLogWorker (SegmentedRaftLogWorker.java:<init>(181)) - new 4eb03329-d14e-425d-a1d3-5f9bfd0d0493@group-9E8048C10205-SegmentedRaftLogWorker for RaftStorageImpl:Storage Directory /github/workspace/mnt/ozone/hadoop-ozone/integration-test/target/test-dir/MiniOzoneClusterImpl-f641cada-e66d-4460-aad4-b2880581a04d/datanode-1/data/ratis/b20a151d-e5f7-48dd-a2ee-9e8048c10205
2021-01-15 07:28:36,848 [pool-82-thread-1] INFO  server.RaftServerConfigKeys (ConfUtils.java:logGet(44)) - raft.server.log.queue.byte-limit = 2147483647 (custom)
2021-01-15 07:28:36,848 [pool-82-thread-1] INFO  server.RaftServerConfigKeys (ConfUtils.java:logGet(44)) - raft.server.log.queue.element-limit = 1024 (custom)
2021-01-15 07:28:36,848 [pool-82-thread-1] INFO  server.RaftServerConfigKeys (ConfUtils.java:logGet(44)) - raft.server.log.segment.size.max = 1048576 (custom)
2021-01-15 07:28:36,848 [pool-82-thread-1] INFO  server.RaftServerConfigKeys (ConfUtils.java:logGet(44)) - raft.server.log.preallocated.size = 16384 (custom)
2021-01-15 07:28:36,853 [pool-82-thread-1] INFO  server.RaftServerConfigKeys (ConfUtils.java:logGet(44)) - raft.server.log.force.sync.num = 128 (default)
2021-01-15 07:28:36,853 [pool-82-thread-1] INFO  server.RaftServerConfigKeys (ConfUtils.java:logGet(44)) - raft.server.log.statemachine.data.sync = true (default)
2021-01-15 07:28:36,853 [pool-82-thread-1] INFO  server.RaftServerConfigKeys (ConfUtils.java:logGet(44)) - raft.server.log.statemachine.data.sync.timeout = 10s (default)
2021-01-15 07:28:36,853 [pool-82-thread-1] INFO  server.RaftServerConfigKeys (ConfUtils.java:logGet(44)) - raft.server.log.statemachine.data.sync.timeout.retry = -1 (default)
2021-01-15 07:28:36,853 [pool-82-thread-1] INFO  server.RaftServerConfigKeys (ConfUtils.java:logGet(44)) - raft.server.log.write.buffer.size = 1048576 (custom)
2021-01-15 07:28:36,854 [pool-82-thread-1] INFO  server.RaftServerConfigKeys (ConfUtils.java:logGet(44)) - raft.server.log.statemachine.data.caching.enabled = true (custom)
2021-01-15 07:28:36,854 [pool-82-thread-1] INFO  segmented.SegmentedRaftLogWorker (SegmentedRaftLogWorker.java:lambda$new$0(132)) - 4eb03329-d14e-425d-a1d3-5f9bfd0d0493@group-9E8048C10205-SegmentedRaftLogWorker: flushIndex: setUnconditionally 0 -> -1
2021-01-15 07:28:36,854 [pool-82-thread-1] INFO  segmented.SegmentedRaftLogWorker (SegmentedRaftLogWorker.java:lambda$new$0(132)) - 4eb03329-d14e-425d-a1d3-5f9bfd0d0493@group-9E8048C10205-SegmentedRaftLogWorker: safeCacheEvictIndex: setUnconditionally 0 -> -1
2021-01-15 07:28:36,856 [pool-82-thread-1] INFO  server.RaftServerConfigKeys (ConfUtils.java:logGet(44)) - raft.server.snapshot.auto.trigger.enabled = true (custom)
2021-01-15 07:28:36,856 [pool-82-thread-1] INFO  server.RaftServerConfigKeys (ConfUtils.java:logGet(44)) - raft.server.snapshot.auto.trigger.threshold = 10000 (custom)
2021-01-15 07:28:36,856 [pool-82-thread-1] INFO  server.RaftServerConfigKeys (ConfUtils.java:logGet(44)) - raft.server.snapshot.retention.file.num = 5 (custom)
2021-01-15 07:28:36,856 [pool-82-thread-1] INFO  server.RaftServerConfigKeys (ConfUtils.java:logGet(44)) - raft.server.log.purge.upto.snapshot.index = false (default)
2021-01-15 07:28:36,856 [pool-82-thread-1] INFO  server.RaftServerConfigKeys (ConfUtils.java:logGet(44)) - raft.server.retrycache.expirytime = 600000ms (custom)
2021-01-15 07:28:36,856 [pool-82-thread-1] INFO  server.RaftServerConfigKeys (ConfUtils.java:logGet(44)) - raft.server.retrycache.statistics.expirytime = 100?s (default)
2021-01-15 07:28:36,856 [pool-82-thread-1] INFO  metrics.RatisMetrics (RatisMetrics.java:lambda$create$0(36)) - Creating Metrics Registry : ratis.leader_election.4eb03329-d14e-425d-a1d3-5f9bfd0d0493@group-9E8048C10205
2021-01-15 07:28:36,857 [pool-82-thread-1] INFO  metrics.RatisMetrics (RatisMetrics.java:lambda$create$0(36)) - Creating Metrics Registry : ratis.server.4eb03329-d14e-425d-a1d3-5f9bfd0d0493@group-9E8048C10205
2021-01-15 07:28:36,857 [pool-82-thread-1] INFO  server.RaftServer$Division (RaftServerImpl.java:start(294)) - 4eb03329-d14e-425d-a1d3-5f9bfd0d0493@group-9E8048C10205: start as a follower, conf=-1: [4eb03329-d14e-425d-a1d3-5f9bfd0d0493|rpc:172.17.0.2:45173|priority:1], old=null
2021-01-15 07:28:36,857 [pool-82-thread-1] INFO  server.RaftServer$Division (RaftServerImpl.java:setRole(283)) - 4eb03329-d14e-425d-a1d3-5f9bfd0d0493@group-9E8048C10205: changes role from      null to FOLLOWER at term 0 for startAsFollower
2021-01-15 07:28:36,857 [pool-82-thread-1] INFO  impl.RoleInfo (RoleInfo.java:updateAndGet(130)) - 4eb03329-d14e-425d-a1d3-5f9bfd0d0493: start 4eb03329-d14e-425d-a1d3-5f9bfd0d0493@group-9E8048C10205-FollowerState
2021-01-15 07:28:36,864 [pool-82-thread-1] INFO  util.JmxRegister (JmxRegister.java:tryRegister(44)) - Successfully registered JMX Bean with object name Ratis:service=RaftServer,group=group-9E8048C10205,id=4eb03329-d14e-425d-a1d3-5f9bfd0d0493
2021-01-15 07:28:36,864 [pool-82-thread-1] INFO  metrics.RatisMetrics (RatisMetrics.java:lambda$create$0(36)) - Creating Metrics Registry : ratis.state_machine.4eb03329-d14e-425d-a1d3-5f9bfd0d0493@group-9E8048C10205
2021-01-15 07:28:36,865 [EventQueue-PipelineReportForPipelineReportHandler] INFO  pipeline.PipelineStateManager (PipelineStateManager.java:openPipeline(132)) - Pipeline Pipeline[ Id: b20a151d-e5f7-48dd-a2ee-9e8048c10205, Nodes: 4eb03329-d14e-425d-a1d3-5f9bfd0d0493{ip: 172.17.0.2, host: 80870765a40b, networkLocation: /default-rack, certSerialId: null, persistedOpState: IN_SERVICE, persistedOpStateExpiryEpochSec: 0}, Type:RATIS, Factor:ONE, State:ALLOCATED, leaderId:4eb03329-d14e-425d-a1d3-5f9bfd0d0493, CreationTimestamp2021-01-15T07:28:33.837Z] moved to OPEN state
2021-01-15 07:28:36,865 [EventQueue-PipelineReportForOneReplicaPipelineSafeModeRule] INFO  safemode.SCMSafeModeManager (SCMSafeModeManager.java:validateSafeModeExitRules(214)) - AtleastOneDatanodeReportedRule rule is successfully validated
2021-01-15 07:28:36,865 [Command processor thread] INFO  commandhandler.CreatePipelineCommandHandler (CreatePipelineCommandHandler.java:handle(106)) - Created Pipeline RATIS ONE PipelineID=b20a151d-e5f7-48dd-a2ee-9e8048c10205.
2021-01-15 07:28:36,872 [EventQueue-OpenPipelineForHealthyPipelineSafeModeRule] INFO  safemode.SCMSafeModeManager (HealthyPipelineSafeModeRule.java:process(128)) - SCM in safe mode. Healthy pipelines reported count is 0, required healthy pipeline reported count is 1
2021-01-15 07:28:37,057 [Listener at 127.0.0.1/10100] INFO  ozone.MiniOzoneClusterImpl (MiniOzoneClusterImpl.java:lambda$waitForClusterToBeReady$0(179)) - Nodes are ready. Got 3 of 3 DN Heartbeats.
2021-01-15 07:28:37,057 [Listener at 127.0.0.1/10100] INFO  ozone.MiniOzoneClusterImpl (MiniOzoneClusterImpl.java:lambda$waitForClusterToBeReady$0(182)) - Waiting for cluster to exit safe mode
2021-01-15 07:28:37,062 [Command processor thread] INFO  server.RaftServer (RaftServerProxy.java:addNew(95)) - 683f3d8e-701b-4490-8bc4-d4bfe927cc75: addNew group-84E38317D27B:[683f3d8e-701b-4490-8bc4-d4bfe927cc75|rpc:172.17.0.2:40435|priority:1] returns group-84E38317D27B:java.util.concurrent.CompletableFuture@f93acd3[Not completed]
2021-01-15 07:28:37,064 [pool-99-thread-1] INFO  server.RaftServer$Division (RaftServerImpl.java:<init>(179)) - 683f3d8e-701b-4490-8bc4-d4bfe927cc75: new RaftServerImpl for group-84E38317D27B:[683f3d8e-701b-4490-8bc4-d4bfe927cc75|rpc:172.17.0.2:40435|priority:1] with ContainerStateMachine:uninitialized
2021-01-15 07:28:37,064 [pool-99-thread-1] INFO  server.RaftServerConfigKeys (ConfUtils.java:logGet(44)) - raft.server.rpc.timeout.min = 5s (custom)
2021-01-15 07:28:37,064 [pool-99-thread-1] INFO  server.RaftServerConfigKeys (ConfUtils.java:logGet(44)) - raft.server.rpc.timeout.max = 5200ms (custom)
2021-01-15 07:28:37,064 [pool-99-thread-1] INFO  server.RaftServerConfigKeys (ConfUtils.java:logGet(44)) - raft.server.rpc.sleep.time = 25ms (default)
2021-01-15 07:28:37,064 [pool-99-thread-1] INFO  server.RaftServerConfigKeys (ConfUtils.java:logGet(44)) - raft.server.rpc.slowness.timeout = 300s (custom)
2021-01-15 07:28:37,064 [pool-99-thread-1] INFO  server.RaftServerConfigKeys (ConfUtils.java:logGet(44)) - raft.server.leaderelection.leader.step-down.wait-time = 10s (default)
2021-01-15 07:28:37,064 [pool-99-thread-1] INFO  server.RaftServerConfigKeys (ConfUtils.java:logGet(44)) - raft.server.sleep.deviation.threshold = 300ms (default)
2021-01-15 07:28:37,064 [pool-99-thread-1] INFO  server.RaftServerConfigKeys (ConfUtils.java:logGet(44)) - raft.server.log.appender.install.snapshot.enabled = false (custom)
2021-01-15 07:28:37,064 [pool-99-thread-1] INFO  server.RaftServer$Division (ServerState.java:<init>(103)) - 683f3d8e-701b-4490-8bc4-d4bfe927cc75@group-84E38317D27B: ConfigurationManager, init=-1: [683f3d8e-701b-4490-8bc4-d4bfe927cc75|rpc:172.17.0.2:40435|priority:1], old=null, confs=<EMPTY_MAP>
2021-01-15 07:28:37,064 [pool-99-thread-1] INFO  server.RaftServerConfigKeys (ConfUtils.java:logGet(44)) - raft.server.storage.dir = [/github/workspace/mnt/ozone/hadoop-ozone/integration-test/target/test-dir/MiniOzoneClusterImpl-f641cada-e66d-4460-aad4-b2880581a04d/datanode-2/data/ratis] (custom)
2021-01-15 07:28:37,065 [pool-99-thread-1] INFO  server.RaftServerConfigKeys (ConfUtils.java:logGet(44)) - raft.server.log.corruption.policy = EXCEPTION (default)
2021-01-15 07:28:37,065 [pool-99-thread-1] INFO  storage.RaftStorageDirectory (RaftStorageDirectoryImpl.java:analyzeStorage(132)) - The storage directory /github/workspace/mnt/ozone/hadoop-ozone/integration-test/target/test-dir/MiniOzoneClusterImpl-f641cada-e66d-4460-aad4-b2880581a04d/datanode-2/data/ratis/259b71ec-8021-4be6-97a1-84e38317d27b does not exist. Creating ...
2021-01-15 07:28:37,072 [pool-99-thread-1] INFO  storage.RaftStorageDirectory (RaftStorageDirectoryImpl.java:tryLock(215)) - Lock on /github/workspace/mnt/ozone/hadoop-ozone/integration-test/target/test-dir/MiniOzoneClusterImpl-f641cada-e66d-4460-aad4-b2880581a04d/datanode-2/data/ratis/259b71ec-8021-4be6-97a1-84e38317d27b/in_use.lock acquired by nodename 10613@80870765a40b
2021-01-15 07:28:37,073 [pool-99-thread-1] INFO  storage.RaftStorage (RaftStorageImpl.java:format(87)) - Storage directory /github/workspace/mnt/ozone/hadoop-ozone/integration-test/target/test-dir/MiniOzoneClusterImpl-f641cada-e66d-4460-aad4-b2880581a04d/datanode-2/data/ratis/259b71ec-8021-4be6-97a1-84e38317d27b has been successfully formatted.
2021-01-15 07:28:37,075 [EventQueue-PipelineReportForPipelineReportHandler] INFO  pipeline.PipelineStateManager (PipelineStateManager.java:openPipeline(132)) - Pipeline Pipeline[ Id: 259b71ec-8021-4be6-97a1-84e38317d27b, Nodes: 683f3d8e-701b-4490-8bc4-d4bfe927cc75{ip: 172.17.0.2, host: 80870765a40b, networkLocation: /default-rack, certSerialId: null, persistedOpState: IN_SERVICE, persistedOpStateExpiryEpochSec: 0}, Type:RATIS, Factor:ONE, State:ALLOCATED, leaderId:683f3d8e-701b-4490-8bc4-d4bfe927cc75, CreationTimestamp2021-01-15T07:28:34.067Z] moved to OPEN state
2021-01-15 07:28:37,076 [EventQueue-PipelineReportForOneReplicaPipelineSafeModeRule] INFO  safemode.SCMSafeModeManager (SCMSafeModeManager.java:validateSafeModeExitRules(214)) - AtleastOneDatanodeReportedRule rule is successfully validated
2021-01-15 07:28:37,076 [EventQueue-OpenPipelineForHealthyPipelineSafeModeRule] INFO  safemode.SCMSafeModeManager (HealthyPipelineSafeModeRule.java:process(128)) - SCM in safe mode. Healthy pipelines reported count is 0, required healthy pipeline reported count is 1
2021-01-15 07:28:37,077 [pool-99-thread-1] INFO  ratis.ContainerStateMachine (ContainerStateMachine.java:loadSnapshot(223)) - group-84E38317D27B: The snapshot info is null. Setting the last applied indexto:(t:0, i:~)
2021-01-15 07:28:37,081 [pool-99-thread-1] ERROR storage.RaftStorage (RaftStorageImpl.java:readRaftConfiguration(147)) - Failed reading configuration from file:/github/workspace/mnt/ozone/hadoop-ozone/integration-test/target/test-dir/MiniOzoneClusterImpl-f641cada-e66d-4460-aad4-b2880581a04d/datanode-2/data/ratis/259b71ec-8021-4be6-97a1-84e38317d27b/current/raft-meta.conf
java.io.FileNotFoundException: /github/workspace/mnt/ozone/hadoop-ozone/integration-test/target/test-dir/MiniOzoneClusterImpl-f641cada-e66d-4460-aad4-b2880581a04d/datanode-2/data/ratis/259b71ec-8021-4be6-97a1-84e38317d27b/current/raft-meta.conf (No such file or directory)
	at java.io.FileInputStream.open0(Native Method)
	at java.io.FileInputStream.open(FileInputStream.java:195)
	at java.io.FileInputStream.<init>(FileInputStream.java:138)
	at org.apache.ratis.server.storage.RaftStorageImpl.readRaftConfiguration(RaftStorageImpl.java:143)
	at org.apache.ratis.server.impl.ServerState.<init>(ServerState.java:113)
	at org.apache.ratis.server.impl.RaftServerImpl.<init>(RaftServerImpl.java:192)
	at org.apache.ratis.server.impl.RaftServerProxy.lambda$newRaftServerImpl$4(RaftServerProxy.java:266)
	at java.util.concurrent.CompletableFuture$AsyncSupply.run(CompletableFuture.java:1604)
	at java.util.concurrent.ThreadPoolExecutor.runWorker(ThreadPoolExecutor.java:1149)
	at java.util.concurrent.ThreadPoolExecutor$Worker.run(ThreadPoolExecutor.java:624)
	at java.lang.Thread.run(Thread.java:748)
2021-01-15 07:28:37,083 [pool-99-thread-1] INFO  server.RaftServerConfigKeys (ConfUtils.java:logGet(44)) - raft.server.notification.no-leader.timeout = 300s (custom)
2021-01-15 07:28:37,083 [pool-99-thread-1] INFO  server.RaftServerConfigKeys (ConfUtils.java:logGet(44)) - raft.server.log.use.memory = false (default)
2021-01-15 07:28:37,083 [pool-99-thread-1] INFO  server.RaftServerConfigKeys (ConfUtils.java:logGet(44)) - raft.server.log.purge.gap = 1000000 (custom)
2021-01-15 07:28:37,083 [pool-99-thread-1] INFO  server.RaftServerConfigKeys (ConfUtils.java:logGet(44)) - raft.server.log.appender.buffer.byte-limit = 33554432 (custom)
2021-01-15 07:28:37,084 [pool-99-thread-1] INFO  metrics.RatisMetrics (RatisMetrics.java:lambda$create$0(36)) - Creating Metrics Registry : ratis.log_worker.683f3d8e-701b-4490-8bc4-d4bfe927cc75@group-84E38317D27B
2021-01-15 07:28:37,084 [pool-99-thread-1] INFO  server.RaftServerConfigKeys (ConfUtils.java:logGet(44)) - raft.server.log.segment.size.max = 1048576 (custom)
2021-01-15 07:28:37,084 [pool-99-thread-1] INFO  server.RaftServerConfigKeys (ConfUtils.java:logGet(44)) - raft.server.log.segment.cache.num.max = 2 (custom)
2021-01-15 07:28:37,084 [pool-99-thread-1] INFO  server.RaftServerConfigKeys (ConfUtils.java:logGet(44)) - raft.server.log.segment.cache.size.max = 200MB (=209715200) (default)
2021-01-15 07:28:37,084 [pool-99-thread-1] INFO  segmented.SegmentedRaftLogWorker (SegmentedRaftLogWorker.java:<init>(181)) - new 683f3d8e-701b-4490-8bc4-d4bfe927cc75@group-84E38317D27B-SegmentedRaftLogWorker for RaftStorageImpl:Storage Directory /github/workspace/mnt/ozone/hadoop-ozone/integration-test/target/test-dir/MiniOzoneClusterImpl-f641cada-e66d-4460-aad4-b2880581a04d/datanode-2/data/ratis/259b71ec-8021-4be6-97a1-84e38317d27b
2021-01-15 07:28:37,084 [pool-99-thread-1] INFO  server.RaftServerConfigKeys (ConfUtils.java:logGet(44)) - raft.server.log.queue.byte-limit = 2147483647 (custom)
2021-01-15 07:28:37,084 [pool-99-thread-1] INFO  server.RaftServerConfigKeys (ConfUtils.java:logGet(44)) - raft.server.log.queue.element-limit = 1024 (custom)
2021-01-15 07:28:37,084 [pool-99-thread-1] INFO  server.RaftServerConfigKeys (ConfUtils.java:logGet(44)) - raft.server.log.segment.size.max = 1048576 (custom)
2021-01-15 07:28:37,084 [pool-99-thread-1] INFO  server.RaftServerConfigKeys (ConfUtils.java:logGet(44)) - raft.server.log.preallocated.size = 16384 (custom)
2021-01-15 07:28:37,084 [pool-99-thread-1] INFO  server.RaftServerConfigKeys (ConfUtils.java:logGet(44)) - raft.server.log.force.sync.num = 128 (default)
2021-01-15 07:28:37,084 [pool-99-thread-1] INFO  server.RaftServerConfigKeys (ConfUtils.java:logGet(44)) - raft.server.log.statemachine.data.sync = true (default)
2021-01-15 07:28:37,085 [pool-99-thread-1] INFO  server.RaftServerConfigKeys (ConfUtils.java:logGet(44)) - raft.server.log.statemachine.data.sync.timeout = 10s (default)
2021-01-15 07:28:37,085 [pool-99-thread-1] INFO  server.RaftServerConfigKeys (ConfUtils.java:logGet(44)) - raft.server.log.statemachine.data.sync.timeout.retry = -1 (default)
2021-01-15 07:28:37,086 [pool-99-thread-1] INFO  server.RaftServerConfigKeys (ConfUtils.java:logGet(44)) - raft.server.log.write.buffer.size = 1048576 (custom)
2021-01-15 07:28:37,086 [pool-99-thread-1] INFO  server.RaftServerConfigKeys (ConfUtils.java:logGet(44)) - raft.server.log.statemachine.data.caching.enabled = true (custom)
2021-01-15 07:28:37,088 [pool-99-thread-1] INFO  segmented.SegmentedRaftLogWorker (SegmentedRaftLogWorker.java:lambda$new$0(132)) - 683f3d8e-701b-4490-8bc4-d4bfe927cc75@group-84E38317D27B-SegmentedRaftLogWorker: flushIndex: setUnconditionally 0 -> -1
2021-01-15 07:28:37,090 [pool-99-thread-1] INFO  segmented.SegmentedRaftLogWorker (SegmentedRaftLogWorker.java:lambda$new$0(132)) - 683f3d8e-701b-4490-8bc4-d4bfe927cc75@group-84E38317D27B-SegmentedRaftLogWorker: safeCacheEvictIndex: setUnconditionally 0 -> -1
2021-01-15 07:28:37,095 [pool-99-thread-1] INFO  server.RaftServerConfigKeys (ConfUtils.java:logGet(44)) - raft.server.snapshot.auto.trigger.enabled = true (custom)
2021-01-15 07:28:37,095 [pool-99-thread-1] INFO  server.RaftServerConfigKeys (ConfUtils.java:logGet(44)) - raft.server.snapshot.auto.trigger.threshold = 10000 (custom)
2021-01-15 07:28:37,095 [pool-99-thread-1] INFO  server.RaftServerConfigKeys (ConfUtils.java:logGet(44)) - raft.server.snapshot.retention.file.num = 5 (custom)
2021-01-15 07:28:37,095 [pool-99-thread-1] INFO  server.RaftServerConfigKeys (ConfUtils.java:logGet(44)) - raft.server.log.purge.upto.snapshot.index = false (default)
2021-01-15 07:28:37,095 [pool-99-thread-1] INFO  server.RaftServerConfigKeys (ConfUtils.java:logGet(44)) - raft.server.retrycache.expirytime = 600000ms (custom)
2021-01-15 07:28:37,095 [pool-99-thread-1] INFO  server.RaftServerConfigKeys (ConfUtils.java:logGet(44)) - raft.server.retrycache.statistics.expirytime = 100?s (default)
2021-01-15 07:28:37,095 [pool-99-thread-1] INFO  metrics.RatisMetrics (RatisMetrics.java:lambda$create$0(36)) - Creating Metrics Registry : ratis.leader_election.683f3d8e-701b-4490-8bc4-d4bfe927cc75@group-84E38317D27B
2021-01-15 07:28:37,095 [pool-99-thread-1] INFO  metrics.RatisMetrics (RatisMetrics.java:lambda$create$0(36)) - Creating Metrics Registry : ratis.server.683f3d8e-701b-4490-8bc4-d4bfe927cc75@group-84E38317D27B
2021-01-15 07:28:37,096 [pool-99-thread-1] INFO  server.RaftServer$Division (RaftServerImpl.java:start(294)) - 683f3d8e-701b-4490-8bc4-d4bfe927cc75@group-84E38317D27B: start as a follower, conf=-1: [683f3d8e-701b-4490-8bc4-d4bfe927cc75|rpc:172.17.0.2:40435|priority:1], old=null
2021-01-15 07:28:37,096 [pool-99-thread-1] INFO  server.RaftServer$Division (RaftServerImpl.java:setRole(283)) - 683f3d8e-701b-4490-8bc4-d4bfe927cc75@group-84E38317D27B: changes role from      null to FOLLOWER at term 0 for startAsFollower
2021-01-15 07:28:37,096 [pool-99-thread-1] INFO  impl.RoleInfo (RoleInfo.java:updateAndGet(130)) - 683f3d8e-701b-4490-8bc4-d4bfe927cc75: start 683f3d8e-701b-4490-8bc4-d4bfe927cc75@group-84E38317D27B-FollowerState
2021-01-15 07:28:37,100 [pool-99-thread-1] INFO  util.JmxRegister (JmxRegister.java:tryRegister(44)) - Successfully registered JMX Bean with object name Ratis:service=RaftServer,group=group-84E38317D27B,id=683f3d8e-701b-4490-8bc4-d4bfe927cc75
2021-01-15 07:28:37,100 [pool-99-thread-1] INFO  metrics.RatisMetrics (RatisMetrics.java:lambda$create$0(36)) - Creating Metrics Registry : ratis.state_machine.683f3d8e-701b-4490-8bc4-d4bfe927cc75@group-84E38317D27B
2021-01-15 07:28:37,107 [Command processor thread] INFO  commandhandler.CreatePipelineCommandHandler (CreatePipelineCommandHandler.java:handle(106)) - Created Pipeline RATIS ONE PipelineID=259b71ec-8021-4be6-97a1-84e38317d27b.
2021-01-15 07:28:37,109 [grpc-default-executor-2] WARN  server.GrpcLogAppender (LogUtils.java:warn(122)) - omNode-2@group-523986131536->omNode-3-AppendLogResponseHandler: Failed appendEntries: org.apache.ratis.thirdparty.io.grpc.StatusRuntimeException: UNAVAILABLE: io exception
2021-01-15 07:28:37,111 [grpc-default-executor-2] WARN  server.GrpcLogAppender (GrpcLogAppender.java:resetClient(111)) - omNode-2@group-523986131536->omNode-3-GrpcLogAppender: Leader has not got in touch with Follower omNode-2@group-523986131536->omNode-3(c-1,m0,n1, attendVote=true, lastRpcSendTime=0, lastRpcResponseTime=12428) yet, just keep nextIndex unchanged and retry.
2021-01-15 07:28:37,611 [grpc-default-executor-2] WARN  server.GrpcLogAppender (LogUtils.java:warn(122)) - omNode-2@group-523986131536->omNode-3-AppendLogResponseHandler: Failed appendEntries: org.apache.ratis.thirdparty.io.grpc.StatusRuntimeException: UNAVAILABLE: io exception
2021-01-15 07:28:37,612 [grpc-default-executor-2] WARN  server.GrpcLogAppender (GrpcLogAppender.java:resetClient(111)) - omNode-2@group-523986131536->omNode-3-GrpcLogAppender: Leader has not got in touch with Follower omNode-2@group-523986131536->omNode-3(c-1,m0,n1, attendVote=true, lastRpcSendTime=0, lastRpcResponseTime=12929) yet, just keep nextIndex unchanged and retry.
2021-01-15 07:28:37,683 [EventQueue-PipelineReportForOneReplicaPipelineSafeModeRule] INFO  safemode.SCMSafeModeManager (SCMSafeModeManager.java:validateSafeModeExitRules(214)) - AtleastOneDatanodeReportedRule rule is successfully validated
2021-01-15 07:28:37,683 [EventQueue-OpenPipelineForHealthyPipelineSafeModeRule] INFO  safemode.SCMSafeModeManager (HealthyPipelineSafeModeRule.java:process(128)) - SCM in safe mode. Healthy pipelines reported count is 0, required healthy pipeline reported count is 1
2021-01-15 07:28:37,850 [EventQueue-PipelineReportForOneReplicaPipelineSafeModeRule] INFO  safemode.SCMSafeModeManager (SCMSafeModeManager.java:validateSafeModeExitRules(214)) - AtleastOneDatanodeReportedRule rule is successfully validated
2021-01-15 07:28:37,850 [EventQueue-OpenPipelineForHealthyPipelineSafeModeRule] INFO  safemode.SCMSafeModeManager (HealthyPipelineSafeModeRule.java:process(128)) - SCM in safe mode. Healthy pipelines reported count is 0, required healthy pipeline reported count is 1
2021-01-15 07:28:38,058 [Listener at 127.0.0.1/10100] INFO  ozone.MiniOzoneClusterImpl (MiniOzoneClusterImpl.java:lambda$waitForClusterToBeReady$0(179)) - Nodes are ready. Got 3 of 3 DN Heartbeats.
2021-01-15 07:28:38,058 [Listener at 127.0.0.1/10100] INFO  ozone.MiniOzoneClusterImpl (MiniOzoneClusterImpl.java:lambda$waitForClusterToBeReady$0(182)) - Waiting for cluster to exit safe mode
2021-01-15 07:28:38,075 [EventQueue-PipelineReportForOneReplicaPipelineSafeModeRule] INFO  safemode.SCMSafeModeManager (SCMSafeModeManager.java:validateSafeModeExitRules(214)) - AtleastOneDatanodeReportedRule rule is successfully validated
2021-01-15 07:28:38,075 [EventQueue-OpenPipelineForHealthyPipelineSafeModeRule] INFO  safemode.SCMSafeModeManager (HealthyPipelineSafeModeRule.java:process(128)) - SCM in safe mode. Healthy pipelines reported count is 0, required healthy pipeline reported count is 1
2021-01-15 07:28:38,111 [grpc-default-executor-2] WARN  server.GrpcLogAppender (LogUtils.java:warn(122)) - omNode-2@group-523986131536->omNode-3-AppendLogResponseHandler: Failed appendEntries: org.apache.ratis.thirdparty.io.grpc.StatusRuntimeException: UNAVAILABLE: io exception
2021-01-15 07:28:38,112 [grpc-default-executor-2] WARN  server.GrpcLogAppender (GrpcLogAppender.java:resetClient(111)) - omNode-2@group-523986131536->omNode-3-GrpcLogAppender: Leader has not got in touch with Follower omNode-2@group-523986131536->omNode-3(c-1,m0,n1, attendVote=true, lastRpcSendTime=0, lastRpcResponseTime=13429) yet, just keep nextIndex unchanged and retry.
2021-01-15 07:28:38,612 [grpc-default-executor-2] WARN  server.GrpcLogAppender (LogUtils.java:warn(122)) - omNode-2@group-523986131536->omNode-3-AppendLogResponseHandler: Failed appendEntries: org.apache.ratis.thirdparty.io.grpc.StatusRuntimeException: UNAVAILABLE: io exception
2021-01-15 07:28:38,613 [grpc-default-executor-2] WARN  server.GrpcLogAppender (GrpcLogAppender.java:resetClient(111)) - omNode-2@group-523986131536->omNode-3-GrpcLogAppender: Leader has not got in touch with Follower omNode-2@group-523986131536->omNode-3(c-1,m0,n1, attendVote=true, lastRpcSendTime=0, lastRpcResponseTime=13930) yet, just keep nextIndex unchanged and retry.
2021-01-15 07:28:38,683 [EventQueue-PipelineReportForOneReplicaPipelineSafeModeRule] INFO  safemode.SCMSafeModeManager (SCMSafeModeManager.java:validateSafeModeExitRules(214)) - AtleastOneDatanodeReportedRule rule is successfully validated
2021-01-15 07:28:38,683 [EventQueue-OpenPipelineForHealthyPipelineSafeModeRule] INFO  safemode.SCMSafeModeManager (HealthyPipelineSafeModeRule.java:process(128)) - SCM in safe mode. Healthy pipelines reported count is 0, required healthy pipeline reported count is 1
2021-01-15 07:28:38,849 [EventQueue-PipelineReportForOneReplicaPipelineSafeModeRule] INFO  safemode.SCMSafeModeManager (SCMSafeModeManager.java:validateSafeModeExitRules(214)) - AtleastOneDatanodeReportedRule rule is successfully validated
2021-01-15 07:28:38,849 [EventQueue-OpenPipelineForHealthyPipelineSafeModeRule] INFO  safemode.SCMSafeModeManager (HealthyPipelineSafeModeRule.java:process(128)) - SCM in safe mode. Healthy pipelines reported count is 0, required healthy pipeline reported count is 1
2021-01-15 07:28:39,058 [Listener at 127.0.0.1/10100] INFO  ozone.MiniOzoneClusterImpl (MiniOzoneClusterImpl.java:lambda$waitForClusterToBeReady$0(179)) - Nodes are ready. Got 3 of 3 DN Heartbeats.
2021-01-15 07:28:39,058 [Listener at 127.0.0.1/10100] INFO  ozone.MiniOzoneClusterImpl (MiniOzoneClusterImpl.java:lambda$waitForClusterToBeReady$0(182)) - Waiting for cluster to exit safe mode
2021-01-15 07:28:39,075 [EventQueue-PipelineReportForOneReplicaPipelineSafeModeRule] INFO  safemode.SCMSafeModeManager (SCMSafeModeManager.java:validateSafeModeExitRules(214)) - AtleastOneDatanodeReportedRule rule is successfully validated
2021-01-15 07:28:39,075 [EventQueue-OpenPipelineForHealthyPipelineSafeModeRule] INFO  safemode.SCMSafeModeManager (HealthyPipelineSafeModeRule.java:process(128)) - SCM in safe mode. Healthy pipelines reported count is 0, required healthy pipeline reported count is 1
2021-01-15 07:28:39,112 [grpc-default-executor-2] WARN  server.GrpcLogAppender (LogUtils.java:warn(122)) - omNode-2@group-523986131536->omNode-3-AppendLogResponseHandler: Failed appendEntries: org.apache.ratis.thirdparty.io.grpc.StatusRuntimeException: UNAVAILABLE: io exception
2021-01-15 07:28:39,113 [grpc-default-executor-2] WARN  server.GrpcLogAppender (GrpcLogAppender.java:resetClient(111)) - omNode-2@group-523986131536->omNode-3-GrpcLogAppender: Leader has not got in touch with Follower omNode-2@group-523986131536->omNode-3(c-1,m0,n1, attendVote=true, lastRpcSendTime=0, lastRpcResponseTime=14430) yet, just keep nextIndex unchanged and retry.
2021-01-15 07:28:39,618 [grpc-default-executor-2] WARN  server.GrpcLogAppender (LogUtils.java:warn(122)) - omNode-2@group-523986131536->omNode-3-AppendLogResponseHandler: Failed appendEntries: org.apache.ratis.thirdparty.io.grpc.StatusRuntimeException: UNAVAILABLE: io exception
2021-01-15 07:28:39,619 [grpc-default-executor-2] WARN  server.GrpcLogAppender (GrpcLogAppender.java:resetClient(111)) - omNode-2@group-523986131536->omNode-3-GrpcLogAppender: Leader has not got in touch with Follower omNode-2@group-523986131536->omNode-3(c-1,m0,n1, attendVote=true, lastRpcSendTime=6, lastRpcResponseTime=14936) yet, just keep nextIndex unchanged and retry.
2021-01-15 07:28:39,684 [EventQueue-PipelineReportForOneReplicaPipelineSafeModeRule] INFO  safemode.SCMSafeModeManager (SCMSafeModeManager.java:validateSafeModeExitRules(214)) - AtleastOneDatanodeReportedRule rule is successfully validated
2021-01-15 07:28:39,684 [EventQueue-OpenPipelineForHealthyPipelineSafeModeRule] INFO  safemode.SCMSafeModeManager (HealthyPipelineSafeModeRule.java:process(128)) - SCM in safe mode. Healthy pipelines reported count is 0, required healthy pipeline reported count is 1
2021-01-15 07:28:39,850 [EventQueue-PipelineReportForOneReplicaPipelineSafeModeRule] INFO  safemode.SCMSafeModeManager (SCMSafeModeManager.java:validateSafeModeExitRules(214)) - AtleastOneDatanodeReportedRule rule is successfully validated
2021-01-15 07:28:39,850 [EventQueue-OpenPipelineForHealthyPipelineSafeModeRule] INFO  safemode.SCMSafeModeManager (HealthyPipelineSafeModeRule.java:process(128)) - SCM in safe mode. Healthy pipelines reported count is 0, required healthy pipeline reported count is 1
2021-01-15 07:28:40,059 [Listener at 127.0.0.1/10100] INFO  ozone.MiniOzoneClusterImpl (MiniOzoneClusterImpl.java:lambda$waitForClusterToBeReady$0(179)) - Nodes are ready. Got 3 of 3 DN Heartbeats.
2021-01-15 07:28:40,059 [Listener at 127.0.0.1/10100] INFO  ozone.MiniOzoneClusterImpl (MiniOzoneClusterImpl.java:lambda$waitForClusterToBeReady$0(182)) - Waiting for cluster to exit safe mode
2021-01-15 07:28:40,075 [EventQueue-PipelineReportForOneReplicaPipelineSafeModeRule] INFO  safemode.SCMSafeModeManager (SCMSafeModeManager.java:validateSafeModeExitRules(214)) - AtleastOneDatanodeReportedRule rule is successfully validated
2021-01-15 07:28:40,075 [EventQueue-OpenPipelineForHealthyPipelineSafeModeRule] INFO  safemode.SCMSafeModeManager (HealthyPipelineSafeModeRule.java:process(128)) - SCM in safe mode. Healthy pipelines reported count is 0, required healthy pipeline reported count is 1
2021-01-15 07:28:40,113 [grpc-default-executor-2] WARN  server.GrpcLogAppender (LogUtils.java:warn(122)) - omNode-2@group-523986131536->omNode-3-AppendLogResponseHandler: Failed appendEntries: org.apache.ratis.thirdparty.io.grpc.StatusRuntimeException: UNAVAILABLE: io exception
2021-01-15 07:28:40,113 [grpc-default-executor-2] WARN  server.GrpcLogAppender (GrpcLogAppender.java:resetClient(111)) - omNode-2@group-523986131536->omNode-3-GrpcLogAppender: Leader has not got in touch with Follower omNode-2@group-523986131536->omNode-3(c-1,m0,n1, attendVote=true, lastRpcSendTime=0, lastRpcResponseTime=15431) yet, just keep nextIndex unchanged and retry.
2021-01-15 07:28:40,613 [grpc-default-executor-2] WARN  server.GrpcLogAppender (LogUtils.java:warn(122)) - omNode-2@group-523986131536->omNode-3-AppendLogResponseHandler: Failed appendEntries: org.apache.ratis.thirdparty.io.grpc.StatusRuntimeException: UNAVAILABLE: io exception
2021-01-15 07:28:40,614 [grpc-default-executor-2] WARN  server.GrpcLogAppender (GrpcLogAppender.java:resetClient(111)) - omNode-2@group-523986131536->omNode-3-GrpcLogAppender: Leader has not got in touch with Follower omNode-2@group-523986131536->omNode-3(c-1,m0,n1, attendVote=true, lastRpcSendTime=0, lastRpcResponseTime=15931) yet, just keep nextIndex unchanged and retry.
2021-01-15 07:28:40,690 [EventQueue-PipelineReportForOneReplicaPipelineSafeModeRule] INFO  safemode.SCMSafeModeManager (SCMSafeModeManager.java:validateSafeModeExitRules(214)) - AtleastOneDatanodeReportedRule rule is successfully validated
2021-01-15 07:28:40,690 [EventQueue-OpenPipelineForHealthyPipelineSafeModeRule] INFO  safemode.SCMSafeModeManager (HealthyPipelineSafeModeRule.java:process(128)) - SCM in safe mode. Healthy pipelines reported count is 0, required healthy pipeline reported count is 1
2021-01-15 07:28:40,851 [EventQueue-OpenPipelineForHealthyPipelineSafeModeRule] INFO  safemode.SCMSafeModeManager (HealthyPipelineSafeModeRule.java:process(128)) - SCM in safe mode. Healthy pipelines reported count is 0, required healthy pipeline reported count is 1
2021-01-15 07:28:40,851 [EventQueue-PipelineReportForOneReplicaPipelineSafeModeRule] INFO  safemode.SCMSafeModeManager (SCMSafeModeManager.java:validateSafeModeExitRules(214)) - AtleastOneDatanodeReportedRule rule is successfully validated
2021-01-15 07:28:41,059 [Listener at 127.0.0.1/10100] INFO  ozone.MiniOzoneClusterImpl (MiniOzoneClusterImpl.java:lambda$waitForClusterToBeReady$0(179)) - Nodes are ready. Got 3 of 3 DN Heartbeats.
2021-01-15 07:28:41,059 [Listener at 127.0.0.1/10100] INFO  ozone.MiniOzoneClusterImpl (MiniOzoneClusterImpl.java:lambda$waitForClusterToBeReady$0(182)) - Waiting for cluster to exit safe mode
2021-01-15 07:28:41,075 [EventQueue-OpenPipelineForHealthyPipelineSafeModeRule] INFO  safemode.SCMSafeModeManager (HealthyPipelineSafeModeRule.java:process(128)) - SCM in safe mode. Healthy pipelines reported count is 0, required healthy pipeline reported count is 1
2021-01-15 07:28:41,075 [EventQueue-PipelineReportForOneReplicaPipelineSafeModeRule] INFO  safemode.SCMSafeModeManager (SCMSafeModeManager.java:validateSafeModeExitRules(214)) - AtleastOneDatanodeReportedRule rule is successfully validated
2021-01-15 07:28:41,113 [grpc-default-executor-2] WARN  server.GrpcLogAppender (LogUtils.java:warn(122)) - omNode-2@group-523986131536->omNode-3-AppendLogResponseHandler: Failed appendEntries: org.apache.ratis.thirdparty.io.grpc.StatusRuntimeException: UNAVAILABLE: io exception
2021-01-15 07:28:41,114 [grpc-default-executor-2] WARN  server.GrpcLogAppender (GrpcLogAppender.java:resetClient(111)) - omNode-2@group-523986131536->omNode-3-GrpcLogAppender: Leader has not got in touch with Follower omNode-2@group-523986131536->omNode-3(c-1,m0,n1, attendVote=true, lastRpcSendTime=501, lastRpcResponseTime=16431) yet, just keep nextIndex unchanged and retry.
2021-01-15 07:28:41,421 [Thread-270] INFO  impl.FollowerState (FollowerState.java:run(133)) - ebab0e06-70f4-4173-9cbe-0f6bda4c00e8@group-55364CCAE1AB-FollowerState: change to CANDIDATE, lastRpcElapsedTime:5004492007ns, electionTimeout:5001ms
2021-01-15 07:28:41,422 [Thread-270] INFO  impl.RoleInfo (RoleInfo.java:shutdownFollowerState(108)) - ebab0e06-70f4-4173-9cbe-0f6bda4c00e8: shutdown ebab0e06-70f4-4173-9cbe-0f6bda4c00e8@group-55364CCAE1AB-FollowerState
2021-01-15 07:28:41,422 [Thread-270] INFO  server.RaftServer$Division (RaftServerImpl.java:setRole(283)) - ebab0e06-70f4-4173-9cbe-0f6bda4c00e8@group-55364CCAE1AB: changes role from  FOLLOWER to CANDIDATE at term 0 for changeToCandidate
2021-01-15 07:28:41,422 [Thread-270] INFO  impl.RoleInfo (RoleInfo.java:updateAndGet(130)) - ebab0e06-70f4-4173-9cbe-0f6bda4c00e8: start ebab0e06-70f4-4173-9cbe-0f6bda4c00e8@group-55364CCAE1AB-LeaderElection4
2021-01-15 07:28:41,428 [ebab0e06-70f4-4173-9cbe-0f6bda4c00e8@group-55364CCAE1AB-LeaderElection4] INFO  impl.LeaderElection (LeaderElection.java:askForPreVotes(259)) - ebab0e06-70f4-4173-9cbe-0f6bda4c00e8@group-55364CCAE1AB-LeaderElection4: begin a pre-vote at term 0 for -1: [ebab0e06-70f4-4173-9cbe-0f6bda4c00e8|rpc:172.17.0.2:33169|priority:1], old=null
2021-01-15 07:28:41,428 [ebab0e06-70f4-4173-9cbe-0f6bda4c00e8@group-55364CCAE1AB-LeaderElection4] INFO  impl.LeaderElection (LeaderElection.java:askForPreVotes(261)) - ebab0e06-70f4-4173-9cbe-0f6bda4c00e8@group-55364CCAE1AB-LeaderElection4 pre-vote result is PASSED.
2021-01-15 07:28:41,430 [ebab0e06-70f4-4173-9cbe-0f6bda4c00e8@group-55364CCAE1AB-LeaderElection4] INFO  impl.LeaderElection (LeaderElection.java:askForVotes(308)) - ebab0e06-70f4-4173-9cbe-0f6bda4c00e8@group-55364CCAE1AB-LeaderElection4: begin an election at term 1 for -1: [ebab0e06-70f4-4173-9cbe-0f6bda4c00e8|rpc:172.17.0.2:33169|priority:1], old=null
2021-01-15 07:28:41,430 [ebab0e06-70f4-4173-9cbe-0f6bda4c00e8@group-55364CCAE1AB-LeaderElection4] INFO  impl.RoleInfo (RoleInfo.java:shutdownLeaderElection(121)) - ebab0e06-70f4-4173-9cbe-0f6bda4c00e8: shutdown ebab0e06-70f4-4173-9cbe-0f6bda4c00e8@group-55364CCAE1AB-LeaderElection4
2021-01-15 07:28:41,430 [ebab0e06-70f4-4173-9cbe-0f6bda4c00e8@group-55364CCAE1AB-LeaderElection4] INFO  server.RaftServer$Division (RaftServerImpl.java:setRole(283)) - ebab0e06-70f4-4173-9cbe-0f6bda4c00e8@group-55364CCAE1AB: changes role from CANDIDATE to LEADER at term 1 for changeToLeader
2021-01-15 07:28:41,430 [ebab0e06-70f4-4173-9cbe-0f6bda4c00e8@group-55364CCAE1AB-LeaderElection4] INFO  ratis.XceiverServerRatis (XceiverServerRatis.java:handleLeaderChangedNotification(868)) - Leader change notification received for group: group-55364CCAE1AB with new leaderId: ebab0e06-70f4-4173-9cbe-0f6bda4c00e8
2021-01-15 07:28:41,431 [ebab0e06-70f4-4173-9cbe-0f6bda4c00e8@group-55364CCAE1AB-LeaderElection4] INFO  server.RaftServer$Division (ServerState.java:setLeader(249)) - ebab0e06-70f4-4173-9cbe-0f6bda4c00e8@group-55364CCAE1AB: change Leader from null to ebab0e06-70f4-4173-9cbe-0f6bda4c00e8 at term 1 for becomeLeader, leader elected after 5046ms
2021-01-15 07:28:41,431 [ebab0e06-70f4-4173-9cbe-0f6bda4c00e8@group-55364CCAE1AB-LeaderElection4] INFO  server.RaftServerConfigKeys (ConfUtils.java:logGet(44)) - raft.server.staging.catchup.gap = 1000 (default)
2021-01-15 07:28:41,435 [ebab0e06-70f4-4173-9cbe-0f6bda4c00e8@group-55364CCAE1AB-LeaderElection4] INFO  metrics.RatisMetrics (RatisMetrics.java:lambda$create$0(36)) - Creating Metrics Registry : ratis.log_appender.ebab0e06-70f4-4173-9cbe-0f6bda4c00e8@group-55364CCAE1AB
2021-01-15 07:28:41,436 [EventQueue-OpenPipelineForHealthyPipelineSafeModeRule] INFO  safemode.SCMSafeModeManager (HealthyPipelineSafeModeRule.java:process(128)) - SCM in safe mode. Healthy pipelines reported count is 0, required healthy pipeline reported count is 1
2021-01-15 07:28:41,436 [EventQueue-PipelineReportForOneReplicaPipelineSafeModeRule] INFO  safemode.SCMSafeModeManager (SCMSafeModeManager.java:validateSafeModeExitRules(214)) - AtleastOneDatanodeReportedRule rule is successfully validated
2021-01-15 07:28:41,437 [ebab0e06-70f4-4173-9cbe-0f6bda4c00e8@group-55364CCAE1AB-LeaderElection4] INFO  server.RaftServerConfigKeys (ConfUtils.java:logGet(44)) - raft.server.write.element-limit = 1024 (custom)
2021-01-15 07:28:41,437 [ebab0e06-70f4-4173-9cbe-0f6bda4c00e8@group-55364CCAE1AB-LeaderElection4] INFO  server.RaftServerConfigKeys (ConfUtils.java:logGet(44)) - raft.server.write.byte-limit = 1073741824 (custom)
2021-01-15 07:28:41,437 [ebab0e06-70f4-4173-9cbe-0f6bda4c00e8@group-55364CCAE1AB-LeaderElection4] INFO  server.RaftServerConfigKeys (ConfUtils.java:logGet(44)) - raft.server.watch.timeout = 180s (custom)
2021-01-15 07:28:41,437 [ebab0e06-70f4-4173-9cbe-0f6bda4c00e8@group-55364CCAE1AB-LeaderElection4] INFO  server.RaftServerConfigKeys (ConfUtils.java:logGet(44)) - raft.server.watch.timeout.denomination = 1s (default)
2021-01-15 07:28:41,437 [ebab0e06-70f4-4173-9cbe-0f6bda4c00e8@group-55364CCAE1AB-LeaderElection4] INFO  server.RaftServerConfigKeys (ConfUtils.java:logGet(44)) - raft.server.watch.element-limit = 65536 (default)
2021-01-15 07:28:41,437 [ebab0e06-70f4-4173-9cbe-0f6bda4c00e8@group-55364CCAE1AB-LeaderElection4] INFO  impl.RoleInfo (RoleInfo.java:updateAndGet(130)) - ebab0e06-70f4-4173-9cbe-0f6bda4c00e8: start ebab0e06-70f4-4173-9cbe-0f6bda4c00e8@group-55364CCAE1AB-LeaderStateImpl
2021-01-15 07:28:41,437 [ebab0e06-70f4-4173-9cbe-0f6bda4c00e8@group-55364CCAE1AB-LeaderElection4] INFO  segmented.SegmentedRaftLogWorker (SegmentedRaftLogWorker.java:startLogSegment(392)) - ebab0e06-70f4-4173-9cbe-0f6bda4c00e8@group-55364CCAE1AB-SegmentedRaftLogWorker: Starting segment from index:0
2021-01-15 07:28:41,439 [ebab0e06-70f4-4173-9cbe-0f6bda4c00e8@group-55364CCAE1AB-SegmentedRaftLogWorker] INFO  segmented.SegmentedRaftLogWorker (SegmentedRaftLogWorker.java:execute(599)) - ebab0e06-70f4-4173-9cbe-0f6bda4c00e8@group-55364CCAE1AB-SegmentedRaftLogWorker: created new log segment /github/workspace/mnt/ozone/hadoop-ozone/integration-test/target/test-dir/MiniOzoneClusterImpl-f641cada-e66d-4460-aad4-b2880581a04d/datanode-0/data/ratis/73756634-836b-4c84-8621-55364ccae1ab/current/log_inprogress_0
2021-01-15 07:28:41,445 [ebab0e06-70f4-4173-9cbe-0f6bda4c00e8@group-55364CCAE1AB-LeaderElection4] INFO  server.RaftServer$Division (ServerState.java:setRaftConf(368)) - ebab0e06-70f4-4173-9cbe-0f6bda4c00e8@group-55364CCAE1AB: set configuration 0: [ebab0e06-70f4-4173-9cbe-0f6bda4c00e8|rpc:172.17.0.2:33169|dataStream:|priority:1], old=null
2021-01-15 07:28:41,522 [Thread-272] INFO  impl.FollowerState (FollowerState.java:run(133)) - ebab0e06-70f4-4173-9cbe-0f6bda4c00e8@group-09315A56EB53-FollowerState: change to CANDIDATE, lastRpcElapsedTime:5073212522ns, electionTimeout:5068ms
2021-01-15 07:28:41,522 [Thread-272] INFO  impl.RoleInfo (RoleInfo.java:shutdownFollowerState(108)) - ebab0e06-70f4-4173-9cbe-0f6bda4c00e8: shutdown ebab0e06-70f4-4173-9cbe-0f6bda4c00e8@group-09315A56EB53-FollowerState
2021-01-15 07:28:41,523 [Thread-272] INFO  server.RaftServer$Division (RaftServerImpl.java:setRole(283)) - ebab0e06-70f4-4173-9cbe-0f6bda4c00e8@group-09315A56EB53: changes role from  FOLLOWER to CANDIDATE at term 0 for changeToCandidate
2021-01-15 07:28:41,523 [Thread-272] INFO  impl.RoleInfo (RoleInfo.java:updateAndGet(130)) - ebab0e06-70f4-4173-9cbe-0f6bda4c00e8: start ebab0e06-70f4-4173-9cbe-0f6bda4c00e8@group-09315A56EB53-LeaderElection5
2021-01-15 07:28:41,532 [ebab0e06-70f4-4173-9cbe-0f6bda4c00e8@group-09315A56EB53-LeaderElection5] INFO  impl.LeaderElection (LeaderElection.java:askForPreVotes(259)) - ebab0e06-70f4-4173-9cbe-0f6bda4c00e8@group-09315A56EB53-LeaderElection5: begin a pre-vote at term 0 for -1: [ebab0e06-70f4-4173-9cbe-0f6bda4c00e8|rpc:172.17.0.2:33169|priority:0, 683f3d8e-701b-4490-8bc4-d4bfe927cc75|rpc:172.17.0.2:40435|priority:1, 4eb03329-d14e-425d-a1d3-5f9bfd0d0493|rpc:172.17.0.2:45173|priority:0], old=null
2021-01-15 07:28:41,540 [grpc-default-executor-2] INFO  server.RaftServer$Division (RaftServerImpl.java:requestPreVote(1060)) - 683f3d8e-701b-4490-8bc4-d4bfe927cc75@group-09315A56EB53: receive preVote(ebab0e06-70f4-4173-9cbe-0f6bda4c00e8, group-09315A56EB53, 0, (t:0, i:0))
2021-01-15 07:28:41,540 [grpc-default-executor-2] INFO  server.RaftServer$Division (RaftServerImpl.java:requestPreVote(1083)) - 683f3d8e-701b-4490-8bc4-d4bfe927cc75@group-09315A56EB53 role: FOLLOWER reject pre-vote from:ebab0e06-70f4-4173-9cbe-0f6bda4c00e8 because compare:0 isCurrentLeaderValid:false
2021-01-15 07:28:41,540 [grpc-default-executor-2] INFO  server.RaftServer$Division (RaftServerImpl.java:requestPreVote(1099)) - 683f3d8e-701b-4490-8bc4-d4bfe927cc75@group-09315A56EB53 replies to pre-vote request: ebab0e06-70f4-4173-9cbe-0f6bda4c00e8<-683f3d8e-701b-4490-8bc4-d4bfe927cc75#0:FAIL-t0. Peer's state: 683f3d8e-701b-4490-8bc4-d4bfe927cc75@group-09315A56EB53:t0, leader=null, voted=, raftlog=683f3d8e-701b-4490-8bc4-d4bfe927cc75@group-09315A56EB53-SegmentedRaftLog:OPENED:c-1,f-1,i0, conf=-1: [ebab0e06-70f4-4173-9cbe-0f6bda4c00e8|rpc:172.17.0.2:33169|dataStream:|priority:0, 683f3d8e-701b-4490-8bc4-d4bfe927cc75|rpc:172.17.0.2:40435|dataStream:|priority:1, 4eb03329-d14e-425d-a1d3-5f9bfd0d0493|rpc:172.17.0.2:45173|dataStream:|priority:0], old=null
2021-01-15 07:28:41,548 [ebab0e06-70f4-4173-9cbe-0f6bda4c00e8@group-09315A56EB53-LeaderElection5] INFO  impl.LeaderElection (LeaderElection.java:logAndReturn(68)) - ebab0e06-70f4-4173-9cbe-0f6bda4c00e8@group-09315A56EB53-LeaderElection5: Pre-vote  REJECTED received 1 response(s):[ebab0e06-70f4-4173-9cbe-0f6bda4c00e8<-683f3d8e-701b-4490-8bc4-d4bfe927cc75#0:FAIL-t0]
2021-01-15 07:28:41,548 [ebab0e06-70f4-4173-9cbe-0f6bda4c00e8@group-09315A56EB53-LeaderElection5] INFO  impl.LeaderElection (LeaderElection.java:askForPreVotes(261)) - ebab0e06-70f4-4173-9cbe-0f6bda4c00e8@group-09315A56EB53-LeaderElection5 pre-vote result is REJECTED.
2021-01-15 07:28:41,548 [ebab0e06-70f4-4173-9cbe-0f6bda4c00e8@group-09315A56EB53-LeaderElection5] INFO  server.RaftServer$Division (RaftServerImpl.java:setRole(283)) - ebab0e06-70f4-4173-9cbe-0f6bda4c00e8@group-09315A56EB53: changes role from CANDIDATE to FOLLOWER at term 0 for REJECTED
2021-01-15 07:28:41,548 [ebab0e06-70f4-4173-9cbe-0f6bda4c00e8@group-09315A56EB53-LeaderElection5] INFO  impl.RoleInfo (RoleInfo.java:shutdownLeaderElection(121)) - ebab0e06-70f4-4173-9cbe-0f6bda4c00e8: shutdown ebab0e06-70f4-4173-9cbe-0f6bda4c00e8@group-09315A56EB53-LeaderElection5
2021-01-15 07:28:41,548 [ebab0e06-70f4-4173-9cbe-0f6bda4c00e8@group-09315A56EB53-LeaderElection5] INFO  impl.RoleInfo (RoleInfo.java:updateAndGet(130)) - ebab0e06-70f4-4173-9cbe-0f6bda4c00e8: start ebab0e06-70f4-4173-9cbe-0f6bda4c00e8@group-09315A56EB53-FollowerState
2021-01-15 07:28:41,562 [grpc-default-executor-2] INFO  server.RaftServer$Division (RaftServerImpl.java:requestPreVote(1060)) - 4eb03329-d14e-425d-a1d3-5f9bfd0d0493@group-09315A56EB53: receive preVote(ebab0e06-70f4-4173-9cbe-0f6bda4c00e8, group-09315A56EB53, 0, (t:0, i:0))
2021-01-15 07:28:41,563 [grpc-default-executor-2] INFO  server.RaftServer$Division (RaftServerImpl.java:requestPreVote(1081)) - 4eb03329-d14e-425d-a1d3-5f9bfd0d0493@group-09315A56EB53 role: FOLLOWER allow pre-vote from:ebab0e06-70f4-4173-9cbe-0f6bda4c00e8
2021-01-15 07:28:41,563 [grpc-default-executor-2] INFO  server.RaftServer$Division (RaftServerImpl.java:requestPreVote(1099)) - 4eb03329-d14e-425d-a1d3-5f9bfd0d0493@group-09315A56EB53 replies to pre-vote request: ebab0e06-70f4-4173-9cbe-0f6bda4c00e8<-4eb03329-d14e-425d-a1d3-5f9bfd0d0493#0:OK-t0. Peer's state: 4eb03329-d14e-425d-a1d3-5f9bfd0d0493@group-09315A56EB53:t0, leader=null, voted=, raftlog=4eb03329-d14e-425d-a1d3-5f9bfd0d0493@group-09315A56EB53-SegmentedRaftLog:OPENED:c-1,f-1,i0, conf=-1: [ebab0e06-70f4-4173-9cbe-0f6bda4c00e8|rpc:172.17.0.2:33169|dataStream:|priority:0, 683f3d8e-701b-4490-8bc4-d4bfe927cc75|rpc:172.17.0.2:40435|dataStream:|priority:1, 4eb03329-d14e-425d-a1d3-5f9bfd0d0493|rpc:172.17.0.2:45173|dataStream:|priority:0], old=null
2021-01-15 07:28:41,615 [grpc-default-executor-2] WARN  server.GrpcLogAppender (LogUtils.java:warn(122)) - omNode-2@group-523986131536->omNode-3-AppendLogResponseHandler: Failed appendEntries: org.apache.ratis.thirdparty.io.grpc.StatusRuntimeException: UNAVAILABLE: io exception
2021-01-15 07:28:41,616 [grpc-default-executor-2] WARN  server.GrpcLogAppender (GrpcLogAppender.java:resetClient(111)) - omNode-2@group-523986131536->omNode-3-GrpcLogAppender: Leader has not got in touch with Follower omNode-2@group-523986131536->omNode-3(c-1,m0,n1, attendVote=true, lastRpcSendTime=0, lastRpcResponseTime=16933) yet, just keep nextIndex unchanged and retry.
2021-01-15 07:28:41,632 [Thread-275] INFO  impl.FollowerState (FollowerState.java:run(133)) - 683f3d8e-701b-4490-8bc4-d4bfe927cc75@group-09315A56EB53-FollowerState: change to CANDIDATE, lastRpcElapsedTime:5073539222ns, electionTimeout:5068ms
2021-01-15 07:28:41,632 [Thread-275] INFO  impl.RoleInfo (RoleInfo.java:shutdownFollowerState(108)) - 683f3d8e-701b-4490-8bc4-d4bfe927cc75: shutdown 683f3d8e-701b-4490-8bc4-d4bfe927cc75@group-09315A56EB53-FollowerState
2021-01-15 07:28:41,633 [Thread-275] INFO  server.RaftServer$Division (RaftServerImpl.java:setRole(283)) - 683f3d8e-701b-4490-8bc4-d4bfe927cc75@group-09315A56EB53: changes role from  FOLLOWER to CANDIDATE at term 0 for changeToCandidate
2021-01-15 07:28:41,633 [Thread-275] INFO  impl.RoleInfo (RoleInfo.java:updateAndGet(130)) - 683f3d8e-701b-4490-8bc4-d4bfe927cc75: start 683f3d8e-701b-4490-8bc4-d4bfe927cc75@group-09315A56EB53-LeaderElection6
2021-01-15 07:28:41,639 [683f3d8e-701b-4490-8bc4-d4bfe927cc75@group-09315A56EB53-LeaderElection6] INFO  impl.LeaderElection (LeaderElection.java:askForPreVotes(259)) - 683f3d8e-701b-4490-8bc4-d4bfe927cc75@group-09315A56EB53-LeaderElection6: begin a pre-vote at term 0 for -1: [ebab0e06-70f4-4173-9cbe-0f6bda4c00e8|rpc:172.17.0.2:33169|dataStream:|priority:0, 683f3d8e-701b-4490-8bc4-d4bfe927cc75|rpc:172.17.0.2:40435|dataStream:|priority:1, 4eb03329-d14e-425d-a1d3-5f9bfd0d0493|rpc:172.17.0.2:45173|dataStream:|priority:0], old=null
2021-01-15 07:28:41,661 [grpc-default-executor-2] INFO  metrics.RatisMetrics (RatisMetrics.java:lambda$create$0(36)) - Creating Metrics Registry : ratis.server_message_metrics.ebab0e06-70f4-4173-9cbe-0f6bda4c00e8
2021-01-15 07:28:41,663 [grpc-default-executor-2] INFO  server.RaftServer$Division (RaftServerImpl.java:requestPreVote(1060)) - ebab0e06-70f4-4173-9cbe-0f6bda4c00e8@group-09315A56EB53: receive preVote(683f3d8e-701b-4490-8bc4-d4bfe927cc75, group-09315A56EB53, 0, (t:0, i:0))
2021-01-15 07:28:41,663 [grpc-default-executor-2] INFO  server.RaftServer$Division (RaftServerImpl.java:requestPreVote(1081)) - ebab0e06-70f4-4173-9cbe-0f6bda4c00e8@group-09315A56EB53 role: FOLLOWER allow pre-vote from:683f3d8e-701b-4490-8bc4-d4bfe927cc75
2021-01-15 07:28:41,663 [grpc-default-executor-2] INFO  server.RaftServer$Division (RaftServerImpl.java:requestPreVote(1099)) - ebab0e06-70f4-4173-9cbe-0f6bda4c00e8@group-09315A56EB53 replies to pre-vote request: 683f3d8e-701b-4490-8bc4-d4bfe927cc75<-ebab0e06-70f4-4173-9cbe-0f6bda4c00e8#0:OK-t0. Peer's state: ebab0e06-70f4-4173-9cbe-0f6bda4c00e8@group-09315A56EB53:t0, leader=null, voted=, raftlog=ebab0e06-70f4-4173-9cbe-0f6bda4c00e8@group-09315A56EB53-SegmentedRaftLog:OPENED:c-1,f-1,i0, conf=-1: [ebab0e06-70f4-4173-9cbe-0f6bda4c00e8|rpc:172.17.0.2:33169|priority:0, 683f3d8e-701b-4490-8bc4-d4bfe927cc75|rpc:172.17.0.2:40435|priority:1, 4eb03329-d14e-425d-a1d3-5f9bfd0d0493|rpc:172.17.0.2:45173|priority:0], old=null
2021-01-15 07:28:41,665 [683f3d8e-701b-4490-8bc4-d4bfe927cc75@group-09315A56EB53-LeaderElection6] INFO  impl.LeaderElection (LeaderElection.java:logAndReturn(68)) - 683f3d8e-701b-4490-8bc4-d4bfe927cc75@group-09315A56EB53-LeaderElection6: Pre-vote  PASSED received 1 response(s):[683f3d8e-701b-4490-8bc4-d4bfe927cc75<-ebab0e06-70f4-4173-9cbe-0f6bda4c00e8#0:OK-t0]
2021-01-15 07:28:41,667 [683f3d8e-701b-4490-8bc4-d4bfe927cc75@group-09315A56EB53-LeaderElection6] INFO  impl.LeaderElection (LeaderElection.java:askForPreVotes(261)) - 683f3d8e-701b-4490-8bc4-d4bfe927cc75@group-09315A56EB53-LeaderElection6 pre-vote result is PASSED.
2021-01-15 07:28:41,668 [683f3d8e-701b-4490-8bc4-d4bfe927cc75@group-09315A56EB53-LeaderElection6] INFO  impl.LeaderElection (LeaderElection.java:askForVotes(308)) - 683f3d8e-701b-4490-8bc4-d4bfe927cc75@group-09315A56EB53-LeaderElection6: begin an election at term 1 for -1: [ebab0e06-70f4-4173-9cbe-0f6bda4c00e8|rpc:172.17.0.2:33169|dataStream:|priority:0, 683f3d8e-701b-4490-8bc4-d4bfe927cc75|rpc:172.17.0.2:40435|dataStream:|priority:1, 4eb03329-d14e-425d-a1d3-5f9bfd0d0493|rpc:172.17.0.2:45173|dataStream:|priority:0], old=null
2021-01-15 07:28:41,673 [grpc-default-executor-2] INFO  server.RaftServer$Division (RaftServerImpl.java:requestPreVote(1060)) - 4eb03329-d14e-425d-a1d3-5f9bfd0d0493@group-09315A56EB53: receive preVote(683f3d8e-701b-4490-8bc4-d4bfe927cc75, group-09315A56EB53, 0, (t:0, i:0))
2021-01-15 07:28:41,673 [grpc-default-executor-0] INFO  server.RaftServer$Division (RaftServerImpl.java:setRole(283)) - ebab0e06-70f4-4173-9cbe-0f6bda4c00e8@group-09315A56EB53: changes role from  FOLLOWER to FOLLOWER at term 1 for recognizeCandidate:683f3d8e-701b-4490-8bc4-d4bfe927cc75
2021-01-15 07:28:41,674 [grpc-default-executor-0] INFO  impl.RoleInfo (RoleInfo.java:shutdownFollowerState(108)) - ebab0e06-70f4-4173-9cbe-0f6bda4c00e8: shutdown ebab0e06-70f4-4173-9cbe-0f6bda4c00e8@group-09315A56EB53-FollowerState
2021-01-15 07:28:41,674 [grpc-default-executor-0] INFO  impl.RoleInfo (RoleInfo.java:updateAndGet(130)) - ebab0e06-70f4-4173-9cbe-0f6bda4c00e8: start ebab0e06-70f4-4173-9cbe-0f6bda4c00e8@group-09315A56EB53-FollowerState
2021-01-15 07:28:41,674 [Thread-309] INFO  impl.FollowerState (FollowerState.java:run(142)) - ebab0e06-70f4-4173-9cbe-0f6bda4c00e8@group-09315A56EB53-FollowerState was interrupted: {}
java.lang.InterruptedException: sleep interrupted
	at java.lang.Thread.sleep(Native Method)
	at java.lang.Thread.sleep(Thread.java:340)
	at java.util.concurrent.TimeUnit.sleep(TimeUnit.java:386)
	at org.apache.ratis.util.TimeDuration.sleep(TimeDuration.java:324)
	at org.apache.ratis.util.TimeDuration.sleep(TimeDuration.java:309)
	at org.apache.ratis.server.impl.FollowerState.run(FollowerState.java:117)
2021-01-15 07:28:41,674 [grpc-default-executor-2] INFO  server.RaftServer$Division (RaftServerImpl.java:requestPreVote(1081)) - 4eb03329-d14e-425d-a1d3-5f9bfd0d0493@group-09315A56EB53 role: FOLLOWER allow pre-vote from:683f3d8e-701b-4490-8bc4-d4bfe927cc75
2021-01-15 07:28:41,675 [grpc-default-executor-2] INFO  server.RaftServer$Division (RaftServerImpl.java:requestPreVote(1099)) - 4eb03329-d14e-425d-a1d3-5f9bfd0d0493@group-09315A56EB53 replies to pre-vote request: 683f3d8e-701b-4490-8bc4-d4bfe927cc75<-4eb03329-d14e-425d-a1d3-5f9bfd0d0493#0:OK-t0. Peer's state: 4eb03329-d14e-425d-a1d3-5f9bfd0d0493@group-09315A56EB53:t0, leader=null, voted=, raftlog=4eb03329-d14e-425d-a1d3-5f9bfd0d0493@group-09315A56EB53-SegmentedRaftLog:OPENED:c-1,f-1,i0, conf=-1: [ebab0e06-70f4-4173-9cbe-0f6bda4c00e8|rpc:172.17.0.2:33169|dataStream:|priority:0, 683f3d8e-701b-4490-8bc4-d4bfe927cc75|rpc:172.17.0.2:40435|dataStream:|priority:1, 4eb03329-d14e-425d-a1d3-5f9bfd0d0493|rpc:172.17.0.2:45173|dataStream:|priority:0], old=null
2021-01-15 07:28:41,675 [grpc-default-executor-1] INFO  server.RaftServer$Division (RaftServerImpl.java:setRole(283)) - 4eb03329-d14e-425d-a1d3-5f9bfd0d0493@group-09315A56EB53: changes role from  FOLLOWER to FOLLOWER at term 1 for recognizeCandidate:683f3d8e-701b-4490-8bc4-d4bfe927cc75
2021-01-15 07:28:41,675 [grpc-default-executor-1] INFO  impl.RoleInfo (RoleInfo.java:shutdownFollowerState(108)) - 4eb03329-d14e-425d-a1d3-5f9bfd0d0493: shutdown 4eb03329-d14e-425d-a1d3-5f9bfd0d0493@group-09315A56EB53-FollowerState
2021-01-15 07:28:41,676 [grpc-default-executor-0] INFO  server.RaftServer$Division (RaftServerImpl.java:requestVote(1137)) -  FOLLOWER ebab0e06-70f4-4173-9cbe-0f6bda4c00e8@group-09315A56EB53:t1, leader=null, voted=null, raftlog=ebab0e06-70f4-4173-9cbe-0f6bda4c00e8@group-09315A56EB53-SegmentedRaftLog:OPENED:c-1,f-1,i0, conf=-1: [ebab0e06-70f4-4173-9cbe-0f6bda4c00e8|rpc:172.17.0.2:33169|priority:0, 683f3d8e-701b-4490-8bc4-d4bfe927cc75|rpc:172.17.0.2:40435|priority:1, 4eb03329-d14e-425d-a1d3-5f9bfd0d0493|rpc:172.17.0.2:45173|priority:0], old=null RUNNING priority:0 candidate:683f3d8e-701b-4490-8bc4-d4bfe927cc75|rpc:172.17.0.2:40435|priority:1 candidatePriority:1 compare:0
2021-01-15 07:28:41,679 [Thread-279] INFO  impl.FollowerState (FollowerState.java:run(142)) - 4eb03329-d14e-425d-a1d3-5f9bfd0d0493@group-09315A56EB53-FollowerState was interrupted: {}
java.lang.InterruptedException: sleep interrupted
	at java.lang.Thread.sleep(Native Method)
	at java.lang.Thread.sleep(Thread.java:340)
	at java.util.concurrent.TimeUnit.sleep(TimeUnit.java:386)
	at org.apache.ratis.util.TimeDuration.sleep(TimeDuration.java:324)
	at org.apache.ratis.util.TimeDuration.sleep(TimeDuration.java:309)
	at org.apache.ratis.server.impl.FollowerState.run(FollowerState.java:117)
2021-01-15 07:28:41,679 [grpc-default-executor-1] INFO  impl.RoleInfo (RoleInfo.java:updateAndGet(130)) - 4eb03329-d14e-425d-a1d3-5f9bfd0d0493: start 4eb03329-d14e-425d-a1d3-5f9bfd0d0493@group-09315A56EB53-FollowerState
2021-01-15 07:28:41,687 [grpc-default-executor-1] INFO  server.RaftServer$Division (RaftServerImpl.java:requestVote(1137)) -  FOLLOWER 4eb03329-d14e-425d-a1d3-5f9bfd0d0493@group-09315A56EB53:t1, leader=null, voted=null, raftlog=4eb03329-d14e-425d-a1d3-5f9bfd0d0493@group-09315A56EB53-SegmentedRaftLog:OPENED:c-1,f-1,i0, conf=-1: [ebab0e06-70f4-4173-9cbe-0f6bda4c00e8|rpc:172.17.0.2:33169|dataStream:|priority:0, 683f3d8e-701b-4490-8bc4-d4bfe927cc75|rpc:172.17.0.2:40435|dataStream:|priority:1, 4eb03329-d14e-425d-a1d3-5f9bfd0d0493|rpc:172.17.0.2:45173|dataStream:|priority:0], old=null RUNNING priority:0 candidate:683f3d8e-701b-4490-8bc4-d4bfe927cc75|rpc:172.17.0.2:40435|dataStream:|priority:1 candidatePriority:1 compare:0
2021-01-15 07:28:41,695 [683f3d8e-701b-4490-8bc4-d4bfe927cc75@group-09315A56EB53-LeaderElection6] INFO  impl.LeaderElection (LeaderElection.java:logAndReturn(68)) - 683f3d8e-701b-4490-8bc4-d4bfe927cc75@group-09315A56EB53-LeaderElection6: Election  PASSED received 1 response(s):[683f3d8e-701b-4490-8bc4-d4bfe927cc75<-ebab0e06-70f4-4173-9cbe-0f6bda4c00e8#0:OK-t1]
2021-01-15 07:28:41,695 [683f3d8e-701b-4490-8bc4-d4bfe927cc75@group-09315A56EB53-LeaderElection6] INFO  impl.RoleInfo (RoleInfo.java:shutdownLeaderElection(121)) - 683f3d8e-701b-4490-8bc4-d4bfe927cc75: shutdown 683f3d8e-701b-4490-8bc4-d4bfe927cc75@group-09315A56EB53-LeaderElection6
2021-01-15 07:28:41,695 [683f3d8e-701b-4490-8bc4-d4bfe927cc75@group-09315A56EB53-LeaderElection6] INFO  server.RaftServer$Division (RaftServerImpl.java:setRole(283)) - 683f3d8e-701b-4490-8bc4-d4bfe927cc75@group-09315A56EB53: changes role from CANDIDATE to LEADER at term 1 for changeToLeader
2021-01-15 07:28:41,695 [683f3d8e-701b-4490-8bc4-d4bfe927cc75@group-09315A56EB53-LeaderElection6] INFO  ratis.XceiverServerRatis (XceiverServerRatis.java:handleLeaderChangedNotification(868)) - Leader change notification received for group: group-09315A56EB53 with new leaderId: 683f3d8e-701b-4490-8bc4-d4bfe927cc75
2021-01-15 07:28:41,695 [683f3d8e-701b-4490-8bc4-d4bfe927cc75@group-09315A56EB53-LeaderElection6] INFO  server.RaftServer$Division (ServerState.java:setLeader(249)) - 683f3d8e-701b-4490-8bc4-d4bfe927cc75@group-09315A56EB53: change Leader from null to 683f3d8e-701b-4490-8bc4-d4bfe927cc75 at term 1 for becomeLeader, leader elected after 5155ms
2021-01-15 07:28:41,695 [683f3d8e-701b-4490-8bc4-d4bfe927cc75@group-09315A56EB53-LeaderElection6] INFO  server.RaftServerConfigKeys (ConfUtils.java:logGet(44)) - raft.server.staging.catchup.gap = 1000 (default)
2021-01-15 07:28:41,695 [683f3d8e-701b-4490-8bc4-d4bfe927cc75@group-09315A56EB53-LeaderElection6] INFO  metrics.RatisMetrics (RatisMetrics.java:lambda$create$0(36)) - Creating Metrics Registry : ratis.log_appender.683f3d8e-701b-4490-8bc4-d4bfe927cc75@group-09315A56EB53
2021-01-15 07:28:41,696 [683f3d8e-701b-4490-8bc4-d4bfe927cc75@group-09315A56EB53-LeaderElection6] INFO  server.RaftServerConfigKeys (ConfUtils.java:logGet(44)) - raft.server.write.element-limit = 1024 (custom)
2021-01-15 07:28:41,696 [683f3d8e-701b-4490-8bc4-d4bfe927cc75@group-09315A56EB53-LeaderElection6] INFO  server.RaftServerConfigKeys (ConfUtils.java:logGet(44)) - raft.server.write.byte-limit = 1073741824 (custom)
2021-01-15 07:28:41,696 [683f3d8e-701b-4490-8bc4-d4bfe927cc75@group-09315A56EB53-LeaderElection6] INFO  server.RaftServerConfigKeys (ConfUtils.java:logGet(44)) - raft.server.watch.timeout = 180s (custom)
2021-01-15 07:28:41,696 [683f3d8e-701b-4490-8bc4-d4bfe927cc75@group-09315A56EB53-LeaderElection6] INFO  server.RaftServerConfigKeys (ConfUtils.java:logGet(44)) - raft.server.watch.timeout.denomination = 1s (default)
2021-01-15 07:28:41,696 [683f3d8e-701b-4490-8bc4-d4bfe927cc75@group-09315A56EB53-LeaderElection6] INFO  server.RaftServerConfigKeys (ConfUtils.java:logGet(44)) - raft.server.watch.element-limit = 65536 (default)
2021-01-15 07:28:41,696 [683f3d8e-701b-4490-8bc4-d4bfe927cc75@group-09315A56EB53-LeaderElection6] INFO  server.RaftServerConfigKeys (ConfUtils.java:logGet(44)) - raft.server.log.appender.snapshot.chunk.size.max = 16MB (=16777216) (default)
2021-01-15 07:28:41,696 [683f3d8e-701b-4490-8bc4-d4bfe927cc75@group-09315A56EB53-LeaderElection6] INFO  server.RaftServerConfigKeys (ConfUtils.java:logGet(44)) - raft.server.log.appender.buffer.byte-limit = 33554432 (custom)
2021-01-15 07:28:41,696 [683f3d8e-701b-4490-8bc4-d4bfe927cc75@group-09315A56EB53-LeaderElection6] INFO  server.RaftServerConfigKeys (ConfUtils.java:logGet(44)) - raft.server.log.appender.buffer.element-limit = 1 (custom)
2021-01-15 07:28:41,696 [683f3d8e-701b-4490-8bc4-d4bfe927cc75@group-09315A56EB53-LeaderElection6] INFO  grpc.GrpcConfigKeys (ConfUtils.java:logGet(44)) - raft.grpc.server.leader.outstanding.appends.max = 128 (default)
2021-01-15 07:28:41,696 [683f3d8e-701b-4490-8bc4-d4bfe927cc75@group-09315A56EB53-LeaderElection6] INFO  server.RaftServerConfigKeys (ConfUtils.java:logGet(44)) - raft.server.rpc.request.timeout = 60s (custom)
2021-01-15 07:28:41,697 [683f3d8e-701b-4490-8bc4-d4bfe927cc75@group-09315A56EB53-LeaderElection6] INFO  server.RaftServerConfigKeys (ConfUtils.java:logGet(44)) - raft.server.log.appender.install.snapshot.enabled = false (custom)
2021-01-15 07:28:41,697 [683f3d8e-701b-4490-8bc4-d4bfe927cc75@group-09315A56EB53-LeaderElection6] INFO  metrics.RatisMetrics (RatisMetrics.java:lambda$create$0(36)) - Creating Metrics Registry : ratis_grpc.log_appender.683f3d8e-701b-4490-8bc4-d4bfe927cc75@group-09315A56EB53
2021-01-15 07:28:41,697 [683f3d8e-701b-4490-8bc4-d4bfe927cc75@group-09315A56EB53-LeaderElection6] INFO  server.RaftServerConfigKeys (ConfUtils.java:logGet(44)) - raft.server.log.appender.snapshot.chunk.size.max = 16MB (=16777216) (default)
2021-01-15 07:28:41,697 [683f3d8e-701b-4490-8bc4-d4bfe927cc75@group-09315A56EB53-LeaderElection6] INFO  server.RaftServerConfigKeys (ConfUtils.java:logGet(44)) - raft.server.log.appender.buffer.byte-limit = 33554432 (custom)
2021-01-15 07:28:41,697 [683f3d8e-701b-4490-8bc4-d4bfe927cc75@group-09315A56EB53-LeaderElection6] INFO  server.RaftServerConfigKeys (ConfUtils.java:logGet(44)) - raft.server.log.appender.buffer.element-limit = 1 (custom)
2021-01-15 07:28:41,697 [683f3d8e-701b-4490-8bc4-d4bfe927cc75@group-09315A56EB53-LeaderElection6] INFO  grpc.GrpcConfigKeys (ConfUtils.java:logGet(44)) - raft.grpc.server.leader.outstanding.appends.max = 128 (default)
2021-01-15 07:28:41,697 [683f3d8e-701b-4490-8bc4-d4bfe927cc75@group-09315A56EB53-LeaderElection6] INFO  server.RaftServerConfigKeys (ConfUtils.java:logGet(44)) - raft.server.rpc.request.timeout = 60s (custom)
2021-01-15 07:28:41,698 [683f3d8e-701b-4490-8bc4-d4bfe927cc75@group-09315A56EB53-LeaderElection6] INFO  server.RaftServerConfigKeys (ConfUtils.java:logGet(44)) - raft.server.log.appender.install.snapshot.enabled = false (custom)
2021-01-15 07:28:41,698 [683f3d8e-701b-4490-8bc4-d4bfe927cc75@group-09315A56EB53-LeaderElection6] INFO  impl.RoleInfo (RoleInfo.java:updateAndGet(130)) - 683f3d8e-701b-4490-8bc4-d4bfe927cc75: start 683f3d8e-701b-4490-8bc4-d4bfe927cc75@group-09315A56EB53-LeaderStateImpl
2021-01-15 07:28:41,698 [683f3d8e-701b-4490-8bc4-d4bfe927cc75@group-09315A56EB53-LeaderElection6] INFO  segmented.SegmentedRaftLogWorker (SegmentedRaftLogWorker.java:startLogSegment(392)) - 683f3d8e-701b-4490-8bc4-d4bfe927cc75@group-09315A56EB53-SegmentedRaftLogWorker: Starting segment from index:0
2021-01-15 07:28:41,700 [683f3d8e-701b-4490-8bc4-d4bfe927cc75@group-09315A56EB53-SegmentedRaftLogWorker] INFO  segmented.SegmentedRaftLogWorker (SegmentedRaftLogWorker.java:execute(599)) - 683f3d8e-701b-4490-8bc4-d4bfe927cc75@group-09315A56EB53-SegmentedRaftLogWorker: created new log segment /github/workspace/mnt/ozone/hadoop-ozone/integration-test/target/test-dir/MiniOzoneClusterImpl-f641cada-e66d-4460-aad4-b2880581a04d/datanode-2/data/ratis/11224e2c-a7c0-455d-b981-09315a56eb53/current/log_inprogress_0
2021-01-15 07:28:41,708 [EventQueue-PipelineReportForPipelineReportHandler] INFO  pipeline.PipelineStateManager (PipelineStateManager.java:openPipeline(132)) - Pipeline Pipeline[ Id: 11224e2c-a7c0-455d-b981-09315a56eb53, Nodes: 683f3d8e-701b-4490-8bc4-d4bfe927cc75{ip: 172.17.0.2, host: 80870765a40b, networkLocation: /default-rack, certSerialId: null, persistedOpState: IN_SERVICE, persistedOpStateExpiryEpochSec: 0}ebab0e06-70f4-4173-9cbe-0f6bda4c00e8{ip: 172.17.0.2, host: 80870765a40b, networkLocation: /default-rack, certSerialId: null, persistedOpState: IN_SERVICE, persistedOpStateExpiryEpochSec: 0}4eb03329-d14e-425d-a1d3-5f9bfd0d0493{ip: 172.17.0.2, host: 80870765a40b, networkLocation: /default-rack, certSerialId: null, persistedOpState: IN_SERVICE, persistedOpStateExpiryEpochSec: 0}, Type:RATIS, Factor:THREE, State:ALLOCATED, leaderId:683f3d8e-701b-4490-8bc4-d4bfe927cc75, CreationTimestamp2021-01-15T07:28:34.073Z] moved to OPEN state
2021-01-15 07:28:41,708 [EventQueue-PipelineReportForOneReplicaPipelineSafeModeRule] INFO  safemode.SCMSafeModeManager (SCMSafeModeManager.java:validateSafeModeExitRules(214)) - AtleastOneDatanodeReportedRule rule is successfully validated
2021-01-15 07:28:41,709 [683f3d8e-701b-4490-8bc4-d4bfe927cc75@group-09315A56EB53-LeaderElection6] INFO  server.RaftServer$Division (ServerState.java:setRaftConf(368)) - 683f3d8e-701b-4490-8bc4-d4bfe927cc75@group-09315A56EB53: set configuration 0: [ebab0e06-70f4-4173-9cbe-0f6bda4c00e8|rpc:172.17.0.2:33169|dataStream:|priority:0, 683f3d8e-701b-4490-8bc4-d4bfe927cc75|rpc:172.17.0.2:40435|dataStream:|priority:1, 4eb03329-d14e-425d-a1d3-5f9bfd0d0493|rpc:172.17.0.2:45173|dataStream:|priority:0], old=null
2021-01-15 07:28:41,711 [grpc-default-executor-0] INFO  ratis.XceiverServerRatis (XceiverServerRatis.java:handleLeaderChangedNotification(868)) - Leader change notification received for group: group-09315A56EB53 with new leaderId: 683f3d8e-701b-4490-8bc4-d4bfe927cc75
2021-01-15 07:28:41,725 [grpc-default-executor-0] INFO  server.RaftServer$Division (ServerState.java:setLeader(249)) - ebab0e06-70f4-4173-9cbe-0f6bda4c00e8@group-09315A56EB53: change Leader from null to 683f3d8e-701b-4490-8bc4-d4bfe927cc75 at term 1 for appendEntries, leader elected after 5276ms
2021-01-15 07:28:41,709 [EventQueue-OpenPipelineForHealthyPipelineSafeModeRule] INFO  safemode.SCMSafeModeManager (HealthyPipelineSafeModeRule.java:process(128)) - SCM in safe mode. Healthy pipelines reported count is 1, required healthy pipeline reported count is 1
2021-01-15 07:28:41,725 [EventQueue-OpenPipelineForHealthyPipelineSafeModeRule] INFO  safemode.SCMSafeModeManager (SCMSafeModeManager.java:validateSafeModeExitRules(214)) - HealthyPipelineSafeModeRule rule is successfully validated
2021-01-15 07:28:41,725 [EventQueue-OpenPipelineForHealthyPipelineSafeModeRule] INFO  safemode.SCMSafeModeManager (SCMSafeModeManager.java:validateSafeModeExitRules(228)) - ScmSafeModeManager, all rules are successfully validated
2021-01-15 07:28:41,725 [EventQueue-OpenPipelineForHealthyPipelineSafeModeRule] INFO  safemode.SCMSafeModeManager (SCMSafeModeManager.java:exitSafeMode(257)) - SCM exiting safe mode.
2021-01-15 07:28:41,749 [grpc-default-executor-0] INFO  server.RaftServer$Division (ServerState.java:setRaftConf(368)) - ebab0e06-70f4-4173-9cbe-0f6bda4c00e8@group-09315A56EB53: set configuration 0: [ebab0e06-70f4-4173-9cbe-0f6bda4c00e8|rpc:172.17.0.2:33169|dataStream:|priority:0, 683f3d8e-701b-4490-8bc4-d4bfe927cc75|rpc:172.17.0.2:40435|dataStream:|priority:1, 4eb03329-d14e-425d-a1d3-5f9bfd0d0493|rpc:172.17.0.2:45173|dataStream:|priority:0], old=null
2021-01-15 07:28:41,749 [grpc-default-executor-0] INFO  segmented.SegmentedRaftLogWorker (SegmentedRaftLogWorker.java:startLogSegment(392)) - ebab0e06-70f4-4173-9cbe-0f6bda4c00e8@group-09315A56EB53-SegmentedRaftLogWorker: Starting segment from index:0
2021-01-15 07:28:41,750 [grpc-default-executor-1] INFO  ratis.XceiverServerRatis (XceiverServerRatis.java:handleLeaderChangedNotification(868)) - Leader change notification received for group: group-09315A56EB53 with new leaderId: 683f3d8e-701b-4490-8bc4-d4bfe927cc75
2021-01-15 07:28:41,750 [grpc-default-executor-1] INFO  server.RaftServer$Division (ServerState.java:setLeader(249)) - 4eb03329-d14e-425d-a1d3-5f9bfd0d0493@group-09315A56EB53: change Leader from null to 683f3d8e-701b-4490-8bc4-d4bfe927cc75 at term 1 for appendEntries, leader elected after 5105ms
2021-01-15 07:28:41,751 [ebab0e06-70f4-4173-9cbe-0f6bda4c00e8@group-09315A56EB53-SegmentedRaftLogWorker] INFO  segmented.SegmentedRaftLogWorker (SegmentedRaftLogWorker.java:execute(599)) - ebab0e06-70f4-4173-9cbe-0f6bda4c00e8@group-09315A56EB53-SegmentedRaftLogWorker: created new log segment /github/workspace/mnt/ozone/hadoop-ozone/integration-test/target/test-dir/MiniOzoneClusterImpl-f641cada-e66d-4460-aad4-b2880581a04d/datanode-0/data/ratis/11224e2c-a7c0-455d-b981-09315a56eb53/current/log_inprogress_0
2021-01-15 07:28:41,754 [grpc-default-executor-1] INFO  server.RaftServer$Division (ServerState.java:setRaftConf(368)) - 4eb03329-d14e-425d-a1d3-5f9bfd0d0493@group-09315A56EB53: set configuration 0: [ebab0e06-70f4-4173-9cbe-0f6bda4c00e8|rpc:172.17.0.2:33169|dataStream:|priority:0, 683f3d8e-701b-4490-8bc4-d4bfe927cc75|rpc:172.17.0.2:40435|dataStream:|priority:1, 4eb03329-d14e-425d-a1d3-5f9bfd0d0493|rpc:172.17.0.2:45173|dataStream:|priority:0], old=null
2021-01-15 07:28:41,754 [grpc-default-executor-1] INFO  segmented.SegmentedRaftLogWorker (SegmentedRaftLogWorker.java:startLogSegment(392)) - 4eb03329-d14e-425d-a1d3-5f9bfd0d0493@group-09315A56EB53-SegmentedRaftLogWorker: Starting segment from index:0
2021-01-15 07:28:41,756 [4eb03329-d14e-425d-a1d3-5f9bfd0d0493@group-09315A56EB53-SegmentedRaftLogWorker] INFO  segmented.SegmentedRaftLogWorker (SegmentedRaftLogWorker.java:execute(599)) - 4eb03329-d14e-425d-a1d3-5f9bfd0d0493@group-09315A56EB53-SegmentedRaftLogWorker: created new log segment /github/workspace/mnt/ozone/hadoop-ozone/integration-test/target/test-dir/MiniOzoneClusterImpl-f641cada-e66d-4460-aad4-b2880581a04d/datanode-1/data/ratis/11224e2c-a7c0-455d-b981-09315a56eb53/current/log_inprogress_0
2021-01-15 07:28:41,768 [Thread-284] INFO  impl.FollowerState (FollowerState.java:run(133)) - 683f3d8e-701b-4490-8bc4-d4bfe927cc75@group-48BE1ECDD3AF-FollowerState: change to CANDIDATE, lastRpcElapsedTime:5023484825ns, electionTimeout:5013ms
2021-01-15 07:28:41,768 [Thread-284] INFO  impl.RoleInfo (RoleInfo.java:shutdownFollowerState(108)) - 683f3d8e-701b-4490-8bc4-d4bfe927cc75: shutdown 683f3d8e-701b-4490-8bc4-d4bfe927cc75@group-48BE1ECDD3AF-FollowerState
2021-01-15 07:28:41,768 [Thread-284] INFO  server.RaftServer$Division (RaftServerImpl.java:setRole(283)) - 683f3d8e-701b-4490-8bc4-d4bfe927cc75@group-48BE1ECDD3AF: changes role from  FOLLOWER to CANDIDATE at term 0 for changeToCandidate
2021-01-15 07:28:41,768 [Thread-284] INFO  impl.RoleInfo (RoleInfo.java:updateAndGet(130)) - 683f3d8e-701b-4490-8bc4-d4bfe927cc75: start 683f3d8e-701b-4490-8bc4-d4bfe927cc75@group-48BE1ECDD3AF-LeaderElection7
2021-01-15 07:28:41,779 [683f3d8e-701b-4490-8bc4-d4bfe927cc75@group-48BE1ECDD3AF-LeaderElection7] INFO  impl.LeaderElection (LeaderElection.java:askForPreVotes(259)) - 683f3d8e-701b-4490-8bc4-d4bfe927cc75@group-48BE1ECDD3AF-LeaderElection7: begin a pre-vote at term 0 for -1: [ebab0e06-70f4-4173-9cbe-0f6bda4c00e8|rpc:172.17.0.2:33169|dataStream:|priority:1, 683f3d8e-701b-4490-8bc4-d4bfe927cc75|rpc:172.17.0.2:40435|dataStream:|priority:0, 4eb03329-d14e-425d-a1d3-5f9bfd0d0493|rpc:172.17.0.2:45173|dataStream:|priority:0], old=null
2021-01-15 07:28:41,788 [grpc-default-executor-1] INFO  server.RaftServer$Division (RaftServerImpl.java:requestPreVote(1060)) - 4eb03329-d14e-425d-a1d3-5f9bfd0d0493@group-48BE1ECDD3AF: receive preVote(683f3d8e-701b-4490-8bc4-d4bfe927cc75, group-48BE1ECDD3AF, 0, (t:0, i:0))
2021-01-15 07:28:41,788 [grpc-default-executor-1] INFO  server.RaftServer$Division (RaftServerImpl.java:requestPreVote(1081)) - 4eb03329-d14e-425d-a1d3-5f9bfd0d0493@group-48BE1ECDD3AF role: FOLLOWER allow pre-vote from:683f3d8e-701b-4490-8bc4-d4bfe927cc75
2021-01-15 07:28:41,788 [grpc-default-executor-1] INFO  server.RaftServer$Division (RaftServerImpl.java:requestPreVote(1099)) - 4eb03329-d14e-425d-a1d3-5f9bfd0d0493@group-48BE1ECDD3AF replies to pre-vote request: 683f3d8e-701b-4490-8bc4-d4bfe927cc75<-4eb03329-d14e-425d-a1d3-5f9bfd0d0493#0:OK-t0. Peer's state: 4eb03329-d14e-425d-a1d3-5f9bfd0d0493@group-48BE1ECDD3AF:t0, leader=null, voted=, raftlog=4eb03329-d14e-425d-a1d3-5f9bfd0d0493@group-48BE1ECDD3AF-SegmentedRaftLog:OPENED:c-1,f-1,i0, conf=-1: [ebab0e06-70f4-4173-9cbe-0f6bda4c00e8|rpc:172.17.0.2:33169|dataStream:|priority:1, 683f3d8e-701b-4490-8bc4-d4bfe927cc75|rpc:172.17.0.2:40435|dataStream:|priority:0, 4eb03329-d14e-425d-a1d3-5f9bfd0d0493|rpc:172.17.0.2:45173|dataStream:|priority:0], old=null
2021-01-15 07:28:41,795 [grpc-default-executor-1] INFO  server.RaftServer$Division (RaftServerImpl.java:requestPreVote(1060)) - ebab0e06-70f4-4173-9cbe-0f6bda4c00e8@group-48BE1ECDD3AF: receive preVote(683f3d8e-701b-4490-8bc4-d4bfe927cc75, group-48BE1ECDD3AF, 0, (t:0, i:0))
2021-01-15 07:28:41,795 [grpc-default-executor-1] INFO  server.RaftServer$Division (RaftServerImpl.java:requestPreVote(1083)) - ebab0e06-70f4-4173-9cbe-0f6bda4c00e8@group-48BE1ECDD3AF role: FOLLOWER reject pre-vote from:683f3d8e-701b-4490-8bc4-d4bfe927cc75 because compare:0 isCurrentLeaderValid:false
2021-01-15 07:28:41,795 [grpc-default-executor-1] INFO  server.RaftServer$Division (RaftServerImpl.java:requestPreVote(1099)) - ebab0e06-70f4-4173-9cbe-0f6bda4c00e8@group-48BE1ECDD3AF replies to pre-vote request: 683f3d8e-701b-4490-8bc4-d4bfe927cc75<-ebab0e06-70f4-4173-9cbe-0f6bda4c00e8#0:FAIL-t0. Peer's state: ebab0e06-70f4-4173-9cbe-0f6bda4c00e8@group-48BE1ECDD3AF:t0, leader=null, voted=, raftlog=ebab0e06-70f4-4173-9cbe-0f6bda4c00e8@group-48BE1ECDD3AF-SegmentedRaftLog:OPENED:c-1,f-1,i0, conf=-1: [ebab0e06-70f4-4173-9cbe-0f6bda4c00e8|rpc:172.17.0.2:33169|priority:1, 683f3d8e-701b-4490-8bc4-d4bfe927cc75|rpc:172.17.0.2:40435|priority:0, 4eb03329-d14e-425d-a1d3-5f9bfd0d0493|rpc:172.17.0.2:45173|priority:0], old=null
2021-01-15 07:28:41,796 [683f3d8e-701b-4490-8bc4-d4bfe927cc75@group-48BE1ECDD3AF-LeaderElection7] INFO  impl.LeaderElection (LeaderElection.java:logAndReturn(68)) - 683f3d8e-701b-4490-8bc4-d4bfe927cc75@group-48BE1ECDD3AF-LeaderElection7: Pre-vote  REJECTED received 2 response(s):[683f3d8e-701b-4490-8bc4-d4bfe927cc75<-ebab0e06-70f4-4173-9cbe-0f6bda4c00e8#0:FAIL-t0, 683f3d8e-701b-4490-8bc4-d4bfe927cc75<-4eb03329-d14e-425d-a1d3-5f9bfd0d0493#0:OK-t0]
2021-01-15 07:28:41,802 [683f3d8e-701b-4490-8bc4-d4bfe927cc75@group-48BE1ECDD3AF-LeaderElection7] INFO  impl.LeaderElection (LeaderElection.java:askForPreVotes(261)) - 683f3d8e-701b-4490-8bc4-d4bfe927cc75@group-48BE1ECDD3AF-LeaderElection7 pre-vote result is REJECTED.
2021-01-15 07:28:41,802 [683f3d8e-701b-4490-8bc4-d4bfe927cc75@group-48BE1ECDD3AF-LeaderElection7] INFO  server.RaftServer$Division (RaftServerImpl.java:setRole(283)) - 683f3d8e-701b-4490-8bc4-d4bfe927cc75@group-48BE1ECDD3AF: changes role from CANDIDATE to FOLLOWER at term 0 for REJECTED
2021-01-15 07:28:41,802 [683f3d8e-701b-4490-8bc4-d4bfe927cc75@group-48BE1ECDD3AF-LeaderElection7] INFO  impl.RoleInfo (RoleInfo.java:shutdownLeaderElection(121)) - 683f3d8e-701b-4490-8bc4-d4bfe927cc75: shutdown 683f3d8e-701b-4490-8bc4-d4bfe927cc75@group-48BE1ECDD3AF-LeaderElection7
2021-01-15 07:28:41,802 [683f3d8e-701b-4490-8bc4-d4bfe927cc75@group-48BE1ECDD3AF-LeaderElection7] INFO  impl.RoleInfo (RoleInfo.java:updateAndGet(130)) - 683f3d8e-701b-4490-8bc4-d4bfe927cc75: start 683f3d8e-701b-4490-8bc4-d4bfe927cc75@group-48BE1ECDD3AF-FollowerState
2021-01-15 07:28:41,835 [Thread-282] INFO  impl.FollowerState (FollowerState.java:run(133)) - ebab0e06-70f4-4173-9cbe-0f6bda4c00e8@group-48BE1ECDD3AF-FollowerState: change to CANDIDATE, lastRpcElapsedTime:5139960790ns, electionTimeout:5136ms
2021-01-15 07:28:41,835 [Thread-282] INFO  impl.RoleInfo (RoleInfo.java:shutdownFollowerState(108)) - ebab0e06-70f4-4173-9cbe-0f6bda4c00e8: shutdown ebab0e06-70f4-4173-9cbe-0f6bda4c00e8@group-48BE1ECDD3AF-FollowerState
2021-01-15 07:28:41,835 [Thread-282] INFO  server.RaftServer$Division (RaftServerImpl.java:setRole(283)) - ebab0e06-70f4-4173-9cbe-0f6bda4c00e8@group-48BE1ECDD3AF: changes role from  FOLLOWER to CANDIDATE at term 0 for changeToCandidate
2021-01-15 07:28:41,836 [Thread-282] INFO  impl.RoleInfo (RoleInfo.java:updateAndGet(130)) - ebab0e06-70f4-4173-9cbe-0f6bda4c00e8: start ebab0e06-70f4-4173-9cbe-0f6bda4c00e8@group-48BE1ECDD3AF-LeaderElection8
2021-01-15 07:28:41,842 [ebab0e06-70f4-4173-9cbe-0f6bda4c00e8@group-48BE1ECDD3AF-LeaderElection8] INFO  impl.LeaderElection (LeaderElection.java:askForPreVotes(259)) - ebab0e06-70f4-4173-9cbe-0f6bda4c00e8@group-48BE1ECDD3AF-LeaderElection8: begin a pre-vote at term 0 for -1: [ebab0e06-70f4-4173-9cbe-0f6bda4c00e8|rpc:172.17.0.2:33169|priority:1, 683f3d8e-701b-4490-8bc4-d4bfe927cc75|rpc:172.17.0.2:40435|priority:0, 4eb03329-d14e-425d-a1d3-5f9bfd0d0493|rpc:172.17.0.2:45173|priority:0], old=null
2021-01-15 07:28:41,865 [grpc-default-executor-1] INFO  server.RaftServer$Division (RaftServerImpl.java:requestPreVote(1060)) - 683f3d8e-701b-4490-8bc4-d4bfe927cc75@group-48BE1ECDD3AF: receive preVote(ebab0e06-70f4-4173-9cbe-0f6bda4c00e8, group-48BE1ECDD3AF, 0, (t:0, i:0))
2021-01-15 07:28:41,865 [grpc-default-executor-1] INFO  server.RaftServer$Division (RaftServerImpl.java:requestPreVote(1081)) - 683f3d8e-701b-4490-8bc4-d4bfe927cc75@group-48BE1ECDD3AF role: FOLLOWER allow pre-vote from:ebab0e06-70f4-4173-9cbe-0f6bda4c00e8
2021-01-15 07:28:41,865 [grpc-default-executor-1] INFO  server.RaftServer$Division (RaftServerImpl.java:requestPreVote(1099)) - 683f3d8e-701b-4490-8bc4-d4bfe927cc75@group-48BE1ECDD3AF replies to pre-vote request: ebab0e06-70f4-4173-9cbe-0f6bda4c00e8<-683f3d8e-701b-4490-8bc4-d4bfe927cc75#0:OK-t0. Peer's state: 683f3d8e-701b-4490-8bc4-d4bfe927cc75@group-48BE1ECDD3AF:t0, leader=null, voted=, raftlog=683f3d8e-701b-4490-8bc4-d4bfe927cc75@group-48BE1ECDD3AF-SegmentedRaftLog:OPENED:c-1,f-1,i0, conf=-1: [ebab0e06-70f4-4173-9cbe-0f6bda4c00e8|rpc:172.17.0.2:33169|dataStream:|priority:1, 683f3d8e-701b-4490-8bc4-d4bfe927cc75|rpc:172.17.0.2:40435|dataStream:|priority:0, 4eb03329-d14e-425d-a1d3-5f9bfd0d0493|rpc:172.17.0.2:45173|dataStream:|priority:0], old=null
2021-01-15 07:28:41,867 [ebab0e06-70f4-4173-9cbe-0f6bda4c00e8@group-48BE1ECDD3AF-LeaderElection8] INFO  impl.LeaderElection (LeaderElection.java:logAndReturn(68)) - ebab0e06-70f4-4173-9cbe-0f6bda4c00e8@group-48BE1ECDD3AF-LeaderElection8: Pre-vote  PASSED received 1 response(s):[ebab0e06-70f4-4173-9cbe-0f6bda4c00e8<-683f3d8e-701b-4490-8bc4-d4bfe927cc75#0:OK-t0]
2021-01-15 07:28:41,867 [ebab0e06-70f4-4173-9cbe-0f6bda4c00e8@group-48BE1ECDD3AF-LeaderElection8] INFO  impl.LeaderElection (LeaderElection.java:askForPreVotes(261)) - ebab0e06-70f4-4173-9cbe-0f6bda4c00e8@group-48BE1ECDD3AF-LeaderElection8 pre-vote result is PASSED.
2021-01-15 07:28:41,872 [grpc-default-executor-2] INFO  server.RaftServer$Division (RaftServerImpl.java:requestPreVote(1060)) - 4eb03329-d14e-425d-a1d3-5f9bfd0d0493@group-48BE1ECDD3AF: receive preVote(ebab0e06-70f4-4173-9cbe-0f6bda4c00e8, group-48BE1ECDD3AF, 0, (t:0, i:0))
2021-01-15 07:28:41,872 [ebab0e06-70f4-4173-9cbe-0f6bda4c00e8@group-48BE1ECDD3AF-LeaderElection8] INFO  impl.LeaderElection (LeaderElection.java:askForVotes(308)) - ebab0e06-70f4-4173-9cbe-0f6bda4c00e8@group-48BE1ECDD3AF-LeaderElection8: begin an election at term 1 for -1: [ebab0e06-70f4-4173-9cbe-0f6bda4c00e8|rpc:172.17.0.2:33169|priority:1, 683f3d8e-701b-4490-8bc4-d4bfe927cc75|rpc:172.17.0.2:40435|priority:0, 4eb03329-d14e-425d-a1d3-5f9bfd0d0493|rpc:172.17.0.2:45173|priority:0], old=null
2021-01-15 07:28:41,877 [grpc-default-executor-2] INFO  server.RaftServer$Division (RaftServerImpl.java:requestPreVote(1081)) - 4eb03329-d14e-425d-a1d3-5f9bfd0d0493@group-48BE1ECDD3AF role: FOLLOWER allow pre-vote from:ebab0e06-70f4-4173-9cbe-0f6bda4c00e8
2021-01-15 07:28:41,877 [grpc-default-executor-1] INFO  server.RaftServer$Division (RaftServerImpl.java:setRole(283)) - 683f3d8e-701b-4490-8bc4-d4bfe927cc75@group-48BE1ECDD3AF: changes role from  FOLLOWER to FOLLOWER at term 1 for recognizeCandidate:ebab0e06-70f4-4173-9cbe-0f6bda4c00e8
2021-01-15 07:28:41,877 [grpc-default-executor-2] INFO  server.RaftServer$Division (RaftServerImpl.java:requestPreVote(1099)) - 4eb03329-d14e-425d-a1d3-5f9bfd0d0493@group-48BE1ECDD3AF replies to pre-vote request: ebab0e06-70f4-4173-9cbe-0f6bda4c00e8<-4eb03329-d14e-425d-a1d3-5f9bfd0d0493#0:OK-t0. Peer's state: 4eb03329-d14e-425d-a1d3-5f9bfd0d0493@group-48BE1ECDD3AF:t0, leader=null, voted=, raftlog=4eb03329-d14e-425d-a1d3-5f9bfd0d0493@group-48BE1ECDD3AF-SegmentedRaftLog:OPENED:c-1,f-1,i0, conf=-1: [ebab0e06-70f4-4173-9cbe-0f6bda4c00e8|rpc:172.17.0.2:33169|dataStream:|priority:1, 683f3d8e-701b-4490-8bc4-d4bfe927cc75|rpc:172.17.0.2:40435|dataStream:|priority:0, 4eb03329-d14e-425d-a1d3-5f9bfd0d0493|rpc:172.17.0.2:45173|dataStream:|priority:0], old=null
2021-01-15 07:28:41,877 [grpc-default-executor-0] INFO  server.RaftServer$Division (RaftServerImpl.java:setRole(283)) - 4eb03329-d14e-425d-a1d3-5f9bfd0d0493@group-48BE1ECDD3AF: changes role from  FOLLOWER to FOLLOWER at term 1 for recognizeCandidate:ebab0e06-70f4-4173-9cbe-0f6bda4c00e8
2021-01-15 07:28:41,877 [grpc-default-executor-0] INFO  impl.RoleInfo (RoleInfo.java:shutdownFollowerState(108)) - 4eb03329-d14e-425d-a1d3-5f9bfd0d0493: shutdown 4eb03329-d14e-425d-a1d3-5f9bfd0d0493@group-48BE1ECDD3AF-FollowerState
2021-01-15 07:28:41,877 [grpc-default-executor-0] INFO  impl.RoleInfo (RoleInfo.java:updateAndGet(130)) - 4eb03329-d14e-425d-a1d3-5f9bfd0d0493: start 4eb03329-d14e-425d-a1d3-5f9bfd0d0493@group-48BE1ECDD3AF-FollowerState
2021-01-15 07:28:41,877 [grpc-default-executor-1] INFO  impl.RoleInfo (RoleInfo.java:shutdownFollowerState(108)) - 683f3d8e-701b-4490-8bc4-d4bfe927cc75: shutdown 683f3d8e-701b-4490-8bc4-d4bfe927cc75@group-48BE1ECDD3AF-FollowerState
2021-01-15 07:28:41,884 [grpc-default-executor-1] INFO  impl.RoleInfo (RoleInfo.java:updateAndGet(130)) - 683f3d8e-701b-4490-8bc4-d4bfe927cc75: start 683f3d8e-701b-4490-8bc4-d4bfe927cc75@group-48BE1ECDD3AF-FollowerState
2021-01-15 07:28:41,884 [Thread-330] INFO  impl.FollowerState (FollowerState.java:run(142)) - 683f3d8e-701b-4490-8bc4-d4bfe927cc75@group-48BE1ECDD3AF-FollowerState was interrupted: {}
java.lang.InterruptedException: sleep interrupted
	at java.lang.Thread.sleep(Native Method)
	at java.lang.Thread.sleep(Thread.java:340)
	at java.util.concurrent.TimeUnit.sleep(TimeUnit.java:386)
	at org.apache.ratis.util.TimeDuration.sleep(TimeDuration.java:324)
	at org.apache.ratis.util.TimeDuration.sleep(TimeDuration.java:309)
	at org.apache.ratis.server.impl.FollowerState.run(FollowerState.java:117)
2021-01-15 07:28:41,879 [grpc-default-executor-0] INFO  server.RaftServer$Division (RaftServerImpl.java:requestVote(1137)) -  FOLLOWER 4eb03329-d14e-425d-a1d3-5f9bfd0d0493@group-48BE1ECDD3AF:t1, leader=null, voted=null, raftlog=4eb03329-d14e-425d-a1d3-5f9bfd0d0493@group-48BE1ECDD3AF-SegmentedRaftLog:OPENED:c-1,f-1,i0, conf=-1: [ebab0e06-70f4-4173-9cbe-0f6bda4c00e8|rpc:172.17.0.2:33169|dataStream:|priority:1, 683f3d8e-701b-4490-8bc4-d4bfe927cc75|rpc:172.17.0.2:40435|dataStream:|priority:0, 4eb03329-d14e-425d-a1d3-5f9bfd0d0493|rpc:172.17.0.2:45173|dataStream:|priority:0], old=null RUNNING priority:0 candidate:ebab0e06-70f4-4173-9cbe-0f6bda4c00e8|rpc:172.17.0.2:33169|dataStream:|priority:1 candidatePriority:1 compare:0
2021-01-15 07:28:41,884 [grpc-default-executor-1] INFO  server.RaftServer$Division (RaftServerImpl.java:requestVote(1137)) -  FOLLOWER 683f3d8e-701b-4490-8bc4-d4bfe927cc75@group-48BE1ECDD3AF:t1, leader=null, voted=null, raftlog=683f3d8e-701b-4490-8bc4-d4bfe927cc75@group-48BE1ECDD3AF-SegmentedRaftLog:OPENED:c-1,f-1,i0, conf=-1: [ebab0e06-70f4-4173-9cbe-0f6bda4c00e8|rpc:172.17.0.2:33169|dataStream:|priority:1, 683f3d8e-701b-4490-8bc4-d4bfe927cc75|rpc:172.17.0.2:40435|dataStream:|priority:0, 4eb03329-d14e-425d-a1d3-5f9bfd0d0493|rpc:172.17.0.2:45173|dataStream:|priority:0], old=null RUNNING priority:0 candidate:ebab0e06-70f4-4173-9cbe-0f6bda4c00e8|rpc:172.17.0.2:33169|dataStream:|priority:1 candidatePriority:1 compare:0
2021-01-15 07:28:41,877 [Thread-287] INFO  impl.FollowerState (FollowerState.java:run(142)) - 4eb03329-d14e-425d-a1d3-5f9bfd0d0493@group-48BE1ECDD3AF-FollowerState was interrupted: {}
java.lang.InterruptedException: sleep interrupted
	at java.lang.Thread.sleep(Native Method)
	at java.lang.Thread.sleep(Thread.java:340)
	at java.util.concurrent.TimeUnit.sleep(TimeUnit.java:386)
	at org.apache.ratis.util.TimeDuration.sleep(TimeDuration.java:324)
	at org.apache.ratis.util.TimeDuration.sleep(TimeDuration.java:309)
	at org.apache.ratis.server.impl.FollowerState.run(FollowerState.java:117)
2021-01-15 07:28:41,895 [ebab0e06-70f4-4173-9cbe-0f6bda4c00e8@group-48BE1ECDD3AF-LeaderElection8] INFO  impl.LeaderElection (LeaderElection.java:logAndReturn(68)) - ebab0e06-70f4-4173-9cbe-0f6bda4c00e8@group-48BE1ECDD3AF-LeaderElection8: Election  PASSED received 1 response(s):[ebab0e06-70f4-4173-9cbe-0f6bda4c00e8<-4eb03329-d14e-425d-a1d3-5f9bfd0d0493#0:OK-t1]
2021-01-15 07:28:41,898 [ebab0e06-70f4-4173-9cbe-0f6bda4c00e8@group-48BE1ECDD3AF-LeaderElection8] INFO  impl.RoleInfo (RoleInfo.java:shutdownLeaderElection(121)) - ebab0e06-70f4-4173-9cbe-0f6bda4c00e8: shutdown ebab0e06-70f4-4173-9cbe-0f6bda4c00e8@group-48BE1ECDD3AF-LeaderElection8
2021-01-15 07:28:41,898 [ebab0e06-70f4-4173-9cbe-0f6bda4c00e8@group-48BE1ECDD3AF-LeaderElection8] INFO  server.RaftServer$Division (RaftServerImpl.java:setRole(283)) - ebab0e06-70f4-4173-9cbe-0f6bda4c00e8@group-48BE1ECDD3AF: changes role from CANDIDATE to LEADER at term 1 for changeToLeader
2021-01-15 07:28:41,898 [ebab0e06-70f4-4173-9cbe-0f6bda4c00e8@group-48BE1ECDD3AF-LeaderElection8] INFO  ratis.XceiverServerRatis (XceiverServerRatis.java:handleLeaderChangedNotification(868)) - Leader change notification received for group: group-48BE1ECDD3AF with new leaderId: ebab0e06-70f4-4173-9cbe-0f6bda4c00e8
2021-01-15 07:28:41,898 [ebab0e06-70f4-4173-9cbe-0f6bda4c00e8@group-48BE1ECDD3AF-LeaderElection8] INFO  server.RaftServer$Division (ServerState.java:setLeader(249)) - ebab0e06-70f4-4173-9cbe-0f6bda4c00e8@group-48BE1ECDD3AF: change Leader from null to ebab0e06-70f4-4173-9cbe-0f6bda4c00e8 at term 1 for becomeLeader, leader elected after 5216ms
2021-01-15 07:28:41,898 [ebab0e06-70f4-4173-9cbe-0f6bda4c00e8@group-48BE1ECDD3AF-LeaderElection8] INFO  server.RaftServerConfigKeys (ConfUtils.java:logGet(44)) - raft.server.staging.catchup.gap = 1000 (default)
2021-01-15 07:28:41,898 [ebab0e06-70f4-4173-9cbe-0f6bda4c00e8@group-48BE1ECDD3AF-LeaderElection8] INFO  metrics.RatisMetrics (RatisMetrics.java:lambda$create$0(36)) - Creating Metrics Registry : ratis.log_appender.ebab0e06-70f4-4173-9cbe-0f6bda4c00e8@group-48BE1ECDD3AF
2021-01-15 07:28:41,899 [ebab0e06-70f4-4173-9cbe-0f6bda4c00e8@group-48BE1ECDD3AF-LeaderElection8] INFO  server.RaftServerConfigKeys (ConfUtils.java:logGet(44)) - raft.server.write.element-limit = 1024 (custom)
2021-01-15 07:28:41,899 [ebab0e06-70f4-4173-9cbe-0f6bda4c00e8@group-48BE1ECDD3AF-LeaderElection8] INFO  server.RaftServerConfigKeys (ConfUtils.java:logGet(44)) - raft.server.write.byte-limit = 1073741824 (custom)
2021-01-15 07:28:41,899 [ebab0e06-70f4-4173-9cbe-0f6bda4c00e8@group-48BE1ECDD3AF-LeaderElection8] INFO  server.RaftServerConfigKeys (ConfUtils.java:logGet(44)) - raft.server.watch.timeout = 180s (custom)
2021-01-15 07:28:41,899 [ebab0e06-70f4-4173-9cbe-0f6bda4c00e8@group-48BE1ECDD3AF-LeaderElection8] INFO  server.RaftServerConfigKeys (ConfUtils.java:logGet(44)) - raft.server.watch.timeout.denomination = 1s (default)
2021-01-15 07:28:41,899 [ebab0e06-70f4-4173-9cbe-0f6bda4c00e8@group-48BE1ECDD3AF-LeaderElection8] INFO  server.RaftServerConfigKeys (ConfUtils.java:logGet(44)) - raft.server.watch.element-limit = 65536 (default)
2021-01-15 07:28:41,899 [ebab0e06-70f4-4173-9cbe-0f6bda4c00e8@group-48BE1ECDD3AF-LeaderElection8] INFO  server.RaftServerConfigKeys (ConfUtils.java:logGet(44)) - raft.server.log.appender.snapshot.chunk.size.max = 16MB (=16777216) (default)
2021-01-15 07:28:41,899 [ebab0e06-70f4-4173-9cbe-0f6bda4c00e8@group-48BE1ECDD3AF-LeaderElection8] INFO  server.RaftServerConfigKeys (ConfUtils.java:logGet(44)) - raft.server.log.appender.buffer.byte-limit = 33554432 (custom)
2021-01-15 07:28:41,899 [ebab0e06-70f4-4173-9cbe-0f6bda4c00e8@group-48BE1ECDD3AF-LeaderElection8] INFO  server.RaftServerConfigKeys (ConfUtils.java:logGet(44)) - raft.server.log.appender.buffer.element-limit = 1 (custom)
2021-01-15 07:28:41,899 [ebab0e06-70f4-4173-9cbe-0f6bda4c00e8@group-48BE1ECDD3AF-LeaderElection8] INFO  grpc.GrpcConfigKeys (ConfUtils.java:logGet(44)) - raft.grpc.server.leader.outstanding.appends.max = 128 (default)
2021-01-15 07:28:41,900 [ebab0e06-70f4-4173-9cbe-0f6bda4c00e8@group-48BE1ECDD3AF-LeaderElection8] INFO  server.RaftServerConfigKeys (ConfUtils.java:logGet(44)) - raft.server.rpc.request.timeout = 60s (custom)
2021-01-15 07:28:41,900 [ebab0e06-70f4-4173-9cbe-0f6bda4c00e8@group-48BE1ECDD3AF-LeaderElection8] INFO  server.RaftServerConfigKeys (ConfUtils.java:logGet(44)) - raft.server.log.appender.install.snapshot.enabled = false (custom)
2021-01-15 07:28:41,900 [ebab0e06-70f4-4173-9cbe-0f6bda4c00e8@group-48BE1ECDD3AF-LeaderElection8] INFO  metrics.RatisMetrics (RatisMetrics.java:lambda$create$0(36)) - Creating Metrics Registry : ratis_grpc.log_appender.ebab0e06-70f4-4173-9cbe-0f6bda4c00e8@group-48BE1ECDD3AF
2021-01-15 07:28:41,900 [ebab0e06-70f4-4173-9cbe-0f6bda4c00e8@group-48BE1ECDD3AF-LeaderElection8] INFO  server.RaftServerConfigKeys (ConfUtils.java:logGet(44)) - raft.server.log.appender.snapshot.chunk.size.max = 16MB (=16777216) (default)
2021-01-15 07:28:41,900 [ebab0e06-70f4-4173-9cbe-0f6bda4c00e8@group-48BE1ECDD3AF-LeaderElection8] INFO  server.RaftServerConfigKeys (ConfUtils.java:logGet(44)) - raft.server.log.appender.buffer.byte-limit = 33554432 (custom)
2021-01-15 07:28:41,901 [ebab0e06-70f4-4173-9cbe-0f6bda4c00e8@group-48BE1ECDD3AF-LeaderElection8] INFO  server.RaftServerConfigKeys (ConfUtils.java:logGet(44)) - raft.server.log.appender.buffer.element-limit = 1 (custom)
2021-01-15 07:28:41,901 [ebab0e06-70f4-4173-9cbe-0f6bda4c00e8@group-48BE1ECDD3AF-LeaderElection8] INFO  grpc.GrpcConfigKeys (ConfUtils.java:logGet(44)) - raft.grpc.server.leader.outstanding.appends.max = 128 (default)
2021-01-15 07:28:41,901 [ebab0e06-70f4-4173-9cbe-0f6bda4c00e8@group-48BE1ECDD3AF-LeaderElection8] INFO  server.RaftServerConfigKeys (ConfUtils.java:logGet(44)) - raft.server.rpc.request.timeout = 60s (custom)
2021-01-15 07:28:41,901 [ebab0e06-70f4-4173-9cbe-0f6bda4c00e8@group-48BE1ECDD3AF-LeaderElection8] INFO  server.RaftServerConfigKeys (ConfUtils.java:logGet(44)) - raft.server.log.appender.install.snapshot.enabled = false (custom)
2021-01-15 07:28:41,907 [EventQueue-PipelineReportForPipelineReportHandler] INFO  pipeline.PipelineStateManager (PipelineStateManager.java:openPipeline(132)) - Pipeline Pipeline[ Id: 05373332-289a-4763-9f9d-48be1ecdd3af, Nodes: 683f3d8e-701b-4490-8bc4-d4bfe927cc75{ip: 172.17.0.2, host: 80870765a40b, networkLocation: /default-rack, certSerialId: null, persistedOpState: IN_SERVICE, persistedOpStateExpiryEpochSec: 0}ebab0e06-70f4-4173-9cbe-0f6bda4c00e8{ip: 172.17.0.2, host: 80870765a40b, networkLocation: /default-rack, certSerialId: null, persistedOpState: IN_SERVICE, persistedOpStateExpiryEpochSec: 0}4eb03329-d14e-425d-a1d3-5f9bfd0d0493{ip: 172.17.0.2, host: 80870765a40b, networkLocation: /default-rack, certSerialId: null, persistedOpState: IN_SERVICE, persistedOpStateExpiryEpochSec: 0}, Type:RATIS, Factor:THREE, State:ALLOCATED, leaderId:ebab0e06-70f4-4173-9cbe-0f6bda4c00e8, CreationTimestamp2021-01-15T07:28:34.084Z] moved to OPEN state
2021-01-15 07:28:41,908 [ebab0e06-70f4-4173-9cbe-0f6bda4c00e8@group-48BE1ECDD3AF-LeaderElection8] INFO  impl.RoleInfo (RoleInfo.java:updateAndGet(130)) - ebab0e06-70f4-4173-9cbe-0f6bda4c00e8: start ebab0e06-70f4-4173-9cbe-0f6bda4c00e8@group-48BE1ECDD3AF-LeaderStateImpl
2021-01-15 07:28:41,909 [ebab0e06-70f4-4173-9cbe-0f6bda4c00e8@group-48BE1ECDD3AF-LeaderElection8] INFO  segmented.SegmentedRaftLogWorker (SegmentedRaftLogWorker.java:startLogSegment(392)) - ebab0e06-70f4-4173-9cbe-0f6bda4c00e8@group-48BE1ECDD3AF-SegmentedRaftLogWorker: Starting segment from index:0
2021-01-15 07:28:41,910 [ebab0e06-70f4-4173-9cbe-0f6bda4c00e8@group-48BE1ECDD3AF-SegmentedRaftLogWorker] INFO  segmented.SegmentedRaftLogWorker (SegmentedRaftLogWorker.java:execute(599)) - ebab0e06-70f4-4173-9cbe-0f6bda4c00e8@group-48BE1ECDD3AF-SegmentedRaftLogWorker: created new log segment /github/workspace/mnt/ozone/hadoop-ozone/integration-test/target/test-dir/MiniOzoneClusterImpl-f641cada-e66d-4460-aad4-b2880581a04d/datanode-0/data/ratis/05373332-289a-4763-9f9d-48be1ecdd3af/current/log_inprogress_0
2021-01-15 07:28:41,915 [grpc-default-executor-0] INFO  ratis.XceiverServerRatis (XceiverServerRatis.java:handleLeaderChangedNotification(868)) - Leader change notification received for group: group-48BE1ECDD3AF with new leaderId: ebab0e06-70f4-4173-9cbe-0f6bda4c00e8
2021-01-15 07:28:41,926 [grpc-default-executor-0] INFO  server.RaftServer$Division (ServerState.java:setLeader(249)) - 683f3d8e-701b-4490-8bc4-d4bfe927cc75@group-48BE1ECDD3AF: change Leader from null to ebab0e06-70f4-4173-9cbe-0f6bda4c00e8 at term 1 for appendEntries, leader elected after 5190ms
2021-01-15 07:28:41,921 [ebab0e06-70f4-4173-9cbe-0f6bda4c00e8@group-48BE1ECDD3AF-LeaderElection8] INFO  server.RaftServer$Division (ServerState.java:setRaftConf(368)) - ebab0e06-70f4-4173-9cbe-0f6bda4c00e8@group-48BE1ECDD3AF: set configuration 0: [ebab0e06-70f4-4173-9cbe-0f6bda4c00e8|rpc:172.17.0.2:33169|dataStream:|priority:1, 683f3d8e-701b-4490-8bc4-d4bfe927cc75|rpc:172.17.0.2:40435|dataStream:|priority:0, 4eb03329-d14e-425d-a1d3-5f9bfd0d0493|rpc:172.17.0.2:45173|dataStream:|priority:0], old=null
2021-01-15 07:28:41,927 [grpc-default-executor-1] INFO  ratis.XceiverServerRatis (XceiverServerRatis.java:handleLeaderChangedNotification(868)) - Leader change notification received for group: group-48BE1ECDD3AF with new leaderId: ebab0e06-70f4-4173-9cbe-0f6bda4c00e8
2021-01-15 07:28:41,927 [grpc-default-executor-1] INFO  server.RaftServer$Division (ServerState.java:setLeader(249)) - 4eb03329-d14e-425d-a1d3-5f9bfd0d0493@group-48BE1ECDD3AF: change Leader from null to ebab0e06-70f4-4173-9cbe-0f6bda4c00e8 at term 1 for appendEntries, leader elected after 5145ms
2021-01-15 07:28:41,938 [grpc-default-executor-0] INFO  server.RaftServer$Division (ServerState.java:setRaftConf(368)) - 683f3d8e-701b-4490-8bc4-d4bfe927cc75@group-48BE1ECDD3AF: set configuration 0: [ebab0e06-70f4-4173-9cbe-0f6bda4c00e8|rpc:172.17.0.2:33169|dataStream:|priority:1, 683f3d8e-701b-4490-8bc4-d4bfe927cc75|rpc:172.17.0.2:40435|dataStream:|priority:0, 4eb03329-d14e-425d-a1d3-5f9bfd0d0493|rpc:172.17.0.2:45173|dataStream:|priority:0], old=null
2021-01-15 07:28:41,938 [grpc-default-executor-0] INFO  segmented.SegmentedRaftLogWorker (SegmentedRaftLogWorker.java:startLogSegment(392)) - 683f3d8e-701b-4490-8bc4-d4bfe927cc75@group-48BE1ECDD3AF-SegmentedRaftLogWorker: Starting segment from index:0
2021-01-15 07:28:41,938 [grpc-default-executor-1] INFO  server.RaftServer$Division (ServerState.java:setRaftConf(368)) - 4eb03329-d14e-425d-a1d3-5f9bfd0d0493@group-48BE1ECDD3AF: set configuration 0: [ebab0e06-70f4-4173-9cbe-0f6bda4c00e8|rpc:172.17.0.2:33169|dataStream:|priority:1, 683f3d8e-701b-4490-8bc4-d4bfe927cc75|rpc:172.17.0.2:40435|dataStream:|priority:0, 4eb03329-d14e-425d-a1d3-5f9bfd0d0493|rpc:172.17.0.2:45173|dataStream:|priority:0], old=null
2021-01-15 07:28:41,938 [grpc-default-executor-1] INFO  segmented.SegmentedRaftLogWorker (SegmentedRaftLogWorker.java:startLogSegment(392)) - 4eb03329-d14e-425d-a1d3-5f9bfd0d0493@group-48BE1ECDD3AF-SegmentedRaftLogWorker: Starting segment from index:0
2021-01-15 07:28:41,941 [4eb03329-d14e-425d-a1d3-5f9bfd0d0493@group-48BE1ECDD3AF-SegmentedRaftLogWorker] INFO  segmented.SegmentedRaftLogWorker (SegmentedRaftLogWorker.java:execute(599)) - 4eb03329-d14e-425d-a1d3-5f9bfd0d0493@group-48BE1ECDD3AF-SegmentedRaftLogWorker: created new log segment /github/workspace/mnt/ozone/hadoop-ozone/integration-test/target/test-dir/MiniOzoneClusterImpl-f641cada-e66d-4460-aad4-b2880581a04d/datanode-1/data/ratis/05373332-289a-4763-9f9d-48be1ecdd3af/current/log_inprogress_0
2021-01-15 07:28:41,941 [683f3d8e-701b-4490-8bc4-d4bfe927cc75@group-48BE1ECDD3AF-SegmentedRaftLogWorker] INFO  segmented.SegmentedRaftLogWorker (SegmentedRaftLogWorker.java:execute(599)) - 683f3d8e-701b-4490-8bc4-d4bfe927cc75@group-48BE1ECDD3AF-SegmentedRaftLogWorker: created new log segment /github/workspace/mnt/ozone/hadoop-ozone/integration-test/target/test-dir/MiniOzoneClusterImpl-f641cada-e66d-4460-aad4-b2880581a04d/datanode-2/data/ratis/05373332-289a-4763-9f9d-48be1ecdd3af/current/log_inprogress_0
2021-01-15 07:28:41,941 [Thread-290] INFO  impl.FollowerState (FollowerState.java:run(133)) - 4eb03329-d14e-425d-a1d3-5f9bfd0d0493@group-9E8048C10205-FollowerState: change to CANDIDATE, lastRpcElapsedTime:5083932389ns, electionTimeout:5069ms
2021-01-15 07:28:41,951 [Thread-290] INFO  impl.RoleInfo (RoleInfo.java:shutdownFollowerState(108)) - 4eb03329-d14e-425d-a1d3-5f9bfd0d0493: shutdown 4eb03329-d14e-425d-a1d3-5f9bfd0d0493@group-9E8048C10205-FollowerState
2021-01-15 07:28:41,951 [Thread-290] INFO  server.RaftServer$Division (RaftServerImpl.java:setRole(283)) - 4eb03329-d14e-425d-a1d3-5f9bfd0d0493@group-9E8048C10205: changes role from  FOLLOWER to CANDIDATE at term 0 for changeToCandidate
2021-01-15 07:28:41,961 [Thread-290] INFO  impl.RoleInfo (RoleInfo.java:updateAndGet(130)) - 4eb03329-d14e-425d-a1d3-5f9bfd0d0493: start 4eb03329-d14e-425d-a1d3-5f9bfd0d0493@group-9E8048C10205-LeaderElection9
2021-01-15 07:28:41,971 [4eb03329-d14e-425d-a1d3-5f9bfd0d0493@group-9E8048C10205-LeaderElection9] INFO  impl.LeaderElection (LeaderElection.java:askForPreVotes(259)) - 4eb03329-d14e-425d-a1d3-5f9bfd0d0493@group-9E8048C10205-LeaderElection9: begin a pre-vote at term 0 for -1: [4eb03329-d14e-425d-a1d3-5f9bfd0d0493|rpc:172.17.0.2:45173|priority:1], old=null
2021-01-15 07:28:41,971 [4eb03329-d14e-425d-a1d3-5f9bfd0d0493@group-9E8048C10205-LeaderElection9] INFO  impl.LeaderElection (LeaderElection.java:askForPreVotes(261)) - 4eb03329-d14e-425d-a1d3-5f9bfd0d0493@group-9E8048C10205-LeaderElection9 pre-vote result is PASSED.
2021-01-15 07:28:41,973 [4eb03329-d14e-425d-a1d3-5f9bfd0d0493@group-9E8048C10205-LeaderElection9] INFO  impl.LeaderElection (LeaderElection.java:askForVotes(308)) - 4eb03329-d14e-425d-a1d3-5f9bfd0d0493@group-9E8048C10205-LeaderElection9: begin an election at term 1 for -1: [4eb03329-d14e-425d-a1d3-5f9bfd0d0493|rpc:172.17.0.2:45173|priority:1], old=null
2021-01-15 07:28:41,973 [4eb03329-d14e-425d-a1d3-5f9bfd0d0493@group-9E8048C10205-LeaderElection9] INFO  impl.RoleInfo (RoleInfo.java:shutdownLeaderElection(121)) - 4eb03329-d14e-425d-a1d3-5f9bfd0d0493: shutdown 4eb03329-d14e-425d-a1d3-5f9bfd0d0493@group-9E8048C10205-LeaderElection9
2021-01-15 07:28:41,973 [4eb03329-d14e-425d-a1d3-5f9bfd0d0493@group-9E8048C10205-LeaderElection9] INFO  server.RaftServer$Division (RaftServerImpl.java:setRole(283)) - 4eb03329-d14e-425d-a1d3-5f9bfd0d0493@group-9E8048C10205: changes role from CANDIDATE to LEADER at term 1 for changeToLeader
2021-01-15 07:28:41,973 [4eb03329-d14e-425d-a1d3-5f9bfd0d0493@group-9E8048C10205-LeaderElection9] INFO  ratis.XceiverServerRatis (XceiverServerRatis.java:handleLeaderChangedNotification(868)) - Leader change notification received for group: group-9E8048C10205 with new leaderId: 4eb03329-d14e-425d-a1d3-5f9bfd0d0493
2021-01-15 07:28:41,973 [4eb03329-d14e-425d-a1d3-5f9bfd0d0493@group-9E8048C10205-LeaderElection9] INFO  server.RaftServer$Division (ServerState.java:setLeader(249)) - 4eb03329-d14e-425d-a1d3-5f9bfd0d0493@group-9E8048C10205: change Leader from null to 4eb03329-d14e-425d-a1d3-5f9bfd0d0493 at term 1 for becomeLeader, leader elected after 5126ms
2021-01-15 07:28:41,973 [4eb03329-d14e-425d-a1d3-5f9bfd0d0493@group-9E8048C10205-LeaderElection9] INFO  server.RaftServerConfigKeys (ConfUtils.java:logGet(44)) - raft.server.staging.catchup.gap = 1000 (default)
2021-01-15 07:28:41,973 [4eb03329-d14e-425d-a1d3-5f9bfd0d0493@group-9E8048C10205-LeaderElection9] INFO  metrics.RatisMetrics (RatisMetrics.java:lambda$create$0(36)) - Creating Metrics Registry : ratis.log_appender.4eb03329-d14e-425d-a1d3-5f9bfd0d0493@group-9E8048C10205
2021-01-15 07:28:41,973 [4eb03329-d14e-425d-a1d3-5f9bfd0d0493@group-9E8048C10205-LeaderElection9] INFO  server.RaftServerConfigKeys (ConfUtils.java:logGet(44)) - raft.server.write.element-limit = 1024 (custom)
2021-01-15 07:28:41,974 [4eb03329-d14e-425d-a1d3-5f9bfd0d0493@group-9E8048C10205-LeaderElection9] INFO  server.RaftServerConfigKeys (ConfUtils.java:logGet(44)) - raft.server.write.byte-limit = 1073741824 (custom)
2021-01-15 07:28:41,974 [4eb03329-d14e-425d-a1d3-5f9bfd0d0493@group-9E8048C10205-LeaderElection9] INFO  server.RaftServerConfigKeys (ConfUtils.java:logGet(44)) - raft.server.watch.timeout = 180s (custom)
2021-01-15 07:28:41,975 [4eb03329-d14e-425d-a1d3-5f9bfd0d0493@group-9E8048C10205-LeaderElection9] INFO  server.RaftServerConfigKeys (ConfUtils.java:logGet(44)) - raft.server.watch.timeout.denomination = 1s (default)
2021-01-15 07:28:41,975 [4eb03329-d14e-425d-a1d3-5f9bfd0d0493@group-9E8048C10205-LeaderElection9] INFO  server.RaftServerConfigKeys (ConfUtils.java:logGet(44)) - raft.server.watch.element-limit = 65536 (default)
2021-01-15 07:28:41,975 [4eb03329-d14e-425d-a1d3-5f9bfd0d0493@group-9E8048C10205-LeaderElection9] INFO  impl.RoleInfo (RoleInfo.java:updateAndGet(130)) - 4eb03329-d14e-425d-a1d3-5f9bfd0d0493: start 4eb03329-d14e-425d-a1d3-5f9bfd0d0493@group-9E8048C10205-LeaderStateImpl
2021-01-15 07:28:41,976 [4eb03329-d14e-425d-a1d3-5f9bfd0d0493@group-9E8048C10205-LeaderElection9] INFO  segmented.SegmentedRaftLogWorker (SegmentedRaftLogWorker.java:startLogSegment(392)) - 4eb03329-d14e-425d-a1d3-5f9bfd0d0493@group-9E8048C10205-SegmentedRaftLogWorker: Starting segment from index:0
2021-01-15 07:28:41,977 [4eb03329-d14e-425d-a1d3-5f9bfd0d0493@group-9E8048C10205-SegmentedRaftLogWorker] INFO  segmented.SegmentedRaftLogWorker (SegmentedRaftLogWorker.java:execute(599)) - 4eb03329-d14e-425d-a1d3-5f9bfd0d0493@group-9E8048C10205-SegmentedRaftLogWorker: created new log segment /github/workspace/mnt/ozone/hadoop-ozone/integration-test/target/test-dir/MiniOzoneClusterImpl-f641cada-e66d-4460-aad4-b2880581a04d/datanode-1/data/ratis/b20a151d-e5f7-48dd-a2ee-9e8048c10205/current/log_inprogress_0
2021-01-15 07:28:41,987 [4eb03329-d14e-425d-a1d3-5f9bfd0d0493@group-9E8048C10205-LeaderElection9] INFO  server.RaftServer$Division (ServerState.java:setRaftConf(368)) - 4eb03329-d14e-425d-a1d3-5f9bfd0d0493@group-9E8048C10205: set configuration 0: [4eb03329-d14e-425d-a1d3-5f9bfd0d0493|rpc:172.17.0.2:45173|dataStream:|priority:1], old=null
2021-01-15 07:28:42,059 [Listener at 127.0.0.1/10100] INFO  ozone.MiniOzoneClusterImpl (MiniOzoneClusterImpl.java:lambda$waitForClusterToBeReady$0(179)) - Nodes are ready. Got 3 of 3 DN Heartbeats.
2021-01-15 07:28:42,060 [Listener at 127.0.0.1/10100] INFO  ozone.MiniOzoneClusterImpl (MiniOzoneClusterImpl.java:lambda$waitForClusterToBeReady$0(182)) - Cluster exits safe mode
2021-01-15 07:28:42,115 [grpc-default-executor-0] WARN  server.GrpcLogAppender (LogUtils.java:warn(122)) - omNode-2@group-523986131536->omNode-3-AppendLogResponseHandler: Failed appendEntries: org.apache.ratis.thirdparty.io.grpc.StatusRuntimeException: UNAVAILABLE: io exception
2021-01-15 07:28:42,116 [grpc-default-executor-0] WARN  server.GrpcLogAppender (GrpcLogAppender.java:resetClient(111)) - omNode-2@group-523986131536->omNode-3-GrpcLogAppender: Leader has not got in touch with Follower omNode-2@group-523986131536->omNode-3(c-1,m0,n1, attendVote=true, lastRpcSendTime=501, lastRpcResponseTime=17433) yet, just keep nextIndex unchanged and retry.
2021-01-15 07:28:42,263 [Thread-294] INFO  impl.FollowerState (FollowerState.java:run(133)) - 683f3d8e-701b-4490-8bc4-d4bfe927cc75@group-84E38317D27B-FollowerState: change to CANDIDATE, lastRpcElapsedTime:5166842643ns, electionTimeout:5163ms
2021-01-15 07:28:42,263 [Thread-294] INFO  impl.RoleInfo (RoleInfo.java:shutdownFollowerState(108)) - 683f3d8e-701b-4490-8bc4-d4bfe927cc75: shutdown 683f3d8e-701b-4490-8bc4-d4bfe927cc75@group-84E38317D27B-FollowerState
2021-01-15 07:28:42,263 [Thread-294] INFO  server.RaftServer$Division (RaftServerImpl.java:setRole(283)) - 683f3d8e-701b-4490-8bc4-d4bfe927cc75@group-84E38317D27B: changes role from  FOLLOWER to CANDIDATE at term 0 for changeToCandidate
2021-01-15 07:28:42,263 [Thread-294] INFO  impl.RoleInfo (RoleInfo.java:updateAndGet(130)) - 683f3d8e-701b-4490-8bc4-d4bfe927cc75: start 683f3d8e-701b-4490-8bc4-d4bfe927cc75@group-84E38317D27B-LeaderElection10
2021-01-15 07:28:42,275 [683f3d8e-701b-4490-8bc4-d4bfe927cc75@group-84E38317D27B-LeaderElection10] INFO  impl.LeaderElection (LeaderElection.java:askForPreVotes(259)) - 683f3d8e-701b-4490-8bc4-d4bfe927cc75@group-84E38317D27B-LeaderElection10: begin a pre-vote at term 0 for -1: [683f3d8e-701b-4490-8bc4-d4bfe927cc75|rpc:172.17.0.2:40435|priority:1], old=null
2021-01-15 07:28:42,275 [683f3d8e-701b-4490-8bc4-d4bfe927cc75@group-84E38317D27B-LeaderElection10] INFO  impl.LeaderElection (LeaderElection.java:askForPreVotes(261)) - 683f3d8e-701b-4490-8bc4-d4bfe927cc75@group-84E38317D27B-LeaderElection10 pre-vote result is PASSED.
2021-01-15 07:28:42,280 [683f3d8e-701b-4490-8bc4-d4bfe927cc75@group-84E38317D27B-LeaderElection10] INFO  impl.LeaderElection (LeaderElection.java:askForVotes(308)) - 683f3d8e-701b-4490-8bc4-d4bfe927cc75@group-84E38317D27B-LeaderElection10: begin an election at term 1 for -1: [683f3d8e-701b-4490-8bc4-d4bfe927cc75|rpc:172.17.0.2:40435|priority:1], old=null
2021-01-15 07:28:42,280 [683f3d8e-701b-4490-8bc4-d4bfe927cc75@group-84E38317D27B-LeaderElection10] INFO  impl.RoleInfo (RoleInfo.java:shutdownLeaderElection(121)) - 683f3d8e-701b-4490-8bc4-d4bfe927cc75: shutdown 683f3d8e-701b-4490-8bc4-d4bfe927cc75@group-84E38317D27B-LeaderElection10
2021-01-15 07:28:42,280 [683f3d8e-701b-4490-8bc4-d4bfe927cc75@group-84E38317D27B-LeaderElection10] INFO  server.RaftServer$Division (RaftServerImpl.java:setRole(283)) - 683f3d8e-701b-4490-8bc4-d4bfe927cc75@group-84E38317D27B: changes role from CANDIDATE to LEADER at term 1 for changeToLeader
2021-01-15 07:28:42,280 [683f3d8e-701b-4490-8bc4-d4bfe927cc75@group-84E38317D27B-LeaderElection10] INFO  ratis.XceiverServerRatis (XceiverServerRatis.java:handleLeaderChangedNotification(868)) - Leader change notification received for group: group-84E38317D27B with new leaderId: 683f3d8e-701b-4490-8bc4-d4bfe927cc75
2021-01-15 07:28:42,280 [683f3d8e-701b-4490-8bc4-d4bfe927cc75@group-84E38317D27B-LeaderElection10] INFO  server.RaftServer$Division (ServerState.java:setLeader(249)) - 683f3d8e-701b-4490-8bc4-d4bfe927cc75@group-84E38317D27B: change Leader from null to 683f3d8e-701b-4490-8bc4-d4bfe927cc75 at term 1 for becomeLeader, leader elected after 5196ms
2021-01-15 07:28:42,283 [683f3d8e-701b-4490-8bc4-d4bfe927cc75@group-84E38317D27B-LeaderElection10] INFO  server.RaftServerConfigKeys (ConfUtils.java:logGet(44)) - raft.server.staging.catchup.gap = 1000 (default)
2021-01-15 07:28:42,283 [683f3d8e-701b-4490-8bc4-d4bfe927cc75@group-84E38317D27B-LeaderElection10] INFO  metrics.RatisMetrics (RatisMetrics.java:lambda$create$0(36)) - Creating Metrics Registry : ratis.log_appender.683f3d8e-701b-4490-8bc4-d4bfe927cc75@group-84E38317D27B
2021-01-15 07:28:42,284 [683f3d8e-701b-4490-8bc4-d4bfe927cc75@group-84E38317D27B-LeaderElection10] INFO  server.RaftServerConfigKeys (ConfUtils.java:logGet(44)) - raft.server.write.element-limit = 1024 (custom)
2021-01-15 07:28:42,284 [683f3d8e-701b-4490-8bc4-d4bfe927cc75@group-84E38317D27B-LeaderElection10] INFO  server.RaftServerConfigKeys (ConfUtils.java:logGet(44)) - raft.server.write.byte-limit = 1073741824 (custom)
2021-01-15 07:28:42,284 [683f3d8e-701b-4490-8bc4-d4bfe927cc75@group-84E38317D27B-LeaderElection10] INFO  server.RaftServerConfigKeys (ConfUtils.java:logGet(44)) - raft.server.watch.timeout = 180s (custom)
2021-01-15 07:28:42,284 [683f3d8e-701b-4490-8bc4-d4bfe927cc75@group-84E38317D27B-LeaderElection10] INFO  server.RaftServerConfigKeys (ConfUtils.java:logGet(44)) - raft.server.watch.timeout.denomination = 1s (default)
2021-01-15 07:28:42,284 [683f3d8e-701b-4490-8bc4-d4bfe927cc75@group-84E38317D27B-LeaderElection10] INFO  server.RaftServerConfigKeys (ConfUtils.java:logGet(44)) - raft.server.watch.element-limit = 65536 (default)
2021-01-15 07:28:42,284 [683f3d8e-701b-4490-8bc4-d4bfe927cc75@group-84E38317D27B-LeaderElection10] INFO  impl.RoleInfo (RoleInfo.java:updateAndGet(130)) - 683f3d8e-701b-4490-8bc4-d4bfe927cc75: start 683f3d8e-701b-4490-8bc4-d4bfe927cc75@group-84E38317D27B-LeaderStateImpl
2021-01-15 07:28:42,284 [683f3d8e-701b-4490-8bc4-d4bfe927cc75@group-84E38317D27B-LeaderElection10] INFO  segmented.SegmentedRaftLogWorker (SegmentedRaftLogWorker.java:startLogSegment(392)) - 683f3d8e-701b-4490-8bc4-d4bfe927cc75@group-84E38317D27B-SegmentedRaftLogWorker: Starting segment from index:0
2021-01-15 07:28:42,286 [683f3d8e-701b-4490-8bc4-d4bfe927cc75@group-84E38317D27B-SegmentedRaftLogWorker] INFO  segmented.SegmentedRaftLogWorker (SegmentedRaftLogWorker.java:execute(599)) - 683f3d8e-701b-4490-8bc4-d4bfe927cc75@group-84E38317D27B-SegmentedRaftLogWorker: created new log segment /github/workspace/mnt/ozone/hadoop-ozone/integration-test/target/test-dir/MiniOzoneClusterImpl-f641cada-e66d-4460-aad4-b2880581a04d/datanode-2/data/ratis/259b71ec-8021-4be6-97a1-84e38317d27b/current/log_inprogress_0
2021-01-15 07:28:42,303 [683f3d8e-701b-4490-8bc4-d4bfe927cc75@group-84E38317D27B-LeaderElection10] INFO  server.RaftServer$Division (ServerState.java:setRaftConf(368)) - 683f3d8e-701b-4490-8bc4-d4bfe927cc75@group-84E38317D27B: set configuration 0: [683f3d8e-701b-4490-8bc4-d4bfe927cc75|rpc:172.17.0.2:40435|dataStream:|priority:1], old=null
2021-01-15 07:28:42,477 [IPC Server handler 2 on default port 10088] INFO  ipc.Server (Server.java:logException(2976)) - IPC Server handler 2 on default port 10088, call Call#40 Retry#0 org.apache.hadoop.ozone.om.protocol.OzoneManagerProtocol.submitRequest from 127.0.0.1:45624
org.apache.hadoop.ozone.om.exceptions.OMNotLeaderException: OM:omNode-1 is not the leader. Could not determine the leader node.
	at org.apache.hadoop.ozone.protocolPB.OzoneManagerProtocolServerSideTranslatorPB.createNotLeaderException(OzoneManagerProtocolServerSideTranslatorPB.java:202)
	at org.apache.hadoop.ozone.protocolPB.OzoneManagerProtocolServerSideTranslatorPB.createLeaderErrorException(OzoneManagerProtocolServerSideTranslatorPB.java:215)
	at org.apache.hadoop.ozone.protocolPB.OzoneManagerProtocolServerSideTranslatorPB.submitReadRequestToOM(OzoneManagerProtocolServerSideTranslatorPB.java:192)
	at org.apache.hadoop.ozone.protocolPB.OzoneManagerProtocolServerSideTranslatorPB.processRequest(OzoneManagerProtocolServerSideTranslatorPB.java:132)
	at org.apache.hadoop.hdds.server.OzoneProtocolMessageDispatcher.processRequest(OzoneProtocolMessageDispatcher.java:87)
	at org.apache.hadoop.ozone.protocolPB.OzoneManagerProtocolServerSideTranslatorPB.submitRequest(OzoneManagerProtocolServerSideTranslatorPB.java:122)
	at org.apache.hadoop.ozone.protocol.proto.OzoneManagerProtocolProtos$OzoneManagerService$2.callBlockingMethod(OzoneManagerProtocolProtos.java)
	at org.apache.hadoop.ipc.ProtobufRpcEngine$Server$ProtoBufRpcInvoker.call(ProtobufRpcEngine.java:528)
	at org.apache.hadoop.ipc.RPC$Server.call(RPC.java:1070)
	at org.apache.hadoop.ipc.Server$RpcCall.run(Server.java:999)
	at org.apache.hadoop.ipc.Server$RpcCall.run(Server.java:927)
	at java.security.AccessController.doPrivileged(Native Method)
	at javax.security.auth.Subject.doAs(Subject.java:422)
	at org.apache.hadoop.security.UserGroupInformation.doAs(UserGroupInformation.java:1730)
	at org.apache.hadoop.ipc.Server$Handler.run(Server.java:2915)
2021-01-15 07:28:42,617 [grpc-default-executor-0] WARN  server.GrpcLogAppender (LogUtils.java:warn(122)) - omNode-2@group-523986131536->omNode-3-AppendLogResponseHandler: Failed appendEntries: org.apache.ratis.thirdparty.io.grpc.StatusRuntimeException: UNAVAILABLE: io exception
2021-01-15 07:28:42,618 [grpc-default-executor-0] WARN  server.GrpcLogAppender (GrpcLogAppender.java:resetClient(111)) - omNode-2@group-523986131536->omNode-3-GrpcLogAppender: Leader has not got in touch with Follower omNode-2@group-523986131536->omNode-3(c-1,m0,n1, attendVote=true, lastRpcSendTime=0, lastRpcResponseTime=17935) yet, just keep nextIndex unchanged and retry.
2021-01-15 07:28:42,760 [Listener at 127.0.0.1/10100] INFO  rpc.RpcClient (RpcClient.java:createVolume(273)) - Creating Volume: volume96919, with user07747 as owner.
2021-01-15 07:28:42,856 [grpc-default-executor-0] WARN  server.GrpcLogAppender (LogUtils.java:warn(122)) - omNode-2@group-523986131536->omNode-3-AppendLogResponseHandler: Failed appendEntries: org.apache.ratis.thirdparty.io.grpc.StatusRuntimeException: UNAVAILABLE: io exception
2021-01-15 07:28:42,856 [grpc-default-executor-0] WARN  server.GrpcLogAppender (GrpcLogAppender.java:resetClient(111)) - omNode-2@group-523986131536->omNode-3-GrpcLogAppender: Leader has not got in touch with Follower omNode-2@group-523986131536->omNode-3(c-1,m0,n2, attendVote=true, lastRpcSendTime=239, lastRpcResponseTime=18174) yet, just keep nextIndex unchanged and retry.
2021-01-15 07:28:42,876 [grpc-default-executor-0] WARN  server.GrpcLogAppender (LogUtils.java:warn(122)) - omNode-2@group-523986131536->omNode-3-AppendLogResponseHandler: Failed appendEntries: org.apache.ratis.thirdparty.io.grpc.StatusRuntimeException: UNAVAILABLE: io exception
2021-01-15 07:28:42,876 [grpc-default-executor-0] WARN  server.GrpcLogAppender (GrpcLogAppender.java:resetClient(111)) - omNode-2@group-523986131536->omNode-3-GrpcLogAppender: Leader has not got in touch with Follower omNode-2@group-523986131536->omNode-3(c-1,m0,n3, attendVote=true, lastRpcSendTime=19, lastRpcResponseTime=18194) yet, just keep nextIndex unchanged and retry.
2021-01-15 07:28:42,906 [OM StateMachine ApplyTransaction Thread - 0] INFO  volume.OMVolumeCreateRequest (OMVolumeCreateRequest.java:validateAndUpdateCache(196)) - created volume:volume96919 for user:user07747
2021-01-15 07:28:42,906 [OM StateMachine ApplyTransaction Thread - 0] INFO  volume.OMVolumeCreateRequest (OMVolumeCreateRequest.java:validateAndUpdateCache(196)) - created volume:volume96919 for user:user07747
2021-01-15 07:28:42,934 [Listener at 127.0.0.1/10100] INFO  rpc.RpcClient (RpcClient.java:createBucket(429)) - Creating Bucket: volume96919/bucket36149, with Versioning false and Storage Type set to DISK and Encryption set to false 
2021-01-15 07:28:42,947 [grpc-default-executor-0] WARN  server.GrpcLogAppender (LogUtils.java:warn(122)) - omNode-2@group-523986131536->omNode-3-AppendLogResponseHandler: Failed appendEntries: org.apache.ratis.thirdparty.io.grpc.StatusRuntimeException: UNAVAILABLE: io exception
2021-01-15 07:28:42,948 [grpc-default-executor-0] WARN  server.GrpcLogAppender (GrpcLogAppender.java:resetClient(111)) - omNode-2@group-523986131536->omNode-3-GrpcLogAppender: Leader has not got in touch with Follower omNode-2@group-523986131536->omNode-3(c-1,m0,n4, attendVote=true, lastRpcSendTime=0, lastRpcResponseTime=18265) yet, just keep nextIndex unchanged and retry.
2021-01-15 07:28:42,952 [grpc-default-executor-0] WARN  server.GrpcLogAppender (LogUtils.java:warn(122)) - omNode-2@group-523986131536->omNode-3-AppendLogResponseHandler: Failed appendEntries: org.apache.ratis.thirdparty.io.grpc.StatusRuntimeException: UNAVAILABLE: io exception
2021-01-15 07:28:42,953 [grpc-default-executor-0] WARN  server.GrpcLogAppender (GrpcLogAppender.java:resetClient(111)) - omNode-2@group-523986131536->omNode-3-GrpcLogAppender: Leader has not got in touch with Follower omNode-2@group-523986131536->omNode-3(c-1,m0,n5, attendVote=true, lastRpcSendTime=2, lastRpcResponseTime=18270) yet, just keep nextIndex unchanged and retry.
2021-01-15 07:28:42,997 [IPC Server handler 1 on default port 41179] INFO  pipeline.PipelineStateManager (PipelineStateManager.java:addPipeline(54)) - Created pipeline Pipeline[ Id: 2757ee22-fdc6-45a3-a7be-19be4b0f1be4, Nodes: 683f3d8e-701b-4490-8bc4-d4bfe927cc75{ip: 172.17.0.2, host: 80870765a40b, networkLocation: /default-rack, certSerialId: null, persistedOpState: IN_SERVICE, persistedOpStateExpiryEpochSec: 0}, Type:STAND_ALONE, Factor:ONE, State:OPEN, leaderId:, CreationTimestamp2021-01-15T07:28:42.996Z]
2021-01-15 07:28:43,047 [grpc-default-executor-0] WARN  server.GrpcLogAppender (LogUtils.java:warn(122)) - omNode-2@group-523986131536->omNode-3-AppendLogResponseHandler: Failed appendEntries: org.apache.ratis.thirdparty.io.grpc.StatusRuntimeException: UNAVAILABLE: io exception
2021-01-15 07:28:43,048 [grpc-default-executor-0] WARN  server.GrpcLogAppender (GrpcLogAppender.java:resetClient(111)) - omNode-2@group-523986131536->omNode-3-GrpcLogAppender: Leader has not got in touch with Follower omNode-2@group-523986131536->omNode-3(c-1,m0,n6, attendVote=true, lastRpcSendTime=0, lastRpcResponseTime=18365) yet, just keep nextIndex unchanged and retry.
2021-01-15 07:28:43,055 [grpc-default-executor-2] WARN  server.GrpcLogAppender (LogUtils.java:warn(122)) - omNode-2@group-523986131536->omNode-3-AppendLogResponseHandler: Failed appendEntries: org.apache.ratis.thirdparty.io.grpc.StatusRuntimeException: UNAVAILABLE: io exception
2021-01-15 07:28:43,056 [grpc-default-executor-2] WARN  server.GrpcLogAppender (GrpcLogAppender.java:resetClient(111)) - omNode-2@group-523986131536->omNode-3-GrpcLogAppender: Leader has not got in touch with Follower omNode-2@group-523986131536->omNode-3(c-1,m0,n7, attendVote=true, lastRpcSendTime=9, lastRpcResponseTime=18373) yet, just keep nextIndex unchanged and retry.
2021-01-15 07:28:43,135 [Listener at 127.0.0.1/10100] INFO  impl.MetricsSystemImpl (MetricsSystemImpl.java:init(158)) - XceiverClientMetrics metrics system started (again)
2021-01-15 07:28:43,550 [grpc-default-executor-0] WARN  server.GrpcLogAppender (LogUtils.java:warn(122)) - omNode-2@group-523986131536->omNode-3-AppendLogResponseHandler: Failed appendEntries: org.apache.ratis.thirdparty.io.grpc.StatusRuntimeException: UNAVAILABLE: io exception
2021-01-15 07:28:43,550 [grpc-default-executor-0] WARN  server.GrpcLogAppender (GrpcLogAppender.java:resetClient(111)) - omNode-2@group-523986131536->omNode-3-GrpcLogAppender: Leader has not got in touch with Follower omNode-2@group-523986131536->omNode-3(c-1,m0,n8, attendVote=true, lastRpcSendTime=494, lastRpcResponseTime=18868) yet, just keep nextIndex unchanged and retry.
2021-01-15 07:28:43,558 [grpc-default-executor-0] WARN  server.GrpcLogAppender (LogUtils.java:warn(122)) - omNode-2@group-523986131536->omNode-3-AppendLogResponseHandler: Failed appendEntries: org.apache.ratis.thirdparty.io.grpc.StatusRuntimeException: UNAVAILABLE: io exception
2021-01-15 07:28:43,558 [grpc-default-executor-0] WARN  server.GrpcLogAppender (GrpcLogAppender.java:resetClient(111)) - omNode-2@group-523986131536->omNode-3-GrpcLogAppender: Leader has not got in touch with Follower omNode-2@group-523986131536->omNode-3(c-1,m0,n9, attendVote=true, lastRpcSendTime=7, lastRpcResponseTime=18876) yet, just keep nextIndex unchanged and retry.
2021-01-15 07:28:43,668 [grpc-default-executor-0] WARN  server.GrpcLogAppender (LogUtils.java:warn(122)) - omNode-2@group-523986131536->omNode-3-AppendLogResponseHandler: Failed appendEntries: org.apache.ratis.thirdparty.io.grpc.StatusRuntimeException: UNAVAILABLE: io exception
2021-01-15 07:28:43,669 [grpc-default-executor-0] WARN  server.GrpcLogAppender (GrpcLogAppender.java:resetClient(111)) - omNode-2@group-523986131536->omNode-3-GrpcLogAppender: Leader has not got in touch with Follower omNode-2@group-523986131536->omNode-3(c-1,m0,n10, attendVote=true, lastRpcSendTime=110, lastRpcResponseTime=18986) yet, just keep nextIndex unchanged and retry.
2021-01-15 07:28:43,677 [grpc-default-executor-0] WARN  server.GrpcLogAppender (LogUtils.java:warn(122)) - omNode-2@group-523986131536->omNode-3-AppendLogResponseHandler: Failed appendEntries: org.apache.ratis.thirdparty.io.grpc.StatusRuntimeException: UNAVAILABLE: io exception
2021-01-15 07:28:43,678 [grpc-default-executor-0] WARN  server.GrpcLogAppender (GrpcLogAppender.java:resetClient(111)) - omNode-2@group-523986131536->omNode-3-GrpcLogAppender: Leader has not got in touch with Follower omNode-2@group-523986131536->omNode-3(c-1,m0,n11, attendVote=true, lastRpcSendTime=8, lastRpcResponseTime=18995) yet, just keep nextIndex unchanged and retry.
2021-01-15 07:28:43,734 [grpc-default-executor-0] WARN  server.GrpcLogAppender (LogUtils.java:warn(122)) - omNode-2@group-523986131536->omNode-3-AppendLogResponseHandler: Failed appendEntries: org.apache.ratis.thirdparty.io.grpc.StatusRuntimeException: UNAVAILABLE: io exception
2021-01-15 07:28:43,734 [grpc-default-executor-0] WARN  server.GrpcLogAppender (GrpcLogAppender.java:resetClient(111)) - omNode-2@group-523986131536->omNode-3-GrpcLogAppender: Leader has not got in touch with Follower omNode-2@group-523986131536->omNode-3(c-1,m0,n12, attendVote=true, lastRpcSendTime=56, lastRpcResponseTime=19051) yet, just keep nextIndex unchanged and retry.
2021-01-15 07:28:43,739 [grpc-default-executor-0] WARN  server.GrpcLogAppender (LogUtils.java:warn(122)) - omNode-2@group-523986131536->omNode-3-AppendLogResponseHandler: Failed appendEntries: org.apache.ratis.thirdparty.io.grpc.StatusRuntimeException: UNAVAILABLE: io exception
2021-01-15 07:28:43,742 [grpc-default-executor-0] WARN  server.GrpcLogAppender (GrpcLogAppender.java:resetClient(111)) - omNode-2@group-523986131536->omNode-3-GrpcLogAppender: Leader has not got in touch with Follower omNode-2@group-523986131536->omNode-3(c-1,m0,n13, attendVote=true, lastRpcSendTime=7, lastRpcResponseTime=19059) yet, just keep nextIndex unchanged and retry.
2021-01-15 07:28:43,848 [grpc-default-executor-0] WARN  server.GrpcLogAppender (LogUtils.java:warn(122)) - omNode-2@group-523986131536->omNode-3-AppendLogResponseHandler: Failed appendEntries: org.apache.ratis.thirdparty.io.grpc.StatusRuntimeException: UNAVAILABLE: io exception
2021-01-15 07:28:43,849 [grpc-default-executor-0] WARN  server.GrpcLogAppender (GrpcLogAppender.java:resetClient(111)) - omNode-2@group-523986131536->omNode-3-GrpcLogAppender: Leader has not got in touch with Follower omNode-2@group-523986131536->omNode-3(c-1,m0,n14, attendVote=true, lastRpcSendTime=0, lastRpcResponseTime=19166) yet, just keep nextIndex unchanged and retry.
2021-01-15 07:28:43,855 [grpc-default-executor-0] WARN  server.GrpcLogAppender (LogUtils.java:warn(122)) - omNode-2@group-523986131536->omNode-3-AppendLogResponseHandler: Failed appendEntries: org.apache.ratis.thirdparty.io.grpc.StatusRuntimeException: UNAVAILABLE: io exception
2021-01-15 07:28:43,856 [grpc-default-executor-0] WARN  server.GrpcLogAppender (GrpcLogAppender.java:resetClient(111)) - omNode-2@group-523986131536->omNode-3-GrpcLogAppender: Leader has not got in touch with Follower omNode-2@group-523986131536->omNode-3(c-1,m0,n15, attendVote=true, lastRpcSendTime=7, lastRpcResponseTime=19173) yet, just keep nextIndex unchanged and retry.
2021-01-15 07:28:43,877 [grpc-default-executor-1] WARN  server.GrpcLogAppender (LogUtils.java:warn(122)) - omNode-2@group-523986131536->omNode-3-AppendLogResponseHandler: Failed appendEntries: org.apache.ratis.thirdparty.io.grpc.StatusRuntimeException: UNAVAILABLE: io exception
2021-01-15 07:28:43,877 [grpc-default-executor-1] WARN  server.GrpcLogAppender (GrpcLogAppender.java:resetClient(111)) - omNode-2@group-523986131536->omNode-3-GrpcLogAppender: Leader has not got in touch with Follower omNode-2@group-523986131536->omNode-3(c-1,m0,n16, attendVote=true, lastRpcSendTime=0, lastRpcResponseTime=19195) yet, just keep nextIndex unchanged and retry.
2021-01-15 07:28:43,880 [grpc-default-executor-1] WARN  server.GrpcLogAppender (LogUtils.java:warn(122)) - omNode-2@group-523986131536->omNode-3-AppendLogResponseHandler: Failed appendEntries: org.apache.ratis.thirdparty.io.grpc.StatusRuntimeException: UNAVAILABLE: io exception
2021-01-15 07:28:43,880 [grpc-default-executor-1] WARN  server.GrpcLogAppender (GrpcLogAppender.java:resetClient(111)) - omNode-2@group-523986131536->omNode-3-GrpcLogAppender: Leader has not got in touch with Follower omNode-2@group-523986131536->omNode-3(c-1,m0,n17, attendVote=true, lastRpcSendTime=3, lastRpcResponseTime=19197) yet, just keep nextIndex unchanged and retry.
2021-01-15 07:28:43,985 [grpc-default-executor-1] WARN  server.GrpcLogAppender (LogUtils.java:warn(122)) - omNode-2@group-523986131536->omNode-3-AppendLogResponseHandler: Failed appendEntries: org.apache.ratis.thirdparty.io.grpc.StatusRuntimeException: UNAVAILABLE: io exception
2021-01-15 07:28:43,986 [grpc-default-executor-1] WARN  server.GrpcLogAppender (GrpcLogAppender.java:resetClient(111)) - omNode-2@group-523986131536->omNode-3-GrpcLogAppender: Leader has not got in touch with Follower omNode-2@group-523986131536->omNode-3(c-1,m0,n18, attendVote=true, lastRpcSendTime=0, lastRpcResponseTime=19303) yet, just keep nextIndex unchanged and retry.
2021-01-15 07:28:43,991 [grpc-default-executor-1] WARN  server.GrpcLogAppender (LogUtils.java:warn(122)) - omNode-2@group-523986131536->omNode-3-AppendLogResponseHandler: Failed appendEntries: org.apache.ratis.thirdparty.io.grpc.StatusRuntimeException: UNAVAILABLE: io exception
2021-01-15 07:28:43,991 [grpc-default-executor-1] WARN  server.GrpcLogAppender (GrpcLogAppender.java:resetClient(111)) - omNode-2@group-523986131536->omNode-3-GrpcLogAppender: Leader has not got in touch with Follower omNode-2@group-523986131536->omNode-3(c-1,m0,n19, attendVote=true, lastRpcSendTime=1, lastRpcResponseTime=19308) yet, just keep nextIndex unchanged and retry.
2021-01-15 07:28:44,018 [grpc-default-executor-1] WARN  server.GrpcLogAppender (LogUtils.java:warn(122)) - omNode-2@group-523986131536->omNode-3-AppendLogResponseHandler: Failed appendEntries: org.apache.ratis.thirdparty.io.grpc.StatusRuntimeException: UNAVAILABLE: io exception
2021-01-15 07:28:44,019 [grpc-default-executor-1] WARN  server.GrpcLogAppender (GrpcLogAppender.java:resetClient(111)) - omNode-2@group-523986131536->omNode-3-GrpcLogAppender: Leader has not got in touch with Follower omNode-2@group-523986131536->omNode-3(c-1,m0,n20, attendVote=true, lastRpcSendTime=0, lastRpcResponseTime=19336) yet, just keep nextIndex unchanged and retry.
2021-01-15 07:28:44,023 [grpc-default-executor-1] WARN  server.GrpcLogAppender (LogUtils.java:warn(122)) - omNode-2@group-523986131536->omNode-3-AppendLogResponseHandler: Failed appendEntries: org.apache.ratis.thirdparty.io.grpc.StatusRuntimeException: UNAVAILABLE: io exception
2021-01-15 07:28:44,023 [grpc-default-executor-1] WARN  server.GrpcLogAppender (GrpcLogAppender.java:resetClient(111)) - omNode-2@group-523986131536->omNode-3-GrpcLogAppender: Leader has not got in touch with Follower omNode-2@group-523986131536->omNode-3(c-1,m0,n21, attendVote=true, lastRpcSendTime=0, lastRpcResponseTime=19340) yet, just keep nextIndex unchanged and retry.
2021-01-15 07:28:44,128 [grpc-default-executor-1] WARN  server.GrpcLogAppender (LogUtils.java:warn(122)) - omNode-2@group-523986131536->omNode-3-AppendLogResponseHandler: Failed appendEntries: org.apache.ratis.thirdparty.io.grpc.StatusRuntimeException: UNAVAILABLE: io exception
2021-01-15 07:28:44,128 [grpc-default-executor-1] WARN  server.GrpcLogAppender (GrpcLogAppender.java:resetClient(111)) - omNode-2@group-523986131536->omNode-3-GrpcLogAppender: Leader has not got in touch with Follower omNode-2@group-523986131536->omNode-3(c-1,m0,n22, attendVote=true, lastRpcSendTime=0, lastRpcResponseTime=19446) yet, just keep nextIndex unchanged and retry.
2021-01-15 07:28:44,133 [grpc-default-executor-1] WARN  server.GrpcLogAppender (LogUtils.java:warn(122)) - omNode-2@group-523986131536->omNode-3-AppendLogResponseHandler: Failed appendEntries: org.apache.ratis.thirdparty.io.grpc.StatusRuntimeException: UNAVAILABLE: io exception
2021-01-15 07:28:44,134 [grpc-default-executor-1] WARN  server.GrpcLogAppender (GrpcLogAppender.java:resetClient(111)) - omNode-2@group-523986131536->omNode-3-GrpcLogAppender: Leader has not got in touch with Follower omNode-2@group-523986131536->omNode-3(c-1,m0,n23, attendVote=true, lastRpcSendTime=0, lastRpcResponseTime=19451) yet, just keep nextIndex unchanged and retry.
2021-01-15 07:28:44,159 [grpc-default-executor-1] WARN  server.GrpcLogAppender (LogUtils.java:warn(122)) - omNode-2@group-523986131536->omNode-3-AppendLogResponseHandler: Failed appendEntries: org.apache.ratis.thirdparty.io.grpc.StatusRuntimeException: UNAVAILABLE: io exception
2021-01-15 07:28:44,159 [grpc-default-executor-1] WARN  server.GrpcLogAppender (GrpcLogAppender.java:resetClient(111)) - omNode-2@group-523986131536->omNode-3-GrpcLogAppender: Leader has not got in touch with Follower omNode-2@group-523986131536->omNode-3(c-1,m0,n24, attendVote=true, lastRpcSendTime=26, lastRpcResponseTime=19476) yet, just keep nextIndex unchanged and retry.
2021-01-15 07:28:44,169 [grpc-default-executor-1] WARN  server.GrpcLogAppender (LogUtils.java:warn(122)) - omNode-2@group-523986131536->omNode-3-AppendLogResponseHandler: Failed appendEntries: org.apache.ratis.thirdparty.io.grpc.StatusRuntimeException: UNAVAILABLE: io exception
2021-01-15 07:28:44,169 [grpc-default-executor-1] WARN  server.GrpcLogAppender (GrpcLogAppender.java:resetClient(111)) - omNode-2@group-523986131536->omNode-3-GrpcLogAppender: Leader has not got in touch with Follower omNode-2@group-523986131536->omNode-3(c-1,m0,n25, attendVote=true, lastRpcSendTime=9, lastRpcResponseTime=19486) yet, just keep nextIndex unchanged and retry.
2021-01-15 07:28:44,275 [grpc-default-executor-1] WARN  server.GrpcLogAppender (LogUtils.java:warn(122)) - omNode-2@group-523986131536->omNode-3-AppendLogResponseHandler: Failed appendEntries: org.apache.ratis.thirdparty.io.grpc.StatusRuntimeException: UNAVAILABLE: io exception
2021-01-15 07:28:44,276 [grpc-default-executor-1] WARN  server.GrpcLogAppender (GrpcLogAppender.java:resetClient(111)) - omNode-2@group-523986131536->omNode-3-GrpcLogAppender: Leader has not got in touch with Follower omNode-2@group-523986131536->omNode-3(c-1,m0,n26, attendVote=true, lastRpcSendTime=0, lastRpcResponseTime=19593) yet, just keep nextIndex unchanged and retry.
2021-01-15 07:28:44,282 [grpc-default-executor-0] WARN  server.GrpcLogAppender (LogUtils.java:warn(122)) - omNode-2@group-523986131536->omNode-3-AppendLogResponseHandler: Failed appendEntries: org.apache.ratis.thirdparty.io.grpc.StatusRuntimeException: UNAVAILABLE: io exception
2021-01-15 07:28:44,283 [grpc-default-executor-0] WARN  server.GrpcLogAppender (GrpcLogAppender.java:resetClient(111)) - omNode-2@group-523986131536->omNode-3-GrpcLogAppender: Leader has not got in touch with Follower omNode-2@group-523986131536->omNode-3(c-1,m0,n27, attendVote=true, lastRpcSendTime=1, lastRpcResponseTime=19600) yet, just keep nextIndex unchanged and retry.
2021-01-15 07:28:44,315 [grpc-default-executor-0] WARN  server.GrpcLogAppender (LogUtils.java:warn(122)) - omNode-2@group-523986131536->omNode-3-AppendLogResponseHandler: Failed appendEntries: org.apache.ratis.thirdparty.io.grpc.StatusRuntimeException: UNAVAILABLE: io exception
2021-01-15 07:28:44,315 [grpc-default-executor-0] WARN  server.GrpcLogAppender (GrpcLogAppender.java:resetClient(111)) - omNode-2@group-523986131536->omNode-3-GrpcLogAppender: Leader has not got in touch with Follower omNode-2@group-523986131536->omNode-3(c-1,m0,n28, attendVote=true, lastRpcSendTime=0, lastRpcResponseTime=19633) yet, just keep nextIndex unchanged and retry.
2021-01-15 07:28:44,324 [grpc-default-executor-0] WARN  server.GrpcLogAppender (LogUtils.java:warn(122)) - omNode-2@group-523986131536->omNode-3-AppendLogResponseHandler: Failed appendEntries: org.apache.ratis.thirdparty.io.grpc.StatusRuntimeException: UNAVAILABLE: io exception
2021-01-15 07:28:44,325 [grpc-default-executor-0] WARN  server.GrpcLogAppender (GrpcLogAppender.java:resetClient(111)) - omNode-2@group-523986131536->omNode-3-GrpcLogAppender: Leader has not got in touch with Follower omNode-2@group-523986131536->omNode-3(c-1,m0,n29, attendVote=true, lastRpcSendTime=10, lastRpcResponseTime=19642) yet, just keep nextIndex unchanged and retry.
2021-01-15 07:28:44,429 [grpc-default-executor-0] WARN  server.GrpcLogAppender (LogUtils.java:warn(122)) - omNode-2@group-523986131536->omNode-3-AppendLogResponseHandler: Failed appendEntries: org.apache.ratis.thirdparty.io.grpc.StatusRuntimeException: UNAVAILABLE: io exception
2021-01-15 07:28:44,430 [grpc-default-executor-0] WARN  server.GrpcLogAppender (GrpcLogAppender.java:resetClient(111)) - omNode-2@group-523986131536->omNode-3-GrpcLogAppender: Leader has not got in touch with Follower omNode-2@group-523986131536->omNode-3(c-1,m0,n30, attendVote=true, lastRpcSendTime=0, lastRpcResponseTime=19747) yet, just keep nextIndex unchanged and retry.
2021-01-15 07:28:44,436 [grpc-default-executor-0] WARN  server.GrpcLogAppender (LogUtils.java:warn(122)) - omNode-2@group-523986131536->omNode-3-AppendLogResponseHandler: Failed appendEntries: org.apache.ratis.thirdparty.io.grpc.StatusRuntimeException: UNAVAILABLE: io exception
2021-01-15 07:28:44,436 [grpc-default-executor-0] WARN  server.GrpcLogAppender (GrpcLogAppender.java:resetClient(111)) - omNode-2@group-523986131536->omNode-3-GrpcLogAppender: Leader has not got in touch with Follower omNode-2@group-523986131536->omNode-3(c-1,m0,n31, attendVote=true, lastRpcSendTime=1, lastRpcResponseTime=19753) yet, just keep nextIndex unchanged and retry.
2021-01-15 07:28:44,458 [grpc-default-executor-1] WARN  server.GrpcLogAppender (LogUtils.java:warn(122)) - omNode-2@group-523986131536->omNode-3-AppendLogResponseHandler: Failed appendEntries: org.apache.ratis.thirdparty.io.grpc.StatusRuntimeException: UNAVAILABLE: io exception
2021-01-15 07:28:44,458 [grpc-default-executor-1] WARN  server.GrpcLogAppender (GrpcLogAppender.java:resetClient(111)) - omNode-2@group-523986131536->omNode-3-GrpcLogAppender: Leader has not got in touch with Follower omNode-2@group-523986131536->omNode-3(c-1,m0,n32, attendVote=true, lastRpcSendTime=23, lastRpcResponseTime=19775) yet, just keep nextIndex unchanged and retry.
2021-01-15 07:28:44,473 [grpc-default-executor-2] WARN  server.GrpcLogAppender (LogUtils.java:warn(122)) - omNode-2@group-523986131536->omNode-3-AppendLogResponseHandler: Failed appendEntries: org.apache.ratis.thirdparty.io.grpc.StatusRuntimeException: UNAVAILABLE: io exception
2021-01-15 07:28:44,474 [grpc-default-executor-2] WARN  server.GrpcLogAppender (GrpcLogAppender.java:resetClient(111)) - omNode-2@group-523986131536->omNode-3-GrpcLogAppender: Leader has not got in touch with Follower omNode-2@group-523986131536->omNode-3(c-1,m0,n33, attendVote=true, lastRpcSendTime=14, lastRpcResponseTime=19791) yet, just keep nextIndex unchanged and retry.
2021-01-15 07:28:44,577 [grpc-default-executor-1] WARN  server.GrpcLogAppender (LogUtils.java:warn(122)) - omNode-2@group-523986131536->omNode-3-AppendLogResponseHandler: Failed appendEntries: org.apache.ratis.thirdparty.io.grpc.StatusRuntimeException: UNAVAILABLE: io exception
2021-01-15 07:28:44,578 [grpc-default-executor-1] WARN  server.GrpcLogAppender (GrpcLogAppender.java:resetClient(111)) - omNode-2@group-523986131536->omNode-3-GrpcLogAppender: Leader has not got in touch with Follower omNode-2@group-523986131536->omNode-3(c-1,m0,n34, attendVote=true, lastRpcSendTime=103, lastRpcResponseTime=19895) yet, just keep nextIndex unchanged and retry.
2021-01-15 07:28:44,584 [grpc-default-executor-1] WARN  server.GrpcLogAppender (LogUtils.java:warn(122)) - omNode-2@group-523986131536->omNode-3-AppendLogResponseHandler: Failed appendEntries: org.apache.ratis.thirdparty.io.grpc.StatusRuntimeException: UNAVAILABLE: io exception
2021-01-15 07:28:44,584 [grpc-default-executor-1] WARN  server.GrpcLogAppender (GrpcLogAppender.java:resetClient(111)) - omNode-2@group-523986131536->omNode-3-GrpcLogAppender: Leader has not got in touch with Follower omNode-2@group-523986131536->omNode-3(c-1,m0,n35, attendVote=true, lastRpcSendTime=0, lastRpcResponseTime=19901) yet, just keep nextIndex unchanged and retry.
2021-01-15 07:28:44,607 [grpc-default-executor-2] WARN  server.GrpcLogAppender (LogUtils.java:warn(122)) - omNode-2@group-523986131536->omNode-3-AppendLogResponseHandler: Failed appendEntries: org.apache.ratis.thirdparty.io.grpc.StatusRuntimeException: UNAVAILABLE: io exception
2021-01-15 07:28:44,608 [grpc-default-executor-2] WARN  server.GrpcLogAppender (GrpcLogAppender.java:resetClient(111)) - omNode-2@group-523986131536->omNode-3-GrpcLogAppender: Leader has not got in touch with Follower omNode-2@group-523986131536->omNode-3(c-1,m0,n36, attendVote=true, lastRpcSendTime=23, lastRpcResponseTime=19925) yet, just keep nextIndex unchanged and retry.
2021-01-15 07:28:44,619 [grpc-default-executor-2] WARN  server.GrpcLogAppender (LogUtils.java:warn(122)) - omNode-2@group-523986131536->omNode-3-AppendLogResponseHandler: Failed appendEntries: org.apache.ratis.thirdparty.io.grpc.StatusRuntimeException: UNAVAILABLE: io exception
2021-01-15 07:28:44,619 [grpc-default-executor-2] WARN  server.GrpcLogAppender (GrpcLogAppender.java:resetClient(111)) - omNode-2@group-523986131536->omNode-3-GrpcLogAppender: Leader has not got in touch with Follower omNode-2@group-523986131536->omNode-3(c-1,m0,n37, attendVote=true, lastRpcSendTime=10, lastRpcResponseTime=19937) yet, just keep nextIndex unchanged and retry.
2021-01-15 07:28:44,722 [grpc-default-executor-2] WARN  server.GrpcLogAppender (LogUtils.java:warn(122)) - omNode-2@group-523986131536->omNode-3-AppendLogResponseHandler: Failed appendEntries: org.apache.ratis.thirdparty.io.grpc.StatusRuntimeException: UNAVAILABLE: io exception
2021-01-15 07:28:44,723 [grpc-default-executor-2] WARN  server.GrpcLogAppender (GrpcLogAppender.java:resetClient(111)) - omNode-2@group-523986131536->omNode-3-GrpcLogAppender: Leader has not got in touch with Follower omNode-2@group-523986131536->omNode-3(c-1,m0,n38, attendVote=true, lastRpcSendTime=102, lastRpcResponseTime=20040) yet, just keep nextIndex unchanged and retry.
2021-01-15 07:28:44,739 [grpc-default-executor-2] WARN  server.GrpcLogAppender (LogUtils.java:warn(122)) - omNode-2@group-523986131536->omNode-3-AppendLogResponseHandler: Failed appendEntries: org.apache.ratis.thirdparty.io.grpc.StatusRuntimeException: UNAVAILABLE: io exception
2021-01-15 07:28:44,740 [grpc-default-executor-2] WARN  server.GrpcLogAppender (GrpcLogAppender.java:resetClient(111)) - omNode-2@group-523986131536->omNode-3-GrpcLogAppender: Leader has not got in touch with Follower omNode-2@group-523986131536->omNode-3(c-1,m0,n39, attendVote=true, lastRpcSendTime=0, lastRpcResponseTime=20057) yet, just keep nextIndex unchanged and retry.
2021-01-15 07:28:44,746 [EventQueue-Delayed safe mode statusForReplicationManager] INFO  container.ReplicationManager (ReplicationManager.java:start(186)) - Starting Replication Monitor Thread.
2021-01-15 07:28:44,750 [ReplicationMonitor] INFO  container.ReplicationManager (ReplicationManager.java:run(250)) - Replication Monitor Thread took 2 milliseconds for processing 2 containers.
2021-01-15 07:28:44,764 [grpc-default-executor-0] WARN  server.GrpcLogAppender (LogUtils.java:warn(122)) - omNode-2@group-523986131536->omNode-3-AppendLogResponseHandler: Failed appendEntries: org.apache.ratis.thirdparty.io.grpc.StatusRuntimeException: UNAVAILABLE: io exception
2021-01-15 07:28:44,766 [grpc-default-executor-0] WARN  server.GrpcLogAppender (GrpcLogAppender.java:resetClient(111)) - omNode-2@group-523986131536->omNode-3-GrpcLogAppender: Leader has not got in touch with Follower omNode-2@group-523986131536->omNode-3(c-1,m0,n40, attendVote=true, lastRpcSendTime=26, lastRpcResponseTime=20083) yet, just keep nextIndex unchanged and retry.
2021-01-15 07:28:44,779 [grpc-default-executor-0] WARN  server.GrpcLogAppender (LogUtils.java:warn(122)) - omNode-2@group-523986131536->omNode-3-AppendLogResponseHandler: Failed appendEntries: org.apache.ratis.thirdparty.io.grpc.StatusRuntimeException: UNAVAILABLE: io exception
2021-01-15 07:28:44,779 [grpc-default-executor-0] WARN  server.GrpcLogAppender (GrpcLogAppender.java:resetClient(111)) - omNode-2@group-523986131536->omNode-3-GrpcLogAppender: Leader has not got in touch with Follower omNode-2@group-523986131536->omNode-3(c-1,m0,n41, attendVote=true, lastRpcSendTime=1, lastRpcResponseTime=20096) yet, just keep nextIndex unchanged and retry.
2021-01-15 07:28:44,881 [grpc-default-executor-0] WARN  server.GrpcLogAppender (LogUtils.java:warn(122)) - omNode-2@group-523986131536->omNode-3-AppendLogResponseHandler: Failed appendEntries: org.apache.ratis.thirdparty.io.grpc.StatusRuntimeException: UNAVAILABLE: io exception
2021-01-15 07:28:44,882 [grpc-default-executor-0] WARN  server.GrpcLogAppender (GrpcLogAppender.java:resetClient(111)) - omNode-2@group-523986131536->omNode-3-GrpcLogAppender: Leader has not got in touch with Follower omNode-2@group-523986131536->omNode-3(c-1,m0,n42, attendVote=true, lastRpcSendTime=0, lastRpcResponseTime=20199) yet, just keep nextIndex unchanged and retry.
2021-01-15 07:28:44,887 [grpc-default-executor-1] WARN  server.GrpcLogAppender (LogUtils.java:warn(122)) - omNode-2@group-523986131536->omNode-3-AppendLogResponseHandler: Failed appendEntries: org.apache.ratis.thirdparty.io.grpc.StatusRuntimeException: UNAVAILABLE: io exception
2021-01-15 07:28:44,888 [grpc-default-executor-1] WARN  server.GrpcLogAppender (GrpcLogAppender.java:resetClient(111)) - omNode-2@group-523986131536->omNode-3-GrpcLogAppender: Leader has not got in touch with Follower omNode-2@group-523986131536->omNode-3(c-1,m0,n43, attendVote=true, lastRpcSendTime=0, lastRpcResponseTime=20205) yet, just keep nextIndex unchanged and retry.
2021-01-15 07:28:44,901 [grpc-default-executor-0] WARN  server.GrpcLogAppender (LogUtils.java:warn(122)) - omNode-2@group-523986131536->omNode-3-AppendLogResponseHandler: Failed appendEntries: org.apache.ratis.thirdparty.io.grpc.StatusRuntimeException: UNAVAILABLE: io exception
2021-01-15 07:28:44,901 [grpc-default-executor-0] WARN  server.GrpcLogAppender (GrpcLogAppender.java:resetClient(111)) - omNode-2@group-523986131536->omNode-3-GrpcLogAppender: Leader has not got in touch with Follower omNode-2@group-523986131536->omNode-3(c-1,m0,n44, attendVote=true, lastRpcSendTime=0, lastRpcResponseTime=20218) yet, just keep nextIndex unchanged and retry.
2021-01-15 07:28:44,913 [grpc-default-executor-0] WARN  server.GrpcLogAppender (LogUtils.java:warn(122)) - omNode-2@group-523986131536->omNode-3-AppendLogResponseHandler: Failed appendEntries: org.apache.ratis.thirdparty.io.grpc.StatusRuntimeException: UNAVAILABLE: io exception
2021-01-15 07:28:44,913 [grpc-default-executor-0] WARN  server.GrpcLogAppender (GrpcLogAppender.java:resetClient(111)) - omNode-2@group-523986131536->omNode-3-GrpcLogAppender: Leader has not got in touch with Follower omNode-2@group-523986131536->omNode-3(c-1,m0,n45, attendVote=true, lastRpcSendTime=1, lastRpcResponseTime=20230) yet, just keep nextIndex unchanged and retry.
2021-01-15 07:28:45,017 [grpc-default-executor-0] WARN  server.GrpcLogAppender (LogUtils.java:warn(122)) - omNode-2@group-523986131536->omNode-3-AppendLogResponseHandler: Failed appendEntries: org.apache.ratis.thirdparty.io.grpc.StatusRuntimeException: UNAVAILABLE: io exception
2021-01-15 07:28:45,018 [grpc-default-executor-0] WARN  server.GrpcLogAppender (GrpcLogAppender.java:resetClient(111)) - omNode-2@group-523986131536->omNode-3-GrpcLogAppender: Leader has not got in touch with Follower omNode-2@group-523986131536->omNode-3(c-1,m0,n46, attendVote=true, lastRpcSendTime=0, lastRpcResponseTime=20335) yet, just keep nextIndex unchanged and retry.
2021-01-15 07:28:45,023 [grpc-default-executor-0] WARN  server.GrpcLogAppender (LogUtils.java:warn(122)) - omNode-2@group-523986131536->omNode-3-AppendLogResponseHandler: Failed appendEntries: org.apache.ratis.thirdparty.io.grpc.StatusRuntimeException: UNAVAILABLE: io exception
2021-01-15 07:28:45,024 [grpc-default-executor-0] WARN  server.GrpcLogAppender (GrpcLogAppender.java:resetClient(111)) - omNode-2@group-523986131536->omNode-3-GrpcLogAppender: Leader has not got in touch with Follower omNode-2@group-523986131536->omNode-3(c-1,m0,n47, attendVote=true, lastRpcSendTime=0, lastRpcResponseTime=20341) yet, just keep nextIndex unchanged and retry.
2021-01-15 07:28:45,037 [grpc-default-executor-0] WARN  server.GrpcLogAppender (LogUtils.java:warn(122)) - omNode-2@group-523986131536->omNode-3-AppendLogResponseHandler: Failed appendEntries: org.apache.ratis.thirdparty.io.grpc.StatusRuntimeException: UNAVAILABLE: io exception
2021-01-15 07:28:45,037 [grpc-default-executor-0] WARN  server.GrpcLogAppender (GrpcLogAppender.java:resetClient(111)) - omNode-2@group-523986131536->omNode-3-GrpcLogAppender: Leader has not got in touch with Follower omNode-2@group-523986131536->omNode-3(c-1,m0,n48, attendVote=true, lastRpcSendTime=0, lastRpcResponseTime=20355) yet, just keep nextIndex unchanged and retry.
2021-01-15 07:28:45,043 [grpc-default-executor-2] WARN  server.GrpcLogAppender (LogUtils.java:warn(122)) - omNode-2@group-523986131536->omNode-3-AppendLogResponseHandler: Failed appendEntries: org.apache.ratis.thirdparty.io.grpc.StatusRuntimeException: UNAVAILABLE: io exception
2021-01-15 07:28:45,043 [grpc-default-executor-2] WARN  server.GrpcLogAppender (GrpcLogAppender.java:resetClient(111)) - omNode-2@group-523986131536->omNode-3-GrpcLogAppender: Leader has not got in touch with Follower omNode-2@group-523986131536->omNode-3(c-1,m0,n49, attendVote=true, lastRpcSendTime=0, lastRpcResponseTime=20360) yet, just keep nextIndex unchanged and retry.
2021-01-15 07:28:45,145 [grpc-default-executor-2] WARN  server.GrpcLogAppender (LogUtils.java:warn(122)) - omNode-2@group-523986131536->omNode-3-AppendLogResponseHandler: Failed appendEntries: org.apache.ratis.thirdparty.io.grpc.StatusRuntimeException: UNAVAILABLE: io exception
2021-01-15 07:28:45,146 [grpc-default-executor-2] WARN  server.GrpcLogAppender (GrpcLogAppender.java:resetClient(111)) - omNode-2@group-523986131536->omNode-3-GrpcLogAppender: Leader has not got in touch with Follower omNode-2@group-523986131536->omNode-3(c-1,m0,n50, attendVote=true, lastRpcSendTime=1, lastRpcResponseTime=20463) yet, just keep nextIndex unchanged and retry.
2021-01-15 07:28:45,151 [grpc-default-executor-0] WARN  server.GrpcLogAppender (LogUtils.java:warn(122)) - omNode-2@group-523986131536->omNode-3-AppendLogResponseHandler: Failed appendEntries: org.apache.ratis.thirdparty.io.grpc.StatusRuntimeException: UNAVAILABLE: io exception
2021-01-15 07:28:45,151 [grpc-default-executor-0] WARN  server.GrpcLogAppender (GrpcLogAppender.java:resetClient(111)) - omNode-2@group-523986131536->omNode-3-GrpcLogAppender: Leader has not got in touch with Follower omNode-2@group-523986131536->omNode-3(c-1,m0,n51, attendVote=true, lastRpcSendTime=0, lastRpcResponseTime=20468) yet, just keep nextIndex unchanged and retry.
2021-01-15 07:28:45,153 [omNode-2@group-523986131536-StateMachineUpdater] INFO  ratis.OzoneManagerStateMachine (OzoneManagerStateMachine.java:takeSnapshot(345)) - Current Snapshot Index (t:2, i:49)
2021-01-15 07:28:45,154 [omNode-2@group-523986131536-StateMachineUpdater] INFO  impl.StateMachineUpdater (StateMachineUpdater.java:takeSnapshot(279)) - omNode-2@group-523986131536-StateMachineUpdater: Took a snapshot at index 49
2021-01-15 07:28:45,154 [omNode-2@group-523986131536-StateMachineUpdater] INFO  impl.StateMachineUpdater (StateMachineUpdater.java:lambda$new$0(88)) - omNode-2@group-523986131536-StateMachineUpdater: snapshotIndex: updateIncreasingly -1 -> 49
2021-01-15 07:28:45,154 [omNode-2@group-523986131536-StateMachineUpdater] INFO  raftlog.RaftLog (RaftLogBase.java:purge(306)) - omNode-2@group-523986131536-SegmentedRaftLog: purge 49
2021-01-15 07:28:45,157 [omNode-2@group-523986131536-StateMachineUpdater] INFO  raftlog.RaftLog (RaftLogBase.java:lambda$new$0(53)) - omNode-2@group-523986131536-SegmentedRaftLog: snapshotIndex: updateIncreasingly -1 -> 49
2021-01-15 07:28:45,157 [omNode-2@group-523986131536-StateMachineUpdater] INFO  raftlog.RaftLog (RaftLogBase.java:lambda$new$0(53)) - omNode-2@group-523986131536-SegmentedRaftLog: purgeIndex: updateToMax old=-1, new=49, updated? true
2021-01-15 07:28:45,172 [omNode-1@group-523986131536-StateMachineUpdater] INFO  ratis.OzoneManagerStateMachine (OzoneManagerStateMachine.java:takeSnapshot(345)) - Current Snapshot Index (t:2, i:49)
2021-01-15 07:28:45,173 [omNode-1@group-523986131536-StateMachineUpdater] INFO  impl.StateMachineUpdater (StateMachineUpdater.java:takeSnapshot(279)) - omNode-1@group-523986131536-StateMachineUpdater: Took a snapshot at index 49
2021-01-15 07:28:45,173 [omNode-1@group-523986131536-StateMachineUpdater] INFO  impl.StateMachineUpdater (StateMachineUpdater.java:lambda$new$0(88)) - omNode-1@group-523986131536-StateMachineUpdater: snapshotIndex: updateIncreasingly -1 -> 49
2021-01-15 07:28:45,173 [omNode-1@group-523986131536-StateMachineUpdater] INFO  raftlog.RaftLog (RaftLogBase.java:purge(306)) - omNode-1@group-523986131536-SegmentedRaftLog: purge 49
2021-01-15 07:28:45,173 [omNode-1@group-523986131536-StateMachineUpdater] INFO  raftlog.RaftLog (RaftLogBase.java:lambda$new$0(53)) - omNode-1@group-523986131536-SegmentedRaftLog: snapshotIndex: updateIncreasingly -1 -> 49
2021-01-15 07:28:45,173 [omNode-1@group-523986131536-StateMachineUpdater] INFO  raftlog.RaftLog (RaftLogBase.java:lambda$new$0(53)) - omNode-1@group-523986131536-SegmentedRaftLog: purgeIndex: updateToMax old=-1, new=49, updated? true
2021-01-15 07:28:45,185 [grpc-default-executor-2] WARN  server.GrpcLogAppender (LogUtils.java:warn(122)) - omNode-2@group-523986131536->omNode-3-AppendLogResponseHandler: Failed appendEntries: org.apache.ratis.thirdparty.io.grpc.StatusRuntimeException: UNAVAILABLE: io exception
2021-01-15 07:28:45,185 [grpc-default-executor-2] WARN  server.GrpcLogAppender (GrpcLogAppender.java:resetClient(111)) - omNode-2@group-523986131536->omNode-3-GrpcLogAppender: Leader has not got in touch with Follower omNode-2@group-523986131536->omNode-3(c-1,m0,n52, attendVote=true, lastRpcSendTime=34, lastRpcResponseTime=20503) yet, just keep nextIndex unchanged and retry.
2021-01-15 07:28:45,190 [grpc-default-executor-2] WARN  server.GrpcLogAppender (LogUtils.java:warn(122)) - omNode-2@group-523986131536->omNode-3-AppendLogResponseHandler: Failed appendEntries: org.apache.ratis.thirdparty.io.grpc.StatusRuntimeException: UNAVAILABLE: io exception
2021-01-15 07:28:45,190 [grpc-default-executor-2] WARN  server.GrpcLogAppender (GrpcLogAppender.java:resetClient(111)) - omNode-2@group-523986131536->omNode-3-GrpcLogAppender: Leader has not got in touch with Follower omNode-2@group-523986131536->omNode-3(c-1,m0,n53, attendVote=true, lastRpcSendTime=4, lastRpcResponseTime=20507) yet, just keep nextIndex unchanged and retry.
2021-01-15 07:28:45,296 [grpc-default-executor-2] WARN  server.GrpcLogAppender (LogUtils.java:warn(122)) - omNode-2@group-523986131536->omNode-3-AppendLogResponseHandler: Failed appendEntries: org.apache.ratis.thirdparty.io.grpc.StatusRuntimeException: UNAVAILABLE: io exception
2021-01-15 07:28:45,297 [grpc-default-executor-2] WARN  server.GrpcLogAppender (GrpcLogAppender.java:resetClient(111)) - omNode-2@group-523986131536->omNode-3-GrpcLogAppender: Leader has not got in touch with Follower omNode-2@group-523986131536->omNode-3(c-1,m0,n54, attendVote=true, lastRpcSendTime=0, lastRpcResponseTime=20614) yet, just keep nextIndex unchanged and retry.
2021-01-15 07:28:45,304 [grpc-default-executor-2] WARN  server.GrpcLogAppender (LogUtils.java:warn(122)) - omNode-2@group-523986131536->omNode-3-AppendLogResponseHandler: Failed appendEntries: org.apache.ratis.thirdparty.io.grpc.StatusRuntimeException: UNAVAILABLE: io exception
2021-01-15 07:28:45,304 [grpc-default-executor-2] WARN  server.GrpcLogAppender (GrpcLogAppender.java:resetClient(111)) - omNode-2@group-523986131536->omNode-3-GrpcLogAppender: Leader has not got in touch with Follower omNode-2@group-523986131536->omNode-3(c-1,m0,n55, attendVote=true, lastRpcSendTime=8, lastRpcResponseTime=20622) yet, just keep nextIndex unchanged and retry.
2021-01-15 07:28:45,323 [grpc-default-executor-0] WARN  server.GrpcLogAppender (LogUtils.java:warn(122)) - omNode-2@group-523986131536->omNode-3-AppendLogResponseHandler: Failed appendEntries: org.apache.ratis.thirdparty.io.grpc.StatusRuntimeException: UNAVAILABLE: io exception
2021-01-15 07:28:45,324 [grpc-default-executor-0] WARN  server.GrpcLogAppender (GrpcLogAppender.java:resetClient(111)) - omNode-2@group-523986131536->omNode-3-GrpcLogAppender: Leader has not got in touch with Follower omNode-2@group-523986131536->omNode-3(c-1,m0,n56, attendVote=true, lastRpcSendTime=0, lastRpcResponseTime=20641) yet, just keep nextIndex unchanged and retry.
2021-01-15 07:28:45,329 [grpc-default-executor-0] WARN  server.GrpcLogAppender (LogUtils.java:warn(122)) - omNode-2@group-523986131536->omNode-3-AppendLogResponseHandler: Failed appendEntries: org.apache.ratis.thirdparty.io.grpc.StatusRuntimeException: UNAVAILABLE: io exception
2021-01-15 07:28:45,330 [grpc-default-executor-0] WARN  server.GrpcLogAppender (GrpcLogAppender.java:resetClient(111)) - omNode-2@group-523986131536->omNode-3-GrpcLogAppender: Leader has not got in touch with Follower omNode-2@group-523986131536->omNode-3(c-1,m0,n57, attendVote=true, lastRpcSendTime=0, lastRpcResponseTime=20647) yet, just keep nextIndex unchanged and retry.
2021-01-15 07:28:45,436 [grpc-default-executor-2] WARN  server.GrpcLogAppender (LogUtils.java:warn(122)) - omNode-2@group-523986131536->omNode-3-AppendLogResponseHandler: Failed appendEntries: org.apache.ratis.thirdparty.io.grpc.StatusRuntimeException: UNAVAILABLE: io exception
2021-01-15 07:28:45,436 [grpc-default-executor-2] WARN  server.GrpcLogAppender (GrpcLogAppender.java:resetClient(111)) - omNode-2@group-523986131536->omNode-3-GrpcLogAppender: Leader has not got in touch with Follower omNode-2@group-523986131536->omNode-3(c-1,m0,n58, attendVote=true, lastRpcSendTime=0, lastRpcResponseTime=20754) yet, just keep nextIndex unchanged and retry.
2021-01-15 07:28:45,442 [grpc-default-executor-2] WARN  server.GrpcLogAppender (LogUtils.java:warn(122)) - omNode-2@group-523986131536->omNode-3-AppendLogResponseHandler: Failed appendEntries: org.apache.ratis.thirdparty.io.grpc.StatusRuntimeException: UNAVAILABLE: io exception
2021-01-15 07:28:45,443 [grpc-default-executor-2] WARN  server.GrpcLogAppender (GrpcLogAppender.java:resetClient(111)) - omNode-2@group-523986131536->omNode-3-GrpcLogAppender: Leader has not got in touch with Follower omNode-2@group-523986131536->omNode-3(c-1,m0,n59, attendVote=true, lastRpcSendTime=0, lastRpcResponseTime=20760) yet, just keep nextIndex unchanged and retry.
2021-01-15 07:28:45,471 [grpc-default-executor-2] WARN  server.GrpcLogAppender (LogUtils.java:warn(122)) - omNode-2@group-523986131536->omNode-3-AppendLogResponseHandler: Failed appendEntries: org.apache.ratis.thirdparty.io.grpc.StatusRuntimeException: UNAVAILABLE: io exception
2021-01-15 07:28:45,471 [grpc-default-executor-2] WARN  server.GrpcLogAppender (GrpcLogAppender.java:resetClient(111)) - omNode-2@group-523986131536->omNode-3-GrpcLogAppender: Leader has not got in touch with Follower omNode-2@group-523986131536->omNode-3(c-1,m0,n60, attendVote=true, lastRpcSendTime=0, lastRpcResponseTime=20788) yet, just keep nextIndex unchanged and retry.
2021-01-15 07:28:45,478 [grpc-default-executor-0] WARN  server.GrpcLogAppender (LogUtils.java:warn(122)) - omNode-2@group-523986131536->omNode-3-AppendLogResponseHandler: Failed appendEntries: org.apache.ratis.thirdparty.io.grpc.StatusRuntimeException: UNAVAILABLE: io exception
2021-01-15 07:28:45,478 [grpc-default-executor-0] WARN  server.GrpcLogAppender (GrpcLogAppender.java:resetClient(111)) - omNode-2@group-523986131536->omNode-3-GrpcLogAppender: Leader has not got in touch with Follower omNode-2@group-523986131536->omNode-3(c-1,m0,n61, attendVote=true, lastRpcSendTime=7, lastRpcResponseTime=20795) yet, just keep nextIndex unchanged and retry.
2021-01-15 07:28:45,584 [grpc-default-executor-2] WARN  server.GrpcLogAppender (LogUtils.java:warn(122)) - omNode-2@group-523986131536->omNode-3-AppendLogResponseHandler: Failed appendEntries: org.apache.ratis.thirdparty.io.grpc.StatusRuntimeException: UNAVAILABLE: io exception
2021-01-15 07:28:45,585 [grpc-default-executor-2] WARN  server.GrpcLogAppender (GrpcLogAppender.java:resetClient(111)) - omNode-2@group-523986131536->omNode-3-GrpcLogAppender: Leader has not got in touch with Follower omNode-2@group-523986131536->omNode-3(c-1,m0,n62, attendVote=true, lastRpcSendTime=105, lastRpcResponseTime=20902) yet, just keep nextIndex unchanged and retry.
2021-01-15 07:28:45,588 [grpc-default-executor-2] WARN  server.GrpcLogAppender (LogUtils.java:warn(122)) - omNode-2@group-523986131536->omNode-3-AppendLogResponseHandler: Failed appendEntries: org.apache.ratis.thirdparty.io.grpc.StatusRuntimeException: UNAVAILABLE: io exception
2021-01-15 07:28:45,589 [grpc-default-executor-2] WARN  server.GrpcLogAppender (GrpcLogAppender.java:resetClient(111)) - omNode-2@group-523986131536->omNode-3-GrpcLogAppender: Leader has not got in touch with Follower omNode-2@group-523986131536->omNode-3(c-1,m0,n63, attendVote=true, lastRpcSendTime=3, lastRpcResponseTime=20906) yet, just keep nextIndex unchanged and retry.
2021-01-15 07:28:45,605 [grpc-default-executor-0] WARN  server.GrpcLogAppender (LogUtils.java:warn(122)) - omNode-2@group-523986131536->omNode-3-AppendLogResponseHandler: Failed appendEntries: org.apache.ratis.thirdparty.io.grpc.StatusRuntimeException: UNAVAILABLE: io exception
2021-01-15 07:28:45,605 [grpc-default-executor-0] WARN  server.GrpcLogAppender (GrpcLogAppender.java:resetClient(111)) - omNode-2@group-523986131536->omNode-3-GrpcLogAppender: Leader has not got in touch with Follower omNode-2@group-523986131536->omNode-3(c-1,m0,n64, attendVote=true, lastRpcSendTime=0, lastRpcResponseTime=20922) yet, just keep nextIndex unchanged and retry.
2021-01-15 07:28:45,612 [grpc-default-executor-0] WARN  server.GrpcLogAppender (LogUtils.java:warn(122)) - omNode-2@group-523986131536->omNode-3-AppendLogResponseHandler: Failed appendEntries: org.apache.ratis.thirdparty.io.grpc.StatusRuntimeException: UNAVAILABLE: io exception
2021-01-15 07:28:45,613 [grpc-default-executor-0] WARN  server.GrpcLogAppender (GrpcLogAppender.java:resetClient(111)) - omNode-2@group-523986131536->omNode-3-GrpcLogAppender: Leader has not got in touch with Follower omNode-2@group-523986131536->omNode-3(c-1,m0,n65, attendVote=true, lastRpcSendTime=8, lastRpcResponseTime=20930) yet, just keep nextIndex unchanged and retry.
2021-01-15 07:28:45,719 [grpc-default-executor-0] WARN  server.GrpcLogAppender (LogUtils.java:warn(122)) - omNode-2@group-523986131536->omNode-3-AppendLogResponseHandler: Failed appendEntries: org.apache.ratis.thirdparty.io.grpc.StatusRuntimeException: UNAVAILABLE: io exception
2021-01-15 07:28:45,719 [grpc-default-executor-0] WARN  server.GrpcLogAppender (GrpcLogAppender.java:resetClient(111)) - omNode-2@group-523986131536->omNode-3-GrpcLogAppender: Leader has not got in touch with Follower omNode-2@group-523986131536->omNode-3(c-1,m0,n66, attendVote=true, lastRpcSendTime=106, lastRpcResponseTime=21037) yet, just keep nextIndex unchanged and retry.
2021-01-15 07:28:45,725 [grpc-default-executor-0] WARN  server.GrpcLogAppender (LogUtils.java:warn(122)) - omNode-2@group-523986131536->omNode-3-AppendLogResponseHandler: Failed appendEntries: org.apache.ratis.thirdparty.io.grpc.StatusRuntimeException: UNAVAILABLE: io exception
2021-01-15 07:28:45,726 [grpc-default-executor-0] WARN  server.GrpcLogAppender (GrpcLogAppender.java:resetClient(111)) - omNode-2@group-523986131536->omNode-3-GrpcLogAppender: Leader has not got in touch with Follower omNode-2@group-523986131536->omNode-3(c-1,m0,n67, attendVote=true, lastRpcSendTime=5, lastRpcResponseTime=21043) yet, just keep nextIndex unchanged and retry.
2021-01-15 07:28:45,747 [grpc-default-executor-0] WARN  server.GrpcLogAppender (LogUtils.java:warn(122)) - omNode-2@group-523986131536->omNode-3-AppendLogResponseHandler: Failed appendEntries: org.apache.ratis.thirdparty.io.grpc.StatusRuntimeException: UNAVAILABLE: io exception
2021-01-15 07:28:45,747 [grpc-default-executor-0] WARN  server.GrpcLogAppender (GrpcLogAppender.java:resetClient(111)) - omNode-2@group-523986131536->omNode-3-GrpcLogAppender: Leader has not got in touch with Follower omNode-2@group-523986131536->omNode-3(c-1,m0,n68, attendVote=true, lastRpcSendTime=21, lastRpcResponseTime=21065) yet, just keep nextIndex unchanged and retry.
2021-01-15 07:28:45,750 [grpc-default-executor-0] WARN  server.GrpcLogAppender (LogUtils.java:warn(122)) - omNode-2@group-523986131536->omNode-3-AppendLogResponseHandler: Failed appendEntries: org.apache.ratis.thirdparty.io.grpc.StatusRuntimeException: UNAVAILABLE: io exception
2021-01-15 07:28:45,751 [grpc-default-executor-0] WARN  server.GrpcLogAppender (GrpcLogAppender.java:resetClient(111)) - omNode-2@group-523986131536->omNode-3-GrpcLogAppender: Leader has not got in touch with Follower omNode-2@group-523986131536->omNode-3(c-1,m0,n69, attendVote=true, lastRpcSendTime=3, lastRpcResponseTime=21068) yet, just keep nextIndex unchanged and retry.
2021-01-15 07:28:45,857 [grpc-default-executor-0] WARN  server.GrpcLogAppender (LogUtils.java:warn(122)) - omNode-2@group-523986131536->omNode-3-AppendLogResponseHandler: Failed appendEntries: org.apache.ratis.thirdparty.io.grpc.StatusRuntimeException: UNAVAILABLE: io exception
2021-01-15 07:28:45,857 [grpc-default-executor-0] WARN  server.GrpcLogAppender (GrpcLogAppender.java:resetClient(111)) - omNode-2@group-523986131536->omNode-3-GrpcLogAppender: Leader has not got in touch with Follower omNode-2@group-523986131536->omNode-3(c-1,m0,n70, attendVote=true, lastRpcSendTime=0, lastRpcResponseTime=21174) yet, just keep nextIndex unchanged and retry.
2021-01-15 07:28:45,862 [grpc-default-executor-2] WARN  server.GrpcLogAppender (LogUtils.java:warn(122)) - omNode-2@group-523986131536->omNode-3-AppendLogResponseHandler: Failed appendEntries: org.apache.ratis.thirdparty.io.grpc.StatusRuntimeException: UNAVAILABLE: io exception
2021-01-15 07:28:45,863 [grpc-default-executor-2] WARN  server.GrpcLogAppender (GrpcLogAppender.java:resetClient(111)) - omNode-2@group-523986131536->omNode-3-GrpcLogAppender: Leader has not got in touch with Follower omNode-2@group-523986131536->omNode-3(c-1,m0,n71, attendVote=true, lastRpcSendTime=1, lastRpcResponseTime=21180) yet, just keep nextIndex unchanged and retry.
2021-01-15 07:28:45,876 [grpc-default-executor-0] WARN  server.GrpcLogAppender (LogUtils.java:warn(122)) - omNode-2@group-523986131536->omNode-3-AppendLogResponseHandler: Failed appendEntries: org.apache.ratis.thirdparty.io.grpc.StatusRuntimeException: UNAVAILABLE: io exception
2021-01-15 07:28:45,876 [grpc-default-executor-0] WARN  server.GrpcLogAppender (GrpcLogAppender.java:resetClient(111)) - omNode-2@group-523986131536->omNode-3-GrpcLogAppender: Leader has not got in touch with Follower omNode-2@group-523986131536->omNode-3(c-1,m0,n72, attendVote=true, lastRpcSendTime=14, lastRpcResponseTime=21193) yet, just keep nextIndex unchanged and retry.
2021-01-15 07:28:45,889 [grpc-default-executor-0] WARN  server.GrpcLogAppender (LogUtils.java:warn(122)) - omNode-2@group-523986131536->omNode-3-AppendLogResponseHandler: Failed appendEntries: org.apache.ratis.thirdparty.io.grpc.StatusRuntimeException: UNAVAILABLE: io exception
2021-01-15 07:28:45,890 [grpc-default-executor-0] WARN  server.GrpcLogAppender (GrpcLogAppender.java:resetClient(111)) - omNode-2@group-523986131536->omNode-3-GrpcLogAppender: Leader has not got in touch with Follower omNode-2@group-523986131536->omNode-3(c-1,m0,n73, attendVote=true, lastRpcSendTime=12, lastRpcResponseTime=21207) yet, just keep nextIndex unchanged and retry.
2021-01-15 07:28:45,993 [grpc-default-executor-0] WARN  server.GrpcLogAppender (LogUtils.java:warn(122)) - omNode-2@group-523986131536->omNode-3-AppendLogResponseHandler: Failed appendEntries: org.apache.ratis.thirdparty.io.grpc.StatusRuntimeException: UNAVAILABLE: io exception
2021-01-15 07:28:45,994 [grpc-default-executor-0] WARN  server.GrpcLogAppender (GrpcLogAppender.java:resetClient(111)) - omNode-2@group-523986131536->omNode-3-GrpcLogAppender: Leader has not got in touch with Follower omNode-2@group-523986131536->omNode-3(c-1,m0,n74, attendVote=true, lastRpcSendTime=103, lastRpcResponseTime=21311) yet, just keep nextIndex unchanged and retry.
2021-01-15 07:28:45,999 [grpc-default-executor-0] WARN  server.GrpcLogAppender (LogUtils.java:warn(122)) - omNode-2@group-523986131536->omNode-3-AppendLogResponseHandler: Failed appendEntries: org.apache.ratis.thirdparty.io.grpc.StatusRuntimeException: UNAVAILABLE: io exception
2021-01-15 07:28:45,999 [grpc-default-executor-0] WARN  server.GrpcLogAppender (GrpcLogAppender.java:resetClient(111)) - omNode-2@group-523986131536->omNode-3-GrpcLogAppender: Leader has not got in touch with Follower omNode-2@group-523986131536->omNode-3(c-1,m0,n75, attendVote=true, lastRpcSendTime=1, lastRpcResponseTime=21316) yet, just keep nextIndex unchanged and retry.
2021-01-15 07:28:46,012 [grpc-default-executor-0] WARN  server.GrpcLogAppender (LogUtils.java:warn(122)) - omNode-2@group-523986131536->omNode-3-AppendLogResponseHandler: Failed appendEntries: org.apache.ratis.thirdparty.io.grpc.StatusRuntimeException: UNAVAILABLE: io exception
2021-01-15 07:28:46,012 [grpc-default-executor-0] WARN  server.GrpcLogAppender (GrpcLogAppender.java:resetClient(111)) - omNode-2@group-523986131536->omNode-3-GrpcLogAppender: Leader has not got in touch with Follower omNode-2@group-523986131536->omNode-3(c-1,m0,n76, attendVote=true, lastRpcSendTime=0, lastRpcResponseTime=21330) yet, just keep nextIndex unchanged and retry.
2021-01-15 07:28:46,015 [grpc-default-executor-0] WARN  server.GrpcLogAppender (LogUtils.java:warn(122)) - omNode-2@group-523986131536->omNode-3-AppendLogResponseHandler: Failed appendEntries: org.apache.ratis.thirdparty.io.grpc.StatusRuntimeException: UNAVAILABLE: io exception
2021-01-15 07:28:46,016 [grpc-default-executor-0] WARN  server.GrpcLogAppender (GrpcLogAppender.java:resetClient(111)) - omNode-2@group-523986131536->omNode-3-GrpcLogAppender: Leader has not got in touch with Follower omNode-2@group-523986131536->omNode-3(c-1,m0,n77, attendVote=true, lastRpcSendTime=2, lastRpcResponseTime=21333) yet, just keep nextIndex unchanged and retry.
2021-01-15 07:28:46,119 [grpc-default-executor-0] WARN  server.GrpcLogAppender (LogUtils.java:warn(122)) - omNode-2@group-523986131536->omNode-3-AppendLogResponseHandler: Failed appendEntries: org.apache.ratis.thirdparty.io.grpc.StatusRuntimeException: UNAVAILABLE: io exception
2021-01-15 07:28:46,119 [grpc-default-executor-0] WARN  server.GrpcLogAppender (GrpcLogAppender.java:resetClient(111)) - omNode-2@group-523986131536->omNode-3-GrpcLogAppender: Leader has not got in touch with Follower omNode-2@group-523986131536->omNode-3(c-1,m0,n78, attendVote=true, lastRpcSendTime=0, lastRpcResponseTime=21436) yet, just keep nextIndex unchanged and retry.
2021-01-15 07:28:46,126 [grpc-default-executor-0] WARN  server.GrpcLogAppender (LogUtils.java:warn(122)) - omNode-2@group-523986131536->omNode-3-AppendLogResponseHandler: Failed appendEntries: org.apache.ratis.thirdparty.io.grpc.StatusRuntimeException: UNAVAILABLE: io exception
2021-01-15 07:28:46,127 [grpc-default-executor-0] WARN  server.GrpcLogAppender (GrpcLogAppender.java:resetClient(111)) - omNode-2@group-523986131536->omNode-3-GrpcLogAppender: Leader has not got in touch with Follower omNode-2@group-523986131536->omNode-3(c-1,m0,n79, attendVote=true, lastRpcSendTime=8, lastRpcResponseTime=21444) yet, just keep nextIndex unchanged and retry.
2021-01-15 07:28:46,142 [grpc-default-executor-2] WARN  server.GrpcLogAppender (LogUtils.java:warn(122)) - omNode-2@group-523986131536->omNode-3-AppendLogResponseHandler: Failed appendEntries: org.apache.ratis.thirdparty.io.grpc.StatusRuntimeException: UNAVAILABLE: io exception
2021-01-15 07:28:46,142 [grpc-default-executor-2] WARN  server.GrpcLogAppender (GrpcLogAppender.java:resetClient(111)) - omNode-2@group-523986131536->omNode-3-GrpcLogAppender: Leader has not got in touch with Follower omNode-2@group-523986131536->omNode-3(c-1,m0,n80, attendVote=true, lastRpcSendTime=14, lastRpcResponseTime=21459) yet, just keep nextIndex unchanged and retry.
2021-01-15 07:28:46,146 [grpc-default-executor-2] WARN  server.GrpcLogAppender (LogUtils.java:warn(122)) - omNode-2@group-523986131536->omNode-3-AppendLogResponseHandler: Failed appendEntries: org.apache.ratis.thirdparty.io.grpc.StatusRuntimeException: UNAVAILABLE: io exception
2021-01-15 07:28:46,146 [grpc-default-executor-2] WARN  server.GrpcLogAppender (GrpcLogAppender.java:resetClient(111)) - omNode-2@group-523986131536->omNode-3-GrpcLogAppender: Leader has not got in touch with Follower omNode-2@group-523986131536->omNode-3(c-1,m0,n81, attendVote=true, lastRpcSendTime=0, lastRpcResponseTime=21463) yet, just keep nextIndex unchanged and retry.
2021-01-15 07:28:46,253 [grpc-default-executor-2] WARN  server.GrpcLogAppender (LogUtils.java:warn(122)) - omNode-2@group-523986131536->omNode-3-AppendLogResponseHandler: Failed appendEntries: org.apache.ratis.thirdparty.io.grpc.StatusRuntimeException: UNAVAILABLE: io exception
2021-01-15 07:28:46,253 [grpc-default-executor-2] WARN  server.GrpcLogAppender (GrpcLogAppender.java:resetClient(111)) - omNode-2@group-523986131536->omNode-3-GrpcLogAppender: Leader has not got in touch with Follower omNode-2@group-523986131536->omNode-3(c-1,m0,n82, attendVote=true, lastRpcSendTime=0, lastRpcResponseTime=21570) yet, just keep nextIndex unchanged and retry.
2021-01-15 07:28:46,262 [grpc-default-executor-0] WARN  server.GrpcLogAppender (LogUtils.java:warn(122)) - omNode-2@group-523986131536->omNode-3-AppendLogResponseHandler: Failed appendEntries: org.apache.ratis.thirdparty.io.grpc.StatusRuntimeException: UNAVAILABLE: io exception
2021-01-15 07:28:46,262 [grpc-default-executor-0] WARN  server.GrpcLogAppender (GrpcLogAppender.java:resetClient(111)) - omNode-2@group-523986131536->omNode-3-GrpcLogAppender: Leader has not got in touch with Follower omNode-2@group-523986131536->omNode-3(c-1,m0,n83, attendVote=true, lastRpcSendTime=9, lastRpcResponseTime=21580) yet, just keep nextIndex unchanged and retry.
2021-01-15 07:28:46,307 [grpc-default-executor-3] WARN  server.GrpcLogAppender (LogUtils.java:warn(122)) - omNode-2@group-523986131536->omNode-3-AppendLogResponseHandler: Failed appendEntries: org.apache.ratis.thirdparty.io.grpc.StatusRuntimeException: UNAVAILABLE: io exception
2021-01-15 07:28:46,308 [grpc-default-executor-3] WARN  server.GrpcLogAppender (GrpcLogAppender.java:resetClient(111)) - omNode-2@group-523986131536->omNode-3-GrpcLogAppender: Leader has not got in touch with Follower omNode-2@group-523986131536->omNode-3(c-1,m0,n84, attendVote=true, lastRpcSendTime=44, lastRpcResponseTime=21625) yet, just keep nextIndex unchanged and retry.
2021-01-15 07:28:46,315 [grpc-default-executor-3] WARN  server.GrpcLogAppender (LogUtils.java:warn(122)) - omNode-2@group-523986131536->omNode-3-AppendLogResponseHandler: Failed appendEntries: org.apache.ratis.thirdparty.io.grpc.StatusRuntimeException: UNAVAILABLE: io exception
2021-01-15 07:28:46,316 [grpc-default-executor-3] WARN  server.GrpcLogAppender (GrpcLogAppender.java:resetClient(111)) - omNode-2@group-523986131536->omNode-3-GrpcLogAppender: Leader has not got in touch with Follower omNode-2@group-523986131536->omNode-3(c-1,m0,n85, attendVote=true, lastRpcSendTime=7, lastRpcResponseTime=21633) yet, just keep nextIndex unchanged and retry.
2021-01-15 07:28:46,427 [grpc-default-executor-3] WARN  server.GrpcLogAppender (LogUtils.java:warn(122)) - omNode-2@group-523986131536->omNode-3-AppendLogResponseHandler: Failed appendEntries: org.apache.ratis.thirdparty.io.grpc.StatusRuntimeException: UNAVAILABLE: io exception
2021-01-15 07:28:46,428 [grpc-default-executor-3] WARN  server.GrpcLogAppender (GrpcLogAppender.java:resetClient(111)) - omNode-2@group-523986131536->omNode-3-GrpcLogAppender: Leader has not got in touch with Follower omNode-2@group-523986131536->omNode-3(c-1,m0,n87, attendVote=true, lastRpcSendTime=4, lastRpcResponseTime=21745) yet, just keep nextIndex unchanged and retry.
2021-01-15 07:28:46,447 [grpc-default-executor-0] WARN  server.GrpcLogAppender (LogUtils.java:warn(122)) - omNode-2@group-523986131536->omNode-3-AppendLogResponseHandler: Failed appendEntries: org.apache.ratis.thirdparty.io.grpc.StatusRuntimeException: UNAVAILABLE: io exception
2021-01-15 07:28:46,448 [grpc-default-executor-0] WARN  server.GrpcLogAppender (GrpcLogAppender.java:resetClient(111)) - omNode-2@group-523986131536->omNode-3-GrpcLogAppender: Leader has not got in touch with Follower omNode-2@group-523986131536->omNode-3(c-1,m0,n88, attendVote=true, lastRpcSendTime=25, lastRpcResponseTime=21765) yet, just keep nextIndex unchanged and retry.
2021-01-15 07:28:46,460 [grpc-default-executor-0] WARN  server.GrpcLogAppender (LogUtils.java:warn(122)) - omNode-2@group-523986131536->omNode-3-AppendLogResponseHandler: Failed appendEntries: org.apache.ratis.thirdparty.io.grpc.StatusRuntimeException: UNAVAILABLE: io exception
2021-01-15 07:28:46,461 [grpc-default-executor-0] WARN  server.GrpcLogAppender (GrpcLogAppender.java:resetClient(111)) - omNode-2@group-523986131536->omNode-3-GrpcLogAppender: Leader has not got in touch with Follower omNode-2@group-523986131536->omNode-3(c-1,m0,n89, attendVote=true, lastRpcSendTime=11, lastRpcResponseTime=21778) yet, just keep nextIndex unchanged and retry.
2021-01-15 07:28:46,568 [grpc-default-executor-0] WARN  server.GrpcLogAppender (LogUtils.java:warn(122)) - omNode-2@group-523986131536->omNode-3-AppendLogResponseHandler: Failed appendEntries: org.apache.ratis.thirdparty.io.grpc.StatusRuntimeException: UNAVAILABLE: io exception
2021-01-15 07:28:46,569 [grpc-default-executor-0] WARN  server.GrpcLogAppender (GrpcLogAppender.java:resetClient(111)) - omNode-2@group-523986131536->omNode-3-GrpcLogAppender: Leader has not got in touch with Follower omNode-2@group-523986131536->omNode-3(c-1,m0,n90, attendVote=true, lastRpcSendTime=0, lastRpcResponseTime=21886) yet, just keep nextIndex unchanged and retry.
2021-01-15 07:28:46,577 [grpc-default-executor-0] WARN  server.GrpcLogAppender (LogUtils.java:warn(122)) - omNode-2@group-523986131536->omNode-3-AppendLogResponseHandler: Failed appendEntries: org.apache.ratis.thirdparty.io.grpc.StatusRuntimeException: UNAVAILABLE: io exception
2021-01-15 07:28:46,578 [grpc-default-executor-0] WARN  server.GrpcLogAppender (GrpcLogAppender.java:resetClient(111)) - omNode-2@group-523986131536->omNode-3-GrpcLogAppender: Leader has not got in touch with Follower omNode-2@group-523986131536->omNode-3(c-1,m0,n91, attendVote=true, lastRpcSendTime=9, lastRpcResponseTime=21895) yet, just keep nextIndex unchanged and retry.
2021-01-15 07:28:46,596 [grpc-default-executor-0] WARN  server.GrpcLogAppender (LogUtils.java:warn(122)) - omNode-2@group-523986131536->omNode-3-AppendLogResponseHandler: Failed appendEntries: org.apache.ratis.thirdparty.io.grpc.StatusRuntimeException: UNAVAILABLE: io exception
2021-01-15 07:28:46,596 [grpc-default-executor-0] WARN  server.GrpcLogAppender (GrpcLogAppender.java:resetClient(111)) - omNode-2@group-523986131536->omNode-3-GrpcLogAppender: Leader has not got in touch with Follower omNode-2@group-523986131536->omNode-3(c-1,m0,n92, attendVote=true, lastRpcSendTime=18, lastRpcResponseTime=21913) yet, just keep nextIndex unchanged and retry.
2021-01-15 07:28:46,600 [grpc-default-executor-0] WARN  server.GrpcLogAppender (LogUtils.java:warn(122)) - omNode-2@group-523986131536->omNode-3-AppendLogResponseHandler: Failed appendEntries: org.apache.ratis.thirdparty.io.grpc.StatusRuntimeException: UNAVAILABLE: io exception
2021-01-15 07:28:46,601 [grpc-default-executor-0] WARN  server.GrpcLogAppender (GrpcLogAppender.java:resetClient(111)) - omNode-2@group-523986131536->omNode-3-GrpcLogAppender: Leader has not got in touch with Follower omNode-2@group-523986131536->omNode-3(c-1,m0,n93, attendVote=true, lastRpcSendTime=4, lastRpcResponseTime=21918) yet, just keep nextIndex unchanged and retry.
2021-01-15 07:28:46,707 [grpc-default-executor-0] WARN  server.GrpcLogAppender (LogUtils.java:warn(122)) - omNode-2@group-523986131536->omNode-3-AppendLogResponseHandler: Failed appendEntries: org.apache.ratis.thirdparty.io.grpc.StatusRuntimeException: UNAVAILABLE: io exception
2021-01-15 07:28:46,708 [grpc-default-executor-0] WARN  server.GrpcLogAppender (GrpcLogAppender.java:resetClient(111)) - omNode-2@group-523986131536->omNode-3-GrpcLogAppender: Leader has not got in touch with Follower omNode-2@group-523986131536->omNode-3(c-1,m0,n94, attendVote=true, lastRpcSendTime=107, lastRpcResponseTime=22025) yet, just keep nextIndex unchanged and retry.
2021-01-15 07:28:46,733 [grpc-default-executor-2] WARN  server.GrpcLogAppender (LogUtils.java:warn(122)) - omNode-2@group-523986131536->omNode-3-AppendLogResponseHandler: Failed appendEntries: org.apache.ratis.thirdparty.io.grpc.StatusRuntimeException: UNAVAILABLE: io exception
2021-01-15 07:28:46,734 [grpc-default-executor-2] WARN  server.GrpcLogAppender (GrpcLogAppender.java:resetClient(111)) - omNode-2@group-523986131536->omNode-3-GrpcLogAppender: Leader has not got in touch with Follower omNode-2@group-523986131536->omNode-3(c-1,m0,n95, attendVote=true, lastRpcSendTime=25, lastRpcResponseTime=22051) yet, just keep nextIndex unchanged and retry.
2021-01-15 07:28:46,751 [grpc-default-executor-3] WARN  server.GrpcLogAppender (LogUtils.java:warn(122)) - omNode-2@group-523986131536->omNode-3-AppendLogResponseHandler: Failed appendEntries: org.apache.ratis.thirdparty.io.grpc.StatusRuntimeException: UNAVAILABLE: io exception
2021-01-15 07:28:46,752 [grpc-default-executor-3] WARN  server.GrpcLogAppender (GrpcLogAppender.java:resetClient(111)) - omNode-2@group-523986131536->omNode-3-GrpcLogAppender: Leader has not got in touch with Follower omNode-2@group-523986131536->omNode-3(c-1,m0,n96, attendVote=true, lastRpcSendTime=15, lastRpcResponseTime=22069) yet, just keep nextIndex unchanged and retry.
2021-01-15 07:28:46,762 [grpc-default-executor-3] WARN  server.GrpcLogAppender (LogUtils.java:warn(122)) - omNode-2@group-523986131536->omNode-3-AppendLogResponseHandler: Failed appendEntries: org.apache.ratis.thirdparty.io.grpc.StatusRuntimeException: UNAVAILABLE: io exception
2021-01-15 07:28:46,762 [grpc-default-executor-3] WARN  server.GrpcLogAppender (GrpcLogAppender.java:resetClient(111)) - omNode-2@group-523986131536->omNode-3-GrpcLogAppender: Leader has not got in touch with Follower omNode-2@group-523986131536->omNode-3(c-1,m0,n97, attendVote=true, lastRpcSendTime=9, lastRpcResponseTime=22079) yet, just keep nextIndex unchanged and retry.
2021-01-15 07:28:46,867 [grpc-default-executor-3] WARN  server.GrpcLogAppender (LogUtils.java:warn(122)) - omNode-2@group-523986131536->omNode-3-AppendLogResponseHandler: Failed appendEntries: org.apache.ratis.thirdparty.io.grpc.StatusRuntimeException: UNAVAILABLE: io exception
2021-01-15 07:28:46,868 [grpc-default-executor-3] WARN  server.GrpcLogAppender (GrpcLogAppender.java:resetClient(111)) - omNode-2@group-523986131536->omNode-3-GrpcLogAppender: Leader has not got in touch with Follower omNode-2@group-523986131536->omNode-3(c-1,m0,n98, attendVote=true, lastRpcSendTime=0, lastRpcResponseTime=22185) yet, just keep nextIndex unchanged and retry.
2021-01-15 07:28:46,878 [grpc-default-executor-3] WARN  server.GrpcLogAppender (LogUtils.java:warn(122)) - omNode-2@group-523986131536->omNode-3-AppendLogResponseHandler: Failed appendEntries: org.apache.ratis.thirdparty.io.grpc.StatusRuntimeException: UNAVAILABLE: io exception
2021-01-15 07:28:46,879 [grpc-default-executor-3] WARN  server.GrpcLogAppender (GrpcLogAppender.java:resetClient(111)) - omNode-2@group-523986131536->omNode-3-GrpcLogAppender: Leader has not got in touch with Follower omNode-2@group-523986131536->omNode-3(c-1,m0,n99, attendVote=true, lastRpcSendTime=1, lastRpcResponseTime=22196) yet, just keep nextIndex unchanged and retry.
2021-01-15 07:28:46,894 [grpc-default-executor-3] WARN  server.GrpcLogAppender (LogUtils.java:warn(122)) - omNode-2@group-523986131536->omNode-3-AppendLogResponseHandler: Failed appendEntries: org.apache.ratis.thirdparty.io.grpc.StatusRuntimeException: UNAVAILABLE: io exception
2021-01-15 07:28:46,894 [grpc-default-executor-3] WARN  server.GrpcLogAppender (GrpcLogAppender.java:resetClient(111)) - omNode-2@group-523986131536->omNode-3-GrpcLogAppender: Leader has not got in touch with Follower omNode-2@group-523986131536->omNode-3(c-1,m0,n100, attendVote=true, lastRpcSendTime=0, lastRpcResponseTime=22211) yet, just keep nextIndex unchanged and retry.
2021-01-15 07:28:46,899 [grpc-default-executor-3] WARN  server.GrpcLogAppender (LogUtils.java:warn(122)) - omNode-2@group-523986131536->omNode-3-AppendLogResponseHandler: Failed appendEntries: org.apache.ratis.thirdparty.io.grpc.StatusRuntimeException: UNAVAILABLE: io exception
2021-01-15 07:28:46,899 [grpc-default-executor-3] WARN  server.GrpcLogAppender (GrpcLogAppender.java:resetClient(111)) - omNode-2@group-523986131536->omNode-3-GrpcLogAppender: Leader has not got in touch with Follower omNode-2@group-523986131536->omNode-3(c-1,m0,n101, attendVote=true, lastRpcSendTime=1, lastRpcResponseTime=22216) yet, just keep nextIndex unchanged and retry.
2021-01-15 07:28:46,901 [omNode-2@group-523986131536-StateMachineUpdater] INFO  ratis.OzoneManagerStateMachine (OzoneManagerStateMachine.java:takeSnapshot(345)) - Current Snapshot Index (t:2, i:99)
2021-01-15 07:28:46,901 [omNode-2@group-523986131536-StateMachineUpdater] INFO  impl.StateMachineUpdater (StateMachineUpdater.java:takeSnapshot(279)) - omNode-2@group-523986131536-StateMachineUpdater: Took a snapshot at index 99
2021-01-15 07:28:46,901 [omNode-2@group-523986131536-StateMachineUpdater] INFO  impl.StateMachineUpdater (StateMachineUpdater.java:lambda$new$0(88)) - omNode-2@group-523986131536-StateMachineUpdater: snapshotIndex: updateIncreasingly 49 -> 99
2021-01-15 07:28:46,901 [omNode-2@group-523986131536-StateMachineUpdater] INFO  raftlog.RaftLog (RaftLogBase.java:purge(306)) - omNode-2@group-523986131536-SegmentedRaftLog: purge 99
2021-01-15 07:28:46,901 [omNode-2@group-523986131536-StateMachineUpdater] INFO  raftlog.RaftLog (RaftLogBase.java:lambda$new$0(53)) - omNode-2@group-523986131536-SegmentedRaftLog: snapshotIndex: updateIncreasingly 49 -> 99
2021-01-15 07:28:46,901 [omNode-2@group-523986131536-StateMachineUpdater] INFO  raftlog.RaftLog (RaftLogBase.java:lambda$new$0(53)) - omNode-2@group-523986131536-SegmentedRaftLog: purgeIndex: updateToMax old=49, new=99, updated? true
2021-01-15 07:28:46,902 [omNode-1@group-523986131536-StateMachineUpdater] INFO  ratis.OzoneManagerStateMachine (OzoneManagerStateMachine.java:takeSnapshot(345)) - Current Snapshot Index (t:2, i:99)
2021-01-15 07:28:46,902 [omNode-1@group-523986131536-StateMachineUpdater] INFO  impl.StateMachineUpdater (StateMachineUpdater.java:takeSnapshot(279)) - omNode-1@group-523986131536-StateMachineUpdater: Took a snapshot at index 99
2021-01-15 07:28:46,903 [omNode-1@group-523986131536-StateMachineUpdater] INFO  impl.StateMachineUpdater (StateMachineUpdater.java:lambda$new$0(88)) - omNode-1@group-523986131536-StateMachineUpdater: snapshotIndex: updateIncreasingly 49 -> 99
2021-01-15 07:28:46,903 [omNode-1@group-523986131536-StateMachineUpdater] INFO  raftlog.RaftLog (RaftLogBase.java:purge(306)) - omNode-1@group-523986131536-SegmentedRaftLog: purge 99
2021-01-15 07:28:46,903 [omNode-1@group-523986131536-StateMachineUpdater] INFO  raftlog.RaftLog (RaftLogBase.java:lambda$new$0(53)) - omNode-1@group-523986131536-SegmentedRaftLog: snapshotIndex: updateIncreasingly 49 -> 99
2021-01-15 07:28:46,903 [omNode-1@group-523986131536-StateMachineUpdater] INFO  raftlog.RaftLog (RaftLogBase.java:lambda$new$0(53)) - omNode-1@group-523986131536-SegmentedRaftLog: purgeIndex: updateToMax old=49, new=99, updated? true
2021-01-15 07:28:47,006 [grpc-default-executor-0] WARN  server.GrpcLogAppender (LogUtils.java:warn(122)) - omNode-2@group-523986131536->omNode-3-AppendLogResponseHandler: Failed appendEntries: org.apache.ratis.thirdparty.io.grpc.StatusRuntimeException: UNAVAILABLE: io exception
2021-01-15 07:28:47,007 [grpc-default-executor-0] WARN  server.GrpcLogAppender (GrpcLogAppender.java:resetClient(111)) - omNode-2@group-523986131536->omNode-3-GrpcLogAppender: Leader has not got in touch with Follower omNode-2@group-523986131536->omNode-3(c-1,m0,n102, attendVote=true, lastRpcSendTime=109, lastRpcResponseTime=22324) yet, just keep nextIndex unchanged and retry.
2021-01-15 07:28:47,009 [grpc-default-executor-0] WARN  server.GrpcLogAppender (LogUtils.java:warn(122)) - omNode-2@group-523986131536->omNode-3-AppendLogResponseHandler: Failed appendEntries: org.apache.ratis.thirdparty.io.grpc.StatusRuntimeException: UNAVAILABLE: io exception
2021-01-15 07:28:47,010 [grpc-default-executor-0] WARN  server.GrpcLogAppender (GrpcLogAppender.java:resetClient(111)) - omNode-2@group-523986131536->omNode-3-GrpcLogAppender: Leader has not got in touch with Follower omNode-2@group-523986131536->omNode-3(c-1,m0,n103, attendVote=true, lastRpcSendTime=2, lastRpcResponseTime=22327) yet, just keep nextIndex unchanged and retry.
2021-01-15 07:28:47,022 [grpc-default-executor-3] WARN  server.GrpcLogAppender (LogUtils.java:warn(122)) - omNode-2@group-523986131536->omNode-3-AppendLogResponseHandler: Failed appendEntries: org.apache.ratis.thirdparty.io.grpc.StatusRuntimeException: UNAVAILABLE: io exception
2021-01-15 07:28:47,022 [grpc-default-executor-3] WARN  server.GrpcLogAppender (GrpcLogAppender.java:resetClient(111)) - omNode-2@group-523986131536->omNode-3-GrpcLogAppender: Leader has not got in touch with Follower omNode-2@group-523986131536->omNode-3(c-1,m0,n104, attendVote=true, lastRpcSendTime=0, lastRpcResponseTime=22339) yet, just keep nextIndex unchanged and retry.
2021-01-15 07:28:47,029 [grpc-default-executor-0] WARN  server.GrpcLogAppender (LogUtils.java:warn(122)) - omNode-2@group-523986131536->omNode-3-AppendLogResponseHandler: Failed appendEntries: org.apache.ratis.thirdparty.io.grpc.StatusRuntimeException: UNAVAILABLE: io exception
2021-01-15 07:28:47,029 [grpc-default-executor-0] WARN  server.GrpcLogAppender (GrpcLogAppender.java:resetClient(111)) - omNode-2@group-523986131536->omNode-3-GrpcLogAppender: Leader has not got in touch with Follower omNode-2@group-523986131536->omNode-3(c-1,m0,n105, attendVote=true, lastRpcSendTime=7, lastRpcResponseTime=22347) yet, just keep nextIndex unchanged and retry.
2021-01-15 07:28:47,134 [grpc-default-executor-0] WARN  server.GrpcLogAppender (LogUtils.java:warn(122)) - omNode-2@group-523986131536->omNode-3-AppendLogResponseHandler: Failed appendEntries: org.apache.ratis.thirdparty.io.grpc.StatusRuntimeException: UNAVAILABLE: io exception
2021-01-15 07:28:47,134 [grpc-default-executor-0] WARN  server.GrpcLogAppender (GrpcLogAppender.java:resetClient(111)) - omNode-2@group-523986131536->omNode-3-GrpcLogAppender: Leader has not got in touch with Follower omNode-2@group-523986131536->omNode-3(c-1,m0,n106, attendVote=true, lastRpcSendTime=1, lastRpcResponseTime=22451) yet, just keep nextIndex unchanged and retry.
2021-01-15 07:28:47,139 [grpc-default-executor-0] WARN  server.GrpcLogAppender (LogUtils.java:warn(122)) - omNode-2@group-523986131536->omNode-3-AppendLogResponseHandler: Failed appendEntries: org.apache.ratis.thirdparty.io.grpc.StatusRuntimeException: UNAVAILABLE: io exception
2021-01-15 07:28:47,139 [grpc-default-executor-0] WARN  server.GrpcLogAppender (GrpcLogAppender.java:resetClient(111)) - omNode-2@group-523986131536->omNode-3-GrpcLogAppender: Leader has not got in touch with Follower omNode-2@group-523986131536->omNode-3(c-1,m0,n107, attendVote=true, lastRpcSendTime=2, lastRpcResponseTime=22457) yet, just keep nextIndex unchanged and retry.
2021-01-15 07:28:47,157 [grpc-default-executor-0] WARN  server.GrpcLogAppender (LogUtils.java:warn(122)) - omNode-2@group-523986131536->omNode-3-AppendLogResponseHandler: Failed appendEntries: org.apache.ratis.thirdparty.io.grpc.StatusRuntimeException: UNAVAILABLE: io exception
2021-01-15 07:28:47,157 [grpc-default-executor-0] WARN  server.GrpcLogAppender (GrpcLogAppender.java:resetClient(111)) - omNode-2@group-523986131536->omNode-3-GrpcLogAppender: Leader has not got in touch with Follower omNode-2@group-523986131536->omNode-3(c-1,m0,n108, attendVote=true, lastRpcSendTime=3, lastRpcResponseTime=22474) yet, just keep nextIndex unchanged and retry.
2021-01-15 07:28:47,160 [grpc-default-executor-0] WARN  server.GrpcLogAppender (LogUtils.java:warn(122)) - omNode-2@group-523986131536->omNode-3-AppendLogResponseHandler: Failed appendEntries: org.apache.ratis.thirdparty.io.grpc.StatusRuntimeException: UNAVAILABLE: io exception
2021-01-15 07:28:47,160 [grpc-default-executor-0] WARN  server.GrpcLogAppender (GrpcLogAppender.java:resetClient(111)) - omNode-2@group-523986131536->omNode-3-GrpcLogAppender: Leader has not got in touch with Follower omNode-2@group-523986131536->omNode-3(c-1,m0,n109, attendVote=true, lastRpcSendTime=0, lastRpcResponseTime=22477) yet, just keep nextIndex unchanged and retry.
2021-01-15 07:28:47,266 [grpc-default-executor-0] WARN  server.GrpcLogAppender (LogUtils.java:warn(122)) - omNode-2@group-523986131536->omNode-3-AppendLogResponseHandler: Failed appendEntries: org.apache.ratis.thirdparty.io.grpc.StatusRuntimeException: UNAVAILABLE: io exception
2021-01-15 07:28:47,267 [grpc-default-executor-0] WARN  server.GrpcLogAppender (GrpcLogAppender.java:resetClient(111)) - omNode-2@group-523986131536->omNode-3-GrpcLogAppender: Leader has not got in touch with Follower omNode-2@group-523986131536->omNode-3(c-1,m0,n110, attendVote=true, lastRpcSendTime=0, lastRpcResponseTime=22584) yet, just keep nextIndex unchanged and retry.
2021-01-15 07:28:47,272 [grpc-default-executor-0] WARN  server.GrpcLogAppender (LogUtils.java:warn(122)) - omNode-2@group-523986131536->omNode-3-AppendLogResponseHandler: Failed appendEntries: org.apache.ratis.thirdparty.io.grpc.StatusRuntimeException: UNAVAILABLE: io exception
2021-01-15 07:28:47,273 [grpc-default-executor-0] WARN  server.GrpcLogAppender (GrpcLogAppender.java:resetClient(111)) - omNode-2@group-523986131536->omNode-3-GrpcLogAppender: Leader has not got in touch with Follower omNode-2@group-523986131536->omNode-3(c-1,m0,n111, attendVote=true, lastRpcSendTime=0, lastRpcResponseTime=22590) yet, just keep nextIndex unchanged and retry.
2021-01-15 07:28:47,283 [grpc-default-executor-0] WARN  server.GrpcLogAppender (LogUtils.java:warn(122)) - omNode-2@group-523986131536->omNode-3-AppendLogResponseHandler: Failed appendEntries: org.apache.ratis.thirdparty.io.grpc.StatusRuntimeException: UNAVAILABLE: io exception
2021-01-15 07:28:47,284 [grpc-default-executor-0] WARN  server.GrpcLogAppender (GrpcLogAppender.java:resetClient(111)) - omNode-2@group-523986131536->omNode-3-GrpcLogAppender: Leader has not got in touch with Follower omNode-2@group-523986131536->omNode-3(c-1,m0,n112, attendVote=true, lastRpcSendTime=0, lastRpcResponseTime=22601) yet, just keep nextIndex unchanged and retry.
2021-01-15 07:28:47,287 [grpc-default-executor-0] WARN  server.GrpcLogAppender (LogUtils.java:warn(122)) - omNode-2@group-523986131536->omNode-3-AppendLogResponseHandler: Failed appendEntries: org.apache.ratis.thirdparty.io.grpc.StatusRuntimeException: UNAVAILABLE: io exception
2021-01-15 07:28:47,287 [grpc-default-executor-0] WARN  server.GrpcLogAppender (GrpcLogAppender.java:resetClient(111)) - omNode-2@group-523986131536->omNode-3-GrpcLogAppender: Leader has not got in touch with Follower omNode-2@group-523986131536->omNode-3(c-1,m0,n113, attendVote=true, lastRpcSendTime=0, lastRpcResponseTime=22604) yet, just keep nextIndex unchanged and retry.
2021-01-15 07:28:47,392 [grpc-default-executor-0] WARN  server.GrpcLogAppender (LogUtils.java:warn(122)) - omNode-2@group-523986131536->omNode-3-AppendLogResponseHandler: Failed appendEntries: org.apache.ratis.thirdparty.io.grpc.StatusRuntimeException: UNAVAILABLE: io exception
2021-01-15 07:28:47,393 [grpc-default-executor-0] WARN  server.GrpcLogAppender (GrpcLogAppender.java:resetClient(111)) - omNode-2@group-523986131536->omNode-3-GrpcLogAppender: Leader has not got in touch with Follower omNode-2@group-523986131536->omNode-3(c-1,m0,n114, attendVote=true, lastRpcSendTime=106, lastRpcResponseTime=22710) yet, just keep nextIndex unchanged and retry.
2021-01-15 07:28:47,398 [grpc-default-executor-0] WARN  server.GrpcLogAppender (LogUtils.java:warn(122)) - omNode-2@group-523986131536->omNode-3-AppendLogResponseHandler: Failed appendEntries: org.apache.ratis.thirdparty.io.grpc.StatusRuntimeException: UNAVAILABLE: io exception
2021-01-15 07:28:47,399 [grpc-default-executor-0] WARN  server.GrpcLogAppender (GrpcLogAppender.java:resetClient(111)) - omNode-2@group-523986131536->omNode-3-GrpcLogAppender: Leader has not got in touch with Follower omNode-2@group-523986131536->omNode-3(c-1,m0,n115, attendVote=true, lastRpcSendTime=4, lastRpcResponseTime=22716) yet, just keep nextIndex unchanged and retry.
2021-01-15 07:28:47,420 [grpc-default-executor-0] WARN  server.GrpcLogAppender (LogUtils.java:warn(122)) - omNode-2@group-523986131536->omNode-3-AppendLogResponseHandler: Failed appendEntries: org.apache.ratis.thirdparty.io.grpc.StatusRuntimeException: UNAVAILABLE: io exception
2021-01-15 07:28:47,420 [grpc-default-executor-0] WARN  server.GrpcLogAppender (GrpcLogAppender.java:resetClient(111)) - omNode-2@group-523986131536->omNode-3-GrpcLogAppender: Leader has not got in touch with Follower omNode-2@group-523986131536->omNode-3(c-1,m0,n116, attendVote=true, lastRpcSendTime=0, lastRpcResponseTime=22737) yet, just keep nextIndex unchanged and retry.
2021-01-15 07:28:47,426 [grpc-default-executor-0] WARN  server.GrpcLogAppender (LogUtils.java:warn(122)) - omNode-2@group-523986131536->omNode-3-AppendLogResponseHandler: Failed appendEntries: org.apache.ratis.thirdparty.io.grpc.StatusRuntimeException: UNAVAILABLE: io exception
2021-01-15 07:28:47,426 [grpc-default-executor-0] WARN  server.GrpcLogAppender (GrpcLogAppender.java:resetClient(111)) - omNode-2@group-523986131536->omNode-3-GrpcLogAppender: Leader has not got in touch with Follower omNode-2@group-523986131536->omNode-3(c-1,m0,n117, attendVote=true, lastRpcSendTime=6, lastRpcResponseTime=22743) yet, just keep nextIndex unchanged and retry.
2021-01-15 07:28:47,532 [grpc-default-executor-0] WARN  server.GrpcLogAppender (LogUtils.java:warn(122)) - omNode-2@group-523986131536->omNode-3-AppendLogResponseHandler: Failed appendEntries: org.apache.ratis.thirdparty.io.grpc.StatusRuntimeException: UNAVAILABLE: io exception
2021-01-15 07:28:47,533 [grpc-default-executor-0] WARN  server.GrpcLogAppender (GrpcLogAppender.java:resetClient(111)) - omNode-2@group-523986131536->omNode-3-GrpcLogAppender: Leader has not got in touch with Follower omNode-2@group-523986131536->omNode-3(c-1,m0,n118, attendVote=true, lastRpcSendTime=105, lastRpcResponseTime=22850) yet, just keep nextIndex unchanged and retry.
2021-01-15 07:28:47,536 [grpc-default-executor-0] WARN  server.GrpcLogAppender (LogUtils.java:warn(122)) - omNode-2@group-523986131536->omNode-3-AppendLogResponseHandler: Failed appendEntries: org.apache.ratis.thirdparty.io.grpc.StatusRuntimeException: UNAVAILABLE: io exception
2021-01-15 07:28:47,537 [grpc-default-executor-0] WARN  server.GrpcLogAppender (GrpcLogAppender.java:resetClient(111)) - omNode-2@group-523986131536->omNode-3-GrpcLogAppender: Leader has not got in touch with Follower omNode-2@group-523986131536->omNode-3(c-1,m0,n119, attendVote=true, lastRpcSendTime=3, lastRpcResponseTime=22854) yet, just keep nextIndex unchanged and retry.
2021-01-15 07:28:47,556 [grpc-default-executor-0] WARN  server.GrpcLogAppender (LogUtils.java:warn(122)) - omNode-2@group-523986131536->omNode-3-AppendLogResponseHandler: Failed appendEntries: org.apache.ratis.thirdparty.io.grpc.StatusRuntimeException: UNAVAILABLE: io exception
2021-01-15 07:28:47,556 [grpc-default-executor-0] WARN  server.GrpcLogAppender (GrpcLogAppender.java:resetClient(111)) - omNode-2@group-523986131536->omNode-3-GrpcLogAppender: Leader has not got in touch with Follower omNode-2@group-523986131536->omNode-3(c-1,m0,n120, attendVote=true, lastRpcSendTime=18, lastRpcResponseTime=22874) yet, just keep nextIndex unchanged and retry.
2021-01-15 07:28:47,562 [grpc-default-executor-0] WARN  server.GrpcLogAppender (LogUtils.java:warn(122)) - omNode-2@group-523986131536->omNode-3-AppendLogResponseHandler: Failed appendEntries: org.apache.ratis.thirdparty.io.grpc.StatusRuntimeException: UNAVAILABLE: io exception
2021-01-15 07:28:47,563 [grpc-default-executor-0] WARN  server.GrpcLogAppender (GrpcLogAppender.java:resetClient(111)) - omNode-2@group-523986131536->omNode-3-GrpcLogAppender: Leader has not got in touch with Follower omNode-2@group-523986131536->omNode-3(c-1,m0,n121, attendVote=true, lastRpcSendTime=6, lastRpcResponseTime=22880) yet, just keep nextIndex unchanged and retry.
2021-01-15 07:28:47,668 [grpc-default-executor-0] WARN  server.GrpcLogAppender (LogUtils.java:warn(122)) - omNode-2@group-523986131536->omNode-3-AppendLogResponseHandler: Failed appendEntries: org.apache.ratis.thirdparty.io.grpc.StatusRuntimeException: UNAVAILABLE: io exception
2021-01-15 07:28:47,669 [grpc-default-executor-0] WARN  server.GrpcLogAppender (GrpcLogAppender.java:resetClient(111)) - omNode-2@group-523986131536->omNode-3-GrpcLogAppender: Leader has not got in touch with Follower omNode-2@group-523986131536->omNode-3(c-1,m0,n122, attendVote=true, lastRpcSendTime=0, lastRpcResponseTime=22986) yet, just keep nextIndex unchanged and retry.
2021-01-15 07:28:47,679 [grpc-default-executor-0] WARN  server.GrpcLogAppender (LogUtils.java:warn(122)) - omNode-2@group-523986131536->omNode-3-AppendLogResponseHandler: Failed appendEntries: org.apache.ratis.thirdparty.io.grpc.StatusRuntimeException: UNAVAILABLE: io exception
2021-01-15 07:28:47,680 [grpc-default-executor-0] WARN  server.GrpcLogAppender (GrpcLogAppender.java:resetClient(111)) - omNode-2@group-523986131536->omNode-3-GrpcLogAppender: Leader has not got in touch with Follower omNode-2@group-523986131536->omNode-3(c-1,m0,n123, attendVote=true, lastRpcSendTime=11, lastRpcResponseTime=22997) yet, just keep nextIndex unchanged and retry.
2021-01-15 07:28:47,698 [grpc-default-executor-2] WARN  server.GrpcLogAppender (LogUtils.java:warn(122)) - omNode-2@group-523986131536->omNode-3-AppendLogResponseHandler: Failed appendEntries: org.apache.ratis.thirdparty.io.grpc.StatusRuntimeException: UNAVAILABLE: io exception
2021-01-15 07:28:47,699 [grpc-default-executor-2] WARN  server.GrpcLogAppender (GrpcLogAppender.java:resetClient(111)) - omNode-2@group-523986131536->omNode-3-GrpcLogAppender: Leader has not got in touch with Follower omNode-2@group-523986131536->omNode-3(c-1,m0,n124, attendVote=true, lastRpcSendTime=0, lastRpcResponseTime=23016) yet, just keep nextIndex unchanged and retry.
2021-01-15 07:28:47,701 [grpc-default-executor-0] WARN  server.GrpcLogAppender (LogUtils.java:warn(122)) - omNode-2@group-523986131536->omNode-3-AppendLogResponseHandler: Failed appendEntries: org.apache.ratis.thirdparty.io.grpc.StatusRuntimeException: UNAVAILABLE: io exception
2021-01-15 07:28:47,701 [grpc-default-executor-0] WARN  server.GrpcLogAppender (GrpcLogAppender.java:resetClient(111)) - omNode-2@group-523986131536->omNode-3-GrpcLogAppender: Leader has not got in touch with Follower omNode-2@group-523986131536->omNode-3(c-1,m0,n125, attendVote=true, lastRpcSendTime=1, lastRpcResponseTime=23018) yet, just keep nextIndex unchanged and retry.
2021-01-15 07:28:47,805 [grpc-default-executor-0] WARN  server.GrpcLogAppender (LogUtils.java:warn(122)) - omNode-2@group-523986131536->omNode-3-AppendLogResponseHandler: Failed appendEntries: org.apache.ratis.thirdparty.io.grpc.StatusRuntimeException: UNAVAILABLE: io exception
2021-01-15 07:28:47,806 [grpc-default-executor-0] WARN  server.GrpcLogAppender (GrpcLogAppender.java:resetClient(111)) - omNode-2@group-523986131536->omNode-3-GrpcLogAppender: Leader has not got in touch with Follower omNode-2@group-523986131536->omNode-3(c-1,m0,n126, attendVote=true, lastRpcSendTime=0, lastRpcResponseTime=23123) yet, just keep nextIndex unchanged and retry.
2021-01-15 07:28:47,810 [grpc-default-executor-0] WARN  server.GrpcLogAppender (LogUtils.java:warn(122)) - omNode-2@group-523986131536->omNode-3-AppendLogResponseHandler: Failed appendEntries: org.apache.ratis.thirdparty.io.grpc.StatusRuntimeException: UNAVAILABLE: io exception
2021-01-15 07:28:47,811 [grpc-default-executor-0] WARN  server.GrpcLogAppender (GrpcLogAppender.java:resetClient(111)) - omNode-2@group-523986131536->omNode-3-GrpcLogAppender: Leader has not got in touch with Follower omNode-2@group-523986131536->omNode-3(c-1,m0,n127, attendVote=true, lastRpcSendTime=5, lastRpcResponseTime=23128) yet, just keep nextIndex unchanged and retry.
2021-01-15 07:28:47,837 [grpc-default-executor-0] WARN  server.GrpcLogAppender (LogUtils.java:warn(122)) - omNode-2@group-523986131536->omNode-3-AppendLogResponseHandler: Failed appendEntries: org.apache.ratis.thirdparty.io.grpc.StatusRuntimeException: UNAVAILABLE: io exception
2021-01-15 07:28:47,838 [grpc-default-executor-0] WARN  server.GrpcLogAppender (GrpcLogAppender.java:resetClient(111)) - omNode-2@group-523986131536->omNode-3-GrpcLogAppender: Leader has not got in touch with Follower omNode-2@group-523986131536->omNode-3(c-1,m0,n128, attendVote=true, lastRpcSendTime=26, lastRpcResponseTime=23155) yet, just keep nextIndex unchanged and retry.
2021-01-15 07:28:47,850 [grpc-default-executor-0] WARN  server.GrpcLogAppender (LogUtils.java:warn(122)) - omNode-2@group-523986131536->omNode-3-AppendLogResponseHandler: Failed appendEntries: org.apache.ratis.thirdparty.io.grpc.StatusRuntimeException: UNAVAILABLE: io exception
2021-01-15 07:28:47,851 [grpc-default-executor-0] WARN  server.GrpcLogAppender (GrpcLogAppender.java:resetClient(111)) - omNode-2@group-523986131536->omNode-3-GrpcLogAppender: Leader has not got in touch with Follower omNode-2@group-523986131536->omNode-3(c-1,m0,n129, attendVote=true, lastRpcSendTime=12, lastRpcResponseTime=23168) yet, just keep nextIndex unchanged and retry.
2021-01-15 07:28:47,957 [grpc-default-executor-2] WARN  server.GrpcLogAppender (LogUtils.java:warn(122)) - omNode-2@group-523986131536->omNode-3-AppendLogResponseHandler: Failed appendEntries: org.apache.ratis.thirdparty.io.grpc.StatusRuntimeException: UNAVAILABLE: io exception
2021-01-15 07:28:47,958 [grpc-default-executor-2] WARN  server.GrpcLogAppender (GrpcLogAppender.java:resetClient(111)) - omNode-2@group-523986131536->omNode-3-GrpcLogAppender: Leader has not got in touch with Follower omNode-2@group-523986131536->omNode-3(c-1,m0,n130, attendVote=true, lastRpcSendTime=106, lastRpcResponseTime=23275) yet, just keep nextIndex unchanged and retry.
2021-01-15 07:28:47,968 [grpc-default-executor-2] WARN  server.GrpcLogAppender (LogUtils.java:warn(122)) - omNode-2@group-523986131536->omNode-3-AppendLogResponseHandler: Failed appendEntries: org.apache.ratis.thirdparty.io.grpc.StatusRuntimeException: UNAVAILABLE: io exception
2021-01-15 07:28:47,969 [grpc-default-executor-2] WARN  server.GrpcLogAppender (GrpcLogAppender.java:resetClient(111)) - omNode-2@group-523986131536->omNode-3-GrpcLogAppender: Leader has not got in touch with Follower omNode-2@group-523986131536->omNode-3(c-1,m0,n131, attendVote=true, lastRpcSendTime=10, lastRpcResponseTime=23286) yet, just keep nextIndex unchanged and retry.
2021-01-15 07:28:47,989 [grpc-default-executor-3] WARN  server.GrpcLogAppender (LogUtils.java:warn(122)) - omNode-2@group-523986131536->omNode-3-AppendLogResponseHandler: Failed appendEntries: org.apache.ratis.thirdparty.io.grpc.StatusRuntimeException: UNAVAILABLE: io exception
2021-01-15 07:28:47,989 [grpc-default-executor-3] WARN  server.GrpcLogAppender (GrpcLogAppender.java:resetClient(111)) - omNode-2@group-523986131536->omNode-3-GrpcLogAppender: Leader has not got in touch with Follower omNode-2@group-523986131536->omNode-3(c-1,m0,n132, attendVote=true, lastRpcSendTime=0, lastRpcResponseTime=23307) yet, just keep nextIndex unchanged and retry.
2021-01-15 07:28:47,996 [grpc-default-executor-0] WARN  server.GrpcLogAppender (LogUtils.java:warn(122)) - omNode-2@group-523986131536->omNode-3-AppendLogResponseHandler: Failed appendEntries: org.apache.ratis.thirdparty.io.grpc.StatusRuntimeException: UNAVAILABLE: io exception
2021-01-15 07:28:47,997 [grpc-default-executor-0] WARN  server.GrpcLogAppender (GrpcLogAppender.java:resetClient(111)) - omNode-2@group-523986131536->omNode-3-GrpcLogAppender: Leader has not got in touch with Follower omNode-2@group-523986131536->omNode-3(c-1,m0,n133, attendVote=true, lastRpcSendTime=0, lastRpcResponseTime=23314) yet, just keep nextIndex unchanged and retry.
2021-01-15 07:28:48,105 [grpc-default-executor-0] WARN  server.GrpcLogAppender (LogUtils.java:warn(122)) - omNode-2@group-523986131536->omNode-3-AppendLogResponseHandler: Failed appendEntries: org.apache.ratis.thirdparty.io.grpc.StatusRuntimeException: UNAVAILABLE: io exception
2021-01-15 07:28:48,106 [grpc-default-executor-0] WARN  server.GrpcLogAppender (GrpcLogAppender.java:resetClient(111)) - omNode-2@group-523986131536->omNode-3-GrpcLogAppender: Leader has not got in touch with Follower omNode-2@group-523986131536->omNode-3(c-1,m0,n134, attendVote=true, lastRpcSendTime=0, lastRpcResponseTime=23423) yet, just keep nextIndex unchanged and retry.
2021-01-15 07:28:48,108 [grpc-default-executor-0] WARN  server.GrpcLogAppender (LogUtils.java:warn(122)) - omNode-2@group-523986131536->omNode-3-AppendLogResponseHandler: Failed appendEntries: org.apache.ratis.thirdparty.io.grpc.StatusRuntimeException: UNAVAILABLE: io exception
2021-01-15 07:28:48,108 [grpc-default-executor-0] WARN  server.GrpcLogAppender (GrpcLogAppender.java:resetClient(111)) - omNode-2@group-523986131536->omNode-3-GrpcLogAppender: Leader has not got in touch with Follower omNode-2@group-523986131536->omNode-3(c-1,m0,n135, attendVote=true, lastRpcSendTime=0, lastRpcResponseTime=23425) yet, just keep nextIndex unchanged and retry.
2021-01-15 07:28:48,128 [grpc-default-executor-0] WARN  server.GrpcLogAppender (LogUtils.java:warn(122)) - omNode-2@group-523986131536->omNode-3-AppendLogResponseHandler: Failed appendEntries: org.apache.ratis.thirdparty.io.grpc.StatusRuntimeException: UNAVAILABLE: io exception
2021-01-15 07:28:48,128 [grpc-default-executor-0] WARN  server.GrpcLogAppender (GrpcLogAppender.java:resetClient(111)) - omNode-2@group-523986131536->omNode-3-GrpcLogAppender: Leader has not got in touch with Follower omNode-2@group-523986131536->omNode-3(c-1,m0,n136, attendVote=true, lastRpcSendTime=0, lastRpcResponseTime=23445) yet, just keep nextIndex unchanged and retry.
2021-01-15 07:28:48,133 [grpc-default-executor-0] WARN  server.GrpcLogAppender (LogUtils.java:warn(122)) - omNode-2@group-523986131536->omNode-3-AppendLogResponseHandler: Failed appendEntries: org.apache.ratis.thirdparty.io.grpc.StatusRuntimeException: UNAVAILABLE: io exception
2021-01-15 07:28:48,133 [grpc-default-executor-0] WARN  server.GrpcLogAppender (GrpcLogAppender.java:resetClient(111)) - omNode-2@group-523986131536->omNode-3-GrpcLogAppender: Leader has not got in touch with Follower omNode-2@group-523986131536->omNode-3(c-1,m0,n137, attendVote=true, lastRpcSendTime=5, lastRpcResponseTime=23450) yet, just keep nextIndex unchanged and retry.
2021-01-15 07:28:48,238 [grpc-default-executor-0] WARN  server.GrpcLogAppender (LogUtils.java:warn(122)) - omNode-2@group-523986131536->omNode-3-AppendLogResponseHandler: Failed appendEntries: org.apache.ratis.thirdparty.io.grpc.StatusRuntimeException: UNAVAILABLE: io exception
2021-01-15 07:28:48,239 [grpc-default-executor-0] WARN  server.GrpcLogAppender (GrpcLogAppender.java:resetClient(111)) - omNode-2@group-523986131536->omNode-3-GrpcLogAppender: Leader has not got in touch with Follower omNode-2@group-523986131536->omNode-3(c-1,m0,n138, attendVote=true, lastRpcSendTime=1, lastRpcResponseTime=23556) yet, just keep nextIndex unchanged and retry.
2021-01-15 07:28:48,251 [grpc-default-executor-0] WARN  server.GrpcLogAppender (LogUtils.java:warn(122)) - omNode-2@group-523986131536->omNode-3-AppendLogResponseHandler: Failed appendEntries: org.apache.ratis.thirdparty.io.grpc.StatusRuntimeException: UNAVAILABLE: io exception
2021-01-15 07:28:48,252 [grpc-default-executor-0] WARN  server.GrpcLogAppender (GrpcLogAppender.java:resetClient(111)) - omNode-2@group-523986131536->omNode-3-GrpcLogAppender: Leader has not got in touch with Follower omNode-2@group-523986131536->omNode-3(c-1,m0,n139, attendVote=true, lastRpcSendTime=0, lastRpcResponseTime=23569) yet, just keep nextIndex unchanged and retry.
2021-01-15 07:28:48,261 [grpc-default-executor-0] WARN  server.GrpcLogAppender (LogUtils.java:warn(122)) - omNode-2@group-523986131536->omNode-3-AppendLogResponseHandler: Failed appendEntries: org.apache.ratis.thirdparty.io.grpc.StatusRuntimeException: UNAVAILABLE: io exception
2021-01-15 07:28:48,262 [grpc-default-executor-0] WARN  server.GrpcLogAppender (GrpcLogAppender.java:resetClient(111)) - omNode-2@group-523986131536->omNode-3-GrpcLogAppender: Leader has not got in touch with Follower omNode-2@group-523986131536->omNode-3(c-1,m0,n140, attendVote=true, lastRpcSendTime=0, lastRpcResponseTime=23579) yet, just keep nextIndex unchanged and retry.
2021-01-15 07:28:48,266 [grpc-default-executor-0] WARN  server.GrpcLogAppender (LogUtils.java:warn(122)) - omNode-2@group-523986131536->omNode-3-AppendLogResponseHandler: Failed appendEntries: org.apache.ratis.thirdparty.io.grpc.StatusRuntimeException: UNAVAILABLE: io exception
2021-01-15 07:28:48,267 [grpc-default-executor-0] WARN  server.GrpcLogAppender (GrpcLogAppender.java:resetClient(111)) - omNode-2@group-523986131536->omNode-3-GrpcLogAppender: Leader has not got in touch with Follower omNode-2@group-523986131536->omNode-3(c-1,m0,n141, attendVote=true, lastRpcSendTime=0, lastRpcResponseTime=23584) yet, just keep nextIndex unchanged and retry.
2021-01-15 07:28:48,371 [grpc-default-executor-0] WARN  server.GrpcLogAppender (LogUtils.java:warn(122)) - omNode-2@group-523986131536->omNode-3-AppendLogResponseHandler: Failed appendEntries: org.apache.ratis.thirdparty.io.grpc.StatusRuntimeException: UNAVAILABLE: io exception
2021-01-15 07:28:48,372 [grpc-default-executor-0] WARN  server.GrpcLogAppender (GrpcLogAppender.java:resetClient(111)) - omNode-2@group-523986131536->omNode-3-GrpcLogAppender: Leader has not got in touch with Follower omNode-2@group-523986131536->omNode-3(c-1,m0,n142, attendVote=true, lastRpcSendTime=0, lastRpcResponseTime=23689) yet, just keep nextIndex unchanged and retry.
2021-01-15 07:28:48,380 [grpc-default-executor-0] WARN  server.GrpcLogAppender (LogUtils.java:warn(122)) - omNode-2@group-523986131536->omNode-3-AppendLogResponseHandler: Failed appendEntries: org.apache.ratis.thirdparty.io.grpc.StatusRuntimeException: UNAVAILABLE: io exception
2021-01-15 07:28:48,381 [grpc-default-executor-0] WARN  server.GrpcLogAppender (GrpcLogAppender.java:resetClient(111)) - omNode-2@group-523986131536->omNode-3-GrpcLogAppender: Leader has not got in touch with Follower omNode-2@group-523986131536->omNode-3(c-1,m0,n143, attendVote=true, lastRpcSendTime=9, lastRpcResponseTime=23698) yet, just keep nextIndex unchanged and retry.
2021-01-15 07:28:48,394 [grpc-default-executor-0] WARN  server.GrpcLogAppender (LogUtils.java:warn(122)) - omNode-2@group-523986131536->omNode-3-AppendLogResponseHandler: Failed appendEntries: org.apache.ratis.thirdparty.io.grpc.StatusRuntimeException: UNAVAILABLE: io exception
2021-01-15 07:28:48,395 [grpc-default-executor-0] WARN  server.GrpcLogAppender (GrpcLogAppender.java:resetClient(111)) - omNode-2@group-523986131536->omNode-3-GrpcLogAppender: Leader has not got in touch with Follower omNode-2@group-523986131536->omNode-3(c-1,m0,n144, attendVote=true, lastRpcSendTime=0, lastRpcResponseTime=23712) yet, just keep nextIndex unchanged and retry.
2021-01-15 07:28:48,399 [grpc-default-executor-0] WARN  server.GrpcLogAppender (LogUtils.java:warn(122)) - omNode-2@group-523986131536->omNode-3-AppendLogResponseHandler: Failed appendEntries: org.apache.ratis.thirdparty.io.grpc.StatusRuntimeException: UNAVAILABLE: io exception
2021-01-15 07:28:48,400 [grpc-default-executor-0] WARN  server.GrpcLogAppender (GrpcLogAppender.java:resetClient(111)) - omNode-2@group-523986131536->omNode-3-GrpcLogAppender: Leader has not got in touch with Follower omNode-2@group-523986131536->omNode-3(c-1,m0,n145, attendVote=true, lastRpcSendTime=5, lastRpcResponseTime=23717) yet, just keep nextIndex unchanged and retry.
2021-01-15 07:28:48,504 [grpc-default-executor-0] WARN  server.GrpcLogAppender (LogUtils.java:warn(122)) - omNode-2@group-523986131536->omNode-3-AppendLogResponseHandler: Failed appendEntries: org.apache.ratis.thirdparty.io.grpc.StatusRuntimeException: UNAVAILABLE: io exception
2021-01-15 07:28:48,505 [grpc-default-executor-0] WARN  server.GrpcLogAppender (GrpcLogAppender.java:resetClient(111)) - omNode-2@group-523986131536->omNode-3-GrpcLogAppender: Leader has not got in touch with Follower omNode-2@group-523986131536->omNode-3(c-1,m0,n146, attendVote=true, lastRpcSendTime=104, lastRpcResponseTime=23822) yet, just keep nextIndex unchanged and retry.
2021-01-15 07:28:48,512 [grpc-default-executor-0] WARN  server.GrpcLogAppender (LogUtils.java:warn(122)) - omNode-2@group-523986131536->omNode-3-AppendLogResponseHandler: Failed appendEntries: org.apache.ratis.thirdparty.io.grpc.StatusRuntimeException: UNAVAILABLE: io exception
2021-01-15 07:28:48,513 [grpc-default-executor-0] WARN  server.GrpcLogAppender (GrpcLogAppender.java:resetClient(111)) - omNode-2@group-523986131536->omNode-3-GrpcLogAppender: Leader has not got in touch with Follower omNode-2@group-523986131536->omNode-3(c-1,m0,n147, attendVote=true, lastRpcSendTime=7, lastRpcResponseTime=23830) yet, just keep nextIndex unchanged and retry.
2021-01-15 07:28:48,537 [grpc-default-executor-0] WARN  server.GrpcLogAppender (LogUtils.java:warn(122)) - omNode-2@group-523986131536->omNode-3-AppendLogResponseHandler: Failed appendEntries: org.apache.ratis.thirdparty.io.grpc.StatusRuntimeException: UNAVAILABLE: io exception
2021-01-15 07:28:48,537 [grpc-default-executor-0] WARN  server.GrpcLogAppender (GrpcLogAppender.java:resetClient(111)) - omNode-2@group-523986131536->omNode-3-GrpcLogAppender: Leader has not got in touch with Follower omNode-2@group-523986131536->omNode-3(c-1,m0,n148, attendVote=true, lastRpcSendTime=24, lastRpcResponseTime=23854) yet, just keep nextIndex unchanged and retry.
2021-01-15 07:28:48,540 [grpc-default-executor-0] WARN  server.GrpcLogAppender (LogUtils.java:warn(122)) - omNode-2@group-523986131536->omNode-3-AppendLogResponseHandler: Failed appendEntries: org.apache.ratis.thirdparty.io.grpc.StatusRuntimeException: UNAVAILABLE: io exception
2021-01-15 07:28:48,541 [grpc-default-executor-0] WARN  server.GrpcLogAppender (GrpcLogAppender.java:resetClient(111)) - omNode-2@group-523986131536->omNode-3-GrpcLogAppender: Leader has not got in touch with Follower omNode-2@group-523986131536->omNode-3(c-1,m0,n149, attendVote=true, lastRpcSendTime=0, lastRpcResponseTime=23858) yet, just keep nextIndex unchanged and retry.
2021-01-15 07:28:48,647 [grpc-default-executor-0] WARN  server.GrpcLogAppender (LogUtils.java:warn(122)) - omNode-2@group-523986131536->omNode-3-AppendLogResponseHandler: Failed appendEntries: org.apache.ratis.thirdparty.io.grpc.StatusRuntimeException: UNAVAILABLE: io exception
2021-01-15 07:28:48,647 [grpc-default-executor-0] WARN  server.GrpcLogAppender (GrpcLogAppender.java:resetClient(111)) - omNode-2@group-523986131536->omNode-3-GrpcLogAppender: Leader has not got in touch with Follower omNode-2@group-523986131536->omNode-3(c-1,m0,n150, attendVote=true, lastRpcSendTime=0, lastRpcResponseTime=23964) yet, just keep nextIndex unchanged and retry.
2021-01-15 07:28:48,655 [grpc-default-executor-0] WARN  server.GrpcLogAppender (LogUtils.java:warn(122)) - omNode-2@group-523986131536->omNode-3-AppendLogResponseHandler: Failed appendEntries: org.apache.ratis.thirdparty.io.grpc.StatusRuntimeException: UNAVAILABLE: io exception
2021-01-15 07:28:48,655 [grpc-default-executor-0] WARN  server.GrpcLogAppender (GrpcLogAppender.java:resetClient(111)) - omNode-2@group-523986131536->omNode-3-GrpcLogAppender: Leader has not got in touch with Follower omNode-2@group-523986131536->omNode-3(c-1,m0,n151, attendVote=true, lastRpcSendTime=0, lastRpcResponseTime=23972) yet, just keep nextIndex unchanged and retry.
2021-01-15 07:28:48,657 [omNode-2@group-523986131536-StateMachineUpdater] INFO  ratis.OzoneManagerStateMachine (OzoneManagerStateMachine.java:takeSnapshot(345)) - Current Snapshot Index (t:2, i:149)
2021-01-15 07:28:48,657 [omNode-2@group-523986131536-StateMachineUpdater] INFO  impl.StateMachineUpdater (StateMachineUpdater.java:takeSnapshot(279)) - omNode-2@group-523986131536-StateMachineUpdater: Took a snapshot at index 149
2021-01-15 07:28:48,657 [omNode-2@group-523986131536-StateMachineUpdater] INFO  impl.StateMachineUpdater (StateMachineUpdater.java:lambda$new$0(88)) - omNode-2@group-523986131536-StateMachineUpdater: snapshotIndex: updateIncreasingly 99 -> 149
2021-01-15 07:28:48,657 [omNode-2@group-523986131536-StateMachineUpdater] INFO  raftlog.RaftLog (RaftLogBase.java:purge(306)) - omNode-2@group-523986131536-SegmentedRaftLog: purge 149
2021-01-15 07:28:48,657 [omNode-2@group-523986131536-StateMachineUpdater] INFO  raftlog.RaftLog (RaftLogBase.java:lambda$new$0(53)) - omNode-2@group-523986131536-SegmentedRaftLog: snapshotIndex: updateIncreasingly 99 -> 149
2021-01-15 07:28:48,657 [omNode-2@group-523986131536-StateMachineUpdater] INFO  raftlog.RaftLog (RaftLogBase.java:lambda$new$0(53)) - omNode-2@group-523986131536-SegmentedRaftLog: purgeIndex: updateToMax old=99, new=149, updated? true
2021-01-15 07:28:48,660 [omNode-1@group-523986131536-StateMachineUpdater] INFO  ratis.OzoneManagerStateMachine (OzoneManagerStateMachine.java:takeSnapshot(345)) - Current Snapshot Index (t:2, i:149)
2021-01-15 07:28:48,660 [omNode-1@group-523986131536-StateMachineUpdater] INFO  impl.StateMachineUpdater (StateMachineUpdater.java:takeSnapshot(279)) - omNode-1@group-523986131536-StateMachineUpdater: Took a snapshot at index 149
2021-01-15 07:28:48,660 [omNode-1@group-523986131536-StateMachineUpdater] INFO  impl.StateMachineUpdater (StateMachineUpdater.java:lambda$new$0(88)) - omNode-1@group-523986131536-StateMachineUpdater: snapshotIndex: updateIncreasingly 99 -> 149
2021-01-15 07:28:48,660 [omNode-1@group-523986131536-StateMachineUpdater] INFO  raftlog.RaftLog (RaftLogBase.java:purge(306)) - omNode-1@group-523986131536-SegmentedRaftLog: purge 149
2021-01-15 07:28:48,660 [omNode-1@group-523986131536-StateMachineUpdater] INFO  raftlog.RaftLog (RaftLogBase.java:lambda$new$0(53)) - omNode-1@group-523986131536-SegmentedRaftLog: snapshotIndex: updateIncreasingly 99 -> 149
2021-01-15 07:28:48,661 [omNode-1@group-523986131536-StateMachineUpdater] INFO  raftlog.RaftLog (RaftLogBase.java:lambda$new$0(53)) - omNode-1@group-523986131536-SegmentedRaftLog: purgeIndex: updateToMax old=99, new=149, updated? true
2021-01-15 07:28:48,667 [grpc-default-executor-3] WARN  server.GrpcLogAppender (LogUtils.java:warn(122)) - omNode-2@group-523986131536->omNode-3-AppendLogResponseHandler: Failed appendEntries: org.apache.ratis.thirdparty.io.grpc.StatusRuntimeException: UNAVAILABLE: io exception
2021-01-15 07:28:48,668 [grpc-default-executor-3] WARN  server.GrpcLogAppender (GrpcLogAppender.java:resetClient(111)) - omNode-2@group-523986131536->omNode-3-GrpcLogAppender: Leader has not got in touch with Follower omNode-2@group-523986131536->omNode-3(c-1,m0,n152, attendVote=true, lastRpcSendTime=0, lastRpcResponseTime=23985) yet, just keep nextIndex unchanged and retry.
2021-01-15 07:28:48,670 [grpc-default-executor-3] WARN  server.GrpcLogAppender (LogUtils.java:warn(122)) - omNode-2@group-523986131536->omNode-3-AppendLogResponseHandler: Failed appendEntries: org.apache.ratis.thirdparty.io.grpc.StatusRuntimeException: UNAVAILABLE: io exception
2021-01-15 07:28:48,670 [grpc-default-executor-3] WARN  server.GrpcLogAppender (GrpcLogAppender.java:resetClient(111)) - omNode-2@group-523986131536->omNode-3-GrpcLogAppender: Leader has not got in touch with Follower omNode-2@group-523986131536->omNode-3(c-1,m0,n153, attendVote=true, lastRpcSendTime=0, lastRpcResponseTime=23988) yet, just keep nextIndex unchanged and retry.
2021-01-15 07:28:48,774 [grpc-default-executor-3] WARN  server.GrpcLogAppender (LogUtils.java:warn(122)) - omNode-2@group-523986131536->omNode-3-AppendLogResponseHandler: Failed appendEntries: org.apache.ratis.thirdparty.io.grpc.StatusRuntimeException: UNAVAILABLE: io exception
2021-01-15 07:28:48,775 [grpc-default-executor-3] WARN  server.GrpcLogAppender (GrpcLogAppender.java:resetClient(111)) - omNode-2@group-523986131536->omNode-3-GrpcLogAppender: Leader has not got in touch with Follower omNode-2@group-523986131536->omNode-3(c-1,m0,n154, attendVote=true, lastRpcSendTime=1, lastRpcResponseTime=24092) yet, just keep nextIndex unchanged and retry.
2021-01-15 07:28:48,786 [grpc-default-executor-3] WARN  server.GrpcLogAppender (LogUtils.java:warn(122)) - omNode-2@group-523986131536->omNode-3-AppendLogResponseHandler: Failed appendEntries: org.apache.ratis.thirdparty.io.grpc.StatusRuntimeException: UNAVAILABLE: io exception
2021-01-15 07:28:48,786 [grpc-default-executor-3] WARN  server.GrpcLogAppender (GrpcLogAppender.java:resetClient(111)) - omNode-2@group-523986131536->omNode-3-GrpcLogAppender: Leader has not got in touch with Follower omNode-2@group-523986131536->omNode-3(c-1,m0,n155, attendVote=true, lastRpcSendTime=1, lastRpcResponseTime=24103) yet, just keep nextIndex unchanged and retry.
2021-01-15 07:28:48,796 [grpc-default-executor-0] WARN  server.GrpcLogAppender (LogUtils.java:warn(122)) - omNode-2@group-523986131536->omNode-3-AppendLogResponseHandler: Failed appendEntries: org.apache.ratis.thirdparty.io.grpc.StatusRuntimeException: UNAVAILABLE: io exception
2021-01-15 07:28:48,796 [grpc-default-executor-0] WARN  server.GrpcLogAppender (GrpcLogAppender.java:resetClient(111)) - omNode-2@group-523986131536->omNode-3-GrpcLogAppender: Leader has not got in touch with Follower omNode-2@group-523986131536->omNode-3(c-1,m0,n156, attendVote=true, lastRpcSendTime=0, lastRpcResponseTime=24113) yet, just keep nextIndex unchanged and retry.
2021-01-15 07:28:48,803 [grpc-default-executor-3] WARN  server.GrpcLogAppender (LogUtils.java:warn(122)) - omNode-2@group-523986131536->omNode-3-AppendLogResponseHandler: Failed appendEntries: org.apache.ratis.thirdparty.io.grpc.StatusRuntimeException: UNAVAILABLE: io exception
2021-01-15 07:28:48,804 [grpc-default-executor-3] WARN  server.GrpcLogAppender (GrpcLogAppender.java:resetClient(111)) - omNode-2@group-523986131536->omNode-3-GrpcLogAppender: Leader has not got in touch with Follower omNode-2@group-523986131536->omNode-3(c-1,m0,n157, attendVote=true, lastRpcSendTime=0, lastRpcResponseTime=24121) yet, just keep nextIndex unchanged and retry.
2021-01-15 07:28:48,909 [grpc-default-executor-3] WARN  server.GrpcLogAppender (LogUtils.java:warn(122)) - omNode-2@group-523986131536->omNode-3-AppendLogResponseHandler: Failed appendEntries: org.apache.ratis.thirdparty.io.grpc.StatusRuntimeException: UNAVAILABLE: io exception
2021-01-15 07:28:48,909 [grpc-default-executor-3] WARN  server.GrpcLogAppender (GrpcLogAppender.java:resetClient(111)) - omNode-2@group-523986131536->omNode-3-GrpcLogAppender: Leader has not got in touch with Follower omNode-2@group-523986131536->omNode-3(c-1,m0,n158, attendVote=true, lastRpcSendTime=0, lastRpcResponseTime=24226) yet, just keep nextIndex unchanged and retry.
2021-01-15 07:28:48,914 [grpc-default-executor-3] WARN  server.GrpcLogAppender (LogUtils.java:warn(122)) - omNode-2@group-523986131536->omNode-3-AppendLogResponseHandler: Failed appendEntries: org.apache.ratis.thirdparty.io.grpc.StatusRuntimeException: UNAVAILABLE: io exception
2021-01-15 07:28:48,914 [grpc-default-executor-3] WARN  server.GrpcLogAppender (GrpcLogAppender.java:resetClient(111)) - omNode-2@group-523986131536->omNode-3-GrpcLogAppender: Leader has not got in touch with Follower omNode-2@group-523986131536->omNode-3(c-1,m0,n159, attendVote=true, lastRpcSendTime=5, lastRpcResponseTime=24232) yet, just keep nextIndex unchanged and retry.
2021-01-15 07:28:48,930 [grpc-default-executor-3] WARN  server.GrpcLogAppender (LogUtils.java:warn(122)) - omNode-2@group-523986131536->omNode-3-AppendLogResponseHandler: Failed appendEntries: org.apache.ratis.thirdparty.io.grpc.StatusRuntimeException: UNAVAILABLE: io exception
2021-01-15 07:28:48,930 [grpc-default-executor-3] WARN  server.GrpcLogAppender (GrpcLogAppender.java:resetClient(111)) - omNode-2@group-523986131536->omNode-3-GrpcLogAppender: Leader has not got in touch with Follower omNode-2@group-523986131536->omNode-3(c-1,m0,n160, attendVote=true, lastRpcSendTime=0, lastRpcResponseTime=24247) yet, just keep nextIndex unchanged and retry.
2021-01-15 07:28:48,936 [grpc-default-executor-3] WARN  server.GrpcLogAppender (LogUtils.java:warn(122)) - omNode-2@group-523986131536->omNode-3-AppendLogResponseHandler: Failed appendEntries: org.apache.ratis.thirdparty.io.grpc.StatusRuntimeException: UNAVAILABLE: io exception
2021-01-15 07:28:48,936 [grpc-default-executor-3] WARN  server.GrpcLogAppender (GrpcLogAppender.java:resetClient(111)) - omNode-2@group-523986131536->omNode-3-GrpcLogAppender: Leader has not got in touch with Follower omNode-2@group-523986131536->omNode-3(c-1,m0,n161, attendVote=true, lastRpcSendTime=0, lastRpcResponseTime=24253) yet, just keep nextIndex unchanged and retry.
2021-01-15 07:28:49,039 [grpc-default-executor-3] WARN  server.GrpcLogAppender (LogUtils.java:warn(122)) - omNode-2@group-523986131536->omNode-3-AppendLogResponseHandler: Failed appendEntries: org.apache.ratis.thirdparty.io.grpc.StatusRuntimeException: UNAVAILABLE: io exception
2021-01-15 07:28:49,040 [grpc-default-executor-3] WARN  server.GrpcLogAppender (GrpcLogAppender.java:resetClient(111)) - omNode-2@group-523986131536->omNode-3-GrpcLogAppender: Leader has not got in touch with Follower omNode-2@group-523986131536->omNode-3(c-1,m0,n162, attendVote=true, lastRpcSendTime=0, lastRpcResponseTime=24357) yet, just keep nextIndex unchanged and retry.
2021-01-15 07:28:49,047 [grpc-default-executor-0] WARN  server.GrpcLogAppender (LogUtils.java:warn(122)) - omNode-2@group-523986131536->omNode-3-AppendLogResponseHandler: Failed appendEntries: org.apache.ratis.thirdparty.io.grpc.StatusRuntimeException: UNAVAILABLE: io exception
2021-01-15 07:28:49,047 [grpc-default-executor-0] WARN  server.GrpcLogAppender (GrpcLogAppender.java:resetClient(111)) - omNode-2@group-523986131536->omNode-3-GrpcLogAppender: Leader has not got in touch with Follower omNode-2@group-523986131536->omNode-3(c-1,m0,n163, attendVote=true, lastRpcSendTime=0, lastRpcResponseTime=24364) yet, just keep nextIndex unchanged and retry.
2021-01-15 07:28:49,062 [grpc-default-executor-0] WARN  server.GrpcLogAppender (LogUtils.java:warn(122)) - omNode-2@group-523986131536->omNode-3-AppendLogResponseHandler: Failed appendEntries: org.apache.ratis.thirdparty.io.grpc.StatusRuntimeException: UNAVAILABLE: io exception
2021-01-15 07:28:49,062 [grpc-default-executor-0] WARN  server.GrpcLogAppender (GrpcLogAppender.java:resetClient(111)) - omNode-2@group-523986131536->omNode-3-GrpcLogAppender: Leader has not got in touch with Follower omNode-2@group-523986131536->omNode-3(c-1,m0,n164, attendVote=true, lastRpcSendTime=15, lastRpcResponseTime=24380) yet, just keep nextIndex unchanged and retry.
2021-01-15 07:28:49,070 [grpc-default-executor-0] WARN  server.GrpcLogAppender (LogUtils.java:warn(122)) - omNode-2@group-523986131536->omNode-3-AppendLogResponseHandler: Failed appendEntries: org.apache.ratis.thirdparty.io.grpc.StatusRuntimeException: UNAVAILABLE: io exception
2021-01-15 07:28:49,072 [grpc-default-executor-0] WARN  server.GrpcLogAppender (GrpcLogAppender.java:resetClient(111)) - omNode-2@group-523986131536->omNode-3-GrpcLogAppender: Leader has not got in touch with Follower omNode-2@group-523986131536->omNode-3(c-1,m0,n165, attendVote=true, lastRpcSendTime=0, lastRpcResponseTime=24389) yet, just keep nextIndex unchanged and retry.
2021-01-15 07:28:49,177 [grpc-default-executor-0] WARN  server.GrpcLogAppender (LogUtils.java:warn(122)) - omNode-2@group-523986131536->omNode-3-AppendLogResponseHandler: Failed appendEntries: org.apache.ratis.thirdparty.io.grpc.StatusRuntimeException: UNAVAILABLE: io exception
2021-01-15 07:28:49,177 [grpc-default-executor-0] WARN  server.GrpcLogAppender (GrpcLogAppender.java:resetClient(111)) - omNode-2@group-523986131536->omNode-3-GrpcLogAppender: Leader has not got in touch with Follower omNode-2@group-523986131536->omNode-3(c-1,m0,n166, attendVote=true, lastRpcSendTime=105, lastRpcResponseTime=24495) yet, just keep nextIndex unchanged and retry.
2021-01-15 07:28:49,186 [grpc-default-executor-0] WARN  server.GrpcLogAppender (LogUtils.java:warn(122)) - omNode-2@group-523986131536->omNode-3-AppendLogResponseHandler: Failed appendEntries: org.apache.ratis.thirdparty.io.grpc.StatusRuntimeException: UNAVAILABLE: io exception
2021-01-15 07:28:49,186 [grpc-default-executor-0] WARN  server.GrpcLogAppender (GrpcLogAppender.java:resetClient(111)) - omNode-2@group-523986131536->omNode-3-GrpcLogAppender: Leader has not got in touch with Follower omNode-2@group-523986131536->omNode-3(c-1,m0,n167, attendVote=true, lastRpcSendTime=3, lastRpcResponseTime=24503) yet, just keep nextIndex unchanged and retry.
2021-01-15 07:28:49,197 [grpc-default-executor-3] WARN  server.GrpcLogAppender (LogUtils.java:warn(122)) - omNode-2@group-523986131536->omNode-3-AppendLogResponseHandler: Failed appendEntries: org.apache.ratis.thirdparty.io.grpc.StatusRuntimeException: UNAVAILABLE: io exception
2021-01-15 07:28:49,197 [grpc-default-executor-3] WARN  server.GrpcLogAppender (GrpcLogAppender.java:resetClient(111)) - omNode-2@group-523986131536->omNode-3-GrpcLogAppender: Leader has not got in touch with Follower omNode-2@group-523986131536->omNode-3(c-1,m0,n168, attendVote=true, lastRpcSendTime=14, lastRpcResponseTime=24514) yet, just keep nextIndex unchanged and retry.
2021-01-15 07:28:49,203 [grpc-default-executor-3] WARN  server.GrpcLogAppender (LogUtils.java:warn(122)) - omNode-2@group-523986131536->omNode-3-AppendLogResponseHandler: Failed appendEntries: org.apache.ratis.thirdparty.io.grpc.StatusRuntimeException: UNAVAILABLE: io exception
2021-01-15 07:28:49,204 [grpc-default-executor-3] WARN  server.GrpcLogAppender (GrpcLogAppender.java:resetClient(111)) - omNode-2@group-523986131536->omNode-3-GrpcLogAppender: Leader has not got in touch with Follower omNode-2@group-523986131536->omNode-3(c-1,m0,n169, attendVote=true, lastRpcSendTime=5, lastRpcResponseTime=24521) yet, just keep nextIndex unchanged and retry.
2021-01-15 07:28:49,308 [grpc-default-executor-3] WARN  server.GrpcLogAppender (LogUtils.java:warn(122)) - omNode-2@group-523986131536->omNode-3-AppendLogResponseHandler: Failed appendEntries: org.apache.ratis.thirdparty.io.grpc.StatusRuntimeException: UNAVAILABLE: io exception
2021-01-15 07:28:49,308 [grpc-default-executor-3] WARN  server.GrpcLogAppender (GrpcLogAppender.java:resetClient(111)) - omNode-2@group-523986131536->omNode-3-GrpcLogAppender: Leader has not got in touch with Follower omNode-2@group-523986131536->omNode-3(c-1,m0,n170, attendVote=true, lastRpcSendTime=104, lastRpcResponseTime=24625) yet, just keep nextIndex unchanged and retry.
2021-01-15 07:28:49,314 [grpc-default-executor-3] WARN  server.GrpcLogAppender (LogUtils.java:warn(122)) - omNode-2@group-523986131536->omNode-3-AppendLogResponseHandler: Failed appendEntries: org.apache.ratis.thirdparty.io.grpc.StatusRuntimeException: UNAVAILABLE: io exception
2021-01-15 07:28:49,315 [grpc-default-executor-3] WARN  server.GrpcLogAppender (GrpcLogAppender.java:resetClient(111)) - omNode-2@group-523986131536->omNode-3-GrpcLogAppender: Leader has not got in touch with Follower omNode-2@group-523986131536->omNode-3(c-1,m0,n171, attendVote=true, lastRpcSendTime=6, lastRpcResponseTime=24632) yet, just keep nextIndex unchanged and retry.
2021-01-15 07:28:49,340 [grpc-default-executor-0] WARN  server.GrpcLogAppender (LogUtils.java:warn(122)) - omNode-2@group-523986131536->omNode-3-AppendLogResponseHandler: Failed appendEntries: org.apache.ratis.thirdparty.io.grpc.StatusRuntimeException: UNAVAILABLE: io exception
2021-01-15 07:28:49,340 [grpc-default-executor-0] WARN  server.GrpcLogAppender (GrpcLogAppender.java:resetClient(111)) - omNode-2@group-523986131536->omNode-3-GrpcLogAppender: Leader has not got in touch with Follower omNode-2@group-523986131536->omNode-3(c-1,m0,n172, attendVote=true, lastRpcSendTime=0, lastRpcResponseTime=24658) yet, just keep nextIndex unchanged and retry.
2021-01-15 07:28:49,348 [grpc-default-executor-0] WARN  server.GrpcLogAppender (LogUtils.java:warn(122)) - omNode-2@group-523986131536->omNode-3-AppendLogResponseHandler: Failed appendEntries: org.apache.ratis.thirdparty.io.grpc.StatusRuntimeException: UNAVAILABLE: io exception
2021-01-15 07:28:49,349 [grpc-default-executor-0] WARN  server.GrpcLogAppender (GrpcLogAppender.java:resetClient(111)) - omNode-2@group-523986131536->omNode-3-GrpcLogAppender: Leader has not got in touch with Follower omNode-2@group-523986131536->omNode-3(c-1,m0,n173, attendVote=true, lastRpcSendTime=0, lastRpcResponseTime=24666) yet, just keep nextIndex unchanged and retry.
2021-01-15 07:28:49,451 [grpc-default-executor-0] WARN  server.GrpcLogAppender (LogUtils.java:warn(122)) - omNode-2@group-523986131536->omNode-3-AppendLogResponseHandler: Failed appendEntries: org.apache.ratis.thirdparty.io.grpc.StatusRuntimeException: UNAVAILABLE: io exception
2021-01-15 07:28:49,451 [grpc-default-executor-0] WARN  server.GrpcLogAppender (GrpcLogAppender.java:resetClient(111)) - omNode-2@group-523986131536->omNode-3-GrpcLogAppender: Leader has not got in touch with Follower omNode-2@group-523986131536->omNode-3(c-1,m0,n174, attendVote=true, lastRpcSendTime=0, lastRpcResponseTime=24769) yet, just keep nextIndex unchanged and retry.
2021-01-15 07:28:49,454 [grpc-default-executor-3] WARN  server.GrpcLogAppender (LogUtils.java:warn(122)) - omNode-2@group-523986131536->omNode-3-AppendLogResponseHandler: Failed appendEntries: org.apache.ratis.thirdparty.io.grpc.StatusRuntimeException: UNAVAILABLE: io exception
2021-01-15 07:28:49,455 [grpc-default-executor-3] WARN  server.GrpcLogAppender (GrpcLogAppender.java:resetClient(111)) - omNode-2@group-523986131536->omNode-3-GrpcLogAppender: Leader has not got in touch with Follower omNode-2@group-523986131536->omNode-3(c-1,m0,n175, attendVote=true, lastRpcSendTime=4, lastRpcResponseTime=24773) yet, just keep nextIndex unchanged and retry.
2021-01-15 07:28:49,476 [grpc-default-executor-0] WARN  server.GrpcLogAppender (LogUtils.java:warn(122)) - omNode-2@group-523986131536->omNode-3-AppendLogResponseHandler: Failed appendEntries: org.apache.ratis.thirdparty.io.grpc.StatusRuntimeException: UNAVAILABLE: io exception
2021-01-15 07:28:49,477 [grpc-default-executor-0] WARN  server.GrpcLogAppender (GrpcLogAppender.java:resetClient(111)) - omNode-2@group-523986131536->omNode-3-GrpcLogAppender: Leader has not got in touch with Follower omNode-2@group-523986131536->omNode-3(c-1,m0,n176, attendVote=true, lastRpcSendTime=0, lastRpcResponseTime=24794) yet, just keep nextIndex unchanged and retry.
2021-01-15 07:28:49,479 [grpc-default-executor-0] WARN  server.GrpcLogAppender (LogUtils.java:warn(122)) - omNode-2@group-523986131536->omNode-3-AppendLogResponseHandler: Failed appendEntries: org.apache.ratis.thirdparty.io.grpc.StatusRuntimeException: UNAVAILABLE: io exception
2021-01-15 07:28:49,480 [grpc-default-executor-0] WARN  server.GrpcLogAppender (GrpcLogAppender.java:resetClient(111)) - omNode-2@group-523986131536->omNode-3-GrpcLogAppender: Leader has not got in touch with Follower omNode-2@group-523986131536->omNode-3(c-1,m0,n177, attendVote=true, lastRpcSendTime=3, lastRpcResponseTime=24797) yet, just keep nextIndex unchanged and retry.
2021-01-15 07:28:49,597 [grpc-default-executor-0] WARN  server.GrpcLogAppender (LogUtils.java:warn(122)) - omNode-2@group-523986131536->omNode-3-AppendLogResponseHandler: Failed appendEntries: org.apache.ratis.thirdparty.io.grpc.StatusRuntimeException: UNAVAILABLE: io exception
2021-01-15 07:28:49,598 [grpc-default-executor-0] WARN  server.GrpcLogAppender (GrpcLogAppender.java:resetClient(111)) - omNode-2@group-523986131536->omNode-3-GrpcLogAppender: Leader has not got in touch with Follower omNode-2@group-523986131536->omNode-3(c-1,m0,n178, attendVote=true, lastRpcSendTime=0, lastRpcResponseTime=24915) yet, just keep nextIndex unchanged and retry.
2021-01-15 07:28:49,603 [grpc-default-executor-0] WARN  server.GrpcLogAppender (LogUtils.java:warn(122)) - omNode-2@group-523986131536->omNode-3-AppendLogResponseHandler: Failed appendEntries: org.apache.ratis.thirdparty.io.grpc.StatusRuntimeException: UNAVAILABLE: io exception
2021-01-15 07:28:49,604 [grpc-default-executor-0] WARN  server.GrpcLogAppender (GrpcLogAppender.java:resetClient(111)) - omNode-2@group-523986131536->omNode-3-GrpcLogAppender: Leader has not got in touch with Follower omNode-2@group-523986131536->omNode-3(c-1,m0,n179, attendVote=true, lastRpcSendTime=6, lastRpcResponseTime=24921) yet, just keep nextIndex unchanged and retry.
2021-01-15 07:28:49,629 [grpc-default-executor-3] WARN  server.GrpcLogAppender (LogUtils.java:warn(122)) - omNode-2@group-523986131536->omNode-3-AppendLogResponseHandler: Failed appendEntries: org.apache.ratis.thirdparty.io.grpc.StatusRuntimeException: UNAVAILABLE: io exception
2021-01-15 07:28:49,629 [grpc-default-executor-3] WARN  server.GrpcLogAppender (GrpcLogAppender.java:resetClient(111)) - omNode-2@group-523986131536->omNode-3-GrpcLogAppender: Leader has not got in touch with Follower omNode-2@group-523986131536->omNode-3(c-1,m0,n180, attendVote=true, lastRpcSendTime=0, lastRpcResponseTime=24946) yet, just keep nextIndex unchanged and retry.
2021-01-15 07:28:49,639 [grpc-default-executor-3] WARN  server.GrpcLogAppender (LogUtils.java:warn(122)) - omNode-2@group-523986131536->omNode-3-AppendLogResponseHandler: Failed appendEntries: org.apache.ratis.thirdparty.io.grpc.StatusRuntimeException: UNAVAILABLE: io exception
2021-01-15 07:28:49,639 [grpc-default-executor-3] WARN  server.GrpcLogAppender (GrpcLogAppender.java:resetClient(111)) - omNode-2@group-523986131536->omNode-3-GrpcLogAppender: Leader has not got in touch with Follower omNode-2@group-523986131536->omNode-3(c-1,m0,n181, attendVote=true, lastRpcSendTime=10, lastRpcResponseTime=24956) yet, just keep nextIndex unchanged and retry.
2021-01-15 07:28:49,744 [grpc-default-executor-3] WARN  server.GrpcLogAppender (LogUtils.java:warn(122)) - omNode-2@group-523986131536->omNode-3-AppendLogResponseHandler: Failed appendEntries: org.apache.ratis.thirdparty.io.grpc.StatusRuntimeException: UNAVAILABLE: io exception
2021-01-15 07:28:49,744 [grpc-default-executor-3] WARN  server.GrpcLogAppender (GrpcLogAppender.java:resetClient(111)) - omNode-2@group-523986131536->omNode-3-GrpcLogAppender: Leader has not got in touch with Follower omNode-2@group-523986131536->omNode-3(c-1,m0,n182, attendVote=true, lastRpcSendTime=0, lastRpcResponseTime=25061) yet, just keep nextIndex unchanged and retry.
2021-01-15 07:28:49,755 [grpc-default-executor-3] WARN  server.GrpcLogAppender (LogUtils.java:warn(122)) - omNode-2@group-523986131536->omNode-3-AppendLogResponseHandler: Failed appendEntries: org.apache.ratis.thirdparty.io.grpc.StatusRuntimeException: UNAVAILABLE: io exception
2021-01-15 07:28:49,756 [grpc-default-executor-3] WARN  server.GrpcLogAppender (GrpcLogAppender.java:resetClient(111)) - omNode-2@group-523986131536->omNode-3-GrpcLogAppender: Leader has not got in touch with Follower omNode-2@group-523986131536->omNode-3(c-1,m0,n183, attendVote=true, lastRpcSendTime=11, lastRpcResponseTime=25073) yet, just keep nextIndex unchanged and retry.
2021-01-15 07:28:49,771 [grpc-default-executor-0] WARN  server.GrpcLogAppender (LogUtils.java:warn(122)) - omNode-2@group-523986131536->omNode-3-AppendLogResponseHandler: Failed appendEntries: org.apache.ratis.thirdparty.io.grpc.StatusRuntimeException: UNAVAILABLE: io exception
2021-01-15 07:28:49,771 [grpc-default-executor-0] WARN  server.GrpcLogAppender (GrpcLogAppender.java:resetClient(111)) - omNode-2@group-523986131536->omNode-3-GrpcLogAppender: Leader has not got in touch with Follower omNode-2@group-523986131536->omNode-3(c-1,m0,n184, attendVote=true, lastRpcSendTime=15, lastRpcResponseTime=25088) yet, just keep nextIndex unchanged and retry.
2021-01-15 07:28:49,774 [grpc-default-executor-3] WARN  server.GrpcLogAppender (LogUtils.java:warn(122)) - omNode-2@group-523986131536->omNode-3-AppendLogResponseHandler: Failed appendEntries: org.apache.ratis.thirdparty.io.grpc.StatusRuntimeException: UNAVAILABLE: io exception
2021-01-15 07:28:49,775 [grpc-default-executor-3] WARN  server.GrpcLogAppender (GrpcLogAppender.java:resetClient(111)) - omNode-2@group-523986131536->omNode-3-GrpcLogAppender: Leader has not got in touch with Follower omNode-2@group-523986131536->omNode-3(c-1,m0,n185, attendVote=true, lastRpcSendTime=3, lastRpcResponseTime=25092) yet, just keep nextIndex unchanged and retry.
2021-01-15 07:28:49,879 [grpc-default-executor-0] WARN  server.GrpcLogAppender (LogUtils.java:warn(122)) - omNode-2@group-523986131536->omNode-3-AppendLogResponseHandler: Failed appendEntries: org.apache.ratis.thirdparty.io.grpc.StatusRuntimeException: UNAVAILABLE: io exception
2021-01-15 07:28:49,882 [grpc-default-executor-0] WARN  server.GrpcLogAppender (GrpcLogAppender.java:resetClient(111)) - omNode-2@group-523986131536->omNode-3-GrpcLogAppender: Leader has not got in touch with Follower omNode-2@group-523986131536->omNode-3(c-1,m0,n186, attendVote=true, lastRpcSendTime=3, lastRpcResponseTime=25199) yet, just keep nextIndex unchanged and retry.
2021-01-15 07:28:49,894 [grpc-default-executor-0] WARN  server.GrpcLogAppender (LogUtils.java:warn(122)) - omNode-2@group-523986131536->omNode-3-AppendLogResponseHandler: Failed appendEntries: org.apache.ratis.thirdparty.io.grpc.StatusRuntimeException: UNAVAILABLE: io exception
2021-01-15 07:28:49,894 [grpc-default-executor-0] WARN  server.GrpcLogAppender (GrpcLogAppender.java:resetClient(111)) - omNode-2@group-523986131536->omNode-3-GrpcLogAppender: Leader has not got in touch with Follower omNode-2@group-523986131536->omNode-3(c-1,m0,n187, attendVote=true, lastRpcSendTime=1, lastRpcResponseTime=25211) yet, just keep nextIndex unchanged and retry.
2021-01-15 07:28:49,913 [grpc-default-executor-2] WARN  server.GrpcLogAppender (LogUtils.java:warn(122)) - omNode-2@group-523986131536->omNode-3-AppendLogResponseHandler: Failed appendEntries: org.apache.ratis.thirdparty.io.grpc.StatusRuntimeException: UNAVAILABLE: io exception
2021-01-15 07:28:49,913 [grpc-default-executor-2] WARN  server.GrpcLogAppender (GrpcLogAppender.java:resetClient(111)) - omNode-2@group-523986131536->omNode-3-GrpcLogAppender: Leader has not got in touch with Follower omNode-2@group-523986131536->omNode-3(c-1,m0,n188, attendVote=true, lastRpcSendTime=0, lastRpcResponseTime=25230) yet, just keep nextIndex unchanged and retry.
2021-01-15 07:28:49,925 [grpc-default-executor-2] WARN  server.GrpcLogAppender (LogUtils.java:warn(122)) - omNode-2@group-523986131536->omNode-3-AppendLogResponseHandler: Failed appendEntries: org.apache.ratis.thirdparty.io.grpc.StatusRuntimeException: UNAVAILABLE: io exception
2021-01-15 07:28:49,926 [grpc-default-executor-2] WARN  server.GrpcLogAppender (GrpcLogAppender.java:resetClient(111)) - omNode-2@group-523986131536->omNode-3-GrpcLogAppender: Leader has not got in touch with Follower omNode-2@group-523986131536->omNode-3(c-1,m0,n189, attendVote=true, lastRpcSendTime=12, lastRpcResponseTime=25243) yet, just keep nextIndex unchanged and retry.
2021-01-15 07:28:50,030 [grpc-default-executor-0] WARN  server.GrpcLogAppender (LogUtils.java:warn(122)) - omNode-2@group-523986131536->omNode-3-AppendLogResponseHandler: Failed appendEntries: org.apache.ratis.thirdparty.io.grpc.StatusRuntimeException: UNAVAILABLE: io exception
2021-01-15 07:28:50,031 [grpc-default-executor-0] WARN  server.GrpcLogAppender (GrpcLogAppender.java:resetClient(111)) - omNode-2@group-523986131536->omNode-3-GrpcLogAppender: Leader has not got in touch with Follower omNode-2@group-523986131536->omNode-3(c-1,m0,n190, attendVote=true, lastRpcSendTime=103, lastRpcResponseTime=25348) yet, just keep nextIndex unchanged and retry.
2021-01-15 07:28:50,040 [grpc-default-executor-2] WARN  server.GrpcLogAppender (LogUtils.java:warn(122)) - omNode-2@group-523986131536->omNode-3-AppendLogResponseHandler: Failed appendEntries: org.apache.ratis.thirdparty.io.grpc.StatusRuntimeException: UNAVAILABLE: io exception
2021-01-15 07:28:50,041 [grpc-default-executor-2] WARN  server.GrpcLogAppender (GrpcLogAppender.java:resetClient(111)) - omNode-2@group-523986131536->omNode-3-GrpcLogAppender: Leader has not got in touch with Follower omNode-2@group-523986131536->omNode-3(c-1,m0,n191, attendVote=true, lastRpcSendTime=9, lastRpcResponseTime=25358) yet, just keep nextIndex unchanged and retry.
2021-01-15 07:28:50,059 [grpc-default-executor-3] WARN  server.GrpcLogAppender (LogUtils.java:warn(122)) - omNode-2@group-523986131536->omNode-3-AppendLogResponseHandler: Failed appendEntries: org.apache.ratis.thirdparty.io.grpc.StatusRuntimeException: UNAVAILABLE: io exception
2021-01-15 07:28:50,060 [grpc-default-executor-3] WARN  server.GrpcLogAppender (GrpcLogAppender.java:resetClient(111)) - omNode-2@group-523986131536->omNode-3-GrpcLogAppender: Leader has not got in touch with Follower omNode-2@group-523986131536->omNode-3(c-1,m0,n192, attendVote=true, lastRpcSendTime=18, lastRpcResponseTime=25377) yet, just keep nextIndex unchanged and retry.
2021-01-15 07:28:50,090 [grpc-default-executor-3] WARN  server.GrpcLogAppender (LogUtils.java:warn(122)) - omNode-2@group-523986131536->omNode-3-AppendLogResponseHandler: Failed appendEntries: org.apache.ratis.thirdparty.io.grpc.StatusRuntimeException: UNAVAILABLE: io exception
2021-01-15 07:28:50,091 [grpc-default-executor-3] WARN  server.GrpcLogAppender (GrpcLogAppender.java:resetClient(111)) - omNode-2@group-523986131536->omNode-3-GrpcLogAppender: Leader has not got in touch with Follower omNode-2@group-523986131536->omNode-3(c-1,m0,n193, attendVote=true, lastRpcSendTime=0, lastRpcResponseTime=25408) yet, just keep nextIndex unchanged and retry.
2021-01-15 07:28:50,195 [grpc-default-executor-3] WARN  server.GrpcLogAppender (LogUtils.java:warn(122)) - omNode-2@group-523986131536->omNode-3-AppendLogResponseHandler: Failed appendEntries: org.apache.ratis.thirdparty.io.grpc.StatusRuntimeException: UNAVAILABLE: io exception
2021-01-15 07:28:50,195 [grpc-default-executor-3] WARN  server.GrpcLogAppender (GrpcLogAppender.java:resetClient(111)) - omNode-2@group-523986131536->omNode-3-GrpcLogAppender: Leader has not got in touch with Follower omNode-2@group-523986131536->omNode-3(c-1,m0,n194, attendVote=true, lastRpcSendTime=0, lastRpcResponseTime=25512) yet, just keep nextIndex unchanged and retry.
2021-01-15 07:28:50,200 [grpc-default-executor-3] WARN  server.GrpcLogAppender (LogUtils.java:warn(122)) - omNode-2@group-523986131536->omNode-3-AppendLogResponseHandler: Failed appendEntries: org.apache.ratis.thirdparty.io.grpc.StatusRuntimeException: UNAVAILABLE: io exception
2021-01-15 07:28:50,200 [grpc-default-executor-3] WARN  server.GrpcLogAppender (GrpcLogAppender.java:resetClient(111)) - omNode-2@group-523986131536->omNode-3-GrpcLogAppender: Leader has not got in touch with Follower omNode-2@group-523986131536->omNode-3(c-1,m0,n195, attendVote=true, lastRpcSendTime=0, lastRpcResponseTime=25517) yet, just keep nextIndex unchanged and retry.
2021-01-15 07:28:50,219 [grpc-default-executor-0] WARN  server.GrpcLogAppender (LogUtils.java:warn(122)) - omNode-2@group-523986131536->omNode-3-AppendLogResponseHandler: Failed appendEntries: org.apache.ratis.thirdparty.io.grpc.StatusRuntimeException: UNAVAILABLE: io exception
2021-01-15 07:28:50,220 [grpc-default-executor-0] WARN  server.GrpcLogAppender (GrpcLogAppender.java:resetClient(111)) - omNode-2@group-523986131536->omNode-3-GrpcLogAppender: Leader has not got in touch with Follower omNode-2@group-523986131536->omNode-3(c-1,m0,n196, attendVote=true, lastRpcSendTime=0, lastRpcResponseTime=25537) yet, just keep nextIndex unchanged and retry.
2021-01-15 07:28:50,221 [grpc-default-executor-0] WARN  server.GrpcLogAppender (LogUtils.java:warn(122)) - omNode-2@group-523986131536->omNode-3-AppendLogResponseHandler: Failed appendEntries: org.apache.ratis.thirdparty.io.grpc.StatusRuntimeException: UNAVAILABLE: io exception
2021-01-15 07:28:50,222 [grpc-default-executor-0] WARN  server.GrpcLogAppender (GrpcLogAppender.java:resetClient(111)) - omNode-2@group-523986131536->omNode-3-GrpcLogAppender: Leader has not got in touch with Follower omNode-2@group-523986131536->omNode-3(c-1,m0,n197, attendVote=true, lastRpcSendTime=0, lastRpcResponseTime=25539) yet, just keep nextIndex unchanged and retry.
2021-01-15 07:28:50,329 [grpc-default-executor-0] WARN  server.GrpcLogAppender (LogUtils.java:warn(122)) - omNode-2@group-523986131536->omNode-3-AppendLogResponseHandler: Failed appendEntries: org.apache.ratis.thirdparty.io.grpc.StatusRuntimeException: UNAVAILABLE: io exception
2021-01-15 07:28:50,330 [grpc-default-executor-0] WARN  server.GrpcLogAppender (GrpcLogAppender.java:resetClient(111)) - omNode-2@group-523986131536->omNode-3-GrpcLogAppender: Leader has not got in touch with Follower omNode-2@group-523986131536->omNode-3(c-1,m0,n198, attendVote=true, lastRpcSendTime=0, lastRpcResponseTime=25647) yet, just keep nextIndex unchanged and retry.
2021-01-15 07:28:50,340 [grpc-default-executor-0] WARN  server.GrpcLogAppender (LogUtils.java:warn(122)) - omNode-2@group-523986131536->omNode-3-AppendLogResponseHandler: Failed appendEntries: org.apache.ratis.thirdparty.io.grpc.StatusRuntimeException: UNAVAILABLE: io exception
2021-01-15 07:28:50,341 [grpc-default-executor-0] WARN  server.GrpcLogAppender (GrpcLogAppender.java:resetClient(111)) - omNode-2@group-523986131536->omNode-3-GrpcLogAppender: Leader has not got in touch with Follower omNode-2@group-523986131536->omNode-3(c-1,m0,n199, attendVote=true, lastRpcSendTime=11, lastRpcResponseTime=25658) yet, just keep nextIndex unchanged and retry.
2021-01-15 07:28:50,357 [grpc-default-executor-2] WARN  server.GrpcLogAppender (LogUtils.java:warn(122)) - omNode-2@group-523986131536->omNode-3-AppendLogResponseHandler: Failed appendEntries: org.apache.ratis.thirdparty.io.grpc.StatusRuntimeException: UNAVAILABLE: io exception
2021-01-15 07:28:50,358 [grpc-default-executor-2] WARN  server.GrpcLogAppender (GrpcLogAppender.java:resetClient(111)) - omNode-2@group-523986131536->omNode-3-GrpcLogAppender: Leader has not got in touch with Follower omNode-2@group-523986131536->omNode-3(c-1,m0,n200, attendVote=true, lastRpcSendTime=0, lastRpcResponseTime=25675) yet, just keep nextIndex unchanged and retry.
2021-01-15 07:28:50,360 [omNode-2@group-523986131536-StateMachineUpdater] INFO  ratis.OzoneManagerStateMachine (OzoneManagerStateMachine.java:takeSnapshot(345)) - Current Snapshot Index (t:2, i:199)
2021-01-15 07:28:50,360 [omNode-2@group-523986131536-StateMachineUpdater] INFO  impl.StateMachineUpdater (StateMachineUpdater.java:takeSnapshot(279)) - omNode-2@group-523986131536-StateMachineUpdater: Took a snapshot at index 199
2021-01-15 07:28:50,360 [omNode-2@group-523986131536-StateMachineUpdater] INFO  impl.StateMachineUpdater (StateMachineUpdater.java:lambda$new$0(88)) - omNode-2@group-523986131536-StateMachineUpdater: snapshotIndex: updateIncreasingly 149 -> 199
2021-01-15 07:28:50,360 [omNode-2@group-523986131536-StateMachineUpdater] INFO  raftlog.RaftLog (RaftLogBase.java:purge(306)) - omNode-2@group-523986131536-SegmentedRaftLog: purge 199
2021-01-15 07:28:50,360 [omNode-2@group-523986131536-StateMachineUpdater] INFO  raftlog.RaftLog (RaftLogBase.java:lambda$new$0(53)) - omNode-2@group-523986131536-SegmentedRaftLog: snapshotIndex: updateIncreasingly 149 -> 199
2021-01-15 07:28:50,360 [omNode-2@group-523986131536-StateMachineUpdater] INFO  raftlog.RaftLog (RaftLogBase.java:lambda$new$0(53)) - omNode-2@group-523986131536-SegmentedRaftLog: purgeIndex: updateToMax old=149, new=199, updated? true
2021-01-15 07:28:50,362 [omNode-1@group-523986131536-StateMachineUpdater] INFO  ratis.OzoneManagerStateMachine (OzoneManagerStateMachine.java:takeSnapshot(345)) - Current Snapshot Index (t:2, i:199)
2021-01-15 07:28:50,362 [omNode-1@group-523986131536-StateMachineUpdater] INFO  impl.StateMachineUpdater (StateMachineUpdater.java:takeSnapshot(279)) - omNode-1@group-523986131536-StateMachineUpdater: Took a snapshot at index 199
2021-01-15 07:28:50,362 [omNode-1@group-523986131536-StateMachineUpdater] INFO  impl.StateMachineUpdater (StateMachineUpdater.java:lambda$new$0(88)) - omNode-1@group-523986131536-StateMachineUpdater: snapshotIndex: updateIncreasingly 149 -> 199
2021-01-15 07:28:50,362 [omNode-1@group-523986131536-StateMachineUpdater] INFO  raftlog.RaftLog (RaftLogBase.java:purge(306)) - omNode-1@group-523986131536-SegmentedRaftLog: purge 199
2021-01-15 07:28:50,362 [omNode-1@group-523986131536-StateMachineUpdater] INFO  raftlog.RaftLog (RaftLogBase.java:lambda$new$0(53)) - omNode-1@group-523986131536-SegmentedRaftLog: snapshotIndex: updateIncreasingly 149 -> 199
2021-01-15 07:28:50,362 [omNode-1@group-523986131536-StateMachineUpdater] INFO  raftlog.RaftLog (RaftLogBase.java:lambda$new$0(53)) - omNode-1@group-523986131536-SegmentedRaftLog: purgeIndex: updateToMax old=149, new=199, updated? true
2021-01-15 07:28:50,364 [grpc-default-executor-3] WARN  server.GrpcLogAppender (LogUtils.java:warn(122)) - omNode-2@group-523986131536->omNode-3-AppendLogResponseHandler: Failed appendEntries: org.apache.ratis.thirdparty.io.grpc.StatusRuntimeException: UNAVAILABLE: io exception
2021-01-15 07:28:50,365 [grpc-default-executor-3] WARN  server.GrpcLogAppender (GrpcLogAppender.java:resetClient(111)) - omNode-2@group-523986131536->omNode-3-GrpcLogAppender: Leader has not got in touch with Follower omNode-2@group-523986131536->omNode-3(c-1,m0,n201, attendVote=true, lastRpcSendTime=0, lastRpcResponseTime=25682) yet, just keep nextIndex unchanged and retry.
2021-01-15 07:28:50,476 [Listener at 127.0.0.1/10100] INFO  db.RDBCheckpointManager (RDBCheckpointManager.java:createCheckpoint(86)) - Created checkpoint at /github/workspace/mnt/ozone/hadoop-ozone/integration-test/target/test-dir/MiniOzoneClusterImpl-f641cada-e66d-4460-aad4-b2880581a04d/omNode-2/db.checkpoints/rdb_rdb_checkpoint_1610695730460 in 15 milliseconds
2021-01-15 07:28:50,477 [Listener at 127.0.0.1/10100] INFO  impl.MetricsSystemImpl (MetricsSystemImpl.java:init(158)) - OzoneManager metrics system started (again)
2021-01-15 07:28:50,479 [Listener at 127.0.0.1/10100] INFO  om.OzoneManager (OzoneManager.java:start(1160)) - OzoneManager RPC server is listening at localhost/127.0.0.1:10100
2021-01-15 07:28:50,479 [Listener at 127.0.0.1/10100] INFO  ratis.OzoneManagerRatisServer (OzoneManagerRatisServer.java:start(377)) - Starting OzoneManagerRatisServer omNode-3 at port 10104
2021-01-15 07:28:50,479 [Listener at 127.0.0.1/10100] INFO  server.RaftServer$Division (RaftServerImpl.java:start(294)) - omNode-3@group-523986131536: start as a follower, conf=-1: [omNode-3|rpc:localhost:10104|priority:0, omNode-1|rpc:localhost:10092|priority:0, omNode-2|rpc:localhost:10098|priority:0], old=null
2021-01-15 07:28:50,480 [Listener at 127.0.0.1/10100] INFO  server.RaftServer$Division (RaftServerImpl.java:setRole(283)) - omNode-3@group-523986131536: changes role from      null to FOLLOWER at term 0 for startAsFollower
2021-01-15 07:28:50,481 [Listener at 127.0.0.1/10100] INFO  impl.RoleInfo (RoleInfo.java:updateAndGet(130)) - omNode-3: start omNode-3@group-523986131536-FollowerState
2021-01-15 07:28:50,486 [Listener at 127.0.0.1/10100] INFO  util.JmxRegister (JmxRegister.java:tryRegister(44)) - Successfully registered JMX Bean with object name Ratis:service=RaftServer,group=group-523986131536,id=omNode-3
2021-01-15 07:28:50,486 [Listener at 127.0.0.1/10100] INFO  metrics.RatisMetrics (RatisMetrics.java:lambda$create$0(36)) - Creating Metrics Registry : ratis.state_machine.omNode-3@group-523986131536
2021-01-15 07:28:50,491 [Listener at 127.0.0.1/10100] INFO  server.RaftServer (RaftServerProxy.java:lambda$start$5(372)) - omNode-3: start RPC server
2021-01-15 07:28:50,491 [Listener at 127.0.0.1/10100] INFO  server.GrpcService (GrpcService.java:startImpl(176)) - omNode-3: GrpcService started, listening on 0.0.0.0/0.0.0.0:10104
2021-01-15 07:28:50,495 [org.apache.ratis.util.JvmPauseMonitor$$Lambda$305/117534431@38a1f3f4] INFO  util.JvmPauseMonitor (JvmPauseMonitor.java:run(103)) - JvmPauseMonitor-omNode-3: Started
2021-01-15 07:28:50,499 [Listener at 127.0.0.1/10100] INFO  http.BaseHttpServer (BaseHttpServer.java:newHttpServer2BuilderForOzone(207)) - Starting Web-server for ozoneManager at: http://0.0.0.0:10102
2021-01-15 07:28:50,500 [Listener at 127.0.0.1/10100] INFO  http.BaseHttpServer (BaseHttpServer.java:<init>(106)) - Hadoop Security Enabled: false Ozone Security Enabled: false Ozone HTTP Security Enabled: false 
2021-01-15 07:28:50,501 [Listener at 127.0.0.1/10100] INFO  server.AuthenticationFilter (AuthenticationFilter.java:constructSecretProvider(240)) - Unable to initialize FileSignerSecretProvider, falling back to use random secrets.
2021-01-15 07:28:50,502 [Listener at 127.0.0.1/10100] WARN  http.HttpRequestLog (HttpRequestLog.java:getRequestLog(103)) - Jetty request log can only be enabled using Log4j
2021-01-15 07:28:50,503 [Listener at 127.0.0.1/10100] INFO  http.HttpServer2 (HttpServer2.java:addGlobalFilter(1020)) - Added global filter 'safety' (class=org.apache.hadoop.hdds.server.http.HttpServer2$QuotingInputFilter)
2021-01-15 07:28:50,504 [Listener at 127.0.0.1/10100] INFO  http.HttpServer2 (HttpServer2.java:addFilter(996)) - Added filter static_user_filter (class=org.apache.hadoop.http.lib.StaticUserWebFilter$StaticUserFilter) to context ozoneManager
2021-01-15 07:28:50,504 [Listener at 127.0.0.1/10100] INFO  http.HttpServer2 (HttpServer2.java:addFilter(1004)) - Added filter static_user_filter (class=org.apache.hadoop.http.lib.StaticUserWebFilter$StaticUserFilter) to context logs
2021-01-15 07:28:50,504 [Listener at 127.0.0.1/10100] INFO  http.HttpServer2 (HttpServer2.java:addFilter(1004)) - Added filter static_user_filter (class=org.apache.hadoop.http.lib.StaticUserWebFilter$StaticUserFilter) to context static
2021-01-15 07:28:50,505 [Listener at 127.0.0.1/10100] INFO  http.HttpServer2 (HttpServer2.java:bindListener(1238)) - Jetty bound to port 10102
2021-01-15 07:28:50,505 [Listener at 127.0.0.1/10100] INFO  server.Server (Server.java:doStart(375)) - jetty-9.4.34.v20201102; built: 2020-11-02T14:15:39.302Z; git: e46af88704a893fc12cb0e3bf46e2c7b48a009e7; jvm 1.8.0_232-b09
2021-01-15 07:28:50,506 [Listener at 127.0.0.1/10100] INFO  server.session (DefaultSessionIdManager.java:doStart(334)) - DefaultSessionIdManager workerName=node0
2021-01-15 07:28:50,506 [Listener at 127.0.0.1/10100] INFO  server.session (DefaultSessionIdManager.java:doStart(339)) - No SessionScavenger set, using defaults
2021-01-15 07:28:50,507 [Listener at 127.0.0.1/10100] INFO  server.session (HouseKeeper.java:startScavenging(132)) - node0 Scavenging every 660000ms
2021-01-15 07:28:50,507 [Listener at 127.0.0.1/10100] INFO  handler.ContextHandler (ContextHandler.java:doStart(916)) - Started o.e.j.s.ServletContextHandler@1aa615f6{logs,/logs,file:///github/workspace/mnt/ozone/hadoop-ozone/integration-test/target/log,AVAILABLE}
2021-01-15 07:28:50,508 [Listener at 127.0.0.1/10100] INFO  handler.ContextHandler (ContextHandler.java:doStart(916)) - Started o.e.j.s.ServletContextHandler@66b18cdc{static,/static,file:///github/workspace/mnt/ozone/hadoop-ozone/integration-test/target/test-classes/webapps/static,AVAILABLE}
2021-01-15 07:28:50,510 [Listener at 127.0.0.1/10100] INFO  handler.ContextHandler (ContextHandler.java:doStart(916)) - Started o.e.j.w.WebAppContext@73ec0eee{ozoneManager,/,file:///github/workspace/mnt/ozone/hadoop-ozone/integration-test/target/test-classes/webapps/ozoneManager/,AVAILABLE}{file:/github/workspace/mnt/ozone/hadoop-ozone/integration-test/target/test-classes/webapps/ozoneManager}
2021-01-15 07:28:50,515 [Listener at 127.0.0.1/10100] INFO  server.AbstractConnector (AbstractConnector.java:doStart(331)) - Started ServerConnector@5ca96867{HTTP/1.1, (http/1.1)}{0.0.0.0:10102}
2021-01-15 07:28:50,516 [Listener at 127.0.0.1/10100] INFO  server.Server (Server.java:doStart(415)) - Started @31578ms
2021-01-15 07:28:50,524 [Listener at 127.0.0.1/10100] WARN  impl.MetricsSystemImpl (MetricsSystemImpl.java:register(276)) - Sink prometheus already exists!
2021-01-15 07:28:50,864 [grpc-default-executor-3] WARN  server.GrpcLogAppender (LogUtils.java:warn(122)) - omNode-2@group-523986131536->omNode-3-AppendLogResponseHandler: Failed appendEntries: org.apache.ratis.thirdparty.io.grpc.StatusRuntimeException: UNAVAILABLE: io exception
2021-01-15 07:28:50,865 [grpc-default-executor-3] WARN  server.GrpcLogAppender (GrpcLogAppender.java:resetClient(111)) - omNode-2@group-523986131536->omNode-3-GrpcLogAppender: Leader has not got in touch with Follower omNode-2@group-523986131536->omNode-3(c-1,m0,n201, attendVote=true, lastRpcSendTime=0, lastRpcResponseTime=26182) yet, just keep nextIndex unchanged and retry.
2021-01-15 07:28:51,365 [grpc-default-executor-2] INFO  metrics.RatisMetrics (RatisMetrics.java:lambda$create$0(36)) - Creating Metrics Registry : ratis.server_message_metrics.omNode-3
2021-01-15 07:28:51,368 [grpc-default-executor-2] INFO  server.RaftServer$Division (ServerState.java:setLeader(249)) - omNode-3@group-523986131536: change Leader from null to omNode-2 at term 2 for appendEntries, leader elected after 27711ms
2021-01-15 07:28:51,368 [grpc-default-executor-2] INFO  server.RaftServer$Division (RaftServerImpl.java:checkInconsistentAppendEntries(1403)) - omNode-3@group-523986131536: Failed appendEntries as previous log entry ((t:2, i:200)) is not found
2021-01-15 07:28:51,368 [grpc-default-executor-2] INFO  server.RaftServer$Division (RaftServerImpl.java:checkInconsistentAppendEntries(1369)) - omNode-3@group-523986131536: inconsistency entries. Reply:omNode-2<-omNode-3#28009086:FAIL-t0,INCONSISTENCY,nextIndex=1,followerCommit=-1
2021-01-15 07:28:51,369 [grpc-default-executor-2] INFO  leader.FollowerInfo (FollowerInfoImpl.java:lambda$new$0(46)) - omNode-2@group-523986131536->omNode-3: nextIndex: updateUnconditionally 201 -> 1
2021-01-15 07:28:51,381 [grpc-default-executor-2] INFO  server.RaftServer$Division (RaftServerImpl.java:checkInconsistentAppendEntries(1403)) - omNode-3@group-523986131536: Failed appendEntries as previous log entry ((t:2, i:0)) is not found
2021-01-15 07:28:51,381 [grpc-default-executor-2] INFO  server.RaftServer$Division (RaftServerImpl.java:checkInconsistentAppendEntries(1369)) - omNode-3@group-523986131536: inconsistency entries. Reply:omNode-2<-omNode-3#28009087:FAIL-t2,INCONSISTENCY,nextIndex=0,followerCommit=-1
2021-01-15 07:28:51,381 [grpc-default-executor-3] INFO  leader.FollowerInfo (FollowerInfoImpl.java:lambda$new$0(46)) - omNode-2@group-523986131536->omNode-3: nextIndex: updateUnconditionally 201 -> 0
2021-01-15 07:28:51,391 [grpc-default-executor-2] INFO  server.RaftServer$Division (ServerState.java:setRaftConf(368)) - omNode-3@group-523986131536: set configuration 0: [omNode-3|rpc:localhost:10104|dataStream:|priority:0, omNode-1|rpc:localhost:10092|dataStream:|priority:0, omNode-2|rpc:localhost:10098|dataStream:|priority:0], old=null
2021-01-15 07:28:51,391 [grpc-default-executor-2] INFO  segmented.SegmentedRaftLogWorker (SegmentedRaftLogWorker.java:startLogSegment(392)) - omNode-3@group-523986131536-SegmentedRaftLogWorker: Starting segment from index:0
2021-01-15 07:28:51,431 [omNode-3@group-523986131536-SegmentedRaftLogWorker] INFO  segmented.SegmentedRaftLogWorker (SegmentedRaftLogWorker.java:execute(599)) - omNode-3@group-523986131536-SegmentedRaftLogWorker: created new log segment /github/workspace/mnt/ozone/hadoop-ozone/integration-test/target/test-dir/MiniOzoneClusterImpl-f641cada-e66d-4460-aad4-b2880581a04d/omNode-3/ratis/c9bc4cf4-3bc3-3c60-a66b-523986131536/current/log_inprogress_0
2021-01-15 07:28:51,457 [OM StateMachine ApplyTransaction Thread - 0] INFO  volume.OMVolumeCreateRequest (OMVolumeCreateRequest.java:validateAndUpdateCache(196)) - created volume:volume96919 for user:user07747
2021-01-15 07:28:51,538 [omNode-3@group-523986131536-StateMachineUpdater] INFO  ratis.OzoneManagerStateMachine (OzoneManagerStateMachine.java:takeSnapshot(345)) - Current Snapshot Index (t:2, i:200)
2021-01-15 07:28:51,538 [omNode-3@group-523986131536-StateMachineUpdater] INFO  impl.StateMachineUpdater (StateMachineUpdater.java:takeSnapshot(279)) - omNode-3@group-523986131536-StateMachineUpdater: Took a snapshot at index 200
2021-01-15 07:28:51,538 [omNode-3@group-523986131536-StateMachineUpdater] INFO  impl.StateMachineUpdater (StateMachineUpdater.java:lambda$new$0(88)) - omNode-3@group-523986131536-StateMachineUpdater: snapshotIndex: updateIncreasingly -1 -> 200
2021-01-15 07:28:51,538 [omNode-3@group-523986131536-StateMachineUpdater] INFO  raftlog.RaftLog (RaftLogBase.java:purge(306)) - omNode-3@group-523986131536-SegmentedRaftLog: purge 200
2021-01-15 07:28:51,539 [omNode-3@group-523986131536-StateMachineUpdater] INFO  raftlog.RaftLog (RaftLogBase.java:lambda$new$0(53)) - omNode-3@group-523986131536-SegmentedRaftLog: snapshotIndex: updateIncreasingly -1 -> 200
2021-01-15 07:28:51,539 [omNode-3@group-523986131536-StateMachineUpdater] INFO  raftlog.RaftLog (RaftLogBase.java:lambda$new$0(53)) - omNode-3@group-523986131536-SegmentedRaftLog: purgeIndex: updateToMax old=-1, new=200, updated? true
2021-01-15 07:28:55,530 [Listener at 127.0.0.1/10100] INFO  http.BaseHttpServer (BaseHttpServer.java:updateConnectorAddress(327)) - HTTP server of ozoneManager listening at http://0.0.0.0:10102
2021-01-15 07:28:55,531 [IPC Server Responder] INFO  ipc.Server (Server.java:run(1460)) - IPC Server Responder: starting
2021-01-15 07:28:55,531 [IPC Server listener on 10100] INFO  ipc.Server (Server.java:run(1298)) - IPC Server listener on 10100: starting
2021-01-15 07:28:55,540 [Listener at 127.0.0.1/10100] INFO  om.OzoneManager (OzoneManager.java:startTrashEmptier(1281)) - Trash Interval set to 0. Files deleted will not move to trash
2021-01-15 07:28:55,541 [org.apache.hadoop.util.JvmPauseMonitor$Monitor@4fa86e52] INFO  util.JvmPauseMonitor (JvmPauseMonitor.java:run(188)) - Starting JVM pause monitor
2021-01-15 07:28:55,541 [Listener at 127.0.0.1/10100] INFO  ozone.MiniOzoneClusterImpl (MiniOzoneClusterImpl.java:shutdown(389)) - Shutting down the Mini Ozone Cluster
2021-01-15 07:28:55,541 [Listener at 127.0.0.1/10100] INFO  ozone.MiniOzoneHAClusterImpl (MiniOzoneHAClusterImpl.java:stop(230)) - Stopping the OzoneManager omNode-3
2021-01-15 07:28:55,541 [Listener at 127.0.0.1/10100] INFO  ipc.Server (Server.java:stop(3359)) - Stopping server on 10100
2021-01-15 07:28:55,542 [IPC Server Responder] INFO  ipc.Server (Server.java:run(1465)) - Stopping IPC Server Responder
2021-01-15 07:28:55,543 [IPC Server listener on 10100] INFO  ipc.Server (Server.java:run(1330)) - Stopping IPC Server listener on 10100
2021-01-15 07:28:55,545 [Listener at 127.0.0.1/10100] INFO  server.RaftServer (RaftServerProxy.java:lambda$close$6(389)) - omNode-3: close
2021-01-15 07:28:55,545 [Listener at 127.0.0.1/10100] INFO  server.RaftServer$Division (RaftServerImpl.java:lambda$close$4(405)) - omNode-3@group-523986131536: shutdown
2021-01-15 07:28:55,545 [Listener at 127.0.0.1/10100] INFO  util.JmxRegister (JmxRegister.java:unregister(73)) - Successfully un-registered JMX Bean with object name Ratis:service=RaftServer,group=group-523986131536,id=omNode-3
2021-01-15 07:28:55,545 [Listener at 127.0.0.1/10100] INFO  impl.RoleInfo (RoleInfo.java:shutdownFollowerState(108)) - omNode-3: shutdown omNode-3@group-523986131536-FollowerState
2021-01-15 07:28:55,545 [Listener at 127.0.0.1/10100] INFO  impl.StateMachineUpdater (StateMachineUpdater.java:stopAndJoin(148)) - omNode-3@group-523986131536-StateMachineUpdater: set stopIndex = 200
2021-01-15 07:28:55,546 [omNode-3@group-523986131536-StateMachineUpdater] INFO  metrics.RatisMetrics (RatisMetrics.java:unregister(43)) - Unregistering Metrics Registry : ratis.state_machine.omNode-3@group-523986131536
2021-01-15 07:28:55,545 [Thread-572] INFO  impl.FollowerState (FollowerState.java:run(142)) - omNode-3@group-523986131536-FollowerState was interrupted: {}
java.lang.InterruptedException: sleep interrupted
	at java.lang.Thread.sleep(Native Method)
	at java.lang.Thread.sleep(Thread.java:340)
	at java.util.concurrent.TimeUnit.sleep(TimeUnit.java:386)
	at org.apache.ratis.util.TimeDuration.sleep(TimeDuration.java:324)
	at org.apache.ratis.util.TimeDuration.sleep(TimeDuration.java:309)
	at org.apache.ratis.server.impl.FollowerState.run(FollowerState.java:117)
2021-01-15 07:28:55,546 [Listener at 127.0.0.1/10100] INFO  server.RaftServer$Division (ServerState.java:close(400)) - omNode-3@group-523986131536: closes. applyIndex: 200
2021-01-15 07:28:55,548 [omNode-3@group-523986131536-SegmentedRaftLogWorker] INFO  segmented.SegmentedRaftLogWorker (SegmentedRaftLogWorker.java:run(326)) - omNode-3@group-523986131536-SegmentedRaftLogWorker was interrupted, exiting. There are 0 tasks remaining in the queue.
2021-01-15 07:28:55,551 [Listener at 127.0.0.1/10100] INFO  segmented.SegmentedRaftLogWorker (SegmentedRaftLogWorker.java:close(236)) - omNode-3@group-523986131536-SegmentedRaftLogWorker close()
2021-01-15 07:28:55,552 [Listener at 127.0.0.1/10100] INFO  metrics.RatisMetrics (RatisMetrics.java:unregister(43)) - Unregistering Metrics Registry : ratis.log_worker.omNode-3@group-523986131536
2021-01-15 07:28:55,552 [Listener at 127.0.0.1/10100] INFO  metrics.RatisMetrics (RatisMetrics.java:unregister(43)) - Unregistering Metrics Registry : ratis.leader_election.omNode-3@group-523986131536
2021-01-15 07:28:55,552 [Listener at 127.0.0.1/10100] INFO  metrics.RatisMetrics (RatisMetrics.java:unregister(43)) - Unregistering Metrics Registry : ratis.server.omNode-3@group-523986131536
2021-01-15 07:28:55,553 [Listener at 127.0.0.1/10100] INFO  server.GrpcService (GrpcService.java:closeImpl(183)) - omNode-3: shutdown server with port 10104 now
2021-01-15 07:28:55,557 [Listener at 127.0.0.1/10100] INFO  server.GrpcService (GrpcService.java:closeImpl(192)) - omNode-3: shutdown server with port 10104 successfully
2021-01-15 07:28:55,557 [org.apache.ratis.util.JvmPauseMonitor$$Lambda$305/117534431@38a1f3f4] INFO  util.JvmPauseMonitor (JvmPauseMonitor.java:run(109)) - JvmPauseMonitor-omNode-3: Stopped
2021-01-15 07:28:55,558 [Listener at 127.0.0.1/10100] INFO  ratis.OzoneManagerDoubleBuffer (OzoneManagerDoubleBuffer.java:stop(425)) - Stopping OMDoubleBuffer flush thread
2021-01-15 07:28:55,558 [OMDoubleBufferFlushThread] INFO  ratis.OzoneManagerDoubleBuffer (OzoneManagerDoubleBuffer.java:flushTransactions(352)) - OMDoubleBuffer flush thread OMDoubleBufferFlushThread is interrupted and will exit. OMDoubleBufferFlushThread
2021-01-15 07:28:55,559 [grpc-default-executor-3] WARN  server.GrpcServerProtocolService (LogUtils.java:warn(122)) - omNode-3: installSnapshot onError, lastRequest: omNode-2->omNode-3#28009089-t2,previous=(t:0, i:0),leaderCommit=200,initializing? true,entries: size=201, first=(t:2, i:0), CONFIGURATIONENTRY: org.apache.ratis.thirdparty.io.grpc.StatusRuntimeException: CANCELLED: cancelled before receiving half close
2021-01-15 07:28:55,559 [Listener at 127.0.0.1/10100] INFO  ratis.OzoneManagerStateMachine (HadoopExecutors.java:shutdown(118)) - Gracefully shutting down executor service. Waiting max 5 SECONDS
2021-01-15 07:28:55,561 [grpc-default-executor-2] WARN  server.GrpcLogAppender (LogUtils.java:warn(122)) - omNode-2@group-523986131536->omNode-3-AppendLogResponseHandler: Failed appendEntries: org.apache.ratis.thirdparty.io.grpc.StatusRuntimeException: CANCELLED: HTTP/2 error code: CANCEL
Received Rst Stream
2021-01-15 07:28:55,562 [grpc-default-executor-2] INFO  leader.FollowerInfo (FollowerInfoImpl.java:lambda$new$0(46)) - omNode-2@group-523986131536->omNode-3: nextIndex: updateUnconditionally 201 -> 200
2021-01-15 07:28:55,562 [Listener at 127.0.0.1/10100] INFO  ratis.OzoneManagerStateMachine (HadoopExecutors.java:shutdown(129)) - Succesfully shutdown executor service
2021-01-15 07:28:55,562 [Listener at 127.0.0.1/10100] INFO  ratis.OzoneManagerStateMachine (HadoopExecutors.java:shutdown(118)) - Gracefully shutting down executor service. Waiting max 5 SECONDS
2021-01-15 07:28:55,562 [Listener at 127.0.0.1/10100] INFO  ratis.OzoneManagerStateMachine (HadoopExecutors.java:shutdown(129)) - Succesfully shutdown executor service
2021-01-15 07:28:55,562 [Listener at 127.0.0.1/10100] INFO  utils.BackgroundService (BackgroundService.java:shutdown(132)) - Shutting down service KeyDeletingService
2021-01-15 07:28:55,568 [Listener at 127.0.0.1/10100] INFO  handler.ContextHandler (ContextHandler.java:doStop(1154)) - Stopped o.e.j.w.WebAppContext@73ec0eee{ozoneManager,/,null,STOPPED}{file:/github/workspace/mnt/ozone/hadoop-ozone/integration-test/target/test-classes/webapps/ozoneManager}
2021-01-15 07:28:55,569 [grpc-default-executor-2] WARN  server.GrpcLogAppender (LogUtils.java:warn(122)) - omNode-2@group-523986131536->omNode-3-AppendLogResponseHandler: Failed appendEntries: org.apache.ratis.thirdparty.io.grpc.StatusRuntimeException: UNAVAILABLE: io exception
2021-01-15 07:28:55,569 [grpc-default-executor-2] INFO  leader.FollowerInfo (FollowerInfoImpl.java:lambda$new$0(46)) - omNode-2@group-523986131536->omNode-3: nextIndex: updateUnconditionally 201 -> 200
2021-01-15 07:28:55,576 [Listener at 127.0.0.1/10100] INFO  server.AbstractConnector (AbstractConnector.java:doStop(381)) - Stopped ServerConnector@5ca96867{HTTP/1.1, (http/1.1)}{0.0.0.0:10102}
2021-01-15 07:28:55,577 [Listener at 127.0.0.1/10100] INFO  server.session (HouseKeeper.java:stopScavenging(149)) - node0 Stopped scavenging
2021-01-15 07:28:55,577 [Listener at 127.0.0.1/10100] INFO  handler.ContextHandler (ContextHandler.java:doStop(1154)) - Stopped o.e.j.s.ServletContextHandler@66b18cdc{static,/static,file:///github/workspace/mnt/ozone/hadoop-ozone/integration-test/target/test-classes/webapps/static,STOPPED}
2021-01-15 07:28:55,577 [Listener at 127.0.0.1/10100] INFO  handler.ContextHandler (ContextHandler.java:doStop(1154)) - Stopped o.e.j.s.ServletContextHandler@1aa615f6{logs,/logs,file:///github/workspace/mnt/ozone/hadoop-ozone/integration-test/target/log,STOPPED}
2021-01-15 07:28:55,580 [Listener at 127.0.0.1/10100] INFO  ozone.MiniOzoneHAClusterImpl (MiniOzoneHAClusterImpl.java:stop(230)) - Stopping the OzoneManager omNode-1
2021-01-15 07:28:55,580 [Listener at 127.0.0.1/10100] INFO  ipc.Server (Server.java:stop(3359)) - Stopping server on 10088
2021-01-15 07:28:55,584 [IPC Server listener on 10088] INFO  ipc.Server (Server.java:run(1330)) - Stopping IPC Server listener on 10088
2021-01-15 07:28:55,586 [IPC Server Responder] INFO  ipc.Server (Server.java:run(1465)) - Stopping IPC Server Responder
2021-01-15 07:28:55,588 [Listener at 127.0.0.1/10100] INFO  server.RaftServer (RaftServerProxy.java:lambda$close$6(389)) - omNode-1: close
2021-01-15 07:28:55,588 [Listener at 127.0.0.1/10100] INFO  server.RaftServer$Division (RaftServerImpl.java:lambda$close$4(405)) - omNode-1@group-523986131536: shutdown
2021-01-15 07:28:55,588 [Listener at 127.0.0.1/10100] INFO  util.JmxRegister (JmxRegister.java:unregister(73)) - Successfully un-registered JMX Bean with object name Ratis:service=RaftServer,group=group-523986131536,id=omNode-1
2021-01-15 07:28:55,588 [Listener at 127.0.0.1/10100] INFO  impl.RoleInfo (RoleInfo.java:shutdownFollowerState(108)) - omNode-1: shutdown omNode-1@group-523986131536-FollowerState
2021-01-15 07:28:55,588 [Thread-201] INFO  impl.FollowerState (FollowerState.java:run(142)) - omNode-1@group-523986131536-FollowerState was interrupted: {}
java.lang.InterruptedException: sleep interrupted
	at java.lang.Thread.sleep(Native Method)
	at java.lang.Thread.sleep(Thread.java:340)
	at java.util.concurrent.TimeUnit.sleep(TimeUnit.java:386)
	at org.apache.ratis.util.TimeDuration.sleep(TimeDuration.java:324)
	at org.apache.ratis.util.TimeDuration.sleep(TimeDuration.java:309)
	at org.apache.ratis.server.impl.FollowerState.run(FollowerState.java:117)
2021-01-15 07:28:55,589 [omNode-1@group-523986131536-StateMachineUpdater] INFO  ratis.OzoneManagerStateMachine (OzoneManagerStateMachine.java:takeSnapshot(345)) - Current Snapshot Index (t:2, i:200)
2021-01-15 07:28:55,589 [omNode-1@group-523986131536-StateMachineUpdater] INFO  impl.StateMachineUpdater (StateMachineUpdater.java:takeSnapshot(279)) - omNode-1@group-523986131536-StateMachineUpdater: Took a snapshot at index 200
2021-01-15 07:28:55,589 [omNode-1@group-523986131536-StateMachineUpdater] INFO  impl.StateMachineUpdater (StateMachineUpdater.java:lambda$new$0(88)) - omNode-1@group-523986131536-StateMachineUpdater: snapshotIndex: updateIncreasingly 199 -> 200
2021-01-15 07:28:55,589 [omNode-1@group-523986131536-StateMachineUpdater] INFO  metrics.RatisMetrics (RatisMetrics.java:unregister(43)) - Unregistering Metrics Registry : ratis.state_machine.omNode-1@group-523986131536
2021-01-15 07:28:55,589 [Listener at 127.0.0.1/10100] INFO  impl.StateMachineUpdater (StateMachineUpdater.java:stopAndJoin(148)) - omNode-1@group-523986131536-StateMachineUpdater: set stopIndex = 200
2021-01-15 07:28:55,589 [Listener at 127.0.0.1/10100] INFO  server.RaftServer$Division (ServerState.java:close(400)) - omNode-1@group-523986131536: closes. applyIndex: 200
2021-01-15 07:28:55,590 [omNode-1@group-523986131536-SegmentedRaftLogWorker] INFO  segmented.SegmentedRaftLogWorker (SegmentedRaftLogWorker.java:run(326)) - omNode-1@group-523986131536-SegmentedRaftLogWorker was interrupted, exiting. There are 0 tasks remaining in the queue.
2021-01-15 07:28:55,591 [Listener at 127.0.0.1/10100] INFO  segmented.SegmentedRaftLogWorker (SegmentedRaftLogWorker.java:close(236)) - omNode-1@group-523986131536-SegmentedRaftLogWorker close()
2021-01-15 07:28:55,592 [Listener at 127.0.0.1/10100] INFO  metrics.RatisMetrics (RatisMetrics.java:unregister(43)) - Unregistering Metrics Registry : ratis.log_worker.omNode-1@group-523986131536
2021-01-15 07:28:55,592 [Listener at 127.0.0.1/10100] INFO  metrics.RatisMetrics (RatisMetrics.java:unregister(43)) - Unregistering Metrics Registry : ratis.leader_election.omNode-1@group-523986131536
2021-01-15 07:28:55,592 [Listener at 127.0.0.1/10100] INFO  metrics.RatisMetrics (RatisMetrics.java:unregister(43)) - Unregistering Metrics Registry : ratis.server.omNode-1@group-523986131536
2021-01-15 07:28:55,593 [Listener at 127.0.0.1/10100] INFO  server.GrpcService (GrpcService.java:closeImpl(183)) - omNode-1: shutdown server with port 10092 now
2021-01-15 07:28:55,597 [grpc-default-executor-3] WARN  server.GrpcServerProtocolService (LogUtils.java:warn(122)) - omNode-1: installSnapshot onError, lastRequest: omNode-2->omNode-1#962-t2,previous=(t:2, i:199),leaderCommit=199,initializing? true,entries: size=1, first=(t:2, i:200), METADATAENTRY(c:199): org.apache.ratis.thirdparty.io.grpc.StatusRuntimeException: CANCELLED: cancelled before receiving half close
2021-01-15 07:28:55,598 [grpc-default-executor-0] WARN  server.GrpcLogAppender (LogUtils.java:warn(122)) - omNode-2@group-523986131536->omNode-1-AppendLogResponseHandler: Failed appendEntries: org.apache.ratis.thirdparty.io.grpc.StatusRuntimeException: CANCELLED: HTTP/2 error code: CANCEL
Received Rst Stream
2021-01-15 07:28:55,598 [grpc-default-executor-0] INFO  leader.FollowerInfo (FollowerInfoImpl.java:lambda$new$0(46)) - omNode-2@group-523986131536->omNode-1: nextIndex: updateUnconditionally 201 -> 200
2021-01-15 07:28:55,599 [Listener at 127.0.0.1/10100] INFO  server.GrpcService (GrpcService.java:closeImpl(192)) - omNode-1: shutdown server with port 10092 successfully
2021-01-15 07:28:55,599 [org.apache.ratis.util.JvmPauseMonitor$$Lambda$305/117534431@198a8578] INFO  util.JvmPauseMonitor (JvmPauseMonitor.java:run(109)) - JvmPauseMonitor-omNode-1: Stopped
2021-01-15 07:28:55,599 [Listener at 127.0.0.1/10100] INFO  ratis.OzoneManagerDoubleBuffer (OzoneManagerDoubleBuffer.java:stop(425)) - Stopping OMDoubleBuffer flush thread
2021-01-15 07:28:55,599 [OMDoubleBufferFlushThread] INFO  ratis.OzoneManagerDoubleBuffer (OzoneManagerDoubleBuffer.java:flushTransactions(352)) - OMDoubleBuffer flush thread OMDoubleBufferFlushThread is interrupted and will exit. OMDoubleBufferFlushThread
2021-01-15 07:28:55,604 [grpc-default-executor-0] WARN  server.GrpcLogAppender (LogUtils.java:warn(122)) - omNode-2@group-523986131536->omNode-1-AppendLogResponseHandler: Failed appendEntries: org.apache.ratis.thirdparty.io.grpc.StatusRuntimeException: UNAVAILABLE: io exception
2021-01-15 07:28:55,604 [grpc-default-executor-0] INFO  leader.FollowerInfo (FollowerInfoImpl.java:lambda$new$0(46)) - omNode-2@group-523986131536->omNode-1: nextIndex: updateUnconditionally 201 -> 200
2021-01-15 07:28:55,605 [Listener at 127.0.0.1/10100] INFO  ratis.OzoneManagerStateMachine (HadoopExecutors.java:shutdown(118)) - Gracefully shutting down executor service. Waiting max 5 SECONDS
2021-01-15 07:28:55,605 [Listener at 127.0.0.1/10100] INFO  ratis.OzoneManagerStateMachine (HadoopExecutors.java:shutdown(129)) - Succesfully shutdown executor service
2021-01-15 07:28:55,605 [Listener at 127.0.0.1/10100] INFO  ratis.OzoneManagerStateMachine (HadoopExecutors.java:shutdown(118)) - Gracefully shutting down executor service. Waiting max 5 SECONDS
2021-01-15 07:28:55,605 [Listener at 127.0.0.1/10100] INFO  ratis.OzoneManagerStateMachine (HadoopExecutors.java:shutdown(129)) - Succesfully shutdown executor service
2021-01-15 07:28:55,605 [Listener at 127.0.0.1/10100] INFO  utils.BackgroundService (BackgroundService.java:shutdown(132)) - Shutting down service KeyDeletingService
2021-01-15 07:28:55,606 [Listener at 127.0.0.1/10100] INFO  handler.ContextHandler (ContextHandler.java:doStop(1154)) - Stopped o.e.j.w.WebAppContext@690fc515{ozoneManager,/,null,STOPPED}{file:/github/workspace/mnt/ozone/hadoop-ozone/integration-test/target/test-classes/webapps/ozoneManager}
2021-01-15 07:28:55,606 [Listener at 127.0.0.1/10100] INFO  server.AbstractConnector (AbstractConnector.java:doStop(381)) - Stopped ServerConnector@2c2f45a7{HTTP/1.1, (http/1.1)}{0.0.0.0:10090}
2021-01-15 07:28:55,606 [Listener at 127.0.0.1/10100] INFO  server.session (HouseKeeper.java:stopScavenging(149)) - node0 Stopped scavenging
2021-01-15 07:28:55,607 [Listener at 127.0.0.1/10100] INFO  handler.ContextHandler (ContextHandler.java:doStop(1154)) - Stopped o.e.j.s.ServletContextHandler@248be0ee{static,/static,file:///github/workspace/mnt/ozone/hadoop-ozone/integration-test/target/test-classes/webapps/static,STOPPED}
2021-01-15 07:28:55,607 [Listener at 127.0.0.1/10100] INFO  handler.ContextHandler (ContextHandler.java:doStop(1154)) - Stopped o.e.j.s.ServletContextHandler@775c0aa6{logs,/logs,file:///github/workspace/mnt/ozone/hadoop-ozone/integration-test/target/log,STOPPED}
2021-01-15 07:28:55,614 [Listener at 127.0.0.1/10100] INFO  ozone.MiniOzoneHAClusterImpl (MiniOzoneHAClusterImpl.java:stop(230)) - Stopping the OzoneManager omNode-2
2021-01-15 07:28:55,614 [Listener at 127.0.0.1/10100] INFO  ipc.Server (Server.java:stop(3359)) - Stopping server on 10094
2021-01-15 07:28:55,615 [IPC Server listener on 10094] INFO  ipc.Server (Server.java:run(1330)) - Stopping IPC Server listener on 10094
2021-01-15 07:28:55,616 [IPC Server Responder] INFO  ipc.Server (Server.java:run(1465)) - Stopping IPC Server Responder
2021-01-15 07:28:55,616 [Listener at 127.0.0.1/10100] INFO  server.RaftServer (RaftServerProxy.java:lambda$close$6(389)) - omNode-2: close
2021-01-15 07:28:55,616 [Listener at 127.0.0.1/10100] INFO  server.RaftServer$Division (RaftServerImpl.java:lambda$close$4(405)) - omNode-2@group-523986131536: shutdown
2021-01-15 07:28:55,617 [Listener at 127.0.0.1/10100] INFO  util.JmxRegister (JmxRegister.java:unregister(73)) - Successfully un-registered JMX Bean with object name Ratis:service=RaftServer,group=group-523986131536,id=omNode-2
2021-01-15 07:28:55,617 [Listener at 127.0.0.1/10100] INFO  impl.RoleInfo (RoleInfo.java:shutdownLeaderState(91)) - omNode-2: shutdown omNode-2@group-523986131536-LeaderStateImpl
2021-01-15 07:28:55,617 [Listener at 127.0.0.1/10100] INFO  metrics.RatisMetrics (RatisMetrics.java:unregister(43)) - Unregistering Metrics Registry : ratis_grpc.log_appender.omNode-2@group-523986131536
2021-01-15 07:28:55,617 [Listener at 127.0.0.1/10100] INFO  metrics.RatisMetrics (RatisMetrics.java:unregister(43)) - Unregistering Metrics Registry : ratis_grpc.log_appender.omNode-2@group-523986131536
2021-01-15 07:28:55,617 [omNode-2@group-523986131536->omNode-3-GrpcLogAppender-LogAppenderDaemon] WARN  server.GrpcLogAppender (GrpcLogAppender.java:mayWait(175)) - omNode-2@group-523986131536->omNode-3-GrpcLogAppender: Wait interrupted by java.lang.InterruptedException
2021-01-15 07:28:55,617 [Listener at 127.0.0.1/10100] INFO  impl.PendingRequests (PendingRequests.java:sendNotLeaderResponses(249)) - omNode-2@group-523986131536-PendingRequests: sendNotLeaderResponses
2021-01-15 07:28:55,619 [omNode-2@group-523986131536->omNode-1-GrpcLogAppender-LogAppenderDaemon] WARN  server.GrpcLogAppender (GrpcLogAppender.java:mayWait(175)) - omNode-2@group-523986131536->omNode-1-GrpcLogAppender: Wait interrupted by java.lang.InterruptedException
2021-01-15 07:28:55,619 [Listener at 127.0.0.1/10100] INFO  metrics.RatisMetrics (RatisMetrics.java:unregister(43)) - Unregistering Metrics Registry : ratis.log_appender.omNode-2@group-523986131536
2021-01-15 07:28:55,619 [Listener at 127.0.0.1/10100] INFO  metrics.RatisMetrics (RatisMetrics.java:unregister(43)) - Unregistering Metrics Registry : ratis.server.omNode-2@group-523986131536
2021-01-15 07:28:55,620 [Listener at 127.0.0.1/10100] INFO  impl.StateMachineUpdater (StateMachineUpdater.java:stopAndJoin(148)) - omNode-2@group-523986131536-StateMachineUpdater: set stopIndex = 200
2021-01-15 07:28:55,620 [omNode-2@group-523986131536-StateMachineUpdater] INFO  ratis.OzoneManagerStateMachine (OzoneManagerStateMachine.java:takeSnapshot(345)) - Current Snapshot Index (t:2, i:200)
2021-01-15 07:28:55,620 [omNode-2@group-523986131536-StateMachineUpdater] INFO  impl.StateMachineUpdater (StateMachineUpdater.java:takeSnapshot(279)) - omNode-2@group-523986131536-StateMachineUpdater: Took a snapshot at index 200
2021-01-15 07:28:55,620 [omNode-2@group-523986131536-StateMachineUpdater] INFO  impl.StateMachineUpdater (StateMachineUpdater.java:lambda$new$0(88)) - omNode-2@group-523986131536-StateMachineUpdater: snapshotIndex: updateIncreasingly 199 -> 200
2021-01-15 07:28:55,620 [omNode-2@group-523986131536-StateMachineUpdater] INFO  metrics.RatisMetrics (RatisMetrics.java:unregister(43)) - Unregistering Metrics Registry : ratis.state_machine.omNode-2@group-523986131536
2021-01-15 07:28:55,620 [Listener at 127.0.0.1/10100] INFO  server.RaftServer$Division (ServerState.java:close(400)) - omNode-2@group-523986131536: closes. applyIndex: 200
2021-01-15 07:28:55,620 [omNode-2@group-523986131536-SegmentedRaftLogWorker] INFO  segmented.SegmentedRaftLogWorker (SegmentedRaftLogWorker.java:run(326)) - omNode-2@group-523986131536-SegmentedRaftLogWorker was interrupted, exiting. There are 0 tasks remaining in the queue.
2021-01-15 07:28:55,621 [Listener at 127.0.0.1/10100] INFO  segmented.SegmentedRaftLogWorker (SegmentedRaftLogWorker.java:close(236)) - omNode-2@group-523986131536-SegmentedRaftLogWorker close()
2021-01-15 07:28:55,622 [Listener at 127.0.0.1/10100] INFO  metrics.RatisMetrics (RatisMetrics.java:unregister(43)) - Unregistering Metrics Registry : ratis.log_worker.omNode-2@group-523986131536
2021-01-15 07:28:55,622 [Listener at 127.0.0.1/10100] INFO  metrics.RatisMetrics (RatisMetrics.java:unregister(43)) - Unregistering Metrics Registry : ratis.leader_election.omNode-2@group-523986131536
2021-01-15 07:28:55,622 [Listener at 127.0.0.1/10100] INFO  metrics.RatisMetrics (RatisMetrics.java:unregister(43)) - Unregistering Metrics Registry : ratis.server.omNode-2@group-523986131536
2021-01-15 07:28:55,622 [Listener at 127.0.0.1/10100] INFO  server.GrpcService (GrpcService.java:closeImpl(183)) - omNode-2: shutdown server with port 10098 now
2021-01-15 07:28:55,623 [Listener at 127.0.0.1/10100] INFO  server.GrpcService (GrpcService.java:closeImpl(192)) - omNode-2: shutdown server with port 10098 successfully
2021-01-15 07:28:55,623 [org.apache.ratis.util.JvmPauseMonitor$$Lambda$305/117534431@2d3e53fe] INFO  util.JvmPauseMonitor (JvmPauseMonitor.java:run(109)) - JvmPauseMonitor-omNode-2: Stopped
2021-01-15 07:28:55,623 [Listener at 127.0.0.1/10100] INFO  ratis.OzoneManagerDoubleBuffer (OzoneManagerDoubleBuffer.java:stop(425)) - Stopping OMDoubleBuffer flush thread
2021-01-15 07:28:55,623 [OMDoubleBufferFlushThread] INFO  ratis.OzoneManagerDoubleBuffer (OzoneManagerDoubleBuffer.java:flushTransactions(352)) - OMDoubleBuffer flush thread OMDoubleBufferFlushThread is interrupted and will exit. OMDoubleBufferFlushThread
2021-01-15 07:28:55,623 [Listener at 127.0.0.1/10100] INFO  ratis.OzoneManagerStateMachine (HadoopExecutors.java:shutdown(118)) - Gracefully shutting down executor service. Waiting max 5 SECONDS
2021-01-15 07:28:55,623 [Listener at 127.0.0.1/10100] INFO  ratis.OzoneManagerStateMachine (HadoopExecutors.java:shutdown(129)) - Succesfully shutdown executor service
2021-01-15 07:28:55,623 [Listener at 127.0.0.1/10100] INFO  ratis.OzoneManagerStateMachine (HadoopExecutors.java:shutdown(118)) - Gracefully shutting down executor service. Waiting max 5 SECONDS
2021-01-15 07:28:55,623 [Listener at 127.0.0.1/10100] INFO  ratis.OzoneManagerStateMachine (HadoopExecutors.java:shutdown(129)) - Succesfully shutdown executor service
2021-01-15 07:28:55,624 [Listener at 127.0.0.1/10100] INFO  utils.BackgroundService (BackgroundService.java:shutdown(132)) - Shutting down service KeyDeletingService
2021-01-15 07:28:55,624 [Listener at 127.0.0.1/10100] INFO  handler.ContextHandler (ContextHandler.java:doStop(1154)) - Stopped o.e.j.w.WebAppContext@673b9e80{ozoneManager,/,null,STOPPED}{file:/github/workspace/mnt/ozone/hadoop-ozone/integration-test/target/test-classes/webapps/ozoneManager}
2021-01-15 07:28:55,625 [Listener at 127.0.0.1/10100] INFO  server.AbstractConnector (AbstractConnector.java:doStop(381)) - Stopped ServerConnector@6ba95fa8{HTTP/1.1, (http/1.1)}{0.0.0.0:10096}
2021-01-15 07:28:55,625 [Listener at 127.0.0.1/10100] INFO  server.session (HouseKeeper.java:stopScavenging(149)) - node0 Stopped scavenging
2021-01-15 07:28:55,625 [Listener at 127.0.0.1/10100] INFO  handler.ContextHandler (ContextHandler.java:doStop(1154)) - Stopped o.e.j.s.ServletContextHandler@23156e52{static,/static,file:///github/workspace/mnt/ozone/hadoop-ozone/integration-test/target/test-classes/webapps/static,STOPPED}
2021-01-15 07:28:55,625 [Listener at 127.0.0.1/10100] INFO  handler.ContextHandler (ContextHandler.java:doStop(1154)) - Stopped o.e.j.s.ServletContextHandler@c84db1e{logs,/logs,file:///github/workspace/mnt/ozone/hadoop-ozone/integration-test/target/log,STOPPED}
2021-01-15 07:28:55,627 [Listener at 127.0.0.1/10100] INFO  ozone.MiniOzoneClusterImpl (MiniOzoneClusterImpl.java:stop(404)) - Stopping the Mini Ozone Cluster
2021-01-15 07:28:55,627 [Listener at 127.0.0.1/10100] INFO  ozone.MiniOzoneClusterImpl (MiniOzoneClusterImpl.java:stopDatanodes(463)) - Stopping the HddsDatanodes
2021-01-15 07:28:55,909 [Datanode State Machine Thread - 0] INFO  statemachine.DatanodeStateMachine (DatanodeStateMachine.java:lambda$startDaemon$0(408)) - Ozone container server started.
2021-01-15 07:28:55,978 [Datanode State Machine Thread - 0] INFO  statemachine.DatanodeStateMachine (DatanodeStateMachine.java:lambda$startDaemon$0(408)) - Ozone container server started.
2021-01-15 07:29:00,629 [ForkJoinPool.commonPool-worker-0] INFO  ozoneimpl.OzoneContainer (OzoneContainer.java:stop(273)) - Attempting to stop container services.
2021-01-15 07:29:00,629 [Listener at 127.0.0.1/10100] INFO  ozoneimpl.OzoneContainer (OzoneContainer.java:stop(273)) - Attempting to stop container services.
2021-01-15 07:29:00,630 [Listener at 127.0.0.1/10100] INFO  server.RaftServer (RaftServerProxy.java:lambda$close$6(389)) - 4eb03329-d14e-425d-a1d3-5f9bfd0d0493: close
2021-01-15 07:29:00,630 [ForkJoinPool.commonPool-worker-0] INFO  server.RaftServer (RaftServerProxy.java:lambda$close$6(389)) - ebab0e06-70f4-4173-9cbe-0f6bda4c00e8: close
2021-01-15 07:29:00,630 [Listener at 127.0.0.1/10100] INFO  server.RaftServer$Division (RaftServerImpl.java:lambda$close$4(405)) - 4eb03329-d14e-425d-a1d3-5f9bfd0d0493@group-09315A56EB53: shutdown
2021-01-15 07:29:00,630 [Listener at 127.0.0.1/10100] INFO  util.JmxRegister (JmxRegister.java:unregister(73)) - Successfully un-registered JMX Bean with object name Ratis:service=RaftServer,group=group-09315A56EB53,id=4eb03329-d14e-425d-a1d3-5f9bfd0d0493
2021-01-15 07:29:00,631 [Listener at 127.0.0.1/10100] INFO  impl.RoleInfo (RoleInfo.java:shutdownFollowerState(108)) - 4eb03329-d14e-425d-a1d3-5f9bfd0d0493: shutdown 4eb03329-d14e-425d-a1d3-5f9bfd0d0493@group-09315A56EB53-FollowerState
2021-01-15 07:29:00,631 [Listener at 127.0.0.1/10100] INFO  impl.StateMachineUpdater (StateMachineUpdater.java:stopAndJoin(148)) - 4eb03329-d14e-425d-a1d3-5f9bfd0d0493@group-09315A56EB53-StateMachineUpdater: set stopIndex = 0
2021-01-15 07:29:00,631 [Thread-316] INFO  impl.FollowerState (FollowerState.java:run(142)) - 4eb03329-d14e-425d-a1d3-5f9bfd0d0493@group-09315A56EB53-FollowerState was interrupted: {}
java.lang.InterruptedException: sleep interrupted
	at java.lang.Thread.sleep(Native Method)
	at java.lang.Thread.sleep(Thread.java:340)
	at java.util.concurrent.TimeUnit.sleep(TimeUnit.java:386)
	at org.apache.ratis.util.TimeDuration.sleep(TimeDuration.java:324)
	at org.apache.ratis.util.TimeDuration.sleep(TimeDuration.java:309)
	at org.apache.ratis.server.impl.FollowerState.run(FollowerState.java:117)
2021-01-15 07:29:00,630 [ForkJoinPool.commonPool-worker-0] INFO  server.RaftServer$Division (RaftServerImpl.java:lambda$close$4(405)) - ebab0e06-70f4-4173-9cbe-0f6bda4c00e8@group-09315A56EB53: shutdown
2021-01-15 07:29:00,632 [4eb03329-d14e-425d-a1d3-5f9bfd0d0493@group-09315A56EB53-StateMachineUpdater] INFO  ratis.ContainerStateMachine (ContainerStateMachine.java:takeSnapshot(291)) - group-09315A56EB53: Taking a snapshot at:(t:1, i:0) file /github/workspace/mnt/ozone/hadoop-ozone/integration-test/target/test-dir/MiniOzoneClusterImpl-f641cada-e66d-4460-aad4-b2880581a04d/datanode-1/data/ratis/11224e2c-a7c0-455d-b981-09315a56eb53/sm/snapshot.1_0
2021-01-15 07:29:00,632 [ForkJoinPool.commonPool-worker-0] INFO  util.JmxRegister (JmxRegister.java:unregister(73)) - Successfully un-registered JMX Bean with object name Ratis:service=RaftServer,group=group-09315A56EB53,id=ebab0e06-70f4-4173-9cbe-0f6bda4c00e8
2021-01-15 07:29:00,632 [ForkJoinPool.commonPool-worker-0] INFO  impl.RoleInfo (RoleInfo.java:shutdownFollowerState(108)) - ebab0e06-70f4-4173-9cbe-0f6bda4c00e8: shutdown ebab0e06-70f4-4173-9cbe-0f6bda4c00e8@group-09315A56EB53-FollowerState
2021-01-15 07:29:00,632 [ForkJoinPool.commonPool-worker-0] INFO  impl.StateMachineUpdater (StateMachineUpdater.java:stopAndJoin(148)) - ebab0e06-70f4-4173-9cbe-0f6bda4c00e8@group-09315A56EB53-StateMachineUpdater: set stopIndex = 0
2021-01-15 07:29:00,634 [Thread-315] INFO  impl.FollowerState (FollowerState.java:run(142)) - ebab0e06-70f4-4173-9cbe-0f6bda4c00e8@group-09315A56EB53-FollowerState was interrupted: {}
java.lang.InterruptedException: sleep interrupted
	at java.lang.Thread.sleep(Native Method)
	at java.lang.Thread.sleep(Thread.java:340)
	at java.util.concurrent.TimeUnit.sleep(TimeUnit.java:386)
	at org.apache.ratis.util.TimeDuration.sleep(TimeDuration.java:324)
	at org.apache.ratis.util.TimeDuration.sleep(TimeDuration.java:309)
	at org.apache.ratis.server.impl.FollowerState.run(FollowerState.java:117)
2021-01-15 07:29:00,634 [ebab0e06-70f4-4173-9cbe-0f6bda4c00e8@group-09315A56EB53-StateMachineUpdater] INFO  ratis.ContainerStateMachine (ContainerStateMachine.java:takeSnapshot(291)) - group-09315A56EB53: Taking a snapshot at:(t:1, i:0) file /github/workspace/mnt/ozone/hadoop-ozone/integration-test/target/test-dir/MiniOzoneClusterImpl-f641cada-e66d-4460-aad4-b2880581a04d/datanode-0/data/ratis/11224e2c-a7c0-455d-b981-09315a56eb53/sm/snapshot.1_0
2021-01-15 07:29:00,686 [ebab0e06-70f4-4173-9cbe-0f6bda4c00e8@group-09315A56EB53-StateMachineUpdater] INFO  ratis.ContainerStateMachine (ContainerStateMachine.java:takeSnapshot(302)) - group-09315A56EB53: Finished taking a snapshot at:(t:1, i:0) file:/github/workspace/mnt/ozone/hadoop-ozone/integration-test/target/test-dir/MiniOzoneClusterImpl-f641cada-e66d-4460-aad4-b2880581a04d/datanode-0/data/ratis/11224e2c-a7c0-455d-b981-09315a56eb53/sm/snapshot.1_0 took: 52 ms
2021-01-15 07:29:00,688 [ebab0e06-70f4-4173-9cbe-0f6bda4c00e8@group-09315A56EB53-StateMachineUpdater] INFO  impl.StateMachineUpdater (StateMachineUpdater.java:takeSnapshot(279)) - ebab0e06-70f4-4173-9cbe-0f6bda4c00e8@group-09315A56EB53-StateMachineUpdater: Took a snapshot at index 0
2021-01-15 07:29:00,688 [ebab0e06-70f4-4173-9cbe-0f6bda4c00e8@group-09315A56EB53-StateMachineUpdater] INFO  impl.StateMachineUpdater (StateMachineUpdater.java:lambda$new$0(88)) - ebab0e06-70f4-4173-9cbe-0f6bda4c00e8@group-09315A56EB53-StateMachineUpdater: snapshotIndex: updateIncreasingly -1 -> 0
2021-01-15 07:29:00,690 [ebab0e06-70f4-4173-9cbe-0f6bda4c00e8@group-09315A56EB53-StateMachineUpdater] INFO  metrics.RatisMetrics (RatisMetrics.java:unregister(43)) - Unregistering Metrics Registry : ratis.state_machine.ebab0e06-70f4-4173-9cbe-0f6bda4c00e8@group-09315A56EB53
2021-01-15 07:29:00,690 [ForkJoinPool.commonPool-worker-0] INFO  server.RaftServer$Division (ServerState.java:close(400)) - ebab0e06-70f4-4173-9cbe-0f6bda4c00e8@group-09315A56EB53: closes. applyIndex: 0
2021-01-15 07:29:00,690 [ebab0e06-70f4-4173-9cbe-0f6bda4c00e8@group-09315A56EB53-SegmentedRaftLogWorker] INFO  segmented.SegmentedRaftLogWorker (SegmentedRaftLogWorker.java:run(326)) - ebab0e06-70f4-4173-9cbe-0f6bda4c00e8@group-09315A56EB53-SegmentedRaftLogWorker was interrupted, exiting. There are 0 tasks remaining in the queue.
2021-01-15 07:29:00,690 [ForkJoinPool.commonPool-worker-0] INFO  segmented.SegmentedRaftLogWorker (SegmentedRaftLogWorker.java:close(236)) - ebab0e06-70f4-4173-9cbe-0f6bda4c00e8@group-09315A56EB53-SegmentedRaftLogWorker close()
2021-01-15 07:29:00,691 [ForkJoinPool.commonPool-worker-0] INFO  metrics.RatisMetrics (RatisMetrics.java:unregister(43)) - Unregistering Metrics Registry : ratis.log_worker.ebab0e06-70f4-4173-9cbe-0f6bda4c00e8@group-09315A56EB53
2021-01-15 07:29:00,691 [ForkJoinPool.commonPool-worker-0] INFO  metrics.RatisMetrics (RatisMetrics.java:unregister(43)) - Unregistering Metrics Registry : ratis.leader_election.ebab0e06-70f4-4173-9cbe-0f6bda4c00e8@group-09315A56EB53
2021-01-15 07:29:00,691 [ForkJoinPool.commonPool-worker-0] INFO  metrics.RatisMetrics (RatisMetrics.java:unregister(43)) - Unregistering Metrics Registry : ratis.server.ebab0e06-70f4-4173-9cbe-0f6bda4c00e8@group-09315A56EB53
2021-01-15 07:29:00,691 [ForkJoinPool.commonPool-worker-0] INFO  server.RaftServer$Division (RaftServerImpl.java:lambda$close$4(405)) - ebab0e06-70f4-4173-9cbe-0f6bda4c00e8@group-55364CCAE1AB: shutdown
2021-01-15 07:29:00,692 [ForkJoinPool.commonPool-worker-0] INFO  util.JmxRegister (JmxRegister.java:unregister(73)) - Successfully un-registered JMX Bean with object name Ratis:service=RaftServer,group=group-55364CCAE1AB,id=ebab0e06-70f4-4173-9cbe-0f6bda4c00e8
2021-01-15 07:29:00,692 [ForkJoinPool.commonPool-worker-0] INFO  impl.RoleInfo (RoleInfo.java:shutdownLeaderState(91)) - ebab0e06-70f4-4173-9cbe-0f6bda4c00e8: shutdown ebab0e06-70f4-4173-9cbe-0f6bda4c00e8@group-55364CCAE1AB-LeaderStateImpl
2021-01-15 07:29:00,692 [ForkJoinPool.commonPool-worker-0] INFO  impl.PendingRequests (PendingRequests.java:sendNotLeaderResponses(249)) - ebab0e06-70f4-4173-9cbe-0f6bda4c00e8@group-55364CCAE1AB-PendingRequests: sendNotLeaderResponses
2021-01-15 07:29:00,692 [4eb03329-d14e-425d-a1d3-5f9bfd0d0493@group-09315A56EB53-StateMachineUpdater] INFO  ratis.ContainerStateMachine (ContainerStateMachine.java:takeSnapshot(302)) - group-09315A56EB53: Finished taking a snapshot at:(t:1, i:0) file:/github/workspace/mnt/ozone/hadoop-ozone/integration-test/target/test-dir/MiniOzoneClusterImpl-f641cada-e66d-4460-aad4-b2880581a04d/datanode-1/data/ratis/11224e2c-a7c0-455d-b981-09315a56eb53/sm/snapshot.1_0 took: 61 ms
2021-01-15 07:29:00,692 [ForkJoinPool.commonPool-worker-0] INFO  metrics.RatisMetrics (RatisMetrics.java:unregister(43)) - Unregistering Metrics Registry : ratis.log_appender.ebab0e06-70f4-4173-9cbe-0f6bda4c00e8@group-55364CCAE1AB
2021-01-15 07:29:00,693 [4eb03329-d14e-425d-a1d3-5f9bfd0d0493@group-09315A56EB53-StateMachineUpdater] INFO  impl.StateMachineUpdater (StateMachineUpdater.java:takeSnapshot(279)) - 4eb03329-d14e-425d-a1d3-5f9bfd0d0493@group-09315A56EB53-StateMachineUpdater: Took a snapshot at index 0
2021-01-15 07:29:00,693 [4eb03329-d14e-425d-a1d3-5f9bfd0d0493@group-09315A56EB53-StateMachineUpdater] INFO  impl.StateMachineUpdater (StateMachineUpdater.java:lambda$new$0(88)) - 4eb03329-d14e-425d-a1d3-5f9bfd0d0493@group-09315A56EB53-StateMachineUpdater: snapshotIndex: updateIncreasingly -1 -> 0
2021-01-15 07:29:00,693 [ForkJoinPool.commonPool-worker-0] INFO  metrics.RatisMetrics (RatisMetrics.java:unregister(43)) - Unregistering Metrics Registry : ratis.server.ebab0e06-70f4-4173-9cbe-0f6bda4c00e8@group-55364CCAE1AB
2021-01-15 07:29:00,693 [4eb03329-d14e-425d-a1d3-5f9bfd0d0493@group-09315A56EB53-StateMachineUpdater] INFO  metrics.RatisMetrics (RatisMetrics.java:unregister(43)) - Unregistering Metrics Registry : ratis.state_machine.4eb03329-d14e-425d-a1d3-5f9bfd0d0493@group-09315A56EB53
2021-01-15 07:29:00,693 [ForkJoinPool.commonPool-worker-0] INFO  impl.StateMachineUpdater (StateMachineUpdater.java:stopAndJoin(148)) - ebab0e06-70f4-4173-9cbe-0f6bda4c00e8@group-55364CCAE1AB-StateMachineUpdater: set stopIndex = 0
2021-01-15 07:29:00,693 [Listener at 127.0.0.1/10100] INFO  server.RaftServer$Division (ServerState.java:close(400)) - 4eb03329-d14e-425d-a1d3-5f9bfd0d0493@group-09315A56EB53: closes. applyIndex: 0
2021-01-15 07:29:00,693 [ebab0e06-70f4-4173-9cbe-0f6bda4c00e8@group-55364CCAE1AB-StateMachineUpdater] INFO  ratis.ContainerStateMachine (ContainerStateMachine.java:takeSnapshot(291)) - group-55364CCAE1AB: Taking a snapshot at:(t:1, i:0) file /github/workspace/mnt/ozone/hadoop-ozone/integration-test/target/test-dir/MiniOzoneClusterImpl-f641cada-e66d-4460-aad4-b2880581a04d/datanode-0/data/ratis/73756634-836b-4c84-8621-55364ccae1ab/sm/snapshot.1_0
2021-01-15 07:29:00,693 [4eb03329-d14e-425d-a1d3-5f9bfd0d0493@group-09315A56EB53-SegmentedRaftLogWorker] INFO  segmented.SegmentedRaftLogWorker (SegmentedRaftLogWorker.java:run(326)) - 4eb03329-d14e-425d-a1d3-5f9bfd0d0493@group-09315A56EB53-SegmentedRaftLogWorker was interrupted, exiting. There are 0 tasks remaining in the queue.
2021-01-15 07:29:00,694 [Listener at 127.0.0.1/10100] INFO  segmented.SegmentedRaftLogWorker (SegmentedRaftLogWorker.java:close(236)) - 4eb03329-d14e-425d-a1d3-5f9bfd0d0493@group-09315A56EB53-SegmentedRaftLogWorker close()
2021-01-15 07:29:00,694 [ebab0e06-70f4-4173-9cbe-0f6bda4c00e8@group-55364CCAE1AB-StateMachineUpdater] INFO  ratis.ContainerStateMachine (ContainerStateMachine.java:takeSnapshot(302)) - group-55364CCAE1AB: Finished taking a snapshot at:(t:1, i:0) file:/github/workspace/mnt/ozone/hadoop-ozone/integration-test/target/test-dir/MiniOzoneClusterImpl-f641cada-e66d-4460-aad4-b2880581a04d/datanode-0/data/ratis/73756634-836b-4c84-8621-55364ccae1ab/sm/snapshot.1_0 took: 1 ms
2021-01-15 07:29:00,694 [ebab0e06-70f4-4173-9cbe-0f6bda4c00e8@group-55364CCAE1AB-StateMachineUpdater] INFO  impl.StateMachineUpdater (StateMachineUpdater.java:takeSnapshot(279)) - ebab0e06-70f4-4173-9cbe-0f6bda4c00e8@group-55364CCAE1AB-StateMachineUpdater: Took a snapshot at index 0
2021-01-15 07:29:00,694 [ebab0e06-70f4-4173-9cbe-0f6bda4c00e8@group-55364CCAE1AB-StateMachineUpdater] INFO  impl.StateMachineUpdater (StateMachineUpdater.java:lambda$new$0(88)) - ebab0e06-70f4-4173-9cbe-0f6bda4c00e8@group-55364CCAE1AB-StateMachineUpdater: snapshotIndex: updateIncreasingly -1 -> 0
2021-01-15 07:29:00,694 [ebab0e06-70f4-4173-9cbe-0f6bda4c00e8@group-55364CCAE1AB-StateMachineUpdater] INFO  metrics.RatisMetrics (RatisMetrics.java:unregister(43)) - Unregistering Metrics Registry : ratis.state_machine.ebab0e06-70f4-4173-9cbe-0f6bda4c00e8@group-55364CCAE1AB
2021-01-15 07:29:00,695 [Listener at 127.0.0.1/10100] INFO  metrics.RatisMetrics (RatisMetrics.java:unregister(43)) - Unregistering Metrics Registry : ratis.log_worker.4eb03329-d14e-425d-a1d3-5f9bfd0d0493@group-09315A56EB53
2021-01-15 07:29:00,695 [Listener at 127.0.0.1/10100] INFO  metrics.RatisMetrics (RatisMetrics.java:unregister(43)) - Unregistering Metrics Registry : ratis.leader_election.4eb03329-d14e-425d-a1d3-5f9bfd0d0493@group-09315A56EB53
2021-01-15 07:29:00,695 [Listener at 127.0.0.1/10100] INFO  metrics.RatisMetrics (RatisMetrics.java:unregister(43)) - Unregistering Metrics Registry : ratis.server.4eb03329-d14e-425d-a1d3-5f9bfd0d0493@group-09315A56EB53
2021-01-15 07:29:00,695 [Listener at 127.0.0.1/10100] INFO  server.RaftServer$Division (RaftServerImpl.java:lambda$close$4(405)) - 4eb03329-d14e-425d-a1d3-5f9bfd0d0493@group-9E8048C10205: shutdown
2021-01-15 07:29:00,695 [Listener at 127.0.0.1/10100] INFO  util.JmxRegister (JmxRegister.java:unregister(73)) - Successfully un-registered JMX Bean with object name Ratis:service=RaftServer,group=group-9E8048C10205,id=4eb03329-d14e-425d-a1d3-5f9bfd0d0493
2021-01-15 07:29:00,695 [Listener at 127.0.0.1/10100] INFO  impl.RoleInfo (RoleInfo.java:shutdownLeaderState(91)) - 4eb03329-d14e-425d-a1d3-5f9bfd0d0493: shutdown 4eb03329-d14e-425d-a1d3-5f9bfd0d0493@group-9E8048C10205-LeaderStateImpl
2021-01-15 07:29:00,696 [Listener at 127.0.0.1/10100] INFO  impl.PendingRequests (PendingRequests.java:sendNotLeaderResponses(249)) - 4eb03329-d14e-425d-a1d3-5f9bfd0d0493@group-9E8048C10205-PendingRequests: sendNotLeaderResponses
2021-01-15 07:29:00,696 [Listener at 127.0.0.1/10100] INFO  metrics.RatisMetrics (RatisMetrics.java:unregister(43)) - Unregistering Metrics Registry : ratis.log_appender.4eb03329-d14e-425d-a1d3-5f9bfd0d0493@group-9E8048C10205
2021-01-15 07:29:00,696 [Listener at 127.0.0.1/10100] INFO  metrics.RatisMetrics (RatisMetrics.java:unregister(43)) - Unregistering Metrics Registry : ratis.server.4eb03329-d14e-425d-a1d3-5f9bfd0d0493@group-9E8048C10205
2021-01-15 07:29:00,696 [Listener at 127.0.0.1/10100] INFO  impl.StateMachineUpdater (StateMachineUpdater.java:stopAndJoin(148)) - 4eb03329-d14e-425d-a1d3-5f9bfd0d0493@group-9E8048C10205-StateMachineUpdater: set stopIndex = 0
2021-01-15 07:29:00,696 [4eb03329-d14e-425d-a1d3-5f9bfd0d0493@group-9E8048C10205-StateMachineUpdater] INFO  ratis.ContainerStateMachine (ContainerStateMachine.java:takeSnapshot(291)) - group-9E8048C10205: Taking a snapshot at:(t:1, i:0) file /github/workspace/mnt/ozone/hadoop-ozone/integration-test/target/test-dir/MiniOzoneClusterImpl-f641cada-e66d-4460-aad4-b2880581a04d/datanode-1/data/ratis/b20a151d-e5f7-48dd-a2ee-9e8048c10205/sm/snapshot.1_0
2021-01-15 07:29:00,697 [ForkJoinPool.commonPool-worker-0] INFO  server.RaftServer$Division (ServerState.java:close(400)) - ebab0e06-70f4-4173-9cbe-0f6bda4c00e8@group-55364CCAE1AB: closes. applyIndex: 0
2021-01-15 07:29:00,697 [ebab0e06-70f4-4173-9cbe-0f6bda4c00e8@group-55364CCAE1AB-SegmentedRaftLogWorker] INFO  segmented.SegmentedRaftLogWorker (SegmentedRaftLogWorker.java:run(326)) - ebab0e06-70f4-4173-9cbe-0f6bda4c00e8@group-55364CCAE1AB-SegmentedRaftLogWorker was interrupted, exiting. There are 0 tasks remaining in the queue.
2021-01-15 07:29:00,697 [4eb03329-d14e-425d-a1d3-5f9bfd0d0493@group-9E8048C10205-StateMachineUpdater] INFO  ratis.ContainerStateMachine (ContainerStateMachine.java:takeSnapshot(302)) - group-9E8048C10205: Finished taking a snapshot at:(t:1, i:0) file:/github/workspace/mnt/ozone/hadoop-ozone/integration-test/target/test-dir/MiniOzoneClusterImpl-f641cada-e66d-4460-aad4-b2880581a04d/datanode-1/data/ratis/b20a151d-e5f7-48dd-a2ee-9e8048c10205/sm/snapshot.1_0 took: 1 ms
2021-01-15 07:29:00,697 [4eb03329-d14e-425d-a1d3-5f9bfd0d0493@group-9E8048C10205-StateMachineUpdater] INFO  impl.StateMachineUpdater (StateMachineUpdater.java:takeSnapshot(279)) - 4eb03329-d14e-425d-a1d3-5f9bfd0d0493@group-9E8048C10205-StateMachineUpdater: Took a snapshot at index 0
2021-01-15 07:29:00,697 [4eb03329-d14e-425d-a1d3-5f9bfd0d0493@group-9E8048C10205-StateMachineUpdater] INFO  impl.StateMachineUpdater (StateMachineUpdater.java:lambda$new$0(88)) - 4eb03329-d14e-425d-a1d3-5f9bfd0d0493@group-9E8048C10205-StateMachineUpdater: snapshotIndex: updateIncreasingly -1 -> 0
2021-01-15 07:29:00,697 [4eb03329-d14e-425d-a1d3-5f9bfd0d0493@group-9E8048C10205-StateMachineUpdater] INFO  metrics.RatisMetrics (RatisMetrics.java:unregister(43)) - Unregistering Metrics Registry : ratis.state_machine.4eb03329-d14e-425d-a1d3-5f9bfd0d0493@group-9E8048C10205
2021-01-15 07:29:00,698 [Listener at 127.0.0.1/10100] INFO  server.RaftServer$Division (ServerState.java:close(400)) - 4eb03329-d14e-425d-a1d3-5f9bfd0d0493@group-9E8048C10205: closes. applyIndex: 0
2021-01-15 07:29:00,698 [4eb03329-d14e-425d-a1d3-5f9bfd0d0493@group-9E8048C10205-SegmentedRaftLogWorker] INFO  segmented.SegmentedRaftLogWorker (SegmentedRaftLogWorker.java:run(326)) - 4eb03329-d14e-425d-a1d3-5f9bfd0d0493@group-9E8048C10205-SegmentedRaftLogWorker was interrupted, exiting. There are 0 tasks remaining in the queue.
2021-01-15 07:29:00,698 [Listener at 127.0.0.1/10100] INFO  segmented.SegmentedRaftLogWorker (SegmentedRaftLogWorker.java:close(236)) - 4eb03329-d14e-425d-a1d3-5f9bfd0d0493@group-9E8048C10205-SegmentedRaftLogWorker close()
2021-01-15 07:29:00,698 [ForkJoinPool.commonPool-worker-0] INFO  segmented.SegmentedRaftLogWorker (SegmentedRaftLogWorker.java:close(236)) - ebab0e06-70f4-4173-9cbe-0f6bda4c00e8@group-55364CCAE1AB-SegmentedRaftLogWorker close()
2021-01-15 07:29:00,699 [Listener at 127.0.0.1/10100] INFO  metrics.RatisMetrics (RatisMetrics.java:unregister(43)) - Unregistering Metrics Registry : ratis.log_worker.4eb03329-d14e-425d-a1d3-5f9bfd0d0493@group-9E8048C10205
2021-01-15 07:29:00,700 [ForkJoinPool.commonPool-worker-0] INFO  metrics.RatisMetrics (RatisMetrics.java:unregister(43)) - Unregistering Metrics Registry : ratis.log_worker.ebab0e06-70f4-4173-9cbe-0f6bda4c00e8@group-55364CCAE1AB
2021-01-15 07:29:00,700 [Listener at 127.0.0.1/10100] INFO  metrics.RatisMetrics (RatisMetrics.java:unregister(43)) - Unregistering Metrics Registry : ratis.leader_election.4eb03329-d14e-425d-a1d3-5f9bfd0d0493@group-9E8048C10205
2021-01-15 07:29:00,701 [ForkJoinPool.commonPool-worker-0] INFO  metrics.RatisMetrics (RatisMetrics.java:unregister(43)) - Unregistering Metrics Registry : ratis.leader_election.ebab0e06-70f4-4173-9cbe-0f6bda4c00e8@group-55364CCAE1AB
2021-01-15 07:29:00,701 [ForkJoinPool.commonPool-worker-0] INFO  metrics.RatisMetrics (RatisMetrics.java:unregister(43)) - Unregistering Metrics Registry : ratis.server.ebab0e06-70f4-4173-9cbe-0f6bda4c00e8@group-55364CCAE1AB
2021-01-15 07:29:00,701 [ForkJoinPool.commonPool-worker-0] INFO  server.RaftServer$Division (RaftServerImpl.java:lambda$close$4(405)) - ebab0e06-70f4-4173-9cbe-0f6bda4c00e8@group-48BE1ECDD3AF: shutdown
2021-01-15 07:29:00,701 [ForkJoinPool.commonPool-worker-0] INFO  util.JmxRegister (JmxRegister.java:unregister(73)) - Successfully un-registered JMX Bean with object name Ratis:service=RaftServer,group=group-48BE1ECDD3AF,id=ebab0e06-70f4-4173-9cbe-0f6bda4c00e8
2021-01-15 07:29:00,701 [ForkJoinPool.commonPool-worker-0] INFO  impl.RoleInfo (RoleInfo.java:shutdownLeaderState(91)) - ebab0e06-70f4-4173-9cbe-0f6bda4c00e8: shutdown ebab0e06-70f4-4173-9cbe-0f6bda4c00e8@group-48BE1ECDD3AF-LeaderStateImpl
2021-01-15 07:29:00,701 [ForkJoinPool.commonPool-worker-0] INFO  metrics.RatisMetrics (RatisMetrics.java:unregister(43)) - Unregistering Metrics Registry : ratis_grpc.log_appender.ebab0e06-70f4-4173-9cbe-0f6bda4c00e8@group-48BE1ECDD3AF
2021-01-15 07:29:00,701 [ForkJoinPool.commonPool-worker-0] INFO  metrics.RatisMetrics (RatisMetrics.java:unregister(43)) - Unregistering Metrics Registry : ratis_grpc.log_appender.ebab0e06-70f4-4173-9cbe-0f6bda4c00e8@group-48BE1ECDD3AF
2021-01-15 07:29:00,701 [Listener at 127.0.0.1/10100] INFO  metrics.RatisMetrics (RatisMetrics.java:unregister(43)) - Unregistering Metrics Registry : ratis.server.4eb03329-d14e-425d-a1d3-5f9bfd0d0493@group-9E8048C10205
2021-01-15 07:29:00,701 [ebab0e06-70f4-4173-9cbe-0f6bda4c00e8@group-48BE1ECDD3AF->683f3d8e-701b-4490-8bc4-d4bfe927cc75-GrpcLogAppender-LogAppenderDaemon] WARN  server.GrpcLogAppender (GrpcLogAppender.java:mayWait(175)) - ebab0e06-70f4-4173-9cbe-0f6bda4c00e8@group-48BE1ECDD3AF->683f3d8e-701b-4490-8bc4-d4bfe927cc75-GrpcLogAppender: Wait interrupted by java.lang.InterruptedException
2021-01-15 07:29:00,702 [ebab0e06-70f4-4173-9cbe-0f6bda4c00e8@group-48BE1ECDD3AF->4eb03329-d14e-425d-a1d3-5f9bfd0d0493-GrpcLogAppender-LogAppenderDaemon] WARN  server.GrpcLogAppender (GrpcLogAppender.java:mayWait(175)) - ebab0e06-70f4-4173-9cbe-0f6bda4c00e8@group-48BE1ECDD3AF->4eb03329-d14e-425d-a1d3-5f9bfd0d0493-GrpcLogAppender: Wait interrupted by java.lang.InterruptedException
2021-01-15 07:29:00,702 [Listener at 127.0.0.1/10100] INFO  server.RaftServer$Division (RaftServerImpl.java:lambda$close$4(405)) - 4eb03329-d14e-425d-a1d3-5f9bfd0d0493@group-48BE1ECDD3AF: shutdown
2021-01-15 07:29:00,702 [Listener at 127.0.0.1/10100] INFO  util.JmxRegister (JmxRegister.java:unregister(73)) - Successfully un-registered JMX Bean with object name Ratis:service=RaftServer,group=group-48BE1ECDD3AF,id=4eb03329-d14e-425d-a1d3-5f9bfd0d0493
2021-01-15 07:29:00,702 [Listener at 127.0.0.1/10100] INFO  impl.RoleInfo (RoleInfo.java:shutdownFollowerState(108)) - 4eb03329-d14e-425d-a1d3-5f9bfd0d0493: shutdown 4eb03329-d14e-425d-a1d3-5f9bfd0d0493@group-48BE1ECDD3AF-FollowerState
2021-01-15 07:29:00,702 [grpc-default-executor-2] INFO  server.GrpcServerProtocolService (GrpcServerProtocolService.java:onCompleted(138)) - 4eb03329-d14e-425d-a1d3-5f9bfd0d0493: Completed APPEND_ENTRIES, lastRequest: ebab0e06-70f4-4173-9cbe-0f6bda4c00e8->4eb03329-d14e-425d-a1d3-5f9bfd0d0493#1-t1,previous=(t:0, i:0),leaderCommit=-1,initializing? true,entries: size=1, first=(t:1, i:0), CONFIGURATIONENTRY
2021-01-15 07:29:00,702 [grpc-default-executor-0] INFO  server.GrpcServerProtocolService (GrpcServerProtocolService.java:onCompleted(138)) - 683f3d8e-701b-4490-8bc4-d4bfe927cc75: Completed APPEND_ENTRIES, lastRequest: ebab0e06-70f4-4173-9cbe-0f6bda4c00e8->683f3d8e-701b-4490-8bc4-d4bfe927cc75#1-t1,previous=(t:0, i:0),leaderCommit=-1,initializing? true,entries: size=1, first=(t:1, i:0), CONFIGURATIONENTRY
2021-01-15 07:29:00,703 [4eb03329-d14e-425d-a1d3-5f9bfd0d0493@group-48BE1ECDD3AF-StateMachineUpdater] INFO  ratis.ContainerStateMachine (ContainerStateMachine.java:takeSnapshot(291)) - group-48BE1ECDD3AF: Taking a snapshot at:(t:1, i:0) file /github/workspace/mnt/ozone/hadoop-ozone/integration-test/target/test-dir/MiniOzoneClusterImpl-f641cada-e66d-4460-aad4-b2880581a04d/datanode-1/data/ratis/05373332-289a-4763-9f9d-48be1ecdd3af/sm/snapshot.1_0
2021-01-15 07:29:00,703 [grpc-default-executor-2] INFO  server.GrpcLogAppender (GrpcLogAppender.java:onCompleted(344)) - ebab0e06-70f4-4173-9cbe-0f6bda4c00e8@group-48BE1ECDD3AF->4eb03329-d14e-425d-a1d3-5f9bfd0d0493-AppendLogResponseHandler: follower responses appendEntries COMPLETED
2021-01-15 07:29:00,703 [grpc-default-executor-2] INFO  leader.FollowerInfo (FollowerInfoImpl.java:lambda$new$0(46)) - ebab0e06-70f4-4173-9cbe-0f6bda4c00e8@group-48BE1ECDD3AF->4eb03329-d14e-425d-a1d3-5f9bfd0d0493: nextIndex: updateUnconditionally 1 -> 0
2021-01-15 07:29:00,703 [Listener at 127.0.0.1/10100] INFO  impl.StateMachineUpdater (StateMachineUpdater.java:stopAndJoin(148)) - 4eb03329-d14e-425d-a1d3-5f9bfd0d0493@group-48BE1ECDD3AF-StateMachineUpdater: set stopIndex = 0
2021-01-15 07:29:00,702 [Thread-336] INFO  impl.FollowerState (FollowerState.java:run(142)) - 4eb03329-d14e-425d-a1d3-5f9bfd0d0493@group-48BE1ECDD3AF-FollowerState was interrupted: {}
java.lang.InterruptedException: sleep interrupted
	at java.lang.Thread.sleep(Native Method)
	at java.lang.Thread.sleep(Thread.java:340)
	at java.util.concurrent.TimeUnit.sleep(TimeUnit.java:386)
	at org.apache.ratis.util.TimeDuration.sleep(TimeDuration.java:324)
	at org.apache.ratis.util.TimeDuration.sleep(TimeDuration.java:309)
	at org.apache.ratis.server.impl.FollowerState.run(FollowerState.java:117)
2021-01-15 07:29:00,704 [ForkJoinPool.commonPool-worker-0] INFO  impl.PendingRequests (PendingRequests.java:sendNotLeaderResponses(249)) - ebab0e06-70f4-4173-9cbe-0f6bda4c00e8@group-48BE1ECDD3AF-PendingRequests: sendNotLeaderResponses
2021-01-15 07:29:00,704 [4eb03329-d14e-425d-a1d3-5f9bfd0d0493@group-48BE1ECDD3AF-StateMachineUpdater] INFO  ratis.ContainerStateMachine (ContainerStateMachine.java:takeSnapshot(302)) - group-48BE1ECDD3AF: Finished taking a snapshot at:(t:1, i:0) file:/github/workspace/mnt/ozone/hadoop-ozone/integration-test/target/test-dir/MiniOzoneClusterImpl-f641cada-e66d-4460-aad4-b2880581a04d/datanode-1/data/ratis/05373332-289a-4763-9f9d-48be1ecdd3af/sm/snapshot.1_0 took: 1 ms
2021-01-15 07:29:00,709 [4eb03329-d14e-425d-a1d3-5f9bfd0d0493@group-48BE1ECDD3AF-StateMachineUpdater] INFO  impl.StateMachineUpdater (StateMachineUpdater.java:takeSnapshot(279)) - 4eb03329-d14e-425d-a1d3-5f9bfd0d0493@group-48BE1ECDD3AF-StateMachineUpdater: Took a snapshot at index 0
2021-01-15 07:29:00,709 [4eb03329-d14e-425d-a1d3-5f9bfd0d0493@group-48BE1ECDD3AF-StateMachineUpdater] INFO  impl.StateMachineUpdater (StateMachineUpdater.java:lambda$new$0(88)) - 4eb03329-d14e-425d-a1d3-5f9bfd0d0493@group-48BE1ECDD3AF-StateMachineUpdater: snapshotIndex: updateIncreasingly -1 -> 0
2021-01-15 07:29:00,709 [4eb03329-d14e-425d-a1d3-5f9bfd0d0493@group-48BE1ECDD3AF-StateMachineUpdater] INFO  metrics.RatisMetrics (RatisMetrics.java:unregister(43)) - Unregistering Metrics Registry : ratis.state_machine.4eb03329-d14e-425d-a1d3-5f9bfd0d0493@group-48BE1ECDD3AF
2021-01-15 07:29:00,709 [Listener at 127.0.0.1/10100] INFO  server.RaftServer$Division (ServerState.java:close(400)) - 4eb03329-d14e-425d-a1d3-5f9bfd0d0493@group-48BE1ECDD3AF: closes. applyIndex: 0
2021-01-15 07:29:00,704 [grpc-default-executor-3] INFO  server.GrpcLogAppender (GrpcLogAppender.java:onCompleted(344)) - ebab0e06-70f4-4173-9cbe-0f6bda4c00e8@group-48BE1ECDD3AF->683f3d8e-701b-4490-8bc4-d4bfe927cc75-AppendLogResponseHandler: follower responses appendEntries COMPLETED
2021-01-15 07:29:00,709 [grpc-default-executor-3] INFO  leader.FollowerInfo (FollowerInfoImpl.java:lambda$new$0(46)) - ebab0e06-70f4-4173-9cbe-0f6bda4c00e8@group-48BE1ECDD3AF->683f3d8e-701b-4490-8bc4-d4bfe927cc75: nextIndex: updateUnconditionally 1 -> 0
2021-01-15 07:29:00,709 [4eb03329-d14e-425d-a1d3-5f9bfd0d0493@group-48BE1ECDD3AF-SegmentedRaftLogWorker] INFO  segmented.SegmentedRaftLogWorker (SegmentedRaftLogWorker.java:run(326)) - 4eb03329-d14e-425d-a1d3-5f9bfd0d0493@group-48BE1ECDD3AF-SegmentedRaftLogWorker was interrupted, exiting. There are 0 tasks remaining in the queue.
2021-01-15 07:29:00,709 [Listener at 127.0.0.1/10100] INFO  segmented.SegmentedRaftLogWorker (SegmentedRaftLogWorker.java:close(236)) - 4eb03329-d14e-425d-a1d3-5f9bfd0d0493@group-48BE1ECDD3AF-SegmentedRaftLogWorker close()
2021-01-15 07:29:00,709 [ForkJoinPool.commonPool-worker-0] INFO  metrics.RatisMetrics (RatisMetrics.java:unregister(43)) - Unregistering Metrics Registry : ratis.log_appender.ebab0e06-70f4-4173-9cbe-0f6bda4c00e8@group-48BE1ECDD3AF
2021-01-15 07:29:00,710 [Listener at 127.0.0.1/10100] INFO  metrics.RatisMetrics (RatisMetrics.java:unregister(43)) - Unregistering Metrics Registry : ratis.log_worker.4eb03329-d14e-425d-a1d3-5f9bfd0d0493@group-48BE1ECDD3AF
2021-01-15 07:29:00,710 [ForkJoinPool.commonPool-worker-0] INFO  metrics.RatisMetrics (RatisMetrics.java:unregister(43)) - Unregistering Metrics Registry : ratis.server.ebab0e06-70f4-4173-9cbe-0f6bda4c00e8@group-48BE1ECDD3AF
2021-01-15 07:29:00,710 [Listener at 127.0.0.1/10100] INFO  metrics.RatisMetrics (RatisMetrics.java:unregister(43)) - Unregistering Metrics Registry : ratis.leader_election.4eb03329-d14e-425d-a1d3-5f9bfd0d0493@group-48BE1ECDD3AF
2021-01-15 07:29:00,711 [Listener at 127.0.0.1/10100] INFO  metrics.RatisMetrics (RatisMetrics.java:unregister(43)) - Unregistering Metrics Registry : ratis.server.4eb03329-d14e-425d-a1d3-5f9bfd0d0493@group-48BE1ECDD3AF
2021-01-15 07:29:00,711 [ebab0e06-70f4-4173-9cbe-0f6bda4c00e8@group-48BE1ECDD3AF-StateMachineUpdater] INFO  ratis.ContainerStateMachine (ContainerStateMachine.java:takeSnapshot(291)) - group-48BE1ECDD3AF: Taking a snapshot at:(t:1, i:0) file /github/workspace/mnt/ozone/hadoop-ozone/integration-test/target/test-dir/MiniOzoneClusterImpl-f641cada-e66d-4460-aad4-b2880581a04d/datanode-0/data/ratis/05373332-289a-4763-9f9d-48be1ecdd3af/sm/snapshot.1_0
2021-01-15 07:29:00,711 [ForkJoinPool.commonPool-worker-0] INFO  impl.StateMachineUpdater (StateMachineUpdater.java:stopAndJoin(148)) - ebab0e06-70f4-4173-9cbe-0f6bda4c00e8@group-48BE1ECDD3AF-StateMachineUpdater: set stopIndex = 0
2021-01-15 07:29:00,711 [Listener at 127.0.0.1/10100] INFO  server.GrpcService (GrpcService.java:closeImpl(183)) - 4eb03329-d14e-425d-a1d3-5f9bfd0d0493: shutdown server with port 45173 now
2021-01-15 07:29:00,711 [ebab0e06-70f4-4173-9cbe-0f6bda4c00e8@group-48BE1ECDD3AF-StateMachineUpdater] INFO  ratis.ContainerStateMachine (ContainerStateMachine.java:takeSnapshot(302)) - group-48BE1ECDD3AF: Finished taking a snapshot at:(t:1, i:0) file:/github/workspace/mnt/ozone/hadoop-ozone/integration-test/target/test-dir/MiniOzoneClusterImpl-f641cada-e66d-4460-aad4-b2880581a04d/datanode-0/data/ratis/05373332-289a-4763-9f9d-48be1ecdd3af/sm/snapshot.1_0 took: 0 ms
2021-01-15 07:29:00,712 [ebab0e06-70f4-4173-9cbe-0f6bda4c00e8@group-48BE1ECDD3AF-StateMachineUpdater] INFO  impl.StateMachineUpdater (StateMachineUpdater.java:takeSnapshot(279)) - ebab0e06-70f4-4173-9cbe-0f6bda4c00e8@group-48BE1ECDD3AF-StateMachineUpdater: Took a snapshot at index 0
2021-01-15 07:29:00,712 [ebab0e06-70f4-4173-9cbe-0f6bda4c00e8@group-48BE1ECDD3AF-StateMachineUpdater] INFO  impl.StateMachineUpdater (StateMachineUpdater.java:lambda$new$0(88)) - ebab0e06-70f4-4173-9cbe-0f6bda4c00e8@group-48BE1ECDD3AF-StateMachineUpdater: snapshotIndex: updateIncreasingly -1 -> 0
2021-01-15 07:29:00,712 [ebab0e06-70f4-4173-9cbe-0f6bda4c00e8@group-48BE1ECDD3AF-StateMachineUpdater] INFO  metrics.RatisMetrics (RatisMetrics.java:unregister(43)) - Unregistering Metrics Registry : ratis.state_machine.ebab0e06-70f4-4173-9cbe-0f6bda4c00e8@group-48BE1ECDD3AF
2021-01-15 07:29:00,712 [ForkJoinPool.commonPool-worker-0] INFO  server.RaftServer$Division (ServerState.java:close(400)) - ebab0e06-70f4-4173-9cbe-0f6bda4c00e8@group-48BE1ECDD3AF: closes. applyIndex: 0
2021-01-15 07:29:00,712 [ebab0e06-70f4-4173-9cbe-0f6bda4c00e8@group-48BE1ECDD3AF-SegmentedRaftLogWorker] INFO  segmented.SegmentedRaftLogWorker (SegmentedRaftLogWorker.java:run(326)) - ebab0e06-70f4-4173-9cbe-0f6bda4c00e8@group-48BE1ECDD3AF-SegmentedRaftLogWorker was interrupted, exiting. There are 0 tasks remaining in the queue.
2021-01-15 07:29:00,712 [ForkJoinPool.commonPool-worker-0] INFO  segmented.SegmentedRaftLogWorker (SegmentedRaftLogWorker.java:close(236)) - ebab0e06-70f4-4173-9cbe-0f6bda4c00e8@group-48BE1ECDD3AF-SegmentedRaftLogWorker close()
2021-01-15 07:29:00,713 [ForkJoinPool.commonPool-worker-0] INFO  metrics.RatisMetrics (RatisMetrics.java:unregister(43)) - Unregistering Metrics Registry : ratis.log_worker.ebab0e06-70f4-4173-9cbe-0f6bda4c00e8@group-48BE1ECDD3AF
2021-01-15 07:29:00,713 [ForkJoinPool.commonPool-worker-0] INFO  metrics.RatisMetrics (RatisMetrics.java:unregister(43)) - Unregistering Metrics Registry : ratis.leader_election.ebab0e06-70f4-4173-9cbe-0f6bda4c00e8@group-48BE1ECDD3AF
2021-01-15 07:29:00,713 [ForkJoinPool.commonPool-worker-0] INFO  metrics.RatisMetrics (RatisMetrics.java:unregister(43)) - Unregistering Metrics Registry : ratis.server.ebab0e06-70f4-4173-9cbe-0f6bda4c00e8@group-48BE1ECDD3AF
2021-01-15 07:29:00,713 [ForkJoinPool.commonPool-worker-0] INFO  server.GrpcService (GrpcService.java:closeImpl(183)) - ebab0e06-70f4-4173-9cbe-0f6bda4c00e8: shutdown server with port 33169 now
2021-01-15 07:29:00,714 [grpc-default-executor-2] WARN  server.GrpcServerProtocolService (LogUtils.java:warn(122)) - 4eb03329-d14e-425d-a1d3-5f9bfd0d0493: installSnapshot onError, lastRequest: 683f3d8e-701b-4490-8bc4-d4bfe927cc75->4eb03329-d14e-425d-a1d3-5f9bfd0d0493#1-t1,previous=(t:0, i:0),leaderCommit=0,initializing? true,entries: size=1, first=(t:1, i:0), CONFIGURATIONENTRY: org.apache.ratis.thirdparty.io.grpc.StatusRuntimeException: CANCELLED: cancelled before receiving half close
2021-01-15 07:29:00,714 [grpc-default-executor-0] WARN  server.GrpcLogAppender (LogUtils.java:warn(122)) - 683f3d8e-701b-4490-8bc4-d4bfe927cc75@group-09315A56EB53->ebab0e06-70f4-4173-9cbe-0f6bda4c00e8-AppendLogResponseHandler: Failed appendEntries: org.apache.ratis.thirdparty.io.grpc.StatusRuntimeException: CANCELLED: HTTP/2 error code: CANCEL
Received Rst Stream
2021-01-15 07:29:00,714 [grpc-default-executor-1] WARN  server.GrpcServerProtocolService (LogUtils.java:warn(122)) - ebab0e06-70f4-4173-9cbe-0f6bda4c00e8: installSnapshot onError, lastRequest: 683f3d8e-701b-4490-8bc4-d4bfe927cc75->ebab0e06-70f4-4173-9cbe-0f6bda4c00e8#1-t1,previous=(t:0, i:0),leaderCommit=-1,initializing? true,entries: size=1, first=(t:1, i:0), CONFIGURATIONENTRY: org.apache.ratis.thirdparty.io.grpc.StatusRuntimeException: CANCELLED: cancelled before receiving half close
2021-01-15 07:29:00,715 [grpc-default-executor-0] WARN  server.GrpcLogAppender (GrpcLogAppender.java:resetClient(111)) - 683f3d8e-701b-4490-8bc4-d4bfe927cc75@group-09315A56EB53->ebab0e06-70f4-4173-9cbe-0f6bda4c00e8-GrpcLogAppender: Leader has not got in touch with Follower 683f3d8e-701b-4490-8bc4-d4bfe927cc75@group-09315A56EB53->ebab0e06-70f4-4173-9cbe-0f6bda4c00e8(c0,m0,n1, attendVote=true, lastRpcSendTime=1436, lastRpcResponseTime=1434) yet, just keep nextIndex unchanged and retry.
2021-01-15 07:29:00,715 [grpc-default-executor-3] WARN  server.GrpcLogAppender (LogUtils.java:warn(122)) - 683f3d8e-701b-4490-8bc4-d4bfe927cc75@group-09315A56EB53->4eb03329-d14e-425d-a1d3-5f9bfd0d0493-AppendLogResponseHandler: Failed appendEntries: org.apache.ratis.thirdparty.io.grpc.StatusRuntimeException: CANCELLED: HTTP/2 error code: CANCEL
Received Rst Stream
2021-01-15 07:29:00,715 [grpc-default-executor-3] WARN  server.GrpcLogAppender (GrpcLogAppender.java:resetClient(111)) - 683f3d8e-701b-4490-8bc4-d4bfe927cc75@group-09315A56EB53->4eb03329-d14e-425d-a1d3-5f9bfd0d0493-GrpcLogAppender: Leader has not got in touch with Follower 683f3d8e-701b-4490-8bc4-d4bfe927cc75@group-09315A56EB53->4eb03329-d14e-425d-a1d3-5f9bfd0d0493(c0,m0,n1, attendVote=true, lastRpcSendTime=1410, lastRpcResponseTime=1408) yet, just keep nextIndex unchanged and retry.
2021-01-15 07:29:00,715 [Listener at 127.0.0.1/10100] INFO  server.GrpcService (GrpcService.java:closeImpl(192)) - 4eb03329-d14e-425d-a1d3-5f9bfd0d0493: shutdown server with port 45173 successfully
2021-01-15 07:29:00,715 [org.apache.ratis.util.JvmPauseMonitor$$Lambda$305/117534431@6df3d0bb] INFO  util.JvmPauseMonitor (JvmPauseMonitor.java:run(109)) - JvmPauseMonitor-4eb03329-d14e-425d-a1d3-5f9bfd0d0493: Stopped
2021-01-15 07:29:00,727 [Listener at 127.0.0.1/10100] INFO  utils.BackgroundService (BackgroundService.java:shutdown(132)) - Shutting down service BlockDeletingService
2021-01-15 07:29:00,751 [ForkJoinPool.commonPool-worker-0] INFO  server.GrpcService (GrpcService.java:closeImpl(192)) - ebab0e06-70f4-4173-9cbe-0f6bda4c00e8: shutdown server with port 33169 successfully
2021-01-15 07:29:00,751 [Listener at 127.0.0.1/10100] INFO  statemachine.DatanodeStateMachine (DatanodeStateMachine.java:stopDaemon(461)) - Ozone container server stopped.
2021-01-15 07:29:00,751 [org.apache.ratis.util.JvmPauseMonitor$$Lambda$305/117534431@7ee8c092] INFO  util.JvmPauseMonitor (JvmPauseMonitor.java:run(109)) - JvmPauseMonitor-ebab0e06-70f4-4173-9cbe-0f6bda4c00e8: Stopped
2021-01-15 07:29:00,759 [ForkJoinPool.commonPool-worker-0] INFO  utils.BackgroundService (BackgroundService.java:shutdown(132)) - Shutting down service BlockDeletingService
2021-01-15 07:29:00,762 [ForkJoinPool.commonPool-worker-0] INFO  statemachine.DatanodeStateMachine (DatanodeStateMachine.java:stopDaemon(461)) - Ozone container server stopped.
2021-01-15 07:29:00,764 [Listener at 127.0.0.1/10100] INFO  handler.ContextHandler (ContextHandler.java:doStop(1154)) - Stopped o.e.j.w.WebAppContext@594ddacd{hddsDatanode,/,null,STOPPED}{jar:file:/home/user/.m2/repository/org/apache/hadoop/hadoop-hdds-container-service/1.1.0-SNAPSHOT/hadoop-hdds-container-service-1.1.0-SNAPSHOT.jar!/webapps/hddsDatanode}
2021-01-15 07:29:00,780 [Listener at 127.0.0.1/10100] INFO  server.AbstractConnector (AbstractConnector.java:doStop(381)) - Stopped ServerConnector@7d607f83{HTTP/1.1, (http/1.1)}{0.0.0.0:0}
2021-01-15 07:29:00,780 [Listener at 127.0.0.1/10100] INFO  server.session (HouseKeeper.java:stopScavenging(149)) - node0 Stopped scavenging
2021-01-15 07:29:00,780 [Listener at 127.0.0.1/10100] INFO  handler.ContextHandler (ContextHandler.java:doStop(1154)) - Stopped o.e.j.s.ServletContextHandler@2a1432be{static,/static,jar:file:/home/user/.m2/repository/org/apache/hadoop/hadoop-hdds-container-service/1.1.0-SNAPSHOT/hadoop-hdds-container-service-1.1.0-SNAPSHOT.jar!/webapps/static,STOPPED}
2021-01-15 07:29:00,780 [Listener at 127.0.0.1/10100] INFO  handler.ContextHandler (ContextHandler.java:doStop(1154)) - Stopped o.e.j.s.ServletContextHandler@197ade36{logs,/logs,file:///github/workspace/mnt/ozone/hadoop-ozone/integration-test/target/log,STOPPED}
2021-01-15 07:29:00,791 [ForkJoinPool.commonPool-worker-0] INFO  handler.ContextHandler (ContextHandler.java:doStop(1154)) - Stopped o.e.j.w.WebAppContext@2f25e2aa{hddsDatanode,/,null,STOPPED}{jar:file:/home/user/.m2/repository/org/apache/hadoop/hadoop-hdds-container-service/1.1.0-SNAPSHOT/hadoop-hdds-container-service-1.1.0-SNAPSHOT.jar!/webapps/hddsDatanode}
2021-01-15 07:29:00,791 [ForkJoinPool.commonPool-worker-0] INFO  server.AbstractConnector (AbstractConnector.java:doStop(381)) - Stopped ServerConnector@df6754e{HTTP/1.1, (http/1.1)}{0.0.0.0:0}
2021-01-15 07:29:00,791 [ForkJoinPool.commonPool-worker-0] INFO  server.session (HouseKeeper.java:stopScavenging(149)) - node0 Stopped scavenging
2021-01-15 07:29:00,796 [ForkJoinPool.commonPool-worker-0] INFO  handler.ContextHandler (ContextHandler.java:doStop(1154)) - Stopped o.e.j.s.ServletContextHandler@7f05e17d{static,/static,jar:file:/home/user/.m2/repository/org/apache/hadoop/hadoop-hdds-container-service/1.1.0-SNAPSHOT/hadoop-hdds-container-service-1.1.0-SNAPSHOT.jar!/webapps/static,STOPPED}
2021-01-15 07:29:00,799 [ForkJoinPool.commonPool-worker-0] INFO  handler.ContextHandler (ContextHandler.java:doStop(1154)) - Stopped o.e.j.s.ServletContextHandler@40ffa2d3{logs,/logs,file:///github/workspace/mnt/ozone/hadoop-ozone/integration-test/target/log,STOPPED}
2021-01-15 07:29:01,727 [Datanode State Machine Thread - 0] INFO  statemachine.DatanodeStateMachine (DatanodeStateMachine.java:lambda$startDaemon$0(408)) - Ozone container server started.
2021-01-15 07:29:01,782 [grpc-default-executor-0] WARN  server.GrpcLogAppender (LogUtils.java:warn(122)) - 683f3d8e-701b-4490-8bc4-d4bfe927cc75@group-09315A56EB53->ebab0e06-70f4-4173-9cbe-0f6bda4c00e8-AppendLogResponseHandler: Failed appendEntries: org.apache.ratis.thirdparty.io.grpc.StatusRuntimeException: UNAVAILABLE: io exception
2021-01-15 07:29:01,782 [grpc-default-executor-0] WARN  server.GrpcLogAppender (GrpcLogAppender.java:resetClient(111)) - 683f3d8e-701b-4490-8bc4-d4bfe927cc75@group-09315A56EB53->ebab0e06-70f4-4173-9cbe-0f6bda4c00e8-GrpcLogAppender: Leader has not got in touch with Follower 683f3d8e-701b-4490-8bc4-d4bfe927cc75@group-09315A56EB53->ebab0e06-70f4-4173-9cbe-0f6bda4c00e8(c0,m0,n1, attendVote=true, lastRpcSendTime=1, lastRpcResponseTime=2502) yet, just keep nextIndex unchanged and retry.
2021-01-15 07:29:01,807 [grpc-default-executor-3] WARN  server.GrpcLogAppender (LogUtils.java:warn(122)) - 683f3d8e-701b-4490-8bc4-d4bfe927cc75@group-09315A56EB53->4eb03329-d14e-425d-a1d3-5f9bfd0d0493-AppendLogResponseHandler: Failed appendEntries: org.apache.ratis.thirdparty.io.grpc.StatusRuntimeException: UNAVAILABLE: io exception
2021-01-15 07:29:01,807 [grpc-default-executor-3] WARN  server.GrpcLogAppender (GrpcLogAppender.java:resetClient(111)) - 683f3d8e-701b-4490-8bc4-d4bfe927cc75@group-09315A56EB53->4eb03329-d14e-425d-a1d3-5f9bfd0d0493-GrpcLogAppender: Leader has not got in touch with Follower 683f3d8e-701b-4490-8bc4-d4bfe927cc75@group-09315A56EB53->4eb03329-d14e-425d-a1d3-5f9bfd0d0493(c0,m0,n1, attendVote=true, lastRpcSendTime=0, lastRpcResponseTime=2501) yet, just keep nextIndex unchanged and retry.
2021-01-15 07:29:04,281 [grpc-default-executor-3] WARN  server.GrpcLogAppender (LogUtils.java:warn(122)) - 683f3d8e-701b-4490-8bc4-d4bfe927cc75@group-09315A56EB53->ebab0e06-70f4-4173-9cbe-0f6bda4c00e8-AppendLogResponseHandler: Failed appendEntries: org.apache.ratis.thirdparty.io.grpc.StatusRuntimeException: UNAVAILABLE: io exception
2021-01-15 07:29:04,282 [grpc-default-executor-3] WARN  server.GrpcLogAppender (GrpcLogAppender.java:resetClient(111)) - 683f3d8e-701b-4490-8bc4-d4bfe927cc75@group-09315A56EB53->ebab0e06-70f4-4173-9cbe-0f6bda4c00e8-GrpcLogAppender: Leader has not got in touch with Follower 683f3d8e-701b-4490-8bc4-d4bfe927cc75@group-09315A56EB53->ebab0e06-70f4-4173-9cbe-0f6bda4c00e8(c0,m0,n1, attendVote=true, lastRpcSendTime=2501, lastRpcResponseTime=5002) yet, just keep nextIndex unchanged and retry.
2021-01-15 07:29:04,307 [grpc-default-executor-3] WARN  server.GrpcLogAppender (LogUtils.java:warn(122)) - 683f3d8e-701b-4490-8bc4-d4bfe927cc75@group-09315A56EB53->4eb03329-d14e-425d-a1d3-5f9bfd0d0493-AppendLogResponseHandler: Failed appendEntries: org.apache.ratis.thirdparty.io.grpc.StatusRuntimeException: UNAVAILABLE: io exception
2021-01-15 07:29:04,307 [grpc-default-executor-3] WARN  server.GrpcLogAppender (GrpcLogAppender.java:resetClient(111)) - 683f3d8e-701b-4490-8bc4-d4bfe927cc75@group-09315A56EB53->4eb03329-d14e-425d-a1d3-5f9bfd0d0493-GrpcLogAppender: Leader has not got in touch with Follower 683f3d8e-701b-4490-8bc4-d4bfe927cc75@group-09315A56EB53->4eb03329-d14e-425d-a1d3-5f9bfd0d0493(c0,m0,n1, attendVote=true, lastRpcSendTime=0, lastRpcResponseTime=5001) yet, just keep nextIndex unchanged and retry.
2021-01-15 07:29:05,800 [Listener at 127.0.0.1/10100] INFO  ozoneimpl.OzoneContainer (OzoneContainer.java:stop(273)) - Attempting to stop container services.
2021-01-15 07:29:05,801 [Listener at 127.0.0.1/10100] INFO  server.RaftServer (RaftServerProxy.java:lambda$close$6(389)) - 683f3d8e-701b-4490-8bc4-d4bfe927cc75: close
2021-01-15 07:29:05,815 [Listener at 127.0.0.1/10100] INFO  server.RaftServer$Division (RaftServerImpl.java:lambda$close$4(405)) - 683f3d8e-701b-4490-8bc4-d4bfe927cc75@group-09315A56EB53: shutdown
2021-01-15 07:29:05,815 [ForkJoinPool.commonPool-worker-1] INFO  server.RaftServer$Division (RaftServerImpl.java:lambda$close$4(405)) - 683f3d8e-701b-4490-8bc4-d4bfe927cc75@group-48BE1ECDD3AF: shutdown
2021-01-15 07:29:05,815 [Listener at 127.0.0.1/10100] INFO  util.JmxRegister (JmxRegister.java:unregister(73)) - Successfully un-registered JMX Bean with object name Ratis:service=RaftServer,group=group-09315A56EB53,id=683f3d8e-701b-4490-8bc4-d4bfe927cc75
2021-01-15 07:29:05,815 [Listener at 127.0.0.1/10100] INFO  impl.RoleInfo (RoleInfo.java:shutdownLeaderState(91)) - 683f3d8e-701b-4490-8bc4-d4bfe927cc75: shutdown 683f3d8e-701b-4490-8bc4-d4bfe927cc75@group-09315A56EB53-LeaderStateImpl
2021-01-15 07:29:05,815 [Listener at 127.0.0.1/10100] INFO  metrics.RatisMetrics (RatisMetrics.java:unregister(43)) - Unregistering Metrics Registry : ratis_grpc.log_appender.683f3d8e-701b-4490-8bc4-d4bfe927cc75@group-09315A56EB53
2021-01-15 07:29:05,815 [ForkJoinPool.commonPool-worker-1] INFO  util.JmxRegister (JmxRegister.java:unregister(73)) - Successfully un-registered JMX Bean with object name Ratis:service=RaftServer,group=group-48BE1ECDD3AF,id=683f3d8e-701b-4490-8bc4-d4bfe927cc75
2021-01-15 07:29:05,815 [ForkJoinPool.commonPool-worker-1] INFO  impl.RoleInfo (RoleInfo.java:shutdownFollowerState(108)) - 683f3d8e-701b-4490-8bc4-d4bfe927cc75: shutdown 683f3d8e-701b-4490-8bc4-d4bfe927cc75@group-48BE1ECDD3AF-FollowerState
2021-01-15 07:29:05,816 [ForkJoinPool.commonPool-worker-1] INFO  impl.StateMachineUpdater (StateMachineUpdater.java:stopAndJoin(148)) - 683f3d8e-701b-4490-8bc4-d4bfe927cc75@group-48BE1ECDD3AF-StateMachineUpdater: set stopIndex = 0
2021-01-15 07:29:05,816 [Thread-337] INFO  impl.FollowerState (FollowerState.java:run(142)) - 683f3d8e-701b-4490-8bc4-d4bfe927cc75@group-48BE1ECDD3AF-FollowerState was interrupted: {}
java.lang.InterruptedException: sleep interrupted
	at java.lang.Thread.sleep(Native Method)
	at java.lang.Thread.sleep(Thread.java:340)
	at java.util.concurrent.TimeUnit.sleep(TimeUnit.java:386)
	at org.apache.ratis.util.TimeDuration.sleep(TimeDuration.java:324)
	at org.apache.ratis.util.TimeDuration.sleep(TimeDuration.java:309)
	at org.apache.ratis.server.impl.FollowerState.run(FollowerState.java:117)
2021-01-15 07:29:05,815 [Listener at 127.0.0.1/10100] INFO  metrics.RatisMetrics (RatisMetrics.java:unregister(43)) - Unregistering Metrics Registry : ratis_grpc.log_appender.683f3d8e-701b-4490-8bc4-d4bfe927cc75@group-09315A56EB53
2021-01-15 07:29:05,820 [Listener at 127.0.0.1/10100] INFO  impl.PendingRequests (PendingRequests.java:sendNotLeaderResponses(249)) - 683f3d8e-701b-4490-8bc4-d4bfe927cc75@group-09315A56EB53-PendingRequests: sendNotLeaderResponses
2021-01-15 07:29:05,820 [Listener at 127.0.0.1/10100] INFO  metrics.RatisMetrics (RatisMetrics.java:unregister(43)) - Unregistering Metrics Registry : ratis.log_appender.683f3d8e-701b-4490-8bc4-d4bfe927cc75@group-09315A56EB53
2021-01-15 07:29:05,820 [Listener at 127.0.0.1/10100] INFO  metrics.RatisMetrics (RatisMetrics.java:unregister(43)) - Unregistering Metrics Registry : ratis.server.683f3d8e-701b-4490-8bc4-d4bfe927cc75@group-09315A56EB53
2021-01-15 07:29:05,821 [Listener at 127.0.0.1/10100] INFO  impl.StateMachineUpdater (StateMachineUpdater.java:stopAndJoin(148)) - 683f3d8e-701b-4490-8bc4-d4bfe927cc75@group-09315A56EB53-StateMachineUpdater: set stopIndex = 0
2021-01-15 07:29:05,821 [683f3d8e-701b-4490-8bc4-d4bfe927cc75@group-09315A56EB53-StateMachineUpdater] INFO  ratis.ContainerStateMachine (ContainerStateMachine.java:takeSnapshot(291)) - group-09315A56EB53: Taking a snapshot at:(t:1, i:0) file /github/workspace/mnt/ozone/hadoop-ozone/integration-test/target/test-dir/MiniOzoneClusterImpl-f641cada-e66d-4460-aad4-b2880581a04d/datanode-2/data/ratis/11224e2c-a7c0-455d-b981-09315a56eb53/sm/snapshot.1_0
2021-01-15 07:29:05,821 [683f3d8e-701b-4490-8bc4-d4bfe927cc75@group-48BE1ECDD3AF-StateMachineUpdater] INFO  ratis.ContainerStateMachine (ContainerStateMachine.java:takeSnapshot(291)) - group-48BE1ECDD3AF: Taking a snapshot at:(t:1, i:0) file /github/workspace/mnt/ozone/hadoop-ozone/integration-test/target/test-dir/MiniOzoneClusterImpl-f641cada-e66d-4460-aad4-b2880581a04d/datanode-2/data/ratis/05373332-289a-4763-9f9d-48be1ecdd3af/sm/snapshot.1_0
2021-01-15 07:29:05,822 [683f3d8e-701b-4490-8bc4-d4bfe927cc75@group-48BE1ECDD3AF-StateMachineUpdater] INFO  ratis.ContainerStateMachine (ContainerStateMachine.java:takeSnapshot(302)) - group-48BE1ECDD3AF: Finished taking a snapshot at:(t:1, i:0) file:/github/workspace/mnt/ozone/hadoop-ozone/integration-test/target/test-dir/MiniOzoneClusterImpl-f641cada-e66d-4460-aad4-b2880581a04d/datanode-2/data/ratis/05373332-289a-4763-9f9d-48be1ecdd3af/sm/snapshot.1_0 took: 1 ms
2021-01-15 07:29:05,822 [683f3d8e-701b-4490-8bc4-d4bfe927cc75@group-48BE1ECDD3AF-StateMachineUpdater] INFO  impl.StateMachineUpdater (StateMachineUpdater.java:takeSnapshot(279)) - 683f3d8e-701b-4490-8bc4-d4bfe927cc75@group-48BE1ECDD3AF-StateMachineUpdater: Took a snapshot at index 0
2021-01-15 07:29:05,822 [683f3d8e-701b-4490-8bc4-d4bfe927cc75@group-48BE1ECDD3AF-StateMachineUpdater] INFO  impl.StateMachineUpdater (StateMachineUpdater.java:lambda$new$0(88)) - 683f3d8e-701b-4490-8bc4-d4bfe927cc75@group-48BE1ECDD3AF-StateMachineUpdater: snapshotIndex: updateIncreasingly -1 -> 0
2021-01-15 07:29:05,822 [683f3d8e-701b-4490-8bc4-d4bfe927cc75@group-48BE1ECDD3AF-StateMachineUpdater] INFO  metrics.RatisMetrics (RatisMetrics.java:unregister(43)) - Unregistering Metrics Registry : ratis.state_machine.683f3d8e-701b-4490-8bc4-d4bfe927cc75@group-48BE1ECDD3AF
2021-01-15 07:29:05,822 [ForkJoinPool.commonPool-worker-1] INFO  server.RaftServer$Division (ServerState.java:close(400)) - 683f3d8e-701b-4490-8bc4-d4bfe927cc75@group-48BE1ECDD3AF: closes. applyIndex: 0
2021-01-15 07:29:05,823 [683f3d8e-701b-4490-8bc4-d4bfe927cc75@group-09315A56EB53-StateMachineUpdater] INFO  ratis.ContainerStateMachine (ContainerStateMachine.java:takeSnapshot(302)) - group-09315A56EB53: Finished taking a snapshot at:(t:1, i:0) file:/github/workspace/mnt/ozone/hadoop-ozone/integration-test/target/test-dir/MiniOzoneClusterImpl-f641cada-e66d-4460-aad4-b2880581a04d/datanode-2/data/ratis/11224e2c-a7c0-455d-b981-09315a56eb53/sm/snapshot.1_0 took: 2 ms
2021-01-15 07:29:05,823 [683f3d8e-701b-4490-8bc4-d4bfe927cc75@group-48BE1ECDD3AF-SegmentedRaftLogWorker] INFO  segmented.SegmentedRaftLogWorker (SegmentedRaftLogWorker.java:run(326)) - 683f3d8e-701b-4490-8bc4-d4bfe927cc75@group-48BE1ECDD3AF-SegmentedRaftLogWorker was interrupted, exiting. There are 0 tasks remaining in the queue.
2021-01-15 07:29:05,823 [683f3d8e-701b-4490-8bc4-d4bfe927cc75@group-09315A56EB53-StateMachineUpdater] INFO  impl.StateMachineUpdater (StateMachineUpdater.java:takeSnapshot(279)) - 683f3d8e-701b-4490-8bc4-d4bfe927cc75@group-09315A56EB53-StateMachineUpdater: Took a snapshot at index 0
2021-01-15 07:29:05,823 [683f3d8e-701b-4490-8bc4-d4bfe927cc75@group-09315A56EB53-StateMachineUpdater] INFO  impl.StateMachineUpdater (StateMachineUpdater.java:lambda$new$0(88)) - 683f3d8e-701b-4490-8bc4-d4bfe927cc75@group-09315A56EB53-StateMachineUpdater: snapshotIndex: updateIncreasingly -1 -> 0
2021-01-15 07:29:05,823 [ForkJoinPool.commonPool-worker-1] INFO  segmented.SegmentedRaftLogWorker (SegmentedRaftLogWorker.java:close(236)) - 683f3d8e-701b-4490-8bc4-d4bfe927cc75@group-48BE1ECDD3AF-SegmentedRaftLogWorker close()
2021-01-15 07:29:05,823 [683f3d8e-701b-4490-8bc4-d4bfe927cc75@group-09315A56EB53-StateMachineUpdater] INFO  metrics.RatisMetrics (RatisMetrics.java:unregister(43)) - Unregistering Metrics Registry : ratis.state_machine.683f3d8e-701b-4490-8bc4-d4bfe927cc75@group-09315A56EB53
2021-01-15 07:29:05,823 [ForkJoinPool.commonPool-worker-1] INFO  metrics.RatisMetrics (RatisMetrics.java:unregister(43)) - Unregistering Metrics Registry : ratis.log_worker.683f3d8e-701b-4490-8bc4-d4bfe927cc75@group-48BE1ECDD3AF
2021-01-15 07:29:05,823 [ForkJoinPool.commonPool-worker-1] INFO  metrics.RatisMetrics (RatisMetrics.java:unregister(43)) - Unregistering Metrics Registry : ratis.leader_election.683f3d8e-701b-4490-8bc4-d4bfe927cc75@group-48BE1ECDD3AF
2021-01-15 07:29:05,823 [ForkJoinPool.commonPool-worker-1] INFO  metrics.RatisMetrics (RatisMetrics.java:unregister(43)) - Unregistering Metrics Registry : ratis.server.683f3d8e-701b-4490-8bc4-d4bfe927cc75@group-48BE1ECDD3AF
2021-01-15 07:29:05,824 [ForkJoinPool.commonPool-worker-1] INFO  server.RaftServer$Division (RaftServerImpl.java:lambda$close$4(405)) - 683f3d8e-701b-4490-8bc4-d4bfe927cc75@group-84E38317D27B: shutdown
2021-01-15 07:29:05,824 [ForkJoinPool.commonPool-worker-1] INFO  util.JmxRegister (JmxRegister.java:unregister(73)) - Successfully un-registered JMX Bean with object name Ratis:service=RaftServer,group=group-84E38317D27B,id=683f3d8e-701b-4490-8bc4-d4bfe927cc75
2021-01-15 07:29:05,824 [ForkJoinPool.commonPool-worker-1] INFO  impl.RoleInfo (RoleInfo.java:shutdownLeaderState(91)) - 683f3d8e-701b-4490-8bc4-d4bfe927cc75: shutdown 683f3d8e-701b-4490-8bc4-d4bfe927cc75@group-84E38317D27B-LeaderStateImpl
2021-01-15 07:29:05,824 [ForkJoinPool.commonPool-worker-1] INFO  impl.PendingRequests (PendingRequests.java:sendNotLeaderResponses(249)) - 683f3d8e-701b-4490-8bc4-d4bfe927cc75@group-84E38317D27B-PendingRequests: sendNotLeaderResponses
2021-01-15 07:29:05,824 [ForkJoinPool.commonPool-worker-1] INFO  metrics.RatisMetrics (RatisMetrics.java:unregister(43)) - Unregistering Metrics Registry : ratis.log_appender.683f3d8e-701b-4490-8bc4-d4bfe927cc75@group-84E38317D27B
2021-01-15 07:29:05,824 [ForkJoinPool.commonPool-worker-1] INFO  metrics.RatisMetrics (RatisMetrics.java:unregister(43)) - Unregistering Metrics Registry : ratis.server.683f3d8e-701b-4490-8bc4-d4bfe927cc75@group-84E38317D27B
2021-01-15 07:29:05,824 [ForkJoinPool.commonPool-worker-1] INFO  impl.StateMachineUpdater (StateMachineUpdater.java:stopAndJoin(148)) - 683f3d8e-701b-4490-8bc4-d4bfe927cc75@group-84E38317D27B-StateMachineUpdater: set stopIndex = 0
2021-01-15 07:29:05,824 [Listener at 127.0.0.1/10100] INFO  server.RaftServer$Division (ServerState.java:close(400)) - 683f3d8e-701b-4490-8bc4-d4bfe927cc75@group-09315A56EB53: closes. applyIndex: 0
2021-01-15 07:29:05,825 [683f3d8e-701b-4490-8bc4-d4bfe927cc75@group-09315A56EB53-SegmentedRaftLogWorker] INFO  segmented.SegmentedRaftLogWorker (SegmentedRaftLogWorker.java:run(326)) - 683f3d8e-701b-4490-8bc4-d4bfe927cc75@group-09315A56EB53-SegmentedRaftLogWorker was interrupted, exiting. There are 0 tasks remaining in the queue.
2021-01-15 07:29:05,825 [Listener at 127.0.0.1/10100] INFO  segmented.SegmentedRaftLogWorker (SegmentedRaftLogWorker.java:close(236)) - 683f3d8e-701b-4490-8bc4-d4bfe927cc75@group-09315A56EB53-SegmentedRaftLogWorker close()
2021-01-15 07:29:05,824 [683f3d8e-701b-4490-8bc4-d4bfe927cc75@group-84E38317D27B-StateMachineUpdater] INFO  ratis.ContainerStateMachine (ContainerStateMachine.java:takeSnapshot(291)) - group-84E38317D27B: Taking a snapshot at:(t:1, i:0) file /github/workspace/mnt/ozone/hadoop-ozone/integration-test/target/test-dir/MiniOzoneClusterImpl-f641cada-e66d-4460-aad4-b2880581a04d/datanode-2/data/ratis/259b71ec-8021-4be6-97a1-84e38317d27b/sm/snapshot.1_0
2021-01-15 07:29:05,825 [Listener at 127.0.0.1/10100] INFO  metrics.RatisMetrics (RatisMetrics.java:unregister(43)) - Unregistering Metrics Registry : ratis.log_worker.683f3d8e-701b-4490-8bc4-d4bfe927cc75@group-09315A56EB53
2021-01-15 07:29:05,826 [Listener at 127.0.0.1/10100] INFO  metrics.RatisMetrics (RatisMetrics.java:unregister(43)) - Unregistering Metrics Registry : ratis.leader_election.683f3d8e-701b-4490-8bc4-d4bfe927cc75@group-09315A56EB53
2021-01-15 07:29:05,826 [Listener at 127.0.0.1/10100] INFO  metrics.RatisMetrics (RatisMetrics.java:unregister(43)) - Unregistering Metrics Registry : ratis.server.683f3d8e-701b-4490-8bc4-d4bfe927cc75@group-09315A56EB53
2021-01-15 07:29:05,826 [683f3d8e-701b-4490-8bc4-d4bfe927cc75@group-84E38317D27B-StateMachineUpdater] INFO  ratis.ContainerStateMachine (ContainerStateMachine.java:takeSnapshot(302)) - group-84E38317D27B: Finished taking a snapshot at:(t:1, i:0) file:/github/workspace/mnt/ozone/hadoop-ozone/integration-test/target/test-dir/MiniOzoneClusterImpl-f641cada-e66d-4460-aad4-b2880581a04d/datanode-2/data/ratis/259b71ec-8021-4be6-97a1-84e38317d27b/sm/snapshot.1_0 took: 2 ms
2021-01-15 07:29:05,826 [683f3d8e-701b-4490-8bc4-d4bfe927cc75@group-84E38317D27B-StateMachineUpdater] INFO  impl.StateMachineUpdater (StateMachineUpdater.java:takeSnapshot(279)) - 683f3d8e-701b-4490-8bc4-d4bfe927cc75@group-84E38317D27B-StateMachineUpdater: Took a snapshot at index 0
2021-01-15 07:29:05,826 [683f3d8e-701b-4490-8bc4-d4bfe927cc75@group-84E38317D27B-StateMachineUpdater] INFO  impl.StateMachineUpdater (StateMachineUpdater.java:lambda$new$0(88)) - 683f3d8e-701b-4490-8bc4-d4bfe927cc75@group-84E38317D27B-StateMachineUpdater: snapshotIndex: updateIncreasingly -1 -> 0
2021-01-15 07:29:05,826 [683f3d8e-701b-4490-8bc4-d4bfe927cc75@group-84E38317D27B-StateMachineUpdater] INFO  metrics.RatisMetrics (RatisMetrics.java:unregister(43)) - Unregistering Metrics Registry : ratis.state_machine.683f3d8e-701b-4490-8bc4-d4bfe927cc75@group-84E38317D27B
2021-01-15 07:29:05,826 [ForkJoinPool.commonPool-worker-1] INFO  server.RaftServer$Division (ServerState.java:close(400)) - 683f3d8e-701b-4490-8bc4-d4bfe927cc75@group-84E38317D27B: closes. applyIndex: 0
2021-01-15 07:29:05,827 [683f3d8e-701b-4490-8bc4-d4bfe927cc75@group-84E38317D27B-SegmentedRaftLogWorker] INFO  segmented.SegmentedRaftLogWorker (SegmentedRaftLogWorker.java:run(326)) - 683f3d8e-701b-4490-8bc4-d4bfe927cc75@group-84E38317D27B-SegmentedRaftLogWorker was interrupted, exiting. There are 0 tasks remaining in the queue.
2021-01-15 07:29:05,827 [ForkJoinPool.commonPool-worker-1] INFO  segmented.SegmentedRaftLogWorker (SegmentedRaftLogWorker.java:close(236)) - 683f3d8e-701b-4490-8bc4-d4bfe927cc75@group-84E38317D27B-SegmentedRaftLogWorker close()
2021-01-15 07:29:05,827 [ForkJoinPool.commonPool-worker-1] INFO  metrics.RatisMetrics (RatisMetrics.java:unregister(43)) - Unregistering Metrics Registry : ratis.log_worker.683f3d8e-701b-4490-8bc4-d4bfe927cc75@group-84E38317D27B
2021-01-15 07:29:05,827 [ForkJoinPool.commonPool-worker-1] INFO  metrics.RatisMetrics (RatisMetrics.java:unregister(43)) - Unregistering Metrics Registry : ratis.leader_election.683f3d8e-701b-4490-8bc4-d4bfe927cc75@group-84E38317D27B
2021-01-15 07:29:05,827 [ForkJoinPool.commonPool-worker-1] INFO  metrics.RatisMetrics (RatisMetrics.java:unregister(43)) - Unregistering Metrics Registry : ratis.server.683f3d8e-701b-4490-8bc4-d4bfe927cc75@group-84E38317D27B
2021-01-15 07:29:05,827 [Listener at 127.0.0.1/10100] INFO  server.GrpcService (GrpcService.java:closeImpl(183)) - 683f3d8e-701b-4490-8bc4-d4bfe927cc75: shutdown server with port 40435 now
2021-01-15 07:29:05,828 [Listener at 127.0.0.1/10100] INFO  server.GrpcService (GrpcService.java:closeImpl(192)) - 683f3d8e-701b-4490-8bc4-d4bfe927cc75: shutdown server with port 40435 successfully
2021-01-15 07:29:05,829 [org.apache.ratis.util.JvmPauseMonitor$$Lambda$305/117534431@55e2226] INFO  util.JvmPauseMonitor (JvmPauseMonitor.java:run(109)) - JvmPauseMonitor-683f3d8e-701b-4490-8bc4-d4bfe927cc75: Stopped
2021-01-15 07:29:05,831 [Listener at 127.0.0.1/10100] INFO  utils.BackgroundService (BackgroundService.java:shutdown(132)) - Shutting down service BlockDeletingService
2021-01-15 07:29:05,832 [Listener at 127.0.0.1/10100] INFO  statemachine.DatanodeStateMachine (DatanodeStateMachine.java:stopDaemon(461)) - Ozone container server stopped.
2021-01-15 07:29:05,841 [Listener at 127.0.0.1/10100] INFO  handler.ContextHandler (ContextHandler.java:doStop(1154)) - Stopped o.e.j.w.WebAppContext@5f34b1e8{hddsDatanode,/,null,STOPPED}{jar:file:/home/user/.m2/repository/org/apache/hadoop/hadoop-hdds-container-service/1.1.0-SNAPSHOT/hadoop-hdds-container-service-1.1.0-SNAPSHOT.jar!/webapps/hddsDatanode}
2021-01-15 07:29:05,841 [Listener at 127.0.0.1/10100] INFO  server.AbstractConnector (AbstractConnector.java:doStop(381)) - Stopped ServerConnector@560ce154{HTTP/1.1, (http/1.1)}{0.0.0.0:0}
2021-01-15 07:29:05,841 [Listener at 127.0.0.1/10100] INFO  server.session (HouseKeeper.java:stopScavenging(149)) - node0 Stopped scavenging
2021-01-15 07:29:05,842 [Listener at 127.0.0.1/10100] INFO  handler.ContextHandler (ContextHandler.java:doStop(1154)) - Stopped o.e.j.s.ServletContextHandler@2799f4e5{static,/static,jar:file:/home/user/.m2/repository/org/apache/hadoop/hadoop-hdds-container-service/1.1.0-SNAPSHOT/hadoop-hdds-container-service-1.1.0-SNAPSHOT.jar!/webapps/static,STOPPED}
2021-01-15 07:29:05,842 [Listener at 127.0.0.1/10100] INFO  handler.ContextHandler (ContextHandler.java:doStop(1154)) - Stopped o.e.j.s.ServletContextHandler@68410933{logs,/logs,file:///github/workspace/mnt/ozone/hadoop-ozone/integration-test/target/log,STOPPED}
2021-01-15 07:29:05,843 [Listener at 127.0.0.1/10100] INFO  ozone.MiniOzoneClusterImpl (MiniOzoneClusterImpl.java:stopSCM(478)) - Stopping the StorageContainerManager
2021-01-15 07:29:05,843 [Listener at 127.0.0.1/10100] INFO  server.StorageContainerManager (StorageContainerManager.java:stop(832)) - Stopping Replication Manager Service.
2021-01-15 07:29:05,843 [Listener at 127.0.0.1/10100] INFO  container.ReplicationManager (ReplicationManager.java:stop(227)) - Stopping Replication Monitor Thread.
2021-01-15 07:29:05,844 [Listener at 127.0.0.1/10100] INFO  server.StorageContainerManager (StorageContainerManager.java:stop(839)) - Stopping the Datanode Admin Monitor.
2021-01-15 07:29:05,844 [Listener at 127.0.0.1/10100] INFO  server.StorageContainerManager (StorageContainerManager.java:stop(846)) - Stopping Lease Manager of the command watchers
2021-01-15 07:29:05,844 [Listener at 127.0.0.1/10100] INFO  server.StorageContainerManager (StorageContainerManager.java:stop(853)) - Stopping datanode service RPC server
2021-01-15 07:29:05,844 [Listener at 127.0.0.1/10100] INFO  server.SCMDatanodeProtocolServer (SCMDatanodeProtocolServer.java:stop(369)) - Stopping the RPC server for DataNodes
2021-01-15 07:29:05,844 [Listener at 127.0.0.1/10100] INFO  ipc.Server (Server.java:stop(3359)) - Stopping server on 46133
2021-01-15 07:29:05,845 [IPC Server listener on 0] INFO  ipc.Server (Server.java:run(1330)) - Stopping IPC Server listener on 0
2021-01-15 07:29:05,846 [IPC Server Responder] INFO  ipc.Server (Server.java:run(1465)) - Stopping IPC Server Responder
2021-01-15 07:29:05,872 [SCM Heartbeat Processing Thread - 0] WARN  node.NodeStateManager (NodeStateManager.java:scheduleNextHealthCheck(688)) - Current Thread is interrupted, shutting down HB processing thread for Node Manager.
2021-01-15 07:29:05,872 [Listener at 127.0.0.1/10100] INFO  server.StorageContainerManager (StorageContainerManager.java:stop(861)) - Stopping block service RPC server
2021-01-15 07:29:05,872 [Listener at 127.0.0.1/10100] INFO  server.SCMBlockProtocolServer (SCMBlockProtocolServer.java:stop(159)) - Stopping the RPC server for Block Protocol
2021-01-15 07:29:05,872 [Listener at 127.0.0.1/10100] INFO  ipc.Server (Server.java:stop(3359)) - Stopping server on 41179
2021-01-15 07:29:05,873 [IPC Server listener on 0] INFO  ipc.Server (Server.java:run(1330)) - Stopping IPC Server listener on 0
2021-01-15 07:29:05,874 [IPC Server Responder] INFO  ipc.Server (Server.java:run(1465)) - Stopping IPC Server Responder
2021-01-15 07:29:05,874 [Listener at 127.0.0.1/10100] INFO  server.StorageContainerManager (StorageContainerManager.java:stop(868)) - Stopping the StorageContainerLocationProtocol RPC server
2021-01-15 07:29:05,874 [Listener at 127.0.0.1/10100] INFO  server.SCMClientProtocolServer (SCMClientProtocolServer.java:stop(168)) - Stopping the RPC server for Client Protocol
2021-01-15 07:29:05,875 [Listener at 127.0.0.1/10100] INFO  ipc.Server (Server.java:stop(3359)) - Stopping server on 36401
2021-01-15 07:29:05,876 [IPC Server listener on 0] INFO  ipc.Server (Server.java:run(1330)) - Stopping IPC Server listener on 0
2021-01-15 07:29:05,876 [IPC Server Responder] INFO  ipc.Server (Server.java:run(1465)) - Stopping IPC Server Responder
2021-01-15 07:29:05,876 [Listener at 127.0.0.1/10100] INFO  server.StorageContainerManager (StorageContainerManager.java:stop(875)) - Stopping Storage Container Manager HTTP server.
2021-01-15 07:29:05,877 [Listener at 127.0.0.1/10100] INFO  handler.ContextHandler (ContextHandler.java:doStop(1154)) - Stopped o.e.j.w.WebAppContext@313c57cd{scm,/,null,STOPPED}{file:/github/workspace/mnt/ozone/hadoop-ozone/integration-test/target/test-classes/webapps/scm}
2021-01-15 07:29:05,878 [Listener at 127.0.0.1/10100] INFO  server.AbstractConnector (AbstractConnector.java:doStop(381)) - Stopped ServerConnector@44c986a{HTTP/1.1, (http/1.1)}{0.0.0.0:0}
2021-01-15 07:29:05,878 [Listener at 127.0.0.1/10100] INFO  server.session (HouseKeeper.java:stopScavenging(149)) - node0 Stopped scavenging
2021-01-15 07:29:05,878 [Listener at 127.0.0.1/10100] INFO  handler.ContextHandler (ContextHandler.java:doStop(1154)) - Stopped o.e.j.s.ServletContextHandler@73ef175{static,/static,file:///github/workspace/mnt/ozone/hadoop-ozone/integration-test/target/test-classes/webapps/static,STOPPED}
2021-01-15 07:29:05,878 [Listener at 127.0.0.1/10100] INFO  handler.ContextHandler (ContextHandler.java:doStop(1154)) - Stopped o.e.j.s.ServletContextHandler@5d954848{logs,/logs,file:///github/workspace/mnt/ozone/hadoop-ozone/integration-test/target/log,STOPPED}
2021-01-15 07:29:05,880 [Listener at 127.0.0.1/10100] INFO  server.StorageContainerManager (StorageContainerManager.java:stop(886)) - Stopping Block Manager Service.
2021-01-15 07:29:05,880 [Listener at 127.0.0.1/10100] INFO  utils.BackgroundService (BackgroundService.java:shutdown(132)) - Shutting down service SCMBlockDeletingService
2021-01-15 07:29:05,881 [Listener at 127.0.0.1/10100] INFO  utils.BackgroundService (BackgroundService.java:shutdown(132)) - Shutting down service SCMBlockDeletingService
2021-01-15 07:29:05,881 [Listener at 127.0.0.1/10100] INFO  server.StorageContainerManager (StorageContainerManager.java:stop(911)) - Stopping SCM Event Queue.
2021-01-15 07:29:05,885 [Listener at 127.0.0.1/10100] INFO  impl.MetricsSystemImpl (MetricsSystemImpl.java:stop(210)) - Stopping OzoneManager metrics system...
2021-01-15 07:29:05,888 [prometheus] INFO  impl.MetricsSinkAdapter (MetricsSinkAdapter.java:publishMetricsFromQueue(141)) - prometheus thread interrupted.
2021-01-15 07:29:05,888 [Listener at 127.0.0.1/10100] INFO  impl.MetricsSystemImpl (MetricsSystemImpl.java:stop(216)) - OzoneManager metrics system stopped.
]]></system-out>
  </testcase>
  <testcase name="testInstallOldCheckpointFailure" classname="org.apache.hadoop.ozone.om.TestOMRatisSnapshots" time="39.354"/>
  <testcase name="testInstallCorruptedCheckpointFailure" classname="org.apache.hadoop.ozone.om.TestOMRatisSnapshots" time="31.762"/>
</testsuite>