<?xml version="1.0" encoding="UTF-8"?>
<testsuite xmlns:xsi="http://www.w3.org/2001/XMLSchema-instance" xsi:noNamespaceSchemaLocation="https://maven.apache.org/surefire/maven-surefire-plugin/xsd/surefire-test-report-3.0.xsd" version="3.0" name="org.apache.hadoop.ozone.om.TestAddRemoveOzoneManager" time="126.392" tests="3" errors="1" skipped="0" failures="0">
  <properties>
    <property name="awt.toolkit" value="sun.awt.X11.XToolkit"/>
    <property name="file.encoding.pkg" value="sun.io"/>
    <property name="java.specification.version" value="1.8"/>
    <property name="sun.cpu.isalist" value=""/>
    <property name="sun.jnu.encoding" value="UTF-8"/>
    <property name="java.class.path" value="/home/runner/work/ozone/ozone/hadoop-ozone/integration-test/target/test-classes:/home/runner/work/ozone/ozone/hadoop-ozone/integration-test/target/classes:/home/runner/.m2/repository/org/apache/ozone/ozone-common/1.3.0-SNAPSHOT/ozone-common-1.3.0-SNAPSHOT.jar:/home/runner/.m2/repository/io/grpc/grpc-netty/1.48.1/grpc-netty-1.48.1.jar:/home/runner/.m2/repository/io/grpc/grpc-core/1.48.1/grpc-core-1.48.1.jar:/home/runner/.m2/repository/com/google/android/annotations/4.1.1.4/annotations-4.1.1.4.jar:/home/runner/.m2/repository/org/codehaus/mojo/animal-sniffer-annotations/1.21/animal-sniffer-annotations-1.21.jar:/home/runner/.m2/repository/com/google/errorprone/error_prone_annotations/2.2.0/error_prone_annotations-2.2.0.jar:/home/runner/.m2/repository/io/perfmark/perfmark-api/0.25.0/perfmark-api-0.25.0.jar:/home/runner/.m2/repository/io/netty/netty-codec-http2/4.1.77.Final/netty-codec-http2-4.1.77.Final.jar:/home/runner/.m2/repository/io/netty/netty-common/4.1.77.Final/netty-common-4.1.77.Final.jar:/home/runner/.m2/repository/io/netty/netty-buffer/4.1.77.Final/netty-buffer-4.1.77.Final.jar:/home/runner/.m2/repository/io/netty/netty-codec-http/4.1.77.Final/netty-codec-http-4.1.77.Final.jar:/home/runner/.m2/repository/io/netty/netty-handler-proxy/4.1.77.Final/netty-handler-proxy-4.1.77.Final.jar:/home/runner/.m2/repository/io/netty/netty-codec-socks/4.1.77.Final/netty-codec-socks-4.1.77.Final.jar:/home/runner/.m2/repository/io/netty/netty-tcnative-boringssl-static/2.0.52.Final/netty-tcnative-boringssl-static-2.0.52.Final.jar:/home/runner/.m2/repository/io/netty/netty-tcnative-classes/2.0.52.Final/netty-tcnative-classes-2.0.52.Final.jar:/home/runner/.m2/repository/io/netty/netty-tcnative-boringssl-static/2.0.52.Final/netty-tcnative-boringssl-static-2.0.52.Final-linux-x86_64.jar:/home/runner/.m2/repository/io/netty/netty-tcnative-boringssl-static/2.0.52.Final/netty-tcnative-boringssl-static-2.0.52.Final-linux-aarch_64.jar:/home/runner/.m2/repository/io/netty/netty-tcnative-boringssl-static/2.0.52.Final/netty-tcnative-boringssl-static-2.0.52.Final-osx-x86_64.jar:/home/runner/.m2/repository/io/netty/netty-tcnative-boringssl-static/2.0.52.Final/netty-tcnative-boringssl-static-2.0.52.Final-osx-aarch_64.jar:/home/runner/.m2/repository/io/netty/netty-tcnative-boringssl-static/2.0.52.Final/netty-tcnative-boringssl-static-2.0.52.Final-windows-x86_64.jar:/home/runner/.m2/repository/org/apache/commons/commons-compress/1.21/commons-compress-1.21.jar:/home/runner/.m2/repository/org/apache/ozone/hdds-common/1.3.0-SNAPSHOT/hdds-common-1.3.0-SNAPSHOT.jar:/home/runner/.m2/repository/org/apache/ozone/hdds-client/1.3.0-SNAPSHOT/hdds-client-1.3.0-SNAPSHOT.jar:/home/runner/.m2/repository/org/apache/ozone/ozone-interface-client/1.3.0-SNAPSHOT/ozone-interface-client-1.3.0-SNAPSHOT.jar:/home/runner/.m2/repository/org/apache/ozone/hdds-test-utils/1.3.0-SNAPSHOT/hdds-test-utils-1.3.0-SNAPSHOT.jar:/home/runner/.m2/repository/com/google/guava/guava/31.1-jre/guava-31.1-jre.jar:/home/runner/.m2/repository/com/google/guava/failureaccess/1.0.1/failureaccess-1.0.1.jar:/home/runner/.m2/repository/com/google/guava/listenablefuture/9999.0-empty-to-avoid-conflict-with-guava/listenablefuture-9999.0-empty-to-avoid-conflict-with-guava.jar:/home/runner/.m2/repository/com/google/code/findbugs/jsr305/3.0.0/jsr305-3.0.0.jar:/home/runner/.m2/repository/org/checkerframework/checker-qual/3.12.0/checker-qual-3.12.0.jar:/home/runner/.m2/repository/com/google/j2objc/j2objc-annotations/1.3/j2objc-annotations-1.3.jar:/home/runner/.m2/repository/commons-io/commons-io/2.11.0/commons-io-2.11.0.jar:/home/runner/.m2/repository/commons-logging/commons-logging/1.2/commons-logging-1.2.jar:/home/runner/.m2/repository/ch/qos/reload4j/reload4j/1.2.22/reload4j-1.2.22.jar:/home/runner/.m2/repository/org/slf4j/slf4j-api/1.7.36/slf4j-api-1.7.36.jar:/home/runner/.m2/repository/org/apache/ozone/hdds-server-scm/1.3.0-SNAPSHOT/hdds-server-scm-1.3.0-SNAPSHOT.jar:/home/runner/.m2/repository/org/apache/ozone/hdds-container-service/1.3.0-SNAPSHOT/hdds-container-service-1.3.0-SNAPSHOT.jar:/home/runner/.m2/repository/org/apache/ozone/hdds-hadoop-dependency-server/1.3.0-SNAPSHOT/hdds-hadoop-dependency-server-1.3.0-SNAPSHOT.jar:/home/runner/.m2/repository/org/apache/hadoop/hadoop-hdfs/3.3.4/hadoop-hdfs-3.3.4.jar:/home/runner/.m2/repository/org/eclipse/jetty/jetty-util-ajax/9.4.49.v20220914/jetty-util-ajax-9.4.49.v20220914.jar:/home/runner/.m2/repository/commons-daemon/commons-daemon/1.0.13/commons-daemon-1.0.13.jar:/home/runner/.m2/repository/org/apache/ozone/hdds-server-framework/1.3.0-SNAPSHOT/hdds-server-framework-1.3.0-SNAPSHOT.jar:/home/runner/.m2/repository/org/apache/ozone/hdds-interface-server/1.3.0-SNAPSHOT/hdds-interface-server-1.3.0-SNAPSHOT.jar:/home/runner/.m2/repository/org/apache/commons/commons-configuration2/2.1.1/commons-configuration2-2.1.1.jar:/home/runner/.m2/repository/org/apache/logging/log4j/log4j-core/2.17.1/log4j-core-2.17.1.jar:/home/runner/.m2/repository/com/lmax/disruptor/3.4.2/disruptor-3.4.2.jar:/home/runner/.m2/repository/org/eclipse/jetty/jetty-servlet/9.4.49.v20220914/jetty-servlet-9.4.49.v20220914.jar:/home/runner/.m2/repository/org/eclipse/jetty/jetty-security/9.4.49.v20220914/jetty-security-9.4.49.v20220914.jar:/home/runner/.m2/repository/org/rocksdb/rocksdbjni/7.7.3/rocksdbjni-7.7.3.jar:/home/runner/.m2/repository/io/prometheus/simpleclient_dropwizard/0.7.0/simpleclient_dropwizard-0.7.0.jar:/home/runner/.m2/repository/io/prometheus/simpleclient/0.7.0/simpleclient-0.7.0.jar:/home/runner/.m2/repository/io/prometheus/simpleclient_common/0.7.0/simpleclient_common-0.7.0.jar:/home/runner/.m2/repository/com/github/spotbugs/spotbugs-annotations/3.1.12/spotbugs-annotations-3.1.12.jar:/home/runner/.m2/repository/io/dropwizard/metrics/metrics-core/3.2.4/metrics-core-3.2.4.jar:/home/runner/.m2/repository/org/apache/commons/commons-text/1.4/commons-text-1.4.jar:/home/runner/.m2/repository/org/apache/hadoop/hadoop-hdfs-client/3.3.4/hadoop-hdfs-client-3.3.4.jar:/home/runner/.m2/repository/com/squareup/okhttp3/okhttp/4.9.3/okhttp-4.9.3.jar:/home/runner/.m2/repository/com/squareup/okio/okio/2.8.0/okio-2.8.0.jar:/home/runner/.m2/repository/org/jetbrains/kotlin/kotlin-stdlib-common/1.4.10/kotlin-stdlib-common-1.4.10.jar:/home/runner/.m2/repository/org/bouncycastle/bcprov-jdk15on/1.67/bcprov-jdk15on-1.67.jar:/home/runner/.m2/repository/com/google/protobuf/protobuf-java/2.5.0/protobuf-java-2.5.0.jar:/home/runner/.m2/repository/org/apache/ozone/ozone-manager/1.3.0-SNAPSHOT/ozone-manager-1.3.0-SNAPSHOT.jar:/home/runner/.m2/repository/org/aspectj/aspectjrt/1.9.7/aspectjrt-1.9.7.jar:/home/runner/.m2/repository/org/aspectj/aspectjweaver/1.9.7/aspectjweaver-1.9.7.jar:/home/runner/.m2/repository/org/apache/ozone/hdds-interface-client/1.3.0-SNAPSHOT/hdds-interface-client-1.3.0-SNAPSHOT.jar:/home/runner/.m2/repository/org/apache/hadoop/thirdparty/hadoop-shaded-protobuf_3_7/1.1.1/hadoop-shaded-protobuf_3_7-1.1.1.jar:/home/runner/.m2/repository/org/apache/ozone/ozone-interface-storage/1.3.0-SNAPSHOT/ozone-interface-storage-1.3.0-SNAPSHOT.jar:/home/runner/.m2/repository/org/reflections/reflections/0.9.11/reflections-0.9.11.jar:/home/runner/.m2/repository/com/sun/jersey/jersey-client/1.19/jersey-client-1.19.jar:/home/runner/.m2/repository/org/apache/ranger/ranger-intg/2.3.0/ranger-intg-2.3.0.jar:/home/runner/.m2/repository/org/apache/ranger/ranger-plugins-common/2.3.0/ranger-plugins-common-2.3.0.jar:/home/runner/.m2/repository/commons-lang/commons-lang/2.6/commons-lang-2.6.jar:/home/runner/.m2/repository/org/codehaus/jackson/jackson-jaxrs/1.9.13/jackson-jaxrs-1.9.13.jar:/home/runner/.m2/repository/org/apache/ranger/ranger-plugins-cred/2.3.0/ranger-plugins-cred-2.3.0.jar:/home/runner/.m2/repository/org/apache/ranger/ranger-plugins-audit/2.3.0/ranger-plugins-audit-2.3.0.jar:/home/runner/.m2/repository/org/eclipse/jetty/jetty-client/9.4.31.v20200723/jetty-client-9.4.31.v20200723.jar:/home/runner/.m2/repository/org/apache/httpcomponents/httpmime/4.5.6/httpmime-4.5.6.jar:/home/runner/.m2/repository/org/apache/httpcomponents/httpcore-nio/4.4.6/httpcore-nio-4.4.6.jar:/home/runner/.m2/repository/org/apache/httpcomponents/httpasyncclient/4.1.3/httpasyncclient-4.1.3.jar:/home/runner/.m2/repository/com/carrotsearch/hppc/0.8.0/hppc-0.8.0.jar:/home/runner/.m2/repository/org/apache/orc/orc-core/1.5.8/orc-core-1.5.8.jar:/home/runner/.m2/repository/net/java/dev/jna/jna/5.2.0/jna-5.2.0.jar:/home/runner/.m2/repository/net/java/dev/jna/jna-platform/5.2.0/jna-platform-5.2.0.jar:/home/runner/.m2/repository/com/kstruct/gethostname4j/0.0.2/gethostname4j-0.0.2.jar:/home/runner/.m2/repository/org/apache/ranger/ranger-plugin-classloader/2.3.0/ranger-plugin-classloader-2.3.0.jar:/home/runner/.m2/repository/org/apache/hadoop/hadoop-minikdc/3.3.4/hadoop-minikdc-3.3.4.jar:/home/runner/.m2/repository/org/apache/kerby/kerb-simplekdc/1.0.1/kerb-simplekdc-1.0.1.jar:/home/runner/.m2/repository/org/apache/kerby/kerb-client/1.0.1/kerb-client-1.0.1.jar:/home/runner/.m2/repository/org/apache/kerby/kerby-config/1.0.1/kerby-config-1.0.1.jar:/home/runner/.m2/repository/org/apache/kerby/kerb-common/1.0.1/kerb-common-1.0.1.jar:/home/runner/.m2/repository/org/apache/kerby/kerb-crypto/1.0.1/kerb-crypto-1.0.1.jar:/home/runner/.m2/repository/org/apache/kerby/kerb-util/1.0.1/kerb-util-1.0.1.jar:/home/runner/.m2/repository/org/apache/kerby/token-provider/1.0.1/token-provider-1.0.1.jar:/home/runner/.m2/repository/org/apache/kerby/kerb-admin/1.0.1/kerb-admin-1.0.1.jar:/home/runner/.m2/repository/org/apache/kerby/kerb-server/1.0.1/kerb-server-1.0.1.jar:/home/runner/.m2/repository/org/apache/kerby/kerb-identity/1.0.1/kerb-identity-1.0.1.jar:/home/runner/.m2/repository/org/apache/kerby/kerby-xdr/1.0.1/kerby-xdr-1.0.1.jar:/home/runner/.m2/repository/org/apache/ozone/ozone-s3gateway/1.3.0-SNAPSHOT/ozone-s3gateway-1.3.0-SNAPSHOT.jar:/home/runner/.m2/repository/org/javassist/javassist/3.21.0-GA/javassist-3.21.0-GA.jar:/home/runner/.m2/repository/org/jboss/weld/servlet/weld-servlet/2.4.7.Final/weld-servlet-2.4.7.Final.jar:/home/runner/.m2/repository/org/glassfish/jersey/containers/jersey-container-servlet-core/2.34/jersey-container-servlet-core-2.34.jar:/home/runner/.m2/repository/org/glassfish/hk2/external/jakarta.inject/2.6.1/jakarta.inject-2.6.1.jar:/home/runner/.m2/repository/org/glassfish/jersey/core/jersey-common/2.34/jersey-common-2.34.jar:/home/runner/.m2/repository/jakarta/ws/rs/jakarta.ws.rs-api/2.1.6/jakarta.ws.rs-api-2.1.6.jar:/home/runner/.m2/repository/org/glassfish/jersey/ext/cdi/jersey-cdi1x/2.34/jersey-cdi1x-2.34.jar:/home/runner/.m2/repository/org/glassfish/jersey/inject/jersey-hk2/2.34/jersey-hk2-2.34.jar:/home/runner/.m2/repository/org/glassfish/hk2/hk2-locator/2.6.1/hk2-locator-2.6.1.jar:/home/runner/.m2/repository/org/glassfish/jersey/media/jersey-media-jaxb/2.34/jersey-media-jaxb-2.34.jar:/home/runner/.m2/repository/org/glassfish/hk2/osgi-resource-locator/1.0.3/osgi-resource-locator-1.0.3.jar:/home/runner/.m2/repository/org/glassfish/hk2/hk2-api/2.5.0/hk2-api-2.5.0.jar:/home/runner/.m2/repository/org/glassfish/hk2/hk2-utils/2.5.0/hk2-utils-2.5.0.jar:/home/runner/.m2/repository/org/glassfish/hk2/external/aopalliance-repackaged/2.5.0/aopalliance-repackaged-2.5.0.jar:/home/runner/.m2/repository/com/fasterxml/jackson/dataformat/jackson-dataformat-xml/2.13.4/jackson-dataformat-xml-2.13.4.jar:/home/runner/.m2/repository/com/fasterxml/jackson/core/jackson-core/2.13.4/jackson-core-2.13.4.jar:/home/runner/.m2/repository/org/codehaus/woodstox/stax2-api/4.2.1/stax2-api-4.2.1.jar:/home/runner/.m2/repository/com/fasterxml/woodstox/woodstox-core/5.4.0/woodstox-core-5.4.0.jar:/home/runner/.m2/repository/com/fasterxml/jackson/module/jackson-module-jaxb-annotations/2.13.4/jackson-module-jaxb-annotations-2.13.4.jar:/home/runner/.m2/repository/jakarta/xml/bind/jakarta.xml.bind-api/2.3.3/jakarta.xml.bind-api-2.3.3.jar:/home/runner/.m2/repository/jakarta/activation/jakarta.activation-api/1.2.1/jakarta.activation-api-1.2.1.jar:/home/runner/.m2/repository/javax/enterprise/cdi-api/1.2/cdi-api-1.2.jar:/home/runner/.m2/repository/javax/el/javax.el-api/3.0.0/javax.el-api-3.0.0.jar:/home/runner/.m2/repository/javax/interceptor/javax.interceptor-api/1.2/javax.interceptor-api-1.2.jar:/home/runner/.m2/repository/javax/inject/javax.inject/1/javax.inject-1.jar:/home/runner/.m2/repository/javax/xml/bind/jaxb-api/2.3.0/jaxb-api-2.3.0.jar:/home/runner/.m2/repository/org/glassfish/jaxb/jaxb-runtime/2.3.0.1/jaxb-runtime-2.3.0.1.jar:/home/runner/.m2/repository/org/glassfish/jaxb/jaxb-core/2.3.0.1/jaxb-core-2.3.0.1.jar:/home/runner/.m2/repository/org/glassfish/jaxb/txw2/2.3.0.1/txw2-2.3.0.1.jar:/home/runner/.m2/repository/com/sun/istack/istack-commons-runtime/3.0.5/istack-commons-runtime-3.0.5.jar:/home/runner/.m2/repository/org/jvnet/staxex/stax-ex/1.7.8/stax-ex-1.7.8.jar:/home/runner/.m2/repository/com/sun/xml/fastinfoset/FastInfoset/1.2.13/FastInfoset-1.2.13.jar:/home/runner/.m2/repository/javax/activation/activation/1.1.1/activation-1.1.1.jar:/home/runner/.m2/repository/io/grpc/grpc-protobuf/1.48.1/grpc-protobuf-1.48.1.jar:/home/runner/.m2/repository/io/grpc/grpc-api/1.48.1/grpc-api-1.48.1.jar:/home/runner/.m2/repository/io/grpc/grpc-context/1.48.1/grpc-context-1.48.1.jar:/home/runner/.m2/repository/com/google/api/grpc/proto-google-common-protos/2.9.0/proto-google-common-protos-2.9.0.jar:/home/runner/.m2/repository/io/grpc/grpc-protobuf-lite/1.48.1/grpc-protobuf-lite-1.48.1.jar:/home/runner/.m2/repository/io/grpc/grpc-stub/1.48.1/grpc-stub-1.48.1.jar:/home/runner/.m2/repository/io/netty/netty-transport/4.1.77.Final/netty-transport-4.1.77.Final.jar:/home/runner/.m2/repository/io/netty/netty-resolver/4.1.77.Final/netty-resolver-4.1.77.Final.jar:/home/runner/.m2/repository/org/apache/ozone/ozone-csi/1.3.0-SNAPSHOT/ozone-csi-1.3.0-SNAPSHOT.jar:/home/runner/.m2/repository/com/google/protobuf/protobuf-java-util/3.19.6/protobuf-java-util-3.19.6.jar:/home/runner/.m2/repository/com/google/code/gson/gson/2.9.0/gson-2.9.0.jar:/home/runner/.m2/repository/org/apache/ozone/hdds-config/1.3.0-SNAPSHOT/hdds-config-1.3.0-SNAPSHOT.jar:/home/runner/.m2/repository/io/netty/netty-transport-native-epoll/4.1.77.Final/netty-transport-native-epoll-4.1.77.Final-linux-x86_64.jar:/home/runner/.m2/repository/io/netty/netty-transport-classes-epoll/4.1.77.Final/netty-transport-classes-epoll-4.1.77.Final.jar:/home/runner/.m2/repository/io/netty/netty-transport-native-unix-common/4.1.77.Final/netty-transport-native-unix-common-4.1.77.Final.jar:/home/runner/.m2/repository/org/slf4j/slf4j-reload4j/1.7.36/slf4j-reload4j-1.7.36.jar:/home/runner/.m2/repository/org/apache/ozone/ozone-recon/1.3.0-SNAPSHOT/ozone-recon-1.3.0-SNAPSHOT.jar:/home/runner/.m2/repository/org/apache/ozone/ozone-reconcodegen/1.3.0-SNAPSHOT/ozone-reconcodegen-1.3.0-SNAPSHOT.jar:/home/runner/.m2/repository/com/google/inject/extensions/guice-multibindings/4.0/guice-multibindings-4.0.jar:/home/runner/.m2/repository/com/google/inject/guice/4.0/guice-4.0.jar:/home/runner/.m2/repository/aopalliance/aopalliance/1.0/aopalliance-1.0.jar:/home/runner/.m2/repository/com/google/inject/extensions/guice-assistedinject/4.0/guice-assistedinject-4.0.jar:/home/runner/.m2/repository/com/google/inject/extensions/guice-servlet/4.0/guice-servlet-4.0.jar:/home/runner/.m2/repository/org/glassfish/jersey/containers/jersey-container-servlet/2.34/jersey-container-servlet-2.34.jar:/home/runner/.m2/repository/org/glassfish/hk2/guice-bridge/2.5.0/guice-bridge-2.5.0.jar:/home/runner/.m2/repository/org/glassfish/jersey/core/jersey-server/2.34/jersey-server-2.34.jar:/home/runner/.m2/repository/org/glassfish/jersey/core/jersey-client/2.34/jersey-client-2.34.jar:/home/runner/.m2/repository/jakarta/annotation/jakarta.annotation-api/1.3.5/jakarta.annotation-api-1.3.5.jar:/home/runner/.m2/repository/jakarta/validation/jakarta.validation-api/2.0.2/jakarta.validation-api-2.0.2.jar:/home/runner/.m2/repository/org/glassfish/jersey/media/jersey-media-json-jackson/2.34/jersey-media-json-jackson-2.34.jar:/home/runner/.m2/repository/org/glassfish/jersey/ext/jersey-entity-filtering/2.34/jersey-entity-filtering-2.34.jar:/home/runner/.m2/repository/org/jooq/jooq/3.11.10/jooq-3.11.10.jar:/home/runner/.m2/repository/org/jooq/jooq-meta/3.11.10/jooq-meta-3.11.10.jar:/home/runner/.m2/repository/org/jooq/jooq-codegen/3.11.10/jooq-codegen-3.11.10.jar:/home/runner/.m2/repository/com/jolbox/bonecp/0.8.0.RELEASE/bonecp-0.8.0.RELEASE.jar:/home/runner/.m2/repository/org/apache/derby/derby/10.14.2.0/derby-10.14.2.0.jar:/home/runner/.m2/repository/org/xerial/sqlite-jdbc/3.25.2/sqlite-jdbc-3.25.2.jar:/home/runner/.m2/repository/org/springframework/spring-jdbc/5.3.23/spring-jdbc-5.3.23.jar:/home/runner/.m2/repository/org/springframework/spring-beans/5.3.23/spring-beans-5.3.23.jar:/home/runner/.m2/repository/org/springframework/spring-core/5.3.23/spring-core-5.3.23.jar:/home/runner/.m2/repository/org/springframework/spring-jcl/5.3.23/spring-jcl-5.3.23.jar:/home/runner/.m2/repository/org/springframework/spring-tx/5.3.23/spring-tx-5.3.23.jar:/home/runner/.m2/repository/org/apache/ozone/ozone-client/1.3.0-SNAPSHOT/ozone-client-1.3.0-SNAPSHOT.jar:/home/runner/.m2/repository/org/apache/ozone/hdds-erasurecode/1.3.0-SNAPSHOT/hdds-erasurecode-1.3.0-SNAPSHOT.jar:/home/runner/.m2/repository/org/apache/ozone/ozone-filesystem/1.3.0-SNAPSHOT/ozone-filesystem-1.3.0-SNAPSHOT.jar:/home/runner/.m2/repository/org/apache/ozone/ozone-filesystem-common/1.3.0-SNAPSHOT/ozone-filesystem-common-1.3.0-SNAPSHOT.jar:/home/runner/.m2/repository/org/apache/ozone/ozone-tools/1.3.0-SNAPSHOT/ozone-tools-1.3.0-SNAPSHOT.jar:/home/runner/.m2/repository/org/apache/ratis/ratis-tools/2.4.2-8b8bdda-SNAPSHOT/ratis-tools-2.4.2-8b8bdda-SNAPSHOT.jar:/home/runner/.m2/repository/com/amazonaws/aws-java-sdk-core/1.12.261/aws-java-sdk-core-1.12.261.jar:/home/runner/.m2/repository/org/apache/httpcomponents/httpclient/4.5.13/httpclient-4.5.13.jar:/home/runner/.m2/repository/org/apache/httpcomponents/httpcore/4.4.13/httpcore-4.4.13.jar:/home/runner/.m2/repository/software/amazon/ion/ion-java/1.0.2/ion-java-1.0.2.jar:/home/runner/.m2/repository/com/fasterxml/jackson/dataformat/jackson-dataformat-cbor/2.13.4/jackson-dataformat-cbor-2.13.4.jar:/home/runner/.m2/repository/joda-time/joda-time/2.8.1/joda-time-2.8.1.jar:/home/runner/.m2/repository/com/amazonaws/aws-java-sdk-s3/1.12.261/aws-java-sdk-s3-1.12.261.jar:/home/runner/.m2/repository/com/amazonaws/aws-java-sdk-kms/1.12.261/aws-java-sdk-kms-1.12.261.jar:/home/runner/.m2/repository/com/amazonaws/jmespath-java/1.12.261/jmespath-java-1.12.261.jar:/home/runner/.m2/repository/org/kohsuke/metainf-services/metainf-services/1.8/metainf-services-1.8.jar:/home/runner/.m2/repository/org/apache/ozone/hdds-tools/1.3.0-SNAPSHOT/hdds-tools-1.3.0-SNAPSHOT.jar:/home/runner/.m2/repository/commons-cli/commons-cli/1.2/commons-cli-1.2.jar:/home/runner/.m2/repository/org/apache/commons/commons-lang3/3.7/commons-lang3-3.7.jar:/home/runner/.m2/repository/org/apache/ozone/ozone-manager/1.3.0-SNAPSHOT/ozone-manager-1.3.0-SNAPSHOT-tests.jar:/home/runner/.m2/repository/org/apache/ozone/hdds-common/1.3.0-SNAPSHOT/hdds-common-1.3.0-SNAPSHOT-tests.jar:/home/runner/.m2/repository/org/apache/ozone/hdds-hadoop-dependency-client/1.3.0-SNAPSHOT/hdds-hadoop-dependency-client-1.3.0-SNAPSHOT.jar:/home/runner/.m2/repository/info/picocli/picocli/4.6.1/picocli-4.6.1.jar:/home/runner/.m2/repository/com/fasterxml/jackson/core/jackson-annotations/2.13.4/jackson-annotations-2.13.4.jar:/home/runner/.m2/repository/com/fasterxml/jackson/datatype/jackson-datatype-jsr310/2.13.4/jackson-datatype-jsr310-2.13.4.jar:/home/runner/.m2/repository/org/apache/ozone/hdds-annotation-processing/1.3.0-SNAPSHOT/hdds-annotation-processing-1.3.0-SNAPSHOT.jar:/home/runner/.m2/repository/javax/annotation/javax.annotation-api/1.2/javax.annotation-api-1.2.jar:/home/runner/.m2/repository/org/apache/ratis/ratis-server/2.4.2-8b8bdda-SNAPSHOT/ratis-server-2.4.2-8b8bdda-SNAPSHOT.jar:/home/runner/.m2/repository/org/apache/ratis/ratis-client/2.4.2-8b8bdda-SNAPSHOT/ratis-client-2.4.2-8b8bdda-SNAPSHOT.jar:/home/runner/.m2/repository/org/apache/ratis/ratis-server-api/2.4.2-8b8bdda-SNAPSHOT/ratis-server-api-2.4.2-8b8bdda-SNAPSHOT.jar:/home/runner/.m2/repository/org/apache/ratis/ratis-metrics/2.4.2-8b8bdda-SNAPSHOT/ratis-metrics-2.4.2-8b8bdda-SNAPSHOT.jar:/home/runner/.m2/repository/org/apache/ratis/ratis-netty/2.4.2-8b8bdda-SNAPSHOT/ratis-netty-2.4.2-8b8bdda-SNAPSHOT.jar:/home/runner/.m2/repository/org/apache/ratis/ratis-grpc/2.4.2-8b8bdda-SNAPSHOT/ratis-grpc-2.4.2-8b8bdda-SNAPSHOT.jar:/home/runner/.m2/repository/org/apache/logging/log4j/log4j-api/2.17.1/log4j-api-2.17.1.jar:/home/runner/.m2/repository/org/apache/commons/commons-pool2/2.6.0/commons-pool2-2.6.0.jar:/home/runner/.m2/repository/org/bouncycastle/bcpkix-jdk15on/1.67/bcpkix-jdk15on-1.67.jar:/home/runner/.m2/repository/commons-validator/commons-validator/1.6/commons-validator-1.6.jar:/home/runner/.m2/repository/commons-beanutils/commons-beanutils/1.9.4/commons-beanutils-1.9.4.jar:/home/runner/.m2/repository/commons-digester/commons-digester/1.8.1/commons-digester-1.8.1.jar:/home/runner/.m2/repository/commons-collections/commons-collections/3.2.2/commons-collections-3.2.2.jar:/home/runner/.m2/repository/io/jaegertracing/jaeger-client/1.6.0/jaeger-client-1.6.0.jar:/home/runner/.m2/repository/io/jaegertracing/jaeger-thrift/1.6.0/jaeger-thrift-1.6.0.jar:/home/runner/.m2/repository/org/apache/thrift/libthrift/0.14.1/libthrift-0.14.1.jar:/home/runner/.m2/repository/io/jaegertracing/jaeger-core/1.6.0/jaeger-core-1.6.0.jar:/home/runner/.m2/repository/io/jaegertracing/jaeger-tracerresolver/1.6.0/jaeger-tracerresolver-1.6.0.jar:/home/runner/.m2/repository/io/opentracing/contrib/opentracing-tracerresolver/0.1.8/opentracing-tracerresolver-0.1.8.jar:/home/runner/.m2/repository/org/jetbrains/kotlin/kotlin-stdlib/1.6.21/kotlin-stdlib-1.6.21.jar:/home/runner/.m2/repository/org/jetbrains/annotations/13.0/annotations-13.0.jar:/home/runner/.m2/repository/io/opentracing/opentracing-util/0.33.0/opentracing-util-0.33.0.jar:/home/runner/.m2/repository/io/opentracing/opentracing-api/0.33.0/opentracing-api-0.33.0.jar:/home/runner/.m2/repository/io/opentracing/opentracing-noop/0.33.0/opentracing-noop-0.33.0.jar:/home/runner/.m2/repository/org/yaml/snakeyaml/1.33/snakeyaml-1.33.jar:/home/runner/.m2/repository/org/apache/ozone/hdds-interface-admin/1.3.0-SNAPSHOT/hdds-interface-admin-1.3.0-SNAPSHOT.jar:/home/runner/.m2/repository/junit/junit/4.13.1/junit-4.13.1.jar:/home/runner/.m2/repository/org/hamcrest/hamcrest-core/1.3/hamcrest-core-1.3.jar:/home/runner/.m2/repository/org/junit/jupiter/junit-jupiter-api/5.8.2/junit-jupiter-api-5.8.2.jar:/home/runner/.m2/repository/org/opentest4j/opentest4j/1.2.0/opentest4j-1.2.0.jar:/home/runner/.m2/repository/org/junit/platform/junit-platform-commons/1.8.2/junit-platform-commons-1.8.2.jar:/home/runner/.m2/repository/org/apiguardian/apiguardian-api/1.1.2/apiguardian-api-1.1.2.jar:/home/runner/.m2/repository/org/junit/jupiter/junit-jupiter-params/5.8.2/junit-jupiter-params-5.8.2.jar:/home/runner/.m2/repository/org/junit/jupiter/junit-jupiter-migrationsupport/5.8.2/junit-jupiter-migrationsupport-5.8.2.jar:/home/runner/.m2/repository/org/junit/jupiter/junit-jupiter-engine/5.8.2/junit-jupiter-engine-5.8.2.jar:/home/runner/.m2/repository/org/junit/platform/junit-platform-engine/1.8.2/junit-platform-engine-1.8.2.jar:/home/runner/.m2/repository/org/junit/vintage/junit-vintage-engine/5.8.2/junit-vintage-engine-5.8.2.jar:/home/runner/.m2/repository/org/junit/platform/junit-platform-launcher/1.8.2/junit-platform-launcher-1.8.2.jar:/home/runner/.m2/repository/org/mockito/mockito-core/2.28.2/mockito-core-2.28.2.jar:/home/runner/.m2/repository/net/bytebuddy/byte-buddy/1.9.10/byte-buddy-1.9.10.jar:/home/runner/.m2/repository/net/bytebuddy/byte-buddy-agent/1.9.10/byte-buddy-agent-1.9.10.jar:/home/runner/.m2/repository/org/objenesis/objenesis/1.0/objenesis-1.0.jar:/home/runner/.m2/repository/org/apache/hadoop/hadoop-kms/3.3.4/hadoop-kms-3.3.4.jar:/home/runner/.m2/repository/org/apache/hadoop/hadoop-auth/3.3.4/hadoop-auth-3.3.4.jar:/home/runner/.m2/repository/com/nimbusds/nimbus-jose-jwt/9.8.1/nimbus-jose-jwt-9.8.1.jar:/home/runner/.m2/repository/com/github/stephenc/jcip/jcip-annotations/1.0-1/jcip-annotations-1.0-1.jar:/home/runner/.m2/repository/net/minidev/json-smart/2.4.7/json-smart-2.4.7.jar:/home/runner/.m2/repository/net/minidev/accessors-smart/2.4.7/accessors-smart-2.4.7.jar:/home/runner/.m2/repository/org/ow2/asm/asm/5.0.4/asm-5.0.4.jar:/home/runner/.m2/repository/org/apache/zookeeper/zookeeper/3.5.6/zookeeper-3.5.6.jar:/home/runner/.m2/repository/org/apache/zookeeper/zookeeper-jute/3.5.6/zookeeper-jute-3.5.6.jar:/home/runner/.m2/repository/org/apache/yetus/audience-annotations/0.5.0/audience-annotations-0.5.0.jar:/home/runner/.m2/repository/org/apache/curator/curator-framework/4.2.0/curator-framework-4.2.0.jar:/home/runner/.m2/repository/org/apache/hadoop/thirdparty/hadoop-shaded-guava/1.1.1/hadoop-shaded-guava-1.1.1.jar:/home/runner/.m2/repository/com/sun/jersey/jersey-core/1.19/jersey-core-1.19.jar:/home/runner/.m2/repository/javax/ws/rs/jsr311-api/1.1.1/jsr311-api-1.1.1.jar:/home/runner/.m2/repository/com/sun/jersey/jersey-server/1.19/jersey-server-1.19.jar:/home/runner/.m2/repository/javax/servlet/javax.servlet-api/3.1.0/javax.servlet-api-3.1.0.jar:/home/runner/.m2/repository/org/eclipse/jetty/jetty-server/9.4.49.v20220914/jetty-server-9.4.49.v20220914.jar:/home/runner/.m2/repository/org/eclipse/jetty/jetty-http/9.4.49.v20220914/jetty-http-9.4.49.v20220914.jar:/home/runner/.m2/repository/org/eclipse/jetty/jetty-io/9.4.49.v20220914/jetty-io-9.4.49.v20220914.jar:/home/runner/.m2/repository/org/eclipse/jetty/jetty-webapp/9.4.49.v20220914/jetty-webapp-9.4.49.v20220914.jar:/home/runner/.m2/repository/org/eclipse/jetty/jetty-xml/9.4.49.v20220914/jetty-xml-9.4.49.v20220914.jar:/home/runner/.m2/repository/org/apache/hadoop/hadoop-common/3.3.4/hadoop-common-3.3.4.jar:/home/runner/.m2/repository/org/apache/commons/commons-math3/3.1.1/commons-math3-3.1.1.jar:/home/runner/.m2/repository/commons-net/commons-net/3.9.0/commons-net-3.9.0.jar:/home/runner/.m2/repository/com/sun/jersey/jersey-servlet/1.19/jersey-servlet-1.19.jar:/home/runner/.m2/repository/com/sun/jersey/jersey-json/1.19/jersey-json-1.19.jar:/home/runner/.m2/repository/org/codehaus/jettison/jettison/1.1/jettison-1.1.jar:/home/runner/.m2/repository/com/sun/xml/bind/jaxb-impl/2.2.3-1/jaxb-impl-2.2.3-1.jar:/home/runner/.m2/repository/org/codehaus/jackson/jackson-xc/1.9.2/jackson-xc-1.9.2.jar:/home/runner/.m2/repository/com/google/re2j/re2j/1.1/re2j-1.1.jar:/home/runner/.m2/repository/com/jcraft/jsch/0.1.54/jsch-0.1.54.jar:/home/runner/.m2/repository/org/apache/curator/curator-client/4.2.0/curator-client-4.2.0.jar:/home/runner/.m2/repository/org/apache/curator/curator-recipes/4.2.0/curator-recipes-4.2.0.jar:/home/runner/.m2/repository/org/apache/kerby/kerb-core/1.0.1/kerb-core-1.0.1.jar:/home/runner/.m2/repository/org/apache/kerby/kerby-pkix/1.0.1/kerby-pkix-1.0.1.jar:/home/runner/.m2/repository/org/apache/kerby/kerby-asn1/1.0.1/kerby-asn1-1.0.1.jar:/home/runner/.m2/repository/org/apache/kerby/kerby-util/1.0.1/kerby-util-1.0.1.jar:/home/runner/.m2/repository/dnsjava/dnsjava/2.1.7/dnsjava-2.1.7.jar:/home/runner/.m2/repository/org/xerial/snappy/snappy-java/1.1.8.2/snappy-java-1.1.8.2.jar:/home/runner/.m2/repository/org/eclipse/jetty/jetty-util/9.4.49.v20220914/jetty-util-9.4.49.v20220914.jar:/home/runner/.m2/repository/com/fasterxml/jackson/core/jackson-databind/2.13.4.2/jackson-databind-2.13.4.2.jar:/home/runner/.m2/repository/org/apache/hadoop/hadoop-kms/3.3.4/hadoop-kms-3.3.4-tests.jar:/home/runner/.m2/repository/org/apache/ozone/hdds-server-scm/1.3.0-SNAPSHOT/hdds-server-scm-1.3.0-SNAPSHOT-tests.jar:/home/runner/.m2/repository/org/apache/ozone/hdds-container-service/1.3.0-SNAPSHOT/hdds-container-service-1.3.0-SNAPSHOT-tests.jar:/home/runner/.m2/repository/commons-codec/commons-codec/1.15/commons-codec-1.15.jar:/home/runner/.m2/repository/io/netty/netty-codec/4.1.77.Final/netty-codec-4.1.77.Final.jar:/home/runner/.m2/repository/io/netty/netty-handler/4.1.77.Final/netty-handler-4.1.77.Final.jar:/home/runner/.m2/repository/org/apache/ozone/hdds-hadoop-dependency-test/1.3.0-SNAPSHOT/hdds-hadoop-dependency-test-1.3.0-SNAPSHOT.jar:/home/runner/.m2/repository/org/apache/hadoop/hadoop-common/3.3.4/hadoop-common-3.3.4-tests.jar:/home/runner/.m2/repository/org/apache/hadoop/hadoop-hdfs/3.3.4/hadoop-hdfs-3.3.4-tests.jar:/home/runner/.m2/repository/org/assertj/assertj-core/3.12.2/assertj-core-3.12.2.jar:/home/runner/.m2/repository/org/apache/hadoop/hadoop-distcp/3.3.4/hadoop-distcp-3.3.4.jar:/home/runner/.m2/repository/org/apache/hadoop/hadoop-mapreduce-client-jobclient/3.3.4/hadoop-mapreduce-client-jobclient-3.3.4.jar:/home/runner/.m2/repository/org/apache/hadoop/hadoop-mapreduce-client-common/3.3.4/hadoop-mapreduce-client-common-3.3.4.jar:/home/runner/.m2/repository/org/apache/hadoop/hadoop-yarn-common/3.3.4/hadoop-yarn-common-3.3.4.jar:/home/runner/.m2/repository/org/apache/hadoop/hadoop-yarn-api/3.3.4/hadoop-yarn-api-3.3.4.jar:/home/runner/.m2/repository/com/sun/jersey/contribs/jersey-guice/1.19/jersey-guice-1.19.jar:/home/runner/.m2/repository/com/fasterxml/jackson/jaxrs/jackson-jaxrs-json-provider/2.13.4/jackson-jaxrs-json-provider-2.13.4.jar:/home/runner/.m2/repository/com/fasterxml/jackson/jaxrs/jackson-jaxrs-base/2.13.4/jackson-jaxrs-base-2.13.4.jar:/home/runner/.m2/repository/org/apache/hadoop/hadoop-yarn-client/3.3.4/hadoop-yarn-client-3.3.4.jar:/home/runner/.m2/repository/org/eclipse/jetty/websocket/websocket-client/9.4.43.v20210629/websocket-client-9.4.43.v20210629.jar:/home/runner/.m2/repository/org/eclipse/jetty/websocket/websocket-common/9.4.43.v20210629/websocket-common-9.4.43.v20210629.jar:/home/runner/.m2/repository/org/eclipse/jetty/websocket/websocket-api/9.4.43.v20210629/websocket-api-9.4.43.v20210629.jar:/home/runner/.m2/repository/org/jline/jline/3.9.0/jline-3.9.0.jar:/home/runner/.m2/repository/org/apache/hadoop/hadoop-mapreduce-client-core/3.3.4/hadoop-mapreduce-client-core-3.3.4.jar:/home/runner/.m2/repository/org/apache/avro/avro/1.7.7/avro-1.7.7.jar:/home/runner/.m2/repository/org/codehaus/jackson/jackson-core-asl/1.9.13/jackson-core-asl-1.9.13.jar:/home/runner/.m2/repository/org/codehaus/jackson/jackson-mapper-asl/1.9.13/jackson-mapper-asl-1.9.13.jar:/home/runner/.m2/repository/com/thoughtworks/paranamer/paranamer/2.3/paranamer-2.3.jar:/home/runner/.m2/repository/org/apache/hadoop/hadoop-annotations/3.3.4/hadoop-annotations-3.3.4.jar:/usr/lib/jvm/temurin-8-jdk-amd64/jre/../lib/tools.jar:/home/runner/.m2/repository/io/netty/netty/3.10.6.Final/netty-3.10.6.Final.jar:/home/runner/.m2/repository/org/apache/hadoop/hadoop-distcp/3.3.4/hadoop-distcp-3.3.4-tests.jar:/home/runner/.m2/repository/org/slf4j/jul-to-slf4j/1.7.36/jul-to-slf4j-1.7.36.jar:/home/runner/.m2/repository/org/apache/ratis/ratis-common/2.4.2-8b8bdda-SNAPSHOT/ratis-common-2.4.2-8b8bdda-SNAPSHOT.jar:/home/runner/.m2/repository/org/apache/ratis/ratis-thirdparty-misc/1.0.3/ratis-thirdparty-misc-1.0.3.jar:/home/runner/.m2/repository/org/apache/ratis/ratis-proto/2.4.2-8b8bdda-SNAPSHOT/ratis-proto-2.4.2-8b8bdda-SNAPSHOT.jar:"/>
    <property name="java.vm.vendor" value="Temurin"/>
    <property name="sun.arch.data.model" value="64"/>
    <property name="test.build.dir" value="/home/runner/work/ozone/ozone/hadoop-ozone/integration-test/target/test-dir"/>
    <property name="test.cache.data" value=""/>
    <property name="java.vendor.url" value="https://adoptium.net/"/>
    <property name="user.timezone" value="Etc/UTC"/>
    <property name="java.vm.specification.version" value="1.8"/>
    <property name="os.name" value="Linux"/>
    <property name="test.build.data" value="/home/runner/work/ozone/ozone/hadoop-ozone/integration-test/target/test-dir"/>
    <property name="sun.java.launcher" value="SUN_STANDARD"/>
    <property name="sun.boot.library.path" value="/usr/lib/jvm/temurin-8-jdk-amd64/jre/lib/amd64"/>
    <property name="sun.java.command" value="/home/runner/work/ozone/ozone/hadoop-ozone/integration-test/target/surefire/surefirebooter4458626878062927206.jar /home/runner/work/ozone/ozone/hadoop-ozone/integration-test/target/surefire 2022-12-22T10-01-40_271-jvmRun1 surefire4054756244433095854tmp surefire_156923117639681219411tmp"/>
    <property name="surefire.test.class.path" value="/home/runner/work/ozone/ozone/hadoop-ozone/integration-test/target/test-classes:/home/runner/work/ozone/ozone/hadoop-ozone/integration-test/target/classes:/home/runner/.m2/repository/org/apache/ozone/ozone-common/1.3.0-SNAPSHOT/ozone-common-1.3.0-SNAPSHOT.jar:/home/runner/.m2/repository/io/grpc/grpc-netty/1.48.1/grpc-netty-1.48.1.jar:/home/runner/.m2/repository/io/grpc/grpc-core/1.48.1/grpc-core-1.48.1.jar:/home/runner/.m2/repository/com/google/android/annotations/4.1.1.4/annotations-4.1.1.4.jar:/home/runner/.m2/repository/org/codehaus/mojo/animal-sniffer-annotations/1.21/animal-sniffer-annotations-1.21.jar:/home/runner/.m2/repository/com/google/errorprone/error_prone_annotations/2.2.0/error_prone_annotations-2.2.0.jar:/home/runner/.m2/repository/io/perfmark/perfmark-api/0.25.0/perfmark-api-0.25.0.jar:/home/runner/.m2/repository/io/netty/netty-codec-http2/4.1.77.Final/netty-codec-http2-4.1.77.Final.jar:/home/runner/.m2/repository/io/netty/netty-common/4.1.77.Final/netty-common-4.1.77.Final.jar:/home/runner/.m2/repository/io/netty/netty-buffer/4.1.77.Final/netty-buffer-4.1.77.Final.jar:/home/runner/.m2/repository/io/netty/netty-codec-http/4.1.77.Final/netty-codec-http-4.1.77.Final.jar:/home/runner/.m2/repository/io/netty/netty-handler-proxy/4.1.77.Final/netty-handler-proxy-4.1.77.Final.jar:/home/runner/.m2/repository/io/netty/netty-codec-socks/4.1.77.Final/netty-codec-socks-4.1.77.Final.jar:/home/runner/.m2/repository/io/netty/netty-tcnative-boringssl-static/2.0.52.Final/netty-tcnative-boringssl-static-2.0.52.Final.jar:/home/runner/.m2/repository/io/netty/netty-tcnative-classes/2.0.52.Final/netty-tcnative-classes-2.0.52.Final.jar:/home/runner/.m2/repository/io/netty/netty-tcnative-boringssl-static/2.0.52.Final/netty-tcnative-boringssl-static-2.0.52.Final-linux-x86_64.jar:/home/runner/.m2/repository/io/netty/netty-tcnative-boringssl-static/2.0.52.Final/netty-tcnative-boringssl-static-2.0.52.Final-linux-aarch_64.jar:/home/runner/.m2/repository/io/netty/netty-tcnative-boringssl-static/2.0.52.Final/netty-tcnative-boringssl-static-2.0.52.Final-osx-x86_64.jar:/home/runner/.m2/repository/io/netty/netty-tcnative-boringssl-static/2.0.52.Final/netty-tcnative-boringssl-static-2.0.52.Final-osx-aarch_64.jar:/home/runner/.m2/repository/io/netty/netty-tcnative-boringssl-static/2.0.52.Final/netty-tcnative-boringssl-static-2.0.52.Final-windows-x86_64.jar:/home/runner/.m2/repository/org/apache/commons/commons-compress/1.21/commons-compress-1.21.jar:/home/runner/.m2/repository/org/apache/ozone/hdds-common/1.3.0-SNAPSHOT/hdds-common-1.3.0-SNAPSHOT.jar:/home/runner/.m2/repository/org/apache/ozone/hdds-client/1.3.0-SNAPSHOT/hdds-client-1.3.0-SNAPSHOT.jar:/home/runner/.m2/repository/org/apache/ozone/ozone-interface-client/1.3.0-SNAPSHOT/ozone-interface-client-1.3.0-SNAPSHOT.jar:/home/runner/.m2/repository/org/apache/ozone/hdds-test-utils/1.3.0-SNAPSHOT/hdds-test-utils-1.3.0-SNAPSHOT.jar:/home/runner/.m2/repository/com/google/guava/guava/31.1-jre/guava-31.1-jre.jar:/home/runner/.m2/repository/com/google/guava/failureaccess/1.0.1/failureaccess-1.0.1.jar:/home/runner/.m2/repository/com/google/guava/listenablefuture/9999.0-empty-to-avoid-conflict-with-guava/listenablefuture-9999.0-empty-to-avoid-conflict-with-guava.jar:/home/runner/.m2/repository/com/google/code/findbugs/jsr305/3.0.0/jsr305-3.0.0.jar:/home/runner/.m2/repository/org/checkerframework/checker-qual/3.12.0/checker-qual-3.12.0.jar:/home/runner/.m2/repository/com/google/j2objc/j2objc-annotations/1.3/j2objc-annotations-1.3.jar:/home/runner/.m2/repository/commons-io/commons-io/2.11.0/commons-io-2.11.0.jar:/home/runner/.m2/repository/commons-logging/commons-logging/1.2/commons-logging-1.2.jar:/home/runner/.m2/repository/ch/qos/reload4j/reload4j/1.2.22/reload4j-1.2.22.jar:/home/runner/.m2/repository/org/slf4j/slf4j-api/1.7.36/slf4j-api-1.7.36.jar:/home/runner/.m2/repository/org/apache/ozone/hdds-server-scm/1.3.0-SNAPSHOT/hdds-server-scm-1.3.0-SNAPSHOT.jar:/home/runner/.m2/repository/org/apache/ozone/hdds-container-service/1.3.0-SNAPSHOT/hdds-container-service-1.3.0-SNAPSHOT.jar:/home/runner/.m2/repository/org/apache/ozone/hdds-hadoop-dependency-server/1.3.0-SNAPSHOT/hdds-hadoop-dependency-server-1.3.0-SNAPSHOT.jar:/home/runner/.m2/repository/org/apache/hadoop/hadoop-hdfs/3.3.4/hadoop-hdfs-3.3.4.jar:/home/runner/.m2/repository/org/eclipse/jetty/jetty-util-ajax/9.4.49.v20220914/jetty-util-ajax-9.4.49.v20220914.jar:/home/runner/.m2/repository/commons-daemon/commons-daemon/1.0.13/commons-daemon-1.0.13.jar:/home/runner/.m2/repository/org/apache/ozone/hdds-server-framework/1.3.0-SNAPSHOT/hdds-server-framework-1.3.0-SNAPSHOT.jar:/home/runner/.m2/repository/org/apache/ozone/hdds-interface-server/1.3.0-SNAPSHOT/hdds-interface-server-1.3.0-SNAPSHOT.jar:/home/runner/.m2/repository/org/apache/commons/commons-configuration2/2.1.1/commons-configuration2-2.1.1.jar:/home/runner/.m2/repository/org/apache/logging/log4j/log4j-core/2.17.1/log4j-core-2.17.1.jar:/home/runner/.m2/repository/com/lmax/disruptor/3.4.2/disruptor-3.4.2.jar:/home/runner/.m2/repository/org/eclipse/jetty/jetty-servlet/9.4.49.v20220914/jetty-servlet-9.4.49.v20220914.jar:/home/runner/.m2/repository/org/eclipse/jetty/jetty-security/9.4.49.v20220914/jetty-security-9.4.49.v20220914.jar:/home/runner/.m2/repository/org/rocksdb/rocksdbjni/7.7.3/rocksdbjni-7.7.3.jar:/home/runner/.m2/repository/io/prometheus/simpleclient_dropwizard/0.7.0/simpleclient_dropwizard-0.7.0.jar:/home/runner/.m2/repository/io/prometheus/simpleclient/0.7.0/simpleclient-0.7.0.jar:/home/runner/.m2/repository/io/prometheus/simpleclient_common/0.7.0/simpleclient_common-0.7.0.jar:/home/runner/.m2/repository/com/github/spotbugs/spotbugs-annotations/3.1.12/spotbugs-annotations-3.1.12.jar:/home/runner/.m2/repository/io/dropwizard/metrics/metrics-core/3.2.4/metrics-core-3.2.4.jar:/home/runner/.m2/repository/org/apache/commons/commons-text/1.4/commons-text-1.4.jar:/home/runner/.m2/repository/org/apache/hadoop/hadoop-hdfs-client/3.3.4/hadoop-hdfs-client-3.3.4.jar:/home/runner/.m2/repository/com/squareup/okhttp3/okhttp/4.9.3/okhttp-4.9.3.jar:/home/runner/.m2/repository/com/squareup/okio/okio/2.8.0/okio-2.8.0.jar:/home/runner/.m2/repository/org/jetbrains/kotlin/kotlin-stdlib-common/1.4.10/kotlin-stdlib-common-1.4.10.jar:/home/runner/.m2/repository/org/bouncycastle/bcprov-jdk15on/1.67/bcprov-jdk15on-1.67.jar:/home/runner/.m2/repository/com/google/protobuf/protobuf-java/2.5.0/protobuf-java-2.5.0.jar:/home/runner/.m2/repository/org/apache/ozone/ozone-manager/1.3.0-SNAPSHOT/ozone-manager-1.3.0-SNAPSHOT.jar:/home/runner/.m2/repository/org/aspectj/aspectjrt/1.9.7/aspectjrt-1.9.7.jar:/home/runner/.m2/repository/org/aspectj/aspectjweaver/1.9.7/aspectjweaver-1.9.7.jar:/home/runner/.m2/repository/org/apache/ozone/hdds-interface-client/1.3.0-SNAPSHOT/hdds-interface-client-1.3.0-SNAPSHOT.jar:/home/runner/.m2/repository/org/apache/hadoop/thirdparty/hadoop-shaded-protobuf_3_7/1.1.1/hadoop-shaded-protobuf_3_7-1.1.1.jar:/home/runner/.m2/repository/org/apache/ozone/ozone-interface-storage/1.3.0-SNAPSHOT/ozone-interface-storage-1.3.0-SNAPSHOT.jar:/home/runner/.m2/repository/org/reflections/reflections/0.9.11/reflections-0.9.11.jar:/home/runner/.m2/repository/com/sun/jersey/jersey-client/1.19/jersey-client-1.19.jar:/home/runner/.m2/repository/org/apache/ranger/ranger-intg/2.3.0/ranger-intg-2.3.0.jar:/home/runner/.m2/repository/org/apache/ranger/ranger-plugins-common/2.3.0/ranger-plugins-common-2.3.0.jar:/home/runner/.m2/repository/commons-lang/commons-lang/2.6/commons-lang-2.6.jar:/home/runner/.m2/repository/org/codehaus/jackson/jackson-jaxrs/1.9.13/jackson-jaxrs-1.9.13.jar:/home/runner/.m2/repository/org/apache/ranger/ranger-plugins-cred/2.3.0/ranger-plugins-cred-2.3.0.jar:/home/runner/.m2/repository/org/apache/ranger/ranger-plugins-audit/2.3.0/ranger-plugins-audit-2.3.0.jar:/home/runner/.m2/repository/org/eclipse/jetty/jetty-client/9.4.31.v20200723/jetty-client-9.4.31.v20200723.jar:/home/runner/.m2/repository/org/apache/httpcomponents/httpmime/4.5.6/httpmime-4.5.6.jar:/home/runner/.m2/repository/org/apache/httpcomponents/httpcore-nio/4.4.6/httpcore-nio-4.4.6.jar:/home/runner/.m2/repository/org/apache/httpcomponents/httpasyncclient/4.1.3/httpasyncclient-4.1.3.jar:/home/runner/.m2/repository/com/carrotsearch/hppc/0.8.0/hppc-0.8.0.jar:/home/runner/.m2/repository/org/apache/orc/orc-core/1.5.8/orc-core-1.5.8.jar:/home/runner/.m2/repository/net/java/dev/jna/jna/5.2.0/jna-5.2.0.jar:/home/runner/.m2/repository/net/java/dev/jna/jna-platform/5.2.0/jna-platform-5.2.0.jar:/home/runner/.m2/repository/com/kstruct/gethostname4j/0.0.2/gethostname4j-0.0.2.jar:/home/runner/.m2/repository/org/apache/ranger/ranger-plugin-classloader/2.3.0/ranger-plugin-classloader-2.3.0.jar:/home/runner/.m2/repository/org/apache/hadoop/hadoop-minikdc/3.3.4/hadoop-minikdc-3.3.4.jar:/home/runner/.m2/repository/org/apache/kerby/kerb-simplekdc/1.0.1/kerb-simplekdc-1.0.1.jar:/home/runner/.m2/repository/org/apache/kerby/kerb-client/1.0.1/kerb-client-1.0.1.jar:/home/runner/.m2/repository/org/apache/kerby/kerby-config/1.0.1/kerby-config-1.0.1.jar:/home/runner/.m2/repository/org/apache/kerby/kerb-common/1.0.1/kerb-common-1.0.1.jar:/home/runner/.m2/repository/org/apache/kerby/kerb-crypto/1.0.1/kerb-crypto-1.0.1.jar:/home/runner/.m2/repository/org/apache/kerby/kerb-util/1.0.1/kerb-util-1.0.1.jar:/home/runner/.m2/repository/org/apache/kerby/token-provider/1.0.1/token-provider-1.0.1.jar:/home/runner/.m2/repository/org/apache/kerby/kerb-admin/1.0.1/kerb-admin-1.0.1.jar:/home/runner/.m2/repository/org/apache/kerby/kerb-server/1.0.1/kerb-server-1.0.1.jar:/home/runner/.m2/repository/org/apache/kerby/kerb-identity/1.0.1/kerb-identity-1.0.1.jar:/home/runner/.m2/repository/org/apache/kerby/kerby-xdr/1.0.1/kerby-xdr-1.0.1.jar:/home/runner/.m2/repository/org/apache/ozone/ozone-s3gateway/1.3.0-SNAPSHOT/ozone-s3gateway-1.3.0-SNAPSHOT.jar:/home/runner/.m2/repository/org/javassist/javassist/3.21.0-GA/javassist-3.21.0-GA.jar:/home/runner/.m2/repository/org/jboss/weld/servlet/weld-servlet/2.4.7.Final/weld-servlet-2.4.7.Final.jar:/home/runner/.m2/repository/org/glassfish/jersey/containers/jersey-container-servlet-core/2.34/jersey-container-servlet-core-2.34.jar:/home/runner/.m2/repository/org/glassfish/hk2/external/jakarta.inject/2.6.1/jakarta.inject-2.6.1.jar:/home/runner/.m2/repository/org/glassfish/jersey/core/jersey-common/2.34/jersey-common-2.34.jar:/home/runner/.m2/repository/jakarta/ws/rs/jakarta.ws.rs-api/2.1.6/jakarta.ws.rs-api-2.1.6.jar:/home/runner/.m2/repository/org/glassfish/jersey/ext/cdi/jersey-cdi1x/2.34/jersey-cdi1x-2.34.jar:/home/runner/.m2/repository/org/glassfish/jersey/inject/jersey-hk2/2.34/jersey-hk2-2.34.jar:/home/runner/.m2/repository/org/glassfish/hk2/hk2-locator/2.6.1/hk2-locator-2.6.1.jar:/home/runner/.m2/repository/org/glassfish/jersey/media/jersey-media-jaxb/2.34/jersey-media-jaxb-2.34.jar:/home/runner/.m2/repository/org/glassfish/hk2/osgi-resource-locator/1.0.3/osgi-resource-locator-1.0.3.jar:/home/runner/.m2/repository/org/glassfish/hk2/hk2-api/2.5.0/hk2-api-2.5.0.jar:/home/runner/.m2/repository/org/glassfish/hk2/hk2-utils/2.5.0/hk2-utils-2.5.0.jar:/home/runner/.m2/repository/org/glassfish/hk2/external/aopalliance-repackaged/2.5.0/aopalliance-repackaged-2.5.0.jar:/home/runner/.m2/repository/com/fasterxml/jackson/dataformat/jackson-dataformat-xml/2.13.4/jackson-dataformat-xml-2.13.4.jar:/home/runner/.m2/repository/com/fasterxml/jackson/core/jackson-core/2.13.4/jackson-core-2.13.4.jar:/home/runner/.m2/repository/org/codehaus/woodstox/stax2-api/4.2.1/stax2-api-4.2.1.jar:/home/runner/.m2/repository/com/fasterxml/woodstox/woodstox-core/5.4.0/woodstox-core-5.4.0.jar:/home/runner/.m2/repository/com/fasterxml/jackson/module/jackson-module-jaxb-annotations/2.13.4/jackson-module-jaxb-annotations-2.13.4.jar:/home/runner/.m2/repository/jakarta/xml/bind/jakarta.xml.bind-api/2.3.3/jakarta.xml.bind-api-2.3.3.jar:/home/runner/.m2/repository/jakarta/activation/jakarta.activation-api/1.2.1/jakarta.activation-api-1.2.1.jar:/home/runner/.m2/repository/javax/enterprise/cdi-api/1.2/cdi-api-1.2.jar:/home/runner/.m2/repository/javax/el/javax.el-api/3.0.0/javax.el-api-3.0.0.jar:/home/runner/.m2/repository/javax/interceptor/javax.interceptor-api/1.2/javax.interceptor-api-1.2.jar:/home/runner/.m2/repository/javax/inject/javax.inject/1/javax.inject-1.jar:/home/runner/.m2/repository/javax/xml/bind/jaxb-api/2.3.0/jaxb-api-2.3.0.jar:/home/runner/.m2/repository/org/glassfish/jaxb/jaxb-runtime/2.3.0.1/jaxb-runtime-2.3.0.1.jar:/home/runner/.m2/repository/org/glassfish/jaxb/jaxb-core/2.3.0.1/jaxb-core-2.3.0.1.jar:/home/runner/.m2/repository/org/glassfish/jaxb/txw2/2.3.0.1/txw2-2.3.0.1.jar:/home/runner/.m2/repository/com/sun/istack/istack-commons-runtime/3.0.5/istack-commons-runtime-3.0.5.jar:/home/runner/.m2/repository/org/jvnet/staxex/stax-ex/1.7.8/stax-ex-1.7.8.jar:/home/runner/.m2/repository/com/sun/xml/fastinfoset/FastInfoset/1.2.13/FastInfoset-1.2.13.jar:/home/runner/.m2/repository/javax/activation/activation/1.1.1/activation-1.1.1.jar:/home/runner/.m2/repository/io/grpc/grpc-protobuf/1.48.1/grpc-protobuf-1.48.1.jar:/home/runner/.m2/repository/io/grpc/grpc-api/1.48.1/grpc-api-1.48.1.jar:/home/runner/.m2/repository/io/grpc/grpc-context/1.48.1/grpc-context-1.48.1.jar:/home/runner/.m2/repository/com/google/api/grpc/proto-google-common-protos/2.9.0/proto-google-common-protos-2.9.0.jar:/home/runner/.m2/repository/io/grpc/grpc-protobuf-lite/1.48.1/grpc-protobuf-lite-1.48.1.jar:/home/runner/.m2/repository/io/grpc/grpc-stub/1.48.1/grpc-stub-1.48.1.jar:/home/runner/.m2/repository/io/netty/netty-transport/4.1.77.Final/netty-transport-4.1.77.Final.jar:/home/runner/.m2/repository/io/netty/netty-resolver/4.1.77.Final/netty-resolver-4.1.77.Final.jar:/home/runner/.m2/repository/org/apache/ozone/ozone-csi/1.3.0-SNAPSHOT/ozone-csi-1.3.0-SNAPSHOT.jar:/home/runner/.m2/repository/com/google/protobuf/protobuf-java-util/3.19.6/protobuf-java-util-3.19.6.jar:/home/runner/.m2/repository/com/google/code/gson/gson/2.9.0/gson-2.9.0.jar:/home/runner/.m2/repository/org/apache/ozone/hdds-config/1.3.0-SNAPSHOT/hdds-config-1.3.0-SNAPSHOT.jar:/home/runner/.m2/repository/io/netty/netty-transport-native-epoll/4.1.77.Final/netty-transport-native-epoll-4.1.77.Final-linux-x86_64.jar:/home/runner/.m2/repository/io/netty/netty-transport-classes-epoll/4.1.77.Final/netty-transport-classes-epoll-4.1.77.Final.jar:/home/runner/.m2/repository/io/netty/netty-transport-native-unix-common/4.1.77.Final/netty-transport-native-unix-common-4.1.77.Final.jar:/home/runner/.m2/repository/org/slf4j/slf4j-reload4j/1.7.36/slf4j-reload4j-1.7.36.jar:/home/runner/.m2/repository/org/apache/ozone/ozone-recon/1.3.0-SNAPSHOT/ozone-recon-1.3.0-SNAPSHOT.jar:/home/runner/.m2/repository/org/apache/ozone/ozone-reconcodegen/1.3.0-SNAPSHOT/ozone-reconcodegen-1.3.0-SNAPSHOT.jar:/home/runner/.m2/repository/com/google/inject/extensions/guice-multibindings/4.0/guice-multibindings-4.0.jar:/home/runner/.m2/repository/com/google/inject/guice/4.0/guice-4.0.jar:/home/runner/.m2/repository/aopalliance/aopalliance/1.0/aopalliance-1.0.jar:/home/runner/.m2/repository/com/google/inject/extensions/guice-assistedinject/4.0/guice-assistedinject-4.0.jar:/home/runner/.m2/repository/com/google/inject/extensions/guice-servlet/4.0/guice-servlet-4.0.jar:/home/runner/.m2/repository/org/glassfish/jersey/containers/jersey-container-servlet/2.34/jersey-container-servlet-2.34.jar:/home/runner/.m2/repository/org/glassfish/hk2/guice-bridge/2.5.0/guice-bridge-2.5.0.jar:/home/runner/.m2/repository/org/glassfish/jersey/core/jersey-server/2.34/jersey-server-2.34.jar:/home/runner/.m2/repository/org/glassfish/jersey/core/jersey-client/2.34/jersey-client-2.34.jar:/home/runner/.m2/repository/jakarta/annotation/jakarta.annotation-api/1.3.5/jakarta.annotation-api-1.3.5.jar:/home/runner/.m2/repository/jakarta/validation/jakarta.validation-api/2.0.2/jakarta.validation-api-2.0.2.jar:/home/runner/.m2/repository/org/glassfish/jersey/media/jersey-media-json-jackson/2.34/jersey-media-json-jackson-2.34.jar:/home/runner/.m2/repository/org/glassfish/jersey/ext/jersey-entity-filtering/2.34/jersey-entity-filtering-2.34.jar:/home/runner/.m2/repository/org/jooq/jooq/3.11.10/jooq-3.11.10.jar:/home/runner/.m2/repository/org/jooq/jooq-meta/3.11.10/jooq-meta-3.11.10.jar:/home/runner/.m2/repository/org/jooq/jooq-codegen/3.11.10/jooq-codegen-3.11.10.jar:/home/runner/.m2/repository/com/jolbox/bonecp/0.8.0.RELEASE/bonecp-0.8.0.RELEASE.jar:/home/runner/.m2/repository/org/apache/derby/derby/10.14.2.0/derby-10.14.2.0.jar:/home/runner/.m2/repository/org/xerial/sqlite-jdbc/3.25.2/sqlite-jdbc-3.25.2.jar:/home/runner/.m2/repository/org/springframework/spring-jdbc/5.3.23/spring-jdbc-5.3.23.jar:/home/runner/.m2/repository/org/springframework/spring-beans/5.3.23/spring-beans-5.3.23.jar:/home/runner/.m2/repository/org/springframework/spring-core/5.3.23/spring-core-5.3.23.jar:/home/runner/.m2/repository/org/springframework/spring-jcl/5.3.23/spring-jcl-5.3.23.jar:/home/runner/.m2/repository/org/springframework/spring-tx/5.3.23/spring-tx-5.3.23.jar:/home/runner/.m2/repository/org/apache/ozone/ozone-client/1.3.0-SNAPSHOT/ozone-client-1.3.0-SNAPSHOT.jar:/home/runner/.m2/repository/org/apache/ozone/hdds-erasurecode/1.3.0-SNAPSHOT/hdds-erasurecode-1.3.0-SNAPSHOT.jar:/home/runner/.m2/repository/org/apache/ozone/ozone-filesystem/1.3.0-SNAPSHOT/ozone-filesystem-1.3.0-SNAPSHOT.jar:/home/runner/.m2/repository/org/apache/ozone/ozone-filesystem-common/1.3.0-SNAPSHOT/ozone-filesystem-common-1.3.0-SNAPSHOT.jar:/home/runner/.m2/repository/org/apache/ozone/ozone-tools/1.3.0-SNAPSHOT/ozone-tools-1.3.0-SNAPSHOT.jar:/home/runner/.m2/repository/org/apache/ratis/ratis-tools/2.4.2-8b8bdda-SNAPSHOT/ratis-tools-2.4.2-8b8bdda-SNAPSHOT.jar:/home/runner/.m2/repository/com/amazonaws/aws-java-sdk-core/1.12.261/aws-java-sdk-core-1.12.261.jar:/home/runner/.m2/repository/org/apache/httpcomponents/httpclient/4.5.13/httpclient-4.5.13.jar:/home/runner/.m2/repository/org/apache/httpcomponents/httpcore/4.4.13/httpcore-4.4.13.jar:/home/runner/.m2/repository/software/amazon/ion/ion-java/1.0.2/ion-java-1.0.2.jar:/home/runner/.m2/repository/com/fasterxml/jackson/dataformat/jackson-dataformat-cbor/2.13.4/jackson-dataformat-cbor-2.13.4.jar:/home/runner/.m2/repository/joda-time/joda-time/2.8.1/joda-time-2.8.1.jar:/home/runner/.m2/repository/com/amazonaws/aws-java-sdk-s3/1.12.261/aws-java-sdk-s3-1.12.261.jar:/home/runner/.m2/repository/com/amazonaws/aws-java-sdk-kms/1.12.261/aws-java-sdk-kms-1.12.261.jar:/home/runner/.m2/repository/com/amazonaws/jmespath-java/1.12.261/jmespath-java-1.12.261.jar:/home/runner/.m2/repository/org/kohsuke/metainf-services/metainf-services/1.8/metainf-services-1.8.jar:/home/runner/.m2/repository/org/apache/ozone/hdds-tools/1.3.0-SNAPSHOT/hdds-tools-1.3.0-SNAPSHOT.jar:/home/runner/.m2/repository/commons-cli/commons-cli/1.2/commons-cli-1.2.jar:/home/runner/.m2/repository/org/apache/commons/commons-lang3/3.7/commons-lang3-3.7.jar:/home/runner/.m2/repository/org/apache/ozone/ozone-manager/1.3.0-SNAPSHOT/ozone-manager-1.3.0-SNAPSHOT-tests.jar:/home/runner/.m2/repository/org/apache/ozone/hdds-common/1.3.0-SNAPSHOT/hdds-common-1.3.0-SNAPSHOT-tests.jar:/home/runner/.m2/repository/org/apache/ozone/hdds-hadoop-dependency-client/1.3.0-SNAPSHOT/hdds-hadoop-dependency-client-1.3.0-SNAPSHOT.jar:/home/runner/.m2/repository/info/picocli/picocli/4.6.1/picocli-4.6.1.jar:/home/runner/.m2/repository/com/fasterxml/jackson/core/jackson-annotations/2.13.4/jackson-annotations-2.13.4.jar:/home/runner/.m2/repository/com/fasterxml/jackson/datatype/jackson-datatype-jsr310/2.13.4/jackson-datatype-jsr310-2.13.4.jar:/home/runner/.m2/repository/org/apache/ozone/hdds-annotation-processing/1.3.0-SNAPSHOT/hdds-annotation-processing-1.3.0-SNAPSHOT.jar:/home/runner/.m2/repository/javax/annotation/javax.annotation-api/1.2/javax.annotation-api-1.2.jar:/home/runner/.m2/repository/org/apache/ratis/ratis-server/2.4.2-8b8bdda-SNAPSHOT/ratis-server-2.4.2-8b8bdda-SNAPSHOT.jar:/home/runner/.m2/repository/org/apache/ratis/ratis-client/2.4.2-8b8bdda-SNAPSHOT/ratis-client-2.4.2-8b8bdda-SNAPSHOT.jar:/home/runner/.m2/repository/org/apache/ratis/ratis-server-api/2.4.2-8b8bdda-SNAPSHOT/ratis-server-api-2.4.2-8b8bdda-SNAPSHOT.jar:/home/runner/.m2/repository/org/apache/ratis/ratis-metrics/2.4.2-8b8bdda-SNAPSHOT/ratis-metrics-2.4.2-8b8bdda-SNAPSHOT.jar:/home/runner/.m2/repository/org/apache/ratis/ratis-netty/2.4.2-8b8bdda-SNAPSHOT/ratis-netty-2.4.2-8b8bdda-SNAPSHOT.jar:/home/runner/.m2/repository/org/apache/ratis/ratis-grpc/2.4.2-8b8bdda-SNAPSHOT/ratis-grpc-2.4.2-8b8bdda-SNAPSHOT.jar:/home/runner/.m2/repository/org/apache/logging/log4j/log4j-api/2.17.1/log4j-api-2.17.1.jar:/home/runner/.m2/repository/org/apache/commons/commons-pool2/2.6.0/commons-pool2-2.6.0.jar:/home/runner/.m2/repository/org/bouncycastle/bcpkix-jdk15on/1.67/bcpkix-jdk15on-1.67.jar:/home/runner/.m2/repository/commons-validator/commons-validator/1.6/commons-validator-1.6.jar:/home/runner/.m2/repository/commons-beanutils/commons-beanutils/1.9.4/commons-beanutils-1.9.4.jar:/home/runner/.m2/repository/commons-digester/commons-digester/1.8.1/commons-digester-1.8.1.jar:/home/runner/.m2/repository/commons-collections/commons-collections/3.2.2/commons-collections-3.2.2.jar:/home/runner/.m2/repository/io/jaegertracing/jaeger-client/1.6.0/jaeger-client-1.6.0.jar:/home/runner/.m2/repository/io/jaegertracing/jaeger-thrift/1.6.0/jaeger-thrift-1.6.0.jar:/home/runner/.m2/repository/org/apache/thrift/libthrift/0.14.1/libthrift-0.14.1.jar:/home/runner/.m2/repository/io/jaegertracing/jaeger-core/1.6.0/jaeger-core-1.6.0.jar:/home/runner/.m2/repository/io/jaegertracing/jaeger-tracerresolver/1.6.0/jaeger-tracerresolver-1.6.0.jar:/home/runner/.m2/repository/io/opentracing/contrib/opentracing-tracerresolver/0.1.8/opentracing-tracerresolver-0.1.8.jar:/home/runner/.m2/repository/org/jetbrains/kotlin/kotlin-stdlib/1.6.21/kotlin-stdlib-1.6.21.jar:/home/runner/.m2/repository/org/jetbrains/annotations/13.0/annotations-13.0.jar:/home/runner/.m2/repository/io/opentracing/opentracing-util/0.33.0/opentracing-util-0.33.0.jar:/home/runner/.m2/repository/io/opentracing/opentracing-api/0.33.0/opentracing-api-0.33.0.jar:/home/runner/.m2/repository/io/opentracing/opentracing-noop/0.33.0/opentracing-noop-0.33.0.jar:/home/runner/.m2/repository/org/yaml/snakeyaml/1.33/snakeyaml-1.33.jar:/home/runner/.m2/repository/org/apache/ozone/hdds-interface-admin/1.3.0-SNAPSHOT/hdds-interface-admin-1.3.0-SNAPSHOT.jar:/home/runner/.m2/repository/junit/junit/4.13.1/junit-4.13.1.jar:/home/runner/.m2/repository/org/hamcrest/hamcrest-core/1.3/hamcrest-core-1.3.jar:/home/runner/.m2/repository/org/junit/jupiter/junit-jupiter-api/5.8.2/junit-jupiter-api-5.8.2.jar:/home/runner/.m2/repository/org/opentest4j/opentest4j/1.2.0/opentest4j-1.2.0.jar:/home/runner/.m2/repository/org/junit/platform/junit-platform-commons/1.8.2/junit-platform-commons-1.8.2.jar:/home/runner/.m2/repository/org/apiguardian/apiguardian-api/1.1.2/apiguardian-api-1.1.2.jar:/home/runner/.m2/repository/org/junit/jupiter/junit-jupiter-params/5.8.2/junit-jupiter-params-5.8.2.jar:/home/runner/.m2/repository/org/junit/jupiter/junit-jupiter-migrationsupport/5.8.2/junit-jupiter-migrationsupport-5.8.2.jar:/home/runner/.m2/repository/org/junit/jupiter/junit-jupiter-engine/5.8.2/junit-jupiter-engine-5.8.2.jar:/home/runner/.m2/repository/org/junit/platform/junit-platform-engine/1.8.2/junit-platform-engine-1.8.2.jar:/home/runner/.m2/repository/org/junit/vintage/junit-vintage-engine/5.8.2/junit-vintage-engine-5.8.2.jar:/home/runner/.m2/repository/org/junit/platform/junit-platform-launcher/1.8.2/junit-platform-launcher-1.8.2.jar:/home/runner/.m2/repository/org/mockito/mockito-core/2.28.2/mockito-core-2.28.2.jar:/home/runner/.m2/repository/net/bytebuddy/byte-buddy/1.9.10/byte-buddy-1.9.10.jar:/home/runner/.m2/repository/net/bytebuddy/byte-buddy-agent/1.9.10/byte-buddy-agent-1.9.10.jar:/home/runner/.m2/repository/org/objenesis/objenesis/1.0/objenesis-1.0.jar:/home/runner/.m2/repository/org/apache/hadoop/hadoop-kms/3.3.4/hadoop-kms-3.3.4.jar:/home/runner/.m2/repository/org/apache/hadoop/hadoop-auth/3.3.4/hadoop-auth-3.3.4.jar:/home/runner/.m2/repository/com/nimbusds/nimbus-jose-jwt/9.8.1/nimbus-jose-jwt-9.8.1.jar:/home/runner/.m2/repository/com/github/stephenc/jcip/jcip-annotations/1.0-1/jcip-annotations-1.0-1.jar:/home/runner/.m2/repository/net/minidev/json-smart/2.4.7/json-smart-2.4.7.jar:/home/runner/.m2/repository/net/minidev/accessors-smart/2.4.7/accessors-smart-2.4.7.jar:/home/runner/.m2/repository/org/ow2/asm/asm/5.0.4/asm-5.0.4.jar:/home/runner/.m2/repository/org/apache/zookeeper/zookeeper/3.5.6/zookeeper-3.5.6.jar:/home/runner/.m2/repository/org/apache/zookeeper/zookeeper-jute/3.5.6/zookeeper-jute-3.5.6.jar:/home/runner/.m2/repository/org/apache/yetus/audience-annotations/0.5.0/audience-annotations-0.5.0.jar:/home/runner/.m2/repository/org/apache/curator/curator-framework/4.2.0/curator-framework-4.2.0.jar:/home/runner/.m2/repository/org/apache/hadoop/thirdparty/hadoop-shaded-guava/1.1.1/hadoop-shaded-guava-1.1.1.jar:/home/runner/.m2/repository/com/sun/jersey/jersey-core/1.19/jersey-core-1.19.jar:/home/runner/.m2/repository/javax/ws/rs/jsr311-api/1.1.1/jsr311-api-1.1.1.jar:/home/runner/.m2/repository/com/sun/jersey/jersey-server/1.19/jersey-server-1.19.jar:/home/runner/.m2/repository/javax/servlet/javax.servlet-api/3.1.0/javax.servlet-api-3.1.0.jar:/home/runner/.m2/repository/org/eclipse/jetty/jetty-server/9.4.49.v20220914/jetty-server-9.4.49.v20220914.jar:/home/runner/.m2/repository/org/eclipse/jetty/jetty-http/9.4.49.v20220914/jetty-http-9.4.49.v20220914.jar:/home/runner/.m2/repository/org/eclipse/jetty/jetty-io/9.4.49.v20220914/jetty-io-9.4.49.v20220914.jar:/home/runner/.m2/repository/org/eclipse/jetty/jetty-webapp/9.4.49.v20220914/jetty-webapp-9.4.49.v20220914.jar:/home/runner/.m2/repository/org/eclipse/jetty/jetty-xml/9.4.49.v20220914/jetty-xml-9.4.49.v20220914.jar:/home/runner/.m2/repository/org/apache/hadoop/hadoop-common/3.3.4/hadoop-common-3.3.4.jar:/home/runner/.m2/repository/org/apache/commons/commons-math3/3.1.1/commons-math3-3.1.1.jar:/home/runner/.m2/repository/commons-net/commons-net/3.9.0/commons-net-3.9.0.jar:/home/runner/.m2/repository/com/sun/jersey/jersey-servlet/1.19/jersey-servlet-1.19.jar:/home/runner/.m2/repository/com/sun/jersey/jersey-json/1.19/jersey-json-1.19.jar:/home/runner/.m2/repository/org/codehaus/jettison/jettison/1.1/jettison-1.1.jar:/home/runner/.m2/repository/com/sun/xml/bind/jaxb-impl/2.2.3-1/jaxb-impl-2.2.3-1.jar:/home/runner/.m2/repository/org/codehaus/jackson/jackson-xc/1.9.2/jackson-xc-1.9.2.jar:/home/runner/.m2/repository/com/google/re2j/re2j/1.1/re2j-1.1.jar:/home/runner/.m2/repository/com/jcraft/jsch/0.1.54/jsch-0.1.54.jar:/home/runner/.m2/repository/org/apache/curator/curator-client/4.2.0/curator-client-4.2.0.jar:/home/runner/.m2/repository/org/apache/curator/curator-recipes/4.2.0/curator-recipes-4.2.0.jar:/home/runner/.m2/repository/org/apache/kerby/kerb-core/1.0.1/kerb-core-1.0.1.jar:/home/runner/.m2/repository/org/apache/kerby/kerby-pkix/1.0.1/kerby-pkix-1.0.1.jar:/home/runner/.m2/repository/org/apache/kerby/kerby-asn1/1.0.1/kerby-asn1-1.0.1.jar:/home/runner/.m2/repository/org/apache/kerby/kerby-util/1.0.1/kerby-util-1.0.1.jar:/home/runner/.m2/repository/dnsjava/dnsjava/2.1.7/dnsjava-2.1.7.jar:/home/runner/.m2/repository/org/xerial/snappy/snappy-java/1.1.8.2/snappy-java-1.1.8.2.jar:/home/runner/.m2/repository/org/eclipse/jetty/jetty-util/9.4.49.v20220914/jetty-util-9.4.49.v20220914.jar:/home/runner/.m2/repository/com/fasterxml/jackson/core/jackson-databind/2.13.4.2/jackson-databind-2.13.4.2.jar:/home/runner/.m2/repository/org/apache/hadoop/hadoop-kms/3.3.4/hadoop-kms-3.3.4-tests.jar:/home/runner/.m2/repository/org/apache/ozone/hdds-server-scm/1.3.0-SNAPSHOT/hdds-server-scm-1.3.0-SNAPSHOT-tests.jar:/home/runner/.m2/repository/org/apache/ozone/hdds-container-service/1.3.0-SNAPSHOT/hdds-container-service-1.3.0-SNAPSHOT-tests.jar:/home/runner/.m2/repository/commons-codec/commons-codec/1.15/commons-codec-1.15.jar:/home/runner/.m2/repository/io/netty/netty-codec/4.1.77.Final/netty-codec-4.1.77.Final.jar:/home/runner/.m2/repository/io/netty/netty-handler/4.1.77.Final/netty-handler-4.1.77.Final.jar:/home/runner/.m2/repository/org/apache/ozone/hdds-hadoop-dependency-test/1.3.0-SNAPSHOT/hdds-hadoop-dependency-test-1.3.0-SNAPSHOT.jar:/home/runner/.m2/repository/org/apache/hadoop/hadoop-common/3.3.4/hadoop-common-3.3.4-tests.jar:/home/runner/.m2/repository/org/apache/hadoop/hadoop-hdfs/3.3.4/hadoop-hdfs-3.3.4-tests.jar:/home/runner/.m2/repository/org/assertj/assertj-core/3.12.2/assertj-core-3.12.2.jar:/home/runner/.m2/repository/org/apache/hadoop/hadoop-distcp/3.3.4/hadoop-distcp-3.3.4.jar:/home/runner/.m2/repository/org/apache/hadoop/hadoop-mapreduce-client-jobclient/3.3.4/hadoop-mapreduce-client-jobclient-3.3.4.jar:/home/runner/.m2/repository/org/apache/hadoop/hadoop-mapreduce-client-common/3.3.4/hadoop-mapreduce-client-common-3.3.4.jar:/home/runner/.m2/repository/org/apache/hadoop/hadoop-yarn-common/3.3.4/hadoop-yarn-common-3.3.4.jar:/home/runner/.m2/repository/org/apache/hadoop/hadoop-yarn-api/3.3.4/hadoop-yarn-api-3.3.4.jar:/home/runner/.m2/repository/com/sun/jersey/contribs/jersey-guice/1.19/jersey-guice-1.19.jar:/home/runner/.m2/repository/com/fasterxml/jackson/jaxrs/jackson-jaxrs-json-provider/2.13.4/jackson-jaxrs-json-provider-2.13.4.jar:/home/runner/.m2/repository/com/fasterxml/jackson/jaxrs/jackson-jaxrs-base/2.13.4/jackson-jaxrs-base-2.13.4.jar:/home/runner/.m2/repository/org/apache/hadoop/hadoop-yarn-client/3.3.4/hadoop-yarn-client-3.3.4.jar:/home/runner/.m2/repository/org/eclipse/jetty/websocket/websocket-client/9.4.43.v20210629/websocket-client-9.4.43.v20210629.jar:/home/runner/.m2/repository/org/eclipse/jetty/websocket/websocket-common/9.4.43.v20210629/websocket-common-9.4.43.v20210629.jar:/home/runner/.m2/repository/org/eclipse/jetty/websocket/websocket-api/9.4.43.v20210629/websocket-api-9.4.43.v20210629.jar:/home/runner/.m2/repository/org/jline/jline/3.9.0/jline-3.9.0.jar:/home/runner/.m2/repository/org/apache/hadoop/hadoop-mapreduce-client-core/3.3.4/hadoop-mapreduce-client-core-3.3.4.jar:/home/runner/.m2/repository/org/apache/avro/avro/1.7.7/avro-1.7.7.jar:/home/runner/.m2/repository/org/codehaus/jackson/jackson-core-asl/1.9.13/jackson-core-asl-1.9.13.jar:/home/runner/.m2/repository/org/codehaus/jackson/jackson-mapper-asl/1.9.13/jackson-mapper-asl-1.9.13.jar:/home/runner/.m2/repository/com/thoughtworks/paranamer/paranamer/2.3/paranamer-2.3.jar:/home/runner/.m2/repository/org/apache/hadoop/hadoop-annotations/3.3.4/hadoop-annotations-3.3.4.jar:/usr/lib/jvm/temurin-8-jdk-amd64/jre/../lib/tools.jar:/home/runner/.m2/repository/io/netty/netty/3.10.6.Final/netty-3.10.6.Final.jar:/home/runner/.m2/repository/org/apache/hadoop/hadoop-distcp/3.3.4/hadoop-distcp-3.3.4-tests.jar:/home/runner/.m2/repository/org/slf4j/jul-to-slf4j/1.7.36/jul-to-slf4j-1.7.36.jar:/home/runner/.m2/repository/org/apache/ratis/ratis-common/2.4.2-8b8bdda-SNAPSHOT/ratis-common-2.4.2-8b8bdda-SNAPSHOT.jar:/home/runner/.m2/repository/org/apache/ratis/ratis-thirdparty-misc/1.0.3/ratis-thirdparty-misc-1.0.3.jar:/home/runner/.m2/repository/org/apache/ratis/ratis-proto/2.4.2-8b8bdda-SNAPSHOT/ratis-proto-2.4.2-8b8bdda-SNAPSHOT.jar:"/>
    <property name="sun.cpu.endian" value="little"/>
    <property name="user.home" value="/home/runner"/>
    <property name="user.language" value="en"/>
    <property name="java.specification.vendor" value="Oracle Corporation"/>
    <property name="java.home" value="/usr/lib/jvm/temurin-8-jdk-amd64/jre"/>
    <property name="java.security.krb5.conf" value="/home/runner/work/ozone/ozone/hadoop-ozone/integration-test/target/test-classes/krb5.conf"/>
    <property name="basedir" value="/home/runner/work/ozone/ozone/hadoop-ozone/integration-test"/>
    <property name="file.separator" value="/"/>
    <property name="line.separator" value="&#10;"/>
    <property name="java.vm.specification.vendor" value="Oracle Corporation"/>
    <property name="java.specification.name" value="Java Platform API Specification"/>
    <property name="java.awt.graphicsenv" value="sun.awt.X11GraphicsEnvironment"/>
    <property name="skip.installnpx" value="true"/>
    <property name="surefire.real.class.path" value="/home/runner/work/ozone/ozone/hadoop-ozone/integration-test/target/surefire/surefirebooter4458626878062927206.jar:/home/runner/.m2/repository/org/jacoco/org.jacoco.agent/0.8.5/org.jacoco.agent-0.8.5-runtime.jar"/>
    <property name="hadoop.log.dir" value="/home/runner/work/ozone/ozone/hadoop-ozone/integration-test/target/log"/>
    <property name="sun.boot.class.path" value="/usr/lib/jvm/temurin-8-jdk-amd64/jre/lib/resources.jar:/usr/lib/jvm/temurin-8-jdk-amd64/jre/lib/rt.jar:/usr/lib/jvm/temurin-8-jdk-amd64/jre/lib/sunrsasign.jar:/usr/lib/jvm/temurin-8-jdk-amd64/jre/lib/jsse.jar:/usr/lib/jvm/temurin-8-jdk-amd64/jre/lib/jce.jar:/usr/lib/jvm/temurin-8-jdk-amd64/jre/lib/charsets.jar:/usr/lib/jvm/temurin-8-jdk-amd64/jre/lib/jfr.jar:/usr/lib/jvm/temurin-8-jdk-amd64/jre/classes"/>
    <property name="sun.management.compiler" value="HotSpot 64-Bit Tiered Compilers"/>
    <property name="skip.npx" value="true"/>
    <property name="java.runtime.version" value="1.8.0_352-b08"/>
    <property name="java.net.preferIPv4Stack" value="true"/>
    <property name="user.name" value="runner"/>
    <property name="path.separator" value=":"/>
    <property name="java.security.egd" value="file:///dev/urandom"/>
    <property name="os.version" value="5.15.0-1023-azure"/>
    <property name="java.endorsed.dirs" value="/usr/lib/jvm/temurin-8-jdk-amd64/jre/lib/endorsed"/>
    <property name="java.runtime.name" value="OpenJDK Runtime Environment"/>
    <property name="file.encoding" value="UTF-8"/>
    <property name="java.vm.name" value="OpenJDK 64-Bit Server VM"/>
    <property name="test.build.webapps" value=""/>
    <property name="localRepository" value="/home/runner/.m2/repository"/>
    <property name="jetty.git.hash" value="4231a3b2e4cb8548a412a789936d640a97b1aa0a"/>
    <property name="java.vendor.url.bug" value="https://github.com/adoptium/adoptium-support/issues"/>
    <property name="java.io.tmpdir" value="/tmp"/>
    <property name="require.test.libhadoop" value=""/>
    <property name="java.version" value="1.8.0_352"/>
    <property name="user.dir" value="/home/runner/work/ozone/ozone/hadoop-ozone/integration-test"/>
    <property name="os.arch" value="amd64"/>
    <property name="java.vm.specification.name" value="Java Virtual Machine Specification"/>
    <property name="test.build.classes" value="/home/runner/work/ozone/ozone/hadoop-ozone/integration-test/target/test-classes"/>
    <property name="java.awt.printerjob" value="sun.print.PSPrinterJob"/>
    <property name="sun.os.patch.level" value="unknown"/>
    <property name="org.apache.ratis.thirdparty.io.netty.allocator.useCacheForAllThreads" value="false"/>
    <property name="hadoop.tmp.dir" value="/home/runner/work/ozone/ozone/hadoop-ozone/integration-test/target/tmp"/>
    <property name="java.library.path" value="/usr/java/packages/lib/amd64:/usr/lib64:/lib64:/lib:/usr/lib"/>
    <property name="java.vm.info" value="mixed mode"/>
    <property name="java.vendor" value="Temurin"/>
    <property name="java.vm.version" value="25.352-b08"/>
    <property name="java.specification.maintenance.version" value="4"/>
    <property name="java.ext.dirs" value="/usr/lib/jvm/temurin-8-jdk-amd64/jre/lib/ext:/usr/java/packages/lib/ext"/>
    <property name="sun.io.unicode.encoding" value="UnicodeLittle"/>
    <property name="java.class.version" value="52.0"/>
  </properties>
  <testcase name="testForceBootstrap" classname="org.apache.hadoop.ozone.om.TestAddRemoveOzoneManager" time="55.408">
    <system-out><![CDATA[2022-12-22 10:13:37,674 [main] WARN  server.ServerUtils (ServerUtils.java:getScmDbDir(148)) - ozone.scm.db.dirs is not configured. We recommend adding this setting. Falling back to ozone.metadata.dirs instead.
2022-12-22 10:13:37,693 [main] INFO  ha.SCMHANodeDetails (SCMHANodeDetails.java:loadSCMHAConfig(209)) - ServiceID for StorageContainerManager is scmServiceId
2022-12-22 10:13:37,704 [main] INFO  ha.SCMHANodeDetails (SCMHANodeDetails.java:loadSCMHAConfig(220)) - ServiceID for StorageContainerManager is scmServiceId
2022-12-22 10:13:37,752 [main] INFO  ha.SCMHANodeDetails (SCMHANodeDetails.java:loadSCMHAConfig(307)) - Found matching SCM address with SCMServiceId: scmServiceId, SCMNodeId: scmNode-1, RPC Address: localhost:45753 and Ratis port: 45753
2022-12-22 10:13:37,752 [main] INFO  ha.SCMHANodeDetails (ConfUtils.java:setNodeSpecificConfigs(97)) - Setting configuration key ozone.scm.datanode.address with value of key ozone.scm.datanode.address.scmServiceId.scmNode-1: 127.0.0.1:42129
2022-12-22 10:13:37,752 [main] INFO  ha.SCMHANodeDetails (ConfUtils.java:setNodeSpecificConfigs(97)) - Setting configuration key ozone.scm.block.client.address with value of key ozone.scm.block.client.address.scmServiceId.scmNode-1: 127.0.0.1:35153
2022-12-22 10:13:37,753 [main] INFO  ha.SCMHANodeDetails (ConfUtils.java:setNodeSpecificConfigs(97)) - Setting configuration key ozone.scm.client.address with value of key ozone.scm.client.address.scmServiceId.scmNode-1: 127.0.0.1:42459
2022-12-22 10:13:37,753 [main] INFO  ha.SCMHANodeDetails (ConfUtils.java:setNodeSpecificConfigs(97)) - Setting configuration key ozone.scm.ratis.port with value of key ozone.scm.ratis.port.scmServiceId.scmNode-1: 45753
2022-12-22 10:13:37,754 [main] INFO  ha.SCMHANodeDetails (ConfUtils.java:setNodeSpecificConfigs(97)) - Setting configuration key ozone.scm.grpc.port with value of key ozone.scm.grpc.port.scmServiceId.scmNode-1: 42329
2022-12-22 10:13:37,754 [main] INFO  ha.SCMHANodeDetails (ConfUtils.java:setNodeSpecificConfigs(97)) - Setting configuration key ozone.scm.http-address with value of key ozone.scm.http-address.scmServiceId.scmNode-1: 127.0.0.1:45891
2022-12-22 10:13:37,754 [main] INFO  ha.SCMHANodeDetails (ConfUtils.java:setNodeSpecificConfigs(97)) - Setting configuration key ozone.scm.https-address with value of key ozone.scm.https-address.scmServiceId.scmNode-1: 127.0.0.1:41659
2022-12-22 10:13:37,754 [main] INFO  ha.SCMHANodeDetails (ConfUtils.java:setNodeSpecificConfigs(97)) - Setting configuration key ozone.scm.address with value of key ozone.scm.address.scmServiceId.scmNode-1: 127.0.0.1
2022-12-22 10:13:37,777 [main] WARN  scm.ScmUtils (ScmUtils.java:logWarn(190)) - ConfigKey ozone.scm.block.client.address is deprecated, For configuring different ports for each SCM use PortConfigKey ozone.scm.block.client.port appended with serviceId and nodeId. If want to configure same port configure ozone.scm.block.client.port
2022-12-22 10:13:37,779 [main] WARN  scm.ScmUtils (ScmUtils.java:logWarn(190)) - ConfigKey ozone.scm.client.address is deprecated, For configuring different ports for each SCM use PortConfigKey ozone.scm.client.port appended with serviceId and nodeId. If want to configure same port configure ozone.scm.client.port
2022-12-22 10:13:37,779 [main] WARN  scm.ScmUtils (ScmUtils.java:logWarn(190)) - ConfigKey ozone.scm.datanode.address is deprecated, For configuring different ports for each SCM use PortConfigKey ozone.scm.datanode.port appended with serviceId and nodeId. If want to configure same port configure ozone.scm.datanode.port
2022-12-22 10:13:37,860 [main] INFO  server.RaftServer (ConfUtils.java:logGet(46)) - raft.rpc.type = GRPC (default)
2022-12-22 10:13:37,943 [main] INFO  grpc.GrpcConfigKeys (ConfUtils.java:logFallback(53)) - raft.grpc.admin.host = null (fallback to raft.grpc.server.host)
2022-12-22 10:13:37,944 [main] INFO  grpc.GrpcConfigKeys (ConfUtils.java:logFallback(53)) - raft.grpc.admin.port = 45753 (fallback to raft.grpc.server.port)
2022-12-22 10:13:37,945 [main] INFO  grpc.GrpcConfigKeys (ConfUtils.java:logFallback(53)) - raft.grpc.client.host = null (fallback to raft.grpc.server.host)
2022-12-22 10:13:37,945 [main] INFO  grpc.GrpcConfigKeys (ConfUtils.java:logFallback(53)) - raft.grpc.client.port = 45753 (fallback to raft.grpc.server.port)
2022-12-22 10:13:37,946 [main] INFO  grpc.GrpcConfigKeys (ConfUtils.java:logGet(46)) - raft.grpc.server.host = null (default)
2022-12-22 10:13:37,946 [main] INFO  grpc.GrpcConfigKeys (ConfUtils.java:logGet(46)) - raft.grpc.server.port = 45753 (custom)
2022-12-22 10:13:37,947 [main] INFO  server.GrpcService (ConfUtils.java:logGet(46)) - raft.grpc.message.size.max = 32m (=33554432) (custom)
2022-12-22 10:13:37,948 [main] INFO  server.RaftServerConfigKeys (ConfUtils.java:logGet(46)) - raft.server.log.appender.buffer.byte-limit = 33554432 (custom)
2022-12-22 10:13:37,948 [main] INFO  server.GrpcService (ConfUtils.java:logGet(46)) - raft.grpc.flow.control.window = 1MB (=1048576) (default)
2022-12-22 10:13:37,949 [main] INFO  server.RaftServerConfigKeys (ConfUtils.java:logGet(46)) - raft.server.rpc.request.timeout = 30000ms (custom)
2022-12-22 10:13:38,008 [main] INFO  grpc.GrpcConfigKeys (ConfUtils.java:logGet(46)) - raft.grpc.server.heartbeat.channel = true (default)
2022-12-22 10:13:38,011 [main] INFO  grpc.GrpcConfigKeys (ConfUtils.java:logGet(46)) - raft.grpc.server.async.request.thread.pool.cached = true (default)
2022-12-22 10:13:38,012 [main] INFO  grpc.GrpcConfigKeys (ConfUtils.java:logGet(46)) - raft.grpc.server.async.request.thread.pool.size = 32 (default)
2022-12-22 10:13:38,257 [main] INFO  impl.DataStreamServerImpl (ConfUtils.java:logGet(46)) - raft.datastream.type = NETTY (custom)
2022-12-22 10:13:38,269 [main] INFO  metrics.MetricRegistries (MetricRegistriesLoader.java:load(64)) - Loaded MetricRegistries class org.apache.ratis.metrics.impl.MetricRegistriesImpl
2022-12-22 10:13:38,324 [main] INFO  server.RaftServerConfigKeys (ConfUtils.java:logGet(46)) - raft.server.data-stream.async.request.thread.pool.cached = false (default)
2022-12-22 10:13:38,325 [main] INFO  server.RaftServerConfigKeys (ConfUtils.java:logGet(46)) - raft.server.data-stream.async.request.thread.pool.size = 32 (default)
2022-12-22 10:13:38,329 [main] INFO  server.RaftServerConfigKeys (ConfUtils.java:logGet(46)) - raft.server.data-stream.async.write.thread.pool.size = 16 (default)
2022-12-22 10:13:38,330 [main] INFO  server.RaftServerConfigKeys (ConfUtils.java:logGet(46)) - raft.server.data-stream.client.pool.size = 10 (default)
2022-12-22 10:13:38,334 [main] INFO  netty.NettyConfigKeys$DataStream (ConfUtils.java:logGet(46)) - raft.netty.dataStream.server.use-epoll = false (default)
2022-12-22 10:13:38,335 [main] INFO  netty.NettyConfigKeys$DataStream (ConfUtils.java:logGet(46)) - raft.netty.dataStream.server.boss-group.size = 0 (default)
2022-12-22 10:13:38,342 [main] INFO  netty.NettyConfigKeys$DataStream (ConfUtils.java:logGet(46)) - raft.netty.dataStream.server.worker-group.size = 0 (default)
2022-12-22 10:13:38,344 [main] INFO  netty.NettyConfigKeys$DataStream (ConfUtils.java:logGet(46)) - raft.netty.dataStream.server.tls.conf = null (default)
2022-12-22 10:13:38,346 [main] INFO  netty.NettyConfigKeys$DataStream (ConfUtils.java:logGet(46)) - raft.netty.dataStream.host = null (default)
2022-12-22 10:13:38,347 [main] INFO  netty.NettyConfigKeys$DataStream (ConfUtils.java:logGet(46)) - raft.netty.dataStream.port = 0 (default)
2022-12-22 10:13:38,390 [main] INFO  server.RaftServerConfigKeys (ConfUtils.java:logGet(46)) - raft.server.threadpool.proxy.cached = true (default)
2022-12-22 10:13:38,391 [main] INFO  server.RaftServerConfigKeys (ConfUtils.java:logGet(46)) - raft.server.threadpool.proxy.size = 0 (default)
2022-12-22 10:13:38,391 [main] INFO  server.RaftServerConfigKeys (ConfUtils.java:logGet(46)) - raft.server.rpc.slowness.timeout = 120000ms (custom)
2022-12-22 10:13:38,391 [main] INFO  server.RaftServerConfigKeys (ConfUtils.java:logGet(46)) - raft.server.leaderelection.leader.step-down.wait-time = 10s (default)
2022-12-22 10:13:38,394 [main] INFO  server.RaftServerConfigKeys (ConfUtils.java:logGet(46)) - raft.server.storage.dir = [/home/runner/work/ozone/ozone/hadoop-ozone/integration-test/target/test-dir/MiniOzoneClusterImpl-25092133-3ddf-4dd3-9c34-1a0a2119317e/scmNode-1/scm-ha] (custom)
2022-12-22 10:13:38,410 [c0744bfc-8c9a-4b67-b2fe-e4eb0bfece68-NettyServerStreamRpc-bossGroup--thread1] INFO  logging.LoggingHandler (AbstractInternalLogger.java:log(148)) - [id: 0xd6365d91] REGISTERED
2022-12-22 10:13:38,411 [c0744bfc-8c9a-4b67-b2fe-e4eb0bfece68-NettyServerStreamRpc-bossGroup--thread1] INFO  logging.LoggingHandler (AbstractInternalLogger.java:log(148)) - [id: 0xd6365d91] BIND: 0.0.0.0/0.0.0.0:0
2022-12-22 10:13:38,413 [c0744bfc-8c9a-4b67-b2fe-e4eb0bfece68-NettyServerStreamRpc-bossGroup--thread1] INFO  logging.LoggingHandler (AbstractInternalLogger.java:log(148)) - [id: 0xd6365d91, L:/0:0:0:0:0:0:0:0:44347] ACTIVE
2022-12-22 10:13:38,414 [main] INFO  server.RaftServer (RaftServerProxy.java:addNew(96)) - c0744bfc-8c9a-4b67-b2fe-e4eb0bfece68: addNew group-1A0A2119317E:[c0744bfc-8c9a-4b67-b2fe-e4eb0bfece68|rpc:localhost:45753|priority:0|startupRole:FOLLOWER] returns group-1A0A2119317E:java.util.concurrent.CompletableFuture@4527f70a[Not completed]
2022-12-22 10:13:38,437 [pool-2-thread-1] INFO  server.RaftServer$Division (RaftServerImpl.java:<init>(195)) - c0744bfc-8c9a-4b67-b2fe-e4eb0bfece68: new RaftServerImpl for group-1A0A2119317E:[c0744bfc-8c9a-4b67-b2fe-e4eb0bfece68|rpc:localhost:45753|priority:0|startupRole:FOLLOWER] with SCMStateMachine:uninitialized
2022-12-22 10:13:38,439 [pool-2-thread-1] INFO  server.RaftServerConfigKeys (ConfUtils.java:logGet(46)) - raft.server.rpc.timeout.min = 5000ms (custom)
2022-12-22 10:13:38,439 [pool-2-thread-1] INFO  server.RaftServerConfigKeys (ConfUtils.java:logGet(46)) - raft.server.rpc.timeout.max = 5200ms (custom)
2022-12-22 10:13:38,440 [pool-2-thread-1] INFO  server.RaftServerConfigKeys (ConfUtils.java:logGet(46)) - raft.server.rpc.sleep.time = 25ms (default)
2022-12-22 10:13:38,440 [pool-2-thread-1] INFO  server.RaftServerConfigKeys (ConfUtils.java:logGet(46)) - raft.server.rpc.slowness.timeout = 120000ms (custom)
2022-12-22 10:13:38,440 [pool-2-thread-1] INFO  server.RaftServerConfigKeys (ConfUtils.java:logGet(46)) - raft.server.leaderelection.leader.step-down.wait-time = 10s (default)
2022-12-22 10:13:38,441 [pool-2-thread-1] INFO  server.RaftServerConfigKeys (ConfUtils.java:logGet(46)) - raft.server.sleep.deviation.threshold = 300ms (default)
2022-12-22 10:13:38,452 [pool-2-thread-1] INFO  server.RaftServer$Division (ServerState.java:<init>(118)) - c0744bfc-8c9a-4b67-b2fe-e4eb0bfece68@group-1A0A2119317E: ConfigurationManager, init=-1: peers:[c0744bfc-8c9a-4b67-b2fe-e4eb0bfece68|rpc:localhost:45753|priority:0|startupRole:FOLLOWER]|listeners:[], old=null, confs=<EMPTY_MAP>
2022-12-22 10:13:38,452 [pool-2-thread-1] INFO  server.RaftServerConfigKeys (ConfUtils.java:logGet(46)) - raft.server.storage.dir = [/home/runner/work/ozone/ozone/hadoop-ozone/integration-test/target/test-dir/MiniOzoneClusterImpl-25092133-3ddf-4dd3-9c34-1a0a2119317e/scmNode-1/scm-ha] (custom)
2022-12-22 10:13:38,457 [pool-2-thread-1] INFO  server.RaftServerConfigKeys (ConfUtils.java:logGet(46)) - raft.server.log.corruption.policy = EXCEPTION (default)
2022-12-22 10:13:38,457 [pool-2-thread-1] INFO  server.RaftServerConfigKeys (ConfUtils.java:logGet(46)) - raft.server.storage.free-space.min = 0MB (=0) (default)
2022-12-22 10:13:38,465 [pool-2-thread-1] INFO  server.RaftServerConfigKeys (ConfUtils.java:logGet(46)) - raft.server.notification.no-leader.timeout = 60s (default)
2022-12-22 10:13:38,467 [pool-2-thread-1] INFO  server.RaftServerConfigKeys (ConfUtils.java:logGet(46)) - raft.server.retrycache.expirytime = 60000ms (default)
2022-12-22 10:13:38,467 [pool-2-thread-1] INFO  server.RaftServerConfigKeys (ConfUtils.java:logGet(46)) - raft.server.retrycache.statistics.expirytime = 100μs (default)
2022-12-22 10:13:38,510 [pool-2-thread-1] INFO  server.RaftServerConfigKeys (ConfUtils.java:logGet(46)) - raft.server.log.appender.install.snapshot.enabled = false (custom)
2022-12-22 10:13:38,510 [pool-2-thread-1] INFO  server.RaftServerConfigKeys (ConfUtils.java:logGet(46)) - raft.server.threadpool.server.cached = true (default)
2022-12-22 10:13:38,511 [pool-2-thread-1] INFO  server.RaftServerConfigKeys (ConfUtils.java:logGet(46)) - raft.server.threadpool.server.size = 0 (default)
2022-12-22 10:13:38,511 [pool-2-thread-1] INFO  server.RaftServerConfigKeys (ConfUtils.java:logGet(46)) - raft.server.threadpool.client.cached = true (default)
2022-12-22 10:13:38,512 [pool-2-thread-1] INFO  server.RaftServerConfigKeys (ConfUtils.java:logGet(46)) - raft.server.threadpool.client.size = 0 (default)
2022-12-22 10:13:38,512 [c0744bfc-8c9a-4b67-b2fe-e4eb0bfece68-impl-thread1] INFO  storage.RaftStorageDirectory (RaftStorageDirectoryImpl.java:analyzeStorage(137)) - The storage directory /home/runner/work/ozone/ozone/hadoop-ozone/integration-test/target/test-dir/MiniOzoneClusterImpl-25092133-3ddf-4dd3-9c34-1a0a2119317e/scmNode-1/scm-ha/25092133-3ddf-4dd3-9c34-1a0a2119317e does not exist. Creating ...
2022-12-22 10:13:38,516 [c0744bfc-8c9a-4b67-b2fe-e4eb0bfece68-impl-thread1] INFO  storage.RaftStorageDirectory (RaftStorageDirectoryImpl.java:tryLock(231)) - Lock on /home/runner/work/ozone/ozone/hadoop-ozone/integration-test/target/test-dir/MiniOzoneClusterImpl-25092133-3ddf-4dd3-9c34-1a0a2119317e/scmNode-1/scm-ha/25092133-3ddf-4dd3-9c34-1a0a2119317e/in_use.lock acquired by nodename 33150@fv-az345-686
2022-12-22 10:13:38,522 [c0744bfc-8c9a-4b67-b2fe-e4eb0bfece68-impl-thread1] INFO  storage.RaftStorage (RaftStorageImpl.java:format(96)) - Storage directory /home/runner/work/ozone/ozone/hadoop-ozone/integration-test/target/test-dir/MiniOzoneClusterImpl-25092133-3ddf-4dd3-9c34-1a0a2119317e/scmNode-1/scm-ha/25092133-3ddf-4dd3-9c34-1a0a2119317e has been successfully formatted.
2022-12-22 10:13:38,526 [c0744bfc-8c9a-4b67-b2fe-e4eb0bfece68-impl-thread1] INFO  server.RaftServerConfigKeys (ConfUtils.java:logGet(46)) - raft.server.log.use.memory = false (default)
2022-12-22 10:13:38,532 [c0744bfc-8c9a-4b67-b2fe-e4eb0bfece68-impl-thread1] INFO  server.RaftServerConfigKeys (ConfUtils.java:logGet(46)) - raft.server.log.purge.gap = 1000000 (custom)
2022-12-22 10:13:38,532 [c0744bfc-8c9a-4b67-b2fe-e4eb0bfece68-impl-thread1] INFO  server.RaftServerConfigKeys (ConfUtils.java:logGet(46)) - raft.server.log.appender.buffer.byte-limit = 33554432 (custom)
2022-12-22 10:13:38,534 [c0744bfc-8c9a-4b67-b2fe-e4eb0bfece68-impl-thread1] INFO  server.RaftServerConfigKeys (ConfUtils.java:logGet(46)) - raft.server.log.statemachine.data.read.timeout = 1000ms (default)
2022-12-22 10:13:38,536 [c0744bfc-8c9a-4b67-b2fe-e4eb0bfece68-impl-thread1] INFO  server.RaftServerConfigKeys (ConfUtils.java:logGet(46)) - raft.server.log.purge.preservation.log.num = 0 (default)
2022-12-22 10:13:38,538 [c0744bfc-8c9a-4b67-b2fe-e4eb0bfece68-impl-thread1] INFO  server.RaftServerConfigKeys (ConfUtils.java:logGet(46)) - raft.server.log.segment.size.max = 4194304 (custom)
2022-12-22 10:13:38,542 [c0744bfc-8c9a-4b67-b2fe-e4eb0bfece68-impl-thread1] INFO  server.RaftServerConfigKeys (ConfUtils.java:logGet(46)) - raft.server.log.segment.cache.num.max = 2 (custom)
2022-12-22 10:13:38,543 [c0744bfc-8c9a-4b67-b2fe-e4eb0bfece68-impl-thread1] INFO  server.RaftServerConfigKeys (ConfUtils.java:logGet(46)) - raft.server.log.segment.cache.size.max = 200MB (=209715200) (default)
2022-12-22 10:13:38,547 [c0744bfc-8c9a-4b67-b2fe-e4eb0bfece68-impl-thread1] INFO  segmented.SegmentedRaftLogWorker (SegmentedRaftLogWorker.java:<init>(189)) - new c0744bfc-8c9a-4b67-b2fe-e4eb0bfece68@group-1A0A2119317E-SegmentedRaftLogWorker for RaftStorageImpl:Storage Directory /home/runner/work/ozone/ozone/hadoop-ozone/integration-test/target/test-dir/MiniOzoneClusterImpl-25092133-3ddf-4dd3-9c34-1a0a2119317e/scmNode-1/scm-ha/25092133-3ddf-4dd3-9c34-1a0a2119317e
2022-12-22 10:13:38,548 [c0744bfc-8c9a-4b67-b2fe-e4eb0bfece68-impl-thread1] INFO  server.RaftServerConfigKeys (ConfUtils.java:logGet(46)) - raft.server.log.queue.byte-limit = 64MB (=67108864) (default)
2022-12-22 10:13:38,550 [c0744bfc-8c9a-4b67-b2fe-e4eb0bfece68-impl-thread1] INFO  server.RaftServerConfigKeys (ConfUtils.java:logGet(46)) - raft.server.log.queue.element-limit = 4096 (default)
2022-12-22 10:13:38,551 [c0744bfc-8c9a-4b67-b2fe-e4eb0bfece68-impl-thread1] INFO  server.RaftServerConfigKeys (ConfUtils.java:logGet(46)) - raft.server.log.segment.size.max = 4194304 (custom)
2022-12-22 10:13:38,551 [c0744bfc-8c9a-4b67-b2fe-e4eb0bfece68-impl-thread1] INFO  server.RaftServerConfigKeys (ConfUtils.java:logGet(46)) - raft.server.log.preallocated.size = 4194304 (custom)
2022-12-22 10:13:38,552 [c0744bfc-8c9a-4b67-b2fe-e4eb0bfece68-impl-thread1] INFO  server.RaftServerConfigKeys (ConfUtils.java:logGet(46)) - raft.server.log.force.sync.num = 128 (default)
2022-12-22 10:13:38,553 [c0744bfc-8c9a-4b67-b2fe-e4eb0bfece68-impl-thread1] INFO  server.RaftServerConfigKeys (ConfUtils.java:logGet(46)) - raft.server.log.statemachine.data.sync = true (default)
2022-12-22 10:13:38,553 [c0744bfc-8c9a-4b67-b2fe-e4eb0bfece68-impl-thread1] INFO  server.RaftServerConfigKeys (ConfUtils.java:logGet(46)) - raft.server.log.statemachine.data.sync.timeout = 10s (default)
2022-12-22 10:13:38,554 [c0744bfc-8c9a-4b67-b2fe-e4eb0bfece68-impl-thread1] INFO  server.RaftServerConfigKeys (ConfUtils.java:logGet(46)) - raft.server.log.statemachine.data.sync.timeout.retry = -1 (default)
2022-12-22 10:13:38,564 [c0744bfc-8c9a-4b67-b2fe-e4eb0bfece68-impl-thread1] INFO  server.RaftServerConfigKeys (ConfUtils.java:logGet(46)) - raft.server.log.write.buffer.size = 64KB (=65536) (default)
2022-12-22 10:13:38,564 [c0744bfc-8c9a-4b67-b2fe-e4eb0bfece68-impl-thread1] INFO  server.RaftServerConfigKeys (ConfUtils.java:logGet(46)) - raft.server.log.appender.buffer.byte-limit = 33554432 (custom)
2022-12-22 10:13:38,567 [c0744bfc-8c9a-4b67-b2fe-e4eb0bfece68-impl-thread1] INFO  server.RaftServerConfigKeys (ConfUtils.java:logGet(46)) - raft.server.log.unsafe-flush.enabled = false (default)
2022-12-22 10:13:38,568 [c0744bfc-8c9a-4b67-b2fe-e4eb0bfece68-impl-thread1] INFO  server.RaftServerConfigKeys (ConfUtils.java:logGet(46)) - raft.server.log.async-flush.enabled = false (default)
2022-12-22 10:13:38,568 [c0744bfc-8c9a-4b67-b2fe-e4eb0bfece68-impl-thread1] INFO  server.RaftServerConfigKeys (ConfUtils.java:logGet(46)) - raft.server.log.statemachine.data.caching.enabled = false (default)
2022-12-22 10:13:38,573 [c0744bfc-8c9a-4b67-b2fe-e4eb0bfece68-impl-thread1] INFO  segmented.SegmentedRaftLogWorker (SegmentedRaftLogWorker.java:lambda$new$0(135)) - c0744bfc-8c9a-4b67-b2fe-e4eb0bfece68@group-1A0A2119317E-SegmentedRaftLogWorker: flushIndex: setUnconditionally 0 -> -1
2022-12-22 10:13:38,573 [c0744bfc-8c9a-4b67-b2fe-e4eb0bfece68-impl-thread1] INFO  segmented.SegmentedRaftLogWorker (SegmentedRaftLogWorker.java:lambda$new$0(135)) - c0744bfc-8c9a-4b67-b2fe-e4eb0bfece68@group-1A0A2119317E-SegmentedRaftLogWorker: safeCacheEvictIndex: setUnconditionally 0 -> -1
2022-12-22 10:13:38,574 [c0744bfc-8c9a-4b67-b2fe-e4eb0bfece68-impl-thread1] INFO  server.RaftServer$Division (RaftServerImpl.java:start(334)) - c0744bfc-8c9a-4b67-b2fe-e4eb0bfece68@group-1A0A2119317E: start as a follower, conf=-1: peers:[c0744bfc-8c9a-4b67-b2fe-e4eb0bfece68|rpc:localhost:45753|priority:0|startupRole:FOLLOWER]|listeners:[], old=null
2022-12-22 10:13:38,574 [c0744bfc-8c9a-4b67-b2fe-e4eb0bfece68-impl-thread1] INFO  server.RaftServer$Division (RaftServerImpl.java:setRole(321)) - c0744bfc-8c9a-4b67-b2fe-e4eb0bfece68@group-1A0A2119317E: changes role from      null to FOLLOWER at term 0 for startAsFollower
2022-12-22 10:13:38,576 [c0744bfc-8c9a-4b67-b2fe-e4eb0bfece68-impl-thread1] INFO  impl.RoleInfo (RoleInfo.java:updateAndGet(139)) - c0744bfc-8c9a-4b67-b2fe-e4eb0bfece68: start c0744bfc-8c9a-4b67-b2fe-e4eb0bfece68@group-1A0A2119317E-FollowerState
2022-12-22 10:13:38,578 [c0744bfc-8c9a-4b67-b2fe-e4eb0bfece68-impl-thread1] INFO  util.JmxRegister (JmxRegister.java:tryRegister(44)) - Successfully registered JMX Bean with object name Ratis:service=RaftServer,group=group-1A0A2119317E,id=c0744bfc-8c9a-4b67-b2fe-e4eb0bfece68
2022-12-22 10:13:38,579 [c0744bfc-8c9a-4b67-b2fe-e4eb0bfece68-impl-thread1] INFO  server.RaftServerConfigKeys (ConfUtils.java:logGet(46)) - raft.server.snapshot.auto.trigger.enabled = true (custom)
2022-12-22 10:13:38,580 [c0744bfc-8c9a-4b67-b2fe-e4eb0bfece68-impl-thread1] INFO  server.RaftServerConfigKeys (ConfUtils.java:logGet(46)) - raft.server.snapshot.auto.trigger.threshold = 1000 (custom)
2022-12-22 10:13:38,580 [c0744bfc-8c9a-4b67-b2fe-e4eb0bfece68-impl-thread1] INFO  server.RaftServerConfigKeys (ConfUtils.java:logGet(46)) - raft.server.snapshot.retention.file.num = -1 (default)
2022-12-22 10:13:38,580 [c0744bfc-8c9a-4b67-b2fe-e4eb0bfece68-impl-thread1] INFO  server.RaftServerConfigKeys (ConfUtils.java:logGet(46)) - raft.server.log.purge.upto.snapshot.index = false (default)
2022-12-22 10:13:38,583 [c0744bfc-8c9a-4b67-b2fe-e4eb0bfece68@group-1A0A2119317E-FollowerState] INFO  server.RaftServerConfigKeys (ConfUtils.java:logFallback(53)) - raft.server.rpc.first-election.timeout.min = 5000ms (fallback to raft.server.rpc.timeout.min)
2022-12-22 10:13:38,584 [c0744bfc-8c9a-4b67-b2fe-e4eb0bfece68@group-1A0A2119317E-FollowerState] INFO  server.RaftServerConfigKeys (ConfUtils.java:logFallback(53)) - raft.server.rpc.first-election.timeout.max = 5200ms (fallback to raft.server.rpc.timeout.max)
2022-12-22 10:13:38,584 [main] INFO  server.RaftServer (RaftServerProxy.java:startImpl(393)) - c0744bfc-8c9a-4b67-b2fe-e4eb0bfece68: start RPC server
2022-12-22 10:13:38,598 [main] INFO  server.GrpcService (GrpcService.java:startImpl(262)) - c0744bfc-8c9a-4b67-b2fe-e4eb0bfece68: GrpcService started, listening on 45753
2022-12-22 10:13:38,600 [JvmPauseMonitor0] INFO  util.JvmPauseMonitor (JvmPauseMonitor.java:run(105)) - JvmPauseMonitor-c0744bfc-8c9a-4b67-b2fe-e4eb0bfece68: Started
2022-12-22 10:13:43,653 [c0744bfc-8c9a-4b67-b2fe-e4eb0bfece68@group-1A0A2119317E-FollowerState] INFO  impl.FollowerState (FollowerState.java:run(143)) - c0744bfc-8c9a-4b67-b2fe-e4eb0bfece68@group-1A0A2119317E-FollowerState: change to CANDIDATE, lastRpcElapsedTime:5077559973ns, electionTimeout:5068ms
2022-12-22 10:13:43,654 [c0744bfc-8c9a-4b67-b2fe-e4eb0bfece68@group-1A0A2119317E-FollowerState] INFO  impl.RoleInfo (RoleInfo.java:shutdownFollowerState(110)) - c0744bfc-8c9a-4b67-b2fe-e4eb0bfece68: shutdown c0744bfc-8c9a-4b67-b2fe-e4eb0bfece68@group-1A0A2119317E-FollowerState
2022-12-22 10:13:43,654 [c0744bfc-8c9a-4b67-b2fe-e4eb0bfece68@group-1A0A2119317E-FollowerState] INFO  server.RaftServer$Division (RaftServerImpl.java:setRole(321)) - c0744bfc-8c9a-4b67-b2fe-e4eb0bfece68@group-1A0A2119317E: changes role from  FOLLOWER to CANDIDATE at term 0 for changeToCandidate
2022-12-22 10:13:43,657 [c0744bfc-8c9a-4b67-b2fe-e4eb0bfece68@group-1A0A2119317E-FollowerState] INFO  server.RaftServerConfigKeys (ConfUtils.java:logGet(46)) - raft.server.leaderelection.pre-vote = false (custom)
2022-12-22 10:13:43,657 [c0744bfc-8c9a-4b67-b2fe-e4eb0bfece68@group-1A0A2119317E-FollowerState] INFO  impl.RoleInfo (RoleInfo.java:updateAndGet(139)) - c0744bfc-8c9a-4b67-b2fe-e4eb0bfece68: start c0744bfc-8c9a-4b67-b2fe-e4eb0bfece68@group-1A0A2119317E-LeaderElection1
2022-12-22 10:13:43,660 [c0744bfc-8c9a-4b67-b2fe-e4eb0bfece68@group-1A0A2119317E-LeaderElection1] INFO  impl.LeaderElection (LeaderElection.java:askForVotes(312)) - c0744bfc-8c9a-4b67-b2fe-e4eb0bfece68@group-1A0A2119317E-LeaderElection1 ELECTION round 0: submit vote requests at term 1 for -1: peers:[c0744bfc-8c9a-4b67-b2fe-e4eb0bfece68|rpc:localhost:45753|priority:0|startupRole:FOLLOWER]|listeners:[], old=null
2022-12-22 10:13:43,661 [c0744bfc-8c9a-4b67-b2fe-e4eb0bfece68@group-1A0A2119317E-LeaderElection1] INFO  impl.LeaderElection (LeaderElection.java:askForVotes(314)) - c0744bfc-8c9a-4b67-b2fe-e4eb0bfece68@group-1A0A2119317E-LeaderElection1 ELECTION round 0: result PASSED (term=1)
2022-12-22 10:13:43,662 [c0744bfc-8c9a-4b67-b2fe-e4eb0bfece68@group-1A0A2119317E-LeaderElection1] INFO  impl.RoleInfo (RoleInfo.java:shutdownLeaderElection(130)) - c0744bfc-8c9a-4b67-b2fe-e4eb0bfece68: shutdown c0744bfc-8c9a-4b67-b2fe-e4eb0bfece68@group-1A0A2119317E-LeaderElection1
2022-12-22 10:13:43,662 [c0744bfc-8c9a-4b67-b2fe-e4eb0bfece68@group-1A0A2119317E-LeaderElection1] INFO  server.RaftServer$Division (RaftServerImpl.java:setRole(321)) - c0744bfc-8c9a-4b67-b2fe-e4eb0bfece68@group-1A0A2119317E: changes role from CANDIDATE to LEADER at term 1 for changeToLeader
2022-12-22 10:13:43,662 [c0744bfc-8c9a-4b67-b2fe-e4eb0bfece68@group-1A0A2119317E-LeaderElection1] INFO  server.RaftServer$Division (ServerState.java:setLeader(313)) - c0744bfc-8c9a-4b67-b2fe-e4eb0bfece68@group-1A0A2119317E: change Leader from null to c0744bfc-8c9a-4b67-b2fe-e4eb0bfece68 at term 1 for becomeLeader, leader elected after 5198ms
2022-12-22 10:13:43,667 [c0744bfc-8c9a-4b67-b2fe-e4eb0bfece68@group-1A0A2119317E-LeaderElection1] INFO  server.RaftServerConfigKeys (ConfUtils.java:logGet(46)) - raft.server.staging.catchup.gap = 1000 (default)
2022-12-22 10:13:43,671 [c0744bfc-8c9a-4b67-b2fe-e4eb0bfece68@group-1A0A2119317E-LeaderElection1] INFO  server.RaftServerConfigKeys (ConfUtils.java:logGet(46)) - raft.server.write.element-limit = 4096 (default)
2022-12-22 10:13:43,672 [c0744bfc-8c9a-4b67-b2fe-e4eb0bfece68@group-1A0A2119317E-LeaderElection1] INFO  server.RaftServerConfigKeys (ConfUtils.java:logGet(46)) - raft.server.write.byte-limit = 64MB (=67108864) (default)
2022-12-22 10:13:43,677 [c0744bfc-8c9a-4b67-b2fe-e4eb0bfece68@group-1A0A2119317E-LeaderElection1] INFO  server.RaftServerConfigKeys (ConfUtils.java:logGet(46)) - raft.server.watch.timeout = 10s (default)
2022-12-22 10:13:43,677 [c0744bfc-8c9a-4b67-b2fe-e4eb0bfece68@group-1A0A2119317E-LeaderElection1] INFO  server.RaftServerConfigKeys (ConfUtils.java:logGet(46)) - raft.server.watch.timeout.denomination = 1s (default)
2022-12-22 10:13:43,678 [c0744bfc-8c9a-4b67-b2fe-e4eb0bfece68@group-1A0A2119317E-LeaderElection1] INFO  server.RaftServerConfigKeys (ConfUtils.java:logGet(46)) - raft.server.watch.element-limit = 65536 (default)
2022-12-22 10:13:43,682 [c0744bfc-8c9a-4b67-b2fe-e4eb0bfece68@group-1A0A2119317E-LeaderElection1] INFO  server.RaftServerConfigKeys (ConfUtils.java:logGet(46)) - raft.server.write.element-limit = 4096 (default)
2022-12-22 10:13:43,683 [c0744bfc-8c9a-4b67-b2fe-e4eb0bfece68@group-1A0A2119317E-LeaderElection1] INFO  server.RaftServerConfigKeys (ConfUtils.java:logGet(46)) - raft.server.write.follower.gap.ratio.max = -1.0 (default)
2022-12-22 10:13:43,685 [c0744bfc-8c9a-4b67-b2fe-e4eb0bfece68@group-1A0A2119317E-LeaderElection1] INFO  impl.RoleInfo (RoleInfo.java:updateAndGet(139)) - c0744bfc-8c9a-4b67-b2fe-e4eb0bfece68: start c0744bfc-8c9a-4b67-b2fe-e4eb0bfece68@group-1A0A2119317E-LeaderStateImpl
2022-12-22 10:13:43,706 [c0744bfc-8c9a-4b67-b2fe-e4eb0bfece68@group-1A0A2119317E-LeaderElection1] INFO  segmented.SegmentedRaftLogWorker (SegmentedRaftLogWorker.java:startLogSegment(452)) - c0744bfc-8c9a-4b67-b2fe-e4eb0bfece68@group-1A0A2119317E-SegmentedRaftLogWorker: Starting segment from index:0
2022-12-22 10:13:43,731 [c0744bfc-8c9a-4b67-b2fe-e4eb0bfece68@group-1A0A2119317E-LeaderElection1] INFO  server.RaftServer$Division (ServerState.java:setRaftConf(430)) - c0744bfc-8c9a-4b67-b2fe-e4eb0bfece68@group-1A0A2119317E: set configuration 0: peers:[c0744bfc-8c9a-4b67-b2fe-e4eb0bfece68|rpc:localhost:45753|admin:|client:|dataStream:|priority:0|startupRole:FOLLOWER]|listeners:[], old=null
2022-12-22 10:13:43,789 [c0744bfc-8c9a-4b67-b2fe-e4eb0bfece68@group-1A0A2119317E-SegmentedRaftLogWorker] INFO  segmented.SegmentedRaftLogWorker (SegmentedRaftLogWorker.java:execute(656)) - c0744bfc-8c9a-4b67-b2fe-e4eb0bfece68@group-1A0A2119317E-SegmentedRaftLogWorker: created new log segment /home/runner/work/ozone/ozone/hadoop-ozone/integration-test/target/test-dir/MiniOzoneClusterImpl-25092133-3ddf-4dd3-9c34-1a0a2119317e/scmNode-1/scm-ha/25092133-3ddf-4dd3-9c34-1a0a2119317e/current/log_inprogress_0
2022-12-22 10:13:44,601 [main] INFO  server.RaftServer (RaftServerProxy.java:lambda$close$6(409)) - c0744bfc-8c9a-4b67-b2fe-e4eb0bfece68: close
2022-12-22 10:13:44,602 [main] INFO  server.GrpcService (GrpcService.java:closeImpl(271)) - c0744bfc-8c9a-4b67-b2fe-e4eb0bfece68: shutdown server GrpcServerProtocolService now
2022-12-22 10:13:44,602 [c0744bfc-8c9a-4b67-b2fe-e4eb0bfece68-impl-thread1] INFO  server.RaftServer$Division (RaftServerImpl.java:lambda$close$4(458)) - c0744bfc-8c9a-4b67-b2fe-e4eb0bfece68@group-1A0A2119317E: shutdown
2022-12-22 10:13:44,602 [c0744bfc-8c9a-4b67-b2fe-e4eb0bfece68-impl-thread1] INFO  util.JmxRegister (JmxRegister.java:unregister(73)) - Successfully un-registered JMX Bean with object name Ratis:service=RaftServer,group=group-1A0A2119317E,id=c0744bfc-8c9a-4b67-b2fe-e4eb0bfece68
2022-12-22 10:13:44,603 [c0744bfc-8c9a-4b67-b2fe-e4eb0bfece68-impl-thread1] INFO  impl.RoleInfo (RoleInfo.java:shutdownLeaderState(93)) - c0744bfc-8c9a-4b67-b2fe-e4eb0bfece68: shutdown c0744bfc-8c9a-4b67-b2fe-e4eb0bfece68@group-1A0A2119317E-LeaderStateImpl
2022-12-22 10:13:44,612 [c0744bfc-8c9a-4b67-b2fe-e4eb0bfece68-impl-thread1] INFO  impl.PendingRequests (PendingRequests.java:sendNotLeaderResponses(282)) - c0744bfc-8c9a-4b67-b2fe-e4eb0bfece68@group-1A0A2119317E-PendingRequests: sendNotLeaderResponses
2022-12-22 10:13:44,621 [c0744bfc-8c9a-4b67-b2fe-e4eb0bfece68@group-1A0A2119317E-StateMachineUpdater] INFO  impl.StateMachineUpdater (StateMachineUpdater.java:takeSnapshot(287)) - c0744bfc-8c9a-4b67-b2fe-e4eb0bfece68@group-1A0A2119317E-StateMachineUpdater: Took a snapshot at index 0
2022-12-22 10:13:44,621 [c0744bfc-8c9a-4b67-b2fe-e4eb0bfece68@group-1A0A2119317E-StateMachineUpdater] INFO  impl.StateMachineUpdater (StateMachineUpdater.java:lambda$new$0(92)) - c0744bfc-8c9a-4b67-b2fe-e4eb0bfece68@group-1A0A2119317E-StateMachineUpdater: snapshotIndex: updateIncreasingly -1 -> 0
2022-12-22 10:13:44,624 [c0744bfc-8c9a-4b67-b2fe-e4eb0bfece68-impl-thread1] INFO  impl.StateMachineUpdater (StateMachineUpdater.java:stopAndJoin(153)) - c0744bfc-8c9a-4b67-b2fe-e4eb0bfece68@group-1A0A2119317E-StateMachineUpdater: set stopIndex = 0
2022-12-22 10:13:44,625 [c0744bfc-8c9a-4b67-b2fe-e4eb0bfece68-impl-thread1] INFO  server.RaftServer$Division (ServerState.java:close(466)) - c0744bfc-8c9a-4b67-b2fe-e4eb0bfece68@group-1A0A2119317E: closes. applyIndex: 0
2022-12-22 10:13:44,626 [c0744bfc-8c9a-4b67-b2fe-e4eb0bfece68@group-1A0A2119317E-SegmentedRaftLogWorker] INFO  segmented.SegmentedRaftLogWorker (SegmentedRaftLogWorker.java:run(347)) - c0744bfc-8c9a-4b67-b2fe-e4eb0bfece68@group-1A0A2119317E-SegmentedRaftLogWorker was interrupted, exiting. There are 0 tasks remaining in the queue.
2022-12-22 10:13:44,629 [c0744bfc-8c9a-4b67-b2fe-e4eb0bfece68-impl-thread1] INFO  segmented.SegmentedRaftLogWorker (SegmentedRaftLogWorker.java:close(257)) - c0744bfc-8c9a-4b67-b2fe-e4eb0bfece68@group-1A0A2119317E-SegmentedRaftLogWorker close()
2022-12-22 10:13:44,632 [main] INFO  server.GrpcService (GrpcService.java:closeImpl(280)) - c0744bfc-8c9a-4b67-b2fe-e4eb0bfece68: shutdown server GrpcServerProtocolService successfully
2022-12-22 10:13:44,632 [c0744bfc-8c9a-4b67-b2fe-e4eb0bfece68-NettyServerStreamRpc-bossGroup--thread1] INFO  logging.LoggingHandler (AbstractInternalLogger.java:log(148)) - [id: 0xd6365d91, L:/0:0:0:0:0:0:0:0:44347] CLOSE
2022-12-22 10:13:44,632 [c0744bfc-8c9a-4b67-b2fe-e4eb0bfece68-NettyServerStreamRpc-bossGroup--thread1] INFO  logging.LoggingHandler (AbstractInternalLogger.java:log(148)) - [id: 0xd6365d91, L:/0:0:0:0:0:0:0:0:44347] INACTIVE
2022-12-22 10:13:44,632 [c0744bfc-8c9a-4b67-b2fe-e4eb0bfece68-NettyServerStreamRpc-bossGroup--thread1] INFO  logging.LoggingHandler (AbstractInternalLogger.java:log(148)) - [id: 0xd6365d91, L:/0:0:0:0:0:0:0:0:44347] UNREGISTERED
2022-12-22 10:13:44,642 [JvmPauseMonitor0] INFO  util.JvmPauseMonitor (JvmPauseMonitor.java:run(111)) - JvmPauseMonitor-c0744bfc-8c9a-4b67-b2fe-e4eb0bfece68: Stopped
2022-12-22 10:13:44,642 [main] WARN  server.ServerUtils (ServerUtils.java:getScmDbDir(148)) - ozone.scm.db.dirs is not configured. We recommend adding this setting. Falling back to ozone.metadata.dirs instead.
2022-12-22 10:13:44,646 [main] INFO  server.StorageContainerManager (StorageContainerManager.java:scmInit(1230)) - SCM initialization succeeded. Current cluster id for sd=/home/runner/work/ozone/ozone/hadoop-ozone/integration-test/target/test-dir/MiniOzoneClusterImpl-25092133-3ddf-4dd3-9c34-1a0a2119317e/scmNode-1/scm; cid=25092133-3ddf-4dd3-9c34-1a0a2119317e; layoutVersion=4; scmId=c0744bfc-8c9a-4b67-b2fe-e4eb0bfece68
2022-12-22 10:13:44,655 [main] WARN  server.ServerUtils (ServerUtils.java:getScmDbDir(148)) - ozone.scm.db.dirs is not configured. We recommend adding this setting. Falling back to ozone.metadata.dirs instead.
2022-12-22 10:13:44,656 [main] INFO  ha.SCMHANodeDetails (SCMHANodeDetails.java:loadSCMHAConfig(209)) - ServiceID for StorageContainerManager is scmServiceId
2022-12-22 10:13:44,656 [main] INFO  ha.SCMHANodeDetails (SCMHANodeDetails.java:loadSCMHAConfig(220)) - ServiceID for StorageContainerManager is scmServiceId
2022-12-22 10:13:44,656 [main] INFO  ha.SCMHANodeDetails (SCMHANodeDetails.java:loadSCMHAConfig(307)) - Found matching SCM address with SCMServiceId: scmServiceId, SCMNodeId: scmNode-1, RPC Address: localhost:45753 and Ratis port: 45753
2022-12-22 10:13:44,656 [main] INFO  ha.SCMHANodeDetails (ConfUtils.java:setNodeSpecificConfigs(97)) - Setting configuration key ozone.scm.datanode.address with value of key ozone.scm.datanode.address.scmServiceId.scmNode-1: 127.0.0.1:42129
2022-12-22 10:13:44,656 [main] INFO  ha.SCMHANodeDetails (ConfUtils.java:setNodeSpecificConfigs(97)) - Setting configuration key ozone.scm.block.client.address with value of key ozone.scm.block.client.address.scmServiceId.scmNode-1: 127.0.0.1:35153
2022-12-22 10:13:44,657 [main] INFO  ha.SCMHANodeDetails (ConfUtils.java:setNodeSpecificConfigs(97)) - Setting configuration key ozone.scm.client.address with value of key ozone.scm.client.address.scmServiceId.scmNode-1: 127.0.0.1:42459
2022-12-22 10:13:44,657 [main] INFO  ha.SCMHANodeDetails (ConfUtils.java:setNodeSpecificConfigs(97)) - Setting configuration key ozone.scm.ratis.port with value of key ozone.scm.ratis.port.scmServiceId.scmNode-1: 45753
2022-12-22 10:13:44,657 [main] INFO  ha.SCMHANodeDetails (ConfUtils.java:setNodeSpecificConfigs(97)) - Setting configuration key ozone.scm.grpc.port with value of key ozone.scm.grpc.port.scmServiceId.scmNode-1: 42329
2022-12-22 10:13:44,657 [main] INFO  ha.SCMHANodeDetails (ConfUtils.java:setNodeSpecificConfigs(97)) - Setting configuration key ozone.scm.http-address with value of key ozone.scm.http-address.scmServiceId.scmNode-1: 127.0.0.1:45891
2022-12-22 10:13:44,657 [main] INFO  ha.SCMHANodeDetails (ConfUtils.java:setNodeSpecificConfigs(97)) - Setting configuration key ozone.scm.https-address with value of key ozone.scm.https-address.scmServiceId.scmNode-1: 127.0.0.1:41659
2022-12-22 10:13:44,657 [main] INFO  ha.SCMHANodeDetails (ConfUtils.java:setNodeSpecificConfigs(97)) - Setting configuration key ozone.scm.address with value of key ozone.scm.address.scmServiceId.scmNode-1: 127.0.0.1
2022-12-22 10:13:44,657 [main] WARN  scm.ScmUtils (ScmUtils.java:logWarn(190)) - ConfigKey ozone.scm.block.client.address is deprecated, For configuring different ports for each SCM use PortConfigKey ozone.scm.block.client.port appended with serviceId and nodeId. If want to configure same port configure ozone.scm.block.client.port
2022-12-22 10:13:44,658 [main] WARN  scm.ScmUtils (ScmUtils.java:logWarn(190)) - ConfigKey ozone.scm.client.address is deprecated, For configuring different ports for each SCM use PortConfigKey ozone.scm.client.port appended with serviceId and nodeId. If want to configure same port configure ozone.scm.client.port
2022-12-22 10:13:44,658 [main] WARN  scm.ScmUtils (ScmUtils.java:logWarn(190)) - ConfigKey ozone.scm.datanode.address is deprecated, For configuring different ports for each SCM use PortConfigKey ozone.scm.datanode.port appended with serviceId and nodeId. If want to configure same port configure ozone.scm.datanode.port
2022-12-22 10:13:44,960 [main] WARN  utils.HAUtils (HAUtils.java:getMetaDir(342)) - ozone.scm.db.dirs is not configured. We recommend adding this setting. Falling back to ozone.metadata.dirs instead.
2022-12-22 10:13:45,089 [main] WARN  db.DBStoreBuilder (DBStoreBuilder.java:applyDBDefinition(144)) - ozone.scm.db.dirs is not configured. We recommend adding this setting. Falling back to ozone.metadata.dirs instead.
2022-12-22 10:13:45,256 [main] INFO  net.NodeSchemaLoader (NodeSchemaLoader.java:loadSchemaFromFile(129)) - Loading schema from [jar:file:/home/runner/.m2/repository/org/apache/ozone/hdds-common/1.3.0-SNAPSHOT/hdds-common-1.3.0-SNAPSHOT.jar!/network-topology-default.xml]
2022-12-22 10:13:45,258 [main] INFO  net.NodeSchemaLoader (NodeSchemaLoader.java:loadSchema(176)) - Loading network topology layer schema file
2022-12-22 10:13:45,387 [main] WARN  impl.MetricRegistriesImpl (MetricRegistriesImpl.java:addReporterRegistration(111)) - New reporters are added after registries were created. Some metrics will be missing from the reporter. Please add reporter before adding any new registry.
2022-12-22 10:13:45,387 [main] WARN  impl.MetricRegistriesImpl (MetricRegistriesImpl.java:addReporterRegistration(111)) - New reporters are added after registries were created. Some metrics will be missing from the reporter. Please add reporter before adding any new registry.
2022-12-22 10:13:45,396 [main] INFO  ha.SCMRatisServerImpl (SCMRatisServerImpl.java:<init>(87)) - starting Raft server for scm:c0744bfc-8c9a-4b67-b2fe-e4eb0bfece68
2022-12-22 10:13:45,399 [main] INFO  server.RaftServer (ConfUtils.java:logGet(46)) - raft.rpc.type = GRPC (default)
2022-12-22 10:13:45,399 [main] INFO  grpc.GrpcConfigKeys (ConfUtils.java:logFallback(53)) - raft.grpc.admin.host = null (fallback to raft.grpc.server.host)
2022-12-22 10:13:45,399 [main] INFO  grpc.GrpcConfigKeys (ConfUtils.java:logFallback(53)) - raft.grpc.admin.port = 45753 (fallback to raft.grpc.server.port)
2022-12-22 10:13:45,400 [main] INFO  grpc.GrpcConfigKeys (ConfUtils.java:logFallback(53)) - raft.grpc.client.host = null (fallback to raft.grpc.server.host)
2022-12-22 10:13:45,400 [main] INFO  grpc.GrpcConfigKeys (ConfUtils.java:logFallback(53)) - raft.grpc.client.port = 45753 (fallback to raft.grpc.server.port)
2022-12-22 10:13:45,400 [main] INFO  grpc.GrpcConfigKeys (ConfUtils.java:logGet(46)) - raft.grpc.server.host = null (default)
2022-12-22 10:13:45,400 [main] INFO  grpc.GrpcConfigKeys (ConfUtils.java:logGet(46)) - raft.grpc.server.port = 45753 (custom)
2022-12-22 10:13:45,400 [main] INFO  server.GrpcService (ConfUtils.java:logGet(46)) - raft.grpc.message.size.max = 32m (=33554432) (custom)
2022-12-22 10:13:45,400 [main] INFO  server.RaftServerConfigKeys (ConfUtils.java:logGet(46)) - raft.server.log.appender.buffer.byte-limit = 33554432 (custom)
2022-12-22 10:13:45,401 [main] INFO  server.GrpcService (ConfUtils.java:logGet(46)) - raft.grpc.flow.control.window = 1MB (=1048576) (default)
2022-12-22 10:13:45,401 [main] INFO  server.RaftServerConfigKeys (ConfUtils.java:logGet(46)) - raft.server.rpc.request.timeout = 30000ms (custom)
2022-12-22 10:13:45,401 [main] INFO  grpc.GrpcConfigKeys (ConfUtils.java:logGet(46)) - raft.grpc.server.heartbeat.channel = true (default)
2022-12-22 10:13:45,401 [main] INFO  grpc.GrpcConfigKeys (ConfUtils.java:logGet(46)) - raft.grpc.server.async.request.thread.pool.cached = true (default)
2022-12-22 10:13:45,401 [main] INFO  grpc.GrpcConfigKeys (ConfUtils.java:logGet(46)) - raft.grpc.server.async.request.thread.pool.size = 32 (default)
2022-12-22 10:13:45,402 [main] INFO  impl.DataStreamServerImpl (ConfUtils.java:logGet(46)) - raft.datastream.type = NETTY (custom)
2022-12-22 10:13:45,402 [main] INFO  server.RaftServerConfigKeys (ConfUtils.java:logGet(46)) - raft.server.data-stream.async.request.thread.pool.cached = false (default)
2022-12-22 10:13:45,403 [main] INFO  server.RaftServerConfigKeys (ConfUtils.java:logGet(46)) - raft.server.data-stream.async.request.thread.pool.size = 32 (default)
2022-12-22 10:13:45,403 [main] INFO  server.RaftServerConfigKeys (ConfUtils.java:logGet(46)) - raft.server.data-stream.async.write.thread.pool.size = 16 (default)
2022-12-22 10:13:45,403 [main] INFO  server.RaftServerConfigKeys (ConfUtils.java:logGet(46)) - raft.server.data-stream.client.pool.size = 10 (default)
2022-12-22 10:13:45,403 [main] INFO  netty.NettyConfigKeys$DataStream (ConfUtils.java:logGet(46)) - raft.netty.dataStream.server.use-epoll = false (default)
2022-12-22 10:13:45,405 [main] INFO  netty.NettyConfigKeys$DataStream (ConfUtils.java:logGet(46)) - raft.netty.dataStream.server.boss-group.size = 0 (default)
2022-12-22 10:13:45,405 [main] INFO  netty.NettyConfigKeys$DataStream (ConfUtils.java:logGet(46)) - raft.netty.dataStream.server.worker-group.size = 0 (default)
2022-12-22 10:13:45,406 [main] INFO  netty.NettyConfigKeys$DataStream (ConfUtils.java:logGet(46)) - raft.netty.dataStream.server.tls.conf = null (default)
2022-12-22 10:13:45,406 [main] INFO  netty.NettyConfigKeys$DataStream (ConfUtils.java:logGet(46)) - raft.netty.dataStream.host = null (default)
2022-12-22 10:13:45,406 [main] INFO  netty.NettyConfigKeys$DataStream (ConfUtils.java:logGet(46)) - raft.netty.dataStream.port = 0 (default)
2022-12-22 10:13:45,407 [main] INFO  server.RaftServerConfigKeys (ConfUtils.java:logGet(46)) - raft.server.threadpool.proxy.cached = true (default)
2022-12-22 10:13:45,407 [main] INFO  server.RaftServerConfigKeys (ConfUtils.java:logGet(46)) - raft.server.threadpool.proxy.size = 0 (default)
2022-12-22 10:13:45,407 [main] INFO  server.RaftServerConfigKeys (ConfUtils.java:logGet(46)) - raft.server.rpc.slowness.timeout = 120000ms (custom)
2022-12-22 10:13:45,407 [main] INFO  server.RaftServerConfigKeys (ConfUtils.java:logGet(46)) - raft.server.leaderelection.leader.step-down.wait-time = 10s (default)
2022-12-22 10:13:45,407 [main] INFO  server.RaftServerConfigKeys (ConfUtils.java:logGet(46)) - raft.server.storage.dir = [/home/runner/work/ozone/ozone/hadoop-ozone/integration-test/target/test-dir/MiniOzoneClusterImpl-25092133-3ddf-4dd3-9c34-1a0a2119317e/scmNode-1/scm-ha] (custom)
2022-12-22 10:13:45,416 [c0744bfc-8c9a-4b67-b2fe-e4eb0bfece68-impl-thread1] INFO  server.RaftServer (RaftServerProxy.java:initGroupDir(251)) - c0744bfc-8c9a-4b67-b2fe-e4eb0bfece68: found a subdirectory /home/runner/work/ozone/ozone/hadoop-ozone/integration-test/target/test-dir/MiniOzoneClusterImpl-25092133-3ddf-4dd3-9c34-1a0a2119317e/scmNode-1/scm-ha/25092133-3ddf-4dd3-9c34-1a0a2119317e
2022-12-22 10:13:45,417 [main] INFO  server.RaftServer (RaftServerProxy.java:addNew(96)) - c0744bfc-8c9a-4b67-b2fe-e4eb0bfece68: addNew group-1A0A2119317E:[] returns group-1A0A2119317E:java.util.concurrent.CompletableFuture@de77146[Not completed]
2022-12-22 10:13:45,421 [c0744bfc-8c9a-4b67-b2fe-e4eb0bfece68-NettyServerStreamRpc-bossGroup--thread1] INFO  logging.LoggingHandler (AbstractInternalLogger.java:log(148)) - [id: 0xbe50e216] REGISTERED
2022-12-22 10:13:45,421 [c0744bfc-8c9a-4b67-b2fe-e4eb0bfece68-NettyServerStreamRpc-bossGroup--thread1] INFO  logging.LoggingHandler (AbstractInternalLogger.java:log(148)) - [id: 0xbe50e216] BIND: 0.0.0.0/0.0.0.0:0
2022-12-22 10:13:45,421 [c0744bfc-8c9a-4b67-b2fe-e4eb0bfece68-NettyServerStreamRpc-bossGroup--thread1] INFO  logging.LoggingHandler (AbstractInternalLogger.java:log(148)) - [id: 0xbe50e216, L:/0:0:0:0:0:0:0:0:36211] ACTIVE
2022-12-22 10:13:45,423 [pool-19-thread-1] INFO  server.RaftServer$Division (RaftServerImpl.java:<init>(195)) - c0744bfc-8c9a-4b67-b2fe-e4eb0bfece68: new RaftServerImpl for group-1A0A2119317E:[] with SCMStateMachine:uninitialized
2022-12-22 10:13:45,425 [pool-19-thread-1] INFO  server.RaftServerConfigKeys (ConfUtils.java:logGet(46)) - raft.server.rpc.timeout.min = 5000ms (custom)
2022-12-22 10:13:45,425 [pool-19-thread-1] INFO  server.RaftServerConfigKeys (ConfUtils.java:logGet(46)) - raft.server.rpc.timeout.max = 5200ms (custom)
2022-12-22 10:13:45,425 [pool-19-thread-1] INFO  server.RaftServerConfigKeys (ConfUtils.java:logGet(46)) - raft.server.rpc.sleep.time = 25ms (default)
2022-12-22 10:13:45,425 [pool-19-thread-1] INFO  server.RaftServerConfigKeys (ConfUtils.java:logGet(46)) - raft.server.rpc.slowness.timeout = 120000ms (custom)
2022-12-22 10:13:45,425 [pool-19-thread-1] INFO  server.RaftServerConfigKeys (ConfUtils.java:logGet(46)) - raft.server.leaderelection.leader.step-down.wait-time = 10s (default)
2022-12-22 10:13:45,428 [pool-19-thread-1] INFO  server.RaftServerConfigKeys (ConfUtils.java:logGet(46)) - raft.server.sleep.deviation.threshold = 300ms (default)
2022-12-22 10:13:45,428 [pool-19-thread-1] INFO  server.RaftServer$Division (ServerState.java:<init>(118)) - c0744bfc-8c9a-4b67-b2fe-e4eb0bfece68@group-1A0A2119317E: ConfigurationManager, init=-1: peers:[]|listeners:[], old=null, confs=<EMPTY_MAP>
2022-12-22 10:13:45,428 [pool-19-thread-1] INFO  server.RaftServerConfigKeys (ConfUtils.java:logGet(46)) - raft.server.storage.dir = [/home/runner/work/ozone/ozone/hadoop-ozone/integration-test/target/test-dir/MiniOzoneClusterImpl-25092133-3ddf-4dd3-9c34-1a0a2119317e/scmNode-1/scm-ha] (custom)
2022-12-22 10:13:45,429 [pool-19-thread-1] INFO  server.RaftServerConfigKeys (ConfUtils.java:logGet(46)) - raft.server.log.corruption.policy = EXCEPTION (default)
2022-12-22 10:13:45,429 [pool-19-thread-1] INFO  server.RaftServerConfigKeys (ConfUtils.java:logGet(46)) - raft.server.storage.free-space.min = 0MB (=0) (default)
2022-12-22 10:13:45,429 [pool-19-thread-1] INFO  server.RaftServerConfigKeys (ConfUtils.java:logGet(46)) - raft.server.notification.no-leader.timeout = 60s (default)
2022-12-22 10:13:45,429 [pool-19-thread-1] INFO  server.RaftServerConfigKeys (ConfUtils.java:logGet(46)) - raft.server.retrycache.expirytime = 60000ms (default)
2022-12-22 10:13:45,429 [pool-19-thread-1] INFO  server.RaftServerConfigKeys (ConfUtils.java:logGet(46)) - raft.server.retrycache.statistics.expirytime = 100μs (default)
2022-12-22 10:13:45,434 [pool-19-thread-1] INFO  server.RaftServerConfigKeys (ConfUtils.java:logGet(46)) - raft.server.log.appender.install.snapshot.enabled = false (custom)
2022-12-22 10:13:45,434 [pool-19-thread-1] INFO  server.RaftServerConfigKeys (ConfUtils.java:logGet(46)) - raft.server.threadpool.server.cached = true (default)
2022-12-22 10:13:45,435 [pool-19-thread-1] INFO  server.RaftServerConfigKeys (ConfUtils.java:logGet(46)) - raft.server.threadpool.server.size = 0 (default)
2022-12-22 10:13:45,435 [pool-19-thread-1] INFO  server.RaftServerConfigKeys (ConfUtils.java:logGet(46)) - raft.server.threadpool.client.cached = true (default)
2022-12-22 10:13:45,435 [pool-19-thread-1] INFO  server.RaftServerConfigKeys (ConfUtils.java:logGet(46)) - raft.server.threadpool.client.size = 0 (default)
2022-12-22 10:13:45,436 [main] INFO  ha.SCMSnapshotProvider (SCMSnapshotProvider.java:<init>(66)) - Initializing SCM Snapshot Provider
2022-12-22 10:13:45,436 [main] WARN  server.ServerUtils (ServerUtils.java:getDefaultRatisDirectory(237)) - Storage directory for Ratis is not configured. It is a good idea to map this to an SSD disk. Falling back to ozone.metadata.dirs
2022-12-22 10:13:45,437 [main] WARN  ha.SCMHAUtils (SCMHAUtils.java:getSCMRatisSnapshotDirectory(153)) - SCM snapshot dir is not configured. Falling back to ozone.metadata.dirs config
2022-12-22 10:13:45,464 [main] INFO  upgrade.AbstractLayoutVersionManager (AbstractLayoutVersionManager.java:init(83)) - Initializing Layout version manager with metadata layout = DATANODE_SCHEMA_V3 (version = 4), software layout = DATANODE_SCHEMA_V3 (version = 4)
2022-12-22 10:13:45,628 [main] INFO  reflections.Reflections (Reflections.java:scan(232)) - Reflections took 137 ms to scan 7 urls, producing 146 keys and 348 values 
2022-12-22 10:13:45,712 [main] INFO  ha.SequenceIdGenerator (SequenceIdGenerator.java:upgradeToSequenceId(349)) - upgrade localId to 109611004723200000
2022-12-22 10:13:45,712 [main] INFO  ha.SequenceIdGenerator (SequenceIdGenerator.java:upgradeToSequenceId(359)) - upgrade delTxnId to 0
2022-12-22 10:13:45,720 [main] INFO  ha.SequenceIdGenerator (SequenceIdGenerator.java:upgradeToSequenceId(376)) - upgrade containerId to 0
2022-12-22 10:13:45,722 [main] INFO  ha.SequenceIdGenerator (SequenceIdGenerator.java:<init>(220)) - Init the HA SequenceIdGenerator.
2022-12-22 10:13:45,775 [main] INFO  node.SCMNodeManager (SCMNodeManager.java:<init>(149)) - Entering startup safe mode.
2022-12-22 10:13:45,839 [main] INFO  algorithms.ContainerPlacementPolicyFactory (ContainerPlacementPolicyFactory.java:getPolicyInternal(86)) - Create container placement policy of type org.apache.hadoop.hdds.scm.container.placement.algorithms.SCMContainerPlacementRandom
2022-12-22 10:13:45,841 [main] INFO  algorithms.ContainerPlacementPolicyFactory (ContainerPlacementPolicyFactory.java:getPolicyInternal(86)) - Create container placement policy of type org.apache.hadoop.hdds.scm.container.placement.algorithms.SCMContainerPlacementRackScatter
2022-12-22 10:13:45,848 [main] INFO  pipeline.PipelineStateManagerImpl (PipelineStateManagerImpl.java:initialize(78)) - No pipeline exists in current db
2022-12-22 10:13:45,875 [main] INFO  algorithms.LeaderChoosePolicyFactory (LeaderChoosePolicyFactory.java:getPolicy(57)) - Create leader choose policy of type org.apache.hadoop.hdds.scm.pipeline.leader.choose.algorithms.MinLeaderCountChoosePolicy
2022-12-22 10:13:45,876 [main] INFO  algorithms.ContainerPlacementPolicyFactory (ContainerPlacementPolicyFactory.java:getPolicyInternal(86)) - Create container placement policy of type org.apache.hadoop.hdds.scm.container.placement.algorithms.SCMContainerPlacementRackScatter
2022-12-22 10:13:45,880 [main] INFO  ha.SCMServiceManager (SCMServiceManager.java:register(42)) - Registering service BackgroundPipelineCreator.
2022-12-22 10:13:45,881 [main] INFO  pipeline.BackgroundPipelineCreator (BackgroundPipelineCreator.java:start(124)) - Starting RatisPipelineUtilsThread.
2022-12-22 10:13:45,883 [main] INFO  BackgroundPipelineScrubber (BackgroundSCMService.java:start(68)) - Starting BackgroundPipelineScrubber Service.
2022-12-22 10:13:45,885 [main] INFO  ha.SCMServiceManager (SCMServiceManager.java:register(42)) - Registering service BackgroundPipelineScrubber.
2022-12-22 10:13:45,890 [main] INFO  ExpiredContainerReplicaOpScrubber (BackgroundSCMService.java:start(68)) - Starting ExpiredContainerReplicaOpScrubber Service.
2022-12-22 10:13:45,897 [main] INFO  ha.SCMServiceManager (SCMServiceManager.java:register(42)) - Registering service ExpiredContainerReplicaOpScrubber.
2022-12-22 10:13:45,936 [main] INFO  algorithms.PipelineChoosePolicyFactory (PipelineChoosePolicyFactory.java:createPipelineChoosePolicyFromClass(73)) - Create pipeline choose policy of type org.apache.hadoop.hdds.scm.pipeline.choose.algorithms.RandomPipelineChoosePolicy
2022-12-22 10:13:45,957 [main] INFO  ha.SCMServiceManager (SCMServiceManager.java:register(42)) - Registering service SCMBlockDeletingService.
2022-12-22 10:13:46,013 [main] INFO  replication.ReplicationManager (ReplicationManager.java:start(261)) - Starting Replication Monitor Thread.
2022-12-22 10:13:46,022 [main] INFO  ha.SCMServiceManager (SCMServiceManager.java:register(42)) - Registering service ReplicationManager.
2022-12-22 10:13:46,028 [ReplicationMonitor] INFO  replication.ReplicationManager (ReplicationManager.java:processAll(330)) - Replication Manager is not ready to run until 300000ms after safemode exit
2022-12-22 10:13:46,037 [main] INFO  safemode.ContainerSafeModeRule (ContainerSafeModeRule.java:<init>(89)) - containers with one replica threshold count 0
2022-12-22 10:13:46,041 [main] INFO  safemode.HealthyPipelineSafeModeRule (HealthyPipelineSafeModeRule.java:initializeRule(169)) - Total pipeline count is 0, healthy pipeline threshold count is 1
2022-12-22 10:13:46,046 [main] INFO  safemode.OneReplicaPipelineSafeModeRule (OneReplicaPipelineSafeModeRule.java:initializeRule(180)) - Total pipeline count is 0, pipeline's with at least one datanode reported threshold count is 0
2022-12-22 10:13:46,318 [main] INFO  audit.AuditLogger (AuditLogger.java:refreshDebugCmdSet(126)) - Refresh DebugCmdSet for SCMAudit to [].
2022-12-22 10:13:46,353 [main] INFO  ipc.CallQueueManager (CallQueueManager.java:<init>(90)) - Using callQueue: class java.util.concurrent.LinkedBlockingQueue, queueCapacity: 10000, scheduler: class org.apache.hadoop.ipc.DefaultRpcScheduler, ipcBackoff: false.
2022-12-22 10:13:46,406 [Socket Reader #1 for port 42129] INFO  ipc.Server (Server.java:run(1273)) - Starting Socket Reader #1 for port 42129
2022-12-22 10:13:46,466 [Listener at 0.0.0.0/42129] INFO  audit.AuditLogger (AuditLogger.java:refreshDebugCmdSet(126)) - Refresh DebugCmdSet for SCMAudit to [].
2022-12-22 10:13:46,471 [Listener at 0.0.0.0/42129] INFO  ipc.CallQueueManager (CallQueueManager.java:<init>(90)) - Using callQueue: class java.util.concurrent.LinkedBlockingQueue, queueCapacity: 10000, scheduler: class org.apache.hadoop.ipc.DefaultRpcScheduler, ipcBackoff: false.
2022-12-22 10:13:46,471 [Socket Reader #1 for port 35153] INFO  ipc.Server (Server.java:run(1273)) - Starting Socket Reader #1 for port 35153
2022-12-22 10:13:46,507 [Listener at 0.0.0.0/35153] INFO  audit.AuditLogger (AuditLogger.java:refreshDebugCmdSet(126)) - Refresh DebugCmdSet for SCMAudit to [].
2022-12-22 10:13:46,518 [Listener at 0.0.0.0/35153] INFO  ipc.CallQueueManager (CallQueueManager.java:<init>(90)) - Using callQueue: class java.util.concurrent.LinkedBlockingQueue, queueCapacity: 10000, scheduler: class org.apache.hadoop.ipc.DefaultRpcScheduler, ipcBackoff: false.
2022-12-22 10:13:46,519 [Socket Reader #1 for port 42459] INFO  ipc.Server (Server.java:run(1273)) - Starting Socket Reader #1 for port 42459
2022-12-22 10:13:46,565 [Listener at 0.0.0.0/42459] INFO  ha.SCMServiceManager (SCMServiceManager.java:register(42)) - Registering service ContainerBalancer.
2022-12-22 10:13:46,567 [Listener at 0.0.0.0/42459] INFO  server.StorageContainerManager (StorageContainerManager.java:<init>(398)) - 
Container Balancer status:
Key                            Value
Running                        true
Container Balancer Configuration values:
Key                                                Value
Threshold                                          10
Max Datanodes to Involve per Iteration(percent)    20
Max Size to Move per Iteration                     500GB
Max Size Entering Target per Iteration             26GB
Max Size Leaving Source per Iteration              26GB

2022-12-22 10:13:46,568 [Listener at 0.0.0.0/42459] INFO  ha.SCMContext (SCMContext.java:updateSafeModeStatus(228)) - Update SafeModeStatus from SafeModeStatus{safeModeStatus=true, preCheckPassed=false} to SafeModeStatus{safeModeStatus=true, preCheckPassed=false}.
2022-12-22 10:13:46,572 [Listener at 0.0.0.0/42459] INFO  server.StorageContainerManager (StorageContainerManager.java:start(1423)) - StorageContainerLocationProtocol RPC server is listening at /0.0.0.0:42459
2022-12-22 10:13:46,575 [Listener at 0.0.0.0/42459] INFO  ha.SCMRatisServerImpl (SCMRatisServerImpl.java:start(178)) - starting ratis server 0.0.0.0:45753
2022-12-22 10:13:46,576 [c0744bfc-8c9a-4b67-b2fe-e4eb0bfece68-impl-thread1] INFO  storage.RaftStorageDirectory (RaftStorageDirectoryImpl.java:tryLock(231)) - Lock on /home/runner/work/ozone/ozone/hadoop-ozone/integration-test/target/test-dir/MiniOzoneClusterImpl-25092133-3ddf-4dd3-9c34-1a0a2119317e/scmNode-1/scm-ha/25092133-3ddf-4dd3-9c34-1a0a2119317e/in_use.lock acquired by nodename 33150@fv-az345-686
2022-12-22 10:13:46,577 [c0744bfc-8c9a-4b67-b2fe-e4eb0bfece68-impl-thread1] INFO  storage.RaftStorage (RaftStorageImpl.java:analyzeAndRecoverStorage(117)) - Read RaftStorageMetadata{term=1, votedFor=c0744bfc-8c9a-4b67-b2fe-e4eb0bfece68} from /home/runner/work/ozone/ozone/hadoop-ozone/integration-test/target/test-dir/MiniOzoneClusterImpl-25092133-3ddf-4dd3-9c34-1a0a2119317e/scmNode-1/scm-ha/25092133-3ddf-4dd3-9c34-1a0a2119317e/current/raft-meta
2022-12-22 10:13:46,580 [c0744bfc-8c9a-4b67-b2fe-e4eb0bfece68-impl-thread1] INFO  server.RaftServer$Division (ServerState.java:setRaftConf(430)) - c0744bfc-8c9a-4b67-b2fe-e4eb0bfece68@group-1A0A2119317E: set configuration 0: peers:[c0744bfc-8c9a-4b67-b2fe-e4eb0bfece68|rpc:localhost:45753|admin:|client:|dataStream:|priority:0|startupRole:FOLLOWER]|listeners:[], old=null
2022-12-22 10:13:46,580 [c0744bfc-8c9a-4b67-b2fe-e4eb0bfece68-impl-thread1] INFO  server.RaftServerConfigKeys (ConfUtils.java:logGet(46)) - raft.server.log.use.memory = false (default)
2022-12-22 10:13:46,580 [c0744bfc-8c9a-4b67-b2fe-e4eb0bfece68-impl-thread1] INFO  server.RaftServerConfigKeys (ConfUtils.java:logGet(46)) - raft.server.log.purge.gap = 1000000 (custom)
2022-12-22 10:13:46,580 [c0744bfc-8c9a-4b67-b2fe-e4eb0bfece68-impl-thread1] INFO  server.RaftServerConfigKeys (ConfUtils.java:logGet(46)) - raft.server.log.appender.buffer.byte-limit = 33554432 (custom)
2022-12-22 10:13:46,582 [c0744bfc-8c9a-4b67-b2fe-e4eb0bfece68-impl-thread1] INFO  server.RaftServerConfigKeys (ConfUtils.java:logGet(46)) - raft.server.log.statemachine.data.read.timeout = 1000ms (default)
2022-12-22 10:13:46,582 [c0744bfc-8c9a-4b67-b2fe-e4eb0bfece68-impl-thread1] INFO  server.RaftServerConfigKeys (ConfUtils.java:logGet(46)) - raft.server.log.purge.preservation.log.num = 0 (default)
2022-12-22 10:13:46,584 [c0744bfc-8c9a-4b67-b2fe-e4eb0bfece68-impl-thread1] INFO  server.RaftServerConfigKeys (ConfUtils.java:logGet(46)) - raft.server.log.segment.size.max = 4194304 (custom)
2022-12-22 10:13:46,584 [c0744bfc-8c9a-4b67-b2fe-e4eb0bfece68-impl-thread1] INFO  server.RaftServerConfigKeys (ConfUtils.java:logGet(46)) - raft.server.log.segment.cache.num.max = 2 (custom)
2022-12-22 10:13:46,584 [c0744bfc-8c9a-4b67-b2fe-e4eb0bfece68-impl-thread1] INFO  server.RaftServerConfigKeys (ConfUtils.java:logGet(46)) - raft.server.log.segment.cache.size.max = 200MB (=209715200) (default)
2022-12-22 10:13:46,585 [c0744bfc-8c9a-4b67-b2fe-e4eb0bfece68-impl-thread1] INFO  segmented.SegmentedRaftLogWorker (SegmentedRaftLogWorker.java:<init>(189)) - new c0744bfc-8c9a-4b67-b2fe-e4eb0bfece68@group-1A0A2119317E-SegmentedRaftLogWorker for RaftStorageImpl:Storage Directory /home/runner/work/ozone/ozone/hadoop-ozone/integration-test/target/test-dir/MiniOzoneClusterImpl-25092133-3ddf-4dd3-9c34-1a0a2119317e/scmNode-1/scm-ha/25092133-3ddf-4dd3-9c34-1a0a2119317e
2022-12-22 10:13:46,585 [c0744bfc-8c9a-4b67-b2fe-e4eb0bfece68-impl-thread1] INFO  server.RaftServerConfigKeys (ConfUtils.java:logGet(46)) - raft.server.log.queue.byte-limit = 64MB (=67108864) (default)
2022-12-22 10:13:46,585 [c0744bfc-8c9a-4b67-b2fe-e4eb0bfece68-impl-thread1] INFO  server.RaftServerConfigKeys (ConfUtils.java:logGet(46)) - raft.server.log.queue.element-limit = 4096 (default)
2022-12-22 10:13:46,585 [c0744bfc-8c9a-4b67-b2fe-e4eb0bfece68-impl-thread1] INFO  server.RaftServerConfigKeys (ConfUtils.java:logGet(46)) - raft.server.log.segment.size.max = 4194304 (custom)
2022-12-22 10:13:46,585 [c0744bfc-8c9a-4b67-b2fe-e4eb0bfece68-impl-thread1] INFO  server.RaftServerConfigKeys (ConfUtils.java:logGet(46)) - raft.server.log.preallocated.size = 4194304 (custom)
2022-12-22 10:13:46,585 [c0744bfc-8c9a-4b67-b2fe-e4eb0bfece68-impl-thread1] INFO  server.RaftServerConfigKeys (ConfUtils.java:logGet(46)) - raft.server.log.force.sync.num = 128 (default)
2022-12-22 10:13:46,585 [c0744bfc-8c9a-4b67-b2fe-e4eb0bfece68-impl-thread1] INFO  server.RaftServerConfigKeys (ConfUtils.java:logGet(46)) - raft.server.log.statemachine.data.sync = true (default)
2022-12-22 10:13:46,585 [c0744bfc-8c9a-4b67-b2fe-e4eb0bfece68-impl-thread1] INFO  server.RaftServerConfigKeys (ConfUtils.java:logGet(46)) - raft.server.log.statemachine.data.sync.timeout = 10s (default)
2022-12-22 10:13:46,585 [c0744bfc-8c9a-4b67-b2fe-e4eb0bfece68-impl-thread1] INFO  server.RaftServerConfigKeys (ConfUtils.java:logGet(46)) - raft.server.log.statemachine.data.sync.timeout.retry = -1 (default)
2022-12-22 10:13:46,586 [c0744bfc-8c9a-4b67-b2fe-e4eb0bfece68-impl-thread1] INFO  server.RaftServerConfigKeys (ConfUtils.java:logGet(46)) - raft.server.log.write.buffer.size = 64KB (=65536) (default)
2022-12-22 10:13:46,587 [c0744bfc-8c9a-4b67-b2fe-e4eb0bfece68-impl-thread1] INFO  server.RaftServerConfigKeys (ConfUtils.java:logGet(46)) - raft.server.log.appender.buffer.byte-limit = 33554432 (custom)
2022-12-22 10:13:46,590 [c0744bfc-8c9a-4b67-b2fe-e4eb0bfece68-impl-thread1] INFO  server.RaftServerConfigKeys (ConfUtils.java:logGet(46)) - raft.server.log.unsafe-flush.enabled = false (default)
2022-12-22 10:13:46,590 [c0744bfc-8c9a-4b67-b2fe-e4eb0bfece68-impl-thread1] INFO  server.RaftServerConfigKeys (ConfUtils.java:logGet(46)) - raft.server.log.async-flush.enabled = false (default)
2022-12-22 10:13:46,590 [c0744bfc-8c9a-4b67-b2fe-e4eb0bfece68-impl-thread1] INFO  server.RaftServerConfigKeys (ConfUtils.java:logGet(46)) - raft.server.log.statemachine.data.caching.enabled = false (default)
2022-12-22 10:13:46,598 [c0744bfc-8c9a-4b67-b2fe-e4eb0bfece68-impl-thread1] INFO  server.RaftServer$Division (ServerState.java:setRaftConf(430)) - c0744bfc-8c9a-4b67-b2fe-e4eb0bfece68@group-1A0A2119317E: set configuration 0: peers:[c0744bfc-8c9a-4b67-b2fe-e4eb0bfece68|rpc:localhost:45753|admin:|client:|dataStream:|priority:0|startupRole:FOLLOWER]|listeners:[], old=null
2022-12-22 10:13:46,599 [c0744bfc-8c9a-4b67-b2fe-e4eb0bfece68-impl-thread1] INFO  segmented.LogSegment (LogSegment.java:loadSegment(173)) - Successfully read 1 entries from segment file /home/runner/work/ozone/ozone/hadoop-ozone/integration-test/target/test-dir/MiniOzoneClusterImpl-25092133-3ddf-4dd3-9c34-1a0a2119317e/scmNode-1/scm-ha/25092133-3ddf-4dd3-9c34-1a0a2119317e/current/log_inprogress_0
2022-12-22 10:13:46,600 [c0744bfc-8c9a-4b67-b2fe-e4eb0bfece68-impl-thread1] INFO  segmented.SegmentedRaftLogWorker (SegmentedRaftLogWorker.java:lambda$new$0(135)) - c0744bfc-8c9a-4b67-b2fe-e4eb0bfece68@group-1A0A2119317E-SegmentedRaftLogWorker: flushIndex: setUnconditionally 0 -> 0
2022-12-22 10:13:46,600 [c0744bfc-8c9a-4b67-b2fe-e4eb0bfece68-impl-thread1] INFO  segmented.SegmentedRaftLogWorker (SegmentedRaftLogWorker.java:lambda$new$0(135)) - c0744bfc-8c9a-4b67-b2fe-e4eb0bfece68@group-1A0A2119317E-SegmentedRaftLogWorker: safeCacheEvictIndex: setUnconditionally 0 -> -1
2022-12-22 10:13:46,600 [c0744bfc-8c9a-4b67-b2fe-e4eb0bfece68-impl-thread1] INFO  server.RaftServer$Division (RaftServerImpl.java:start(334)) - c0744bfc-8c9a-4b67-b2fe-e4eb0bfece68@group-1A0A2119317E: start as a follower, conf=0: peers:[c0744bfc-8c9a-4b67-b2fe-e4eb0bfece68|rpc:localhost:45753|admin:|client:|dataStream:|priority:0|startupRole:FOLLOWER]|listeners:[], old=null
2022-12-22 10:13:46,600 [c0744bfc-8c9a-4b67-b2fe-e4eb0bfece68-impl-thread1] INFO  server.RaftServer$Division (RaftServerImpl.java:setRole(321)) - c0744bfc-8c9a-4b67-b2fe-e4eb0bfece68@group-1A0A2119317E: changes role from      null to FOLLOWER at term 1 for startAsFollower
2022-12-22 10:13:46,600 [c0744bfc-8c9a-4b67-b2fe-e4eb0bfece68-impl-thread1] INFO  impl.RoleInfo (RoleInfo.java:updateAndGet(139)) - c0744bfc-8c9a-4b67-b2fe-e4eb0bfece68: start c0744bfc-8c9a-4b67-b2fe-e4eb0bfece68@group-1A0A2119317E-FollowerState
2022-12-22 10:13:46,601 [c0744bfc-8c9a-4b67-b2fe-e4eb0bfece68-impl-thread1] INFO  util.JmxRegister (JmxRegister.java:tryRegister(44)) - Successfully registered JMX Bean with object name Ratis:service=RaftServer,group=group-1A0A2119317E,id=c0744bfc-8c9a-4b67-b2fe-e4eb0bfece68
2022-12-22 10:13:46,601 [c0744bfc-8c9a-4b67-b2fe-e4eb0bfece68-impl-thread1] INFO  server.RaftServerConfigKeys (ConfUtils.java:logGet(46)) - raft.server.snapshot.auto.trigger.enabled = true (custom)
2022-12-22 10:13:46,601 [c0744bfc-8c9a-4b67-b2fe-e4eb0bfece68-impl-thread1] INFO  server.RaftServerConfigKeys (ConfUtils.java:logGet(46)) - raft.server.snapshot.auto.trigger.threshold = 1000 (custom)
2022-12-22 10:13:46,601 [c0744bfc-8c9a-4b67-b2fe-e4eb0bfece68-impl-thread1] INFO  server.RaftServerConfigKeys (ConfUtils.java:logGet(46)) - raft.server.snapshot.retention.file.num = -1 (default)
2022-12-22 10:13:46,601 [c0744bfc-8c9a-4b67-b2fe-e4eb0bfece68-impl-thread1] INFO  server.RaftServerConfigKeys (ConfUtils.java:logGet(46)) - raft.server.log.purge.upto.snapshot.index = false (default)
2022-12-22 10:13:46,603 [Listener at 0.0.0.0/42459] INFO  server.RaftServer (RaftServerProxy.java:startImpl(393)) - c0744bfc-8c9a-4b67-b2fe-e4eb0bfece68: start RPC server
2022-12-22 10:13:46,603 [c0744bfc-8c9a-4b67-b2fe-e4eb0bfece68@group-1A0A2119317E-FollowerState] INFO  server.RaftServerConfigKeys (ConfUtils.java:logFallback(53)) - raft.server.rpc.first-election.timeout.min = 5000ms (fallback to raft.server.rpc.timeout.min)
2022-12-22 10:13:46,605 [Listener at 0.0.0.0/42459] INFO  server.GrpcService (GrpcService.java:startImpl(262)) - c0744bfc-8c9a-4b67-b2fe-e4eb0bfece68: GrpcService started, listening on 45753
2022-12-22 10:13:46,605 [JvmPauseMonitor1] INFO  util.JvmPauseMonitor (JvmPauseMonitor.java:run(105)) - JvmPauseMonitor-c0744bfc-8c9a-4b67-b2fe-e4eb0bfece68: Started
2022-12-22 10:13:46,609 [c0744bfc-8c9a-4b67-b2fe-e4eb0bfece68@group-1A0A2119317E-FollowerState] INFO  server.RaftServerConfigKeys (ConfUtils.java:logFallback(53)) - raft.server.rpc.first-election.timeout.max = 5200ms (fallback to raft.server.rpc.timeout.max)
2022-12-22 10:13:46,617 [Listener at 0.0.0.0/42459] INFO  ha.SCMHAManagerImpl (SCMHAManagerImpl.java:start(121)) -  scm role is FOLLOWER peers [c0744bfc-8c9a-4b67-b2fe-e4eb0bfece68|rpc:localhost:45753|admin:|client:|dataStream:|priority:0|startupRole:FOLLOWER]
2022-12-22 10:13:46,617 [Listener at 0.0.0.0/42459] INFO  ha.InterSCMGrpcService (InterSCMGrpcProtocolService.java:start(94)) - Starting SCM Grpc Service at port 42329
2022-12-22 10:13:46,669 [Listener at 0.0.0.0/42459] WARN  impl.MetricsConfig (MetricsConfig.java:loadFirst(136)) - Cannot locate configuration: tried hadoop-metrics2-storagecontainermanager.properties,hadoop-metrics2.properties
2022-12-22 10:13:46,682 [Listener at 0.0.0.0/42459] INFO  impl.MetricsSystemImpl (MetricsSystemImpl.java:startTimer(378)) - Scheduled Metric snapshot period at 10 second(s).
2022-12-22 10:13:46,682 [Listener at 0.0.0.0/42459] INFO  impl.MetricsSystemImpl (MetricsSystemImpl.java:start(191)) - StorageContainerManager metrics system started
2022-12-22 10:13:46,892 [Listener at 0.0.0.0/42459] INFO  server.SCMClientProtocolServer (SCMClientProtocolServer.java:start(170)) - RPC server for Client  is listening at /0.0.0.0:42459
2022-12-22 10:13:46,893 [IPC Server Responder] INFO  ipc.Server (Server.java:run(1512)) - IPC Server Responder: starting
2022-12-22 10:13:46,897 [IPC Server listener on 42459] INFO  ipc.Server (Server.java:run(1352)) - IPC Server listener on 42459: starting
2022-12-22 10:13:46,910 [Listener at 0.0.0.0/42459] INFO  server.StorageContainerManager (StorageContainerManager.java:start(1437)) - ScmBlockLocationProtocol RPC server is listening at /0.0.0.0:35153
2022-12-22 10:13:46,911 [Listener at 0.0.0.0/42459] INFO  server.SCMBlockProtocolServer (SCMBlockProtocolServer.java:start(152)) - RPC server for Block Protocol is listening at /0.0.0.0:35153
2022-12-22 10:13:46,961 [IPC Server listener on 35153] INFO  ipc.Server (Server.java:run(1352)) - IPC Server listener on 35153: starting
2022-12-22 10:13:46,961 [IPC Server Responder] INFO  ipc.Server (Server.java:run(1512)) - IPC Server Responder: starting
2022-12-22 10:13:46,980 [org.apache.hadoop.util.JvmPauseMonitor$Monitor@3f7aa4f8] INFO  util.JvmPauseMonitor (JvmPauseMonitor.java:run(188)) - Starting JVM pause monitor
2022-12-22 10:13:46,998 [Listener at 0.0.0.0/42459] INFO  http.BaseHttpServer (BaseHttpServer.java:newHttpServer2BuilderForOzone(213)) - Starting Web-server for scm at: http://0.0.0.0:45891
2022-12-22 10:13:46,999 [Listener at 0.0.0.0/42459] INFO  http.BaseHttpServer (BaseHttpServer.java:<init>(108)) - Hadoop Security Enabled: false Ozone Security Enabled: false Ozone HTTP Security Enabled: false 
2022-12-22 10:13:47,021 [Listener at 0.0.0.0/42459] INFO  util.log (Log.java:initialized(170)) - Logging initialized @10753ms to org.eclipse.jetty.util.log.Slf4jLog
2022-12-22 10:13:47,102 [Listener at 0.0.0.0/42459] WARN  server.AuthenticationFilter (AuthenticationFilter.java:constructSecretProvider(240)) - Unable to initialize FileSignerSecretProvider, falling back to use random secrets. Reason: Could not read signature secret file: /home/runner/hadoop-http-auth-signature-secret
2022-12-22 10:13:47,111 [Listener at 0.0.0.0/42459] WARN  http.HttpRequestLog (HttpRequestLog.java:getRequestLog(103)) - Jetty request log can only be enabled using Log4j
2022-12-22 10:13:47,116 [Listener at 0.0.0.0/42459] INFO  http.HttpServer2 (HttpServer2.java:addGlobalFilter(1031)) - Added global filter 'safety' (class=org.apache.hadoop.hdds.server.http.HttpServer2$QuotingInputFilter)
2022-12-22 10:13:47,118 [Listener at 0.0.0.0/42459] INFO  http.HttpServer2 (HttpServer2.java:addFilter(1007)) - Added filter static_user_filter (class=org.apache.hadoop.http.lib.StaticUserWebFilter$StaticUserFilter) to context scm
2022-12-22 10:13:47,118 [Listener at 0.0.0.0/42459] INFO  http.HttpServer2 (HttpServer2.java:addFilter(1015)) - Added filter static_user_filter (class=org.apache.hadoop.http.lib.StaticUserWebFilter$StaticUserFilter) to context static
2022-12-22 10:13:47,118 [Listener at 0.0.0.0/42459] INFO  http.HttpServer2 (HttpServer2.java:addFilter(1015)) - Added filter static_user_filter (class=org.apache.hadoop.http.lib.StaticUserWebFilter$StaticUserFilter) to context logs
2022-12-22 10:13:47,150 [Listener at 0.0.0.0/42459] INFO  http.HttpServer2 (HttpServer2.java:bindListener(1250)) - Jetty bound to port 45891
2022-12-22 10:13:47,152 [Listener at 0.0.0.0/42459] INFO  server.Server (Server.java:doStart(375)) - jetty-9.4.49.v20220914; built: 2022-09-14T01:07:36.601Z; git: 4231a3b2e4cb8548a412a789936d640a97b1aa0a; jvm 1.8.0_352-b08
2022-12-22 10:13:47,178 [Listener at 0.0.0.0/42459] INFO  server.session (DefaultSessionIdManager.java:doStart(334)) - DefaultSessionIdManager workerName=node0
2022-12-22 10:13:47,179 [Listener at 0.0.0.0/42459] INFO  server.session (DefaultSessionIdManager.java:doStart(339)) - No SessionScavenger set, using defaults
2022-12-22 10:13:47,180 [Listener at 0.0.0.0/42459] INFO  server.session (HouseKeeper.java:startScavenging(132)) - node0 Scavenging every 600000ms
2022-12-22 10:13:47,190 [Listener at 0.0.0.0/42459] INFO  handler.ContextHandler (ContextHandler.java:doStart(921)) - Started o.e.j.s.ServletContextHandler@5d3a147f{logs,/logs,file:///home/runner/work/ozone/ozone/hadoop-ozone/integration-test/target/log,AVAILABLE}
2022-12-22 10:13:47,191 [Listener at 0.0.0.0/42459] INFO  handler.ContextHandler (ContextHandler.java:doStart(921)) - Started o.e.j.s.ServletContextHandler@39aaa7db{static,/static,file:///home/runner/work/ozone/ozone/hadoop-ozone/integration-test/target/test-classes/webapps/static,AVAILABLE}
2022-12-22 10:13:47,226 [Listener at 0.0.0.0/42459] INFO  handler.ContextHandler (ContextHandler.java:doStart(921)) - Started o.e.j.w.WebAppContext@1d09fb8e{scm,/,file:///home/runner/work/ozone/ozone/hadoop-ozone/integration-test/target/test-classes/webapps/scm/,AVAILABLE}{file:/home/runner/work/ozone/ozone/hadoop-ozone/integration-test/target/test-classes/webapps/scm}
2022-12-22 10:13:47,236 [Listener at 0.0.0.0/42459] INFO  server.AbstractConnector (AbstractConnector.java:doStart(333)) - Started ServerConnector@205d6f84{HTTP/1.1, (http/1.1)}{0.0.0.0:45891}
2022-12-22 10:13:47,237 [Listener at 0.0.0.0/42459] INFO  server.Server (Server.java:doStart(415)) - Started @10969ms
2022-12-22 10:13:47,240 [Listener at 0.0.0.0/42459] INFO  impl.MetricsSinkAdapter (MetricsSinkAdapter.java:start(204)) - Sink prometheus started
2022-12-22 10:13:47,240 [Listener at 0.0.0.0/42459] INFO  impl.MetricsSystemImpl (MetricsSystemImpl.java:registerSink(305)) - Registered sink prometheus
2022-12-22 10:13:47,241 [Listener at 0.0.0.0/42459] INFO  http.BaseHttpServer (BaseHttpServer.java:updateConnectorAddress(333)) - HTTP server of scm listening at http://0.0.0.0:45891
2022-12-22 10:13:47,242 [Listener at 0.0.0.0/42459] INFO  ozone.MiniOzoneHAClusterImpl (MiniOzoneHAClusterImpl.java:createSCMService(606)) - Started SCM RPC server at /0.0.0.0:42459
2022-12-22 10:13:47,310 [Listener at 0.0.0.0/42459] INFO  audit.AuditLogger (AuditLogger.java:refreshDebugCmdSet(126)) - Refresh DebugCmdSet for OMAudit to [].
2022-12-22 10:13:47,381 [Listener at 0.0.0.0/42459] INFO  ha.OMHANodeDetails (OMHANodeDetails.java:loadOMHAConfig(121)) - ServiceID for OzoneManager is om-add-remove
2022-12-22 10:13:47,392 [Listener at 0.0.0.0/42459] INFO  ha.OMHANodeDetails (OMHANodeDetails.java:loadOMHAConfig(201)) - Found matching OM address with OMServiceId: om-add-remove, OMNodeId: omNode-1, RPC Address: localhost:34995 and Ratis port: 46153
2022-12-22 10:13:47,392 [Listener at 0.0.0.0/42459] INFO  ha.OMHANodeDetails (ConfUtils.java:setNodeSpecificConfigs(97)) - Setting configuration key ozone.om.http-address with value of key ozone.om.http-address.om-add-remove.omNode-1: 127.0.0.1:34851
2022-12-22 10:13:47,392 [Listener at 0.0.0.0/42459] INFO  ha.OMHANodeDetails (ConfUtils.java:setNodeSpecificConfigs(97)) - Setting configuration key ozone.om.https-address with value of key ozone.om.https-address.om-add-remove.omNode-1: 127.0.0.1:44739
2022-12-22 10:13:47,392 [Listener at 0.0.0.0/42459] INFO  ha.OMHANodeDetails (ConfUtils.java:setNodeSpecificConfigs(97)) - Setting configuration key ozone.om.address with value of key ozone.om.address.om-add-remove.omNode-1: 127.0.0.1:34995
2022-12-22 10:13:47,393 [Listener at 0.0.0.0/42459] WARN  server.ServerUtils (ServerUtils.java:getDBPath(225)) - ozone.om.db.dirs is not configured. We recommend adding this setting. Falling back to ozone.metadata.dirs instead.
2022-12-22 10:13:47,403 [Listener at 0.0.0.0/42459] INFO  ha.SCMNodeInfo (SCMNodeInfo.java:getPort(197)) - ConfigKey ozone.scm.client.address is deprecated, For configuring different ports for each SCM use PortConfigKey ozone.scm.client.port appended with serviceId and nodeId
2022-12-22 10:13:47,404 [Listener at 0.0.0.0/42459] INFO  ha.SCMNodeInfo (SCMNodeInfo.java:getPort(197)) - ConfigKey ozone.scm.block.client.address is deprecated, For configuring different ports for each SCM use PortConfigKey ozone.scm.block.client.port appended with serviceId and nodeId
2022-12-22 10:13:47,404 [Listener at 0.0.0.0/42459] INFO  ha.SCMNodeInfo (SCMNodeInfo.java:getPort(197)) - ConfigKey ozone.scm.datanode.address is deprecated, For configuring different ports for each SCM use PortConfigKey ozone.scm.datanode.port appended with serviceId and nodeId
2022-12-22 10:13:47,405 [Listener at 0.0.0.0/42459] INFO  proxy.SCMBlockLocationFailoverProxyProvider (SCMBlockLocationFailoverProxyProvider.java:<init>(114)) - Created block location fail-over proxy with 1 nodes: [nodeId=scmNode-1,nodeAddress=/127.0.0.1:35153]
2022-12-22 10:13:49,727 [Listener at 0.0.0.0/42459] INFO  retry.RetryInvocationHandler (RetryInvocationHandler.java:log(411)) - com.google.protobuf.ServiceException: org.apache.hadoop.ipc.RemoteException(org.apache.hadoop.hdds.ratis.ServerNotLeaderException): Server:c0744bfc-8c9a-4b67-b2fe-e4eb0bfece68 is not the leader. Could not determine the leader node.
	at org.apache.hadoop.hdds.ratis.ServerNotLeaderException.convertToNotLeaderException(ServerNotLeaderException.java:109)
	at org.apache.hadoop.hdds.scm.ha.RatisUtil.checkRatisException(RatisUtil.java:246)
	at org.apache.hadoop.hdds.scm.protocol.ScmBlockLocationProtocolServerSideTranslatorPB.send(ScmBlockLocationProtocolServerSideTranslatorPB.java:109)
	at org.apache.hadoop.hdds.protocol.proto.ScmBlockLocationProtocolProtos$ScmBlockLocationProtocolService$2.callBlockingMethod(ScmBlockLocationProtocolProtos.java:14202)
	at org.apache.hadoop.ipc.ProtobufRpcEngine$Server.processCall(ProtobufRpcEngine.java:465)
	at org.apache.hadoop.ipc.ProtobufRpcEngine2$Server$ProtoBufRpcInvoker.call(ProtobufRpcEngine2.java:578)
	at org.apache.hadoop.ipc.ProtobufRpcEngine2$Server$ProtoBufRpcInvoker.call(ProtobufRpcEngine2.java:556)
	at org.apache.hadoop.ipc.RPC$Server.call(RPC.java:1093)
	at org.apache.hadoop.ipc.Server$RpcCall.run(Server.java:1043)
	at org.apache.hadoop.ipc.Server$RpcCall.run(Server.java:971)
	at java.security.AccessController.doPrivileged(Native Method)
	at javax.security.auth.Subject.doAs(Subject.java:422)
	at org.apache.hadoop.security.UserGroupInformation.doAs(UserGroupInformation.java:1878)
	at org.apache.hadoop.ipc.Server$Handler.run(Server.java:2976)
, while invoking $Proxy45.send over nodeId=scmNode-1,nodeAddress=/127.0.0.1:35153 after 1 failover attempts. Trying to failover after sleeping for 2000ms.
2022-12-22 10:13:51,656 [c0744bfc-8c9a-4b67-b2fe-e4eb0bfece68@group-1A0A2119317E-FollowerState] INFO  impl.FollowerState (FollowerState.java:run(143)) - c0744bfc-8c9a-4b67-b2fe-e4eb0bfece68@group-1A0A2119317E-FollowerState: change to CANDIDATE, lastRpcElapsedTime:5055569370ns, electionTimeout:5047ms
2022-12-22 10:13:51,656 [c0744bfc-8c9a-4b67-b2fe-e4eb0bfece68@group-1A0A2119317E-FollowerState] INFO  impl.RoleInfo (RoleInfo.java:shutdownFollowerState(110)) - c0744bfc-8c9a-4b67-b2fe-e4eb0bfece68: shutdown c0744bfc-8c9a-4b67-b2fe-e4eb0bfece68@group-1A0A2119317E-FollowerState
2022-12-22 10:13:51,656 [c0744bfc-8c9a-4b67-b2fe-e4eb0bfece68@group-1A0A2119317E-FollowerState] INFO  server.RaftServer$Division (RaftServerImpl.java:setRole(321)) - c0744bfc-8c9a-4b67-b2fe-e4eb0bfece68@group-1A0A2119317E: changes role from  FOLLOWER to CANDIDATE at term 1 for changeToCandidate
2022-12-22 10:13:51,657 [c0744bfc-8c9a-4b67-b2fe-e4eb0bfece68@group-1A0A2119317E-FollowerState] INFO  server.RaftServerConfigKeys (ConfUtils.java:logGet(46)) - raft.server.leaderelection.pre-vote = false (custom)
2022-12-22 10:13:51,657 [c0744bfc-8c9a-4b67-b2fe-e4eb0bfece68@group-1A0A2119317E-FollowerState] INFO  impl.RoleInfo (RoleInfo.java:updateAndGet(139)) - c0744bfc-8c9a-4b67-b2fe-e4eb0bfece68: start c0744bfc-8c9a-4b67-b2fe-e4eb0bfece68@group-1A0A2119317E-LeaderElection2
2022-12-22 10:13:51,664 [c0744bfc-8c9a-4b67-b2fe-e4eb0bfece68@group-1A0A2119317E-LeaderElection2] INFO  impl.LeaderElection (LeaderElection.java:askForVotes(312)) - c0744bfc-8c9a-4b67-b2fe-e4eb0bfece68@group-1A0A2119317E-LeaderElection2 ELECTION round 0: submit vote requests at term 2 for 0: peers:[c0744bfc-8c9a-4b67-b2fe-e4eb0bfece68|rpc:localhost:45753|admin:|client:|dataStream:|priority:0|startupRole:FOLLOWER]|listeners:[], old=null
2022-12-22 10:13:51,665 [c0744bfc-8c9a-4b67-b2fe-e4eb0bfece68@group-1A0A2119317E-LeaderElection2] INFO  impl.LeaderElection (LeaderElection.java:askForVotes(314)) - c0744bfc-8c9a-4b67-b2fe-e4eb0bfece68@group-1A0A2119317E-LeaderElection2 ELECTION round 0: result PASSED (term=2)
2022-12-22 10:13:51,666 [c0744bfc-8c9a-4b67-b2fe-e4eb0bfece68@group-1A0A2119317E-LeaderElection2] INFO  impl.RoleInfo (RoleInfo.java:shutdownLeaderElection(130)) - c0744bfc-8c9a-4b67-b2fe-e4eb0bfece68: shutdown c0744bfc-8c9a-4b67-b2fe-e4eb0bfece68@group-1A0A2119317E-LeaderElection2
2022-12-22 10:13:51,666 [c0744bfc-8c9a-4b67-b2fe-e4eb0bfece68@group-1A0A2119317E-LeaderElection2] INFO  server.RaftServer$Division (RaftServerImpl.java:setRole(321)) - c0744bfc-8c9a-4b67-b2fe-e4eb0bfece68@group-1A0A2119317E: changes role from CANDIDATE to LEADER at term 2 for changeToLeader
2022-12-22 10:13:51,666 [c0744bfc-8c9a-4b67-b2fe-e4eb0bfece68@group-1A0A2119317E-LeaderElection2] INFO  ha.SCMStateMachine (SCMStateMachine.java:notifyLeaderChanged(259)) - current SCM becomes leader of term 2.
2022-12-22 10:13:51,666 [c0744bfc-8c9a-4b67-b2fe-e4eb0bfece68@group-1A0A2119317E-LeaderElection2] INFO  ha.SCMContext (SCMContext.java:updateLeaderAndTerm(99)) - update <isLeader,term> from <false,0> to <true,2>
2022-12-22 10:13:51,668 [c0744bfc-8c9a-4b67-b2fe-e4eb0bfece68@group-1A0A2119317E-LeaderElection2] INFO  server.RaftServer$Division (ServerState.java:setLeader(313)) - c0744bfc-8c9a-4b67-b2fe-e4eb0bfece68@group-1A0A2119317E: change Leader from null to c0744bfc-8c9a-4b67-b2fe-e4eb0bfece68 at term 2 for becomeLeader, leader elected after 6237ms
2022-12-22 10:13:51,669 [c0744bfc-8c9a-4b67-b2fe-e4eb0bfece68@group-1A0A2119317E-LeaderElection2] INFO  server.RaftServerConfigKeys (ConfUtils.java:logGet(46)) - raft.server.staging.catchup.gap = 1000 (default)
2022-12-22 10:13:51,669 [c0744bfc-8c9a-4b67-b2fe-e4eb0bfece68@group-1A0A2119317E-LeaderElection2] INFO  server.RaftServerConfigKeys (ConfUtils.java:logGet(46)) - raft.server.write.element-limit = 4096 (default)
2022-12-22 10:13:51,669 [c0744bfc-8c9a-4b67-b2fe-e4eb0bfece68@group-1A0A2119317E-LeaderElection2] INFO  server.RaftServerConfigKeys (ConfUtils.java:logGet(46)) - raft.server.write.byte-limit = 64MB (=67108864) (default)
2022-12-22 10:13:51,670 [c0744bfc-8c9a-4b67-b2fe-e4eb0bfece68@group-1A0A2119317E-LeaderElection2] INFO  server.RaftServerConfigKeys (ConfUtils.java:logGet(46)) - raft.server.watch.timeout = 10s (default)
2022-12-22 10:13:51,670 [c0744bfc-8c9a-4b67-b2fe-e4eb0bfece68@group-1A0A2119317E-LeaderElection2] INFO  server.RaftServerConfigKeys (ConfUtils.java:logGet(46)) - raft.server.watch.timeout.denomination = 1s (default)
2022-12-22 10:13:51,670 [c0744bfc-8c9a-4b67-b2fe-e4eb0bfece68@group-1A0A2119317E-LeaderElection2] INFO  server.RaftServerConfigKeys (ConfUtils.java:logGet(46)) - raft.server.watch.element-limit = 65536 (default)
2022-12-22 10:13:51,670 [c0744bfc-8c9a-4b67-b2fe-e4eb0bfece68@group-1A0A2119317E-LeaderElection2] INFO  server.RaftServerConfigKeys (ConfUtils.java:logGet(46)) - raft.server.write.element-limit = 4096 (default)
2022-12-22 10:13:51,672 [c0744bfc-8c9a-4b67-b2fe-e4eb0bfece68@group-1A0A2119317E-LeaderElection2] INFO  server.RaftServerConfigKeys (ConfUtils.java:logGet(46)) - raft.server.write.follower.gap.ratio.max = -1.0 (default)
2022-12-22 10:13:51,673 [c0744bfc-8c9a-4b67-b2fe-e4eb0bfece68@group-1A0A2119317E-LeaderElection2] INFO  impl.RoleInfo (RoleInfo.java:updateAndGet(139)) - c0744bfc-8c9a-4b67-b2fe-e4eb0bfece68: start c0744bfc-8c9a-4b67-b2fe-e4eb0bfece68@group-1A0A2119317E-LeaderStateImpl
2022-12-22 10:13:51,674 [c0744bfc-8c9a-4b67-b2fe-e4eb0bfece68@group-1A0A2119317E-LeaderElection2] INFO  segmented.SegmentedRaftLogWorker (SegmentedRaftLogWorker.java:rollLogSegment(457)) - c0744bfc-8c9a-4b67-b2fe-e4eb0bfece68@group-1A0A2119317E-SegmentedRaftLogWorker: Rolling segment log-0_0 to index:0
2022-12-22 10:13:51,678 [c0744bfc-8c9a-4b67-b2fe-e4eb0bfece68@group-1A0A2119317E-SegmentedRaftLogWorker] INFO  segmented.SegmentedRaftLogWorker (SegmentedRaftLogWorker.java:execute(613)) - c0744bfc-8c9a-4b67-b2fe-e4eb0bfece68@group-1A0A2119317E-SegmentedRaftLogWorker: Rolled log segment from /home/runner/work/ozone/ozone/hadoop-ozone/integration-test/target/test-dir/MiniOzoneClusterImpl-25092133-3ddf-4dd3-9c34-1a0a2119317e/scmNode-1/scm-ha/25092133-3ddf-4dd3-9c34-1a0a2119317e/current/log_inprogress_0 to /home/runner/work/ozone/ozone/hadoop-ozone/integration-test/target/test-dir/MiniOzoneClusterImpl-25092133-3ddf-4dd3-9c34-1a0a2119317e/scmNode-1/scm-ha/25092133-3ddf-4dd3-9c34-1a0a2119317e/current/log_0-0
2022-12-22 10:13:51,684 [c0744bfc-8c9a-4b67-b2fe-e4eb0bfece68@group-1A0A2119317E-LeaderElection2] INFO  server.RaftServer$Division (ServerState.java:setRaftConf(430)) - c0744bfc-8c9a-4b67-b2fe-e4eb0bfece68@group-1A0A2119317E: set configuration 1: peers:[c0744bfc-8c9a-4b67-b2fe-e4eb0bfece68|rpc:localhost:45753|admin:|client:|dataStream:|priority:0|startupRole:FOLLOWER]|listeners:[], old=null
2022-12-22 10:13:51,692 [c0744bfc-8c9a-4b67-b2fe-e4eb0bfece68@group-1A0A2119317E-SegmentedRaftLogWorker] INFO  segmented.SegmentedRaftLogWorker (SegmentedRaftLogWorker.java:execute(656)) - c0744bfc-8c9a-4b67-b2fe-e4eb0bfece68@group-1A0A2119317E-SegmentedRaftLogWorker: created new log segment /home/runner/work/ozone/ozone/hadoop-ozone/integration-test/target/test-dir/MiniOzoneClusterImpl-25092133-3ddf-4dd3-9c34-1a0a2119317e/scmNode-1/scm-ha/25092133-3ddf-4dd3-9c34-1a0a2119317e/current/log_inprogress_1
2022-12-22 10:13:51,698 [c0744bfc-8c9a-4b67-b2fe-e4eb0bfece68@group-1A0A2119317E-StateMachineUpdater] INFO  ha.SCMContext (SCMContext.java:setLeaderReady(126)) - update <isLeaderReady> from <false> to <true>
2022-12-22 10:13:51,701 [c0744bfc-8c9a-4b67-b2fe-e4eb0bfece68@group-1A0A2119317E-StateMachineUpdater] INFO  pipeline.BackgroundPipelineCreator (BackgroundPipelineCreator.java:notifyStatusChanged(254)) - Service BackgroundPipelineCreator transitions to RUNNING.
2022-12-22 10:13:51,706 [c0744bfc-8c9a-4b67-b2fe-e4eb0bfece68@group-1A0A2119317E-StateMachineUpdater] INFO  safemode.HealthyPipelineSafeModeRule (HealthyPipelineSafeModeRule.java:initializeRule(165)) - Refreshed total pipeline count is 0, healthy pipeline threshold count is 1
2022-12-22 10:13:51,707 [c0744bfc-8c9a-4b67-b2fe-e4eb0bfece68@group-1A0A2119317E-StateMachineUpdater] INFO  safemode.ContainerSafeModeRule (ContainerSafeModeRule.java:reInitializeRule(177)) - Refreshed one replica container threshold 0, currentThreshold 0
2022-12-22 10:13:51,708 [c0744bfc-8c9a-4b67-b2fe-e4eb0bfece68@group-1A0A2119317E-StateMachineUpdater] INFO  safemode.OneReplicaPipelineSafeModeRule (OneReplicaPipelineSafeModeRule.java:initializeRule(176)) - Refreshed Total pipeline count is 0, pipeline's with at least one datanode reported threshold count is 0
2022-12-22 10:13:51,708 [c0744bfc-8c9a-4b67-b2fe-e4eb0bfece68@group-1A0A2119317E-StateMachineUpdater] INFO  server.SCMDatanodeProtocolServer (SCMDatanodeProtocolServer.java:start(194)) - ScmDatanodeProtocol RPC server for DataNodes is listening at /0.0.0.0:42129
2022-12-22 10:13:51,713 [IPC Server listener on 42129] INFO  ipc.Server (Server.java:run(1352)) - IPC Server listener on 42129: starting
2022-12-22 10:13:51,725 [IPC Server Responder] INFO  ipc.Server (Server.java:run(1512)) - IPC Server Responder: starting
OM initialization succeeded.Current cluster id for sd=/home/runner/work/ozone/ozone/hadoop-ozone/integration-test/target/test-dir/MiniOzoneClusterImpl-25092133-3ddf-4dd3-9c34-1a0a2119317e/omNode-1/om;cid=25092133-3ddf-4dd3-9c34-1a0a2119317e;layoutVersion=3
2022-12-22 10:13:51,774 [Listener at 0.0.0.0/42459] INFO  ha.OMHANodeDetails (OMHANodeDetails.java:loadOMHAConfig(121)) - ServiceID for OzoneManager is om-add-remove
2022-12-22 10:13:51,776 [Listener at 0.0.0.0/42459] INFO  ha.OMHANodeDetails (OMHANodeDetails.java:loadOMHAConfig(201)) - Found matching OM address with OMServiceId: om-add-remove, OMNodeId: omNode-1, RPC Address: localhost:34995 and Ratis port: 46153
2022-12-22 10:13:51,776 [Listener at 0.0.0.0/42459] INFO  ha.OMHANodeDetails (ConfUtils.java:setNodeSpecificConfigs(97)) - Setting configuration key ozone.om.http-address with value of key ozone.om.http-address.om-add-remove.omNode-1: 127.0.0.1:34851
2022-12-22 10:13:51,776 [Listener at 0.0.0.0/42459] INFO  ha.OMHANodeDetails (ConfUtils.java:setNodeSpecificConfigs(97)) - Setting configuration key ozone.om.https-address with value of key ozone.om.https-address.om-add-remove.omNode-1: 127.0.0.1:44739
2022-12-22 10:13:51,776 [Listener at 0.0.0.0/42459] INFO  ha.OMHANodeDetails (ConfUtils.java:setNodeSpecificConfigs(97)) - Setting configuration key ozone.om.address with value of key ozone.om.address.om-add-remove.omNode-1: 127.0.0.1:34995
2022-12-22 10:13:51,777 [Listener at 0.0.0.0/42459] WARN  server.ServerUtils (ServerUtils.java:getDBPath(225)) - ozone.om.db.dirs is not configured. We recommend adding this setting. Falling back to ozone.metadata.dirs instead.
2022-12-22 10:13:51,778 [Listener at 0.0.0.0/42459] INFO  upgrade.AbstractLayoutVersionManager (AbstractLayoutVersionManager.java:init(83)) - Initializing Layout version manager with metadata layout = MULTITENANCY_SCHEMA (version = 3), software layout = MULTITENANCY_SCHEMA (version = 3)
2022-12-22 10:13:51,874 [Listener at 0.0.0.0/42459] INFO  reflections.Reflections (Reflections.java:scan(232)) - Reflections took 87 ms to scan 2 urls, producing 154 keys and 428 values [using 2 cores]
2022-12-22 10:13:51,883 [Listener at 0.0.0.0/42459] INFO  upgrade.OMLayoutVersionManager (OMLayoutVersionManager.java:lambda$0(115)) - Skipping Upgrade Action MockOmUpgradeAction since it has been finalized.
2022-12-22 10:13:51,885 [Listener at 0.0.0.0/42459] WARN  server.ServerUtils (ServerUtils.java:getDBPath(225)) - ozone.om.db.dirs is not configured. We recommend adding this setting. Falling back to ozone.metadata.dirs instead.
2022-12-22 10:13:51,894 [Listener at 0.0.0.0/42459] INFO  ha.SCMNodeInfo (SCMNodeInfo.java:getPort(197)) - ConfigKey ozone.scm.client.address is deprecated, For configuring different ports for each SCM use PortConfigKey ozone.scm.client.port appended with serviceId and nodeId
2022-12-22 10:13:51,894 [Listener at 0.0.0.0/42459] INFO  ha.SCMNodeInfo (SCMNodeInfo.java:getPort(197)) - ConfigKey ozone.scm.block.client.address is deprecated, For configuring different ports for each SCM use PortConfigKey ozone.scm.block.client.port appended with serviceId and nodeId
2022-12-22 10:13:51,894 [Listener at 0.0.0.0/42459] INFO  ha.SCMNodeInfo (SCMNodeInfo.java:getPort(197)) - ConfigKey ozone.scm.datanode.address is deprecated, For configuring different ports for each SCM use PortConfigKey ozone.scm.datanode.port appended with serviceId and nodeId
2022-12-22 10:13:52,030 [Listener at 0.0.0.0/42459] INFO  ha.SCMNodeInfo (SCMNodeInfo.java:getPort(197)) - ConfigKey ozone.scm.client.address is deprecated, For configuring different ports for each SCM use PortConfigKey ozone.scm.client.port appended with serviceId and nodeId
2022-12-22 10:13:52,030 [Listener at 0.0.0.0/42459] INFO  ha.SCMNodeInfo (SCMNodeInfo.java:getPort(197)) - ConfigKey ozone.scm.block.client.address is deprecated, For configuring different ports for each SCM use PortConfigKey ozone.scm.block.client.port appended with serviceId and nodeId
2022-12-22 10:13:52,031 [Listener at 0.0.0.0/42459] INFO  ha.SCMNodeInfo (SCMNodeInfo.java:getPort(197)) - ConfigKey ozone.scm.datanode.address is deprecated, For configuring different ports for each SCM use PortConfigKey ozone.scm.datanode.port appended with serviceId and nodeId
2022-12-22 10:13:52,031 [Listener at 0.0.0.0/42459] INFO  proxy.SCMBlockLocationFailoverProxyProvider (SCMBlockLocationFailoverProxyProvider.java:<init>(114)) - Created block location fail-over proxy with 1 nodes: [nodeId=scmNode-1,nodeAddress=/127.0.0.1:35153]
2022-12-22 10:13:52,040 [Listener at 0.0.0.0/42459] INFO  ha.SCMNodeInfo (SCMNodeInfo.java:getPort(197)) - ConfigKey ozone.scm.client.address is deprecated, For configuring different ports for each SCM use PortConfigKey ozone.scm.client.port appended with serviceId and nodeId
2022-12-22 10:13:52,040 [Listener at 0.0.0.0/42459] INFO  ha.SCMNodeInfo (SCMNodeInfo.java:getPort(197)) - ConfigKey ozone.scm.block.client.address is deprecated, For configuring different ports for each SCM use PortConfigKey ozone.scm.block.client.port appended with serviceId and nodeId
2022-12-22 10:13:52,040 [Listener at 0.0.0.0/42459] INFO  ha.SCMNodeInfo (SCMNodeInfo.java:getPort(197)) - ConfigKey ozone.scm.datanode.address is deprecated, For configuring different ports for each SCM use PortConfigKey ozone.scm.datanode.port appended with serviceId and nodeId
2022-12-22 10:13:52,040 [Listener at 0.0.0.0/42459] INFO  proxy.SCMBlockLocationFailoverProxyProvider (SCMBlockLocationFailoverProxyProvider.java:<init>(114)) - Created block location fail-over proxy with 1 nodes: [nodeId=scmNode-1,nodeAddress=/127.0.0.1:35153]
2022-12-22 10:13:52,066 [Listener at 0.0.0.0/42459] WARN  server.ServerUtils (ServerUtils.java:getDBPath(225)) - ozone.om.db.dirs is not configured. We recommend adding this setting. Falling back to ozone.metadata.dirs instead.
2022-12-22 10:13:52,073 [Listener at 0.0.0.0/42459] INFO  codec.OmKeyInfoCodec (OmKeyInfoCodec.java:<init>(49)) - OmKeyInfoCodec ignorePipeline = true
2022-12-22 10:13:52,074 [Listener at 0.0.0.0/42459] INFO  codec.RepeatedOmKeyInfoCodec (RepeatedOmKeyInfoCodec.java:<init>(41)) - RepeatedOmKeyInfoCodec ignorePipeline = true
2022-12-22 10:13:52,229 [Listener at 0.0.0.0/42459] INFO  om.OzoneManager (OzoneManager.java:instantiateServices(717)) - S3 Multi-Tenancy is disabled
2022-12-22 10:13:52,317 [Listener at 0.0.0.0/42459] INFO  om.OzoneManager (OzoneManager.java:addS3GVolumeToDB(4402)) - Created Volume s3v With Owner runner required for S3Gateway operations.
2022-12-22 10:13:52,365 [Listener at 0.0.0.0/42459] WARN  server.ServerUtils (ServerUtils.java:getDefaultRatisDirectory(237)) - Storage directory for Ratis is not configured. It is a good idea to map this to an SSD disk. Falling back to ozone.metadata.dirs
2022-12-22 10:13:52,365 [Listener at 0.0.0.0/42459] WARN  utils.OzoneManagerRatisUtils (OzoneManagerRatisUtils.java:getOMRatisSnapshotDirectory(434)) - ozone.om.ratis.snapshot.dir is not configured. Falling back to ozone.metadata.dirs config
2022-12-22 10:13:52,370 [Listener at 0.0.0.0/42459] INFO  snapshot.OzoneManagerSnapshotProvider (OzoneManagerSnapshotProvider.java:<init>(76)) - Initializing OM Snapshot Provider
2022-12-22 10:13:52,449 [Listener at 0.0.0.0/42459] WARN  impl.MetricRegistriesImpl (MetricRegistriesImpl.java:addReporterRegistration(111)) - New reporters are added after registries were created. Some metrics will be missing from the reporter. Please add reporter before adding any new registry.
2022-12-22 10:13:52,449 [Listener at 0.0.0.0/42459] WARN  impl.MetricRegistriesImpl (MetricRegistriesImpl.java:addReporterRegistration(111)) - New reporters are added after registries were created. Some metrics will be missing from the reporter. Please add reporter before adding any new registry.
2022-12-22 10:13:52,449 [Listener at 0.0.0.0/42459] WARN  server.ServerUtils (ServerUtils.java:getDefaultRatisDirectory(237)) - Storage directory for Ratis is not configured. It is a good idea to map this to an SSD disk. Falling back to ozone.metadata.dirs
2022-12-22 10:13:52,451 [Listener at 0.0.0.0/42459] INFO  ratis.OzoneManagerRatisServer (OzoneManagerRatisServer.java:<init>(160)) - Instantiating OM Ratis server with groupID: om-add-remove and peers: localhost:46153, localhost:37735, localhost:37697
2022-12-22 10:13:52,455 [Listener at 0.0.0.0/42459] INFO  ratis.OzoneManagerStateMachine (OzoneManagerStateMachine.java:loadSnapshotInfoFromDB(636)) - LastAppliedIndex is set from TransactionInfo from OM DB as (t:0, i:~)
2022-12-22 10:13:52,479 [Listener at 0.0.0.0/42459] INFO  server.RaftServer (ConfUtils.java:logGet(46)) - raft.rpc.type = GRPC (default)
2022-12-22 10:13:52,479 [Listener at 0.0.0.0/42459] INFO  grpc.GrpcConfigKeys (ConfUtils.java:logFallback(53)) - raft.grpc.admin.host = null (fallback to raft.grpc.server.host)
2022-12-22 10:13:52,479 [Listener at 0.0.0.0/42459] INFO  grpc.GrpcConfigKeys (ConfUtils.java:logFallback(53)) - raft.grpc.admin.port = 46153 (fallback to raft.grpc.server.port)
2022-12-22 10:13:52,480 [Listener at 0.0.0.0/42459] INFO  grpc.GrpcConfigKeys (ConfUtils.java:logFallback(53)) - raft.grpc.client.host = null (fallback to raft.grpc.server.host)
2022-12-22 10:13:52,480 [Listener at 0.0.0.0/42459] INFO  grpc.GrpcConfigKeys (ConfUtils.java:logFallback(53)) - raft.grpc.client.port = 46153 (fallback to raft.grpc.server.port)
2022-12-22 10:13:52,480 [Listener at 0.0.0.0/42459] INFO  grpc.GrpcConfigKeys (ConfUtils.java:logGet(46)) - raft.grpc.server.host = null (default)
2022-12-22 10:13:52,480 [Listener at 0.0.0.0/42459] INFO  grpc.GrpcConfigKeys (ConfUtils.java:logGet(46)) - raft.grpc.server.port = 46153 (custom)
2022-12-22 10:13:52,480 [Listener at 0.0.0.0/42459] INFO  server.GrpcService (ConfUtils.java:logGet(46)) - raft.grpc.message.size.max = 33554432 (custom)
2022-12-22 10:13:52,480 [Listener at 0.0.0.0/42459] INFO  server.RaftServerConfigKeys (ConfUtils.java:logGet(46)) - raft.server.log.appender.buffer.byte-limit = 33554432 (custom)
2022-12-22 10:13:52,480 [Listener at 0.0.0.0/42459] INFO  server.GrpcService (ConfUtils.java:logGet(46)) - raft.grpc.flow.control.window = 1MB (=1048576) (default)
2022-12-22 10:13:52,480 [Listener at 0.0.0.0/42459] INFO  server.RaftServerConfigKeys (ConfUtils.java:logGet(46)) - raft.server.rpc.request.timeout = 3000ms (default)
2022-12-22 10:13:52,481 [Listener at 0.0.0.0/42459] INFO  grpc.GrpcConfigKeys (ConfUtils.java:logGet(46)) - raft.grpc.server.heartbeat.channel = true (default)
2022-12-22 10:13:52,481 [Listener at 0.0.0.0/42459] INFO  grpc.GrpcConfigKeys (ConfUtils.java:logGet(46)) - raft.grpc.server.async.request.thread.pool.cached = true (default)
2022-12-22 10:13:52,481 [Listener at 0.0.0.0/42459] INFO  grpc.GrpcConfigKeys (ConfUtils.java:logGet(46)) - raft.grpc.server.async.request.thread.pool.size = 32 (default)
2022-12-22 10:13:52,482 [Listener at 0.0.0.0/42459] INFO  impl.DataStreamServerImpl (ConfUtils.java:logGet(46)) - raft.datastream.type = NETTY (custom)
2022-12-22 10:13:52,482 [Listener at 0.0.0.0/42459] INFO  server.RaftServerConfigKeys (ConfUtils.java:logGet(46)) - raft.server.data-stream.async.request.thread.pool.cached = false (default)
2022-12-22 10:13:52,483 [Listener at 0.0.0.0/42459] INFO  server.RaftServerConfigKeys (ConfUtils.java:logGet(46)) - raft.server.data-stream.async.request.thread.pool.size = 32 (default)
2022-12-22 10:13:52,483 [Listener at 0.0.0.0/42459] INFO  server.RaftServerConfigKeys (ConfUtils.java:logGet(46)) - raft.server.data-stream.async.write.thread.pool.size = 16 (default)
2022-12-22 10:13:52,483 [Listener at 0.0.0.0/42459] INFO  server.RaftServerConfigKeys (ConfUtils.java:logGet(46)) - raft.server.data-stream.client.pool.size = 10 (default)
2022-12-22 10:13:52,483 [Listener at 0.0.0.0/42459] INFO  netty.NettyConfigKeys$DataStream (ConfUtils.java:logGet(46)) - raft.netty.dataStream.server.use-epoll = false (default)
2022-12-22 10:13:52,483 [Listener at 0.0.0.0/42459] INFO  netty.NettyConfigKeys$DataStream (ConfUtils.java:logGet(46)) - raft.netty.dataStream.server.boss-group.size = 0 (default)
2022-12-22 10:13:52,483 [Listener at 0.0.0.0/42459] INFO  netty.NettyConfigKeys$DataStream (ConfUtils.java:logGet(46)) - raft.netty.dataStream.server.worker-group.size = 0 (default)
2022-12-22 10:13:52,484 [Listener at 0.0.0.0/42459] INFO  netty.NettyConfigKeys$DataStream (ConfUtils.java:logGet(46)) - raft.netty.dataStream.server.tls.conf = null (default)
2022-12-22 10:13:52,484 [Listener at 0.0.0.0/42459] INFO  netty.NettyConfigKeys$DataStream (ConfUtils.java:logGet(46)) - raft.netty.dataStream.host = null (default)
2022-12-22 10:13:52,484 [Listener at 0.0.0.0/42459] INFO  netty.NettyConfigKeys$DataStream (ConfUtils.java:logGet(46)) - raft.netty.dataStream.port = 0 (default)
2022-12-22 10:13:52,484 [Listener at 0.0.0.0/42459] INFO  server.RaftServerConfigKeys (ConfUtils.java:logGet(46)) - raft.server.threadpool.proxy.cached = true (default)
2022-12-22 10:13:52,485 [Listener at 0.0.0.0/42459] INFO  server.RaftServerConfigKeys (ConfUtils.java:logGet(46)) - raft.server.threadpool.proxy.size = 0 (default)
2022-12-22 10:13:52,485 [Listener at 0.0.0.0/42459] INFO  server.RaftServerConfigKeys (ConfUtils.java:logGet(46)) - raft.server.rpc.slowness.timeout = 2s (custom)
2022-12-22 10:13:52,485 [Listener at 0.0.0.0/42459] INFO  server.RaftServerConfigKeys (ConfUtils.java:logGet(46)) - raft.server.leaderelection.leader.step-down.wait-time = 10s (default)
2022-12-22 10:13:52,485 [Listener at 0.0.0.0/42459] INFO  server.RaftServerConfigKeys (ConfUtils.java:logGet(46)) - raft.server.storage.dir = [/home/runner/work/ozone/ozone/hadoop-ozone/integration-test/target/test-dir/MiniOzoneClusterImpl-25092133-3ddf-4dd3-9c34-1a0a2119317e/omNode-1/ratis] (custom)
2022-12-22 10:13:52,497 [Listener at 0.0.0.0/42459] INFO  server.RaftServer (RaftServerProxy.java:addNew(96)) - omNode-1: addNew group-0AAC5367B30E:[omNode-3|rpc:localhost:37735|priority:0|startupRole:FOLLOWER, omNode-1|rpc:localhost:46153|priority:0|startupRole:FOLLOWER, omNode-2|rpc:localhost:37697|priority:0|startupRole:FOLLOWER] returns group-0AAC5367B30E:java.util.concurrent.CompletableFuture@4eeff1e3[Not completed]
2022-12-22 10:13:52,498 [Listener at 0.0.0.0/42459] INFO  om.OzoneManager (OzoneManager.java:initializeRatisServer(1979)) - OzoneManager Ratis server initialized at port 46153
2022-12-22 10:13:52,505 [omNode-1-NettyServerStreamRpc-bossGroup--thread1] INFO  logging.LoggingHandler (AbstractInternalLogger.java:log(148)) - [id: 0x82678f52] REGISTERED
2022-12-22 10:13:52,505 [omNode-1-NettyServerStreamRpc-bossGroup--thread1] INFO  logging.LoggingHandler (AbstractInternalLogger.java:log(148)) - [id: 0x82678f52] BIND: 0.0.0.0/0.0.0.0:0
2022-12-22 10:13:52,505 [omNode-1-NettyServerStreamRpc-bossGroup--thread1] INFO  logging.LoggingHandler (AbstractInternalLogger.java:log(148)) - [id: 0x82678f52, L:/0:0:0:0:0:0:0:0:46061] ACTIVE
2022-12-22 10:13:52,505 [pool-61-thread-1] INFO  server.RaftServer$Division (RaftServerImpl.java:<init>(195)) - omNode-1: new RaftServerImpl for group-0AAC5367B30E:[omNode-3|rpc:localhost:37735|priority:0|startupRole:FOLLOWER, omNode-1|rpc:localhost:46153|priority:0|startupRole:FOLLOWER, omNode-2|rpc:localhost:37697|priority:0|startupRole:FOLLOWER] with OzoneManagerStateMachine:uninitialized
2022-12-22 10:13:52,505 [pool-61-thread-1] INFO  server.RaftServerConfigKeys (ConfUtils.java:logGet(46)) - raft.server.rpc.timeout.min = 1s (custom)
2022-12-22 10:13:52,505 [pool-61-thread-1] INFO  server.RaftServerConfigKeys (ConfUtils.java:logGet(46)) - raft.server.rpc.timeout.max = 1200ms (custom)
2022-12-22 10:13:52,505 [pool-61-thread-1] INFO  server.RaftServerConfigKeys (ConfUtils.java:logGet(46)) - raft.server.rpc.sleep.time = 25ms (default)
2022-12-22 10:13:52,505 [pool-61-thread-1] INFO  server.RaftServerConfigKeys (ConfUtils.java:logGet(46)) - raft.server.rpc.slowness.timeout = 2s (custom)
2022-12-22 10:13:52,506 [pool-61-thread-1] INFO  server.RaftServerConfigKeys (ConfUtils.java:logGet(46)) - raft.server.leaderelection.leader.step-down.wait-time = 10s (default)
2022-12-22 10:13:52,506 [pool-61-thread-1] INFO  server.RaftServerConfigKeys (ConfUtils.java:logGet(46)) - raft.server.sleep.deviation.threshold = 300ms (default)
2022-12-22 10:13:52,506 [pool-61-thread-1] INFO  server.RaftServer$Division (ServerState.java:<init>(118)) - omNode-1@group-0AAC5367B30E: ConfigurationManager, init=-1: peers:[omNode-3|rpc:localhost:37735|priority:0|startupRole:FOLLOWER, omNode-1|rpc:localhost:46153|priority:0|startupRole:FOLLOWER, omNode-2|rpc:localhost:37697|priority:0|startupRole:FOLLOWER]|listeners:[], old=null, confs=<EMPTY_MAP>
2022-12-22 10:13:52,506 [pool-61-thread-1] INFO  server.RaftServerConfigKeys (ConfUtils.java:logGet(46)) - raft.server.storage.dir = [/home/runner/work/ozone/ozone/hadoop-ozone/integration-test/target/test-dir/MiniOzoneClusterImpl-25092133-3ddf-4dd3-9c34-1a0a2119317e/omNode-1/ratis] (custom)
2022-12-22 10:13:52,506 [pool-61-thread-1] INFO  server.RaftServerConfigKeys (ConfUtils.java:logGet(46)) - raft.server.log.corruption.policy = EXCEPTION (default)
2022-12-22 10:13:52,506 [pool-61-thread-1] INFO  server.RaftServerConfigKeys (ConfUtils.java:logGet(46)) - raft.server.storage.free-space.min = 0MB (=0) (default)
2022-12-22 10:13:52,506 [pool-61-thread-1] INFO  server.RaftServerConfigKeys (ConfUtils.java:logGet(46)) - raft.server.notification.no-leader.timeout = 2s (custom)
2022-12-22 10:13:52,506 [pool-61-thread-1] INFO  server.RaftServerConfigKeys (ConfUtils.java:logGet(46)) - raft.server.retrycache.expirytime = 300s (custom)
2022-12-22 10:13:52,506 [pool-61-thread-1] INFO  server.RaftServerConfigKeys (ConfUtils.java:logGet(46)) - raft.server.retrycache.statistics.expirytime = 100μs (default)
2022-12-22 10:13:52,507 [pool-61-thread-1] INFO  server.RaftServerConfigKeys (ConfUtils.java:logGet(46)) - raft.server.log.appender.install.snapshot.enabled = false (custom)
2022-12-22 10:13:52,507 [pool-61-thread-1] INFO  server.RaftServerConfigKeys (ConfUtils.java:logGet(46)) - raft.server.threadpool.server.cached = true (default)
2022-12-22 10:13:52,507 [pool-61-thread-1] INFO  server.RaftServerConfigKeys (ConfUtils.java:logGet(46)) - raft.server.threadpool.server.size = 0 (default)
2022-12-22 10:13:52,507 [pool-61-thread-1] INFO  server.RaftServerConfigKeys (ConfUtils.java:logGet(46)) - raft.server.threadpool.client.cached = true (default)
2022-12-22 10:13:52,507 [pool-61-thread-1] INFO  server.RaftServerConfigKeys (ConfUtils.java:logGet(46)) - raft.server.threadpool.client.size = 0 (default)
2022-12-22 10:13:52,510 [Listener at 0.0.0.0/42459] INFO  om.OzoneManager (OzoneManager.java:getRpcServer(1106)) - Creating RPC Server
2022-12-22 10:13:53,101 [Listener at 0.0.0.0/42459] INFO  reflections.Reflections (Reflections.java:scan(232)) - Reflections took 559 ms to scan 19 urls, producing 67 keys and 4509 values [using 2 cores]
2022-12-22 10:13:53,263 [Listener at 0.0.0.0/42459] INFO  ipc.CallQueueManager (CallQueueManager.java:<init>(90)) - Using callQueue: class java.util.concurrent.LinkedBlockingQueue, queueCapacity: 2000, scheduler: class org.apache.hadoop.ipc.DefaultRpcScheduler, ipcBackoff: false.
2022-12-22 10:13:53,265 [Socket Reader #1 for port 34995] INFO  ipc.Server (Server.java:run(1273)) - Starting Socket Reader #1 for port 34995
2022-12-22 10:13:53,306 [Listener at 127.0.0.1/34995] INFO  impl.MetricsSystemImpl (MetricsSystemImpl.java:init(158)) - OzoneManager metrics system started (again)
2022-12-22 10:13:53,322 [Listener at 127.0.0.1/34995] INFO  om.OzoneManager (OzoneManager.java:start(1486)) - OzoneManager RPC server is listening at localhost/127.0.0.1:34995
2022-12-22 10:13:53,322 [Listener at 127.0.0.1/34995] INFO  ratis.OzoneManagerRatisServer (OzoneManagerRatisServer.java:start(555)) - Starting OzoneManagerRatisServer omNode-1 at port 46153
2022-12-22 10:13:53,322 [omNode-1-impl-thread1] INFO  storage.RaftStorageDirectory (RaftStorageDirectoryImpl.java:analyzeStorage(137)) - The storage directory /home/runner/work/ozone/ozone/hadoop-ozone/integration-test/target/test-dir/MiniOzoneClusterImpl-25092133-3ddf-4dd3-9c34-1a0a2119317e/omNode-1/ratis/0718e334-ffa1-36bc-8e9a-0aac5367b30e does not exist. Creating ...
2022-12-22 10:13:53,323 [omNode-1-impl-thread1] INFO  storage.RaftStorageDirectory (RaftStorageDirectoryImpl.java:tryLock(231)) - Lock on /home/runner/work/ozone/ozone/hadoop-ozone/integration-test/target/test-dir/MiniOzoneClusterImpl-25092133-3ddf-4dd3-9c34-1a0a2119317e/omNode-1/ratis/0718e334-ffa1-36bc-8e9a-0aac5367b30e/in_use.lock acquired by nodename 33150@fv-az345-686
2022-12-22 10:13:53,324 [omNode-1-impl-thread1] INFO  storage.RaftStorage (RaftStorageImpl.java:format(96)) - Storage directory /home/runner/work/ozone/ozone/hadoop-ozone/integration-test/target/test-dir/MiniOzoneClusterImpl-25092133-3ddf-4dd3-9c34-1a0a2119317e/omNode-1/ratis/0718e334-ffa1-36bc-8e9a-0aac5367b30e has been successfully formatted.
2022-12-22 10:13:53,325 [omNode-1-impl-thread1] INFO  server.RaftServerConfigKeys (ConfUtils.java:logGet(46)) - raft.server.log.use.memory = false (default)
2022-12-22 10:13:53,325 [omNode-1-impl-thread1] INFO  server.RaftServerConfigKeys (ConfUtils.java:logGet(46)) - raft.server.log.purge.gap = 1000000 (custom)
2022-12-22 10:13:53,325 [omNode-1-impl-thread1] INFO  server.RaftServerConfigKeys (ConfUtils.java:logGet(46)) - raft.server.log.appender.buffer.byte-limit = 33554432 (custom)
2022-12-22 10:13:53,325 [omNode-1-impl-thread1] INFO  server.RaftServerConfigKeys (ConfUtils.java:logGet(46)) - raft.server.log.statemachine.data.read.timeout = 1000ms (default)
2022-12-22 10:13:53,325 [omNode-1-impl-thread1] INFO  server.RaftServerConfigKeys (ConfUtils.java:logGet(46)) - raft.server.log.purge.preservation.log.num = 0 (default)
2022-12-22 10:13:53,325 [omNode-1-impl-thread1] INFO  server.RaftServerConfigKeys (ConfUtils.java:logGet(46)) - raft.server.log.segment.size.max = 4194304 (custom)
2022-12-22 10:13:53,326 [omNode-1-impl-thread1] INFO  server.RaftServerConfigKeys (ConfUtils.java:logGet(46)) - raft.server.log.segment.cache.num.max = 2 (custom)
2022-12-22 10:13:53,326 [omNode-1-impl-thread1] INFO  server.RaftServerConfigKeys (ConfUtils.java:logGet(46)) - raft.server.log.segment.cache.size.max = 200MB (=209715200) (default)
2022-12-22 10:13:53,326 [omNode-1-impl-thread1] INFO  segmented.SegmentedRaftLogWorker (SegmentedRaftLogWorker.java:<init>(189)) - new omNode-1@group-0AAC5367B30E-SegmentedRaftLogWorker for RaftStorageImpl:Storage Directory /home/runner/work/ozone/ozone/hadoop-ozone/integration-test/target/test-dir/MiniOzoneClusterImpl-25092133-3ddf-4dd3-9c34-1a0a2119317e/omNode-1/ratis/0718e334-ffa1-36bc-8e9a-0aac5367b30e
2022-12-22 10:13:53,326 [omNode-1-impl-thread1] INFO  server.RaftServerConfigKeys (ConfUtils.java:logGet(46)) - raft.server.log.queue.byte-limit = 64MB (=67108864) (default)
2022-12-22 10:13:53,326 [omNode-1-impl-thread1] INFO  server.RaftServerConfigKeys (ConfUtils.java:logGet(46)) - raft.server.log.queue.element-limit = 4096 (default)
2022-12-22 10:13:53,326 [omNode-1-impl-thread1] INFO  server.RaftServerConfigKeys (ConfUtils.java:logGet(46)) - raft.server.log.segment.size.max = 4194304 (custom)
2022-12-22 10:13:53,326 [omNode-1-impl-thread1] INFO  server.RaftServerConfigKeys (ConfUtils.java:logGet(46)) - raft.server.log.preallocated.size = 4194304 (custom)
2022-12-22 10:13:53,326 [omNode-1-impl-thread1] INFO  server.RaftServerConfigKeys (ConfUtils.java:logGet(46)) - raft.server.log.force.sync.num = 128 (default)
2022-12-22 10:13:53,326 [omNode-1-impl-thread1] INFO  server.RaftServerConfigKeys (ConfUtils.java:logGet(46)) - raft.server.log.statemachine.data.sync = true (default)
2022-12-22 10:13:53,326 [omNode-1-impl-thread1] INFO  server.RaftServerConfigKeys (ConfUtils.java:logGet(46)) - raft.server.log.statemachine.data.sync.timeout = 10s (default)
2022-12-22 10:13:53,326 [omNode-1-impl-thread1] INFO  server.RaftServerConfigKeys (ConfUtils.java:logGet(46)) - raft.server.log.statemachine.data.sync.timeout.retry = -1 (default)
2022-12-22 10:13:53,327 [omNode-1-impl-thread1] INFO  server.RaftServerConfigKeys (ConfUtils.java:logGet(46)) - raft.server.log.write.buffer.size = 64KB (=65536) (default)
2022-12-22 10:13:53,327 [omNode-1-impl-thread1] INFO  server.RaftServerConfigKeys (ConfUtils.java:logGet(46)) - raft.server.log.appender.buffer.byte-limit = 33554432 (custom)
2022-12-22 10:13:53,333 [omNode-1-impl-thread1] INFO  server.RaftServerConfigKeys (ConfUtils.java:logGet(46)) - raft.server.log.unsafe-flush.enabled = false (default)
2022-12-22 10:13:53,333 [omNode-1-impl-thread1] INFO  server.RaftServerConfigKeys (ConfUtils.java:logGet(46)) - raft.server.log.async-flush.enabled = false (default)
2022-12-22 10:13:53,333 [omNode-1-impl-thread1] INFO  server.RaftServerConfigKeys (ConfUtils.java:logGet(46)) - raft.server.log.statemachine.data.caching.enabled = false (default)
2022-12-22 10:13:53,335 [omNode-1-impl-thread1] INFO  segmented.SegmentedRaftLogWorker (SegmentedRaftLogWorker.java:lambda$new$0(135)) - omNode-1@group-0AAC5367B30E-SegmentedRaftLogWorker: flushIndex: setUnconditionally 0 -> -1
2022-12-22 10:13:53,335 [omNode-1-impl-thread1] INFO  segmented.SegmentedRaftLogWorker (SegmentedRaftLogWorker.java:lambda$new$0(135)) - omNode-1@group-0AAC5367B30E-SegmentedRaftLogWorker: safeCacheEvictIndex: setUnconditionally 0 -> -1
2022-12-22 10:13:53,335 [omNode-1-impl-thread1] INFO  server.RaftServer$Division (RaftServerImpl.java:start(334)) - omNode-1@group-0AAC5367B30E: start as a follower, conf=-1: peers:[omNode-3|rpc:localhost:37735|priority:0|startupRole:FOLLOWER, omNode-1|rpc:localhost:46153|priority:0|startupRole:FOLLOWER, omNode-2|rpc:localhost:37697|priority:0|startupRole:FOLLOWER]|listeners:[], old=null
2022-12-22 10:13:53,335 [omNode-1-impl-thread1] INFO  server.RaftServer$Division (RaftServerImpl.java:setRole(321)) - omNode-1@group-0AAC5367B30E: changes role from      null to FOLLOWER at term 0 for startAsFollower
2022-12-22 10:13:53,337 [omNode-1-impl-thread1] INFO  impl.RoleInfo (RoleInfo.java:updateAndGet(139)) - omNode-1: start omNode-1@group-0AAC5367B30E-FollowerState
2022-12-22 10:13:53,337 [omNode-1-impl-thread1] INFO  util.JmxRegister (JmxRegister.java:tryRegister(44)) - Successfully registered JMX Bean with object name Ratis:service=RaftServer,group=group-0AAC5367B30E,id=omNode-1
2022-12-22 10:13:53,337 [omNode-1-impl-thread1] INFO  server.RaftServerConfigKeys (ConfUtils.java:logGet(46)) - raft.server.snapshot.auto.trigger.enabled = true (custom)
2022-12-22 10:13:53,337 [omNode-1-impl-thread1] INFO  server.RaftServerConfigKeys (ConfUtils.java:logGet(46)) - raft.server.snapshot.auto.trigger.threshold = 400000 (default)
2022-12-22 10:13:53,337 [omNode-1-impl-thread1] INFO  server.RaftServerConfigKeys (ConfUtils.java:logGet(46)) - raft.server.snapshot.retention.file.num = -1 (default)
2022-12-22 10:13:53,337 [omNode-1-impl-thread1] INFO  server.RaftServerConfigKeys (ConfUtils.java:logGet(46)) - raft.server.log.purge.upto.snapshot.index = true (custom)
2022-12-22 10:13:53,339 [omNode-1@group-0AAC5367B30E-FollowerState] INFO  server.RaftServerConfigKeys (ConfUtils.java:logFallback(53)) - raft.server.rpc.first-election.timeout.min = 1s (fallback to raft.server.rpc.timeout.min)
2022-12-22 10:13:53,339 [omNode-1@group-0AAC5367B30E-FollowerState] INFO  server.RaftServerConfigKeys (ConfUtils.java:logFallback(53)) - raft.server.rpc.first-election.timeout.max = 1200ms (fallback to raft.server.rpc.timeout.max)
2022-12-22 10:13:53,339 [Listener at 127.0.0.1/34995] INFO  server.RaftServer (RaftServerProxy.java:startImpl(393)) - omNode-1: start RPC server
2022-12-22 10:13:53,348 [Listener at 127.0.0.1/34995] INFO  server.GrpcService (GrpcService.java:startImpl(262)) - omNode-1: GrpcService started, listening on 46153
2022-12-22 10:13:53,351 [Listener at 127.0.0.1/34995] INFO  om.OzoneManager (OzoneManager.java:start(1502)) - Version File has different layout version (3) than OM DB (null). That is expected if this OM has never been finalized to a newer layout version.
2022-12-22 10:13:53,353 [JvmPauseMonitor2] INFO  util.JvmPauseMonitor (JvmPauseMonitor.java:run(105)) - JvmPauseMonitor-omNode-1: Started
2022-12-22 10:13:53,367 [Listener at 127.0.0.1/34995] INFO  http.BaseHttpServer (BaseHttpServer.java:newHttpServer2BuilderForOzone(213)) - Starting Web-server for ozoneManager at: http://0.0.0.0:34851
2022-12-22 10:13:53,367 [Listener at 127.0.0.1/34995] INFO  http.BaseHttpServer (BaseHttpServer.java:<init>(108)) - Hadoop Security Enabled: false Ozone Security Enabled: false Ozone HTTP Security Enabled: false 
2022-12-22 10:13:53,368 [Listener at 127.0.0.1/34995] WARN  server.AuthenticationFilter (AuthenticationFilter.java:constructSecretProvider(240)) - Unable to initialize FileSignerSecretProvider, falling back to use random secrets. Reason: Could not read signature secret file: /home/runner/hadoop-http-auth-signature-secret
2022-12-22 10:13:53,371 [Listener at 127.0.0.1/34995] WARN  http.HttpRequestLog (HttpRequestLog.java:getRequestLog(103)) - Jetty request log can only be enabled using Log4j
2022-12-22 10:13:53,372 [Listener at 127.0.0.1/34995] INFO  http.HttpServer2 (HttpServer2.java:addGlobalFilter(1031)) - Added global filter 'safety' (class=org.apache.hadoop.hdds.server.http.HttpServer2$QuotingInputFilter)
2022-12-22 10:13:53,374 [Listener at 127.0.0.1/34995] INFO  http.HttpServer2 (HttpServer2.java:addFilter(1007)) - Added filter static_user_filter (class=org.apache.hadoop.http.lib.StaticUserWebFilter$StaticUserFilter) to context ozoneManager
2022-12-22 10:13:53,374 [Listener at 127.0.0.1/34995] INFO  http.HttpServer2 (HttpServer2.java:addFilter(1015)) - Added filter static_user_filter (class=org.apache.hadoop.http.lib.StaticUserWebFilter$StaticUserFilter) to context logs
2022-12-22 10:13:53,374 [Listener at 127.0.0.1/34995] INFO  http.HttpServer2 (HttpServer2.java:addFilter(1015)) - Added filter static_user_filter (class=org.apache.hadoop.http.lib.StaticUserWebFilter$StaticUserFilter) to context static
2022-12-22 10:13:53,378 [Listener at 127.0.0.1/34995] INFO  http.HttpServer2 (HttpServer2.java:bindListener(1250)) - Jetty bound to port 34851
2022-12-22 10:13:53,378 [Listener at 127.0.0.1/34995] INFO  server.Server (Server.java:doStart(375)) - jetty-9.4.49.v20220914; built: 2022-09-14T01:07:36.601Z; git: 4231a3b2e4cb8548a412a789936d640a97b1aa0a; jvm 1.8.0_352-b08
2022-12-22 10:13:53,379 [Listener at 127.0.0.1/34995] INFO  server.session (DefaultSessionIdManager.java:doStart(334)) - DefaultSessionIdManager workerName=node0
2022-12-22 10:13:53,379 [Listener at 127.0.0.1/34995] INFO  server.session (DefaultSessionIdManager.java:doStart(339)) - No SessionScavenger set, using defaults
2022-12-22 10:13:53,380 [Listener at 127.0.0.1/34995] INFO  server.session (HouseKeeper.java:startScavenging(132)) - node0 Scavenging every 660000ms
2022-12-22 10:13:53,380 [Listener at 127.0.0.1/34995] INFO  handler.ContextHandler (ContextHandler.java:doStart(921)) - Started o.e.j.s.ServletContextHandler@5b9bdb00{logs,/logs,file:///home/runner/work/ozone/ozone/hadoop-ozone/integration-test/target/log,AVAILABLE}
2022-12-22 10:13:53,381 [Listener at 127.0.0.1/34995] INFO  handler.ContextHandler (ContextHandler.java:doStart(921)) - Started o.e.j.s.ServletContextHandler@2c080bf5{static,/static,file:///home/runner/work/ozone/ozone/hadoop-ozone/integration-test/target/test-classes/webapps/static,AVAILABLE}
2022-12-22 10:13:53,384 [Listener at 127.0.0.1/34995] INFO  handler.ContextHandler (ContextHandler.java:doStart(921)) - Started o.e.j.w.WebAppContext@13c33a3d{ozoneManager,/,file:///home/runner/work/ozone/ozone/hadoop-ozone/integration-test/target/test-classes/webapps/ozoneManager/,AVAILABLE}{file:/home/runner/work/ozone/ozone/hadoop-ozone/integration-test/target/test-classes/webapps/ozoneManager}
2022-12-22 10:13:53,397 [Listener at 127.0.0.1/34995] INFO  server.AbstractConnector (AbstractConnector.java:doStart(333)) - Started ServerConnector@12aba7cb{HTTP/1.1, (http/1.1)}{0.0.0.0:34851}
2022-12-22 10:13:53,398 [Listener at 127.0.0.1/34995] INFO  server.Server (Server.java:doStart(415)) - Started @17129ms
2022-12-22 10:13:53,398 [Listener at 127.0.0.1/34995] WARN  impl.MetricsSystemImpl (MetricsSystemImpl.java:register(279)) - Sink prometheus already exists!
2022-12-22 10:13:53,398 [Listener at 127.0.0.1/34995] INFO  http.BaseHttpServer (BaseHttpServer.java:updateConnectorAddress(333)) - HTTP server of ozoneManager listening at http://0.0.0.0:34851
2022-12-22 10:13:53,399 [IPC Server Responder] INFO  ipc.Server (Server.java:run(1512)) - IPC Server Responder: starting
2022-12-22 10:13:53,399 [IPC Server listener on 34995] INFO  ipc.Server (Server.java:run(1352)) - IPC Server listener on 34995: starting
2022-12-22 10:13:53,400 [Listener at 127.0.0.1/34995] INFO  om.OzoneManager (OzoneManager.java:startTrashEmptier(1923)) - Trash Interval set to 0. Files deleted won't move to trash
2022-12-22 10:13:53,401 [Listener at 127.0.0.1/34995] INFO  ozone.MiniOzoneHAClusterImpl (MiniOzoneHAClusterImpl.java:createOMService(527)) - Started OzoneManager omNode-1 RPC server at localhost/127.0.0.1:34995
2022-12-22 10:13:53,402 [Listener at 127.0.0.1/34995] INFO  ha.OMHANodeDetails (OMHANodeDetails.java:loadOMHAConfig(121)) - ServiceID for OzoneManager is om-add-remove
2022-12-22 10:13:53,402 [Listener at 127.0.0.1/34995] INFO  ha.OMHANodeDetails (OMHANodeDetails.java:loadOMHAConfig(201)) - Found matching OM address with OMServiceId: om-add-remove, OMNodeId: omNode-2, RPC Address: localhost:46173 and Ratis port: 37697
2022-12-22 10:13:53,402 [Listener at 127.0.0.1/34995] INFO  ha.OMHANodeDetails (ConfUtils.java:setNodeSpecificConfigs(97)) - Setting configuration key ozone.om.http-address with value of key ozone.om.http-address.om-add-remove.omNode-2: 127.0.0.1:44755
2022-12-22 10:13:53,403 [Listener at 127.0.0.1/34995] INFO  ha.OMHANodeDetails (ConfUtils.java:setNodeSpecificConfigs(97)) - Setting configuration key ozone.om.https-address with value of key ozone.om.https-address.om-add-remove.omNode-2: 127.0.0.1:35831
2022-12-22 10:13:53,403 [Listener at 127.0.0.1/34995] INFO  ha.OMHANodeDetails (ConfUtils.java:setNodeSpecificConfigs(97)) - Setting configuration key ozone.om.address with value of key ozone.om.address.om-add-remove.omNode-2: 127.0.0.1:46173
2022-12-22 10:13:53,403 [Listener at 127.0.0.1/34995] WARN  server.ServerUtils (ServerUtils.java:getDBPath(225)) - ozone.om.db.dirs is not configured. We recommend adding this setting. Falling back to ozone.metadata.dirs instead.
2022-12-22 10:13:53,404 [Listener at 127.0.0.1/34995] INFO  ha.SCMNodeInfo (SCMNodeInfo.java:getPort(197)) - ConfigKey ozone.scm.client.address is deprecated, For configuring different ports for each SCM use PortConfigKey ozone.scm.client.port appended with serviceId and nodeId
2022-12-22 10:13:53,404 [Listener at 127.0.0.1/34995] INFO  ha.SCMNodeInfo (SCMNodeInfo.java:getPort(197)) - ConfigKey ozone.scm.block.client.address is deprecated, For configuring different ports for each SCM use PortConfigKey ozone.scm.block.client.port appended with serviceId and nodeId
2022-12-22 10:13:53,404 [Listener at 127.0.0.1/34995] INFO  ha.SCMNodeInfo (SCMNodeInfo.java:getPort(197)) - ConfigKey ozone.scm.datanode.address is deprecated, For configuring different ports for each SCM use PortConfigKey ozone.scm.datanode.port appended with serviceId and nodeId
2022-12-22 10:13:53,404 [Listener at 127.0.0.1/34995] INFO  proxy.SCMBlockLocationFailoverProxyProvider (SCMBlockLocationFailoverProxyProvider.java:<init>(114)) - Created block location fail-over proxy with 1 nodes: [nodeId=scmNode-1,nodeAddress=/127.0.0.1:35153]
2022-12-22 10:13:53,410 [org.apache.hadoop.util.JvmPauseMonitor$Monitor@2d048228] INFO  util.JvmPauseMonitor (JvmPauseMonitor.java:run(188)) - Starting JVM pause monitor
OM initialization succeeded.Current cluster id for sd=/home/runner/work/ozone/ozone/hadoop-ozone/integration-test/target/test-dir/MiniOzoneClusterImpl-25092133-3ddf-4dd3-9c34-1a0a2119317e/omNode-2/om;cid=25092133-3ddf-4dd3-9c34-1a0a2119317e;layoutVersion=3
2022-12-22 10:13:53,421 [Listener at 127.0.0.1/34995] INFO  ha.OMHANodeDetails (OMHANodeDetails.java:loadOMHAConfig(121)) - ServiceID for OzoneManager is om-add-remove
2022-12-22 10:13:53,422 [Listener at 127.0.0.1/34995] INFO  ha.OMHANodeDetails (OMHANodeDetails.java:loadOMHAConfig(201)) - Found matching OM address with OMServiceId: om-add-remove, OMNodeId: omNode-2, RPC Address: localhost:46173 and Ratis port: 37697
2022-12-22 10:13:53,422 [Listener at 127.0.0.1/34995] INFO  ha.OMHANodeDetails (ConfUtils.java:setNodeSpecificConfigs(97)) - Setting configuration key ozone.om.http-address with value of key ozone.om.http-address.om-add-remove.omNode-2: 127.0.0.1:44755
2022-12-22 10:13:53,422 [Listener at 127.0.0.1/34995] INFO  ha.OMHANodeDetails (ConfUtils.java:setNodeSpecificConfigs(97)) - Setting configuration key ozone.om.https-address with value of key ozone.om.https-address.om-add-remove.omNode-2: 127.0.0.1:35831
2022-12-22 10:13:53,422 [Listener at 127.0.0.1/34995] INFO  ha.OMHANodeDetails (ConfUtils.java:setNodeSpecificConfigs(97)) - Setting configuration key ozone.om.address with value of key ozone.om.address.om-add-remove.omNode-2: 127.0.0.1:46173
2022-12-22 10:13:53,423 [Listener at 127.0.0.1/34995] WARN  server.ServerUtils (ServerUtils.java:getDBPath(225)) - ozone.om.db.dirs is not configured. We recommend adding this setting. Falling back to ozone.metadata.dirs instead.
2022-12-22 10:13:53,423 [Listener at 127.0.0.1/34995] INFO  upgrade.AbstractLayoutVersionManager (AbstractLayoutVersionManager.java:init(83)) - Initializing Layout version manager with metadata layout = MULTITENANCY_SCHEMA (version = 3), software layout = MULTITENANCY_SCHEMA (version = 3)
2022-12-22 10:13:53,517 [Listener at 127.0.0.1/34995] INFO  reflections.Reflections (Reflections.java:scan(232)) - Reflections took 93 ms to scan 2 urls, producing 154 keys and 428 values [using 2 cores]
2022-12-22 10:13:53,518 [Listener at 127.0.0.1/34995] INFO  upgrade.OMLayoutVersionManager (OMLayoutVersionManager.java:lambda$0(115)) - Skipping Upgrade Action MockOmUpgradeAction since it has been finalized.
2022-12-22 10:13:53,518 [Listener at 127.0.0.1/34995] WARN  server.ServerUtils (ServerUtils.java:getDBPath(225)) - ozone.om.db.dirs is not configured. We recommend adding this setting. Falling back to ozone.metadata.dirs instead.
2022-12-22 10:13:53,518 [Listener at 127.0.0.1/34995] INFO  ha.SCMNodeInfo (SCMNodeInfo.java:getPort(197)) - ConfigKey ozone.scm.client.address is deprecated, For configuring different ports for each SCM use PortConfigKey ozone.scm.client.port appended with serviceId and nodeId
2022-12-22 10:13:53,519 [Listener at 127.0.0.1/34995] INFO  ha.SCMNodeInfo (SCMNodeInfo.java:getPort(197)) - ConfigKey ozone.scm.block.client.address is deprecated, For configuring different ports for each SCM use PortConfigKey ozone.scm.block.client.port appended with serviceId and nodeId
2022-12-22 10:13:53,519 [Listener at 127.0.0.1/34995] INFO  ha.SCMNodeInfo (SCMNodeInfo.java:getPort(197)) - ConfigKey ozone.scm.datanode.address is deprecated, For configuring different ports for each SCM use PortConfigKey ozone.scm.datanode.port appended with serviceId and nodeId
2022-12-22 10:13:53,519 [Listener at 127.0.0.1/34995] INFO  ha.SCMNodeInfo (SCMNodeInfo.java:getPort(197)) - ConfigKey ozone.scm.client.address is deprecated, For configuring different ports for each SCM use PortConfigKey ozone.scm.client.port appended with serviceId and nodeId
2022-12-22 10:13:53,519 [Listener at 127.0.0.1/34995] INFO  ha.SCMNodeInfo (SCMNodeInfo.java:getPort(197)) - ConfigKey ozone.scm.block.client.address is deprecated, For configuring different ports for each SCM use PortConfigKey ozone.scm.block.client.port appended with serviceId and nodeId
2022-12-22 10:13:53,519 [Listener at 127.0.0.1/34995] INFO  ha.SCMNodeInfo (SCMNodeInfo.java:getPort(197)) - ConfigKey ozone.scm.datanode.address is deprecated, For configuring different ports for each SCM use PortConfigKey ozone.scm.datanode.port appended with serviceId and nodeId
2022-12-22 10:13:53,519 [Listener at 127.0.0.1/34995] INFO  proxy.SCMBlockLocationFailoverProxyProvider (SCMBlockLocationFailoverProxyProvider.java:<init>(114)) - Created block location fail-over proxy with 1 nodes: [nodeId=scmNode-1,nodeAddress=/127.0.0.1:35153]
2022-12-22 10:13:53,530 [Listener at 127.0.0.1/34995] INFO  ha.SCMNodeInfo (SCMNodeInfo.java:getPort(197)) - ConfigKey ozone.scm.client.address is deprecated, For configuring different ports for each SCM use PortConfigKey ozone.scm.client.port appended with serviceId and nodeId
2022-12-22 10:13:53,530 [Listener at 127.0.0.1/34995] INFO  ha.SCMNodeInfo (SCMNodeInfo.java:getPort(197)) - ConfigKey ozone.scm.block.client.address is deprecated, For configuring different ports for each SCM use PortConfigKey ozone.scm.block.client.port appended with serviceId and nodeId
2022-12-22 10:13:53,530 [Listener at 127.0.0.1/34995] INFO  ha.SCMNodeInfo (SCMNodeInfo.java:getPort(197)) - ConfigKey ozone.scm.datanode.address is deprecated, For configuring different ports for each SCM use PortConfigKey ozone.scm.datanode.port appended with serviceId and nodeId
2022-12-22 10:13:53,530 [Listener at 127.0.0.1/34995] INFO  proxy.SCMBlockLocationFailoverProxyProvider (SCMBlockLocationFailoverProxyProvider.java:<init>(114)) - Created block location fail-over proxy with 1 nodes: [nodeId=scmNode-1,nodeAddress=/127.0.0.1:35153]
2022-12-22 10:13:53,542 [Listener at 127.0.0.1/34995] WARN  server.ServerUtils (ServerUtils.java:getDBPath(225)) - ozone.om.db.dirs is not configured. We recommend adding this setting. Falling back to ozone.metadata.dirs instead.
2022-12-22 10:13:53,542 [Listener at 127.0.0.1/34995] INFO  codec.OmKeyInfoCodec (OmKeyInfoCodec.java:<init>(49)) - OmKeyInfoCodec ignorePipeline = true
2022-12-22 10:13:53,542 [Listener at 127.0.0.1/34995] INFO  codec.RepeatedOmKeyInfoCodec (RepeatedOmKeyInfoCodec.java:<init>(41)) - RepeatedOmKeyInfoCodec ignorePipeline = true
2022-12-22 10:13:53,682 [Listener at 127.0.0.1/34995] INFO  om.OzoneManager (OzoneManager.java:instantiateServices(717)) - S3 Multi-Tenancy is disabled
2022-12-22 10:13:53,684 [Listener at 127.0.0.1/34995] INFO  om.OzoneManager (OzoneManager.java:addS3GVolumeToDB(4402)) - Created Volume s3v With Owner runner required for S3Gateway operations.
2022-12-22 10:13:53,684 [Listener at 127.0.0.1/34995] WARN  server.ServerUtils (ServerUtils.java:getDefaultRatisDirectory(237)) - Storage directory for Ratis is not configured. It is a good idea to map this to an SSD disk. Falling back to ozone.metadata.dirs
2022-12-22 10:13:53,684 [Listener at 127.0.0.1/34995] WARN  utils.OzoneManagerRatisUtils (OzoneManagerRatisUtils.java:getOMRatisSnapshotDirectory(434)) - ozone.om.ratis.snapshot.dir is not configured. Falling back to ozone.metadata.dirs config
2022-12-22 10:13:53,684 [Listener at 127.0.0.1/34995] INFO  snapshot.OzoneManagerSnapshotProvider (OzoneManagerSnapshotProvider.java:<init>(76)) - Initializing OM Snapshot Provider
2022-12-22 10:13:53,688 [Listener at 127.0.0.1/34995] WARN  impl.MetricRegistriesImpl (MetricRegistriesImpl.java:addReporterRegistration(111)) - New reporters are added after registries were created. Some metrics will be missing from the reporter. Please add reporter before adding any new registry.
2022-12-22 10:13:53,688 [Listener at 127.0.0.1/34995] WARN  impl.MetricRegistriesImpl (MetricRegistriesImpl.java:addReporterRegistration(111)) - New reporters are added after registries were created. Some metrics will be missing from the reporter. Please add reporter before adding any new registry.
2022-12-22 10:13:53,688 [Listener at 127.0.0.1/34995] WARN  server.ServerUtils (ServerUtils.java:getDefaultRatisDirectory(237)) - Storage directory for Ratis is not configured. It is a good idea to map this to an SSD disk. Falling back to ozone.metadata.dirs
2022-12-22 10:13:53,690 [Listener at 127.0.0.1/34995] INFO  ratis.OzoneManagerRatisServer (OzoneManagerRatisServer.java:<init>(160)) - Instantiating OM Ratis server with groupID: om-add-remove and peers: localhost:37697, localhost:37735, localhost:46153
2022-12-22 10:13:53,690 [Listener at 127.0.0.1/34995] INFO  ratis.OzoneManagerStateMachine (OzoneManagerStateMachine.java:loadSnapshotInfoFromDB(636)) - LastAppliedIndex is set from TransactionInfo from OM DB as (t:0, i:~)
2022-12-22 10:13:53,690 [Listener at 127.0.0.1/34995] INFO  server.RaftServer (ConfUtils.java:logGet(46)) - raft.rpc.type = GRPC (default)
2022-12-22 10:13:53,691 [Listener at 127.0.0.1/34995] INFO  grpc.GrpcConfigKeys (ConfUtils.java:logFallback(53)) - raft.grpc.admin.host = null (fallback to raft.grpc.server.host)
2022-12-22 10:13:53,691 [Listener at 127.0.0.1/34995] INFO  grpc.GrpcConfigKeys (ConfUtils.java:logFallback(53)) - raft.grpc.admin.port = 37697 (fallback to raft.grpc.server.port)
2022-12-22 10:13:53,691 [Listener at 127.0.0.1/34995] INFO  grpc.GrpcConfigKeys (ConfUtils.java:logFallback(53)) - raft.grpc.client.host = null (fallback to raft.grpc.server.host)
2022-12-22 10:13:53,691 [Listener at 127.0.0.1/34995] INFO  grpc.GrpcConfigKeys (ConfUtils.java:logFallback(53)) - raft.grpc.client.port = 37697 (fallback to raft.grpc.server.port)
2022-12-22 10:13:53,691 [Listener at 127.0.0.1/34995] INFO  grpc.GrpcConfigKeys (ConfUtils.java:logGet(46)) - raft.grpc.server.host = null (default)
2022-12-22 10:13:53,691 [Listener at 127.0.0.1/34995] INFO  grpc.GrpcConfigKeys (ConfUtils.java:logGet(46)) - raft.grpc.server.port = 37697 (custom)
2022-12-22 10:13:53,691 [Listener at 127.0.0.1/34995] INFO  server.GrpcService (ConfUtils.java:logGet(46)) - raft.grpc.message.size.max = 33554432 (custom)
2022-12-22 10:13:53,691 [Listener at 127.0.0.1/34995] INFO  server.RaftServerConfigKeys (ConfUtils.java:logGet(46)) - raft.server.log.appender.buffer.byte-limit = 33554432 (custom)
2022-12-22 10:13:53,691 [Listener at 127.0.0.1/34995] INFO  server.GrpcService (ConfUtils.java:logGet(46)) - raft.grpc.flow.control.window = 1MB (=1048576) (default)
2022-12-22 10:13:53,692 [Listener at 127.0.0.1/34995] INFO  server.RaftServerConfigKeys (ConfUtils.java:logGet(46)) - raft.server.rpc.request.timeout = 3000ms (default)
2022-12-22 10:13:53,692 [Listener at 127.0.0.1/34995] INFO  grpc.GrpcConfigKeys (ConfUtils.java:logGet(46)) - raft.grpc.server.heartbeat.channel = true (default)
2022-12-22 10:13:53,692 [Listener at 127.0.0.1/34995] INFO  grpc.GrpcConfigKeys (ConfUtils.java:logGet(46)) - raft.grpc.server.async.request.thread.pool.cached = true (default)
2022-12-22 10:13:53,692 [Listener at 127.0.0.1/34995] INFO  grpc.GrpcConfigKeys (ConfUtils.java:logGet(46)) - raft.grpc.server.async.request.thread.pool.size = 32 (default)
2022-12-22 10:13:53,693 [Listener at 127.0.0.1/34995] INFO  impl.DataStreamServerImpl (ConfUtils.java:logGet(46)) - raft.datastream.type = NETTY (custom)
2022-12-22 10:13:53,693 [Listener at 127.0.0.1/34995] INFO  server.RaftServerConfigKeys (ConfUtils.java:logGet(46)) - raft.server.data-stream.async.request.thread.pool.cached = false (default)
2022-12-22 10:13:53,693 [Listener at 127.0.0.1/34995] INFO  server.RaftServerConfigKeys (ConfUtils.java:logGet(46)) - raft.server.data-stream.async.request.thread.pool.size = 32 (default)
2022-12-22 10:13:53,694 [Listener at 127.0.0.1/34995] INFO  server.RaftServerConfigKeys (ConfUtils.java:logGet(46)) - raft.server.data-stream.async.write.thread.pool.size = 16 (default)
2022-12-22 10:13:53,694 [Listener at 127.0.0.1/34995] INFO  server.RaftServerConfigKeys (ConfUtils.java:logGet(46)) - raft.server.data-stream.client.pool.size = 10 (default)
2022-12-22 10:13:53,694 [Listener at 127.0.0.1/34995] INFO  netty.NettyConfigKeys$DataStream (ConfUtils.java:logGet(46)) - raft.netty.dataStream.server.use-epoll = false (default)
2022-12-22 10:13:53,694 [Listener at 127.0.0.1/34995] INFO  netty.NettyConfigKeys$DataStream (ConfUtils.java:logGet(46)) - raft.netty.dataStream.server.boss-group.size = 0 (default)
2022-12-22 10:13:53,694 [Listener at 127.0.0.1/34995] INFO  netty.NettyConfigKeys$DataStream (ConfUtils.java:logGet(46)) - raft.netty.dataStream.server.worker-group.size = 0 (default)
2022-12-22 10:13:53,695 [Listener at 127.0.0.1/34995] INFO  netty.NettyConfigKeys$DataStream (ConfUtils.java:logGet(46)) - raft.netty.dataStream.server.tls.conf = null (default)
2022-12-22 10:13:53,695 [Listener at 127.0.0.1/34995] INFO  netty.NettyConfigKeys$DataStream (ConfUtils.java:logGet(46)) - raft.netty.dataStream.host = null (default)
2022-12-22 10:13:53,695 [Listener at 127.0.0.1/34995] INFO  netty.NettyConfigKeys$DataStream (ConfUtils.java:logGet(46)) - raft.netty.dataStream.port = 0 (default)
2022-12-22 10:13:53,697 [Listener at 127.0.0.1/34995] INFO  server.RaftServerConfigKeys (ConfUtils.java:logGet(46)) - raft.server.threadpool.proxy.cached = true (default)
2022-12-22 10:13:53,697 [Listener at 127.0.0.1/34995] INFO  server.RaftServerConfigKeys (ConfUtils.java:logGet(46)) - raft.server.threadpool.proxy.size = 0 (default)
2022-12-22 10:13:53,698 [Listener at 127.0.0.1/34995] INFO  server.RaftServerConfigKeys (ConfUtils.java:logGet(46)) - raft.server.rpc.slowness.timeout = 2s (custom)
2022-12-22 10:13:53,698 [Listener at 127.0.0.1/34995] INFO  server.RaftServerConfigKeys (ConfUtils.java:logGet(46)) - raft.server.leaderelection.leader.step-down.wait-time = 10s (default)
2022-12-22 10:13:53,698 [Listener at 127.0.0.1/34995] INFO  server.RaftServerConfigKeys (ConfUtils.java:logGet(46)) - raft.server.storage.dir = [/home/runner/work/ozone/ozone/hadoop-ozone/integration-test/target/test-dir/MiniOzoneClusterImpl-25092133-3ddf-4dd3-9c34-1a0a2119317e/omNode-2/ratis] (custom)
2022-12-22 10:13:53,701 [Listener at 127.0.0.1/34995] INFO  server.RaftServer (RaftServerProxy.java:addNew(96)) - omNode-2: addNew group-0AAC5367B30E:[omNode-3|rpc:localhost:37735|priority:0|startupRole:FOLLOWER, omNode-1|rpc:localhost:46153|priority:0|startupRole:FOLLOWER, omNode-2|rpc:localhost:37697|priority:0|startupRole:FOLLOWER] returns group-0AAC5367B30E:java.util.concurrent.CompletableFuture@360b1105[Not completed]
2022-12-22 10:13:53,702 [omNode-2-NettyServerStreamRpc-bossGroup--thread1] INFO  logging.LoggingHandler (AbstractInternalLogger.java:log(148)) - [id: 0xa87ca1bd] REGISTERED
2022-12-22 10:13:53,702 [omNode-2-NettyServerStreamRpc-bossGroup--thread1] INFO  logging.LoggingHandler (AbstractInternalLogger.java:log(148)) - [id: 0xa87ca1bd] BIND: 0.0.0.0/0.0.0.0:0
2022-12-22 10:13:53,702 [pool-87-thread-1] INFO  server.RaftServer$Division (RaftServerImpl.java:<init>(195)) - omNode-2: new RaftServerImpl for group-0AAC5367B30E:[omNode-3|rpc:localhost:37735|priority:0|startupRole:FOLLOWER, omNode-1|rpc:localhost:46153|priority:0|startupRole:FOLLOWER, omNode-2|rpc:localhost:37697|priority:0|startupRole:FOLLOWER] with OzoneManagerStateMachine:uninitialized
2022-12-22 10:13:53,702 [Listener at 127.0.0.1/34995] INFO  om.OzoneManager (OzoneManager.java:initializeRatisServer(1979)) - OzoneManager Ratis server initialized at port 37697
2022-12-22 10:13:53,702 [pool-87-thread-1] INFO  server.RaftServerConfigKeys (ConfUtils.java:logGet(46)) - raft.server.rpc.timeout.min = 1s (custom)
2022-12-22 10:13:53,702 [pool-87-thread-1] INFO  server.RaftServerConfigKeys (ConfUtils.java:logGet(46)) - raft.server.rpc.timeout.max = 1200ms (custom)
2022-12-22 10:13:53,702 [pool-87-thread-1] INFO  server.RaftServerConfigKeys (ConfUtils.java:logGet(46)) - raft.server.rpc.sleep.time = 25ms (default)
2022-12-22 10:13:53,702 [pool-87-thread-1] INFO  server.RaftServerConfigKeys (ConfUtils.java:logGet(46)) - raft.server.rpc.slowness.timeout = 2s (custom)
2022-12-22 10:13:53,702 [pool-87-thread-1] INFO  server.RaftServerConfigKeys (ConfUtils.java:logGet(46)) - raft.server.leaderelection.leader.step-down.wait-time = 10s (default)
2022-12-22 10:13:53,702 [pool-87-thread-1] INFO  server.RaftServerConfigKeys (ConfUtils.java:logGet(46)) - raft.server.sleep.deviation.threshold = 300ms (default)
2022-12-22 10:13:53,703 [pool-87-thread-1] INFO  server.RaftServer$Division (ServerState.java:<init>(118)) - omNode-2@group-0AAC5367B30E: ConfigurationManager, init=-1: peers:[omNode-3|rpc:localhost:37735|priority:0|startupRole:FOLLOWER, omNode-1|rpc:localhost:46153|priority:0|startupRole:FOLLOWER, omNode-2|rpc:localhost:37697|priority:0|startupRole:FOLLOWER]|listeners:[], old=null, confs=<EMPTY_MAP>
2022-12-22 10:13:53,702 [omNode-2-NettyServerStreamRpc-bossGroup--thread1] INFO  logging.LoggingHandler (AbstractInternalLogger.java:log(148)) - [id: 0xa87ca1bd, L:/0:0:0:0:0:0:0:0:33005] ACTIVE
2022-12-22 10:13:53,704 [pool-87-thread-1] INFO  server.RaftServerConfigKeys (ConfUtils.java:logGet(46)) - raft.server.storage.dir = [/home/runner/work/ozone/ozone/hadoop-ozone/integration-test/target/test-dir/MiniOzoneClusterImpl-25092133-3ddf-4dd3-9c34-1a0a2119317e/omNode-2/ratis] (custom)
2022-12-22 10:13:53,704 [pool-87-thread-1] INFO  server.RaftServerConfigKeys (ConfUtils.java:logGet(46)) - raft.server.log.corruption.policy = EXCEPTION (default)
2022-12-22 10:13:53,704 [Listener at 127.0.0.1/34995] INFO  om.OzoneManager (OzoneManager.java:getRpcServer(1106)) - Creating RPC Server
2022-12-22 10:13:53,706 [pool-87-thread-1] INFO  server.RaftServerConfigKeys (ConfUtils.java:logGet(46)) - raft.server.storage.free-space.min = 0MB (=0) (default)
2022-12-22 10:13:53,706 [pool-87-thread-1] INFO  server.RaftServerConfigKeys (ConfUtils.java:logGet(46)) - raft.server.notification.no-leader.timeout = 2s (custom)
2022-12-22 10:13:53,706 [pool-87-thread-1] INFO  server.RaftServerConfigKeys (ConfUtils.java:logGet(46)) - raft.server.retrycache.expirytime = 300s (custom)
2022-12-22 10:13:53,708 [pool-87-thread-1] INFO  server.RaftServerConfigKeys (ConfUtils.java:logGet(46)) - raft.server.retrycache.statistics.expirytime = 100μs (default)
2022-12-22 10:13:53,725 [pool-87-thread-1] INFO  server.RaftServerConfigKeys (ConfUtils.java:logGet(46)) - raft.server.log.appender.install.snapshot.enabled = false (custom)
2022-12-22 10:13:53,725 [pool-87-thread-1] INFO  server.RaftServerConfigKeys (ConfUtils.java:logGet(46)) - raft.server.threadpool.server.cached = true (default)
2022-12-22 10:13:53,725 [pool-87-thread-1] INFO  server.RaftServerConfigKeys (ConfUtils.java:logGet(46)) - raft.server.threadpool.server.size = 0 (default)
2022-12-22 10:13:53,725 [pool-87-thread-1] INFO  server.RaftServerConfigKeys (ConfUtils.java:logGet(46)) - raft.server.threadpool.client.cached = true (default)
2022-12-22 10:13:53,726 [pool-87-thread-1] INFO  server.RaftServerConfigKeys (ConfUtils.java:logGet(46)) - raft.server.threadpool.client.size = 0 (default)
2022-12-22 10:13:54,172 [Listener at 127.0.0.1/34995] INFO  reflections.Reflections (Reflections.java:scan(232)) - Reflections took 465 ms to scan 19 urls, producing 67 keys and 4509 values [using 2 cores]
2022-12-22 10:13:54,174 [Listener at 127.0.0.1/34995] INFO  ipc.CallQueueManager (CallQueueManager.java:<init>(90)) - Using callQueue: class java.util.concurrent.LinkedBlockingQueue, queueCapacity: 2000, scheduler: class org.apache.hadoop.ipc.DefaultRpcScheduler, ipcBackoff: false.
2022-12-22 10:13:54,175 [Socket Reader #1 for port 46173] INFO  ipc.Server (Server.java:run(1273)) - Starting Socket Reader #1 for port 46173
2022-12-22 10:13:54,201 [Listener at 127.0.0.1/46173] INFO  impl.MetricsSystemImpl (MetricsSystemImpl.java:init(158)) - OzoneManager metrics system started (again)
2022-12-22 10:13:54,213 [Listener at 127.0.0.1/46173] INFO  om.OzoneManager (OzoneManager.java:start(1486)) - OzoneManager RPC server is listening at localhost/127.0.0.1:46173
2022-12-22 10:13:54,213 [Listener at 127.0.0.1/46173] INFO  ratis.OzoneManagerRatisServer (OzoneManagerRatisServer.java:start(555)) - Starting OzoneManagerRatisServer omNode-2 at port 37697
2022-12-22 10:13:54,213 [omNode-2-impl-thread1] INFO  storage.RaftStorageDirectory (RaftStorageDirectoryImpl.java:analyzeStorage(137)) - The storage directory /home/runner/work/ozone/ozone/hadoop-ozone/integration-test/target/test-dir/MiniOzoneClusterImpl-25092133-3ddf-4dd3-9c34-1a0a2119317e/omNode-2/ratis/0718e334-ffa1-36bc-8e9a-0aac5367b30e does not exist. Creating ...
2022-12-22 10:13:54,214 [omNode-2-impl-thread1] INFO  storage.RaftStorageDirectory (RaftStorageDirectoryImpl.java:tryLock(231)) - Lock on /home/runner/work/ozone/ozone/hadoop-ozone/integration-test/target/test-dir/MiniOzoneClusterImpl-25092133-3ddf-4dd3-9c34-1a0a2119317e/omNode-2/ratis/0718e334-ffa1-36bc-8e9a-0aac5367b30e/in_use.lock acquired by nodename 33150@fv-az345-686
2022-12-22 10:13:54,215 [omNode-2-impl-thread1] INFO  storage.RaftStorage (RaftStorageImpl.java:format(96)) - Storage directory /home/runner/work/ozone/ozone/hadoop-ozone/integration-test/target/test-dir/MiniOzoneClusterImpl-25092133-3ddf-4dd3-9c34-1a0a2119317e/omNode-2/ratis/0718e334-ffa1-36bc-8e9a-0aac5367b30e has been successfully formatted.
2022-12-22 10:13:54,216 [omNode-2-impl-thread1] INFO  server.RaftServerConfigKeys (ConfUtils.java:logGet(46)) - raft.server.log.use.memory = false (default)
2022-12-22 10:13:54,216 [omNode-2-impl-thread1] INFO  server.RaftServerConfigKeys (ConfUtils.java:logGet(46)) - raft.server.log.purge.gap = 1000000 (custom)
2022-12-22 10:13:54,216 [omNode-2-impl-thread1] INFO  server.RaftServerConfigKeys (ConfUtils.java:logGet(46)) - raft.server.log.appender.buffer.byte-limit = 33554432 (custom)
2022-12-22 10:13:54,216 [omNode-2-impl-thread1] INFO  server.RaftServerConfigKeys (ConfUtils.java:logGet(46)) - raft.server.log.statemachine.data.read.timeout = 1000ms (default)
2022-12-22 10:13:54,216 [omNode-2-impl-thread1] INFO  server.RaftServerConfigKeys (ConfUtils.java:logGet(46)) - raft.server.log.purge.preservation.log.num = 0 (default)
2022-12-22 10:13:54,216 [omNode-2-impl-thread1] INFO  server.RaftServerConfigKeys (ConfUtils.java:logGet(46)) - raft.server.log.segment.size.max = 4194304 (custom)
2022-12-22 10:13:54,217 [omNode-2-impl-thread1] INFO  server.RaftServerConfigKeys (ConfUtils.java:logGet(46)) - raft.server.log.segment.cache.num.max = 2 (custom)
2022-12-22 10:13:54,217 [omNode-2-impl-thread1] INFO  server.RaftServerConfigKeys (ConfUtils.java:logGet(46)) - raft.server.log.segment.cache.size.max = 200MB (=209715200) (default)
2022-12-22 10:13:54,217 [omNode-2-impl-thread1] INFO  segmented.SegmentedRaftLogWorker (SegmentedRaftLogWorker.java:<init>(189)) - new omNode-2@group-0AAC5367B30E-SegmentedRaftLogWorker for RaftStorageImpl:Storage Directory /home/runner/work/ozone/ozone/hadoop-ozone/integration-test/target/test-dir/MiniOzoneClusterImpl-25092133-3ddf-4dd3-9c34-1a0a2119317e/omNode-2/ratis/0718e334-ffa1-36bc-8e9a-0aac5367b30e
2022-12-22 10:13:54,217 [omNode-2-impl-thread1] INFO  server.RaftServerConfigKeys (ConfUtils.java:logGet(46)) - raft.server.log.queue.byte-limit = 64MB (=67108864) (default)
2022-12-22 10:13:54,217 [omNode-2-impl-thread1] INFO  server.RaftServerConfigKeys (ConfUtils.java:logGet(46)) - raft.server.log.queue.element-limit = 4096 (default)
2022-12-22 10:13:54,217 [omNode-2-impl-thread1] INFO  server.RaftServerConfigKeys (ConfUtils.java:logGet(46)) - raft.server.log.segment.size.max = 4194304 (custom)
2022-12-22 10:13:54,217 [omNode-2-impl-thread1] INFO  server.RaftServerConfigKeys (ConfUtils.java:logGet(46)) - raft.server.log.preallocated.size = 4194304 (custom)
2022-12-22 10:13:54,217 [omNode-2-impl-thread1] INFO  server.RaftServerConfigKeys (ConfUtils.java:logGet(46)) - raft.server.log.force.sync.num = 128 (default)
2022-12-22 10:13:54,217 [omNode-2-impl-thread1] INFO  server.RaftServerConfigKeys (ConfUtils.java:logGet(46)) - raft.server.log.statemachine.data.sync = true (default)
2022-12-22 10:13:54,217 [omNode-2-impl-thread1] INFO  server.RaftServerConfigKeys (ConfUtils.java:logGet(46)) - raft.server.log.statemachine.data.sync.timeout = 10s (default)
2022-12-22 10:13:54,217 [omNode-2-impl-thread1] INFO  server.RaftServerConfigKeys (ConfUtils.java:logGet(46)) - raft.server.log.statemachine.data.sync.timeout.retry = -1 (default)
2022-12-22 10:13:54,218 [omNode-2-impl-thread1] INFO  server.RaftServerConfigKeys (ConfUtils.java:logGet(46)) - raft.server.log.write.buffer.size = 64KB (=65536) (default)
2022-12-22 10:13:54,218 [omNode-2-impl-thread1] INFO  server.RaftServerConfigKeys (ConfUtils.java:logGet(46)) - raft.server.log.appender.buffer.byte-limit = 33554432 (custom)
2022-12-22 10:13:54,221 [omNode-2-impl-thread1] INFO  server.RaftServerConfigKeys (ConfUtils.java:logGet(46)) - raft.server.log.unsafe-flush.enabled = false (default)
2022-12-22 10:13:54,221 [omNode-2-impl-thread1] INFO  server.RaftServerConfigKeys (ConfUtils.java:logGet(46)) - raft.server.log.async-flush.enabled = false (default)
2022-12-22 10:13:54,221 [omNode-2-impl-thread1] INFO  server.RaftServerConfigKeys (ConfUtils.java:logGet(46)) - raft.server.log.statemachine.data.caching.enabled = false (default)
2022-12-22 10:13:54,222 [omNode-2-impl-thread1] INFO  segmented.SegmentedRaftLogWorker (SegmentedRaftLogWorker.java:lambda$new$0(135)) - omNode-2@group-0AAC5367B30E-SegmentedRaftLogWorker: flushIndex: setUnconditionally 0 -> -1
2022-12-22 10:13:54,222 [omNode-2-impl-thread1] INFO  segmented.SegmentedRaftLogWorker (SegmentedRaftLogWorker.java:lambda$new$0(135)) - omNode-2@group-0AAC5367B30E-SegmentedRaftLogWorker: safeCacheEvictIndex: setUnconditionally 0 -> -1
2022-12-22 10:13:54,223 [omNode-2-impl-thread1] INFO  server.RaftServer$Division (RaftServerImpl.java:start(334)) - omNode-2@group-0AAC5367B30E: start as a follower, conf=-1: peers:[omNode-3|rpc:localhost:37735|priority:0|startupRole:FOLLOWER, omNode-1|rpc:localhost:46153|priority:0|startupRole:FOLLOWER, omNode-2|rpc:localhost:37697|priority:0|startupRole:FOLLOWER]|listeners:[], old=null
2022-12-22 10:13:54,223 [omNode-2-impl-thread1] INFO  server.RaftServer$Division (RaftServerImpl.java:setRole(321)) - omNode-2@group-0AAC5367B30E: changes role from      null to FOLLOWER at term 0 for startAsFollower
2022-12-22 10:13:54,224 [omNode-2-impl-thread1] INFO  impl.RoleInfo (RoleInfo.java:updateAndGet(139)) - omNode-2: start omNode-2@group-0AAC5367B30E-FollowerState
2022-12-22 10:13:54,224 [omNode-2@group-0AAC5367B30E-FollowerState] INFO  server.RaftServerConfigKeys (ConfUtils.java:logFallback(53)) - raft.server.rpc.first-election.timeout.min = 1s (fallback to raft.server.rpc.timeout.min)
2022-12-22 10:13:54,224 [omNode-2@group-0AAC5367B30E-FollowerState] INFO  server.RaftServerConfigKeys (ConfUtils.java:logFallback(53)) - raft.server.rpc.first-election.timeout.max = 1200ms (fallback to raft.server.rpc.timeout.max)
2022-12-22 10:13:54,224 [omNode-2-impl-thread1] INFO  util.JmxRegister (JmxRegister.java:tryRegister(44)) - Successfully registered JMX Bean with object name Ratis:service=RaftServer,group=group-0AAC5367B30E,id=omNode-2
2022-12-22 10:13:54,225 [omNode-2-impl-thread1] INFO  server.RaftServerConfigKeys (ConfUtils.java:logGet(46)) - raft.server.snapshot.auto.trigger.enabled = true (custom)
2022-12-22 10:13:54,225 [omNode-2-impl-thread1] INFO  server.RaftServerConfigKeys (ConfUtils.java:logGet(46)) - raft.server.snapshot.auto.trigger.threshold = 400000 (default)
2022-12-22 10:13:54,225 [omNode-2-impl-thread1] INFO  server.RaftServerConfigKeys (ConfUtils.java:logGet(46)) - raft.server.snapshot.retention.file.num = -1 (default)
2022-12-22 10:13:54,225 [omNode-2-impl-thread1] INFO  server.RaftServerConfigKeys (ConfUtils.java:logGet(46)) - raft.server.log.purge.upto.snapshot.index = true (custom)
2022-12-22 10:13:54,229 [Listener at 127.0.0.1/46173] INFO  server.RaftServer (RaftServerProxy.java:startImpl(393)) - omNode-2: start RPC server
2022-12-22 10:13:54,230 [Listener at 127.0.0.1/46173] INFO  server.GrpcService (GrpcService.java:startImpl(262)) - omNode-2: GrpcService started, listening on 37697
2022-12-22 10:13:54,231 [JvmPauseMonitor3] INFO  util.JvmPauseMonitor (JvmPauseMonitor.java:run(105)) - JvmPauseMonitor-omNode-2: Started
2022-12-22 10:13:54,231 [Listener at 127.0.0.1/46173] INFO  om.OzoneManager (OzoneManager.java:start(1502)) - Version File has different layout version (3) than OM DB (null). That is expected if this OM has never been finalized to a newer layout version.
2022-12-22 10:13:54,233 [Listener at 127.0.0.1/46173] INFO  http.BaseHttpServer (BaseHttpServer.java:newHttpServer2BuilderForOzone(213)) - Starting Web-server for ozoneManager at: http://0.0.0.0:44755
2022-12-22 10:13:54,233 [Listener at 127.0.0.1/46173] INFO  http.BaseHttpServer (BaseHttpServer.java:<init>(108)) - Hadoop Security Enabled: false Ozone Security Enabled: false Ozone HTTP Security Enabled: false 
2022-12-22 10:13:54,235 [Listener at 127.0.0.1/46173] WARN  server.AuthenticationFilter (AuthenticationFilter.java:constructSecretProvider(240)) - Unable to initialize FileSignerSecretProvider, falling back to use random secrets. Reason: Could not read signature secret file: /home/runner/hadoop-http-auth-signature-secret
2022-12-22 10:13:54,235 [Listener at 127.0.0.1/46173] WARN  http.HttpRequestLog (HttpRequestLog.java:getRequestLog(103)) - Jetty request log can only be enabled using Log4j
2022-12-22 10:13:54,237 [Listener at 127.0.0.1/46173] INFO  http.HttpServer2 (HttpServer2.java:addGlobalFilter(1031)) - Added global filter 'safety' (class=org.apache.hadoop.hdds.server.http.HttpServer2$QuotingInputFilter)
2022-12-22 10:13:54,238 [Listener at 127.0.0.1/46173] INFO  http.HttpServer2 (HttpServer2.java:addFilter(1007)) - Added filter static_user_filter (class=org.apache.hadoop.http.lib.StaticUserWebFilter$StaticUserFilter) to context ozoneManager
2022-12-22 10:13:54,238 [Listener at 127.0.0.1/46173] INFO  http.HttpServer2 (HttpServer2.java:addFilter(1015)) - Added filter static_user_filter (class=org.apache.hadoop.http.lib.StaticUserWebFilter$StaticUserFilter) to context static
2022-12-22 10:13:54,238 [Listener at 127.0.0.1/46173] INFO  http.HttpServer2 (HttpServer2.java:addFilter(1015)) - Added filter static_user_filter (class=org.apache.hadoop.http.lib.StaticUserWebFilter$StaticUserFilter) to context logs
2022-12-22 10:13:54,239 [Listener at 127.0.0.1/46173] INFO  http.HttpServer2 (HttpServer2.java:bindListener(1250)) - Jetty bound to port 44755
2022-12-22 10:13:54,239 [Listener at 127.0.0.1/46173] INFO  server.Server (Server.java:doStart(375)) - jetty-9.4.49.v20220914; built: 2022-09-14T01:07:36.601Z; git: 4231a3b2e4cb8548a412a789936d640a97b1aa0a; jvm 1.8.0_352-b08
2022-12-22 10:13:54,246 [Listener at 127.0.0.1/46173] INFO  server.session (DefaultSessionIdManager.java:doStart(334)) - DefaultSessionIdManager workerName=node0
2022-12-22 10:13:54,246 [Listener at 127.0.0.1/46173] INFO  server.session (DefaultSessionIdManager.java:doStart(339)) - No SessionScavenger set, using defaults
2022-12-22 10:13:54,246 [Listener at 127.0.0.1/46173] INFO  server.session (HouseKeeper.java:startScavenging(132)) - node0 Scavenging every 660000ms
2022-12-22 10:13:54,248 [Listener at 127.0.0.1/46173] INFO  handler.ContextHandler (ContextHandler.java:doStart(921)) - Started o.e.j.s.ServletContextHandler@333674ad{logs,/logs,file:///home/runner/work/ozone/ozone/hadoop-ozone/integration-test/target/log,AVAILABLE}
2022-12-22 10:13:54,248 [Listener at 127.0.0.1/46173] INFO  handler.ContextHandler (ContextHandler.java:doStart(921)) - Started o.e.j.s.ServletContextHandler@135f3f19{static,/static,file:///home/runner/work/ozone/ozone/hadoop-ozone/integration-test/target/test-classes/webapps/static,AVAILABLE}
2022-12-22 10:13:54,254 [Listener at 127.0.0.1/46173] INFO  handler.ContextHandler (ContextHandler.java:doStart(921)) - Started o.e.j.w.WebAppContext@65eb3095{ozoneManager,/,file:///home/runner/work/ozone/ozone/hadoop-ozone/integration-test/target/test-classes/webapps/ozoneManager/,AVAILABLE}{file:/home/runner/work/ozone/ozone/hadoop-ozone/integration-test/target/test-classes/webapps/ozoneManager}
2022-12-22 10:13:54,255 [Listener at 127.0.0.1/46173] INFO  server.AbstractConnector (AbstractConnector.java:doStart(333)) - Started ServerConnector@6760a74e{HTTP/1.1, (http/1.1)}{0.0.0.0:44755}
2022-12-22 10:13:54,255 [Listener at 127.0.0.1/46173] INFO  server.Server (Server.java:doStart(415)) - Started @17987ms
2022-12-22 10:13:54,256 [Listener at 127.0.0.1/46173] WARN  impl.MetricsSystemImpl (MetricsSystemImpl.java:register(279)) - Sink prometheus already exists!
2022-12-22 10:13:54,256 [Listener at 127.0.0.1/46173] INFO  http.BaseHttpServer (BaseHttpServer.java:updateConnectorAddress(333)) - HTTP server of ozoneManager listening at http://0.0.0.0:44755
2022-12-22 10:13:54,260 [IPC Server Responder] INFO  ipc.Server (Server.java:run(1512)) - IPC Server Responder: starting
2022-12-22 10:13:54,263 [IPC Server listener on 46173] INFO  ipc.Server (Server.java:run(1352)) - IPC Server listener on 46173: starting
2022-12-22 10:13:54,264 [Listener at 127.0.0.1/46173] INFO  om.OzoneManager (OzoneManager.java:startTrashEmptier(1923)) - Trash Interval set to 0. Files deleted won't move to trash
2022-12-22 10:13:54,264 [Listener at 127.0.0.1/46173] INFO  ozone.MiniOzoneHAClusterImpl (MiniOzoneHAClusterImpl.java:createOMService(527)) - Started OzoneManager omNode-2 RPC server at localhost/127.0.0.1:46173
2022-12-22 10:13:54,265 [Listener at 127.0.0.1/46173] INFO  ha.OMHANodeDetails (OMHANodeDetails.java:loadOMHAConfig(121)) - ServiceID for OzoneManager is om-add-remove
2022-12-22 10:13:54,273 [org.apache.hadoop.util.JvmPauseMonitor$Monitor@72bdb6d3] INFO  util.JvmPauseMonitor (JvmPauseMonitor.java:run(188)) - Starting JVM pause monitor
2022-12-22 10:13:54,274 [Listener at 127.0.0.1/46173] INFO  ha.OMHANodeDetails (OMHANodeDetails.java:loadOMHAConfig(201)) - Found matching OM address with OMServiceId: om-add-remove, OMNodeId: omNode-3, RPC Address: localhost:46501 and Ratis port: 37735
2022-12-22 10:13:54,274 [Listener at 127.0.0.1/46173] INFO  ha.OMHANodeDetails (ConfUtils.java:setNodeSpecificConfigs(97)) - Setting configuration key ozone.om.http-address with value of key ozone.om.http-address.om-add-remove.omNode-3: 127.0.0.1:41825
2022-12-22 10:13:54,274 [Listener at 127.0.0.1/46173] INFO  ha.OMHANodeDetails (ConfUtils.java:setNodeSpecificConfigs(97)) - Setting configuration key ozone.om.https-address with value of key ozone.om.https-address.om-add-remove.omNode-3: 127.0.0.1:38375
2022-12-22 10:13:54,274 [Listener at 127.0.0.1/46173] INFO  ha.OMHANodeDetails (ConfUtils.java:setNodeSpecificConfigs(97)) - Setting configuration key ozone.om.address with value of key ozone.om.address.om-add-remove.omNode-3: 127.0.0.1:46501
2022-12-22 10:13:54,274 [Listener at 127.0.0.1/46173] WARN  server.ServerUtils (ServerUtils.java:getDBPath(225)) - ozone.om.db.dirs is not configured. We recommend adding this setting. Falling back to ozone.metadata.dirs instead.
2022-12-22 10:13:54,275 [Listener at 127.0.0.1/46173] INFO  ha.SCMNodeInfo (SCMNodeInfo.java:getPort(197)) - ConfigKey ozone.scm.client.address is deprecated, For configuring different ports for each SCM use PortConfigKey ozone.scm.client.port appended with serviceId and nodeId
2022-12-22 10:13:54,275 [Listener at 127.0.0.1/46173] INFO  ha.SCMNodeInfo (SCMNodeInfo.java:getPort(197)) - ConfigKey ozone.scm.block.client.address is deprecated, For configuring different ports for each SCM use PortConfigKey ozone.scm.block.client.port appended with serviceId and nodeId
2022-12-22 10:13:54,275 [Listener at 127.0.0.1/46173] INFO  ha.SCMNodeInfo (SCMNodeInfo.java:getPort(197)) - ConfigKey ozone.scm.datanode.address is deprecated, For configuring different ports for each SCM use PortConfigKey ozone.scm.datanode.port appended with serviceId and nodeId
2022-12-22 10:13:54,276 [Listener at 127.0.0.1/46173] INFO  proxy.SCMBlockLocationFailoverProxyProvider (SCMBlockLocationFailoverProxyProvider.java:<init>(114)) - Created block location fail-over proxy with 1 nodes: [nodeId=scmNode-1,nodeAddress=/127.0.0.1:35153]
OM initialization succeeded.Current cluster id for sd=/home/runner/work/ozone/ozone/hadoop-ozone/integration-test/target/test-dir/MiniOzoneClusterImpl-25092133-3ddf-4dd3-9c34-1a0a2119317e/omNode-3/om;cid=25092133-3ddf-4dd3-9c34-1a0a2119317e;layoutVersion=3
2022-12-22 10:13:54,282 [Listener at 127.0.0.1/46173] INFO  ha.OMHANodeDetails (OMHANodeDetails.java:loadOMHAConfig(121)) - ServiceID for OzoneManager is om-add-remove
2022-12-22 10:13:54,283 [Listener at 127.0.0.1/46173] INFO  ha.OMHANodeDetails (OMHANodeDetails.java:loadOMHAConfig(201)) - Found matching OM address with OMServiceId: om-add-remove, OMNodeId: omNode-3, RPC Address: localhost:46501 and Ratis port: 37735
2022-12-22 10:13:54,283 [Listener at 127.0.0.1/46173] INFO  ha.OMHANodeDetails (ConfUtils.java:setNodeSpecificConfigs(97)) - Setting configuration key ozone.om.http-address with value of key ozone.om.http-address.om-add-remove.omNode-3: 127.0.0.1:41825
2022-12-22 10:13:54,283 [Listener at 127.0.0.1/46173] INFO  ha.OMHANodeDetails (ConfUtils.java:setNodeSpecificConfigs(97)) - Setting configuration key ozone.om.https-address with value of key ozone.om.https-address.om-add-remove.omNode-3: 127.0.0.1:38375
2022-12-22 10:13:54,283 [Listener at 127.0.0.1/46173] INFO  ha.OMHANodeDetails (ConfUtils.java:setNodeSpecificConfigs(97)) - Setting configuration key ozone.om.address with value of key ozone.om.address.om-add-remove.omNode-3: 127.0.0.1:46501
2022-12-22 10:13:54,283 [Listener at 127.0.0.1/46173] WARN  server.ServerUtils (ServerUtils.java:getDBPath(225)) - ozone.om.db.dirs is not configured. We recommend adding this setting. Falling back to ozone.metadata.dirs instead.
2022-12-22 10:13:54,284 [Listener at 127.0.0.1/46173] INFO  upgrade.AbstractLayoutVersionManager (AbstractLayoutVersionManager.java:init(83)) - Initializing Layout version manager with metadata layout = MULTITENANCY_SCHEMA (version = 3), software layout = MULTITENANCY_SCHEMA (version = 3)
2022-12-22 10:13:54,353 [Listener at 127.0.0.1/46173] INFO  reflections.Reflections (Reflections.java:scan(232)) - Reflections took 69 ms to scan 2 urls, producing 154 keys and 428 values [using 2 cores]
2022-12-22 10:13:54,353 [Listener at 127.0.0.1/46173] INFO  upgrade.OMLayoutVersionManager (OMLayoutVersionManager.java:lambda$0(115)) - Skipping Upgrade Action MockOmUpgradeAction since it has been finalized.
2022-12-22 10:13:54,353 [Listener at 127.0.0.1/46173] WARN  server.ServerUtils (ServerUtils.java:getDBPath(225)) - ozone.om.db.dirs is not configured. We recommend adding this setting. Falling back to ozone.metadata.dirs instead.
2022-12-22 10:13:54,354 [Listener at 127.0.0.1/46173] INFO  ha.SCMNodeInfo (SCMNodeInfo.java:getPort(197)) - ConfigKey ozone.scm.client.address is deprecated, For configuring different ports for each SCM use PortConfigKey ozone.scm.client.port appended with serviceId and nodeId
2022-12-22 10:13:54,354 [Listener at 127.0.0.1/46173] INFO  ha.SCMNodeInfo (SCMNodeInfo.java:getPort(197)) - ConfigKey ozone.scm.block.client.address is deprecated, For configuring different ports for each SCM use PortConfigKey ozone.scm.block.client.port appended with serviceId and nodeId
2022-12-22 10:13:54,354 [Listener at 127.0.0.1/46173] INFO  ha.SCMNodeInfo (SCMNodeInfo.java:getPort(197)) - ConfigKey ozone.scm.datanode.address is deprecated, For configuring different ports for each SCM use PortConfigKey ozone.scm.datanode.port appended with serviceId and nodeId
2022-12-22 10:13:54,354 [Listener at 127.0.0.1/46173] INFO  ha.SCMNodeInfo (SCMNodeInfo.java:getPort(197)) - ConfigKey ozone.scm.client.address is deprecated, For configuring different ports for each SCM use PortConfigKey ozone.scm.client.port appended with serviceId and nodeId
2022-12-22 10:13:54,354 [Listener at 127.0.0.1/46173] INFO  ha.SCMNodeInfo (SCMNodeInfo.java:getPort(197)) - ConfigKey ozone.scm.block.client.address is deprecated, For configuring different ports for each SCM use PortConfigKey ozone.scm.block.client.port appended with serviceId and nodeId
2022-12-22 10:13:54,354 [Listener at 127.0.0.1/46173] INFO  ha.SCMNodeInfo (SCMNodeInfo.java:getPort(197)) - ConfigKey ozone.scm.datanode.address is deprecated, For configuring different ports for each SCM use PortConfigKey ozone.scm.datanode.port appended with serviceId and nodeId
2022-12-22 10:13:54,355 [Listener at 127.0.0.1/46173] INFO  proxy.SCMBlockLocationFailoverProxyProvider (SCMBlockLocationFailoverProxyProvider.java:<init>(114)) - Created block location fail-over proxy with 1 nodes: [nodeId=scmNode-1,nodeAddress=/127.0.0.1:35153]
2022-12-22 10:13:54,356 [Listener at 127.0.0.1/46173] INFO  ha.SCMNodeInfo (SCMNodeInfo.java:getPort(197)) - ConfigKey ozone.scm.client.address is deprecated, For configuring different ports for each SCM use PortConfigKey ozone.scm.client.port appended with serviceId and nodeId
2022-12-22 10:13:54,356 [Listener at 127.0.0.1/46173] INFO  ha.SCMNodeInfo (SCMNodeInfo.java:getPort(197)) - ConfigKey ozone.scm.block.client.address is deprecated, For configuring different ports for each SCM use PortConfigKey ozone.scm.block.client.port appended with serviceId and nodeId
2022-12-22 10:13:54,356 [Listener at 127.0.0.1/46173] INFO  ha.SCMNodeInfo (SCMNodeInfo.java:getPort(197)) - ConfigKey ozone.scm.datanode.address is deprecated, For configuring different ports for each SCM use PortConfigKey ozone.scm.datanode.port appended with serviceId and nodeId
2022-12-22 10:13:54,357 [Listener at 127.0.0.1/46173] INFO  proxy.SCMBlockLocationFailoverProxyProvider (SCMBlockLocationFailoverProxyProvider.java:<init>(114)) - Created block location fail-over proxy with 1 nodes: [nodeId=scmNode-1,nodeAddress=/127.0.0.1:35153]
2022-12-22 10:13:54,364 [Listener at 127.0.0.1/46173] WARN  server.ServerUtils (ServerUtils.java:getDBPath(225)) - ozone.om.db.dirs is not configured. We recommend adding this setting. Falling back to ozone.metadata.dirs instead.
2022-12-22 10:13:54,364 [Listener at 127.0.0.1/46173] INFO  codec.OmKeyInfoCodec (OmKeyInfoCodec.java:<init>(49)) - OmKeyInfoCodec ignorePipeline = true
2022-12-22 10:13:54,364 [Listener at 127.0.0.1/46173] INFO  codec.RepeatedOmKeyInfoCodec (RepeatedOmKeyInfoCodec.java:<init>(41)) - RepeatedOmKeyInfoCodec ignorePipeline = true
2022-12-22 10:13:54,489 [omNode-1@group-0AAC5367B30E-FollowerState] INFO  impl.FollowerState (FollowerState.java:run(143)) - omNode-1@group-0AAC5367B30E-FollowerState: change to CANDIDATE, lastRpcElapsedTime:1152221481ns, electionTimeout:1150ms
2022-12-22 10:13:54,490 [omNode-1@group-0AAC5367B30E-FollowerState] INFO  impl.RoleInfo (RoleInfo.java:shutdownFollowerState(110)) - omNode-1: shutdown omNode-1@group-0AAC5367B30E-FollowerState
2022-12-22 10:13:54,490 [omNode-1@group-0AAC5367B30E-FollowerState] INFO  server.RaftServer$Division (RaftServerImpl.java:setRole(321)) - omNode-1@group-0AAC5367B30E: changes role from  FOLLOWER to CANDIDATE at term 0 for changeToCandidate
2022-12-22 10:13:54,490 [omNode-1@group-0AAC5367B30E-FollowerState] INFO  server.RaftServerConfigKeys (ConfUtils.java:logGet(46)) - raft.server.leaderelection.pre-vote = false (custom)
2022-12-22 10:13:54,490 [omNode-1@group-0AAC5367B30E-FollowerState] INFO  impl.RoleInfo (RoleInfo.java:updateAndGet(139)) - omNode-1: start omNode-1@group-0AAC5367B30E-LeaderElection3
2022-12-22 10:13:54,492 [omNode-1@group-0AAC5367B30E-LeaderElection3] INFO  impl.LeaderElection (LeaderElection.java:askForVotes(312)) - omNode-1@group-0AAC5367B30E-LeaderElection3 ELECTION round 0: submit vote requests at term 1 for -1: peers:[omNode-3|rpc:localhost:37735|priority:0|startupRole:FOLLOWER, omNode-1|rpc:localhost:46153|priority:0|startupRole:FOLLOWER, omNode-2|rpc:localhost:37697|priority:0|startupRole:FOLLOWER]|listeners:[], old=null
2022-12-22 10:13:54,512 [omNode-1@group-0AAC5367B30E-LeaderElection3-1] INFO  server.GrpcServerProtocolClient (GrpcServerProtocolClient.java:<init>(63)) - Build channel for omNode-3
2022-12-22 10:13:54,514 [omNode-1@group-0AAC5367B30E-LeaderElection3] INFO  server.RaftServerConfigKeys (ConfUtils.java:logFallback(53)) - raft.server.rpc.first-election.timeout.min = 1s (fallback to raft.server.rpc.timeout.min)
2022-12-22 10:13:54,514 [omNode-1@group-0AAC5367B30E-LeaderElection3] INFO  server.RaftServerConfigKeys (ConfUtils.java:logFallback(53)) - raft.server.rpc.first-election.timeout.max = 1200ms (fallback to raft.server.rpc.timeout.max)
2022-12-22 10:13:54,517 [omNode-1@group-0AAC5367B30E-LeaderElection3-2] INFO  server.GrpcServerProtocolClient (GrpcServerProtocolClient.java:<init>(63)) - Build channel for omNode-2
2022-12-22 10:13:54,555 [Listener at 127.0.0.1/46173] INFO  om.OzoneManager (OzoneManager.java:instantiateServices(717)) - S3 Multi-Tenancy is disabled
2022-12-22 10:13:54,560 [Listener at 127.0.0.1/46173] INFO  om.OzoneManager (OzoneManager.java:addS3GVolumeToDB(4402)) - Created Volume s3v With Owner runner required for S3Gateway operations.
2022-12-22 10:13:54,560 [Listener at 127.0.0.1/46173] WARN  server.ServerUtils (ServerUtils.java:getDefaultRatisDirectory(237)) - Storage directory for Ratis is not configured. It is a good idea to map this to an SSD disk. Falling back to ozone.metadata.dirs
2022-12-22 10:13:54,560 [Listener at 127.0.0.1/46173] WARN  utils.OzoneManagerRatisUtils (OzoneManagerRatisUtils.java:getOMRatisSnapshotDirectory(434)) - ozone.om.ratis.snapshot.dir is not configured. Falling back to ozone.metadata.dirs config
2022-12-22 10:13:54,560 [Listener at 127.0.0.1/46173] INFO  snapshot.OzoneManagerSnapshotProvider (OzoneManagerSnapshotProvider.java:<init>(76)) - Initializing OM Snapshot Provider
2022-12-22 10:13:54,562 [Listener at 127.0.0.1/46173] WARN  impl.MetricRegistriesImpl (MetricRegistriesImpl.java:addReporterRegistration(111)) - New reporters are added after registries were created. Some metrics will be missing from the reporter. Please add reporter before adding any new registry.
2022-12-22 10:13:54,562 [Listener at 127.0.0.1/46173] WARN  impl.MetricRegistriesImpl (MetricRegistriesImpl.java:addReporterRegistration(111)) - New reporters are added after registries were created. Some metrics will be missing from the reporter. Please add reporter before adding any new registry.
2022-12-22 10:13:54,562 [Listener at 127.0.0.1/46173] WARN  server.ServerUtils (ServerUtils.java:getDefaultRatisDirectory(237)) - Storage directory for Ratis is not configured. It is a good idea to map this to an SSD disk. Falling back to ozone.metadata.dirs
2022-12-22 10:13:54,564 [Listener at 127.0.0.1/46173] INFO  ratis.OzoneManagerRatisServer (OzoneManagerRatisServer.java:<init>(160)) - Instantiating OM Ratis server with groupID: om-add-remove and peers: localhost:37735, localhost:46153, localhost:37697
2022-12-22 10:13:54,564 [Listener at 127.0.0.1/46173] INFO  ratis.OzoneManagerStateMachine (OzoneManagerStateMachine.java:loadSnapshotInfoFromDB(636)) - LastAppliedIndex is set from TransactionInfo from OM DB as (t:0, i:~)
2022-12-22 10:13:54,569 [Listener at 127.0.0.1/46173] INFO  server.RaftServer (ConfUtils.java:logGet(46)) - raft.rpc.type = GRPC (default)
2022-12-22 10:13:54,569 [Listener at 127.0.0.1/46173] INFO  grpc.GrpcConfigKeys (ConfUtils.java:logFallback(53)) - raft.grpc.admin.host = null (fallback to raft.grpc.server.host)
2022-12-22 10:13:54,569 [Listener at 127.0.0.1/46173] INFO  grpc.GrpcConfigKeys (ConfUtils.java:logFallback(53)) - raft.grpc.admin.port = 37735 (fallback to raft.grpc.server.port)
2022-12-22 10:13:54,570 [Listener at 127.0.0.1/46173] INFO  grpc.GrpcConfigKeys (ConfUtils.java:logFallback(53)) - raft.grpc.client.host = null (fallback to raft.grpc.server.host)
2022-12-22 10:13:54,570 [Listener at 127.0.0.1/46173] INFO  grpc.GrpcConfigKeys (ConfUtils.java:logFallback(53)) - raft.grpc.client.port = 37735 (fallback to raft.grpc.server.port)
2022-12-22 10:13:54,571 [Listener at 127.0.0.1/46173] INFO  grpc.GrpcConfigKeys (ConfUtils.java:logGet(46)) - raft.grpc.server.host = null (default)
2022-12-22 10:13:54,571 [Listener at 127.0.0.1/46173] INFO  grpc.GrpcConfigKeys (ConfUtils.java:logGet(46)) - raft.grpc.server.port = 37735 (custom)
2022-12-22 10:13:54,571 [Listener at 127.0.0.1/46173] INFO  server.GrpcService (ConfUtils.java:logGet(46)) - raft.grpc.message.size.max = 33554432 (custom)
2022-12-22 10:13:54,571 [Listener at 127.0.0.1/46173] INFO  server.RaftServerConfigKeys (ConfUtils.java:logGet(46)) - raft.server.log.appender.buffer.byte-limit = 33554432 (custom)
2022-12-22 10:13:54,571 [Listener at 127.0.0.1/46173] INFO  server.GrpcService (ConfUtils.java:logGet(46)) - raft.grpc.flow.control.window = 1MB (=1048576) (default)
2022-12-22 10:13:54,571 [Listener at 127.0.0.1/46173] INFO  server.RaftServerConfigKeys (ConfUtils.java:logGet(46)) - raft.server.rpc.request.timeout = 3000ms (default)
2022-12-22 10:13:54,572 [Listener at 127.0.0.1/46173] INFO  grpc.GrpcConfigKeys (ConfUtils.java:logGet(46)) - raft.grpc.server.heartbeat.channel = true (default)
2022-12-22 10:13:54,572 [Listener at 127.0.0.1/46173] INFO  grpc.GrpcConfigKeys (ConfUtils.java:logGet(46)) - raft.grpc.server.async.request.thread.pool.cached = true (default)
2022-12-22 10:13:54,572 [Listener at 127.0.0.1/46173] INFO  grpc.GrpcConfigKeys (ConfUtils.java:logGet(46)) - raft.grpc.server.async.request.thread.pool.size = 32 (default)
2022-12-22 10:13:54,577 [Listener at 127.0.0.1/46173] INFO  impl.DataStreamServerImpl (ConfUtils.java:logGet(46)) - raft.datastream.type = NETTY (custom)
2022-12-22 10:13:54,577 [Listener at 127.0.0.1/46173] INFO  server.RaftServerConfigKeys (ConfUtils.java:logGet(46)) - raft.server.data-stream.async.request.thread.pool.cached = false (default)
2022-12-22 10:13:54,577 [Listener at 127.0.0.1/46173] INFO  server.RaftServerConfigKeys (ConfUtils.java:logGet(46)) - raft.server.data-stream.async.request.thread.pool.size = 32 (default)
2022-12-22 10:13:54,578 [Listener at 127.0.0.1/46173] INFO  server.RaftServerConfigKeys (ConfUtils.java:logGet(46)) - raft.server.data-stream.async.write.thread.pool.size = 16 (default)
2022-12-22 10:13:54,578 [Listener at 127.0.0.1/46173] INFO  server.RaftServerConfigKeys (ConfUtils.java:logGet(46)) - raft.server.data-stream.client.pool.size = 10 (default)
2022-12-22 10:13:54,578 [Listener at 127.0.0.1/46173] INFO  netty.NettyConfigKeys$DataStream (ConfUtils.java:logGet(46)) - raft.netty.dataStream.server.use-epoll = false (default)
2022-12-22 10:13:54,578 [Listener at 127.0.0.1/46173] INFO  netty.NettyConfigKeys$DataStream (ConfUtils.java:logGet(46)) - raft.netty.dataStream.server.boss-group.size = 0 (default)
2022-12-22 10:13:54,578 [Listener at 127.0.0.1/46173] INFO  netty.NettyConfigKeys$DataStream (ConfUtils.java:logGet(46)) - raft.netty.dataStream.server.worker-group.size = 0 (default)
2022-12-22 10:13:54,578 [Listener at 127.0.0.1/46173] INFO  netty.NettyConfigKeys$DataStream (ConfUtils.java:logGet(46)) - raft.netty.dataStream.server.tls.conf = null (default)
2022-12-22 10:13:54,579 [Listener at 127.0.0.1/46173] INFO  netty.NettyConfigKeys$DataStream (ConfUtils.java:logGet(46)) - raft.netty.dataStream.host = null (default)
2022-12-22 10:13:54,579 [Listener at 127.0.0.1/46173] INFO  netty.NettyConfigKeys$DataStream (ConfUtils.java:logGet(46)) - raft.netty.dataStream.port = 0 (default)
2022-12-22 10:13:54,579 [Listener at 127.0.0.1/46173] INFO  server.RaftServerConfigKeys (ConfUtils.java:logGet(46)) - raft.server.threadpool.proxy.cached = true (default)
2022-12-22 10:13:54,581 [Listener at 127.0.0.1/46173] INFO  server.RaftServerConfigKeys (ConfUtils.java:logGet(46)) - raft.server.threadpool.proxy.size = 0 (default)
2022-12-22 10:13:54,582 [Listener at 127.0.0.1/46173] INFO  server.RaftServerConfigKeys (ConfUtils.java:logGet(46)) - raft.server.rpc.slowness.timeout = 2s (custom)
2022-12-22 10:13:54,582 [Listener at 127.0.0.1/46173] INFO  server.RaftServerConfigKeys (ConfUtils.java:logGet(46)) - raft.server.leaderelection.leader.step-down.wait-time = 10s (default)
2022-12-22 10:13:54,582 [Listener at 127.0.0.1/46173] INFO  server.RaftServerConfigKeys (ConfUtils.java:logGet(46)) - raft.server.storage.dir = [/home/runner/work/ozone/ozone/hadoop-ozone/integration-test/target/test-dir/MiniOzoneClusterImpl-25092133-3ddf-4dd3-9c34-1a0a2119317e/omNode-3/ratis] (custom)
2022-12-22 10:13:54,583 [Listener at 127.0.0.1/46173] INFO  server.RaftServer (RaftServerProxy.java:addNew(96)) - omNode-3: addNew group-0AAC5367B30E:[omNode-3|rpc:localhost:37735|priority:0|startupRole:FOLLOWER, omNode-1|rpc:localhost:46153|priority:0|startupRole:FOLLOWER, omNode-2|rpc:localhost:37697|priority:0|startupRole:FOLLOWER] returns group-0AAC5367B30E:java.util.concurrent.CompletableFuture@20d7c50d[Not completed]
2022-12-22 10:13:54,583 [Listener at 127.0.0.1/46173] INFO  om.OzoneManager (OzoneManager.java:initializeRatisServer(1979)) - OzoneManager Ratis server initialized at port 37735
2022-12-22 10:13:54,584 [Listener at 127.0.0.1/46173] INFO  om.OzoneManager (OzoneManager.java:getRpcServer(1106)) - Creating RPC Server
2022-12-22 10:13:54,593 [omNode-3-NettyServerStreamRpc-bossGroup--thread1] INFO  logging.LoggingHandler (AbstractInternalLogger.java:log(148)) - [id: 0xcda85bfa] REGISTERED
2022-12-22 10:13:54,593 [omNode-3-NettyServerStreamRpc-bossGroup--thread1] INFO  logging.LoggingHandler (AbstractInternalLogger.java:log(148)) - [id: 0xcda85bfa] BIND: 0.0.0.0/0.0.0.0:0
2022-12-22 10:13:54,594 [omNode-3-NettyServerStreamRpc-bossGroup--thread1] INFO  logging.LoggingHandler (AbstractInternalLogger.java:log(148)) - [id: 0xcda85bfa, L:/0:0:0:0:0:0:0:0:45291] ACTIVE
2022-12-22 10:13:54,601 [pool-112-thread-1] INFO  server.RaftServer$Division (RaftServerImpl.java:<init>(195)) - omNode-3: new RaftServerImpl for group-0AAC5367B30E:[omNode-3|rpc:localhost:37735|priority:0|startupRole:FOLLOWER, omNode-1|rpc:localhost:46153|priority:0|startupRole:FOLLOWER, omNode-2|rpc:localhost:37697|priority:0|startupRole:FOLLOWER] with OzoneManagerStateMachine:uninitialized
2022-12-22 10:13:54,601 [pool-112-thread-1] INFO  server.RaftServerConfigKeys (ConfUtils.java:logGet(46)) - raft.server.rpc.timeout.min = 1s (custom)
2022-12-22 10:13:54,601 [pool-112-thread-1] INFO  server.RaftServerConfigKeys (ConfUtils.java:logGet(46)) - raft.server.rpc.timeout.max = 1200ms (custom)
2022-12-22 10:13:54,601 [pool-112-thread-1] INFO  server.RaftServerConfigKeys (ConfUtils.java:logGet(46)) - raft.server.rpc.sleep.time = 25ms (default)
2022-12-22 10:13:54,601 [pool-112-thread-1] INFO  server.RaftServerConfigKeys (ConfUtils.java:logGet(46)) - raft.server.rpc.slowness.timeout = 2s (custom)
2022-12-22 10:13:54,602 [pool-112-thread-1] INFO  server.RaftServerConfigKeys (ConfUtils.java:logGet(46)) - raft.server.leaderelection.leader.step-down.wait-time = 10s (default)
2022-12-22 10:13:54,602 [pool-112-thread-1] INFO  server.RaftServerConfigKeys (ConfUtils.java:logGet(46)) - raft.server.sleep.deviation.threshold = 300ms (default)
2022-12-22 10:13:54,602 [pool-112-thread-1] INFO  server.RaftServer$Division (ServerState.java:<init>(118)) - omNode-3@group-0AAC5367B30E: ConfigurationManager, init=-1: peers:[omNode-3|rpc:localhost:37735|priority:0|startupRole:FOLLOWER, omNode-1|rpc:localhost:46153|priority:0|startupRole:FOLLOWER, omNode-2|rpc:localhost:37697|priority:0|startupRole:FOLLOWER]|listeners:[], old=null, confs=<EMPTY_MAP>
2022-12-22 10:13:54,602 [pool-112-thread-1] INFO  server.RaftServerConfigKeys (ConfUtils.java:logGet(46)) - raft.server.storage.dir = [/home/runner/work/ozone/ozone/hadoop-ozone/integration-test/target/test-dir/MiniOzoneClusterImpl-25092133-3ddf-4dd3-9c34-1a0a2119317e/omNode-3/ratis] (custom)
2022-12-22 10:13:54,602 [pool-112-thread-1] INFO  server.RaftServerConfigKeys (ConfUtils.java:logGet(46)) - raft.server.log.corruption.policy = EXCEPTION (default)
2022-12-22 10:13:54,602 [pool-112-thread-1] INFO  server.RaftServerConfigKeys (ConfUtils.java:logGet(46)) - raft.server.storage.free-space.min = 0MB (=0) (default)
2022-12-22 10:13:54,602 [pool-112-thread-1] INFO  server.RaftServerConfigKeys (ConfUtils.java:logGet(46)) - raft.server.notification.no-leader.timeout = 2s (custom)
2022-12-22 10:13:54,602 [pool-112-thread-1] INFO  server.RaftServerConfigKeys (ConfUtils.java:logGet(46)) - raft.server.retrycache.expirytime = 300s (custom)
2022-12-22 10:13:54,602 [pool-112-thread-1] INFO  server.RaftServerConfigKeys (ConfUtils.java:logGet(46)) - raft.server.retrycache.statistics.expirytime = 100μs (default)
2022-12-22 10:13:54,607 [pool-112-thread-1] INFO  server.RaftServerConfigKeys (ConfUtils.java:logGet(46)) - raft.server.log.appender.install.snapshot.enabled = false (custom)
2022-12-22 10:13:54,607 [pool-112-thread-1] INFO  server.RaftServerConfigKeys (ConfUtils.java:logGet(46)) - raft.server.threadpool.server.cached = true (default)
2022-12-22 10:13:54,607 [pool-112-thread-1] INFO  server.RaftServerConfigKeys (ConfUtils.java:logGet(46)) - raft.server.threadpool.server.size = 0 (default)
2022-12-22 10:13:54,607 [pool-112-thread-1] INFO  server.RaftServerConfigKeys (ConfUtils.java:logGet(46)) - raft.server.threadpool.client.cached = true (default)
2022-12-22 10:13:54,607 [pool-112-thread-1] INFO  server.RaftServerConfigKeys (ConfUtils.java:logGet(46)) - raft.server.threadpool.client.size = 0 (default)
2022-12-22 10:13:55,077 [omNode-1@group-0AAC5367B30E-LeaderElection3] INFO  impl.LeaderElection (LogUtils.java:infoOrTrace(137)) - omNode-1@group-0AAC5367B30E-LeaderElection3 got exception when requesting votes: java.util.concurrent.ExecutionException: org.apache.ratis.thirdparty.io.grpc.StatusRuntimeException: UNAVAILABLE: io exception
2022-12-22 10:13:55,235 [grpc-default-executor-1] INFO  server.RaftServer$Division (RaftServerImpl.java:requestVote(1218)) - omNode-2@group-0AAC5367B30E: receive requestVote(ELECTION, omNode-1, group-0AAC5367B30E, 1, (t:0, i:~))
2022-12-22 10:13:55,236 [grpc-default-executor-1] INFO  impl.VoteContext (VoteContext.java:log(49)) - omNode-2@group-0AAC5367B30E-FOLLOWER: accept ELECTION from omNode-1: our priority 0 <= candidate's priority 0
2022-12-22 10:13:55,236 [grpc-default-executor-1] INFO  server.RaftServer$Division (RaftServerImpl.java:setRole(321)) - omNode-2@group-0AAC5367B30E: changes role from  FOLLOWER to FOLLOWER at term 1 for candidate:omNode-1
2022-12-22 10:13:55,237 [grpc-default-executor-1] INFO  impl.RoleInfo (RoleInfo.java:shutdownFollowerState(110)) - omNode-2: shutdown omNode-2@group-0AAC5367B30E-FollowerState
2022-12-22 10:13:55,237 [grpc-default-executor-1] INFO  impl.RoleInfo (RoleInfo.java:updateAndGet(139)) - omNode-2: start omNode-2@group-0AAC5367B30E-FollowerState
2022-12-22 10:13:55,237 [omNode-2@group-0AAC5367B30E-FollowerState] INFO  impl.FollowerState (FollowerState.java:run(152)) - omNode-2@group-0AAC5367B30E-FollowerState was interrupted
2022-12-22 10:13:55,241 [omNode-2@group-0AAC5367B30E-FollowerState] INFO  server.RaftServerConfigKeys (ConfUtils.java:logFallback(53)) - raft.server.rpc.first-election.timeout.min = 1s (fallback to raft.server.rpc.timeout.min)
2022-12-22 10:13:55,241 [omNode-2@group-0AAC5367B30E-FollowerState] INFO  server.RaftServerConfigKeys (ConfUtils.java:logFallback(53)) - raft.server.rpc.first-election.timeout.max = 1200ms (fallback to raft.server.rpc.timeout.max)
2022-12-22 10:13:55,248 [grpc-default-executor-1] INFO  server.RaftServer$Division (RaftServerImpl.java:requestVote(1251)) - omNode-2@group-0AAC5367B30E replies to ELECTION vote request: omNode-1<-omNode-2#0:OK-t1. Peer's state: omNode-2@group-0AAC5367B30E:t1, leader=null, voted=omNode-1, raftlog=Memoized:omNode-2@group-0AAC5367B30E-SegmentedRaftLog:OPENED:c-1, conf=-1: peers:[omNode-3|rpc:localhost:37735|priority:0|startupRole:FOLLOWER, omNode-1|rpc:localhost:46153|priority:0|startupRole:FOLLOWER, omNode-2|rpc:localhost:37697|priority:0|startupRole:FOLLOWER]|listeners:[], old=null
2022-12-22 10:13:55,252 [Listener at 127.0.0.1/46173] INFO  reflections.Reflections (Reflections.java:scan(232)) - Reflections took 659 ms to scan 19 urls, producing 67 keys and 4509 values [using 2 cores]
2022-12-22 10:13:55,254 [Listener at 127.0.0.1/46173] INFO  ipc.CallQueueManager (CallQueueManager.java:<init>(90)) - Using callQueue: class java.util.concurrent.LinkedBlockingQueue, queueCapacity: 2000, scheduler: class org.apache.hadoop.ipc.DefaultRpcScheduler, ipcBackoff: false.
2022-12-22 10:13:55,255 [Socket Reader #1 for port 46501] INFO  ipc.Server (Server.java:run(1273)) - Starting Socket Reader #1 for port 46501
2022-12-22 10:13:55,269 [omNode-1@group-0AAC5367B30E-LeaderElection3] INFO  impl.LeaderElection (LeaderElection.java:logAndReturn(90)) - omNode-1@group-0AAC5367B30E-LeaderElection3: ELECTION PASSED received 1 response(s) and 1 exception(s):
2022-12-22 10:13:55,269 [omNode-1@group-0AAC5367B30E-LeaderElection3] INFO  impl.LeaderElection (LeaderElection.java:logAndReturn(94)) -   Response 0: omNode-1<-omNode-2#0:OK-t1
2022-12-22 10:13:55,269 [omNode-1@group-0AAC5367B30E-LeaderElection3] INFO  impl.LeaderElection (LogUtils.java:infoOrTrace(137)) -   Exception 1: java.util.concurrent.ExecutionException: org.apache.ratis.thirdparty.io.grpc.StatusRuntimeException: UNAVAILABLE: io exception
2022-12-22 10:13:55,270 [omNode-1@group-0AAC5367B30E-LeaderElection3] INFO  impl.LeaderElection (LeaderElection.java:askForVotes(314)) - omNode-1@group-0AAC5367B30E-LeaderElection3 ELECTION round 0: result PASSED
2022-12-22 10:13:55,270 [omNode-1@group-0AAC5367B30E-LeaderElection3] INFO  impl.RoleInfo (RoleInfo.java:shutdownLeaderElection(130)) - omNode-1: shutdown omNode-1@group-0AAC5367B30E-LeaderElection3
2022-12-22 10:13:55,271 [omNode-1@group-0AAC5367B30E-LeaderElection3] INFO  server.RaftServer$Division (RaftServerImpl.java:setRole(321)) - omNode-1@group-0AAC5367B30E: changes role from CANDIDATE to LEADER at term 1 for changeToLeader
2022-12-22 10:13:55,271 [omNode-1@group-0AAC5367B30E-LeaderElection3] INFO  server.RaftServer$Division (ServerState.java:setLeader(313)) - omNode-1@group-0AAC5367B30E: change Leader from null to omNode-1 at term 1 for becomeLeader, leader elected after 2765ms
2022-12-22 10:13:55,271 [omNode-1@group-0AAC5367B30E-LeaderElection3] INFO  server.RaftServerConfigKeys (ConfUtils.java:logGet(46)) - raft.server.staging.catchup.gap = 1000 (default)
2022-12-22 10:13:55,272 [omNode-1@group-0AAC5367B30E-LeaderElection3] INFO  server.RaftServerConfigKeys (ConfUtils.java:logGet(46)) - raft.server.write.element-limit = 4096 (default)
2022-12-22 10:13:55,272 [omNode-1@group-0AAC5367B30E-LeaderElection3] INFO  server.RaftServerConfigKeys (ConfUtils.java:logGet(46)) - raft.server.write.byte-limit = 64MB (=67108864) (default)
2022-12-22 10:13:55,272 [omNode-1@group-0AAC5367B30E-LeaderElection3] INFO  server.RaftServerConfigKeys (ConfUtils.java:logGet(46)) - raft.server.watch.timeout = 10s (default)
2022-12-22 10:13:55,272 [omNode-1@group-0AAC5367B30E-LeaderElection3] INFO  server.RaftServerConfigKeys (ConfUtils.java:logGet(46)) - raft.server.watch.timeout.denomination = 1s (default)
2022-12-22 10:13:55,272 [omNode-1@group-0AAC5367B30E-LeaderElection3] INFO  server.RaftServerConfigKeys (ConfUtils.java:logGet(46)) - raft.server.watch.element-limit = 65536 (default)
2022-12-22 10:13:55,272 [omNode-1@group-0AAC5367B30E-LeaderElection3] INFO  server.RaftServerConfigKeys (ConfUtils.java:logGet(46)) - raft.server.write.element-limit = 4096 (default)
2022-12-22 10:13:55,272 [omNode-1@group-0AAC5367B30E-LeaderElection3] INFO  server.RaftServerConfigKeys (ConfUtils.java:logGet(46)) - raft.server.write.follower.gap.ratio.max = -1.0 (default)
2022-12-22 10:13:55,279 [omNode-1@group-0AAC5367B30E-LeaderElection3] INFO  server.RaftServerConfigKeys (ConfUtils.java:logGet(46)) - raft.server.log.appender.snapshot.chunk.size.max = 16MB (=16777216) (default)
2022-12-22 10:13:55,280 [omNode-1@group-0AAC5367B30E-LeaderElection3] INFO  server.RaftServerConfigKeys (ConfUtils.java:logGet(46)) - raft.server.log.appender.buffer.byte-limit = 33554432 (custom)
2022-12-22 10:13:55,280 [omNode-1@group-0AAC5367B30E-LeaderElection3] INFO  server.RaftServerConfigKeys (ConfUtils.java:logGet(46)) - raft.server.log.appender.buffer.element-limit = 1024 (custom)
2022-12-22 10:13:55,284 [Listener at 127.0.0.1/46501] INFO  impl.MetricsSystemImpl (MetricsSystemImpl.java:init(158)) - OzoneManager metrics system started (again)
2022-12-22 10:13:55,285 [omNode-1@group-0AAC5367B30E-LeaderElection3] INFO  grpc.GrpcConfigKeys (ConfUtils.java:logGet(46)) - raft.grpc.server.leader.outstanding.appends.max = 128 (default)
2022-12-22 10:13:55,285 [omNode-1@group-0AAC5367B30E-LeaderElection3] INFO  server.RaftServerConfigKeys (ConfUtils.java:logGet(46)) - raft.server.rpc.request.timeout = 3000ms (default)
2022-12-22 10:13:55,285 [omNode-1@group-0AAC5367B30E-LeaderElection3] INFO  server.RaftServerConfigKeys (ConfUtils.java:logGet(46)) - raft.server.log.appender.install.snapshot.enabled = false (custom)
2022-12-22 10:13:55,285 [omNode-1@group-0AAC5367B30E-LeaderElection3] INFO  grpc.GrpcConfigKeys (ConfUtils.java:logGet(46)) - raft.grpc.server.heartbeat.channel = true (default)
2022-12-22 10:13:55,285 [omNode-1@group-0AAC5367B30E-LeaderElection3] INFO  server.RaftServerConfigKeys (ConfUtils.java:logGet(46)) - raft.server.log.appender.wait-time.min = 10ms (default)
2022-12-22 10:13:55,290 [omNode-1@group-0AAC5367B30E-LeaderElection3] INFO  server.RaftServerConfigKeys (ConfUtils.java:logGet(46)) - raft.server.log.appender.snapshot.chunk.size.max = 16MB (=16777216) (default)
2022-12-22 10:13:55,290 [omNode-1@group-0AAC5367B30E-LeaderElection3] INFO  server.RaftServerConfigKeys (ConfUtils.java:logGet(46)) - raft.server.log.appender.buffer.byte-limit = 33554432 (custom)
2022-12-22 10:13:55,290 [omNode-1@group-0AAC5367B30E-LeaderElection3] INFO  server.RaftServerConfigKeys (ConfUtils.java:logGet(46)) - raft.server.log.appender.buffer.element-limit = 1024 (custom)
2022-12-22 10:13:55,290 [omNode-1@group-0AAC5367B30E-LeaderElection3] INFO  grpc.GrpcConfigKeys (ConfUtils.java:logGet(46)) - raft.grpc.server.leader.outstanding.appends.max = 128 (default)
2022-12-22 10:13:55,290 [omNode-1@group-0AAC5367B30E-LeaderElection3] INFO  server.RaftServerConfigKeys (ConfUtils.java:logGet(46)) - raft.server.rpc.request.timeout = 3000ms (default)
2022-12-22 10:13:55,294 [omNode-1@group-0AAC5367B30E-LeaderElection3] INFO  server.RaftServerConfigKeys (ConfUtils.java:logGet(46)) - raft.server.log.appender.install.snapshot.enabled = false (custom)
2022-12-22 10:13:55,294 [omNode-1@group-0AAC5367B30E-LeaderElection3] INFO  grpc.GrpcConfigKeys (ConfUtils.java:logGet(46)) - raft.grpc.server.heartbeat.channel = true (default)
2022-12-22 10:13:55,294 [omNode-1@group-0AAC5367B30E-LeaderElection3] INFO  server.RaftServerConfigKeys (ConfUtils.java:logGet(46)) - raft.server.log.appender.wait-time.min = 10ms (default)
2022-12-22 10:13:55,296 [omNode-1@group-0AAC5367B30E-LeaderElection3] INFO  impl.RoleInfo (RoleInfo.java:updateAndGet(139)) - omNode-1: start omNode-1@group-0AAC5367B30E-LeaderStateImpl
2022-12-22 10:13:55,296 [omNode-1@group-0AAC5367B30E-LeaderElection3] INFO  segmented.SegmentedRaftLogWorker (SegmentedRaftLogWorker.java:startLogSegment(452)) - omNode-1@group-0AAC5367B30E-SegmentedRaftLogWorker: Starting segment from index:0
2022-12-22 10:13:55,304 [omNode-1@group-0AAC5367B30E-SegmentedRaftLogWorker] INFO  segmented.SegmentedRaftLogWorker (SegmentedRaftLogWorker.java:execute(656)) - omNode-1@group-0AAC5367B30E-SegmentedRaftLogWorker: created new log segment /home/runner/work/ozone/ozone/hadoop-ozone/integration-test/target/test-dir/MiniOzoneClusterImpl-25092133-3ddf-4dd3-9c34-1a0a2119317e/omNode-1/ratis/0718e334-ffa1-36bc-8e9a-0aac5367b30e/current/log_inprogress_0
2022-12-22 10:13:55,309 [omNode-1@group-0AAC5367B30E-LeaderElection3] INFO  server.RaftServer$Division (ServerState.java:setRaftConf(430)) - omNode-1@group-0AAC5367B30E: set configuration 0: peers:[omNode-3|rpc:localhost:37735|admin:|client:|dataStream:|priority:0|startupRole:FOLLOWER, omNode-1|rpc:localhost:46153|admin:|client:|dataStream:|priority:0|startupRole:FOLLOWER, omNode-2|rpc:localhost:37697|admin:|client:|dataStream:|priority:0|startupRole:FOLLOWER]|listeners:[], old=null
2022-12-22 10:13:55,312 [Listener at 127.0.0.1/46501] INFO  om.OzoneManager (OzoneManager.java:start(1486)) - OzoneManager RPC server is listening at localhost/127.0.0.1:46501
2022-12-22 10:13:55,312 [Listener at 127.0.0.1/46501] INFO  ratis.OzoneManagerRatisServer (OzoneManagerRatisServer.java:start(555)) - Starting OzoneManagerRatisServer omNode-3 at port 37735
2022-12-22 10:13:55,313 [omNode-3-impl-thread1] INFO  storage.RaftStorageDirectory (RaftStorageDirectoryImpl.java:analyzeStorage(137)) - The storage directory /home/runner/work/ozone/ozone/hadoop-ozone/integration-test/target/test-dir/MiniOzoneClusterImpl-25092133-3ddf-4dd3-9c34-1a0a2119317e/omNode-3/ratis/0718e334-ffa1-36bc-8e9a-0aac5367b30e does not exist. Creating ...
2022-12-22 10:13:55,313 [omNode-3-impl-thread1] INFO  storage.RaftStorageDirectory (RaftStorageDirectoryImpl.java:tryLock(231)) - Lock on /home/runner/work/ozone/ozone/hadoop-ozone/integration-test/target/test-dir/MiniOzoneClusterImpl-25092133-3ddf-4dd3-9c34-1a0a2119317e/omNode-3/ratis/0718e334-ffa1-36bc-8e9a-0aac5367b30e/in_use.lock acquired by nodename 33150@fv-az345-686
2022-12-22 10:13:55,314 [omNode-3-impl-thread1] INFO  storage.RaftStorage (RaftStorageImpl.java:format(96)) - Storage directory /home/runner/work/ozone/ozone/hadoop-ozone/integration-test/target/test-dir/MiniOzoneClusterImpl-25092133-3ddf-4dd3-9c34-1a0a2119317e/omNode-3/ratis/0718e334-ffa1-36bc-8e9a-0aac5367b30e has been successfully formatted.
2022-12-22 10:13:55,315 [omNode-3-impl-thread1] INFO  server.RaftServerConfigKeys (ConfUtils.java:logGet(46)) - raft.server.log.use.memory = false (default)
2022-12-22 10:13:55,315 [omNode-3-impl-thread1] INFO  server.RaftServerConfigKeys (ConfUtils.java:logGet(46)) - raft.server.log.purge.gap = 1000000 (custom)
2022-12-22 10:13:55,315 [omNode-3-impl-thread1] INFO  server.RaftServerConfigKeys (ConfUtils.java:logGet(46)) - raft.server.log.appender.buffer.byte-limit = 33554432 (custom)
2022-12-22 10:13:55,315 [omNode-3-impl-thread1] INFO  server.RaftServerConfigKeys (ConfUtils.java:logGet(46)) - raft.server.log.statemachine.data.read.timeout = 1000ms (default)
2022-12-22 10:13:55,315 [omNode-3-impl-thread1] INFO  server.RaftServerConfigKeys (ConfUtils.java:logGet(46)) - raft.server.log.purge.preservation.log.num = 0 (default)
2022-12-22 10:13:55,315 [omNode-3-impl-thread1] INFO  server.RaftServerConfigKeys (ConfUtils.java:logGet(46)) - raft.server.log.segment.size.max = 4194304 (custom)
2022-12-22 10:13:55,315 [omNode-3-impl-thread1] INFO  server.RaftServerConfigKeys (ConfUtils.java:logGet(46)) - raft.server.log.segment.cache.num.max = 2 (custom)
2022-12-22 10:13:55,315 [omNode-3-impl-thread1] INFO  server.RaftServerConfigKeys (ConfUtils.java:logGet(46)) - raft.server.log.segment.cache.size.max = 200MB (=209715200) (default)
2022-12-22 10:13:55,316 [omNode-3-impl-thread1] INFO  segmented.SegmentedRaftLogWorker (SegmentedRaftLogWorker.java:<init>(189)) - new omNode-3@group-0AAC5367B30E-SegmentedRaftLogWorker for RaftStorageImpl:Storage Directory /home/runner/work/ozone/ozone/hadoop-ozone/integration-test/target/test-dir/MiniOzoneClusterImpl-25092133-3ddf-4dd3-9c34-1a0a2119317e/omNode-3/ratis/0718e334-ffa1-36bc-8e9a-0aac5367b30e
2022-12-22 10:13:55,316 [omNode-3-impl-thread1] INFO  server.RaftServerConfigKeys (ConfUtils.java:logGet(46)) - raft.server.log.queue.byte-limit = 64MB (=67108864) (default)
2022-12-22 10:13:55,316 [omNode-3-impl-thread1] INFO  server.RaftServerConfigKeys (ConfUtils.java:logGet(46)) - raft.server.log.queue.element-limit = 4096 (default)
2022-12-22 10:13:55,316 [omNode-3-impl-thread1] INFO  server.RaftServerConfigKeys (ConfUtils.java:logGet(46)) - raft.server.log.segment.size.max = 4194304 (custom)
2022-12-22 10:13:55,316 [omNode-3-impl-thread1] INFO  server.RaftServerConfigKeys (ConfUtils.java:logGet(46)) - raft.server.log.preallocated.size = 4194304 (custom)
2022-12-22 10:13:55,316 [omNode-3-impl-thread1] INFO  server.RaftServerConfigKeys (ConfUtils.java:logGet(46)) - raft.server.log.force.sync.num = 128 (default)
2022-12-22 10:13:55,316 [omNode-3-impl-thread1] INFO  server.RaftServerConfigKeys (ConfUtils.java:logGet(46)) - raft.server.log.statemachine.data.sync = true (default)
2022-12-22 10:13:55,316 [omNode-3-impl-thread1] INFO  server.RaftServerConfigKeys (ConfUtils.java:logGet(46)) - raft.server.log.statemachine.data.sync.timeout = 10s (default)
2022-12-22 10:13:55,316 [omNode-3-impl-thread1] INFO  server.RaftServerConfigKeys (ConfUtils.java:logGet(46)) - raft.server.log.statemachine.data.sync.timeout.retry = -1 (default)
2022-12-22 10:13:55,316 [omNode-3-impl-thread1] INFO  server.RaftServerConfigKeys (ConfUtils.java:logGet(46)) - raft.server.log.write.buffer.size = 64KB (=65536) (default)
2022-12-22 10:13:55,318 [omNode-3-impl-thread1] INFO  server.RaftServerConfigKeys (ConfUtils.java:logGet(46)) - raft.server.log.appender.buffer.byte-limit = 33554432 (custom)
2022-12-22 10:13:55,327 [omNode-3-impl-thread1] INFO  server.RaftServerConfigKeys (ConfUtils.java:logGet(46)) - raft.server.log.unsafe-flush.enabled = false (default)
2022-12-22 10:13:55,327 [omNode-3-impl-thread1] INFO  server.RaftServerConfigKeys (ConfUtils.java:logGet(46)) - raft.server.log.async-flush.enabled = false (default)
2022-12-22 10:13:55,327 [omNode-3-impl-thread1] INFO  server.RaftServerConfigKeys (ConfUtils.java:logGet(46)) - raft.server.log.statemachine.data.caching.enabled = false (default)
2022-12-22 10:13:55,327 [omNode-3-impl-thread1] INFO  segmented.SegmentedRaftLogWorker (SegmentedRaftLogWorker.java:lambda$new$0(135)) - omNode-3@group-0AAC5367B30E-SegmentedRaftLogWorker: flushIndex: setUnconditionally 0 -> -1
2022-12-22 10:13:55,327 [omNode-3-impl-thread1] INFO  segmented.SegmentedRaftLogWorker (SegmentedRaftLogWorker.java:lambda$new$0(135)) - omNode-3@group-0AAC5367B30E-SegmentedRaftLogWorker: safeCacheEvictIndex: setUnconditionally 0 -> -1
2022-12-22 10:13:55,329 [omNode-3-impl-thread1] INFO  server.RaftServer$Division (RaftServerImpl.java:start(334)) - omNode-3@group-0AAC5367B30E: start as a follower, conf=-1: peers:[omNode-3|rpc:localhost:37735|priority:0|startupRole:FOLLOWER, omNode-1|rpc:localhost:46153|priority:0|startupRole:FOLLOWER, omNode-2|rpc:localhost:37697|priority:0|startupRole:FOLLOWER]|listeners:[], old=null
2022-12-22 10:13:55,330 [omNode-3-impl-thread1] INFO  server.RaftServer$Division (RaftServerImpl.java:setRole(321)) - omNode-3@group-0AAC5367B30E: changes role from      null to FOLLOWER at term 0 for startAsFollower
2022-12-22 10:13:55,341 [omNode-3-impl-thread1] INFO  impl.RoleInfo (RoleInfo.java:updateAndGet(139)) - omNode-3: start omNode-3@group-0AAC5367B30E-FollowerState
2022-12-22 10:13:55,342 [omNode-3-impl-thread1] INFO  util.JmxRegister (JmxRegister.java:tryRegister(44)) - Successfully registered JMX Bean with object name Ratis:service=RaftServer,group=group-0AAC5367B30E,id=omNode-3
2022-12-22 10:13:55,342 [omNode-3-impl-thread1] INFO  server.RaftServerConfigKeys (ConfUtils.java:logGet(46)) - raft.server.snapshot.auto.trigger.enabled = true (custom)
2022-12-22 10:13:55,342 [omNode-3-impl-thread1] INFO  server.RaftServerConfigKeys (ConfUtils.java:logGet(46)) - raft.server.snapshot.auto.trigger.threshold = 400000 (default)
2022-12-22 10:13:55,342 [omNode-3-impl-thread1] INFO  server.RaftServerConfigKeys (ConfUtils.java:logGet(46)) - raft.server.snapshot.retention.file.num = -1 (default)
2022-12-22 10:13:55,342 [omNode-3-impl-thread1] INFO  server.RaftServerConfigKeys (ConfUtils.java:logGet(46)) - raft.server.log.purge.upto.snapshot.index = true (custom)
2022-12-22 10:13:55,344 [omNode-3@group-0AAC5367B30E-FollowerState] INFO  server.RaftServerConfigKeys (ConfUtils.java:logFallback(53)) - raft.server.rpc.first-election.timeout.min = 1s (fallback to raft.server.rpc.timeout.min)
2022-12-22 10:13:55,344 [omNode-3@group-0AAC5367B30E-FollowerState] INFO  server.RaftServerConfigKeys (ConfUtils.java:logFallback(53)) - raft.server.rpc.first-election.timeout.max = 1200ms (fallback to raft.server.rpc.timeout.max)
2022-12-22 10:13:55,352 [Listener at 127.0.0.1/46501] INFO  server.RaftServer (RaftServerProxy.java:startImpl(393)) - omNode-3: start RPC server
2022-12-22 10:13:55,360 [Listener at 127.0.0.1/46501] INFO  server.GrpcService (GrpcService.java:startImpl(262)) - omNode-3: GrpcService started, listening on 37735
2022-12-22 10:13:55,361 [Listener at 127.0.0.1/46501] INFO  om.OzoneManager (OzoneManager.java:start(1502)) - Version File has different layout version (3) than OM DB (null). That is expected if this OM has never been finalized to a newer layout version.
2022-12-22 10:13:55,361 [JvmPauseMonitor4] INFO  util.JvmPauseMonitor (JvmPauseMonitor.java:run(105)) - JvmPauseMonitor-omNode-3: Started
2022-12-22 10:13:55,375 [Listener at 127.0.0.1/46501] INFO  http.BaseHttpServer (BaseHttpServer.java:newHttpServer2BuilderForOzone(213)) - Starting Web-server for ozoneManager at: http://0.0.0.0:41825
2022-12-22 10:13:55,375 [Listener at 127.0.0.1/46501] INFO  http.BaseHttpServer (BaseHttpServer.java:<init>(108)) - Hadoop Security Enabled: false Ozone Security Enabled: false Ozone HTTP Security Enabled: false 
2022-12-22 10:13:55,376 [Listener at 127.0.0.1/46501] WARN  server.AuthenticationFilter (AuthenticationFilter.java:constructSecretProvider(240)) - Unable to initialize FileSignerSecretProvider, falling back to use random secrets. Reason: Could not read signature secret file: /home/runner/hadoop-http-auth-signature-secret
2022-12-22 10:13:55,377 [Listener at 127.0.0.1/46501] WARN  http.HttpRequestLog (HttpRequestLog.java:getRequestLog(103)) - Jetty request log can only be enabled using Log4j
2022-12-22 10:13:55,378 [Listener at 127.0.0.1/46501] INFO  http.HttpServer2 (HttpServer2.java:addGlobalFilter(1031)) - Added global filter 'safety' (class=org.apache.hadoop.hdds.server.http.HttpServer2$QuotingInputFilter)
2022-12-22 10:13:55,379 [Listener at 127.0.0.1/46501] INFO  http.HttpServer2 (HttpServer2.java:addFilter(1007)) - Added filter static_user_filter (class=org.apache.hadoop.http.lib.StaticUserWebFilter$StaticUserFilter) to context ozoneManager
2022-12-22 10:13:55,379 [Listener at 127.0.0.1/46501] INFO  http.HttpServer2 (HttpServer2.java:addFilter(1015)) - Added filter static_user_filter (class=org.apache.hadoop.http.lib.StaticUserWebFilter$StaticUserFilter) to context logs
2022-12-22 10:13:55,379 [Listener at 127.0.0.1/46501] INFO  http.HttpServer2 (HttpServer2.java:addFilter(1015)) - Added filter static_user_filter (class=org.apache.hadoop.http.lib.StaticUserWebFilter$StaticUserFilter) to context static
2022-12-22 10:13:55,380 [Listener at 127.0.0.1/46501] INFO  http.HttpServer2 (HttpServer2.java:bindListener(1250)) - Jetty bound to port 41825
2022-12-22 10:13:55,380 [Listener at 127.0.0.1/46501] INFO  server.Server (Server.java:doStart(375)) - jetty-9.4.49.v20220914; built: 2022-09-14T01:07:36.601Z; git: 4231a3b2e4cb8548a412a789936d640a97b1aa0a; jvm 1.8.0_352-b08
2022-12-22 10:13:55,397 [Listener at 127.0.0.1/46501] INFO  server.session (DefaultSessionIdManager.java:doStart(334)) - DefaultSessionIdManager workerName=node0
2022-12-22 10:13:55,397 [Listener at 127.0.0.1/46501] INFO  server.session (DefaultSessionIdManager.java:doStart(339)) - No SessionScavenger set, using defaults
2022-12-22 10:13:55,397 [Listener at 127.0.0.1/46501] INFO  server.session (HouseKeeper.java:startScavenging(132)) - node0 Scavenging every 600000ms
2022-12-22 10:13:55,398 [Listener at 127.0.0.1/46501] INFO  handler.ContextHandler (ContextHandler.java:doStart(921)) - Started o.e.j.s.ServletContextHandler@4679df4b{logs,/logs,file:///home/runner/work/ozone/ozone/hadoop-ozone/integration-test/target/log,AVAILABLE}
2022-12-22 10:13:55,399 [Listener at 127.0.0.1/46501] INFO  handler.ContextHandler (ContextHandler.java:doStart(921)) - Started o.e.j.s.ServletContextHandler@49f09ccf{static,/static,file:///home/runner/work/ozone/ozone/hadoop-ozone/integration-test/target/test-classes/webapps/static,AVAILABLE}
2022-12-22 10:13:55,402 [omNode-2-server-thread1] INFO  server.RaftServer$Division (ServerState.java:setLeader(313)) - omNode-2@group-0AAC5367B30E: change Leader from null to omNode-1 at term 1 for appendEntries, leader elected after 1695ms
2022-12-22 10:13:55,406 [omNode-2-server-thread1] INFO  server.RaftServer$Division (ServerState.java:setRaftConf(430)) - omNode-2@group-0AAC5367B30E: set configuration 0: peers:[omNode-3|rpc:localhost:37735|admin:|client:|dataStream:|priority:0|startupRole:FOLLOWER, omNode-1|rpc:localhost:46153|admin:|client:|dataStream:|priority:0|startupRole:FOLLOWER, omNode-2|rpc:localhost:37697|admin:|client:|dataStream:|priority:0|startupRole:FOLLOWER]|listeners:[], old=null
2022-12-22 10:13:55,406 [omNode-2-server-thread1] INFO  segmented.SegmentedRaftLogWorker (SegmentedRaftLogWorker.java:startLogSegment(452)) - omNode-2@group-0AAC5367B30E-SegmentedRaftLogWorker: Starting segment from index:0
2022-12-22 10:13:55,412 [Listener at 127.0.0.1/46501] INFO  handler.ContextHandler (ContextHandler.java:doStart(921)) - Started o.e.j.w.WebAppContext@9b79784{ozoneManager,/,file:///home/runner/work/ozone/ozone/hadoop-ozone/integration-test/target/test-classes/webapps/ozoneManager/,AVAILABLE}{file:/home/runner/work/ozone/ozone/hadoop-ozone/integration-test/target/test-classes/webapps/ozoneManager}
2022-12-22 10:13:55,416 [Listener at 127.0.0.1/46501] INFO  server.AbstractConnector (AbstractConnector.java:doStart(333)) - Started ServerConnector@4c5c8926{HTTP/1.1, (http/1.1)}{0.0.0.0:41825}
2022-12-22 10:13:55,416 [Listener at 127.0.0.1/46501] INFO  server.Server (Server.java:doStart(415)) - Started @19148ms
2022-12-22 10:13:55,417 [Listener at 127.0.0.1/46501] WARN  impl.MetricsSystemImpl (MetricsSystemImpl.java:register(279)) - Sink prometheus already exists!
2022-12-22 10:13:55,417 [Listener at 127.0.0.1/46501] INFO  http.BaseHttpServer (BaseHttpServer.java:updateConnectorAddress(333)) - HTTP server of ozoneManager listening at http://0.0.0.0:41825
2022-12-22 10:13:55,421 [omNode-2@group-0AAC5367B30E-SegmentedRaftLogWorker] INFO  segmented.SegmentedRaftLogWorker (SegmentedRaftLogWorker.java:execute(656)) - omNode-2@group-0AAC5367B30E-SegmentedRaftLogWorker: created new log segment /home/runner/work/ozone/ozone/hadoop-ozone/integration-test/target/test-dir/MiniOzoneClusterImpl-25092133-3ddf-4dd3-9c34-1a0a2119317e/omNode-2/ratis/0718e334-ffa1-36bc-8e9a-0aac5367b30e/current/log_inprogress_0
2022-12-22 10:13:55,429 [IPC Server Responder] INFO  ipc.Server (Server.java:run(1512)) - IPC Server Responder: starting
2022-12-22 10:13:55,429 [IPC Server listener on 46501] INFO  ipc.Server (Server.java:run(1352)) - IPC Server listener on 46501: starting
2022-12-22 10:13:55,433 [Listener at 127.0.0.1/46501] INFO  om.OzoneManager (OzoneManager.java:startTrashEmptier(1923)) - Trash Interval set to 0. Files deleted won't move to trash
2022-12-22 10:13:55,433 [Listener at 127.0.0.1/46501] INFO  ozone.MiniOzoneHAClusterImpl (MiniOzoneHAClusterImpl.java:createOMService(527)) - Started OzoneManager omNode-3 RPC server at localhost/127.0.0.1:46501
2022-12-22 10:13:55,449 [org.apache.hadoop.util.JvmPauseMonitor$Monitor@381f7b8e] INFO  util.JvmPauseMonitor (JvmPauseMonitor.java:run(188)) - Starting JVM pause monitor
2022-12-22 10:13:55,628 [omNode-3-server-thread1] INFO  server.RaftServer$Division (ServerState.java:setLeader(313)) - omNode-3@group-0AAC5367B30E: change Leader from null to omNode-1 at term 1 for appendEntries, leader elected after 1025ms
2022-12-22 10:13:55,630 [omNode-3-server-thread1] INFO  server.RaftServer$Division (RaftServerImpl.java:checkInconsistentAppendEntries(1508)) - omNode-3@group-0AAC5367B30E: Failed appendEntries as previous log entry ((t:1, i:0)) is not found
2022-12-22 10:13:55,632 [omNode-3-server-thread1] INFO  server.RaftServer$Division (RaftServerImpl.java:checkInconsistentAppendEntries(1478)) - omNode-3@group-0AAC5367B30E: inconsistency entries. Reply:omNode-1<-omNode-3#450:FAIL-t0,INCONSISTENCY,nextIndex=0,followerCommit=-1,matchIndex=-1
2022-12-22 10:13:55,646 [omNode-3-server-thread1] INFO  server.RaftServer$Division (ServerState.java:setRaftConf(430)) - omNode-3@group-0AAC5367B30E: set configuration 0: peers:[omNode-3|rpc:localhost:37735|admin:|client:|dataStream:|priority:0|startupRole:FOLLOWER, omNode-1|rpc:localhost:46153|admin:|client:|dataStream:|priority:0|startupRole:FOLLOWER, omNode-2|rpc:localhost:37697|admin:|client:|dataStream:|priority:0|startupRole:FOLLOWER]|listeners:[], old=null
2022-12-22 10:13:55,646 [omNode-3-server-thread1] INFO  segmented.SegmentedRaftLogWorker (SegmentedRaftLogWorker.java:startLogSegment(452)) - omNode-3@group-0AAC5367B30E-SegmentedRaftLogWorker: Starting segment from index:0
2022-12-22 10:13:55,666 [omNode-3@group-0AAC5367B30E-SegmentedRaftLogWorker] INFO  segmented.SegmentedRaftLogWorker (SegmentedRaftLogWorker.java:execute(656)) - omNode-3@group-0AAC5367B30E-SegmentedRaftLogWorker: created new log segment /home/runner/work/ozone/ozone/hadoop-ozone/integration-test/target/test-dir/MiniOzoneClusterImpl-25092133-3ddf-4dd3-9c34-1a0a2119317e/omNode-3/ratis/0718e334-ffa1-36bc-8e9a-0aac5367b30e/current/log_inprogress_0
2022-12-22 10:13:55,701 [omNode-2@group-0AAC5367B30E-StateMachineUpdater] INFO  ratis.OzoneManagerStateMachine (OzoneManagerStateMachine.java:notifyConfigurationChanged(192)) - Received Configuration change notification from Ratis. New Peer list:
[id: "omNode-3"
address: "localhost:37735"
startupRole: FOLLOWER
, id: "omNode-1"
address: "localhost:46153"
startupRole: FOLLOWER
, id: "omNode-2"
address: "localhost:37697"
startupRole: FOLLOWER
]
2022-12-22 10:13:55,703 [omNode-1@group-0AAC5367B30E-StateMachineUpdater] INFO  ratis.OzoneManagerStateMachine (OzoneManagerStateMachine.java:notifyConfigurationChanged(192)) - Received Configuration change notification from Ratis. New Peer list:
[id: "omNode-3"
address: "localhost:37735"
startupRole: FOLLOWER
, id: "omNode-1"
address: "localhost:46153"
startupRole: FOLLOWER
, id: "omNode-2"
address: "localhost:37697"
startupRole: FOLLOWER
]
2022-12-22 10:13:55,703 [omNode-3@group-0AAC5367B30E-StateMachineUpdater] INFO  ratis.OzoneManagerStateMachine (OzoneManagerStateMachine.java:notifyConfigurationChanged(192)) - Received Configuration change notification from Ratis. New Peer list:
[id: "omNode-3"
address: "localhost:37735"
startupRole: FOLLOWER
, id: "omNode-1"
address: "localhost:46153"
startupRole: FOLLOWER
, id: "omNode-2"
address: "localhost:37697"
startupRole: FOLLOWER
]
2022-12-22 10:13:55,796 [Listener at 127.0.0.1/46501] WARN  impl.MetricRegistriesImpl (MetricRegistriesImpl.java:addReporterRegistration(111)) - New reporters are added after registries were created. Some metrics will be missing from the reporter. Please add reporter before adding any new registry.
2022-12-22 10:13:55,796 [Listener at 127.0.0.1/46501] WARN  impl.MetricRegistriesImpl (MetricRegistriesImpl.java:addReporterRegistration(111)) - New reporters are added after registries were created. Some metrics will be missing from the reporter. Please add reporter before adding any new registry.
2022-12-22 10:13:55,796 [Listener at 127.0.0.1/46501] INFO  impl.MetricsSystemImpl (MetricsSystemImpl.java:init(158)) - HddsDatanode metrics system started (again)
2022-12-22 10:13:55,810 [Listener at 127.0.0.1/46501] INFO  ozone.HddsDatanodeService (HddsDatanodeService.java:start(237)) - HddsDatanodeService host:fv-az345-686.jvbsasuktymudpoi5cueu5eohe.gx.internal.cloudapp.net ip:10.1.0.13
2022-12-22 10:13:55,834 [Listener at 127.0.0.1/46501] INFO  upgrade.AbstractLayoutVersionManager (AbstractLayoutVersionManager.java:init(83)) - Initializing Layout version manager with metadata layout = DATANODE_SCHEMA_V3 (version = 4), software layout = DATANODE_SCHEMA_V3 (version = 4)
2022-12-22 10:13:55,879 [Listener at 127.0.0.1/46501] INFO  reflections.Reflections (Reflections.java:scan(232)) - Reflections took 44 ms to scan 7 urls, producing 146 keys and 348 values 
2022-12-22 10:13:55,882 [Listener at 127.0.0.1/46501] INFO  ha.SCMNodeInfo (SCMNodeInfo.java:getPort(197)) - ConfigKey ozone.scm.client.address is deprecated, For configuring different ports for each SCM use PortConfigKey ozone.scm.client.port appended with serviceId and nodeId
2022-12-22 10:13:55,882 [Listener at 127.0.0.1/46501] INFO  ha.SCMNodeInfo (SCMNodeInfo.java:getPort(197)) - ConfigKey ozone.scm.block.client.address is deprecated, For configuring different ports for each SCM use PortConfigKey ozone.scm.block.client.port appended with serviceId and nodeId
2022-12-22 10:13:55,882 [Listener at 127.0.0.1/46501] INFO  ha.SCMNodeInfo (SCMNodeInfo.java:getPort(197)) - ConfigKey ozone.scm.datanode.address is deprecated, For configuring different ports for each SCM use PortConfigKey ozone.scm.datanode.port appended with serviceId and nodeId
2022-12-22 10:13:55,883 [Listener at 127.0.0.1/46501] INFO  statemachine.DatanodeStateMachine (DatanodeStateMachine.java:getEndPointTaskThreadPoolSize(248)) - Datanode State Machine Task Thread Pool size 2
2022-12-22 10:13:55,930 [Listener at 127.0.0.1/46501] INFO  volume.HddsVolume (HddsVolume.java:<init>(117)) - Creating HddsVolume: /home/runner/work/ozone/ozone/hadoop-ozone/integration-test/target/test-dir/MiniOzoneClusterImpl-25092133-3ddf-4dd3-9c34-1a0a2119317e/datanode-0/data-0/containers/hdds of storage type : DISK capacity : 9223372036854775807
2022-12-22 10:13:55,933 [Listener at 127.0.0.1/46501] INFO  volume.MutableVolumeSet (MutableVolumeSet.java:initializeVolumeSet(174)) - Added Volume : /home/runner/work/ozone/ozone/hadoop-ozone/integration-test/target/test-dir/MiniOzoneClusterImpl-25092133-3ddf-4dd3-9c34-1a0a2119317e/datanode-0/data-0/containers/hdds to VolumeSet
2022-12-22 10:13:55,933 [Listener at 127.0.0.1/46501] INFO  volume.ThrottledAsyncChecker (ThrottledAsyncChecker.java:schedule(141)) - Scheduling a check for /home/runner/work/ozone/ozone/hadoop-ozone/integration-test/target/test-dir/MiniOzoneClusterImpl-25092133-3ddf-4dd3-9c34-1a0a2119317e/datanode-0/data-0/containers/hdds
2022-12-22 10:13:55,948 [Listener at 127.0.0.1/46501] INFO  volume.StorageVolumeChecker (StorageVolumeChecker.java:checkAllVolumes(202)) - Scheduled health check for volume /home/runner/work/ozone/ozone/hadoop-ozone/integration-test/target/test-dir/MiniOzoneClusterImpl-25092133-3ddf-4dd3-9c34-1a0a2119317e/datanode-0/data-0/containers/hdds
2022-12-22 10:13:55,976 [Listener at 127.0.0.1/46501] INFO  volume.MutableVolumeSet (MutableVolumeSet.java:initializeVolumeSet(174)) - Added Volume : /home/runner/work/ozone/ozone/hadoop-ozone/integration-test/target/test-dir/MiniOzoneClusterImpl-25092133-3ddf-4dd3-9c34-1a0a2119317e/datanode-0/data/ratis to VolumeSet
2022-12-22 10:13:55,976 [Listener at 127.0.0.1/46501] INFO  volume.ThrottledAsyncChecker (ThrottledAsyncChecker.java:schedule(141)) - Scheduling a check for /home/runner/work/ozone/ozone/hadoop-ozone/integration-test/target/test-dir/MiniOzoneClusterImpl-25092133-3ddf-4dd3-9c34-1a0a2119317e/datanode-0/data/ratis
2022-12-22 10:13:55,977 [Listener at 127.0.0.1/46501] INFO  volume.StorageVolumeChecker (StorageVolumeChecker.java:checkAllVolumes(202)) - Scheduled health check for volume /home/runner/work/ozone/ozone/hadoop-ozone/integration-test/target/test-dir/MiniOzoneClusterImpl-25092133-3ddf-4dd3-9c34-1a0a2119317e/datanode-0/data/ratis
2022-12-22 10:13:55,997 [Thread-506] INFO  ozoneimpl.ContainerReader (ContainerReader.java:readVolume(175)) - Finish verifying containers on volume /home/runner/work/ozone/ozone/hadoop-ozone/integration-test/target/test-dir/MiniOzoneClusterImpl-25092133-3ddf-4dd3-9c34-1a0a2119317e/datanode-0/data-0/containers/hdds
2022-12-22 10:13:55,998 [Listener at 127.0.0.1/46501] INFO  ozoneimpl.OzoneContainer (OzoneContainer.java:buildContainerSet(301)) - Build ContainerSet costs 0s
2022-12-22 10:13:56,042 [Listener at 127.0.0.1/46501] INFO  audit.AuditLogger (AuditLogger.java:refreshDebugCmdSet(126)) - Refresh DebugCmdSet for DNAudit to [].
2022-12-22 10:13:56,067 [Listener at 127.0.0.1/46501] INFO  server.RaftServer (ConfUtils.java:logGet(46)) - raft.rpc.type = GRPC (default)
2022-12-22 10:13:56,067 [Listener at 127.0.0.1/46501] INFO  grpc.GrpcConfigKeys (ConfUtils.java:logFallback(53)) - raft.grpc.admin.host = null (fallback to raft.grpc.server.host)
2022-12-22 10:13:56,067 [Listener at 127.0.0.1/46501] INFO  grpc.GrpcConfigKeys (ConfUtils.java:logGet(46)) - raft.grpc.admin.port = 0 (custom)
2022-12-22 10:13:56,067 [Listener at 127.0.0.1/46501] INFO  grpc.GrpcConfigKeys (ConfUtils.java:logFallback(53)) - raft.grpc.client.host = null (fallback to raft.grpc.server.host)
2022-12-22 10:13:56,067 [Listener at 127.0.0.1/46501] INFO  grpc.GrpcConfigKeys (ConfUtils.java:logGet(46)) - raft.grpc.client.port = 0 (custom)
2022-12-22 10:13:56,067 [Listener at 127.0.0.1/46501] INFO  grpc.GrpcConfigKeys (ConfUtils.java:logGet(46)) - raft.grpc.server.host = null (default)
2022-12-22 10:13:56,067 [Listener at 127.0.0.1/46501] INFO  grpc.GrpcConfigKeys (ConfUtils.java:logGet(46)) - raft.grpc.server.port = 0 (default)
2022-12-22 10:13:56,068 [Listener at 127.0.0.1/46501] INFO  server.GrpcService (ConfUtils.java:logGet(46)) - raft.grpc.message.size.max = 32MB (=33554432) (custom)
2022-12-22 10:13:56,068 [Listener at 127.0.0.1/46501] INFO  server.RaftServerConfigKeys (ConfUtils.java:logGet(46)) - raft.server.log.appender.buffer.byte-limit = 33554432 (custom)
2022-12-22 10:13:56,068 [Listener at 127.0.0.1/46501] INFO  server.GrpcService (ConfUtils.java:logGet(46)) - raft.grpc.flow.control.window = 5MB (=5242880) (custom)
2022-12-22 10:13:56,068 [Listener at 127.0.0.1/46501] INFO  server.RaftServerConfigKeys (ConfUtils.java:logGet(46)) - raft.server.rpc.request.timeout = 60s (custom)
2022-12-22 10:13:56,068 [Listener at 127.0.0.1/46501] INFO  grpc.GrpcConfigKeys (ConfUtils.java:logGet(46)) - raft.grpc.server.heartbeat.channel = true (default)
2022-12-22 10:13:56,068 [Listener at 127.0.0.1/46501] INFO  grpc.GrpcConfigKeys (ConfUtils.java:logGet(46)) - raft.grpc.server.async.request.thread.pool.cached = true (default)
2022-12-22 10:13:56,069 [Listener at 127.0.0.1/46501] INFO  grpc.GrpcConfigKeys (ConfUtils.java:logGet(46)) - raft.grpc.server.async.request.thread.pool.size = 32 (default)
2022-12-22 10:13:56,070 [Listener at 127.0.0.1/46501] INFO  impl.DataStreamServerImpl (ConfUtils.java:logGet(46)) - raft.datastream.type = NETTY (custom)
2022-12-22 10:13:56,070 [Listener at 127.0.0.1/46501] INFO  server.RaftServerConfigKeys (ConfUtils.java:logGet(46)) - raft.server.data-stream.async.request.thread.pool.cached = false (default)
2022-12-22 10:13:56,070 [Listener at 127.0.0.1/46501] INFO  server.RaftServerConfigKeys (ConfUtils.java:logGet(46)) - raft.server.data-stream.async.request.thread.pool.size = 20 (custom)
2022-12-22 10:13:56,071 [Listener at 127.0.0.1/46501] INFO  server.RaftServerConfigKeys (ConfUtils.java:logGet(46)) - raft.server.data-stream.async.write.thread.pool.size = 16 (default)
2022-12-22 10:13:56,071 [Listener at 127.0.0.1/46501] INFO  server.RaftServerConfigKeys (ConfUtils.java:logGet(46)) - raft.server.data-stream.client.pool.size = 10 (default)
2022-12-22 10:13:56,071 [Listener at 127.0.0.1/46501] INFO  netty.NettyConfigKeys$DataStream (ConfUtils.java:logGet(46)) - raft.netty.dataStream.server.use-epoll = false (default)
2022-12-22 10:13:56,071 [Listener at 127.0.0.1/46501] INFO  netty.NettyConfigKeys$DataStream (ConfUtils.java:logGet(46)) - raft.netty.dataStream.server.boss-group.size = 0 (default)
2022-12-22 10:13:56,071 [Listener at 127.0.0.1/46501] INFO  netty.NettyConfigKeys$DataStream (ConfUtils.java:logGet(46)) - raft.netty.dataStream.server.worker-group.size = 0 (default)
2022-12-22 10:13:56,072 [Listener at 127.0.0.1/46501] INFO  netty.NettyConfigKeys$DataStream (ConfUtils.java:logGet(46)) - raft.netty.dataStream.server.tls.conf = null (default)
2022-12-22 10:13:56,072 [Listener at 127.0.0.1/46501] INFO  netty.NettyConfigKeys$DataStream (ConfUtils.java:logGet(46)) - raft.netty.dataStream.host = null (default)
2022-12-22 10:13:56,072 [Listener at 127.0.0.1/46501] INFO  netty.NettyConfigKeys$DataStream (ConfUtils.java:logGet(46)) - raft.netty.dataStream.port = 0 (default)
2022-12-22 10:13:56,072 [Listener at 127.0.0.1/46501] INFO  server.RaftServerConfigKeys (ConfUtils.java:logGet(46)) - raft.server.threadpool.proxy.cached = true (default)
2022-12-22 10:13:56,073 [Listener at 127.0.0.1/46501] INFO  server.RaftServerConfigKeys (ConfUtils.java:logGet(46)) - raft.server.threadpool.proxy.size = 0 (default)
2022-12-22 10:13:56,073 [Listener at 127.0.0.1/46501] INFO  server.RaftServerConfigKeys (ConfUtils.java:logGet(46)) - raft.server.rpc.slowness.timeout = 300s (custom)
2022-12-22 10:13:56,073 [Listener at 127.0.0.1/46501] INFO  server.RaftServerConfigKeys (ConfUtils.java:logGet(46)) - raft.server.leaderelection.leader.step-down.wait-time = 10s (default)
2022-12-22 10:13:56,073 [Listener at 127.0.0.1/46501] INFO  server.RaftServerConfigKeys (ConfUtils.java:logGet(46)) - raft.server.storage.dir = [/home/runner/work/ozone/ozone/hadoop-ozone/integration-test/target/test-dir/MiniOzoneClusterImpl-25092133-3ddf-4dd3-9c34-1a0a2119317e/datanode-0/data/ratis] (custom)
2022-12-22 10:13:56,091 [291a3527-ed17-4a3a-8624-24363fd411c3-NettyServerStreamRpc-bossGroup--thread1] INFO  logging.LoggingHandler (AbstractInternalLogger.java:log(148)) - [id: 0x8498818a] REGISTERED
2022-12-22 10:13:56,091 [291a3527-ed17-4a3a-8624-24363fd411c3-NettyServerStreamRpc-bossGroup--thread1] INFO  logging.LoggingHandler (AbstractInternalLogger.java:log(148)) - [id: 0x8498818a] BIND: 0.0.0.0/0.0.0.0:0
2022-12-22 10:13:56,092 [291a3527-ed17-4a3a-8624-24363fd411c3-NettyServerStreamRpc-bossGroup--thread1] INFO  logging.LoggingHandler (AbstractInternalLogger.java:log(148)) - [id: 0x8498818a, L:/0:0:0:0:0:0:0:0:39683] ACTIVE
2022-12-22 10:13:56,099 [Listener at 127.0.0.1/46501] INFO  server.XceiverServerGrpc (XceiverServerGrpc.java:<init>(132)) - GrpcServer channel type EpollServerSocketChannel
2022-12-22 10:13:56,162 [Listener at 127.0.0.1/46501] INFO  http.BaseHttpServer (BaseHttpServer.java:newHttpServer2BuilderForOzone(213)) - Starting Web-server for hddsDatanode at: http://0.0.0.0:0
2022-12-22 10:13:56,162 [Listener at 127.0.0.1/46501] INFO  http.BaseHttpServer (BaseHttpServer.java:<init>(108)) - Hadoop Security Enabled: false Ozone Security Enabled: false Ozone HTTP Security Enabled: false 
2022-12-22 10:13:56,163 [Listener at 127.0.0.1/46501] WARN  server.AuthenticationFilter (AuthenticationFilter.java:constructSecretProvider(240)) - Unable to initialize FileSignerSecretProvider, falling back to use random secrets. Reason: Could not read signature secret file: /home/runner/hadoop-http-auth-signature-secret
2022-12-22 10:13:56,164 [Listener at 127.0.0.1/46501] WARN  http.HttpRequestLog (HttpRequestLog.java:getRequestLog(103)) - Jetty request log can only be enabled using Log4j
2022-12-22 10:13:56,165 [Listener at 127.0.0.1/46501] INFO  http.HttpServer2 (HttpServer2.java:addGlobalFilter(1031)) - Added global filter 'safety' (class=org.apache.hadoop.hdds.server.http.HttpServer2$QuotingInputFilter)
2022-12-22 10:13:56,166 [Listener at 127.0.0.1/46501] INFO  http.HttpServer2 (HttpServer2.java:addFilter(1007)) - Added filter static_user_filter (class=org.apache.hadoop.http.lib.StaticUserWebFilter$StaticUserFilter) to context hddsDatanode
2022-12-22 10:13:56,166 [Listener at 127.0.0.1/46501] INFO  http.HttpServer2 (HttpServer2.java:addFilter(1015)) - Added filter static_user_filter (class=org.apache.hadoop.http.lib.StaticUserWebFilter$StaticUserFilter) to context static
2022-12-22 10:13:56,166 [Listener at 127.0.0.1/46501] INFO  http.HttpServer2 (HttpServer2.java:addFilter(1015)) - Added filter static_user_filter (class=org.apache.hadoop.http.lib.StaticUserWebFilter$StaticUserFilter) to context logs
2022-12-22 10:13:56,167 [Listener at 127.0.0.1/46501] INFO  http.HttpServer2 (HttpServer2.java:bindListener(1250)) - Jetty bound to port 36373
2022-12-22 10:13:56,167 [Listener at 127.0.0.1/46501] INFO  server.Server (Server.java:doStart(375)) - jetty-9.4.49.v20220914; built: 2022-09-14T01:07:36.601Z; git: 4231a3b2e4cb8548a412a789936d640a97b1aa0a; jvm 1.8.0_352-b08
2022-12-22 10:13:56,168 [Listener at 127.0.0.1/46501] INFO  server.session (DefaultSessionIdManager.java:doStart(334)) - DefaultSessionIdManager workerName=node0
2022-12-22 10:13:56,168 [Listener at 127.0.0.1/46501] INFO  server.session (DefaultSessionIdManager.java:doStart(339)) - No SessionScavenger set, using defaults
2022-12-22 10:13:56,169 [Listener at 127.0.0.1/46501] INFO  server.session (HouseKeeper.java:startScavenging(132)) - node0 Scavenging every 600000ms
2022-12-22 10:13:56,169 [Listener at 127.0.0.1/46501] INFO  handler.ContextHandler (ContextHandler.java:doStart(921)) - Started o.e.j.s.ServletContextHandler@5c273b3e{logs,/logs,file:///home/runner/work/ozone/ozone/hadoop-ozone/integration-test/target/log,AVAILABLE}
2022-12-22 10:13:56,170 [Listener at 127.0.0.1/46501] INFO  handler.ContextHandler (ContextHandler.java:doStart(921)) - Started o.e.j.s.ServletContextHandler@7038781f{static,/static,jar:file:/home/runner/.m2/repository/org/apache/ozone/hdds-container-service/1.3.0-SNAPSHOT/hdds-container-service-1.3.0-SNAPSHOT.jar!/webapps/static,AVAILABLE}
2022-12-22 10:13:56,372 [Listener at 127.0.0.1/46501] INFO  handler.ContextHandler (ContextHandler.java:doStart(921)) - Started o.e.j.w.WebAppContext@2042a26f{hddsDatanode,/,file:///tmp/jetty-0_0_0_0-36373-hdds-container-service-1_3_0-SNAPSHOT_jar-_-any-3921543477694853375/webapp/,AVAILABLE}{jar:file:/home/runner/.m2/repository/org/apache/ozone/hdds-container-service/1.3.0-SNAPSHOT/hdds-container-service-1.3.0-SNAPSHOT.jar!/webapps/hddsDatanode}
2022-12-22 10:13:56,374 [Listener at 127.0.0.1/46501] INFO  server.AbstractConnector (AbstractConnector.java:doStart(333)) - Started ServerConnector@31e376e4{HTTP/1.1, (http/1.1)}{0.0.0.0:36373}
2022-12-22 10:13:56,374 [Listener at 127.0.0.1/46501] INFO  server.Server (Server.java:doStart(415)) - Started @20106ms
2022-12-22 10:13:56,374 [Listener at 127.0.0.1/46501] WARN  impl.MetricsSystemImpl (MetricsSystemImpl.java:register(279)) - Sink prometheus already exists!
2022-12-22 10:13:56,375 [Listener at 127.0.0.1/46501] INFO  http.BaseHttpServer (BaseHttpServer.java:updateConnectorAddress(333)) - HTTP server of hddsDatanode listening at http://0.0.0.0:36373
2022-12-22 10:13:56,376 [Listener at 127.0.0.1/46501] WARN  impl.MetricRegistriesImpl (MetricRegistriesImpl.java:addReporterRegistration(111)) - New reporters are added after registries were created. Some metrics will be missing from the reporter. Please add reporter before adding any new registry.
2022-12-22 10:13:56,376 [Listener at 127.0.0.1/46501] WARN  impl.MetricRegistriesImpl (MetricRegistriesImpl.java:addReporterRegistration(111)) - New reporters are added after registries were created. Some metrics will be missing from the reporter. Please add reporter before adding any new registry.
2022-12-22 10:13:56,376 [Listener at 127.0.0.1/46501] INFO  impl.MetricsSystemImpl (MetricsSystemImpl.java:init(158)) - HddsDatanode metrics system started (again)
2022-12-22 10:13:56,385 [Datanode State Machine Daemon Thread] INFO  statemachine.DatanodeStateMachine (DatanodeStateMachine.java:lambda$startDaemon$0(508)) - Ozone container server started.
2022-12-22 10:13:56,400 [Listener at 127.0.0.1/46501] INFO  ozone.HddsDatanodeService (HddsDatanodeService.java:start(237)) - HddsDatanodeService host:fv-az345-686.jvbsasuktymudpoi5cueu5eohe.gx.internal.cloudapp.net ip:10.1.0.13
2022-12-22 10:13:56,406 [org.apache.hadoop.util.JvmPauseMonitor$Monitor@3de8a833] INFO  util.JvmPauseMonitor (JvmPauseMonitor.java:run(188)) - Starting JVM pause monitor
2022-12-22 10:13:56,406 [Datanode State Machine Task Thread - 0] INFO  ha.SCMNodeInfo (SCMNodeInfo.java:getPort(197)) - ConfigKey ozone.scm.client.address is deprecated, For configuring different ports for each SCM use PortConfigKey ozone.scm.client.port appended with serviceId and nodeId
2022-12-22 10:13:56,409 [Datanode State Machine Task Thread - 0] INFO  ha.SCMNodeInfo (SCMNodeInfo.java:getPort(197)) - ConfigKey ozone.scm.block.client.address is deprecated, For configuring different ports for each SCM use PortConfigKey ozone.scm.block.client.port appended with serviceId and nodeId
2022-12-22 10:13:56,409 [Datanode State Machine Task Thread - 0] INFO  ha.SCMNodeInfo (SCMNodeInfo.java:getPort(197)) - ConfigKey ozone.scm.datanode.address is deprecated, For configuring different ports for each SCM use PortConfigKey ozone.scm.datanode.port appended with serviceId and nodeId
2022-12-22 10:13:56,427 [Listener at 127.0.0.1/46501] INFO  upgrade.AbstractLayoutVersionManager (AbstractLayoutVersionManager.java:init(83)) - Initializing Layout version manager with metadata layout = DATANODE_SCHEMA_V3 (version = 4), software layout = DATANODE_SCHEMA_V3 (version = 4)
2022-12-22 10:13:56,508 [Listener at 127.0.0.1/46501] INFO  reflections.Reflections (Reflections.java:scan(232)) - Reflections took 79 ms to scan 7 urls, producing 146 keys and 348 values 
2022-12-22 10:13:56,510 [Listener at 127.0.0.1/46501] INFO  ha.SCMNodeInfo (SCMNodeInfo.java:getPort(197)) - ConfigKey ozone.scm.client.address is deprecated, For configuring different ports for each SCM use PortConfigKey ozone.scm.client.port appended with serviceId and nodeId
2022-12-22 10:13:56,510 [Listener at 127.0.0.1/46501] INFO  ha.SCMNodeInfo (SCMNodeInfo.java:getPort(197)) - ConfigKey ozone.scm.block.client.address is deprecated, For configuring different ports for each SCM use PortConfigKey ozone.scm.block.client.port appended with serviceId and nodeId
2022-12-22 10:13:56,511 [Listener at 127.0.0.1/46501] INFO  ha.SCMNodeInfo (SCMNodeInfo.java:getPort(197)) - ConfigKey ozone.scm.datanode.address is deprecated, For configuring different ports for each SCM use PortConfigKey ozone.scm.datanode.port appended with serviceId and nodeId
2022-12-22 10:13:56,511 [Listener at 127.0.0.1/46501] INFO  statemachine.DatanodeStateMachine (DatanodeStateMachine.java:getEndPointTaskThreadPoolSize(248)) - Datanode State Machine Task Thread Pool size 2
2022-12-22 10:13:56,513 [Listener at 127.0.0.1/46501] INFO  volume.HddsVolume (HddsVolume.java:<init>(117)) - Creating HddsVolume: /home/runner/work/ozone/ozone/hadoop-ozone/integration-test/target/test-dir/MiniOzoneClusterImpl-25092133-3ddf-4dd3-9c34-1a0a2119317e/datanode-1/data-0/containers/hdds of storage type : DISK capacity : 9223372036854775807
2022-12-22 10:13:56,513 [Listener at 127.0.0.1/46501] INFO  volume.MutableVolumeSet (MutableVolumeSet.java:initializeVolumeSet(174)) - Added Volume : /home/runner/work/ozone/ozone/hadoop-ozone/integration-test/target/test-dir/MiniOzoneClusterImpl-25092133-3ddf-4dd3-9c34-1a0a2119317e/datanode-1/data-0/containers/hdds to VolumeSet
2022-12-22 10:13:56,513 [Listener at 127.0.0.1/46501] INFO  volume.ThrottledAsyncChecker (ThrottledAsyncChecker.java:schedule(141)) - Scheduling a check for /home/runner/work/ozone/ozone/hadoop-ozone/integration-test/target/test-dir/MiniOzoneClusterImpl-25092133-3ddf-4dd3-9c34-1a0a2119317e/datanode-1/data-0/containers/hdds
2022-12-22 10:13:56,514 [Listener at 127.0.0.1/46501] INFO  volume.StorageVolumeChecker (StorageVolumeChecker.java:checkAllVolumes(202)) - Scheduled health check for volume /home/runner/work/ozone/ozone/hadoop-ozone/integration-test/target/test-dir/MiniOzoneClusterImpl-25092133-3ddf-4dd3-9c34-1a0a2119317e/datanode-1/data-0/containers/hdds
2022-12-22 10:13:56,525 [Listener at 127.0.0.1/46501] INFO  volume.MutableVolumeSet (MutableVolumeSet.java:initializeVolumeSet(174)) - Added Volume : /home/runner/work/ozone/ozone/hadoop-ozone/integration-test/target/test-dir/MiniOzoneClusterImpl-25092133-3ddf-4dd3-9c34-1a0a2119317e/datanode-1/data/ratis to VolumeSet
2022-12-22 10:13:56,525 [Listener at 127.0.0.1/46501] INFO  volume.ThrottledAsyncChecker (ThrottledAsyncChecker.java:schedule(141)) - Scheduling a check for /home/runner/work/ozone/ozone/hadoop-ozone/integration-test/target/test-dir/MiniOzoneClusterImpl-25092133-3ddf-4dd3-9c34-1a0a2119317e/datanode-1/data/ratis
2022-12-22 10:13:56,525 [Listener at 127.0.0.1/46501] INFO  volume.StorageVolumeChecker (StorageVolumeChecker.java:checkAllVolumes(202)) - Scheduled health check for volume /home/runner/work/ozone/ozone/hadoop-ozone/integration-test/target/test-dir/MiniOzoneClusterImpl-25092133-3ddf-4dd3-9c34-1a0a2119317e/datanode-1/data/ratis
2022-12-22 10:13:56,536 [Thread-522] INFO  ozoneimpl.ContainerReader (ContainerReader.java:readVolume(175)) - Finish verifying containers on volume /home/runner/work/ozone/ozone/hadoop-ozone/integration-test/target/test-dir/MiniOzoneClusterImpl-25092133-3ddf-4dd3-9c34-1a0a2119317e/datanode-1/data-0/containers/hdds
2022-12-22 10:13:56,537 [Listener at 127.0.0.1/46501] INFO  ozoneimpl.OzoneContainer (OzoneContainer.java:buildContainerSet(301)) - Build ContainerSet costs 0s
2022-12-22 10:13:56,540 [Listener at 127.0.0.1/46501] INFO  server.RaftServer (ConfUtils.java:logGet(46)) - raft.rpc.type = GRPC (default)
2022-12-22 10:13:56,541 [Listener at 127.0.0.1/46501] INFO  grpc.GrpcConfigKeys (ConfUtils.java:logFallback(53)) - raft.grpc.admin.host = null (fallback to raft.grpc.server.host)
2022-12-22 10:13:56,541 [Listener at 127.0.0.1/46501] INFO  grpc.GrpcConfigKeys (ConfUtils.java:logGet(46)) - raft.grpc.admin.port = 0 (custom)
2022-12-22 10:13:56,541 [Listener at 127.0.0.1/46501] INFO  grpc.GrpcConfigKeys (ConfUtils.java:logFallback(53)) - raft.grpc.client.host = null (fallback to raft.grpc.server.host)
2022-12-22 10:13:56,541 [Listener at 127.0.0.1/46501] INFO  grpc.GrpcConfigKeys (ConfUtils.java:logGet(46)) - raft.grpc.client.port = 0 (custom)
2022-12-22 10:13:56,541 [Listener at 127.0.0.1/46501] INFO  grpc.GrpcConfigKeys (ConfUtils.java:logGet(46)) - raft.grpc.server.host = null (default)
2022-12-22 10:13:56,541 [Listener at 127.0.0.1/46501] INFO  grpc.GrpcConfigKeys (ConfUtils.java:logGet(46)) - raft.grpc.server.port = 0 (default)
2022-12-22 10:13:56,541 [Listener at 127.0.0.1/46501] INFO  server.GrpcService (ConfUtils.java:logGet(46)) - raft.grpc.message.size.max = 32MB (=33554432) (custom)
2022-12-22 10:13:56,541 [Listener at 127.0.0.1/46501] INFO  server.RaftServerConfigKeys (ConfUtils.java:logGet(46)) - raft.server.log.appender.buffer.byte-limit = 33554432 (custom)
2022-12-22 10:13:56,542 [Listener at 127.0.0.1/46501] INFO  server.GrpcService (ConfUtils.java:logGet(46)) - raft.grpc.flow.control.window = 5MB (=5242880) (custom)
2022-12-22 10:13:56,542 [Listener at 127.0.0.1/46501] INFO  server.RaftServerConfigKeys (ConfUtils.java:logGet(46)) - raft.server.rpc.request.timeout = 60s (custom)
2022-12-22 10:13:56,542 [Listener at 127.0.0.1/46501] INFO  grpc.GrpcConfigKeys (ConfUtils.java:logGet(46)) - raft.grpc.server.heartbeat.channel = true (default)
2022-12-22 10:13:56,542 [Listener at 127.0.0.1/46501] INFO  grpc.GrpcConfigKeys (ConfUtils.java:logGet(46)) - raft.grpc.server.async.request.thread.pool.cached = true (default)
2022-12-22 10:13:56,542 [Listener at 127.0.0.1/46501] INFO  grpc.GrpcConfigKeys (ConfUtils.java:logGet(46)) - raft.grpc.server.async.request.thread.pool.size = 32 (default)
2022-12-22 10:13:56,543 [Listener at 127.0.0.1/46501] INFO  impl.DataStreamServerImpl (ConfUtils.java:logGet(46)) - raft.datastream.type = NETTY (custom)
2022-12-22 10:13:56,543 [Listener at 127.0.0.1/46501] INFO  server.RaftServerConfigKeys (ConfUtils.java:logGet(46)) - raft.server.data-stream.async.request.thread.pool.cached = false (default)
2022-12-22 10:13:56,545 [Listener at 127.0.0.1/46501] INFO  server.RaftServerConfigKeys (ConfUtils.java:logGet(46)) - raft.server.data-stream.async.request.thread.pool.size = 20 (custom)
2022-12-22 10:13:56,545 [Listener at 127.0.0.1/46501] INFO  server.RaftServerConfigKeys (ConfUtils.java:logGet(46)) - raft.server.data-stream.async.write.thread.pool.size = 16 (default)
2022-12-22 10:13:56,545 [Listener at 127.0.0.1/46501] INFO  server.RaftServerConfigKeys (ConfUtils.java:logGet(46)) - raft.server.data-stream.client.pool.size = 10 (default)
2022-12-22 10:13:56,546 [Listener at 127.0.0.1/46501] INFO  netty.NettyConfigKeys$DataStream (ConfUtils.java:logGet(46)) - raft.netty.dataStream.server.use-epoll = false (default)
2022-12-22 10:13:56,546 [Listener at 127.0.0.1/46501] INFO  netty.NettyConfigKeys$DataStream (ConfUtils.java:logGet(46)) - raft.netty.dataStream.server.boss-group.size = 0 (default)
2022-12-22 10:13:56,546 [Listener at 127.0.0.1/46501] INFO  netty.NettyConfigKeys$DataStream (ConfUtils.java:logGet(46)) - raft.netty.dataStream.server.worker-group.size = 0 (default)
2022-12-22 10:13:56,547 [Listener at 127.0.0.1/46501] INFO  netty.NettyConfigKeys$DataStream (ConfUtils.java:logGet(46)) - raft.netty.dataStream.server.tls.conf = null (default)
2022-12-22 10:13:56,548 [Listener at 127.0.0.1/46501] INFO  netty.NettyConfigKeys$DataStream (ConfUtils.java:logGet(46)) - raft.netty.dataStream.host = null (default)
2022-12-22 10:13:56,548 [Listener at 127.0.0.1/46501] INFO  netty.NettyConfigKeys$DataStream (ConfUtils.java:logGet(46)) - raft.netty.dataStream.port = 0 (default)
2022-12-22 10:13:56,549 [Datanode State Machine Task Thread - 0] INFO  datanode.InitDatanodeState (InitDatanodeState.java:persistContainerDatanodeDetails(138)) - DatanodeDetails is persisted to /home/runner/work/ozone/ozone/hadoop-ozone/integration-test/target/test-dir/MiniOzoneClusterImpl-25092133-3ddf-4dd3-9c34-1a0a2119317e/datanode-0/meta/datanode.id
2022-12-22 10:13:56,549 [Listener at 127.0.0.1/46501] INFO  server.RaftServerConfigKeys (ConfUtils.java:logGet(46)) - raft.server.threadpool.proxy.cached = true (default)
2022-12-22 10:13:56,549 [Listener at 127.0.0.1/46501] INFO  server.RaftServerConfigKeys (ConfUtils.java:logGet(46)) - raft.server.threadpool.proxy.size = 0 (default)
2022-12-22 10:13:56,549 [Listener at 127.0.0.1/46501] INFO  server.RaftServerConfigKeys (ConfUtils.java:logGet(46)) - raft.server.rpc.slowness.timeout = 300s (custom)
2022-12-22 10:13:56,550 [Listener at 127.0.0.1/46501] INFO  server.RaftServerConfigKeys (ConfUtils.java:logGet(46)) - raft.server.leaderelection.leader.step-down.wait-time = 10s (default)
2022-12-22 10:13:56,550 [Listener at 127.0.0.1/46501] INFO  server.RaftServerConfigKeys (ConfUtils.java:logGet(46)) - raft.server.storage.dir = [/home/runner/work/ozone/ozone/hadoop-ozone/integration-test/target/test-dir/MiniOzoneClusterImpl-25092133-3ddf-4dd3-9c34-1a0a2119317e/datanode-1/data/ratis] (custom)
2022-12-22 10:13:56,562 [Listener at 127.0.0.1/46501] INFO  server.XceiverServerGrpc (XceiverServerGrpc.java:<init>(132)) - GrpcServer channel type EpollServerSocketChannel
2022-12-22 10:13:56,567 [c401f17a-f2cf-465b-91c0-943e82b6f11f-NettyServerStreamRpc-bossGroup--thread1] INFO  logging.LoggingHandler (AbstractInternalLogger.java:log(148)) - [id: 0x085a7e2d] REGISTERED
2022-12-22 10:13:56,568 [c401f17a-f2cf-465b-91c0-943e82b6f11f-NettyServerStreamRpc-bossGroup--thread1] INFO  logging.LoggingHandler (AbstractInternalLogger.java:log(148)) - [id: 0x085a7e2d] BIND: 0.0.0.0/0.0.0.0:0
2022-12-22 10:13:56,568 [c401f17a-f2cf-465b-91c0-943e82b6f11f-NettyServerStreamRpc-bossGroup--thread1] INFO  logging.LoggingHandler (AbstractInternalLogger.java:log(148)) - [id: 0x085a7e2d, L:/0:0:0:0:0:0:0:0:43401] ACTIVE
2022-12-22 10:13:56,572 [Listener at 127.0.0.1/46501] INFO  http.BaseHttpServer (BaseHttpServer.java:newHttpServer2BuilderForOzone(213)) - Starting Web-server for hddsDatanode at: http://0.0.0.0:0
2022-12-22 10:13:56,572 [Listener at 127.0.0.1/46501] INFO  http.BaseHttpServer (BaseHttpServer.java:<init>(108)) - Hadoop Security Enabled: false Ozone Security Enabled: false Ozone HTTP Security Enabled: false 
2022-12-22 10:13:56,574 [Listener at 127.0.0.1/46501] WARN  server.AuthenticationFilter (AuthenticationFilter.java:constructSecretProvider(240)) - Unable to initialize FileSignerSecretProvider, falling back to use random secrets. Reason: Could not read signature secret file: /home/runner/hadoop-http-auth-signature-secret
2022-12-22 10:13:56,576 [Listener at 127.0.0.1/46501] WARN  http.HttpRequestLog (HttpRequestLog.java:getRequestLog(103)) - Jetty request log can only be enabled using Log4j
2022-12-22 10:13:56,577 [Listener at 127.0.0.1/46501] INFO  http.HttpServer2 (HttpServer2.java:addGlobalFilter(1031)) - Added global filter 'safety' (class=org.apache.hadoop.hdds.server.http.HttpServer2$QuotingInputFilter)
2022-12-22 10:13:56,579 [Listener at 127.0.0.1/46501] INFO  http.HttpServer2 (HttpServer2.java:addFilter(1007)) - Added filter static_user_filter (class=org.apache.hadoop.http.lib.StaticUserWebFilter$StaticUserFilter) to context hddsDatanode
2022-12-22 10:13:56,579 [Listener at 127.0.0.1/46501] INFO  http.HttpServer2 (HttpServer2.java:addFilter(1015)) - Added filter static_user_filter (class=org.apache.hadoop.http.lib.StaticUserWebFilter$StaticUserFilter) to context static
2022-12-22 10:13:56,579 [Listener at 127.0.0.1/46501] INFO  http.HttpServer2 (HttpServer2.java:addFilter(1015)) - Added filter static_user_filter (class=org.apache.hadoop.http.lib.StaticUserWebFilter$StaticUserFilter) to context logs
2022-12-22 10:13:56,580 [Listener at 127.0.0.1/46501] INFO  http.HttpServer2 (HttpServer2.java:bindListener(1250)) - Jetty bound to port 38431
2022-12-22 10:13:56,580 [Listener at 127.0.0.1/46501] INFO  server.Server (Server.java:doStart(375)) - jetty-9.4.49.v20220914; built: 2022-09-14T01:07:36.601Z; git: 4231a3b2e4cb8548a412a789936d640a97b1aa0a; jvm 1.8.0_352-b08
2022-12-22 10:13:56,583 [Listener at 127.0.0.1/46501] INFO  server.session (DefaultSessionIdManager.java:doStart(334)) - DefaultSessionIdManager workerName=node0
2022-12-22 10:13:56,584 [Listener at 127.0.0.1/46501] INFO  server.session (DefaultSessionIdManager.java:doStart(339)) - No SessionScavenger set, using defaults
2022-12-22 10:13:56,584 [Listener at 127.0.0.1/46501] INFO  server.session (HouseKeeper.java:startScavenging(132)) - node0 Scavenging every 660000ms
2022-12-22 10:13:56,584 [Listener at 127.0.0.1/46501] INFO  handler.ContextHandler (ContextHandler.java:doStart(921)) - Started o.e.j.s.ServletContextHandler@2ab8fb0d{logs,/logs,file:///home/runner/work/ozone/ozone/hadoop-ozone/integration-test/target/log,AVAILABLE}
2022-12-22 10:13:56,585 [Listener at 127.0.0.1/46501] INFO  handler.ContextHandler (ContextHandler.java:doStart(921)) - Started o.e.j.s.ServletContextHandler@5fa70745{static,/static,jar:file:/home/runner/.m2/repository/org/apache/ozone/hdds-container-service/1.3.0-SNAPSHOT/hdds-container-service-1.3.0-SNAPSHOT.jar!/webapps/static,AVAILABLE}
2022-12-22 10:13:56,860 [Listener at 127.0.0.1/46501] INFO  handler.ContextHandler (ContextHandler.java:doStart(921)) - Started o.e.j.w.WebAppContext@1e22ff5f{hddsDatanode,/,file:///tmp/jetty-0_0_0_0-38431-hdds-container-service-1_3_0-SNAPSHOT_jar-_-any-6163734754428434475/webapp/,AVAILABLE}{jar:file:/home/runner/.m2/repository/org/apache/ozone/hdds-container-service/1.3.0-SNAPSHOT/hdds-container-service-1.3.0-SNAPSHOT.jar!/webapps/hddsDatanode}
2022-12-22 10:13:56,862 [Listener at 127.0.0.1/46501] INFO  server.AbstractConnector (AbstractConnector.java:doStart(333)) - Started ServerConnector@22b5f886{HTTP/1.1, (http/1.1)}{0.0.0.0:38431}
2022-12-22 10:13:56,862 [Listener at 127.0.0.1/46501] INFO  server.Server (Server.java:doStart(415)) - Started @20594ms
2022-12-22 10:13:56,862 [Listener at 127.0.0.1/46501] WARN  impl.MetricsSystemImpl (MetricsSystemImpl.java:register(279)) - Sink prometheus already exists!
2022-12-22 10:13:56,863 [Listener at 127.0.0.1/46501] INFO  http.BaseHttpServer (BaseHttpServer.java:updateConnectorAddress(333)) - HTTP server of hddsDatanode listening at http://0.0.0.0:38431
2022-12-22 10:13:56,863 [Listener at 127.0.0.1/46501] WARN  impl.MetricRegistriesImpl (MetricRegistriesImpl.java:addReporterRegistration(111)) - New reporters are added after registries were created. Some metrics will be missing from the reporter. Please add reporter before adding any new registry.
2022-12-22 10:13:56,863 [Listener at 127.0.0.1/46501] WARN  impl.MetricRegistriesImpl (MetricRegistriesImpl.java:addReporterRegistration(111)) - New reporters are added after registries were created. Some metrics will be missing from the reporter. Please add reporter before adding any new registry.
2022-12-22 10:13:56,863 [Listener at 127.0.0.1/46501] INFO  impl.MetricsSystemImpl (MetricsSystemImpl.java:init(158)) - HddsDatanode metrics system started (again)
2022-12-22 10:13:56,869 [Datanode State Machine Daemon Thread] INFO  statemachine.DatanodeStateMachine (DatanodeStateMachine.java:lambda$startDaemon$0(508)) - Ozone container server started.
2022-12-22 10:13:56,882 [org.apache.hadoop.util.JvmPauseMonitor$Monitor@728caac3] INFO  util.JvmPauseMonitor (JvmPauseMonitor.java:run(188)) - Starting JVM pause monitor
2022-12-22 10:13:56,899 [Listener at 127.0.0.1/46501] INFO  ozone.HddsDatanodeService (HddsDatanodeService.java:start(237)) - HddsDatanodeService host:fv-az345-686.jvbsasuktymudpoi5cueu5eohe.gx.internal.cloudapp.net ip:10.1.0.13
2022-12-22 10:13:56,901 [Datanode State Machine Task Thread - 0] INFO  ha.SCMNodeInfo (SCMNodeInfo.java:getPort(197)) - ConfigKey ozone.scm.client.address is deprecated, For configuring different ports for each SCM use PortConfigKey ozone.scm.client.port appended with serviceId and nodeId
2022-12-22 10:13:56,901 [Datanode State Machine Task Thread - 0] INFO  ha.SCMNodeInfo (SCMNodeInfo.java:getPort(197)) - ConfigKey ozone.scm.block.client.address is deprecated, For configuring different ports for each SCM use PortConfigKey ozone.scm.block.client.port appended with serviceId and nodeId
2022-12-22 10:13:56,901 [Datanode State Machine Task Thread - 0] INFO  ha.SCMNodeInfo (SCMNodeInfo.java:getPort(197)) - ConfigKey ozone.scm.datanode.address is deprecated, For configuring different ports for each SCM use PortConfigKey ozone.scm.datanode.port appended with serviceId and nodeId
2022-12-22 10:13:56,913 [Datanode State Machine Task Thread - 0] INFO  datanode.InitDatanodeState (InitDatanodeState.java:persistContainerDatanodeDetails(138)) - DatanodeDetails is persisted to /home/runner/work/ozone/ozone/hadoop-ozone/integration-test/target/test-dir/MiniOzoneClusterImpl-25092133-3ddf-4dd3-9c34-1a0a2119317e/datanode-1/meta/datanode.id
2022-12-22 10:13:56,921 [Listener at 127.0.0.1/46501] INFO  upgrade.AbstractLayoutVersionManager (AbstractLayoutVersionManager.java:init(83)) - Initializing Layout version manager with metadata layout = DATANODE_SCHEMA_V3 (version = 4), software layout = DATANODE_SCHEMA_V3 (version = 4)
2022-12-22 10:13:56,976 [Listener at 127.0.0.1/46501] INFO  reflections.Reflections (Reflections.java:scan(232)) - Reflections took 54 ms to scan 7 urls, producing 146 keys and 348 values 
2022-12-22 10:13:56,979 [Listener at 127.0.0.1/46501] INFO  ha.SCMNodeInfo (SCMNodeInfo.java:getPort(197)) - ConfigKey ozone.scm.client.address is deprecated, For configuring different ports for each SCM use PortConfigKey ozone.scm.client.port appended with serviceId and nodeId
2022-12-22 10:13:56,979 [Listener at 127.0.0.1/46501] INFO  ha.SCMNodeInfo (SCMNodeInfo.java:getPort(197)) - ConfigKey ozone.scm.block.client.address is deprecated, For configuring different ports for each SCM use PortConfigKey ozone.scm.block.client.port appended with serviceId and nodeId
2022-12-22 10:13:56,981 [Listener at 127.0.0.1/46501] INFO  ha.SCMNodeInfo (SCMNodeInfo.java:getPort(197)) - ConfigKey ozone.scm.datanode.address is deprecated, For configuring different ports for each SCM use PortConfigKey ozone.scm.datanode.port appended with serviceId and nodeId
2022-12-22 10:13:56,981 [Listener at 127.0.0.1/46501] INFO  statemachine.DatanodeStateMachine (DatanodeStateMachine.java:getEndPointTaskThreadPoolSize(248)) - Datanode State Machine Task Thread Pool size 2
2022-12-22 10:13:56,983 [Listener at 127.0.0.1/46501] INFO  volume.HddsVolume (HddsVolume.java:<init>(117)) - Creating HddsVolume: /home/runner/work/ozone/ozone/hadoop-ozone/integration-test/target/test-dir/MiniOzoneClusterImpl-25092133-3ddf-4dd3-9c34-1a0a2119317e/datanode-2/data-0/containers/hdds of storage type : DISK capacity : 9223372036854775807
2022-12-22 10:13:56,983 [Listener at 127.0.0.1/46501] INFO  volume.MutableVolumeSet (MutableVolumeSet.java:initializeVolumeSet(174)) - Added Volume : /home/runner/work/ozone/ozone/hadoop-ozone/integration-test/target/test-dir/MiniOzoneClusterImpl-25092133-3ddf-4dd3-9c34-1a0a2119317e/datanode-2/data-0/containers/hdds to VolumeSet
2022-12-22 10:13:56,983 [Listener at 127.0.0.1/46501] INFO  volume.ThrottledAsyncChecker (ThrottledAsyncChecker.java:schedule(141)) - Scheduling a check for /home/runner/work/ozone/ozone/hadoop-ozone/integration-test/target/test-dir/MiniOzoneClusterImpl-25092133-3ddf-4dd3-9c34-1a0a2119317e/datanode-2/data-0/containers/hdds
2022-12-22 10:13:56,984 [Listener at 127.0.0.1/46501] INFO  volume.StorageVolumeChecker (StorageVolumeChecker.java:checkAllVolumes(202)) - Scheduled health check for volume /home/runner/work/ozone/ozone/hadoop-ozone/integration-test/target/test-dir/MiniOzoneClusterImpl-25092133-3ddf-4dd3-9c34-1a0a2119317e/datanode-2/data-0/containers/hdds
2022-12-22 10:13:56,995 [Listener at 127.0.0.1/46501] INFO  volume.MutableVolumeSet (MutableVolumeSet.java:initializeVolumeSet(174)) - Added Volume : /home/runner/work/ozone/ozone/hadoop-ozone/integration-test/target/test-dir/MiniOzoneClusterImpl-25092133-3ddf-4dd3-9c34-1a0a2119317e/datanode-2/data/ratis to VolumeSet
2022-12-22 10:13:56,995 [Listener at 127.0.0.1/46501] INFO  volume.ThrottledAsyncChecker (ThrottledAsyncChecker.java:schedule(141)) - Scheduling a check for /home/runner/work/ozone/ozone/hadoop-ozone/integration-test/target/test-dir/MiniOzoneClusterImpl-25092133-3ddf-4dd3-9c34-1a0a2119317e/datanode-2/data/ratis
2022-12-22 10:13:56,995 [Listener at 127.0.0.1/46501] INFO  volume.StorageVolumeChecker (StorageVolumeChecker.java:checkAllVolumes(202)) - Scheduled health check for volume /home/runner/work/ozone/ozone/hadoop-ozone/integration-test/target/test-dir/MiniOzoneClusterImpl-25092133-3ddf-4dd3-9c34-1a0a2119317e/datanode-2/data/ratis
2022-12-22 10:13:57,007 [Thread-536] INFO  ozoneimpl.ContainerReader (ContainerReader.java:readVolume(175)) - Finish verifying containers on volume /home/runner/work/ozone/ozone/hadoop-ozone/integration-test/target/test-dir/MiniOzoneClusterImpl-25092133-3ddf-4dd3-9c34-1a0a2119317e/datanode-2/data-0/containers/hdds
2022-12-22 10:13:57,007 [Listener at 127.0.0.1/46501] INFO  ozoneimpl.OzoneContainer (OzoneContainer.java:buildContainerSet(301)) - Build ContainerSet costs 0s
2022-12-22 10:13:57,010 [Listener at 127.0.0.1/46501] INFO  server.RaftServer (ConfUtils.java:logGet(46)) - raft.rpc.type = GRPC (default)
2022-12-22 10:13:57,010 [Listener at 127.0.0.1/46501] INFO  grpc.GrpcConfigKeys (ConfUtils.java:logFallback(53)) - raft.grpc.admin.host = null (fallback to raft.grpc.server.host)
2022-12-22 10:13:57,010 [Listener at 127.0.0.1/46501] INFO  grpc.GrpcConfigKeys (ConfUtils.java:logGet(46)) - raft.grpc.admin.port = 0 (custom)
2022-12-22 10:13:57,012 [Listener at 127.0.0.1/46501] INFO  grpc.GrpcConfigKeys (ConfUtils.java:logFallback(53)) - raft.grpc.client.host = null (fallback to raft.grpc.server.host)
2022-12-22 10:13:57,012 [Listener at 127.0.0.1/46501] INFO  grpc.GrpcConfigKeys (ConfUtils.java:logGet(46)) - raft.grpc.client.port = 0 (custom)
2022-12-22 10:13:57,012 [Listener at 127.0.0.1/46501] INFO  grpc.GrpcConfigKeys (ConfUtils.java:logGet(46)) - raft.grpc.server.host = null (default)
2022-12-22 10:13:57,013 [Listener at 127.0.0.1/46501] INFO  grpc.GrpcConfigKeys (ConfUtils.java:logGet(46)) - raft.grpc.server.port = 0 (default)
2022-12-22 10:13:57,013 [Listener at 127.0.0.1/46501] INFO  server.GrpcService (ConfUtils.java:logGet(46)) - raft.grpc.message.size.max = 32MB (=33554432) (custom)
2022-12-22 10:13:57,013 [Listener at 127.0.0.1/46501] INFO  server.RaftServerConfigKeys (ConfUtils.java:logGet(46)) - raft.server.log.appender.buffer.byte-limit = 33554432 (custom)
2022-12-22 10:13:57,013 [Listener at 127.0.0.1/46501] INFO  server.GrpcService (ConfUtils.java:logGet(46)) - raft.grpc.flow.control.window = 5MB (=5242880) (custom)
2022-12-22 10:13:57,013 [Listener at 127.0.0.1/46501] INFO  server.RaftServerConfigKeys (ConfUtils.java:logGet(46)) - raft.server.rpc.request.timeout = 60s (custom)
2022-12-22 10:13:57,013 [Listener at 127.0.0.1/46501] INFO  grpc.GrpcConfigKeys (ConfUtils.java:logGet(46)) - raft.grpc.server.heartbeat.channel = true (default)
2022-12-22 10:13:57,013 [Listener at 127.0.0.1/46501] INFO  grpc.GrpcConfigKeys (ConfUtils.java:logGet(46)) - raft.grpc.server.async.request.thread.pool.cached = true (default)
2022-12-22 10:13:57,013 [Listener at 127.0.0.1/46501] INFO  grpc.GrpcConfigKeys (ConfUtils.java:logGet(46)) - raft.grpc.server.async.request.thread.pool.size = 32 (default)
2022-12-22 10:13:57,014 [Listener at 127.0.0.1/46501] INFO  impl.DataStreamServerImpl (ConfUtils.java:logGet(46)) - raft.datastream.type = NETTY (custom)
2022-12-22 10:13:57,015 [Listener at 127.0.0.1/46501] INFO  server.RaftServerConfigKeys (ConfUtils.java:logGet(46)) - raft.server.data-stream.async.request.thread.pool.cached = false (default)
2022-12-22 10:13:57,016 [Listener at 127.0.0.1/46501] INFO  server.RaftServerConfigKeys (ConfUtils.java:logGet(46)) - raft.server.data-stream.async.request.thread.pool.size = 20 (custom)
2022-12-22 10:13:57,016 [Listener at 127.0.0.1/46501] INFO  server.RaftServerConfigKeys (ConfUtils.java:logGet(46)) - raft.server.data-stream.async.write.thread.pool.size = 16 (default)
2022-12-22 10:13:57,016 [Listener at 127.0.0.1/46501] INFO  server.RaftServerConfigKeys (ConfUtils.java:logGet(46)) - raft.server.data-stream.client.pool.size = 10 (default)
2022-12-22 10:13:57,016 [Listener at 127.0.0.1/46501] INFO  netty.NettyConfigKeys$DataStream (ConfUtils.java:logGet(46)) - raft.netty.dataStream.server.use-epoll = false (default)
2022-12-22 10:13:57,016 [Listener at 127.0.0.1/46501] INFO  netty.NettyConfigKeys$DataStream (ConfUtils.java:logGet(46)) - raft.netty.dataStream.server.boss-group.size = 0 (default)
2022-12-22 10:13:57,017 [Listener at 127.0.0.1/46501] INFO  netty.NettyConfigKeys$DataStream (ConfUtils.java:logGet(46)) - raft.netty.dataStream.server.worker-group.size = 0 (default)
2022-12-22 10:13:57,017 [Listener at 127.0.0.1/46501] INFO  netty.NettyConfigKeys$DataStream (ConfUtils.java:logGet(46)) - raft.netty.dataStream.server.tls.conf = null (default)
2022-12-22 10:13:57,017 [Listener at 127.0.0.1/46501] INFO  netty.NettyConfigKeys$DataStream (ConfUtils.java:logGet(46)) - raft.netty.dataStream.host = null (default)
2022-12-22 10:13:57,018 [Listener at 127.0.0.1/46501] INFO  netty.NettyConfigKeys$DataStream (ConfUtils.java:logGet(46)) - raft.netty.dataStream.port = 0 (default)
2022-12-22 10:13:57,018 [Listener at 127.0.0.1/46501] INFO  server.RaftServerConfigKeys (ConfUtils.java:logGet(46)) - raft.server.threadpool.proxy.cached = true (default)
2022-12-22 10:13:57,018 [Listener at 127.0.0.1/46501] INFO  server.RaftServerConfigKeys (ConfUtils.java:logGet(46)) - raft.server.threadpool.proxy.size = 0 (default)
2022-12-22 10:13:57,018 [Listener at 127.0.0.1/46501] INFO  server.RaftServerConfigKeys (ConfUtils.java:logGet(46)) - raft.server.rpc.slowness.timeout = 300s (custom)
2022-12-22 10:13:57,018 [Listener at 127.0.0.1/46501] INFO  server.RaftServerConfigKeys (ConfUtils.java:logGet(46)) - raft.server.leaderelection.leader.step-down.wait-time = 10s (default)
2022-12-22 10:13:57,018 [Listener at 127.0.0.1/46501] INFO  server.RaftServerConfigKeys (ConfUtils.java:logGet(46)) - raft.server.storage.dir = [/home/runner/work/ozone/ozone/hadoop-ozone/integration-test/target/test-dir/MiniOzoneClusterImpl-25092133-3ddf-4dd3-9c34-1a0a2119317e/datanode-2/data/ratis] (custom)
2022-12-22 10:13:57,021 [9d8e2230-e250-45fc-b4c7-3e2f1170721a-NettyServerStreamRpc-bossGroup--thread1] INFO  logging.LoggingHandler (AbstractInternalLogger.java:log(148)) - [id: 0x09ac9c2c] REGISTERED
2022-12-22 10:13:57,021 [9d8e2230-e250-45fc-b4c7-3e2f1170721a-NettyServerStreamRpc-bossGroup--thread1] INFO  logging.LoggingHandler (AbstractInternalLogger.java:log(148)) - [id: 0x09ac9c2c] BIND: 0.0.0.0/0.0.0.0:0
2022-12-22 10:13:57,021 [9d8e2230-e250-45fc-b4c7-3e2f1170721a-NettyServerStreamRpc-bossGroup--thread1] INFO  logging.LoggingHandler (AbstractInternalLogger.java:log(148)) - [id: 0x09ac9c2c, L:/0:0:0:0:0:0:0:0:40427] ACTIVE
2022-12-22 10:13:57,022 [Listener at 127.0.0.1/46501] INFO  server.XceiverServerGrpc (XceiverServerGrpc.java:<init>(132)) - GrpcServer channel type EpollServerSocketChannel
2022-12-22 10:13:57,025 [Listener at 127.0.0.1/46501] INFO  http.BaseHttpServer (BaseHttpServer.java:newHttpServer2BuilderForOzone(213)) - Starting Web-server for hddsDatanode at: http://0.0.0.0:0
2022-12-22 10:13:57,025 [Listener at 127.0.0.1/46501] INFO  http.BaseHttpServer (BaseHttpServer.java:<init>(108)) - Hadoop Security Enabled: false Ozone Security Enabled: false Ozone HTTP Security Enabled: false 
2022-12-22 10:13:57,027 [Listener at 127.0.0.1/46501] WARN  server.AuthenticationFilter (AuthenticationFilter.java:constructSecretProvider(240)) - Unable to initialize FileSignerSecretProvider, falling back to use random secrets. Reason: Could not read signature secret file: /home/runner/hadoop-http-auth-signature-secret
2022-12-22 10:13:57,027 [Listener at 127.0.0.1/46501] WARN  http.HttpRequestLog (HttpRequestLog.java:getRequestLog(103)) - Jetty request log can only be enabled using Log4j
2022-12-22 10:13:57,028 [Listener at 127.0.0.1/46501] INFO  http.HttpServer2 (HttpServer2.java:addGlobalFilter(1031)) - Added global filter 'safety' (class=org.apache.hadoop.hdds.server.http.HttpServer2$QuotingInputFilter)
2022-12-22 10:13:57,029 [Listener at 127.0.0.1/46501] INFO  http.HttpServer2 (HttpServer2.java:addFilter(1007)) - Added filter static_user_filter (class=org.apache.hadoop.http.lib.StaticUserWebFilter$StaticUserFilter) to context hddsDatanode
2022-12-22 10:13:57,029 [Listener at 127.0.0.1/46501] INFO  http.HttpServer2 (HttpServer2.java:addFilter(1015)) - Added filter static_user_filter (class=org.apache.hadoop.http.lib.StaticUserWebFilter$StaticUserFilter) to context logs
2022-12-22 10:13:57,029 [Listener at 127.0.0.1/46501] INFO  http.HttpServer2 (HttpServer2.java:addFilter(1015)) - Added filter static_user_filter (class=org.apache.hadoop.http.lib.StaticUserWebFilter$StaticUserFilter) to context static
2022-12-22 10:13:57,030 [Listener at 127.0.0.1/46501] INFO  http.HttpServer2 (HttpServer2.java:bindListener(1250)) - Jetty bound to port 40901
2022-12-22 10:13:57,030 [Listener at 127.0.0.1/46501] INFO  server.Server (Server.java:doStart(375)) - jetty-9.4.49.v20220914; built: 2022-09-14T01:07:36.601Z; git: 4231a3b2e4cb8548a412a789936d640a97b1aa0a; jvm 1.8.0_352-b08
2022-12-22 10:13:57,033 [Listener at 127.0.0.1/46501] INFO  server.session (DefaultSessionIdManager.java:doStart(334)) - DefaultSessionIdManager workerName=node0
2022-12-22 10:13:57,034 [Listener at 127.0.0.1/46501] INFO  server.session (DefaultSessionIdManager.java:doStart(339)) - No SessionScavenger set, using defaults
2022-12-22 10:13:57,034 [Listener at 127.0.0.1/46501] INFO  server.session (HouseKeeper.java:startScavenging(132)) - node0 Scavenging every 660000ms
2022-12-22 10:13:57,034 [Listener at 127.0.0.1/46501] INFO  handler.ContextHandler (ContextHandler.java:doStart(921)) - Started o.e.j.s.ServletContextHandler@21bac1a8{logs,/logs,file:///home/runner/work/ozone/ozone/hadoop-ozone/integration-test/target/log,AVAILABLE}
2022-12-22 10:13:57,035 [Listener at 127.0.0.1/46501] INFO  handler.ContextHandler (ContextHandler.java:doStart(921)) - Started o.e.j.s.ServletContextHandler@5195b6bc{static,/static,jar:file:/home/runner/.m2/repository/org/apache/ozone/hdds-container-service/1.3.0-SNAPSHOT/hdds-container-service-1.3.0-SNAPSHOT.jar!/webapps/static,AVAILABLE}
2022-12-22 10:13:57,209 [Listener at 127.0.0.1/46501] INFO  handler.ContextHandler (ContextHandler.java:doStart(921)) - Started o.e.j.w.WebAppContext@182a8bf8{hddsDatanode,/,file:///tmp/jetty-0_0_0_0-40901-hdds-container-service-1_3_0-SNAPSHOT_jar-_-any-3198025331853020720/webapp/,AVAILABLE}{jar:file:/home/runner/.m2/repository/org/apache/ozone/hdds-container-service/1.3.0-SNAPSHOT/hdds-container-service-1.3.0-SNAPSHOT.jar!/webapps/hddsDatanode}
2022-12-22 10:13:57,210 [Listener at 127.0.0.1/46501] INFO  server.AbstractConnector (AbstractConnector.java:doStart(333)) - Started ServerConnector@1a4589e9{HTTP/1.1, (http/1.1)}{0.0.0.0:40901}
2022-12-22 10:13:57,211 [Listener at 127.0.0.1/46501] INFO  server.Server (Server.java:doStart(415)) - Started @20942ms
2022-12-22 10:13:57,211 [Listener at 127.0.0.1/46501] WARN  impl.MetricsSystemImpl (MetricsSystemImpl.java:register(279)) - Sink prometheus already exists!
2022-12-22 10:13:57,212 [Listener at 127.0.0.1/46501] INFO  http.BaseHttpServer (BaseHttpServer.java:updateConnectorAddress(333)) - HTTP server of hddsDatanode listening at http://0.0.0.0:40901
2022-12-22 10:13:57,214 [Datanode State Machine Daemon Thread] INFO  statemachine.DatanodeStateMachine (DatanodeStateMachine.java:lambda$startDaemon$0(508)) - Ozone container server started.
2022-12-22 10:13:57,220 [Listener at 127.0.0.1/46501] INFO  ozone.MiniOzoneClusterImpl (MiniOzoneClusterImpl.java:lambda$waitForClusterToBeReady$0(217)) - Waiting for nodes to be ready. Got 0 of 3 DN Heartbeats.
2022-12-22 10:13:57,220 [Listener at 127.0.0.1/46501] INFO  ozone.MiniOzoneClusterImpl (MiniOzoneClusterImpl.java:lambda$waitForClusterToBeReady$0(220)) - Waiting for cluster to exit safe mode
2022-12-22 10:13:57,221 [Listener at 127.0.0.1/46501] INFO  ozone.MiniOzoneClusterImpl (MiniOzoneClusterImpl.java:lambda$waitForClusterToBeReady$0(222)) - SCM became leader
2022-12-22 10:13:57,221 [org.apache.hadoop.util.JvmPauseMonitor$Monitor@2235c71d] INFO  util.JvmPauseMonitor (JvmPauseMonitor.java:run(188)) - Starting JVM pause monitor
2022-12-22 10:13:57,221 [Datanode State Machine Task Thread - 0] INFO  ha.SCMNodeInfo (SCMNodeInfo.java:getPort(197)) - ConfigKey ozone.scm.client.address is deprecated, For configuring different ports for each SCM use PortConfigKey ozone.scm.client.port appended with serviceId and nodeId
2022-12-22 10:13:57,221 [Datanode State Machine Task Thread - 0] INFO  ha.SCMNodeInfo (SCMNodeInfo.java:getPort(197)) - ConfigKey ozone.scm.block.client.address is deprecated, For configuring different ports for each SCM use PortConfigKey ozone.scm.block.client.port appended with serviceId and nodeId
2022-12-22 10:13:57,221 [Datanode State Machine Task Thread - 0] INFO  ha.SCMNodeInfo (SCMNodeInfo.java:getPort(197)) - ConfigKey ozone.scm.datanode.address is deprecated, For configuring different ports for each SCM use PortConfigKey ozone.scm.datanode.port appended with serviceId and nodeId
2022-12-22 10:13:57,224 [Datanode State Machine Task Thread - 0] INFO  datanode.InitDatanodeState (InitDatanodeState.java:persistContainerDatanodeDetails(138)) - DatanodeDetails is persisted to /home/runner/work/ozone/ozone/hadoop-ozone/integration-test/target/test-dir/MiniOzoneClusterImpl-25092133-3ddf-4dd3-9c34-1a0a2119317e/datanode-2/meta/datanode.id
2022-12-22 10:13:58,221 [Listener at 127.0.0.1/46501] INFO  ozone.MiniOzoneClusterImpl (MiniOzoneClusterImpl.java:lambda$waitForClusterToBeReady$0(217)) - Waiting for nodes to be ready. Got 0 of 3 DN Heartbeats.
2022-12-22 10:13:58,221 [Listener at 127.0.0.1/46501] INFO  ozone.MiniOzoneClusterImpl (MiniOzoneClusterImpl.java:lambda$waitForClusterToBeReady$0(220)) - Waiting for cluster to exit safe mode
2022-12-22 10:13:58,221 [Listener at 127.0.0.1/46501] INFO  ozone.MiniOzoneClusterImpl (MiniOzoneClusterImpl.java:lambda$waitForClusterToBeReady$0(222)) - SCM became leader
2022-12-22 10:13:58,487 [EndpointStateMachine task thread for /127.0.0.1:42129 - 0 ] INFO  utils.DatanodeStoreCache (DatanodeStoreCache.java:addDB(58)) - Added db /home/runner/work/ozone/ozone/hadoop-ozone/integration-test/target/test-dir/MiniOzoneClusterImpl-25092133-3ddf-4dd3-9c34-1a0a2119317e/datanode-0/data-0/containers/hdds/25092133-3ddf-4dd3-9c34-1a0a2119317e/DS-44d2d90a-7b4d-4693-8583-15e79f178715/container.db to cache
2022-12-22 10:13:58,487 [EndpointStateMachine task thread for /127.0.0.1:42129 - 0 ] INFO  volume.HddsVolume (HddsVolume.java:createDbStore(307)) - SchemaV3 db is created and loaded at /home/runner/work/ozone/ozone/hadoop-ozone/integration-test/target/test-dir/MiniOzoneClusterImpl-25092133-3ddf-4dd3-9c34-1a0a2119317e/datanode-0/data-0/containers/hdds/25092133-3ddf-4dd3-9c34-1a0a2119317e/DS-44d2d90a-7b4d-4693-8583-15e79f178715/container.db for volume DS-44d2d90a-7b4d-4693-8583-15e79f178715
2022-12-22 10:13:58,488 [EndpointStateMachine task thread for /127.0.0.1:42129 - 0 ] INFO  ozoneimpl.OzoneContainer (OzoneContainer.java:start(395)) - Attempting to start container services.
2022-12-22 10:13:58,493 [EndpointStateMachine task thread for /127.0.0.1:42129 - 0 ] INFO  ozoneimpl.OzoneContainer (OzoneContainer.java:startContainerScrub(312)) - Scheduled background container scanners and the on-demand container scanner have been disabled.
2022-12-22 10:13:58,496 [EndpointStateMachine task thread for /127.0.0.1:42129 - 0 ] INFO  replication.ReplicationServer (ReplicationServer.java:start(106)) - ReplicationServer is started using port 44127
2022-12-22 10:13:58,498 [EndpointStateMachine task thread for /127.0.0.1:42129 - 0 ] INFO  ratis.XceiverServerRatis (XceiverServerRatis.java:start(517)) - Starting XceiverServerRatis 291a3527-ed17-4a3a-8624-24363fd411c3
2022-12-22 10:13:58,503 [EndpointStateMachine task thread for /127.0.0.1:42129 - 0 ] INFO  server.RaftServer (RaftServerProxy.java:startImpl(393)) - 291a3527-ed17-4a3a-8624-24363fd411c3: start RPC server
2022-12-22 10:13:58,505 [EndpointStateMachine task thread for /127.0.0.1:42129 - 0 ] INFO  server.GrpcService (GrpcService.java:startImpl(262)) - 291a3527-ed17-4a3a-8624-24363fd411c3: GrpcService started, listening on 44335
2022-12-22 10:13:58,509 [EndpointStateMachine task thread for /127.0.0.1:42129 - 0 ] INFO  ratis.XceiverServerRatis (XceiverServerRatis.java:getRealPort(543)) - XceiverServerRatis 291a3527-ed17-4a3a-8624-24363fd411c3 is started using port 44335 for RATIS
2022-12-22 10:13:58,509 [EndpointStateMachine task thread for /127.0.0.1:42129 - 0 ] INFO  ratis.XceiverServerRatis (XceiverServerRatis.java:getRealPort(543)) - XceiverServerRatis 291a3527-ed17-4a3a-8624-24363fd411c3 is started using port 44335 for RATIS_ADMIN
2022-12-22 10:13:58,509 [EndpointStateMachine task thread for /127.0.0.1:42129 - 0 ] INFO  ratis.XceiverServerRatis (XceiverServerRatis.java:getRealPort(543)) - XceiverServerRatis 291a3527-ed17-4a3a-8624-24363fd411c3 is started using port 44335 for RATIS_SERVER
2022-12-22 10:13:58,509 [EndpointStateMachine task thread for /127.0.0.1:42129 - 0 ] INFO  ratis.XceiverServerRatis (XceiverServerRatis.java:getRealPort(543)) - XceiverServerRatis 291a3527-ed17-4a3a-8624-24363fd411c3 is started using port 39683 for RATIS_DATASTREAM
2022-12-22 10:13:58,510 [JvmPauseMonitor5] INFO  util.JvmPauseMonitor (JvmPauseMonitor.java:run(105)) - JvmPauseMonitor-291a3527-ed17-4a3a-8624-24363fd411c3: Started
2022-12-22 10:13:58,517 [EndpointStateMachine task thread for /127.0.0.1:42129 - 0 ] INFO  server.XceiverServerGrpc (XceiverServerGrpc.java:start(180)) - XceiverServerGrpc 291a3527-ed17-4a3a-8624-24363fd411c3 is started using port 38035
2022-12-22 10:13:58,907 [EndpointStateMachine task thread for /127.0.0.1:42129 - 0 ] INFO  utils.DatanodeStoreCache (DatanodeStoreCache.java:addDB(58)) - Added db /home/runner/work/ozone/ozone/hadoop-ozone/integration-test/target/test-dir/MiniOzoneClusterImpl-25092133-3ddf-4dd3-9c34-1a0a2119317e/datanode-1/data-0/containers/hdds/25092133-3ddf-4dd3-9c34-1a0a2119317e/DS-fba21080-a58f-4b74-a901-8c2cf30545b6/container.db to cache
2022-12-22 10:13:58,909 [EndpointStateMachine task thread for /127.0.0.1:42129 - 0 ] INFO  volume.HddsVolume (HddsVolume.java:createDbStore(307)) - SchemaV3 db is created and loaded at /home/runner/work/ozone/ozone/hadoop-ozone/integration-test/target/test-dir/MiniOzoneClusterImpl-25092133-3ddf-4dd3-9c34-1a0a2119317e/datanode-1/data-0/containers/hdds/25092133-3ddf-4dd3-9c34-1a0a2119317e/DS-fba21080-a58f-4b74-a901-8c2cf30545b6/container.db for volume DS-fba21080-a58f-4b74-a901-8c2cf30545b6
2022-12-22 10:13:58,909 [EndpointStateMachine task thread for /127.0.0.1:42129 - 0 ] INFO  ozoneimpl.OzoneContainer (OzoneContainer.java:start(395)) - Attempting to start container services.
2022-12-22 10:13:58,909 [EndpointStateMachine task thread for /127.0.0.1:42129 - 0 ] INFO  ozoneimpl.OzoneContainer (OzoneContainer.java:startContainerScrub(312)) - Scheduled background container scanners and the on-demand container scanner have been disabled.
2022-12-22 10:13:58,911 [EndpointStateMachine task thread for /127.0.0.1:42129 - 0 ] INFO  replication.ReplicationServer (ReplicationServer.java:start(106)) - ReplicationServer is started using port 34439
2022-12-22 10:13:58,914 [EndpointStateMachine task thread for /127.0.0.1:42129 - 0 ] INFO  ratis.XceiverServerRatis (XceiverServerRatis.java:start(517)) - Starting XceiverServerRatis c401f17a-f2cf-465b-91c0-943e82b6f11f
2022-12-22 10:13:58,914 [EndpointStateMachine task thread for /127.0.0.1:42129 - 0 ] INFO  server.RaftServer (RaftServerProxy.java:startImpl(393)) - c401f17a-f2cf-465b-91c0-943e82b6f11f: start RPC server
2022-12-22 10:13:58,917 [EndpointStateMachine task thread for /127.0.0.1:42129 - 0 ] INFO  server.GrpcService (GrpcService.java:startImpl(262)) - c401f17a-f2cf-465b-91c0-943e82b6f11f: GrpcService started, listening on 34811
2022-12-22 10:13:58,917 [EndpointStateMachine task thread for /127.0.0.1:42129 - 0 ] INFO  ratis.XceiverServerRatis (XceiverServerRatis.java:getRealPort(543)) - XceiverServerRatis c401f17a-f2cf-465b-91c0-943e82b6f11f is started using port 34811 for RATIS
2022-12-22 10:13:58,917 [JvmPauseMonitor6] INFO  util.JvmPauseMonitor (JvmPauseMonitor.java:run(105)) - JvmPauseMonitor-c401f17a-f2cf-465b-91c0-943e82b6f11f: Started
2022-12-22 10:13:58,917 [EndpointStateMachine task thread for /127.0.0.1:42129 - 0 ] INFO  ratis.XceiverServerRatis (XceiverServerRatis.java:getRealPort(543)) - XceiverServerRatis c401f17a-f2cf-465b-91c0-943e82b6f11f is started using port 34811 for RATIS_ADMIN
2022-12-22 10:13:58,917 [EndpointStateMachine task thread for /127.0.0.1:42129 - 0 ] INFO  ratis.XceiverServerRatis (XceiverServerRatis.java:getRealPort(543)) - XceiverServerRatis c401f17a-f2cf-465b-91c0-943e82b6f11f is started using port 34811 for RATIS_SERVER
2022-12-22 10:13:58,918 [EndpointStateMachine task thread for /127.0.0.1:42129 - 0 ] INFO  ratis.XceiverServerRatis (XceiverServerRatis.java:getRealPort(543)) - XceiverServerRatis c401f17a-f2cf-465b-91c0-943e82b6f11f is started using port 43401 for RATIS_DATASTREAM
2022-12-22 10:13:58,920 [EndpointStateMachine task thread for /127.0.0.1:42129 - 0 ] INFO  server.XceiverServerGrpc (XceiverServerGrpc.java:start(180)) - XceiverServerGrpc c401f17a-f2cf-465b-91c0-943e82b6f11f is started using port 34909
2022-12-22 10:13:59,221 [Listener at 127.0.0.1/46501] INFO  ozone.MiniOzoneClusterImpl (MiniOzoneClusterImpl.java:lambda$waitForClusterToBeReady$0(217)) - Waiting for nodes to be ready. Got 0 of 3 DN Heartbeats.
2022-12-22 10:13:59,222 [Listener at 127.0.0.1/46501] INFO  ozone.MiniOzoneClusterImpl (MiniOzoneClusterImpl.java:lambda$waitForClusterToBeReady$0(220)) - Waiting for cluster to exit safe mode
2022-12-22 10:13:59,222 [Listener at 127.0.0.1/46501] INFO  ozone.MiniOzoneClusterImpl (MiniOzoneClusterImpl.java:lambda$waitForClusterToBeReady$0(222)) - SCM became leader
2022-12-22 10:13:59,247 [EndpointStateMachine task thread for /127.0.0.1:42129 - 0 ] INFO  utils.DatanodeStoreCache (DatanodeStoreCache.java:addDB(58)) - Added db /home/runner/work/ozone/ozone/hadoop-ozone/integration-test/target/test-dir/MiniOzoneClusterImpl-25092133-3ddf-4dd3-9c34-1a0a2119317e/datanode-2/data-0/containers/hdds/25092133-3ddf-4dd3-9c34-1a0a2119317e/DS-65b4f4e9-acbc-40b7-8a55-f6c509b8fdfc/container.db to cache
2022-12-22 10:13:59,247 [EndpointStateMachine task thread for /127.0.0.1:42129 - 0 ] INFO  volume.HddsVolume (HddsVolume.java:createDbStore(307)) - SchemaV3 db is created and loaded at /home/runner/work/ozone/ozone/hadoop-ozone/integration-test/target/test-dir/MiniOzoneClusterImpl-25092133-3ddf-4dd3-9c34-1a0a2119317e/datanode-2/data-0/containers/hdds/25092133-3ddf-4dd3-9c34-1a0a2119317e/DS-65b4f4e9-acbc-40b7-8a55-f6c509b8fdfc/container.db for volume DS-65b4f4e9-acbc-40b7-8a55-f6c509b8fdfc
2022-12-22 10:13:59,247 [EndpointStateMachine task thread for /127.0.0.1:42129 - 0 ] INFO  ozoneimpl.OzoneContainer (OzoneContainer.java:start(395)) - Attempting to start container services.
2022-12-22 10:13:59,247 [EndpointStateMachine task thread for /127.0.0.1:42129 - 0 ] INFO  ozoneimpl.OzoneContainer (OzoneContainer.java:startContainerScrub(312)) - Scheduled background container scanners and the on-demand container scanner have been disabled.
2022-12-22 10:13:59,250 [EndpointStateMachine task thread for /127.0.0.1:42129 - 0 ] INFO  replication.ReplicationServer (ReplicationServer.java:start(106)) - ReplicationServer is started using port 45663
2022-12-22 10:13:59,251 [EndpointStateMachine task thread for /127.0.0.1:42129 - 0 ] INFO  ratis.XceiverServerRatis (XceiverServerRatis.java:start(517)) - Starting XceiverServerRatis 9d8e2230-e250-45fc-b4c7-3e2f1170721a
2022-12-22 10:13:59,254 [EndpointStateMachine task thread for /127.0.0.1:42129 - 0 ] INFO  server.RaftServer (RaftServerProxy.java:startImpl(393)) - 9d8e2230-e250-45fc-b4c7-3e2f1170721a: start RPC server
2022-12-22 10:13:59,257 [EndpointStateMachine task thread for /127.0.0.1:42129 - 0 ] INFO  server.GrpcService (GrpcService.java:startImpl(262)) - 9d8e2230-e250-45fc-b4c7-3e2f1170721a: GrpcService started, listening on 46029
2022-12-22 10:13:59,257 [EndpointStateMachine task thread for /127.0.0.1:42129 - 0 ] INFO  ratis.XceiverServerRatis (XceiverServerRatis.java:getRealPort(543)) - XceiverServerRatis 9d8e2230-e250-45fc-b4c7-3e2f1170721a is started using port 46029 for RATIS
2022-12-22 10:13:59,257 [EndpointStateMachine task thread for /127.0.0.1:42129 - 0 ] INFO  ratis.XceiverServerRatis (XceiverServerRatis.java:getRealPort(543)) - XceiverServerRatis 9d8e2230-e250-45fc-b4c7-3e2f1170721a is started using port 46029 for RATIS_ADMIN
2022-12-22 10:13:59,257 [JvmPauseMonitor7] INFO  util.JvmPauseMonitor (JvmPauseMonitor.java:run(105)) - JvmPauseMonitor-9d8e2230-e250-45fc-b4c7-3e2f1170721a: Started
2022-12-22 10:13:59,257 [EndpointStateMachine task thread for /127.0.0.1:42129 - 0 ] INFO  ratis.XceiverServerRatis (XceiverServerRatis.java:getRealPort(543)) - XceiverServerRatis 9d8e2230-e250-45fc-b4c7-3e2f1170721a is started using port 46029 for RATIS_SERVER
2022-12-22 10:13:59,257 [EndpointStateMachine task thread for /127.0.0.1:42129 - 0 ] INFO  ratis.XceiverServerRatis (XceiverServerRatis.java:getRealPort(543)) - XceiverServerRatis 9d8e2230-e250-45fc-b4c7-3e2f1170721a is started using port 40427 for RATIS_DATASTREAM
2022-12-22 10:13:59,265 [EndpointStateMachine task thread for /127.0.0.1:42129 - 0 ] INFO  server.XceiverServerGrpc (XceiverServerGrpc.java:start(180)) - XceiverServerGrpc 9d8e2230-e250-45fc-b4c7-3e2f1170721a is started using port 44465
2022-12-22 10:14:00,222 [Listener at 127.0.0.1/46501] INFO  ozone.MiniOzoneClusterImpl (MiniOzoneClusterImpl.java:lambda$waitForClusterToBeReady$0(217)) - Waiting for nodes to be ready. Got 0 of 3 DN Heartbeats.
2022-12-22 10:14:00,222 [Listener at 127.0.0.1/46501] INFO  ozone.MiniOzoneClusterImpl (MiniOzoneClusterImpl.java:lambda$waitForClusterToBeReady$0(220)) - Waiting for cluster to exit safe mode
2022-12-22 10:14:00,222 [Listener at 127.0.0.1/46501] INFO  ozone.MiniOzoneClusterImpl (MiniOzoneClusterImpl.java:lambda$waitForClusterToBeReady$0(222)) - SCM became leader
2022-12-22 10:14:00,428 [IPC Server handler 0 on default port 42129] INFO  net.NetworkTopologyImpl (NetworkTopologyImpl.java:add(112)) - Added a new node: /default-rack/291a3527-ed17-4a3a-8624-24363fd411c3
2022-12-22 10:14:00,430 [IPC Server handler 0 on default port 42129] INFO  node.SCMNodeManager (SCMNodeManager.java:register(397)) - Registered Data node : 291a3527-ed17-4a3a-8624-24363fd411c3{ip: 127.0.0.1, host: localhost, ports: [REPLICATION=44127, RATIS=44335, RATIS_ADMIN=44335, RATIS_SERVER=44335, RATIS_DATASTREAM=39683, STANDALONE=38035], networkLocation: /default-rack, certSerialId: null, persistedOpState: null, persistedOpStateExpiryEpochSec: 0}
2022-12-22 10:14:00,442 [EventQueue-NewNodeForNewNodeHandler] INFO  pipeline.BackgroundPipelineCreator (BackgroundPipelineCreator.java:notifyEventTriggered(276)) - trigger a one-shot run on RatisPipelineUtilsThread.
2022-12-22 10:14:00,443 [EventQueue-NodeRegistrationContainerReportForDataNodeSafeModeRule] INFO  safemode.SCMSafeModeManager (DataNodeSafeModeRule.java:process(71)) - SCM in safe mode. 1 DataNodes registered, 3 required.
2022-12-22 10:14:00,462 [RatisPipelineUtilsThread - 0] INFO  pipeline.RatisPipelineProvider (RatisPipelineProvider.java:lambda$create$0(206)) - Sending CreatePipelineCommand for pipeline:PipelineID=c2f7e017-4690-431d-90a1-54a5cd49abf0 to datanode:291a3527-ed17-4a3a-8624-24363fd411c3
2022-12-22 10:14:00,460 [EventQueue-NodeRegistrationContainerReportForContainerSafeModeRule] INFO  safemode.SCMSafeModeManager (SCMSafeModeManager.java:validateSafeModeExitRules(200)) - ContainerSafeModeRule rule is successfully validated
2022-12-22 10:14:00,466 [EventQueue-PipelineReportForOneReplicaPipelineSafeModeRule] INFO  safemode.SCMSafeModeManager (SCMSafeModeManager.java:validateSafeModeExitRules(200)) - AtleastOneDatanodeReportedRule rule is successfully validated
2022-12-22 10:14:00,552 [c0744bfc-8c9a-4b67-b2fe-e4eb0bfece68@group-1A0A2119317E-StateMachineUpdater] INFO  pipeline.PipelineStateManagerImpl (PipelineStateManagerImpl.java:addPipeline(103)) - Created pipeline Pipeline[ Id: c2f7e017-4690-431d-90a1-54a5cd49abf0, Nodes: 291a3527-ed17-4a3a-8624-24363fd411c3{ip: 127.0.0.1, host: localhost, ports: [REPLICATION=44127, RATIS=44335, RATIS_ADMIN=44335, RATIS_SERVER=44335, RATIS_DATASTREAM=39683, STANDALONE=38035], networkLocation: /default-rack, certSerialId: null, persistedOpState: IN_SERVICE, persistedOpStateExpiryEpochSec: 0}, ReplicationConfig: RATIS/ONE, State:ALLOCATED, leaderId:, CreationTimestamp2022-12-22T10:14:00.461Z[Etc/UTC]].
2022-12-22 10:14:00,553 [c0744bfc-8c9a-4b67-b2fe-e4eb0bfece68@group-1A0A2119317E-StateMachineUpdater] INFO  safemode.HealthyPipelineSafeModeRule (HealthyPipelineSafeModeRule.java:initializeRule(165)) - Refreshed total pipeline count is 0, healthy pipeline threshold count is 1
2022-12-22 10:14:00,885 [IPC Server handler 8 on default port 42129] INFO  net.NetworkTopologyImpl (NetworkTopologyImpl.java:add(112)) - Added a new node: /default-rack/c401f17a-f2cf-465b-91c0-943e82b6f11f
2022-12-22 10:14:00,887 [IPC Server handler 8 on default port 42129] INFO  node.SCMNodeManager (SCMNodeManager.java:register(397)) - Registered Data node : c401f17a-f2cf-465b-91c0-943e82b6f11f{ip: 127.0.0.1, host: localhost, ports: [REPLICATION=34439, RATIS=34811, RATIS_ADMIN=34811, RATIS_SERVER=34811, RATIS_DATASTREAM=43401, STANDALONE=34909], networkLocation: /default-rack, certSerialId: null, persistedOpState: null, persistedOpStateExpiryEpochSec: 0}
2022-12-22 10:14:00,888 [EventQueue-NewNodeForNewNodeHandler] INFO  pipeline.BackgroundPipelineCreator (BackgroundPipelineCreator.java:notifyEventTriggered(276)) - trigger a one-shot run on RatisPipelineUtilsThread.
2022-12-22 10:14:00,893 [RatisPipelineUtilsThread - 0] INFO  pipeline.RatisPipelineProvider (RatisPipelineProvider.java:lambda$create$0(206)) - Sending CreatePipelineCommand for pipeline:PipelineID=9529daf3-e263-405b-a763-113b51a5152a to datanode:c401f17a-f2cf-465b-91c0-943e82b6f11f
2022-12-22 10:14:00,894 [EventQueue-NodeRegistrationContainerReportForDataNodeSafeModeRule] INFO  safemode.SCMSafeModeManager (DataNodeSafeModeRule.java:process(71)) - SCM in safe mode. 2 DataNodes registered, 3 required.
2022-12-22 10:14:00,895 [c0744bfc-8c9a-4b67-b2fe-e4eb0bfece68@group-1A0A2119317E-StateMachineUpdater] INFO  pipeline.PipelineStateManagerImpl (PipelineStateManagerImpl.java:addPipeline(103)) - Created pipeline Pipeline[ Id: 9529daf3-e263-405b-a763-113b51a5152a, Nodes: c401f17a-f2cf-465b-91c0-943e82b6f11f{ip: 127.0.0.1, host: localhost, ports: [REPLICATION=34439, RATIS=34811, RATIS_ADMIN=34811, RATIS_SERVER=34811, RATIS_DATASTREAM=43401, STANDALONE=34909], networkLocation: /default-rack, certSerialId: null, persistedOpState: IN_SERVICE, persistedOpStateExpiryEpochSec: 0}, ReplicationConfig: RATIS/ONE, State:ALLOCATED, leaderId:, CreationTimestamp2022-12-22T10:14:00.893Z[Etc/UTC]].
2022-12-22 10:14:00,895 [c0744bfc-8c9a-4b67-b2fe-e4eb0bfece68@group-1A0A2119317E-StateMachineUpdater] INFO  safemode.HealthyPipelineSafeModeRule (HealthyPipelineSafeModeRule.java:initializeRule(165)) - Refreshed total pipeline count is 0, healthy pipeline threshold count is 1
2022-12-22 10:14:01,223 [Listener at 127.0.0.1/46501] INFO  ozone.MiniOzoneClusterImpl (MiniOzoneClusterImpl.java:lambda$waitForClusterToBeReady$0(217)) - Waiting for nodes to be ready. Got 2 of 3 DN Heartbeats.
2022-12-22 10:14:01,224 [Listener at 127.0.0.1/46501] INFO  ozone.MiniOzoneClusterImpl (MiniOzoneClusterImpl.java:lambda$waitForClusterToBeReady$0(220)) - Waiting for cluster to exit safe mode
2022-12-22 10:14:01,224 [Listener at 127.0.0.1/46501] INFO  ozone.MiniOzoneClusterImpl (MiniOzoneClusterImpl.java:lambda$waitForClusterToBeReady$0(222)) - SCM became leader
2022-12-22 10:14:01,225 [IPC Server handler 1 on default port 42129] INFO  net.NetworkTopologyImpl (NetworkTopologyImpl.java:add(112)) - Added a new node: /default-rack/9d8e2230-e250-45fc-b4c7-3e2f1170721a
2022-12-22 10:14:01,225 [IPC Server handler 1 on default port 42129] INFO  node.SCMNodeManager (SCMNodeManager.java:register(397)) - Registered Data node : 9d8e2230-e250-45fc-b4c7-3e2f1170721a{ip: 127.0.0.1, host: localhost, ports: [REPLICATION=45663, RATIS=46029, RATIS_ADMIN=46029, RATIS_SERVER=46029, RATIS_DATASTREAM=40427, STANDALONE=44465], networkLocation: /default-rack, certSerialId: null, persistedOpState: null, persistedOpStateExpiryEpochSec: 0}
2022-12-22 10:14:01,225 [EventQueue-NewNodeForNewNodeHandler] INFO  pipeline.BackgroundPipelineCreator (BackgroundPipelineCreator.java:notifyEventTriggered(276)) - trigger a one-shot run on RatisPipelineUtilsThread.
2022-12-22 10:14:01,226 [EventQueue-NodeRegistrationContainerReportForDataNodeSafeModeRule] INFO  safemode.SCMSafeModeManager (DataNodeSafeModeRule.java:process(71)) - SCM in safe mode. 3 DataNodes registered, 3 required.
2022-12-22 10:14:01,226 [EventQueue-NodeRegistrationContainerReportForDataNodeSafeModeRule] INFO  safemode.SCMSafeModeManager (SCMSafeModeManager.java:validateSafeModeExitRules(200)) - DataNodeSafeModeRule rule is successfully validated
2022-12-22 10:14:01,226 [EventQueue-NodeRegistrationContainerReportForDataNodeSafeModeRule] INFO  safemode.SCMSafeModeManager (SCMSafeModeManager.java:completePreCheck(229)) - All SCM safe mode pre check rules have passed
2022-12-22 10:14:01,226 [EventQueue-NodeRegistrationContainerReportForDataNodeSafeModeRule] INFO  ha.SCMContext (SCMContext.java:updateSafeModeStatus(228)) - Update SafeModeStatus from SafeModeStatus{safeModeStatus=true, preCheckPassed=false} to SafeModeStatus{safeModeStatus=true, preCheckPassed=true}.
2022-12-22 10:14:01,226 [EventQueue-NodeRegistrationContainerReportForDataNodeSafeModeRule] INFO  pipeline.BackgroundPipelineCreator (BackgroundPipelineCreator.java:notifyEventTriggered(276)) - trigger a one-shot run on RatisPipelineUtilsThread.
2022-12-22 10:14:01,226 [RatisPipelineUtilsThread - 0] INFO  pipeline.RatisPipelineProvider (RatisPipelineProvider.java:lambda$create$0(206)) - Sending CreatePipelineCommand for pipeline:PipelineID=d1f38191-d1b5-47b1-a059-351c805f3fd3 to datanode:9d8e2230-e250-45fc-b4c7-3e2f1170721a
2022-12-22 10:14:01,228 [c0744bfc-8c9a-4b67-b2fe-e4eb0bfece68@group-1A0A2119317E-StateMachineUpdater] INFO  pipeline.PipelineStateManagerImpl (PipelineStateManagerImpl.java:addPipeline(103)) - Created pipeline Pipeline[ Id: d1f38191-d1b5-47b1-a059-351c805f3fd3, Nodes: 9d8e2230-e250-45fc-b4c7-3e2f1170721a{ip: 127.0.0.1, host: localhost, ports: [REPLICATION=45663, RATIS=46029, RATIS_ADMIN=46029, RATIS_SERVER=46029, RATIS_DATASTREAM=40427, STANDALONE=44465], networkLocation: /default-rack, certSerialId: null, persistedOpState: IN_SERVICE, persistedOpStateExpiryEpochSec: 0}, ReplicationConfig: RATIS/ONE, State:ALLOCATED, leaderId:, CreationTimestamp2022-12-22T10:14:01.226Z[Etc/UTC]].
2022-12-22 10:14:01,229 [c0744bfc-8c9a-4b67-b2fe-e4eb0bfece68@group-1A0A2119317E-StateMachineUpdater] INFO  safemode.HealthyPipelineSafeModeRule (HealthyPipelineSafeModeRule.java:initializeRule(165)) - Refreshed total pipeline count is 0, healthy pipeline threshold count is 1
2022-12-22 10:14:01,233 [RatisPipelineUtilsThread - 0] INFO  pipeline.RatisPipelineProvider (RatisPipelineProvider.java:lambda$create$0(206)) - Sending CreatePipelineCommand for pipeline:PipelineID=f554d6d9-ab72-4da2-8476-7914c14c0878 to datanode:9d8e2230-e250-45fc-b4c7-3e2f1170721a
2022-12-22 10:14:01,233 [RatisPipelineUtilsThread - 0] INFO  pipeline.RatisPipelineProvider (RatisPipelineProvider.java:lambda$create$0(206)) - Sending CreatePipelineCommand for pipeline:PipelineID=f554d6d9-ab72-4da2-8476-7914c14c0878 to datanode:c401f17a-f2cf-465b-91c0-943e82b6f11f
2022-12-22 10:14:01,233 [RatisPipelineUtilsThread - 0] INFO  pipeline.RatisPipelineProvider (RatisPipelineProvider.java:lambda$create$0(206)) - Sending CreatePipelineCommand for pipeline:PipelineID=f554d6d9-ab72-4da2-8476-7914c14c0878 to datanode:291a3527-ed17-4a3a-8624-24363fd411c3
2022-12-22 10:14:01,235 [c0744bfc-8c9a-4b67-b2fe-e4eb0bfece68@group-1A0A2119317E-StateMachineUpdater] INFO  pipeline.PipelineStateManagerImpl (PipelineStateManagerImpl.java:addPipeline(103)) - Created pipeline Pipeline[ Id: f554d6d9-ab72-4da2-8476-7914c14c0878, Nodes: 9d8e2230-e250-45fc-b4c7-3e2f1170721a{ip: 127.0.0.1, host: localhost, ports: [REPLICATION=45663, RATIS=46029, RATIS_ADMIN=46029, RATIS_SERVER=46029, RATIS_DATASTREAM=40427, STANDALONE=44465], networkLocation: /default-rack, certSerialId: null, persistedOpState: IN_SERVICE, persistedOpStateExpiryEpochSec: 0}c401f17a-f2cf-465b-91c0-943e82b6f11f{ip: 127.0.0.1, host: localhost, ports: [REPLICATION=34439, RATIS=34811, RATIS_ADMIN=34811, RATIS_SERVER=34811, RATIS_DATASTREAM=43401, STANDALONE=34909], networkLocation: /default-rack, certSerialId: null, persistedOpState: IN_SERVICE, persistedOpStateExpiryEpochSec: 0}291a3527-ed17-4a3a-8624-24363fd411c3{ip: 127.0.0.1, host: localhost, ports: [REPLICATION=44127, RATIS=44335, RATIS_ADMIN=44335, RATIS_SERVER=44335, RATIS_DATASTREAM=39683, STANDALONE=38035], networkLocation: /default-rack, certSerialId: null, persistedOpState: IN_SERVICE, persistedOpStateExpiryEpochSec: 0}, ReplicationConfig: RATIS/THREE, State:ALLOCATED, leaderId:, CreationTimestamp2022-12-22T10:14:01.232Z[Etc/UTC]].
2022-12-22 10:14:01,236 [c0744bfc-8c9a-4b67-b2fe-e4eb0bfece68@group-1A0A2119317E-StateMachineUpdater] INFO  safemode.HealthyPipelineSafeModeRule (HealthyPipelineSafeModeRule.java:initializeRule(165)) - Refreshed total pipeline count is 0, healthy pipeline threshold count is 1
2022-12-22 10:14:01,237 [RatisPipelineUtilsThread - 0] INFO  pipeline.RatisPipelineProvider (RatisPipelineProvider.java:lambda$create$0(206)) - Sending CreatePipelineCommand for pipeline:PipelineID=28e4aab7-5322-4c7f-a962-c94901c7dd98 to datanode:291a3527-ed17-4a3a-8624-24363fd411c3
2022-12-22 10:14:01,237 [RatisPipelineUtilsThread - 0] INFO  pipeline.RatisPipelineProvider (RatisPipelineProvider.java:lambda$create$0(206)) - Sending CreatePipelineCommand for pipeline:PipelineID=28e4aab7-5322-4c7f-a962-c94901c7dd98 to datanode:9d8e2230-e250-45fc-b4c7-3e2f1170721a
2022-12-22 10:14:01,237 [RatisPipelineUtilsThread - 0] INFO  pipeline.RatisPipelineProvider (RatisPipelineProvider.java:lambda$create$0(206)) - Sending CreatePipelineCommand for pipeline:PipelineID=28e4aab7-5322-4c7f-a962-c94901c7dd98 to datanode:c401f17a-f2cf-465b-91c0-943e82b6f11f
2022-12-22 10:14:01,239 [c0744bfc-8c9a-4b67-b2fe-e4eb0bfece68@group-1A0A2119317E-StateMachineUpdater] INFO  pipeline.PipelineStateManagerImpl (PipelineStateManagerImpl.java:addPipeline(103)) - Created pipeline Pipeline[ Id: 28e4aab7-5322-4c7f-a962-c94901c7dd98, Nodes: 291a3527-ed17-4a3a-8624-24363fd411c3{ip: 127.0.0.1, host: localhost, ports: [REPLICATION=44127, RATIS=44335, RATIS_ADMIN=44335, RATIS_SERVER=44335, RATIS_DATASTREAM=39683, STANDALONE=38035], networkLocation: /default-rack, certSerialId: null, persistedOpState: IN_SERVICE, persistedOpStateExpiryEpochSec: 0}9d8e2230-e250-45fc-b4c7-3e2f1170721a{ip: 127.0.0.1, host: localhost, ports: [REPLICATION=45663, RATIS=46029, RATIS_ADMIN=46029, RATIS_SERVER=46029, RATIS_DATASTREAM=40427, STANDALONE=44465], networkLocation: /default-rack, certSerialId: null, persistedOpState: IN_SERVICE, persistedOpStateExpiryEpochSec: 0}c401f17a-f2cf-465b-91c0-943e82b6f11f{ip: 127.0.0.1, host: localhost, ports: [REPLICATION=34439, RATIS=34811, RATIS_ADMIN=34811, RATIS_SERVER=34811, RATIS_DATASTREAM=43401, STANDALONE=34909], networkLocation: /default-rack, certSerialId: null, persistedOpState: IN_SERVICE, persistedOpStateExpiryEpochSec: 0}, ReplicationConfig: RATIS/THREE, State:ALLOCATED, leaderId:, CreationTimestamp2022-12-22T10:14:01.237Z[Etc/UTC]].
2022-12-22 10:14:01,240 [c0744bfc-8c9a-4b67-b2fe-e4eb0bfece68@group-1A0A2119317E-StateMachineUpdater] INFO  safemode.HealthyPipelineSafeModeRule (HealthyPipelineSafeModeRule.java:initializeRule(165)) - Refreshed total pipeline count is 0, healthy pipeline threshold count is 1
2022-12-22 10:14:01,240 [RatisPipelineUtilsThread - 0] INFO  pipeline.PipelineManagerImpl (PipelineManagerImpl.java:recordMetricsForPipeline(826)) - Pipeline: PipelineID=28e4aab7-5322-4c7f-a962-c94901c7dd98 contains same datanodes as previous pipelines: PipelineID=f554d6d9-ab72-4da2-8476-7914c14c0878 nodeIds: 291a3527-ed17-4a3a-8624-24363fd411c3, 9d8e2230-e250-45fc-b4c7-3e2f1170721a, c401f17a-f2cf-465b-91c0-943e82b6f11f
2022-12-22 10:14:01,241 [RatisPipelineUtilsThread - 0] WARN  pipeline.PipelinePlacementPolicy (PipelinePlacementPolicy.java:filterViableNodes(158)) - Pipeline creation failed due to no sufficient healthy datanodes. Required 3. Found 0.
2022-12-22 10:14:01,242 [RatisPipelineUtilsThread - 0] WARN  pipeline.PipelinePlacementPolicy (PipelinePlacementPolicy.java:filterViableNodes(158)) - Pipeline creation failed due to no sufficient healthy datanodes. Required 3. Found 0.
2022-12-22 10:14:02,224 [Listener at 127.0.0.1/46501] INFO  ozone.MiniOzoneClusterImpl (MiniOzoneClusterImpl.java:lambda$waitForClusterToBeReady$0(217)) - Nodes are ready. Got 3 of 3 DN Heartbeats.
2022-12-22 10:14:02,225 [Listener at 127.0.0.1/46501] INFO  ozone.MiniOzoneClusterImpl (MiniOzoneClusterImpl.java:lambda$waitForClusterToBeReady$0(220)) - Waiting for cluster to exit safe mode
2022-12-22 10:14:02,225 [Listener at 127.0.0.1/46501] INFO  ozone.MiniOzoneClusterImpl (MiniOzoneClusterImpl.java:lambda$waitForClusterToBeReady$0(222)) - SCM became leader
2022-12-22 10:14:02,412 [EventQueue-CommandQueueReportForCommandQueueReportHandler] WARN  events.EventQueue (EventQueue.java:fireEvent(216)) - No event handler registered for event TypedEvent{payloadType=DatanodeDetails, name='Datanode_Command_Queue_Updated'}
2022-12-22 10:14:02,886 [EventQueue-CommandQueueReportForCommandQueueReportHandler] WARN  events.EventQueue (EventQueue.java:fireEvent(216)) - No event handler registered for event TypedEvent{payloadType=DatanodeDetails, name='Datanode_Command_Queue_Updated'}
2022-12-22 10:14:03,224 [EventQueue-CommandQueueReportForCommandQueueReportHandler] WARN  events.EventQueue (EventQueue.java:fireEvent(216)) - No event handler registered for event TypedEvent{payloadType=DatanodeDetails, name='Datanode_Command_Queue_Updated'}
2022-12-22 10:14:03,225 [Listener at 127.0.0.1/46501] INFO  ozone.MiniOzoneClusterImpl (MiniOzoneClusterImpl.java:lambda$waitForClusterToBeReady$0(217)) - Nodes are ready. Got 3 of 3 DN Heartbeats.
2022-12-22 10:14:03,225 [Listener at 127.0.0.1/46501] INFO  ozone.MiniOzoneClusterImpl (MiniOzoneClusterImpl.java:lambda$waitForClusterToBeReady$0(220)) - Waiting for cluster to exit safe mode
2022-12-22 10:14:03,225 [Listener at 127.0.0.1/46501] INFO  ozone.MiniOzoneClusterImpl (MiniOzoneClusterImpl.java:lambda$waitForClusterToBeReady$0(222)) - SCM became leader
2022-12-22 10:14:03,406 [EventQueue-CommandQueueReportForCommandQueueReportHandler] WARN  events.EventQueue (EventQueue.java:fireEvent(216)) - No event handler registered for event TypedEvent{payloadType=DatanodeDetails, name='Datanode_Command_Queue_Updated'}
2022-12-22 10:14:03,423 [Command processor thread] INFO  server.RaftServer (RaftServerProxy.java:addNew(96)) - 291a3527-ed17-4a3a-8624-24363fd411c3: addNew group-54A5CD49ABF0:[291a3527-ed17-4a3a-8624-24363fd411c3|rpc:127.0.0.1:44335|dataStream:127.0.0.1:39683|priority:1|startupRole:FOLLOWER] returns group-54A5CD49ABF0:java.util.concurrent.CompletableFuture@219785b4[Not completed]
2022-12-22 10:14:03,433 [pool-127-thread-1] INFO  server.RaftServer$Division (RaftServerImpl.java:<init>(195)) - 291a3527-ed17-4a3a-8624-24363fd411c3: new RaftServerImpl for group-54A5CD49ABF0:[291a3527-ed17-4a3a-8624-24363fd411c3|rpc:127.0.0.1:44335|dataStream:127.0.0.1:39683|priority:1|startupRole:FOLLOWER] with ContainerStateMachine:uninitialized
2022-12-22 10:14:03,433 [pool-127-thread-1] INFO  server.RaftServerConfigKeys (ConfUtils.java:logGet(46)) - raft.server.rpc.timeout.min = 5s (custom)
2022-12-22 10:14:03,433 [pool-127-thread-1] INFO  server.RaftServerConfigKeys (ConfUtils.java:logGet(46)) - raft.server.rpc.timeout.max = 5200ms (custom)
2022-12-22 10:14:03,433 [pool-127-thread-1] INFO  server.RaftServerConfigKeys (ConfUtils.java:logGet(46)) - raft.server.rpc.sleep.time = 25ms (default)
2022-12-22 10:14:03,433 [pool-127-thread-1] INFO  server.RaftServerConfigKeys (ConfUtils.java:logGet(46)) - raft.server.rpc.slowness.timeout = 300s (custom)
2022-12-22 10:14:03,433 [pool-127-thread-1] INFO  server.RaftServerConfigKeys (ConfUtils.java:logGet(46)) - raft.server.leaderelection.leader.step-down.wait-time = 10s (default)
2022-12-22 10:14:03,433 [pool-127-thread-1] INFO  server.RaftServerConfigKeys (ConfUtils.java:logGet(46)) - raft.server.sleep.deviation.threshold = 300ms (default)
2022-12-22 10:14:03,433 [pool-127-thread-1] INFO  server.RaftServer$Division (ServerState.java:<init>(118)) - 291a3527-ed17-4a3a-8624-24363fd411c3@group-54A5CD49ABF0: ConfigurationManager, init=-1: peers:[291a3527-ed17-4a3a-8624-24363fd411c3|rpc:127.0.0.1:44335|dataStream:127.0.0.1:39683|priority:1|startupRole:FOLLOWER]|listeners:[], old=null, confs=<EMPTY_MAP>
2022-12-22 10:14:03,433 [pool-127-thread-1] INFO  server.RaftServerConfigKeys (ConfUtils.java:logGet(46)) - raft.server.storage.dir = [/home/runner/work/ozone/ozone/hadoop-ozone/integration-test/target/test-dir/MiniOzoneClusterImpl-25092133-3ddf-4dd3-9c34-1a0a2119317e/datanode-0/data/ratis] (custom)
2022-12-22 10:14:03,433 [pool-127-thread-1] INFO  server.RaftServerConfigKeys (ConfUtils.java:logGet(46)) - raft.server.log.corruption.policy = EXCEPTION (default)
2022-12-22 10:14:03,433 [pool-127-thread-1] INFO  server.RaftServerConfigKeys (ConfUtils.java:logGet(46)) - raft.server.storage.free-space.min = 0MB (=0) (default)
2022-12-22 10:14:03,433 [pool-127-thread-1] INFO  server.RaftServerConfigKeys (ConfUtils.java:logGet(46)) - raft.server.notification.no-leader.timeout = 300s (custom)
2022-12-22 10:14:03,433 [pool-127-thread-1] INFO  server.RaftServerConfigKeys (ConfUtils.java:logGet(46)) - raft.server.retrycache.expirytime = 600000ms (custom)
2022-12-22 10:14:03,433 [pool-127-thread-1] INFO  server.RaftServerConfigKeys (ConfUtils.java:logGet(46)) - raft.server.retrycache.statistics.expirytime = 100μs (default)
2022-12-22 10:14:03,435 [pool-127-thread-1] INFO  server.RaftServerConfigKeys (ConfUtils.java:logGet(46)) - raft.server.log.appender.install.snapshot.enabled = false (custom)
2022-12-22 10:14:03,435 [pool-127-thread-1] INFO  server.RaftServerConfigKeys (ConfUtils.java:logGet(46)) - raft.server.threadpool.server.cached = true (default)
2022-12-22 10:14:03,435 [pool-127-thread-1] INFO  server.RaftServerConfigKeys (ConfUtils.java:logGet(46)) - raft.server.threadpool.server.size = 0 (default)
2022-12-22 10:14:03,435 [pool-127-thread-1] INFO  server.RaftServerConfigKeys (ConfUtils.java:logGet(46)) - raft.server.threadpool.client.cached = true (default)
2022-12-22 10:14:03,435 [pool-127-thread-1] INFO  server.RaftServerConfigKeys (ConfUtils.java:logGet(46)) - raft.server.threadpool.client.size = 0 (default)
2022-12-22 10:14:03,435 [pool-127-thread-1] INFO  storage.RaftStorageDirectory (RaftStorageDirectoryImpl.java:analyzeStorage(137)) - The storage directory /home/runner/work/ozone/ozone/hadoop-ozone/integration-test/target/test-dir/MiniOzoneClusterImpl-25092133-3ddf-4dd3-9c34-1a0a2119317e/datanode-0/data/ratis/c2f7e017-4690-431d-90a1-54a5cd49abf0 does not exist. Creating ...
2022-12-22 10:14:03,436 [pool-127-thread-1] INFO  storage.RaftStorageDirectory (RaftStorageDirectoryImpl.java:tryLock(231)) - Lock on /home/runner/work/ozone/ozone/hadoop-ozone/integration-test/target/test-dir/MiniOzoneClusterImpl-25092133-3ddf-4dd3-9c34-1a0a2119317e/datanode-0/data/ratis/c2f7e017-4690-431d-90a1-54a5cd49abf0/in_use.lock acquired by nodename 33150@fv-az345-686
2022-12-22 10:14:03,437 [pool-127-thread-1] INFO  storage.RaftStorage (RaftStorageImpl.java:format(96)) - Storage directory /home/runner/work/ozone/ozone/hadoop-ozone/integration-test/target/test-dir/MiniOzoneClusterImpl-25092133-3ddf-4dd3-9c34-1a0a2119317e/datanode-0/data/ratis/c2f7e017-4690-431d-90a1-54a5cd49abf0 has been successfully formatted.
2022-12-22 10:14:03,440 [pool-127-thread-1] INFO  ratis.ContainerStateMachine (ContainerStateMachine.java:loadSnapshot(240)) - group-54A5CD49ABF0: The snapshot info is null. Setting the last applied indexto:(t:0, i:~)
2022-12-22 10:14:03,440 [pool-127-thread-1] INFO  server.RaftServerConfigKeys (ConfUtils.java:logGet(46)) - raft.server.log.use.memory = false (default)
2022-12-22 10:14:03,440 [pool-127-thread-1] INFO  server.RaftServerConfigKeys (ConfUtils.java:logGet(46)) - raft.server.log.purge.gap = 1000000 (custom)
2022-12-22 10:14:03,441 [pool-127-thread-1] INFO  server.RaftServerConfigKeys (ConfUtils.java:logGet(46)) - raft.server.log.appender.buffer.byte-limit = 33554432 (custom)
2022-12-22 10:14:03,441 [pool-127-thread-1] INFO  server.RaftServerConfigKeys (ConfUtils.java:logGet(46)) - raft.server.log.statemachine.data.read.timeout = 1000ms (default)
2022-12-22 10:14:03,441 [pool-127-thread-1] INFO  server.RaftServerConfigKeys (ConfUtils.java:logGet(46)) - raft.server.log.purge.preservation.log.num = 0 (default)
2022-12-22 10:14:03,441 [pool-127-thread-1] INFO  server.RaftServerConfigKeys (ConfUtils.java:logGet(46)) - raft.server.log.segment.size.max = 1048576 (custom)
2022-12-22 10:14:03,441 [pool-127-thread-1] INFO  server.RaftServerConfigKeys (ConfUtils.java:logGet(46)) - raft.server.log.segment.cache.num.max = 2 (custom)
2022-12-22 10:14:03,441 [pool-127-thread-1] INFO  server.RaftServerConfigKeys (ConfUtils.java:logGet(46)) - raft.server.log.segment.cache.size.max = 200MB (=209715200) (default)
2022-12-22 10:14:03,441 [pool-127-thread-1] INFO  segmented.SegmentedRaftLogWorker (SegmentedRaftLogWorker.java:<init>(189)) - new 291a3527-ed17-4a3a-8624-24363fd411c3@group-54A5CD49ABF0-SegmentedRaftLogWorker for RaftStorageImpl:Storage Directory /home/runner/work/ozone/ozone/hadoop-ozone/integration-test/target/test-dir/MiniOzoneClusterImpl-25092133-3ddf-4dd3-9c34-1a0a2119317e/datanode-0/data/ratis/c2f7e017-4690-431d-90a1-54a5cd49abf0
2022-12-22 10:14:03,442 [pool-127-thread-1] INFO  server.RaftServerConfigKeys (ConfUtils.java:logGet(46)) - raft.server.log.queue.byte-limit = 4294967296 (custom)
2022-12-22 10:14:03,442 [pool-127-thread-1] INFO  server.RaftServerConfigKeys (ConfUtils.java:logGet(46)) - raft.server.log.queue.element-limit = 1024 (custom)
2022-12-22 10:14:03,442 [pool-127-thread-1] INFO  server.RaftServerConfigKeys (ConfUtils.java:logGet(46)) - raft.server.log.segment.size.max = 1048576 (custom)
2022-12-22 10:14:03,442 [pool-127-thread-1] INFO  server.RaftServerConfigKeys (ConfUtils.java:logGet(46)) - raft.server.log.preallocated.size = 16384 (custom)
2022-12-22 10:14:03,442 [pool-127-thread-1] INFO  server.RaftServerConfigKeys (ConfUtils.java:logGet(46)) - raft.server.log.force.sync.num = 128 (default)
2022-12-22 10:14:03,442 [pool-127-thread-1] INFO  server.RaftServerConfigKeys (ConfUtils.java:logGet(46)) - raft.server.log.statemachine.data.sync = true (default)
2022-12-22 10:14:03,442 [pool-127-thread-1] INFO  server.RaftServerConfigKeys (ConfUtils.java:logGet(46)) - raft.server.log.statemachine.data.sync.timeout = 10s (default)
2022-12-22 10:14:03,442 [pool-127-thread-1] INFO  server.RaftServerConfigKeys (ConfUtils.java:logGet(46)) - raft.server.log.statemachine.data.sync.timeout.retry = -1 (default)
2022-12-22 10:14:03,443 [pool-127-thread-1] INFO  server.RaftServerConfigKeys (ConfUtils.java:logGet(46)) - raft.server.log.write.buffer.size = 1048576 (custom)
2022-12-22 10:14:03,443 [pool-127-thread-1] INFO  server.RaftServerConfigKeys (ConfUtils.java:logGet(46)) - raft.server.log.appender.buffer.byte-limit = 33554432 (custom)
2022-12-22 10:14:03,446 [pool-127-thread-1] INFO  server.RaftServerConfigKeys (ConfUtils.java:logGet(46)) - raft.server.log.unsafe-flush.enabled = false (default)
2022-12-22 10:14:03,446 [pool-127-thread-1] INFO  server.RaftServerConfigKeys (ConfUtils.java:logGet(46)) - raft.server.log.async-flush.enabled = false (default)
2022-12-22 10:14:03,446 [pool-127-thread-1] INFO  server.RaftServerConfigKeys (ConfUtils.java:logGet(46)) - raft.server.log.statemachine.data.caching.enabled = true (custom)
2022-12-22 10:14:03,446 [pool-127-thread-1] INFO  segmented.SegmentedRaftLogWorker (SegmentedRaftLogWorker.java:lambda$new$0(135)) - 291a3527-ed17-4a3a-8624-24363fd411c3@group-54A5CD49ABF0-SegmentedRaftLogWorker: flushIndex: setUnconditionally 0 -> -1
2022-12-22 10:14:03,446 [pool-127-thread-1] INFO  segmented.SegmentedRaftLogWorker (SegmentedRaftLogWorker.java:lambda$new$0(135)) - 291a3527-ed17-4a3a-8624-24363fd411c3@group-54A5CD49ABF0-SegmentedRaftLogWorker: safeCacheEvictIndex: setUnconditionally 0 -> -1
2022-12-22 10:14:03,447 [pool-127-thread-1] INFO  server.RaftServer$Division (RaftServerImpl.java:start(334)) - 291a3527-ed17-4a3a-8624-24363fd411c3@group-54A5CD49ABF0: start as a follower, conf=-1: peers:[291a3527-ed17-4a3a-8624-24363fd411c3|rpc:127.0.0.1:44335|dataStream:127.0.0.1:39683|priority:1|startupRole:FOLLOWER]|listeners:[], old=null
2022-12-22 10:14:03,447 [pool-127-thread-1] INFO  server.RaftServer$Division (RaftServerImpl.java:setRole(321)) - 291a3527-ed17-4a3a-8624-24363fd411c3@group-54A5CD49ABF0: changes role from      null to FOLLOWER at term 0 for startAsFollower
2022-12-22 10:14:03,447 [pool-127-thread-1] INFO  impl.RoleInfo (RoleInfo.java:updateAndGet(139)) - 291a3527-ed17-4a3a-8624-24363fd411c3: start 291a3527-ed17-4a3a-8624-24363fd411c3@group-54A5CD49ABF0-FollowerState
2022-12-22 10:14:03,453 [pool-127-thread-1] INFO  util.JmxRegister (JmxRegister.java:tryRegister(44)) - Successfully registered JMX Bean with object name Ratis:service=RaftServer,group=group-54A5CD49ABF0,id=291a3527-ed17-4a3a-8624-24363fd411c3
2022-12-22 10:14:03,453 [pool-127-thread-1] INFO  server.RaftServerConfigKeys (ConfUtils.java:logGet(46)) - raft.server.snapshot.auto.trigger.enabled = true (custom)
2022-12-22 10:14:03,454 [pool-127-thread-1] INFO  server.RaftServerConfigKeys (ConfUtils.java:logGet(46)) - raft.server.snapshot.auto.trigger.threshold = 10000 (custom)
2022-12-22 10:14:03,454 [pool-127-thread-1] INFO  server.RaftServerConfigKeys (ConfUtils.java:logGet(46)) - raft.server.snapshot.retention.file.num = 5 (custom)
2022-12-22 10:14:03,454 [pool-127-thread-1] INFO  server.RaftServerConfigKeys (ConfUtils.java:logGet(46)) - raft.server.log.purge.upto.snapshot.index = false (default)
2022-12-22 10:14:03,454 [291a3527-ed17-4a3a-8624-24363fd411c3@group-54A5CD49ABF0-FollowerState] INFO  server.RaftServerConfigKeys (ConfUtils.java:logFallback(53)) - raft.server.rpc.first-election.timeout.min = 5s (fallback to raft.server.rpc.timeout.min)
2022-12-22 10:14:03,454 [291a3527-ed17-4a3a-8624-24363fd411c3@group-54A5CD49ABF0-FollowerState] INFO  server.RaftServerConfigKeys (ConfUtils.java:logFallback(53)) - raft.server.rpc.first-election.timeout.max = 5200ms (fallback to raft.server.rpc.timeout.max)
2022-12-22 10:14:03,459 [Command processor thread] INFO  ratis.XceiverServerRatis (XceiverServerRatis.java:addGroup(806)) - Created group PipelineID=c2f7e017-4690-431d-90a1-54a5cd49abf0
2022-12-22 10:14:03,460 [Command processor thread] INFO  commandhandler.CreatePipelineCommandHandler (CreatePipelineCommandHandler.java:handle(113)) - Created Pipeline RATIS ONE PipelineID=c2f7e017-4690-431d-90a1-54a5cd49abf0.
2022-12-22 10:14:03,460 [Command processor thread] INFO  server.RaftServer (RaftServerProxy.java:addNew(96)) - 291a3527-ed17-4a3a-8624-24363fd411c3: addNew group-7914C14C0878:[9d8e2230-e250-45fc-b4c7-3e2f1170721a|rpc:127.0.0.1:46029|dataStream:127.0.0.1:40427|priority:1|startupRole:FOLLOWER, c401f17a-f2cf-465b-91c0-943e82b6f11f|rpc:127.0.0.1:34811|dataStream:127.0.0.1:43401|priority:0|startupRole:FOLLOWER, 291a3527-ed17-4a3a-8624-24363fd411c3|rpc:127.0.0.1:44335|dataStream:127.0.0.1:39683|priority:0|startupRole:FOLLOWER] returns group-7914C14C0878:java.util.concurrent.CompletableFuture@18ce300d[Not completed]
2022-12-22 10:14:03,461 [EventQueue-CommandQueueReportForCommandQueueReportHandler] WARN  events.EventQueue (EventQueue.java:fireEvent(216)) - No event handler registered for event TypedEvent{payloadType=DatanodeDetails, name='Datanode_Command_Queue_Updated'}
2022-12-22 10:14:03,461 [EventQueue-PipelineReportForPipelineReportHandler] INFO  pipeline.PipelineManagerImpl (PipelineManagerImpl.java:openPipeline(367)) - Pipeline Pipeline[ Id: c2f7e017-4690-431d-90a1-54a5cd49abf0, Nodes: 291a3527-ed17-4a3a-8624-24363fd411c3{ip: 127.0.0.1, host: localhost, ports: [REPLICATION=44127, RATIS=44335, RATIS_ADMIN=44335, RATIS_SERVER=44335, RATIS_DATASTREAM=39683, STANDALONE=38035], networkLocation: /default-rack, certSerialId: null, persistedOpState: IN_SERVICE, persistedOpStateExpiryEpochSec: 0}, ReplicationConfig: RATIS/ONE, State:ALLOCATED, leaderId:291a3527-ed17-4a3a-8624-24363fd411c3, CreationTimestamp2022-12-22T10:14:00.461Z[Etc/UTC]] moved to OPEN state
2022-12-22 10:14:03,464 [pool-127-thread-1] INFO  server.RaftServer$Division (RaftServerImpl.java:<init>(195)) - 291a3527-ed17-4a3a-8624-24363fd411c3: new RaftServerImpl for group-7914C14C0878:[9d8e2230-e250-45fc-b4c7-3e2f1170721a|rpc:127.0.0.1:46029|dataStream:127.0.0.1:40427|priority:1|startupRole:FOLLOWER, c401f17a-f2cf-465b-91c0-943e82b6f11f|rpc:127.0.0.1:34811|dataStream:127.0.0.1:43401|priority:0|startupRole:FOLLOWER, 291a3527-ed17-4a3a-8624-24363fd411c3|rpc:127.0.0.1:44335|dataStream:127.0.0.1:39683|priority:0|startupRole:FOLLOWER] with ContainerStateMachine:uninitialized
2022-12-22 10:14:03,464 [pool-127-thread-1] INFO  server.RaftServerConfigKeys (ConfUtils.java:logGet(46)) - raft.server.rpc.timeout.min = 5s (custom)
2022-12-22 10:14:03,464 [pool-127-thread-1] INFO  server.RaftServerConfigKeys (ConfUtils.java:logGet(46)) - raft.server.rpc.timeout.max = 5200ms (custom)
2022-12-22 10:14:03,464 [pool-127-thread-1] INFO  server.RaftServerConfigKeys (ConfUtils.java:logGet(46)) - raft.server.rpc.sleep.time = 25ms (default)
2022-12-22 10:14:03,464 [pool-127-thread-1] INFO  server.RaftServerConfigKeys (ConfUtils.java:logGet(46)) - raft.server.rpc.slowness.timeout = 300s (custom)
2022-12-22 10:14:03,464 [pool-127-thread-1] INFO  server.RaftServerConfigKeys (ConfUtils.java:logGet(46)) - raft.server.leaderelection.leader.step-down.wait-time = 10s (default)
2022-12-22 10:14:03,464 [pool-127-thread-1] INFO  server.RaftServerConfigKeys (ConfUtils.java:logGet(46)) - raft.server.sleep.deviation.threshold = 300ms (default)
2022-12-22 10:14:03,464 [pool-127-thread-1] INFO  server.RaftServer$Division (ServerState.java:<init>(118)) - 291a3527-ed17-4a3a-8624-24363fd411c3@group-7914C14C0878: ConfigurationManager, init=-1: peers:[9d8e2230-e250-45fc-b4c7-3e2f1170721a|rpc:127.0.0.1:46029|dataStream:127.0.0.1:40427|priority:1|startupRole:FOLLOWER, c401f17a-f2cf-465b-91c0-943e82b6f11f|rpc:127.0.0.1:34811|dataStream:127.0.0.1:43401|priority:0|startupRole:FOLLOWER, 291a3527-ed17-4a3a-8624-24363fd411c3|rpc:127.0.0.1:44335|dataStream:127.0.0.1:39683|priority:0|startupRole:FOLLOWER]|listeners:[], old=null, confs=<EMPTY_MAP>
2022-12-22 10:14:03,464 [pool-127-thread-1] INFO  server.RaftServerConfigKeys (ConfUtils.java:logGet(46)) - raft.server.storage.dir = [/home/runner/work/ozone/ozone/hadoop-ozone/integration-test/target/test-dir/MiniOzoneClusterImpl-25092133-3ddf-4dd3-9c34-1a0a2119317e/datanode-0/data/ratis] (custom)
2022-12-22 10:14:03,464 [pool-127-thread-1] INFO  server.RaftServerConfigKeys (ConfUtils.java:logGet(46)) - raft.server.log.corruption.policy = EXCEPTION (default)
2022-12-22 10:14:03,464 [pool-127-thread-1] INFO  server.RaftServerConfigKeys (ConfUtils.java:logGet(46)) - raft.server.storage.free-space.min = 0MB (=0) (default)
2022-12-22 10:14:03,464 [pool-127-thread-1] INFO  server.RaftServerConfigKeys (ConfUtils.java:logGet(46)) - raft.server.notification.no-leader.timeout = 300s (custom)
2022-12-22 10:14:03,464 [pool-127-thread-1] INFO  server.RaftServerConfigKeys (ConfUtils.java:logGet(46)) - raft.server.retrycache.expirytime = 600000ms (custom)
2022-12-22 10:14:03,466 [pool-127-thread-1] INFO  server.RaftServerConfigKeys (ConfUtils.java:logGet(46)) - raft.server.retrycache.statistics.expirytime = 100μs (default)
2022-12-22 10:14:03,467 [c0744bfc-8c9a-4b67-b2fe-e4eb0bfece68@group-1A0A2119317E-StateMachineUpdater] INFO  safemode.HealthyPipelineSafeModeRule (HealthyPipelineSafeModeRule.java:initializeRule(165)) - Refreshed total pipeline count is 0, healthy pipeline threshold count is 1
2022-12-22 10:14:03,470 [pool-127-thread-1] INFO  server.RaftServerConfigKeys (ConfUtils.java:logGet(46)) - raft.server.log.appender.install.snapshot.enabled = false (custom)
2022-12-22 10:14:03,471 [pool-127-thread-1] INFO  server.RaftServerConfigKeys (ConfUtils.java:logGet(46)) - raft.server.threadpool.server.cached = true (default)
2022-12-22 10:14:03,471 [pool-127-thread-1] INFO  server.RaftServerConfigKeys (ConfUtils.java:logGet(46)) - raft.server.threadpool.server.size = 0 (default)
2022-12-22 10:14:03,471 [pool-127-thread-1] INFO  server.RaftServerConfigKeys (ConfUtils.java:logGet(46)) - raft.server.threadpool.client.cached = true (default)
2022-12-22 10:14:03,471 [pool-127-thread-1] INFO  server.RaftServerConfigKeys (ConfUtils.java:logGet(46)) - raft.server.threadpool.client.size = 0 (default)
2022-12-22 10:14:03,471 [pool-127-thread-1] INFO  storage.RaftStorageDirectory (RaftStorageDirectoryImpl.java:analyzeStorage(137)) - The storage directory /home/runner/work/ozone/ozone/hadoop-ozone/integration-test/target/test-dir/MiniOzoneClusterImpl-25092133-3ddf-4dd3-9c34-1a0a2119317e/datanode-0/data/ratis/f554d6d9-ab72-4da2-8476-7914c14c0878 does not exist. Creating ...
2022-12-22 10:14:03,471 [EventQueue-OpenPipelineForHealthyPipelineSafeModeRule] INFO  safemode.SCMSafeModeManager (HealthyPipelineSafeModeRule.java:process(137)) - SCM in safe mode. Healthy pipelines reported count is 0, required healthy pipeline reported count is 1
2022-12-22 10:14:03,471 [pool-127-thread-1] INFO  storage.RaftStorageDirectory (RaftStorageDirectoryImpl.java:tryLock(231)) - Lock on /home/runner/work/ozone/ozone/hadoop-ozone/integration-test/target/test-dir/MiniOzoneClusterImpl-25092133-3ddf-4dd3-9c34-1a0a2119317e/datanode-0/data/ratis/f554d6d9-ab72-4da2-8476-7914c14c0878/in_use.lock acquired by nodename 33150@fv-az345-686
2022-12-22 10:14:03,472 [pool-127-thread-1] INFO  storage.RaftStorage (RaftStorageImpl.java:format(96)) - Storage directory /home/runner/work/ozone/ozone/hadoop-ozone/integration-test/target/test-dir/MiniOzoneClusterImpl-25092133-3ddf-4dd3-9c34-1a0a2119317e/datanode-0/data/ratis/f554d6d9-ab72-4da2-8476-7914c14c0878 has been successfully formatted.
2022-12-22 10:14:03,473 [pool-127-thread-1] INFO  ratis.ContainerStateMachine (ContainerStateMachine.java:loadSnapshot(240)) - group-7914C14C0878: The snapshot info is null. Setting the last applied indexto:(t:0, i:~)
2022-12-22 10:14:03,473 [pool-127-thread-1] INFO  server.RaftServerConfigKeys (ConfUtils.java:logGet(46)) - raft.server.log.use.memory = false (default)
2022-12-22 10:14:03,473 [pool-127-thread-1] INFO  server.RaftServerConfigKeys (ConfUtils.java:logGet(46)) - raft.server.log.purge.gap = 1000000 (custom)
2022-12-22 10:14:03,473 [pool-127-thread-1] INFO  server.RaftServerConfigKeys (ConfUtils.java:logGet(46)) - raft.server.log.appender.buffer.byte-limit = 33554432 (custom)
2022-12-22 10:14:03,473 [pool-127-thread-1] INFO  server.RaftServerConfigKeys (ConfUtils.java:logGet(46)) - raft.server.log.statemachine.data.read.timeout = 1000ms (default)
2022-12-22 10:14:03,473 [pool-127-thread-1] INFO  server.RaftServerConfigKeys (ConfUtils.java:logGet(46)) - raft.server.log.purge.preservation.log.num = 0 (default)
2022-12-22 10:14:03,473 [pool-127-thread-1] INFO  server.RaftServerConfigKeys (ConfUtils.java:logGet(46)) - raft.server.log.segment.size.max = 1048576 (custom)
2022-12-22 10:14:03,473 [pool-127-thread-1] INFO  server.RaftServerConfigKeys (ConfUtils.java:logGet(46)) - raft.server.log.segment.cache.num.max = 2 (custom)
2022-12-22 10:14:03,473 [pool-127-thread-1] INFO  server.RaftServerConfigKeys (ConfUtils.java:logGet(46)) - raft.server.log.segment.cache.size.max = 200MB (=209715200) (default)
2022-12-22 10:14:03,473 [pool-127-thread-1] INFO  segmented.SegmentedRaftLogWorker (SegmentedRaftLogWorker.java:<init>(189)) - new 291a3527-ed17-4a3a-8624-24363fd411c3@group-7914C14C0878-SegmentedRaftLogWorker for RaftStorageImpl:Storage Directory /home/runner/work/ozone/ozone/hadoop-ozone/integration-test/target/test-dir/MiniOzoneClusterImpl-25092133-3ddf-4dd3-9c34-1a0a2119317e/datanode-0/data/ratis/f554d6d9-ab72-4da2-8476-7914c14c0878
2022-12-22 10:14:03,473 [pool-127-thread-1] INFO  server.RaftServerConfigKeys (ConfUtils.java:logGet(46)) - raft.server.log.queue.byte-limit = 4294967296 (custom)
2022-12-22 10:14:03,474 [pool-127-thread-1] INFO  server.RaftServerConfigKeys (ConfUtils.java:logGet(46)) - raft.server.log.queue.element-limit = 1024 (custom)
2022-12-22 10:14:03,474 [pool-127-thread-1] INFO  server.RaftServerConfigKeys (ConfUtils.java:logGet(46)) - raft.server.log.segment.size.max = 1048576 (custom)
2022-12-22 10:14:03,474 [pool-127-thread-1] INFO  server.RaftServerConfigKeys (ConfUtils.java:logGet(46)) - raft.server.log.preallocated.size = 16384 (custom)
2022-12-22 10:14:03,474 [pool-127-thread-1] INFO  server.RaftServerConfigKeys (ConfUtils.java:logGet(46)) - raft.server.log.force.sync.num = 128 (default)
2022-12-22 10:14:03,474 [pool-127-thread-1] INFO  server.RaftServerConfigKeys (ConfUtils.java:logGet(46)) - raft.server.log.statemachine.data.sync = true (default)
2022-12-22 10:14:03,476 [pool-127-thread-1] INFO  server.RaftServerConfigKeys (ConfUtils.java:logGet(46)) - raft.server.log.statemachine.data.sync.timeout = 10s (default)
2022-12-22 10:14:03,476 [pool-127-thread-1] INFO  server.RaftServerConfigKeys (ConfUtils.java:logGet(46)) - raft.server.log.statemachine.data.sync.timeout.retry = -1 (default)
2022-12-22 10:14:03,476 [EventQueue-CommandQueueReportForCommandQueueReportHandler] WARN  events.EventQueue (EventQueue.java:fireEvent(216)) - No event handler registered for event TypedEvent{payloadType=DatanodeDetails, name='Datanode_Command_Queue_Updated'}
2022-12-22 10:14:03,479 [pool-127-thread-1] INFO  server.RaftServerConfigKeys (ConfUtils.java:logGet(46)) - raft.server.log.write.buffer.size = 1048576 (custom)
2022-12-22 10:14:03,480 [pool-127-thread-1] INFO  server.RaftServerConfigKeys (ConfUtils.java:logGet(46)) - raft.server.log.appender.buffer.byte-limit = 33554432 (custom)
2022-12-22 10:14:03,482 [pool-127-thread-1] INFO  server.RaftServerConfigKeys (ConfUtils.java:logGet(46)) - raft.server.log.unsafe-flush.enabled = false (default)
2022-12-22 10:14:03,482 [pool-127-thread-1] INFO  server.RaftServerConfigKeys (ConfUtils.java:logGet(46)) - raft.server.log.async-flush.enabled = false (default)
2022-12-22 10:14:03,482 [pool-127-thread-1] INFO  server.RaftServerConfigKeys (ConfUtils.java:logGet(46)) - raft.server.log.statemachine.data.caching.enabled = true (custom)
2022-12-22 10:14:03,483 [pool-127-thread-1] INFO  segmented.SegmentedRaftLogWorker (SegmentedRaftLogWorker.java:lambda$new$0(135)) - 291a3527-ed17-4a3a-8624-24363fd411c3@group-7914C14C0878-SegmentedRaftLogWorker: flushIndex: setUnconditionally 0 -> -1
2022-12-22 10:14:03,483 [pool-127-thread-1] INFO  segmented.SegmentedRaftLogWorker (SegmentedRaftLogWorker.java:lambda$new$0(135)) - 291a3527-ed17-4a3a-8624-24363fd411c3@group-7914C14C0878-SegmentedRaftLogWorker: safeCacheEvictIndex: setUnconditionally 0 -> -1
2022-12-22 10:14:03,485 [pool-127-thread-1] INFO  server.RaftServer$Division (RaftServerImpl.java:start(334)) - 291a3527-ed17-4a3a-8624-24363fd411c3@group-7914C14C0878: start as a follower, conf=-1: peers:[9d8e2230-e250-45fc-b4c7-3e2f1170721a|rpc:127.0.0.1:46029|dataStream:127.0.0.1:40427|priority:1|startupRole:FOLLOWER, c401f17a-f2cf-465b-91c0-943e82b6f11f|rpc:127.0.0.1:34811|dataStream:127.0.0.1:43401|priority:0|startupRole:FOLLOWER, 291a3527-ed17-4a3a-8624-24363fd411c3|rpc:127.0.0.1:44335|dataStream:127.0.0.1:39683|priority:0|startupRole:FOLLOWER]|listeners:[], old=null
2022-12-22 10:14:03,485 [pool-127-thread-1] INFO  server.RaftServer$Division (RaftServerImpl.java:setRole(321)) - 291a3527-ed17-4a3a-8624-24363fd411c3@group-7914C14C0878: changes role from      null to FOLLOWER at term 0 for startAsFollower
2022-12-22 10:14:03,485 [pool-127-thread-1] INFO  impl.RoleInfo (RoleInfo.java:updateAndGet(139)) - 291a3527-ed17-4a3a-8624-24363fd411c3: start 291a3527-ed17-4a3a-8624-24363fd411c3@group-7914C14C0878-FollowerState
2022-12-22 10:14:03,488 [pool-127-thread-1] INFO  util.JmxRegister (JmxRegister.java:tryRegister(44)) - Successfully registered JMX Bean with object name Ratis:service=RaftServer,group=group-7914C14C0878,id=291a3527-ed17-4a3a-8624-24363fd411c3
2022-12-22 10:14:03,488 [pool-127-thread-1] INFO  server.RaftServerConfigKeys (ConfUtils.java:logGet(46)) - raft.server.snapshot.auto.trigger.enabled = true (custom)
2022-12-22 10:14:03,488 [pool-127-thread-1] INFO  server.RaftServerConfigKeys (ConfUtils.java:logGet(46)) - raft.server.snapshot.auto.trigger.threshold = 10000 (custom)
2022-12-22 10:14:03,489 [pool-127-thread-1] INFO  server.RaftServerConfigKeys (ConfUtils.java:logGet(46)) - raft.server.snapshot.retention.file.num = 5 (custom)
2022-12-22 10:14:03,489 [pool-127-thread-1] INFO  server.RaftServerConfigKeys (ConfUtils.java:logGet(46)) - raft.server.log.purge.upto.snapshot.index = false (default)
2022-12-22 10:14:03,489 [EventQueue-OpenPipelineForHealthyPipelineSafeModeRule] INFO  safemode.SCMSafeModeManager (HealthyPipelineSafeModeRule.java:process(137)) - SCM in safe mode. Healthy pipelines reported count is 0, required healthy pipeline reported count is 1
2022-12-22 10:14:03,493 [Command processor thread] INFO  ratis.XceiverServerRatis (XceiverServerRatis.java:addGroup(806)) - Created group PipelineID=f554d6d9-ab72-4da2-8476-7914c14c0878
2022-12-22 10:14:03,499 [291a3527-ed17-4a3a-8624-24363fd411c3@group-7914C14C0878-FollowerState] INFO  server.RaftServerConfigKeys (ConfUtils.java:logFallback(53)) - raft.server.rpc.first-election.timeout.min = 5s (fallback to raft.server.rpc.timeout.min)
2022-12-22 10:14:03,499 [291a3527-ed17-4a3a-8624-24363fd411c3@group-7914C14C0878-FollowerState] INFO  server.RaftServerConfigKeys (ConfUtils.java:logFallback(53)) - raft.server.rpc.first-election.timeout.max = 5200ms (fallback to raft.server.rpc.timeout.max)
2022-12-22 10:14:03,563 [grpc-default-executor-0] INFO  server.RaftServer (RaftServerProxy.java:addNew(96)) - 9d8e2230-e250-45fc-b4c7-3e2f1170721a: addNew group-7914C14C0878:[9d8e2230-e250-45fc-b4c7-3e2f1170721a|rpc:127.0.0.1:46029|dataStream:127.0.0.1:40427|priority:1|startupRole:FOLLOWER, c401f17a-f2cf-465b-91c0-943e82b6f11f|rpc:127.0.0.1:34811|dataStream:127.0.0.1:43401|priority:0|startupRole:FOLLOWER, 291a3527-ed17-4a3a-8624-24363fd411c3|rpc:127.0.0.1:44335|dataStream:127.0.0.1:39683|priority:0|startupRole:FOLLOWER] returns group-7914C14C0878:java.util.concurrent.CompletableFuture@11ecafbc[Not completed]
2022-12-22 10:14:03,564 [pool-173-thread-1] INFO  server.RaftServer$Division (RaftServerImpl.java:<init>(195)) - 9d8e2230-e250-45fc-b4c7-3e2f1170721a: new RaftServerImpl for group-7914C14C0878:[9d8e2230-e250-45fc-b4c7-3e2f1170721a|rpc:127.0.0.1:46029|dataStream:127.0.0.1:40427|priority:1|startupRole:FOLLOWER, c401f17a-f2cf-465b-91c0-943e82b6f11f|rpc:127.0.0.1:34811|dataStream:127.0.0.1:43401|priority:0|startupRole:FOLLOWER, 291a3527-ed17-4a3a-8624-24363fd411c3|rpc:127.0.0.1:44335|dataStream:127.0.0.1:39683|priority:0|startupRole:FOLLOWER] with ContainerStateMachine:uninitialized
2022-12-22 10:14:03,564 [pool-173-thread-1] INFO  server.RaftServerConfigKeys (ConfUtils.java:logGet(46)) - raft.server.rpc.timeout.min = 5s (custom)
2022-12-22 10:14:03,564 [pool-173-thread-1] INFO  server.RaftServerConfigKeys (ConfUtils.java:logGet(46)) - raft.server.rpc.timeout.max = 5200ms (custom)
2022-12-22 10:14:03,564 [pool-173-thread-1] INFO  server.RaftServerConfigKeys (ConfUtils.java:logGet(46)) - raft.server.rpc.sleep.time = 25ms (default)
2022-12-22 10:14:03,564 [pool-173-thread-1] INFO  server.RaftServerConfigKeys (ConfUtils.java:logGet(46)) - raft.server.rpc.slowness.timeout = 300s (custom)
2022-12-22 10:14:03,564 [pool-173-thread-1] INFO  server.RaftServerConfigKeys (ConfUtils.java:logGet(46)) - raft.server.leaderelection.leader.step-down.wait-time = 10s (default)
2022-12-22 10:14:03,565 [pool-173-thread-1] INFO  server.RaftServerConfigKeys (ConfUtils.java:logGet(46)) - raft.server.sleep.deviation.threshold = 300ms (default)
2022-12-22 10:14:03,565 [pool-173-thread-1] INFO  server.RaftServer$Division (ServerState.java:<init>(118)) - 9d8e2230-e250-45fc-b4c7-3e2f1170721a@group-7914C14C0878: ConfigurationManager, init=-1: peers:[9d8e2230-e250-45fc-b4c7-3e2f1170721a|rpc:127.0.0.1:46029|dataStream:127.0.0.1:40427|priority:1|startupRole:FOLLOWER, c401f17a-f2cf-465b-91c0-943e82b6f11f|rpc:127.0.0.1:34811|dataStream:127.0.0.1:43401|priority:0|startupRole:FOLLOWER, 291a3527-ed17-4a3a-8624-24363fd411c3|rpc:127.0.0.1:44335|dataStream:127.0.0.1:39683|priority:0|startupRole:FOLLOWER]|listeners:[], old=null, confs=<EMPTY_MAP>
2022-12-22 10:14:03,565 [pool-173-thread-1] INFO  server.RaftServerConfigKeys (ConfUtils.java:logGet(46)) - raft.server.storage.dir = [/home/runner/work/ozone/ozone/hadoop-ozone/integration-test/target/test-dir/MiniOzoneClusterImpl-25092133-3ddf-4dd3-9c34-1a0a2119317e/datanode-2/data/ratis] (custom)
2022-12-22 10:14:03,565 [pool-173-thread-1] INFO  server.RaftServerConfigKeys (ConfUtils.java:logGet(46)) - raft.server.log.corruption.policy = EXCEPTION (default)
2022-12-22 10:14:03,565 [pool-173-thread-1] INFO  server.RaftServerConfigKeys (ConfUtils.java:logGet(46)) - raft.server.storage.free-space.min = 0MB (=0) (default)
2022-12-22 10:14:03,565 [pool-173-thread-1] INFO  server.RaftServerConfigKeys (ConfUtils.java:logGet(46)) - raft.server.notification.no-leader.timeout = 300s (custom)
2022-12-22 10:14:03,565 [pool-173-thread-1] INFO  server.RaftServerConfigKeys (ConfUtils.java:logGet(46)) - raft.server.retrycache.expirytime = 600000ms (custom)
2022-12-22 10:14:03,565 [pool-173-thread-1] INFO  server.RaftServerConfigKeys (ConfUtils.java:logGet(46)) - raft.server.retrycache.statistics.expirytime = 100μs (default)
2022-12-22 10:14:03,566 [pool-173-thread-1] INFO  server.RaftServerConfigKeys (ConfUtils.java:logGet(46)) - raft.server.log.appender.install.snapshot.enabled = false (custom)
2022-12-22 10:14:03,566 [pool-173-thread-1] INFO  server.RaftServerConfigKeys (ConfUtils.java:logGet(46)) - raft.server.threadpool.server.cached = true (default)
2022-12-22 10:14:03,566 [pool-173-thread-1] INFO  server.RaftServerConfigKeys (ConfUtils.java:logGet(46)) - raft.server.threadpool.server.size = 0 (default)
2022-12-22 10:14:03,566 [pool-173-thread-1] INFO  server.RaftServerConfigKeys (ConfUtils.java:logGet(46)) - raft.server.threadpool.client.cached = true (default)
2022-12-22 10:14:03,566 [pool-173-thread-1] INFO  server.RaftServerConfigKeys (ConfUtils.java:logGet(46)) - raft.server.threadpool.client.size = 0 (default)
2022-12-22 10:14:03,566 [pool-173-thread-1] INFO  storage.RaftStorageDirectory (RaftStorageDirectoryImpl.java:analyzeStorage(137)) - The storage directory /home/runner/work/ozone/ozone/hadoop-ozone/integration-test/target/test-dir/MiniOzoneClusterImpl-25092133-3ddf-4dd3-9c34-1a0a2119317e/datanode-2/data/ratis/f554d6d9-ab72-4da2-8476-7914c14c0878 does not exist. Creating ...
2022-12-22 10:14:03,568 [pool-173-thread-1] INFO  storage.RaftStorageDirectory (RaftStorageDirectoryImpl.java:tryLock(231)) - Lock on /home/runner/work/ozone/ozone/hadoop-ozone/integration-test/target/test-dir/MiniOzoneClusterImpl-25092133-3ddf-4dd3-9c34-1a0a2119317e/datanode-2/data/ratis/f554d6d9-ab72-4da2-8476-7914c14c0878/in_use.lock acquired by nodename 33150@fv-az345-686
2022-12-22 10:14:03,569 [pool-173-thread-1] INFO  storage.RaftStorage (RaftStorageImpl.java:format(96)) - Storage directory /home/runner/work/ozone/ozone/hadoop-ozone/integration-test/target/test-dir/MiniOzoneClusterImpl-25092133-3ddf-4dd3-9c34-1a0a2119317e/datanode-2/data/ratis/f554d6d9-ab72-4da2-8476-7914c14c0878 has been successfully formatted.
2022-12-22 10:14:03,572 [pool-173-thread-1] INFO  ratis.ContainerStateMachine (ContainerStateMachine.java:loadSnapshot(240)) - group-7914C14C0878: The snapshot info is null. Setting the last applied indexto:(t:0, i:~)
2022-12-22 10:14:03,574 [EventQueue-CommandQueueReportForCommandQueueReportHandler] WARN  events.EventQueue (EventQueue.java:fireEvent(216)) - No event handler registered for event TypedEvent{payloadType=DatanodeDetails, name='Datanode_Command_Queue_Updated'}
2022-12-22 10:14:03,581 [pool-173-thread-1] INFO  server.RaftServerConfigKeys (ConfUtils.java:logGet(46)) - raft.server.log.use.memory = false (default)
2022-12-22 10:14:03,581 [pool-173-thread-1] INFO  server.RaftServerConfigKeys (ConfUtils.java:logGet(46)) - raft.server.log.purge.gap = 1000000 (custom)
2022-12-22 10:14:03,581 [pool-173-thread-1] INFO  server.RaftServerConfigKeys (ConfUtils.java:logGet(46)) - raft.server.log.appender.buffer.byte-limit = 33554432 (custom)
2022-12-22 10:14:03,581 [pool-173-thread-1] INFO  server.RaftServerConfigKeys (ConfUtils.java:logGet(46)) - raft.server.log.statemachine.data.read.timeout = 1000ms (default)
2022-12-22 10:14:03,581 [pool-173-thread-1] INFO  server.RaftServerConfigKeys (ConfUtils.java:logGet(46)) - raft.server.log.purge.preservation.log.num = 0 (default)
2022-12-22 10:14:03,583 [pool-173-thread-1] INFO  server.RaftServerConfigKeys (ConfUtils.java:logGet(46)) - raft.server.log.segment.size.max = 1048576 (custom)
2022-12-22 10:14:03,583 [pool-173-thread-1] INFO  server.RaftServerConfigKeys (ConfUtils.java:logGet(46)) - raft.server.log.segment.cache.num.max = 2 (custom)
2022-12-22 10:14:03,583 [pool-173-thread-1] INFO  server.RaftServerConfigKeys (ConfUtils.java:logGet(46)) - raft.server.log.segment.cache.size.max = 200MB (=209715200) (default)
2022-12-22 10:14:03,583 [pool-173-thread-1] INFO  segmented.SegmentedRaftLogWorker (SegmentedRaftLogWorker.java:<init>(189)) - new 9d8e2230-e250-45fc-b4c7-3e2f1170721a@group-7914C14C0878-SegmentedRaftLogWorker for RaftStorageImpl:Storage Directory /home/runner/work/ozone/ozone/hadoop-ozone/integration-test/target/test-dir/MiniOzoneClusterImpl-25092133-3ddf-4dd3-9c34-1a0a2119317e/datanode-2/data/ratis/f554d6d9-ab72-4da2-8476-7914c14c0878
2022-12-22 10:14:03,584 [pool-173-thread-1] INFO  server.RaftServerConfigKeys (ConfUtils.java:logGet(46)) - raft.server.log.queue.byte-limit = 4294967296 (custom)
2022-12-22 10:14:03,584 [pool-173-thread-1] INFO  server.RaftServerConfigKeys (ConfUtils.java:logGet(46)) - raft.server.log.queue.element-limit = 1024 (custom)
2022-12-22 10:14:03,584 [pool-173-thread-1] INFO  server.RaftServerConfigKeys (ConfUtils.java:logGet(46)) - raft.server.log.segment.size.max = 1048576 (custom)
2022-12-22 10:14:03,584 [pool-173-thread-1] INFO  server.RaftServerConfigKeys (ConfUtils.java:logGet(46)) - raft.server.log.preallocated.size = 16384 (custom)
2022-12-22 10:14:03,584 [pool-173-thread-1] INFO  server.RaftServerConfigKeys (ConfUtils.java:logGet(46)) - raft.server.log.force.sync.num = 128 (default)
2022-12-22 10:14:03,584 [pool-173-thread-1] INFO  server.RaftServerConfigKeys (ConfUtils.java:logGet(46)) - raft.server.log.statemachine.data.sync = true (default)
2022-12-22 10:14:03,584 [pool-173-thread-1] INFO  server.RaftServerConfigKeys (ConfUtils.java:logGet(46)) - raft.server.log.statemachine.data.sync.timeout = 10s (default)
2022-12-22 10:14:03,584 [pool-173-thread-1] INFO  server.RaftServerConfigKeys (ConfUtils.java:logGet(46)) - raft.server.log.statemachine.data.sync.timeout.retry = -1 (default)
2022-12-22 10:14:03,588 [pool-173-thread-1] INFO  server.RaftServerConfigKeys (ConfUtils.java:logGet(46)) - raft.server.log.write.buffer.size = 1048576 (custom)
2022-12-22 10:14:03,589 [pool-173-thread-1] INFO  server.RaftServerConfigKeys (ConfUtils.java:logGet(46)) - raft.server.log.appender.buffer.byte-limit = 33554432 (custom)
2022-12-22 10:14:03,629 [pool-173-thread-1] INFO  server.RaftServerConfigKeys (ConfUtils.java:logGet(46)) - raft.server.log.unsafe-flush.enabled = false (default)
2022-12-22 10:14:03,629 [pool-173-thread-1] INFO  server.RaftServerConfigKeys (ConfUtils.java:logGet(46)) - raft.server.log.async-flush.enabled = false (default)
2022-12-22 10:14:03,629 [pool-173-thread-1] INFO  server.RaftServerConfigKeys (ConfUtils.java:logGet(46)) - raft.server.log.statemachine.data.caching.enabled = true (custom)
2022-12-22 10:14:03,630 [pool-173-thread-1] INFO  segmented.SegmentedRaftLogWorker (SegmentedRaftLogWorker.java:lambda$new$0(135)) - 9d8e2230-e250-45fc-b4c7-3e2f1170721a@group-7914C14C0878-SegmentedRaftLogWorker: flushIndex: setUnconditionally 0 -> -1
2022-12-22 10:14:03,630 [pool-173-thread-1] INFO  segmented.SegmentedRaftLogWorker (SegmentedRaftLogWorker.java:lambda$new$0(135)) - 9d8e2230-e250-45fc-b4c7-3e2f1170721a@group-7914C14C0878-SegmentedRaftLogWorker: safeCacheEvictIndex: setUnconditionally 0 -> -1
2022-12-22 10:14:03,630 [pool-173-thread-1] INFO  server.RaftServer$Division (RaftServerImpl.java:start(334)) - 9d8e2230-e250-45fc-b4c7-3e2f1170721a@group-7914C14C0878: start as a follower, conf=-1: peers:[9d8e2230-e250-45fc-b4c7-3e2f1170721a|rpc:127.0.0.1:46029|dataStream:127.0.0.1:40427|priority:1|startupRole:FOLLOWER, c401f17a-f2cf-465b-91c0-943e82b6f11f|rpc:127.0.0.1:34811|dataStream:127.0.0.1:43401|priority:0|startupRole:FOLLOWER, 291a3527-ed17-4a3a-8624-24363fd411c3|rpc:127.0.0.1:44335|dataStream:127.0.0.1:39683|priority:0|startupRole:FOLLOWER]|listeners:[], old=null
2022-12-22 10:14:03,630 [pool-173-thread-1] INFO  server.RaftServer$Division (RaftServerImpl.java:setRole(321)) - 9d8e2230-e250-45fc-b4c7-3e2f1170721a@group-7914C14C0878: changes role from      null to FOLLOWER at term 0 for startAsFollower
2022-12-22 10:14:03,630 [pool-173-thread-1] INFO  impl.RoleInfo (RoleInfo.java:updateAndGet(139)) - 9d8e2230-e250-45fc-b4c7-3e2f1170721a: start 9d8e2230-e250-45fc-b4c7-3e2f1170721a@group-7914C14C0878-FollowerState
2022-12-22 10:14:03,630 [pool-173-thread-1] INFO  util.JmxRegister (JmxRegister.java:tryRegister(44)) - Successfully registered JMX Bean with object name Ratis:service=RaftServer,group=group-7914C14C0878,id=9d8e2230-e250-45fc-b4c7-3e2f1170721a
2022-12-22 10:14:03,631 [pool-173-thread-1] INFO  server.RaftServerConfigKeys (ConfUtils.java:logGet(46)) - raft.server.snapshot.auto.trigger.enabled = true (custom)
2022-12-22 10:14:03,631 [pool-173-thread-1] INFO  server.RaftServerConfigKeys (ConfUtils.java:logGet(46)) - raft.server.snapshot.auto.trigger.threshold = 10000 (custom)
2022-12-22 10:14:03,631 [pool-173-thread-1] INFO  server.RaftServerConfigKeys (ConfUtils.java:logGet(46)) - raft.server.snapshot.retention.file.num = 5 (custom)
2022-12-22 10:14:03,631 [pool-173-thread-1] INFO  server.RaftServerConfigKeys (ConfUtils.java:logGet(46)) - raft.server.log.purge.upto.snapshot.index = false (default)
2022-12-22 10:14:03,631 [9d8e2230-e250-45fc-b4c7-3e2f1170721a@group-7914C14C0878-FollowerState] INFO  server.RaftServerConfigKeys (ConfUtils.java:logFallback(53)) - raft.server.rpc.first-election.timeout.min = 5s (fallback to raft.server.rpc.timeout.min)
2022-12-22 10:14:03,634 [9d8e2230-e250-45fc-b4c7-3e2f1170721a@group-7914C14C0878-FollowerState] INFO  server.RaftServerConfigKeys (ConfUtils.java:logFallback(53)) - raft.server.rpc.first-election.timeout.max = 5200ms (fallback to raft.server.rpc.timeout.max)
2022-12-22 10:14:03,672 [grpc-default-executor-0] INFO  server.RaftServer (RaftServerProxy.java:addNew(96)) - c401f17a-f2cf-465b-91c0-943e82b6f11f: addNew group-7914C14C0878:[9d8e2230-e250-45fc-b4c7-3e2f1170721a|rpc:127.0.0.1:46029|dataStream:127.0.0.1:40427|priority:1|startupRole:FOLLOWER, c401f17a-f2cf-465b-91c0-943e82b6f11f|rpc:127.0.0.1:34811|dataStream:127.0.0.1:43401|priority:0|startupRole:FOLLOWER, 291a3527-ed17-4a3a-8624-24363fd411c3|rpc:127.0.0.1:44335|dataStream:127.0.0.1:39683|priority:0|startupRole:FOLLOWER] returns group-7914C14C0878:java.util.concurrent.CompletableFuture@558a522f[Not completed]
2022-12-22 10:14:03,674 [pool-150-thread-1] INFO  server.RaftServer$Division (RaftServerImpl.java:<init>(195)) - c401f17a-f2cf-465b-91c0-943e82b6f11f: new RaftServerImpl for group-7914C14C0878:[9d8e2230-e250-45fc-b4c7-3e2f1170721a|rpc:127.0.0.1:46029|dataStream:127.0.0.1:40427|priority:1|startupRole:FOLLOWER, c401f17a-f2cf-465b-91c0-943e82b6f11f|rpc:127.0.0.1:34811|dataStream:127.0.0.1:43401|priority:0|startupRole:FOLLOWER, 291a3527-ed17-4a3a-8624-24363fd411c3|rpc:127.0.0.1:44335|dataStream:127.0.0.1:39683|priority:0|startupRole:FOLLOWER] with ContainerStateMachine:uninitialized
2022-12-22 10:14:03,674 [pool-150-thread-1] INFO  server.RaftServerConfigKeys (ConfUtils.java:logGet(46)) - raft.server.rpc.timeout.min = 5s (custom)
2022-12-22 10:14:03,674 [pool-150-thread-1] INFO  server.RaftServerConfigKeys (ConfUtils.java:logGet(46)) - raft.server.rpc.timeout.max = 5200ms (custom)
2022-12-22 10:14:03,674 [pool-150-thread-1] INFO  server.RaftServerConfigKeys (ConfUtils.java:logGet(46)) - raft.server.rpc.sleep.time = 25ms (default)
2022-12-22 10:14:03,674 [pool-150-thread-1] INFO  server.RaftServerConfigKeys (ConfUtils.java:logGet(46)) - raft.server.rpc.slowness.timeout = 300s (custom)
2022-12-22 10:14:03,674 [pool-150-thread-1] INFO  server.RaftServerConfigKeys (ConfUtils.java:logGet(46)) - raft.server.leaderelection.leader.step-down.wait-time = 10s (default)
2022-12-22 10:14:03,674 [pool-150-thread-1] INFO  server.RaftServerConfigKeys (ConfUtils.java:logGet(46)) - raft.server.sleep.deviation.threshold = 300ms (default)
2022-12-22 10:14:03,674 [pool-150-thread-1] INFO  server.RaftServer$Division (ServerState.java:<init>(118)) - c401f17a-f2cf-465b-91c0-943e82b6f11f@group-7914C14C0878: ConfigurationManager, init=-1: peers:[9d8e2230-e250-45fc-b4c7-3e2f1170721a|rpc:127.0.0.1:46029|dataStream:127.0.0.1:40427|priority:1|startupRole:FOLLOWER, c401f17a-f2cf-465b-91c0-943e82b6f11f|rpc:127.0.0.1:34811|dataStream:127.0.0.1:43401|priority:0|startupRole:FOLLOWER, 291a3527-ed17-4a3a-8624-24363fd411c3|rpc:127.0.0.1:44335|dataStream:127.0.0.1:39683|priority:0|startupRole:FOLLOWER]|listeners:[], old=null, confs=<EMPTY_MAP>
2022-12-22 10:14:03,674 [pool-150-thread-1] INFO  server.RaftServerConfigKeys (ConfUtils.java:logGet(46)) - raft.server.storage.dir = [/home/runner/work/ozone/ozone/hadoop-ozone/integration-test/target/test-dir/MiniOzoneClusterImpl-25092133-3ddf-4dd3-9c34-1a0a2119317e/datanode-1/data/ratis] (custom)
2022-12-22 10:14:03,674 [pool-150-thread-1] INFO  server.RaftServerConfigKeys (ConfUtils.java:logGet(46)) - raft.server.log.corruption.policy = EXCEPTION (default)
2022-12-22 10:14:03,674 [pool-150-thread-1] INFO  server.RaftServerConfigKeys (ConfUtils.java:logGet(46)) - raft.server.storage.free-space.min = 0MB (=0) (default)
2022-12-22 10:14:03,674 [pool-150-thread-1] INFO  server.RaftServerConfigKeys (ConfUtils.java:logGet(46)) - raft.server.notification.no-leader.timeout = 300s (custom)
2022-12-22 10:14:03,674 [pool-150-thread-1] INFO  server.RaftServerConfigKeys (ConfUtils.java:logGet(46)) - raft.server.retrycache.expirytime = 600000ms (custom)
2022-12-22 10:14:03,674 [pool-150-thread-1] INFO  server.RaftServerConfigKeys (ConfUtils.java:logGet(46)) - raft.server.retrycache.statistics.expirytime = 100μs (default)
2022-12-22 10:14:03,675 [pool-150-thread-1] INFO  server.RaftServerConfigKeys (ConfUtils.java:logGet(46)) - raft.server.log.appender.install.snapshot.enabled = false (custom)
2022-12-22 10:14:03,675 [pool-150-thread-1] INFO  server.RaftServerConfigKeys (ConfUtils.java:logGet(46)) - raft.server.threadpool.server.cached = true (default)
2022-12-22 10:14:03,675 [pool-150-thread-1] INFO  server.RaftServerConfigKeys (ConfUtils.java:logGet(46)) - raft.server.threadpool.server.size = 0 (default)
2022-12-22 10:14:03,675 [pool-150-thread-1] INFO  server.RaftServerConfigKeys (ConfUtils.java:logGet(46)) - raft.server.threadpool.client.cached = true (default)
2022-12-22 10:14:03,675 [pool-150-thread-1] INFO  server.RaftServerConfigKeys (ConfUtils.java:logGet(46)) - raft.server.threadpool.client.size = 0 (default)
2022-12-22 10:14:03,676 [pool-150-thread-1] INFO  storage.RaftStorageDirectory (RaftStorageDirectoryImpl.java:analyzeStorage(137)) - The storage directory /home/runner/work/ozone/ozone/hadoop-ozone/integration-test/target/test-dir/MiniOzoneClusterImpl-25092133-3ddf-4dd3-9c34-1a0a2119317e/datanode-1/data/ratis/f554d6d9-ab72-4da2-8476-7914c14c0878 does not exist. Creating ...
2022-12-22 10:14:03,676 [pool-150-thread-1] INFO  storage.RaftStorageDirectory (RaftStorageDirectoryImpl.java:tryLock(231)) - Lock on /home/runner/work/ozone/ozone/hadoop-ozone/integration-test/target/test-dir/MiniOzoneClusterImpl-25092133-3ddf-4dd3-9c34-1a0a2119317e/datanode-1/data/ratis/f554d6d9-ab72-4da2-8476-7914c14c0878/in_use.lock acquired by nodename 33150@fv-az345-686
2022-12-22 10:14:03,677 [pool-150-thread-1] INFO  storage.RaftStorage (RaftStorageImpl.java:format(96)) - Storage directory /home/runner/work/ozone/ozone/hadoop-ozone/integration-test/target/test-dir/MiniOzoneClusterImpl-25092133-3ddf-4dd3-9c34-1a0a2119317e/datanode-1/data/ratis/f554d6d9-ab72-4da2-8476-7914c14c0878 has been successfully formatted.
2022-12-22 10:14:03,679 [pool-150-thread-1] INFO  ratis.ContainerStateMachine (ContainerStateMachine.java:loadSnapshot(240)) - group-7914C14C0878: The snapshot info is null. Setting the last applied indexto:(t:0, i:~)
2022-12-22 10:14:03,679 [pool-150-thread-1] INFO  server.RaftServerConfigKeys (ConfUtils.java:logGet(46)) - raft.server.log.use.memory = false (default)
2022-12-22 10:14:03,679 [pool-150-thread-1] INFO  server.RaftServerConfigKeys (ConfUtils.java:logGet(46)) - raft.server.log.purge.gap = 1000000 (custom)
2022-12-22 10:14:03,679 [pool-150-thread-1] INFO  server.RaftServerConfigKeys (ConfUtils.java:logGet(46)) - raft.server.log.appender.buffer.byte-limit = 33554432 (custom)
2022-12-22 10:14:03,679 [pool-150-thread-1] INFO  server.RaftServerConfigKeys (ConfUtils.java:logGet(46)) - raft.server.log.statemachine.data.read.timeout = 1000ms (default)
2022-12-22 10:14:03,679 [pool-150-thread-1] INFO  server.RaftServerConfigKeys (ConfUtils.java:logGet(46)) - raft.server.log.purge.preservation.log.num = 0 (default)
2022-12-22 10:14:03,679 [pool-150-thread-1] INFO  server.RaftServerConfigKeys (ConfUtils.java:logGet(46)) - raft.server.log.segment.size.max = 1048576 (custom)
2022-12-22 10:14:03,679 [pool-150-thread-1] INFO  server.RaftServerConfigKeys (ConfUtils.java:logGet(46)) - raft.server.log.segment.cache.num.max = 2 (custom)
2022-12-22 10:14:03,679 [pool-150-thread-1] INFO  server.RaftServerConfigKeys (ConfUtils.java:logGet(46)) - raft.server.log.segment.cache.size.max = 200MB (=209715200) (default)
2022-12-22 10:14:03,680 [pool-150-thread-1] INFO  segmented.SegmentedRaftLogWorker (SegmentedRaftLogWorker.java:<init>(189)) - new c401f17a-f2cf-465b-91c0-943e82b6f11f@group-7914C14C0878-SegmentedRaftLogWorker for RaftStorageImpl:Storage Directory /home/runner/work/ozone/ozone/hadoop-ozone/integration-test/target/test-dir/MiniOzoneClusterImpl-25092133-3ddf-4dd3-9c34-1a0a2119317e/datanode-1/data/ratis/f554d6d9-ab72-4da2-8476-7914c14c0878
2022-12-22 10:14:03,680 [pool-150-thread-1] INFO  server.RaftServerConfigKeys (ConfUtils.java:logGet(46)) - raft.server.log.queue.byte-limit = 4294967296 (custom)
2022-12-22 10:14:03,680 [pool-150-thread-1] INFO  server.RaftServerConfigKeys (ConfUtils.java:logGet(46)) - raft.server.log.queue.element-limit = 1024 (custom)
2022-12-22 10:14:03,680 [pool-150-thread-1] INFO  server.RaftServerConfigKeys (ConfUtils.java:logGet(46)) - raft.server.log.segment.size.max = 1048576 (custom)
2022-12-22 10:14:03,680 [pool-150-thread-1] INFO  server.RaftServerConfigKeys (ConfUtils.java:logGet(46)) - raft.server.log.preallocated.size = 16384 (custom)
2022-12-22 10:14:03,680 [pool-150-thread-1] INFO  server.RaftServerConfigKeys (ConfUtils.java:logGet(46)) - raft.server.log.force.sync.num = 128 (default)
2022-12-22 10:14:03,680 [pool-150-thread-1] INFO  server.RaftServerConfigKeys (ConfUtils.java:logGet(46)) - raft.server.log.statemachine.data.sync = true (default)
2022-12-22 10:14:03,680 [pool-150-thread-1] INFO  server.RaftServerConfigKeys (ConfUtils.java:logGet(46)) - raft.server.log.statemachine.data.sync.timeout = 10s (default)
2022-12-22 10:14:03,680 [pool-150-thread-1] INFO  server.RaftServerConfigKeys (ConfUtils.java:logGet(46)) - raft.server.log.statemachine.data.sync.timeout.retry = -1 (default)
2022-12-22 10:14:03,681 [pool-150-thread-1] INFO  server.RaftServerConfigKeys (ConfUtils.java:logGet(46)) - raft.server.log.write.buffer.size = 1048576 (custom)
2022-12-22 10:14:03,681 [pool-150-thread-1] INFO  server.RaftServerConfigKeys (ConfUtils.java:logGet(46)) - raft.server.log.appender.buffer.byte-limit = 33554432 (custom)
2022-12-22 10:14:03,683 [pool-150-thread-1] INFO  server.RaftServerConfigKeys (ConfUtils.java:logGet(46)) - raft.server.log.unsafe-flush.enabled = false (default)
2022-12-22 10:14:03,683 [pool-150-thread-1] INFO  server.RaftServerConfigKeys (ConfUtils.java:logGet(46)) - raft.server.log.async-flush.enabled = false (default)
2022-12-22 10:14:03,690 [EventQueue-CommandQueueReportForCommandQueueReportHandler] WARN  events.EventQueue (EventQueue.java:fireEvent(216)) - No event handler registered for event TypedEvent{payloadType=DatanodeDetails, name='Datanode_Command_Queue_Updated'}
2022-12-22 10:14:03,691 [pool-150-thread-1] INFO  server.RaftServerConfigKeys (ConfUtils.java:logGet(46)) - raft.server.log.statemachine.data.caching.enabled = true (custom)
2022-12-22 10:14:03,693 [pool-150-thread-1] INFO  segmented.SegmentedRaftLogWorker (SegmentedRaftLogWorker.java:lambda$new$0(135)) - c401f17a-f2cf-465b-91c0-943e82b6f11f@group-7914C14C0878-SegmentedRaftLogWorker: flushIndex: setUnconditionally 0 -> -1
2022-12-22 10:14:03,693 [pool-150-thread-1] INFO  segmented.SegmentedRaftLogWorker (SegmentedRaftLogWorker.java:lambda$new$0(135)) - c401f17a-f2cf-465b-91c0-943e82b6f11f@group-7914C14C0878-SegmentedRaftLogWorker: safeCacheEvictIndex: setUnconditionally 0 -> -1
2022-12-22 10:14:03,693 [pool-150-thread-1] INFO  server.RaftServer$Division (RaftServerImpl.java:start(334)) - c401f17a-f2cf-465b-91c0-943e82b6f11f@group-7914C14C0878: start as a follower, conf=-1: peers:[9d8e2230-e250-45fc-b4c7-3e2f1170721a|rpc:127.0.0.1:46029|dataStream:127.0.0.1:40427|priority:1|startupRole:FOLLOWER, c401f17a-f2cf-465b-91c0-943e82b6f11f|rpc:127.0.0.1:34811|dataStream:127.0.0.1:43401|priority:0|startupRole:FOLLOWER, 291a3527-ed17-4a3a-8624-24363fd411c3|rpc:127.0.0.1:44335|dataStream:127.0.0.1:39683|priority:0|startupRole:FOLLOWER]|listeners:[], old=null
2022-12-22 10:14:03,693 [pool-150-thread-1] INFO  server.RaftServer$Division (RaftServerImpl.java:setRole(321)) - c401f17a-f2cf-465b-91c0-943e82b6f11f@group-7914C14C0878: changes role from      null to FOLLOWER at term 0 for startAsFollower
2022-12-22 10:14:03,693 [pool-150-thread-1] INFO  impl.RoleInfo (RoleInfo.java:updateAndGet(139)) - c401f17a-f2cf-465b-91c0-943e82b6f11f: start c401f17a-f2cf-465b-91c0-943e82b6f11f@group-7914C14C0878-FollowerState
2022-12-22 10:14:03,693 [pool-150-thread-1] INFO  util.JmxRegister (JmxRegister.java:tryRegister(44)) - Successfully registered JMX Bean with object name Ratis:service=RaftServer,group=group-7914C14C0878,id=c401f17a-f2cf-465b-91c0-943e82b6f11f
2022-12-22 10:14:03,693 [c401f17a-f2cf-465b-91c0-943e82b6f11f@group-7914C14C0878-FollowerState] INFO  server.RaftServerConfigKeys (ConfUtils.java:logFallback(53)) - raft.server.rpc.first-election.timeout.min = 5s (fallback to raft.server.rpc.timeout.min)
2022-12-22 10:14:03,697 [c401f17a-f2cf-465b-91c0-943e82b6f11f@group-7914C14C0878-FollowerState] INFO  server.RaftServerConfigKeys (ConfUtils.java:logFallback(53)) - raft.server.rpc.first-election.timeout.max = 5200ms (fallback to raft.server.rpc.timeout.max)
2022-12-22 10:14:03,697 [pool-150-thread-1] INFO  server.RaftServerConfigKeys (ConfUtils.java:logGet(46)) - raft.server.snapshot.auto.trigger.enabled = true (custom)
2022-12-22 10:14:03,697 [pool-150-thread-1] INFO  server.RaftServerConfigKeys (ConfUtils.java:logGet(46)) - raft.server.snapshot.auto.trigger.threshold = 10000 (custom)
2022-12-22 10:14:03,697 [pool-150-thread-1] INFO  server.RaftServerConfigKeys (ConfUtils.java:logGet(46)) - raft.server.snapshot.retention.file.num = 5 (custom)
2022-12-22 10:14:03,697 [pool-150-thread-1] INFO  server.RaftServerConfigKeys (ConfUtils.java:logGet(46)) - raft.server.log.purge.upto.snapshot.index = false (default)
2022-12-22 10:14:03,703 [Command processor thread] INFO  commandhandler.CreatePipelineCommandHandler (CreatePipelineCommandHandler.java:handle(113)) - Created Pipeline RATIS THREE PipelineID=f554d6d9-ab72-4da2-8476-7914c14c0878.
2022-12-22 10:14:03,704 [Command processor thread] INFO  server.RaftServer (RaftServerProxy.java:addNew(96)) - 291a3527-ed17-4a3a-8624-24363fd411c3: addNew group-C94901C7DD98:[9d8e2230-e250-45fc-b4c7-3e2f1170721a|rpc:127.0.0.1:46029|dataStream:127.0.0.1:40427|priority:0|startupRole:FOLLOWER, c401f17a-f2cf-465b-91c0-943e82b6f11f|rpc:127.0.0.1:34811|dataStream:127.0.0.1:43401|priority:0|startupRole:FOLLOWER, 291a3527-ed17-4a3a-8624-24363fd411c3|rpc:127.0.0.1:44335|dataStream:127.0.0.1:39683|priority:1|startupRole:FOLLOWER] returns group-C94901C7DD98:java.util.concurrent.CompletableFuture@2b9a2071[Not completed]
2022-12-22 10:14:03,705 [pool-127-thread-1] INFO  server.RaftServer$Division (RaftServerImpl.java:<init>(195)) - 291a3527-ed17-4a3a-8624-24363fd411c3: new RaftServerImpl for group-C94901C7DD98:[9d8e2230-e250-45fc-b4c7-3e2f1170721a|rpc:127.0.0.1:46029|dataStream:127.0.0.1:40427|priority:0|startupRole:FOLLOWER, c401f17a-f2cf-465b-91c0-943e82b6f11f|rpc:127.0.0.1:34811|dataStream:127.0.0.1:43401|priority:0|startupRole:FOLLOWER, 291a3527-ed17-4a3a-8624-24363fd411c3|rpc:127.0.0.1:44335|dataStream:127.0.0.1:39683|priority:1|startupRole:FOLLOWER] with ContainerStateMachine:uninitialized
2022-12-22 10:14:03,705 [pool-127-thread-1] INFO  server.RaftServerConfigKeys (ConfUtils.java:logGet(46)) - raft.server.rpc.timeout.min = 5s (custom)
2022-12-22 10:14:03,705 [pool-127-thread-1] INFO  server.RaftServerConfigKeys (ConfUtils.java:logGet(46)) - raft.server.rpc.timeout.max = 5200ms (custom)
2022-12-22 10:14:03,705 [pool-127-thread-1] INFO  server.RaftServerConfigKeys (ConfUtils.java:logGet(46)) - raft.server.rpc.sleep.time = 25ms (default)
2022-12-22 10:14:03,705 [pool-127-thread-1] INFO  server.RaftServerConfigKeys (ConfUtils.java:logGet(46)) - raft.server.rpc.slowness.timeout = 300s (custom)
2022-12-22 10:14:03,705 [pool-127-thread-1] INFO  server.RaftServerConfigKeys (ConfUtils.java:logGet(46)) - raft.server.leaderelection.leader.step-down.wait-time = 10s (default)
2022-12-22 10:14:03,705 [pool-127-thread-1] INFO  server.RaftServerConfigKeys (ConfUtils.java:logGet(46)) - raft.server.sleep.deviation.threshold = 300ms (default)
2022-12-22 10:14:03,705 [pool-127-thread-1] INFO  server.RaftServer$Division (ServerState.java:<init>(118)) - 291a3527-ed17-4a3a-8624-24363fd411c3@group-C94901C7DD98: ConfigurationManager, init=-1: peers:[9d8e2230-e250-45fc-b4c7-3e2f1170721a|rpc:127.0.0.1:46029|dataStream:127.0.0.1:40427|priority:0|startupRole:FOLLOWER, c401f17a-f2cf-465b-91c0-943e82b6f11f|rpc:127.0.0.1:34811|dataStream:127.0.0.1:43401|priority:0|startupRole:FOLLOWER, 291a3527-ed17-4a3a-8624-24363fd411c3|rpc:127.0.0.1:44335|dataStream:127.0.0.1:39683|priority:1|startupRole:FOLLOWER]|listeners:[], old=null, confs=<EMPTY_MAP>
2022-12-22 10:14:03,705 [pool-127-thread-1] INFO  server.RaftServerConfigKeys (ConfUtils.java:logGet(46)) - raft.server.storage.dir = [/home/runner/work/ozone/ozone/hadoop-ozone/integration-test/target/test-dir/MiniOzoneClusterImpl-25092133-3ddf-4dd3-9c34-1a0a2119317e/datanode-0/data/ratis] (custom)
2022-12-22 10:14:03,705 [pool-127-thread-1] INFO  server.RaftServerConfigKeys (ConfUtils.java:logGet(46)) - raft.server.log.corruption.policy = EXCEPTION (default)
2022-12-22 10:14:03,705 [pool-127-thread-1] INFO  server.RaftServerConfigKeys (ConfUtils.java:logGet(46)) - raft.server.storage.free-space.min = 0MB (=0) (default)
2022-12-22 10:14:03,705 [pool-127-thread-1] INFO  server.RaftServerConfigKeys (ConfUtils.java:logGet(46)) - raft.server.notification.no-leader.timeout = 300s (custom)
2022-12-22 10:14:03,705 [pool-127-thread-1] INFO  server.RaftServerConfigKeys (ConfUtils.java:logGet(46)) - raft.server.retrycache.expirytime = 600000ms (custom)
2022-12-22 10:14:03,705 [pool-127-thread-1] INFO  server.RaftServerConfigKeys (ConfUtils.java:logGet(46)) - raft.server.retrycache.statistics.expirytime = 100μs (default)
2022-12-22 10:14:03,706 [pool-127-thread-1] INFO  server.RaftServerConfigKeys (ConfUtils.java:logGet(46)) - raft.server.log.appender.install.snapshot.enabled = false (custom)
2022-12-22 10:14:03,706 [pool-127-thread-1] INFO  server.RaftServerConfigKeys (ConfUtils.java:logGet(46)) - raft.server.threadpool.server.cached = true (default)
2022-12-22 10:14:03,706 [pool-127-thread-1] INFO  server.RaftServerConfigKeys (ConfUtils.java:logGet(46)) - raft.server.threadpool.server.size = 0 (default)
2022-12-22 10:14:03,706 [pool-127-thread-1] INFO  server.RaftServerConfigKeys (ConfUtils.java:logGet(46)) - raft.server.threadpool.client.cached = true (default)
2022-12-22 10:14:03,706 [pool-127-thread-1] INFO  server.RaftServerConfigKeys (ConfUtils.java:logGet(46)) - raft.server.threadpool.client.size = 0 (default)
2022-12-22 10:14:03,707 [pool-127-thread-1] INFO  storage.RaftStorageDirectory (RaftStorageDirectoryImpl.java:analyzeStorage(137)) - The storage directory /home/runner/work/ozone/ozone/hadoop-ozone/integration-test/target/test-dir/MiniOzoneClusterImpl-25092133-3ddf-4dd3-9c34-1a0a2119317e/datanode-0/data/ratis/28e4aab7-5322-4c7f-a962-c94901c7dd98 does not exist. Creating ...
2022-12-22 10:14:03,707 [pool-127-thread-1] INFO  storage.RaftStorageDirectory (RaftStorageDirectoryImpl.java:tryLock(231)) - Lock on /home/runner/work/ozone/ozone/hadoop-ozone/integration-test/target/test-dir/MiniOzoneClusterImpl-25092133-3ddf-4dd3-9c34-1a0a2119317e/datanode-0/data/ratis/28e4aab7-5322-4c7f-a962-c94901c7dd98/in_use.lock acquired by nodename 33150@fv-az345-686
2022-12-22 10:14:03,708 [pool-127-thread-1] INFO  storage.RaftStorage (RaftStorageImpl.java:format(96)) - Storage directory /home/runner/work/ozone/ozone/hadoop-ozone/integration-test/target/test-dir/MiniOzoneClusterImpl-25092133-3ddf-4dd3-9c34-1a0a2119317e/datanode-0/data/ratis/28e4aab7-5322-4c7f-a962-c94901c7dd98 has been successfully formatted.
2022-12-22 10:14:03,709 [pool-127-thread-1] INFO  ratis.ContainerStateMachine (ContainerStateMachine.java:loadSnapshot(240)) - group-C94901C7DD98: The snapshot info is null. Setting the last applied indexto:(t:0, i:~)
2022-12-22 10:14:03,709 [pool-127-thread-1] INFO  server.RaftServerConfigKeys (ConfUtils.java:logGet(46)) - raft.server.log.use.memory = false (default)
2022-12-22 10:14:03,709 [pool-127-thread-1] INFO  server.RaftServerConfigKeys (ConfUtils.java:logGet(46)) - raft.server.log.purge.gap = 1000000 (custom)
2022-12-22 10:14:03,709 [pool-127-thread-1] INFO  server.RaftServerConfigKeys (ConfUtils.java:logGet(46)) - raft.server.log.appender.buffer.byte-limit = 33554432 (custom)
2022-12-22 10:14:03,709 [pool-127-thread-1] INFO  server.RaftServerConfigKeys (ConfUtils.java:logGet(46)) - raft.server.log.statemachine.data.read.timeout = 1000ms (default)
2022-12-22 10:14:03,709 [pool-127-thread-1] INFO  server.RaftServerConfigKeys (ConfUtils.java:logGet(46)) - raft.server.log.purge.preservation.log.num = 0 (default)
2022-12-22 10:14:03,709 [pool-127-thread-1] INFO  server.RaftServerConfigKeys (ConfUtils.java:logGet(46)) - raft.server.log.segment.size.max = 1048576 (custom)
2022-12-22 10:14:03,709 [pool-127-thread-1] INFO  server.RaftServerConfigKeys (ConfUtils.java:logGet(46)) - raft.server.log.segment.cache.num.max = 2 (custom)
2022-12-22 10:14:03,709 [pool-127-thread-1] INFO  server.RaftServerConfigKeys (ConfUtils.java:logGet(46)) - raft.server.log.segment.cache.size.max = 200MB (=209715200) (default)
2022-12-22 10:14:03,709 [pool-127-thread-1] INFO  segmented.SegmentedRaftLogWorker (SegmentedRaftLogWorker.java:<init>(189)) - new 291a3527-ed17-4a3a-8624-24363fd411c3@group-C94901C7DD98-SegmentedRaftLogWorker for RaftStorageImpl:Storage Directory /home/runner/work/ozone/ozone/hadoop-ozone/integration-test/target/test-dir/MiniOzoneClusterImpl-25092133-3ddf-4dd3-9c34-1a0a2119317e/datanode-0/data/ratis/28e4aab7-5322-4c7f-a962-c94901c7dd98
2022-12-22 10:14:03,709 [pool-127-thread-1] INFO  server.RaftServerConfigKeys (ConfUtils.java:logGet(46)) - raft.server.log.queue.byte-limit = 4294967296 (custom)
2022-12-22 10:14:03,709 [pool-127-thread-1] INFO  server.RaftServerConfigKeys (ConfUtils.java:logGet(46)) - raft.server.log.queue.element-limit = 1024 (custom)
2022-12-22 10:14:03,709 [pool-127-thread-1] INFO  server.RaftServerConfigKeys (ConfUtils.java:logGet(46)) - raft.server.log.segment.size.max = 1048576 (custom)
2022-12-22 10:14:03,710 [pool-127-thread-1] INFO  server.RaftServerConfigKeys (ConfUtils.java:logGet(46)) - raft.server.log.preallocated.size = 16384 (custom)
2022-12-22 10:14:03,710 [pool-127-thread-1] INFO  server.RaftServerConfigKeys (ConfUtils.java:logGet(46)) - raft.server.log.force.sync.num = 128 (default)
2022-12-22 10:14:03,710 [pool-127-thread-1] INFO  server.RaftServerConfigKeys (ConfUtils.java:logGet(46)) - raft.server.log.statemachine.data.sync = true (default)
2022-12-22 10:14:03,710 [pool-127-thread-1] INFO  server.RaftServerConfigKeys (ConfUtils.java:logGet(46)) - raft.server.log.statemachine.data.sync.timeout = 10s (default)
2022-12-22 10:14:03,710 [pool-127-thread-1] INFO  server.RaftServerConfigKeys (ConfUtils.java:logGet(46)) - raft.server.log.statemachine.data.sync.timeout.retry = -1 (default)
2022-12-22 10:14:03,712 [pool-127-thread-1] INFO  server.RaftServerConfigKeys (ConfUtils.java:logGet(46)) - raft.server.log.write.buffer.size = 1048576 (custom)
2022-12-22 10:14:03,712 [EventQueue-CommandQueueReportForCommandQueueReportHandler] WARN  events.EventQueue (EventQueue.java:fireEvent(216)) - No event handler registered for event TypedEvent{payloadType=DatanodeDetails, name='Datanode_Command_Queue_Updated'}
2022-12-22 10:14:03,713 [pool-127-thread-1] INFO  server.RaftServerConfigKeys (ConfUtils.java:logGet(46)) - raft.server.log.appender.buffer.byte-limit = 33554432 (custom)
2022-12-22 10:14:03,713 [EventQueue-OpenPipelineForHealthyPipelineSafeModeRule] INFO  safemode.SCMSafeModeManager (HealthyPipelineSafeModeRule.java:process(137)) - SCM in safe mode. Healthy pipelines reported count is 0, required healthy pipeline reported count is 1
2022-12-22 10:14:03,716 [pool-127-thread-1] INFO  server.RaftServerConfigKeys (ConfUtils.java:logGet(46)) - raft.server.log.unsafe-flush.enabled = false (default)
2022-12-22 10:14:03,716 [pool-127-thread-1] INFO  server.RaftServerConfigKeys (ConfUtils.java:logGet(46)) - raft.server.log.async-flush.enabled = false (default)
2022-12-22 10:14:03,717 [pool-127-thread-1] INFO  server.RaftServerConfigKeys (ConfUtils.java:logGet(46)) - raft.server.log.statemachine.data.caching.enabled = true (custom)
2022-12-22 10:14:03,717 [pool-127-thread-1] INFO  segmented.SegmentedRaftLogWorker (SegmentedRaftLogWorker.java:lambda$new$0(135)) - 291a3527-ed17-4a3a-8624-24363fd411c3@group-C94901C7DD98-SegmentedRaftLogWorker: flushIndex: setUnconditionally 0 -> -1
2022-12-22 10:14:03,717 [pool-127-thread-1] INFO  segmented.SegmentedRaftLogWorker (SegmentedRaftLogWorker.java:lambda$new$0(135)) - 291a3527-ed17-4a3a-8624-24363fd411c3@group-C94901C7DD98-SegmentedRaftLogWorker: safeCacheEvictIndex: setUnconditionally 0 -> -1
2022-12-22 10:14:03,717 [pool-127-thread-1] INFO  server.RaftServer$Division (RaftServerImpl.java:start(334)) - 291a3527-ed17-4a3a-8624-24363fd411c3@group-C94901C7DD98: start as a follower, conf=-1: peers:[9d8e2230-e250-45fc-b4c7-3e2f1170721a|rpc:127.0.0.1:46029|dataStream:127.0.0.1:40427|priority:0|startupRole:FOLLOWER, c401f17a-f2cf-465b-91c0-943e82b6f11f|rpc:127.0.0.1:34811|dataStream:127.0.0.1:43401|priority:0|startupRole:FOLLOWER, 291a3527-ed17-4a3a-8624-24363fd411c3|rpc:127.0.0.1:44335|dataStream:127.0.0.1:39683|priority:1|startupRole:FOLLOWER]|listeners:[], old=null
2022-12-22 10:14:03,717 [pool-127-thread-1] INFO  server.RaftServer$Division (RaftServerImpl.java:setRole(321)) - 291a3527-ed17-4a3a-8624-24363fd411c3@group-C94901C7DD98: changes role from      null to FOLLOWER at term 0 for startAsFollower
2022-12-22 10:14:03,717 [pool-127-thread-1] INFO  impl.RoleInfo (RoleInfo.java:updateAndGet(139)) - 291a3527-ed17-4a3a-8624-24363fd411c3: start 291a3527-ed17-4a3a-8624-24363fd411c3@group-C94901C7DD98-FollowerState
2022-12-22 10:14:03,717 [pool-127-thread-1] INFO  util.JmxRegister (JmxRegister.java:tryRegister(44)) - Successfully registered JMX Bean with object name Ratis:service=RaftServer,group=group-C94901C7DD98,id=291a3527-ed17-4a3a-8624-24363fd411c3
2022-12-22 10:14:03,717 [pool-127-thread-1] INFO  server.RaftServerConfigKeys (ConfUtils.java:logGet(46)) - raft.server.snapshot.auto.trigger.enabled = true (custom)
2022-12-22 10:14:03,717 [pool-127-thread-1] INFO  server.RaftServerConfigKeys (ConfUtils.java:logGet(46)) - raft.server.snapshot.auto.trigger.threshold = 10000 (custom)
2022-12-22 10:14:03,717 [pool-127-thread-1] INFO  server.RaftServerConfigKeys (ConfUtils.java:logGet(46)) - raft.server.snapshot.retention.file.num = 5 (custom)
2022-12-22 10:14:03,717 [pool-127-thread-1] INFO  server.RaftServerConfigKeys (ConfUtils.java:logGet(46)) - raft.server.log.purge.upto.snapshot.index = false (default)
2022-12-22 10:14:03,718 [291a3527-ed17-4a3a-8624-24363fd411c3@group-C94901C7DD98-FollowerState] INFO  server.RaftServerConfigKeys (ConfUtils.java:logFallback(53)) - raft.server.rpc.first-election.timeout.min = 5s (fallback to raft.server.rpc.timeout.min)
2022-12-22 10:14:03,719 [Command processor thread] INFO  ratis.XceiverServerRatis (XceiverServerRatis.java:addGroup(806)) - Created group PipelineID=28e4aab7-5322-4c7f-a962-c94901c7dd98
2022-12-22 10:14:03,719 [291a3527-ed17-4a3a-8624-24363fd411c3@group-C94901C7DD98-FollowerState] INFO  server.RaftServerConfigKeys (ConfUtils.java:logFallback(53)) - raft.server.rpc.first-election.timeout.max = 5200ms (fallback to raft.server.rpc.timeout.max)
2022-12-22 10:14:03,734 [grpc-default-executor-0] INFO  server.RaftServer (RaftServerProxy.java:addNew(96)) - 9d8e2230-e250-45fc-b4c7-3e2f1170721a: addNew group-C94901C7DD98:[9d8e2230-e250-45fc-b4c7-3e2f1170721a|rpc:127.0.0.1:46029|dataStream:127.0.0.1:40427|priority:0|startupRole:FOLLOWER, c401f17a-f2cf-465b-91c0-943e82b6f11f|rpc:127.0.0.1:34811|dataStream:127.0.0.1:43401|priority:0|startupRole:FOLLOWER, 291a3527-ed17-4a3a-8624-24363fd411c3|rpc:127.0.0.1:44335|dataStream:127.0.0.1:39683|priority:1|startupRole:FOLLOWER] returns group-C94901C7DD98:java.util.concurrent.CompletableFuture@62231769[Not completed]
2022-12-22 10:14:03,735 [pool-173-thread-1] INFO  server.RaftServer$Division (RaftServerImpl.java:<init>(195)) - 9d8e2230-e250-45fc-b4c7-3e2f1170721a: new RaftServerImpl for group-C94901C7DD98:[9d8e2230-e250-45fc-b4c7-3e2f1170721a|rpc:127.0.0.1:46029|dataStream:127.0.0.1:40427|priority:0|startupRole:FOLLOWER, c401f17a-f2cf-465b-91c0-943e82b6f11f|rpc:127.0.0.1:34811|dataStream:127.0.0.1:43401|priority:0|startupRole:FOLLOWER, 291a3527-ed17-4a3a-8624-24363fd411c3|rpc:127.0.0.1:44335|dataStream:127.0.0.1:39683|priority:1|startupRole:FOLLOWER] with ContainerStateMachine:uninitialized
2022-12-22 10:14:03,735 [pool-173-thread-1] INFO  server.RaftServerConfigKeys (ConfUtils.java:logGet(46)) - raft.server.rpc.timeout.min = 5s (custom)
2022-12-22 10:14:03,735 [pool-173-thread-1] INFO  server.RaftServerConfigKeys (ConfUtils.java:logGet(46)) - raft.server.rpc.timeout.max = 5200ms (custom)
2022-12-22 10:14:03,736 [pool-173-thread-1] INFO  server.RaftServerConfigKeys (ConfUtils.java:logGet(46)) - raft.server.rpc.sleep.time = 25ms (default)
2022-12-22 10:14:03,736 [pool-173-thread-1] INFO  server.RaftServerConfigKeys (ConfUtils.java:logGet(46)) - raft.server.rpc.slowness.timeout = 300s (custom)
2022-12-22 10:14:03,736 [pool-173-thread-1] INFO  server.RaftServerConfigKeys (ConfUtils.java:logGet(46)) - raft.server.leaderelection.leader.step-down.wait-time = 10s (default)
2022-12-22 10:14:03,736 [pool-173-thread-1] INFO  server.RaftServerConfigKeys (ConfUtils.java:logGet(46)) - raft.server.sleep.deviation.threshold = 300ms (default)
2022-12-22 10:14:03,736 [pool-173-thread-1] INFO  server.RaftServer$Division (ServerState.java:<init>(118)) - 9d8e2230-e250-45fc-b4c7-3e2f1170721a@group-C94901C7DD98: ConfigurationManager, init=-1: peers:[9d8e2230-e250-45fc-b4c7-3e2f1170721a|rpc:127.0.0.1:46029|dataStream:127.0.0.1:40427|priority:0|startupRole:FOLLOWER, c401f17a-f2cf-465b-91c0-943e82b6f11f|rpc:127.0.0.1:34811|dataStream:127.0.0.1:43401|priority:0|startupRole:FOLLOWER, 291a3527-ed17-4a3a-8624-24363fd411c3|rpc:127.0.0.1:44335|dataStream:127.0.0.1:39683|priority:1|startupRole:FOLLOWER]|listeners:[], old=null, confs=<EMPTY_MAP>
2022-12-22 10:14:03,736 [pool-173-thread-1] INFO  server.RaftServerConfigKeys (ConfUtils.java:logGet(46)) - raft.server.storage.dir = [/home/runner/work/ozone/ozone/hadoop-ozone/integration-test/target/test-dir/MiniOzoneClusterImpl-25092133-3ddf-4dd3-9c34-1a0a2119317e/datanode-2/data/ratis] (custom)
2022-12-22 10:14:03,736 [pool-173-thread-1] INFO  server.RaftServerConfigKeys (ConfUtils.java:logGet(46)) - raft.server.log.corruption.policy = EXCEPTION (default)
2022-12-22 10:14:03,736 [pool-173-thread-1] INFO  server.RaftServerConfigKeys (ConfUtils.java:logGet(46)) - raft.server.storage.free-space.min = 0MB (=0) (default)
2022-12-22 10:14:03,736 [pool-173-thread-1] INFO  server.RaftServerConfigKeys (ConfUtils.java:logGet(46)) - raft.server.notification.no-leader.timeout = 300s (custom)
2022-12-22 10:14:03,736 [pool-173-thread-1] INFO  server.RaftServerConfigKeys (ConfUtils.java:logGet(46)) - raft.server.retrycache.expirytime = 600000ms (custom)
2022-12-22 10:14:03,736 [pool-173-thread-1] INFO  server.RaftServerConfigKeys (ConfUtils.java:logGet(46)) - raft.server.retrycache.statistics.expirytime = 100μs (default)
2022-12-22 10:14:03,737 [pool-173-thread-1] INFO  server.RaftServerConfigKeys (ConfUtils.java:logGet(46)) - raft.server.log.appender.install.snapshot.enabled = false (custom)
2022-12-22 10:14:03,737 [pool-173-thread-1] INFO  server.RaftServerConfigKeys (ConfUtils.java:logGet(46)) - raft.server.threadpool.server.cached = true (default)
2022-12-22 10:14:03,737 [pool-173-thread-1] INFO  server.RaftServerConfigKeys (ConfUtils.java:logGet(46)) - raft.server.threadpool.server.size = 0 (default)
2022-12-22 10:14:03,737 [pool-173-thread-1] INFO  server.RaftServerConfigKeys (ConfUtils.java:logGet(46)) - raft.server.threadpool.client.cached = true (default)
2022-12-22 10:14:03,737 [pool-173-thread-1] INFO  server.RaftServerConfigKeys (ConfUtils.java:logGet(46)) - raft.server.threadpool.client.size = 0 (default)
2022-12-22 10:14:03,737 [pool-173-thread-1] INFO  storage.RaftStorageDirectory (RaftStorageDirectoryImpl.java:analyzeStorage(137)) - The storage directory /home/runner/work/ozone/ozone/hadoop-ozone/integration-test/target/test-dir/MiniOzoneClusterImpl-25092133-3ddf-4dd3-9c34-1a0a2119317e/datanode-2/data/ratis/28e4aab7-5322-4c7f-a962-c94901c7dd98 does not exist. Creating ...
2022-12-22 10:14:03,738 [pool-173-thread-1] INFO  storage.RaftStorageDirectory (RaftStorageDirectoryImpl.java:tryLock(231)) - Lock on /home/runner/work/ozone/ozone/hadoop-ozone/integration-test/target/test-dir/MiniOzoneClusterImpl-25092133-3ddf-4dd3-9c34-1a0a2119317e/datanode-2/data/ratis/28e4aab7-5322-4c7f-a962-c94901c7dd98/in_use.lock acquired by nodename 33150@fv-az345-686
2022-12-22 10:14:03,739 [pool-173-thread-1] INFO  storage.RaftStorage (RaftStorageImpl.java:format(96)) - Storage directory /home/runner/work/ozone/ozone/hadoop-ozone/integration-test/target/test-dir/MiniOzoneClusterImpl-25092133-3ddf-4dd3-9c34-1a0a2119317e/datanode-2/data/ratis/28e4aab7-5322-4c7f-a962-c94901c7dd98 has been successfully formatted.
2022-12-22 10:14:03,745 [pool-173-thread-1] INFO  ratis.ContainerStateMachine (ContainerStateMachine.java:loadSnapshot(240)) - group-C94901C7DD98: The snapshot info is null. Setting the last applied indexto:(t:0, i:~)
2022-12-22 10:14:03,745 [pool-173-thread-1] INFO  server.RaftServerConfigKeys (ConfUtils.java:logGet(46)) - raft.server.log.use.memory = false (default)
2022-12-22 10:14:03,745 [pool-173-thread-1] INFO  server.RaftServerConfigKeys (ConfUtils.java:logGet(46)) - raft.server.log.purge.gap = 1000000 (custom)
2022-12-22 10:14:03,745 [pool-173-thread-1] INFO  server.RaftServerConfigKeys (ConfUtils.java:logGet(46)) - raft.server.log.appender.buffer.byte-limit = 33554432 (custom)
2022-12-22 10:14:03,745 [pool-173-thread-1] INFO  server.RaftServerConfigKeys (ConfUtils.java:logGet(46)) - raft.server.log.statemachine.data.read.timeout = 1000ms (default)
2022-12-22 10:14:03,746 [pool-173-thread-1] INFO  server.RaftServerConfigKeys (ConfUtils.java:logGet(46)) - raft.server.log.purge.preservation.log.num = 0 (default)
2022-12-22 10:14:03,746 [pool-173-thread-1] INFO  server.RaftServerConfigKeys (ConfUtils.java:logGet(46)) - raft.server.log.segment.size.max = 1048576 (custom)
2022-12-22 10:14:03,746 [pool-173-thread-1] INFO  server.RaftServerConfigKeys (ConfUtils.java:logGet(46)) - raft.server.log.segment.cache.num.max = 2 (custom)
2022-12-22 10:14:03,746 [pool-173-thread-1] INFO  server.RaftServerConfigKeys (ConfUtils.java:logGet(46)) - raft.server.log.segment.cache.size.max = 200MB (=209715200) (default)
2022-12-22 10:14:03,746 [pool-173-thread-1] INFO  segmented.SegmentedRaftLogWorker (SegmentedRaftLogWorker.java:<init>(189)) - new 9d8e2230-e250-45fc-b4c7-3e2f1170721a@group-C94901C7DD98-SegmentedRaftLogWorker for RaftStorageImpl:Storage Directory /home/runner/work/ozone/ozone/hadoop-ozone/integration-test/target/test-dir/MiniOzoneClusterImpl-25092133-3ddf-4dd3-9c34-1a0a2119317e/datanode-2/data/ratis/28e4aab7-5322-4c7f-a962-c94901c7dd98
2022-12-22 10:14:03,746 [pool-173-thread-1] INFO  server.RaftServerConfigKeys (ConfUtils.java:logGet(46)) - raft.server.log.queue.byte-limit = 4294967296 (custom)
2022-12-22 10:14:03,746 [pool-173-thread-1] INFO  server.RaftServerConfigKeys (ConfUtils.java:logGet(46)) - raft.server.log.queue.element-limit = 1024 (custom)
2022-12-22 10:14:03,746 [pool-173-thread-1] INFO  server.RaftServerConfigKeys (ConfUtils.java:logGet(46)) - raft.server.log.segment.size.max = 1048576 (custom)
2022-12-22 10:14:03,746 [pool-173-thread-1] INFO  server.RaftServerConfigKeys (ConfUtils.java:logGet(46)) - raft.server.log.preallocated.size = 16384 (custom)
2022-12-22 10:14:03,746 [pool-173-thread-1] INFO  server.RaftServerConfigKeys (ConfUtils.java:logGet(46)) - raft.server.log.force.sync.num = 128 (default)
2022-12-22 10:14:03,746 [pool-173-thread-1] INFO  server.RaftServerConfigKeys (ConfUtils.java:logGet(46)) - raft.server.log.statemachine.data.sync = true (default)
2022-12-22 10:14:03,746 [pool-173-thread-1] INFO  server.RaftServerConfigKeys (ConfUtils.java:logGet(46)) - raft.server.log.statemachine.data.sync.timeout = 10s (default)
2022-12-22 10:14:03,746 [pool-173-thread-1] INFO  server.RaftServerConfigKeys (ConfUtils.java:logGet(46)) - raft.server.log.statemachine.data.sync.timeout.retry = -1 (default)
2022-12-22 10:14:03,747 [pool-173-thread-1] INFO  server.RaftServerConfigKeys (ConfUtils.java:logGet(46)) - raft.server.log.write.buffer.size = 1048576 (custom)
2022-12-22 10:14:03,748 [pool-173-thread-1] INFO  server.RaftServerConfigKeys (ConfUtils.java:logGet(46)) - raft.server.log.appender.buffer.byte-limit = 33554432 (custom)
2022-12-22 10:14:03,748 [EventQueue-CommandQueueReportForCommandQueueReportHandler] WARN  events.EventQueue (EventQueue.java:fireEvent(216)) - No event handler registered for event TypedEvent{payloadType=DatanodeDetails, name='Datanode_Command_Queue_Updated'}
2022-12-22 10:14:03,751 [pool-173-thread-1] INFO  server.RaftServerConfigKeys (ConfUtils.java:logGet(46)) - raft.server.log.unsafe-flush.enabled = false (default)
2022-12-22 10:14:03,751 [pool-173-thread-1] INFO  server.RaftServerConfigKeys (ConfUtils.java:logGet(46)) - raft.server.log.async-flush.enabled = false (default)
2022-12-22 10:14:03,751 [pool-173-thread-1] INFO  server.RaftServerConfigKeys (ConfUtils.java:logGet(46)) - raft.server.log.statemachine.data.caching.enabled = true (custom)
2022-12-22 10:14:03,751 [pool-173-thread-1] INFO  segmented.SegmentedRaftLogWorker (SegmentedRaftLogWorker.java:lambda$new$0(135)) - 9d8e2230-e250-45fc-b4c7-3e2f1170721a@group-C94901C7DD98-SegmentedRaftLogWorker: flushIndex: setUnconditionally 0 -> -1
2022-12-22 10:14:03,751 [pool-173-thread-1] INFO  segmented.SegmentedRaftLogWorker (SegmentedRaftLogWorker.java:lambda$new$0(135)) - 9d8e2230-e250-45fc-b4c7-3e2f1170721a@group-C94901C7DD98-SegmentedRaftLogWorker: safeCacheEvictIndex: setUnconditionally 0 -> -1
2022-12-22 10:14:03,752 [pool-173-thread-1] INFO  server.RaftServer$Division (RaftServerImpl.java:start(334)) - 9d8e2230-e250-45fc-b4c7-3e2f1170721a@group-C94901C7DD98: start as a follower, conf=-1: peers:[9d8e2230-e250-45fc-b4c7-3e2f1170721a|rpc:127.0.0.1:46029|dataStream:127.0.0.1:40427|priority:0|startupRole:FOLLOWER, c401f17a-f2cf-465b-91c0-943e82b6f11f|rpc:127.0.0.1:34811|dataStream:127.0.0.1:43401|priority:0|startupRole:FOLLOWER, 291a3527-ed17-4a3a-8624-24363fd411c3|rpc:127.0.0.1:44335|dataStream:127.0.0.1:39683|priority:1|startupRole:FOLLOWER]|listeners:[], old=null
2022-12-22 10:14:03,752 [pool-173-thread-1] INFO  server.RaftServer$Division (RaftServerImpl.java:setRole(321)) - 9d8e2230-e250-45fc-b4c7-3e2f1170721a@group-C94901C7DD98: changes role from      null to FOLLOWER at term 0 for startAsFollower
2022-12-22 10:14:03,752 [pool-173-thread-1] INFO  impl.RoleInfo (RoleInfo.java:updateAndGet(139)) - 9d8e2230-e250-45fc-b4c7-3e2f1170721a: start 9d8e2230-e250-45fc-b4c7-3e2f1170721a@group-C94901C7DD98-FollowerState
2022-12-22 10:14:03,752 [pool-173-thread-1] INFO  util.JmxRegister (JmxRegister.java:tryRegister(44)) - Successfully registered JMX Bean with object name Ratis:service=RaftServer,group=group-C94901C7DD98,id=9d8e2230-e250-45fc-b4c7-3e2f1170721a
2022-12-22 10:14:03,752 [pool-173-thread-1] INFO  server.RaftServerConfigKeys (ConfUtils.java:logGet(46)) - raft.server.snapshot.auto.trigger.enabled = true (custom)
2022-12-22 10:14:03,752 [pool-173-thread-1] INFO  server.RaftServerConfigKeys (ConfUtils.java:logGet(46)) - raft.server.snapshot.auto.trigger.threshold = 10000 (custom)
2022-12-22 10:14:03,752 [pool-173-thread-1] INFO  server.RaftServerConfigKeys (ConfUtils.java:logGet(46)) - raft.server.snapshot.retention.file.num = 5 (custom)
2022-12-22 10:14:03,752 [pool-173-thread-1] INFO  server.RaftServerConfigKeys (ConfUtils.java:logGet(46)) - raft.server.log.purge.upto.snapshot.index = false (default)
2022-12-22 10:14:03,753 [9d8e2230-e250-45fc-b4c7-3e2f1170721a@group-C94901C7DD98-FollowerState] INFO  server.RaftServerConfigKeys (ConfUtils.java:logFallback(53)) - raft.server.rpc.first-election.timeout.min = 5s (fallback to raft.server.rpc.timeout.min)
2022-12-22 10:14:03,759 [9d8e2230-e250-45fc-b4c7-3e2f1170721a@group-C94901C7DD98-FollowerState] INFO  server.RaftServerConfigKeys (ConfUtils.java:logFallback(53)) - raft.server.rpc.first-election.timeout.max = 5200ms (fallback to raft.server.rpc.timeout.max)
2022-12-22 10:14:03,774 [grpc-default-executor-0] INFO  server.RaftServer (RaftServerProxy.java:addNew(96)) - c401f17a-f2cf-465b-91c0-943e82b6f11f: addNew group-C94901C7DD98:[9d8e2230-e250-45fc-b4c7-3e2f1170721a|rpc:127.0.0.1:46029|dataStream:127.0.0.1:40427|priority:0|startupRole:FOLLOWER, c401f17a-f2cf-465b-91c0-943e82b6f11f|rpc:127.0.0.1:34811|dataStream:127.0.0.1:43401|priority:0|startupRole:FOLLOWER, 291a3527-ed17-4a3a-8624-24363fd411c3|rpc:127.0.0.1:44335|dataStream:127.0.0.1:39683|priority:1|startupRole:FOLLOWER] returns group-C94901C7DD98:java.util.concurrent.CompletableFuture@7b93ac23[Not completed]
2022-12-22 10:14:03,775 [pool-150-thread-1] INFO  server.RaftServer$Division (RaftServerImpl.java:<init>(195)) - c401f17a-f2cf-465b-91c0-943e82b6f11f: new RaftServerImpl for group-C94901C7DD98:[9d8e2230-e250-45fc-b4c7-3e2f1170721a|rpc:127.0.0.1:46029|dataStream:127.0.0.1:40427|priority:0|startupRole:FOLLOWER, c401f17a-f2cf-465b-91c0-943e82b6f11f|rpc:127.0.0.1:34811|dataStream:127.0.0.1:43401|priority:0|startupRole:FOLLOWER, 291a3527-ed17-4a3a-8624-24363fd411c3|rpc:127.0.0.1:44335|dataStream:127.0.0.1:39683|priority:1|startupRole:FOLLOWER] with ContainerStateMachine:uninitialized
2022-12-22 10:14:03,776 [pool-150-thread-1] INFO  server.RaftServerConfigKeys (ConfUtils.java:logGet(46)) - raft.server.rpc.timeout.min = 5s (custom)
2022-12-22 10:14:03,776 [pool-150-thread-1] INFO  server.RaftServerConfigKeys (ConfUtils.java:logGet(46)) - raft.server.rpc.timeout.max = 5200ms (custom)
2022-12-22 10:14:03,776 [pool-150-thread-1] INFO  server.RaftServerConfigKeys (ConfUtils.java:logGet(46)) - raft.server.rpc.sleep.time = 25ms (default)
2022-12-22 10:14:03,776 [pool-150-thread-1] INFO  server.RaftServerConfigKeys (ConfUtils.java:logGet(46)) - raft.server.rpc.slowness.timeout = 300s (custom)
2022-12-22 10:14:03,776 [pool-150-thread-1] INFO  server.RaftServerConfigKeys (ConfUtils.java:logGet(46)) - raft.server.leaderelection.leader.step-down.wait-time = 10s (default)
2022-12-22 10:14:03,776 [pool-150-thread-1] INFO  server.RaftServerConfigKeys (ConfUtils.java:logGet(46)) - raft.server.sleep.deviation.threshold = 300ms (default)
2022-12-22 10:14:03,776 [pool-150-thread-1] INFO  server.RaftServer$Division (ServerState.java:<init>(118)) - c401f17a-f2cf-465b-91c0-943e82b6f11f@group-C94901C7DD98: ConfigurationManager, init=-1: peers:[9d8e2230-e250-45fc-b4c7-3e2f1170721a|rpc:127.0.0.1:46029|dataStream:127.0.0.1:40427|priority:0|startupRole:FOLLOWER, c401f17a-f2cf-465b-91c0-943e82b6f11f|rpc:127.0.0.1:34811|dataStream:127.0.0.1:43401|priority:0|startupRole:FOLLOWER, 291a3527-ed17-4a3a-8624-24363fd411c3|rpc:127.0.0.1:44335|dataStream:127.0.0.1:39683|priority:1|startupRole:FOLLOWER]|listeners:[], old=null, confs=<EMPTY_MAP>
2022-12-22 10:14:03,776 [pool-150-thread-1] INFO  server.RaftServerConfigKeys (ConfUtils.java:logGet(46)) - raft.server.storage.dir = [/home/runner/work/ozone/ozone/hadoop-ozone/integration-test/target/test-dir/MiniOzoneClusterImpl-25092133-3ddf-4dd3-9c34-1a0a2119317e/datanode-1/data/ratis] (custom)
2022-12-22 10:14:03,776 [pool-150-thread-1] INFO  server.RaftServerConfigKeys (ConfUtils.java:logGet(46)) - raft.server.log.corruption.policy = EXCEPTION (default)
2022-12-22 10:14:03,776 [pool-150-thread-1] INFO  server.RaftServerConfigKeys (ConfUtils.java:logGet(46)) - raft.server.storage.free-space.min = 0MB (=0) (default)
2022-12-22 10:14:03,776 [pool-150-thread-1] INFO  server.RaftServerConfigKeys (ConfUtils.java:logGet(46)) - raft.server.notification.no-leader.timeout = 300s (custom)
2022-12-22 10:14:03,776 [pool-150-thread-1] INFO  server.RaftServerConfigKeys (ConfUtils.java:logGet(46)) - raft.server.retrycache.expirytime = 600000ms (custom)
2022-12-22 10:14:03,776 [pool-150-thread-1] INFO  server.RaftServerConfigKeys (ConfUtils.java:logGet(46)) - raft.server.retrycache.statistics.expirytime = 100μs (default)
2022-12-22 10:14:03,777 [pool-150-thread-1] INFO  server.RaftServerConfigKeys (ConfUtils.java:logGet(46)) - raft.server.log.appender.install.snapshot.enabled = false (custom)
2022-12-22 10:14:03,777 [pool-150-thread-1] INFO  server.RaftServerConfigKeys (ConfUtils.java:logGet(46)) - raft.server.threadpool.server.cached = true (default)
2022-12-22 10:14:03,777 [pool-150-thread-1] INFO  server.RaftServerConfigKeys (ConfUtils.java:logGet(46)) - raft.server.threadpool.server.size = 0 (default)
2022-12-22 10:14:03,777 [pool-150-thread-1] INFO  server.RaftServerConfigKeys (ConfUtils.java:logGet(46)) - raft.server.threadpool.client.cached = true (default)
2022-12-22 10:14:03,777 [pool-150-thread-1] INFO  server.RaftServerConfigKeys (ConfUtils.java:logGet(46)) - raft.server.threadpool.client.size = 0 (default)
2022-12-22 10:14:03,778 [pool-150-thread-1] INFO  storage.RaftStorageDirectory (RaftStorageDirectoryImpl.java:analyzeStorage(137)) - The storage directory /home/runner/work/ozone/ozone/hadoop-ozone/integration-test/target/test-dir/MiniOzoneClusterImpl-25092133-3ddf-4dd3-9c34-1a0a2119317e/datanode-1/data/ratis/28e4aab7-5322-4c7f-a962-c94901c7dd98 does not exist. Creating ...
2022-12-22 10:14:03,778 [pool-150-thread-1] INFO  storage.RaftStorageDirectory (RaftStorageDirectoryImpl.java:tryLock(231)) - Lock on /home/runner/work/ozone/ozone/hadoop-ozone/integration-test/target/test-dir/MiniOzoneClusterImpl-25092133-3ddf-4dd3-9c34-1a0a2119317e/datanode-1/data/ratis/28e4aab7-5322-4c7f-a962-c94901c7dd98/in_use.lock acquired by nodename 33150@fv-az345-686
2022-12-22 10:14:03,779 [pool-150-thread-1] INFO  storage.RaftStorage (RaftStorageImpl.java:format(96)) - Storage directory /home/runner/work/ozone/ozone/hadoop-ozone/integration-test/target/test-dir/MiniOzoneClusterImpl-25092133-3ddf-4dd3-9c34-1a0a2119317e/datanode-1/data/ratis/28e4aab7-5322-4c7f-a962-c94901c7dd98 has been successfully formatted.
2022-12-22 10:14:03,780 [pool-150-thread-1] INFO  ratis.ContainerStateMachine (ContainerStateMachine.java:loadSnapshot(240)) - group-C94901C7DD98: The snapshot info is null. Setting the last applied indexto:(t:0, i:~)
2022-12-22 10:14:03,780 [pool-150-thread-1] INFO  server.RaftServerConfigKeys (ConfUtils.java:logGet(46)) - raft.server.log.use.memory = false (default)
2022-12-22 10:14:03,780 [pool-150-thread-1] INFO  server.RaftServerConfigKeys (ConfUtils.java:logGet(46)) - raft.server.log.purge.gap = 1000000 (custom)
2022-12-22 10:14:03,780 [pool-150-thread-1] INFO  server.RaftServerConfigKeys (ConfUtils.java:logGet(46)) - raft.server.log.appender.buffer.byte-limit = 33554432 (custom)
2022-12-22 10:14:03,780 [pool-150-thread-1] INFO  server.RaftServerConfigKeys (ConfUtils.java:logGet(46)) - raft.server.log.statemachine.data.read.timeout = 1000ms (default)
2022-12-22 10:14:03,780 [pool-150-thread-1] INFO  server.RaftServerConfigKeys (ConfUtils.java:logGet(46)) - raft.server.log.purge.preservation.log.num = 0 (default)
2022-12-22 10:14:03,780 [pool-150-thread-1] INFO  server.RaftServerConfigKeys (ConfUtils.java:logGet(46)) - raft.server.log.segment.size.max = 1048576 (custom)
2022-12-22 10:14:03,785 [pool-150-thread-1] INFO  server.RaftServerConfigKeys (ConfUtils.java:logGet(46)) - raft.server.log.segment.cache.num.max = 2 (custom)
2022-12-22 10:14:03,785 [pool-150-thread-1] INFO  server.RaftServerConfigKeys (ConfUtils.java:logGet(46)) - raft.server.log.segment.cache.size.max = 200MB (=209715200) (default)
2022-12-22 10:14:03,786 [pool-150-thread-1] INFO  segmented.SegmentedRaftLogWorker (SegmentedRaftLogWorker.java:<init>(189)) - new c401f17a-f2cf-465b-91c0-943e82b6f11f@group-C94901C7DD98-SegmentedRaftLogWorker for RaftStorageImpl:Storage Directory /home/runner/work/ozone/ozone/hadoop-ozone/integration-test/target/test-dir/MiniOzoneClusterImpl-25092133-3ddf-4dd3-9c34-1a0a2119317e/datanode-1/data/ratis/28e4aab7-5322-4c7f-a962-c94901c7dd98
2022-12-22 10:14:03,786 [pool-150-thread-1] INFO  server.RaftServerConfigKeys (ConfUtils.java:logGet(46)) - raft.server.log.queue.byte-limit = 4294967296 (custom)
2022-12-22 10:14:03,786 [pool-150-thread-1] INFO  server.RaftServerConfigKeys (ConfUtils.java:logGet(46)) - raft.server.log.queue.element-limit = 1024 (custom)
2022-12-22 10:14:03,786 [pool-150-thread-1] INFO  server.RaftServerConfigKeys (ConfUtils.java:logGet(46)) - raft.server.log.segment.size.max = 1048576 (custom)
2022-12-22 10:14:03,786 [pool-150-thread-1] INFO  server.RaftServerConfigKeys (ConfUtils.java:logGet(46)) - raft.server.log.preallocated.size = 16384 (custom)
2022-12-22 10:14:03,786 [pool-150-thread-1] INFO  server.RaftServerConfigKeys (ConfUtils.java:logGet(46)) - raft.server.log.force.sync.num = 128 (default)
2022-12-22 10:14:03,786 [pool-150-thread-1] INFO  server.RaftServerConfigKeys (ConfUtils.java:logGet(46)) - raft.server.log.statemachine.data.sync = true (default)
2022-12-22 10:14:03,786 [EventQueue-CommandQueueReportForCommandQueueReportHandler] WARN  events.EventQueue (EventQueue.java:fireEvent(216)) - No event handler registered for event TypedEvent{payloadType=DatanodeDetails, name='Datanode_Command_Queue_Updated'}
2022-12-22 10:14:03,786 [pool-150-thread-1] INFO  server.RaftServerConfigKeys (ConfUtils.java:logGet(46)) - raft.server.log.statemachine.data.sync.timeout = 10s (default)
2022-12-22 10:14:03,787 [pool-150-thread-1] INFO  server.RaftServerConfigKeys (ConfUtils.java:logGet(46)) - raft.server.log.statemachine.data.sync.timeout.retry = -1 (default)
2022-12-22 10:14:03,787 [pool-150-thread-1] INFO  server.RaftServerConfigKeys (ConfUtils.java:logGet(46)) - raft.server.log.write.buffer.size = 1048576 (custom)
2022-12-22 10:14:03,788 [pool-150-thread-1] INFO  server.RaftServerConfigKeys (ConfUtils.java:logGet(46)) - raft.server.log.appender.buffer.byte-limit = 33554432 (custom)
2022-12-22 10:14:03,791 [pool-150-thread-1] INFO  server.RaftServerConfigKeys (ConfUtils.java:logGet(46)) - raft.server.log.unsafe-flush.enabled = false (default)
2022-12-22 10:14:03,791 [pool-150-thread-1] INFO  server.RaftServerConfigKeys (ConfUtils.java:logGet(46)) - raft.server.log.async-flush.enabled = false (default)
2022-12-22 10:14:03,791 [pool-150-thread-1] INFO  server.RaftServerConfigKeys (ConfUtils.java:logGet(46)) - raft.server.log.statemachine.data.caching.enabled = true (custom)
2022-12-22 10:14:03,791 [pool-150-thread-1] INFO  segmented.SegmentedRaftLogWorker (SegmentedRaftLogWorker.java:lambda$new$0(135)) - c401f17a-f2cf-465b-91c0-943e82b6f11f@group-C94901C7DD98-SegmentedRaftLogWorker: flushIndex: setUnconditionally 0 -> -1
2022-12-22 10:14:03,791 [pool-150-thread-1] INFO  segmented.SegmentedRaftLogWorker (SegmentedRaftLogWorker.java:lambda$new$0(135)) - c401f17a-f2cf-465b-91c0-943e82b6f11f@group-C94901C7DD98-SegmentedRaftLogWorker: safeCacheEvictIndex: setUnconditionally 0 -> -1
2022-12-22 10:14:03,791 [pool-150-thread-1] INFO  server.RaftServer$Division (RaftServerImpl.java:start(334)) - c401f17a-f2cf-465b-91c0-943e82b6f11f@group-C94901C7DD98: start as a follower, conf=-1: peers:[9d8e2230-e250-45fc-b4c7-3e2f1170721a|rpc:127.0.0.1:46029|dataStream:127.0.0.1:40427|priority:0|startupRole:FOLLOWER, c401f17a-f2cf-465b-91c0-943e82b6f11f|rpc:127.0.0.1:34811|dataStream:127.0.0.1:43401|priority:0|startupRole:FOLLOWER, 291a3527-ed17-4a3a-8624-24363fd411c3|rpc:127.0.0.1:44335|dataStream:127.0.0.1:39683|priority:1|startupRole:FOLLOWER]|listeners:[], old=null
2022-12-22 10:14:03,791 [pool-150-thread-1] INFO  server.RaftServer$Division (RaftServerImpl.java:setRole(321)) - c401f17a-f2cf-465b-91c0-943e82b6f11f@group-C94901C7DD98: changes role from      null to FOLLOWER at term 0 for startAsFollower
2022-12-22 10:14:03,791 [pool-150-thread-1] INFO  impl.RoleInfo (RoleInfo.java:updateAndGet(139)) - c401f17a-f2cf-465b-91c0-943e82b6f11f: start c401f17a-f2cf-465b-91c0-943e82b6f11f@group-C94901C7DD98-FollowerState
2022-12-22 10:14:03,796 [pool-150-thread-1] INFO  util.JmxRegister (JmxRegister.java:tryRegister(44)) - Successfully registered JMX Bean with object name Ratis:service=RaftServer,group=group-C94901C7DD98,id=c401f17a-f2cf-465b-91c0-943e82b6f11f
2022-12-22 10:14:03,796 [pool-150-thread-1] INFO  server.RaftServerConfigKeys (ConfUtils.java:logGet(46)) - raft.server.snapshot.auto.trigger.enabled = true (custom)
2022-12-22 10:14:03,796 [pool-150-thread-1] INFO  server.RaftServerConfigKeys (ConfUtils.java:logGet(46)) - raft.server.snapshot.auto.trigger.threshold = 10000 (custom)
2022-12-22 10:14:03,796 [c401f17a-f2cf-465b-91c0-943e82b6f11f@group-C94901C7DD98-FollowerState] INFO  server.RaftServerConfigKeys (ConfUtils.java:logFallback(53)) - raft.server.rpc.first-election.timeout.min = 5s (fallback to raft.server.rpc.timeout.min)
2022-12-22 10:14:03,796 [pool-150-thread-1] INFO  server.RaftServerConfigKeys (ConfUtils.java:logGet(46)) - raft.server.snapshot.retention.file.num = 5 (custom)
2022-12-22 10:14:03,797 [pool-150-thread-1] INFO  server.RaftServerConfigKeys (ConfUtils.java:logGet(46)) - raft.server.log.purge.upto.snapshot.index = false (default)
2022-12-22 10:14:03,797 [c401f17a-f2cf-465b-91c0-943e82b6f11f@group-C94901C7DD98-FollowerState] INFO  server.RaftServerConfigKeys (ConfUtils.java:logFallback(53)) - raft.server.rpc.first-election.timeout.max = 5200ms (fallback to raft.server.rpc.timeout.max)
2022-12-22 10:14:03,808 [Command processor thread] INFO  commandhandler.CreatePipelineCommandHandler (CreatePipelineCommandHandler.java:handle(113)) - Created Pipeline RATIS THREE PipelineID=28e4aab7-5322-4c7f-a962-c94901c7dd98.
2022-12-22 10:14:03,884 [Command processor thread] INFO  server.RaftServer (RaftServerProxy.java:addNew(96)) - c401f17a-f2cf-465b-91c0-943e82b6f11f: addNew group-113B51A5152A:[c401f17a-f2cf-465b-91c0-943e82b6f11f|rpc:127.0.0.1:34811|dataStream:127.0.0.1:43401|priority:1|startupRole:FOLLOWER] returns group-113B51A5152A:java.util.concurrent.CompletableFuture@5ce20af9[Not completed]
2022-12-22 10:14:03,885 [pool-150-thread-1] INFO  server.RaftServer$Division (RaftServerImpl.java:<init>(195)) - c401f17a-f2cf-465b-91c0-943e82b6f11f: new RaftServerImpl for group-113B51A5152A:[c401f17a-f2cf-465b-91c0-943e82b6f11f|rpc:127.0.0.1:34811|dataStream:127.0.0.1:43401|priority:1|startupRole:FOLLOWER] with ContainerStateMachine:uninitialized
2022-12-22 10:14:03,885 [pool-150-thread-1] INFO  server.RaftServerConfigKeys (ConfUtils.java:logGet(46)) - raft.server.rpc.timeout.min = 5s (custom)
2022-12-22 10:14:03,885 [pool-150-thread-1] INFO  server.RaftServerConfigKeys (ConfUtils.java:logGet(46)) - raft.server.rpc.timeout.max = 5200ms (custom)
2022-12-22 10:14:03,886 [pool-150-thread-1] INFO  server.RaftServerConfigKeys (ConfUtils.java:logGet(46)) - raft.server.rpc.sleep.time = 25ms (default)
2022-12-22 10:14:03,886 [pool-150-thread-1] INFO  server.RaftServerConfigKeys (ConfUtils.java:logGet(46)) - raft.server.rpc.slowness.timeout = 300s (custom)
2022-12-22 10:14:03,886 [pool-150-thread-1] INFO  server.RaftServerConfigKeys (ConfUtils.java:logGet(46)) - raft.server.leaderelection.leader.step-down.wait-time = 10s (default)
2022-12-22 10:14:03,886 [pool-150-thread-1] INFO  server.RaftServerConfigKeys (ConfUtils.java:logGet(46)) - raft.server.sleep.deviation.threshold = 300ms (default)
2022-12-22 10:14:03,886 [pool-150-thread-1] INFO  server.RaftServer$Division (ServerState.java:<init>(118)) - c401f17a-f2cf-465b-91c0-943e82b6f11f@group-113B51A5152A: ConfigurationManager, init=-1: peers:[c401f17a-f2cf-465b-91c0-943e82b6f11f|rpc:127.0.0.1:34811|dataStream:127.0.0.1:43401|priority:1|startupRole:FOLLOWER]|listeners:[], old=null, confs=<EMPTY_MAP>
2022-12-22 10:14:03,886 [pool-150-thread-1] INFO  server.RaftServerConfigKeys (ConfUtils.java:logGet(46)) - raft.server.storage.dir = [/home/runner/work/ozone/ozone/hadoop-ozone/integration-test/target/test-dir/MiniOzoneClusterImpl-25092133-3ddf-4dd3-9c34-1a0a2119317e/datanode-1/data/ratis] (custom)
2022-12-22 10:14:03,886 [pool-150-thread-1] INFO  server.RaftServerConfigKeys (ConfUtils.java:logGet(46)) - raft.server.log.corruption.policy = EXCEPTION (default)
2022-12-22 10:14:03,886 [pool-150-thread-1] INFO  server.RaftServerConfigKeys (ConfUtils.java:logGet(46)) - raft.server.storage.free-space.min = 0MB (=0) (default)
2022-12-22 10:14:03,886 [pool-150-thread-1] INFO  server.RaftServerConfigKeys (ConfUtils.java:logGet(46)) - raft.server.notification.no-leader.timeout = 300s (custom)
2022-12-22 10:14:03,886 [pool-150-thread-1] INFO  server.RaftServerConfigKeys (ConfUtils.java:logGet(46)) - raft.server.retrycache.expirytime = 600000ms (custom)
2022-12-22 10:14:03,886 [pool-150-thread-1] INFO  server.RaftServerConfigKeys (ConfUtils.java:logGet(46)) - raft.server.retrycache.statistics.expirytime = 100μs (default)
2022-12-22 10:14:03,887 [pool-150-thread-1] INFO  server.RaftServerConfigKeys (ConfUtils.java:logGet(46)) - raft.server.log.appender.install.snapshot.enabled = false (custom)
2022-12-22 10:14:03,887 [pool-150-thread-1] INFO  server.RaftServerConfigKeys (ConfUtils.java:logGet(46)) - raft.server.threadpool.server.cached = true (default)
2022-12-22 10:14:03,887 [pool-150-thread-1] INFO  server.RaftServerConfigKeys (ConfUtils.java:logGet(46)) - raft.server.threadpool.server.size = 0 (default)
2022-12-22 10:14:03,887 [pool-150-thread-1] INFO  server.RaftServerConfigKeys (ConfUtils.java:logGet(46)) - raft.server.threadpool.client.cached = true (default)
2022-12-22 10:14:03,887 [pool-150-thread-1] INFO  server.RaftServerConfigKeys (ConfUtils.java:logGet(46)) - raft.server.threadpool.client.size = 0 (default)
2022-12-22 10:14:03,887 [pool-150-thread-1] INFO  storage.RaftStorageDirectory (RaftStorageDirectoryImpl.java:analyzeStorage(137)) - The storage directory /home/runner/work/ozone/ozone/hadoop-ozone/integration-test/target/test-dir/MiniOzoneClusterImpl-25092133-3ddf-4dd3-9c34-1a0a2119317e/datanode-1/data/ratis/9529daf3-e263-405b-a763-113b51a5152a does not exist. Creating ...
2022-12-22 10:14:03,888 [pool-150-thread-1] INFO  storage.RaftStorageDirectory (RaftStorageDirectoryImpl.java:tryLock(231)) - Lock on /home/runner/work/ozone/ozone/hadoop-ozone/integration-test/target/test-dir/MiniOzoneClusterImpl-25092133-3ddf-4dd3-9c34-1a0a2119317e/datanode-1/data/ratis/9529daf3-e263-405b-a763-113b51a5152a/in_use.lock acquired by nodename 33150@fv-az345-686
2022-12-22 10:14:03,889 [pool-150-thread-1] INFO  storage.RaftStorage (RaftStorageImpl.java:format(96)) - Storage directory /home/runner/work/ozone/ozone/hadoop-ozone/integration-test/target/test-dir/MiniOzoneClusterImpl-25092133-3ddf-4dd3-9c34-1a0a2119317e/datanode-1/data/ratis/9529daf3-e263-405b-a763-113b51a5152a has been successfully formatted.
2022-12-22 10:14:03,889 [pool-150-thread-1] INFO  ratis.ContainerStateMachine (ContainerStateMachine.java:loadSnapshot(240)) - group-113B51A5152A: The snapshot info is null. Setting the last applied indexto:(t:0, i:~)
2022-12-22 10:14:03,890 [pool-150-thread-1] INFO  server.RaftServerConfigKeys (ConfUtils.java:logGet(46)) - raft.server.log.use.memory = false (default)
2022-12-22 10:14:03,890 [pool-150-thread-1] INFO  server.RaftServerConfigKeys (ConfUtils.java:logGet(46)) - raft.server.log.purge.gap = 1000000 (custom)
2022-12-22 10:14:03,890 [pool-150-thread-1] INFO  server.RaftServerConfigKeys (ConfUtils.java:logGet(46)) - raft.server.log.appender.buffer.byte-limit = 33554432 (custom)
2022-12-22 10:14:03,890 [pool-150-thread-1] INFO  server.RaftServerConfigKeys (ConfUtils.java:logGet(46)) - raft.server.log.statemachine.data.read.timeout = 1000ms (default)
2022-12-22 10:14:03,891 [EventQueue-PipelineReportForPipelineReportHandler] INFO  pipeline.PipelineManagerImpl (PipelineManagerImpl.java:openPipeline(367)) - Pipeline Pipeline[ Id: 9529daf3-e263-405b-a763-113b51a5152a, Nodes: c401f17a-f2cf-465b-91c0-943e82b6f11f{ip: 127.0.0.1, host: localhost, ports: [REPLICATION=34439, RATIS=34811, RATIS_ADMIN=34811, RATIS_SERVER=34811, RATIS_DATASTREAM=43401, STANDALONE=34909], networkLocation: /default-rack, certSerialId: null, persistedOpState: IN_SERVICE, persistedOpStateExpiryEpochSec: 0}, ReplicationConfig: RATIS/ONE, State:ALLOCATED, leaderId:c401f17a-f2cf-465b-91c0-943e82b6f11f, CreationTimestamp2022-12-22T10:14:00.893Z[Etc/UTC]] moved to OPEN state
2022-12-22 10:14:03,891 [EventQueue-CommandQueueReportForCommandQueueReportHandler] WARN  events.EventQueue (EventQueue.java:fireEvent(216)) - No event handler registered for event TypedEvent{payloadType=DatanodeDetails, name='Datanode_Command_Queue_Updated'}
2022-12-22 10:14:03,892 [pool-150-thread-1] INFO  server.RaftServerConfigKeys (ConfUtils.java:logGet(46)) - raft.server.log.purge.preservation.log.num = 0 (default)
2022-12-22 10:14:03,893 [pool-150-thread-1] INFO  server.RaftServerConfigKeys (ConfUtils.java:logGet(46)) - raft.server.log.segment.size.max = 1048576 (custom)
2022-12-22 10:14:03,893 [pool-150-thread-1] INFO  server.RaftServerConfigKeys (ConfUtils.java:logGet(46)) - raft.server.log.segment.cache.num.max = 2 (custom)
2022-12-22 10:14:03,894 [pool-150-thread-1] INFO  server.RaftServerConfigKeys (ConfUtils.java:logGet(46)) - raft.server.log.segment.cache.size.max = 200MB (=209715200) (default)
2022-12-22 10:14:03,894 [pool-150-thread-1] INFO  segmented.SegmentedRaftLogWorker (SegmentedRaftLogWorker.java:<init>(189)) - new c401f17a-f2cf-465b-91c0-943e82b6f11f@group-113B51A5152A-SegmentedRaftLogWorker for RaftStorageImpl:Storage Directory /home/runner/work/ozone/ozone/hadoop-ozone/integration-test/target/test-dir/MiniOzoneClusterImpl-25092133-3ddf-4dd3-9c34-1a0a2119317e/datanode-1/data/ratis/9529daf3-e263-405b-a763-113b51a5152a
2022-12-22 10:14:03,894 [pool-150-thread-1] INFO  server.RaftServerConfigKeys (ConfUtils.java:logGet(46)) - raft.server.log.queue.byte-limit = 4294967296 (custom)
2022-12-22 10:14:03,894 [pool-150-thread-1] INFO  server.RaftServerConfigKeys (ConfUtils.java:logGet(46)) - raft.server.log.queue.element-limit = 1024 (custom)
2022-12-22 10:14:03,894 [pool-150-thread-1] INFO  server.RaftServerConfigKeys (ConfUtils.java:logGet(46)) - raft.server.log.segment.size.max = 1048576 (custom)
2022-12-22 10:14:03,894 [pool-150-thread-1] INFO  server.RaftServerConfigKeys (ConfUtils.java:logGet(46)) - raft.server.log.preallocated.size = 16384 (custom)
2022-12-22 10:14:03,894 [pool-150-thread-1] INFO  server.RaftServerConfigKeys (ConfUtils.java:logGet(46)) - raft.server.log.force.sync.num = 128 (default)
2022-12-22 10:14:03,894 [pool-150-thread-1] INFO  server.RaftServerConfigKeys (ConfUtils.java:logGet(46)) - raft.server.log.statemachine.data.sync = true (default)
2022-12-22 10:14:03,894 [pool-150-thread-1] INFO  server.RaftServerConfigKeys (ConfUtils.java:logGet(46)) - raft.server.log.statemachine.data.sync.timeout = 10s (default)
2022-12-22 10:14:03,894 [pool-150-thread-1] INFO  server.RaftServerConfigKeys (ConfUtils.java:logGet(46)) - raft.server.log.statemachine.data.sync.timeout.retry = -1 (default)
2022-12-22 10:14:03,895 [pool-150-thread-1] INFO  server.RaftServerConfigKeys (ConfUtils.java:logGet(46)) - raft.server.log.write.buffer.size = 1048576 (custom)
2022-12-22 10:14:03,896 [c0744bfc-8c9a-4b67-b2fe-e4eb0bfece68@group-1A0A2119317E-StateMachineUpdater] INFO  safemode.HealthyPipelineSafeModeRule (HealthyPipelineSafeModeRule.java:initializeRule(165)) - Refreshed total pipeline count is 0, healthy pipeline threshold count is 1
2022-12-22 10:14:03,896 [EventQueue-OpenPipelineForHealthyPipelineSafeModeRule] INFO  safemode.SCMSafeModeManager (HealthyPipelineSafeModeRule.java:process(137)) - SCM in safe mode. Healthy pipelines reported count is 0, required healthy pipeline reported count is 1
2022-12-22 10:14:03,897 [pool-150-thread-1] INFO  server.RaftServerConfigKeys (ConfUtils.java:logGet(46)) - raft.server.log.appender.buffer.byte-limit = 33554432 (custom)
2022-12-22 10:14:03,901 [pool-150-thread-1] INFO  server.RaftServerConfigKeys (ConfUtils.java:logGet(46)) - raft.server.log.unsafe-flush.enabled = false (default)
2022-12-22 10:14:03,902 [pool-150-thread-1] INFO  server.RaftServerConfigKeys (ConfUtils.java:logGet(46)) - raft.server.log.async-flush.enabled = false (default)
2022-12-22 10:14:03,902 [pool-150-thread-1] INFO  server.RaftServerConfigKeys (ConfUtils.java:logGet(46)) - raft.server.log.statemachine.data.caching.enabled = true (custom)
2022-12-22 10:14:03,902 [pool-150-thread-1] INFO  segmented.SegmentedRaftLogWorker (SegmentedRaftLogWorker.java:lambda$new$0(135)) - c401f17a-f2cf-465b-91c0-943e82b6f11f@group-113B51A5152A-SegmentedRaftLogWorker: flushIndex: setUnconditionally 0 -> -1
2022-12-22 10:14:03,902 [pool-150-thread-1] INFO  segmented.SegmentedRaftLogWorker (SegmentedRaftLogWorker.java:lambda$new$0(135)) - c401f17a-f2cf-465b-91c0-943e82b6f11f@group-113B51A5152A-SegmentedRaftLogWorker: safeCacheEvictIndex: setUnconditionally 0 -> -1
2022-12-22 10:14:03,902 [pool-150-thread-1] INFO  server.RaftServer$Division (RaftServerImpl.java:start(334)) - c401f17a-f2cf-465b-91c0-943e82b6f11f@group-113B51A5152A: start as a follower, conf=-1: peers:[c401f17a-f2cf-465b-91c0-943e82b6f11f|rpc:127.0.0.1:34811|dataStream:127.0.0.1:43401|priority:1|startupRole:FOLLOWER]|listeners:[], old=null
2022-12-22 10:14:03,902 [pool-150-thread-1] INFO  server.RaftServer$Division (RaftServerImpl.java:setRole(321)) - c401f17a-f2cf-465b-91c0-943e82b6f11f@group-113B51A5152A: changes role from      null to FOLLOWER at term 0 for startAsFollower
2022-12-22 10:14:03,902 [pool-150-thread-1] INFO  impl.RoleInfo (RoleInfo.java:updateAndGet(139)) - c401f17a-f2cf-465b-91c0-943e82b6f11f: start c401f17a-f2cf-465b-91c0-943e82b6f11f@group-113B51A5152A-FollowerState
2022-12-22 10:14:03,902 [pool-150-thread-1] INFO  util.JmxRegister (JmxRegister.java:tryRegister(44)) - Successfully registered JMX Bean with object name Ratis:service=RaftServer,group=group-113B51A5152A,id=c401f17a-f2cf-465b-91c0-943e82b6f11f
2022-12-22 10:14:03,902 [c401f17a-f2cf-465b-91c0-943e82b6f11f@group-113B51A5152A-FollowerState] INFO  server.RaftServerConfigKeys (ConfUtils.java:logFallback(53)) - raft.server.rpc.first-election.timeout.min = 5s (fallback to raft.server.rpc.timeout.min)
2022-12-22 10:14:03,902 [pool-150-thread-1] INFO  server.RaftServerConfigKeys (ConfUtils.java:logGet(46)) - raft.server.snapshot.auto.trigger.enabled = true (custom)
2022-12-22 10:14:03,902 [pool-150-thread-1] INFO  server.RaftServerConfigKeys (ConfUtils.java:logGet(46)) - raft.server.snapshot.auto.trigger.threshold = 10000 (custom)
2022-12-22 10:14:03,903 [pool-150-thread-1] INFO  server.RaftServerConfigKeys (ConfUtils.java:logGet(46)) - raft.server.snapshot.retention.file.num = 5 (custom)
2022-12-22 10:14:03,903 [pool-150-thread-1] INFO  server.RaftServerConfigKeys (ConfUtils.java:logGet(46)) - raft.server.log.purge.upto.snapshot.index = false (default)
2022-12-22 10:14:03,903 [Command processor thread] INFO  ratis.XceiverServerRatis (XceiverServerRatis.java:addGroup(806)) - Created group PipelineID=9529daf3-e263-405b-a763-113b51a5152a
2022-12-22 10:14:03,903 [Command processor thread] INFO  commandhandler.CreatePipelineCommandHandler (CreatePipelineCommandHandler.java:handle(113)) - Created Pipeline RATIS ONE PipelineID=9529daf3-e263-405b-a763-113b51a5152a.
2022-12-22 10:14:03,906 [c401f17a-f2cf-465b-91c0-943e82b6f11f@group-113B51A5152A-FollowerState] INFO  server.RaftServerConfigKeys (ConfUtils.java:logFallback(53)) - raft.server.rpc.first-election.timeout.max = 5200ms (fallback to raft.server.rpc.timeout.max)
2022-12-22 10:14:04,222 [Command processor thread] INFO  server.RaftServer (RaftServerProxy.java:addNew(96)) - 9d8e2230-e250-45fc-b4c7-3e2f1170721a: addNew group-351C805F3FD3:[9d8e2230-e250-45fc-b4c7-3e2f1170721a|rpc:127.0.0.1:46029|dataStream:127.0.0.1:40427|priority:1|startupRole:FOLLOWER] returns group-351C805F3FD3:java.util.concurrent.CompletableFuture@63fcd770[Not completed]
2022-12-22 10:14:04,222 [pool-173-thread-1] INFO  server.RaftServer$Division (RaftServerImpl.java:<init>(195)) - 9d8e2230-e250-45fc-b4c7-3e2f1170721a: new RaftServerImpl for group-351C805F3FD3:[9d8e2230-e250-45fc-b4c7-3e2f1170721a|rpc:127.0.0.1:46029|dataStream:127.0.0.1:40427|priority:1|startupRole:FOLLOWER] with ContainerStateMachine:uninitialized
2022-12-22 10:14:04,223 [pool-173-thread-1] INFO  server.RaftServerConfigKeys (ConfUtils.java:logGet(46)) - raft.server.rpc.timeout.min = 5s (custom)
2022-12-22 10:14:04,223 [pool-173-thread-1] INFO  server.RaftServerConfigKeys (ConfUtils.java:logGet(46)) - raft.server.rpc.timeout.max = 5200ms (custom)
2022-12-22 10:14:04,223 [pool-173-thread-1] INFO  server.RaftServerConfigKeys (ConfUtils.java:logGet(46)) - raft.server.rpc.sleep.time = 25ms (default)
2022-12-22 10:14:04,223 [pool-173-thread-1] INFO  server.RaftServerConfigKeys (ConfUtils.java:logGet(46)) - raft.server.rpc.slowness.timeout = 300s (custom)
2022-12-22 10:14:04,223 [pool-173-thread-1] INFO  server.RaftServerConfigKeys (ConfUtils.java:logGet(46)) - raft.server.leaderelection.leader.step-down.wait-time = 10s (default)
2022-12-22 10:14:04,223 [pool-173-thread-1] INFO  server.RaftServerConfigKeys (ConfUtils.java:logGet(46)) - raft.server.sleep.deviation.threshold = 300ms (default)
2022-12-22 10:14:04,223 [pool-173-thread-1] INFO  server.RaftServer$Division (ServerState.java:<init>(118)) - 9d8e2230-e250-45fc-b4c7-3e2f1170721a@group-351C805F3FD3: ConfigurationManager, init=-1: peers:[9d8e2230-e250-45fc-b4c7-3e2f1170721a|rpc:127.0.0.1:46029|dataStream:127.0.0.1:40427|priority:1|startupRole:FOLLOWER]|listeners:[], old=null, confs=<EMPTY_MAP>
2022-12-22 10:14:04,223 [pool-173-thread-1] INFO  server.RaftServerConfigKeys (ConfUtils.java:logGet(46)) - raft.server.storage.dir = [/home/runner/work/ozone/ozone/hadoop-ozone/integration-test/target/test-dir/MiniOzoneClusterImpl-25092133-3ddf-4dd3-9c34-1a0a2119317e/datanode-2/data/ratis] (custom)
2022-12-22 10:14:04,223 [pool-173-thread-1] INFO  server.RaftServerConfigKeys (ConfUtils.java:logGet(46)) - raft.server.log.corruption.policy = EXCEPTION (default)
2022-12-22 10:14:04,223 [pool-173-thread-1] INFO  server.RaftServerConfigKeys (ConfUtils.java:logGet(46)) - raft.server.storage.free-space.min = 0MB (=0) (default)
2022-12-22 10:14:04,223 [pool-173-thread-1] INFO  server.RaftServerConfigKeys (ConfUtils.java:logGet(46)) - raft.server.notification.no-leader.timeout = 300s (custom)
2022-12-22 10:14:04,223 [pool-173-thread-1] INFO  server.RaftServerConfigKeys (ConfUtils.java:logGet(46)) - raft.server.retrycache.expirytime = 600000ms (custom)
2022-12-22 10:14:04,223 [pool-173-thread-1] INFO  server.RaftServerConfigKeys (ConfUtils.java:logGet(46)) - raft.server.retrycache.statistics.expirytime = 100μs (default)
2022-12-22 10:14:04,224 [pool-173-thread-1] INFO  server.RaftServerConfigKeys (ConfUtils.java:logGet(46)) - raft.server.log.appender.install.snapshot.enabled = false (custom)
2022-12-22 10:14:04,224 [pool-173-thread-1] INFO  server.RaftServerConfigKeys (ConfUtils.java:logGet(46)) - raft.server.threadpool.server.cached = true (default)
2022-12-22 10:14:04,224 [pool-173-thread-1] INFO  server.RaftServerConfigKeys (ConfUtils.java:logGet(46)) - raft.server.threadpool.server.size = 0 (default)
2022-12-22 10:14:04,224 [pool-173-thread-1] INFO  server.RaftServerConfigKeys (ConfUtils.java:logGet(46)) - raft.server.threadpool.client.cached = true (default)
2022-12-22 10:14:04,224 [pool-173-thread-1] INFO  server.RaftServerConfigKeys (ConfUtils.java:logGet(46)) - raft.server.threadpool.client.size = 0 (default)
2022-12-22 10:14:04,224 [pool-173-thread-1] INFO  storage.RaftStorageDirectory (RaftStorageDirectoryImpl.java:analyzeStorage(137)) - The storage directory /home/runner/work/ozone/ozone/hadoop-ozone/integration-test/target/test-dir/MiniOzoneClusterImpl-25092133-3ddf-4dd3-9c34-1a0a2119317e/datanode-2/data/ratis/d1f38191-d1b5-47b1-a059-351c805f3fd3 does not exist. Creating ...
2022-12-22 10:14:04,225 [pool-173-thread-1] INFO  storage.RaftStorageDirectory (RaftStorageDirectoryImpl.java:tryLock(231)) - Lock on /home/runner/work/ozone/ozone/hadoop-ozone/integration-test/target/test-dir/MiniOzoneClusterImpl-25092133-3ddf-4dd3-9c34-1a0a2119317e/datanode-2/data/ratis/d1f38191-d1b5-47b1-a059-351c805f3fd3/in_use.lock acquired by nodename 33150@fv-az345-686
2022-12-22 10:14:04,225 [Listener at 127.0.0.1/46501] INFO  ozone.MiniOzoneClusterImpl (MiniOzoneClusterImpl.java:lambda$waitForClusterToBeReady$0(217)) - Nodes are ready. Got 3 of 3 DN Heartbeats.
2022-12-22 10:14:04,226 [Listener at 127.0.0.1/46501] INFO  ozone.MiniOzoneClusterImpl (MiniOzoneClusterImpl.java:lambda$waitForClusterToBeReady$0(220)) - Waiting for cluster to exit safe mode
2022-12-22 10:14:04,226 [Listener at 127.0.0.1/46501] INFO  ozone.MiniOzoneClusterImpl (MiniOzoneClusterImpl.java:lambda$waitForClusterToBeReady$0(222)) - SCM became leader
2022-12-22 10:14:04,227 [pool-173-thread-1] INFO  storage.RaftStorage (RaftStorageImpl.java:format(96)) - Storage directory /home/runner/work/ozone/ozone/hadoop-ozone/integration-test/target/test-dir/MiniOzoneClusterImpl-25092133-3ddf-4dd3-9c34-1a0a2119317e/datanode-2/data/ratis/d1f38191-d1b5-47b1-a059-351c805f3fd3 has been successfully formatted.
2022-12-22 10:14:04,227 [pool-173-thread-1] INFO  ratis.ContainerStateMachine (ContainerStateMachine.java:loadSnapshot(240)) - group-351C805F3FD3: The snapshot info is null. Setting the last applied indexto:(t:0, i:~)
2022-12-22 10:14:04,227 [pool-173-thread-1] INFO  server.RaftServerConfigKeys (ConfUtils.java:logGet(46)) - raft.server.log.use.memory = false (default)
2022-12-22 10:14:04,227 [pool-173-thread-1] INFO  server.RaftServerConfigKeys (ConfUtils.java:logGet(46)) - raft.server.log.purge.gap = 1000000 (custom)
2022-12-22 10:14:04,227 [pool-173-thread-1] INFO  server.RaftServerConfigKeys (ConfUtils.java:logGet(46)) - raft.server.log.appender.buffer.byte-limit = 33554432 (custom)
2022-12-22 10:14:04,227 [pool-173-thread-1] INFO  server.RaftServerConfigKeys (ConfUtils.java:logGet(46)) - raft.server.log.statemachine.data.read.timeout = 1000ms (default)
2022-12-22 10:14:04,227 [pool-173-thread-1] INFO  server.RaftServerConfigKeys (ConfUtils.java:logGet(46)) - raft.server.log.purge.preservation.log.num = 0 (default)
2022-12-22 10:14:04,227 [pool-173-thread-1] INFO  server.RaftServerConfigKeys (ConfUtils.java:logGet(46)) - raft.server.log.segment.size.max = 1048576 (custom)
2022-12-22 10:14:04,228 [pool-173-thread-1] INFO  server.RaftServerConfigKeys (ConfUtils.java:logGet(46)) - raft.server.log.segment.cache.num.max = 2 (custom)
2022-12-22 10:14:04,228 [pool-173-thread-1] INFO  server.RaftServerConfigKeys (ConfUtils.java:logGet(46)) - raft.server.log.segment.cache.size.max = 200MB (=209715200) (default)
2022-12-22 10:14:04,228 [pool-173-thread-1] INFO  segmented.SegmentedRaftLogWorker (SegmentedRaftLogWorker.java:<init>(189)) - new 9d8e2230-e250-45fc-b4c7-3e2f1170721a@group-351C805F3FD3-SegmentedRaftLogWorker for RaftStorageImpl:Storage Directory /home/runner/work/ozone/ozone/hadoop-ozone/integration-test/target/test-dir/MiniOzoneClusterImpl-25092133-3ddf-4dd3-9c34-1a0a2119317e/datanode-2/data/ratis/d1f38191-d1b5-47b1-a059-351c805f3fd3
2022-12-22 10:14:04,228 [pool-173-thread-1] INFO  server.RaftServerConfigKeys (ConfUtils.java:logGet(46)) - raft.server.log.queue.byte-limit = 4294967296 (custom)
2022-12-22 10:14:04,228 [pool-173-thread-1] INFO  server.RaftServerConfigKeys (ConfUtils.java:logGet(46)) - raft.server.log.queue.element-limit = 1024 (custom)
2022-12-22 10:14:04,228 [pool-173-thread-1] INFO  server.RaftServerConfigKeys (ConfUtils.java:logGet(46)) - raft.server.log.segment.size.max = 1048576 (custom)
2022-12-22 10:14:04,228 [pool-173-thread-1] INFO  server.RaftServerConfigKeys (ConfUtils.java:logGet(46)) - raft.server.log.preallocated.size = 16384 (custom)
2022-12-22 10:14:04,228 [pool-173-thread-1] INFO  server.RaftServerConfigKeys (ConfUtils.java:logGet(46)) - raft.server.log.force.sync.num = 128 (default)
2022-12-22 10:14:04,229 [pool-173-thread-1] INFO  server.RaftServerConfigKeys (ConfUtils.java:logGet(46)) - raft.server.log.statemachine.data.sync = true (default)
2022-12-22 10:14:04,229 [pool-173-thread-1] INFO  server.RaftServerConfigKeys (ConfUtils.java:logGet(46)) - raft.server.log.statemachine.data.sync.timeout = 10s (default)
2022-12-22 10:14:04,229 [pool-173-thread-1] INFO  server.RaftServerConfigKeys (ConfUtils.java:logGet(46)) - raft.server.log.statemachine.data.sync.timeout.retry = -1 (default)
2022-12-22 10:14:04,230 [EventQueue-CommandQueueReportForCommandQueueReportHandler] WARN  events.EventQueue (EventQueue.java:fireEvent(216)) - No event handler registered for event TypedEvent{payloadType=DatanodeDetails, name='Datanode_Command_Queue_Updated'}
2022-12-22 10:14:04,230 [pool-173-thread-1] INFO  server.RaftServerConfigKeys (ConfUtils.java:logGet(46)) - raft.server.log.write.buffer.size = 1048576 (custom)
2022-12-22 10:14:04,230 [EventQueue-PipelineReportForPipelineReportHandler] INFO  pipeline.PipelineManagerImpl (PipelineManagerImpl.java:openPipeline(367)) - Pipeline Pipeline[ Id: d1f38191-d1b5-47b1-a059-351c805f3fd3, Nodes: 9d8e2230-e250-45fc-b4c7-3e2f1170721a{ip: 127.0.0.1, host: localhost, ports: [REPLICATION=45663, RATIS=46029, RATIS_ADMIN=46029, RATIS_SERVER=46029, RATIS_DATASTREAM=40427, STANDALONE=44465], networkLocation: /default-rack, certSerialId: null, persistedOpState: IN_SERVICE, persistedOpStateExpiryEpochSec: 0}, ReplicationConfig: RATIS/ONE, State:ALLOCATED, leaderId:9d8e2230-e250-45fc-b4c7-3e2f1170721a, CreationTimestamp2022-12-22T10:14:01.226Z[Etc/UTC]] moved to OPEN state
2022-12-22 10:14:04,231 [pool-173-thread-1] INFO  server.RaftServerConfigKeys (ConfUtils.java:logGet(46)) - raft.server.log.appender.buffer.byte-limit = 33554432 (custom)
2022-12-22 10:14:04,233 [c0744bfc-8c9a-4b67-b2fe-e4eb0bfece68@group-1A0A2119317E-StateMachineUpdater] INFO  safemode.HealthyPipelineSafeModeRule (HealthyPipelineSafeModeRule.java:initializeRule(165)) - Refreshed total pipeline count is 0, healthy pipeline threshold count is 1
2022-12-22 10:14:04,236 [EventQueue-OpenPipelineForHealthyPipelineSafeModeRule] INFO  safemode.SCMSafeModeManager (HealthyPipelineSafeModeRule.java:process(137)) - SCM in safe mode. Healthy pipelines reported count is 0, required healthy pipeline reported count is 1
2022-12-22 10:14:04,236 [pool-173-thread-1] INFO  server.RaftServerConfigKeys (ConfUtils.java:logGet(46)) - raft.server.log.unsafe-flush.enabled = false (default)
2022-12-22 10:14:04,239 [pool-173-thread-1] INFO  server.RaftServerConfigKeys (ConfUtils.java:logGet(46)) - raft.server.log.async-flush.enabled = false (default)
2022-12-22 10:14:04,239 [pool-173-thread-1] INFO  server.RaftServerConfigKeys (ConfUtils.java:logGet(46)) - raft.server.log.statemachine.data.caching.enabled = true (custom)
2022-12-22 10:14:04,240 [pool-173-thread-1] INFO  segmented.SegmentedRaftLogWorker (SegmentedRaftLogWorker.java:lambda$new$0(135)) - 9d8e2230-e250-45fc-b4c7-3e2f1170721a@group-351C805F3FD3-SegmentedRaftLogWorker: flushIndex: setUnconditionally 0 -> -1
2022-12-22 10:14:04,240 [pool-173-thread-1] INFO  segmented.SegmentedRaftLogWorker (SegmentedRaftLogWorker.java:lambda$new$0(135)) - 9d8e2230-e250-45fc-b4c7-3e2f1170721a@group-351C805F3FD3-SegmentedRaftLogWorker: safeCacheEvictIndex: setUnconditionally 0 -> -1
2022-12-22 10:14:04,244 [pool-173-thread-1] INFO  server.RaftServer$Division (RaftServerImpl.java:start(334)) - 9d8e2230-e250-45fc-b4c7-3e2f1170721a@group-351C805F3FD3: start as a follower, conf=-1: peers:[9d8e2230-e250-45fc-b4c7-3e2f1170721a|rpc:127.0.0.1:46029|dataStream:127.0.0.1:40427|priority:1|startupRole:FOLLOWER]|listeners:[], old=null
2022-12-22 10:14:04,244 [pool-173-thread-1] INFO  server.RaftServer$Division (RaftServerImpl.java:setRole(321)) - 9d8e2230-e250-45fc-b4c7-3e2f1170721a@group-351C805F3FD3: changes role from      null to FOLLOWER at term 0 for startAsFollower
2022-12-22 10:14:04,244 [pool-173-thread-1] INFO  impl.RoleInfo (RoleInfo.java:updateAndGet(139)) - 9d8e2230-e250-45fc-b4c7-3e2f1170721a: start 9d8e2230-e250-45fc-b4c7-3e2f1170721a@group-351C805F3FD3-FollowerState
2022-12-22 10:14:04,244 [pool-173-thread-1] INFO  util.JmxRegister (JmxRegister.java:tryRegister(44)) - Successfully registered JMX Bean with object name Ratis:service=RaftServer,group=group-351C805F3FD3,id=9d8e2230-e250-45fc-b4c7-3e2f1170721a
2022-12-22 10:14:04,244 [9d8e2230-e250-45fc-b4c7-3e2f1170721a@group-351C805F3FD3-FollowerState] INFO  server.RaftServerConfigKeys (ConfUtils.java:logFallback(53)) - raft.server.rpc.first-election.timeout.min = 5s (fallback to raft.server.rpc.timeout.min)
2022-12-22 10:14:04,244 [pool-173-thread-1] INFO  server.RaftServerConfigKeys (ConfUtils.java:logGet(46)) - raft.server.snapshot.auto.trigger.enabled = true (custom)
2022-12-22 10:14:04,244 [9d8e2230-e250-45fc-b4c7-3e2f1170721a@group-351C805F3FD3-FollowerState] INFO  server.RaftServerConfigKeys (ConfUtils.java:logFallback(53)) - raft.server.rpc.first-election.timeout.max = 5200ms (fallback to raft.server.rpc.timeout.max)
2022-12-22 10:14:04,244 [pool-173-thread-1] INFO  server.RaftServerConfigKeys (ConfUtils.java:logGet(46)) - raft.server.snapshot.auto.trigger.threshold = 10000 (custom)
2022-12-22 10:14:04,244 [pool-173-thread-1] INFO  server.RaftServerConfigKeys (ConfUtils.java:logGet(46)) - raft.server.snapshot.retention.file.num = 5 (custom)
2022-12-22 10:14:04,244 [pool-173-thread-1] INFO  server.RaftServerConfigKeys (ConfUtils.java:logGet(46)) - raft.server.log.purge.upto.snapshot.index = false (default)
2022-12-22 10:14:04,245 [Command processor thread] INFO  ratis.XceiverServerRatis (XceiverServerRatis.java:addGroup(806)) - Created group PipelineID=d1f38191-d1b5-47b1-a059-351c805f3fd3
2022-12-22 10:14:04,245 [Command processor thread] INFO  commandhandler.CreatePipelineCommandHandler (CreatePipelineCommandHandler.java:handle(113)) - Created Pipeline RATIS ONE PipelineID=d1f38191-d1b5-47b1-a059-351c805f3fd3.
2022-12-22 10:14:04,710 [EventQueue-CommandQueueReportForCommandQueueReportHandler] WARN  events.EventQueue (EventQueue.java:fireEvent(216)) - No event handler registered for event TypedEvent{payloadType=DatanodeDetails, name='Datanode_Command_Queue_Updated'}
2022-12-22 10:14:04,892 [EventQueue-CommandQueueReportForCommandQueueReportHandler] WARN  events.EventQueue (EventQueue.java:fireEvent(216)) - No event handler registered for event TypedEvent{payloadType=DatanodeDetails, name='Datanode_Command_Queue_Updated'}
2022-12-22 10:14:05,226 [Listener at 127.0.0.1/46501] INFO  ozone.MiniOzoneClusterImpl (MiniOzoneClusterImpl.java:lambda$waitForClusterToBeReady$0(217)) - Nodes are ready. Got 3 of 3 DN Heartbeats.
2022-12-22 10:14:05,226 [Listener at 127.0.0.1/46501] INFO  ozone.MiniOzoneClusterImpl (MiniOzoneClusterImpl.java:lambda$waitForClusterToBeReady$0(220)) - Waiting for cluster to exit safe mode
2022-12-22 10:14:05,226 [Listener at 127.0.0.1/46501] INFO  ozone.MiniOzoneClusterImpl (MiniOzoneClusterImpl.java:lambda$waitForClusterToBeReady$0(222)) - SCM became leader
2022-12-22 10:14:05,229 [EventQueue-CommandQueueReportForCommandQueueReportHandler] WARN  events.EventQueue (EventQueue.java:fireEvent(216)) - No event handler registered for event TypedEvent{payloadType=DatanodeDetails, name='Datanode_Command_Queue_Updated'}
2022-12-22 10:14:05,710 [EventQueue-CommandQueueReportForCommandQueueReportHandler] WARN  events.EventQueue (EventQueue.java:fireEvent(216)) - No event handler registered for event TypedEvent{payloadType=DatanodeDetails, name='Datanode_Command_Queue_Updated'}
2022-12-22 10:14:05,892 [EventQueue-CommandQueueReportForCommandQueueReportHandler] WARN  events.EventQueue (EventQueue.java:fireEvent(216)) - No event handler registered for event TypedEvent{payloadType=DatanodeDetails, name='Datanode_Command_Queue_Updated'}
2022-12-22 10:14:06,226 [Listener at 127.0.0.1/46501] INFO  ozone.MiniOzoneClusterImpl (MiniOzoneClusterImpl.java:lambda$waitForClusterToBeReady$0(217)) - Nodes are ready. Got 3 of 3 DN Heartbeats.
2022-12-22 10:14:06,227 [Listener at 127.0.0.1/46501] INFO  ozone.MiniOzoneClusterImpl (MiniOzoneClusterImpl.java:lambda$waitForClusterToBeReady$0(220)) - Waiting for cluster to exit safe mode
2022-12-22 10:14:06,227 [Listener at 127.0.0.1/46501] INFO  ozone.MiniOzoneClusterImpl (MiniOzoneClusterImpl.java:lambda$waitForClusterToBeReady$0(222)) - SCM became leader
2022-12-22 10:14:06,229 [EventQueue-CommandQueueReportForCommandQueueReportHandler] WARN  events.EventQueue (EventQueue.java:fireEvent(216)) - No event handler registered for event TypedEvent{payloadType=DatanodeDetails, name='Datanode_Command_Queue_Updated'}
2022-12-22 10:14:06,726 [EventQueue-CommandQueueReportForCommandQueueReportHandler] WARN  events.EventQueue (EventQueue.java:fireEvent(216)) - No event handler registered for event TypedEvent{payloadType=DatanodeDetails, name='Datanode_Command_Queue_Updated'}
2022-12-22 10:14:06,892 [EventQueue-CommandQueueReportForCommandQueueReportHandler] WARN  events.EventQueue (EventQueue.java:fireEvent(216)) - No event handler registered for event TypedEvent{payloadType=DatanodeDetails, name='Datanode_Command_Queue_Updated'}
2022-12-22 10:14:07,227 [Listener at 127.0.0.1/46501] INFO  ozone.MiniOzoneClusterImpl (MiniOzoneClusterImpl.java:lambda$waitForClusterToBeReady$0(217)) - Nodes are ready. Got 3 of 3 DN Heartbeats.
2022-12-22 10:14:07,227 [Listener at 127.0.0.1/46501] INFO  ozone.MiniOzoneClusterImpl (MiniOzoneClusterImpl.java:lambda$waitForClusterToBeReady$0(220)) - Waiting for cluster to exit safe mode
2022-12-22 10:14:07,227 [Listener at 127.0.0.1/46501] INFO  ozone.MiniOzoneClusterImpl (MiniOzoneClusterImpl.java:lambda$waitForClusterToBeReady$0(222)) - SCM became leader
2022-12-22 10:14:07,229 [EventQueue-CommandQueueReportForCommandQueueReportHandler] WARN  events.EventQueue (EventQueue.java:fireEvent(216)) - No event handler registered for event TypedEvent{payloadType=DatanodeDetails, name='Datanode_Command_Queue_Updated'}
2022-12-22 10:14:07,718 [EventQueue-CommandQueueReportForCommandQueueReportHandler] WARN  events.EventQueue (EventQueue.java:fireEvent(216)) - No event handler registered for event TypedEvent{payloadType=DatanodeDetails, name='Datanode_Command_Queue_Updated'}
2022-12-22 10:14:07,892 [EventQueue-CommandQueueReportForCommandQueueReportHandler] WARN  events.EventQueue (EventQueue.java:fireEvent(216)) - No event handler registered for event TypedEvent{payloadType=DatanodeDetails, name='Datanode_Command_Queue_Updated'}
2022-12-22 10:14:08,228 [Listener at 127.0.0.1/46501] INFO  ozone.MiniOzoneClusterImpl (MiniOzoneClusterImpl.java:lambda$waitForClusterToBeReady$0(217)) - Nodes are ready. Got 3 of 3 DN Heartbeats.
2022-12-22 10:14:08,228 [Listener at 127.0.0.1/46501] INFO  ozone.MiniOzoneClusterImpl (MiniOzoneClusterImpl.java:lambda$waitForClusterToBeReady$0(220)) - Waiting for cluster to exit safe mode
2022-12-22 10:14:08,228 [Listener at 127.0.0.1/46501] INFO  ozone.MiniOzoneClusterImpl (MiniOzoneClusterImpl.java:lambda$waitForClusterToBeReady$0(222)) - SCM became leader
2022-12-22 10:14:08,234 [EventQueue-CommandQueueReportForCommandQueueReportHandler] WARN  events.EventQueue (EventQueue.java:fireEvent(216)) - No event handler registered for event TypedEvent{payloadType=DatanodeDetails, name='Datanode_Command_Queue_Updated'}
2022-12-22 10:14:08,523 [291a3527-ed17-4a3a-8624-24363fd411c3@group-7914C14C0878-FollowerState] INFO  impl.FollowerState (FollowerState.java:run(143)) - 291a3527-ed17-4a3a-8624-24363fd411c3@group-7914C14C0878-FollowerState: change to CANDIDATE, lastRpcElapsedTime:5038743594ns, electionTimeout:5024ms
2022-12-22 10:14:08,524 [291a3527-ed17-4a3a-8624-24363fd411c3@group-7914C14C0878-FollowerState] INFO  impl.RoleInfo (RoleInfo.java:shutdownFollowerState(110)) - 291a3527-ed17-4a3a-8624-24363fd411c3: shutdown 291a3527-ed17-4a3a-8624-24363fd411c3@group-7914C14C0878-FollowerState
2022-12-22 10:14:08,524 [291a3527-ed17-4a3a-8624-24363fd411c3@group-7914C14C0878-FollowerState] INFO  server.RaftServer$Division (RaftServerImpl.java:setRole(321)) - 291a3527-ed17-4a3a-8624-24363fd411c3@group-7914C14C0878: changes role from  FOLLOWER to CANDIDATE at term 0 for changeToCandidate
2022-12-22 10:14:08,524 [291a3527-ed17-4a3a-8624-24363fd411c3@group-7914C14C0878-FollowerState] INFO  server.RaftServerConfigKeys (ConfUtils.java:logGet(46)) - raft.server.leaderelection.pre-vote = false (custom)
2022-12-22 10:14:08,524 [291a3527-ed17-4a3a-8624-24363fd411c3@group-7914C14C0878-FollowerState] INFO  impl.RoleInfo (RoleInfo.java:updateAndGet(139)) - 291a3527-ed17-4a3a-8624-24363fd411c3: start 291a3527-ed17-4a3a-8624-24363fd411c3@group-7914C14C0878-LeaderElection4
2022-12-22 10:14:08,527 [291a3527-ed17-4a3a-8624-24363fd411c3@group-7914C14C0878-LeaderElection4] INFO  impl.LeaderElection (LeaderElection.java:askForVotes(312)) - 291a3527-ed17-4a3a-8624-24363fd411c3@group-7914C14C0878-LeaderElection4 ELECTION round 0: submit vote requests at term 1 for -1: peers:[9d8e2230-e250-45fc-b4c7-3e2f1170721a|rpc:127.0.0.1:46029|dataStream:127.0.0.1:40427|priority:1|startupRole:FOLLOWER, c401f17a-f2cf-465b-91c0-943e82b6f11f|rpc:127.0.0.1:34811|dataStream:127.0.0.1:43401|priority:0|startupRole:FOLLOWER, 291a3527-ed17-4a3a-8624-24363fd411c3|rpc:127.0.0.1:44335|dataStream:127.0.0.1:39683|priority:0|startupRole:FOLLOWER]|listeners:[], old=null
2022-12-22 10:14:08,528 [291a3527-ed17-4a3a-8624-24363fd411c3@group-7914C14C0878-LeaderElection4-1] INFO  server.GrpcServerProtocolClient (GrpcServerProtocolClient.java:<init>(63)) - Build channel for 9d8e2230-e250-45fc-b4c7-3e2f1170721a
2022-12-22 10:14:08,532 [291a3527-ed17-4a3a-8624-24363fd411c3@group-7914C14C0878-LeaderElection4] INFO  server.RaftServerConfigKeys (ConfUtils.java:logFallback(53)) - raft.server.rpc.first-election.timeout.min = 5s (fallback to raft.server.rpc.timeout.min)
2022-12-22 10:14:08,537 [291a3527-ed17-4a3a-8624-24363fd411c3@group-7914C14C0878-LeaderElection4] INFO  server.RaftServerConfigKeys (ConfUtils.java:logFallback(53)) - raft.server.rpc.first-election.timeout.max = 5200ms (fallback to raft.server.rpc.timeout.max)
2022-12-22 10:14:08,537 [291a3527-ed17-4a3a-8624-24363fd411c3@group-7914C14C0878-LeaderElection4-2] INFO  server.GrpcServerProtocolClient (GrpcServerProtocolClient.java:<init>(63)) - Build channel for c401f17a-f2cf-465b-91c0-943e82b6f11f
2022-12-22 10:14:08,542 [grpc-default-executor-0] INFO  server.RaftServer$Division (RaftServerImpl.java:requestVote(1218)) - 9d8e2230-e250-45fc-b4c7-3e2f1170721a@group-7914C14C0878: receive requestVote(ELECTION, 291a3527-ed17-4a3a-8624-24363fd411c3, group-7914C14C0878, 1, (t:0, i:0))
2022-12-22 10:14:08,542 [grpc-default-executor-0] INFO  impl.VoteContext (VoteContext.java:log(49)) - 9d8e2230-e250-45fc-b4c7-3e2f1170721a@group-7914C14C0878-FOLLOWER: reject ELECTION from 291a3527-ed17-4a3a-8624-24363fd411c3: our priority 1 > candidate's priority 0
2022-12-22 10:14:08,543 [grpc-default-executor-0] INFO  server.RaftServer$Division (RaftServerImpl.java:setRole(321)) - 9d8e2230-e250-45fc-b4c7-3e2f1170721a@group-7914C14C0878: changes role from  FOLLOWER to FOLLOWER at term 1 for candidate:291a3527-ed17-4a3a-8624-24363fd411c3
2022-12-22 10:14:08,543 [grpc-default-executor-0] INFO  impl.RoleInfo (RoleInfo.java:shutdownFollowerState(110)) - 9d8e2230-e250-45fc-b4c7-3e2f1170721a: shutdown 9d8e2230-e250-45fc-b4c7-3e2f1170721a@group-7914C14C0878-FollowerState
2022-12-22 10:14:08,543 [grpc-default-executor-0] INFO  impl.RoleInfo (RoleInfo.java:updateAndGet(139)) - 9d8e2230-e250-45fc-b4c7-3e2f1170721a: start 9d8e2230-e250-45fc-b4c7-3e2f1170721a@group-7914C14C0878-FollowerState
2022-12-22 10:14:08,543 [9d8e2230-e250-45fc-b4c7-3e2f1170721a@group-7914C14C0878-FollowerState] INFO  impl.FollowerState (FollowerState.java:run(152)) - 9d8e2230-e250-45fc-b4c7-3e2f1170721a@group-7914C14C0878-FollowerState was interrupted
2022-12-22 10:14:08,545 [9d8e2230-e250-45fc-b4c7-3e2f1170721a@group-7914C14C0878-FollowerState] INFO  server.RaftServerConfigKeys (ConfUtils.java:logFallback(53)) - raft.server.rpc.first-election.timeout.min = 5s (fallback to raft.server.rpc.timeout.min)
2022-12-22 10:14:08,545 [9d8e2230-e250-45fc-b4c7-3e2f1170721a@group-7914C14C0878-FollowerState] INFO  server.RaftServerConfigKeys (ConfUtils.java:logFallback(53)) - raft.server.rpc.first-election.timeout.max = 5200ms (fallback to raft.server.rpc.timeout.max)
2022-12-22 10:14:08,545 [grpc-default-executor-0] INFO  server.RaftServer$Division (RaftServerImpl.java:requestVote(1251)) - 9d8e2230-e250-45fc-b4c7-3e2f1170721a@group-7914C14C0878 replies to ELECTION vote request: 291a3527-ed17-4a3a-8624-24363fd411c3<-9d8e2230-e250-45fc-b4c7-3e2f1170721a#0:FAIL-t1. Peer's state: 9d8e2230-e250-45fc-b4c7-3e2f1170721a@group-7914C14C0878:t1, leader=null, voted=null, raftlog=Memoized:9d8e2230-e250-45fc-b4c7-3e2f1170721a@group-7914C14C0878-SegmentedRaftLog:OPENED:c-1, conf=-1: peers:[9d8e2230-e250-45fc-b4c7-3e2f1170721a|rpc:127.0.0.1:46029|dataStream:127.0.0.1:40427|priority:1|startupRole:FOLLOWER, c401f17a-f2cf-465b-91c0-943e82b6f11f|rpc:127.0.0.1:34811|dataStream:127.0.0.1:43401|priority:0|startupRole:FOLLOWER, 291a3527-ed17-4a3a-8624-24363fd411c3|rpc:127.0.0.1:44335|dataStream:127.0.0.1:39683|priority:0|startupRole:FOLLOWER]|listeners:[], old=null
2022-12-22 10:14:08,547 [291a3527-ed17-4a3a-8624-24363fd411c3@group-7914C14C0878-LeaderElection4] INFO  impl.LeaderElection (LeaderElection.java:logAndReturn(90)) - 291a3527-ed17-4a3a-8624-24363fd411c3@group-7914C14C0878-LeaderElection4: ELECTION REJECTED received 1 response(s) and 0 exception(s):
2022-12-22 10:14:08,547 [291a3527-ed17-4a3a-8624-24363fd411c3@group-7914C14C0878-LeaderElection4] INFO  impl.LeaderElection (LeaderElection.java:logAndReturn(94)) -   Response 0: 291a3527-ed17-4a3a-8624-24363fd411c3<-9d8e2230-e250-45fc-b4c7-3e2f1170721a#0:FAIL-t1
2022-12-22 10:14:08,548 [291a3527-ed17-4a3a-8624-24363fd411c3@group-7914C14C0878-LeaderElection4] INFO  impl.LeaderElection (LeaderElection.java:askForVotes(314)) - 291a3527-ed17-4a3a-8624-24363fd411c3@group-7914C14C0878-LeaderElection4 ELECTION round 0: result REJECTED
2022-12-22 10:14:08,548 [291a3527-ed17-4a3a-8624-24363fd411c3@group-7914C14C0878-LeaderElection4] INFO  server.RaftServer$Division (RaftServerImpl.java:setRole(321)) - 291a3527-ed17-4a3a-8624-24363fd411c3@group-7914C14C0878: changes role from CANDIDATE to FOLLOWER at term 1 for REJECTED
2022-12-22 10:14:08,548 [291a3527-ed17-4a3a-8624-24363fd411c3@group-7914C14C0878-LeaderElection4] INFO  impl.RoleInfo (RoleInfo.java:shutdownLeaderElection(130)) - 291a3527-ed17-4a3a-8624-24363fd411c3: shutdown 291a3527-ed17-4a3a-8624-24363fd411c3@group-7914C14C0878-LeaderElection4
2022-12-22 10:14:08,548 [291a3527-ed17-4a3a-8624-24363fd411c3@group-7914C14C0878-LeaderElection4] INFO  impl.RoleInfo (RoleInfo.java:updateAndGet(139)) - 291a3527-ed17-4a3a-8624-24363fd411c3: start 291a3527-ed17-4a3a-8624-24363fd411c3@group-7914C14C0878-FollowerState
2022-12-22 10:14:08,554 [291a3527-ed17-4a3a-8624-24363fd411c3@group-7914C14C0878-FollowerState] INFO  server.RaftServerConfigKeys (ConfUtils.java:logFallback(53)) - raft.server.rpc.first-election.timeout.min = 5s (fallback to raft.server.rpc.timeout.min)
2022-12-22 10:14:08,555 [291a3527-ed17-4a3a-8624-24363fd411c3@group-7914C14C0878-FollowerState] INFO  server.RaftServerConfigKeys (ConfUtils.java:logFallback(53)) - raft.server.rpc.first-election.timeout.max = 5200ms (fallback to raft.server.rpc.timeout.max)
2022-12-22 10:14:08,557 [291a3527-ed17-4a3a-8624-24363fd411c3@group-54A5CD49ABF0-FollowerState] INFO  impl.FollowerState (FollowerState.java:run(143)) - 291a3527-ed17-4a3a-8624-24363fd411c3@group-54A5CD49ABF0-FollowerState: change to CANDIDATE, lastRpcElapsedTime:5110345520ns, electionTimeout:5103ms
2022-12-22 10:14:08,557 [291a3527-ed17-4a3a-8624-24363fd411c3@group-54A5CD49ABF0-FollowerState] INFO  impl.RoleInfo (RoleInfo.java:shutdownFollowerState(110)) - 291a3527-ed17-4a3a-8624-24363fd411c3: shutdown 291a3527-ed17-4a3a-8624-24363fd411c3@group-54A5CD49ABF0-FollowerState
2022-12-22 10:14:08,557 [291a3527-ed17-4a3a-8624-24363fd411c3@group-54A5CD49ABF0-FollowerState] INFO  server.RaftServer$Division (RaftServerImpl.java:setRole(321)) - 291a3527-ed17-4a3a-8624-24363fd411c3@group-54A5CD49ABF0: changes role from  FOLLOWER to CANDIDATE at term 0 for changeToCandidate
2022-12-22 10:14:08,557 [291a3527-ed17-4a3a-8624-24363fd411c3@group-54A5CD49ABF0-FollowerState] INFO  server.RaftServerConfigKeys (ConfUtils.java:logGet(46)) - raft.server.leaderelection.pre-vote = false (custom)
2022-12-22 10:14:08,557 [291a3527-ed17-4a3a-8624-24363fd411c3@group-54A5CD49ABF0-FollowerState] INFO  impl.RoleInfo (RoleInfo.java:updateAndGet(139)) - 291a3527-ed17-4a3a-8624-24363fd411c3: start 291a3527-ed17-4a3a-8624-24363fd411c3@group-54A5CD49ABF0-LeaderElection5
2022-12-22 10:14:08,564 [grpc-default-executor-0] INFO  server.RaftServer$Division (RaftServerImpl.java:requestVote(1218)) - c401f17a-f2cf-465b-91c0-943e82b6f11f@group-7914C14C0878: receive requestVote(ELECTION, 291a3527-ed17-4a3a-8624-24363fd411c3, group-7914C14C0878, 1, (t:0, i:0))
2022-12-22 10:14:08,564 [grpc-default-executor-0] INFO  impl.VoteContext (VoteContext.java:log(49)) - c401f17a-f2cf-465b-91c0-943e82b6f11f@group-7914C14C0878-FOLLOWER: accept ELECTION from 291a3527-ed17-4a3a-8624-24363fd411c3: our priority 0 <= candidate's priority 0
2022-12-22 10:14:08,564 [grpc-default-executor-0] INFO  server.RaftServer$Division (RaftServerImpl.java:setRole(321)) - c401f17a-f2cf-465b-91c0-943e82b6f11f@group-7914C14C0878: changes role from  FOLLOWER to FOLLOWER at term 1 for candidate:291a3527-ed17-4a3a-8624-24363fd411c3
2022-12-22 10:14:08,564 [grpc-default-executor-0] INFO  impl.RoleInfo (RoleInfo.java:shutdownFollowerState(110)) - c401f17a-f2cf-465b-91c0-943e82b6f11f: shutdown c401f17a-f2cf-465b-91c0-943e82b6f11f@group-7914C14C0878-FollowerState
2022-12-22 10:14:08,564 [grpc-default-executor-0] INFO  impl.RoleInfo (RoleInfo.java:updateAndGet(139)) - c401f17a-f2cf-465b-91c0-943e82b6f11f: start c401f17a-f2cf-465b-91c0-943e82b6f11f@group-7914C14C0878-FollowerState
2022-12-22 10:14:08,564 [c401f17a-f2cf-465b-91c0-943e82b6f11f@group-7914C14C0878-FollowerState] INFO  impl.FollowerState (FollowerState.java:run(152)) - c401f17a-f2cf-465b-91c0-943e82b6f11f@group-7914C14C0878-FollowerState was interrupted
2022-12-22 10:14:08,570 [c401f17a-f2cf-465b-91c0-943e82b6f11f@group-7914C14C0878-FollowerState] INFO  server.RaftServerConfigKeys (ConfUtils.java:logFallback(53)) - raft.server.rpc.first-election.timeout.min = 5s (fallback to raft.server.rpc.timeout.min)
2022-12-22 10:14:08,570 [c401f17a-f2cf-465b-91c0-943e82b6f11f@group-7914C14C0878-FollowerState] INFO  server.RaftServerConfigKeys (ConfUtils.java:logFallback(53)) - raft.server.rpc.first-election.timeout.max = 5200ms (fallback to raft.server.rpc.timeout.max)
2022-12-22 10:14:08,571 [grpc-default-executor-0] INFO  server.RaftServer$Division (RaftServerImpl.java:requestVote(1251)) - c401f17a-f2cf-465b-91c0-943e82b6f11f@group-7914C14C0878 replies to ELECTION vote request: 291a3527-ed17-4a3a-8624-24363fd411c3<-c401f17a-f2cf-465b-91c0-943e82b6f11f#0:OK-t1. Peer's state: c401f17a-f2cf-465b-91c0-943e82b6f11f@group-7914C14C0878:t1, leader=null, voted=291a3527-ed17-4a3a-8624-24363fd411c3, raftlog=Memoized:c401f17a-f2cf-465b-91c0-943e82b6f11f@group-7914C14C0878-SegmentedRaftLog:OPENED:c-1, conf=-1: peers:[9d8e2230-e250-45fc-b4c7-3e2f1170721a|rpc:127.0.0.1:46029|dataStream:127.0.0.1:40427|priority:1|startupRole:FOLLOWER, c401f17a-f2cf-465b-91c0-943e82b6f11f|rpc:127.0.0.1:34811|dataStream:127.0.0.1:43401|priority:0|startupRole:FOLLOWER, 291a3527-ed17-4a3a-8624-24363fd411c3|rpc:127.0.0.1:44335|dataStream:127.0.0.1:39683|priority:0|startupRole:FOLLOWER]|listeners:[], old=null
2022-12-22 10:14:08,571 [291a3527-ed17-4a3a-8624-24363fd411c3@group-54A5CD49ABF0-LeaderElection5] INFO  impl.LeaderElection (LeaderElection.java:askForVotes(312)) - 291a3527-ed17-4a3a-8624-24363fd411c3@group-54A5CD49ABF0-LeaderElection5 ELECTION round 0: submit vote requests at term 1 for -1: peers:[291a3527-ed17-4a3a-8624-24363fd411c3|rpc:127.0.0.1:44335|dataStream:127.0.0.1:39683|priority:1|startupRole:FOLLOWER]|listeners:[], old=null
2022-12-22 10:14:08,571 [291a3527-ed17-4a3a-8624-24363fd411c3@group-54A5CD49ABF0-LeaderElection5] INFO  impl.LeaderElection (LeaderElection.java:askForVotes(314)) - 291a3527-ed17-4a3a-8624-24363fd411c3@group-54A5CD49ABF0-LeaderElection5 ELECTION round 0: result PASSED (term=1)
2022-12-22 10:14:08,572 [291a3527-ed17-4a3a-8624-24363fd411c3@group-54A5CD49ABF0-LeaderElection5] INFO  impl.RoleInfo (RoleInfo.java:shutdownLeaderElection(130)) - 291a3527-ed17-4a3a-8624-24363fd411c3: shutdown 291a3527-ed17-4a3a-8624-24363fd411c3@group-54A5CD49ABF0-LeaderElection5
2022-12-22 10:14:08,572 [291a3527-ed17-4a3a-8624-24363fd411c3@group-54A5CD49ABF0-LeaderElection5] INFO  server.RaftServer$Division (RaftServerImpl.java:setRole(321)) - 291a3527-ed17-4a3a-8624-24363fd411c3@group-54A5CD49ABF0: changes role from CANDIDATE to LEADER at term 1 for changeToLeader
2022-12-22 10:14:08,572 [291a3527-ed17-4a3a-8624-24363fd411c3@group-54A5CD49ABF0-LeaderElection5] INFO  ratis.XceiverServerRatis (XceiverServerRatis.java:handleLeaderChangedNotification(904)) - Leader change notification received for group: group-54A5CD49ABF0 with new leaderId: 291a3527-ed17-4a3a-8624-24363fd411c3
2022-12-22 10:14:08,572 [291a3527-ed17-4a3a-8624-24363fd411c3@group-54A5CD49ABF0-LeaderElection5] INFO  server.RaftServer$Division (ServerState.java:setLeader(313)) - 291a3527-ed17-4a3a-8624-24363fd411c3@group-54A5CD49ABF0: change Leader from null to 291a3527-ed17-4a3a-8624-24363fd411c3 at term 1 for becomeLeader, leader elected after 5138ms
2022-12-22 10:14:08,572 [291a3527-ed17-4a3a-8624-24363fd411c3@group-54A5CD49ABF0-LeaderElection5] INFO  server.RaftServerConfigKeys (ConfUtils.java:logGet(46)) - raft.server.staging.catchup.gap = 1000 (default)
2022-12-22 10:14:08,576 [291a3527-ed17-4a3a-8624-24363fd411c3@group-54A5CD49ABF0-LeaderElection5] INFO  server.RaftServerConfigKeys (ConfUtils.java:logGet(46)) - raft.server.write.element-limit = 1024 (custom)
2022-12-22 10:14:08,576 [291a3527-ed17-4a3a-8624-24363fd411c3@group-54A5CD49ABF0-LeaderElection5] INFO  server.RaftServerConfigKeys (ConfUtils.java:logGet(46)) - raft.server.write.byte-limit = 1024 M (=1073741824) (custom)
2022-12-22 10:14:08,577 [EventQueue-OpenPipelineForHealthyPipelineSafeModeRule] INFO  safemode.SCMSafeModeManager (HealthyPipelineSafeModeRule.java:process(137)) - SCM in safe mode. Healthy pipelines reported count is 0, required healthy pipeline reported count is 1
2022-12-22 10:14:08,577 [EventQueue-CommandQueueReportForCommandQueueReportHandler] WARN  events.EventQueue (EventQueue.java:fireEvent(216)) - No event handler registered for event TypedEvent{payloadType=DatanodeDetails, name='Datanode_Command_Queue_Updated'}
2022-12-22 10:14:08,577 [291a3527-ed17-4a3a-8624-24363fd411c3@group-54A5CD49ABF0-LeaderElection5] INFO  server.RaftServerConfigKeys (ConfUtils.java:logGet(46)) - raft.server.watch.timeout = 180s (custom)
2022-12-22 10:14:08,578 [291a3527-ed17-4a3a-8624-24363fd411c3@group-54A5CD49ABF0-LeaderElection5] INFO  server.RaftServerConfigKeys (ConfUtils.java:logGet(46)) - raft.server.watch.timeout.denomination = 1s (default)
2022-12-22 10:14:08,578 [291a3527-ed17-4a3a-8624-24363fd411c3@group-54A5CD49ABF0-LeaderElection5] INFO  server.RaftServerConfigKeys (ConfUtils.java:logGet(46)) - raft.server.watch.element-limit = 65536 (default)
2022-12-22 10:14:08,578 [291a3527-ed17-4a3a-8624-24363fd411c3@group-54A5CD49ABF0-LeaderElection5] INFO  server.RaftServerConfigKeys (ConfUtils.java:logGet(46)) - raft.server.write.element-limit = 1024 (custom)
2022-12-22 10:14:08,578 [291a3527-ed17-4a3a-8624-24363fd411c3@group-54A5CD49ABF0-LeaderElection5] INFO  server.RaftServerConfigKeys (ConfUtils.java:logGet(46)) - raft.server.write.follower.gap.ratio.max = -1.0 (default)
2022-12-22 10:14:08,578 [291a3527-ed17-4a3a-8624-24363fd411c3@group-54A5CD49ABF0-LeaderElection5] INFO  impl.RoleInfo (RoleInfo.java:updateAndGet(139)) - 291a3527-ed17-4a3a-8624-24363fd411c3: start 291a3527-ed17-4a3a-8624-24363fd411c3@group-54A5CD49ABF0-LeaderStateImpl
2022-12-22 10:14:08,578 [291a3527-ed17-4a3a-8624-24363fd411c3@group-54A5CD49ABF0-LeaderElection5] INFO  segmented.SegmentedRaftLogWorker (SegmentedRaftLogWorker.java:startLogSegment(452)) - 291a3527-ed17-4a3a-8624-24363fd411c3@group-54A5CD49ABF0-SegmentedRaftLogWorker: Starting segment from index:0
2022-12-22 10:14:08,581 [291a3527-ed17-4a3a-8624-24363fd411c3@group-54A5CD49ABF0-SegmentedRaftLogWorker] INFO  segmented.SegmentedRaftLogWorker (SegmentedRaftLogWorker.java:execute(656)) - 291a3527-ed17-4a3a-8624-24363fd411c3@group-54A5CD49ABF0-SegmentedRaftLogWorker: created new log segment /home/runner/work/ozone/ozone/hadoop-ozone/integration-test/target/test-dir/MiniOzoneClusterImpl-25092133-3ddf-4dd3-9c34-1a0a2119317e/datanode-0/data/ratis/c2f7e017-4690-431d-90a1-54a5cd49abf0/current/log_inprogress_0
2022-12-22 10:14:08,583 [291a3527-ed17-4a3a-8624-24363fd411c3@group-54A5CD49ABF0-LeaderElection5] INFO  server.RaftServer$Division (ServerState.java:setRaftConf(430)) - 291a3527-ed17-4a3a-8624-24363fd411c3@group-54A5CD49ABF0: set configuration 0: peers:[291a3527-ed17-4a3a-8624-24363fd411c3|rpc:127.0.0.1:44335|dataStream:127.0.0.1:39683|priority:1|startupRole:FOLLOWER]|listeners:[], old=null
2022-12-22 10:14:08,816 [291a3527-ed17-4a3a-8624-24363fd411c3@group-C94901C7DD98-FollowerState] INFO  impl.FollowerState (FollowerState.java:run(143)) - 291a3527-ed17-4a3a-8624-24363fd411c3@group-C94901C7DD98-FollowerState: change to CANDIDATE, lastRpcElapsedTime:5098547382ns, electionTimeout:5096ms
2022-12-22 10:14:08,816 [291a3527-ed17-4a3a-8624-24363fd411c3@group-C94901C7DD98-FollowerState] INFO  impl.RoleInfo (RoleInfo.java:shutdownFollowerState(110)) - 291a3527-ed17-4a3a-8624-24363fd411c3: shutdown 291a3527-ed17-4a3a-8624-24363fd411c3@group-C94901C7DD98-FollowerState
2022-12-22 10:14:08,816 [291a3527-ed17-4a3a-8624-24363fd411c3@group-C94901C7DD98-FollowerState] INFO  server.RaftServer$Division (RaftServerImpl.java:setRole(321)) - 291a3527-ed17-4a3a-8624-24363fd411c3@group-C94901C7DD98: changes role from  FOLLOWER to CANDIDATE at term 0 for changeToCandidate
2022-12-22 10:14:08,816 [291a3527-ed17-4a3a-8624-24363fd411c3@group-C94901C7DD98-FollowerState] INFO  server.RaftServerConfigKeys (ConfUtils.java:logGet(46)) - raft.server.leaderelection.pre-vote = false (custom)
2022-12-22 10:14:08,816 [291a3527-ed17-4a3a-8624-24363fd411c3@group-C94901C7DD98-FollowerState] INFO  impl.RoleInfo (RoleInfo.java:updateAndGet(139)) - 291a3527-ed17-4a3a-8624-24363fd411c3: start 291a3527-ed17-4a3a-8624-24363fd411c3@group-C94901C7DD98-LeaderElection6
2022-12-22 10:14:08,823 [291a3527-ed17-4a3a-8624-24363fd411c3@group-C94901C7DD98-LeaderElection6] INFO  impl.LeaderElection (LeaderElection.java:askForVotes(312)) - 291a3527-ed17-4a3a-8624-24363fd411c3@group-C94901C7DD98-LeaderElection6 ELECTION round 0: submit vote requests at term 1 for -1: peers:[9d8e2230-e250-45fc-b4c7-3e2f1170721a|rpc:127.0.0.1:46029|dataStream:127.0.0.1:40427|priority:0|startupRole:FOLLOWER, c401f17a-f2cf-465b-91c0-943e82b6f11f|rpc:127.0.0.1:34811|dataStream:127.0.0.1:43401|priority:0|startupRole:FOLLOWER, 291a3527-ed17-4a3a-8624-24363fd411c3|rpc:127.0.0.1:44335|dataStream:127.0.0.1:39683|priority:1|startupRole:FOLLOWER]|listeners:[], old=null
2022-12-22 10:14:08,823 [291a3527-ed17-4a3a-8624-24363fd411c3@group-C94901C7DD98-LeaderElection6] INFO  server.RaftServerConfigKeys (ConfUtils.java:logFallback(53)) - raft.server.rpc.first-election.timeout.min = 5s (fallback to raft.server.rpc.timeout.min)
2022-12-22 10:14:08,823 [291a3527-ed17-4a3a-8624-24363fd411c3@group-C94901C7DD98-LeaderElection6] INFO  server.RaftServerConfigKeys (ConfUtils.java:logFallback(53)) - raft.server.rpc.first-election.timeout.max = 5200ms (fallback to raft.server.rpc.timeout.max)
2022-12-22 10:14:08,827 [grpc-default-executor-0] INFO  server.RaftServer$Division (RaftServerImpl.java:requestVote(1218)) - c401f17a-f2cf-465b-91c0-943e82b6f11f@group-C94901C7DD98: receive requestVote(ELECTION, 291a3527-ed17-4a3a-8624-24363fd411c3, group-C94901C7DD98, 1, (t:0, i:0))
2022-12-22 10:14:08,828 [grpc-default-executor-0] INFO  impl.VoteContext (VoteContext.java:log(49)) - c401f17a-f2cf-465b-91c0-943e82b6f11f@group-C94901C7DD98-FOLLOWER: accept ELECTION from 291a3527-ed17-4a3a-8624-24363fd411c3: our priority 0 <= candidate's priority 1
2022-12-22 10:14:08,828 [grpc-default-executor-0] INFO  server.RaftServer$Division (RaftServerImpl.java:setRole(321)) - c401f17a-f2cf-465b-91c0-943e82b6f11f@group-C94901C7DD98: changes role from  FOLLOWER to FOLLOWER at term 1 for candidate:291a3527-ed17-4a3a-8624-24363fd411c3
2022-12-22 10:14:08,828 [grpc-default-executor-0] INFO  impl.RoleInfo (RoleInfo.java:shutdownFollowerState(110)) - c401f17a-f2cf-465b-91c0-943e82b6f11f: shutdown c401f17a-f2cf-465b-91c0-943e82b6f11f@group-C94901C7DD98-FollowerState
2022-12-22 10:14:08,828 [grpc-default-executor-0] INFO  impl.RoleInfo (RoleInfo.java:updateAndGet(139)) - c401f17a-f2cf-465b-91c0-943e82b6f11f: start c401f17a-f2cf-465b-91c0-943e82b6f11f@group-C94901C7DD98-FollowerState
2022-12-22 10:14:08,828 [c401f17a-f2cf-465b-91c0-943e82b6f11f@group-C94901C7DD98-FollowerState] INFO  impl.FollowerState (FollowerState.java:run(152)) - c401f17a-f2cf-465b-91c0-943e82b6f11f@group-C94901C7DD98-FollowerState was interrupted
2022-12-22 10:14:08,829 [c401f17a-f2cf-465b-91c0-943e82b6f11f@group-C94901C7DD98-FollowerState] INFO  server.RaftServerConfigKeys (ConfUtils.java:logFallback(53)) - raft.server.rpc.first-election.timeout.min = 5s (fallback to raft.server.rpc.timeout.min)
2022-12-22 10:14:08,829 [c401f17a-f2cf-465b-91c0-943e82b6f11f@group-C94901C7DD98-FollowerState] INFO  server.RaftServerConfigKeys (ConfUtils.java:logFallback(53)) - raft.server.rpc.first-election.timeout.max = 5200ms (fallback to raft.server.rpc.timeout.max)
2022-12-22 10:14:08,829 [grpc-default-executor-0] INFO  server.RaftServer$Division (RaftServerImpl.java:requestVote(1251)) - c401f17a-f2cf-465b-91c0-943e82b6f11f@group-C94901C7DD98 replies to ELECTION vote request: 291a3527-ed17-4a3a-8624-24363fd411c3<-c401f17a-f2cf-465b-91c0-943e82b6f11f#0:OK-t1. Peer's state: c401f17a-f2cf-465b-91c0-943e82b6f11f@group-C94901C7DD98:t1, leader=null, voted=291a3527-ed17-4a3a-8624-24363fd411c3, raftlog=Memoized:c401f17a-f2cf-465b-91c0-943e82b6f11f@group-C94901C7DD98-SegmentedRaftLog:OPENED:c-1, conf=-1: peers:[9d8e2230-e250-45fc-b4c7-3e2f1170721a|rpc:127.0.0.1:46029|dataStream:127.0.0.1:40427|priority:0|startupRole:FOLLOWER, c401f17a-f2cf-465b-91c0-943e82b6f11f|rpc:127.0.0.1:34811|dataStream:127.0.0.1:43401|priority:0|startupRole:FOLLOWER, 291a3527-ed17-4a3a-8624-24363fd411c3|rpc:127.0.0.1:44335|dataStream:127.0.0.1:39683|priority:1|startupRole:FOLLOWER]|listeners:[], old=null
2022-12-22 10:14:08,831 [291a3527-ed17-4a3a-8624-24363fd411c3@group-C94901C7DD98-LeaderElection6] INFO  impl.LeaderElection (LeaderElection.java:logAndReturn(90)) - 291a3527-ed17-4a3a-8624-24363fd411c3@group-C94901C7DD98-LeaderElection6: ELECTION PASSED received 1 response(s) and 0 exception(s):
2022-12-22 10:14:08,831 [291a3527-ed17-4a3a-8624-24363fd411c3@group-C94901C7DD98-LeaderElection6] INFO  impl.LeaderElection (LeaderElection.java:logAndReturn(94)) -   Response 0: 291a3527-ed17-4a3a-8624-24363fd411c3<-c401f17a-f2cf-465b-91c0-943e82b6f11f#0:OK-t1
2022-12-22 10:14:08,831 [291a3527-ed17-4a3a-8624-24363fd411c3@group-C94901C7DD98-LeaderElection6] INFO  impl.LeaderElection (LeaderElection.java:askForVotes(314)) - 291a3527-ed17-4a3a-8624-24363fd411c3@group-C94901C7DD98-LeaderElection6 ELECTION round 0: result PASSED
2022-12-22 10:14:08,831 [291a3527-ed17-4a3a-8624-24363fd411c3@group-C94901C7DD98-LeaderElection6] INFO  impl.RoleInfo (RoleInfo.java:shutdownLeaderElection(130)) - 291a3527-ed17-4a3a-8624-24363fd411c3: shutdown 291a3527-ed17-4a3a-8624-24363fd411c3@group-C94901C7DD98-LeaderElection6
2022-12-22 10:14:08,831 [291a3527-ed17-4a3a-8624-24363fd411c3@group-C94901C7DD98-LeaderElection6] INFO  server.RaftServer$Division (RaftServerImpl.java:setRole(321)) - 291a3527-ed17-4a3a-8624-24363fd411c3@group-C94901C7DD98: changes role from CANDIDATE to LEADER at term 1 for changeToLeader
2022-12-22 10:14:08,831 [291a3527-ed17-4a3a-8624-24363fd411c3@group-C94901C7DD98-LeaderElection6] INFO  ratis.XceiverServerRatis (XceiverServerRatis.java:handleLeaderChangedNotification(904)) - Leader change notification received for group: group-C94901C7DD98 with new leaderId: 291a3527-ed17-4a3a-8624-24363fd411c3
2022-12-22 10:14:08,831 [291a3527-ed17-4a3a-8624-24363fd411c3@group-C94901C7DD98-LeaderElection6] INFO  server.RaftServer$Division (ServerState.java:setLeader(313)) - 291a3527-ed17-4a3a-8624-24363fd411c3@group-C94901C7DD98: change Leader from null to 291a3527-ed17-4a3a-8624-24363fd411c3 at term 1 for becomeLeader, leader elected after 5125ms
2022-12-22 10:14:08,831 [291a3527-ed17-4a3a-8624-24363fd411c3@group-C94901C7DD98-LeaderElection6] INFO  server.RaftServerConfigKeys (ConfUtils.java:logGet(46)) - raft.server.staging.catchup.gap = 1000 (default)
2022-12-22 10:14:08,831 [291a3527-ed17-4a3a-8624-24363fd411c3@group-C94901C7DD98-LeaderElection6] INFO  server.RaftServerConfigKeys (ConfUtils.java:logGet(46)) - raft.server.write.element-limit = 1024 (custom)
2022-12-22 10:14:08,831 [291a3527-ed17-4a3a-8624-24363fd411c3@group-C94901C7DD98-LeaderElection6] INFO  server.RaftServerConfigKeys (ConfUtils.java:logGet(46)) - raft.server.write.byte-limit = 1024 M (=1073741824) (custom)
2022-12-22 10:14:08,831 [291a3527-ed17-4a3a-8624-24363fd411c3@group-C94901C7DD98-LeaderElection6] INFO  server.RaftServerConfigKeys (ConfUtils.java:logGet(46)) - raft.server.watch.timeout = 180s (custom)
2022-12-22 10:14:08,832 [291a3527-ed17-4a3a-8624-24363fd411c3@group-C94901C7DD98-LeaderElection6] INFO  server.RaftServerConfigKeys (ConfUtils.java:logGet(46)) - raft.server.watch.timeout.denomination = 1s (default)
2022-12-22 10:14:08,832 [291a3527-ed17-4a3a-8624-24363fd411c3@group-C94901C7DD98-LeaderElection6] INFO  server.RaftServerConfigKeys (ConfUtils.java:logGet(46)) - raft.server.watch.element-limit = 65536 (default)
2022-12-22 10:14:08,832 [291a3527-ed17-4a3a-8624-24363fd411c3@group-C94901C7DD98-LeaderElection6] INFO  server.RaftServerConfigKeys (ConfUtils.java:logGet(46)) - raft.server.write.element-limit = 1024 (custom)
2022-12-22 10:14:08,832 [291a3527-ed17-4a3a-8624-24363fd411c3@group-C94901C7DD98-LeaderElection6] INFO  server.RaftServerConfigKeys (ConfUtils.java:logGet(46)) - raft.server.write.follower.gap.ratio.max = -1.0 (default)
2022-12-22 10:14:08,832 [291a3527-ed17-4a3a-8624-24363fd411c3@group-C94901C7DD98-LeaderElection6] INFO  server.RaftServerConfigKeys (ConfUtils.java:logGet(46)) - raft.server.log.appender.snapshot.chunk.size.max = 16MB (=16777216) (default)
2022-12-22 10:14:08,832 [291a3527-ed17-4a3a-8624-24363fd411c3@group-C94901C7DD98-LeaderElection6] INFO  server.RaftServerConfigKeys (ConfUtils.java:logGet(46)) - raft.server.log.appender.buffer.byte-limit = 33554432 (custom)
2022-12-22 10:14:08,832 [291a3527-ed17-4a3a-8624-24363fd411c3@group-C94901C7DD98-LeaderElection6] INFO  server.RaftServerConfigKeys (ConfUtils.java:logGet(46)) - raft.server.log.appender.buffer.element-limit = 1 (custom)
2022-12-22 10:14:08,832 [291a3527-ed17-4a3a-8624-24363fd411c3@group-C94901C7DD98-LeaderElection6] INFO  grpc.GrpcConfigKeys (ConfUtils.java:logGet(46)) - raft.grpc.server.leader.outstanding.appends.max = 128 (default)
2022-12-22 10:14:08,832 [291a3527-ed17-4a3a-8624-24363fd411c3@group-C94901C7DD98-LeaderElection6] INFO  server.RaftServerConfigKeys (ConfUtils.java:logGet(46)) - raft.server.rpc.request.timeout = 60s (custom)
2022-12-22 10:14:08,832 [291a3527-ed17-4a3a-8624-24363fd411c3@group-C94901C7DD98-LeaderElection6] INFO  server.RaftServerConfigKeys (ConfUtils.java:logGet(46)) - raft.server.log.appender.install.snapshot.enabled = false (custom)
2022-12-22 10:14:08,832 [291a3527-ed17-4a3a-8624-24363fd411c3@group-C94901C7DD98-LeaderElection6] INFO  grpc.GrpcConfigKeys (ConfUtils.java:logGet(46)) - raft.grpc.server.heartbeat.channel = true (default)
2022-12-22 10:14:08,833 [291a3527-ed17-4a3a-8624-24363fd411c3@group-C94901C7DD98-LeaderElection6] INFO  server.RaftServerConfigKeys (ConfUtils.java:logGet(46)) - raft.server.log.appender.wait-time.min = 10ms (default)
2022-12-22 10:14:08,834 [291a3527-ed17-4a3a-8624-24363fd411c3@group-C94901C7DD98-LeaderElection6] INFO  server.RaftServerConfigKeys (ConfUtils.java:logGet(46)) - raft.server.log.appender.snapshot.chunk.size.max = 16MB (=16777216) (default)
2022-12-22 10:14:08,834 [291a3527-ed17-4a3a-8624-24363fd411c3@group-C94901C7DD98-LeaderElection6] INFO  server.RaftServerConfigKeys (ConfUtils.java:logGet(46)) - raft.server.log.appender.buffer.byte-limit = 33554432 (custom)
2022-12-22 10:14:08,834 [291a3527-ed17-4a3a-8624-24363fd411c3@group-C94901C7DD98-LeaderElection6] INFO  server.RaftServerConfigKeys (ConfUtils.java:logGet(46)) - raft.server.log.appender.buffer.element-limit = 1 (custom)
2022-12-22 10:14:08,834 [291a3527-ed17-4a3a-8624-24363fd411c3@group-C94901C7DD98-LeaderElection6] INFO  grpc.GrpcConfigKeys (ConfUtils.java:logGet(46)) - raft.grpc.server.leader.outstanding.appends.max = 128 (default)
2022-12-22 10:14:08,834 [291a3527-ed17-4a3a-8624-24363fd411c3@group-C94901C7DD98-LeaderElection6] INFO  server.RaftServerConfigKeys (ConfUtils.java:logGet(46)) - raft.server.rpc.request.timeout = 60s (custom)
2022-12-22 10:14:08,834 [EventQueue-PipelineReportForPipelineReportHandler] INFO  pipeline.PipelineManagerImpl (PipelineManagerImpl.java:openPipeline(367)) - Pipeline Pipeline[ Id: 28e4aab7-5322-4c7f-a962-c94901c7dd98, Nodes: 291a3527-ed17-4a3a-8624-24363fd411c3{ip: 127.0.0.1, host: localhost, ports: [REPLICATION=44127, RATIS=44335, RATIS_ADMIN=44335, RATIS_SERVER=44335, RATIS_DATASTREAM=39683, STANDALONE=38035], networkLocation: /default-rack, certSerialId: null, persistedOpState: IN_SERVICE, persistedOpStateExpiryEpochSec: 0}9d8e2230-e250-45fc-b4c7-3e2f1170721a{ip: 127.0.0.1, host: localhost, ports: [REPLICATION=45663, RATIS=46029, RATIS_ADMIN=46029, RATIS_SERVER=46029, RATIS_DATASTREAM=40427, STANDALONE=44465], networkLocation: /default-rack, certSerialId: null, persistedOpState: IN_SERVICE, persistedOpStateExpiryEpochSec: 0}c401f17a-f2cf-465b-91c0-943e82b6f11f{ip: 127.0.0.1, host: localhost, ports: [REPLICATION=34439, RATIS=34811, RATIS_ADMIN=34811, RATIS_SERVER=34811, RATIS_DATASTREAM=43401, STANDALONE=34909], networkLocation: /default-rack, certSerialId: null, persistedOpState: IN_SERVICE, persistedOpStateExpiryEpochSec: 0}, ReplicationConfig: RATIS/THREE, State:ALLOCATED, leaderId:291a3527-ed17-4a3a-8624-24363fd411c3, CreationTimestamp2022-12-22T10:14:01.237Z[Etc/UTC]] moved to OPEN state
2022-12-22 10:14:08,834 [EventQueue-CommandQueueReportForCommandQueueReportHandler] WARN  events.EventQueue (EventQueue.java:fireEvent(216)) - No event handler registered for event TypedEvent{payloadType=DatanodeDetails, name='Datanode_Command_Queue_Updated'}
2022-12-22 10:14:08,834 [291a3527-ed17-4a3a-8624-24363fd411c3@group-C94901C7DD98-LeaderElection6] INFO  server.RaftServerConfigKeys (ConfUtils.java:logGet(46)) - raft.server.log.appender.install.snapshot.enabled = false (custom)
2022-12-22 10:14:08,834 [EventQueue-OpenPipelineForHealthyPipelineSafeModeRule] INFO  safemode.SCMSafeModeManager (HealthyPipelineSafeModeRule.java:process(137)) - SCM in safe mode. Healthy pipelines reported count is 0, required healthy pipeline reported count is 1
2022-12-22 10:14:08,839 [291a3527-ed17-4a3a-8624-24363fd411c3@group-C94901C7DD98-LeaderElection6] INFO  grpc.GrpcConfigKeys (ConfUtils.java:logGet(46)) - raft.grpc.server.heartbeat.channel = true (default)
2022-12-22 10:14:08,839 [c0744bfc-8c9a-4b67-b2fe-e4eb0bfece68@group-1A0A2119317E-StateMachineUpdater] INFO  safemode.HealthyPipelineSafeModeRule (HealthyPipelineSafeModeRule.java:initializeRule(165)) - Refreshed total pipeline count is 1, healthy pipeline threshold count is 1
2022-12-22 10:14:08,840 [291a3527-ed17-4a3a-8624-24363fd411c3@group-C94901C7DD98-LeaderElection6] INFO  server.RaftServerConfigKeys (ConfUtils.java:logGet(46)) - raft.server.log.appender.wait-time.min = 10ms (default)
2022-12-22 10:14:08,840 [EventQueue-OpenPipelineForHealthyPipelineSafeModeRule] INFO  safemode.SCMSafeModeManager (HealthyPipelineSafeModeRule.java:process(137)) - SCM in safe mode. Healthy pipelines reported count is 1, required healthy pipeline reported count is 1
2022-12-22 10:14:08,840 [EventQueue-OpenPipelineForHealthyPipelineSafeModeRule] INFO  safemode.SCMSafeModeManager (SCMSafeModeManager.java:validateSafeModeExitRules(200)) - HealthyPipelineSafeModeRule rule is successfully validated
2022-12-22 10:14:08,840 [EventQueue-OpenPipelineForHealthyPipelineSafeModeRule] INFO  safemode.SCMSafeModeManager (SCMSafeModeManager.java:validateSafeModeExitRules(215)) - ScmSafeModeManager, all rules are successfully validated
2022-12-22 10:14:08,840 [EventQueue-OpenPipelineForHealthyPipelineSafeModeRule] INFO  safemode.SCMSafeModeManager (SCMSafeModeManager.java:exitSafeMode(244)) - SCM exiting safe mode.
2022-12-22 10:14:08,840 [EventQueue-OpenPipelineForHealthyPipelineSafeModeRule] INFO  ha.SCMContext (SCMContext.java:updateSafeModeStatus(228)) - Update SafeModeStatus from SafeModeStatus{safeModeStatus=true, preCheckPassed=true} to SafeModeStatus{safeModeStatus=false, preCheckPassed=true}.
2022-12-22 10:14:08,840 [EventQueue-OpenPipelineForHealthyPipelineSafeModeRule] INFO  BackgroundPipelineScrubber (BackgroundSCMService.java:notifyStatusChanged(82)) - Service BackgroundPipelineScrubber transitions to RUNNING.
2022-12-22 10:14:08,840 [EventQueue-OpenPipelineForHealthyPipelineSafeModeRule] INFO  ExpiredContainerReplicaOpScrubber (BackgroundSCMService.java:notifyStatusChanged(82)) - Service ExpiredContainerReplicaOpScrubber transitions to RUNNING.
2022-12-22 10:14:08,840 [EventQueue-OpenPipelineForHealthyPipelineSafeModeRule] INFO  replication.ReplicationManager (ReplicationManager.java:notifyStatusChanged(918)) - Service ReplicationManager transitions to RUNNING.
2022-12-22 10:14:08,845 [291a3527-ed17-4a3a-8624-24363fd411c3@group-C94901C7DD98-LeaderElection6] INFO  impl.RoleInfo (RoleInfo.java:updateAndGet(139)) - 291a3527-ed17-4a3a-8624-24363fd411c3: start 291a3527-ed17-4a3a-8624-24363fd411c3@group-C94901C7DD98-LeaderStateImpl
2022-12-22 10:14:08,845 [EventQueue-OpenPipelineForHealthyPipelineSafeModeRule] WARN  balancer.ContainerBalancer (ContainerBalancer.java:shouldRun(131)) - Could not find persisted configuration for ContainerBalancer when checking if ContainerBalancer should run. ContainerBalancer should not run now.
2022-12-22 10:14:08,845 [291a3527-ed17-4a3a-8624-24363fd411c3@group-C94901C7DD98-LeaderElection6] INFO  segmented.SegmentedRaftLogWorker (SegmentedRaftLogWorker.java:startLogSegment(452)) - 291a3527-ed17-4a3a-8624-24363fd411c3@group-C94901C7DD98-SegmentedRaftLogWorker: Starting segment from index:0
2022-12-22 10:14:08,846 [grpc-default-executor-0] INFO  server.RaftServer$Division (RaftServerImpl.java:requestVote(1218)) - 9d8e2230-e250-45fc-b4c7-3e2f1170721a@group-C94901C7DD98: receive requestVote(ELECTION, 291a3527-ed17-4a3a-8624-24363fd411c3, group-C94901C7DD98, 1, (t:0, i:0))
2022-12-22 10:14:08,846 [grpc-default-executor-0] INFO  impl.VoteContext (VoteContext.java:log(49)) - 9d8e2230-e250-45fc-b4c7-3e2f1170721a@group-C94901C7DD98-FOLLOWER: accept ELECTION from 291a3527-ed17-4a3a-8624-24363fd411c3: our priority 0 <= candidate's priority 1
2022-12-22 10:14:08,846 [grpc-default-executor-0] INFO  server.RaftServer$Division (RaftServerImpl.java:setRole(321)) - 9d8e2230-e250-45fc-b4c7-3e2f1170721a@group-C94901C7DD98: changes role from  FOLLOWER to FOLLOWER at term 1 for candidate:291a3527-ed17-4a3a-8624-24363fd411c3
2022-12-22 10:14:08,846 [grpc-default-executor-0] INFO  impl.RoleInfo (RoleInfo.java:shutdownFollowerState(110)) - 9d8e2230-e250-45fc-b4c7-3e2f1170721a: shutdown 9d8e2230-e250-45fc-b4c7-3e2f1170721a@group-C94901C7DD98-FollowerState
2022-12-22 10:14:08,846 [grpc-default-executor-0] INFO  impl.RoleInfo (RoleInfo.java:updateAndGet(139)) - 9d8e2230-e250-45fc-b4c7-3e2f1170721a: start 9d8e2230-e250-45fc-b4c7-3e2f1170721a@group-C94901C7DD98-FollowerState
2022-12-22 10:14:08,846 [9d8e2230-e250-45fc-b4c7-3e2f1170721a@group-C94901C7DD98-FollowerState] INFO  impl.FollowerState (FollowerState.java:run(152)) - 9d8e2230-e250-45fc-b4c7-3e2f1170721a@group-C94901C7DD98-FollowerState was interrupted
2022-12-22 10:14:08,851 [291a3527-ed17-4a3a-8624-24363fd411c3@group-C94901C7DD98-SegmentedRaftLogWorker] INFO  segmented.SegmentedRaftLogWorker (SegmentedRaftLogWorker.java:execute(656)) - 291a3527-ed17-4a3a-8624-24363fd411c3@group-C94901C7DD98-SegmentedRaftLogWorker: created new log segment /home/runner/work/ozone/ozone/hadoop-ozone/integration-test/target/test-dir/MiniOzoneClusterImpl-25092133-3ddf-4dd3-9c34-1a0a2119317e/datanode-0/data/ratis/28e4aab7-5322-4c7f-a962-c94901c7dd98/current/log_inprogress_0
2022-12-22 10:14:08,851 [9d8e2230-e250-45fc-b4c7-3e2f1170721a@group-C94901C7DD98-FollowerState] INFO  server.RaftServerConfigKeys (ConfUtils.java:logFallback(53)) - raft.server.rpc.first-election.timeout.min = 5s (fallback to raft.server.rpc.timeout.min)
2022-12-22 10:14:08,851 [9d8e2230-e250-45fc-b4c7-3e2f1170721a@group-C94901C7DD98-FollowerState] INFO  server.RaftServerConfigKeys (ConfUtils.java:logFallback(53)) - raft.server.rpc.first-election.timeout.max = 5200ms (fallback to raft.server.rpc.timeout.max)
2022-12-22 10:14:08,858 [grpc-default-executor-0] INFO  server.RaftServer$Division (RaftServerImpl.java:requestVote(1251)) - 9d8e2230-e250-45fc-b4c7-3e2f1170721a@group-C94901C7DD98 replies to ELECTION vote request: 291a3527-ed17-4a3a-8624-24363fd411c3<-9d8e2230-e250-45fc-b4c7-3e2f1170721a#0:OK-t1. Peer's state: 9d8e2230-e250-45fc-b4c7-3e2f1170721a@group-C94901C7DD98:t1, leader=null, voted=291a3527-ed17-4a3a-8624-24363fd411c3, raftlog=Memoized:9d8e2230-e250-45fc-b4c7-3e2f1170721a@group-C94901C7DD98-SegmentedRaftLog:OPENED:c-1, conf=-1: peers:[9d8e2230-e250-45fc-b4c7-3e2f1170721a|rpc:127.0.0.1:46029|dataStream:127.0.0.1:40427|priority:0|startupRole:FOLLOWER, c401f17a-f2cf-465b-91c0-943e82b6f11f|rpc:127.0.0.1:34811|dataStream:127.0.0.1:43401|priority:0|startupRole:FOLLOWER, 291a3527-ed17-4a3a-8624-24363fd411c3|rpc:127.0.0.1:44335|dataStream:127.0.0.1:39683|priority:1|startupRole:FOLLOWER]|listeners:[], old=null
2022-12-22 10:14:08,861 [291a3527-ed17-4a3a-8624-24363fd411c3@group-C94901C7DD98-LeaderElection6] INFO  server.RaftServer$Division (ServerState.java:setRaftConf(430)) - 291a3527-ed17-4a3a-8624-24363fd411c3@group-C94901C7DD98: set configuration 0: peers:[9d8e2230-e250-45fc-b4c7-3e2f1170721a|rpc:127.0.0.1:46029|dataStream:127.0.0.1:40427|priority:0|startupRole:FOLLOWER, c401f17a-f2cf-465b-91c0-943e82b6f11f|rpc:127.0.0.1:34811|dataStream:127.0.0.1:43401|priority:0|startupRole:FOLLOWER, 291a3527-ed17-4a3a-8624-24363fd411c3|rpc:127.0.0.1:44335|dataStream:127.0.0.1:39683|priority:1|startupRole:FOLLOWER]|listeners:[], old=null
2022-12-22 10:14:08,866 [9d8e2230-e250-45fc-b4c7-3e2f1170721a-server-thread1] INFO  ratis.XceiverServerRatis (XceiverServerRatis.java:handleLeaderChangedNotification(904)) - Leader change notification received for group: group-C94901C7DD98 with new leaderId: 291a3527-ed17-4a3a-8624-24363fd411c3
2022-12-22 10:14:08,866 [9d8e2230-e250-45fc-b4c7-3e2f1170721a-server-thread1] INFO  server.RaftServer$Division (ServerState.java:setLeader(313)) - 9d8e2230-e250-45fc-b4c7-3e2f1170721a@group-C94901C7DD98: change Leader from null to 291a3527-ed17-4a3a-8624-24363fd411c3 at term 1 for appendEntries, leader elected after 5129ms
2022-12-22 10:14:08,874 [9d8e2230-e250-45fc-b4c7-3e2f1170721a-server-thread1] INFO  server.RaftServer$Division (ServerState.java:setRaftConf(430)) - 9d8e2230-e250-45fc-b4c7-3e2f1170721a@group-C94901C7DD98: set configuration 0: peers:[9d8e2230-e250-45fc-b4c7-3e2f1170721a|rpc:127.0.0.1:46029|dataStream:127.0.0.1:40427|priority:0|startupRole:FOLLOWER, c401f17a-f2cf-465b-91c0-943e82b6f11f|rpc:127.0.0.1:34811|dataStream:127.0.0.1:43401|priority:0|startupRole:FOLLOWER, 291a3527-ed17-4a3a-8624-24363fd411c3|rpc:127.0.0.1:44335|dataStream:127.0.0.1:39683|priority:1|startupRole:FOLLOWER]|listeners:[], old=null
2022-12-22 10:14:08,874 [9d8e2230-e250-45fc-b4c7-3e2f1170721a-server-thread1] INFO  segmented.SegmentedRaftLogWorker (SegmentedRaftLogWorker.java:startLogSegment(452)) - 9d8e2230-e250-45fc-b4c7-3e2f1170721a@group-C94901C7DD98-SegmentedRaftLogWorker: Starting segment from index:0
2022-12-22 10:14:08,875 [9d8e2230-e250-45fc-b4c7-3e2f1170721a@group-C94901C7DD98-SegmentedRaftLogWorker] INFO  segmented.SegmentedRaftLogWorker (SegmentedRaftLogWorker.java:execute(656)) - 9d8e2230-e250-45fc-b4c7-3e2f1170721a@group-C94901C7DD98-SegmentedRaftLogWorker: created new log segment /home/runner/work/ozone/ozone/hadoop-ozone/integration-test/target/test-dir/MiniOzoneClusterImpl-25092133-3ddf-4dd3-9c34-1a0a2119317e/datanode-2/data/ratis/28e4aab7-5322-4c7f-a962-c94901c7dd98/current/log_inprogress_0
2022-12-22 10:14:08,881 [c401f17a-f2cf-465b-91c0-943e82b6f11f-server-thread2] INFO  ratis.XceiverServerRatis (XceiverServerRatis.java:handleLeaderChangedNotification(904)) - Leader change notification received for group: group-C94901C7DD98 with new leaderId: 291a3527-ed17-4a3a-8624-24363fd411c3
2022-12-22 10:14:08,881 [c401f17a-f2cf-465b-91c0-943e82b6f11f-server-thread2] INFO  server.RaftServer$Division (ServerState.java:setLeader(313)) - c401f17a-f2cf-465b-91c0-943e82b6f11f@group-C94901C7DD98: change Leader from null to 291a3527-ed17-4a3a-8624-24363fd411c3 at term 1 for appendEntries, leader elected after 5104ms
2022-12-22 10:14:08,889 [c401f17a-f2cf-465b-91c0-943e82b6f11f-server-thread2] INFO  server.RaftServer$Division (ServerState.java:setRaftConf(430)) - c401f17a-f2cf-465b-91c0-943e82b6f11f@group-C94901C7DD98: set configuration 0: peers:[9d8e2230-e250-45fc-b4c7-3e2f1170721a|rpc:127.0.0.1:46029|dataStream:127.0.0.1:40427|priority:0|startupRole:FOLLOWER, c401f17a-f2cf-465b-91c0-943e82b6f11f|rpc:127.0.0.1:34811|dataStream:127.0.0.1:43401|priority:0|startupRole:FOLLOWER, 291a3527-ed17-4a3a-8624-24363fd411c3|rpc:127.0.0.1:44335|dataStream:127.0.0.1:39683|priority:1|startupRole:FOLLOWER]|listeners:[], old=null
2022-12-22 10:14:08,889 [c401f17a-f2cf-465b-91c0-943e82b6f11f-server-thread2] INFO  segmented.SegmentedRaftLogWorker (SegmentedRaftLogWorker.java:startLogSegment(452)) - c401f17a-f2cf-465b-91c0-943e82b6f11f@group-C94901C7DD98-SegmentedRaftLogWorker: Starting segment from index:0
2022-12-22 10:14:08,891 [c401f17a-f2cf-465b-91c0-943e82b6f11f@group-C94901C7DD98-SegmentedRaftLogWorker] INFO  segmented.SegmentedRaftLogWorker (SegmentedRaftLogWorker.java:execute(656)) - c401f17a-f2cf-465b-91c0-943e82b6f11f@group-C94901C7DD98-SegmentedRaftLogWorker: created new log segment /home/runner/work/ozone/ozone/hadoop-ozone/integration-test/target/test-dir/MiniOzoneClusterImpl-25092133-3ddf-4dd3-9c34-1a0a2119317e/datanode-1/data/ratis/28e4aab7-5322-4c7f-a962-c94901c7dd98/current/log_inprogress_0
2022-12-22 10:14:08,892 [EventQueue-CommandQueueReportForCommandQueueReportHandler] WARN  events.EventQueue (EventQueue.java:fireEvent(216)) - No event handler registered for event TypedEvent{payloadType=DatanodeDetails, name='Datanode_Command_Queue_Updated'}
2022-12-22 10:14:09,099 [c401f17a-f2cf-465b-91c0-943e82b6f11f@group-113B51A5152A-FollowerState] INFO  impl.FollowerState (FollowerState.java:run(143)) - c401f17a-f2cf-465b-91c0-943e82b6f11f@group-113B51A5152A-FollowerState: change to CANDIDATE, lastRpcElapsedTime:5197027975ns, electionTimeout:5193ms
2022-12-22 10:14:09,099 [c401f17a-f2cf-465b-91c0-943e82b6f11f@group-113B51A5152A-FollowerState] INFO  impl.RoleInfo (RoleInfo.java:shutdownFollowerState(110)) - c401f17a-f2cf-465b-91c0-943e82b6f11f: shutdown c401f17a-f2cf-465b-91c0-943e82b6f11f@group-113B51A5152A-FollowerState
2022-12-22 10:14:09,099 [c401f17a-f2cf-465b-91c0-943e82b6f11f@group-113B51A5152A-FollowerState] INFO  server.RaftServer$Division (RaftServerImpl.java:setRole(321)) - c401f17a-f2cf-465b-91c0-943e82b6f11f@group-113B51A5152A: changes role from  FOLLOWER to CANDIDATE at term 0 for changeToCandidate
2022-12-22 10:14:09,099 [c401f17a-f2cf-465b-91c0-943e82b6f11f@group-113B51A5152A-FollowerState] INFO  server.RaftServerConfigKeys (ConfUtils.java:logGet(46)) - raft.server.leaderelection.pre-vote = false (custom)
2022-12-22 10:14:09,100 [c401f17a-f2cf-465b-91c0-943e82b6f11f@group-113B51A5152A-FollowerState] INFO  impl.RoleInfo (RoleInfo.java:updateAndGet(139)) - c401f17a-f2cf-465b-91c0-943e82b6f11f: start c401f17a-f2cf-465b-91c0-943e82b6f11f@group-113B51A5152A-LeaderElection7
2022-12-22 10:14:09,102 [c401f17a-f2cf-465b-91c0-943e82b6f11f@group-113B51A5152A-LeaderElection7] INFO  impl.LeaderElection (LeaderElection.java:askForVotes(312)) - c401f17a-f2cf-465b-91c0-943e82b6f11f@group-113B51A5152A-LeaderElection7 ELECTION round 0: submit vote requests at term 1 for -1: peers:[c401f17a-f2cf-465b-91c0-943e82b6f11f|rpc:127.0.0.1:34811|dataStream:127.0.0.1:43401|priority:1|startupRole:FOLLOWER]|listeners:[], old=null
2022-12-22 10:14:09,102 [c401f17a-f2cf-465b-91c0-943e82b6f11f@group-113B51A5152A-LeaderElection7] INFO  impl.LeaderElection (LeaderElection.java:askForVotes(314)) - c401f17a-f2cf-465b-91c0-943e82b6f11f@group-113B51A5152A-LeaderElection7 ELECTION round 0: result PASSED (term=1)
2022-12-22 10:14:09,102 [c401f17a-f2cf-465b-91c0-943e82b6f11f@group-113B51A5152A-LeaderElection7] INFO  impl.RoleInfo (RoleInfo.java:shutdownLeaderElection(130)) - c401f17a-f2cf-465b-91c0-943e82b6f11f: shutdown c401f17a-f2cf-465b-91c0-943e82b6f11f@group-113B51A5152A-LeaderElection7
2022-12-22 10:14:09,102 [c401f17a-f2cf-465b-91c0-943e82b6f11f@group-113B51A5152A-LeaderElection7] INFO  server.RaftServer$Division (RaftServerImpl.java:setRole(321)) - c401f17a-f2cf-465b-91c0-943e82b6f11f@group-113B51A5152A: changes role from CANDIDATE to LEADER at term 1 for changeToLeader
2022-12-22 10:14:09,102 [c401f17a-f2cf-465b-91c0-943e82b6f11f@group-113B51A5152A-LeaderElection7] INFO  ratis.XceiverServerRatis (XceiverServerRatis.java:handleLeaderChangedNotification(904)) - Leader change notification received for group: group-113B51A5152A with new leaderId: c401f17a-f2cf-465b-91c0-943e82b6f11f
2022-12-22 10:14:09,103 [c401f17a-f2cf-465b-91c0-943e82b6f11f@group-113B51A5152A-LeaderElection7] INFO  server.RaftServer$Division (ServerState.java:setLeader(313)) - c401f17a-f2cf-465b-91c0-943e82b6f11f@group-113B51A5152A: change Leader from null to c401f17a-f2cf-465b-91c0-943e82b6f11f at term 1 for becomeLeader, leader elected after 5216ms
2022-12-22 10:14:09,103 [c401f17a-f2cf-465b-91c0-943e82b6f11f@group-113B51A5152A-LeaderElection7] INFO  server.RaftServerConfigKeys (ConfUtils.java:logGet(46)) - raft.server.staging.catchup.gap = 1000 (default)
2022-12-22 10:14:09,103 [EventQueue-CommandQueueReportForCommandQueueReportHandler] WARN  events.EventQueue (EventQueue.java:fireEvent(216)) - No event handler registered for event TypedEvent{payloadType=DatanodeDetails, name='Datanode_Command_Queue_Updated'}
2022-12-22 10:14:09,104 [c401f17a-f2cf-465b-91c0-943e82b6f11f@group-113B51A5152A-LeaderElection7] INFO  server.RaftServerConfigKeys (ConfUtils.java:logGet(46)) - raft.server.write.element-limit = 1024 (custom)
2022-12-22 10:14:09,104 [c401f17a-f2cf-465b-91c0-943e82b6f11f@group-113B51A5152A-LeaderElection7] INFO  server.RaftServerConfigKeys (ConfUtils.java:logGet(46)) - raft.server.write.byte-limit = 1024 M (=1073741824) (custom)
2022-12-22 10:14:09,104 [c401f17a-f2cf-465b-91c0-943e82b6f11f@group-113B51A5152A-LeaderElection7] INFO  server.RaftServerConfigKeys (ConfUtils.java:logGet(46)) - raft.server.watch.timeout = 180s (custom)
2022-12-22 10:14:09,104 [c401f17a-f2cf-465b-91c0-943e82b6f11f@group-113B51A5152A-LeaderElection7] INFO  server.RaftServerConfigKeys (ConfUtils.java:logGet(46)) - raft.server.watch.timeout.denomination = 1s (default)
2022-12-22 10:14:09,104 [c401f17a-f2cf-465b-91c0-943e82b6f11f@group-113B51A5152A-LeaderElection7] INFO  server.RaftServerConfigKeys (ConfUtils.java:logGet(46)) - raft.server.watch.element-limit = 65536 (default)
2022-12-22 10:14:09,104 [c401f17a-f2cf-465b-91c0-943e82b6f11f@group-113B51A5152A-LeaderElection7] INFO  server.RaftServerConfigKeys (ConfUtils.java:logGet(46)) - raft.server.write.element-limit = 1024 (custom)
2022-12-22 10:14:09,104 [c401f17a-f2cf-465b-91c0-943e82b6f11f@group-113B51A5152A-LeaderElection7] INFO  server.RaftServerConfigKeys (ConfUtils.java:logGet(46)) - raft.server.write.follower.gap.ratio.max = -1.0 (default)
2022-12-22 10:14:09,104 [c401f17a-f2cf-465b-91c0-943e82b6f11f@group-113B51A5152A-LeaderElection7] INFO  impl.RoleInfo (RoleInfo.java:updateAndGet(139)) - c401f17a-f2cf-465b-91c0-943e82b6f11f: start c401f17a-f2cf-465b-91c0-943e82b6f11f@group-113B51A5152A-LeaderStateImpl
2022-12-22 10:14:09,105 [c401f17a-f2cf-465b-91c0-943e82b6f11f@group-113B51A5152A-LeaderElection7] INFO  segmented.SegmentedRaftLogWorker (SegmentedRaftLogWorker.java:startLogSegment(452)) - c401f17a-f2cf-465b-91c0-943e82b6f11f@group-113B51A5152A-SegmentedRaftLogWorker: Starting segment from index:0
2022-12-22 10:14:09,106 [c401f17a-f2cf-465b-91c0-943e82b6f11f@group-113B51A5152A-SegmentedRaftLogWorker] INFO  segmented.SegmentedRaftLogWorker (SegmentedRaftLogWorker.java:execute(656)) - c401f17a-f2cf-465b-91c0-943e82b6f11f@group-113B51A5152A-SegmentedRaftLogWorker: created new log segment /home/runner/work/ozone/ozone/hadoop-ozone/integration-test/target/test-dir/MiniOzoneClusterImpl-25092133-3ddf-4dd3-9c34-1a0a2119317e/datanode-1/data/ratis/9529daf3-e263-405b-a763-113b51a5152a/current/log_inprogress_0
2022-12-22 10:14:09,106 [c401f17a-f2cf-465b-91c0-943e82b6f11f@group-113B51A5152A-LeaderElection7] INFO  server.RaftServer$Division (ServerState.java:setRaftConf(430)) - c401f17a-f2cf-465b-91c0-943e82b6f11f@group-113B51A5152A: set configuration 0: peers:[c401f17a-f2cf-465b-91c0-943e82b6f11f|rpc:127.0.0.1:34811|dataStream:127.0.0.1:43401|priority:1|startupRole:FOLLOWER]|listeners:[], old=null
2022-12-22 10:14:09,228 [Listener at 127.0.0.1/46501] INFO  ozone.MiniOzoneClusterImpl (MiniOzoneClusterImpl.java:lambda$waitForClusterToBeReady$0(217)) - Nodes are ready. Got 3 of 3 DN Heartbeats.
2022-12-22 10:14:09,228 [Listener at 127.0.0.1/46501] INFO  ozone.MiniOzoneClusterImpl (MiniOzoneClusterImpl.java:lambda$waitForClusterToBeReady$0(220)) - Cluster exits safe mode
2022-12-22 10:14:09,228 [Listener at 127.0.0.1/46501] INFO  ozone.MiniOzoneClusterImpl (MiniOzoneClusterImpl.java:lambda$waitForClusterToBeReady$0(222)) - SCM became leader
2022-12-22 10:14:09,233 [EventQueue-CommandQueueReportForCommandQueueReportHandler] WARN  events.EventQueue (EventQueue.java:fireEvent(216)) - No event handler registered for event TypedEvent{payloadType=DatanodeDetails, name='Datanode_Command_Queue_Updated'}
2022-12-22 10:14:09,410 [9d8e2230-e250-45fc-b4c7-3e2f1170721a@group-351C805F3FD3-FollowerState] INFO  impl.FollowerState (FollowerState.java:run(143)) - 9d8e2230-e250-45fc-b4c7-3e2f1170721a@group-351C805F3FD3-FollowerState: change to CANDIDATE, lastRpcElapsedTime:5166527626ns, electionTimeout:5166ms
2022-12-22 10:14:09,411 [9d8e2230-e250-45fc-b4c7-3e2f1170721a@group-351C805F3FD3-FollowerState] INFO  impl.RoleInfo (RoleInfo.java:shutdownFollowerState(110)) - 9d8e2230-e250-45fc-b4c7-3e2f1170721a: shutdown 9d8e2230-e250-45fc-b4c7-3e2f1170721a@group-351C805F3FD3-FollowerState
2022-12-22 10:14:09,411 [9d8e2230-e250-45fc-b4c7-3e2f1170721a@group-351C805F3FD3-FollowerState] INFO  server.RaftServer$Division (RaftServerImpl.java:setRole(321)) - 9d8e2230-e250-45fc-b4c7-3e2f1170721a@group-351C805F3FD3: changes role from  FOLLOWER to CANDIDATE at term 0 for changeToCandidate
2022-12-22 10:14:09,411 [9d8e2230-e250-45fc-b4c7-3e2f1170721a@group-351C805F3FD3-FollowerState] INFO  server.RaftServerConfigKeys (ConfUtils.java:logGet(46)) - raft.server.leaderelection.pre-vote = false (custom)
2022-12-22 10:14:09,411 [9d8e2230-e250-45fc-b4c7-3e2f1170721a@group-351C805F3FD3-FollowerState] INFO  impl.RoleInfo (RoleInfo.java:updateAndGet(139)) - 9d8e2230-e250-45fc-b4c7-3e2f1170721a: start 9d8e2230-e250-45fc-b4c7-3e2f1170721a@group-351C805F3FD3-LeaderElection8
2022-12-22 10:14:09,431 [9d8e2230-e250-45fc-b4c7-3e2f1170721a@group-351C805F3FD3-LeaderElection8] INFO  impl.LeaderElection (LeaderElection.java:askForVotes(312)) - 9d8e2230-e250-45fc-b4c7-3e2f1170721a@group-351C805F3FD3-LeaderElection8 ELECTION round 0: submit vote requests at term 1 for -1: peers:[9d8e2230-e250-45fc-b4c7-3e2f1170721a|rpc:127.0.0.1:46029|dataStream:127.0.0.1:40427|priority:1|startupRole:FOLLOWER]|listeners:[], old=null
2022-12-22 10:14:09,431 [9d8e2230-e250-45fc-b4c7-3e2f1170721a@group-351C805F3FD3-LeaderElection8] INFO  impl.LeaderElection (LeaderElection.java:askForVotes(314)) - 9d8e2230-e250-45fc-b4c7-3e2f1170721a@group-351C805F3FD3-LeaderElection8 ELECTION round 0: result PASSED (term=1)
2022-12-22 10:14:09,431 [9d8e2230-e250-45fc-b4c7-3e2f1170721a@group-351C805F3FD3-LeaderElection8] INFO  impl.RoleInfo (RoleInfo.java:shutdownLeaderElection(130)) - 9d8e2230-e250-45fc-b4c7-3e2f1170721a: shutdown 9d8e2230-e250-45fc-b4c7-3e2f1170721a@group-351C805F3FD3-LeaderElection8
2022-12-22 10:14:09,431 [9d8e2230-e250-45fc-b4c7-3e2f1170721a@group-351C805F3FD3-LeaderElection8] INFO  server.RaftServer$Division (RaftServerImpl.java:setRole(321)) - 9d8e2230-e250-45fc-b4c7-3e2f1170721a@group-351C805F3FD3: changes role from CANDIDATE to LEADER at term 1 for changeToLeader
2022-12-22 10:14:09,431 [9d8e2230-e250-45fc-b4c7-3e2f1170721a@group-351C805F3FD3-LeaderElection8] INFO  ratis.XceiverServerRatis (XceiverServerRatis.java:handleLeaderChangedNotification(904)) - Leader change notification received for group: group-351C805F3FD3 with new leaderId: 9d8e2230-e250-45fc-b4c7-3e2f1170721a
2022-12-22 10:14:09,431 [9d8e2230-e250-45fc-b4c7-3e2f1170721a@group-351C805F3FD3-LeaderElection8] INFO  server.RaftServer$Division (ServerState.java:setLeader(313)) - 9d8e2230-e250-45fc-b4c7-3e2f1170721a@group-351C805F3FD3: change Leader from null to 9d8e2230-e250-45fc-b4c7-3e2f1170721a at term 1 for becomeLeader, leader elected after 5208ms
2022-12-22 10:14:09,431 [9d8e2230-e250-45fc-b4c7-3e2f1170721a@group-351C805F3FD3-LeaderElection8] INFO  server.RaftServerConfigKeys (ConfUtils.java:logGet(46)) - raft.server.staging.catchup.gap = 1000 (default)
2022-12-22 10:14:09,432 [9d8e2230-e250-45fc-b4c7-3e2f1170721a@group-351C805F3FD3-LeaderElection8] INFO  server.RaftServerConfigKeys (ConfUtils.java:logGet(46)) - raft.server.write.element-limit = 1024 (custom)
2022-12-22 10:14:09,432 [9d8e2230-e250-45fc-b4c7-3e2f1170721a@group-351C805F3FD3-LeaderElection8] INFO  server.RaftServerConfigKeys (ConfUtils.java:logGet(46)) - raft.server.write.byte-limit = 1024 M (=1073741824) (custom)
2022-12-22 10:14:09,432 [9d8e2230-e250-45fc-b4c7-3e2f1170721a@group-351C805F3FD3-LeaderElection8] INFO  server.RaftServerConfigKeys (ConfUtils.java:logGet(46)) - raft.server.watch.timeout = 180s (custom)
2022-12-22 10:14:09,432 [9d8e2230-e250-45fc-b4c7-3e2f1170721a@group-351C805F3FD3-LeaderElection8] INFO  server.RaftServerConfigKeys (ConfUtils.java:logGet(46)) - raft.server.watch.timeout.denomination = 1s (default)
2022-12-22 10:14:09,432 [9d8e2230-e250-45fc-b4c7-3e2f1170721a@group-351C805F3FD3-LeaderElection8] INFO  server.RaftServerConfigKeys (ConfUtils.java:logGet(46)) - raft.server.watch.element-limit = 65536 (default)
2022-12-22 10:14:09,432 [9d8e2230-e250-45fc-b4c7-3e2f1170721a@group-351C805F3FD3-LeaderElection8] INFO  server.RaftServerConfigKeys (ConfUtils.java:logGet(46)) - raft.server.write.element-limit = 1024 (custom)
2022-12-22 10:14:09,432 [9d8e2230-e250-45fc-b4c7-3e2f1170721a@group-351C805F3FD3-LeaderElection8] INFO  server.RaftServerConfigKeys (ConfUtils.java:logGet(46)) - raft.server.write.follower.gap.ratio.max = -1.0 (default)
2022-12-22 10:14:09,433 [9d8e2230-e250-45fc-b4c7-3e2f1170721a@group-351C805F3FD3-LeaderElection8] INFO  impl.RoleInfo (RoleInfo.java:updateAndGet(139)) - 9d8e2230-e250-45fc-b4c7-3e2f1170721a: start 9d8e2230-e250-45fc-b4c7-3e2f1170721a@group-351C805F3FD3-LeaderStateImpl
2022-12-22 10:14:09,433 [9d8e2230-e250-45fc-b4c7-3e2f1170721a@group-351C805F3FD3-LeaderElection8] INFO  segmented.SegmentedRaftLogWorker (SegmentedRaftLogWorker.java:startLogSegment(452)) - 9d8e2230-e250-45fc-b4c7-3e2f1170721a@group-351C805F3FD3-SegmentedRaftLogWorker: Starting segment from index:0
2022-12-22 10:14:09,434 [9d8e2230-e250-45fc-b4c7-3e2f1170721a@group-351C805F3FD3-SegmentedRaftLogWorker] INFO  segmented.SegmentedRaftLogWorker (SegmentedRaftLogWorker.java:execute(656)) - 9d8e2230-e250-45fc-b4c7-3e2f1170721a@group-351C805F3FD3-SegmentedRaftLogWorker: created new log segment /home/runner/work/ozone/ozone/hadoop-ozone/integration-test/target/test-dir/MiniOzoneClusterImpl-25092133-3ddf-4dd3-9c34-1a0a2119317e/datanode-2/data/ratis/d1f38191-d1b5-47b1-a059-351c805f3fd3/current/log_inprogress_0
2022-12-22 10:14:09,434 [EventQueue-CommandQueueReportForCommandQueueReportHandler] WARN  events.EventQueue (EventQueue.java:fireEvent(216)) - No event handler registered for event TypedEvent{payloadType=DatanodeDetails, name='Datanode_Command_Queue_Updated'}
2022-12-22 10:14:09,437 [9d8e2230-e250-45fc-b4c7-3e2f1170721a@group-351C805F3FD3-LeaderElection8] INFO  server.RaftServer$Division (ServerState.java:setRaftConf(430)) - 9d8e2230-e250-45fc-b4c7-3e2f1170721a@group-351C805F3FD3: set configuration 0: peers:[9d8e2230-e250-45fc-b4c7-3e2f1170721a|rpc:127.0.0.1:46029|dataStream:127.0.0.1:40427|priority:1|startupRole:FOLLOWER]|listeners:[], old=null
2022-12-22 10:14:09,629 [IPC Server handler 1 on default port 34995] INFO  ha.SCMNodeInfo (SCMNodeInfo.java:getPort(197)) - ConfigKey ozone.scm.client.address is deprecated, For configuring different ports for each SCM use PortConfigKey ozone.scm.client.port appended with serviceId and nodeId
2022-12-22 10:14:09,630 [IPC Server handler 1 on default port 34995] INFO  ha.SCMNodeInfo (SCMNodeInfo.java:getPort(197)) - ConfigKey ozone.scm.block.client.address is deprecated, For configuring different ports for each SCM use PortConfigKey ozone.scm.block.client.port appended with serviceId and nodeId
2022-12-22 10:14:09,630 [IPC Server handler 1 on default port 34995] INFO  ha.SCMNodeInfo (SCMNodeInfo.java:getPort(197)) - ConfigKey ozone.scm.datanode.address is deprecated, For configuring different ports for each SCM use PortConfigKey ozone.scm.datanode.port appended with serviceId and nodeId
2022-12-22 10:14:09,641 [Listener at 127.0.0.1/46501] INFO  rpc.RpcClient (RpcClient.java:createVolume(474)) - Creating Volume: volume12012, with runner as owner and space quota set to -1 bytes, counts quota set to -1
2022-12-22 10:14:09,676 [OM StateMachine ApplyTransaction Thread - 0] INFO  volume.OMVolumeCreateRequest (OMVolumeCreateRequest.java:validateAndUpdateCache(195)) - created volume:volume12012 for user:runner
2022-12-22 10:14:09,688 [OM StateMachine ApplyTransaction Thread - 0] INFO  volume.OMVolumeCreateRequest (OMVolumeCreateRequest.java:validateAndUpdateCache(195)) - created volume:volume12012 for user:runner
2022-12-22 10:14:09,676 [OM StateMachine ApplyTransaction Thread - 0] INFO  volume.OMVolumeCreateRequest (OMVolumeCreateRequest.java:validateAndUpdateCache(195)) - created volume:volume12012 for user:runner
2022-12-22 10:14:09,719 [Listener at 127.0.0.1/46501] INFO  rpc.RpcClient (RpcClient.java:createBucket(693)) - Creating Bucket: volume12012/bucket90667, with server-side default bucket layout, runner as owner, Versioning false, Storage Type set to DISK and Encryption set to false 
2022-12-22 10:14:09,736 [OM StateMachine ApplyTransaction Thread - 0] INFO  bucket.OMBucketCreateRequest (OMBucketCreateRequest.java:validateAndUpdateCache(260)) - created bucket: bucket90667 of layout LEGACY in volume: volume12012
2022-12-22 10:14:09,744 [OM StateMachine ApplyTransaction Thread - 0] INFO  bucket.OMBucketCreateRequest (OMBucketCreateRequest.java:validateAndUpdateCache(260)) - created bucket: bucket90667 of layout LEGACY in volume: volume12012
2022-12-22 10:14:09,744 [OM StateMachine ApplyTransaction Thread - 0] INFO  bucket.OMBucketCreateRequest (OMBucketCreateRequest.java:validateAndUpdateCache(260)) - created bucket: bucket90667 of layout LEGACY in volume: volume12012
2022-12-22 10:14:09,809 [IPC Server handler 96 on default port 35153] INFO  ha.SequenceIdGenerator (SequenceIdGenerator.java:getNextId(128)) - Allocate a batch for containerId, change lastId from 0 to 1000.
2022-12-22 10:14:09,836 [EventQueue-CommandQueueReportForCommandQueueReportHandler] WARN  events.EventQueue (EventQueue.java:fireEvent(216)) - No event handler registered for event TypedEvent{payloadType=DatanodeDetails, name='Datanode_Command_Queue_Updated'}
2022-12-22 10:14:09,834 [c0744bfc-8c9a-4b67-b2fe-e4eb0bfece68@group-1A0A2119317E-StateMachineUpdater] WARN  ha.SequenceIdGenerator (SequenceIdGenerator.java:allocateBatch(237)) - Failed to allocate a batch for localId, expected lastId is 0, actual lastId is 109611004723200000.
2022-12-22 10:14:09,839 [IPC Server handler 96 on default port 35153] INFO  ha.SequenceIdGenerator (SequenceIdGenerator.java:getNextId(128)) - Allocate a batch for localId, change lastId from 109611004723200000 to 109611004723201000.
2022-12-22 10:14:09,943 [Listener at 127.0.0.1/46501] INFO  impl.MetricsSystemImpl (MetricsSystemImpl.java:init(158)) - XceiverClientMetrics metrics system started (again)
2022-12-22 10:14:10,100 [EventQueue-CommandQueueReportForCommandQueueReportHandler] WARN  events.EventQueue (EventQueue.java:fireEvent(216)) - No event handler registered for event TypedEvent{payloadType=DatanodeDetails, name='Datanode_Command_Queue_Updated'}
2022-12-22 10:14:10,163 [Listener at 127.0.0.1/46501] INFO  om.OzoneManager (OzoneManager.java:stop(2038)) - omNode-2[localhost:46173]: Stopping Ozone Manager
2022-12-22 10:14:10,163 [Listener at 127.0.0.1/46501] INFO  ipc.Server (Server.java:stop(3428)) - Stopping server on 46173
2022-12-22 10:14:10,168 [IPC Server Responder] INFO  ipc.Server (Server.java:run(1517)) - Stopping IPC Server Responder
2022-12-22 10:14:10,168 [IPC Server listener on 46173] INFO  ipc.Server (Server.java:run(1384)) - Stopping IPC Server listener on 46173
2022-12-22 10:14:10,168 [Listener at 127.0.0.1/46501] INFO  server.RaftServer (RaftServerProxy.java:lambda$close$6(409)) - omNode-2: close
2022-12-22 10:14:10,169 [Listener at 127.0.0.1/46501] INFO  server.GrpcService (GrpcService.java:closeImpl(271)) - omNode-2: shutdown server GrpcServerProtocolService now
2022-12-22 10:14:10,169 [omNode-2-impl-thread1] INFO  server.RaftServer$Division (RaftServerImpl.java:lambda$close$4(458)) - omNode-2@group-0AAC5367B30E: shutdown
2022-12-22 10:14:10,171 [omNode-2-impl-thread1] INFO  util.JmxRegister (JmxRegister.java:unregister(73)) - Successfully un-registered JMX Bean with object name Ratis:service=RaftServer,group=group-0AAC5367B30E,id=omNode-2
2022-12-22 10:14:10,171 [omNode-2-impl-thread1] INFO  impl.RoleInfo (RoleInfo.java:shutdownFollowerState(110)) - omNode-2: shutdown omNode-2@group-0AAC5367B30E-FollowerState
2022-12-22 10:14:10,183 [omNode-2-impl-thread1] INFO  impl.StateMachineUpdater (StateMachineUpdater.java:stopAndJoin(153)) - omNode-2@group-0AAC5367B30E-StateMachineUpdater: set stopIndex = 6
2022-12-22 10:14:10,183 [omNode-2@group-0AAC5367B30E-FollowerState] INFO  impl.FollowerState (FollowerState.java:run(152)) - omNode-2@group-0AAC5367B30E-FollowerState was interrupted
2022-12-22 10:14:10,184 [omNode-2@group-0AAC5367B30E-StateMachineUpdater] INFO  ratis.OzoneManagerStateMachine (OzoneManagerStateMachine.java:takeSnapshot(445)) - Current Snapshot Index (t:1, i:6)
2022-12-22 10:14:10,184 [omNode-2@group-0AAC5367B30E-StateMachineUpdater] INFO  impl.StateMachineUpdater (StateMachineUpdater.java:takeSnapshot(287)) - omNode-2@group-0AAC5367B30E-StateMachineUpdater: Took a snapshot at index 6
2022-12-22 10:14:10,184 [omNode-2@group-0AAC5367B30E-StateMachineUpdater] INFO  impl.StateMachineUpdater (StateMachineUpdater.java:lambda$new$0(92)) - omNode-2@group-0AAC5367B30E-StateMachineUpdater: snapshotIndex: updateIncreasingly -1 -> 6
2022-12-22 10:14:10,184 [omNode-2@group-0AAC5367B30E-StateMachineUpdater] INFO  ratis.OzoneManagerStateMachine (OzoneManagerStateMachine.java:close(499)) - StateMachine has shutdown. Shutdown OzoneManager if not already shutdown.
2022-12-22 10:14:10,184 [omNode-2@group-0AAC5367B30E-StateMachineUpdater] INFO  ratis.OzoneManagerDoubleBuffer (OzoneManagerDoubleBuffer.java:stop(466)) - Stopping OMDoubleBuffer flush thread
2022-12-22 10:14:10,188 [grpc-default-executor-2] WARN  server.GrpcServerProtocolService (LogUtils.java:warn(122)) - omNode-2: installSnapshot onError, lastRequest: null: org.apache.ratis.thirdparty.io.grpc.StatusRuntimeException: CANCELLED: client cancelled
2022-12-22 10:14:10,192 [Listener at 127.0.0.1/46501] INFO  server.GrpcService (GrpcService.java:closeImpl(280)) - omNode-2: shutdown server GrpcServerProtocolService successfully
2022-12-22 10:14:10,193 [omNode-2-NettyServerStreamRpc-bossGroup--thread1] INFO  logging.LoggingHandler (AbstractInternalLogger.java:log(148)) - [id: 0xa87ca1bd, L:/0:0:0:0:0:0:0:0:33005] CLOSE
2022-12-22 10:14:10,200 [omNode-2-NettyServerStreamRpc-bossGroup--thread1] INFO  logging.LoggingHandler (AbstractInternalLogger.java:log(148)) - [id: 0xa87ca1bd, L:/0:0:0:0:0:0:0:0:33005] INACTIVE
2022-12-22 10:14:10,200 [omNode-2-NettyServerStreamRpc-bossGroup--thread1] INFO  logging.LoggingHandler (AbstractInternalLogger.java:log(148)) - [id: 0xa87ca1bd, L:/0:0:0:0:0:0:0:0:33005] UNREGISTERED
2022-12-22 10:14:10,202 [grpc-default-executor-3] WARN  server.GrpcServerProtocolService (LogUtils.java:warn(122)) - omNode-2: installSnapshot onError, lastRequest: omNode-1->omNode-2#86-t1,previous=(t:1, i:7),leaderCommit=7,initializing? true,entries: size=1, first=(t:1, i:8), METADATAENTRY(c:7): org.apache.ratis.thirdparty.io.grpc.StatusRuntimeException: CANCELLED: client cancelled
2022-12-22 10:14:10,184 [OMDoubleBufferFlushThread] INFO  ratis.OzoneManagerDoubleBuffer (OzoneManagerDoubleBuffer.java:flushTransactions(385)) - OMDoubleBuffer flush thread OMDoubleBufferFlushThread is interrupted and will exit.
2022-12-22 10:14:10,214 [omNode-2-impl-thread1] INFO  server.RaftServer$Division (ServerState.java:close(466)) - omNode-2@group-0AAC5367B30E: closes. applyIndex: 6
2022-12-22 10:14:10,214 [omNode-2@group-0AAC5367B30E-SegmentedRaftLogWorker] INFO  segmented.SegmentedRaftLogWorker (SegmentedRaftLogWorker.java:run(347)) - omNode-2@group-0AAC5367B30E-SegmentedRaftLogWorker was interrupted, exiting. There are 0 tasks remaining in the queue.
2022-12-22 10:14:10,225 [omNode-2-impl-thread1] INFO  segmented.SegmentedRaftLogWorker (SegmentedRaftLogWorker.java:close(257)) - omNode-2@group-0AAC5367B30E-SegmentedRaftLogWorker close()
2022-12-22 10:14:10,225 [JvmPauseMonitor3] INFO  util.JvmPauseMonitor (JvmPauseMonitor.java:run(111)) - JvmPauseMonitor-omNode-2: Stopped
2022-12-22 10:14:10,225 [Listener at 127.0.0.1/46501] INFO  ratis.OzoneManagerStateMachine (OzoneManagerStateMachine.java:close(499)) - StateMachine has shutdown. Shutdown OzoneManager if not already shutdown.
2022-12-22 10:14:10,225 [Listener at 127.0.0.1/46501] INFO  ratis.OzoneManagerDoubleBuffer (OzoneManagerDoubleBuffer.java:stop(478)) - OMDoubleBuffer flush thread is not running.
2022-12-22 10:14:10,226 [Listener at 127.0.0.1/46501] INFO  utils.BackgroundService (BackgroundService.java:shutdown(141)) - Shutting down service KeyDeletingService
2022-12-22 10:14:10,226 [Listener at 127.0.0.1/46501] INFO  utils.BackgroundService (BackgroundService.java:shutdown(141)) - Shutting down service DirectoryDeletingService
2022-12-22 10:14:10,226 [Listener at 127.0.0.1/46501] INFO  utils.BackgroundService (BackgroundService.java:shutdown(141)) - Shutting down service OpenKeyCleanupService
2022-12-22 10:14:10,228 [Listener at 127.0.0.1/46501] INFO  handler.ContextHandler (ContextHandler.java:doStop(1159)) - Stopped o.e.j.w.WebAppContext@65eb3095{ozoneManager,/,null,STOPPED}{file:/home/runner/work/ozone/ozone/hadoop-ozone/integration-test/target/test-classes/webapps/ozoneManager}
2022-12-22 10:14:10,231 [Listener at 127.0.0.1/46501] INFO  server.AbstractConnector (AbstractConnector.java:doStop(383)) - Stopped ServerConnector@6760a74e{HTTP/1.1, (http/1.1)}{0.0.0.0:44755}
2022-12-22 10:14:10,231 [Listener at 127.0.0.1/46501] INFO  server.session (HouseKeeper.java:stopScavenging(149)) - node0 Stopped scavenging
2022-12-22 10:14:10,232 [Listener at 127.0.0.1/46501] INFO  handler.ContextHandler (ContextHandler.java:doStop(1159)) - Stopped o.e.j.s.ServletContextHandler@135f3f19{static,/static,file:///home/runner/work/ozone/ozone/hadoop-ozone/integration-test/target/test-classes/webapps/static,STOPPED}
2022-12-22 10:14:10,232 [Listener at 127.0.0.1/46501] INFO  handler.ContextHandler (ContextHandler.java:doStop(1159)) - Stopped o.e.j.s.ServletContextHandler@333674ad{logs,/logs,file:///home/runner/work/ozone/ozone/hadoop-ozone/integration-test/target/log,STOPPED}
2022-12-22 10:14:10,241 [Listener at 127.0.0.1/46501] INFO  ha.OMHANodeDetails (OMHANodeDetails.java:loadOMHAConfig(121)) - ServiceID for OzoneManager is om-add-remove
2022-12-22 10:14:10,241 [Listener at 127.0.0.1/46501] INFO  ha.OMHANodeDetails (OMHANodeDetails.java:loadOMHAConfig(201)) - Found matching OM address with OMServiceId: om-add-remove, OMNodeId: omNode-bootstrap-1, RPC Address: localhost:43655 and Ratis port: 39287
2022-12-22 10:14:10,242 [Listener at 127.0.0.1/46501] INFO  ha.OMHANodeDetails (ConfUtils.java:setNodeSpecificConfigs(97)) - Setting configuration key ozone.om.http-address with value of key ozone.om.http-address.om-add-remove.omNode-bootstrap-1: 127.0.0.1:37173
2022-12-22 10:14:10,242 [Listener at 127.0.0.1/46501] INFO  ha.OMHANodeDetails (ConfUtils.java:setNodeSpecificConfigs(97)) - Setting configuration key ozone.om.https-address with value of key ozone.om.https-address.om-add-remove.omNode-bootstrap-1: 127.0.0.1:40991
2022-12-22 10:14:10,242 [Listener at 127.0.0.1/46501] INFO  ha.OMHANodeDetails (ConfUtils.java:setNodeSpecificConfigs(97)) - Setting configuration key ozone.om.address with value of key ozone.om.address.om-add-remove.omNode-bootstrap-1: 127.0.0.1:43655
2022-12-22 10:14:10,242 [Listener at 127.0.0.1/46501] WARN  server.ServerUtils (ServerUtils.java:getDBPath(225)) - ozone.om.db.dirs is not configured. We recommend adding this setting. Falling back to ozone.metadata.dirs instead.
2022-12-22 10:14:10,243 [Listener at 127.0.0.1/46501] INFO  ha.SCMNodeInfo (SCMNodeInfo.java:getPort(197)) - ConfigKey ozone.scm.client.address is deprecated, For configuring different ports for each SCM use PortConfigKey ozone.scm.client.port appended with serviceId and nodeId
2022-12-22 10:14:10,243 [Listener at 127.0.0.1/46501] INFO  ha.SCMNodeInfo (SCMNodeInfo.java:getPort(197)) - ConfigKey ozone.scm.block.client.address is deprecated, For configuring different ports for each SCM use PortConfigKey ozone.scm.block.client.port appended with serviceId and nodeId
2022-12-22 10:14:10,243 [Listener at 127.0.0.1/46501] INFO  ha.SCMNodeInfo (SCMNodeInfo.java:getPort(197)) - ConfigKey ozone.scm.datanode.address is deprecated, For configuring different ports for each SCM use PortConfigKey ozone.scm.datanode.port appended with serviceId and nodeId
2022-12-22 10:14:10,243 [Listener at 127.0.0.1/46501] INFO  proxy.SCMBlockLocationFailoverProxyProvider (SCMBlockLocationFailoverProxyProvider.java:<init>(114)) - Created block location fail-over proxy with 1 nodes: [nodeId=scmNode-1,nodeAddress=/127.0.0.1:35153]
OM initialization succeeded.Current cluster id for sd=/home/runner/work/ozone/ozone/hadoop-ozone/integration-test/target/test-dir/MiniOzoneClusterImpl-25092133-3ddf-4dd3-9c34-1a0a2119317e/omNode-bootstrap-1/om;cid=25092133-3ddf-4dd3-9c34-1a0a2119317e;layoutVersion=3
2022-12-22 10:14:10,260 [Listener at 127.0.0.1/46501] INFO  ha.OMHANodeDetails (OMHANodeDetails.java:loadOMHAConfig(121)) - ServiceID for OzoneManager is om-add-remove
2022-12-22 10:14:10,261 [Listener at 127.0.0.1/46501] INFO  ha.OMHANodeDetails (OMHANodeDetails.java:loadOMHAConfig(201)) - Found matching OM address with OMServiceId: om-add-remove, OMNodeId: omNode-bootstrap-1, RPC Address: localhost:43655 and Ratis port: 39287
2022-12-22 10:14:10,261 [Listener at 127.0.0.1/46501] INFO  ha.OMHANodeDetails (ConfUtils.java:setNodeSpecificConfigs(97)) - Setting configuration key ozone.om.http-address with value of key ozone.om.http-address.om-add-remove.omNode-bootstrap-1: 127.0.0.1:37173
2022-12-22 10:14:10,261 [Listener at 127.0.0.1/46501] INFO  ha.OMHANodeDetails (ConfUtils.java:setNodeSpecificConfigs(97)) - Setting configuration key ozone.om.https-address with value of key ozone.om.https-address.om-add-remove.omNode-bootstrap-1: 127.0.0.1:40991
2022-12-22 10:14:10,261 [Listener at 127.0.0.1/46501] INFO  ha.OMHANodeDetails (ConfUtils.java:setNodeSpecificConfigs(97)) - Setting configuration key ozone.om.address with value of key ozone.om.address.om-add-remove.omNode-bootstrap-1: 127.0.0.1:43655
2022-12-22 10:14:10,261 [Listener at 127.0.0.1/46501] WARN  server.ServerUtils (ServerUtils.java:getDBPath(225)) - ozone.om.db.dirs is not configured. We recommend adding this setting. Falling back to ozone.metadata.dirs instead.
2022-12-22 10:14:10,262 [Listener at 127.0.0.1/46501] INFO  upgrade.AbstractLayoutVersionManager (AbstractLayoutVersionManager.java:init(83)) - Initializing Layout version manager with metadata layout = MULTITENANCY_SCHEMA (version = 3), software layout = MULTITENANCY_SCHEMA (version = 3)
2022-12-22 10:14:10,605 [JvmPauseMonitor2] WARN  util.JvmPauseMonitor (JvmPauseMonitor.java:detectPause(126)) - JvmPauseMonitor-omNode-1: Detected pause in JVM or host machine (eg GC): pause of approximately 153756691ns.
GC pool 'PS MarkSweep' had collection(s): count=1 time=219ms
GC pool 'PS Scavenge' had collection(s): count=1 time=66ms
2022-12-22 10:14:10,606 [JvmPauseMonitor6] WARN  util.JvmPauseMonitor (JvmPauseMonitor.java:detectPause(126)) - JvmPauseMonitor-c401f17a-f2cf-465b-91c0-943e82b6f11f: Detected pause in JVM or host machine (eg GC): pause of approximately 186120828ns.
GC pool 'PS MarkSweep' had collection(s): count=1 time=219ms
GC pool 'PS Scavenge' had collection(s): count=1 time=66ms
2022-12-22 10:14:10,607 [EventQueue-CommandQueueReportForCommandQueueReportHandler] WARN  events.EventQueue (EventQueue.java:fireEvent(216)) - No event handler registered for event TypedEvent{payloadType=DatanodeDetails, name='Datanode_Command_Queue_Updated'}
2022-12-22 10:14:10,607 [JvmPauseMonitor4] WARN  util.JvmPauseMonitor (JvmPauseMonitor.java:detectPause(126)) - JvmPauseMonitor-omNode-3: Detected pause in JVM or host machine (eg GC): pause of approximately 241182498ns.
GC pool 'PS MarkSweep' had collection(s): count=1 time=219ms
GC pool 'PS Scavenge' had collection(s): count=1 time=66ms
2022-12-22 10:14:10,635 [Listener at 127.0.0.1/46501] INFO  reflections.Reflections (Reflections.java:scan(232)) - Reflections took 372 ms to scan 2 urls, producing 154 keys and 428 values [using 2 cores]
2022-12-22 10:14:10,635 [Listener at 127.0.0.1/46501] INFO  upgrade.OMLayoutVersionManager (OMLayoutVersionManager.java:lambda$0(115)) - Skipping Upgrade Action MockOmUpgradeAction since it has been finalized.
2022-12-22 10:14:10,635 [Listener at 127.0.0.1/46501] WARN  server.ServerUtils (ServerUtils.java:getDBPath(225)) - ozone.om.db.dirs is not configured. We recommend adding this setting. Falling back to ozone.metadata.dirs instead.
2022-12-22 10:14:10,636 [Listener at 127.0.0.1/46501] INFO  ha.SCMNodeInfo (SCMNodeInfo.java:getPort(197)) - ConfigKey ozone.scm.client.address is deprecated, For configuring different ports for each SCM use PortConfigKey ozone.scm.client.port appended with serviceId and nodeId
2022-12-22 10:14:10,636 [Listener at 127.0.0.1/46501] INFO  ha.SCMNodeInfo (SCMNodeInfo.java:getPort(197)) - ConfigKey ozone.scm.block.client.address is deprecated, For configuring different ports for each SCM use PortConfigKey ozone.scm.block.client.port appended with serviceId and nodeId
2022-12-22 10:14:10,636 [Listener at 127.0.0.1/46501] INFO  ha.SCMNodeInfo (SCMNodeInfo.java:getPort(197)) - ConfigKey ozone.scm.datanode.address is deprecated, For configuring different ports for each SCM use PortConfigKey ozone.scm.datanode.port appended with serviceId and nodeId
2022-12-22 10:14:10,636 [Listener at 127.0.0.1/46501] INFO  ha.SCMNodeInfo (SCMNodeInfo.java:getPort(197)) - ConfigKey ozone.scm.client.address is deprecated, For configuring different ports for each SCM use PortConfigKey ozone.scm.client.port appended with serviceId and nodeId
2022-12-22 10:14:10,636 [Listener at 127.0.0.1/46501] INFO  ha.SCMNodeInfo (SCMNodeInfo.java:getPort(197)) - ConfigKey ozone.scm.block.client.address is deprecated, For configuring different ports for each SCM use PortConfigKey ozone.scm.block.client.port appended with serviceId and nodeId
2022-12-22 10:14:10,636 [Listener at 127.0.0.1/46501] INFO  ha.SCMNodeInfo (SCMNodeInfo.java:getPort(197)) - ConfigKey ozone.scm.datanode.address is deprecated, For configuring different ports for each SCM use PortConfigKey ozone.scm.datanode.port appended with serviceId and nodeId
2022-12-22 10:14:10,636 [Listener at 127.0.0.1/46501] INFO  proxy.SCMBlockLocationFailoverProxyProvider (SCMBlockLocationFailoverProxyProvider.java:<init>(114)) - Created block location fail-over proxy with 1 nodes: [nodeId=scmNode-1,nodeAddress=/127.0.0.1:35153]
2022-12-22 10:14:10,638 [Listener at 127.0.0.1/46501] INFO  ha.SCMNodeInfo (SCMNodeInfo.java:getPort(197)) - ConfigKey ozone.scm.client.address is deprecated, For configuring different ports for each SCM use PortConfigKey ozone.scm.client.port appended with serviceId and nodeId
2022-12-22 10:14:10,638 [Listener at 127.0.0.1/46501] INFO  ha.SCMNodeInfo (SCMNodeInfo.java:getPort(197)) - ConfigKey ozone.scm.block.client.address is deprecated, For configuring different ports for each SCM use PortConfigKey ozone.scm.block.client.port appended with serviceId and nodeId
2022-12-22 10:14:10,638 [Listener at 127.0.0.1/46501] INFO  ha.SCMNodeInfo (SCMNodeInfo.java:getPort(197)) - ConfigKey ozone.scm.datanode.address is deprecated, For configuring different ports for each SCM use PortConfigKey ozone.scm.datanode.port appended with serviceId and nodeId
2022-12-22 10:14:10,638 [Listener at 127.0.0.1/46501] INFO  proxy.SCMBlockLocationFailoverProxyProvider (SCMBlockLocationFailoverProxyProvider.java:<init>(114)) - Created block location fail-over proxy with 1 nodes: [nodeId=scmNode-1,nodeAddress=/127.0.0.1:35153]
2022-12-22 10:14:10,644 [Listener at 127.0.0.1/46501] WARN  server.ServerUtils (ServerUtils.java:getDBPath(225)) - ozone.om.db.dirs is not configured. We recommend adding this setting. Falling back to ozone.metadata.dirs instead.
2022-12-22 10:14:10,644 [Listener at 127.0.0.1/46501] INFO  codec.OmKeyInfoCodec (OmKeyInfoCodec.java:<init>(49)) - OmKeyInfoCodec ignorePipeline = true
2022-12-22 10:14:10,644 [Listener at 127.0.0.1/46501] INFO  codec.RepeatedOmKeyInfoCodec (RepeatedOmKeyInfoCodec.java:<init>(41)) - RepeatedOmKeyInfoCodec ignorePipeline = true
2022-12-22 10:14:10,781 [Listener at 127.0.0.1/46501] INFO  om.OzoneManager (OzoneManager.java:instantiateServices(717)) - S3 Multi-Tenancy is disabled
2022-12-22 10:14:10,783 [Listener at 127.0.0.1/46501] INFO  om.OzoneManager (OzoneManager.java:addS3GVolumeToDB(4402)) - Created Volume s3v With Owner runner required for S3Gateway operations.
2022-12-22 10:14:10,783 [Listener at 127.0.0.1/46501] WARN  server.ServerUtils (ServerUtils.java:getDefaultRatisDirectory(237)) - Storage directory for Ratis is not configured. It is a good idea to map this to an SSD disk. Falling back to ozone.metadata.dirs
2022-12-22 10:14:10,784 [Listener at 127.0.0.1/46501] WARN  utils.OzoneManagerRatisUtils (OzoneManagerRatisUtils.java:getOMRatisSnapshotDirectory(434)) - ozone.om.ratis.snapshot.dir is not configured. Falling back to ozone.metadata.dirs config
2022-12-22 10:14:10,784 [Listener at 127.0.0.1/46501] INFO  snapshot.OzoneManagerSnapshotProvider (OzoneManagerSnapshotProvider.java:<init>(76)) - Initializing OM Snapshot Provider
2022-12-22 10:14:10,786 [Listener at 127.0.0.1/46501] WARN  server.ServerUtils (ServerUtils.java:getDefaultRatisDirectory(237)) - Storage directory for Ratis is not configured. It is a good idea to map this to an SSD disk. Falling back to ozone.metadata.dirs
2022-12-22 10:14:10,787 [Listener at 127.0.0.1/46501] INFO  ratis.OzoneManagerRatisServer (OzoneManagerRatisServer.java:<init>(153)) - OM started in Bootstrap mode. Instantiating OM Ratis server with groupID: om-add-remove
2022-12-22 10:14:10,788 [Listener at 127.0.0.1/46501] INFO  ratis.OzoneManagerStateMachine (OzoneManagerStateMachine.java:loadSnapshotInfoFromDB(636)) - LastAppliedIndex is set from TransactionInfo from OM DB as (t:0, i:~)
2022-12-22 10:14:10,788 [Listener at 127.0.0.1/46501] INFO  server.RaftServer (ConfUtils.java:logGet(46)) - raft.rpc.type = GRPC (default)
2022-12-22 10:14:10,789 [Listener at 127.0.0.1/46501] INFO  grpc.GrpcConfigKeys (ConfUtils.java:logFallback(53)) - raft.grpc.admin.host = null (fallback to raft.grpc.server.host)
2022-12-22 10:14:10,789 [Listener at 127.0.0.1/46501] INFO  grpc.GrpcConfigKeys (ConfUtils.java:logFallback(53)) - raft.grpc.admin.port = 39287 (fallback to raft.grpc.server.port)
2022-12-22 10:14:10,789 [Listener at 127.0.0.1/46501] INFO  grpc.GrpcConfigKeys (ConfUtils.java:logFallback(53)) - raft.grpc.client.host = null (fallback to raft.grpc.server.host)
2022-12-22 10:14:10,789 [Listener at 127.0.0.1/46501] INFO  grpc.GrpcConfigKeys (ConfUtils.java:logFallback(53)) - raft.grpc.client.port = 39287 (fallback to raft.grpc.server.port)
2022-12-22 10:14:10,790 [Listener at 127.0.0.1/46501] INFO  grpc.GrpcConfigKeys (ConfUtils.java:logGet(46)) - raft.grpc.server.host = null (default)
2022-12-22 10:14:10,790 [Listener at 127.0.0.1/46501] INFO  grpc.GrpcConfigKeys (ConfUtils.java:logGet(46)) - raft.grpc.server.port = 39287 (custom)
2022-12-22 10:14:10,790 [Listener at 127.0.0.1/46501] INFO  server.GrpcService (ConfUtils.java:logGet(46)) - raft.grpc.message.size.max = 33554432 (custom)
2022-12-22 10:14:10,790 [Listener at 127.0.0.1/46501] INFO  server.RaftServerConfigKeys (ConfUtils.java:logGet(46)) - raft.server.log.appender.buffer.byte-limit = 33554432 (custom)
2022-12-22 10:14:10,790 [Listener at 127.0.0.1/46501] INFO  server.GrpcService (ConfUtils.java:logGet(46)) - raft.grpc.flow.control.window = 1MB (=1048576) (default)
2022-12-22 10:14:10,790 [Listener at 127.0.0.1/46501] INFO  server.RaftServerConfigKeys (ConfUtils.java:logGet(46)) - raft.server.rpc.request.timeout = 3000ms (default)
2022-12-22 10:14:10,790 [Listener at 127.0.0.1/46501] INFO  grpc.GrpcConfigKeys (ConfUtils.java:logGet(46)) - raft.grpc.server.heartbeat.channel = true (default)
2022-12-22 10:14:10,791 [Listener at 127.0.0.1/46501] INFO  grpc.GrpcConfigKeys (ConfUtils.java:logGet(46)) - raft.grpc.server.async.request.thread.pool.cached = true (default)
2022-12-22 10:14:10,791 [Listener at 127.0.0.1/46501] INFO  grpc.GrpcConfigKeys (ConfUtils.java:logGet(46)) - raft.grpc.server.async.request.thread.pool.size = 32 (default)
2022-12-22 10:14:10,792 [Listener at 127.0.0.1/46501] INFO  impl.DataStreamServerImpl (ConfUtils.java:logGet(46)) - raft.datastream.type = NETTY (custom)
2022-12-22 10:14:10,793 [Listener at 127.0.0.1/46501] INFO  server.RaftServerConfigKeys (ConfUtils.java:logGet(46)) - raft.server.data-stream.async.request.thread.pool.cached = false (default)
2022-12-22 10:14:10,793 [Listener at 127.0.0.1/46501] INFO  server.RaftServerConfigKeys (ConfUtils.java:logGet(46)) - raft.server.data-stream.async.request.thread.pool.size = 32 (default)
2022-12-22 10:14:10,793 [Listener at 127.0.0.1/46501] INFO  server.RaftServerConfigKeys (ConfUtils.java:logGet(46)) - raft.server.data-stream.async.write.thread.pool.size = 16 (default)
2022-12-22 10:14:10,793 [Listener at 127.0.0.1/46501] INFO  server.RaftServerConfigKeys (ConfUtils.java:logGet(46)) - raft.server.data-stream.client.pool.size = 10 (default)
2022-12-22 10:14:10,793 [Listener at 127.0.0.1/46501] INFO  netty.NettyConfigKeys$DataStream (ConfUtils.java:logGet(46)) - raft.netty.dataStream.server.use-epoll = false (default)
2022-12-22 10:14:10,793 [Listener at 127.0.0.1/46501] INFO  netty.NettyConfigKeys$DataStream (ConfUtils.java:logGet(46)) - raft.netty.dataStream.server.boss-group.size = 0 (default)
2022-12-22 10:14:10,794 [Listener at 127.0.0.1/46501] INFO  netty.NettyConfigKeys$DataStream (ConfUtils.java:logGet(46)) - raft.netty.dataStream.server.worker-group.size = 0 (default)
2022-12-22 10:14:10,794 [Listener at 127.0.0.1/46501] INFO  netty.NettyConfigKeys$DataStream (ConfUtils.java:logGet(46)) - raft.netty.dataStream.server.tls.conf = null (default)
2022-12-22 10:14:10,794 [Listener at 127.0.0.1/46501] INFO  netty.NettyConfigKeys$DataStream (ConfUtils.java:logGet(46)) - raft.netty.dataStream.host = null (default)
2022-12-22 10:14:10,794 [Listener at 127.0.0.1/46501] INFO  netty.NettyConfigKeys$DataStream (ConfUtils.java:logGet(46)) - raft.netty.dataStream.port = 0 (default)
2022-12-22 10:14:10,795 [Listener at 127.0.0.1/46501] INFO  server.RaftServerConfigKeys (ConfUtils.java:logGet(46)) - raft.server.threadpool.proxy.cached = true (default)
2022-12-22 10:14:10,795 [Listener at 127.0.0.1/46501] INFO  server.RaftServerConfigKeys (ConfUtils.java:logGet(46)) - raft.server.threadpool.proxy.size = 0 (default)
2022-12-22 10:14:10,795 [omNode-bootstrap-1-NettyServerStreamRpc-bossGroup--thread1] INFO  logging.LoggingHandler (AbstractInternalLogger.java:log(148)) - [id: 0x6c9cb85b] REGISTERED
2022-12-22 10:14:10,795 [Listener at 127.0.0.1/46501] INFO  server.RaftServerConfigKeys (ConfUtils.java:logGet(46)) - raft.server.rpc.slowness.timeout = 2s (custom)
2022-12-22 10:14:10,795 [Listener at 127.0.0.1/46501] INFO  server.RaftServerConfigKeys (ConfUtils.java:logGet(46)) - raft.server.leaderelection.leader.step-down.wait-time = 10s (default)
2022-12-22 10:14:10,795 [omNode-bootstrap-1-NettyServerStreamRpc-bossGroup--thread1] INFO  logging.LoggingHandler (AbstractInternalLogger.java:log(148)) - [id: 0x6c9cb85b] BIND: 0.0.0.0/0.0.0.0:0
2022-12-22 10:14:10,795 [Listener at 127.0.0.1/46501] INFO  server.RaftServerConfigKeys (ConfUtils.java:logGet(46)) - raft.server.storage.dir = [/home/runner/work/ozone/ozone/hadoop-ozone/integration-test/target/test-dir/MiniOzoneClusterImpl-25092133-3ddf-4dd3-9c34-1a0a2119317e/omNode-bootstrap-1/ratis] (custom)
2022-12-22 10:14:10,795 [omNode-bootstrap-1-NettyServerStreamRpc-bossGroup--thread1] INFO  logging.LoggingHandler (AbstractInternalLogger.java:log(148)) - [id: 0x6c9cb85b, L:/0:0:0:0:0:0:0:0:35555] ACTIVE
2022-12-22 10:14:10,796 [Listener at 127.0.0.1/46501] INFO  server.RaftServer (RaftServerProxy.java:addNew(96)) - omNode-bootstrap-1: addNew group-0AAC5367B30E:[] returns group-0AAC5367B30E:java.util.concurrent.CompletableFuture@4e677d75[Not completed]
2022-12-22 10:14:10,796 [Listener at 127.0.0.1/46501] INFO  om.OzoneManager (RaftServerImpl.java:<init>(195)) - omNode-bootstrap-1: new RaftServerImpl for group-0AAC5367B30E:[] with OzoneManagerStateMachine:uninitialized
2022-12-22 10:14:10,796 [Listener at 127.0.0.1/46501] INFO  om.OzoneManager (OzoneManager.java:initializeRatisServer(1979)) - OzoneManager Ratis server initialized at port 39287
2022-12-22 10:14:10,796 [pool-229-thread-1] INFO  server.RaftServerConfigKeys (ConfUtils.java:logGet(46)) - raft.server.rpc.timeout.min = 1s (custom)
2022-12-22 10:14:10,796 [pool-229-thread-1] INFO  server.RaftServerConfigKeys (ConfUtils.java:logGet(46)) - raft.server.rpc.timeout.max = 1200ms (custom)
2022-12-22 10:14:10,796 [pool-229-thread-1] INFO  server.RaftServerConfigKeys (ConfUtils.java:logGet(46)) - raft.server.rpc.sleep.time = 25ms (default)
2022-12-22 10:14:10,796 [pool-229-thread-1] INFO  server.RaftServerConfigKeys (ConfUtils.java:logGet(46)) - raft.server.rpc.slowness.timeout = 2s (custom)
2022-12-22 10:14:10,796 [pool-229-thread-1] INFO  server.RaftServerConfigKeys (ConfUtils.java:logGet(46)) - raft.server.leaderelection.leader.step-down.wait-time = 10s (default)
2022-12-22 10:14:10,796 [pool-229-thread-1] INFO  server.RaftServerConfigKeys (ConfUtils.java:logGet(46)) - raft.server.sleep.deviation.threshold = 300ms (default)
2022-12-22 10:14:10,796 [pool-229-thread-1] INFO  server.RaftServer$Division (ServerState.java:<init>(118)) - omNode-bootstrap-1@group-0AAC5367B30E: ConfigurationManager, init=-1: peers:[]|listeners:[], old=null, confs=<EMPTY_MAP>
2022-12-22 10:14:10,797 [pool-229-thread-1] INFO  server.RaftServerConfigKeys (ConfUtils.java:logGet(46)) - raft.server.storage.dir = [/home/runner/work/ozone/ozone/hadoop-ozone/integration-test/target/test-dir/MiniOzoneClusterImpl-25092133-3ddf-4dd3-9c34-1a0a2119317e/omNode-bootstrap-1/ratis] (custom)
2022-12-22 10:14:10,797 [pool-229-thread-1] INFO  server.RaftServerConfigKeys (ConfUtils.java:logGet(46)) - raft.server.log.corruption.policy = EXCEPTION (default)
2022-12-22 10:14:10,797 [pool-229-thread-1] INFO  server.RaftServerConfigKeys (ConfUtils.java:logGet(46)) - raft.server.storage.free-space.min = 0MB (=0) (default)
2022-12-22 10:14:10,797 [pool-229-thread-1] INFO  server.RaftServerConfigKeys (ConfUtils.java:logGet(46)) - raft.server.notification.no-leader.timeout = 2s (custom)
2022-12-22 10:14:10,797 [pool-229-thread-1] INFO  server.RaftServerConfigKeys (ConfUtils.java:logGet(46)) - raft.server.retrycache.expirytime = 300s (custom)
2022-12-22 10:14:10,797 [pool-229-thread-1] INFO  server.RaftServerConfigKeys (ConfUtils.java:logGet(46)) - raft.server.retrycache.statistics.expirytime = 100μs (default)
2022-12-22 10:14:10,798 [pool-229-thread-1] INFO  server.RaftServerConfigKeys (ConfUtils.java:logGet(46)) - raft.server.log.appender.install.snapshot.enabled = false (custom)
2022-12-22 10:14:10,798 [pool-229-thread-1] INFO  server.RaftServerConfigKeys (ConfUtils.java:logGet(46)) - raft.server.threadpool.server.cached = true (default)
2022-12-22 10:14:10,798 [pool-229-thread-1] INFO  server.RaftServerConfigKeys (ConfUtils.java:logGet(46)) - raft.server.threadpool.server.size = 0 (default)
2022-12-22 10:14:10,798 [pool-229-thread-1] INFO  server.RaftServerConfigKeys (ConfUtils.java:logGet(46)) - raft.server.threadpool.client.cached = true (default)
2022-12-22 10:14:10,798 [pool-229-thread-1] INFO  server.RaftServerConfigKeys (ConfUtils.java:logGet(46)) - raft.server.threadpool.client.size = 0 (default)
2022-12-22 10:14:10,800 [Listener at 127.0.0.1/46501] INFO  om.OzoneManager (OzoneManager.java:getRpcServer(1106)) - Creating RPC Server
2022-12-22 10:14:10,832 [EventQueue-CommandQueueReportForCommandQueueReportHandler] WARN  events.EventQueue (EventQueue.java:fireEvent(216)) - No event handler registered for event TypedEvent{payloadType=DatanodeDetails, name='Datanode_Command_Queue_Updated'}
2022-12-22 10:14:11,096 [EventQueue-CommandQueueReportForCommandQueueReportHandler] WARN  events.EventQueue (EventQueue.java:fireEvent(216)) - No event handler registered for event TypedEvent{payloadType=DatanodeDetails, name='Datanode_Command_Queue_Updated'}
2022-12-22 10:14:11,141 [Listener at 127.0.0.1/46501] INFO  reflections.Reflections (Reflections.java:scan(232)) - Reflections took 341 ms to scan 19 urls, producing 67 keys and 4509 values [using 2 cores]
2022-12-22 10:14:11,142 [Listener at 127.0.0.1/46501] INFO  ipc.CallQueueManager (CallQueueManager.java:<init>(90)) - Using callQueue: class java.util.concurrent.LinkedBlockingQueue, queueCapacity: 2000, scheduler: class org.apache.hadoop.ipc.DefaultRpcScheduler, ipcBackoff: false.
2022-12-22 10:14:11,145 [Socket Reader #1 for port 43655] INFO  ipc.Server (Server.java:run(1273)) - Starting Socket Reader #1 for port 43655
2022-12-22 10:14:11,316 [Listener at 127.0.0.1/43655] INFO  ipc.Client (Client.java:handleConnectionFailure(1010)) - Retrying connect to server: localhost/127.0.0.1:46173. Already tried 0 time(s); retry policy is RetryUpToMaximumCountWithFixedSleep(maxRetries=2, sleepTime=100 MILLISECONDS)
2022-12-22 10:14:11,416 [Listener at 127.0.0.1/43655] INFO  ipc.Client (Client.java:handleConnectionFailure(1010)) - Retrying connect to server: localhost/127.0.0.1:46173. Already tried 1 time(s); retry policy is RetryUpToMaximumCountWithFixedSleep(maxRetries=2, sleepTime=100 MILLISECONDS)
2022-12-22 10:14:11,607 [EventQueue-CommandQueueReportForCommandQueueReportHandler] WARN  events.EventQueue (EventQueue.java:fireEvent(216)) - No event handler registered for event TypedEvent{payloadType=DatanodeDetails, name='Datanode_Command_Queue_Updated'}
2022-12-22 10:14:11,833 [EventQueue-CommandQueueReportForCommandQueueReportHandler] WARN  events.EventQueue (EventQueue.java:fireEvent(216)) - No event handler registered for event TypedEvent{payloadType=DatanodeDetails, name='Datanode_Command_Queue_Updated'}
2022-12-22 10:14:12,095 [EventQueue-CommandQueueReportForCommandQueueReportHandler] WARN  events.EventQueue (EventQueue.java:fireEvent(216)) - No event handler registered for event TypedEvent{payloadType=DatanodeDetails, name='Datanode_Command_Queue_Updated'}
2022-12-22 10:14:12,518 [Listener at 127.0.0.1/43655] INFO  ipc.Client (Client.java:handleConnectionFailure(1010)) - Retrying connect to server: localhost/127.0.0.1:46173. Already tried 0 time(s); retry policy is RetryUpToMaximumCountWithFixedSleep(maxRetries=2, sleepTime=100 MILLISECONDS)
2022-12-22 10:14:12,607 [EventQueue-CommandQueueReportForCommandQueueReportHandler] WARN  events.EventQueue (EventQueue.java:fireEvent(216)) - No event handler registered for event TypedEvent{payloadType=DatanodeDetails, name='Datanode_Command_Queue_Updated'}
2022-12-22 10:14:12,619 [Listener at 127.0.0.1/43655] INFO  ipc.Client (Client.java:handleConnectionFailure(1010)) - Retrying connect to server: localhost/127.0.0.1:46173. Already tried 1 time(s); retry policy is RetryUpToMaximumCountWithFixedSleep(maxRetries=2, sleepTime=100 MILLISECONDS)
2022-12-22 10:14:12,833 [EventQueue-CommandQueueReportForCommandQueueReportHandler] WARN  events.EventQueue (EventQueue.java:fireEvent(216)) - No event handler registered for event TypedEvent{payloadType=DatanodeDetails, name='Datanode_Command_Queue_Updated'}
2022-12-22 10:14:13,095 [EventQueue-CommandQueueReportForCommandQueueReportHandler] WARN  events.EventQueue (EventQueue.java:fireEvent(216)) - No event handler registered for event TypedEvent{payloadType=DatanodeDetails, name='Datanode_Command_Queue_Updated'}
2022-12-22 10:14:13,572 [291a3527-ed17-4a3a-8624-24363fd411c3@group-7914C14C0878-FollowerState] INFO  impl.FollowerState (FollowerState.java:run(143)) - 291a3527-ed17-4a3a-8624-24363fd411c3@group-7914C14C0878-FollowerState: change to CANDIDATE, lastRpcElapsedTime:5024148356ns, electionTimeout:5017ms
2022-12-22 10:14:13,572 [291a3527-ed17-4a3a-8624-24363fd411c3@group-7914C14C0878-FollowerState] INFO  impl.RoleInfo (RoleInfo.java:shutdownFollowerState(110)) - 291a3527-ed17-4a3a-8624-24363fd411c3: shutdown 291a3527-ed17-4a3a-8624-24363fd411c3@group-7914C14C0878-FollowerState
2022-12-22 10:14:13,572 [291a3527-ed17-4a3a-8624-24363fd411c3@group-7914C14C0878-FollowerState] INFO  server.RaftServer$Division (RaftServerImpl.java:setRole(321)) - 291a3527-ed17-4a3a-8624-24363fd411c3@group-7914C14C0878: changes role from  FOLLOWER to CANDIDATE at term 1 for changeToCandidate
2022-12-22 10:14:13,572 [291a3527-ed17-4a3a-8624-24363fd411c3@group-7914C14C0878-FollowerState] INFO  server.RaftServerConfigKeys (ConfUtils.java:logGet(46)) - raft.server.leaderelection.pre-vote = false (custom)
2022-12-22 10:14:13,572 [291a3527-ed17-4a3a-8624-24363fd411c3@group-7914C14C0878-FollowerState] INFO  impl.RoleInfo (RoleInfo.java:updateAndGet(139)) - 291a3527-ed17-4a3a-8624-24363fd411c3: start 291a3527-ed17-4a3a-8624-24363fd411c3@group-7914C14C0878-LeaderElection9
2022-12-22 10:14:13,574 [291a3527-ed17-4a3a-8624-24363fd411c3@group-7914C14C0878-LeaderElection9] INFO  impl.LeaderElection (LeaderElection.java:askForVotes(312)) - 291a3527-ed17-4a3a-8624-24363fd411c3@group-7914C14C0878-LeaderElection9 ELECTION round 0: submit vote requests at term 2 for -1: peers:[9d8e2230-e250-45fc-b4c7-3e2f1170721a|rpc:127.0.0.1:46029|dataStream:127.0.0.1:40427|priority:1|startupRole:FOLLOWER, c401f17a-f2cf-465b-91c0-943e82b6f11f|rpc:127.0.0.1:34811|dataStream:127.0.0.1:43401|priority:0|startupRole:FOLLOWER, 291a3527-ed17-4a3a-8624-24363fd411c3|rpc:127.0.0.1:44335|dataStream:127.0.0.1:39683|priority:0|startupRole:FOLLOWER]|listeners:[], old=null
2022-12-22 10:14:13,575 [291a3527-ed17-4a3a-8624-24363fd411c3@group-7914C14C0878-LeaderElection9] INFO  server.RaftServerConfigKeys (ConfUtils.java:logFallback(53)) - raft.server.rpc.first-election.timeout.min = 5s (fallback to raft.server.rpc.timeout.min)
2022-12-22 10:14:13,575 [291a3527-ed17-4a3a-8624-24363fd411c3@group-7914C14C0878-LeaderElection9] INFO  server.RaftServerConfigKeys (ConfUtils.java:logFallback(53)) - raft.server.rpc.first-election.timeout.max = 5200ms (fallback to raft.server.rpc.timeout.max)
2022-12-22 10:14:13,577 [grpc-default-executor-3] INFO  server.RaftServer$Division (RaftServerImpl.java:requestVote(1218)) - 9d8e2230-e250-45fc-b4c7-3e2f1170721a@group-7914C14C0878: receive requestVote(ELECTION, 291a3527-ed17-4a3a-8624-24363fd411c3, group-7914C14C0878, 2, (t:0, i:0))
2022-12-22 10:14:13,579 [grpc-default-executor-3] INFO  impl.VoteContext (VoteContext.java:log(49)) - 9d8e2230-e250-45fc-b4c7-3e2f1170721a@group-7914C14C0878-FOLLOWER: reject ELECTION from 291a3527-ed17-4a3a-8624-24363fd411c3: our priority 1 > candidate's priority 0
2022-12-22 10:14:13,579 [grpc-default-executor-3] INFO  server.RaftServer$Division (RaftServerImpl.java:setRole(321)) - 9d8e2230-e250-45fc-b4c7-3e2f1170721a@group-7914C14C0878: changes role from  FOLLOWER to FOLLOWER at term 2 for candidate:291a3527-ed17-4a3a-8624-24363fd411c3
2022-12-22 10:14:13,579 [grpc-default-executor-3] INFO  impl.RoleInfo (RoleInfo.java:shutdownFollowerState(110)) - 9d8e2230-e250-45fc-b4c7-3e2f1170721a: shutdown 9d8e2230-e250-45fc-b4c7-3e2f1170721a@group-7914C14C0878-FollowerState
2022-12-22 10:14:13,579 [grpc-default-executor-3] INFO  impl.RoleInfo (RoleInfo.java:updateAndGet(139)) - 9d8e2230-e250-45fc-b4c7-3e2f1170721a: start 9d8e2230-e250-45fc-b4c7-3e2f1170721a@group-7914C14C0878-FollowerState
2022-12-22 10:14:13,579 [9d8e2230-e250-45fc-b4c7-3e2f1170721a@group-7914C14C0878-FollowerState] INFO  impl.FollowerState (FollowerState.java:run(152)) - 9d8e2230-e250-45fc-b4c7-3e2f1170721a@group-7914C14C0878-FollowerState was interrupted
2022-12-22 10:14:13,581 [9d8e2230-e250-45fc-b4c7-3e2f1170721a@group-7914C14C0878-FollowerState] INFO  server.RaftServerConfigKeys (ConfUtils.java:logFallback(53)) - raft.server.rpc.first-election.timeout.min = 5s (fallback to raft.server.rpc.timeout.min)
2022-12-22 10:14:13,581 [9d8e2230-e250-45fc-b4c7-3e2f1170721a@group-7914C14C0878-FollowerState] INFO  server.RaftServerConfigKeys (ConfUtils.java:logFallback(53)) - raft.server.rpc.first-election.timeout.max = 5200ms (fallback to raft.server.rpc.timeout.max)
2022-12-22 10:14:13,582 [grpc-default-executor-3] INFO  server.RaftServer$Division (RaftServerImpl.java:requestVote(1251)) - 9d8e2230-e250-45fc-b4c7-3e2f1170721a@group-7914C14C0878 replies to ELECTION vote request: 291a3527-ed17-4a3a-8624-24363fd411c3<-9d8e2230-e250-45fc-b4c7-3e2f1170721a#0:FAIL-t2. Peer's state: 9d8e2230-e250-45fc-b4c7-3e2f1170721a@group-7914C14C0878:t2, leader=null, voted=null, raftlog=Memoized:9d8e2230-e250-45fc-b4c7-3e2f1170721a@group-7914C14C0878-SegmentedRaftLog:OPENED:c-1, conf=-1: peers:[9d8e2230-e250-45fc-b4c7-3e2f1170721a|rpc:127.0.0.1:46029|dataStream:127.0.0.1:40427|priority:1|startupRole:FOLLOWER, c401f17a-f2cf-465b-91c0-943e82b6f11f|rpc:127.0.0.1:34811|dataStream:127.0.0.1:43401|priority:0|startupRole:FOLLOWER, 291a3527-ed17-4a3a-8624-24363fd411c3|rpc:127.0.0.1:44335|dataStream:127.0.0.1:39683|priority:0|startupRole:FOLLOWER]|listeners:[], old=null
2022-12-22 10:14:13,583 [291a3527-ed17-4a3a-8624-24363fd411c3@group-7914C14C0878-LeaderElection9] INFO  impl.LeaderElection (LeaderElection.java:logAndReturn(90)) - 291a3527-ed17-4a3a-8624-24363fd411c3@group-7914C14C0878-LeaderElection9: ELECTION REJECTED received 1 response(s) and 0 exception(s):
2022-12-22 10:14:13,583 [291a3527-ed17-4a3a-8624-24363fd411c3@group-7914C14C0878-LeaderElection9] INFO  impl.LeaderElection (LeaderElection.java:logAndReturn(94)) -   Response 0: 291a3527-ed17-4a3a-8624-24363fd411c3<-9d8e2230-e250-45fc-b4c7-3e2f1170721a#0:FAIL-t2
2022-12-22 10:14:13,583 [291a3527-ed17-4a3a-8624-24363fd411c3@group-7914C14C0878-LeaderElection9] INFO  impl.LeaderElection (LeaderElection.java:askForVotes(314)) - 291a3527-ed17-4a3a-8624-24363fd411c3@group-7914C14C0878-LeaderElection9 ELECTION round 0: result REJECTED
2022-12-22 10:14:13,583 [291a3527-ed17-4a3a-8624-24363fd411c3@group-7914C14C0878-LeaderElection9] INFO  server.RaftServer$Division (RaftServerImpl.java:setRole(321)) - 291a3527-ed17-4a3a-8624-24363fd411c3@group-7914C14C0878: changes role from CANDIDATE to FOLLOWER at term 2 for REJECTED
2022-12-22 10:14:13,583 [291a3527-ed17-4a3a-8624-24363fd411c3@group-7914C14C0878-LeaderElection9] INFO  impl.RoleInfo (RoleInfo.java:shutdownLeaderElection(130)) - 291a3527-ed17-4a3a-8624-24363fd411c3: shutdown 291a3527-ed17-4a3a-8624-24363fd411c3@group-7914C14C0878-LeaderElection9
2022-12-22 10:14:13,583 [291a3527-ed17-4a3a-8624-24363fd411c3@group-7914C14C0878-LeaderElection9] INFO  impl.RoleInfo (RoleInfo.java:updateAndGet(139)) - 291a3527-ed17-4a3a-8624-24363fd411c3: start 291a3527-ed17-4a3a-8624-24363fd411c3@group-7914C14C0878-FollowerState
2022-12-22 10:14:13,584 [291a3527-ed17-4a3a-8624-24363fd411c3@group-7914C14C0878-FollowerState] INFO  server.RaftServerConfigKeys (ConfUtils.java:logFallback(53)) - raft.server.rpc.first-election.timeout.min = 5s (fallback to raft.server.rpc.timeout.min)
2022-12-22 10:14:13,585 [grpc-default-executor-2] INFO  server.RaftServer$Division (RaftServerImpl.java:requestVote(1218)) - c401f17a-f2cf-465b-91c0-943e82b6f11f@group-7914C14C0878: receive requestVote(ELECTION, 291a3527-ed17-4a3a-8624-24363fd411c3, group-7914C14C0878, 2, (t:0, i:0))
2022-12-22 10:14:13,586 [grpc-default-executor-2] INFO  impl.VoteContext (VoteContext.java:log(49)) - c401f17a-f2cf-465b-91c0-943e82b6f11f@group-7914C14C0878-FOLLOWER: accept ELECTION from 291a3527-ed17-4a3a-8624-24363fd411c3: our priority 0 <= candidate's priority 0
2022-12-22 10:14:13,586 [grpc-default-executor-2] INFO  server.RaftServer$Division (RaftServerImpl.java:setRole(321)) - c401f17a-f2cf-465b-91c0-943e82b6f11f@group-7914C14C0878: changes role from  FOLLOWER to FOLLOWER at term 2 for candidate:291a3527-ed17-4a3a-8624-24363fd411c3
2022-12-22 10:14:13,586 [grpc-default-executor-2] INFO  impl.RoleInfo (RoleInfo.java:shutdownFollowerState(110)) - c401f17a-f2cf-465b-91c0-943e82b6f11f: shutdown c401f17a-f2cf-465b-91c0-943e82b6f11f@group-7914C14C0878-FollowerState
2022-12-22 10:14:13,586 [grpc-default-executor-2] INFO  impl.RoleInfo (RoleInfo.java:updateAndGet(139)) - c401f17a-f2cf-465b-91c0-943e82b6f11f: start c401f17a-f2cf-465b-91c0-943e82b6f11f@group-7914C14C0878-FollowerState
2022-12-22 10:14:13,586 [c401f17a-f2cf-465b-91c0-943e82b6f11f@group-7914C14C0878-FollowerState] INFO  impl.FollowerState (FollowerState.java:run(152)) - c401f17a-f2cf-465b-91c0-943e82b6f11f@group-7914C14C0878-FollowerState was interrupted
2022-12-22 10:14:13,586 [291a3527-ed17-4a3a-8624-24363fd411c3@group-7914C14C0878-FollowerState] INFO  server.RaftServerConfigKeys (ConfUtils.java:logFallback(53)) - raft.server.rpc.first-election.timeout.max = 5200ms (fallback to raft.server.rpc.timeout.max)
2022-12-22 10:14:13,589 [c401f17a-f2cf-465b-91c0-943e82b6f11f@group-7914C14C0878-FollowerState] INFO  server.RaftServerConfigKeys (ConfUtils.java:logFallback(53)) - raft.server.rpc.first-election.timeout.min = 5s (fallback to raft.server.rpc.timeout.min)
2022-12-22 10:14:13,589 [c401f17a-f2cf-465b-91c0-943e82b6f11f@group-7914C14C0878-FollowerState] INFO  server.RaftServerConfigKeys (ConfUtils.java:logFallback(53)) - raft.server.rpc.first-election.timeout.max = 5200ms (fallback to raft.server.rpc.timeout.max)
2022-12-22 10:14:13,589 [grpc-default-executor-2] INFO  server.RaftServer$Division (RaftServerImpl.java:requestVote(1251)) - c401f17a-f2cf-465b-91c0-943e82b6f11f@group-7914C14C0878 replies to ELECTION vote request: 291a3527-ed17-4a3a-8624-24363fd411c3<-c401f17a-f2cf-465b-91c0-943e82b6f11f#0:OK-t2. Peer's state: c401f17a-f2cf-465b-91c0-943e82b6f11f@group-7914C14C0878:t2, leader=null, voted=291a3527-ed17-4a3a-8624-24363fd411c3, raftlog=Memoized:c401f17a-f2cf-465b-91c0-943e82b6f11f@group-7914C14C0878-SegmentedRaftLog:OPENED:c-1, conf=-1: peers:[9d8e2230-e250-45fc-b4c7-3e2f1170721a|rpc:127.0.0.1:46029|dataStream:127.0.0.1:40427|priority:1|startupRole:FOLLOWER, c401f17a-f2cf-465b-91c0-943e82b6f11f|rpc:127.0.0.1:34811|dataStream:127.0.0.1:43401|priority:0|startupRole:FOLLOWER, 291a3527-ed17-4a3a-8624-24363fd411c3|rpc:127.0.0.1:44335|dataStream:127.0.0.1:39683|priority:0|startupRole:FOLLOWER]|listeners:[], old=null
2022-12-22 10:14:13,606 [EventQueue-CommandQueueReportForCommandQueueReportHandler] WARN  events.EventQueue (EventQueue.java:fireEvent(216)) - No event handler registered for event TypedEvent{payloadType=DatanodeDetails, name='Datanode_Command_Queue_Updated'}
2022-12-22 10:14:13,720 [Listener at 127.0.0.1/43655] INFO  ipc.Client (Client.java:handleConnectionFailure(1010)) - Retrying connect to server: localhost/127.0.0.1:46173. Already tried 0 time(s); retry policy is RetryUpToMaximumCountWithFixedSleep(maxRetries=2, sleepTime=100 MILLISECONDS)
2022-12-22 10:14:13,821 [Listener at 127.0.0.1/43655] INFO  ipc.Client (Client.java:handleConnectionFailure(1010)) - Retrying connect to server: localhost/127.0.0.1:46173. Already tried 1 time(s); retry policy is RetryUpToMaximumCountWithFixedSleep(maxRetries=2, sleepTime=100 MILLISECONDS)
2022-12-22 10:14:13,832 [EventQueue-CommandQueueReportForCommandQueueReportHandler] WARN  events.EventQueue (EventQueue.java:fireEvent(216)) - No event handler registered for event TypedEvent{payloadType=DatanodeDetails, name='Datanode_Command_Queue_Updated'}
2022-12-22 10:14:14,096 [EventQueue-CommandQueueReportForCommandQueueReportHandler] WARN  events.EventQueue (EventQueue.java:fireEvent(216)) - No event handler registered for event TypedEvent{payloadType=DatanodeDetails, name='Datanode_Command_Queue_Updated'}
2022-12-22 10:14:14,606 [EventQueue-CommandQueueReportForCommandQueueReportHandler] WARN  events.EventQueue (EventQueue.java:fireEvent(216)) - No event handler registered for event TypedEvent{payloadType=DatanodeDetails, name='Datanode_Command_Queue_Updated'}
2022-12-22 10:14:14,832 [EventQueue-CommandQueueReportForCommandQueueReportHandler] WARN  events.EventQueue (EventQueue.java:fireEvent(216)) - No event handler registered for event TypedEvent{payloadType=DatanodeDetails, name='Datanode_Command_Queue_Updated'}
2022-12-22 10:14:14,922 [Listener at 127.0.0.1/43655] INFO  ipc.Client (Client.java:handleConnectionFailure(1010)) - Retrying connect to server: localhost/127.0.0.1:46173. Already tried 0 time(s); retry policy is RetryUpToMaximumCountWithFixedSleep(maxRetries=2, sleepTime=100 MILLISECONDS)
2022-12-22 10:14:15,023 [Listener at 127.0.0.1/43655] INFO  ipc.Client (Client.java:handleConnectionFailure(1010)) - Retrying connect to server: localhost/127.0.0.1:46173. Already tried 1 time(s); retry policy is RetryUpToMaximumCountWithFixedSleep(maxRetries=2, sleepTime=100 MILLISECONDS)
2022-12-22 10:14:15,095 [EventQueue-CommandQueueReportForCommandQueueReportHandler] WARN  events.EventQueue (EventQueue.java:fireEvent(216)) - No event handler registered for event TypedEvent{payloadType=DatanodeDetails, name='Datanode_Command_Queue_Updated'}
2022-12-22 10:14:15,607 [EventQueue-CommandQueueReportForCommandQueueReportHandler] WARN  events.EventQueue (EventQueue.java:fireEvent(216)) - No event handler registered for event TypedEvent{payloadType=DatanodeDetails, name='Datanode_Command_Queue_Updated'}
2022-12-22 10:14:15,833 [EventQueue-CommandQueueReportForCommandQueueReportHandler] WARN  events.EventQueue (EventQueue.java:fireEvent(216)) - No event handler registered for event TypedEvent{payloadType=DatanodeDetails, name='Datanode_Command_Queue_Updated'}
2022-12-22 10:14:16,096 [EventQueue-CommandQueueReportForCommandQueueReportHandler] WARN  events.EventQueue (EventQueue.java:fireEvent(216)) - No event handler registered for event TypedEvent{payloadType=DatanodeDetails, name='Datanode_Command_Queue_Updated'}
2022-12-22 10:14:16,124 [Listener at 127.0.0.1/43655] INFO  ipc.Client (Client.java:handleConnectionFailure(1010)) - Retrying connect to server: localhost/127.0.0.1:46173. Already tried 0 time(s); retry policy is RetryUpToMaximumCountWithFixedSleep(maxRetries=2, sleepTime=100 MILLISECONDS)
2022-12-22 10:14:16,225 [Listener at 127.0.0.1/43655] INFO  ipc.Client (Client.java:handleConnectionFailure(1010)) - Retrying connect to server: localhost/127.0.0.1:46173. Already tried 1 time(s); retry policy is RetryUpToMaximumCountWithFixedSleep(maxRetries=2, sleepTime=100 MILLISECONDS)
2022-12-22 10:14:16,607 [EventQueue-CommandQueueReportForCommandQueueReportHandler] WARN  events.EventQueue (EventQueue.java:fireEvent(216)) - No event handler registered for event TypedEvent{payloadType=DatanodeDetails, name='Datanode_Command_Queue_Updated'}
2022-12-22 10:14:16,833 [EventQueue-CommandQueueReportForCommandQueueReportHandler] WARN  events.EventQueue (EventQueue.java:fireEvent(216)) - No event handler registered for event TypedEvent{payloadType=DatanodeDetails, name='Datanode_Command_Queue_Updated'}
2022-12-22 10:14:17,095 [EventQueue-CommandQueueReportForCommandQueueReportHandler] WARN  events.EventQueue (EventQueue.java:fireEvent(216)) - No event handler registered for event TypedEvent{payloadType=DatanodeDetails, name='Datanode_Command_Queue_Updated'}
2022-12-22 10:14:17,326 [Listener at 127.0.0.1/43655] INFO  ipc.Client (Client.java:handleConnectionFailure(1010)) - Retrying connect to server: localhost/127.0.0.1:46173. Already tried 0 time(s); retry policy is RetryUpToMaximumCountWithFixedSleep(maxRetries=2, sleepTime=100 MILLISECONDS)
2022-12-22 10:14:17,427 [Listener at 127.0.0.1/43655] INFO  ipc.Client (Client.java:handleConnectionFailure(1010)) - Retrying connect to server: localhost/127.0.0.1:46173. Already tried 1 time(s); retry policy is RetryUpToMaximumCountWithFixedSleep(maxRetries=2, sleepTime=100 MILLISECONDS)
2022-12-22 10:14:17,606 [EventQueue-CommandQueueReportForCommandQueueReportHandler] WARN  events.EventQueue (EventQueue.java:fireEvent(216)) - No event handler registered for event TypedEvent{payloadType=DatanodeDetails, name='Datanode_Command_Queue_Updated'}
2022-12-22 10:14:17,833 [EventQueue-CommandQueueReportForCommandQueueReportHandler] WARN  events.EventQueue (EventQueue.java:fireEvent(216)) - No event handler registered for event TypedEvent{payloadType=DatanodeDetails, name='Datanode_Command_Queue_Updated'}
2022-12-22 10:14:18,096 [EventQueue-CommandQueueReportForCommandQueueReportHandler] WARN  events.EventQueue (EventQueue.java:fireEvent(216)) - No event handler registered for event TypedEvent{payloadType=DatanodeDetails, name='Datanode_Command_Queue_Updated'}
2022-12-22 10:14:18,530 [Listener at 127.0.0.1/43655] INFO  ipc.Client (Client.java:handleConnectionFailure(1010)) - Retrying connect to server: localhost/127.0.0.1:46173. Already tried 0 time(s); retry policy is RetryUpToMaximumCountWithFixedSleep(maxRetries=2, sleepTime=100 MILLISECONDS)
2022-12-22 10:14:18,607 [EventQueue-CommandQueueReportForCommandQueueReportHandler] WARN  events.EventQueue (EventQueue.java:fireEvent(216)) - No event handler registered for event TypedEvent{payloadType=DatanodeDetails, name='Datanode_Command_Queue_Updated'}
2022-12-22 10:14:18,631 [Listener at 127.0.0.1/43655] INFO  ipc.Client (Client.java:handleConnectionFailure(1010)) - Retrying connect to server: localhost/127.0.0.1:46173. Already tried 1 time(s); retry policy is RetryUpToMaximumCountWithFixedSleep(maxRetries=2, sleepTime=100 MILLISECONDS)
2022-12-22 10:14:18,636 [291a3527-ed17-4a3a-8624-24363fd411c3@group-7914C14C0878-FollowerState] INFO  impl.FollowerState (FollowerState.java:run(143)) - 291a3527-ed17-4a3a-8624-24363fd411c3@group-7914C14C0878-FollowerState: change to CANDIDATE, lastRpcElapsedTime:5052261413ns, electionTimeout:5049ms
2022-12-22 10:14:18,636 [291a3527-ed17-4a3a-8624-24363fd411c3@group-7914C14C0878-FollowerState] INFO  impl.RoleInfo (RoleInfo.java:shutdownFollowerState(110)) - 291a3527-ed17-4a3a-8624-24363fd411c3: shutdown 291a3527-ed17-4a3a-8624-24363fd411c3@group-7914C14C0878-FollowerState
2022-12-22 10:14:18,636 [291a3527-ed17-4a3a-8624-24363fd411c3@group-7914C14C0878-FollowerState] INFO  server.RaftServer$Division (RaftServerImpl.java:setRole(321)) - 291a3527-ed17-4a3a-8624-24363fd411c3@group-7914C14C0878: changes role from  FOLLOWER to CANDIDATE at term 2 for changeToCandidate
2022-12-22 10:14:18,636 [291a3527-ed17-4a3a-8624-24363fd411c3@group-7914C14C0878-FollowerState] INFO  server.RaftServerConfigKeys (ConfUtils.java:logGet(46)) - raft.server.leaderelection.pre-vote = false (custom)
2022-12-22 10:14:18,636 [291a3527-ed17-4a3a-8624-24363fd411c3@group-7914C14C0878-FollowerState] INFO  impl.RoleInfo (RoleInfo.java:updateAndGet(139)) - 291a3527-ed17-4a3a-8624-24363fd411c3: start 291a3527-ed17-4a3a-8624-24363fd411c3@group-7914C14C0878-LeaderElection10
2022-12-22 10:14:18,638 [291a3527-ed17-4a3a-8624-24363fd411c3@group-7914C14C0878-LeaderElection10] INFO  impl.LeaderElection (LeaderElection.java:askForVotes(312)) - 291a3527-ed17-4a3a-8624-24363fd411c3@group-7914C14C0878-LeaderElection10 ELECTION round 0: submit vote requests at term 3 for -1: peers:[9d8e2230-e250-45fc-b4c7-3e2f1170721a|rpc:127.0.0.1:46029|dataStream:127.0.0.1:40427|priority:1|startupRole:FOLLOWER, c401f17a-f2cf-465b-91c0-943e82b6f11f|rpc:127.0.0.1:34811|dataStream:127.0.0.1:43401|priority:0|startupRole:FOLLOWER, 291a3527-ed17-4a3a-8624-24363fd411c3|rpc:127.0.0.1:44335|dataStream:127.0.0.1:39683|priority:0|startupRole:FOLLOWER]|listeners:[], old=null
2022-12-22 10:14:18,638 [291a3527-ed17-4a3a-8624-24363fd411c3@group-7914C14C0878-LeaderElection10] INFO  server.RaftServerConfigKeys (ConfUtils.java:logFallback(53)) - raft.server.rpc.first-election.timeout.min = 5s (fallback to raft.server.rpc.timeout.min)
2022-12-22 10:14:18,638 [291a3527-ed17-4a3a-8624-24363fd411c3@group-7914C14C0878-LeaderElection10] INFO  server.RaftServerConfigKeys (ConfUtils.java:logFallback(53)) - raft.server.rpc.first-election.timeout.max = 5200ms (fallback to raft.server.rpc.timeout.max)
2022-12-22 10:14:18,639 [c401f17a-f2cf-465b-91c0-943e82b6f11f@group-7914C14C0878-FollowerState] INFO  impl.FollowerState (FollowerState.java:run(143)) - c401f17a-f2cf-465b-91c0-943e82b6f11f@group-7914C14C0878-FollowerState: change to CANDIDATE, lastRpcElapsedTime:5050123256ns, electionTimeout:5050ms
2022-12-22 10:14:18,641 [c401f17a-f2cf-465b-91c0-943e82b6f11f@group-7914C14C0878-FollowerState] INFO  impl.RoleInfo (RoleInfo.java:shutdownFollowerState(110)) - c401f17a-f2cf-465b-91c0-943e82b6f11f: shutdown c401f17a-f2cf-465b-91c0-943e82b6f11f@group-7914C14C0878-FollowerState
2022-12-22 10:14:18,641 [c401f17a-f2cf-465b-91c0-943e82b6f11f@group-7914C14C0878-FollowerState] INFO  server.RaftServer$Division (RaftServerImpl.java:setRole(321)) - c401f17a-f2cf-465b-91c0-943e82b6f11f@group-7914C14C0878: changes role from  FOLLOWER to CANDIDATE at term 2 for changeToCandidate
2022-12-22 10:14:18,641 [c401f17a-f2cf-465b-91c0-943e82b6f11f@group-7914C14C0878-FollowerState] INFO  server.RaftServerConfigKeys (ConfUtils.java:logGet(46)) - raft.server.leaderelection.pre-vote = false (custom)
2022-12-22 10:14:18,641 [c401f17a-f2cf-465b-91c0-943e82b6f11f@group-7914C14C0878-FollowerState] INFO  impl.RoleInfo (RoleInfo.java:updateAndGet(139)) - c401f17a-f2cf-465b-91c0-943e82b6f11f: start c401f17a-f2cf-465b-91c0-943e82b6f11f@group-7914C14C0878-LeaderElection11
2022-12-22 10:14:18,645 [grpc-default-executor-2] INFO  server.RaftServer$Division (RaftServerImpl.java:requestVote(1218)) - c401f17a-f2cf-465b-91c0-943e82b6f11f@group-7914C14C0878: receive requestVote(ELECTION, 291a3527-ed17-4a3a-8624-24363fd411c3, group-7914C14C0878, 3, (t:0, i:0))
2022-12-22 10:14:18,645 [grpc-default-executor-3] INFO  server.RaftServer$Division (RaftServerImpl.java:requestVote(1218)) - 9d8e2230-e250-45fc-b4c7-3e2f1170721a@group-7914C14C0878: receive requestVote(ELECTION, 291a3527-ed17-4a3a-8624-24363fd411c3, group-7914C14C0878, 3, (t:0, i:0))
2022-12-22 10:14:18,646 [grpc-default-executor-3] INFO  impl.VoteContext (VoteContext.java:log(49)) - 9d8e2230-e250-45fc-b4c7-3e2f1170721a@group-7914C14C0878-FOLLOWER: reject ELECTION from 291a3527-ed17-4a3a-8624-24363fd411c3: our priority 1 > candidate's priority 0
2022-12-22 10:14:18,646 [grpc-default-executor-3] INFO  server.RaftServer$Division (RaftServerImpl.java:setRole(321)) - 9d8e2230-e250-45fc-b4c7-3e2f1170721a@group-7914C14C0878: changes role from  FOLLOWER to FOLLOWER at term 3 for candidate:291a3527-ed17-4a3a-8624-24363fd411c3
2022-12-22 10:14:18,646 [grpc-default-executor-3] INFO  impl.RoleInfo (RoleInfo.java:shutdownFollowerState(110)) - 9d8e2230-e250-45fc-b4c7-3e2f1170721a: shutdown 9d8e2230-e250-45fc-b4c7-3e2f1170721a@group-7914C14C0878-FollowerState
2022-12-22 10:14:18,646 [9d8e2230-e250-45fc-b4c7-3e2f1170721a@group-7914C14C0878-FollowerState] INFO  impl.FollowerState (FollowerState.java:run(152)) - 9d8e2230-e250-45fc-b4c7-3e2f1170721a@group-7914C14C0878-FollowerState was interrupted
2022-12-22 10:14:18,649 [grpc-default-executor-3] INFO  impl.RoleInfo (RoleInfo.java:updateAndGet(139)) - 9d8e2230-e250-45fc-b4c7-3e2f1170721a: start 9d8e2230-e250-45fc-b4c7-3e2f1170721a@group-7914C14C0878-FollowerState
2022-12-22 10:14:18,649 [9d8e2230-e250-45fc-b4c7-3e2f1170721a@group-7914C14C0878-FollowerState] INFO  server.RaftServerConfigKeys (ConfUtils.java:logFallback(53)) - raft.server.rpc.first-election.timeout.min = 5s (fallback to raft.server.rpc.timeout.min)
2022-12-22 10:14:18,650 [9d8e2230-e250-45fc-b4c7-3e2f1170721a@group-7914C14C0878-FollowerState] INFO  server.RaftServerConfigKeys (ConfUtils.java:logFallback(53)) - raft.server.rpc.first-election.timeout.max = 5200ms (fallback to raft.server.rpc.timeout.max)
2022-12-22 10:14:18,652 [grpc-default-executor-3] INFO  server.RaftServer$Division (RaftServerImpl.java:requestVote(1251)) - 9d8e2230-e250-45fc-b4c7-3e2f1170721a@group-7914C14C0878 replies to ELECTION vote request: 291a3527-ed17-4a3a-8624-24363fd411c3<-9d8e2230-e250-45fc-b4c7-3e2f1170721a#0:FAIL-t3. Peer's state: 9d8e2230-e250-45fc-b4c7-3e2f1170721a@group-7914C14C0878:t3, leader=null, voted=null, raftlog=Memoized:9d8e2230-e250-45fc-b4c7-3e2f1170721a@group-7914C14C0878-SegmentedRaftLog:OPENED:c-1, conf=-1: peers:[9d8e2230-e250-45fc-b4c7-3e2f1170721a|rpc:127.0.0.1:46029|dataStream:127.0.0.1:40427|priority:1|startupRole:FOLLOWER, c401f17a-f2cf-465b-91c0-943e82b6f11f|rpc:127.0.0.1:34811|dataStream:127.0.0.1:43401|priority:0|startupRole:FOLLOWER, 291a3527-ed17-4a3a-8624-24363fd411c3|rpc:127.0.0.1:44335|dataStream:127.0.0.1:39683|priority:0|startupRole:FOLLOWER]|listeners:[], old=null
2022-12-22 10:14:18,652 [grpc-default-executor-2] INFO  impl.VoteContext (VoteContext.java:log(49)) - c401f17a-f2cf-465b-91c0-943e82b6f11f@group-7914C14C0878-CANDIDATE: reject ELECTION from 291a3527-ed17-4a3a-8624-24363fd411c3: already has voted for c401f17a-f2cf-465b-91c0-943e82b6f11f at current term 3
2022-12-22 10:14:18,653 [grpc-default-executor-2] INFO  server.RaftServer$Division (RaftServerImpl.java:requestVote(1251)) - c401f17a-f2cf-465b-91c0-943e82b6f11f@group-7914C14C0878 replies to ELECTION vote request: 291a3527-ed17-4a3a-8624-24363fd411c3<-c401f17a-f2cf-465b-91c0-943e82b6f11f#0:FAIL-t3. Peer's state: c401f17a-f2cf-465b-91c0-943e82b6f11f@group-7914C14C0878:t3, leader=null, voted=c401f17a-f2cf-465b-91c0-943e82b6f11f, raftlog=Memoized:c401f17a-f2cf-465b-91c0-943e82b6f11f@group-7914C14C0878-SegmentedRaftLog:OPENED:c-1, conf=-1: peers:[9d8e2230-e250-45fc-b4c7-3e2f1170721a|rpc:127.0.0.1:46029|dataStream:127.0.0.1:40427|priority:1|startupRole:FOLLOWER, c401f17a-f2cf-465b-91c0-943e82b6f11f|rpc:127.0.0.1:34811|dataStream:127.0.0.1:43401|priority:0|startupRole:FOLLOWER, 291a3527-ed17-4a3a-8624-24363fd411c3|rpc:127.0.0.1:44335|dataStream:127.0.0.1:39683|priority:0|startupRole:FOLLOWER]|listeners:[], old=null
2022-12-22 10:14:18,653 [291a3527-ed17-4a3a-8624-24363fd411c3@group-7914C14C0878-LeaderElection10] INFO  impl.LeaderElection (LeaderElection.java:logAndReturn(90)) - 291a3527-ed17-4a3a-8624-24363fd411c3@group-7914C14C0878-LeaderElection10: ELECTION REJECTED received 1 response(s) and 0 exception(s):
2022-12-22 10:14:18,655 [291a3527-ed17-4a3a-8624-24363fd411c3@group-7914C14C0878-LeaderElection10] INFO  impl.LeaderElection (LeaderElection.java:logAndReturn(94)) -   Response 0: 291a3527-ed17-4a3a-8624-24363fd411c3<-9d8e2230-e250-45fc-b4c7-3e2f1170721a#0:FAIL-t3
2022-12-22 10:14:18,655 [291a3527-ed17-4a3a-8624-24363fd411c3@group-7914C14C0878-LeaderElection10] INFO  impl.LeaderElection (LeaderElection.java:askForVotes(314)) - 291a3527-ed17-4a3a-8624-24363fd411c3@group-7914C14C0878-LeaderElection10 ELECTION round 0: result REJECTED
2022-12-22 10:14:18,655 [291a3527-ed17-4a3a-8624-24363fd411c3@group-7914C14C0878-LeaderElection10] INFO  server.RaftServer$Division (RaftServerImpl.java:setRole(321)) - 291a3527-ed17-4a3a-8624-24363fd411c3@group-7914C14C0878: changes role from CANDIDATE to FOLLOWER at term 3 for REJECTED
2022-12-22 10:14:18,655 [291a3527-ed17-4a3a-8624-24363fd411c3@group-7914C14C0878-LeaderElection10] INFO  impl.RoleInfo (RoleInfo.java:shutdownLeaderElection(130)) - 291a3527-ed17-4a3a-8624-24363fd411c3: shutdown 291a3527-ed17-4a3a-8624-24363fd411c3@group-7914C14C0878-LeaderElection10
2022-12-22 10:14:18,655 [291a3527-ed17-4a3a-8624-24363fd411c3@group-7914C14C0878-LeaderElection10] INFO  impl.RoleInfo (RoleInfo.java:updateAndGet(139)) - 291a3527-ed17-4a3a-8624-24363fd411c3: start 291a3527-ed17-4a3a-8624-24363fd411c3@group-7914C14C0878-FollowerState
2022-12-22 10:14:18,655 [c401f17a-f2cf-465b-91c0-943e82b6f11f@group-7914C14C0878-LeaderElection11] INFO  impl.LeaderElection (LeaderElection.java:askForVotes(312)) - c401f17a-f2cf-465b-91c0-943e82b6f11f@group-7914C14C0878-LeaderElection11 ELECTION round 0: submit vote requests at term 3 for -1: peers:[9d8e2230-e250-45fc-b4c7-3e2f1170721a|rpc:127.0.0.1:46029|dataStream:127.0.0.1:40427|priority:1|startupRole:FOLLOWER, c401f17a-f2cf-465b-91c0-943e82b6f11f|rpc:127.0.0.1:34811|dataStream:127.0.0.1:43401|priority:0|startupRole:FOLLOWER, 291a3527-ed17-4a3a-8624-24363fd411c3|rpc:127.0.0.1:44335|dataStream:127.0.0.1:39683|priority:0|startupRole:FOLLOWER]|listeners:[], old=null
2022-12-22 10:14:18,660 [291a3527-ed17-4a3a-8624-24363fd411c3@group-7914C14C0878-FollowerState] INFO  server.RaftServerConfigKeys (ConfUtils.java:logFallback(53)) - raft.server.rpc.first-election.timeout.min = 5s (fallback to raft.server.rpc.timeout.min)
2022-12-22 10:14:18,660 [291a3527-ed17-4a3a-8624-24363fd411c3@group-7914C14C0878-FollowerState] INFO  server.RaftServerConfigKeys (ConfUtils.java:logFallback(53)) - raft.server.rpc.first-election.timeout.max = 5200ms (fallback to raft.server.rpc.timeout.max)
2022-12-22 10:14:18,660 [c401f17a-f2cf-465b-91c0-943e82b6f11f@group-7914C14C0878-LeaderElection11-1] INFO  server.GrpcServerProtocolClient (GrpcServerProtocolClient.java:<init>(63)) - Build channel for 9d8e2230-e250-45fc-b4c7-3e2f1170721a
2022-12-22 10:14:18,662 [c401f17a-f2cf-465b-91c0-943e82b6f11f@group-7914C14C0878-LeaderElection11] INFO  server.RaftServerConfigKeys (ConfUtils.java:logFallback(53)) - raft.server.rpc.first-election.timeout.min = 5s (fallback to raft.server.rpc.timeout.min)
2022-12-22 10:14:18,663 [c401f17a-f2cf-465b-91c0-943e82b6f11f@group-7914C14C0878-LeaderElection11] INFO  server.RaftServerConfigKeys (ConfUtils.java:logFallback(53)) - raft.server.rpc.first-election.timeout.max = 5200ms (fallback to raft.server.rpc.timeout.max)
2022-12-22 10:14:18,663 [c401f17a-f2cf-465b-91c0-943e82b6f11f@group-7914C14C0878-LeaderElection11-2] INFO  server.GrpcServerProtocolClient (GrpcServerProtocolClient.java:<init>(63)) - Build channel for 291a3527-ed17-4a3a-8624-24363fd411c3
2022-12-22 10:14:18,667 [grpc-default-executor-2] INFO  server.RaftServer$Division (RaftServerImpl.java:requestVote(1218)) - 9d8e2230-e250-45fc-b4c7-3e2f1170721a@group-7914C14C0878: receive requestVote(ELECTION, c401f17a-f2cf-465b-91c0-943e82b6f11f, group-7914C14C0878, 3, (t:0, i:0))
2022-12-22 10:14:18,667 [grpc-default-executor-2] INFO  impl.VoteContext (VoteContext.java:log(49)) - 9d8e2230-e250-45fc-b4c7-3e2f1170721a@group-7914C14C0878-FOLLOWER: reject ELECTION from c401f17a-f2cf-465b-91c0-943e82b6f11f: our priority 1 > candidate's priority 0
2022-12-22 10:14:18,667 [grpc-default-executor-2] INFO  server.RaftServer$Division (RaftServerImpl.java:setRole(321)) - 9d8e2230-e250-45fc-b4c7-3e2f1170721a@group-7914C14C0878: changes role from  FOLLOWER to FOLLOWER at term 3 for candidate:c401f17a-f2cf-465b-91c0-943e82b6f11f
2022-12-22 10:14:18,667 [grpc-default-executor-2] INFO  impl.RoleInfo (RoleInfo.java:shutdownFollowerState(110)) - 9d8e2230-e250-45fc-b4c7-3e2f1170721a: shutdown 9d8e2230-e250-45fc-b4c7-3e2f1170721a@group-7914C14C0878-FollowerState
2022-12-22 10:14:18,667 [grpc-default-executor-2] INFO  impl.RoleInfo (RoleInfo.java:updateAndGet(139)) - 9d8e2230-e250-45fc-b4c7-3e2f1170721a: start 9d8e2230-e250-45fc-b4c7-3e2f1170721a@group-7914C14C0878-FollowerState
2022-12-22 10:14:18,668 [9d8e2230-e250-45fc-b4c7-3e2f1170721a@group-7914C14C0878-FollowerState] INFO  impl.FollowerState (FollowerState.java:run(152)) - 9d8e2230-e250-45fc-b4c7-3e2f1170721a@group-7914C14C0878-FollowerState was interrupted
2022-12-22 10:14:18,668 [grpc-default-executor-2] INFO  server.RaftServer$Division (RaftServerImpl.java:requestVote(1251)) - 9d8e2230-e250-45fc-b4c7-3e2f1170721a@group-7914C14C0878 replies to ELECTION vote request: c401f17a-f2cf-465b-91c0-943e82b6f11f<-9d8e2230-e250-45fc-b4c7-3e2f1170721a#0:FAIL-t3. Peer's state: 9d8e2230-e250-45fc-b4c7-3e2f1170721a@group-7914C14C0878:t3, leader=null, voted=null, raftlog=Memoized:9d8e2230-e250-45fc-b4c7-3e2f1170721a@group-7914C14C0878-SegmentedRaftLog:OPENED:c-1, conf=-1: peers:[9d8e2230-e250-45fc-b4c7-3e2f1170721a|rpc:127.0.0.1:46029|dataStream:127.0.0.1:40427|priority:1|startupRole:FOLLOWER, c401f17a-f2cf-465b-91c0-943e82b6f11f|rpc:127.0.0.1:34811|dataStream:127.0.0.1:43401|priority:0|startupRole:FOLLOWER, 291a3527-ed17-4a3a-8624-24363fd411c3|rpc:127.0.0.1:44335|dataStream:127.0.0.1:39683|priority:0|startupRole:FOLLOWER]|listeners:[], old=null
2022-12-22 10:14:18,674 [9d8e2230-e250-45fc-b4c7-3e2f1170721a@group-7914C14C0878-FollowerState] INFO  server.RaftServerConfigKeys (ConfUtils.java:logFallback(53)) - raft.server.rpc.first-election.timeout.min = 5s (fallback to raft.server.rpc.timeout.min)
2022-12-22 10:14:18,674 [9d8e2230-e250-45fc-b4c7-3e2f1170721a@group-7914C14C0878-FollowerState] INFO  server.RaftServerConfigKeys (ConfUtils.java:logFallback(53)) - raft.server.rpc.first-election.timeout.max = 5200ms (fallback to raft.server.rpc.timeout.max)
2022-12-22 10:14:18,675 [c401f17a-f2cf-465b-91c0-943e82b6f11f@group-7914C14C0878-LeaderElection11] INFO  impl.LeaderElection (LeaderElection.java:logAndReturn(90)) - c401f17a-f2cf-465b-91c0-943e82b6f11f@group-7914C14C0878-LeaderElection11: ELECTION REJECTED received 1 response(s) and 0 exception(s):
2022-12-22 10:14:18,675 [c401f17a-f2cf-465b-91c0-943e82b6f11f@group-7914C14C0878-LeaderElection11] INFO  impl.LeaderElection (LeaderElection.java:logAndReturn(94)) -   Response 0: c401f17a-f2cf-465b-91c0-943e82b6f11f<-9d8e2230-e250-45fc-b4c7-3e2f1170721a#0:FAIL-t3
2022-12-22 10:14:18,675 [c401f17a-f2cf-465b-91c0-943e82b6f11f@group-7914C14C0878-LeaderElection11] INFO  impl.LeaderElection (LeaderElection.java:askForVotes(314)) - c401f17a-f2cf-465b-91c0-943e82b6f11f@group-7914C14C0878-LeaderElection11 ELECTION round 0: result REJECTED
2022-12-22 10:14:18,676 [c401f17a-f2cf-465b-91c0-943e82b6f11f@group-7914C14C0878-LeaderElection11] INFO  server.RaftServer$Division (RaftServerImpl.java:setRole(321)) - c401f17a-f2cf-465b-91c0-943e82b6f11f@group-7914C14C0878: changes role from CANDIDATE to FOLLOWER at term 3 for REJECTED
2022-12-22 10:14:18,676 [c401f17a-f2cf-465b-91c0-943e82b6f11f@group-7914C14C0878-LeaderElection11] INFO  impl.RoleInfo (RoleInfo.java:shutdownLeaderElection(130)) - c401f17a-f2cf-465b-91c0-943e82b6f11f: shutdown c401f17a-f2cf-465b-91c0-943e82b6f11f@group-7914C14C0878-LeaderElection11
2022-12-22 10:14:18,676 [c401f17a-f2cf-465b-91c0-943e82b6f11f@group-7914C14C0878-LeaderElection11] INFO  impl.RoleInfo (RoleInfo.java:updateAndGet(139)) - c401f17a-f2cf-465b-91c0-943e82b6f11f: start c401f17a-f2cf-465b-91c0-943e82b6f11f@group-7914C14C0878-FollowerState
2022-12-22 10:14:18,682 [grpc-default-executor-2] INFO  server.RaftServer$Division (RaftServerImpl.java:requestVote(1218)) - 291a3527-ed17-4a3a-8624-24363fd411c3@group-7914C14C0878: receive requestVote(ELECTION, c401f17a-f2cf-465b-91c0-943e82b6f11f, group-7914C14C0878, 3, (t:0, i:0))
2022-12-22 10:14:18,683 [grpc-default-executor-2] INFO  impl.VoteContext (VoteContext.java:log(49)) - 291a3527-ed17-4a3a-8624-24363fd411c3@group-7914C14C0878-FOLLOWER: reject ELECTION from c401f17a-f2cf-465b-91c0-943e82b6f11f: already has voted for 291a3527-ed17-4a3a-8624-24363fd411c3 at current term 3
2022-12-22 10:14:18,683 [grpc-default-executor-2] INFO  server.RaftServer$Division (RaftServerImpl.java:requestVote(1251)) - 291a3527-ed17-4a3a-8624-24363fd411c3@group-7914C14C0878 replies to ELECTION vote request: c401f17a-f2cf-465b-91c0-943e82b6f11f<-291a3527-ed17-4a3a-8624-24363fd411c3#0:FAIL-t3. Peer's state: 291a3527-ed17-4a3a-8624-24363fd411c3@group-7914C14C0878:t3, leader=null, voted=291a3527-ed17-4a3a-8624-24363fd411c3, raftlog=Memoized:291a3527-ed17-4a3a-8624-24363fd411c3@group-7914C14C0878-SegmentedRaftLog:OPENED:c-1, conf=-1: peers:[9d8e2230-e250-45fc-b4c7-3e2f1170721a|rpc:127.0.0.1:46029|dataStream:127.0.0.1:40427|priority:1|startupRole:FOLLOWER, c401f17a-f2cf-465b-91c0-943e82b6f11f|rpc:127.0.0.1:34811|dataStream:127.0.0.1:43401|priority:0|startupRole:FOLLOWER, 291a3527-ed17-4a3a-8624-24363fd411c3|rpc:127.0.0.1:44335|dataStream:127.0.0.1:39683|priority:0|startupRole:FOLLOWER]|listeners:[], old=null
2022-12-22 10:14:18,683 [c401f17a-f2cf-465b-91c0-943e82b6f11f@group-7914C14C0878-FollowerState] INFO  server.RaftServerConfigKeys (ConfUtils.java:logFallback(53)) - raft.server.rpc.first-election.timeout.min = 5s (fallback to raft.server.rpc.timeout.min)
2022-12-22 10:14:18,684 [c401f17a-f2cf-465b-91c0-943e82b6f11f@group-7914C14C0878-FollowerState] INFO  server.RaftServerConfigKeys (ConfUtils.java:logFallback(53)) - raft.server.rpc.first-election.timeout.max = 5200ms (fallback to raft.server.rpc.timeout.max)
2022-12-22 10:14:18,833 [EventQueue-CommandQueueReportForCommandQueueReportHandler] WARN  events.EventQueue (EventQueue.java:fireEvent(216)) - No event handler registered for event TypedEvent{payloadType=DatanodeDetails, name='Datanode_Command_Queue_Updated'}
2022-12-22 10:14:19,095 [EventQueue-CommandQueueReportForCommandQueueReportHandler] WARN  events.EventQueue (EventQueue.java:fireEvent(216)) - No event handler registered for event TypedEvent{payloadType=DatanodeDetails, name='Datanode_Command_Queue_Updated'}
2022-12-22 10:14:19,606 [EventQueue-CommandQueueReportForCommandQueueReportHandler] WARN  events.EventQueue (EventQueue.java:fireEvent(216)) - No event handler registered for event TypedEvent{payloadType=DatanodeDetails, name='Datanode_Command_Queue_Updated'}
2022-12-22 10:14:19,732 [Listener at 127.0.0.1/43655] INFO  ipc.Client (Client.java:handleConnectionFailure(1010)) - Retrying connect to server: localhost/127.0.0.1:46173. Already tried 0 time(s); retry policy is RetryUpToMaximumCountWithFixedSleep(maxRetries=2, sleepTime=100 MILLISECONDS)
2022-12-22 10:14:19,833 [Listener at 127.0.0.1/43655] INFO  ipc.Client (Client.java:handleConnectionFailure(1010)) - Retrying connect to server: localhost/127.0.0.1:46173. Already tried 1 time(s); retry policy is RetryUpToMaximumCountWithFixedSleep(maxRetries=2, sleepTime=100 MILLISECONDS)
2022-12-22 10:14:19,834 [EventQueue-CommandQueueReportForCommandQueueReportHandler] WARN  events.EventQueue (EventQueue.java:fireEvent(216)) - No event handler registered for event TypedEvent{payloadType=DatanodeDetails, name='Datanode_Command_Queue_Updated'}
2022-12-22 10:14:20,096 [EventQueue-CommandQueueReportForCommandQueueReportHandler] WARN  events.EventQueue (EventQueue.java:fireEvent(216)) - No event handler registered for event TypedEvent{payloadType=DatanodeDetails, name='Datanode_Command_Queue_Updated'}
2022-12-22 10:14:20,607 [EventQueue-CommandQueueReportForCommandQueueReportHandler] WARN  events.EventQueue (EventQueue.java:fireEvent(216)) - No event handler registered for event TypedEvent{payloadType=DatanodeDetails, name='Datanode_Command_Queue_Updated'}
2022-12-22 10:14:20,834 [EventQueue-CommandQueueReportForCommandQueueReportHandler] WARN  events.EventQueue (EventQueue.java:fireEvent(216)) - No event handler registered for event TypedEvent{payloadType=DatanodeDetails, name='Datanode_Command_Queue_Updated'}
2022-12-22 10:14:20,934 [Listener at 127.0.0.1/43655] INFO  ipc.Client (Client.java:handleConnectionFailure(1010)) - Retrying connect to server: localhost/127.0.0.1:46173. Already tried 0 time(s); retry policy is RetryUpToMaximumCountWithFixedSleep(maxRetries=2, sleepTime=100 MILLISECONDS)
2022-12-22 10:14:21,034 [Listener at 127.0.0.1/43655] INFO  ipc.Client (Client.java:handleConnectionFailure(1010)) - Retrying connect to server: localhost/127.0.0.1:46173. Already tried 1 time(s); retry policy is RetryUpToMaximumCountWithFixedSleep(maxRetries=2, sleepTime=100 MILLISECONDS)
2022-12-22 10:14:21,095 [EventQueue-CommandQueueReportForCommandQueueReportHandler] WARN  events.EventQueue (EventQueue.java:fireEvent(216)) - No event handler registered for event TypedEvent{payloadType=DatanodeDetails, name='Datanode_Command_Queue_Updated'}
2022-12-22 10:14:21,607 [EventQueue-CommandQueueReportForCommandQueueReportHandler] WARN  events.EventQueue (EventQueue.java:fireEvent(216)) - No event handler registered for event TypedEvent{payloadType=DatanodeDetails, name='Datanode_Command_Queue_Updated'}
2022-12-22 10:14:21,833 [EventQueue-CommandQueueReportForCommandQueueReportHandler] WARN  events.EventQueue (EventQueue.java:fireEvent(216)) - No event handler registered for event TypedEvent{payloadType=DatanodeDetails, name='Datanode_Command_Queue_Updated'}
2022-12-22 10:14:22,095 [EventQueue-CommandQueueReportForCommandQueueReportHandler] WARN  events.EventQueue (EventQueue.java:fireEvent(216)) - No event handler registered for event TypedEvent{payloadType=DatanodeDetails, name='Datanode_Command_Queue_Updated'}
2022-12-22 10:14:22,136 [Listener at 127.0.0.1/43655] INFO  ipc.Client (Client.java:handleConnectionFailure(1010)) - Retrying connect to server: localhost/127.0.0.1:46173. Already tried 0 time(s); retry policy is RetryUpToMaximumCountWithFixedSleep(maxRetries=2, sleepTime=100 MILLISECONDS)
2022-12-22 10:14:22,236 [Listener at 127.0.0.1/43655] INFO  ipc.Client (Client.java:handleConnectionFailure(1010)) - Retrying connect to server: localhost/127.0.0.1:46173. Already tried 1 time(s); retry policy is RetryUpToMaximumCountWithFixedSleep(maxRetries=2, sleepTime=100 MILLISECONDS)
2022-12-22 10:14:22,607 [EventQueue-CommandQueueReportForCommandQueueReportHandler] WARN  events.EventQueue (EventQueue.java:fireEvent(216)) - No event handler registered for event TypedEvent{payloadType=DatanodeDetails, name='Datanode_Command_Queue_Updated'}
2022-12-22 10:14:22,833 [EventQueue-CommandQueueReportForCommandQueueReportHandler] WARN  events.EventQueue (EventQueue.java:fireEvent(216)) - No event handler registered for event TypedEvent{payloadType=DatanodeDetails, name='Datanode_Command_Queue_Updated'}
2022-12-22 10:14:23,095 [EventQueue-CommandQueueReportForCommandQueueReportHandler] WARN  events.EventQueue (EventQueue.java:fireEvent(216)) - No event handler registered for event TypedEvent{payloadType=DatanodeDetails, name='Datanode_Command_Queue_Updated'}
2022-12-22 10:14:23,337 [Listener at 127.0.0.1/43655] INFO  ipc.Client (Client.java:handleConnectionFailure(1010)) - Retrying connect to server: localhost/127.0.0.1:46173. Already tried 0 time(s); retry policy is RetryUpToMaximumCountWithFixedSleep(maxRetries=2, sleepTime=100 MILLISECONDS)
2022-12-22 10:14:23,438 [Listener at 127.0.0.1/43655] INFO  ipc.Client (Client.java:handleConnectionFailure(1010)) - Retrying connect to server: localhost/127.0.0.1:46173. Already tried 1 time(s); retry policy is RetryUpToMaximumCountWithFixedSleep(maxRetries=2, sleepTime=100 MILLISECONDS)
2022-12-22 10:14:23,439 [Listener at 127.0.0.1/43655] ERROR protocolPB.OMAdminProtocolClientSideImpl (OMAdminProtocolClientSideImpl.java:getOMConfiguration(178)) - Failed to retrieve configuration of OM omNode-2[localhost:46173]
com.google.protobuf.ServiceException: java.net.ConnectException: Call From fv-az345-686/10.1.0.13 to localhost:46173 failed on connection exception: java.net.ConnectException: Connection refused; For more details see:  http://wiki.apache.org/hadoop/ConnectionRefused
	at org.apache.hadoop.ipc.ProtobufRpcEngine$Invoker.invoke(ProtobufRpcEngine.java:249)
	at org.apache.hadoop.ipc.ProtobufRpcEngine$Invoker.invoke(ProtobufRpcEngine.java:122)
	at com.sun.proxy.$Proxy56.getOMConfiguration(Unknown Source)
	at sun.reflect.NativeMethodAccessorImpl.invoke0(Native Method)
	at sun.reflect.NativeMethodAccessorImpl.invoke(NativeMethodAccessorImpl.java:62)
	at sun.reflect.DelegatingMethodAccessorImpl.invoke(DelegatingMethodAccessorImpl.java:43)
	at java.lang.reflect.Method.invoke(Method.java:498)
	at org.apache.hadoop.io.retry.RetryInvocationHandler.invokeMethod(RetryInvocationHandler.java:422)
	at org.apache.hadoop.io.retry.RetryInvocationHandler$Call.invokeMethod(RetryInvocationHandler.java:165)
	at org.apache.hadoop.io.retry.RetryInvocationHandler$Call.invoke(RetryInvocationHandler.java:157)
	at org.apache.hadoop.io.retry.RetryInvocationHandler$Call.invokeOnce(RetryInvocationHandler.java:95)
	at org.apache.hadoop.io.retry.RetryInvocationHandler.invoke(RetryInvocationHandler.java:359)
	at com.sun.proxy.$Proxy56.getOMConfiguration(Unknown Source)
	at org.apache.hadoop.ozone.om.protocolPB.OMAdminProtocolClientSideImpl.getOMConfiguration(OMAdminProtocolClientSideImpl.java:156)
	at org.apache.hadoop.ozone.om.OzoneManager.checkConfigBeforeBootstrap(OzoneManager.java:1649)
	at org.apache.hadoop.ozone.om.OzoneManager.start(OzoneManager.java:1476)
	at org.apache.hadoop.ozone.MiniOzoneHAClusterImpl$MiniOzoneHAService.startInactiveService(MiniOzoneHAClusterImpl.java:1036)
	at org.apache.hadoop.ozone.MiniOzoneHAClusterImpl.startInactiveOM(MiniOzoneHAClusterImpl.java:214)
	at org.apache.hadoop.ozone.MiniOzoneHAClusterImpl.bootstrapNewOM(MiniOzoneHAClusterImpl.java:870)
	at org.apache.hadoop.ozone.MiniOzoneHAClusterImpl.bootstrapOzoneManager(MiniOzoneHAClusterImpl.java:780)
	at org.apache.hadoop.ozone.om.TestAddRemoveOzoneManager.testForceBootstrap(TestAddRemoveOzoneManager.java:307)
	at sun.reflect.NativeMethodAccessorImpl.invoke0(Native Method)
	at sun.reflect.NativeMethodAccessorImpl.invoke(NativeMethodAccessorImpl.java:62)
	at sun.reflect.DelegatingMethodAccessorImpl.invoke(DelegatingMethodAccessorImpl.java:43)
	at java.lang.reflect.Method.invoke(Method.java:498)
	at org.junit.platform.commons.util.ReflectionUtils.invokeMethod(ReflectionUtils.java:725)
	at org.junit.jupiter.engine.execution.MethodInvocation.proceed(MethodInvocation.java:60)
	at org.junit.jupiter.engine.execution.InvocationInterceptorChain$ValidatingInvocation.proceed(InvocationInterceptorChain.java:131)
	at org.junit.jupiter.engine.extension.TimeoutInvocation.proceed(TimeoutInvocation.java:46)
	at org.junit.jupiter.engine.extension.TimeoutExtension.intercept(TimeoutExtension.java:149)
	at org.junit.jupiter.engine.extension.TimeoutExtension.interceptTestableMethod(TimeoutExtension.java:140)
	at org.junit.jupiter.engine.extension.TimeoutExtension.interceptTestMethod(TimeoutExtension.java:84)
	at org.junit.jupiter.engine.execution.ExecutableInvoker$ReflectiveInterceptorCall.lambda$ofVoidMethod$0(ExecutableInvoker.java:115)
	at org.junit.jupiter.engine.execution.ExecutableInvoker.lambda$invoke$0(ExecutableInvoker.java:105)
	at org.junit.jupiter.engine.execution.InvocationInterceptorChain$InterceptedInvocation.proceed(InvocationInterceptorChain.java:106)
	at org.junit.jupiter.engine.execution.InvocationInterceptorChain.proceed(InvocationInterceptorChain.java:64)
	at org.junit.jupiter.engine.execution.InvocationInterceptorChain.chainAndInvoke(InvocationInterceptorChain.java:45)
	at org.junit.jupiter.engine.execution.InvocationInterceptorChain.invoke(InvocationInterceptorChain.java:37)
	at org.junit.jupiter.engine.execution.ExecutableInvoker.invoke(ExecutableInvoker.java:104)
	at org.junit.jupiter.engine.execution.ExecutableInvoker.invoke(ExecutableInvoker.java:98)
	at org.junit.jupiter.engine.descriptor.TestMethodTestDescriptor.lambda$invokeTestMethod$7(TestMethodTestDescriptor.java:214)
	at org.junit.platform.engine.support.hierarchical.ThrowableCollector.execute(ThrowableCollector.java:73)
	at org.junit.jupiter.engine.descriptor.TestMethodTestDescriptor.invokeTestMethod(TestMethodTestDescriptor.java:210)
	at org.junit.jupiter.engine.descriptor.TestMethodTestDescriptor.execute(TestMethodTestDescriptor.java:135)
	at org.junit.jupiter.engine.descriptor.TestMethodTestDescriptor.execute(TestMethodTestDescriptor.java:66)
	at org.junit.platform.engine.support.hierarchical.NodeTestTask.lambda$executeRecursively$6(NodeTestTask.java:151)
	at org.junit.platform.engine.support.hierarchical.ThrowableCollector.execute(ThrowableCollector.java:73)
	at org.junit.platform.engine.support.hierarchical.NodeTestTask.lambda$executeRecursively$8(NodeTestTask.java:141)
	at org.junit.platform.engine.support.hierarchical.Node.around(Node.java:137)
	at org.junit.platform.engine.support.hierarchical.NodeTestTask.lambda$executeRecursively$9(NodeTestTask.java:139)
	at org.junit.platform.engine.support.hierarchical.ThrowableCollector.execute(ThrowableCollector.java:73)
	at org.junit.platform.engine.support.hierarchical.NodeTestTask.executeRecursively(NodeTestTask.java:138)
	at org.junit.platform.engine.support.hierarchical.NodeTestTask.execute(NodeTestTask.java:95)
	at java.util.ArrayList.forEach(ArrayList.java:1259)
	at org.junit.platform.engine.support.hierarchical.SameThreadHierarchicalTestExecutorService.invokeAll(SameThreadHierarchicalTestExecutorService.java:41)
	at org.junit.platform.engine.support.hierarchical.NodeTestTask.lambda$executeRecursively$6(NodeTestTask.java:155)
	at org.junit.platform.engine.support.hierarchical.ThrowableCollector.execute(ThrowableCollector.java:73)
	at org.junit.platform.engine.support.hierarchical.NodeTestTask.lambda$executeRecursively$8(NodeTestTask.java:141)
	at org.junit.platform.engine.support.hierarchical.Node.around(Node.java:137)
	at org.junit.platform.engine.support.hierarchical.NodeTestTask.lambda$executeRecursively$9(NodeTestTask.java:139)
	at org.junit.platform.engine.support.hierarchical.ThrowableCollector.execute(ThrowableCollector.java:73)
	at org.junit.platform.engine.support.hierarchical.NodeTestTask.executeRecursively(NodeTestTask.java:138)
	at org.junit.platform.engine.support.hierarchical.NodeTestTask.execute(NodeTestTask.java:95)
	at java.util.ArrayList.forEach(ArrayList.java:1259)
	at org.junit.platform.engine.support.hierarchical.SameThreadHierarchicalTestExecutorService.invokeAll(SameThreadHierarchicalTestExecutorService.java:41)
	at org.junit.platform.engine.support.hierarchical.NodeTestTask.lambda$executeRecursively$6(NodeTestTask.java:155)
	at org.junit.platform.engine.support.hierarchical.ThrowableCollector.execute(ThrowableCollector.java:73)
	at org.junit.platform.engine.support.hierarchical.NodeTestTask.lambda$executeRecursively$8(NodeTestTask.java:141)
	at org.junit.platform.engine.support.hierarchical.Node.around(Node.java:137)
	at org.junit.platform.engine.support.hierarchical.NodeTestTask.lambda$executeRecursively$9(NodeTestTask.java:139)
	at org.junit.platform.engine.support.hierarchical.ThrowableCollector.execute(ThrowableCollector.java:73)
	at org.junit.platform.engine.support.hierarchical.NodeTestTask.executeRecursively(NodeTestTask.java:138)
	at org.junit.platform.engine.support.hierarchical.NodeTestTask.execute(NodeTestTask.java:95)
	at org.junit.platform.engine.support.hierarchical.SameThreadHierarchicalTestExecutorService.submit(SameThreadHierarchicalTestExecutorService.java:35)
	at org.junit.platform.engine.support.hierarchical.HierarchicalTestExecutor.execute(HierarchicalTestExecutor.java:57)
	at org.junit.platform.engine.support.hierarchical.HierarchicalTestEngine.execute(HierarchicalTestEngine.java:54)
	at org.junit.platform.launcher.core.EngineExecutionOrchestrator.execute(EngineExecutionOrchestrator.java:107)
	at org.junit.platform.launcher.core.EngineExecutionOrchestrator.execute(EngineExecutionOrchestrator.java:88)
	at org.junit.platform.launcher.core.EngineExecutionOrchestrator.lambda$execute$0(EngineExecutionOrchestrator.java:54)
	at org.junit.platform.launcher.core.EngineExecutionOrchestrator.withInterceptedStreams(EngineExecutionOrchestrator.java:67)
	at org.junit.platform.launcher.core.EngineExecutionOrchestrator.execute(EngineExecutionOrchestrator.java:52)
	at org.junit.platform.launcher.core.DefaultLauncher.execute(DefaultLauncher.java:114)
	at org.junit.platform.launcher.core.DefaultLauncher.execute(DefaultLauncher.java:86)
	at org.junit.platform.launcher.core.DefaultLauncherSession$DelegatingLauncher.execute(DefaultLauncherSession.java:86)
	at org.junit.platform.launcher.core.SessionPerRequestLauncher.execute(SessionPerRequestLauncher.java:53)
	at org.apache.maven.surefire.junitplatform.JUnitPlatformProvider.execute(JUnitPlatformProvider.java:188)
	at org.apache.maven.surefire.junitplatform.JUnitPlatformProvider.invokeAllTests(JUnitPlatformProvider.java:154)
	at org.apache.maven.surefire.junitplatform.JUnitPlatformProvider.invoke(JUnitPlatformProvider.java:124)
	at org.apache.maven.surefire.booter.ForkedBooter.runSuitesInProcess(ForkedBooter.java:428)
	at org.apache.maven.surefire.booter.ForkedBooter.execute(ForkedBooter.java:162)
	at org.apache.maven.surefire.booter.ForkedBooter.run(ForkedBooter.java:562)
	at org.apache.maven.surefire.booter.ForkedBooter.main(ForkedBooter.java:548)
Caused by: java.net.ConnectException: Call From fv-az345-686/10.1.0.13 to localhost:46173 failed on connection exception: java.net.ConnectException: Connection refused; For more details see:  http://wiki.apache.org/hadoop/ConnectionRefused
	at sun.reflect.NativeConstructorAccessorImpl.newInstance0(Native Method)
	at sun.reflect.NativeConstructorAccessorImpl.newInstance(NativeConstructorAccessorImpl.java:62)
	at sun.reflect.DelegatingConstructorAccessorImpl.newInstance(DelegatingConstructorAccessorImpl.java:45)
	at java.lang.reflect.Constructor.newInstance(Constructor.java:423)
	at org.apache.hadoop.net.NetUtils.wrapWithMessage(NetUtils.java:913)
	at org.apache.hadoop.net.NetUtils.wrapException(NetUtils.java:828)
	at org.apache.hadoop.ipc.Client.getRpcResponse(Client.java:1616)
	at org.apache.hadoop.ipc.Client.call(Client.java:1558)
	at org.apache.hadoop.ipc.Client.call(Client.java:1455)
	at org.apache.hadoop.ipc.ProtobufRpcEngine$Invoker.invoke(ProtobufRpcEngine.java:235)
	... 91 more
Caused by: java.net.ConnectException: Connection refused
	at sun.nio.ch.SocketChannelImpl.checkConnect(Native Method)
	at sun.nio.ch.SocketChannelImpl.finishConnect(SocketChannelImpl.java:716)
	at org.apache.hadoop.net.SocketIOWithTimeout.connect(SocketIOWithTimeout.java:205)
	at org.apache.hadoop.net.NetUtils.connect(NetUtils.java:586)
	at org.apache.hadoop.ipc.Client$Connection.setupConnection(Client.java:711)
	at org.apache.hadoop.ipc.Client$Connection.setupIOstreams(Client.java:833)
	at org.apache.hadoop.ipc.Client$Connection.access$3800(Client.java:414)
	at org.apache.hadoop.ipc.Client.getConnection(Client.java:1677)
	at org.apache.hadoop.ipc.Client.call(Client.java:1502)
	... 93 more
2022-12-22 10:14:23,442 [Listener at 127.0.0.1/43655] ERROR om.OzoneManager (OzoneManager.java:checkConfigBeforeBootstrap(1652)) - Remote OM config check failed on OM omNode-2
java.io.IOException: Remote OM omNode-2 configuration returned null
	at org.apache.hadoop.ozone.om.OzoneManager.checkRemoteOMConfig(OzoneManager.java:1671)
	at org.apache.hadoop.ozone.om.OzoneManager.checkConfigBeforeBootstrap(OzoneManager.java:1650)
	at org.apache.hadoop.ozone.om.OzoneManager.start(OzoneManager.java:1476)
	at org.apache.hadoop.ozone.MiniOzoneHAClusterImpl$MiniOzoneHAService.startInactiveService(MiniOzoneHAClusterImpl.java:1036)
	at org.apache.hadoop.ozone.MiniOzoneHAClusterImpl.startInactiveOM(MiniOzoneHAClusterImpl.java:214)
	at org.apache.hadoop.ozone.MiniOzoneHAClusterImpl.bootstrapNewOM(MiniOzoneHAClusterImpl.java:870)
	at org.apache.hadoop.ozone.MiniOzoneHAClusterImpl.bootstrapOzoneManager(MiniOzoneHAClusterImpl.java:780)
	at org.apache.hadoop.ozone.om.TestAddRemoveOzoneManager.testForceBootstrap(TestAddRemoveOzoneManager.java:307)
	at sun.reflect.NativeMethodAccessorImpl.invoke0(Native Method)
	at sun.reflect.NativeMethodAccessorImpl.invoke(NativeMethodAccessorImpl.java:62)
	at sun.reflect.DelegatingMethodAccessorImpl.invoke(DelegatingMethodAccessorImpl.java:43)
	at java.lang.reflect.Method.invoke(Method.java:498)
	at org.junit.platform.commons.util.ReflectionUtils.invokeMethod(ReflectionUtils.java:725)
	at org.junit.jupiter.engine.execution.MethodInvocation.proceed(MethodInvocation.java:60)
	at org.junit.jupiter.engine.execution.InvocationInterceptorChain$ValidatingInvocation.proceed(InvocationInterceptorChain.java:131)
	at org.junit.jupiter.engine.extension.TimeoutInvocation.proceed(TimeoutInvocation.java:46)
	at org.junit.jupiter.engine.extension.TimeoutExtension.intercept(TimeoutExtension.java:149)
	at org.junit.jupiter.engine.extension.TimeoutExtension.interceptTestableMethod(TimeoutExtension.java:140)
	at org.junit.jupiter.engine.extension.TimeoutExtension.interceptTestMethod(TimeoutExtension.java:84)
	at org.junit.jupiter.engine.execution.ExecutableInvoker$ReflectiveInterceptorCall.lambda$ofVoidMethod$0(ExecutableInvoker.java:115)
	at org.junit.jupiter.engine.execution.ExecutableInvoker.lambda$invoke$0(ExecutableInvoker.java:105)
	at org.junit.jupiter.engine.execution.InvocationInterceptorChain$InterceptedInvocation.proceed(InvocationInterceptorChain.java:106)
	at org.junit.jupiter.engine.execution.InvocationInterceptorChain.proceed(InvocationInterceptorChain.java:64)
	at org.junit.jupiter.engine.execution.InvocationInterceptorChain.chainAndInvoke(InvocationInterceptorChain.java:45)
	at org.junit.jupiter.engine.execution.InvocationInterceptorChain.invoke(InvocationInterceptorChain.java:37)
	at org.junit.jupiter.engine.execution.ExecutableInvoker.invoke(ExecutableInvoker.java:104)
	at org.junit.jupiter.engine.execution.ExecutableInvoker.invoke(ExecutableInvoker.java:98)
	at org.junit.jupiter.engine.descriptor.TestMethodTestDescriptor.lambda$invokeTestMethod$7(TestMethodTestDescriptor.java:214)
	at org.junit.platform.engine.support.hierarchical.ThrowableCollector.execute(ThrowableCollector.java:73)
	at org.junit.jupiter.engine.descriptor.TestMethodTestDescriptor.invokeTestMethod(TestMethodTestDescriptor.java:210)
	at org.junit.jupiter.engine.descriptor.TestMethodTestDescriptor.execute(TestMethodTestDescriptor.java:135)
	at org.junit.jupiter.engine.descriptor.TestMethodTestDescriptor.execute(TestMethodTestDescriptor.java:66)
	at org.junit.platform.engine.support.hierarchical.NodeTestTask.lambda$executeRecursively$6(NodeTestTask.java:151)
	at org.junit.platform.engine.support.hierarchical.ThrowableCollector.execute(ThrowableCollector.java:73)
	at org.junit.platform.engine.support.hierarchical.NodeTestTask.lambda$executeRecursively$8(NodeTestTask.java:141)
	at org.junit.platform.engine.support.hierarchical.Node.around(Node.java:137)
	at org.junit.platform.engine.support.hierarchical.NodeTestTask.lambda$executeRecursively$9(NodeTestTask.java:139)
	at org.junit.platform.engine.support.hierarchical.ThrowableCollector.execute(ThrowableCollector.java:73)
	at org.junit.platform.engine.support.hierarchical.NodeTestTask.executeRecursively(NodeTestTask.java:138)
	at org.junit.platform.engine.support.hierarchical.NodeTestTask.execute(NodeTestTask.java:95)
	at java.util.ArrayList.forEach(ArrayList.java:1259)
	at org.junit.platform.engine.support.hierarchical.SameThreadHierarchicalTestExecutorService.invokeAll(SameThreadHierarchicalTestExecutorService.java:41)
	at org.junit.platform.engine.support.hierarchical.NodeTestTask.lambda$executeRecursively$6(NodeTestTask.java:155)
	at org.junit.platform.engine.support.hierarchical.ThrowableCollector.execute(ThrowableCollector.java:73)
	at org.junit.platform.engine.support.hierarchical.NodeTestTask.lambda$executeRecursively$8(NodeTestTask.java:141)
	at org.junit.platform.engine.support.hierarchical.Node.around(Node.java:137)
	at org.junit.platform.engine.support.hierarchical.NodeTestTask.lambda$executeRecursively$9(NodeTestTask.java:139)
	at org.junit.platform.engine.support.hierarchical.ThrowableCollector.execute(ThrowableCollector.java:73)
	at org.junit.platform.engine.support.hierarchical.NodeTestTask.executeRecursively(NodeTestTask.java:138)
	at org.junit.platform.engine.support.hierarchical.NodeTestTask.execute(NodeTestTask.java:95)
	at java.util.ArrayList.forEach(ArrayList.java:1259)
	at org.junit.platform.engine.support.hierarchical.SameThreadHierarchicalTestExecutorService.invokeAll(SameThreadHierarchicalTestExecutorService.java:41)
	at org.junit.platform.engine.support.hierarchical.NodeTestTask.lambda$executeRecursively$6(NodeTestTask.java:155)
	at org.junit.platform.engine.support.hierarchical.ThrowableCollector.execute(ThrowableCollector.java:73)
	at org.junit.platform.engine.support.hierarchical.NodeTestTask.lambda$executeRecursively$8(NodeTestTask.java:141)
	at org.junit.platform.engine.support.hierarchical.Node.around(Node.java:137)
	at org.junit.platform.engine.support.hierarchical.NodeTestTask.lambda$executeRecursively$9(NodeTestTask.java:139)
	at org.junit.platform.engine.support.hierarchical.ThrowableCollector.execute(ThrowableCollector.java:73)
	at org.junit.platform.engine.support.hierarchical.NodeTestTask.executeRecursively(NodeTestTask.java:138)
	at org.junit.platform.engine.support.hierarchical.NodeTestTask.execute(NodeTestTask.java:95)
	at org.junit.platform.engine.support.hierarchical.SameThreadHierarchicalTestExecutorService.submit(SameThreadHierarchicalTestExecutorService.java:35)
	at org.junit.platform.engine.support.hierarchical.HierarchicalTestExecutor.execute(HierarchicalTestExecutor.java:57)
	at org.junit.platform.engine.support.hierarchical.HierarchicalTestEngine.execute(HierarchicalTestEngine.java:54)
	at org.junit.platform.launcher.core.EngineExecutionOrchestrator.execute(EngineExecutionOrchestrator.java:107)
	at org.junit.platform.launcher.core.EngineExecutionOrchestrator.execute(EngineExecutionOrchestrator.java:88)
	at org.junit.platform.launcher.core.EngineExecutionOrchestrator.lambda$execute$0(EngineExecutionOrchestrator.java:54)
	at org.junit.platform.launcher.core.EngineExecutionOrchestrator.withInterceptedStreams(EngineExecutionOrchestrator.java:67)
	at org.junit.platform.launcher.core.EngineExecutionOrchestrator.execute(EngineExecutionOrchestrator.java:52)
	at org.junit.platform.launcher.core.DefaultLauncher.execute(DefaultLauncher.java:114)
	at org.junit.platform.launcher.core.DefaultLauncher.execute(DefaultLauncher.java:86)
	at org.junit.platform.launcher.core.DefaultLauncherSession$DelegatingLauncher.execute(DefaultLauncherSession.java:86)
	at org.junit.platform.launcher.core.SessionPerRequestLauncher.execute(SessionPerRequestLauncher.java:53)
	at org.apache.maven.surefire.junitplatform.JUnitPlatformProvider.execute(JUnitPlatformProvider.java:188)
	at org.apache.maven.surefire.junitplatform.JUnitPlatformProvider.invokeAllTests(JUnitPlatformProvider.java:154)
	at org.apache.maven.surefire.junitplatform.JUnitPlatformProvider.invoke(JUnitPlatformProvider.java:124)
	at org.apache.maven.surefire.booter.ForkedBooter.runSuitesInProcess(ForkedBooter.java:428)
	at org.apache.maven.surefire.booter.ForkedBooter.execute(ForkedBooter.java:162)
	at org.apache.maven.surefire.booter.ForkedBooter.run(ForkedBooter.java:562)
	at org.apache.maven.surefire.booter.ForkedBooter.main(ForkedBooter.java:548)
2022-12-22 10:14:23,443 [Listener at 127.0.0.1/43655] ERROR ozone.MiniOzoneHAClusterImpl (MiniOzoneHAClusterImpl.java:exitSystem(1094)) - omNode-bootstrap-1 - System Exit: OM [omNode-2[localhost:46173]] do not have or have incorrect information of the bootstrapping OM. Update their ozone-site.xml before proceeding.
2022-12-22 10:14:23,443 [Listener at 127.0.0.1/43655] INFO  om.OzoneManager (OzoneManager.java:stop(2038)) - omNode-bootstrap-1[localhost:43655]: Stopping Ozone Manager
2022-12-22 10:14:23,443 [Listener at 127.0.0.1/43655] INFO  ipc.Server (Server.java:stop(3428)) - Stopping server on 43655
2022-12-22 10:14:23,443 [Listener at 127.0.0.1/43655] INFO  ratis.OzoneManagerStateMachine (OzoneManagerStateMachine.java:close(499)) - StateMachine has shutdown. Shutdown OzoneManager if not already shutdown.
2022-12-22 10:14:23,444 [Listener at 127.0.0.1/43655] INFO  ratis.OzoneManagerDoubleBuffer (OzoneManagerDoubleBuffer.java:stop(466)) - Stopping OMDoubleBuffer flush thread
2022-12-22 10:14:23,444 [OMDoubleBufferFlushThread] INFO  ratis.OzoneManagerDoubleBuffer (OzoneManagerDoubleBuffer.java:flushTransactions(385)) - OMDoubleBuffer flush thread OMDoubleBufferFlushThread is interrupted and will exit.
2022-12-22 10:14:23,449 [Listener at 127.0.0.1/43655] INFO  ha.OMHANodeDetails (OMHANodeDetails.java:loadOMHAConfig(121)) - ServiceID for OzoneManager is om-add-remove
2022-12-22 10:14:23,449 [Listener at 127.0.0.1/43655] INFO  ha.OMHANodeDetails (OMHANodeDetails.java:loadOMHAConfig(201)) - Found matching OM address with OMServiceId: om-add-remove, OMNodeId: omNode-bootstrap-2, RPC Address: localhost:44055 and Ratis port: 42733
2022-12-22 10:14:23,449 [Listener at 127.0.0.1/43655] INFO  ha.OMHANodeDetails (ConfUtils.java:setNodeSpecificConfigs(97)) - Setting configuration key ozone.om.http-address with value of key ozone.om.http-address.om-add-remove.omNode-bootstrap-2: 127.0.0.1:36695
2022-12-22 10:14:23,450 [Listener at 127.0.0.1/43655] INFO  ha.OMHANodeDetails (ConfUtils.java:setNodeSpecificConfigs(97)) - Setting configuration key ozone.om.https-address with value of key ozone.om.https-address.om-add-remove.omNode-bootstrap-2: 127.0.0.1:41821
2022-12-22 10:14:23,450 [Listener at 127.0.0.1/43655] INFO  ha.OMHANodeDetails (ConfUtils.java:setNodeSpecificConfigs(97)) - Setting configuration key ozone.om.address with value of key ozone.om.address.om-add-remove.omNode-bootstrap-2: 127.0.0.1:44055
2022-12-22 10:14:23,450 [Listener at 127.0.0.1/43655] WARN  server.ServerUtils (ServerUtils.java:getDBPath(225)) - ozone.om.db.dirs is not configured. We recommend adding this setting. Falling back to ozone.metadata.dirs instead.
2022-12-22 10:14:23,451 [Listener at 127.0.0.1/43655] INFO  ha.SCMNodeInfo (SCMNodeInfo.java:getPort(197)) - ConfigKey ozone.scm.client.address is deprecated, For configuring different ports for each SCM use PortConfigKey ozone.scm.client.port appended with serviceId and nodeId
2022-12-22 10:14:23,451 [Listener at 127.0.0.1/43655] INFO  ha.SCMNodeInfo (SCMNodeInfo.java:getPort(197)) - ConfigKey ozone.scm.block.client.address is deprecated, For configuring different ports for each SCM use PortConfigKey ozone.scm.block.client.port appended with serviceId and nodeId
2022-12-22 10:14:23,451 [Listener at 127.0.0.1/43655] INFO  ha.SCMNodeInfo (SCMNodeInfo.java:getPort(197)) - ConfigKey ozone.scm.datanode.address is deprecated, For configuring different ports for each SCM use PortConfigKey ozone.scm.datanode.port appended with serviceId and nodeId
2022-12-22 10:14:23,451 [Listener at 127.0.0.1/43655] INFO  proxy.SCMBlockLocationFailoverProxyProvider (SCMBlockLocationFailoverProxyProvider.java:<init>(114)) - Created block location fail-over proxy with 1 nodes: [nodeId=scmNode-1,nodeAddress=/127.0.0.1:35153]
OM initialization succeeded.Current cluster id for sd=/home/runner/work/ozone/ozone/hadoop-ozone/integration-test/target/test-dir/MiniOzoneClusterImpl-25092133-3ddf-4dd3-9c34-1a0a2119317e/omNode-bootstrap-2/om;cid=25092133-3ddf-4dd3-9c34-1a0a2119317e;layoutVersion=3
2022-12-22 10:14:23,461 [Listener at 127.0.0.1/43655] INFO  ha.OMHANodeDetails (OMHANodeDetails.java:loadOMHAConfig(121)) - ServiceID for OzoneManager is om-add-remove
2022-12-22 10:14:23,462 [Listener at 127.0.0.1/43655] INFO  ha.OMHANodeDetails (OMHANodeDetails.java:loadOMHAConfig(201)) - Found matching OM address with OMServiceId: om-add-remove, OMNodeId: omNode-bootstrap-2, RPC Address: localhost:44055 and Ratis port: 42733
2022-12-22 10:14:23,462 [Listener at 127.0.0.1/43655] INFO  ha.OMHANodeDetails (ConfUtils.java:setNodeSpecificConfigs(97)) - Setting configuration key ozone.om.http-address with value of key ozone.om.http-address.om-add-remove.omNode-bootstrap-2: 127.0.0.1:36695
2022-12-22 10:14:23,462 [Listener at 127.0.0.1/43655] INFO  ha.OMHANodeDetails (ConfUtils.java:setNodeSpecificConfigs(97)) - Setting configuration key ozone.om.https-address with value of key ozone.om.https-address.om-add-remove.omNode-bootstrap-2: 127.0.0.1:41821
2022-12-22 10:14:23,462 [Listener at 127.0.0.1/43655] INFO  ha.OMHANodeDetails (ConfUtils.java:setNodeSpecificConfigs(97)) - Setting configuration key ozone.om.address with value of key ozone.om.address.om-add-remove.omNode-bootstrap-2: 127.0.0.1:44055
2022-12-22 10:14:23,462 [Listener at 127.0.0.1/43655] WARN  server.ServerUtils (ServerUtils.java:getDBPath(225)) - ozone.om.db.dirs is not configured. We recommend adding this setting. Falling back to ozone.metadata.dirs instead.
2022-12-22 10:14:23,463 [Listener at 127.0.0.1/43655] INFO  upgrade.AbstractLayoutVersionManager (AbstractLayoutVersionManager.java:init(83)) - Initializing Layout version manager with metadata layout = MULTITENANCY_SCHEMA (version = 3), software layout = MULTITENANCY_SCHEMA (version = 3)
2022-12-22 10:14:23,533 [Listener at 127.0.0.1/43655] INFO  reflections.Reflections (Reflections.java:scan(232)) - Reflections took 70 ms to scan 2 urls, producing 154 keys and 428 values [using 2 cores]
2022-12-22 10:14:23,533 [Listener at 127.0.0.1/43655] INFO  upgrade.OMLayoutVersionManager (OMLayoutVersionManager.java:lambda$0(115)) - Skipping Upgrade Action MockOmUpgradeAction since it has been finalized.
2022-12-22 10:14:23,534 [Listener at 127.0.0.1/43655] WARN  server.ServerUtils (ServerUtils.java:getDBPath(225)) - ozone.om.db.dirs is not configured. We recommend adding this setting. Falling back to ozone.metadata.dirs instead.
2022-12-22 10:14:23,534 [Listener at 127.0.0.1/43655] INFO  ha.SCMNodeInfo (SCMNodeInfo.java:getPort(197)) - ConfigKey ozone.scm.client.address is deprecated, For configuring different ports for each SCM use PortConfigKey ozone.scm.client.port appended with serviceId and nodeId
2022-12-22 10:14:23,534 [Listener at 127.0.0.1/43655] INFO  ha.SCMNodeInfo (SCMNodeInfo.java:getPort(197)) - ConfigKey ozone.scm.block.client.address is deprecated, For configuring different ports for each SCM use PortConfigKey ozone.scm.block.client.port appended with serviceId and nodeId
2022-12-22 10:14:23,534 [Listener at 127.0.0.1/43655] INFO  ha.SCMNodeInfo (SCMNodeInfo.java:getPort(197)) - ConfigKey ozone.scm.datanode.address is deprecated, For configuring different ports for each SCM use PortConfigKey ozone.scm.datanode.port appended with serviceId and nodeId
2022-12-22 10:14:23,534 [Listener at 127.0.0.1/43655] INFO  ha.SCMNodeInfo (SCMNodeInfo.java:getPort(197)) - ConfigKey ozone.scm.client.address is deprecated, For configuring different ports for each SCM use PortConfigKey ozone.scm.client.port appended with serviceId and nodeId
2022-12-22 10:14:23,535 [Listener at 127.0.0.1/43655] INFO  ha.SCMNodeInfo (SCMNodeInfo.java:getPort(197)) - ConfigKey ozone.scm.block.client.address is deprecated, For configuring different ports for each SCM use PortConfigKey ozone.scm.block.client.port appended with serviceId and nodeId
2022-12-22 10:14:23,535 [Listener at 127.0.0.1/43655] INFO  ha.SCMNodeInfo (SCMNodeInfo.java:getPort(197)) - ConfigKey ozone.scm.datanode.address is deprecated, For configuring different ports for each SCM use PortConfigKey ozone.scm.datanode.port appended with serviceId and nodeId
2022-12-22 10:14:23,535 [Listener at 127.0.0.1/43655] INFO  proxy.SCMBlockLocationFailoverProxyProvider (SCMBlockLocationFailoverProxyProvider.java:<init>(114)) - Created block location fail-over proxy with 1 nodes: [nodeId=scmNode-1,nodeAddress=/127.0.0.1:35153]
2022-12-22 10:14:23,537 [Listener at 127.0.0.1/43655] INFO  ha.SCMNodeInfo (SCMNodeInfo.java:getPort(197)) - ConfigKey ozone.scm.client.address is deprecated, For configuring different ports for each SCM use PortConfigKey ozone.scm.client.port appended with serviceId and nodeId
2022-12-22 10:14:23,537 [Listener at 127.0.0.1/43655] INFO  ha.SCMNodeInfo (SCMNodeInfo.java:getPort(197)) - ConfigKey ozone.scm.block.client.address is deprecated, For configuring different ports for each SCM use PortConfigKey ozone.scm.block.client.port appended with serviceId and nodeId
2022-12-22 10:14:23,538 [Listener at 127.0.0.1/43655] INFO  ha.SCMNodeInfo (SCMNodeInfo.java:getPort(197)) - ConfigKey ozone.scm.datanode.address is deprecated, For configuring different ports for each SCM use PortConfigKey ozone.scm.datanode.port appended with serviceId and nodeId
2022-12-22 10:14:23,538 [Listener at 127.0.0.1/43655] INFO  proxy.SCMBlockLocationFailoverProxyProvider (SCMBlockLocationFailoverProxyProvider.java:<init>(114)) - Created block location fail-over proxy with 1 nodes: [nodeId=scmNode-1,nodeAddress=/127.0.0.1:35153]
2022-12-22 10:14:23,549 [Listener at 127.0.0.1/43655] WARN  server.ServerUtils (ServerUtils.java:getDBPath(225)) - ozone.om.db.dirs is not configured. We recommend adding this setting. Falling back to ozone.metadata.dirs instead.
2022-12-22 10:14:23,550 [Listener at 127.0.0.1/43655] INFO  codec.OmKeyInfoCodec (OmKeyInfoCodec.java:<init>(49)) - OmKeyInfoCodec ignorePipeline = true
2022-12-22 10:14:23,550 [Listener at 127.0.0.1/43655] INFO  codec.RepeatedOmKeyInfoCodec (RepeatedOmKeyInfoCodec.java:<init>(41)) - RepeatedOmKeyInfoCodec ignorePipeline = true
2022-12-22 10:14:23,609 [EventQueue-CommandQueueReportForCommandQueueReportHandler] WARN  events.EventQueue (EventQueue.java:fireEvent(216)) - No event handler registered for event TypedEvent{payloadType=DatanodeDetails, name='Datanode_Command_Queue_Updated'}
2022-12-22 10:14:23,663 [291a3527-ed17-4a3a-8624-24363fd411c3@group-7914C14C0878-FollowerState] INFO  impl.FollowerState (FollowerState.java:run(143)) - 291a3527-ed17-4a3a-8624-24363fd411c3@group-7914C14C0878-FollowerState: change to CANDIDATE, lastRpcElapsedTime:5007904787ns, electionTimeout:5003ms
2022-12-22 10:14:23,663 [291a3527-ed17-4a3a-8624-24363fd411c3@group-7914C14C0878-FollowerState] INFO  impl.RoleInfo (RoleInfo.java:shutdownFollowerState(110)) - 291a3527-ed17-4a3a-8624-24363fd411c3: shutdown 291a3527-ed17-4a3a-8624-24363fd411c3@group-7914C14C0878-FollowerState
2022-12-22 10:14:23,663 [291a3527-ed17-4a3a-8624-24363fd411c3@group-7914C14C0878-FollowerState] INFO  server.RaftServer$Division (RaftServerImpl.java:setRole(321)) - 291a3527-ed17-4a3a-8624-24363fd411c3@group-7914C14C0878: changes role from  FOLLOWER to CANDIDATE at term 3 for changeToCandidate
2022-12-22 10:14:23,663 [291a3527-ed17-4a3a-8624-24363fd411c3@group-7914C14C0878-FollowerState] INFO  server.RaftServerConfigKeys (ConfUtils.java:logGet(46)) - raft.server.leaderelection.pre-vote = false (custom)
2022-12-22 10:14:23,663 [291a3527-ed17-4a3a-8624-24363fd411c3@group-7914C14C0878-FollowerState] INFO  impl.RoleInfo (RoleInfo.java:updateAndGet(139)) - 291a3527-ed17-4a3a-8624-24363fd411c3: start 291a3527-ed17-4a3a-8624-24363fd411c3@group-7914C14C0878-LeaderElection12
2022-12-22 10:14:23,665 [291a3527-ed17-4a3a-8624-24363fd411c3@group-7914C14C0878-LeaderElection12] INFO  impl.LeaderElection (LeaderElection.java:askForVotes(312)) - 291a3527-ed17-4a3a-8624-24363fd411c3@group-7914C14C0878-LeaderElection12 ELECTION round 0: submit vote requests at term 4 for -1: peers:[9d8e2230-e250-45fc-b4c7-3e2f1170721a|rpc:127.0.0.1:46029|dataStream:127.0.0.1:40427|priority:1|startupRole:FOLLOWER, c401f17a-f2cf-465b-91c0-943e82b6f11f|rpc:127.0.0.1:34811|dataStream:127.0.0.1:43401|priority:0|startupRole:FOLLOWER, 291a3527-ed17-4a3a-8624-24363fd411c3|rpc:127.0.0.1:44335|dataStream:127.0.0.1:39683|priority:0|startupRole:FOLLOWER]|listeners:[], old=null
2022-12-22 10:14:23,667 [grpc-default-executor-3] INFO  server.RaftServer$Division (RaftServerImpl.java:requestVote(1218)) - 9d8e2230-e250-45fc-b4c7-3e2f1170721a@group-7914C14C0878: receive requestVote(ELECTION, 291a3527-ed17-4a3a-8624-24363fd411c3, group-7914C14C0878, 4, (t:0, i:0))
2022-12-22 10:14:23,667 [grpc-default-executor-3] INFO  impl.VoteContext (VoteContext.java:log(49)) - 9d8e2230-e250-45fc-b4c7-3e2f1170721a@group-7914C14C0878-FOLLOWER: reject ELECTION from 291a3527-ed17-4a3a-8624-24363fd411c3: our priority 1 > candidate's priority 0
2022-12-22 10:14:23,667 [grpc-default-executor-3] INFO  server.RaftServer$Division (RaftServerImpl.java:setRole(321)) - 9d8e2230-e250-45fc-b4c7-3e2f1170721a@group-7914C14C0878: changes role from  FOLLOWER to FOLLOWER at term 4 for candidate:291a3527-ed17-4a3a-8624-24363fd411c3
2022-12-22 10:14:23,667 [grpc-default-executor-3] INFO  impl.RoleInfo (RoleInfo.java:shutdownFollowerState(110)) - 9d8e2230-e250-45fc-b4c7-3e2f1170721a: shutdown 9d8e2230-e250-45fc-b4c7-3e2f1170721a@group-7914C14C0878-FollowerState
2022-12-22 10:14:23,667 [grpc-default-executor-3] INFO  impl.RoleInfo (RoleInfo.java:updateAndGet(139)) - 9d8e2230-e250-45fc-b4c7-3e2f1170721a: start 9d8e2230-e250-45fc-b4c7-3e2f1170721a@group-7914C14C0878-FollowerState
2022-12-22 10:14:23,668 [9d8e2230-e250-45fc-b4c7-3e2f1170721a@group-7914C14C0878-FollowerState] INFO  impl.FollowerState (FollowerState.java:run(152)) - 9d8e2230-e250-45fc-b4c7-3e2f1170721a@group-7914C14C0878-FollowerState was interrupted
2022-12-22 10:14:23,668 [291a3527-ed17-4a3a-8624-24363fd411c3@group-7914C14C0878-LeaderElection12] INFO  server.RaftServerConfigKeys (ConfUtils.java:logFallback(53)) - raft.server.rpc.first-election.timeout.min = 5s (fallback to raft.server.rpc.timeout.min)
2022-12-22 10:14:23,668 [9d8e2230-e250-45fc-b4c7-3e2f1170721a@group-7914C14C0878-FollowerState] INFO  server.RaftServerConfigKeys (ConfUtils.java:logFallback(53)) - raft.server.rpc.first-election.timeout.min = 5s (fallback to raft.server.rpc.timeout.min)
2022-12-22 10:14:23,668 [291a3527-ed17-4a3a-8624-24363fd411c3@group-7914C14C0878-LeaderElection12] INFO  server.RaftServerConfigKeys (ConfUtils.java:logFallback(53)) - raft.server.rpc.first-election.timeout.max = 5200ms (fallback to raft.server.rpc.timeout.max)
2022-12-22 10:14:23,668 [9d8e2230-e250-45fc-b4c7-3e2f1170721a@group-7914C14C0878-FollowerState] INFO  server.RaftServerConfigKeys (ConfUtils.java:logFallback(53)) - raft.server.rpc.first-election.timeout.max = 5200ms (fallback to raft.server.rpc.timeout.max)
2022-12-22 10:14:23,669 [grpc-default-executor-3] INFO  server.RaftServer$Division (RaftServerImpl.java:requestVote(1251)) - 9d8e2230-e250-45fc-b4c7-3e2f1170721a@group-7914C14C0878 replies to ELECTION vote request: 291a3527-ed17-4a3a-8624-24363fd411c3<-9d8e2230-e250-45fc-b4c7-3e2f1170721a#0:FAIL-t4. Peer's state: 9d8e2230-e250-45fc-b4c7-3e2f1170721a@group-7914C14C0878:t4, leader=null, voted=null, raftlog=Memoized:9d8e2230-e250-45fc-b4c7-3e2f1170721a@group-7914C14C0878-SegmentedRaftLog:OPENED:c-1, conf=-1: peers:[9d8e2230-e250-45fc-b4c7-3e2f1170721a|rpc:127.0.0.1:46029|dataStream:127.0.0.1:40427|priority:1|startupRole:FOLLOWER, c401f17a-f2cf-465b-91c0-943e82b6f11f|rpc:127.0.0.1:34811|dataStream:127.0.0.1:43401|priority:0|startupRole:FOLLOWER, 291a3527-ed17-4a3a-8624-24363fd411c3|rpc:127.0.0.1:44335|dataStream:127.0.0.1:39683|priority:0|startupRole:FOLLOWER]|listeners:[], old=null
2022-12-22 10:14:23,670 [291a3527-ed17-4a3a-8624-24363fd411c3@group-7914C14C0878-LeaderElection12] INFO  impl.LeaderElection (LeaderElection.java:logAndReturn(90)) - 291a3527-ed17-4a3a-8624-24363fd411c3@group-7914C14C0878-LeaderElection12: ELECTION REJECTED received 1 response(s) and 0 exception(s):
2022-12-22 10:14:23,670 [291a3527-ed17-4a3a-8624-24363fd411c3@group-7914C14C0878-LeaderElection12] INFO  impl.LeaderElection (LeaderElection.java:logAndReturn(94)) -   Response 0: 291a3527-ed17-4a3a-8624-24363fd411c3<-9d8e2230-e250-45fc-b4c7-3e2f1170721a#0:FAIL-t4
2022-12-22 10:14:23,670 [291a3527-ed17-4a3a-8624-24363fd411c3@group-7914C14C0878-LeaderElection12] INFO  impl.LeaderElection (LeaderElection.java:askForVotes(314)) - 291a3527-ed17-4a3a-8624-24363fd411c3@group-7914C14C0878-LeaderElection12 ELECTION round 0: result REJECTED
2022-12-22 10:14:23,670 [291a3527-ed17-4a3a-8624-24363fd411c3@group-7914C14C0878-LeaderElection12] INFO  server.RaftServer$Division (RaftServerImpl.java:setRole(321)) - 291a3527-ed17-4a3a-8624-24363fd411c3@group-7914C14C0878: changes role from CANDIDATE to FOLLOWER at term 4 for REJECTED
2022-12-22 10:14:23,670 [291a3527-ed17-4a3a-8624-24363fd411c3@group-7914C14C0878-LeaderElection12] INFO  impl.RoleInfo (RoleInfo.java:shutdownLeaderElection(130)) - 291a3527-ed17-4a3a-8624-24363fd411c3: shutdown 291a3527-ed17-4a3a-8624-24363fd411c3@group-7914C14C0878-LeaderElection12
2022-12-22 10:14:23,671 [291a3527-ed17-4a3a-8624-24363fd411c3@group-7914C14C0878-LeaderElection12] INFO  impl.RoleInfo (RoleInfo.java:updateAndGet(139)) - 291a3527-ed17-4a3a-8624-24363fd411c3: start 291a3527-ed17-4a3a-8624-24363fd411c3@group-7914C14C0878-FollowerState
2022-12-22 10:14:23,681 [grpc-default-executor-3] INFO  server.RaftServer$Division (RaftServerImpl.java:requestVote(1218)) - c401f17a-f2cf-465b-91c0-943e82b6f11f@group-7914C14C0878: receive requestVote(ELECTION, 291a3527-ed17-4a3a-8624-24363fd411c3, group-7914C14C0878, 4, (t:0, i:0))
2022-12-22 10:14:23,681 [grpc-default-executor-3] INFO  impl.VoteContext (VoteContext.java:log(49)) - c401f17a-f2cf-465b-91c0-943e82b6f11f@group-7914C14C0878-FOLLOWER: accept ELECTION from 291a3527-ed17-4a3a-8624-24363fd411c3: our priority 0 <= candidate's priority 0
2022-12-22 10:14:23,681 [grpc-default-executor-3] INFO  server.RaftServer$Division (RaftServerImpl.java:setRole(321)) - c401f17a-f2cf-465b-91c0-943e82b6f11f@group-7914C14C0878: changes role from  FOLLOWER to FOLLOWER at term 4 for candidate:291a3527-ed17-4a3a-8624-24363fd411c3
2022-12-22 10:14:23,681 [grpc-default-executor-3] INFO  impl.RoleInfo (RoleInfo.java:shutdownFollowerState(110)) - c401f17a-f2cf-465b-91c0-943e82b6f11f: shutdown c401f17a-f2cf-465b-91c0-943e82b6f11f@group-7914C14C0878-FollowerState
2022-12-22 10:14:23,681 [grpc-default-executor-3] INFO  impl.RoleInfo (RoleInfo.java:updateAndGet(139)) - c401f17a-f2cf-465b-91c0-943e82b6f11f: start c401f17a-f2cf-465b-91c0-943e82b6f11f@group-7914C14C0878-FollowerState
2022-12-22 10:14:23,681 [291a3527-ed17-4a3a-8624-24363fd411c3@group-7914C14C0878-FollowerState] INFO  server.RaftServerConfigKeys (ConfUtils.java:logFallback(53)) - raft.server.rpc.first-election.timeout.min = 5s (fallback to raft.server.rpc.timeout.min)
2022-12-22 10:14:23,681 [291a3527-ed17-4a3a-8624-24363fd411c3@group-7914C14C0878-FollowerState] INFO  server.RaftServerConfigKeys (ConfUtils.java:logFallback(53)) - raft.server.rpc.first-election.timeout.max = 5200ms (fallback to raft.server.rpc.timeout.max)
2022-12-22 10:14:23,682 [c401f17a-f2cf-465b-91c0-943e82b6f11f@group-7914C14C0878-FollowerState] INFO  impl.FollowerState (FollowerState.java:run(152)) - c401f17a-f2cf-465b-91c0-943e82b6f11f@group-7914C14C0878-FollowerState was interrupted
2022-12-22 10:14:23,684 [grpc-default-executor-3] INFO  server.RaftServer$Division (RaftServerImpl.java:requestVote(1251)) - c401f17a-f2cf-465b-91c0-943e82b6f11f@group-7914C14C0878 replies to ELECTION vote request: 291a3527-ed17-4a3a-8624-24363fd411c3<-c401f17a-f2cf-465b-91c0-943e82b6f11f#0:OK-t4. Peer's state: c401f17a-f2cf-465b-91c0-943e82b6f11f@group-7914C14C0878:t4, leader=null, voted=291a3527-ed17-4a3a-8624-24363fd411c3, raftlog=Memoized:c401f17a-f2cf-465b-91c0-943e82b6f11f@group-7914C14C0878-SegmentedRaftLog:OPENED:c-1, conf=-1: peers:[9d8e2230-e250-45fc-b4c7-3e2f1170721a|rpc:127.0.0.1:46029|dataStream:127.0.0.1:40427|priority:1|startupRole:FOLLOWER, c401f17a-f2cf-465b-91c0-943e82b6f11f|rpc:127.0.0.1:34811|dataStream:127.0.0.1:43401|priority:0|startupRole:FOLLOWER, 291a3527-ed17-4a3a-8624-24363fd411c3|rpc:127.0.0.1:44335|dataStream:127.0.0.1:39683|priority:0|startupRole:FOLLOWER]|listeners:[], old=null
2022-12-22 10:14:23,685 [c401f17a-f2cf-465b-91c0-943e82b6f11f@group-7914C14C0878-FollowerState] INFO  server.RaftServerConfigKeys (ConfUtils.java:logFallback(53)) - raft.server.rpc.first-election.timeout.min = 5s (fallback to raft.server.rpc.timeout.min)
2022-12-22 10:14:23,686 [c401f17a-f2cf-465b-91c0-943e82b6f11f@group-7914C14C0878-FollowerState] INFO  server.RaftServerConfigKeys (ConfUtils.java:logFallback(53)) - raft.server.rpc.first-election.timeout.max = 5200ms (fallback to raft.server.rpc.timeout.max)
2022-12-22 10:14:23,692 [Listener at 127.0.0.1/43655] INFO  om.OzoneManager (OzoneManager.java:instantiateServices(717)) - S3 Multi-Tenancy is disabled
2022-12-22 10:14:23,693 [Listener at 127.0.0.1/43655] INFO  om.OzoneManager (OzoneManager.java:addS3GVolumeToDB(4402)) - Created Volume s3v With Owner runner required for S3Gateway operations.
2022-12-22 10:14:23,693 [Listener at 127.0.0.1/43655] WARN  server.ServerUtils (ServerUtils.java:getDefaultRatisDirectory(237)) - Storage directory for Ratis is not configured. It is a good idea to map this to an SSD disk. Falling back to ozone.metadata.dirs
2022-12-22 10:14:23,694 [Listener at 127.0.0.1/43655] WARN  utils.OzoneManagerRatisUtils (OzoneManagerRatisUtils.java:getOMRatisSnapshotDirectory(434)) - ozone.om.ratis.snapshot.dir is not configured. Falling back to ozone.metadata.dirs config
2022-12-22 10:14:23,694 [Listener at 127.0.0.1/43655] INFO  snapshot.OzoneManagerSnapshotProvider (OzoneManagerSnapshotProvider.java:<init>(76)) - Initializing OM Snapshot Provider
2022-12-22 10:14:23,697 [Listener at 127.0.0.1/43655] WARN  server.ServerUtils (ServerUtils.java:getDefaultRatisDirectory(237)) - Storage directory for Ratis is not configured. It is a good idea to map this to an SSD disk. Falling back to ozone.metadata.dirs
2022-12-22 10:14:23,698 [Listener at 127.0.0.1/43655] INFO  ratis.OzoneManagerRatisServer (OzoneManagerRatisServer.java:<init>(153)) - OM started in Bootstrap mode. Instantiating OM Ratis server with groupID: om-add-remove
2022-12-22 10:14:23,698 [Listener at 127.0.0.1/43655] INFO  ratis.OzoneManagerStateMachine (OzoneManagerStateMachine.java:loadSnapshotInfoFromDB(636)) - LastAppliedIndex is set from TransactionInfo from OM DB as (t:0, i:~)
2022-12-22 10:14:23,699 [Listener at 127.0.0.1/43655] INFO  server.RaftServer (ConfUtils.java:logGet(46)) - raft.rpc.type = GRPC (default)
2022-12-22 10:14:23,699 [Listener at 127.0.0.1/43655] INFO  grpc.GrpcConfigKeys (ConfUtils.java:logFallback(53)) - raft.grpc.admin.host = null (fallback to raft.grpc.server.host)
2022-12-22 10:14:23,699 [Listener at 127.0.0.1/43655] INFO  grpc.GrpcConfigKeys (ConfUtils.java:logFallback(53)) - raft.grpc.admin.port = 42733 (fallback to raft.grpc.server.port)
2022-12-22 10:14:23,699 [Listener at 127.0.0.1/43655] INFO  grpc.GrpcConfigKeys (ConfUtils.java:logFallback(53)) - raft.grpc.client.host = null (fallback to raft.grpc.server.host)
2022-12-22 10:14:23,699 [Listener at 127.0.0.1/43655] INFO  grpc.GrpcConfigKeys (ConfUtils.java:logFallback(53)) - raft.grpc.client.port = 42733 (fallback to raft.grpc.server.port)
2022-12-22 10:14:23,699 [Listener at 127.0.0.1/43655] INFO  grpc.GrpcConfigKeys (ConfUtils.java:logGet(46)) - raft.grpc.server.host = null (default)
2022-12-22 10:14:23,700 [Listener at 127.0.0.1/43655] INFO  grpc.GrpcConfigKeys (ConfUtils.java:logGet(46)) - raft.grpc.server.port = 42733 (custom)
2022-12-22 10:14:23,700 [Listener at 127.0.0.1/43655] INFO  server.GrpcService (ConfUtils.java:logGet(46)) - raft.grpc.message.size.max = 33554432 (custom)
2022-12-22 10:14:23,700 [Listener at 127.0.0.1/43655] INFO  server.RaftServerConfigKeys (ConfUtils.java:logGet(46)) - raft.server.log.appender.buffer.byte-limit = 33554432 (custom)
2022-12-22 10:14:23,700 [Listener at 127.0.0.1/43655] INFO  server.GrpcService (ConfUtils.java:logGet(46)) - raft.grpc.flow.control.window = 1MB (=1048576) (default)
2022-12-22 10:14:23,700 [Listener at 127.0.0.1/43655] INFO  server.RaftServerConfigKeys (ConfUtils.java:logGet(46)) - raft.server.rpc.request.timeout = 3000ms (default)
2022-12-22 10:14:23,700 [Listener at 127.0.0.1/43655] INFO  grpc.GrpcConfigKeys (ConfUtils.java:logGet(46)) - raft.grpc.server.heartbeat.channel = true (default)
2022-12-22 10:14:23,700 [Listener at 127.0.0.1/43655] INFO  grpc.GrpcConfigKeys (ConfUtils.java:logGet(46)) - raft.grpc.server.async.request.thread.pool.cached = true (default)
2022-12-22 10:14:23,700 [Listener at 127.0.0.1/43655] INFO  grpc.GrpcConfigKeys (ConfUtils.java:logGet(46)) - raft.grpc.server.async.request.thread.pool.size = 32 (default)
2022-12-22 10:14:23,701 [Listener at 127.0.0.1/43655] INFO  impl.DataStreamServerImpl (ConfUtils.java:logGet(46)) - raft.datastream.type = NETTY (custom)
2022-12-22 10:14:23,702 [Listener at 127.0.0.1/43655] INFO  server.RaftServerConfigKeys (ConfUtils.java:logGet(46)) - raft.server.data-stream.async.request.thread.pool.cached = false (default)
2022-12-22 10:14:23,702 [Listener at 127.0.0.1/43655] INFO  server.RaftServerConfigKeys (ConfUtils.java:logGet(46)) - raft.server.data-stream.async.request.thread.pool.size = 32 (default)
2022-12-22 10:14:23,702 [Listener at 127.0.0.1/43655] INFO  server.RaftServerConfigKeys (ConfUtils.java:logGet(46)) - raft.server.data-stream.async.write.thread.pool.size = 16 (default)
2022-12-22 10:14:23,702 [Listener at 127.0.0.1/43655] INFO  server.RaftServerConfigKeys (ConfUtils.java:logGet(46)) - raft.server.data-stream.client.pool.size = 10 (default)
2022-12-22 10:14:23,702 [Listener at 127.0.0.1/43655] INFO  netty.NettyConfigKeys$DataStream (ConfUtils.java:logGet(46)) - raft.netty.dataStream.server.use-epoll = false (default)
2022-12-22 10:14:23,702 [Listener at 127.0.0.1/43655] INFO  netty.NettyConfigKeys$DataStream (ConfUtils.java:logGet(46)) - raft.netty.dataStream.server.boss-group.size = 0 (default)
2022-12-22 10:14:23,703 [Listener at 127.0.0.1/43655] INFO  netty.NettyConfigKeys$DataStream (ConfUtils.java:logGet(46)) - raft.netty.dataStream.server.worker-group.size = 0 (default)
2022-12-22 10:14:23,703 [Listener at 127.0.0.1/43655] INFO  netty.NettyConfigKeys$DataStream (ConfUtils.java:logGet(46)) - raft.netty.dataStream.server.tls.conf = null (default)
2022-12-22 10:14:23,703 [Listener at 127.0.0.1/43655] INFO  netty.NettyConfigKeys$DataStream (ConfUtils.java:logGet(46)) - raft.netty.dataStream.host = null (default)
2022-12-22 10:14:23,703 [Listener at 127.0.0.1/43655] INFO  netty.NettyConfigKeys$DataStream (ConfUtils.java:logGet(46)) - raft.netty.dataStream.port = 0 (default)
2022-12-22 10:14:23,704 [Listener at 127.0.0.1/43655] INFO  server.RaftServerConfigKeys (ConfUtils.java:logGet(46)) - raft.server.threadpool.proxy.cached = true (default)
2022-12-22 10:14:23,704 [Listener at 127.0.0.1/43655] INFO  server.RaftServerConfigKeys (ConfUtils.java:logGet(46)) - raft.server.threadpool.proxy.size = 0 (default)
2022-12-22 10:14:23,704 [Listener at 127.0.0.1/43655] INFO  server.RaftServerConfigKeys (ConfUtils.java:logGet(46)) - raft.server.rpc.slowness.timeout = 2s (custom)
2022-12-22 10:14:23,704 [omNode-bootstrap-2-NettyServerStreamRpc-bossGroup--thread1] INFO  logging.LoggingHandler (AbstractInternalLogger.java:log(148)) - [id: 0xd65728f1] REGISTERED
2022-12-22 10:14:23,704 [Listener at 127.0.0.1/43655] INFO  server.RaftServerConfigKeys (ConfUtils.java:logGet(46)) - raft.server.leaderelection.leader.step-down.wait-time = 10s (default)
2022-12-22 10:14:23,704 [omNode-bootstrap-2-NettyServerStreamRpc-bossGroup--thread1] INFO  logging.LoggingHandler (AbstractInternalLogger.java:log(148)) - [id: 0xd65728f1] BIND: 0.0.0.0/0.0.0.0:0
2022-12-22 10:14:23,704 [Listener at 127.0.0.1/43655] INFO  server.RaftServerConfigKeys (ConfUtils.java:logGet(46)) - raft.server.storage.dir = [/home/runner/work/ozone/ozone/hadoop-ozone/integration-test/target/test-dir/MiniOzoneClusterImpl-25092133-3ddf-4dd3-9c34-1a0a2119317e/omNode-bootstrap-2/ratis] (custom)
2022-12-22 10:14:23,704 [omNode-bootstrap-2-NettyServerStreamRpc-bossGroup--thread1] INFO  logging.LoggingHandler (AbstractInternalLogger.java:log(148)) - [id: 0xd65728f1, L:/0:0:0:0:0:0:0:0:41877] ACTIVE
2022-12-22 10:14:23,705 [Listener at 127.0.0.1/43655] INFO  server.RaftServer (RaftServerProxy.java:addNew(96)) - omNode-bootstrap-2: addNew group-0AAC5367B30E:[] returns group-0AAC5367B30E:java.util.concurrent.CompletableFuture@74ce5fe3[Not completed]
2022-12-22 10:14:23,705 [Listener at 127.0.0.1/43655] INFO  om.OzoneManager (RaftServerImpl.java:<init>(195)) - omNode-bootstrap-2: new RaftServerImpl for group-0AAC5367B30E:[] with OzoneManagerStateMachine:uninitialized
2022-12-22 10:14:23,705 [Listener at 127.0.0.1/43655] INFO  om.OzoneManager (OzoneManager.java:initializeRatisServer(1979)) - OzoneManager Ratis server initialized at port 42733
2022-12-22 10:14:23,705 [pool-253-thread-1] INFO  server.RaftServerConfigKeys (ConfUtils.java:logGet(46)) - raft.server.rpc.timeout.min = 1s (custom)
2022-12-22 10:14:23,705 [pool-253-thread-1] INFO  server.RaftServerConfigKeys (ConfUtils.java:logGet(46)) - raft.server.rpc.timeout.max = 1200ms (custom)
2022-12-22 10:14:23,705 [pool-253-thread-1] INFO  server.RaftServerConfigKeys (ConfUtils.java:logGet(46)) - raft.server.rpc.sleep.time = 25ms (default)
2022-12-22 10:14:23,705 [pool-253-thread-1] INFO  server.RaftServerConfigKeys (ConfUtils.java:logGet(46)) - raft.server.rpc.slowness.timeout = 2s (custom)
2022-12-22 10:14:23,705 [pool-253-thread-1] INFO  server.RaftServerConfigKeys (ConfUtils.java:logGet(46)) - raft.server.leaderelection.leader.step-down.wait-time = 10s (default)
2022-12-22 10:14:23,706 [Listener at 127.0.0.1/43655] INFO  om.OzoneManager (OzoneManager.java:getRpcServer(1106)) - Creating RPC Server
2022-12-22 10:14:23,707 [pool-253-thread-1] INFO  server.RaftServerConfigKeys (ConfUtils.java:logGet(46)) - raft.server.sleep.deviation.threshold = 300ms (default)
2022-12-22 10:14:23,707 [pool-253-thread-1] INFO  server.RaftServer$Division (ServerState.java:<init>(118)) - omNode-bootstrap-2@group-0AAC5367B30E: ConfigurationManager, init=-1: peers:[]|listeners:[], old=null, confs=<EMPTY_MAP>
2022-12-22 10:14:23,707 [pool-253-thread-1] INFO  server.RaftServerConfigKeys (ConfUtils.java:logGet(46)) - raft.server.storage.dir = [/home/runner/work/ozone/ozone/hadoop-ozone/integration-test/target/test-dir/MiniOzoneClusterImpl-25092133-3ddf-4dd3-9c34-1a0a2119317e/omNode-bootstrap-2/ratis] (custom)
2022-12-22 10:14:23,708 [pool-253-thread-1] INFO  server.RaftServerConfigKeys (ConfUtils.java:logGet(46)) - raft.server.log.corruption.policy = EXCEPTION (default)
2022-12-22 10:14:23,708 [pool-253-thread-1] INFO  server.RaftServerConfigKeys (ConfUtils.java:logGet(46)) - raft.server.storage.free-space.min = 0MB (=0) (default)
2022-12-22 10:14:23,709 [pool-253-thread-1] INFO  server.RaftServerConfigKeys (ConfUtils.java:logGet(46)) - raft.server.notification.no-leader.timeout = 2s (custom)
2022-12-22 10:14:23,712 [pool-253-thread-1] INFO  server.RaftServerConfigKeys (ConfUtils.java:logGet(46)) - raft.server.retrycache.expirytime = 300s (custom)
2022-12-22 10:14:23,712 [pool-253-thread-1] INFO  server.RaftServerConfigKeys (ConfUtils.java:logGet(46)) - raft.server.retrycache.statistics.expirytime = 100μs (default)
2022-12-22 10:14:23,718 [pool-253-thread-1] INFO  server.RaftServerConfigKeys (ConfUtils.java:logGet(46)) - raft.server.log.appender.install.snapshot.enabled = false (custom)
2022-12-22 10:14:23,718 [pool-253-thread-1] INFO  server.RaftServerConfigKeys (ConfUtils.java:logGet(46)) - raft.server.threadpool.server.cached = true (default)
2022-12-22 10:14:23,718 [pool-253-thread-1] INFO  server.RaftServerConfigKeys (ConfUtils.java:logGet(46)) - raft.server.threadpool.server.size = 0 (default)
2022-12-22 10:14:23,718 [pool-253-thread-1] INFO  server.RaftServerConfigKeys (ConfUtils.java:logGet(46)) - raft.server.threadpool.client.cached = true (default)
2022-12-22 10:14:23,718 [pool-253-thread-1] INFO  server.RaftServerConfigKeys (ConfUtils.java:logGet(46)) - raft.server.threadpool.client.size = 0 (default)
2022-12-22 10:14:23,834 [EventQueue-CommandQueueReportForCommandQueueReportHandler] WARN  events.EventQueue (EventQueue.java:fireEvent(216)) - No event handler registered for event TypedEvent{payloadType=DatanodeDetails, name='Datanode_Command_Queue_Updated'}
2022-12-22 10:14:24,085 [Listener at 127.0.0.1/43655] INFO  reflections.Reflections (Reflections.java:scan(232)) - Reflections took 376 ms to scan 19 urls, producing 67 keys and 4509 values [using 2 cores]
2022-12-22 10:14:24,086 [Listener at 127.0.0.1/43655] INFO  ipc.CallQueueManager (CallQueueManager.java:<init>(90)) - Using callQueue: class java.util.concurrent.LinkedBlockingQueue, queueCapacity: 2000, scheduler: class org.apache.hadoop.ipc.DefaultRpcScheduler, ipcBackoff: false.
2022-12-22 10:14:24,086 [Socket Reader #1 for port 44055] INFO  ipc.Server (Server.java:run(1273)) - Starting Socket Reader #1 for port 44055
2022-12-22 10:14:24,098 [EventQueue-CommandQueueReportForCommandQueueReportHandler] WARN  events.EventQueue (EventQueue.java:fireEvent(216)) - No event handler registered for event TypedEvent{payloadType=DatanodeDetails, name='Datanode_Command_Queue_Updated'}
2022-12-22 10:14:24,105 [Listener at 127.0.0.1/44055] WARN  om.OzoneManager (OzoneManager.java:start(1478)) - Skipped checking whether existing OM configs have been updated with this OM information as force bootstrap is called.
2022-12-22 10:14:24,105 [Listener at 127.0.0.1/44055] INFO  impl.MetricsSystemImpl (MetricsSystemImpl.java:init(158)) - OzoneManager metrics system started (again)
2022-12-22 10:14:24,118 [Listener at 127.0.0.1/44055] INFO  om.OzoneManager (OzoneManager.java:start(1486)) - OzoneManager RPC server is listening at localhost/127.0.0.1:44055
2022-12-22 10:14:24,118 [Listener at 127.0.0.1/44055] INFO  ratis.OzoneManagerRatisServer (OzoneManagerRatisServer.java:start(555)) - Starting OzoneManagerRatisServer omNode-bootstrap-2 at port 42733
2022-12-22 10:14:24,119 [omNode-bootstrap-2-impl-thread1] INFO  storage.RaftStorageDirectory (RaftStorageDirectoryImpl.java:analyzeStorage(137)) - The storage directory /home/runner/work/ozone/ozone/hadoop-ozone/integration-test/target/test-dir/MiniOzoneClusterImpl-25092133-3ddf-4dd3-9c34-1a0a2119317e/omNode-bootstrap-2/ratis/0718e334-ffa1-36bc-8e9a-0aac5367b30e does not exist. Creating ...
2022-12-22 10:14:24,120 [omNode-bootstrap-2-impl-thread1] INFO  storage.RaftStorageDirectory (RaftStorageDirectoryImpl.java:tryLock(231)) - Lock on /home/runner/work/ozone/ozone/hadoop-ozone/integration-test/target/test-dir/MiniOzoneClusterImpl-25092133-3ddf-4dd3-9c34-1a0a2119317e/omNode-bootstrap-2/ratis/0718e334-ffa1-36bc-8e9a-0aac5367b30e/in_use.lock acquired by nodename 33150@fv-az345-686
2022-12-22 10:14:24,121 [omNode-bootstrap-2-impl-thread1] INFO  storage.RaftStorage (RaftStorageImpl.java:format(96)) - Storage directory /home/runner/work/ozone/ozone/hadoop-ozone/integration-test/target/test-dir/MiniOzoneClusterImpl-25092133-3ddf-4dd3-9c34-1a0a2119317e/omNode-bootstrap-2/ratis/0718e334-ffa1-36bc-8e9a-0aac5367b30e has been successfully formatted.
2022-12-22 10:14:24,121 [omNode-bootstrap-2-impl-thread1] INFO  server.RaftServerConfigKeys (ConfUtils.java:logGet(46)) - raft.server.log.use.memory = false (default)
2022-12-22 10:14:24,121 [omNode-bootstrap-2-impl-thread1] INFO  server.RaftServerConfigKeys (ConfUtils.java:logGet(46)) - raft.server.log.purge.gap = 1000000 (custom)
2022-12-22 10:14:24,121 [omNode-bootstrap-2-impl-thread1] INFO  server.RaftServerConfigKeys (ConfUtils.java:logGet(46)) - raft.server.log.appender.buffer.byte-limit = 33554432 (custom)
2022-12-22 10:14:24,121 [omNode-bootstrap-2-impl-thread1] INFO  server.RaftServerConfigKeys (ConfUtils.java:logGet(46)) - raft.server.log.statemachine.data.read.timeout = 1000ms (default)
2022-12-22 10:14:24,121 [omNode-bootstrap-2-impl-thread1] INFO  server.RaftServerConfigKeys (ConfUtils.java:logGet(46)) - raft.server.log.purge.preservation.log.num = 0 (default)
2022-12-22 10:14:24,121 [omNode-bootstrap-2-impl-thread1] INFO  server.RaftServerConfigKeys (ConfUtils.java:logGet(46)) - raft.server.log.segment.size.max = 4194304 (custom)
2022-12-22 10:14:24,122 [omNode-bootstrap-2-impl-thread1] INFO  server.RaftServerConfigKeys (ConfUtils.java:logGet(46)) - raft.server.log.segment.cache.num.max = 2 (custom)
2022-12-22 10:14:24,122 [omNode-bootstrap-2-impl-thread1] INFO  server.RaftServerConfigKeys (ConfUtils.java:logGet(46)) - raft.server.log.segment.cache.size.max = 200MB (=209715200) (default)
2022-12-22 10:14:24,122 [omNode-bootstrap-2-impl-thread1] INFO  segmented.SegmentedRaftLogWorker (SegmentedRaftLogWorker.java:<init>(189)) - new omNode-bootstrap-2@group-0AAC5367B30E-SegmentedRaftLogWorker for RaftStorageImpl:Storage Directory /home/runner/work/ozone/ozone/hadoop-ozone/integration-test/target/test-dir/MiniOzoneClusterImpl-25092133-3ddf-4dd3-9c34-1a0a2119317e/omNode-bootstrap-2/ratis/0718e334-ffa1-36bc-8e9a-0aac5367b30e
2022-12-22 10:14:24,122 [omNode-bootstrap-2-impl-thread1] INFO  server.RaftServerConfigKeys (ConfUtils.java:logGet(46)) - raft.server.log.queue.byte-limit = 64MB (=67108864) (default)
2022-12-22 10:14:24,122 [omNode-bootstrap-2-impl-thread1] INFO  server.RaftServerConfigKeys (ConfUtils.java:logGet(46)) - raft.server.log.queue.element-limit = 4096 (default)
2022-12-22 10:14:24,122 [omNode-bootstrap-2-impl-thread1] INFO  server.RaftServerConfigKeys (ConfUtils.java:logGet(46)) - raft.server.log.segment.size.max = 4194304 (custom)
2022-12-22 10:14:24,122 [omNode-bootstrap-2-impl-thread1] INFO  server.RaftServerConfigKeys (ConfUtils.java:logGet(46)) - raft.server.log.preallocated.size = 4194304 (custom)
2022-12-22 10:14:24,122 [omNode-bootstrap-2-impl-thread1] INFO  server.RaftServerConfigKeys (ConfUtils.java:logGet(46)) - raft.server.log.force.sync.num = 128 (default)
2022-12-22 10:14:24,122 [omNode-bootstrap-2-impl-thread1] INFO  server.RaftServerConfigKeys (ConfUtils.java:logGet(46)) - raft.server.log.statemachine.data.sync = true (default)
2022-12-22 10:14:24,122 [omNode-bootstrap-2-impl-thread1] INFO  server.RaftServerConfigKeys (ConfUtils.java:logGet(46)) - raft.server.log.statemachine.data.sync.timeout = 10s (default)
2022-12-22 10:14:24,122 [omNode-bootstrap-2-impl-thread1] INFO  server.RaftServerConfigKeys (ConfUtils.java:logGet(46)) - raft.server.log.statemachine.data.sync.timeout.retry = -1 (default)
2022-12-22 10:14:24,123 [omNode-bootstrap-2-impl-thread1] INFO  server.RaftServerConfigKeys (ConfUtils.java:logGet(46)) - raft.server.log.write.buffer.size = 64KB (=65536) (default)
2022-12-22 10:14:24,124 [omNode-bootstrap-2-impl-thread1] INFO  server.RaftServerConfigKeys (ConfUtils.java:logGet(46)) - raft.server.log.appender.buffer.byte-limit = 33554432 (custom)
2022-12-22 10:14:24,127 [omNode-bootstrap-2-impl-thread1] INFO  server.RaftServerConfigKeys (ConfUtils.java:logGet(46)) - raft.server.log.unsafe-flush.enabled = false (default)
2022-12-22 10:14:24,127 [omNode-bootstrap-2-impl-thread1] INFO  server.RaftServerConfigKeys (ConfUtils.java:logGet(46)) - raft.server.log.async-flush.enabled = false (default)
2022-12-22 10:14:24,127 [omNode-bootstrap-2-impl-thread1] INFO  server.RaftServerConfigKeys (ConfUtils.java:logGet(46)) - raft.server.log.statemachine.data.caching.enabled = false (default)
2022-12-22 10:14:24,127 [omNode-bootstrap-2-impl-thread1] INFO  segmented.SegmentedRaftLogWorker (SegmentedRaftLogWorker.java:lambda$new$0(135)) - omNode-bootstrap-2@group-0AAC5367B30E-SegmentedRaftLogWorker: flushIndex: setUnconditionally 0 -> -1
2022-12-22 10:14:24,127 [omNode-bootstrap-2-impl-thread1] INFO  segmented.SegmentedRaftLogWorker (SegmentedRaftLogWorker.java:lambda$new$0(135)) - omNode-bootstrap-2@group-0AAC5367B30E-SegmentedRaftLogWorker: safeCacheEvictIndex: setUnconditionally 0 -> -1
2022-12-22 10:14:24,128 [omNode-bootstrap-2-impl-thread1] INFO  server.RaftServer$Division (RaftServerImpl.java:start(340)) - omNode-bootstrap-2@group-0AAC5367B30E: start with initializing state, conf=-1: peers:[]|listeners:[], old=null
2022-12-22 10:14:24,128 [omNode-bootstrap-2-impl-thread1] INFO  server.RaftServer$Division (RaftServerImpl.java:setRole(321)) - omNode-bootstrap-2@group-0AAC5367B30E: changes role from      null to FOLLOWER at term 0 for startInitializing
2022-12-22 10:14:24,128 [omNode-bootstrap-2-impl-thread1] INFO  util.JmxRegister (JmxRegister.java:tryRegister(44)) - Successfully registered JMX Bean with object name Ratis:service=RaftServer,group=group-0AAC5367B30E,id=omNode-bootstrap-2
2022-12-22 10:14:24,128 [omNode-bootstrap-2-impl-thread1] INFO  server.RaftServerConfigKeys (ConfUtils.java:logGet(46)) - raft.server.snapshot.auto.trigger.enabled = true (custom)
2022-12-22 10:14:24,128 [omNode-bootstrap-2-impl-thread1] INFO  server.RaftServerConfigKeys (ConfUtils.java:logGet(46)) - raft.server.snapshot.auto.trigger.threshold = 400000 (default)
2022-12-22 10:14:24,128 [omNode-bootstrap-2-impl-thread1] INFO  server.RaftServerConfigKeys (ConfUtils.java:logGet(46)) - raft.server.snapshot.retention.file.num = -1 (default)
2022-12-22 10:14:24,128 [omNode-bootstrap-2-impl-thread1] INFO  server.RaftServerConfigKeys (ConfUtils.java:logGet(46)) - raft.server.log.purge.upto.snapshot.index = true (custom)
2022-12-22 10:14:24,130 [Listener at 127.0.0.1/44055] INFO  server.RaftServer (RaftServerProxy.java:startImpl(393)) - omNode-bootstrap-2: start RPC server
2022-12-22 10:14:24,133 [Listener at 127.0.0.1/44055] INFO  server.GrpcService (GrpcService.java:startImpl(262)) - omNode-bootstrap-2: GrpcService started, listening on 42733
2022-12-22 10:14:24,133 [Listener at 127.0.0.1/44055] INFO  om.OzoneManager (OzoneManager.java:start(1502)) - Version File has different layout version (3) than OM DB (null). That is expected if this OM has never been finalized to a newer layout version.
2022-12-22 10:14:24,134 [JvmPauseMonitor8] INFO  util.JvmPauseMonitor (JvmPauseMonitor.java:run(105)) - JvmPauseMonitor-omNode-bootstrap-2: Started
2022-12-22 10:14:24,142 [Listener at 127.0.0.1/44055] INFO  http.BaseHttpServer (BaseHttpServer.java:newHttpServer2BuilderForOzone(213)) - Starting Web-server for ozoneManager at: http://0.0.0.0:36695
2022-12-22 10:14:24,143 [Listener at 127.0.0.1/44055] INFO  http.BaseHttpServer (BaseHttpServer.java:<init>(108)) - Hadoop Security Enabled: false Ozone Security Enabled: false Ozone HTTP Security Enabled: false 
2022-12-22 10:14:24,144 [Listener at 127.0.0.1/44055] WARN  server.AuthenticationFilter (AuthenticationFilter.java:constructSecretProvider(240)) - Unable to initialize FileSignerSecretProvider, falling back to use random secrets. Reason: Could not read signature secret file: /home/runner/hadoop-http-auth-signature-secret
2022-12-22 10:14:24,144 [Listener at 127.0.0.1/44055] WARN  http.HttpRequestLog (HttpRequestLog.java:getRequestLog(103)) - Jetty request log can only be enabled using Log4j
2022-12-22 10:14:24,146 [Listener at 127.0.0.1/44055] INFO  http.HttpServer2 (HttpServer2.java:addGlobalFilter(1031)) - Added global filter 'safety' (class=org.apache.hadoop.hdds.server.http.HttpServer2$QuotingInputFilter)
2022-12-22 10:14:24,147 [Listener at 127.0.0.1/44055] INFO  http.HttpServer2 (HttpServer2.java:addFilter(1007)) - Added filter static_user_filter (class=org.apache.hadoop.http.lib.StaticUserWebFilter$StaticUserFilter) to context ozoneManager
2022-12-22 10:14:24,147 [Listener at 127.0.0.1/44055] INFO  http.HttpServer2 (HttpServer2.java:addFilter(1015)) - Added filter static_user_filter (class=org.apache.hadoop.http.lib.StaticUserWebFilter$StaticUserFilter) to context static
2022-12-22 10:14:24,147 [Listener at 127.0.0.1/44055] INFO  http.HttpServer2 (HttpServer2.java:addFilter(1015)) - Added filter static_user_filter (class=org.apache.hadoop.http.lib.StaticUserWebFilter$StaticUserFilter) to context logs
2022-12-22 10:14:24,149 [Listener at 127.0.0.1/44055] INFO  http.HttpServer2 (HttpServer2.java:bindListener(1250)) - Jetty bound to port 36695
2022-12-22 10:14:24,149 [Listener at 127.0.0.1/44055] INFO  server.Server (Server.java:doStart(375)) - jetty-9.4.49.v20220914; built: 2022-09-14T01:07:36.601Z; git: 4231a3b2e4cb8548a412a789936d640a97b1aa0a; jvm 1.8.0_352-b08
2022-12-22 10:14:24,150 [Listener at 127.0.0.1/44055] INFO  server.session (DefaultSessionIdManager.java:doStart(334)) - DefaultSessionIdManager workerName=node0
2022-12-22 10:14:24,151 [Listener at 127.0.0.1/44055] INFO  server.session (DefaultSessionIdManager.java:doStart(339)) - No SessionScavenger set, using defaults
2022-12-22 10:14:24,151 [Listener at 127.0.0.1/44055] INFO  server.session (HouseKeeper.java:startScavenging(132)) - node0 Scavenging every 600000ms
2022-12-22 10:14:24,151 [Listener at 127.0.0.1/44055] INFO  handler.ContextHandler (ContextHandler.java:doStart(921)) - Started o.e.j.s.ServletContextHandler@4a1fb55b{logs,/logs,file:///home/runner/work/ozone/ozone/hadoop-ozone/integration-test/target/log,AVAILABLE}
2022-12-22 10:14:24,152 [Listener at 127.0.0.1/44055] INFO  handler.ContextHandler (ContextHandler.java:doStart(921)) - Started o.e.j.s.ServletContextHandler@45879a64{static,/static,file:///home/runner/work/ozone/ozone/hadoop-ozone/integration-test/target/test-classes/webapps/static,AVAILABLE}
2022-12-22 10:14:24,155 [Listener at 127.0.0.1/44055] INFO  handler.ContextHandler (ContextHandler.java:doStart(921)) - Started o.e.j.w.WebAppContext@69d6c864{ozoneManager,/,file:///home/runner/work/ozone/ozone/hadoop-ozone/integration-test/target/test-classes/webapps/ozoneManager/,AVAILABLE}{file:/home/runner/work/ozone/ozone/hadoop-ozone/integration-test/target/test-classes/webapps/ozoneManager}
2022-12-22 10:14:24,168 [Listener at 127.0.0.1/44055] INFO  server.AbstractConnector (AbstractConnector.java:doStart(333)) - Started ServerConnector@9eeff19{HTTP/1.1, (http/1.1)}{0.0.0.0:36695}
2022-12-22 10:14:24,168 [Listener at 127.0.0.1/44055] INFO  server.Server (Server.java:doStart(415)) - Started @47900ms
2022-12-22 10:14:24,168 [Listener at 127.0.0.1/44055] WARN  impl.MetricsSystemImpl (MetricsSystemImpl.java:register(279)) - Sink prometheus already exists!
2022-12-22 10:14:24,169 [Listener at 127.0.0.1/44055] INFO  http.BaseHttpServer (BaseHttpServer.java:updateConnectorAddress(333)) - HTTP server of ozoneManager listening at http://0.0.0.0:36695
2022-12-22 10:14:24,169 [IPC Server Responder] INFO  ipc.Server (Server.java:run(1512)) - IPC Server Responder: starting
2022-12-22 10:14:24,169 [IPC Server listener on 44055] INFO  ipc.Server (Server.java:run(1352)) - IPC Server listener on 44055: starting
2022-12-22 10:14:24,172 [Listener at 127.0.0.1/44055] INFO  om.OzoneManager (OzoneManager.java:startTrashEmptier(1923)) - Trash Interval set to 0. Files deleted won't move to trash
2022-12-22 10:14:24,173 [org.apache.hadoop.util.JvmPauseMonitor$Monitor@743615f1] INFO  util.JvmPauseMonitor (JvmPauseMonitor.java:run(188)) - Starting JVM pause monitor
2022-12-22 10:14:24,187 [IPC Server handler 0 on default port 34995] INFO  ratis.OzoneManagerRatisServer (OzoneManagerRatisServer.java:addOMToRatisRing(310)) - omNode-1: Submitting SetConfiguration request to Ratis server to add new OM peer omNode-bootstrap-2|rpc:localhost:42733|priority:0|startupRole:FOLLOWER to the Ratis group group-0AAC5367B30E:[omNode-3|rpc:localhost:37735|priority:0|startupRole:FOLLOWER, omNode-1|rpc:localhost:46153|priority:0|startupRole:FOLLOWER, omNode-2|rpc:localhost:37697|priority:0|startupRole:FOLLOWER]
2022-12-22 10:14:24,192 [IPC Server handler 0 on default port 34995] INFO  server.RaftServer$Division (RaftServerImpl.java:setConfigurationAsync(1112)) - omNode-1@group-0AAC5367B30E: receive setConfiguration SetConfigurationRequest:client-7337AB341B05->omNode-1@group-0AAC5367B30E, cid=0, seq=0, RW, null, SET_UNCONDITIONALLY, servers:[omNode-3|rpc:localhost:37735|priority:0|startupRole:FOLLOWER, omNode-1|rpc:localhost:46153|priority:0|startupRole:FOLLOWER, omNode-2|rpc:localhost:37697|priority:0|startupRole:FOLLOWER, omNode-bootstrap-2|rpc:localhost:42733|priority:0|startupRole:FOLLOWER], listeners:[]
2022-12-22 10:14:24,192 [IPC Server handler 0 on default port 34995] INFO  server.RaftServer$Division (LeaderStateImpl.java:startSetConfiguration(368)) - omNode-1@group-0AAC5367B30E-LeaderStateImpl: startSetConfiguration SetConfigurationRequest:client-7337AB341B05->omNode-1@group-0AAC5367B30E, cid=0, seq=0, RW, null, SET_UNCONDITIONALLY, servers:[omNode-3|rpc:localhost:37735|priority:0|startupRole:FOLLOWER, omNode-1|rpc:localhost:46153|priority:0|startupRole:FOLLOWER, omNode-2|rpc:localhost:37697|priority:0|startupRole:FOLLOWER, omNode-bootstrap-2|rpc:localhost:42733|priority:0|startupRole:FOLLOWER], listeners:[]
2022-12-22 10:14:24,193 [IPC Server handler 0 on default port 34995] INFO  server.RaftServerConfigKeys (ConfUtils.java:logGet(46)) - raft.server.log.appender.snapshot.chunk.size.max = 16MB (=16777216) (default)
2022-12-22 10:14:24,193 [IPC Server handler 0 on default port 34995] INFO  server.RaftServerConfigKeys (ConfUtils.java:logGet(46)) - raft.server.log.appender.buffer.byte-limit = 33554432 (custom)
2022-12-22 10:14:24,193 [IPC Server handler 0 on default port 34995] INFO  server.RaftServerConfigKeys (ConfUtils.java:logGet(46)) - raft.server.log.appender.buffer.element-limit = 1024 (custom)
2022-12-22 10:14:24,194 [IPC Server handler 0 on default port 34995] INFO  grpc.GrpcConfigKeys (ConfUtils.java:logGet(46)) - raft.grpc.server.leader.outstanding.appends.max = 128 (default)
2022-12-22 10:14:24,195 [IPC Server handler 0 on default port 34995] INFO  server.RaftServerConfigKeys (ConfUtils.java:logGet(46)) - raft.server.rpc.request.timeout = 3000ms (default)
2022-12-22 10:14:24,195 [IPC Server handler 0 on default port 34995] INFO  server.RaftServerConfigKeys (ConfUtils.java:logGet(46)) - raft.server.log.appender.install.snapshot.enabled = false (custom)
2022-12-22 10:14:24,195 [IPC Server handler 0 on default port 34995] INFO  grpc.GrpcConfigKeys (ConfUtils.java:logGet(46)) - raft.grpc.server.heartbeat.channel = true (default)
2022-12-22 10:14:24,195 [IPC Server handler 0 on default port 34995] INFO  server.RaftServerConfigKeys (ConfUtils.java:logGet(46)) - raft.server.log.appender.wait-time.min = 10ms (default)
2022-12-22 10:14:24,203 [omNode-1@group-0AAC5367B30E->omNode-bootstrap-2-GrpcLogAppender-LogAppenderDaemon] INFO  server.GrpcServerProtocolClient (GrpcServerProtocolClient.java:<init>(63)) - Build channel for omNode-bootstrap-2
2022-12-22 10:14:24,210 [grpc-default-executor-0] INFO  impl.SnapshotInstallationHandler (SnapshotInstallationHandler.java:installSnapshot(89)) - omNode-bootstrap-2@group-0AAC5367B30E: receive installSnapshot: omNode-1->omNode-bootstrap-2#0-t1,notify:(t:1, i:0)
2022-12-22 10:14:24,211 [grpc-default-executor-0] INFO  server.RaftServer$Division (ServerState.java:setLeader(313)) - omNode-bootstrap-2@group-0AAC5367B30E: change Leader from null to omNode-1 at term 1 for installSnapshot, leader elected after 502ms
2022-12-22 10:14:24,211 [grpc-default-executor-0] INFO  impl.SnapshotInstallationHandler (SnapshotInstallationHandler.java:notifyStateMachineToInstallSnapshot(220)) - omNode-bootstrap-2@group-0AAC5367B30E: Received notification to install snapshot at index 0
2022-12-22 10:14:24,212 [grpc-default-executor-0] INFO  impl.SnapshotInstallationHandler (SnapshotInstallationHandler.java:notifyStateMachineToInstallSnapshot(229)) - omNode-bootstrap-2@group-0AAC5367B30E: InstallSnapshot notification result: ALREADY_INSTALLED, current snapshot index: -1
2022-12-22 10:14:24,219 [grpc-default-executor-0] INFO  impl.SnapshotInstallationHandler (SnapshotInstallationHandler.java:installSnapshotImpl(134)) - omNode-bootstrap-2@group-0AAC5367B30E: set new configuration configurationEntry {
  peers {
    id: "omNode-3"
    address: "localhost:37735"
    startupRole: FOLLOWER
  }
  peers {
    id: "omNode-1"
    address: "localhost:46153"
    startupRole: FOLLOWER
  }
  peers {
    id: "omNode-2"
    address: "localhost:37697"
    startupRole: FOLLOWER
  }
}
 from snapshot
2022-12-22 10:14:24,220 [grpc-default-executor-0] INFO  server.RaftServer$Division (ServerState.java:setRaftConf(430)) - omNode-bootstrap-2@group-0AAC5367B30E: set configuration 0: peers:[omNode-3|rpc:localhost:37735|admin:|client:|dataStream:|priority:0|startupRole:FOLLOWER, omNode-1|rpc:localhost:46153|admin:|client:|dataStream:|priority:0|startupRole:FOLLOWER, omNode-2|rpc:localhost:37697|admin:|client:|dataStream:|priority:0|startupRole:FOLLOWER]|listeners:[], old=null
2022-12-22 10:14:24,221 [grpc-default-executor-0] INFO  ratis.OzoneManagerStateMachine (OzoneManagerStateMachine.java:notifyConfigurationChanged(192)) - Received Configuration change notification from Ratis. New Peer list:
[id: "omNode-3"
address: "localhost:37735"
startupRole: FOLLOWER
, id: "omNode-1"
address: "localhost:46153"
startupRole: FOLLOWER
, id: "omNode-2"
address: "localhost:37697"
startupRole: FOLLOWER
]
2022-12-22 10:14:24,222 [grpc-default-executor-0] INFO  ratis.OzoneManagerRatisServer (OzoneManagerRatisServer.java:addRaftPeer(401)) - Added OM omNode-3 to Ratis Peers list.
2022-12-22 10:14:24,222 [grpc-default-executor-0] INFO  om.OzoneManager (OzoneManager.java:addOMNodeToPeers(1842)) - Added OM omNode-3 to the Peer list.
2022-12-22 10:14:24,223 [grpc-default-executor-0] INFO  ratis.OzoneManagerRatisServer (OzoneManagerRatisServer.java:addRaftPeer(401)) - Added OM omNode-1 to Ratis Peers list.
2022-12-22 10:14:24,223 [grpc-default-executor-0] INFO  om.OzoneManager (OzoneManager.java:addOMNodeToPeers(1842)) - Added OM omNode-1 to the Peer list.
2022-12-22 10:14:24,224 [grpc-default-executor-0] INFO  ratis.OzoneManagerRatisServer (OzoneManagerRatisServer.java:addRaftPeer(401)) - Added OM omNode-2 to Ratis Peers list.
2022-12-22 10:14:24,224 [grpc-default-executor-0] INFO  om.OzoneManager (OzoneManager.java:addOMNodeToPeers(1842)) - Added OM omNode-2 to the Peer list.
2022-12-22 10:14:24,224 [grpc-default-executor-0] INFO  impl.SnapshotInstallationHandler (SnapshotInstallationHandler.java:installSnapshot(100)) - omNode-bootstrap-2@group-0AAC5367B30E: reply installSnapshot: omNode-1<-omNode-bootstrap-2#0:OK-t0,ALREADY_INSTALLED
2022-12-22 10:14:24,224 [grpc-default-executor-0] INFO  server.GrpcServerProtocolService (GrpcServerProtocolService.java:onCompleted(143)) - omNode-bootstrap-2: Completed INSTALL_SNAPSHOT, lastRequest: omNode-1->omNode-bootstrap-2#0-t1,notify:(t:1, i:0)
2022-12-22 10:14:24,236 [omNode-bootstrap-2-server-thread1] INFO  impl.RoleInfo (RoleInfo.java:updateAndGet(139)) - omNode-bootstrap-2: start omNode-bootstrap-2@group-0AAC5367B30E-FollowerState
2022-12-22 10:14:24,236 [omNode-bootstrap-2-server-thread1] INFO  server.RaftServer$Division (RaftServerImpl.java:checkInconsistentAppendEntries(1508)) - omNode-bootstrap-2@group-0AAC5367B30E: Failed appendEntries as previous log entry ((t:1, i:0)) is not found
2022-12-22 10:14:24,236 [omNode-bootstrap-2-server-thread1] INFO  server.RaftServer$Division (RaftServerImpl.java:checkInconsistentAppendEntries(1478)) - omNode-bootstrap-2@group-0AAC5367B30E: inconsistency entries. Reply:omNode-1<-omNode-bootstrap-2#0:FAIL-t1,INCONSISTENCY,nextIndex=0,followerCommit=-1,matchIndex=-1
2022-12-22 10:14:24,238 [omNode-bootstrap-2-server-thread1] INFO  server.RaftServer$Division (ServerState.java:setRaftConf(430)) - omNode-bootstrap-2@group-0AAC5367B30E: set configuration 0: peers:[omNode-3|rpc:localhost:37735|admin:|client:|dataStream:|priority:0|startupRole:FOLLOWER, omNode-1|rpc:localhost:46153|admin:|client:|dataStream:|priority:0|startupRole:FOLLOWER, omNode-2|rpc:localhost:37697|admin:|client:|dataStream:|priority:0|startupRole:FOLLOWER]|listeners:[], old=null
2022-12-22 10:14:24,239 [omNode-bootstrap-2-server-thread1] INFO  segmented.SegmentedRaftLogWorker (SegmentedRaftLogWorker.java:startLogSegment(452)) - omNode-bootstrap-2@group-0AAC5367B30E-SegmentedRaftLogWorker: Starting segment from index:0
2022-12-22 10:14:24,247 [omNode-bootstrap-2@group-0AAC5367B30E-SegmentedRaftLogWorker] INFO  segmented.SegmentedRaftLogWorker (SegmentedRaftLogWorker.java:execute(656)) - omNode-bootstrap-2@group-0AAC5367B30E-SegmentedRaftLogWorker: created new log segment /home/runner/work/ozone/ozone/hadoop-ozone/integration-test/target/test-dir/MiniOzoneClusterImpl-25092133-3ddf-4dd3-9c34-1a0a2119317e/omNode-bootstrap-2/ratis/0718e334-ffa1-36bc-8e9a-0aac5367b30e/current/log_inprogress_0
2022-12-22 10:14:24,251 [omNode-1@group-0AAC5367B30E-LeaderStateImpl] INFO  server.RaftServer$Division (ServerState.java:setRaftConf(430)) - omNode-1@group-0AAC5367B30E: set configuration 9: peers:[omNode-bootstrap-2|rpc:localhost:42733|priority:0|startupRole:FOLLOWER, omNode-3|rpc:localhost:37735|priority:0|startupRole:FOLLOWER, omNode-1|rpc:localhost:46153|priority:0|startupRole:FOLLOWER, omNode-2|rpc:localhost:37697|priority:0|startupRole:FOLLOWER]|listeners:[], old=peers:[omNode-3|rpc:localhost:37735|admin:|client:|dataStream:|priority:0|startupRole:FOLLOWER, omNode-1|rpc:localhost:46153|admin:|client:|dataStream:|priority:0|startupRole:FOLLOWER, omNode-2|rpc:localhost:37697|admin:|client:|dataStream:|priority:0|startupRole:FOLLOWER]|listeners:[]
2022-12-22 10:14:24,253 [omNode-bootstrap-2-server-thread1] INFO  server.RaftServer$Division (ServerState.java:setRaftConf(430)) - omNode-bootstrap-2@group-0AAC5367B30E: set configuration 9: peers:[omNode-bootstrap-2|rpc:localhost:42733|admin:|client:|dataStream:|priority:0|startupRole:FOLLOWER, omNode-3|rpc:localhost:37735|admin:|client:|dataStream:|priority:0|startupRole:FOLLOWER, omNode-1|rpc:localhost:46153|admin:|client:|dataStream:|priority:0|startupRole:FOLLOWER, omNode-2|rpc:localhost:37697|admin:|client:|dataStream:|priority:0|startupRole:FOLLOWER]|listeners:[], old=peers:[omNode-3|rpc:localhost:37735|admin:|client:|dataStream:|priority:0|startupRole:FOLLOWER, omNode-1|rpc:localhost:46153|admin:|client:|dataStream:|priority:0|startupRole:FOLLOWER, omNode-2|rpc:localhost:37697|admin:|client:|dataStream:|priority:0|startupRole:FOLLOWER]|listeners:[]
2022-12-22 10:14:24,253 [omNode-bootstrap-2@group-0AAC5367B30E-StateMachineUpdater] INFO  ratis.OzoneManagerStateMachine (OzoneManagerStateMachine.java:notifyConfigurationChanged(192)) - Received Configuration change notification from Ratis. New Peer list:
[id: "omNode-3"
address: "localhost:37735"
startupRole: FOLLOWER
, id: "omNode-1"
address: "localhost:46153"
startupRole: FOLLOWER
, id: "omNode-2"
address: "localhost:37697"
startupRole: FOLLOWER
]
2022-12-22 10:14:24,254 [omNode-3-server-thread1] INFO  server.RaftServer$Division (ServerState.java:setRaftConf(430)) - omNode-3@group-0AAC5367B30E: set configuration 9: peers:[omNode-bootstrap-2|rpc:localhost:42733|admin:|client:|dataStream:|priority:0|startupRole:FOLLOWER, omNode-3|rpc:localhost:37735|admin:|client:|dataStream:|priority:0|startupRole:FOLLOWER, omNode-1|rpc:localhost:46153|admin:|client:|dataStream:|priority:0|startupRole:FOLLOWER, omNode-2|rpc:localhost:37697|admin:|client:|dataStream:|priority:0|startupRole:FOLLOWER]|listeners:[], old=peers:[omNode-3|rpc:localhost:37735|admin:|client:|dataStream:|priority:0|startupRole:FOLLOWER, omNode-1|rpc:localhost:46153|admin:|client:|dataStream:|priority:0|startupRole:FOLLOWER, omNode-2|rpc:localhost:37697|admin:|client:|dataStream:|priority:0|startupRole:FOLLOWER]|listeners:[]
2022-12-22 10:14:24,258 [omNode-1@group-0AAC5367B30E-StateMachineUpdater] INFO  ratis.OzoneManagerStateMachine (OzoneManagerStateMachine.java:notifyConfigurationChanged(192)) - Received Configuration change notification from Ratis. New Peer list:
[id: "omNode-bootstrap-2"
address: "localhost:42733"
startupRole: FOLLOWER
, id: "omNode-3"
address: "localhost:37735"
startupRole: FOLLOWER
, id: "omNode-1"
address: "localhost:46153"
startupRole: FOLLOWER
, id: "omNode-2"
address: "localhost:37697"
startupRole: FOLLOWER
]
2022-12-22 10:14:24,260 [omNode-3@group-0AAC5367B30E-StateMachineUpdater] INFO  ratis.OzoneManagerStateMachine (OzoneManagerStateMachine.java:notifyConfigurationChanged(192)) - Received Configuration change notification from Ratis. New Peer list:
[id: "omNode-bootstrap-2"
address: "localhost:42733"
startupRole: FOLLOWER
, id: "omNode-3"
address: "localhost:37735"
startupRole: FOLLOWER
, id: "omNode-1"
address: "localhost:46153"
startupRole: FOLLOWER
, id: "omNode-2"
address: "localhost:37697"
startupRole: FOLLOWER
]
2022-12-22 10:14:24,263 [omNode-1@group-0AAC5367B30E-LeaderStateImpl] INFO  server.RaftServer$Division (ServerState.java:setRaftConf(430)) - omNode-1@group-0AAC5367B30E: set configuration 11: peers:[omNode-bootstrap-2|rpc:localhost:42733|priority:0|startupRole:FOLLOWER, omNode-3|rpc:localhost:37735|priority:0|startupRole:FOLLOWER, omNode-1|rpc:localhost:46153|priority:0|startupRole:FOLLOWER, omNode-2|rpc:localhost:37697|priority:0|startupRole:FOLLOWER]|listeners:[], old=null
2022-12-22 10:14:24,265 [omNode-3-server-thread1] INFO  server.RaftServer$Division (ServerState.java:setRaftConf(430)) - omNode-3@group-0AAC5367B30E: set configuration 11: peers:[omNode-bootstrap-2|rpc:localhost:42733|admin:|client:|dataStream:|priority:0|startupRole:FOLLOWER, omNode-3|rpc:localhost:37735|admin:|client:|dataStream:|priority:0|startupRole:FOLLOWER, omNode-1|rpc:localhost:46153|admin:|client:|dataStream:|priority:0|startupRole:FOLLOWER, omNode-2|rpc:localhost:37697|admin:|client:|dataStream:|priority:0|startupRole:FOLLOWER]|listeners:[], old=null
2022-12-22 10:14:24,266 [omNode-bootstrap-2-server-thread1] INFO  server.RaftServer$Division (ServerState.java:setRaftConf(430)) - omNode-bootstrap-2@group-0AAC5367B30E: set configuration 11: peers:[omNode-bootstrap-2|rpc:localhost:42733|admin:|client:|dataStream:|priority:0|startupRole:FOLLOWER, omNode-3|rpc:localhost:37735|admin:|client:|dataStream:|priority:0|startupRole:FOLLOWER, omNode-1|rpc:localhost:46153|admin:|client:|dataStream:|priority:0|startupRole:FOLLOWER, omNode-2|rpc:localhost:37697|admin:|client:|dataStream:|priority:0|startupRole:FOLLOWER]|listeners:[], old=null
2022-12-22 10:14:24,269 [omNode-bootstrap-2@group-0AAC5367B30E-StateMachineUpdater] INFO  ratis.OzoneManagerStateMachine (OzoneManagerStateMachine.java:notifyConfigurationChanged(192)) - Received Configuration change notification from Ratis. New Peer list:
[id: "omNode-bootstrap-2"
address: "localhost:42733"
startupRole: FOLLOWER
, id: "omNode-3"
address: "localhost:37735"
startupRole: FOLLOWER
, id: "omNode-1"
address: "localhost:46153"
startupRole: FOLLOWER
, id: "omNode-2"
address: "localhost:37697"
startupRole: FOLLOWER
]
2022-12-22 10:14:24,269 [omNode-bootstrap-2@group-0AAC5367B30E-StateMachineUpdater] INFO  ratis.OzoneManagerRatisServer (OzoneManagerRatisServer.java:addRaftPeer(401)) - Added OM omNode-bootstrap-2 to Ratis Peers list.
2022-12-22 10:14:24,269 [omNode-bootstrap-2@group-0AAC5367B30E-StateMachineUpdater] INFO  ratis.OzoneManagerRatisServer (OzoneManagerRatisServer.java:addRaftPeer(401)) - Added OM omNode-3 to Ratis Peers list.
2022-12-22 10:14:24,269 [omNode-bootstrap-2@group-0AAC5367B30E-StateMachineUpdater] INFO  ratis.OzoneManagerRatisServer (OzoneManagerRatisServer.java:addRaftPeer(401)) - Added OM omNode-1 to Ratis Peers list.
2022-12-22 10:14:24,269 [omNode-bootstrap-2@group-0AAC5367B30E-StateMachineUpdater] INFO  ratis.OzoneManagerRatisServer (OzoneManagerRatisServer.java:addRaftPeer(401)) - Added OM omNode-2 to Ratis Peers list.
2022-12-22 10:14:24,276 [IPC Server handler 0 on default port 34995] INFO  ratis.OzoneManagerRatisServer (OzoneManagerRatisServer.java:addOMToRatisRing(324)) - Added OM omNode-bootstrap-2 to Ratis group group-0AAC5367B30E.
2022-12-22 10:14:24,280 [omNode-bootstrap-2@group-0AAC5367B30E-StateMachineUpdater] INFO  ratis.OzoneManagerStateMachine (OzoneManagerStateMachine.java:notifyConfigurationChanged(192)) - Received Configuration change notification from Ratis. New Peer list:
[id: "omNode-bootstrap-2"
address: "localhost:42733"
startupRole: FOLLOWER
, id: "omNode-3"
address: "localhost:37735"
startupRole: FOLLOWER
, id: "omNode-1"
address: "localhost:46153"
startupRole: FOLLOWER
, id: "omNode-2"
address: "localhost:37697"
startupRole: FOLLOWER
]
2022-12-22 10:14:24,282 [Listener at 127.0.0.1/44055] INFO  om.OzoneManager (OzoneManager.java:bootstrap(1714)) - Successfully bootstrapped OM omNode-bootstrap-2 and joined the Ratis group group-0AAC5367B30E:[]
2022-12-22 10:14:24,285 [omNode-1@group-0AAC5367B30E-StateMachineUpdater] INFO  ratis.OzoneManagerRatisServer (OzoneManagerRatisServer.java:addRaftPeer(401)) - Added OM omNode-bootstrap-2 to Ratis Peers list.
2022-12-22 10:14:24,285 [omNode-1@group-0AAC5367B30E-StateMachineUpdater] INFO  om.OzoneManager (OzoneManager.java:addOMNodeToPeers(1842)) - Added OM omNode-bootstrap-2 to the Peer list.
2022-12-22 10:14:24,285 [omNode-1@group-0AAC5367B30E-StateMachineUpdater] INFO  ratis.OzoneManagerStateMachine (OzoneManagerStateMachine.java:notifyConfigurationChanged(192)) - Received Configuration change notification from Ratis. New Peer list:
[id: "omNode-bootstrap-2"
address: "localhost:42733"
startupRole: FOLLOWER
, id: "omNode-3"
address: "localhost:37735"
startupRole: FOLLOWER
, id: "omNode-1"
address: "localhost:46153"
startupRole: FOLLOWER
, id: "omNode-2"
address: "localhost:37697"
startupRole: FOLLOWER
]
2022-12-22 10:14:24,285 [omNode-3@group-0AAC5367B30E-StateMachineUpdater] INFO  ratis.OzoneManagerRatisServer (OzoneManagerRatisServer.java:addRaftPeer(401)) - Added OM omNode-bootstrap-2 to Ratis Peers list.
2022-12-22 10:14:24,286 [omNode-3@group-0AAC5367B30E-StateMachineUpdater] INFO  om.OzoneManager (OzoneManager.java:addOMNodeToPeers(1842)) - Added OM omNode-bootstrap-2 to the Peer list.
2022-12-22 10:14:24,282 [Listener at 127.0.0.1/44055] INFO  ozone.MiniOzoneHAClusterImpl (MiniOzoneHAClusterImpl.java:bootstrapOzoneManager(782)) - Bootstrapped OzoneManager omNode-bootstrap-2 RPC server at localhost/127.0.0.1:44055
2022-12-22 10:14:24,286 [OM StateMachine ApplyTransaction Thread - 0] INFO  volume.OMVolumeCreateRequest (OMVolumeCreateRequest.java:validateAndUpdateCache(195)) - created volume:volume12012 for user:runner
2022-12-22 10:14:24,287 [OM StateMachine ApplyTransaction Thread - 0] INFO  bucket.OMBucketCreateRequest (OMBucketCreateRequest.java:validateAndUpdateCache(260)) - created bucket: bucket90667 of layout LEGACY in volume: volume12012
2022-12-22 10:14:24,289 [omNode-3@group-0AAC5367B30E-StateMachineUpdater] INFO  ratis.OzoneManagerStateMachine (OzoneManagerStateMachine.java:notifyConfigurationChanged(192)) - Received Configuration change notification from Ratis. New Peer list:
[id: "omNode-bootstrap-2"
address: "localhost:42733"
startupRole: FOLLOWER
, id: "omNode-3"
address: "localhost:37735"
startupRole: FOLLOWER
, id: "omNode-1"
address: "localhost:46153"
startupRole: FOLLOWER
, id: "omNode-2"
address: "localhost:37697"
startupRole: FOLLOWER
]
2022-12-22 10:14:24,608 [EventQueue-CommandQueueReportForCommandQueueReportHandler] WARN  events.EventQueue (EventQueue.java:fireEvent(216)) - No event handler registered for event TypedEvent{payloadType=DatanodeDetails, name='Datanode_Command_Queue_Updated'}
2022-12-22 10:14:24,833 [EventQueue-CommandQueueReportForCommandQueueReportHandler] WARN  events.EventQueue (EventQueue.java:fireEvent(216)) - No event handler registered for event TypedEvent{payloadType=DatanodeDetails, name='Datanode_Command_Queue_Updated'}
2022-12-22 10:14:25,097 [EventQueue-CommandQueueReportForCommandQueueReportHandler] WARN  events.EventQueue (EventQueue.java:fireEvent(216)) - No event handler registered for event TypedEvent{payloadType=DatanodeDetails, name='Datanode_Command_Queue_Updated'}
2022-12-22 10:14:25,291 [Listener at 127.0.0.1/44055] INFO  ozone.MiniOzoneClusterImpl (MiniOzoneClusterImpl.java:shutdown(449)) - Shutting down the Mini Ozone Cluster
2022-12-22 10:14:25,292 [Listener at 127.0.0.1/44055] INFO  ozone.MiniOzoneHAClusterImpl (MiniOzoneHAClusterImpl.java:stop(312)) - Stopping the OzoneManager omNode-3
2022-12-22 10:14:25,294 [Listener at 127.0.0.1/44055] INFO  om.OzoneManager (OzoneManager.java:stop(2038)) - omNode-3[localhost:46501]: Stopping Ozone Manager
2022-12-22 10:14:25,295 [Listener at 127.0.0.1/44055] INFO  ipc.Server (Server.java:stop(3428)) - Stopping server on 46501
2022-12-22 10:14:25,305 [IPC Server listener on 46501] INFO  ipc.Server (Server.java:run(1384)) - Stopping IPC Server listener on 46501
2022-12-22 10:14:25,306 [IPC Server Responder] INFO  ipc.Server (Server.java:run(1517)) - Stopping IPC Server Responder
2022-12-22 10:14:25,307 [Listener at 127.0.0.1/44055] INFO  server.RaftServer (RaftServerProxy.java:lambda$close$6(409)) - omNode-3: close
2022-12-22 10:14:25,307 [omNode-3-impl-thread1] INFO  server.RaftServer$Division (RaftServerImpl.java:lambda$close$4(458)) - omNode-3@group-0AAC5367B30E: shutdown
2022-12-22 10:14:25,307 [omNode-3-impl-thread1] INFO  util.JmxRegister (JmxRegister.java:unregister(73)) - Successfully un-registered JMX Bean with object name Ratis:service=RaftServer,group=group-0AAC5367B30E,id=omNode-3
2022-12-22 10:14:25,307 [omNode-3-impl-thread1] INFO  impl.RoleInfo (RoleInfo.java:shutdownFollowerState(110)) - omNode-3: shutdown omNode-3@group-0AAC5367B30E-FollowerState
2022-12-22 10:14:25,307 [omNode-3-impl-thread1] INFO  impl.StateMachineUpdater (StateMachineUpdater.java:stopAndJoin(153)) - omNode-3@group-0AAC5367B30E-StateMachineUpdater: set stopIndex = 12
2022-12-22 10:14:25,307 [omNode-3@group-0AAC5367B30E-FollowerState] INFO  impl.FollowerState (FollowerState.java:run(152)) - omNode-3@group-0AAC5367B30E-FollowerState was interrupted
2022-12-22 10:14:25,307 [omNode-3@group-0AAC5367B30E-StateMachineUpdater] INFO  ratis.OzoneManagerStateMachine (OzoneManagerStateMachine.java:takeSnapshot(445)) - Current Snapshot Index (t:1, i:12)
2022-12-22 10:14:25,307 [Listener at 127.0.0.1/44055] INFO  server.GrpcService (GrpcService.java:closeImpl(271)) - omNode-3: shutdown server GrpcServerProtocolService now
2022-12-22 10:14:25,307 [omNode-3@group-0AAC5367B30E-StateMachineUpdater] INFO  impl.StateMachineUpdater (StateMachineUpdater.java:takeSnapshot(287)) - omNode-3@group-0AAC5367B30E-StateMachineUpdater: Took a snapshot at index 12
2022-12-22 10:14:25,307 [omNode-3@group-0AAC5367B30E-StateMachineUpdater] INFO  impl.StateMachineUpdater (StateMachineUpdater.java:lambda$new$0(92)) - omNode-3@group-0AAC5367B30E-StateMachineUpdater: snapshotIndex: updateIncreasingly -1 -> 12
2022-12-22 10:14:25,307 [omNode-3@group-0AAC5367B30E-StateMachineUpdater] INFO  ratis.OzoneManagerStateMachine (OzoneManagerStateMachine.java:close(499)) - StateMachine has shutdown. Shutdown OzoneManager if not already shutdown.
2022-12-22 10:14:25,307 [omNode-3@group-0AAC5367B30E-StateMachineUpdater] INFO  ratis.OzoneManagerDoubleBuffer (OzoneManagerDoubleBuffer.java:stop(466)) - Stopping OMDoubleBuffer flush thread
2022-12-22 10:14:25,307 [OMDoubleBufferFlushThread] INFO  ratis.OzoneManagerDoubleBuffer (OzoneManagerDoubleBuffer.java:flushTransactions(385)) - OMDoubleBuffer flush thread OMDoubleBufferFlushThread is interrupted and will exit.
2022-12-22 10:14:25,309 [omNode-3-impl-thread1] INFO  server.RaftServer$Division (ServerState.java:close(466)) - omNode-3@group-0AAC5367B30E: closes. applyIndex: 12
2022-12-22 10:14:25,309 [grpc-default-executor-2] WARN  server.GrpcServerProtocolService (LogUtils.java:warn(122)) - omNode-3: installSnapshot onError, lastRequest: null: org.apache.ratis.thirdparty.io.grpc.StatusRuntimeException: CANCELLED: client cancelled
2022-12-22 10:14:25,309 [omNode-3@group-0AAC5367B30E-SegmentedRaftLogWorker] INFO  segmented.SegmentedRaftLogWorker (SegmentedRaftLogWorker.java:run(347)) - omNode-3@group-0AAC5367B30E-SegmentedRaftLogWorker was interrupted, exiting. There are 0 tasks remaining in the queue.
2022-12-22 10:14:25,309 [grpc-default-executor-3] WARN  server.GrpcServerProtocolService (LogUtils.java:warn(122)) - omNode-3: installSnapshot onError, lastRequest: omNode-1->omNode-3#590-t1,previous=(t:1, i:11),leaderCommit=11,initializing? true,entries: size=1, first=(t:1, i:12), METADATAENTRY(c:11): org.apache.ratis.thirdparty.io.grpc.StatusRuntimeException: CANCELLED: client cancelled
2022-12-22 10:14:25,309 [Listener at 127.0.0.1/44055] INFO  server.GrpcService (GrpcService.java:closeImpl(280)) - omNode-3: shutdown server GrpcServerProtocolService successfully
2022-12-22 10:14:25,311 [omNode-3-impl-thread1] INFO  segmented.SegmentedRaftLogWorker (SegmentedRaftLogWorker.java:close(257)) - omNode-3@group-0AAC5367B30E-SegmentedRaftLogWorker close()
2022-12-22 10:14:25,311 [omNode-3-NettyServerStreamRpc-bossGroup--thread1] INFO  logging.LoggingHandler (AbstractInternalLogger.java:log(148)) - [id: 0xcda85bfa, L:/0:0:0:0:0:0:0:0:45291] CLOSE
2022-12-22 10:14:25,311 [omNode-3-NettyServerStreamRpc-bossGroup--thread1] INFO  logging.LoggingHandler (AbstractInternalLogger.java:log(148)) - [id: 0xcda85bfa, L:/0:0:0:0:0:0:0:0:45291] INACTIVE
2022-12-22 10:14:25,311 [omNode-3-NettyServerStreamRpc-bossGroup--thread1] INFO  logging.LoggingHandler (AbstractInternalLogger.java:log(148)) - [id: 0xcda85bfa, L:/0:0:0:0:0:0:0:0:45291] UNREGISTERED
2022-12-22 10:14:25,320 [JvmPauseMonitor4] INFO  util.JvmPauseMonitor (JvmPauseMonitor.java:run(111)) - JvmPauseMonitor-omNode-3: Stopped
2022-12-22 10:14:25,320 [Listener at 127.0.0.1/44055] INFO  ratis.OzoneManagerStateMachine (OzoneManagerStateMachine.java:close(499)) - StateMachine has shutdown. Shutdown OzoneManager if not already shutdown.
2022-12-22 10:14:25,320 [Listener at 127.0.0.1/44055] INFO  ratis.OzoneManagerDoubleBuffer (OzoneManagerDoubleBuffer.java:stop(478)) - OMDoubleBuffer flush thread is not running.
2022-12-22 10:14:25,320 [Listener at 127.0.0.1/44055] INFO  utils.BackgroundService (BackgroundService.java:shutdown(141)) - Shutting down service KeyDeletingService
2022-12-22 10:14:25,320 [Listener at 127.0.0.1/44055] INFO  utils.BackgroundService (BackgroundService.java:shutdown(141)) - Shutting down service DirectoryDeletingService
2022-12-22 10:14:25,321 [Listener at 127.0.0.1/44055] INFO  utils.BackgroundService (BackgroundService.java:shutdown(141)) - Shutting down service OpenKeyCleanupService
2022-12-22 10:14:25,322 [Listener at 127.0.0.1/44055] INFO  handler.ContextHandler (ContextHandler.java:doStop(1159)) - Stopped o.e.j.w.WebAppContext@9b79784{ozoneManager,/,null,STOPPED}{file:/home/runner/work/ozone/ozone/hadoop-ozone/integration-test/target/test-classes/webapps/ozoneManager}
2022-12-22 10:14:25,324 [Listener at 127.0.0.1/44055] INFO  server.AbstractConnector (AbstractConnector.java:doStop(383)) - Stopped ServerConnector@4c5c8926{HTTP/1.1, (http/1.1)}{0.0.0.0:41825}
2022-12-22 10:14:25,325 [Listener at 127.0.0.1/44055] INFO  server.session (HouseKeeper.java:stopScavenging(149)) - node0 Stopped scavenging
2022-12-22 10:14:25,325 [Listener at 127.0.0.1/44055] INFO  handler.ContextHandler (ContextHandler.java:doStop(1159)) - Stopped o.e.j.s.ServletContextHandler@49f09ccf{static,/static,file:///home/runner/work/ozone/ozone/hadoop-ozone/integration-test/target/test-classes/webapps/static,STOPPED}
2022-12-22 10:14:25,326 [Listener at 127.0.0.1/44055] INFO  handler.ContextHandler (ContextHandler.java:doStop(1159)) - Stopped o.e.j.s.ServletContextHandler@4679df4b{logs,/logs,file:///home/runner/work/ozone/ozone/hadoop-ozone/integration-test/target/log,STOPPED}
2022-12-22 10:14:25,332 [Listener at 127.0.0.1/44055] INFO  ozone.MiniOzoneHAClusterImpl (MiniOzoneHAClusterImpl.java:stop(312)) - Stopping the OzoneManager omNode-1
2022-12-22 10:14:25,332 [Listener at 127.0.0.1/44055] INFO  om.OzoneManager (OzoneManager.java:stop(2038)) - omNode-1[localhost:34995]: Stopping Ozone Manager
2022-12-22 10:14:25,333 [Listener at 127.0.0.1/44055] INFO  ipc.Server (Server.java:stop(3428)) - Stopping server on 34995
2022-12-22 10:14:25,336 [IPC Server listener on 34995] INFO  ipc.Server (Server.java:run(1384)) - Stopping IPC Server listener on 34995
2022-12-22 10:14:25,337 [IPC Server Responder] INFO  ipc.Server (Server.java:run(1517)) - Stopping IPC Server Responder
2022-12-22 10:14:25,338 [Listener at 127.0.0.1/44055] INFO  server.RaftServer (RaftServerProxy.java:lambda$close$6(409)) - omNode-1: close
2022-12-22 10:14:25,338 [Listener at 127.0.0.1/44055] INFO  server.GrpcService (GrpcService.java:closeImpl(271)) - omNode-1: shutdown server GrpcServerProtocolService now
2022-12-22 10:14:25,338 [omNode-1-impl-thread1] INFO  server.RaftServer$Division (RaftServerImpl.java:lambda$close$4(458)) - omNode-1@group-0AAC5367B30E: shutdown
2022-12-22 10:14:25,338 [omNode-1-impl-thread1] INFO  util.JmxRegister (JmxRegister.java:unregister(73)) - Successfully un-registered JMX Bean with object name Ratis:service=RaftServer,group=group-0AAC5367B30E,id=omNode-1
2022-12-22 10:14:25,339 [omNode-1-impl-thread1] INFO  impl.RoleInfo (RoleInfo.java:shutdownLeaderState(93)) - omNode-1: shutdown omNode-1@group-0AAC5367B30E-LeaderStateImpl
2022-12-22 10:14:25,339 [omNode-1-impl-thread1] INFO  impl.PendingRequests (PendingRequests.java:sendNotLeaderResponses(282)) - omNode-1@group-0AAC5367B30E-PendingRequests: sendNotLeaderResponses
2022-12-22 10:14:25,346 [omNode-1-impl-thread1] INFO  impl.StateMachineUpdater (StateMachineUpdater.java:stopAndJoin(153)) - omNode-1@group-0AAC5367B30E-StateMachineUpdater: set stopIndex = 12
2022-12-22 10:14:25,346 [omNode-1@group-0AAC5367B30E-StateMachineUpdater] INFO  ratis.OzoneManagerStateMachine (OzoneManagerStateMachine.java:takeSnapshot(445)) - Current Snapshot Index (t:1, i:12)
2022-12-22 10:14:25,346 [omNode-1@group-0AAC5367B30E-StateMachineUpdater] INFO  impl.StateMachineUpdater (StateMachineUpdater.java:takeSnapshot(287)) - omNode-1@group-0AAC5367B30E-StateMachineUpdater: Took a snapshot at index 12
2022-12-22 10:14:25,346 [omNode-1@group-0AAC5367B30E-StateMachineUpdater] INFO  impl.StateMachineUpdater (StateMachineUpdater.java:lambda$new$0(92)) - omNode-1@group-0AAC5367B30E-StateMachineUpdater: snapshotIndex: updateIncreasingly -1 -> 12
2022-12-22 10:14:25,346 [omNode-1@group-0AAC5367B30E-StateMachineUpdater] INFO  ratis.OzoneManagerStateMachine (OzoneManagerStateMachine.java:close(499)) - StateMachine has shutdown. Shutdown OzoneManager if not already shutdown.
2022-12-22 10:14:25,346 [omNode-1@group-0AAC5367B30E-StateMachineUpdater] INFO  ratis.OzoneManagerDoubleBuffer (OzoneManagerDoubleBuffer.java:stop(466)) - Stopping OMDoubleBuffer flush thread
2022-12-22 10:14:25,346 [OMDoubleBufferFlushThread] INFO  ratis.OzoneManagerDoubleBuffer (OzoneManagerDoubleBuffer.java:flushTransactions(385)) - OMDoubleBuffer flush thread OMDoubleBufferFlushThread is interrupted and will exit.
2022-12-22 10:14:25,348 [grpc-default-executor-2] INFO  server.GrpcServerProtocolService (GrpcServerProtocolService.java:onCompleted(143)) - omNode-bootstrap-2: Completed APPEND_ENTRIES, lastRequest: omNode-1->omNode-bootstrap-2#9-t1,previous=(t:1, i:11),leaderCommit=11,initializing? true,entries: size=1, first=(t:1, i:12), METADATAENTRY(c:11)
2022-12-22 10:14:25,348 [grpc-default-executor-3] INFO  server.GrpcServerProtocolService (GrpcServerProtocolService.java:onCompleted(143)) - omNode-bootstrap-2: Completed APPEND_ENTRIES, lastRequest: null
2022-12-22 10:14:25,350 [ForkJoinPool.commonPool-worker-0] INFO  server.GrpcServerProtocolClient (GrpcServerProtocolClient.java:close(101)) - omNode-3 Close channels
2022-12-22 10:14:25,351 [omNode-1-impl-thread1] INFO  server.RaftServer$Division (ServerState.java:close(466)) - omNode-1@group-0AAC5367B30E: closes. applyIndex: 12
2022-12-22 10:14:25,351 [omNode-1@group-0AAC5367B30E-SegmentedRaftLogWorker] INFO  segmented.SegmentedRaftLogWorker (SegmentedRaftLogWorker.java:run(347)) - omNode-1@group-0AAC5367B30E-SegmentedRaftLogWorker was interrupted, exiting. There are 0 tasks remaining in the queue.
2022-12-22 10:14:25,351 [Listener at 127.0.0.1/44055] INFO  server.GrpcServerProtocolClient (GrpcServerProtocolClient.java:close(101)) - omNode-bootstrap-2 Close channels
2022-12-22 10:14:25,353 [omNode-1-impl-thread1] INFO  segmented.SegmentedRaftLogWorker (SegmentedRaftLogWorker.java:close(257)) - omNode-1@group-0AAC5367B30E-SegmentedRaftLogWorker close()
2022-12-22 10:14:25,355 [ForkJoinPool.commonPool-worker-0] INFO  server.GrpcServerProtocolClient (GrpcServerProtocolClient.java:close(101)) - omNode-2 Close channels
2022-12-22 10:14:25,358 [Listener at 127.0.0.1/44055] INFO  server.GrpcService (GrpcService.java:closeImpl(280)) - omNode-1: shutdown server GrpcServerProtocolService successfully
2022-12-22 10:14:25,358 [omNode-1-NettyServerStreamRpc-bossGroup--thread1] INFO  logging.LoggingHandler (AbstractInternalLogger.java:log(148)) - [id: 0x82678f52, L:/0:0:0:0:0:0:0:0:46061] CLOSE
2022-12-22 10:14:25,358 [omNode-1-NettyServerStreamRpc-bossGroup--thread1] INFO  logging.LoggingHandler (AbstractInternalLogger.java:log(148)) - [id: 0x82678f52, L:/0:0:0:0:0:0:0:0:46061] INACTIVE
2022-12-22 10:14:25,358 [omNode-1-NettyServerStreamRpc-bossGroup--thread1] INFO  logging.LoggingHandler (AbstractInternalLogger.java:log(148)) - [id: 0x82678f52, L:/0:0:0:0:0:0:0:0:46061] UNREGISTERED
2022-12-22 10:14:25,373 [JvmPauseMonitor2] INFO  util.JvmPauseMonitor (JvmPauseMonitor.java:run(111)) - JvmPauseMonitor-omNode-1: Stopped
2022-12-22 10:14:25,373 [Listener at 127.0.0.1/44055] INFO  ratis.OzoneManagerStateMachine (OzoneManagerStateMachine.java:close(499)) - StateMachine has shutdown. Shutdown OzoneManager if not already shutdown.
2022-12-22 10:14:25,373 [Listener at 127.0.0.1/44055] INFO  ratis.OzoneManagerDoubleBuffer (OzoneManagerDoubleBuffer.java:stop(478)) - OMDoubleBuffer flush thread is not running.
2022-12-22 10:14:25,373 [Listener at 127.0.0.1/44055] INFO  utils.BackgroundService (BackgroundService.java:shutdown(141)) - Shutting down service KeyDeletingService
2022-12-22 10:14:25,373 [Listener at 127.0.0.1/44055] INFO  utils.BackgroundService (BackgroundService.java:shutdown(141)) - Shutting down service DirectoryDeletingService
2022-12-22 10:14:25,374 [Listener at 127.0.0.1/44055] INFO  utils.BackgroundService (BackgroundService.java:shutdown(141)) - Shutting down service OpenKeyCleanupService
2022-12-22 10:14:25,374 [Listener at 127.0.0.1/44055] INFO  handler.ContextHandler (ContextHandler.java:doStop(1159)) - Stopped o.e.j.w.WebAppContext@13c33a3d{ozoneManager,/,null,STOPPED}{file:/home/runner/work/ozone/ozone/hadoop-ozone/integration-test/target/test-classes/webapps/ozoneManager}
2022-12-22 10:14:25,375 [Listener at 127.0.0.1/44055] INFO  server.AbstractConnector (AbstractConnector.java:doStop(383)) - Stopped ServerConnector@12aba7cb{HTTP/1.1, (http/1.1)}{0.0.0.0:34851}
2022-12-22 10:14:25,375 [Listener at 127.0.0.1/44055] INFO  server.session (HouseKeeper.java:stopScavenging(149)) - node0 Stopped scavenging
2022-12-22 10:14:25,375 [Listener at 127.0.0.1/44055] INFO  handler.ContextHandler (ContextHandler.java:doStop(1159)) - Stopped o.e.j.s.ServletContextHandler@2c080bf5{static,/static,file:///home/runner/work/ozone/ozone/hadoop-ozone/integration-test/target/test-classes/webapps/static,STOPPED}
2022-12-22 10:14:25,376 [Listener at 127.0.0.1/44055] INFO  handler.ContextHandler (ContextHandler.java:doStop(1159)) - Stopped o.e.j.s.ServletContextHandler@5b9bdb00{logs,/logs,file:///home/runner/work/ozone/ozone/hadoop-ozone/integration-test/target/log,STOPPED}
2022-12-22 10:14:25,378 [Listener at 127.0.0.1/44055] INFO  ozone.MiniOzoneHAClusterImpl (MiniOzoneHAClusterImpl.java:stop(312)) - Stopping the OzoneManager omNode-2
2022-12-22 10:14:25,378 [Listener at 127.0.0.1/44055] INFO  om.OzoneManager (OzoneManager.java:stop(2038)) - omNode-2[localhost:46173]: Stopping Ozone Manager
2022-12-22 10:14:25,379 [Listener at 127.0.0.1/44055] INFO  ozone.MiniOzoneHAClusterImpl (MiniOzoneHAClusterImpl.java:stop(312)) - Stopping the OzoneManager omNode-bootstrap-1
2022-12-22 10:14:25,379 [Listener at 127.0.0.1/44055] INFO  om.OzoneManager (OzoneManager.java:stop(2038)) - omNode-bootstrap-1[localhost:43655]: Stopping Ozone Manager
2022-12-22 10:14:25,379 [Listener at 127.0.0.1/44055] INFO  ozone.MiniOzoneHAClusterImpl (MiniOzoneHAClusterImpl.java:stop(312)) - Stopping the OzoneManager omNode-bootstrap-2
2022-12-22 10:14:25,379 [Listener at 127.0.0.1/44055] INFO  om.OzoneManager (OzoneManager.java:stop(2038)) - omNode-bootstrap-2[localhost:44055]: Stopping Ozone Manager
2022-12-22 10:14:25,379 [Listener at 127.0.0.1/44055] INFO  ipc.Server (Server.java:stop(3428)) - Stopping server on 44055
2022-12-22 10:14:25,383 [IPC Server listener on 44055] INFO  ipc.Server (Server.java:run(1384)) - Stopping IPC Server listener on 44055
2022-12-22 10:14:25,384 [IPC Server Responder] INFO  ipc.Server (Server.java:run(1517)) - Stopping IPC Server Responder
2022-12-22 10:14:25,384 [Listener at 127.0.0.1/44055] INFO  server.RaftServer (RaftServerProxy.java:lambda$close$6(409)) - omNode-bootstrap-2: close
2022-12-22 10:14:25,384 [Listener at 127.0.0.1/44055] INFO  server.GrpcService (GrpcService.java:closeImpl(271)) - omNode-bootstrap-2: shutdown server GrpcServerProtocolService now
2022-12-22 10:14:25,384 [omNode-bootstrap-2-impl-thread1] INFO  server.RaftServer$Division (RaftServerImpl.java:lambda$close$4(458)) - omNode-bootstrap-2@group-0AAC5367B30E: shutdown
2022-12-22 10:14:25,385 [omNode-bootstrap-2-impl-thread1] INFO  util.JmxRegister (JmxRegister.java:unregister(73)) - Successfully un-registered JMX Bean with object name Ratis:service=RaftServer,group=group-0AAC5367B30E,id=omNode-bootstrap-2
2022-12-22 10:14:25,385 [omNode-bootstrap-2-impl-thread1] INFO  impl.RoleInfo (RoleInfo.java:shutdownFollowerState(110)) - omNode-bootstrap-2: shutdown omNode-bootstrap-2@group-0AAC5367B30E-FollowerState
2022-12-22 10:14:25,385 [omNode-bootstrap-2-impl-thread1] INFO  impl.StateMachineUpdater (StateMachineUpdater.java:stopAndJoin(153)) - omNode-bootstrap-2@group-0AAC5367B30E-StateMachineUpdater: set stopIndex = 12
2022-12-22 10:14:25,385 [Listener at 127.0.0.1/44055] INFO  server.GrpcService (GrpcService.java:closeImpl(280)) - omNode-bootstrap-2: shutdown server GrpcServerProtocolService successfully
2022-12-22 10:14:25,386 [omNode-bootstrap-2@group-0AAC5367B30E-FollowerState] INFO  impl.FollowerState (FollowerState.java:run(152)) - omNode-bootstrap-2@group-0AAC5367B30E-FollowerState was interrupted
2022-12-22 10:14:25,386 [omNode-bootstrap-2@group-0AAC5367B30E-StateMachineUpdater] INFO  ratis.OzoneManagerStateMachine (OzoneManagerStateMachine.java:takeSnapshot(445)) - Current Snapshot Index (t:1, i:12)
2022-12-22 10:14:25,392 [omNode-bootstrap-2@group-0AAC5367B30E-StateMachineUpdater] INFO  impl.StateMachineUpdater (StateMachineUpdater.java:takeSnapshot(287)) - omNode-bootstrap-2@group-0AAC5367B30E-StateMachineUpdater: Took a snapshot at index 12
2022-12-22 10:14:25,392 [omNode-bootstrap-2@group-0AAC5367B30E-StateMachineUpdater] INFO  impl.StateMachineUpdater (StateMachineUpdater.java:lambda$new$0(92)) - omNode-bootstrap-2@group-0AAC5367B30E-StateMachineUpdater: snapshotIndex: updateIncreasingly -1 -> 12
2022-12-22 10:14:25,392 [omNode-bootstrap-2@group-0AAC5367B30E-StateMachineUpdater] INFO  ratis.OzoneManagerStateMachine (OzoneManagerStateMachine.java:close(499)) - StateMachine has shutdown. Shutdown OzoneManager if not already shutdown.
2022-12-22 10:14:25,392 [omNode-bootstrap-2@group-0AAC5367B30E-StateMachineUpdater] INFO  ratis.OzoneManagerDoubleBuffer (OzoneManagerDoubleBuffer.java:stop(466)) - Stopping OMDoubleBuffer flush thread
2022-12-22 10:14:25,393 [OMDoubleBufferFlushThread] INFO  ratis.OzoneManagerDoubleBuffer (OzoneManagerDoubleBuffer.java:flushTransactions(385)) - OMDoubleBuffer flush thread OMDoubleBufferFlushThread is interrupted and will exit.
2022-12-22 10:14:25,394 [omNode-bootstrap-2-NettyServerStreamRpc-bossGroup--thread1] INFO  logging.LoggingHandler (AbstractInternalLogger.java:log(148)) - [id: 0xd65728f1, L:/0:0:0:0:0:0:0:0:41877] CLOSE
2022-12-22 10:14:25,394 [omNode-bootstrap-2-NettyServerStreamRpc-bossGroup--thread1] INFO  logging.LoggingHandler (AbstractInternalLogger.java:log(148)) - [id: 0xd65728f1, L:0:0:0:0:0:0:0:0/0:0:0:0:0:0:0:0:41877] INACTIVE
2022-12-22 10:14:25,394 [omNode-bootstrap-2-NettyServerStreamRpc-bossGroup--thread1] INFO  logging.LoggingHandler (AbstractInternalLogger.java:log(148)) - [id: 0xd65728f1, L:0:0:0:0:0:0:0:0/0:0:0:0:0:0:0:0:41877] UNREGISTERED
2022-12-22 10:14:25,394 [omNode-bootstrap-2-impl-thread1] INFO  server.RaftServer$Division (ServerState.java:close(466)) - omNode-bootstrap-2@group-0AAC5367B30E: closes. applyIndex: 12
2022-12-22 10:14:25,395 [omNode-bootstrap-2@group-0AAC5367B30E-SegmentedRaftLogWorker] INFO  segmented.SegmentedRaftLogWorker (SegmentedRaftLogWorker.java:run(347)) - omNode-bootstrap-2@group-0AAC5367B30E-SegmentedRaftLogWorker was interrupted, exiting. There are 0 tasks remaining in the queue.
2022-12-22 10:14:25,397 [omNode-bootstrap-2-impl-thread1] INFO  segmented.SegmentedRaftLogWorker (SegmentedRaftLogWorker.java:close(257)) - omNode-bootstrap-2@group-0AAC5367B30E-SegmentedRaftLogWorker close()
2022-12-22 10:14:25,404 [JvmPauseMonitor8] INFO  util.JvmPauseMonitor (JvmPauseMonitor.java:run(111)) - JvmPauseMonitor-omNode-bootstrap-2: Stopped
2022-12-22 10:14:25,404 [Listener at 127.0.0.1/44055] INFO  ratis.OzoneManagerStateMachine (OzoneManagerStateMachine.java:close(499)) - StateMachine has shutdown. Shutdown OzoneManager if not already shutdown.
2022-12-22 10:14:25,405 [Listener at 127.0.0.1/44055] INFO  ratis.OzoneManagerDoubleBuffer (OzoneManagerDoubleBuffer.java:stop(478)) - OMDoubleBuffer flush thread is not running.
2022-12-22 10:14:25,405 [Listener at 127.0.0.1/44055] INFO  utils.BackgroundService (BackgroundService.java:shutdown(141)) - Shutting down service KeyDeletingService
2022-12-22 10:14:25,405 [Listener at 127.0.0.1/44055] INFO  utils.BackgroundService (BackgroundService.java:shutdown(141)) - Shutting down service DirectoryDeletingService
2022-12-22 10:14:25,406 [Listener at 127.0.0.1/44055] INFO  utils.BackgroundService (BackgroundService.java:shutdown(141)) - Shutting down service OpenKeyCleanupService
2022-12-22 10:14:25,407 [Listener at 127.0.0.1/44055] INFO  handler.ContextHandler (ContextHandler.java:doStop(1159)) - Stopped o.e.j.w.WebAppContext@69d6c864{ozoneManager,/,null,STOPPED}{file:/home/runner/work/ozone/ozone/hadoop-ozone/integration-test/target/test-classes/webapps/ozoneManager}
2022-12-22 10:14:25,407 [Listener at 127.0.0.1/44055] INFO  server.AbstractConnector (AbstractConnector.java:doStop(383)) - Stopped ServerConnector@9eeff19{HTTP/1.1, (http/1.1)}{0.0.0.0:36695}
2022-12-22 10:14:25,407 [Listener at 127.0.0.1/44055] INFO  server.session (HouseKeeper.java:stopScavenging(149)) - node0 Stopped scavenging
2022-12-22 10:14:25,408 [Listener at 127.0.0.1/44055] INFO  handler.ContextHandler (ContextHandler.java:doStop(1159)) - Stopped o.e.j.s.ServletContextHandler@45879a64{static,/static,file:///home/runner/work/ozone/ozone/hadoop-ozone/integration-test/target/test-classes/webapps/static,STOPPED}
2022-12-22 10:14:25,408 [Listener at 127.0.0.1/44055] INFO  handler.ContextHandler (ContextHandler.java:doStop(1159)) - Stopped o.e.j.s.ServletContextHandler@4a1fb55b{logs,/logs,file:///home/runner/work/ozone/ozone/hadoop-ozone/integration-test/target/log,STOPPED}
2022-12-22 10:14:25,413 [Listener at 127.0.0.1/44055] INFO  ozone.MiniOzoneHAClusterImpl (MiniOzoneHAClusterImpl.java:stop(320)) - Stopping the StorageContainerManager c0744bfc-8c9a-4b67-b2fe-e4eb0bfece68
2022-12-22 10:14:25,413 [Listener at 127.0.0.1/44055] INFO  server.StorageContainerManager (StorageContainerManager.java:stop(1518)) - Container Balancer is not running.
2022-12-22 10:14:25,414 [Listener at 127.0.0.1/44055] INFO  server.StorageContainerManager (StorageContainerManager.java:stop(1525)) - Stopping Replication Manager Service.
2022-12-22 10:14:25,414 [Listener at 127.0.0.1/44055] INFO  replication.ReplicationManager (ReplicationManager.java:stop(296)) - Stopping Replication Monitor Thread.
2022-12-22 10:14:25,414 [Under Replicated Processor] WARN  replication.UnhealthyReplicationProcessor (UnhealthyReplicationProcessor.java:run(141)) - Under Replicated Processor interrupted. Exiting...
2022-12-22 10:14:25,414 [ReplicationMonitor] INFO  replication.ReplicationManager (ReplicationManager.java:run(666)) - Replication Monitor Thread is stopped
2022-12-22 10:14:25,414 [Listener at 127.0.0.1/44055] INFO  server.StorageContainerManager (StorageContainerManager.java:stop(1532)) - Stopping the Datanode Admin Monitor.
2022-12-22 10:14:25,414 [Listener at 127.0.0.1/44055] INFO  server.StorageContainerManager (StorageContainerManager.java:stop(1539)) - Stopping datanode service RPC server
2022-12-22 10:14:25,415 [Listener at 127.0.0.1/44055] INFO  server.SCMDatanodeProtocolServer (SCMDatanodeProtocolServer.java:stop(441)) - Stopping the RPC server for DataNodes
2022-12-22 10:14:25,415 [Listener at 127.0.0.1/44055] INFO  ipc.Server (Server.java:stop(3428)) - Stopping server on 42129
2022-12-22 10:14:25,414 [Over Replicated Processor] WARN  replication.UnhealthyReplicationProcessor (UnhealthyReplicationProcessor.java:run(141)) - Over Replicated Processor interrupted. Exiting...
2022-12-22 10:14:25,417 [IPC Server listener on 42129] INFO  ipc.Server (Server.java:run(1384)) - Stopping IPC Server listener on 42129
2022-12-22 10:14:25,419 [IPC Server Responder] INFO  ipc.Server (Server.java:run(1517)) - Stopping IPC Server Responder
2022-12-22 10:14:25,608 [EndpointStateMachine task thread for /127.0.0.1:42129 - 0 ] WARN  statemachine.EndpointStateMachine (EndpointStateMachine.java:logIfNeeded(242)) - Unable to communicate to SCM server at 127.0.0.1:42129 for past 0 seconds.
java.io.EOFException: End of File Exception between local host is: "fv-az345-686/10.1.0.13"; destination host is: "localhost":42129; : java.io.EOFException; For more details see:  http://wiki.apache.org/hadoop/EOFException
	at sun.reflect.NativeConstructorAccessorImpl.newInstance0(Native Method)
	at sun.reflect.NativeConstructorAccessorImpl.newInstance(NativeConstructorAccessorImpl.java:62)
	at sun.reflect.DelegatingConstructorAccessorImpl.newInstance(DelegatingConstructorAccessorImpl.java:45)
	at java.lang.reflect.Constructor.newInstance(Constructor.java:423)
	at org.apache.hadoop.net.NetUtils.wrapWithMessage(NetUtils.java:913)
	at org.apache.hadoop.net.NetUtils.wrapException(NetUtils.java:862)
	at org.apache.hadoop.ipc.Client.getRpcResponse(Client.java:1616)
	at org.apache.hadoop.ipc.Client.call(Client.java:1558)
	at org.apache.hadoop.ipc.Client.call(Client.java:1455)
	at org.apache.hadoop.ipc.ProtobufRpcEngine$Invoker.invoke(ProtobufRpcEngine.java:235)
	at org.apache.hadoop.ipc.ProtobufRpcEngine$Invoker.invoke(ProtobufRpcEngine.java:122)
	at com.sun.proxy.$Proxy52.submitRequest(Unknown Source)
	at org.apache.hadoop.ozone.protocolPB.StorageContainerDatanodeProtocolClientSideTranslatorPB.submitRequest(StorageContainerDatanodeProtocolClientSideTranslatorPB.java:117)
	at org.apache.hadoop.ozone.protocolPB.StorageContainerDatanodeProtocolClientSideTranslatorPB.sendHeartbeat(StorageContainerDatanodeProtocolClientSideTranslatorPB.java:149)
	at org.apache.hadoop.ozone.container.common.states.endpoint.HeartbeatEndpointTask.call(HeartbeatEndpointTask.java:185)
	at org.apache.hadoop.ozone.container.common.states.endpoint.HeartbeatEndpointTask.call(HeartbeatEndpointTask.java:87)
	at java.util.concurrent.FutureTask.run(FutureTask.java:266)
	at java.util.concurrent.ThreadPoolExecutor.runWorker(ThreadPoolExecutor.java:1149)
	at java.util.concurrent.ThreadPoolExecutor$Worker.run(ThreadPoolExecutor.java:624)
	at java.lang.Thread.run(Thread.java:750)
Caused by: java.io.EOFException
	at java.io.DataInputStream.readInt(DataInputStream.java:392)
	at org.apache.hadoop.ipc.Client$IpcStreams.readResponse(Client.java:1922)
	at org.apache.hadoop.ipc.Client$Connection.receiveRpcResponse(Client.java:1238)
	at org.apache.hadoop.ipc.Client$Connection.run(Client.java:1134)
2022-12-22 10:14:26,833 [EndpointStateMachine task thread for /127.0.0.1:42129 - 0 ] INFO  ipc.Client (Client.java:handleConnectionFailure(1010)) - Retrying connect to server: localhost/127.0.0.1:42129. Already tried 0 time(s); retry policy is RetryUpToMaximumCountWithFixedSleep(maxRetries=15, sleepTime=1000 MILLISECONDS)
2022-12-22 10:14:27,777 [SCM Heartbeat Processing Thread - 0] WARN  node.NodeStateManager (NodeStateManager.java:scheduleNextHealthCheck(870)) - Current Thread is interrupted, shutting down HB processing thread for Node Manager.
2022-12-22 10:14:27,778 [Listener at 127.0.0.1/44055] INFO  server.StorageContainerManager (StorageContainerManager.java:stop(1547)) - Stopping block service RPC server
2022-12-22 10:14:27,779 [Listener at 127.0.0.1/44055] INFO  server.SCMBlockProtocolServer (SCMBlockProtocolServer.java:stop(161)) - Stopping the RPC server for Block Protocol
2022-12-22 10:14:27,779 [Listener at 127.0.0.1/44055] INFO  ipc.Server (Server.java:stop(3428)) - Stopping server on 35153
2022-12-22 10:14:27,782 [IPC Server listener on 35153] INFO  ipc.Server (Server.java:run(1384)) - Stopping IPC Server listener on 35153
2022-12-22 10:14:27,786 [Listener at 127.0.0.1/44055] INFO  server.StorageContainerManager (StorageContainerManager.java:stop(1554)) - Stopping the StorageContainerLocationProtocol RPC server
2022-12-22 10:14:27,786 [Listener at 127.0.0.1/44055] INFO  server.SCMClientProtocolServer (SCMClientProtocolServer.java:stop(179)) - Stopping the RPC server for Client Protocol
2022-12-22 10:14:27,786 [Listener at 127.0.0.1/44055] INFO  ipc.Server (Server.java:stop(3428)) - Stopping server on 42459
2022-12-22 10:14:27,787 [IPC Server Responder] INFO  ipc.Server (Server.java:run(1517)) - Stopping IPC Server Responder
2022-12-22 10:14:27,791 [IPC Server Responder] INFO  ipc.Server (Server.java:run(1517)) - Stopping IPC Server Responder
2022-12-22 10:14:27,791 [Listener at 127.0.0.1/44055] INFO  server.StorageContainerManager (StorageContainerManager.java:stop(1561)) - Stopping Storage Container Manager HTTP server.
2022-12-22 10:14:27,791 [IPC Server listener on 42459] INFO  ipc.Server (Server.java:run(1384)) - Stopping IPC Server listener on 42459
2022-12-22 10:14:27,794 [Listener at 127.0.0.1/44055] INFO  handler.ContextHandler (ContextHandler.java:doStop(1159)) - Stopped o.e.j.w.WebAppContext@1d09fb8e{scm,/,null,STOPPED}{file:/home/runner/work/ozone/ozone/hadoop-ozone/integration-test/target/test-classes/webapps/scm}
2022-12-22 10:14:27,795 [Listener at 127.0.0.1/44055] INFO  server.AbstractConnector (AbstractConnector.java:doStop(383)) - Stopped ServerConnector@205d6f84{HTTP/1.1, (http/1.1)}{0.0.0.0:45891}
2022-12-22 10:14:27,795 [Listener at 127.0.0.1/44055] INFO  server.session (HouseKeeper.java:stopScavenging(149)) - node0 Stopped scavenging
2022-12-22 10:14:27,795 [Listener at 127.0.0.1/44055] INFO  handler.ContextHandler (ContextHandler.java:doStop(1159)) - Stopped o.e.j.s.ServletContextHandler@39aaa7db{static,/static,file:///home/runner/work/ozone/ozone/hadoop-ozone/integration-test/target/test-classes/webapps/static,STOPPED}
2022-12-22 10:14:27,795 [Listener at 127.0.0.1/44055] INFO  handler.ContextHandler (ContextHandler.java:doStop(1159)) - Stopped o.e.j.s.ServletContextHandler@5d3a147f{logs,/logs,file:///home/runner/work/ozone/ozone/hadoop-ozone/integration-test/target/log,STOPPED}
2022-12-22 10:14:27,796 [Listener at 127.0.0.1/44055] INFO  server.StorageContainerManager (StorageContainerManager.java:stop(1567)) - Stopping SCM LayoutVersionManager Service.
2022-12-22 10:14:27,796 [Listener at 127.0.0.1/44055] INFO  server.StorageContainerManager (StorageContainerManager.java:stop(1575)) - Stopping Block Manager Service.
2022-12-22 10:14:27,796 [Listener at 127.0.0.1/44055] INFO  utils.BackgroundService (BackgroundService.java:shutdown(141)) - Shutting down service SCMBlockDeletingService
2022-12-22 10:14:27,796 [Listener at 127.0.0.1/44055] INFO  utils.BackgroundService (BackgroundService.java:shutdown(141)) - Shutting down service SCMBlockDeletingService
2022-12-22 10:14:27,797 [Listener at 127.0.0.1/44055] INFO  server.StorageContainerManager (StorageContainerManager.java:stop(1597)) - Stopping SCM Event Queue.
2022-12-22 10:14:27,798 [Listener at 127.0.0.1/44055] INFO  server.StorageContainerManager (StorageContainerManager.java:stop(1608)) - Stopping SCM HA services.
2022-12-22 10:14:27,798 [Listener at 127.0.0.1/44055] INFO  ha.SCMRatisServerImpl (SCMRatisServerImpl.java:stop(237)) - stopping ratis server 0.0.0.0:45753
2022-12-22 10:14:27,798 [Listener at 127.0.0.1/44055] INFO  server.RaftServer (RaftServerProxy.java:lambda$close$6(409)) - c0744bfc-8c9a-4b67-b2fe-e4eb0bfece68: close
2022-12-22 10:14:27,798 [Listener at 127.0.0.1/44055] INFO  server.GrpcService (GrpcService.java:closeImpl(271)) - c0744bfc-8c9a-4b67-b2fe-e4eb0bfece68: shutdown server GrpcServerProtocolService now
2022-12-22 10:14:27,798 [c0744bfc-8c9a-4b67-b2fe-e4eb0bfece68-impl-thread1] INFO  server.RaftServer$Division (RaftServerImpl.java:lambda$close$4(458)) - c0744bfc-8c9a-4b67-b2fe-e4eb0bfece68@group-1A0A2119317E: shutdown
2022-12-22 10:14:27,799 [c0744bfc-8c9a-4b67-b2fe-e4eb0bfece68-impl-thread1] INFO  util.JmxRegister (JmxRegister.java:unregister(73)) - Successfully un-registered JMX Bean with object name Ratis:service=RaftServer,group=group-1A0A2119317E,id=c0744bfc-8c9a-4b67-b2fe-e4eb0bfece68
2022-12-22 10:14:27,799 [c0744bfc-8c9a-4b67-b2fe-e4eb0bfece68-impl-thread1] INFO  impl.RoleInfo (RoleInfo.java:shutdownLeaderState(93)) - c0744bfc-8c9a-4b67-b2fe-e4eb0bfece68: shutdown c0744bfc-8c9a-4b67-b2fe-e4eb0bfece68@group-1A0A2119317E-LeaderStateImpl
2022-12-22 10:14:27,799 [c0744bfc-8c9a-4b67-b2fe-e4eb0bfece68-impl-thread1] INFO  impl.PendingRequests (PendingRequests.java:sendNotLeaderResponses(282)) - c0744bfc-8c9a-4b67-b2fe-e4eb0bfece68@group-1A0A2119317E-PendingRequests: sendNotLeaderResponses
2022-12-22 10:14:27,801 [Listener at 127.0.0.1/44055] INFO  server.GrpcService (GrpcService.java:closeImpl(280)) - c0744bfc-8c9a-4b67-b2fe-e4eb0bfece68: shutdown server GrpcServerProtocolService successfully
2022-12-22 10:14:27,805 [c0744bfc-8c9a-4b67-b2fe-e4eb0bfece68-impl-thread1] INFO  ha.SCMStateMachine (SCMStateMachine.java:notifyNotLeader(190)) - current leader SCM steps down.
2022-12-22 10:14:27,805 [c0744bfc-8c9a-4b67-b2fe-e4eb0bfece68-impl-thread1] INFO  ha.SCMContext (SCMContext.java:updateLeaderAndTerm(99)) - update <isLeader,term> from <true,2> to <false,0>
2022-12-22 10:14:27,805 [c0744bfc-8c9a-4b67-b2fe-e4eb0bfece68-impl-thread1] INFO  ha.SCMContext (SCMContext.java:updateLeaderAndTerm(106)) - update <isLeaderReady> from <false> to <false>
2022-12-22 10:14:27,805 [c0744bfc-8c9a-4b67-b2fe-e4eb0bfece68-NettyServerStreamRpc-bossGroup--thread1] INFO  logging.LoggingHandler (AbstractInternalLogger.java:log(148)) - [id: 0xbe50e216, L:/0:0:0:0:0:0:0:0:36211] CLOSE
2022-12-22 10:14:27,805 [c0744bfc-8c9a-4b67-b2fe-e4eb0bfece68-NettyServerStreamRpc-bossGroup--thread1] INFO  logging.LoggingHandler (AbstractInternalLogger.java:log(148)) - [id: 0xbe50e216, L:0:0:0:0:0:0:0:0/0:0:0:0:0:0:0:0:36211] INACTIVE
2022-12-22 10:14:27,805 [c0744bfc-8c9a-4b67-b2fe-e4eb0bfece68-NettyServerStreamRpc-bossGroup--thread1] INFO  logging.LoggingHandler (AbstractInternalLogger.java:log(148)) - [id: 0xbe50e216, L:0:0:0:0:0:0:0:0/0:0:0:0:0:0:0:0:36211] UNREGISTERED
2022-12-22 10:14:27,805 [c0744bfc-8c9a-4b67-b2fe-e4eb0bfece68-impl-thread1] INFO  BackgroundPipelineScrubber (BackgroundSCMService.java:notifyStatusChanged(88)) - Service BackgroundPipelineScrubber transitions to PAUSING.
2022-12-22 10:14:27,806 [c0744bfc-8c9a-4b67-b2fe-e4eb0bfece68-impl-thread1] INFO  ExpiredContainerReplicaOpScrubber (BackgroundSCMService.java:notifyStatusChanged(88)) - Service ExpiredContainerReplicaOpScrubber transitions to PAUSING.
2022-12-22 10:14:27,810 [c0744bfc-8c9a-4b67-b2fe-e4eb0bfece68-impl-thread1] INFO  impl.StateMachineUpdater (StateMachineUpdater.java:stopAndJoin(153)) - c0744bfc-8c9a-4b67-b2fe-e4eb0bfece68@group-1A0A2119317E-StateMachineUpdater: set stopIndex = 28
2022-12-22 10:14:27,812 [c0744bfc-8c9a-4b67-b2fe-e4eb0bfece68@group-1A0A2119317E-StateMachineUpdater] INFO  ha.SCMStateMachine (SCMStateMachine.java:takeSnapshot(297)) - Current Snapshot Index 28, takeSnapshot took 1 ms
2022-12-22 10:14:27,812 [c0744bfc-8c9a-4b67-b2fe-e4eb0bfece68@group-1A0A2119317E-StateMachineUpdater] INFO  impl.StateMachineUpdater (StateMachineUpdater.java:takeSnapshot(287)) - c0744bfc-8c9a-4b67-b2fe-e4eb0bfece68@group-1A0A2119317E-StateMachineUpdater: Took a snapshot at index 28
2022-12-22 10:14:27,812 [c0744bfc-8c9a-4b67-b2fe-e4eb0bfece68@group-1A0A2119317E-StateMachineUpdater] INFO  impl.StateMachineUpdater (StateMachineUpdater.java:lambda$new$0(92)) - c0744bfc-8c9a-4b67-b2fe-e4eb0bfece68@group-1A0A2119317E-StateMachineUpdater: snapshotIndex: updateIncreasingly -1 -> 28
2022-12-22 10:14:27,812 [c0744bfc-8c9a-4b67-b2fe-e4eb0bfece68@group-1A0A2119317E-StateMachineUpdater] INFO  server.StorageContainerManager (StorageContainerManager.java:stop(1509)) - Storage Container Manager is not running.
2022-12-22 10:14:27,812 [c0744bfc-8c9a-4b67-b2fe-e4eb0bfece68@group-1A0A2119317E-StateMachineUpdater] INFO  server.StorageContainerManager (ExitUtils.java:terminate(131)) - Terminating with exit status 0: scm statemachine is closed by ratis, terminate SCM
2022-12-22 10:14:27,812 [c0744bfc-8c9a-4b67-b2fe-e4eb0bfece68@group-1A0A2119317E-StateMachineUpdater] WARN  impl.StateMachineUpdater (StateMachineUpdater.java:stop(137)) - c0744bfc-8c9a-4b67-b2fe-e4eb0bfece68@group-1A0A2119317E-StateMachineUpdater: Failed to close SCMStateMachine SCMStateMachine:c0744bfc-8c9a-4b67-b2fe-e4eb0bfece68:group-1A0A2119317E
org.apache.ratis.util.ExitUtils$ExitException: scm statemachine is closed by ratis, terminate SCM
	at org.apache.ratis.util.ExitUtils.terminate(ExitUtils.java:141)
	at org.apache.ratis.util.ExitUtils.terminate(ExitUtils.java:151)
	at org.apache.ratis.util.ExitUtils.terminate(ExitUtils.java:155)
	at org.apache.hadoop.hdds.scm.server.StorageContainerManager.shutDown(StorageContainerManager.java:1636)
	at org.apache.hadoop.hdds.scm.ha.SCMStateMachine.close(SCMStateMachine.java:406)
	at org.apache.ratis.server.impl.StateMachineUpdater.stop(StateMachineUpdater.java:134)
	at org.apache.ratis.server.impl.StateMachineUpdater.run(StateMachineUpdater.java:187)
	at java.lang.Thread.run(Thread.java:750)
2022-12-22 10:14:27,813 [c0744bfc-8c9a-4b67-b2fe-e4eb0bfece68-impl-thread1] INFO  server.RaftServer$Division (ServerState.java:close(466)) - c0744bfc-8c9a-4b67-b2fe-e4eb0bfece68@group-1A0A2119317E: closes. applyIndex: 28
2022-12-22 10:14:27,817 [c0744bfc-8c9a-4b67-b2fe-e4eb0bfece68@group-1A0A2119317E-SegmentedRaftLogWorker] INFO  segmented.SegmentedRaftLogWorker (SegmentedRaftLogWorker.java:run(347)) - c0744bfc-8c9a-4b67-b2fe-e4eb0bfece68@group-1A0A2119317E-SegmentedRaftLogWorker was interrupted, exiting. There are 0 tasks remaining in the queue.
2022-12-22 10:14:27,818 [c0744bfc-8c9a-4b67-b2fe-e4eb0bfece68-impl-thread1] INFO  segmented.SegmentedRaftLogWorker (SegmentedRaftLogWorker.java:close(257)) - c0744bfc-8c9a-4b67-b2fe-e4eb0bfece68@group-1A0A2119317E-SegmentedRaftLogWorker close()
2022-12-22 10:14:27,819 [JvmPauseMonitor1] INFO  util.JvmPauseMonitor (JvmPauseMonitor.java:run(111)) - JvmPauseMonitor-c0744bfc-8c9a-4b67-b2fe-e4eb0bfece68: Stopped
2022-12-22 10:14:27,819 [Listener at 127.0.0.1/44055] INFO  pipeline.BackgroundPipelineCreator (BackgroundPipelineCreator.java:stop(149)) - Stopping RatisPipelineUtilsThread.
2022-12-22 10:14:27,819 [RatisPipelineUtilsThread - 0] WARN  pipeline.BackgroundPipelineCreator (BackgroundPipelineCreator.java:run(180)) - RatisPipelineUtilsThread is interrupted.
2022-12-22 10:14:27,819 [Listener at 127.0.0.1/44055] INFO  BackgroundPipelineScrubber (BackgroundSCMService.java:stop(131)) - Stopping BackgroundPipelineScrubber Service.
2022-12-22 10:14:27,819 [BackgroundPipelineScrubberThread] WARN  BackgroundPipelineScrubber (BackgroundSCMService.java:run(115)) - BackgroundPipelineScrubber is interrupted, exit
2022-12-22 10:14:27,820 [Listener at 127.0.0.1/44055] INFO  impl.MetricsSystemImpl (MetricsSystemImpl.java:stop(210)) - Stopping OzoneManager metrics system...
2022-12-22 10:14:27,827 [prometheus] INFO  impl.MetricsSinkAdapter (MetricsSinkAdapter.java:publishMetricsFromQueue(141)) - prometheus thread interrupted.
2022-12-22 10:14:27,827 [Listener at 127.0.0.1/44055] INFO  impl.MetricsSystemImpl (MetricsSystemImpl.java:stop(216)) - OzoneManager metrics system stopped.
2022-12-22 10:14:27,828 [Listener at 127.0.0.1/44055] WARN  pipeline.BackgroundPipelineCreator (BackgroundPipelineCreator.java:stop(145)) - RatisPipelineUtilsThread is not running, just ignore.
2022-12-22 10:14:27,828 [Listener at 127.0.0.1/44055] INFO  BackgroundPipelineScrubber (BackgroundSCMService.java:stop(126)) - BackgroundPipelineScrubber Service is not running, skip stop.
2022-12-22 10:14:27,828 [ExpiredContainerReplicaOpScrubberThread] WARN  ExpiredContainerReplicaOpScrubber (BackgroundSCMService.java:run(115)) - ExpiredContainerReplicaOpScrubber is interrupted, exit
2022-12-22 10:14:27,828 [Listener at 127.0.0.1/44055] INFO  ExpiredContainerReplicaOpScrubber (BackgroundSCMService.java:stop(131)) - Stopping ExpiredContainerReplicaOpScrubber Service.
2022-12-22 10:14:27,828 [Listener at 127.0.0.1/44055] INFO  utils.BackgroundService (BackgroundService.java:shutdown(141)) - Shutting down service SCMBlockDeletingService
2022-12-22 10:14:27,829 [Listener at 127.0.0.1/44055] INFO  replication.ReplicationManager (ReplicationManager.java:stop(304)) - Replication Monitor Thread is not running.
2022-12-22 10:14:27,829 [Listener at 127.0.0.1/44055] WARN  balancer.ContainerBalancer (ContainerBalancer.java:stop(322)) - Cannot stop Container Balancer because it's not running or stopping
2022-12-22 10:14:27,829 [Listener at 127.0.0.1/44055] INFO  server.StorageContainerManager (StorageContainerManager.java:stop(1626)) - Stopping SCM MetadataStore.
2022-12-22 10:14:27,830 [Listener at 127.0.0.1/44055] INFO  ozone.MiniOzoneClusterImpl (MiniOzoneClusterImpl.java:stop(464)) - Stopping the Mini Ozone Cluster
2022-12-22 10:14:27,830 [Listener at 127.0.0.1/44055] INFO  ozone.MiniOzoneClusterImpl (MiniOzoneClusterImpl.java:stopDatanodes(523)) - Stopping the HddsDatanodes
2022-12-22 10:14:27,833 [ForkJoinPool.commonPool-worker-1] INFO  ozoneimpl.OzoneContainer (OzoneContainer.java:stop(417)) - Attempting to stop container services.
2022-12-22 10:14:27,834 [ForkJoinPool.commonPool-worker-1] INFO  server.RaftServer (RaftServerProxy.java:lambda$close$6(409)) - 291a3527-ed17-4a3a-8624-24363fd411c3: close
2022-12-22 10:14:27,834 [291a3527-ed17-4a3a-8624-24363fd411c3-impl-thread1] INFO  server.RaftServer$Division (RaftServerImpl.java:lambda$close$4(458)) - 291a3527-ed17-4a3a-8624-24363fd411c3@group-54A5CD49ABF0: shutdown
2022-12-22 10:14:27,834 [291a3527-ed17-4a3a-8624-24363fd411c3-impl-thread1] INFO  util.JmxRegister (JmxRegister.java:unregister(73)) - Successfully un-registered JMX Bean with object name Ratis:service=RaftServer,group=group-54A5CD49ABF0,id=291a3527-ed17-4a3a-8624-24363fd411c3
2022-12-22 10:14:27,834 [291a3527-ed17-4a3a-8624-24363fd411c3-impl-thread1] INFO  impl.RoleInfo (RoleInfo.java:shutdownLeaderState(93)) - 291a3527-ed17-4a3a-8624-24363fd411c3: shutdown 291a3527-ed17-4a3a-8624-24363fd411c3@group-54A5CD49ABF0-LeaderStateImpl
2022-12-22 10:14:27,834 [291a3527-ed17-4a3a-8624-24363fd411c3-impl-thread2] INFO  server.RaftServer$Division (RaftServerImpl.java:lambda$close$4(458)) - 291a3527-ed17-4a3a-8624-24363fd411c3@group-C94901C7DD98: shutdown
2022-12-22 10:14:27,834 [291a3527-ed17-4a3a-8624-24363fd411c3-impl-thread1] INFO  impl.PendingRequests (PendingRequests.java:sendNotLeaderResponses(282)) - 291a3527-ed17-4a3a-8624-24363fd411c3@group-54A5CD49ABF0-PendingRequests: sendNotLeaderResponses
2022-12-22 10:14:27,834 [291a3527-ed17-4a3a-8624-24363fd411c3-impl-thread2] INFO  util.JmxRegister (JmxRegister.java:unregister(73)) - Successfully un-registered JMX Bean with object name Ratis:service=RaftServer,group=group-C94901C7DD98,id=291a3527-ed17-4a3a-8624-24363fd411c3
2022-12-22 10:14:27,834 [291a3527-ed17-4a3a-8624-24363fd411c3-impl-thread2] INFO  impl.RoleInfo (RoleInfo.java:shutdownLeaderState(93)) - 291a3527-ed17-4a3a-8624-24363fd411c3: shutdown 291a3527-ed17-4a3a-8624-24363fd411c3@group-C94901C7DD98-LeaderStateImpl
2022-12-22 10:14:27,834 [ForkJoinPool.commonPool-worker-1] INFO  server.GrpcService (GrpcService.java:closeImpl(271)) - 291a3527-ed17-4a3a-8624-24363fd411c3: shutdown server GrpcServerProtocolService now
2022-12-22 10:14:27,834 [291a3527-ed17-4a3a-8624-24363fd411c3-impl-thread1] INFO  impl.StateMachineUpdater (StateMachineUpdater.java:stopAndJoin(153)) - 291a3527-ed17-4a3a-8624-24363fd411c3@group-54A5CD49ABF0-StateMachineUpdater: set stopIndex = 0
2022-12-22 10:14:27,834 [EndpointStateMachine task thread for /127.0.0.1:42129 - 0 ] INFO  ipc.Client (Client.java:handleConnectionFailure(1010)) - Retrying connect to server: localhost/127.0.0.1:42129. Already tried 1 time(s); retry policy is RetryUpToMaximumCountWithFixedSleep(maxRetries=15, sleepTime=1000 MILLISECONDS)
2022-12-22 10:14:27,835 [291a3527-ed17-4a3a-8624-24363fd411c3@group-54A5CD49ABF0-StateMachineUpdater] INFO  ratis.ContainerStateMachine (ContainerStateMachine.java:takeSnapshot(308)) - group-54A5CD49ABF0: Taking a snapshot at:(t:1, i:0) file /home/runner/work/ozone/ozone/hadoop-ozone/integration-test/target/test-dir/MiniOzoneClusterImpl-25092133-3ddf-4dd3-9c34-1a0a2119317e/datanode-0/data/ratis/c2f7e017-4690-431d-90a1-54a5cd49abf0/sm/snapshot.1_0
2022-12-22 10:14:27,837 [291a3527-ed17-4a3a-8624-24363fd411c3-impl-thread2] INFO  impl.PendingRequests (PendingRequests.java:sendNotLeaderResponses(282)) - 291a3527-ed17-4a3a-8624-24363fd411c3@group-C94901C7DD98-PendingRequests: sendNotLeaderResponses
2022-12-22 10:14:27,837 [291a3527-ed17-4a3a-8624-24363fd411c3-impl-thread2] INFO  impl.StateMachineUpdater (StateMachineUpdater.java:stopAndJoin(153)) - 291a3527-ed17-4a3a-8624-24363fd411c3@group-C94901C7DD98-StateMachineUpdater: set stopIndex = 0
2022-12-22 10:14:27,837 [291a3527-ed17-4a3a-8624-24363fd411c3-impl-thread3] INFO  server.RaftServer$Division (RaftServerImpl.java:lambda$close$4(458)) - 291a3527-ed17-4a3a-8624-24363fd411c3@group-7914C14C0878: shutdown
2022-12-22 10:14:27,837 [291a3527-ed17-4a3a-8624-24363fd411c3-impl-thread3] INFO  util.JmxRegister (JmxRegister.java:unregister(73)) - Successfully un-registered JMX Bean with object name Ratis:service=RaftServer,group=group-7914C14C0878,id=291a3527-ed17-4a3a-8624-24363fd411c3
2022-12-22 10:14:27,837 [291a3527-ed17-4a3a-8624-24363fd411c3@group-C94901C7DD98-StateMachineUpdater] INFO  ratis.ContainerStateMachine (ContainerStateMachine.java:takeSnapshot(308)) - group-C94901C7DD98: Taking a snapshot at:(t:1, i:0) file /home/runner/work/ozone/ozone/hadoop-ozone/integration-test/target/test-dir/MiniOzoneClusterImpl-25092133-3ddf-4dd3-9c34-1a0a2119317e/datanode-0/data/ratis/28e4aab7-5322-4c7f-a962-c94901c7dd98/sm/snapshot.1_0
2022-12-22 10:14:27,837 [291a3527-ed17-4a3a-8624-24363fd411c3-impl-thread3] INFO  impl.RoleInfo (RoleInfo.java:shutdownFollowerState(110)) - 291a3527-ed17-4a3a-8624-24363fd411c3: shutdown 291a3527-ed17-4a3a-8624-24363fd411c3@group-7914C14C0878-FollowerState
2022-12-22 10:14:27,837 [291a3527-ed17-4a3a-8624-24363fd411c3@group-7914C14C0878-FollowerState] INFO  impl.FollowerState (FollowerState.java:run(152)) - 291a3527-ed17-4a3a-8624-24363fd411c3@group-7914C14C0878-FollowerState was interrupted
2022-12-22 10:14:27,841 [grpc-default-executor-0] INFO  server.GrpcServerProtocolService (GrpcServerProtocolService.java:onCompleted(143)) - 9d8e2230-e250-45fc-b4c7-3e2f1170721a: Completed APPEND_ENTRIES, lastRequest: null
2022-12-22 10:14:27,842 [ForkJoinPool.commonPool-worker-1] INFO  server.GrpcServerProtocolClient (GrpcServerProtocolClient.java:close(101)) - 9d8e2230-e250-45fc-b4c7-3e2f1170721a Close channels
2022-12-22 10:14:27,844 [grpc-default-executor-1] INFO  server.GrpcServerProtocolService (GrpcServerProtocolService.java:onCompleted(143)) - 9d8e2230-e250-45fc-b4c7-3e2f1170721a: Completed APPEND_ENTRIES, lastRequest: 291a3527-ed17-4a3a-8624-24363fd411c3->9d8e2230-e250-45fc-b4c7-3e2f1170721a#1-t1,previous=(t:0, i:0),leaderCommit=0,initializing? true,entries: size=1, first=(t:1, i:0), CONFIGURATIONENTRY(current:id: "9d8e2230-e250-45fc-b4c7-3e2f1170721a"
address: "127.0.0.1:46029"
dataStreamAddress: "127.0.0.1:40427"
clientAddress: "127.0.0.1:46029"
adminAddress: "127.0.0.1:46029"
startupRole: FOLLOWER
,id: "c401f17a-f2cf-465b-91c0-943e82b6f11f"
address: "127.0.0.1:34811"
dataStreamAddress: "127.0.0.1:43401"
clientAddress: "127.0.0.1:34811"
adminAddress: "127.0.0.1:34811"
startupRole: FOLLOWER
,id: "291a3527-ed17-4a3a-8624-24363fd411c3"
address: "127.0.0.1:44335"
priority: 1
dataStreamAddress: "127.0.0.1:39683"
clientAddress: "127.0.0.1:44335"
adminAddress: "127.0.0.1:44335"
startupRole: FOLLOWER
, old:)
2022-12-22 10:14:27,845 [291a3527-ed17-4a3a-8624-24363fd411c3-impl-thread3] INFO  impl.StateMachineUpdater (StateMachineUpdater.java:stopAndJoin(153)) - 291a3527-ed17-4a3a-8624-24363fd411c3@group-7914C14C0878-StateMachineUpdater: set stopIndex = -1
2022-12-22 10:14:27,845 [291a3527-ed17-4a3a-8624-24363fd411c3-impl-thread3] INFO  server.RaftServer$Division (ServerState.java:close(466)) - 291a3527-ed17-4a3a-8624-24363fd411c3@group-7914C14C0878: closes. applyIndex: -1
2022-12-22 10:14:27,845 [291a3527-ed17-4a3a-8624-24363fd411c3@group-7914C14C0878-SegmentedRaftLogWorker] INFO  segmented.SegmentedRaftLogWorker (SegmentedRaftLogWorker.java:run(347)) - 291a3527-ed17-4a3a-8624-24363fd411c3@group-7914C14C0878-SegmentedRaftLogWorker was interrupted, exiting. There are 0 tasks remaining in the queue.
2022-12-22 10:14:27,847 [291a3527-ed17-4a3a-8624-24363fd411c3-impl-thread3] INFO  segmented.SegmentedRaftLogWorker (SegmentedRaftLogWorker.java:close(257)) - 291a3527-ed17-4a3a-8624-24363fd411c3@group-7914C14C0878-SegmentedRaftLogWorker close()
2022-12-22 10:14:27,848 [grpc-default-executor-0] INFO  server.GrpcServerProtocolService (GrpcServerProtocolService.java:onCompleted(143)) - c401f17a-f2cf-465b-91c0-943e82b6f11f: Completed APPEND_ENTRIES, lastRequest: null
2022-12-22 10:14:27,848 [grpc-default-executor-1] INFO  server.GrpcServerProtocolService (GrpcServerProtocolService.java:onCompleted(143)) - c401f17a-f2cf-465b-91c0-943e82b6f11f: Completed APPEND_ENTRIES, lastRequest: 291a3527-ed17-4a3a-8624-24363fd411c3->c401f17a-f2cf-465b-91c0-943e82b6f11f#1-t1,previous=(t:0, i:0),leaderCommit=0,initializing? true,entries: size=1, first=(t:1, i:0), CONFIGURATIONENTRY(current:id: "9d8e2230-e250-45fc-b4c7-3e2f1170721a"
address: "127.0.0.1:46029"
dataStreamAddress: "127.0.0.1:40427"
clientAddress: "127.0.0.1:46029"
adminAddress: "127.0.0.1:46029"
startupRole: FOLLOWER
,id: "c401f17a-f2cf-465b-91c0-943e82b6f11f"
address: "127.0.0.1:34811"
dataStreamAddress: "127.0.0.1:43401"
clientAddress: "127.0.0.1:34811"
adminAddress: "127.0.0.1:34811"
startupRole: FOLLOWER
,id: "291a3527-ed17-4a3a-8624-24363fd411c3"
address: "127.0.0.1:44335"
priority: 1
dataStreamAddress: "127.0.0.1:39683"
clientAddress: "127.0.0.1:44335"
adminAddress: "127.0.0.1:44335"
startupRole: FOLLOWER
, old:)
2022-12-22 10:14:27,853 [ForkJoinPool.commonPool-worker-1] INFO  server.GrpcServerProtocolClient (GrpcServerProtocolClient.java:close(101)) - c401f17a-f2cf-465b-91c0-943e82b6f11f Close channels
2022-12-22 10:14:27,859 [ForkJoinPool.commonPool-worker-1] INFO  server.GrpcService (GrpcService.java:closeImpl(280)) - 291a3527-ed17-4a3a-8624-24363fd411c3: shutdown server GrpcServerProtocolService successfully
2022-12-22 10:14:27,859 [291a3527-ed17-4a3a-8624-24363fd411c3-NettyServerStreamRpc-bossGroup--thread1] INFO  logging.LoggingHandler (AbstractInternalLogger.java:log(148)) - [id: 0x8498818a, L:/0:0:0:0:0:0:0:0:39683] CLOSE
2022-12-22 10:14:27,859 [291a3527-ed17-4a3a-8624-24363fd411c3-NettyServerStreamRpc-bossGroup--thread1] INFO  logging.LoggingHandler (AbstractInternalLogger.java:log(148)) - [id: 0x8498818a, L:/0:0:0:0:0:0:0:0:39683] INACTIVE
2022-12-22 10:14:27,859 [291a3527-ed17-4a3a-8624-24363fd411c3-NettyServerStreamRpc-bossGroup--thread1] INFO  logging.LoggingHandler (AbstractInternalLogger.java:log(148)) - [id: 0x8498818a, L:/0:0:0:0:0:0:0:0:39683] UNREGISTERED
2022-12-22 10:14:27,880 [291a3527-ed17-4a3a-8624-24363fd411c3@group-C94901C7DD98-StateMachineUpdater] INFO  ratis.ContainerStateMachine (ContainerStateMachine.java:takeSnapshot(319)) - group-C94901C7DD98: Finished taking a snapshot at:(t:1, i:0) file:/home/runner/work/ozone/ozone/hadoop-ozone/integration-test/target/test-dir/MiniOzoneClusterImpl-25092133-3ddf-4dd3-9c34-1a0a2119317e/datanode-0/data/ratis/28e4aab7-5322-4c7f-a962-c94901c7dd98/sm/snapshot.1_0 took: 43 ms
2022-12-22 10:14:27,880 [291a3527-ed17-4a3a-8624-24363fd411c3@group-54A5CD49ABF0-StateMachineUpdater] INFO  ratis.ContainerStateMachine (ContainerStateMachine.java:takeSnapshot(319)) - group-54A5CD49ABF0: Finished taking a snapshot at:(t:1, i:0) file:/home/runner/work/ozone/ozone/hadoop-ozone/integration-test/target/test-dir/MiniOzoneClusterImpl-25092133-3ddf-4dd3-9c34-1a0a2119317e/datanode-0/data/ratis/c2f7e017-4690-431d-90a1-54a5cd49abf0/sm/snapshot.1_0 took: 45 ms
2022-12-22 10:14:27,882 [291a3527-ed17-4a3a-8624-24363fd411c3@group-54A5CD49ABF0-StateMachineUpdater] INFO  impl.StateMachineUpdater (StateMachineUpdater.java:takeSnapshot(287)) - 291a3527-ed17-4a3a-8624-24363fd411c3@group-54A5CD49ABF0-StateMachineUpdater: Took a snapshot at index 0
2022-12-22 10:14:27,882 [291a3527-ed17-4a3a-8624-24363fd411c3@group-C94901C7DD98-StateMachineUpdater] INFO  impl.StateMachineUpdater (StateMachineUpdater.java:takeSnapshot(287)) - 291a3527-ed17-4a3a-8624-24363fd411c3@group-C94901C7DD98-StateMachineUpdater: Took a snapshot at index 0
2022-12-22 10:14:27,882 [291a3527-ed17-4a3a-8624-24363fd411c3@group-54A5CD49ABF0-StateMachineUpdater] INFO  impl.StateMachineUpdater (StateMachineUpdater.java:lambda$new$0(92)) - 291a3527-ed17-4a3a-8624-24363fd411c3@group-54A5CD49ABF0-StateMachineUpdater: snapshotIndex: updateIncreasingly -1 -> 0
2022-12-22 10:14:27,882 [291a3527-ed17-4a3a-8624-24363fd411c3@group-C94901C7DD98-StateMachineUpdater] INFO  impl.StateMachineUpdater (StateMachineUpdater.java:lambda$new$0(92)) - 291a3527-ed17-4a3a-8624-24363fd411c3@group-C94901C7DD98-StateMachineUpdater: snapshotIndex: updateIncreasingly -1 -> 0
2022-12-22 10:14:27,882 [291a3527-ed17-4a3a-8624-24363fd411c3-impl-thread2] INFO  server.RaftServer$Division (ServerState.java:close(466)) - 291a3527-ed17-4a3a-8624-24363fd411c3@group-C94901C7DD98: closes. applyIndex: 0
2022-12-22 10:14:27,882 [291a3527-ed17-4a3a-8624-24363fd411c3-impl-thread1] INFO  server.RaftServer$Division (ServerState.java:close(466)) - 291a3527-ed17-4a3a-8624-24363fd411c3@group-54A5CD49ABF0: closes. applyIndex: 0
2022-12-22 10:14:27,882 [291a3527-ed17-4a3a-8624-24363fd411c3@group-C94901C7DD98-SegmentedRaftLogWorker] INFO  segmented.SegmentedRaftLogWorker (SegmentedRaftLogWorker.java:run(347)) - 291a3527-ed17-4a3a-8624-24363fd411c3@group-C94901C7DD98-SegmentedRaftLogWorker was interrupted, exiting. There are 0 tasks remaining in the queue.
2022-12-22 10:14:27,882 [291a3527-ed17-4a3a-8624-24363fd411c3@group-54A5CD49ABF0-SegmentedRaftLogWorker] INFO  segmented.SegmentedRaftLogWorker (SegmentedRaftLogWorker.java:run(347)) - 291a3527-ed17-4a3a-8624-24363fd411c3@group-54A5CD49ABF0-SegmentedRaftLogWorker was interrupted, exiting. There are 0 tasks remaining in the queue.
2022-12-22 10:14:27,883 [291a3527-ed17-4a3a-8624-24363fd411c3-impl-thread1] INFO  segmented.SegmentedRaftLogWorker (SegmentedRaftLogWorker.java:close(257)) - 291a3527-ed17-4a3a-8624-24363fd411c3@group-54A5CD49ABF0-SegmentedRaftLogWorker close()
2022-12-22 10:14:27,883 [291a3527-ed17-4a3a-8624-24363fd411c3-impl-thread2] INFO  segmented.SegmentedRaftLogWorker (SegmentedRaftLogWorker.java:close(257)) - 291a3527-ed17-4a3a-8624-24363fd411c3@group-C94901C7DD98-SegmentedRaftLogWorker close()
2022-12-22 10:14:27,883 [JvmPauseMonitor5] INFO  util.JvmPauseMonitor (JvmPauseMonitor.java:run(111)) - JvmPauseMonitor-291a3527-ed17-4a3a-8624-24363fd411c3: Stopped
2022-12-22 10:14:28,097 [Listener at 127.0.0.1/44055] INFO  ozoneimpl.OzoneContainer (OzoneContainer.java:stop(417)) - Attempting to stop container services.
2022-12-22 10:14:28,098 [Listener at 127.0.0.1/44055] INFO  server.RaftServer (RaftServerProxy.java:lambda$close$6(409)) - c401f17a-f2cf-465b-91c0-943e82b6f11f: close
2022-12-22 10:14:28,098 [c401f17a-f2cf-465b-91c0-943e82b6f11f-impl-thread1] INFO  server.RaftServer$Division (RaftServerImpl.java:lambda$close$4(458)) - c401f17a-f2cf-465b-91c0-943e82b6f11f@group-113B51A5152A: shutdown
2022-12-22 10:14:28,098 [c401f17a-f2cf-465b-91c0-943e82b6f11f-impl-thread1] INFO  util.JmxRegister (JmxRegister.java:unregister(73)) - Successfully un-registered JMX Bean with object name Ratis:service=RaftServer,group=group-113B51A5152A,id=c401f17a-f2cf-465b-91c0-943e82b6f11f
2022-12-22 10:14:28,098 [c401f17a-f2cf-465b-91c0-943e82b6f11f-impl-thread1] INFO  impl.RoleInfo (RoleInfo.java:shutdownLeaderState(93)) - c401f17a-f2cf-465b-91c0-943e82b6f11f: shutdown c401f17a-f2cf-465b-91c0-943e82b6f11f@group-113B51A5152A-LeaderStateImpl
2022-12-22 10:14:28,098 [c401f17a-f2cf-465b-91c0-943e82b6f11f-impl-thread2] INFO  server.RaftServer$Division (RaftServerImpl.java:lambda$close$4(458)) - c401f17a-f2cf-465b-91c0-943e82b6f11f@group-C94901C7DD98: shutdown
2022-12-22 10:14:28,098 [c401f17a-f2cf-465b-91c0-943e82b6f11f-impl-thread1] INFO  impl.PendingRequests (PendingRequests.java:sendNotLeaderResponses(282)) - c401f17a-f2cf-465b-91c0-943e82b6f11f@group-113B51A5152A-PendingRequests: sendNotLeaderResponses
2022-12-22 10:14:28,098 [c401f17a-f2cf-465b-91c0-943e82b6f11f-impl-thread2] INFO  util.JmxRegister (JmxRegister.java:unregister(73)) - Successfully un-registered JMX Bean with object name Ratis:service=RaftServer,group=group-C94901C7DD98,id=c401f17a-f2cf-465b-91c0-943e82b6f11f
2022-12-22 10:14:28,098 [c401f17a-f2cf-465b-91c0-943e82b6f11f-impl-thread2] INFO  impl.RoleInfo (RoleInfo.java:shutdownFollowerState(110)) - c401f17a-f2cf-465b-91c0-943e82b6f11f: shutdown c401f17a-f2cf-465b-91c0-943e82b6f11f@group-C94901C7DD98-FollowerState
2022-12-22 10:14:28,098 [Listener at 127.0.0.1/44055] INFO  server.GrpcService (GrpcService.java:closeImpl(271)) - c401f17a-f2cf-465b-91c0-943e82b6f11f: shutdown server GrpcServerProtocolService now
2022-12-22 10:14:28,099 [c401f17a-f2cf-465b-91c0-943e82b6f11f@group-C94901C7DD98-StateMachineUpdater] INFO  ratis.ContainerStateMachine (ContainerStateMachine.java:takeSnapshot(308)) - group-C94901C7DD98: Taking a snapshot at:(t:1, i:0) file /home/runner/work/ozone/ozone/hadoop-ozone/integration-test/target/test-dir/MiniOzoneClusterImpl-25092133-3ddf-4dd3-9c34-1a0a2119317e/datanode-1/data/ratis/28e4aab7-5322-4c7f-a962-c94901c7dd98/sm/snapshot.1_0
2022-12-22 10:14:28,099 [c401f17a-f2cf-465b-91c0-943e82b6f11f@group-C94901C7DD98-FollowerState] INFO  impl.FollowerState (FollowerState.java:run(152)) - c401f17a-f2cf-465b-91c0-943e82b6f11f@group-C94901C7DD98-FollowerState was interrupted
2022-12-22 10:14:28,101 [c401f17a-f2cf-465b-91c0-943e82b6f11f-impl-thread2] INFO  impl.StateMachineUpdater (StateMachineUpdater.java:stopAndJoin(153)) - c401f17a-f2cf-465b-91c0-943e82b6f11f@group-C94901C7DD98-StateMachineUpdater: set stopIndex = 0
2022-12-22 10:14:28,101 [c401f17a-f2cf-465b-91c0-943e82b6f11f@group-C94901C7DD98-StateMachineUpdater] INFO  ratis.ContainerStateMachine (ContainerStateMachine.java:takeSnapshot(319)) - group-C94901C7DD98: Finished taking a snapshot at:(t:1, i:0) file:/home/runner/work/ozone/ozone/hadoop-ozone/integration-test/target/test-dir/MiniOzoneClusterImpl-25092133-3ddf-4dd3-9c34-1a0a2119317e/datanode-1/data/ratis/28e4aab7-5322-4c7f-a962-c94901c7dd98/sm/snapshot.1_0 took: 3 ms
2022-12-22 10:14:28,101 [c401f17a-f2cf-465b-91c0-943e82b6f11f@group-C94901C7DD98-StateMachineUpdater] INFO  impl.StateMachineUpdater (StateMachineUpdater.java:takeSnapshot(287)) - c401f17a-f2cf-465b-91c0-943e82b6f11f@group-C94901C7DD98-StateMachineUpdater: Took a snapshot at index 0
2022-12-22 10:14:28,101 [c401f17a-f2cf-465b-91c0-943e82b6f11f@group-C94901C7DD98-StateMachineUpdater] INFO  impl.StateMachineUpdater (StateMachineUpdater.java:lambda$new$0(92)) - c401f17a-f2cf-465b-91c0-943e82b6f11f@group-C94901C7DD98-StateMachineUpdater: snapshotIndex: updateIncreasingly -1 -> 0
2022-12-22 10:14:28,101 [c401f17a-f2cf-465b-91c0-943e82b6f11f-impl-thread3] INFO  server.RaftServer$Division (RaftServerImpl.java:lambda$close$4(458)) - c401f17a-f2cf-465b-91c0-943e82b6f11f@group-7914C14C0878: shutdown
2022-12-22 10:14:28,102 [c401f17a-f2cf-465b-91c0-943e82b6f11f-impl-thread3] INFO  util.JmxRegister (JmxRegister.java:unregister(73)) - Successfully un-registered JMX Bean with object name Ratis:service=RaftServer,group=group-7914C14C0878,id=c401f17a-f2cf-465b-91c0-943e82b6f11f
2022-12-22 10:14:28,102 [c401f17a-f2cf-465b-91c0-943e82b6f11f-impl-thread3] INFO  impl.RoleInfo (RoleInfo.java:shutdownFollowerState(110)) - c401f17a-f2cf-465b-91c0-943e82b6f11f: shutdown c401f17a-f2cf-465b-91c0-943e82b6f11f@group-7914C14C0878-FollowerState
2022-12-22 10:14:28,102 [c401f17a-f2cf-465b-91c0-943e82b6f11f-impl-thread3] INFO  impl.StateMachineUpdater (StateMachineUpdater.java:stopAndJoin(153)) - c401f17a-f2cf-465b-91c0-943e82b6f11f@group-7914C14C0878-StateMachineUpdater: set stopIndex = -1
2022-12-22 10:14:28,102 [c401f17a-f2cf-465b-91c0-943e82b6f11f-impl-thread2] INFO  server.RaftServer$Division (ServerState.java:close(466)) - c401f17a-f2cf-465b-91c0-943e82b6f11f@group-C94901C7DD98: closes. applyIndex: 0
2022-12-22 10:14:28,102 [c401f17a-f2cf-465b-91c0-943e82b6f11f@group-C94901C7DD98-SegmentedRaftLogWorker] INFO  segmented.SegmentedRaftLogWorker (SegmentedRaftLogWorker.java:run(347)) - c401f17a-f2cf-465b-91c0-943e82b6f11f@group-C94901C7DD98-SegmentedRaftLogWorker was interrupted, exiting. There are 0 tasks remaining in the queue.
2022-12-22 10:14:28,103 [c401f17a-f2cf-465b-91c0-943e82b6f11f@group-7914C14C0878-FollowerState] INFO  impl.FollowerState (FollowerState.java:run(152)) - c401f17a-f2cf-465b-91c0-943e82b6f11f@group-7914C14C0878-FollowerState was interrupted
2022-12-22 10:14:28,103 [c401f17a-f2cf-465b-91c0-943e82b6f11f-impl-thread3] INFO  server.RaftServer$Division (ServerState.java:close(466)) - c401f17a-f2cf-465b-91c0-943e82b6f11f@group-7914C14C0878: closes. applyIndex: -1
2022-12-22 10:14:28,104 [c401f17a-f2cf-465b-91c0-943e82b6f11f@group-7914C14C0878-SegmentedRaftLogWorker] INFO  segmented.SegmentedRaftLogWorker (SegmentedRaftLogWorker.java:run(347)) - c401f17a-f2cf-465b-91c0-943e82b6f11f@group-7914C14C0878-SegmentedRaftLogWorker was interrupted, exiting. There are 0 tasks remaining in the queue.
2022-12-22 10:14:28,104 [c401f17a-f2cf-465b-91c0-943e82b6f11f-impl-thread3] INFO  segmented.SegmentedRaftLogWorker (SegmentedRaftLogWorker.java:close(257)) - c401f17a-f2cf-465b-91c0-943e82b6f11f@group-7914C14C0878-SegmentedRaftLogWorker close()
2022-12-22 10:14:28,106 [grpc-default-executor-1] WARN  server.GrpcClientProtocolService (LogUtils.java:warn(122)) - 0-OrderedRequestStreamObserver0: onError: org.apache.ratis.thirdparty.io.grpc.StatusRuntimeException: CANCELLED: client cancelled
2022-12-22 10:14:28,109 [c401f17a-f2cf-465b-91c0-943e82b6f11f-impl-thread2] INFO  segmented.SegmentedRaftLogWorker (SegmentedRaftLogWorker.java:close(257)) - c401f17a-f2cf-465b-91c0-943e82b6f11f@group-C94901C7DD98-SegmentedRaftLogWorker close()
2022-12-22 10:14:28,109 [Listener at 127.0.0.1/44055] INFO  server.GrpcServerProtocolClient (GrpcServerProtocolClient.java:close(101)) - 9d8e2230-e250-45fc-b4c7-3e2f1170721a Close channels
2022-12-22 10:14:28,112 [c401f17a-f2cf-465b-91c0-943e82b6f11f-impl-thread1] INFO  impl.StateMachineUpdater (StateMachineUpdater.java:stopAndJoin(153)) - c401f17a-f2cf-465b-91c0-943e82b6f11f@group-113B51A5152A-StateMachineUpdater: set stopIndex = 3
2022-12-22 10:14:28,112 [Listener at 127.0.0.1/44055] INFO  server.GrpcServerProtocolClient (GrpcServerProtocolClient.java:close(101)) - 291a3527-ed17-4a3a-8624-24363fd411c3 Close channels
2022-12-22 10:14:28,113 [c401f17a-f2cf-465b-91c0-943e82b6f11f@group-113B51A5152A-StateMachineUpdater] INFO  ratis.ContainerStateMachine (ContainerStateMachine.java:takeSnapshot(308)) - group-113B51A5152A: Taking a snapshot at:(t:1, i:3) file /home/runner/work/ozone/ozone/hadoop-ozone/integration-test/target/test-dir/MiniOzoneClusterImpl-25092133-3ddf-4dd3-9c34-1a0a2119317e/datanode-1/data/ratis/9529daf3-e263-405b-a763-113b51a5152a/sm/snapshot.1_3
2022-12-22 10:14:28,117 [Listener at 127.0.0.1/44055] INFO  server.GrpcService (GrpcService.java:closeImpl(280)) - c401f17a-f2cf-465b-91c0-943e82b6f11f: shutdown server GrpcServerProtocolService successfully
2022-12-22 10:14:28,117 [c401f17a-f2cf-465b-91c0-943e82b6f11f-NettyServerStreamRpc-bossGroup--thread1] INFO  logging.LoggingHandler (AbstractInternalLogger.java:log(148)) - [id: 0x085a7e2d, L:/0:0:0:0:0:0:0:0:43401] CLOSE
2022-12-22 10:14:28,118 [c401f17a-f2cf-465b-91c0-943e82b6f11f-NettyServerStreamRpc-bossGroup--thread1] INFO  logging.LoggingHandler (AbstractInternalLogger.java:log(148)) - [id: 0x085a7e2d, L:/0:0:0:0:0:0:0:0:43401] INACTIVE
2022-12-22 10:14:28,118 [c401f17a-f2cf-465b-91c0-943e82b6f11f-NettyServerStreamRpc-bossGroup--thread1] INFO  logging.LoggingHandler (AbstractInternalLogger.java:log(148)) - [id: 0x085a7e2d, L:/0:0:0:0:0:0:0:0:43401] UNREGISTERED
2022-12-22 10:14:28,118 [c401f17a-f2cf-465b-91c0-943e82b6f11f@group-113B51A5152A-StateMachineUpdater] INFO  ratis.ContainerStateMachine (ContainerStateMachine.java:takeSnapshot(319)) - group-113B51A5152A: Finished taking a snapshot at:(t:1, i:3) file:/home/runner/work/ozone/ozone/hadoop-ozone/integration-test/target/test-dir/MiniOzoneClusterImpl-25092133-3ddf-4dd3-9c34-1a0a2119317e/datanode-1/data/ratis/9529daf3-e263-405b-a763-113b51a5152a/sm/snapshot.1_3 took: 6 ms
2022-12-22 10:14:28,119 [c401f17a-f2cf-465b-91c0-943e82b6f11f@group-113B51A5152A-StateMachineUpdater] INFO  impl.StateMachineUpdater (StateMachineUpdater.java:takeSnapshot(287)) - c401f17a-f2cf-465b-91c0-943e82b6f11f@group-113B51A5152A-StateMachineUpdater: Took a snapshot at index 3
2022-12-22 10:14:28,119 [c401f17a-f2cf-465b-91c0-943e82b6f11f@group-113B51A5152A-StateMachineUpdater] INFO  impl.StateMachineUpdater (StateMachineUpdater.java:lambda$new$0(92)) - c401f17a-f2cf-465b-91c0-943e82b6f11f@group-113B51A5152A-StateMachineUpdater: snapshotIndex: updateIncreasingly -1 -> 3
2022-12-22 10:14:28,119 [c401f17a-f2cf-465b-91c0-943e82b6f11f-impl-thread1] INFO  server.RaftServer$Division (ServerState.java:close(466)) - c401f17a-f2cf-465b-91c0-943e82b6f11f@group-113B51A5152A: closes. applyIndex: 3
2022-12-22 10:14:28,120 [c401f17a-f2cf-465b-91c0-943e82b6f11f@group-113B51A5152A-SegmentedRaftLogWorker] INFO  segmented.SegmentedRaftLogWorker (SegmentedRaftLogWorker.java:run(347)) - c401f17a-f2cf-465b-91c0-943e82b6f11f@group-113B51A5152A-SegmentedRaftLogWorker was interrupted, exiting. There are 0 tasks remaining in the queue.
2022-12-22 10:14:28,125 [c401f17a-f2cf-465b-91c0-943e82b6f11f-impl-thread1] INFO  segmented.SegmentedRaftLogWorker (SegmentedRaftLogWorker.java:close(257)) - c401f17a-f2cf-465b-91c0-943e82b6f11f@group-113B51A5152A-SegmentedRaftLogWorker close()
2022-12-22 10:14:28,127 [JvmPauseMonitor6] INFO  util.JvmPauseMonitor (JvmPauseMonitor.java:run(111)) - JvmPauseMonitor-c401f17a-f2cf-465b-91c0-943e82b6f11f: Stopped
2022-12-22 10:14:28,803 [9d8e2230-e250-45fc-b4c7-3e2f1170721a@group-7914C14C0878-FollowerState] INFO  impl.FollowerState (FollowerState.java:run(143)) - 9d8e2230-e250-45fc-b4c7-3e2f1170721a@group-7914C14C0878-FollowerState: change to CANDIDATE, lastRpcElapsedTime:5135144347ns, electionTimeout:5134ms
2022-12-22 10:14:28,803 [9d8e2230-e250-45fc-b4c7-3e2f1170721a@group-7914C14C0878-FollowerState] INFO  impl.RoleInfo (RoleInfo.java:shutdownFollowerState(110)) - 9d8e2230-e250-45fc-b4c7-3e2f1170721a: shutdown 9d8e2230-e250-45fc-b4c7-3e2f1170721a@group-7914C14C0878-FollowerState
2022-12-22 10:14:28,803 [9d8e2230-e250-45fc-b4c7-3e2f1170721a@group-7914C14C0878-FollowerState] INFO  server.RaftServer$Division (RaftServerImpl.java:setRole(321)) - 9d8e2230-e250-45fc-b4c7-3e2f1170721a@group-7914C14C0878: changes role from  FOLLOWER to CANDIDATE at term 4 for changeToCandidate
2022-12-22 10:14:28,803 [9d8e2230-e250-45fc-b4c7-3e2f1170721a@group-7914C14C0878-FollowerState] INFO  server.RaftServerConfigKeys (ConfUtils.java:logGet(46)) - raft.server.leaderelection.pre-vote = false (custom)
2022-12-22 10:14:28,803 [9d8e2230-e250-45fc-b4c7-3e2f1170721a@group-7914C14C0878-FollowerState] INFO  impl.RoleInfo (RoleInfo.java:updateAndGet(139)) - 9d8e2230-e250-45fc-b4c7-3e2f1170721a: start 9d8e2230-e250-45fc-b4c7-3e2f1170721a@group-7914C14C0878-LeaderElection13
2022-12-22 10:14:28,805 [9d8e2230-e250-45fc-b4c7-3e2f1170721a@group-7914C14C0878-LeaderElection13] INFO  impl.LeaderElection (LeaderElection.java:askForVotes(312)) - 9d8e2230-e250-45fc-b4c7-3e2f1170721a@group-7914C14C0878-LeaderElection13 ELECTION round 0: submit vote requests at term 5 for -1: peers:[9d8e2230-e250-45fc-b4c7-3e2f1170721a|rpc:127.0.0.1:46029|dataStream:127.0.0.1:40427|priority:1|startupRole:FOLLOWER, c401f17a-f2cf-465b-91c0-943e82b6f11f|rpc:127.0.0.1:34811|dataStream:127.0.0.1:43401|priority:0|startupRole:FOLLOWER, 291a3527-ed17-4a3a-8624-24363fd411c3|rpc:127.0.0.1:44335|dataStream:127.0.0.1:39683|priority:0|startupRole:FOLLOWER]|listeners:[], old=null
2022-12-22 10:14:28,805 [9d8e2230-e250-45fc-b4c7-3e2f1170721a@group-7914C14C0878-LeaderElection13] INFO  server.RaftServerConfigKeys (ConfUtils.java:logFallback(53)) - raft.server.rpc.first-election.timeout.min = 5s (fallback to raft.server.rpc.timeout.min)
2022-12-22 10:14:28,805 [9d8e2230-e250-45fc-b4c7-3e2f1170721a@group-7914C14C0878-LeaderElection13-1] INFO  server.GrpcServerProtocolClient (GrpcServerProtocolClient.java:<init>(63)) - Build channel for c401f17a-f2cf-465b-91c0-943e82b6f11f
2022-12-22 10:14:28,805 [9d8e2230-e250-45fc-b4c7-3e2f1170721a@group-7914C14C0878-LeaderElection13] INFO  server.RaftServerConfigKeys (ConfUtils.java:logFallback(53)) - raft.server.rpc.first-election.timeout.max = 5200ms (fallback to raft.server.rpc.timeout.max)
2022-12-22 10:14:28,806 [9d8e2230-e250-45fc-b4c7-3e2f1170721a@group-7914C14C0878-LeaderElection13-2] INFO  server.GrpcServerProtocolClient (GrpcServerProtocolClient.java:<init>(63)) - Build channel for 291a3527-ed17-4a3a-8624-24363fd411c3
2022-12-22 10:14:28,809 [9d8e2230-e250-45fc-b4c7-3e2f1170721a@group-7914C14C0878-LeaderElection13] INFO  impl.LeaderElection (LogUtils.java:infoOrTrace(137)) - 9d8e2230-e250-45fc-b4c7-3e2f1170721a@group-7914C14C0878-LeaderElection13 got exception when requesting votes: java.util.concurrent.ExecutionException: org.apache.ratis.thirdparty.io.grpc.StatusRuntimeException: UNAVAILABLE: io exception
2022-12-22 10:14:28,811 [9d8e2230-e250-45fc-b4c7-3e2f1170721a@group-7914C14C0878-LeaderElection13] INFO  impl.LeaderElection (LogUtils.java:infoOrTrace(137)) - 9d8e2230-e250-45fc-b4c7-3e2f1170721a@group-7914C14C0878-LeaderElection13 got exception when requesting votes: java.util.concurrent.ExecutionException: org.apache.ratis.thirdparty.io.grpc.StatusRuntimeException: UNAVAILABLE: io exception
2022-12-22 10:14:28,811 [9d8e2230-e250-45fc-b4c7-3e2f1170721a@group-7914C14C0878-LeaderElection13] INFO  impl.LeaderElection (LeaderElection.java:logAndReturn(90)) - 9d8e2230-e250-45fc-b4c7-3e2f1170721a@group-7914C14C0878-LeaderElection13: ELECTION REJECTED received 0 response(s) and 2 exception(s):
2022-12-22 10:14:28,811 [9d8e2230-e250-45fc-b4c7-3e2f1170721a@group-7914C14C0878-LeaderElection13] INFO  impl.LeaderElection (LogUtils.java:infoOrTrace(137)) -   Exception 0: java.util.concurrent.ExecutionException: org.apache.ratis.thirdparty.io.grpc.StatusRuntimeException: UNAVAILABLE: io exception
2022-12-22 10:14:28,811 [9d8e2230-e250-45fc-b4c7-3e2f1170721a@group-7914C14C0878-LeaderElection13] INFO  impl.LeaderElection (LogUtils.java:infoOrTrace(137)) -   Exception 1: java.util.concurrent.ExecutionException: org.apache.ratis.thirdparty.io.grpc.StatusRuntimeException: UNAVAILABLE: io exception
2022-12-22 10:14:28,811 [9d8e2230-e250-45fc-b4c7-3e2f1170721a@group-7914C14C0878-LeaderElection13] INFO  impl.LeaderElection (LeaderElection.java:askForVotes(314)) - 9d8e2230-e250-45fc-b4c7-3e2f1170721a@group-7914C14C0878-LeaderElection13 ELECTION round 0: result REJECTED
2022-12-22 10:14:28,811 [9d8e2230-e250-45fc-b4c7-3e2f1170721a@group-7914C14C0878-LeaderElection13] INFO  server.RaftServer$Division (RaftServerImpl.java:setRole(321)) - 9d8e2230-e250-45fc-b4c7-3e2f1170721a@group-7914C14C0878: changes role from CANDIDATE to FOLLOWER at term 5 for REJECTED
2022-12-22 10:14:28,811 [9d8e2230-e250-45fc-b4c7-3e2f1170721a@group-7914C14C0878-LeaderElection13] INFO  impl.RoleInfo (RoleInfo.java:shutdownLeaderElection(130)) - 9d8e2230-e250-45fc-b4c7-3e2f1170721a: shutdown 9d8e2230-e250-45fc-b4c7-3e2f1170721a@group-7914C14C0878-LeaderElection13
2022-12-22 10:14:28,811 [9d8e2230-e250-45fc-b4c7-3e2f1170721a@group-7914C14C0878-LeaderElection13] INFO  impl.RoleInfo (RoleInfo.java:updateAndGet(139)) - 9d8e2230-e250-45fc-b4c7-3e2f1170721a: start 9d8e2230-e250-45fc-b4c7-3e2f1170721a@group-7914C14C0878-FollowerState
2022-12-22 10:14:28,811 [9d8e2230-e250-45fc-b4c7-3e2f1170721a@group-7914C14C0878-FollowerState] INFO  server.RaftServerConfigKeys (ConfUtils.java:logFallback(53)) - raft.server.rpc.first-election.timeout.min = 5s (fallback to raft.server.rpc.timeout.min)
2022-12-22 10:14:28,811 [9d8e2230-e250-45fc-b4c7-3e2f1170721a@group-7914C14C0878-FollowerState] INFO  server.RaftServerConfigKeys (ConfUtils.java:logFallback(53)) - raft.server.rpc.first-election.timeout.max = 5200ms (fallback to raft.server.rpc.timeout.max)
2022-12-22 10:14:28,835 [EndpointStateMachine task thread for /127.0.0.1:42129 - 0 ] INFO  ipc.Client (Client.java:handleConnectionFailure(1010)) - Retrying connect to server: localhost/127.0.0.1:42129. Already tried 2 time(s); retry policy is RetryUpToMaximumCountWithFixedSleep(maxRetries=15, sleepTime=1000 MILLISECONDS)
2022-12-22 10:14:29,835 [EndpointStateMachine task thread for /127.0.0.1:42129 - 0 ] INFO  ipc.Client (Client.java:handleConnectionFailure(1010)) - Retrying connect to server: localhost/127.0.0.1:42129. Already tried 3 time(s); retry policy is RetryUpToMaximumCountWithFixedSleep(maxRetries=15, sleepTime=1000 MILLISECONDS)
2022-12-22 10:14:29,904 [ForkJoinPool.commonPool-worker-1] INFO  volume.HddsVolume (HddsVolume.java:closeDbStore(338)) - SchemaV3 db is stopped at /home/runner/work/ozone/ozone/hadoop-ozone/integration-test/target/test-dir/MiniOzoneClusterImpl-25092133-3ddf-4dd3-9c34-1a0a2119317e/datanode-0/data-0/containers/hdds/25092133-3ddf-4dd3-9c34-1a0a2119317e/DS-44d2d90a-7b4d-4693-8583-15e79f178715/container.db for volume DS-44d2d90a-7b4d-4693-8583-15e79f178715
2022-12-22 10:14:29,904 [ForkJoinPool.commonPool-worker-1] INFO  utils.BackgroundService (BackgroundService.java:shutdown(141)) - Shutting down service BlockDeletingService
2022-12-22 10:14:29,904 [ForkJoinPool.commonPool-worker-1] INFO  utils.BackgroundService (BackgroundService.java:shutdown(141)) - Shutting down service StaleRecoveringContainerScrubbingService
2022-12-22 10:14:29,906 [ForkJoinPool.commonPool-worker-1] INFO  statemachine.DatanodeStateMachine (DatanodeStateMachine.java:stopDaemon(596)) - Ozone container server stopped.
2022-12-22 10:14:29,915 [ForkJoinPool.commonPool-worker-1] INFO  handler.ContextHandler (ContextHandler.java:doStop(1159)) - Stopped o.e.j.w.WebAppContext@2042a26f{hddsDatanode,/,null,STOPPED}{jar:file:/home/runner/.m2/repository/org/apache/ozone/hdds-container-service/1.3.0-SNAPSHOT/hdds-container-service-1.3.0-SNAPSHOT.jar!/webapps/hddsDatanode}
2022-12-22 10:14:29,916 [ForkJoinPool.commonPool-worker-1] INFO  server.AbstractConnector (AbstractConnector.java:doStop(383)) - Stopped ServerConnector@31e376e4{HTTP/1.1, (http/1.1)}{0.0.0.0:0}
2022-12-22 10:14:29,916 [ForkJoinPool.commonPool-worker-1] INFO  server.session (HouseKeeper.java:stopScavenging(149)) - node0 Stopped scavenging
2022-12-22 10:14:29,917 [ForkJoinPool.commonPool-worker-1] INFO  handler.ContextHandler (ContextHandler.java:doStop(1159)) - Stopped o.e.j.s.ServletContextHandler@7038781f{static,/static,jar:file:/home/runner/.m2/repository/org/apache/ozone/hdds-container-service/1.3.0-SNAPSHOT/hdds-container-service-1.3.0-SNAPSHOT.jar!/webapps/static,STOPPED}
2022-12-22 10:14:29,919 [ForkJoinPool.commonPool-worker-1] INFO  handler.ContextHandler (ContextHandler.java:doStop(1159)) - Stopped o.e.j.s.ServletContextHandler@5c273b3e{logs,/logs,file:///home/runner/work/ozone/ozone/hadoop-ozone/integration-test/target/log,STOPPED}
2022-12-22 10:14:30,134 [Listener at 127.0.0.1/44055] INFO  volume.HddsVolume (HddsVolume.java:closeDbStore(338)) - SchemaV3 db is stopped at /home/runner/work/ozone/ozone/hadoop-ozone/integration-test/target/test-dir/MiniOzoneClusterImpl-25092133-3ddf-4dd3-9c34-1a0a2119317e/datanode-1/data-0/containers/hdds/25092133-3ddf-4dd3-9c34-1a0a2119317e/DS-fba21080-a58f-4b74-a901-8c2cf30545b6/container.db for volume DS-fba21080-a58f-4b74-a901-8c2cf30545b6
2022-12-22 10:14:30,134 [Listener at 127.0.0.1/44055] INFO  utils.BackgroundService (BackgroundService.java:shutdown(141)) - Shutting down service BlockDeletingService
2022-12-22 10:14:30,135 [Listener at 127.0.0.1/44055] INFO  utils.BackgroundService (BackgroundService.java:shutdown(141)) - Shutting down service StaleRecoveringContainerScrubbingService
2022-12-22 10:14:30,136 [Listener at 127.0.0.1/44055] INFO  statemachine.DatanodeStateMachine (DatanodeStateMachine.java:stopDaemon(596)) - Ozone container server stopped.
2022-12-22 10:14:30,145 [Listener at 127.0.0.1/44055] INFO  handler.ContextHandler (ContextHandler.java:doStop(1159)) - Stopped o.e.j.w.WebAppContext@1e22ff5f{hddsDatanode,/,null,STOPPED}{jar:file:/home/runner/.m2/repository/org/apache/ozone/hdds-container-service/1.3.0-SNAPSHOT/hdds-container-service-1.3.0-SNAPSHOT.jar!/webapps/hddsDatanode}
2022-12-22 10:14:30,146 [Listener at 127.0.0.1/44055] INFO  server.AbstractConnector (AbstractConnector.java:doStop(383)) - Stopped ServerConnector@22b5f886{HTTP/1.1, (http/1.1)}{0.0.0.0:0}
2022-12-22 10:14:30,146 [Listener at 127.0.0.1/44055] INFO  server.session (HouseKeeper.java:stopScavenging(149)) - node0 Stopped scavenging
2022-12-22 10:14:30,147 [Listener at 127.0.0.1/44055] INFO  handler.ContextHandler (ContextHandler.java:doStop(1159)) - Stopped o.e.j.s.ServletContextHandler@5fa70745{static,/static,jar:file:/home/runner/.m2/repository/org/apache/ozone/hdds-container-service/1.3.0-SNAPSHOT/hdds-container-service-1.3.0-SNAPSHOT.jar!/webapps/static,STOPPED}
2022-12-22 10:14:30,147 [Listener at 127.0.0.1/44055] INFO  handler.ContextHandler (ContextHandler.java:doStop(1159)) - Stopped o.e.j.s.ServletContextHandler@2ab8fb0d{logs,/logs,file:///home/runner/work/ozone/ozone/hadoop-ozone/integration-test/target/log,STOPPED}
2022-12-22 10:14:30,607 [ForkJoinPool.commonPool-worker-1] INFO  ozoneimpl.OzoneContainer (OzoneContainer.java:stop(417)) - Attempting to stop container services.
2022-12-22 10:14:30,607 [ForkJoinPool.commonPool-worker-1] INFO  server.RaftServer (RaftServerProxy.java:lambda$close$6(409)) - 9d8e2230-e250-45fc-b4c7-3e2f1170721a: close
2022-12-22 10:14:30,608 [9d8e2230-e250-45fc-b4c7-3e2f1170721a-impl-thread1] INFO  server.RaftServer$Division (RaftServerImpl.java:lambda$close$4(458)) - 9d8e2230-e250-45fc-b4c7-3e2f1170721a@group-C94901C7DD98: shutdown
2022-12-22 10:14:30,608 [9d8e2230-e250-45fc-b4c7-3e2f1170721a-impl-thread1] INFO  util.JmxRegister (JmxRegister.java:unregister(73)) - Successfully un-registered JMX Bean with object name Ratis:service=RaftServer,group=group-C94901C7DD98,id=9d8e2230-e250-45fc-b4c7-3e2f1170721a
2022-12-22 10:14:30,608 [9d8e2230-e250-45fc-b4c7-3e2f1170721a-impl-thread1] INFO  impl.RoleInfo (RoleInfo.java:shutdownFollowerState(110)) - 9d8e2230-e250-45fc-b4c7-3e2f1170721a: shutdown 9d8e2230-e250-45fc-b4c7-3e2f1170721a@group-C94901C7DD98-FollowerState
2022-12-22 10:14:30,608 [9d8e2230-e250-45fc-b4c7-3e2f1170721a-impl-thread2] INFO  server.RaftServer$Division (RaftServerImpl.java:lambda$close$4(458)) - 9d8e2230-e250-45fc-b4c7-3e2f1170721a@group-7914C14C0878: shutdown
2022-12-22 10:14:30,608 [ForkJoinPool.commonPool-worker-1] INFO  server.GrpcService (GrpcService.java:closeImpl(271)) - 9d8e2230-e250-45fc-b4c7-3e2f1170721a: shutdown server GrpcServerProtocolService now
2022-12-22 10:14:30,608 [9d8e2230-e250-45fc-b4c7-3e2f1170721a-impl-thread2] INFO  util.JmxRegister (JmxRegister.java:unregister(73)) - Successfully un-registered JMX Bean with object name Ratis:service=RaftServer,group=group-7914C14C0878,id=9d8e2230-e250-45fc-b4c7-3e2f1170721a
2022-12-22 10:14:30,608 [9d8e2230-e250-45fc-b4c7-3e2f1170721a-impl-thread1] INFO  impl.StateMachineUpdater (StateMachineUpdater.java:stopAndJoin(153)) - 9d8e2230-e250-45fc-b4c7-3e2f1170721a@group-C94901C7DD98-StateMachineUpdater: set stopIndex = 0
2022-12-22 10:14:30,608 [9d8e2230-e250-45fc-b4c7-3e2f1170721a-impl-thread2] INFO  impl.RoleInfo (RoleInfo.java:shutdownFollowerState(110)) - 9d8e2230-e250-45fc-b4c7-3e2f1170721a: shutdown 9d8e2230-e250-45fc-b4c7-3e2f1170721a@group-7914C14C0878-FollowerState
2022-12-22 10:14:30,611 [9d8e2230-e250-45fc-b4c7-3e2f1170721a-impl-thread2] INFO  impl.StateMachineUpdater (StateMachineUpdater.java:stopAndJoin(153)) - 9d8e2230-e250-45fc-b4c7-3e2f1170721a@group-7914C14C0878-StateMachineUpdater: set stopIndex = -1
2022-12-22 10:14:30,611 [9d8e2230-e250-45fc-b4c7-3e2f1170721a@group-7914C14C0878-FollowerState] INFO  impl.FollowerState (FollowerState.java:run(152)) - 9d8e2230-e250-45fc-b4c7-3e2f1170721a@group-7914C14C0878-FollowerState was interrupted
2022-12-22 10:14:30,611 [9d8e2230-e250-45fc-b4c7-3e2f1170721a-impl-thread3] INFO  server.RaftServer$Division (RaftServerImpl.java:lambda$close$4(458)) - 9d8e2230-e250-45fc-b4c7-3e2f1170721a@group-351C805F3FD3: shutdown
2022-12-22 10:14:30,611 [9d8e2230-e250-45fc-b4c7-3e2f1170721a@group-C94901C7DD98-FollowerState] INFO  impl.FollowerState (FollowerState.java:run(152)) - 9d8e2230-e250-45fc-b4c7-3e2f1170721a@group-C94901C7DD98-FollowerState was interrupted
2022-12-22 10:14:30,611 [ForkJoinPool.commonPool-worker-1] INFO  server.GrpcServerProtocolClient (GrpcServerProtocolClient.java:close(101)) - c401f17a-f2cf-465b-91c0-943e82b6f11f Close channels
2022-12-22 10:14:30,611 [9d8e2230-e250-45fc-b4c7-3e2f1170721a@group-C94901C7DD98-StateMachineUpdater] INFO  ratis.ContainerStateMachine (ContainerStateMachine.java:takeSnapshot(308)) - group-C94901C7DD98: Taking a snapshot at:(t:1, i:0) file /home/runner/work/ozone/ozone/hadoop-ozone/integration-test/target/test-dir/MiniOzoneClusterImpl-25092133-3ddf-4dd3-9c34-1a0a2119317e/datanode-2/data/ratis/28e4aab7-5322-4c7f-a962-c94901c7dd98/sm/snapshot.1_0
2022-12-22 10:14:30,612 [9d8e2230-e250-45fc-b4c7-3e2f1170721a-impl-thread3] INFO  util.JmxRegister (JmxRegister.java:unregister(73)) - Successfully un-registered JMX Bean with object name Ratis:service=RaftServer,group=group-351C805F3FD3,id=9d8e2230-e250-45fc-b4c7-3e2f1170721a
2022-12-22 10:14:30,613 [9d8e2230-e250-45fc-b4c7-3e2f1170721a-impl-thread3] INFO  impl.RoleInfo (RoleInfo.java:shutdownLeaderState(93)) - 9d8e2230-e250-45fc-b4c7-3e2f1170721a: shutdown 9d8e2230-e250-45fc-b4c7-3e2f1170721a@group-351C805F3FD3-LeaderStateImpl
2022-12-22 10:14:30,613 [9d8e2230-e250-45fc-b4c7-3e2f1170721a-impl-thread3] INFO  impl.PendingRequests (PendingRequests.java:sendNotLeaderResponses(282)) - 9d8e2230-e250-45fc-b4c7-3e2f1170721a@group-351C805F3FD3-PendingRequests: sendNotLeaderResponses
2022-12-22 10:14:30,613 [ForkJoinPool.commonPool-worker-1] INFO  server.GrpcServerProtocolClient (GrpcServerProtocolClient.java:close(101)) - 291a3527-ed17-4a3a-8624-24363fd411c3 Close channels
2022-12-22 10:14:30,611 [9d8e2230-e250-45fc-b4c7-3e2f1170721a-impl-thread2] INFO  server.RaftServer$Division (ServerState.java:close(466)) - 9d8e2230-e250-45fc-b4c7-3e2f1170721a@group-7914C14C0878: closes. applyIndex: -1
2022-12-22 10:14:30,613 [9d8e2230-e250-45fc-b4c7-3e2f1170721a-impl-thread3] INFO  impl.StateMachineUpdater (StateMachineUpdater.java:stopAndJoin(153)) - 9d8e2230-e250-45fc-b4c7-3e2f1170721a@group-351C805F3FD3-StateMachineUpdater: set stopIndex = 0
2022-12-22 10:14:30,613 [9d8e2230-e250-45fc-b4c7-3e2f1170721a@group-7914C14C0878-SegmentedRaftLogWorker] INFO  segmented.SegmentedRaftLogWorker (SegmentedRaftLogWorker.java:run(347)) - 9d8e2230-e250-45fc-b4c7-3e2f1170721a@group-7914C14C0878-SegmentedRaftLogWorker was interrupted, exiting. There are 0 tasks remaining in the queue.
2022-12-22 10:14:30,613 [9d8e2230-e250-45fc-b4c7-3e2f1170721a-impl-thread2] INFO  segmented.SegmentedRaftLogWorker (SegmentedRaftLogWorker.java:close(257)) - 9d8e2230-e250-45fc-b4c7-3e2f1170721a@group-7914C14C0878-SegmentedRaftLogWorker close()
2022-12-22 10:14:30,614 [9d8e2230-e250-45fc-b4c7-3e2f1170721a@group-351C805F3FD3-StateMachineUpdater] INFO  ratis.ContainerStateMachine (ContainerStateMachine.java:takeSnapshot(308)) - group-351C805F3FD3: Taking a snapshot at:(t:1, i:0) file /home/runner/work/ozone/ozone/hadoop-ozone/integration-test/target/test-dir/MiniOzoneClusterImpl-25092133-3ddf-4dd3-9c34-1a0a2119317e/datanode-2/data/ratis/d1f38191-d1b5-47b1-a059-351c805f3fd3/sm/snapshot.1_0
2022-12-22 10:14:30,614 [9d8e2230-e250-45fc-b4c7-3e2f1170721a@group-C94901C7DD98-StateMachineUpdater] INFO  ratis.ContainerStateMachine (ContainerStateMachine.java:takeSnapshot(319)) - group-C94901C7DD98: Finished taking a snapshot at:(t:1, i:0) file:/home/runner/work/ozone/ozone/hadoop-ozone/integration-test/target/test-dir/MiniOzoneClusterImpl-25092133-3ddf-4dd3-9c34-1a0a2119317e/datanode-2/data/ratis/28e4aab7-5322-4c7f-a962-c94901c7dd98/sm/snapshot.1_0 took: 3 ms
2022-12-22 10:14:30,614 [9d8e2230-e250-45fc-b4c7-3e2f1170721a@group-C94901C7DD98-StateMachineUpdater] INFO  impl.StateMachineUpdater (StateMachineUpdater.java:takeSnapshot(287)) - 9d8e2230-e250-45fc-b4c7-3e2f1170721a@group-C94901C7DD98-StateMachineUpdater: Took a snapshot at index 0
2022-12-22 10:14:30,614 [9d8e2230-e250-45fc-b4c7-3e2f1170721a@group-C94901C7DD98-StateMachineUpdater] INFO  impl.StateMachineUpdater (StateMachineUpdater.java:lambda$new$0(92)) - 9d8e2230-e250-45fc-b4c7-3e2f1170721a@group-C94901C7DD98-StateMachineUpdater: snapshotIndex: updateIncreasingly -1 -> 0
2022-12-22 10:14:30,614 [9d8e2230-e250-45fc-b4c7-3e2f1170721a-impl-thread1] INFO  server.RaftServer$Division (ServerState.java:close(466)) - 9d8e2230-e250-45fc-b4c7-3e2f1170721a@group-C94901C7DD98: closes. applyIndex: 0
2022-12-22 10:14:30,614 [9d8e2230-e250-45fc-b4c7-3e2f1170721a@group-351C805F3FD3-StateMachineUpdater] INFO  ratis.ContainerStateMachine (ContainerStateMachine.java:takeSnapshot(319)) - group-351C805F3FD3: Finished taking a snapshot at:(t:1, i:0) file:/home/runner/work/ozone/ozone/hadoop-ozone/integration-test/target/test-dir/MiniOzoneClusterImpl-25092133-3ddf-4dd3-9c34-1a0a2119317e/datanode-2/data/ratis/d1f38191-d1b5-47b1-a059-351c805f3fd3/sm/snapshot.1_0 took: 1 ms
2022-12-22 10:14:30,615 [9d8e2230-e250-45fc-b4c7-3e2f1170721a@group-C94901C7DD98-SegmentedRaftLogWorker] INFO  segmented.SegmentedRaftLogWorker (SegmentedRaftLogWorker.java:run(347)) - 9d8e2230-e250-45fc-b4c7-3e2f1170721a@group-C94901C7DD98-SegmentedRaftLogWorker was interrupted, exiting. There are 0 tasks remaining in the queue.
2022-12-22 10:14:30,615 [9d8e2230-e250-45fc-b4c7-3e2f1170721a@group-351C805F3FD3-StateMachineUpdater] INFO  impl.StateMachineUpdater (StateMachineUpdater.java:takeSnapshot(287)) - 9d8e2230-e250-45fc-b4c7-3e2f1170721a@group-351C805F3FD3-StateMachineUpdater: Took a snapshot at index 0
2022-12-22 10:14:30,615 [9d8e2230-e250-45fc-b4c7-3e2f1170721a@group-351C805F3FD3-StateMachineUpdater] INFO  impl.StateMachineUpdater (StateMachineUpdater.java:lambda$new$0(92)) - 9d8e2230-e250-45fc-b4c7-3e2f1170721a@group-351C805F3FD3-StateMachineUpdater: snapshotIndex: updateIncreasingly -1 -> 0
2022-12-22 10:14:30,615 [ForkJoinPool.commonPool-worker-1] INFO  server.GrpcService (GrpcService.java:closeImpl(280)) - 9d8e2230-e250-45fc-b4c7-3e2f1170721a: shutdown server GrpcServerProtocolService successfully
2022-12-22 10:14:30,615 [9d8e2230-e250-45fc-b4c7-3e2f1170721a-NettyServerStreamRpc-bossGroup--thread1] INFO  logging.LoggingHandler (AbstractInternalLogger.java:log(148)) - [id: 0x09ac9c2c, L:/0:0:0:0:0:0:0:0:40427] CLOSE
2022-12-22 10:14:30,615 [9d8e2230-e250-45fc-b4c7-3e2f1170721a-NettyServerStreamRpc-bossGroup--thread1] INFO  logging.LoggingHandler (AbstractInternalLogger.java:log(148)) - [id: 0x09ac9c2c, L:/0:0:0:0:0:0:0:0:40427] INACTIVE
2022-12-22 10:14:30,615 [9d8e2230-e250-45fc-b4c7-3e2f1170721a-NettyServerStreamRpc-bossGroup--thread1] INFO  logging.LoggingHandler (AbstractInternalLogger.java:log(148)) - [id: 0x09ac9c2c, L:/0:0:0:0:0:0:0:0:40427] UNREGISTERED
2022-12-22 10:14:30,617 [9d8e2230-e250-45fc-b4c7-3e2f1170721a-impl-thread3] INFO  server.RaftServer$Division (ServerState.java:close(466)) - 9d8e2230-e250-45fc-b4c7-3e2f1170721a@group-351C805F3FD3: closes. applyIndex: 0
2022-12-22 10:14:30,621 [9d8e2230-e250-45fc-b4c7-3e2f1170721a@group-351C805F3FD3-SegmentedRaftLogWorker] INFO  segmented.SegmentedRaftLogWorker (SegmentedRaftLogWorker.java:run(347)) - 9d8e2230-e250-45fc-b4c7-3e2f1170721a@group-351C805F3FD3-SegmentedRaftLogWorker was interrupted, exiting. There are 0 tasks remaining in the queue.
2022-12-22 10:14:30,622 [9d8e2230-e250-45fc-b4c7-3e2f1170721a-impl-thread1] INFO  segmented.SegmentedRaftLogWorker (SegmentedRaftLogWorker.java:close(257)) - 9d8e2230-e250-45fc-b4c7-3e2f1170721a@group-C94901C7DD98-SegmentedRaftLogWorker close()
2022-12-22 10:14:30,622 [9d8e2230-e250-45fc-b4c7-3e2f1170721a-impl-thread3] INFO  segmented.SegmentedRaftLogWorker (SegmentedRaftLogWorker.java:close(257)) - 9d8e2230-e250-45fc-b4c7-3e2f1170721a@group-351C805F3FD3-SegmentedRaftLogWorker close()
2022-12-22 10:14:30,623 [JvmPauseMonitor7] INFO  util.JvmPauseMonitor (JvmPauseMonitor.java:run(111)) - JvmPauseMonitor-9d8e2230-e250-45fc-b4c7-3e2f1170721a: Stopped
2022-12-22 10:14:30,836 [EndpointStateMachine task thread for /127.0.0.1:42129 - 0 ] INFO  ipc.Client (Client.java:handleConnectionFailure(1010)) - Retrying connect to server: localhost/127.0.0.1:42129. Already tried 4 time(s); retry policy is RetryUpToMaximumCountWithFixedSleep(maxRetries=15, sleepTime=1000 MILLISECONDS)
2022-12-22 10:14:31,837 [EndpointStateMachine task thread for /127.0.0.1:42129 - 0 ] INFO  ipc.Client (Client.java:handleConnectionFailure(1010)) - Retrying connect to server: localhost/127.0.0.1:42129. Already tried 5 time(s); retry policy is RetryUpToMaximumCountWithFixedSleep(maxRetries=15, sleepTime=1000 MILLISECONDS)
2022-12-22 10:14:32,627 [ForkJoinPool.commonPool-worker-1] INFO  volume.HddsVolume (HddsVolume.java:closeDbStore(338)) - SchemaV3 db is stopped at /home/runner/work/ozone/ozone/hadoop-ozone/integration-test/target/test-dir/MiniOzoneClusterImpl-25092133-3ddf-4dd3-9c34-1a0a2119317e/datanode-2/data-0/containers/hdds/25092133-3ddf-4dd3-9c34-1a0a2119317e/DS-65b4f4e9-acbc-40b7-8a55-f6c509b8fdfc/container.db for volume DS-65b4f4e9-acbc-40b7-8a55-f6c509b8fdfc
2022-12-22 10:14:32,627 [ForkJoinPool.commonPool-worker-1] INFO  utils.BackgroundService (BackgroundService.java:shutdown(141)) - Shutting down service BlockDeletingService
2022-12-22 10:14:32,629 [ForkJoinPool.commonPool-worker-1] INFO  utils.BackgroundService (BackgroundService.java:shutdown(141)) - Shutting down service StaleRecoveringContainerScrubbingService
2022-12-22 10:14:32,633 [ForkJoinPool.commonPool-worker-1] INFO  statemachine.DatanodeStateMachine (DatanodeStateMachine.java:stopDaemon(596)) - Ozone container server stopped.
2022-12-22 10:14:32,643 [ForkJoinPool.commonPool-worker-1] INFO  handler.ContextHandler (ContextHandler.java:doStop(1159)) - Stopped o.e.j.w.WebAppContext@182a8bf8{hddsDatanode,/,null,STOPPED}{jar:file:/home/runner/.m2/repository/org/apache/ozone/hdds-container-service/1.3.0-SNAPSHOT/hdds-container-service-1.3.0-SNAPSHOT.jar!/webapps/hddsDatanode}
2022-12-22 10:14:32,643 [ForkJoinPool.commonPool-worker-1] INFO  server.AbstractConnector (AbstractConnector.java:doStop(383)) - Stopped ServerConnector@1a4589e9{HTTP/1.1, (http/1.1)}{0.0.0.0:0}
2022-12-22 10:14:32,643 [ForkJoinPool.commonPool-worker-1] INFO  server.session (HouseKeeper.java:stopScavenging(149)) - node0 Stopped scavenging
2022-12-22 10:14:32,644 [ForkJoinPool.commonPool-worker-1] INFO  handler.ContextHandler (ContextHandler.java:doStop(1159)) - Stopped o.e.j.s.ServletContextHandler@5195b6bc{static,/static,jar:file:/home/runner/.m2/repository/org/apache/ozone/hdds-container-service/1.3.0-SNAPSHOT/hdds-container-service-1.3.0-SNAPSHOT.jar!/webapps/static,STOPPED}
2022-12-22 10:14:32,645 [ForkJoinPool.commonPool-worker-1] INFO  handler.ContextHandler (ContextHandler.java:doStop(1159)) - Stopped o.e.j.s.ServletContextHandler@21bac1a8{logs,/logs,file:///home/runner/work/ozone/ozone/hadoop-ozone/integration-test/target/log,STOPPED}
]]></system-out>
  </testcase>
  <testcase name="testBootstrap" classname="org.apache.hadoop.ozone.om.TestAddRemoveOzoneManager" time="35.403">
    <error type="java.io.IOException"><![CDATA[java.io.IOException: Failed init RocksDB, db path : /home/runner/work/ozone/ozone/hadoop-ozone/integration-test/target/test-dir/MiniOzoneClusterImpl-e8789b07-7928-40b5-ad88-551b1740a89b/omNode-bootstrap-2/om.db, exception :org.rocksdb.RocksDBException lock hold by current process, acquire time 1671704101 acquiring thread 140300937279232: /home/runner/work/ozone/ozone/hadoop-ozone/integration-test/target/test-dir/MiniOzoneClusterImpl-e8789b07-7928-40b5-ad88-551b1740a89b/omNode-bootstrap-2/om.db/LOCK: No locks available
	at org.apache.hadoop.hdds.utils.db.RDBStore.<init>(RDBStore.java:123)
	at org.apache.hadoop.hdds.utils.db.DBStoreBuilder.build(DBStoreBuilder.java:191)
	at org.apache.hadoop.ozone.om.OmMetadataManagerImpl.loadDB(OmMetadataManagerImpl.java:425)
	at org.apache.hadoop.ozone.om.OmMetadataManagerImpl.loadDB(OmMetadataManagerImpl.java:415)
	at org.apache.hadoop.ozone.om.OmMetadataManagerImpl.start(OmMetadataManagerImpl.java:407)
	at org.apache.hadoop.ozone.om.OmMetadataManagerImpl.<init>(OmMetadataManagerImpl.java:275)
	at org.apache.hadoop.ozone.om.OzoneManager.instantiateServices(OzoneManager.java:716)
	at org.apache.hadoop.ozone.om.OzoneManager.<init>(OzoneManager.java:596)
	at org.apache.hadoop.ozone.om.OzoneManager.createOm(OzoneManager.java:687)
	at org.apache.hadoop.ozone.MiniOzoneHAClusterImpl.bootstrapNewOM(MiniOzoneHAClusterImpl.java:864)
	at org.apache.hadoop.ozone.MiniOzoneHAClusterImpl.bootstrapOzoneManager(MiniOzoneHAClusterImpl.java:780)
	at org.apache.hadoop.ozone.MiniOzoneHAClusterImpl.bootstrapOzoneManager(MiniOzoneHAClusterImpl.java:746)
	at org.apache.hadoop.ozone.om.TestAddRemoveOzoneManager.testBootstrapOMs(TestAddRemoveOzoneManager.java:159)
	at org.apache.hadoop.ozone.om.TestAddRemoveOzoneManager.testBootstrap(TestAddRemoveOzoneManager.java:177)
	at sun.reflect.NativeMethodAccessorImpl.invoke0(Native Method)
	at sun.reflect.NativeMethodAccessorImpl.invoke(NativeMethodAccessorImpl.java:62)
	at sun.reflect.DelegatingMethodAccessorImpl.invoke(DelegatingMethodAccessorImpl.java:43)
	at java.lang.reflect.Method.invoke(Method.java:498)
	at org.junit.platform.commons.util.ReflectionUtils.invokeMethod(ReflectionUtils.java:725)
	at org.junit.jupiter.engine.execution.MethodInvocation.proceed(MethodInvocation.java:60)
	at org.junit.jupiter.engine.execution.InvocationInterceptorChain$ValidatingInvocation.proceed(InvocationInterceptorChain.java:131)
	at org.junit.jupiter.engine.extension.TimeoutInvocation.proceed(TimeoutInvocation.java:46)
	at org.junit.jupiter.engine.extension.TimeoutExtension.intercept(TimeoutExtension.java:149)
	at org.junit.jupiter.engine.extension.TimeoutExtension.interceptTestableMethod(TimeoutExtension.java:140)
	at org.junit.jupiter.engine.extension.TimeoutExtension.interceptTestMethod(TimeoutExtension.java:84)
	at org.junit.jupiter.engine.execution.ExecutableInvoker$ReflectiveInterceptorCall.lambda$ofVoidMethod$0(ExecutableInvoker.java:115)
	at org.junit.jupiter.engine.execution.ExecutableInvoker.lambda$invoke$0(ExecutableInvoker.java:105)
	at org.junit.jupiter.engine.execution.InvocationInterceptorChain$InterceptedInvocation.proceed(InvocationInterceptorChain.java:106)
	at org.junit.jupiter.engine.execution.InvocationInterceptorChain.proceed(InvocationInterceptorChain.java:64)
	at org.junit.jupiter.engine.execution.InvocationInterceptorChain.chainAndInvoke(InvocationInterceptorChain.java:45)
	at org.junit.jupiter.engine.execution.InvocationInterceptorChain.invoke(InvocationInterceptorChain.java:37)
	at org.junit.jupiter.engine.execution.ExecutableInvoker.invoke(ExecutableInvoker.java:104)
	at org.junit.jupiter.engine.execution.ExecutableInvoker.invoke(ExecutableInvoker.java:98)
	at org.junit.jupiter.engine.descriptor.TestMethodTestDescriptor.lambda$invokeTestMethod$7(TestMethodTestDescriptor.java:214)
	at org.junit.platform.engine.support.hierarchical.ThrowableCollector.execute(ThrowableCollector.java:73)
	at org.junit.jupiter.engine.descriptor.TestMethodTestDescriptor.invokeTestMethod(TestMethodTestDescriptor.java:210)
	at org.junit.jupiter.engine.descriptor.TestMethodTestDescriptor.execute(TestMethodTestDescriptor.java:135)
	at org.junit.jupiter.engine.descriptor.TestMethodTestDescriptor.execute(TestMethodTestDescriptor.java:66)
	at org.junit.platform.engine.support.hierarchical.NodeTestTask.lambda$executeRecursively$6(NodeTestTask.java:151)
	at org.junit.platform.engine.support.hierarchical.ThrowableCollector.execute(ThrowableCollector.java:73)
	at org.junit.platform.engine.support.hierarchical.NodeTestTask.lambda$executeRecursively$8(NodeTestTask.java:141)
	at org.junit.platform.engine.support.hierarchical.Node.around(Node.java:137)
	at org.junit.platform.engine.support.hierarchical.NodeTestTask.lambda$executeRecursively$9(NodeTestTask.java:139)
	at org.junit.platform.engine.support.hierarchical.ThrowableCollector.execute(ThrowableCollector.java:73)
	at org.junit.platform.engine.support.hierarchical.NodeTestTask.executeRecursively(NodeTestTask.java:138)
	at org.junit.platform.engine.support.hierarchical.NodeTestTask.execute(NodeTestTask.java:95)
	at java.util.ArrayList.forEach(ArrayList.java:1259)
	at org.junit.platform.engine.support.hierarchical.SameThreadHierarchicalTestExecutorService.invokeAll(SameThreadHierarchicalTestExecutorService.java:41)
	at org.junit.platform.engine.support.hierarchical.NodeTestTask.lambda$executeRecursively$6(NodeTestTask.java:155)
	at org.junit.platform.engine.support.hierarchical.ThrowableCollector.execute(ThrowableCollector.java:73)
	at org.junit.platform.engine.support.hierarchical.NodeTestTask.lambda$executeRecursively$8(NodeTestTask.java:141)
	at org.junit.platform.engine.support.hierarchical.Node.around(Node.java:137)
	at org.junit.platform.engine.support.hierarchical.NodeTestTask.lambda$executeRecursively$9(NodeTestTask.java:139)
	at org.junit.platform.engine.support.hierarchical.ThrowableCollector.execute(ThrowableCollector.java:73)
	at org.junit.platform.engine.support.hierarchical.NodeTestTask.executeRecursively(NodeTestTask.java:138)
	at org.junit.platform.engine.support.hierarchical.NodeTestTask.execute(NodeTestTask.java:95)
	at java.util.ArrayList.forEach(ArrayList.java:1259)
	at org.junit.platform.engine.support.hierarchical.SameThreadHierarchicalTestExecutorService.invokeAll(SameThreadHierarchicalTestExecutorService.java:41)
	at org.junit.platform.engine.support.hierarchical.NodeTestTask.lambda$executeRecursively$6(NodeTestTask.java:155)
	at org.junit.platform.engine.support.hierarchical.ThrowableCollector.execute(ThrowableCollector.java:73)
	at org.junit.platform.engine.support.hierarchical.NodeTestTask.lambda$executeRecursively$8(NodeTestTask.java:141)
	at org.junit.platform.engine.support.hierarchical.Node.around(Node.java:137)
	at org.junit.platform.engine.support.hierarchical.NodeTestTask.lambda$executeRecursively$9(NodeTestTask.java:139)
	at org.junit.platform.engine.support.hierarchical.ThrowableCollector.execute(ThrowableCollector.java:73)
	at org.junit.platform.engine.support.hierarchical.NodeTestTask.executeRecursively(NodeTestTask.java:138)
	at org.junit.platform.engine.support.hierarchical.NodeTestTask.execute(NodeTestTask.java:95)
	at org.junit.platform.engine.support.hierarchical.SameThreadHierarchicalTestExecutorService.submit(SameThreadHierarchicalTestExecutorService.java:35)
	at org.junit.platform.engine.support.hierarchical.HierarchicalTestExecutor.execute(HierarchicalTestExecutor.java:57)
	at org.junit.platform.engine.support.hierarchical.HierarchicalTestEngine.execute(HierarchicalTestEngine.java:54)
	at org.junit.platform.launcher.core.EngineExecutionOrchestrator.execute(EngineExecutionOrchestrator.java:107)
	at org.junit.platform.launcher.core.EngineExecutionOrchestrator.execute(EngineExecutionOrchestrator.java:88)
	at org.junit.platform.launcher.core.EngineExecutionOrchestrator.lambda$execute$0(EngineExecutionOrchestrator.java:54)
	at org.junit.platform.launcher.core.EngineExecutionOrchestrator.withInterceptedStreams(EngineExecutionOrchestrator.java:67)
	at org.junit.platform.launcher.core.EngineExecutionOrchestrator.execute(EngineExecutionOrchestrator.java:52)
	at org.junit.platform.launcher.core.DefaultLauncher.execute(DefaultLauncher.java:114)
	at org.junit.platform.launcher.core.DefaultLauncher.execute(DefaultLauncher.java:86)
	at org.junit.platform.launcher.core.DefaultLauncherSession$DelegatingLauncher.execute(DefaultLauncherSession.java:86)
	at org.junit.platform.launcher.core.SessionPerRequestLauncher.execute(SessionPerRequestLauncher.java:53)
	at org.apache.maven.surefire.junitplatform.JUnitPlatformProvider.execute(JUnitPlatformProvider.java:188)
	at org.apache.maven.surefire.junitplatform.JUnitPlatformProvider.invokeAllTests(JUnitPlatformProvider.java:154)
	at org.apache.maven.surefire.junitplatform.JUnitPlatformProvider.invoke(JUnitPlatformProvider.java:124)
	at org.apache.maven.surefire.booter.ForkedBooter.runSuitesInProcess(ForkedBooter.java:428)
	at org.apache.maven.surefire.booter.ForkedBooter.execute(ForkedBooter.java:162)
	at org.apache.maven.surefire.booter.ForkedBooter.run(ForkedBooter.java:562)
	at org.apache.maven.surefire.booter.ForkedBooter.main(ForkedBooter.java:548)
Caused by: java.io.IOException: class org.apache.hadoop.hdds.utils.db.RocksDatabase: Failed to open /home/runner/work/ozone/ozone/hadoop-ozone/integration-test/target/test-dir/MiniOzoneClusterImpl-e8789b07-7928-40b5-ad88-551b1740a89b/omNode-bootstrap-2/om.db; status : IOError; message : lock hold by current process, acquire time 1671704101 acquiring thread 140300937279232: /home/runner/work/ozone/ozone/hadoop-ozone/integration-test/target/test-dir/MiniOzoneClusterImpl-e8789b07-7928-40b5-ad88-551b1740a89b/omNode-bootstrap-2/om.db/LOCK: No locks available
	at org.apache.hadoop.hdds.utils.HddsServerUtil.toIOException(HddsServerUtil.java:586)
	at org.apache.hadoop.hdds.utils.db.RocksDatabase.toIOException(RocksDatabase.java:75)
	at org.apache.hadoop.hdds.utils.db.RocksDatabase.open(RocksDatabase.java:151)
	at org.apache.hadoop.hdds.utils.db.RDBStore.<init>(RDBStore.java:83)
	... 84 more
Caused by: org.rocksdb.RocksDBException: lock hold by current process, acquire time 1671704101 acquiring thread 140300937279232: /home/runner/work/ozone/ozone/hadoop-ozone/integration-test/target/test-dir/MiniOzoneClusterImpl-e8789b07-7928-40b5-ad88-551b1740a89b/omNode-bootstrap-2/om.db/LOCK: No locks available
	at org.rocksdb.RocksDB.open(Native Method)
	at org.rocksdb.RocksDB.open(RocksDB.java:307)
	at org.apache.hadoop.hdds.utils.db.managed.ManagedRocksDB.open(ManagedRocksDB.java:66)
	at org.apache.hadoop.hdds.utils.db.RocksDatabase.open(RocksDatabase.java:138)
	... 85 more
]]></error>
    <system-out><![CDATA[2022-12-22 10:14:32,705 [Listener at 127.0.0.1/44055] WARN  server.ServerUtils (ServerUtils.java:getScmDbDir(148)) - ozone.scm.db.dirs is not configured. We recommend adding this setting. Falling back to ozone.metadata.dirs instead.
2022-12-22 10:14:32,705 [Listener at 127.0.0.1/44055] INFO  ha.SCMHANodeDetails (SCMHANodeDetails.java:loadSCMHAConfig(209)) - ServiceID for StorageContainerManager is scmServiceId
2022-12-22 10:14:32,705 [Listener at 127.0.0.1/44055] INFO  ha.SCMHANodeDetails (SCMHANodeDetails.java:loadSCMHAConfig(220)) - ServiceID for StorageContainerManager is scmServiceId
2022-12-22 10:14:32,705 [Listener at 127.0.0.1/44055] INFO  ha.SCMHANodeDetails (SCMHANodeDetails.java:loadSCMHAConfig(307)) - Found matching SCM address with SCMServiceId: scmServiceId, SCMNodeId: scmNode-1, RPC Address: localhost:42001 and Ratis port: 42001
2022-12-22 10:14:32,705 [Listener at 127.0.0.1/44055] INFO  ha.SCMHANodeDetails (ConfUtils.java:setNodeSpecificConfigs(97)) - Setting configuration key ozone.scm.datanode.address with value of key ozone.scm.datanode.address.scmServiceId.scmNode-1: 127.0.0.1:43945
2022-12-22 10:14:32,705 [Listener at 127.0.0.1/44055] INFO  ha.SCMHANodeDetails (ConfUtils.java:setNodeSpecificConfigs(97)) - Setting configuration key ozone.scm.block.client.address with value of key ozone.scm.block.client.address.scmServiceId.scmNode-1: 127.0.0.1:43201
2022-12-22 10:14:32,705 [Listener at 127.0.0.1/44055] INFO  ha.SCMHANodeDetails (ConfUtils.java:setNodeSpecificConfigs(97)) - Setting configuration key ozone.scm.client.address with value of key ozone.scm.client.address.scmServiceId.scmNode-1: 127.0.0.1:42833
2022-12-22 10:14:32,706 [Listener at 127.0.0.1/44055] INFO  ha.SCMHANodeDetails (ConfUtils.java:setNodeSpecificConfigs(97)) - Setting configuration key ozone.scm.ratis.port with value of key ozone.scm.ratis.port.scmServiceId.scmNode-1: 42001
2022-12-22 10:14:32,706 [Listener at 127.0.0.1/44055] INFO  ha.SCMHANodeDetails (ConfUtils.java:setNodeSpecificConfigs(97)) - Setting configuration key ozone.scm.grpc.port with value of key ozone.scm.grpc.port.scmServiceId.scmNode-1: 43833
2022-12-22 10:14:32,706 [Listener at 127.0.0.1/44055] INFO  ha.SCMHANodeDetails (ConfUtils.java:setNodeSpecificConfigs(97)) - Setting configuration key ozone.scm.http-address with value of key ozone.scm.http-address.scmServiceId.scmNode-1: 127.0.0.1:41715
2022-12-22 10:14:32,706 [Listener at 127.0.0.1/44055] INFO  ha.SCMHANodeDetails (ConfUtils.java:setNodeSpecificConfigs(97)) - Setting configuration key ozone.scm.https-address with value of key ozone.scm.https-address.scmServiceId.scmNode-1: 127.0.0.1:36849
2022-12-22 10:14:32,706 [Listener at 127.0.0.1/44055] INFO  ha.SCMHANodeDetails (ConfUtils.java:setNodeSpecificConfigs(97)) - Setting configuration key ozone.scm.address with value of key ozone.scm.address.scmServiceId.scmNode-1: 127.0.0.1
2022-12-22 10:14:32,706 [Listener at 127.0.0.1/44055] WARN  scm.ScmUtils (ScmUtils.java:logWarn(190)) - ConfigKey ozone.scm.block.client.address is deprecated, For configuring different ports for each SCM use PortConfigKey ozone.scm.block.client.port appended with serviceId and nodeId. If want to configure same port configure ozone.scm.block.client.port
2022-12-22 10:14:32,706 [Listener at 127.0.0.1/44055] WARN  scm.ScmUtils (ScmUtils.java:logWarn(190)) - ConfigKey ozone.scm.client.address is deprecated, For configuring different ports for each SCM use PortConfigKey ozone.scm.client.port appended with serviceId and nodeId. If want to configure same port configure ozone.scm.client.port
2022-12-22 10:14:32,706 [Listener at 127.0.0.1/44055] WARN  scm.ScmUtils (ScmUtils.java:logWarn(190)) - ConfigKey ozone.scm.datanode.address is deprecated, For configuring different ports for each SCM use PortConfigKey ozone.scm.datanode.port appended with serviceId and nodeId. If want to configure same port configure ozone.scm.datanode.port
2022-12-22 10:14:32,708 [Listener at 127.0.0.1/44055] INFO  server.RaftServer (ConfUtils.java:logGet(46)) - raft.rpc.type = GRPC (default)
2022-12-22 10:14:32,709 [Listener at 127.0.0.1/44055] INFO  grpc.GrpcConfigKeys (ConfUtils.java:logFallback(53)) - raft.grpc.admin.host = null (fallback to raft.grpc.server.host)
2022-12-22 10:14:32,709 [Listener at 127.0.0.1/44055] INFO  grpc.GrpcConfigKeys (ConfUtils.java:logFallback(53)) - raft.grpc.admin.port = 42001 (fallback to raft.grpc.server.port)
2022-12-22 10:14:32,709 [Listener at 127.0.0.1/44055] INFO  grpc.GrpcConfigKeys (ConfUtils.java:logFallback(53)) - raft.grpc.client.host = null (fallback to raft.grpc.server.host)
2022-12-22 10:14:32,710 [Listener at 127.0.0.1/44055] INFO  grpc.GrpcConfigKeys (ConfUtils.java:logFallback(53)) - raft.grpc.client.port = 42001 (fallback to raft.grpc.server.port)
2022-12-22 10:14:32,710 [Listener at 127.0.0.1/44055] INFO  grpc.GrpcConfigKeys (ConfUtils.java:logGet(46)) - raft.grpc.server.host = null (default)
2022-12-22 10:14:32,710 [Listener at 127.0.0.1/44055] INFO  grpc.GrpcConfigKeys (ConfUtils.java:logGet(46)) - raft.grpc.server.port = 42001 (custom)
2022-12-22 10:14:32,710 [Listener at 127.0.0.1/44055] INFO  server.GrpcService (ConfUtils.java:logGet(46)) - raft.grpc.message.size.max = 32m (=33554432) (custom)
2022-12-22 10:14:32,710 [Listener at 127.0.0.1/44055] INFO  server.RaftServerConfigKeys (ConfUtils.java:logGet(46)) - raft.server.log.appender.buffer.byte-limit = 33554432 (custom)
2022-12-22 10:14:32,710 [Listener at 127.0.0.1/44055] INFO  server.GrpcService (ConfUtils.java:logGet(46)) - raft.grpc.flow.control.window = 1MB (=1048576) (default)
2022-12-22 10:14:32,710 [Listener at 127.0.0.1/44055] INFO  server.RaftServerConfigKeys (ConfUtils.java:logGet(46)) - raft.server.rpc.request.timeout = 30000ms (custom)
2022-12-22 10:14:32,711 [Listener at 127.0.0.1/44055] INFO  grpc.GrpcConfigKeys (ConfUtils.java:logGet(46)) - raft.grpc.server.heartbeat.channel = true (default)
2022-12-22 10:14:32,711 [Listener at 127.0.0.1/44055] INFO  grpc.GrpcConfigKeys (ConfUtils.java:logGet(46)) - raft.grpc.server.async.request.thread.pool.cached = true (default)
2022-12-22 10:14:32,711 [Listener at 127.0.0.1/44055] INFO  grpc.GrpcConfigKeys (ConfUtils.java:logGet(46)) - raft.grpc.server.async.request.thread.pool.size = 32 (default)
2022-12-22 10:14:32,712 [Listener at 127.0.0.1/44055] INFO  impl.DataStreamServerImpl (ConfUtils.java:logGet(46)) - raft.datastream.type = NETTY (custom)
2022-12-22 10:14:32,712 [Listener at 127.0.0.1/44055] INFO  server.RaftServerConfigKeys (ConfUtils.java:logGet(46)) - raft.server.data-stream.async.request.thread.pool.cached = false (default)
2022-12-22 10:14:32,712 [Listener at 127.0.0.1/44055] INFO  server.RaftServerConfigKeys (ConfUtils.java:logGet(46)) - raft.server.data-stream.async.request.thread.pool.size = 32 (default)
2022-12-22 10:14:32,713 [Listener at 127.0.0.1/44055] INFO  server.RaftServerConfigKeys (ConfUtils.java:logGet(46)) - raft.server.data-stream.async.write.thread.pool.size = 16 (default)
2022-12-22 10:14:32,713 [Listener at 127.0.0.1/44055] INFO  server.RaftServerConfigKeys (ConfUtils.java:logGet(46)) - raft.server.data-stream.client.pool.size = 10 (default)
2022-12-22 10:14:32,713 [Listener at 127.0.0.1/44055] INFO  netty.NettyConfigKeys$DataStream (ConfUtils.java:logGet(46)) - raft.netty.dataStream.server.use-epoll = false (default)
2022-12-22 10:14:32,713 [Listener at 127.0.0.1/44055] INFO  netty.NettyConfigKeys$DataStream (ConfUtils.java:logGet(46)) - raft.netty.dataStream.server.boss-group.size = 0 (default)
2022-12-22 10:14:32,713 [Listener at 127.0.0.1/44055] INFO  netty.NettyConfigKeys$DataStream (ConfUtils.java:logGet(46)) - raft.netty.dataStream.server.worker-group.size = 0 (default)
2022-12-22 10:14:32,714 [Listener at 127.0.0.1/44055] INFO  netty.NettyConfigKeys$DataStream (ConfUtils.java:logGet(46)) - raft.netty.dataStream.server.tls.conf = null (default)
2022-12-22 10:14:32,714 [Listener at 127.0.0.1/44055] INFO  netty.NettyConfigKeys$DataStream (ConfUtils.java:logGet(46)) - raft.netty.dataStream.host = null (default)
2022-12-22 10:14:32,714 [Listener at 127.0.0.1/44055] INFO  netty.NettyConfigKeys$DataStream (ConfUtils.java:logGet(46)) - raft.netty.dataStream.port = 0 (default)
2022-12-22 10:14:32,714 [Listener at 127.0.0.1/44055] INFO  server.RaftServerConfigKeys (ConfUtils.java:logGet(46)) - raft.server.threadpool.proxy.cached = true (default)
2022-12-22 10:14:32,714 [Listener at 127.0.0.1/44055] INFO  server.RaftServerConfigKeys (ConfUtils.java:logGet(46)) - raft.server.threadpool.proxy.size = 0 (default)
2022-12-22 10:14:32,715 [Listener at 127.0.0.1/44055] INFO  server.RaftServerConfigKeys (ConfUtils.java:logGet(46)) - raft.server.rpc.slowness.timeout = 120000ms (custom)
2022-12-22 10:14:32,715 [Listener at 127.0.0.1/44055] INFO  server.RaftServerConfigKeys (ConfUtils.java:logGet(46)) - raft.server.leaderelection.leader.step-down.wait-time = 10s (default)
2022-12-22 10:14:32,715 [Listener at 127.0.0.1/44055] INFO  server.RaftServerConfigKeys (ConfUtils.java:logGet(46)) - raft.server.storage.dir = [/home/runner/work/ozone/ozone/hadoop-ozone/integration-test/target/test-dir/MiniOzoneClusterImpl-e8789b07-7928-40b5-ad88-551b1740a89b/scmNode-1/scm-ha] (custom)
2022-12-22 10:14:32,715 [945fd0ed-8171-4835-b0ec-144ef106a250-NettyServerStreamRpc-bossGroup--thread1] INFO  logging.LoggingHandler (AbstractInternalLogger.java:log(148)) - [id: 0xa8eb251c] REGISTERED
2022-12-22 10:14:32,715 [945fd0ed-8171-4835-b0ec-144ef106a250-NettyServerStreamRpc-bossGroup--thread1] INFO  logging.LoggingHandler (AbstractInternalLogger.java:log(148)) - [id: 0xa8eb251c] BIND: 0.0.0.0/0.0.0.0:0
2022-12-22 10:14:32,716 [945fd0ed-8171-4835-b0ec-144ef106a250-NettyServerStreamRpc-bossGroup--thread1] INFO  logging.LoggingHandler (AbstractInternalLogger.java:log(148)) - [id: 0xa8eb251c, L:/0:0:0:0:0:0:0:0:39899] ACTIVE
2022-12-22 10:14:32,717 [Listener at 127.0.0.1/44055] INFO  server.RaftServer (RaftServerProxy.java:addNew(96)) - 945fd0ed-8171-4835-b0ec-144ef106a250: addNew group-551B1740A89B:[945fd0ed-8171-4835-b0ec-144ef106a250|rpc:localhost:42001|priority:0|startupRole:FOLLOWER] returns group-551B1740A89B:java.util.concurrent.CompletableFuture@5925d03a[Not completed]
2022-12-22 10:14:32,717 [pool-256-thread-1] INFO  server.RaftServer$Division (RaftServerImpl.java:<init>(195)) - 945fd0ed-8171-4835-b0ec-144ef106a250: new RaftServerImpl for group-551B1740A89B:[945fd0ed-8171-4835-b0ec-144ef106a250|rpc:localhost:42001|priority:0|startupRole:FOLLOWER] with SCMStateMachine:uninitialized
2022-12-22 10:14:32,717 [pool-256-thread-1] INFO  server.RaftServerConfigKeys (ConfUtils.java:logGet(46)) - raft.server.rpc.timeout.min = 5000ms (custom)
2022-12-22 10:14:32,717 [pool-256-thread-1] INFO  server.RaftServerConfigKeys (ConfUtils.java:logGet(46)) - raft.server.rpc.timeout.max = 5200ms (custom)
2022-12-22 10:14:32,717 [pool-256-thread-1] INFO  server.RaftServerConfigKeys (ConfUtils.java:logGet(46)) - raft.server.rpc.sleep.time = 25ms (default)
2022-12-22 10:14:32,717 [pool-256-thread-1] INFO  server.RaftServerConfigKeys (ConfUtils.java:logGet(46)) - raft.server.rpc.slowness.timeout = 120000ms (custom)
2022-12-22 10:14:32,717 [pool-256-thread-1] INFO  server.RaftServerConfigKeys (ConfUtils.java:logGet(46)) - raft.server.leaderelection.leader.step-down.wait-time = 10s (default)
2022-12-22 10:14:32,717 [pool-256-thread-1] INFO  server.RaftServerConfigKeys (ConfUtils.java:logGet(46)) - raft.server.sleep.deviation.threshold = 300ms (default)
2022-12-22 10:14:32,717 [pool-256-thread-1] INFO  server.RaftServer$Division (ServerState.java:<init>(118)) - 945fd0ed-8171-4835-b0ec-144ef106a250@group-551B1740A89B: ConfigurationManager, init=-1: peers:[945fd0ed-8171-4835-b0ec-144ef106a250|rpc:localhost:42001|priority:0|startupRole:FOLLOWER]|listeners:[], old=null, confs=<EMPTY_MAP>
2022-12-22 10:14:32,717 [pool-256-thread-1] INFO  server.RaftServerConfigKeys (ConfUtils.java:logGet(46)) - raft.server.storage.dir = [/home/runner/work/ozone/ozone/hadoop-ozone/integration-test/target/test-dir/MiniOzoneClusterImpl-e8789b07-7928-40b5-ad88-551b1740a89b/scmNode-1/scm-ha] (custom)
2022-12-22 10:14:32,717 [pool-256-thread-1] INFO  server.RaftServerConfigKeys (ConfUtils.java:logGet(46)) - raft.server.log.corruption.policy = EXCEPTION (default)
2022-12-22 10:14:32,717 [pool-256-thread-1] INFO  server.RaftServerConfigKeys (ConfUtils.java:logGet(46)) - raft.server.storage.free-space.min = 0MB (=0) (default)
2022-12-22 10:14:32,717 [pool-256-thread-1] INFO  server.RaftServerConfigKeys (ConfUtils.java:logGet(46)) - raft.server.notification.no-leader.timeout = 60s (default)
2022-12-22 10:14:32,718 [pool-256-thread-1] INFO  server.RaftServerConfigKeys (ConfUtils.java:logGet(46)) - raft.server.retrycache.expirytime = 60000ms (default)
2022-12-22 10:14:32,718 [pool-256-thread-1] INFO  server.RaftServerConfigKeys (ConfUtils.java:logGet(46)) - raft.server.retrycache.statistics.expirytime = 100μs (default)
2022-12-22 10:14:32,718 [pool-256-thread-1] INFO  server.RaftServerConfigKeys (ConfUtils.java:logGet(46)) - raft.server.log.appender.install.snapshot.enabled = false (custom)
2022-12-22 10:14:32,718 [pool-256-thread-1] INFO  server.RaftServerConfigKeys (ConfUtils.java:logGet(46)) - raft.server.threadpool.server.cached = true (default)
2022-12-22 10:14:32,718 [pool-256-thread-1] INFO  server.RaftServerConfigKeys (ConfUtils.java:logGet(46)) - raft.server.threadpool.server.size = 0 (default)
2022-12-22 10:14:32,718 [pool-256-thread-1] INFO  server.RaftServerConfigKeys (ConfUtils.java:logGet(46)) - raft.server.threadpool.client.cached = true (default)
2022-12-22 10:14:32,718 [pool-256-thread-1] INFO  server.RaftServerConfigKeys (ConfUtils.java:logGet(46)) - raft.server.threadpool.client.size = 0 (default)
2022-12-22 10:14:32,718 [945fd0ed-8171-4835-b0ec-144ef106a250-impl-thread1] INFO  storage.RaftStorageDirectory (RaftStorageDirectoryImpl.java:analyzeStorage(137)) - The storage directory /home/runner/work/ozone/ozone/hadoop-ozone/integration-test/target/test-dir/MiniOzoneClusterImpl-e8789b07-7928-40b5-ad88-551b1740a89b/scmNode-1/scm-ha/e8789b07-7928-40b5-ad88-551b1740a89b does not exist. Creating ...
2022-12-22 10:14:32,719 [945fd0ed-8171-4835-b0ec-144ef106a250-impl-thread1] INFO  storage.RaftStorageDirectory (RaftStorageDirectoryImpl.java:tryLock(231)) - Lock on /home/runner/work/ozone/ozone/hadoop-ozone/integration-test/target/test-dir/MiniOzoneClusterImpl-e8789b07-7928-40b5-ad88-551b1740a89b/scmNode-1/scm-ha/e8789b07-7928-40b5-ad88-551b1740a89b/in_use.lock acquired by nodename 33150@fv-az345-686
2022-12-22 10:14:32,720 [945fd0ed-8171-4835-b0ec-144ef106a250-impl-thread1] INFO  storage.RaftStorage (RaftStorageImpl.java:format(96)) - Storage directory /home/runner/work/ozone/ozone/hadoop-ozone/integration-test/target/test-dir/MiniOzoneClusterImpl-e8789b07-7928-40b5-ad88-551b1740a89b/scmNode-1/scm-ha/e8789b07-7928-40b5-ad88-551b1740a89b has been successfully formatted.
2022-12-22 10:14:32,720 [945fd0ed-8171-4835-b0ec-144ef106a250-impl-thread1] INFO  server.RaftServerConfigKeys (ConfUtils.java:logGet(46)) - raft.server.log.use.memory = false (default)
2022-12-22 10:14:32,720 [945fd0ed-8171-4835-b0ec-144ef106a250-impl-thread1] INFO  server.RaftServerConfigKeys (ConfUtils.java:logGet(46)) - raft.server.log.purge.gap = 1000000 (custom)
2022-12-22 10:14:32,720 [945fd0ed-8171-4835-b0ec-144ef106a250-impl-thread1] INFO  server.RaftServerConfigKeys (ConfUtils.java:logGet(46)) - raft.server.log.appender.buffer.byte-limit = 33554432 (custom)
2022-12-22 10:14:32,720 [945fd0ed-8171-4835-b0ec-144ef106a250-impl-thread1] INFO  server.RaftServerConfigKeys (ConfUtils.java:logGet(46)) - raft.server.log.statemachine.data.read.timeout = 1000ms (default)
2022-12-22 10:14:32,720 [945fd0ed-8171-4835-b0ec-144ef106a250-impl-thread1] INFO  server.RaftServerConfigKeys (ConfUtils.java:logGet(46)) - raft.server.log.purge.preservation.log.num = 0 (default)
2022-12-22 10:14:32,720 [945fd0ed-8171-4835-b0ec-144ef106a250-impl-thread1] INFO  server.RaftServerConfigKeys (ConfUtils.java:logGet(46)) - raft.server.log.segment.size.max = 4194304 (custom)
2022-12-22 10:14:32,720 [945fd0ed-8171-4835-b0ec-144ef106a250-impl-thread1] INFO  server.RaftServerConfigKeys (ConfUtils.java:logGet(46)) - raft.server.log.segment.cache.num.max = 2 (custom)
2022-12-22 10:14:32,720 [945fd0ed-8171-4835-b0ec-144ef106a250-impl-thread1] INFO  server.RaftServerConfigKeys (ConfUtils.java:logGet(46)) - raft.server.log.segment.cache.size.max = 200MB (=209715200) (default)
2022-12-22 10:14:32,720 [945fd0ed-8171-4835-b0ec-144ef106a250-impl-thread1] INFO  segmented.SegmentedRaftLogWorker (SegmentedRaftLogWorker.java:<init>(189)) - new 945fd0ed-8171-4835-b0ec-144ef106a250@group-551B1740A89B-SegmentedRaftLogWorker for RaftStorageImpl:Storage Directory /home/runner/work/ozone/ozone/hadoop-ozone/integration-test/target/test-dir/MiniOzoneClusterImpl-e8789b07-7928-40b5-ad88-551b1740a89b/scmNode-1/scm-ha/e8789b07-7928-40b5-ad88-551b1740a89b
2022-12-22 10:14:32,720 [945fd0ed-8171-4835-b0ec-144ef106a250-impl-thread1] INFO  server.RaftServerConfigKeys (ConfUtils.java:logGet(46)) - raft.server.log.queue.byte-limit = 64MB (=67108864) (default)
2022-12-22 10:14:32,720 [945fd0ed-8171-4835-b0ec-144ef106a250-impl-thread1] INFO  server.RaftServerConfigKeys (ConfUtils.java:logGet(46)) - raft.server.log.queue.element-limit = 4096 (default)
2022-12-22 10:14:32,720 [945fd0ed-8171-4835-b0ec-144ef106a250-impl-thread1] INFO  server.RaftServerConfigKeys (ConfUtils.java:logGet(46)) - raft.server.log.segment.size.max = 4194304 (custom)
2022-12-22 10:14:32,720 [945fd0ed-8171-4835-b0ec-144ef106a250-impl-thread1] INFO  server.RaftServerConfigKeys (ConfUtils.java:logGet(46)) - raft.server.log.preallocated.size = 4194304 (custom)
2022-12-22 10:14:32,721 [945fd0ed-8171-4835-b0ec-144ef106a250-impl-thread1] INFO  server.RaftServerConfigKeys (ConfUtils.java:logGet(46)) - raft.server.log.force.sync.num = 128 (default)
2022-12-22 10:14:32,721 [945fd0ed-8171-4835-b0ec-144ef106a250-impl-thread1] INFO  server.RaftServerConfigKeys (ConfUtils.java:logGet(46)) - raft.server.log.statemachine.data.sync = true (default)
2022-12-22 10:14:32,721 [945fd0ed-8171-4835-b0ec-144ef106a250-impl-thread1] INFO  server.RaftServerConfigKeys (ConfUtils.java:logGet(46)) - raft.server.log.statemachine.data.sync.timeout = 10s (default)
2022-12-22 10:14:32,721 [945fd0ed-8171-4835-b0ec-144ef106a250-impl-thread1] INFO  server.RaftServerConfigKeys (ConfUtils.java:logGet(46)) - raft.server.log.statemachine.data.sync.timeout.retry = -1 (default)
2022-12-22 10:14:32,721 [945fd0ed-8171-4835-b0ec-144ef106a250-impl-thread1] INFO  server.RaftServerConfigKeys (ConfUtils.java:logGet(46)) - raft.server.log.write.buffer.size = 64KB (=65536) (default)
2022-12-22 10:14:32,721 [945fd0ed-8171-4835-b0ec-144ef106a250-impl-thread1] INFO  server.RaftServerConfigKeys (ConfUtils.java:logGet(46)) - raft.server.log.appender.buffer.byte-limit = 33554432 (custom)
2022-12-22 10:14:32,723 [945fd0ed-8171-4835-b0ec-144ef106a250-impl-thread1] INFO  server.RaftServerConfigKeys (ConfUtils.java:logGet(46)) - raft.server.log.unsafe-flush.enabled = false (default)
2022-12-22 10:14:32,724 [945fd0ed-8171-4835-b0ec-144ef106a250-impl-thread1] INFO  server.RaftServerConfigKeys (ConfUtils.java:logGet(46)) - raft.server.log.async-flush.enabled = false (default)
2022-12-22 10:14:32,724 [945fd0ed-8171-4835-b0ec-144ef106a250-impl-thread1] INFO  server.RaftServerConfigKeys (ConfUtils.java:logGet(46)) - raft.server.log.statemachine.data.caching.enabled = false (default)
2022-12-22 10:14:32,724 [945fd0ed-8171-4835-b0ec-144ef106a250-impl-thread1] INFO  segmented.SegmentedRaftLogWorker (SegmentedRaftLogWorker.java:lambda$new$0(135)) - 945fd0ed-8171-4835-b0ec-144ef106a250@group-551B1740A89B-SegmentedRaftLogWorker: flushIndex: setUnconditionally 0 -> -1
2022-12-22 10:14:32,724 [945fd0ed-8171-4835-b0ec-144ef106a250-impl-thread1] INFO  segmented.SegmentedRaftLogWorker (SegmentedRaftLogWorker.java:lambda$new$0(135)) - 945fd0ed-8171-4835-b0ec-144ef106a250@group-551B1740A89B-SegmentedRaftLogWorker: safeCacheEvictIndex: setUnconditionally 0 -> -1
2022-12-22 10:14:32,724 [945fd0ed-8171-4835-b0ec-144ef106a250-impl-thread1] INFO  server.RaftServer$Division (RaftServerImpl.java:start(334)) - 945fd0ed-8171-4835-b0ec-144ef106a250@group-551B1740A89B: start as a follower, conf=-1: peers:[945fd0ed-8171-4835-b0ec-144ef106a250|rpc:localhost:42001|priority:0|startupRole:FOLLOWER]|listeners:[], old=null
2022-12-22 10:14:32,724 [945fd0ed-8171-4835-b0ec-144ef106a250-impl-thread1] INFO  server.RaftServer$Division (RaftServerImpl.java:setRole(321)) - 945fd0ed-8171-4835-b0ec-144ef106a250@group-551B1740A89B: changes role from      null to FOLLOWER at term 0 for startAsFollower
2022-12-22 10:14:32,724 [945fd0ed-8171-4835-b0ec-144ef106a250-impl-thread1] INFO  impl.RoleInfo (RoleInfo.java:updateAndGet(139)) - 945fd0ed-8171-4835-b0ec-144ef106a250: start 945fd0ed-8171-4835-b0ec-144ef106a250@group-551B1740A89B-FollowerState
2022-12-22 10:14:32,724 [945fd0ed-8171-4835-b0ec-144ef106a250-impl-thread1] INFO  util.JmxRegister (JmxRegister.java:tryRegister(44)) - Successfully registered JMX Bean with object name Ratis:service=RaftServer,group=group-551B1740A89B,id=945fd0ed-8171-4835-b0ec-144ef106a250
2022-12-22 10:14:32,724 [945fd0ed-8171-4835-b0ec-144ef106a250@group-551B1740A89B-FollowerState] INFO  server.RaftServerConfigKeys (ConfUtils.java:logFallback(53)) - raft.server.rpc.first-election.timeout.min = 5000ms (fallback to raft.server.rpc.timeout.min)
2022-12-22 10:14:32,724 [945fd0ed-8171-4835-b0ec-144ef106a250-impl-thread1] INFO  server.RaftServerConfigKeys (ConfUtils.java:logGet(46)) - raft.server.snapshot.auto.trigger.enabled = true (custom)
2022-12-22 10:14:32,724 [945fd0ed-8171-4835-b0ec-144ef106a250@group-551B1740A89B-FollowerState] INFO  server.RaftServerConfigKeys (ConfUtils.java:logFallback(53)) - raft.server.rpc.first-election.timeout.max = 5200ms (fallback to raft.server.rpc.timeout.max)
2022-12-22 10:14:32,724 [945fd0ed-8171-4835-b0ec-144ef106a250-impl-thread1] INFO  server.RaftServerConfigKeys (ConfUtils.java:logGet(46)) - raft.server.snapshot.auto.trigger.threshold = 1000 (custom)
2022-12-22 10:14:32,724 [945fd0ed-8171-4835-b0ec-144ef106a250-impl-thread1] INFO  server.RaftServerConfigKeys (ConfUtils.java:logGet(46)) - raft.server.snapshot.retention.file.num = -1 (default)
2022-12-22 10:14:32,724 [945fd0ed-8171-4835-b0ec-144ef106a250-impl-thread1] INFO  server.RaftServerConfigKeys (ConfUtils.java:logGet(46)) - raft.server.log.purge.upto.snapshot.index = false (default)
2022-12-22 10:14:32,725 [Listener at 127.0.0.1/44055] INFO  server.RaftServer (RaftServerProxy.java:startImpl(393)) - 945fd0ed-8171-4835-b0ec-144ef106a250: start RPC server
2022-12-22 10:14:32,726 [Listener at 127.0.0.1/44055] INFO  server.GrpcService (GrpcService.java:startImpl(262)) - 945fd0ed-8171-4835-b0ec-144ef106a250: GrpcService started, listening on 42001
2022-12-22 10:14:32,726 [JvmPauseMonitor9] INFO  util.JvmPauseMonitor (JvmPauseMonitor.java:run(105)) - JvmPauseMonitor-945fd0ed-8171-4835-b0ec-144ef106a250: Started
2022-12-22 10:14:32,838 [EndpointStateMachine task thread for /127.0.0.1:42129 - 0 ] INFO  ipc.Client (Client.java:handleConnectionFailure(1010)) - Retrying connect to server: localhost/127.0.0.1:42129. Already tried 6 time(s); retry policy is RetryUpToMaximumCountWithFixedSleep(maxRetries=15, sleepTime=1000 MILLISECONDS)
2022-12-22 10:14:33,838 [EndpointStateMachine task thread for /127.0.0.1:42129 - 0 ] INFO  ipc.Client (Client.java:handleConnectionFailure(1010)) - Retrying connect to server: localhost/127.0.0.1:42129. Already tried 7 time(s); retry policy is RetryUpToMaximumCountWithFixedSleep(maxRetries=15, sleepTime=1000 MILLISECONDS)
2022-12-22 10:14:34,839 [EndpointStateMachine task thread for /127.0.0.1:42129 - 0 ] INFO  ipc.Client (Client.java:handleConnectionFailure(1010)) - Retrying connect to server: localhost/127.0.0.1:42129. Already tried 8 time(s); retry policy is RetryUpToMaximumCountWithFixedSleep(maxRetries=15, sleepTime=1000 MILLISECONDS)
2022-12-22 10:14:35,839 [EndpointStateMachine task thread for /127.0.0.1:42129 - 0 ] INFO  ipc.Client (Client.java:handleConnectionFailure(1010)) - Retrying connect to server: localhost/127.0.0.1:42129. Already tried 9 time(s); retry policy is RetryUpToMaximumCountWithFixedSleep(maxRetries=15, sleepTime=1000 MILLISECONDS)
2022-12-22 10:14:36,840 [EndpointStateMachine task thread for /127.0.0.1:42129 - 0 ] INFO  ipc.Client (Client.java:handleConnectionFailure(1010)) - Retrying connect to server: localhost/127.0.0.1:42129. Already tried 10 time(s); retry policy is RetryUpToMaximumCountWithFixedSleep(maxRetries=15, sleepTime=1000 MILLISECONDS)
2022-12-22 10:14:37,732 [945fd0ed-8171-4835-b0ec-144ef106a250@group-551B1740A89B-FollowerState] INFO  impl.FollowerState (FollowerState.java:run(143)) - 945fd0ed-8171-4835-b0ec-144ef106a250@group-551B1740A89B-FollowerState: change to CANDIDATE, lastRpcElapsedTime:5008424783ns, electionTimeout:5008ms
2022-12-22 10:14:37,733 [945fd0ed-8171-4835-b0ec-144ef106a250@group-551B1740A89B-FollowerState] INFO  impl.RoleInfo (RoleInfo.java:shutdownFollowerState(110)) - 945fd0ed-8171-4835-b0ec-144ef106a250: shutdown 945fd0ed-8171-4835-b0ec-144ef106a250@group-551B1740A89B-FollowerState
2022-12-22 10:14:37,733 [945fd0ed-8171-4835-b0ec-144ef106a250@group-551B1740A89B-FollowerState] INFO  server.RaftServer$Division (RaftServerImpl.java:setRole(321)) - 945fd0ed-8171-4835-b0ec-144ef106a250@group-551B1740A89B: changes role from  FOLLOWER to CANDIDATE at term 0 for changeToCandidate
2022-12-22 10:14:37,733 [945fd0ed-8171-4835-b0ec-144ef106a250@group-551B1740A89B-FollowerState] INFO  server.RaftServerConfigKeys (ConfUtils.java:logGet(46)) - raft.server.leaderelection.pre-vote = false (custom)
2022-12-22 10:14:37,733 [945fd0ed-8171-4835-b0ec-144ef106a250@group-551B1740A89B-FollowerState] INFO  impl.RoleInfo (RoleInfo.java:updateAndGet(139)) - 945fd0ed-8171-4835-b0ec-144ef106a250: start 945fd0ed-8171-4835-b0ec-144ef106a250@group-551B1740A89B-LeaderElection14
2022-12-22 10:14:37,739 [945fd0ed-8171-4835-b0ec-144ef106a250@group-551B1740A89B-LeaderElection14] INFO  impl.LeaderElection (LeaderElection.java:askForVotes(312)) - 945fd0ed-8171-4835-b0ec-144ef106a250@group-551B1740A89B-LeaderElection14 ELECTION round 0: submit vote requests at term 1 for -1: peers:[945fd0ed-8171-4835-b0ec-144ef106a250|rpc:localhost:42001|priority:0|startupRole:FOLLOWER]|listeners:[], old=null
2022-12-22 10:14:37,739 [945fd0ed-8171-4835-b0ec-144ef106a250@group-551B1740A89B-LeaderElection14] INFO  impl.LeaderElection (LeaderElection.java:askForVotes(314)) - 945fd0ed-8171-4835-b0ec-144ef106a250@group-551B1740A89B-LeaderElection14 ELECTION round 0: result PASSED (term=1)
2022-12-22 10:14:37,739 [945fd0ed-8171-4835-b0ec-144ef106a250@group-551B1740A89B-LeaderElection14] INFO  impl.RoleInfo (RoleInfo.java:shutdownLeaderElection(130)) - 945fd0ed-8171-4835-b0ec-144ef106a250: shutdown 945fd0ed-8171-4835-b0ec-144ef106a250@group-551B1740A89B-LeaderElection14
2022-12-22 10:14:37,739 [945fd0ed-8171-4835-b0ec-144ef106a250@group-551B1740A89B-LeaderElection14] INFO  server.RaftServer$Division (RaftServerImpl.java:setRole(321)) - 945fd0ed-8171-4835-b0ec-144ef106a250@group-551B1740A89B: changes role from CANDIDATE to LEADER at term 1 for changeToLeader
2022-12-22 10:14:37,739 [945fd0ed-8171-4835-b0ec-144ef106a250@group-551B1740A89B-LeaderElection14] INFO  server.RaftServer$Division (ServerState.java:setLeader(313)) - 945fd0ed-8171-4835-b0ec-144ef106a250@group-551B1740A89B: change Leader from null to 945fd0ed-8171-4835-b0ec-144ef106a250 at term 1 for becomeLeader, leader elected after 5021ms
2022-12-22 10:14:37,739 [945fd0ed-8171-4835-b0ec-144ef106a250@group-551B1740A89B-LeaderElection14] INFO  server.RaftServerConfigKeys (ConfUtils.java:logGet(46)) - raft.server.staging.catchup.gap = 1000 (default)
2022-12-22 10:14:37,739 [945fd0ed-8171-4835-b0ec-144ef106a250@group-551B1740A89B-LeaderElection14] INFO  server.RaftServerConfigKeys (ConfUtils.java:logGet(46)) - raft.server.write.element-limit = 4096 (default)
2022-12-22 10:14:37,739 [945fd0ed-8171-4835-b0ec-144ef106a250@group-551B1740A89B-LeaderElection14] INFO  server.RaftServerConfigKeys (ConfUtils.java:logGet(46)) - raft.server.write.byte-limit = 64MB (=67108864) (default)
2022-12-22 10:14:37,739 [945fd0ed-8171-4835-b0ec-144ef106a250@group-551B1740A89B-LeaderElection14] INFO  server.RaftServerConfigKeys (ConfUtils.java:logGet(46)) - raft.server.watch.timeout = 10s (default)
2022-12-22 10:14:37,739 [945fd0ed-8171-4835-b0ec-144ef106a250@group-551B1740A89B-LeaderElection14] INFO  server.RaftServerConfigKeys (ConfUtils.java:logGet(46)) - raft.server.watch.timeout.denomination = 1s (default)
2022-12-22 10:14:37,739 [945fd0ed-8171-4835-b0ec-144ef106a250@group-551B1740A89B-LeaderElection14] INFO  server.RaftServerConfigKeys (ConfUtils.java:logGet(46)) - raft.server.watch.element-limit = 65536 (default)
2022-12-22 10:14:37,739 [945fd0ed-8171-4835-b0ec-144ef106a250@group-551B1740A89B-LeaderElection14] INFO  server.RaftServerConfigKeys (ConfUtils.java:logGet(46)) - raft.server.write.element-limit = 4096 (default)
2022-12-22 10:14:37,739 [945fd0ed-8171-4835-b0ec-144ef106a250@group-551B1740A89B-LeaderElection14] INFO  server.RaftServerConfigKeys (ConfUtils.java:logGet(46)) - raft.server.write.follower.gap.ratio.max = -1.0 (default)
2022-12-22 10:14:37,739 [945fd0ed-8171-4835-b0ec-144ef106a250@group-551B1740A89B-LeaderElection14] INFO  impl.RoleInfo (RoleInfo.java:updateAndGet(139)) - 945fd0ed-8171-4835-b0ec-144ef106a250: start 945fd0ed-8171-4835-b0ec-144ef106a250@group-551B1740A89B-LeaderStateImpl
2022-12-22 10:14:37,739 [945fd0ed-8171-4835-b0ec-144ef106a250@group-551B1740A89B-LeaderElection14] INFO  segmented.SegmentedRaftLogWorker (SegmentedRaftLogWorker.java:startLogSegment(452)) - 945fd0ed-8171-4835-b0ec-144ef106a250@group-551B1740A89B-SegmentedRaftLogWorker: Starting segment from index:0
2022-12-22 10:14:37,740 [945fd0ed-8171-4835-b0ec-144ef106a250@group-551B1740A89B-LeaderElection14] INFO  server.RaftServer$Division (ServerState.java:setRaftConf(430)) - 945fd0ed-8171-4835-b0ec-144ef106a250@group-551B1740A89B: set configuration 0: peers:[945fd0ed-8171-4835-b0ec-144ef106a250|rpc:localhost:42001|admin:|client:|dataStream:|priority:0|startupRole:FOLLOWER]|listeners:[], old=null
2022-12-22 10:14:37,747 [945fd0ed-8171-4835-b0ec-144ef106a250@group-551B1740A89B-SegmentedRaftLogWorker] INFO  segmented.SegmentedRaftLogWorker (SegmentedRaftLogWorker.java:execute(656)) - 945fd0ed-8171-4835-b0ec-144ef106a250@group-551B1740A89B-SegmentedRaftLogWorker: created new log segment /home/runner/work/ozone/ozone/hadoop-ozone/integration-test/target/test-dir/MiniOzoneClusterImpl-e8789b07-7928-40b5-ad88-551b1740a89b/scmNode-1/scm-ha/e8789b07-7928-40b5-ad88-551b1740a89b/current/log_inprogress_0
2022-12-22 10:14:37,840 [EndpointStateMachine task thread for /127.0.0.1:42129 - 0 ] INFO  ipc.Client (Client.java:handleConnectionFailure(1010)) - Retrying connect to server: localhost/127.0.0.1:42129. Already tried 11 time(s); retry policy is RetryUpToMaximumCountWithFixedSleep(maxRetries=15, sleepTime=1000 MILLISECONDS)
2022-12-22 10:14:38,726 [Listener at 127.0.0.1/44055] INFO  server.RaftServer (RaftServerProxy.java:lambda$close$6(409)) - 945fd0ed-8171-4835-b0ec-144ef106a250: close
2022-12-22 10:14:38,727 [Listener at 127.0.0.1/44055] INFO  server.GrpcService (GrpcService.java:closeImpl(271)) - 945fd0ed-8171-4835-b0ec-144ef106a250: shutdown server GrpcServerProtocolService now
2022-12-22 10:14:38,727 [945fd0ed-8171-4835-b0ec-144ef106a250-impl-thread1] INFO  server.RaftServer$Division (RaftServerImpl.java:lambda$close$4(458)) - 945fd0ed-8171-4835-b0ec-144ef106a250@group-551B1740A89B: shutdown
2022-12-22 10:14:38,727 [945fd0ed-8171-4835-b0ec-144ef106a250-impl-thread1] INFO  util.JmxRegister (JmxRegister.java:unregister(73)) - Successfully un-registered JMX Bean with object name Ratis:service=RaftServer,group=group-551B1740A89B,id=945fd0ed-8171-4835-b0ec-144ef106a250
2022-12-22 10:14:38,727 [945fd0ed-8171-4835-b0ec-144ef106a250-impl-thread1] INFO  impl.RoleInfo (RoleInfo.java:shutdownLeaderState(93)) - 945fd0ed-8171-4835-b0ec-144ef106a250: shutdown 945fd0ed-8171-4835-b0ec-144ef106a250@group-551B1740A89B-LeaderStateImpl
2022-12-22 10:14:38,727 [945fd0ed-8171-4835-b0ec-144ef106a250-impl-thread1] INFO  impl.PendingRequests (PendingRequests.java:sendNotLeaderResponses(282)) - 945fd0ed-8171-4835-b0ec-144ef106a250@group-551B1740A89B-PendingRequests: sendNotLeaderResponses
2022-12-22 10:14:38,727 [Listener at 127.0.0.1/44055] INFO  server.GrpcService (GrpcService.java:closeImpl(280)) - 945fd0ed-8171-4835-b0ec-144ef106a250: shutdown server GrpcServerProtocolService successfully
2022-12-22 10:14:38,727 [945fd0ed-8171-4835-b0ec-144ef106a250-impl-thread1] INFO  impl.StateMachineUpdater (StateMachineUpdater.java:stopAndJoin(153)) - 945fd0ed-8171-4835-b0ec-144ef106a250@group-551B1740A89B-StateMachineUpdater: set stopIndex = 0
2022-12-22 10:14:38,727 [945fd0ed-8171-4835-b0ec-144ef106a250-NettyServerStreamRpc-bossGroup--thread1] INFO  logging.LoggingHandler (AbstractInternalLogger.java:log(148)) - [id: 0xa8eb251c, L:/0:0:0:0:0:0:0:0:39899] CLOSE
2022-12-22 10:14:38,727 [945fd0ed-8171-4835-b0ec-144ef106a250@group-551B1740A89B-StateMachineUpdater] INFO  impl.StateMachineUpdater (StateMachineUpdater.java:takeSnapshot(287)) - 945fd0ed-8171-4835-b0ec-144ef106a250@group-551B1740A89B-StateMachineUpdater: Took a snapshot at index 0
2022-12-22 10:14:38,727 [945fd0ed-8171-4835-b0ec-144ef106a250-NettyServerStreamRpc-bossGroup--thread1] INFO  logging.LoggingHandler (AbstractInternalLogger.java:log(148)) - [id: 0xa8eb251c, L:/0:0:0:0:0:0:0:0:39899] INACTIVE
2022-12-22 10:14:38,727 [945fd0ed-8171-4835-b0ec-144ef106a250@group-551B1740A89B-StateMachineUpdater] INFO  impl.StateMachineUpdater (StateMachineUpdater.java:lambda$new$0(92)) - 945fd0ed-8171-4835-b0ec-144ef106a250@group-551B1740A89B-StateMachineUpdater: snapshotIndex: updateIncreasingly -1 -> 0
2022-12-22 10:14:38,727 [945fd0ed-8171-4835-b0ec-144ef106a250-NettyServerStreamRpc-bossGroup--thread1] INFO  logging.LoggingHandler (AbstractInternalLogger.java:log(148)) - [id: 0xa8eb251c, L:/0:0:0:0:0:0:0:0:39899] UNREGISTERED
2022-12-22 10:14:38,728 [945fd0ed-8171-4835-b0ec-144ef106a250-impl-thread1] INFO  server.RaftServer$Division (ServerState.java:close(466)) - 945fd0ed-8171-4835-b0ec-144ef106a250@group-551B1740A89B: closes. applyIndex: 0
2022-12-22 10:14:38,729 [945fd0ed-8171-4835-b0ec-144ef106a250@group-551B1740A89B-SegmentedRaftLogWorker] INFO  segmented.SegmentedRaftLogWorker (SegmentedRaftLogWorker.java:run(347)) - 945fd0ed-8171-4835-b0ec-144ef106a250@group-551B1740A89B-SegmentedRaftLogWorker was interrupted, exiting. There are 0 tasks remaining in the queue.
2022-12-22 10:14:38,730 [945fd0ed-8171-4835-b0ec-144ef106a250-impl-thread1] INFO  segmented.SegmentedRaftLogWorker (SegmentedRaftLogWorker.java:close(257)) - 945fd0ed-8171-4835-b0ec-144ef106a250@group-551B1740A89B-SegmentedRaftLogWorker close()
2022-12-22 10:14:38,731 [JvmPauseMonitor9] INFO  util.JvmPauseMonitor (JvmPauseMonitor.java:run(111)) - JvmPauseMonitor-945fd0ed-8171-4835-b0ec-144ef106a250: Stopped
2022-12-22 10:14:38,731 [Listener at 127.0.0.1/44055] WARN  server.ServerUtils (ServerUtils.java:getScmDbDir(148)) - ozone.scm.db.dirs is not configured. We recommend adding this setting. Falling back to ozone.metadata.dirs instead.
2022-12-22 10:14:38,732 [Listener at 127.0.0.1/44055] INFO  server.StorageContainerManager (StorageContainerManager.java:scmInit(1230)) - SCM initialization succeeded. Current cluster id for sd=/home/runner/work/ozone/ozone/hadoop-ozone/integration-test/target/test-dir/MiniOzoneClusterImpl-e8789b07-7928-40b5-ad88-551b1740a89b/scmNode-1/scm; cid=e8789b07-7928-40b5-ad88-551b1740a89b; layoutVersion=4; scmId=945fd0ed-8171-4835-b0ec-144ef106a250
2022-12-22 10:14:38,732 [Listener at 127.0.0.1/44055] WARN  server.ServerUtils (ServerUtils.java:getScmDbDir(148)) - ozone.scm.db.dirs is not configured. We recommend adding this setting. Falling back to ozone.metadata.dirs instead.
2022-12-22 10:14:38,733 [Listener at 127.0.0.1/44055] INFO  ha.SCMHANodeDetails (SCMHANodeDetails.java:loadSCMHAConfig(209)) - ServiceID for StorageContainerManager is scmServiceId
2022-12-22 10:14:38,733 [Listener at 127.0.0.1/44055] INFO  ha.SCMHANodeDetails (SCMHANodeDetails.java:loadSCMHAConfig(220)) - ServiceID for StorageContainerManager is scmServiceId
2022-12-22 10:14:38,734 [Listener at 127.0.0.1/44055] INFO  ha.SCMHANodeDetails (SCMHANodeDetails.java:loadSCMHAConfig(307)) - Found matching SCM address with SCMServiceId: scmServiceId, SCMNodeId: scmNode-1, RPC Address: localhost:42001 and Ratis port: 42001
2022-12-22 10:14:38,734 [Listener at 127.0.0.1/44055] INFO  ha.SCMHANodeDetails (ConfUtils.java:setNodeSpecificConfigs(97)) - Setting configuration key ozone.scm.datanode.address with value of key ozone.scm.datanode.address.scmServiceId.scmNode-1: 127.0.0.1:43945
2022-12-22 10:14:38,734 [Listener at 127.0.0.1/44055] INFO  ha.SCMHANodeDetails (ConfUtils.java:setNodeSpecificConfigs(97)) - Setting configuration key ozone.scm.block.client.address with value of key ozone.scm.block.client.address.scmServiceId.scmNode-1: 127.0.0.1:43201
2022-12-22 10:14:38,734 [Listener at 127.0.0.1/44055] INFO  ha.SCMHANodeDetails (ConfUtils.java:setNodeSpecificConfigs(97)) - Setting configuration key ozone.scm.client.address with value of key ozone.scm.client.address.scmServiceId.scmNode-1: 127.0.0.1:42833
2022-12-22 10:14:38,734 [Listener at 127.0.0.1/44055] INFO  ha.SCMHANodeDetails (ConfUtils.java:setNodeSpecificConfigs(97)) - Setting configuration key ozone.scm.ratis.port with value of key ozone.scm.ratis.port.scmServiceId.scmNode-1: 42001
2022-12-22 10:14:38,734 [Listener at 127.0.0.1/44055] INFO  ha.SCMHANodeDetails (ConfUtils.java:setNodeSpecificConfigs(97)) - Setting configuration key ozone.scm.grpc.port with value of key ozone.scm.grpc.port.scmServiceId.scmNode-1: 43833
2022-12-22 10:14:38,734 [Listener at 127.0.0.1/44055] INFO  ha.SCMHANodeDetails (ConfUtils.java:setNodeSpecificConfigs(97)) - Setting configuration key ozone.scm.http-address with value of key ozone.scm.http-address.scmServiceId.scmNode-1: 127.0.0.1:41715
2022-12-22 10:14:38,734 [Listener at 127.0.0.1/44055] INFO  ha.SCMHANodeDetails (ConfUtils.java:setNodeSpecificConfigs(97)) - Setting configuration key ozone.scm.https-address with value of key ozone.scm.https-address.scmServiceId.scmNode-1: 127.0.0.1:36849
2022-12-22 10:14:38,734 [Listener at 127.0.0.1/44055] INFO  ha.SCMHANodeDetails (ConfUtils.java:setNodeSpecificConfigs(97)) - Setting configuration key ozone.scm.address with value of key ozone.scm.address.scmServiceId.scmNode-1: 127.0.0.1
2022-12-22 10:14:38,734 [Listener at 127.0.0.1/44055] WARN  scm.ScmUtils (ScmUtils.java:logWarn(190)) - ConfigKey ozone.scm.block.client.address is deprecated, For configuring different ports for each SCM use PortConfigKey ozone.scm.block.client.port appended with serviceId and nodeId. If want to configure same port configure ozone.scm.block.client.port
2022-12-22 10:14:38,735 [Listener at 127.0.0.1/44055] WARN  scm.ScmUtils (ScmUtils.java:logWarn(190)) - ConfigKey ozone.scm.client.address is deprecated, For configuring different ports for each SCM use PortConfigKey ozone.scm.client.port appended with serviceId and nodeId. If want to configure same port configure ozone.scm.client.port
2022-12-22 10:14:38,735 [Listener at 127.0.0.1/44055] WARN  scm.ScmUtils (ScmUtils.java:logWarn(190)) - ConfigKey ozone.scm.datanode.address is deprecated, For configuring different ports for each SCM use PortConfigKey ozone.scm.datanode.port appended with serviceId and nodeId. If want to configure same port configure ozone.scm.datanode.port
2022-12-22 10:14:38,735 [Listener at 127.0.0.1/44055] WARN  utils.HAUtils (HAUtils.java:getMetaDir(342)) - ozone.scm.db.dirs is not configured. We recommend adding this setting. Falling back to ozone.metadata.dirs instead.
2022-12-22 10:14:38,735 [Listener at 127.0.0.1/44055] WARN  db.DBStoreBuilder (DBStoreBuilder.java:applyDBDefinition(144)) - ozone.scm.db.dirs is not configured. We recommend adding this setting. Falling back to ozone.metadata.dirs instead.
2022-12-22 10:14:38,820 [Listener at 127.0.0.1/44055] INFO  net.NodeSchemaLoader (NodeSchemaLoader.java:loadSchemaFromFile(129)) - Loading schema from [jar:file:/home/runner/.m2/repository/org/apache/ozone/hdds-common/1.3.0-SNAPSHOT/hdds-common-1.3.0-SNAPSHOT.jar!/network-topology-default.xml]
2022-12-22 10:14:38,820 [Listener at 127.0.0.1/44055] INFO  net.NodeSchemaLoader (NodeSchemaLoader.java:loadSchema(176)) - Loading network topology layer schema file
2022-12-22 10:14:38,824 [Listener at 127.0.0.1/44055] WARN  impl.MetricRegistriesImpl (MetricRegistriesImpl.java:addReporterRegistration(111)) - New reporters are added after registries were created. Some metrics will be missing from the reporter. Please add reporter before adding any new registry.
2022-12-22 10:14:38,824 [Listener at 127.0.0.1/44055] WARN  impl.MetricRegistriesImpl (MetricRegistriesImpl.java:addReporterRegistration(111)) - New reporters are added after registries were created. Some metrics will be missing from the reporter. Please add reporter before adding any new registry.
2022-12-22 10:14:38,825 [Listener at 127.0.0.1/44055] INFO  ha.SCMRatisServerImpl (SCMRatisServerImpl.java:<init>(87)) - starting Raft server for scm:945fd0ed-8171-4835-b0ec-144ef106a250
2022-12-22 10:14:38,828 [Listener at 127.0.0.1/44055] INFO  server.RaftServer (ConfUtils.java:logGet(46)) - raft.rpc.type = GRPC (default)
2022-12-22 10:14:38,828 [Listener at 127.0.0.1/44055] INFO  grpc.GrpcConfigKeys (ConfUtils.java:logFallback(53)) - raft.grpc.admin.host = null (fallback to raft.grpc.server.host)
2022-12-22 10:14:38,828 [Listener at 127.0.0.1/44055] INFO  grpc.GrpcConfigKeys (ConfUtils.java:logFallback(53)) - raft.grpc.admin.port = 42001 (fallback to raft.grpc.server.port)
2022-12-22 10:14:38,828 [Listener at 127.0.0.1/44055] INFO  grpc.GrpcConfigKeys (ConfUtils.java:logFallback(53)) - raft.grpc.client.host = null (fallback to raft.grpc.server.host)
2022-12-22 10:14:38,828 [Listener at 127.0.0.1/44055] INFO  grpc.GrpcConfigKeys (ConfUtils.java:logFallback(53)) - raft.grpc.client.port = 42001 (fallback to raft.grpc.server.port)
2022-12-22 10:14:38,828 [Listener at 127.0.0.1/44055] INFO  grpc.GrpcConfigKeys (ConfUtils.java:logGet(46)) - raft.grpc.server.host = null (default)
2022-12-22 10:14:38,828 [Listener at 127.0.0.1/44055] INFO  grpc.GrpcConfigKeys (ConfUtils.java:logGet(46)) - raft.grpc.server.port = 42001 (custom)
2022-12-22 10:14:38,828 [Listener at 127.0.0.1/44055] INFO  server.GrpcService (ConfUtils.java:logGet(46)) - raft.grpc.message.size.max = 32m (=33554432) (custom)
2022-12-22 10:14:38,829 [Listener at 127.0.0.1/44055] INFO  server.RaftServerConfigKeys (ConfUtils.java:logGet(46)) - raft.server.log.appender.buffer.byte-limit = 33554432 (custom)
2022-12-22 10:14:38,829 [Listener at 127.0.0.1/44055] INFO  server.GrpcService (ConfUtils.java:logGet(46)) - raft.grpc.flow.control.window = 1MB (=1048576) (default)
2022-12-22 10:14:38,829 [Listener at 127.0.0.1/44055] INFO  server.RaftServerConfigKeys (ConfUtils.java:logGet(46)) - raft.server.rpc.request.timeout = 30000ms (custom)
2022-12-22 10:14:38,829 [Listener at 127.0.0.1/44055] INFO  grpc.GrpcConfigKeys (ConfUtils.java:logGet(46)) - raft.grpc.server.heartbeat.channel = true (default)
2022-12-22 10:14:38,829 [Listener at 127.0.0.1/44055] INFO  grpc.GrpcConfigKeys (ConfUtils.java:logGet(46)) - raft.grpc.server.async.request.thread.pool.cached = true (default)
2022-12-22 10:14:38,829 [Listener at 127.0.0.1/44055] INFO  grpc.GrpcConfigKeys (ConfUtils.java:logGet(46)) - raft.grpc.server.async.request.thread.pool.size = 32 (default)
2022-12-22 10:14:38,830 [Listener at 127.0.0.1/44055] INFO  impl.DataStreamServerImpl (ConfUtils.java:logGet(46)) - raft.datastream.type = NETTY (custom)
2022-12-22 10:14:38,830 [Listener at 127.0.0.1/44055] INFO  server.RaftServerConfigKeys (ConfUtils.java:logGet(46)) - raft.server.data-stream.async.request.thread.pool.cached = false (default)
2022-12-22 10:14:38,830 [Listener at 127.0.0.1/44055] INFO  server.RaftServerConfigKeys (ConfUtils.java:logGet(46)) - raft.server.data-stream.async.request.thread.pool.size = 32 (default)
2022-12-22 10:14:38,830 [Listener at 127.0.0.1/44055] INFO  server.RaftServerConfigKeys (ConfUtils.java:logGet(46)) - raft.server.data-stream.async.write.thread.pool.size = 16 (default)
2022-12-22 10:14:38,831 [Listener at 127.0.0.1/44055] INFO  server.RaftServerConfigKeys (ConfUtils.java:logGet(46)) - raft.server.data-stream.client.pool.size = 10 (default)
2022-12-22 10:14:38,831 [Listener at 127.0.0.1/44055] INFO  netty.NettyConfigKeys$DataStream (ConfUtils.java:logGet(46)) - raft.netty.dataStream.server.use-epoll = false (default)
2022-12-22 10:14:38,831 [Listener at 127.0.0.1/44055] INFO  netty.NettyConfigKeys$DataStream (ConfUtils.java:logGet(46)) - raft.netty.dataStream.server.boss-group.size = 0 (default)
2022-12-22 10:14:38,831 [Listener at 127.0.0.1/44055] INFO  netty.NettyConfigKeys$DataStream (ConfUtils.java:logGet(46)) - raft.netty.dataStream.server.worker-group.size = 0 (default)
2022-12-22 10:14:38,831 [Listener at 127.0.0.1/44055] INFO  netty.NettyConfigKeys$DataStream (ConfUtils.java:logGet(46)) - raft.netty.dataStream.server.tls.conf = null (default)
2022-12-22 10:14:38,831 [Listener at 127.0.0.1/44055] INFO  netty.NettyConfigKeys$DataStream (ConfUtils.java:logGet(46)) - raft.netty.dataStream.host = null (default)
2022-12-22 10:14:38,832 [Listener at 127.0.0.1/44055] INFO  netty.NettyConfigKeys$DataStream (ConfUtils.java:logGet(46)) - raft.netty.dataStream.port = 0 (default)
2022-12-22 10:14:38,832 [Listener at 127.0.0.1/44055] INFO  server.RaftServerConfigKeys (ConfUtils.java:logGet(46)) - raft.server.threadpool.proxy.cached = true (default)
2022-12-22 10:14:38,832 [Listener at 127.0.0.1/44055] INFO  server.RaftServerConfigKeys (ConfUtils.java:logGet(46)) - raft.server.threadpool.proxy.size = 0 (default)
2022-12-22 10:14:38,832 [Listener at 127.0.0.1/44055] INFO  server.RaftServerConfigKeys (ConfUtils.java:logGet(46)) - raft.server.rpc.slowness.timeout = 120000ms (custom)
2022-12-22 10:14:38,832 [Listener at 127.0.0.1/44055] INFO  server.RaftServerConfigKeys (ConfUtils.java:logGet(46)) - raft.server.leaderelection.leader.step-down.wait-time = 10s (default)
2022-12-22 10:14:38,833 [Listener at 127.0.0.1/44055] INFO  server.RaftServerConfigKeys (ConfUtils.java:logGet(46)) - raft.server.storage.dir = [/home/runner/work/ozone/ozone/hadoop-ozone/integration-test/target/test-dir/MiniOzoneClusterImpl-e8789b07-7928-40b5-ad88-551b1740a89b/scmNode-1/scm-ha] (custom)
2022-12-22 10:14:38,834 [945fd0ed-8171-4835-b0ec-144ef106a250-impl-thread1] INFO  server.RaftServer (RaftServerProxy.java:initGroupDir(251)) - 945fd0ed-8171-4835-b0ec-144ef106a250: found a subdirectory /home/runner/work/ozone/ozone/hadoop-ozone/integration-test/target/test-dir/MiniOzoneClusterImpl-e8789b07-7928-40b5-ad88-551b1740a89b/scmNode-1/scm-ha/e8789b07-7928-40b5-ad88-551b1740a89b
2022-12-22 10:14:38,834 [945fd0ed-8171-4835-b0ec-144ef106a250-NettyServerStreamRpc-bossGroup--thread1] INFO  logging.LoggingHandler (AbstractInternalLogger.java:log(148)) - [id: 0xb23f49be] REGISTERED
2022-12-22 10:14:38,834 [pool-271-thread-1] INFO  server.RaftServer$Division (RaftServerImpl.java:<init>(195)) - 945fd0ed-8171-4835-b0ec-144ef106a250: new RaftServerImpl for group-551B1740A89B:[] with SCMStateMachine:uninitialized
2022-12-22 10:14:38,834 [Listener at 127.0.0.1/44055] INFO  server.RaftServer (RaftServerProxy.java:addNew(96)) - 945fd0ed-8171-4835-b0ec-144ef106a250: addNew group-551B1740A89B:[] returns group-551B1740A89B:java.util.concurrent.CompletableFuture@3d9c521d[Not completed]
2022-12-22 10:14:38,834 [pool-271-thread-1] INFO  server.RaftServerConfigKeys (ConfUtils.java:logGet(46)) - raft.server.rpc.timeout.min = 5000ms (custom)
2022-12-22 10:14:38,835 [945fd0ed-8171-4835-b0ec-144ef106a250-NettyServerStreamRpc-bossGroup--thread1] INFO  logging.LoggingHandler (AbstractInternalLogger.java:log(148)) - [id: 0xb23f49be] BIND: 0.0.0.0/0.0.0.0:0
2022-12-22 10:14:38,835 [pool-271-thread-1] INFO  server.RaftServerConfigKeys (ConfUtils.java:logGet(46)) - raft.server.rpc.timeout.max = 5200ms (custom)
2022-12-22 10:14:38,835 [pool-271-thread-1] INFO  server.RaftServerConfigKeys (ConfUtils.java:logGet(46)) - raft.server.rpc.sleep.time = 25ms (default)
2022-12-22 10:14:38,835 [945fd0ed-8171-4835-b0ec-144ef106a250-NettyServerStreamRpc-bossGroup--thread1] INFO  logging.LoggingHandler (AbstractInternalLogger.java:log(148)) - [id: 0xb23f49be, L:/0:0:0:0:0:0:0:0:43013] ACTIVE
2022-12-22 10:14:38,835 [pool-271-thread-1] INFO  server.RaftServerConfigKeys (ConfUtils.java:logGet(46)) - raft.server.rpc.slowness.timeout = 120000ms (custom)
2022-12-22 10:14:38,835 [pool-271-thread-1] INFO  server.RaftServerConfigKeys (ConfUtils.java:logGet(46)) - raft.server.leaderelection.leader.step-down.wait-time = 10s (default)
2022-12-22 10:14:38,835 [pool-271-thread-1] INFO  server.RaftServerConfigKeys (ConfUtils.java:logGet(46)) - raft.server.sleep.deviation.threshold = 300ms (default)
2022-12-22 10:14:38,835 [pool-271-thread-1] INFO  server.RaftServer$Division (ServerState.java:<init>(118)) - 945fd0ed-8171-4835-b0ec-144ef106a250@group-551B1740A89B: ConfigurationManager, init=-1: peers:[]|listeners:[], old=null, confs=<EMPTY_MAP>
2022-12-22 10:14:38,835 [pool-271-thread-1] INFO  server.RaftServerConfigKeys (ConfUtils.java:logGet(46)) - raft.server.storage.dir = [/home/runner/work/ozone/ozone/hadoop-ozone/integration-test/target/test-dir/MiniOzoneClusterImpl-e8789b07-7928-40b5-ad88-551b1740a89b/scmNode-1/scm-ha] (custom)
2022-12-22 10:14:38,835 [pool-271-thread-1] INFO  server.RaftServerConfigKeys (ConfUtils.java:logGet(46)) - raft.server.log.corruption.policy = EXCEPTION (default)
2022-12-22 10:14:38,835 [pool-271-thread-1] INFO  server.RaftServerConfigKeys (ConfUtils.java:logGet(46)) - raft.server.storage.free-space.min = 0MB (=0) (default)
2022-12-22 10:14:38,835 [pool-271-thread-1] INFO  server.RaftServerConfigKeys (ConfUtils.java:logGet(46)) - raft.server.notification.no-leader.timeout = 60s (default)
2022-12-22 10:14:38,837 [pool-271-thread-1] INFO  server.RaftServerConfigKeys (ConfUtils.java:logGet(46)) - raft.server.retrycache.expirytime = 60000ms (default)
2022-12-22 10:14:38,837 [pool-271-thread-1] INFO  server.RaftServerConfigKeys (ConfUtils.java:logGet(46)) - raft.server.retrycache.statistics.expirytime = 100μs (default)
2022-12-22 10:14:38,837 [pool-271-thread-1] INFO  server.RaftServerConfigKeys (ConfUtils.java:logGet(46)) - raft.server.log.appender.install.snapshot.enabled = false (custom)
2022-12-22 10:14:38,837 [pool-271-thread-1] INFO  server.RaftServerConfigKeys (ConfUtils.java:logGet(46)) - raft.server.threadpool.server.cached = true (default)
2022-12-22 10:14:38,837 [pool-271-thread-1] INFO  server.RaftServerConfigKeys (ConfUtils.java:logGet(46)) - raft.server.threadpool.server.size = 0 (default)
2022-12-22 10:14:38,837 [pool-271-thread-1] INFO  server.RaftServerConfigKeys (ConfUtils.java:logGet(46)) - raft.server.threadpool.client.cached = true (default)
2022-12-22 10:14:38,837 [pool-271-thread-1] INFO  server.RaftServerConfigKeys (ConfUtils.java:logGet(46)) - raft.server.threadpool.client.size = 0 (default)
2022-12-22 10:14:38,837 [Listener at 127.0.0.1/44055] INFO  ha.SCMSnapshotProvider (SCMSnapshotProvider.java:<init>(66)) - Initializing SCM Snapshot Provider
2022-12-22 10:14:38,837 [Listener at 127.0.0.1/44055] WARN  server.ServerUtils (ServerUtils.java:getDefaultRatisDirectory(237)) - Storage directory for Ratis is not configured. It is a good idea to map this to an SSD disk. Falling back to ozone.metadata.dirs
2022-12-22 10:14:38,838 [Listener at 127.0.0.1/44055] WARN  ha.SCMHAUtils (SCMHAUtils.java:getSCMRatisSnapshotDirectory(153)) - SCM snapshot dir is not configured. Falling back to ozone.metadata.dirs config
2022-12-22 10:14:38,838 [Listener at 127.0.0.1/44055] INFO  upgrade.AbstractLayoutVersionManager (AbstractLayoutVersionManager.java:init(83)) - Initializing Layout version manager with metadata layout = DATANODE_SCHEMA_V3 (version = 4), software layout = DATANODE_SCHEMA_V3 (version = 4)
2022-12-22 10:14:38,841 [EndpointStateMachine task thread for /127.0.0.1:42129 - 0 ] INFO  ipc.Client (Client.java:handleConnectionFailure(1010)) - Retrying connect to server: localhost/127.0.0.1:42129. Already tried 12 time(s); retry policy is RetryUpToMaximumCountWithFixedSleep(maxRetries=15, sleepTime=1000 MILLISECONDS)
2022-12-22 10:14:38,881 [Listener at 127.0.0.1/44055] INFO  reflections.Reflections (Reflections.java:scan(232)) - Reflections took 42 ms to scan 7 urls, producing 146 keys and 348 values 
2022-12-22 10:14:38,884 [Listener at 127.0.0.1/44055] INFO  ha.SequenceIdGenerator (SequenceIdGenerator.java:upgradeToSequenceId(349)) - upgrade localId to 109611004723200000
2022-12-22 10:14:38,885 [Listener at 127.0.0.1/44055] INFO  ha.SequenceIdGenerator (SequenceIdGenerator.java:upgradeToSequenceId(359)) - upgrade delTxnId to 0
2022-12-22 10:14:38,886 [Listener at 127.0.0.1/44055] INFO  ha.SequenceIdGenerator (SequenceIdGenerator.java:upgradeToSequenceId(376)) - upgrade containerId to 0
2022-12-22 10:14:38,886 [Listener at 127.0.0.1/44055] INFO  ha.SequenceIdGenerator (SequenceIdGenerator.java:<init>(220)) - Init the HA SequenceIdGenerator.
2022-12-22 10:14:38,887 [Listener at 127.0.0.1/44055] INFO  node.SCMNodeManager (SCMNodeManager.java:<init>(149)) - Entering startup safe mode.
2022-12-22 10:14:38,887 [Listener at 127.0.0.1/44055] INFO  algorithms.ContainerPlacementPolicyFactory (ContainerPlacementPolicyFactory.java:getPolicyInternal(86)) - Create container placement policy of type org.apache.hadoop.hdds.scm.container.placement.algorithms.SCMContainerPlacementRandom
2022-12-22 10:14:38,887 [Listener at 127.0.0.1/44055] INFO  algorithms.ContainerPlacementPolicyFactory (ContainerPlacementPolicyFactory.java:getPolicyInternal(86)) - Create container placement policy of type org.apache.hadoop.hdds.scm.container.placement.algorithms.SCMContainerPlacementRackScatter
2022-12-22 10:14:38,887 [Listener at 127.0.0.1/44055] INFO  pipeline.PipelineStateManagerImpl (PipelineStateManagerImpl.java:initialize(78)) - No pipeline exists in current db
2022-12-22 10:14:38,892 [Listener at 127.0.0.1/44055] INFO  algorithms.LeaderChoosePolicyFactory (LeaderChoosePolicyFactory.java:getPolicy(57)) - Create leader choose policy of type org.apache.hadoop.hdds.scm.pipeline.leader.choose.algorithms.MinLeaderCountChoosePolicy
2022-12-22 10:14:38,892 [Listener at 127.0.0.1/44055] INFO  algorithms.ContainerPlacementPolicyFactory (ContainerPlacementPolicyFactory.java:getPolicyInternal(86)) - Create container placement policy of type org.apache.hadoop.hdds.scm.container.placement.algorithms.SCMContainerPlacementRackScatter
2022-12-22 10:14:38,892 [Listener at 127.0.0.1/44055] INFO  ha.SCMServiceManager (SCMServiceManager.java:register(42)) - Registering service BackgroundPipelineCreator.
2022-12-22 10:14:38,892 [Listener at 127.0.0.1/44055] INFO  pipeline.BackgroundPipelineCreator (BackgroundPipelineCreator.java:start(124)) - Starting RatisPipelineUtilsThread.
2022-12-22 10:14:38,893 [Listener at 127.0.0.1/44055] INFO  BackgroundPipelineScrubber (BackgroundSCMService.java:start(68)) - Starting BackgroundPipelineScrubber Service.
2022-12-22 10:14:38,893 [Listener at 127.0.0.1/44055] INFO  ha.SCMServiceManager (SCMServiceManager.java:register(42)) - Registering service BackgroundPipelineScrubber.
2022-12-22 10:14:38,893 [Listener at 127.0.0.1/44055] INFO  ExpiredContainerReplicaOpScrubber (BackgroundSCMService.java:start(68)) - Starting ExpiredContainerReplicaOpScrubber Service.
2022-12-22 10:14:38,894 [Listener at 127.0.0.1/44055] INFO  ha.SCMServiceManager (SCMServiceManager.java:register(42)) - Registering service ExpiredContainerReplicaOpScrubber.
2022-12-22 10:14:38,895 [Listener at 127.0.0.1/44055] INFO  algorithms.PipelineChoosePolicyFactory (PipelineChoosePolicyFactory.java:createPipelineChoosePolicyFromClass(73)) - Create pipeline choose policy of type org.apache.hadoop.hdds.scm.pipeline.choose.algorithms.RandomPipelineChoosePolicy
2022-12-22 10:14:38,895 [Listener at 127.0.0.1/44055] INFO  ha.SCMServiceManager (SCMServiceManager.java:register(42)) - Registering service SCMBlockDeletingService.
2022-12-22 10:14:38,895 [Listener at 127.0.0.1/44055] INFO  replication.ReplicationManager (ReplicationManager.java:start(261)) - Starting Replication Monitor Thread.
2022-12-22 10:14:38,897 [Listener at 127.0.0.1/44055] INFO  ha.SCMServiceManager (SCMServiceManager.java:register(42)) - Registering service ReplicationManager.
2022-12-22 10:14:38,897 [Listener at 127.0.0.1/44055] INFO  safemode.ContainerSafeModeRule (ContainerSafeModeRule.java:<init>(89)) - containers with one replica threshold count 0
2022-12-22 10:14:38,898 [Listener at 127.0.0.1/44055] INFO  safemode.HealthyPipelineSafeModeRule (HealthyPipelineSafeModeRule.java:initializeRule(169)) - Total pipeline count is 0, healthy pipeline threshold count is 1
2022-12-22 10:14:38,898 [Listener at 127.0.0.1/44055] INFO  safemode.OneReplicaPipelineSafeModeRule (OneReplicaPipelineSafeModeRule.java:initializeRule(180)) - Total pipeline count is 0, pipeline's with at least one datanode reported threshold count is 0
2022-12-22 10:14:38,899 [Listener at 127.0.0.1/44055] INFO  ipc.CallQueueManager (CallQueueManager.java:<init>(90)) - Using callQueue: class java.util.concurrent.LinkedBlockingQueue, queueCapacity: 10000, scheduler: class org.apache.hadoop.ipc.DefaultRpcScheduler, ipcBackoff: false.
2022-12-22 10:14:38,900 [Socket Reader #1 for port 43945] INFO  ipc.Server (Server.java:run(1273)) - Starting Socket Reader #1 for port 43945
2022-12-22 10:14:38,901 [ReplicationMonitor] INFO  replication.ReplicationManager (ReplicationManager.java:processAll(330)) - Replication Manager is not ready to run until 300000ms after safemode exit
2022-12-22 10:14:38,901 [Listener at 0.0.0.0/43945] INFO  ipc.CallQueueManager (CallQueueManager.java:<init>(90)) - Using callQueue: class java.util.concurrent.LinkedBlockingQueue, queueCapacity: 10000, scheduler: class org.apache.hadoop.ipc.DefaultRpcScheduler, ipcBackoff: false.
2022-12-22 10:14:38,903 [Listener at 0.0.0.0/43201] INFO  ipc.CallQueueManager (CallQueueManager.java:<init>(90)) - Using callQueue: class java.util.concurrent.LinkedBlockingQueue, queueCapacity: 10000, scheduler: class org.apache.hadoop.ipc.DefaultRpcScheduler, ipcBackoff: false.
2022-12-22 10:14:38,905 [Socket Reader #1 for port 43201] INFO  ipc.Server (Server.java:run(1273)) - Starting Socket Reader #1 for port 43201
2022-12-22 10:14:38,910 [Socket Reader #1 for port 42833] INFO  ipc.Server (Server.java:run(1273)) - Starting Socket Reader #1 for port 42833
2022-12-22 10:14:38,922 [Listener at 0.0.0.0/42833] INFO  ha.SCMServiceManager (SCMServiceManager.java:register(42)) - Registering service ContainerBalancer.
2022-12-22 10:14:38,922 [Listener at 0.0.0.0/42833] INFO  server.StorageContainerManager (StorageContainerManager.java:<init>(398)) - 
Container Balancer status:
Key                            Value
Running                        true
Container Balancer Configuration values:
Key                                                Value
Threshold                                          10
Max Datanodes to Involve per Iteration(percent)    20
Max Size to Move per Iteration                     500GB
Max Size Entering Target per Iteration             26GB
Max Size Leaving Source per Iteration              26GB

2022-12-22 10:14:38,922 [Listener at 0.0.0.0/42833] INFO  ha.SCMContext (SCMContext.java:updateSafeModeStatus(228)) - Update SafeModeStatus from SafeModeStatus{safeModeStatus=true, preCheckPassed=false} to SafeModeStatus{safeModeStatus=true, preCheckPassed=false}.
2022-12-22 10:14:38,922 [Listener at 0.0.0.0/42833] INFO  server.StorageContainerManager (StorageContainerManager.java:start(1423)) - StorageContainerLocationProtocol RPC server is listening at /0.0.0.0:42833
2022-12-22 10:14:38,922 [Listener at 0.0.0.0/42833] INFO  ha.SCMRatisServerImpl (SCMRatisServerImpl.java:start(178)) - starting ratis server 0.0.0.0:42001
2022-12-22 10:14:38,923 [945fd0ed-8171-4835-b0ec-144ef106a250-impl-thread1] INFO  storage.RaftStorageDirectory (RaftStorageDirectoryImpl.java:tryLock(231)) - Lock on /home/runner/work/ozone/ozone/hadoop-ozone/integration-test/target/test-dir/MiniOzoneClusterImpl-e8789b07-7928-40b5-ad88-551b1740a89b/scmNode-1/scm-ha/e8789b07-7928-40b5-ad88-551b1740a89b/in_use.lock acquired by nodename 33150@fv-az345-686
2022-12-22 10:14:38,924 [945fd0ed-8171-4835-b0ec-144ef106a250-impl-thread1] INFO  storage.RaftStorage (RaftStorageImpl.java:analyzeAndRecoverStorage(117)) - Read RaftStorageMetadata{term=1, votedFor=945fd0ed-8171-4835-b0ec-144ef106a250} from /home/runner/work/ozone/ozone/hadoop-ozone/integration-test/target/test-dir/MiniOzoneClusterImpl-e8789b07-7928-40b5-ad88-551b1740a89b/scmNode-1/scm-ha/e8789b07-7928-40b5-ad88-551b1740a89b/current/raft-meta
2022-12-22 10:14:38,924 [945fd0ed-8171-4835-b0ec-144ef106a250-impl-thread1] INFO  server.RaftServer$Division (ServerState.java:setRaftConf(430)) - 945fd0ed-8171-4835-b0ec-144ef106a250@group-551B1740A89B: set configuration 0: peers:[945fd0ed-8171-4835-b0ec-144ef106a250|rpc:localhost:42001|admin:|client:|dataStream:|priority:0|startupRole:FOLLOWER]|listeners:[], old=null
2022-12-22 10:14:38,924 [945fd0ed-8171-4835-b0ec-144ef106a250-impl-thread1] INFO  server.RaftServerConfigKeys (ConfUtils.java:logGet(46)) - raft.server.log.use.memory = false (default)
2022-12-22 10:14:38,924 [945fd0ed-8171-4835-b0ec-144ef106a250-impl-thread1] INFO  server.RaftServerConfigKeys (ConfUtils.java:logGet(46)) - raft.server.log.purge.gap = 1000000 (custom)
2022-12-22 10:14:38,924 [945fd0ed-8171-4835-b0ec-144ef106a250-impl-thread1] INFO  server.RaftServerConfigKeys (ConfUtils.java:logGet(46)) - raft.server.log.appender.buffer.byte-limit = 33554432 (custom)
2022-12-22 10:14:38,924 [945fd0ed-8171-4835-b0ec-144ef106a250-impl-thread1] INFO  server.RaftServerConfigKeys (ConfUtils.java:logGet(46)) - raft.server.log.statemachine.data.read.timeout = 1000ms (default)
2022-12-22 10:14:38,924 [945fd0ed-8171-4835-b0ec-144ef106a250-impl-thread1] INFO  server.RaftServerConfigKeys (ConfUtils.java:logGet(46)) - raft.server.log.purge.preservation.log.num = 0 (default)
2022-12-22 10:14:38,925 [945fd0ed-8171-4835-b0ec-144ef106a250-impl-thread1] INFO  server.RaftServerConfigKeys (ConfUtils.java:logGet(46)) - raft.server.log.segment.size.max = 4194304 (custom)
2022-12-22 10:14:38,925 [945fd0ed-8171-4835-b0ec-144ef106a250-impl-thread1] INFO  server.RaftServerConfigKeys (ConfUtils.java:logGet(46)) - raft.server.log.segment.cache.num.max = 2 (custom)
2022-12-22 10:14:38,925 [945fd0ed-8171-4835-b0ec-144ef106a250-impl-thread1] INFO  server.RaftServerConfigKeys (ConfUtils.java:logGet(46)) - raft.server.log.segment.cache.size.max = 200MB (=209715200) (default)
2022-12-22 10:14:38,925 [945fd0ed-8171-4835-b0ec-144ef106a250-impl-thread1] INFO  segmented.SegmentedRaftLogWorker (SegmentedRaftLogWorker.java:<init>(189)) - new 945fd0ed-8171-4835-b0ec-144ef106a250@group-551B1740A89B-SegmentedRaftLogWorker for RaftStorageImpl:Storage Directory /home/runner/work/ozone/ozone/hadoop-ozone/integration-test/target/test-dir/MiniOzoneClusterImpl-e8789b07-7928-40b5-ad88-551b1740a89b/scmNode-1/scm-ha/e8789b07-7928-40b5-ad88-551b1740a89b
2022-12-22 10:14:38,925 [945fd0ed-8171-4835-b0ec-144ef106a250-impl-thread1] INFO  server.RaftServerConfigKeys (ConfUtils.java:logGet(46)) - raft.server.log.queue.byte-limit = 64MB (=67108864) (default)
2022-12-22 10:14:38,925 [945fd0ed-8171-4835-b0ec-144ef106a250-impl-thread1] INFO  server.RaftServerConfigKeys (ConfUtils.java:logGet(46)) - raft.server.log.queue.element-limit = 4096 (default)
2022-12-22 10:14:38,925 [945fd0ed-8171-4835-b0ec-144ef106a250-impl-thread1] INFO  server.RaftServerConfigKeys (ConfUtils.java:logGet(46)) - raft.server.log.segment.size.max = 4194304 (custom)
2022-12-22 10:14:38,925 [945fd0ed-8171-4835-b0ec-144ef106a250-impl-thread1] INFO  server.RaftServerConfigKeys (ConfUtils.java:logGet(46)) - raft.server.log.preallocated.size = 4194304 (custom)
2022-12-22 10:14:38,925 [945fd0ed-8171-4835-b0ec-144ef106a250-impl-thread1] INFO  server.RaftServerConfigKeys (ConfUtils.java:logGet(46)) - raft.server.log.force.sync.num = 128 (default)
2022-12-22 10:14:38,925 [945fd0ed-8171-4835-b0ec-144ef106a250-impl-thread1] INFO  server.RaftServerConfigKeys (ConfUtils.java:logGet(46)) - raft.server.log.statemachine.data.sync = true (default)
2022-12-22 10:14:38,925 [945fd0ed-8171-4835-b0ec-144ef106a250-impl-thread1] INFO  server.RaftServerConfigKeys (ConfUtils.java:logGet(46)) - raft.server.log.statemachine.data.sync.timeout = 10s (default)
2022-12-22 10:14:38,925 [945fd0ed-8171-4835-b0ec-144ef106a250-impl-thread1] INFO  server.RaftServerConfigKeys (ConfUtils.java:logGet(46)) - raft.server.log.statemachine.data.sync.timeout.retry = -1 (default)
2022-12-22 10:14:38,925 [945fd0ed-8171-4835-b0ec-144ef106a250-impl-thread1] INFO  server.RaftServerConfigKeys (ConfUtils.java:logGet(46)) - raft.server.log.write.buffer.size = 64KB (=65536) (default)
2022-12-22 10:14:38,925 [945fd0ed-8171-4835-b0ec-144ef106a250-impl-thread1] INFO  server.RaftServerConfigKeys (ConfUtils.java:logGet(46)) - raft.server.log.appender.buffer.byte-limit = 33554432 (custom)
2022-12-22 10:14:38,928 [945fd0ed-8171-4835-b0ec-144ef106a250-impl-thread1] INFO  server.RaftServerConfigKeys (ConfUtils.java:logGet(46)) - raft.server.log.unsafe-flush.enabled = false (default)
2022-12-22 10:14:38,928 [945fd0ed-8171-4835-b0ec-144ef106a250-impl-thread1] INFO  server.RaftServerConfigKeys (ConfUtils.java:logGet(46)) - raft.server.log.async-flush.enabled = false (default)
2022-12-22 10:14:38,928 [945fd0ed-8171-4835-b0ec-144ef106a250-impl-thread1] INFO  server.RaftServerConfigKeys (ConfUtils.java:logGet(46)) - raft.server.log.statemachine.data.caching.enabled = false (default)
2022-12-22 10:14:38,929 [945fd0ed-8171-4835-b0ec-144ef106a250-impl-thread1] INFO  server.RaftServer$Division (ServerState.java:setRaftConf(430)) - 945fd0ed-8171-4835-b0ec-144ef106a250@group-551B1740A89B: set configuration 0: peers:[945fd0ed-8171-4835-b0ec-144ef106a250|rpc:localhost:42001|admin:|client:|dataStream:|priority:0|startupRole:FOLLOWER]|listeners:[], old=null
2022-12-22 10:14:38,929 [945fd0ed-8171-4835-b0ec-144ef106a250-impl-thread1] INFO  segmented.LogSegment (LogSegment.java:loadSegment(173)) - Successfully read 1 entries from segment file /home/runner/work/ozone/ozone/hadoop-ozone/integration-test/target/test-dir/MiniOzoneClusterImpl-e8789b07-7928-40b5-ad88-551b1740a89b/scmNode-1/scm-ha/e8789b07-7928-40b5-ad88-551b1740a89b/current/log_inprogress_0
2022-12-22 10:14:38,929 [945fd0ed-8171-4835-b0ec-144ef106a250-impl-thread1] INFO  segmented.SegmentedRaftLogWorker (SegmentedRaftLogWorker.java:lambda$new$0(135)) - 945fd0ed-8171-4835-b0ec-144ef106a250@group-551B1740A89B-SegmentedRaftLogWorker: flushIndex: setUnconditionally 0 -> 0
2022-12-22 10:14:38,929 [945fd0ed-8171-4835-b0ec-144ef106a250-impl-thread1] INFO  segmented.SegmentedRaftLogWorker (SegmentedRaftLogWorker.java:lambda$new$0(135)) - 945fd0ed-8171-4835-b0ec-144ef106a250@group-551B1740A89B-SegmentedRaftLogWorker: safeCacheEvictIndex: setUnconditionally 0 -> -1
2022-12-22 10:14:38,929 [945fd0ed-8171-4835-b0ec-144ef106a250-impl-thread1] INFO  server.RaftServer$Division (RaftServerImpl.java:start(334)) - 945fd0ed-8171-4835-b0ec-144ef106a250@group-551B1740A89B: start as a follower, conf=0: peers:[945fd0ed-8171-4835-b0ec-144ef106a250|rpc:localhost:42001|admin:|client:|dataStream:|priority:0|startupRole:FOLLOWER]|listeners:[], old=null
2022-12-22 10:14:38,929 [945fd0ed-8171-4835-b0ec-144ef106a250-impl-thread1] INFO  server.RaftServer$Division (RaftServerImpl.java:setRole(321)) - 945fd0ed-8171-4835-b0ec-144ef106a250@group-551B1740A89B: changes role from      null to FOLLOWER at term 1 for startAsFollower
2022-12-22 10:14:38,929 [945fd0ed-8171-4835-b0ec-144ef106a250-impl-thread1] INFO  impl.RoleInfo (RoleInfo.java:updateAndGet(139)) - 945fd0ed-8171-4835-b0ec-144ef106a250: start 945fd0ed-8171-4835-b0ec-144ef106a250@group-551B1740A89B-FollowerState
2022-12-22 10:14:38,929 [945fd0ed-8171-4835-b0ec-144ef106a250-impl-thread1] INFO  util.JmxRegister (JmxRegister.java:tryRegister(44)) - Successfully registered JMX Bean with object name Ratis:service=RaftServer,group=group-551B1740A89B,id=945fd0ed-8171-4835-b0ec-144ef106a250
2022-12-22 10:14:38,929 [945fd0ed-8171-4835-b0ec-144ef106a250-impl-thread1] INFO  server.RaftServerConfigKeys (ConfUtils.java:logGet(46)) - raft.server.snapshot.auto.trigger.enabled = true (custom)
2022-12-22 10:14:38,930 [945fd0ed-8171-4835-b0ec-144ef106a250-impl-thread1] INFO  server.RaftServerConfigKeys (ConfUtils.java:logGet(46)) - raft.server.snapshot.auto.trigger.threshold = 1000 (custom)
2022-12-22 10:14:38,930 [945fd0ed-8171-4835-b0ec-144ef106a250-impl-thread1] INFO  server.RaftServerConfigKeys (ConfUtils.java:logGet(46)) - raft.server.snapshot.retention.file.num = -1 (default)
2022-12-22 10:14:38,930 [945fd0ed-8171-4835-b0ec-144ef106a250-impl-thread1] INFO  server.RaftServerConfigKeys (ConfUtils.java:logGet(46)) - raft.server.log.purge.upto.snapshot.index = false (default)
2022-12-22 10:14:38,930 [Listener at 0.0.0.0/42833] INFO  server.RaftServer (RaftServerProxy.java:startImpl(393)) - 945fd0ed-8171-4835-b0ec-144ef106a250: start RPC server
2022-12-22 10:14:38,937 [Listener at 0.0.0.0/42833] INFO  server.GrpcService (GrpcService.java:startImpl(262)) - 945fd0ed-8171-4835-b0ec-144ef106a250: GrpcService started, listening on 42001
2022-12-22 10:14:38,937 [Listener at 0.0.0.0/42833] INFO  ha.SCMHAManagerImpl (SCMHAManagerImpl.java:start(121)) -  scm role is FOLLOWER peers [945fd0ed-8171-4835-b0ec-144ef106a250|rpc:localhost:42001|admin:|client:|dataStream:|priority:0|startupRole:FOLLOWER]
2022-12-22 10:14:38,937 [Listener at 0.0.0.0/42833] INFO  ha.InterSCMGrpcService (InterSCMGrpcProtocolService.java:start(94)) - Starting SCM Grpc Service at port 43833
2022-12-22 10:14:38,937 [JvmPauseMonitor10] INFO  util.JvmPauseMonitor (JvmPauseMonitor.java:run(105)) - JvmPauseMonitor-945fd0ed-8171-4835-b0ec-144ef106a250: Started
2022-12-22 10:14:38,944 [Listener at 0.0.0.0/42833] WARN  impl.MetricsConfig (MetricsConfig.java:loadFirst(136)) - Cannot locate configuration: tried hadoop-metrics2-storagecontainermanager.properties,hadoop-metrics2.properties
2022-12-22 10:14:38,944 [Listener at 0.0.0.0/42833] INFO  impl.MetricsSystemImpl (MetricsSystemImpl.java:startTimer(378)) - Scheduled Metric snapshot period at 10 second(s).
2022-12-22 10:14:38,944 [Listener at 0.0.0.0/42833] INFO  impl.MetricsSystemImpl (MetricsSystemImpl.java:start(191)) - StorageContainerManager metrics system started
2022-12-22 10:14:38,941 [945fd0ed-8171-4835-b0ec-144ef106a250@group-551B1740A89B-FollowerState] INFO  server.RaftServerConfigKeys (ConfUtils.java:logFallback(53)) - raft.server.rpc.first-election.timeout.min = 5000ms (fallback to raft.server.rpc.timeout.min)
2022-12-22 10:14:38,945 [945fd0ed-8171-4835-b0ec-144ef106a250@group-551B1740A89B-FollowerState] INFO  server.RaftServerConfigKeys (ConfUtils.java:logFallback(53)) - raft.server.rpc.first-election.timeout.max = 5200ms (fallback to raft.server.rpc.timeout.max)
2022-12-22 10:14:38,954 [Listener at 0.0.0.0/42833] INFO  impl.MetricsSinkAdapter (MetricsSinkAdapter.java:start(204)) - Sink prometheus started
2022-12-22 10:14:38,959 [Listener at 0.0.0.0/42833] INFO  impl.MetricsSystemImpl (MetricsSystemImpl.java:registerSink(305)) - Registered sink prometheus
2022-12-22 10:14:38,970 [Listener at 0.0.0.0/42833] INFO  server.SCMClientProtocolServer (SCMClientProtocolServer.java:start(170)) - RPC server for Client  is listening at /0.0.0.0:42833
2022-12-22 10:14:38,970 [IPC Server Responder] INFO  ipc.Server (Server.java:run(1512)) - IPC Server Responder: starting
2022-12-22 10:14:38,976 [IPC Server listener on 42833] INFO  ipc.Server (Server.java:run(1352)) - IPC Server listener on 42833: starting
2022-12-22 10:14:38,996 [Listener at 0.0.0.0/42833] INFO  server.StorageContainerManager (StorageContainerManager.java:start(1437)) - ScmBlockLocationProtocol RPC server is listening at /0.0.0.0:43201
2022-12-22 10:14:38,997 [Listener at 0.0.0.0/42833] INFO  server.SCMBlockProtocolServer (SCMBlockProtocolServer.java:start(152)) - RPC server for Block Protocol is listening at /0.0.0.0:43201
2022-12-22 10:14:38,997 [IPC Server Responder] INFO  ipc.Server (Server.java:run(1512)) - IPC Server Responder: starting
2022-12-22 10:14:38,997 [IPC Server listener on 43201] INFO  ipc.Server (Server.java:run(1352)) - IPC Server listener on 43201: starting
2022-12-22 10:14:39,013 [org.apache.hadoop.util.JvmPauseMonitor$Monitor@43d22b4] INFO  util.JvmPauseMonitor (JvmPauseMonitor.java:run(188)) - Starting JVM pause monitor
2022-12-22 10:14:39,013 [Listener at 0.0.0.0/42833] INFO  http.BaseHttpServer (BaseHttpServer.java:newHttpServer2BuilderForOzone(213)) - Starting Web-server for scm at: http://0.0.0.0:41715
2022-12-22 10:14:39,013 [Listener at 0.0.0.0/42833] INFO  http.BaseHttpServer (BaseHttpServer.java:<init>(108)) - Hadoop Security Enabled: false Ozone Security Enabled: false Ozone HTTP Security Enabled: false 
2022-12-22 10:14:39,015 [Listener at 0.0.0.0/42833] WARN  server.AuthenticationFilter (AuthenticationFilter.java:constructSecretProvider(240)) - Unable to initialize FileSignerSecretProvider, falling back to use random secrets. Reason: Could not read signature secret file: /home/runner/hadoop-http-auth-signature-secret
2022-12-22 10:14:39,015 [Listener at 0.0.0.0/42833] WARN  http.HttpRequestLog (HttpRequestLog.java:getRequestLog(103)) - Jetty request log can only be enabled using Log4j
2022-12-22 10:14:39,021 [Listener at 0.0.0.0/42833] INFO  http.HttpServer2 (HttpServer2.java:addGlobalFilter(1031)) - Added global filter 'safety' (class=org.apache.hadoop.hdds.server.http.HttpServer2$QuotingInputFilter)
2022-12-22 10:14:39,023 [Listener at 0.0.0.0/42833] INFO  http.HttpServer2 (HttpServer2.java:addFilter(1007)) - Added filter static_user_filter (class=org.apache.hadoop.http.lib.StaticUserWebFilter$StaticUserFilter) to context scm
2022-12-22 10:14:39,023 [Listener at 0.0.0.0/42833] INFO  http.HttpServer2 (HttpServer2.java:addFilter(1015)) - Added filter static_user_filter (class=org.apache.hadoop.http.lib.StaticUserWebFilter$StaticUserFilter) to context logs
2022-12-22 10:14:39,024 [Listener at 0.0.0.0/42833] INFO  http.HttpServer2 (HttpServer2.java:addFilter(1015)) - Added filter static_user_filter (class=org.apache.hadoop.http.lib.StaticUserWebFilter$StaticUserFilter) to context static
2022-12-22 10:14:39,024 [Listener at 0.0.0.0/42833] INFO  http.HttpServer2 (HttpServer2.java:bindListener(1250)) - Jetty bound to port 41715
2022-12-22 10:14:39,025 [Listener at 0.0.0.0/42833] INFO  server.Server (Server.java:doStart(375)) - jetty-9.4.49.v20220914; built: 2022-09-14T01:07:36.601Z; git: 4231a3b2e4cb8548a412a789936d640a97b1aa0a; jvm 1.8.0_352-b08
2022-12-22 10:14:39,029 [Listener at 0.0.0.0/42833] INFO  server.session (DefaultSessionIdManager.java:doStart(334)) - DefaultSessionIdManager workerName=node0
2022-12-22 10:14:39,029 [Listener at 0.0.0.0/42833] INFO  server.session (DefaultSessionIdManager.java:doStart(339)) - No SessionScavenger set, using defaults
2022-12-22 10:14:39,029 [Listener at 0.0.0.0/42833] INFO  server.session (HouseKeeper.java:startScavenging(132)) - node0 Scavenging every 600000ms
2022-12-22 10:14:39,030 [Listener at 0.0.0.0/42833] INFO  handler.ContextHandler (ContextHandler.java:doStart(921)) - Started o.e.j.s.ServletContextHandler@f4da21b{logs,/logs,file:///home/runner/work/ozone/ozone/hadoop-ozone/integration-test/target/log,AVAILABLE}
2022-12-22 10:14:39,030 [Listener at 0.0.0.0/42833] INFO  handler.ContextHandler (ContextHandler.java:doStart(921)) - Started o.e.j.s.ServletContextHandler@6e94efaa{static,/static,file:///home/runner/work/ozone/ozone/hadoop-ozone/integration-test/target/test-classes/webapps/static,AVAILABLE}
2022-12-22 10:14:39,035 [Listener at 0.0.0.0/42833] INFO  handler.ContextHandler (ContextHandler.java:doStart(921)) - Started o.e.j.w.WebAppContext@4447188d{scm,/,file:///home/runner/work/ozone/ozone/hadoop-ozone/integration-test/target/test-classes/webapps/scm/,AVAILABLE}{file:/home/runner/work/ozone/ozone/hadoop-ozone/integration-test/target/test-classes/webapps/scm}
2022-12-22 10:14:39,037 [Listener at 0.0.0.0/42833] INFO  server.AbstractConnector (AbstractConnector.java:doStart(333)) - Started ServerConnector@43dad60c{HTTP/1.1, (http/1.1)}{0.0.0.0:41715}
2022-12-22 10:14:39,037 [Listener at 0.0.0.0/42833] INFO  server.Server (Server.java:doStart(415)) - Started @62768ms
2022-12-22 10:14:39,037 [Listener at 0.0.0.0/42833] WARN  impl.MetricsSystemImpl (MetricsSystemImpl.java:register(279)) - Sink prometheus already exists!
2022-12-22 10:14:39,037 [Listener at 0.0.0.0/42833] INFO  http.BaseHttpServer (BaseHttpServer.java:updateConnectorAddress(333)) - HTTP server of scm listening at http://0.0.0.0:41715
2022-12-22 10:14:39,037 [Listener at 0.0.0.0/42833] INFO  ozone.MiniOzoneHAClusterImpl (MiniOzoneHAClusterImpl.java:createSCMService(606)) - Started SCM RPC server at /0.0.0.0:42833
2022-12-22 10:14:39,038 [Listener at 0.0.0.0/42833] INFO  ha.OMHANodeDetails (OMHANodeDetails.java:loadOMHAConfig(121)) - ServiceID for OzoneManager is om-add-remove
2022-12-22 10:14:39,038 [Listener at 0.0.0.0/42833] INFO  ha.OMHANodeDetails (OMHANodeDetails.java:loadOMHAConfig(201)) - Found matching OM address with OMServiceId: om-add-remove, OMNodeId: omNode-1, RPC Address: localhost:43455 and Ratis port: 43101
2022-12-22 10:14:39,039 [Listener at 0.0.0.0/42833] INFO  ha.OMHANodeDetails (ConfUtils.java:setNodeSpecificConfigs(97)) - Setting configuration key ozone.om.http-address with value of key ozone.om.http-address.om-add-remove.omNode-1: 127.0.0.1:42305
2022-12-22 10:14:39,039 [Listener at 0.0.0.0/42833] INFO  ha.OMHANodeDetails (ConfUtils.java:setNodeSpecificConfigs(97)) - Setting configuration key ozone.om.https-address with value of key ozone.om.https-address.om-add-remove.omNode-1: 127.0.0.1:41109
2022-12-22 10:14:39,039 [Listener at 0.0.0.0/42833] INFO  ha.OMHANodeDetails (ConfUtils.java:setNodeSpecificConfigs(97)) - Setting configuration key ozone.om.address with value of key ozone.om.address.om-add-remove.omNode-1: 127.0.0.1:43455
2022-12-22 10:14:39,039 [Listener at 0.0.0.0/42833] WARN  server.ServerUtils (ServerUtils.java:getDBPath(225)) - ozone.om.db.dirs is not configured. We recommend adding this setting. Falling back to ozone.metadata.dirs instead.
2022-12-22 10:14:39,040 [Listener at 0.0.0.0/42833] INFO  ha.SCMNodeInfo (SCMNodeInfo.java:getPort(197)) - ConfigKey ozone.scm.client.address is deprecated, For configuring different ports for each SCM use PortConfigKey ozone.scm.client.port appended with serviceId and nodeId
2022-12-22 10:14:39,040 [Listener at 0.0.0.0/42833] INFO  ha.SCMNodeInfo (SCMNodeInfo.java:getPort(197)) - ConfigKey ozone.scm.block.client.address is deprecated, For configuring different ports for each SCM use PortConfigKey ozone.scm.block.client.port appended with serviceId and nodeId
2022-12-22 10:14:39,040 [Listener at 0.0.0.0/42833] INFO  ha.SCMNodeInfo (SCMNodeInfo.java:getPort(197)) - ConfigKey ozone.scm.datanode.address is deprecated, For configuring different ports for each SCM use PortConfigKey ozone.scm.datanode.port appended with serviceId and nodeId
2022-12-22 10:14:39,040 [Listener at 0.0.0.0/42833] INFO  proxy.SCMBlockLocationFailoverProxyProvider (SCMBlockLocationFailoverProxyProvider.java:<init>(114)) - Created block location fail-over proxy with 1 nodes: [nodeId=scmNode-1,nodeAddress=/127.0.0.1:43201]
2022-12-22 10:14:39,841 [EndpointStateMachine task thread for /127.0.0.1:42129 - 0 ] INFO  ipc.Client (Client.java:handleConnectionFailure(1010)) - Retrying connect to server: localhost/127.0.0.1:42129. Already tried 13 time(s); retry policy is RetryUpToMaximumCountWithFixedSleep(maxRetries=15, sleepTime=1000 MILLISECONDS)
2022-12-22 10:14:40,842 [EndpointStateMachine task thread for /127.0.0.1:42129 - 0 ] INFO  ipc.Client (Client.java:handleConnectionFailure(1010)) - Retrying connect to server: localhost/127.0.0.1:42129. Already tried 14 time(s); retry policy is RetryUpToMaximumCountWithFixedSleep(maxRetries=15, sleepTime=1000 MILLISECONDS)
2022-12-22 10:14:40,843 [EndpointStateMachine task thread for /127.0.0.1:42129 - 0 ] WARN  statemachine.EndpointStateMachine (EndpointStateMachine.java:logIfNeeded(242)) - Unable to communicate to SCM server at localhost:42129 for past 0 seconds.
java.net.ConnectException: Call From fv-az345-686/10.1.0.13 to localhost:42129 failed on connection exception: java.net.ConnectException: Connection refused; For more details see:  http://wiki.apache.org/hadoop/ConnectionRefused
	at sun.reflect.NativeConstructorAccessorImpl.newInstance0(Native Method)
	at sun.reflect.NativeConstructorAccessorImpl.newInstance(NativeConstructorAccessorImpl.java:62)
	at sun.reflect.DelegatingConstructorAccessorImpl.newInstance(DelegatingConstructorAccessorImpl.java:45)
	at java.lang.reflect.Constructor.newInstance(Constructor.java:423)
	at org.apache.hadoop.net.NetUtils.wrapWithMessage(NetUtils.java:913)
	at org.apache.hadoop.net.NetUtils.wrapException(NetUtils.java:828)
	at org.apache.hadoop.ipc.Client.getRpcResponse(Client.java:1616)
	at org.apache.hadoop.ipc.Client.call(Client.java:1558)
	at org.apache.hadoop.ipc.Client.call(Client.java:1455)
	at org.apache.hadoop.ipc.ProtobufRpcEngine$Invoker.invoke(ProtobufRpcEngine.java:235)
	at org.apache.hadoop.ipc.ProtobufRpcEngine$Invoker.invoke(ProtobufRpcEngine.java:122)
	at com.sun.proxy.$Proxy52.submitRequest(Unknown Source)
	at org.apache.hadoop.ozone.protocolPB.StorageContainerDatanodeProtocolClientSideTranslatorPB.submitRequest(StorageContainerDatanodeProtocolClientSideTranslatorPB.java:117)
	at org.apache.hadoop.ozone.protocolPB.StorageContainerDatanodeProtocolClientSideTranslatorPB.sendHeartbeat(StorageContainerDatanodeProtocolClientSideTranslatorPB.java:149)
	at org.apache.hadoop.ozone.container.common.states.endpoint.HeartbeatEndpointTask.call(HeartbeatEndpointTask.java:185)
	at org.apache.hadoop.ozone.container.common.states.endpoint.HeartbeatEndpointTask.call(HeartbeatEndpointTask.java:87)
	at java.util.concurrent.FutureTask.run(FutureTask.java:266)
	at java.util.concurrent.ThreadPoolExecutor.runWorker(ThreadPoolExecutor.java:1149)
	at java.util.concurrent.ThreadPoolExecutor$Worker.run(ThreadPoolExecutor.java:624)
	at java.lang.Thread.run(Thread.java:750)
Caused by: java.net.ConnectException: Connection refused
	at sun.nio.ch.SocketChannelImpl.checkConnect(Native Method)
	at sun.nio.ch.SocketChannelImpl.finishConnect(SocketChannelImpl.java:716)
	at org.apache.hadoop.net.SocketIOWithTimeout.connect(SocketIOWithTimeout.java:205)
	at org.apache.hadoop.net.NetUtils.connect(NetUtils.java:586)
	at org.apache.hadoop.ipc.Client$Connection.setupConnection(Client.java:711)
	at org.apache.hadoop.ipc.Client$Connection.setupIOstreams(Client.java:833)
	at org.apache.hadoop.ipc.Client$Connection.access$3800(Client.java:414)
	at org.apache.hadoop.ipc.Client.getConnection(Client.java:1677)
	at org.apache.hadoop.ipc.Client.call(Client.java:1502)
	... 12 more
2022-12-22 10:14:41,053 [Listener at 0.0.0.0/42833] INFO  retry.RetryInvocationHandler (RetryInvocationHandler.java:log(411)) - com.google.protobuf.ServiceException: org.apache.hadoop.ipc.RemoteException(org.apache.hadoop.hdds.ratis.ServerNotLeaderException): Server:945fd0ed-8171-4835-b0ec-144ef106a250 is not the leader. Could not determine the leader node.
	at org.apache.hadoop.hdds.ratis.ServerNotLeaderException.convertToNotLeaderException(ServerNotLeaderException.java:109)
	at org.apache.hadoop.hdds.scm.ha.RatisUtil.checkRatisException(RatisUtil.java:246)
	at org.apache.hadoop.hdds.scm.protocol.ScmBlockLocationProtocolServerSideTranslatorPB.send(ScmBlockLocationProtocolServerSideTranslatorPB.java:109)
	at org.apache.hadoop.hdds.protocol.proto.ScmBlockLocationProtocolProtos$ScmBlockLocationProtocolService$2.callBlockingMethod(ScmBlockLocationProtocolProtos.java:14202)
	at org.apache.hadoop.ipc.ProtobufRpcEngine$Server.processCall(ProtobufRpcEngine.java:465)
	at org.apache.hadoop.ipc.ProtobufRpcEngine2$Server$ProtoBufRpcInvoker.call(ProtobufRpcEngine2.java:578)
	at org.apache.hadoop.ipc.ProtobufRpcEngine2$Server$ProtoBufRpcInvoker.call(ProtobufRpcEngine2.java:556)
	at org.apache.hadoop.ipc.RPC$Server.call(RPC.java:1093)
	at org.apache.hadoop.ipc.Server$RpcCall.run(Server.java:1043)
	at org.apache.hadoop.ipc.Server$RpcCall.run(Server.java:971)
	at java.security.AccessController.doPrivileged(Native Method)
	at javax.security.auth.Subject.doAs(Subject.java:422)
	at org.apache.hadoop.security.UserGroupInformation.doAs(UserGroupInformation.java:1878)
	at org.apache.hadoop.ipc.Server$Handler.run(Server.java:2976)
, while invoking $Proxy45.send over nodeId=scmNode-1,nodeAddress=/127.0.0.1:43201 after 1 failover attempts. Trying to failover after sleeping for 2000ms.
2022-12-22 10:14:41,843 [EndpointStateMachine task thread for /127.0.0.1:42129 - 0 ] INFO  ipc.Client (Client.java:handleConnectionFailure(1010)) - Retrying connect to server: localhost/127.0.0.1:42129. Already tried 0 time(s); retry policy is RetryUpToMaximumCountWithFixedSleep(maxRetries=15, sleepTime=1000 MILLISECONDS)
2022-12-22 10:14:42,844 [EndpointStateMachine task thread for /127.0.0.1:42129 - 0 ] INFO  ipc.Client (Client.java:handleConnectionFailure(1010)) - Retrying connect to server: localhost/127.0.0.1:42129. Already tried 1 time(s); retry policy is RetryUpToMaximumCountWithFixedSleep(maxRetries=15, sleepTime=1000 MILLISECONDS)
2022-12-22 10:14:43,056 [Listener at 0.0.0.0/42833] INFO  retry.RetryInvocationHandler (RetryInvocationHandler.java:log(411)) - com.google.protobuf.ServiceException: org.apache.hadoop.ipc.RemoteException(org.apache.hadoop.hdds.ratis.ServerNotLeaderException): Server:945fd0ed-8171-4835-b0ec-144ef106a250 is not the leader. Could not determine the leader node.
	at org.apache.hadoop.hdds.ratis.ServerNotLeaderException.convertToNotLeaderException(ServerNotLeaderException.java:109)
	at org.apache.hadoop.hdds.scm.ha.RatisUtil.checkRatisException(RatisUtil.java:246)
	at org.apache.hadoop.hdds.scm.protocol.ScmBlockLocationProtocolServerSideTranslatorPB.send(ScmBlockLocationProtocolServerSideTranslatorPB.java:109)
	at org.apache.hadoop.hdds.protocol.proto.ScmBlockLocationProtocolProtos$ScmBlockLocationProtocolService$2.callBlockingMethod(ScmBlockLocationProtocolProtos.java:14202)
	at org.apache.hadoop.ipc.ProtobufRpcEngine$Server.processCall(ProtobufRpcEngine.java:465)
	at org.apache.hadoop.ipc.ProtobufRpcEngine2$Server$ProtoBufRpcInvoker.call(ProtobufRpcEngine2.java:578)
	at org.apache.hadoop.ipc.ProtobufRpcEngine2$Server$ProtoBufRpcInvoker.call(ProtobufRpcEngine2.java:556)
	at org.apache.hadoop.ipc.RPC$Server.call(RPC.java:1093)
	at org.apache.hadoop.ipc.Server$RpcCall.run(Server.java:1043)
	at org.apache.hadoop.ipc.Server$RpcCall.run(Server.java:971)
	at java.security.AccessController.doPrivileged(Native Method)
	at javax.security.auth.Subject.doAs(Subject.java:422)
	at org.apache.hadoop.security.UserGroupInformation.doAs(UserGroupInformation.java:1878)
	at org.apache.hadoop.ipc.Server$Handler.run(Server.java:2976)
, while invoking $Proxy45.send over nodeId=scmNode-1,nodeAddress=/127.0.0.1:43201 after 2 failover attempts. Trying to failover after sleeping for 2000ms.
2022-12-22 10:14:43,844 [EndpointStateMachine task thread for /127.0.0.1:42129 - 0 ] INFO  ipc.Client (Client.java:handleConnectionFailure(1010)) - Retrying connect to server: localhost/127.0.0.1:42129. Already tried 2 time(s); retry policy is RetryUpToMaximumCountWithFixedSleep(maxRetries=15, sleepTime=1000 MILLISECONDS)
2022-12-22 10:14:44,029 [945fd0ed-8171-4835-b0ec-144ef106a250@group-551B1740A89B-FollowerState] INFO  impl.FollowerState (FollowerState.java:run(143)) - 945fd0ed-8171-4835-b0ec-144ef106a250@group-551B1740A89B-FollowerState: change to CANDIDATE, lastRpcElapsedTime:5099391758ns, electionTimeout:5080ms
2022-12-22 10:14:44,029 [945fd0ed-8171-4835-b0ec-144ef106a250@group-551B1740A89B-FollowerState] INFO  impl.RoleInfo (RoleInfo.java:shutdownFollowerState(110)) - 945fd0ed-8171-4835-b0ec-144ef106a250: shutdown 945fd0ed-8171-4835-b0ec-144ef106a250@group-551B1740A89B-FollowerState
2022-12-22 10:14:44,029 [945fd0ed-8171-4835-b0ec-144ef106a250@group-551B1740A89B-FollowerState] INFO  server.RaftServer$Division (RaftServerImpl.java:setRole(321)) - 945fd0ed-8171-4835-b0ec-144ef106a250@group-551B1740A89B: changes role from  FOLLOWER to CANDIDATE at term 1 for changeToCandidate
2022-12-22 10:14:44,029 [945fd0ed-8171-4835-b0ec-144ef106a250@group-551B1740A89B-FollowerState] INFO  server.RaftServerConfigKeys (ConfUtils.java:logGet(46)) - raft.server.leaderelection.pre-vote = false (custom)
2022-12-22 10:14:44,029 [945fd0ed-8171-4835-b0ec-144ef106a250@group-551B1740A89B-FollowerState] INFO  impl.RoleInfo (RoleInfo.java:updateAndGet(139)) - 945fd0ed-8171-4835-b0ec-144ef106a250: start 945fd0ed-8171-4835-b0ec-144ef106a250@group-551B1740A89B-LeaderElection15
2022-12-22 10:14:44,031 [945fd0ed-8171-4835-b0ec-144ef106a250@group-551B1740A89B-LeaderElection15] INFO  impl.LeaderElection (LeaderElection.java:askForVotes(312)) - 945fd0ed-8171-4835-b0ec-144ef106a250@group-551B1740A89B-LeaderElection15 ELECTION round 0: submit vote requests at term 2 for 0: peers:[945fd0ed-8171-4835-b0ec-144ef106a250|rpc:localhost:42001|admin:|client:|dataStream:|priority:0|startupRole:FOLLOWER]|listeners:[], old=null
2022-12-22 10:14:44,031 [945fd0ed-8171-4835-b0ec-144ef106a250@group-551B1740A89B-LeaderElection15] INFO  impl.LeaderElection (LeaderElection.java:askForVotes(314)) - 945fd0ed-8171-4835-b0ec-144ef106a250@group-551B1740A89B-LeaderElection15 ELECTION round 0: result PASSED (term=2)
2022-12-22 10:14:44,032 [945fd0ed-8171-4835-b0ec-144ef106a250@group-551B1740A89B-LeaderElection15] INFO  impl.RoleInfo (RoleInfo.java:shutdownLeaderElection(130)) - 945fd0ed-8171-4835-b0ec-144ef106a250: shutdown 945fd0ed-8171-4835-b0ec-144ef106a250@group-551B1740A89B-LeaderElection15
2022-12-22 10:14:44,032 [945fd0ed-8171-4835-b0ec-144ef106a250@group-551B1740A89B-LeaderElection15] INFO  server.RaftServer$Division (RaftServerImpl.java:setRole(321)) - 945fd0ed-8171-4835-b0ec-144ef106a250@group-551B1740A89B: changes role from CANDIDATE to LEADER at term 2 for changeToLeader
2022-12-22 10:14:44,032 [945fd0ed-8171-4835-b0ec-144ef106a250@group-551B1740A89B-LeaderElection15] INFO  ha.SCMStateMachine (SCMStateMachine.java:notifyLeaderChanged(259)) - current SCM becomes leader of term 2.
2022-12-22 10:14:44,032 [945fd0ed-8171-4835-b0ec-144ef106a250@group-551B1740A89B-LeaderElection15] INFO  ha.SCMContext (SCMContext.java:updateLeaderAndTerm(99)) - update <isLeader,term> from <false,0> to <true,2>
2022-12-22 10:14:44,032 [945fd0ed-8171-4835-b0ec-144ef106a250@group-551B1740A89B-LeaderElection15] INFO  server.RaftServer$Division (ServerState.java:setLeader(313)) - 945fd0ed-8171-4835-b0ec-144ef106a250@group-551B1740A89B: change Leader from null to 945fd0ed-8171-4835-b0ec-144ef106a250 at term 2 for becomeLeader, leader elected after 5196ms
2022-12-22 10:14:44,032 [945fd0ed-8171-4835-b0ec-144ef106a250@group-551B1740A89B-LeaderElection15] INFO  server.RaftServerConfigKeys (ConfUtils.java:logGet(46)) - raft.server.staging.catchup.gap = 1000 (default)
2022-12-22 10:14:44,032 [945fd0ed-8171-4835-b0ec-144ef106a250@group-551B1740A89B-LeaderElection15] INFO  server.RaftServerConfigKeys (ConfUtils.java:logGet(46)) - raft.server.write.element-limit = 4096 (default)
2022-12-22 10:14:44,032 [945fd0ed-8171-4835-b0ec-144ef106a250@group-551B1740A89B-LeaderElection15] INFO  server.RaftServerConfigKeys (ConfUtils.java:logGet(46)) - raft.server.write.byte-limit = 64MB (=67108864) (default)
2022-12-22 10:14:44,032 [945fd0ed-8171-4835-b0ec-144ef106a250@group-551B1740A89B-LeaderElection15] INFO  server.RaftServerConfigKeys (ConfUtils.java:logGet(46)) - raft.server.watch.timeout = 10s (default)
2022-12-22 10:14:44,032 [945fd0ed-8171-4835-b0ec-144ef106a250@group-551B1740A89B-LeaderElection15] INFO  server.RaftServerConfigKeys (ConfUtils.java:logGet(46)) - raft.server.watch.timeout.denomination = 1s (default)
2022-12-22 10:14:44,032 [945fd0ed-8171-4835-b0ec-144ef106a250@group-551B1740A89B-LeaderElection15] INFO  server.RaftServerConfigKeys (ConfUtils.java:logGet(46)) - raft.server.watch.element-limit = 65536 (default)
2022-12-22 10:14:44,032 [945fd0ed-8171-4835-b0ec-144ef106a250@group-551B1740A89B-LeaderElection15] INFO  server.RaftServerConfigKeys (ConfUtils.java:logGet(46)) - raft.server.write.element-limit = 4096 (default)
2022-12-22 10:14:44,032 [945fd0ed-8171-4835-b0ec-144ef106a250@group-551B1740A89B-LeaderElection15] INFO  server.RaftServerConfigKeys (ConfUtils.java:logGet(46)) - raft.server.write.follower.gap.ratio.max = -1.0 (default)
2022-12-22 10:14:44,032 [945fd0ed-8171-4835-b0ec-144ef106a250@group-551B1740A89B-LeaderElection15] INFO  impl.RoleInfo (RoleInfo.java:updateAndGet(139)) - 945fd0ed-8171-4835-b0ec-144ef106a250: start 945fd0ed-8171-4835-b0ec-144ef106a250@group-551B1740A89B-LeaderStateImpl
2022-12-22 10:14:44,033 [945fd0ed-8171-4835-b0ec-144ef106a250@group-551B1740A89B-LeaderElection15] INFO  segmented.SegmentedRaftLogWorker (SegmentedRaftLogWorker.java:rollLogSegment(457)) - 945fd0ed-8171-4835-b0ec-144ef106a250@group-551B1740A89B-SegmentedRaftLogWorker: Rolling segment log-0_0 to index:0
2022-12-22 10:14:44,033 [945fd0ed-8171-4835-b0ec-144ef106a250@group-551B1740A89B-LeaderElection15] INFO  server.RaftServer$Division (ServerState.java:setRaftConf(430)) - 945fd0ed-8171-4835-b0ec-144ef106a250@group-551B1740A89B: set configuration 1: peers:[945fd0ed-8171-4835-b0ec-144ef106a250|rpc:localhost:42001|admin:|client:|dataStream:|priority:0|startupRole:FOLLOWER]|listeners:[], old=null
2022-12-22 10:14:44,035 [945fd0ed-8171-4835-b0ec-144ef106a250@group-551B1740A89B-SegmentedRaftLogWorker] INFO  segmented.SegmentedRaftLogWorker (SegmentedRaftLogWorker.java:execute(613)) - 945fd0ed-8171-4835-b0ec-144ef106a250@group-551B1740A89B-SegmentedRaftLogWorker: Rolled log segment from /home/runner/work/ozone/ozone/hadoop-ozone/integration-test/target/test-dir/MiniOzoneClusterImpl-e8789b07-7928-40b5-ad88-551b1740a89b/scmNode-1/scm-ha/e8789b07-7928-40b5-ad88-551b1740a89b/current/log_inprogress_0 to /home/runner/work/ozone/ozone/hadoop-ozone/integration-test/target/test-dir/MiniOzoneClusterImpl-e8789b07-7928-40b5-ad88-551b1740a89b/scmNode-1/scm-ha/e8789b07-7928-40b5-ad88-551b1740a89b/current/log_0-0
2022-12-22 10:14:44,042 [945fd0ed-8171-4835-b0ec-144ef106a250@group-551B1740A89B-SegmentedRaftLogWorker] INFO  segmented.SegmentedRaftLogWorker (SegmentedRaftLogWorker.java:execute(656)) - 945fd0ed-8171-4835-b0ec-144ef106a250@group-551B1740A89B-SegmentedRaftLogWorker: created new log segment /home/runner/work/ozone/ozone/hadoop-ozone/integration-test/target/test-dir/MiniOzoneClusterImpl-e8789b07-7928-40b5-ad88-551b1740a89b/scmNode-1/scm-ha/e8789b07-7928-40b5-ad88-551b1740a89b/current/log_inprogress_1
2022-12-22 10:14:44,043 [945fd0ed-8171-4835-b0ec-144ef106a250@group-551B1740A89B-StateMachineUpdater] INFO  ha.SCMContext (SCMContext.java:setLeaderReady(126)) - update <isLeaderReady> from <false> to <true>
2022-12-22 10:14:44,043 [945fd0ed-8171-4835-b0ec-144ef106a250@group-551B1740A89B-StateMachineUpdater] INFO  pipeline.BackgroundPipelineCreator (BackgroundPipelineCreator.java:notifyStatusChanged(254)) - Service BackgroundPipelineCreator transitions to RUNNING.
2022-12-22 10:14:44,045 [945fd0ed-8171-4835-b0ec-144ef106a250@group-551B1740A89B-StateMachineUpdater] INFO  safemode.HealthyPipelineSafeModeRule (HealthyPipelineSafeModeRule.java:initializeRule(165)) - Refreshed total pipeline count is 0, healthy pipeline threshold count is 1
2022-12-22 10:14:44,045 [945fd0ed-8171-4835-b0ec-144ef106a250@group-551B1740A89B-StateMachineUpdater] INFO  safemode.ContainerSafeModeRule (ContainerSafeModeRule.java:reInitializeRule(177)) - Refreshed one replica container threshold 0, currentThreshold 0
2022-12-22 10:14:44,045 [945fd0ed-8171-4835-b0ec-144ef106a250@group-551B1740A89B-StateMachineUpdater] INFO  safemode.OneReplicaPipelineSafeModeRule (OneReplicaPipelineSafeModeRule.java:initializeRule(176)) - Refreshed Total pipeline count is 0, pipeline's with at least one datanode reported threshold count is 0
2022-12-22 10:14:44,046 [945fd0ed-8171-4835-b0ec-144ef106a250@group-551B1740A89B-StateMachineUpdater] INFO  server.SCMDatanodeProtocolServer (SCMDatanodeProtocolServer.java:start(194)) - ScmDatanodeProtocol RPC server for DataNodes is listening at /0.0.0.0:43945
2022-12-22 10:14:44,049 [IPC Server Responder] INFO  ipc.Server (Server.java:run(1512)) - IPC Server Responder: starting
2022-12-22 10:14:44,049 [IPC Server listener on 43945] INFO  ipc.Server (Server.java:run(1352)) - IPC Server listener on 43945: starting
2022-12-22 10:14:44,845 [EndpointStateMachine task thread for /127.0.0.1:42129 - 0 ] INFO  ipc.Client (Client.java:handleConnectionFailure(1010)) - Retrying connect to server: localhost/127.0.0.1:42129. Already tried 3 time(s); retry policy is RetryUpToMaximumCountWithFixedSleep(maxRetries=15, sleepTime=1000 MILLISECONDS)
OM initialization succeeded.Current cluster id for sd=/home/runner/work/ozone/ozone/hadoop-ozone/integration-test/target/test-dir/MiniOzoneClusterImpl-e8789b07-7928-40b5-ad88-551b1740a89b/omNode-1/om;cid=e8789b07-7928-40b5-ad88-551b1740a89b;layoutVersion=3
2022-12-22 10:14:45,062 [Listener at 0.0.0.0/42833] INFO  ha.OMHANodeDetails (OMHANodeDetails.java:loadOMHAConfig(121)) - ServiceID for OzoneManager is om-add-remove
2022-12-22 10:14:45,062 [Listener at 0.0.0.0/42833] INFO  ha.OMHANodeDetails (OMHANodeDetails.java:loadOMHAConfig(201)) - Found matching OM address with OMServiceId: om-add-remove, OMNodeId: omNode-1, RPC Address: localhost:43455 and Ratis port: 43101
2022-12-22 10:14:45,062 [Listener at 0.0.0.0/42833] INFO  ha.OMHANodeDetails (ConfUtils.java:setNodeSpecificConfigs(97)) - Setting configuration key ozone.om.http-address with value of key ozone.om.http-address.om-add-remove.omNode-1: 127.0.0.1:42305
2022-12-22 10:14:45,062 [Listener at 0.0.0.0/42833] INFO  ha.OMHANodeDetails (ConfUtils.java:setNodeSpecificConfigs(97)) - Setting configuration key ozone.om.https-address with value of key ozone.om.https-address.om-add-remove.omNode-1: 127.0.0.1:41109
2022-12-22 10:14:45,063 [Listener at 0.0.0.0/42833] INFO  ha.OMHANodeDetails (ConfUtils.java:setNodeSpecificConfigs(97)) - Setting configuration key ozone.om.address with value of key ozone.om.address.om-add-remove.omNode-1: 127.0.0.1:43455
2022-12-22 10:14:45,063 [Listener at 0.0.0.0/42833] WARN  server.ServerUtils (ServerUtils.java:getDBPath(225)) - ozone.om.db.dirs is not configured. We recommend adding this setting. Falling back to ozone.metadata.dirs instead.
2022-12-22 10:14:45,063 [Listener at 0.0.0.0/42833] INFO  upgrade.AbstractLayoutVersionManager (AbstractLayoutVersionManager.java:init(83)) - Initializing Layout version manager with metadata layout = MULTITENANCY_SCHEMA (version = 3), software layout = MULTITENANCY_SCHEMA (version = 3)
2022-12-22 10:14:45,129 [Listener at 0.0.0.0/42833] INFO  reflections.Reflections (Reflections.java:scan(232)) - Reflections took 64 ms to scan 2 urls, producing 154 keys and 428 values [using 2 cores]
2022-12-22 10:14:45,129 [Listener at 0.0.0.0/42833] INFO  upgrade.OMLayoutVersionManager (OMLayoutVersionManager.java:lambda$0(115)) - Skipping Upgrade Action MockOmUpgradeAction since it has been finalized.
2022-12-22 10:14:45,129 [Listener at 0.0.0.0/42833] WARN  server.ServerUtils (ServerUtils.java:getDBPath(225)) - ozone.om.db.dirs is not configured. We recommend adding this setting. Falling back to ozone.metadata.dirs instead.
2022-12-22 10:14:45,129 [Listener at 0.0.0.0/42833] INFO  ha.SCMNodeInfo (SCMNodeInfo.java:getPort(197)) - ConfigKey ozone.scm.client.address is deprecated, For configuring different ports for each SCM use PortConfigKey ozone.scm.client.port appended with serviceId and nodeId
2022-12-22 10:14:45,129 [Listener at 0.0.0.0/42833] INFO  ha.SCMNodeInfo (SCMNodeInfo.java:getPort(197)) - ConfigKey ozone.scm.block.client.address is deprecated, For configuring different ports for each SCM use PortConfigKey ozone.scm.block.client.port appended with serviceId and nodeId
2022-12-22 10:14:45,130 [Listener at 0.0.0.0/42833] INFO  ha.SCMNodeInfo (SCMNodeInfo.java:getPort(197)) - ConfigKey ozone.scm.datanode.address is deprecated, For configuring different ports for each SCM use PortConfigKey ozone.scm.datanode.port appended with serviceId and nodeId
2022-12-22 10:14:45,130 [Listener at 0.0.0.0/42833] INFO  ha.SCMNodeInfo (SCMNodeInfo.java:getPort(197)) - ConfigKey ozone.scm.client.address is deprecated, For configuring different ports for each SCM use PortConfigKey ozone.scm.client.port appended with serviceId and nodeId
2022-12-22 10:14:45,130 [Listener at 0.0.0.0/42833] INFO  ha.SCMNodeInfo (SCMNodeInfo.java:getPort(197)) - ConfigKey ozone.scm.block.client.address is deprecated, For configuring different ports for each SCM use PortConfigKey ozone.scm.block.client.port appended with serviceId and nodeId
2022-12-22 10:14:45,130 [Listener at 0.0.0.0/42833] INFO  ha.SCMNodeInfo (SCMNodeInfo.java:getPort(197)) - ConfigKey ozone.scm.datanode.address is deprecated, For configuring different ports for each SCM use PortConfigKey ozone.scm.datanode.port appended with serviceId and nodeId
2022-12-22 10:14:45,130 [Listener at 0.0.0.0/42833] INFO  proxy.SCMBlockLocationFailoverProxyProvider (SCMBlockLocationFailoverProxyProvider.java:<init>(114)) - Created block location fail-over proxy with 1 nodes: [nodeId=scmNode-1,nodeAddress=/127.0.0.1:43201]
2022-12-22 10:14:45,131 [Listener at 0.0.0.0/42833] INFO  ha.SCMNodeInfo (SCMNodeInfo.java:getPort(197)) - ConfigKey ozone.scm.client.address is deprecated, For configuring different ports for each SCM use PortConfigKey ozone.scm.client.port appended with serviceId and nodeId
2022-12-22 10:14:45,131 [Listener at 0.0.0.0/42833] INFO  ha.SCMNodeInfo (SCMNodeInfo.java:getPort(197)) - ConfigKey ozone.scm.block.client.address is deprecated, For configuring different ports for each SCM use PortConfigKey ozone.scm.block.client.port appended with serviceId and nodeId
2022-12-22 10:14:45,131 [Listener at 0.0.0.0/42833] INFO  ha.SCMNodeInfo (SCMNodeInfo.java:getPort(197)) - ConfigKey ozone.scm.datanode.address is deprecated, For configuring different ports for each SCM use PortConfigKey ozone.scm.datanode.port appended with serviceId and nodeId
2022-12-22 10:14:45,131 [Listener at 0.0.0.0/42833] INFO  proxy.SCMBlockLocationFailoverProxyProvider (SCMBlockLocationFailoverProxyProvider.java:<init>(114)) - Created block location fail-over proxy with 1 nodes: [nodeId=scmNode-1,nodeAddress=/127.0.0.1:43201]
2022-12-22 10:14:45,137 [Listener at 0.0.0.0/42833] WARN  server.ServerUtils (ServerUtils.java:getDBPath(225)) - ozone.om.db.dirs is not configured. We recommend adding this setting. Falling back to ozone.metadata.dirs instead.
2022-12-22 10:14:45,138 [Listener at 0.0.0.0/42833] INFO  codec.OmKeyInfoCodec (OmKeyInfoCodec.java:<init>(49)) - OmKeyInfoCodec ignorePipeline = true
2022-12-22 10:14:45,138 [Listener at 0.0.0.0/42833] INFO  codec.RepeatedOmKeyInfoCodec (RepeatedOmKeyInfoCodec.java:<init>(41)) - RepeatedOmKeyInfoCodec ignorePipeline = true
2022-12-22 10:14:45,258 [Listener at 0.0.0.0/42833] INFO  om.OzoneManager (OzoneManager.java:instantiateServices(717)) - S3 Multi-Tenancy is disabled
2022-12-22 10:14:45,259 [Listener at 0.0.0.0/42833] INFO  om.OzoneManager (OzoneManager.java:addS3GVolumeToDB(4402)) - Created Volume s3v With Owner runner required for S3Gateway operations.
2022-12-22 10:14:45,259 [Listener at 0.0.0.0/42833] WARN  server.ServerUtils (ServerUtils.java:getDefaultRatisDirectory(237)) - Storage directory for Ratis is not configured. It is a good idea to map this to an SSD disk. Falling back to ozone.metadata.dirs
2022-12-22 10:14:45,260 [Listener at 0.0.0.0/42833] WARN  utils.OzoneManagerRatisUtils (OzoneManagerRatisUtils.java:getOMRatisSnapshotDirectory(434)) - ozone.om.ratis.snapshot.dir is not configured. Falling back to ozone.metadata.dirs config
2022-12-22 10:14:45,260 [Listener at 0.0.0.0/42833] WARN  impl.MetricRegistriesImpl (MetricRegistriesImpl.java:addReporterRegistration(111)) - New reporters are added after registries were created. Some metrics will be missing from the reporter. Please add reporter before adding any new registry.
2022-12-22 10:14:45,260 [Listener at 0.0.0.0/42833] WARN  impl.MetricRegistriesImpl (MetricRegistriesImpl.java:addReporterRegistration(111)) - New reporters are added after registries were created. Some metrics will be missing from the reporter. Please add reporter before adding any new registry.
2022-12-22 10:14:45,260 [Listener at 0.0.0.0/42833] WARN  server.ServerUtils (ServerUtils.java:getDefaultRatisDirectory(237)) - Storage directory for Ratis is not configured. It is a good idea to map this to an SSD disk. Falling back to ozone.metadata.dirs
2022-12-22 10:14:45,267 [Listener at 0.0.0.0/42833] INFO  ratis.OzoneManagerRatisServer (OzoneManagerRatisServer.java:<init>(160)) - Instantiating OM Ratis server with groupID: om-add-remove and peers: localhost:43101
2022-12-22 10:14:45,267 [Listener at 0.0.0.0/42833] INFO  ratis.OzoneManagerStateMachine (OzoneManagerStateMachine.java:loadSnapshotInfoFromDB(636)) - LastAppliedIndex is set from TransactionInfo from OM DB as (t:0, i:~)
2022-12-22 10:14:45,268 [Listener at 0.0.0.0/42833] INFO  server.RaftServer (ConfUtils.java:logGet(46)) - raft.rpc.type = GRPC (default)
2022-12-22 10:14:45,268 [Listener at 0.0.0.0/42833] INFO  grpc.GrpcConfigKeys (ConfUtils.java:logFallback(53)) - raft.grpc.admin.host = null (fallback to raft.grpc.server.host)
2022-12-22 10:14:45,268 [Listener at 0.0.0.0/42833] INFO  grpc.GrpcConfigKeys (ConfUtils.java:logFallback(53)) - raft.grpc.admin.port = 43101 (fallback to raft.grpc.server.port)
2022-12-22 10:14:45,268 [Listener at 0.0.0.0/42833] INFO  grpc.GrpcConfigKeys (ConfUtils.java:logFallback(53)) - raft.grpc.client.host = null (fallback to raft.grpc.server.host)
2022-12-22 10:14:45,268 [Listener at 0.0.0.0/42833] INFO  grpc.GrpcConfigKeys (ConfUtils.java:logFallback(53)) - raft.grpc.client.port = 43101 (fallback to raft.grpc.server.port)
2022-12-22 10:14:45,268 [Listener at 0.0.0.0/42833] INFO  grpc.GrpcConfigKeys (ConfUtils.java:logGet(46)) - raft.grpc.server.host = null (default)
2022-12-22 10:14:45,268 [Listener at 0.0.0.0/42833] INFO  grpc.GrpcConfigKeys (ConfUtils.java:logGet(46)) - raft.grpc.server.port = 43101 (custom)
2022-12-22 10:14:45,269 [Listener at 0.0.0.0/42833] INFO  server.GrpcService (ConfUtils.java:logGet(46)) - raft.grpc.message.size.max = 33554432 (custom)
2022-12-22 10:14:45,269 [Listener at 0.0.0.0/42833] INFO  server.RaftServerConfigKeys (ConfUtils.java:logGet(46)) - raft.server.log.appender.buffer.byte-limit = 33554432 (custom)
2022-12-22 10:14:45,269 [Listener at 0.0.0.0/42833] INFO  server.GrpcService (ConfUtils.java:logGet(46)) - raft.grpc.flow.control.window = 1MB (=1048576) (default)
2022-12-22 10:14:45,269 [Listener at 0.0.0.0/42833] INFO  server.RaftServerConfigKeys (ConfUtils.java:logGet(46)) - raft.server.rpc.request.timeout = 3000ms (default)
2022-12-22 10:14:45,269 [Listener at 0.0.0.0/42833] INFO  grpc.GrpcConfigKeys (ConfUtils.java:logGet(46)) - raft.grpc.server.heartbeat.channel = true (default)
2022-12-22 10:14:45,269 [Listener at 0.0.0.0/42833] INFO  grpc.GrpcConfigKeys (ConfUtils.java:logGet(46)) - raft.grpc.server.async.request.thread.pool.cached = true (default)
2022-12-22 10:14:45,269 [Listener at 0.0.0.0/42833] INFO  grpc.GrpcConfigKeys (ConfUtils.java:logGet(46)) - raft.grpc.server.async.request.thread.pool.size = 32 (default)
2022-12-22 10:14:45,270 [Listener at 0.0.0.0/42833] INFO  impl.DataStreamServerImpl (ConfUtils.java:logGet(46)) - raft.datastream.type = NETTY (custom)
2022-12-22 10:14:45,270 [Listener at 0.0.0.0/42833] INFO  server.RaftServerConfigKeys (ConfUtils.java:logGet(46)) - raft.server.data-stream.async.request.thread.pool.cached = false (default)
2022-12-22 10:14:45,271 [Listener at 0.0.0.0/42833] INFO  server.RaftServerConfigKeys (ConfUtils.java:logGet(46)) - raft.server.data-stream.async.request.thread.pool.size = 32 (default)
2022-12-22 10:14:45,271 [Listener at 0.0.0.0/42833] INFO  server.RaftServerConfigKeys (ConfUtils.java:logGet(46)) - raft.server.data-stream.async.write.thread.pool.size = 16 (default)
2022-12-22 10:14:45,271 [Listener at 0.0.0.0/42833] INFO  server.RaftServerConfigKeys (ConfUtils.java:logGet(46)) - raft.server.data-stream.client.pool.size = 10 (default)
2022-12-22 10:14:45,271 [Listener at 0.0.0.0/42833] INFO  netty.NettyConfigKeys$DataStream (ConfUtils.java:logGet(46)) - raft.netty.dataStream.server.use-epoll = false (default)
2022-12-22 10:14:45,271 [Listener at 0.0.0.0/42833] INFO  netty.NettyConfigKeys$DataStream (ConfUtils.java:logGet(46)) - raft.netty.dataStream.server.boss-group.size = 0 (default)
2022-12-22 10:14:45,271 [Listener at 0.0.0.0/42833] INFO  netty.NettyConfigKeys$DataStream (ConfUtils.java:logGet(46)) - raft.netty.dataStream.server.worker-group.size = 0 (default)
2022-12-22 10:14:45,272 [Listener at 0.0.0.0/42833] INFO  netty.NettyConfigKeys$DataStream (ConfUtils.java:logGet(46)) - raft.netty.dataStream.server.tls.conf = null (default)
2022-12-22 10:14:45,272 [Listener at 0.0.0.0/42833] INFO  netty.NettyConfigKeys$DataStream (ConfUtils.java:logGet(46)) - raft.netty.dataStream.host = null (default)
2022-12-22 10:14:45,272 [Listener at 0.0.0.0/42833] INFO  netty.NettyConfigKeys$DataStream (ConfUtils.java:logGet(46)) - raft.netty.dataStream.port = 0 (default)
2022-12-22 10:14:45,274 [Listener at 0.0.0.0/42833] INFO  server.RaftServerConfigKeys (ConfUtils.java:logGet(46)) - raft.server.threadpool.proxy.cached = true (default)
2022-12-22 10:14:45,317 [Listener at 0.0.0.0/42833] INFO  server.RaftServerConfigKeys (ConfUtils.java:logGet(46)) - raft.server.threadpool.proxy.size = 0 (default)
2022-12-22 10:14:45,317 [Listener at 0.0.0.0/42833] INFO  server.RaftServerConfigKeys (ConfUtils.java:logGet(46)) - raft.server.rpc.slowness.timeout = 2s (custom)
2022-12-22 10:14:45,317 [Listener at 0.0.0.0/42833] INFO  server.RaftServerConfigKeys (ConfUtils.java:logGet(46)) - raft.server.leaderelection.leader.step-down.wait-time = 10s (default)
2022-12-22 10:14:45,317 [Listener at 0.0.0.0/42833] INFO  server.RaftServerConfigKeys (ConfUtils.java:logGet(46)) - raft.server.storage.dir = [/home/runner/work/ozone/ozone/hadoop-ozone/integration-test/target/test-dir/MiniOzoneClusterImpl-e8789b07-7928-40b5-ad88-551b1740a89b/omNode-1/ratis] (custom)
2022-12-22 10:14:45,316 [omNode-1-NettyServerStreamRpc-bossGroup--thread1] INFO  logging.LoggingHandler (AbstractInternalLogger.java:log(148)) - [id: 0xffb34be1] REGISTERED
2022-12-22 10:14:45,317 [omNode-1-NettyServerStreamRpc-bossGroup--thread1] INFO  logging.LoggingHandler (AbstractInternalLogger.java:log(148)) - [id: 0xffb34be1] BIND: 0.0.0.0/0.0.0.0:0
2022-12-22 10:14:45,318 [omNode-1-NettyServerStreamRpc-bossGroup--thread1] INFO  logging.LoggingHandler (AbstractInternalLogger.java:log(148)) - [id: 0xffb34be1, L:/0:0:0:0:0:0:0:0:36117] ACTIVE
2022-12-22 10:14:45,320 [Listener at 0.0.0.0/42833] INFO  server.RaftServer (RaftServerProxy.java:addNew(96)) - omNode-1: addNew group-0AAC5367B30E:[omNode-1|rpc:localhost:43101|priority:0|startupRole:FOLLOWER] returns group-0AAC5367B30E:java.util.concurrent.CompletableFuture@295e928f[Not completed]
2022-12-22 10:14:45,320 [Listener at 0.0.0.0/42833] INFO  om.OzoneManager (OzoneManager.java:initializeRatisServer(1979)) - OzoneManager Ratis server initialized at port 43101
2022-12-22 10:14:45,321 [Listener at 0.0.0.0/42833] INFO  om.OzoneManager (OzoneManager.java:getRpcServer(1106)) - Creating RPC Server
2022-12-22 10:14:45,322 [pool-310-thread-1] INFO  server.RaftServer$Division (RaftServerImpl.java:<init>(195)) - omNode-1: new RaftServerImpl for group-0AAC5367B30E:[omNode-1|rpc:localhost:43101|priority:0|startupRole:FOLLOWER] with OzoneManagerStateMachine:uninitialized
2022-12-22 10:14:45,322 [pool-310-thread-1] INFO  server.RaftServerConfigKeys (ConfUtils.java:logGet(46)) - raft.server.rpc.timeout.min = 1s (custom)
2022-12-22 10:14:45,322 [pool-310-thread-1] INFO  server.RaftServerConfigKeys (ConfUtils.java:logGet(46)) - raft.server.rpc.timeout.max = 1200ms (custom)
2022-12-22 10:14:45,322 [pool-310-thread-1] INFO  server.RaftServerConfigKeys (ConfUtils.java:logGet(46)) - raft.server.rpc.sleep.time = 25ms (default)
2022-12-22 10:14:45,322 [pool-310-thread-1] INFO  server.RaftServerConfigKeys (ConfUtils.java:logGet(46)) - raft.server.rpc.slowness.timeout = 2s (custom)
2022-12-22 10:14:45,322 [pool-310-thread-1] INFO  server.RaftServerConfigKeys (ConfUtils.java:logGet(46)) - raft.server.leaderelection.leader.step-down.wait-time = 10s (default)
2022-12-22 10:14:45,322 [pool-310-thread-1] INFO  server.RaftServerConfigKeys (ConfUtils.java:logGet(46)) - raft.server.sleep.deviation.threshold = 300ms (default)
2022-12-22 10:14:45,322 [pool-310-thread-1] INFO  server.RaftServer$Division (ServerState.java:<init>(118)) - omNode-1@group-0AAC5367B30E: ConfigurationManager, init=-1: peers:[omNode-1|rpc:localhost:43101|priority:0|startupRole:FOLLOWER]|listeners:[], old=null, confs=<EMPTY_MAP>
2022-12-22 10:14:45,322 [pool-310-thread-1] INFO  server.RaftServerConfigKeys (ConfUtils.java:logGet(46)) - raft.server.storage.dir = [/home/runner/work/ozone/ozone/hadoop-ozone/integration-test/target/test-dir/MiniOzoneClusterImpl-e8789b07-7928-40b5-ad88-551b1740a89b/omNode-1/ratis] (custom)
2022-12-22 10:14:45,323 [pool-310-thread-1] INFO  server.RaftServerConfigKeys (ConfUtils.java:logGet(46)) - raft.server.log.corruption.policy = EXCEPTION (default)
2022-12-22 10:14:45,323 [pool-310-thread-1] INFO  server.RaftServerConfigKeys (ConfUtils.java:logGet(46)) - raft.server.storage.free-space.min = 0MB (=0) (default)
2022-12-22 10:14:45,323 [pool-310-thread-1] INFO  server.RaftServerConfigKeys (ConfUtils.java:logGet(46)) - raft.server.notification.no-leader.timeout = 2s (custom)
2022-12-22 10:14:45,323 [pool-310-thread-1] INFO  server.RaftServerConfigKeys (ConfUtils.java:logGet(46)) - raft.server.retrycache.expirytime = 300s (custom)
2022-12-22 10:14:45,323 [pool-310-thread-1] INFO  server.RaftServerConfigKeys (ConfUtils.java:logGet(46)) - raft.server.retrycache.statistics.expirytime = 100μs (default)
2022-12-22 10:14:45,323 [pool-310-thread-1] INFO  server.RaftServerConfigKeys (ConfUtils.java:logGet(46)) - raft.server.log.appender.install.snapshot.enabled = false (custom)
2022-12-22 10:14:45,323 [pool-310-thread-1] INFO  server.RaftServerConfigKeys (ConfUtils.java:logGet(46)) - raft.server.threadpool.server.cached = true (default)
2022-12-22 10:14:45,323 [pool-310-thread-1] INFO  server.RaftServerConfigKeys (ConfUtils.java:logGet(46)) - raft.server.threadpool.server.size = 0 (default)
2022-12-22 10:14:45,323 [pool-310-thread-1] INFO  server.RaftServerConfigKeys (ConfUtils.java:logGet(46)) - raft.server.threadpool.client.cached = true (default)
2022-12-22 10:14:45,323 [pool-310-thread-1] INFO  server.RaftServerConfigKeys (ConfUtils.java:logGet(46)) - raft.server.threadpool.client.size = 0 (default)
2022-12-22 10:14:45,647 [Listener at 0.0.0.0/42833] INFO  reflections.Reflections (Reflections.java:scan(232)) - Reflections took 325 ms to scan 19 urls, producing 67 keys and 4509 values [using 2 cores]
2022-12-22 10:14:45,648 [Listener at 0.0.0.0/42833] INFO  ipc.CallQueueManager (CallQueueManager.java:<init>(90)) - Using callQueue: class java.util.concurrent.LinkedBlockingQueue, queueCapacity: 2000, scheduler: class org.apache.hadoop.ipc.DefaultRpcScheduler, ipcBackoff: false.
2022-12-22 10:14:45,649 [Socket Reader #1 for port 43455] INFO  ipc.Server (Server.java:run(1273)) - Starting Socket Reader #1 for port 43455
2022-12-22 10:14:45,666 [Listener at 127.0.0.1/43455] INFO  impl.MetricsSystemImpl (MetricsSystemImpl.java:init(158)) - OzoneManager metrics system started (again)
2022-12-22 10:14:45,677 [Listener at 127.0.0.1/43455] INFO  om.OzoneManager (OzoneManager.java:start(1486)) - OzoneManager RPC server is listening at localhost/127.0.0.1:43455
2022-12-22 10:14:45,677 [Listener at 127.0.0.1/43455] INFO  ratis.OzoneManagerRatisServer (OzoneManagerRatisServer.java:start(555)) - Starting OzoneManagerRatisServer omNode-1 at port 43101
2022-12-22 10:14:45,677 [omNode-1-impl-thread1] INFO  storage.RaftStorageDirectory (RaftStorageDirectoryImpl.java:analyzeStorage(137)) - The storage directory /home/runner/work/ozone/ozone/hadoop-ozone/integration-test/target/test-dir/MiniOzoneClusterImpl-e8789b07-7928-40b5-ad88-551b1740a89b/omNode-1/ratis/0718e334-ffa1-36bc-8e9a-0aac5367b30e does not exist. Creating ...
2022-12-22 10:14:45,678 [omNode-1-impl-thread1] INFO  storage.RaftStorageDirectory (RaftStorageDirectoryImpl.java:tryLock(231)) - Lock on /home/runner/work/ozone/ozone/hadoop-ozone/integration-test/target/test-dir/MiniOzoneClusterImpl-e8789b07-7928-40b5-ad88-551b1740a89b/omNode-1/ratis/0718e334-ffa1-36bc-8e9a-0aac5367b30e/in_use.lock acquired by nodename 33150@fv-az345-686
2022-12-22 10:14:45,679 [omNode-1-impl-thread1] INFO  storage.RaftStorage (RaftStorageImpl.java:format(96)) - Storage directory /home/runner/work/ozone/ozone/hadoop-ozone/integration-test/target/test-dir/MiniOzoneClusterImpl-e8789b07-7928-40b5-ad88-551b1740a89b/omNode-1/ratis/0718e334-ffa1-36bc-8e9a-0aac5367b30e has been successfully formatted.
2022-12-22 10:14:45,679 [omNode-1-impl-thread1] INFO  server.RaftServerConfigKeys (ConfUtils.java:logGet(46)) - raft.server.log.use.memory = false (default)
2022-12-22 10:14:45,679 [omNode-1-impl-thread1] INFO  server.RaftServerConfigKeys (ConfUtils.java:logGet(46)) - raft.server.log.purge.gap = 1000000 (custom)
2022-12-22 10:14:45,679 [omNode-1-impl-thread1] INFO  server.RaftServerConfigKeys (ConfUtils.java:logGet(46)) - raft.server.log.appender.buffer.byte-limit = 33554432 (custom)
2022-12-22 10:14:45,679 [omNode-1-impl-thread1] INFO  server.RaftServerConfigKeys (ConfUtils.java:logGet(46)) - raft.server.log.statemachine.data.read.timeout = 1000ms (default)
2022-12-22 10:14:45,679 [omNode-1-impl-thread1] INFO  server.RaftServerConfigKeys (ConfUtils.java:logGet(46)) - raft.server.log.purge.preservation.log.num = 0 (default)
2022-12-22 10:14:45,679 [omNode-1-impl-thread1] INFO  server.RaftServerConfigKeys (ConfUtils.java:logGet(46)) - raft.server.log.segment.size.max = 4194304 (custom)
2022-12-22 10:14:45,679 [omNode-1-impl-thread1] INFO  server.RaftServerConfigKeys (ConfUtils.java:logGet(46)) - raft.server.log.segment.cache.num.max = 2 (custom)
2022-12-22 10:14:45,680 [omNode-1-impl-thread1] INFO  server.RaftServerConfigKeys (ConfUtils.java:logGet(46)) - raft.server.log.segment.cache.size.max = 200MB (=209715200) (default)
2022-12-22 10:14:45,680 [omNode-1-impl-thread1] INFO  segmented.SegmentedRaftLogWorker (SegmentedRaftLogWorker.java:<init>(189)) - new omNode-1@group-0AAC5367B30E-SegmentedRaftLogWorker for RaftStorageImpl:Storage Directory /home/runner/work/ozone/ozone/hadoop-ozone/integration-test/target/test-dir/MiniOzoneClusterImpl-e8789b07-7928-40b5-ad88-551b1740a89b/omNode-1/ratis/0718e334-ffa1-36bc-8e9a-0aac5367b30e
2022-12-22 10:14:45,680 [omNode-1-impl-thread1] INFO  server.RaftServerConfigKeys (ConfUtils.java:logGet(46)) - raft.server.log.queue.byte-limit = 64MB (=67108864) (default)
2022-12-22 10:14:45,680 [omNode-1-impl-thread1] INFO  server.RaftServerConfigKeys (ConfUtils.java:logGet(46)) - raft.server.log.queue.element-limit = 4096 (default)
2022-12-22 10:14:45,680 [omNode-1-impl-thread1] INFO  server.RaftServerConfigKeys (ConfUtils.java:logGet(46)) - raft.server.log.segment.size.max = 4194304 (custom)
2022-12-22 10:14:45,680 [omNode-1-impl-thread1] INFO  server.RaftServerConfigKeys (ConfUtils.java:logGet(46)) - raft.server.log.preallocated.size = 4194304 (custom)
2022-12-22 10:14:45,680 [omNode-1-impl-thread1] INFO  server.RaftServerConfigKeys (ConfUtils.java:logGet(46)) - raft.server.log.force.sync.num = 128 (default)
2022-12-22 10:14:45,680 [omNode-1-impl-thread1] INFO  server.RaftServerConfigKeys (ConfUtils.java:logGet(46)) - raft.server.log.statemachine.data.sync = true (default)
2022-12-22 10:14:45,680 [omNode-1-impl-thread1] INFO  server.RaftServerConfigKeys (ConfUtils.java:logGet(46)) - raft.server.log.statemachine.data.sync.timeout = 10s (default)
2022-12-22 10:14:45,680 [omNode-1-impl-thread1] INFO  server.RaftServerConfigKeys (ConfUtils.java:logGet(46)) - raft.server.log.statemachine.data.sync.timeout.retry = -1 (default)
2022-12-22 10:14:45,680 [omNode-1-impl-thread1] INFO  server.RaftServerConfigKeys (ConfUtils.java:logGet(46)) - raft.server.log.write.buffer.size = 64KB (=65536) (default)
2022-12-22 10:14:45,680 [omNode-1-impl-thread1] INFO  server.RaftServerConfigKeys (ConfUtils.java:logGet(46)) - raft.server.log.appender.buffer.byte-limit = 33554432 (custom)
2022-12-22 10:14:45,683 [omNode-1-impl-thread1] INFO  server.RaftServerConfigKeys (ConfUtils.java:logGet(46)) - raft.server.log.unsafe-flush.enabled = false (default)
2022-12-22 10:14:45,683 [omNode-1-impl-thread1] INFO  server.RaftServerConfigKeys (ConfUtils.java:logGet(46)) - raft.server.log.async-flush.enabled = false (default)
2022-12-22 10:14:45,683 [omNode-1-impl-thread1] INFO  server.RaftServerConfigKeys (ConfUtils.java:logGet(46)) - raft.server.log.statemachine.data.caching.enabled = false (default)
2022-12-22 10:14:45,683 [omNode-1-impl-thread1] INFO  segmented.SegmentedRaftLogWorker (SegmentedRaftLogWorker.java:lambda$new$0(135)) - omNode-1@group-0AAC5367B30E-SegmentedRaftLogWorker: flushIndex: setUnconditionally 0 -> -1
2022-12-22 10:14:45,683 [omNode-1-impl-thread1] INFO  segmented.SegmentedRaftLogWorker (SegmentedRaftLogWorker.java:lambda$new$0(135)) - omNode-1@group-0AAC5367B30E-SegmentedRaftLogWorker: safeCacheEvictIndex: setUnconditionally 0 -> -1
2022-12-22 10:14:45,684 [omNode-1-impl-thread1] INFO  server.RaftServer$Division (RaftServerImpl.java:start(334)) - omNode-1@group-0AAC5367B30E: start as a follower, conf=-1: peers:[omNode-1|rpc:localhost:43101|priority:0|startupRole:FOLLOWER]|listeners:[], old=null
2022-12-22 10:14:45,684 [omNode-1-impl-thread1] INFO  server.RaftServer$Division (RaftServerImpl.java:setRole(321)) - omNode-1@group-0AAC5367B30E: changes role from      null to FOLLOWER at term 0 for startAsFollower
2022-12-22 10:14:45,689 [omNode-1-impl-thread1] INFO  impl.RoleInfo (RoleInfo.java:updateAndGet(139)) - omNode-1: start omNode-1@group-0AAC5367B30E-FollowerState
2022-12-22 10:14:45,689 [omNode-1-impl-thread1] INFO  util.JmxRegister (JmxRegister.java:tryRegister(44)) - Successfully registered JMX Bean with object name Ratis:service=RaftServer,group=group-0AAC5367B30E,id=omNode-1
2022-12-22 10:14:45,690 [omNode-1-impl-thread1] INFO  server.RaftServerConfigKeys (ConfUtils.java:logGet(46)) - raft.server.snapshot.auto.trigger.enabled = true (custom)
2022-12-22 10:14:45,690 [omNode-1-impl-thread1] INFO  server.RaftServerConfigKeys (ConfUtils.java:logGet(46)) - raft.server.snapshot.auto.trigger.threshold = 400000 (default)
2022-12-22 10:14:45,690 [omNode-1-impl-thread1] INFO  server.RaftServerConfigKeys (ConfUtils.java:logGet(46)) - raft.server.snapshot.retention.file.num = -1 (default)
2022-12-22 10:14:45,690 [omNode-1-impl-thread1] INFO  server.RaftServerConfigKeys (ConfUtils.java:logGet(46)) - raft.server.log.purge.upto.snapshot.index = true (custom)
2022-12-22 10:14:45,692 [omNode-1@group-0AAC5367B30E-FollowerState] INFO  server.RaftServerConfigKeys (ConfUtils.java:logFallback(53)) - raft.server.rpc.first-election.timeout.min = 1s (fallback to raft.server.rpc.timeout.min)
2022-12-22 10:14:45,692 [omNode-1@group-0AAC5367B30E-FollowerState] INFO  server.RaftServerConfigKeys (ConfUtils.java:logFallback(53)) - raft.server.rpc.first-election.timeout.max = 1200ms (fallback to raft.server.rpc.timeout.max)
2022-12-22 10:14:45,692 [Listener at 127.0.0.1/43455] INFO  server.RaftServer (RaftServerProxy.java:startImpl(393)) - omNode-1: start RPC server
2022-12-22 10:14:45,695 [Listener at 127.0.0.1/43455] INFO  server.GrpcService (GrpcService.java:startImpl(262)) - omNode-1: GrpcService started, listening on 43101
2022-12-22 10:14:45,695 [Listener at 127.0.0.1/43455] INFO  om.OzoneManager (OzoneManager.java:start(1502)) - Version File has different layout version (3) than OM DB (null). That is expected if this OM has never been finalized to a newer layout version.
2022-12-22 10:14:45,696 [JvmPauseMonitor11] INFO  util.JvmPauseMonitor (JvmPauseMonitor.java:run(105)) - JvmPauseMonitor-omNode-1: Started
2022-12-22 10:14:45,702 [Listener at 127.0.0.1/43455] INFO  http.BaseHttpServer (BaseHttpServer.java:newHttpServer2BuilderForOzone(213)) - Starting Web-server for ozoneManager at: http://0.0.0.0:42305
2022-12-22 10:14:45,702 [Listener at 127.0.0.1/43455] INFO  http.BaseHttpServer (BaseHttpServer.java:<init>(108)) - Hadoop Security Enabled: false Ozone Security Enabled: false Ozone HTTP Security Enabled: false 
2022-12-22 10:14:45,704 [Listener at 127.0.0.1/43455] WARN  server.AuthenticationFilter (AuthenticationFilter.java:constructSecretProvider(240)) - Unable to initialize FileSignerSecretProvider, falling back to use random secrets. Reason: Could not read signature secret file: /home/runner/hadoop-http-auth-signature-secret
2022-12-22 10:14:45,704 [Listener at 127.0.0.1/43455] WARN  http.HttpRequestLog (HttpRequestLog.java:getRequestLog(103)) - Jetty request log can only be enabled using Log4j
2022-12-22 10:14:45,706 [Listener at 127.0.0.1/43455] INFO  http.HttpServer2 (HttpServer2.java:addGlobalFilter(1031)) - Added global filter 'safety' (class=org.apache.hadoop.hdds.server.http.HttpServer2$QuotingInputFilter)
2022-12-22 10:14:45,707 [Listener at 127.0.0.1/43455] INFO  http.HttpServer2 (HttpServer2.java:addFilter(1007)) - Added filter static_user_filter (class=org.apache.hadoop.http.lib.StaticUserWebFilter$StaticUserFilter) to context ozoneManager
2022-12-22 10:14:45,707 [Listener at 127.0.0.1/43455] INFO  http.HttpServer2 (HttpServer2.java:addFilter(1015)) - Added filter static_user_filter (class=org.apache.hadoop.http.lib.StaticUserWebFilter$StaticUserFilter) to context static
2022-12-22 10:14:45,707 [Listener at 127.0.0.1/43455] INFO  http.HttpServer2 (HttpServer2.java:addFilter(1015)) - Added filter static_user_filter (class=org.apache.hadoop.http.lib.StaticUserWebFilter$StaticUserFilter) to context logs
2022-12-22 10:14:45,707 [Listener at 127.0.0.1/43455] INFO  http.HttpServer2 (HttpServer2.java:bindListener(1250)) - Jetty bound to port 42305
2022-12-22 10:14:45,707 [Listener at 127.0.0.1/43455] INFO  server.Server (Server.java:doStart(375)) - jetty-9.4.49.v20220914; built: 2022-09-14T01:07:36.601Z; git: 4231a3b2e4cb8548a412a789936d640a97b1aa0a; jvm 1.8.0_352-b08
2022-12-22 10:14:45,709 [Listener at 127.0.0.1/43455] INFO  server.session (DefaultSessionIdManager.java:doStart(334)) - DefaultSessionIdManager workerName=node0
2022-12-22 10:14:45,709 [Listener at 127.0.0.1/43455] INFO  server.session (DefaultSessionIdManager.java:doStart(339)) - No SessionScavenger set, using defaults
2022-12-22 10:14:45,709 [Listener at 127.0.0.1/43455] INFO  server.session (HouseKeeper.java:startScavenging(132)) - node0 Scavenging every 600000ms
2022-12-22 10:14:45,710 [Listener at 127.0.0.1/43455] INFO  handler.ContextHandler (ContextHandler.java:doStart(921)) - Started o.e.j.s.ServletContextHandler@48b0123a{logs,/logs,file:///home/runner/work/ozone/ozone/hadoop-ozone/integration-test/target/log,AVAILABLE}
2022-12-22 10:14:45,710 [Listener at 127.0.0.1/43455] INFO  handler.ContextHandler (ContextHandler.java:doStart(921)) - Started o.e.j.s.ServletContextHandler@6f942437{static,/static,file:///home/runner/work/ozone/ozone/hadoop-ozone/integration-test/target/test-classes/webapps/static,AVAILABLE}
2022-12-22 10:14:45,714 [Listener at 127.0.0.1/43455] INFO  handler.ContextHandler (ContextHandler.java:doStart(921)) - Started o.e.j.w.WebAppContext@81b2f0e{ozoneManager,/,file:///home/runner/work/ozone/ozone/hadoop-ozone/integration-test/target/test-classes/webapps/ozoneManager/,AVAILABLE}{file:/home/runner/work/ozone/ozone/hadoop-ozone/integration-test/target/test-classes/webapps/ozoneManager}
2022-12-22 10:14:45,715 [Listener at 127.0.0.1/43455] INFO  server.AbstractConnector (AbstractConnector.java:doStart(333)) - Started ServerConnector@7792e75e{HTTP/1.1, (http/1.1)}{0.0.0.0:42305}
2022-12-22 10:14:45,715 [Listener at 127.0.0.1/43455] INFO  server.Server (Server.java:doStart(415)) - Started @69447ms
2022-12-22 10:14:45,715 [Listener at 127.0.0.1/43455] WARN  impl.MetricsSystemImpl (MetricsSystemImpl.java:register(279)) - Sink prometheus already exists!
2022-12-22 10:14:45,716 [Listener at 127.0.0.1/43455] INFO  http.BaseHttpServer (BaseHttpServer.java:updateConnectorAddress(333)) - HTTP server of ozoneManager listening at http://0.0.0.0:42305
2022-12-22 10:14:45,716 [IPC Server Responder] INFO  ipc.Server (Server.java:run(1512)) - IPC Server Responder: starting
2022-12-22 10:14:45,716 [IPC Server listener on 43455] INFO  ipc.Server (Server.java:run(1352)) - IPC Server listener on 43455: starting
2022-12-22 10:14:45,718 [Listener at 127.0.0.1/43455] INFO  om.OzoneManager (OzoneManager.java:startTrashEmptier(1923)) - Trash Interval set to 0. Files deleted won't move to trash
2022-12-22 10:14:45,718 [Listener at 127.0.0.1/43455] INFO  ozone.MiniOzoneHAClusterImpl (MiniOzoneHAClusterImpl.java:createOMService(527)) - Started OzoneManager omNode-1 RPC server at localhost/127.0.0.1:43455
2022-12-22 10:14:45,725 [org.apache.hadoop.util.JvmPauseMonitor$Monitor@37a080e0] INFO  util.JvmPauseMonitor (JvmPauseMonitor.java:run(188)) - Starting JVM pause monitor
2022-12-22 10:14:45,735 [Listener at 127.0.0.1/43455] WARN  impl.MetricRegistriesImpl (MetricRegistriesImpl.java:addReporterRegistration(111)) - New reporters are added after registries were created. Some metrics will be missing from the reporter. Please add reporter before adding any new registry.
2022-12-22 10:14:45,735 [Listener at 127.0.0.1/43455] WARN  impl.MetricRegistriesImpl (MetricRegistriesImpl.java:addReporterRegistration(111)) - New reporters are added after registries were created. Some metrics will be missing from the reporter. Please add reporter before adding any new registry.
2022-12-22 10:14:45,735 [Listener at 127.0.0.1/43455] INFO  impl.MetricsSystemImpl (MetricsSystemImpl.java:init(158)) - HddsDatanode metrics system started (again)
2022-12-22 10:14:45,750 [Listener at 127.0.0.1/43455] INFO  ozone.HddsDatanodeService (HddsDatanodeService.java:start(237)) - HddsDatanodeService host:fv-az345-686.jvbsasuktymudpoi5cueu5eohe.gx.internal.cloudapp.net ip:10.1.0.13
2022-12-22 10:14:45,770 [Listener at 127.0.0.1/43455] INFO  upgrade.AbstractLayoutVersionManager (AbstractLayoutVersionManager.java:init(83)) - Initializing Layout version manager with metadata layout = DATANODE_SCHEMA_V3 (version = 4), software layout = DATANODE_SCHEMA_V3 (version = 4)
2022-12-22 10:14:45,812 [Listener at 127.0.0.1/43455] INFO  reflections.Reflections (Reflections.java:scan(232)) - Reflections took 41 ms to scan 7 urls, producing 146 keys and 348 values 
2022-12-22 10:14:45,816 [Listener at 127.0.0.1/43455] INFO  ha.SCMNodeInfo (SCMNodeInfo.java:getPort(197)) - ConfigKey ozone.scm.client.address is deprecated, For configuring different ports for each SCM use PortConfigKey ozone.scm.client.port appended with serviceId and nodeId
2022-12-22 10:14:45,816 [Listener at 127.0.0.1/43455] INFO  ha.SCMNodeInfo (SCMNodeInfo.java:getPort(197)) - ConfigKey ozone.scm.block.client.address is deprecated, For configuring different ports for each SCM use PortConfigKey ozone.scm.block.client.port appended with serviceId and nodeId
2022-12-22 10:14:45,816 [Listener at 127.0.0.1/43455] INFO  ha.SCMNodeInfo (SCMNodeInfo.java:getPort(197)) - ConfigKey ozone.scm.datanode.address is deprecated, For configuring different ports for each SCM use PortConfigKey ozone.scm.datanode.port appended with serviceId and nodeId
2022-12-22 10:14:45,816 [Listener at 127.0.0.1/43455] INFO  statemachine.DatanodeStateMachine (DatanodeStateMachine.java:getEndPointTaskThreadPoolSize(248)) - Datanode State Machine Task Thread Pool size 2
2022-12-22 10:14:45,822 [Listener at 127.0.0.1/43455] INFO  volume.HddsVolume (HddsVolume.java:<init>(117)) - Creating HddsVolume: /home/runner/work/ozone/ozone/hadoop-ozone/integration-test/target/test-dir/MiniOzoneClusterImpl-e8789b07-7928-40b5-ad88-551b1740a89b/datanode-0/data-0/containers/hdds of storage type : DISK capacity : 9223372036854775807
2022-12-22 10:14:45,822 [Listener at 127.0.0.1/43455] INFO  volume.MutableVolumeSet (MutableVolumeSet.java:initializeVolumeSet(174)) - Added Volume : /home/runner/work/ozone/ozone/hadoop-ozone/integration-test/target/test-dir/MiniOzoneClusterImpl-e8789b07-7928-40b5-ad88-551b1740a89b/datanode-0/data-0/containers/hdds to VolumeSet
2022-12-22 10:14:45,822 [Listener at 127.0.0.1/43455] INFO  volume.ThrottledAsyncChecker (ThrottledAsyncChecker.java:schedule(141)) - Scheduling a check for /home/runner/work/ozone/ozone/hadoop-ozone/integration-test/target/test-dir/MiniOzoneClusterImpl-e8789b07-7928-40b5-ad88-551b1740a89b/datanode-0/data-0/containers/hdds
2022-12-22 10:14:45,823 [Listener at 127.0.0.1/43455] INFO  volume.StorageVolumeChecker (StorageVolumeChecker.java:checkAllVolumes(202)) - Scheduled health check for volume /home/runner/work/ozone/ozone/hadoop-ozone/integration-test/target/test-dir/MiniOzoneClusterImpl-e8789b07-7928-40b5-ad88-551b1740a89b/datanode-0/data-0/containers/hdds
2022-12-22 10:14:45,833 [Listener at 127.0.0.1/43455] INFO  volume.MutableVolumeSet (MutableVolumeSet.java:initializeVolumeSet(174)) - Added Volume : /home/runner/work/ozone/ozone/hadoop-ozone/integration-test/target/test-dir/MiniOzoneClusterImpl-e8789b07-7928-40b5-ad88-551b1740a89b/datanode-0/data/ratis to VolumeSet
2022-12-22 10:14:45,833 [Listener at 127.0.0.1/43455] INFO  volume.ThrottledAsyncChecker (ThrottledAsyncChecker.java:schedule(141)) - Scheduling a check for /home/runner/work/ozone/ozone/hadoop-ozone/integration-test/target/test-dir/MiniOzoneClusterImpl-e8789b07-7928-40b5-ad88-551b1740a89b/datanode-0/data/ratis
2022-12-22 10:14:45,833 [Listener at 127.0.0.1/43455] INFO  volume.StorageVolumeChecker (StorageVolumeChecker.java:checkAllVolumes(202)) - Scheduled health check for volume /home/runner/work/ozone/ozone/hadoop-ozone/integration-test/target/test-dir/MiniOzoneClusterImpl-e8789b07-7928-40b5-ad88-551b1740a89b/datanode-0/data/ratis
2022-12-22 10:14:45,844 [Thread-1180] INFO  ozoneimpl.ContainerReader (ContainerReader.java:readVolume(175)) - Finish verifying containers on volume /home/runner/work/ozone/ozone/hadoop-ozone/integration-test/target/test-dir/MiniOzoneClusterImpl-e8789b07-7928-40b5-ad88-551b1740a89b/datanode-0/data-0/containers/hdds
2022-12-22 10:14:45,844 [Listener at 127.0.0.1/43455] INFO  ozoneimpl.OzoneContainer (OzoneContainer.java:buildContainerSet(301)) - Build ContainerSet costs 0s
2022-12-22 10:14:45,845 [EndpointStateMachine task thread for /127.0.0.1:42129 - 0 ] INFO  ipc.Client (Client.java:handleConnectionFailure(1010)) - Retrying connect to server: localhost/127.0.0.1:42129. Already tried 4 time(s); retry policy is RetryUpToMaximumCountWithFixedSleep(maxRetries=15, sleepTime=1000 MILLISECONDS)
2022-12-22 10:14:45,846 [Listener at 127.0.0.1/43455] INFO  server.RaftServer (ConfUtils.java:logGet(46)) - raft.rpc.type = GRPC (default)
2022-12-22 10:14:45,846 [Listener at 127.0.0.1/43455] INFO  grpc.GrpcConfigKeys (ConfUtils.java:logFallback(53)) - raft.grpc.admin.host = null (fallback to raft.grpc.server.host)
2022-12-22 10:14:45,847 [Listener at 127.0.0.1/43455] INFO  grpc.GrpcConfigKeys (ConfUtils.java:logGet(46)) - raft.grpc.admin.port = 0 (custom)
2022-12-22 10:14:45,847 [Listener at 127.0.0.1/43455] INFO  grpc.GrpcConfigKeys (ConfUtils.java:logFallback(53)) - raft.grpc.client.host = null (fallback to raft.grpc.server.host)
2022-12-22 10:14:45,847 [Listener at 127.0.0.1/43455] INFO  grpc.GrpcConfigKeys (ConfUtils.java:logGet(46)) - raft.grpc.client.port = 0 (custom)
2022-12-22 10:14:45,847 [Listener at 127.0.0.1/43455] INFO  grpc.GrpcConfigKeys (ConfUtils.java:logGet(46)) - raft.grpc.server.host = null (default)
2022-12-22 10:14:45,847 [Listener at 127.0.0.1/43455] INFO  grpc.GrpcConfigKeys (ConfUtils.java:logGet(46)) - raft.grpc.server.port = 0 (default)
2022-12-22 10:14:45,847 [Listener at 127.0.0.1/43455] INFO  server.GrpcService (ConfUtils.java:logGet(46)) - raft.grpc.message.size.max = 32MB (=33554432) (custom)
2022-12-22 10:14:45,847 [Listener at 127.0.0.1/43455] INFO  server.RaftServerConfigKeys (ConfUtils.java:logGet(46)) - raft.server.log.appender.buffer.byte-limit = 33554432 (custom)
2022-12-22 10:14:45,847 [Listener at 127.0.0.1/43455] INFO  server.GrpcService (ConfUtils.java:logGet(46)) - raft.grpc.flow.control.window = 5MB (=5242880) (custom)
2022-12-22 10:14:45,848 [Listener at 127.0.0.1/43455] INFO  server.RaftServerConfigKeys (ConfUtils.java:logGet(46)) - raft.server.rpc.request.timeout = 60s (custom)
2022-12-22 10:14:45,848 [Listener at 127.0.0.1/43455] INFO  grpc.GrpcConfigKeys (ConfUtils.java:logGet(46)) - raft.grpc.server.heartbeat.channel = true (default)
2022-12-22 10:14:45,848 [Listener at 127.0.0.1/43455] INFO  grpc.GrpcConfigKeys (ConfUtils.java:logGet(46)) - raft.grpc.server.async.request.thread.pool.cached = true (default)
2022-12-22 10:14:45,848 [Listener at 127.0.0.1/43455] INFO  grpc.GrpcConfigKeys (ConfUtils.java:logGet(46)) - raft.grpc.server.async.request.thread.pool.size = 32 (default)
2022-12-22 10:14:45,849 [Listener at 127.0.0.1/43455] INFO  impl.DataStreamServerImpl (ConfUtils.java:logGet(46)) - raft.datastream.type = NETTY (custom)
2022-12-22 10:14:45,849 [Listener at 127.0.0.1/43455] INFO  server.RaftServerConfigKeys (ConfUtils.java:logGet(46)) - raft.server.data-stream.async.request.thread.pool.cached = false (default)
2022-12-22 10:14:45,849 [Listener at 127.0.0.1/43455] INFO  server.RaftServerConfigKeys (ConfUtils.java:logGet(46)) - raft.server.data-stream.async.request.thread.pool.size = 20 (custom)
2022-12-22 10:14:45,849 [Listener at 127.0.0.1/43455] INFO  server.RaftServerConfigKeys (ConfUtils.java:logGet(46)) - raft.server.data-stream.async.write.thread.pool.size = 16 (default)
2022-12-22 10:14:45,849 [Listener at 127.0.0.1/43455] INFO  server.RaftServerConfigKeys (ConfUtils.java:logGet(46)) - raft.server.data-stream.client.pool.size = 10 (default)
2022-12-22 10:14:45,850 [Listener at 127.0.0.1/43455] INFO  netty.NettyConfigKeys$DataStream (ConfUtils.java:logGet(46)) - raft.netty.dataStream.server.use-epoll = false (default)
2022-12-22 10:14:45,850 [Listener at 127.0.0.1/43455] INFO  netty.NettyConfigKeys$DataStream (ConfUtils.java:logGet(46)) - raft.netty.dataStream.server.boss-group.size = 0 (default)
2022-12-22 10:14:45,850 [Listener at 127.0.0.1/43455] INFO  netty.NettyConfigKeys$DataStream (ConfUtils.java:logGet(46)) - raft.netty.dataStream.server.worker-group.size = 0 (default)
2022-12-22 10:14:45,850 [Listener at 127.0.0.1/43455] INFO  netty.NettyConfigKeys$DataStream (ConfUtils.java:logGet(46)) - raft.netty.dataStream.server.tls.conf = null (default)
2022-12-22 10:14:45,850 [Listener at 127.0.0.1/43455] INFO  netty.NettyConfigKeys$DataStream (ConfUtils.java:logGet(46)) - raft.netty.dataStream.host = null (default)
2022-12-22 10:14:45,850 [Listener at 127.0.0.1/43455] INFO  netty.NettyConfigKeys$DataStream (ConfUtils.java:logGet(46)) - raft.netty.dataStream.port = 0 (default)
2022-12-22 10:14:45,851 [Listener at 127.0.0.1/43455] INFO  server.RaftServerConfigKeys (ConfUtils.java:logGet(46)) - raft.server.threadpool.proxy.cached = true (default)
2022-12-22 10:14:45,851 [Listener at 127.0.0.1/43455] INFO  server.RaftServerConfigKeys (ConfUtils.java:logGet(46)) - raft.server.threadpool.proxy.size = 0 (default)
2022-12-22 10:14:45,851 [Listener at 127.0.0.1/43455] INFO  server.RaftServerConfigKeys (ConfUtils.java:logGet(46)) - raft.server.rpc.slowness.timeout = 300s (custom)
2022-12-22 10:14:45,851 [Listener at 127.0.0.1/43455] INFO  server.RaftServerConfigKeys (ConfUtils.java:logGet(46)) - raft.server.leaderelection.leader.step-down.wait-time = 10s (default)
2022-12-22 10:14:45,851 [Listener at 127.0.0.1/43455] INFO  server.RaftServerConfigKeys (ConfUtils.java:logGet(46)) - raft.server.storage.dir = [/home/runner/work/ozone/ozone/hadoop-ozone/integration-test/target/test-dir/MiniOzoneClusterImpl-e8789b07-7928-40b5-ad88-551b1740a89b/datanode-0/data/ratis] (custom)
2022-12-22 10:14:45,852 [Listener at 127.0.0.1/43455] INFO  server.XceiverServerGrpc (XceiverServerGrpc.java:<init>(132)) - GrpcServer channel type EpollServerSocketChannel
2022-12-22 10:14:45,855 [Listener at 127.0.0.1/43455] INFO  http.BaseHttpServer (BaseHttpServer.java:newHttpServer2BuilderForOzone(213)) - Starting Web-server for hddsDatanode at: http://0.0.0.0:0
2022-12-22 10:14:45,855 [Listener at 127.0.0.1/43455] INFO  http.BaseHttpServer (BaseHttpServer.java:<init>(108)) - Hadoop Security Enabled: false Ozone Security Enabled: false Ozone HTTP Security Enabled: false 
2022-12-22 10:14:45,856 [Listener at 127.0.0.1/43455] WARN  server.AuthenticationFilter (AuthenticationFilter.java:constructSecretProvider(240)) - Unable to initialize FileSignerSecretProvider, falling back to use random secrets. Reason: Could not read signature secret file: /home/runner/hadoop-http-auth-signature-secret
2022-12-22 10:14:45,856 [1a836199-4b37-4331-b3d7-01d1c65ae166-NettyServerStreamRpc-bossGroup--thread1] INFO  logging.LoggingHandler (AbstractInternalLogger.java:log(148)) - [id: 0xb2102f9d] REGISTERED
2022-12-22 10:14:45,856 [1a836199-4b37-4331-b3d7-01d1c65ae166-NettyServerStreamRpc-bossGroup--thread1] INFO  logging.LoggingHandler (AbstractInternalLogger.java:log(148)) - [id: 0xb2102f9d] BIND: 0.0.0.0/0.0.0.0:0
2022-12-22 10:14:45,857 [1a836199-4b37-4331-b3d7-01d1c65ae166-NettyServerStreamRpc-bossGroup--thread1] INFO  logging.LoggingHandler (AbstractInternalLogger.java:log(148)) - [id: 0xb2102f9d, L:/0:0:0:0:0:0:0:0:44975] ACTIVE
2022-12-22 10:14:45,857 [Listener at 127.0.0.1/43455] WARN  http.HttpRequestLog (HttpRequestLog.java:getRequestLog(103)) - Jetty request log can only be enabled using Log4j
2022-12-22 10:14:45,860 [Listener at 127.0.0.1/43455] INFO  http.HttpServer2 (HttpServer2.java:addGlobalFilter(1031)) - Added global filter 'safety' (class=org.apache.hadoop.hdds.server.http.HttpServer2$QuotingInputFilter)
2022-12-22 10:14:45,861 [Listener at 127.0.0.1/43455] INFO  http.HttpServer2 (HttpServer2.java:addFilter(1007)) - Added filter static_user_filter (class=org.apache.hadoop.http.lib.StaticUserWebFilter$StaticUserFilter) to context hddsDatanode
2022-12-22 10:14:45,861 [Listener at 127.0.0.1/43455] INFO  http.HttpServer2 (HttpServer2.java:addFilter(1015)) - Added filter static_user_filter (class=org.apache.hadoop.http.lib.StaticUserWebFilter$StaticUserFilter) to context logs
2022-12-22 10:14:45,861 [Listener at 127.0.0.1/43455] INFO  http.HttpServer2 (HttpServer2.java:addFilter(1015)) - Added filter static_user_filter (class=org.apache.hadoop.http.lib.StaticUserWebFilter$StaticUserFilter) to context static
2022-12-22 10:14:45,862 [Listener at 127.0.0.1/43455] INFO  http.HttpServer2 (HttpServer2.java:bindListener(1250)) - Jetty bound to port 41645
2022-12-22 10:14:45,862 [Listener at 127.0.0.1/43455] INFO  server.Server (Server.java:doStart(375)) - jetty-9.4.49.v20220914; built: 2022-09-14T01:07:36.601Z; git: 4231a3b2e4cb8548a412a789936d640a97b1aa0a; jvm 1.8.0_352-b08
2022-12-22 10:14:45,863 [Listener at 127.0.0.1/43455] INFO  server.session (DefaultSessionIdManager.java:doStart(334)) - DefaultSessionIdManager workerName=node0
2022-12-22 10:14:45,863 [Listener at 127.0.0.1/43455] INFO  server.session (DefaultSessionIdManager.java:doStart(339)) - No SessionScavenger set, using defaults
2022-12-22 10:14:45,863 [Listener at 127.0.0.1/43455] INFO  server.session (HouseKeeper.java:startScavenging(132)) - node0 Scavenging every 600000ms
2022-12-22 10:14:45,864 [Listener at 127.0.0.1/43455] INFO  handler.ContextHandler (ContextHandler.java:doStart(921)) - Started o.e.j.s.ServletContextHandler@3f7ec3ff{logs,/logs,file:///home/runner/work/ozone/ozone/hadoop-ozone/integration-test/target/log,AVAILABLE}
2022-12-22 10:14:45,864 [Listener at 127.0.0.1/43455] INFO  handler.ContextHandler (ContextHandler.java:doStart(921)) - Started o.e.j.s.ServletContextHandler@3625386f{static,/static,jar:file:/home/runner/.m2/repository/org/apache/ozone/hdds-container-service/1.3.0-SNAPSHOT/hdds-container-service-1.3.0-SNAPSHOT.jar!/webapps/static,AVAILABLE}
2022-12-22 10:14:46,036 [Listener at 127.0.0.1/43455] INFO  handler.ContextHandler (ContextHandler.java:doStart(921)) - Started o.e.j.w.WebAppContext@636fdfa0{hddsDatanode,/,file:///tmp/jetty-0_0_0_0-41645-hdds-container-service-1_3_0-SNAPSHOT_jar-_-any-7748951360625219182/webapp/,AVAILABLE}{jar:file:/home/runner/.m2/repository/org/apache/ozone/hdds-container-service/1.3.0-SNAPSHOT/hdds-container-service-1.3.0-SNAPSHOT.jar!/webapps/hddsDatanode}
2022-12-22 10:14:46,037 [Listener at 127.0.0.1/43455] INFO  server.AbstractConnector (AbstractConnector.java:doStart(333)) - Started ServerConnector@7e894971{HTTP/1.1, (http/1.1)}{0.0.0.0:41645}
2022-12-22 10:14:46,037 [Listener at 127.0.0.1/43455] INFO  server.Server (Server.java:doStart(415)) - Started @69769ms
2022-12-22 10:14:46,038 [Listener at 127.0.0.1/43455] WARN  impl.MetricsSystemImpl (MetricsSystemImpl.java:register(279)) - Sink prometheus already exists!
2022-12-22 10:14:46,038 [Listener at 127.0.0.1/43455] INFO  http.BaseHttpServer (BaseHttpServer.java:updateConnectorAddress(333)) - HTTP server of hddsDatanode listening at http://0.0.0.0:41645
2022-12-22 10:14:46,038 [Datanode State Machine Daemon Thread] INFO  statemachine.DatanodeStateMachine (DatanodeStateMachine.java:lambda$startDaemon$0(508)) - Ozone container server started.
2022-12-22 10:14:46,039 [Listener at 127.0.0.1/43455] WARN  impl.MetricRegistriesImpl (MetricRegistriesImpl.java:addReporterRegistration(111)) - New reporters are added after registries were created. Some metrics will be missing from the reporter. Please add reporter before adding any new registry.
2022-12-22 10:14:46,039 [Listener at 127.0.0.1/43455] WARN  impl.MetricRegistriesImpl (MetricRegistriesImpl.java:addReporterRegistration(111)) - New reporters are added after registries were created. Some metrics will be missing from the reporter. Please add reporter before adding any new registry.
2022-12-22 10:14:46,039 [Listener at 127.0.0.1/43455] INFO  impl.MetricsSystemImpl (MetricsSystemImpl.java:init(158)) - HddsDatanode metrics system started (again)
2022-12-22 10:14:46,055 [org.apache.hadoop.util.JvmPauseMonitor$Monitor@52383912] INFO  util.JvmPauseMonitor (JvmPauseMonitor.java:run(188)) - Starting JVM pause monitor
2022-12-22 10:14:46,056 [Datanode State Machine Task Thread - 0] INFO  ha.SCMNodeInfo (SCMNodeInfo.java:getPort(197)) - ConfigKey ozone.scm.client.address is deprecated, For configuring different ports for each SCM use PortConfigKey ozone.scm.client.port appended with serviceId and nodeId
2022-12-22 10:14:46,056 [Datanode State Machine Task Thread - 0] INFO  ha.SCMNodeInfo (SCMNodeInfo.java:getPort(197)) - ConfigKey ozone.scm.block.client.address is deprecated, For configuring different ports for each SCM use PortConfigKey ozone.scm.block.client.port appended with serviceId and nodeId
2022-12-22 10:14:46,056 [Datanode State Machine Task Thread - 0] INFO  ha.SCMNodeInfo (SCMNodeInfo.java:getPort(197)) - ConfigKey ozone.scm.datanode.address is deprecated, For configuring different ports for each SCM use PortConfigKey ozone.scm.datanode.port appended with serviceId and nodeId
2022-12-22 10:14:46,057 [Datanode State Machine Task Thread - 0] INFO  datanode.InitDatanodeState (InitDatanodeState.java:persistContainerDatanodeDetails(138)) - DatanodeDetails is persisted to /home/runner/work/ozone/ozone/hadoop-ozone/integration-test/target/test-dir/MiniOzoneClusterImpl-e8789b07-7928-40b5-ad88-551b1740a89b/datanode-0/meta/datanode.id
2022-12-22 10:14:46,063 [Listener at 127.0.0.1/43455] INFO  ozone.HddsDatanodeService (HddsDatanodeService.java:start(237)) - HddsDatanodeService host:fv-az345-686.jvbsasuktymudpoi5cueu5eohe.gx.internal.cloudapp.net ip:10.1.0.13
2022-12-22 10:14:46,082 [Listener at 127.0.0.1/43455] INFO  upgrade.AbstractLayoutVersionManager (AbstractLayoutVersionManager.java:init(83)) - Initializing Layout version manager with metadata layout = DATANODE_SCHEMA_V3 (version = 4), software layout = DATANODE_SCHEMA_V3 (version = 4)
2022-12-22 10:14:46,124 [Listener at 127.0.0.1/43455] INFO  reflections.Reflections (Reflections.java:scan(232)) - Reflections took 41 ms to scan 7 urls, producing 146 keys and 348 values 
2022-12-22 10:14:46,125 [Listener at 127.0.0.1/43455] INFO  ha.SCMNodeInfo (SCMNodeInfo.java:getPort(197)) - ConfigKey ozone.scm.client.address is deprecated, For configuring different ports for each SCM use PortConfigKey ozone.scm.client.port appended with serviceId and nodeId
2022-12-22 10:14:46,125 [Listener at 127.0.0.1/43455] INFO  ha.SCMNodeInfo (SCMNodeInfo.java:getPort(197)) - ConfigKey ozone.scm.block.client.address is deprecated, For configuring different ports for each SCM use PortConfigKey ozone.scm.block.client.port appended with serviceId and nodeId
2022-12-22 10:14:46,125 [Listener at 127.0.0.1/43455] INFO  ha.SCMNodeInfo (SCMNodeInfo.java:getPort(197)) - ConfigKey ozone.scm.datanode.address is deprecated, For configuring different ports for each SCM use PortConfigKey ozone.scm.datanode.port appended with serviceId and nodeId
2022-12-22 10:14:46,125 [Listener at 127.0.0.1/43455] INFO  statemachine.DatanodeStateMachine (DatanodeStateMachine.java:getEndPointTaskThreadPoolSize(248)) - Datanode State Machine Task Thread Pool size 2
2022-12-22 10:14:46,132 [Listener at 127.0.0.1/43455] INFO  volume.HddsVolume (HddsVolume.java:<init>(117)) - Creating HddsVolume: /home/runner/work/ozone/ozone/hadoop-ozone/integration-test/target/test-dir/MiniOzoneClusterImpl-e8789b07-7928-40b5-ad88-551b1740a89b/datanode-1/data-0/containers/hdds of storage type : DISK capacity : 9223372036854775807
2022-12-22 10:14:46,133 [Listener at 127.0.0.1/43455] INFO  volume.MutableVolumeSet (MutableVolumeSet.java:initializeVolumeSet(174)) - Added Volume : /home/runner/work/ozone/ozone/hadoop-ozone/integration-test/target/test-dir/MiniOzoneClusterImpl-e8789b07-7928-40b5-ad88-551b1740a89b/datanode-1/data-0/containers/hdds to VolumeSet
2022-12-22 10:14:46,133 [Listener at 127.0.0.1/43455] INFO  volume.ThrottledAsyncChecker (ThrottledAsyncChecker.java:schedule(141)) - Scheduling a check for /home/runner/work/ozone/ozone/hadoop-ozone/integration-test/target/test-dir/MiniOzoneClusterImpl-e8789b07-7928-40b5-ad88-551b1740a89b/datanode-1/data-0/containers/hdds
2022-12-22 10:14:46,133 [Listener at 127.0.0.1/43455] INFO  volume.StorageVolumeChecker (StorageVolumeChecker.java:checkAllVolumes(202)) - Scheduled health check for volume /home/runner/work/ozone/ozone/hadoop-ozone/integration-test/target/test-dir/MiniOzoneClusterImpl-e8789b07-7928-40b5-ad88-551b1740a89b/datanode-1/data-0/containers/hdds
2022-12-22 10:14:46,146 [Listener at 127.0.0.1/43455] INFO  volume.MutableVolumeSet (MutableVolumeSet.java:initializeVolumeSet(174)) - Added Volume : /home/runner/work/ozone/ozone/hadoop-ozone/integration-test/target/test-dir/MiniOzoneClusterImpl-e8789b07-7928-40b5-ad88-551b1740a89b/datanode-1/data/ratis to VolumeSet
2022-12-22 10:14:46,146 [Listener at 127.0.0.1/43455] INFO  volume.ThrottledAsyncChecker (ThrottledAsyncChecker.java:schedule(141)) - Scheduling a check for /home/runner/work/ozone/ozone/hadoop-ozone/integration-test/target/test-dir/MiniOzoneClusterImpl-e8789b07-7928-40b5-ad88-551b1740a89b/datanode-1/data/ratis
2022-12-22 10:14:46,146 [Listener at 127.0.0.1/43455] INFO  volume.StorageVolumeChecker (StorageVolumeChecker.java:checkAllVolumes(202)) - Scheduled health check for volume /home/runner/work/ozone/ozone/hadoop-ozone/integration-test/target/test-dir/MiniOzoneClusterImpl-e8789b07-7928-40b5-ad88-551b1740a89b/datanode-1/data/ratis
2022-12-22 10:14:46,156 [Thread-1194] INFO  ozoneimpl.ContainerReader (ContainerReader.java:readVolume(175)) - Finish verifying containers on volume /home/runner/work/ozone/ozone/hadoop-ozone/integration-test/target/test-dir/MiniOzoneClusterImpl-e8789b07-7928-40b5-ad88-551b1740a89b/datanode-1/data-0/containers/hdds
2022-12-22 10:14:46,157 [Listener at 127.0.0.1/43455] INFO  ozoneimpl.OzoneContainer (OzoneContainer.java:buildContainerSet(301)) - Build ContainerSet costs 0s
2022-12-22 10:14:46,159 [Listener at 127.0.0.1/43455] INFO  server.RaftServer (ConfUtils.java:logGet(46)) - raft.rpc.type = GRPC (default)
2022-12-22 10:14:46,160 [Listener at 127.0.0.1/43455] INFO  grpc.GrpcConfigKeys (ConfUtils.java:logFallback(53)) - raft.grpc.admin.host = null (fallback to raft.grpc.server.host)
2022-12-22 10:14:46,160 [Listener at 127.0.0.1/43455] INFO  grpc.GrpcConfigKeys (ConfUtils.java:logGet(46)) - raft.grpc.admin.port = 0 (custom)
2022-12-22 10:14:46,160 [Listener at 127.0.0.1/43455] INFO  grpc.GrpcConfigKeys (ConfUtils.java:logFallback(53)) - raft.grpc.client.host = null (fallback to raft.grpc.server.host)
2022-12-22 10:14:46,160 [Listener at 127.0.0.1/43455] INFO  grpc.GrpcConfigKeys (ConfUtils.java:logGet(46)) - raft.grpc.client.port = 0 (custom)
2022-12-22 10:14:46,160 [Listener at 127.0.0.1/43455] INFO  grpc.GrpcConfigKeys (ConfUtils.java:logGet(46)) - raft.grpc.server.host = null (default)
2022-12-22 10:14:46,160 [Listener at 127.0.0.1/43455] INFO  grpc.GrpcConfigKeys (ConfUtils.java:logGet(46)) - raft.grpc.server.port = 0 (default)
2022-12-22 10:14:46,160 [Listener at 127.0.0.1/43455] INFO  server.GrpcService (ConfUtils.java:logGet(46)) - raft.grpc.message.size.max = 32MB (=33554432) (custom)
2022-12-22 10:14:46,160 [Listener at 127.0.0.1/43455] INFO  server.RaftServerConfigKeys (ConfUtils.java:logGet(46)) - raft.server.log.appender.buffer.byte-limit = 33554432 (custom)
2022-12-22 10:14:46,161 [Listener at 127.0.0.1/43455] INFO  server.GrpcService (ConfUtils.java:logGet(46)) - raft.grpc.flow.control.window = 5MB (=5242880) (custom)
2022-12-22 10:14:46,161 [Listener at 127.0.0.1/43455] INFO  server.RaftServerConfigKeys (ConfUtils.java:logGet(46)) - raft.server.rpc.request.timeout = 60s (custom)
2022-12-22 10:14:46,161 [Listener at 127.0.0.1/43455] INFO  grpc.GrpcConfigKeys (ConfUtils.java:logGet(46)) - raft.grpc.server.heartbeat.channel = true (default)
2022-12-22 10:14:46,161 [Listener at 127.0.0.1/43455] INFO  grpc.GrpcConfigKeys (ConfUtils.java:logGet(46)) - raft.grpc.server.async.request.thread.pool.cached = true (default)
2022-12-22 10:14:46,161 [Listener at 127.0.0.1/43455] INFO  grpc.GrpcConfigKeys (ConfUtils.java:logGet(46)) - raft.grpc.server.async.request.thread.pool.size = 32 (default)
2022-12-22 10:14:46,162 [Listener at 127.0.0.1/43455] INFO  impl.DataStreamServerImpl (ConfUtils.java:logGet(46)) - raft.datastream.type = NETTY (custom)
2022-12-22 10:14:46,163 [Listener at 127.0.0.1/43455] INFO  server.RaftServerConfigKeys (ConfUtils.java:logGet(46)) - raft.server.data-stream.async.request.thread.pool.cached = false (default)
2022-12-22 10:14:46,163 [Listener at 127.0.0.1/43455] INFO  server.RaftServerConfigKeys (ConfUtils.java:logGet(46)) - raft.server.data-stream.async.request.thread.pool.size = 20 (custom)
2022-12-22 10:14:46,163 [Listener at 127.0.0.1/43455] INFO  server.RaftServerConfigKeys (ConfUtils.java:logGet(46)) - raft.server.data-stream.async.write.thread.pool.size = 16 (default)
2022-12-22 10:14:46,163 [Listener at 127.0.0.1/43455] INFO  server.RaftServerConfigKeys (ConfUtils.java:logGet(46)) - raft.server.data-stream.client.pool.size = 10 (default)
2022-12-22 10:14:46,163 [Listener at 127.0.0.1/43455] INFO  netty.NettyConfigKeys$DataStream (ConfUtils.java:logGet(46)) - raft.netty.dataStream.server.use-epoll = false (default)
2022-12-22 10:14:46,163 [Listener at 127.0.0.1/43455] INFO  netty.NettyConfigKeys$DataStream (ConfUtils.java:logGet(46)) - raft.netty.dataStream.server.boss-group.size = 0 (default)
2022-12-22 10:14:46,164 [Listener at 127.0.0.1/43455] INFO  netty.NettyConfigKeys$DataStream (ConfUtils.java:logGet(46)) - raft.netty.dataStream.server.worker-group.size = 0 (default)
2022-12-22 10:14:46,164 [Listener at 127.0.0.1/43455] INFO  netty.NettyConfigKeys$DataStream (ConfUtils.java:logGet(46)) - raft.netty.dataStream.server.tls.conf = null (default)
2022-12-22 10:14:46,164 [Listener at 127.0.0.1/43455] INFO  netty.NettyConfigKeys$DataStream (ConfUtils.java:logGet(46)) - raft.netty.dataStream.host = null (default)
2022-12-22 10:14:46,164 [Listener at 127.0.0.1/43455] INFO  netty.NettyConfigKeys$DataStream (ConfUtils.java:logGet(46)) - raft.netty.dataStream.port = 0 (default)
2022-12-22 10:14:46,164 [Listener at 127.0.0.1/43455] INFO  server.RaftServerConfigKeys (ConfUtils.java:logGet(46)) - raft.server.threadpool.proxy.cached = true (default)
2022-12-22 10:14:46,165 [Listener at 127.0.0.1/43455] INFO  server.RaftServerConfigKeys (ConfUtils.java:logGet(46)) - raft.server.threadpool.proxy.size = 0 (default)
2022-12-22 10:14:46,165 [Listener at 127.0.0.1/43455] INFO  server.RaftServerConfigKeys (ConfUtils.java:logGet(46)) - raft.server.rpc.slowness.timeout = 300s (custom)
2022-12-22 10:14:46,165 [4f5ae387-cd9a-40e6-b48a-d20f36d7a4c1-NettyServerStreamRpc-bossGroup--thread1] INFO  logging.LoggingHandler (AbstractInternalLogger.java:log(148)) - [id: 0x434b7243] REGISTERED
2022-12-22 10:14:46,165 [4f5ae387-cd9a-40e6-b48a-d20f36d7a4c1-NettyServerStreamRpc-bossGroup--thread1] INFO  logging.LoggingHandler (AbstractInternalLogger.java:log(148)) - [id: 0x434b7243] BIND: 0.0.0.0/0.0.0.0:0
2022-12-22 10:14:46,165 [4f5ae387-cd9a-40e6-b48a-d20f36d7a4c1-NettyServerStreamRpc-bossGroup--thread1] INFO  logging.LoggingHandler (AbstractInternalLogger.java:log(148)) - [id: 0x434b7243, L:/0:0:0:0:0:0:0:0:40347] ACTIVE
2022-12-22 10:14:46,172 [Listener at 127.0.0.1/43455] INFO  server.RaftServerConfigKeys (ConfUtils.java:logGet(46)) - raft.server.leaderelection.leader.step-down.wait-time = 10s (default)
2022-12-22 10:14:46,172 [Listener at 127.0.0.1/43455] INFO  server.RaftServerConfigKeys (ConfUtils.java:logGet(46)) - raft.server.storage.dir = [/home/runner/work/ozone/ozone/hadoop-ozone/integration-test/target/test-dir/MiniOzoneClusterImpl-e8789b07-7928-40b5-ad88-551b1740a89b/datanode-1/data/ratis] (custom)
2022-12-22 10:14:46,177 [Listener at 127.0.0.1/43455] INFO  server.XceiverServerGrpc (XceiverServerGrpc.java:<init>(132)) - GrpcServer channel type EpollServerSocketChannel
2022-12-22 10:14:46,181 [Listener at 127.0.0.1/43455] INFO  http.BaseHttpServer (BaseHttpServer.java:newHttpServer2BuilderForOzone(213)) - Starting Web-server for hddsDatanode at: http://0.0.0.0:0
2022-12-22 10:14:46,181 [Listener at 127.0.0.1/43455] INFO  http.BaseHttpServer (BaseHttpServer.java:<init>(108)) - Hadoop Security Enabled: false Ozone Security Enabled: false Ozone HTTP Security Enabled: false 
2022-12-22 10:14:46,182 [Listener at 127.0.0.1/43455] WARN  server.AuthenticationFilter (AuthenticationFilter.java:constructSecretProvider(240)) - Unable to initialize FileSignerSecretProvider, falling back to use random secrets. Reason: Could not read signature secret file: /home/runner/hadoop-http-auth-signature-secret
2022-12-22 10:14:46,185 [Listener at 127.0.0.1/43455] WARN  http.HttpRequestLog (HttpRequestLog.java:getRequestLog(103)) - Jetty request log can only be enabled using Log4j
2022-12-22 10:14:46,186 [Listener at 127.0.0.1/43455] INFO  http.HttpServer2 (HttpServer2.java:addGlobalFilter(1031)) - Added global filter 'safety' (class=org.apache.hadoop.hdds.server.http.HttpServer2$QuotingInputFilter)
2022-12-22 10:14:46,186 [Listener at 127.0.0.1/43455] INFO  http.HttpServer2 (HttpServer2.java:addFilter(1007)) - Added filter static_user_filter (class=org.apache.hadoop.http.lib.StaticUserWebFilter$StaticUserFilter) to context hddsDatanode
2022-12-22 10:14:46,187 [Listener at 127.0.0.1/43455] INFO  http.HttpServer2 (HttpServer2.java:addFilter(1015)) - Added filter static_user_filter (class=org.apache.hadoop.http.lib.StaticUserWebFilter$StaticUserFilter) to context static
2022-12-22 10:14:46,187 [Listener at 127.0.0.1/43455] INFO  http.HttpServer2 (HttpServer2.java:addFilter(1015)) - Added filter static_user_filter (class=org.apache.hadoop.http.lib.StaticUserWebFilter$StaticUserFilter) to context logs
2022-12-22 10:14:46,187 [Listener at 127.0.0.1/43455] INFO  http.HttpServer2 (HttpServer2.java:bindListener(1250)) - Jetty bound to port 41393
2022-12-22 10:14:46,187 [Listener at 127.0.0.1/43455] INFO  server.Server (Server.java:doStart(375)) - jetty-9.4.49.v20220914; built: 2022-09-14T01:07:36.601Z; git: 4231a3b2e4cb8548a412a789936d640a97b1aa0a; jvm 1.8.0_352-b08
2022-12-22 10:14:46,199 [Listener at 127.0.0.1/43455] INFO  server.session (DefaultSessionIdManager.java:doStart(334)) - DefaultSessionIdManager workerName=node0
2022-12-22 10:14:46,199 [Listener at 127.0.0.1/43455] INFO  server.session (DefaultSessionIdManager.java:doStart(339)) - No SessionScavenger set, using defaults
2022-12-22 10:14:46,199 [Listener at 127.0.0.1/43455] INFO  server.session (HouseKeeper.java:startScavenging(132)) - node0 Scavenging every 600000ms
2022-12-22 10:14:46,199 [Listener at 127.0.0.1/43455] INFO  handler.ContextHandler (ContextHandler.java:doStart(921)) - Started o.e.j.s.ServletContextHandler@63c388fd{logs,/logs,file:///home/runner/work/ozone/ozone/hadoop-ozone/integration-test/target/log,AVAILABLE}
2022-12-22 10:14:46,200 [Listener at 127.0.0.1/43455] INFO  handler.ContextHandler (ContextHandler.java:doStart(921)) - Started o.e.j.s.ServletContextHandler@6e9fb099{static,/static,jar:file:/home/runner/.m2/repository/org/apache/ozone/hdds-container-service/1.3.0-SNAPSHOT/hdds-container-service-1.3.0-SNAPSHOT.jar!/webapps/static,AVAILABLE}
2022-12-22 10:14:46,377 [Listener at 127.0.0.1/43455] INFO  handler.ContextHandler (ContextHandler.java:doStart(921)) - Started o.e.j.w.WebAppContext@52f02cc6{hddsDatanode,/,file:///tmp/jetty-0_0_0_0-41393-hdds-container-service-1_3_0-SNAPSHOT_jar-_-any-7787611947387858550/webapp/,AVAILABLE}{jar:file:/home/runner/.m2/repository/org/apache/ozone/hdds-container-service/1.3.0-SNAPSHOT/hdds-container-service-1.3.0-SNAPSHOT.jar!/webapps/hddsDatanode}
2022-12-22 10:14:46,378 [Listener at 127.0.0.1/43455] INFO  server.AbstractConnector (AbstractConnector.java:doStart(333)) - Started ServerConnector@5c4429e7{HTTP/1.1, (http/1.1)}{0.0.0.0:41393}
2022-12-22 10:14:46,378 [Listener at 127.0.0.1/43455] INFO  server.Server (Server.java:doStart(415)) - Started @70110ms
2022-12-22 10:14:46,378 [Listener at 127.0.0.1/43455] WARN  impl.MetricsSystemImpl (MetricsSystemImpl.java:register(279)) - Sink prometheus already exists!
2022-12-22 10:14:46,379 [Listener at 127.0.0.1/43455] INFO  http.BaseHttpServer (BaseHttpServer.java:updateConnectorAddress(333)) - HTTP server of hddsDatanode listening at http://0.0.0.0:41393
2022-12-22 10:14:46,379 [Listener at 127.0.0.1/43455] WARN  impl.MetricRegistriesImpl (MetricRegistriesImpl.java:addReporterRegistration(111)) - New reporters are added after registries were created. Some metrics will be missing from the reporter. Please add reporter before adding any new registry.
2022-12-22 10:14:46,380 [Listener at 127.0.0.1/43455] WARN  impl.MetricRegistriesImpl (MetricRegistriesImpl.java:addReporterRegistration(111)) - New reporters are added after registries were created. Some metrics will be missing from the reporter. Please add reporter before adding any new registry.
2022-12-22 10:14:46,380 [Listener at 127.0.0.1/43455] INFO  impl.MetricsSystemImpl (MetricsSystemImpl.java:init(158)) - HddsDatanode metrics system started (again)
2022-12-22 10:14:46,385 [Datanode State Machine Daemon Thread] INFO  statemachine.DatanodeStateMachine (DatanodeStateMachine.java:lambda$startDaemon$0(508)) - Ozone container server started.
2022-12-22 10:14:46,395 [Datanode State Machine Task Thread - 0] INFO  ha.SCMNodeInfo (SCMNodeInfo.java:getPort(197)) - ConfigKey ozone.scm.client.address is deprecated, For configuring different ports for each SCM use PortConfigKey ozone.scm.client.port appended with serviceId and nodeId
2022-12-22 10:14:46,395 [Datanode State Machine Task Thread - 0] INFO  ha.SCMNodeInfo (SCMNodeInfo.java:getPort(197)) - ConfigKey ozone.scm.block.client.address is deprecated, For configuring different ports for each SCM use PortConfigKey ozone.scm.block.client.port appended with serviceId and nodeId
2022-12-22 10:14:46,395 [Datanode State Machine Task Thread - 0] INFO  ha.SCMNodeInfo (SCMNodeInfo.java:getPort(197)) - ConfigKey ozone.scm.datanode.address is deprecated, For configuring different ports for each SCM use PortConfigKey ozone.scm.datanode.port appended with serviceId and nodeId
2022-12-22 10:14:46,395 [org.apache.hadoop.util.JvmPauseMonitor$Monitor@18f233db] INFO  util.JvmPauseMonitor (JvmPauseMonitor.java:run(188)) - Starting JVM pause monitor
2022-12-22 10:14:46,396 [Listener at 127.0.0.1/43455] INFO  ozone.HddsDatanodeService (HddsDatanodeService.java:start(237)) - HddsDatanodeService host:fv-az345-686.jvbsasuktymudpoi5cueu5eohe.gx.internal.cloudapp.net ip:10.1.0.13
2022-12-22 10:14:46,396 [Datanode State Machine Task Thread - 0] INFO  datanode.InitDatanodeState (InitDatanodeState.java:persistContainerDatanodeDetails(138)) - DatanodeDetails is persisted to /home/runner/work/ozone/ozone/hadoop-ozone/integration-test/target/test-dir/MiniOzoneClusterImpl-e8789b07-7928-40b5-ad88-551b1740a89b/datanode-1/meta/datanode.id
2022-12-22 10:14:46,413 [Listener at 127.0.0.1/43455] INFO  upgrade.AbstractLayoutVersionManager (AbstractLayoutVersionManager.java:init(83)) - Initializing Layout version manager with metadata layout = DATANODE_SCHEMA_V3 (version = 4), software layout = DATANODE_SCHEMA_V3 (version = 4)
2022-12-22 10:14:46,454 [Listener at 127.0.0.1/43455] INFO  reflections.Reflections (Reflections.java:scan(232)) - Reflections took 41 ms to scan 7 urls, producing 146 keys and 348 values 
2022-12-22 10:14:46,457 [Listener at 127.0.0.1/43455] INFO  ha.SCMNodeInfo (SCMNodeInfo.java:getPort(197)) - ConfigKey ozone.scm.client.address is deprecated, For configuring different ports for each SCM use PortConfigKey ozone.scm.client.port appended with serviceId and nodeId
2022-12-22 10:14:46,457 [Listener at 127.0.0.1/43455] INFO  ha.SCMNodeInfo (SCMNodeInfo.java:getPort(197)) - ConfigKey ozone.scm.block.client.address is deprecated, For configuring different ports for each SCM use PortConfigKey ozone.scm.block.client.port appended with serviceId and nodeId
2022-12-22 10:14:46,457 [Listener at 127.0.0.1/43455] INFO  ha.SCMNodeInfo (SCMNodeInfo.java:getPort(197)) - ConfigKey ozone.scm.datanode.address is deprecated, For configuring different ports for each SCM use PortConfigKey ozone.scm.datanode.port appended with serviceId and nodeId
2022-12-22 10:14:46,457 [Listener at 127.0.0.1/43455] INFO  statemachine.DatanodeStateMachine (DatanodeStateMachine.java:getEndPointTaskThreadPoolSize(248)) - Datanode State Machine Task Thread Pool size 2
2022-12-22 10:14:46,460 [Listener at 127.0.0.1/43455] INFO  volume.HddsVolume (HddsVolume.java:<init>(117)) - Creating HddsVolume: /home/runner/work/ozone/ozone/hadoop-ozone/integration-test/target/test-dir/MiniOzoneClusterImpl-e8789b07-7928-40b5-ad88-551b1740a89b/datanode-2/data-0/containers/hdds of storage type : DISK capacity : 9223372036854775807
2022-12-22 10:14:46,460 [Listener at 127.0.0.1/43455] INFO  volume.MutableVolumeSet (MutableVolumeSet.java:initializeVolumeSet(174)) - Added Volume : /home/runner/work/ozone/ozone/hadoop-ozone/integration-test/target/test-dir/MiniOzoneClusterImpl-e8789b07-7928-40b5-ad88-551b1740a89b/datanode-2/data-0/containers/hdds to VolumeSet
2022-12-22 10:14:46,460 [Listener at 127.0.0.1/43455] INFO  volume.ThrottledAsyncChecker (ThrottledAsyncChecker.java:schedule(141)) - Scheduling a check for /home/runner/work/ozone/ozone/hadoop-ozone/integration-test/target/test-dir/MiniOzoneClusterImpl-e8789b07-7928-40b5-ad88-551b1740a89b/datanode-2/data-0/containers/hdds
2022-12-22 10:14:46,461 [Listener at 127.0.0.1/43455] INFO  volume.StorageVolumeChecker (StorageVolumeChecker.java:checkAllVolumes(202)) - Scheduled health check for volume /home/runner/work/ozone/ozone/hadoop-ozone/integration-test/target/test-dir/MiniOzoneClusterImpl-e8789b07-7928-40b5-ad88-551b1740a89b/datanode-2/data-0/containers/hdds
2022-12-22 10:14:46,471 [Listener at 127.0.0.1/43455] INFO  volume.MutableVolumeSet (MutableVolumeSet.java:initializeVolumeSet(174)) - Added Volume : /home/runner/work/ozone/ozone/hadoop-ozone/integration-test/target/test-dir/MiniOzoneClusterImpl-e8789b07-7928-40b5-ad88-551b1740a89b/datanode-2/data/ratis to VolumeSet
2022-12-22 10:14:46,471 [Listener at 127.0.0.1/43455] INFO  volume.ThrottledAsyncChecker (ThrottledAsyncChecker.java:schedule(141)) - Scheduling a check for /home/runner/work/ozone/ozone/hadoop-ozone/integration-test/target/test-dir/MiniOzoneClusterImpl-e8789b07-7928-40b5-ad88-551b1740a89b/datanode-2/data/ratis
2022-12-22 10:14:46,471 [Listener at 127.0.0.1/43455] INFO  volume.StorageVolumeChecker (StorageVolumeChecker.java:checkAllVolumes(202)) - Scheduled health check for volume /home/runner/work/ozone/ozone/hadoop-ozone/integration-test/target/test-dir/MiniOzoneClusterImpl-e8789b07-7928-40b5-ad88-551b1740a89b/datanode-2/data/ratis
2022-12-22 10:14:46,481 [Thread-1208] INFO  ozoneimpl.ContainerReader (ContainerReader.java:readVolume(175)) - Finish verifying containers on volume /home/runner/work/ozone/ozone/hadoop-ozone/integration-test/target/test-dir/MiniOzoneClusterImpl-e8789b07-7928-40b5-ad88-551b1740a89b/datanode-2/data-0/containers/hdds
2022-12-22 10:14:46,481 [Listener at 127.0.0.1/43455] INFO  ozoneimpl.OzoneContainer (OzoneContainer.java:buildContainerSet(301)) - Build ContainerSet costs 0s
2022-12-22 10:14:46,483 [Listener at 127.0.0.1/43455] INFO  server.RaftServer (ConfUtils.java:logGet(46)) - raft.rpc.type = GRPC (default)
2022-12-22 10:14:46,483 [Listener at 127.0.0.1/43455] INFO  grpc.GrpcConfigKeys (ConfUtils.java:logFallback(53)) - raft.grpc.admin.host = null (fallback to raft.grpc.server.host)
2022-12-22 10:14:46,484 [Listener at 127.0.0.1/43455] INFO  grpc.GrpcConfigKeys (ConfUtils.java:logGet(46)) - raft.grpc.admin.port = 0 (custom)
2022-12-22 10:14:46,484 [Listener at 127.0.0.1/43455] INFO  grpc.GrpcConfigKeys (ConfUtils.java:logFallback(53)) - raft.grpc.client.host = null (fallback to raft.grpc.server.host)
2022-12-22 10:14:46,484 [Listener at 127.0.0.1/43455] INFO  grpc.GrpcConfigKeys (ConfUtils.java:logGet(46)) - raft.grpc.client.port = 0 (custom)
2022-12-22 10:14:46,484 [Listener at 127.0.0.1/43455] INFO  grpc.GrpcConfigKeys (ConfUtils.java:logGet(46)) - raft.grpc.server.host = null (default)
2022-12-22 10:14:46,484 [Listener at 127.0.0.1/43455] INFO  grpc.GrpcConfigKeys (ConfUtils.java:logGet(46)) - raft.grpc.server.port = 0 (default)
2022-12-22 10:14:46,484 [Listener at 127.0.0.1/43455] INFO  server.GrpcService (ConfUtils.java:logGet(46)) - raft.grpc.message.size.max = 32MB (=33554432) (custom)
2022-12-22 10:14:46,484 [Listener at 127.0.0.1/43455] INFO  server.RaftServerConfigKeys (ConfUtils.java:logGet(46)) - raft.server.log.appender.buffer.byte-limit = 33554432 (custom)
2022-12-22 10:14:46,484 [Listener at 127.0.0.1/43455] INFO  server.GrpcService (ConfUtils.java:logGet(46)) - raft.grpc.flow.control.window = 5MB (=5242880) (custom)
2022-12-22 10:14:46,484 [Listener at 127.0.0.1/43455] INFO  server.RaftServerConfigKeys (ConfUtils.java:logGet(46)) - raft.server.rpc.request.timeout = 60s (custom)
2022-12-22 10:14:46,485 [Listener at 127.0.0.1/43455] INFO  grpc.GrpcConfigKeys (ConfUtils.java:logGet(46)) - raft.grpc.server.heartbeat.channel = true (default)
2022-12-22 10:14:46,485 [Listener at 127.0.0.1/43455] INFO  grpc.GrpcConfigKeys (ConfUtils.java:logGet(46)) - raft.grpc.server.async.request.thread.pool.cached = true (default)
2022-12-22 10:14:46,485 [Listener at 127.0.0.1/43455] INFO  grpc.GrpcConfigKeys (ConfUtils.java:logGet(46)) - raft.grpc.server.async.request.thread.pool.size = 32 (default)
2022-12-22 10:14:46,486 [Listener at 127.0.0.1/43455] INFO  impl.DataStreamServerImpl (ConfUtils.java:logGet(46)) - raft.datastream.type = NETTY (custom)
2022-12-22 10:14:46,486 [Listener at 127.0.0.1/43455] INFO  server.RaftServerConfigKeys (ConfUtils.java:logGet(46)) - raft.server.data-stream.async.request.thread.pool.cached = false (default)
2022-12-22 10:14:46,487 [Listener at 127.0.0.1/43455] INFO  server.RaftServerConfigKeys (ConfUtils.java:logGet(46)) - raft.server.data-stream.async.request.thread.pool.size = 20 (custom)
2022-12-22 10:14:46,487 [Listener at 127.0.0.1/43455] INFO  server.RaftServerConfigKeys (ConfUtils.java:logGet(46)) - raft.server.data-stream.async.write.thread.pool.size = 16 (default)
2022-12-22 10:14:46,487 [Listener at 127.0.0.1/43455] INFO  server.RaftServerConfigKeys (ConfUtils.java:logGet(46)) - raft.server.data-stream.client.pool.size = 10 (default)
2022-12-22 10:14:46,487 [Listener at 127.0.0.1/43455] INFO  netty.NettyConfigKeys$DataStream (ConfUtils.java:logGet(46)) - raft.netty.dataStream.server.use-epoll = false (default)
2022-12-22 10:14:46,487 [Listener at 127.0.0.1/43455] INFO  netty.NettyConfigKeys$DataStream (ConfUtils.java:logGet(46)) - raft.netty.dataStream.server.boss-group.size = 0 (default)
2022-12-22 10:14:46,487 [Listener at 127.0.0.1/43455] INFO  netty.NettyConfigKeys$DataStream (ConfUtils.java:logGet(46)) - raft.netty.dataStream.server.worker-group.size = 0 (default)
2022-12-22 10:14:46,488 [Listener at 127.0.0.1/43455] INFO  netty.NettyConfigKeys$DataStream (ConfUtils.java:logGet(46)) - raft.netty.dataStream.server.tls.conf = null (default)
2022-12-22 10:14:46,488 [Listener at 127.0.0.1/43455] INFO  netty.NettyConfigKeys$DataStream (ConfUtils.java:logGet(46)) - raft.netty.dataStream.host = null (default)
2022-12-22 10:14:46,488 [Listener at 127.0.0.1/43455] INFO  netty.NettyConfigKeys$DataStream (ConfUtils.java:logGet(46)) - raft.netty.dataStream.port = 0 (default)
2022-12-22 10:14:46,489 [Listener at 127.0.0.1/43455] INFO  server.RaftServerConfigKeys (ConfUtils.java:logGet(46)) - raft.server.threadpool.proxy.cached = true (default)
2022-12-22 10:14:46,489 [Listener at 127.0.0.1/43455] INFO  server.RaftServerConfigKeys (ConfUtils.java:logGet(46)) - raft.server.threadpool.proxy.size = 0 (default)
2022-12-22 10:14:46,489 [5eea0695-258d-4fe7-9f47-897f5bd73bdb-NettyServerStreamRpc-bossGroup--thread1] INFO  logging.LoggingHandler (AbstractInternalLogger.java:log(148)) - [id: 0x60ab7eeb] REGISTERED
2022-12-22 10:14:46,489 [Listener at 127.0.0.1/43455] INFO  server.RaftServerConfigKeys (ConfUtils.java:logGet(46)) - raft.server.rpc.slowness.timeout = 300s (custom)
2022-12-22 10:14:46,489 [Listener at 127.0.0.1/43455] INFO  server.RaftServerConfigKeys (ConfUtils.java:logGet(46)) - raft.server.leaderelection.leader.step-down.wait-time = 10s (default)
2022-12-22 10:14:46,489 [5eea0695-258d-4fe7-9f47-897f5bd73bdb-NettyServerStreamRpc-bossGroup--thread1] INFO  logging.LoggingHandler (AbstractInternalLogger.java:log(148)) - [id: 0x60ab7eeb] BIND: 0.0.0.0/0.0.0.0:0
2022-12-22 10:14:46,489 [Listener at 127.0.0.1/43455] INFO  server.RaftServerConfigKeys (ConfUtils.java:logGet(46)) - raft.server.storage.dir = [/home/runner/work/ozone/ozone/hadoop-ozone/integration-test/target/test-dir/MiniOzoneClusterImpl-e8789b07-7928-40b5-ad88-551b1740a89b/datanode-2/data/ratis] (custom)
2022-12-22 10:14:46,489 [5eea0695-258d-4fe7-9f47-897f5bd73bdb-NettyServerStreamRpc-bossGroup--thread1] INFO  logging.LoggingHandler (AbstractInternalLogger.java:log(148)) - [id: 0x60ab7eeb, L:/0:0:0:0:0:0:0:0:38343] ACTIVE
2022-12-22 10:14:46,491 [Listener at 127.0.0.1/43455] INFO  server.XceiverServerGrpc (XceiverServerGrpc.java:<init>(132)) - GrpcServer channel type EpollServerSocketChannel
2022-12-22 10:14:46,494 [Listener at 127.0.0.1/43455] INFO  http.BaseHttpServer (BaseHttpServer.java:newHttpServer2BuilderForOzone(213)) - Starting Web-server for hddsDatanode at: http://0.0.0.0:0
2022-12-22 10:14:46,494 [Listener at 127.0.0.1/43455] INFO  http.BaseHttpServer (BaseHttpServer.java:<init>(108)) - Hadoop Security Enabled: false Ozone Security Enabled: false Ozone HTTP Security Enabled: false 
2022-12-22 10:14:46,495 [Listener at 127.0.0.1/43455] WARN  server.AuthenticationFilter (AuthenticationFilter.java:constructSecretProvider(240)) - Unable to initialize FileSignerSecretProvider, falling back to use random secrets. Reason: Could not read signature secret file: /home/runner/hadoop-http-auth-signature-secret
2022-12-22 10:14:46,495 [Listener at 127.0.0.1/43455] WARN  http.HttpRequestLog (HttpRequestLog.java:getRequestLog(103)) - Jetty request log can only be enabled using Log4j
2022-12-22 10:14:46,497 [Listener at 127.0.0.1/43455] INFO  http.HttpServer2 (HttpServer2.java:addGlobalFilter(1031)) - Added global filter 'safety' (class=org.apache.hadoop.hdds.server.http.HttpServer2$QuotingInputFilter)
2022-12-22 10:14:46,497 [Listener at 127.0.0.1/43455] INFO  http.HttpServer2 (HttpServer2.java:addFilter(1007)) - Added filter static_user_filter (class=org.apache.hadoop.http.lib.StaticUserWebFilter$StaticUserFilter) to context hddsDatanode
2022-12-22 10:14:46,497 [Listener at 127.0.0.1/43455] INFO  http.HttpServer2 (HttpServer2.java:addFilter(1015)) - Added filter static_user_filter (class=org.apache.hadoop.http.lib.StaticUserWebFilter$StaticUserFilter) to context static
2022-12-22 10:14:46,497 [Listener at 127.0.0.1/43455] INFO  http.HttpServer2 (HttpServer2.java:addFilter(1015)) - Added filter static_user_filter (class=org.apache.hadoop.http.lib.StaticUserWebFilter$StaticUserFilter) to context logs
2022-12-22 10:14:46,498 [Listener at 127.0.0.1/43455] INFO  http.HttpServer2 (HttpServer2.java:bindListener(1250)) - Jetty bound to port 44053
2022-12-22 10:14:46,498 [Listener at 127.0.0.1/43455] INFO  server.Server (Server.java:doStart(375)) - jetty-9.4.49.v20220914; built: 2022-09-14T01:07:36.601Z; git: 4231a3b2e4cb8548a412a789936d640a97b1aa0a; jvm 1.8.0_352-b08
2022-12-22 10:14:46,499 [Listener at 127.0.0.1/43455] INFO  server.session (DefaultSessionIdManager.java:doStart(334)) - DefaultSessionIdManager workerName=node0
2022-12-22 10:14:46,499 [Listener at 127.0.0.1/43455] INFO  server.session (DefaultSessionIdManager.java:doStart(339)) - No SessionScavenger set, using defaults
2022-12-22 10:14:46,499 [Listener at 127.0.0.1/43455] INFO  server.session (HouseKeeper.java:startScavenging(132)) - node0 Scavenging every 600000ms
2022-12-22 10:14:46,500 [Listener at 127.0.0.1/43455] INFO  handler.ContextHandler (ContextHandler.java:doStart(921)) - Started o.e.j.s.ServletContextHandler@422be505{logs,/logs,file:///home/runner/work/ozone/ozone/hadoop-ozone/integration-test/target/log,AVAILABLE}
2022-12-22 10:14:46,500 [Listener at 127.0.0.1/43455] INFO  handler.ContextHandler (ContextHandler.java:doStart(921)) - Started o.e.j.s.ServletContextHandler@201a57cc{static,/static,jar:file:/home/runner/.m2/repository/org/apache/ozone/hdds-container-service/1.3.0-SNAPSHOT/hdds-container-service-1.3.0-SNAPSHOT.jar!/webapps/static,AVAILABLE}
2022-12-22 10:14:46,675 [Listener at 127.0.0.1/43455] INFO  handler.ContextHandler (ContextHandler.java:doStart(921)) - Started o.e.j.w.WebAppContext@7f8fed9d{hddsDatanode,/,file:///tmp/jetty-0_0_0_0-44053-hdds-container-service-1_3_0-SNAPSHOT_jar-_-any-6926526609442997008/webapp/,AVAILABLE}{jar:file:/home/runner/.m2/repository/org/apache/ozone/hdds-container-service/1.3.0-SNAPSHOT/hdds-container-service-1.3.0-SNAPSHOT.jar!/webapps/hddsDatanode}
2022-12-22 10:14:46,676 [Listener at 127.0.0.1/43455] INFO  server.AbstractConnector (AbstractConnector.java:doStart(333)) - Started ServerConnector@649d9c9{HTTP/1.1, (http/1.1)}{0.0.0.0:44053}
2022-12-22 10:14:46,676 [Listener at 127.0.0.1/43455] INFO  server.Server (Server.java:doStart(415)) - Started @70408ms
2022-12-22 10:14:46,676 [Listener at 127.0.0.1/43455] WARN  impl.MetricsSystemImpl (MetricsSystemImpl.java:register(279)) - Sink prometheus already exists!
2022-12-22 10:14:46,677 [Listener at 127.0.0.1/43455] INFO  http.BaseHttpServer (BaseHttpServer.java:updateConnectorAddress(333)) - HTTP server of hddsDatanode listening at http://0.0.0.0:44053
2022-12-22 10:14:46,677 [Datanode State Machine Daemon Thread] INFO  statemachine.DatanodeStateMachine (DatanodeStateMachine.java:lambda$startDaemon$0(508)) - Ozone container server started.
2022-12-22 10:14:46,682 [Listener at 127.0.0.1/43455] INFO  ozone.MiniOzoneClusterImpl (MiniOzoneClusterImpl.java:lambda$waitForClusterToBeReady$0(217)) - Waiting for nodes to be ready. Got 0 of 3 DN Heartbeats.
2022-12-22 10:14:46,682 [Listener at 127.0.0.1/43455] INFO  ozone.MiniOzoneClusterImpl (MiniOzoneClusterImpl.java:lambda$waitForClusterToBeReady$0(220)) - Waiting for cluster to exit safe mode
2022-12-22 10:14:46,682 [Listener at 127.0.0.1/43455] INFO  ozone.MiniOzoneClusterImpl (MiniOzoneClusterImpl.java:lambda$waitForClusterToBeReady$0(222)) - SCM became leader
2022-12-22 10:14:46,682 [org.apache.hadoop.util.JvmPauseMonitor$Monitor@62b4eaa4] INFO  util.JvmPauseMonitor (JvmPauseMonitor.java:run(188)) - Starting JVM pause monitor
2022-12-22 10:14:46,683 [Datanode State Machine Task Thread - 0] INFO  ha.SCMNodeInfo (SCMNodeInfo.java:getPort(197)) - ConfigKey ozone.scm.client.address is deprecated, For configuring different ports for each SCM use PortConfigKey ozone.scm.client.port appended with serviceId and nodeId
2022-12-22 10:14:46,683 [Datanode State Machine Task Thread - 0] INFO  ha.SCMNodeInfo (SCMNodeInfo.java:getPort(197)) - ConfigKey ozone.scm.block.client.address is deprecated, For configuring different ports for each SCM use PortConfigKey ozone.scm.block.client.port appended with serviceId and nodeId
2022-12-22 10:14:46,683 [Datanode State Machine Task Thread - 0] INFO  ha.SCMNodeInfo (SCMNodeInfo.java:getPort(197)) - ConfigKey ozone.scm.datanode.address is deprecated, For configuring different ports for each SCM use PortConfigKey ozone.scm.datanode.port appended with serviceId and nodeId
2022-12-22 10:14:46,684 [Datanode State Machine Task Thread - 0] INFO  datanode.InitDatanodeState (InitDatanodeState.java:persistContainerDatanodeDetails(138)) - DatanodeDetails is persisted to /home/runner/work/ozone/ozone/hadoop-ozone/integration-test/target/test-dir/MiniOzoneClusterImpl-e8789b07-7928-40b5-ad88-551b1740a89b/datanode-2/meta/datanode.id
2022-12-22 10:14:46,734 [omNode-1@group-0AAC5367B30E-FollowerState] INFO  impl.FollowerState (FollowerState.java:run(143)) - omNode-1@group-0AAC5367B30E-FollowerState: change to CANDIDATE, lastRpcElapsedTime:1045176076ns, electionTimeout:1042ms
2022-12-22 10:14:46,735 [omNode-1@group-0AAC5367B30E-FollowerState] INFO  impl.RoleInfo (RoleInfo.java:shutdownFollowerState(110)) - omNode-1: shutdown omNode-1@group-0AAC5367B30E-FollowerState
2022-12-22 10:14:46,735 [omNode-1@group-0AAC5367B30E-FollowerState] INFO  server.RaftServer$Division (RaftServerImpl.java:setRole(321)) - omNode-1@group-0AAC5367B30E: changes role from  FOLLOWER to CANDIDATE at term 0 for changeToCandidate
2022-12-22 10:14:46,735 [omNode-1@group-0AAC5367B30E-FollowerState] INFO  server.RaftServerConfigKeys (ConfUtils.java:logGet(46)) - raft.server.leaderelection.pre-vote = false (custom)
2022-12-22 10:14:46,735 [omNode-1@group-0AAC5367B30E-FollowerState] INFO  impl.RoleInfo (RoleInfo.java:updateAndGet(139)) - omNode-1: start omNode-1@group-0AAC5367B30E-LeaderElection16
2022-12-22 10:14:46,738 [omNode-1@group-0AAC5367B30E-LeaderElection16] INFO  impl.LeaderElection (LeaderElection.java:askForVotes(312)) - omNode-1@group-0AAC5367B30E-LeaderElection16 ELECTION round 0: submit vote requests at term 1 for -1: peers:[omNode-1|rpc:localhost:43101|priority:0|startupRole:FOLLOWER]|listeners:[], old=null
2022-12-22 10:14:46,738 [omNode-1@group-0AAC5367B30E-LeaderElection16] INFO  impl.LeaderElection (LeaderElection.java:askForVotes(314)) - omNode-1@group-0AAC5367B30E-LeaderElection16 ELECTION round 0: result PASSED (term=1)
2022-12-22 10:14:46,738 [omNode-1@group-0AAC5367B30E-LeaderElection16] INFO  impl.RoleInfo (RoleInfo.java:shutdownLeaderElection(130)) - omNode-1: shutdown omNode-1@group-0AAC5367B30E-LeaderElection16
2022-12-22 10:14:46,738 [omNode-1@group-0AAC5367B30E-LeaderElection16] INFO  server.RaftServer$Division (RaftServerImpl.java:setRole(321)) - omNode-1@group-0AAC5367B30E: changes role from CANDIDATE to LEADER at term 1 for changeToLeader
2022-12-22 10:14:46,738 [omNode-1@group-0AAC5367B30E-LeaderElection16] INFO  server.RaftServer$Division (ServerState.java:setLeader(313)) - omNode-1@group-0AAC5367B30E: change Leader from null to omNode-1 at term 1 for becomeLeader, leader elected after 1415ms
2022-12-22 10:14:46,738 [omNode-1@group-0AAC5367B30E-LeaderElection16] INFO  server.RaftServerConfigKeys (ConfUtils.java:logGet(46)) - raft.server.staging.catchup.gap = 1000 (default)
2022-12-22 10:14:46,738 [omNode-1@group-0AAC5367B30E-LeaderElection16] INFO  server.RaftServerConfigKeys (ConfUtils.java:logGet(46)) - raft.server.write.element-limit = 4096 (default)
2022-12-22 10:14:46,739 [omNode-1@group-0AAC5367B30E-LeaderElection16] INFO  server.RaftServerConfigKeys (ConfUtils.java:logGet(46)) - raft.server.write.byte-limit = 64MB (=67108864) (default)
2022-12-22 10:14:46,739 [omNode-1@group-0AAC5367B30E-LeaderElection16] INFO  server.RaftServerConfigKeys (ConfUtils.java:logGet(46)) - raft.server.watch.timeout = 10s (default)
2022-12-22 10:14:46,739 [omNode-1@group-0AAC5367B30E-LeaderElection16] INFO  server.RaftServerConfigKeys (ConfUtils.java:logGet(46)) - raft.server.watch.timeout.denomination = 1s (default)
2022-12-22 10:14:46,739 [omNode-1@group-0AAC5367B30E-LeaderElection16] INFO  server.RaftServerConfigKeys (ConfUtils.java:logGet(46)) - raft.server.watch.element-limit = 65536 (default)
2022-12-22 10:14:46,739 [omNode-1@group-0AAC5367B30E-LeaderElection16] INFO  server.RaftServerConfigKeys (ConfUtils.java:logGet(46)) - raft.server.write.element-limit = 4096 (default)
2022-12-22 10:14:46,739 [omNode-1@group-0AAC5367B30E-LeaderElection16] INFO  server.RaftServerConfigKeys (ConfUtils.java:logGet(46)) - raft.server.write.follower.gap.ratio.max = -1.0 (default)
2022-12-22 10:14:46,739 [omNode-1@group-0AAC5367B30E-LeaderElection16] INFO  impl.RoleInfo (RoleInfo.java:updateAndGet(139)) - omNode-1: start omNode-1@group-0AAC5367B30E-LeaderStateImpl
2022-12-22 10:14:46,740 [omNode-1@group-0AAC5367B30E-LeaderElection16] INFO  segmented.SegmentedRaftLogWorker (SegmentedRaftLogWorker.java:startLogSegment(452)) - omNode-1@group-0AAC5367B30E-SegmentedRaftLogWorker: Starting segment from index:0
2022-12-22 10:14:46,744 [omNode-1@group-0AAC5367B30E-LeaderElection16] INFO  server.RaftServer$Division (ServerState.java:setRaftConf(430)) - omNode-1@group-0AAC5367B30E: set configuration 0: peers:[omNode-1|rpc:localhost:43101|admin:|client:|dataStream:|priority:0|startupRole:FOLLOWER]|listeners:[], old=null
2022-12-22 10:14:46,747 [omNode-1@group-0AAC5367B30E-SegmentedRaftLogWorker] INFO  segmented.SegmentedRaftLogWorker (SegmentedRaftLogWorker.java:execute(656)) - omNode-1@group-0AAC5367B30E-SegmentedRaftLogWorker: created new log segment /home/runner/work/ozone/ozone/hadoop-ozone/integration-test/target/test-dir/MiniOzoneClusterImpl-e8789b07-7928-40b5-ad88-551b1740a89b/omNode-1/ratis/0718e334-ffa1-36bc-8e9a-0aac5367b30e/current/log_inprogress_0
2022-12-22 10:14:46,748 [omNode-1@group-0AAC5367B30E-StateMachineUpdater] INFO  ratis.OzoneManagerStateMachine (OzoneManagerStateMachine.java:notifyConfigurationChanged(192)) - Received Configuration change notification from Ratis. New Peer list:
[id: "omNode-1"
address: "localhost:43101"
startupRole: FOLLOWER
]
2022-12-22 10:14:46,846 [EndpointStateMachine task thread for /127.0.0.1:42129 - 0 ] INFO  ipc.Client (Client.java:handleConnectionFailure(1010)) - Retrying connect to server: localhost/127.0.0.1:42129. Already tried 5 time(s); retry policy is RetryUpToMaximumCountWithFixedSleep(maxRetries=15, sleepTime=1000 MILLISECONDS)
2022-12-22 10:14:47,682 [Listener at 127.0.0.1/43455] INFO  ozone.MiniOzoneClusterImpl (MiniOzoneClusterImpl.java:lambda$waitForClusterToBeReady$0(217)) - Waiting for nodes to be ready. Got 0 of 3 DN Heartbeats.
2022-12-22 10:14:47,682 [Listener at 127.0.0.1/43455] INFO  ozone.MiniOzoneClusterImpl (MiniOzoneClusterImpl.java:lambda$waitForClusterToBeReady$0(220)) - Waiting for cluster to exit safe mode
2022-12-22 10:14:47,682 [Listener at 127.0.0.1/43455] INFO  ozone.MiniOzoneClusterImpl (MiniOzoneClusterImpl.java:lambda$waitForClusterToBeReady$0(222)) - SCM became leader
2022-12-22 10:14:47,846 [EndpointStateMachine task thread for /127.0.0.1:42129 - 0 ] INFO  ipc.Client (Client.java:handleConnectionFailure(1010)) - Retrying connect to server: localhost/127.0.0.1:42129. Already tried 6 time(s); retry policy is RetryUpToMaximumCountWithFixedSleep(maxRetries=15, sleepTime=1000 MILLISECONDS)
2022-12-22 10:14:48,087 [EndpointStateMachine task thread for /127.0.0.1:43945 - 0 ] INFO  utils.DatanodeStoreCache (DatanodeStoreCache.java:addDB(58)) - Added db /home/runner/work/ozone/ozone/hadoop-ozone/integration-test/target/test-dir/MiniOzoneClusterImpl-e8789b07-7928-40b5-ad88-551b1740a89b/datanode-0/data-0/containers/hdds/e8789b07-7928-40b5-ad88-551b1740a89b/DS-fe63d6d9-fa1e-4b2b-b981-6afcb0ece25c/container.db to cache
2022-12-22 10:14:48,087 [EndpointStateMachine task thread for /127.0.0.1:43945 - 0 ] INFO  volume.HddsVolume (HddsVolume.java:createDbStore(307)) - SchemaV3 db is created and loaded at /home/runner/work/ozone/ozone/hadoop-ozone/integration-test/target/test-dir/MiniOzoneClusterImpl-e8789b07-7928-40b5-ad88-551b1740a89b/datanode-0/data-0/containers/hdds/e8789b07-7928-40b5-ad88-551b1740a89b/DS-fe63d6d9-fa1e-4b2b-b981-6afcb0ece25c/container.db for volume DS-fe63d6d9-fa1e-4b2b-b981-6afcb0ece25c
2022-12-22 10:14:48,088 [EndpointStateMachine task thread for /127.0.0.1:43945 - 0 ] INFO  ozoneimpl.OzoneContainer (OzoneContainer.java:start(395)) - Attempting to start container services.
2022-12-22 10:14:48,088 [EndpointStateMachine task thread for /127.0.0.1:43945 - 0 ] INFO  ozoneimpl.OzoneContainer (OzoneContainer.java:startContainerScrub(312)) - Scheduled background container scanners and the on-demand container scanner have been disabled.
2022-12-22 10:14:48,094 [EndpointStateMachine task thread for /127.0.0.1:43945 - 0 ] INFO  replication.ReplicationServer (ReplicationServer.java:start(106)) - ReplicationServer is started using port 35831
2022-12-22 10:14:48,095 [EndpointStateMachine task thread for /127.0.0.1:43945 - 0 ] INFO  ratis.XceiverServerRatis (XceiverServerRatis.java:start(517)) - Starting XceiverServerRatis 1a836199-4b37-4331-b3d7-01d1c65ae166
2022-12-22 10:14:48,096 [EndpointStateMachine task thread for /127.0.0.1:43945 - 0 ] INFO  server.RaftServer (RaftServerProxy.java:startImpl(393)) - 1a836199-4b37-4331-b3d7-01d1c65ae166: start RPC server
2022-12-22 10:14:48,098 [EndpointStateMachine task thread for /127.0.0.1:43945 - 0 ] INFO  server.GrpcService (GrpcService.java:startImpl(262)) - 1a836199-4b37-4331-b3d7-01d1c65ae166: GrpcService started, listening on 35593
2022-12-22 10:14:48,098 [EndpointStateMachine task thread for /127.0.0.1:43945 - 0 ] INFO  ratis.XceiverServerRatis (XceiverServerRatis.java:getRealPort(543)) - XceiverServerRatis 1a836199-4b37-4331-b3d7-01d1c65ae166 is started using port 35593 for RATIS
2022-12-22 10:14:48,098 [JvmPauseMonitor12] INFO  util.JvmPauseMonitor (JvmPauseMonitor.java:run(105)) - JvmPauseMonitor-1a836199-4b37-4331-b3d7-01d1c65ae166: Started
2022-12-22 10:14:48,098 [EndpointStateMachine task thread for /127.0.0.1:43945 - 0 ] INFO  ratis.XceiverServerRatis (XceiverServerRatis.java:getRealPort(543)) - XceiverServerRatis 1a836199-4b37-4331-b3d7-01d1c65ae166 is started using port 35593 for RATIS_ADMIN
2022-12-22 10:14:48,098 [EndpointStateMachine task thread for /127.0.0.1:43945 - 0 ] INFO  ratis.XceiverServerRatis (XceiverServerRatis.java:getRealPort(543)) - XceiverServerRatis 1a836199-4b37-4331-b3d7-01d1c65ae166 is started using port 35593 for RATIS_SERVER
2022-12-22 10:14:48,098 [EndpointStateMachine task thread for /127.0.0.1:43945 - 0 ] INFO  ratis.XceiverServerRatis (XceiverServerRatis.java:getRealPort(543)) - XceiverServerRatis 1a836199-4b37-4331-b3d7-01d1c65ae166 is started using port 44975 for RATIS_DATASTREAM
2022-12-22 10:14:48,107 [EndpointStateMachine task thread for /127.0.0.1:43945 - 0 ] INFO  server.XceiverServerGrpc (XceiverServerGrpc.java:start(180)) - XceiverServerGrpc 1a836199-4b37-4331-b3d7-01d1c65ae166 is started using port 37635
2022-12-22 10:14:48,422 [EndpointStateMachine task thread for /127.0.0.1:43945 - 0 ] INFO  utils.DatanodeStoreCache (DatanodeStoreCache.java:addDB(58)) - Added db /home/runner/work/ozone/ozone/hadoop-ozone/integration-test/target/test-dir/MiniOzoneClusterImpl-e8789b07-7928-40b5-ad88-551b1740a89b/datanode-1/data-0/containers/hdds/e8789b07-7928-40b5-ad88-551b1740a89b/DS-3595d345-7eaf-46cd-a0ea-1f182f17488d/container.db to cache
2022-12-22 10:14:48,422 [EndpointStateMachine task thread for /127.0.0.1:43945 - 0 ] INFO  volume.HddsVolume (HddsVolume.java:createDbStore(307)) - SchemaV3 db is created and loaded at /home/runner/work/ozone/ozone/hadoop-ozone/integration-test/target/test-dir/MiniOzoneClusterImpl-e8789b07-7928-40b5-ad88-551b1740a89b/datanode-1/data-0/containers/hdds/e8789b07-7928-40b5-ad88-551b1740a89b/DS-3595d345-7eaf-46cd-a0ea-1f182f17488d/container.db for volume DS-3595d345-7eaf-46cd-a0ea-1f182f17488d
2022-12-22 10:14:48,422 [EndpointStateMachine task thread for /127.0.0.1:43945 - 0 ] INFO  ozoneimpl.OzoneContainer (OzoneContainer.java:start(395)) - Attempting to start container services.
2022-12-22 10:14:48,422 [EndpointStateMachine task thread for /127.0.0.1:43945 - 0 ] INFO  ozoneimpl.OzoneContainer (OzoneContainer.java:startContainerScrub(312)) - Scheduled background container scanners and the on-demand container scanner have been disabled.
2022-12-22 10:14:48,424 [EndpointStateMachine task thread for /127.0.0.1:43945 - 0 ] INFO  replication.ReplicationServer (ReplicationServer.java:start(106)) - ReplicationServer is started using port 37041
2022-12-22 10:14:48,424 [EndpointStateMachine task thread for /127.0.0.1:43945 - 0 ] INFO  ratis.XceiverServerRatis (XceiverServerRatis.java:start(517)) - Starting XceiverServerRatis 4f5ae387-cd9a-40e6-b48a-d20f36d7a4c1
2022-12-22 10:14:48,425 [EndpointStateMachine task thread for /127.0.0.1:43945 - 0 ] INFO  server.RaftServer (RaftServerProxy.java:startImpl(393)) - 4f5ae387-cd9a-40e6-b48a-d20f36d7a4c1: start RPC server
2022-12-22 10:14:48,431 [EndpointStateMachine task thread for /127.0.0.1:43945 - 0 ] INFO  server.GrpcService (GrpcService.java:startImpl(262)) - 4f5ae387-cd9a-40e6-b48a-d20f36d7a4c1: GrpcService started, listening on 43977
2022-12-22 10:14:48,431 [EndpointStateMachine task thread for /127.0.0.1:43945 - 0 ] INFO  ratis.XceiverServerRatis (XceiverServerRatis.java:getRealPort(543)) - XceiverServerRatis 4f5ae387-cd9a-40e6-b48a-d20f36d7a4c1 is started using port 43977 for RATIS
2022-12-22 10:14:48,431 [JvmPauseMonitor13] INFO  util.JvmPauseMonitor (JvmPauseMonitor.java:run(105)) - JvmPauseMonitor-4f5ae387-cd9a-40e6-b48a-d20f36d7a4c1: Started
2022-12-22 10:14:48,431 [EndpointStateMachine task thread for /127.0.0.1:43945 - 0 ] INFO  ratis.XceiverServerRatis (XceiverServerRatis.java:getRealPort(543)) - XceiverServerRatis 4f5ae387-cd9a-40e6-b48a-d20f36d7a4c1 is started using port 43977 for RATIS_ADMIN
2022-12-22 10:14:48,432 [EndpointStateMachine task thread for /127.0.0.1:43945 - 0 ] INFO  ratis.XceiverServerRatis (XceiverServerRatis.java:getRealPort(543)) - XceiverServerRatis 4f5ae387-cd9a-40e6-b48a-d20f36d7a4c1 is started using port 43977 for RATIS_SERVER
2022-12-22 10:14:48,432 [EndpointStateMachine task thread for /127.0.0.1:43945 - 0 ] INFO  ratis.XceiverServerRatis (XceiverServerRatis.java:getRealPort(543)) - XceiverServerRatis 4f5ae387-cd9a-40e6-b48a-d20f36d7a4c1 is started using port 40347 for RATIS_DATASTREAM
2022-12-22 10:14:48,437 [EndpointStateMachine task thread for /127.0.0.1:43945 - 0 ] INFO  server.XceiverServerGrpc (XceiverServerGrpc.java:start(180)) - XceiverServerGrpc 4f5ae387-cd9a-40e6-b48a-d20f36d7a4c1 is started using port 36151
2022-12-22 10:14:48,683 [Listener at 127.0.0.1/43455] INFO  ozone.MiniOzoneClusterImpl (MiniOzoneClusterImpl.java:lambda$waitForClusterToBeReady$0(217)) - Waiting for nodes to be ready. Got 0 of 3 DN Heartbeats.
2022-12-22 10:14:48,683 [Listener at 127.0.0.1/43455] INFO  ozone.MiniOzoneClusterImpl (MiniOzoneClusterImpl.java:lambda$waitForClusterToBeReady$0(220)) - Waiting for cluster to exit safe mode
2022-12-22 10:14:48,683 [Listener at 127.0.0.1/43455] INFO  ozone.MiniOzoneClusterImpl (MiniOzoneClusterImpl.java:lambda$waitForClusterToBeReady$0(222)) - SCM became leader
2022-12-22 10:14:48,705 [EndpointStateMachine task thread for /127.0.0.1:43945 - 0 ] INFO  utils.DatanodeStoreCache (DatanodeStoreCache.java:addDB(58)) - Added db /home/runner/work/ozone/ozone/hadoop-ozone/integration-test/target/test-dir/MiniOzoneClusterImpl-e8789b07-7928-40b5-ad88-551b1740a89b/datanode-2/data-0/containers/hdds/e8789b07-7928-40b5-ad88-551b1740a89b/DS-f1a41307-2c9d-4971-854d-c62d57cfcc62/container.db to cache
2022-12-22 10:14:48,706 [EndpointStateMachine task thread for /127.0.0.1:43945 - 0 ] INFO  volume.HddsVolume (HddsVolume.java:createDbStore(307)) - SchemaV3 db is created and loaded at /home/runner/work/ozone/ozone/hadoop-ozone/integration-test/target/test-dir/MiniOzoneClusterImpl-e8789b07-7928-40b5-ad88-551b1740a89b/datanode-2/data-0/containers/hdds/e8789b07-7928-40b5-ad88-551b1740a89b/DS-f1a41307-2c9d-4971-854d-c62d57cfcc62/container.db for volume DS-f1a41307-2c9d-4971-854d-c62d57cfcc62
2022-12-22 10:14:48,706 [EndpointStateMachine task thread for /127.0.0.1:43945 - 0 ] INFO  ozoneimpl.OzoneContainer (OzoneContainer.java:start(395)) - Attempting to start container services.
2022-12-22 10:14:48,706 [EndpointStateMachine task thread for /127.0.0.1:43945 - 0 ] INFO  ozoneimpl.OzoneContainer (OzoneContainer.java:startContainerScrub(312)) - Scheduled background container scanners and the on-demand container scanner have been disabled.
2022-12-22 10:14:48,708 [EndpointStateMachine task thread for /127.0.0.1:43945 - 0 ] INFO  replication.ReplicationServer (ReplicationServer.java:start(106)) - ReplicationServer is started using port 44383
2022-12-22 10:14:48,708 [EndpointStateMachine task thread for /127.0.0.1:43945 - 0 ] INFO  ratis.XceiverServerRatis (XceiverServerRatis.java:start(517)) - Starting XceiverServerRatis 5eea0695-258d-4fe7-9f47-897f5bd73bdb
2022-12-22 10:14:48,709 [EndpointStateMachine task thread for /127.0.0.1:43945 - 0 ] INFO  server.RaftServer (RaftServerProxy.java:startImpl(393)) - 5eea0695-258d-4fe7-9f47-897f5bd73bdb: start RPC server
2022-12-22 10:14:48,714 [EndpointStateMachine task thread for /127.0.0.1:43945 - 0 ] INFO  server.GrpcService (GrpcService.java:startImpl(262)) - 5eea0695-258d-4fe7-9f47-897f5bd73bdb: GrpcService started, listening on 36371
2022-12-22 10:14:48,715 [EndpointStateMachine task thread for /127.0.0.1:43945 - 0 ] INFO  ratis.XceiverServerRatis (XceiverServerRatis.java:getRealPort(543)) - XceiverServerRatis 5eea0695-258d-4fe7-9f47-897f5bd73bdb is started using port 36371 for RATIS
2022-12-22 10:14:48,715 [JvmPauseMonitor14] INFO  util.JvmPauseMonitor (JvmPauseMonitor.java:run(105)) - JvmPauseMonitor-5eea0695-258d-4fe7-9f47-897f5bd73bdb: Started
2022-12-22 10:14:48,715 [EndpointStateMachine task thread for /127.0.0.1:43945 - 0 ] INFO  ratis.XceiverServerRatis (XceiverServerRatis.java:getRealPort(543)) - XceiverServerRatis 5eea0695-258d-4fe7-9f47-897f5bd73bdb is started using port 36371 for RATIS_ADMIN
2022-12-22 10:14:48,715 [EndpointStateMachine task thread for /127.0.0.1:43945 - 0 ] INFO  ratis.XceiverServerRatis (XceiverServerRatis.java:getRealPort(543)) - XceiverServerRatis 5eea0695-258d-4fe7-9f47-897f5bd73bdb is started using port 36371 for RATIS_SERVER
2022-12-22 10:14:48,715 [EndpointStateMachine task thread for /127.0.0.1:43945 - 0 ] INFO  ratis.XceiverServerRatis (XceiverServerRatis.java:getRealPort(543)) - XceiverServerRatis 5eea0695-258d-4fe7-9f47-897f5bd73bdb is started using port 38343 for RATIS_DATASTREAM
2022-12-22 10:14:48,717 [EndpointStateMachine task thread for /127.0.0.1:43945 - 0 ] INFO  server.XceiverServerGrpc (XceiverServerGrpc.java:start(180)) - XceiverServerGrpc 5eea0695-258d-4fe7-9f47-897f5bd73bdb is started using port 44851
2022-12-22 10:14:48,847 [EndpointStateMachine task thread for /127.0.0.1:42129 - 0 ] INFO  ipc.Client (Client.java:handleConnectionFailure(1010)) - Retrying connect to server: localhost/127.0.0.1:42129. Already tried 7 time(s); retry policy is RetryUpToMaximumCountWithFixedSleep(maxRetries=15, sleepTime=1000 MILLISECONDS)
2022-12-22 10:14:49,683 [Listener at 127.0.0.1/43455] INFO  ozone.MiniOzoneClusterImpl (MiniOzoneClusterImpl.java:lambda$waitForClusterToBeReady$0(217)) - Waiting for nodes to be ready. Got 0 of 3 DN Heartbeats.
2022-12-22 10:14:49,683 [Listener at 127.0.0.1/43455] INFO  ozone.MiniOzoneClusterImpl (MiniOzoneClusterImpl.java:lambda$waitForClusterToBeReady$0(220)) - Waiting for cluster to exit safe mode
2022-12-22 10:14:49,684 [Listener at 127.0.0.1/43455] INFO  ozone.MiniOzoneClusterImpl (MiniOzoneClusterImpl.java:lambda$waitForClusterToBeReady$0(222)) - SCM became leader
2022-12-22 10:14:49,847 [EndpointStateMachine task thread for /127.0.0.1:42129 - 0 ] INFO  ipc.Client (Client.java:handleConnectionFailure(1010)) - Retrying connect to server: localhost/127.0.0.1:42129. Already tried 8 time(s); retry policy is RetryUpToMaximumCountWithFixedSleep(maxRetries=15, sleepTime=1000 MILLISECONDS)
2022-12-22 10:14:50,058 [IPC Server handler 4 on default port 43945] INFO  net.NetworkTopologyImpl (NetworkTopologyImpl.java:add(112)) - Added a new node: /default-rack/1a836199-4b37-4331-b3d7-01d1c65ae166
2022-12-22 10:14:50,059 [IPC Server handler 4 on default port 43945] INFO  node.SCMNodeManager (SCMNodeManager.java:register(397)) - Registered Data node : 1a836199-4b37-4331-b3d7-01d1c65ae166{ip: 127.0.0.1, host: localhost, ports: [REPLICATION=35831, RATIS=35593, RATIS_ADMIN=35593, RATIS_SERVER=35593, RATIS_DATASTREAM=44975, STANDALONE=37635], networkLocation: /default-rack, certSerialId: null, persistedOpState: null, persistedOpStateExpiryEpochSec: 0}
2022-12-22 10:14:50,066 [EventQueue-NewNodeForNewNodeHandler] INFO  pipeline.BackgroundPipelineCreator (BackgroundPipelineCreator.java:notifyEventTriggered(276)) - trigger a one-shot run on RatisPipelineUtilsThread.
2022-12-22 10:14:50,066 [EventQueue-NodeRegistrationContainerReportForDataNodeSafeModeRule] INFO  safemode.SCMSafeModeManager (DataNodeSafeModeRule.java:process(71)) - SCM in safe mode. 1 DataNodes registered, 3 required.
2022-12-22 10:14:50,067 [EventQueue-NodeRegistrationContainerReportForContainerSafeModeRule] INFO  safemode.SCMSafeModeManager (SCMSafeModeManager.java:validateSafeModeExitRules(200)) - ContainerSafeModeRule rule is successfully validated
2022-12-22 10:14:50,066 [RatisPipelineUtilsThread - 0] INFO  pipeline.RatisPipelineProvider (RatisPipelineProvider.java:lambda$create$0(206)) - Sending CreatePipelineCommand for pipeline:PipelineID=5d06ad47-da2d-4079-9a51-c8306a3c8920 to datanode:1a836199-4b37-4331-b3d7-01d1c65ae166
2022-12-22 10:14:50,073 [EventQueue-PipelineReportForOneReplicaPipelineSafeModeRule] INFO  safemode.SCMSafeModeManager (SCMSafeModeManager.java:validateSafeModeExitRules(200)) - AtleastOneDatanodeReportedRule rule is successfully validated
2022-12-22 10:14:50,089 [945fd0ed-8171-4835-b0ec-144ef106a250@group-551B1740A89B-StateMachineUpdater] INFO  pipeline.PipelineStateManagerImpl (PipelineStateManagerImpl.java:addPipeline(103)) - Created pipeline Pipeline[ Id: 5d06ad47-da2d-4079-9a51-c8306a3c8920, Nodes: 1a836199-4b37-4331-b3d7-01d1c65ae166{ip: 127.0.0.1, host: localhost, ports: [REPLICATION=35831, RATIS=35593, RATIS_ADMIN=35593, RATIS_SERVER=35593, RATIS_DATASTREAM=44975, STANDALONE=37635], networkLocation: /default-rack, certSerialId: null, persistedOpState: IN_SERVICE, persistedOpStateExpiryEpochSec: 0}, ReplicationConfig: RATIS/ONE, State:ALLOCATED, leaderId:, CreationTimestamp2022-12-22T10:14:50.066Z[Etc/UTC]].
2022-12-22 10:14:50,089 [945fd0ed-8171-4835-b0ec-144ef106a250@group-551B1740A89B-StateMachineUpdater] INFO  safemode.HealthyPipelineSafeModeRule (HealthyPipelineSafeModeRule.java:initializeRule(165)) - Refreshed total pipeline count is 0, healthy pipeline threshold count is 1
2022-12-22 10:14:50,396 [IPC Server handler 9 on default port 43945] INFO  net.NetworkTopologyImpl (NetworkTopologyImpl.java:add(112)) - Added a new node: /default-rack/4f5ae387-cd9a-40e6-b48a-d20f36d7a4c1
2022-12-22 10:14:50,396 [IPC Server handler 9 on default port 43945] INFO  node.SCMNodeManager (SCMNodeManager.java:register(397)) - Registered Data node : 4f5ae387-cd9a-40e6-b48a-d20f36d7a4c1{ip: 127.0.0.1, host: localhost, ports: [REPLICATION=37041, RATIS=43977, RATIS_ADMIN=43977, RATIS_SERVER=43977, RATIS_DATASTREAM=40347, STANDALONE=36151], networkLocation: /default-rack, certSerialId: null, persistedOpState: null, persistedOpStateExpiryEpochSec: 0}
2022-12-22 10:14:50,396 [EventQueue-NewNodeForNewNodeHandler] INFO  pipeline.BackgroundPipelineCreator (BackgroundPipelineCreator.java:notifyEventTriggered(276)) - trigger a one-shot run on RatisPipelineUtilsThread.
2022-12-22 10:14:50,396 [EventQueue-NodeRegistrationContainerReportForDataNodeSafeModeRule] INFO  safemode.SCMSafeModeManager (DataNodeSafeModeRule.java:process(71)) - SCM in safe mode. 2 DataNodes registered, 3 required.
2022-12-22 10:14:50,397 [RatisPipelineUtilsThread - 0] INFO  pipeline.RatisPipelineProvider (RatisPipelineProvider.java:lambda$create$0(206)) - Sending CreatePipelineCommand for pipeline:PipelineID=4ab9800c-b4db-4d68-b77f-69e4be56e5d8 to datanode:4f5ae387-cd9a-40e6-b48a-d20f36d7a4c1
2022-12-22 10:14:50,400 [945fd0ed-8171-4835-b0ec-144ef106a250@group-551B1740A89B-StateMachineUpdater] INFO  pipeline.PipelineStateManagerImpl (PipelineStateManagerImpl.java:addPipeline(103)) - Created pipeline Pipeline[ Id: 4ab9800c-b4db-4d68-b77f-69e4be56e5d8, Nodes: 4f5ae387-cd9a-40e6-b48a-d20f36d7a4c1{ip: 127.0.0.1, host: localhost, ports: [REPLICATION=37041, RATIS=43977, RATIS_ADMIN=43977, RATIS_SERVER=43977, RATIS_DATASTREAM=40347, STANDALONE=36151], networkLocation: /default-rack, certSerialId: null, persistedOpState: IN_SERVICE, persistedOpStateExpiryEpochSec: 0}, ReplicationConfig: RATIS/ONE, State:ALLOCATED, leaderId:, CreationTimestamp2022-12-22T10:14:50.397Z[Etc/UTC]].
2022-12-22 10:14:50,400 [945fd0ed-8171-4835-b0ec-144ef106a250@group-551B1740A89B-StateMachineUpdater] INFO  safemode.HealthyPipelineSafeModeRule (HealthyPipelineSafeModeRule.java:initializeRule(165)) - Refreshed total pipeline count is 0, healthy pipeline threshold count is 1
2022-12-22 10:14:50,683 [IPC Server handler 8 on default port 43945] INFO  net.NetworkTopologyImpl (NetworkTopologyImpl.java:add(112)) - Added a new node: /default-rack/5eea0695-258d-4fe7-9f47-897f5bd73bdb
2022-12-22 10:14:50,683 [IPC Server handler 8 on default port 43945] INFO  node.SCMNodeManager (SCMNodeManager.java:register(397)) - Registered Data node : 5eea0695-258d-4fe7-9f47-897f5bd73bdb{ip: 127.0.0.1, host: localhost, ports: [REPLICATION=44383, RATIS=36371, RATIS_ADMIN=36371, RATIS_SERVER=36371, RATIS_DATASTREAM=38343, STANDALONE=44851], networkLocation: /default-rack, certSerialId: null, persistedOpState: null, persistedOpStateExpiryEpochSec: 0}
2022-12-22 10:14:50,684 [EventQueue-NodeRegistrationContainerReportForDataNodeSafeModeRule] INFO  safemode.SCMSafeModeManager (DataNodeSafeModeRule.java:process(71)) - SCM in safe mode. 3 DataNodes registered, 3 required.
2022-12-22 10:14:50,684 [EventQueue-NodeRegistrationContainerReportForDataNodeSafeModeRule] INFO  safemode.SCMSafeModeManager (SCMSafeModeManager.java:validateSafeModeExitRules(200)) - DataNodeSafeModeRule rule is successfully validated
2022-12-22 10:14:50,684 [EventQueue-NodeRegistrationContainerReportForDataNodeSafeModeRule] INFO  safemode.SCMSafeModeManager (SCMSafeModeManager.java:completePreCheck(229)) - All SCM safe mode pre check rules have passed
2022-12-22 10:14:50,684 [EventQueue-NodeRegistrationContainerReportForDataNodeSafeModeRule] INFO  ha.SCMContext (SCMContext.java:updateSafeModeStatus(228)) - Update SafeModeStatus from SafeModeStatus{safeModeStatus=true, preCheckPassed=false} to SafeModeStatus{safeModeStatus=true, preCheckPassed=true}.
2022-12-22 10:14:50,684 [EventQueue-NodeRegistrationContainerReportForDataNodeSafeModeRule] INFO  pipeline.BackgroundPipelineCreator (BackgroundPipelineCreator.java:notifyEventTriggered(276)) - trigger a one-shot run on RatisPipelineUtilsThread.
2022-12-22 10:14:50,685 [RatisPipelineUtilsThread - 0] INFO  pipeline.RatisPipelineProvider (RatisPipelineProvider.java:lambda$create$0(206)) - Sending CreatePipelineCommand for pipeline:PipelineID=8a9fff7e-4ef7-46b2-9e7d-f95fff696d63 to datanode:5eea0695-258d-4fe7-9f47-897f5bd73bdb
2022-12-22 10:14:50,685 [Listener at 127.0.0.1/43455] INFO  ozone.MiniOzoneClusterImpl (MiniOzoneClusterImpl.java:lambda$waitForClusterToBeReady$0(217)) - Nodes are ready. Got 3 of 3 DN Heartbeats.
2022-12-22 10:14:50,685 [Listener at 127.0.0.1/43455] INFO  ozone.MiniOzoneClusterImpl (MiniOzoneClusterImpl.java:lambda$waitForClusterToBeReady$0(220)) - Waiting for cluster to exit safe mode
2022-12-22 10:14:50,685 [Listener at 127.0.0.1/43455] INFO  ozone.MiniOzoneClusterImpl (MiniOzoneClusterImpl.java:lambda$waitForClusterToBeReady$0(222)) - SCM became leader
2022-12-22 10:14:50,685 [EventQueue-NewNodeForNewNodeHandler] INFO  pipeline.BackgroundPipelineCreator (BackgroundPipelineCreator.java:notifyEventTriggered(276)) - trigger a one-shot run on RatisPipelineUtilsThread.
2022-12-22 10:14:50,688 [945fd0ed-8171-4835-b0ec-144ef106a250@group-551B1740A89B-StateMachineUpdater] INFO  pipeline.PipelineStateManagerImpl (PipelineStateManagerImpl.java:addPipeline(103)) - Created pipeline Pipeline[ Id: 8a9fff7e-4ef7-46b2-9e7d-f95fff696d63, Nodes: 5eea0695-258d-4fe7-9f47-897f5bd73bdb{ip: 127.0.0.1, host: localhost, ports: [REPLICATION=44383, RATIS=36371, RATIS_ADMIN=36371, RATIS_SERVER=36371, RATIS_DATASTREAM=38343, STANDALONE=44851], networkLocation: /default-rack, certSerialId: null, persistedOpState: IN_SERVICE, persistedOpStateExpiryEpochSec: 0}, ReplicationConfig: RATIS/ONE, State:ALLOCATED, leaderId:, CreationTimestamp2022-12-22T10:14:50.685Z[Etc/UTC]].
2022-12-22 10:14:50,688 [945fd0ed-8171-4835-b0ec-144ef106a250@group-551B1740A89B-StateMachineUpdater] INFO  safemode.HealthyPipelineSafeModeRule (HealthyPipelineSafeModeRule.java:initializeRule(165)) - Refreshed total pipeline count is 0, healthy pipeline threshold count is 1
2022-12-22 10:14:50,688 [RatisPipelineUtilsThread - 0] INFO  pipeline.RatisPipelineProvider (RatisPipelineProvider.java:lambda$create$0(206)) - Sending CreatePipelineCommand for pipeline:PipelineID=4285de77-48eb-4694-a90b-187afb726811 to datanode:5eea0695-258d-4fe7-9f47-897f5bd73bdb
2022-12-22 10:14:50,688 [RatisPipelineUtilsThread - 0] INFO  pipeline.RatisPipelineProvider (RatisPipelineProvider.java:lambda$create$0(206)) - Sending CreatePipelineCommand for pipeline:PipelineID=4285de77-48eb-4694-a90b-187afb726811 to datanode:1a836199-4b37-4331-b3d7-01d1c65ae166
2022-12-22 10:14:50,688 [RatisPipelineUtilsThread - 0] INFO  pipeline.RatisPipelineProvider (RatisPipelineProvider.java:lambda$create$0(206)) - Sending CreatePipelineCommand for pipeline:PipelineID=4285de77-48eb-4694-a90b-187afb726811 to datanode:4f5ae387-cd9a-40e6-b48a-d20f36d7a4c1
2022-12-22 10:14:50,690 [945fd0ed-8171-4835-b0ec-144ef106a250@group-551B1740A89B-StateMachineUpdater] INFO  pipeline.PipelineStateManagerImpl (PipelineStateManagerImpl.java:addPipeline(103)) - Created pipeline Pipeline[ Id: 4285de77-48eb-4694-a90b-187afb726811, Nodes: 5eea0695-258d-4fe7-9f47-897f5bd73bdb{ip: 127.0.0.1, host: localhost, ports: [REPLICATION=44383, RATIS=36371, RATIS_ADMIN=36371, RATIS_SERVER=36371, RATIS_DATASTREAM=38343, STANDALONE=44851], networkLocation: /default-rack, certSerialId: null, persistedOpState: IN_SERVICE, persistedOpStateExpiryEpochSec: 0}1a836199-4b37-4331-b3d7-01d1c65ae166{ip: 127.0.0.1, host: localhost, ports: [REPLICATION=35831, RATIS=35593, RATIS_ADMIN=35593, RATIS_SERVER=35593, RATIS_DATASTREAM=44975, STANDALONE=37635], networkLocation: /default-rack, certSerialId: null, persistedOpState: IN_SERVICE, persistedOpStateExpiryEpochSec: 0}4f5ae387-cd9a-40e6-b48a-d20f36d7a4c1{ip: 127.0.0.1, host: localhost, ports: [REPLICATION=37041, RATIS=43977, RATIS_ADMIN=43977, RATIS_SERVER=43977, RATIS_DATASTREAM=40347, STANDALONE=36151], networkLocation: /default-rack, certSerialId: null, persistedOpState: IN_SERVICE, persistedOpStateExpiryEpochSec: 0}, ReplicationConfig: RATIS/THREE, State:ALLOCATED, leaderId:, CreationTimestamp2022-12-22T10:14:50.688Z[Etc/UTC]].
2022-12-22 10:14:50,690 [945fd0ed-8171-4835-b0ec-144ef106a250@group-551B1740A89B-StateMachineUpdater] INFO  safemode.HealthyPipelineSafeModeRule (HealthyPipelineSafeModeRule.java:initializeRule(165)) - Refreshed total pipeline count is 0, healthy pipeline threshold count is 1
2022-12-22 10:14:50,691 [RatisPipelineUtilsThread - 0] INFO  pipeline.RatisPipelineProvider (RatisPipelineProvider.java:lambda$create$0(206)) - Sending CreatePipelineCommand for pipeline:PipelineID=0266e62d-c65e-4d02-9c54-383c0469f232 to datanode:4f5ae387-cd9a-40e6-b48a-d20f36d7a4c1
2022-12-22 10:14:50,691 [RatisPipelineUtilsThread - 0] INFO  pipeline.RatisPipelineProvider (RatisPipelineProvider.java:lambda$create$0(206)) - Sending CreatePipelineCommand for pipeline:PipelineID=0266e62d-c65e-4d02-9c54-383c0469f232 to datanode:1a836199-4b37-4331-b3d7-01d1c65ae166
2022-12-22 10:14:50,691 [RatisPipelineUtilsThread - 0] INFO  pipeline.RatisPipelineProvider (RatisPipelineProvider.java:lambda$create$0(206)) - Sending CreatePipelineCommand for pipeline:PipelineID=0266e62d-c65e-4d02-9c54-383c0469f232 to datanode:5eea0695-258d-4fe7-9f47-897f5bd73bdb
2022-12-22 10:14:50,694 [945fd0ed-8171-4835-b0ec-144ef106a250@group-551B1740A89B-StateMachineUpdater] INFO  pipeline.PipelineStateManagerImpl (PipelineStateManagerImpl.java:addPipeline(103)) - Created pipeline Pipeline[ Id: 0266e62d-c65e-4d02-9c54-383c0469f232, Nodes: 4f5ae387-cd9a-40e6-b48a-d20f36d7a4c1{ip: 127.0.0.1, host: localhost, ports: [REPLICATION=37041, RATIS=43977, RATIS_ADMIN=43977, RATIS_SERVER=43977, RATIS_DATASTREAM=40347, STANDALONE=36151], networkLocation: /default-rack, certSerialId: null, persistedOpState: IN_SERVICE, persistedOpStateExpiryEpochSec: 0}1a836199-4b37-4331-b3d7-01d1c65ae166{ip: 127.0.0.1, host: localhost, ports: [REPLICATION=35831, RATIS=35593, RATIS_ADMIN=35593, RATIS_SERVER=35593, RATIS_DATASTREAM=44975, STANDALONE=37635], networkLocation: /default-rack, certSerialId: null, persistedOpState: IN_SERVICE, persistedOpStateExpiryEpochSec: 0}5eea0695-258d-4fe7-9f47-897f5bd73bdb{ip: 127.0.0.1, host: localhost, ports: [REPLICATION=44383, RATIS=36371, RATIS_ADMIN=36371, RATIS_SERVER=36371, RATIS_DATASTREAM=38343, STANDALONE=44851], networkLocation: /default-rack, certSerialId: null, persistedOpState: IN_SERVICE, persistedOpStateExpiryEpochSec: 0}, ReplicationConfig: RATIS/THREE, State:ALLOCATED, leaderId:, CreationTimestamp2022-12-22T10:14:50.691Z[Etc/UTC]].
2022-12-22 10:14:50,694 [945fd0ed-8171-4835-b0ec-144ef106a250@group-551B1740A89B-StateMachineUpdater] INFO  safemode.HealthyPipelineSafeModeRule (HealthyPipelineSafeModeRule.java:initializeRule(165)) - Refreshed total pipeline count is 0, healthy pipeline threshold count is 1
2022-12-22 10:14:50,694 [RatisPipelineUtilsThread - 0] INFO  pipeline.PipelineManagerImpl (PipelineManagerImpl.java:recordMetricsForPipeline(826)) - Pipeline: PipelineID=0266e62d-c65e-4d02-9c54-383c0469f232 contains same datanodes as previous pipelines: PipelineID=4285de77-48eb-4694-a90b-187afb726811 nodeIds: 4f5ae387-cd9a-40e6-b48a-d20f36d7a4c1, 1a836199-4b37-4331-b3d7-01d1c65ae166, 5eea0695-258d-4fe7-9f47-897f5bd73bdb
2022-12-22 10:14:50,694 [RatisPipelineUtilsThread - 0] WARN  pipeline.PipelinePlacementPolicy (PipelinePlacementPolicy.java:filterViableNodes(158)) - Pipeline creation failed due to no sufficient healthy datanodes. Required 3. Found 0.
2022-12-22 10:14:50,696 [RatisPipelineUtilsThread - 0] WARN  pipeline.PipelinePlacementPolicy (PipelinePlacementPolicy.java:filterViableNodes(158)) - Pipeline creation failed due to no sufficient healthy datanodes. Required 3. Found 0.
2022-12-22 10:14:50,848 [EndpointStateMachine task thread for /127.0.0.1:42129 - 0 ] INFO  ipc.Client (Client.java:handleConnectionFailure(1010)) - Retrying connect to server: localhost/127.0.0.1:42129. Already tried 9 time(s); retry policy is RetryUpToMaximumCountWithFixedSleep(maxRetries=15, sleepTime=1000 MILLISECONDS)
2022-12-22 10:14:51,685 [Listener at 127.0.0.1/43455] INFO  ozone.MiniOzoneClusterImpl (MiniOzoneClusterImpl.java:lambda$waitForClusterToBeReady$0(217)) - Nodes are ready. Got 3 of 3 DN Heartbeats.
2022-12-22 10:14:51,686 [Listener at 127.0.0.1/43455] INFO  ozone.MiniOzoneClusterImpl (MiniOzoneClusterImpl.java:lambda$waitForClusterToBeReady$0(220)) - Waiting for cluster to exit safe mode
2022-12-22 10:14:51,686 [Listener at 127.0.0.1/43455] INFO  ozone.MiniOzoneClusterImpl (MiniOzoneClusterImpl.java:lambda$waitForClusterToBeReady$0(222)) - SCM became leader
2022-12-22 10:14:51,848 [EndpointStateMachine task thread for /127.0.0.1:42129 - 0 ] INFO  ipc.Client (Client.java:handleConnectionFailure(1010)) - Retrying connect to server: localhost/127.0.0.1:42129. Already tried 10 time(s); retry policy is RetryUpToMaximumCountWithFixedSleep(maxRetries=15, sleepTime=1000 MILLISECONDS)
2022-12-22 10:14:52,059 [EventQueue-CommandQueueReportForCommandQueueReportHandler] WARN  events.EventQueue (EventQueue.java:fireEvent(216)) - No event handler registered for event TypedEvent{payloadType=DatanodeDetails, name='Datanode_Command_Queue_Updated'}
2022-12-22 10:14:52,396 [EventQueue-CommandQueueReportForCommandQueueReportHandler] WARN  events.EventQueue (EventQueue.java:fireEvent(216)) - No event handler registered for event TypedEvent{payloadType=DatanodeDetails, name='Datanode_Command_Queue_Updated'}
2022-12-22 10:14:52,684 [EventQueue-CommandQueueReportForCommandQueueReportHandler] WARN  events.EventQueue (EventQueue.java:fireEvent(216)) - No event handler registered for event TypedEvent{payloadType=DatanodeDetails, name='Datanode_Command_Queue_Updated'}
2022-12-22 10:14:52,686 [Listener at 127.0.0.1/43455] INFO  ozone.MiniOzoneClusterImpl (MiniOzoneClusterImpl.java:lambda$waitForClusterToBeReady$0(217)) - Nodes are ready. Got 3 of 3 DN Heartbeats.
2022-12-22 10:14:52,686 [Listener at 127.0.0.1/43455] INFO  ozone.MiniOzoneClusterImpl (MiniOzoneClusterImpl.java:lambda$waitForClusterToBeReady$0(220)) - Waiting for cluster to exit safe mode
2022-12-22 10:14:52,686 [Listener at 127.0.0.1/43455] INFO  ozone.MiniOzoneClusterImpl (MiniOzoneClusterImpl.java:lambda$waitForClusterToBeReady$0(222)) - SCM became leader
2022-12-22 10:14:52,849 [EndpointStateMachine task thread for /127.0.0.1:42129 - 0 ] INFO  ipc.Client (Client.java:handleConnectionFailure(1010)) - Retrying connect to server: localhost/127.0.0.1:42129. Already tried 11 time(s); retry policy is RetryUpToMaximumCountWithFixedSleep(maxRetries=15, sleepTime=1000 MILLISECONDS)
2022-12-22 10:14:53,057 [Command processor thread] INFO  server.RaftServer (RaftServerProxy.java:addNew(96)) - 1a836199-4b37-4331-b3d7-01d1c65ae166: addNew group-C8306A3C8920:[1a836199-4b37-4331-b3d7-01d1c65ae166|rpc:127.0.0.1:35593|dataStream:127.0.0.1:44975|priority:1|startupRole:FOLLOWER] returns group-C8306A3C8920:java.util.concurrent.CompletableFuture@23ff2331[Not completed]
2022-12-22 10:14:53,058 [pool-324-thread-1] INFO  server.RaftServer$Division (RaftServerImpl.java:<init>(195)) - 1a836199-4b37-4331-b3d7-01d1c65ae166: new RaftServerImpl for group-C8306A3C8920:[1a836199-4b37-4331-b3d7-01d1c65ae166|rpc:127.0.0.1:35593|dataStream:127.0.0.1:44975|priority:1|startupRole:FOLLOWER] with ContainerStateMachine:uninitialized
2022-12-22 10:14:53,058 [pool-324-thread-1] INFO  server.RaftServerConfigKeys (ConfUtils.java:logGet(46)) - raft.server.rpc.timeout.min = 5s (custom)
2022-12-22 10:14:53,058 [pool-324-thread-1] INFO  server.RaftServerConfigKeys (ConfUtils.java:logGet(46)) - raft.server.rpc.timeout.max = 5200ms (custom)
2022-12-22 10:14:53,058 [pool-324-thread-1] INFO  server.RaftServerConfigKeys (ConfUtils.java:logGet(46)) - raft.server.rpc.sleep.time = 25ms (default)
2022-12-22 10:14:53,058 [pool-324-thread-1] INFO  server.RaftServerConfigKeys (ConfUtils.java:logGet(46)) - raft.server.rpc.slowness.timeout = 300s (custom)
2022-12-22 10:14:53,058 [EventQueue-CommandQueueReportForCommandQueueReportHandler] WARN  events.EventQueue (EventQueue.java:fireEvent(216)) - No event handler registered for event TypedEvent{payloadType=DatanodeDetails, name='Datanode_Command_Queue_Updated'}
2022-12-22 10:14:53,058 [pool-324-thread-1] INFO  server.RaftServerConfigKeys (ConfUtils.java:logGet(46)) - raft.server.leaderelection.leader.step-down.wait-time = 10s (default)
2022-12-22 10:14:53,058 [pool-324-thread-1] INFO  server.RaftServerConfigKeys (ConfUtils.java:logGet(46)) - raft.server.sleep.deviation.threshold = 300ms (default)
2022-12-22 10:14:53,058 [pool-324-thread-1] INFO  server.RaftServer$Division (ServerState.java:<init>(118)) - 1a836199-4b37-4331-b3d7-01d1c65ae166@group-C8306A3C8920: ConfigurationManager, init=-1: peers:[1a836199-4b37-4331-b3d7-01d1c65ae166|rpc:127.0.0.1:35593|dataStream:127.0.0.1:44975|priority:1|startupRole:FOLLOWER]|listeners:[], old=null, confs=<EMPTY_MAP>
2022-12-22 10:14:53,058 [pool-324-thread-1] INFO  server.RaftServerConfigKeys (ConfUtils.java:logGet(46)) - raft.server.storage.dir = [/home/runner/work/ozone/ozone/hadoop-ozone/integration-test/target/test-dir/MiniOzoneClusterImpl-e8789b07-7928-40b5-ad88-551b1740a89b/datanode-0/data/ratis] (custom)
2022-12-22 10:14:53,058 [pool-324-thread-1] INFO  server.RaftServerConfigKeys (ConfUtils.java:logGet(46)) - raft.server.log.corruption.policy = EXCEPTION (default)
2022-12-22 10:14:53,058 [pool-324-thread-1] INFO  server.RaftServerConfigKeys (ConfUtils.java:logGet(46)) - raft.server.storage.free-space.min = 0MB (=0) (default)
2022-12-22 10:14:53,059 [pool-324-thread-1] INFO  server.RaftServerConfigKeys (ConfUtils.java:logGet(46)) - raft.server.notification.no-leader.timeout = 300s (custom)
2022-12-22 10:14:53,059 [pool-324-thread-1] INFO  server.RaftServerConfigKeys (ConfUtils.java:logGet(46)) - raft.server.retrycache.expirytime = 600000ms (custom)
2022-12-22 10:14:53,059 [pool-324-thread-1] INFO  server.RaftServerConfigKeys (ConfUtils.java:logGet(46)) - raft.server.retrycache.statistics.expirytime = 100μs (default)
2022-12-22 10:14:53,060 [pool-324-thread-1] INFO  server.RaftServerConfigKeys (ConfUtils.java:logGet(46)) - raft.server.log.appender.install.snapshot.enabled = false (custom)
2022-12-22 10:14:53,060 [pool-324-thread-1] INFO  server.RaftServerConfigKeys (ConfUtils.java:logGet(46)) - raft.server.threadpool.server.cached = true (default)
2022-12-22 10:14:53,060 [pool-324-thread-1] INFO  server.RaftServerConfigKeys (ConfUtils.java:logGet(46)) - raft.server.threadpool.server.size = 0 (default)
2022-12-22 10:14:53,060 [pool-324-thread-1] INFO  server.RaftServerConfigKeys (ConfUtils.java:logGet(46)) - raft.server.threadpool.client.cached = true (default)
2022-12-22 10:14:53,060 [pool-324-thread-1] INFO  server.RaftServerConfigKeys (ConfUtils.java:logGet(46)) - raft.server.threadpool.client.size = 0 (default)
2022-12-22 10:14:53,060 [pool-324-thread-1] INFO  storage.RaftStorageDirectory (RaftStorageDirectoryImpl.java:analyzeStorage(137)) - The storage directory /home/runner/work/ozone/ozone/hadoop-ozone/integration-test/target/test-dir/MiniOzoneClusterImpl-e8789b07-7928-40b5-ad88-551b1740a89b/datanode-0/data/ratis/5d06ad47-da2d-4079-9a51-c8306a3c8920 does not exist. Creating ...
2022-12-22 10:14:53,061 [pool-324-thread-1] INFO  storage.RaftStorageDirectory (RaftStorageDirectoryImpl.java:tryLock(231)) - Lock on /home/runner/work/ozone/ozone/hadoop-ozone/integration-test/target/test-dir/MiniOzoneClusterImpl-e8789b07-7928-40b5-ad88-551b1740a89b/datanode-0/data/ratis/5d06ad47-da2d-4079-9a51-c8306a3c8920/in_use.lock acquired by nodename 33150@fv-az345-686
2022-12-22 10:14:53,062 [pool-324-thread-1] INFO  storage.RaftStorage (RaftStorageImpl.java:format(96)) - Storage directory /home/runner/work/ozone/ozone/hadoop-ozone/integration-test/target/test-dir/MiniOzoneClusterImpl-e8789b07-7928-40b5-ad88-551b1740a89b/datanode-0/data/ratis/5d06ad47-da2d-4079-9a51-c8306a3c8920 has been successfully formatted.
2022-12-22 10:14:53,063 [pool-324-thread-1] INFO  ratis.ContainerStateMachine (ContainerStateMachine.java:loadSnapshot(240)) - group-C8306A3C8920: The snapshot info is null. Setting the last applied indexto:(t:0, i:~)
2022-12-22 10:14:53,063 [pool-324-thread-1] INFO  server.RaftServerConfigKeys (ConfUtils.java:logGet(46)) - raft.server.log.use.memory = false (default)
2022-12-22 10:14:53,063 [pool-324-thread-1] INFO  server.RaftServerConfigKeys (ConfUtils.java:logGet(46)) - raft.server.log.purge.gap = 1000000 (custom)
2022-12-22 10:14:53,063 [pool-324-thread-1] INFO  server.RaftServerConfigKeys (ConfUtils.java:logGet(46)) - raft.server.log.appender.buffer.byte-limit = 33554432 (custom)
2022-12-22 10:14:53,063 [pool-324-thread-1] INFO  server.RaftServerConfigKeys (ConfUtils.java:logGet(46)) - raft.server.log.statemachine.data.read.timeout = 1000ms (default)
2022-12-22 10:14:53,063 [pool-324-thread-1] INFO  server.RaftServerConfigKeys (ConfUtils.java:logGet(46)) - raft.server.log.purge.preservation.log.num = 0 (default)
2022-12-22 10:14:53,063 [pool-324-thread-1] INFO  server.RaftServerConfigKeys (ConfUtils.java:logGet(46)) - raft.server.log.segment.size.max = 1048576 (custom)
2022-12-22 10:14:53,064 [pool-324-thread-1] INFO  server.RaftServerConfigKeys (ConfUtils.java:logGet(46)) - raft.server.log.segment.cache.num.max = 2 (custom)
2022-12-22 10:14:53,064 [pool-324-thread-1] INFO  server.RaftServerConfigKeys (ConfUtils.java:logGet(46)) - raft.server.log.segment.cache.size.max = 200MB (=209715200) (default)
2022-12-22 10:14:53,064 [pool-324-thread-1] INFO  segmented.SegmentedRaftLogWorker (SegmentedRaftLogWorker.java:<init>(189)) - new 1a836199-4b37-4331-b3d7-01d1c65ae166@group-C8306A3C8920-SegmentedRaftLogWorker for RaftStorageImpl:Storage Directory /home/runner/work/ozone/ozone/hadoop-ozone/integration-test/target/test-dir/MiniOzoneClusterImpl-e8789b07-7928-40b5-ad88-551b1740a89b/datanode-0/data/ratis/5d06ad47-da2d-4079-9a51-c8306a3c8920
2022-12-22 10:14:53,064 [pool-324-thread-1] INFO  server.RaftServerConfigKeys (ConfUtils.java:logGet(46)) - raft.server.log.queue.byte-limit = 4294967296 (custom)
2022-12-22 10:14:53,064 [pool-324-thread-1] INFO  server.RaftServerConfigKeys (ConfUtils.java:logGet(46)) - raft.server.log.queue.element-limit = 1024 (custom)
2022-12-22 10:14:53,064 [pool-324-thread-1] INFO  server.RaftServerConfigKeys (ConfUtils.java:logGet(46)) - raft.server.log.segment.size.max = 1048576 (custom)
2022-12-22 10:14:53,064 [pool-324-thread-1] INFO  server.RaftServerConfigKeys (ConfUtils.java:logGet(46)) - raft.server.log.preallocated.size = 16384 (custom)
2022-12-22 10:14:53,064 [pool-324-thread-1] INFO  server.RaftServerConfigKeys (ConfUtils.java:logGet(46)) - raft.server.log.force.sync.num = 128 (default)
2022-12-22 10:14:53,064 [pool-324-thread-1] INFO  server.RaftServerConfigKeys (ConfUtils.java:logGet(46)) - raft.server.log.statemachine.data.sync = true (default)
2022-12-22 10:14:53,064 [pool-324-thread-1] INFO  server.RaftServerConfigKeys (ConfUtils.java:logGet(46)) - raft.server.log.statemachine.data.sync.timeout = 10s (default)
2022-12-22 10:14:53,064 [pool-324-thread-1] INFO  server.RaftServerConfigKeys (ConfUtils.java:logGet(46)) - raft.server.log.statemachine.data.sync.timeout.retry = -1 (default)
2022-12-22 10:14:53,064 [EventQueue-PipelineReportForPipelineReportHandler] INFO  pipeline.PipelineManagerImpl (PipelineManagerImpl.java:openPipeline(367)) - Pipeline Pipeline[ Id: 5d06ad47-da2d-4079-9a51-c8306a3c8920, Nodes: 1a836199-4b37-4331-b3d7-01d1c65ae166{ip: 127.0.0.1, host: localhost, ports: [REPLICATION=35831, RATIS=35593, RATIS_ADMIN=35593, RATIS_SERVER=35593, RATIS_DATASTREAM=44975, STANDALONE=37635], networkLocation: /default-rack, certSerialId: null, persistedOpState: IN_SERVICE, persistedOpStateExpiryEpochSec: 0}, ReplicationConfig: RATIS/ONE, State:ALLOCATED, leaderId:1a836199-4b37-4331-b3d7-01d1c65ae166, CreationTimestamp2022-12-22T10:14:50.066Z[Etc/UTC]] moved to OPEN state
2022-12-22 10:14:53,064 [pool-324-thread-1] INFO  server.RaftServerConfigKeys (ConfUtils.java:logGet(46)) - raft.server.log.write.buffer.size = 1048576 (custom)
2022-12-22 10:14:53,067 [945fd0ed-8171-4835-b0ec-144ef106a250@group-551B1740A89B-StateMachineUpdater] INFO  safemode.HealthyPipelineSafeModeRule (HealthyPipelineSafeModeRule.java:initializeRule(165)) - Refreshed total pipeline count is 0, healthy pipeline threshold count is 1
2022-12-22 10:14:53,066 [EventQueue-CommandQueueReportForCommandQueueReportHandler] WARN  events.EventQueue (EventQueue.java:fireEvent(216)) - No event handler registered for event TypedEvent{payloadType=DatanodeDetails, name='Datanode_Command_Queue_Updated'}
2022-12-22 10:14:53,069 [pool-324-thread-1] INFO  server.RaftServerConfigKeys (ConfUtils.java:logGet(46)) - raft.server.log.appender.buffer.byte-limit = 33554432 (custom)
2022-12-22 10:14:53,072 [EventQueue-OpenPipelineForHealthyPipelineSafeModeRule] INFO  safemode.SCMSafeModeManager (HealthyPipelineSafeModeRule.java:process(137)) - SCM in safe mode. Healthy pipelines reported count is 0, required healthy pipeline reported count is 1
2022-12-22 10:14:53,072 [pool-324-thread-1] INFO  server.RaftServerConfigKeys (ConfUtils.java:logGet(46)) - raft.server.log.unsafe-flush.enabled = false (default)
2022-12-22 10:14:53,072 [pool-324-thread-1] INFO  server.RaftServerConfigKeys (ConfUtils.java:logGet(46)) - raft.server.log.async-flush.enabled = false (default)
2022-12-22 10:14:53,072 [pool-324-thread-1] INFO  server.RaftServerConfigKeys (ConfUtils.java:logGet(46)) - raft.server.log.statemachine.data.caching.enabled = true (custom)
2022-12-22 10:14:53,072 [pool-324-thread-1] INFO  segmented.SegmentedRaftLogWorker (SegmentedRaftLogWorker.java:lambda$new$0(135)) - 1a836199-4b37-4331-b3d7-01d1c65ae166@group-C8306A3C8920-SegmentedRaftLogWorker: flushIndex: setUnconditionally 0 -> -1
2022-12-22 10:14:53,073 [pool-324-thread-1] INFO  segmented.SegmentedRaftLogWorker (SegmentedRaftLogWorker.java:lambda$new$0(135)) - 1a836199-4b37-4331-b3d7-01d1c65ae166@group-C8306A3C8920-SegmentedRaftLogWorker: safeCacheEvictIndex: setUnconditionally 0 -> -1
2022-12-22 10:14:53,073 [pool-324-thread-1] INFO  server.RaftServer$Division (RaftServerImpl.java:start(334)) - 1a836199-4b37-4331-b3d7-01d1c65ae166@group-C8306A3C8920: start as a follower, conf=-1: peers:[1a836199-4b37-4331-b3d7-01d1c65ae166|rpc:127.0.0.1:35593|dataStream:127.0.0.1:44975|priority:1|startupRole:FOLLOWER]|listeners:[], old=null
2022-12-22 10:14:53,073 [pool-324-thread-1] INFO  server.RaftServer$Division (RaftServerImpl.java:setRole(321)) - 1a836199-4b37-4331-b3d7-01d1c65ae166@group-C8306A3C8920: changes role from      null to FOLLOWER at term 0 for startAsFollower
2022-12-22 10:14:53,073 [pool-324-thread-1] INFO  impl.RoleInfo (RoleInfo.java:updateAndGet(139)) - 1a836199-4b37-4331-b3d7-01d1c65ae166: start 1a836199-4b37-4331-b3d7-01d1c65ae166@group-C8306A3C8920-FollowerState
2022-12-22 10:14:53,073 [pool-324-thread-1] INFO  util.JmxRegister (JmxRegister.java:tryRegister(44)) - Successfully registered JMX Bean with object name Ratis:service=RaftServer,group=group-C8306A3C8920,id=1a836199-4b37-4331-b3d7-01d1c65ae166
2022-12-22 10:14:53,073 [1a836199-4b37-4331-b3d7-01d1c65ae166@group-C8306A3C8920-FollowerState] INFO  server.RaftServerConfigKeys (ConfUtils.java:logFallback(53)) - raft.server.rpc.first-election.timeout.min = 5s (fallback to raft.server.rpc.timeout.min)
2022-12-22 10:14:53,073 [1a836199-4b37-4331-b3d7-01d1c65ae166@group-C8306A3C8920-FollowerState] INFO  server.RaftServerConfigKeys (ConfUtils.java:logFallback(53)) - raft.server.rpc.first-election.timeout.max = 5200ms (fallback to raft.server.rpc.timeout.max)
2022-12-22 10:14:53,073 [pool-324-thread-1] INFO  server.RaftServerConfigKeys (ConfUtils.java:logGet(46)) - raft.server.snapshot.auto.trigger.enabled = true (custom)
2022-12-22 10:14:53,074 [pool-324-thread-1] INFO  server.RaftServerConfigKeys (ConfUtils.java:logGet(46)) - raft.server.snapshot.auto.trigger.threshold = 10000 (custom)
2022-12-22 10:14:53,074 [pool-324-thread-1] INFO  server.RaftServerConfigKeys (ConfUtils.java:logGet(46)) - raft.server.snapshot.retention.file.num = 5 (custom)
2022-12-22 10:14:53,074 [pool-324-thread-1] INFO  server.RaftServerConfigKeys (ConfUtils.java:logGet(46)) - raft.server.log.purge.upto.snapshot.index = false (default)
2022-12-22 10:14:53,074 [Command processor thread] INFO  ratis.XceiverServerRatis (XceiverServerRatis.java:addGroup(806)) - Created group PipelineID=5d06ad47-da2d-4079-9a51-c8306a3c8920
2022-12-22 10:14:53,074 [Command processor thread] INFO  commandhandler.CreatePipelineCommandHandler (CreatePipelineCommandHandler.java:handle(113)) - Created Pipeline RATIS ONE PipelineID=5d06ad47-da2d-4079-9a51-c8306a3c8920.
2022-12-22 10:14:53,074 [Command processor thread] INFO  server.RaftServer (RaftServerProxy.java:addNew(96)) - 1a836199-4b37-4331-b3d7-01d1c65ae166: addNew group-187AFB726811:[4f5ae387-cd9a-40e6-b48a-d20f36d7a4c1|rpc:127.0.0.1:43977|dataStream:127.0.0.1:40347|priority:0|startupRole:FOLLOWER, 5eea0695-258d-4fe7-9f47-897f5bd73bdb|rpc:127.0.0.1:36371|dataStream:127.0.0.1:38343|priority:1|startupRole:FOLLOWER, 1a836199-4b37-4331-b3d7-01d1c65ae166|rpc:127.0.0.1:35593|dataStream:127.0.0.1:44975|priority:0|startupRole:FOLLOWER] returns group-187AFB726811:java.util.concurrent.CompletableFuture@27c0b396[Not completed]
2022-12-22 10:14:53,075 [pool-324-thread-1] INFO  server.RaftServer$Division (RaftServerImpl.java:<init>(195)) - 1a836199-4b37-4331-b3d7-01d1c65ae166: new RaftServerImpl for group-187AFB726811:[4f5ae387-cd9a-40e6-b48a-d20f36d7a4c1|rpc:127.0.0.1:43977|dataStream:127.0.0.1:40347|priority:0|startupRole:FOLLOWER, 5eea0695-258d-4fe7-9f47-897f5bd73bdb|rpc:127.0.0.1:36371|dataStream:127.0.0.1:38343|priority:1|startupRole:FOLLOWER, 1a836199-4b37-4331-b3d7-01d1c65ae166|rpc:127.0.0.1:35593|dataStream:127.0.0.1:44975|priority:0|startupRole:FOLLOWER] with ContainerStateMachine:uninitialized
2022-12-22 10:14:53,075 [pool-324-thread-1] INFO  server.RaftServerConfigKeys (ConfUtils.java:logGet(46)) - raft.server.rpc.timeout.min = 5s (custom)
2022-12-22 10:14:53,075 [pool-324-thread-1] INFO  server.RaftServerConfigKeys (ConfUtils.java:logGet(46)) - raft.server.rpc.timeout.max = 5200ms (custom)
2022-12-22 10:14:53,075 [pool-324-thread-1] INFO  server.RaftServerConfigKeys (ConfUtils.java:logGet(46)) - raft.server.rpc.sleep.time = 25ms (default)
2022-12-22 10:14:53,075 [pool-324-thread-1] INFO  server.RaftServerConfigKeys (ConfUtils.java:logGet(46)) - raft.server.rpc.slowness.timeout = 300s (custom)
2022-12-22 10:14:53,075 [pool-324-thread-1] INFO  server.RaftServerConfigKeys (ConfUtils.java:logGet(46)) - raft.server.leaderelection.leader.step-down.wait-time = 10s (default)
2022-12-22 10:14:53,076 [pool-324-thread-1] INFO  server.RaftServerConfigKeys (ConfUtils.java:logGet(46)) - raft.server.sleep.deviation.threshold = 300ms (default)
2022-12-22 10:14:53,076 [pool-324-thread-1] INFO  server.RaftServer$Division (ServerState.java:<init>(118)) - 1a836199-4b37-4331-b3d7-01d1c65ae166@group-187AFB726811: ConfigurationManager, init=-1: peers:[4f5ae387-cd9a-40e6-b48a-d20f36d7a4c1|rpc:127.0.0.1:43977|dataStream:127.0.0.1:40347|priority:0|startupRole:FOLLOWER, 5eea0695-258d-4fe7-9f47-897f5bd73bdb|rpc:127.0.0.1:36371|dataStream:127.0.0.1:38343|priority:1|startupRole:FOLLOWER, 1a836199-4b37-4331-b3d7-01d1c65ae166|rpc:127.0.0.1:35593|dataStream:127.0.0.1:44975|priority:0|startupRole:FOLLOWER]|listeners:[], old=null, confs=<EMPTY_MAP>
2022-12-22 10:14:53,076 [pool-324-thread-1] INFO  server.RaftServerConfigKeys (ConfUtils.java:logGet(46)) - raft.server.storage.dir = [/home/runner/work/ozone/ozone/hadoop-ozone/integration-test/target/test-dir/MiniOzoneClusterImpl-e8789b07-7928-40b5-ad88-551b1740a89b/datanode-0/data/ratis] (custom)
2022-12-22 10:14:53,076 [pool-324-thread-1] INFO  server.RaftServerConfigKeys (ConfUtils.java:logGet(46)) - raft.server.log.corruption.policy = EXCEPTION (default)
2022-12-22 10:14:53,076 [pool-324-thread-1] INFO  server.RaftServerConfigKeys (ConfUtils.java:logGet(46)) - raft.server.storage.free-space.min = 0MB (=0) (default)
2022-12-22 10:14:53,076 [pool-324-thread-1] INFO  server.RaftServerConfigKeys (ConfUtils.java:logGet(46)) - raft.server.notification.no-leader.timeout = 300s (custom)
2022-12-22 10:14:53,076 [pool-324-thread-1] INFO  server.RaftServerConfigKeys (ConfUtils.java:logGet(46)) - raft.server.retrycache.expirytime = 600000ms (custom)
2022-12-22 10:14:53,076 [pool-324-thread-1] INFO  server.RaftServerConfigKeys (ConfUtils.java:logGet(46)) - raft.server.retrycache.statistics.expirytime = 100μs (default)
2022-12-22 10:14:53,077 [pool-324-thread-1] INFO  server.RaftServerConfigKeys (ConfUtils.java:logGet(46)) - raft.server.log.appender.install.snapshot.enabled = false (custom)
2022-12-22 10:14:53,077 [pool-324-thread-1] INFO  server.RaftServerConfigKeys (ConfUtils.java:logGet(46)) - raft.server.threadpool.server.cached = true (default)
2022-12-22 10:14:53,077 [pool-324-thread-1] INFO  server.RaftServerConfigKeys (ConfUtils.java:logGet(46)) - raft.server.threadpool.server.size = 0 (default)
2022-12-22 10:14:53,077 [pool-324-thread-1] INFO  server.RaftServerConfigKeys (ConfUtils.java:logGet(46)) - raft.server.threadpool.client.cached = true (default)
2022-12-22 10:14:53,077 [pool-324-thread-1] INFO  server.RaftServerConfigKeys (ConfUtils.java:logGet(46)) - raft.server.threadpool.client.size = 0 (default)
2022-12-22 10:14:53,077 [pool-324-thread-1] INFO  storage.RaftStorageDirectory (RaftStorageDirectoryImpl.java:analyzeStorage(137)) - The storage directory /home/runner/work/ozone/ozone/hadoop-ozone/integration-test/target/test-dir/MiniOzoneClusterImpl-e8789b07-7928-40b5-ad88-551b1740a89b/datanode-0/data/ratis/4285de77-48eb-4694-a90b-187afb726811 does not exist. Creating ...
2022-12-22 10:14:53,078 [pool-324-thread-1] INFO  storage.RaftStorageDirectory (RaftStorageDirectoryImpl.java:tryLock(231)) - Lock on /home/runner/work/ozone/ozone/hadoop-ozone/integration-test/target/test-dir/MiniOzoneClusterImpl-e8789b07-7928-40b5-ad88-551b1740a89b/datanode-0/data/ratis/4285de77-48eb-4694-a90b-187afb726811/in_use.lock acquired by nodename 33150@fv-az345-686
2022-12-22 10:14:53,079 [pool-324-thread-1] INFO  storage.RaftStorage (RaftStorageImpl.java:format(96)) - Storage directory /home/runner/work/ozone/ozone/hadoop-ozone/integration-test/target/test-dir/MiniOzoneClusterImpl-e8789b07-7928-40b5-ad88-551b1740a89b/datanode-0/data/ratis/4285de77-48eb-4694-a90b-187afb726811 has been successfully formatted.
2022-12-22 10:14:53,080 [EventQueue-CommandQueueReportForCommandQueueReportHandler] WARN  events.EventQueue (EventQueue.java:fireEvent(216)) - No event handler registered for event TypedEvent{payloadType=DatanodeDetails, name='Datanode_Command_Queue_Updated'}
2022-12-22 10:14:53,080 [EventQueue-OpenPipelineForHealthyPipelineSafeModeRule] INFO  safemode.SCMSafeModeManager (HealthyPipelineSafeModeRule.java:process(137)) - SCM in safe mode. Healthy pipelines reported count is 0, required healthy pipeline reported count is 1
2022-12-22 10:14:53,080 [pool-324-thread-1] INFO  ratis.ContainerStateMachine (ContainerStateMachine.java:loadSnapshot(240)) - group-187AFB726811: The snapshot info is null. Setting the last applied indexto:(t:0, i:~)
2022-12-22 10:14:53,080 [pool-324-thread-1] INFO  server.RaftServerConfigKeys (ConfUtils.java:logGet(46)) - raft.server.log.use.memory = false (default)
2022-12-22 10:14:53,080 [pool-324-thread-1] INFO  server.RaftServerConfigKeys (ConfUtils.java:logGet(46)) - raft.server.log.purge.gap = 1000000 (custom)
2022-12-22 10:14:53,080 [pool-324-thread-1] INFO  server.RaftServerConfigKeys (ConfUtils.java:logGet(46)) - raft.server.log.appender.buffer.byte-limit = 33554432 (custom)
2022-12-22 10:14:53,080 [pool-324-thread-1] INFO  server.RaftServerConfigKeys (ConfUtils.java:logGet(46)) - raft.server.log.statemachine.data.read.timeout = 1000ms (default)
2022-12-22 10:14:53,081 [pool-324-thread-1] INFO  server.RaftServerConfigKeys (ConfUtils.java:logGet(46)) - raft.server.log.purge.preservation.log.num = 0 (default)
2022-12-22 10:14:53,081 [pool-324-thread-1] INFO  server.RaftServerConfigKeys (ConfUtils.java:logGet(46)) - raft.server.log.segment.size.max = 1048576 (custom)
2022-12-22 10:14:53,081 [pool-324-thread-1] INFO  server.RaftServerConfigKeys (ConfUtils.java:logGet(46)) - raft.server.log.segment.cache.num.max = 2 (custom)
2022-12-22 10:14:53,081 [pool-324-thread-1] INFO  server.RaftServerConfigKeys (ConfUtils.java:logGet(46)) - raft.server.log.segment.cache.size.max = 200MB (=209715200) (default)
2022-12-22 10:14:53,081 [pool-324-thread-1] INFO  segmented.SegmentedRaftLogWorker (SegmentedRaftLogWorker.java:<init>(189)) - new 1a836199-4b37-4331-b3d7-01d1c65ae166@group-187AFB726811-SegmentedRaftLogWorker for RaftStorageImpl:Storage Directory /home/runner/work/ozone/ozone/hadoop-ozone/integration-test/target/test-dir/MiniOzoneClusterImpl-e8789b07-7928-40b5-ad88-551b1740a89b/datanode-0/data/ratis/4285de77-48eb-4694-a90b-187afb726811
2022-12-22 10:14:53,081 [pool-324-thread-1] INFO  server.RaftServerConfigKeys (ConfUtils.java:logGet(46)) - raft.server.log.queue.byte-limit = 4294967296 (custom)
2022-12-22 10:14:53,081 [pool-324-thread-1] INFO  server.RaftServerConfigKeys (ConfUtils.java:logGet(46)) - raft.server.log.queue.element-limit = 1024 (custom)
2022-12-22 10:14:53,081 [pool-324-thread-1] INFO  server.RaftServerConfigKeys (ConfUtils.java:logGet(46)) - raft.server.log.segment.size.max = 1048576 (custom)
2022-12-22 10:14:53,081 [pool-324-thread-1] INFO  server.RaftServerConfigKeys (ConfUtils.java:logGet(46)) - raft.server.log.preallocated.size = 16384 (custom)
2022-12-22 10:14:53,081 [pool-324-thread-1] INFO  server.RaftServerConfigKeys (ConfUtils.java:logGet(46)) - raft.server.log.force.sync.num = 128 (default)
2022-12-22 10:14:53,081 [pool-324-thread-1] INFO  server.RaftServerConfigKeys (ConfUtils.java:logGet(46)) - raft.server.log.statemachine.data.sync = true (default)
2022-12-22 10:14:53,081 [pool-324-thread-1] INFO  server.RaftServerConfigKeys (ConfUtils.java:logGet(46)) - raft.server.log.statemachine.data.sync.timeout = 10s (default)
2022-12-22 10:14:53,081 [pool-324-thread-1] INFO  server.RaftServerConfigKeys (ConfUtils.java:logGet(46)) - raft.server.log.statemachine.data.sync.timeout.retry = -1 (default)
2022-12-22 10:14:53,082 [pool-324-thread-1] INFO  server.RaftServerConfigKeys (ConfUtils.java:logGet(46)) - raft.server.log.write.buffer.size = 1048576 (custom)
2022-12-22 10:14:53,082 [pool-324-thread-1] INFO  server.RaftServerConfigKeys (ConfUtils.java:logGet(46)) - raft.server.log.appender.buffer.byte-limit = 33554432 (custom)
2022-12-22 10:14:53,085 [pool-324-thread-1] INFO  server.RaftServerConfigKeys (ConfUtils.java:logGet(46)) - raft.server.log.unsafe-flush.enabled = false (default)
2022-12-22 10:14:53,085 [pool-324-thread-1] INFO  server.RaftServerConfigKeys (ConfUtils.java:logGet(46)) - raft.server.log.async-flush.enabled = false (default)
2022-12-22 10:14:53,085 [pool-324-thread-1] INFO  server.RaftServerConfigKeys (ConfUtils.java:logGet(46)) - raft.server.log.statemachine.data.caching.enabled = true (custom)
2022-12-22 10:14:53,085 [pool-324-thread-1] INFO  segmented.SegmentedRaftLogWorker (SegmentedRaftLogWorker.java:lambda$new$0(135)) - 1a836199-4b37-4331-b3d7-01d1c65ae166@group-187AFB726811-SegmentedRaftLogWorker: flushIndex: setUnconditionally 0 -> -1
2022-12-22 10:14:53,085 [pool-324-thread-1] INFO  segmented.SegmentedRaftLogWorker (SegmentedRaftLogWorker.java:lambda$new$0(135)) - 1a836199-4b37-4331-b3d7-01d1c65ae166@group-187AFB726811-SegmentedRaftLogWorker: safeCacheEvictIndex: setUnconditionally 0 -> -1
2022-12-22 10:14:53,085 [pool-324-thread-1] INFO  server.RaftServer$Division (RaftServerImpl.java:start(334)) - 1a836199-4b37-4331-b3d7-01d1c65ae166@group-187AFB726811: start as a follower, conf=-1: peers:[4f5ae387-cd9a-40e6-b48a-d20f36d7a4c1|rpc:127.0.0.1:43977|dataStream:127.0.0.1:40347|priority:0|startupRole:FOLLOWER, 5eea0695-258d-4fe7-9f47-897f5bd73bdb|rpc:127.0.0.1:36371|dataStream:127.0.0.1:38343|priority:1|startupRole:FOLLOWER, 1a836199-4b37-4331-b3d7-01d1c65ae166|rpc:127.0.0.1:35593|dataStream:127.0.0.1:44975|priority:0|startupRole:FOLLOWER]|listeners:[], old=null
2022-12-22 10:14:53,085 [pool-324-thread-1] INFO  server.RaftServer$Division (RaftServerImpl.java:setRole(321)) - 1a836199-4b37-4331-b3d7-01d1c65ae166@group-187AFB726811: changes role from      null to FOLLOWER at term 0 for startAsFollower
2022-12-22 10:14:53,085 [pool-324-thread-1] INFO  impl.RoleInfo (RoleInfo.java:updateAndGet(139)) - 1a836199-4b37-4331-b3d7-01d1c65ae166: start 1a836199-4b37-4331-b3d7-01d1c65ae166@group-187AFB726811-FollowerState
2022-12-22 10:14:53,086 [pool-324-thread-1] INFO  util.JmxRegister (JmxRegister.java:tryRegister(44)) - Successfully registered JMX Bean with object name Ratis:service=RaftServer,group=group-187AFB726811,id=1a836199-4b37-4331-b3d7-01d1c65ae166
2022-12-22 10:14:53,086 [pool-324-thread-1] INFO  server.RaftServerConfigKeys (ConfUtils.java:logGet(46)) - raft.server.snapshot.auto.trigger.enabled = true (custom)
2022-12-22 10:14:53,086 [pool-324-thread-1] INFO  server.RaftServerConfigKeys (ConfUtils.java:logGet(46)) - raft.server.snapshot.auto.trigger.threshold = 10000 (custom)
2022-12-22 10:14:53,086 [pool-324-thread-1] INFO  server.RaftServerConfigKeys (ConfUtils.java:logGet(46)) - raft.server.snapshot.retention.file.num = 5 (custom)
2022-12-22 10:14:53,086 [pool-324-thread-1] INFO  server.RaftServerConfigKeys (ConfUtils.java:logGet(46)) - raft.server.log.purge.upto.snapshot.index = false (default)
2022-12-22 10:14:53,086 [1a836199-4b37-4331-b3d7-01d1c65ae166@group-187AFB726811-FollowerState] INFO  server.RaftServerConfigKeys (ConfUtils.java:logFallback(53)) - raft.server.rpc.first-election.timeout.min = 5s (fallback to raft.server.rpc.timeout.min)
2022-12-22 10:14:53,086 [1a836199-4b37-4331-b3d7-01d1c65ae166@group-187AFB726811-FollowerState] INFO  server.RaftServerConfigKeys (ConfUtils.java:logFallback(53)) - raft.server.rpc.first-election.timeout.max = 5200ms (fallback to raft.server.rpc.timeout.max)
2022-12-22 10:14:53,087 [Command processor thread] INFO  ratis.XceiverServerRatis (XceiverServerRatis.java:addGroup(806)) - Created group PipelineID=4285de77-48eb-4694-a90b-187afb726811
2022-12-22 10:14:53,096 [grpc-default-executor-1] INFO  server.RaftServer (RaftServerProxy.java:addNew(96)) - 5eea0695-258d-4fe7-9f47-897f5bd73bdb: addNew group-187AFB726811:[4f5ae387-cd9a-40e6-b48a-d20f36d7a4c1|rpc:127.0.0.1:43977|dataStream:127.0.0.1:40347|priority:0|startupRole:FOLLOWER, 5eea0695-258d-4fe7-9f47-897f5bd73bdb|rpc:127.0.0.1:36371|dataStream:127.0.0.1:38343|priority:1|startupRole:FOLLOWER, 1a836199-4b37-4331-b3d7-01d1c65ae166|rpc:127.0.0.1:35593|dataStream:127.0.0.1:44975|priority:0|startupRole:FOLLOWER] returns group-187AFB726811:java.util.concurrent.CompletableFuture@374fa562[Not completed]
2022-12-22 10:14:53,096 [pool-370-thread-1] INFO  server.RaftServer$Division (RaftServerImpl.java:<init>(195)) - 5eea0695-258d-4fe7-9f47-897f5bd73bdb: new RaftServerImpl for group-187AFB726811:[4f5ae387-cd9a-40e6-b48a-d20f36d7a4c1|rpc:127.0.0.1:43977|dataStream:127.0.0.1:40347|priority:0|startupRole:FOLLOWER, 5eea0695-258d-4fe7-9f47-897f5bd73bdb|rpc:127.0.0.1:36371|dataStream:127.0.0.1:38343|priority:1|startupRole:FOLLOWER, 1a836199-4b37-4331-b3d7-01d1c65ae166|rpc:127.0.0.1:35593|dataStream:127.0.0.1:44975|priority:0|startupRole:FOLLOWER] with ContainerStateMachine:uninitialized
2022-12-22 10:14:53,096 [pool-370-thread-1] INFO  server.RaftServerConfigKeys (ConfUtils.java:logGet(46)) - raft.server.rpc.timeout.min = 5s (custom)
2022-12-22 10:14:53,097 [pool-370-thread-1] INFO  server.RaftServerConfigKeys (ConfUtils.java:logGet(46)) - raft.server.rpc.timeout.max = 5200ms (custom)
2022-12-22 10:14:53,097 [pool-370-thread-1] INFO  server.RaftServerConfigKeys (ConfUtils.java:logGet(46)) - raft.server.rpc.sleep.time = 25ms (default)
2022-12-22 10:14:53,097 [pool-370-thread-1] INFO  server.RaftServerConfigKeys (ConfUtils.java:logGet(46)) - raft.server.rpc.slowness.timeout = 300s (custom)
2022-12-22 10:14:53,097 [pool-370-thread-1] INFO  server.RaftServerConfigKeys (ConfUtils.java:logGet(46)) - raft.server.leaderelection.leader.step-down.wait-time = 10s (default)
2022-12-22 10:14:53,097 [pool-370-thread-1] INFO  server.RaftServerConfigKeys (ConfUtils.java:logGet(46)) - raft.server.sleep.deviation.threshold = 300ms (default)
2022-12-22 10:14:53,097 [pool-370-thread-1] INFO  server.RaftServer$Division (ServerState.java:<init>(118)) - 5eea0695-258d-4fe7-9f47-897f5bd73bdb@group-187AFB726811: ConfigurationManager, init=-1: peers:[4f5ae387-cd9a-40e6-b48a-d20f36d7a4c1|rpc:127.0.0.1:43977|dataStream:127.0.0.1:40347|priority:0|startupRole:FOLLOWER, 5eea0695-258d-4fe7-9f47-897f5bd73bdb|rpc:127.0.0.1:36371|dataStream:127.0.0.1:38343|priority:1|startupRole:FOLLOWER, 1a836199-4b37-4331-b3d7-01d1c65ae166|rpc:127.0.0.1:35593|dataStream:127.0.0.1:44975|priority:0|startupRole:FOLLOWER]|listeners:[], old=null, confs=<EMPTY_MAP>
2022-12-22 10:14:53,097 [pool-370-thread-1] INFO  server.RaftServerConfigKeys (ConfUtils.java:logGet(46)) - raft.server.storage.dir = [/home/runner/work/ozone/ozone/hadoop-ozone/integration-test/target/test-dir/MiniOzoneClusterImpl-e8789b07-7928-40b5-ad88-551b1740a89b/datanode-2/data/ratis] (custom)
2022-12-22 10:14:53,097 [pool-370-thread-1] INFO  server.RaftServerConfigKeys (ConfUtils.java:logGet(46)) - raft.server.log.corruption.policy = EXCEPTION (default)
2022-12-22 10:14:53,097 [pool-370-thread-1] INFO  server.RaftServerConfigKeys (ConfUtils.java:logGet(46)) - raft.server.storage.free-space.min = 0MB (=0) (default)
2022-12-22 10:14:53,097 [pool-370-thread-1] INFO  server.RaftServerConfigKeys (ConfUtils.java:logGet(46)) - raft.server.notification.no-leader.timeout = 300s (custom)
2022-12-22 10:14:53,097 [pool-370-thread-1] INFO  server.RaftServerConfigKeys (ConfUtils.java:logGet(46)) - raft.server.retrycache.expirytime = 600000ms (custom)
2022-12-22 10:14:53,097 [pool-370-thread-1] INFO  server.RaftServerConfigKeys (ConfUtils.java:logGet(46)) - raft.server.retrycache.statistics.expirytime = 100μs (default)
2022-12-22 10:14:53,099 [pool-370-thread-1] INFO  server.RaftServerConfigKeys (ConfUtils.java:logGet(46)) - raft.server.log.appender.install.snapshot.enabled = false (custom)
2022-12-22 10:14:53,099 [pool-370-thread-1] INFO  server.RaftServerConfigKeys (ConfUtils.java:logGet(46)) - raft.server.threadpool.server.cached = true (default)
2022-12-22 10:14:53,100 [pool-370-thread-1] INFO  server.RaftServerConfigKeys (ConfUtils.java:logGet(46)) - raft.server.threadpool.server.size = 0 (default)
2022-12-22 10:14:53,100 [pool-370-thread-1] INFO  server.RaftServerConfigKeys (ConfUtils.java:logGet(46)) - raft.server.threadpool.client.cached = true (default)
2022-12-22 10:14:53,100 [pool-370-thread-1] INFO  server.RaftServerConfigKeys (ConfUtils.java:logGet(46)) - raft.server.threadpool.client.size = 0 (default)
2022-12-22 10:14:53,100 [pool-370-thread-1] INFO  storage.RaftStorageDirectory (RaftStorageDirectoryImpl.java:analyzeStorage(137)) - The storage directory /home/runner/work/ozone/ozone/hadoop-ozone/integration-test/target/test-dir/MiniOzoneClusterImpl-e8789b07-7928-40b5-ad88-551b1740a89b/datanode-2/data/ratis/4285de77-48eb-4694-a90b-187afb726811 does not exist. Creating ...
2022-12-22 10:14:53,100 [pool-370-thread-1] INFO  storage.RaftStorageDirectory (RaftStorageDirectoryImpl.java:tryLock(231)) - Lock on /home/runner/work/ozone/ozone/hadoop-ozone/integration-test/target/test-dir/MiniOzoneClusterImpl-e8789b07-7928-40b5-ad88-551b1740a89b/datanode-2/data/ratis/4285de77-48eb-4694-a90b-187afb726811/in_use.lock acquired by nodename 33150@fv-az345-686
2022-12-22 10:14:53,101 [pool-370-thread-1] INFO  storage.RaftStorage (RaftStorageImpl.java:format(96)) - Storage directory /home/runner/work/ozone/ozone/hadoop-ozone/integration-test/target/test-dir/MiniOzoneClusterImpl-e8789b07-7928-40b5-ad88-551b1740a89b/datanode-2/data/ratis/4285de77-48eb-4694-a90b-187afb726811 has been successfully formatted.
2022-12-22 10:14:53,102 [pool-370-thread-1] INFO  ratis.ContainerStateMachine (ContainerStateMachine.java:loadSnapshot(240)) - group-187AFB726811: The snapshot info is null. Setting the last applied indexto:(t:0, i:~)
2022-12-22 10:14:53,102 [pool-370-thread-1] INFO  server.RaftServerConfigKeys (ConfUtils.java:logGet(46)) - raft.server.log.use.memory = false (default)
2022-12-22 10:14:53,103 [pool-370-thread-1] INFO  server.RaftServerConfigKeys (ConfUtils.java:logGet(46)) - raft.server.log.purge.gap = 1000000 (custom)
2022-12-22 10:14:53,103 [pool-370-thread-1] INFO  server.RaftServerConfigKeys (ConfUtils.java:logGet(46)) - raft.server.log.appender.buffer.byte-limit = 33554432 (custom)
2022-12-22 10:14:53,103 [pool-370-thread-1] INFO  server.RaftServerConfigKeys (ConfUtils.java:logGet(46)) - raft.server.log.statemachine.data.read.timeout = 1000ms (default)
2022-12-22 10:14:53,103 [pool-370-thread-1] INFO  server.RaftServerConfigKeys (ConfUtils.java:logGet(46)) - raft.server.log.purge.preservation.log.num = 0 (default)
2022-12-22 10:14:53,103 [pool-370-thread-1] INFO  server.RaftServerConfigKeys (ConfUtils.java:logGet(46)) - raft.server.log.segment.size.max = 1048576 (custom)
2022-12-22 10:14:53,103 [pool-370-thread-1] INFO  server.RaftServerConfigKeys (ConfUtils.java:logGet(46)) - raft.server.log.segment.cache.num.max = 2 (custom)
2022-12-22 10:14:53,103 [pool-370-thread-1] INFO  server.RaftServerConfigKeys (ConfUtils.java:logGet(46)) - raft.server.log.segment.cache.size.max = 200MB (=209715200) (default)
2022-12-22 10:14:53,103 [pool-370-thread-1] INFO  segmented.SegmentedRaftLogWorker (SegmentedRaftLogWorker.java:<init>(189)) - new 5eea0695-258d-4fe7-9f47-897f5bd73bdb@group-187AFB726811-SegmentedRaftLogWorker for RaftStorageImpl:Storage Directory /home/runner/work/ozone/ozone/hadoop-ozone/integration-test/target/test-dir/MiniOzoneClusterImpl-e8789b07-7928-40b5-ad88-551b1740a89b/datanode-2/data/ratis/4285de77-48eb-4694-a90b-187afb726811
2022-12-22 10:14:53,103 [pool-370-thread-1] INFO  server.RaftServerConfigKeys (ConfUtils.java:logGet(46)) - raft.server.log.queue.byte-limit = 4294967296 (custom)
2022-12-22 10:14:53,103 [pool-370-thread-1] INFO  server.RaftServerConfigKeys (ConfUtils.java:logGet(46)) - raft.server.log.queue.element-limit = 1024 (custom)
2022-12-22 10:14:53,103 [pool-370-thread-1] INFO  server.RaftServerConfigKeys (ConfUtils.java:logGet(46)) - raft.server.log.segment.size.max = 1048576 (custom)
2022-12-22 10:14:53,103 [pool-370-thread-1] INFO  server.RaftServerConfigKeys (ConfUtils.java:logGet(46)) - raft.server.log.preallocated.size = 16384 (custom)
2022-12-22 10:14:53,103 [pool-370-thread-1] INFO  server.RaftServerConfigKeys (ConfUtils.java:logGet(46)) - raft.server.log.force.sync.num = 128 (default)
2022-12-22 10:14:53,103 [pool-370-thread-1] INFO  server.RaftServerConfigKeys (ConfUtils.java:logGet(46)) - raft.server.log.statemachine.data.sync = true (default)
2022-12-22 10:14:53,103 [pool-370-thread-1] INFO  server.RaftServerConfigKeys (ConfUtils.java:logGet(46)) - raft.server.log.statemachine.data.sync.timeout = 10s (default)
2022-12-22 10:14:53,104 [pool-370-thread-1] INFO  server.RaftServerConfigKeys (ConfUtils.java:logGet(46)) - raft.server.log.statemachine.data.sync.timeout.retry = -1 (default)
2022-12-22 10:14:53,104 [pool-370-thread-1] INFO  server.RaftServerConfigKeys (ConfUtils.java:logGet(46)) - raft.server.log.write.buffer.size = 1048576 (custom)
2022-12-22 10:14:53,104 [pool-370-thread-1] INFO  server.RaftServerConfigKeys (ConfUtils.java:logGet(46)) - raft.server.log.appender.buffer.byte-limit = 33554432 (custom)
2022-12-22 10:14:53,107 [pool-370-thread-1] INFO  server.RaftServerConfigKeys (ConfUtils.java:logGet(46)) - raft.server.log.unsafe-flush.enabled = false (default)
2022-12-22 10:14:53,107 [pool-370-thread-1] INFO  server.RaftServerConfigKeys (ConfUtils.java:logGet(46)) - raft.server.log.async-flush.enabled = false (default)
2022-12-22 10:14:53,107 [pool-370-thread-1] INFO  server.RaftServerConfigKeys (ConfUtils.java:logGet(46)) - raft.server.log.statemachine.data.caching.enabled = true (custom)
2022-12-22 10:14:53,107 [pool-370-thread-1] INFO  segmented.SegmentedRaftLogWorker (SegmentedRaftLogWorker.java:lambda$new$0(135)) - 5eea0695-258d-4fe7-9f47-897f5bd73bdb@group-187AFB726811-SegmentedRaftLogWorker: flushIndex: setUnconditionally 0 -> -1
2022-12-22 10:14:53,107 [pool-370-thread-1] INFO  segmented.SegmentedRaftLogWorker (SegmentedRaftLogWorker.java:lambda$new$0(135)) - 5eea0695-258d-4fe7-9f47-897f5bd73bdb@group-187AFB726811-SegmentedRaftLogWorker: safeCacheEvictIndex: setUnconditionally 0 -> -1
2022-12-22 10:14:53,107 [pool-370-thread-1] INFO  server.RaftServer$Division (RaftServerImpl.java:start(334)) - 5eea0695-258d-4fe7-9f47-897f5bd73bdb@group-187AFB726811: start as a follower, conf=-1: peers:[4f5ae387-cd9a-40e6-b48a-d20f36d7a4c1|rpc:127.0.0.1:43977|dataStream:127.0.0.1:40347|priority:0|startupRole:FOLLOWER, 5eea0695-258d-4fe7-9f47-897f5bd73bdb|rpc:127.0.0.1:36371|dataStream:127.0.0.1:38343|priority:1|startupRole:FOLLOWER, 1a836199-4b37-4331-b3d7-01d1c65ae166|rpc:127.0.0.1:35593|dataStream:127.0.0.1:44975|priority:0|startupRole:FOLLOWER]|listeners:[], old=null
2022-12-22 10:14:53,107 [pool-370-thread-1] INFO  server.RaftServer$Division (RaftServerImpl.java:setRole(321)) - 5eea0695-258d-4fe7-9f47-897f5bd73bdb@group-187AFB726811: changes role from      null to FOLLOWER at term 0 for startAsFollower
2022-12-22 10:14:53,107 [pool-370-thread-1] INFO  impl.RoleInfo (RoleInfo.java:updateAndGet(139)) - 5eea0695-258d-4fe7-9f47-897f5bd73bdb: start 5eea0695-258d-4fe7-9f47-897f5bd73bdb@group-187AFB726811-FollowerState
2022-12-22 10:14:53,109 [EventQueue-CommandQueueReportForCommandQueueReportHandler] WARN  events.EventQueue (EventQueue.java:fireEvent(216)) - No event handler registered for event TypedEvent{payloadType=DatanodeDetails, name='Datanode_Command_Queue_Updated'}
2022-12-22 10:14:53,119 [pool-370-thread-1] INFO  util.JmxRegister (JmxRegister.java:tryRegister(44)) - Successfully registered JMX Bean with object name Ratis:service=RaftServer,group=group-187AFB726811,id=5eea0695-258d-4fe7-9f47-897f5bd73bdb
2022-12-22 10:14:53,119 [pool-370-thread-1] INFO  server.RaftServerConfigKeys (ConfUtils.java:logGet(46)) - raft.server.snapshot.auto.trigger.enabled = true (custom)
2022-12-22 10:14:53,119 [pool-370-thread-1] INFO  server.RaftServerConfigKeys (ConfUtils.java:logGet(46)) - raft.server.snapshot.auto.trigger.threshold = 10000 (custom)
2022-12-22 10:14:53,119 [pool-370-thread-1] INFO  server.RaftServerConfigKeys (ConfUtils.java:logGet(46)) - raft.server.snapshot.retention.file.num = 5 (custom)
2022-12-22 10:14:53,119 [pool-370-thread-1] INFO  server.RaftServerConfigKeys (ConfUtils.java:logGet(46)) - raft.server.log.purge.upto.snapshot.index = false (default)
2022-12-22 10:14:53,121 [5eea0695-258d-4fe7-9f47-897f5bd73bdb@group-187AFB726811-FollowerState] INFO  server.RaftServerConfigKeys (ConfUtils.java:logFallback(53)) - raft.server.rpc.first-election.timeout.min = 5s (fallback to raft.server.rpc.timeout.min)
2022-12-22 10:14:53,121 [5eea0695-258d-4fe7-9f47-897f5bd73bdb@group-187AFB726811-FollowerState] INFO  server.RaftServerConfigKeys (ConfUtils.java:logFallback(53)) - raft.server.rpc.first-election.timeout.max = 5200ms (fallback to raft.server.rpc.timeout.max)
2022-12-22 10:14:53,137 [grpc-default-executor-1] INFO  server.RaftServer (RaftServerProxy.java:addNew(96)) - 4f5ae387-cd9a-40e6-b48a-d20f36d7a4c1: addNew group-187AFB726811:[4f5ae387-cd9a-40e6-b48a-d20f36d7a4c1|rpc:127.0.0.1:43977|dataStream:127.0.0.1:40347|priority:0|startupRole:FOLLOWER, 5eea0695-258d-4fe7-9f47-897f5bd73bdb|rpc:127.0.0.1:36371|dataStream:127.0.0.1:38343|priority:1|startupRole:FOLLOWER, 1a836199-4b37-4331-b3d7-01d1c65ae166|rpc:127.0.0.1:35593|dataStream:127.0.0.1:44975|priority:0|startupRole:FOLLOWER] returns group-187AFB726811:java.util.concurrent.CompletableFuture@7f93c41a[Not completed]
2022-12-22 10:14:53,140 [pool-347-thread-1] INFO  server.RaftServer$Division (RaftServerImpl.java:<init>(195)) - 4f5ae387-cd9a-40e6-b48a-d20f36d7a4c1: new RaftServerImpl for group-187AFB726811:[4f5ae387-cd9a-40e6-b48a-d20f36d7a4c1|rpc:127.0.0.1:43977|dataStream:127.0.0.1:40347|priority:0|startupRole:FOLLOWER, 5eea0695-258d-4fe7-9f47-897f5bd73bdb|rpc:127.0.0.1:36371|dataStream:127.0.0.1:38343|priority:1|startupRole:FOLLOWER, 1a836199-4b37-4331-b3d7-01d1c65ae166|rpc:127.0.0.1:35593|dataStream:127.0.0.1:44975|priority:0|startupRole:FOLLOWER] with ContainerStateMachine:uninitialized
2022-12-22 10:14:53,140 [pool-347-thread-1] INFO  server.RaftServerConfigKeys (ConfUtils.java:logGet(46)) - raft.server.rpc.timeout.min = 5s (custom)
2022-12-22 10:14:53,140 [pool-347-thread-1] INFO  server.RaftServerConfigKeys (ConfUtils.java:logGet(46)) - raft.server.rpc.timeout.max = 5200ms (custom)
2022-12-22 10:14:53,140 [pool-347-thread-1] INFO  server.RaftServerConfigKeys (ConfUtils.java:logGet(46)) - raft.server.rpc.sleep.time = 25ms (default)
2022-12-22 10:14:53,140 [pool-347-thread-1] INFO  server.RaftServerConfigKeys (ConfUtils.java:logGet(46)) - raft.server.rpc.slowness.timeout = 300s (custom)
2022-12-22 10:14:53,140 [pool-347-thread-1] INFO  server.RaftServerConfigKeys (ConfUtils.java:logGet(46)) - raft.server.leaderelection.leader.step-down.wait-time = 10s (default)
2022-12-22 10:14:53,140 [pool-347-thread-1] INFO  server.RaftServerConfigKeys (ConfUtils.java:logGet(46)) - raft.server.sleep.deviation.threshold = 300ms (default)
2022-12-22 10:14:53,141 [pool-347-thread-1] INFO  server.RaftServer$Division (ServerState.java:<init>(118)) - 4f5ae387-cd9a-40e6-b48a-d20f36d7a4c1@group-187AFB726811: ConfigurationManager, init=-1: peers:[4f5ae387-cd9a-40e6-b48a-d20f36d7a4c1|rpc:127.0.0.1:43977|dataStream:127.0.0.1:40347|priority:0|startupRole:FOLLOWER, 5eea0695-258d-4fe7-9f47-897f5bd73bdb|rpc:127.0.0.1:36371|dataStream:127.0.0.1:38343|priority:1|startupRole:FOLLOWER, 1a836199-4b37-4331-b3d7-01d1c65ae166|rpc:127.0.0.1:35593|dataStream:127.0.0.1:44975|priority:0|startupRole:FOLLOWER]|listeners:[], old=null, confs=<EMPTY_MAP>
2022-12-22 10:14:53,141 [pool-347-thread-1] INFO  server.RaftServerConfigKeys (ConfUtils.java:logGet(46)) - raft.server.storage.dir = [/home/runner/work/ozone/ozone/hadoop-ozone/integration-test/target/test-dir/MiniOzoneClusterImpl-e8789b07-7928-40b5-ad88-551b1740a89b/datanode-1/data/ratis] (custom)
2022-12-22 10:14:53,141 [pool-347-thread-1] INFO  server.RaftServerConfigKeys (ConfUtils.java:logGet(46)) - raft.server.log.corruption.policy = EXCEPTION (default)
2022-12-22 10:14:53,141 [pool-347-thread-1] INFO  server.RaftServerConfigKeys (ConfUtils.java:logGet(46)) - raft.server.storage.free-space.min = 0MB (=0) (default)
2022-12-22 10:14:53,141 [pool-347-thread-1] INFO  server.RaftServerConfigKeys (ConfUtils.java:logGet(46)) - raft.server.notification.no-leader.timeout = 300s (custom)
2022-12-22 10:14:53,141 [pool-347-thread-1] INFO  server.RaftServerConfigKeys (ConfUtils.java:logGet(46)) - raft.server.retrycache.expirytime = 600000ms (custom)
2022-12-22 10:14:53,141 [pool-347-thread-1] INFO  server.RaftServerConfigKeys (ConfUtils.java:logGet(46)) - raft.server.retrycache.statistics.expirytime = 100μs (default)
2022-12-22 10:14:53,142 [pool-347-thread-1] INFO  server.RaftServerConfigKeys (ConfUtils.java:logGet(46)) - raft.server.log.appender.install.snapshot.enabled = false (custom)
2022-12-22 10:14:53,142 [pool-347-thread-1] INFO  server.RaftServerConfigKeys (ConfUtils.java:logGet(46)) - raft.server.threadpool.server.cached = true (default)
2022-12-22 10:14:53,142 [pool-347-thread-1] INFO  server.RaftServerConfigKeys (ConfUtils.java:logGet(46)) - raft.server.threadpool.server.size = 0 (default)
2022-12-22 10:14:53,142 [pool-347-thread-1] INFO  server.RaftServerConfigKeys (ConfUtils.java:logGet(46)) - raft.server.threadpool.client.cached = true (default)
2022-12-22 10:14:53,142 [pool-347-thread-1] INFO  server.RaftServerConfigKeys (ConfUtils.java:logGet(46)) - raft.server.threadpool.client.size = 0 (default)
2022-12-22 10:14:53,143 [pool-347-thread-1] INFO  storage.RaftStorageDirectory (RaftStorageDirectoryImpl.java:analyzeStorage(137)) - The storage directory /home/runner/work/ozone/ozone/hadoop-ozone/integration-test/target/test-dir/MiniOzoneClusterImpl-e8789b07-7928-40b5-ad88-551b1740a89b/datanode-1/data/ratis/4285de77-48eb-4694-a90b-187afb726811 does not exist. Creating ...
2022-12-22 10:14:53,143 [pool-347-thread-1] INFO  storage.RaftStorageDirectory (RaftStorageDirectoryImpl.java:tryLock(231)) - Lock on /home/runner/work/ozone/ozone/hadoop-ozone/integration-test/target/test-dir/MiniOzoneClusterImpl-e8789b07-7928-40b5-ad88-551b1740a89b/datanode-1/data/ratis/4285de77-48eb-4694-a90b-187afb726811/in_use.lock acquired by nodename 33150@fv-az345-686
2022-12-22 10:14:53,144 [pool-347-thread-1] INFO  storage.RaftStorage (RaftStorageImpl.java:format(96)) - Storage directory /home/runner/work/ozone/ozone/hadoop-ozone/integration-test/target/test-dir/MiniOzoneClusterImpl-e8789b07-7928-40b5-ad88-551b1740a89b/datanode-1/data/ratis/4285de77-48eb-4694-a90b-187afb726811 has been successfully formatted.
2022-12-22 10:14:53,146 [EventQueue-CommandQueueReportForCommandQueueReportHandler] WARN  events.EventQueue (EventQueue.java:fireEvent(216)) - No event handler registered for event TypedEvent{payloadType=DatanodeDetails, name='Datanode_Command_Queue_Updated'}
2022-12-22 10:14:53,148 [pool-347-thread-1] INFO  ratis.ContainerStateMachine (ContainerStateMachine.java:loadSnapshot(240)) - group-187AFB726811: The snapshot info is null. Setting the last applied indexto:(t:0, i:~)
2022-12-22 10:14:53,148 [pool-347-thread-1] INFO  server.RaftServerConfigKeys (ConfUtils.java:logGet(46)) - raft.server.log.use.memory = false (default)
2022-12-22 10:14:53,148 [pool-347-thread-1] INFO  server.RaftServerConfigKeys (ConfUtils.java:logGet(46)) - raft.server.log.purge.gap = 1000000 (custom)
2022-12-22 10:14:53,148 [pool-347-thread-1] INFO  server.RaftServerConfigKeys (ConfUtils.java:logGet(46)) - raft.server.log.appender.buffer.byte-limit = 33554432 (custom)
2022-12-22 10:14:53,148 [pool-347-thread-1] INFO  server.RaftServerConfigKeys (ConfUtils.java:logGet(46)) - raft.server.log.statemachine.data.read.timeout = 1000ms (default)
2022-12-22 10:14:53,148 [pool-347-thread-1] INFO  server.RaftServerConfigKeys (ConfUtils.java:logGet(46)) - raft.server.log.purge.preservation.log.num = 0 (default)
2022-12-22 10:14:53,149 [pool-347-thread-1] INFO  server.RaftServerConfigKeys (ConfUtils.java:logGet(46)) - raft.server.log.segment.size.max = 1048576 (custom)
2022-12-22 10:14:53,149 [pool-347-thread-1] INFO  server.RaftServerConfigKeys (ConfUtils.java:logGet(46)) - raft.server.log.segment.cache.num.max = 2 (custom)
2022-12-22 10:14:53,149 [pool-347-thread-1] INFO  server.RaftServerConfigKeys (ConfUtils.java:logGet(46)) - raft.server.log.segment.cache.size.max = 200MB (=209715200) (default)
2022-12-22 10:14:53,149 [pool-347-thread-1] INFO  segmented.SegmentedRaftLogWorker (SegmentedRaftLogWorker.java:<init>(189)) - new 4f5ae387-cd9a-40e6-b48a-d20f36d7a4c1@group-187AFB726811-SegmentedRaftLogWorker for RaftStorageImpl:Storage Directory /home/runner/work/ozone/ozone/hadoop-ozone/integration-test/target/test-dir/MiniOzoneClusterImpl-e8789b07-7928-40b5-ad88-551b1740a89b/datanode-1/data/ratis/4285de77-48eb-4694-a90b-187afb726811
2022-12-22 10:14:53,149 [pool-347-thread-1] INFO  server.RaftServerConfigKeys (ConfUtils.java:logGet(46)) - raft.server.log.queue.byte-limit = 4294967296 (custom)
2022-12-22 10:14:53,149 [pool-347-thread-1] INFO  server.RaftServerConfigKeys (ConfUtils.java:logGet(46)) - raft.server.log.queue.element-limit = 1024 (custom)
2022-12-22 10:14:53,149 [pool-347-thread-1] INFO  server.RaftServerConfigKeys (ConfUtils.java:logGet(46)) - raft.server.log.segment.size.max = 1048576 (custom)
2022-12-22 10:14:53,149 [pool-347-thread-1] INFO  server.RaftServerConfigKeys (ConfUtils.java:logGet(46)) - raft.server.log.preallocated.size = 16384 (custom)
2022-12-22 10:14:53,149 [pool-347-thread-1] INFO  server.RaftServerConfigKeys (ConfUtils.java:logGet(46)) - raft.server.log.force.sync.num = 128 (default)
2022-12-22 10:14:53,149 [pool-347-thread-1] INFO  server.RaftServerConfigKeys (ConfUtils.java:logGet(46)) - raft.server.log.statemachine.data.sync = true (default)
2022-12-22 10:14:53,149 [pool-347-thread-1] INFO  server.RaftServerConfigKeys (ConfUtils.java:logGet(46)) - raft.server.log.statemachine.data.sync.timeout = 10s (default)
2022-12-22 10:14:53,149 [pool-347-thread-1] INFO  server.RaftServerConfigKeys (ConfUtils.java:logGet(46)) - raft.server.log.statemachine.data.sync.timeout.retry = -1 (default)
2022-12-22 10:14:53,150 [pool-347-thread-1] INFO  server.RaftServerConfigKeys (ConfUtils.java:logGet(46)) - raft.server.log.write.buffer.size = 1048576 (custom)
2022-12-22 10:14:53,150 [pool-347-thread-1] INFO  server.RaftServerConfigKeys (ConfUtils.java:logGet(46)) - raft.server.log.appender.buffer.byte-limit = 33554432 (custom)
2022-12-22 10:14:53,207 [pool-347-thread-1] INFO  server.RaftServerConfigKeys (ConfUtils.java:logGet(46)) - raft.server.log.unsafe-flush.enabled = false (default)
2022-12-22 10:14:53,207 [pool-347-thread-1] INFO  server.RaftServerConfigKeys (ConfUtils.java:logGet(46)) - raft.server.log.async-flush.enabled = false (default)
2022-12-22 10:14:53,207 [pool-347-thread-1] INFO  server.RaftServerConfigKeys (ConfUtils.java:logGet(46)) - raft.server.log.statemachine.data.caching.enabled = true (custom)
2022-12-22 10:14:53,207 [pool-347-thread-1] INFO  segmented.SegmentedRaftLogWorker (SegmentedRaftLogWorker.java:lambda$new$0(135)) - 4f5ae387-cd9a-40e6-b48a-d20f36d7a4c1@group-187AFB726811-SegmentedRaftLogWorker: flushIndex: setUnconditionally 0 -> -1
2022-12-22 10:14:53,207 [pool-347-thread-1] INFO  segmented.SegmentedRaftLogWorker (SegmentedRaftLogWorker.java:lambda$new$0(135)) - 4f5ae387-cd9a-40e6-b48a-d20f36d7a4c1@group-187AFB726811-SegmentedRaftLogWorker: safeCacheEvictIndex: setUnconditionally 0 -> -1
2022-12-22 10:14:53,208 [pool-347-thread-1] INFO  server.RaftServer$Division (RaftServerImpl.java:start(334)) - 4f5ae387-cd9a-40e6-b48a-d20f36d7a4c1@group-187AFB726811: start as a follower, conf=-1: peers:[4f5ae387-cd9a-40e6-b48a-d20f36d7a4c1|rpc:127.0.0.1:43977|dataStream:127.0.0.1:40347|priority:0|startupRole:FOLLOWER, 5eea0695-258d-4fe7-9f47-897f5bd73bdb|rpc:127.0.0.1:36371|dataStream:127.0.0.1:38343|priority:1|startupRole:FOLLOWER, 1a836199-4b37-4331-b3d7-01d1c65ae166|rpc:127.0.0.1:35593|dataStream:127.0.0.1:44975|priority:0|startupRole:FOLLOWER]|listeners:[], old=null
2022-12-22 10:14:53,208 [pool-347-thread-1] INFO  server.RaftServer$Division (RaftServerImpl.java:setRole(321)) - 4f5ae387-cd9a-40e6-b48a-d20f36d7a4c1@group-187AFB726811: changes role from      null to FOLLOWER at term 0 for startAsFollower
2022-12-22 10:14:53,208 [pool-347-thread-1] INFO  impl.RoleInfo (RoleInfo.java:updateAndGet(139)) - 4f5ae387-cd9a-40e6-b48a-d20f36d7a4c1: start 4f5ae387-cd9a-40e6-b48a-d20f36d7a4c1@group-187AFB726811-FollowerState
2022-12-22 10:14:53,208 [pool-347-thread-1] INFO  util.JmxRegister (JmxRegister.java:tryRegister(44)) - Successfully registered JMX Bean with object name Ratis:service=RaftServer,group=group-187AFB726811,id=4f5ae387-cd9a-40e6-b48a-d20f36d7a4c1
2022-12-22 10:14:53,208 [pool-347-thread-1] INFO  server.RaftServerConfigKeys (ConfUtils.java:logGet(46)) - raft.server.snapshot.auto.trigger.enabled = true (custom)
2022-12-22 10:14:53,208 [pool-347-thread-1] INFO  server.RaftServerConfigKeys (ConfUtils.java:logGet(46)) - raft.server.snapshot.auto.trigger.threshold = 10000 (custom)
2022-12-22 10:14:53,208 [pool-347-thread-1] INFO  server.RaftServerConfigKeys (ConfUtils.java:logGet(46)) - raft.server.snapshot.retention.file.num = 5 (custom)
2022-12-22 10:14:53,208 [pool-347-thread-1] INFO  server.RaftServerConfigKeys (ConfUtils.java:logGet(46)) - raft.server.log.purge.upto.snapshot.index = false (default)
2022-12-22 10:14:53,209 [4f5ae387-cd9a-40e6-b48a-d20f36d7a4c1@group-187AFB726811-FollowerState] INFO  server.RaftServerConfigKeys (ConfUtils.java:logFallback(53)) - raft.server.rpc.first-election.timeout.min = 5s (fallback to raft.server.rpc.timeout.min)
2022-12-22 10:14:53,209 [4f5ae387-cd9a-40e6-b48a-d20f36d7a4c1@group-187AFB726811-FollowerState] INFO  server.RaftServerConfigKeys (ConfUtils.java:logFallback(53)) - raft.server.rpc.first-election.timeout.max = 5200ms (fallback to raft.server.rpc.timeout.max)
2022-12-22 10:14:53,217 [Command processor thread] INFO  commandhandler.CreatePipelineCommandHandler (CreatePipelineCommandHandler.java:handle(113)) - Created Pipeline RATIS THREE PipelineID=4285de77-48eb-4694-a90b-187afb726811.
2022-12-22 10:14:53,217 [Command processor thread] INFO  server.RaftServer (RaftServerProxy.java:addNew(96)) - 1a836199-4b37-4331-b3d7-01d1c65ae166: addNew group-383C0469F232:[4f5ae387-cd9a-40e6-b48a-d20f36d7a4c1|rpc:127.0.0.1:43977|dataStream:127.0.0.1:40347|priority:1|startupRole:FOLLOWER, 5eea0695-258d-4fe7-9f47-897f5bd73bdb|rpc:127.0.0.1:36371|dataStream:127.0.0.1:38343|priority:0|startupRole:FOLLOWER, 1a836199-4b37-4331-b3d7-01d1c65ae166|rpc:127.0.0.1:35593|dataStream:127.0.0.1:44975|priority:0|startupRole:FOLLOWER] returns group-383C0469F232:java.util.concurrent.CompletableFuture@76f368bb[Not completed]
2022-12-22 10:14:53,218 [pool-324-thread-1] INFO  server.RaftServer$Division (RaftServerImpl.java:<init>(195)) - 1a836199-4b37-4331-b3d7-01d1c65ae166: new RaftServerImpl for group-383C0469F232:[4f5ae387-cd9a-40e6-b48a-d20f36d7a4c1|rpc:127.0.0.1:43977|dataStream:127.0.0.1:40347|priority:1|startupRole:FOLLOWER, 5eea0695-258d-4fe7-9f47-897f5bd73bdb|rpc:127.0.0.1:36371|dataStream:127.0.0.1:38343|priority:0|startupRole:FOLLOWER, 1a836199-4b37-4331-b3d7-01d1c65ae166|rpc:127.0.0.1:35593|dataStream:127.0.0.1:44975|priority:0|startupRole:FOLLOWER] with ContainerStateMachine:uninitialized
2022-12-22 10:14:53,218 [pool-324-thread-1] INFO  server.RaftServerConfigKeys (ConfUtils.java:logGet(46)) - raft.server.rpc.timeout.min = 5s (custom)
2022-12-22 10:14:53,218 [pool-324-thread-1] INFO  server.RaftServerConfigKeys (ConfUtils.java:logGet(46)) - raft.server.rpc.timeout.max = 5200ms (custom)
2022-12-22 10:14:53,218 [pool-324-thread-1] INFO  server.RaftServerConfigKeys (ConfUtils.java:logGet(46)) - raft.server.rpc.sleep.time = 25ms (default)
2022-12-22 10:14:53,218 [pool-324-thread-1] INFO  server.RaftServerConfigKeys (ConfUtils.java:logGet(46)) - raft.server.rpc.slowness.timeout = 300s (custom)
2022-12-22 10:14:53,218 [pool-324-thread-1] INFO  server.RaftServerConfigKeys (ConfUtils.java:logGet(46)) - raft.server.leaderelection.leader.step-down.wait-time = 10s (default)
2022-12-22 10:14:53,218 [pool-324-thread-1] INFO  server.RaftServerConfigKeys (ConfUtils.java:logGet(46)) - raft.server.sleep.deviation.threshold = 300ms (default)
2022-12-22 10:14:53,220 [pool-324-thread-1] INFO  server.RaftServer$Division (ServerState.java:<init>(118)) - 1a836199-4b37-4331-b3d7-01d1c65ae166@group-383C0469F232: ConfigurationManager, init=-1: peers:[4f5ae387-cd9a-40e6-b48a-d20f36d7a4c1|rpc:127.0.0.1:43977|dataStream:127.0.0.1:40347|priority:1|startupRole:FOLLOWER, 5eea0695-258d-4fe7-9f47-897f5bd73bdb|rpc:127.0.0.1:36371|dataStream:127.0.0.1:38343|priority:0|startupRole:FOLLOWER, 1a836199-4b37-4331-b3d7-01d1c65ae166|rpc:127.0.0.1:35593|dataStream:127.0.0.1:44975|priority:0|startupRole:FOLLOWER]|listeners:[], old=null, confs=<EMPTY_MAP>
2022-12-22 10:14:53,220 [pool-324-thread-1] INFO  server.RaftServerConfigKeys (ConfUtils.java:logGet(46)) - raft.server.storage.dir = [/home/runner/work/ozone/ozone/hadoop-ozone/integration-test/target/test-dir/MiniOzoneClusterImpl-e8789b07-7928-40b5-ad88-551b1740a89b/datanode-0/data/ratis] (custom)
2022-12-22 10:14:53,221 [pool-324-thread-1] INFO  server.RaftServerConfigKeys (ConfUtils.java:logGet(46)) - raft.server.log.corruption.policy = EXCEPTION (default)
2022-12-22 10:14:53,221 [pool-324-thread-1] INFO  server.RaftServerConfigKeys (ConfUtils.java:logGet(46)) - raft.server.storage.free-space.min = 0MB (=0) (default)
2022-12-22 10:14:53,221 [pool-324-thread-1] INFO  server.RaftServerConfigKeys (ConfUtils.java:logGet(46)) - raft.server.notification.no-leader.timeout = 300s (custom)
2022-12-22 10:14:53,221 [pool-324-thread-1] INFO  server.RaftServerConfigKeys (ConfUtils.java:logGet(46)) - raft.server.retrycache.expirytime = 600000ms (custom)
2022-12-22 10:14:53,221 [pool-324-thread-1] INFO  server.RaftServerConfigKeys (ConfUtils.java:logGet(46)) - raft.server.retrycache.statistics.expirytime = 100μs (default)
2022-12-22 10:14:53,221 [pool-324-thread-1] INFO  server.RaftServerConfigKeys (ConfUtils.java:logGet(46)) - raft.server.log.appender.install.snapshot.enabled = false (custom)
2022-12-22 10:14:53,221 [pool-324-thread-1] INFO  server.RaftServerConfigKeys (ConfUtils.java:logGet(46)) - raft.server.threadpool.server.cached = true (default)
2022-12-22 10:14:53,221 [pool-324-thread-1] INFO  server.RaftServerConfigKeys (ConfUtils.java:logGet(46)) - raft.server.threadpool.server.size = 0 (default)
2022-12-22 10:14:53,221 [pool-324-thread-1] INFO  server.RaftServerConfigKeys (ConfUtils.java:logGet(46)) - raft.server.threadpool.client.cached = true (default)
2022-12-22 10:14:53,221 [pool-324-thread-1] INFO  server.RaftServerConfigKeys (ConfUtils.java:logGet(46)) - raft.server.threadpool.client.size = 0 (default)
2022-12-22 10:14:53,222 [pool-324-thread-1] INFO  storage.RaftStorageDirectory (RaftStorageDirectoryImpl.java:analyzeStorage(137)) - The storage directory /home/runner/work/ozone/ozone/hadoop-ozone/integration-test/target/test-dir/MiniOzoneClusterImpl-e8789b07-7928-40b5-ad88-551b1740a89b/datanode-0/data/ratis/0266e62d-c65e-4d02-9c54-383c0469f232 does not exist. Creating ...
2022-12-22 10:14:53,223 [pool-324-thread-1] INFO  storage.RaftStorageDirectory (RaftStorageDirectoryImpl.java:tryLock(231)) - Lock on /home/runner/work/ozone/ozone/hadoop-ozone/integration-test/target/test-dir/MiniOzoneClusterImpl-e8789b07-7928-40b5-ad88-551b1740a89b/datanode-0/data/ratis/0266e62d-c65e-4d02-9c54-383c0469f232/in_use.lock acquired by nodename 33150@fv-az345-686
2022-12-22 10:14:53,225 [pool-324-thread-1] INFO  storage.RaftStorage (RaftStorageImpl.java:format(96)) - Storage directory /home/runner/work/ozone/ozone/hadoop-ozone/integration-test/target/test-dir/MiniOzoneClusterImpl-e8789b07-7928-40b5-ad88-551b1740a89b/datanode-0/data/ratis/0266e62d-c65e-4d02-9c54-383c0469f232 has been successfully formatted.
2022-12-22 10:14:53,225 [pool-324-thread-1] INFO  ratis.ContainerStateMachine (ContainerStateMachine.java:loadSnapshot(240)) - group-383C0469F232: The snapshot info is null. Setting the last applied indexto:(t:0, i:~)
2022-12-22 10:14:53,225 [pool-324-thread-1] INFO  server.RaftServerConfigKeys (ConfUtils.java:logGet(46)) - raft.server.log.use.memory = false (default)
2022-12-22 10:14:53,226 [pool-324-thread-1] INFO  server.RaftServerConfigKeys (ConfUtils.java:logGet(46)) - raft.server.log.purge.gap = 1000000 (custom)
2022-12-22 10:14:53,226 [pool-324-thread-1] INFO  server.RaftServerConfigKeys (ConfUtils.java:logGet(46)) - raft.server.log.appender.buffer.byte-limit = 33554432 (custom)
2022-12-22 10:14:53,226 [pool-324-thread-1] INFO  server.RaftServerConfigKeys (ConfUtils.java:logGet(46)) - raft.server.log.statemachine.data.read.timeout = 1000ms (default)
2022-12-22 10:14:53,226 [pool-324-thread-1] INFO  server.RaftServerConfigKeys (ConfUtils.java:logGet(46)) - raft.server.log.purge.preservation.log.num = 0 (default)
2022-12-22 10:14:53,226 [pool-324-thread-1] INFO  server.RaftServerConfigKeys (ConfUtils.java:logGet(46)) - raft.server.log.segment.size.max = 1048576 (custom)
2022-12-22 10:14:53,226 [pool-324-thread-1] INFO  server.RaftServerConfigKeys (ConfUtils.java:logGet(46)) - raft.server.log.segment.cache.num.max = 2 (custom)
2022-12-22 10:14:53,226 [pool-324-thread-1] INFO  server.RaftServerConfigKeys (ConfUtils.java:logGet(46)) - raft.server.log.segment.cache.size.max = 200MB (=209715200) (default)
2022-12-22 10:14:53,227 [EventQueue-CommandQueueReportForCommandQueueReportHandler] WARN  events.EventQueue (EventQueue.java:fireEvent(216)) - No event handler registered for event TypedEvent{payloadType=DatanodeDetails, name='Datanode_Command_Queue_Updated'}
2022-12-22 10:14:53,227 [EventQueue-OpenPipelineForHealthyPipelineSafeModeRule] INFO  safemode.SCMSafeModeManager (HealthyPipelineSafeModeRule.java:process(137)) - SCM in safe mode. Healthy pipelines reported count is 0, required healthy pipeline reported count is 1
2022-12-22 10:14:53,231 [pool-324-thread-1] INFO  segmented.SegmentedRaftLogWorker (SegmentedRaftLogWorker.java:<init>(189)) - new 1a836199-4b37-4331-b3d7-01d1c65ae166@group-383C0469F232-SegmentedRaftLogWorker for RaftStorageImpl:Storage Directory /home/runner/work/ozone/ozone/hadoop-ozone/integration-test/target/test-dir/MiniOzoneClusterImpl-e8789b07-7928-40b5-ad88-551b1740a89b/datanode-0/data/ratis/0266e62d-c65e-4d02-9c54-383c0469f232
2022-12-22 10:14:53,231 [pool-324-thread-1] INFO  server.RaftServerConfigKeys (ConfUtils.java:logGet(46)) - raft.server.log.queue.byte-limit = 4294967296 (custom)
2022-12-22 10:14:53,231 [pool-324-thread-1] INFO  server.RaftServerConfigKeys (ConfUtils.java:logGet(46)) - raft.server.log.queue.element-limit = 1024 (custom)
2022-12-22 10:14:53,231 [pool-324-thread-1] INFO  server.RaftServerConfigKeys (ConfUtils.java:logGet(46)) - raft.server.log.segment.size.max = 1048576 (custom)
2022-12-22 10:14:53,231 [pool-324-thread-1] INFO  server.RaftServerConfigKeys (ConfUtils.java:logGet(46)) - raft.server.log.preallocated.size = 16384 (custom)
2022-12-22 10:14:53,231 [pool-324-thread-1] INFO  server.RaftServerConfigKeys (ConfUtils.java:logGet(46)) - raft.server.log.force.sync.num = 128 (default)
2022-12-22 10:14:53,231 [pool-324-thread-1] INFO  server.RaftServerConfigKeys (ConfUtils.java:logGet(46)) - raft.server.log.statemachine.data.sync = true (default)
2022-12-22 10:14:53,233 [pool-324-thread-1] INFO  server.RaftServerConfigKeys (ConfUtils.java:logGet(46)) - raft.server.log.statemachine.data.sync.timeout = 10s (default)
2022-12-22 10:14:53,233 [pool-324-thread-1] INFO  server.RaftServerConfigKeys (ConfUtils.java:logGet(46)) - raft.server.log.statemachine.data.sync.timeout.retry = -1 (default)
2022-12-22 10:14:53,233 [pool-324-thread-1] INFO  server.RaftServerConfigKeys (ConfUtils.java:logGet(46)) - raft.server.log.write.buffer.size = 1048576 (custom)
2022-12-22 10:14:53,233 [pool-324-thread-1] INFO  server.RaftServerConfigKeys (ConfUtils.java:logGet(46)) - raft.server.log.appender.buffer.byte-limit = 33554432 (custom)
2022-12-22 10:14:53,236 [pool-324-thread-1] INFO  server.RaftServerConfigKeys (ConfUtils.java:logGet(46)) - raft.server.log.unsafe-flush.enabled = false (default)
2022-12-22 10:14:53,236 [pool-324-thread-1] INFO  server.RaftServerConfigKeys (ConfUtils.java:logGet(46)) - raft.server.log.async-flush.enabled = false (default)
2022-12-22 10:14:53,236 [pool-324-thread-1] INFO  server.RaftServerConfigKeys (ConfUtils.java:logGet(46)) - raft.server.log.statemachine.data.caching.enabled = true (custom)
2022-12-22 10:14:53,239 [pool-324-thread-1] INFO  segmented.SegmentedRaftLogWorker (SegmentedRaftLogWorker.java:lambda$new$0(135)) - 1a836199-4b37-4331-b3d7-01d1c65ae166@group-383C0469F232-SegmentedRaftLogWorker: flushIndex: setUnconditionally 0 -> -1
2022-12-22 10:14:53,239 [pool-324-thread-1] INFO  segmented.SegmentedRaftLogWorker (SegmentedRaftLogWorker.java:lambda$new$0(135)) - 1a836199-4b37-4331-b3d7-01d1c65ae166@group-383C0469F232-SegmentedRaftLogWorker: safeCacheEvictIndex: setUnconditionally 0 -> -1
2022-12-22 10:14:53,241 [pool-324-thread-1] INFO  server.RaftServer$Division (RaftServerImpl.java:start(334)) - 1a836199-4b37-4331-b3d7-01d1c65ae166@group-383C0469F232: start as a follower, conf=-1: peers:[4f5ae387-cd9a-40e6-b48a-d20f36d7a4c1|rpc:127.0.0.1:43977|dataStream:127.0.0.1:40347|priority:1|startupRole:FOLLOWER, 5eea0695-258d-4fe7-9f47-897f5bd73bdb|rpc:127.0.0.1:36371|dataStream:127.0.0.1:38343|priority:0|startupRole:FOLLOWER, 1a836199-4b37-4331-b3d7-01d1c65ae166|rpc:127.0.0.1:35593|dataStream:127.0.0.1:44975|priority:0|startupRole:FOLLOWER]|listeners:[], old=null
2022-12-22 10:14:53,241 [pool-324-thread-1] INFO  server.RaftServer$Division (RaftServerImpl.java:setRole(321)) - 1a836199-4b37-4331-b3d7-01d1c65ae166@group-383C0469F232: changes role from      null to FOLLOWER at term 0 for startAsFollower
2022-12-22 10:14:53,241 [pool-324-thread-1] INFO  impl.RoleInfo (RoleInfo.java:updateAndGet(139)) - 1a836199-4b37-4331-b3d7-01d1c65ae166: start 1a836199-4b37-4331-b3d7-01d1c65ae166@group-383C0469F232-FollowerState
2022-12-22 10:14:53,245 [pool-324-thread-1] INFO  util.JmxRegister (JmxRegister.java:tryRegister(44)) - Successfully registered JMX Bean with object name Ratis:service=RaftServer,group=group-383C0469F232,id=1a836199-4b37-4331-b3d7-01d1c65ae166
2022-12-22 10:14:53,245 [pool-324-thread-1] INFO  server.RaftServerConfigKeys (ConfUtils.java:logGet(46)) - raft.server.snapshot.auto.trigger.enabled = true (custom)
2022-12-22 10:14:53,245 [pool-324-thread-1] INFO  server.RaftServerConfigKeys (ConfUtils.java:logGet(46)) - raft.server.snapshot.auto.trigger.threshold = 10000 (custom)
2022-12-22 10:14:53,245 [pool-324-thread-1] INFO  server.RaftServerConfigKeys (ConfUtils.java:logGet(46)) - raft.server.snapshot.retention.file.num = 5 (custom)
2022-12-22 10:14:53,245 [pool-324-thread-1] INFO  server.RaftServerConfigKeys (ConfUtils.java:logGet(46)) - raft.server.log.purge.upto.snapshot.index = false (default)
2022-12-22 10:14:53,245 [1a836199-4b37-4331-b3d7-01d1c65ae166@group-383C0469F232-FollowerState] INFO  server.RaftServerConfigKeys (ConfUtils.java:logFallback(53)) - raft.server.rpc.first-election.timeout.min = 5s (fallback to raft.server.rpc.timeout.min)
2022-12-22 10:14:53,245 [1a836199-4b37-4331-b3d7-01d1c65ae166@group-383C0469F232-FollowerState] INFO  server.RaftServerConfigKeys (ConfUtils.java:logFallback(53)) - raft.server.rpc.first-election.timeout.max = 5200ms (fallback to raft.server.rpc.timeout.max)
2022-12-22 10:14:53,246 [Command processor thread] INFO  ratis.XceiverServerRatis (XceiverServerRatis.java:addGroup(806)) - Created group PipelineID=0266e62d-c65e-4d02-9c54-383c0469f232
2022-12-22 10:14:53,254 [grpc-default-executor-1] INFO  server.RaftServer (RaftServerProxy.java:addNew(96)) - 4f5ae387-cd9a-40e6-b48a-d20f36d7a4c1: addNew group-383C0469F232:[4f5ae387-cd9a-40e6-b48a-d20f36d7a4c1|rpc:127.0.0.1:43977|dataStream:127.0.0.1:40347|priority:1|startupRole:FOLLOWER, 5eea0695-258d-4fe7-9f47-897f5bd73bdb|rpc:127.0.0.1:36371|dataStream:127.0.0.1:38343|priority:0|startupRole:FOLLOWER, 1a836199-4b37-4331-b3d7-01d1c65ae166|rpc:127.0.0.1:35593|dataStream:127.0.0.1:44975|priority:0|startupRole:FOLLOWER] returns group-383C0469F232:java.util.concurrent.CompletableFuture@65c4ad44[Not completed]
2022-12-22 10:14:53,255 [pool-347-thread-1] INFO  server.RaftServer$Division (RaftServerImpl.java:<init>(195)) - 4f5ae387-cd9a-40e6-b48a-d20f36d7a4c1: new RaftServerImpl for group-383C0469F232:[4f5ae387-cd9a-40e6-b48a-d20f36d7a4c1|rpc:127.0.0.1:43977|dataStream:127.0.0.1:40347|priority:1|startupRole:FOLLOWER, 5eea0695-258d-4fe7-9f47-897f5bd73bdb|rpc:127.0.0.1:36371|dataStream:127.0.0.1:38343|priority:0|startupRole:FOLLOWER, 1a836199-4b37-4331-b3d7-01d1c65ae166|rpc:127.0.0.1:35593|dataStream:127.0.0.1:44975|priority:0|startupRole:FOLLOWER] with ContainerStateMachine:uninitialized
2022-12-22 10:14:53,255 [pool-347-thread-1] INFO  server.RaftServerConfigKeys (ConfUtils.java:logGet(46)) - raft.server.rpc.timeout.min = 5s (custom)
2022-12-22 10:14:53,255 [pool-347-thread-1] INFO  server.RaftServerConfigKeys (ConfUtils.java:logGet(46)) - raft.server.rpc.timeout.max = 5200ms (custom)
2022-12-22 10:14:53,255 [pool-347-thread-1] INFO  server.RaftServerConfigKeys (ConfUtils.java:logGet(46)) - raft.server.rpc.sleep.time = 25ms (default)
2022-12-22 10:14:53,255 [pool-347-thread-1] INFO  server.RaftServerConfigKeys (ConfUtils.java:logGet(46)) - raft.server.rpc.slowness.timeout = 300s (custom)
2022-12-22 10:14:53,255 [pool-347-thread-1] INFO  server.RaftServerConfigKeys (ConfUtils.java:logGet(46)) - raft.server.leaderelection.leader.step-down.wait-time = 10s (default)
2022-12-22 10:14:53,255 [pool-347-thread-1] INFO  server.RaftServerConfigKeys (ConfUtils.java:logGet(46)) - raft.server.sleep.deviation.threshold = 300ms (default)
2022-12-22 10:14:53,255 [pool-347-thread-1] INFO  server.RaftServer$Division (ServerState.java:<init>(118)) - 4f5ae387-cd9a-40e6-b48a-d20f36d7a4c1@group-383C0469F232: ConfigurationManager, init=-1: peers:[4f5ae387-cd9a-40e6-b48a-d20f36d7a4c1|rpc:127.0.0.1:43977|dataStream:127.0.0.1:40347|priority:1|startupRole:FOLLOWER, 5eea0695-258d-4fe7-9f47-897f5bd73bdb|rpc:127.0.0.1:36371|dataStream:127.0.0.1:38343|priority:0|startupRole:FOLLOWER, 1a836199-4b37-4331-b3d7-01d1c65ae166|rpc:127.0.0.1:35593|dataStream:127.0.0.1:44975|priority:0|startupRole:FOLLOWER]|listeners:[], old=null, confs=<EMPTY_MAP>
2022-12-22 10:14:53,256 [pool-347-thread-1] INFO  server.RaftServerConfigKeys (ConfUtils.java:logGet(46)) - raft.server.storage.dir = [/home/runner/work/ozone/ozone/hadoop-ozone/integration-test/target/test-dir/MiniOzoneClusterImpl-e8789b07-7928-40b5-ad88-551b1740a89b/datanode-1/data/ratis] (custom)
2022-12-22 10:14:53,256 [pool-347-thread-1] INFO  server.RaftServerConfigKeys (ConfUtils.java:logGet(46)) - raft.server.log.corruption.policy = EXCEPTION (default)
2022-12-22 10:14:53,256 [pool-347-thread-1] INFO  server.RaftServerConfigKeys (ConfUtils.java:logGet(46)) - raft.server.storage.free-space.min = 0MB (=0) (default)
2022-12-22 10:14:53,256 [pool-347-thread-1] INFO  server.RaftServerConfigKeys (ConfUtils.java:logGet(46)) - raft.server.notification.no-leader.timeout = 300s (custom)
2022-12-22 10:14:53,256 [pool-347-thread-1] INFO  server.RaftServerConfigKeys (ConfUtils.java:logGet(46)) - raft.server.retrycache.expirytime = 600000ms (custom)
2022-12-22 10:14:53,256 [pool-347-thread-1] INFO  server.RaftServerConfigKeys (ConfUtils.java:logGet(46)) - raft.server.retrycache.statistics.expirytime = 100μs (default)
2022-12-22 10:14:53,256 [pool-347-thread-1] INFO  server.RaftServerConfigKeys (ConfUtils.java:logGet(46)) - raft.server.log.appender.install.snapshot.enabled = false (custom)
2022-12-22 10:14:53,256 [pool-347-thread-1] INFO  server.RaftServerConfigKeys (ConfUtils.java:logGet(46)) - raft.server.threadpool.server.cached = true (default)
2022-12-22 10:14:53,256 [pool-347-thread-1] INFO  server.RaftServerConfigKeys (ConfUtils.java:logGet(46)) - raft.server.threadpool.server.size = 0 (default)
2022-12-22 10:14:53,256 [pool-347-thread-1] INFO  server.RaftServerConfigKeys (ConfUtils.java:logGet(46)) - raft.server.threadpool.client.cached = true (default)
2022-12-22 10:14:53,257 [pool-347-thread-1] INFO  server.RaftServerConfigKeys (ConfUtils.java:logGet(46)) - raft.server.threadpool.client.size = 0 (default)
2022-12-22 10:14:53,257 [pool-347-thread-1] INFO  storage.RaftStorageDirectory (RaftStorageDirectoryImpl.java:analyzeStorage(137)) - The storage directory /home/runner/work/ozone/ozone/hadoop-ozone/integration-test/target/test-dir/MiniOzoneClusterImpl-e8789b07-7928-40b5-ad88-551b1740a89b/datanode-1/data/ratis/0266e62d-c65e-4d02-9c54-383c0469f232 does not exist. Creating ...
2022-12-22 10:14:53,257 [pool-347-thread-1] INFO  storage.RaftStorageDirectory (RaftStorageDirectoryImpl.java:tryLock(231)) - Lock on /home/runner/work/ozone/ozone/hadoop-ozone/integration-test/target/test-dir/MiniOzoneClusterImpl-e8789b07-7928-40b5-ad88-551b1740a89b/datanode-1/data/ratis/0266e62d-c65e-4d02-9c54-383c0469f232/in_use.lock acquired by nodename 33150@fv-az345-686
2022-12-22 10:14:53,258 [pool-347-thread-1] INFO  storage.RaftStorage (RaftStorageImpl.java:format(96)) - Storage directory /home/runner/work/ozone/ozone/hadoop-ozone/integration-test/target/test-dir/MiniOzoneClusterImpl-e8789b07-7928-40b5-ad88-551b1740a89b/datanode-1/data/ratis/0266e62d-c65e-4d02-9c54-383c0469f232 has been successfully formatted.
2022-12-22 10:14:53,258 [pool-347-thread-1] INFO  ratis.ContainerStateMachine (ContainerStateMachine.java:loadSnapshot(240)) - group-383C0469F232: The snapshot info is null. Setting the last applied indexto:(t:0, i:~)
2022-12-22 10:14:53,258 [pool-347-thread-1] INFO  server.RaftServerConfigKeys (ConfUtils.java:logGet(46)) - raft.server.log.use.memory = false (default)
2022-12-22 10:14:53,259 [pool-347-thread-1] INFO  server.RaftServerConfigKeys (ConfUtils.java:logGet(46)) - raft.server.log.purge.gap = 1000000 (custom)
2022-12-22 10:14:53,259 [pool-347-thread-1] INFO  server.RaftServerConfigKeys (ConfUtils.java:logGet(46)) - raft.server.log.appender.buffer.byte-limit = 33554432 (custom)
2022-12-22 10:14:53,259 [pool-347-thread-1] INFO  server.RaftServerConfigKeys (ConfUtils.java:logGet(46)) - raft.server.log.statemachine.data.read.timeout = 1000ms (default)
2022-12-22 10:14:53,259 [pool-347-thread-1] INFO  server.RaftServerConfigKeys (ConfUtils.java:logGet(46)) - raft.server.log.purge.preservation.log.num = 0 (default)
2022-12-22 10:14:53,259 [pool-347-thread-1] INFO  server.RaftServerConfigKeys (ConfUtils.java:logGet(46)) - raft.server.log.segment.size.max = 1048576 (custom)
2022-12-22 10:14:53,259 [pool-347-thread-1] INFO  server.RaftServerConfigKeys (ConfUtils.java:logGet(46)) - raft.server.log.segment.cache.num.max = 2 (custom)
2022-12-22 10:14:53,259 [pool-347-thread-1] INFO  server.RaftServerConfigKeys (ConfUtils.java:logGet(46)) - raft.server.log.segment.cache.size.max = 200MB (=209715200) (default)
2022-12-22 10:14:53,259 [pool-347-thread-1] INFO  segmented.SegmentedRaftLogWorker (SegmentedRaftLogWorker.java:<init>(189)) - new 4f5ae387-cd9a-40e6-b48a-d20f36d7a4c1@group-383C0469F232-SegmentedRaftLogWorker for RaftStorageImpl:Storage Directory /home/runner/work/ozone/ozone/hadoop-ozone/integration-test/target/test-dir/MiniOzoneClusterImpl-e8789b07-7928-40b5-ad88-551b1740a89b/datanode-1/data/ratis/0266e62d-c65e-4d02-9c54-383c0469f232
2022-12-22 10:14:53,259 [pool-347-thread-1] INFO  server.RaftServerConfigKeys (ConfUtils.java:logGet(46)) - raft.server.log.queue.byte-limit = 4294967296 (custom)
2022-12-22 10:14:53,259 [pool-347-thread-1] INFO  server.RaftServerConfigKeys (ConfUtils.java:logGet(46)) - raft.server.log.queue.element-limit = 1024 (custom)
2022-12-22 10:14:53,259 [pool-347-thread-1] INFO  server.RaftServerConfigKeys (ConfUtils.java:logGet(46)) - raft.server.log.segment.size.max = 1048576 (custom)
2022-12-22 10:14:53,259 [pool-347-thread-1] INFO  server.RaftServerConfigKeys (ConfUtils.java:logGet(46)) - raft.server.log.preallocated.size = 16384 (custom)
2022-12-22 10:14:53,259 [pool-347-thread-1] INFO  server.RaftServerConfigKeys (ConfUtils.java:logGet(46)) - raft.server.log.force.sync.num = 128 (default)
2022-12-22 10:14:53,259 [pool-347-thread-1] INFO  server.RaftServerConfigKeys (ConfUtils.java:logGet(46)) - raft.server.log.statemachine.data.sync = true (default)
2022-12-22 10:14:53,259 [pool-347-thread-1] INFO  server.RaftServerConfigKeys (ConfUtils.java:logGet(46)) - raft.server.log.statemachine.data.sync.timeout = 10s (default)
2022-12-22 10:14:53,259 [pool-347-thread-1] INFO  server.RaftServerConfigKeys (ConfUtils.java:logGet(46)) - raft.server.log.statemachine.data.sync.timeout.retry = -1 (default)
2022-12-22 10:14:53,260 [EventQueue-CommandQueueReportForCommandQueueReportHandler] WARN  events.EventQueue (EventQueue.java:fireEvent(216)) - No event handler registered for event TypedEvent{payloadType=DatanodeDetails, name='Datanode_Command_Queue_Updated'}
2022-12-22 10:14:53,260 [pool-347-thread-1] INFO  server.RaftServerConfigKeys (ConfUtils.java:logGet(46)) - raft.server.log.write.buffer.size = 1048576 (custom)
2022-12-22 10:14:53,260 [pool-347-thread-1] INFO  server.RaftServerConfigKeys (ConfUtils.java:logGet(46)) - raft.server.log.appender.buffer.byte-limit = 33554432 (custom)
2022-12-22 10:14:53,264 [pool-347-thread-1] INFO  server.RaftServerConfigKeys (ConfUtils.java:logGet(46)) - raft.server.log.unsafe-flush.enabled = false (default)
2022-12-22 10:14:53,264 [pool-347-thread-1] INFO  server.RaftServerConfigKeys (ConfUtils.java:logGet(46)) - raft.server.log.async-flush.enabled = false (default)
2022-12-22 10:14:53,264 [pool-347-thread-1] INFO  server.RaftServerConfigKeys (ConfUtils.java:logGet(46)) - raft.server.log.statemachine.data.caching.enabled = true (custom)
2022-12-22 10:14:53,264 [pool-347-thread-1] INFO  segmented.SegmentedRaftLogWorker (SegmentedRaftLogWorker.java:lambda$new$0(135)) - 4f5ae387-cd9a-40e6-b48a-d20f36d7a4c1@group-383C0469F232-SegmentedRaftLogWorker: flushIndex: setUnconditionally 0 -> -1
2022-12-22 10:14:53,264 [pool-347-thread-1] INFO  segmented.SegmentedRaftLogWorker (SegmentedRaftLogWorker.java:lambda$new$0(135)) - 4f5ae387-cd9a-40e6-b48a-d20f36d7a4c1@group-383C0469F232-SegmentedRaftLogWorker: safeCacheEvictIndex: setUnconditionally 0 -> -1
2022-12-22 10:14:53,265 [pool-347-thread-1] INFO  server.RaftServer$Division (RaftServerImpl.java:start(334)) - 4f5ae387-cd9a-40e6-b48a-d20f36d7a4c1@group-383C0469F232: start as a follower, conf=-1: peers:[4f5ae387-cd9a-40e6-b48a-d20f36d7a4c1|rpc:127.0.0.1:43977|dataStream:127.0.0.1:40347|priority:1|startupRole:FOLLOWER, 5eea0695-258d-4fe7-9f47-897f5bd73bdb|rpc:127.0.0.1:36371|dataStream:127.0.0.1:38343|priority:0|startupRole:FOLLOWER, 1a836199-4b37-4331-b3d7-01d1c65ae166|rpc:127.0.0.1:35593|dataStream:127.0.0.1:44975|priority:0|startupRole:FOLLOWER]|listeners:[], old=null
2022-12-22 10:14:53,265 [pool-347-thread-1] INFO  server.RaftServer$Division (RaftServerImpl.java:setRole(321)) - 4f5ae387-cd9a-40e6-b48a-d20f36d7a4c1@group-383C0469F232: changes role from      null to FOLLOWER at term 0 for startAsFollower
2022-12-22 10:14:53,265 [pool-347-thread-1] INFO  impl.RoleInfo (RoleInfo.java:updateAndGet(139)) - 4f5ae387-cd9a-40e6-b48a-d20f36d7a4c1: start 4f5ae387-cd9a-40e6-b48a-d20f36d7a4c1@group-383C0469F232-FollowerState
2022-12-22 10:14:53,268 [pool-347-thread-1] INFO  util.JmxRegister (JmxRegister.java:tryRegister(44)) - Successfully registered JMX Bean with object name Ratis:service=RaftServer,group=group-383C0469F232,id=4f5ae387-cd9a-40e6-b48a-d20f36d7a4c1
2022-12-22 10:14:53,268 [4f5ae387-cd9a-40e6-b48a-d20f36d7a4c1@group-383C0469F232-FollowerState] INFO  server.RaftServerConfigKeys (ConfUtils.java:logFallback(53)) - raft.server.rpc.first-election.timeout.min = 5s (fallback to raft.server.rpc.timeout.min)
2022-12-22 10:14:53,268 [pool-347-thread-1] INFO  server.RaftServerConfigKeys (ConfUtils.java:logGet(46)) - raft.server.snapshot.auto.trigger.enabled = true (custom)
2022-12-22 10:14:53,268 [4f5ae387-cd9a-40e6-b48a-d20f36d7a4c1@group-383C0469F232-FollowerState] INFO  server.RaftServerConfigKeys (ConfUtils.java:logFallback(53)) - raft.server.rpc.first-election.timeout.max = 5200ms (fallback to raft.server.rpc.timeout.max)
2022-12-22 10:14:53,268 [pool-347-thread-1] INFO  server.RaftServerConfigKeys (ConfUtils.java:logGet(46)) - raft.server.snapshot.auto.trigger.threshold = 10000 (custom)
2022-12-22 10:14:53,268 [pool-347-thread-1] INFO  server.RaftServerConfigKeys (ConfUtils.java:logGet(46)) - raft.server.snapshot.retention.file.num = 5 (custom)
2022-12-22 10:14:53,268 [pool-347-thread-1] INFO  server.RaftServerConfigKeys (ConfUtils.java:logGet(46)) - raft.server.log.purge.upto.snapshot.index = false (default)
2022-12-22 10:14:53,276 [grpc-default-executor-1] INFO  server.RaftServer (RaftServerProxy.java:addNew(96)) - 5eea0695-258d-4fe7-9f47-897f5bd73bdb: addNew group-383C0469F232:[4f5ae387-cd9a-40e6-b48a-d20f36d7a4c1|rpc:127.0.0.1:43977|dataStream:127.0.0.1:40347|priority:1|startupRole:FOLLOWER, 5eea0695-258d-4fe7-9f47-897f5bd73bdb|rpc:127.0.0.1:36371|dataStream:127.0.0.1:38343|priority:0|startupRole:FOLLOWER, 1a836199-4b37-4331-b3d7-01d1c65ae166|rpc:127.0.0.1:35593|dataStream:127.0.0.1:44975|priority:0|startupRole:FOLLOWER] returns group-383C0469F232:java.util.concurrent.CompletableFuture@182c8273[Not completed]
2022-12-22 10:14:53,277 [pool-370-thread-1] INFO  server.RaftServer$Division (RaftServerImpl.java:<init>(195)) - 5eea0695-258d-4fe7-9f47-897f5bd73bdb: new RaftServerImpl for group-383C0469F232:[4f5ae387-cd9a-40e6-b48a-d20f36d7a4c1|rpc:127.0.0.1:43977|dataStream:127.0.0.1:40347|priority:1|startupRole:FOLLOWER, 5eea0695-258d-4fe7-9f47-897f5bd73bdb|rpc:127.0.0.1:36371|dataStream:127.0.0.1:38343|priority:0|startupRole:FOLLOWER, 1a836199-4b37-4331-b3d7-01d1c65ae166|rpc:127.0.0.1:35593|dataStream:127.0.0.1:44975|priority:0|startupRole:FOLLOWER] with ContainerStateMachine:uninitialized
2022-12-22 10:14:53,277 [pool-370-thread-1] INFO  server.RaftServerConfigKeys (ConfUtils.java:logGet(46)) - raft.server.rpc.timeout.min = 5s (custom)
2022-12-22 10:14:53,277 [pool-370-thread-1] INFO  server.RaftServerConfigKeys (ConfUtils.java:logGet(46)) - raft.server.rpc.timeout.max = 5200ms (custom)
2022-12-22 10:14:53,277 [pool-370-thread-1] INFO  server.RaftServerConfigKeys (ConfUtils.java:logGet(46)) - raft.server.rpc.sleep.time = 25ms (default)
2022-12-22 10:14:53,277 [pool-370-thread-1] INFO  server.RaftServerConfigKeys (ConfUtils.java:logGet(46)) - raft.server.rpc.slowness.timeout = 300s (custom)
2022-12-22 10:14:53,277 [pool-370-thread-1] INFO  server.RaftServerConfigKeys (ConfUtils.java:logGet(46)) - raft.server.leaderelection.leader.step-down.wait-time = 10s (default)
2022-12-22 10:14:53,277 [pool-370-thread-1] INFO  server.RaftServerConfigKeys (ConfUtils.java:logGet(46)) - raft.server.sleep.deviation.threshold = 300ms (default)
2022-12-22 10:14:53,278 [pool-370-thread-1] INFO  server.RaftServer$Division (ServerState.java:<init>(118)) - 5eea0695-258d-4fe7-9f47-897f5bd73bdb@group-383C0469F232: ConfigurationManager, init=-1: peers:[4f5ae387-cd9a-40e6-b48a-d20f36d7a4c1|rpc:127.0.0.1:43977|dataStream:127.0.0.1:40347|priority:1|startupRole:FOLLOWER, 5eea0695-258d-4fe7-9f47-897f5bd73bdb|rpc:127.0.0.1:36371|dataStream:127.0.0.1:38343|priority:0|startupRole:FOLLOWER, 1a836199-4b37-4331-b3d7-01d1c65ae166|rpc:127.0.0.1:35593|dataStream:127.0.0.1:44975|priority:0|startupRole:FOLLOWER]|listeners:[], old=null, confs=<EMPTY_MAP>
2022-12-22 10:14:53,278 [pool-370-thread-1] INFO  server.RaftServerConfigKeys (ConfUtils.java:logGet(46)) - raft.server.storage.dir = [/home/runner/work/ozone/ozone/hadoop-ozone/integration-test/target/test-dir/MiniOzoneClusterImpl-e8789b07-7928-40b5-ad88-551b1740a89b/datanode-2/data/ratis] (custom)
2022-12-22 10:14:53,278 [pool-370-thread-1] INFO  server.RaftServerConfigKeys (ConfUtils.java:logGet(46)) - raft.server.log.corruption.policy = EXCEPTION (default)
2022-12-22 10:14:53,278 [pool-370-thread-1] INFO  server.RaftServerConfigKeys (ConfUtils.java:logGet(46)) - raft.server.storage.free-space.min = 0MB (=0) (default)
2022-12-22 10:14:53,278 [pool-370-thread-1] INFO  server.RaftServerConfigKeys (ConfUtils.java:logGet(46)) - raft.server.notification.no-leader.timeout = 300s (custom)
2022-12-22 10:14:53,278 [pool-370-thread-1] INFO  server.RaftServerConfigKeys (ConfUtils.java:logGet(46)) - raft.server.retrycache.expirytime = 600000ms (custom)
2022-12-22 10:14:53,278 [pool-370-thread-1] INFO  server.RaftServerConfigKeys (ConfUtils.java:logGet(46)) - raft.server.retrycache.statistics.expirytime = 100μs (default)
2022-12-22 10:14:53,278 [pool-370-thread-1] INFO  server.RaftServerConfigKeys (ConfUtils.java:logGet(46)) - raft.server.log.appender.install.snapshot.enabled = false (custom)
2022-12-22 10:14:53,278 [pool-370-thread-1] INFO  server.RaftServerConfigKeys (ConfUtils.java:logGet(46)) - raft.server.threadpool.server.cached = true (default)
2022-12-22 10:14:53,278 [pool-370-thread-1] INFO  server.RaftServerConfigKeys (ConfUtils.java:logGet(46)) - raft.server.threadpool.server.size = 0 (default)
2022-12-22 10:14:53,279 [pool-370-thread-1] INFO  server.RaftServerConfigKeys (ConfUtils.java:logGet(46)) - raft.server.threadpool.client.cached = true (default)
2022-12-22 10:14:53,279 [pool-370-thread-1] INFO  server.RaftServerConfigKeys (ConfUtils.java:logGet(46)) - raft.server.threadpool.client.size = 0 (default)
2022-12-22 10:14:53,279 [pool-370-thread-1] INFO  storage.RaftStorageDirectory (RaftStorageDirectoryImpl.java:analyzeStorage(137)) - The storage directory /home/runner/work/ozone/ozone/hadoop-ozone/integration-test/target/test-dir/MiniOzoneClusterImpl-e8789b07-7928-40b5-ad88-551b1740a89b/datanode-2/data/ratis/0266e62d-c65e-4d02-9c54-383c0469f232 does not exist. Creating ...
2022-12-22 10:14:53,279 [pool-370-thread-1] INFO  storage.RaftStorageDirectory (RaftStorageDirectoryImpl.java:tryLock(231)) - Lock on /home/runner/work/ozone/ozone/hadoop-ozone/integration-test/target/test-dir/MiniOzoneClusterImpl-e8789b07-7928-40b5-ad88-551b1740a89b/datanode-2/data/ratis/0266e62d-c65e-4d02-9c54-383c0469f232/in_use.lock acquired by nodename 33150@fv-az345-686
2022-12-22 10:14:53,280 [pool-370-thread-1] INFO  storage.RaftStorage (RaftStorageImpl.java:format(96)) - Storage directory /home/runner/work/ozone/ozone/hadoop-ozone/integration-test/target/test-dir/MiniOzoneClusterImpl-e8789b07-7928-40b5-ad88-551b1740a89b/datanode-2/data/ratis/0266e62d-c65e-4d02-9c54-383c0469f232 has been successfully formatted.
2022-12-22 10:14:53,282 [EventQueue-CommandQueueReportForCommandQueueReportHandler] WARN  events.EventQueue (EventQueue.java:fireEvent(216)) - No event handler registered for event TypedEvent{payloadType=DatanodeDetails, name='Datanode_Command_Queue_Updated'}
2022-12-22 10:14:53,282 [pool-370-thread-1] INFO  ratis.ContainerStateMachine (ContainerStateMachine.java:loadSnapshot(240)) - group-383C0469F232: The snapshot info is null. Setting the last applied indexto:(t:0, i:~)
2022-12-22 10:14:53,282 [pool-370-thread-1] INFO  server.RaftServerConfigKeys (ConfUtils.java:logGet(46)) - raft.server.log.use.memory = false (default)
2022-12-22 10:14:53,282 [pool-370-thread-1] INFO  server.RaftServerConfigKeys (ConfUtils.java:logGet(46)) - raft.server.log.purge.gap = 1000000 (custom)
2022-12-22 10:14:53,282 [pool-370-thread-1] INFO  server.RaftServerConfigKeys (ConfUtils.java:logGet(46)) - raft.server.log.appender.buffer.byte-limit = 33554432 (custom)
2022-12-22 10:14:53,282 [pool-370-thread-1] INFO  server.RaftServerConfigKeys (ConfUtils.java:logGet(46)) - raft.server.log.statemachine.data.read.timeout = 1000ms (default)
2022-12-22 10:14:53,282 [pool-370-thread-1] INFO  server.RaftServerConfigKeys (ConfUtils.java:logGet(46)) - raft.server.log.purge.preservation.log.num = 0 (default)
2022-12-22 10:14:53,282 [pool-370-thread-1] INFO  server.RaftServerConfigKeys (ConfUtils.java:logGet(46)) - raft.server.log.segment.size.max = 1048576 (custom)
2022-12-22 10:14:53,283 [pool-370-thread-1] INFO  server.RaftServerConfigKeys (ConfUtils.java:logGet(46)) - raft.server.log.segment.cache.num.max = 2 (custom)
2022-12-22 10:14:53,283 [pool-370-thread-1] INFO  server.RaftServerConfigKeys (ConfUtils.java:logGet(46)) - raft.server.log.segment.cache.size.max = 200MB (=209715200) (default)
2022-12-22 10:14:53,283 [pool-370-thread-1] INFO  segmented.SegmentedRaftLogWorker (SegmentedRaftLogWorker.java:<init>(189)) - new 5eea0695-258d-4fe7-9f47-897f5bd73bdb@group-383C0469F232-SegmentedRaftLogWorker for RaftStorageImpl:Storage Directory /home/runner/work/ozone/ozone/hadoop-ozone/integration-test/target/test-dir/MiniOzoneClusterImpl-e8789b07-7928-40b5-ad88-551b1740a89b/datanode-2/data/ratis/0266e62d-c65e-4d02-9c54-383c0469f232
2022-12-22 10:14:53,283 [pool-370-thread-1] INFO  server.RaftServerConfigKeys (ConfUtils.java:logGet(46)) - raft.server.log.queue.byte-limit = 4294967296 (custom)
2022-12-22 10:14:53,283 [pool-370-thread-1] INFO  server.RaftServerConfigKeys (ConfUtils.java:logGet(46)) - raft.server.log.queue.element-limit = 1024 (custom)
2022-12-22 10:14:53,283 [pool-370-thread-1] INFO  server.RaftServerConfigKeys (ConfUtils.java:logGet(46)) - raft.server.log.segment.size.max = 1048576 (custom)
2022-12-22 10:14:53,283 [pool-370-thread-1] INFO  server.RaftServerConfigKeys (ConfUtils.java:logGet(46)) - raft.server.log.preallocated.size = 16384 (custom)
2022-12-22 10:14:53,283 [pool-370-thread-1] INFO  server.RaftServerConfigKeys (ConfUtils.java:logGet(46)) - raft.server.log.force.sync.num = 128 (default)
2022-12-22 10:14:53,283 [pool-370-thread-1] INFO  server.RaftServerConfigKeys (ConfUtils.java:logGet(46)) - raft.server.log.statemachine.data.sync = true (default)
2022-12-22 10:14:53,283 [pool-370-thread-1] INFO  server.RaftServerConfigKeys (ConfUtils.java:logGet(46)) - raft.server.log.statemachine.data.sync.timeout = 10s (default)
2022-12-22 10:14:53,283 [pool-370-thread-1] INFO  server.RaftServerConfigKeys (ConfUtils.java:logGet(46)) - raft.server.log.statemachine.data.sync.timeout.retry = -1 (default)
2022-12-22 10:14:53,283 [pool-370-thread-1] INFO  server.RaftServerConfigKeys (ConfUtils.java:logGet(46)) - raft.server.log.write.buffer.size = 1048576 (custom)
2022-12-22 10:14:53,283 [pool-370-thread-1] INFO  server.RaftServerConfigKeys (ConfUtils.java:logGet(46)) - raft.server.log.appender.buffer.byte-limit = 33554432 (custom)
2022-12-22 10:14:53,286 [pool-370-thread-1] INFO  server.RaftServerConfigKeys (ConfUtils.java:logGet(46)) - raft.server.log.unsafe-flush.enabled = false (default)
2022-12-22 10:14:53,286 [pool-370-thread-1] INFO  server.RaftServerConfigKeys (ConfUtils.java:logGet(46)) - raft.server.log.async-flush.enabled = false (default)
2022-12-22 10:14:53,286 [pool-370-thread-1] INFO  server.RaftServerConfigKeys (ConfUtils.java:logGet(46)) - raft.server.log.statemachine.data.caching.enabled = true (custom)
2022-12-22 10:14:53,287 [pool-370-thread-1] INFO  segmented.SegmentedRaftLogWorker (SegmentedRaftLogWorker.java:lambda$new$0(135)) - 5eea0695-258d-4fe7-9f47-897f5bd73bdb@group-383C0469F232-SegmentedRaftLogWorker: flushIndex: setUnconditionally 0 -> -1
2022-12-22 10:14:53,287 [pool-370-thread-1] INFO  segmented.SegmentedRaftLogWorker (SegmentedRaftLogWorker.java:lambda$new$0(135)) - 5eea0695-258d-4fe7-9f47-897f5bd73bdb@group-383C0469F232-SegmentedRaftLogWorker: safeCacheEvictIndex: setUnconditionally 0 -> -1
2022-12-22 10:14:53,287 [pool-370-thread-1] INFO  server.RaftServer$Division (RaftServerImpl.java:start(334)) - 5eea0695-258d-4fe7-9f47-897f5bd73bdb@group-383C0469F232: start as a follower, conf=-1: peers:[4f5ae387-cd9a-40e6-b48a-d20f36d7a4c1|rpc:127.0.0.1:43977|dataStream:127.0.0.1:40347|priority:1|startupRole:FOLLOWER, 5eea0695-258d-4fe7-9f47-897f5bd73bdb|rpc:127.0.0.1:36371|dataStream:127.0.0.1:38343|priority:0|startupRole:FOLLOWER, 1a836199-4b37-4331-b3d7-01d1c65ae166|rpc:127.0.0.1:35593|dataStream:127.0.0.1:44975|priority:0|startupRole:FOLLOWER]|listeners:[], old=null
2022-12-22 10:14:53,287 [pool-370-thread-1] INFO  server.RaftServer$Division (RaftServerImpl.java:setRole(321)) - 5eea0695-258d-4fe7-9f47-897f5bd73bdb@group-383C0469F232: changes role from      null to FOLLOWER at term 0 for startAsFollower
2022-12-22 10:14:53,287 [pool-370-thread-1] INFO  impl.RoleInfo (RoleInfo.java:updateAndGet(139)) - 5eea0695-258d-4fe7-9f47-897f5bd73bdb: start 5eea0695-258d-4fe7-9f47-897f5bd73bdb@group-383C0469F232-FollowerState
2022-12-22 10:14:53,287 [pool-370-thread-1] INFO  util.JmxRegister (JmxRegister.java:tryRegister(44)) - Successfully registered JMX Bean with object name Ratis:service=RaftServer,group=group-383C0469F232,id=5eea0695-258d-4fe7-9f47-897f5bd73bdb
2022-12-22 10:14:53,287 [pool-370-thread-1] INFO  server.RaftServerConfigKeys (ConfUtils.java:logGet(46)) - raft.server.snapshot.auto.trigger.enabled = true (custom)
2022-12-22 10:14:53,287 [pool-370-thread-1] INFO  server.RaftServerConfigKeys (ConfUtils.java:logGet(46)) - raft.server.snapshot.auto.trigger.threshold = 10000 (custom)
2022-12-22 10:14:53,287 [pool-370-thread-1] INFO  server.RaftServerConfigKeys (ConfUtils.java:logGet(46)) - raft.server.snapshot.retention.file.num = 5 (custom)
2022-12-22 10:14:53,287 [pool-370-thread-1] INFO  server.RaftServerConfigKeys (ConfUtils.java:logGet(46)) - raft.server.log.purge.upto.snapshot.index = false (default)
2022-12-22 10:14:53,288 [5eea0695-258d-4fe7-9f47-897f5bd73bdb@group-383C0469F232-FollowerState] INFO  server.RaftServerConfigKeys (ConfUtils.java:logFallback(53)) - raft.server.rpc.first-election.timeout.min = 5s (fallback to raft.server.rpc.timeout.min)
2022-12-22 10:14:53,288 [5eea0695-258d-4fe7-9f47-897f5bd73bdb@group-383C0469F232-FollowerState] INFO  server.RaftServerConfigKeys (ConfUtils.java:logFallback(53)) - raft.server.rpc.first-election.timeout.max = 5200ms (fallback to raft.server.rpc.timeout.max)
2022-12-22 10:14:53,295 [Command processor thread] INFO  commandhandler.CreatePipelineCommandHandler (CreatePipelineCommandHandler.java:handle(113)) - Created Pipeline RATIS THREE PipelineID=0266e62d-c65e-4d02-9c54-383c0469f232.
2022-12-22 10:14:53,394 [Command processor thread] INFO  server.RaftServer (RaftServerProxy.java:addNew(96)) - 4f5ae387-cd9a-40e6-b48a-d20f36d7a4c1: addNew group-69E4BE56E5D8:[4f5ae387-cd9a-40e6-b48a-d20f36d7a4c1|rpc:127.0.0.1:43977|dataStream:127.0.0.1:40347|priority:1|startupRole:FOLLOWER] returns group-69E4BE56E5D8:java.util.concurrent.CompletableFuture@76d4248d[Not completed]
2022-12-22 10:14:53,395 [pool-347-thread-1] INFO  server.RaftServer$Division (RaftServerImpl.java:<init>(195)) - 4f5ae387-cd9a-40e6-b48a-d20f36d7a4c1: new RaftServerImpl for group-69E4BE56E5D8:[4f5ae387-cd9a-40e6-b48a-d20f36d7a4c1|rpc:127.0.0.1:43977|dataStream:127.0.0.1:40347|priority:1|startupRole:FOLLOWER] with ContainerStateMachine:uninitialized
2022-12-22 10:14:53,395 [pool-347-thread-1] INFO  server.RaftServerConfigKeys (ConfUtils.java:logGet(46)) - raft.server.rpc.timeout.min = 5s (custom)
2022-12-22 10:14:53,395 [pool-347-thread-1] INFO  server.RaftServerConfigKeys (ConfUtils.java:logGet(46)) - raft.server.rpc.timeout.max = 5200ms (custom)
2022-12-22 10:14:53,395 [pool-347-thread-1] INFO  server.RaftServerConfigKeys (ConfUtils.java:logGet(46)) - raft.server.rpc.sleep.time = 25ms (default)
2022-12-22 10:14:53,395 [pool-347-thread-1] INFO  server.RaftServerConfigKeys (ConfUtils.java:logGet(46)) - raft.server.rpc.slowness.timeout = 300s (custom)
2022-12-22 10:14:53,395 [pool-347-thread-1] INFO  server.RaftServerConfigKeys (ConfUtils.java:logGet(46)) - raft.server.leaderelection.leader.step-down.wait-time = 10s (default)
2022-12-22 10:14:53,395 [pool-347-thread-1] INFO  server.RaftServerConfigKeys (ConfUtils.java:logGet(46)) - raft.server.sleep.deviation.threshold = 300ms (default)
2022-12-22 10:14:53,395 [pool-347-thread-1] INFO  server.RaftServer$Division (ServerState.java:<init>(118)) - 4f5ae387-cd9a-40e6-b48a-d20f36d7a4c1@group-69E4BE56E5D8: ConfigurationManager, init=-1: peers:[4f5ae387-cd9a-40e6-b48a-d20f36d7a4c1|rpc:127.0.0.1:43977|dataStream:127.0.0.1:40347|priority:1|startupRole:FOLLOWER]|listeners:[], old=null, confs=<EMPTY_MAP>
2022-12-22 10:14:53,395 [pool-347-thread-1] INFO  server.RaftServerConfigKeys (ConfUtils.java:logGet(46)) - raft.server.storage.dir = [/home/runner/work/ozone/ozone/hadoop-ozone/integration-test/target/test-dir/MiniOzoneClusterImpl-e8789b07-7928-40b5-ad88-551b1740a89b/datanode-1/data/ratis] (custom)
2022-12-22 10:14:53,395 [pool-347-thread-1] INFO  server.RaftServerConfigKeys (ConfUtils.java:logGet(46)) - raft.server.log.corruption.policy = EXCEPTION (default)
2022-12-22 10:14:53,395 [pool-347-thread-1] INFO  server.RaftServerConfigKeys (ConfUtils.java:logGet(46)) - raft.server.storage.free-space.min = 0MB (=0) (default)
2022-12-22 10:14:53,395 [pool-347-thread-1] INFO  server.RaftServerConfigKeys (ConfUtils.java:logGet(46)) - raft.server.notification.no-leader.timeout = 300s (custom)
2022-12-22 10:14:53,395 [pool-347-thread-1] INFO  server.RaftServerConfigKeys (ConfUtils.java:logGet(46)) - raft.server.retrycache.expirytime = 600000ms (custom)
2022-12-22 10:14:53,396 [pool-347-thread-1] INFO  server.RaftServerConfigKeys (ConfUtils.java:logGet(46)) - raft.server.retrycache.statistics.expirytime = 100μs (default)
2022-12-22 10:14:53,396 [pool-347-thread-1] INFO  server.RaftServerConfigKeys (ConfUtils.java:logGet(46)) - raft.server.log.appender.install.snapshot.enabled = false (custom)
2022-12-22 10:14:53,396 [pool-347-thread-1] INFO  server.RaftServerConfigKeys (ConfUtils.java:logGet(46)) - raft.server.threadpool.server.cached = true (default)
2022-12-22 10:14:53,396 [pool-347-thread-1] INFO  server.RaftServerConfigKeys (ConfUtils.java:logGet(46)) - raft.server.threadpool.server.size = 0 (default)
2022-12-22 10:14:53,396 [pool-347-thread-1] INFO  server.RaftServerConfigKeys (ConfUtils.java:logGet(46)) - raft.server.threadpool.client.cached = true (default)
2022-12-22 10:14:53,396 [pool-347-thread-1] INFO  server.RaftServerConfigKeys (ConfUtils.java:logGet(46)) - raft.server.threadpool.client.size = 0 (default)
2022-12-22 10:14:53,396 [pool-347-thread-1] INFO  storage.RaftStorageDirectory (RaftStorageDirectoryImpl.java:analyzeStorage(137)) - The storage directory /home/runner/work/ozone/ozone/hadoop-ozone/integration-test/target/test-dir/MiniOzoneClusterImpl-e8789b07-7928-40b5-ad88-551b1740a89b/datanode-1/data/ratis/4ab9800c-b4db-4d68-b77f-69e4be56e5d8 does not exist. Creating ...
2022-12-22 10:14:53,397 [pool-347-thread-1] INFO  storage.RaftStorageDirectory (RaftStorageDirectoryImpl.java:tryLock(231)) - Lock on /home/runner/work/ozone/ozone/hadoop-ozone/integration-test/target/test-dir/MiniOzoneClusterImpl-e8789b07-7928-40b5-ad88-551b1740a89b/datanode-1/data/ratis/4ab9800c-b4db-4d68-b77f-69e4be56e5d8/in_use.lock acquired by nodename 33150@fv-az345-686
2022-12-22 10:14:53,398 [pool-347-thread-1] INFO  storage.RaftStorage (RaftStorageImpl.java:format(96)) - Storage directory /home/runner/work/ozone/ozone/hadoop-ozone/integration-test/target/test-dir/MiniOzoneClusterImpl-e8789b07-7928-40b5-ad88-551b1740a89b/datanode-1/data/ratis/4ab9800c-b4db-4d68-b77f-69e4be56e5d8 has been successfully formatted.
2022-12-22 10:14:53,398 [pool-347-thread-1] INFO  ratis.ContainerStateMachine (ContainerStateMachine.java:loadSnapshot(240)) - group-69E4BE56E5D8: The snapshot info is null. Setting the last applied indexto:(t:0, i:~)
2022-12-22 10:14:53,398 [pool-347-thread-1] INFO  server.RaftServerConfigKeys (ConfUtils.java:logGet(46)) - raft.server.log.use.memory = false (default)
2022-12-22 10:14:53,398 [pool-347-thread-1] INFO  server.RaftServerConfigKeys (ConfUtils.java:logGet(46)) - raft.server.log.purge.gap = 1000000 (custom)
2022-12-22 10:14:53,399 [pool-347-thread-1] INFO  server.RaftServerConfigKeys (ConfUtils.java:logGet(46)) - raft.server.log.appender.buffer.byte-limit = 33554432 (custom)
2022-12-22 10:14:53,399 [pool-347-thread-1] INFO  server.RaftServerConfigKeys (ConfUtils.java:logGet(46)) - raft.server.log.statemachine.data.read.timeout = 1000ms (default)
2022-12-22 10:14:53,399 [pool-347-thread-1] INFO  server.RaftServerConfigKeys (ConfUtils.java:logGet(46)) - raft.server.log.purge.preservation.log.num = 0 (default)
2022-12-22 10:14:53,399 [pool-347-thread-1] INFO  server.RaftServerConfigKeys (ConfUtils.java:logGet(46)) - raft.server.log.segment.size.max = 1048576 (custom)
2022-12-22 10:14:53,399 [pool-347-thread-1] INFO  server.RaftServerConfigKeys (ConfUtils.java:logGet(46)) - raft.server.log.segment.cache.num.max = 2 (custom)
2022-12-22 10:14:53,399 [pool-347-thread-1] INFO  server.RaftServerConfigKeys (ConfUtils.java:logGet(46)) - raft.server.log.segment.cache.size.max = 200MB (=209715200) (default)
2022-12-22 10:14:53,399 [pool-347-thread-1] INFO  segmented.SegmentedRaftLogWorker (SegmentedRaftLogWorker.java:<init>(189)) - new 4f5ae387-cd9a-40e6-b48a-d20f36d7a4c1@group-69E4BE56E5D8-SegmentedRaftLogWorker for RaftStorageImpl:Storage Directory /home/runner/work/ozone/ozone/hadoop-ozone/integration-test/target/test-dir/MiniOzoneClusterImpl-e8789b07-7928-40b5-ad88-551b1740a89b/datanode-1/data/ratis/4ab9800c-b4db-4d68-b77f-69e4be56e5d8
2022-12-22 10:14:53,399 [pool-347-thread-1] INFO  server.RaftServerConfigKeys (ConfUtils.java:logGet(46)) - raft.server.log.queue.byte-limit = 4294967296 (custom)
2022-12-22 10:14:53,399 [pool-347-thread-1] INFO  server.RaftServerConfigKeys (ConfUtils.java:logGet(46)) - raft.server.log.queue.element-limit = 1024 (custom)
2022-12-22 10:14:53,399 [pool-347-thread-1] INFO  server.RaftServerConfigKeys (ConfUtils.java:logGet(46)) - raft.server.log.segment.size.max = 1048576 (custom)
2022-12-22 10:14:53,399 [pool-347-thread-1] INFO  server.RaftServerConfigKeys (ConfUtils.java:logGet(46)) - raft.server.log.preallocated.size = 16384 (custom)
2022-12-22 10:14:53,399 [pool-347-thread-1] INFO  server.RaftServerConfigKeys (ConfUtils.java:logGet(46)) - raft.server.log.force.sync.num = 128 (default)
2022-12-22 10:14:53,399 [pool-347-thread-1] INFO  server.RaftServerConfigKeys (ConfUtils.java:logGet(46)) - raft.server.log.statemachine.data.sync = true (default)
2022-12-22 10:14:53,399 [pool-347-thread-1] INFO  server.RaftServerConfigKeys (ConfUtils.java:logGet(46)) - raft.server.log.statemachine.data.sync.timeout = 10s (default)
2022-12-22 10:14:53,399 [pool-347-thread-1] INFO  server.RaftServerConfigKeys (ConfUtils.java:logGet(46)) - raft.server.log.statemachine.data.sync.timeout.retry = -1 (default)
2022-12-22 10:14:53,400 [EventQueue-CommandQueueReportForCommandQueueReportHandler] WARN  events.EventQueue (EventQueue.java:fireEvent(216)) - No event handler registered for event TypedEvent{payloadType=DatanodeDetails, name='Datanode_Command_Queue_Updated'}
2022-12-22 10:14:53,400 [pool-347-thread-1] INFO  server.RaftServerConfigKeys (ConfUtils.java:logGet(46)) - raft.server.log.write.buffer.size = 1048576 (custom)
2022-12-22 10:14:53,400 [EventQueue-PipelineReportForPipelineReportHandler] INFO  pipeline.PipelineManagerImpl (PipelineManagerImpl.java:openPipeline(367)) - Pipeline Pipeline[ Id: 4ab9800c-b4db-4d68-b77f-69e4be56e5d8, Nodes: 4f5ae387-cd9a-40e6-b48a-d20f36d7a4c1{ip: 127.0.0.1, host: localhost, ports: [REPLICATION=37041, RATIS=43977, RATIS_ADMIN=43977, RATIS_SERVER=43977, RATIS_DATASTREAM=40347, STANDALONE=36151], networkLocation: /default-rack, certSerialId: null, persistedOpState: IN_SERVICE, persistedOpStateExpiryEpochSec: 0}, ReplicationConfig: RATIS/ONE, State:ALLOCATED, leaderId:4f5ae387-cd9a-40e6-b48a-d20f36d7a4c1, CreationTimestamp2022-12-22T10:14:50.397Z[Etc/UTC]] moved to OPEN state
2022-12-22 10:14:53,400 [pool-347-thread-1] INFO  server.RaftServerConfigKeys (ConfUtils.java:logGet(46)) - raft.server.log.appender.buffer.byte-limit = 33554432 (custom)
2022-12-22 10:14:53,401 [945fd0ed-8171-4835-b0ec-144ef106a250@group-551B1740A89B-StateMachineUpdater] INFO  safemode.HealthyPipelineSafeModeRule (HealthyPipelineSafeModeRule.java:initializeRule(165)) - Refreshed total pipeline count is 0, healthy pipeline threshold count is 1
2022-12-22 10:14:53,402 [EventQueue-OpenPipelineForHealthyPipelineSafeModeRule] INFO  safemode.SCMSafeModeManager (HealthyPipelineSafeModeRule.java:process(137)) - SCM in safe mode. Healthy pipelines reported count is 0, required healthy pipeline reported count is 1
2022-12-22 10:14:53,404 [pool-347-thread-1] INFO  server.RaftServerConfigKeys (ConfUtils.java:logGet(46)) - raft.server.log.unsafe-flush.enabled = false (default)
2022-12-22 10:14:53,404 [pool-347-thread-1] INFO  server.RaftServerConfigKeys (ConfUtils.java:logGet(46)) - raft.server.log.async-flush.enabled = false (default)
2022-12-22 10:14:53,404 [pool-347-thread-1] INFO  server.RaftServerConfigKeys (ConfUtils.java:logGet(46)) - raft.server.log.statemachine.data.caching.enabled = true (custom)
2022-12-22 10:14:53,404 [pool-347-thread-1] INFO  segmented.SegmentedRaftLogWorker (SegmentedRaftLogWorker.java:lambda$new$0(135)) - 4f5ae387-cd9a-40e6-b48a-d20f36d7a4c1@group-69E4BE56E5D8-SegmentedRaftLogWorker: flushIndex: setUnconditionally 0 -> -1
2022-12-22 10:14:53,405 [pool-347-thread-1] INFO  segmented.SegmentedRaftLogWorker (SegmentedRaftLogWorker.java:lambda$new$0(135)) - 4f5ae387-cd9a-40e6-b48a-d20f36d7a4c1@group-69E4BE56E5D8-SegmentedRaftLogWorker: safeCacheEvictIndex: setUnconditionally 0 -> -1
2022-12-22 10:14:53,405 [pool-347-thread-1] INFO  server.RaftServer$Division (RaftServerImpl.java:start(334)) - 4f5ae387-cd9a-40e6-b48a-d20f36d7a4c1@group-69E4BE56E5D8: start as a follower, conf=-1: peers:[4f5ae387-cd9a-40e6-b48a-d20f36d7a4c1|rpc:127.0.0.1:43977|dataStream:127.0.0.1:40347|priority:1|startupRole:FOLLOWER]|listeners:[], old=null
2022-12-22 10:14:53,405 [pool-347-thread-1] INFO  server.RaftServer$Division (RaftServerImpl.java:setRole(321)) - 4f5ae387-cd9a-40e6-b48a-d20f36d7a4c1@group-69E4BE56E5D8: changes role from      null to FOLLOWER at term 0 for startAsFollower
2022-12-22 10:14:53,405 [pool-347-thread-1] INFO  impl.RoleInfo (RoleInfo.java:updateAndGet(139)) - 4f5ae387-cd9a-40e6-b48a-d20f36d7a4c1: start 4f5ae387-cd9a-40e6-b48a-d20f36d7a4c1@group-69E4BE56E5D8-FollowerState
2022-12-22 10:14:53,405 [pool-347-thread-1] INFO  util.JmxRegister (JmxRegister.java:tryRegister(44)) - Successfully registered JMX Bean with object name Ratis:service=RaftServer,group=group-69E4BE56E5D8,id=4f5ae387-cd9a-40e6-b48a-d20f36d7a4c1
2022-12-22 10:14:53,405 [pool-347-thread-1] INFO  server.RaftServerConfigKeys (ConfUtils.java:logGet(46)) - raft.server.snapshot.auto.trigger.enabled = true (custom)
2022-12-22 10:14:53,405 [pool-347-thread-1] INFO  server.RaftServerConfigKeys (ConfUtils.java:logGet(46)) - raft.server.snapshot.auto.trigger.threshold = 10000 (custom)
2022-12-22 10:14:53,405 [pool-347-thread-1] INFO  server.RaftServerConfigKeys (ConfUtils.java:logGet(46)) - raft.server.snapshot.retention.file.num = 5 (custom)
2022-12-22 10:14:53,405 [pool-347-thread-1] INFO  server.RaftServerConfigKeys (ConfUtils.java:logGet(46)) - raft.server.log.purge.upto.snapshot.index = false (default)
2022-12-22 10:14:53,406 [4f5ae387-cd9a-40e6-b48a-d20f36d7a4c1@group-69E4BE56E5D8-FollowerState] INFO  server.RaftServerConfigKeys (ConfUtils.java:logFallback(53)) - raft.server.rpc.first-election.timeout.min = 5s (fallback to raft.server.rpc.timeout.min)
2022-12-22 10:14:53,406 [4f5ae387-cd9a-40e6-b48a-d20f36d7a4c1@group-69E4BE56E5D8-FollowerState] INFO  server.RaftServerConfigKeys (ConfUtils.java:logFallback(53)) - raft.server.rpc.first-election.timeout.max = 5200ms (fallback to raft.server.rpc.timeout.max)
2022-12-22 10:14:53,406 [Command processor thread] INFO  ratis.XceiverServerRatis (XceiverServerRatis.java:addGroup(806)) - Created group PipelineID=4ab9800c-b4db-4d68-b77f-69e4be56e5d8
2022-12-22 10:14:53,406 [Command processor thread] INFO  commandhandler.CreatePipelineCommandHandler (CreatePipelineCommandHandler.java:handle(113)) - Created Pipeline RATIS ONE PipelineID=4ab9800c-b4db-4d68-b77f-69e4be56e5d8.
2022-12-22 10:14:53,683 [Command processor thread] INFO  server.RaftServer (RaftServerProxy.java:addNew(96)) - 5eea0695-258d-4fe7-9f47-897f5bd73bdb: addNew group-F95FFF696D63:[5eea0695-258d-4fe7-9f47-897f5bd73bdb|rpc:127.0.0.1:36371|dataStream:127.0.0.1:38343|priority:1|startupRole:FOLLOWER] returns group-F95FFF696D63:java.util.concurrent.CompletableFuture@3cd4b2[Not completed]
2022-12-22 10:14:53,684 [pool-370-thread-1] INFO  server.RaftServer$Division (RaftServerImpl.java:<init>(195)) - 5eea0695-258d-4fe7-9f47-897f5bd73bdb: new RaftServerImpl for group-F95FFF696D63:[5eea0695-258d-4fe7-9f47-897f5bd73bdb|rpc:127.0.0.1:36371|dataStream:127.0.0.1:38343|priority:1|startupRole:FOLLOWER] with ContainerStateMachine:uninitialized
2022-12-22 10:14:53,684 [pool-370-thread-1] INFO  server.RaftServerConfigKeys (ConfUtils.java:logGet(46)) - raft.server.rpc.timeout.min = 5s (custom)
2022-12-22 10:14:53,684 [pool-370-thread-1] INFO  server.RaftServerConfigKeys (ConfUtils.java:logGet(46)) - raft.server.rpc.timeout.max = 5200ms (custom)
2022-12-22 10:14:53,684 [pool-370-thread-1] INFO  server.RaftServerConfigKeys (ConfUtils.java:logGet(46)) - raft.server.rpc.sleep.time = 25ms (default)
2022-12-22 10:14:53,684 [pool-370-thread-1] INFO  server.RaftServerConfigKeys (ConfUtils.java:logGet(46)) - raft.server.rpc.slowness.timeout = 300s (custom)
2022-12-22 10:14:53,684 [pool-370-thread-1] INFO  server.RaftServerConfigKeys (ConfUtils.java:logGet(46)) - raft.server.leaderelection.leader.step-down.wait-time = 10s (default)
2022-12-22 10:14:53,684 [pool-370-thread-1] INFO  server.RaftServerConfigKeys (ConfUtils.java:logGet(46)) - raft.server.sleep.deviation.threshold = 300ms (default)
2022-12-22 10:14:53,684 [pool-370-thread-1] INFO  server.RaftServer$Division (ServerState.java:<init>(118)) - 5eea0695-258d-4fe7-9f47-897f5bd73bdb@group-F95FFF696D63: ConfigurationManager, init=-1: peers:[5eea0695-258d-4fe7-9f47-897f5bd73bdb|rpc:127.0.0.1:36371|dataStream:127.0.0.1:38343|priority:1|startupRole:FOLLOWER]|listeners:[], old=null, confs=<EMPTY_MAP>
2022-12-22 10:14:53,684 [pool-370-thread-1] INFO  server.RaftServerConfigKeys (ConfUtils.java:logGet(46)) - raft.server.storage.dir = [/home/runner/work/ozone/ozone/hadoop-ozone/integration-test/target/test-dir/MiniOzoneClusterImpl-e8789b07-7928-40b5-ad88-551b1740a89b/datanode-2/data/ratis] (custom)
2022-12-22 10:14:53,684 [pool-370-thread-1] INFO  server.RaftServerConfigKeys (ConfUtils.java:logGet(46)) - raft.server.log.corruption.policy = EXCEPTION (default)
2022-12-22 10:14:53,684 [pool-370-thread-1] INFO  server.RaftServerConfigKeys (ConfUtils.java:logGet(46)) - raft.server.storage.free-space.min = 0MB (=0) (default)
2022-12-22 10:14:53,684 [pool-370-thread-1] INFO  server.RaftServerConfigKeys (ConfUtils.java:logGet(46)) - raft.server.notification.no-leader.timeout = 300s (custom)
2022-12-22 10:14:53,684 [pool-370-thread-1] INFO  server.RaftServerConfigKeys (ConfUtils.java:logGet(46)) - raft.server.retrycache.expirytime = 600000ms (custom)
2022-12-22 10:14:53,684 [pool-370-thread-1] INFO  server.RaftServerConfigKeys (ConfUtils.java:logGet(46)) - raft.server.retrycache.statistics.expirytime = 100μs (default)
2022-12-22 10:14:53,685 [pool-370-thread-1] INFO  server.RaftServerConfigKeys (ConfUtils.java:logGet(46)) - raft.server.log.appender.install.snapshot.enabled = false (custom)
2022-12-22 10:14:53,685 [pool-370-thread-1] INFO  server.RaftServerConfigKeys (ConfUtils.java:logGet(46)) - raft.server.threadpool.server.cached = true (default)
2022-12-22 10:14:53,685 [pool-370-thread-1] INFO  server.RaftServerConfigKeys (ConfUtils.java:logGet(46)) - raft.server.threadpool.server.size = 0 (default)
2022-12-22 10:14:53,685 [pool-370-thread-1] INFO  server.RaftServerConfigKeys (ConfUtils.java:logGet(46)) - raft.server.threadpool.client.cached = true (default)
2022-12-22 10:14:53,685 [pool-370-thread-1] INFO  server.RaftServerConfigKeys (ConfUtils.java:logGet(46)) - raft.server.threadpool.client.size = 0 (default)
2022-12-22 10:14:53,685 [pool-370-thread-1] INFO  storage.RaftStorageDirectory (RaftStorageDirectoryImpl.java:analyzeStorage(137)) - The storage directory /home/runner/work/ozone/ozone/hadoop-ozone/integration-test/target/test-dir/MiniOzoneClusterImpl-e8789b07-7928-40b5-ad88-551b1740a89b/datanode-2/data/ratis/8a9fff7e-4ef7-46b2-9e7d-f95fff696d63 does not exist. Creating ...
2022-12-22 10:14:53,686 [pool-370-thread-1] INFO  storage.RaftStorageDirectory (RaftStorageDirectoryImpl.java:tryLock(231)) - Lock on /home/runner/work/ozone/ozone/hadoop-ozone/integration-test/target/test-dir/MiniOzoneClusterImpl-e8789b07-7928-40b5-ad88-551b1740a89b/datanode-2/data/ratis/8a9fff7e-4ef7-46b2-9e7d-f95fff696d63/in_use.lock acquired by nodename 33150@fv-az345-686
2022-12-22 10:14:53,687 [Listener at 127.0.0.1/43455] INFO  ozone.MiniOzoneClusterImpl (MiniOzoneClusterImpl.java:lambda$waitForClusterToBeReady$0(217)) - Nodes are ready. Got 3 of 3 DN Heartbeats.
2022-12-22 10:14:53,687 [Listener at 127.0.0.1/43455] INFO  ozone.MiniOzoneClusterImpl (MiniOzoneClusterImpl.java:lambda$waitForClusterToBeReady$0(220)) - Waiting for cluster to exit safe mode
2022-12-22 10:14:53,687 [Listener at 127.0.0.1/43455] INFO  ozone.MiniOzoneClusterImpl (MiniOzoneClusterImpl.java:lambda$waitForClusterToBeReady$0(222)) - SCM became leader
2022-12-22 10:14:53,687 [pool-370-thread-1] INFO  storage.RaftStorage (RaftStorageImpl.java:format(96)) - Storage directory /home/runner/work/ozone/ozone/hadoop-ozone/integration-test/target/test-dir/MiniOzoneClusterImpl-e8789b07-7928-40b5-ad88-551b1740a89b/datanode-2/data/ratis/8a9fff7e-4ef7-46b2-9e7d-f95fff696d63 has been successfully formatted.
2022-12-22 10:14:53,688 [pool-370-thread-1] INFO  ratis.ContainerStateMachine (ContainerStateMachine.java:loadSnapshot(240)) - group-F95FFF696D63: The snapshot info is null. Setting the last applied indexto:(t:0, i:~)
2022-12-22 10:14:53,688 [pool-370-thread-1] INFO  server.RaftServerConfigKeys (ConfUtils.java:logGet(46)) - raft.server.log.use.memory = false (default)
2022-12-22 10:14:53,688 [pool-370-thread-1] INFO  server.RaftServerConfigKeys (ConfUtils.java:logGet(46)) - raft.server.log.purge.gap = 1000000 (custom)
2022-12-22 10:14:53,688 [pool-370-thread-1] INFO  server.RaftServerConfigKeys (ConfUtils.java:logGet(46)) - raft.server.log.appender.buffer.byte-limit = 33554432 (custom)
2022-12-22 10:14:53,688 [pool-370-thread-1] INFO  server.RaftServerConfigKeys (ConfUtils.java:logGet(46)) - raft.server.log.statemachine.data.read.timeout = 1000ms (default)
2022-12-22 10:14:53,688 [pool-370-thread-1] INFO  server.RaftServerConfigKeys (ConfUtils.java:logGet(46)) - raft.server.log.purge.preservation.log.num = 0 (default)
2022-12-22 10:14:53,688 [pool-370-thread-1] INFO  server.RaftServerConfigKeys (ConfUtils.java:logGet(46)) - raft.server.log.segment.size.max = 1048576 (custom)
2022-12-22 10:14:53,688 [pool-370-thread-1] INFO  server.RaftServerConfigKeys (ConfUtils.java:logGet(46)) - raft.server.log.segment.cache.num.max = 2 (custom)
2022-12-22 10:14:53,688 [pool-370-thread-1] INFO  server.RaftServerConfigKeys (ConfUtils.java:logGet(46)) - raft.server.log.segment.cache.size.max = 200MB (=209715200) (default)
2022-12-22 10:14:53,688 [pool-370-thread-1] INFO  segmented.SegmentedRaftLogWorker (SegmentedRaftLogWorker.java:<init>(189)) - new 5eea0695-258d-4fe7-9f47-897f5bd73bdb@group-F95FFF696D63-SegmentedRaftLogWorker for RaftStorageImpl:Storage Directory /home/runner/work/ozone/ozone/hadoop-ozone/integration-test/target/test-dir/MiniOzoneClusterImpl-e8789b07-7928-40b5-ad88-551b1740a89b/datanode-2/data/ratis/8a9fff7e-4ef7-46b2-9e7d-f95fff696d63
2022-12-22 10:14:53,688 [pool-370-thread-1] INFO  server.RaftServerConfigKeys (ConfUtils.java:logGet(46)) - raft.server.log.queue.byte-limit = 4294967296 (custom)
2022-12-22 10:14:53,689 [pool-370-thread-1] INFO  server.RaftServerConfigKeys (ConfUtils.java:logGet(46)) - raft.server.log.queue.element-limit = 1024 (custom)
2022-12-22 10:14:53,689 [pool-370-thread-1] INFO  server.RaftServerConfigKeys (ConfUtils.java:logGet(46)) - raft.server.log.segment.size.max = 1048576 (custom)
2022-12-22 10:14:53,689 [pool-370-thread-1] INFO  server.RaftServerConfigKeys (ConfUtils.java:logGet(46)) - raft.server.log.preallocated.size = 16384 (custom)
2022-12-22 10:14:53,689 [EventQueue-CommandQueueReportForCommandQueueReportHandler] WARN  events.EventQueue (EventQueue.java:fireEvent(216)) - No event handler registered for event TypedEvent{payloadType=DatanodeDetails, name='Datanode_Command_Queue_Updated'}
2022-12-22 10:14:53,689 [pool-370-thread-1] INFO  server.RaftServerConfigKeys (ConfUtils.java:logGet(46)) - raft.server.log.force.sync.num = 128 (default)
2022-12-22 10:14:53,689 [pool-370-thread-1] INFO  server.RaftServerConfigKeys (ConfUtils.java:logGet(46)) - raft.server.log.statemachine.data.sync = true (default)
2022-12-22 10:14:53,689 [pool-370-thread-1] INFO  server.RaftServerConfigKeys (ConfUtils.java:logGet(46)) - raft.server.log.statemachine.data.sync.timeout = 10s (default)
2022-12-22 10:14:53,689 [EventQueue-PipelineReportForPipelineReportHandler] INFO  pipeline.PipelineManagerImpl (PipelineManagerImpl.java:openPipeline(367)) - Pipeline Pipeline[ Id: 8a9fff7e-4ef7-46b2-9e7d-f95fff696d63, Nodes: 5eea0695-258d-4fe7-9f47-897f5bd73bdb{ip: 127.0.0.1, host: localhost, ports: [REPLICATION=44383, RATIS=36371, RATIS_ADMIN=36371, RATIS_SERVER=36371, RATIS_DATASTREAM=38343, STANDALONE=44851], networkLocation: /default-rack, certSerialId: null, persistedOpState: IN_SERVICE, persistedOpStateExpiryEpochSec: 0}, ReplicationConfig: RATIS/ONE, State:ALLOCATED, leaderId:5eea0695-258d-4fe7-9f47-897f5bd73bdb, CreationTimestamp2022-12-22T10:14:50.685Z[Etc/UTC]] moved to OPEN state
2022-12-22 10:14:53,689 [pool-370-thread-1] INFO  server.RaftServerConfigKeys (ConfUtils.java:logGet(46)) - raft.server.log.statemachine.data.sync.timeout.retry = -1 (default)
2022-12-22 10:14:53,690 [pool-370-thread-1] INFO  server.RaftServerConfigKeys (ConfUtils.java:logGet(46)) - raft.server.log.write.buffer.size = 1048576 (custom)
2022-12-22 10:14:53,690 [pool-370-thread-1] INFO  server.RaftServerConfigKeys (ConfUtils.java:logGet(46)) - raft.server.log.appender.buffer.byte-limit = 33554432 (custom)
2022-12-22 10:14:53,691 [945fd0ed-8171-4835-b0ec-144ef106a250@group-551B1740A89B-StateMachineUpdater] INFO  safemode.HealthyPipelineSafeModeRule (HealthyPipelineSafeModeRule.java:initializeRule(165)) - Refreshed total pipeline count is 0, healthy pipeline threshold count is 1
2022-12-22 10:14:53,692 [EventQueue-OpenPipelineForHealthyPipelineSafeModeRule] INFO  safemode.SCMSafeModeManager (HealthyPipelineSafeModeRule.java:process(137)) - SCM in safe mode. Healthy pipelines reported count is 0, required healthy pipeline reported count is 1
2022-12-22 10:14:53,695 [pool-370-thread-1] INFO  server.RaftServerConfigKeys (ConfUtils.java:logGet(46)) - raft.server.log.unsafe-flush.enabled = false (default)
2022-12-22 10:14:53,695 [pool-370-thread-1] INFO  server.RaftServerConfigKeys (ConfUtils.java:logGet(46)) - raft.server.log.async-flush.enabled = false (default)
2022-12-22 10:14:53,695 [pool-370-thread-1] INFO  server.RaftServerConfigKeys (ConfUtils.java:logGet(46)) - raft.server.log.statemachine.data.caching.enabled = true (custom)
2022-12-22 10:14:53,696 [pool-370-thread-1] INFO  segmented.SegmentedRaftLogWorker (SegmentedRaftLogWorker.java:lambda$new$0(135)) - 5eea0695-258d-4fe7-9f47-897f5bd73bdb@group-F95FFF696D63-SegmentedRaftLogWorker: flushIndex: setUnconditionally 0 -> -1
2022-12-22 10:14:53,696 [pool-370-thread-1] INFO  segmented.SegmentedRaftLogWorker (SegmentedRaftLogWorker.java:lambda$new$0(135)) - 5eea0695-258d-4fe7-9f47-897f5bd73bdb@group-F95FFF696D63-SegmentedRaftLogWorker: safeCacheEvictIndex: setUnconditionally 0 -> -1
2022-12-22 10:14:53,696 [pool-370-thread-1] INFO  server.RaftServer$Division (RaftServerImpl.java:start(334)) - 5eea0695-258d-4fe7-9f47-897f5bd73bdb@group-F95FFF696D63: start as a follower, conf=-1: peers:[5eea0695-258d-4fe7-9f47-897f5bd73bdb|rpc:127.0.0.1:36371|dataStream:127.0.0.1:38343|priority:1|startupRole:FOLLOWER]|listeners:[], old=null
2022-12-22 10:14:53,696 [pool-370-thread-1] INFO  server.RaftServer$Division (RaftServerImpl.java:setRole(321)) - 5eea0695-258d-4fe7-9f47-897f5bd73bdb@group-F95FFF696D63: changes role from      null to FOLLOWER at term 0 for startAsFollower
2022-12-22 10:14:53,696 [pool-370-thread-1] INFO  impl.RoleInfo (RoleInfo.java:updateAndGet(139)) - 5eea0695-258d-4fe7-9f47-897f5bd73bdb: start 5eea0695-258d-4fe7-9f47-897f5bd73bdb@group-F95FFF696D63-FollowerState
2022-12-22 10:14:53,696 [pool-370-thread-1] INFO  util.JmxRegister (JmxRegister.java:tryRegister(44)) - Successfully registered JMX Bean with object name Ratis:service=RaftServer,group=group-F95FFF696D63,id=5eea0695-258d-4fe7-9f47-897f5bd73bdb
2022-12-22 10:14:53,696 [pool-370-thread-1] INFO  server.RaftServerConfigKeys (ConfUtils.java:logGet(46)) - raft.server.snapshot.auto.trigger.enabled = true (custom)
2022-12-22 10:14:53,696 [pool-370-thread-1] INFO  server.RaftServerConfigKeys (ConfUtils.java:logGet(46)) - raft.server.snapshot.auto.trigger.threshold = 10000 (custom)
2022-12-22 10:14:53,696 [pool-370-thread-1] INFO  server.RaftServerConfigKeys (ConfUtils.java:logGet(46)) - raft.server.snapshot.retention.file.num = 5 (custom)
2022-12-22 10:14:53,696 [pool-370-thread-1] INFO  server.RaftServerConfigKeys (ConfUtils.java:logGet(46)) - raft.server.log.purge.upto.snapshot.index = false (default)
2022-12-22 10:14:53,697 [5eea0695-258d-4fe7-9f47-897f5bd73bdb@group-F95FFF696D63-FollowerState] INFO  server.RaftServerConfigKeys (ConfUtils.java:logFallback(53)) - raft.server.rpc.first-election.timeout.min = 5s (fallback to raft.server.rpc.timeout.min)
2022-12-22 10:14:53,697 [5eea0695-258d-4fe7-9f47-897f5bd73bdb@group-F95FFF696D63-FollowerState] INFO  server.RaftServerConfigKeys (ConfUtils.java:logFallback(53)) - raft.server.rpc.first-election.timeout.max = 5200ms (fallback to raft.server.rpc.timeout.max)
2022-12-22 10:14:53,701 [Command processor thread] INFO  ratis.XceiverServerRatis (XceiverServerRatis.java:addGroup(806)) - Created group PipelineID=8a9fff7e-4ef7-46b2-9e7d-f95fff696d63
2022-12-22 10:14:53,701 [Command processor thread] INFO  commandhandler.CreatePipelineCommandHandler (CreatePipelineCommandHandler.java:handle(113)) - Created Pipeline RATIS ONE PipelineID=8a9fff7e-4ef7-46b2-9e7d-f95fff696d63.
2022-12-22 10:14:53,849 [EndpointStateMachine task thread for /127.0.0.1:42129 - 0 ] INFO  ipc.Client (Client.java:handleConnectionFailure(1010)) - Retrying connect to server: localhost/127.0.0.1:42129. Already tried 12 time(s); retry policy is RetryUpToMaximumCountWithFixedSleep(maxRetries=15, sleepTime=1000 MILLISECONDS)
2022-12-22 10:14:54,226 [EventQueue-CommandQueueReportForCommandQueueReportHandler] WARN  events.EventQueue (EventQueue.java:fireEvent(216)) - No event handler registered for event TypedEvent{payloadType=DatanodeDetails, name='Datanode_Command_Queue_Updated'}
2022-12-22 10:14:54,400 [EventQueue-CommandQueueReportForCommandQueueReportHandler] WARN  events.EventQueue (EventQueue.java:fireEvent(216)) - No event handler registered for event TypedEvent{payloadType=DatanodeDetails, name='Datanode_Command_Queue_Updated'}
2022-12-22 10:14:54,687 [Listener at 127.0.0.1/43455] INFO  ozone.MiniOzoneClusterImpl (MiniOzoneClusterImpl.java:lambda$waitForClusterToBeReady$0(217)) - Nodes are ready. Got 3 of 3 DN Heartbeats.
2022-12-22 10:14:54,687 [Listener at 127.0.0.1/43455] INFO  ozone.MiniOzoneClusterImpl (MiniOzoneClusterImpl.java:lambda$waitForClusterToBeReady$0(220)) - Waiting for cluster to exit safe mode
2022-12-22 10:14:54,687 [Listener at 127.0.0.1/43455] INFO  ozone.MiniOzoneClusterImpl (MiniOzoneClusterImpl.java:lambda$waitForClusterToBeReady$0(222)) - SCM became leader
2022-12-22 10:14:54,688 [EventQueue-CommandQueueReportForCommandQueueReportHandler] WARN  events.EventQueue (EventQueue.java:fireEvent(216)) - No event handler registered for event TypedEvent{payloadType=DatanodeDetails, name='Datanode_Command_Queue_Updated'}
2022-12-22 10:14:54,850 [EndpointStateMachine task thread for /127.0.0.1:42129 - 0 ] INFO  ipc.Client (Client.java:handleConnectionFailure(1010)) - Retrying connect to server: localhost/127.0.0.1:42129. Already tried 13 time(s); retry policy is RetryUpToMaximumCountWithFixedSleep(maxRetries=15, sleepTime=1000 MILLISECONDS)
2022-12-22 10:14:55,227 [EventQueue-CommandQueueReportForCommandQueueReportHandler] WARN  events.EventQueue (EventQueue.java:fireEvent(216)) - No event handler registered for event TypedEvent{payloadType=DatanodeDetails, name='Datanode_Command_Queue_Updated'}
2022-12-22 10:14:55,400 [EventQueue-CommandQueueReportForCommandQueueReportHandler] WARN  events.EventQueue (EventQueue.java:fireEvent(216)) - No event handler registered for event TypedEvent{payloadType=DatanodeDetails, name='Datanode_Command_Queue_Updated'}
2022-12-22 10:14:55,688 [Listener at 127.0.0.1/43455] INFO  ozone.MiniOzoneClusterImpl (MiniOzoneClusterImpl.java:lambda$waitForClusterToBeReady$0(217)) - Nodes are ready. Got 3 of 3 DN Heartbeats.
2022-12-22 10:14:55,689 [Listener at 127.0.0.1/43455] INFO  ozone.MiniOzoneClusterImpl (MiniOzoneClusterImpl.java:lambda$waitForClusterToBeReady$0(220)) - Waiting for cluster to exit safe mode
2022-12-22 10:14:55,689 [Listener at 127.0.0.1/43455] INFO  ozone.MiniOzoneClusterImpl (MiniOzoneClusterImpl.java:lambda$waitForClusterToBeReady$0(222)) - SCM became leader
2022-12-22 10:14:55,690 [EventQueue-CommandQueueReportForCommandQueueReportHandler] WARN  events.EventQueue (EventQueue.java:fireEvent(216)) - No event handler registered for event TypedEvent{payloadType=DatanodeDetails, name='Datanode_Command_Queue_Updated'}
2022-12-22 10:14:55,850 [EndpointStateMachine task thread for /127.0.0.1:42129 - 0 ] INFO  ipc.Client (Client.java:handleConnectionFailure(1010)) - Retrying connect to server: localhost/127.0.0.1:42129. Already tried 14 time(s); retry policy is RetryUpToMaximumCountWithFixedSleep(maxRetries=15, sleepTime=1000 MILLISECONDS)
2022-12-22 10:14:56,226 [EventQueue-CommandQueueReportForCommandQueueReportHandler] WARN  events.EventQueue (EventQueue.java:fireEvent(216)) - No event handler registered for event TypedEvent{payloadType=DatanodeDetails, name='Datanode_Command_Queue_Updated'}
2022-12-22 10:14:56,401 [EventQueue-CommandQueueReportForCommandQueueReportHandler] WARN  events.EventQueue (EventQueue.java:fireEvent(216)) - No event handler registered for event TypedEvent{payloadType=DatanodeDetails, name='Datanode_Command_Queue_Updated'}
2022-12-22 10:14:56,689 [Listener at 127.0.0.1/43455] INFO  ozone.MiniOzoneClusterImpl (MiniOzoneClusterImpl.java:lambda$waitForClusterToBeReady$0(217)) - Nodes are ready. Got 3 of 3 DN Heartbeats.
2022-12-22 10:14:56,689 [Listener at 127.0.0.1/43455] INFO  ozone.MiniOzoneClusterImpl (MiniOzoneClusterImpl.java:lambda$waitForClusterToBeReady$0(220)) - Waiting for cluster to exit safe mode
2022-12-22 10:14:56,689 [Listener at 127.0.0.1/43455] INFO  ozone.MiniOzoneClusterImpl (MiniOzoneClusterImpl.java:lambda$waitForClusterToBeReady$0(222)) - SCM became leader
2022-12-22 10:14:56,690 [EventQueue-CommandQueueReportForCommandQueueReportHandler] WARN  events.EventQueue (EventQueue.java:fireEvent(216)) - No event handler registered for event TypedEvent{payloadType=DatanodeDetails, name='Datanode_Command_Queue_Updated'}
2022-12-22 10:14:56,851 [EndpointStateMachine task thread for /127.0.0.1:42129 - 0 ] INFO  ipc.Client (Client.java:handleConnectionFailure(1010)) - Retrying connect to server: localhost/127.0.0.1:42129. Already tried 0 time(s); retry policy is RetryUpToMaximumCountWithFixedSleep(maxRetries=15, sleepTime=1000 MILLISECONDS)
2022-12-22 10:14:57,227 [EventQueue-CommandQueueReportForCommandQueueReportHandler] WARN  events.EventQueue (EventQueue.java:fireEvent(216)) - No event handler registered for event TypedEvent{payloadType=DatanodeDetails, name='Datanode_Command_Queue_Updated'}
2022-12-22 10:14:57,401 [EventQueue-CommandQueueReportForCommandQueueReportHandler] WARN  events.EventQueue (EventQueue.java:fireEvent(216)) - No event handler registered for event TypedEvent{payloadType=DatanodeDetails, name='Datanode_Command_Queue_Updated'}
2022-12-22 10:14:57,693 [Listener at 127.0.0.1/43455] INFO  ozone.MiniOzoneClusterImpl (MiniOzoneClusterImpl.java:lambda$waitForClusterToBeReady$0(217)) - Nodes are ready. Got 3 of 3 DN Heartbeats.
2022-12-22 10:14:57,693 [Listener at 127.0.0.1/43455] INFO  ozone.MiniOzoneClusterImpl (MiniOzoneClusterImpl.java:lambda$waitForClusterToBeReady$0(220)) - Waiting for cluster to exit safe mode
2022-12-22 10:14:57,693 [Listener at 127.0.0.1/43455] INFO  ozone.MiniOzoneClusterImpl (MiniOzoneClusterImpl.java:lambda$waitForClusterToBeReady$0(222)) - SCM became leader
2022-12-22 10:14:57,694 [EventQueue-CommandQueueReportForCommandQueueReportHandler] WARN  events.EventQueue (EventQueue.java:fireEvent(216)) - No event handler registered for event TypedEvent{payloadType=DatanodeDetails, name='Datanode_Command_Queue_Updated'}
2022-12-22 10:14:57,852 [EndpointStateMachine task thread for /127.0.0.1:42129 - 0 ] INFO  ipc.Client (Client.java:handleConnectionFailure(1010)) - Retrying connect to server: localhost/127.0.0.1:42129. Already tried 1 time(s); retry policy is RetryUpToMaximumCountWithFixedSleep(maxRetries=15, sleepTime=1000 MILLISECONDS)
2022-12-22 10:14:58,215 [1a836199-4b37-4331-b3d7-01d1c65ae166@group-C8306A3C8920-FollowerState] INFO  impl.FollowerState (FollowerState.java:run(143)) - 1a836199-4b37-4331-b3d7-01d1c65ae166@group-C8306A3C8920-FollowerState: change to CANDIDATE, lastRpcElapsedTime:5142421520ns, electionTimeout:5142ms
2022-12-22 10:14:58,215 [1a836199-4b37-4331-b3d7-01d1c65ae166@group-C8306A3C8920-FollowerState] INFO  impl.RoleInfo (RoleInfo.java:shutdownFollowerState(110)) - 1a836199-4b37-4331-b3d7-01d1c65ae166: shutdown 1a836199-4b37-4331-b3d7-01d1c65ae166@group-C8306A3C8920-FollowerState
2022-12-22 10:14:58,216 [1a836199-4b37-4331-b3d7-01d1c65ae166@group-C8306A3C8920-FollowerState] INFO  server.RaftServer$Division (RaftServerImpl.java:setRole(321)) - 1a836199-4b37-4331-b3d7-01d1c65ae166@group-C8306A3C8920: changes role from  FOLLOWER to CANDIDATE at term 0 for changeToCandidate
2022-12-22 10:14:58,217 [1a836199-4b37-4331-b3d7-01d1c65ae166@group-C8306A3C8920-FollowerState] INFO  server.RaftServerConfigKeys (ConfUtils.java:logGet(46)) - raft.server.leaderelection.pre-vote = false (custom)
2022-12-22 10:14:58,217 [1a836199-4b37-4331-b3d7-01d1c65ae166@group-C8306A3C8920-FollowerState] INFO  impl.RoleInfo (RoleInfo.java:updateAndGet(139)) - 1a836199-4b37-4331-b3d7-01d1c65ae166: start 1a836199-4b37-4331-b3d7-01d1c65ae166@group-C8306A3C8920-LeaderElection17
2022-12-22 10:14:58,219 [1a836199-4b37-4331-b3d7-01d1c65ae166@group-C8306A3C8920-LeaderElection17] INFO  impl.LeaderElection (LeaderElection.java:askForVotes(312)) - 1a836199-4b37-4331-b3d7-01d1c65ae166@group-C8306A3C8920-LeaderElection17 ELECTION round 0: submit vote requests at term 1 for -1: peers:[1a836199-4b37-4331-b3d7-01d1c65ae166|rpc:127.0.0.1:35593|dataStream:127.0.0.1:44975|priority:1|startupRole:FOLLOWER]|listeners:[], old=null
2022-12-22 10:14:58,219 [1a836199-4b37-4331-b3d7-01d1c65ae166@group-C8306A3C8920-LeaderElection17] INFO  impl.LeaderElection (LeaderElection.java:askForVotes(314)) - 1a836199-4b37-4331-b3d7-01d1c65ae166@group-C8306A3C8920-LeaderElection17 ELECTION round 0: result PASSED (term=1)
2022-12-22 10:14:58,219 [1a836199-4b37-4331-b3d7-01d1c65ae166@group-C8306A3C8920-LeaderElection17] INFO  impl.RoleInfo (RoleInfo.java:shutdownLeaderElection(130)) - 1a836199-4b37-4331-b3d7-01d1c65ae166: shutdown 1a836199-4b37-4331-b3d7-01d1c65ae166@group-C8306A3C8920-LeaderElection17
2022-12-22 10:14:58,219 [1a836199-4b37-4331-b3d7-01d1c65ae166@group-C8306A3C8920-LeaderElection17] INFO  server.RaftServer$Division (RaftServerImpl.java:setRole(321)) - 1a836199-4b37-4331-b3d7-01d1c65ae166@group-C8306A3C8920: changes role from CANDIDATE to LEADER at term 1 for changeToLeader
2022-12-22 10:14:58,219 [1a836199-4b37-4331-b3d7-01d1c65ae166@group-C8306A3C8920-LeaderElection17] INFO  ratis.XceiverServerRatis (XceiverServerRatis.java:handleLeaderChangedNotification(904)) - Leader change notification received for group: group-C8306A3C8920 with new leaderId: 1a836199-4b37-4331-b3d7-01d1c65ae166
2022-12-22 10:14:58,220 [1a836199-4b37-4331-b3d7-01d1c65ae166@group-C8306A3C8920-LeaderElection17] INFO  server.RaftServer$Division (ServerState.java:setLeader(313)) - 1a836199-4b37-4331-b3d7-01d1c65ae166@group-C8306A3C8920: change Leader from null to 1a836199-4b37-4331-b3d7-01d1c65ae166 at term 1 for becomeLeader, leader elected after 5160ms
2022-12-22 10:14:58,220 [1a836199-4b37-4331-b3d7-01d1c65ae166@group-C8306A3C8920-LeaderElection17] INFO  server.RaftServerConfigKeys (ConfUtils.java:logGet(46)) - raft.server.staging.catchup.gap = 1000 (default)
2022-12-22 10:14:58,220 [1a836199-4b37-4331-b3d7-01d1c65ae166@group-C8306A3C8920-LeaderElection17] INFO  server.RaftServerConfigKeys (ConfUtils.java:logGet(46)) - raft.server.write.element-limit = 1024 (custom)
2022-12-22 10:14:58,220 [1a836199-4b37-4331-b3d7-01d1c65ae166@group-C8306A3C8920-LeaderElection17] INFO  server.RaftServerConfigKeys (ConfUtils.java:logGet(46)) - raft.server.write.byte-limit = 1024 M (=1073741824) (custom)
2022-12-22 10:14:58,220 [1a836199-4b37-4331-b3d7-01d1c65ae166@group-C8306A3C8920-LeaderElection17] INFO  server.RaftServerConfigKeys (ConfUtils.java:logGet(46)) - raft.server.watch.timeout = 180s (custom)
2022-12-22 10:14:58,220 [5eea0695-258d-4fe7-9f47-897f5bd73bdb@group-187AFB726811-FollowerState] INFO  impl.FollowerState (FollowerState.java:run(143)) - 5eea0695-258d-4fe7-9f47-897f5bd73bdb@group-187AFB726811-FollowerState: change to CANDIDATE, lastRpcElapsedTime:5112754932ns, electionTimeout:5099ms
2022-12-22 10:14:58,220 [5eea0695-258d-4fe7-9f47-897f5bd73bdb@group-187AFB726811-FollowerState] INFO  impl.RoleInfo (RoleInfo.java:shutdownFollowerState(110)) - 5eea0695-258d-4fe7-9f47-897f5bd73bdb: shutdown 5eea0695-258d-4fe7-9f47-897f5bd73bdb@group-187AFB726811-FollowerState
2022-12-22 10:14:58,220 [5eea0695-258d-4fe7-9f47-897f5bd73bdb@group-187AFB726811-FollowerState] INFO  server.RaftServer$Division (RaftServerImpl.java:setRole(321)) - 5eea0695-258d-4fe7-9f47-897f5bd73bdb@group-187AFB726811: changes role from  FOLLOWER to CANDIDATE at term 0 for changeToCandidate
2022-12-22 10:14:58,220 [1a836199-4b37-4331-b3d7-01d1c65ae166@group-C8306A3C8920-LeaderElection17] INFO  server.RaftServerConfigKeys (ConfUtils.java:logGet(46)) - raft.server.watch.timeout.denomination = 1s (default)
2022-12-22 10:14:58,220 [1a836199-4b37-4331-b3d7-01d1c65ae166@group-C8306A3C8920-LeaderElection17] INFO  server.RaftServerConfigKeys (ConfUtils.java:logGet(46)) - raft.server.watch.element-limit = 65536 (default)
2022-12-22 10:14:58,221 [1a836199-4b37-4331-b3d7-01d1c65ae166@group-C8306A3C8920-LeaderElection17] INFO  server.RaftServerConfigKeys (ConfUtils.java:logGet(46)) - raft.server.write.element-limit = 1024 (custom)
2022-12-22 10:14:58,221 [1a836199-4b37-4331-b3d7-01d1c65ae166@group-C8306A3C8920-LeaderElection17] INFO  server.RaftServerConfigKeys (ConfUtils.java:logGet(46)) - raft.server.write.follower.gap.ratio.max = -1.0 (default)
2022-12-22 10:14:58,221 [1a836199-4b37-4331-b3d7-01d1c65ae166@group-C8306A3C8920-LeaderElection17] INFO  impl.RoleInfo (RoleInfo.java:updateAndGet(139)) - 1a836199-4b37-4331-b3d7-01d1c65ae166: start 1a836199-4b37-4331-b3d7-01d1c65ae166@group-C8306A3C8920-LeaderStateImpl
2022-12-22 10:14:58,221 [1a836199-4b37-4331-b3d7-01d1c65ae166@group-C8306A3C8920-LeaderElection17] INFO  segmented.SegmentedRaftLogWorker (SegmentedRaftLogWorker.java:startLogSegment(452)) - 1a836199-4b37-4331-b3d7-01d1c65ae166@group-C8306A3C8920-SegmentedRaftLogWorker: Starting segment from index:0
2022-12-22 10:14:58,221 [EventQueue-CommandQueueReportForCommandQueueReportHandler] WARN  events.EventQueue (EventQueue.java:fireEvent(216)) - No event handler registered for event TypedEvent{payloadType=DatanodeDetails, name='Datanode_Command_Queue_Updated'}
2022-12-22 10:14:58,221 [EventQueue-OpenPipelineForHealthyPipelineSafeModeRule] INFO  safemode.SCMSafeModeManager (HealthyPipelineSafeModeRule.java:process(137)) - SCM in safe mode. Healthy pipelines reported count is 0, required healthy pipeline reported count is 1
2022-12-22 10:14:58,222 [1a836199-4b37-4331-b3d7-01d1c65ae166@group-C8306A3C8920-SegmentedRaftLogWorker] INFO  segmented.SegmentedRaftLogWorker (SegmentedRaftLogWorker.java:execute(656)) - 1a836199-4b37-4331-b3d7-01d1c65ae166@group-C8306A3C8920-SegmentedRaftLogWorker: created new log segment /home/runner/work/ozone/ozone/hadoop-ozone/integration-test/target/test-dir/MiniOzoneClusterImpl-e8789b07-7928-40b5-ad88-551b1740a89b/datanode-0/data/ratis/5d06ad47-da2d-4079-9a51-c8306a3c8920/current/log_inprogress_0
2022-12-22 10:14:58,222 [5eea0695-258d-4fe7-9f47-897f5bd73bdb@group-187AFB726811-FollowerState] INFO  server.RaftServerConfigKeys (ConfUtils.java:logGet(46)) - raft.server.leaderelection.pre-vote = false (custom)
2022-12-22 10:14:58,222 [5eea0695-258d-4fe7-9f47-897f5bd73bdb@group-187AFB726811-FollowerState] INFO  impl.RoleInfo (RoleInfo.java:updateAndGet(139)) - 5eea0695-258d-4fe7-9f47-897f5bd73bdb: start 5eea0695-258d-4fe7-9f47-897f5bd73bdb@group-187AFB726811-LeaderElection18
2022-12-22 10:14:58,222 [1a836199-4b37-4331-b3d7-01d1c65ae166@group-C8306A3C8920-LeaderElection17] INFO  server.RaftServer$Division (ServerState.java:setRaftConf(430)) - 1a836199-4b37-4331-b3d7-01d1c65ae166@group-C8306A3C8920: set configuration 0: peers:[1a836199-4b37-4331-b3d7-01d1c65ae166|rpc:127.0.0.1:35593|dataStream:127.0.0.1:44975|priority:1|startupRole:FOLLOWER]|listeners:[], old=null
2022-12-22 10:14:58,227 [5eea0695-258d-4fe7-9f47-897f5bd73bdb@group-187AFB726811-LeaderElection18] INFO  impl.LeaderElection (LeaderElection.java:askForVotes(312)) - 5eea0695-258d-4fe7-9f47-897f5bd73bdb@group-187AFB726811-LeaderElection18 ELECTION round 0: submit vote requests at term 1 for -1: peers:[4f5ae387-cd9a-40e6-b48a-d20f36d7a4c1|rpc:127.0.0.1:43977|dataStream:127.0.0.1:40347|priority:0|startupRole:FOLLOWER, 5eea0695-258d-4fe7-9f47-897f5bd73bdb|rpc:127.0.0.1:36371|dataStream:127.0.0.1:38343|priority:1|startupRole:FOLLOWER, 1a836199-4b37-4331-b3d7-01d1c65ae166|rpc:127.0.0.1:35593|dataStream:127.0.0.1:44975|priority:0|startupRole:FOLLOWER]|listeners:[], old=null
2022-12-22 10:14:58,228 [5eea0695-258d-4fe7-9f47-897f5bd73bdb@group-187AFB726811-LeaderElection18-1] INFO  server.GrpcServerProtocolClient (GrpcServerProtocolClient.java:<init>(63)) - Build channel for 4f5ae387-cd9a-40e6-b48a-d20f36d7a4c1
2022-12-22 10:14:58,232 [5eea0695-258d-4fe7-9f47-897f5bd73bdb@group-187AFB726811-LeaderElection18] INFO  server.RaftServerConfigKeys (ConfUtils.java:logFallback(53)) - raft.server.rpc.first-election.timeout.min = 5s (fallback to raft.server.rpc.timeout.min)
2022-12-22 10:14:58,233 [5eea0695-258d-4fe7-9f47-897f5bd73bdb@group-187AFB726811-LeaderElection18] INFO  server.RaftServerConfigKeys (ConfUtils.java:logFallback(53)) - raft.server.rpc.first-election.timeout.max = 5200ms (fallback to raft.server.rpc.timeout.max)
2022-12-22 10:14:58,233 [5eea0695-258d-4fe7-9f47-897f5bd73bdb@group-187AFB726811-LeaderElection18-2] INFO  server.GrpcServerProtocolClient (GrpcServerProtocolClient.java:<init>(63)) - Build channel for 1a836199-4b37-4331-b3d7-01d1c65ae166
2022-12-22 10:14:58,244 [grpc-default-executor-1] INFO  server.RaftServer$Division (RaftServerImpl.java:requestVote(1218)) - 4f5ae387-cd9a-40e6-b48a-d20f36d7a4c1@group-187AFB726811: receive requestVote(ELECTION, 5eea0695-258d-4fe7-9f47-897f5bd73bdb, group-187AFB726811, 1, (t:0, i:0))
2022-12-22 10:14:58,244 [grpc-default-executor-1] INFO  impl.VoteContext (VoteContext.java:log(49)) - 4f5ae387-cd9a-40e6-b48a-d20f36d7a4c1@group-187AFB726811-FOLLOWER: accept ELECTION from 5eea0695-258d-4fe7-9f47-897f5bd73bdb: our priority 0 <= candidate's priority 1
2022-12-22 10:14:58,244 [grpc-default-executor-1] INFO  server.RaftServer$Division (RaftServerImpl.java:setRole(321)) - 4f5ae387-cd9a-40e6-b48a-d20f36d7a4c1@group-187AFB726811: changes role from  FOLLOWER to FOLLOWER at term 1 for candidate:5eea0695-258d-4fe7-9f47-897f5bd73bdb
2022-12-22 10:14:58,244 [grpc-default-executor-1] INFO  impl.RoleInfo (RoleInfo.java:shutdownFollowerState(110)) - 4f5ae387-cd9a-40e6-b48a-d20f36d7a4c1: shutdown 4f5ae387-cd9a-40e6-b48a-d20f36d7a4c1@group-187AFB726811-FollowerState
2022-12-22 10:14:58,244 [4f5ae387-cd9a-40e6-b48a-d20f36d7a4c1@group-187AFB726811-FollowerState] INFO  impl.FollowerState (FollowerState.java:run(152)) - 4f5ae387-cd9a-40e6-b48a-d20f36d7a4c1@group-187AFB726811-FollowerState was interrupted
2022-12-22 10:14:58,245 [grpc-default-executor-1] INFO  impl.RoleInfo (RoleInfo.java:updateAndGet(139)) - 4f5ae387-cd9a-40e6-b48a-d20f36d7a4c1: start 4f5ae387-cd9a-40e6-b48a-d20f36d7a4c1@group-187AFB726811-FollowerState
2022-12-22 10:14:58,250 [grpc-default-executor-1] INFO  server.RaftServer$Division (RaftServerImpl.java:requestVote(1251)) - 4f5ae387-cd9a-40e6-b48a-d20f36d7a4c1@group-187AFB726811 replies to ELECTION vote request: 5eea0695-258d-4fe7-9f47-897f5bd73bdb<-4f5ae387-cd9a-40e6-b48a-d20f36d7a4c1#0:OK-t1. Peer's state: 4f5ae387-cd9a-40e6-b48a-d20f36d7a4c1@group-187AFB726811:t1, leader=null, voted=5eea0695-258d-4fe7-9f47-897f5bd73bdb, raftlog=Memoized:4f5ae387-cd9a-40e6-b48a-d20f36d7a4c1@group-187AFB726811-SegmentedRaftLog:OPENED:c-1, conf=-1: peers:[4f5ae387-cd9a-40e6-b48a-d20f36d7a4c1|rpc:127.0.0.1:43977|dataStream:127.0.0.1:40347|priority:0|startupRole:FOLLOWER, 5eea0695-258d-4fe7-9f47-897f5bd73bdb|rpc:127.0.0.1:36371|dataStream:127.0.0.1:38343|priority:1|startupRole:FOLLOWER, 1a836199-4b37-4331-b3d7-01d1c65ae166|rpc:127.0.0.1:35593|dataStream:127.0.0.1:44975|priority:0|startupRole:FOLLOWER]|listeners:[], old=null
2022-12-22 10:14:58,251 [5eea0695-258d-4fe7-9f47-897f5bd73bdb@group-187AFB726811-LeaderElection18] INFO  impl.LeaderElection (LeaderElection.java:logAndReturn(90)) - 5eea0695-258d-4fe7-9f47-897f5bd73bdb@group-187AFB726811-LeaderElection18: ELECTION PASSED received 1 response(s) and 0 exception(s):
2022-12-22 10:14:58,251 [5eea0695-258d-4fe7-9f47-897f5bd73bdb@group-187AFB726811-LeaderElection18] INFO  impl.LeaderElection (LeaderElection.java:logAndReturn(94)) -   Response 0: 5eea0695-258d-4fe7-9f47-897f5bd73bdb<-4f5ae387-cd9a-40e6-b48a-d20f36d7a4c1#0:OK-t1
2022-12-22 10:14:58,251 [5eea0695-258d-4fe7-9f47-897f5bd73bdb@group-187AFB726811-LeaderElection18] INFO  impl.LeaderElection (LeaderElection.java:askForVotes(314)) - 5eea0695-258d-4fe7-9f47-897f5bd73bdb@group-187AFB726811-LeaderElection18 ELECTION round 0: result PASSED
2022-12-22 10:14:58,251 [5eea0695-258d-4fe7-9f47-897f5bd73bdb@group-187AFB726811-LeaderElection18] INFO  impl.RoleInfo (RoleInfo.java:shutdownLeaderElection(130)) - 5eea0695-258d-4fe7-9f47-897f5bd73bdb: shutdown 5eea0695-258d-4fe7-9f47-897f5bd73bdb@group-187AFB726811-LeaderElection18
2022-12-22 10:14:58,251 [5eea0695-258d-4fe7-9f47-897f5bd73bdb@group-187AFB726811-LeaderElection18] INFO  server.RaftServer$Division (RaftServerImpl.java:setRole(321)) - 5eea0695-258d-4fe7-9f47-897f5bd73bdb@group-187AFB726811: changes role from CANDIDATE to LEADER at term 1 for changeToLeader
2022-12-22 10:14:58,251 [5eea0695-258d-4fe7-9f47-897f5bd73bdb@group-187AFB726811-LeaderElection18] INFO  ratis.XceiverServerRatis (XceiverServerRatis.java:handleLeaderChangedNotification(904)) - Leader change notification received for group: group-187AFB726811 with new leaderId: 5eea0695-258d-4fe7-9f47-897f5bd73bdb
2022-12-22 10:14:58,251 [5eea0695-258d-4fe7-9f47-897f5bd73bdb@group-187AFB726811-LeaderElection18] INFO  server.RaftServer$Division (ServerState.java:setLeader(313)) - 5eea0695-258d-4fe7-9f47-897f5bd73bdb@group-187AFB726811: change Leader from null to 5eea0695-258d-4fe7-9f47-897f5bd73bdb at term 1 for becomeLeader, leader elected after 5154ms
2022-12-22 10:14:58,251 [5eea0695-258d-4fe7-9f47-897f5bd73bdb@group-187AFB726811-LeaderElection18] INFO  server.RaftServerConfigKeys (ConfUtils.java:logGet(46)) - raft.server.staging.catchup.gap = 1000 (default)
2022-12-22 10:14:58,252 [5eea0695-258d-4fe7-9f47-897f5bd73bdb@group-187AFB726811-LeaderElection18] INFO  server.RaftServerConfigKeys (ConfUtils.java:logGet(46)) - raft.server.write.element-limit = 1024 (custom)
2022-12-22 10:14:58,252 [5eea0695-258d-4fe7-9f47-897f5bd73bdb@group-187AFB726811-LeaderElection18] INFO  server.RaftServerConfigKeys (ConfUtils.java:logGet(46)) - raft.server.write.byte-limit = 1024 M (=1073741824) (custom)
2022-12-22 10:14:58,252 [5eea0695-258d-4fe7-9f47-897f5bd73bdb@group-187AFB726811-LeaderElection18] INFO  server.RaftServerConfigKeys (ConfUtils.java:logGet(46)) - raft.server.watch.timeout = 180s (custom)
2022-12-22 10:14:58,252 [5eea0695-258d-4fe7-9f47-897f5bd73bdb@group-187AFB726811-LeaderElection18] INFO  server.RaftServerConfigKeys (ConfUtils.java:logGet(46)) - raft.server.watch.timeout.denomination = 1s (default)
2022-12-22 10:14:58,252 [5eea0695-258d-4fe7-9f47-897f5bd73bdb@group-187AFB726811-LeaderElection18] INFO  server.RaftServerConfigKeys (ConfUtils.java:logGet(46)) - raft.server.watch.element-limit = 65536 (default)
2022-12-22 10:14:58,252 [5eea0695-258d-4fe7-9f47-897f5bd73bdb@group-187AFB726811-LeaderElection18] INFO  server.RaftServerConfigKeys (ConfUtils.java:logGet(46)) - raft.server.write.element-limit = 1024 (custom)
2022-12-22 10:14:58,252 [5eea0695-258d-4fe7-9f47-897f5bd73bdb@group-187AFB726811-LeaderElection18] INFO  server.RaftServerConfigKeys (ConfUtils.java:logGet(46)) - raft.server.write.follower.gap.ratio.max = -1.0 (default)
2022-12-22 10:14:58,252 [5eea0695-258d-4fe7-9f47-897f5bd73bdb@group-187AFB726811-LeaderElection18] INFO  server.RaftServerConfigKeys (ConfUtils.java:logGet(46)) - raft.server.log.appender.snapshot.chunk.size.max = 16MB (=16777216) (default)
2022-12-22 10:14:58,252 [5eea0695-258d-4fe7-9f47-897f5bd73bdb@group-187AFB726811-LeaderElection18] INFO  server.RaftServerConfigKeys (ConfUtils.java:logGet(46)) - raft.server.log.appender.buffer.byte-limit = 33554432 (custom)
2022-12-22 10:14:58,252 [5eea0695-258d-4fe7-9f47-897f5bd73bdb@group-187AFB726811-LeaderElection18] INFO  server.RaftServerConfigKeys (ConfUtils.java:logGet(46)) - raft.server.log.appender.buffer.element-limit = 1 (custom)
2022-12-22 10:14:58,252 [5eea0695-258d-4fe7-9f47-897f5bd73bdb@group-187AFB726811-LeaderElection18] INFO  grpc.GrpcConfigKeys (ConfUtils.java:logGet(46)) - raft.grpc.server.leader.outstanding.appends.max = 128 (default)
2022-12-22 10:14:58,252 [5eea0695-258d-4fe7-9f47-897f5bd73bdb@group-187AFB726811-LeaderElection18] INFO  server.RaftServerConfigKeys (ConfUtils.java:logGet(46)) - raft.server.rpc.request.timeout = 60s (custom)
2022-12-22 10:14:58,253 [5eea0695-258d-4fe7-9f47-897f5bd73bdb@group-187AFB726811-LeaderElection18] INFO  server.RaftServerConfigKeys (ConfUtils.java:logGet(46)) - raft.server.log.appender.install.snapshot.enabled = false (custom)
2022-12-22 10:14:58,253 [5eea0695-258d-4fe7-9f47-897f5bd73bdb@group-187AFB726811-LeaderElection18] INFO  grpc.GrpcConfigKeys (ConfUtils.java:logGet(46)) - raft.grpc.server.heartbeat.channel = true (default)
2022-12-22 10:14:58,253 [5eea0695-258d-4fe7-9f47-897f5bd73bdb@group-187AFB726811-LeaderElection18] INFO  server.RaftServerConfigKeys (ConfUtils.java:logGet(46)) - raft.server.log.appender.wait-time.min = 10ms (default)
2022-12-22 10:14:58,253 [5eea0695-258d-4fe7-9f47-897f5bd73bdb@group-187AFB726811-LeaderElection18] INFO  server.RaftServerConfigKeys (ConfUtils.java:logGet(46)) - raft.server.log.appender.snapshot.chunk.size.max = 16MB (=16777216) (default)
2022-12-22 10:14:58,253 [5eea0695-258d-4fe7-9f47-897f5bd73bdb@group-187AFB726811-LeaderElection18] INFO  server.RaftServerConfigKeys (ConfUtils.java:logGet(46)) - raft.server.log.appender.buffer.byte-limit = 33554432 (custom)
2022-12-22 10:14:58,253 [5eea0695-258d-4fe7-9f47-897f5bd73bdb@group-187AFB726811-LeaderElection18] INFO  server.RaftServerConfigKeys (ConfUtils.java:logGet(46)) - raft.server.log.appender.buffer.element-limit = 1 (custom)
2022-12-22 10:14:58,253 [5eea0695-258d-4fe7-9f47-897f5bd73bdb@group-187AFB726811-LeaderElection18] INFO  grpc.GrpcConfigKeys (ConfUtils.java:logGet(46)) - raft.grpc.server.leader.outstanding.appends.max = 128 (default)
2022-12-22 10:14:58,253 [5eea0695-258d-4fe7-9f47-897f5bd73bdb@group-187AFB726811-LeaderElection18] INFO  server.RaftServerConfigKeys (ConfUtils.java:logGet(46)) - raft.server.rpc.request.timeout = 60s (custom)
2022-12-22 10:14:58,253 [5eea0695-258d-4fe7-9f47-897f5bd73bdb@group-187AFB726811-LeaderElection18] INFO  server.RaftServerConfigKeys (ConfUtils.java:logGet(46)) - raft.server.log.appender.install.snapshot.enabled = false (custom)
2022-12-22 10:14:58,253 [5eea0695-258d-4fe7-9f47-897f5bd73bdb@group-187AFB726811-LeaderElection18] INFO  grpc.GrpcConfigKeys (ConfUtils.java:logGet(46)) - raft.grpc.server.heartbeat.channel = true (default)
2022-12-22 10:14:58,253 [5eea0695-258d-4fe7-9f47-897f5bd73bdb@group-187AFB726811-LeaderElection18] INFO  server.RaftServerConfigKeys (ConfUtils.java:logGet(46)) - raft.server.log.appender.wait-time.min = 10ms (default)
2022-12-22 10:14:58,253 [5eea0695-258d-4fe7-9f47-897f5bd73bdb@group-187AFB726811-LeaderElection18] INFO  impl.RoleInfo (RoleInfo.java:updateAndGet(139)) - 5eea0695-258d-4fe7-9f47-897f5bd73bdb: start 5eea0695-258d-4fe7-9f47-897f5bd73bdb@group-187AFB726811-LeaderStateImpl
2022-12-22 10:14:58,254 [5eea0695-258d-4fe7-9f47-897f5bd73bdb@group-187AFB726811-LeaderElection18] INFO  segmented.SegmentedRaftLogWorker (SegmentedRaftLogWorker.java:startLogSegment(452)) - 5eea0695-258d-4fe7-9f47-897f5bd73bdb@group-187AFB726811-SegmentedRaftLogWorker: Starting segment from index:0
2022-12-22 10:14:58,256 [EventQueue-CommandQueueReportForCommandQueueReportHandler] WARN  events.EventQueue (EventQueue.java:fireEvent(216)) - No event handler registered for event TypedEvent{payloadType=DatanodeDetails, name='Datanode_Command_Queue_Updated'}
2022-12-22 10:14:58,256 [EventQueue-OpenPipelineForHealthyPipelineSafeModeRule] INFO  safemode.SCMSafeModeManager (HealthyPipelineSafeModeRule.java:process(137)) - SCM in safe mode. Healthy pipelines reported count is 0, required healthy pipeline reported count is 1
2022-12-22 10:14:58,256 [EventQueue-PipelineReportForPipelineReportHandler] INFO  pipeline.PipelineManagerImpl (PipelineManagerImpl.java:openPipeline(367)) - Pipeline Pipeline[ Id: 4285de77-48eb-4694-a90b-187afb726811, Nodes: 5eea0695-258d-4fe7-9f47-897f5bd73bdb{ip: 127.0.0.1, host: localhost, ports: [REPLICATION=44383, RATIS=36371, RATIS_ADMIN=36371, RATIS_SERVER=36371, RATIS_DATASTREAM=38343, STANDALONE=44851], networkLocation: /default-rack, certSerialId: null, persistedOpState: IN_SERVICE, persistedOpStateExpiryEpochSec: 0}1a836199-4b37-4331-b3d7-01d1c65ae166{ip: 127.0.0.1, host: localhost, ports: [REPLICATION=35831, RATIS=35593, RATIS_ADMIN=35593, RATIS_SERVER=35593, RATIS_DATASTREAM=44975, STANDALONE=37635], networkLocation: /default-rack, certSerialId: null, persistedOpState: IN_SERVICE, persistedOpStateExpiryEpochSec: 0}4f5ae387-cd9a-40e6-b48a-d20f36d7a4c1{ip: 127.0.0.1, host: localhost, ports: [REPLICATION=37041, RATIS=43977, RATIS_ADMIN=43977, RATIS_SERVER=43977, RATIS_DATASTREAM=40347, STANDALONE=36151], networkLocation: /default-rack, certSerialId: null, persistedOpState: IN_SERVICE, persistedOpStateExpiryEpochSec: 0}, ReplicationConfig: RATIS/THREE, State:ALLOCATED, leaderId:5eea0695-258d-4fe7-9f47-897f5bd73bdb, CreationTimestamp2022-12-22T10:14:50.688Z[Etc/UTC]] moved to OPEN state
2022-12-22 10:14:58,256 [5eea0695-258d-4fe7-9f47-897f5bd73bdb@group-187AFB726811-SegmentedRaftLogWorker] INFO  segmented.SegmentedRaftLogWorker (SegmentedRaftLogWorker.java:execute(656)) - 5eea0695-258d-4fe7-9f47-897f5bd73bdb@group-187AFB726811-SegmentedRaftLogWorker: created new log segment /home/runner/work/ozone/ozone/hadoop-ozone/integration-test/target/test-dir/MiniOzoneClusterImpl-e8789b07-7928-40b5-ad88-551b1740a89b/datanode-2/data/ratis/4285de77-48eb-4694-a90b-187afb726811/current/log_inprogress_0
2022-12-22 10:14:58,258 [945fd0ed-8171-4835-b0ec-144ef106a250@group-551B1740A89B-StateMachineUpdater] INFO  safemode.HealthyPipelineSafeModeRule (HealthyPipelineSafeModeRule.java:initializeRule(165)) - Refreshed total pipeline count is 1, healthy pipeline threshold count is 1
2022-12-22 10:14:58,258 [EventQueue-OpenPipelineForHealthyPipelineSafeModeRule] INFO  safemode.SCMSafeModeManager (HealthyPipelineSafeModeRule.java:process(137)) - SCM in safe mode. Healthy pipelines reported count is 1, required healthy pipeline reported count is 1
2022-12-22 10:14:58,258 [EventQueue-OpenPipelineForHealthyPipelineSafeModeRule] INFO  safemode.SCMSafeModeManager (SCMSafeModeManager.java:validateSafeModeExitRules(200)) - HealthyPipelineSafeModeRule rule is successfully validated
2022-12-22 10:14:58,258 [EventQueue-OpenPipelineForHealthyPipelineSafeModeRule] INFO  safemode.SCMSafeModeManager (SCMSafeModeManager.java:validateSafeModeExitRules(215)) - ScmSafeModeManager, all rules are successfully validated
2022-12-22 10:14:58,259 [EventQueue-OpenPipelineForHealthyPipelineSafeModeRule] INFO  safemode.SCMSafeModeManager (SCMSafeModeManager.java:exitSafeMode(244)) - SCM exiting safe mode.
2022-12-22 10:14:58,259 [EventQueue-OpenPipelineForHealthyPipelineSafeModeRule] INFO  ha.SCMContext (SCMContext.java:updateSafeModeStatus(228)) - Update SafeModeStatus from SafeModeStatus{safeModeStatus=true, preCheckPassed=true} to SafeModeStatus{safeModeStatus=false, preCheckPassed=true}.
2022-12-22 10:14:58,259 [EventQueue-OpenPipelineForHealthyPipelineSafeModeRule] INFO  BackgroundPipelineScrubber (BackgroundSCMService.java:notifyStatusChanged(82)) - Service BackgroundPipelineScrubber transitions to RUNNING.
2022-12-22 10:14:58,259 [EventQueue-OpenPipelineForHealthyPipelineSafeModeRule] INFO  ExpiredContainerReplicaOpScrubber (BackgroundSCMService.java:notifyStatusChanged(82)) - Service ExpiredContainerReplicaOpScrubber transitions to RUNNING.
2022-12-22 10:14:58,259 [EventQueue-OpenPipelineForHealthyPipelineSafeModeRule] INFO  replication.ReplicationManager (ReplicationManager.java:notifyStatusChanged(918)) - Service ReplicationManager transitions to RUNNING.
2022-12-22 10:14:58,259 [EventQueue-OpenPipelineForHealthyPipelineSafeModeRule] WARN  balancer.ContainerBalancer (ContainerBalancer.java:shouldRun(131)) - Could not find persisted configuration for ContainerBalancer when checking if ContainerBalancer should run. ContainerBalancer should not run now.
2022-12-22 10:14:58,261 [4f5ae387-cd9a-40e6-b48a-d20f36d7a4c1@group-187AFB726811-FollowerState] INFO  server.RaftServerConfigKeys (ConfUtils.java:logFallback(53)) - raft.server.rpc.first-election.timeout.min = 5s (fallback to raft.server.rpc.timeout.min)
2022-12-22 10:14:58,261 [4f5ae387-cd9a-40e6-b48a-d20f36d7a4c1@group-187AFB726811-FollowerState] INFO  server.RaftServerConfigKeys (ConfUtils.java:logFallback(53)) - raft.server.rpc.first-election.timeout.max = 5200ms (fallback to raft.server.rpc.timeout.max)
2022-12-22 10:14:58,282 [5eea0695-258d-4fe7-9f47-897f5bd73bdb@group-187AFB726811-LeaderElection18] INFO  server.RaftServer$Division (ServerState.java:setRaftConf(430)) - 5eea0695-258d-4fe7-9f47-897f5bd73bdb@group-187AFB726811: set configuration 0: peers:[4f5ae387-cd9a-40e6-b48a-d20f36d7a4c1|rpc:127.0.0.1:43977|dataStream:127.0.0.1:40347|priority:0|startupRole:FOLLOWER, 5eea0695-258d-4fe7-9f47-897f5bd73bdb|rpc:127.0.0.1:36371|dataStream:127.0.0.1:38343|priority:1|startupRole:FOLLOWER, 1a836199-4b37-4331-b3d7-01d1c65ae166|rpc:127.0.0.1:35593|dataStream:127.0.0.1:44975|priority:0|startupRole:FOLLOWER]|listeners:[], old=null
2022-12-22 10:14:58,283 [grpc-default-executor-2] INFO  server.RaftServer$Division (RaftServerImpl.java:requestVote(1218)) - 1a836199-4b37-4331-b3d7-01d1c65ae166@group-187AFB726811: receive requestVote(ELECTION, 5eea0695-258d-4fe7-9f47-897f5bd73bdb, group-187AFB726811, 1, (t:0, i:0))
2022-12-22 10:14:58,283 [grpc-default-executor-2] INFO  impl.VoteContext (VoteContext.java:log(49)) - 1a836199-4b37-4331-b3d7-01d1c65ae166@group-187AFB726811-FOLLOWER: accept ELECTION from 5eea0695-258d-4fe7-9f47-897f5bd73bdb: our priority 0 <= candidate's priority 1
2022-12-22 10:14:58,283 [grpc-default-executor-2] INFO  server.RaftServer$Division (RaftServerImpl.java:setRole(321)) - 1a836199-4b37-4331-b3d7-01d1c65ae166@group-187AFB726811: changes role from  FOLLOWER to FOLLOWER at term 1 for candidate:5eea0695-258d-4fe7-9f47-897f5bd73bdb
2022-12-22 10:14:58,283 [4f5ae387-cd9a-40e6-b48a-d20f36d7a4c1-server-thread1] INFO  ratis.XceiverServerRatis (XceiverServerRatis.java:handleLeaderChangedNotification(904)) - Leader change notification received for group: group-187AFB726811 with new leaderId: 5eea0695-258d-4fe7-9f47-897f5bd73bdb
2022-12-22 10:14:58,283 [4f5ae387-cd9a-40e6-b48a-d20f36d7a4c1-server-thread1] INFO  server.RaftServer$Division (ServerState.java:setLeader(313)) - 4f5ae387-cd9a-40e6-b48a-d20f36d7a4c1@group-187AFB726811: change Leader from null to 5eea0695-258d-4fe7-9f47-897f5bd73bdb at term 1 for appendEntries, leader elected after 5141ms
2022-12-22 10:14:58,283 [grpc-default-executor-2] INFO  impl.RoleInfo (RoleInfo.java:shutdownFollowerState(110)) - 1a836199-4b37-4331-b3d7-01d1c65ae166: shutdown 1a836199-4b37-4331-b3d7-01d1c65ae166@group-187AFB726811-FollowerState
2022-12-22 10:14:58,283 [1a836199-4b37-4331-b3d7-01d1c65ae166@group-187AFB726811-FollowerState] INFO  impl.FollowerState (FollowerState.java:shouldRun(117)) - 1a836199-4b37-4331-b3d7-01d1c65ae166@group-187AFB726811-FollowerState: Stopping now (isRunning? false, role = FOLLOWER)
2022-12-22 10:14:58,288 [grpc-default-executor-2] INFO  impl.RoleInfo (RoleInfo.java:updateAndGet(139)) - 1a836199-4b37-4331-b3d7-01d1c65ae166: start 1a836199-4b37-4331-b3d7-01d1c65ae166@group-187AFB726811-FollowerState
2022-12-22 10:14:58,289 [1a836199-4b37-4331-b3d7-01d1c65ae166@group-187AFB726811-FollowerState] INFO  server.RaftServerConfigKeys (ConfUtils.java:logFallback(53)) - raft.server.rpc.first-election.timeout.min = 5s (fallback to raft.server.rpc.timeout.min)
2022-12-22 10:14:58,289 [1a836199-4b37-4331-b3d7-01d1c65ae166@group-187AFB726811-FollowerState] INFO  server.RaftServerConfigKeys (ConfUtils.java:logFallback(53)) - raft.server.rpc.first-election.timeout.max = 5200ms (fallback to raft.server.rpc.timeout.max)
2022-12-22 10:14:58,290 [grpc-default-executor-2] INFO  server.RaftServer$Division (RaftServerImpl.java:requestVote(1251)) - 1a836199-4b37-4331-b3d7-01d1c65ae166@group-187AFB726811 replies to ELECTION vote request: 5eea0695-258d-4fe7-9f47-897f5bd73bdb<-1a836199-4b37-4331-b3d7-01d1c65ae166#0:OK-t1. Peer's state: 1a836199-4b37-4331-b3d7-01d1c65ae166@group-187AFB726811:t1, leader=null, voted=5eea0695-258d-4fe7-9f47-897f5bd73bdb, raftlog=Memoized:1a836199-4b37-4331-b3d7-01d1c65ae166@group-187AFB726811-SegmentedRaftLog:OPENED:c-1, conf=-1: peers:[4f5ae387-cd9a-40e6-b48a-d20f36d7a4c1|rpc:127.0.0.1:43977|dataStream:127.0.0.1:40347|priority:0|startupRole:FOLLOWER, 5eea0695-258d-4fe7-9f47-897f5bd73bdb|rpc:127.0.0.1:36371|dataStream:127.0.0.1:38343|priority:1|startupRole:FOLLOWER, 1a836199-4b37-4331-b3d7-01d1c65ae166|rpc:127.0.0.1:35593|dataStream:127.0.0.1:44975|priority:0|startupRole:FOLLOWER]|listeners:[], old=null
2022-12-22 10:14:58,291 [4f5ae387-cd9a-40e6-b48a-d20f36d7a4c1-server-thread1] INFO  server.RaftServer$Division (ServerState.java:setRaftConf(430)) - 4f5ae387-cd9a-40e6-b48a-d20f36d7a4c1@group-187AFB726811: set configuration 0: peers:[4f5ae387-cd9a-40e6-b48a-d20f36d7a4c1|rpc:127.0.0.1:43977|dataStream:127.0.0.1:40347|priority:0|startupRole:FOLLOWER, 5eea0695-258d-4fe7-9f47-897f5bd73bdb|rpc:127.0.0.1:36371|dataStream:127.0.0.1:38343|priority:1|startupRole:FOLLOWER, 1a836199-4b37-4331-b3d7-01d1c65ae166|rpc:127.0.0.1:35593|dataStream:127.0.0.1:44975|priority:0|startupRole:FOLLOWER]|listeners:[], old=null
2022-12-22 10:14:58,291 [4f5ae387-cd9a-40e6-b48a-d20f36d7a4c1-server-thread1] INFO  segmented.SegmentedRaftLogWorker (SegmentedRaftLogWorker.java:startLogSegment(452)) - 4f5ae387-cd9a-40e6-b48a-d20f36d7a4c1@group-187AFB726811-SegmentedRaftLogWorker: Starting segment from index:0
2022-12-22 10:14:58,292 [1a836199-4b37-4331-b3d7-01d1c65ae166-server-thread2] INFO  ratis.XceiverServerRatis (XceiverServerRatis.java:handleLeaderChangedNotification(904)) - Leader change notification received for group: group-187AFB726811 with new leaderId: 5eea0695-258d-4fe7-9f47-897f5bd73bdb
2022-12-22 10:14:58,292 [1a836199-4b37-4331-b3d7-01d1c65ae166-server-thread2] INFO  server.RaftServer$Division (ServerState.java:setLeader(313)) - 1a836199-4b37-4331-b3d7-01d1c65ae166@group-187AFB726811: change Leader from null to 5eea0695-258d-4fe7-9f47-897f5bd73bdb at term 1 for appendEntries, leader elected after 5215ms
2022-12-22 10:14:58,293 [4f5ae387-cd9a-40e6-b48a-d20f36d7a4c1@group-187AFB726811-SegmentedRaftLogWorker] INFO  segmented.SegmentedRaftLogWorker (SegmentedRaftLogWorker.java:execute(656)) - 4f5ae387-cd9a-40e6-b48a-d20f36d7a4c1@group-187AFB726811-SegmentedRaftLogWorker: created new log segment /home/runner/work/ozone/ozone/hadoop-ozone/integration-test/target/test-dir/MiniOzoneClusterImpl-e8789b07-7928-40b5-ad88-551b1740a89b/datanode-1/data/ratis/4285de77-48eb-4694-a90b-187afb726811/current/log_inprogress_0
2022-12-22 10:14:58,294 [1a836199-4b37-4331-b3d7-01d1c65ae166-server-thread2] INFO  server.RaftServer$Division (ServerState.java:setRaftConf(430)) - 1a836199-4b37-4331-b3d7-01d1c65ae166@group-187AFB726811: set configuration 0: peers:[4f5ae387-cd9a-40e6-b48a-d20f36d7a4c1|rpc:127.0.0.1:43977|dataStream:127.0.0.1:40347|priority:0|startupRole:FOLLOWER, 5eea0695-258d-4fe7-9f47-897f5bd73bdb|rpc:127.0.0.1:36371|dataStream:127.0.0.1:38343|priority:1|startupRole:FOLLOWER, 1a836199-4b37-4331-b3d7-01d1c65ae166|rpc:127.0.0.1:35593|dataStream:127.0.0.1:44975|priority:0|startupRole:FOLLOWER]|listeners:[], old=null
2022-12-22 10:14:58,294 [1a836199-4b37-4331-b3d7-01d1c65ae166-server-thread2] INFO  segmented.SegmentedRaftLogWorker (SegmentedRaftLogWorker.java:startLogSegment(452)) - 1a836199-4b37-4331-b3d7-01d1c65ae166@group-187AFB726811-SegmentedRaftLogWorker: Starting segment from index:0
2022-12-22 10:14:58,295 [1a836199-4b37-4331-b3d7-01d1c65ae166@group-187AFB726811-SegmentedRaftLogWorker] INFO  segmented.SegmentedRaftLogWorker (SegmentedRaftLogWorker.java:execute(656)) - 1a836199-4b37-4331-b3d7-01d1c65ae166@group-187AFB726811-SegmentedRaftLogWorker: created new log segment /home/runner/work/ozone/ozone/hadoop-ozone/integration-test/target/test-dir/MiniOzoneClusterImpl-e8789b07-7928-40b5-ad88-551b1740a89b/datanode-0/data/ratis/4285de77-48eb-4694-a90b-187afb726811/current/log_inprogress_0
2022-12-22 10:14:58,314 [4f5ae387-cd9a-40e6-b48a-d20f36d7a4c1@group-383C0469F232-FollowerState] INFO  impl.FollowerState (FollowerState.java:run(143)) - 4f5ae387-cd9a-40e6-b48a-d20f36d7a4c1@group-383C0469F232-FollowerState: change to CANDIDATE, lastRpcElapsedTime:5049439836ns, electionTimeout:5046ms
2022-12-22 10:14:58,314 [4f5ae387-cd9a-40e6-b48a-d20f36d7a4c1@group-383C0469F232-FollowerState] INFO  impl.RoleInfo (RoleInfo.java:shutdownFollowerState(110)) - 4f5ae387-cd9a-40e6-b48a-d20f36d7a4c1: shutdown 4f5ae387-cd9a-40e6-b48a-d20f36d7a4c1@group-383C0469F232-FollowerState
2022-12-22 10:14:58,314 [4f5ae387-cd9a-40e6-b48a-d20f36d7a4c1@group-383C0469F232-FollowerState] INFO  server.RaftServer$Division (RaftServerImpl.java:setRole(321)) - 4f5ae387-cd9a-40e6-b48a-d20f36d7a4c1@group-383C0469F232: changes role from  FOLLOWER to CANDIDATE at term 0 for changeToCandidate
2022-12-22 10:14:58,315 [4f5ae387-cd9a-40e6-b48a-d20f36d7a4c1@group-383C0469F232-FollowerState] INFO  server.RaftServerConfigKeys (ConfUtils.java:logGet(46)) - raft.server.leaderelection.pre-vote = false (custom)
2022-12-22 10:14:58,315 [4f5ae387-cd9a-40e6-b48a-d20f36d7a4c1@group-383C0469F232-FollowerState] INFO  impl.RoleInfo (RoleInfo.java:updateAndGet(139)) - 4f5ae387-cd9a-40e6-b48a-d20f36d7a4c1: start 4f5ae387-cd9a-40e6-b48a-d20f36d7a4c1@group-383C0469F232-LeaderElection19
2022-12-22 10:14:58,318 [4f5ae387-cd9a-40e6-b48a-d20f36d7a4c1@group-383C0469F232-LeaderElection19] INFO  impl.LeaderElection (LeaderElection.java:askForVotes(312)) - 4f5ae387-cd9a-40e6-b48a-d20f36d7a4c1@group-383C0469F232-LeaderElection19 ELECTION round 0: submit vote requests at term 1 for -1: peers:[4f5ae387-cd9a-40e6-b48a-d20f36d7a4c1|rpc:127.0.0.1:43977|dataStream:127.0.0.1:40347|priority:1|startupRole:FOLLOWER, 5eea0695-258d-4fe7-9f47-897f5bd73bdb|rpc:127.0.0.1:36371|dataStream:127.0.0.1:38343|priority:0|startupRole:FOLLOWER, 1a836199-4b37-4331-b3d7-01d1c65ae166|rpc:127.0.0.1:35593|dataStream:127.0.0.1:44975|priority:0|startupRole:FOLLOWER]|listeners:[], old=null
2022-12-22 10:14:58,319 [4f5ae387-cd9a-40e6-b48a-d20f36d7a4c1@group-383C0469F232-LeaderElection19-1] INFO  server.GrpcServerProtocolClient (GrpcServerProtocolClient.java:<init>(63)) - Build channel for 5eea0695-258d-4fe7-9f47-897f5bd73bdb
2022-12-22 10:14:58,319 [4f5ae387-cd9a-40e6-b48a-d20f36d7a4c1@group-383C0469F232-LeaderElection19] INFO  server.RaftServerConfigKeys (ConfUtils.java:logFallback(53)) - raft.server.rpc.first-election.timeout.min = 5s (fallback to raft.server.rpc.timeout.min)
2022-12-22 10:14:58,319 [4f5ae387-cd9a-40e6-b48a-d20f36d7a4c1@group-383C0469F232-LeaderElection19] INFO  server.RaftServerConfigKeys (ConfUtils.java:logFallback(53)) - raft.server.rpc.first-election.timeout.max = 5200ms (fallback to raft.server.rpc.timeout.max)
2022-12-22 10:14:58,319 [4f5ae387-cd9a-40e6-b48a-d20f36d7a4c1@group-383C0469F232-LeaderElection19-2] INFO  server.GrpcServerProtocolClient (GrpcServerProtocolClient.java:<init>(63)) - Build channel for 1a836199-4b37-4331-b3d7-01d1c65ae166
2022-12-22 10:14:58,330 [grpc-default-executor-4] INFO  server.RaftServer$Division (RaftServerImpl.java:requestVote(1218)) - 5eea0695-258d-4fe7-9f47-897f5bd73bdb@group-383C0469F232: receive requestVote(ELECTION, 4f5ae387-cd9a-40e6-b48a-d20f36d7a4c1, group-383C0469F232, 1, (t:0, i:0))
2022-12-22 10:14:58,330 [grpc-default-executor-4] INFO  impl.VoteContext (VoteContext.java:log(49)) - 5eea0695-258d-4fe7-9f47-897f5bd73bdb@group-383C0469F232-FOLLOWER: accept ELECTION from 4f5ae387-cd9a-40e6-b48a-d20f36d7a4c1: our priority 0 <= candidate's priority 1
2022-12-22 10:14:58,330 [grpc-default-executor-4] INFO  server.RaftServer$Division (RaftServerImpl.java:setRole(321)) - 5eea0695-258d-4fe7-9f47-897f5bd73bdb@group-383C0469F232: changes role from  FOLLOWER to FOLLOWER at term 1 for candidate:4f5ae387-cd9a-40e6-b48a-d20f36d7a4c1
2022-12-22 10:14:58,330 [grpc-default-executor-4] INFO  impl.RoleInfo (RoleInfo.java:shutdownFollowerState(110)) - 5eea0695-258d-4fe7-9f47-897f5bd73bdb: shutdown 5eea0695-258d-4fe7-9f47-897f5bd73bdb@group-383C0469F232-FollowerState
2022-12-22 10:14:58,330 [5eea0695-258d-4fe7-9f47-897f5bd73bdb@group-383C0469F232-FollowerState] INFO  impl.FollowerState (FollowerState.java:run(152)) - 5eea0695-258d-4fe7-9f47-897f5bd73bdb@group-383C0469F232-FollowerState was interrupted
2022-12-22 10:14:58,332 [grpc-default-executor-4] INFO  impl.RoleInfo (RoleInfo.java:updateAndGet(139)) - 5eea0695-258d-4fe7-9f47-897f5bd73bdb: start 5eea0695-258d-4fe7-9f47-897f5bd73bdb@group-383C0469F232-FollowerState
2022-12-22 10:14:58,337 [5eea0695-258d-4fe7-9f47-897f5bd73bdb@group-383C0469F232-FollowerState] INFO  server.RaftServerConfigKeys (ConfUtils.java:logFallback(53)) - raft.server.rpc.first-election.timeout.min = 5s (fallback to raft.server.rpc.timeout.min)
2022-12-22 10:14:58,337 [5eea0695-258d-4fe7-9f47-897f5bd73bdb@group-383C0469F232-FollowerState] INFO  server.RaftServerConfigKeys (ConfUtils.java:logFallback(53)) - raft.server.rpc.first-election.timeout.max = 5200ms (fallback to raft.server.rpc.timeout.max)
2022-12-22 10:14:58,337 [grpc-default-executor-4] INFO  server.RaftServer$Division (RaftServerImpl.java:requestVote(1251)) - 5eea0695-258d-4fe7-9f47-897f5bd73bdb@group-383C0469F232 replies to ELECTION vote request: 4f5ae387-cd9a-40e6-b48a-d20f36d7a4c1<-5eea0695-258d-4fe7-9f47-897f5bd73bdb#0:OK-t1. Peer's state: 5eea0695-258d-4fe7-9f47-897f5bd73bdb@group-383C0469F232:t1, leader=null, voted=4f5ae387-cd9a-40e6-b48a-d20f36d7a4c1, raftlog=Memoized:5eea0695-258d-4fe7-9f47-897f5bd73bdb@group-383C0469F232-SegmentedRaftLog:OPENED:c-1, conf=-1: peers:[4f5ae387-cd9a-40e6-b48a-d20f36d7a4c1|rpc:127.0.0.1:43977|dataStream:127.0.0.1:40347|priority:1|startupRole:FOLLOWER, 5eea0695-258d-4fe7-9f47-897f5bd73bdb|rpc:127.0.0.1:36371|dataStream:127.0.0.1:38343|priority:0|startupRole:FOLLOWER, 1a836199-4b37-4331-b3d7-01d1c65ae166|rpc:127.0.0.1:35593|dataStream:127.0.0.1:44975|priority:0|startupRole:FOLLOWER]|listeners:[], old=null
2022-12-22 10:14:58,338 [4f5ae387-cd9a-40e6-b48a-d20f36d7a4c1@group-383C0469F232-LeaderElection19] INFO  impl.LeaderElection (LeaderElection.java:logAndReturn(90)) - 4f5ae387-cd9a-40e6-b48a-d20f36d7a4c1@group-383C0469F232-LeaderElection19: ELECTION PASSED received 1 response(s) and 0 exception(s):
2022-12-22 10:14:58,338 [4f5ae387-cd9a-40e6-b48a-d20f36d7a4c1@group-383C0469F232-LeaderElection19] INFO  impl.LeaderElection (LeaderElection.java:logAndReturn(94)) -   Response 0: 4f5ae387-cd9a-40e6-b48a-d20f36d7a4c1<-5eea0695-258d-4fe7-9f47-897f5bd73bdb#0:OK-t1
2022-12-22 10:14:58,338 [4f5ae387-cd9a-40e6-b48a-d20f36d7a4c1@group-383C0469F232-LeaderElection19] INFO  impl.LeaderElection (LeaderElection.java:askForVotes(314)) - 4f5ae387-cd9a-40e6-b48a-d20f36d7a4c1@group-383C0469F232-LeaderElection19 ELECTION round 0: result PASSED
2022-12-22 10:14:58,338 [4f5ae387-cd9a-40e6-b48a-d20f36d7a4c1@group-383C0469F232-LeaderElection19] INFO  impl.RoleInfo (RoleInfo.java:shutdownLeaderElection(130)) - 4f5ae387-cd9a-40e6-b48a-d20f36d7a4c1: shutdown 4f5ae387-cd9a-40e6-b48a-d20f36d7a4c1@group-383C0469F232-LeaderElection19
2022-12-22 10:14:58,338 [4f5ae387-cd9a-40e6-b48a-d20f36d7a4c1@group-383C0469F232-LeaderElection19] INFO  server.RaftServer$Division (RaftServerImpl.java:setRole(321)) - 4f5ae387-cd9a-40e6-b48a-d20f36d7a4c1@group-383C0469F232: changes role from CANDIDATE to LEADER at term 1 for changeToLeader
2022-12-22 10:14:58,338 [4f5ae387-cd9a-40e6-b48a-d20f36d7a4c1@group-383C0469F232-LeaderElection19] INFO  ratis.XceiverServerRatis (XceiverServerRatis.java:handleLeaderChangedNotification(904)) - Leader change notification received for group: group-383C0469F232 with new leaderId: 4f5ae387-cd9a-40e6-b48a-d20f36d7a4c1
2022-12-22 10:14:58,339 [4f5ae387-cd9a-40e6-b48a-d20f36d7a4c1@group-383C0469F232-LeaderElection19] INFO  server.RaftServer$Division (ServerState.java:setLeader(313)) - 4f5ae387-cd9a-40e6-b48a-d20f36d7a4c1@group-383C0469F232: change Leader from null to 4f5ae387-cd9a-40e6-b48a-d20f36d7a4c1 at term 1 for becomeLeader, leader elected after 5082ms
2022-12-22 10:14:58,339 [4f5ae387-cd9a-40e6-b48a-d20f36d7a4c1@group-383C0469F232-LeaderElection19] INFO  server.RaftServerConfigKeys (ConfUtils.java:logGet(46)) - raft.server.staging.catchup.gap = 1000 (default)
2022-12-22 10:14:58,339 [4f5ae387-cd9a-40e6-b48a-d20f36d7a4c1@group-383C0469F232-LeaderElection19] INFO  server.RaftServerConfigKeys (ConfUtils.java:logGet(46)) - raft.server.write.element-limit = 1024 (custom)
2022-12-22 10:14:58,339 [4f5ae387-cd9a-40e6-b48a-d20f36d7a4c1@group-383C0469F232-LeaderElection19] INFO  server.RaftServerConfigKeys (ConfUtils.java:logGet(46)) - raft.server.write.byte-limit = 1024 M (=1073741824) (custom)
2022-12-22 10:14:58,339 [4f5ae387-cd9a-40e6-b48a-d20f36d7a4c1@group-383C0469F232-LeaderElection19] INFO  server.RaftServerConfigKeys (ConfUtils.java:logGet(46)) - raft.server.watch.timeout = 180s (custom)
2022-12-22 10:14:58,339 [4f5ae387-cd9a-40e6-b48a-d20f36d7a4c1@group-383C0469F232-LeaderElection19] INFO  server.RaftServerConfigKeys (ConfUtils.java:logGet(46)) - raft.server.watch.timeout.denomination = 1s (default)
2022-12-22 10:14:58,339 [4f5ae387-cd9a-40e6-b48a-d20f36d7a4c1@group-383C0469F232-LeaderElection19] INFO  server.RaftServerConfigKeys (ConfUtils.java:logGet(46)) - raft.server.watch.element-limit = 65536 (default)
2022-12-22 10:14:58,339 [4f5ae387-cd9a-40e6-b48a-d20f36d7a4c1@group-383C0469F232-LeaderElection19] INFO  server.RaftServerConfigKeys (ConfUtils.java:logGet(46)) - raft.server.write.element-limit = 1024 (custom)
2022-12-22 10:14:58,339 [4f5ae387-cd9a-40e6-b48a-d20f36d7a4c1@group-383C0469F232-LeaderElection19] INFO  server.RaftServerConfigKeys (ConfUtils.java:logGet(46)) - raft.server.write.follower.gap.ratio.max = -1.0 (default)
2022-12-22 10:14:58,339 [4f5ae387-cd9a-40e6-b48a-d20f36d7a4c1@group-383C0469F232-LeaderElection19] INFO  server.RaftServerConfigKeys (ConfUtils.java:logGet(46)) - raft.server.log.appender.snapshot.chunk.size.max = 16MB (=16777216) (default)
2022-12-22 10:14:58,339 [4f5ae387-cd9a-40e6-b48a-d20f36d7a4c1@group-383C0469F232-LeaderElection19] INFO  server.RaftServerConfigKeys (ConfUtils.java:logGet(46)) - raft.server.log.appender.buffer.byte-limit = 33554432 (custom)
2022-12-22 10:14:58,340 [4f5ae387-cd9a-40e6-b48a-d20f36d7a4c1@group-383C0469F232-LeaderElection19] INFO  server.RaftServerConfigKeys (ConfUtils.java:logGet(46)) - raft.server.log.appender.buffer.element-limit = 1 (custom)
2022-12-22 10:14:58,340 [4f5ae387-cd9a-40e6-b48a-d20f36d7a4c1@group-383C0469F232-LeaderElection19] INFO  grpc.GrpcConfigKeys (ConfUtils.java:logGet(46)) - raft.grpc.server.leader.outstanding.appends.max = 128 (default)
2022-12-22 10:14:58,340 [4f5ae387-cd9a-40e6-b48a-d20f36d7a4c1@group-383C0469F232-LeaderElection19] INFO  server.RaftServerConfigKeys (ConfUtils.java:logGet(46)) - raft.server.rpc.request.timeout = 60s (custom)
2022-12-22 10:14:58,340 [4f5ae387-cd9a-40e6-b48a-d20f36d7a4c1@group-383C0469F232-LeaderElection19] INFO  server.RaftServerConfigKeys (ConfUtils.java:logGet(46)) - raft.server.log.appender.install.snapshot.enabled = false (custom)
2022-12-22 10:14:58,340 [4f5ae387-cd9a-40e6-b48a-d20f36d7a4c1@group-383C0469F232-LeaderElection19] INFO  grpc.GrpcConfigKeys (ConfUtils.java:logGet(46)) - raft.grpc.server.heartbeat.channel = true (default)
2022-12-22 10:14:58,340 [4f5ae387-cd9a-40e6-b48a-d20f36d7a4c1@group-383C0469F232-LeaderElection19] INFO  server.RaftServerConfigKeys (ConfUtils.java:logGet(46)) - raft.server.log.appender.wait-time.min = 10ms (default)
2022-12-22 10:14:58,340 [4f5ae387-cd9a-40e6-b48a-d20f36d7a4c1@group-383C0469F232-LeaderElection19] INFO  server.RaftServerConfigKeys (ConfUtils.java:logGet(46)) - raft.server.log.appender.snapshot.chunk.size.max = 16MB (=16777216) (default)
2022-12-22 10:14:58,340 [4f5ae387-cd9a-40e6-b48a-d20f36d7a4c1@group-383C0469F232-LeaderElection19] INFO  server.RaftServerConfigKeys (ConfUtils.java:logGet(46)) - raft.server.log.appender.buffer.byte-limit = 33554432 (custom)
2022-12-22 10:14:58,340 [4f5ae387-cd9a-40e6-b48a-d20f36d7a4c1@group-383C0469F232-LeaderElection19] INFO  server.RaftServerConfigKeys (ConfUtils.java:logGet(46)) - raft.server.log.appender.buffer.element-limit = 1 (custom)
2022-12-22 10:14:58,340 [4f5ae387-cd9a-40e6-b48a-d20f36d7a4c1@group-383C0469F232-LeaderElection19] INFO  grpc.GrpcConfigKeys (ConfUtils.java:logGet(46)) - raft.grpc.server.leader.outstanding.appends.max = 128 (default)
2022-12-22 10:14:58,340 [4f5ae387-cd9a-40e6-b48a-d20f36d7a4c1@group-383C0469F232-LeaderElection19] INFO  server.RaftServerConfigKeys (ConfUtils.java:logGet(46)) - raft.server.rpc.request.timeout = 60s (custom)
2022-12-22 10:14:58,340 [4f5ae387-cd9a-40e6-b48a-d20f36d7a4c1@group-383C0469F232-LeaderElection19] INFO  server.RaftServerConfigKeys (ConfUtils.java:logGet(46)) - raft.server.log.appender.install.snapshot.enabled = false (custom)
2022-12-22 10:14:58,340 [4f5ae387-cd9a-40e6-b48a-d20f36d7a4c1@group-383C0469F232-LeaderElection19] INFO  grpc.GrpcConfigKeys (ConfUtils.java:logGet(46)) - raft.grpc.server.heartbeat.channel = true (default)
2022-12-22 10:14:58,340 [4f5ae387-cd9a-40e6-b48a-d20f36d7a4c1@group-383C0469F232-LeaderElection19] INFO  server.RaftServerConfigKeys (ConfUtils.java:logGet(46)) - raft.server.log.appender.wait-time.min = 10ms (default)
2022-12-22 10:14:58,342 [EventQueue-CommandQueueReportForCommandQueueReportHandler] WARN  events.EventQueue (EventQueue.java:fireEvent(216)) - No event handler registered for event TypedEvent{payloadType=DatanodeDetails, name='Datanode_Command_Queue_Updated'}
2022-12-22 10:14:58,342 [EventQueue-PipelineReportForPipelineReportHandler] INFO  pipeline.PipelineManagerImpl (PipelineManagerImpl.java:openPipeline(367)) - Pipeline Pipeline[ Id: 0266e62d-c65e-4d02-9c54-383c0469f232, Nodes: 4f5ae387-cd9a-40e6-b48a-d20f36d7a4c1{ip: 127.0.0.1, host: localhost, ports: [REPLICATION=37041, RATIS=43977, RATIS_ADMIN=43977, RATIS_SERVER=43977, RATIS_DATASTREAM=40347, STANDALONE=36151], networkLocation: /default-rack, certSerialId: null, persistedOpState: IN_SERVICE, persistedOpStateExpiryEpochSec: 0}1a836199-4b37-4331-b3d7-01d1c65ae166{ip: 127.0.0.1, host: localhost, ports: [REPLICATION=35831, RATIS=35593, RATIS_ADMIN=35593, RATIS_SERVER=35593, RATIS_DATASTREAM=44975, STANDALONE=37635], networkLocation: /default-rack, certSerialId: null, persistedOpState: IN_SERVICE, persistedOpStateExpiryEpochSec: 0}5eea0695-258d-4fe7-9f47-897f5bd73bdb{ip: 127.0.0.1, host: localhost, ports: [REPLICATION=44383, RATIS=36371, RATIS_ADMIN=36371, RATIS_SERVER=36371, RATIS_DATASTREAM=38343, STANDALONE=44851], networkLocation: /default-rack, certSerialId: null, persistedOpState: IN_SERVICE, persistedOpStateExpiryEpochSec: 0}, ReplicationConfig: RATIS/THREE, State:ALLOCATED, leaderId:4f5ae387-cd9a-40e6-b48a-d20f36d7a4c1, CreationTimestamp2022-12-22T10:14:50.691Z[Etc/UTC]] moved to OPEN state
2022-12-22 10:14:58,343 [4f5ae387-cd9a-40e6-b48a-d20f36d7a4c1@group-383C0469F232-LeaderElection19] INFO  impl.RoleInfo (RoleInfo.java:updateAndGet(139)) - 4f5ae387-cd9a-40e6-b48a-d20f36d7a4c1: start 4f5ae387-cd9a-40e6-b48a-d20f36d7a4c1@group-383C0469F232-LeaderStateImpl
2022-12-22 10:14:58,344 [4f5ae387-cd9a-40e6-b48a-d20f36d7a4c1@group-383C0469F232-LeaderElection19] INFO  segmented.SegmentedRaftLogWorker (SegmentedRaftLogWorker.java:startLogSegment(452)) - 4f5ae387-cd9a-40e6-b48a-d20f36d7a4c1@group-383C0469F232-SegmentedRaftLogWorker: Starting segment from index:0
2022-12-22 10:14:58,345 [4f5ae387-cd9a-40e6-b48a-d20f36d7a4c1@group-383C0469F232-SegmentedRaftLogWorker] INFO  segmented.SegmentedRaftLogWorker (SegmentedRaftLogWorker.java:execute(656)) - 4f5ae387-cd9a-40e6-b48a-d20f36d7a4c1@group-383C0469F232-SegmentedRaftLogWorker: created new log segment /home/runner/work/ozone/ozone/hadoop-ozone/integration-test/target/test-dir/MiniOzoneClusterImpl-e8789b07-7928-40b5-ad88-551b1740a89b/datanode-1/data/ratis/0266e62d-c65e-4d02-9c54-383c0469f232/current/log_inprogress_0
2022-12-22 10:14:58,346 [grpc-default-executor-4] INFO  server.RaftServer$Division (RaftServerImpl.java:requestVote(1218)) - 1a836199-4b37-4331-b3d7-01d1c65ae166@group-383C0469F232: receive requestVote(ELECTION, 4f5ae387-cd9a-40e6-b48a-d20f36d7a4c1, group-383C0469F232, 1, (t:0, i:0))
2022-12-22 10:14:58,346 [grpc-default-executor-4] INFO  impl.VoteContext (VoteContext.java:log(49)) - 1a836199-4b37-4331-b3d7-01d1c65ae166@group-383C0469F232-FOLLOWER: accept ELECTION from 4f5ae387-cd9a-40e6-b48a-d20f36d7a4c1: our priority 0 <= candidate's priority 1
2022-12-22 10:14:58,346 [grpc-default-executor-4] INFO  server.RaftServer$Division (RaftServerImpl.java:setRole(321)) - 1a836199-4b37-4331-b3d7-01d1c65ae166@group-383C0469F232: changes role from  FOLLOWER to FOLLOWER at term 1 for candidate:4f5ae387-cd9a-40e6-b48a-d20f36d7a4c1
2022-12-22 10:14:58,346 [grpc-default-executor-4] INFO  impl.RoleInfo (RoleInfo.java:shutdownFollowerState(110)) - 1a836199-4b37-4331-b3d7-01d1c65ae166: shutdown 1a836199-4b37-4331-b3d7-01d1c65ae166@group-383C0469F232-FollowerState
2022-12-22 10:14:58,347 [grpc-default-executor-4] INFO  impl.RoleInfo (RoleInfo.java:updateAndGet(139)) - 1a836199-4b37-4331-b3d7-01d1c65ae166: start 1a836199-4b37-4331-b3d7-01d1c65ae166@group-383C0469F232-FollowerState
2022-12-22 10:14:58,347 [1a836199-4b37-4331-b3d7-01d1c65ae166@group-383C0469F232-FollowerState] INFO  server.RaftServerConfigKeys (ConfUtils.java:logFallback(53)) - raft.server.rpc.first-election.timeout.min = 5s (fallback to raft.server.rpc.timeout.min)
2022-12-22 10:14:58,347 [1a836199-4b37-4331-b3d7-01d1c65ae166@group-383C0469F232-FollowerState] INFO  server.RaftServerConfigKeys (ConfUtils.java:logFallback(53)) - raft.server.rpc.first-election.timeout.max = 5200ms (fallback to raft.server.rpc.timeout.max)
2022-12-22 10:14:58,348 [1a836199-4b37-4331-b3d7-01d1c65ae166@group-383C0469F232-FollowerState] INFO  impl.FollowerState (FollowerState.java:run(152)) - 1a836199-4b37-4331-b3d7-01d1c65ae166@group-383C0469F232-FollowerState was interrupted
2022-12-22 10:14:58,348 [grpc-default-executor-4] INFO  server.RaftServer$Division (RaftServerImpl.java:requestVote(1251)) - 1a836199-4b37-4331-b3d7-01d1c65ae166@group-383C0469F232 replies to ELECTION vote request: 4f5ae387-cd9a-40e6-b48a-d20f36d7a4c1<-1a836199-4b37-4331-b3d7-01d1c65ae166#0:OK-t1. Peer's state: 1a836199-4b37-4331-b3d7-01d1c65ae166@group-383C0469F232:t1, leader=null, voted=4f5ae387-cd9a-40e6-b48a-d20f36d7a4c1, raftlog=Memoized:1a836199-4b37-4331-b3d7-01d1c65ae166@group-383C0469F232-SegmentedRaftLog:OPENED:c-1, conf=-1: peers:[4f5ae387-cd9a-40e6-b48a-d20f36d7a4c1|rpc:127.0.0.1:43977|dataStream:127.0.0.1:40347|priority:1|startupRole:FOLLOWER, 5eea0695-258d-4fe7-9f47-897f5bd73bdb|rpc:127.0.0.1:36371|dataStream:127.0.0.1:38343|priority:0|startupRole:FOLLOWER, 1a836199-4b37-4331-b3d7-01d1c65ae166|rpc:127.0.0.1:35593|dataStream:127.0.0.1:44975|priority:0|startupRole:FOLLOWER]|listeners:[], old=null
2022-12-22 10:14:58,349 [4f5ae387-cd9a-40e6-b48a-d20f36d7a4c1@group-383C0469F232-LeaderElection19] INFO  server.RaftServer$Division (ServerState.java:setRaftConf(430)) - 4f5ae387-cd9a-40e6-b48a-d20f36d7a4c1@group-383C0469F232: set configuration 0: peers:[4f5ae387-cd9a-40e6-b48a-d20f36d7a4c1|rpc:127.0.0.1:43977|dataStream:127.0.0.1:40347|priority:1|startupRole:FOLLOWER, 5eea0695-258d-4fe7-9f47-897f5bd73bdb|rpc:127.0.0.1:36371|dataStream:127.0.0.1:38343|priority:0|startupRole:FOLLOWER, 1a836199-4b37-4331-b3d7-01d1c65ae166|rpc:127.0.0.1:35593|dataStream:127.0.0.1:44975|priority:0|startupRole:FOLLOWER]|listeners:[], old=null
2022-12-22 10:14:58,357 [5eea0695-258d-4fe7-9f47-897f5bd73bdb-server-thread1] INFO  ratis.XceiverServerRatis (XceiverServerRatis.java:handleLeaderChangedNotification(904)) - Leader change notification received for group: group-383C0469F232 with new leaderId: 4f5ae387-cd9a-40e6-b48a-d20f36d7a4c1
2022-12-22 10:14:58,357 [5eea0695-258d-4fe7-9f47-897f5bd73bdb-server-thread1] INFO  server.RaftServer$Division (ServerState.java:setLeader(313)) - 5eea0695-258d-4fe7-9f47-897f5bd73bdb@group-383C0469F232: change Leader from null to 4f5ae387-cd9a-40e6-b48a-d20f36d7a4c1 at term 1 for appendEntries, leader elected after 5079ms
2022-12-22 10:14:58,359 [1a836199-4b37-4331-b3d7-01d1c65ae166-server-thread1] INFO  ratis.XceiverServerRatis (XceiverServerRatis.java:handleLeaderChangedNotification(904)) - Leader change notification received for group: group-383C0469F232 with new leaderId: 4f5ae387-cd9a-40e6-b48a-d20f36d7a4c1
2022-12-22 10:14:58,359 [1a836199-4b37-4331-b3d7-01d1c65ae166-server-thread1] INFO  server.RaftServer$Division (ServerState.java:setLeader(313)) - 1a836199-4b37-4331-b3d7-01d1c65ae166@group-383C0469F232: change Leader from null to 4f5ae387-cd9a-40e6-b48a-d20f36d7a4c1 at term 1 for appendEntries, leader elected after 5138ms
2022-12-22 10:14:58,363 [1a836199-4b37-4331-b3d7-01d1c65ae166-server-thread1] INFO  server.RaftServer$Division (ServerState.java:setRaftConf(430)) - 1a836199-4b37-4331-b3d7-01d1c65ae166@group-383C0469F232: set configuration 0: peers:[4f5ae387-cd9a-40e6-b48a-d20f36d7a4c1|rpc:127.0.0.1:43977|dataStream:127.0.0.1:40347|priority:1|startupRole:FOLLOWER, 5eea0695-258d-4fe7-9f47-897f5bd73bdb|rpc:127.0.0.1:36371|dataStream:127.0.0.1:38343|priority:0|startupRole:FOLLOWER, 1a836199-4b37-4331-b3d7-01d1c65ae166|rpc:127.0.0.1:35593|dataStream:127.0.0.1:44975|priority:0|startupRole:FOLLOWER]|listeners:[], old=null
2022-12-22 10:14:58,363 [1a836199-4b37-4331-b3d7-01d1c65ae166-server-thread1] INFO  segmented.SegmentedRaftLogWorker (SegmentedRaftLogWorker.java:startLogSegment(452)) - 1a836199-4b37-4331-b3d7-01d1c65ae166@group-383C0469F232-SegmentedRaftLogWorker: Starting segment from index:0
2022-12-22 10:14:58,364 [5eea0695-258d-4fe7-9f47-897f5bd73bdb-server-thread2] INFO  server.RaftServer$Division (ServerState.java:setRaftConf(430)) - 5eea0695-258d-4fe7-9f47-897f5bd73bdb@group-383C0469F232: set configuration 0: peers:[4f5ae387-cd9a-40e6-b48a-d20f36d7a4c1|rpc:127.0.0.1:43977|dataStream:127.0.0.1:40347|priority:1|startupRole:FOLLOWER, 5eea0695-258d-4fe7-9f47-897f5bd73bdb|rpc:127.0.0.1:36371|dataStream:127.0.0.1:38343|priority:0|startupRole:FOLLOWER, 1a836199-4b37-4331-b3d7-01d1c65ae166|rpc:127.0.0.1:35593|dataStream:127.0.0.1:44975|priority:0|startupRole:FOLLOWER]|listeners:[], old=null
2022-12-22 10:14:58,364 [5eea0695-258d-4fe7-9f47-897f5bd73bdb-server-thread2] INFO  segmented.SegmentedRaftLogWorker (SegmentedRaftLogWorker.java:startLogSegment(452)) - 5eea0695-258d-4fe7-9f47-897f5bd73bdb@group-383C0469F232-SegmentedRaftLogWorker: Starting segment from index:0
2022-12-22 10:14:58,364 [1a836199-4b37-4331-b3d7-01d1c65ae166@group-383C0469F232-SegmentedRaftLogWorker] INFO  segmented.SegmentedRaftLogWorker (SegmentedRaftLogWorker.java:execute(656)) - 1a836199-4b37-4331-b3d7-01d1c65ae166@group-383C0469F232-SegmentedRaftLogWorker: created new log segment /home/runner/work/ozone/ozone/hadoop-ozone/integration-test/target/test-dir/MiniOzoneClusterImpl-e8789b07-7928-40b5-ad88-551b1740a89b/datanode-0/data/ratis/0266e62d-c65e-4d02-9c54-383c0469f232/current/log_inprogress_0
2022-12-22 10:14:58,365 [5eea0695-258d-4fe7-9f47-897f5bd73bdb@group-383C0469F232-SegmentedRaftLogWorker] INFO  segmented.SegmentedRaftLogWorker (SegmentedRaftLogWorker.java:execute(656)) - 5eea0695-258d-4fe7-9f47-897f5bd73bdb@group-383C0469F232-SegmentedRaftLogWorker: created new log segment /home/runner/work/ozone/ozone/hadoop-ozone/integration-test/target/test-dir/MiniOzoneClusterImpl-e8789b07-7928-40b5-ad88-551b1740a89b/datanode-2/data/ratis/0266e62d-c65e-4d02-9c54-383c0469f232/current/log_inprogress_0
2022-12-22 10:14:58,460 [4f5ae387-cd9a-40e6-b48a-d20f36d7a4c1@group-69E4BE56E5D8-FollowerState] INFO  impl.FollowerState (FollowerState.java:run(143)) - 4f5ae387-cd9a-40e6-b48a-d20f36d7a4c1@group-69E4BE56E5D8-FollowerState: change to CANDIDATE, lastRpcElapsedTime:5054949822ns, electionTimeout:5054ms
2022-12-22 10:14:58,460 [4f5ae387-cd9a-40e6-b48a-d20f36d7a4c1@group-69E4BE56E5D8-FollowerState] INFO  impl.RoleInfo (RoleInfo.java:shutdownFollowerState(110)) - 4f5ae387-cd9a-40e6-b48a-d20f36d7a4c1: shutdown 4f5ae387-cd9a-40e6-b48a-d20f36d7a4c1@group-69E4BE56E5D8-FollowerState
2022-12-22 10:14:58,460 [4f5ae387-cd9a-40e6-b48a-d20f36d7a4c1@group-69E4BE56E5D8-FollowerState] INFO  server.RaftServer$Division (RaftServerImpl.java:setRole(321)) - 4f5ae387-cd9a-40e6-b48a-d20f36d7a4c1@group-69E4BE56E5D8: changes role from  FOLLOWER to CANDIDATE at term 0 for changeToCandidate
2022-12-22 10:14:58,461 [4f5ae387-cd9a-40e6-b48a-d20f36d7a4c1@group-69E4BE56E5D8-FollowerState] INFO  server.RaftServerConfigKeys (ConfUtils.java:logGet(46)) - raft.server.leaderelection.pre-vote = false (custom)
2022-12-22 10:14:58,461 [4f5ae387-cd9a-40e6-b48a-d20f36d7a4c1@group-69E4BE56E5D8-FollowerState] INFO  impl.RoleInfo (RoleInfo.java:updateAndGet(139)) - 4f5ae387-cd9a-40e6-b48a-d20f36d7a4c1: start 4f5ae387-cd9a-40e6-b48a-d20f36d7a4c1@group-69E4BE56E5D8-LeaderElection20
2022-12-22 10:14:58,463 [4f5ae387-cd9a-40e6-b48a-d20f36d7a4c1@group-69E4BE56E5D8-LeaderElection20] INFO  impl.LeaderElection (LeaderElection.java:askForVotes(312)) - 4f5ae387-cd9a-40e6-b48a-d20f36d7a4c1@group-69E4BE56E5D8-LeaderElection20 ELECTION round 0: submit vote requests at term 1 for -1: peers:[4f5ae387-cd9a-40e6-b48a-d20f36d7a4c1|rpc:127.0.0.1:43977|dataStream:127.0.0.1:40347|priority:1|startupRole:FOLLOWER]|listeners:[], old=null
2022-12-22 10:14:58,463 [4f5ae387-cd9a-40e6-b48a-d20f36d7a4c1@group-69E4BE56E5D8-LeaderElection20] INFO  impl.LeaderElection (LeaderElection.java:askForVotes(314)) - 4f5ae387-cd9a-40e6-b48a-d20f36d7a4c1@group-69E4BE56E5D8-LeaderElection20 ELECTION round 0: result PASSED (term=1)
2022-12-22 10:14:58,463 [4f5ae387-cd9a-40e6-b48a-d20f36d7a4c1@group-69E4BE56E5D8-LeaderElection20] INFO  impl.RoleInfo (RoleInfo.java:shutdownLeaderElection(130)) - 4f5ae387-cd9a-40e6-b48a-d20f36d7a4c1: shutdown 4f5ae387-cd9a-40e6-b48a-d20f36d7a4c1@group-69E4BE56E5D8-LeaderElection20
2022-12-22 10:14:58,463 [4f5ae387-cd9a-40e6-b48a-d20f36d7a4c1@group-69E4BE56E5D8-LeaderElection20] INFO  server.RaftServer$Division (RaftServerImpl.java:setRole(321)) - 4f5ae387-cd9a-40e6-b48a-d20f36d7a4c1@group-69E4BE56E5D8: changes role from CANDIDATE to LEADER at term 1 for changeToLeader
2022-12-22 10:14:58,463 [4f5ae387-cd9a-40e6-b48a-d20f36d7a4c1@group-69E4BE56E5D8-LeaderElection20] INFO  ratis.XceiverServerRatis (XceiverServerRatis.java:handleLeaderChangedNotification(904)) - Leader change notification received for group: group-69E4BE56E5D8 with new leaderId: 4f5ae387-cd9a-40e6-b48a-d20f36d7a4c1
2022-12-22 10:14:58,463 [4f5ae387-cd9a-40e6-b48a-d20f36d7a4c1@group-69E4BE56E5D8-LeaderElection20] INFO  server.RaftServer$Division (ServerState.java:setLeader(313)) - 4f5ae387-cd9a-40e6-b48a-d20f36d7a4c1@group-69E4BE56E5D8: change Leader from null to 4f5ae387-cd9a-40e6-b48a-d20f36d7a4c1 at term 1 for becomeLeader, leader elected after 5067ms
2022-12-22 10:14:58,463 [4f5ae387-cd9a-40e6-b48a-d20f36d7a4c1@group-69E4BE56E5D8-LeaderElection20] INFO  server.RaftServerConfigKeys (ConfUtils.java:logGet(46)) - raft.server.staging.catchup.gap = 1000 (default)
2022-12-22 10:14:58,464 [EventQueue-CommandQueueReportForCommandQueueReportHandler] WARN  events.EventQueue (EventQueue.java:fireEvent(216)) - No event handler registered for event TypedEvent{payloadType=DatanodeDetails, name='Datanode_Command_Queue_Updated'}
2022-12-22 10:14:58,465 [4f5ae387-cd9a-40e6-b48a-d20f36d7a4c1@group-69E4BE56E5D8-LeaderElection20] INFO  server.RaftServerConfigKeys (ConfUtils.java:logGet(46)) - raft.server.write.element-limit = 1024 (custom)
2022-12-22 10:14:58,465 [4f5ae387-cd9a-40e6-b48a-d20f36d7a4c1@group-69E4BE56E5D8-LeaderElection20] INFO  server.RaftServerConfigKeys (ConfUtils.java:logGet(46)) - raft.server.write.byte-limit = 1024 M (=1073741824) (custom)
2022-12-22 10:14:58,465 [4f5ae387-cd9a-40e6-b48a-d20f36d7a4c1@group-69E4BE56E5D8-LeaderElection20] INFO  server.RaftServerConfigKeys (ConfUtils.java:logGet(46)) - raft.server.watch.timeout = 180s (custom)
2022-12-22 10:14:58,465 [4f5ae387-cd9a-40e6-b48a-d20f36d7a4c1@group-69E4BE56E5D8-LeaderElection20] INFO  server.RaftServerConfigKeys (ConfUtils.java:logGet(46)) - raft.server.watch.timeout.denomination = 1s (default)
2022-12-22 10:14:58,465 [4f5ae387-cd9a-40e6-b48a-d20f36d7a4c1@group-69E4BE56E5D8-LeaderElection20] INFO  server.RaftServerConfigKeys (ConfUtils.java:logGet(46)) - raft.server.watch.element-limit = 65536 (default)
2022-12-22 10:14:58,465 [4f5ae387-cd9a-40e6-b48a-d20f36d7a4c1@group-69E4BE56E5D8-LeaderElection20] INFO  server.RaftServerConfigKeys (ConfUtils.java:logGet(46)) - raft.server.write.element-limit = 1024 (custom)
2022-12-22 10:14:58,465 [4f5ae387-cd9a-40e6-b48a-d20f36d7a4c1@group-69E4BE56E5D8-LeaderElection20] INFO  server.RaftServerConfigKeys (ConfUtils.java:logGet(46)) - raft.server.write.follower.gap.ratio.max = -1.0 (default)
2022-12-22 10:14:58,465 [4f5ae387-cd9a-40e6-b48a-d20f36d7a4c1@group-69E4BE56E5D8-LeaderElection20] INFO  impl.RoleInfo (RoleInfo.java:updateAndGet(139)) - 4f5ae387-cd9a-40e6-b48a-d20f36d7a4c1: start 4f5ae387-cd9a-40e6-b48a-d20f36d7a4c1@group-69E4BE56E5D8-LeaderStateImpl
2022-12-22 10:14:58,465 [4f5ae387-cd9a-40e6-b48a-d20f36d7a4c1@group-69E4BE56E5D8-LeaderElection20] INFO  segmented.SegmentedRaftLogWorker (SegmentedRaftLogWorker.java:startLogSegment(452)) - 4f5ae387-cd9a-40e6-b48a-d20f36d7a4c1@group-69E4BE56E5D8-SegmentedRaftLogWorker: Starting segment from index:0
2022-12-22 10:14:58,466 [4f5ae387-cd9a-40e6-b48a-d20f36d7a4c1@group-69E4BE56E5D8-LeaderElection20] INFO  server.RaftServer$Division (ServerState.java:setRaftConf(430)) - 4f5ae387-cd9a-40e6-b48a-d20f36d7a4c1@group-69E4BE56E5D8: set configuration 0: peers:[4f5ae387-cd9a-40e6-b48a-d20f36d7a4c1|rpc:127.0.0.1:43977|dataStream:127.0.0.1:40347|priority:1|startupRole:FOLLOWER]|listeners:[], old=null
2022-12-22 10:14:58,466 [4f5ae387-cd9a-40e6-b48a-d20f36d7a4c1@group-69E4BE56E5D8-SegmentedRaftLogWorker] INFO  segmented.SegmentedRaftLogWorker (SegmentedRaftLogWorker.java:execute(656)) - 4f5ae387-cd9a-40e6-b48a-d20f36d7a4c1@group-69E4BE56E5D8-SegmentedRaftLogWorker: created new log segment /home/runner/work/ozone/ozone/hadoop-ozone/integration-test/target/test-dir/MiniOzoneClusterImpl-e8789b07-7928-40b5-ad88-551b1740a89b/datanode-1/data/ratis/4ab9800c-b4db-4d68-b77f-69e4be56e5d8/current/log_inprogress_0
2022-12-22 10:14:58,693 [Listener at 127.0.0.1/43455] INFO  ozone.MiniOzoneClusterImpl (MiniOzoneClusterImpl.java:lambda$waitForClusterToBeReady$0(217)) - Nodes are ready. Got 3 of 3 DN Heartbeats.
2022-12-22 10:14:58,693 [Listener at 127.0.0.1/43455] INFO  ozone.MiniOzoneClusterImpl (MiniOzoneClusterImpl.java:lambda$waitForClusterToBeReady$0(220)) - Cluster exits safe mode
2022-12-22 10:14:58,693 [Listener at 127.0.0.1/43455] INFO  ozone.MiniOzoneClusterImpl (MiniOzoneClusterImpl.java:lambda$waitForClusterToBeReady$0(222)) - SCM became leader
2022-12-22 10:14:58,700 [IPC Server handler 0 on default port 43455] INFO  ha.SCMNodeInfo (SCMNodeInfo.java:getPort(197)) - ConfigKey ozone.scm.client.address is deprecated, For configuring different ports for each SCM use PortConfigKey ozone.scm.client.port appended with serviceId and nodeId
2022-12-22 10:14:58,700 [IPC Server handler 0 on default port 43455] INFO  ha.SCMNodeInfo (SCMNodeInfo.java:getPort(197)) - ConfigKey ozone.scm.block.client.address is deprecated, For configuring different ports for each SCM use PortConfigKey ozone.scm.block.client.port appended with serviceId and nodeId
2022-12-22 10:14:58,700 [IPC Server handler 0 on default port 43455] INFO  ha.SCMNodeInfo (SCMNodeInfo.java:getPort(197)) - ConfigKey ozone.scm.datanode.address is deprecated, For configuring different ports for each SCM use PortConfigKey ozone.scm.datanode.port appended with serviceId and nodeId
2022-12-22 10:14:58,702 [Listener at 127.0.0.1/43455] INFO  rpc.RpcClient (RpcClient.java:createVolume(474)) - Creating Volume: volume12012, with runner as owner and space quota set to -1 bytes, counts quota set to -1
2022-12-22 10:14:58,706 [OM StateMachine ApplyTransaction Thread - 0] INFO  volume.OMVolumeCreateRequest (OMVolumeCreateRequest.java:validateAndUpdateCache(195)) - created volume:volume12012 for user:runner
2022-12-22 10:14:58,717 [Listener at 127.0.0.1/43455] INFO  rpc.RpcClient (RpcClient.java:createBucket(693)) - Creating Bucket: volume12012/bucket90667, with server-side default bucket layout, runner as owner, Versioning false, Storage Type set to DISK and Encryption set to false 
2022-12-22 10:14:58,720 [OM StateMachine ApplyTransaction Thread - 0] INFO  bucket.OMBucketCreateRequest (OMBucketCreateRequest.java:validateAndUpdateCache(260)) - created bucket: bucket90667 of layout LEGACY in volume: volume12012
2022-12-22 10:14:58,730 [IPC Server handler 5 on default port 43201] INFO  ha.SequenceIdGenerator (SequenceIdGenerator.java:getNextId(128)) - Allocate a batch for containerId, change lastId from 0 to 1000.
2022-12-22 10:14:58,734 [945fd0ed-8171-4835-b0ec-144ef106a250@group-551B1740A89B-StateMachineUpdater] WARN  ha.SequenceIdGenerator (SequenceIdGenerator.java:allocateBatch(237)) - Failed to allocate a batch for localId, expected lastId is 0, actual lastId is 109611004723200000.
2022-12-22 10:14:58,735 [IPC Server handler 5 on default port 43201] INFO  ha.SequenceIdGenerator (SequenceIdGenerator.java:getNextId(128)) - Allocate a batch for localId, change lastId from 109611004723200000 to 109611004723201000.
2022-12-22 10:14:58,769 [EventQueue-CommandQueueReportForCommandQueueReportHandler] WARN  events.EventQueue (EventQueue.java:fireEvent(216)) - No event handler registered for event TypedEvent{payloadType=DatanodeDetails, name='Datanode_Command_Queue_Updated'}
2022-12-22 10:14:58,798 [Listener at 127.0.0.1/43455] INFO  ha.OMHANodeDetails (OMHANodeDetails.java:loadOMHAConfig(121)) - ServiceID for OzoneManager is om-add-remove
2022-12-22 10:14:58,798 [Listener at 127.0.0.1/43455] INFO  ha.OMHANodeDetails (OMHANodeDetails.java:loadOMHAConfig(201)) - Found matching OM address with OMServiceId: om-add-remove, OMNodeId: omNode-bootstrap-1, RPC Address: localhost:33227 and Ratis port: 39199
2022-12-22 10:14:58,798 [Listener at 127.0.0.1/43455] INFO  ha.OMHANodeDetails (ConfUtils.java:setNodeSpecificConfigs(97)) - Setting configuration key ozone.om.http-address with value of key ozone.om.http-address.om-add-remove.omNode-bootstrap-1: 127.0.0.1:38977
2022-12-22 10:14:58,798 [Listener at 127.0.0.1/43455] INFO  ha.OMHANodeDetails (ConfUtils.java:setNodeSpecificConfigs(97)) - Setting configuration key ozone.om.https-address with value of key ozone.om.https-address.om-add-remove.omNode-bootstrap-1: 127.0.0.1:37773
2022-12-22 10:14:58,799 [Listener at 127.0.0.1/43455] INFO  ha.OMHANodeDetails (ConfUtils.java:setNodeSpecificConfigs(97)) - Setting configuration key ozone.om.address with value of key ozone.om.address.om-add-remove.omNode-bootstrap-1: 127.0.0.1:33227
2022-12-22 10:14:58,799 [Listener at 127.0.0.1/43455] WARN  server.ServerUtils (ServerUtils.java:getDBPath(225)) - ozone.om.db.dirs is not configured. We recommend adding this setting. Falling back to ozone.metadata.dirs instead.
2022-12-22 10:14:58,799 [Listener at 127.0.0.1/43455] INFO  ha.SCMNodeInfo (SCMNodeInfo.java:getPort(197)) - ConfigKey ozone.scm.client.address is deprecated, For configuring different ports for each SCM use PortConfigKey ozone.scm.client.port appended with serviceId and nodeId
2022-12-22 10:14:58,800 [Listener at 127.0.0.1/43455] INFO  ha.SCMNodeInfo (SCMNodeInfo.java:getPort(197)) - ConfigKey ozone.scm.block.client.address is deprecated, For configuring different ports for each SCM use PortConfigKey ozone.scm.block.client.port appended with serviceId and nodeId
2022-12-22 10:14:58,800 [Listener at 127.0.0.1/43455] INFO  ha.SCMNodeInfo (SCMNodeInfo.java:getPort(197)) - ConfigKey ozone.scm.datanode.address is deprecated, For configuring different ports for each SCM use PortConfigKey ozone.scm.datanode.port appended with serviceId and nodeId
2022-12-22 10:14:58,800 [Listener at 127.0.0.1/43455] INFO  proxy.SCMBlockLocationFailoverProxyProvider (SCMBlockLocationFailoverProxyProvider.java:<init>(114)) - Created block location fail-over proxy with 1 nodes: [nodeId=scmNode-1,nodeAddress=/127.0.0.1:43201]
OM initialization succeeded.Current cluster id for sd=/home/runner/work/ozone/ozone/hadoop-ozone/integration-test/target/test-dir/MiniOzoneClusterImpl-e8789b07-7928-40b5-ad88-551b1740a89b/omNode-bootstrap-1/om;cid=e8789b07-7928-40b5-ad88-551b1740a89b;layoutVersion=3
2022-12-22 10:14:58,809 [Listener at 127.0.0.1/43455] INFO  ha.OMHANodeDetails (OMHANodeDetails.java:loadOMHAConfig(121)) - ServiceID for OzoneManager is om-add-remove
2022-12-22 10:14:58,809 [Listener at 127.0.0.1/43455] INFO  ha.OMHANodeDetails (OMHANodeDetails.java:loadOMHAConfig(201)) - Found matching OM address with OMServiceId: om-add-remove, OMNodeId: omNode-bootstrap-1, RPC Address: localhost:33227 and Ratis port: 39199
2022-12-22 10:14:58,809 [Listener at 127.0.0.1/43455] INFO  ha.OMHANodeDetails (ConfUtils.java:setNodeSpecificConfigs(97)) - Setting configuration key ozone.om.http-address with value of key ozone.om.http-address.om-add-remove.omNode-bootstrap-1: 127.0.0.1:38977
2022-12-22 10:14:58,809 [Listener at 127.0.0.1/43455] INFO  ha.OMHANodeDetails (ConfUtils.java:setNodeSpecificConfigs(97)) - Setting configuration key ozone.om.https-address with value of key ozone.om.https-address.om-add-remove.omNode-bootstrap-1: 127.0.0.1:37773
2022-12-22 10:14:58,810 [Listener at 127.0.0.1/43455] INFO  ha.OMHANodeDetails (ConfUtils.java:setNodeSpecificConfigs(97)) - Setting configuration key ozone.om.address with value of key ozone.om.address.om-add-remove.omNode-bootstrap-1: 127.0.0.1:33227
2022-12-22 10:14:58,810 [Listener at 127.0.0.1/43455] WARN  server.ServerUtils (ServerUtils.java:getDBPath(225)) - ozone.om.db.dirs is not configured. We recommend adding this setting. Falling back to ozone.metadata.dirs instead.
2022-12-22 10:14:58,810 [Listener at 127.0.0.1/43455] INFO  upgrade.AbstractLayoutVersionManager (AbstractLayoutVersionManager.java:init(83)) - Initializing Layout version manager with metadata layout = MULTITENANCY_SCHEMA (version = 3), software layout = MULTITENANCY_SCHEMA (version = 3)
2022-12-22 10:14:58,852 [EndpointStateMachine task thread for /127.0.0.1:42129 - 0 ] INFO  ipc.Client (Client.java:handleConnectionFailure(1010)) - Retrying connect to server: localhost/127.0.0.1:42129. Already tried 2 time(s); retry policy is RetryUpToMaximumCountWithFixedSleep(maxRetries=15, sleepTime=1000 MILLISECONDS)
2022-12-22 10:14:58,861 [5eea0695-258d-4fe7-9f47-897f5bd73bdb@group-F95FFF696D63-FollowerState] INFO  impl.FollowerState (FollowerState.java:run(143)) - 5eea0695-258d-4fe7-9f47-897f5bd73bdb@group-F95FFF696D63-FollowerState: change to CANDIDATE, lastRpcElapsedTime:5165484243ns, electionTimeout:5164ms
2022-12-22 10:14:58,862 [5eea0695-258d-4fe7-9f47-897f5bd73bdb@group-F95FFF696D63-FollowerState] INFO  impl.RoleInfo (RoleInfo.java:shutdownFollowerState(110)) - 5eea0695-258d-4fe7-9f47-897f5bd73bdb: shutdown 5eea0695-258d-4fe7-9f47-897f5bd73bdb@group-F95FFF696D63-FollowerState
2022-12-22 10:14:58,862 [5eea0695-258d-4fe7-9f47-897f5bd73bdb@group-F95FFF696D63-FollowerState] INFO  server.RaftServer$Division (RaftServerImpl.java:setRole(321)) - 5eea0695-258d-4fe7-9f47-897f5bd73bdb@group-F95FFF696D63: changes role from  FOLLOWER to CANDIDATE at term 0 for changeToCandidate
2022-12-22 10:14:58,862 [5eea0695-258d-4fe7-9f47-897f5bd73bdb@group-F95FFF696D63-FollowerState] INFO  server.RaftServerConfigKeys (ConfUtils.java:logGet(46)) - raft.server.leaderelection.pre-vote = false (custom)
2022-12-22 10:14:58,863 [5eea0695-258d-4fe7-9f47-897f5bd73bdb@group-F95FFF696D63-FollowerState] INFO  impl.RoleInfo (RoleInfo.java:updateAndGet(139)) - 5eea0695-258d-4fe7-9f47-897f5bd73bdb: start 5eea0695-258d-4fe7-9f47-897f5bd73bdb@group-F95FFF696D63-LeaderElection21
2022-12-22 10:14:58,865 [5eea0695-258d-4fe7-9f47-897f5bd73bdb@group-F95FFF696D63-LeaderElection21] INFO  impl.LeaderElection (LeaderElection.java:askForVotes(312)) - 5eea0695-258d-4fe7-9f47-897f5bd73bdb@group-F95FFF696D63-LeaderElection21 ELECTION round 0: submit vote requests at term 1 for -1: peers:[5eea0695-258d-4fe7-9f47-897f5bd73bdb|rpc:127.0.0.1:36371|dataStream:127.0.0.1:38343|priority:1|startupRole:FOLLOWER]|listeners:[], old=null
2022-12-22 10:14:58,865 [5eea0695-258d-4fe7-9f47-897f5bd73bdb@group-F95FFF696D63-LeaderElection21] INFO  impl.LeaderElection (LeaderElection.java:askForVotes(314)) - 5eea0695-258d-4fe7-9f47-897f5bd73bdb@group-F95FFF696D63-LeaderElection21 ELECTION round 0: result PASSED (term=1)
2022-12-22 10:14:58,865 [5eea0695-258d-4fe7-9f47-897f5bd73bdb@group-F95FFF696D63-LeaderElection21] INFO  impl.RoleInfo (RoleInfo.java:shutdownLeaderElection(130)) - 5eea0695-258d-4fe7-9f47-897f5bd73bdb: shutdown 5eea0695-258d-4fe7-9f47-897f5bd73bdb@group-F95FFF696D63-LeaderElection21
2022-12-22 10:14:58,865 [5eea0695-258d-4fe7-9f47-897f5bd73bdb@group-F95FFF696D63-LeaderElection21] INFO  server.RaftServer$Division (RaftServerImpl.java:setRole(321)) - 5eea0695-258d-4fe7-9f47-897f5bd73bdb@group-F95FFF696D63: changes role from CANDIDATE to LEADER at term 1 for changeToLeader
2022-12-22 10:14:58,865 [5eea0695-258d-4fe7-9f47-897f5bd73bdb@group-F95FFF696D63-LeaderElection21] INFO  ratis.XceiverServerRatis (XceiverServerRatis.java:handleLeaderChangedNotification(904)) - Leader change notification received for group: group-F95FFF696D63 with new leaderId: 5eea0695-258d-4fe7-9f47-897f5bd73bdb
2022-12-22 10:14:58,865 [5eea0695-258d-4fe7-9f47-897f5bd73bdb@group-F95FFF696D63-LeaderElection21] INFO  server.RaftServer$Division (ServerState.java:setLeader(313)) - 5eea0695-258d-4fe7-9f47-897f5bd73bdb@group-F95FFF696D63: change Leader from null to 5eea0695-258d-4fe7-9f47-897f5bd73bdb at term 1 for becomeLeader, leader elected after 5180ms
2022-12-22 10:14:58,866 [5eea0695-258d-4fe7-9f47-897f5bd73bdb@group-F95FFF696D63-LeaderElection21] INFO  server.RaftServerConfigKeys (ConfUtils.java:logGet(46)) - raft.server.staging.catchup.gap = 1000 (default)
2022-12-22 10:14:58,866 [5eea0695-258d-4fe7-9f47-897f5bd73bdb@group-F95FFF696D63-LeaderElection21] INFO  server.RaftServerConfigKeys (ConfUtils.java:logGet(46)) - raft.server.write.element-limit = 1024 (custom)
2022-12-22 10:14:58,866 [5eea0695-258d-4fe7-9f47-897f5bd73bdb@group-F95FFF696D63-LeaderElection21] INFO  server.RaftServerConfigKeys (ConfUtils.java:logGet(46)) - raft.server.write.byte-limit = 1024 M (=1073741824) (custom)
2022-12-22 10:14:58,866 [5eea0695-258d-4fe7-9f47-897f5bd73bdb@group-F95FFF696D63-LeaderElection21] INFO  server.RaftServerConfigKeys (ConfUtils.java:logGet(46)) - raft.server.watch.timeout = 180s (custom)
2022-12-22 10:14:58,866 [5eea0695-258d-4fe7-9f47-897f5bd73bdb@group-F95FFF696D63-LeaderElection21] INFO  server.RaftServerConfigKeys (ConfUtils.java:logGet(46)) - raft.server.watch.timeout.denomination = 1s (default)
2022-12-22 10:14:58,866 [5eea0695-258d-4fe7-9f47-897f5bd73bdb@group-F95FFF696D63-LeaderElection21] INFO  server.RaftServerConfigKeys (ConfUtils.java:logGet(46)) - raft.server.watch.element-limit = 65536 (default)
2022-12-22 10:14:58,866 [5eea0695-258d-4fe7-9f47-897f5bd73bdb@group-F95FFF696D63-LeaderElection21] INFO  server.RaftServerConfigKeys (ConfUtils.java:logGet(46)) - raft.server.write.element-limit = 1024 (custom)
2022-12-22 10:14:58,866 [5eea0695-258d-4fe7-9f47-897f5bd73bdb@group-F95FFF696D63-LeaderElection21] INFO  server.RaftServerConfigKeys (ConfUtils.java:logGet(46)) - raft.server.write.follower.gap.ratio.max = -1.0 (default)
2022-12-22 10:14:58,866 [5eea0695-258d-4fe7-9f47-897f5bd73bdb@group-F95FFF696D63-LeaderElection21] INFO  impl.RoleInfo (RoleInfo.java:updateAndGet(139)) - 5eea0695-258d-4fe7-9f47-897f5bd73bdb: start 5eea0695-258d-4fe7-9f47-897f5bd73bdb@group-F95FFF696D63-LeaderStateImpl
2022-12-22 10:14:58,866 [EventQueue-CommandQueueReportForCommandQueueReportHandler] WARN  events.EventQueue (EventQueue.java:fireEvent(216)) - No event handler registered for event TypedEvent{payloadType=DatanodeDetails, name='Datanode_Command_Queue_Updated'}
2022-12-22 10:14:58,869 [5eea0695-258d-4fe7-9f47-897f5bd73bdb@group-F95FFF696D63-LeaderElection21] INFO  segmented.SegmentedRaftLogWorker (SegmentedRaftLogWorker.java:startLogSegment(452)) - 5eea0695-258d-4fe7-9f47-897f5bd73bdb@group-F95FFF696D63-SegmentedRaftLogWorker: Starting segment from index:0
2022-12-22 10:14:58,869 [5eea0695-258d-4fe7-9f47-897f5bd73bdb@group-F95FFF696D63-LeaderElection21] INFO  server.RaftServer$Division (ServerState.java:setRaftConf(430)) - 5eea0695-258d-4fe7-9f47-897f5bd73bdb@group-F95FFF696D63: set configuration 0: peers:[5eea0695-258d-4fe7-9f47-897f5bd73bdb|rpc:127.0.0.1:36371|dataStream:127.0.0.1:38343|priority:1|startupRole:FOLLOWER]|listeners:[], old=null
2022-12-22 10:14:58,870 [5eea0695-258d-4fe7-9f47-897f5bd73bdb@group-F95FFF696D63-SegmentedRaftLogWorker] INFO  segmented.SegmentedRaftLogWorker (SegmentedRaftLogWorker.java:execute(656)) - 5eea0695-258d-4fe7-9f47-897f5bd73bdb@group-F95FFF696D63-SegmentedRaftLogWorker: created new log segment /home/runner/work/ozone/ozone/hadoop-ozone/integration-test/target/test-dir/MiniOzoneClusterImpl-e8789b07-7928-40b5-ad88-551b1740a89b/datanode-2/data/ratis/8a9fff7e-4ef7-46b2-9e7d-f95fff696d63/current/log_inprogress_0
2022-12-22 10:14:58,882 [Listener at 127.0.0.1/43455] INFO  reflections.Reflections (Reflections.java:scan(232)) - Reflections took 71 ms to scan 2 urls, producing 154 keys and 428 values [using 2 cores]
2022-12-22 10:14:58,882 [Listener at 127.0.0.1/43455] INFO  upgrade.OMLayoutVersionManager (OMLayoutVersionManager.java:lambda$0(115)) - Skipping Upgrade Action MockOmUpgradeAction since it has been finalized.
2022-12-22 10:14:58,882 [Listener at 127.0.0.1/43455] WARN  server.ServerUtils (ServerUtils.java:getDBPath(225)) - ozone.om.db.dirs is not configured. We recommend adding this setting. Falling back to ozone.metadata.dirs instead.
2022-12-22 10:14:58,883 [Listener at 127.0.0.1/43455] INFO  ha.SCMNodeInfo (SCMNodeInfo.java:getPort(197)) - ConfigKey ozone.scm.client.address is deprecated, For configuring different ports for each SCM use PortConfigKey ozone.scm.client.port appended with serviceId and nodeId
2022-12-22 10:14:58,883 [Listener at 127.0.0.1/43455] INFO  ha.SCMNodeInfo (SCMNodeInfo.java:getPort(197)) - ConfigKey ozone.scm.block.client.address is deprecated, For configuring different ports for each SCM use PortConfigKey ozone.scm.block.client.port appended with serviceId and nodeId
2022-12-22 10:14:58,883 [Listener at 127.0.0.1/43455] INFO  ha.SCMNodeInfo (SCMNodeInfo.java:getPort(197)) - ConfigKey ozone.scm.datanode.address is deprecated, For configuring different ports for each SCM use PortConfigKey ozone.scm.datanode.port appended with serviceId and nodeId
2022-12-22 10:14:58,883 [Listener at 127.0.0.1/43455] INFO  ha.SCMNodeInfo (SCMNodeInfo.java:getPort(197)) - ConfigKey ozone.scm.client.address is deprecated, For configuring different ports for each SCM use PortConfigKey ozone.scm.client.port appended with serviceId and nodeId
2022-12-22 10:14:58,883 [Listener at 127.0.0.1/43455] INFO  ha.SCMNodeInfo (SCMNodeInfo.java:getPort(197)) - ConfigKey ozone.scm.block.client.address is deprecated, For configuring different ports for each SCM use PortConfigKey ozone.scm.block.client.port appended with serviceId and nodeId
2022-12-22 10:14:58,883 [Listener at 127.0.0.1/43455] INFO  ha.SCMNodeInfo (SCMNodeInfo.java:getPort(197)) - ConfigKey ozone.scm.datanode.address is deprecated, For configuring different ports for each SCM use PortConfigKey ozone.scm.datanode.port appended with serviceId and nodeId
2022-12-22 10:14:58,884 [Listener at 127.0.0.1/43455] INFO  proxy.SCMBlockLocationFailoverProxyProvider (SCMBlockLocationFailoverProxyProvider.java:<init>(114)) - Created block location fail-over proxy with 1 nodes: [nodeId=scmNode-1,nodeAddress=/127.0.0.1:43201]
2022-12-22 10:14:58,885 [Listener at 127.0.0.1/43455] INFO  ha.SCMNodeInfo (SCMNodeInfo.java:getPort(197)) - ConfigKey ozone.scm.client.address is deprecated, For configuring different ports for each SCM use PortConfigKey ozone.scm.client.port appended with serviceId and nodeId
2022-12-22 10:14:58,885 [Listener at 127.0.0.1/43455] INFO  ha.SCMNodeInfo (SCMNodeInfo.java:getPort(197)) - ConfigKey ozone.scm.block.client.address is deprecated, For configuring different ports for each SCM use PortConfigKey ozone.scm.block.client.port appended with serviceId and nodeId
2022-12-22 10:14:58,885 [Listener at 127.0.0.1/43455] INFO  ha.SCMNodeInfo (SCMNodeInfo.java:getPort(197)) - ConfigKey ozone.scm.datanode.address is deprecated, For configuring different ports for each SCM use PortConfigKey ozone.scm.datanode.port appended with serviceId and nodeId
2022-12-22 10:14:58,885 [Listener at 127.0.0.1/43455] INFO  proxy.SCMBlockLocationFailoverProxyProvider (SCMBlockLocationFailoverProxyProvider.java:<init>(114)) - Created block location fail-over proxy with 1 nodes: [nodeId=scmNode-1,nodeAddress=/127.0.0.1:43201]
2022-12-22 10:14:58,893 [Listener at 127.0.0.1/43455] WARN  server.ServerUtils (ServerUtils.java:getDBPath(225)) - ozone.om.db.dirs is not configured. We recommend adding this setting. Falling back to ozone.metadata.dirs instead.
2022-12-22 10:14:58,893 [Listener at 127.0.0.1/43455] INFO  codec.OmKeyInfoCodec (OmKeyInfoCodec.java:<init>(49)) - OmKeyInfoCodec ignorePipeline = true
2022-12-22 10:14:58,893 [Listener at 127.0.0.1/43455] INFO  codec.RepeatedOmKeyInfoCodec (RepeatedOmKeyInfoCodec.java:<init>(41)) - RepeatedOmKeyInfoCodec ignorePipeline = true
2022-12-22 10:14:59,049 [Listener at 127.0.0.1/43455] INFO  om.OzoneManager (OzoneManager.java:instantiateServices(717)) - S3 Multi-Tenancy is disabled
2022-12-22 10:14:59,050 [Listener at 127.0.0.1/43455] INFO  om.OzoneManager (OzoneManager.java:addS3GVolumeToDB(4402)) - Created Volume s3v With Owner runner required for S3Gateway operations.
2022-12-22 10:14:59,050 [Listener at 127.0.0.1/43455] WARN  server.ServerUtils (ServerUtils.java:getDefaultRatisDirectory(237)) - Storage directory for Ratis is not configured. It is a good idea to map this to an SSD disk. Falling back to ozone.metadata.dirs
2022-12-22 10:14:59,051 [Listener at 127.0.0.1/43455] WARN  utils.OzoneManagerRatisUtils (OzoneManagerRatisUtils.java:getOMRatisSnapshotDirectory(434)) - ozone.om.ratis.snapshot.dir is not configured. Falling back to ozone.metadata.dirs config
2022-12-22 10:14:59,051 [Listener at 127.0.0.1/43455] INFO  snapshot.OzoneManagerSnapshotProvider (OzoneManagerSnapshotProvider.java:<init>(76)) - Initializing OM Snapshot Provider
2022-12-22 10:14:59,052 [Listener at 127.0.0.1/43455] WARN  impl.MetricRegistriesImpl (MetricRegistriesImpl.java:addReporterRegistration(111)) - New reporters are added after registries were created. Some metrics will be missing from the reporter. Please add reporter before adding any new registry.
2022-12-22 10:14:59,052 [Listener at 127.0.0.1/43455] WARN  impl.MetricRegistriesImpl (MetricRegistriesImpl.java:addReporterRegistration(111)) - New reporters are added after registries were created. Some metrics will be missing from the reporter. Please add reporter before adding any new registry.
2022-12-22 10:14:59,052 [Listener at 127.0.0.1/43455] WARN  server.ServerUtils (ServerUtils.java:getDefaultRatisDirectory(237)) - Storage directory for Ratis is not configured. It is a good idea to map this to an SSD disk. Falling back to ozone.metadata.dirs
2022-12-22 10:14:59,053 [Listener at 127.0.0.1/43455] INFO  ratis.OzoneManagerRatisServer (OzoneManagerRatisServer.java:<init>(153)) - OM started in Bootstrap mode. Instantiating OM Ratis server with groupID: om-add-remove
2022-12-22 10:14:59,053 [Listener at 127.0.0.1/43455] INFO  ratis.OzoneManagerStateMachine (OzoneManagerStateMachine.java:loadSnapshotInfoFromDB(636)) - LastAppliedIndex is set from TransactionInfo from OM DB as (t:0, i:~)
2022-12-22 10:14:59,055 [Listener at 127.0.0.1/43455] INFO  server.RaftServer (ConfUtils.java:logGet(46)) - raft.rpc.type = GRPC (default)
2022-12-22 10:14:59,056 [Listener at 127.0.0.1/43455] INFO  grpc.GrpcConfigKeys (ConfUtils.java:logFallback(53)) - raft.grpc.admin.host = null (fallback to raft.grpc.server.host)
2022-12-22 10:14:59,057 [Listener at 127.0.0.1/43455] INFO  grpc.GrpcConfigKeys (ConfUtils.java:logFallback(53)) - raft.grpc.admin.port = 39199 (fallback to raft.grpc.server.port)
2022-12-22 10:14:59,057 [Listener at 127.0.0.1/43455] INFO  grpc.GrpcConfigKeys (ConfUtils.java:logFallback(53)) - raft.grpc.client.host = null (fallback to raft.grpc.server.host)
2022-12-22 10:14:59,057 [Listener at 127.0.0.1/43455] INFO  grpc.GrpcConfigKeys (ConfUtils.java:logFallback(53)) - raft.grpc.client.port = 39199 (fallback to raft.grpc.server.port)
2022-12-22 10:14:59,057 [Listener at 127.0.0.1/43455] INFO  grpc.GrpcConfigKeys (ConfUtils.java:logGet(46)) - raft.grpc.server.host = null (default)
2022-12-22 10:14:59,057 [Listener at 127.0.0.1/43455] INFO  grpc.GrpcConfigKeys (ConfUtils.java:logGet(46)) - raft.grpc.server.port = 39199 (custom)
2022-12-22 10:14:59,057 [Listener at 127.0.0.1/43455] INFO  server.GrpcService (ConfUtils.java:logGet(46)) - raft.grpc.message.size.max = 33554432 (custom)
2022-12-22 10:14:59,057 [Listener at 127.0.0.1/43455] INFO  server.RaftServerConfigKeys (ConfUtils.java:logGet(46)) - raft.server.log.appender.buffer.byte-limit = 33554432 (custom)
2022-12-22 10:14:59,058 [Listener at 127.0.0.1/43455] INFO  server.GrpcService (ConfUtils.java:logGet(46)) - raft.grpc.flow.control.window = 1MB (=1048576) (default)
2022-12-22 10:14:59,058 [Listener at 127.0.0.1/43455] INFO  server.RaftServerConfigKeys (ConfUtils.java:logGet(46)) - raft.server.rpc.request.timeout = 3000ms (default)
2022-12-22 10:14:59,058 [Listener at 127.0.0.1/43455] INFO  grpc.GrpcConfigKeys (ConfUtils.java:logGet(46)) - raft.grpc.server.heartbeat.channel = true (default)
2022-12-22 10:14:59,058 [Listener at 127.0.0.1/43455] INFO  grpc.GrpcConfigKeys (ConfUtils.java:logGet(46)) - raft.grpc.server.async.request.thread.pool.cached = true (default)
2022-12-22 10:14:59,058 [Listener at 127.0.0.1/43455] INFO  grpc.GrpcConfigKeys (ConfUtils.java:logGet(46)) - raft.grpc.server.async.request.thread.pool.size = 32 (default)
2022-12-22 10:14:59,060 [Listener at 127.0.0.1/43455] INFO  impl.DataStreamServerImpl (ConfUtils.java:logGet(46)) - raft.datastream.type = NETTY (custom)
2022-12-22 10:14:59,060 [Listener at 127.0.0.1/43455] INFO  server.RaftServerConfigKeys (ConfUtils.java:logGet(46)) - raft.server.data-stream.async.request.thread.pool.cached = false (default)
2022-12-22 10:14:59,060 [Listener at 127.0.0.1/43455] INFO  server.RaftServerConfigKeys (ConfUtils.java:logGet(46)) - raft.server.data-stream.async.request.thread.pool.size = 32 (default)
2022-12-22 10:14:59,061 [Listener at 127.0.0.1/43455] INFO  server.RaftServerConfigKeys (ConfUtils.java:logGet(46)) - raft.server.data-stream.async.write.thread.pool.size = 16 (default)
2022-12-22 10:14:59,061 [Listener at 127.0.0.1/43455] INFO  server.RaftServerConfigKeys (ConfUtils.java:logGet(46)) - raft.server.data-stream.client.pool.size = 10 (default)
2022-12-22 10:14:59,061 [Listener at 127.0.0.1/43455] INFO  netty.NettyConfigKeys$DataStream (ConfUtils.java:logGet(46)) - raft.netty.dataStream.server.use-epoll = false (default)
2022-12-22 10:14:59,061 [Listener at 127.0.0.1/43455] INFO  netty.NettyConfigKeys$DataStream (ConfUtils.java:logGet(46)) - raft.netty.dataStream.server.boss-group.size = 0 (default)
2022-12-22 10:14:59,062 [Listener at 127.0.0.1/43455] INFO  netty.NettyConfigKeys$DataStream (ConfUtils.java:logGet(46)) - raft.netty.dataStream.server.worker-group.size = 0 (default)
2022-12-22 10:14:59,062 [Listener at 127.0.0.1/43455] INFO  netty.NettyConfigKeys$DataStream (ConfUtils.java:logGet(46)) - raft.netty.dataStream.server.tls.conf = null (default)
2022-12-22 10:14:59,062 [Listener at 127.0.0.1/43455] INFO  netty.NettyConfigKeys$DataStream (ConfUtils.java:logGet(46)) - raft.netty.dataStream.host = null (default)
2022-12-22 10:14:59,062 [Listener at 127.0.0.1/43455] INFO  netty.NettyConfigKeys$DataStream (ConfUtils.java:logGet(46)) - raft.netty.dataStream.port = 0 (default)
2022-12-22 10:14:59,062 [Listener at 127.0.0.1/43455] INFO  server.RaftServerConfigKeys (ConfUtils.java:logGet(46)) - raft.server.threadpool.proxy.cached = true (default)
2022-12-22 10:14:59,063 [Listener at 127.0.0.1/43455] INFO  server.RaftServerConfigKeys (ConfUtils.java:logGet(46)) - raft.server.threadpool.proxy.size = 0 (default)
2022-12-22 10:14:59,063 [Listener at 127.0.0.1/43455] INFO  server.RaftServerConfigKeys (ConfUtils.java:logGet(46)) - raft.server.rpc.slowness.timeout = 2s (custom)
2022-12-22 10:14:59,063 [Listener at 127.0.0.1/43455] INFO  server.RaftServerConfigKeys (ConfUtils.java:logGet(46)) - raft.server.leaderelection.leader.step-down.wait-time = 10s (default)
2022-12-22 10:14:59,063 [Listener at 127.0.0.1/43455] INFO  server.RaftServerConfigKeys (ConfUtils.java:logGet(46)) - raft.server.storage.dir = [/home/runner/work/ozone/ozone/hadoop-ozone/integration-test/target/test-dir/MiniOzoneClusterImpl-e8789b07-7928-40b5-ad88-551b1740a89b/omNode-bootstrap-1/ratis] (custom)
2022-12-22 10:14:59,063 [omNode-bootstrap-1-NettyServerStreamRpc-bossGroup--thread1] INFO  logging.LoggingHandler (AbstractInternalLogger.java:log(148)) - [id: 0x75bacde7] REGISTERED
2022-12-22 10:14:59,063 [omNode-bootstrap-1-NettyServerStreamRpc-bossGroup--thread1] INFO  logging.LoggingHandler (AbstractInternalLogger.java:log(148)) - [id: 0x75bacde7] BIND: 0.0.0.0/0.0.0.0:0
2022-12-22 10:14:59,064 [omNode-bootstrap-1-NettyServerStreamRpc-bossGroup--thread1] INFO  logging.LoggingHandler (AbstractInternalLogger.java:log(148)) - [id: 0x75bacde7, L:/0:0:0:0:0:0:0:0:43431] ACTIVE
2022-12-22 10:14:59,066 [Listener at 127.0.0.1/43455] INFO  server.RaftServer (RaftServerProxy.java:addNew(96)) - omNode-bootstrap-1: addNew group-0AAC5367B30E:[] returns group-0AAC5367B30E:java.util.concurrent.CompletableFuture@7f99333b[Not completed]
2022-12-22 10:14:59,066 [pool-426-thread-1] INFO  server.RaftServer$Division (RaftServerImpl.java:<init>(195)) - omNode-bootstrap-1: new RaftServerImpl for group-0AAC5367B30E:[] with OzoneManagerStateMachine:uninitialized
2022-12-22 10:14:59,066 [Listener at 127.0.0.1/43455] INFO  om.OzoneManager (OzoneManager.java:initializeRatisServer(1979)) - OzoneManager Ratis server initialized at port 39199
2022-12-22 10:14:59,066 [pool-426-thread-1] INFO  server.RaftServerConfigKeys (ConfUtils.java:logGet(46)) - raft.server.rpc.timeout.min = 1s (custom)
2022-12-22 10:14:59,066 [pool-426-thread-1] INFO  server.RaftServerConfigKeys (ConfUtils.java:logGet(46)) - raft.server.rpc.timeout.max = 1200ms (custom)
2022-12-22 10:14:59,066 [pool-426-thread-1] INFO  server.RaftServerConfigKeys (ConfUtils.java:logGet(46)) - raft.server.rpc.sleep.time = 25ms (default)
2022-12-22 10:14:59,066 [pool-426-thread-1] INFO  server.RaftServerConfigKeys (ConfUtils.java:logGet(46)) - raft.server.rpc.slowness.timeout = 2s (custom)
2022-12-22 10:14:59,066 [pool-426-thread-1] INFO  server.RaftServerConfigKeys (ConfUtils.java:logGet(46)) - raft.server.leaderelection.leader.step-down.wait-time = 10s (default)
2022-12-22 10:14:59,066 [pool-426-thread-1] INFO  server.RaftServerConfigKeys (ConfUtils.java:logGet(46)) - raft.server.sleep.deviation.threshold = 300ms (default)
2022-12-22 10:14:59,066 [pool-426-thread-1] INFO  server.RaftServer$Division (ServerState.java:<init>(118)) - omNode-bootstrap-1@group-0AAC5367B30E: ConfigurationManager, init=-1: peers:[]|listeners:[], old=null, confs=<EMPTY_MAP>
2022-12-22 10:14:59,067 [pool-426-thread-1] INFO  server.RaftServerConfigKeys (ConfUtils.java:logGet(46)) - raft.server.storage.dir = [/home/runner/work/ozone/ozone/hadoop-ozone/integration-test/target/test-dir/MiniOzoneClusterImpl-e8789b07-7928-40b5-ad88-551b1740a89b/omNode-bootstrap-1/ratis] (custom)
2022-12-22 10:14:59,067 [pool-426-thread-1] INFO  server.RaftServerConfigKeys (ConfUtils.java:logGet(46)) - raft.server.log.corruption.policy = EXCEPTION (default)
2022-12-22 10:14:59,067 [pool-426-thread-1] INFO  server.RaftServerConfigKeys (ConfUtils.java:logGet(46)) - raft.server.storage.free-space.min = 0MB (=0) (default)
2022-12-22 10:14:59,067 [pool-426-thread-1] INFO  server.RaftServerConfigKeys (ConfUtils.java:logGet(46)) - raft.server.notification.no-leader.timeout = 2s (custom)
2022-12-22 10:14:59,067 [pool-426-thread-1] INFO  server.RaftServerConfigKeys (ConfUtils.java:logGet(46)) - raft.server.retrycache.expirytime = 300s (custom)
2022-12-22 10:14:59,067 [pool-426-thread-1] INFO  server.RaftServerConfigKeys (ConfUtils.java:logGet(46)) - raft.server.retrycache.statistics.expirytime = 100μs (default)
2022-12-22 10:14:59,067 [Listener at 127.0.0.1/43455] INFO  om.OzoneManager (OzoneManager.java:getRpcServer(1106)) - Creating RPC Server
2022-12-22 10:14:59,067 [pool-426-thread-1] INFO  server.RaftServerConfigKeys (ConfUtils.java:logGet(46)) - raft.server.log.appender.install.snapshot.enabled = false (custom)
2022-12-22 10:14:59,067 [pool-426-thread-1] INFO  server.RaftServerConfigKeys (ConfUtils.java:logGet(46)) - raft.server.threadpool.server.cached = true (default)
2022-12-22 10:14:59,067 [pool-426-thread-1] INFO  server.RaftServerConfigKeys (ConfUtils.java:logGet(46)) - raft.server.threadpool.server.size = 0 (default)
2022-12-22 10:14:59,067 [pool-426-thread-1] INFO  server.RaftServerConfigKeys (ConfUtils.java:logGet(46)) - raft.server.threadpool.client.cached = true (default)
2022-12-22 10:14:59,067 [pool-426-thread-1] INFO  server.RaftServerConfigKeys (ConfUtils.java:logGet(46)) - raft.server.threadpool.client.size = 0 (default)
2022-12-22 10:14:59,381 [Listener at 127.0.0.1/43455] INFO  reflections.Reflections (Reflections.java:scan(232)) - Reflections took 313 ms to scan 19 urls, producing 67 keys and 4509 values [using 2 cores]
2022-12-22 10:14:59,382 [Listener at 127.0.0.1/43455] INFO  ipc.CallQueueManager (CallQueueManager.java:<init>(90)) - Using callQueue: class java.util.concurrent.LinkedBlockingQueue, queueCapacity: 2000, scheduler: class org.apache.hadoop.ipc.DefaultRpcScheduler, ipcBackoff: false.
2022-12-22 10:14:59,385 [Socket Reader #1 for port 33227] INFO  ipc.Server (Server.java:run(1273)) - Starting Socket Reader #1 for port 33227
2022-12-22 10:14:59,410 [Listener at 127.0.0.1/33227] INFO  impl.MetricsSystemImpl (MetricsSystemImpl.java:init(158)) - OzoneManager metrics system started (again)
2022-12-22 10:14:59,422 [Listener at 127.0.0.1/33227] INFO  om.OzoneManager (OzoneManager.java:start(1486)) - OzoneManager RPC server is listening at localhost/127.0.0.1:33227
2022-12-22 10:14:59,422 [Listener at 127.0.0.1/33227] INFO  ratis.OzoneManagerRatisServer (OzoneManagerRatisServer.java:start(555)) - Starting OzoneManagerRatisServer omNode-bootstrap-1 at port 39199
2022-12-22 10:14:59,422 [omNode-bootstrap-1-impl-thread1] INFO  storage.RaftStorageDirectory (RaftStorageDirectoryImpl.java:analyzeStorage(137)) - The storage directory /home/runner/work/ozone/ozone/hadoop-ozone/integration-test/target/test-dir/MiniOzoneClusterImpl-e8789b07-7928-40b5-ad88-551b1740a89b/omNode-bootstrap-1/ratis/0718e334-ffa1-36bc-8e9a-0aac5367b30e does not exist. Creating ...
2022-12-22 10:14:59,423 [omNode-bootstrap-1-impl-thread1] INFO  storage.RaftStorageDirectory (RaftStorageDirectoryImpl.java:tryLock(231)) - Lock on /home/runner/work/ozone/ozone/hadoop-ozone/integration-test/target/test-dir/MiniOzoneClusterImpl-e8789b07-7928-40b5-ad88-551b1740a89b/omNode-bootstrap-1/ratis/0718e334-ffa1-36bc-8e9a-0aac5367b30e/in_use.lock acquired by nodename 33150@fv-az345-686
2022-12-22 10:14:59,424 [omNode-bootstrap-1-impl-thread1] INFO  storage.RaftStorage (RaftStorageImpl.java:format(96)) - Storage directory /home/runner/work/ozone/ozone/hadoop-ozone/integration-test/target/test-dir/MiniOzoneClusterImpl-e8789b07-7928-40b5-ad88-551b1740a89b/omNode-bootstrap-1/ratis/0718e334-ffa1-36bc-8e9a-0aac5367b30e has been successfully formatted.
2022-12-22 10:14:59,424 [omNode-bootstrap-1-impl-thread1] INFO  server.RaftServerConfigKeys (ConfUtils.java:logGet(46)) - raft.server.log.use.memory = false (default)
2022-12-22 10:14:59,424 [omNode-bootstrap-1-impl-thread1] INFO  server.RaftServerConfigKeys (ConfUtils.java:logGet(46)) - raft.server.log.purge.gap = 1000000 (custom)
2022-12-22 10:14:59,424 [omNode-bootstrap-1-impl-thread1] INFO  server.RaftServerConfigKeys (ConfUtils.java:logGet(46)) - raft.server.log.appender.buffer.byte-limit = 33554432 (custom)
2022-12-22 10:14:59,424 [omNode-bootstrap-1-impl-thread1] INFO  server.RaftServerConfigKeys (ConfUtils.java:logGet(46)) - raft.server.log.statemachine.data.read.timeout = 1000ms (default)
2022-12-22 10:14:59,424 [omNode-bootstrap-1-impl-thread1] INFO  server.RaftServerConfigKeys (ConfUtils.java:logGet(46)) - raft.server.log.purge.preservation.log.num = 0 (default)
2022-12-22 10:14:59,424 [omNode-bootstrap-1-impl-thread1] INFO  server.RaftServerConfigKeys (ConfUtils.java:logGet(46)) - raft.server.log.segment.size.max = 4194304 (custom)
2022-12-22 10:14:59,425 [omNode-bootstrap-1-impl-thread1] INFO  server.RaftServerConfigKeys (ConfUtils.java:logGet(46)) - raft.server.log.segment.cache.num.max = 2 (custom)
2022-12-22 10:14:59,425 [omNode-bootstrap-1-impl-thread1] INFO  server.RaftServerConfigKeys (ConfUtils.java:logGet(46)) - raft.server.log.segment.cache.size.max = 200MB (=209715200) (default)
2022-12-22 10:14:59,425 [omNode-bootstrap-1-impl-thread1] INFO  segmented.SegmentedRaftLogWorker (SegmentedRaftLogWorker.java:<init>(189)) - new omNode-bootstrap-1@group-0AAC5367B30E-SegmentedRaftLogWorker for RaftStorageImpl:Storage Directory /home/runner/work/ozone/ozone/hadoop-ozone/integration-test/target/test-dir/MiniOzoneClusterImpl-e8789b07-7928-40b5-ad88-551b1740a89b/omNode-bootstrap-1/ratis/0718e334-ffa1-36bc-8e9a-0aac5367b30e
2022-12-22 10:14:59,425 [omNode-bootstrap-1-impl-thread1] INFO  server.RaftServerConfigKeys (ConfUtils.java:logGet(46)) - raft.server.log.queue.byte-limit = 64MB (=67108864) (default)
2022-12-22 10:14:59,425 [omNode-bootstrap-1-impl-thread1] INFO  server.RaftServerConfigKeys (ConfUtils.java:logGet(46)) - raft.server.log.queue.element-limit = 4096 (default)
2022-12-22 10:14:59,425 [omNode-bootstrap-1-impl-thread1] INFO  server.RaftServerConfigKeys (ConfUtils.java:logGet(46)) - raft.server.log.segment.size.max = 4194304 (custom)
2022-12-22 10:14:59,425 [omNode-bootstrap-1-impl-thread1] INFO  server.RaftServerConfigKeys (ConfUtils.java:logGet(46)) - raft.server.log.preallocated.size = 4194304 (custom)
2022-12-22 10:14:59,425 [omNode-bootstrap-1-impl-thread1] INFO  server.RaftServerConfigKeys (ConfUtils.java:logGet(46)) - raft.server.log.force.sync.num = 128 (default)
2022-12-22 10:14:59,425 [omNode-bootstrap-1-impl-thread1] INFO  server.RaftServerConfigKeys (ConfUtils.java:logGet(46)) - raft.server.log.statemachine.data.sync = true (default)
2022-12-22 10:14:59,425 [omNode-bootstrap-1-impl-thread1] INFO  server.RaftServerConfigKeys (ConfUtils.java:logGet(46)) - raft.server.log.statemachine.data.sync.timeout = 10s (default)
2022-12-22 10:14:59,425 [omNode-bootstrap-1-impl-thread1] INFO  server.RaftServerConfigKeys (ConfUtils.java:logGet(46)) - raft.server.log.statemachine.data.sync.timeout.retry = -1 (default)
2022-12-22 10:14:59,425 [omNode-bootstrap-1-impl-thread1] INFO  server.RaftServerConfigKeys (ConfUtils.java:logGet(46)) - raft.server.log.write.buffer.size = 64KB (=65536) (default)
2022-12-22 10:14:59,425 [omNode-bootstrap-1-impl-thread1] INFO  server.RaftServerConfigKeys (ConfUtils.java:logGet(46)) - raft.server.log.appender.buffer.byte-limit = 33554432 (custom)
2022-12-22 10:14:59,428 [omNode-bootstrap-1-impl-thread1] INFO  server.RaftServerConfigKeys (ConfUtils.java:logGet(46)) - raft.server.log.unsafe-flush.enabled = false (default)
2022-12-22 10:14:59,428 [omNode-bootstrap-1-impl-thread1] INFO  server.RaftServerConfigKeys (ConfUtils.java:logGet(46)) - raft.server.log.async-flush.enabled = false (default)
2022-12-22 10:14:59,428 [omNode-bootstrap-1-impl-thread1] INFO  server.RaftServerConfigKeys (ConfUtils.java:logGet(46)) - raft.server.log.statemachine.data.caching.enabled = false (default)
2022-12-22 10:14:59,428 [omNode-bootstrap-1-impl-thread1] INFO  segmented.SegmentedRaftLogWorker (SegmentedRaftLogWorker.java:lambda$new$0(135)) - omNode-bootstrap-1@group-0AAC5367B30E-SegmentedRaftLogWorker: flushIndex: setUnconditionally 0 -> -1
2022-12-22 10:14:59,428 [omNode-bootstrap-1-impl-thread1] INFO  segmented.SegmentedRaftLogWorker (SegmentedRaftLogWorker.java:lambda$new$0(135)) - omNode-bootstrap-1@group-0AAC5367B30E-SegmentedRaftLogWorker: safeCacheEvictIndex: setUnconditionally 0 -> -1
2022-12-22 10:14:59,429 [omNode-bootstrap-1-impl-thread1] INFO  server.RaftServer$Division (RaftServerImpl.java:start(340)) - omNode-bootstrap-1@group-0AAC5367B30E: start with initializing state, conf=-1: peers:[]|listeners:[], old=null
2022-12-22 10:14:59,429 [omNode-bootstrap-1-impl-thread1] INFO  server.RaftServer$Division (RaftServerImpl.java:setRole(321)) - omNode-bootstrap-1@group-0AAC5367B30E: changes role from      null to FOLLOWER at term 0 for startInitializing
2022-12-22 10:14:59,429 [omNode-bootstrap-1-impl-thread1] INFO  util.JmxRegister (JmxRegister.java:tryRegister(44)) - Successfully registered JMX Bean with object name Ratis:service=RaftServer,group=group-0AAC5367B30E,id=omNode-bootstrap-1
2022-12-22 10:14:59,429 [omNode-bootstrap-1-impl-thread1] INFO  server.RaftServerConfigKeys (ConfUtils.java:logGet(46)) - raft.server.snapshot.auto.trigger.enabled = true (custom)
2022-12-22 10:14:59,429 [omNode-bootstrap-1-impl-thread1] INFO  server.RaftServerConfigKeys (ConfUtils.java:logGet(46)) - raft.server.snapshot.auto.trigger.threshold = 400000 (default)
2022-12-22 10:14:59,429 [omNode-bootstrap-1-impl-thread1] INFO  server.RaftServerConfigKeys (ConfUtils.java:logGet(46)) - raft.server.snapshot.retention.file.num = -1 (default)
2022-12-22 10:14:59,429 [omNode-bootstrap-1-impl-thread1] INFO  server.RaftServerConfigKeys (ConfUtils.java:logGet(46)) - raft.server.log.purge.upto.snapshot.index = true (custom)
2022-12-22 10:14:59,438 [Listener at 127.0.0.1/33227] INFO  server.RaftServer (RaftServerProxy.java:startImpl(393)) - omNode-bootstrap-1: start RPC server
2022-12-22 10:14:59,441 [Listener at 127.0.0.1/33227] INFO  server.GrpcService (GrpcService.java:startImpl(262)) - omNode-bootstrap-1: GrpcService started, listening on 39199
2022-12-22 10:14:59,442 [Listener at 127.0.0.1/33227] INFO  om.OzoneManager (JvmPauseMonitor.java:run(105)) - JvmPauseMonitor-omNode-bootstrap-1: Started
2022-12-22 10:14:59,442 [Listener at 127.0.0.1/33227] INFO  om.OzoneManager (OzoneManager.java:start(1502)) - Version File has different layout version (3) than OM DB (null). That is expected if this OM has never been finalized to a newer layout version.
2022-12-22 10:14:59,446 [Listener at 127.0.0.1/33227] INFO  http.BaseHttpServer (BaseHttpServer.java:newHttpServer2BuilderForOzone(213)) - Starting Web-server for ozoneManager at: http://0.0.0.0:38977
2022-12-22 10:14:59,447 [Listener at 127.0.0.1/33227] INFO  http.BaseHttpServer (BaseHttpServer.java:<init>(108)) - Hadoop Security Enabled: false Ozone Security Enabled: false Ozone HTTP Security Enabled: false 
2022-12-22 10:14:59,449 [Listener at 127.0.0.1/33227] WARN  server.AuthenticationFilter (AuthenticationFilter.java:constructSecretProvider(240)) - Unable to initialize FileSignerSecretProvider, falling back to use random secrets. Reason: Could not read signature secret file: /home/runner/hadoop-http-auth-signature-secret
2022-12-22 10:14:59,449 [Listener at 127.0.0.1/33227] WARN  http.HttpRequestLog (HttpRequestLog.java:getRequestLog(103)) - Jetty request log can only be enabled using Log4j
2022-12-22 10:14:59,450 [Listener at 127.0.0.1/33227] INFO  http.HttpServer2 (HttpServer2.java:addGlobalFilter(1031)) - Added global filter 'safety' (class=org.apache.hadoop.hdds.server.http.HttpServer2$QuotingInputFilter)
2022-12-22 10:14:59,451 [Listener at 127.0.0.1/33227] INFO  http.HttpServer2 (HttpServer2.java:addFilter(1007)) - Added filter static_user_filter (class=org.apache.hadoop.http.lib.StaticUserWebFilter$StaticUserFilter) to context ozoneManager
2022-12-22 10:14:59,451 [Listener at 127.0.0.1/33227] INFO  http.HttpServer2 (HttpServer2.java:addFilter(1015)) - Added filter static_user_filter (class=org.apache.hadoop.http.lib.StaticUserWebFilter$StaticUserFilter) to context logs
2022-12-22 10:14:59,451 [Listener at 127.0.0.1/33227] INFO  http.HttpServer2 (HttpServer2.java:addFilter(1015)) - Added filter static_user_filter (class=org.apache.hadoop.http.lib.StaticUserWebFilter$StaticUserFilter) to context static
2022-12-22 10:14:59,451 [Listener at 127.0.0.1/33227] INFO  http.HttpServer2 (HttpServer2.java:bindListener(1250)) - Jetty bound to port 38977
2022-12-22 10:14:59,452 [Listener at 127.0.0.1/33227] INFO  server.Server (Server.java:doStart(375)) - jetty-9.4.49.v20220914; built: 2022-09-14T01:07:36.601Z; git: 4231a3b2e4cb8548a412a789936d640a97b1aa0a; jvm 1.8.0_352-b08
2022-12-22 10:14:59,454 [Listener at 127.0.0.1/33227] INFO  server.session (DefaultSessionIdManager.java:doStart(334)) - DefaultSessionIdManager workerName=node0
2022-12-22 10:14:59,454 [Listener at 127.0.0.1/33227] INFO  server.session (DefaultSessionIdManager.java:doStart(339)) - No SessionScavenger set, using defaults
2022-12-22 10:14:59,454 [Listener at 127.0.0.1/33227] INFO  server.session (HouseKeeper.java:startScavenging(132)) - node0 Scavenging every 660000ms
2022-12-22 10:14:59,455 [Listener at 127.0.0.1/33227] INFO  handler.ContextHandler (ContextHandler.java:doStart(921)) - Started o.e.j.s.ServletContextHandler@2d90d552{logs,/logs,file:///home/runner/work/ozone/ozone/hadoop-ozone/integration-test/target/log,AVAILABLE}
2022-12-22 10:14:59,456 [Listener at 127.0.0.1/33227] INFO  handler.ContextHandler (ContextHandler.java:doStart(921)) - Started o.e.j.s.ServletContextHandler@18d7c2c9{static,/static,file:///home/runner/work/ozone/ozone/hadoop-ozone/integration-test/target/test-classes/webapps/static,AVAILABLE}
2022-12-22 10:14:59,458 [Listener at 127.0.0.1/33227] INFO  handler.ContextHandler (ContextHandler.java:doStart(921)) - Started o.e.j.w.WebAppContext@31fa9f32{ozoneManager,/,file:///home/runner/work/ozone/ozone/hadoop-ozone/integration-test/target/test-classes/webapps/ozoneManager/,AVAILABLE}{file:/home/runner/work/ozone/ozone/hadoop-ozone/integration-test/target/test-classes/webapps/ozoneManager}
2022-12-22 10:14:59,459 [Listener at 127.0.0.1/33227] INFO  server.AbstractConnector (AbstractConnector.java:doStart(333)) - Started ServerConnector@38692fbe{HTTP/1.1, (http/1.1)}{0.0.0.0:38977}
2022-12-22 10:14:59,460 [Listener at 127.0.0.1/33227] INFO  server.Server (Server.java:doStart(415)) - Started @83191ms
2022-12-22 10:14:59,460 [Listener at 127.0.0.1/33227] WARN  impl.MetricsSystemImpl (MetricsSystemImpl.java:register(279)) - Sink prometheus already exists!
2022-12-22 10:14:59,460 [Listener at 127.0.0.1/33227] INFO  http.BaseHttpServer (BaseHttpServer.java:updateConnectorAddress(333)) - HTTP server of ozoneManager listening at http://0.0.0.0:38977
2022-12-22 10:14:59,460 [IPC Server Responder] INFO  ipc.Server (Server.java:run(1512)) - IPC Server Responder: starting
2022-12-22 10:14:59,462 [IPC Server listener on 33227] INFO  ipc.Server (Server.java:run(1352)) - IPC Server listener on 33227: starting
2022-12-22 10:14:59,465 [EventQueue-CommandQueueReportForCommandQueueReportHandler] WARN  events.EventQueue (EventQueue.java:fireEvent(216)) - No event handler registered for event TypedEvent{payloadType=DatanodeDetails, name='Datanode_Command_Queue_Updated'}
2022-12-22 10:14:59,466 [Listener at 127.0.0.1/33227] INFO  om.OzoneManager (OzoneManager.java:startTrashEmptier(1923)) - Trash Interval set to 0. Files deleted won't move to trash
2022-12-22 10:14:59,468 [org.apache.hadoop.util.JvmPauseMonitor$Monitor@3cdb3b12] INFO  util.JvmPauseMonitor (JvmPauseMonitor.java:run(188)) - Starting JVM pause monitor
2022-12-22 10:14:59,475 [IPC Server handler 7 on default port 43455] INFO  ratis.OzoneManagerRatisServer (OzoneManagerRatisServer.java:addOMToRatisRing(310)) - omNode-1: Submitting SetConfiguration request to Ratis server to add new OM peer omNode-bootstrap-1|rpc:localhost:39199|priority:0|startupRole:FOLLOWER to the Ratis group group-0AAC5367B30E:[omNode-1|rpc:localhost:43101|priority:0|startupRole:FOLLOWER]
2022-12-22 10:14:59,476 [IPC Server handler 7 on default port 43455] INFO  server.RaftServer$Division (RaftServerImpl.java:setConfigurationAsync(1112)) - omNode-1@group-0AAC5367B30E: receive setConfiguration SetConfigurationRequest:client-E5D521CAFE07->omNode-1@group-0AAC5367B30E, cid=1, seq=0, RW, null, SET_UNCONDITIONALLY, servers:[omNode-1|rpc:localhost:43101|priority:0|startupRole:FOLLOWER, omNode-bootstrap-1|rpc:localhost:39199|priority:0|startupRole:FOLLOWER], listeners:[]
2022-12-22 10:14:59,476 [IPC Server handler 7 on default port 43455] INFO  server.RaftServer$Division (LeaderStateImpl.java:startSetConfiguration(368)) - omNode-1@group-0AAC5367B30E-LeaderStateImpl: startSetConfiguration SetConfigurationRequest:client-E5D521CAFE07->omNode-1@group-0AAC5367B30E, cid=1, seq=0, RW, null, SET_UNCONDITIONALLY, servers:[omNode-1|rpc:localhost:43101|priority:0|startupRole:FOLLOWER, omNode-bootstrap-1|rpc:localhost:39199|priority:0|startupRole:FOLLOWER], listeners:[]
2022-12-22 10:14:59,476 [IPC Server handler 7 on default port 43455] INFO  server.RaftServerConfigKeys (ConfUtils.java:logGet(46)) - raft.server.log.appender.snapshot.chunk.size.max = 16MB (=16777216) (default)
2022-12-22 10:14:59,476 [IPC Server handler 7 on default port 43455] INFO  server.RaftServerConfigKeys (ConfUtils.java:logGet(46)) - raft.server.log.appender.buffer.byte-limit = 33554432 (custom)
2022-12-22 10:14:59,476 [IPC Server handler 7 on default port 43455] INFO  server.RaftServerConfigKeys (ConfUtils.java:logGet(46)) - raft.server.log.appender.buffer.element-limit = 1024 (custom)
2022-12-22 10:14:59,477 [IPC Server handler 7 on default port 43455] INFO  grpc.GrpcConfigKeys (ConfUtils.java:logGet(46)) - raft.grpc.server.leader.outstanding.appends.max = 128 (default)
2022-12-22 10:14:59,477 [IPC Server handler 7 on default port 43455] INFO  server.RaftServerConfigKeys (ConfUtils.java:logGet(46)) - raft.server.rpc.request.timeout = 3000ms (default)
2022-12-22 10:14:59,477 [IPC Server handler 7 on default port 43455] INFO  server.RaftServerConfigKeys (ConfUtils.java:logGet(46)) - raft.server.log.appender.install.snapshot.enabled = false (custom)
2022-12-22 10:14:59,477 [IPC Server handler 7 on default port 43455] INFO  grpc.GrpcConfigKeys (ConfUtils.java:logGet(46)) - raft.grpc.server.heartbeat.channel = true (default)
2022-12-22 10:14:59,477 [IPC Server handler 7 on default port 43455] INFO  server.RaftServerConfigKeys (ConfUtils.java:logGet(46)) - raft.server.log.appender.wait-time.min = 10ms (default)
2022-12-22 10:14:59,478 [omNode-1@group-0AAC5367B30E->omNode-bootstrap-1-GrpcLogAppender-LogAppenderDaemon] INFO  server.GrpcServerProtocolClient (GrpcServerProtocolClient.java:<init>(63)) - Build channel for omNode-bootstrap-1
2022-12-22 10:14:59,483 [grpc-default-executor-0] INFO  impl.SnapshotInstallationHandler (SnapshotInstallationHandler.java:installSnapshot(89)) - omNode-bootstrap-1@group-0AAC5367B30E: receive installSnapshot: omNode-1->omNode-bootstrap-1#0-t1,notify:(t:1, i:0)
2022-12-22 10:14:59,487 [grpc-default-executor-0] INFO  server.RaftServer$Division (ServerState.java:setLeader(313)) - omNode-bootstrap-1@group-0AAC5367B30E: change Leader from null to omNode-1 at term 1 for installSnapshot, leader elected after 420ms
2022-12-22 10:14:59,488 [grpc-default-executor-0] INFO  impl.SnapshotInstallationHandler (SnapshotInstallationHandler.java:notifyStateMachineToInstallSnapshot(220)) - omNode-bootstrap-1@group-0AAC5367B30E: Received notification to install snapshot at index 0
2022-12-22 10:14:59,488 [grpc-default-executor-0] INFO  impl.SnapshotInstallationHandler (SnapshotInstallationHandler.java:notifyStateMachineToInstallSnapshot(229)) - omNode-bootstrap-1@group-0AAC5367B30E: InstallSnapshot notification result: ALREADY_INSTALLED, current snapshot index: -1
2022-12-22 10:14:59,488 [grpc-default-executor-0] INFO  impl.SnapshotInstallationHandler (SnapshotInstallationHandler.java:installSnapshotImpl(134)) - omNode-bootstrap-1@group-0AAC5367B30E: set new configuration configurationEntry {
  peers {
    id: "omNode-1"
    address: "localhost:43101"
    startupRole: FOLLOWER
  }
}
 from snapshot
2022-12-22 10:14:59,489 [grpc-default-executor-0] INFO  server.RaftServer$Division (ServerState.java:setRaftConf(430)) - omNode-bootstrap-1@group-0AAC5367B30E: set configuration 0: peers:[omNode-1|rpc:localhost:43101|admin:|client:|dataStream:|priority:0|startupRole:FOLLOWER]|listeners:[], old=null
2022-12-22 10:14:59,489 [grpc-default-executor-0] INFO  ratis.OzoneManagerStateMachine (OzoneManagerStateMachine.java:notifyConfigurationChanged(192)) - Received Configuration change notification from Ratis. New Peer list:
[id: "omNode-1"
address: "localhost:43101"
startupRole: FOLLOWER
]
2022-12-22 10:14:59,491 [grpc-default-executor-0] INFO  ratis.OzoneManagerRatisServer (OzoneManagerRatisServer.java:addRaftPeer(401)) - Added OM omNode-1 to Ratis Peers list.
2022-12-22 10:14:59,491 [grpc-default-executor-0] INFO  om.OzoneManager (OzoneManager.java:addOMNodeToPeers(1842)) - Added OM omNode-1 to the Peer list.
2022-12-22 10:14:59,491 [grpc-default-executor-0] INFO  impl.SnapshotInstallationHandler (SnapshotInstallationHandler.java:installSnapshot(100)) - omNode-bootstrap-1@group-0AAC5367B30E: reply installSnapshot: omNode-1<-omNode-bootstrap-1#0:OK-t0,ALREADY_INSTALLED
2022-12-22 10:14:59,492 [grpc-default-executor-4] WARN  server.GrpcServerProtocolService (LogUtils.java:warn(122)) - omNode-bootstrap-1: installSnapshot onError, lastRequest: omNode-1->omNode-bootstrap-1#0-t1,notify:(t:1, i:0): org.apache.ratis.thirdparty.io.grpc.StatusRuntimeException: CANCELLED: client cancelled
2022-12-22 10:14:59,498 [omNode-bootstrap-1-server-thread1] INFO  impl.RoleInfo (RoleInfo.java:updateAndGet(139)) - omNode-bootstrap-1: start omNode-bootstrap-1@group-0AAC5367B30E-FollowerState
2022-12-22 10:14:59,498 [omNode-bootstrap-1-server-thread1] INFO  server.RaftServer$Division (RaftServerImpl.java:checkInconsistentAppendEntries(1508)) - omNode-bootstrap-1@group-0AAC5367B30E: Failed appendEntries as previous log entry ((t:1, i:0)) is not found
2022-12-22 10:14:59,498 [omNode-bootstrap-1-server-thread1] INFO  server.RaftServer$Division (RaftServerImpl.java:checkInconsistentAppendEntries(1478)) - omNode-bootstrap-1@group-0AAC5367B30E: inconsistency entries. Reply:omNode-1<-omNode-bootstrap-1#0:FAIL-t1,INCONSISTENCY,nextIndex=0,followerCommit=-1,matchIndex=-1
2022-12-22 10:14:59,503 [omNode-bootstrap-1-server-thread1] INFO  server.RaftServer$Division (ServerState.java:setRaftConf(430)) - omNode-bootstrap-1@group-0AAC5367B30E: set configuration 0: peers:[omNode-1|rpc:localhost:43101|admin:|client:|dataStream:|priority:0|startupRole:FOLLOWER]|listeners:[], old=null
2022-12-22 10:14:59,503 [omNode-bootstrap-1-server-thread1] INFO  segmented.SegmentedRaftLogWorker (SegmentedRaftLogWorker.java:startLogSegment(452)) - omNode-bootstrap-1@group-0AAC5367B30E-SegmentedRaftLogWorker: Starting segment from index:0
2022-12-22 10:14:59,510 [omNode-bootstrap-1@group-0AAC5367B30E-SegmentedRaftLogWorker] INFO  segmented.SegmentedRaftLogWorker (SegmentedRaftLogWorker.java:execute(656)) - omNode-bootstrap-1@group-0AAC5367B30E-SegmentedRaftLogWorker: created new log segment /home/runner/work/ozone/ozone/hadoop-ozone/integration-test/target/test-dir/MiniOzoneClusterImpl-e8789b07-7928-40b5-ad88-551b1740a89b/omNode-bootstrap-1/ratis/0718e334-ffa1-36bc-8e9a-0aac5367b30e/current/log_inprogress_0
2022-12-22 10:14:59,511 [omNode-bootstrap-1@group-0AAC5367B30E-StateMachineUpdater] INFO  ratis.OzoneManagerStateMachine (OzoneManagerStateMachine.java:notifyConfigurationChanged(192)) - Received Configuration change notification from Ratis. New Peer list:
[id: "omNode-1"
address: "localhost:43101"
startupRole: FOLLOWER
]
2022-12-22 10:14:59,513 [omNode-1@group-0AAC5367B30E-LeaderStateImpl] INFO  server.RaftServer$Division (ServerState.java:setRaftConf(430)) - omNode-1@group-0AAC5367B30E: set configuration 9: peers:[omNode-bootstrap-1|rpc:localhost:39199|priority:0|startupRole:FOLLOWER, omNode-1|rpc:localhost:43101|priority:0|startupRole:FOLLOWER]|listeners:[], old=peers:[omNode-1|rpc:localhost:43101|admin:|client:|dataStream:|priority:0|startupRole:FOLLOWER]|listeners:[]
2022-12-22 10:14:59,514 [omNode-bootstrap-1-server-thread1] INFO  server.RaftServer$Division (ServerState.java:setRaftConf(430)) - omNode-bootstrap-1@group-0AAC5367B30E: set configuration 9: peers:[omNode-bootstrap-1|rpc:localhost:39199|admin:|client:|dataStream:|priority:0|startupRole:FOLLOWER, omNode-1|rpc:localhost:43101|admin:|client:|dataStream:|priority:0|startupRole:FOLLOWER]|listeners:[], old=peers:[omNode-1|rpc:localhost:43101|admin:|client:|dataStream:|priority:0|startupRole:FOLLOWER]|listeners:[]
2022-12-22 10:14:59,516 [OM StateMachine ApplyTransaction Thread - 0] INFO  volume.OMVolumeCreateRequest (OMVolumeCreateRequest.java:validateAndUpdateCache(195)) - created volume:volume12012 for user:runner
2022-12-22 10:14:59,517 [omNode-1@group-0AAC5367B30E-LeaderStateImpl] INFO  server.RaftServer$Division (ServerState.java:setRaftConf(430)) - omNode-1@group-0AAC5367B30E: set configuration 11: peers:[omNode-bootstrap-1|rpc:localhost:39199|priority:0|startupRole:FOLLOWER, omNode-1|rpc:localhost:43101|priority:0|startupRole:FOLLOWER]|listeners:[], old=null
2022-12-22 10:14:59,517 [omNode-1@group-0AAC5367B30E-StateMachineUpdater] INFO  ratis.OzoneManagerStateMachine (OzoneManagerStateMachine.java:notifyConfigurationChanged(192)) - Received Configuration change notification from Ratis. New Peer list:
[id: "omNode-bootstrap-1"
address: "localhost:39199"
startupRole: FOLLOWER
, id: "omNode-1"
address: "localhost:43101"
startupRole: FOLLOWER
]
2022-12-22 10:14:59,525 [omNode-1@group-0AAC5367B30E-StateMachineUpdater] INFO  snapshot.OzoneManagerSnapshotProvider (OzoneManagerSnapshotProvider.java:<init>(76)) - Initializing OM Snapshot Provider
2022-12-22 10:14:59,534 [omNode-bootstrap-1-server-thread1] INFO  server.RaftServer$Division (ServerState.java:setRaftConf(430)) - omNode-bootstrap-1@group-0AAC5367B30E: set configuration 11: peers:[omNode-bootstrap-1|rpc:localhost:39199|admin:|client:|dataStream:|priority:0|startupRole:FOLLOWER, omNode-1|rpc:localhost:43101|admin:|client:|dataStream:|priority:0|startupRole:FOLLOWER]|listeners:[], old=null
2022-12-22 10:14:59,535 [omNode-bootstrap-1@group-0AAC5367B30E-StateMachineUpdater] INFO  ratis.OzoneManagerStateMachine (OzoneManagerStateMachine.java:notifyConfigurationChanged(192)) - Received Configuration change notification from Ratis. New Peer list:
[id: "omNode-bootstrap-1"
address: "localhost:39199"
startupRole: FOLLOWER
, id: "omNode-1"
address: "localhost:43101"
startupRole: FOLLOWER
]
2022-12-22 10:14:59,535 [omNode-bootstrap-1@group-0AAC5367B30E-StateMachineUpdater] INFO  ratis.OzoneManagerRatisServer (OzoneManagerRatisServer.java:addRaftPeer(401)) - Added OM omNode-bootstrap-1 to Ratis Peers list.
2022-12-22 10:14:59,535 [omNode-bootstrap-1@group-0AAC5367B30E-StateMachineUpdater] INFO  ratis.OzoneManagerRatisServer (OzoneManagerRatisServer.java:addRaftPeer(401)) - Added OM omNode-1 to Ratis Peers list.
2022-12-22 10:14:59,540 [OM StateMachine ApplyTransaction Thread - 0] INFO  bucket.OMBucketCreateRequest (OMBucketCreateRequest.java:validateAndUpdateCache(260)) - created bucket: bucket90667 of layout LEGACY in volume: volume12012
2022-12-22 10:14:59,540 [IPC Server handler 7 on default port 43455] INFO  ratis.OzoneManagerRatisServer (OzoneManagerRatisServer.java:addOMToRatisRing(324)) - Added OM omNode-bootstrap-1 to Ratis group group-0AAC5367B30E.
2022-12-22 10:14:59,541 [Listener at 127.0.0.1/33227] INFO  om.OzoneManager (OzoneManager.java:bootstrap(1714)) - Successfully bootstrapped OM omNode-bootstrap-1 and joined the Ratis group group-0AAC5367B30E:[]
2022-12-22 10:14:59,541 [Listener at 127.0.0.1/33227] INFO  ozone.MiniOzoneHAClusterImpl (MiniOzoneHAClusterImpl.java:bootstrapOzoneManager(782)) - Bootstrapped OzoneManager omNode-bootstrap-1 RPC server at localhost/127.0.0.1:33227
2022-12-22 10:14:59,542 [omNode-bootstrap-1@group-0AAC5367B30E-StateMachineUpdater] INFO  ratis.OzoneManagerStateMachine (OzoneManagerStateMachine.java:notifyConfigurationChanged(192)) - Received Configuration change notification from Ratis. New Peer list:
[id: "omNode-bootstrap-1"
address: "localhost:39199"
startupRole: FOLLOWER
, id: "omNode-1"
address: "localhost:43101"
startupRole: FOLLOWER
]
2022-12-22 10:14:59,543 [omNode-1@group-0AAC5367B30E-StateMachineUpdater] INFO  ratis.OzoneManagerRatisServer (OzoneManagerRatisServer.java:addRaftPeer(401)) - Added OM omNode-bootstrap-1 to Ratis Peers list.
2022-12-22 10:14:59,543 [omNode-1@group-0AAC5367B30E-StateMachineUpdater] INFO  om.OzoneManager (OzoneManager.java:addOMNodeToPeers(1842)) - Added OM omNode-bootstrap-1 to the Peer list.
2022-12-22 10:14:59,544 [omNode-1@group-0AAC5367B30E-StateMachineUpdater] INFO  ratis.OzoneManagerStateMachine (OzoneManagerStateMachine.java:notifyConfigurationChanged(192)) - Received Configuration change notification from Ratis. New Peer list:
[id: "omNode-bootstrap-1"
address: "localhost:39199"
startupRole: FOLLOWER
, id: "omNode-1"
address: "localhost:43101"
startupRole: FOLLOWER
]
2022-12-22 10:14:59,769 [EventQueue-CommandQueueReportForCommandQueueReportHandler] WARN  events.EventQueue (EventQueue.java:fireEvent(216)) - No event handler registered for event TypedEvent{payloadType=DatanodeDetails, name='Datanode_Command_Queue_Updated'}
2022-12-22 10:14:59,853 [EndpointStateMachine task thread for /127.0.0.1:42129 - 0 ] INFO  ipc.Client (Client.java:handleConnectionFailure(1010)) - Retrying connect to server: localhost/127.0.0.1:42129. Already tried 3 time(s); retry policy is RetryUpToMaximumCountWithFixedSleep(maxRetries=15, sleepTime=1000 MILLISECONDS)
2022-12-22 10:14:59,866 [EventQueue-CommandQueueReportForCommandQueueReportHandler] WARN  events.EventQueue (EventQueue.java:fireEvent(216)) - No event handler registered for event TypedEvent{payloadType=DatanodeDetails, name='Datanode_Command_Queue_Updated'}
2022-12-22 10:15:00,465 [EventQueue-CommandQueueReportForCommandQueueReportHandler] WARN  events.EventQueue (EventQueue.java:fireEvent(216)) - No event handler registered for event TypedEvent{payloadType=DatanodeDetails, name='Datanode_Command_Queue_Updated'}
2022-12-22 10:15:00,543 [Listener at 127.0.0.1/33227] INFO  ha.OMHANodeDetails (OMHANodeDetails.java:loadOMHAConfig(121)) - ServiceID for OzoneManager is om-add-remove
2022-12-22 10:15:00,544 [Listener at 127.0.0.1/33227] INFO  ha.OMHANodeDetails (OMHANodeDetails.java:loadOMHAConfig(201)) - Found matching OM address with OMServiceId: om-add-remove, OMNodeId: omNode-bootstrap-2, RPC Address: localhost:39535 and Ratis port: 39331
2022-12-22 10:15:00,544 [Listener at 127.0.0.1/33227] INFO  ha.OMHANodeDetails (ConfUtils.java:setNodeSpecificConfigs(97)) - Setting configuration key ozone.om.http-address with value of key ozone.om.http-address.om-add-remove.omNode-bootstrap-2: 127.0.0.1:36889
2022-12-22 10:15:00,544 [Listener at 127.0.0.1/33227] INFO  ha.OMHANodeDetails (ConfUtils.java:setNodeSpecificConfigs(97)) - Setting configuration key ozone.om.https-address with value of key ozone.om.https-address.om-add-remove.omNode-bootstrap-2: 127.0.0.1:36113
2022-12-22 10:15:00,544 [Listener at 127.0.0.1/33227] INFO  ha.OMHANodeDetails (ConfUtils.java:setNodeSpecificConfigs(97)) - Setting configuration key ozone.om.address with value of key ozone.om.address.om-add-remove.omNode-bootstrap-2: 127.0.0.1:39535
2022-12-22 10:15:00,544 [Listener at 127.0.0.1/33227] WARN  server.ServerUtils (ServerUtils.java:getDBPath(225)) - ozone.om.db.dirs is not configured. We recommend adding this setting. Falling back to ozone.metadata.dirs instead.
2022-12-22 10:15:00,545 [Listener at 127.0.0.1/33227] INFO  ha.SCMNodeInfo (SCMNodeInfo.java:getPort(197)) - ConfigKey ozone.scm.client.address is deprecated, For configuring different ports for each SCM use PortConfigKey ozone.scm.client.port appended with serviceId and nodeId
2022-12-22 10:15:00,545 [Listener at 127.0.0.1/33227] INFO  ha.SCMNodeInfo (SCMNodeInfo.java:getPort(197)) - ConfigKey ozone.scm.block.client.address is deprecated, For configuring different ports for each SCM use PortConfigKey ozone.scm.block.client.port appended with serviceId and nodeId
2022-12-22 10:15:00,545 [Listener at 127.0.0.1/33227] INFO  ha.SCMNodeInfo (SCMNodeInfo.java:getPort(197)) - ConfigKey ozone.scm.datanode.address is deprecated, For configuring different ports for each SCM use PortConfigKey ozone.scm.datanode.port appended with serviceId and nodeId
2022-12-22 10:15:00,545 [Listener at 127.0.0.1/33227] INFO  proxy.SCMBlockLocationFailoverProxyProvider (SCMBlockLocationFailoverProxyProvider.java:<init>(114)) - Created block location fail-over proxy with 1 nodes: [nodeId=scmNode-1,nodeAddress=/127.0.0.1:43201]
OM initialization succeeded.Current cluster id for sd=/home/runner/work/ozone/ozone/hadoop-ozone/integration-test/target/test-dir/MiniOzoneClusterImpl-e8789b07-7928-40b5-ad88-551b1740a89b/omNode-bootstrap-2/om;cid=e8789b07-7928-40b5-ad88-551b1740a89b;layoutVersion=3
2022-12-22 10:15:00,558 [Listener at 127.0.0.1/33227] INFO  ha.OMHANodeDetails (OMHANodeDetails.java:loadOMHAConfig(121)) - ServiceID for OzoneManager is om-add-remove
2022-12-22 10:15:00,558 [Listener at 127.0.0.1/33227] INFO  ha.OMHANodeDetails (OMHANodeDetails.java:loadOMHAConfig(201)) - Found matching OM address with OMServiceId: om-add-remove, OMNodeId: omNode-bootstrap-2, RPC Address: localhost:39535 and Ratis port: 39331
2022-12-22 10:15:00,558 [Listener at 127.0.0.1/33227] INFO  ha.OMHANodeDetails (ConfUtils.java:setNodeSpecificConfigs(97)) - Setting configuration key ozone.om.http-address with value of key ozone.om.http-address.om-add-remove.omNode-bootstrap-2: 127.0.0.1:36889
2022-12-22 10:15:00,558 [Listener at 127.0.0.1/33227] INFO  ha.OMHANodeDetails (ConfUtils.java:setNodeSpecificConfigs(97)) - Setting configuration key ozone.om.https-address with value of key ozone.om.https-address.om-add-remove.omNode-bootstrap-2: 127.0.0.1:36113
2022-12-22 10:15:00,558 [Listener at 127.0.0.1/33227] INFO  ha.OMHANodeDetails (ConfUtils.java:setNodeSpecificConfigs(97)) - Setting configuration key ozone.om.address with value of key ozone.om.address.om-add-remove.omNode-bootstrap-2: 127.0.0.1:39535
2022-12-22 10:15:00,558 [Listener at 127.0.0.1/33227] WARN  server.ServerUtils (ServerUtils.java:getDBPath(225)) - ozone.om.db.dirs is not configured. We recommend adding this setting. Falling back to ozone.metadata.dirs instead.
2022-12-22 10:15:00,559 [Listener at 127.0.0.1/33227] INFO  upgrade.AbstractLayoutVersionManager (AbstractLayoutVersionManager.java:init(83)) - Initializing Layout version manager with metadata layout = MULTITENANCY_SCHEMA (version = 3), software layout = MULTITENANCY_SCHEMA (version = 3)
2022-12-22 10:15:01,011 [EndpointStateMachine task thread for /127.0.0.1:42129 - 0 ] INFO  ipc.Client (Client.java:handleConnectionFailure(1010)) - Retrying connect to server: localhost/127.0.0.1:42129. Already tried 4 time(s); retry policy is RetryUpToMaximumCountWithFixedSleep(maxRetries=15, sleepTime=1000 MILLISECONDS)
2022-12-22 10:15:01,013 [JvmPauseMonitor14] WARN  util.JvmPauseMonitor (JvmPauseMonitor.java:detectPause(126)) - JvmPauseMonitor-5eea0695-258d-4fe7-9f47-897f5bd73bdb: Detected pause in JVM or host machine (eg GC): pause of approximately 294658822ns.
GC pool 'PS MarkSweep' had collection(s): count=1 time=232ms
GC pool 'PS Scavenge' had collection(s): count=1 time=182ms
2022-12-22 10:15:01,014 [JvmPauseMonitor11] WARN  util.JvmPauseMonitor (JvmPauseMonitor.java:detectPause(126)) - JvmPauseMonitor-omNode-1: Detected pause in JVM or host machine (eg GC): pause of approximately 308470037ns.
GC pool 'PS MarkSweep' had collection(s): count=1 time=232ms
GC pool 'PS Scavenge' had collection(s): count=1 time=182ms
2022-12-22 10:15:01,017 [EventQueue-CommandQueueReportForCommandQueueReportHandler] WARN  events.EventQueue (EventQueue.java:fireEvent(216)) - No event handler registered for event TypedEvent{payloadType=DatanodeDetails, name='Datanode_Command_Queue_Updated'}
2022-12-22 10:15:01,017 [EventQueue-CommandQueueReportForCommandQueueReportHandler] WARN  events.EventQueue (EventQueue.java:fireEvent(216)) - No event handler registered for event TypedEvent{payloadType=DatanodeDetails, name='Datanode_Command_Queue_Updated'}
2022-12-22 10:15:01,018 [JvmPauseMonitor12] WARN  util.JvmPauseMonitor (JvmPauseMonitor.java:detectPause(126)) - JvmPauseMonitor-1a836199-4b37-4331-b3d7-01d1c65ae166: Detected pause in JVM or host machine (eg GC): pause of approximately 417430492ns.
GC pool 'PS MarkSweep' had collection(s): count=1 time=232ms
GC pool 'PS Scavenge' had collection(s): count=1 time=182ms
2022-12-22 10:15:01,062 [Listener at 127.0.0.1/33227] INFO  reflections.Reflections (Reflections.java:scan(232)) - Reflections took 502 ms to scan 2 urls, producing 154 keys and 428 values [using 2 cores]
2022-12-22 10:15:01,063 [Listener at 127.0.0.1/33227] INFO  upgrade.OMLayoutVersionManager (OMLayoutVersionManager.java:lambda$0(115)) - Skipping Upgrade Action MockOmUpgradeAction since it has been finalized.
2022-12-22 10:15:01,063 [Listener at 127.0.0.1/33227] WARN  server.ServerUtils (ServerUtils.java:getDBPath(225)) - ozone.om.db.dirs is not configured. We recommend adding this setting. Falling back to ozone.metadata.dirs instead.
2022-12-22 10:15:01,063 [Listener at 127.0.0.1/33227] INFO  ha.SCMNodeInfo (SCMNodeInfo.java:getPort(197)) - ConfigKey ozone.scm.client.address is deprecated, For configuring different ports for each SCM use PortConfigKey ozone.scm.client.port appended with serviceId and nodeId
2022-12-22 10:15:01,063 [Listener at 127.0.0.1/33227] INFO  ha.SCMNodeInfo (SCMNodeInfo.java:getPort(197)) - ConfigKey ozone.scm.block.client.address is deprecated, For configuring different ports for each SCM use PortConfigKey ozone.scm.block.client.port appended with serviceId and nodeId
2022-12-22 10:15:01,063 [Listener at 127.0.0.1/33227] INFO  ha.SCMNodeInfo (SCMNodeInfo.java:getPort(197)) - ConfigKey ozone.scm.datanode.address is deprecated, For configuring different ports for each SCM use PortConfigKey ozone.scm.datanode.port appended with serviceId and nodeId
2022-12-22 10:15:01,064 [Listener at 127.0.0.1/33227] INFO  ha.SCMNodeInfo (SCMNodeInfo.java:getPort(197)) - ConfigKey ozone.scm.client.address is deprecated, For configuring different ports for each SCM use PortConfigKey ozone.scm.client.port appended with serviceId and nodeId
2022-12-22 10:15:01,064 [Listener at 127.0.0.1/33227] INFO  ha.SCMNodeInfo (SCMNodeInfo.java:getPort(197)) - ConfigKey ozone.scm.block.client.address is deprecated, For configuring different ports for each SCM use PortConfigKey ozone.scm.block.client.port appended with serviceId and nodeId
2022-12-22 10:15:01,064 [Listener at 127.0.0.1/33227] INFO  ha.SCMNodeInfo (SCMNodeInfo.java:getPort(197)) - ConfigKey ozone.scm.datanode.address is deprecated, For configuring different ports for each SCM use PortConfigKey ozone.scm.datanode.port appended with serviceId and nodeId
2022-12-22 10:15:01,064 [Listener at 127.0.0.1/33227] INFO  proxy.SCMBlockLocationFailoverProxyProvider (SCMBlockLocationFailoverProxyProvider.java:<init>(114)) - Created block location fail-over proxy with 1 nodes: [nodeId=scmNode-1,nodeAddress=/127.0.0.1:43201]
2022-12-22 10:15:01,069 [Listener at 127.0.0.1/33227] INFO  ha.SCMNodeInfo (SCMNodeInfo.java:getPort(197)) - ConfigKey ozone.scm.client.address is deprecated, For configuring different ports for each SCM use PortConfigKey ozone.scm.client.port appended with serviceId and nodeId
2022-12-22 10:15:01,069 [Listener at 127.0.0.1/33227] INFO  ha.SCMNodeInfo (SCMNodeInfo.java:getPort(197)) - ConfigKey ozone.scm.block.client.address is deprecated, For configuring different ports for each SCM use PortConfigKey ozone.scm.block.client.port appended with serviceId and nodeId
2022-12-22 10:15:01,069 [Listener at 127.0.0.1/33227] INFO  ha.SCMNodeInfo (SCMNodeInfo.java:getPort(197)) - ConfigKey ozone.scm.datanode.address is deprecated, For configuring different ports for each SCM use PortConfigKey ozone.scm.datanode.port appended with serviceId and nodeId
2022-12-22 10:15:01,070 [Listener at 127.0.0.1/33227] INFO  proxy.SCMBlockLocationFailoverProxyProvider (SCMBlockLocationFailoverProxyProvider.java:<init>(114)) - Created block location fail-over proxy with 1 nodes: [nodeId=scmNode-1,nodeAddress=/127.0.0.1:43201]
2022-12-22 10:15:01,074 [Listener at 127.0.0.1/33227] WARN  server.ServerUtils (ServerUtils.java:getDBPath(225)) - ozone.om.db.dirs is not configured. We recommend adding this setting. Falling back to ozone.metadata.dirs instead.
2022-12-22 10:15:01,074 [Listener at 127.0.0.1/33227] INFO  codec.OmKeyInfoCodec (OmKeyInfoCodec.java:<init>(49)) - OmKeyInfoCodec ignorePipeline = true
2022-12-22 10:15:01,074 [Listener at 127.0.0.1/33227] INFO  codec.RepeatedOmKeyInfoCodec (RepeatedOmKeyInfoCodec.java:<init>(41)) - RepeatedOmKeyInfoCodec ignorePipeline = true
2022-12-22 10:15:01,202 [Listener at 127.0.0.1/33227] INFO  om.OzoneManager (OzoneManager.java:instantiateServices(717)) - S3 Multi-Tenancy is disabled
2022-12-22 10:15:01,203 [Listener at 127.0.0.1/33227] INFO  om.OzoneManager (OzoneManager.java:addS3GVolumeToDB(4402)) - Created Volume s3v With Owner runner required for S3Gateway operations.
2022-12-22 10:15:01,203 [Listener at 127.0.0.1/33227] WARN  server.ServerUtils (ServerUtils.java:getDefaultRatisDirectory(237)) - Storage directory for Ratis is not configured. It is a good idea to map this to an SSD disk. Falling back to ozone.metadata.dirs
2022-12-22 10:15:01,203 [Listener at 127.0.0.1/33227] WARN  utils.OzoneManagerRatisUtils (OzoneManagerRatisUtils.java:getOMRatisSnapshotDirectory(434)) - ozone.om.ratis.snapshot.dir is not configured. Falling back to ozone.metadata.dirs config
2022-12-22 10:15:01,203 [Listener at 127.0.0.1/33227] INFO  snapshot.OzoneManagerSnapshotProvider (OzoneManagerSnapshotProvider.java:<init>(76)) - Initializing OM Snapshot Provider
2022-12-22 10:15:01,205 [Listener at 127.0.0.1/33227] WARN  impl.MetricRegistriesImpl (MetricRegistriesImpl.java:addReporterRegistration(111)) - New reporters are added after registries were created. Some metrics will be missing from the reporter. Please add reporter before adding any new registry.
2022-12-22 10:15:01,206 [Listener at 127.0.0.1/33227] WARN  impl.MetricRegistriesImpl (MetricRegistriesImpl.java:addReporterRegistration(111)) - New reporters are added after registries were created. Some metrics will be missing from the reporter. Please add reporter before adding any new registry.
2022-12-22 10:15:01,206 [Listener at 127.0.0.1/33227] WARN  server.ServerUtils (ServerUtils.java:getDefaultRatisDirectory(237)) - Storage directory for Ratis is not configured. It is a good idea to map this to an SSD disk. Falling back to ozone.metadata.dirs
2022-12-22 10:15:01,207 [Listener at 127.0.0.1/33227] INFO  ratis.OzoneManagerRatisServer (OzoneManagerRatisServer.java:<init>(153)) - OM started in Bootstrap mode. Instantiating OM Ratis server with groupID: om-add-remove
2022-12-22 10:15:01,207 [Listener at 127.0.0.1/33227] INFO  ratis.OzoneManagerStateMachine (OzoneManagerStateMachine.java:loadSnapshotInfoFromDB(636)) - LastAppliedIndex is set from TransactionInfo from OM DB as (t:0, i:~)
2022-12-22 10:15:01,207 [Listener at 127.0.0.1/33227] INFO  server.RaftServer (ConfUtils.java:logGet(46)) - raft.rpc.type = GRPC (default)
2022-12-22 10:15:01,207 [Listener at 127.0.0.1/33227] INFO  grpc.GrpcConfigKeys (ConfUtils.java:logFallback(53)) - raft.grpc.admin.host = null (fallback to raft.grpc.server.host)
2022-12-22 10:15:01,208 [Listener at 127.0.0.1/33227] INFO  grpc.GrpcConfigKeys (ConfUtils.java:logFallback(53)) - raft.grpc.admin.port = 39331 (fallback to raft.grpc.server.port)
2022-12-22 10:15:01,208 [Listener at 127.0.0.1/33227] INFO  grpc.GrpcConfigKeys (ConfUtils.java:logFallback(53)) - raft.grpc.client.host = null (fallback to raft.grpc.server.host)
2022-12-22 10:15:01,208 [Listener at 127.0.0.1/33227] INFO  grpc.GrpcConfigKeys (ConfUtils.java:logFallback(53)) - raft.grpc.client.port = 39331 (fallback to raft.grpc.server.port)
2022-12-22 10:15:01,208 [Listener at 127.0.0.1/33227] INFO  grpc.GrpcConfigKeys (ConfUtils.java:logGet(46)) - raft.grpc.server.host = null (default)
2022-12-22 10:15:01,208 [Listener at 127.0.0.1/33227] INFO  grpc.GrpcConfigKeys (ConfUtils.java:logGet(46)) - raft.grpc.server.port = 39331 (custom)
2022-12-22 10:15:01,208 [Listener at 127.0.0.1/33227] INFO  server.GrpcService (ConfUtils.java:logGet(46)) - raft.grpc.message.size.max = 33554432 (custom)
2022-12-22 10:15:01,208 [Listener at 127.0.0.1/33227] INFO  server.RaftServerConfigKeys (ConfUtils.java:logGet(46)) - raft.server.log.appender.buffer.byte-limit = 33554432 (custom)
2022-12-22 10:15:01,208 [Listener at 127.0.0.1/33227] INFO  server.GrpcService (ConfUtils.java:logGet(46)) - raft.grpc.flow.control.window = 1MB (=1048576) (default)
2022-12-22 10:15:01,209 [Listener at 127.0.0.1/33227] INFO  server.RaftServerConfigKeys (ConfUtils.java:logGet(46)) - raft.server.rpc.request.timeout = 3000ms (default)
2022-12-22 10:15:01,209 [Listener at 127.0.0.1/33227] INFO  grpc.GrpcConfigKeys (ConfUtils.java:logGet(46)) - raft.grpc.server.heartbeat.channel = true (default)
2022-12-22 10:15:01,209 [Listener at 127.0.0.1/33227] INFO  grpc.GrpcConfigKeys (ConfUtils.java:logGet(46)) - raft.grpc.server.async.request.thread.pool.cached = true (default)
2022-12-22 10:15:01,209 [Listener at 127.0.0.1/33227] INFO  grpc.GrpcConfigKeys (ConfUtils.java:logGet(46)) - raft.grpc.server.async.request.thread.pool.size = 32 (default)
2022-12-22 10:15:01,210 [Listener at 127.0.0.1/33227] INFO  impl.DataStreamServerImpl (ConfUtils.java:logGet(46)) - raft.datastream.type = NETTY (custom)
2022-12-22 10:15:01,210 [Listener at 127.0.0.1/33227] INFO  server.RaftServerConfigKeys (ConfUtils.java:logGet(46)) - raft.server.data-stream.async.request.thread.pool.cached = false (default)
2022-12-22 10:15:01,210 [Listener at 127.0.0.1/33227] INFO  server.RaftServerConfigKeys (ConfUtils.java:logGet(46)) - raft.server.data-stream.async.request.thread.pool.size = 32 (default)
2022-12-22 10:15:01,210 [Listener at 127.0.0.1/33227] INFO  server.RaftServerConfigKeys (ConfUtils.java:logGet(46)) - raft.server.data-stream.async.write.thread.pool.size = 16 (default)
2022-12-22 10:15:01,210 [Listener at 127.0.0.1/33227] INFO  server.RaftServerConfigKeys (ConfUtils.java:logGet(46)) - raft.server.data-stream.client.pool.size = 10 (default)
2022-12-22 10:15:01,211 [Listener at 127.0.0.1/33227] INFO  netty.NettyConfigKeys$DataStream (ConfUtils.java:logGet(46)) - raft.netty.dataStream.server.use-epoll = false (default)
2022-12-22 10:15:01,211 [Listener at 127.0.0.1/33227] INFO  netty.NettyConfigKeys$DataStream (ConfUtils.java:logGet(46)) - raft.netty.dataStream.server.boss-group.size = 0 (default)
2022-12-22 10:15:01,211 [Listener at 127.0.0.1/33227] INFO  netty.NettyConfigKeys$DataStream (ConfUtils.java:logGet(46)) - raft.netty.dataStream.server.worker-group.size = 0 (default)
2022-12-22 10:15:01,211 [Listener at 127.0.0.1/33227] INFO  netty.NettyConfigKeys$DataStream (ConfUtils.java:logGet(46)) - raft.netty.dataStream.server.tls.conf = null (default)
2022-12-22 10:15:01,211 [Listener at 127.0.0.1/33227] INFO  netty.NettyConfigKeys$DataStream (ConfUtils.java:logGet(46)) - raft.netty.dataStream.host = null (default)
2022-12-22 10:15:01,211 [Listener at 127.0.0.1/33227] INFO  netty.NettyConfigKeys$DataStream (ConfUtils.java:logGet(46)) - raft.netty.dataStream.port = 0 (default)
2022-12-22 10:15:01,212 [Listener at 127.0.0.1/33227] INFO  server.RaftServerConfigKeys (ConfUtils.java:logGet(46)) - raft.server.threadpool.proxy.cached = true (default)
2022-12-22 10:15:01,212 [Listener at 127.0.0.1/33227] INFO  server.RaftServerConfigKeys (ConfUtils.java:logGet(46)) - raft.server.threadpool.proxy.size = 0 (default)
2022-12-22 10:15:01,212 [Listener at 127.0.0.1/33227] INFO  server.RaftServerConfigKeys (ConfUtils.java:logGet(46)) - raft.server.rpc.slowness.timeout = 2s (custom)
2022-12-22 10:15:01,212 [omNode-bootstrap-2-NettyServerStreamRpc-bossGroup--thread1] INFO  logging.LoggingHandler (AbstractInternalLogger.java:log(148)) - [id: 0x1d8571fe] REGISTERED
2022-12-22 10:15:01,212 [Listener at 127.0.0.1/33227] INFO  server.RaftServerConfigKeys (ConfUtils.java:logGet(46)) - raft.server.leaderelection.leader.step-down.wait-time = 10s (default)
2022-12-22 10:15:01,212 [omNode-bootstrap-2-NettyServerStreamRpc-bossGroup--thread1] INFO  logging.LoggingHandler (AbstractInternalLogger.java:log(148)) - [id: 0x1d8571fe] BIND: 0.0.0.0/0.0.0.0:0
2022-12-22 10:15:01,213 [Listener at 127.0.0.1/33227] INFO  server.RaftServerConfigKeys (ConfUtils.java:logGet(46)) - raft.server.storage.dir = [/home/runner/work/ozone/ozone/hadoop-ozone/integration-test/target/test-dir/MiniOzoneClusterImpl-e8789b07-7928-40b5-ad88-551b1740a89b/omNode-bootstrap-2/ratis] (custom)
2022-12-22 10:15:01,213 [omNode-bootstrap-2-NettyServerStreamRpc-bossGroup--thread1] INFO  logging.LoggingHandler (AbstractInternalLogger.java:log(148)) - [id: 0x1d8571fe, L:/0:0:0:0:0:0:0:0:39535] ACTIVE
2022-12-22 10:15:01,213 [Listener at 127.0.0.1/33227] INFO  server.RaftServer (RaftServerProxy.java:addNew(96)) - omNode-bootstrap-2: addNew group-0AAC5367B30E:[] returns group-0AAC5367B30E:java.util.concurrent.CompletableFuture@17c53e0a[Not completed]
2022-12-22 10:15:01,213 [pool-451-thread-1] INFO  server.RaftServer$Division (RaftServerImpl.java:<init>(195)) - omNode-bootstrap-2: new RaftServerImpl for group-0AAC5367B30E:[] with OzoneManagerStateMachine:uninitialized
2022-12-22 10:15:01,213 [Listener at 127.0.0.1/33227] INFO  om.OzoneManager (OzoneManager.java:initializeRatisServer(1979)) - OzoneManager Ratis server initialized at port 39331
2022-12-22 10:15:01,213 [pool-451-thread-1] INFO  server.RaftServerConfigKeys (ConfUtils.java:logGet(46)) - raft.server.rpc.timeout.min = 1s (custom)
2022-12-22 10:15:01,213 [pool-451-thread-1] INFO  server.RaftServerConfigKeys (ConfUtils.java:logGet(46)) - raft.server.rpc.timeout.max = 1200ms (custom)
2022-12-22 10:15:01,214 [Listener at 127.0.0.1/33227] INFO  om.OzoneManager (OzoneManager.java:getRpcServer(1106)) - Creating RPC Server
2022-12-22 10:15:01,214 [pool-451-thread-1] INFO  server.RaftServerConfigKeys (ConfUtils.java:logGet(46)) - raft.server.rpc.sleep.time = 25ms (default)
2022-12-22 10:15:01,214 [pool-451-thread-1] INFO  server.RaftServerConfigKeys (ConfUtils.java:logGet(46)) - raft.server.rpc.slowness.timeout = 2s (custom)
2022-12-22 10:15:01,214 [pool-451-thread-1] INFO  server.RaftServerConfigKeys (ConfUtils.java:logGet(46)) - raft.server.leaderelection.leader.step-down.wait-time = 10s (default)
2022-12-22 10:15:01,215 [pool-451-thread-1] INFO  server.RaftServerConfigKeys (ConfUtils.java:logGet(46)) - raft.server.sleep.deviation.threshold = 300ms (default)
2022-12-22 10:15:01,215 [pool-451-thread-1] INFO  server.RaftServer$Division (ServerState.java:<init>(118)) - omNode-bootstrap-2@group-0AAC5367B30E: ConfigurationManager, init=-1: peers:[]|listeners:[], old=null, confs=<EMPTY_MAP>
2022-12-22 10:15:01,215 [pool-451-thread-1] INFO  server.RaftServerConfigKeys (ConfUtils.java:logGet(46)) - raft.server.storage.dir = [/home/runner/work/ozone/ozone/hadoop-ozone/integration-test/target/test-dir/MiniOzoneClusterImpl-e8789b07-7928-40b5-ad88-551b1740a89b/omNode-bootstrap-2/ratis] (custom)
2022-12-22 10:15:01,215 [pool-451-thread-1] INFO  server.RaftServerConfigKeys (ConfUtils.java:logGet(46)) - raft.server.log.corruption.policy = EXCEPTION (default)
2022-12-22 10:15:01,215 [pool-451-thread-1] INFO  server.RaftServerConfigKeys (ConfUtils.java:logGet(46)) - raft.server.storage.free-space.min = 0MB (=0) (default)
2022-12-22 10:15:01,215 [pool-451-thread-1] INFO  server.RaftServerConfigKeys (ConfUtils.java:logGet(46)) - raft.server.notification.no-leader.timeout = 2s (custom)
2022-12-22 10:15:01,215 [pool-451-thread-1] INFO  server.RaftServerConfigKeys (ConfUtils.java:logGet(46)) - raft.server.retrycache.expirytime = 300s (custom)
2022-12-22 10:15:01,215 [pool-451-thread-1] INFO  server.RaftServerConfigKeys (ConfUtils.java:logGet(46)) - raft.server.retrycache.statistics.expirytime = 100μs (default)
2022-12-22 10:15:01,216 [pool-451-thread-1] INFO  server.RaftServerConfigKeys (ConfUtils.java:logGet(46)) - raft.server.log.appender.install.snapshot.enabled = false (custom)
2022-12-22 10:15:01,216 [pool-451-thread-1] INFO  server.RaftServerConfigKeys (ConfUtils.java:logGet(46)) - raft.server.threadpool.server.cached = true (default)
2022-12-22 10:15:01,216 [pool-451-thread-1] INFO  server.RaftServerConfigKeys (ConfUtils.java:logGet(46)) - raft.server.threadpool.server.size = 0 (default)
2022-12-22 10:15:01,216 [pool-451-thread-1] INFO  server.RaftServerConfigKeys (ConfUtils.java:logGet(46)) - raft.server.threadpool.client.cached = true (default)
2022-12-22 10:15:01,216 [pool-451-thread-1] INFO  server.RaftServerConfigKeys (ConfUtils.java:logGet(46)) - raft.server.threadpool.client.size = 0 (default)
2022-12-22 10:15:01,465 [EventQueue-CommandQueueReportForCommandQueueReportHandler] WARN  events.EventQueue (EventQueue.java:fireEvent(216)) - No event handler registered for event TypedEvent{payloadType=DatanodeDetails, name='Datanode_Command_Queue_Updated'}
2022-12-22 10:15:01,524 [Listener at 127.0.0.1/33227] INFO  reflections.Reflections (Reflections.java:scan(232)) - Reflections took 309 ms to scan 19 urls, producing 67 keys and 4509 values [using 2 cores]
2022-12-22 10:15:01,525 [Listener at 127.0.0.1/33227] INFO  ipc.CallQueueManager (CallQueueManager.java:<init>(90)) - Using callQueue: class java.util.concurrent.LinkedBlockingQueue, queueCapacity: 2000, scheduler: class org.apache.hadoop.ipc.DefaultRpcScheduler, ipcBackoff: false.
2022-12-22 10:15:01,525 [Listener at 127.0.0.1/33227] INFO  ozone.MiniOzoneHAClusterImpl (MiniOzoneHAClusterImpl.java:bootstrapOzoneManager(797)) - MiniOzoneHACluster port conflicts, retried 1 times
java.net.BindException: Problem binding to [localhost:39535] java.net.BindException: Address already in use; For more details see:  http://wiki.apache.org/hadoop/BindException
	at sun.reflect.NativeConstructorAccessorImpl.newInstance0(Native Method)
	at sun.reflect.NativeConstructorAccessorImpl.newInstance(NativeConstructorAccessorImpl.java:62)
	at sun.reflect.DelegatingConstructorAccessorImpl.newInstance(DelegatingConstructorAccessorImpl.java:45)
	at java.lang.reflect.Constructor.newInstance(Constructor.java:423)
	at org.apache.hadoop.net.NetUtils.wrapWithMessage(NetUtils.java:913)
	at org.apache.hadoop.net.NetUtils.wrapException(NetUtils.java:809)
	at org.apache.hadoop.ipc.Server.bind(Server.java:648)
	at org.apache.hadoop.ipc.Server$Listener.<init>(Server.java:1233)
	at org.apache.hadoop.ipc.Server.<init>(Server.java:3127)
	at org.apache.hadoop.ipc.RPC$Server.<init>(RPC.java:1062)
	at org.apache.hadoop.ipc.ProtobufRpcEngine2$Server.<init>(ProtobufRpcEngine2.java:468)
	at org.apache.hadoop.ipc.ProtobufRpcEngine$Server.<init>(ProtobufRpcEngine.java:433)
	at org.apache.hadoop.ipc.ProtobufRpcEngine.getServer(ProtobufRpcEngine.java:360)
	at org.apache.hadoop.ipc.RPC$Builder.build(RPC.java:853)
	at org.apache.hadoop.ozone.om.OzoneManager.startRpcServer(OzoneManager.java:1170)
	at org.apache.hadoop.ozone.om.OzoneManager.getRpcServer(OzoneManager.java:1140)
	at org.apache.hadoop.ozone.om.OzoneManager.<init>(OzoneManager.java:618)
	at org.apache.hadoop.ozone.om.OzoneManager.createOm(OzoneManager.java:687)
	at org.apache.hadoop.ozone.MiniOzoneHAClusterImpl.bootstrapNewOM(MiniOzoneHAClusterImpl.java:864)
	at org.apache.hadoop.ozone.MiniOzoneHAClusterImpl.bootstrapOzoneManager(MiniOzoneHAClusterImpl.java:780)
	at org.apache.hadoop.ozone.MiniOzoneHAClusterImpl.bootstrapOzoneManager(MiniOzoneHAClusterImpl.java:746)
	at org.apache.hadoop.ozone.om.TestAddRemoveOzoneManager.testBootstrapOMs(TestAddRemoveOzoneManager.java:159)
	at org.apache.hadoop.ozone.om.TestAddRemoveOzoneManager.testBootstrap(TestAddRemoveOzoneManager.java:177)
	at sun.reflect.NativeMethodAccessorImpl.invoke0(Native Method)
	at sun.reflect.NativeMethodAccessorImpl.invoke(NativeMethodAccessorImpl.java:62)
	at sun.reflect.DelegatingMethodAccessorImpl.invoke(DelegatingMethodAccessorImpl.java:43)
	at java.lang.reflect.Method.invoke(Method.java:498)
	at org.junit.platform.commons.util.ReflectionUtils.invokeMethod(ReflectionUtils.java:725)
	at org.junit.jupiter.engine.execution.MethodInvocation.proceed(MethodInvocation.java:60)
	at org.junit.jupiter.engine.execution.InvocationInterceptorChain$ValidatingInvocation.proceed(InvocationInterceptorChain.java:131)
	at org.junit.jupiter.engine.extension.TimeoutInvocation.proceed(TimeoutInvocation.java:46)
	at org.junit.jupiter.engine.extension.TimeoutExtension.intercept(TimeoutExtension.java:149)
	at org.junit.jupiter.engine.extension.TimeoutExtension.interceptTestableMethod(TimeoutExtension.java:140)
	at org.junit.jupiter.engine.extension.TimeoutExtension.interceptTestMethod(TimeoutExtension.java:84)
	at org.junit.jupiter.engine.execution.ExecutableInvoker$ReflectiveInterceptorCall.lambda$ofVoidMethod$0(ExecutableInvoker.java:115)
	at org.junit.jupiter.engine.execution.ExecutableInvoker.lambda$invoke$0(ExecutableInvoker.java:105)
	at org.junit.jupiter.engine.execution.InvocationInterceptorChain$InterceptedInvocation.proceed(InvocationInterceptorChain.java:106)
	at org.junit.jupiter.engine.execution.InvocationInterceptorChain.proceed(InvocationInterceptorChain.java:64)
	at org.junit.jupiter.engine.execution.InvocationInterceptorChain.chainAndInvoke(InvocationInterceptorChain.java:45)
	at org.junit.jupiter.engine.execution.InvocationInterceptorChain.invoke(InvocationInterceptorChain.java:37)
	at org.junit.jupiter.engine.execution.ExecutableInvoker.invoke(ExecutableInvoker.java:104)
	at org.junit.jupiter.engine.execution.ExecutableInvoker.invoke(ExecutableInvoker.java:98)
	at org.junit.jupiter.engine.descriptor.TestMethodTestDescriptor.lambda$invokeTestMethod$7(TestMethodTestDescriptor.java:214)
	at org.junit.platform.engine.support.hierarchical.ThrowableCollector.execute(ThrowableCollector.java:73)
	at org.junit.jupiter.engine.descriptor.TestMethodTestDescriptor.invokeTestMethod(TestMethodTestDescriptor.java:210)
	at org.junit.jupiter.engine.descriptor.TestMethodTestDescriptor.execute(TestMethodTestDescriptor.java:135)
	at org.junit.jupiter.engine.descriptor.TestMethodTestDescriptor.execute(TestMethodTestDescriptor.java:66)
	at org.junit.platform.engine.support.hierarchical.NodeTestTask.lambda$executeRecursively$6(NodeTestTask.java:151)
	at org.junit.platform.engine.support.hierarchical.ThrowableCollector.execute(ThrowableCollector.java:73)
	at org.junit.platform.engine.support.hierarchical.NodeTestTask.lambda$executeRecursively$8(NodeTestTask.java:141)
	at org.junit.platform.engine.support.hierarchical.Node.around(Node.java:137)
	at org.junit.platform.engine.support.hierarchical.NodeTestTask.lambda$executeRecursively$9(NodeTestTask.java:139)
	at org.junit.platform.engine.support.hierarchical.ThrowableCollector.execute(ThrowableCollector.java:73)
	at org.junit.platform.engine.support.hierarchical.NodeTestTask.executeRecursively(NodeTestTask.java:138)
	at org.junit.platform.engine.support.hierarchical.NodeTestTask.execute(NodeTestTask.java:95)
	at java.util.ArrayList.forEach(ArrayList.java:1259)
	at org.junit.platform.engine.support.hierarchical.SameThreadHierarchicalTestExecutorService.invokeAll(SameThreadHierarchicalTestExecutorService.java:41)
	at org.junit.platform.engine.support.hierarchical.NodeTestTask.lambda$executeRecursively$6(NodeTestTask.java:155)
	at org.junit.platform.engine.support.hierarchical.ThrowableCollector.execute(ThrowableCollector.java:73)
	at org.junit.platform.engine.support.hierarchical.NodeTestTask.lambda$executeRecursively$8(NodeTestTask.java:141)
	at org.junit.platform.engine.support.hierarchical.Node.around(Node.java:137)
	at org.junit.platform.engine.support.hierarchical.NodeTestTask.lambda$executeRecursively$9(NodeTestTask.java:139)
	at org.junit.platform.engine.support.hierarchical.ThrowableCollector.execute(ThrowableCollector.java:73)
	at org.junit.platform.engine.support.hierarchical.NodeTestTask.executeRecursively(NodeTestTask.java:138)
	at org.junit.platform.engine.support.hierarchical.NodeTestTask.execute(NodeTestTask.java:95)
	at java.util.ArrayList.forEach(ArrayList.java:1259)
	at org.junit.platform.engine.support.hierarchical.SameThreadHierarchicalTestExecutorService.invokeAll(SameThreadHierarchicalTestExecutorService.java:41)
	at org.junit.platform.engine.support.hierarchical.NodeTestTask.lambda$executeRecursively$6(NodeTestTask.java:155)
	at org.junit.platform.engine.support.hierarchical.ThrowableCollector.execute(ThrowableCollector.java:73)
	at org.junit.platform.engine.support.hierarchical.NodeTestTask.lambda$executeRecursively$8(NodeTestTask.java:141)
	at org.junit.platform.engine.support.hierarchical.Node.around(Node.java:137)
	at org.junit.platform.engine.support.hierarchical.NodeTestTask.lambda$executeRecursively$9(NodeTestTask.java:139)
	at org.junit.platform.engine.support.hierarchical.ThrowableCollector.execute(ThrowableCollector.java:73)
	at org.junit.platform.engine.support.hierarchical.NodeTestTask.executeRecursively(NodeTestTask.java:138)
	at org.junit.platform.engine.support.hierarchical.NodeTestTask.execute(NodeTestTask.java:95)
	at org.junit.platform.engine.support.hierarchical.SameThreadHierarchicalTestExecutorService.submit(SameThreadHierarchicalTestExecutorService.java:35)
	at org.junit.platform.engine.support.hierarchical.HierarchicalTestExecutor.execute(HierarchicalTestExecutor.java:57)
	at org.junit.platform.engine.support.hierarchical.HierarchicalTestEngine.execute(HierarchicalTestEngine.java:54)
	at org.junit.platform.launcher.core.EngineExecutionOrchestrator.execute(EngineExecutionOrchestrator.java:107)
	at org.junit.platform.launcher.core.EngineExecutionOrchestrator.execute(EngineExecutionOrchestrator.java:88)
	at org.junit.platform.launcher.core.EngineExecutionOrchestrator.lambda$execute$0(EngineExecutionOrchestrator.java:54)
	at org.junit.platform.launcher.core.EngineExecutionOrchestrator.withInterceptedStreams(EngineExecutionOrchestrator.java:67)
	at org.junit.platform.launcher.core.EngineExecutionOrchestrator.execute(EngineExecutionOrchestrator.java:52)
	at org.junit.platform.launcher.core.DefaultLauncher.execute(DefaultLauncher.java:114)
	at org.junit.platform.launcher.core.DefaultLauncher.execute(DefaultLauncher.java:86)
	at org.junit.platform.launcher.core.DefaultLauncherSession$DelegatingLauncher.execute(DefaultLauncherSession.java:86)
	at org.junit.platform.launcher.core.SessionPerRequestLauncher.execute(SessionPerRequestLauncher.java:53)
	at org.apache.maven.surefire.junitplatform.JUnitPlatformProvider.execute(JUnitPlatformProvider.java:188)
	at org.apache.maven.surefire.junitplatform.JUnitPlatformProvider.invokeAllTests(JUnitPlatformProvider.java:154)
	at org.apache.maven.surefire.junitplatform.JUnitPlatformProvider.invoke(JUnitPlatformProvider.java:124)
	at org.apache.maven.surefire.booter.ForkedBooter.runSuitesInProcess(ForkedBooter.java:428)
	at org.apache.maven.surefire.booter.ForkedBooter.execute(ForkedBooter.java:162)
	at org.apache.maven.surefire.booter.ForkedBooter.run(ForkedBooter.java:562)
	at org.apache.maven.surefire.booter.ForkedBooter.main(ForkedBooter.java:548)
Caused by: java.net.BindException: Address already in use
	at sun.nio.ch.Net.bind0(Native Method)
	at sun.nio.ch.Net.bind(Net.java:461)
	at sun.nio.ch.Net.bind(Net.java:453)
	at sun.nio.ch.ServerSocketChannelImpl.bind(ServerSocketChannelImpl.java:222)
	at sun.nio.ch.ServerSocketAdaptor.bind(ServerSocketAdaptor.java:85)
	at org.apache.hadoop.ipc.Server.bind(Server.java:631)
	... 87 more
2022-12-22 10:15:01,527 [Listener at 127.0.0.1/33227] INFO  ha.OMHANodeDetails (OMHANodeDetails.java:loadOMHAConfig(121)) - ServiceID for OzoneManager is om-add-remove
2022-12-22 10:15:01,527 [Listener at 127.0.0.1/33227] INFO  ha.OMHANodeDetails (OMHANodeDetails.java:loadOMHAConfig(201)) - Found matching OM address with OMServiceId: om-add-remove, OMNodeId: omNode-bootstrap-2, RPC Address: localhost:45251 and Ratis port: 40297
2022-12-22 10:15:01,527 [Listener at 127.0.0.1/33227] INFO  ha.OMHANodeDetails (ConfUtils.java:setNodeSpecificConfigs(97)) - Setting configuration key ozone.om.http-address with value of key ozone.om.http-address.om-add-remove.omNode-bootstrap-2: 127.0.0.1:46535
2022-12-22 10:15:01,528 [Listener at 127.0.0.1/33227] INFO  ha.OMHANodeDetails (ConfUtils.java:setNodeSpecificConfigs(97)) - Setting configuration key ozone.om.https-address with value of key ozone.om.https-address.om-add-remove.omNode-bootstrap-2: 127.0.0.1:45999
2022-12-22 10:15:01,528 [Listener at 127.0.0.1/33227] INFO  ha.OMHANodeDetails (ConfUtils.java:setNodeSpecificConfigs(97)) - Setting configuration key ozone.om.address with value of key ozone.om.address.om-add-remove.omNode-bootstrap-2: 127.0.0.1:45251
2022-12-22 10:15:01,528 [Listener at 127.0.0.1/33227] WARN  server.ServerUtils (ServerUtils.java:getDBPath(225)) - ozone.om.db.dirs is not configured. We recommend adding this setting. Falling back to ozone.metadata.dirs instead.
2022-12-22 10:15:01,528 [Listener at 127.0.0.1/33227] INFO  ha.SCMNodeInfo (SCMNodeInfo.java:getPort(197)) - ConfigKey ozone.scm.client.address is deprecated, For configuring different ports for each SCM use PortConfigKey ozone.scm.client.port appended with serviceId and nodeId
2022-12-22 10:15:01,530 [Listener at 127.0.0.1/33227] INFO  ha.SCMNodeInfo (SCMNodeInfo.java:getPort(197)) - ConfigKey ozone.scm.block.client.address is deprecated, For configuring different ports for each SCM use PortConfigKey ozone.scm.block.client.port appended with serviceId and nodeId
2022-12-22 10:15:01,530 [Listener at 127.0.0.1/33227] INFO  ha.SCMNodeInfo (SCMNodeInfo.java:getPort(197)) - ConfigKey ozone.scm.datanode.address is deprecated, For configuring different ports for each SCM use PortConfigKey ozone.scm.datanode.port appended with serviceId and nodeId
2022-12-22 10:15:01,530 [Listener at 127.0.0.1/33227] INFO  proxy.SCMBlockLocationFailoverProxyProvider (SCMBlockLocationFailoverProxyProvider.java:<init>(114)) - Created block location fail-over proxy with 1 nodes: [nodeId=scmNode-1,nodeAddress=/127.0.0.1:43201]
OM already initialized.Reusing existing cluster id for sd=/home/runner/work/ozone/ozone/hadoop-ozone/integration-test/target/test-dir/MiniOzoneClusterImpl-e8789b07-7928-40b5-ad88-551b1740a89b/omNode-bootstrap-2/om;cid=e8789b07-7928-40b5-ad88-551b1740a89b;layoutVersion=3
2022-12-22 10:15:01,538 [Listener at 127.0.0.1/33227] INFO  ha.OMHANodeDetails (OMHANodeDetails.java:loadOMHAConfig(121)) - ServiceID for OzoneManager is om-add-remove
2022-12-22 10:15:01,539 [Listener at 127.0.0.1/33227] INFO  ha.OMHANodeDetails (OMHANodeDetails.java:loadOMHAConfig(201)) - Found matching OM address with OMServiceId: om-add-remove, OMNodeId: omNode-bootstrap-2, RPC Address: localhost:45251 and Ratis port: 40297
2022-12-22 10:15:01,539 [Listener at 127.0.0.1/33227] INFO  ha.OMHANodeDetails (ConfUtils.java:setNodeSpecificConfigs(97)) - Setting configuration key ozone.om.http-address with value of key ozone.om.http-address.om-add-remove.omNode-bootstrap-2: 127.0.0.1:46535
2022-12-22 10:15:01,539 [Listener at 127.0.0.1/33227] INFO  ha.OMHANodeDetails (ConfUtils.java:setNodeSpecificConfigs(97)) - Setting configuration key ozone.om.https-address with value of key ozone.om.https-address.om-add-remove.omNode-bootstrap-2: 127.0.0.1:45999
2022-12-22 10:15:01,539 [Listener at 127.0.0.1/33227] INFO  ha.OMHANodeDetails (ConfUtils.java:setNodeSpecificConfigs(97)) - Setting configuration key ozone.om.address with value of key ozone.om.address.om-add-remove.omNode-bootstrap-2: 127.0.0.1:45251
2022-12-22 10:15:01,539 [Listener at 127.0.0.1/33227] WARN  server.ServerUtils (ServerUtils.java:getDBPath(225)) - ozone.om.db.dirs is not configured. We recommend adding this setting. Falling back to ozone.metadata.dirs instead.
2022-12-22 10:15:01,539 [Listener at 127.0.0.1/33227] INFO  upgrade.AbstractLayoutVersionManager (AbstractLayoutVersionManager.java:init(83)) - Initializing Layout version manager with metadata layout = MULTITENANCY_SCHEMA (version = 3), software layout = MULTITENANCY_SCHEMA (version = 3)
2022-12-22 10:15:01,621 [Listener at 127.0.0.1/33227] INFO  reflections.Reflections (Reflections.java:scan(232)) - Reflections took 81 ms to scan 2 urls, producing 154 keys and 428 values [using 2 cores]
2022-12-22 10:15:01,621 [Listener at 127.0.0.1/33227] INFO  upgrade.OMLayoutVersionManager (OMLayoutVersionManager.java:lambda$0(115)) - Skipping Upgrade Action MockOmUpgradeAction since it has been finalized.
2022-12-22 10:15:01,621 [Listener at 127.0.0.1/33227] WARN  server.ServerUtils (ServerUtils.java:getDBPath(225)) - ozone.om.db.dirs is not configured. We recommend adding this setting. Falling back to ozone.metadata.dirs instead.
2022-12-22 10:15:01,622 [Listener at 127.0.0.1/33227] INFO  ha.SCMNodeInfo (SCMNodeInfo.java:getPort(197)) - ConfigKey ozone.scm.client.address is deprecated, For configuring different ports for each SCM use PortConfigKey ozone.scm.client.port appended with serviceId and nodeId
2022-12-22 10:15:01,622 [Listener at 127.0.0.1/33227] INFO  ha.SCMNodeInfo (SCMNodeInfo.java:getPort(197)) - ConfigKey ozone.scm.block.client.address is deprecated, For configuring different ports for each SCM use PortConfigKey ozone.scm.block.client.port appended with serviceId and nodeId
2022-12-22 10:15:01,622 [Listener at 127.0.0.1/33227] INFO  ha.SCMNodeInfo (SCMNodeInfo.java:getPort(197)) - ConfigKey ozone.scm.datanode.address is deprecated, For configuring different ports for each SCM use PortConfigKey ozone.scm.datanode.port appended with serviceId and nodeId
2022-12-22 10:15:01,622 [Listener at 127.0.0.1/33227] INFO  ha.SCMNodeInfo (SCMNodeInfo.java:getPort(197)) - ConfigKey ozone.scm.client.address is deprecated, For configuring different ports for each SCM use PortConfigKey ozone.scm.client.port appended with serviceId and nodeId
2022-12-22 10:15:01,622 [Listener at 127.0.0.1/33227] INFO  ha.SCMNodeInfo (SCMNodeInfo.java:getPort(197)) - ConfigKey ozone.scm.block.client.address is deprecated, For configuring different ports for each SCM use PortConfigKey ozone.scm.block.client.port appended with serviceId and nodeId
2022-12-22 10:15:01,622 [Listener at 127.0.0.1/33227] INFO  ha.SCMNodeInfo (SCMNodeInfo.java:getPort(197)) - ConfigKey ozone.scm.datanode.address is deprecated, For configuring different ports for each SCM use PortConfigKey ozone.scm.datanode.port appended with serviceId and nodeId
2022-12-22 10:15:01,623 [Listener at 127.0.0.1/33227] INFO  proxy.SCMBlockLocationFailoverProxyProvider (SCMBlockLocationFailoverProxyProvider.java:<init>(114)) - Created block location fail-over proxy with 1 nodes: [nodeId=scmNode-1,nodeAddress=/127.0.0.1:43201]
2022-12-22 10:15:01,623 [Listener at 127.0.0.1/33227] INFO  ha.SCMNodeInfo (SCMNodeInfo.java:getPort(197)) - ConfigKey ozone.scm.client.address is deprecated, For configuring different ports for each SCM use PortConfigKey ozone.scm.client.port appended with serviceId and nodeId
2022-12-22 10:15:01,623 [Listener at 127.0.0.1/33227] INFO  ha.SCMNodeInfo (SCMNodeInfo.java:getPort(197)) - ConfigKey ozone.scm.block.client.address is deprecated, For configuring different ports for each SCM use PortConfigKey ozone.scm.block.client.port appended with serviceId and nodeId
2022-12-22 10:15:01,624 [Listener at 127.0.0.1/33227] INFO  ha.SCMNodeInfo (SCMNodeInfo.java:getPort(197)) - ConfigKey ozone.scm.datanode.address is deprecated, For configuring different ports for each SCM use PortConfigKey ozone.scm.datanode.port appended with serviceId and nodeId
2022-12-22 10:15:01,624 [Listener at 127.0.0.1/33227] INFO  proxy.SCMBlockLocationFailoverProxyProvider (SCMBlockLocationFailoverProxyProvider.java:<init>(114)) - Created block location fail-over proxy with 1 nodes: [nodeId=scmNode-1,nodeAddress=/127.0.0.1:43201]
2022-12-22 10:15:01,629 [Listener at 127.0.0.1/33227] WARN  server.ServerUtils (ServerUtils.java:getDBPath(225)) - ozone.om.db.dirs is not configured. We recommend adding this setting. Falling back to ozone.metadata.dirs instead.
2022-12-22 10:15:01,630 [Listener at 127.0.0.1/33227] INFO  codec.OmKeyInfoCodec (OmKeyInfoCodec.java:<init>(49)) - OmKeyInfoCodec ignorePipeline = true
2022-12-22 10:15:01,630 [Listener at 127.0.0.1/33227] INFO  codec.RepeatedOmKeyInfoCodec (RepeatedOmKeyInfoCodec.java:<init>(41)) - RepeatedOmKeyInfoCodec ignorePipeline = true
2022-12-22 10:15:01,637 [Listener at 127.0.0.1/33227] INFO  ozone.MiniOzoneClusterImpl (MiniOzoneClusterImpl.java:shutdown(449)) - Shutting down the Mini Ozone Cluster
2022-12-22 10:15:01,637 [Listener at 127.0.0.1/33227] INFO  ozone.MiniOzoneHAClusterImpl (MiniOzoneHAClusterImpl.java:stop(312)) - Stopping the OzoneManager omNode-1
2022-12-22 10:15:01,638 [Listener at 127.0.0.1/33227] INFO  om.OzoneManager (OzoneManager.java:stop(2038)) - omNode-1[localhost:43455]: Stopping Ozone Manager
2022-12-22 10:15:01,638 [Listener at 127.0.0.1/33227] INFO  ipc.Server (Server.java:stop(3428)) - Stopping server on 43455
2022-12-22 10:15:01,641 [IPC Server listener on 43455] INFO  ipc.Server (Server.java:run(1384)) - Stopping IPC Server listener on 43455
2022-12-22 10:15:01,641 [IPC Server Responder] INFO  ipc.Server (Server.java:run(1517)) - Stopping IPC Server Responder
2022-12-22 10:15:01,643 [Listener at 127.0.0.1/33227] INFO  server.RaftServer (RaftServerProxy.java:lambda$close$6(409)) - omNode-1: close
2022-12-22 10:15:01,643 [Listener at 127.0.0.1/33227] INFO  server.GrpcService (GrpcService.java:closeImpl(271)) - omNode-1: shutdown server GrpcServerProtocolService now
2022-12-22 10:15:01,643 [omNode-1-impl-thread1] INFO  server.RaftServer$Division (RaftServerImpl.java:lambda$close$4(458)) - omNode-1@group-0AAC5367B30E: shutdown
2022-12-22 10:15:01,644 [omNode-1-impl-thread1] INFO  util.JmxRegister (JmxRegister.java:unregister(73)) - Successfully un-registered JMX Bean with object name Ratis:service=RaftServer,group=group-0AAC5367B30E,id=omNode-1
2022-12-22 10:15:01,644 [omNode-1-impl-thread1] INFO  impl.RoleInfo (RoleInfo.java:shutdownLeaderState(93)) - omNode-1: shutdown omNode-1@group-0AAC5367B30E-LeaderStateImpl
2022-12-22 10:15:01,644 [omNode-1-impl-thread1] INFO  impl.PendingRequests (PendingRequests.java:sendNotLeaderResponses(282)) - omNode-1@group-0AAC5367B30E-PendingRequests: sendNotLeaderResponses
2022-12-22 10:15:01,650 [Listener at 127.0.0.1/33227] INFO  server.GrpcServerProtocolClient (GrpcServerProtocolClient.java:close(101)) - omNode-bootstrap-1 Close channels
2022-12-22 10:15:01,651 [omNode-1-impl-thread1] INFO  impl.StateMachineUpdater (StateMachineUpdater.java:stopAndJoin(153)) - omNode-1@group-0AAC5367B30E-StateMachineUpdater: set stopIndex = 12
2022-12-22 10:15:01,651 [omNode-1@group-0AAC5367B30E-StateMachineUpdater] INFO  ratis.OzoneManagerStateMachine (OzoneManagerStateMachine.java:takeSnapshot(445)) - Current Snapshot Index (t:1, i:12)
2022-12-22 10:15:01,651 [omNode-1@group-0AAC5367B30E-StateMachineUpdater] INFO  impl.StateMachineUpdater (StateMachineUpdater.java:takeSnapshot(287)) - omNode-1@group-0AAC5367B30E-StateMachineUpdater: Took a snapshot at index 12
2022-12-22 10:15:01,651 [omNode-1@group-0AAC5367B30E-StateMachineUpdater] INFO  impl.StateMachineUpdater (StateMachineUpdater.java:lambda$new$0(92)) - omNode-1@group-0AAC5367B30E-StateMachineUpdater: snapshotIndex: updateIncreasingly -1 -> 12
2022-12-22 10:15:01,651 [omNode-1@group-0AAC5367B30E-StateMachineUpdater] INFO  ratis.OzoneManagerStateMachine (OzoneManagerStateMachine.java:close(499)) - StateMachine has shutdown. Shutdown OzoneManager if not already shutdown.
2022-12-22 10:15:01,651 [omNode-1@group-0AAC5367B30E-StateMachineUpdater] INFO  ratis.OzoneManagerDoubleBuffer (OzoneManagerDoubleBuffer.java:stop(466)) - Stopping OMDoubleBuffer flush thread
2022-12-22 10:15:01,651 [grpc-default-executor-0] INFO  server.GrpcServerProtocolService (GrpcServerProtocolService.java:onCompleted(143)) - omNode-bootstrap-1: Completed APPEND_ENTRIES, lastRequest: omNode-1->omNode-bootstrap-1#7-t1,previous=(t:1, i:11),leaderCommit=11,initializing? true,entries: size=1, first=(t:1, i:12), METADATAENTRY(c:11)
2022-12-22 10:15:01,652 [grpc-default-executor-0] INFO  server.GrpcServerProtocolService (GrpcServerProtocolService.java:onCompleted(143)) - omNode-bootstrap-1: Completed APPEND_ENTRIES, lastRequest: null
2022-12-22 10:15:01,653 [OMDoubleBufferFlushThread] INFO  ratis.OzoneManagerDoubleBuffer (OzoneManagerDoubleBuffer.java:flushTransactions(385)) - OMDoubleBuffer flush thread OMDoubleBufferFlushThread is interrupted and will exit.
2022-12-22 10:15:01,658 [omNode-1-impl-thread1] INFO  server.RaftServer$Division (ServerState.java:close(466)) - omNode-1@group-0AAC5367B30E: closes. applyIndex: 12
2022-12-22 10:15:01,658 [omNode-1@group-0AAC5367B30E-SegmentedRaftLogWorker] INFO  segmented.SegmentedRaftLogWorker (SegmentedRaftLogWorker.java:run(347)) - omNode-1@group-0AAC5367B30E-SegmentedRaftLogWorker was interrupted, exiting. There are 0 tasks remaining in the queue.
2022-12-22 10:15:01,660 [omNode-1-impl-thread1] INFO  segmented.SegmentedRaftLogWorker (SegmentedRaftLogWorker.java:close(257)) - omNode-1@group-0AAC5367B30E-SegmentedRaftLogWorker close()
2022-12-22 10:15:01,662 [Listener at 127.0.0.1/33227] INFO  server.GrpcService (GrpcService.java:closeImpl(280)) - omNode-1: shutdown server GrpcServerProtocolService successfully
2022-12-22 10:15:01,662 [omNode-1-NettyServerStreamRpc-bossGroup--thread1] INFO  logging.LoggingHandler (AbstractInternalLogger.java:log(148)) - [id: 0xffb34be1, L:/0:0:0:0:0:0:0:0:36117] CLOSE
2022-12-22 10:15:01,662 [omNode-1-NettyServerStreamRpc-bossGroup--thread1] INFO  logging.LoggingHandler (AbstractInternalLogger.java:log(148)) - [id: 0xffb34be1, L:/0:0:0:0:0:0:0:0:36117] INACTIVE
2022-12-22 10:15:01,662 [omNode-1-NettyServerStreamRpc-bossGroup--thread1] INFO  logging.LoggingHandler (AbstractInternalLogger.java:log(148)) - [id: 0xffb34be1, L:/0:0:0:0:0:0:0:0:36117] UNREGISTERED
2022-12-22 10:15:01,673 [JvmPauseMonitor11] INFO  util.JvmPauseMonitor (JvmPauseMonitor.java:run(111)) - JvmPauseMonitor-omNode-1: Stopped
2022-12-22 10:15:01,673 [Listener at 127.0.0.1/33227] INFO  ratis.OzoneManagerStateMachine (OzoneManagerStateMachine.java:close(499)) - StateMachine has shutdown. Shutdown OzoneManager if not already shutdown.
2022-12-22 10:15:01,673 [Listener at 127.0.0.1/33227] INFO  ratis.OzoneManagerDoubleBuffer (OzoneManagerDoubleBuffer.java:stop(478)) - OMDoubleBuffer flush thread is not running.
2022-12-22 10:15:01,673 [Listener at 127.0.0.1/33227] INFO  utils.BackgroundService (BackgroundService.java:shutdown(141)) - Shutting down service KeyDeletingService
2022-12-22 10:15:01,673 [Listener at 127.0.0.1/33227] INFO  utils.BackgroundService (BackgroundService.java:shutdown(141)) - Shutting down service DirectoryDeletingService
2022-12-22 10:15:01,673 [Listener at 127.0.0.1/33227] INFO  utils.BackgroundService (BackgroundService.java:shutdown(141)) - Shutting down service OpenKeyCleanupService
2022-12-22 10:15:01,674 [Listener at 127.0.0.1/33227] INFO  handler.ContextHandler (ContextHandler.java:doStop(1159)) - Stopped o.e.j.w.WebAppContext@81b2f0e{ozoneManager,/,null,STOPPED}{file:/home/runner/work/ozone/ozone/hadoop-ozone/integration-test/target/test-classes/webapps/ozoneManager}
2022-12-22 10:15:01,677 [Listener at 127.0.0.1/33227] INFO  server.AbstractConnector (AbstractConnector.java:doStop(383)) - Stopped ServerConnector@7792e75e{HTTP/1.1, (http/1.1)}{0.0.0.0:42305}
2022-12-22 10:15:01,677 [Listener at 127.0.0.1/33227] INFO  server.session (HouseKeeper.java:stopScavenging(149)) - node0 Stopped scavenging
2022-12-22 10:15:01,677 [Listener at 127.0.0.1/33227] INFO  handler.ContextHandler (ContextHandler.java:doStop(1159)) - Stopped o.e.j.s.ServletContextHandler@6f942437{static,/static,file:///home/runner/work/ozone/ozone/hadoop-ozone/integration-test/target/test-classes/webapps/static,STOPPED}
2022-12-22 10:15:01,677 [Listener at 127.0.0.1/33227] INFO  handler.ContextHandler (ContextHandler.java:doStop(1159)) - Stopped o.e.j.s.ServletContextHandler@48b0123a{logs,/logs,file:///home/runner/work/ozone/ozone/hadoop-ozone/integration-test/target/log,STOPPED}
2022-12-22 10:15:01,685 [Listener at 127.0.0.1/33227] INFO  ozone.MiniOzoneHAClusterImpl (MiniOzoneHAClusterImpl.java:stop(312)) - Stopping the OzoneManager omNode-bootstrap-1
2022-12-22 10:15:01,685 [Listener at 127.0.0.1/33227] INFO  om.OzoneManager (OzoneManager.java:stop(2038)) - omNode-bootstrap-1[localhost:33227]: Stopping Ozone Manager
2022-12-22 10:15:01,686 [Listener at 127.0.0.1/33227] INFO  ipc.Server (Server.java:stop(3428)) - Stopping server on 33227
2022-12-22 10:15:01,687 [IPC Server listener on 33227] INFO  ipc.Server (Server.java:run(1384)) - Stopping IPC Server listener on 33227
2022-12-22 10:15:01,689 [IPC Server Responder] INFO  ipc.Server (Server.java:run(1517)) - Stopping IPC Server Responder
2022-12-22 10:15:01,690 [Listener at 127.0.0.1/33227] INFO  server.RaftServer (RaftServerProxy.java:lambda$close$6(409)) - omNode-bootstrap-1: close
2022-12-22 10:15:01,690 [Listener at 127.0.0.1/33227] INFO  server.GrpcService (GrpcService.java:closeImpl(271)) - omNode-bootstrap-1: shutdown server GrpcServerProtocolService now
2022-12-22 10:15:01,690 [omNode-bootstrap-1-impl-thread1] INFO  server.RaftServer$Division (RaftServerImpl.java:lambda$close$4(458)) - omNode-bootstrap-1@group-0AAC5367B30E: shutdown
2022-12-22 10:15:01,690 [omNode-bootstrap-1-impl-thread1] INFO  util.JmxRegister (JmxRegister.java:unregister(73)) - Successfully un-registered JMX Bean with object name Ratis:service=RaftServer,group=group-0AAC5367B30E,id=omNode-bootstrap-1
2022-12-22 10:15:01,690 [omNode-bootstrap-1-impl-thread1] INFO  impl.RoleInfo (RoleInfo.java:shutdownFollowerState(110)) - omNode-bootstrap-1: shutdown omNode-bootstrap-1@group-0AAC5367B30E-FollowerState
2022-12-22 10:15:01,690 [omNode-bootstrap-1-impl-thread1] INFO  impl.StateMachineUpdater (StateMachineUpdater.java:stopAndJoin(153)) - omNode-bootstrap-1@group-0AAC5367B30E-StateMachineUpdater: set stopIndex = 12
2022-12-22 10:15:01,690 [omNode-bootstrap-1@group-0AAC5367B30E-FollowerState] INFO  impl.FollowerState (FollowerState.java:run(152)) - omNode-bootstrap-1@group-0AAC5367B30E-FollowerState was interrupted
2022-12-22 10:15:01,690 [omNode-bootstrap-1@group-0AAC5367B30E-StateMachineUpdater] INFO  ratis.OzoneManagerStateMachine (OzoneManagerStateMachine.java:takeSnapshot(445)) - Current Snapshot Index (t:1, i:12)
2022-12-22 10:15:01,690 [omNode-bootstrap-1@group-0AAC5367B30E-StateMachineUpdater] INFO  impl.StateMachineUpdater (StateMachineUpdater.java:takeSnapshot(287)) - omNode-bootstrap-1@group-0AAC5367B30E-StateMachineUpdater: Took a snapshot at index 12
2022-12-22 10:15:01,690 [omNode-bootstrap-1@group-0AAC5367B30E-StateMachineUpdater] INFO  impl.StateMachineUpdater (StateMachineUpdater.java:lambda$new$0(92)) - omNode-bootstrap-1@group-0AAC5367B30E-StateMachineUpdater: snapshotIndex: updateIncreasingly -1 -> 12
2022-12-22 10:15:01,691 [omNode-bootstrap-1@group-0AAC5367B30E-StateMachineUpdater] INFO  ratis.OzoneManagerStateMachine (OzoneManagerStateMachine.java:close(499)) - StateMachine has shutdown. Shutdown OzoneManager if not already shutdown.
2022-12-22 10:15:01,691 [omNode-bootstrap-1@group-0AAC5367B30E-StateMachineUpdater] INFO  ratis.OzoneManagerDoubleBuffer (OzoneManagerDoubleBuffer.java:stop(466)) - Stopping OMDoubleBuffer flush thread
2022-12-22 10:15:01,691 [OMDoubleBufferFlushThread] INFO  ratis.OzoneManagerDoubleBuffer (OzoneManagerDoubleBuffer.java:flushTransactions(385)) - OMDoubleBuffer flush thread OMDoubleBufferFlushThread is interrupted and will exit.
2022-12-22 10:15:01,691 [Listener at 127.0.0.1/33227] INFO  server.GrpcService (GrpcService.java:closeImpl(280)) - omNode-bootstrap-1: shutdown server GrpcServerProtocolService successfully
2022-12-22 10:15:01,692 [omNode-bootstrap-1-impl-thread1] INFO  server.RaftServer$Division (ServerState.java:close(466)) - omNode-bootstrap-1@group-0AAC5367B30E: closes. applyIndex: 12
2022-12-22 10:15:01,692 [omNode-bootstrap-1@group-0AAC5367B30E-SegmentedRaftLogWorker] INFO  segmented.SegmentedRaftLogWorker (SegmentedRaftLogWorker.java:run(347)) - omNode-bootstrap-1@group-0AAC5367B30E-SegmentedRaftLogWorker was interrupted, exiting. There are 0 tasks remaining in the queue.
2022-12-22 10:15:01,692 [omNode-bootstrap-1-NettyServerStreamRpc-bossGroup--thread1] INFO  logging.LoggingHandler (AbstractInternalLogger.java:log(148)) - [id: 0x75bacde7, L:/0:0:0:0:0:0:0:0:43431] CLOSE
2022-12-22 10:15:01,692 [omNode-bootstrap-1-NettyServerStreamRpc-bossGroup--thread1] INFO  logging.LoggingHandler (AbstractInternalLogger.java:log(148)) - [id: 0x75bacde7, L:0:0:0:0:0:0:0:0/0:0:0:0:0:0:0:0:43431] INACTIVE
2022-12-22 10:15:01,692 [omNode-bootstrap-1-NettyServerStreamRpc-bossGroup--thread1] INFO  logging.LoggingHandler (AbstractInternalLogger.java:log(148)) - [id: 0x75bacde7, L:0:0:0:0:0:0:0:0/0:0:0:0:0:0:0:0:43431] UNREGISTERED
2022-12-22 10:15:01,699 [omNode-bootstrap-1-impl-thread1] INFO  segmented.SegmentedRaftLogWorker (SegmentedRaftLogWorker.java:close(257)) - omNode-bootstrap-1@group-0AAC5367B30E-SegmentedRaftLogWorker close()
2022-12-22 10:15:01,699 [JvmPauseMonitor15] INFO  util.JvmPauseMonitor (JvmPauseMonitor.java:run(111)) - JvmPauseMonitor-omNode-bootstrap-1: Stopped
2022-12-22 10:15:01,699 [Listener at 127.0.0.1/33227] INFO  ratis.OzoneManagerStateMachine (OzoneManagerStateMachine.java:close(499)) - StateMachine has shutdown. Shutdown OzoneManager if not already shutdown.
2022-12-22 10:15:01,699 [Listener at 127.0.0.1/33227] INFO  ratis.OzoneManagerDoubleBuffer (OzoneManagerDoubleBuffer.java:stop(478)) - OMDoubleBuffer flush thread is not running.
2022-12-22 10:15:01,699 [Listener at 127.0.0.1/33227] INFO  utils.BackgroundService (BackgroundService.java:shutdown(141)) - Shutting down service KeyDeletingService
2022-12-22 10:15:01,701 [Listener at 127.0.0.1/33227] INFO  utils.BackgroundService (BackgroundService.java:shutdown(141)) - Shutting down service DirectoryDeletingService
2022-12-22 10:15:01,702 [Listener at 127.0.0.1/33227] INFO  utils.BackgroundService (BackgroundService.java:shutdown(141)) - Shutting down service OpenKeyCleanupService
2022-12-22 10:15:01,702 [Listener at 127.0.0.1/33227] INFO  handler.ContextHandler (ContextHandler.java:doStop(1159)) - Stopped o.e.j.w.WebAppContext@31fa9f32{ozoneManager,/,null,STOPPED}{file:/home/runner/work/ozone/ozone/hadoop-ozone/integration-test/target/test-classes/webapps/ozoneManager}
2022-12-22 10:15:01,703 [Listener at 127.0.0.1/33227] INFO  server.AbstractConnector (AbstractConnector.java:doStop(383)) - Stopped ServerConnector@38692fbe{HTTP/1.1, (http/1.1)}{0.0.0.0:38977}
2022-12-22 10:15:01,703 [Listener at 127.0.0.1/33227] INFO  server.session (HouseKeeper.java:stopScavenging(149)) - node0 Stopped scavenging
2022-12-22 10:15:01,703 [Listener at 127.0.0.1/33227] INFO  handler.ContextHandler (ContextHandler.java:doStop(1159)) - Stopped o.e.j.s.ServletContextHandler@18d7c2c9{static,/static,file:///home/runner/work/ozone/ozone/hadoop-ozone/integration-test/target/test-classes/webapps/static,STOPPED}
2022-12-22 10:15:01,703 [Listener at 127.0.0.1/33227] INFO  handler.ContextHandler (ContextHandler.java:doStop(1159)) - Stopped o.e.j.s.ServletContextHandler@2d90d552{logs,/logs,file:///home/runner/work/ozone/ozone/hadoop-ozone/integration-test/target/log,STOPPED}
2022-12-22 10:15:01,707 [Listener at 127.0.0.1/33227] INFO  ozone.MiniOzoneHAClusterImpl (MiniOzoneHAClusterImpl.java:stop(320)) - Stopping the StorageContainerManager 945fd0ed-8171-4835-b0ec-144ef106a250
2022-12-22 10:15:01,707 [Listener at 127.0.0.1/33227] INFO  server.StorageContainerManager (StorageContainerManager.java:stop(1518)) - Container Balancer is not running.
2022-12-22 10:15:01,707 [Listener at 127.0.0.1/33227] INFO  server.StorageContainerManager (StorageContainerManager.java:stop(1525)) - Stopping Replication Manager Service.
2022-12-22 10:15:01,707 [Listener at 127.0.0.1/33227] INFO  replication.ReplicationManager (ReplicationManager.java:stop(296)) - Stopping Replication Monitor Thread.
2022-12-22 10:15:01,707 [Under Replicated Processor] WARN  replication.UnhealthyReplicationProcessor (UnhealthyReplicationProcessor.java:run(141)) - Under Replicated Processor interrupted. Exiting...
2022-12-22 10:15:01,707 [Listener at 127.0.0.1/33227] INFO  server.StorageContainerManager (StorageContainerManager.java:stop(1532)) - Stopping the Datanode Admin Monitor.
2022-12-22 10:15:01,707 [ReplicationMonitor] INFO  replication.ReplicationManager (ReplicationManager.java:run(666)) - Replication Monitor Thread is stopped
2022-12-22 10:15:01,707 [Listener at 127.0.0.1/33227] INFO  server.StorageContainerManager (StorageContainerManager.java:stop(1539)) - Stopping datanode service RPC server
2022-12-22 10:15:01,708 [Listener at 127.0.0.1/33227] INFO  server.SCMDatanodeProtocolServer (SCMDatanodeProtocolServer.java:stop(441)) - Stopping the RPC server for DataNodes
2022-12-22 10:15:01,708 [Listener at 127.0.0.1/33227] INFO  ipc.Server (Server.java:stop(3428)) - Stopping server on 43945
2022-12-22 10:15:01,708 [Over Replicated Processor] WARN  replication.UnhealthyReplicationProcessor (UnhealthyReplicationProcessor.java:run(141)) - Over Replicated Processor interrupted. Exiting...
2022-12-22 10:15:01,710 [IPC Server listener on 43945] INFO  ipc.Server (Server.java:run(1384)) - Stopping IPC Server listener on 43945
2022-12-22 10:15:01,712 [IPC Server Responder] INFO  ipc.Server (Server.java:run(1517)) - Stopping IPC Server Responder
2022-12-22 10:15:02,011 [EndpointStateMachine task thread for /127.0.0.1:43945 - 0 ] WARN  statemachine.EndpointStateMachine (EndpointStateMachine.java:logIfNeeded(242)) - Unable to communicate to SCM server at 127.0.0.1:43945 for past 0 seconds.
java.io.EOFException: End of File Exception between local host is: "fv-az345-686/10.1.0.13"; destination host is: "localhost":43945; : java.io.EOFException; For more details see:  http://wiki.apache.org/hadoop/EOFException
	at sun.reflect.NativeConstructorAccessorImpl.newInstance0(Native Method)
	at sun.reflect.NativeConstructorAccessorImpl.newInstance(NativeConstructorAccessorImpl.java:62)
	at sun.reflect.DelegatingConstructorAccessorImpl.newInstance(DelegatingConstructorAccessorImpl.java:45)
	at java.lang.reflect.Constructor.newInstance(Constructor.java:423)
	at org.apache.hadoop.net.NetUtils.wrapWithMessage(NetUtils.java:913)
	at org.apache.hadoop.net.NetUtils.wrapException(NetUtils.java:862)
	at org.apache.hadoop.ipc.Client.getRpcResponse(Client.java:1616)
	at org.apache.hadoop.ipc.Client.call(Client.java:1558)
	at org.apache.hadoop.ipc.Client.call(Client.java:1455)
	at org.apache.hadoop.ipc.ProtobufRpcEngine$Invoker.invoke(ProtobufRpcEngine.java:235)
	at org.apache.hadoop.ipc.ProtobufRpcEngine$Invoker.invoke(ProtobufRpcEngine.java:122)
	at com.sun.proxy.$Proxy52.submitRequest(Unknown Source)
	at org.apache.hadoop.ozone.protocolPB.StorageContainerDatanodeProtocolClientSideTranslatorPB.submitRequest(StorageContainerDatanodeProtocolClientSideTranslatorPB.java:117)
	at org.apache.hadoop.ozone.protocolPB.StorageContainerDatanodeProtocolClientSideTranslatorPB.sendHeartbeat(StorageContainerDatanodeProtocolClientSideTranslatorPB.java:149)
	at org.apache.hadoop.ozone.container.common.states.endpoint.HeartbeatEndpointTask.call(HeartbeatEndpointTask.java:185)
	at org.apache.hadoop.ozone.container.common.states.endpoint.HeartbeatEndpointTask.call(HeartbeatEndpointTask.java:87)
	at java.util.concurrent.FutureTask.run(FutureTask.java:266)
	at java.util.concurrent.ThreadPoolExecutor.runWorker(ThreadPoolExecutor.java:1149)
	at java.util.concurrent.ThreadPoolExecutor$Worker.run(ThreadPoolExecutor.java:624)
	at java.lang.Thread.run(Thread.java:750)
Caused by: java.io.EOFException
	at java.io.DataInputStream.readInt(DataInputStream.java:392)
	at org.apache.hadoop.ipc.Client$IpcStreams.readResponse(Client.java:1922)
	at org.apache.hadoop.ipc.Client$Connection.receiveRpcResponse(Client.java:1238)
	at org.apache.hadoop.ipc.Client$Connection.run(Client.java:1134)
2022-12-22 10:15:02,014 [EndpointStateMachine task thread for /127.0.0.1:42129 - 0 ] INFO  ipc.Client (Client.java:handleConnectionFailure(1010)) - Retrying connect to server: localhost/127.0.0.1:42129. Already tried 5 time(s); retry policy is RetryUpToMaximumCountWithFixedSleep(maxRetries=15, sleepTime=1000 MILLISECONDS)
2022-12-22 10:15:02,887 [SCM Heartbeat Processing Thread - 0] WARN  node.NodeStateManager (NodeStateManager.java:scheduleNextHealthCheck(870)) - Current Thread is interrupted, shutting down HB processing thread for Node Manager.
2022-12-22 10:15:02,888 [Listener at 127.0.0.1/33227] INFO  server.StorageContainerManager (StorageContainerManager.java:stop(1547)) - Stopping block service RPC server
2022-12-22 10:15:02,888 [Listener at 127.0.0.1/33227] INFO  server.SCMBlockProtocolServer (SCMBlockProtocolServer.java:stop(161)) - Stopping the RPC server for Block Protocol
2022-12-22 10:15:02,889 [Listener at 127.0.0.1/33227] INFO  ipc.Server (Server.java:stop(3428)) - Stopping server on 43201
2022-12-22 10:15:02,892 [IPC Server Responder] INFO  ipc.Server (Server.java:run(1517)) - Stopping IPC Server Responder
2022-12-22 10:15:02,892 [Listener at 127.0.0.1/33227] INFO  server.StorageContainerManager (StorageContainerManager.java:stop(1554)) - Stopping the StorageContainerLocationProtocol RPC server
2022-12-22 10:15:02,892 [IPC Server listener on 43201] INFO  ipc.Server (Server.java:run(1384)) - Stopping IPC Server listener on 43201
2022-12-22 10:15:02,892 [Listener at 127.0.0.1/33227] INFO  server.SCMClientProtocolServer (SCMClientProtocolServer.java:stop(179)) - Stopping the RPC server for Client Protocol
2022-12-22 10:15:02,892 [Listener at 127.0.0.1/33227] INFO  ipc.Server (Server.java:stop(3428)) - Stopping server on 42833
2022-12-22 10:15:02,902 [IPC Server listener on 42833] INFO  ipc.Server (Server.java:run(1384)) - Stopping IPC Server listener on 42833
2022-12-22 10:15:02,903 [Listener at 127.0.0.1/33227] INFO  server.StorageContainerManager (StorageContainerManager.java:stop(1561)) - Stopping Storage Container Manager HTTP server.
2022-12-22 10:15:02,905 [Listener at 127.0.0.1/33227] INFO  handler.ContextHandler (ContextHandler.java:doStop(1159)) - Stopped o.e.j.w.WebAppContext@4447188d{scm,/,null,STOPPED}{file:/home/runner/work/ozone/ozone/hadoop-ozone/integration-test/target/test-classes/webapps/scm}
2022-12-22 10:15:02,904 [IPC Server Responder] INFO  ipc.Server (Server.java:run(1517)) - Stopping IPC Server Responder
2022-12-22 10:15:02,908 [Listener at 127.0.0.1/33227] INFO  server.AbstractConnector (AbstractConnector.java:doStop(383)) - Stopped ServerConnector@43dad60c{HTTP/1.1, (http/1.1)}{0.0.0.0:41715}
2022-12-22 10:15:02,909 [Listener at 127.0.0.1/33227] INFO  server.session (HouseKeeper.java:stopScavenging(149)) - node0 Stopped scavenging
2022-12-22 10:15:02,909 [Listener at 127.0.0.1/33227] INFO  handler.ContextHandler (ContextHandler.java:doStop(1159)) - Stopped o.e.j.s.ServletContextHandler@6e94efaa{static,/static,file:///home/runner/work/ozone/ozone/hadoop-ozone/integration-test/target/test-classes/webapps/static,STOPPED}
2022-12-22 10:15:02,910 [Listener at 127.0.0.1/33227] INFO  handler.ContextHandler (ContextHandler.java:doStop(1159)) - Stopped o.e.j.s.ServletContextHandler@f4da21b{logs,/logs,file:///home/runner/work/ozone/ozone/hadoop-ozone/integration-test/target/log,STOPPED}
2022-12-22 10:15:02,911 [Listener at 127.0.0.1/33227] INFO  server.StorageContainerManager (StorageContainerManager.java:stop(1567)) - Stopping SCM LayoutVersionManager Service.
2022-12-22 10:15:02,911 [Listener at 127.0.0.1/33227] INFO  server.StorageContainerManager (StorageContainerManager.java:stop(1575)) - Stopping Block Manager Service.
2022-12-22 10:15:02,911 [Listener at 127.0.0.1/33227] INFO  utils.BackgroundService (BackgroundService.java:shutdown(141)) - Shutting down service SCMBlockDeletingService
2022-12-22 10:15:02,911 [Listener at 127.0.0.1/33227] INFO  utils.BackgroundService (BackgroundService.java:shutdown(141)) - Shutting down service SCMBlockDeletingService
2022-12-22 10:15:02,911 [Listener at 127.0.0.1/33227] INFO  server.StorageContainerManager (StorageContainerManager.java:stop(1597)) - Stopping SCM Event Queue.
2022-12-22 10:15:02,915 [Listener at 127.0.0.1/33227] INFO  server.StorageContainerManager (StorageContainerManager.java:stop(1608)) - Stopping SCM HA services.
2022-12-22 10:15:02,915 [Listener at 127.0.0.1/33227] INFO  ha.SCMRatisServerImpl (SCMRatisServerImpl.java:stop(237)) - stopping ratis server 0.0.0.0:42001
2022-12-22 10:15:02,915 [Listener at 127.0.0.1/33227] INFO  server.RaftServer (RaftServerProxy.java:lambda$close$6(409)) - 945fd0ed-8171-4835-b0ec-144ef106a250: close
2022-12-22 10:15:02,915 [Listener at 127.0.0.1/33227] INFO  server.GrpcService (GrpcService.java:closeImpl(271)) - 945fd0ed-8171-4835-b0ec-144ef106a250: shutdown server GrpcServerProtocolService now
2022-12-22 10:15:02,915 [945fd0ed-8171-4835-b0ec-144ef106a250-impl-thread1] INFO  server.RaftServer$Division (RaftServerImpl.java:lambda$close$4(458)) - 945fd0ed-8171-4835-b0ec-144ef106a250@group-551B1740A89B: shutdown
2022-12-22 10:15:02,915 [945fd0ed-8171-4835-b0ec-144ef106a250-impl-thread1] INFO  util.JmxRegister (JmxRegister.java:unregister(73)) - Successfully un-registered JMX Bean with object name Ratis:service=RaftServer,group=group-551B1740A89B,id=945fd0ed-8171-4835-b0ec-144ef106a250
2022-12-22 10:15:02,915 [945fd0ed-8171-4835-b0ec-144ef106a250-impl-thread1] INFO  impl.RoleInfo (RoleInfo.java:shutdownLeaderState(93)) - 945fd0ed-8171-4835-b0ec-144ef106a250: shutdown 945fd0ed-8171-4835-b0ec-144ef106a250@group-551B1740A89B-LeaderStateImpl
2022-12-22 10:15:02,916 [945fd0ed-8171-4835-b0ec-144ef106a250-impl-thread1] INFO  impl.PendingRequests (PendingRequests.java:sendNotLeaderResponses(282)) - 945fd0ed-8171-4835-b0ec-144ef106a250@group-551B1740A89B-PendingRequests: sendNotLeaderResponses
2022-12-22 10:15:02,917 [945fd0ed-8171-4835-b0ec-144ef106a250-impl-thread1] INFO  ha.SCMStateMachine (SCMStateMachine.java:notifyNotLeader(190)) - current leader SCM steps down.
2022-12-22 10:15:02,917 [945fd0ed-8171-4835-b0ec-144ef106a250-impl-thread1] INFO  ha.SCMContext (SCMContext.java:updateLeaderAndTerm(99)) - update <isLeader,term> from <true,2> to <false,0>
2022-12-22 10:15:02,917 [945fd0ed-8171-4835-b0ec-144ef106a250-impl-thread1] INFO  ha.SCMContext (SCMContext.java:updateLeaderAndTerm(106)) - update <isLeaderReady> from <false> to <false>
2022-12-22 10:15:02,917 [945fd0ed-8171-4835-b0ec-144ef106a250-impl-thread1] INFO  BackgroundPipelineScrubber (BackgroundSCMService.java:notifyStatusChanged(88)) - Service BackgroundPipelineScrubber transitions to PAUSING.
2022-12-22 10:15:02,917 [945fd0ed-8171-4835-b0ec-144ef106a250-impl-thread1] INFO  ExpiredContainerReplicaOpScrubber (BackgroundSCMService.java:notifyStatusChanged(88)) - Service ExpiredContainerReplicaOpScrubber transitions to PAUSING.
2022-12-22 10:15:02,917 [Listener at 127.0.0.1/33227] INFO  server.GrpcService (GrpcService.java:closeImpl(280)) - 945fd0ed-8171-4835-b0ec-144ef106a250: shutdown server GrpcServerProtocolService successfully
2022-12-22 10:15:02,919 [945fd0ed-8171-4835-b0ec-144ef106a250-impl-thread1] INFO  impl.StateMachineUpdater (StateMachineUpdater.java:stopAndJoin(153)) - 945fd0ed-8171-4835-b0ec-144ef106a250@group-551B1740A89B-StateMachineUpdater: set stopIndex = 30
2022-12-22 10:15:02,919 [945fd0ed-8171-4835-b0ec-144ef106a250-NettyServerStreamRpc-bossGroup--thread1] INFO  logging.LoggingHandler (AbstractInternalLogger.java:log(148)) - [id: 0xb23f49be, L:/0:0:0:0:0:0:0:0:43013] CLOSE
2022-12-22 10:15:02,919 [945fd0ed-8171-4835-b0ec-144ef106a250@group-551B1740A89B-StateMachineUpdater] INFO  ha.SCMStateMachine (SCMStateMachine.java:takeSnapshot(297)) - Current Snapshot Index 30, takeSnapshot took 1 ms
2022-12-22 10:15:02,919 [945fd0ed-8171-4835-b0ec-144ef106a250-NettyServerStreamRpc-bossGroup--thread1] INFO  logging.LoggingHandler (AbstractInternalLogger.java:log(148)) - [id: 0xb23f49be, L:0:0:0:0:0:0:0:0/0:0:0:0:0:0:0:0:43013] INACTIVE
2022-12-22 10:15:02,919 [945fd0ed-8171-4835-b0ec-144ef106a250@group-551B1740A89B-StateMachineUpdater] INFO  impl.StateMachineUpdater (StateMachineUpdater.java:takeSnapshot(287)) - 945fd0ed-8171-4835-b0ec-144ef106a250@group-551B1740A89B-StateMachineUpdater: Took a snapshot at index 30
2022-12-22 10:15:02,919 [945fd0ed-8171-4835-b0ec-144ef106a250-NettyServerStreamRpc-bossGroup--thread1] INFO  logging.LoggingHandler (AbstractInternalLogger.java:log(148)) - [id: 0xb23f49be, L:0:0:0:0:0:0:0:0/0:0:0:0:0:0:0:0:43013] UNREGISTERED
2022-12-22 10:15:02,919 [945fd0ed-8171-4835-b0ec-144ef106a250@group-551B1740A89B-StateMachineUpdater] INFO  impl.StateMachineUpdater (StateMachineUpdater.java:lambda$new$0(92)) - 945fd0ed-8171-4835-b0ec-144ef106a250@group-551B1740A89B-StateMachineUpdater: snapshotIndex: updateIncreasingly -1 -> 30
2022-12-22 10:15:02,919 [945fd0ed-8171-4835-b0ec-144ef106a250@group-551B1740A89B-StateMachineUpdater] INFO  server.StorageContainerManager (StorageContainerManager.java:stop(1509)) - Storage Container Manager is not running.
2022-12-22 10:15:02,919 [945fd0ed-8171-4835-b0ec-144ef106a250@group-551B1740A89B-StateMachineUpdater] INFO  server.StorageContainerManager (ExitUtils.java:terminate(131)) - Terminating with exit status 0: scm statemachine is closed by ratis, terminate SCM
2022-12-22 10:15:02,919 [945fd0ed-8171-4835-b0ec-144ef106a250@group-551B1740A89B-StateMachineUpdater] WARN  impl.StateMachineUpdater (StateMachineUpdater.java:stop(137)) - 945fd0ed-8171-4835-b0ec-144ef106a250@group-551B1740A89B-StateMachineUpdater: Failed to close SCMStateMachine SCMStateMachine:945fd0ed-8171-4835-b0ec-144ef106a250:group-551B1740A89B
org.apache.ratis.util.ExitUtils$ExitException: scm statemachine is closed by ratis, terminate SCM
	at org.apache.ratis.util.ExitUtils.terminate(ExitUtils.java:141)
	at org.apache.ratis.util.ExitUtils.terminate(ExitUtils.java:151)
	at org.apache.ratis.util.ExitUtils.terminate(ExitUtils.java:155)
	at org.apache.hadoop.hdds.scm.server.StorageContainerManager.shutDown(StorageContainerManager.java:1636)
	at org.apache.hadoop.hdds.scm.ha.SCMStateMachine.close(SCMStateMachine.java:406)
	at org.apache.ratis.server.impl.StateMachineUpdater.stop(StateMachineUpdater.java:134)
	at org.apache.ratis.server.impl.StateMachineUpdater.run(StateMachineUpdater.java:187)
	at java.lang.Thread.run(Thread.java:750)
2022-12-22 10:15:02,919 [945fd0ed-8171-4835-b0ec-144ef106a250-impl-thread1] INFO  server.RaftServer$Division (ServerState.java:close(466)) - 945fd0ed-8171-4835-b0ec-144ef106a250@group-551B1740A89B: closes. applyIndex: 30
2022-12-22 10:15:02,920 [945fd0ed-8171-4835-b0ec-144ef106a250@group-551B1740A89B-SegmentedRaftLogWorker] INFO  segmented.SegmentedRaftLogWorker (SegmentedRaftLogWorker.java:run(347)) - 945fd0ed-8171-4835-b0ec-144ef106a250@group-551B1740A89B-SegmentedRaftLogWorker was interrupted, exiting. There are 0 tasks remaining in the queue.
2022-12-22 10:15:02,922 [945fd0ed-8171-4835-b0ec-144ef106a250-impl-thread1] INFO  segmented.SegmentedRaftLogWorker (SegmentedRaftLogWorker.java:close(257)) - 945fd0ed-8171-4835-b0ec-144ef106a250@group-551B1740A89B-SegmentedRaftLogWorker close()
2022-12-22 10:15:02,923 [JvmPauseMonitor10] INFO  util.JvmPauseMonitor (JvmPauseMonitor.java:run(111)) - JvmPauseMonitor-945fd0ed-8171-4835-b0ec-144ef106a250: Stopped
2022-12-22 10:15:02,923 [Listener at 127.0.0.1/33227] INFO  pipeline.BackgroundPipelineCreator (BackgroundPipelineCreator.java:stop(149)) - Stopping RatisPipelineUtilsThread.
2022-12-22 10:15:02,924 [RatisPipelineUtilsThread - 0] WARN  pipeline.BackgroundPipelineCreator (BackgroundPipelineCreator.java:run(180)) - RatisPipelineUtilsThread is interrupted.
2022-12-22 10:15:02,924 [Listener at 127.0.0.1/33227] INFO  BackgroundPipelineScrubber (BackgroundSCMService.java:stop(131)) - Stopping BackgroundPipelineScrubber Service.
2022-12-22 10:15:02,924 [BackgroundPipelineScrubberThread] WARN  BackgroundPipelineScrubber (BackgroundSCMService.java:run(115)) - BackgroundPipelineScrubber is interrupted, exit
2022-12-22 10:15:02,924 [Listener at 127.0.0.1/33227] INFO  impl.MetricsSystemImpl (MetricsSystemImpl.java:stop(210)) - Stopping OzoneManager metrics system...
2022-12-22 10:15:02,932 [prometheus] INFO  impl.MetricsSinkAdapter (MetricsSinkAdapter.java:publishMetricsFromQueue(141)) - prometheus thread interrupted.
2022-12-22 10:15:02,933 [Listener at 127.0.0.1/33227] INFO  impl.MetricsSystemImpl (MetricsSystemImpl.java:stop(216)) - OzoneManager metrics system stopped.
2022-12-22 10:15:02,933 [Listener at 127.0.0.1/33227] WARN  pipeline.BackgroundPipelineCreator (BackgroundPipelineCreator.java:stop(145)) - RatisPipelineUtilsThread is not running, just ignore.
2022-12-22 10:15:02,933 [Listener at 127.0.0.1/33227] INFO  BackgroundPipelineScrubber (BackgroundSCMService.java:stop(126)) - BackgroundPipelineScrubber Service is not running, skip stop.
2022-12-22 10:15:02,933 [Listener at 127.0.0.1/33227] INFO  ExpiredContainerReplicaOpScrubber (BackgroundSCMService.java:stop(131)) - Stopping ExpiredContainerReplicaOpScrubber Service.
2022-12-22 10:15:02,933 [Listener at 127.0.0.1/33227] INFO  utils.BackgroundService (BackgroundService.java:shutdown(141)) - Shutting down service SCMBlockDeletingService
2022-12-22 10:15:02,933 [ExpiredContainerReplicaOpScrubberThread] WARN  ExpiredContainerReplicaOpScrubber (BackgroundSCMService.java:run(115)) - ExpiredContainerReplicaOpScrubber is interrupted, exit
2022-12-22 10:15:02,933 [Listener at 127.0.0.1/33227] INFO  replication.ReplicationManager (ReplicationManager.java:stop(304)) - Replication Monitor Thread is not running.
2022-12-22 10:15:02,933 [Listener at 127.0.0.1/33227] WARN  balancer.ContainerBalancer (ContainerBalancer.java:stop(322)) - Cannot stop Container Balancer because it's not running or stopping
2022-12-22 10:15:02,933 [Listener at 127.0.0.1/33227] INFO  server.StorageContainerManager (StorageContainerManager.java:stop(1626)) - Stopping SCM MetadataStore.
2022-12-22 10:15:02,938 [Listener at 127.0.0.1/33227] INFO  ozone.MiniOzoneClusterImpl (MiniOzoneClusterImpl.java:stop(464)) - Stopping the Mini Ozone Cluster
2022-12-22 10:15:02,938 [Listener at 127.0.0.1/33227] INFO  ozone.MiniOzoneClusterImpl (MiniOzoneClusterImpl.java:stopDatanodes(523)) - Stopping the HddsDatanodes
2022-12-22 10:15:03,013 [ForkJoinPool.commonPool-worker-0] INFO  ozoneimpl.OzoneContainer (OzoneContainer.java:stop(417)) - Attempting to stop container services.
2022-12-22 10:15:03,013 [EndpointStateMachine task thread for /127.0.0.1:43945 - 0 ] INFO  ipc.Client (Client.java:handleConnectionFailure(1010)) - Retrying connect to server: localhost/127.0.0.1:43945. Already tried 0 time(s); retry policy is RetryUpToMaximumCountWithFixedSleep(maxRetries=15, sleepTime=1000 MILLISECONDS)
2022-12-22 10:15:03,014 [ForkJoinPool.commonPool-worker-0] INFO  server.RaftServer (RaftServerProxy.java:lambda$close$6(409)) - 1a836199-4b37-4331-b3d7-01d1c65ae166: close
2022-12-22 10:15:03,014 [1a836199-4b37-4331-b3d7-01d1c65ae166-impl-thread1] INFO  server.RaftServer$Division (RaftServerImpl.java:lambda$close$4(458)) - 1a836199-4b37-4331-b3d7-01d1c65ae166@group-383C0469F232: shutdown
2022-12-22 10:15:03,014 [1a836199-4b37-4331-b3d7-01d1c65ae166-impl-thread1] INFO  util.JmxRegister (JmxRegister.java:unregister(73)) - Successfully un-registered JMX Bean with object name Ratis:service=RaftServer,group=group-383C0469F232,id=1a836199-4b37-4331-b3d7-01d1c65ae166
2022-12-22 10:15:03,014 [1a836199-4b37-4331-b3d7-01d1c65ae166-impl-thread1] INFO  impl.RoleInfo (RoleInfo.java:shutdownFollowerState(110)) - 1a836199-4b37-4331-b3d7-01d1c65ae166: shutdown 1a836199-4b37-4331-b3d7-01d1c65ae166@group-383C0469F232-FollowerState
2022-12-22 10:15:03,014 [1a836199-4b37-4331-b3d7-01d1c65ae166-impl-thread2] INFO  server.RaftServer$Division (RaftServerImpl.java:lambda$close$4(458)) - 1a836199-4b37-4331-b3d7-01d1c65ae166@group-C8306A3C8920: shutdown
2022-12-22 10:15:03,014 [1a836199-4b37-4331-b3d7-01d1c65ae166-impl-thread2] INFO  util.JmxRegister (JmxRegister.java:unregister(73)) - Successfully un-registered JMX Bean with object name Ratis:service=RaftServer,group=group-C8306A3C8920,id=1a836199-4b37-4331-b3d7-01d1c65ae166
2022-12-22 10:15:03,014 [1a836199-4b37-4331-b3d7-01d1c65ae166-impl-thread2] INFO  impl.RoleInfo (RoleInfo.java:shutdownLeaderState(93)) - 1a836199-4b37-4331-b3d7-01d1c65ae166: shutdown 1a836199-4b37-4331-b3d7-01d1c65ae166@group-C8306A3C8920-LeaderStateImpl
2022-12-22 10:15:03,014 [1a836199-4b37-4331-b3d7-01d1c65ae166-impl-thread2] INFO  impl.PendingRequests (PendingRequests.java:sendNotLeaderResponses(282)) - 1a836199-4b37-4331-b3d7-01d1c65ae166@group-C8306A3C8920-PendingRequests: sendNotLeaderResponses
2022-12-22 10:15:03,015 [1a836199-4b37-4331-b3d7-01d1c65ae166-impl-thread1] INFO  impl.StateMachineUpdater (StateMachineUpdater.java:stopAndJoin(153)) - 1a836199-4b37-4331-b3d7-01d1c65ae166@group-383C0469F232-StateMachineUpdater: set stopIndex = 0
2022-12-22 10:15:03,015 [1a836199-4b37-4331-b3d7-01d1c65ae166@group-383C0469F232-FollowerState] INFO  impl.FollowerState (FollowerState.java:run(152)) - 1a836199-4b37-4331-b3d7-01d1c65ae166@group-383C0469F232-FollowerState was interrupted
2022-12-22 10:15:03,015 [ForkJoinPool.commonPool-worker-0] INFO  server.GrpcService (GrpcService.java:closeImpl(271)) - 1a836199-4b37-4331-b3d7-01d1c65ae166: shutdown server GrpcServerProtocolService now
2022-12-22 10:15:03,015 [1a836199-4b37-4331-b3d7-01d1c65ae166-impl-thread3] INFO  server.RaftServer$Division (RaftServerImpl.java:lambda$close$4(458)) - 1a836199-4b37-4331-b3d7-01d1c65ae166@group-187AFB726811: shutdown
2022-12-22 10:15:03,015 [1a836199-4b37-4331-b3d7-01d1c65ae166-impl-thread3] INFO  util.JmxRegister (JmxRegister.java:unregister(73)) - Successfully un-registered JMX Bean with object name Ratis:service=RaftServer,group=group-187AFB726811,id=1a836199-4b37-4331-b3d7-01d1c65ae166
2022-12-22 10:15:03,015 [1a836199-4b37-4331-b3d7-01d1c65ae166-impl-thread3] INFO  impl.RoleInfo (RoleInfo.java:shutdownFollowerState(110)) - 1a836199-4b37-4331-b3d7-01d1c65ae166: shutdown 1a836199-4b37-4331-b3d7-01d1c65ae166@group-187AFB726811-FollowerState
2022-12-22 10:15:03,015 [1a836199-4b37-4331-b3d7-01d1c65ae166@group-187AFB726811-StateMachineUpdater] INFO  ratis.ContainerStateMachine (ContainerStateMachine.java:takeSnapshot(308)) - group-187AFB726811: Taking a snapshot at:(t:1, i:0) file /home/runner/work/ozone/ozone/hadoop-ozone/integration-test/target/test-dir/MiniOzoneClusterImpl-e8789b07-7928-40b5-ad88-551b1740a89b/datanode-0/data/ratis/4285de77-48eb-4694-a90b-187afb726811/sm/snapshot.1_0
2022-12-22 10:15:03,015 [1a836199-4b37-4331-b3d7-01d1c65ae166-impl-thread3] INFO  impl.StateMachineUpdater (StateMachineUpdater.java:stopAndJoin(153)) - 1a836199-4b37-4331-b3d7-01d1c65ae166@group-187AFB726811-StateMachineUpdater: set stopIndex = 0
2022-12-22 10:15:03,016 [EndpointStateMachine task thread for /127.0.0.1:42129 - 0 ] INFO  ipc.Client (Client.java:handleConnectionFailure(1010)) - Retrying connect to server: localhost/127.0.0.1:42129. Already tried 6 time(s); retry policy is RetryUpToMaximumCountWithFixedSleep(maxRetries=15, sleepTime=1000 MILLISECONDS)
2022-12-22 10:15:03,016 [1a836199-4b37-4331-b3d7-01d1c65ae166@group-187AFB726811-StateMachineUpdater] INFO  ratis.ContainerStateMachine (ContainerStateMachine.java:takeSnapshot(319)) - group-187AFB726811: Finished taking a snapshot at:(t:1, i:0) file:/home/runner/work/ozone/ozone/hadoop-ozone/integration-test/target/test-dir/MiniOzoneClusterImpl-e8789b07-7928-40b5-ad88-551b1740a89b/datanode-0/data/ratis/4285de77-48eb-4694-a90b-187afb726811/sm/snapshot.1_0 took: 1 ms
2022-12-22 10:15:03,016 [1a836199-4b37-4331-b3d7-01d1c65ae166@group-187AFB726811-FollowerState] INFO  impl.FollowerState (FollowerState.java:run(152)) - 1a836199-4b37-4331-b3d7-01d1c65ae166@group-187AFB726811-FollowerState was interrupted
2022-12-22 10:15:03,016 [1a836199-4b37-4331-b3d7-01d1c65ae166@group-187AFB726811-StateMachineUpdater] INFO  impl.StateMachineUpdater (StateMachineUpdater.java:takeSnapshot(287)) - 1a836199-4b37-4331-b3d7-01d1c65ae166@group-187AFB726811-StateMachineUpdater: Took a snapshot at index 0
2022-12-22 10:15:03,016 [1a836199-4b37-4331-b3d7-01d1c65ae166@group-187AFB726811-StateMachineUpdater] INFO  impl.StateMachineUpdater (StateMachineUpdater.java:lambda$new$0(92)) - 1a836199-4b37-4331-b3d7-01d1c65ae166@group-187AFB726811-StateMachineUpdater: snapshotIndex: updateIncreasingly -1 -> 0
2022-12-22 10:15:03,015 [1a836199-4b37-4331-b3d7-01d1c65ae166@group-383C0469F232-StateMachineUpdater] INFO  ratis.ContainerStateMachine (ContainerStateMachine.java:takeSnapshot(308)) - group-383C0469F232: Taking a snapshot at:(t:1, i:0) file /home/runner/work/ozone/ozone/hadoop-ozone/integration-test/target/test-dir/MiniOzoneClusterImpl-e8789b07-7928-40b5-ad88-551b1740a89b/datanode-0/data/ratis/0266e62d-c65e-4d02-9c54-383c0469f232/sm/snapshot.1_0
2022-12-22 10:15:03,018 [1a836199-4b37-4331-b3d7-01d1c65ae166@group-383C0469F232-StateMachineUpdater] INFO  ratis.ContainerStateMachine (ContainerStateMachine.java:takeSnapshot(319)) - group-383C0469F232: Finished taking a snapshot at:(t:1, i:0) file:/home/runner/work/ozone/ozone/hadoop-ozone/integration-test/target/test-dir/MiniOzoneClusterImpl-e8789b07-7928-40b5-ad88-551b1740a89b/datanode-0/data/ratis/0266e62d-c65e-4d02-9c54-383c0469f232/sm/snapshot.1_0 took: 4 ms
2022-12-22 10:15:03,018 [1a836199-4b37-4331-b3d7-01d1c65ae166@group-383C0469F232-StateMachineUpdater] INFO  impl.StateMachineUpdater (StateMachineUpdater.java:takeSnapshot(287)) - 1a836199-4b37-4331-b3d7-01d1c65ae166@group-383C0469F232-StateMachineUpdater: Took a snapshot at index 0
2022-12-22 10:15:03,018 [1a836199-4b37-4331-b3d7-01d1c65ae166@group-383C0469F232-StateMachineUpdater] INFO  impl.StateMachineUpdater (StateMachineUpdater.java:lambda$new$0(92)) - 1a836199-4b37-4331-b3d7-01d1c65ae166@group-383C0469F232-StateMachineUpdater: snapshotIndex: updateIncreasingly -1 -> 0
2022-12-22 10:15:03,018 [grpc-default-executor-2] WARN  server.GrpcServerProtocolService (LogUtils.java:warn(122)) - 1a836199-4b37-4331-b3d7-01d1c65ae166: installSnapshot onError, lastRequest: 5eea0695-258d-4fe7-9f47-897f5bd73bdb->1a836199-4b37-4331-b3d7-01d1c65ae166#1-t1,previous=(t:0, i:0),leaderCommit=0,initializing? true,entries: size=1, first=(t:1, i:0), CONFIGURATIONENTRY(current:id: "4f5ae387-cd9a-40e6-b48a-d20f36d7a4c1"
address: "127.0.0.1:43977"
dataStreamAddress: "127.0.0.1:40347"
clientAddress: "127.0.0.1:43977"
adminAddress: "127.0.0.1:43977"
startupRole: FOLLOWER
,id: "5eea0695-258d-4fe7-9f47-897f5bd73bdb"
address: "127.0.0.1:36371"
priority: 1
dataStreamAddress: "127.0.0.1:38343"
clientAddress: "127.0.0.1:36371"
adminAddress: "127.0.0.1:36371"
startupRole: FOLLOWER
,id: "1a836199-4b37-4331-b3d7-01d1c65ae166"
address: "127.0.0.1:35593"
dataStreamAddress: "127.0.0.1:44975"
clientAddress: "127.0.0.1:35593"
adminAddress: "127.0.0.1:35593"
startupRole: FOLLOWER
, old:): org.apache.ratis.thirdparty.io.grpc.StatusRuntimeException: CANCELLED: client cancelled
2022-12-22 10:15:03,018 [1a836199-4b37-4331-b3d7-01d1c65ae166-impl-thread1] INFO  server.RaftServer$Division (ServerState.java:close(466)) - 1a836199-4b37-4331-b3d7-01d1c65ae166@group-383C0469F232: closes. applyIndex: 0
2022-12-22 10:15:03,018 [grpc-default-executor-5] WARN  server.GrpcServerProtocolService (LogUtils.java:warn(122)) - 1a836199-4b37-4331-b3d7-01d1c65ae166: installSnapshot onError, lastRequest: 4f5ae387-cd9a-40e6-b48a-d20f36d7a4c1->1a836199-4b37-4331-b3d7-01d1c65ae166#1-t1,previous=(t:0, i:0),leaderCommit=0,initializing? true,entries: size=1, first=(t:1, i:0), CONFIGURATIONENTRY(current:id: "4f5ae387-cd9a-40e6-b48a-d20f36d7a4c1"
address: "127.0.0.1:43977"
priority: 1
dataStreamAddress: "127.0.0.1:40347"
clientAddress: "127.0.0.1:43977"
adminAddress: "127.0.0.1:43977"
startupRole: FOLLOWER
,id: "5eea0695-258d-4fe7-9f47-897f5bd73bdb"
address: "127.0.0.1:36371"
dataStreamAddress: "127.0.0.1:38343"
clientAddress: "127.0.0.1:36371"
adminAddress: "127.0.0.1:36371"
startupRole: FOLLOWER
,id: "1a836199-4b37-4331-b3d7-01d1c65ae166"
address: "127.0.0.1:35593"
dataStreamAddress: "127.0.0.1:44975"
clientAddress: "127.0.0.1:35593"
adminAddress: "127.0.0.1:35593"
startupRole: FOLLOWER
, old:): org.apache.ratis.thirdparty.io.grpc.StatusRuntimeException: CANCELLED: client cancelled
2022-12-22 10:15:03,017 [grpc-default-executor-0] WARN  server.GrpcServerProtocolService (LogUtils.java:warn(122)) - 1a836199-4b37-4331-b3d7-01d1c65ae166: installSnapshot onError, lastRequest: null: org.apache.ratis.thirdparty.io.grpc.StatusRuntimeException: CANCELLED: client cancelled
2022-12-22 10:15:03,017 [1a836199-4b37-4331-b3d7-01d1c65ae166-impl-thread3] INFO  server.RaftServer$Division (ServerState.java:close(466)) - 1a836199-4b37-4331-b3d7-01d1c65ae166@group-187AFB726811: closes. applyIndex: 0
2022-12-22 10:15:03,021 [grpc-default-executor-6] WARN  server.GrpcServerProtocolService (LogUtils.java:warn(122)) - 1a836199-4b37-4331-b3d7-01d1c65ae166: installSnapshot onError, lastRequest: null: org.apache.ratis.thirdparty.io.grpc.StatusRuntimeException: CANCELLED: client cancelled
2022-12-22 10:15:03,022 [ForkJoinPool.commonPool-worker-0] INFO  server.GrpcService (GrpcService.java:closeImpl(280)) - 1a836199-4b37-4331-b3d7-01d1c65ae166: shutdown server GrpcServerProtocolService successfully
2022-12-22 10:15:03,023 [grpc-default-executor-7] WARN  server.GrpcClientProtocolService (LogUtils.java:warn(122)) - 0-OrderedRequestStreamObserver0: onError: org.apache.ratis.thirdparty.io.grpc.StatusRuntimeException: CANCELLED: client cancelled
2022-12-22 10:15:03,023 [1a836199-4b37-4331-b3d7-01d1c65ae166@group-C8306A3C8920-StateMachineUpdater] INFO  ratis.ContainerStateMachine (ContainerStateMachine.java:takeSnapshot(308)) - group-C8306A3C8920: Taking a snapshot at:(t:1, i:3) file /home/runner/work/ozone/ozone/hadoop-ozone/integration-test/target/test-dir/MiniOzoneClusterImpl-e8789b07-7928-40b5-ad88-551b1740a89b/datanode-0/data/ratis/5d06ad47-da2d-4079-9a51-c8306a3c8920/sm/snapshot.1_3
2022-12-22 10:15:03,023 [1a836199-4b37-4331-b3d7-01d1c65ae166-impl-thread2] INFO  impl.StateMachineUpdater (StateMachineUpdater.java:stopAndJoin(153)) - 1a836199-4b37-4331-b3d7-01d1c65ae166@group-C8306A3C8920-StateMachineUpdater: set stopIndex = 3
2022-12-22 10:15:03,025 [1a836199-4b37-4331-b3d7-01d1c65ae166@group-C8306A3C8920-StateMachineUpdater] INFO  ratis.ContainerStateMachine (ContainerStateMachine.java:takeSnapshot(319)) - group-C8306A3C8920: Finished taking a snapshot at:(t:1, i:3) file:/home/runner/work/ozone/ozone/hadoop-ozone/integration-test/target/test-dir/MiniOzoneClusterImpl-e8789b07-7928-40b5-ad88-551b1740a89b/datanode-0/data/ratis/5d06ad47-da2d-4079-9a51-c8306a3c8920/sm/snapshot.1_3 took: 2 ms
2022-12-22 10:15:03,026 [1a836199-4b37-4331-b3d7-01d1c65ae166@group-C8306A3C8920-StateMachineUpdater] INFO  impl.StateMachineUpdater (StateMachineUpdater.java:takeSnapshot(287)) - 1a836199-4b37-4331-b3d7-01d1c65ae166@group-C8306A3C8920-StateMachineUpdater: Took a snapshot at index 3
2022-12-22 10:15:03,026 [1a836199-4b37-4331-b3d7-01d1c65ae166@group-C8306A3C8920-StateMachineUpdater] INFO  impl.StateMachineUpdater (StateMachineUpdater.java:lambda$new$0(92)) - 1a836199-4b37-4331-b3d7-01d1c65ae166@group-C8306A3C8920-StateMachineUpdater: snapshotIndex: updateIncreasingly -1 -> 3
2022-12-22 10:15:03,034 [1a836199-4b37-4331-b3d7-01d1c65ae166@group-383C0469F232-SegmentedRaftLogWorker] INFO  segmented.SegmentedRaftLogWorker (SegmentedRaftLogWorker.java:run(347)) - 1a836199-4b37-4331-b3d7-01d1c65ae166@group-383C0469F232-SegmentedRaftLogWorker was interrupted, exiting. There are 0 tasks remaining in the queue.
2022-12-22 10:15:03,034 [1a836199-4b37-4331-b3d7-01d1c65ae166@group-187AFB726811-SegmentedRaftLogWorker] INFO  segmented.SegmentedRaftLogWorker (SegmentedRaftLogWorker.java:run(347)) - 1a836199-4b37-4331-b3d7-01d1c65ae166@group-187AFB726811-SegmentedRaftLogWorker was interrupted, exiting. There are 0 tasks remaining in the queue.
2022-12-22 10:15:03,045 [1a836199-4b37-4331-b3d7-01d1c65ae166-impl-thread2] INFO  server.RaftServer$Division (ServerState.java:close(466)) - 1a836199-4b37-4331-b3d7-01d1c65ae166@group-C8306A3C8920: closes. applyIndex: 3
2022-12-22 10:15:03,045 [1a836199-4b37-4331-b3d7-01d1c65ae166@group-C8306A3C8920-SegmentedRaftLogWorker] INFO  segmented.SegmentedRaftLogWorker (SegmentedRaftLogWorker.java:run(347)) - 1a836199-4b37-4331-b3d7-01d1c65ae166@group-C8306A3C8920-SegmentedRaftLogWorker was interrupted, exiting. There are 0 tasks remaining in the queue.
2022-12-22 10:15:03,045 [1a836199-4b37-4331-b3d7-01d1c65ae166-NettyServerStreamRpc-bossGroup--thread1] INFO  logging.LoggingHandler (AbstractInternalLogger.java:log(148)) - [id: 0xb2102f9d, L:/0:0:0:0:0:0:0:0:44975] CLOSE
2022-12-22 10:15:03,045 [1a836199-4b37-4331-b3d7-01d1c65ae166-NettyServerStreamRpc-bossGroup--thread1] INFO  logging.LoggingHandler (AbstractInternalLogger.java:log(148)) - [id: 0xb2102f9d, L:/0:0:0:0:0:0:0:0:44975] INACTIVE
2022-12-22 10:15:03,045 [1a836199-4b37-4331-b3d7-01d1c65ae166-NettyServerStreamRpc-bossGroup--thread1] INFO  logging.LoggingHandler (AbstractInternalLogger.java:log(148)) - [id: 0xb2102f9d, L:/0:0:0:0:0:0:0:0:44975] UNREGISTERED
2022-12-22 10:15:03,067 [1a836199-4b37-4331-b3d7-01d1c65ae166-impl-thread3] INFO  segmented.SegmentedRaftLogWorker (SegmentedRaftLogWorker.java:close(257)) - 1a836199-4b37-4331-b3d7-01d1c65ae166@group-187AFB726811-SegmentedRaftLogWorker close()
2022-12-22 10:15:03,067 [1a836199-4b37-4331-b3d7-01d1c65ae166-impl-thread1] INFO  segmented.SegmentedRaftLogWorker (SegmentedRaftLogWorker.java:close(257)) - 1a836199-4b37-4331-b3d7-01d1c65ae166@group-383C0469F232-SegmentedRaftLogWorker close()
2022-12-22 10:15:03,067 [1a836199-4b37-4331-b3d7-01d1c65ae166-impl-thread2] INFO  segmented.SegmentedRaftLogWorker (SegmentedRaftLogWorker.java:close(257)) - 1a836199-4b37-4331-b3d7-01d1c65ae166@group-C8306A3C8920-SegmentedRaftLogWorker close()
2022-12-22 10:15:03,077 [JvmPauseMonitor12] INFO  util.JvmPauseMonitor (JvmPauseMonitor.java:run(111)) - JvmPauseMonitor-1a836199-4b37-4331-b3d7-01d1c65ae166: Stopped
2022-12-22 10:15:03,478 [Listener at 127.0.0.1/33227] INFO  ozoneimpl.OzoneContainer (OzoneContainer.java:stop(417)) - Attempting to stop container services.
2022-12-22 10:15:03,480 [Listener at 127.0.0.1/33227] INFO  server.RaftServer (RaftServerProxy.java:lambda$close$6(409)) - 4f5ae387-cd9a-40e6-b48a-d20f36d7a4c1: close
2022-12-22 10:15:03,480 [4f5ae387-cd9a-40e6-b48a-d20f36d7a4c1-impl-thread1] INFO  server.RaftServer$Division (RaftServerImpl.java:lambda$close$4(458)) - 4f5ae387-cd9a-40e6-b48a-d20f36d7a4c1@group-69E4BE56E5D8: shutdown
2022-12-22 10:15:03,480 [4f5ae387-cd9a-40e6-b48a-d20f36d7a4c1-impl-thread1] INFO  util.JmxRegister (JmxRegister.java:unregister(73)) - Successfully un-registered JMX Bean with object name Ratis:service=RaftServer,group=group-69E4BE56E5D8,id=4f5ae387-cd9a-40e6-b48a-d20f36d7a4c1
2022-12-22 10:15:03,481 [4f5ae387-cd9a-40e6-b48a-d20f36d7a4c1-impl-thread1] INFO  impl.RoleInfo (RoleInfo.java:shutdownLeaderState(93)) - 4f5ae387-cd9a-40e6-b48a-d20f36d7a4c1: shutdown 4f5ae387-cd9a-40e6-b48a-d20f36d7a4c1@group-69E4BE56E5D8-LeaderStateImpl
2022-12-22 10:15:03,481 [4f5ae387-cd9a-40e6-b48a-d20f36d7a4c1-impl-thread1] INFO  impl.PendingRequests (PendingRequests.java:sendNotLeaderResponses(282)) - 4f5ae387-cd9a-40e6-b48a-d20f36d7a4c1@group-69E4BE56E5D8-PendingRequests: sendNotLeaderResponses
2022-12-22 10:15:03,481 [4f5ae387-cd9a-40e6-b48a-d20f36d7a4c1-impl-thread1] INFO  impl.StateMachineUpdater (StateMachineUpdater.java:stopAndJoin(153)) - 4f5ae387-cd9a-40e6-b48a-d20f36d7a4c1@group-69E4BE56E5D8-StateMachineUpdater: set stopIndex = 0
2022-12-22 10:15:03,481 [4f5ae387-cd9a-40e6-b48a-d20f36d7a4c1@group-69E4BE56E5D8-StateMachineUpdater] INFO  ratis.ContainerStateMachine (ContainerStateMachine.java:takeSnapshot(308)) - group-69E4BE56E5D8: Taking a snapshot at:(t:1, i:0) file /home/runner/work/ozone/ozone/hadoop-ozone/integration-test/target/test-dir/MiniOzoneClusterImpl-e8789b07-7928-40b5-ad88-551b1740a89b/datanode-1/data/ratis/4ab9800c-b4db-4d68-b77f-69e4be56e5d8/sm/snapshot.1_0
2022-12-22 10:15:03,482 [4f5ae387-cd9a-40e6-b48a-d20f36d7a4c1@group-69E4BE56E5D8-StateMachineUpdater] INFO  ratis.ContainerStateMachine (ContainerStateMachine.java:takeSnapshot(319)) - group-69E4BE56E5D8: Finished taking a snapshot at:(t:1, i:0) file:/home/runner/work/ozone/ozone/hadoop-ozone/integration-test/target/test-dir/MiniOzoneClusterImpl-e8789b07-7928-40b5-ad88-551b1740a89b/datanode-1/data/ratis/4ab9800c-b4db-4d68-b77f-69e4be56e5d8/sm/snapshot.1_0 took: 0 ms
2022-12-22 10:15:03,482 [4f5ae387-cd9a-40e6-b48a-d20f36d7a4c1@group-69E4BE56E5D8-StateMachineUpdater] INFO  impl.StateMachineUpdater (StateMachineUpdater.java:takeSnapshot(287)) - 4f5ae387-cd9a-40e6-b48a-d20f36d7a4c1@group-69E4BE56E5D8-StateMachineUpdater: Took a snapshot at index 0
2022-12-22 10:15:03,482 [4f5ae387-cd9a-40e6-b48a-d20f36d7a4c1@group-69E4BE56E5D8-StateMachineUpdater] INFO  impl.StateMachineUpdater (StateMachineUpdater.java:lambda$new$0(92)) - 4f5ae387-cd9a-40e6-b48a-d20f36d7a4c1@group-69E4BE56E5D8-StateMachineUpdater: snapshotIndex: updateIncreasingly -1 -> 0
2022-12-22 10:15:03,482 [4f5ae387-cd9a-40e6-b48a-d20f36d7a4c1-impl-thread1] INFO  server.RaftServer$Division (ServerState.java:close(466)) - 4f5ae387-cd9a-40e6-b48a-d20f36d7a4c1@group-69E4BE56E5D8: closes. applyIndex: 0
2022-12-22 10:15:03,487 [4f5ae387-cd9a-40e6-b48a-d20f36d7a4c1@group-69E4BE56E5D8-SegmentedRaftLogWorker] INFO  segmented.SegmentedRaftLogWorker (SegmentedRaftLogWorker.java:run(347)) - 4f5ae387-cd9a-40e6-b48a-d20f36d7a4c1@group-69E4BE56E5D8-SegmentedRaftLogWorker was interrupted, exiting. There are 0 tasks remaining in the queue.
2022-12-22 10:15:03,487 [4f5ae387-cd9a-40e6-b48a-d20f36d7a4c1-impl-thread2] INFO  server.RaftServer$Division (RaftServerImpl.java:lambda$close$4(458)) - 4f5ae387-cd9a-40e6-b48a-d20f36d7a4c1@group-383C0469F232: shutdown
2022-12-22 10:15:03,487 [4f5ae387-cd9a-40e6-b48a-d20f36d7a4c1-impl-thread2] INFO  util.JmxRegister (JmxRegister.java:unregister(73)) - Successfully un-registered JMX Bean with object name Ratis:service=RaftServer,group=group-383C0469F232,id=4f5ae387-cd9a-40e6-b48a-d20f36d7a4c1
2022-12-22 10:15:03,487 [4f5ae387-cd9a-40e6-b48a-d20f36d7a4c1-impl-thread2] INFO  impl.RoleInfo (RoleInfo.java:shutdownLeaderState(93)) - 4f5ae387-cd9a-40e6-b48a-d20f36d7a4c1: shutdown 4f5ae387-cd9a-40e6-b48a-d20f36d7a4c1@group-383C0469F232-LeaderStateImpl
2022-12-22 10:15:03,487 [Listener at 127.0.0.1/33227] INFO  server.GrpcService (GrpcService.java:closeImpl(271)) - 4f5ae387-cd9a-40e6-b48a-d20f36d7a4c1: shutdown server GrpcServerProtocolService now
2022-12-22 10:15:03,488 [grpc-default-executor-6] WARN  server.GrpcServerProtocolService (LogUtils.java:warn(122)) - 4f5ae387-cd9a-40e6-b48a-d20f36d7a4c1: installSnapshot onError, lastRequest: null: org.apache.ratis.thirdparty.io.grpc.StatusRuntimeException: CANCELLED: client cancelled
2022-12-22 10:15:03,489 [grpc-default-executor-4] WARN  server.GrpcServerProtocolService (LogUtils.java:warn(122)) - 4f5ae387-cd9a-40e6-b48a-d20f36d7a4c1: installSnapshot onError, lastRequest: 5eea0695-258d-4fe7-9f47-897f5bd73bdb->4f5ae387-cd9a-40e6-b48a-d20f36d7a4c1#1-t1,previous=(t:0, i:0),leaderCommit=-1,initializing? true,entries: size=1, first=(t:1, i:0), CONFIGURATIONENTRY(current:id: "4f5ae387-cd9a-40e6-b48a-d20f36d7a4c1"
address: "127.0.0.1:43977"
dataStreamAddress: "127.0.0.1:40347"
clientAddress: "127.0.0.1:43977"
adminAddress: "127.0.0.1:43977"
startupRole: FOLLOWER
,id: "5eea0695-258d-4fe7-9f47-897f5bd73bdb"
address: "127.0.0.1:36371"
priority: 1
dataStreamAddress: "127.0.0.1:38343"
clientAddress: "127.0.0.1:36371"
adminAddress: "127.0.0.1:36371"
startupRole: FOLLOWER
,id: "1a836199-4b37-4331-b3d7-01d1c65ae166"
address: "127.0.0.1:35593"
dataStreamAddress: "127.0.0.1:44975"
clientAddress: "127.0.0.1:35593"
adminAddress: "127.0.0.1:35593"
startupRole: FOLLOWER
, old:): org.apache.ratis.thirdparty.io.grpc.StatusRuntimeException: CANCELLED: client cancelled
2022-12-22 10:15:03,490 [grpc-default-executor-2] INFO  server.GrpcServerProtocolService (GrpcServerProtocolService.java:onCompleted(143)) - 5eea0695-258d-4fe7-9f47-897f5bd73bdb: Completed APPEND_ENTRIES, lastRequest: null
2022-12-22 10:15:03,490 [4f5ae387-cd9a-40e6-b48a-d20f36d7a4c1-impl-thread2] INFO  impl.PendingRequests (PendingRequests.java:sendNotLeaderResponses(282)) - 4f5ae387-cd9a-40e6-b48a-d20f36d7a4c1@group-383C0469F232-PendingRequests: sendNotLeaderResponses
2022-12-22 10:15:03,490 [grpc-default-executor-3] INFO  server.GrpcServerProtocolService (GrpcServerProtocolService.java:onCompleted(143)) - 5eea0695-258d-4fe7-9f47-897f5bd73bdb: Completed APPEND_ENTRIES, lastRequest: 4f5ae387-cd9a-40e6-b48a-d20f36d7a4c1->5eea0695-258d-4fe7-9f47-897f5bd73bdb#1-t1,previous=(t:0, i:0),leaderCommit=0,initializing? true,entries: size=1, first=(t:1, i:0), CONFIGURATIONENTRY(current:id: "4f5ae387-cd9a-40e6-b48a-d20f36d7a4c1"
address: "127.0.0.1:43977"
priority: 1
dataStreamAddress: "127.0.0.1:40347"
clientAddress: "127.0.0.1:43977"
adminAddress: "127.0.0.1:43977"
startupRole: FOLLOWER
,id: "5eea0695-258d-4fe7-9f47-897f5bd73bdb"
address: "127.0.0.1:36371"
dataStreamAddress: "127.0.0.1:38343"
clientAddress: "127.0.0.1:36371"
adminAddress: "127.0.0.1:36371"
startupRole: FOLLOWER
,id: "1a836199-4b37-4331-b3d7-01d1c65ae166"
address: "127.0.0.1:35593"
dataStreamAddress: "127.0.0.1:44975"
clientAddress: "127.0.0.1:35593"
adminAddress: "127.0.0.1:35593"
startupRole: FOLLOWER
, old:)
2022-12-22 10:15:03,492 [4f5ae387-cd9a-40e6-b48a-d20f36d7a4c1-impl-thread2] INFO  impl.StateMachineUpdater (StateMachineUpdater.java:stopAndJoin(153)) - 4f5ae387-cd9a-40e6-b48a-d20f36d7a4c1@group-383C0469F232-StateMachineUpdater: set stopIndex = 0
2022-12-22 10:15:03,492 [Listener at 127.0.0.1/33227] INFO  server.GrpcServerProtocolClient (GrpcServerProtocolClient.java:close(101)) - 5eea0695-258d-4fe7-9f47-897f5bd73bdb Close channels
2022-12-22 10:15:03,492 [4f5ae387-cd9a-40e6-b48a-d20f36d7a4c1-impl-thread1] INFO  segmented.SegmentedRaftLogWorker (SegmentedRaftLogWorker.java:close(257)) - 4f5ae387-cd9a-40e6-b48a-d20f36d7a4c1@group-69E4BE56E5D8-SegmentedRaftLogWorker close()
2022-12-22 10:15:03,497 [4f5ae387-cd9a-40e6-b48a-d20f36d7a4c1-impl-thread3] INFO  server.RaftServer$Division (RaftServerImpl.java:lambda$close$4(458)) - 4f5ae387-cd9a-40e6-b48a-d20f36d7a4c1@group-187AFB726811: shutdown
2022-12-22 10:15:03,497 [4f5ae387-cd9a-40e6-b48a-d20f36d7a4c1-impl-thread3] INFO  util.JmxRegister (JmxRegister.java:unregister(73)) - Successfully un-registered JMX Bean with object name Ratis:service=RaftServer,group=group-187AFB726811,id=4f5ae387-cd9a-40e6-b48a-d20f36d7a4c1
2022-12-22 10:15:03,497 [4f5ae387-cd9a-40e6-b48a-d20f36d7a4c1-impl-thread3] INFO  impl.RoleInfo (RoleInfo.java:shutdownFollowerState(110)) - 4f5ae387-cd9a-40e6-b48a-d20f36d7a4c1: shutdown 4f5ae387-cd9a-40e6-b48a-d20f36d7a4c1@group-187AFB726811-FollowerState
2022-12-22 10:15:03,497 [4f5ae387-cd9a-40e6-b48a-d20f36d7a4c1@group-187AFB726811-StateMachineUpdater] INFO  ratis.ContainerStateMachine (ContainerStateMachine.java:takeSnapshot(308)) - group-187AFB726811: Taking a snapshot at:(t:1, i:0) file /home/runner/work/ozone/ozone/hadoop-ozone/integration-test/target/test-dir/MiniOzoneClusterImpl-e8789b07-7928-40b5-ad88-551b1740a89b/datanode-1/data/ratis/4285de77-48eb-4694-a90b-187afb726811/sm/snapshot.1_0
2022-12-22 10:15:03,497 [4f5ae387-cd9a-40e6-b48a-d20f36d7a4c1@group-383C0469F232-StateMachineUpdater] INFO  ratis.ContainerStateMachine (ContainerStateMachine.java:takeSnapshot(308)) - group-383C0469F232: Taking a snapshot at:(t:1, i:0) file /home/runner/work/ozone/ozone/hadoop-ozone/integration-test/target/test-dir/MiniOzoneClusterImpl-e8789b07-7928-40b5-ad88-551b1740a89b/datanode-1/data/ratis/0266e62d-c65e-4d02-9c54-383c0469f232/sm/snapshot.1_0
2022-12-22 10:15:03,497 [4f5ae387-cd9a-40e6-b48a-d20f36d7a4c1-impl-thread3] INFO  impl.StateMachineUpdater (StateMachineUpdater.java:stopAndJoin(153)) - 4f5ae387-cd9a-40e6-b48a-d20f36d7a4c1@group-187AFB726811-StateMachineUpdater: set stopIndex = 0
2022-12-22 10:15:03,497 [4f5ae387-cd9a-40e6-b48a-d20f36d7a4c1@group-187AFB726811-StateMachineUpdater] INFO  ratis.ContainerStateMachine (ContainerStateMachine.java:takeSnapshot(319)) - group-187AFB726811: Finished taking a snapshot at:(t:1, i:0) file:/home/runner/work/ozone/ozone/hadoop-ozone/integration-test/target/test-dir/MiniOzoneClusterImpl-e8789b07-7928-40b5-ad88-551b1740a89b/datanode-1/data/ratis/4285de77-48eb-4694-a90b-187afb726811/sm/snapshot.1_0 took: 0 ms
2022-12-22 10:15:03,498 [4f5ae387-cd9a-40e6-b48a-d20f36d7a4c1@group-187AFB726811-StateMachineUpdater] INFO  impl.StateMachineUpdater (StateMachineUpdater.java:takeSnapshot(287)) - 4f5ae387-cd9a-40e6-b48a-d20f36d7a4c1@group-187AFB726811-StateMachineUpdater: Took a snapshot at index 0
2022-12-22 10:15:03,499 [4f5ae387-cd9a-40e6-b48a-d20f36d7a4c1@group-187AFB726811-StateMachineUpdater] INFO  impl.StateMachineUpdater (StateMachineUpdater.java:lambda$new$0(92)) - 4f5ae387-cd9a-40e6-b48a-d20f36d7a4c1@group-187AFB726811-StateMachineUpdater: snapshotIndex: updateIncreasingly -1 -> 0
2022-12-22 10:15:03,499 [4f5ae387-cd9a-40e6-b48a-d20f36d7a4c1-impl-thread3] INFO  server.RaftServer$Division (ServerState.java:close(466)) - 4f5ae387-cd9a-40e6-b48a-d20f36d7a4c1@group-187AFB726811: closes. applyIndex: 0
2022-12-22 10:15:03,497 [4f5ae387-cd9a-40e6-b48a-d20f36d7a4c1@group-187AFB726811-FollowerState] INFO  impl.FollowerState (FollowerState.java:run(152)) - 4f5ae387-cd9a-40e6-b48a-d20f36d7a4c1@group-187AFB726811-FollowerState was interrupted
2022-12-22 10:15:03,499 [4f5ae387-cd9a-40e6-b48a-d20f36d7a4c1@group-187AFB726811-SegmentedRaftLogWorker] INFO  segmented.SegmentedRaftLogWorker (SegmentedRaftLogWorker.java:run(347)) - 4f5ae387-cd9a-40e6-b48a-d20f36d7a4c1@group-187AFB726811-SegmentedRaftLogWorker was interrupted, exiting. There are 0 tasks remaining in the queue.
2022-12-22 10:15:03,499 [4f5ae387-cd9a-40e6-b48a-d20f36d7a4c1@group-383C0469F232-StateMachineUpdater] INFO  ratis.ContainerStateMachine (ContainerStateMachine.java:takeSnapshot(319)) - group-383C0469F232: Finished taking a snapshot at:(t:1, i:0) file:/home/runner/work/ozone/ozone/hadoop-ozone/integration-test/target/test-dir/MiniOzoneClusterImpl-e8789b07-7928-40b5-ad88-551b1740a89b/datanode-1/data/ratis/0266e62d-c65e-4d02-9c54-383c0469f232/sm/snapshot.1_0 took: 2 ms
2022-12-22 10:15:03,500 [4f5ae387-cd9a-40e6-b48a-d20f36d7a4c1-impl-thread3] INFO  segmented.SegmentedRaftLogWorker (SegmentedRaftLogWorker.java:close(257)) - 4f5ae387-cd9a-40e6-b48a-d20f36d7a4c1@group-187AFB726811-SegmentedRaftLogWorker close()
2022-12-22 10:15:03,507 [4f5ae387-cd9a-40e6-b48a-d20f36d7a4c1@group-383C0469F232-StateMachineUpdater] INFO  impl.StateMachineUpdater (StateMachineUpdater.java:takeSnapshot(287)) - 4f5ae387-cd9a-40e6-b48a-d20f36d7a4c1@group-383C0469F232-StateMachineUpdater: Took a snapshot at index 0
2022-12-22 10:15:03,507 [4f5ae387-cd9a-40e6-b48a-d20f36d7a4c1@group-383C0469F232-StateMachineUpdater] INFO  impl.StateMachineUpdater (StateMachineUpdater.java:lambda$new$0(92)) - 4f5ae387-cd9a-40e6-b48a-d20f36d7a4c1@group-383C0469F232-StateMachineUpdater: snapshotIndex: updateIncreasingly -1 -> 0
2022-12-22 10:15:03,513 [Listener at 127.0.0.1/33227] INFO  server.GrpcServerProtocolClient (GrpcServerProtocolClient.java:close(101)) - 1a836199-4b37-4331-b3d7-01d1c65ae166 Close channels
2022-12-22 10:15:03,514 [4f5ae387-cd9a-40e6-b48a-d20f36d7a4c1-impl-thread2] INFO  server.RaftServer$Division (ServerState.java:close(466)) - 4f5ae387-cd9a-40e6-b48a-d20f36d7a4c1@group-383C0469F232: closes. applyIndex: 0
2022-12-22 10:15:03,516 [4f5ae387-cd9a-40e6-b48a-d20f36d7a4c1@group-383C0469F232-SegmentedRaftLogWorker] INFO  segmented.SegmentedRaftLogWorker (SegmentedRaftLogWorker.java:run(347)) - 4f5ae387-cd9a-40e6-b48a-d20f36d7a4c1@group-383C0469F232-SegmentedRaftLogWorker was interrupted, exiting. There are 0 tasks remaining in the queue.
2022-12-22 10:15:03,518 [Listener at 127.0.0.1/33227] INFO  server.GrpcService (GrpcService.java:closeImpl(280)) - 4f5ae387-cd9a-40e6-b48a-d20f36d7a4c1: shutdown server GrpcServerProtocolService successfully
2022-12-22 10:15:03,518 [4f5ae387-cd9a-40e6-b48a-d20f36d7a4c1-NettyServerStreamRpc-bossGroup--thread1] INFO  logging.LoggingHandler (AbstractInternalLogger.java:log(148)) - [id: 0x434b7243, L:/0:0:0:0:0:0:0:0:40347] CLOSE
2022-12-22 10:15:03,518 [4f5ae387-cd9a-40e6-b48a-d20f36d7a4c1-NettyServerStreamRpc-bossGroup--thread1] INFO  logging.LoggingHandler (AbstractInternalLogger.java:log(148)) - [id: 0x434b7243, L:/0:0:0:0:0:0:0:0:40347] INACTIVE
2022-12-22 10:15:03,518 [4f5ae387-cd9a-40e6-b48a-d20f36d7a4c1-NettyServerStreamRpc-bossGroup--thread1] INFO  logging.LoggingHandler (AbstractInternalLogger.java:log(148)) - [id: 0x434b7243, L:/0:0:0:0:0:0:0:0:40347] UNREGISTERED
2022-12-22 10:15:03,526 [4f5ae387-cd9a-40e6-b48a-d20f36d7a4c1-impl-thread2] INFO  segmented.SegmentedRaftLogWorker (SegmentedRaftLogWorker.java:close(257)) - 4f5ae387-cd9a-40e6-b48a-d20f36d7a4c1@group-383C0469F232-SegmentedRaftLogWorker close()
2022-12-22 10:15:03,530 [JvmPauseMonitor13] INFO  util.JvmPauseMonitor (JvmPauseMonitor.java:run(111)) - JvmPauseMonitor-4f5ae387-cd9a-40e6-b48a-d20f36d7a4c1: Stopped
2022-12-22 10:15:04,014 [EndpointStateMachine task thread for /127.0.0.1:43945 - 0 ] INFO  ipc.Client (Client.java:handleConnectionFailure(1010)) - Retrying connect to server: localhost/127.0.0.1:43945. Already tried 1 time(s); retry policy is RetryUpToMaximumCountWithFixedSleep(maxRetries=15, sleepTime=1000 MILLISECONDS)
2022-12-22 10:15:04,016 [EndpointStateMachine task thread for /127.0.0.1:42129 - 0 ] INFO  ipc.Client (Client.java:handleConnectionFailure(1010)) - Retrying connect to server: localhost/127.0.0.1:42129. Already tried 7 time(s); retry policy is RetryUpToMaximumCountWithFixedSleep(maxRetries=15, sleepTime=1000 MILLISECONDS)
2022-12-22 10:15:05,014 [EndpointStateMachine task thread for /127.0.0.1:43945 - 0 ] INFO  ipc.Client (Client.java:handleConnectionFailure(1010)) - Retrying connect to server: localhost/127.0.0.1:43945. Already tried 2 time(s); retry policy is RetryUpToMaximumCountWithFixedSleep(maxRetries=15, sleepTime=1000 MILLISECONDS)
2022-12-22 10:15:05,016 [EndpointStateMachine task thread for /127.0.0.1:42129 - 0 ] INFO  ipc.Client (Client.java:handleConnectionFailure(1010)) - Retrying connect to server: localhost/127.0.0.1:42129. Already tried 8 time(s); retry policy is RetryUpToMaximumCountWithFixedSleep(maxRetries=15, sleepTime=1000 MILLISECONDS)
2022-12-22 10:15:05,101 [ForkJoinPool.commonPool-worker-0] INFO  volume.HddsVolume (HddsVolume.java:closeDbStore(338)) - SchemaV3 db is stopped at /home/runner/work/ozone/ozone/hadoop-ozone/integration-test/target/test-dir/MiniOzoneClusterImpl-e8789b07-7928-40b5-ad88-551b1740a89b/datanode-0/data-0/containers/hdds/e8789b07-7928-40b5-ad88-551b1740a89b/DS-fe63d6d9-fa1e-4b2b-b981-6afcb0ece25c/container.db for volume DS-fe63d6d9-fa1e-4b2b-b981-6afcb0ece25c
2022-12-22 10:15:05,101 [ForkJoinPool.commonPool-worker-0] INFO  utils.BackgroundService (BackgroundService.java:shutdown(141)) - Shutting down service BlockDeletingService
2022-12-22 10:15:05,105 [ForkJoinPool.commonPool-worker-0] INFO  utils.BackgroundService (BackgroundService.java:shutdown(141)) - Shutting down service StaleRecoveringContainerScrubbingService
2022-12-22 10:15:05,121 [ForkJoinPool.commonPool-worker-0] INFO  statemachine.DatanodeStateMachine (DatanodeStateMachine.java:stopDaemon(596)) - Ozone container server stopped.
2022-12-22 10:15:05,129 [ForkJoinPool.commonPool-worker-0] INFO  handler.ContextHandler (ContextHandler.java:doStop(1159)) - Stopped o.e.j.w.WebAppContext@636fdfa0{hddsDatanode,/,null,STOPPED}{jar:file:/home/runner/.m2/repository/org/apache/ozone/hdds-container-service/1.3.0-SNAPSHOT/hdds-container-service-1.3.0-SNAPSHOT.jar!/webapps/hddsDatanode}
2022-12-22 10:15:05,129 [ForkJoinPool.commonPool-worker-0] INFO  server.AbstractConnector (AbstractConnector.java:doStop(383)) - Stopped ServerConnector@7e894971{HTTP/1.1, (http/1.1)}{0.0.0.0:0}
2022-12-22 10:15:05,129 [ForkJoinPool.commonPool-worker-0] INFO  server.session (HouseKeeper.java:stopScavenging(149)) - node0 Stopped scavenging
2022-12-22 10:15:05,130 [ForkJoinPool.commonPool-worker-0] INFO  handler.ContextHandler (ContextHandler.java:doStop(1159)) - Stopped o.e.j.s.ServletContextHandler@3625386f{static,/static,jar:file:/home/runner/.m2/repository/org/apache/ozone/hdds-container-service/1.3.0-SNAPSHOT/hdds-container-service-1.3.0-SNAPSHOT.jar!/webapps/static,STOPPED}
2022-12-22 10:15:05,130 [ForkJoinPool.commonPool-worker-0] INFO  handler.ContextHandler (ContextHandler.java:doStop(1159)) - Stopped o.e.j.s.ServletContextHandler@3f7ec3ff{logs,/logs,file:///home/runner/work/ozone/ozone/hadoop-ozone/integration-test/target/log,STOPPED}
2022-12-22 10:15:05,545 [Listener at 127.0.0.1/33227] INFO  volume.HddsVolume (HddsVolume.java:closeDbStore(338)) - SchemaV3 db is stopped at /home/runner/work/ozone/ozone/hadoop-ozone/integration-test/target/test-dir/MiniOzoneClusterImpl-e8789b07-7928-40b5-ad88-551b1740a89b/datanode-1/data-0/containers/hdds/e8789b07-7928-40b5-ad88-551b1740a89b/DS-3595d345-7eaf-46cd-a0ea-1f182f17488d/container.db for volume DS-3595d345-7eaf-46cd-a0ea-1f182f17488d
2022-12-22 10:15:05,545 [Listener at 127.0.0.1/33227] INFO  utils.BackgroundService (BackgroundService.java:shutdown(141)) - Shutting down service BlockDeletingService
2022-12-22 10:15:05,546 [Listener at 127.0.0.1/33227] INFO  utils.BackgroundService (BackgroundService.java:shutdown(141)) - Shutting down service StaleRecoveringContainerScrubbingService
2022-12-22 10:15:05,549 [Listener at 127.0.0.1/33227] INFO  statemachine.DatanodeStateMachine (DatanodeStateMachine.java:stopDaemon(596)) - Ozone container server stopped.
2022-12-22 10:15:05,563 [Listener at 127.0.0.1/33227] INFO  handler.ContextHandler (ContextHandler.java:doStop(1159)) - Stopped o.e.j.w.WebAppContext@52f02cc6{hddsDatanode,/,null,STOPPED}{jar:file:/home/runner/.m2/repository/org/apache/ozone/hdds-container-service/1.3.0-SNAPSHOT/hdds-container-service-1.3.0-SNAPSHOT.jar!/webapps/hddsDatanode}
2022-12-22 10:15:05,564 [Listener at 127.0.0.1/33227] INFO  server.AbstractConnector (AbstractConnector.java:doStop(383)) - Stopped ServerConnector@5c4429e7{HTTP/1.1, (http/1.1)}{0.0.0.0:0}
2022-12-22 10:15:05,564 [Listener at 127.0.0.1/33227] INFO  server.session (HouseKeeper.java:stopScavenging(149)) - node0 Stopped scavenging
2022-12-22 10:15:05,564 [Listener at 127.0.0.1/33227] INFO  handler.ContextHandler (ContextHandler.java:doStop(1159)) - Stopped o.e.j.s.ServletContextHandler@6e9fb099{static,/static,jar:file:/home/runner/.m2/repository/org/apache/ozone/hdds-container-service/1.3.0-SNAPSHOT/hdds-container-service-1.3.0-SNAPSHOT.jar!/webapps/static,STOPPED}
2022-12-22 10:15:05,564 [Listener at 127.0.0.1/33227] INFO  handler.ContextHandler (ContextHandler.java:doStop(1159)) - Stopped o.e.j.s.ServletContextHandler@63c388fd{logs,/logs,file:///home/runner/work/ozone/ozone/hadoop-ozone/integration-test/target/log,STOPPED}
2022-12-22 10:15:06,011 [ForkJoinPool.commonPool-worker-0] INFO  ozoneimpl.OzoneContainer (OzoneContainer.java:stop(417)) - Attempting to stop container services.
2022-12-22 10:15:06,012 [ForkJoinPool.commonPool-worker-0] INFO  server.RaftServer (RaftServerProxy.java:lambda$close$6(409)) - 5eea0695-258d-4fe7-9f47-897f5bd73bdb: close
2022-12-22 10:15:06,012 [5eea0695-258d-4fe7-9f47-897f5bd73bdb-impl-thread1] INFO  server.RaftServer$Division (RaftServerImpl.java:lambda$close$4(458)) - 5eea0695-258d-4fe7-9f47-897f5bd73bdb@group-383C0469F232: shutdown
2022-12-22 10:15:06,012 [5eea0695-258d-4fe7-9f47-897f5bd73bdb-impl-thread1] INFO  util.JmxRegister (JmxRegister.java:unregister(73)) - Successfully un-registered JMX Bean with object name Ratis:service=RaftServer,group=group-383C0469F232,id=5eea0695-258d-4fe7-9f47-897f5bd73bdb
2022-12-22 10:15:06,012 [5eea0695-258d-4fe7-9f47-897f5bd73bdb-impl-thread1] INFO  impl.RoleInfo (RoleInfo.java:shutdownFollowerState(110)) - 5eea0695-258d-4fe7-9f47-897f5bd73bdb: shutdown 5eea0695-258d-4fe7-9f47-897f5bd73bdb@group-383C0469F232-FollowerState
2022-12-22 10:15:06,015 [EndpointStateMachine task thread for /127.0.0.1:43945 - 0 ] INFO  ipc.Client (Client.java:handleConnectionFailure(1010)) - Retrying connect to server: localhost/127.0.0.1:43945. Already tried 3 time(s); retry policy is RetryUpToMaximumCountWithFixedSleep(maxRetries=15, sleepTime=1000 MILLISECONDS)
2022-12-22 10:15:06,017 [EndpointStateMachine task thread for /127.0.0.1:42129 - 0 ] INFO  ipc.Client (Client.java:handleConnectionFailure(1010)) - Retrying connect to server: localhost/127.0.0.1:42129. Already tried 9 time(s); retry policy is RetryUpToMaximumCountWithFixedSleep(maxRetries=15, sleepTime=1000 MILLISECONDS)
2022-12-22 10:15:06,021 [ForkJoinPool.commonPool-worker-0] INFO  server.GrpcService (GrpcService.java:closeImpl(271)) - 5eea0695-258d-4fe7-9f47-897f5bd73bdb: shutdown server GrpcServerProtocolService now
2022-12-22 10:15:06,021 [5eea0695-258d-4fe7-9f47-897f5bd73bdb-impl-thread2] INFO  server.RaftServer$Division (RaftServerImpl.java:lambda$close$4(458)) - 5eea0695-258d-4fe7-9f47-897f5bd73bdb@group-F95FFF696D63: shutdown
2022-12-22 10:15:06,021 [5eea0695-258d-4fe7-9f47-897f5bd73bdb-impl-thread1] INFO  impl.StateMachineUpdater (StateMachineUpdater.java:stopAndJoin(153)) - 5eea0695-258d-4fe7-9f47-897f5bd73bdb@group-383C0469F232-StateMachineUpdater: set stopIndex = 0
2022-12-22 10:15:06,021 [5eea0695-258d-4fe7-9f47-897f5bd73bdb-impl-thread2] INFO  util.JmxRegister (JmxRegister.java:unregister(73)) - Successfully un-registered JMX Bean with object name Ratis:service=RaftServer,group=group-F95FFF696D63,id=5eea0695-258d-4fe7-9f47-897f5bd73bdb
2022-12-22 10:15:06,021 [5eea0695-258d-4fe7-9f47-897f5bd73bdb-impl-thread2] INFO  impl.RoleInfo (RoleInfo.java:shutdownLeaderState(93)) - 5eea0695-258d-4fe7-9f47-897f5bd73bdb: shutdown 5eea0695-258d-4fe7-9f47-897f5bd73bdb@group-F95FFF696D63-LeaderStateImpl
2022-12-22 10:15:06,021 [5eea0695-258d-4fe7-9f47-897f5bd73bdb-impl-thread2] INFO  impl.PendingRequests (PendingRequests.java:sendNotLeaderResponses(282)) - 5eea0695-258d-4fe7-9f47-897f5bd73bdb@group-F95FFF696D63-PendingRequests: sendNotLeaderResponses
2022-12-22 10:15:06,021 [5eea0695-258d-4fe7-9f47-897f5bd73bdb@group-383C0469F232-FollowerState] INFO  impl.FollowerState (FollowerState.java:run(152)) - 5eea0695-258d-4fe7-9f47-897f5bd73bdb@group-383C0469F232-FollowerState was interrupted
2022-12-22 10:15:06,021 [5eea0695-258d-4fe7-9f47-897f5bd73bdb-impl-thread3] INFO  server.RaftServer$Division (RaftServerImpl.java:lambda$close$4(458)) - 5eea0695-258d-4fe7-9f47-897f5bd73bdb@group-187AFB726811: shutdown
2022-12-22 10:15:06,021 [5eea0695-258d-4fe7-9f47-897f5bd73bdb-impl-thread2] INFO  impl.StateMachineUpdater (StateMachineUpdater.java:stopAndJoin(153)) - 5eea0695-258d-4fe7-9f47-897f5bd73bdb@group-F95FFF696D63-StateMachineUpdater: set stopIndex = 0
2022-12-22 10:15:06,021 [5eea0695-258d-4fe7-9f47-897f5bd73bdb-impl-thread3] INFO  util.JmxRegister (JmxRegister.java:unregister(73)) - Successfully un-registered JMX Bean with object name Ratis:service=RaftServer,group=group-187AFB726811,id=5eea0695-258d-4fe7-9f47-897f5bd73bdb
2022-12-22 10:15:06,021 [5eea0695-258d-4fe7-9f47-897f5bd73bdb-impl-thread3] INFO  impl.RoleInfo (RoleInfo.java:shutdownLeaderState(93)) - 5eea0695-258d-4fe7-9f47-897f5bd73bdb: shutdown 5eea0695-258d-4fe7-9f47-897f5bd73bdb@group-187AFB726811-LeaderStateImpl
2022-12-22 10:15:06,021 [5eea0695-258d-4fe7-9f47-897f5bd73bdb-impl-thread3] INFO  impl.PendingRequests (PendingRequests.java:sendNotLeaderResponses(282)) - 5eea0695-258d-4fe7-9f47-897f5bd73bdb@group-187AFB726811-PendingRequests: sendNotLeaderResponses
2022-12-22 10:15:06,021 [5eea0695-258d-4fe7-9f47-897f5bd73bdb@group-383C0469F232-StateMachineUpdater] INFO  ratis.ContainerStateMachine (ContainerStateMachine.java:takeSnapshot(308)) - group-383C0469F232: Taking a snapshot at:(t:1, i:0) file /home/runner/work/ozone/ozone/hadoop-ozone/integration-test/target/test-dir/MiniOzoneClusterImpl-e8789b07-7928-40b5-ad88-551b1740a89b/datanode-2/data/ratis/0266e62d-c65e-4d02-9c54-383c0469f232/sm/snapshot.1_0
2022-12-22 10:15:06,021 [5eea0695-258d-4fe7-9f47-897f5bd73bdb-impl-thread3] INFO  impl.StateMachineUpdater (StateMachineUpdater.java:stopAndJoin(153)) - 5eea0695-258d-4fe7-9f47-897f5bd73bdb@group-187AFB726811-StateMachineUpdater: set stopIndex = 0
2022-12-22 10:15:06,025 [5eea0695-258d-4fe7-9f47-897f5bd73bdb@group-383C0469F232-StateMachineUpdater] INFO  ratis.ContainerStateMachine (ContainerStateMachine.java:takeSnapshot(319)) - group-383C0469F232: Finished taking a snapshot at:(t:1, i:0) file:/home/runner/work/ozone/ozone/hadoop-ozone/integration-test/target/test-dir/MiniOzoneClusterImpl-e8789b07-7928-40b5-ad88-551b1740a89b/datanode-2/data/ratis/0266e62d-c65e-4d02-9c54-383c0469f232/sm/snapshot.1_0 took: 4 ms
2022-12-22 10:15:06,025 [ForkJoinPool.commonPool-worker-0] INFO  server.GrpcServerProtocolClient (GrpcServerProtocolClient.java:close(101)) - 4f5ae387-cd9a-40e6-b48a-d20f36d7a4c1 Close channels
2022-12-22 10:15:06,025 [5eea0695-258d-4fe7-9f47-897f5bd73bdb@group-383C0469F232-StateMachineUpdater] INFO  impl.StateMachineUpdater (StateMachineUpdater.java:takeSnapshot(287)) - 5eea0695-258d-4fe7-9f47-897f5bd73bdb@group-383C0469F232-StateMachineUpdater: Took a snapshot at index 0
2022-12-22 10:15:06,025 [5eea0695-258d-4fe7-9f47-897f5bd73bdb@group-383C0469F232-StateMachineUpdater] INFO  impl.StateMachineUpdater (StateMachineUpdater.java:lambda$new$0(92)) - 5eea0695-258d-4fe7-9f47-897f5bd73bdb@group-383C0469F232-StateMachineUpdater: snapshotIndex: updateIncreasingly -1 -> 0
2022-12-22 10:15:06,026 [5eea0695-258d-4fe7-9f47-897f5bd73bdb@group-187AFB726811-StateMachineUpdater] INFO  ratis.ContainerStateMachine (ContainerStateMachine.java:takeSnapshot(308)) - group-187AFB726811: Taking a snapshot at:(t:1, i:0) file /home/runner/work/ozone/ozone/hadoop-ozone/integration-test/target/test-dir/MiniOzoneClusterImpl-e8789b07-7928-40b5-ad88-551b1740a89b/datanode-2/data/ratis/4285de77-48eb-4694-a90b-187afb726811/sm/snapshot.1_0
2022-12-22 10:15:06,026 [5eea0695-258d-4fe7-9f47-897f5bd73bdb-impl-thread1] INFO  server.RaftServer$Division (ServerState.java:close(466)) - 5eea0695-258d-4fe7-9f47-897f5bd73bdb@group-383C0469F232: closes. applyIndex: 0
2022-12-22 10:15:06,026 [5eea0695-258d-4fe7-9f47-897f5bd73bdb@group-F95FFF696D63-StateMachineUpdater] INFO  ratis.ContainerStateMachine (ContainerStateMachine.java:takeSnapshot(308)) - group-F95FFF696D63: Taking a snapshot at:(t:1, i:0) file /home/runner/work/ozone/ozone/hadoop-ozone/integration-test/target/test-dir/MiniOzoneClusterImpl-e8789b07-7928-40b5-ad88-551b1740a89b/datanode-2/data/ratis/8a9fff7e-4ef7-46b2-9e7d-f95fff696d63/sm/snapshot.1_0
2022-12-22 10:15:06,033 [ForkJoinPool.commonPool-worker-0] INFO  server.GrpcServerProtocolClient (GrpcServerProtocolClient.java:close(101)) - 1a836199-4b37-4331-b3d7-01d1c65ae166 Close channels
2022-12-22 10:15:06,033 [5eea0695-258d-4fe7-9f47-897f5bd73bdb@group-383C0469F232-SegmentedRaftLogWorker] INFO  segmented.SegmentedRaftLogWorker (SegmentedRaftLogWorker.java:run(347)) - 5eea0695-258d-4fe7-9f47-897f5bd73bdb@group-383C0469F232-SegmentedRaftLogWorker was interrupted, exiting. There are 0 tasks remaining in the queue.
2022-12-22 10:15:06,033 [5eea0695-258d-4fe7-9f47-897f5bd73bdb@group-187AFB726811-StateMachineUpdater] INFO  ratis.ContainerStateMachine (ContainerStateMachine.java:takeSnapshot(319)) - group-187AFB726811: Finished taking a snapshot at:(t:1, i:0) file:/home/runner/work/ozone/ozone/hadoop-ozone/integration-test/target/test-dir/MiniOzoneClusterImpl-e8789b07-7928-40b5-ad88-551b1740a89b/datanode-2/data/ratis/4285de77-48eb-4694-a90b-187afb726811/sm/snapshot.1_0 took: 7 ms
2022-12-22 10:15:06,033 [5eea0695-258d-4fe7-9f47-897f5bd73bdb@group-F95FFF696D63-StateMachineUpdater] INFO  ratis.ContainerStateMachine (ContainerStateMachine.java:takeSnapshot(319)) - group-F95FFF696D63: Finished taking a snapshot at:(t:1, i:0) file:/home/runner/work/ozone/ozone/hadoop-ozone/integration-test/target/test-dir/MiniOzoneClusterImpl-e8789b07-7928-40b5-ad88-551b1740a89b/datanode-2/data/ratis/8a9fff7e-4ef7-46b2-9e7d-f95fff696d63/sm/snapshot.1_0 took: 7 ms
2022-12-22 10:15:06,034 [5eea0695-258d-4fe7-9f47-897f5bd73bdb-impl-thread1] INFO  segmented.SegmentedRaftLogWorker (SegmentedRaftLogWorker.java:close(257)) - 5eea0695-258d-4fe7-9f47-897f5bd73bdb@group-383C0469F232-SegmentedRaftLogWorker close()
2022-12-22 10:15:06,034 [5eea0695-258d-4fe7-9f47-897f5bd73bdb@group-187AFB726811-StateMachineUpdater] INFO  impl.StateMachineUpdater (StateMachineUpdater.java:takeSnapshot(287)) - 5eea0695-258d-4fe7-9f47-897f5bd73bdb@group-187AFB726811-StateMachineUpdater: Took a snapshot at index 0
2022-12-22 10:15:06,034 [5eea0695-258d-4fe7-9f47-897f5bd73bdb@group-187AFB726811-StateMachineUpdater] INFO  impl.StateMachineUpdater (StateMachineUpdater.java:lambda$new$0(92)) - 5eea0695-258d-4fe7-9f47-897f5bd73bdb@group-187AFB726811-StateMachineUpdater: snapshotIndex: updateIncreasingly -1 -> 0
2022-12-22 10:15:06,034 [ForkJoinPool.commonPool-worker-0] INFO  server.GrpcService (GrpcService.java:closeImpl(280)) - 5eea0695-258d-4fe7-9f47-897f5bd73bdb: shutdown server GrpcServerProtocolService successfully
2022-12-22 10:15:06,034 [5eea0695-258d-4fe7-9f47-897f5bd73bdb-NettyServerStreamRpc-bossGroup--thread1] INFO  logging.LoggingHandler (AbstractInternalLogger.java:log(148)) - [id: 0x60ab7eeb, L:/0:0:0:0:0:0:0:0:38343] CLOSE
2022-12-22 10:15:06,035 [5eea0695-258d-4fe7-9f47-897f5bd73bdb-NettyServerStreamRpc-bossGroup--thread1] INFO  logging.LoggingHandler (AbstractInternalLogger.java:log(148)) - [id: 0x60ab7eeb, L:/0:0:0:0:0:0:0:0:38343] INACTIVE
2022-12-22 10:15:06,035 [5eea0695-258d-4fe7-9f47-897f5bd73bdb-NettyServerStreamRpc-bossGroup--thread1] INFO  logging.LoggingHandler (AbstractInternalLogger.java:log(148)) - [id: 0x60ab7eeb, L:/0:0:0:0:0:0:0:0:38343] UNREGISTERED
2022-12-22 10:15:06,035 [5eea0695-258d-4fe7-9f47-897f5bd73bdb@group-F95FFF696D63-StateMachineUpdater] INFO  impl.StateMachineUpdater (StateMachineUpdater.java:takeSnapshot(287)) - 5eea0695-258d-4fe7-9f47-897f5bd73bdb@group-F95FFF696D63-StateMachineUpdater: Took a snapshot at index 0
2022-12-22 10:15:06,035 [5eea0695-258d-4fe7-9f47-897f5bd73bdb@group-F95FFF696D63-StateMachineUpdater] INFO  impl.StateMachineUpdater (StateMachineUpdater.java:lambda$new$0(92)) - 5eea0695-258d-4fe7-9f47-897f5bd73bdb@group-F95FFF696D63-StateMachineUpdater: snapshotIndex: updateIncreasingly -1 -> 0
2022-12-22 10:15:06,035 [5eea0695-258d-4fe7-9f47-897f5bd73bdb-impl-thread2] INFO  server.RaftServer$Division (ServerState.java:close(466)) - 5eea0695-258d-4fe7-9f47-897f5bd73bdb@group-F95FFF696D63: closes. applyIndex: 0
2022-12-22 10:15:06,035 [5eea0695-258d-4fe7-9f47-897f5bd73bdb@group-F95FFF696D63-SegmentedRaftLogWorker] INFO  segmented.SegmentedRaftLogWorker (SegmentedRaftLogWorker.java:run(347)) - 5eea0695-258d-4fe7-9f47-897f5bd73bdb@group-F95FFF696D63-SegmentedRaftLogWorker was interrupted, exiting. There are 0 tasks remaining in the queue.
2022-12-22 10:15:06,036 [5eea0695-258d-4fe7-9f47-897f5bd73bdb-impl-thread2] INFO  segmented.SegmentedRaftLogWorker (SegmentedRaftLogWorker.java:close(257)) - 5eea0695-258d-4fe7-9f47-897f5bd73bdb@group-F95FFF696D63-SegmentedRaftLogWorker close()
2022-12-22 10:15:06,053 [5eea0695-258d-4fe7-9f47-897f5bd73bdb-impl-thread3] INFO  server.RaftServer$Division (ServerState.java:close(466)) - 5eea0695-258d-4fe7-9f47-897f5bd73bdb@group-187AFB726811: closes. applyIndex: 0
2022-12-22 10:15:06,053 [5eea0695-258d-4fe7-9f47-897f5bd73bdb@group-187AFB726811-SegmentedRaftLogWorker] INFO  segmented.SegmentedRaftLogWorker (SegmentedRaftLogWorker.java:run(347)) - 5eea0695-258d-4fe7-9f47-897f5bd73bdb@group-187AFB726811-SegmentedRaftLogWorker was interrupted, exiting. There are 0 tasks remaining in the queue.
2022-12-22 10:15:06,053 [5eea0695-258d-4fe7-9f47-897f5bd73bdb-impl-thread3] INFO  segmented.SegmentedRaftLogWorker (SegmentedRaftLogWorker.java:close(257)) - 5eea0695-258d-4fe7-9f47-897f5bd73bdb@group-187AFB726811-SegmentedRaftLogWorker close()
2022-12-22 10:15:06,055 [JvmPauseMonitor14] INFO  util.JvmPauseMonitor (JvmPauseMonitor.java:run(111)) - JvmPauseMonitor-5eea0695-258d-4fe7-9f47-897f5bd73bdb: Stopped
2022-12-22 10:15:07,015 [EndpointStateMachine task thread for /127.0.0.1:43945 - 0 ] INFO  ipc.Client (Client.java:handleConnectionFailure(1010)) - Retrying connect to server: localhost/127.0.0.1:43945. Already tried 4 time(s); retry policy is RetryUpToMaximumCountWithFixedSleep(maxRetries=15, sleepTime=1000 MILLISECONDS)
2022-12-22 10:15:07,017 [EndpointStateMachine task thread for /127.0.0.1:42129 - 0 ] INFO  ipc.Client (Client.java:handleConnectionFailure(1010)) - Retrying connect to server: localhost/127.0.0.1:42129. Already tried 10 time(s); retry policy is RetryUpToMaximumCountWithFixedSleep(maxRetries=15, sleepTime=1000 MILLISECONDS)
2022-12-22 10:15:08,016 [EndpointStateMachine task thread for /127.0.0.1:43945 - 0 ] INFO  ipc.Client (Client.java:handleConnectionFailure(1010)) - Retrying connect to server: localhost/127.0.0.1:43945. Already tried 5 time(s); retry policy is RetryUpToMaximumCountWithFixedSleep(maxRetries=15, sleepTime=1000 MILLISECONDS)
2022-12-22 10:15:08,018 [EndpointStateMachine task thread for /127.0.0.1:42129 - 0 ] INFO  ipc.Client (Client.java:handleConnectionFailure(1010)) - Retrying connect to server: localhost/127.0.0.1:42129. Already tried 11 time(s); retry policy is RetryUpToMaximumCountWithFixedSleep(maxRetries=15, sleepTime=1000 MILLISECONDS)
2022-12-22 10:15:08,058 [ForkJoinPool.commonPool-worker-0] INFO  volume.HddsVolume (HddsVolume.java:closeDbStore(338)) - SchemaV3 db is stopped at /home/runner/work/ozone/ozone/hadoop-ozone/integration-test/target/test-dir/MiniOzoneClusterImpl-e8789b07-7928-40b5-ad88-551b1740a89b/datanode-2/data-0/containers/hdds/e8789b07-7928-40b5-ad88-551b1740a89b/DS-f1a41307-2c9d-4971-854d-c62d57cfcc62/container.db for volume DS-f1a41307-2c9d-4971-854d-c62d57cfcc62
2022-12-22 10:15:08,059 [ForkJoinPool.commonPool-worker-0] INFO  utils.BackgroundService (BackgroundService.java:shutdown(141)) - Shutting down service BlockDeletingService
2022-12-22 10:15:08,059 [ForkJoinPool.commonPool-worker-0] INFO  utils.BackgroundService (BackgroundService.java:shutdown(141)) - Shutting down service StaleRecoveringContainerScrubbingService
2022-12-22 10:15:08,060 [ForkJoinPool.commonPool-worker-0] INFO  statemachine.DatanodeStateMachine (DatanodeStateMachine.java:stopDaemon(596)) - Ozone container server stopped.
2022-12-22 10:15:08,068 [ForkJoinPool.commonPool-worker-0] INFO  handler.ContextHandler (ContextHandler.java:doStop(1159)) - Stopped o.e.j.w.WebAppContext@7f8fed9d{hddsDatanode,/,null,STOPPED}{jar:file:/home/runner/.m2/repository/org/apache/ozone/hdds-container-service/1.3.0-SNAPSHOT/hdds-container-service-1.3.0-SNAPSHOT.jar!/webapps/hddsDatanode}
2022-12-22 10:15:08,068 [ForkJoinPool.commonPool-worker-0] INFO  server.AbstractConnector (AbstractConnector.java:doStop(383)) - Stopped ServerConnector@649d9c9{HTTP/1.1, (http/1.1)}{0.0.0.0:0}
2022-12-22 10:15:08,068 [ForkJoinPool.commonPool-worker-0] INFO  server.session (HouseKeeper.java:stopScavenging(149)) - node0 Stopped scavenging
2022-12-22 10:15:08,068 [ForkJoinPool.commonPool-worker-0] INFO  handler.ContextHandler (ContextHandler.java:doStop(1159)) - Stopped o.e.j.s.ServletContextHandler@201a57cc{static,/static,jar:file:/home/runner/.m2/repository/org/apache/ozone/hdds-container-service/1.3.0-SNAPSHOT/hdds-container-service-1.3.0-SNAPSHOT.jar!/webapps/static,STOPPED}
2022-12-22 10:15:08,069 [ForkJoinPool.commonPool-worker-0] INFO  handler.ContextHandler (ContextHandler.java:doStop(1159)) - Stopped o.e.j.s.ServletContextHandler@422be505{logs,/logs,file:///home/runner/work/ozone/ozone/hadoop-ozone/integration-test/target/log,STOPPED}
]]></system-out>
  </testcase>
  <testcase name="testDecommission" classname="org.apache.hadoop.ozone.om.TestAddRemoveOzoneManager" time="35.538">
    <system-out><![CDATA[2022-12-22 10:15:08,113 [Listener at 127.0.0.1/33227] WARN  server.ServerUtils (ServerUtils.java:getScmDbDir(148)) - ozone.scm.db.dirs is not configured. We recommend adding this setting. Falling back to ozone.metadata.dirs instead.
2022-12-22 10:15:08,113 [Listener at 127.0.0.1/33227] INFO  ha.SCMHANodeDetails (SCMHANodeDetails.java:loadSCMHAConfig(209)) - ServiceID for StorageContainerManager is scmServiceId
2022-12-22 10:15:08,113 [Listener at 127.0.0.1/33227] INFO  ha.SCMHANodeDetails (SCMHANodeDetails.java:loadSCMHAConfig(220)) - ServiceID for StorageContainerManager is scmServiceId
2022-12-22 10:15:08,113 [Listener at 127.0.0.1/33227] INFO  ha.SCMHANodeDetails (SCMHANodeDetails.java:loadSCMHAConfig(307)) - Found matching SCM address with SCMServiceId: scmServiceId, SCMNodeId: scmNode-1, RPC Address: localhost:35421 and Ratis port: 35421
2022-12-22 10:15:08,113 [Listener at 127.0.0.1/33227] INFO  ha.SCMHANodeDetails (ConfUtils.java:setNodeSpecificConfigs(97)) - Setting configuration key ozone.scm.datanode.address with value of key ozone.scm.datanode.address.scmServiceId.scmNode-1: 127.0.0.1:36861
2022-12-22 10:15:08,114 [Listener at 127.0.0.1/33227] INFO  ha.SCMHANodeDetails (ConfUtils.java:setNodeSpecificConfigs(97)) - Setting configuration key ozone.scm.block.client.address with value of key ozone.scm.block.client.address.scmServiceId.scmNode-1: 127.0.0.1:40907
2022-12-22 10:15:08,114 [Listener at 127.0.0.1/33227] INFO  ha.SCMHANodeDetails (ConfUtils.java:setNodeSpecificConfigs(97)) - Setting configuration key ozone.scm.client.address with value of key ozone.scm.client.address.scmServiceId.scmNode-1: 127.0.0.1:40193
2022-12-22 10:15:08,114 [Listener at 127.0.0.1/33227] INFO  ha.SCMHANodeDetails (ConfUtils.java:setNodeSpecificConfigs(97)) - Setting configuration key ozone.scm.ratis.port with value of key ozone.scm.ratis.port.scmServiceId.scmNode-1: 35421
2022-12-22 10:15:08,114 [Listener at 127.0.0.1/33227] INFO  ha.SCMHANodeDetails (ConfUtils.java:setNodeSpecificConfigs(97)) - Setting configuration key ozone.scm.grpc.port with value of key ozone.scm.grpc.port.scmServiceId.scmNode-1: 38759
2022-12-22 10:15:08,114 [Listener at 127.0.0.1/33227] INFO  ha.SCMHANodeDetails (ConfUtils.java:setNodeSpecificConfigs(97)) - Setting configuration key ozone.scm.http-address with value of key ozone.scm.http-address.scmServiceId.scmNode-1: 127.0.0.1:33747
2022-12-22 10:15:08,114 [Listener at 127.0.0.1/33227] INFO  ha.SCMHANodeDetails (ConfUtils.java:setNodeSpecificConfigs(97)) - Setting configuration key ozone.scm.https-address with value of key ozone.scm.https-address.scmServiceId.scmNode-1: 127.0.0.1:40523
2022-12-22 10:15:08,114 [Listener at 127.0.0.1/33227] INFO  ha.SCMHANodeDetails (ConfUtils.java:setNodeSpecificConfigs(97)) - Setting configuration key ozone.scm.address with value of key ozone.scm.address.scmServiceId.scmNode-1: 127.0.0.1
2022-12-22 10:15:08,114 [Listener at 127.0.0.1/33227] WARN  scm.ScmUtils (ScmUtils.java:logWarn(190)) - ConfigKey ozone.scm.block.client.address is deprecated, For configuring different ports for each SCM use PortConfigKey ozone.scm.block.client.port appended with serviceId and nodeId. If want to configure same port configure ozone.scm.block.client.port
2022-12-22 10:15:08,115 [Listener at 127.0.0.1/33227] WARN  scm.ScmUtils (ScmUtils.java:logWarn(190)) - ConfigKey ozone.scm.client.address is deprecated, For configuring different ports for each SCM use PortConfigKey ozone.scm.client.port appended with serviceId and nodeId. If want to configure same port configure ozone.scm.client.port
2022-12-22 10:15:08,115 [Listener at 127.0.0.1/33227] WARN  scm.ScmUtils (ScmUtils.java:logWarn(190)) - ConfigKey ozone.scm.datanode.address is deprecated, For configuring different ports for each SCM use PortConfigKey ozone.scm.datanode.port appended with serviceId and nodeId. If want to configure same port configure ozone.scm.datanode.port
2022-12-22 10:15:08,117 [Listener at 127.0.0.1/33227] INFO  server.RaftServer (ConfUtils.java:logGet(46)) - raft.rpc.type = GRPC (default)
2022-12-22 10:15:08,117 [Listener at 127.0.0.1/33227] INFO  grpc.GrpcConfigKeys (ConfUtils.java:logFallback(53)) - raft.grpc.admin.host = null (fallback to raft.grpc.server.host)
2022-12-22 10:15:08,117 [Listener at 127.0.0.1/33227] INFO  grpc.GrpcConfigKeys (ConfUtils.java:logFallback(53)) - raft.grpc.admin.port = 35421 (fallback to raft.grpc.server.port)
2022-12-22 10:15:08,117 [Listener at 127.0.0.1/33227] INFO  grpc.GrpcConfigKeys (ConfUtils.java:logFallback(53)) - raft.grpc.client.host = null (fallback to raft.grpc.server.host)
2022-12-22 10:15:08,117 [Listener at 127.0.0.1/33227] INFO  grpc.GrpcConfigKeys (ConfUtils.java:logFallback(53)) - raft.grpc.client.port = 35421 (fallback to raft.grpc.server.port)
2022-12-22 10:15:08,117 [Listener at 127.0.0.1/33227] INFO  grpc.GrpcConfigKeys (ConfUtils.java:logGet(46)) - raft.grpc.server.host = null (default)
2022-12-22 10:15:08,117 [Listener at 127.0.0.1/33227] INFO  grpc.GrpcConfigKeys (ConfUtils.java:logGet(46)) - raft.grpc.server.port = 35421 (custom)
2022-12-22 10:15:08,117 [Listener at 127.0.0.1/33227] INFO  server.GrpcService (ConfUtils.java:logGet(46)) - raft.grpc.message.size.max = 32m (=33554432) (custom)
2022-12-22 10:15:08,118 [Listener at 127.0.0.1/33227] INFO  server.RaftServerConfigKeys (ConfUtils.java:logGet(46)) - raft.server.log.appender.buffer.byte-limit = 33554432 (custom)
2022-12-22 10:15:08,118 [Listener at 127.0.0.1/33227] INFO  server.GrpcService (ConfUtils.java:logGet(46)) - raft.grpc.flow.control.window = 1MB (=1048576) (default)
2022-12-22 10:15:08,118 [Listener at 127.0.0.1/33227] INFO  server.RaftServerConfigKeys (ConfUtils.java:logGet(46)) - raft.server.rpc.request.timeout = 30000ms (custom)
2022-12-22 10:15:08,118 [Listener at 127.0.0.1/33227] INFO  grpc.GrpcConfigKeys (ConfUtils.java:logGet(46)) - raft.grpc.server.heartbeat.channel = true (default)
2022-12-22 10:15:08,118 [Listener at 127.0.0.1/33227] INFO  grpc.GrpcConfigKeys (ConfUtils.java:logGet(46)) - raft.grpc.server.async.request.thread.pool.cached = true (default)
2022-12-22 10:15:08,118 [Listener at 127.0.0.1/33227] INFO  grpc.GrpcConfigKeys (ConfUtils.java:logGet(46)) - raft.grpc.server.async.request.thread.pool.size = 32 (default)
2022-12-22 10:15:08,119 [Listener at 127.0.0.1/33227] INFO  impl.DataStreamServerImpl (ConfUtils.java:logGet(46)) - raft.datastream.type = NETTY (custom)
2022-12-22 10:15:08,119 [Listener at 127.0.0.1/33227] INFO  server.RaftServerConfigKeys (ConfUtils.java:logGet(46)) - raft.server.data-stream.async.request.thread.pool.cached = false (default)
2022-12-22 10:15:08,119 [Listener at 127.0.0.1/33227] INFO  server.RaftServerConfigKeys (ConfUtils.java:logGet(46)) - raft.server.data-stream.async.request.thread.pool.size = 32 (default)
2022-12-22 10:15:08,119 [Listener at 127.0.0.1/33227] INFO  server.RaftServerConfigKeys (ConfUtils.java:logGet(46)) - raft.server.data-stream.async.write.thread.pool.size = 16 (default)
2022-12-22 10:15:08,119 [Listener at 127.0.0.1/33227] INFO  server.RaftServerConfigKeys (ConfUtils.java:logGet(46)) - raft.server.data-stream.client.pool.size = 10 (default)
2022-12-22 10:15:08,119 [Listener at 127.0.0.1/33227] INFO  netty.NettyConfigKeys$DataStream (ConfUtils.java:logGet(46)) - raft.netty.dataStream.server.use-epoll = false (default)
2022-12-22 10:15:08,120 [Listener at 127.0.0.1/33227] INFO  netty.NettyConfigKeys$DataStream (ConfUtils.java:logGet(46)) - raft.netty.dataStream.server.boss-group.size = 0 (default)
2022-12-22 10:15:08,120 [Listener at 127.0.0.1/33227] INFO  netty.NettyConfigKeys$DataStream (ConfUtils.java:logGet(46)) - raft.netty.dataStream.server.worker-group.size = 0 (default)
2022-12-22 10:15:08,120 [Listener at 127.0.0.1/33227] INFO  netty.NettyConfigKeys$DataStream (ConfUtils.java:logGet(46)) - raft.netty.dataStream.server.tls.conf = null (default)
2022-12-22 10:15:08,120 [Listener at 127.0.0.1/33227] INFO  netty.NettyConfigKeys$DataStream (ConfUtils.java:logGet(46)) - raft.netty.dataStream.host = null (default)
2022-12-22 10:15:08,120 [Listener at 127.0.0.1/33227] INFO  netty.NettyConfigKeys$DataStream (ConfUtils.java:logGet(46)) - raft.netty.dataStream.port = 0 (default)
2022-12-22 10:15:08,121 [Listener at 127.0.0.1/33227] INFO  server.RaftServerConfigKeys (ConfUtils.java:logGet(46)) - raft.server.threadpool.proxy.cached = true (default)
2022-12-22 10:15:08,121 [Listener at 127.0.0.1/33227] INFO  server.RaftServerConfigKeys (ConfUtils.java:logGet(46)) - raft.server.threadpool.proxy.size = 0 (default)
2022-12-22 10:15:08,121 [Listener at 127.0.0.1/33227] INFO  server.RaftServerConfigKeys (ConfUtils.java:logGet(46)) - raft.server.rpc.slowness.timeout = 120000ms (custom)
2022-12-22 10:15:08,121 [Listener at 127.0.0.1/33227] INFO  server.RaftServerConfigKeys (ConfUtils.java:logGet(46)) - raft.server.leaderelection.leader.step-down.wait-time = 10s (default)
2022-12-22 10:15:08,121 [Listener at 127.0.0.1/33227] INFO  server.RaftServerConfigKeys (ConfUtils.java:logGet(46)) - raft.server.storage.dir = [/home/runner/work/ozone/ozone/hadoop-ozone/integration-test/target/test-dir/MiniOzoneClusterImpl-73a15bac-dca4-4ec7-8fa0-07a649b4923c/scmNode-1/scm-ha] (custom)
2022-12-22 10:15:08,121 [e27721bf-da5b-4812-8a42-ad2d861346a7-NettyServerStreamRpc-bossGroup--thread1] INFO  logging.LoggingHandler (AbstractInternalLogger.java:log(148)) - [id: 0x542e4114] REGISTERED
2022-12-22 10:15:08,122 [e27721bf-da5b-4812-8a42-ad2d861346a7-NettyServerStreamRpc-bossGroup--thread1] INFO  logging.LoggingHandler (AbstractInternalLogger.java:log(148)) - [id: 0x542e4114] BIND: 0.0.0.0/0.0.0.0:0
2022-12-22 10:15:08,122 [e27721bf-da5b-4812-8a42-ad2d861346a7-NettyServerStreamRpc-bossGroup--thread1] INFO  logging.LoggingHandler (AbstractInternalLogger.java:log(148)) - [id: 0x542e4114, L:/0:0:0:0:0:0:0:0:35569] ACTIVE
2022-12-22 10:15:08,125 [Listener at 127.0.0.1/33227] INFO  server.RaftServer (RaftServerProxy.java:addNew(96)) - e27721bf-da5b-4812-8a42-ad2d861346a7: addNew group-07A649B4923C:[e27721bf-da5b-4812-8a42-ad2d861346a7|rpc:localhost:35421|priority:0|startupRole:FOLLOWER] returns group-07A649B4923C:java.util.concurrent.CompletableFuture@656272fb[Not completed]
2022-12-22 10:15:08,125 [pool-454-thread-1] INFO  server.RaftServer$Division (RaftServerImpl.java:<init>(195)) - e27721bf-da5b-4812-8a42-ad2d861346a7: new RaftServerImpl for group-07A649B4923C:[e27721bf-da5b-4812-8a42-ad2d861346a7|rpc:localhost:35421|priority:0|startupRole:FOLLOWER] with SCMStateMachine:uninitialized
2022-12-22 10:15:08,125 [pool-454-thread-1] INFO  server.RaftServerConfigKeys (ConfUtils.java:logGet(46)) - raft.server.rpc.timeout.min = 5000ms (custom)
2022-12-22 10:15:08,125 [pool-454-thread-1] INFO  server.RaftServerConfigKeys (ConfUtils.java:logGet(46)) - raft.server.rpc.timeout.max = 5200ms (custom)
2022-12-22 10:15:08,125 [pool-454-thread-1] INFO  server.RaftServerConfigKeys (ConfUtils.java:logGet(46)) - raft.server.rpc.sleep.time = 25ms (default)
2022-12-22 10:15:08,125 [pool-454-thread-1] INFO  server.RaftServerConfigKeys (ConfUtils.java:logGet(46)) - raft.server.rpc.slowness.timeout = 120000ms (custom)
2022-12-22 10:15:08,125 [pool-454-thread-1] INFO  server.RaftServerConfigKeys (ConfUtils.java:logGet(46)) - raft.server.leaderelection.leader.step-down.wait-time = 10s (default)
2022-12-22 10:15:08,125 [pool-454-thread-1] INFO  server.RaftServerConfigKeys (ConfUtils.java:logGet(46)) - raft.server.sleep.deviation.threshold = 300ms (default)
2022-12-22 10:15:08,125 [pool-454-thread-1] INFO  server.RaftServer$Division (ServerState.java:<init>(118)) - e27721bf-da5b-4812-8a42-ad2d861346a7@group-07A649B4923C: ConfigurationManager, init=-1: peers:[e27721bf-da5b-4812-8a42-ad2d861346a7|rpc:localhost:35421|priority:0|startupRole:FOLLOWER]|listeners:[], old=null, confs=<EMPTY_MAP>
2022-12-22 10:15:08,125 [pool-454-thread-1] INFO  server.RaftServerConfigKeys (ConfUtils.java:logGet(46)) - raft.server.storage.dir = [/home/runner/work/ozone/ozone/hadoop-ozone/integration-test/target/test-dir/MiniOzoneClusterImpl-73a15bac-dca4-4ec7-8fa0-07a649b4923c/scmNode-1/scm-ha] (custom)
2022-12-22 10:15:08,125 [pool-454-thread-1] INFO  server.RaftServerConfigKeys (ConfUtils.java:logGet(46)) - raft.server.log.corruption.policy = EXCEPTION (default)
2022-12-22 10:15:08,125 [pool-454-thread-1] INFO  server.RaftServerConfigKeys (ConfUtils.java:logGet(46)) - raft.server.storage.free-space.min = 0MB (=0) (default)
2022-12-22 10:15:08,125 [pool-454-thread-1] INFO  server.RaftServerConfigKeys (ConfUtils.java:logGet(46)) - raft.server.notification.no-leader.timeout = 60s (default)
2022-12-22 10:15:08,125 [pool-454-thread-1] INFO  server.RaftServerConfigKeys (ConfUtils.java:logGet(46)) - raft.server.retrycache.expirytime = 60000ms (default)
2022-12-22 10:15:08,125 [pool-454-thread-1] INFO  server.RaftServerConfigKeys (ConfUtils.java:logGet(46)) - raft.server.retrycache.statistics.expirytime = 100μs (default)
2022-12-22 10:15:08,126 [pool-454-thread-1] INFO  server.RaftServerConfigKeys (ConfUtils.java:logGet(46)) - raft.server.log.appender.install.snapshot.enabled = false (custom)
2022-12-22 10:15:08,126 [pool-454-thread-1] INFO  server.RaftServerConfigKeys (ConfUtils.java:logGet(46)) - raft.server.threadpool.server.cached = true (default)
2022-12-22 10:15:08,126 [pool-454-thread-1] INFO  server.RaftServerConfigKeys (ConfUtils.java:logGet(46)) - raft.server.threadpool.server.size = 0 (default)
2022-12-22 10:15:08,126 [pool-454-thread-1] INFO  server.RaftServerConfigKeys (ConfUtils.java:logGet(46)) - raft.server.threadpool.client.cached = true (default)
2022-12-22 10:15:08,126 [pool-454-thread-1] INFO  server.RaftServerConfigKeys (ConfUtils.java:logGet(46)) - raft.server.threadpool.client.size = 0 (default)
2022-12-22 10:15:08,126 [e27721bf-da5b-4812-8a42-ad2d861346a7-impl-thread1] INFO  storage.RaftStorageDirectory (RaftStorageDirectoryImpl.java:analyzeStorage(137)) - The storage directory /home/runner/work/ozone/ozone/hadoop-ozone/integration-test/target/test-dir/MiniOzoneClusterImpl-73a15bac-dca4-4ec7-8fa0-07a649b4923c/scmNode-1/scm-ha/73a15bac-dca4-4ec7-8fa0-07a649b4923c does not exist. Creating ...
2022-12-22 10:15:08,127 [e27721bf-da5b-4812-8a42-ad2d861346a7-impl-thread1] INFO  storage.RaftStorageDirectory (RaftStorageDirectoryImpl.java:tryLock(231)) - Lock on /home/runner/work/ozone/ozone/hadoop-ozone/integration-test/target/test-dir/MiniOzoneClusterImpl-73a15bac-dca4-4ec7-8fa0-07a649b4923c/scmNode-1/scm-ha/73a15bac-dca4-4ec7-8fa0-07a649b4923c/in_use.lock acquired by nodename 33150@fv-az345-686
2022-12-22 10:15:08,128 [e27721bf-da5b-4812-8a42-ad2d861346a7-impl-thread1] INFO  storage.RaftStorage (RaftStorageImpl.java:format(96)) - Storage directory /home/runner/work/ozone/ozone/hadoop-ozone/integration-test/target/test-dir/MiniOzoneClusterImpl-73a15bac-dca4-4ec7-8fa0-07a649b4923c/scmNode-1/scm-ha/73a15bac-dca4-4ec7-8fa0-07a649b4923c has been successfully formatted.
2022-12-22 10:15:08,128 [e27721bf-da5b-4812-8a42-ad2d861346a7-impl-thread1] INFO  server.RaftServerConfigKeys (ConfUtils.java:logGet(46)) - raft.server.log.use.memory = false (default)
2022-12-22 10:15:08,128 [e27721bf-da5b-4812-8a42-ad2d861346a7-impl-thread1] INFO  server.RaftServerConfigKeys (ConfUtils.java:logGet(46)) - raft.server.log.purge.gap = 1000000 (custom)
2022-12-22 10:15:08,128 [e27721bf-da5b-4812-8a42-ad2d861346a7-impl-thread1] INFO  server.RaftServerConfigKeys (ConfUtils.java:logGet(46)) - raft.server.log.appender.buffer.byte-limit = 33554432 (custom)
2022-12-22 10:15:08,128 [e27721bf-da5b-4812-8a42-ad2d861346a7-impl-thread1] INFO  server.RaftServerConfigKeys (ConfUtils.java:logGet(46)) - raft.server.log.statemachine.data.read.timeout = 1000ms (default)
2022-12-22 10:15:08,128 [e27721bf-da5b-4812-8a42-ad2d861346a7-impl-thread1] INFO  server.RaftServerConfigKeys (ConfUtils.java:logGet(46)) - raft.server.log.purge.preservation.log.num = 0 (default)
2022-12-22 10:15:08,128 [e27721bf-da5b-4812-8a42-ad2d861346a7-impl-thread1] INFO  server.RaftServerConfigKeys (ConfUtils.java:logGet(46)) - raft.server.log.segment.size.max = 4194304 (custom)
2022-12-22 10:15:08,128 [e27721bf-da5b-4812-8a42-ad2d861346a7-impl-thread1] INFO  server.RaftServerConfigKeys (ConfUtils.java:logGet(46)) - raft.server.log.segment.cache.num.max = 2 (custom)
2022-12-22 10:15:08,128 [e27721bf-da5b-4812-8a42-ad2d861346a7-impl-thread1] INFO  server.RaftServerConfigKeys (ConfUtils.java:logGet(46)) - raft.server.log.segment.cache.size.max = 200MB (=209715200) (default)
2022-12-22 10:15:08,128 [e27721bf-da5b-4812-8a42-ad2d861346a7-impl-thread1] INFO  segmented.SegmentedRaftLogWorker (SegmentedRaftLogWorker.java:<init>(189)) - new e27721bf-da5b-4812-8a42-ad2d861346a7@group-07A649B4923C-SegmentedRaftLogWorker for RaftStorageImpl:Storage Directory /home/runner/work/ozone/ozone/hadoop-ozone/integration-test/target/test-dir/MiniOzoneClusterImpl-73a15bac-dca4-4ec7-8fa0-07a649b4923c/scmNode-1/scm-ha/73a15bac-dca4-4ec7-8fa0-07a649b4923c
2022-12-22 10:15:08,128 [e27721bf-da5b-4812-8a42-ad2d861346a7-impl-thread1] INFO  server.RaftServerConfigKeys (ConfUtils.java:logGet(46)) - raft.server.log.queue.byte-limit = 64MB (=67108864) (default)
2022-12-22 10:15:08,128 [e27721bf-da5b-4812-8a42-ad2d861346a7-impl-thread1] INFO  server.RaftServerConfigKeys (ConfUtils.java:logGet(46)) - raft.server.log.queue.element-limit = 4096 (default)
2022-12-22 10:15:08,128 [e27721bf-da5b-4812-8a42-ad2d861346a7-impl-thread1] INFO  server.RaftServerConfigKeys (ConfUtils.java:logGet(46)) - raft.server.log.segment.size.max = 4194304 (custom)
2022-12-22 10:15:08,128 [e27721bf-da5b-4812-8a42-ad2d861346a7-impl-thread1] INFO  server.RaftServerConfigKeys (ConfUtils.java:logGet(46)) - raft.server.log.preallocated.size = 4194304 (custom)
2022-12-22 10:15:08,128 [e27721bf-da5b-4812-8a42-ad2d861346a7-impl-thread1] INFO  server.RaftServerConfigKeys (ConfUtils.java:logGet(46)) - raft.server.log.force.sync.num = 128 (default)
2022-12-22 10:15:08,128 [e27721bf-da5b-4812-8a42-ad2d861346a7-impl-thread1] INFO  server.RaftServerConfigKeys (ConfUtils.java:logGet(46)) - raft.server.log.statemachine.data.sync = true (default)
2022-12-22 10:15:08,128 [e27721bf-da5b-4812-8a42-ad2d861346a7-impl-thread1] INFO  server.RaftServerConfigKeys (ConfUtils.java:logGet(46)) - raft.server.log.statemachine.data.sync.timeout = 10s (default)
2022-12-22 10:15:08,128 [e27721bf-da5b-4812-8a42-ad2d861346a7-impl-thread1] INFO  server.RaftServerConfigKeys (ConfUtils.java:logGet(46)) - raft.server.log.statemachine.data.sync.timeout.retry = -1 (default)
2022-12-22 10:15:08,129 [e27721bf-da5b-4812-8a42-ad2d861346a7-impl-thread1] INFO  server.RaftServerConfigKeys (ConfUtils.java:logGet(46)) - raft.server.log.write.buffer.size = 64KB (=65536) (default)
2022-12-22 10:15:08,129 [e27721bf-da5b-4812-8a42-ad2d861346a7-impl-thread1] INFO  server.RaftServerConfigKeys (ConfUtils.java:logGet(46)) - raft.server.log.appender.buffer.byte-limit = 33554432 (custom)
2022-12-22 10:15:08,131 [e27721bf-da5b-4812-8a42-ad2d861346a7-impl-thread1] INFO  server.RaftServerConfigKeys (ConfUtils.java:logGet(46)) - raft.server.log.unsafe-flush.enabled = false (default)
2022-12-22 10:15:08,131 [e27721bf-da5b-4812-8a42-ad2d861346a7-impl-thread1] INFO  server.RaftServerConfigKeys (ConfUtils.java:logGet(46)) - raft.server.log.async-flush.enabled = false (default)
2022-12-22 10:15:08,131 [e27721bf-da5b-4812-8a42-ad2d861346a7-impl-thread1] INFO  server.RaftServerConfigKeys (ConfUtils.java:logGet(46)) - raft.server.log.statemachine.data.caching.enabled = false (default)
2022-12-22 10:15:08,131 [e27721bf-da5b-4812-8a42-ad2d861346a7-impl-thread1] INFO  segmented.SegmentedRaftLogWorker (SegmentedRaftLogWorker.java:lambda$new$0(135)) - e27721bf-da5b-4812-8a42-ad2d861346a7@group-07A649B4923C-SegmentedRaftLogWorker: flushIndex: setUnconditionally 0 -> -1
2022-12-22 10:15:08,132 [e27721bf-da5b-4812-8a42-ad2d861346a7-impl-thread1] INFO  segmented.SegmentedRaftLogWorker (SegmentedRaftLogWorker.java:lambda$new$0(135)) - e27721bf-da5b-4812-8a42-ad2d861346a7@group-07A649B4923C-SegmentedRaftLogWorker: safeCacheEvictIndex: setUnconditionally 0 -> -1
2022-12-22 10:15:08,137 [e27721bf-da5b-4812-8a42-ad2d861346a7-impl-thread1] INFO  server.RaftServer$Division (RaftServerImpl.java:start(334)) - e27721bf-da5b-4812-8a42-ad2d861346a7@group-07A649B4923C: start as a follower, conf=-1: peers:[e27721bf-da5b-4812-8a42-ad2d861346a7|rpc:localhost:35421|priority:0|startupRole:FOLLOWER]|listeners:[], old=null
2022-12-22 10:15:08,137 [e27721bf-da5b-4812-8a42-ad2d861346a7-impl-thread1] INFO  server.RaftServer$Division (RaftServerImpl.java:setRole(321)) - e27721bf-da5b-4812-8a42-ad2d861346a7@group-07A649B4923C: changes role from      null to FOLLOWER at term 0 for startAsFollower
2022-12-22 10:15:08,137 [e27721bf-da5b-4812-8a42-ad2d861346a7-impl-thread1] INFO  impl.RoleInfo (RoleInfo.java:updateAndGet(139)) - e27721bf-da5b-4812-8a42-ad2d861346a7: start e27721bf-da5b-4812-8a42-ad2d861346a7@group-07A649B4923C-FollowerState
2022-12-22 10:15:08,137 [e27721bf-da5b-4812-8a42-ad2d861346a7-impl-thread1] INFO  util.JmxRegister (JmxRegister.java:tryRegister(44)) - Successfully registered JMX Bean with object name Ratis:service=RaftServer,group=group-07A649B4923C,id=e27721bf-da5b-4812-8a42-ad2d861346a7
2022-12-22 10:15:08,137 [e27721bf-da5b-4812-8a42-ad2d861346a7-impl-thread1] INFO  server.RaftServerConfigKeys (ConfUtils.java:logGet(46)) - raft.server.snapshot.auto.trigger.enabled = true (custom)
2022-12-22 10:15:08,137 [e27721bf-da5b-4812-8a42-ad2d861346a7-impl-thread1] INFO  server.RaftServerConfigKeys (ConfUtils.java:logGet(46)) - raft.server.snapshot.auto.trigger.threshold = 1000 (custom)
2022-12-22 10:15:08,137 [e27721bf-da5b-4812-8a42-ad2d861346a7-impl-thread1] INFO  server.RaftServerConfigKeys (ConfUtils.java:logGet(46)) - raft.server.snapshot.retention.file.num = -1 (default)
2022-12-22 10:15:08,137 [e27721bf-da5b-4812-8a42-ad2d861346a7-impl-thread1] INFO  server.RaftServerConfigKeys (ConfUtils.java:logGet(46)) - raft.server.log.purge.upto.snapshot.index = false (default)
2022-12-22 10:15:08,137 [e27721bf-da5b-4812-8a42-ad2d861346a7@group-07A649B4923C-FollowerState] INFO  server.RaftServerConfigKeys (ConfUtils.java:logFallback(53)) - raft.server.rpc.first-election.timeout.min = 5000ms (fallback to raft.server.rpc.timeout.min)
2022-12-22 10:15:08,137 [e27721bf-da5b-4812-8a42-ad2d861346a7@group-07A649B4923C-FollowerState] INFO  server.RaftServerConfigKeys (ConfUtils.java:logFallback(53)) - raft.server.rpc.first-election.timeout.max = 5200ms (fallback to raft.server.rpc.timeout.max)
2022-12-22 10:15:08,137 [Listener at 127.0.0.1/33227] INFO  server.RaftServer (RaftServerProxy.java:startImpl(393)) - e27721bf-da5b-4812-8a42-ad2d861346a7: start RPC server
2022-12-22 10:15:08,138 [Listener at 127.0.0.1/33227] INFO  server.GrpcService (GrpcService.java:startImpl(262)) - e27721bf-da5b-4812-8a42-ad2d861346a7: GrpcService started, listening on 35421
2022-12-22 10:15:08,141 [JvmPauseMonitor16] INFO  util.JvmPauseMonitor (JvmPauseMonitor.java:run(105)) - JvmPauseMonitor-e27721bf-da5b-4812-8a42-ad2d861346a7: Started
2022-12-22 10:15:09,016 [EndpointStateMachine task thread for /127.0.0.1:43945 - 0 ] INFO  ipc.Client (Client.java:handleConnectionFailure(1010)) - Retrying connect to server: localhost/127.0.0.1:43945. Already tried 6 time(s); retry policy is RetryUpToMaximumCountWithFixedSleep(maxRetries=15, sleepTime=1000 MILLISECONDS)
2022-12-22 10:15:09,018 [EndpointStateMachine task thread for /127.0.0.1:42129 - 0 ] INFO  ipc.Client (Client.java:handleConnectionFailure(1010)) - Retrying connect to server: localhost/127.0.0.1:42129. Already tried 12 time(s); retry policy is RetryUpToMaximumCountWithFixedSleep(maxRetries=15, sleepTime=1000 MILLISECONDS)
2022-12-22 10:15:10,017 [EndpointStateMachine task thread for /127.0.0.1:43945 - 0 ] INFO  ipc.Client (Client.java:handleConnectionFailure(1010)) - Retrying connect to server: localhost/127.0.0.1:43945. Already tried 7 time(s); retry policy is RetryUpToMaximumCountWithFixedSleep(maxRetries=15, sleepTime=1000 MILLISECONDS)
2022-12-22 10:15:10,019 [EndpointStateMachine task thread for /127.0.0.1:42129 - 0 ] INFO  ipc.Client (Client.java:handleConnectionFailure(1010)) - Retrying connect to server: localhost/127.0.0.1:42129. Already tried 13 time(s); retry policy is RetryUpToMaximumCountWithFixedSleep(maxRetries=15, sleepTime=1000 MILLISECONDS)
2022-12-22 10:15:11,018 [EndpointStateMachine task thread for /127.0.0.1:43945 - 0 ] INFO  ipc.Client (Client.java:handleConnectionFailure(1010)) - Retrying connect to server: localhost/127.0.0.1:43945. Already tried 8 time(s); retry policy is RetryUpToMaximumCountWithFixedSleep(maxRetries=15, sleepTime=1000 MILLISECONDS)
2022-12-22 10:15:11,019 [EndpointStateMachine task thread for /127.0.0.1:42129 - 0 ] INFO  ipc.Client (Client.java:handleConnectionFailure(1010)) - Retrying connect to server: localhost/127.0.0.1:42129. Already tried 14 time(s); retry policy is RetryUpToMaximumCountWithFixedSleep(maxRetries=15, sleepTime=1000 MILLISECONDS)
2022-12-22 10:15:12,018 [EndpointStateMachine task thread for /127.0.0.1:43945 - 0 ] INFO  ipc.Client (Client.java:handleConnectionFailure(1010)) - Retrying connect to server: localhost/127.0.0.1:43945. Already tried 9 time(s); retry policy is RetryUpToMaximumCountWithFixedSleep(maxRetries=15, sleepTime=1000 MILLISECONDS)
2022-12-22 10:15:12,020 [EndpointStateMachine task thread for /127.0.0.1:42129 - 0 ] INFO  ipc.Client (Client.java:handleConnectionFailure(1010)) - Retrying connect to server: localhost/127.0.0.1:42129. Already tried 0 time(s); retry policy is RetryUpToMaximumCountWithFixedSleep(maxRetries=15, sleepTime=1000 MILLISECONDS)
2022-12-22 10:15:13,019 [EndpointStateMachine task thread for /127.0.0.1:43945 - 0 ] INFO  ipc.Client (Client.java:handleConnectionFailure(1010)) - Retrying connect to server: localhost/127.0.0.1:43945. Already tried 10 time(s); retry policy is RetryUpToMaximumCountWithFixedSleep(maxRetries=15, sleepTime=1000 MILLISECONDS)
2022-12-22 10:15:13,020 [EndpointStateMachine task thread for /127.0.0.1:42129 - 0 ] INFO  ipc.Client (Client.java:handleConnectionFailure(1010)) - Retrying connect to server: localhost/127.0.0.1:42129. Already tried 1 time(s); retry policy is RetryUpToMaximumCountWithFixedSleep(maxRetries=15, sleepTime=1000 MILLISECONDS)
2022-12-22 10:15:13,336 [e27721bf-da5b-4812-8a42-ad2d861346a7@group-07A649B4923C-FollowerState] INFO  impl.FollowerState (FollowerState.java:run(143)) - e27721bf-da5b-4812-8a42-ad2d861346a7@group-07A649B4923C-FollowerState: change to CANDIDATE, lastRpcElapsedTime:5198871940ns, electionTimeout:5198ms
2022-12-22 10:15:13,336 [e27721bf-da5b-4812-8a42-ad2d861346a7@group-07A649B4923C-FollowerState] INFO  impl.RoleInfo (RoleInfo.java:shutdownFollowerState(110)) - e27721bf-da5b-4812-8a42-ad2d861346a7: shutdown e27721bf-da5b-4812-8a42-ad2d861346a7@group-07A649B4923C-FollowerState
2022-12-22 10:15:13,336 [e27721bf-da5b-4812-8a42-ad2d861346a7@group-07A649B4923C-FollowerState] INFO  server.RaftServer$Division (RaftServerImpl.java:setRole(321)) - e27721bf-da5b-4812-8a42-ad2d861346a7@group-07A649B4923C: changes role from  FOLLOWER to CANDIDATE at term 0 for changeToCandidate
2022-12-22 10:15:13,336 [e27721bf-da5b-4812-8a42-ad2d861346a7@group-07A649B4923C-FollowerState] INFO  server.RaftServerConfigKeys (ConfUtils.java:logGet(46)) - raft.server.leaderelection.pre-vote = false (custom)
2022-12-22 10:15:13,336 [e27721bf-da5b-4812-8a42-ad2d861346a7@group-07A649B4923C-FollowerState] INFO  impl.RoleInfo (RoleInfo.java:updateAndGet(139)) - e27721bf-da5b-4812-8a42-ad2d861346a7: start e27721bf-da5b-4812-8a42-ad2d861346a7@group-07A649B4923C-LeaderElection22
2022-12-22 10:15:13,337 [e27721bf-da5b-4812-8a42-ad2d861346a7@group-07A649B4923C-LeaderElection22] INFO  impl.LeaderElection (LeaderElection.java:askForVotes(312)) - e27721bf-da5b-4812-8a42-ad2d861346a7@group-07A649B4923C-LeaderElection22 ELECTION round 0: submit vote requests at term 1 for -1: peers:[e27721bf-da5b-4812-8a42-ad2d861346a7|rpc:localhost:35421|priority:0|startupRole:FOLLOWER]|listeners:[], old=null
2022-12-22 10:15:13,338 [e27721bf-da5b-4812-8a42-ad2d861346a7@group-07A649B4923C-LeaderElection22] INFO  impl.LeaderElection (LeaderElection.java:askForVotes(314)) - e27721bf-da5b-4812-8a42-ad2d861346a7@group-07A649B4923C-LeaderElection22 ELECTION round 0: result PASSED (term=1)
2022-12-22 10:15:13,338 [e27721bf-da5b-4812-8a42-ad2d861346a7@group-07A649B4923C-LeaderElection22] INFO  impl.RoleInfo (RoleInfo.java:shutdownLeaderElection(130)) - e27721bf-da5b-4812-8a42-ad2d861346a7: shutdown e27721bf-da5b-4812-8a42-ad2d861346a7@group-07A649B4923C-LeaderElection22
2022-12-22 10:15:13,338 [e27721bf-da5b-4812-8a42-ad2d861346a7@group-07A649B4923C-LeaderElection22] INFO  server.RaftServer$Division (RaftServerImpl.java:setRole(321)) - e27721bf-da5b-4812-8a42-ad2d861346a7@group-07A649B4923C: changes role from CANDIDATE to LEADER at term 1 for changeToLeader
2022-12-22 10:15:13,338 [e27721bf-da5b-4812-8a42-ad2d861346a7@group-07A649B4923C-LeaderElection22] INFO  server.RaftServer$Division (ServerState.java:setLeader(313)) - e27721bf-da5b-4812-8a42-ad2d861346a7@group-07A649B4923C: change Leader from null to e27721bf-da5b-4812-8a42-ad2d861346a7 at term 1 for becomeLeader, leader elected after 5212ms
2022-12-22 10:15:13,338 [e27721bf-da5b-4812-8a42-ad2d861346a7@group-07A649B4923C-LeaderElection22] INFO  server.RaftServerConfigKeys (ConfUtils.java:logGet(46)) - raft.server.staging.catchup.gap = 1000 (default)
2022-12-22 10:15:13,338 [e27721bf-da5b-4812-8a42-ad2d861346a7@group-07A649B4923C-LeaderElection22] INFO  server.RaftServerConfigKeys (ConfUtils.java:logGet(46)) - raft.server.write.element-limit = 4096 (default)
2022-12-22 10:15:13,338 [e27721bf-da5b-4812-8a42-ad2d861346a7@group-07A649B4923C-LeaderElection22] INFO  server.RaftServerConfigKeys (ConfUtils.java:logGet(46)) - raft.server.write.byte-limit = 64MB (=67108864) (default)
2022-12-22 10:15:13,338 [e27721bf-da5b-4812-8a42-ad2d861346a7@group-07A649B4923C-LeaderElection22] INFO  server.RaftServerConfigKeys (ConfUtils.java:logGet(46)) - raft.server.watch.timeout = 10s (default)
2022-12-22 10:15:13,338 [e27721bf-da5b-4812-8a42-ad2d861346a7@group-07A649B4923C-LeaderElection22] INFO  server.RaftServerConfigKeys (ConfUtils.java:logGet(46)) - raft.server.watch.timeout.denomination = 1s (default)
2022-12-22 10:15:13,338 [e27721bf-da5b-4812-8a42-ad2d861346a7@group-07A649B4923C-LeaderElection22] INFO  server.RaftServerConfigKeys (ConfUtils.java:logGet(46)) - raft.server.watch.element-limit = 65536 (default)
2022-12-22 10:15:13,338 [e27721bf-da5b-4812-8a42-ad2d861346a7@group-07A649B4923C-LeaderElection22] INFO  server.RaftServerConfigKeys (ConfUtils.java:logGet(46)) - raft.server.write.element-limit = 4096 (default)
2022-12-22 10:15:13,338 [e27721bf-da5b-4812-8a42-ad2d861346a7@group-07A649B4923C-LeaderElection22] INFO  server.RaftServerConfigKeys (ConfUtils.java:logGet(46)) - raft.server.write.follower.gap.ratio.max = -1.0 (default)
2022-12-22 10:15:13,338 [e27721bf-da5b-4812-8a42-ad2d861346a7@group-07A649B4923C-LeaderElection22] INFO  impl.RoleInfo (RoleInfo.java:updateAndGet(139)) - e27721bf-da5b-4812-8a42-ad2d861346a7: start e27721bf-da5b-4812-8a42-ad2d861346a7@group-07A649B4923C-LeaderStateImpl
2022-12-22 10:15:13,338 [e27721bf-da5b-4812-8a42-ad2d861346a7@group-07A649B4923C-LeaderElection22] INFO  segmented.SegmentedRaftLogWorker (SegmentedRaftLogWorker.java:startLogSegment(452)) - e27721bf-da5b-4812-8a42-ad2d861346a7@group-07A649B4923C-SegmentedRaftLogWorker: Starting segment from index:0
2022-12-22 10:15:13,344 [e27721bf-da5b-4812-8a42-ad2d861346a7@group-07A649B4923C-LeaderElection22] INFO  server.RaftServer$Division (ServerState.java:setRaftConf(430)) - e27721bf-da5b-4812-8a42-ad2d861346a7@group-07A649B4923C: set configuration 0: peers:[e27721bf-da5b-4812-8a42-ad2d861346a7|rpc:localhost:35421|admin:|client:|dataStream:|priority:0|startupRole:FOLLOWER]|listeners:[], old=null
2022-12-22 10:15:13,346 [e27721bf-da5b-4812-8a42-ad2d861346a7@group-07A649B4923C-SegmentedRaftLogWorker] INFO  segmented.SegmentedRaftLogWorker (SegmentedRaftLogWorker.java:execute(656)) - e27721bf-da5b-4812-8a42-ad2d861346a7@group-07A649B4923C-SegmentedRaftLogWorker: created new log segment /home/runner/work/ozone/ozone/hadoop-ozone/integration-test/target/test-dir/MiniOzoneClusterImpl-73a15bac-dca4-4ec7-8fa0-07a649b4923c/scmNode-1/scm-ha/73a15bac-dca4-4ec7-8fa0-07a649b4923c/current/log_inprogress_0
2022-12-22 10:15:14,019 [EndpointStateMachine task thread for /127.0.0.1:43945 - 0 ] INFO  ipc.Client (Client.java:handleConnectionFailure(1010)) - Retrying connect to server: localhost/127.0.0.1:43945. Already tried 11 time(s); retry policy is RetryUpToMaximumCountWithFixedSleep(maxRetries=15, sleepTime=1000 MILLISECONDS)
2022-12-22 10:15:14,020 [EndpointStateMachine task thread for /127.0.0.1:42129 - 0 ] INFO  ipc.Client (Client.java:handleConnectionFailure(1010)) - Retrying connect to server: localhost/127.0.0.1:42129. Already tried 2 time(s); retry policy is RetryUpToMaximumCountWithFixedSleep(maxRetries=15, sleepTime=1000 MILLISECONDS)
2022-12-22 10:15:14,141 [Listener at 127.0.0.1/33227] INFO  server.RaftServer (RaftServerProxy.java:lambda$close$6(409)) - e27721bf-da5b-4812-8a42-ad2d861346a7: close
2022-12-22 10:15:14,141 [Listener at 127.0.0.1/33227] INFO  server.GrpcService (GrpcService.java:closeImpl(271)) - e27721bf-da5b-4812-8a42-ad2d861346a7: shutdown server GrpcServerProtocolService now
2022-12-22 10:15:14,141 [e27721bf-da5b-4812-8a42-ad2d861346a7-impl-thread1] INFO  server.RaftServer$Division (RaftServerImpl.java:lambda$close$4(458)) - e27721bf-da5b-4812-8a42-ad2d861346a7@group-07A649B4923C: shutdown
2022-12-22 10:15:14,141 [e27721bf-da5b-4812-8a42-ad2d861346a7-impl-thread1] INFO  util.JmxRegister (JmxRegister.java:unregister(73)) - Successfully un-registered JMX Bean with object name Ratis:service=RaftServer,group=group-07A649B4923C,id=e27721bf-da5b-4812-8a42-ad2d861346a7
2022-12-22 10:15:14,141 [e27721bf-da5b-4812-8a42-ad2d861346a7-impl-thread1] INFO  impl.RoleInfo (RoleInfo.java:shutdownLeaderState(93)) - e27721bf-da5b-4812-8a42-ad2d861346a7: shutdown e27721bf-da5b-4812-8a42-ad2d861346a7@group-07A649B4923C-LeaderStateImpl
2022-12-22 10:15:14,142 [e27721bf-da5b-4812-8a42-ad2d861346a7-impl-thread1] INFO  impl.PendingRequests (PendingRequests.java:sendNotLeaderResponses(282)) - e27721bf-da5b-4812-8a42-ad2d861346a7@group-07A649B4923C-PendingRequests: sendNotLeaderResponses
2022-12-22 10:15:14,142 [Listener at 127.0.0.1/33227] INFO  server.GrpcService (GrpcService.java:closeImpl(280)) - e27721bf-da5b-4812-8a42-ad2d861346a7: shutdown server GrpcServerProtocolService successfully
2022-12-22 10:15:14,142 [e27721bf-da5b-4812-8a42-ad2d861346a7-impl-thread1] INFO  impl.StateMachineUpdater (StateMachineUpdater.java:stopAndJoin(153)) - e27721bf-da5b-4812-8a42-ad2d861346a7@group-07A649B4923C-StateMachineUpdater: set stopIndex = 0
2022-12-22 10:15:14,142 [e27721bf-da5b-4812-8a42-ad2d861346a7-NettyServerStreamRpc-bossGroup--thread1] INFO  logging.LoggingHandler (AbstractInternalLogger.java:log(148)) - [id: 0x542e4114, L:/0:0:0:0:0:0:0:0:35569] CLOSE
2022-12-22 10:15:14,142 [e27721bf-da5b-4812-8a42-ad2d861346a7@group-07A649B4923C-StateMachineUpdater] INFO  impl.StateMachineUpdater (StateMachineUpdater.java:takeSnapshot(287)) - e27721bf-da5b-4812-8a42-ad2d861346a7@group-07A649B4923C-StateMachineUpdater: Took a snapshot at index 0
2022-12-22 10:15:14,142 [e27721bf-da5b-4812-8a42-ad2d861346a7@group-07A649B4923C-StateMachineUpdater] INFO  impl.StateMachineUpdater (StateMachineUpdater.java:lambda$new$0(92)) - e27721bf-da5b-4812-8a42-ad2d861346a7@group-07A649B4923C-StateMachineUpdater: snapshotIndex: updateIncreasingly -1 -> 0
2022-12-22 10:15:14,142 [e27721bf-da5b-4812-8a42-ad2d861346a7-NettyServerStreamRpc-bossGroup--thread1] INFO  logging.LoggingHandler (AbstractInternalLogger.java:log(148)) - [id: 0x542e4114, L:/0:0:0:0:0:0:0:0:35569] INACTIVE
2022-12-22 10:15:14,142 [e27721bf-da5b-4812-8a42-ad2d861346a7-NettyServerStreamRpc-bossGroup--thread1] INFO  logging.LoggingHandler (AbstractInternalLogger.java:log(148)) - [id: 0x542e4114, L:/0:0:0:0:0:0:0:0:35569] UNREGISTERED
2022-12-22 10:15:14,142 [e27721bf-da5b-4812-8a42-ad2d861346a7-impl-thread1] INFO  server.RaftServer$Division (ServerState.java:close(466)) - e27721bf-da5b-4812-8a42-ad2d861346a7@group-07A649B4923C: closes. applyIndex: 0
2022-12-22 10:15:14,144 [e27721bf-da5b-4812-8a42-ad2d861346a7@group-07A649B4923C-SegmentedRaftLogWorker] INFO  segmented.SegmentedRaftLogWorker (SegmentedRaftLogWorker.java:run(347)) - e27721bf-da5b-4812-8a42-ad2d861346a7@group-07A649B4923C-SegmentedRaftLogWorker was interrupted, exiting. There are 0 tasks remaining in the queue.
2022-12-22 10:15:14,148 [e27721bf-da5b-4812-8a42-ad2d861346a7-impl-thread1] INFO  segmented.SegmentedRaftLogWorker (SegmentedRaftLogWorker.java:close(257)) - e27721bf-da5b-4812-8a42-ad2d861346a7@group-07A649B4923C-SegmentedRaftLogWorker close()
2022-12-22 10:15:14,148 [JvmPauseMonitor16] INFO  util.JvmPauseMonitor (JvmPauseMonitor.java:run(111)) - JvmPauseMonitor-e27721bf-da5b-4812-8a42-ad2d861346a7: Stopped
2022-12-22 10:15:14,148 [Listener at 127.0.0.1/33227] WARN  server.ServerUtils (ServerUtils.java:getScmDbDir(148)) - ozone.scm.db.dirs is not configured. We recommend adding this setting. Falling back to ozone.metadata.dirs instead.
2022-12-22 10:15:14,149 [Listener at 127.0.0.1/33227] INFO  server.StorageContainerManager (StorageContainerManager.java:scmInit(1230)) - SCM initialization succeeded. Current cluster id for sd=/home/runner/work/ozone/ozone/hadoop-ozone/integration-test/target/test-dir/MiniOzoneClusterImpl-73a15bac-dca4-4ec7-8fa0-07a649b4923c/scmNode-1/scm; cid=73a15bac-dca4-4ec7-8fa0-07a649b4923c; layoutVersion=4; scmId=e27721bf-da5b-4812-8a42-ad2d861346a7
2022-12-22 10:15:14,150 [Listener at 127.0.0.1/33227] WARN  server.ServerUtils (ServerUtils.java:getScmDbDir(148)) - ozone.scm.db.dirs is not configured. We recommend adding this setting. Falling back to ozone.metadata.dirs instead.
2022-12-22 10:15:14,150 [Listener at 127.0.0.1/33227] INFO  ha.SCMHANodeDetails (SCMHANodeDetails.java:loadSCMHAConfig(209)) - ServiceID for StorageContainerManager is scmServiceId
2022-12-22 10:15:14,150 [Listener at 127.0.0.1/33227] INFO  ha.SCMHANodeDetails (SCMHANodeDetails.java:loadSCMHAConfig(220)) - ServiceID for StorageContainerManager is scmServiceId
2022-12-22 10:15:14,150 [Listener at 127.0.0.1/33227] INFO  ha.SCMHANodeDetails (SCMHANodeDetails.java:loadSCMHAConfig(307)) - Found matching SCM address with SCMServiceId: scmServiceId, SCMNodeId: scmNode-1, RPC Address: localhost:35421 and Ratis port: 35421
2022-12-22 10:15:14,150 [Listener at 127.0.0.1/33227] INFO  ha.SCMHANodeDetails (ConfUtils.java:setNodeSpecificConfigs(97)) - Setting configuration key ozone.scm.datanode.address with value of key ozone.scm.datanode.address.scmServiceId.scmNode-1: 127.0.0.1:36861
2022-12-22 10:15:14,150 [Listener at 127.0.0.1/33227] INFO  ha.SCMHANodeDetails (ConfUtils.java:setNodeSpecificConfigs(97)) - Setting configuration key ozone.scm.block.client.address with value of key ozone.scm.block.client.address.scmServiceId.scmNode-1: 127.0.0.1:40907
2022-12-22 10:15:14,150 [Listener at 127.0.0.1/33227] INFO  ha.SCMHANodeDetails (ConfUtils.java:setNodeSpecificConfigs(97)) - Setting configuration key ozone.scm.client.address with value of key ozone.scm.client.address.scmServiceId.scmNode-1: 127.0.0.1:40193
2022-12-22 10:15:14,150 [Listener at 127.0.0.1/33227] INFO  ha.SCMHANodeDetails (ConfUtils.java:setNodeSpecificConfigs(97)) - Setting configuration key ozone.scm.ratis.port with value of key ozone.scm.ratis.port.scmServiceId.scmNode-1: 35421
2022-12-22 10:15:14,150 [Listener at 127.0.0.1/33227] INFO  ha.SCMHANodeDetails (ConfUtils.java:setNodeSpecificConfigs(97)) - Setting configuration key ozone.scm.grpc.port with value of key ozone.scm.grpc.port.scmServiceId.scmNode-1: 38759
2022-12-22 10:15:14,151 [Listener at 127.0.0.1/33227] INFO  ha.SCMHANodeDetails (ConfUtils.java:setNodeSpecificConfigs(97)) - Setting configuration key ozone.scm.http-address with value of key ozone.scm.http-address.scmServiceId.scmNode-1: 127.0.0.1:33747
2022-12-22 10:15:14,151 [Listener at 127.0.0.1/33227] INFO  ha.SCMHANodeDetails (ConfUtils.java:setNodeSpecificConfigs(97)) - Setting configuration key ozone.scm.https-address with value of key ozone.scm.https-address.scmServiceId.scmNode-1: 127.0.0.1:40523
2022-12-22 10:15:14,151 [Listener at 127.0.0.1/33227] INFO  ha.SCMHANodeDetails (ConfUtils.java:setNodeSpecificConfigs(97)) - Setting configuration key ozone.scm.address with value of key ozone.scm.address.scmServiceId.scmNode-1: 127.0.0.1
2022-12-22 10:15:14,151 [Listener at 127.0.0.1/33227] WARN  scm.ScmUtils (ScmUtils.java:logWarn(190)) - ConfigKey ozone.scm.block.client.address is deprecated, For configuring different ports for each SCM use PortConfigKey ozone.scm.block.client.port appended with serviceId and nodeId. If want to configure same port configure ozone.scm.block.client.port
2022-12-22 10:15:14,151 [Listener at 127.0.0.1/33227] WARN  scm.ScmUtils (ScmUtils.java:logWarn(190)) - ConfigKey ozone.scm.client.address is deprecated, For configuring different ports for each SCM use PortConfigKey ozone.scm.client.port appended with serviceId and nodeId. If want to configure same port configure ozone.scm.client.port
2022-12-22 10:15:14,151 [Listener at 127.0.0.1/33227] WARN  scm.ScmUtils (ScmUtils.java:logWarn(190)) - ConfigKey ozone.scm.datanode.address is deprecated, For configuring different ports for each SCM use PortConfigKey ozone.scm.datanode.port appended with serviceId and nodeId. If want to configure same port configure ozone.scm.datanode.port
2022-12-22 10:15:14,157 [Listener at 127.0.0.1/33227] WARN  utils.HAUtils (HAUtils.java:getMetaDir(342)) - ozone.scm.db.dirs is not configured. We recommend adding this setting. Falling back to ozone.metadata.dirs instead.
2022-12-22 10:15:14,157 [Listener at 127.0.0.1/33227] WARN  db.DBStoreBuilder (DBStoreBuilder.java:applyDBDefinition(144)) - ozone.scm.db.dirs is not configured. We recommend adding this setting. Falling back to ozone.metadata.dirs instead.
2022-12-22 10:15:14,243 [Listener at 127.0.0.1/33227] INFO  net.NodeSchemaLoader (NodeSchemaLoader.java:loadSchemaFromFile(129)) - Loading schema from [jar:file:/home/runner/.m2/repository/org/apache/ozone/hdds-common/1.3.0-SNAPSHOT/hdds-common-1.3.0-SNAPSHOT.jar!/network-topology-default.xml]
2022-12-22 10:15:14,243 [Listener at 127.0.0.1/33227] INFO  net.NodeSchemaLoader (NodeSchemaLoader.java:loadSchema(176)) - Loading network topology layer schema file
2022-12-22 10:15:14,245 [Listener at 127.0.0.1/33227] WARN  impl.MetricRegistriesImpl (MetricRegistriesImpl.java:addReporterRegistration(111)) - New reporters are added after registries were created. Some metrics will be missing from the reporter. Please add reporter before adding any new registry.
2022-12-22 10:15:14,245 [Listener at 127.0.0.1/33227] WARN  impl.MetricRegistriesImpl (MetricRegistriesImpl.java:addReporterRegistration(111)) - New reporters are added after registries were created. Some metrics will be missing from the reporter. Please add reporter before adding any new registry.
2022-12-22 10:15:14,246 [Listener at 127.0.0.1/33227] INFO  ha.SCMRatisServerImpl (SCMRatisServerImpl.java:<init>(87)) - starting Raft server for scm:e27721bf-da5b-4812-8a42-ad2d861346a7
2022-12-22 10:15:14,246 [Listener at 127.0.0.1/33227] INFO  server.RaftServer (ConfUtils.java:logGet(46)) - raft.rpc.type = GRPC (default)
2022-12-22 10:15:14,246 [Listener at 127.0.0.1/33227] INFO  grpc.GrpcConfigKeys (ConfUtils.java:logFallback(53)) - raft.grpc.admin.host = null (fallback to raft.grpc.server.host)
2022-12-22 10:15:14,247 [Listener at 127.0.0.1/33227] INFO  grpc.GrpcConfigKeys (ConfUtils.java:logFallback(53)) - raft.grpc.admin.port = 35421 (fallback to raft.grpc.server.port)
2022-12-22 10:15:14,247 [Listener at 127.0.0.1/33227] INFO  grpc.GrpcConfigKeys (ConfUtils.java:logFallback(53)) - raft.grpc.client.host = null (fallback to raft.grpc.server.host)
2022-12-22 10:15:14,247 [Listener at 127.0.0.1/33227] INFO  grpc.GrpcConfigKeys (ConfUtils.java:logFallback(53)) - raft.grpc.client.port = 35421 (fallback to raft.grpc.server.port)
2022-12-22 10:15:14,247 [Listener at 127.0.0.1/33227] INFO  grpc.GrpcConfigKeys (ConfUtils.java:logGet(46)) - raft.grpc.server.host = null (default)
2022-12-22 10:15:14,247 [Listener at 127.0.0.1/33227] INFO  grpc.GrpcConfigKeys (ConfUtils.java:logGet(46)) - raft.grpc.server.port = 35421 (custom)
2022-12-22 10:15:14,247 [Listener at 127.0.0.1/33227] INFO  server.GrpcService (ConfUtils.java:logGet(46)) - raft.grpc.message.size.max = 32m (=33554432) (custom)
2022-12-22 10:15:14,247 [Listener at 127.0.0.1/33227] INFO  server.RaftServerConfigKeys (ConfUtils.java:logGet(46)) - raft.server.log.appender.buffer.byte-limit = 33554432 (custom)
2022-12-22 10:15:14,247 [Listener at 127.0.0.1/33227] INFO  server.GrpcService (ConfUtils.java:logGet(46)) - raft.grpc.flow.control.window = 1MB (=1048576) (default)
2022-12-22 10:15:14,247 [Listener at 127.0.0.1/33227] INFO  server.RaftServerConfigKeys (ConfUtils.java:logGet(46)) - raft.server.rpc.request.timeout = 30000ms (custom)
2022-12-22 10:15:14,248 [Listener at 127.0.0.1/33227] INFO  grpc.GrpcConfigKeys (ConfUtils.java:logGet(46)) - raft.grpc.server.heartbeat.channel = true (default)
2022-12-22 10:15:14,248 [Listener at 127.0.0.1/33227] INFO  grpc.GrpcConfigKeys (ConfUtils.java:logGet(46)) - raft.grpc.server.async.request.thread.pool.cached = true (default)
2022-12-22 10:15:14,248 [Listener at 127.0.0.1/33227] INFO  grpc.GrpcConfigKeys (ConfUtils.java:logGet(46)) - raft.grpc.server.async.request.thread.pool.size = 32 (default)
2022-12-22 10:15:14,249 [Listener at 127.0.0.1/33227] INFO  impl.DataStreamServerImpl (ConfUtils.java:logGet(46)) - raft.datastream.type = NETTY (custom)
2022-12-22 10:15:14,249 [Listener at 127.0.0.1/33227] INFO  server.RaftServerConfigKeys (ConfUtils.java:logGet(46)) - raft.server.data-stream.async.request.thread.pool.cached = false (default)
2022-12-22 10:15:14,249 [Listener at 127.0.0.1/33227] INFO  server.RaftServerConfigKeys (ConfUtils.java:logGet(46)) - raft.server.data-stream.async.request.thread.pool.size = 32 (default)
2022-12-22 10:15:14,249 [Listener at 127.0.0.1/33227] INFO  server.RaftServerConfigKeys (ConfUtils.java:logGet(46)) - raft.server.data-stream.async.write.thread.pool.size = 16 (default)
2022-12-22 10:15:14,249 [Listener at 127.0.0.1/33227] INFO  server.RaftServerConfigKeys (ConfUtils.java:logGet(46)) - raft.server.data-stream.client.pool.size = 10 (default)
2022-12-22 10:15:14,249 [Listener at 127.0.0.1/33227] INFO  netty.NettyConfigKeys$DataStream (ConfUtils.java:logGet(46)) - raft.netty.dataStream.server.use-epoll = false (default)
2022-12-22 10:15:14,249 [Listener at 127.0.0.1/33227] INFO  netty.NettyConfigKeys$DataStream (ConfUtils.java:logGet(46)) - raft.netty.dataStream.server.boss-group.size = 0 (default)
2022-12-22 10:15:14,250 [Listener at 127.0.0.1/33227] INFO  netty.NettyConfigKeys$DataStream (ConfUtils.java:logGet(46)) - raft.netty.dataStream.server.worker-group.size = 0 (default)
2022-12-22 10:15:14,250 [Listener at 127.0.0.1/33227] INFO  netty.NettyConfigKeys$DataStream (ConfUtils.java:logGet(46)) - raft.netty.dataStream.server.tls.conf = null (default)
2022-12-22 10:15:14,250 [Listener at 127.0.0.1/33227] INFO  netty.NettyConfigKeys$DataStream (ConfUtils.java:logGet(46)) - raft.netty.dataStream.host = null (default)
2022-12-22 10:15:14,250 [Listener at 127.0.0.1/33227] INFO  netty.NettyConfigKeys$DataStream (ConfUtils.java:logGet(46)) - raft.netty.dataStream.port = 0 (default)
2022-12-22 10:15:14,250 [Listener at 127.0.0.1/33227] INFO  server.RaftServerConfigKeys (ConfUtils.java:logGet(46)) - raft.server.threadpool.proxy.cached = true (default)
2022-12-22 10:15:14,251 [Listener at 127.0.0.1/33227] INFO  server.RaftServerConfigKeys (ConfUtils.java:logGet(46)) - raft.server.threadpool.proxy.size = 0 (default)
2022-12-22 10:15:14,251 [Listener at 127.0.0.1/33227] INFO  server.RaftServerConfigKeys (ConfUtils.java:logGet(46)) - raft.server.rpc.slowness.timeout = 120000ms (custom)
2022-12-22 10:15:14,251 [Listener at 127.0.0.1/33227] INFO  server.RaftServerConfigKeys (ConfUtils.java:logGet(46)) - raft.server.leaderelection.leader.step-down.wait-time = 10s (default)
2022-12-22 10:15:14,251 [Listener at 127.0.0.1/33227] INFO  server.RaftServerConfigKeys (ConfUtils.java:logGet(46)) - raft.server.storage.dir = [/home/runner/work/ozone/ozone/hadoop-ozone/integration-test/target/test-dir/MiniOzoneClusterImpl-73a15bac-dca4-4ec7-8fa0-07a649b4923c/scmNode-1/scm-ha] (custom)
2022-12-22 10:15:14,251 [e27721bf-da5b-4812-8a42-ad2d861346a7-NettyServerStreamRpc-bossGroup--thread1] INFO  logging.LoggingHandler (AbstractInternalLogger.java:log(148)) - [id: 0x76f4d6c2] REGISTERED
2022-12-22 10:15:14,251 [e27721bf-da5b-4812-8a42-ad2d861346a7-NettyServerStreamRpc-bossGroup--thread1] INFO  logging.LoggingHandler (AbstractInternalLogger.java:log(148)) - [id: 0x76f4d6c2] BIND: 0.0.0.0/0.0.0.0:0
2022-12-22 10:15:14,252 [e27721bf-da5b-4812-8a42-ad2d861346a7-NettyServerStreamRpc-bossGroup--thread1] INFO  logging.LoggingHandler (AbstractInternalLogger.java:log(148)) - [id: 0x76f4d6c2, L:/0:0:0:0:0:0:0:0:37667] ACTIVE
2022-12-22 10:15:14,252 [e27721bf-da5b-4812-8a42-ad2d861346a7-impl-thread1] INFO  server.RaftServer (RaftServerProxy.java:initGroupDir(251)) - e27721bf-da5b-4812-8a42-ad2d861346a7: found a subdirectory /home/runner/work/ozone/ozone/hadoop-ozone/integration-test/target/test-dir/MiniOzoneClusterImpl-73a15bac-dca4-4ec7-8fa0-07a649b4923c/scmNode-1/scm-ha/73a15bac-dca4-4ec7-8fa0-07a649b4923c
2022-12-22 10:15:14,252 [Listener at 127.0.0.1/33227] INFO  server.RaftServer (RaftServerProxy.java:addNew(96)) - e27721bf-da5b-4812-8a42-ad2d861346a7: addNew group-07A649B4923C:[] returns group-07A649B4923C:java.util.concurrent.CompletableFuture@1457fcc7[Not completed]
2022-12-22 10:15:14,252 [pool-469-thread-1] INFO  server.RaftServer$Division (RaftServerImpl.java:<init>(195)) - e27721bf-da5b-4812-8a42-ad2d861346a7: new RaftServerImpl for group-07A649B4923C:[] with SCMStateMachine:uninitialized
2022-12-22 10:15:14,252 [pool-469-thread-1] INFO  server.RaftServerConfigKeys (ConfUtils.java:logGet(46)) - raft.server.rpc.timeout.min = 5000ms (custom)
2022-12-22 10:15:14,252 [pool-469-thread-1] INFO  server.RaftServerConfigKeys (ConfUtils.java:logGet(46)) - raft.server.rpc.timeout.max = 5200ms (custom)
2022-12-22 10:15:14,252 [pool-469-thread-1] INFO  server.RaftServerConfigKeys (ConfUtils.java:logGet(46)) - raft.server.rpc.sleep.time = 25ms (default)
2022-12-22 10:15:14,252 [pool-469-thread-1] INFO  server.RaftServerConfigKeys (ConfUtils.java:logGet(46)) - raft.server.rpc.slowness.timeout = 120000ms (custom)
2022-12-22 10:15:14,252 [pool-469-thread-1] INFO  server.RaftServerConfigKeys (ConfUtils.java:logGet(46)) - raft.server.leaderelection.leader.step-down.wait-time = 10s (default)
2022-12-22 10:15:14,252 [pool-469-thread-1] INFO  server.RaftServerConfigKeys (ConfUtils.java:logGet(46)) - raft.server.sleep.deviation.threshold = 300ms (default)
2022-12-22 10:15:14,253 [pool-469-thread-1] INFO  server.RaftServer$Division (ServerState.java:<init>(118)) - e27721bf-da5b-4812-8a42-ad2d861346a7@group-07A649B4923C: ConfigurationManager, init=-1: peers:[]|listeners:[], old=null, confs=<EMPTY_MAP>
2022-12-22 10:15:14,253 [pool-469-thread-1] INFO  server.RaftServerConfigKeys (ConfUtils.java:logGet(46)) - raft.server.storage.dir = [/home/runner/work/ozone/ozone/hadoop-ozone/integration-test/target/test-dir/MiniOzoneClusterImpl-73a15bac-dca4-4ec7-8fa0-07a649b4923c/scmNode-1/scm-ha] (custom)
2022-12-22 10:15:14,253 [pool-469-thread-1] INFO  server.RaftServerConfigKeys (ConfUtils.java:logGet(46)) - raft.server.log.corruption.policy = EXCEPTION (default)
2022-12-22 10:15:14,253 [pool-469-thread-1] INFO  server.RaftServerConfigKeys (ConfUtils.java:logGet(46)) - raft.server.storage.free-space.min = 0MB (=0) (default)
2022-12-22 10:15:14,253 [pool-469-thread-1] INFO  server.RaftServerConfigKeys (ConfUtils.java:logGet(46)) - raft.server.notification.no-leader.timeout = 60s (default)
2022-12-22 10:15:14,253 [pool-469-thread-1] INFO  server.RaftServerConfigKeys (ConfUtils.java:logGet(46)) - raft.server.retrycache.expirytime = 60000ms (default)
2022-12-22 10:15:14,253 [pool-469-thread-1] INFO  server.RaftServerConfigKeys (ConfUtils.java:logGet(46)) - raft.server.retrycache.statistics.expirytime = 100μs (default)
2022-12-22 10:15:14,253 [pool-469-thread-1] INFO  server.RaftServerConfigKeys (ConfUtils.java:logGet(46)) - raft.server.log.appender.install.snapshot.enabled = false (custom)
2022-12-22 10:15:14,253 [pool-469-thread-1] INFO  server.RaftServerConfigKeys (ConfUtils.java:logGet(46)) - raft.server.threadpool.server.cached = true (default)
2022-12-22 10:15:14,253 [pool-469-thread-1] INFO  server.RaftServerConfigKeys (ConfUtils.java:logGet(46)) - raft.server.threadpool.server.size = 0 (default)
2022-12-22 10:15:14,253 [pool-469-thread-1] INFO  server.RaftServerConfigKeys (ConfUtils.java:logGet(46)) - raft.server.threadpool.client.cached = true (default)
2022-12-22 10:15:14,253 [pool-469-thread-1] INFO  server.RaftServerConfigKeys (ConfUtils.java:logGet(46)) - raft.server.threadpool.client.size = 0 (default)
2022-12-22 10:15:14,253 [Listener at 127.0.0.1/33227] INFO  ha.SCMSnapshotProvider (SCMSnapshotProvider.java:<init>(66)) - Initializing SCM Snapshot Provider
2022-12-22 10:15:14,253 [Listener at 127.0.0.1/33227] WARN  server.ServerUtils (ServerUtils.java:getDefaultRatisDirectory(237)) - Storage directory for Ratis is not configured. It is a good idea to map this to an SSD disk. Falling back to ozone.metadata.dirs
2022-12-22 10:15:14,254 [Listener at 127.0.0.1/33227] WARN  ha.SCMHAUtils (SCMHAUtils.java:getSCMRatisSnapshotDirectory(153)) - SCM snapshot dir is not configured. Falling back to ozone.metadata.dirs config
2022-12-22 10:15:14,254 [Listener at 127.0.0.1/33227] INFO  upgrade.AbstractLayoutVersionManager (AbstractLayoutVersionManager.java:init(83)) - Initializing Layout version manager with metadata layout = DATANODE_SCHEMA_V3 (version = 4), software layout = DATANODE_SCHEMA_V3 (version = 4)
2022-12-22 10:15:14,295 [Listener at 127.0.0.1/33227] INFO  reflections.Reflections (Reflections.java:scan(232)) - Reflections took 40 ms to scan 7 urls, producing 146 keys and 348 values 
2022-12-22 10:15:14,297 [Listener at 127.0.0.1/33227] INFO  ha.SequenceIdGenerator (SequenceIdGenerator.java:upgradeToSequenceId(349)) - upgrade localId to 109611004723200000
2022-12-22 10:15:14,297 [Listener at 127.0.0.1/33227] INFO  ha.SequenceIdGenerator (SequenceIdGenerator.java:upgradeToSequenceId(359)) - upgrade delTxnId to 0
2022-12-22 10:15:14,297 [Listener at 127.0.0.1/33227] INFO  ha.SequenceIdGenerator (SequenceIdGenerator.java:upgradeToSequenceId(376)) - upgrade containerId to 0
2022-12-22 10:15:14,297 [Listener at 127.0.0.1/33227] INFO  ha.SequenceIdGenerator (SequenceIdGenerator.java:<init>(220)) - Init the HA SequenceIdGenerator.
2022-12-22 10:15:14,298 [Listener at 127.0.0.1/33227] INFO  node.SCMNodeManager (SCMNodeManager.java:<init>(149)) - Entering startup safe mode.
2022-12-22 10:15:14,298 [Listener at 127.0.0.1/33227] INFO  algorithms.ContainerPlacementPolicyFactory (ContainerPlacementPolicyFactory.java:getPolicyInternal(86)) - Create container placement policy of type org.apache.hadoop.hdds.scm.container.placement.algorithms.SCMContainerPlacementRandom
2022-12-22 10:15:14,298 [Listener at 127.0.0.1/33227] INFO  algorithms.ContainerPlacementPolicyFactory (ContainerPlacementPolicyFactory.java:getPolicyInternal(86)) - Create container placement policy of type org.apache.hadoop.hdds.scm.container.placement.algorithms.SCMContainerPlacementRackScatter
2022-12-22 10:15:14,298 [Listener at 127.0.0.1/33227] INFO  pipeline.PipelineStateManagerImpl (PipelineStateManagerImpl.java:initialize(78)) - No pipeline exists in current db
2022-12-22 10:15:14,298 [Listener at 127.0.0.1/33227] INFO  algorithms.LeaderChoosePolicyFactory (LeaderChoosePolicyFactory.java:getPolicy(57)) - Create leader choose policy of type org.apache.hadoop.hdds.scm.pipeline.leader.choose.algorithms.MinLeaderCountChoosePolicy
2022-12-22 10:15:14,298 [Listener at 127.0.0.1/33227] INFO  algorithms.ContainerPlacementPolicyFactory (ContainerPlacementPolicyFactory.java:getPolicyInternal(86)) - Create container placement policy of type org.apache.hadoop.hdds.scm.container.placement.algorithms.SCMContainerPlacementRackScatter
2022-12-22 10:15:14,299 [Listener at 127.0.0.1/33227] INFO  ha.SCMServiceManager (SCMServiceManager.java:register(42)) - Registering service BackgroundPipelineCreator.
2022-12-22 10:15:14,299 [Listener at 127.0.0.1/33227] INFO  pipeline.BackgroundPipelineCreator (BackgroundPipelineCreator.java:start(124)) - Starting RatisPipelineUtilsThread.
2022-12-22 10:15:14,299 [Listener at 127.0.0.1/33227] INFO  BackgroundPipelineScrubber (BackgroundSCMService.java:start(68)) - Starting BackgroundPipelineScrubber Service.
2022-12-22 10:15:14,299 [Listener at 127.0.0.1/33227] INFO  ha.SCMServiceManager (SCMServiceManager.java:register(42)) - Registering service BackgroundPipelineScrubber.
2022-12-22 10:15:14,299 [Listener at 127.0.0.1/33227] INFO  ExpiredContainerReplicaOpScrubber (BackgroundSCMService.java:start(68)) - Starting ExpiredContainerReplicaOpScrubber Service.
2022-12-22 10:15:14,300 [Listener at 127.0.0.1/33227] INFO  ha.SCMServiceManager (SCMServiceManager.java:register(42)) - Registering service ExpiredContainerReplicaOpScrubber.
2022-12-22 10:15:14,301 [Listener at 127.0.0.1/33227] INFO  algorithms.PipelineChoosePolicyFactory (PipelineChoosePolicyFactory.java:createPipelineChoosePolicyFromClass(73)) - Create pipeline choose policy of type org.apache.hadoop.hdds.scm.pipeline.choose.algorithms.RandomPipelineChoosePolicy
2022-12-22 10:15:14,301 [Listener at 127.0.0.1/33227] INFO  ha.SCMServiceManager (SCMServiceManager.java:register(42)) - Registering service SCMBlockDeletingService.
2022-12-22 10:15:14,302 [Listener at 127.0.0.1/33227] INFO  replication.ReplicationManager (ReplicationManager.java:start(261)) - Starting Replication Monitor Thread.
2022-12-22 10:15:14,307 [Listener at 127.0.0.1/33227] INFO  ha.SCMServiceManager (SCMServiceManager.java:register(42)) - Registering service ReplicationManager.
2022-12-22 10:15:14,307 [Listener at 127.0.0.1/33227] INFO  safemode.ContainerSafeModeRule (ContainerSafeModeRule.java:<init>(89)) - containers with one replica threshold count 0
2022-12-22 10:15:14,308 [Listener at 127.0.0.1/33227] INFO  safemode.HealthyPipelineSafeModeRule (HealthyPipelineSafeModeRule.java:initializeRule(169)) - Total pipeline count is 0, healthy pipeline threshold count is 1
2022-12-22 10:15:14,308 [Listener at 127.0.0.1/33227] INFO  safemode.OneReplicaPipelineSafeModeRule (OneReplicaPipelineSafeModeRule.java:initializeRule(180)) - Total pipeline count is 0, pipeline's with at least one datanode reported threshold count is 0
2022-12-22 10:15:14,308 [ReplicationMonitor] INFO  replication.ReplicationManager (ReplicationManager.java:processAll(330)) - Replication Manager is not ready to run until 300000ms after safemode exit
2022-12-22 10:15:14,309 [Listener at 127.0.0.1/33227] INFO  ipc.CallQueueManager (CallQueueManager.java:<init>(90)) - Using callQueue: class java.util.concurrent.LinkedBlockingQueue, queueCapacity: 10000, scheduler: class org.apache.hadoop.ipc.DefaultRpcScheduler, ipcBackoff: false.
2022-12-22 10:15:14,309 [Socket Reader #1 for port 36861] INFO  ipc.Server (Server.java:run(1273)) - Starting Socket Reader #1 for port 36861
2022-12-22 10:15:14,310 [Listener at 0.0.0.0/36861] INFO  ipc.CallQueueManager (CallQueueManager.java:<init>(90)) - Using callQueue: class java.util.concurrent.LinkedBlockingQueue, queueCapacity: 10000, scheduler: class org.apache.hadoop.ipc.DefaultRpcScheduler, ipcBackoff: false.
2022-12-22 10:15:14,311 [Socket Reader #1 for port 40907] INFO  ipc.Server (Server.java:run(1273)) - Starting Socket Reader #1 for port 40907
2022-12-22 10:15:14,312 [Listener at 0.0.0.0/40907] INFO  ipc.CallQueueManager (CallQueueManager.java:<init>(90)) - Using callQueue: class java.util.concurrent.LinkedBlockingQueue, queueCapacity: 10000, scheduler: class org.apache.hadoop.ipc.DefaultRpcScheduler, ipcBackoff: false.
2022-12-22 10:15:14,312 [Socket Reader #1 for port 40193] INFO  ipc.Server (Server.java:run(1273)) - Starting Socket Reader #1 for port 40193
2022-12-22 10:15:14,319 [Listener at 0.0.0.0/40193] INFO  ha.SCMServiceManager (SCMServiceManager.java:register(42)) - Registering service ContainerBalancer.
2022-12-22 10:15:14,320 [Listener at 0.0.0.0/40193] INFO  server.StorageContainerManager (StorageContainerManager.java:<init>(398)) - 
Container Balancer status:
Key                            Value
Running                        true
Container Balancer Configuration values:
Key                                                Value
Threshold                                          10
Max Datanodes to Involve per Iteration(percent)    20
Max Size to Move per Iteration                     500GB
Max Size Entering Target per Iteration             26GB
Max Size Leaving Source per Iteration              26GB

2022-12-22 10:15:14,320 [Listener at 0.0.0.0/40193] INFO  ha.SCMContext (SCMContext.java:updateSafeModeStatus(228)) - Update SafeModeStatus from SafeModeStatus{safeModeStatus=true, preCheckPassed=false} to SafeModeStatus{safeModeStatus=true, preCheckPassed=false}.
2022-12-22 10:15:14,321 [Listener at 0.0.0.0/40193] INFO  server.StorageContainerManager (StorageContainerManager.java:start(1423)) - StorageContainerLocationProtocol RPC server is listening at /0.0.0.0:40193
2022-12-22 10:15:14,321 [Listener at 0.0.0.0/40193] INFO  ha.SCMRatisServerImpl (SCMRatisServerImpl.java:start(178)) - starting ratis server 0.0.0.0:35421
2022-12-22 10:15:14,322 [e27721bf-da5b-4812-8a42-ad2d861346a7-impl-thread1] INFO  storage.RaftStorageDirectory (RaftStorageDirectoryImpl.java:tryLock(231)) - Lock on /home/runner/work/ozone/ozone/hadoop-ozone/integration-test/target/test-dir/MiniOzoneClusterImpl-73a15bac-dca4-4ec7-8fa0-07a649b4923c/scmNode-1/scm-ha/73a15bac-dca4-4ec7-8fa0-07a649b4923c/in_use.lock acquired by nodename 33150@fv-az345-686
2022-12-22 10:15:14,322 [e27721bf-da5b-4812-8a42-ad2d861346a7-impl-thread1] INFO  storage.RaftStorage (RaftStorageImpl.java:analyzeAndRecoverStorage(117)) - Read RaftStorageMetadata{term=1, votedFor=e27721bf-da5b-4812-8a42-ad2d861346a7} from /home/runner/work/ozone/ozone/hadoop-ozone/integration-test/target/test-dir/MiniOzoneClusterImpl-73a15bac-dca4-4ec7-8fa0-07a649b4923c/scmNode-1/scm-ha/73a15bac-dca4-4ec7-8fa0-07a649b4923c/current/raft-meta
2022-12-22 10:15:14,322 [e27721bf-da5b-4812-8a42-ad2d861346a7-impl-thread1] INFO  server.RaftServer$Division (ServerState.java:setRaftConf(430)) - e27721bf-da5b-4812-8a42-ad2d861346a7@group-07A649B4923C: set configuration 0: peers:[e27721bf-da5b-4812-8a42-ad2d861346a7|rpc:localhost:35421|admin:|client:|dataStream:|priority:0|startupRole:FOLLOWER]|listeners:[], old=null
2022-12-22 10:15:14,322 [e27721bf-da5b-4812-8a42-ad2d861346a7-impl-thread1] INFO  server.RaftServerConfigKeys (ConfUtils.java:logGet(46)) - raft.server.log.use.memory = false (default)
2022-12-22 10:15:14,323 [e27721bf-da5b-4812-8a42-ad2d861346a7-impl-thread1] INFO  server.RaftServerConfigKeys (ConfUtils.java:logGet(46)) - raft.server.log.purge.gap = 1000000 (custom)
2022-12-22 10:15:14,323 [e27721bf-da5b-4812-8a42-ad2d861346a7-impl-thread1] INFO  server.RaftServerConfigKeys (ConfUtils.java:logGet(46)) - raft.server.log.appender.buffer.byte-limit = 33554432 (custom)
2022-12-22 10:15:14,323 [e27721bf-da5b-4812-8a42-ad2d861346a7-impl-thread1] INFO  server.RaftServerConfigKeys (ConfUtils.java:logGet(46)) - raft.server.log.statemachine.data.read.timeout = 1000ms (default)
2022-12-22 10:15:14,323 [e27721bf-da5b-4812-8a42-ad2d861346a7-impl-thread1] INFO  server.RaftServerConfigKeys (ConfUtils.java:logGet(46)) - raft.server.log.purge.preservation.log.num = 0 (default)
2022-12-22 10:15:14,323 [e27721bf-da5b-4812-8a42-ad2d861346a7-impl-thread1] INFO  server.RaftServerConfigKeys (ConfUtils.java:logGet(46)) - raft.server.log.segment.size.max = 4194304 (custom)
2022-12-22 10:15:14,323 [e27721bf-da5b-4812-8a42-ad2d861346a7-impl-thread1] INFO  server.RaftServerConfigKeys (ConfUtils.java:logGet(46)) - raft.server.log.segment.cache.num.max = 2 (custom)
2022-12-22 10:15:14,323 [e27721bf-da5b-4812-8a42-ad2d861346a7-impl-thread1] INFO  server.RaftServerConfigKeys (ConfUtils.java:logGet(46)) - raft.server.log.segment.cache.size.max = 200MB (=209715200) (default)
2022-12-22 10:15:14,323 [e27721bf-da5b-4812-8a42-ad2d861346a7-impl-thread1] INFO  segmented.SegmentedRaftLogWorker (SegmentedRaftLogWorker.java:<init>(189)) - new e27721bf-da5b-4812-8a42-ad2d861346a7@group-07A649B4923C-SegmentedRaftLogWorker for RaftStorageImpl:Storage Directory /home/runner/work/ozone/ozone/hadoop-ozone/integration-test/target/test-dir/MiniOzoneClusterImpl-73a15bac-dca4-4ec7-8fa0-07a649b4923c/scmNode-1/scm-ha/73a15bac-dca4-4ec7-8fa0-07a649b4923c
2022-12-22 10:15:14,323 [e27721bf-da5b-4812-8a42-ad2d861346a7-impl-thread1] INFO  server.RaftServerConfigKeys (ConfUtils.java:logGet(46)) - raft.server.log.queue.byte-limit = 64MB (=67108864) (default)
2022-12-22 10:15:14,323 [e27721bf-da5b-4812-8a42-ad2d861346a7-impl-thread1] INFO  server.RaftServerConfigKeys (ConfUtils.java:logGet(46)) - raft.server.log.queue.element-limit = 4096 (default)
2022-12-22 10:15:14,323 [e27721bf-da5b-4812-8a42-ad2d861346a7-impl-thread1] INFO  server.RaftServerConfigKeys (ConfUtils.java:logGet(46)) - raft.server.log.segment.size.max = 4194304 (custom)
2022-12-22 10:15:14,323 [e27721bf-da5b-4812-8a42-ad2d861346a7-impl-thread1] INFO  server.RaftServerConfigKeys (ConfUtils.java:logGet(46)) - raft.server.log.preallocated.size = 4194304 (custom)
2022-12-22 10:15:14,323 [e27721bf-da5b-4812-8a42-ad2d861346a7-impl-thread1] INFO  server.RaftServerConfigKeys (ConfUtils.java:logGet(46)) - raft.server.log.force.sync.num = 128 (default)
2022-12-22 10:15:14,323 [e27721bf-da5b-4812-8a42-ad2d861346a7-impl-thread1] INFO  server.RaftServerConfigKeys (ConfUtils.java:logGet(46)) - raft.server.log.statemachine.data.sync = true (default)
2022-12-22 10:15:14,323 [e27721bf-da5b-4812-8a42-ad2d861346a7-impl-thread1] INFO  server.RaftServerConfigKeys (ConfUtils.java:logGet(46)) - raft.server.log.statemachine.data.sync.timeout = 10s (default)
2022-12-22 10:15:14,323 [e27721bf-da5b-4812-8a42-ad2d861346a7-impl-thread1] INFO  server.RaftServerConfigKeys (ConfUtils.java:logGet(46)) - raft.server.log.statemachine.data.sync.timeout.retry = -1 (default)
2022-12-22 10:15:14,323 [e27721bf-da5b-4812-8a42-ad2d861346a7-impl-thread1] INFO  server.RaftServerConfigKeys (ConfUtils.java:logGet(46)) - raft.server.log.write.buffer.size = 64KB (=65536) (default)
2022-12-22 10:15:14,323 [e27721bf-da5b-4812-8a42-ad2d861346a7-impl-thread1] INFO  server.RaftServerConfigKeys (ConfUtils.java:logGet(46)) - raft.server.log.appender.buffer.byte-limit = 33554432 (custom)
2022-12-22 10:15:14,326 [e27721bf-da5b-4812-8a42-ad2d861346a7-impl-thread1] INFO  server.RaftServerConfigKeys (ConfUtils.java:logGet(46)) - raft.server.log.unsafe-flush.enabled = false (default)
2022-12-22 10:15:14,326 [e27721bf-da5b-4812-8a42-ad2d861346a7-impl-thread1] INFO  server.RaftServerConfigKeys (ConfUtils.java:logGet(46)) - raft.server.log.async-flush.enabled = false (default)
2022-12-22 10:15:14,326 [e27721bf-da5b-4812-8a42-ad2d861346a7-impl-thread1] INFO  server.RaftServerConfigKeys (ConfUtils.java:logGet(46)) - raft.server.log.statemachine.data.caching.enabled = false (default)
2022-12-22 10:15:14,327 [e27721bf-da5b-4812-8a42-ad2d861346a7-impl-thread1] INFO  server.RaftServer$Division (ServerState.java:setRaftConf(430)) - e27721bf-da5b-4812-8a42-ad2d861346a7@group-07A649B4923C: set configuration 0: peers:[e27721bf-da5b-4812-8a42-ad2d861346a7|rpc:localhost:35421|admin:|client:|dataStream:|priority:0|startupRole:FOLLOWER]|listeners:[], old=null
2022-12-22 10:15:14,327 [e27721bf-da5b-4812-8a42-ad2d861346a7-impl-thread1] INFO  segmented.LogSegment (LogSegment.java:loadSegment(173)) - Successfully read 1 entries from segment file /home/runner/work/ozone/ozone/hadoop-ozone/integration-test/target/test-dir/MiniOzoneClusterImpl-73a15bac-dca4-4ec7-8fa0-07a649b4923c/scmNode-1/scm-ha/73a15bac-dca4-4ec7-8fa0-07a649b4923c/current/log_inprogress_0
2022-12-22 10:15:14,327 [e27721bf-da5b-4812-8a42-ad2d861346a7-impl-thread1] INFO  segmented.SegmentedRaftLogWorker (SegmentedRaftLogWorker.java:lambda$new$0(135)) - e27721bf-da5b-4812-8a42-ad2d861346a7@group-07A649B4923C-SegmentedRaftLogWorker: flushIndex: setUnconditionally 0 -> 0
2022-12-22 10:15:14,327 [e27721bf-da5b-4812-8a42-ad2d861346a7-impl-thread1] INFO  segmented.SegmentedRaftLogWorker (SegmentedRaftLogWorker.java:lambda$new$0(135)) - e27721bf-da5b-4812-8a42-ad2d861346a7@group-07A649B4923C-SegmentedRaftLogWorker: safeCacheEvictIndex: setUnconditionally 0 -> -1
2022-12-22 10:15:14,327 [e27721bf-da5b-4812-8a42-ad2d861346a7-impl-thread1] INFO  server.RaftServer$Division (RaftServerImpl.java:start(334)) - e27721bf-da5b-4812-8a42-ad2d861346a7@group-07A649B4923C: start as a follower, conf=0: peers:[e27721bf-da5b-4812-8a42-ad2d861346a7|rpc:localhost:35421|admin:|client:|dataStream:|priority:0|startupRole:FOLLOWER]|listeners:[], old=null
2022-12-22 10:15:14,327 [e27721bf-da5b-4812-8a42-ad2d861346a7-impl-thread1] INFO  server.RaftServer$Division (RaftServerImpl.java:setRole(321)) - e27721bf-da5b-4812-8a42-ad2d861346a7@group-07A649B4923C: changes role from      null to FOLLOWER at term 1 for startAsFollower
2022-12-22 10:15:14,327 [e27721bf-da5b-4812-8a42-ad2d861346a7-impl-thread1] INFO  impl.RoleInfo (RoleInfo.java:updateAndGet(139)) - e27721bf-da5b-4812-8a42-ad2d861346a7: start e27721bf-da5b-4812-8a42-ad2d861346a7@group-07A649B4923C-FollowerState
2022-12-22 10:15:14,327 [e27721bf-da5b-4812-8a42-ad2d861346a7-impl-thread1] INFO  util.JmxRegister (JmxRegister.java:tryRegister(44)) - Successfully registered JMX Bean with object name Ratis:service=RaftServer,group=group-07A649B4923C,id=e27721bf-da5b-4812-8a42-ad2d861346a7
2022-12-22 10:15:14,327 [e27721bf-da5b-4812-8a42-ad2d861346a7-impl-thread1] INFO  server.RaftServerConfigKeys (ConfUtils.java:logGet(46)) - raft.server.snapshot.auto.trigger.enabled = true (custom)
2022-12-22 10:15:14,328 [e27721bf-da5b-4812-8a42-ad2d861346a7-impl-thread1] INFO  server.RaftServerConfigKeys (ConfUtils.java:logGet(46)) - raft.server.snapshot.auto.trigger.threshold = 1000 (custom)
2022-12-22 10:15:14,328 [e27721bf-da5b-4812-8a42-ad2d861346a7-impl-thread1] INFO  server.RaftServerConfigKeys (ConfUtils.java:logGet(46)) - raft.server.snapshot.retention.file.num = -1 (default)
2022-12-22 10:15:14,328 [e27721bf-da5b-4812-8a42-ad2d861346a7-impl-thread1] INFO  server.RaftServerConfigKeys (ConfUtils.java:logGet(46)) - raft.server.log.purge.upto.snapshot.index = false (default)
2022-12-22 10:15:14,328 [e27721bf-da5b-4812-8a42-ad2d861346a7@group-07A649B4923C-FollowerState] INFO  server.RaftServerConfigKeys (ConfUtils.java:logFallback(53)) - raft.server.rpc.first-election.timeout.min = 5000ms (fallback to raft.server.rpc.timeout.min)
2022-12-22 10:15:14,328 [e27721bf-da5b-4812-8a42-ad2d861346a7@group-07A649B4923C-FollowerState] INFO  server.RaftServerConfigKeys (ConfUtils.java:logFallback(53)) - raft.server.rpc.first-election.timeout.max = 5200ms (fallback to raft.server.rpc.timeout.max)
2022-12-22 10:15:14,328 [Listener at 0.0.0.0/40193] INFO  server.RaftServer (RaftServerProxy.java:startImpl(393)) - e27721bf-da5b-4812-8a42-ad2d861346a7: start RPC server
2022-12-22 10:15:14,329 [Listener at 0.0.0.0/40193] INFO  server.GrpcService (GrpcService.java:startImpl(262)) - e27721bf-da5b-4812-8a42-ad2d861346a7: GrpcService started, listening on 35421
2022-12-22 10:15:14,329 [Listener at 0.0.0.0/40193] INFO  ha.SCMHAManagerImpl (SCMHAManagerImpl.java:start(121)) -  scm role is FOLLOWER peers [e27721bf-da5b-4812-8a42-ad2d861346a7|rpc:localhost:35421|admin:|client:|dataStream:|priority:0|startupRole:FOLLOWER]
2022-12-22 10:15:14,329 [Listener at 0.0.0.0/40193] INFO  ha.InterSCMGrpcService (InterSCMGrpcProtocolService.java:start(94)) - Starting SCM Grpc Service at port 38759
2022-12-22 10:15:14,330 [JvmPauseMonitor17] INFO  util.JvmPauseMonitor (JvmPauseMonitor.java:run(105)) - JvmPauseMonitor-e27721bf-da5b-4812-8a42-ad2d861346a7: Started
2022-12-22 10:15:14,331 [Listener at 0.0.0.0/40193] WARN  impl.MetricsConfig (MetricsConfig.java:loadFirst(136)) - Cannot locate configuration: tried hadoop-metrics2-storagecontainermanager.properties,hadoop-metrics2.properties
2022-12-22 10:15:14,332 [Listener at 0.0.0.0/40193] INFO  impl.MetricsSystemImpl (MetricsSystemImpl.java:startTimer(378)) - Scheduled Metric snapshot period at 10 second(s).
2022-12-22 10:15:14,332 [Listener at 0.0.0.0/40193] INFO  impl.MetricsSystemImpl (MetricsSystemImpl.java:start(191)) - StorageContainerManager metrics system started
2022-12-22 10:15:14,340 [Listener at 0.0.0.0/40193] INFO  impl.MetricsSinkAdapter (MetricsSinkAdapter.java:start(204)) - Sink prometheus started
2022-12-22 10:15:14,340 [Listener at 0.0.0.0/40193] INFO  impl.MetricsSystemImpl (MetricsSystemImpl.java:registerSink(305)) - Registered sink prometheus
2022-12-22 10:15:14,359 [Listener at 0.0.0.0/40193] INFO  server.SCMClientProtocolServer (SCMClientProtocolServer.java:start(170)) - RPC server for Client  is listening at /0.0.0.0:40193
2022-12-22 10:15:14,359 [IPC Server Responder] INFO  ipc.Server (Server.java:run(1512)) - IPC Server Responder: starting
2022-12-22 10:15:14,359 [IPC Server listener on 40193] INFO  ipc.Server (Server.java:run(1352)) - IPC Server listener on 40193: starting
2022-12-22 10:15:14,371 [Listener at 0.0.0.0/40193] INFO  server.StorageContainerManager (StorageContainerManager.java:start(1437)) - ScmBlockLocationProtocol RPC server is listening at /0.0.0.0:40907
2022-12-22 10:15:14,371 [Listener at 0.0.0.0/40193] INFO  server.SCMBlockProtocolServer (SCMBlockProtocolServer.java:start(152)) - RPC server for Block Protocol is listening at /0.0.0.0:40907
2022-12-22 10:15:14,371 [IPC Server Responder] INFO  ipc.Server (Server.java:run(1512)) - IPC Server Responder: starting
2022-12-22 10:15:14,371 [IPC Server listener on 40907] INFO  ipc.Server (Server.java:run(1352)) - IPC Server listener on 40907: starting
2022-12-22 10:15:14,378 [org.apache.hadoop.util.JvmPauseMonitor$Monitor@4b4aa9c6] INFO  util.JvmPauseMonitor (JvmPauseMonitor.java:run(188)) - Starting JVM pause monitor
2022-12-22 10:15:14,379 [Listener at 0.0.0.0/40193] INFO  http.BaseHttpServer (BaseHttpServer.java:newHttpServer2BuilderForOzone(213)) - Starting Web-server for scm at: http://0.0.0.0:33747
2022-12-22 10:15:14,379 [Listener at 0.0.0.0/40193] INFO  http.BaseHttpServer (BaseHttpServer.java:<init>(108)) - Hadoop Security Enabled: false Ozone Security Enabled: false Ozone HTTP Security Enabled: false 
2022-12-22 10:15:14,380 [Listener at 0.0.0.0/40193] WARN  server.AuthenticationFilter (AuthenticationFilter.java:constructSecretProvider(240)) - Unable to initialize FileSignerSecretProvider, falling back to use random secrets. Reason: Could not read signature secret file: /home/runner/hadoop-http-auth-signature-secret
2022-12-22 10:15:14,385 [Listener at 0.0.0.0/40193] WARN  http.HttpRequestLog (HttpRequestLog.java:getRequestLog(103)) - Jetty request log can only be enabled using Log4j
2022-12-22 10:15:14,387 [Listener at 0.0.0.0/40193] INFO  http.HttpServer2 (HttpServer2.java:addGlobalFilter(1031)) - Added global filter 'safety' (class=org.apache.hadoop.hdds.server.http.HttpServer2$QuotingInputFilter)
2022-12-22 10:15:14,387 [Listener at 0.0.0.0/40193] INFO  http.HttpServer2 (HttpServer2.java:addFilter(1007)) - Added filter static_user_filter (class=org.apache.hadoop.http.lib.StaticUserWebFilter$StaticUserFilter) to context scm
2022-12-22 10:15:14,387 [Listener at 0.0.0.0/40193] INFO  http.HttpServer2 (HttpServer2.java:addFilter(1015)) - Added filter static_user_filter (class=org.apache.hadoop.http.lib.StaticUserWebFilter$StaticUserFilter) to context static
2022-12-22 10:15:14,387 [Listener at 0.0.0.0/40193] INFO  http.HttpServer2 (HttpServer2.java:addFilter(1015)) - Added filter static_user_filter (class=org.apache.hadoop.http.lib.StaticUserWebFilter$StaticUserFilter) to context logs
2022-12-22 10:15:14,389 [Listener at 0.0.0.0/40193] INFO  http.HttpServer2 (HttpServer2.java:bindListener(1250)) - Jetty bound to port 33747
2022-12-22 10:15:14,389 [Listener at 0.0.0.0/40193] INFO  server.Server (Server.java:doStart(375)) - jetty-9.4.49.v20220914; built: 2022-09-14T01:07:36.601Z; git: 4231a3b2e4cb8548a412a789936d640a97b1aa0a; jvm 1.8.0_352-b08
2022-12-22 10:15:14,393 [Listener at 0.0.0.0/40193] INFO  server.session (DefaultSessionIdManager.java:doStart(334)) - DefaultSessionIdManager workerName=node0
2022-12-22 10:15:14,393 [Listener at 0.0.0.0/40193] INFO  server.session (DefaultSessionIdManager.java:doStart(339)) - No SessionScavenger set, using defaults
2022-12-22 10:15:14,393 [Listener at 0.0.0.0/40193] INFO  server.session (HouseKeeper.java:startScavenging(132)) - node0 Scavenging every 600000ms
2022-12-22 10:15:14,395 [Listener at 0.0.0.0/40193] INFO  handler.ContextHandler (ContextHandler.java:doStart(921)) - Started o.e.j.s.ServletContextHandler@7e19176e{logs,/logs,file:///home/runner/work/ozone/ozone/hadoop-ozone/integration-test/target/log,AVAILABLE}
2022-12-22 10:15:14,395 [Listener at 0.0.0.0/40193] INFO  handler.ContextHandler (ContextHandler.java:doStart(921)) - Started o.e.j.s.ServletContextHandler@5ce5e5e5{static,/static,file:///home/runner/work/ozone/ozone/hadoop-ozone/integration-test/target/test-classes/webapps/static,AVAILABLE}
2022-12-22 10:15:14,399 [Listener at 0.0.0.0/40193] INFO  handler.ContextHandler (ContextHandler.java:doStart(921)) - Started o.e.j.w.WebAppContext@23c016e6{scm,/,file:///home/runner/work/ozone/ozone/hadoop-ozone/integration-test/target/test-classes/webapps/scm/,AVAILABLE}{file:/home/runner/work/ozone/ozone/hadoop-ozone/integration-test/target/test-classes/webapps/scm}
2022-12-22 10:15:14,400 [Listener at 0.0.0.0/40193] INFO  server.AbstractConnector (AbstractConnector.java:doStart(333)) - Started ServerConnector@509debfe{HTTP/1.1, (http/1.1)}{0.0.0.0:33747}
2022-12-22 10:15:14,401 [Listener at 0.0.0.0/40193] INFO  server.Server (Server.java:doStart(415)) - Started @98133ms
2022-12-22 10:15:14,401 [Listener at 0.0.0.0/40193] WARN  impl.MetricsSystemImpl (MetricsSystemImpl.java:register(279)) - Sink prometheus already exists!
2022-12-22 10:15:14,401 [Listener at 0.0.0.0/40193] INFO  http.BaseHttpServer (BaseHttpServer.java:updateConnectorAddress(333)) - HTTP server of scm listening at http://0.0.0.0:33747
2022-12-22 10:15:14,402 [Listener at 0.0.0.0/40193] INFO  ozone.MiniOzoneHAClusterImpl (MiniOzoneHAClusterImpl.java:createSCMService(606)) - Started SCM RPC server at /0.0.0.0:40193
2022-12-22 10:15:14,402 [Listener at 0.0.0.0/40193] INFO  ha.OMHANodeDetails (OMHANodeDetails.java:loadOMHAConfig(121)) - ServiceID for OzoneManager is om-add-remove
2022-12-22 10:15:14,403 [Listener at 0.0.0.0/40193] INFO  ha.OMHANodeDetails (OMHANodeDetails.java:loadOMHAConfig(201)) - Found matching OM address with OMServiceId: om-add-remove, OMNodeId: omNode-1, RPC Address: localhost:41647 and Ratis port: 45775
2022-12-22 10:15:14,403 [Listener at 0.0.0.0/40193] INFO  ha.OMHANodeDetails (ConfUtils.java:setNodeSpecificConfigs(97)) - Setting configuration key ozone.om.http-address with value of key ozone.om.http-address.om-add-remove.omNode-1: 127.0.0.1:37853
2022-12-22 10:15:14,403 [Listener at 0.0.0.0/40193] INFO  ha.OMHANodeDetails (ConfUtils.java:setNodeSpecificConfigs(97)) - Setting configuration key ozone.om.https-address with value of key ozone.om.https-address.om-add-remove.omNode-1: 127.0.0.1:37009
2022-12-22 10:15:14,403 [Listener at 0.0.0.0/40193] INFO  ha.OMHANodeDetails (ConfUtils.java:setNodeSpecificConfigs(97)) - Setting configuration key ozone.om.address with value of key ozone.om.address.om-add-remove.omNode-1: 127.0.0.1:41647
2022-12-22 10:15:14,403 [Listener at 0.0.0.0/40193] WARN  server.ServerUtils (ServerUtils.java:getDBPath(225)) - ozone.om.db.dirs is not configured. We recommend adding this setting. Falling back to ozone.metadata.dirs instead.
2022-12-22 10:15:14,404 [Listener at 0.0.0.0/40193] INFO  ha.SCMNodeInfo (SCMNodeInfo.java:getPort(197)) - ConfigKey ozone.scm.client.address is deprecated, For configuring different ports for each SCM use PortConfigKey ozone.scm.client.port appended with serviceId and nodeId
2022-12-22 10:15:14,404 [Listener at 0.0.0.0/40193] INFO  ha.SCMNodeInfo (SCMNodeInfo.java:getPort(197)) - ConfigKey ozone.scm.block.client.address is deprecated, For configuring different ports for each SCM use PortConfigKey ozone.scm.block.client.port appended with serviceId and nodeId
2022-12-22 10:15:14,404 [Listener at 0.0.0.0/40193] INFO  ha.SCMNodeInfo (SCMNodeInfo.java:getPort(197)) - ConfigKey ozone.scm.datanode.address is deprecated, For configuring different ports for each SCM use PortConfigKey ozone.scm.datanode.port appended with serviceId and nodeId
2022-12-22 10:15:14,404 [Listener at 0.0.0.0/40193] INFO  proxy.SCMBlockLocationFailoverProxyProvider (SCMBlockLocationFailoverProxyProvider.java:<init>(114)) - Created block location fail-over proxy with 1 nodes: [nodeId=scmNode-1,nodeAddress=/127.0.0.1:40907]
2022-12-22 10:15:15,020 [EndpointStateMachine task thread for /127.0.0.1:43945 - 0 ] INFO  ipc.Client (Client.java:handleConnectionFailure(1010)) - Retrying connect to server: localhost/127.0.0.1:43945. Already tried 12 time(s); retry policy is RetryUpToMaximumCountWithFixedSleep(maxRetries=15, sleepTime=1000 MILLISECONDS)
2022-12-22 10:15:15,021 [EndpointStateMachine task thread for /127.0.0.1:42129 - 0 ] INFO  ipc.Client (Client.java:handleConnectionFailure(1010)) - Retrying connect to server: localhost/127.0.0.1:42129. Already tried 3 time(s); retry policy is RetryUpToMaximumCountWithFixedSleep(maxRetries=15, sleepTime=1000 MILLISECONDS)
2022-12-22 10:15:16,020 [EndpointStateMachine task thread for /127.0.0.1:43945 - 0 ] INFO  ipc.Client (Client.java:handleConnectionFailure(1010)) - Retrying connect to server: localhost/127.0.0.1:43945. Already tried 13 time(s); retry policy is RetryUpToMaximumCountWithFixedSleep(maxRetries=15, sleepTime=1000 MILLISECONDS)
2022-12-22 10:15:16,021 [EndpointStateMachine task thread for /127.0.0.1:42129 - 0 ] INFO  ipc.Client (Client.java:handleConnectionFailure(1010)) - Retrying connect to server: localhost/127.0.0.1:42129. Already tried 4 time(s); retry policy is RetryUpToMaximumCountWithFixedSleep(maxRetries=15, sleepTime=1000 MILLISECONDS)
2022-12-22 10:15:16,414 [Listener at 0.0.0.0/40193] INFO  retry.RetryInvocationHandler (RetryInvocationHandler.java:log(411)) - com.google.protobuf.ServiceException: org.apache.hadoop.ipc.RemoteException(org.apache.hadoop.hdds.ratis.ServerNotLeaderException): Server:e27721bf-da5b-4812-8a42-ad2d861346a7 is not the leader. Could not determine the leader node.
	at org.apache.hadoop.hdds.ratis.ServerNotLeaderException.convertToNotLeaderException(ServerNotLeaderException.java:109)
	at org.apache.hadoop.hdds.scm.ha.RatisUtil.checkRatisException(RatisUtil.java:246)
	at org.apache.hadoop.hdds.scm.protocol.ScmBlockLocationProtocolServerSideTranslatorPB.send(ScmBlockLocationProtocolServerSideTranslatorPB.java:109)
	at org.apache.hadoop.hdds.protocol.proto.ScmBlockLocationProtocolProtos$ScmBlockLocationProtocolService$2.callBlockingMethod(ScmBlockLocationProtocolProtos.java:14202)
	at org.apache.hadoop.ipc.ProtobufRpcEngine$Server.processCall(ProtobufRpcEngine.java:465)
	at org.apache.hadoop.ipc.ProtobufRpcEngine2$Server$ProtoBufRpcInvoker.call(ProtobufRpcEngine2.java:578)
	at org.apache.hadoop.ipc.ProtobufRpcEngine2$Server$ProtoBufRpcInvoker.call(ProtobufRpcEngine2.java:556)
	at org.apache.hadoop.ipc.RPC$Server.call(RPC.java:1093)
	at org.apache.hadoop.ipc.Server$RpcCall.run(Server.java:1043)
	at org.apache.hadoop.ipc.Server$RpcCall.run(Server.java:971)
	at java.security.AccessController.doPrivileged(Native Method)
	at javax.security.auth.Subject.doAs(Subject.java:422)
	at org.apache.hadoop.security.UserGroupInformation.doAs(UserGroupInformation.java:1878)
	at org.apache.hadoop.ipc.Server$Handler.run(Server.java:2976)
, while invoking $Proxy45.send over nodeId=scmNode-1,nodeAddress=/127.0.0.1:40907 after 1 failover attempts. Trying to failover after sleeping for 2000ms.
2022-12-22 10:15:17,021 [EndpointStateMachine task thread for /127.0.0.1:43945 - 0 ] INFO  ipc.Client (Client.java:handleConnectionFailure(1010)) - Retrying connect to server: localhost/127.0.0.1:43945. Already tried 14 time(s); retry policy is RetryUpToMaximumCountWithFixedSleep(maxRetries=15, sleepTime=1000 MILLISECONDS)
2022-12-22 10:15:17,021 [EndpointStateMachine task thread for /127.0.0.1:43945 - 0 ] WARN  statemachine.EndpointStateMachine (EndpointStateMachine.java:logIfNeeded(242)) - Unable to communicate to SCM server at localhost:43945 for past 0 seconds.
java.net.ConnectException: Call From fv-az345-686/10.1.0.13 to localhost:43945 failed on connection exception: java.net.ConnectException: Connection refused; For more details see:  http://wiki.apache.org/hadoop/ConnectionRefused
	at sun.reflect.NativeConstructorAccessorImpl.newInstance0(Native Method)
	at sun.reflect.NativeConstructorAccessorImpl.newInstance(NativeConstructorAccessorImpl.java:62)
	at sun.reflect.DelegatingConstructorAccessorImpl.newInstance(DelegatingConstructorAccessorImpl.java:45)
	at java.lang.reflect.Constructor.newInstance(Constructor.java:423)
	at org.apache.hadoop.net.NetUtils.wrapWithMessage(NetUtils.java:913)
	at org.apache.hadoop.net.NetUtils.wrapException(NetUtils.java:828)
	at org.apache.hadoop.ipc.Client.getRpcResponse(Client.java:1616)
	at org.apache.hadoop.ipc.Client.call(Client.java:1558)
	at org.apache.hadoop.ipc.Client.call(Client.java:1455)
	at org.apache.hadoop.ipc.ProtobufRpcEngine$Invoker.invoke(ProtobufRpcEngine.java:235)
	at org.apache.hadoop.ipc.ProtobufRpcEngine$Invoker.invoke(ProtobufRpcEngine.java:122)
	at com.sun.proxy.$Proxy52.submitRequest(Unknown Source)
	at org.apache.hadoop.ozone.protocolPB.StorageContainerDatanodeProtocolClientSideTranslatorPB.submitRequest(StorageContainerDatanodeProtocolClientSideTranslatorPB.java:117)
	at org.apache.hadoop.ozone.protocolPB.StorageContainerDatanodeProtocolClientSideTranslatorPB.sendHeartbeat(StorageContainerDatanodeProtocolClientSideTranslatorPB.java:149)
	at org.apache.hadoop.ozone.container.common.states.endpoint.HeartbeatEndpointTask.call(HeartbeatEndpointTask.java:185)
	at org.apache.hadoop.ozone.container.common.states.endpoint.HeartbeatEndpointTask.call(HeartbeatEndpointTask.java:87)
	at java.util.concurrent.FutureTask.run(FutureTask.java:266)
	at java.util.concurrent.ThreadPoolExecutor.runWorker(ThreadPoolExecutor.java:1149)
	at java.util.concurrent.ThreadPoolExecutor$Worker.run(ThreadPoolExecutor.java:624)
	at java.lang.Thread.run(Thread.java:750)
Caused by: java.net.ConnectException: Connection refused
	at sun.nio.ch.SocketChannelImpl.checkConnect(Native Method)
	at sun.nio.ch.SocketChannelImpl.finishConnect(SocketChannelImpl.java:716)
	at org.apache.hadoop.net.SocketIOWithTimeout.connect(SocketIOWithTimeout.java:205)
	at org.apache.hadoop.net.NetUtils.connect(NetUtils.java:586)
	at org.apache.hadoop.ipc.Client$Connection.setupConnection(Client.java:711)
	at org.apache.hadoop.ipc.Client$Connection.setupIOstreams(Client.java:833)
	at org.apache.hadoop.ipc.Client$Connection.access$3800(Client.java:414)
	at org.apache.hadoop.ipc.Client.getConnection(Client.java:1677)
	at org.apache.hadoop.ipc.Client.call(Client.java:1502)
	... 12 more
2022-12-22 10:15:17,022 [EndpointStateMachine task thread for /127.0.0.1:42129 - 0 ] INFO  ipc.Client (Client.java:handleConnectionFailure(1010)) - Retrying connect to server: localhost/127.0.0.1:42129. Already tried 5 time(s); retry policy is RetryUpToMaximumCountWithFixedSleep(maxRetries=15, sleepTime=1000 MILLISECONDS)
2022-12-22 10:15:18,022 [EndpointStateMachine task thread for /127.0.0.1:43945 - 0 ] INFO  ipc.Client (Client.java:handleConnectionFailure(1010)) - Retrying connect to server: localhost/127.0.0.1:43945. Already tried 0 time(s); retry policy is RetryUpToMaximumCountWithFixedSleep(maxRetries=15, sleepTime=1000 MILLISECONDS)
2022-12-22 10:15:18,022 [EndpointStateMachine task thread for /127.0.0.1:42129 - 0 ] INFO  ipc.Client (Client.java:handleConnectionFailure(1010)) - Retrying connect to server: localhost/127.0.0.1:42129. Already tried 6 time(s); retry policy is RetryUpToMaximumCountWithFixedSleep(maxRetries=15, sleepTime=1000 MILLISECONDS)
2022-12-22 10:15:18,418 [Listener at 0.0.0.0/40193] INFO  retry.RetryInvocationHandler (RetryInvocationHandler.java:log(411)) - com.google.protobuf.ServiceException: org.apache.hadoop.ipc.RemoteException(org.apache.hadoop.hdds.ratis.ServerNotLeaderException): Server:e27721bf-da5b-4812-8a42-ad2d861346a7 is not the leader. Could not determine the leader node.
	at org.apache.hadoop.hdds.ratis.ServerNotLeaderException.convertToNotLeaderException(ServerNotLeaderException.java:109)
	at org.apache.hadoop.hdds.scm.ha.RatisUtil.checkRatisException(RatisUtil.java:246)
	at org.apache.hadoop.hdds.scm.protocol.ScmBlockLocationProtocolServerSideTranslatorPB.send(ScmBlockLocationProtocolServerSideTranslatorPB.java:109)
	at org.apache.hadoop.hdds.protocol.proto.ScmBlockLocationProtocolProtos$ScmBlockLocationProtocolService$2.callBlockingMethod(ScmBlockLocationProtocolProtos.java:14202)
	at org.apache.hadoop.ipc.ProtobufRpcEngine$Server.processCall(ProtobufRpcEngine.java:465)
	at org.apache.hadoop.ipc.ProtobufRpcEngine2$Server$ProtoBufRpcInvoker.call(ProtobufRpcEngine2.java:578)
	at org.apache.hadoop.ipc.ProtobufRpcEngine2$Server$ProtoBufRpcInvoker.call(ProtobufRpcEngine2.java:556)
	at org.apache.hadoop.ipc.RPC$Server.call(RPC.java:1093)
	at org.apache.hadoop.ipc.Server$RpcCall.run(Server.java:1043)
	at org.apache.hadoop.ipc.Server$RpcCall.run(Server.java:971)
	at java.security.AccessController.doPrivileged(Native Method)
	at javax.security.auth.Subject.doAs(Subject.java:422)
	at org.apache.hadoop.security.UserGroupInformation.doAs(UserGroupInformation.java:1878)
	at org.apache.hadoop.ipc.Server$Handler.run(Server.java:2976)
, while invoking $Proxy45.send over nodeId=scmNode-1,nodeAddress=/127.0.0.1:40907 after 2 failover attempts. Trying to failover after sleeping for 2000ms.
2022-12-22 10:15:19,022 [EndpointStateMachine task thread for /127.0.0.1:43945 - 0 ] INFO  ipc.Client (Client.java:handleConnectionFailure(1010)) - Retrying connect to server: localhost/127.0.0.1:43945. Already tried 1 time(s); retry policy is RetryUpToMaximumCountWithFixedSleep(maxRetries=15, sleepTime=1000 MILLISECONDS)
2022-12-22 10:15:19,023 [EndpointStateMachine task thread for /127.0.0.1:42129 - 0 ] INFO  ipc.Client (Client.java:handleConnectionFailure(1010)) - Retrying connect to server: localhost/127.0.0.1:42129. Already tried 7 time(s); retry policy is RetryUpToMaximumCountWithFixedSleep(maxRetries=15, sleepTime=1000 MILLISECONDS)
2022-12-22 10:15:19,330 [e27721bf-da5b-4812-8a42-ad2d861346a7@group-07A649B4923C-FollowerState] INFO  impl.FollowerState (FollowerState.java:run(143)) - e27721bf-da5b-4812-8a42-ad2d861346a7@group-07A649B4923C-FollowerState: change to CANDIDATE, lastRpcElapsedTime:5002757769ns, electionTimeout:5002ms
2022-12-22 10:15:19,330 [e27721bf-da5b-4812-8a42-ad2d861346a7@group-07A649B4923C-FollowerState] INFO  impl.RoleInfo (RoleInfo.java:shutdownFollowerState(110)) - e27721bf-da5b-4812-8a42-ad2d861346a7: shutdown e27721bf-da5b-4812-8a42-ad2d861346a7@group-07A649B4923C-FollowerState
2022-12-22 10:15:19,330 [e27721bf-da5b-4812-8a42-ad2d861346a7@group-07A649B4923C-FollowerState] INFO  server.RaftServer$Division (RaftServerImpl.java:setRole(321)) - e27721bf-da5b-4812-8a42-ad2d861346a7@group-07A649B4923C: changes role from  FOLLOWER to CANDIDATE at term 1 for changeToCandidate
2022-12-22 10:15:19,330 [e27721bf-da5b-4812-8a42-ad2d861346a7@group-07A649B4923C-FollowerState] INFO  server.RaftServerConfigKeys (ConfUtils.java:logGet(46)) - raft.server.leaderelection.pre-vote = false (custom)
2022-12-22 10:15:19,330 [e27721bf-da5b-4812-8a42-ad2d861346a7@group-07A649B4923C-FollowerState] INFO  impl.RoleInfo (RoleInfo.java:updateAndGet(139)) - e27721bf-da5b-4812-8a42-ad2d861346a7: start e27721bf-da5b-4812-8a42-ad2d861346a7@group-07A649B4923C-LeaderElection23
2022-12-22 10:15:19,333 [e27721bf-da5b-4812-8a42-ad2d861346a7@group-07A649B4923C-LeaderElection23] INFO  impl.LeaderElection (LeaderElection.java:askForVotes(312)) - e27721bf-da5b-4812-8a42-ad2d861346a7@group-07A649B4923C-LeaderElection23 ELECTION round 0: submit vote requests at term 2 for 0: peers:[e27721bf-da5b-4812-8a42-ad2d861346a7|rpc:localhost:35421|admin:|client:|dataStream:|priority:0|startupRole:FOLLOWER]|listeners:[], old=null
2022-12-22 10:15:19,333 [e27721bf-da5b-4812-8a42-ad2d861346a7@group-07A649B4923C-LeaderElection23] INFO  impl.LeaderElection (LeaderElection.java:askForVotes(314)) - e27721bf-da5b-4812-8a42-ad2d861346a7@group-07A649B4923C-LeaderElection23 ELECTION round 0: result PASSED (term=2)
2022-12-22 10:15:19,333 [e27721bf-da5b-4812-8a42-ad2d861346a7@group-07A649B4923C-LeaderElection23] INFO  impl.RoleInfo (RoleInfo.java:shutdownLeaderElection(130)) - e27721bf-da5b-4812-8a42-ad2d861346a7: shutdown e27721bf-da5b-4812-8a42-ad2d861346a7@group-07A649B4923C-LeaderElection23
2022-12-22 10:15:19,333 [e27721bf-da5b-4812-8a42-ad2d861346a7@group-07A649B4923C-LeaderElection23] INFO  server.RaftServer$Division (RaftServerImpl.java:setRole(321)) - e27721bf-da5b-4812-8a42-ad2d861346a7@group-07A649B4923C: changes role from CANDIDATE to LEADER at term 2 for changeToLeader
2022-12-22 10:15:19,333 [e27721bf-da5b-4812-8a42-ad2d861346a7@group-07A649B4923C-LeaderElection23] INFO  ha.SCMStateMachine (SCMStateMachine.java:notifyLeaderChanged(259)) - current SCM becomes leader of term 2.
2022-12-22 10:15:19,333 [e27721bf-da5b-4812-8a42-ad2d861346a7@group-07A649B4923C-LeaderElection23] INFO  ha.SCMContext (SCMContext.java:updateLeaderAndTerm(99)) - update <isLeader,term> from <false,0> to <true,2>
2022-12-22 10:15:19,333 [e27721bf-da5b-4812-8a42-ad2d861346a7@group-07A649B4923C-LeaderElection23] INFO  server.RaftServer$Division (ServerState.java:setLeader(313)) - e27721bf-da5b-4812-8a42-ad2d861346a7@group-07A649B4923C: change Leader from null to e27721bf-da5b-4812-8a42-ad2d861346a7 at term 2 for becomeLeader, leader elected after 5080ms
2022-12-22 10:15:19,333 [e27721bf-da5b-4812-8a42-ad2d861346a7@group-07A649B4923C-LeaderElection23] INFO  server.RaftServerConfigKeys (ConfUtils.java:logGet(46)) - raft.server.staging.catchup.gap = 1000 (default)
2022-12-22 10:15:19,333 [e27721bf-da5b-4812-8a42-ad2d861346a7@group-07A649B4923C-LeaderElection23] INFO  server.RaftServerConfigKeys (ConfUtils.java:logGet(46)) - raft.server.write.element-limit = 4096 (default)
2022-12-22 10:15:19,333 [e27721bf-da5b-4812-8a42-ad2d861346a7@group-07A649B4923C-LeaderElection23] INFO  server.RaftServerConfigKeys (ConfUtils.java:logGet(46)) - raft.server.write.byte-limit = 64MB (=67108864) (default)
2022-12-22 10:15:19,334 [e27721bf-da5b-4812-8a42-ad2d861346a7@group-07A649B4923C-LeaderElection23] INFO  server.RaftServerConfigKeys (ConfUtils.java:logGet(46)) - raft.server.watch.timeout = 10s (default)
2022-12-22 10:15:19,334 [e27721bf-da5b-4812-8a42-ad2d861346a7@group-07A649B4923C-LeaderElection23] INFO  server.RaftServerConfigKeys (ConfUtils.java:logGet(46)) - raft.server.watch.timeout.denomination = 1s (default)
2022-12-22 10:15:19,334 [e27721bf-da5b-4812-8a42-ad2d861346a7@group-07A649B4923C-LeaderElection23] INFO  server.RaftServerConfigKeys (ConfUtils.java:logGet(46)) - raft.server.watch.element-limit = 65536 (default)
2022-12-22 10:15:19,334 [e27721bf-da5b-4812-8a42-ad2d861346a7@group-07A649B4923C-LeaderElection23] INFO  server.RaftServerConfigKeys (ConfUtils.java:logGet(46)) - raft.server.write.element-limit = 4096 (default)
2022-12-22 10:15:19,334 [e27721bf-da5b-4812-8a42-ad2d861346a7@group-07A649B4923C-LeaderElection23] INFO  server.RaftServerConfigKeys (ConfUtils.java:logGet(46)) - raft.server.write.follower.gap.ratio.max = -1.0 (default)
2022-12-22 10:15:19,334 [e27721bf-da5b-4812-8a42-ad2d861346a7@group-07A649B4923C-LeaderElection23] INFO  impl.RoleInfo (RoleInfo.java:updateAndGet(139)) - e27721bf-da5b-4812-8a42-ad2d861346a7: start e27721bf-da5b-4812-8a42-ad2d861346a7@group-07A649B4923C-LeaderStateImpl
2022-12-22 10:15:19,334 [e27721bf-da5b-4812-8a42-ad2d861346a7@group-07A649B4923C-LeaderElection23] INFO  segmented.SegmentedRaftLogWorker (SegmentedRaftLogWorker.java:rollLogSegment(457)) - e27721bf-da5b-4812-8a42-ad2d861346a7@group-07A649B4923C-SegmentedRaftLogWorker: Rolling segment log-0_0 to index:0
2022-12-22 10:15:19,334 [e27721bf-da5b-4812-8a42-ad2d861346a7@group-07A649B4923C-LeaderElection23] INFO  server.RaftServer$Division (ServerState.java:setRaftConf(430)) - e27721bf-da5b-4812-8a42-ad2d861346a7@group-07A649B4923C: set configuration 1: peers:[e27721bf-da5b-4812-8a42-ad2d861346a7|rpc:localhost:35421|admin:|client:|dataStream:|priority:0|startupRole:FOLLOWER]|listeners:[], old=null
2022-12-22 10:15:19,337 [e27721bf-da5b-4812-8a42-ad2d861346a7@group-07A649B4923C-SegmentedRaftLogWorker] INFO  segmented.SegmentedRaftLogWorker (SegmentedRaftLogWorker.java:execute(613)) - e27721bf-da5b-4812-8a42-ad2d861346a7@group-07A649B4923C-SegmentedRaftLogWorker: Rolled log segment from /home/runner/work/ozone/ozone/hadoop-ozone/integration-test/target/test-dir/MiniOzoneClusterImpl-73a15bac-dca4-4ec7-8fa0-07a649b4923c/scmNode-1/scm-ha/73a15bac-dca4-4ec7-8fa0-07a649b4923c/current/log_inprogress_0 to /home/runner/work/ozone/ozone/hadoop-ozone/integration-test/target/test-dir/MiniOzoneClusterImpl-73a15bac-dca4-4ec7-8fa0-07a649b4923c/scmNode-1/scm-ha/73a15bac-dca4-4ec7-8fa0-07a649b4923c/current/log_0-0
2022-12-22 10:15:19,345 [e27721bf-da5b-4812-8a42-ad2d861346a7@group-07A649B4923C-SegmentedRaftLogWorker] INFO  segmented.SegmentedRaftLogWorker (SegmentedRaftLogWorker.java:execute(656)) - e27721bf-da5b-4812-8a42-ad2d861346a7@group-07A649B4923C-SegmentedRaftLogWorker: created new log segment /home/runner/work/ozone/ozone/hadoop-ozone/integration-test/target/test-dir/MiniOzoneClusterImpl-73a15bac-dca4-4ec7-8fa0-07a649b4923c/scmNode-1/scm-ha/73a15bac-dca4-4ec7-8fa0-07a649b4923c/current/log_inprogress_1
2022-12-22 10:15:19,345 [e27721bf-da5b-4812-8a42-ad2d861346a7@group-07A649B4923C-StateMachineUpdater] INFO  ha.SCMContext (SCMContext.java:setLeaderReady(126)) - update <isLeaderReady> from <false> to <true>
2022-12-22 10:15:19,346 [e27721bf-da5b-4812-8a42-ad2d861346a7@group-07A649B4923C-StateMachineUpdater] INFO  pipeline.BackgroundPipelineCreator (BackgroundPipelineCreator.java:notifyStatusChanged(254)) - Service BackgroundPipelineCreator transitions to RUNNING.
2022-12-22 10:15:19,349 [e27721bf-da5b-4812-8a42-ad2d861346a7@group-07A649B4923C-StateMachineUpdater] INFO  safemode.HealthyPipelineSafeModeRule (HealthyPipelineSafeModeRule.java:initializeRule(165)) - Refreshed total pipeline count is 0, healthy pipeline threshold count is 1
2022-12-22 10:15:19,349 [e27721bf-da5b-4812-8a42-ad2d861346a7@group-07A649B4923C-StateMachineUpdater] INFO  safemode.ContainerSafeModeRule (ContainerSafeModeRule.java:reInitializeRule(177)) - Refreshed one replica container threshold 0, currentThreshold 0
2022-12-22 10:15:19,349 [e27721bf-da5b-4812-8a42-ad2d861346a7@group-07A649B4923C-StateMachineUpdater] INFO  safemode.OneReplicaPipelineSafeModeRule (OneReplicaPipelineSafeModeRule.java:initializeRule(176)) - Refreshed Total pipeline count is 0, pipeline's with at least one datanode reported threshold count is 0
2022-12-22 10:15:19,349 [e27721bf-da5b-4812-8a42-ad2d861346a7@group-07A649B4923C-StateMachineUpdater] INFO  server.SCMDatanodeProtocolServer (SCMDatanodeProtocolServer.java:start(194)) - ScmDatanodeProtocol RPC server for DataNodes is listening at /0.0.0.0:36861
2022-12-22 10:15:19,353 [IPC Server Responder] INFO  ipc.Server (Server.java:run(1512)) - IPC Server Responder: starting
2022-12-22 10:15:19,353 [IPC Server listener on 36861] INFO  ipc.Server (Server.java:run(1352)) - IPC Server listener on 36861: starting
2022-12-22 10:15:20,023 [EndpointStateMachine task thread for /127.0.0.1:43945 - 0 ] INFO  ipc.Client (Client.java:handleConnectionFailure(1010)) - Retrying connect to server: localhost/127.0.0.1:43945. Already tried 2 time(s); retry policy is RetryUpToMaximumCountWithFixedSleep(maxRetries=15, sleepTime=1000 MILLISECONDS)
2022-12-22 10:15:20,023 [EndpointStateMachine task thread for /127.0.0.1:42129 - 0 ] INFO  ipc.Client (Client.java:handleConnectionFailure(1010)) - Retrying connect to server: localhost/127.0.0.1:42129. Already tried 8 time(s); retry policy is RetryUpToMaximumCountWithFixedSleep(maxRetries=15, sleepTime=1000 MILLISECONDS)
OM initialization succeeded.Current cluster id for sd=/home/runner/work/ozone/ozone/hadoop-ozone/integration-test/target/test-dir/MiniOzoneClusterImpl-73a15bac-dca4-4ec7-8fa0-07a649b4923c/omNode-1/om;cid=73a15bac-dca4-4ec7-8fa0-07a649b4923c;layoutVersion=3
2022-12-22 10:15:20,420 [Listener at 0.0.0.0/40193] INFO  ha.OMHANodeDetails (OMHANodeDetails.java:loadOMHAConfig(121)) - ServiceID for OzoneManager is om-add-remove
2022-12-22 10:15:20,421 [Listener at 0.0.0.0/40193] INFO  ha.OMHANodeDetails (OMHANodeDetails.java:loadOMHAConfig(201)) - Found matching OM address with OMServiceId: om-add-remove, OMNodeId: omNode-1, RPC Address: localhost:41647 and Ratis port: 45775
2022-12-22 10:15:20,421 [Listener at 0.0.0.0/40193] INFO  ha.OMHANodeDetails (ConfUtils.java:setNodeSpecificConfigs(97)) - Setting configuration key ozone.om.http-address with value of key ozone.om.http-address.om-add-remove.omNode-1: 127.0.0.1:37853
2022-12-22 10:15:20,421 [Listener at 0.0.0.0/40193] INFO  ha.OMHANodeDetails (ConfUtils.java:setNodeSpecificConfigs(97)) - Setting configuration key ozone.om.https-address with value of key ozone.om.https-address.om-add-remove.omNode-1: 127.0.0.1:37009
2022-12-22 10:15:20,421 [Listener at 0.0.0.0/40193] INFO  ha.OMHANodeDetails (ConfUtils.java:setNodeSpecificConfigs(97)) - Setting configuration key ozone.om.address with value of key ozone.om.address.om-add-remove.omNode-1: 127.0.0.1:41647
2022-12-22 10:15:20,421 [Listener at 0.0.0.0/40193] WARN  server.ServerUtils (ServerUtils.java:getDBPath(225)) - ozone.om.db.dirs is not configured. We recommend adding this setting. Falling back to ozone.metadata.dirs instead.
2022-12-22 10:15:20,422 [Listener at 0.0.0.0/40193] INFO  upgrade.AbstractLayoutVersionManager (AbstractLayoutVersionManager.java:init(83)) - Initializing Layout version manager with metadata layout = MULTITENANCY_SCHEMA (version = 3), software layout = MULTITENANCY_SCHEMA (version = 3)
2022-12-22 10:15:20,493 [Listener at 0.0.0.0/40193] INFO  reflections.Reflections (Reflections.java:scan(232)) - Reflections took 71 ms to scan 2 urls, producing 154 keys and 428 values [using 2 cores]
2022-12-22 10:15:20,494 [Listener at 0.0.0.0/40193] INFO  upgrade.OMLayoutVersionManager (OMLayoutVersionManager.java:lambda$0(115)) - Skipping Upgrade Action MockOmUpgradeAction since it has been finalized.
2022-12-22 10:15:20,494 [Listener at 0.0.0.0/40193] WARN  server.ServerUtils (ServerUtils.java:getDBPath(225)) - ozone.om.db.dirs is not configured. We recommend adding this setting. Falling back to ozone.metadata.dirs instead.
2022-12-22 10:15:20,494 [Listener at 0.0.0.0/40193] INFO  ha.SCMNodeInfo (SCMNodeInfo.java:getPort(197)) - ConfigKey ozone.scm.client.address is deprecated, For configuring different ports for each SCM use PortConfigKey ozone.scm.client.port appended with serviceId and nodeId
2022-12-22 10:15:20,494 [Listener at 0.0.0.0/40193] INFO  ha.SCMNodeInfo (SCMNodeInfo.java:getPort(197)) - ConfigKey ozone.scm.block.client.address is deprecated, For configuring different ports for each SCM use PortConfigKey ozone.scm.block.client.port appended with serviceId and nodeId
2022-12-22 10:15:20,494 [Listener at 0.0.0.0/40193] INFO  ha.SCMNodeInfo (SCMNodeInfo.java:getPort(197)) - ConfigKey ozone.scm.datanode.address is deprecated, For configuring different ports for each SCM use PortConfigKey ozone.scm.datanode.port appended with serviceId and nodeId
2022-12-22 10:15:20,495 [Listener at 0.0.0.0/40193] INFO  ha.SCMNodeInfo (SCMNodeInfo.java:getPort(197)) - ConfigKey ozone.scm.client.address is deprecated, For configuring different ports for each SCM use PortConfigKey ozone.scm.client.port appended with serviceId and nodeId
2022-12-22 10:15:20,495 [Listener at 0.0.0.0/40193] INFO  ha.SCMNodeInfo (SCMNodeInfo.java:getPort(197)) - ConfigKey ozone.scm.block.client.address is deprecated, For configuring different ports for each SCM use PortConfigKey ozone.scm.block.client.port appended with serviceId and nodeId
2022-12-22 10:15:20,496 [Listener at 0.0.0.0/40193] INFO  ha.SCMNodeInfo (SCMNodeInfo.java:getPort(197)) - ConfigKey ozone.scm.datanode.address is deprecated, For configuring different ports for each SCM use PortConfigKey ozone.scm.datanode.port appended with serviceId and nodeId
2022-12-22 10:15:20,496 [Listener at 0.0.0.0/40193] INFO  proxy.SCMBlockLocationFailoverProxyProvider (SCMBlockLocationFailoverProxyProvider.java:<init>(114)) - Created block location fail-over proxy with 1 nodes: [nodeId=scmNode-1,nodeAddress=/127.0.0.1:40907]
2022-12-22 10:15:20,497 [Listener at 0.0.0.0/40193] INFO  ha.SCMNodeInfo (SCMNodeInfo.java:getPort(197)) - ConfigKey ozone.scm.client.address is deprecated, For configuring different ports for each SCM use PortConfigKey ozone.scm.client.port appended with serviceId and nodeId
2022-12-22 10:15:20,497 [Listener at 0.0.0.0/40193] INFO  ha.SCMNodeInfo (SCMNodeInfo.java:getPort(197)) - ConfigKey ozone.scm.block.client.address is deprecated, For configuring different ports for each SCM use PortConfigKey ozone.scm.block.client.port appended with serviceId and nodeId
2022-12-22 10:15:20,497 [Listener at 0.0.0.0/40193] INFO  ha.SCMNodeInfo (SCMNodeInfo.java:getPort(197)) - ConfigKey ozone.scm.datanode.address is deprecated, For configuring different ports for each SCM use PortConfigKey ozone.scm.datanode.port appended with serviceId and nodeId
2022-12-22 10:15:20,497 [Listener at 0.0.0.0/40193] INFO  proxy.SCMBlockLocationFailoverProxyProvider (SCMBlockLocationFailoverProxyProvider.java:<init>(114)) - Created block location fail-over proxy with 1 nodes: [nodeId=scmNode-1,nodeAddress=/127.0.0.1:40907]
2022-12-22 10:15:20,509 [Listener at 0.0.0.0/40193] WARN  server.ServerUtils (ServerUtils.java:getDBPath(225)) - ozone.om.db.dirs is not configured. We recommend adding this setting. Falling back to ozone.metadata.dirs instead.
2022-12-22 10:15:20,509 [Listener at 0.0.0.0/40193] INFO  codec.OmKeyInfoCodec (OmKeyInfoCodec.java:<init>(49)) - OmKeyInfoCodec ignorePipeline = true
2022-12-22 10:15:20,509 [Listener at 0.0.0.0/40193] INFO  codec.RepeatedOmKeyInfoCodec (RepeatedOmKeyInfoCodec.java:<init>(41)) - RepeatedOmKeyInfoCodec ignorePipeline = true
2022-12-22 10:15:20,633 [Listener at 0.0.0.0/40193] INFO  om.OzoneManager (OzoneManager.java:instantiateServices(717)) - S3 Multi-Tenancy is disabled
2022-12-22 10:15:20,635 [Listener at 0.0.0.0/40193] INFO  om.OzoneManager (OzoneManager.java:addS3GVolumeToDB(4402)) - Created Volume s3v With Owner runner required for S3Gateway operations.
2022-12-22 10:15:20,635 [Listener at 0.0.0.0/40193] WARN  server.ServerUtils (ServerUtils.java:getDefaultRatisDirectory(237)) - Storage directory for Ratis is not configured. It is a good idea to map this to an SSD disk. Falling back to ozone.metadata.dirs
2022-12-22 10:15:20,635 [Listener at 0.0.0.0/40193] WARN  utils.OzoneManagerRatisUtils (OzoneManagerRatisUtils.java:getOMRatisSnapshotDirectory(434)) - ozone.om.ratis.snapshot.dir is not configured. Falling back to ozone.metadata.dirs config
2022-12-22 10:15:20,635 [Listener at 0.0.0.0/40193] INFO  snapshot.OzoneManagerSnapshotProvider (OzoneManagerSnapshotProvider.java:<init>(76)) - Initializing OM Snapshot Provider
2022-12-22 10:15:20,641 [Listener at 0.0.0.0/40193] WARN  impl.MetricRegistriesImpl (MetricRegistriesImpl.java:addReporterRegistration(111)) - New reporters are added after registries were created. Some metrics will be missing from the reporter. Please add reporter before adding any new registry.
2022-12-22 10:15:20,641 [Listener at 0.0.0.0/40193] WARN  impl.MetricRegistriesImpl (MetricRegistriesImpl.java:addReporterRegistration(111)) - New reporters are added after registries were created. Some metrics will be missing from the reporter. Please add reporter before adding any new registry.
2022-12-22 10:15:20,641 [Listener at 0.0.0.0/40193] WARN  server.ServerUtils (ServerUtils.java:getDefaultRatisDirectory(237)) - Storage directory for Ratis is not configured. It is a good idea to map this to an SSD disk. Falling back to ozone.metadata.dirs
2022-12-22 10:15:20,642 [Listener at 0.0.0.0/40193] INFO  ratis.OzoneManagerRatisServer (OzoneManagerRatisServer.java:<init>(160)) - Instantiating OM Ratis server with groupID: om-add-remove and peers: localhost:45775, localhost:44341, localhost:41683
2022-12-22 10:15:20,642 [Listener at 0.0.0.0/40193] INFO  ratis.OzoneManagerStateMachine (OzoneManagerStateMachine.java:loadSnapshotInfoFromDB(636)) - LastAppliedIndex is set from TransactionInfo from OM DB as (t:0, i:~)
2022-12-22 10:15:20,644 [Listener at 0.0.0.0/40193] INFO  server.RaftServer (ConfUtils.java:logGet(46)) - raft.rpc.type = GRPC (default)
2022-12-22 10:15:20,644 [Listener at 0.0.0.0/40193] INFO  grpc.GrpcConfigKeys (ConfUtils.java:logFallback(53)) - raft.grpc.admin.host = null (fallback to raft.grpc.server.host)
2022-12-22 10:15:20,644 [Listener at 0.0.0.0/40193] INFO  grpc.GrpcConfigKeys (ConfUtils.java:logFallback(53)) - raft.grpc.admin.port = 45775 (fallback to raft.grpc.server.port)
2022-12-22 10:15:20,645 [Listener at 0.0.0.0/40193] INFO  grpc.GrpcConfigKeys (ConfUtils.java:logFallback(53)) - raft.grpc.client.host = null (fallback to raft.grpc.server.host)
2022-12-22 10:15:20,645 [Listener at 0.0.0.0/40193] INFO  grpc.GrpcConfigKeys (ConfUtils.java:logFallback(53)) - raft.grpc.client.port = 45775 (fallback to raft.grpc.server.port)
2022-12-22 10:15:20,645 [Listener at 0.0.0.0/40193] INFO  grpc.GrpcConfigKeys (ConfUtils.java:logGet(46)) - raft.grpc.server.host = null (default)
2022-12-22 10:15:20,645 [Listener at 0.0.0.0/40193] INFO  grpc.GrpcConfigKeys (ConfUtils.java:logGet(46)) - raft.grpc.server.port = 45775 (custom)
2022-12-22 10:15:20,645 [Listener at 0.0.0.0/40193] INFO  server.GrpcService (ConfUtils.java:logGet(46)) - raft.grpc.message.size.max = 33554432 (custom)
2022-12-22 10:15:20,645 [Listener at 0.0.0.0/40193] INFO  server.RaftServerConfigKeys (ConfUtils.java:logGet(46)) - raft.server.log.appender.buffer.byte-limit = 33554432 (custom)
2022-12-22 10:15:20,645 [Listener at 0.0.0.0/40193] INFO  server.GrpcService (ConfUtils.java:logGet(46)) - raft.grpc.flow.control.window = 1MB (=1048576) (default)
2022-12-22 10:15:20,645 [Listener at 0.0.0.0/40193] INFO  server.RaftServerConfigKeys (ConfUtils.java:logGet(46)) - raft.server.rpc.request.timeout = 3000ms (default)
2022-12-22 10:15:20,645 [Listener at 0.0.0.0/40193] INFO  grpc.GrpcConfigKeys (ConfUtils.java:logGet(46)) - raft.grpc.server.heartbeat.channel = true (default)
2022-12-22 10:15:20,645 [Listener at 0.0.0.0/40193] INFO  grpc.GrpcConfigKeys (ConfUtils.java:logGet(46)) - raft.grpc.server.async.request.thread.pool.cached = true (default)
2022-12-22 10:15:20,646 [Listener at 0.0.0.0/40193] INFO  grpc.GrpcConfigKeys (ConfUtils.java:logGet(46)) - raft.grpc.server.async.request.thread.pool.size = 32 (default)
2022-12-22 10:15:20,646 [Listener at 0.0.0.0/40193] INFO  impl.DataStreamServerImpl (ConfUtils.java:logGet(46)) - raft.datastream.type = NETTY (custom)
2022-12-22 10:15:20,647 [Listener at 0.0.0.0/40193] INFO  server.RaftServerConfigKeys (ConfUtils.java:logGet(46)) - raft.server.data-stream.async.request.thread.pool.cached = false (default)
2022-12-22 10:15:20,647 [Listener at 0.0.0.0/40193] INFO  server.RaftServerConfigKeys (ConfUtils.java:logGet(46)) - raft.server.data-stream.async.request.thread.pool.size = 32 (default)
2022-12-22 10:15:20,647 [Listener at 0.0.0.0/40193] INFO  server.RaftServerConfigKeys (ConfUtils.java:logGet(46)) - raft.server.data-stream.async.write.thread.pool.size = 16 (default)
2022-12-22 10:15:20,647 [Listener at 0.0.0.0/40193] INFO  server.RaftServerConfigKeys (ConfUtils.java:logGet(46)) - raft.server.data-stream.client.pool.size = 10 (default)
2022-12-22 10:15:20,647 [Listener at 0.0.0.0/40193] INFO  netty.NettyConfigKeys$DataStream (ConfUtils.java:logGet(46)) - raft.netty.dataStream.server.use-epoll = false (default)
2022-12-22 10:15:20,647 [Listener at 0.0.0.0/40193] INFO  netty.NettyConfigKeys$DataStream (ConfUtils.java:logGet(46)) - raft.netty.dataStream.server.boss-group.size = 0 (default)
2022-12-22 10:15:20,648 [Listener at 0.0.0.0/40193] INFO  netty.NettyConfigKeys$DataStream (ConfUtils.java:logGet(46)) - raft.netty.dataStream.server.worker-group.size = 0 (default)
2022-12-22 10:15:20,648 [Listener at 0.0.0.0/40193] INFO  netty.NettyConfigKeys$DataStream (ConfUtils.java:logGet(46)) - raft.netty.dataStream.server.tls.conf = null (default)
2022-12-22 10:15:20,648 [Listener at 0.0.0.0/40193] INFO  netty.NettyConfigKeys$DataStream (ConfUtils.java:logGet(46)) - raft.netty.dataStream.host = null (default)
2022-12-22 10:15:20,648 [Listener at 0.0.0.0/40193] INFO  netty.NettyConfigKeys$DataStream (ConfUtils.java:logGet(46)) - raft.netty.dataStream.port = 0 (default)
2022-12-22 10:15:20,648 [Listener at 0.0.0.0/40193] INFO  server.RaftServerConfigKeys (ConfUtils.java:logGet(46)) - raft.server.threadpool.proxy.cached = true (default)
2022-12-22 10:15:20,649 [Listener at 0.0.0.0/40193] INFO  server.RaftServerConfigKeys (ConfUtils.java:logGet(46)) - raft.server.threadpool.proxy.size = 0 (default)
2022-12-22 10:15:20,649 [omNode-1-NettyServerStreamRpc-bossGroup--thread1] INFO  logging.LoggingHandler (AbstractInternalLogger.java:log(148)) - [id: 0xd44c9028] REGISTERED
2022-12-22 10:15:20,649 [Listener at 0.0.0.0/40193] INFO  server.RaftServerConfigKeys (ConfUtils.java:logGet(46)) - raft.server.rpc.slowness.timeout = 2s (custom)
2022-12-22 10:15:20,649 [Listener at 0.0.0.0/40193] INFO  server.RaftServerConfigKeys (ConfUtils.java:logGet(46)) - raft.server.leaderelection.leader.step-down.wait-time = 10s (default)
2022-12-22 10:15:20,649 [omNode-1-NettyServerStreamRpc-bossGroup--thread1] INFO  logging.LoggingHandler (AbstractInternalLogger.java:log(148)) - [id: 0xd44c9028] BIND: 0.0.0.0/0.0.0.0:0
2022-12-22 10:15:20,649 [Listener at 0.0.0.0/40193] INFO  server.RaftServerConfigKeys (ConfUtils.java:logGet(46)) - raft.server.storage.dir = [/home/runner/work/ozone/ozone/hadoop-ozone/integration-test/target/test-dir/MiniOzoneClusterImpl-73a15bac-dca4-4ec7-8fa0-07a649b4923c/omNode-1/ratis] (custom)
2022-12-22 10:15:20,649 [omNode-1-NettyServerStreamRpc-bossGroup--thread1] INFO  logging.LoggingHandler (AbstractInternalLogger.java:log(148)) - [id: 0xd44c9028, L:/0:0:0:0:0:0:0:0:34841] ACTIVE
2022-12-22 10:15:20,650 [Listener at 0.0.0.0/40193] INFO  server.RaftServer (RaftServerProxy.java:addNew(96)) - omNode-1: addNew group-0AAC5367B30E:[omNode-3|rpc:localhost:44341|priority:0|startupRole:FOLLOWER, omNode-1|rpc:localhost:45775|priority:0|startupRole:FOLLOWER, omNode-2|rpc:localhost:41683|priority:0|startupRole:FOLLOWER] returns group-0AAC5367B30E:java.util.concurrent.CompletableFuture@6e8a6cad[Not completed]
2022-12-22 10:15:20,650 [pool-508-thread-1] INFO  server.RaftServer$Division (RaftServerImpl.java:<init>(195)) - omNode-1: new RaftServerImpl for group-0AAC5367B30E:[omNode-3|rpc:localhost:44341|priority:0|startupRole:FOLLOWER, omNode-1|rpc:localhost:45775|priority:0|startupRole:FOLLOWER, omNode-2|rpc:localhost:41683|priority:0|startupRole:FOLLOWER] with OzoneManagerStateMachine:uninitialized
2022-12-22 10:15:20,650 [Listener at 0.0.0.0/40193] INFO  om.OzoneManager (OzoneManager.java:initializeRatisServer(1979)) - OzoneManager Ratis server initialized at port 45775
2022-12-22 10:15:20,650 [pool-508-thread-1] INFO  server.RaftServerConfigKeys (ConfUtils.java:logGet(46)) - raft.server.rpc.timeout.min = 1s (custom)
2022-12-22 10:15:20,650 [pool-508-thread-1] INFO  server.RaftServerConfigKeys (ConfUtils.java:logGet(46)) - raft.server.rpc.timeout.max = 1200ms (custom)
2022-12-22 10:15:20,650 [pool-508-thread-1] INFO  server.RaftServerConfigKeys (ConfUtils.java:logGet(46)) - raft.server.rpc.sleep.time = 25ms (default)
2022-12-22 10:15:20,650 [pool-508-thread-1] INFO  server.RaftServerConfigKeys (ConfUtils.java:logGet(46)) - raft.server.rpc.slowness.timeout = 2s (custom)
2022-12-22 10:15:20,650 [pool-508-thread-1] INFO  server.RaftServerConfigKeys (ConfUtils.java:logGet(46)) - raft.server.leaderelection.leader.step-down.wait-time = 10s (default)
2022-12-22 10:15:20,650 [pool-508-thread-1] INFO  server.RaftServerConfigKeys (ConfUtils.java:logGet(46)) - raft.server.sleep.deviation.threshold = 300ms (default)
2022-12-22 10:15:20,650 [pool-508-thread-1] INFO  server.RaftServer$Division (ServerState.java:<init>(118)) - omNode-1@group-0AAC5367B30E: ConfigurationManager, init=-1: peers:[omNode-3|rpc:localhost:44341|priority:0|startupRole:FOLLOWER, omNode-1|rpc:localhost:45775|priority:0|startupRole:FOLLOWER, omNode-2|rpc:localhost:41683|priority:0|startupRole:FOLLOWER]|listeners:[], old=null, confs=<EMPTY_MAP>
2022-12-22 10:15:20,650 [pool-508-thread-1] INFO  server.RaftServerConfigKeys (ConfUtils.java:logGet(46)) - raft.server.storage.dir = [/home/runner/work/ozone/ozone/hadoop-ozone/integration-test/target/test-dir/MiniOzoneClusterImpl-73a15bac-dca4-4ec7-8fa0-07a649b4923c/omNode-1/ratis] (custom)
2022-12-22 10:15:20,650 [pool-508-thread-1] INFO  server.RaftServerConfigKeys (ConfUtils.java:logGet(46)) - raft.server.log.corruption.policy = EXCEPTION (default)
2022-12-22 10:15:20,650 [pool-508-thread-1] INFO  server.RaftServerConfigKeys (ConfUtils.java:logGet(46)) - raft.server.storage.free-space.min = 0MB (=0) (default)
2022-12-22 10:15:20,650 [pool-508-thread-1] INFO  server.RaftServerConfigKeys (ConfUtils.java:logGet(46)) - raft.server.notification.no-leader.timeout = 2s (custom)
2022-12-22 10:15:20,650 [pool-508-thread-1] INFO  server.RaftServerConfigKeys (ConfUtils.java:logGet(46)) - raft.server.retrycache.expirytime = 300s (custom)
2022-12-22 10:15:20,650 [pool-508-thread-1] INFO  server.RaftServerConfigKeys (ConfUtils.java:logGet(46)) - raft.server.retrycache.statistics.expirytime = 100μs (default)
2022-12-22 10:15:20,651 [pool-508-thread-1] INFO  server.RaftServerConfigKeys (ConfUtils.java:logGet(46)) - raft.server.log.appender.install.snapshot.enabled = false (custom)
2022-12-22 10:15:20,651 [pool-508-thread-1] INFO  server.RaftServerConfigKeys (ConfUtils.java:logGet(46)) - raft.server.threadpool.server.cached = true (default)
2022-12-22 10:15:20,651 [pool-508-thread-1] INFO  server.RaftServerConfigKeys (ConfUtils.java:logGet(46)) - raft.server.threadpool.server.size = 0 (default)
2022-12-22 10:15:20,651 [pool-508-thread-1] INFO  server.RaftServerConfigKeys (ConfUtils.java:logGet(46)) - raft.server.threadpool.client.cached = true (default)
2022-12-22 10:15:20,651 [pool-508-thread-1] INFO  server.RaftServerConfigKeys (ConfUtils.java:logGet(46)) - raft.server.threadpool.client.size = 0 (default)
2022-12-22 10:15:20,653 [Listener at 0.0.0.0/40193] INFO  om.OzoneManager (OzoneManager.java:getRpcServer(1106)) - Creating RPC Server
2022-12-22 10:15:20,971 [Listener at 0.0.0.0/40193] INFO  reflections.Reflections (Reflections.java:scan(232)) - Reflections took 317 ms to scan 19 urls, producing 67 keys and 4509 values [using 2 cores]
2022-12-22 10:15:20,972 [Listener at 0.0.0.0/40193] INFO  ipc.CallQueueManager (CallQueueManager.java:<init>(90)) - Using callQueue: class java.util.concurrent.LinkedBlockingQueue, queueCapacity: 2000, scheduler: class org.apache.hadoop.ipc.DefaultRpcScheduler, ipcBackoff: false.
2022-12-22 10:15:20,973 [Socket Reader #1 for port 41647] INFO  ipc.Server (Server.java:run(1273)) - Starting Socket Reader #1 for port 41647
2022-12-22 10:15:20,995 [Listener at 127.0.0.1/41647] INFO  impl.MetricsSystemImpl (MetricsSystemImpl.java:init(158)) - OzoneManager metrics system started (again)
2022-12-22 10:15:21,004 [Listener at 127.0.0.1/41647] INFO  om.OzoneManager (OzoneManager.java:start(1486)) - OzoneManager RPC server is listening at localhost/127.0.0.1:41647
2022-12-22 10:15:21,004 [Listener at 127.0.0.1/41647] INFO  ratis.OzoneManagerRatisServer (OzoneManagerRatisServer.java:start(555)) - Starting OzoneManagerRatisServer omNode-1 at port 45775
2022-12-22 10:15:21,004 [omNode-1-impl-thread1] INFO  storage.RaftStorageDirectory (RaftStorageDirectoryImpl.java:analyzeStorage(137)) - The storage directory /home/runner/work/ozone/ozone/hadoop-ozone/integration-test/target/test-dir/MiniOzoneClusterImpl-73a15bac-dca4-4ec7-8fa0-07a649b4923c/omNode-1/ratis/0718e334-ffa1-36bc-8e9a-0aac5367b30e does not exist. Creating ...
2022-12-22 10:15:21,005 [omNode-1-impl-thread1] INFO  storage.RaftStorageDirectory (RaftStorageDirectoryImpl.java:tryLock(231)) - Lock on /home/runner/work/ozone/ozone/hadoop-ozone/integration-test/target/test-dir/MiniOzoneClusterImpl-73a15bac-dca4-4ec7-8fa0-07a649b4923c/omNode-1/ratis/0718e334-ffa1-36bc-8e9a-0aac5367b30e/in_use.lock acquired by nodename 33150@fv-az345-686
2022-12-22 10:15:21,006 [omNode-1-impl-thread1] INFO  storage.RaftStorage (RaftStorageImpl.java:format(96)) - Storage directory /home/runner/work/ozone/ozone/hadoop-ozone/integration-test/target/test-dir/MiniOzoneClusterImpl-73a15bac-dca4-4ec7-8fa0-07a649b4923c/omNode-1/ratis/0718e334-ffa1-36bc-8e9a-0aac5367b30e has been successfully formatted.
2022-12-22 10:15:21,006 [omNode-1-impl-thread1] INFO  server.RaftServerConfigKeys (ConfUtils.java:logGet(46)) - raft.server.log.use.memory = false (default)
2022-12-22 10:15:21,006 [omNode-1-impl-thread1] INFO  server.RaftServerConfigKeys (ConfUtils.java:logGet(46)) - raft.server.log.purge.gap = 1000000 (custom)
2022-12-22 10:15:21,006 [omNode-1-impl-thread1] INFO  server.RaftServerConfigKeys (ConfUtils.java:logGet(46)) - raft.server.log.appender.buffer.byte-limit = 33554432 (custom)
2022-12-22 10:15:21,006 [omNode-1-impl-thread1] INFO  server.RaftServerConfigKeys (ConfUtils.java:logGet(46)) - raft.server.log.statemachine.data.read.timeout = 1000ms (default)
2022-12-22 10:15:21,006 [omNode-1-impl-thread1] INFO  server.RaftServerConfigKeys (ConfUtils.java:logGet(46)) - raft.server.log.purge.preservation.log.num = 0 (default)
2022-12-22 10:15:21,006 [omNode-1-impl-thread1] INFO  server.RaftServerConfigKeys (ConfUtils.java:logGet(46)) - raft.server.log.segment.size.max = 4194304 (custom)
2022-12-22 10:15:21,007 [omNode-1-impl-thread1] INFO  server.RaftServerConfigKeys (ConfUtils.java:logGet(46)) - raft.server.log.segment.cache.num.max = 2 (custom)
2022-12-22 10:15:21,007 [omNode-1-impl-thread1] INFO  server.RaftServerConfigKeys (ConfUtils.java:logGet(46)) - raft.server.log.segment.cache.size.max = 200MB (=209715200) (default)
2022-12-22 10:15:21,007 [omNode-1-impl-thread1] INFO  segmented.SegmentedRaftLogWorker (SegmentedRaftLogWorker.java:<init>(189)) - new omNode-1@group-0AAC5367B30E-SegmentedRaftLogWorker for RaftStorageImpl:Storage Directory /home/runner/work/ozone/ozone/hadoop-ozone/integration-test/target/test-dir/MiniOzoneClusterImpl-73a15bac-dca4-4ec7-8fa0-07a649b4923c/omNode-1/ratis/0718e334-ffa1-36bc-8e9a-0aac5367b30e
2022-12-22 10:15:21,007 [omNode-1-impl-thread1] INFO  server.RaftServerConfigKeys (ConfUtils.java:logGet(46)) - raft.server.log.queue.byte-limit = 64MB (=67108864) (default)
2022-12-22 10:15:21,007 [omNode-1-impl-thread1] INFO  server.RaftServerConfigKeys (ConfUtils.java:logGet(46)) - raft.server.log.queue.element-limit = 4096 (default)
2022-12-22 10:15:21,007 [omNode-1-impl-thread1] INFO  server.RaftServerConfigKeys (ConfUtils.java:logGet(46)) - raft.server.log.segment.size.max = 4194304 (custom)
2022-12-22 10:15:21,007 [omNode-1-impl-thread1] INFO  server.RaftServerConfigKeys (ConfUtils.java:logGet(46)) - raft.server.log.preallocated.size = 4194304 (custom)
2022-12-22 10:15:21,007 [omNode-1-impl-thread1] INFO  server.RaftServerConfigKeys (ConfUtils.java:logGet(46)) - raft.server.log.force.sync.num = 128 (default)
2022-12-22 10:15:21,007 [omNode-1-impl-thread1] INFO  server.RaftServerConfigKeys (ConfUtils.java:logGet(46)) - raft.server.log.statemachine.data.sync = true (default)
2022-12-22 10:15:21,007 [omNode-1-impl-thread1] INFO  server.RaftServerConfigKeys (ConfUtils.java:logGet(46)) - raft.server.log.statemachine.data.sync.timeout = 10s (default)
2022-12-22 10:15:21,007 [omNode-1-impl-thread1] INFO  server.RaftServerConfigKeys (ConfUtils.java:logGet(46)) - raft.server.log.statemachine.data.sync.timeout.retry = -1 (default)
2022-12-22 10:15:21,007 [omNode-1-impl-thread1] INFO  server.RaftServerConfigKeys (ConfUtils.java:logGet(46)) - raft.server.log.write.buffer.size = 64KB (=65536) (default)
2022-12-22 10:15:21,007 [omNode-1-impl-thread1] INFO  server.RaftServerConfigKeys (ConfUtils.java:logGet(46)) - raft.server.log.appender.buffer.byte-limit = 33554432 (custom)
2022-12-22 10:15:21,010 [omNode-1-impl-thread1] INFO  server.RaftServerConfigKeys (ConfUtils.java:logGet(46)) - raft.server.log.unsafe-flush.enabled = false (default)
2022-12-22 10:15:21,010 [omNode-1-impl-thread1] INFO  server.RaftServerConfigKeys (ConfUtils.java:logGet(46)) - raft.server.log.async-flush.enabled = false (default)
2022-12-22 10:15:21,010 [omNode-1-impl-thread1] INFO  server.RaftServerConfigKeys (ConfUtils.java:logGet(46)) - raft.server.log.statemachine.data.caching.enabled = false (default)
2022-12-22 10:15:21,010 [omNode-1-impl-thread1] INFO  segmented.SegmentedRaftLogWorker (SegmentedRaftLogWorker.java:lambda$new$0(135)) - omNode-1@group-0AAC5367B30E-SegmentedRaftLogWorker: flushIndex: setUnconditionally 0 -> -1
2022-12-22 10:15:21,010 [omNode-1-impl-thread1] INFO  segmented.SegmentedRaftLogWorker (SegmentedRaftLogWorker.java:lambda$new$0(135)) - omNode-1@group-0AAC5367B30E-SegmentedRaftLogWorker: safeCacheEvictIndex: setUnconditionally 0 -> -1
2022-12-22 10:15:21,011 [omNode-1-impl-thread1] INFO  server.RaftServer$Division (RaftServerImpl.java:start(334)) - omNode-1@group-0AAC5367B30E: start as a follower, conf=-1: peers:[omNode-3|rpc:localhost:44341|priority:0|startupRole:FOLLOWER, omNode-1|rpc:localhost:45775|priority:0|startupRole:FOLLOWER, omNode-2|rpc:localhost:41683|priority:0|startupRole:FOLLOWER]|listeners:[], old=null
2022-12-22 10:15:21,011 [omNode-1-impl-thread1] INFO  server.RaftServer$Division (RaftServerImpl.java:setRole(321)) - omNode-1@group-0AAC5367B30E: changes role from      null to FOLLOWER at term 0 for startAsFollower
2022-12-22 10:15:21,011 [omNode-1-impl-thread1] INFO  impl.RoleInfo (RoleInfo.java:updateAndGet(139)) - omNode-1: start omNode-1@group-0AAC5367B30E-FollowerState
2022-12-22 10:15:21,011 [omNode-1@group-0AAC5367B30E-FollowerState] INFO  server.RaftServerConfigKeys (ConfUtils.java:logFallback(53)) - raft.server.rpc.first-election.timeout.min = 1s (fallback to raft.server.rpc.timeout.min)
2022-12-22 10:15:21,011 [omNode-1-impl-thread1] INFO  util.JmxRegister (JmxRegister.java:tryRegister(44)) - Successfully registered JMX Bean with object name Ratis:service=RaftServer,group=group-0AAC5367B30E,id=omNode-1
2022-12-22 10:15:21,011 [omNode-1@group-0AAC5367B30E-FollowerState] INFO  server.RaftServerConfigKeys (ConfUtils.java:logFallback(53)) - raft.server.rpc.first-election.timeout.max = 1200ms (fallback to raft.server.rpc.timeout.max)
2022-12-22 10:15:21,011 [omNode-1-impl-thread1] INFO  server.RaftServerConfigKeys (ConfUtils.java:logGet(46)) - raft.server.snapshot.auto.trigger.enabled = true (custom)
2022-12-22 10:15:21,011 [omNode-1-impl-thread1] INFO  server.RaftServerConfigKeys (ConfUtils.java:logGet(46)) - raft.server.snapshot.auto.trigger.threshold = 400000 (default)
2022-12-22 10:15:21,012 [omNode-1-impl-thread1] INFO  server.RaftServerConfigKeys (ConfUtils.java:logGet(46)) - raft.server.snapshot.retention.file.num = -1 (default)
2022-12-22 10:15:21,012 [omNode-1-impl-thread1] INFO  server.RaftServerConfigKeys (ConfUtils.java:logGet(46)) - raft.server.log.purge.upto.snapshot.index = true (custom)
2022-12-22 10:15:21,012 [Listener at 127.0.0.1/41647] INFO  server.RaftServer (RaftServerProxy.java:startImpl(393)) - omNode-1: start RPC server
2022-12-22 10:15:21,014 [Listener at 127.0.0.1/41647] INFO  server.GrpcService (GrpcService.java:startImpl(262)) - omNode-1: GrpcService started, listening on 45775
2022-12-22 10:15:21,014 [JvmPauseMonitor18] INFO  util.JvmPauseMonitor (JvmPauseMonitor.java:run(105)) - JvmPauseMonitor-omNode-1: Started
2022-12-22 10:15:21,014 [Listener at 127.0.0.1/41647] INFO  om.OzoneManager (OzoneManager.java:start(1502)) - Version File has different layout version (3) than OM DB (null). That is expected if this OM has never been finalized to a newer layout version.
2022-12-22 10:15:21,016 [Listener at 127.0.0.1/41647] INFO  http.BaseHttpServer (BaseHttpServer.java:newHttpServer2BuilderForOzone(213)) - Starting Web-server for ozoneManager at: http://0.0.0.0:37853
2022-12-22 10:15:21,016 [Listener at 127.0.0.1/41647] INFO  http.BaseHttpServer (BaseHttpServer.java:<init>(108)) - Hadoop Security Enabled: false Ozone Security Enabled: false Ozone HTTP Security Enabled: false 
2022-12-22 10:15:21,017 [Listener at 127.0.0.1/41647] WARN  server.AuthenticationFilter (AuthenticationFilter.java:constructSecretProvider(240)) - Unable to initialize FileSignerSecretProvider, falling back to use random secrets. Reason: Could not read signature secret file: /home/runner/hadoop-http-auth-signature-secret
2022-12-22 10:15:21,018 [Listener at 127.0.0.1/41647] WARN  http.HttpRequestLog (HttpRequestLog.java:getRequestLog(103)) - Jetty request log can only be enabled using Log4j
2022-12-22 10:15:21,020 [Listener at 127.0.0.1/41647] INFO  http.HttpServer2 (HttpServer2.java:addGlobalFilter(1031)) - Added global filter 'safety' (class=org.apache.hadoop.hdds.server.http.HttpServer2$QuotingInputFilter)
2022-12-22 10:15:21,023 [EndpointStateMachine task thread for /127.0.0.1:43945 - 0 ] INFO  ipc.Client (Client.java:handleConnectionFailure(1010)) - Retrying connect to server: localhost/127.0.0.1:43945. Already tried 3 time(s); retry policy is RetryUpToMaximumCountWithFixedSleep(maxRetries=15, sleepTime=1000 MILLISECONDS)
2022-12-22 10:15:21,023 [EndpointStateMachine task thread for /127.0.0.1:42129 - 0 ] INFO  ipc.Client (Client.java:handleConnectionFailure(1010)) - Retrying connect to server: localhost/127.0.0.1:42129. Already tried 9 time(s); retry policy is RetryUpToMaximumCountWithFixedSleep(maxRetries=15, sleepTime=1000 MILLISECONDS)
2022-12-22 10:15:21,028 [Listener at 127.0.0.1/41647] INFO  http.HttpServer2 (HttpServer2.java:addFilter(1007)) - Added filter static_user_filter (class=org.apache.hadoop.http.lib.StaticUserWebFilter$StaticUserFilter) to context ozoneManager
2022-12-22 10:15:21,028 [Listener at 127.0.0.1/41647] INFO  http.HttpServer2 (HttpServer2.java:addFilter(1015)) - Added filter static_user_filter (class=org.apache.hadoop.http.lib.StaticUserWebFilter$StaticUserFilter) to context logs
2022-12-22 10:15:21,028 [Listener at 127.0.0.1/41647] INFO  http.HttpServer2 (HttpServer2.java:addFilter(1015)) - Added filter static_user_filter (class=org.apache.hadoop.http.lib.StaticUserWebFilter$StaticUserFilter) to context static
2022-12-22 10:15:21,032 [Listener at 127.0.0.1/41647] INFO  http.HttpServer2 (HttpServer2.java:bindListener(1250)) - Jetty bound to port 37853
2022-12-22 10:15:21,032 [Listener at 127.0.0.1/41647] INFO  server.Server (Server.java:doStart(375)) - jetty-9.4.49.v20220914; built: 2022-09-14T01:07:36.601Z; git: 4231a3b2e4cb8548a412a789936d640a97b1aa0a; jvm 1.8.0_352-b08
2022-12-22 10:15:21,033 [Listener at 127.0.0.1/41647] INFO  server.session (DefaultSessionIdManager.java:doStart(334)) - DefaultSessionIdManager workerName=node0
2022-12-22 10:15:21,034 [Listener at 127.0.0.1/41647] INFO  server.session (DefaultSessionIdManager.java:doStart(339)) - No SessionScavenger set, using defaults
2022-12-22 10:15:21,034 [Listener at 127.0.0.1/41647] INFO  server.session (HouseKeeper.java:startScavenging(132)) - node0 Scavenging every 660000ms
2022-12-22 10:15:21,035 [Listener at 127.0.0.1/41647] INFO  handler.ContextHandler (ContextHandler.java:doStart(921)) - Started o.e.j.s.ServletContextHandler@360d4124{logs,/logs,file:///home/runner/work/ozone/ozone/hadoop-ozone/integration-test/target/log,AVAILABLE}
2022-12-22 10:15:21,035 [Listener at 127.0.0.1/41647] INFO  handler.ContextHandler (ContextHandler.java:doStart(921)) - Started o.e.j.s.ServletContextHandler@6cf41e6{static,/static,file:///home/runner/work/ozone/ozone/hadoop-ozone/integration-test/target/test-classes/webapps/static,AVAILABLE}
2022-12-22 10:15:21,038 [Listener at 127.0.0.1/41647] INFO  handler.ContextHandler (ContextHandler.java:doStart(921)) - Started o.e.j.w.WebAppContext@183fb032{ozoneManager,/,file:///home/runner/work/ozone/ozone/hadoop-ozone/integration-test/target/test-classes/webapps/ozoneManager/,AVAILABLE}{file:/home/runner/work/ozone/ozone/hadoop-ozone/integration-test/target/test-classes/webapps/ozoneManager}
2022-12-22 10:15:21,039 [Listener at 127.0.0.1/41647] INFO  server.AbstractConnector (AbstractConnector.java:doStart(333)) - Started ServerConnector@3e201e76{HTTP/1.1, (http/1.1)}{0.0.0.0:37853}
2022-12-22 10:15:21,039 [Listener at 127.0.0.1/41647] INFO  server.Server (Server.java:doStart(415)) - Started @104771ms
2022-12-22 10:15:21,040 [Listener at 127.0.0.1/41647] WARN  impl.MetricsSystemImpl (MetricsSystemImpl.java:register(279)) - Sink prometheus already exists!
2022-12-22 10:15:21,040 [Listener at 127.0.0.1/41647] INFO  http.BaseHttpServer (BaseHttpServer.java:updateConnectorAddress(333)) - HTTP server of ozoneManager listening at http://0.0.0.0:37853
2022-12-22 10:15:21,041 [IPC Server Responder] INFO  ipc.Server (Server.java:run(1512)) - IPC Server Responder: starting
2022-12-22 10:15:21,042 [IPC Server listener on 41647] INFO  ipc.Server (Server.java:run(1352)) - IPC Server listener on 41647: starting
2022-12-22 10:15:21,047 [Listener at 127.0.0.1/41647] INFO  om.OzoneManager (OzoneManager.java:startTrashEmptier(1923)) - Trash Interval set to 0. Files deleted won't move to trash
2022-12-22 10:15:21,048 [org.apache.hadoop.util.JvmPauseMonitor$Monitor@2207b69c] INFO  util.JvmPauseMonitor (JvmPauseMonitor.java:run(188)) - Starting JVM pause monitor
2022-12-22 10:15:21,048 [Listener at 127.0.0.1/41647] INFO  ozone.MiniOzoneHAClusterImpl (MiniOzoneHAClusterImpl.java:createOMService(527)) - Started OzoneManager omNode-1 RPC server at localhost/127.0.0.1:41647
2022-12-22 10:15:21,048 [Listener at 127.0.0.1/41647] INFO  ha.OMHANodeDetails (OMHANodeDetails.java:loadOMHAConfig(121)) - ServiceID for OzoneManager is om-add-remove
2022-12-22 10:15:21,049 [Listener at 127.0.0.1/41647] INFO  ha.OMHANodeDetails (OMHANodeDetails.java:loadOMHAConfig(201)) - Found matching OM address with OMServiceId: om-add-remove, OMNodeId: omNode-2, RPC Address: localhost:44907 and Ratis port: 41683
2022-12-22 10:15:21,049 [Listener at 127.0.0.1/41647] INFO  ha.OMHANodeDetails (ConfUtils.java:setNodeSpecificConfigs(97)) - Setting configuration key ozone.om.http-address with value of key ozone.om.http-address.om-add-remove.omNode-2: 127.0.0.1:39569
2022-12-22 10:15:21,049 [Listener at 127.0.0.1/41647] INFO  ha.OMHANodeDetails (ConfUtils.java:setNodeSpecificConfigs(97)) - Setting configuration key ozone.om.https-address with value of key ozone.om.https-address.om-add-remove.omNode-2: 127.0.0.1:35617
2022-12-22 10:15:21,049 [Listener at 127.0.0.1/41647] INFO  ha.OMHANodeDetails (ConfUtils.java:setNodeSpecificConfigs(97)) - Setting configuration key ozone.om.address with value of key ozone.om.address.om-add-remove.omNode-2: 127.0.0.1:44907
2022-12-22 10:15:21,049 [Listener at 127.0.0.1/41647] WARN  server.ServerUtils (ServerUtils.java:getDBPath(225)) - ozone.om.db.dirs is not configured. We recommend adding this setting. Falling back to ozone.metadata.dirs instead.
2022-12-22 10:15:21,050 [Listener at 127.0.0.1/41647] INFO  ha.SCMNodeInfo (SCMNodeInfo.java:getPort(197)) - ConfigKey ozone.scm.client.address is deprecated, For configuring different ports for each SCM use PortConfigKey ozone.scm.client.port appended with serviceId and nodeId
2022-12-22 10:15:21,050 [Listener at 127.0.0.1/41647] INFO  ha.SCMNodeInfo (SCMNodeInfo.java:getPort(197)) - ConfigKey ozone.scm.block.client.address is deprecated, For configuring different ports for each SCM use PortConfigKey ozone.scm.block.client.port appended with serviceId and nodeId
2022-12-22 10:15:21,050 [Listener at 127.0.0.1/41647] INFO  ha.SCMNodeInfo (SCMNodeInfo.java:getPort(197)) - ConfigKey ozone.scm.datanode.address is deprecated, For configuring different ports for each SCM use PortConfigKey ozone.scm.datanode.port appended with serviceId and nodeId
2022-12-22 10:15:21,050 [Listener at 127.0.0.1/41647] INFO  proxy.SCMBlockLocationFailoverProxyProvider (SCMBlockLocationFailoverProxyProvider.java:<init>(114)) - Created block location fail-over proxy with 1 nodes: [nodeId=scmNode-1,nodeAddress=/127.0.0.1:40907]
OM initialization succeeded.Current cluster id for sd=/home/runner/work/ozone/ozone/hadoop-ozone/integration-test/target/test-dir/MiniOzoneClusterImpl-73a15bac-dca4-4ec7-8fa0-07a649b4923c/omNode-2/om;cid=73a15bac-dca4-4ec7-8fa0-07a649b4923c;layoutVersion=3
2022-12-22 10:15:21,056 [Listener at 127.0.0.1/41647] INFO  ha.OMHANodeDetails (OMHANodeDetails.java:loadOMHAConfig(121)) - ServiceID for OzoneManager is om-add-remove
2022-12-22 10:15:21,056 [Listener at 127.0.0.1/41647] INFO  ha.OMHANodeDetails (OMHANodeDetails.java:loadOMHAConfig(201)) - Found matching OM address with OMServiceId: om-add-remove, OMNodeId: omNode-2, RPC Address: localhost:44907 and Ratis port: 41683
2022-12-22 10:15:21,056 [Listener at 127.0.0.1/41647] INFO  ha.OMHANodeDetails (ConfUtils.java:setNodeSpecificConfigs(97)) - Setting configuration key ozone.om.http-address with value of key ozone.om.http-address.om-add-remove.omNode-2: 127.0.0.1:39569
2022-12-22 10:15:21,056 [Listener at 127.0.0.1/41647] INFO  ha.OMHANodeDetails (ConfUtils.java:setNodeSpecificConfigs(97)) - Setting configuration key ozone.om.https-address with value of key ozone.om.https-address.om-add-remove.omNode-2: 127.0.0.1:35617
2022-12-22 10:15:21,056 [Listener at 127.0.0.1/41647] INFO  ha.OMHANodeDetails (ConfUtils.java:setNodeSpecificConfigs(97)) - Setting configuration key ozone.om.address with value of key ozone.om.address.om-add-remove.omNode-2: 127.0.0.1:44907
2022-12-22 10:15:21,056 [Listener at 127.0.0.1/41647] WARN  server.ServerUtils (ServerUtils.java:getDBPath(225)) - ozone.om.db.dirs is not configured. We recommend adding this setting. Falling back to ozone.metadata.dirs instead.
2022-12-22 10:15:21,057 [Listener at 127.0.0.1/41647] INFO  upgrade.AbstractLayoutVersionManager (AbstractLayoutVersionManager.java:init(83)) - Initializing Layout version manager with metadata layout = MULTITENANCY_SCHEMA (version = 3), software layout = MULTITENANCY_SCHEMA (version = 3)
2022-12-22 10:15:21,112 [Listener at 127.0.0.1/41647] INFO  reflections.Reflections (Reflections.java:scan(232)) - Reflections took 55 ms to scan 2 urls, producing 154 keys and 428 values [using 2 cores]
2022-12-22 10:15:21,112 [Listener at 127.0.0.1/41647] INFO  upgrade.OMLayoutVersionManager (OMLayoutVersionManager.java:lambda$0(115)) - Skipping Upgrade Action MockOmUpgradeAction since it has been finalized.
2022-12-22 10:15:21,112 [Listener at 127.0.0.1/41647] WARN  server.ServerUtils (ServerUtils.java:getDBPath(225)) - ozone.om.db.dirs is not configured. We recommend adding this setting. Falling back to ozone.metadata.dirs instead.
2022-12-22 10:15:21,112 [Listener at 127.0.0.1/41647] INFO  ha.SCMNodeInfo (SCMNodeInfo.java:getPort(197)) - ConfigKey ozone.scm.client.address is deprecated, For configuring different ports for each SCM use PortConfigKey ozone.scm.client.port appended with serviceId and nodeId
2022-12-22 10:15:21,113 [Listener at 127.0.0.1/41647] INFO  ha.SCMNodeInfo (SCMNodeInfo.java:getPort(197)) - ConfigKey ozone.scm.block.client.address is deprecated, For configuring different ports for each SCM use PortConfigKey ozone.scm.block.client.port appended with serviceId and nodeId
2022-12-22 10:15:21,113 [Listener at 127.0.0.1/41647] INFO  ha.SCMNodeInfo (SCMNodeInfo.java:getPort(197)) - ConfigKey ozone.scm.datanode.address is deprecated, For configuring different ports for each SCM use PortConfigKey ozone.scm.datanode.port appended with serviceId and nodeId
2022-12-22 10:15:21,113 [Listener at 127.0.0.1/41647] INFO  ha.SCMNodeInfo (SCMNodeInfo.java:getPort(197)) - ConfigKey ozone.scm.client.address is deprecated, For configuring different ports for each SCM use PortConfigKey ozone.scm.client.port appended with serviceId and nodeId
2022-12-22 10:15:21,113 [Listener at 127.0.0.1/41647] INFO  ha.SCMNodeInfo (SCMNodeInfo.java:getPort(197)) - ConfigKey ozone.scm.block.client.address is deprecated, For configuring different ports for each SCM use PortConfigKey ozone.scm.block.client.port appended with serviceId and nodeId
2022-12-22 10:15:21,113 [Listener at 127.0.0.1/41647] INFO  ha.SCMNodeInfo (SCMNodeInfo.java:getPort(197)) - ConfigKey ozone.scm.datanode.address is deprecated, For configuring different ports for each SCM use PortConfigKey ozone.scm.datanode.port appended with serviceId and nodeId
2022-12-22 10:15:21,113 [Listener at 127.0.0.1/41647] INFO  proxy.SCMBlockLocationFailoverProxyProvider (SCMBlockLocationFailoverProxyProvider.java:<init>(114)) - Created block location fail-over proxy with 1 nodes: [nodeId=scmNode-1,nodeAddress=/127.0.0.1:40907]
2022-12-22 10:15:21,114 [Listener at 127.0.0.1/41647] INFO  ha.SCMNodeInfo (SCMNodeInfo.java:getPort(197)) - ConfigKey ozone.scm.client.address is deprecated, For configuring different ports for each SCM use PortConfigKey ozone.scm.client.port appended with serviceId and nodeId
2022-12-22 10:15:21,114 [Listener at 127.0.0.1/41647] INFO  ha.SCMNodeInfo (SCMNodeInfo.java:getPort(197)) - ConfigKey ozone.scm.block.client.address is deprecated, For configuring different ports for each SCM use PortConfigKey ozone.scm.block.client.port appended with serviceId and nodeId
2022-12-22 10:15:21,114 [Listener at 127.0.0.1/41647] INFO  ha.SCMNodeInfo (SCMNodeInfo.java:getPort(197)) - ConfigKey ozone.scm.datanode.address is deprecated, For configuring different ports for each SCM use PortConfigKey ozone.scm.datanode.port appended with serviceId and nodeId
2022-12-22 10:15:21,114 [Listener at 127.0.0.1/41647] INFO  proxy.SCMBlockLocationFailoverProxyProvider (SCMBlockLocationFailoverProxyProvider.java:<init>(114)) - Created block location fail-over proxy with 1 nodes: [nodeId=scmNode-1,nodeAddress=/127.0.0.1:40907]
2022-12-22 10:15:21,124 [Listener at 127.0.0.1/41647] WARN  server.ServerUtils (ServerUtils.java:getDBPath(225)) - ozone.om.db.dirs is not configured. We recommend adding this setting. Falling back to ozone.metadata.dirs instead.
2022-12-22 10:15:21,124 [Listener at 127.0.0.1/41647] INFO  codec.OmKeyInfoCodec (OmKeyInfoCodec.java:<init>(49)) - OmKeyInfoCodec ignorePipeline = true
2022-12-22 10:15:21,124 [Listener at 127.0.0.1/41647] INFO  codec.RepeatedOmKeyInfoCodec (RepeatedOmKeyInfoCodec.java:<init>(41)) - RepeatedOmKeyInfoCodec ignorePipeline = true
2022-12-22 10:15:21,245 [Listener at 127.0.0.1/41647] INFO  om.OzoneManager (OzoneManager.java:instantiateServices(717)) - S3 Multi-Tenancy is disabled
2022-12-22 10:15:21,247 [Listener at 127.0.0.1/41647] INFO  om.OzoneManager (OzoneManager.java:addS3GVolumeToDB(4402)) - Created Volume s3v With Owner runner required for S3Gateway operations.
2022-12-22 10:15:21,247 [Listener at 127.0.0.1/41647] WARN  server.ServerUtils (ServerUtils.java:getDefaultRatisDirectory(237)) - Storage directory for Ratis is not configured. It is a good idea to map this to an SSD disk. Falling back to ozone.metadata.dirs
2022-12-22 10:15:21,247 [Listener at 127.0.0.1/41647] WARN  utils.OzoneManagerRatisUtils (OzoneManagerRatisUtils.java:getOMRatisSnapshotDirectory(434)) - ozone.om.ratis.snapshot.dir is not configured. Falling back to ozone.metadata.dirs config
2022-12-22 10:15:21,247 [Listener at 127.0.0.1/41647] INFO  snapshot.OzoneManagerSnapshotProvider (OzoneManagerSnapshotProvider.java:<init>(76)) - Initializing OM Snapshot Provider
2022-12-22 10:15:21,256 [Listener at 127.0.0.1/41647] WARN  impl.MetricRegistriesImpl (MetricRegistriesImpl.java:addReporterRegistration(111)) - New reporters are added after registries were created. Some metrics will be missing from the reporter. Please add reporter before adding any new registry.
2022-12-22 10:15:21,256 [Listener at 127.0.0.1/41647] WARN  impl.MetricRegistriesImpl (MetricRegistriesImpl.java:addReporterRegistration(111)) - New reporters are added after registries were created. Some metrics will be missing from the reporter. Please add reporter before adding any new registry.
2022-12-22 10:15:21,256 [Listener at 127.0.0.1/41647] WARN  server.ServerUtils (ServerUtils.java:getDefaultRatisDirectory(237)) - Storage directory for Ratis is not configured. It is a good idea to map this to an SSD disk. Falling back to ozone.metadata.dirs
2022-12-22 10:15:21,257 [Listener at 127.0.0.1/41647] INFO  ratis.OzoneManagerRatisServer (OzoneManagerRatisServer.java:<init>(160)) - Instantiating OM Ratis server with groupID: om-add-remove and peers: localhost:41683, localhost:44341, localhost:45775
2022-12-22 10:15:21,257 [Listener at 127.0.0.1/41647] INFO  ratis.OzoneManagerStateMachine (OzoneManagerStateMachine.java:loadSnapshotInfoFromDB(636)) - LastAppliedIndex is set from TransactionInfo from OM DB as (t:0, i:~)
2022-12-22 10:15:21,258 [Listener at 127.0.0.1/41647] INFO  server.RaftServer (ConfUtils.java:logGet(46)) - raft.rpc.type = GRPC (default)
2022-12-22 10:15:21,258 [Listener at 127.0.0.1/41647] INFO  grpc.GrpcConfigKeys (ConfUtils.java:logFallback(53)) - raft.grpc.admin.host = null (fallback to raft.grpc.server.host)
2022-12-22 10:15:21,258 [Listener at 127.0.0.1/41647] INFO  grpc.GrpcConfigKeys (ConfUtils.java:logFallback(53)) - raft.grpc.admin.port = 41683 (fallback to raft.grpc.server.port)
2022-12-22 10:15:21,258 [Listener at 127.0.0.1/41647] INFO  grpc.GrpcConfigKeys (ConfUtils.java:logFallback(53)) - raft.grpc.client.host = null (fallback to raft.grpc.server.host)
2022-12-22 10:15:21,258 [Listener at 127.0.0.1/41647] INFO  grpc.GrpcConfigKeys (ConfUtils.java:logFallback(53)) - raft.grpc.client.port = 41683 (fallback to raft.grpc.server.port)
2022-12-22 10:15:21,258 [Listener at 127.0.0.1/41647] INFO  grpc.GrpcConfigKeys (ConfUtils.java:logGet(46)) - raft.grpc.server.host = null (default)
2022-12-22 10:15:21,259 [Listener at 127.0.0.1/41647] INFO  grpc.GrpcConfigKeys (ConfUtils.java:logGet(46)) - raft.grpc.server.port = 41683 (custom)
2022-12-22 10:15:21,259 [Listener at 127.0.0.1/41647] INFO  server.GrpcService (ConfUtils.java:logGet(46)) - raft.grpc.message.size.max = 33554432 (custom)
2022-12-22 10:15:21,259 [Listener at 127.0.0.1/41647] INFO  server.RaftServerConfigKeys (ConfUtils.java:logGet(46)) - raft.server.log.appender.buffer.byte-limit = 33554432 (custom)
2022-12-22 10:15:21,259 [Listener at 127.0.0.1/41647] INFO  server.GrpcService (ConfUtils.java:logGet(46)) - raft.grpc.flow.control.window = 1MB (=1048576) (default)
2022-12-22 10:15:21,259 [Listener at 127.0.0.1/41647] INFO  server.RaftServerConfigKeys (ConfUtils.java:logGet(46)) - raft.server.rpc.request.timeout = 3000ms (default)
2022-12-22 10:15:21,259 [Listener at 127.0.0.1/41647] INFO  grpc.GrpcConfigKeys (ConfUtils.java:logGet(46)) - raft.grpc.server.heartbeat.channel = true (default)
2022-12-22 10:15:21,259 [Listener at 127.0.0.1/41647] INFO  grpc.GrpcConfigKeys (ConfUtils.java:logGet(46)) - raft.grpc.server.async.request.thread.pool.cached = true (default)
2022-12-22 10:15:21,259 [Listener at 127.0.0.1/41647] INFO  grpc.GrpcConfigKeys (ConfUtils.java:logGet(46)) - raft.grpc.server.async.request.thread.pool.size = 32 (default)
2022-12-22 10:15:21,260 [Listener at 127.0.0.1/41647] INFO  impl.DataStreamServerImpl (ConfUtils.java:logGet(46)) - raft.datastream.type = NETTY (custom)
2022-12-22 10:15:21,260 [Listener at 127.0.0.1/41647] INFO  server.RaftServerConfigKeys (ConfUtils.java:logGet(46)) - raft.server.data-stream.async.request.thread.pool.cached = false (default)
2022-12-22 10:15:21,260 [Listener at 127.0.0.1/41647] INFO  server.RaftServerConfigKeys (ConfUtils.java:logGet(46)) - raft.server.data-stream.async.request.thread.pool.size = 32 (default)
2022-12-22 10:15:21,261 [Listener at 127.0.0.1/41647] INFO  server.RaftServerConfigKeys (ConfUtils.java:logGet(46)) - raft.server.data-stream.async.write.thread.pool.size = 16 (default)
2022-12-22 10:15:21,261 [Listener at 127.0.0.1/41647] INFO  server.RaftServerConfigKeys (ConfUtils.java:logGet(46)) - raft.server.data-stream.client.pool.size = 10 (default)
2022-12-22 10:15:21,261 [Listener at 127.0.0.1/41647] INFO  netty.NettyConfigKeys$DataStream (ConfUtils.java:logGet(46)) - raft.netty.dataStream.server.use-epoll = false (default)
2022-12-22 10:15:21,262 [Listener at 127.0.0.1/41647] INFO  netty.NettyConfigKeys$DataStream (ConfUtils.java:logGet(46)) - raft.netty.dataStream.server.boss-group.size = 0 (default)
2022-12-22 10:15:21,262 [Listener at 127.0.0.1/41647] INFO  netty.NettyConfigKeys$DataStream (ConfUtils.java:logGet(46)) - raft.netty.dataStream.server.worker-group.size = 0 (default)
2022-12-22 10:15:21,262 [Listener at 127.0.0.1/41647] INFO  netty.NettyConfigKeys$DataStream (ConfUtils.java:logGet(46)) - raft.netty.dataStream.server.tls.conf = null (default)
2022-12-22 10:15:21,262 [Listener at 127.0.0.1/41647] INFO  netty.NettyConfigKeys$DataStream (ConfUtils.java:logGet(46)) - raft.netty.dataStream.host = null (default)
2022-12-22 10:15:21,262 [Listener at 127.0.0.1/41647] INFO  netty.NettyConfigKeys$DataStream (ConfUtils.java:logGet(46)) - raft.netty.dataStream.port = 0 (default)
2022-12-22 10:15:21,264 [Listener at 127.0.0.1/41647] INFO  server.RaftServerConfigKeys (ConfUtils.java:logGet(46)) - raft.server.threadpool.proxy.cached = true (default)
2022-12-22 10:15:21,264 [Listener at 127.0.0.1/41647] INFO  server.RaftServerConfigKeys (ConfUtils.java:logGet(46)) - raft.server.threadpool.proxy.size = 0 (default)
2022-12-22 10:15:21,264 [Listener at 127.0.0.1/41647] INFO  server.RaftServerConfigKeys (ConfUtils.java:logGet(46)) - raft.server.rpc.slowness.timeout = 2s (custom)
2022-12-22 10:15:21,264 [Listener at 127.0.0.1/41647] INFO  server.RaftServerConfigKeys (ConfUtils.java:logGet(46)) - raft.server.leaderelection.leader.step-down.wait-time = 10s (default)
2022-12-22 10:15:21,264 [Listener at 127.0.0.1/41647] INFO  server.RaftServerConfigKeys (ConfUtils.java:logGet(46)) - raft.server.storage.dir = [/home/runner/work/ozone/ozone/hadoop-ozone/integration-test/target/test-dir/MiniOzoneClusterImpl-73a15bac-dca4-4ec7-8fa0-07a649b4923c/omNode-2/ratis] (custom)
2022-12-22 10:15:21,265 [omNode-2-NettyServerStreamRpc-bossGroup--thread1] INFO  logging.LoggingHandler (AbstractInternalLogger.java:log(148)) - [id: 0x48f19740] REGISTERED
2022-12-22 10:15:21,265 [omNode-2-NettyServerStreamRpc-bossGroup--thread1] INFO  logging.LoggingHandler (AbstractInternalLogger.java:log(148)) - [id: 0x48f19740] BIND: 0.0.0.0/0.0.0.0:0
2022-12-22 10:15:21,265 [omNode-2-NettyServerStreamRpc-bossGroup--thread1] INFO  logging.LoggingHandler (AbstractInternalLogger.java:log(148)) - [id: 0x48f19740, L:/0:0:0:0:0:0:0:0:46523] ACTIVE
2022-12-22 10:15:21,266 [Listener at 127.0.0.1/41647] INFO  server.RaftServer (RaftServerProxy.java:addNew(96)) - omNode-2: addNew group-0AAC5367B30E:[omNode-3|rpc:localhost:44341|priority:0|startupRole:FOLLOWER, omNode-1|rpc:localhost:45775|priority:0|startupRole:FOLLOWER, omNode-2|rpc:localhost:41683|priority:0|startupRole:FOLLOWER] returns group-0AAC5367B30E:java.util.concurrent.CompletableFuture@55fcb8d3[Not completed]
2022-12-22 10:15:21,266 [Listener at 127.0.0.1/41647] INFO  om.OzoneManager (OzoneManager.java:initializeRatisServer(1979)) - OzoneManager Ratis server initialized at port 41683
2022-12-22 10:15:21,267 [Listener at 127.0.0.1/41647] INFO  om.OzoneManager (OzoneManager.java:getRpcServer(1106)) - Creating RPC Server
2022-12-22 10:15:21,270 [pool-533-thread-1] INFO  server.RaftServer$Division (RaftServerImpl.java:<init>(195)) - omNode-2: new RaftServerImpl for group-0AAC5367B30E:[omNode-3|rpc:localhost:44341|priority:0|startupRole:FOLLOWER, omNode-1|rpc:localhost:45775|priority:0|startupRole:FOLLOWER, omNode-2|rpc:localhost:41683|priority:0|startupRole:FOLLOWER] with OzoneManagerStateMachine:uninitialized
2022-12-22 10:15:21,270 [pool-533-thread-1] INFO  server.RaftServerConfigKeys (ConfUtils.java:logGet(46)) - raft.server.rpc.timeout.min = 1s (custom)
2022-12-22 10:15:21,271 [pool-533-thread-1] INFO  server.RaftServerConfigKeys (ConfUtils.java:logGet(46)) - raft.server.rpc.timeout.max = 1200ms (custom)
2022-12-22 10:15:21,271 [pool-533-thread-1] INFO  server.RaftServerConfigKeys (ConfUtils.java:logGet(46)) - raft.server.rpc.sleep.time = 25ms (default)
2022-12-22 10:15:21,271 [pool-533-thread-1] INFO  server.RaftServerConfigKeys (ConfUtils.java:logGet(46)) - raft.server.rpc.slowness.timeout = 2s (custom)
2022-12-22 10:15:21,271 [pool-533-thread-1] INFO  server.RaftServerConfigKeys (ConfUtils.java:logGet(46)) - raft.server.leaderelection.leader.step-down.wait-time = 10s (default)
2022-12-22 10:15:21,271 [pool-533-thread-1] INFO  server.RaftServerConfigKeys (ConfUtils.java:logGet(46)) - raft.server.sleep.deviation.threshold = 300ms (default)
2022-12-22 10:15:21,271 [pool-533-thread-1] INFO  server.RaftServer$Division (ServerState.java:<init>(118)) - omNode-2@group-0AAC5367B30E: ConfigurationManager, init=-1: peers:[omNode-3|rpc:localhost:44341|priority:0|startupRole:FOLLOWER, omNode-1|rpc:localhost:45775|priority:0|startupRole:FOLLOWER, omNode-2|rpc:localhost:41683|priority:0|startupRole:FOLLOWER]|listeners:[], old=null, confs=<EMPTY_MAP>
2022-12-22 10:15:21,271 [pool-533-thread-1] INFO  server.RaftServerConfigKeys (ConfUtils.java:logGet(46)) - raft.server.storage.dir = [/home/runner/work/ozone/ozone/hadoop-ozone/integration-test/target/test-dir/MiniOzoneClusterImpl-73a15bac-dca4-4ec7-8fa0-07a649b4923c/omNode-2/ratis] (custom)
2022-12-22 10:15:21,271 [pool-533-thread-1] INFO  server.RaftServerConfigKeys (ConfUtils.java:logGet(46)) - raft.server.log.corruption.policy = EXCEPTION (default)
2022-12-22 10:15:21,271 [pool-533-thread-1] INFO  server.RaftServerConfigKeys (ConfUtils.java:logGet(46)) - raft.server.storage.free-space.min = 0MB (=0) (default)
2022-12-22 10:15:21,271 [pool-533-thread-1] INFO  server.RaftServerConfigKeys (ConfUtils.java:logGet(46)) - raft.server.notification.no-leader.timeout = 2s (custom)
2022-12-22 10:15:21,271 [pool-533-thread-1] INFO  server.RaftServerConfigKeys (ConfUtils.java:logGet(46)) - raft.server.retrycache.expirytime = 300s (custom)
2022-12-22 10:15:21,272 [pool-533-thread-1] INFO  server.RaftServerConfigKeys (ConfUtils.java:logGet(46)) - raft.server.retrycache.statistics.expirytime = 100μs (default)
2022-12-22 10:15:21,272 [pool-533-thread-1] INFO  server.RaftServerConfigKeys (ConfUtils.java:logGet(46)) - raft.server.log.appender.install.snapshot.enabled = false (custom)
2022-12-22 10:15:21,272 [pool-533-thread-1] INFO  server.RaftServerConfigKeys (ConfUtils.java:logGet(46)) - raft.server.threadpool.server.cached = true (default)
2022-12-22 10:15:21,272 [pool-533-thread-1] INFO  server.RaftServerConfigKeys (ConfUtils.java:logGet(46)) - raft.server.threadpool.server.size = 0 (default)
2022-12-22 10:15:21,273 [pool-533-thread-1] INFO  server.RaftServerConfigKeys (ConfUtils.java:logGet(46)) - raft.server.threadpool.client.cached = true (default)
2022-12-22 10:15:21,273 [pool-533-thread-1] INFO  server.RaftServerConfigKeys (ConfUtils.java:logGet(46)) - raft.server.threadpool.client.size = 0 (default)
2022-12-22 10:15:21,630 [Listener at 127.0.0.1/41647] INFO  reflections.Reflections (Reflections.java:scan(232)) - Reflections took 362 ms to scan 19 urls, producing 67 keys and 4509 values [using 2 cores]
2022-12-22 10:15:21,631 [Listener at 127.0.0.1/41647] INFO  ipc.CallQueueManager (CallQueueManager.java:<init>(90)) - Using callQueue: class java.util.concurrent.LinkedBlockingQueue, queueCapacity: 2000, scheduler: class org.apache.hadoop.ipc.DefaultRpcScheduler, ipcBackoff: false.
2022-12-22 10:15:21,631 [Socket Reader #1 for port 44907] INFO  ipc.Server (Server.java:run(1273)) - Starting Socket Reader #1 for port 44907
2022-12-22 10:15:21,647 [Listener at 127.0.0.1/44907] INFO  impl.MetricsSystemImpl (MetricsSystemImpl.java:init(158)) - OzoneManager metrics system started (again)
2022-12-22 10:15:21,657 [Listener at 127.0.0.1/44907] INFO  om.OzoneManager (OzoneManager.java:start(1486)) - OzoneManager RPC server is listening at localhost/127.0.0.1:44907
2022-12-22 10:15:21,657 [Listener at 127.0.0.1/44907] INFO  ratis.OzoneManagerRatisServer (OzoneManagerRatisServer.java:start(555)) - Starting OzoneManagerRatisServer omNode-2 at port 41683
2022-12-22 10:15:21,657 [omNode-2-impl-thread1] INFO  storage.RaftStorageDirectory (RaftStorageDirectoryImpl.java:analyzeStorage(137)) - The storage directory /home/runner/work/ozone/ozone/hadoop-ozone/integration-test/target/test-dir/MiniOzoneClusterImpl-73a15bac-dca4-4ec7-8fa0-07a649b4923c/omNode-2/ratis/0718e334-ffa1-36bc-8e9a-0aac5367b30e does not exist. Creating ...
2022-12-22 10:15:21,658 [omNode-2-impl-thread1] INFO  storage.RaftStorageDirectory (RaftStorageDirectoryImpl.java:tryLock(231)) - Lock on /home/runner/work/ozone/ozone/hadoop-ozone/integration-test/target/test-dir/MiniOzoneClusterImpl-73a15bac-dca4-4ec7-8fa0-07a649b4923c/omNode-2/ratis/0718e334-ffa1-36bc-8e9a-0aac5367b30e/in_use.lock acquired by nodename 33150@fv-az345-686
2022-12-22 10:15:21,659 [omNode-2-impl-thread1] INFO  storage.RaftStorage (RaftStorageImpl.java:format(96)) - Storage directory /home/runner/work/ozone/ozone/hadoop-ozone/integration-test/target/test-dir/MiniOzoneClusterImpl-73a15bac-dca4-4ec7-8fa0-07a649b4923c/omNode-2/ratis/0718e334-ffa1-36bc-8e9a-0aac5367b30e has been successfully formatted.
2022-12-22 10:15:21,660 [omNode-2-impl-thread1] INFO  server.RaftServerConfigKeys (ConfUtils.java:logGet(46)) - raft.server.log.use.memory = false (default)
2022-12-22 10:15:21,660 [omNode-2-impl-thread1] INFO  server.RaftServerConfigKeys (ConfUtils.java:logGet(46)) - raft.server.log.purge.gap = 1000000 (custom)
2022-12-22 10:15:21,660 [omNode-2-impl-thread1] INFO  server.RaftServerConfigKeys (ConfUtils.java:logGet(46)) - raft.server.log.appender.buffer.byte-limit = 33554432 (custom)
2022-12-22 10:15:21,660 [omNode-2-impl-thread1] INFO  server.RaftServerConfigKeys (ConfUtils.java:logGet(46)) - raft.server.log.statemachine.data.read.timeout = 1000ms (default)
2022-12-22 10:15:21,660 [omNode-2-impl-thread1] INFO  server.RaftServerConfigKeys (ConfUtils.java:logGet(46)) - raft.server.log.purge.preservation.log.num = 0 (default)
2022-12-22 10:15:21,660 [omNode-2-impl-thread1] INFO  server.RaftServerConfigKeys (ConfUtils.java:logGet(46)) - raft.server.log.segment.size.max = 4194304 (custom)
2022-12-22 10:15:21,660 [omNode-2-impl-thread1] INFO  server.RaftServerConfigKeys (ConfUtils.java:logGet(46)) - raft.server.log.segment.cache.num.max = 2 (custom)
2022-12-22 10:15:21,660 [omNode-2-impl-thread1] INFO  server.RaftServerConfigKeys (ConfUtils.java:logGet(46)) - raft.server.log.segment.cache.size.max = 200MB (=209715200) (default)
2022-12-22 10:15:21,660 [omNode-2-impl-thread1] INFO  segmented.SegmentedRaftLogWorker (SegmentedRaftLogWorker.java:<init>(189)) - new omNode-2@group-0AAC5367B30E-SegmentedRaftLogWorker for RaftStorageImpl:Storage Directory /home/runner/work/ozone/ozone/hadoop-ozone/integration-test/target/test-dir/MiniOzoneClusterImpl-73a15bac-dca4-4ec7-8fa0-07a649b4923c/omNode-2/ratis/0718e334-ffa1-36bc-8e9a-0aac5367b30e
2022-12-22 10:15:21,660 [omNode-2-impl-thread1] INFO  server.RaftServerConfigKeys (ConfUtils.java:logGet(46)) - raft.server.log.queue.byte-limit = 64MB (=67108864) (default)
2022-12-22 10:15:21,660 [omNode-2-impl-thread1] INFO  server.RaftServerConfigKeys (ConfUtils.java:logGet(46)) - raft.server.log.queue.element-limit = 4096 (default)
2022-12-22 10:15:21,660 [omNode-2-impl-thread1] INFO  server.RaftServerConfigKeys (ConfUtils.java:logGet(46)) - raft.server.log.segment.size.max = 4194304 (custom)
2022-12-22 10:15:21,660 [omNode-2-impl-thread1] INFO  server.RaftServerConfigKeys (ConfUtils.java:logGet(46)) - raft.server.log.preallocated.size = 4194304 (custom)
2022-12-22 10:15:21,660 [omNode-2-impl-thread1] INFO  server.RaftServerConfigKeys (ConfUtils.java:logGet(46)) - raft.server.log.force.sync.num = 128 (default)
2022-12-22 10:15:21,660 [omNode-2-impl-thread1] INFO  server.RaftServerConfigKeys (ConfUtils.java:logGet(46)) - raft.server.log.statemachine.data.sync = true (default)
2022-12-22 10:15:21,660 [omNode-2-impl-thread1] INFO  server.RaftServerConfigKeys (ConfUtils.java:logGet(46)) - raft.server.log.statemachine.data.sync.timeout = 10s (default)
2022-12-22 10:15:21,660 [omNode-2-impl-thread1] INFO  server.RaftServerConfigKeys (ConfUtils.java:logGet(46)) - raft.server.log.statemachine.data.sync.timeout.retry = -1 (default)
2022-12-22 10:15:21,661 [omNode-2-impl-thread1] INFO  server.RaftServerConfigKeys (ConfUtils.java:logGet(46)) - raft.server.log.write.buffer.size = 64KB (=65536) (default)
2022-12-22 10:15:21,661 [omNode-2-impl-thread1] INFO  server.RaftServerConfigKeys (ConfUtils.java:logGet(46)) - raft.server.log.appender.buffer.byte-limit = 33554432 (custom)
2022-12-22 10:15:21,663 [omNode-2-impl-thread1] INFO  server.RaftServerConfigKeys (ConfUtils.java:logGet(46)) - raft.server.log.unsafe-flush.enabled = false (default)
2022-12-22 10:15:21,664 [omNode-2-impl-thread1] INFO  server.RaftServerConfigKeys (ConfUtils.java:logGet(46)) - raft.server.log.async-flush.enabled = false (default)
2022-12-22 10:15:21,664 [omNode-2-impl-thread1] INFO  server.RaftServerConfigKeys (ConfUtils.java:logGet(46)) - raft.server.log.statemachine.data.caching.enabled = false (default)
2022-12-22 10:15:21,664 [omNode-2-impl-thread1] INFO  segmented.SegmentedRaftLogWorker (SegmentedRaftLogWorker.java:lambda$new$0(135)) - omNode-2@group-0AAC5367B30E-SegmentedRaftLogWorker: flushIndex: setUnconditionally 0 -> -1
2022-12-22 10:15:21,664 [omNode-2-impl-thread1] INFO  segmented.SegmentedRaftLogWorker (SegmentedRaftLogWorker.java:lambda$new$0(135)) - omNode-2@group-0AAC5367B30E-SegmentedRaftLogWorker: safeCacheEvictIndex: setUnconditionally 0 -> -1
2022-12-22 10:15:21,664 [omNode-2-impl-thread1] INFO  server.RaftServer$Division (RaftServerImpl.java:start(334)) - omNode-2@group-0AAC5367B30E: start as a follower, conf=-1: peers:[omNode-3|rpc:localhost:44341|priority:0|startupRole:FOLLOWER, omNode-1|rpc:localhost:45775|priority:0|startupRole:FOLLOWER, omNode-2|rpc:localhost:41683|priority:0|startupRole:FOLLOWER]|listeners:[], old=null
2022-12-22 10:15:21,664 [omNode-2-impl-thread1] INFO  server.RaftServer$Division (RaftServerImpl.java:setRole(321)) - omNode-2@group-0AAC5367B30E: changes role from      null to FOLLOWER at term 0 for startAsFollower
2022-12-22 10:15:21,664 [omNode-2-impl-thread1] INFO  impl.RoleInfo (RoleInfo.java:updateAndGet(139)) - omNode-2: start omNode-2@group-0AAC5367B30E-FollowerState
2022-12-22 10:15:21,664 [omNode-2-impl-thread1] INFO  util.JmxRegister (JmxRegister.java:tryRegister(44)) - Successfully registered JMX Bean with object name Ratis:service=RaftServer,group=group-0AAC5367B30E,id=omNode-2
2022-12-22 10:15:21,664 [omNode-2-impl-thread1] INFO  server.RaftServerConfigKeys (ConfUtils.java:logGet(46)) - raft.server.snapshot.auto.trigger.enabled = true (custom)
2022-12-22 10:15:21,664 [omNode-2-impl-thread1] INFO  server.RaftServerConfigKeys (ConfUtils.java:logGet(46)) - raft.server.snapshot.auto.trigger.threshold = 400000 (default)
2022-12-22 10:15:21,664 [omNode-2-impl-thread1] INFO  server.RaftServerConfigKeys (ConfUtils.java:logGet(46)) - raft.server.snapshot.retention.file.num = -1 (default)
2022-12-22 10:15:21,664 [omNode-2-impl-thread1] INFO  server.RaftServerConfigKeys (ConfUtils.java:logGet(46)) - raft.server.log.purge.upto.snapshot.index = true (custom)
2022-12-22 10:15:21,665 [omNode-2@group-0AAC5367B30E-FollowerState] INFO  server.RaftServerConfigKeys (ConfUtils.java:logFallback(53)) - raft.server.rpc.first-election.timeout.min = 1s (fallback to raft.server.rpc.timeout.min)
2022-12-22 10:15:21,665 [omNode-2@group-0AAC5367B30E-FollowerState] INFO  server.RaftServerConfigKeys (ConfUtils.java:logFallback(53)) - raft.server.rpc.first-election.timeout.max = 1200ms (fallback to raft.server.rpc.timeout.max)
2022-12-22 10:15:21,673 [Listener at 127.0.0.1/44907] INFO  server.RaftServer (RaftServerProxy.java:startImpl(393)) - omNode-2: start RPC server
2022-12-22 10:15:21,675 [Listener at 127.0.0.1/44907] INFO  server.GrpcService (GrpcService.java:startImpl(262)) - omNode-2: GrpcService started, listening on 41683
2022-12-22 10:15:21,677 [Listener at 127.0.0.1/44907] INFO  om.OzoneManager (OzoneManager.java:start(1502)) - Version File has different layout version (3) than OM DB (null). That is expected if this OM has never been finalized to a newer layout version.
2022-12-22 10:15:21,677 [JvmPauseMonitor19] INFO  util.JvmPauseMonitor (JvmPauseMonitor.java:run(105)) - JvmPauseMonitor-omNode-2: Started
2022-12-22 10:15:21,687 [Listener at 127.0.0.1/44907] INFO  http.BaseHttpServer (BaseHttpServer.java:newHttpServer2BuilderForOzone(213)) - Starting Web-server for ozoneManager at: http://0.0.0.0:39569
2022-12-22 10:15:21,687 [Listener at 127.0.0.1/44907] INFO  http.BaseHttpServer (BaseHttpServer.java:<init>(108)) - Hadoop Security Enabled: false Ozone Security Enabled: false Ozone HTTP Security Enabled: false 
2022-12-22 10:15:21,688 [Listener at 127.0.0.1/44907] WARN  server.AuthenticationFilter (AuthenticationFilter.java:constructSecretProvider(240)) - Unable to initialize FileSignerSecretProvider, falling back to use random secrets. Reason: Could not read signature secret file: /home/runner/hadoop-http-auth-signature-secret
2022-12-22 10:15:21,688 [Listener at 127.0.0.1/44907] WARN  http.HttpRequestLog (HttpRequestLog.java:getRequestLog(103)) - Jetty request log can only be enabled using Log4j
2022-12-22 10:15:21,689 [Listener at 127.0.0.1/44907] INFO  http.HttpServer2 (HttpServer2.java:addGlobalFilter(1031)) - Added global filter 'safety' (class=org.apache.hadoop.hdds.server.http.HttpServer2$QuotingInputFilter)
2022-12-22 10:15:21,690 [Listener at 127.0.0.1/44907] INFO  http.HttpServer2 (HttpServer2.java:addFilter(1007)) - Added filter static_user_filter (class=org.apache.hadoop.http.lib.StaticUserWebFilter$StaticUserFilter) to context ozoneManager
2022-12-22 10:15:21,690 [Listener at 127.0.0.1/44907] INFO  http.HttpServer2 (HttpServer2.java:addFilter(1015)) - Added filter static_user_filter (class=org.apache.hadoop.http.lib.StaticUserWebFilter$StaticUserFilter) to context static
2022-12-22 10:15:21,690 [Listener at 127.0.0.1/44907] INFO  http.HttpServer2 (HttpServer2.java:addFilter(1015)) - Added filter static_user_filter (class=org.apache.hadoop.http.lib.StaticUserWebFilter$StaticUserFilter) to context logs
2022-12-22 10:15:21,690 [Listener at 127.0.0.1/44907] INFO  http.HttpServer2 (HttpServer2.java:bindListener(1250)) - Jetty bound to port 39569
2022-12-22 10:15:21,691 [Listener at 127.0.0.1/44907] INFO  server.Server (Server.java:doStart(375)) - jetty-9.4.49.v20220914; built: 2022-09-14T01:07:36.601Z; git: 4231a3b2e4cb8548a412a789936d640a97b1aa0a; jvm 1.8.0_352-b08
2022-12-22 10:15:21,693 [Listener at 127.0.0.1/44907] INFO  server.session (DefaultSessionIdManager.java:doStart(334)) - DefaultSessionIdManager workerName=node0
2022-12-22 10:15:21,693 [Listener at 127.0.0.1/44907] INFO  server.session (DefaultSessionIdManager.java:doStart(339)) - No SessionScavenger set, using defaults
2022-12-22 10:15:21,693 [Listener at 127.0.0.1/44907] INFO  server.session (HouseKeeper.java:startScavenging(132)) - node0 Scavenging every 600000ms
2022-12-22 10:15:21,694 [Listener at 127.0.0.1/44907] INFO  handler.ContextHandler (ContextHandler.java:doStart(921)) - Started o.e.j.s.ServletContextHandler@149317fd{logs,/logs,file:///home/runner/work/ozone/ozone/hadoop-ozone/integration-test/target/log,AVAILABLE}
2022-12-22 10:15:21,695 [Listener at 127.0.0.1/44907] INFO  handler.ContextHandler (ContextHandler.java:doStart(921)) - Started o.e.j.s.ServletContextHandler@747e94e4{static,/static,file:///home/runner/work/ozone/ozone/hadoop-ozone/integration-test/target/test-classes/webapps/static,AVAILABLE}
2022-12-22 10:15:21,698 [Listener at 127.0.0.1/44907] INFO  handler.ContextHandler (ContextHandler.java:doStart(921)) - Started o.e.j.w.WebAppContext@366776f7{ozoneManager,/,file:///home/runner/work/ozone/ozone/hadoop-ozone/integration-test/target/test-classes/webapps/ozoneManager/,AVAILABLE}{file:/home/runner/work/ozone/ozone/hadoop-ozone/integration-test/target/test-classes/webapps/ozoneManager}
2022-12-22 10:15:21,700 [Listener at 127.0.0.1/44907] INFO  server.AbstractConnector (AbstractConnector.java:doStart(333)) - Started ServerConnector@5102e308{HTTP/1.1, (http/1.1)}{0.0.0.0:39569}
2022-12-22 10:15:21,700 [Listener at 127.0.0.1/44907] INFO  server.Server (Server.java:doStart(415)) - Started @105432ms
2022-12-22 10:15:21,701 [Listener at 127.0.0.1/44907] WARN  impl.MetricsSystemImpl (MetricsSystemImpl.java:register(279)) - Sink prometheus already exists!
2022-12-22 10:15:21,701 [Listener at 127.0.0.1/44907] INFO  http.BaseHttpServer (BaseHttpServer.java:updateConnectorAddress(333)) - HTTP server of ozoneManager listening at http://0.0.0.0:39569
2022-12-22 10:15:21,702 [IPC Server Responder] INFO  ipc.Server (Server.java:run(1512)) - IPC Server Responder: starting
2022-12-22 10:15:21,718 [Listener at 127.0.0.1/44907] INFO  om.OzoneManager (OzoneManager.java:startTrashEmptier(1923)) - Trash Interval set to 0. Files deleted won't move to trash
2022-12-22 10:15:21,718 [Listener at 127.0.0.1/44907] INFO  ozone.MiniOzoneHAClusterImpl (MiniOzoneHAClusterImpl.java:createOMService(527)) - Started OzoneManager omNode-2 RPC server at localhost/127.0.0.1:44907
2022-12-22 10:15:21,718 [Listener at 127.0.0.1/44907] INFO  ha.OMHANodeDetails (OMHANodeDetails.java:loadOMHAConfig(121)) - ServiceID for OzoneManager is om-add-remove
2022-12-22 10:15:21,719 [Listener at 127.0.0.1/44907] INFO  ha.OMHANodeDetails (OMHANodeDetails.java:loadOMHAConfig(201)) - Found matching OM address with OMServiceId: om-add-remove, OMNodeId: omNode-3, RPC Address: localhost:38293 and Ratis port: 44341
2022-12-22 10:15:21,719 [Listener at 127.0.0.1/44907] INFO  ha.OMHANodeDetails (ConfUtils.java:setNodeSpecificConfigs(97)) - Setting configuration key ozone.om.http-address with value of key ozone.om.http-address.om-add-remove.omNode-3: 127.0.0.1:45953
2022-12-22 10:15:21,719 [Listener at 127.0.0.1/44907] INFO  ha.OMHANodeDetails (ConfUtils.java:setNodeSpecificConfigs(97)) - Setting configuration key ozone.om.https-address with value of key ozone.om.https-address.om-add-remove.omNode-3: 127.0.0.1:42523
2022-12-22 10:15:21,719 [Listener at 127.0.0.1/44907] INFO  ha.OMHANodeDetails (ConfUtils.java:setNodeSpecificConfigs(97)) - Setting configuration key ozone.om.address with value of key ozone.om.address.om-add-remove.omNode-3: 127.0.0.1:38293
2022-12-22 10:15:21,719 [Listener at 127.0.0.1/44907] WARN  server.ServerUtils (ServerUtils.java:getDBPath(225)) - ozone.om.db.dirs is not configured. We recommend adding this setting. Falling back to ozone.metadata.dirs instead.
2022-12-22 10:15:21,720 [Listener at 127.0.0.1/44907] INFO  ha.SCMNodeInfo (SCMNodeInfo.java:getPort(197)) - ConfigKey ozone.scm.client.address is deprecated, For configuring different ports for each SCM use PortConfigKey ozone.scm.client.port appended with serviceId and nodeId
2022-12-22 10:15:21,720 [Listener at 127.0.0.1/44907] INFO  ha.SCMNodeInfo (SCMNodeInfo.java:getPort(197)) - ConfigKey ozone.scm.block.client.address is deprecated, For configuring different ports for each SCM use PortConfigKey ozone.scm.block.client.port appended with serviceId and nodeId
2022-12-22 10:15:21,720 [Listener at 127.0.0.1/44907] INFO  ha.SCMNodeInfo (SCMNodeInfo.java:getPort(197)) - ConfigKey ozone.scm.datanode.address is deprecated, For configuring different ports for each SCM use PortConfigKey ozone.scm.datanode.port appended with serviceId and nodeId
2022-12-22 10:15:21,720 [Listener at 127.0.0.1/44907] INFO  proxy.SCMBlockLocationFailoverProxyProvider (SCMBlockLocationFailoverProxyProvider.java:<init>(114)) - Created block location fail-over proxy with 1 nodes: [nodeId=scmNode-1,nodeAddress=/127.0.0.1:40907]
2022-12-22 10:15:21,721 [IPC Server listener on 44907] INFO  ipc.Server (Server.java:run(1352)) - IPC Server listener on 44907: starting
2022-12-22 10:15:21,730 [org.apache.hadoop.util.JvmPauseMonitor$Monitor@faa780e] INFO  util.JvmPauseMonitor (JvmPauseMonitor.java:run(188)) - Starting JVM pause monitor
OM initialization succeeded.Current cluster id for sd=/home/runner/work/ozone/ozone/hadoop-ozone/integration-test/target/test-dir/MiniOzoneClusterImpl-73a15bac-dca4-4ec7-8fa0-07a649b4923c/omNode-3/om;cid=73a15bac-dca4-4ec7-8fa0-07a649b4923c;layoutVersion=3
2022-12-22 10:15:21,741 [Listener at 127.0.0.1/44907] INFO  ha.OMHANodeDetails (OMHANodeDetails.java:loadOMHAConfig(121)) - ServiceID for OzoneManager is om-add-remove
2022-12-22 10:15:21,742 [Listener at 127.0.0.1/44907] INFO  ha.OMHANodeDetails (OMHANodeDetails.java:loadOMHAConfig(201)) - Found matching OM address with OMServiceId: om-add-remove, OMNodeId: omNode-3, RPC Address: localhost:38293 and Ratis port: 44341
2022-12-22 10:15:21,742 [Listener at 127.0.0.1/44907] INFO  ha.OMHANodeDetails (ConfUtils.java:setNodeSpecificConfigs(97)) - Setting configuration key ozone.om.http-address with value of key ozone.om.http-address.om-add-remove.omNode-3: 127.0.0.1:45953
2022-12-22 10:15:21,742 [Listener at 127.0.0.1/44907] INFO  ha.OMHANodeDetails (ConfUtils.java:setNodeSpecificConfigs(97)) - Setting configuration key ozone.om.https-address with value of key ozone.om.https-address.om-add-remove.omNode-3: 127.0.0.1:42523
2022-12-22 10:15:21,742 [Listener at 127.0.0.1/44907] INFO  ha.OMHANodeDetails (ConfUtils.java:setNodeSpecificConfigs(97)) - Setting configuration key ozone.om.address with value of key ozone.om.address.om-add-remove.omNode-3: 127.0.0.1:38293
2022-12-22 10:15:21,742 [Listener at 127.0.0.1/44907] WARN  server.ServerUtils (ServerUtils.java:getDBPath(225)) - ozone.om.db.dirs is not configured. We recommend adding this setting. Falling back to ozone.metadata.dirs instead.
2022-12-22 10:15:21,742 [Listener at 127.0.0.1/44907] INFO  upgrade.AbstractLayoutVersionManager (AbstractLayoutVersionManager.java:init(83)) - Initializing Layout version manager with metadata layout = MULTITENANCY_SCHEMA (version = 3), software layout = MULTITENANCY_SCHEMA (version = 3)
2022-12-22 10:15:21,805 [Listener at 127.0.0.1/44907] INFO  reflections.Reflections (Reflections.java:scan(232)) - Reflections took 61 ms to scan 2 urls, producing 154 keys and 428 values [using 2 cores]
2022-12-22 10:15:21,805 [Listener at 127.0.0.1/44907] INFO  upgrade.OMLayoutVersionManager (OMLayoutVersionManager.java:lambda$0(115)) - Skipping Upgrade Action MockOmUpgradeAction since it has been finalized.
2022-12-22 10:15:21,805 [Listener at 127.0.0.1/44907] WARN  server.ServerUtils (ServerUtils.java:getDBPath(225)) - ozone.om.db.dirs is not configured. We recommend adding this setting. Falling back to ozone.metadata.dirs instead.
2022-12-22 10:15:21,805 [Listener at 127.0.0.1/44907] INFO  ha.SCMNodeInfo (SCMNodeInfo.java:getPort(197)) - ConfigKey ozone.scm.client.address is deprecated, For configuring different ports for each SCM use PortConfigKey ozone.scm.client.port appended with serviceId and nodeId
2022-12-22 10:15:21,805 [Listener at 127.0.0.1/44907] INFO  ha.SCMNodeInfo (SCMNodeInfo.java:getPort(197)) - ConfigKey ozone.scm.block.client.address is deprecated, For configuring different ports for each SCM use PortConfigKey ozone.scm.block.client.port appended with serviceId and nodeId
2022-12-22 10:15:21,806 [Listener at 127.0.0.1/44907] INFO  ha.SCMNodeInfo (SCMNodeInfo.java:getPort(197)) - ConfigKey ozone.scm.datanode.address is deprecated, For configuring different ports for each SCM use PortConfigKey ozone.scm.datanode.port appended with serviceId and nodeId
2022-12-22 10:15:21,806 [Listener at 127.0.0.1/44907] INFO  ha.SCMNodeInfo (SCMNodeInfo.java:getPort(197)) - ConfigKey ozone.scm.client.address is deprecated, For configuring different ports for each SCM use PortConfigKey ozone.scm.client.port appended with serviceId and nodeId
2022-12-22 10:15:21,806 [Listener at 127.0.0.1/44907] INFO  ha.SCMNodeInfo (SCMNodeInfo.java:getPort(197)) - ConfigKey ozone.scm.block.client.address is deprecated, For configuring different ports for each SCM use PortConfigKey ozone.scm.block.client.port appended with serviceId and nodeId
2022-12-22 10:15:21,806 [Listener at 127.0.0.1/44907] INFO  ha.SCMNodeInfo (SCMNodeInfo.java:getPort(197)) - ConfigKey ozone.scm.datanode.address is deprecated, For configuring different ports for each SCM use PortConfigKey ozone.scm.datanode.port appended with serviceId and nodeId
2022-12-22 10:15:21,806 [Listener at 127.0.0.1/44907] INFO  proxy.SCMBlockLocationFailoverProxyProvider (SCMBlockLocationFailoverProxyProvider.java:<init>(114)) - Created block location fail-over proxy with 1 nodes: [nodeId=scmNode-1,nodeAddress=/127.0.0.1:40907]
2022-12-22 10:15:21,807 [Listener at 127.0.0.1/44907] INFO  ha.SCMNodeInfo (SCMNodeInfo.java:getPort(197)) - ConfigKey ozone.scm.client.address is deprecated, For configuring different ports for each SCM use PortConfigKey ozone.scm.client.port appended with serviceId and nodeId
2022-12-22 10:15:21,807 [Listener at 127.0.0.1/44907] INFO  ha.SCMNodeInfo (SCMNodeInfo.java:getPort(197)) - ConfigKey ozone.scm.block.client.address is deprecated, For configuring different ports for each SCM use PortConfigKey ozone.scm.block.client.port appended with serviceId and nodeId
2022-12-22 10:15:21,807 [Listener at 127.0.0.1/44907] INFO  ha.SCMNodeInfo (SCMNodeInfo.java:getPort(197)) - ConfigKey ozone.scm.datanode.address is deprecated, For configuring different ports for each SCM use PortConfigKey ozone.scm.datanode.port appended with serviceId and nodeId
2022-12-22 10:15:21,807 [Listener at 127.0.0.1/44907] INFO  proxy.SCMBlockLocationFailoverProxyProvider (SCMBlockLocationFailoverProxyProvider.java:<init>(114)) - Created block location fail-over proxy with 1 nodes: [nodeId=scmNode-1,nodeAddress=/127.0.0.1:40907]
2022-12-22 10:15:21,812 [Listener at 127.0.0.1/44907] WARN  server.ServerUtils (ServerUtils.java:getDBPath(225)) - ozone.om.db.dirs is not configured. We recommend adding this setting. Falling back to ozone.metadata.dirs instead.
2022-12-22 10:15:21,812 [Listener at 127.0.0.1/44907] INFO  codec.OmKeyInfoCodec (OmKeyInfoCodec.java:<init>(49)) - OmKeyInfoCodec ignorePipeline = true
2022-12-22 10:15:21,812 [Listener at 127.0.0.1/44907] INFO  codec.RepeatedOmKeyInfoCodec (RepeatedOmKeyInfoCodec.java:<init>(41)) - RepeatedOmKeyInfoCodec ignorePipeline = true
2022-12-22 10:15:21,931 [Listener at 127.0.0.1/44907] INFO  om.OzoneManager (OzoneManager.java:instantiateServices(717)) - S3 Multi-Tenancy is disabled
2022-12-22 10:15:21,932 [Listener at 127.0.0.1/44907] INFO  om.OzoneManager (OzoneManager.java:addS3GVolumeToDB(4402)) - Created Volume s3v With Owner runner required for S3Gateway operations.
2022-12-22 10:15:21,932 [Listener at 127.0.0.1/44907] WARN  server.ServerUtils (ServerUtils.java:getDefaultRatisDirectory(237)) - Storage directory for Ratis is not configured. It is a good idea to map this to an SSD disk. Falling back to ozone.metadata.dirs
2022-12-22 10:15:21,932 [Listener at 127.0.0.1/44907] WARN  utils.OzoneManagerRatisUtils (OzoneManagerRatisUtils.java:getOMRatisSnapshotDirectory(434)) - ozone.om.ratis.snapshot.dir is not configured. Falling back to ozone.metadata.dirs config
2022-12-22 10:15:21,932 [Listener at 127.0.0.1/44907] INFO  snapshot.OzoneManagerSnapshotProvider (OzoneManagerSnapshotProvider.java:<init>(76)) - Initializing OM Snapshot Provider
2022-12-22 10:15:21,933 [Listener at 127.0.0.1/44907] WARN  impl.MetricRegistriesImpl (MetricRegistriesImpl.java:addReporterRegistration(111)) - New reporters are added after registries were created. Some metrics will be missing from the reporter. Please add reporter before adding any new registry.
2022-12-22 10:15:21,933 [Listener at 127.0.0.1/44907] WARN  impl.MetricRegistriesImpl (MetricRegistriesImpl.java:addReporterRegistration(111)) - New reporters are added after registries were created. Some metrics will be missing from the reporter. Please add reporter before adding any new registry.
2022-12-22 10:15:21,934 [Listener at 127.0.0.1/44907] WARN  server.ServerUtils (ServerUtils.java:getDefaultRatisDirectory(237)) - Storage directory for Ratis is not configured. It is a good idea to map this to an SSD disk. Falling back to ozone.metadata.dirs
2022-12-22 10:15:21,934 [Listener at 127.0.0.1/44907] INFO  ratis.OzoneManagerRatisServer (OzoneManagerRatisServer.java:<init>(160)) - Instantiating OM Ratis server with groupID: om-add-remove and peers: localhost:44341, localhost:45775, localhost:41683
2022-12-22 10:15:21,935 [Listener at 127.0.0.1/44907] INFO  ratis.OzoneManagerStateMachine (OzoneManagerStateMachine.java:loadSnapshotInfoFromDB(636)) - LastAppliedIndex is set from TransactionInfo from OM DB as (t:0, i:~)
2022-12-22 10:15:21,936 [Listener at 127.0.0.1/44907] INFO  server.RaftServer (ConfUtils.java:logGet(46)) - raft.rpc.type = GRPC (default)
2022-12-22 10:15:21,936 [Listener at 127.0.0.1/44907] INFO  grpc.GrpcConfigKeys (ConfUtils.java:logFallback(53)) - raft.grpc.admin.host = null (fallback to raft.grpc.server.host)
2022-12-22 10:15:21,936 [Listener at 127.0.0.1/44907] INFO  grpc.GrpcConfigKeys (ConfUtils.java:logFallback(53)) - raft.grpc.admin.port = 44341 (fallback to raft.grpc.server.port)
2022-12-22 10:15:21,936 [Listener at 127.0.0.1/44907] INFO  grpc.GrpcConfigKeys (ConfUtils.java:logFallback(53)) - raft.grpc.client.host = null (fallback to raft.grpc.server.host)
2022-12-22 10:15:21,936 [Listener at 127.0.0.1/44907] INFO  grpc.GrpcConfigKeys (ConfUtils.java:logFallback(53)) - raft.grpc.client.port = 44341 (fallback to raft.grpc.server.port)
2022-12-22 10:15:21,936 [Listener at 127.0.0.1/44907] INFO  grpc.GrpcConfigKeys (ConfUtils.java:logGet(46)) - raft.grpc.server.host = null (default)
2022-12-22 10:15:21,936 [Listener at 127.0.0.1/44907] INFO  grpc.GrpcConfigKeys (ConfUtils.java:logGet(46)) - raft.grpc.server.port = 44341 (custom)
2022-12-22 10:15:21,937 [Listener at 127.0.0.1/44907] INFO  server.GrpcService (ConfUtils.java:logGet(46)) - raft.grpc.message.size.max = 33554432 (custom)
2022-12-22 10:15:21,937 [Listener at 127.0.0.1/44907] INFO  server.RaftServerConfigKeys (ConfUtils.java:logGet(46)) - raft.server.log.appender.buffer.byte-limit = 33554432 (custom)
2022-12-22 10:15:21,937 [Listener at 127.0.0.1/44907] INFO  server.GrpcService (ConfUtils.java:logGet(46)) - raft.grpc.flow.control.window = 1MB (=1048576) (default)
2022-12-22 10:15:21,937 [Listener at 127.0.0.1/44907] INFO  server.RaftServerConfigKeys (ConfUtils.java:logGet(46)) - raft.server.rpc.request.timeout = 3000ms (default)
2022-12-22 10:15:21,937 [Listener at 127.0.0.1/44907] INFO  grpc.GrpcConfigKeys (ConfUtils.java:logGet(46)) - raft.grpc.server.heartbeat.channel = true (default)
2022-12-22 10:15:21,937 [Listener at 127.0.0.1/44907] INFO  grpc.GrpcConfigKeys (ConfUtils.java:logGet(46)) - raft.grpc.server.async.request.thread.pool.cached = true (default)
2022-12-22 10:15:21,937 [Listener at 127.0.0.1/44907] INFO  grpc.GrpcConfigKeys (ConfUtils.java:logGet(46)) - raft.grpc.server.async.request.thread.pool.size = 32 (default)
2022-12-22 10:15:21,938 [Listener at 127.0.0.1/44907] INFO  impl.DataStreamServerImpl (ConfUtils.java:logGet(46)) - raft.datastream.type = NETTY (custom)
2022-12-22 10:15:21,938 [Listener at 127.0.0.1/44907] INFO  server.RaftServerConfigKeys (ConfUtils.java:logGet(46)) - raft.server.data-stream.async.request.thread.pool.cached = false (default)
2022-12-22 10:15:21,938 [Listener at 127.0.0.1/44907] INFO  server.RaftServerConfigKeys (ConfUtils.java:logGet(46)) - raft.server.data-stream.async.request.thread.pool.size = 32 (default)
2022-12-22 10:15:21,939 [Listener at 127.0.0.1/44907] INFO  server.RaftServerConfigKeys (ConfUtils.java:logGet(46)) - raft.server.data-stream.async.write.thread.pool.size = 16 (default)
2022-12-22 10:15:21,939 [Listener at 127.0.0.1/44907] INFO  server.RaftServerConfigKeys (ConfUtils.java:logGet(46)) - raft.server.data-stream.client.pool.size = 10 (default)
2022-12-22 10:15:21,939 [Listener at 127.0.0.1/44907] INFO  netty.NettyConfigKeys$DataStream (ConfUtils.java:logGet(46)) - raft.netty.dataStream.server.use-epoll = false (default)
2022-12-22 10:15:21,939 [Listener at 127.0.0.1/44907] INFO  netty.NettyConfigKeys$DataStream (ConfUtils.java:logGet(46)) - raft.netty.dataStream.server.boss-group.size = 0 (default)
2022-12-22 10:15:21,939 [Listener at 127.0.0.1/44907] INFO  netty.NettyConfigKeys$DataStream (ConfUtils.java:logGet(46)) - raft.netty.dataStream.server.worker-group.size = 0 (default)
2022-12-22 10:15:21,939 [Listener at 127.0.0.1/44907] INFO  netty.NettyConfigKeys$DataStream (ConfUtils.java:logGet(46)) - raft.netty.dataStream.server.tls.conf = null (default)
2022-12-22 10:15:21,940 [Listener at 127.0.0.1/44907] INFO  netty.NettyConfigKeys$DataStream (ConfUtils.java:logGet(46)) - raft.netty.dataStream.host = null (default)
2022-12-22 10:15:21,940 [Listener at 127.0.0.1/44907] INFO  netty.NettyConfigKeys$DataStream (ConfUtils.java:logGet(46)) - raft.netty.dataStream.port = 0 (default)
2022-12-22 10:15:21,940 [Listener at 127.0.0.1/44907] INFO  server.RaftServerConfigKeys (ConfUtils.java:logGet(46)) - raft.server.threadpool.proxy.cached = true (default)
2022-12-22 10:15:21,940 [Listener at 127.0.0.1/44907] INFO  server.RaftServerConfigKeys (ConfUtils.java:logGet(46)) - raft.server.threadpool.proxy.size = 0 (default)
2022-12-22 10:15:21,940 [Listener at 127.0.0.1/44907] INFO  server.RaftServerConfigKeys (ConfUtils.java:logGet(46)) - raft.server.rpc.slowness.timeout = 2s (custom)
2022-12-22 10:15:21,940 [Listener at 127.0.0.1/44907] INFO  server.RaftServerConfigKeys (ConfUtils.java:logGet(46)) - raft.server.leaderelection.leader.step-down.wait-time = 10s (default)
2022-12-22 10:15:21,940 [Listener at 127.0.0.1/44907] INFO  server.RaftServerConfigKeys (ConfUtils.java:logGet(46)) - raft.server.storage.dir = [/home/runner/work/ozone/ozone/hadoop-ozone/integration-test/target/test-dir/MiniOzoneClusterImpl-73a15bac-dca4-4ec7-8fa0-07a649b4923c/omNode-3/ratis] (custom)
2022-12-22 10:15:21,941 [omNode-3-NettyServerStreamRpc-bossGroup--thread1] INFO  logging.LoggingHandler (AbstractInternalLogger.java:log(148)) - [id: 0xc3660388] REGISTERED
2022-12-22 10:15:21,941 [omNode-3-NettyServerStreamRpc-bossGroup--thread1] INFO  logging.LoggingHandler (AbstractInternalLogger.java:log(148)) - [id: 0xc3660388] BIND: 0.0.0.0/0.0.0.0:0
2022-12-22 10:15:21,941 [omNode-3-NettyServerStreamRpc-bossGroup--thread1] INFO  logging.LoggingHandler (AbstractInternalLogger.java:log(148)) - [id: 0xc3660388, L:/0:0:0:0:0:0:0:0:33345] ACTIVE
2022-12-22 10:15:21,941 [Listener at 127.0.0.1/44907] INFO  server.RaftServer (RaftServerProxy.java:addNew(96)) - omNode-3: addNew group-0AAC5367B30E:[omNode-3|rpc:localhost:44341|priority:0|startupRole:FOLLOWER, omNode-1|rpc:localhost:45775|priority:0|startupRole:FOLLOWER, omNode-2|rpc:localhost:41683|priority:0|startupRole:FOLLOWER] returns group-0AAC5367B30E:java.util.concurrent.CompletableFuture@5be78dff[Not completed]
2022-12-22 10:15:21,942 [Listener at 127.0.0.1/44907] INFO  om.OzoneManager (RaftServerImpl.java:<init>(195)) - omNode-3: new RaftServerImpl for group-0AAC5367B30E:[omNode-3|rpc:localhost:44341|priority:0|startupRole:FOLLOWER, omNode-1|rpc:localhost:45775|priority:0|startupRole:FOLLOWER, omNode-2|rpc:localhost:41683|priority:0|startupRole:FOLLOWER] with OzoneManagerStateMachine:uninitialized
2022-12-22 10:15:21,942 [Listener at 127.0.0.1/44907] INFO  om.OzoneManager (OzoneManager.java:initializeRatisServer(1979)) - OzoneManager Ratis server initialized at port 44341
2022-12-22 10:15:21,942 [pool-558-thread-1] INFO  server.RaftServerConfigKeys (ConfUtils.java:logGet(46)) - raft.server.rpc.timeout.min = 1s (custom)
2022-12-22 10:15:21,942 [pool-558-thread-1] INFO  server.RaftServerConfigKeys (ConfUtils.java:logGet(46)) - raft.server.rpc.timeout.max = 1200ms (custom)
2022-12-22 10:15:21,942 [pool-558-thread-1] INFO  server.RaftServerConfigKeys (ConfUtils.java:logGet(46)) - raft.server.rpc.sleep.time = 25ms (default)
2022-12-22 10:15:21,942 [pool-558-thread-1] INFO  server.RaftServerConfigKeys (ConfUtils.java:logGet(46)) - raft.server.rpc.slowness.timeout = 2s (custom)
2022-12-22 10:15:21,942 [pool-558-thread-1] INFO  server.RaftServerConfigKeys (ConfUtils.java:logGet(46)) - raft.server.leaderelection.leader.step-down.wait-time = 10s (default)
2022-12-22 10:15:21,942 [Listener at 127.0.0.1/44907] INFO  om.OzoneManager (OzoneManager.java:getRpcServer(1106)) - Creating RPC Server
2022-12-22 10:15:21,953 [pool-558-thread-1] INFO  server.RaftServerConfigKeys (ConfUtils.java:logGet(46)) - raft.server.sleep.deviation.threshold = 300ms (default)
2022-12-22 10:15:21,953 [pool-558-thread-1] INFO  server.RaftServer$Division (ServerState.java:<init>(118)) - omNode-3@group-0AAC5367B30E: ConfigurationManager, init=-1: peers:[omNode-3|rpc:localhost:44341|priority:0|startupRole:FOLLOWER, omNode-1|rpc:localhost:45775|priority:0|startupRole:FOLLOWER, omNode-2|rpc:localhost:41683|priority:0|startupRole:FOLLOWER]|listeners:[], old=null, confs=<EMPTY_MAP>
2022-12-22 10:15:21,953 [pool-558-thread-1] INFO  server.RaftServerConfigKeys (ConfUtils.java:logGet(46)) - raft.server.storage.dir = [/home/runner/work/ozone/ozone/hadoop-ozone/integration-test/target/test-dir/MiniOzoneClusterImpl-73a15bac-dca4-4ec7-8fa0-07a649b4923c/omNode-3/ratis] (custom)
2022-12-22 10:15:21,954 [pool-558-thread-1] INFO  server.RaftServerConfigKeys (ConfUtils.java:logGet(46)) - raft.server.log.corruption.policy = EXCEPTION (default)
2022-12-22 10:15:21,954 [pool-558-thread-1] INFO  server.RaftServerConfigKeys (ConfUtils.java:logGet(46)) - raft.server.storage.free-space.min = 0MB (=0) (default)
2022-12-22 10:15:21,954 [pool-558-thread-1] INFO  server.RaftServerConfigKeys (ConfUtils.java:logGet(46)) - raft.server.notification.no-leader.timeout = 2s (custom)
2022-12-22 10:15:21,954 [pool-558-thread-1] INFO  server.RaftServerConfigKeys (ConfUtils.java:logGet(46)) - raft.server.retrycache.expirytime = 300s (custom)
2022-12-22 10:15:21,954 [pool-558-thread-1] INFO  server.RaftServerConfigKeys (ConfUtils.java:logGet(46)) - raft.server.retrycache.statistics.expirytime = 100μs (default)
2022-12-22 10:15:21,954 [pool-558-thread-1] INFO  server.RaftServerConfigKeys (ConfUtils.java:logGet(46)) - raft.server.log.appender.install.snapshot.enabled = false (custom)
2022-12-22 10:15:21,954 [pool-558-thread-1] INFO  server.RaftServerConfigKeys (ConfUtils.java:logGet(46)) - raft.server.threadpool.server.cached = true (default)
2022-12-22 10:15:21,954 [pool-558-thread-1] INFO  server.RaftServerConfigKeys (ConfUtils.java:logGet(46)) - raft.server.threadpool.server.size = 0 (default)
2022-12-22 10:15:21,954 [pool-558-thread-1] INFO  server.RaftServerConfigKeys (ConfUtils.java:logGet(46)) - raft.server.threadpool.client.cached = true (default)
2022-12-22 10:15:21,954 [pool-558-thread-1] INFO  server.RaftServerConfigKeys (ConfUtils.java:logGet(46)) - raft.server.threadpool.client.size = 0 (default)
2022-12-22 10:15:22,024 [EndpointStateMachine task thread for /127.0.0.1:43945 - 0 ] INFO  ipc.Client (Client.java:handleConnectionFailure(1010)) - Retrying connect to server: localhost/127.0.0.1:43945. Already tried 4 time(s); retry policy is RetryUpToMaximumCountWithFixedSleep(maxRetries=15, sleepTime=1000 MILLISECONDS)
2022-12-22 10:15:22,024 [EndpointStateMachine task thread for /127.0.0.1:42129 - 0 ] INFO  ipc.Client (Client.java:handleConnectionFailure(1010)) - Retrying connect to server: localhost/127.0.0.1:42129. Already tried 10 time(s); retry policy is RetryUpToMaximumCountWithFixedSleep(maxRetries=15, sleepTime=1000 MILLISECONDS)
2022-12-22 10:15:22,159 [omNode-1@group-0AAC5367B30E-FollowerState] INFO  impl.FollowerState (FollowerState.java:run(143)) - omNode-1@group-0AAC5367B30E-FollowerState: change to CANDIDATE, lastRpcElapsedTime:1148417725ns, electionTimeout:1148ms
2022-12-22 10:15:22,159 [omNode-1@group-0AAC5367B30E-FollowerState] INFO  impl.RoleInfo (RoleInfo.java:shutdownFollowerState(110)) - omNode-1: shutdown omNode-1@group-0AAC5367B30E-FollowerState
2022-12-22 10:15:22,159 [omNode-1@group-0AAC5367B30E-FollowerState] INFO  server.RaftServer$Division (RaftServerImpl.java:setRole(321)) - omNode-1@group-0AAC5367B30E: changes role from  FOLLOWER to CANDIDATE at term 0 for changeToCandidate
2022-12-22 10:15:22,159 [omNode-1@group-0AAC5367B30E-FollowerState] INFO  server.RaftServerConfigKeys (ConfUtils.java:logGet(46)) - raft.server.leaderelection.pre-vote = false (custom)
2022-12-22 10:15:22,159 [omNode-1@group-0AAC5367B30E-FollowerState] INFO  impl.RoleInfo (RoleInfo.java:updateAndGet(139)) - omNode-1: start omNode-1@group-0AAC5367B30E-LeaderElection24
2022-12-22 10:15:22,164 [omNode-1@group-0AAC5367B30E-LeaderElection24] INFO  impl.LeaderElection (LeaderElection.java:askForVotes(312)) - omNode-1@group-0AAC5367B30E-LeaderElection24 ELECTION round 0: submit vote requests at term 1 for -1: peers:[omNode-3|rpc:localhost:44341|priority:0|startupRole:FOLLOWER, omNode-1|rpc:localhost:45775|priority:0|startupRole:FOLLOWER, omNode-2|rpc:localhost:41683|priority:0|startupRole:FOLLOWER]|listeners:[], old=null
2022-12-22 10:15:22,165 [omNode-1@group-0AAC5367B30E-LeaderElection24-1] INFO  server.GrpcServerProtocolClient (GrpcServerProtocolClient.java:<init>(63)) - Build channel for omNode-3
2022-12-22 10:15:22,168 [omNode-1@group-0AAC5367B30E-LeaderElection24] INFO  server.RaftServerConfigKeys (ConfUtils.java:logFallback(53)) - raft.server.rpc.first-election.timeout.min = 1s (fallback to raft.server.rpc.timeout.min)
2022-12-22 10:15:22,168 [omNode-1@group-0AAC5367B30E-LeaderElection24] INFO  server.RaftServerConfigKeys (ConfUtils.java:logFallback(53)) - raft.server.rpc.first-election.timeout.max = 1200ms (fallback to raft.server.rpc.timeout.max)
2022-12-22 10:15:22,169 [omNode-1@group-0AAC5367B30E-LeaderElection24-2] INFO  server.GrpcServerProtocolClient (GrpcServerProtocolClient.java:<init>(63)) - Build channel for omNode-2
2022-12-22 10:15:22,169 [omNode-1@group-0AAC5367B30E-LeaderElection24] INFO  impl.LeaderElection (LogUtils.java:infoOrTrace(137)) - omNode-1@group-0AAC5367B30E-LeaderElection24 got exception when requesting votes: java.util.concurrent.ExecutionException: org.apache.ratis.thirdparty.io.grpc.StatusRuntimeException: UNAVAILABLE: io exception
2022-12-22 10:15:22,179 [grpc-default-executor-4] INFO  server.RaftServer$Division (RaftServerImpl.java:requestVote(1218)) - omNode-2@group-0AAC5367B30E: receive requestVote(ELECTION, omNode-1, group-0AAC5367B30E, 1, (t:0, i:~))
2022-12-22 10:15:22,179 [grpc-default-executor-4] INFO  impl.VoteContext (VoteContext.java:log(49)) - omNode-2@group-0AAC5367B30E-FOLLOWER: accept ELECTION from omNode-1: our priority 0 <= candidate's priority 0
2022-12-22 10:15:22,179 [grpc-default-executor-4] INFO  server.RaftServer$Division (RaftServerImpl.java:setRole(321)) - omNode-2@group-0AAC5367B30E: changes role from  FOLLOWER to FOLLOWER at term 1 for candidate:omNode-1
2022-12-22 10:15:22,179 [grpc-default-executor-4] INFO  impl.RoleInfo (RoleInfo.java:shutdownFollowerState(110)) - omNode-2: shutdown omNode-2@group-0AAC5367B30E-FollowerState
2022-12-22 10:15:22,179 [grpc-default-executor-4] INFO  impl.RoleInfo (RoleInfo.java:updateAndGet(139)) - omNode-2: start omNode-2@group-0AAC5367B30E-FollowerState
2022-12-22 10:15:22,179 [omNode-2@group-0AAC5367B30E-FollowerState] INFO  impl.FollowerState (FollowerState.java:run(152)) - omNode-2@group-0AAC5367B30E-FollowerState was interrupted
2022-12-22 10:15:22,186 [omNode-2@group-0AAC5367B30E-FollowerState] INFO  server.RaftServerConfigKeys (ConfUtils.java:logFallback(53)) - raft.server.rpc.first-election.timeout.min = 1s (fallback to raft.server.rpc.timeout.min)
2022-12-22 10:15:22,186 [omNode-2@group-0AAC5367B30E-FollowerState] INFO  server.RaftServerConfigKeys (ConfUtils.java:logFallback(53)) - raft.server.rpc.first-election.timeout.max = 1200ms (fallback to raft.server.rpc.timeout.max)
2022-12-22 10:15:22,189 [grpc-default-executor-4] INFO  server.RaftServer$Division (RaftServerImpl.java:requestVote(1251)) - omNode-2@group-0AAC5367B30E replies to ELECTION vote request: omNode-1<-omNode-2#0:OK-t1. Peer's state: omNode-2@group-0AAC5367B30E:t1, leader=null, voted=omNode-1, raftlog=Memoized:omNode-2@group-0AAC5367B30E-SegmentedRaftLog:OPENED:c-1, conf=-1: peers:[omNode-3|rpc:localhost:44341|priority:0|startupRole:FOLLOWER, omNode-1|rpc:localhost:45775|priority:0|startupRole:FOLLOWER, omNode-2|rpc:localhost:41683|priority:0|startupRole:FOLLOWER]|listeners:[], old=null
2022-12-22 10:15:22,190 [omNode-1@group-0AAC5367B30E-LeaderElection24] INFO  impl.LeaderElection (LeaderElection.java:logAndReturn(90)) - omNode-1@group-0AAC5367B30E-LeaderElection24: ELECTION PASSED received 1 response(s) and 1 exception(s):
2022-12-22 10:15:22,190 [omNode-1@group-0AAC5367B30E-LeaderElection24] INFO  impl.LeaderElection (LeaderElection.java:logAndReturn(94)) -   Response 0: omNode-1<-omNode-2#0:OK-t1
2022-12-22 10:15:22,190 [omNode-1@group-0AAC5367B30E-LeaderElection24] INFO  impl.LeaderElection (LogUtils.java:infoOrTrace(137)) -   Exception 1: java.util.concurrent.ExecutionException: org.apache.ratis.thirdparty.io.grpc.StatusRuntimeException: UNAVAILABLE: io exception
2022-12-22 10:15:22,190 [omNode-1@group-0AAC5367B30E-LeaderElection24] INFO  impl.LeaderElection (LeaderElection.java:askForVotes(314)) - omNode-1@group-0AAC5367B30E-LeaderElection24 ELECTION round 0: result PASSED
2022-12-22 10:15:22,190 [omNode-1@group-0AAC5367B30E-LeaderElection24] INFO  impl.RoleInfo (RoleInfo.java:shutdownLeaderElection(130)) - omNode-1: shutdown omNode-1@group-0AAC5367B30E-LeaderElection24
2022-12-22 10:15:22,190 [omNode-1@group-0AAC5367B30E-LeaderElection24] INFO  server.RaftServer$Division (RaftServerImpl.java:setRole(321)) - omNode-1@group-0AAC5367B30E: changes role from CANDIDATE to LEADER at term 1 for changeToLeader
2022-12-22 10:15:22,190 [omNode-1@group-0AAC5367B30E-LeaderElection24] INFO  server.RaftServer$Division (ServerState.java:setLeader(313)) - omNode-1@group-0AAC5367B30E: change Leader from null to omNode-1 at term 1 for becomeLeader, leader elected after 1540ms
2022-12-22 10:15:22,190 [omNode-1@group-0AAC5367B30E-LeaderElection24] INFO  server.RaftServerConfigKeys (ConfUtils.java:logGet(46)) - raft.server.staging.catchup.gap = 1000 (default)
2022-12-22 10:15:22,190 [omNode-1@group-0AAC5367B30E-LeaderElection24] INFO  server.RaftServerConfigKeys (ConfUtils.java:logGet(46)) - raft.server.write.element-limit = 4096 (default)
2022-12-22 10:15:22,190 [omNode-1@group-0AAC5367B30E-LeaderElection24] INFO  server.RaftServerConfigKeys (ConfUtils.java:logGet(46)) - raft.server.write.byte-limit = 64MB (=67108864) (default)
2022-12-22 10:15:22,191 [omNode-1@group-0AAC5367B30E-LeaderElection24] INFO  server.RaftServerConfigKeys (ConfUtils.java:logGet(46)) - raft.server.watch.timeout = 10s (default)
2022-12-22 10:15:22,191 [omNode-1@group-0AAC5367B30E-LeaderElection24] INFO  server.RaftServerConfigKeys (ConfUtils.java:logGet(46)) - raft.server.watch.timeout.denomination = 1s (default)
2022-12-22 10:15:22,191 [omNode-1@group-0AAC5367B30E-LeaderElection24] INFO  server.RaftServerConfigKeys (ConfUtils.java:logGet(46)) - raft.server.watch.element-limit = 65536 (default)
2022-12-22 10:15:22,191 [omNode-1@group-0AAC5367B30E-LeaderElection24] INFO  server.RaftServerConfigKeys (ConfUtils.java:logGet(46)) - raft.server.write.element-limit = 4096 (default)
2022-12-22 10:15:22,191 [omNode-1@group-0AAC5367B30E-LeaderElection24] INFO  server.RaftServerConfigKeys (ConfUtils.java:logGet(46)) - raft.server.write.follower.gap.ratio.max = -1.0 (default)
2022-12-22 10:15:22,191 [omNode-1@group-0AAC5367B30E-LeaderElection24] INFO  server.RaftServerConfigKeys (ConfUtils.java:logGet(46)) - raft.server.log.appender.snapshot.chunk.size.max = 16MB (=16777216) (default)
2022-12-22 10:15:22,191 [omNode-1@group-0AAC5367B30E-LeaderElection24] INFO  server.RaftServerConfigKeys (ConfUtils.java:logGet(46)) - raft.server.log.appender.buffer.byte-limit = 33554432 (custom)
2022-12-22 10:15:22,191 [omNode-1@group-0AAC5367B30E-LeaderElection24] INFO  server.RaftServerConfigKeys (ConfUtils.java:logGet(46)) - raft.server.log.appender.buffer.element-limit = 1024 (custom)
2022-12-22 10:15:22,191 [omNode-1@group-0AAC5367B30E-LeaderElection24] INFO  grpc.GrpcConfigKeys (ConfUtils.java:logGet(46)) - raft.grpc.server.leader.outstanding.appends.max = 128 (default)
2022-12-22 10:15:22,191 [omNode-1@group-0AAC5367B30E-LeaderElection24] INFO  server.RaftServerConfigKeys (ConfUtils.java:logGet(46)) - raft.server.rpc.request.timeout = 3000ms (default)
2022-12-22 10:15:22,191 [omNode-1@group-0AAC5367B30E-LeaderElection24] INFO  server.RaftServerConfigKeys (ConfUtils.java:logGet(46)) - raft.server.log.appender.install.snapshot.enabled = false (custom)
2022-12-22 10:15:22,191 [omNode-1@group-0AAC5367B30E-LeaderElection24] INFO  grpc.GrpcConfigKeys (ConfUtils.java:logGet(46)) - raft.grpc.server.heartbeat.channel = true (default)
2022-12-22 10:15:22,191 [omNode-1@group-0AAC5367B30E-LeaderElection24] INFO  server.RaftServerConfigKeys (ConfUtils.java:logGet(46)) - raft.server.log.appender.wait-time.min = 10ms (default)
2022-12-22 10:15:22,192 [omNode-1@group-0AAC5367B30E-LeaderElection24] INFO  server.RaftServerConfigKeys (ConfUtils.java:logGet(46)) - raft.server.log.appender.snapshot.chunk.size.max = 16MB (=16777216) (default)
2022-12-22 10:15:22,192 [omNode-1@group-0AAC5367B30E-LeaderElection24] INFO  server.RaftServerConfigKeys (ConfUtils.java:logGet(46)) - raft.server.log.appender.buffer.byte-limit = 33554432 (custom)
2022-12-22 10:15:22,192 [omNode-1@group-0AAC5367B30E-LeaderElection24] INFO  server.RaftServerConfigKeys (ConfUtils.java:logGet(46)) - raft.server.log.appender.buffer.element-limit = 1024 (custom)
2022-12-22 10:15:22,192 [omNode-1@group-0AAC5367B30E-LeaderElection24] INFO  grpc.GrpcConfigKeys (ConfUtils.java:logGet(46)) - raft.grpc.server.leader.outstanding.appends.max = 128 (default)
2022-12-22 10:15:22,192 [omNode-1@group-0AAC5367B30E-LeaderElection24] INFO  server.RaftServerConfigKeys (ConfUtils.java:logGet(46)) - raft.server.rpc.request.timeout = 3000ms (default)
2022-12-22 10:15:22,192 [omNode-1@group-0AAC5367B30E-LeaderElection24] INFO  server.RaftServerConfigKeys (ConfUtils.java:logGet(46)) - raft.server.log.appender.install.snapshot.enabled = false (custom)
2022-12-22 10:15:22,192 [omNode-1@group-0AAC5367B30E-LeaderElection24] INFO  grpc.GrpcConfigKeys (ConfUtils.java:logGet(46)) - raft.grpc.server.heartbeat.channel = true (default)
2022-12-22 10:15:22,192 [omNode-1@group-0AAC5367B30E-LeaderElection24] INFO  server.RaftServerConfigKeys (ConfUtils.java:logGet(46)) - raft.server.log.appender.wait-time.min = 10ms (default)
2022-12-22 10:15:22,192 [omNode-1@group-0AAC5367B30E-LeaderElection24] INFO  impl.RoleInfo (RoleInfo.java:updateAndGet(139)) - omNode-1: start omNode-1@group-0AAC5367B30E-LeaderStateImpl
2022-12-22 10:15:22,192 [omNode-1@group-0AAC5367B30E-LeaderElection24] INFO  segmented.SegmentedRaftLogWorker (SegmentedRaftLogWorker.java:startLogSegment(452)) - omNode-1@group-0AAC5367B30E-SegmentedRaftLogWorker: Starting segment from index:0
2022-12-22 10:15:22,200 [omNode-1@group-0AAC5367B30E-SegmentedRaftLogWorker] INFO  segmented.SegmentedRaftLogWorker (SegmentedRaftLogWorker.java:execute(656)) - omNode-1@group-0AAC5367B30E-SegmentedRaftLogWorker: created new log segment /home/runner/work/ozone/ozone/hadoop-ozone/integration-test/target/test-dir/MiniOzoneClusterImpl-73a15bac-dca4-4ec7-8fa0-07a649b4923c/omNode-1/ratis/0718e334-ffa1-36bc-8e9a-0aac5367b30e/current/log_inprogress_0
2022-12-22 10:15:22,209 [omNode-1@group-0AAC5367B30E-LeaderElection24] INFO  server.RaftServer$Division (ServerState.java:setRaftConf(430)) - omNode-1@group-0AAC5367B30E: set configuration 0: peers:[omNode-3|rpc:localhost:44341|admin:|client:|dataStream:|priority:0|startupRole:FOLLOWER, omNode-1|rpc:localhost:45775|admin:|client:|dataStream:|priority:0|startupRole:FOLLOWER, omNode-2|rpc:localhost:41683|admin:|client:|dataStream:|priority:0|startupRole:FOLLOWER]|listeners:[], old=null
2022-12-22 10:15:22,210 [omNode-1@group-0AAC5367B30E-StateMachineUpdater] INFO  ratis.OzoneManagerStateMachine (OzoneManagerStateMachine.java:notifyConfigurationChanged(192)) - Received Configuration change notification from Ratis. New Peer list:
[id: "omNode-3"
address: "localhost:44341"
startupRole: FOLLOWER
, id: "omNode-1"
address: "localhost:45775"
startupRole: FOLLOWER
, id: "omNode-2"
address: "localhost:41683"
startupRole: FOLLOWER
]
2022-12-22 10:15:22,233 [omNode-2-server-thread1] INFO  server.RaftServer$Division (ServerState.java:setLeader(313)) - omNode-2@group-0AAC5367B30E: change Leader from null to omNode-1 at term 1 for appendEntries, leader elected after 961ms
2022-12-22 10:15:22,242 [omNode-2-server-thread2] INFO  server.RaftServer$Division (ServerState.java:setRaftConf(430)) - omNode-2@group-0AAC5367B30E: set configuration 0: peers:[omNode-3|rpc:localhost:44341|admin:|client:|dataStream:|priority:0|startupRole:FOLLOWER, omNode-1|rpc:localhost:45775|admin:|client:|dataStream:|priority:0|startupRole:FOLLOWER, omNode-2|rpc:localhost:41683|admin:|client:|dataStream:|priority:0|startupRole:FOLLOWER]|listeners:[], old=null
2022-12-22 10:15:22,242 [omNode-2-server-thread2] INFO  segmented.SegmentedRaftLogWorker (SegmentedRaftLogWorker.java:startLogSegment(452)) - omNode-2@group-0AAC5367B30E-SegmentedRaftLogWorker: Starting segment from index:0
2022-12-22 10:15:22,252 [omNode-2@group-0AAC5367B30E-SegmentedRaftLogWorker] INFO  segmented.SegmentedRaftLogWorker (SegmentedRaftLogWorker.java:execute(656)) - omNode-2@group-0AAC5367B30E-SegmentedRaftLogWorker: created new log segment /home/runner/work/ozone/ozone/hadoop-ozone/integration-test/target/test-dir/MiniOzoneClusterImpl-73a15bac-dca4-4ec7-8fa0-07a649b4923c/omNode-2/ratis/0718e334-ffa1-36bc-8e9a-0aac5367b30e/current/log_inprogress_0
2022-12-22 10:15:22,253 [omNode-2@group-0AAC5367B30E-StateMachineUpdater] INFO  ratis.OzoneManagerStateMachine (OzoneManagerStateMachine.java:notifyConfigurationChanged(192)) - Received Configuration change notification from Ratis. New Peer list:
[id: "omNode-3"
address: "localhost:44341"
startupRole: FOLLOWER
, id: "omNode-1"
address: "localhost:45775"
startupRole: FOLLOWER
, id: "omNode-2"
address: "localhost:41683"
startupRole: FOLLOWER
]
2022-12-22 10:15:22,317 [Listener at 127.0.0.1/44907] INFO  reflections.Reflections (Reflections.java:scan(232)) - Reflections took 373 ms to scan 19 urls, producing 67 keys and 4509 values [using 2 cores]
2022-12-22 10:15:22,317 [Listener at 127.0.0.1/44907] INFO  ipc.CallQueueManager (CallQueueManager.java:<init>(90)) - Using callQueue: class java.util.concurrent.LinkedBlockingQueue, queueCapacity: 2000, scheduler: class org.apache.hadoop.ipc.DefaultRpcScheduler, ipcBackoff: false.
2022-12-22 10:15:22,319 [Socket Reader #1 for port 38293] INFO  ipc.Server (Server.java:run(1273)) - Starting Socket Reader #1 for port 38293
2022-12-22 10:15:22,343 [Listener at 127.0.0.1/38293] INFO  impl.MetricsSystemImpl (MetricsSystemImpl.java:init(158)) - OzoneManager metrics system started (again)
2022-12-22 10:15:22,353 [Listener at 127.0.0.1/38293] INFO  om.OzoneManager (OzoneManager.java:start(1486)) - OzoneManager RPC server is listening at localhost/127.0.0.1:38293
2022-12-22 10:15:22,353 [Listener at 127.0.0.1/38293] INFO  ratis.OzoneManagerRatisServer (OzoneManagerRatisServer.java:start(555)) - Starting OzoneManagerRatisServer omNode-3 at port 44341
2022-12-22 10:15:22,353 [omNode-3-impl-thread1] INFO  storage.RaftStorageDirectory (RaftStorageDirectoryImpl.java:analyzeStorage(137)) - The storage directory /home/runner/work/ozone/ozone/hadoop-ozone/integration-test/target/test-dir/MiniOzoneClusterImpl-73a15bac-dca4-4ec7-8fa0-07a649b4923c/omNode-3/ratis/0718e334-ffa1-36bc-8e9a-0aac5367b30e does not exist. Creating ...
2022-12-22 10:15:22,354 [omNode-3-impl-thread1] INFO  storage.RaftStorageDirectory (RaftStorageDirectoryImpl.java:tryLock(231)) - Lock on /home/runner/work/ozone/ozone/hadoop-ozone/integration-test/target/test-dir/MiniOzoneClusterImpl-73a15bac-dca4-4ec7-8fa0-07a649b4923c/omNode-3/ratis/0718e334-ffa1-36bc-8e9a-0aac5367b30e/in_use.lock acquired by nodename 33150@fv-az345-686
2022-12-22 10:15:22,355 [omNode-3-impl-thread1] INFO  storage.RaftStorage (RaftStorageImpl.java:format(96)) - Storage directory /home/runner/work/ozone/ozone/hadoop-ozone/integration-test/target/test-dir/MiniOzoneClusterImpl-73a15bac-dca4-4ec7-8fa0-07a649b4923c/omNode-3/ratis/0718e334-ffa1-36bc-8e9a-0aac5367b30e has been successfully formatted.
2022-12-22 10:15:22,355 [omNode-3-impl-thread1] INFO  server.RaftServerConfigKeys (ConfUtils.java:logGet(46)) - raft.server.log.use.memory = false (default)
2022-12-22 10:15:22,355 [omNode-3-impl-thread1] INFO  server.RaftServerConfigKeys (ConfUtils.java:logGet(46)) - raft.server.log.purge.gap = 1000000 (custom)
2022-12-22 10:15:22,355 [omNode-3-impl-thread1] INFO  server.RaftServerConfigKeys (ConfUtils.java:logGet(46)) - raft.server.log.appender.buffer.byte-limit = 33554432 (custom)
2022-12-22 10:15:22,355 [omNode-3-impl-thread1] INFO  server.RaftServerConfigKeys (ConfUtils.java:logGet(46)) - raft.server.log.statemachine.data.read.timeout = 1000ms (default)
2022-12-22 10:15:22,355 [omNode-3-impl-thread1] INFO  server.RaftServerConfigKeys (ConfUtils.java:logGet(46)) - raft.server.log.purge.preservation.log.num = 0 (default)
2022-12-22 10:15:22,355 [omNode-3-impl-thread1] INFO  server.RaftServerConfigKeys (ConfUtils.java:logGet(46)) - raft.server.log.segment.size.max = 4194304 (custom)
2022-12-22 10:15:22,356 [omNode-3-impl-thread1] INFO  server.RaftServerConfigKeys (ConfUtils.java:logGet(46)) - raft.server.log.segment.cache.num.max = 2 (custom)
2022-12-22 10:15:22,356 [omNode-3-impl-thread1] INFO  server.RaftServerConfigKeys (ConfUtils.java:logGet(46)) - raft.server.log.segment.cache.size.max = 200MB (=209715200) (default)
2022-12-22 10:15:22,356 [omNode-3-impl-thread1] INFO  segmented.SegmentedRaftLogWorker (SegmentedRaftLogWorker.java:<init>(189)) - new omNode-3@group-0AAC5367B30E-SegmentedRaftLogWorker for RaftStorageImpl:Storage Directory /home/runner/work/ozone/ozone/hadoop-ozone/integration-test/target/test-dir/MiniOzoneClusterImpl-73a15bac-dca4-4ec7-8fa0-07a649b4923c/omNode-3/ratis/0718e334-ffa1-36bc-8e9a-0aac5367b30e
2022-12-22 10:15:22,356 [omNode-3-impl-thread1] INFO  server.RaftServerConfigKeys (ConfUtils.java:logGet(46)) - raft.server.log.queue.byte-limit = 64MB (=67108864) (default)
2022-12-22 10:15:22,356 [omNode-3-impl-thread1] INFO  server.RaftServerConfigKeys (ConfUtils.java:logGet(46)) - raft.server.log.queue.element-limit = 4096 (default)
2022-12-22 10:15:22,356 [omNode-3-impl-thread1] INFO  server.RaftServerConfigKeys (ConfUtils.java:logGet(46)) - raft.server.log.segment.size.max = 4194304 (custom)
2022-12-22 10:15:22,356 [omNode-3-impl-thread1] INFO  server.RaftServerConfigKeys (ConfUtils.java:logGet(46)) - raft.server.log.preallocated.size = 4194304 (custom)
2022-12-22 10:15:22,356 [omNode-3-impl-thread1] INFO  server.RaftServerConfigKeys (ConfUtils.java:logGet(46)) - raft.server.log.force.sync.num = 128 (default)
2022-12-22 10:15:22,356 [omNode-3-impl-thread1] INFO  server.RaftServerConfigKeys (ConfUtils.java:logGet(46)) - raft.server.log.statemachine.data.sync = true (default)
2022-12-22 10:15:22,356 [omNode-3-impl-thread1] INFO  server.RaftServerConfigKeys (ConfUtils.java:logGet(46)) - raft.server.log.statemachine.data.sync.timeout = 10s (default)
2022-12-22 10:15:22,356 [omNode-3-impl-thread1] INFO  server.RaftServerConfigKeys (ConfUtils.java:logGet(46)) - raft.server.log.statemachine.data.sync.timeout.retry = -1 (default)
2022-12-22 10:15:22,356 [omNode-3-impl-thread1] INFO  server.RaftServerConfigKeys (ConfUtils.java:logGet(46)) - raft.server.log.write.buffer.size = 64KB (=65536) (default)
2022-12-22 10:15:22,356 [omNode-3-impl-thread1] INFO  server.RaftServerConfigKeys (ConfUtils.java:logGet(46)) - raft.server.log.appender.buffer.byte-limit = 33554432 (custom)
2022-12-22 10:15:22,360 [omNode-3-impl-thread1] INFO  server.RaftServerConfigKeys (ConfUtils.java:logGet(46)) - raft.server.log.unsafe-flush.enabled = false (default)
2022-12-22 10:15:22,360 [omNode-3-impl-thread1] INFO  server.RaftServerConfigKeys (ConfUtils.java:logGet(46)) - raft.server.log.async-flush.enabled = false (default)
2022-12-22 10:15:22,360 [omNode-3-impl-thread1] INFO  server.RaftServerConfigKeys (ConfUtils.java:logGet(46)) - raft.server.log.statemachine.data.caching.enabled = false (default)
2022-12-22 10:15:22,360 [omNode-3-impl-thread1] INFO  segmented.SegmentedRaftLogWorker (SegmentedRaftLogWorker.java:lambda$new$0(135)) - omNode-3@group-0AAC5367B30E-SegmentedRaftLogWorker: flushIndex: setUnconditionally 0 -> -1
2022-12-22 10:15:22,360 [omNode-3-impl-thread1] INFO  segmented.SegmentedRaftLogWorker (SegmentedRaftLogWorker.java:lambda$new$0(135)) - omNode-3@group-0AAC5367B30E-SegmentedRaftLogWorker: safeCacheEvictIndex: setUnconditionally 0 -> -1
2022-12-22 10:15:22,360 [omNode-3-impl-thread1] INFO  server.RaftServer$Division (RaftServerImpl.java:start(334)) - omNode-3@group-0AAC5367B30E: start as a follower, conf=-1: peers:[omNode-3|rpc:localhost:44341|priority:0|startupRole:FOLLOWER, omNode-1|rpc:localhost:45775|priority:0|startupRole:FOLLOWER, omNode-2|rpc:localhost:41683|priority:0|startupRole:FOLLOWER]|listeners:[], old=null
2022-12-22 10:15:22,360 [omNode-3-impl-thread1] INFO  server.RaftServer$Division (RaftServerImpl.java:setRole(321)) - omNode-3@group-0AAC5367B30E: changes role from      null to FOLLOWER at term 0 for startAsFollower
2022-12-22 10:15:22,360 [omNode-3-impl-thread1] INFO  impl.RoleInfo (RoleInfo.java:updateAndGet(139)) - omNode-3: start omNode-3@group-0AAC5367B30E-FollowerState
2022-12-22 10:15:22,361 [omNode-3@group-0AAC5367B30E-FollowerState] INFO  server.RaftServerConfigKeys (ConfUtils.java:logFallback(53)) - raft.server.rpc.first-election.timeout.min = 1s (fallback to raft.server.rpc.timeout.min)
2022-12-22 10:15:22,361 [omNode-3@group-0AAC5367B30E-FollowerState] INFO  server.RaftServerConfigKeys (ConfUtils.java:logFallback(53)) - raft.server.rpc.first-election.timeout.max = 1200ms (fallback to raft.server.rpc.timeout.max)
2022-12-22 10:15:22,361 [omNode-3-impl-thread1] INFO  util.JmxRegister (JmxRegister.java:tryRegister(44)) - Successfully registered JMX Bean with object name Ratis:service=RaftServer,group=group-0AAC5367B30E,id=omNode-3
2022-12-22 10:15:22,362 [omNode-3-impl-thread1] INFO  server.RaftServerConfigKeys (ConfUtils.java:logGet(46)) - raft.server.snapshot.auto.trigger.enabled = true (custom)
2022-12-22 10:15:22,362 [omNode-3-impl-thread1] INFO  server.RaftServerConfigKeys (ConfUtils.java:logGet(46)) - raft.server.snapshot.auto.trigger.threshold = 400000 (default)
2022-12-22 10:15:22,362 [omNode-3-impl-thread1] INFO  server.RaftServerConfigKeys (ConfUtils.java:logGet(46)) - raft.server.snapshot.retention.file.num = -1 (default)
2022-12-22 10:15:22,362 [omNode-3-impl-thread1] INFO  server.RaftServerConfigKeys (ConfUtils.java:logGet(46)) - raft.server.log.purge.upto.snapshot.index = true (custom)
2022-12-22 10:15:22,363 [Listener at 127.0.0.1/38293] INFO  server.RaftServer (RaftServerProxy.java:startImpl(393)) - omNode-3: start RPC server
2022-12-22 10:15:22,369 [Listener at 127.0.0.1/38293] INFO  server.GrpcService (GrpcService.java:startImpl(262)) - omNode-3: GrpcService started, listening on 44341
2022-12-22 10:15:22,369 [Listener at 127.0.0.1/38293] INFO  om.OzoneManager (JvmPauseMonitor.java:run(105)) - JvmPauseMonitor-omNode-3: Started
2022-12-22 10:15:22,369 [Listener at 127.0.0.1/38293] INFO  om.OzoneManager (OzoneManager.java:start(1502)) - Version File has different layout version (3) than OM DB (null). That is expected if this OM has never been finalized to a newer layout version.
2022-12-22 10:15:22,371 [Listener at 127.0.0.1/38293] INFO  http.BaseHttpServer (BaseHttpServer.java:newHttpServer2BuilderForOzone(213)) - Starting Web-server for ozoneManager at: http://0.0.0.0:45953
2022-12-22 10:15:22,371 [Listener at 127.0.0.1/38293] INFO  http.BaseHttpServer (BaseHttpServer.java:<init>(108)) - Hadoop Security Enabled: false Ozone Security Enabled: false Ozone HTTP Security Enabled: false 
2022-12-22 10:15:22,372 [Listener at 127.0.0.1/38293] WARN  server.AuthenticationFilter (AuthenticationFilter.java:constructSecretProvider(240)) - Unable to initialize FileSignerSecretProvider, falling back to use random secrets. Reason: Could not read signature secret file: /home/runner/hadoop-http-auth-signature-secret
2022-12-22 10:15:22,373 [Listener at 127.0.0.1/38293] WARN  http.HttpRequestLog (HttpRequestLog.java:getRequestLog(103)) - Jetty request log can only be enabled using Log4j
2022-12-22 10:15:22,377 [Listener at 127.0.0.1/38293] INFO  http.HttpServer2 (HttpServer2.java:addGlobalFilter(1031)) - Added global filter 'safety' (class=org.apache.hadoop.hdds.server.http.HttpServer2$QuotingInputFilter)
2022-12-22 10:15:22,377 [Listener at 127.0.0.1/38293] INFO  http.HttpServer2 (HttpServer2.java:addFilter(1007)) - Added filter static_user_filter (class=org.apache.hadoop.http.lib.StaticUserWebFilter$StaticUserFilter) to context ozoneManager
2022-12-22 10:15:22,378 [Listener at 127.0.0.1/38293] INFO  http.HttpServer2 (HttpServer2.java:addFilter(1015)) - Added filter static_user_filter (class=org.apache.hadoop.http.lib.StaticUserWebFilter$StaticUserFilter) to context static
2022-12-22 10:15:22,378 [Listener at 127.0.0.1/38293] INFO  http.HttpServer2 (HttpServer2.java:addFilter(1015)) - Added filter static_user_filter (class=org.apache.hadoop.http.lib.StaticUserWebFilter$StaticUserFilter) to context logs
2022-12-22 10:15:22,378 [Listener at 127.0.0.1/38293] INFO  http.HttpServer2 (HttpServer2.java:bindListener(1250)) - Jetty bound to port 45953
2022-12-22 10:15:22,379 [Listener at 127.0.0.1/38293] INFO  server.Server (Server.java:doStart(375)) - jetty-9.4.49.v20220914; built: 2022-09-14T01:07:36.601Z; git: 4231a3b2e4cb8548a412a789936d640a97b1aa0a; jvm 1.8.0_352-b08
2022-12-22 10:15:22,380 [Listener at 127.0.0.1/38293] INFO  server.session (DefaultSessionIdManager.java:doStart(334)) - DefaultSessionIdManager workerName=node0
2022-12-22 10:15:22,380 [Listener at 127.0.0.1/38293] INFO  server.session (DefaultSessionIdManager.java:doStart(339)) - No SessionScavenger set, using defaults
2022-12-22 10:15:22,380 [Listener at 127.0.0.1/38293] INFO  server.session (HouseKeeper.java:startScavenging(132)) - node0 Scavenging every 660000ms
2022-12-22 10:15:22,382 [Listener at 127.0.0.1/38293] INFO  handler.ContextHandler (ContextHandler.java:doStart(921)) - Started o.e.j.s.ServletContextHandler@76d5e139{logs,/logs,file:///home/runner/work/ozone/ozone/hadoop-ozone/integration-test/target/log,AVAILABLE}
2022-12-22 10:15:22,382 [Listener at 127.0.0.1/38293] INFO  handler.ContextHandler (ContextHandler.java:doStart(921)) - Started o.e.j.s.ServletContextHandler@2322c9f7{static,/static,file:///home/runner/work/ozone/ozone/hadoop-ozone/integration-test/target/test-classes/webapps/static,AVAILABLE}
2022-12-22 10:15:22,387 [Listener at 127.0.0.1/38293] INFO  handler.ContextHandler (ContextHandler.java:doStart(921)) - Started o.e.j.w.WebAppContext@57682043{ozoneManager,/,file:///home/runner/work/ozone/ozone/hadoop-ozone/integration-test/target/test-classes/webapps/ozoneManager/,AVAILABLE}{file:/home/runner/work/ozone/ozone/hadoop-ozone/integration-test/target/test-classes/webapps/ozoneManager}
2022-12-22 10:15:22,397 [Listener at 127.0.0.1/38293] INFO  server.AbstractConnector (AbstractConnector.java:doStart(333)) - Started ServerConnector@6b3266b9{HTTP/1.1, (http/1.1)}{0.0.0.0:45953}
2022-12-22 10:15:22,397 [Listener at 127.0.0.1/38293] INFO  server.Server (Server.java:doStart(415)) - Started @106128ms
2022-12-22 10:15:22,397 [Listener at 127.0.0.1/38293] WARN  impl.MetricsSystemImpl (MetricsSystemImpl.java:register(279)) - Sink prometheus already exists!
2022-12-22 10:15:22,397 [Listener at 127.0.0.1/38293] INFO  http.BaseHttpServer (BaseHttpServer.java:updateConnectorAddress(333)) - HTTP server of ozoneManager listening at http://0.0.0.0:45953
2022-12-22 10:15:22,398 [IPC Server Responder] INFO  ipc.Server (Server.java:run(1512)) - IPC Server Responder: starting
2022-12-22 10:15:22,398 [IPC Server listener on 38293] INFO  ipc.Server (Server.java:run(1352)) - IPC Server listener on 38293: starting
2022-12-22 10:15:22,399 [Listener at 127.0.0.1/38293] INFO  om.OzoneManager (OzoneManager.java:startTrashEmptier(1923)) - Trash Interval set to 0. Files deleted won't move to trash
2022-12-22 10:15:22,400 [Listener at 127.0.0.1/38293] INFO  ozone.MiniOzoneHAClusterImpl (MiniOzoneHAClusterImpl.java:createOMService(527)) - Started OzoneManager omNode-3 RPC server at localhost/127.0.0.1:38293
2022-12-22 10:15:22,410 [Listener at 127.0.0.1/38293] WARN  impl.MetricRegistriesImpl (MetricRegistriesImpl.java:addReporterRegistration(111)) - New reporters are added after registries were created. Some metrics will be missing from the reporter. Please add reporter before adding any new registry.
2022-12-22 10:15:22,410 [Listener at 127.0.0.1/38293] WARN  impl.MetricRegistriesImpl (MetricRegistriesImpl.java:addReporterRegistration(111)) - New reporters are added after registries were created. Some metrics will be missing from the reporter. Please add reporter before adding any new registry.
2022-12-22 10:15:22,411 [Listener at 127.0.0.1/38293] INFO  impl.MetricsSystemImpl (MetricsSystemImpl.java:init(158)) - HddsDatanode metrics system started (again)
2022-12-22 10:15:22,412 [org.apache.hadoop.util.JvmPauseMonitor$Monitor@3f4acac1] INFO  util.JvmPauseMonitor (JvmPauseMonitor.java:run(188)) - Starting JVM pause monitor
2022-12-22 10:15:22,423 [Listener at 127.0.0.1/38293] INFO  ozone.HddsDatanodeService (HddsDatanodeService.java:start(237)) - HddsDatanodeService host:fv-az345-686.jvbsasuktymudpoi5cueu5eohe.gx.internal.cloudapp.net ip:10.1.0.13
2022-12-22 10:15:22,442 [Listener at 127.0.0.1/38293] INFO  upgrade.AbstractLayoutVersionManager (AbstractLayoutVersionManager.java:init(83)) - Initializing Layout version manager with metadata layout = DATANODE_SCHEMA_V3 (version = 4), software layout = DATANODE_SCHEMA_V3 (version = 4)
2022-12-22 10:15:22,535 [Listener at 127.0.0.1/38293] INFO  reflections.Reflections (Reflections.java:scan(232)) - Reflections took 92 ms to scan 7 urls, producing 146 keys and 348 values 
2022-12-22 10:15:22,537 [Listener at 127.0.0.1/38293] INFO  ha.SCMNodeInfo (SCMNodeInfo.java:getPort(197)) - ConfigKey ozone.scm.client.address is deprecated, For configuring different ports for each SCM use PortConfigKey ozone.scm.client.port appended with serviceId and nodeId
2022-12-22 10:15:22,537 [Listener at 127.0.0.1/38293] INFO  ha.SCMNodeInfo (SCMNodeInfo.java:getPort(197)) - ConfigKey ozone.scm.block.client.address is deprecated, For configuring different ports for each SCM use PortConfigKey ozone.scm.block.client.port appended with serviceId and nodeId
2022-12-22 10:15:22,537 [Listener at 127.0.0.1/38293] INFO  ha.SCMNodeInfo (SCMNodeInfo.java:getPort(197)) - ConfigKey ozone.scm.datanode.address is deprecated, For configuring different ports for each SCM use PortConfigKey ozone.scm.datanode.port appended with serviceId and nodeId
2022-12-22 10:15:22,537 [Listener at 127.0.0.1/38293] INFO  statemachine.DatanodeStateMachine (DatanodeStateMachine.java:getEndPointTaskThreadPoolSize(248)) - Datanode State Machine Task Thread Pool size 2
2022-12-22 10:15:22,538 [Listener at 127.0.0.1/38293] INFO  volume.HddsVolume (HddsVolume.java:<init>(117)) - Creating HddsVolume: /home/runner/work/ozone/ozone/hadoop-ozone/integration-test/target/test-dir/MiniOzoneClusterImpl-73a15bac-dca4-4ec7-8fa0-07a649b4923c/datanode-0/data-0/containers/hdds of storage type : DISK capacity : 9223372036854775807
2022-12-22 10:15:22,539 [Listener at 127.0.0.1/38293] INFO  volume.MutableVolumeSet (MutableVolumeSet.java:initializeVolumeSet(174)) - Added Volume : /home/runner/work/ozone/ozone/hadoop-ozone/integration-test/target/test-dir/MiniOzoneClusterImpl-73a15bac-dca4-4ec7-8fa0-07a649b4923c/datanode-0/data-0/containers/hdds to VolumeSet
2022-12-22 10:15:22,539 [Listener at 127.0.0.1/38293] INFO  volume.ThrottledAsyncChecker (ThrottledAsyncChecker.java:schedule(141)) - Scheduling a check for /home/runner/work/ozone/ozone/hadoop-ozone/integration-test/target/test-dir/MiniOzoneClusterImpl-73a15bac-dca4-4ec7-8fa0-07a649b4923c/datanode-0/data-0/containers/hdds
2022-12-22 10:15:22,541 [Listener at 127.0.0.1/38293] INFO  volume.StorageVolumeChecker (StorageVolumeChecker.java:checkAllVolumes(202)) - Scheduled health check for volume /home/runner/work/ozone/ozone/hadoop-ozone/integration-test/target/test-dir/MiniOzoneClusterImpl-73a15bac-dca4-4ec7-8fa0-07a649b4923c/datanode-0/data-0/containers/hdds
2022-12-22 10:15:22,554 [Listener at 127.0.0.1/38293] INFO  volume.MutableVolumeSet (MutableVolumeSet.java:initializeVolumeSet(174)) - Added Volume : /home/runner/work/ozone/ozone/hadoop-ozone/integration-test/target/test-dir/MiniOzoneClusterImpl-73a15bac-dca4-4ec7-8fa0-07a649b4923c/datanode-0/data/ratis to VolumeSet
2022-12-22 10:15:22,554 [Listener at 127.0.0.1/38293] INFO  volume.ThrottledAsyncChecker (ThrottledAsyncChecker.java:schedule(141)) - Scheduling a check for /home/runner/work/ozone/ozone/hadoop-ozone/integration-test/target/test-dir/MiniOzoneClusterImpl-73a15bac-dca4-4ec7-8fa0-07a649b4923c/datanode-0/data/ratis
2022-12-22 10:15:22,554 [Listener at 127.0.0.1/38293] INFO  volume.StorageVolumeChecker (StorageVolumeChecker.java:checkAllVolumes(202)) - Scheduled health check for volume /home/runner/work/ozone/ozone/hadoop-ozone/integration-test/target/test-dir/MiniOzoneClusterImpl-73a15bac-dca4-4ec7-8fa0-07a649b4923c/datanode-0/data/ratis
2022-12-22 10:15:22,569 [Thread-1912] INFO  ozoneimpl.ContainerReader (ContainerReader.java:readVolume(175)) - Finish verifying containers on volume /home/runner/work/ozone/ozone/hadoop-ozone/integration-test/target/test-dir/MiniOzoneClusterImpl-73a15bac-dca4-4ec7-8fa0-07a649b4923c/datanode-0/data-0/containers/hdds
2022-12-22 10:15:22,569 [Listener at 127.0.0.1/38293] INFO  ozoneimpl.OzoneContainer (OzoneContainer.java:buildContainerSet(301)) - Build ContainerSet costs 0s
2022-12-22 10:15:22,570 [Listener at 127.0.0.1/38293] INFO  server.RaftServer (ConfUtils.java:logGet(46)) - raft.rpc.type = GRPC (default)
2022-12-22 10:15:22,571 [Listener at 127.0.0.1/38293] INFO  grpc.GrpcConfigKeys (ConfUtils.java:logFallback(53)) - raft.grpc.admin.host = null (fallback to raft.grpc.server.host)
2022-12-22 10:15:22,571 [Listener at 127.0.0.1/38293] INFO  grpc.GrpcConfigKeys (ConfUtils.java:logGet(46)) - raft.grpc.admin.port = 0 (custom)
2022-12-22 10:15:22,571 [Listener at 127.0.0.1/38293] INFO  grpc.GrpcConfigKeys (ConfUtils.java:logFallback(53)) - raft.grpc.client.host = null (fallback to raft.grpc.server.host)
2022-12-22 10:15:22,571 [Listener at 127.0.0.1/38293] INFO  grpc.GrpcConfigKeys (ConfUtils.java:logGet(46)) - raft.grpc.client.port = 0 (custom)
2022-12-22 10:15:22,571 [Listener at 127.0.0.1/38293] INFO  grpc.GrpcConfigKeys (ConfUtils.java:logGet(46)) - raft.grpc.server.host = null (default)
2022-12-22 10:15:22,571 [Listener at 127.0.0.1/38293] INFO  grpc.GrpcConfigKeys (ConfUtils.java:logGet(46)) - raft.grpc.server.port = 0 (default)
2022-12-22 10:15:22,571 [Listener at 127.0.0.1/38293] INFO  server.GrpcService (ConfUtils.java:logGet(46)) - raft.grpc.message.size.max = 32MB (=33554432) (custom)
2022-12-22 10:15:22,571 [Listener at 127.0.0.1/38293] INFO  server.RaftServerConfigKeys (ConfUtils.java:logGet(46)) - raft.server.log.appender.buffer.byte-limit = 33554432 (custom)
2022-12-22 10:15:22,571 [Listener at 127.0.0.1/38293] INFO  server.GrpcService (ConfUtils.java:logGet(46)) - raft.grpc.flow.control.window = 5MB (=5242880) (custom)
2022-12-22 10:15:22,572 [Listener at 127.0.0.1/38293] INFO  server.RaftServerConfigKeys (ConfUtils.java:logGet(46)) - raft.server.rpc.request.timeout = 60s (custom)
2022-12-22 10:15:22,572 [Listener at 127.0.0.1/38293] INFO  grpc.GrpcConfigKeys (ConfUtils.java:logGet(46)) - raft.grpc.server.heartbeat.channel = true (default)
2022-12-22 10:15:22,572 [Listener at 127.0.0.1/38293] INFO  grpc.GrpcConfigKeys (ConfUtils.java:logGet(46)) - raft.grpc.server.async.request.thread.pool.cached = true (default)
2022-12-22 10:15:22,572 [Listener at 127.0.0.1/38293] INFO  grpc.GrpcConfigKeys (ConfUtils.java:logGet(46)) - raft.grpc.server.async.request.thread.pool.size = 32 (default)
2022-12-22 10:15:22,573 [Listener at 127.0.0.1/38293] INFO  impl.DataStreamServerImpl (ConfUtils.java:logGet(46)) - raft.datastream.type = NETTY (custom)
2022-12-22 10:15:22,573 [Listener at 127.0.0.1/38293] INFO  server.RaftServerConfigKeys (ConfUtils.java:logGet(46)) - raft.server.data-stream.async.request.thread.pool.cached = false (default)
2022-12-22 10:15:22,573 [Listener at 127.0.0.1/38293] INFO  server.RaftServerConfigKeys (ConfUtils.java:logGet(46)) - raft.server.data-stream.async.request.thread.pool.size = 20 (custom)
2022-12-22 10:15:22,573 [Listener at 127.0.0.1/38293] INFO  server.RaftServerConfigKeys (ConfUtils.java:logGet(46)) - raft.server.data-stream.async.write.thread.pool.size = 16 (default)
2022-12-22 10:15:22,573 [Listener at 127.0.0.1/38293] INFO  server.RaftServerConfigKeys (ConfUtils.java:logGet(46)) - raft.server.data-stream.client.pool.size = 10 (default)
2022-12-22 10:15:22,573 [Listener at 127.0.0.1/38293] INFO  netty.NettyConfigKeys$DataStream (ConfUtils.java:logGet(46)) - raft.netty.dataStream.server.use-epoll = false (default)
2022-12-22 10:15:22,574 [Listener at 127.0.0.1/38293] INFO  netty.NettyConfigKeys$DataStream (ConfUtils.java:logGet(46)) - raft.netty.dataStream.server.boss-group.size = 0 (default)
2022-12-22 10:15:22,574 [Listener at 127.0.0.1/38293] INFO  netty.NettyConfigKeys$DataStream (ConfUtils.java:logGet(46)) - raft.netty.dataStream.server.worker-group.size = 0 (default)
2022-12-22 10:15:22,574 [Listener at 127.0.0.1/38293] INFO  netty.NettyConfigKeys$DataStream (ConfUtils.java:logGet(46)) - raft.netty.dataStream.server.tls.conf = null (default)
2022-12-22 10:15:22,574 [Listener at 127.0.0.1/38293] INFO  netty.NettyConfigKeys$DataStream (ConfUtils.java:logGet(46)) - raft.netty.dataStream.host = null (default)
2022-12-22 10:15:22,574 [Listener at 127.0.0.1/38293] INFO  netty.NettyConfigKeys$DataStream (ConfUtils.java:logGet(46)) - raft.netty.dataStream.port = 0 (default)
2022-12-22 10:15:22,577 [Listener at 127.0.0.1/38293] INFO  server.RaftServerConfigKeys (ConfUtils.java:logGet(46)) - raft.server.threadpool.proxy.cached = true (default)
2022-12-22 10:15:22,577 [Listener at 127.0.0.1/38293] INFO  server.RaftServerConfigKeys (ConfUtils.java:logGet(46)) - raft.server.threadpool.proxy.size = 0 (default)
2022-12-22 10:15:22,577 [Listener at 127.0.0.1/38293] INFO  server.RaftServerConfigKeys (ConfUtils.java:logGet(46)) - raft.server.rpc.slowness.timeout = 300s (custom)
2022-12-22 10:15:22,577 [Listener at 127.0.0.1/38293] INFO  server.RaftServerConfigKeys (ConfUtils.java:logGet(46)) - raft.server.leaderelection.leader.step-down.wait-time = 10s (default)
2022-12-22 10:15:22,577 [Listener at 127.0.0.1/38293] INFO  server.RaftServerConfigKeys (ConfUtils.java:logGet(46)) - raft.server.storage.dir = [/home/runner/work/ozone/ozone/hadoop-ozone/integration-test/target/test-dir/MiniOzoneClusterImpl-73a15bac-dca4-4ec7-8fa0-07a649b4923c/datanode-0/data/ratis] (custom)
2022-12-22 10:15:22,578 [b6a383f5-2af4-4920-ba0e-06f6a7823127-NettyServerStreamRpc-bossGroup--thread1] INFO  logging.LoggingHandler (AbstractInternalLogger.java:log(148)) - [id: 0x32743439] REGISTERED
2022-12-22 10:15:22,578 [b6a383f5-2af4-4920-ba0e-06f6a7823127-NettyServerStreamRpc-bossGroup--thread1] INFO  logging.LoggingHandler (AbstractInternalLogger.java:log(148)) - [id: 0x32743439] BIND: 0.0.0.0/0.0.0.0:0
2022-12-22 10:15:22,578 [b6a383f5-2af4-4920-ba0e-06f6a7823127-NettyServerStreamRpc-bossGroup--thread1] INFO  logging.LoggingHandler (AbstractInternalLogger.java:log(148)) - [id: 0x32743439, L:/0:0:0:0:0:0:0:0:46767] ACTIVE
2022-12-22 10:15:22,581 [Listener at 127.0.0.1/38293] INFO  server.XceiverServerGrpc (XceiverServerGrpc.java:<init>(132)) - GrpcServer channel type EpollServerSocketChannel
2022-12-22 10:15:22,588 [Listener at 127.0.0.1/38293] INFO  http.BaseHttpServer (BaseHttpServer.java:newHttpServer2BuilderForOzone(213)) - Starting Web-server for hddsDatanode at: http://0.0.0.0:0
2022-12-22 10:15:22,588 [Listener at 127.0.0.1/38293] INFO  http.BaseHttpServer (BaseHttpServer.java:<init>(108)) - Hadoop Security Enabled: false Ozone Security Enabled: false Ozone HTTP Security Enabled: false 
2022-12-22 10:15:22,589 [Listener at 127.0.0.1/38293] WARN  server.AuthenticationFilter (AuthenticationFilter.java:constructSecretProvider(240)) - Unable to initialize FileSignerSecretProvider, falling back to use random secrets. Reason: Could not read signature secret file: /home/runner/hadoop-http-auth-signature-secret
2022-12-22 10:15:22,590 [Listener at 127.0.0.1/38293] WARN  http.HttpRequestLog (HttpRequestLog.java:getRequestLog(103)) - Jetty request log can only be enabled using Log4j
2022-12-22 10:15:22,591 [Listener at 127.0.0.1/38293] INFO  http.HttpServer2 (HttpServer2.java:addGlobalFilter(1031)) - Added global filter 'safety' (class=org.apache.hadoop.hdds.server.http.HttpServer2$QuotingInputFilter)
2022-12-22 10:15:22,591 [Listener at 127.0.0.1/38293] INFO  http.HttpServer2 (HttpServer2.java:addFilter(1007)) - Added filter static_user_filter (class=org.apache.hadoop.http.lib.StaticUserWebFilter$StaticUserFilter) to context hddsDatanode
2022-12-22 10:15:22,591 [Listener at 127.0.0.1/38293] INFO  http.HttpServer2 (HttpServer2.java:addFilter(1015)) - Added filter static_user_filter (class=org.apache.hadoop.http.lib.StaticUserWebFilter$StaticUserFilter) to context logs
2022-12-22 10:15:22,591 [Listener at 127.0.0.1/38293] INFO  http.HttpServer2 (HttpServer2.java:addFilter(1015)) - Added filter static_user_filter (class=org.apache.hadoop.http.lib.StaticUserWebFilter$StaticUserFilter) to context static
2022-12-22 10:15:22,592 [Listener at 127.0.0.1/38293] INFO  http.HttpServer2 (HttpServer2.java:bindListener(1250)) - Jetty bound to port 44071
2022-12-22 10:15:22,592 [Listener at 127.0.0.1/38293] INFO  server.Server (Server.java:doStart(375)) - jetty-9.4.49.v20220914; built: 2022-09-14T01:07:36.601Z; git: 4231a3b2e4cb8548a412a789936d640a97b1aa0a; jvm 1.8.0_352-b08
2022-12-22 10:15:22,593 [Listener at 127.0.0.1/38293] INFO  server.session (DefaultSessionIdManager.java:doStart(334)) - DefaultSessionIdManager workerName=node0
2022-12-22 10:15:22,594 [Listener at 127.0.0.1/38293] INFO  server.session (DefaultSessionIdManager.java:doStart(339)) - No SessionScavenger set, using defaults
2022-12-22 10:15:22,594 [Listener at 127.0.0.1/38293] INFO  server.session (HouseKeeper.java:startScavenging(132)) - node0 Scavenging every 660000ms
2022-12-22 10:15:22,594 [Listener at 127.0.0.1/38293] INFO  handler.ContextHandler (ContextHandler.java:doStart(921)) - Started o.e.j.s.ServletContextHandler@5a6fc67{logs,/logs,file:///home/runner/work/ozone/ozone/hadoop-ozone/integration-test/target/log,AVAILABLE}
2022-12-22 10:15:22,595 [Listener at 127.0.0.1/38293] INFO  handler.ContextHandler (ContextHandler.java:doStart(921)) - Started o.e.j.s.ServletContextHandler@768caa07{static,/static,jar:file:/home/runner/.m2/repository/org/apache/ozone/hdds-container-service/1.3.0-SNAPSHOT/hdds-container-service-1.3.0-SNAPSHOT.jar!/webapps/static,AVAILABLE}
2022-12-22 10:15:22,745 [omNode-3-server-thread1] INFO  server.RaftServer$Division (ServerState.java:setLeader(313)) - omNode-3@group-0AAC5367B30E: change Leader from null to omNode-1 at term 1 for appendEntries, leader elected after 791ms
2022-12-22 10:15:22,745 [omNode-3-server-thread1] INFO  server.RaftServer$Division (RaftServerImpl.java:checkInconsistentAppendEntries(1508)) - omNode-3@group-0AAC5367B30E: Failed appendEntries as previous log entry ((t:1, i:0)) is not found
2022-12-22 10:15:22,746 [omNode-3-server-thread1] INFO  server.RaftServer$Division (RaftServerImpl.java:checkInconsistentAppendEntries(1478)) - omNode-3@group-0AAC5367B30E: inconsistency entries. Reply:omNode-1<-omNode-3#535203:FAIL-t0,INCONSISTENCY,nextIndex=0,followerCommit=-1,matchIndex=-1
2022-12-22 10:15:22,749 [omNode-3-server-thread2] INFO  server.RaftServer$Division (ServerState.java:setRaftConf(430)) - omNode-3@group-0AAC5367B30E: set configuration 0: peers:[omNode-3|rpc:localhost:44341|admin:|client:|dataStream:|priority:0|startupRole:FOLLOWER, omNode-1|rpc:localhost:45775|admin:|client:|dataStream:|priority:0|startupRole:FOLLOWER, omNode-2|rpc:localhost:41683|admin:|client:|dataStream:|priority:0|startupRole:FOLLOWER]|listeners:[], old=null
2022-12-22 10:15:22,749 [omNode-3-server-thread2] INFO  segmented.SegmentedRaftLogWorker (SegmentedRaftLogWorker.java:startLogSegment(452)) - omNode-3@group-0AAC5367B30E-SegmentedRaftLogWorker: Starting segment from index:0
2022-12-22 10:15:22,758 [omNode-3@group-0AAC5367B30E-SegmentedRaftLogWorker] INFO  segmented.SegmentedRaftLogWorker (SegmentedRaftLogWorker.java:execute(656)) - omNode-3@group-0AAC5367B30E-SegmentedRaftLogWorker: created new log segment /home/runner/work/ozone/ozone/hadoop-ozone/integration-test/target/test-dir/MiniOzoneClusterImpl-73a15bac-dca4-4ec7-8fa0-07a649b4923c/omNode-3/ratis/0718e334-ffa1-36bc-8e9a-0aac5367b30e/current/log_inprogress_0
2022-12-22 10:15:22,758 [omNode-3@group-0AAC5367B30E-StateMachineUpdater] INFO  ratis.OzoneManagerStateMachine (OzoneManagerStateMachine.java:notifyConfigurationChanged(192)) - Received Configuration change notification from Ratis. New Peer list:
[id: "omNode-3"
address: "localhost:44341"
startupRole: FOLLOWER
, id: "omNode-1"
address: "localhost:45775"
startupRole: FOLLOWER
, id: "omNode-2"
address: "localhost:41683"
startupRole: FOLLOWER
]
2022-12-22 10:15:22,780 [Listener at 127.0.0.1/38293] INFO  handler.ContextHandler (ContextHandler.java:doStart(921)) - Started o.e.j.w.WebAppContext@59a39a97{hddsDatanode,/,file:///tmp/jetty-0_0_0_0-44071-hdds-container-service-1_3_0-SNAPSHOT_jar-_-any-3831036220928095356/webapp/,AVAILABLE}{jar:file:/home/runner/.m2/repository/org/apache/ozone/hdds-container-service/1.3.0-SNAPSHOT/hdds-container-service-1.3.0-SNAPSHOT.jar!/webapps/hddsDatanode}
2022-12-22 10:15:22,784 [Listener at 127.0.0.1/38293] INFO  server.AbstractConnector (AbstractConnector.java:doStart(333)) - Started ServerConnector@441c8349{HTTP/1.1, (http/1.1)}{0.0.0.0:44071}
2022-12-22 10:15:22,784 [Listener at 127.0.0.1/38293] INFO  server.Server (Server.java:doStart(415)) - Started @106516ms
2022-12-22 10:15:22,785 [Listener at 127.0.0.1/38293] WARN  impl.MetricsSystemImpl (MetricsSystemImpl.java:register(279)) - Sink prometheus already exists!
2022-12-22 10:15:22,791 [Listener at 127.0.0.1/38293] INFO  http.BaseHttpServer (BaseHttpServer.java:updateConnectorAddress(333)) - HTTP server of hddsDatanode listening at http://0.0.0.0:44071
2022-12-22 10:15:22,791 [Datanode State Machine Daemon Thread] INFO  statemachine.DatanodeStateMachine (DatanodeStateMachine.java:lambda$startDaemon$0(508)) - Ozone container server started.
2022-12-22 10:15:22,791 [Listener at 127.0.0.1/38293] WARN  impl.MetricRegistriesImpl (MetricRegistriesImpl.java:addReporterRegistration(111)) - New reporters are added after registries were created. Some metrics will be missing from the reporter. Please add reporter before adding any new registry.
2022-12-22 10:15:22,792 [Listener at 127.0.0.1/38293] WARN  impl.MetricRegistriesImpl (MetricRegistriesImpl.java:addReporterRegistration(111)) - New reporters are added after registries were created. Some metrics will be missing from the reporter. Please add reporter before adding any new registry.
2022-12-22 10:15:22,793 [Listener at 127.0.0.1/38293] INFO  impl.MetricsSystemImpl (MetricsSystemImpl.java:init(158)) - HddsDatanode metrics system started (again)
2022-12-22 10:15:22,803 [Listener at 127.0.0.1/38293] INFO  ozone.HddsDatanodeService (HddsDatanodeService.java:start(237)) - HddsDatanodeService host:fv-az345-686.jvbsasuktymudpoi5cueu5eohe.gx.internal.cloudapp.net ip:10.1.0.13
2022-12-22 10:15:22,806 [org.apache.hadoop.util.JvmPauseMonitor$Monitor@5a69973f] INFO  util.JvmPauseMonitor (JvmPauseMonitor.java:run(188)) - Starting JVM pause monitor
2022-12-22 10:15:22,806 [Datanode State Machine Task Thread - 0] INFO  ha.SCMNodeInfo (SCMNodeInfo.java:getPort(197)) - ConfigKey ozone.scm.client.address is deprecated, For configuring different ports for each SCM use PortConfigKey ozone.scm.client.port appended with serviceId and nodeId
2022-12-22 10:15:22,806 [Datanode State Machine Task Thread - 0] INFO  ha.SCMNodeInfo (SCMNodeInfo.java:getPort(197)) - ConfigKey ozone.scm.block.client.address is deprecated, For configuring different ports for each SCM use PortConfigKey ozone.scm.block.client.port appended with serviceId and nodeId
2022-12-22 10:15:22,806 [Datanode State Machine Task Thread - 0] INFO  ha.SCMNodeInfo (SCMNodeInfo.java:getPort(197)) - ConfigKey ozone.scm.datanode.address is deprecated, For configuring different ports for each SCM use PortConfigKey ozone.scm.datanode.port appended with serviceId and nodeId
2022-12-22 10:15:22,810 [Datanode State Machine Task Thread - 0] INFO  datanode.InitDatanodeState (InitDatanodeState.java:persistContainerDatanodeDetails(138)) - DatanodeDetails is persisted to /home/runner/work/ozone/ozone/hadoop-ozone/integration-test/target/test-dir/MiniOzoneClusterImpl-73a15bac-dca4-4ec7-8fa0-07a649b4923c/datanode-0/meta/datanode.id
2022-12-22 10:15:22,818 [Listener at 127.0.0.1/38293] INFO  upgrade.AbstractLayoutVersionManager (AbstractLayoutVersionManager.java:init(83)) - Initializing Layout version manager with metadata layout = DATANODE_SCHEMA_V3 (version = 4), software layout = DATANODE_SCHEMA_V3 (version = 4)
2022-12-22 10:15:22,860 [Listener at 127.0.0.1/38293] INFO  reflections.Reflections (Reflections.java:scan(232)) - Reflections took 41 ms to scan 7 urls, producing 146 keys and 348 values 
2022-12-22 10:15:22,861 [Listener at 127.0.0.1/38293] INFO  ha.SCMNodeInfo (SCMNodeInfo.java:getPort(197)) - ConfigKey ozone.scm.client.address is deprecated, For configuring different ports for each SCM use PortConfigKey ozone.scm.client.port appended with serviceId and nodeId
2022-12-22 10:15:22,861 [Listener at 127.0.0.1/38293] INFO  ha.SCMNodeInfo (SCMNodeInfo.java:getPort(197)) - ConfigKey ozone.scm.block.client.address is deprecated, For configuring different ports for each SCM use PortConfigKey ozone.scm.block.client.port appended with serviceId and nodeId
2022-12-22 10:15:22,861 [Listener at 127.0.0.1/38293] INFO  ha.SCMNodeInfo (SCMNodeInfo.java:getPort(197)) - ConfigKey ozone.scm.datanode.address is deprecated, For configuring different ports for each SCM use PortConfigKey ozone.scm.datanode.port appended with serviceId and nodeId
2022-12-22 10:15:22,861 [Listener at 127.0.0.1/38293] INFO  statemachine.DatanodeStateMachine (DatanodeStateMachine.java:getEndPointTaskThreadPoolSize(248)) - Datanode State Machine Task Thread Pool size 2
2022-12-22 10:15:22,863 [Listener at 127.0.0.1/38293] INFO  volume.HddsVolume (HddsVolume.java:<init>(117)) - Creating HddsVolume: /home/runner/work/ozone/ozone/hadoop-ozone/integration-test/target/test-dir/MiniOzoneClusterImpl-73a15bac-dca4-4ec7-8fa0-07a649b4923c/datanode-1/data-0/containers/hdds of storage type : DISK capacity : 9223372036854775807
2022-12-22 10:15:22,863 [Listener at 127.0.0.1/38293] INFO  volume.MutableVolumeSet (MutableVolumeSet.java:initializeVolumeSet(174)) - Added Volume : /home/runner/work/ozone/ozone/hadoop-ozone/integration-test/target/test-dir/MiniOzoneClusterImpl-73a15bac-dca4-4ec7-8fa0-07a649b4923c/datanode-1/data-0/containers/hdds to VolumeSet
2022-12-22 10:15:22,863 [Listener at 127.0.0.1/38293] INFO  volume.ThrottledAsyncChecker (ThrottledAsyncChecker.java:schedule(141)) - Scheduling a check for /home/runner/work/ozone/ozone/hadoop-ozone/integration-test/target/test-dir/MiniOzoneClusterImpl-73a15bac-dca4-4ec7-8fa0-07a649b4923c/datanode-1/data-0/containers/hdds
2022-12-22 10:15:22,863 [Listener at 127.0.0.1/38293] INFO  volume.StorageVolumeChecker (StorageVolumeChecker.java:checkAllVolumes(202)) - Scheduled health check for volume /home/runner/work/ozone/ozone/hadoop-ozone/integration-test/target/test-dir/MiniOzoneClusterImpl-73a15bac-dca4-4ec7-8fa0-07a649b4923c/datanode-1/data-0/containers/hdds
2022-12-22 10:15:22,875 [Listener at 127.0.0.1/38293] INFO  volume.MutableVolumeSet (MutableVolumeSet.java:initializeVolumeSet(174)) - Added Volume : /home/runner/work/ozone/ozone/hadoop-ozone/integration-test/target/test-dir/MiniOzoneClusterImpl-73a15bac-dca4-4ec7-8fa0-07a649b4923c/datanode-1/data/ratis to VolumeSet
2022-12-22 10:15:22,876 [Listener at 127.0.0.1/38293] INFO  volume.ThrottledAsyncChecker (ThrottledAsyncChecker.java:schedule(141)) - Scheduling a check for /home/runner/work/ozone/ozone/hadoop-ozone/integration-test/target/test-dir/MiniOzoneClusterImpl-73a15bac-dca4-4ec7-8fa0-07a649b4923c/datanode-1/data/ratis
2022-12-22 10:15:22,876 [Listener at 127.0.0.1/38293] INFO  volume.StorageVolumeChecker (StorageVolumeChecker.java:checkAllVolumes(202)) - Scheduled health check for volume /home/runner/work/ozone/ozone/hadoop-ozone/integration-test/target/test-dir/MiniOzoneClusterImpl-73a15bac-dca4-4ec7-8fa0-07a649b4923c/datanode-1/data/ratis
2022-12-22 10:15:22,889 [Thread-1928] INFO  ozoneimpl.ContainerReader (ContainerReader.java:readVolume(175)) - Finish verifying containers on volume /home/runner/work/ozone/ozone/hadoop-ozone/integration-test/target/test-dir/MiniOzoneClusterImpl-73a15bac-dca4-4ec7-8fa0-07a649b4923c/datanode-1/data-0/containers/hdds
2022-12-22 10:15:22,889 [Listener at 127.0.0.1/38293] INFO  ozoneimpl.OzoneContainer (OzoneContainer.java:buildContainerSet(301)) - Build ContainerSet costs 0s
2022-12-22 10:15:22,891 [Listener at 127.0.0.1/38293] INFO  server.RaftServer (ConfUtils.java:logGet(46)) - raft.rpc.type = GRPC (default)
2022-12-22 10:15:22,891 [Listener at 127.0.0.1/38293] INFO  grpc.GrpcConfigKeys (ConfUtils.java:logFallback(53)) - raft.grpc.admin.host = null (fallback to raft.grpc.server.host)
2022-12-22 10:15:22,891 [Listener at 127.0.0.1/38293] INFO  grpc.GrpcConfigKeys (ConfUtils.java:logGet(46)) - raft.grpc.admin.port = 0 (custom)
2022-12-22 10:15:22,891 [Listener at 127.0.0.1/38293] INFO  grpc.GrpcConfigKeys (ConfUtils.java:logFallback(53)) - raft.grpc.client.host = null (fallback to raft.grpc.server.host)
2022-12-22 10:15:22,891 [Listener at 127.0.0.1/38293] INFO  grpc.GrpcConfigKeys (ConfUtils.java:logGet(46)) - raft.grpc.client.port = 0 (custom)
2022-12-22 10:15:22,891 [Listener at 127.0.0.1/38293] INFO  grpc.GrpcConfigKeys (ConfUtils.java:logGet(46)) - raft.grpc.server.host = null (default)
2022-12-22 10:15:22,892 [Listener at 127.0.0.1/38293] INFO  grpc.GrpcConfigKeys (ConfUtils.java:logGet(46)) - raft.grpc.server.port = 0 (default)
2022-12-22 10:15:22,892 [Listener at 127.0.0.1/38293] INFO  server.GrpcService (ConfUtils.java:logGet(46)) - raft.grpc.message.size.max = 32MB (=33554432) (custom)
2022-12-22 10:15:22,892 [Listener at 127.0.0.1/38293] INFO  server.RaftServerConfigKeys (ConfUtils.java:logGet(46)) - raft.server.log.appender.buffer.byte-limit = 33554432 (custom)
2022-12-22 10:15:22,892 [Listener at 127.0.0.1/38293] INFO  server.GrpcService (ConfUtils.java:logGet(46)) - raft.grpc.flow.control.window = 5MB (=5242880) (custom)
2022-12-22 10:15:22,892 [Listener at 127.0.0.1/38293] INFO  server.RaftServerConfigKeys (ConfUtils.java:logGet(46)) - raft.server.rpc.request.timeout = 60s (custom)
2022-12-22 10:15:22,892 [Listener at 127.0.0.1/38293] INFO  grpc.GrpcConfigKeys (ConfUtils.java:logGet(46)) - raft.grpc.server.heartbeat.channel = true (default)
2022-12-22 10:15:22,892 [Listener at 127.0.0.1/38293] INFO  grpc.GrpcConfigKeys (ConfUtils.java:logGet(46)) - raft.grpc.server.async.request.thread.pool.cached = true (default)
2022-12-22 10:15:22,892 [Listener at 127.0.0.1/38293] INFO  grpc.GrpcConfigKeys (ConfUtils.java:logGet(46)) - raft.grpc.server.async.request.thread.pool.size = 32 (default)
2022-12-22 10:15:22,893 [Listener at 127.0.0.1/38293] INFO  impl.DataStreamServerImpl (ConfUtils.java:logGet(46)) - raft.datastream.type = NETTY (custom)
2022-12-22 10:15:22,893 [Listener at 127.0.0.1/38293] INFO  server.RaftServerConfigKeys (ConfUtils.java:logGet(46)) - raft.server.data-stream.async.request.thread.pool.cached = false (default)
2022-12-22 10:15:22,893 [Listener at 127.0.0.1/38293] INFO  server.RaftServerConfigKeys (ConfUtils.java:logGet(46)) - raft.server.data-stream.async.request.thread.pool.size = 20 (custom)
2022-12-22 10:15:22,894 [Listener at 127.0.0.1/38293] INFO  server.RaftServerConfigKeys (ConfUtils.java:logGet(46)) - raft.server.data-stream.async.write.thread.pool.size = 16 (default)
2022-12-22 10:15:22,894 [Listener at 127.0.0.1/38293] INFO  server.RaftServerConfigKeys (ConfUtils.java:logGet(46)) - raft.server.data-stream.client.pool.size = 10 (default)
2022-12-22 10:15:22,894 [Listener at 127.0.0.1/38293] INFO  netty.NettyConfigKeys$DataStream (ConfUtils.java:logGet(46)) - raft.netty.dataStream.server.use-epoll = false (default)
2022-12-22 10:15:22,894 [Listener at 127.0.0.1/38293] INFO  netty.NettyConfigKeys$DataStream (ConfUtils.java:logGet(46)) - raft.netty.dataStream.server.boss-group.size = 0 (default)
2022-12-22 10:15:22,894 [Listener at 127.0.0.1/38293] INFO  netty.NettyConfigKeys$DataStream (ConfUtils.java:logGet(46)) - raft.netty.dataStream.server.worker-group.size = 0 (default)
2022-12-22 10:15:22,894 [Listener at 127.0.0.1/38293] INFO  netty.NettyConfigKeys$DataStream (ConfUtils.java:logGet(46)) - raft.netty.dataStream.server.tls.conf = null (default)
2022-12-22 10:15:22,895 [Listener at 127.0.0.1/38293] INFO  netty.NettyConfigKeys$DataStream (ConfUtils.java:logGet(46)) - raft.netty.dataStream.host = null (default)
2022-12-22 10:15:22,895 [Listener at 127.0.0.1/38293] INFO  netty.NettyConfigKeys$DataStream (ConfUtils.java:logGet(46)) - raft.netty.dataStream.port = 0 (default)
2022-12-22 10:15:22,895 [Listener at 127.0.0.1/38293] INFO  server.RaftServerConfigKeys (ConfUtils.java:logGet(46)) - raft.server.threadpool.proxy.cached = true (default)
2022-12-22 10:15:22,895 [Listener at 127.0.0.1/38293] INFO  server.RaftServerConfigKeys (ConfUtils.java:logGet(46)) - raft.server.threadpool.proxy.size = 0 (default)
2022-12-22 10:15:22,895 [Listener at 127.0.0.1/38293] INFO  server.RaftServerConfigKeys (ConfUtils.java:logGet(46)) - raft.server.rpc.slowness.timeout = 300s (custom)
2022-12-22 10:15:22,895 [Listener at 127.0.0.1/38293] INFO  server.RaftServerConfigKeys (ConfUtils.java:logGet(46)) - raft.server.leaderelection.leader.step-down.wait-time = 10s (default)
2022-12-22 10:15:22,895 [fef2fc50-c333-4590-b2a0-f31f883c87cf-NettyServerStreamRpc-bossGroup--thread1] INFO  logging.LoggingHandler (AbstractInternalLogger.java:log(148)) - [id: 0x12467701] REGISTERED
2022-12-22 10:15:22,895 [Listener at 127.0.0.1/38293] INFO  server.RaftServerConfigKeys (ConfUtils.java:logGet(46)) - raft.server.storage.dir = [/home/runner/work/ozone/ozone/hadoop-ozone/integration-test/target/test-dir/MiniOzoneClusterImpl-73a15bac-dca4-4ec7-8fa0-07a649b4923c/datanode-1/data/ratis] (custom)
2022-12-22 10:15:22,896 [fef2fc50-c333-4590-b2a0-f31f883c87cf-NettyServerStreamRpc-bossGroup--thread1] INFO  logging.LoggingHandler (AbstractInternalLogger.java:log(148)) - [id: 0x12467701] BIND: 0.0.0.0/0.0.0.0:0
2022-12-22 10:15:22,896 [fef2fc50-c333-4590-b2a0-f31f883c87cf-NettyServerStreamRpc-bossGroup--thread1] INFO  logging.LoggingHandler (AbstractInternalLogger.java:log(148)) - [id: 0x12467701, L:/0:0:0:0:0:0:0:0:44127] ACTIVE
2022-12-22 10:15:22,897 [Listener at 127.0.0.1/38293] INFO  server.XceiverServerGrpc (XceiverServerGrpc.java:<init>(132)) - GrpcServer channel type EpollServerSocketChannel
2022-12-22 10:15:22,899 [Listener at 127.0.0.1/38293] INFO  http.BaseHttpServer (BaseHttpServer.java:newHttpServer2BuilderForOzone(213)) - Starting Web-server for hddsDatanode at: http://0.0.0.0:0
2022-12-22 10:15:22,899 [Listener at 127.0.0.1/38293] INFO  http.BaseHttpServer (BaseHttpServer.java:<init>(108)) - Hadoop Security Enabled: false Ozone Security Enabled: false Ozone HTTP Security Enabled: false 
2022-12-22 10:15:22,902 [Listener at 127.0.0.1/38293] WARN  server.AuthenticationFilter (AuthenticationFilter.java:constructSecretProvider(240)) - Unable to initialize FileSignerSecretProvider, falling back to use random secrets. Reason: Could not read signature secret file: /home/runner/hadoop-http-auth-signature-secret
2022-12-22 10:15:22,902 [Listener at 127.0.0.1/38293] WARN  http.HttpRequestLog (HttpRequestLog.java:getRequestLog(103)) - Jetty request log can only be enabled using Log4j
2022-12-22 10:15:22,904 [Listener at 127.0.0.1/38293] INFO  http.HttpServer2 (HttpServer2.java:addGlobalFilter(1031)) - Added global filter 'safety' (class=org.apache.hadoop.hdds.server.http.HttpServer2$QuotingInputFilter)
2022-12-22 10:15:22,904 [Listener at 127.0.0.1/38293] INFO  http.HttpServer2 (HttpServer2.java:addFilter(1007)) - Added filter static_user_filter (class=org.apache.hadoop.http.lib.StaticUserWebFilter$StaticUserFilter) to context hddsDatanode
2022-12-22 10:15:22,904 [Listener at 127.0.0.1/38293] INFO  http.HttpServer2 (HttpServer2.java:addFilter(1015)) - Added filter static_user_filter (class=org.apache.hadoop.http.lib.StaticUserWebFilter$StaticUserFilter) to context static
2022-12-22 10:15:22,904 [Listener at 127.0.0.1/38293] INFO  http.HttpServer2 (HttpServer2.java:addFilter(1015)) - Added filter static_user_filter (class=org.apache.hadoop.http.lib.StaticUserWebFilter$StaticUserFilter) to context logs
2022-12-22 10:15:22,905 [Listener at 127.0.0.1/38293] INFO  http.HttpServer2 (HttpServer2.java:bindListener(1250)) - Jetty bound to port 33209
2022-12-22 10:15:22,905 [Listener at 127.0.0.1/38293] INFO  server.Server (Server.java:doStart(375)) - jetty-9.4.49.v20220914; built: 2022-09-14T01:07:36.601Z; git: 4231a3b2e4cb8548a412a789936d640a97b1aa0a; jvm 1.8.0_352-b08
2022-12-22 10:15:22,906 [Listener at 127.0.0.1/38293] INFO  server.session (DefaultSessionIdManager.java:doStart(334)) - DefaultSessionIdManager workerName=node0
2022-12-22 10:15:22,906 [Listener at 127.0.0.1/38293] INFO  server.session (DefaultSessionIdManager.java:doStart(339)) - No SessionScavenger set, using defaults
2022-12-22 10:15:22,910 [Listener at 127.0.0.1/38293] INFO  server.session (HouseKeeper.java:startScavenging(132)) - node0 Scavenging every 660000ms
2022-12-22 10:15:22,911 [Listener at 127.0.0.1/38293] INFO  handler.ContextHandler (ContextHandler.java:doStart(921)) - Started o.e.j.s.ServletContextHandler@618f21e1{logs,/logs,file:///home/runner/work/ozone/ozone/hadoop-ozone/integration-test/target/log,AVAILABLE}
2022-12-22 10:15:22,912 [Listener at 127.0.0.1/38293] INFO  handler.ContextHandler (ContextHandler.java:doStart(921)) - Started o.e.j.s.ServletContextHandler@3832df94{static,/static,jar:file:/home/runner/.m2/repository/org/apache/ozone/hdds-container-service/1.3.0-SNAPSHOT/hdds-container-service-1.3.0-SNAPSHOT.jar!/webapps/static,AVAILABLE}
2022-12-22 10:15:23,024 [EndpointStateMachine task thread for /127.0.0.1:43945 - 0 ] INFO  ipc.Client (Client.java:handleConnectionFailure(1010)) - Retrying connect to server: localhost/127.0.0.1:43945. Already tried 5 time(s); retry policy is RetryUpToMaximumCountWithFixedSleep(maxRetries=15, sleepTime=1000 MILLISECONDS)
2022-12-22 10:15:23,024 [EndpointStateMachine task thread for /127.0.0.1:42129 - 0 ] INFO  ipc.Client (Client.java:handleConnectionFailure(1010)) - Retrying connect to server: localhost/127.0.0.1:42129. Already tried 11 time(s); retry policy is RetryUpToMaximumCountWithFixedSleep(maxRetries=15, sleepTime=1000 MILLISECONDS)
2022-12-22 10:15:23,087 [Listener at 127.0.0.1/38293] INFO  handler.ContextHandler (ContextHandler.java:doStart(921)) - Started o.e.j.w.WebAppContext@4738e96a{hddsDatanode,/,file:///tmp/jetty-0_0_0_0-33209-hdds-container-service-1_3_0-SNAPSHOT_jar-_-any-3988659501237611175/webapp/,AVAILABLE}{jar:file:/home/runner/.m2/repository/org/apache/ozone/hdds-container-service/1.3.0-SNAPSHOT/hdds-container-service-1.3.0-SNAPSHOT.jar!/webapps/hddsDatanode}
2022-12-22 10:15:23,090 [Listener at 127.0.0.1/38293] INFO  server.AbstractConnector (AbstractConnector.java:doStart(333)) - Started ServerConnector@520fee6{HTTP/1.1, (http/1.1)}{0.0.0.0:33209}
2022-12-22 10:15:23,090 [Listener at 127.0.0.1/38293] INFO  server.Server (Server.java:doStart(415)) - Started @106822ms
2022-12-22 10:15:23,090 [Listener at 127.0.0.1/38293] WARN  impl.MetricsSystemImpl (MetricsSystemImpl.java:register(279)) - Sink prometheus already exists!
2022-12-22 10:15:23,091 [Listener at 127.0.0.1/38293] INFO  http.BaseHttpServer (BaseHttpServer.java:updateConnectorAddress(333)) - HTTP server of hddsDatanode listening at http://0.0.0.0:33209
2022-12-22 10:15:23,094 [Datanode State Machine Daemon Thread] INFO  statemachine.DatanodeStateMachine (DatanodeStateMachine.java:lambda$startDaemon$0(508)) - Ozone container server started.
2022-12-22 10:15:23,094 [Listener at 127.0.0.1/38293] WARN  impl.MetricRegistriesImpl (MetricRegistriesImpl.java:addReporterRegistration(111)) - New reporters are added after registries were created. Some metrics will be missing from the reporter. Please add reporter before adding any new registry.
2022-12-22 10:15:23,095 [Listener at 127.0.0.1/38293] WARN  impl.MetricRegistriesImpl (MetricRegistriesImpl.java:addReporterRegistration(111)) - New reporters are added after registries were created. Some metrics will be missing from the reporter. Please add reporter before adding any new registry.
2022-12-22 10:15:23,095 [Listener at 127.0.0.1/38293] INFO  impl.MetricsSystemImpl (MetricsSystemImpl.java:init(158)) - HddsDatanode metrics system started (again)
2022-12-22 10:15:23,104 [org.apache.hadoop.util.JvmPauseMonitor$Monitor@3ab351ae] INFO  util.JvmPauseMonitor (JvmPauseMonitor.java:run(188)) - Starting JVM pause monitor
2022-12-22 10:15:23,104 [Datanode State Machine Task Thread - 0] INFO  ha.SCMNodeInfo (SCMNodeInfo.java:getPort(197)) - ConfigKey ozone.scm.client.address is deprecated, For configuring different ports for each SCM use PortConfigKey ozone.scm.client.port appended with serviceId and nodeId
2022-12-22 10:15:23,104 [Datanode State Machine Task Thread - 0] INFO  ha.SCMNodeInfo (SCMNodeInfo.java:getPort(197)) - ConfigKey ozone.scm.block.client.address is deprecated, For configuring different ports for each SCM use PortConfigKey ozone.scm.block.client.port appended with serviceId and nodeId
2022-12-22 10:15:23,104 [Datanode State Machine Task Thread - 0] INFO  ha.SCMNodeInfo (SCMNodeInfo.java:getPort(197)) - ConfigKey ozone.scm.datanode.address is deprecated, For configuring different ports for each SCM use PortConfigKey ozone.scm.datanode.port appended with serviceId and nodeId
2022-12-22 10:15:23,107 [Listener at 127.0.0.1/38293] INFO  ozone.HddsDatanodeService (HddsDatanodeService.java:start(237)) - HddsDatanodeService host:fv-az345-686.jvbsasuktymudpoi5cueu5eohe.gx.internal.cloudapp.net ip:10.1.0.13
2022-12-22 10:15:23,109 [Datanode State Machine Task Thread - 0] INFO  datanode.InitDatanodeState (InitDatanodeState.java:persistContainerDatanodeDetails(138)) - DatanodeDetails is persisted to /home/runner/work/ozone/ozone/hadoop-ozone/integration-test/target/test-dir/MiniOzoneClusterImpl-73a15bac-dca4-4ec7-8fa0-07a649b4923c/datanode-1/meta/datanode.id
2022-12-22 10:15:23,122 [Listener at 127.0.0.1/38293] INFO  upgrade.AbstractLayoutVersionManager (AbstractLayoutVersionManager.java:init(83)) - Initializing Layout version manager with metadata layout = DATANODE_SCHEMA_V3 (version = 4), software layout = DATANODE_SCHEMA_V3 (version = 4)
2022-12-22 10:15:23,163 [Listener at 127.0.0.1/38293] INFO  reflections.Reflections (Reflections.java:scan(232)) - Reflections took 40 ms to scan 7 urls, producing 146 keys and 348 values 
2022-12-22 10:15:23,164 [Listener at 127.0.0.1/38293] INFO  ha.SCMNodeInfo (SCMNodeInfo.java:getPort(197)) - ConfigKey ozone.scm.client.address is deprecated, For configuring different ports for each SCM use PortConfigKey ozone.scm.client.port appended with serviceId and nodeId
2022-12-22 10:15:23,164 [Listener at 127.0.0.1/38293] INFO  ha.SCMNodeInfo (SCMNodeInfo.java:getPort(197)) - ConfigKey ozone.scm.block.client.address is deprecated, For configuring different ports for each SCM use PortConfigKey ozone.scm.block.client.port appended with serviceId and nodeId
2022-12-22 10:15:23,165 [Listener at 127.0.0.1/38293] INFO  ha.SCMNodeInfo (SCMNodeInfo.java:getPort(197)) - ConfigKey ozone.scm.datanode.address is deprecated, For configuring different ports for each SCM use PortConfigKey ozone.scm.datanode.port appended with serviceId and nodeId
2022-12-22 10:15:23,165 [Listener at 127.0.0.1/38293] INFO  statemachine.DatanodeStateMachine (DatanodeStateMachine.java:getEndPointTaskThreadPoolSize(248)) - Datanode State Machine Task Thread Pool size 2
2022-12-22 10:15:23,167 [Listener at 127.0.0.1/38293] INFO  volume.HddsVolume (HddsVolume.java:<init>(117)) - Creating HddsVolume: /home/runner/work/ozone/ozone/hadoop-ozone/integration-test/target/test-dir/MiniOzoneClusterImpl-73a15bac-dca4-4ec7-8fa0-07a649b4923c/datanode-2/data-0/containers/hdds of storage type : DISK capacity : 9223372036854775807
2022-12-22 10:15:23,167 [Listener at 127.0.0.1/38293] INFO  volume.MutableVolumeSet (MutableVolumeSet.java:initializeVolumeSet(174)) - Added Volume : /home/runner/work/ozone/ozone/hadoop-ozone/integration-test/target/test-dir/MiniOzoneClusterImpl-73a15bac-dca4-4ec7-8fa0-07a649b4923c/datanode-2/data-0/containers/hdds to VolumeSet
2022-12-22 10:15:23,167 [Listener at 127.0.0.1/38293] INFO  volume.ThrottledAsyncChecker (ThrottledAsyncChecker.java:schedule(141)) - Scheduling a check for /home/runner/work/ozone/ozone/hadoop-ozone/integration-test/target/test-dir/MiniOzoneClusterImpl-73a15bac-dca4-4ec7-8fa0-07a649b4923c/datanode-2/data-0/containers/hdds
2022-12-22 10:15:23,168 [Listener at 127.0.0.1/38293] INFO  volume.StorageVolumeChecker (StorageVolumeChecker.java:checkAllVolumes(202)) - Scheduled health check for volume /home/runner/work/ozone/ozone/hadoop-ozone/integration-test/target/test-dir/MiniOzoneClusterImpl-73a15bac-dca4-4ec7-8fa0-07a649b4923c/datanode-2/data-0/containers/hdds
2022-12-22 10:15:23,178 [Listener at 127.0.0.1/38293] INFO  volume.MutableVolumeSet (MutableVolumeSet.java:initializeVolumeSet(174)) - Added Volume : /home/runner/work/ozone/ozone/hadoop-ozone/integration-test/target/test-dir/MiniOzoneClusterImpl-73a15bac-dca4-4ec7-8fa0-07a649b4923c/datanode-2/data/ratis to VolumeSet
2022-12-22 10:15:23,178 [Listener at 127.0.0.1/38293] INFO  volume.ThrottledAsyncChecker (ThrottledAsyncChecker.java:schedule(141)) - Scheduling a check for /home/runner/work/ozone/ozone/hadoop-ozone/integration-test/target/test-dir/MiniOzoneClusterImpl-73a15bac-dca4-4ec7-8fa0-07a649b4923c/datanode-2/data/ratis
2022-12-22 10:15:23,179 [Listener at 127.0.0.1/38293] INFO  volume.StorageVolumeChecker (StorageVolumeChecker.java:checkAllVolumes(202)) - Scheduled health check for volume /home/runner/work/ozone/ozone/hadoop-ozone/integration-test/target/test-dir/MiniOzoneClusterImpl-73a15bac-dca4-4ec7-8fa0-07a649b4923c/datanode-2/data/ratis
2022-12-22 10:15:23,189 [Thread-1942] INFO  ozoneimpl.ContainerReader (ContainerReader.java:readVolume(175)) - Finish verifying containers on volume /home/runner/work/ozone/ozone/hadoop-ozone/integration-test/target/test-dir/MiniOzoneClusterImpl-73a15bac-dca4-4ec7-8fa0-07a649b4923c/datanode-2/data-0/containers/hdds
2022-12-22 10:15:23,189 [Listener at 127.0.0.1/38293] INFO  ozoneimpl.OzoneContainer (OzoneContainer.java:buildContainerSet(301)) - Build ContainerSet costs 0s
2022-12-22 10:15:23,191 [Listener at 127.0.0.1/38293] INFO  server.RaftServer (ConfUtils.java:logGet(46)) - raft.rpc.type = GRPC (default)
2022-12-22 10:15:23,191 [Listener at 127.0.0.1/38293] INFO  grpc.GrpcConfigKeys (ConfUtils.java:logFallback(53)) - raft.grpc.admin.host = null (fallback to raft.grpc.server.host)
2022-12-22 10:15:23,191 [Listener at 127.0.0.1/38293] INFO  grpc.GrpcConfigKeys (ConfUtils.java:logGet(46)) - raft.grpc.admin.port = 0 (custom)
2022-12-22 10:15:23,191 [Listener at 127.0.0.1/38293] INFO  grpc.GrpcConfigKeys (ConfUtils.java:logFallback(53)) - raft.grpc.client.host = null (fallback to raft.grpc.server.host)
2022-12-22 10:15:23,191 [Listener at 127.0.0.1/38293] INFO  grpc.GrpcConfigKeys (ConfUtils.java:logGet(46)) - raft.grpc.client.port = 0 (custom)
2022-12-22 10:15:23,192 [Listener at 127.0.0.1/38293] INFO  grpc.GrpcConfigKeys (ConfUtils.java:logGet(46)) - raft.grpc.server.host = null (default)
2022-12-22 10:15:23,192 [Listener at 127.0.0.1/38293] INFO  grpc.GrpcConfigKeys (ConfUtils.java:logGet(46)) - raft.grpc.server.port = 0 (default)
2022-12-22 10:15:23,192 [Listener at 127.0.0.1/38293] INFO  server.GrpcService (ConfUtils.java:logGet(46)) - raft.grpc.message.size.max = 32MB (=33554432) (custom)
2022-12-22 10:15:23,192 [Listener at 127.0.0.1/38293] INFO  server.RaftServerConfigKeys (ConfUtils.java:logGet(46)) - raft.server.log.appender.buffer.byte-limit = 33554432 (custom)
2022-12-22 10:15:23,192 [Listener at 127.0.0.1/38293] INFO  server.GrpcService (ConfUtils.java:logGet(46)) - raft.grpc.flow.control.window = 5MB (=5242880) (custom)
2022-12-22 10:15:23,192 [Listener at 127.0.0.1/38293] INFO  server.RaftServerConfigKeys (ConfUtils.java:logGet(46)) - raft.server.rpc.request.timeout = 60s (custom)
2022-12-22 10:15:23,192 [Listener at 127.0.0.1/38293] INFO  grpc.GrpcConfigKeys (ConfUtils.java:logGet(46)) - raft.grpc.server.heartbeat.channel = true (default)
2022-12-22 10:15:23,192 [Listener at 127.0.0.1/38293] INFO  grpc.GrpcConfigKeys (ConfUtils.java:logGet(46)) - raft.grpc.server.async.request.thread.pool.cached = true (default)
2022-12-22 10:15:23,192 [Listener at 127.0.0.1/38293] INFO  grpc.GrpcConfigKeys (ConfUtils.java:logGet(46)) - raft.grpc.server.async.request.thread.pool.size = 32 (default)
2022-12-22 10:15:23,194 [Listener at 127.0.0.1/38293] INFO  impl.DataStreamServerImpl (ConfUtils.java:logGet(46)) - raft.datastream.type = NETTY (custom)
2022-12-22 10:15:23,194 [Listener at 127.0.0.1/38293] INFO  server.RaftServerConfigKeys (ConfUtils.java:logGet(46)) - raft.server.data-stream.async.request.thread.pool.cached = false (default)
2022-12-22 10:15:23,194 [Listener at 127.0.0.1/38293] INFO  server.RaftServerConfigKeys (ConfUtils.java:logGet(46)) - raft.server.data-stream.async.request.thread.pool.size = 20 (custom)
2022-12-22 10:15:23,194 [Listener at 127.0.0.1/38293] INFO  server.RaftServerConfigKeys (ConfUtils.java:logGet(46)) - raft.server.data-stream.async.write.thread.pool.size = 16 (default)
2022-12-22 10:15:23,194 [Listener at 127.0.0.1/38293] INFO  server.RaftServerConfigKeys (ConfUtils.java:logGet(46)) - raft.server.data-stream.client.pool.size = 10 (default)
2022-12-22 10:15:23,195 [Listener at 127.0.0.1/38293] INFO  netty.NettyConfigKeys$DataStream (ConfUtils.java:logGet(46)) - raft.netty.dataStream.server.use-epoll = false (default)
2022-12-22 10:15:23,195 [Listener at 127.0.0.1/38293] INFO  netty.NettyConfigKeys$DataStream (ConfUtils.java:logGet(46)) - raft.netty.dataStream.server.boss-group.size = 0 (default)
2022-12-22 10:15:23,195 [Listener at 127.0.0.1/38293] INFO  netty.NettyConfigKeys$DataStream (ConfUtils.java:logGet(46)) - raft.netty.dataStream.server.worker-group.size = 0 (default)
2022-12-22 10:15:23,196 [Listener at 127.0.0.1/38293] INFO  netty.NettyConfigKeys$DataStream (ConfUtils.java:logGet(46)) - raft.netty.dataStream.server.tls.conf = null (default)
2022-12-22 10:15:23,196 [Listener at 127.0.0.1/38293] INFO  netty.NettyConfigKeys$DataStream (ConfUtils.java:logGet(46)) - raft.netty.dataStream.host = null (default)
2022-12-22 10:15:23,196 [Listener at 127.0.0.1/38293] INFO  netty.NettyConfigKeys$DataStream (ConfUtils.java:logGet(46)) - raft.netty.dataStream.port = 0 (default)
2022-12-22 10:15:23,197 [Listener at 127.0.0.1/38293] INFO  server.RaftServerConfigKeys (ConfUtils.java:logGet(46)) - raft.server.threadpool.proxy.cached = true (default)
2022-12-22 10:15:23,197 [Listener at 127.0.0.1/38293] INFO  server.RaftServerConfigKeys (ConfUtils.java:logGet(46)) - raft.server.threadpool.proxy.size = 0 (default)
2022-12-22 10:15:23,197 [Listener at 127.0.0.1/38293] INFO  server.RaftServerConfigKeys (ConfUtils.java:logGet(46)) - raft.server.rpc.slowness.timeout = 300s (custom)
2022-12-22 10:15:23,197 [Listener at 127.0.0.1/38293] INFO  server.RaftServerConfigKeys (ConfUtils.java:logGet(46)) - raft.server.leaderelection.leader.step-down.wait-time = 10s (default)
2022-12-22 10:15:23,197 [Listener at 127.0.0.1/38293] INFO  server.RaftServerConfigKeys (ConfUtils.java:logGet(46)) - raft.server.storage.dir = [/home/runner/work/ozone/ozone/hadoop-ozone/integration-test/target/test-dir/MiniOzoneClusterImpl-73a15bac-dca4-4ec7-8fa0-07a649b4923c/datanode-2/data/ratis] (custom)
2022-12-22 10:15:23,198 [2749ac5f-27b9-44fd-ba97-bc431af24c01-NettyServerStreamRpc-bossGroup--thread1] INFO  logging.LoggingHandler (AbstractInternalLogger.java:log(148)) - [id: 0xeca01b86] REGISTERED
2022-12-22 10:15:23,198 [2749ac5f-27b9-44fd-ba97-bc431af24c01-NettyServerStreamRpc-bossGroup--thread1] INFO  logging.LoggingHandler (AbstractInternalLogger.java:log(148)) - [id: 0xeca01b86] BIND: 0.0.0.0/0.0.0.0:0
2022-12-22 10:15:23,198 [2749ac5f-27b9-44fd-ba97-bc431af24c01-NettyServerStreamRpc-bossGroup--thread1] INFO  logging.LoggingHandler (AbstractInternalLogger.java:log(148)) - [id: 0xeca01b86, L:/0:0:0:0:0:0:0:0:44391] ACTIVE
2022-12-22 10:15:23,199 [Listener at 127.0.0.1/38293] INFO  server.XceiverServerGrpc (XceiverServerGrpc.java:<init>(132)) - GrpcServer channel type EpollServerSocketChannel
2022-12-22 10:15:23,202 [Listener at 127.0.0.1/38293] INFO  http.BaseHttpServer (BaseHttpServer.java:newHttpServer2BuilderForOzone(213)) - Starting Web-server for hddsDatanode at: http://0.0.0.0:0
2022-12-22 10:15:23,202 [Listener at 127.0.0.1/38293] INFO  http.BaseHttpServer (BaseHttpServer.java:<init>(108)) - Hadoop Security Enabled: false Ozone Security Enabled: false Ozone HTTP Security Enabled: false 
2022-12-22 10:15:23,203 [Listener at 127.0.0.1/38293] WARN  server.AuthenticationFilter (AuthenticationFilter.java:constructSecretProvider(240)) - Unable to initialize FileSignerSecretProvider, falling back to use random secrets. Reason: Could not read signature secret file: /home/runner/hadoop-http-auth-signature-secret
2022-12-22 10:15:23,204 [Listener at 127.0.0.1/38293] WARN  http.HttpRequestLog (HttpRequestLog.java:getRequestLog(103)) - Jetty request log can only be enabled using Log4j
2022-12-22 10:15:23,205 [Listener at 127.0.0.1/38293] INFO  http.HttpServer2 (HttpServer2.java:addGlobalFilter(1031)) - Added global filter 'safety' (class=org.apache.hadoop.hdds.server.http.HttpServer2$QuotingInputFilter)
2022-12-22 10:15:23,205 [Listener at 127.0.0.1/38293] INFO  http.HttpServer2 (HttpServer2.java:addFilter(1007)) - Added filter static_user_filter (class=org.apache.hadoop.http.lib.StaticUserWebFilter$StaticUserFilter) to context hddsDatanode
2022-12-22 10:15:23,205 [Listener at 127.0.0.1/38293] INFO  http.HttpServer2 (HttpServer2.java:addFilter(1015)) - Added filter static_user_filter (class=org.apache.hadoop.http.lib.StaticUserWebFilter$StaticUserFilter) to context static
2022-12-22 10:15:23,205 [Listener at 127.0.0.1/38293] INFO  http.HttpServer2 (HttpServer2.java:addFilter(1015)) - Added filter static_user_filter (class=org.apache.hadoop.http.lib.StaticUserWebFilter$StaticUserFilter) to context logs
2022-12-22 10:15:23,206 [Listener at 127.0.0.1/38293] INFO  http.HttpServer2 (HttpServer2.java:bindListener(1250)) - Jetty bound to port 37891
2022-12-22 10:15:23,206 [Listener at 127.0.0.1/38293] INFO  server.Server (Server.java:doStart(375)) - jetty-9.4.49.v20220914; built: 2022-09-14T01:07:36.601Z; git: 4231a3b2e4cb8548a412a789936d640a97b1aa0a; jvm 1.8.0_352-b08
2022-12-22 10:15:23,209 [Listener at 127.0.0.1/38293] INFO  server.session (DefaultSessionIdManager.java:doStart(334)) - DefaultSessionIdManager workerName=node0
2022-12-22 10:15:23,209 [Listener at 127.0.0.1/38293] INFO  server.session (DefaultSessionIdManager.java:doStart(339)) - No SessionScavenger set, using defaults
2022-12-22 10:15:23,209 [Listener at 127.0.0.1/38293] INFO  server.session (HouseKeeper.java:startScavenging(132)) - node0 Scavenging every 600000ms
2022-12-22 10:15:23,210 [Listener at 127.0.0.1/38293] INFO  handler.ContextHandler (ContextHandler.java:doStart(921)) - Started o.e.j.s.ServletContextHandler@46e2c6dc{logs,/logs,file:///home/runner/work/ozone/ozone/hadoop-ozone/integration-test/target/log,AVAILABLE}
2022-12-22 10:15:23,210 [Listener at 127.0.0.1/38293] INFO  handler.ContextHandler (ContextHandler.java:doStart(921)) - Started o.e.j.s.ServletContextHandler@76b59fc{static,/static,jar:file:/home/runner/.m2/repository/org/apache/ozone/hdds-container-service/1.3.0-SNAPSHOT/hdds-container-service-1.3.0-SNAPSHOT.jar!/webapps/static,AVAILABLE}
2022-12-22 10:15:23,392 [Listener at 127.0.0.1/38293] INFO  handler.ContextHandler (ContextHandler.java:doStart(921)) - Started o.e.j.w.WebAppContext@150fcad4{hddsDatanode,/,file:///tmp/jetty-0_0_0_0-37891-hdds-container-service-1_3_0-SNAPSHOT_jar-_-any-9198258931839845642/webapp/,AVAILABLE}{jar:file:/home/runner/.m2/repository/org/apache/ozone/hdds-container-service/1.3.0-SNAPSHOT/hdds-container-service-1.3.0-SNAPSHOT.jar!/webapps/hddsDatanode}
2022-12-22 10:15:23,394 [Listener at 127.0.0.1/38293] INFO  server.AbstractConnector (AbstractConnector.java:doStart(333)) - Started ServerConnector@2dab244d{HTTP/1.1, (http/1.1)}{0.0.0.0:37891}
2022-12-22 10:15:23,394 [Listener at 127.0.0.1/38293] INFO  server.Server (Server.java:doStart(415)) - Started @107126ms
2022-12-22 10:15:23,394 [Listener at 127.0.0.1/38293] WARN  impl.MetricsSystemImpl (MetricsSystemImpl.java:register(279)) - Sink prometheus already exists!
2022-12-22 10:15:23,395 [Listener at 127.0.0.1/38293] INFO  http.BaseHttpServer (BaseHttpServer.java:updateConnectorAddress(333)) - HTTP server of hddsDatanode listening at http://0.0.0.0:37891
2022-12-22 10:15:23,397 [Listener at 127.0.0.1/38293] INFO  ozone.MiniOzoneClusterImpl (MiniOzoneClusterImpl.java:lambda$waitForClusterToBeReady$0(217)) - Waiting for nodes to be ready. Got 0 of 3 DN Heartbeats.
2022-12-22 10:15:23,397 [Listener at 127.0.0.1/38293] INFO  ozone.MiniOzoneClusterImpl (MiniOzoneClusterImpl.java:lambda$waitForClusterToBeReady$0(220)) - Waiting for cluster to exit safe mode
2022-12-22 10:15:23,397 [Listener at 127.0.0.1/38293] INFO  ozone.MiniOzoneClusterImpl (MiniOzoneClusterImpl.java:lambda$waitForClusterToBeReady$0(222)) - SCM became leader
2022-12-22 10:15:23,397 [Datanode State Machine Daemon Thread] INFO  statemachine.DatanodeStateMachine (DatanodeStateMachine.java:lambda$startDaemon$0(508)) - Ozone container server started.
2022-12-22 10:15:23,409 [org.apache.hadoop.util.JvmPauseMonitor$Monitor@655c77d1] INFO  util.JvmPauseMonitor (JvmPauseMonitor.java:run(188)) - Starting JVM pause monitor
2022-12-22 10:15:23,409 [Datanode State Machine Task Thread - 0] INFO  ha.SCMNodeInfo (SCMNodeInfo.java:getPort(197)) - ConfigKey ozone.scm.client.address is deprecated, For configuring different ports for each SCM use PortConfigKey ozone.scm.client.port appended with serviceId and nodeId
2022-12-22 10:15:23,409 [Datanode State Machine Task Thread - 0] INFO  ha.SCMNodeInfo (SCMNodeInfo.java:getPort(197)) - ConfigKey ozone.scm.block.client.address is deprecated, For configuring different ports for each SCM use PortConfigKey ozone.scm.block.client.port appended with serviceId and nodeId
2022-12-22 10:15:23,409 [Datanode State Machine Task Thread - 0] INFO  ha.SCMNodeInfo (SCMNodeInfo.java:getPort(197)) - ConfigKey ozone.scm.datanode.address is deprecated, For configuring different ports for each SCM use PortConfigKey ozone.scm.datanode.port appended with serviceId and nodeId
2022-12-22 10:15:23,411 [Datanode State Machine Task Thread - 0] INFO  datanode.InitDatanodeState (InitDatanodeState.java:persistContainerDatanodeDetails(138)) - DatanodeDetails is persisted to /home/runner/work/ozone/ozone/hadoop-ozone/integration-test/target/test-dir/MiniOzoneClusterImpl-73a15bac-dca4-4ec7-8fa0-07a649b4923c/datanode-2/meta/datanode.id
2022-12-22 10:15:24,025 [EndpointStateMachine task thread for /127.0.0.1:42129 - 0 ] INFO  ipc.Client (Client.java:handleConnectionFailure(1010)) - Retrying connect to server: localhost/127.0.0.1:42129. Already tried 12 time(s); retry policy is RetryUpToMaximumCountWithFixedSleep(maxRetries=15, sleepTime=1000 MILLISECONDS)
2022-12-22 10:15:24,025 [EndpointStateMachine task thread for /127.0.0.1:43945 - 0 ] INFO  ipc.Client (Client.java:handleConnectionFailure(1010)) - Retrying connect to server: localhost/127.0.0.1:43945. Already tried 6 time(s); retry policy is RetryUpToMaximumCountWithFixedSleep(maxRetries=15, sleepTime=1000 MILLISECONDS)
2022-12-22 10:15:24,397 [Listener at 127.0.0.1/38293] INFO  ozone.MiniOzoneClusterImpl (MiniOzoneClusterImpl.java:lambda$waitForClusterToBeReady$0(217)) - Waiting for nodes to be ready. Got 0 of 3 DN Heartbeats.
2022-12-22 10:15:24,397 [Listener at 127.0.0.1/38293] INFO  ozone.MiniOzoneClusterImpl (MiniOzoneClusterImpl.java:lambda$waitForClusterToBeReady$0(220)) - Waiting for cluster to exit safe mode
2022-12-22 10:15:24,397 [Listener at 127.0.0.1/38293] INFO  ozone.MiniOzoneClusterImpl (MiniOzoneClusterImpl.java:lambda$waitForClusterToBeReady$0(222)) - SCM became leader
2022-12-22 10:15:24,835 [EndpointStateMachine task thread for /127.0.0.1:36861 - 0 ] INFO  utils.DatanodeStoreCache (DatanodeStoreCache.java:addDB(58)) - Added db /home/runner/work/ozone/ozone/hadoop-ozone/integration-test/target/test-dir/MiniOzoneClusterImpl-73a15bac-dca4-4ec7-8fa0-07a649b4923c/datanode-0/data-0/containers/hdds/73a15bac-dca4-4ec7-8fa0-07a649b4923c/DS-d4411ecd-c2be-4aa8-9e23-1dbe554c63d6/container.db to cache
2022-12-22 10:15:24,835 [EndpointStateMachine task thread for /127.0.0.1:36861 - 0 ] INFO  volume.HddsVolume (HddsVolume.java:createDbStore(307)) - SchemaV3 db is created and loaded at /home/runner/work/ozone/ozone/hadoop-ozone/integration-test/target/test-dir/MiniOzoneClusterImpl-73a15bac-dca4-4ec7-8fa0-07a649b4923c/datanode-0/data-0/containers/hdds/73a15bac-dca4-4ec7-8fa0-07a649b4923c/DS-d4411ecd-c2be-4aa8-9e23-1dbe554c63d6/container.db for volume DS-d4411ecd-c2be-4aa8-9e23-1dbe554c63d6
2022-12-22 10:15:24,836 [EndpointStateMachine task thread for /127.0.0.1:36861 - 0 ] INFO  ozoneimpl.OzoneContainer (OzoneContainer.java:start(395)) - Attempting to start container services.
2022-12-22 10:15:24,836 [EndpointStateMachine task thread for /127.0.0.1:36861 - 0 ] INFO  ozoneimpl.OzoneContainer (OzoneContainer.java:startContainerScrub(312)) - Scheduled background container scanners and the on-demand container scanner have been disabled.
2022-12-22 10:15:24,839 [EndpointStateMachine task thread for /127.0.0.1:36861 - 0 ] INFO  replication.ReplicationServer (ReplicationServer.java:start(106)) - ReplicationServer is started using port 36617
2022-12-22 10:15:24,839 [EndpointStateMachine task thread for /127.0.0.1:36861 - 0 ] INFO  ratis.XceiverServerRatis (XceiverServerRatis.java:start(517)) - Starting XceiverServerRatis b6a383f5-2af4-4920-ba0e-06f6a7823127
2022-12-22 10:15:24,840 [EndpointStateMachine task thread for /127.0.0.1:36861 - 0 ] INFO  server.RaftServer (RaftServerProxy.java:startImpl(393)) - b6a383f5-2af4-4920-ba0e-06f6a7823127: start RPC server
2022-12-22 10:15:24,842 [EndpointStateMachine task thread for /127.0.0.1:36861 - 0 ] INFO  server.GrpcService (GrpcService.java:startImpl(262)) - b6a383f5-2af4-4920-ba0e-06f6a7823127: GrpcService started, listening on 36777
2022-12-22 10:15:24,842 [EndpointStateMachine task thread for /127.0.0.1:36861 - 0 ] INFO  ratis.XceiverServerRatis (XceiverServerRatis.java:getRealPort(543)) - XceiverServerRatis b6a383f5-2af4-4920-ba0e-06f6a7823127 is started using port 36777 for RATIS
2022-12-22 10:15:24,842 [EndpointStateMachine task thread for /127.0.0.1:36861 - 0 ] INFO  ratis.XceiverServerRatis (XceiverServerRatis.java:getRealPort(543)) - XceiverServerRatis b6a383f5-2af4-4920-ba0e-06f6a7823127 is started using port 36777 for RATIS_ADMIN
2022-12-22 10:15:24,842 [JvmPauseMonitor21] INFO  util.JvmPauseMonitor (JvmPauseMonitor.java:run(105)) - JvmPauseMonitor-b6a383f5-2af4-4920-ba0e-06f6a7823127: Started
2022-12-22 10:15:24,842 [EndpointStateMachine task thread for /127.0.0.1:36861 - 0 ] INFO  ratis.XceiverServerRatis (XceiverServerRatis.java:getRealPort(543)) - XceiverServerRatis b6a383f5-2af4-4920-ba0e-06f6a7823127 is started using port 36777 for RATIS_SERVER
2022-12-22 10:15:24,842 [EndpointStateMachine task thread for /127.0.0.1:36861 - 0 ] INFO  ratis.XceiverServerRatis (XceiverServerRatis.java:getRealPort(543)) - XceiverServerRatis b6a383f5-2af4-4920-ba0e-06f6a7823127 is started using port 46767 for RATIS_DATASTREAM
2022-12-22 10:15:24,844 [EndpointStateMachine task thread for /127.0.0.1:36861 - 0 ] INFO  server.XceiverServerGrpc (XceiverServerGrpc.java:start(180)) - XceiverServerGrpc b6a383f5-2af4-4920-ba0e-06f6a7823127 is started using port 45597
2022-12-22 10:15:25,025 [EndpointStateMachine task thread for /127.0.0.1:42129 - 0 ] INFO  ipc.Client (Client.java:handleConnectionFailure(1010)) - Retrying connect to server: localhost/127.0.0.1:42129. Already tried 13 time(s); retry policy is RetryUpToMaximumCountWithFixedSleep(maxRetries=15, sleepTime=1000 MILLISECONDS)
2022-12-22 10:15:25,026 [EndpointStateMachine task thread for /127.0.0.1:43945 - 0 ] INFO  ipc.Client (Client.java:handleConnectionFailure(1010)) - Retrying connect to server: localhost/127.0.0.1:43945. Already tried 7 time(s); retry policy is RetryUpToMaximumCountWithFixedSleep(maxRetries=15, sleepTime=1000 MILLISECONDS)
2022-12-22 10:15:25,132 [EndpointStateMachine task thread for /127.0.0.1:36861 - 0 ] INFO  utils.DatanodeStoreCache (DatanodeStoreCache.java:addDB(58)) - Added db /home/runner/work/ozone/ozone/hadoop-ozone/integration-test/target/test-dir/MiniOzoneClusterImpl-73a15bac-dca4-4ec7-8fa0-07a649b4923c/datanode-1/data-0/containers/hdds/73a15bac-dca4-4ec7-8fa0-07a649b4923c/DS-93f1bd8c-223a-4b86-9e01-12d29128e2e7/container.db to cache
2022-12-22 10:15:25,132 [EndpointStateMachine task thread for /127.0.0.1:36861 - 0 ] INFO  volume.HddsVolume (HddsVolume.java:createDbStore(307)) - SchemaV3 db is created and loaded at /home/runner/work/ozone/ozone/hadoop-ozone/integration-test/target/test-dir/MiniOzoneClusterImpl-73a15bac-dca4-4ec7-8fa0-07a649b4923c/datanode-1/data-0/containers/hdds/73a15bac-dca4-4ec7-8fa0-07a649b4923c/DS-93f1bd8c-223a-4b86-9e01-12d29128e2e7/container.db for volume DS-93f1bd8c-223a-4b86-9e01-12d29128e2e7
2022-12-22 10:15:25,132 [EndpointStateMachine task thread for /127.0.0.1:36861 - 0 ] INFO  ozoneimpl.OzoneContainer (OzoneContainer.java:start(395)) - Attempting to start container services.
2022-12-22 10:15:25,132 [EndpointStateMachine task thread for /127.0.0.1:36861 - 0 ] INFO  ozoneimpl.OzoneContainer (OzoneContainer.java:startContainerScrub(312)) - Scheduled background container scanners and the on-demand container scanner have been disabled.
2022-12-22 10:15:25,138 [EndpointStateMachine task thread for /127.0.0.1:36861 - 0 ] INFO  replication.ReplicationServer (ReplicationServer.java:start(106)) - ReplicationServer is started using port 40909
2022-12-22 10:15:25,139 [EndpointStateMachine task thread for /127.0.0.1:36861 - 0 ] INFO  ratis.XceiverServerRatis (XceiverServerRatis.java:start(517)) - Starting XceiverServerRatis fef2fc50-c333-4590-b2a0-f31f883c87cf
2022-12-22 10:15:25,145 [EndpointStateMachine task thread for /127.0.0.1:36861 - 0 ] INFO  server.RaftServer (RaftServerProxy.java:startImpl(393)) - fef2fc50-c333-4590-b2a0-f31f883c87cf: start RPC server
2022-12-22 10:15:25,152 [EndpointStateMachine task thread for /127.0.0.1:36861 - 0 ] INFO  server.GrpcService (GrpcService.java:startImpl(262)) - fef2fc50-c333-4590-b2a0-f31f883c87cf: GrpcService started, listening on 33587
2022-12-22 10:15:25,152 [EndpointStateMachine task thread for /127.0.0.1:36861 - 0 ] INFO  ratis.XceiverServerRatis (XceiverServerRatis.java:getRealPort(543)) - XceiverServerRatis fef2fc50-c333-4590-b2a0-f31f883c87cf is started using port 33587 for RATIS
2022-12-22 10:15:25,152 [EndpointStateMachine task thread for /127.0.0.1:36861 - 0 ] INFO  ratis.XceiverServerRatis (XceiverServerRatis.java:getRealPort(543)) - XceiverServerRatis fef2fc50-c333-4590-b2a0-f31f883c87cf is started using port 33587 for RATIS_ADMIN
2022-12-22 10:15:25,152 [EndpointStateMachine task thread for /127.0.0.1:36861 - 0 ] INFO  ratis.XceiverServerRatis (XceiverServerRatis.java:getRealPort(543)) - XceiverServerRatis fef2fc50-c333-4590-b2a0-f31f883c87cf is started using port 33587 for RATIS_SERVER
2022-12-22 10:15:25,152 [EndpointStateMachine task thread for /127.0.0.1:36861 - 0 ] INFO  ratis.XceiverServerRatis (XceiverServerRatis.java:getRealPort(543)) - XceiverServerRatis fef2fc50-c333-4590-b2a0-f31f883c87cf is started using port 44127 for RATIS_DATASTREAM
2022-12-22 10:15:25,152 [JvmPauseMonitor22] INFO  util.JvmPauseMonitor (JvmPauseMonitor.java:run(105)) - JvmPauseMonitor-fef2fc50-c333-4590-b2a0-f31f883c87cf: Started
2022-12-22 10:15:25,155 [EndpointStateMachine task thread for /127.0.0.1:36861 - 0 ] INFO  server.XceiverServerGrpc (XceiverServerGrpc.java:start(180)) - XceiverServerGrpc fef2fc50-c333-4590-b2a0-f31f883c87cf is started using port 44787
2022-12-22 10:15:25,398 [Listener at 127.0.0.1/38293] INFO  ozone.MiniOzoneClusterImpl (MiniOzoneClusterImpl.java:lambda$waitForClusterToBeReady$0(217)) - Waiting for nodes to be ready. Got 0 of 3 DN Heartbeats.
2022-12-22 10:15:25,398 [Listener at 127.0.0.1/38293] INFO  ozone.MiniOzoneClusterImpl (MiniOzoneClusterImpl.java:lambda$waitForClusterToBeReady$0(220)) - Waiting for cluster to exit safe mode
2022-12-22 10:15:25,398 [Listener at 127.0.0.1/38293] INFO  ozone.MiniOzoneClusterImpl (MiniOzoneClusterImpl.java:lambda$waitForClusterToBeReady$0(222)) - SCM became leader
2022-12-22 10:15:25,432 [EndpointStateMachine task thread for /127.0.0.1:36861 - 0 ] INFO  utils.DatanodeStoreCache (DatanodeStoreCache.java:addDB(58)) - Added db /home/runner/work/ozone/ozone/hadoop-ozone/integration-test/target/test-dir/MiniOzoneClusterImpl-73a15bac-dca4-4ec7-8fa0-07a649b4923c/datanode-2/data-0/containers/hdds/73a15bac-dca4-4ec7-8fa0-07a649b4923c/DS-b642ef3c-a817-46e7-b417-a2514993f084/container.db to cache
2022-12-22 10:15:25,432 [EndpointStateMachine task thread for /127.0.0.1:36861 - 0 ] INFO  volume.HddsVolume (HddsVolume.java:createDbStore(307)) - SchemaV3 db is created and loaded at /home/runner/work/ozone/ozone/hadoop-ozone/integration-test/target/test-dir/MiniOzoneClusterImpl-73a15bac-dca4-4ec7-8fa0-07a649b4923c/datanode-2/data-0/containers/hdds/73a15bac-dca4-4ec7-8fa0-07a649b4923c/DS-b642ef3c-a817-46e7-b417-a2514993f084/container.db for volume DS-b642ef3c-a817-46e7-b417-a2514993f084
2022-12-22 10:15:25,433 [EndpointStateMachine task thread for /127.0.0.1:36861 - 0 ] INFO  ozoneimpl.OzoneContainer (OzoneContainer.java:start(395)) - Attempting to start container services.
2022-12-22 10:15:25,433 [EndpointStateMachine task thread for /127.0.0.1:36861 - 0 ] INFO  ozoneimpl.OzoneContainer (OzoneContainer.java:startContainerScrub(312)) - Scheduled background container scanners and the on-demand container scanner have been disabled.
2022-12-22 10:15:25,435 [EndpointStateMachine task thread for /127.0.0.1:36861 - 0 ] INFO  replication.ReplicationServer (ReplicationServer.java:start(106)) - ReplicationServer is started using port 34945
2022-12-22 10:15:25,436 [EndpointStateMachine task thread for /127.0.0.1:36861 - 0 ] INFO  ratis.XceiverServerRatis (XceiverServerRatis.java:start(517)) - Starting XceiverServerRatis 2749ac5f-27b9-44fd-ba97-bc431af24c01
2022-12-22 10:15:25,436 [EndpointStateMachine task thread for /127.0.0.1:36861 - 0 ] INFO  server.RaftServer (RaftServerProxy.java:startImpl(393)) - 2749ac5f-27b9-44fd-ba97-bc431af24c01: start RPC server
2022-12-22 10:15:25,439 [EndpointStateMachine task thread for /127.0.0.1:36861 - 0 ] INFO  server.GrpcService (GrpcService.java:startImpl(262)) - 2749ac5f-27b9-44fd-ba97-bc431af24c01: GrpcService started, listening on 43013
2022-12-22 10:15:25,439 [EndpointStateMachine task thread for /127.0.0.1:36861 - 0 ] INFO  ratis.XceiverServerRatis (XceiverServerRatis.java:getRealPort(543)) - XceiverServerRatis 2749ac5f-27b9-44fd-ba97-bc431af24c01 is started using port 43013 for RATIS
2022-12-22 10:15:25,439 [EndpointStateMachine task thread for /127.0.0.1:36861 - 0 ] INFO  ratis.XceiverServerRatis (XceiverServerRatis.java:getRealPort(543)) - XceiverServerRatis 2749ac5f-27b9-44fd-ba97-bc431af24c01 is started using port 43013 for RATIS_ADMIN
2022-12-22 10:15:25,439 [JvmPauseMonitor23] INFO  util.JvmPauseMonitor (JvmPauseMonitor.java:run(105)) - JvmPauseMonitor-2749ac5f-27b9-44fd-ba97-bc431af24c01: Started
2022-12-22 10:15:25,439 [EndpointStateMachine task thread for /127.0.0.1:36861 - 0 ] INFO  ratis.XceiverServerRatis (XceiverServerRatis.java:getRealPort(543)) - XceiverServerRatis 2749ac5f-27b9-44fd-ba97-bc431af24c01 is started using port 43013 for RATIS_SERVER
2022-12-22 10:15:25,439 [EndpointStateMachine task thread for /127.0.0.1:36861 - 0 ] INFO  ratis.XceiverServerRatis (XceiverServerRatis.java:getRealPort(543)) - XceiverServerRatis 2749ac5f-27b9-44fd-ba97-bc431af24c01 is started using port 44391 for RATIS_DATASTREAM
2022-12-22 10:15:25,441 [EndpointStateMachine task thread for /127.0.0.1:36861 - 0 ] INFO  server.XceiverServerGrpc (XceiverServerGrpc.java:start(180)) - XceiverServerGrpc 2749ac5f-27b9-44fd-ba97-bc431af24c01 is started using port 40103
2022-12-22 10:15:26,026 [EndpointStateMachine task thread for /127.0.0.1:42129 - 0 ] INFO  ipc.Client (Client.java:handleConnectionFailure(1010)) - Retrying connect to server: localhost/127.0.0.1:42129. Already tried 14 time(s); retry policy is RetryUpToMaximumCountWithFixedSleep(maxRetries=15, sleepTime=1000 MILLISECONDS)
2022-12-22 10:15:26,026 [EndpointStateMachine task thread for /127.0.0.1:43945 - 0 ] INFO  ipc.Client (Client.java:handleConnectionFailure(1010)) - Retrying connect to server: localhost/127.0.0.1:43945. Already tried 8 time(s); retry policy is RetryUpToMaximumCountWithFixedSleep(maxRetries=15, sleepTime=1000 MILLISECONDS)
2022-12-22 10:15:26,027 [EndpointStateMachine task thread for /127.0.0.1:42129 - 0 ] WARN  statemachine.EndpointStateMachine (EndpointStateMachine.java:logIfNeeded(242)) - Unable to communicate to SCM server at localhost:42129 for past 0 seconds.
java.net.ConnectException: Call From fv-az345-686/10.1.0.13 to localhost:42129 failed on connection exception: java.net.ConnectException: Connection refused; For more details see:  http://wiki.apache.org/hadoop/ConnectionRefused
	at sun.reflect.NativeConstructorAccessorImpl.newInstance0(Native Method)
	at sun.reflect.NativeConstructorAccessorImpl.newInstance(NativeConstructorAccessorImpl.java:62)
	at sun.reflect.DelegatingConstructorAccessorImpl.newInstance(DelegatingConstructorAccessorImpl.java:45)
	at java.lang.reflect.Constructor.newInstance(Constructor.java:423)
	at org.apache.hadoop.net.NetUtils.wrapWithMessage(NetUtils.java:913)
	at org.apache.hadoop.net.NetUtils.wrapException(NetUtils.java:828)
	at org.apache.hadoop.ipc.Client.getRpcResponse(Client.java:1616)
	at org.apache.hadoop.ipc.Client.call(Client.java:1558)
	at org.apache.hadoop.ipc.Client.call(Client.java:1455)
	at org.apache.hadoop.ipc.ProtobufRpcEngine$Invoker.invoke(ProtobufRpcEngine.java:235)
	at org.apache.hadoop.ipc.ProtobufRpcEngine$Invoker.invoke(ProtobufRpcEngine.java:122)
	at com.sun.proxy.$Proxy52.submitRequest(Unknown Source)
	at org.apache.hadoop.ozone.protocolPB.StorageContainerDatanodeProtocolClientSideTranslatorPB.submitRequest(StorageContainerDatanodeProtocolClientSideTranslatorPB.java:117)
	at org.apache.hadoop.ozone.protocolPB.StorageContainerDatanodeProtocolClientSideTranslatorPB.sendHeartbeat(StorageContainerDatanodeProtocolClientSideTranslatorPB.java:149)
	at org.apache.hadoop.ozone.container.common.states.endpoint.HeartbeatEndpointTask.call(HeartbeatEndpointTask.java:185)
	at org.apache.hadoop.ozone.container.common.states.endpoint.HeartbeatEndpointTask.call(HeartbeatEndpointTask.java:87)
	at java.util.concurrent.FutureTask.run(FutureTask.java:266)
	at java.util.concurrent.ThreadPoolExecutor.runWorker(ThreadPoolExecutor.java:1149)
	at java.util.concurrent.ThreadPoolExecutor$Worker.run(ThreadPoolExecutor.java:624)
	at java.lang.Thread.run(Thread.java:750)
Caused by: java.net.ConnectException: Connection refused
	at sun.nio.ch.SocketChannelImpl.checkConnect(Native Method)
	at sun.nio.ch.SocketChannelImpl.finishConnect(SocketChannelImpl.java:716)
	at org.apache.hadoop.net.SocketIOWithTimeout.connect(SocketIOWithTimeout.java:205)
	at org.apache.hadoop.net.NetUtils.connect(NetUtils.java:586)
	at org.apache.hadoop.ipc.Client$Connection.setupConnection(Client.java:711)
	at org.apache.hadoop.ipc.Client$Connection.setupIOstreams(Client.java:833)
	at org.apache.hadoop.ipc.Client$Connection.access$3800(Client.java:414)
	at org.apache.hadoop.ipc.Client.getConnection(Client.java:1677)
	at org.apache.hadoop.ipc.Client.call(Client.java:1502)
	... 12 more
2022-12-22 10:15:26,398 [Listener at 127.0.0.1/38293] INFO  ozone.MiniOzoneClusterImpl (MiniOzoneClusterImpl.java:lambda$waitForClusterToBeReady$0(217)) - Waiting for nodes to be ready. Got 0 of 3 DN Heartbeats.
2022-12-22 10:15:26,398 [Listener at 127.0.0.1/38293] INFO  ozone.MiniOzoneClusterImpl (MiniOzoneClusterImpl.java:lambda$waitForClusterToBeReady$0(220)) - Waiting for cluster to exit safe mode
2022-12-22 10:15:26,398 [Listener at 127.0.0.1/38293] INFO  ozone.MiniOzoneClusterImpl (MiniOzoneClusterImpl.java:lambda$waitForClusterToBeReady$0(222)) - SCM became leader
2022-12-22 10:15:26,806 [IPC Server handler 20 on default port 36861] INFO  net.NetworkTopologyImpl (NetworkTopologyImpl.java:add(112)) - Added a new node: /default-rack/b6a383f5-2af4-4920-ba0e-06f6a7823127
2022-12-22 10:15:26,806 [IPC Server handler 20 on default port 36861] INFO  node.SCMNodeManager (SCMNodeManager.java:register(397)) - Registered Data node : b6a383f5-2af4-4920-ba0e-06f6a7823127{ip: 127.0.0.1, host: localhost, ports: [REPLICATION=36617, RATIS=36777, RATIS_ADMIN=36777, RATIS_SERVER=36777, RATIS_DATASTREAM=46767, STANDALONE=45597], networkLocation: /default-rack, certSerialId: null, persistedOpState: null, persistedOpStateExpiryEpochSec: 0}
2022-12-22 10:15:26,810 [EventQueue-NodeRegistrationContainerReportForDataNodeSafeModeRule] INFO  safemode.SCMSafeModeManager (DataNodeSafeModeRule.java:process(71)) - SCM in safe mode. 1 DataNodes registered, 3 required.
2022-12-22 10:15:26,810 [EventQueue-NewNodeForNewNodeHandler] INFO  pipeline.BackgroundPipelineCreator (BackgroundPipelineCreator.java:notifyEventTriggered(276)) - trigger a one-shot run on RatisPipelineUtilsThread.
2022-12-22 10:15:26,810 [RatisPipelineUtilsThread - 0] INFO  pipeline.RatisPipelineProvider (RatisPipelineProvider.java:lambda$create$0(206)) - Sending CreatePipelineCommand for pipeline:PipelineID=7e46f622-4d09-48d1-9e83-6de4ac2faa51 to datanode:b6a383f5-2af4-4920-ba0e-06f6a7823127
2022-12-22 10:15:26,811 [EventQueue-NodeRegistrationContainerReportForContainerSafeModeRule] INFO  safemode.SCMSafeModeManager (SCMSafeModeManager.java:validateSafeModeExitRules(200)) - ContainerSafeModeRule rule is successfully validated
2022-12-22 10:15:26,824 [EventQueue-PipelineReportForOneReplicaPipelineSafeModeRule] INFO  safemode.SCMSafeModeManager (SCMSafeModeManager.java:validateSafeModeExitRules(200)) - AtleastOneDatanodeReportedRule rule is successfully validated
2022-12-22 10:15:26,834 [e27721bf-da5b-4812-8a42-ad2d861346a7@group-07A649B4923C-StateMachineUpdater] INFO  pipeline.PipelineStateManagerImpl (PipelineStateManagerImpl.java:addPipeline(103)) - Created pipeline Pipeline[ Id: 7e46f622-4d09-48d1-9e83-6de4ac2faa51, Nodes: b6a383f5-2af4-4920-ba0e-06f6a7823127{ip: 127.0.0.1, host: localhost, ports: [REPLICATION=36617, RATIS=36777, RATIS_ADMIN=36777, RATIS_SERVER=36777, RATIS_DATASTREAM=46767, STANDALONE=45597], networkLocation: /default-rack, certSerialId: null, persistedOpState: IN_SERVICE, persistedOpStateExpiryEpochSec: 0}, ReplicationConfig: RATIS/ONE, State:ALLOCATED, leaderId:, CreationTimestamp2022-12-22T10:15:26.810Z[Etc/UTC]].
2022-12-22 10:15:26,835 [e27721bf-da5b-4812-8a42-ad2d861346a7@group-07A649B4923C-StateMachineUpdater] INFO  safemode.HealthyPipelineSafeModeRule (HealthyPipelineSafeModeRule.java:initializeRule(165)) - Refreshed total pipeline count is 0, healthy pipeline threshold count is 1
2022-12-22 10:15:27,026 [EndpointStateMachine task thread for /127.0.0.1:43945 - 0 ] INFO  ipc.Client (Client.java:handleConnectionFailure(1010)) - Retrying connect to server: localhost/127.0.0.1:43945. Already tried 9 time(s); retry policy is RetryUpToMaximumCountWithFixedSleep(maxRetries=15, sleepTime=1000 MILLISECONDS)
2022-12-22 10:15:27,027 [EndpointStateMachine task thread for /127.0.0.1:42129 - 0 ] INFO  ipc.Client (Client.java:handleConnectionFailure(1010)) - Retrying connect to server: localhost/127.0.0.1:42129. Already tried 0 time(s); retry policy is RetryUpToMaximumCountWithFixedSleep(maxRetries=15, sleepTime=1000 MILLISECONDS)
2022-12-22 10:15:27,105 [IPC Server handler 21 on default port 36861] INFO  net.NetworkTopologyImpl (NetworkTopologyImpl.java:add(112)) - Added a new node: /default-rack/fef2fc50-c333-4590-b2a0-f31f883c87cf
2022-12-22 10:15:27,105 [IPC Server handler 21 on default port 36861] INFO  node.SCMNodeManager (SCMNodeManager.java:register(397)) - Registered Data node : fef2fc50-c333-4590-b2a0-f31f883c87cf{ip: 127.0.0.1, host: localhost, ports: [REPLICATION=40909, RATIS=33587, RATIS_ADMIN=33587, RATIS_SERVER=33587, RATIS_DATASTREAM=44127, STANDALONE=44787], networkLocation: /default-rack, certSerialId: null, persistedOpState: null, persistedOpStateExpiryEpochSec: 0}
2022-12-22 10:15:27,105 [EventQueue-NewNodeForNewNodeHandler] INFO  pipeline.BackgroundPipelineCreator (BackgroundPipelineCreator.java:notifyEventTriggered(276)) - trigger a one-shot run on RatisPipelineUtilsThread.
2022-12-22 10:15:27,105 [EventQueue-NodeRegistrationContainerReportForDataNodeSafeModeRule] INFO  safemode.SCMSafeModeManager (DataNodeSafeModeRule.java:process(71)) - SCM in safe mode. 2 DataNodes registered, 3 required.
2022-12-22 10:15:27,108 [RatisPipelineUtilsThread - 0] INFO  pipeline.RatisPipelineProvider (RatisPipelineProvider.java:lambda$create$0(206)) - Sending CreatePipelineCommand for pipeline:PipelineID=a8c1bc6b-e2c1-46ef-baea-234cd098b418 to datanode:fef2fc50-c333-4590-b2a0-f31f883c87cf
2022-12-22 10:15:27,110 [e27721bf-da5b-4812-8a42-ad2d861346a7@group-07A649B4923C-StateMachineUpdater] INFO  pipeline.PipelineStateManagerImpl (PipelineStateManagerImpl.java:addPipeline(103)) - Created pipeline Pipeline[ Id: a8c1bc6b-e2c1-46ef-baea-234cd098b418, Nodes: fef2fc50-c333-4590-b2a0-f31f883c87cf{ip: 127.0.0.1, host: localhost, ports: [REPLICATION=40909, RATIS=33587, RATIS_ADMIN=33587, RATIS_SERVER=33587, RATIS_DATASTREAM=44127, STANDALONE=44787], networkLocation: /default-rack, certSerialId: null, persistedOpState: IN_SERVICE, persistedOpStateExpiryEpochSec: 0}, ReplicationConfig: RATIS/ONE, State:ALLOCATED, leaderId:, CreationTimestamp2022-12-22T10:15:27.108Z[Etc/UTC]].
2022-12-22 10:15:27,110 [e27721bf-da5b-4812-8a42-ad2d861346a7@group-07A649B4923C-StateMachineUpdater] INFO  safemode.HealthyPipelineSafeModeRule (HealthyPipelineSafeModeRule.java:initializeRule(165)) - Refreshed total pipeline count is 0, healthy pipeline threshold count is 1
2022-12-22 10:15:27,399 [Listener at 127.0.0.1/38293] INFO  ozone.MiniOzoneClusterImpl (MiniOzoneClusterImpl.java:lambda$waitForClusterToBeReady$0(217)) - Waiting for nodes to be ready. Got 2 of 3 DN Heartbeats.
2022-12-22 10:15:27,399 [Listener at 127.0.0.1/38293] INFO  ozone.MiniOzoneClusterImpl (MiniOzoneClusterImpl.java:lambda$waitForClusterToBeReady$0(220)) - Waiting for cluster to exit safe mode
2022-12-22 10:15:27,399 [Listener at 127.0.0.1/38293] INFO  ozone.MiniOzoneClusterImpl (MiniOzoneClusterImpl.java:lambda$waitForClusterToBeReady$0(222)) - SCM became leader
2022-12-22 10:15:27,411 [IPC Server handler 3 on default port 36861] INFO  net.NetworkTopologyImpl (NetworkTopologyImpl.java:add(112)) - Added a new node: /default-rack/2749ac5f-27b9-44fd-ba97-bc431af24c01
2022-12-22 10:15:27,411 [IPC Server handler 3 on default port 36861] INFO  node.SCMNodeManager (SCMNodeManager.java:register(397)) - Registered Data node : 2749ac5f-27b9-44fd-ba97-bc431af24c01{ip: 127.0.0.1, host: localhost, ports: [REPLICATION=34945, RATIS=43013, RATIS_ADMIN=43013, RATIS_SERVER=43013, RATIS_DATASTREAM=44391, STANDALONE=40103], networkLocation: /default-rack, certSerialId: null, persistedOpState: null, persistedOpStateExpiryEpochSec: 0}
2022-12-22 10:15:27,411 [EventQueue-NewNodeForNewNodeHandler] INFO  pipeline.BackgroundPipelineCreator (BackgroundPipelineCreator.java:notifyEventTriggered(276)) - trigger a one-shot run on RatisPipelineUtilsThread.
2022-12-22 10:15:27,411 [EventQueue-NodeRegistrationContainerReportForDataNodeSafeModeRule] INFO  safemode.SCMSafeModeManager (DataNodeSafeModeRule.java:process(71)) - SCM in safe mode. 3 DataNodes registered, 3 required.
2022-12-22 10:15:27,411 [EventQueue-NodeRegistrationContainerReportForDataNodeSafeModeRule] INFO  safemode.SCMSafeModeManager (SCMSafeModeManager.java:validateSafeModeExitRules(200)) - DataNodeSafeModeRule rule is successfully validated
2022-12-22 10:15:27,411 [EventQueue-NodeRegistrationContainerReportForDataNodeSafeModeRule] INFO  safemode.SCMSafeModeManager (SCMSafeModeManager.java:completePreCheck(229)) - All SCM safe mode pre check rules have passed
2022-12-22 10:15:27,411 [EventQueue-NodeRegistrationContainerReportForDataNodeSafeModeRule] INFO  ha.SCMContext (SCMContext.java:updateSafeModeStatus(228)) - Update SafeModeStatus from SafeModeStatus{safeModeStatus=true, preCheckPassed=false} to SafeModeStatus{safeModeStatus=true, preCheckPassed=true}.
2022-12-22 10:15:27,412 [EventQueue-NodeRegistrationContainerReportForDataNodeSafeModeRule] INFO  pipeline.BackgroundPipelineCreator (BackgroundPipelineCreator.java:notifyEventTriggered(276)) - trigger a one-shot run on RatisPipelineUtilsThread.
2022-12-22 10:15:27,412 [RatisPipelineUtilsThread - 0] INFO  pipeline.RatisPipelineProvider (RatisPipelineProvider.java:lambda$create$0(206)) - Sending CreatePipelineCommand for pipeline:PipelineID=321813eb-f086-487f-a8de-474aafb83630 to datanode:2749ac5f-27b9-44fd-ba97-bc431af24c01
2022-12-22 10:15:27,414 [e27721bf-da5b-4812-8a42-ad2d861346a7@group-07A649B4923C-StateMachineUpdater] INFO  pipeline.PipelineStateManagerImpl (PipelineStateManagerImpl.java:addPipeline(103)) - Created pipeline Pipeline[ Id: 321813eb-f086-487f-a8de-474aafb83630, Nodes: 2749ac5f-27b9-44fd-ba97-bc431af24c01{ip: 127.0.0.1, host: localhost, ports: [REPLICATION=34945, RATIS=43013, RATIS_ADMIN=43013, RATIS_SERVER=43013, RATIS_DATASTREAM=44391, STANDALONE=40103], networkLocation: /default-rack, certSerialId: null, persistedOpState: IN_SERVICE, persistedOpStateExpiryEpochSec: 0}, ReplicationConfig: RATIS/ONE, State:ALLOCATED, leaderId:, CreationTimestamp2022-12-22T10:15:27.412Z[Etc/UTC]].
2022-12-22 10:15:27,414 [e27721bf-da5b-4812-8a42-ad2d861346a7@group-07A649B4923C-StateMachineUpdater] INFO  safemode.HealthyPipelineSafeModeRule (HealthyPipelineSafeModeRule.java:initializeRule(165)) - Refreshed total pipeline count is 0, healthy pipeline threshold count is 1
2022-12-22 10:15:27,414 [RatisPipelineUtilsThread - 0] INFO  pipeline.RatisPipelineProvider (RatisPipelineProvider.java:lambda$create$0(206)) - Sending CreatePipelineCommand for pipeline:PipelineID=15e872d5-88a2-44b5-9591-e657e086ab0b to datanode:b6a383f5-2af4-4920-ba0e-06f6a7823127
2022-12-22 10:15:27,414 [RatisPipelineUtilsThread - 0] INFO  pipeline.RatisPipelineProvider (RatisPipelineProvider.java:lambda$create$0(206)) - Sending CreatePipelineCommand for pipeline:PipelineID=15e872d5-88a2-44b5-9591-e657e086ab0b to datanode:fef2fc50-c333-4590-b2a0-f31f883c87cf
2022-12-22 10:15:27,414 [RatisPipelineUtilsThread - 0] INFO  pipeline.RatisPipelineProvider (RatisPipelineProvider.java:lambda$create$0(206)) - Sending CreatePipelineCommand for pipeline:PipelineID=15e872d5-88a2-44b5-9591-e657e086ab0b to datanode:2749ac5f-27b9-44fd-ba97-bc431af24c01
2022-12-22 10:15:27,416 [e27721bf-da5b-4812-8a42-ad2d861346a7@group-07A649B4923C-StateMachineUpdater] INFO  pipeline.PipelineStateManagerImpl (PipelineStateManagerImpl.java:addPipeline(103)) - Created pipeline Pipeline[ Id: 15e872d5-88a2-44b5-9591-e657e086ab0b, Nodes: b6a383f5-2af4-4920-ba0e-06f6a7823127{ip: 127.0.0.1, host: localhost, ports: [REPLICATION=36617, RATIS=36777, RATIS_ADMIN=36777, RATIS_SERVER=36777, RATIS_DATASTREAM=46767, STANDALONE=45597], networkLocation: /default-rack, certSerialId: null, persistedOpState: IN_SERVICE, persistedOpStateExpiryEpochSec: 0}fef2fc50-c333-4590-b2a0-f31f883c87cf{ip: 127.0.0.1, host: localhost, ports: [REPLICATION=40909, RATIS=33587, RATIS_ADMIN=33587, RATIS_SERVER=33587, RATIS_DATASTREAM=44127, STANDALONE=44787], networkLocation: /default-rack, certSerialId: null, persistedOpState: IN_SERVICE, persistedOpStateExpiryEpochSec: 0}2749ac5f-27b9-44fd-ba97-bc431af24c01{ip: 127.0.0.1, host: localhost, ports: [REPLICATION=34945, RATIS=43013, RATIS_ADMIN=43013, RATIS_SERVER=43013, RATIS_DATASTREAM=44391, STANDALONE=40103], networkLocation: /default-rack, certSerialId: null, persistedOpState: IN_SERVICE, persistedOpStateExpiryEpochSec: 0}, ReplicationConfig: RATIS/THREE, State:ALLOCATED, leaderId:, CreationTimestamp2022-12-22T10:15:27.414Z[Etc/UTC]].
2022-12-22 10:15:27,416 [e27721bf-da5b-4812-8a42-ad2d861346a7@group-07A649B4923C-StateMachineUpdater] INFO  safemode.HealthyPipelineSafeModeRule (HealthyPipelineSafeModeRule.java:initializeRule(165)) - Refreshed total pipeline count is 0, healthy pipeline threshold count is 1
2022-12-22 10:15:27,416 [RatisPipelineUtilsThread - 0] INFO  pipeline.RatisPipelineProvider (RatisPipelineProvider.java:lambda$create$0(206)) - Sending CreatePipelineCommand for pipeline:PipelineID=db376c29-bad1-4ef0-9202-bd8457a0b9c7 to datanode:b6a383f5-2af4-4920-ba0e-06f6a7823127
2022-12-22 10:15:27,416 [RatisPipelineUtilsThread - 0] INFO  pipeline.RatisPipelineProvider (RatisPipelineProvider.java:lambda$create$0(206)) - Sending CreatePipelineCommand for pipeline:PipelineID=db376c29-bad1-4ef0-9202-bd8457a0b9c7 to datanode:2749ac5f-27b9-44fd-ba97-bc431af24c01
2022-12-22 10:15:27,416 [RatisPipelineUtilsThread - 0] INFO  pipeline.RatisPipelineProvider (RatisPipelineProvider.java:lambda$create$0(206)) - Sending CreatePipelineCommand for pipeline:PipelineID=db376c29-bad1-4ef0-9202-bd8457a0b9c7 to datanode:fef2fc50-c333-4590-b2a0-f31f883c87cf
2022-12-22 10:15:27,418 [e27721bf-da5b-4812-8a42-ad2d861346a7@group-07A649B4923C-StateMachineUpdater] INFO  pipeline.PipelineStateManagerImpl (PipelineStateManagerImpl.java:addPipeline(103)) - Created pipeline Pipeline[ Id: db376c29-bad1-4ef0-9202-bd8457a0b9c7, Nodes: b6a383f5-2af4-4920-ba0e-06f6a7823127{ip: 127.0.0.1, host: localhost, ports: [REPLICATION=36617, RATIS=36777, RATIS_ADMIN=36777, RATIS_SERVER=36777, RATIS_DATASTREAM=46767, STANDALONE=45597], networkLocation: /default-rack, certSerialId: null, persistedOpState: IN_SERVICE, persistedOpStateExpiryEpochSec: 0}2749ac5f-27b9-44fd-ba97-bc431af24c01{ip: 127.0.0.1, host: localhost, ports: [REPLICATION=34945, RATIS=43013, RATIS_ADMIN=43013, RATIS_SERVER=43013, RATIS_DATASTREAM=44391, STANDALONE=40103], networkLocation: /default-rack, certSerialId: null, persistedOpState: IN_SERVICE, persistedOpStateExpiryEpochSec: 0}fef2fc50-c333-4590-b2a0-f31f883c87cf{ip: 127.0.0.1, host: localhost, ports: [REPLICATION=40909, RATIS=33587, RATIS_ADMIN=33587, RATIS_SERVER=33587, RATIS_DATASTREAM=44127, STANDALONE=44787], networkLocation: /default-rack, certSerialId: null, persistedOpState: IN_SERVICE, persistedOpStateExpiryEpochSec: 0}, ReplicationConfig: RATIS/THREE, State:ALLOCATED, leaderId:, CreationTimestamp2022-12-22T10:15:27.416Z[Etc/UTC]].
2022-12-22 10:15:27,418 [e27721bf-da5b-4812-8a42-ad2d861346a7@group-07A649B4923C-StateMachineUpdater] INFO  safemode.HealthyPipelineSafeModeRule (HealthyPipelineSafeModeRule.java:initializeRule(165)) - Refreshed total pipeline count is 0, healthy pipeline threshold count is 1
2022-12-22 10:15:27,418 [RatisPipelineUtilsThread - 0] INFO  pipeline.PipelineManagerImpl (PipelineManagerImpl.java:recordMetricsForPipeline(826)) - Pipeline: PipelineID=db376c29-bad1-4ef0-9202-bd8457a0b9c7 contains same datanodes as previous pipelines: PipelineID=15e872d5-88a2-44b5-9591-e657e086ab0b nodeIds: b6a383f5-2af4-4920-ba0e-06f6a7823127, 2749ac5f-27b9-44fd-ba97-bc431af24c01, fef2fc50-c333-4590-b2a0-f31f883c87cf
2022-12-22 10:15:27,418 [RatisPipelineUtilsThread - 0] WARN  pipeline.PipelinePlacementPolicy (PipelinePlacementPolicy.java:filterViableNodes(158)) - Pipeline creation failed due to no sufficient healthy datanodes. Required 3. Found 0.
2022-12-22 10:15:27,419 [RatisPipelineUtilsThread - 0] WARN  pipeline.PipelinePlacementPolicy (PipelinePlacementPolicy.java:filterViableNodes(158)) - Pipeline creation failed due to no sufficient healthy datanodes. Required 3. Found 0.
2022-12-22 10:15:28,027 [EndpointStateMachine task thread for /127.0.0.1:43945 - 0 ] INFO  ipc.Client (Client.java:handleConnectionFailure(1010)) - Retrying connect to server: localhost/127.0.0.1:43945. Already tried 10 time(s); retry policy is RetryUpToMaximumCountWithFixedSleep(maxRetries=15, sleepTime=1000 MILLISECONDS)
2022-12-22 10:15:28,027 [EndpointStateMachine task thread for /127.0.0.1:42129 - 0 ] INFO  ipc.Client (Client.java:handleConnectionFailure(1010)) - Retrying connect to server: localhost/127.0.0.1:42129. Already tried 1 time(s); retry policy is RetryUpToMaximumCountWithFixedSleep(maxRetries=15, sleepTime=1000 MILLISECONDS)
2022-12-22 10:15:28,399 [Listener at 127.0.0.1/38293] INFO  ozone.MiniOzoneClusterImpl (MiniOzoneClusterImpl.java:lambda$waitForClusterToBeReady$0(217)) - Nodes are ready. Got 3 of 3 DN Heartbeats.
2022-12-22 10:15:28,399 [Listener at 127.0.0.1/38293] INFO  ozone.MiniOzoneClusterImpl (MiniOzoneClusterImpl.java:lambda$waitForClusterToBeReady$0(220)) - Waiting for cluster to exit safe mode
2022-12-22 10:15:28,399 [Listener at 127.0.0.1/38293] INFO  ozone.MiniOzoneClusterImpl (MiniOzoneClusterImpl.java:lambda$waitForClusterToBeReady$0(222)) - SCM became leader
2022-12-22 10:15:28,807 [EventQueue-CommandQueueReportForCommandQueueReportHandler] WARN  events.EventQueue (EventQueue.java:fireEvent(216)) - No event handler registered for event TypedEvent{payloadType=DatanodeDetails, name='Datanode_Command_Queue_Updated'}
2022-12-22 10:15:29,027 [EndpointStateMachine task thread for /127.0.0.1:43945 - 0 ] INFO  ipc.Client (Client.java:handleConnectionFailure(1010)) - Retrying connect to server: localhost/127.0.0.1:43945. Already tried 11 time(s); retry policy is RetryUpToMaximumCountWithFixedSleep(maxRetries=15, sleepTime=1000 MILLISECONDS)
2022-12-22 10:15:29,027 [EndpointStateMachine task thread for /127.0.0.1:42129 - 0 ] INFO  ipc.Client (Client.java:handleConnectionFailure(1010)) - Retrying connect to server: localhost/127.0.0.1:42129. Already tried 2 time(s); retry policy is RetryUpToMaximumCountWithFixedSleep(maxRetries=15, sleepTime=1000 MILLISECONDS)
2022-12-22 10:15:29,107 [EventQueue-CommandQueueReportForCommandQueueReportHandler] WARN  events.EventQueue (EventQueue.java:fireEvent(216)) - No event handler registered for event TypedEvent{payloadType=DatanodeDetails, name='Datanode_Command_Queue_Updated'}
2022-12-22 10:15:29,400 [Listener at 127.0.0.1/38293] INFO  ozone.MiniOzoneClusterImpl (MiniOzoneClusterImpl.java:lambda$waitForClusterToBeReady$0(217)) - Nodes are ready. Got 3 of 3 DN Heartbeats.
2022-12-22 10:15:29,400 [Listener at 127.0.0.1/38293] INFO  ozone.MiniOzoneClusterImpl (MiniOzoneClusterImpl.java:lambda$waitForClusterToBeReady$0(220)) - Waiting for cluster to exit safe mode
2022-12-22 10:15:29,400 [Listener at 127.0.0.1/38293] INFO  ozone.MiniOzoneClusterImpl (MiniOzoneClusterImpl.java:lambda$waitForClusterToBeReady$0(222)) - SCM became leader
2022-12-22 10:15:29,417 [EventQueue-CommandQueueReportForCommandQueueReportHandler] WARN  events.EventQueue (EventQueue.java:fireEvent(216)) - No event handler registered for event TypedEvent{payloadType=DatanodeDetails, name='Datanode_Command_Queue_Updated'}
2022-12-22 10:15:29,807 [Command processor thread] INFO  server.RaftServer (RaftServerProxy.java:addNew(96)) - b6a383f5-2af4-4920-ba0e-06f6a7823127: addNew group-6DE4AC2FAA51:[b6a383f5-2af4-4920-ba0e-06f6a7823127|rpc:127.0.0.1:36777|dataStream:127.0.0.1:46767|priority:1|startupRole:FOLLOWER] returns group-6DE4AC2FAA51:java.util.concurrent.CompletableFuture@6aa8993a[Not completed]
2022-12-22 10:15:29,807 [EventQueue-CommandQueueReportForCommandQueueReportHandler] WARN  events.EventQueue (EventQueue.java:fireEvent(216)) - No event handler registered for event TypedEvent{payloadType=DatanodeDetails, name='Datanode_Command_Queue_Updated'}
2022-12-22 10:15:29,807 [pool-572-thread-1] INFO  server.RaftServer$Division (RaftServerImpl.java:<init>(195)) - b6a383f5-2af4-4920-ba0e-06f6a7823127: new RaftServerImpl for group-6DE4AC2FAA51:[b6a383f5-2af4-4920-ba0e-06f6a7823127|rpc:127.0.0.1:36777|dataStream:127.0.0.1:46767|priority:1|startupRole:FOLLOWER] with ContainerStateMachine:uninitialized
2022-12-22 10:15:29,808 [pool-572-thread-1] INFO  server.RaftServerConfigKeys (ConfUtils.java:logGet(46)) - raft.server.rpc.timeout.min = 5s (custom)
2022-12-22 10:15:29,808 [pool-572-thread-1] INFO  server.RaftServerConfigKeys (ConfUtils.java:logGet(46)) - raft.server.rpc.timeout.max = 5200ms (custom)
2022-12-22 10:15:29,808 [pool-572-thread-1] INFO  server.RaftServerConfigKeys (ConfUtils.java:logGet(46)) - raft.server.rpc.sleep.time = 25ms (default)
2022-12-22 10:15:29,808 [pool-572-thread-1] INFO  server.RaftServerConfigKeys (ConfUtils.java:logGet(46)) - raft.server.rpc.slowness.timeout = 300s (custom)
2022-12-22 10:15:29,808 [pool-572-thread-1] INFO  server.RaftServerConfigKeys (ConfUtils.java:logGet(46)) - raft.server.leaderelection.leader.step-down.wait-time = 10s (default)
2022-12-22 10:15:29,808 [pool-572-thread-1] INFO  server.RaftServerConfigKeys (ConfUtils.java:logGet(46)) - raft.server.sleep.deviation.threshold = 300ms (default)
2022-12-22 10:15:29,808 [pool-572-thread-1] INFO  server.RaftServer$Division (ServerState.java:<init>(118)) - b6a383f5-2af4-4920-ba0e-06f6a7823127@group-6DE4AC2FAA51: ConfigurationManager, init=-1: peers:[b6a383f5-2af4-4920-ba0e-06f6a7823127|rpc:127.0.0.1:36777|dataStream:127.0.0.1:46767|priority:1|startupRole:FOLLOWER]|listeners:[], old=null, confs=<EMPTY_MAP>
2022-12-22 10:15:29,808 [pool-572-thread-1] INFO  server.RaftServerConfigKeys (ConfUtils.java:logGet(46)) - raft.server.storage.dir = [/home/runner/work/ozone/ozone/hadoop-ozone/integration-test/target/test-dir/MiniOzoneClusterImpl-73a15bac-dca4-4ec7-8fa0-07a649b4923c/datanode-0/data/ratis] (custom)
2022-12-22 10:15:29,808 [pool-572-thread-1] INFO  server.RaftServerConfigKeys (ConfUtils.java:logGet(46)) - raft.server.log.corruption.policy = EXCEPTION (default)
2022-12-22 10:15:29,808 [pool-572-thread-1] INFO  server.RaftServerConfigKeys (ConfUtils.java:logGet(46)) - raft.server.storage.free-space.min = 0MB (=0) (default)
2022-12-22 10:15:29,808 [pool-572-thread-1] INFO  server.RaftServerConfigKeys (ConfUtils.java:logGet(46)) - raft.server.notification.no-leader.timeout = 300s (custom)
2022-12-22 10:15:29,808 [pool-572-thread-1] INFO  server.RaftServerConfigKeys (ConfUtils.java:logGet(46)) - raft.server.retrycache.expirytime = 600000ms (custom)
2022-12-22 10:15:29,808 [pool-572-thread-1] INFO  server.RaftServerConfigKeys (ConfUtils.java:logGet(46)) - raft.server.retrycache.statistics.expirytime = 100μs (default)
2022-12-22 10:15:29,809 [pool-572-thread-1] INFO  server.RaftServerConfigKeys (ConfUtils.java:logGet(46)) - raft.server.log.appender.install.snapshot.enabled = false (custom)
2022-12-22 10:15:29,809 [pool-572-thread-1] INFO  server.RaftServerConfigKeys (ConfUtils.java:logGet(46)) - raft.server.threadpool.server.cached = true (default)
2022-12-22 10:15:29,809 [pool-572-thread-1] INFO  server.RaftServerConfigKeys (ConfUtils.java:logGet(46)) - raft.server.threadpool.server.size = 0 (default)
2022-12-22 10:15:29,809 [pool-572-thread-1] INFO  server.RaftServerConfigKeys (ConfUtils.java:logGet(46)) - raft.server.threadpool.client.cached = true (default)
2022-12-22 10:15:29,809 [pool-572-thread-1] INFO  server.RaftServerConfigKeys (ConfUtils.java:logGet(46)) - raft.server.threadpool.client.size = 0 (default)
2022-12-22 10:15:29,809 [pool-572-thread-1] INFO  storage.RaftStorageDirectory (RaftStorageDirectoryImpl.java:analyzeStorage(137)) - The storage directory /home/runner/work/ozone/ozone/hadoop-ozone/integration-test/target/test-dir/MiniOzoneClusterImpl-73a15bac-dca4-4ec7-8fa0-07a649b4923c/datanode-0/data/ratis/7e46f622-4d09-48d1-9e83-6de4ac2faa51 does not exist. Creating ...
2022-12-22 10:15:29,810 [pool-572-thread-1] INFO  storage.RaftStorageDirectory (RaftStorageDirectoryImpl.java:tryLock(231)) - Lock on /home/runner/work/ozone/ozone/hadoop-ozone/integration-test/target/test-dir/MiniOzoneClusterImpl-73a15bac-dca4-4ec7-8fa0-07a649b4923c/datanode-0/data/ratis/7e46f622-4d09-48d1-9e83-6de4ac2faa51/in_use.lock acquired by nodename 33150@fv-az345-686
2022-12-22 10:15:29,811 [pool-572-thread-1] INFO  storage.RaftStorage (RaftStorageImpl.java:format(96)) - Storage directory /home/runner/work/ozone/ozone/hadoop-ozone/integration-test/target/test-dir/MiniOzoneClusterImpl-73a15bac-dca4-4ec7-8fa0-07a649b4923c/datanode-0/data/ratis/7e46f622-4d09-48d1-9e83-6de4ac2faa51 has been successfully formatted.
2022-12-22 10:15:29,812 [pool-572-thread-1] INFO  ratis.ContainerStateMachine (ContainerStateMachine.java:loadSnapshot(240)) - group-6DE4AC2FAA51: The snapshot info is null. Setting the last applied indexto:(t:0, i:~)
2022-12-22 10:15:29,812 [pool-572-thread-1] INFO  server.RaftServerConfigKeys (ConfUtils.java:logGet(46)) - raft.server.log.use.memory = false (default)
2022-12-22 10:15:29,812 [pool-572-thread-1] INFO  server.RaftServerConfigKeys (ConfUtils.java:logGet(46)) - raft.server.log.purge.gap = 1000000 (custom)
2022-12-22 10:15:29,812 [pool-572-thread-1] INFO  server.RaftServerConfigKeys (ConfUtils.java:logGet(46)) - raft.server.log.appender.buffer.byte-limit = 33554432 (custom)
2022-12-22 10:15:29,812 [pool-572-thread-1] INFO  server.RaftServerConfigKeys (ConfUtils.java:logGet(46)) - raft.server.log.statemachine.data.read.timeout = 1000ms (default)
2022-12-22 10:15:29,812 [pool-572-thread-1] INFO  server.RaftServerConfigKeys (ConfUtils.java:logGet(46)) - raft.server.log.purge.preservation.log.num = 0 (default)
2022-12-22 10:15:29,813 [EventQueue-CommandQueueReportForCommandQueueReportHandler] WARN  events.EventQueue (EventQueue.java:fireEvent(216)) - No event handler registered for event TypedEvent{payloadType=DatanodeDetails, name='Datanode_Command_Queue_Updated'}
2022-12-22 10:15:29,813 [EventQueue-PipelineReportForPipelineReportHandler] INFO  pipeline.PipelineManagerImpl (PipelineManagerImpl.java:openPipeline(367)) - Pipeline Pipeline[ Id: 7e46f622-4d09-48d1-9e83-6de4ac2faa51, Nodes: b6a383f5-2af4-4920-ba0e-06f6a7823127{ip: 127.0.0.1, host: localhost, ports: [REPLICATION=36617, RATIS=36777, RATIS_ADMIN=36777, RATIS_SERVER=36777, RATIS_DATASTREAM=46767, STANDALONE=45597], networkLocation: /default-rack, certSerialId: null, persistedOpState: IN_SERVICE, persistedOpStateExpiryEpochSec: 0}, ReplicationConfig: RATIS/ONE, State:ALLOCATED, leaderId:b6a383f5-2af4-4920-ba0e-06f6a7823127, CreationTimestamp2022-12-22T10:15:26.810Z[Etc/UTC]] moved to OPEN state
2022-12-22 10:15:29,813 [pool-572-thread-1] INFO  server.RaftServerConfigKeys (ConfUtils.java:logGet(46)) - raft.server.log.segment.size.max = 1048576 (custom)
2022-12-22 10:15:29,813 [pool-572-thread-1] INFO  server.RaftServerConfigKeys (ConfUtils.java:logGet(46)) - raft.server.log.segment.cache.num.max = 2 (custom)
2022-12-22 10:15:29,813 [pool-572-thread-1] INFO  server.RaftServerConfigKeys (ConfUtils.java:logGet(46)) - raft.server.log.segment.cache.size.max = 200MB (=209715200) (default)
2022-12-22 10:15:29,813 [pool-572-thread-1] INFO  segmented.SegmentedRaftLogWorker (SegmentedRaftLogWorker.java:<init>(189)) - new b6a383f5-2af4-4920-ba0e-06f6a7823127@group-6DE4AC2FAA51-SegmentedRaftLogWorker for RaftStorageImpl:Storage Directory /home/runner/work/ozone/ozone/hadoop-ozone/integration-test/target/test-dir/MiniOzoneClusterImpl-73a15bac-dca4-4ec7-8fa0-07a649b4923c/datanode-0/data/ratis/7e46f622-4d09-48d1-9e83-6de4ac2faa51
2022-12-22 10:15:29,815 [pool-572-thread-1] INFO  server.RaftServerConfigKeys (ConfUtils.java:logGet(46)) - raft.server.log.queue.byte-limit = 4294967296 (custom)
2022-12-22 10:15:29,815 [pool-572-thread-1] INFO  server.RaftServerConfigKeys (ConfUtils.java:logGet(46)) - raft.server.log.queue.element-limit = 1024 (custom)
2022-12-22 10:15:29,815 [pool-572-thread-1] INFO  server.RaftServerConfigKeys (ConfUtils.java:logGet(46)) - raft.server.log.segment.size.max = 1048576 (custom)
2022-12-22 10:15:29,815 [pool-572-thread-1] INFO  server.RaftServerConfigKeys (ConfUtils.java:logGet(46)) - raft.server.log.preallocated.size = 16384 (custom)
2022-12-22 10:15:29,816 [pool-572-thread-1] INFO  server.RaftServerConfigKeys (ConfUtils.java:logGet(46)) - raft.server.log.force.sync.num = 128 (default)
2022-12-22 10:15:29,816 [pool-572-thread-1] INFO  server.RaftServerConfigKeys (ConfUtils.java:logGet(46)) - raft.server.log.statemachine.data.sync = true (default)
2022-12-22 10:15:29,816 [pool-572-thread-1] INFO  server.RaftServerConfigKeys (ConfUtils.java:logGet(46)) - raft.server.log.statemachine.data.sync.timeout = 10s (default)
2022-12-22 10:15:29,816 [pool-572-thread-1] INFO  server.RaftServerConfigKeys (ConfUtils.java:logGet(46)) - raft.server.log.statemachine.data.sync.timeout.retry = -1 (default)
2022-12-22 10:15:29,816 [e27721bf-da5b-4812-8a42-ad2d861346a7@group-07A649B4923C-StateMachineUpdater] INFO  safemode.HealthyPipelineSafeModeRule (HealthyPipelineSafeModeRule.java:initializeRule(165)) - Refreshed total pipeline count is 0, healthy pipeline threshold count is 1
2022-12-22 10:15:29,816 [pool-572-thread-1] INFO  server.RaftServerConfigKeys (ConfUtils.java:logGet(46)) - raft.server.log.write.buffer.size = 1048576 (custom)
2022-12-22 10:15:29,816 [pool-572-thread-1] INFO  server.RaftServerConfigKeys (ConfUtils.java:logGet(46)) - raft.server.log.appender.buffer.byte-limit = 33554432 (custom)
2022-12-22 10:15:29,820 [EventQueue-OpenPipelineForHealthyPipelineSafeModeRule] INFO  safemode.SCMSafeModeManager (HealthyPipelineSafeModeRule.java:process(137)) - SCM in safe mode. Healthy pipelines reported count is 0, required healthy pipeline reported count is 1
2022-12-22 10:15:29,822 [pool-572-thread-1] INFO  server.RaftServerConfigKeys (ConfUtils.java:logGet(46)) - raft.server.log.unsafe-flush.enabled = false (default)
2022-12-22 10:15:29,822 [pool-572-thread-1] INFO  server.RaftServerConfigKeys (ConfUtils.java:logGet(46)) - raft.server.log.async-flush.enabled = false (default)
2022-12-22 10:15:29,822 [pool-572-thread-1] INFO  server.RaftServerConfigKeys (ConfUtils.java:logGet(46)) - raft.server.log.statemachine.data.caching.enabled = true (custom)
2022-12-22 10:15:29,822 [pool-572-thread-1] INFO  segmented.SegmentedRaftLogWorker (SegmentedRaftLogWorker.java:lambda$new$0(135)) - b6a383f5-2af4-4920-ba0e-06f6a7823127@group-6DE4AC2FAA51-SegmentedRaftLogWorker: flushIndex: setUnconditionally 0 -> -1
2022-12-22 10:15:29,822 [pool-572-thread-1] INFO  segmented.SegmentedRaftLogWorker (SegmentedRaftLogWorker.java:lambda$new$0(135)) - b6a383f5-2af4-4920-ba0e-06f6a7823127@group-6DE4AC2FAA51-SegmentedRaftLogWorker: safeCacheEvictIndex: setUnconditionally 0 -> -1
2022-12-22 10:15:29,827 [pool-572-thread-1] INFO  server.RaftServer$Division (RaftServerImpl.java:start(334)) - b6a383f5-2af4-4920-ba0e-06f6a7823127@group-6DE4AC2FAA51: start as a follower, conf=-1: peers:[b6a383f5-2af4-4920-ba0e-06f6a7823127|rpc:127.0.0.1:36777|dataStream:127.0.0.1:46767|priority:1|startupRole:FOLLOWER]|listeners:[], old=null
2022-12-22 10:15:29,827 [pool-572-thread-1] INFO  server.RaftServer$Division (RaftServerImpl.java:setRole(321)) - b6a383f5-2af4-4920-ba0e-06f6a7823127@group-6DE4AC2FAA51: changes role from      null to FOLLOWER at term 0 for startAsFollower
2022-12-22 10:15:29,827 [pool-572-thread-1] INFO  impl.RoleInfo (RoleInfo.java:updateAndGet(139)) - b6a383f5-2af4-4920-ba0e-06f6a7823127: start b6a383f5-2af4-4920-ba0e-06f6a7823127@group-6DE4AC2FAA51-FollowerState
2022-12-22 10:15:29,827 [pool-572-thread-1] INFO  util.JmxRegister (JmxRegister.java:tryRegister(44)) - Successfully registered JMX Bean with object name Ratis:service=RaftServer,group=group-6DE4AC2FAA51,id=b6a383f5-2af4-4920-ba0e-06f6a7823127
2022-12-22 10:15:29,827 [b6a383f5-2af4-4920-ba0e-06f6a7823127@group-6DE4AC2FAA51-FollowerState] INFO  server.RaftServerConfigKeys (ConfUtils.java:logFallback(53)) - raft.server.rpc.first-election.timeout.min = 5s (fallback to raft.server.rpc.timeout.min)
2022-12-22 10:15:29,827 [pool-572-thread-1] INFO  server.RaftServerConfigKeys (ConfUtils.java:logGet(46)) - raft.server.snapshot.auto.trigger.enabled = true (custom)
2022-12-22 10:15:29,827 [b6a383f5-2af4-4920-ba0e-06f6a7823127@group-6DE4AC2FAA51-FollowerState] INFO  server.RaftServerConfigKeys (ConfUtils.java:logFallback(53)) - raft.server.rpc.first-election.timeout.max = 5200ms (fallback to raft.server.rpc.timeout.max)
2022-12-22 10:15:29,827 [pool-572-thread-1] INFO  server.RaftServerConfigKeys (ConfUtils.java:logGet(46)) - raft.server.snapshot.auto.trigger.threshold = 10000 (custom)
2022-12-22 10:15:29,827 [pool-572-thread-1] INFO  server.RaftServerConfigKeys (ConfUtils.java:logGet(46)) - raft.server.snapshot.retention.file.num = 5 (custom)
2022-12-22 10:15:29,827 [pool-572-thread-1] INFO  server.RaftServerConfigKeys (ConfUtils.java:logGet(46)) - raft.server.log.purge.upto.snapshot.index = false (default)
2022-12-22 10:15:29,828 [Command processor thread] INFO  ratis.XceiverServerRatis (XceiverServerRatis.java:addGroup(806)) - Created group PipelineID=7e46f622-4d09-48d1-9e83-6de4ac2faa51
2022-12-22 10:15:29,828 [Command processor thread] INFO  commandhandler.CreatePipelineCommandHandler (CreatePipelineCommandHandler.java:handle(113)) - Created Pipeline RATIS ONE PipelineID=7e46f622-4d09-48d1-9e83-6de4ac2faa51.
2022-12-22 10:15:29,828 [Command processor thread] INFO  server.RaftServer (RaftServerProxy.java:addNew(96)) - b6a383f5-2af4-4920-ba0e-06f6a7823127: addNew group-E657E086AB0B:[2749ac5f-27b9-44fd-ba97-bc431af24c01|rpc:127.0.0.1:43013|dataStream:127.0.0.1:44391|priority:1|startupRole:FOLLOWER, b6a383f5-2af4-4920-ba0e-06f6a7823127|rpc:127.0.0.1:36777|dataStream:127.0.0.1:46767|priority:0|startupRole:FOLLOWER, fef2fc50-c333-4590-b2a0-f31f883c87cf|rpc:127.0.0.1:33587|dataStream:127.0.0.1:44127|priority:0|startupRole:FOLLOWER] returns group-E657E086AB0B:java.util.concurrent.CompletableFuture@6e9710b7[Not completed]
2022-12-22 10:15:29,829 [pool-572-thread-1] INFO  server.RaftServer$Division (RaftServerImpl.java:<init>(195)) - b6a383f5-2af4-4920-ba0e-06f6a7823127: new RaftServerImpl for group-E657E086AB0B:[2749ac5f-27b9-44fd-ba97-bc431af24c01|rpc:127.0.0.1:43013|dataStream:127.0.0.1:44391|priority:1|startupRole:FOLLOWER, b6a383f5-2af4-4920-ba0e-06f6a7823127|rpc:127.0.0.1:36777|dataStream:127.0.0.1:46767|priority:0|startupRole:FOLLOWER, fef2fc50-c333-4590-b2a0-f31f883c87cf|rpc:127.0.0.1:33587|dataStream:127.0.0.1:44127|priority:0|startupRole:FOLLOWER] with ContainerStateMachine:uninitialized
2022-12-22 10:15:29,829 [pool-572-thread-1] INFO  server.RaftServerConfigKeys (ConfUtils.java:logGet(46)) - raft.server.rpc.timeout.min = 5s (custom)
2022-12-22 10:15:29,829 [pool-572-thread-1] INFO  server.RaftServerConfigKeys (ConfUtils.java:logGet(46)) - raft.server.rpc.timeout.max = 5200ms (custom)
2022-12-22 10:15:29,829 [pool-572-thread-1] INFO  server.RaftServerConfigKeys (ConfUtils.java:logGet(46)) - raft.server.rpc.sleep.time = 25ms (default)
2022-12-22 10:15:29,829 [pool-572-thread-1] INFO  server.RaftServerConfigKeys (ConfUtils.java:logGet(46)) - raft.server.rpc.slowness.timeout = 300s (custom)
2022-12-22 10:15:29,829 [pool-572-thread-1] INFO  server.RaftServerConfigKeys (ConfUtils.java:logGet(46)) - raft.server.leaderelection.leader.step-down.wait-time = 10s (default)
2022-12-22 10:15:29,831 [pool-572-thread-1] INFO  server.RaftServerConfigKeys (ConfUtils.java:logGet(46)) - raft.server.sleep.deviation.threshold = 300ms (default)
2022-12-22 10:15:29,831 [pool-572-thread-1] INFO  server.RaftServer$Division (ServerState.java:<init>(118)) - b6a383f5-2af4-4920-ba0e-06f6a7823127@group-E657E086AB0B: ConfigurationManager, init=-1: peers:[2749ac5f-27b9-44fd-ba97-bc431af24c01|rpc:127.0.0.1:43013|dataStream:127.0.0.1:44391|priority:1|startupRole:FOLLOWER, b6a383f5-2af4-4920-ba0e-06f6a7823127|rpc:127.0.0.1:36777|dataStream:127.0.0.1:46767|priority:0|startupRole:FOLLOWER, fef2fc50-c333-4590-b2a0-f31f883c87cf|rpc:127.0.0.1:33587|dataStream:127.0.0.1:44127|priority:0|startupRole:FOLLOWER]|listeners:[], old=null, confs=<EMPTY_MAP>
2022-12-22 10:15:29,831 [pool-572-thread-1] INFO  server.RaftServerConfigKeys (ConfUtils.java:logGet(46)) - raft.server.storage.dir = [/home/runner/work/ozone/ozone/hadoop-ozone/integration-test/target/test-dir/MiniOzoneClusterImpl-73a15bac-dca4-4ec7-8fa0-07a649b4923c/datanode-0/data/ratis] (custom)
2022-12-22 10:15:29,831 [pool-572-thread-1] INFO  server.RaftServerConfigKeys (ConfUtils.java:logGet(46)) - raft.server.log.corruption.policy = EXCEPTION (default)
2022-12-22 10:15:29,831 [pool-572-thread-1] INFO  server.RaftServerConfigKeys (ConfUtils.java:logGet(46)) - raft.server.storage.free-space.min = 0MB (=0) (default)
2022-12-22 10:15:29,831 [pool-572-thread-1] INFO  server.RaftServerConfigKeys (ConfUtils.java:logGet(46)) - raft.server.notification.no-leader.timeout = 300s (custom)
2022-12-22 10:15:29,831 [pool-572-thread-1] INFO  server.RaftServerConfigKeys (ConfUtils.java:logGet(46)) - raft.server.retrycache.expirytime = 600000ms (custom)
2022-12-22 10:15:29,831 [pool-572-thread-1] INFO  server.RaftServerConfigKeys (ConfUtils.java:logGet(46)) - raft.server.retrycache.statistics.expirytime = 100μs (default)
2022-12-22 10:15:29,832 [pool-572-thread-1] INFO  server.RaftServerConfigKeys (ConfUtils.java:logGet(46)) - raft.server.log.appender.install.snapshot.enabled = false (custom)
2022-12-22 10:15:29,832 [pool-572-thread-1] INFO  server.RaftServerConfigKeys (ConfUtils.java:logGet(46)) - raft.server.threadpool.server.cached = true (default)
2022-12-22 10:15:29,832 [pool-572-thread-1] INFO  server.RaftServerConfigKeys (ConfUtils.java:logGet(46)) - raft.server.threadpool.server.size = 0 (default)
2022-12-22 10:15:29,832 [pool-572-thread-1] INFO  server.RaftServerConfigKeys (ConfUtils.java:logGet(46)) - raft.server.threadpool.client.cached = true (default)
2022-12-22 10:15:29,832 [pool-572-thread-1] INFO  server.RaftServerConfigKeys (ConfUtils.java:logGet(46)) - raft.server.threadpool.client.size = 0 (default)
2022-12-22 10:15:29,832 [pool-572-thread-1] INFO  storage.RaftStorageDirectory (RaftStorageDirectoryImpl.java:analyzeStorage(137)) - The storage directory /home/runner/work/ozone/ozone/hadoop-ozone/integration-test/target/test-dir/MiniOzoneClusterImpl-73a15bac-dca4-4ec7-8fa0-07a649b4923c/datanode-0/data/ratis/15e872d5-88a2-44b5-9591-e657e086ab0b does not exist. Creating ...
2022-12-22 10:15:29,833 [pool-572-thread-1] INFO  storage.RaftStorageDirectory (RaftStorageDirectoryImpl.java:tryLock(231)) - Lock on /home/runner/work/ozone/ozone/hadoop-ozone/integration-test/target/test-dir/MiniOzoneClusterImpl-73a15bac-dca4-4ec7-8fa0-07a649b4923c/datanode-0/data/ratis/15e872d5-88a2-44b5-9591-e657e086ab0b/in_use.lock acquired by nodename 33150@fv-az345-686
2022-12-22 10:15:29,834 [pool-572-thread-1] INFO  storage.RaftStorage (RaftStorageImpl.java:format(96)) - Storage directory /home/runner/work/ozone/ozone/hadoop-ozone/integration-test/target/test-dir/MiniOzoneClusterImpl-73a15bac-dca4-4ec7-8fa0-07a649b4923c/datanode-0/data/ratis/15e872d5-88a2-44b5-9591-e657e086ab0b has been successfully formatted.
2022-12-22 10:15:29,835 [pool-572-thread-1] INFO  ratis.ContainerStateMachine (ContainerStateMachine.java:loadSnapshot(240)) - group-E657E086AB0B: The snapshot info is null. Setting the last applied indexto:(t:0, i:~)
2022-12-22 10:15:29,835 [pool-572-thread-1] INFO  server.RaftServerConfigKeys (ConfUtils.java:logGet(46)) - raft.server.log.use.memory = false (default)
2022-12-22 10:15:29,835 [pool-572-thread-1] INFO  server.RaftServerConfigKeys (ConfUtils.java:logGet(46)) - raft.server.log.purge.gap = 1000000 (custom)
2022-12-22 10:15:29,836 [EventQueue-OpenPipelineForHealthyPipelineSafeModeRule] INFO  safemode.SCMSafeModeManager (HealthyPipelineSafeModeRule.java:process(137)) - SCM in safe mode. Healthy pipelines reported count is 0, required healthy pipeline reported count is 1
2022-12-22 10:15:29,836 [EventQueue-CommandQueueReportForCommandQueueReportHandler] WARN  events.EventQueue (EventQueue.java:fireEvent(216)) - No event handler registered for event TypedEvent{payloadType=DatanodeDetails, name='Datanode_Command_Queue_Updated'}
2022-12-22 10:15:29,836 [pool-572-thread-1] INFO  server.RaftServerConfigKeys (ConfUtils.java:logGet(46)) - raft.server.log.appender.buffer.byte-limit = 33554432 (custom)
2022-12-22 10:15:29,836 [pool-572-thread-1] INFO  server.RaftServerConfigKeys (ConfUtils.java:logGet(46)) - raft.server.log.statemachine.data.read.timeout = 1000ms (default)
2022-12-22 10:15:29,836 [pool-572-thread-1] INFO  server.RaftServerConfigKeys (ConfUtils.java:logGet(46)) - raft.server.log.purge.preservation.log.num = 0 (default)
2022-12-22 10:15:29,836 [pool-572-thread-1] INFO  server.RaftServerConfigKeys (ConfUtils.java:logGet(46)) - raft.server.log.segment.size.max = 1048576 (custom)
2022-12-22 10:15:29,836 [pool-572-thread-1] INFO  server.RaftServerConfigKeys (ConfUtils.java:logGet(46)) - raft.server.log.segment.cache.num.max = 2 (custom)
2022-12-22 10:15:29,837 [pool-572-thread-1] INFO  server.RaftServerConfigKeys (ConfUtils.java:logGet(46)) - raft.server.log.segment.cache.size.max = 200MB (=209715200) (default)
2022-12-22 10:15:29,837 [pool-572-thread-1] INFO  segmented.SegmentedRaftLogWorker (SegmentedRaftLogWorker.java:<init>(189)) - new b6a383f5-2af4-4920-ba0e-06f6a7823127@group-E657E086AB0B-SegmentedRaftLogWorker for RaftStorageImpl:Storage Directory /home/runner/work/ozone/ozone/hadoop-ozone/integration-test/target/test-dir/MiniOzoneClusterImpl-73a15bac-dca4-4ec7-8fa0-07a649b4923c/datanode-0/data/ratis/15e872d5-88a2-44b5-9591-e657e086ab0b
2022-12-22 10:15:29,837 [pool-572-thread-1] INFO  server.RaftServerConfigKeys (ConfUtils.java:logGet(46)) - raft.server.log.queue.byte-limit = 4294967296 (custom)
2022-12-22 10:15:29,837 [pool-572-thread-1] INFO  server.RaftServerConfigKeys (ConfUtils.java:logGet(46)) - raft.server.log.queue.element-limit = 1024 (custom)
2022-12-22 10:15:29,837 [pool-572-thread-1] INFO  server.RaftServerConfigKeys (ConfUtils.java:logGet(46)) - raft.server.log.segment.size.max = 1048576 (custom)
2022-12-22 10:15:29,837 [pool-572-thread-1] INFO  server.RaftServerConfigKeys (ConfUtils.java:logGet(46)) - raft.server.log.preallocated.size = 16384 (custom)
2022-12-22 10:15:29,837 [pool-572-thread-1] INFO  server.RaftServerConfigKeys (ConfUtils.java:logGet(46)) - raft.server.log.force.sync.num = 128 (default)
2022-12-22 10:15:29,837 [pool-572-thread-1] INFO  server.RaftServerConfigKeys (ConfUtils.java:logGet(46)) - raft.server.log.statemachine.data.sync = true (default)
2022-12-22 10:15:29,837 [pool-572-thread-1] INFO  server.RaftServerConfigKeys (ConfUtils.java:logGet(46)) - raft.server.log.statemachine.data.sync.timeout = 10s (default)
2022-12-22 10:15:29,837 [pool-572-thread-1] INFO  server.RaftServerConfigKeys (ConfUtils.java:logGet(46)) - raft.server.log.statemachine.data.sync.timeout.retry = -1 (default)
2022-12-22 10:15:29,837 [pool-572-thread-1] INFO  server.RaftServerConfigKeys (ConfUtils.java:logGet(46)) - raft.server.log.write.buffer.size = 1048576 (custom)
2022-12-22 10:15:29,837 [pool-572-thread-1] INFO  server.RaftServerConfigKeys (ConfUtils.java:logGet(46)) - raft.server.log.appender.buffer.byte-limit = 33554432 (custom)
2022-12-22 10:15:29,840 [pool-572-thread-1] INFO  server.RaftServerConfigKeys (ConfUtils.java:logGet(46)) - raft.server.log.unsafe-flush.enabled = false (default)
2022-12-22 10:15:29,840 [pool-572-thread-1] INFO  server.RaftServerConfigKeys (ConfUtils.java:logGet(46)) - raft.server.log.async-flush.enabled = false (default)
2022-12-22 10:15:29,840 [pool-572-thread-1] INFO  server.RaftServerConfigKeys (ConfUtils.java:logGet(46)) - raft.server.log.statemachine.data.caching.enabled = true (custom)
2022-12-22 10:15:29,840 [pool-572-thread-1] INFO  segmented.SegmentedRaftLogWorker (SegmentedRaftLogWorker.java:lambda$new$0(135)) - b6a383f5-2af4-4920-ba0e-06f6a7823127@group-E657E086AB0B-SegmentedRaftLogWorker: flushIndex: setUnconditionally 0 -> -1
2022-12-22 10:15:29,840 [pool-572-thread-1] INFO  segmented.SegmentedRaftLogWorker (SegmentedRaftLogWorker.java:lambda$new$0(135)) - b6a383f5-2af4-4920-ba0e-06f6a7823127@group-E657E086AB0B-SegmentedRaftLogWorker: safeCacheEvictIndex: setUnconditionally 0 -> -1
2022-12-22 10:15:29,841 [pool-572-thread-1] INFO  server.RaftServer$Division (RaftServerImpl.java:start(334)) - b6a383f5-2af4-4920-ba0e-06f6a7823127@group-E657E086AB0B: start as a follower, conf=-1: peers:[2749ac5f-27b9-44fd-ba97-bc431af24c01|rpc:127.0.0.1:43013|dataStream:127.0.0.1:44391|priority:1|startupRole:FOLLOWER, b6a383f5-2af4-4920-ba0e-06f6a7823127|rpc:127.0.0.1:36777|dataStream:127.0.0.1:46767|priority:0|startupRole:FOLLOWER, fef2fc50-c333-4590-b2a0-f31f883c87cf|rpc:127.0.0.1:33587|dataStream:127.0.0.1:44127|priority:0|startupRole:FOLLOWER]|listeners:[], old=null
2022-12-22 10:15:29,841 [pool-572-thread-1] INFO  server.RaftServer$Division (RaftServerImpl.java:setRole(321)) - b6a383f5-2af4-4920-ba0e-06f6a7823127@group-E657E086AB0B: changes role from      null to FOLLOWER at term 0 for startAsFollower
2022-12-22 10:15:29,841 [pool-572-thread-1] INFO  impl.RoleInfo (RoleInfo.java:updateAndGet(139)) - b6a383f5-2af4-4920-ba0e-06f6a7823127: start b6a383f5-2af4-4920-ba0e-06f6a7823127@group-E657E086AB0B-FollowerState
2022-12-22 10:15:29,843 [pool-572-thread-1] INFO  util.JmxRegister (JmxRegister.java:tryRegister(44)) - Successfully registered JMX Bean with object name Ratis:service=RaftServer,group=group-E657E086AB0B,id=b6a383f5-2af4-4920-ba0e-06f6a7823127
2022-12-22 10:15:29,843 [pool-572-thread-1] INFO  server.RaftServerConfigKeys (ConfUtils.java:logGet(46)) - raft.server.snapshot.auto.trigger.enabled = true (custom)
2022-12-22 10:15:29,843 [pool-572-thread-1] INFO  server.RaftServerConfigKeys (ConfUtils.java:logGet(46)) - raft.server.snapshot.auto.trigger.threshold = 10000 (custom)
2022-12-22 10:15:29,843 [pool-572-thread-1] INFO  server.RaftServerConfigKeys (ConfUtils.java:logGet(46)) - raft.server.snapshot.retention.file.num = 5 (custom)
2022-12-22 10:15:29,844 [pool-572-thread-1] INFO  server.RaftServerConfigKeys (ConfUtils.java:logGet(46)) - raft.server.log.purge.upto.snapshot.index = false (default)
2022-12-22 10:15:29,844 [Command processor thread] INFO  ratis.XceiverServerRatis (XceiverServerRatis.java:addGroup(806)) - Created group PipelineID=15e872d5-88a2-44b5-9591-e657e086ab0b
2022-12-22 10:15:29,844 [b6a383f5-2af4-4920-ba0e-06f6a7823127@group-E657E086AB0B-FollowerState] INFO  server.RaftServerConfigKeys (ConfUtils.java:logFallback(53)) - raft.server.rpc.first-election.timeout.min = 5s (fallback to raft.server.rpc.timeout.min)
2022-12-22 10:15:29,845 [b6a383f5-2af4-4920-ba0e-06f6a7823127@group-E657E086AB0B-FollowerState] INFO  server.RaftServerConfigKeys (ConfUtils.java:logFallback(53)) - raft.server.rpc.first-election.timeout.max = 5200ms (fallback to raft.server.rpc.timeout.max)
2022-12-22 10:15:29,852 [grpc-default-executor-1] INFO  server.RaftServer (RaftServerProxy.java:addNew(96)) - fef2fc50-c333-4590-b2a0-f31f883c87cf: addNew group-E657E086AB0B:[2749ac5f-27b9-44fd-ba97-bc431af24c01|rpc:127.0.0.1:43013|dataStream:127.0.0.1:44391|priority:1|startupRole:FOLLOWER, b6a383f5-2af4-4920-ba0e-06f6a7823127|rpc:127.0.0.1:36777|dataStream:127.0.0.1:46767|priority:0|startupRole:FOLLOWER, fef2fc50-c333-4590-b2a0-f31f883c87cf|rpc:127.0.0.1:33587|dataStream:127.0.0.1:44127|priority:0|startupRole:FOLLOWER] returns group-E657E086AB0B:java.util.concurrent.CompletableFuture@1c03071c[Not completed]
2022-12-22 10:15:29,853 [pool-595-thread-1] INFO  server.RaftServer$Division (RaftServerImpl.java:<init>(195)) - fef2fc50-c333-4590-b2a0-f31f883c87cf: new RaftServerImpl for group-E657E086AB0B:[2749ac5f-27b9-44fd-ba97-bc431af24c01|rpc:127.0.0.1:43013|dataStream:127.0.0.1:44391|priority:1|startupRole:FOLLOWER, b6a383f5-2af4-4920-ba0e-06f6a7823127|rpc:127.0.0.1:36777|dataStream:127.0.0.1:46767|priority:0|startupRole:FOLLOWER, fef2fc50-c333-4590-b2a0-f31f883c87cf|rpc:127.0.0.1:33587|dataStream:127.0.0.1:44127|priority:0|startupRole:FOLLOWER] with ContainerStateMachine:uninitialized
2022-12-22 10:15:29,853 [pool-595-thread-1] INFO  server.RaftServerConfigKeys (ConfUtils.java:logGet(46)) - raft.server.rpc.timeout.min = 5s (custom)
2022-12-22 10:15:29,853 [pool-595-thread-1] INFO  server.RaftServerConfigKeys (ConfUtils.java:logGet(46)) - raft.server.rpc.timeout.max = 5200ms (custom)
2022-12-22 10:15:29,853 [pool-595-thread-1] INFO  server.RaftServerConfigKeys (ConfUtils.java:logGet(46)) - raft.server.rpc.sleep.time = 25ms (default)
2022-12-22 10:15:29,853 [pool-595-thread-1] INFO  server.RaftServerConfigKeys (ConfUtils.java:logGet(46)) - raft.server.rpc.slowness.timeout = 300s (custom)
2022-12-22 10:15:29,853 [pool-595-thread-1] INFO  server.RaftServerConfigKeys (ConfUtils.java:logGet(46)) - raft.server.leaderelection.leader.step-down.wait-time = 10s (default)
2022-12-22 10:15:29,853 [pool-595-thread-1] INFO  server.RaftServerConfigKeys (ConfUtils.java:logGet(46)) - raft.server.sleep.deviation.threshold = 300ms (default)
2022-12-22 10:15:29,853 [pool-595-thread-1] INFO  server.RaftServer$Division (ServerState.java:<init>(118)) - fef2fc50-c333-4590-b2a0-f31f883c87cf@group-E657E086AB0B: ConfigurationManager, init=-1: peers:[2749ac5f-27b9-44fd-ba97-bc431af24c01|rpc:127.0.0.1:43013|dataStream:127.0.0.1:44391|priority:1|startupRole:FOLLOWER, b6a383f5-2af4-4920-ba0e-06f6a7823127|rpc:127.0.0.1:36777|dataStream:127.0.0.1:46767|priority:0|startupRole:FOLLOWER, fef2fc50-c333-4590-b2a0-f31f883c87cf|rpc:127.0.0.1:33587|dataStream:127.0.0.1:44127|priority:0|startupRole:FOLLOWER]|listeners:[], old=null, confs=<EMPTY_MAP>
2022-12-22 10:15:29,853 [pool-595-thread-1] INFO  server.RaftServerConfigKeys (ConfUtils.java:logGet(46)) - raft.server.storage.dir = [/home/runner/work/ozone/ozone/hadoop-ozone/integration-test/target/test-dir/MiniOzoneClusterImpl-73a15bac-dca4-4ec7-8fa0-07a649b4923c/datanode-1/data/ratis] (custom)
2022-12-22 10:15:29,853 [pool-595-thread-1] INFO  server.RaftServerConfigKeys (ConfUtils.java:logGet(46)) - raft.server.log.corruption.policy = EXCEPTION (default)
2022-12-22 10:15:29,853 [pool-595-thread-1] INFO  server.RaftServerConfigKeys (ConfUtils.java:logGet(46)) - raft.server.storage.free-space.min = 0MB (=0) (default)
2022-12-22 10:15:29,853 [pool-595-thread-1] INFO  server.RaftServerConfigKeys (ConfUtils.java:logGet(46)) - raft.server.notification.no-leader.timeout = 300s (custom)
2022-12-22 10:15:29,853 [pool-595-thread-1] INFO  server.RaftServerConfigKeys (ConfUtils.java:logGet(46)) - raft.server.retrycache.expirytime = 600000ms (custom)
2022-12-22 10:15:29,853 [pool-595-thread-1] INFO  server.RaftServerConfigKeys (ConfUtils.java:logGet(46)) - raft.server.retrycache.statistics.expirytime = 100μs (default)
2022-12-22 10:15:29,854 [pool-595-thread-1] INFO  server.RaftServerConfigKeys (ConfUtils.java:logGet(46)) - raft.server.log.appender.install.snapshot.enabled = false (custom)
2022-12-22 10:15:29,854 [pool-595-thread-1] INFO  server.RaftServerConfigKeys (ConfUtils.java:logGet(46)) - raft.server.threadpool.server.cached = true (default)
2022-12-22 10:15:29,854 [pool-595-thread-1] INFO  server.RaftServerConfigKeys (ConfUtils.java:logGet(46)) - raft.server.threadpool.server.size = 0 (default)
2022-12-22 10:15:29,854 [pool-595-thread-1] INFO  server.RaftServerConfigKeys (ConfUtils.java:logGet(46)) - raft.server.threadpool.client.cached = true (default)
2022-12-22 10:15:29,854 [pool-595-thread-1] INFO  server.RaftServerConfigKeys (ConfUtils.java:logGet(46)) - raft.server.threadpool.client.size = 0 (default)
2022-12-22 10:15:29,854 [pool-595-thread-1] INFO  storage.RaftStorageDirectory (RaftStorageDirectoryImpl.java:analyzeStorage(137)) - The storage directory /home/runner/work/ozone/ozone/hadoop-ozone/integration-test/target/test-dir/MiniOzoneClusterImpl-73a15bac-dca4-4ec7-8fa0-07a649b4923c/datanode-1/data/ratis/15e872d5-88a2-44b5-9591-e657e086ab0b does not exist. Creating ...
2022-12-22 10:15:29,855 [pool-595-thread-1] INFO  storage.RaftStorageDirectory (RaftStorageDirectoryImpl.java:tryLock(231)) - Lock on /home/runner/work/ozone/ozone/hadoop-ozone/integration-test/target/test-dir/MiniOzoneClusterImpl-73a15bac-dca4-4ec7-8fa0-07a649b4923c/datanode-1/data/ratis/15e872d5-88a2-44b5-9591-e657e086ab0b/in_use.lock acquired by nodename 33150@fv-az345-686
2022-12-22 10:15:29,856 [pool-595-thread-1] INFO  storage.RaftStorage (RaftStorageImpl.java:format(96)) - Storage directory /home/runner/work/ozone/ozone/hadoop-ozone/integration-test/target/test-dir/MiniOzoneClusterImpl-73a15bac-dca4-4ec7-8fa0-07a649b4923c/datanode-1/data/ratis/15e872d5-88a2-44b5-9591-e657e086ab0b has been successfully formatted.
2022-12-22 10:15:29,857 [pool-595-thread-1] INFO  ratis.ContainerStateMachine (ContainerStateMachine.java:loadSnapshot(240)) - group-E657E086AB0B: The snapshot info is null. Setting the last applied indexto:(t:0, i:~)
2022-12-22 10:15:29,857 [pool-595-thread-1] INFO  server.RaftServerConfigKeys (ConfUtils.java:logGet(46)) - raft.server.log.use.memory = false (default)
2022-12-22 10:15:29,857 [pool-595-thread-1] INFO  server.RaftServerConfigKeys (ConfUtils.java:logGet(46)) - raft.server.log.purge.gap = 1000000 (custom)
2022-12-22 10:15:29,857 [pool-595-thread-1] INFO  server.RaftServerConfigKeys (ConfUtils.java:logGet(46)) - raft.server.log.appender.buffer.byte-limit = 33554432 (custom)
2022-12-22 10:15:29,858 [EventQueue-CommandQueueReportForCommandQueueReportHandler] WARN  events.EventQueue (EventQueue.java:fireEvent(216)) - No event handler registered for event TypedEvent{payloadType=DatanodeDetails, name='Datanode_Command_Queue_Updated'}
2022-12-22 10:15:29,861 [pool-595-thread-1] INFO  server.RaftServerConfigKeys (ConfUtils.java:logGet(46)) - raft.server.log.statemachine.data.read.timeout = 1000ms (default)
2022-12-22 10:15:29,861 [pool-595-thread-1] INFO  server.RaftServerConfigKeys (ConfUtils.java:logGet(46)) - raft.server.log.purge.preservation.log.num = 0 (default)
2022-12-22 10:15:29,861 [pool-595-thread-1] INFO  server.RaftServerConfigKeys (ConfUtils.java:logGet(46)) - raft.server.log.segment.size.max = 1048576 (custom)
2022-12-22 10:15:29,861 [pool-595-thread-1] INFO  server.RaftServerConfigKeys (ConfUtils.java:logGet(46)) - raft.server.log.segment.cache.num.max = 2 (custom)
2022-12-22 10:15:29,861 [pool-595-thread-1] INFO  server.RaftServerConfigKeys (ConfUtils.java:logGet(46)) - raft.server.log.segment.cache.size.max = 200MB (=209715200) (default)
2022-12-22 10:15:29,861 [pool-595-thread-1] INFO  segmented.SegmentedRaftLogWorker (SegmentedRaftLogWorker.java:<init>(189)) - new fef2fc50-c333-4590-b2a0-f31f883c87cf@group-E657E086AB0B-SegmentedRaftLogWorker for RaftStorageImpl:Storage Directory /home/runner/work/ozone/ozone/hadoop-ozone/integration-test/target/test-dir/MiniOzoneClusterImpl-73a15bac-dca4-4ec7-8fa0-07a649b4923c/datanode-1/data/ratis/15e872d5-88a2-44b5-9591-e657e086ab0b
2022-12-22 10:15:29,861 [pool-595-thread-1] INFO  server.RaftServerConfigKeys (ConfUtils.java:logGet(46)) - raft.server.log.queue.byte-limit = 4294967296 (custom)
2022-12-22 10:15:29,861 [pool-595-thread-1] INFO  server.RaftServerConfigKeys (ConfUtils.java:logGet(46)) - raft.server.log.queue.element-limit = 1024 (custom)
2022-12-22 10:15:29,861 [pool-595-thread-1] INFO  server.RaftServerConfigKeys (ConfUtils.java:logGet(46)) - raft.server.log.segment.size.max = 1048576 (custom)
2022-12-22 10:15:29,861 [pool-595-thread-1] INFO  server.RaftServerConfigKeys (ConfUtils.java:logGet(46)) - raft.server.log.preallocated.size = 16384 (custom)
2022-12-22 10:15:29,861 [pool-595-thread-1] INFO  server.RaftServerConfigKeys (ConfUtils.java:logGet(46)) - raft.server.log.force.sync.num = 128 (default)
2022-12-22 10:15:29,861 [pool-595-thread-1] INFO  server.RaftServerConfigKeys (ConfUtils.java:logGet(46)) - raft.server.log.statemachine.data.sync = true (default)
2022-12-22 10:15:29,861 [pool-595-thread-1] INFO  server.RaftServerConfigKeys (ConfUtils.java:logGet(46)) - raft.server.log.statemachine.data.sync.timeout = 10s (default)
2022-12-22 10:15:29,861 [pool-595-thread-1] INFO  server.RaftServerConfigKeys (ConfUtils.java:logGet(46)) - raft.server.log.statemachine.data.sync.timeout.retry = -1 (default)
2022-12-22 10:15:29,862 [pool-595-thread-1] INFO  server.RaftServerConfigKeys (ConfUtils.java:logGet(46)) - raft.server.log.write.buffer.size = 1048576 (custom)
2022-12-22 10:15:29,862 [pool-595-thread-1] INFO  server.RaftServerConfigKeys (ConfUtils.java:logGet(46)) - raft.server.log.appender.buffer.byte-limit = 33554432 (custom)
2022-12-22 10:15:29,865 [pool-595-thread-1] INFO  server.RaftServerConfigKeys (ConfUtils.java:logGet(46)) - raft.server.log.unsafe-flush.enabled = false (default)
2022-12-22 10:15:29,865 [pool-595-thread-1] INFO  server.RaftServerConfigKeys (ConfUtils.java:logGet(46)) - raft.server.log.async-flush.enabled = false (default)
2022-12-22 10:15:29,865 [pool-595-thread-1] INFO  server.RaftServerConfigKeys (ConfUtils.java:logGet(46)) - raft.server.log.statemachine.data.caching.enabled = true (custom)
2022-12-22 10:15:29,865 [pool-595-thread-1] INFO  segmented.SegmentedRaftLogWorker (SegmentedRaftLogWorker.java:lambda$new$0(135)) - fef2fc50-c333-4590-b2a0-f31f883c87cf@group-E657E086AB0B-SegmentedRaftLogWorker: flushIndex: setUnconditionally 0 -> -1
2022-12-22 10:15:29,865 [pool-595-thread-1] INFO  segmented.SegmentedRaftLogWorker (SegmentedRaftLogWorker.java:lambda$new$0(135)) - fef2fc50-c333-4590-b2a0-f31f883c87cf@group-E657E086AB0B-SegmentedRaftLogWorker: safeCacheEvictIndex: setUnconditionally 0 -> -1
2022-12-22 10:15:29,865 [pool-595-thread-1] INFO  server.RaftServer$Division (RaftServerImpl.java:start(334)) - fef2fc50-c333-4590-b2a0-f31f883c87cf@group-E657E086AB0B: start as a follower, conf=-1: peers:[2749ac5f-27b9-44fd-ba97-bc431af24c01|rpc:127.0.0.1:43013|dataStream:127.0.0.1:44391|priority:1|startupRole:FOLLOWER, b6a383f5-2af4-4920-ba0e-06f6a7823127|rpc:127.0.0.1:36777|dataStream:127.0.0.1:46767|priority:0|startupRole:FOLLOWER, fef2fc50-c333-4590-b2a0-f31f883c87cf|rpc:127.0.0.1:33587|dataStream:127.0.0.1:44127|priority:0|startupRole:FOLLOWER]|listeners:[], old=null
2022-12-22 10:15:29,865 [pool-595-thread-1] INFO  server.RaftServer$Division (RaftServerImpl.java:setRole(321)) - fef2fc50-c333-4590-b2a0-f31f883c87cf@group-E657E086AB0B: changes role from      null to FOLLOWER at term 0 for startAsFollower
2022-12-22 10:15:29,865 [pool-595-thread-1] INFO  impl.RoleInfo (RoleInfo.java:updateAndGet(139)) - fef2fc50-c333-4590-b2a0-f31f883c87cf: start fef2fc50-c333-4590-b2a0-f31f883c87cf@group-E657E086AB0B-FollowerState
2022-12-22 10:15:29,866 [fef2fc50-c333-4590-b2a0-f31f883c87cf@group-E657E086AB0B-FollowerState] INFO  server.RaftServerConfigKeys (ConfUtils.java:logFallback(53)) - raft.server.rpc.first-election.timeout.min = 5s (fallback to raft.server.rpc.timeout.min)
2022-12-22 10:15:29,866 [pool-595-thread-1] INFO  util.JmxRegister (JmxRegister.java:tryRegister(44)) - Successfully registered JMX Bean with object name Ratis:service=RaftServer,group=group-E657E086AB0B,id=fef2fc50-c333-4590-b2a0-f31f883c87cf
2022-12-22 10:15:29,866 [fef2fc50-c333-4590-b2a0-f31f883c87cf@group-E657E086AB0B-FollowerState] INFO  server.RaftServerConfigKeys (ConfUtils.java:logFallback(53)) - raft.server.rpc.first-election.timeout.max = 5200ms (fallback to raft.server.rpc.timeout.max)
2022-12-22 10:15:29,866 [pool-595-thread-1] INFO  server.RaftServerConfigKeys (ConfUtils.java:logGet(46)) - raft.server.snapshot.auto.trigger.enabled = true (custom)
2022-12-22 10:15:29,866 [pool-595-thread-1] INFO  server.RaftServerConfigKeys (ConfUtils.java:logGet(46)) - raft.server.snapshot.auto.trigger.threshold = 10000 (custom)
2022-12-22 10:15:29,866 [pool-595-thread-1] INFO  server.RaftServerConfigKeys (ConfUtils.java:logGet(46)) - raft.server.snapshot.retention.file.num = 5 (custom)
2022-12-22 10:15:29,866 [pool-595-thread-1] INFO  server.RaftServerConfigKeys (ConfUtils.java:logGet(46)) - raft.server.log.purge.upto.snapshot.index = false (default)
2022-12-22 10:15:29,882 [grpc-default-executor-1] INFO  server.RaftServer (RaftServerProxy.java:addNew(96)) - 2749ac5f-27b9-44fd-ba97-bc431af24c01: addNew group-E657E086AB0B:[2749ac5f-27b9-44fd-ba97-bc431af24c01|rpc:127.0.0.1:43013|dataStream:127.0.0.1:44391|priority:1|startupRole:FOLLOWER, b6a383f5-2af4-4920-ba0e-06f6a7823127|rpc:127.0.0.1:36777|dataStream:127.0.0.1:46767|priority:0|startupRole:FOLLOWER, fef2fc50-c333-4590-b2a0-f31f883c87cf|rpc:127.0.0.1:33587|dataStream:127.0.0.1:44127|priority:0|startupRole:FOLLOWER] returns group-E657E086AB0B:java.util.concurrent.CompletableFuture@bd20e80[Not completed]
2022-12-22 10:15:29,882 [pool-618-thread-1] INFO  server.RaftServer$Division (RaftServerImpl.java:<init>(195)) - 2749ac5f-27b9-44fd-ba97-bc431af24c01: new RaftServerImpl for group-E657E086AB0B:[2749ac5f-27b9-44fd-ba97-bc431af24c01|rpc:127.0.0.1:43013|dataStream:127.0.0.1:44391|priority:1|startupRole:FOLLOWER, b6a383f5-2af4-4920-ba0e-06f6a7823127|rpc:127.0.0.1:36777|dataStream:127.0.0.1:46767|priority:0|startupRole:FOLLOWER, fef2fc50-c333-4590-b2a0-f31f883c87cf|rpc:127.0.0.1:33587|dataStream:127.0.0.1:44127|priority:0|startupRole:FOLLOWER] with ContainerStateMachine:uninitialized
2022-12-22 10:15:29,882 [pool-618-thread-1] INFO  server.RaftServerConfigKeys (ConfUtils.java:logGet(46)) - raft.server.rpc.timeout.min = 5s (custom)
2022-12-22 10:15:29,882 [pool-618-thread-1] INFO  server.RaftServerConfigKeys (ConfUtils.java:logGet(46)) - raft.server.rpc.timeout.max = 5200ms (custom)
2022-12-22 10:15:29,882 [pool-618-thread-1] INFO  server.RaftServerConfigKeys (ConfUtils.java:logGet(46)) - raft.server.rpc.sleep.time = 25ms (default)
2022-12-22 10:15:29,883 [pool-618-thread-1] INFO  server.RaftServerConfigKeys (ConfUtils.java:logGet(46)) - raft.server.rpc.slowness.timeout = 300s (custom)
2022-12-22 10:15:29,883 [pool-618-thread-1] INFO  server.RaftServerConfigKeys (ConfUtils.java:logGet(46)) - raft.server.leaderelection.leader.step-down.wait-time = 10s (default)
2022-12-22 10:15:29,883 [pool-618-thread-1] INFO  server.RaftServerConfigKeys (ConfUtils.java:logGet(46)) - raft.server.sleep.deviation.threshold = 300ms (default)
2022-12-22 10:15:29,883 [pool-618-thread-1] INFO  server.RaftServer$Division (ServerState.java:<init>(118)) - 2749ac5f-27b9-44fd-ba97-bc431af24c01@group-E657E086AB0B: ConfigurationManager, init=-1: peers:[2749ac5f-27b9-44fd-ba97-bc431af24c01|rpc:127.0.0.1:43013|dataStream:127.0.0.1:44391|priority:1|startupRole:FOLLOWER, b6a383f5-2af4-4920-ba0e-06f6a7823127|rpc:127.0.0.1:36777|dataStream:127.0.0.1:46767|priority:0|startupRole:FOLLOWER, fef2fc50-c333-4590-b2a0-f31f883c87cf|rpc:127.0.0.1:33587|dataStream:127.0.0.1:44127|priority:0|startupRole:FOLLOWER]|listeners:[], old=null, confs=<EMPTY_MAP>
2022-12-22 10:15:29,883 [pool-618-thread-1] INFO  server.RaftServerConfigKeys (ConfUtils.java:logGet(46)) - raft.server.storage.dir = [/home/runner/work/ozone/ozone/hadoop-ozone/integration-test/target/test-dir/MiniOzoneClusterImpl-73a15bac-dca4-4ec7-8fa0-07a649b4923c/datanode-2/data/ratis] (custom)
2022-12-22 10:15:29,883 [pool-618-thread-1] INFO  server.RaftServerConfigKeys (ConfUtils.java:logGet(46)) - raft.server.log.corruption.policy = EXCEPTION (default)
2022-12-22 10:15:29,883 [pool-618-thread-1] INFO  server.RaftServerConfigKeys (ConfUtils.java:logGet(46)) - raft.server.storage.free-space.min = 0MB (=0) (default)
2022-12-22 10:15:29,883 [pool-618-thread-1] INFO  server.RaftServerConfigKeys (ConfUtils.java:logGet(46)) - raft.server.notification.no-leader.timeout = 300s (custom)
2022-12-22 10:15:29,883 [pool-618-thread-1] INFO  server.RaftServerConfigKeys (ConfUtils.java:logGet(46)) - raft.server.retrycache.expirytime = 600000ms (custom)
2022-12-22 10:15:29,883 [pool-618-thread-1] INFO  server.RaftServerConfigKeys (ConfUtils.java:logGet(46)) - raft.server.retrycache.statistics.expirytime = 100μs (default)
2022-12-22 10:15:29,884 [pool-618-thread-1] INFO  server.RaftServerConfigKeys (ConfUtils.java:logGet(46)) - raft.server.log.appender.install.snapshot.enabled = false (custom)
2022-12-22 10:15:29,884 [pool-618-thread-1] INFO  server.RaftServerConfigKeys (ConfUtils.java:logGet(46)) - raft.server.threadpool.server.cached = true (default)
2022-12-22 10:15:29,884 [pool-618-thread-1] INFO  server.RaftServerConfigKeys (ConfUtils.java:logGet(46)) - raft.server.threadpool.server.size = 0 (default)
2022-12-22 10:15:29,884 [pool-618-thread-1] INFO  server.RaftServerConfigKeys (ConfUtils.java:logGet(46)) - raft.server.threadpool.client.cached = true (default)
2022-12-22 10:15:29,884 [pool-618-thread-1] INFO  server.RaftServerConfigKeys (ConfUtils.java:logGet(46)) - raft.server.threadpool.client.size = 0 (default)
2022-12-22 10:15:29,884 [pool-618-thread-1] INFO  storage.RaftStorageDirectory (RaftStorageDirectoryImpl.java:analyzeStorage(137)) - The storage directory /home/runner/work/ozone/ozone/hadoop-ozone/integration-test/target/test-dir/MiniOzoneClusterImpl-73a15bac-dca4-4ec7-8fa0-07a649b4923c/datanode-2/data/ratis/15e872d5-88a2-44b5-9591-e657e086ab0b does not exist. Creating ...
2022-12-22 10:15:29,885 [pool-618-thread-1] INFO  storage.RaftStorageDirectory (RaftStorageDirectoryImpl.java:tryLock(231)) - Lock on /home/runner/work/ozone/ozone/hadoop-ozone/integration-test/target/test-dir/MiniOzoneClusterImpl-73a15bac-dca4-4ec7-8fa0-07a649b4923c/datanode-2/data/ratis/15e872d5-88a2-44b5-9591-e657e086ab0b/in_use.lock acquired by nodename 33150@fv-az345-686
2022-12-22 10:15:29,886 [pool-618-thread-1] INFO  storage.RaftStorage (RaftStorageImpl.java:format(96)) - Storage directory /home/runner/work/ozone/ozone/hadoop-ozone/integration-test/target/test-dir/MiniOzoneClusterImpl-73a15bac-dca4-4ec7-8fa0-07a649b4923c/datanode-2/data/ratis/15e872d5-88a2-44b5-9591-e657e086ab0b has been successfully formatted.
2022-12-22 10:15:29,886 [pool-618-thread-1] INFO  ratis.ContainerStateMachine (ContainerStateMachine.java:loadSnapshot(240)) - group-E657E086AB0B: The snapshot info is null. Setting the last applied indexto:(t:0, i:~)
2022-12-22 10:15:29,886 [pool-618-thread-1] INFO  server.RaftServerConfigKeys (ConfUtils.java:logGet(46)) - raft.server.log.use.memory = false (default)
2022-12-22 10:15:29,887 [pool-618-thread-1] INFO  server.RaftServerConfigKeys (ConfUtils.java:logGet(46)) - raft.server.log.purge.gap = 1000000 (custom)
2022-12-22 10:15:29,887 [pool-618-thread-1] INFO  server.RaftServerConfigKeys (ConfUtils.java:logGet(46)) - raft.server.log.appender.buffer.byte-limit = 33554432 (custom)
2022-12-22 10:15:29,888 [pool-618-thread-1] INFO  server.RaftServerConfigKeys (ConfUtils.java:logGet(46)) - raft.server.log.statemachine.data.read.timeout = 1000ms (default)
2022-12-22 10:15:29,888 [EventQueue-CommandQueueReportForCommandQueueReportHandler] WARN  events.EventQueue (EventQueue.java:fireEvent(216)) - No event handler registered for event TypedEvent{payloadType=DatanodeDetails, name='Datanode_Command_Queue_Updated'}
2022-12-22 10:15:29,894 [pool-618-thread-1] INFO  server.RaftServerConfigKeys (ConfUtils.java:logGet(46)) - raft.server.log.purge.preservation.log.num = 0 (default)
2022-12-22 10:15:29,894 [pool-618-thread-1] INFO  server.RaftServerConfigKeys (ConfUtils.java:logGet(46)) - raft.server.log.segment.size.max = 1048576 (custom)
2022-12-22 10:15:29,894 [pool-618-thread-1] INFO  server.RaftServerConfigKeys (ConfUtils.java:logGet(46)) - raft.server.log.segment.cache.num.max = 2 (custom)
2022-12-22 10:15:29,894 [pool-618-thread-1] INFO  server.RaftServerConfigKeys (ConfUtils.java:logGet(46)) - raft.server.log.segment.cache.size.max = 200MB (=209715200) (default)
2022-12-22 10:15:29,894 [pool-618-thread-1] INFO  segmented.SegmentedRaftLogWorker (SegmentedRaftLogWorker.java:<init>(189)) - new 2749ac5f-27b9-44fd-ba97-bc431af24c01@group-E657E086AB0B-SegmentedRaftLogWorker for RaftStorageImpl:Storage Directory /home/runner/work/ozone/ozone/hadoop-ozone/integration-test/target/test-dir/MiniOzoneClusterImpl-73a15bac-dca4-4ec7-8fa0-07a649b4923c/datanode-2/data/ratis/15e872d5-88a2-44b5-9591-e657e086ab0b
2022-12-22 10:15:29,894 [pool-618-thread-1] INFO  server.RaftServerConfigKeys (ConfUtils.java:logGet(46)) - raft.server.log.queue.byte-limit = 4294967296 (custom)
2022-12-22 10:15:29,894 [pool-618-thread-1] INFO  server.RaftServerConfigKeys (ConfUtils.java:logGet(46)) - raft.server.log.queue.element-limit = 1024 (custom)
2022-12-22 10:15:29,894 [pool-618-thread-1] INFO  server.RaftServerConfigKeys (ConfUtils.java:logGet(46)) - raft.server.log.segment.size.max = 1048576 (custom)
2022-12-22 10:15:29,894 [pool-618-thread-1] INFO  server.RaftServerConfigKeys (ConfUtils.java:logGet(46)) - raft.server.log.preallocated.size = 16384 (custom)
2022-12-22 10:15:29,894 [pool-618-thread-1] INFO  server.RaftServerConfigKeys (ConfUtils.java:logGet(46)) - raft.server.log.force.sync.num = 128 (default)
2022-12-22 10:15:29,894 [pool-618-thread-1] INFO  server.RaftServerConfigKeys (ConfUtils.java:logGet(46)) - raft.server.log.statemachine.data.sync = true (default)
2022-12-22 10:15:29,894 [pool-618-thread-1] INFO  server.RaftServerConfigKeys (ConfUtils.java:logGet(46)) - raft.server.log.statemachine.data.sync.timeout = 10s (default)
2022-12-22 10:15:29,894 [pool-618-thread-1] INFO  server.RaftServerConfigKeys (ConfUtils.java:logGet(46)) - raft.server.log.statemachine.data.sync.timeout.retry = -1 (default)
2022-12-22 10:15:29,895 [pool-618-thread-1] INFO  server.RaftServerConfigKeys (ConfUtils.java:logGet(46)) - raft.server.log.write.buffer.size = 1048576 (custom)
2022-12-22 10:15:29,895 [pool-618-thread-1] INFO  server.RaftServerConfigKeys (ConfUtils.java:logGet(46)) - raft.server.log.appender.buffer.byte-limit = 33554432 (custom)
2022-12-22 10:15:29,898 [pool-618-thread-1] INFO  server.RaftServerConfigKeys (ConfUtils.java:logGet(46)) - raft.server.log.unsafe-flush.enabled = false (default)
2022-12-22 10:15:29,898 [pool-618-thread-1] INFO  server.RaftServerConfigKeys (ConfUtils.java:logGet(46)) - raft.server.log.async-flush.enabled = false (default)
2022-12-22 10:15:29,898 [pool-618-thread-1] INFO  server.RaftServerConfigKeys (ConfUtils.java:logGet(46)) - raft.server.log.statemachine.data.caching.enabled = true (custom)
2022-12-22 10:15:29,898 [pool-618-thread-1] INFO  segmented.SegmentedRaftLogWorker (SegmentedRaftLogWorker.java:lambda$new$0(135)) - 2749ac5f-27b9-44fd-ba97-bc431af24c01@group-E657E086AB0B-SegmentedRaftLogWorker: flushIndex: setUnconditionally 0 -> -1
2022-12-22 10:15:29,898 [pool-618-thread-1] INFO  segmented.SegmentedRaftLogWorker (SegmentedRaftLogWorker.java:lambda$new$0(135)) - 2749ac5f-27b9-44fd-ba97-bc431af24c01@group-E657E086AB0B-SegmentedRaftLogWorker: safeCacheEvictIndex: setUnconditionally 0 -> -1
2022-12-22 10:15:29,899 [pool-618-thread-1] INFO  server.RaftServer$Division (RaftServerImpl.java:start(334)) - 2749ac5f-27b9-44fd-ba97-bc431af24c01@group-E657E086AB0B: start as a follower, conf=-1: peers:[2749ac5f-27b9-44fd-ba97-bc431af24c01|rpc:127.0.0.1:43013|dataStream:127.0.0.1:44391|priority:1|startupRole:FOLLOWER, b6a383f5-2af4-4920-ba0e-06f6a7823127|rpc:127.0.0.1:36777|dataStream:127.0.0.1:46767|priority:0|startupRole:FOLLOWER, fef2fc50-c333-4590-b2a0-f31f883c87cf|rpc:127.0.0.1:33587|dataStream:127.0.0.1:44127|priority:0|startupRole:FOLLOWER]|listeners:[], old=null
2022-12-22 10:15:29,899 [pool-618-thread-1] INFO  server.RaftServer$Division (RaftServerImpl.java:setRole(321)) - 2749ac5f-27b9-44fd-ba97-bc431af24c01@group-E657E086AB0B: changes role from      null to FOLLOWER at term 0 for startAsFollower
2022-12-22 10:15:29,899 [pool-618-thread-1] INFO  impl.RoleInfo (RoleInfo.java:updateAndGet(139)) - 2749ac5f-27b9-44fd-ba97-bc431af24c01: start 2749ac5f-27b9-44fd-ba97-bc431af24c01@group-E657E086AB0B-FollowerState
2022-12-22 10:15:29,899 [pool-618-thread-1] INFO  util.JmxRegister (JmxRegister.java:tryRegister(44)) - Successfully registered JMX Bean with object name Ratis:service=RaftServer,group=group-E657E086AB0B,id=2749ac5f-27b9-44fd-ba97-bc431af24c01
2022-12-22 10:15:29,899 [pool-618-thread-1] INFO  server.RaftServerConfigKeys (ConfUtils.java:logGet(46)) - raft.server.snapshot.auto.trigger.enabled = true (custom)
2022-12-22 10:15:29,899 [pool-618-thread-1] INFO  server.RaftServerConfigKeys (ConfUtils.java:logGet(46)) - raft.server.snapshot.auto.trigger.threshold = 10000 (custom)
2022-12-22 10:15:29,899 [pool-618-thread-1] INFO  server.RaftServerConfigKeys (ConfUtils.java:logGet(46)) - raft.server.snapshot.retention.file.num = 5 (custom)
2022-12-22 10:15:29,899 [pool-618-thread-1] INFO  server.RaftServerConfigKeys (ConfUtils.java:logGet(46)) - raft.server.log.purge.upto.snapshot.index = false (default)
2022-12-22 10:15:29,899 [2749ac5f-27b9-44fd-ba97-bc431af24c01@group-E657E086AB0B-FollowerState] INFO  server.RaftServerConfigKeys (ConfUtils.java:logFallback(53)) - raft.server.rpc.first-election.timeout.min = 5s (fallback to raft.server.rpc.timeout.min)
2022-12-22 10:15:29,900 [2749ac5f-27b9-44fd-ba97-bc431af24c01@group-E657E086AB0B-FollowerState] INFO  server.RaftServerConfigKeys (ConfUtils.java:logFallback(53)) - raft.server.rpc.first-election.timeout.max = 5200ms (fallback to raft.server.rpc.timeout.max)
2022-12-22 10:15:29,902 [Command processor thread] INFO  commandhandler.CreatePipelineCommandHandler (CreatePipelineCommandHandler.java:handle(113)) - Created Pipeline RATIS THREE PipelineID=15e872d5-88a2-44b5-9591-e657e086ab0b.
2022-12-22 10:15:29,903 [Command processor thread] INFO  server.RaftServer (RaftServerProxy.java:addNew(96)) - b6a383f5-2af4-4920-ba0e-06f6a7823127: addNew group-BD8457A0B9C7:[2749ac5f-27b9-44fd-ba97-bc431af24c01|rpc:127.0.0.1:43013|dataStream:127.0.0.1:44391|priority:0|startupRole:FOLLOWER, b6a383f5-2af4-4920-ba0e-06f6a7823127|rpc:127.0.0.1:36777|dataStream:127.0.0.1:46767|priority:0|startupRole:FOLLOWER, fef2fc50-c333-4590-b2a0-f31f883c87cf|rpc:127.0.0.1:33587|dataStream:127.0.0.1:44127|priority:1|startupRole:FOLLOWER] returns group-BD8457A0B9C7:java.util.concurrent.CompletableFuture@7f9d38a9[Not completed]
2022-12-22 10:15:29,903 [pool-572-thread-1] INFO  server.RaftServer$Division (RaftServerImpl.java:<init>(195)) - b6a383f5-2af4-4920-ba0e-06f6a7823127: new RaftServerImpl for group-BD8457A0B9C7:[2749ac5f-27b9-44fd-ba97-bc431af24c01|rpc:127.0.0.1:43013|dataStream:127.0.0.1:44391|priority:0|startupRole:FOLLOWER, b6a383f5-2af4-4920-ba0e-06f6a7823127|rpc:127.0.0.1:36777|dataStream:127.0.0.1:46767|priority:0|startupRole:FOLLOWER, fef2fc50-c333-4590-b2a0-f31f883c87cf|rpc:127.0.0.1:33587|dataStream:127.0.0.1:44127|priority:1|startupRole:FOLLOWER] with ContainerStateMachine:uninitialized
2022-12-22 10:15:29,903 [pool-572-thread-1] INFO  server.RaftServerConfigKeys (ConfUtils.java:logGet(46)) - raft.server.rpc.timeout.min = 5s (custom)
2022-12-22 10:15:29,903 [pool-572-thread-1] INFO  server.RaftServerConfigKeys (ConfUtils.java:logGet(46)) - raft.server.rpc.timeout.max = 5200ms (custom)
2022-12-22 10:15:29,904 [pool-572-thread-1] INFO  server.RaftServerConfigKeys (ConfUtils.java:logGet(46)) - raft.server.rpc.sleep.time = 25ms (default)
2022-12-22 10:15:29,904 [pool-572-thread-1] INFO  server.RaftServerConfigKeys (ConfUtils.java:logGet(46)) - raft.server.rpc.slowness.timeout = 300s (custom)
2022-12-22 10:15:29,904 [pool-572-thread-1] INFO  server.RaftServerConfigKeys (ConfUtils.java:logGet(46)) - raft.server.leaderelection.leader.step-down.wait-time = 10s (default)
2022-12-22 10:15:29,904 [pool-572-thread-1] INFO  server.RaftServerConfigKeys (ConfUtils.java:logGet(46)) - raft.server.sleep.deviation.threshold = 300ms (default)
2022-12-22 10:15:29,904 [pool-572-thread-1] INFO  server.RaftServer$Division (ServerState.java:<init>(118)) - b6a383f5-2af4-4920-ba0e-06f6a7823127@group-BD8457A0B9C7: ConfigurationManager, init=-1: peers:[2749ac5f-27b9-44fd-ba97-bc431af24c01|rpc:127.0.0.1:43013|dataStream:127.0.0.1:44391|priority:0|startupRole:FOLLOWER, b6a383f5-2af4-4920-ba0e-06f6a7823127|rpc:127.0.0.1:36777|dataStream:127.0.0.1:46767|priority:0|startupRole:FOLLOWER, fef2fc50-c333-4590-b2a0-f31f883c87cf|rpc:127.0.0.1:33587|dataStream:127.0.0.1:44127|priority:1|startupRole:FOLLOWER]|listeners:[], old=null, confs=<EMPTY_MAP>
2022-12-22 10:15:29,904 [pool-572-thread-1] INFO  server.RaftServerConfigKeys (ConfUtils.java:logGet(46)) - raft.server.storage.dir = [/home/runner/work/ozone/ozone/hadoop-ozone/integration-test/target/test-dir/MiniOzoneClusterImpl-73a15bac-dca4-4ec7-8fa0-07a649b4923c/datanode-0/data/ratis] (custom)
2022-12-22 10:15:29,904 [pool-572-thread-1] INFO  server.RaftServerConfigKeys (ConfUtils.java:logGet(46)) - raft.server.log.corruption.policy = EXCEPTION (default)
2022-12-22 10:15:29,904 [pool-572-thread-1] INFO  server.RaftServerConfigKeys (ConfUtils.java:logGet(46)) - raft.server.storage.free-space.min = 0MB (=0) (default)
2022-12-22 10:15:29,904 [pool-572-thread-1] INFO  server.RaftServerConfigKeys (ConfUtils.java:logGet(46)) - raft.server.notification.no-leader.timeout = 300s (custom)
2022-12-22 10:15:29,904 [pool-572-thread-1] INFO  server.RaftServerConfigKeys (ConfUtils.java:logGet(46)) - raft.server.retrycache.expirytime = 600000ms (custom)
2022-12-22 10:15:29,904 [pool-572-thread-1] INFO  server.RaftServerConfigKeys (ConfUtils.java:logGet(46)) - raft.server.retrycache.statistics.expirytime = 100μs (default)
2022-12-22 10:15:29,905 [pool-572-thread-1] INFO  server.RaftServerConfigKeys (ConfUtils.java:logGet(46)) - raft.server.log.appender.install.snapshot.enabled = false (custom)
2022-12-22 10:15:29,905 [pool-572-thread-1] INFO  server.RaftServerConfigKeys (ConfUtils.java:logGet(46)) - raft.server.threadpool.server.cached = true (default)
2022-12-22 10:15:29,905 [pool-572-thread-1] INFO  server.RaftServerConfigKeys (ConfUtils.java:logGet(46)) - raft.server.threadpool.server.size = 0 (default)
2022-12-22 10:15:29,905 [pool-572-thread-1] INFO  server.RaftServerConfigKeys (ConfUtils.java:logGet(46)) - raft.server.threadpool.client.cached = true (default)
2022-12-22 10:15:29,905 [pool-572-thread-1] INFO  server.RaftServerConfigKeys (ConfUtils.java:logGet(46)) - raft.server.threadpool.client.size = 0 (default)
2022-12-22 10:15:29,905 [pool-572-thread-1] INFO  storage.RaftStorageDirectory (RaftStorageDirectoryImpl.java:analyzeStorage(137)) - The storage directory /home/runner/work/ozone/ozone/hadoop-ozone/integration-test/target/test-dir/MiniOzoneClusterImpl-73a15bac-dca4-4ec7-8fa0-07a649b4923c/datanode-0/data/ratis/db376c29-bad1-4ef0-9202-bd8457a0b9c7 does not exist. Creating ...
2022-12-22 10:15:29,906 [pool-572-thread-1] INFO  storage.RaftStorageDirectory (RaftStorageDirectoryImpl.java:tryLock(231)) - Lock on /home/runner/work/ozone/ozone/hadoop-ozone/integration-test/target/test-dir/MiniOzoneClusterImpl-73a15bac-dca4-4ec7-8fa0-07a649b4923c/datanode-0/data/ratis/db376c29-bad1-4ef0-9202-bd8457a0b9c7/in_use.lock acquired by nodename 33150@fv-az345-686
2022-12-22 10:15:29,906 [pool-572-thread-1] INFO  storage.RaftStorage (RaftStorageImpl.java:format(96)) - Storage directory /home/runner/work/ozone/ozone/hadoop-ozone/integration-test/target/test-dir/MiniOzoneClusterImpl-73a15bac-dca4-4ec7-8fa0-07a649b4923c/datanode-0/data/ratis/db376c29-bad1-4ef0-9202-bd8457a0b9c7 has been successfully formatted.
2022-12-22 10:15:29,907 [pool-572-thread-1] INFO  ratis.ContainerStateMachine (ContainerStateMachine.java:loadSnapshot(240)) - group-BD8457A0B9C7: The snapshot info is null. Setting the last applied indexto:(t:0, i:~)
2022-12-22 10:15:29,907 [pool-572-thread-1] INFO  server.RaftServerConfigKeys (ConfUtils.java:logGet(46)) - raft.server.log.use.memory = false (default)
2022-12-22 10:15:29,907 [pool-572-thread-1] INFO  server.RaftServerConfigKeys (ConfUtils.java:logGet(46)) - raft.server.log.purge.gap = 1000000 (custom)
2022-12-22 10:15:29,907 [pool-572-thread-1] INFO  server.RaftServerConfigKeys (ConfUtils.java:logGet(46)) - raft.server.log.appender.buffer.byte-limit = 33554432 (custom)
2022-12-22 10:15:29,907 [pool-572-thread-1] INFO  server.RaftServerConfigKeys (ConfUtils.java:logGet(46)) - raft.server.log.statemachine.data.read.timeout = 1000ms (default)
2022-12-22 10:15:29,907 [pool-572-thread-1] INFO  server.RaftServerConfigKeys (ConfUtils.java:logGet(46)) - raft.server.log.purge.preservation.log.num = 0 (default)
2022-12-22 10:15:29,907 [pool-572-thread-1] INFO  server.RaftServerConfigKeys (ConfUtils.java:logGet(46)) - raft.server.log.segment.size.max = 1048576 (custom)
2022-12-22 10:15:29,907 [pool-572-thread-1] INFO  server.RaftServerConfigKeys (ConfUtils.java:logGet(46)) - raft.server.log.segment.cache.num.max = 2 (custom)
2022-12-22 10:15:29,907 [pool-572-thread-1] INFO  server.RaftServerConfigKeys (ConfUtils.java:logGet(46)) - raft.server.log.segment.cache.size.max = 200MB (=209715200) (default)
2022-12-22 10:15:29,907 [pool-572-thread-1] INFO  segmented.SegmentedRaftLogWorker (SegmentedRaftLogWorker.java:<init>(189)) - new b6a383f5-2af4-4920-ba0e-06f6a7823127@group-BD8457A0B9C7-SegmentedRaftLogWorker for RaftStorageImpl:Storage Directory /home/runner/work/ozone/ozone/hadoop-ozone/integration-test/target/test-dir/MiniOzoneClusterImpl-73a15bac-dca4-4ec7-8fa0-07a649b4923c/datanode-0/data/ratis/db376c29-bad1-4ef0-9202-bd8457a0b9c7
2022-12-22 10:15:29,907 [pool-572-thread-1] INFO  server.RaftServerConfigKeys (ConfUtils.java:logGet(46)) - raft.server.log.queue.byte-limit = 4294967296 (custom)
2022-12-22 10:15:29,907 [pool-572-thread-1] INFO  server.RaftServerConfigKeys (ConfUtils.java:logGet(46)) - raft.server.log.queue.element-limit = 1024 (custom)
2022-12-22 10:15:29,907 [pool-572-thread-1] INFO  server.RaftServerConfigKeys (ConfUtils.java:logGet(46)) - raft.server.log.segment.size.max = 1048576 (custom)
2022-12-22 10:15:29,907 [pool-572-thread-1] INFO  server.RaftServerConfigKeys (ConfUtils.java:logGet(46)) - raft.server.log.preallocated.size = 16384 (custom)
2022-12-22 10:15:29,907 [pool-572-thread-1] INFO  server.RaftServerConfigKeys (ConfUtils.java:logGet(46)) - raft.server.log.force.sync.num = 128 (default)
2022-12-22 10:15:29,908 [pool-572-thread-1] INFO  server.RaftServerConfigKeys (ConfUtils.java:logGet(46)) - raft.server.log.statemachine.data.sync = true (default)
2022-12-22 10:15:29,908 [pool-572-thread-1] INFO  server.RaftServerConfigKeys (ConfUtils.java:logGet(46)) - raft.server.log.statemachine.data.sync.timeout = 10s (default)
2022-12-22 10:15:29,908 [pool-572-thread-1] INFO  server.RaftServerConfigKeys (ConfUtils.java:logGet(46)) - raft.server.log.statemachine.data.sync.timeout.retry = -1 (default)
2022-12-22 10:15:29,908 [EventQueue-OpenPipelineForHealthyPipelineSafeModeRule] INFO  safemode.SCMSafeModeManager (HealthyPipelineSafeModeRule.java:process(137)) - SCM in safe mode. Healthy pipelines reported count is 0, required healthy pipeline reported count is 1
2022-12-22 10:15:29,908 [EventQueue-CommandQueueReportForCommandQueueReportHandler] WARN  events.EventQueue (EventQueue.java:fireEvent(216)) - No event handler registered for event TypedEvent{payloadType=DatanodeDetails, name='Datanode_Command_Queue_Updated'}
2022-12-22 10:15:29,909 [pool-572-thread-1] INFO  server.RaftServerConfigKeys (ConfUtils.java:logGet(46)) - raft.server.log.write.buffer.size = 1048576 (custom)
2022-12-22 10:15:29,909 [pool-572-thread-1] INFO  server.RaftServerConfigKeys (ConfUtils.java:logGet(46)) - raft.server.log.appender.buffer.byte-limit = 33554432 (custom)
2022-12-22 10:15:29,912 [pool-572-thread-1] INFO  server.RaftServerConfigKeys (ConfUtils.java:logGet(46)) - raft.server.log.unsafe-flush.enabled = false (default)
2022-12-22 10:15:29,912 [pool-572-thread-1] INFO  server.RaftServerConfigKeys (ConfUtils.java:logGet(46)) - raft.server.log.async-flush.enabled = false (default)
2022-12-22 10:15:29,912 [pool-572-thread-1] INFO  server.RaftServerConfigKeys (ConfUtils.java:logGet(46)) - raft.server.log.statemachine.data.caching.enabled = true (custom)
2022-12-22 10:15:29,912 [pool-572-thread-1] INFO  segmented.SegmentedRaftLogWorker (SegmentedRaftLogWorker.java:lambda$new$0(135)) - b6a383f5-2af4-4920-ba0e-06f6a7823127@group-BD8457A0B9C7-SegmentedRaftLogWorker: flushIndex: setUnconditionally 0 -> -1
2022-12-22 10:15:29,912 [pool-572-thread-1] INFO  segmented.SegmentedRaftLogWorker (SegmentedRaftLogWorker.java:lambda$new$0(135)) - b6a383f5-2af4-4920-ba0e-06f6a7823127@group-BD8457A0B9C7-SegmentedRaftLogWorker: safeCacheEvictIndex: setUnconditionally 0 -> -1
2022-12-22 10:15:29,912 [pool-572-thread-1] INFO  server.RaftServer$Division (RaftServerImpl.java:start(334)) - b6a383f5-2af4-4920-ba0e-06f6a7823127@group-BD8457A0B9C7: start as a follower, conf=-1: peers:[2749ac5f-27b9-44fd-ba97-bc431af24c01|rpc:127.0.0.1:43013|dataStream:127.0.0.1:44391|priority:0|startupRole:FOLLOWER, b6a383f5-2af4-4920-ba0e-06f6a7823127|rpc:127.0.0.1:36777|dataStream:127.0.0.1:46767|priority:0|startupRole:FOLLOWER, fef2fc50-c333-4590-b2a0-f31f883c87cf|rpc:127.0.0.1:33587|dataStream:127.0.0.1:44127|priority:1|startupRole:FOLLOWER]|listeners:[], old=null
2022-12-22 10:15:29,912 [pool-572-thread-1] INFO  server.RaftServer$Division (RaftServerImpl.java:setRole(321)) - b6a383f5-2af4-4920-ba0e-06f6a7823127@group-BD8457A0B9C7: changes role from      null to FOLLOWER at term 0 for startAsFollower
2022-12-22 10:15:29,912 [pool-572-thread-1] INFO  impl.RoleInfo (RoleInfo.java:updateAndGet(139)) - b6a383f5-2af4-4920-ba0e-06f6a7823127: start b6a383f5-2af4-4920-ba0e-06f6a7823127@group-BD8457A0B9C7-FollowerState
2022-12-22 10:15:29,912 [pool-572-thread-1] INFO  util.JmxRegister (JmxRegister.java:tryRegister(44)) - Successfully registered JMX Bean with object name Ratis:service=RaftServer,group=group-BD8457A0B9C7,id=b6a383f5-2af4-4920-ba0e-06f6a7823127
2022-12-22 10:15:29,912 [pool-572-thread-1] INFO  server.RaftServerConfigKeys (ConfUtils.java:logGet(46)) - raft.server.snapshot.auto.trigger.enabled = true (custom)
2022-12-22 10:15:29,912 [pool-572-thread-1] INFO  server.RaftServerConfigKeys (ConfUtils.java:logGet(46)) - raft.server.snapshot.auto.trigger.threshold = 10000 (custom)
2022-12-22 10:15:29,913 [pool-572-thread-1] INFO  server.RaftServerConfigKeys (ConfUtils.java:logGet(46)) - raft.server.snapshot.retention.file.num = 5 (custom)
2022-12-22 10:15:29,913 [pool-572-thread-1] INFO  server.RaftServerConfigKeys (ConfUtils.java:logGet(46)) - raft.server.log.purge.upto.snapshot.index = false (default)
2022-12-22 10:15:29,913 [b6a383f5-2af4-4920-ba0e-06f6a7823127@group-BD8457A0B9C7-FollowerState] INFO  server.RaftServerConfigKeys (ConfUtils.java:logFallback(53)) - raft.server.rpc.first-election.timeout.min = 5s (fallback to raft.server.rpc.timeout.min)
2022-12-22 10:15:29,913 [b6a383f5-2af4-4920-ba0e-06f6a7823127@group-BD8457A0B9C7-FollowerState] INFO  server.RaftServerConfigKeys (ConfUtils.java:logFallback(53)) - raft.server.rpc.first-election.timeout.max = 5200ms (fallback to raft.server.rpc.timeout.max)
2022-12-22 10:15:29,917 [Command processor thread] INFO  ratis.XceiverServerRatis (XceiverServerRatis.java:addGroup(806)) - Created group PipelineID=db376c29-bad1-4ef0-9202-bd8457a0b9c7
2022-12-22 10:15:29,970 [grpc-default-executor-1] INFO  server.RaftServer (RaftServerProxy.java:addNew(96)) - 2749ac5f-27b9-44fd-ba97-bc431af24c01: addNew group-BD8457A0B9C7:[2749ac5f-27b9-44fd-ba97-bc431af24c01|rpc:127.0.0.1:43013|dataStream:127.0.0.1:44391|priority:0|startupRole:FOLLOWER, b6a383f5-2af4-4920-ba0e-06f6a7823127|rpc:127.0.0.1:36777|dataStream:127.0.0.1:46767|priority:0|startupRole:FOLLOWER, fef2fc50-c333-4590-b2a0-f31f883c87cf|rpc:127.0.0.1:33587|dataStream:127.0.0.1:44127|priority:1|startupRole:FOLLOWER] returns group-BD8457A0B9C7:java.util.concurrent.CompletableFuture@444a2916[Not completed]
2022-12-22 10:15:29,971 [pool-618-thread-1] INFO  server.RaftServer$Division (RaftServerImpl.java:<init>(195)) - 2749ac5f-27b9-44fd-ba97-bc431af24c01: new RaftServerImpl for group-BD8457A0B9C7:[2749ac5f-27b9-44fd-ba97-bc431af24c01|rpc:127.0.0.1:43013|dataStream:127.0.0.1:44391|priority:0|startupRole:FOLLOWER, b6a383f5-2af4-4920-ba0e-06f6a7823127|rpc:127.0.0.1:36777|dataStream:127.0.0.1:46767|priority:0|startupRole:FOLLOWER, fef2fc50-c333-4590-b2a0-f31f883c87cf|rpc:127.0.0.1:33587|dataStream:127.0.0.1:44127|priority:1|startupRole:FOLLOWER] with ContainerStateMachine:uninitialized
2022-12-22 10:15:29,971 [pool-618-thread-1] INFO  server.RaftServerConfigKeys (ConfUtils.java:logGet(46)) - raft.server.rpc.timeout.min = 5s (custom)
2022-12-22 10:15:29,971 [pool-618-thread-1] INFO  server.RaftServerConfigKeys (ConfUtils.java:logGet(46)) - raft.server.rpc.timeout.max = 5200ms (custom)
2022-12-22 10:15:29,971 [pool-618-thread-1] INFO  server.RaftServerConfigKeys (ConfUtils.java:logGet(46)) - raft.server.rpc.sleep.time = 25ms (default)
2022-12-22 10:15:29,971 [pool-618-thread-1] INFO  server.RaftServerConfigKeys (ConfUtils.java:logGet(46)) - raft.server.rpc.slowness.timeout = 300s (custom)
2022-12-22 10:15:29,971 [pool-618-thread-1] INFO  server.RaftServerConfigKeys (ConfUtils.java:logGet(46)) - raft.server.leaderelection.leader.step-down.wait-time = 10s (default)
2022-12-22 10:15:29,971 [pool-618-thread-1] INFO  server.RaftServerConfigKeys (ConfUtils.java:logGet(46)) - raft.server.sleep.deviation.threshold = 300ms (default)
2022-12-22 10:15:29,971 [pool-618-thread-1] INFO  server.RaftServer$Division (ServerState.java:<init>(118)) - 2749ac5f-27b9-44fd-ba97-bc431af24c01@group-BD8457A0B9C7: ConfigurationManager, init=-1: peers:[2749ac5f-27b9-44fd-ba97-bc431af24c01|rpc:127.0.0.1:43013|dataStream:127.0.0.1:44391|priority:0|startupRole:FOLLOWER, b6a383f5-2af4-4920-ba0e-06f6a7823127|rpc:127.0.0.1:36777|dataStream:127.0.0.1:46767|priority:0|startupRole:FOLLOWER, fef2fc50-c333-4590-b2a0-f31f883c87cf|rpc:127.0.0.1:33587|dataStream:127.0.0.1:44127|priority:1|startupRole:FOLLOWER]|listeners:[], old=null, confs=<EMPTY_MAP>
2022-12-22 10:15:29,971 [pool-618-thread-1] INFO  server.RaftServerConfigKeys (ConfUtils.java:logGet(46)) - raft.server.storage.dir = [/home/runner/work/ozone/ozone/hadoop-ozone/integration-test/target/test-dir/MiniOzoneClusterImpl-73a15bac-dca4-4ec7-8fa0-07a649b4923c/datanode-2/data/ratis] (custom)
2022-12-22 10:15:29,971 [pool-618-thread-1] INFO  server.RaftServerConfigKeys (ConfUtils.java:logGet(46)) - raft.server.log.corruption.policy = EXCEPTION (default)
2022-12-22 10:15:29,971 [pool-618-thread-1] INFO  server.RaftServerConfigKeys (ConfUtils.java:logGet(46)) - raft.server.storage.free-space.min = 0MB (=0) (default)
2022-12-22 10:15:29,972 [pool-618-thread-1] INFO  server.RaftServerConfigKeys (ConfUtils.java:logGet(46)) - raft.server.notification.no-leader.timeout = 300s (custom)
2022-12-22 10:15:29,972 [pool-618-thread-1] INFO  server.RaftServerConfigKeys (ConfUtils.java:logGet(46)) - raft.server.retrycache.expirytime = 600000ms (custom)
2022-12-22 10:15:29,972 [pool-618-thread-1] INFO  server.RaftServerConfigKeys (ConfUtils.java:logGet(46)) - raft.server.retrycache.statistics.expirytime = 100μs (default)
2022-12-22 10:15:29,972 [pool-618-thread-1] INFO  server.RaftServerConfigKeys (ConfUtils.java:logGet(46)) - raft.server.log.appender.install.snapshot.enabled = false (custom)
2022-12-22 10:15:29,972 [pool-618-thread-1] INFO  server.RaftServerConfigKeys (ConfUtils.java:logGet(46)) - raft.server.threadpool.server.cached = true (default)
2022-12-22 10:15:29,972 [pool-618-thread-1] INFO  server.RaftServerConfigKeys (ConfUtils.java:logGet(46)) - raft.server.threadpool.server.size = 0 (default)
2022-12-22 10:15:29,972 [pool-618-thread-1] INFO  server.RaftServerConfigKeys (ConfUtils.java:logGet(46)) - raft.server.threadpool.client.cached = true (default)
2022-12-22 10:15:29,972 [pool-618-thread-1] INFO  server.RaftServerConfigKeys (ConfUtils.java:logGet(46)) - raft.server.threadpool.client.size = 0 (default)
2022-12-22 10:15:29,972 [pool-618-thread-1] INFO  storage.RaftStorageDirectory (RaftStorageDirectoryImpl.java:analyzeStorage(137)) - The storage directory /home/runner/work/ozone/ozone/hadoop-ozone/integration-test/target/test-dir/MiniOzoneClusterImpl-73a15bac-dca4-4ec7-8fa0-07a649b4923c/datanode-2/data/ratis/db376c29-bad1-4ef0-9202-bd8457a0b9c7 does not exist. Creating ...
2022-12-22 10:15:29,973 [pool-618-thread-1] INFO  storage.RaftStorageDirectory (RaftStorageDirectoryImpl.java:tryLock(231)) - Lock on /home/runner/work/ozone/ozone/hadoop-ozone/integration-test/target/test-dir/MiniOzoneClusterImpl-73a15bac-dca4-4ec7-8fa0-07a649b4923c/datanode-2/data/ratis/db376c29-bad1-4ef0-9202-bd8457a0b9c7/in_use.lock acquired by nodename 33150@fv-az345-686
2022-12-22 10:15:29,977 [pool-618-thread-1] INFO  storage.RaftStorage (RaftStorageImpl.java:format(96)) - Storage directory /home/runner/work/ozone/ozone/hadoop-ozone/integration-test/target/test-dir/MiniOzoneClusterImpl-73a15bac-dca4-4ec7-8fa0-07a649b4923c/datanode-2/data/ratis/db376c29-bad1-4ef0-9202-bd8457a0b9c7 has been successfully formatted.
2022-12-22 10:15:29,977 [pool-618-thread-1] INFO  ratis.ContainerStateMachine (ContainerStateMachine.java:loadSnapshot(240)) - group-BD8457A0B9C7: The snapshot info is null. Setting the last applied indexto:(t:0, i:~)
2022-12-22 10:15:29,977 [pool-618-thread-1] INFO  server.RaftServerConfigKeys (ConfUtils.java:logGet(46)) - raft.server.log.use.memory = false (default)
2022-12-22 10:15:29,977 [pool-618-thread-1] INFO  server.RaftServerConfigKeys (ConfUtils.java:logGet(46)) - raft.server.log.purge.gap = 1000000 (custom)
2022-12-22 10:15:29,977 [pool-618-thread-1] INFO  server.RaftServerConfigKeys (ConfUtils.java:logGet(46)) - raft.server.log.appender.buffer.byte-limit = 33554432 (custom)
2022-12-22 10:15:29,977 [pool-618-thread-1] INFO  server.RaftServerConfigKeys (ConfUtils.java:logGet(46)) - raft.server.log.statemachine.data.read.timeout = 1000ms (default)
2022-12-22 10:15:29,978 [pool-618-thread-1] INFO  server.RaftServerConfigKeys (ConfUtils.java:logGet(46)) - raft.server.log.purge.preservation.log.num = 0 (default)
2022-12-22 10:15:29,978 [pool-618-thread-1] INFO  server.RaftServerConfigKeys (ConfUtils.java:logGet(46)) - raft.server.log.segment.size.max = 1048576 (custom)
2022-12-22 10:15:29,978 [pool-618-thread-1] INFO  server.RaftServerConfigKeys (ConfUtils.java:logGet(46)) - raft.server.log.segment.cache.num.max = 2 (custom)
2022-12-22 10:15:29,978 [pool-618-thread-1] INFO  server.RaftServerConfigKeys (ConfUtils.java:logGet(46)) - raft.server.log.segment.cache.size.max = 200MB (=209715200) (default)
2022-12-22 10:15:29,978 [pool-618-thread-1] INFO  segmented.SegmentedRaftLogWorker (SegmentedRaftLogWorker.java:<init>(189)) - new 2749ac5f-27b9-44fd-ba97-bc431af24c01@group-BD8457A0B9C7-SegmentedRaftLogWorker for RaftStorageImpl:Storage Directory /home/runner/work/ozone/ozone/hadoop-ozone/integration-test/target/test-dir/MiniOzoneClusterImpl-73a15bac-dca4-4ec7-8fa0-07a649b4923c/datanode-2/data/ratis/db376c29-bad1-4ef0-9202-bd8457a0b9c7
2022-12-22 10:15:29,978 [pool-618-thread-1] INFO  server.RaftServerConfigKeys (ConfUtils.java:logGet(46)) - raft.server.log.queue.byte-limit = 4294967296 (custom)
2022-12-22 10:15:29,978 [pool-618-thread-1] INFO  server.RaftServerConfigKeys (ConfUtils.java:logGet(46)) - raft.server.log.queue.element-limit = 1024 (custom)
2022-12-22 10:15:29,978 [pool-618-thread-1] INFO  server.RaftServerConfigKeys (ConfUtils.java:logGet(46)) - raft.server.log.segment.size.max = 1048576 (custom)
2022-12-22 10:15:29,978 [pool-618-thread-1] INFO  server.RaftServerConfigKeys (ConfUtils.java:logGet(46)) - raft.server.log.preallocated.size = 16384 (custom)
2022-12-22 10:15:29,978 [pool-618-thread-1] INFO  server.RaftServerConfigKeys (ConfUtils.java:logGet(46)) - raft.server.log.force.sync.num = 128 (default)
2022-12-22 10:15:29,978 [pool-618-thread-1] INFO  server.RaftServerConfigKeys (ConfUtils.java:logGet(46)) - raft.server.log.statemachine.data.sync = true (default)
2022-12-22 10:15:29,978 [pool-618-thread-1] INFO  server.RaftServerConfigKeys (ConfUtils.java:logGet(46)) - raft.server.log.statemachine.data.sync.timeout = 10s (default)
2022-12-22 10:15:29,978 [pool-618-thread-1] INFO  server.RaftServerConfigKeys (ConfUtils.java:logGet(46)) - raft.server.log.statemachine.data.sync.timeout.retry = -1 (default)
2022-12-22 10:15:29,979 [pool-618-thread-1] INFO  server.RaftServerConfigKeys (ConfUtils.java:logGet(46)) - raft.server.log.write.buffer.size = 1048576 (custom)
2022-12-22 10:15:29,979 [pool-618-thread-1] INFO  server.RaftServerConfigKeys (ConfUtils.java:logGet(46)) - raft.server.log.appender.buffer.byte-limit = 33554432 (custom)
2022-12-22 10:15:29,981 [EventQueue-CommandQueueReportForCommandQueueReportHandler] WARN  events.EventQueue (EventQueue.java:fireEvent(216)) - No event handler registered for event TypedEvent{payloadType=DatanodeDetails, name='Datanode_Command_Queue_Updated'}
2022-12-22 10:15:29,983 [pool-618-thread-1] INFO  server.RaftServerConfigKeys (ConfUtils.java:logGet(46)) - raft.server.log.unsafe-flush.enabled = false (default)
2022-12-22 10:15:29,983 [pool-618-thread-1] INFO  server.RaftServerConfigKeys (ConfUtils.java:logGet(46)) - raft.server.log.async-flush.enabled = false (default)
2022-12-22 10:15:29,983 [pool-618-thread-1] INFO  server.RaftServerConfigKeys (ConfUtils.java:logGet(46)) - raft.server.log.statemachine.data.caching.enabled = true (custom)
2022-12-22 10:15:29,983 [pool-618-thread-1] INFO  segmented.SegmentedRaftLogWorker (SegmentedRaftLogWorker.java:lambda$new$0(135)) - 2749ac5f-27b9-44fd-ba97-bc431af24c01@group-BD8457A0B9C7-SegmentedRaftLogWorker: flushIndex: setUnconditionally 0 -> -1
2022-12-22 10:15:29,983 [pool-618-thread-1] INFO  segmented.SegmentedRaftLogWorker (SegmentedRaftLogWorker.java:lambda$new$0(135)) - 2749ac5f-27b9-44fd-ba97-bc431af24c01@group-BD8457A0B9C7-SegmentedRaftLogWorker: safeCacheEvictIndex: setUnconditionally 0 -> -1
2022-12-22 10:15:29,983 [pool-618-thread-1] INFO  server.RaftServer$Division (RaftServerImpl.java:start(334)) - 2749ac5f-27b9-44fd-ba97-bc431af24c01@group-BD8457A0B9C7: start as a follower, conf=-1: peers:[2749ac5f-27b9-44fd-ba97-bc431af24c01|rpc:127.0.0.1:43013|dataStream:127.0.0.1:44391|priority:0|startupRole:FOLLOWER, b6a383f5-2af4-4920-ba0e-06f6a7823127|rpc:127.0.0.1:36777|dataStream:127.0.0.1:46767|priority:0|startupRole:FOLLOWER, fef2fc50-c333-4590-b2a0-f31f883c87cf|rpc:127.0.0.1:33587|dataStream:127.0.0.1:44127|priority:1|startupRole:FOLLOWER]|listeners:[], old=null
2022-12-22 10:15:29,983 [pool-618-thread-1] INFO  server.RaftServer$Division (RaftServerImpl.java:setRole(321)) - 2749ac5f-27b9-44fd-ba97-bc431af24c01@group-BD8457A0B9C7: changes role from      null to FOLLOWER at term 0 for startAsFollower
2022-12-22 10:15:29,983 [pool-618-thread-1] INFO  impl.RoleInfo (RoleInfo.java:updateAndGet(139)) - 2749ac5f-27b9-44fd-ba97-bc431af24c01: start 2749ac5f-27b9-44fd-ba97-bc431af24c01@group-BD8457A0B9C7-FollowerState
2022-12-22 10:15:29,983 [pool-618-thread-1] INFO  util.JmxRegister (JmxRegister.java:tryRegister(44)) - Successfully registered JMX Bean with object name Ratis:service=RaftServer,group=group-BD8457A0B9C7,id=2749ac5f-27b9-44fd-ba97-bc431af24c01
2022-12-22 10:15:29,983 [2749ac5f-27b9-44fd-ba97-bc431af24c01@group-BD8457A0B9C7-FollowerState] INFO  server.RaftServerConfigKeys (ConfUtils.java:logFallback(53)) - raft.server.rpc.first-election.timeout.min = 5s (fallback to raft.server.rpc.timeout.min)
2022-12-22 10:15:29,983 [pool-618-thread-1] INFO  server.RaftServerConfigKeys (ConfUtils.java:logGet(46)) - raft.server.snapshot.auto.trigger.enabled = true (custom)
2022-12-22 10:15:29,983 [2749ac5f-27b9-44fd-ba97-bc431af24c01@group-BD8457A0B9C7-FollowerState] INFO  server.RaftServerConfigKeys (ConfUtils.java:logFallback(53)) - raft.server.rpc.first-election.timeout.max = 5200ms (fallback to raft.server.rpc.timeout.max)
2022-12-22 10:15:29,984 [pool-618-thread-1] INFO  server.RaftServerConfigKeys (ConfUtils.java:logGet(46)) - raft.server.snapshot.auto.trigger.threshold = 10000 (custom)
2022-12-22 10:15:29,984 [pool-618-thread-1] INFO  server.RaftServerConfigKeys (ConfUtils.java:logGet(46)) - raft.server.snapshot.retention.file.num = 5 (custom)
2022-12-22 10:15:29,984 [pool-618-thread-1] INFO  server.RaftServerConfigKeys (ConfUtils.java:logGet(46)) - raft.server.log.purge.upto.snapshot.index = false (default)
2022-12-22 10:15:29,993 [grpc-default-executor-1] INFO  server.RaftServer (RaftServerProxy.java:addNew(96)) - fef2fc50-c333-4590-b2a0-f31f883c87cf: addNew group-BD8457A0B9C7:[2749ac5f-27b9-44fd-ba97-bc431af24c01|rpc:127.0.0.1:43013|dataStream:127.0.0.1:44391|priority:0|startupRole:FOLLOWER, b6a383f5-2af4-4920-ba0e-06f6a7823127|rpc:127.0.0.1:36777|dataStream:127.0.0.1:46767|priority:0|startupRole:FOLLOWER, fef2fc50-c333-4590-b2a0-f31f883c87cf|rpc:127.0.0.1:33587|dataStream:127.0.0.1:44127|priority:1|startupRole:FOLLOWER] returns group-BD8457A0B9C7:java.util.concurrent.CompletableFuture@5ff78911[Not completed]
2022-12-22 10:15:29,994 [pool-595-thread-1] INFO  server.RaftServer$Division (RaftServerImpl.java:<init>(195)) - fef2fc50-c333-4590-b2a0-f31f883c87cf: new RaftServerImpl for group-BD8457A0B9C7:[2749ac5f-27b9-44fd-ba97-bc431af24c01|rpc:127.0.0.1:43013|dataStream:127.0.0.1:44391|priority:0|startupRole:FOLLOWER, b6a383f5-2af4-4920-ba0e-06f6a7823127|rpc:127.0.0.1:36777|dataStream:127.0.0.1:46767|priority:0|startupRole:FOLLOWER, fef2fc50-c333-4590-b2a0-f31f883c87cf|rpc:127.0.0.1:33587|dataStream:127.0.0.1:44127|priority:1|startupRole:FOLLOWER] with ContainerStateMachine:uninitialized
2022-12-22 10:15:29,994 [pool-595-thread-1] INFO  server.RaftServerConfigKeys (ConfUtils.java:logGet(46)) - raft.server.rpc.timeout.min = 5s (custom)
2022-12-22 10:15:29,994 [pool-595-thread-1] INFO  server.RaftServerConfigKeys (ConfUtils.java:logGet(46)) - raft.server.rpc.timeout.max = 5200ms (custom)
2022-12-22 10:15:29,994 [pool-595-thread-1] INFO  server.RaftServerConfigKeys (ConfUtils.java:logGet(46)) - raft.server.rpc.sleep.time = 25ms (default)
2022-12-22 10:15:29,994 [pool-595-thread-1] INFO  server.RaftServerConfigKeys (ConfUtils.java:logGet(46)) - raft.server.rpc.slowness.timeout = 300s (custom)
2022-12-22 10:15:29,994 [pool-595-thread-1] INFO  server.RaftServerConfigKeys (ConfUtils.java:logGet(46)) - raft.server.leaderelection.leader.step-down.wait-time = 10s (default)
2022-12-22 10:15:29,994 [pool-595-thread-1] INFO  server.RaftServerConfigKeys (ConfUtils.java:logGet(46)) - raft.server.sleep.deviation.threshold = 300ms (default)
2022-12-22 10:15:29,994 [pool-595-thread-1] INFO  server.RaftServer$Division (ServerState.java:<init>(118)) - fef2fc50-c333-4590-b2a0-f31f883c87cf@group-BD8457A0B9C7: ConfigurationManager, init=-1: peers:[2749ac5f-27b9-44fd-ba97-bc431af24c01|rpc:127.0.0.1:43013|dataStream:127.0.0.1:44391|priority:0|startupRole:FOLLOWER, b6a383f5-2af4-4920-ba0e-06f6a7823127|rpc:127.0.0.1:36777|dataStream:127.0.0.1:46767|priority:0|startupRole:FOLLOWER, fef2fc50-c333-4590-b2a0-f31f883c87cf|rpc:127.0.0.1:33587|dataStream:127.0.0.1:44127|priority:1|startupRole:FOLLOWER]|listeners:[], old=null, confs=<EMPTY_MAP>
2022-12-22 10:15:29,994 [pool-595-thread-1] INFO  server.RaftServerConfigKeys (ConfUtils.java:logGet(46)) - raft.server.storage.dir = [/home/runner/work/ozone/ozone/hadoop-ozone/integration-test/target/test-dir/MiniOzoneClusterImpl-73a15bac-dca4-4ec7-8fa0-07a649b4923c/datanode-1/data/ratis] (custom)
2022-12-22 10:15:29,994 [pool-595-thread-1] INFO  server.RaftServerConfigKeys (ConfUtils.java:logGet(46)) - raft.server.log.corruption.policy = EXCEPTION (default)
2022-12-22 10:15:29,994 [pool-595-thread-1] INFO  server.RaftServerConfigKeys (ConfUtils.java:logGet(46)) - raft.server.storage.free-space.min = 0MB (=0) (default)
2022-12-22 10:15:29,994 [pool-595-thread-1] INFO  server.RaftServerConfigKeys (ConfUtils.java:logGet(46)) - raft.server.notification.no-leader.timeout = 300s (custom)
2022-12-22 10:15:29,994 [pool-595-thread-1] INFO  server.RaftServerConfigKeys (ConfUtils.java:logGet(46)) - raft.server.retrycache.expirytime = 600000ms (custom)
2022-12-22 10:15:29,994 [pool-595-thread-1] INFO  server.RaftServerConfigKeys (ConfUtils.java:logGet(46)) - raft.server.retrycache.statistics.expirytime = 100μs (default)
2022-12-22 10:15:29,995 [pool-595-thread-1] INFO  server.RaftServerConfigKeys (ConfUtils.java:logGet(46)) - raft.server.log.appender.install.snapshot.enabled = false (custom)
2022-12-22 10:15:29,995 [pool-595-thread-1] INFO  server.RaftServerConfigKeys (ConfUtils.java:logGet(46)) - raft.server.threadpool.server.cached = true (default)
2022-12-22 10:15:29,995 [pool-595-thread-1] INFO  server.RaftServerConfigKeys (ConfUtils.java:logGet(46)) - raft.server.threadpool.server.size = 0 (default)
2022-12-22 10:15:29,995 [pool-595-thread-1] INFO  server.RaftServerConfigKeys (ConfUtils.java:logGet(46)) - raft.server.threadpool.client.cached = true (default)
2022-12-22 10:15:29,995 [pool-595-thread-1] INFO  server.RaftServerConfigKeys (ConfUtils.java:logGet(46)) - raft.server.threadpool.client.size = 0 (default)
2022-12-22 10:15:29,995 [pool-595-thread-1] INFO  storage.RaftStorageDirectory (RaftStorageDirectoryImpl.java:analyzeStorage(137)) - The storage directory /home/runner/work/ozone/ozone/hadoop-ozone/integration-test/target/test-dir/MiniOzoneClusterImpl-73a15bac-dca4-4ec7-8fa0-07a649b4923c/datanode-1/data/ratis/db376c29-bad1-4ef0-9202-bd8457a0b9c7 does not exist. Creating ...
2022-12-22 10:15:29,996 [pool-595-thread-1] INFO  storage.RaftStorageDirectory (RaftStorageDirectoryImpl.java:tryLock(231)) - Lock on /home/runner/work/ozone/ozone/hadoop-ozone/integration-test/target/test-dir/MiniOzoneClusterImpl-73a15bac-dca4-4ec7-8fa0-07a649b4923c/datanode-1/data/ratis/db376c29-bad1-4ef0-9202-bd8457a0b9c7/in_use.lock acquired by nodename 33150@fv-az345-686
2022-12-22 10:15:29,997 [pool-595-thread-1] INFO  storage.RaftStorage (RaftStorageImpl.java:format(96)) - Storage directory /home/runner/work/ozone/ozone/hadoop-ozone/integration-test/target/test-dir/MiniOzoneClusterImpl-73a15bac-dca4-4ec7-8fa0-07a649b4923c/datanode-1/data/ratis/db376c29-bad1-4ef0-9202-bd8457a0b9c7 has been successfully formatted.
2022-12-22 10:15:29,999 [EventQueue-CommandQueueReportForCommandQueueReportHandler] WARN  events.EventQueue (EventQueue.java:fireEvent(216)) - No event handler registered for event TypedEvent{payloadType=DatanodeDetails, name='Datanode_Command_Queue_Updated'}
2022-12-22 10:15:30,000 [pool-595-thread-1] INFO  ratis.ContainerStateMachine (ContainerStateMachine.java:loadSnapshot(240)) - group-BD8457A0B9C7: The snapshot info is null. Setting the last applied indexto:(t:0, i:~)
2022-12-22 10:15:30,000 [pool-595-thread-1] INFO  server.RaftServerConfigKeys (ConfUtils.java:logGet(46)) - raft.server.log.use.memory = false (default)
2022-12-22 10:15:30,000 [pool-595-thread-1] INFO  server.RaftServerConfigKeys (ConfUtils.java:logGet(46)) - raft.server.log.purge.gap = 1000000 (custom)
2022-12-22 10:15:30,001 [pool-595-thread-1] INFO  server.RaftServerConfigKeys (ConfUtils.java:logGet(46)) - raft.server.log.appender.buffer.byte-limit = 33554432 (custom)
2022-12-22 10:15:30,001 [pool-595-thread-1] INFO  server.RaftServerConfigKeys (ConfUtils.java:logGet(46)) - raft.server.log.statemachine.data.read.timeout = 1000ms (default)
2022-12-22 10:15:30,001 [pool-595-thread-1] INFO  server.RaftServerConfigKeys (ConfUtils.java:logGet(46)) - raft.server.log.purge.preservation.log.num = 0 (default)
2022-12-22 10:15:30,001 [pool-595-thread-1] INFO  server.RaftServerConfigKeys (ConfUtils.java:logGet(46)) - raft.server.log.segment.size.max = 1048576 (custom)
2022-12-22 10:15:30,002 [pool-595-thread-1] INFO  server.RaftServerConfigKeys (ConfUtils.java:logGet(46)) - raft.server.log.segment.cache.num.max = 2 (custom)
2022-12-22 10:15:30,002 [pool-595-thread-1] INFO  server.RaftServerConfigKeys (ConfUtils.java:logGet(46)) - raft.server.log.segment.cache.size.max = 200MB (=209715200) (default)
2022-12-22 10:15:30,002 [pool-595-thread-1] INFO  segmented.SegmentedRaftLogWorker (SegmentedRaftLogWorker.java:<init>(189)) - new fef2fc50-c333-4590-b2a0-f31f883c87cf@group-BD8457A0B9C7-SegmentedRaftLogWorker for RaftStorageImpl:Storage Directory /home/runner/work/ozone/ozone/hadoop-ozone/integration-test/target/test-dir/MiniOzoneClusterImpl-73a15bac-dca4-4ec7-8fa0-07a649b4923c/datanode-1/data/ratis/db376c29-bad1-4ef0-9202-bd8457a0b9c7
2022-12-22 10:15:30,002 [pool-595-thread-1] INFO  server.RaftServerConfigKeys (ConfUtils.java:logGet(46)) - raft.server.log.queue.byte-limit = 4294967296 (custom)
2022-12-22 10:15:30,002 [pool-595-thread-1] INFO  server.RaftServerConfigKeys (ConfUtils.java:logGet(46)) - raft.server.log.queue.element-limit = 1024 (custom)
2022-12-22 10:15:30,002 [pool-595-thread-1] INFO  server.RaftServerConfigKeys (ConfUtils.java:logGet(46)) - raft.server.log.segment.size.max = 1048576 (custom)
2022-12-22 10:15:30,002 [pool-595-thread-1] INFO  server.RaftServerConfigKeys (ConfUtils.java:logGet(46)) - raft.server.log.preallocated.size = 16384 (custom)
2022-12-22 10:15:30,002 [pool-595-thread-1] INFO  server.RaftServerConfigKeys (ConfUtils.java:logGet(46)) - raft.server.log.force.sync.num = 128 (default)
2022-12-22 10:15:30,002 [pool-595-thread-1] INFO  server.RaftServerConfigKeys (ConfUtils.java:logGet(46)) - raft.server.log.statemachine.data.sync = true (default)
2022-12-22 10:15:30,002 [pool-595-thread-1] INFO  server.RaftServerConfigKeys (ConfUtils.java:logGet(46)) - raft.server.log.statemachine.data.sync.timeout = 10s (default)
2022-12-22 10:15:30,002 [pool-595-thread-1] INFO  server.RaftServerConfigKeys (ConfUtils.java:logGet(46)) - raft.server.log.statemachine.data.sync.timeout.retry = -1 (default)
2022-12-22 10:15:30,002 [pool-595-thread-1] INFO  server.RaftServerConfigKeys (ConfUtils.java:logGet(46)) - raft.server.log.write.buffer.size = 1048576 (custom)
2022-12-22 10:15:30,002 [pool-595-thread-1] INFO  server.RaftServerConfigKeys (ConfUtils.java:logGet(46)) - raft.server.log.appender.buffer.byte-limit = 33554432 (custom)
2022-12-22 10:15:30,005 [pool-595-thread-1] INFO  server.RaftServerConfigKeys (ConfUtils.java:logGet(46)) - raft.server.log.unsafe-flush.enabled = false (default)
2022-12-22 10:15:30,005 [pool-595-thread-1] INFO  server.RaftServerConfigKeys (ConfUtils.java:logGet(46)) - raft.server.log.async-flush.enabled = false (default)
2022-12-22 10:15:30,005 [pool-595-thread-1] INFO  server.RaftServerConfigKeys (ConfUtils.java:logGet(46)) - raft.server.log.statemachine.data.caching.enabled = true (custom)
2022-12-22 10:15:30,005 [pool-595-thread-1] INFO  segmented.SegmentedRaftLogWorker (SegmentedRaftLogWorker.java:lambda$new$0(135)) - fef2fc50-c333-4590-b2a0-f31f883c87cf@group-BD8457A0B9C7-SegmentedRaftLogWorker: flushIndex: setUnconditionally 0 -> -1
2022-12-22 10:15:30,005 [pool-595-thread-1] INFO  segmented.SegmentedRaftLogWorker (SegmentedRaftLogWorker.java:lambda$new$0(135)) - fef2fc50-c333-4590-b2a0-f31f883c87cf@group-BD8457A0B9C7-SegmentedRaftLogWorker: safeCacheEvictIndex: setUnconditionally 0 -> -1
2022-12-22 10:15:30,006 [pool-595-thread-1] INFO  server.RaftServer$Division (RaftServerImpl.java:start(334)) - fef2fc50-c333-4590-b2a0-f31f883c87cf@group-BD8457A0B9C7: start as a follower, conf=-1: peers:[2749ac5f-27b9-44fd-ba97-bc431af24c01|rpc:127.0.0.1:43013|dataStream:127.0.0.1:44391|priority:0|startupRole:FOLLOWER, b6a383f5-2af4-4920-ba0e-06f6a7823127|rpc:127.0.0.1:36777|dataStream:127.0.0.1:46767|priority:0|startupRole:FOLLOWER, fef2fc50-c333-4590-b2a0-f31f883c87cf|rpc:127.0.0.1:33587|dataStream:127.0.0.1:44127|priority:1|startupRole:FOLLOWER]|listeners:[], old=null
2022-12-22 10:15:30,006 [pool-595-thread-1] INFO  server.RaftServer$Division (RaftServerImpl.java:setRole(321)) - fef2fc50-c333-4590-b2a0-f31f883c87cf@group-BD8457A0B9C7: changes role from      null to FOLLOWER at term 0 for startAsFollower
2022-12-22 10:15:30,006 [pool-595-thread-1] INFO  impl.RoleInfo (RoleInfo.java:updateAndGet(139)) - fef2fc50-c333-4590-b2a0-f31f883c87cf: start fef2fc50-c333-4590-b2a0-f31f883c87cf@group-BD8457A0B9C7-FollowerState
2022-12-22 10:15:30,006 [pool-595-thread-1] INFO  util.JmxRegister (JmxRegister.java:tryRegister(44)) - Successfully registered JMX Bean with object name Ratis:service=RaftServer,group=group-BD8457A0B9C7,id=fef2fc50-c333-4590-b2a0-f31f883c87cf
2022-12-22 10:15:30,006 [pool-595-thread-1] INFO  server.RaftServerConfigKeys (ConfUtils.java:logGet(46)) - raft.server.snapshot.auto.trigger.enabled = true (custom)
2022-12-22 10:15:30,007 [pool-595-thread-1] INFO  server.RaftServerConfigKeys (ConfUtils.java:logGet(46)) - raft.server.snapshot.auto.trigger.threshold = 10000 (custom)
2022-12-22 10:15:30,007 [pool-595-thread-1] INFO  server.RaftServerConfigKeys (ConfUtils.java:logGet(46)) - raft.server.snapshot.retention.file.num = 5 (custom)
2022-12-22 10:15:30,007 [pool-595-thread-1] INFO  server.RaftServerConfigKeys (ConfUtils.java:logGet(46)) - raft.server.log.purge.upto.snapshot.index = false (default)
2022-12-22 10:15:30,007 [fef2fc50-c333-4590-b2a0-f31f883c87cf@group-BD8457A0B9C7-FollowerState] INFO  server.RaftServerConfigKeys (ConfUtils.java:logFallback(53)) - raft.server.rpc.first-election.timeout.min = 5s (fallback to raft.server.rpc.timeout.min)
2022-12-22 10:15:30,007 [fef2fc50-c333-4590-b2a0-f31f883c87cf@group-BD8457A0B9C7-FollowerState] INFO  server.RaftServerConfigKeys (ConfUtils.java:logFallback(53)) - raft.server.rpc.first-election.timeout.max = 5200ms (fallback to raft.server.rpc.timeout.max)
2022-12-22 10:15:30,017 [Command processor thread] INFO  commandhandler.CreatePipelineCommandHandler (CreatePipelineCommandHandler.java:handle(113)) - Created Pipeline RATIS THREE PipelineID=db376c29-bad1-4ef0-9202-bd8457a0b9c7.
2022-12-22 10:15:30,028 [EndpointStateMachine task thread for /127.0.0.1:43945 - 0 ] INFO  ipc.Client (Client.java:handleConnectionFailure(1010)) - Retrying connect to server: localhost/127.0.0.1:43945. Already tried 12 time(s); retry policy is RetryUpToMaximumCountWithFixedSleep(maxRetries=15, sleepTime=1000 MILLISECONDS)
2022-12-22 10:15:30,028 [EndpointStateMachine task thread for /127.0.0.1:42129 - 0 ] INFO  ipc.Client (Client.java:handleConnectionFailure(1010)) - Retrying connect to server: localhost/127.0.0.1:42129. Already tried 3 time(s); retry policy is RetryUpToMaximumCountWithFixedSleep(maxRetries=15, sleepTime=1000 MILLISECONDS)
2022-12-22 10:15:30,104 [Command processor thread] INFO  server.RaftServer (RaftServerProxy.java:addNew(96)) - fef2fc50-c333-4590-b2a0-f31f883c87cf: addNew group-234CD098B418:[fef2fc50-c333-4590-b2a0-f31f883c87cf|rpc:127.0.0.1:33587|dataStream:127.0.0.1:44127|priority:1|startupRole:FOLLOWER] returns group-234CD098B418:java.util.concurrent.CompletableFuture@7893a016[Not completed]
2022-12-22 10:15:30,105 [pool-595-thread-1] INFO  server.RaftServer$Division (RaftServerImpl.java:<init>(195)) - fef2fc50-c333-4590-b2a0-f31f883c87cf: new RaftServerImpl for group-234CD098B418:[fef2fc50-c333-4590-b2a0-f31f883c87cf|rpc:127.0.0.1:33587|dataStream:127.0.0.1:44127|priority:1|startupRole:FOLLOWER] with ContainerStateMachine:uninitialized
2022-12-22 10:15:30,105 [pool-595-thread-1] INFO  server.RaftServerConfigKeys (ConfUtils.java:logGet(46)) - raft.server.rpc.timeout.min = 5s (custom)
2022-12-22 10:15:30,105 [pool-595-thread-1] INFO  server.RaftServerConfigKeys (ConfUtils.java:logGet(46)) - raft.server.rpc.timeout.max = 5200ms (custom)
2022-12-22 10:15:30,105 [pool-595-thread-1] INFO  server.RaftServerConfigKeys (ConfUtils.java:logGet(46)) - raft.server.rpc.sleep.time = 25ms (default)
2022-12-22 10:15:30,105 [pool-595-thread-1] INFO  server.RaftServerConfigKeys (ConfUtils.java:logGet(46)) - raft.server.rpc.slowness.timeout = 300s (custom)
2022-12-22 10:15:30,105 [pool-595-thread-1] INFO  server.RaftServerConfigKeys (ConfUtils.java:logGet(46)) - raft.server.leaderelection.leader.step-down.wait-time = 10s (default)
2022-12-22 10:15:30,105 [pool-595-thread-1] INFO  server.RaftServerConfigKeys (ConfUtils.java:logGet(46)) - raft.server.sleep.deviation.threshold = 300ms (default)
2022-12-22 10:15:30,105 [pool-595-thread-1] INFO  server.RaftServer$Division (ServerState.java:<init>(118)) - fef2fc50-c333-4590-b2a0-f31f883c87cf@group-234CD098B418: ConfigurationManager, init=-1: peers:[fef2fc50-c333-4590-b2a0-f31f883c87cf|rpc:127.0.0.1:33587|dataStream:127.0.0.1:44127|priority:1|startupRole:FOLLOWER]|listeners:[], old=null, confs=<EMPTY_MAP>
2022-12-22 10:15:30,105 [pool-595-thread-1] INFO  server.RaftServerConfigKeys (ConfUtils.java:logGet(46)) - raft.server.storage.dir = [/home/runner/work/ozone/ozone/hadoop-ozone/integration-test/target/test-dir/MiniOzoneClusterImpl-73a15bac-dca4-4ec7-8fa0-07a649b4923c/datanode-1/data/ratis] (custom)
2022-12-22 10:15:30,105 [pool-595-thread-1] INFO  server.RaftServerConfigKeys (ConfUtils.java:logGet(46)) - raft.server.log.corruption.policy = EXCEPTION (default)
2022-12-22 10:15:30,105 [pool-595-thread-1] INFO  server.RaftServerConfigKeys (ConfUtils.java:logGet(46)) - raft.server.storage.free-space.min = 0MB (=0) (default)
2022-12-22 10:15:30,105 [pool-595-thread-1] INFO  server.RaftServerConfigKeys (ConfUtils.java:logGet(46)) - raft.server.notification.no-leader.timeout = 300s (custom)
2022-12-22 10:15:30,105 [pool-595-thread-1] INFO  server.RaftServerConfigKeys (ConfUtils.java:logGet(46)) - raft.server.retrycache.expirytime = 600000ms (custom)
2022-12-22 10:15:30,105 [pool-595-thread-1] INFO  server.RaftServerConfigKeys (ConfUtils.java:logGet(46)) - raft.server.retrycache.statistics.expirytime = 100μs (default)
2022-12-22 10:15:30,106 [pool-595-thread-1] INFO  server.RaftServerConfigKeys (ConfUtils.java:logGet(46)) - raft.server.log.appender.install.snapshot.enabled = false (custom)
2022-12-22 10:15:30,106 [pool-595-thread-1] INFO  server.RaftServerConfigKeys (ConfUtils.java:logGet(46)) - raft.server.threadpool.server.cached = true (default)
2022-12-22 10:15:30,106 [pool-595-thread-1] INFO  server.RaftServerConfigKeys (ConfUtils.java:logGet(46)) - raft.server.threadpool.server.size = 0 (default)
2022-12-22 10:15:30,106 [pool-595-thread-1] INFO  server.RaftServerConfigKeys (ConfUtils.java:logGet(46)) - raft.server.threadpool.client.cached = true (default)
2022-12-22 10:15:30,106 [pool-595-thread-1] INFO  server.RaftServerConfigKeys (ConfUtils.java:logGet(46)) - raft.server.threadpool.client.size = 0 (default)
2022-12-22 10:15:30,106 [pool-595-thread-1] INFO  storage.RaftStorageDirectory (RaftStorageDirectoryImpl.java:analyzeStorage(137)) - The storage directory /home/runner/work/ozone/ozone/hadoop-ozone/integration-test/target/test-dir/MiniOzoneClusterImpl-73a15bac-dca4-4ec7-8fa0-07a649b4923c/datanode-1/data/ratis/a8c1bc6b-e2c1-46ef-baea-234cd098b418 does not exist. Creating ...
2022-12-22 10:15:30,108 [pool-595-thread-1] INFO  storage.RaftStorageDirectory (RaftStorageDirectoryImpl.java:tryLock(231)) - Lock on /home/runner/work/ozone/ozone/hadoop-ozone/integration-test/target/test-dir/MiniOzoneClusterImpl-73a15bac-dca4-4ec7-8fa0-07a649b4923c/datanode-1/data/ratis/a8c1bc6b-e2c1-46ef-baea-234cd098b418/in_use.lock acquired by nodename 33150@fv-az345-686
2022-12-22 10:15:30,109 [pool-595-thread-1] INFO  storage.RaftStorage (RaftStorageImpl.java:format(96)) - Storage directory /home/runner/work/ozone/ozone/hadoop-ozone/integration-test/target/test-dir/MiniOzoneClusterImpl-73a15bac-dca4-4ec7-8fa0-07a649b4923c/datanode-1/data/ratis/a8c1bc6b-e2c1-46ef-baea-234cd098b418 has been successfully formatted.
2022-12-22 10:15:30,110 [pool-595-thread-1] INFO  ratis.ContainerStateMachine (ContainerStateMachine.java:loadSnapshot(240)) - group-234CD098B418: The snapshot info is null. Setting the last applied indexto:(t:0, i:~)
2022-12-22 10:15:30,111 [EventQueue-CommandQueueReportForCommandQueueReportHandler] WARN  events.EventQueue (EventQueue.java:fireEvent(216)) - No event handler registered for event TypedEvent{payloadType=DatanodeDetails, name='Datanode_Command_Queue_Updated'}
2022-12-22 10:15:30,111 [EventQueue-PipelineReportForPipelineReportHandler] INFO  pipeline.PipelineManagerImpl (PipelineManagerImpl.java:openPipeline(367)) - Pipeline Pipeline[ Id: a8c1bc6b-e2c1-46ef-baea-234cd098b418, Nodes: fef2fc50-c333-4590-b2a0-f31f883c87cf{ip: 127.0.0.1, host: localhost, ports: [REPLICATION=40909, RATIS=33587, RATIS_ADMIN=33587, RATIS_SERVER=33587, RATIS_DATASTREAM=44127, STANDALONE=44787], networkLocation: /default-rack, certSerialId: null, persistedOpState: IN_SERVICE, persistedOpStateExpiryEpochSec: 0}, ReplicationConfig: RATIS/ONE, State:ALLOCATED, leaderId:fef2fc50-c333-4590-b2a0-f31f883c87cf, CreationTimestamp2022-12-22T10:15:27.108Z[Etc/UTC]] moved to OPEN state
2022-12-22 10:15:30,112 [pool-595-thread-1] INFO  server.RaftServerConfigKeys (ConfUtils.java:logGet(46)) - raft.server.log.use.memory = false (default)
2022-12-22 10:15:30,112 [pool-595-thread-1] INFO  server.RaftServerConfigKeys (ConfUtils.java:logGet(46)) - raft.server.log.purge.gap = 1000000 (custom)
2022-12-22 10:15:30,112 [pool-595-thread-1] INFO  server.RaftServerConfigKeys (ConfUtils.java:logGet(46)) - raft.server.log.appender.buffer.byte-limit = 33554432 (custom)
2022-12-22 10:15:30,112 [pool-595-thread-1] INFO  server.RaftServerConfigKeys (ConfUtils.java:logGet(46)) - raft.server.log.statemachine.data.read.timeout = 1000ms (default)
2022-12-22 10:15:30,112 [pool-595-thread-1] INFO  server.RaftServerConfigKeys (ConfUtils.java:logGet(46)) - raft.server.log.purge.preservation.log.num = 0 (default)
2022-12-22 10:15:30,112 [pool-595-thread-1] INFO  server.RaftServerConfigKeys (ConfUtils.java:logGet(46)) - raft.server.log.segment.size.max = 1048576 (custom)
2022-12-22 10:15:30,112 [pool-595-thread-1] INFO  server.RaftServerConfigKeys (ConfUtils.java:logGet(46)) - raft.server.log.segment.cache.num.max = 2 (custom)
2022-12-22 10:15:30,112 [pool-595-thread-1] INFO  server.RaftServerConfigKeys (ConfUtils.java:logGet(46)) - raft.server.log.segment.cache.size.max = 200MB (=209715200) (default)
2022-12-22 10:15:30,112 [pool-595-thread-1] INFO  segmented.SegmentedRaftLogWorker (SegmentedRaftLogWorker.java:<init>(189)) - new fef2fc50-c333-4590-b2a0-f31f883c87cf@group-234CD098B418-SegmentedRaftLogWorker for RaftStorageImpl:Storage Directory /home/runner/work/ozone/ozone/hadoop-ozone/integration-test/target/test-dir/MiniOzoneClusterImpl-73a15bac-dca4-4ec7-8fa0-07a649b4923c/datanode-1/data/ratis/a8c1bc6b-e2c1-46ef-baea-234cd098b418
2022-12-22 10:15:30,112 [pool-595-thread-1] INFO  server.RaftServerConfigKeys (ConfUtils.java:logGet(46)) - raft.server.log.queue.byte-limit = 4294967296 (custom)
2022-12-22 10:15:30,112 [pool-595-thread-1] INFO  server.RaftServerConfigKeys (ConfUtils.java:logGet(46)) - raft.server.log.queue.element-limit = 1024 (custom)
2022-12-22 10:15:30,112 [e27721bf-da5b-4812-8a42-ad2d861346a7@group-07A649B4923C-StateMachineUpdater] INFO  safemode.HealthyPipelineSafeModeRule (HealthyPipelineSafeModeRule.java:initializeRule(165)) - Refreshed total pipeline count is 0, healthy pipeline threshold count is 1
2022-12-22 10:15:30,112 [pool-595-thread-1] INFO  server.RaftServerConfigKeys (ConfUtils.java:logGet(46)) - raft.server.log.segment.size.max = 1048576 (custom)
2022-12-22 10:15:30,112 [pool-595-thread-1] INFO  server.RaftServerConfigKeys (ConfUtils.java:logGet(46)) - raft.server.log.preallocated.size = 16384 (custom)
2022-12-22 10:15:30,113 [pool-595-thread-1] INFO  server.RaftServerConfigKeys (ConfUtils.java:logGet(46)) - raft.server.log.force.sync.num = 128 (default)
2022-12-22 10:15:30,113 [pool-595-thread-1] INFO  server.RaftServerConfigKeys (ConfUtils.java:logGet(46)) - raft.server.log.statemachine.data.sync = true (default)
2022-12-22 10:15:30,113 [pool-595-thread-1] INFO  server.RaftServerConfigKeys (ConfUtils.java:logGet(46)) - raft.server.log.statemachine.data.sync.timeout = 10s (default)
2022-12-22 10:15:30,113 [pool-595-thread-1] INFO  server.RaftServerConfigKeys (ConfUtils.java:logGet(46)) - raft.server.log.statemachine.data.sync.timeout.retry = -1 (default)
2022-12-22 10:15:30,113 [EventQueue-OpenPipelineForHealthyPipelineSafeModeRule] INFO  safemode.SCMSafeModeManager (HealthyPipelineSafeModeRule.java:process(137)) - SCM in safe mode. Healthy pipelines reported count is 0, required healthy pipeline reported count is 1
2022-12-22 10:15:30,113 [pool-595-thread-1] INFO  server.RaftServerConfigKeys (ConfUtils.java:logGet(46)) - raft.server.log.write.buffer.size = 1048576 (custom)
2022-12-22 10:15:30,113 [pool-595-thread-1] INFO  server.RaftServerConfigKeys (ConfUtils.java:logGet(46)) - raft.server.log.appender.buffer.byte-limit = 33554432 (custom)
2022-12-22 10:15:30,116 [pool-595-thread-1] INFO  server.RaftServerConfigKeys (ConfUtils.java:logGet(46)) - raft.server.log.unsafe-flush.enabled = false (default)
2022-12-22 10:15:30,116 [pool-595-thread-1] INFO  server.RaftServerConfigKeys (ConfUtils.java:logGet(46)) - raft.server.log.async-flush.enabled = false (default)
2022-12-22 10:15:30,116 [pool-595-thread-1] INFO  server.RaftServerConfigKeys (ConfUtils.java:logGet(46)) - raft.server.log.statemachine.data.caching.enabled = true (custom)
2022-12-22 10:15:30,116 [pool-595-thread-1] INFO  segmented.SegmentedRaftLogWorker (SegmentedRaftLogWorker.java:lambda$new$0(135)) - fef2fc50-c333-4590-b2a0-f31f883c87cf@group-234CD098B418-SegmentedRaftLogWorker: flushIndex: setUnconditionally 0 -> -1
2022-12-22 10:15:30,116 [pool-595-thread-1] INFO  segmented.SegmentedRaftLogWorker (SegmentedRaftLogWorker.java:lambda$new$0(135)) - fef2fc50-c333-4590-b2a0-f31f883c87cf@group-234CD098B418-SegmentedRaftLogWorker: safeCacheEvictIndex: setUnconditionally 0 -> -1
2022-12-22 10:15:30,118 [pool-595-thread-1] INFO  server.RaftServer$Division (RaftServerImpl.java:start(334)) - fef2fc50-c333-4590-b2a0-f31f883c87cf@group-234CD098B418: start as a follower, conf=-1: peers:[fef2fc50-c333-4590-b2a0-f31f883c87cf|rpc:127.0.0.1:33587|dataStream:127.0.0.1:44127|priority:1|startupRole:FOLLOWER]|listeners:[], old=null
2022-12-22 10:15:30,118 [pool-595-thread-1] INFO  server.RaftServer$Division (RaftServerImpl.java:setRole(321)) - fef2fc50-c333-4590-b2a0-f31f883c87cf@group-234CD098B418: changes role from      null to FOLLOWER at term 0 for startAsFollower
2022-12-22 10:15:30,118 [pool-595-thread-1] INFO  impl.RoleInfo (RoleInfo.java:updateAndGet(139)) - fef2fc50-c333-4590-b2a0-f31f883c87cf: start fef2fc50-c333-4590-b2a0-f31f883c87cf@group-234CD098B418-FollowerState
2022-12-22 10:15:30,118 [pool-595-thread-1] INFO  util.JmxRegister (JmxRegister.java:tryRegister(44)) - Successfully registered JMX Bean with object name Ratis:service=RaftServer,group=group-234CD098B418,id=fef2fc50-c333-4590-b2a0-f31f883c87cf
2022-12-22 10:15:30,118 [fef2fc50-c333-4590-b2a0-f31f883c87cf@group-234CD098B418-FollowerState] INFO  server.RaftServerConfigKeys (ConfUtils.java:logFallback(53)) - raft.server.rpc.first-election.timeout.min = 5s (fallback to raft.server.rpc.timeout.min)
2022-12-22 10:15:30,118 [pool-595-thread-1] INFO  server.RaftServerConfigKeys (ConfUtils.java:logGet(46)) - raft.server.snapshot.auto.trigger.enabled = true (custom)
2022-12-22 10:15:30,119 [fef2fc50-c333-4590-b2a0-f31f883c87cf@group-234CD098B418-FollowerState] INFO  server.RaftServerConfigKeys (ConfUtils.java:logFallback(53)) - raft.server.rpc.first-election.timeout.max = 5200ms (fallback to raft.server.rpc.timeout.max)
2022-12-22 10:15:30,119 [pool-595-thread-1] INFO  server.RaftServerConfigKeys (ConfUtils.java:logGet(46)) - raft.server.snapshot.auto.trigger.threshold = 10000 (custom)
2022-12-22 10:15:30,119 [pool-595-thread-1] INFO  server.RaftServerConfigKeys (ConfUtils.java:logGet(46)) - raft.server.snapshot.retention.file.num = 5 (custom)
2022-12-22 10:15:30,119 [pool-595-thread-1] INFO  server.RaftServerConfigKeys (ConfUtils.java:logGet(46)) - raft.server.log.purge.upto.snapshot.index = false (default)
2022-12-22 10:15:30,119 [Command processor thread] INFO  ratis.XceiverServerRatis (XceiverServerRatis.java:addGroup(806)) - Created group PipelineID=a8c1bc6b-e2c1-46ef-baea-234cd098b418
2022-12-22 10:15:30,120 [Command processor thread] INFO  commandhandler.CreatePipelineCommandHandler (CreatePipelineCommandHandler.java:handle(113)) - Created Pipeline RATIS ONE PipelineID=a8c1bc6b-e2c1-46ef-baea-234cd098b418.
2022-12-22 10:15:30,400 [Listener at 127.0.0.1/38293] INFO  ozone.MiniOzoneClusterImpl (MiniOzoneClusterImpl.java:lambda$waitForClusterToBeReady$0(217)) - Nodes are ready. Got 3 of 3 DN Heartbeats.
2022-12-22 10:15:30,400 [Listener at 127.0.0.1/38293] INFO  ozone.MiniOzoneClusterImpl (MiniOzoneClusterImpl.java:lambda$waitForClusterToBeReady$0(220)) - Waiting for cluster to exit safe mode
2022-12-22 10:15:30,400 [Listener at 127.0.0.1/38293] INFO  ozone.MiniOzoneClusterImpl (MiniOzoneClusterImpl.java:lambda$waitForClusterToBeReady$0(222)) - SCM became leader
2022-12-22 10:15:30,409 [Command processor thread] INFO  server.RaftServer (RaftServerProxy.java:addNew(96)) - 2749ac5f-27b9-44fd-ba97-bc431af24c01: addNew group-474AAFB83630:[2749ac5f-27b9-44fd-ba97-bc431af24c01|rpc:127.0.0.1:43013|dataStream:127.0.0.1:44391|priority:1|startupRole:FOLLOWER] returns group-474AAFB83630:java.util.concurrent.CompletableFuture@3285fd6d[Not completed]
2022-12-22 10:15:30,410 [pool-618-thread-1] INFO  server.RaftServer$Division (RaftServerImpl.java:<init>(195)) - 2749ac5f-27b9-44fd-ba97-bc431af24c01: new RaftServerImpl for group-474AAFB83630:[2749ac5f-27b9-44fd-ba97-bc431af24c01|rpc:127.0.0.1:43013|dataStream:127.0.0.1:44391|priority:1|startupRole:FOLLOWER] with ContainerStateMachine:uninitialized
2022-12-22 10:15:30,410 [pool-618-thread-1] INFO  server.RaftServerConfigKeys (ConfUtils.java:logGet(46)) - raft.server.rpc.timeout.min = 5s (custom)
2022-12-22 10:15:30,410 [pool-618-thread-1] INFO  server.RaftServerConfigKeys (ConfUtils.java:logGet(46)) - raft.server.rpc.timeout.max = 5200ms (custom)
2022-12-22 10:15:30,410 [pool-618-thread-1] INFO  server.RaftServerConfigKeys (ConfUtils.java:logGet(46)) - raft.server.rpc.sleep.time = 25ms (default)
2022-12-22 10:15:30,410 [pool-618-thread-1] INFO  server.RaftServerConfigKeys (ConfUtils.java:logGet(46)) - raft.server.rpc.slowness.timeout = 300s (custom)
2022-12-22 10:15:30,410 [pool-618-thread-1] INFO  server.RaftServerConfigKeys (ConfUtils.java:logGet(46)) - raft.server.leaderelection.leader.step-down.wait-time = 10s (default)
2022-12-22 10:15:30,410 [pool-618-thread-1] INFO  server.RaftServerConfigKeys (ConfUtils.java:logGet(46)) - raft.server.sleep.deviation.threshold = 300ms (default)
2022-12-22 10:15:30,410 [pool-618-thread-1] INFO  server.RaftServer$Division (ServerState.java:<init>(118)) - 2749ac5f-27b9-44fd-ba97-bc431af24c01@group-474AAFB83630: ConfigurationManager, init=-1: peers:[2749ac5f-27b9-44fd-ba97-bc431af24c01|rpc:127.0.0.1:43013|dataStream:127.0.0.1:44391|priority:1|startupRole:FOLLOWER]|listeners:[], old=null, confs=<EMPTY_MAP>
2022-12-22 10:15:30,410 [pool-618-thread-1] INFO  server.RaftServerConfigKeys (ConfUtils.java:logGet(46)) - raft.server.storage.dir = [/home/runner/work/ozone/ozone/hadoop-ozone/integration-test/target/test-dir/MiniOzoneClusterImpl-73a15bac-dca4-4ec7-8fa0-07a649b4923c/datanode-2/data/ratis] (custom)
2022-12-22 10:15:30,411 [pool-618-thread-1] INFO  server.RaftServerConfigKeys (ConfUtils.java:logGet(46)) - raft.server.log.corruption.policy = EXCEPTION (default)
2022-12-22 10:15:30,411 [pool-618-thread-1] INFO  server.RaftServerConfigKeys (ConfUtils.java:logGet(46)) - raft.server.storage.free-space.min = 0MB (=0) (default)
2022-12-22 10:15:30,411 [pool-618-thread-1] INFO  server.RaftServerConfigKeys (ConfUtils.java:logGet(46)) - raft.server.notification.no-leader.timeout = 300s (custom)
2022-12-22 10:15:30,411 [pool-618-thread-1] INFO  server.RaftServerConfigKeys (ConfUtils.java:logGet(46)) - raft.server.retrycache.expirytime = 600000ms (custom)
2022-12-22 10:15:30,411 [pool-618-thread-1] INFO  server.RaftServerConfigKeys (ConfUtils.java:logGet(46)) - raft.server.retrycache.statistics.expirytime = 100μs (default)
2022-12-22 10:15:30,411 [pool-618-thread-1] INFO  server.RaftServerConfigKeys (ConfUtils.java:logGet(46)) - raft.server.log.appender.install.snapshot.enabled = false (custom)
2022-12-22 10:15:30,411 [pool-618-thread-1] INFO  server.RaftServerConfigKeys (ConfUtils.java:logGet(46)) - raft.server.threadpool.server.cached = true (default)
2022-12-22 10:15:30,411 [pool-618-thread-1] INFO  server.RaftServerConfigKeys (ConfUtils.java:logGet(46)) - raft.server.threadpool.server.size = 0 (default)
2022-12-22 10:15:30,411 [pool-618-thread-1] INFO  server.RaftServerConfigKeys (ConfUtils.java:logGet(46)) - raft.server.threadpool.client.cached = true (default)
2022-12-22 10:15:30,411 [pool-618-thread-1] INFO  server.RaftServerConfigKeys (ConfUtils.java:logGet(46)) - raft.server.threadpool.client.size = 0 (default)
2022-12-22 10:15:30,412 [pool-618-thread-1] INFO  storage.RaftStorageDirectory (RaftStorageDirectoryImpl.java:analyzeStorage(137)) - The storage directory /home/runner/work/ozone/ozone/hadoop-ozone/integration-test/target/test-dir/MiniOzoneClusterImpl-73a15bac-dca4-4ec7-8fa0-07a649b4923c/datanode-2/data/ratis/321813eb-f086-487f-a8de-474aafb83630 does not exist. Creating ...
2022-12-22 10:15:30,412 [pool-618-thread-1] INFO  storage.RaftStorageDirectory (RaftStorageDirectoryImpl.java:tryLock(231)) - Lock on /home/runner/work/ozone/ozone/hadoop-ozone/integration-test/target/test-dir/MiniOzoneClusterImpl-73a15bac-dca4-4ec7-8fa0-07a649b4923c/datanode-2/data/ratis/321813eb-f086-487f-a8de-474aafb83630/in_use.lock acquired by nodename 33150@fv-az345-686
2022-12-22 10:15:30,413 [pool-618-thread-1] INFO  storage.RaftStorage (RaftStorageImpl.java:format(96)) - Storage directory /home/runner/work/ozone/ozone/hadoop-ozone/integration-test/target/test-dir/MiniOzoneClusterImpl-73a15bac-dca4-4ec7-8fa0-07a649b4923c/datanode-2/data/ratis/321813eb-f086-487f-a8de-474aafb83630 has been successfully formatted.
2022-12-22 10:15:30,414 [pool-618-thread-1] INFO  ratis.ContainerStateMachine (ContainerStateMachine.java:loadSnapshot(240)) - group-474AAFB83630: The snapshot info is null. Setting the last applied indexto:(t:0, i:~)
2022-12-22 10:15:30,414 [pool-618-thread-1] INFO  server.RaftServerConfigKeys (ConfUtils.java:logGet(46)) - raft.server.log.use.memory = false (default)
2022-12-22 10:15:30,414 [pool-618-thread-1] INFO  server.RaftServerConfigKeys (ConfUtils.java:logGet(46)) - raft.server.log.purge.gap = 1000000 (custom)
2022-12-22 10:15:30,414 [pool-618-thread-1] INFO  server.RaftServerConfigKeys (ConfUtils.java:logGet(46)) - raft.server.log.appender.buffer.byte-limit = 33554432 (custom)
2022-12-22 10:15:30,414 [pool-618-thread-1] INFO  server.RaftServerConfigKeys (ConfUtils.java:logGet(46)) - raft.server.log.statemachine.data.read.timeout = 1000ms (default)
2022-12-22 10:15:30,414 [pool-618-thread-1] INFO  server.RaftServerConfigKeys (ConfUtils.java:logGet(46)) - raft.server.log.purge.preservation.log.num = 0 (default)
2022-12-22 10:15:30,415 [pool-618-thread-1] INFO  server.RaftServerConfigKeys (ConfUtils.java:logGet(46)) - raft.server.log.segment.size.max = 1048576 (custom)
2022-12-22 10:15:30,415 [EventQueue-CommandQueueReportForCommandQueueReportHandler] WARN  events.EventQueue (EventQueue.java:fireEvent(216)) - No event handler registered for event TypedEvent{payloadType=DatanodeDetails, name='Datanode_Command_Queue_Updated'}
2022-12-22 10:15:30,415 [pool-618-thread-1] INFO  server.RaftServerConfigKeys (ConfUtils.java:logGet(46)) - raft.server.log.segment.cache.num.max = 2 (custom)
2022-12-22 10:15:30,415 [EventQueue-PipelineReportForPipelineReportHandler] INFO  pipeline.PipelineManagerImpl (PipelineManagerImpl.java:openPipeline(367)) - Pipeline Pipeline[ Id: 321813eb-f086-487f-a8de-474aafb83630, Nodes: 2749ac5f-27b9-44fd-ba97-bc431af24c01{ip: 127.0.0.1, host: localhost, ports: [REPLICATION=34945, RATIS=43013, RATIS_ADMIN=43013, RATIS_SERVER=43013, RATIS_DATASTREAM=44391, STANDALONE=40103], networkLocation: /default-rack, certSerialId: null, persistedOpState: IN_SERVICE, persistedOpStateExpiryEpochSec: 0}, ReplicationConfig: RATIS/ONE, State:ALLOCATED, leaderId:2749ac5f-27b9-44fd-ba97-bc431af24c01, CreationTimestamp2022-12-22T10:15:27.412Z[Etc/UTC]] moved to OPEN state
2022-12-22 10:15:30,415 [pool-618-thread-1] INFO  server.RaftServerConfigKeys (ConfUtils.java:logGet(46)) - raft.server.log.segment.cache.size.max = 200MB (=209715200) (default)
2022-12-22 10:15:30,415 [pool-618-thread-1] INFO  segmented.SegmentedRaftLogWorker (SegmentedRaftLogWorker.java:<init>(189)) - new 2749ac5f-27b9-44fd-ba97-bc431af24c01@group-474AAFB83630-SegmentedRaftLogWorker for RaftStorageImpl:Storage Directory /home/runner/work/ozone/ozone/hadoop-ozone/integration-test/target/test-dir/MiniOzoneClusterImpl-73a15bac-dca4-4ec7-8fa0-07a649b4923c/datanode-2/data/ratis/321813eb-f086-487f-a8de-474aafb83630
2022-12-22 10:15:30,415 [pool-618-thread-1] INFO  server.RaftServerConfigKeys (ConfUtils.java:logGet(46)) - raft.server.log.queue.byte-limit = 4294967296 (custom)
2022-12-22 10:15:30,415 [pool-618-thread-1] INFO  server.RaftServerConfigKeys (ConfUtils.java:logGet(46)) - raft.server.log.queue.element-limit = 1024 (custom)
2022-12-22 10:15:30,415 [pool-618-thread-1] INFO  server.RaftServerConfigKeys (ConfUtils.java:logGet(46)) - raft.server.log.segment.size.max = 1048576 (custom)
2022-12-22 10:15:30,415 [pool-618-thread-1] INFO  server.RaftServerConfigKeys (ConfUtils.java:logGet(46)) - raft.server.log.preallocated.size = 16384 (custom)
2022-12-22 10:15:30,415 [pool-618-thread-1] INFO  server.RaftServerConfigKeys (ConfUtils.java:logGet(46)) - raft.server.log.force.sync.num = 128 (default)
2022-12-22 10:15:30,415 [pool-618-thread-1] INFO  server.RaftServerConfigKeys (ConfUtils.java:logGet(46)) - raft.server.log.statemachine.data.sync = true (default)
2022-12-22 10:15:30,415 [pool-618-thread-1] INFO  server.RaftServerConfigKeys (ConfUtils.java:logGet(46)) - raft.server.log.statemachine.data.sync.timeout = 10s (default)
2022-12-22 10:15:30,415 [pool-618-thread-1] INFO  server.RaftServerConfigKeys (ConfUtils.java:logGet(46)) - raft.server.log.statemachine.data.sync.timeout.retry = -1 (default)
2022-12-22 10:15:30,416 [e27721bf-da5b-4812-8a42-ad2d861346a7@group-07A649B4923C-StateMachineUpdater] INFO  safemode.HealthyPipelineSafeModeRule (HealthyPipelineSafeModeRule.java:initializeRule(165)) - Refreshed total pipeline count is 0, healthy pipeline threshold count is 1
2022-12-22 10:15:30,417 [pool-618-thread-1] INFO  server.RaftServerConfigKeys (ConfUtils.java:logGet(46)) - raft.server.log.write.buffer.size = 1048576 (custom)
2022-12-22 10:15:30,417 [EventQueue-OpenPipelineForHealthyPipelineSafeModeRule] INFO  safemode.SCMSafeModeManager (HealthyPipelineSafeModeRule.java:process(137)) - SCM in safe mode. Healthy pipelines reported count is 0, required healthy pipeline reported count is 1
2022-12-22 10:15:30,418 [pool-618-thread-1] INFO  server.RaftServerConfigKeys (ConfUtils.java:logGet(46)) - raft.server.log.appender.buffer.byte-limit = 33554432 (custom)
2022-12-22 10:15:30,421 [pool-618-thread-1] INFO  server.RaftServerConfigKeys (ConfUtils.java:logGet(46)) - raft.server.log.unsafe-flush.enabled = false (default)
2022-12-22 10:15:30,421 [pool-618-thread-1] INFO  server.RaftServerConfigKeys (ConfUtils.java:logGet(46)) - raft.server.log.async-flush.enabled = false (default)
2022-12-22 10:15:30,421 [pool-618-thread-1] INFO  server.RaftServerConfigKeys (ConfUtils.java:logGet(46)) - raft.server.log.statemachine.data.caching.enabled = true (custom)
2022-12-22 10:15:30,421 [pool-618-thread-1] INFO  segmented.SegmentedRaftLogWorker (SegmentedRaftLogWorker.java:lambda$new$0(135)) - 2749ac5f-27b9-44fd-ba97-bc431af24c01@group-474AAFB83630-SegmentedRaftLogWorker: flushIndex: setUnconditionally 0 -> -1
2022-12-22 10:15:30,421 [pool-618-thread-1] INFO  segmented.SegmentedRaftLogWorker (SegmentedRaftLogWorker.java:lambda$new$0(135)) - 2749ac5f-27b9-44fd-ba97-bc431af24c01@group-474AAFB83630-SegmentedRaftLogWorker: safeCacheEvictIndex: setUnconditionally 0 -> -1
2022-12-22 10:15:30,421 [pool-618-thread-1] INFO  server.RaftServer$Division (RaftServerImpl.java:start(334)) - 2749ac5f-27b9-44fd-ba97-bc431af24c01@group-474AAFB83630: start as a follower, conf=-1: peers:[2749ac5f-27b9-44fd-ba97-bc431af24c01|rpc:127.0.0.1:43013|dataStream:127.0.0.1:44391|priority:1|startupRole:FOLLOWER]|listeners:[], old=null
2022-12-22 10:15:30,422 [pool-618-thread-1] INFO  server.RaftServer$Division (RaftServerImpl.java:setRole(321)) - 2749ac5f-27b9-44fd-ba97-bc431af24c01@group-474AAFB83630: changes role from      null to FOLLOWER at term 0 for startAsFollower
2022-12-22 10:15:30,422 [pool-618-thread-1] INFO  impl.RoleInfo (RoleInfo.java:updateAndGet(139)) - 2749ac5f-27b9-44fd-ba97-bc431af24c01: start 2749ac5f-27b9-44fd-ba97-bc431af24c01@group-474AAFB83630-FollowerState
2022-12-22 10:15:30,422 [pool-618-thread-1] INFO  util.JmxRegister (JmxRegister.java:tryRegister(44)) - Successfully registered JMX Bean with object name Ratis:service=RaftServer,group=group-474AAFB83630,id=2749ac5f-27b9-44fd-ba97-bc431af24c01
2022-12-22 10:15:30,422 [pool-618-thread-1] INFO  server.RaftServerConfigKeys (ConfUtils.java:logGet(46)) - raft.server.snapshot.auto.trigger.enabled = true (custom)
2022-12-22 10:15:30,422 [pool-618-thread-1] INFO  server.RaftServerConfigKeys (ConfUtils.java:logGet(46)) - raft.server.snapshot.auto.trigger.threshold = 10000 (custom)
2022-12-22 10:15:30,422 [pool-618-thread-1] INFO  server.RaftServerConfigKeys (ConfUtils.java:logGet(46)) - raft.server.snapshot.retention.file.num = 5 (custom)
2022-12-22 10:15:30,422 [pool-618-thread-1] INFO  server.RaftServerConfigKeys (ConfUtils.java:logGet(46)) - raft.server.log.purge.upto.snapshot.index = false (default)
2022-12-22 10:15:30,422 [2749ac5f-27b9-44fd-ba97-bc431af24c01@group-474AAFB83630-FollowerState] INFO  server.RaftServerConfigKeys (ConfUtils.java:logFallback(53)) - raft.server.rpc.first-election.timeout.min = 5s (fallback to raft.server.rpc.timeout.min)
2022-12-22 10:15:30,422 [2749ac5f-27b9-44fd-ba97-bc431af24c01@group-474AAFB83630-FollowerState] INFO  server.RaftServerConfigKeys (ConfUtils.java:logFallback(53)) - raft.server.rpc.first-election.timeout.max = 5200ms (fallback to raft.server.rpc.timeout.max)
2022-12-22 10:15:30,423 [Command processor thread] INFO  ratis.XceiverServerRatis (XceiverServerRatis.java:addGroup(806)) - Created group PipelineID=321813eb-f086-487f-a8de-474aafb83630
2022-12-22 10:15:30,423 [Command processor thread] INFO  commandhandler.CreatePipelineCommandHandler (CreatePipelineCommandHandler.java:handle(113)) - Created Pipeline RATIS ONE PipelineID=321813eb-f086-487f-a8de-474aafb83630.
2022-12-22 10:15:30,909 [EventQueue-CommandQueueReportForCommandQueueReportHandler] WARN  events.EventQueue (EventQueue.java:fireEvent(216)) - No event handler registered for event TypedEvent{payloadType=DatanodeDetails, name='Datanode_Command_Queue_Updated'}
2022-12-22 10:15:31,031 [EndpointStateMachine task thread for /127.0.0.1:42129 - 0 ] INFO  ipc.Client (Client.java:handleConnectionFailure(1010)) - Retrying connect to server: localhost/127.0.0.1:42129. Already tried 4 time(s); retry policy is RetryUpToMaximumCountWithFixedSleep(maxRetries=15, sleepTime=1000 MILLISECONDS)
2022-12-22 10:15:31,032 [EndpointStateMachine task thread for /127.0.0.1:43945 - 0 ] INFO  ipc.Client (Client.java:handleConnectionFailure(1010)) - Retrying connect to server: localhost/127.0.0.1:43945. Already tried 13 time(s); retry policy is RetryUpToMaximumCountWithFixedSleep(maxRetries=15, sleepTime=1000 MILLISECONDS)
2022-12-22 10:15:31,111 [EventQueue-CommandQueueReportForCommandQueueReportHandler] WARN  events.EventQueue (EventQueue.java:fireEvent(216)) - No event handler registered for event TypedEvent{payloadType=DatanodeDetails, name='Datanode_Command_Queue_Updated'}
2022-12-22 10:15:31,401 [Listener at 127.0.0.1/38293] INFO  ozone.MiniOzoneClusterImpl (MiniOzoneClusterImpl.java:lambda$waitForClusterToBeReady$0(217)) - Nodes are ready. Got 3 of 3 DN Heartbeats.
2022-12-22 10:15:31,401 [Listener at 127.0.0.1/38293] INFO  ozone.MiniOzoneClusterImpl (MiniOzoneClusterImpl.java:lambda$waitForClusterToBeReady$0(220)) - Waiting for cluster to exit safe mode
2022-12-22 10:15:31,401 [Listener at 127.0.0.1/38293] INFO  ozone.MiniOzoneClusterImpl (MiniOzoneClusterImpl.java:lambda$waitForClusterToBeReady$0(222)) - SCM became leader
2022-12-22 10:15:31,414 [EventQueue-CommandQueueReportForCommandQueueReportHandler] WARN  events.EventQueue (EventQueue.java:fireEvent(216)) - No event handler registered for event TypedEvent{payloadType=DatanodeDetails, name='Datanode_Command_Queue_Updated'}
2022-12-22 10:15:31,908 [EventQueue-CommandQueueReportForCommandQueueReportHandler] WARN  events.EventQueue (EventQueue.java:fireEvent(216)) - No event handler registered for event TypedEvent{payloadType=DatanodeDetails, name='Datanode_Command_Queue_Updated'}
2022-12-22 10:15:32,032 [EndpointStateMachine task thread for /127.0.0.1:42129 - 0 ] INFO  ipc.Client (Client.java:handleConnectionFailure(1010)) - Retrying connect to server: localhost/127.0.0.1:42129. Already tried 5 time(s); retry policy is RetryUpToMaximumCountWithFixedSleep(maxRetries=15, sleepTime=1000 MILLISECONDS)
2022-12-22 10:15:32,032 [EndpointStateMachine task thread for /127.0.0.1:43945 - 0 ] INFO  ipc.Client (Client.java:handleConnectionFailure(1010)) - Retrying connect to server: localhost/127.0.0.1:43945. Already tried 14 time(s); retry policy is RetryUpToMaximumCountWithFixedSleep(maxRetries=15, sleepTime=1000 MILLISECONDS)
2022-12-22 10:15:32,110 [EventQueue-CommandQueueReportForCommandQueueReportHandler] WARN  events.EventQueue (EventQueue.java:fireEvent(216)) - No event handler registered for event TypedEvent{payloadType=DatanodeDetails, name='Datanode_Command_Queue_Updated'}
2022-12-22 10:15:32,401 [Listener at 127.0.0.1/38293] INFO  ozone.MiniOzoneClusterImpl (MiniOzoneClusterImpl.java:lambda$waitForClusterToBeReady$0(217)) - Nodes are ready. Got 3 of 3 DN Heartbeats.
2022-12-22 10:15:32,401 [Listener at 127.0.0.1/38293] INFO  ozone.MiniOzoneClusterImpl (MiniOzoneClusterImpl.java:lambda$waitForClusterToBeReady$0(220)) - Waiting for cluster to exit safe mode
2022-12-22 10:15:32,402 [Listener at 127.0.0.1/38293] INFO  ozone.MiniOzoneClusterImpl (MiniOzoneClusterImpl.java:lambda$waitForClusterToBeReady$0(222)) - SCM became leader
2022-12-22 10:15:32,414 [EventQueue-CommandQueueReportForCommandQueueReportHandler] WARN  events.EventQueue (EventQueue.java:fireEvent(216)) - No event handler registered for event TypedEvent{payloadType=DatanodeDetails, name='Datanode_Command_Queue_Updated'}
2022-12-22 10:15:32,908 [EventQueue-CommandQueueReportForCommandQueueReportHandler] WARN  events.EventQueue (EventQueue.java:fireEvent(216)) - No event handler registered for event TypedEvent{payloadType=DatanodeDetails, name='Datanode_Command_Queue_Updated'}
2022-12-22 10:15:33,033 [EndpointStateMachine task thread for /127.0.0.1:42129 - 0 ] INFO  ipc.Client (Client.java:handleConnectionFailure(1010)) - Retrying connect to server: localhost/127.0.0.1:42129. Already tried 6 time(s); retry policy is RetryUpToMaximumCountWithFixedSleep(maxRetries=15, sleepTime=1000 MILLISECONDS)
2022-12-22 10:15:33,033 [EndpointStateMachine task thread for /127.0.0.1:43945 - 0 ] INFO  ipc.Client (Client.java:handleConnectionFailure(1010)) - Retrying connect to server: localhost/127.0.0.1:43945. Already tried 0 time(s); retry policy is RetryUpToMaximumCountWithFixedSleep(maxRetries=15, sleepTime=1000 MILLISECONDS)
2022-12-22 10:15:33,110 [EventQueue-CommandQueueReportForCommandQueueReportHandler] WARN  events.EventQueue (EventQueue.java:fireEvent(216)) - No event handler registered for event TypedEvent{payloadType=DatanodeDetails, name='Datanode_Command_Queue_Updated'}
2022-12-22 10:15:33,402 [Listener at 127.0.0.1/38293] INFO  ozone.MiniOzoneClusterImpl (MiniOzoneClusterImpl.java:lambda$waitForClusterToBeReady$0(217)) - Nodes are ready. Got 3 of 3 DN Heartbeats.
2022-12-22 10:15:33,402 [Listener at 127.0.0.1/38293] INFO  ozone.MiniOzoneClusterImpl (MiniOzoneClusterImpl.java:lambda$waitForClusterToBeReady$0(220)) - Waiting for cluster to exit safe mode
2022-12-22 10:15:33,402 [Listener at 127.0.0.1/38293] INFO  ozone.MiniOzoneClusterImpl (MiniOzoneClusterImpl.java:lambda$waitForClusterToBeReady$0(222)) - SCM became leader
2022-12-22 10:15:33,416 [EventQueue-CommandQueueReportForCommandQueueReportHandler] WARN  events.EventQueue (EventQueue.java:fireEvent(216)) - No event handler registered for event TypedEvent{payloadType=DatanodeDetails, name='Datanode_Command_Queue_Updated'}
2022-12-22 10:15:33,914 [EventQueue-CommandQueueReportForCommandQueueReportHandler] WARN  events.EventQueue (EventQueue.java:fireEvent(216)) - No event handler registered for event TypedEvent{payloadType=DatanodeDetails, name='Datanode_Command_Queue_Updated'}
2022-12-22 10:15:34,033 [EndpointStateMachine task thread for /127.0.0.1:42129 - 0 ] INFO  ipc.Client (Client.java:handleConnectionFailure(1010)) - Retrying connect to server: localhost/127.0.0.1:42129. Already tried 7 time(s); retry policy is RetryUpToMaximumCountWithFixedSleep(maxRetries=15, sleepTime=1000 MILLISECONDS)
2022-12-22 10:15:34,033 [EndpointStateMachine task thread for /127.0.0.1:43945 - 0 ] INFO  ipc.Client (Client.java:handleConnectionFailure(1010)) - Retrying connect to server: localhost/127.0.0.1:43945. Already tried 1 time(s); retry policy is RetryUpToMaximumCountWithFixedSleep(maxRetries=15, sleepTime=1000 MILLISECONDS)
2022-12-22 10:15:34,110 [EventQueue-CommandQueueReportForCommandQueueReportHandler] WARN  events.EventQueue (EventQueue.java:fireEvent(216)) - No event handler registered for event TypedEvent{payloadType=DatanodeDetails, name='Datanode_Command_Queue_Updated'}
2022-12-22 10:15:34,402 [Listener at 127.0.0.1/38293] INFO  ozone.MiniOzoneClusterImpl (MiniOzoneClusterImpl.java:lambda$waitForClusterToBeReady$0(217)) - Nodes are ready. Got 3 of 3 DN Heartbeats.
2022-12-22 10:15:34,403 [Listener at 127.0.0.1/38293] INFO  ozone.MiniOzoneClusterImpl (MiniOzoneClusterImpl.java:lambda$waitForClusterToBeReady$0(220)) - Waiting for cluster to exit safe mode
2022-12-22 10:15:34,403 [Listener at 127.0.0.1/38293] INFO  ozone.MiniOzoneClusterImpl (MiniOzoneClusterImpl.java:lambda$waitForClusterToBeReady$0(222)) - SCM became leader
2022-12-22 10:15:34,414 [EventQueue-CommandQueueReportForCommandQueueReportHandler] WARN  events.EventQueue (EventQueue.java:fireEvent(216)) - No event handler registered for event TypedEvent{payloadType=DatanodeDetails, name='Datanode_Command_Queue_Updated'}
2022-12-22 10:15:34,913 [EventQueue-CommandQueueReportForCommandQueueReportHandler] WARN  events.EventQueue (EventQueue.java:fireEvent(216)) - No event handler registered for event TypedEvent{payloadType=DatanodeDetails, name='Datanode_Command_Queue_Updated'}
2022-12-22 10:15:34,923 [b6a383f5-2af4-4920-ba0e-06f6a7823127@group-BD8457A0B9C7-FollowerState] INFO  impl.FollowerState (FollowerState.java:run(143)) - b6a383f5-2af4-4920-ba0e-06f6a7823127@group-BD8457A0B9C7-FollowerState: change to CANDIDATE, lastRpcElapsedTime:5010866332ns, electionTimeout:5010ms
2022-12-22 10:15:34,923 [b6a383f5-2af4-4920-ba0e-06f6a7823127@group-BD8457A0B9C7-FollowerState] INFO  impl.RoleInfo (RoleInfo.java:shutdownFollowerState(110)) - b6a383f5-2af4-4920-ba0e-06f6a7823127: shutdown b6a383f5-2af4-4920-ba0e-06f6a7823127@group-BD8457A0B9C7-FollowerState
2022-12-22 10:15:34,923 [b6a383f5-2af4-4920-ba0e-06f6a7823127@group-BD8457A0B9C7-FollowerState] INFO  server.RaftServer$Division (RaftServerImpl.java:setRole(321)) - b6a383f5-2af4-4920-ba0e-06f6a7823127@group-BD8457A0B9C7: changes role from  FOLLOWER to CANDIDATE at term 0 for changeToCandidate
2022-12-22 10:15:34,923 [b6a383f5-2af4-4920-ba0e-06f6a7823127@group-BD8457A0B9C7-FollowerState] INFO  server.RaftServerConfigKeys (ConfUtils.java:logGet(46)) - raft.server.leaderelection.pre-vote = false (custom)
2022-12-22 10:15:34,923 [b6a383f5-2af4-4920-ba0e-06f6a7823127@group-BD8457A0B9C7-FollowerState] INFO  impl.RoleInfo (RoleInfo.java:updateAndGet(139)) - b6a383f5-2af4-4920-ba0e-06f6a7823127: start b6a383f5-2af4-4920-ba0e-06f6a7823127@group-BD8457A0B9C7-LeaderElection25
2022-12-22 10:15:34,928 [b6a383f5-2af4-4920-ba0e-06f6a7823127@group-BD8457A0B9C7-LeaderElection25] INFO  impl.LeaderElection (LeaderElection.java:askForVotes(312)) - b6a383f5-2af4-4920-ba0e-06f6a7823127@group-BD8457A0B9C7-LeaderElection25 ELECTION round 0: submit vote requests at term 1 for -1: peers:[2749ac5f-27b9-44fd-ba97-bc431af24c01|rpc:127.0.0.1:43013|dataStream:127.0.0.1:44391|priority:0|startupRole:FOLLOWER, b6a383f5-2af4-4920-ba0e-06f6a7823127|rpc:127.0.0.1:36777|dataStream:127.0.0.1:46767|priority:0|startupRole:FOLLOWER, fef2fc50-c333-4590-b2a0-f31f883c87cf|rpc:127.0.0.1:33587|dataStream:127.0.0.1:44127|priority:1|startupRole:FOLLOWER]|listeners:[], old=null
2022-12-22 10:15:34,929 [b6a383f5-2af4-4920-ba0e-06f6a7823127@group-BD8457A0B9C7-LeaderElection25] INFO  server.RaftServerConfigKeys (ConfUtils.java:logFallback(53)) - raft.server.rpc.first-election.timeout.min = 5s (fallback to raft.server.rpc.timeout.min)
2022-12-22 10:15:34,929 [b6a383f5-2af4-4920-ba0e-06f6a7823127@group-BD8457A0B9C7-LeaderElection25-1] INFO  server.GrpcServerProtocolClient (GrpcServerProtocolClient.java:<init>(63)) - Build channel for 2749ac5f-27b9-44fd-ba97-bc431af24c01
2022-12-22 10:15:34,929 [b6a383f5-2af4-4920-ba0e-06f6a7823127@group-BD8457A0B9C7-LeaderElection25] INFO  server.RaftServerConfigKeys (ConfUtils.java:logFallback(53)) - raft.server.rpc.first-election.timeout.max = 5200ms (fallback to raft.server.rpc.timeout.max)
2022-12-22 10:15:34,929 [b6a383f5-2af4-4920-ba0e-06f6a7823127@group-BD8457A0B9C7-LeaderElection25-2] INFO  server.GrpcServerProtocolClient (GrpcServerProtocolClient.java:<init>(63)) - Build channel for fef2fc50-c333-4590-b2a0-f31f883c87cf
2022-12-22 10:15:34,939 [grpc-default-executor-1] INFO  server.RaftServer$Division (RaftServerImpl.java:requestVote(1218)) - 2749ac5f-27b9-44fd-ba97-bc431af24c01@group-BD8457A0B9C7: receive requestVote(ELECTION, b6a383f5-2af4-4920-ba0e-06f6a7823127, group-BD8457A0B9C7, 1, (t:0, i:0))
2022-12-22 10:15:34,939 [grpc-default-executor-0] INFO  server.RaftServer$Division (RaftServerImpl.java:requestVote(1218)) - fef2fc50-c333-4590-b2a0-f31f883c87cf@group-BD8457A0B9C7: receive requestVote(ELECTION, b6a383f5-2af4-4920-ba0e-06f6a7823127, group-BD8457A0B9C7, 1, (t:0, i:0))
2022-12-22 10:15:34,939 [grpc-default-executor-1] INFO  impl.VoteContext (VoteContext.java:log(49)) - 2749ac5f-27b9-44fd-ba97-bc431af24c01@group-BD8457A0B9C7-FOLLOWER: accept ELECTION from b6a383f5-2af4-4920-ba0e-06f6a7823127: our priority 0 <= candidate's priority 0
2022-12-22 10:15:34,939 [grpc-default-executor-0] INFO  impl.VoteContext (VoteContext.java:log(49)) - fef2fc50-c333-4590-b2a0-f31f883c87cf@group-BD8457A0B9C7-FOLLOWER: reject ELECTION from b6a383f5-2af4-4920-ba0e-06f6a7823127: our priority 1 > candidate's priority 0
2022-12-22 10:15:34,939 [grpc-default-executor-1] INFO  server.RaftServer$Division (RaftServerImpl.java:setRole(321)) - 2749ac5f-27b9-44fd-ba97-bc431af24c01@group-BD8457A0B9C7: changes role from  FOLLOWER to FOLLOWER at term 1 for candidate:b6a383f5-2af4-4920-ba0e-06f6a7823127
2022-12-22 10:15:34,939 [grpc-default-executor-0] INFO  server.RaftServer$Division (RaftServerImpl.java:setRole(321)) - fef2fc50-c333-4590-b2a0-f31f883c87cf@group-BD8457A0B9C7: changes role from  FOLLOWER to FOLLOWER at term 1 for candidate:b6a383f5-2af4-4920-ba0e-06f6a7823127
2022-12-22 10:15:34,939 [grpc-default-executor-1] INFO  impl.RoleInfo (RoleInfo.java:shutdownFollowerState(110)) - 2749ac5f-27b9-44fd-ba97-bc431af24c01: shutdown 2749ac5f-27b9-44fd-ba97-bc431af24c01@group-BD8457A0B9C7-FollowerState
2022-12-22 10:15:34,939 [grpc-default-executor-0] INFO  impl.RoleInfo (RoleInfo.java:shutdownFollowerState(110)) - fef2fc50-c333-4590-b2a0-f31f883c87cf: shutdown fef2fc50-c333-4590-b2a0-f31f883c87cf@group-BD8457A0B9C7-FollowerState
2022-12-22 10:15:34,939 [grpc-default-executor-1] INFO  impl.RoleInfo (RoleInfo.java:updateAndGet(139)) - 2749ac5f-27b9-44fd-ba97-bc431af24c01: start 2749ac5f-27b9-44fd-ba97-bc431af24c01@group-BD8457A0B9C7-FollowerState
2022-12-22 10:15:34,939 [grpc-default-executor-0] INFO  impl.RoleInfo (RoleInfo.java:updateAndGet(139)) - fef2fc50-c333-4590-b2a0-f31f883c87cf: start fef2fc50-c333-4590-b2a0-f31f883c87cf@group-BD8457A0B9C7-FollowerState
2022-12-22 10:15:34,939 [fef2fc50-c333-4590-b2a0-f31f883c87cf@group-BD8457A0B9C7-FollowerState] INFO  impl.FollowerState (FollowerState.java:run(152)) - fef2fc50-c333-4590-b2a0-f31f883c87cf@group-BD8457A0B9C7-FollowerState was interrupted
2022-12-22 10:15:34,939 [2749ac5f-27b9-44fd-ba97-bc431af24c01@group-BD8457A0B9C7-FollowerState] INFO  impl.FollowerState (FollowerState.java:run(152)) - 2749ac5f-27b9-44fd-ba97-bc431af24c01@group-BD8457A0B9C7-FollowerState was interrupted
2022-12-22 10:15:34,941 [2749ac5f-27b9-44fd-ba97-bc431af24c01@group-BD8457A0B9C7-FollowerState] INFO  server.RaftServerConfigKeys (ConfUtils.java:logFallback(53)) - raft.server.rpc.first-election.timeout.min = 5s (fallback to raft.server.rpc.timeout.min)
2022-12-22 10:15:34,941 [2749ac5f-27b9-44fd-ba97-bc431af24c01@group-BD8457A0B9C7-FollowerState] INFO  server.RaftServerConfigKeys (ConfUtils.java:logFallback(53)) - raft.server.rpc.first-election.timeout.max = 5200ms (fallback to raft.server.rpc.timeout.max)
2022-12-22 10:15:34,942 [fef2fc50-c333-4590-b2a0-f31f883c87cf@group-BD8457A0B9C7-FollowerState] INFO  server.RaftServerConfigKeys (ConfUtils.java:logFallback(53)) - raft.server.rpc.first-election.timeout.min = 5s (fallback to raft.server.rpc.timeout.min)
2022-12-22 10:15:34,942 [grpc-default-executor-0] INFO  server.RaftServer$Division (RaftServerImpl.java:requestVote(1251)) - fef2fc50-c333-4590-b2a0-f31f883c87cf@group-BD8457A0B9C7 replies to ELECTION vote request: b6a383f5-2af4-4920-ba0e-06f6a7823127<-fef2fc50-c333-4590-b2a0-f31f883c87cf#0:FAIL-t1. Peer's state: fef2fc50-c333-4590-b2a0-f31f883c87cf@group-BD8457A0B9C7:t1, leader=null, voted=null, raftlog=Memoized:fef2fc50-c333-4590-b2a0-f31f883c87cf@group-BD8457A0B9C7-SegmentedRaftLog:OPENED:c-1, conf=-1: peers:[2749ac5f-27b9-44fd-ba97-bc431af24c01|rpc:127.0.0.1:43013|dataStream:127.0.0.1:44391|priority:0|startupRole:FOLLOWER, b6a383f5-2af4-4920-ba0e-06f6a7823127|rpc:127.0.0.1:36777|dataStream:127.0.0.1:46767|priority:0|startupRole:FOLLOWER, fef2fc50-c333-4590-b2a0-f31f883c87cf|rpc:127.0.0.1:33587|dataStream:127.0.0.1:44127|priority:1|startupRole:FOLLOWER]|listeners:[], old=null
2022-12-22 10:15:34,942 [fef2fc50-c333-4590-b2a0-f31f883c87cf@group-BD8457A0B9C7-FollowerState] INFO  server.RaftServerConfigKeys (ConfUtils.java:logFallback(53)) - raft.server.rpc.first-election.timeout.max = 5200ms (fallback to raft.server.rpc.timeout.max)
2022-12-22 10:15:34,944 [b6a383f5-2af4-4920-ba0e-06f6a7823127@group-BD8457A0B9C7-LeaderElection25] INFO  impl.LeaderElection (LeaderElection.java:logAndReturn(90)) - b6a383f5-2af4-4920-ba0e-06f6a7823127@group-BD8457A0B9C7-LeaderElection25: ELECTION REJECTED received 1 response(s) and 0 exception(s):
2022-12-22 10:15:34,944 [b6a383f5-2af4-4920-ba0e-06f6a7823127@group-BD8457A0B9C7-LeaderElection25] INFO  impl.LeaderElection (LeaderElection.java:logAndReturn(94)) -   Response 0: b6a383f5-2af4-4920-ba0e-06f6a7823127<-fef2fc50-c333-4590-b2a0-f31f883c87cf#0:FAIL-t1
2022-12-22 10:15:34,944 [b6a383f5-2af4-4920-ba0e-06f6a7823127@group-BD8457A0B9C7-LeaderElection25] INFO  impl.LeaderElection (LeaderElection.java:askForVotes(314)) - b6a383f5-2af4-4920-ba0e-06f6a7823127@group-BD8457A0B9C7-LeaderElection25 ELECTION round 0: result REJECTED
2022-12-22 10:15:34,944 [b6a383f5-2af4-4920-ba0e-06f6a7823127@group-BD8457A0B9C7-LeaderElection25] INFO  server.RaftServer$Division (RaftServerImpl.java:setRole(321)) - b6a383f5-2af4-4920-ba0e-06f6a7823127@group-BD8457A0B9C7: changes role from CANDIDATE to FOLLOWER at term 1 for REJECTED
2022-12-22 10:15:34,944 [b6a383f5-2af4-4920-ba0e-06f6a7823127@group-BD8457A0B9C7-LeaderElection25] INFO  impl.RoleInfo (RoleInfo.java:shutdownLeaderElection(130)) - b6a383f5-2af4-4920-ba0e-06f6a7823127: shutdown b6a383f5-2af4-4920-ba0e-06f6a7823127@group-BD8457A0B9C7-LeaderElection25
2022-12-22 10:15:34,944 [b6a383f5-2af4-4920-ba0e-06f6a7823127@group-BD8457A0B9C7-LeaderElection25] INFO  impl.RoleInfo (RoleInfo.java:updateAndGet(139)) - b6a383f5-2af4-4920-ba0e-06f6a7823127: start b6a383f5-2af4-4920-ba0e-06f6a7823127@group-BD8457A0B9C7-FollowerState
2022-12-22 10:15:34,948 [grpc-default-executor-1] INFO  server.RaftServer$Division (RaftServerImpl.java:requestVote(1251)) - 2749ac5f-27b9-44fd-ba97-bc431af24c01@group-BD8457A0B9C7 replies to ELECTION vote request: b6a383f5-2af4-4920-ba0e-06f6a7823127<-2749ac5f-27b9-44fd-ba97-bc431af24c01#0:OK-t1. Peer's state: 2749ac5f-27b9-44fd-ba97-bc431af24c01@group-BD8457A0B9C7:t1, leader=null, voted=b6a383f5-2af4-4920-ba0e-06f6a7823127, raftlog=Memoized:2749ac5f-27b9-44fd-ba97-bc431af24c01@group-BD8457A0B9C7-SegmentedRaftLog:OPENED:c-1, conf=-1: peers:[2749ac5f-27b9-44fd-ba97-bc431af24c01|rpc:127.0.0.1:43013|dataStream:127.0.0.1:44391|priority:0|startupRole:FOLLOWER, b6a383f5-2af4-4920-ba0e-06f6a7823127|rpc:127.0.0.1:36777|dataStream:127.0.0.1:46767|priority:0|startupRole:FOLLOWER, fef2fc50-c333-4590-b2a0-f31f883c87cf|rpc:127.0.0.1:33587|dataStream:127.0.0.1:44127|priority:1|startupRole:FOLLOWER]|listeners:[], old=null
2022-12-22 10:15:34,948 [b6a383f5-2af4-4920-ba0e-06f6a7823127@group-BD8457A0B9C7-FollowerState] INFO  server.RaftServerConfigKeys (ConfUtils.java:logFallback(53)) - raft.server.rpc.first-election.timeout.min = 5s (fallback to raft.server.rpc.timeout.min)
2022-12-22 10:15:34,949 [b6a383f5-2af4-4920-ba0e-06f6a7823127@group-BD8457A0B9C7-FollowerState] INFO  server.RaftServerConfigKeys (ConfUtils.java:logFallback(53)) - raft.server.rpc.first-election.timeout.max = 5200ms (fallback to raft.server.rpc.timeout.max)
2022-12-22 10:15:34,980 [b6a383f5-2af4-4920-ba0e-06f6a7823127@group-6DE4AC2FAA51-FollowerState] INFO  impl.FollowerState (FollowerState.java:run(143)) - b6a383f5-2af4-4920-ba0e-06f6a7823127@group-6DE4AC2FAA51-FollowerState: change to CANDIDATE, lastRpcElapsedTime:5153468094ns, electionTimeout:5153ms
2022-12-22 10:15:34,980 [b6a383f5-2af4-4920-ba0e-06f6a7823127@group-6DE4AC2FAA51-FollowerState] INFO  impl.RoleInfo (RoleInfo.java:shutdownFollowerState(110)) - b6a383f5-2af4-4920-ba0e-06f6a7823127: shutdown b6a383f5-2af4-4920-ba0e-06f6a7823127@group-6DE4AC2FAA51-FollowerState
2022-12-22 10:15:34,980 [b6a383f5-2af4-4920-ba0e-06f6a7823127@group-6DE4AC2FAA51-FollowerState] INFO  server.RaftServer$Division (RaftServerImpl.java:setRole(321)) - b6a383f5-2af4-4920-ba0e-06f6a7823127@group-6DE4AC2FAA51: changes role from  FOLLOWER to CANDIDATE at term 0 for changeToCandidate
2022-12-22 10:15:34,981 [b6a383f5-2af4-4920-ba0e-06f6a7823127@group-6DE4AC2FAA51-FollowerState] INFO  server.RaftServerConfigKeys (ConfUtils.java:logGet(46)) - raft.server.leaderelection.pre-vote = false (custom)
2022-12-22 10:15:34,981 [b6a383f5-2af4-4920-ba0e-06f6a7823127@group-6DE4AC2FAA51-FollowerState] INFO  impl.RoleInfo (RoleInfo.java:updateAndGet(139)) - b6a383f5-2af4-4920-ba0e-06f6a7823127: start b6a383f5-2af4-4920-ba0e-06f6a7823127@group-6DE4AC2FAA51-LeaderElection26
2022-12-22 10:15:34,983 [b6a383f5-2af4-4920-ba0e-06f6a7823127@group-6DE4AC2FAA51-LeaderElection26] INFO  impl.LeaderElection (LeaderElection.java:askForVotes(312)) - b6a383f5-2af4-4920-ba0e-06f6a7823127@group-6DE4AC2FAA51-LeaderElection26 ELECTION round 0: submit vote requests at term 1 for -1: peers:[b6a383f5-2af4-4920-ba0e-06f6a7823127|rpc:127.0.0.1:36777|dataStream:127.0.0.1:46767|priority:1|startupRole:FOLLOWER]|listeners:[], old=null
2022-12-22 10:15:34,983 [b6a383f5-2af4-4920-ba0e-06f6a7823127@group-6DE4AC2FAA51-LeaderElection26] INFO  impl.LeaderElection (LeaderElection.java:askForVotes(314)) - b6a383f5-2af4-4920-ba0e-06f6a7823127@group-6DE4AC2FAA51-LeaderElection26 ELECTION round 0: result PASSED (term=1)
2022-12-22 10:15:34,983 [b6a383f5-2af4-4920-ba0e-06f6a7823127@group-6DE4AC2FAA51-LeaderElection26] INFO  impl.RoleInfo (RoleInfo.java:shutdownLeaderElection(130)) - b6a383f5-2af4-4920-ba0e-06f6a7823127: shutdown b6a383f5-2af4-4920-ba0e-06f6a7823127@group-6DE4AC2FAA51-LeaderElection26
2022-12-22 10:15:34,984 [b6a383f5-2af4-4920-ba0e-06f6a7823127@group-6DE4AC2FAA51-LeaderElection26] INFO  server.RaftServer$Division (RaftServerImpl.java:setRole(321)) - b6a383f5-2af4-4920-ba0e-06f6a7823127@group-6DE4AC2FAA51: changes role from CANDIDATE to LEADER at term 1 for changeToLeader
2022-12-22 10:15:34,984 [b6a383f5-2af4-4920-ba0e-06f6a7823127@group-6DE4AC2FAA51-LeaderElection26] INFO  ratis.XceiverServerRatis (XceiverServerRatis.java:handleLeaderChangedNotification(904)) - Leader change notification received for group: group-6DE4AC2FAA51 with new leaderId: b6a383f5-2af4-4920-ba0e-06f6a7823127
2022-12-22 10:15:34,984 [b6a383f5-2af4-4920-ba0e-06f6a7823127@group-6DE4AC2FAA51-LeaderElection26] INFO  server.RaftServer$Division (ServerState.java:setLeader(313)) - b6a383f5-2af4-4920-ba0e-06f6a7823127@group-6DE4AC2FAA51: change Leader from null to b6a383f5-2af4-4920-ba0e-06f6a7823127 at term 1 for becomeLeader, leader elected after 5175ms
2022-12-22 10:15:34,984 [b6a383f5-2af4-4920-ba0e-06f6a7823127@group-6DE4AC2FAA51-LeaderElection26] INFO  server.RaftServerConfigKeys (ConfUtils.java:logGet(46)) - raft.server.staging.catchup.gap = 1000 (default)
2022-12-22 10:15:34,985 [EventQueue-CommandQueueReportForCommandQueueReportHandler] WARN  events.EventQueue (EventQueue.java:fireEvent(216)) - No event handler registered for event TypedEvent{payloadType=DatanodeDetails, name='Datanode_Command_Queue_Updated'}
2022-12-22 10:15:34,985 [EventQueue-OpenPipelineForHealthyPipelineSafeModeRule] INFO  safemode.SCMSafeModeManager (HealthyPipelineSafeModeRule.java:process(137)) - SCM in safe mode. Healthy pipelines reported count is 0, required healthy pipeline reported count is 1
2022-12-22 10:15:34,987 [b6a383f5-2af4-4920-ba0e-06f6a7823127@group-6DE4AC2FAA51-LeaderElection26] INFO  server.RaftServerConfigKeys (ConfUtils.java:logGet(46)) - raft.server.write.element-limit = 1024 (custom)
2022-12-22 10:15:34,987 [b6a383f5-2af4-4920-ba0e-06f6a7823127@group-6DE4AC2FAA51-LeaderElection26] INFO  server.RaftServerConfigKeys (ConfUtils.java:logGet(46)) - raft.server.write.byte-limit = 1024 M (=1073741824) (custom)
2022-12-22 10:15:34,987 [b6a383f5-2af4-4920-ba0e-06f6a7823127@group-6DE4AC2FAA51-LeaderElection26] INFO  server.RaftServerConfigKeys (ConfUtils.java:logGet(46)) - raft.server.watch.timeout = 180s (custom)
2022-12-22 10:15:34,987 [b6a383f5-2af4-4920-ba0e-06f6a7823127@group-6DE4AC2FAA51-LeaderElection26] INFO  server.RaftServerConfigKeys (ConfUtils.java:logGet(46)) - raft.server.watch.timeout.denomination = 1s (default)
2022-12-22 10:15:34,987 [b6a383f5-2af4-4920-ba0e-06f6a7823127@group-6DE4AC2FAA51-LeaderElection26] INFO  server.RaftServerConfigKeys (ConfUtils.java:logGet(46)) - raft.server.watch.element-limit = 65536 (default)
2022-12-22 10:15:34,987 [b6a383f5-2af4-4920-ba0e-06f6a7823127@group-6DE4AC2FAA51-LeaderElection26] INFO  server.RaftServerConfigKeys (ConfUtils.java:logGet(46)) - raft.server.write.element-limit = 1024 (custom)
2022-12-22 10:15:34,987 [b6a383f5-2af4-4920-ba0e-06f6a7823127@group-6DE4AC2FAA51-LeaderElection26] INFO  server.RaftServerConfigKeys (ConfUtils.java:logGet(46)) - raft.server.write.follower.gap.ratio.max = -1.0 (default)
2022-12-22 10:15:34,987 [b6a383f5-2af4-4920-ba0e-06f6a7823127@group-6DE4AC2FAA51-LeaderElection26] INFO  impl.RoleInfo (RoleInfo.java:updateAndGet(139)) - b6a383f5-2af4-4920-ba0e-06f6a7823127: start b6a383f5-2af4-4920-ba0e-06f6a7823127@group-6DE4AC2FAA51-LeaderStateImpl
2022-12-22 10:15:34,987 [b6a383f5-2af4-4920-ba0e-06f6a7823127@group-6DE4AC2FAA51-LeaderElection26] INFO  segmented.SegmentedRaftLogWorker (SegmentedRaftLogWorker.java:startLogSegment(452)) - b6a383f5-2af4-4920-ba0e-06f6a7823127@group-6DE4AC2FAA51-SegmentedRaftLogWorker: Starting segment from index:0
2022-12-22 10:15:34,988 [b6a383f5-2af4-4920-ba0e-06f6a7823127@group-6DE4AC2FAA51-SegmentedRaftLogWorker] INFO  segmented.SegmentedRaftLogWorker (SegmentedRaftLogWorker.java:execute(656)) - b6a383f5-2af4-4920-ba0e-06f6a7823127@group-6DE4AC2FAA51-SegmentedRaftLogWorker: created new log segment /home/runner/work/ozone/ozone/hadoop-ozone/integration-test/target/test-dir/MiniOzoneClusterImpl-73a15bac-dca4-4ec7-8fa0-07a649b4923c/datanode-0/data/ratis/7e46f622-4d09-48d1-9e83-6de4ac2faa51/current/log_inprogress_0
2022-12-22 10:15:34,991 [b6a383f5-2af4-4920-ba0e-06f6a7823127@group-6DE4AC2FAA51-LeaderElection26] INFO  server.RaftServer$Division (ServerState.java:setRaftConf(430)) - b6a383f5-2af4-4920-ba0e-06f6a7823127@group-6DE4AC2FAA51: set configuration 0: peers:[b6a383f5-2af4-4920-ba0e-06f6a7823127|rpc:127.0.0.1:36777|dataStream:127.0.0.1:46767|priority:1|startupRole:FOLLOWER]|listeners:[], old=null
2022-12-22 10:15:35,023 [2749ac5f-27b9-44fd-ba97-bc431af24c01@group-E657E086AB0B-FollowerState] INFO  impl.FollowerState (FollowerState.java:run(143)) - 2749ac5f-27b9-44fd-ba97-bc431af24c01@group-E657E086AB0B-FollowerState: change to CANDIDATE, lastRpcElapsedTime:5123947002ns, electionTimeout:5123ms
2022-12-22 10:15:35,023 [2749ac5f-27b9-44fd-ba97-bc431af24c01@group-E657E086AB0B-FollowerState] INFO  impl.RoleInfo (RoleInfo.java:shutdownFollowerState(110)) - 2749ac5f-27b9-44fd-ba97-bc431af24c01: shutdown 2749ac5f-27b9-44fd-ba97-bc431af24c01@group-E657E086AB0B-FollowerState
2022-12-22 10:15:35,023 [2749ac5f-27b9-44fd-ba97-bc431af24c01@group-E657E086AB0B-FollowerState] INFO  server.RaftServer$Division (RaftServerImpl.java:setRole(321)) - 2749ac5f-27b9-44fd-ba97-bc431af24c01@group-E657E086AB0B: changes role from  FOLLOWER to CANDIDATE at term 0 for changeToCandidate
2022-12-22 10:15:35,023 [2749ac5f-27b9-44fd-ba97-bc431af24c01@group-E657E086AB0B-FollowerState] INFO  server.RaftServerConfigKeys (ConfUtils.java:logGet(46)) - raft.server.leaderelection.pre-vote = false (custom)
2022-12-22 10:15:35,023 [2749ac5f-27b9-44fd-ba97-bc431af24c01@group-E657E086AB0B-FollowerState] INFO  impl.RoleInfo (RoleInfo.java:updateAndGet(139)) - 2749ac5f-27b9-44fd-ba97-bc431af24c01: start 2749ac5f-27b9-44fd-ba97-bc431af24c01@group-E657E086AB0B-LeaderElection27
2022-12-22 10:15:35,025 [2749ac5f-27b9-44fd-ba97-bc431af24c01@group-E657E086AB0B-LeaderElection27] INFO  impl.LeaderElection (LeaderElection.java:askForVotes(312)) - 2749ac5f-27b9-44fd-ba97-bc431af24c01@group-E657E086AB0B-LeaderElection27 ELECTION round 0: submit vote requests at term 1 for -1: peers:[2749ac5f-27b9-44fd-ba97-bc431af24c01|rpc:127.0.0.1:43013|dataStream:127.0.0.1:44391|priority:1|startupRole:FOLLOWER, b6a383f5-2af4-4920-ba0e-06f6a7823127|rpc:127.0.0.1:36777|dataStream:127.0.0.1:46767|priority:0|startupRole:FOLLOWER, fef2fc50-c333-4590-b2a0-f31f883c87cf|rpc:127.0.0.1:33587|dataStream:127.0.0.1:44127|priority:0|startupRole:FOLLOWER]|listeners:[], old=null
2022-12-22 10:15:35,026 [2749ac5f-27b9-44fd-ba97-bc431af24c01@group-E657E086AB0B-LeaderElection27] INFO  server.RaftServerConfigKeys (ConfUtils.java:logFallback(53)) - raft.server.rpc.first-election.timeout.min = 5s (fallback to raft.server.rpc.timeout.min)
2022-12-22 10:15:35,026 [2749ac5f-27b9-44fd-ba97-bc431af24c01@group-E657E086AB0B-LeaderElection27-1] INFO  server.GrpcServerProtocolClient (GrpcServerProtocolClient.java:<init>(63)) - Build channel for b6a383f5-2af4-4920-ba0e-06f6a7823127
2022-12-22 10:15:35,026 [2749ac5f-27b9-44fd-ba97-bc431af24c01@group-E657E086AB0B-LeaderElection27] INFO  server.RaftServerConfigKeys (ConfUtils.java:logFallback(53)) - raft.server.rpc.first-election.timeout.max = 5200ms (fallback to raft.server.rpc.timeout.max)
2022-12-22 10:15:35,026 [2749ac5f-27b9-44fd-ba97-bc431af24c01@group-E657E086AB0B-LeaderElection27-2] INFO  server.GrpcServerProtocolClient (GrpcServerProtocolClient.java:<init>(63)) - Build channel for fef2fc50-c333-4590-b2a0-f31f883c87cf
2022-12-22 10:15:35,031 [grpc-default-executor-1] INFO  server.RaftServer$Division (RaftServerImpl.java:requestVote(1218)) - b6a383f5-2af4-4920-ba0e-06f6a7823127@group-E657E086AB0B: receive requestVote(ELECTION, 2749ac5f-27b9-44fd-ba97-bc431af24c01, group-E657E086AB0B, 1, (t:0, i:0))
2022-12-22 10:15:35,031 [fef2fc50-c333-4590-b2a0-f31f883c87cf@group-E657E086AB0B-FollowerState] INFO  impl.FollowerState (FollowerState.java:run(143)) - fef2fc50-c333-4590-b2a0-f31f883c87cf@group-E657E086AB0B-FollowerState: change to CANDIDATE, lastRpcElapsedTime:5165406048ns, electionTimeout:5165ms
2022-12-22 10:15:35,031 [grpc-default-executor-1] INFO  impl.VoteContext (VoteContext.java:log(49)) - b6a383f5-2af4-4920-ba0e-06f6a7823127@group-E657E086AB0B-FOLLOWER: accept ELECTION from 2749ac5f-27b9-44fd-ba97-bc431af24c01: our priority 0 <= candidate's priority 1
2022-12-22 10:15:35,031 [grpc-default-executor-1] INFO  server.RaftServer$Division (RaftServerImpl.java:setRole(321)) - b6a383f5-2af4-4920-ba0e-06f6a7823127@group-E657E086AB0B: changes role from  FOLLOWER to FOLLOWER at term 1 for candidate:2749ac5f-27b9-44fd-ba97-bc431af24c01
2022-12-22 10:15:35,031 [fef2fc50-c333-4590-b2a0-f31f883c87cf@group-E657E086AB0B-FollowerState] INFO  impl.RoleInfo (RoleInfo.java:shutdownFollowerState(110)) - fef2fc50-c333-4590-b2a0-f31f883c87cf: shutdown fef2fc50-c333-4590-b2a0-f31f883c87cf@group-E657E086AB0B-FollowerState
2022-12-22 10:15:35,031 [grpc-default-executor-1] INFO  impl.RoleInfo (RoleInfo.java:shutdownFollowerState(110)) - b6a383f5-2af4-4920-ba0e-06f6a7823127: shutdown b6a383f5-2af4-4920-ba0e-06f6a7823127@group-E657E086AB0B-FollowerState
2022-12-22 10:15:35,031 [fef2fc50-c333-4590-b2a0-f31f883c87cf@group-E657E086AB0B-FollowerState] INFO  server.RaftServer$Division (RaftServerImpl.java:setRole(321)) - fef2fc50-c333-4590-b2a0-f31f883c87cf@group-E657E086AB0B: changes role from  FOLLOWER to CANDIDATE at term 0 for changeToCandidate
2022-12-22 10:15:35,031 [grpc-default-executor-1] INFO  impl.RoleInfo (RoleInfo.java:updateAndGet(139)) - b6a383f5-2af4-4920-ba0e-06f6a7823127: start b6a383f5-2af4-4920-ba0e-06f6a7823127@group-E657E086AB0B-FollowerState
2022-12-22 10:15:35,031 [fef2fc50-c333-4590-b2a0-f31f883c87cf@group-E657E086AB0B-FollowerState] INFO  server.RaftServerConfigKeys (ConfUtils.java:logGet(46)) - raft.server.leaderelection.pre-vote = false (custom)
2022-12-22 10:15:35,031 [fef2fc50-c333-4590-b2a0-f31f883c87cf@group-E657E086AB0B-FollowerState] INFO  impl.RoleInfo (RoleInfo.java:updateAndGet(139)) - fef2fc50-c333-4590-b2a0-f31f883c87cf: start fef2fc50-c333-4590-b2a0-f31f883c87cf@group-E657E086AB0B-LeaderElection28
2022-12-22 10:15:35,031 [b6a383f5-2af4-4920-ba0e-06f6a7823127@group-E657E086AB0B-FollowerState] INFO  impl.FollowerState (FollowerState.java:run(152)) - b6a383f5-2af4-4920-ba0e-06f6a7823127@group-E657E086AB0B-FollowerState was interrupted
2022-12-22 10:15:35,033 [b6a383f5-2af4-4920-ba0e-06f6a7823127@group-E657E086AB0B-FollowerState] INFO  server.RaftServerConfigKeys (ConfUtils.java:logFallback(53)) - raft.server.rpc.first-election.timeout.min = 5s (fallback to raft.server.rpc.timeout.min)
2022-12-22 10:15:35,033 [b6a383f5-2af4-4920-ba0e-06f6a7823127@group-E657E086AB0B-FollowerState] INFO  server.RaftServerConfigKeys (ConfUtils.java:logFallback(53)) - raft.server.rpc.first-election.timeout.max = 5200ms (fallback to raft.server.rpc.timeout.max)
2022-12-22 10:15:35,033 [grpc-default-executor-1] INFO  server.RaftServer$Division (RaftServerImpl.java:requestVote(1251)) - b6a383f5-2af4-4920-ba0e-06f6a7823127@group-E657E086AB0B replies to ELECTION vote request: 2749ac5f-27b9-44fd-ba97-bc431af24c01<-b6a383f5-2af4-4920-ba0e-06f6a7823127#0:OK-t1. Peer's state: b6a383f5-2af4-4920-ba0e-06f6a7823127@group-E657E086AB0B:t1, leader=null, voted=2749ac5f-27b9-44fd-ba97-bc431af24c01, raftlog=Memoized:b6a383f5-2af4-4920-ba0e-06f6a7823127@group-E657E086AB0B-SegmentedRaftLog:OPENED:c-1, conf=-1: peers:[2749ac5f-27b9-44fd-ba97-bc431af24c01|rpc:127.0.0.1:43013|dataStream:127.0.0.1:44391|priority:1|startupRole:FOLLOWER, b6a383f5-2af4-4920-ba0e-06f6a7823127|rpc:127.0.0.1:36777|dataStream:127.0.0.1:46767|priority:0|startupRole:FOLLOWER, fef2fc50-c333-4590-b2a0-f31f883c87cf|rpc:127.0.0.1:33587|dataStream:127.0.0.1:44127|priority:0|startupRole:FOLLOWER]|listeners:[], old=null
2022-12-22 10:15:35,034 [EndpointStateMachine task thread for /127.0.0.1:42129 - 0 ] INFO  ipc.Client (Client.java:handleConnectionFailure(1010)) - Retrying connect to server: localhost/127.0.0.1:42129. Already tried 8 time(s); retry policy is RetryUpToMaximumCountWithFixedSleep(maxRetries=15, sleepTime=1000 MILLISECONDS)
2022-12-22 10:15:35,034 [EndpointStateMachine task thread for /127.0.0.1:43945 - 0 ] INFO  ipc.Client (Client.java:handleConnectionFailure(1010)) - Retrying connect to server: localhost/127.0.0.1:43945. Already tried 2 time(s); retry policy is RetryUpToMaximumCountWithFixedSleep(maxRetries=15, sleepTime=1000 MILLISECONDS)
2022-12-22 10:15:35,037 [2749ac5f-27b9-44fd-ba97-bc431af24c01@group-E657E086AB0B-LeaderElection27] INFO  impl.LeaderElection (LeaderElection.java:logAndReturn(90)) - 2749ac5f-27b9-44fd-ba97-bc431af24c01@group-E657E086AB0B-LeaderElection27: ELECTION PASSED received 1 response(s) and 0 exception(s):
2022-12-22 10:15:35,037 [2749ac5f-27b9-44fd-ba97-bc431af24c01@group-E657E086AB0B-LeaderElection27] INFO  impl.LeaderElection (LeaderElection.java:logAndReturn(94)) -   Response 0: 2749ac5f-27b9-44fd-ba97-bc431af24c01<-b6a383f5-2af4-4920-ba0e-06f6a7823127#0:OK-t1
2022-12-22 10:15:35,037 [2749ac5f-27b9-44fd-ba97-bc431af24c01@group-E657E086AB0B-LeaderElection27] INFO  impl.LeaderElection (LeaderElection.java:askForVotes(314)) - 2749ac5f-27b9-44fd-ba97-bc431af24c01@group-E657E086AB0B-LeaderElection27 ELECTION round 0: result PASSED
2022-12-22 10:15:35,037 [2749ac5f-27b9-44fd-ba97-bc431af24c01@group-E657E086AB0B-LeaderElection27] INFO  impl.RoleInfo (RoleInfo.java:shutdownLeaderElection(130)) - 2749ac5f-27b9-44fd-ba97-bc431af24c01: shutdown 2749ac5f-27b9-44fd-ba97-bc431af24c01@group-E657E086AB0B-LeaderElection27
2022-12-22 10:15:35,037 [2749ac5f-27b9-44fd-ba97-bc431af24c01@group-E657E086AB0B-LeaderElection27] INFO  server.RaftServer$Division (RaftServerImpl.java:setRole(321)) - 2749ac5f-27b9-44fd-ba97-bc431af24c01@group-E657E086AB0B: changes role from CANDIDATE to LEADER at term 1 for changeToLeader
2022-12-22 10:15:35,037 [2749ac5f-27b9-44fd-ba97-bc431af24c01@group-E657E086AB0B-LeaderElection27] INFO  ratis.XceiverServerRatis (XceiverServerRatis.java:handleLeaderChangedNotification(904)) - Leader change notification received for group: group-E657E086AB0B with new leaderId: 2749ac5f-27b9-44fd-ba97-bc431af24c01
2022-12-22 10:15:35,037 [2749ac5f-27b9-44fd-ba97-bc431af24c01@group-E657E086AB0B-LeaderElection27] INFO  server.RaftServer$Division (ServerState.java:setLeader(313)) - 2749ac5f-27b9-44fd-ba97-bc431af24c01@group-E657E086AB0B: change Leader from null to 2749ac5f-27b9-44fd-ba97-bc431af24c01 at term 1 for becomeLeader, leader elected after 5154ms
2022-12-22 10:15:35,037 [2749ac5f-27b9-44fd-ba97-bc431af24c01@group-E657E086AB0B-LeaderElection27] INFO  server.RaftServerConfigKeys (ConfUtils.java:logGet(46)) - raft.server.staging.catchup.gap = 1000 (default)
2022-12-22 10:15:35,038 [2749ac5f-27b9-44fd-ba97-bc431af24c01@group-E657E086AB0B-LeaderElection27] INFO  server.RaftServerConfigKeys (ConfUtils.java:logGet(46)) - raft.server.write.element-limit = 1024 (custom)
2022-12-22 10:15:35,038 [2749ac5f-27b9-44fd-ba97-bc431af24c01@group-E657E086AB0B-LeaderElection27] INFO  server.RaftServerConfigKeys (ConfUtils.java:logGet(46)) - raft.server.write.byte-limit = 1024 M (=1073741824) (custom)
2022-12-22 10:15:35,038 [2749ac5f-27b9-44fd-ba97-bc431af24c01@group-E657E086AB0B-LeaderElection27] INFO  server.RaftServerConfigKeys (ConfUtils.java:logGet(46)) - raft.server.watch.timeout = 180s (custom)
2022-12-22 10:15:35,038 [2749ac5f-27b9-44fd-ba97-bc431af24c01@group-E657E086AB0B-LeaderElection27] INFO  server.RaftServerConfigKeys (ConfUtils.java:logGet(46)) - raft.server.watch.timeout.denomination = 1s (default)
2022-12-22 10:15:35,038 [2749ac5f-27b9-44fd-ba97-bc431af24c01@group-E657E086AB0B-LeaderElection27] INFO  server.RaftServerConfigKeys (ConfUtils.java:logGet(46)) - raft.server.watch.element-limit = 65536 (default)
2022-12-22 10:15:35,038 [2749ac5f-27b9-44fd-ba97-bc431af24c01@group-E657E086AB0B-LeaderElection27] INFO  server.RaftServerConfigKeys (ConfUtils.java:logGet(46)) - raft.server.write.element-limit = 1024 (custom)
2022-12-22 10:15:35,038 [2749ac5f-27b9-44fd-ba97-bc431af24c01@group-E657E086AB0B-LeaderElection27] INFO  server.RaftServerConfigKeys (ConfUtils.java:logGet(46)) - raft.server.write.follower.gap.ratio.max = -1.0 (default)
2022-12-22 10:15:35,038 [2749ac5f-27b9-44fd-ba97-bc431af24c01@group-E657E086AB0B-LeaderElection27] INFO  server.RaftServerConfigKeys (ConfUtils.java:logGet(46)) - raft.server.log.appender.snapshot.chunk.size.max = 16MB (=16777216) (default)
2022-12-22 10:15:35,038 [2749ac5f-27b9-44fd-ba97-bc431af24c01@group-E657E086AB0B-LeaderElection27] INFO  server.RaftServerConfigKeys (ConfUtils.java:logGet(46)) - raft.server.log.appender.buffer.byte-limit = 33554432 (custom)
2022-12-22 10:15:35,038 [2749ac5f-27b9-44fd-ba97-bc431af24c01@group-E657E086AB0B-LeaderElection27] INFO  server.RaftServerConfigKeys (ConfUtils.java:logGet(46)) - raft.server.log.appender.buffer.element-limit = 1 (custom)
2022-12-22 10:15:35,038 [2749ac5f-27b9-44fd-ba97-bc431af24c01@group-E657E086AB0B-LeaderElection27] INFO  grpc.GrpcConfigKeys (ConfUtils.java:logGet(46)) - raft.grpc.server.leader.outstanding.appends.max = 128 (default)
2022-12-22 10:15:35,038 [2749ac5f-27b9-44fd-ba97-bc431af24c01@group-E657E086AB0B-LeaderElection27] INFO  server.RaftServerConfigKeys (ConfUtils.java:logGet(46)) - raft.server.rpc.request.timeout = 60s (custom)
2022-12-22 10:15:35,038 [2749ac5f-27b9-44fd-ba97-bc431af24c01@group-E657E086AB0B-LeaderElection27] INFO  server.RaftServerConfigKeys (ConfUtils.java:logGet(46)) - raft.server.log.appender.install.snapshot.enabled = false (custom)
2022-12-22 10:15:35,039 [2749ac5f-27b9-44fd-ba97-bc431af24c01@group-E657E086AB0B-LeaderElection27] INFO  grpc.GrpcConfigKeys (ConfUtils.java:logGet(46)) - raft.grpc.server.heartbeat.channel = true (default)
2022-12-22 10:15:35,039 [2749ac5f-27b9-44fd-ba97-bc431af24c01@group-E657E086AB0B-LeaderElection27] INFO  server.RaftServerConfigKeys (ConfUtils.java:logGet(46)) - raft.server.log.appender.wait-time.min = 10ms (default)
2022-12-22 10:15:35,039 [2749ac5f-27b9-44fd-ba97-bc431af24c01@group-E657E086AB0B-LeaderElection27] INFO  server.RaftServerConfigKeys (ConfUtils.java:logGet(46)) - raft.server.log.appender.snapshot.chunk.size.max = 16MB (=16777216) (default)
2022-12-22 10:15:35,039 [2749ac5f-27b9-44fd-ba97-bc431af24c01@group-E657E086AB0B-LeaderElection27] INFO  server.RaftServerConfigKeys (ConfUtils.java:logGet(46)) - raft.server.log.appender.buffer.byte-limit = 33554432 (custom)
2022-12-22 10:15:35,039 [2749ac5f-27b9-44fd-ba97-bc431af24c01@group-E657E086AB0B-LeaderElection27] INFO  server.RaftServerConfigKeys (ConfUtils.java:logGet(46)) - raft.server.log.appender.buffer.element-limit = 1 (custom)
2022-12-22 10:15:35,039 [2749ac5f-27b9-44fd-ba97-bc431af24c01@group-E657E086AB0B-LeaderElection27] INFO  grpc.GrpcConfigKeys (ConfUtils.java:logGet(46)) - raft.grpc.server.leader.outstanding.appends.max = 128 (default)
2022-12-22 10:15:35,039 [2749ac5f-27b9-44fd-ba97-bc431af24c01@group-E657E086AB0B-LeaderElection27] INFO  server.RaftServerConfigKeys (ConfUtils.java:logGet(46)) - raft.server.rpc.request.timeout = 60s (custom)
2022-12-22 10:15:35,039 [2749ac5f-27b9-44fd-ba97-bc431af24c01@group-E657E086AB0B-LeaderElection27] INFO  server.RaftServerConfigKeys (ConfUtils.java:logGet(46)) - raft.server.log.appender.install.snapshot.enabled = false (custom)
2022-12-22 10:15:35,039 [2749ac5f-27b9-44fd-ba97-bc431af24c01@group-E657E086AB0B-LeaderElection27] INFO  grpc.GrpcConfigKeys (ConfUtils.java:logGet(46)) - raft.grpc.server.heartbeat.channel = true (default)
2022-12-22 10:15:35,039 [2749ac5f-27b9-44fd-ba97-bc431af24c01@group-E657E086AB0B-LeaderElection27] INFO  server.RaftServerConfigKeys (ConfUtils.java:logGet(46)) - raft.server.log.appender.wait-time.min = 10ms (default)
2022-12-22 10:15:35,039 [2749ac5f-27b9-44fd-ba97-bc431af24c01@group-E657E086AB0B-LeaderElection27] INFO  impl.RoleInfo (RoleInfo.java:updateAndGet(139)) - 2749ac5f-27b9-44fd-ba97-bc431af24c01: start 2749ac5f-27b9-44fd-ba97-bc431af24c01@group-E657E086AB0B-LeaderStateImpl
2022-12-22 10:15:35,040 [2749ac5f-27b9-44fd-ba97-bc431af24c01@group-E657E086AB0B-LeaderElection27] INFO  segmented.SegmentedRaftLogWorker (SegmentedRaftLogWorker.java:startLogSegment(452)) - 2749ac5f-27b9-44fd-ba97-bc431af24c01@group-E657E086AB0B-SegmentedRaftLogWorker: Starting segment from index:0
2022-12-22 10:15:35,041 [EventQueue-CommandQueueReportForCommandQueueReportHandler] WARN  events.EventQueue (EventQueue.java:fireEvent(216)) - No event handler registered for event TypedEvent{payloadType=DatanodeDetails, name='Datanode_Command_Queue_Updated'}
2022-12-22 10:15:35,041 [EventQueue-PipelineReportForPipelineReportHandler] INFO  pipeline.PipelineManagerImpl (PipelineManagerImpl.java:openPipeline(367)) - Pipeline Pipeline[ Id: 15e872d5-88a2-44b5-9591-e657e086ab0b, Nodes: b6a383f5-2af4-4920-ba0e-06f6a7823127{ip: 127.0.0.1, host: localhost, ports: [REPLICATION=36617, RATIS=36777, RATIS_ADMIN=36777, RATIS_SERVER=36777, RATIS_DATASTREAM=46767, STANDALONE=45597], networkLocation: /default-rack, certSerialId: null, persistedOpState: IN_SERVICE, persistedOpStateExpiryEpochSec: 0}fef2fc50-c333-4590-b2a0-f31f883c87cf{ip: 127.0.0.1, host: localhost, ports: [REPLICATION=40909, RATIS=33587, RATIS_ADMIN=33587, RATIS_SERVER=33587, RATIS_DATASTREAM=44127, STANDALONE=44787], networkLocation: /default-rack, certSerialId: null, persistedOpState: IN_SERVICE, persistedOpStateExpiryEpochSec: 0}2749ac5f-27b9-44fd-ba97-bc431af24c01{ip: 127.0.0.1, host: localhost, ports: [REPLICATION=34945, RATIS=43013, RATIS_ADMIN=43013, RATIS_SERVER=43013, RATIS_DATASTREAM=44391, STANDALONE=40103], networkLocation: /default-rack, certSerialId: null, persistedOpState: IN_SERVICE, persistedOpStateExpiryEpochSec: 0}, ReplicationConfig: RATIS/THREE, State:ALLOCATED, leaderId:2749ac5f-27b9-44fd-ba97-bc431af24c01, CreationTimestamp2022-12-22T10:15:27.414Z[Etc/UTC]] moved to OPEN state
2022-12-22 10:15:35,043 [grpc-default-executor-1] INFO  server.RaftServer$Division (RaftServerImpl.java:requestVote(1218)) - fef2fc50-c333-4590-b2a0-f31f883c87cf@group-E657E086AB0B: receive requestVote(ELECTION, 2749ac5f-27b9-44fd-ba97-bc431af24c01, group-E657E086AB0B, 1, (t:0, i:0))
2022-12-22 10:15:35,043 [grpc-default-executor-1] INFO  impl.VoteContext (VoteContext.java:log(49)) - fef2fc50-c333-4590-b2a0-f31f883c87cf@group-E657E086AB0B-CANDIDATE: accept ELECTION from 2749ac5f-27b9-44fd-ba97-bc431af24c01: our priority 0 <= candidate's priority 1
2022-12-22 10:15:35,043 [grpc-default-executor-1] INFO  server.RaftServer$Division (RaftServerImpl.java:setRole(321)) - fef2fc50-c333-4590-b2a0-f31f883c87cf@group-E657E086AB0B: changes role from CANDIDATE to FOLLOWER at term 1 for candidate:2749ac5f-27b9-44fd-ba97-bc431af24c01
2022-12-22 10:15:35,043 [grpc-default-executor-1] INFO  impl.RoleInfo (RoleInfo.java:shutdownLeaderElection(130)) - fef2fc50-c333-4590-b2a0-f31f883c87cf: shutdown fef2fc50-c333-4590-b2a0-f31f883c87cf@group-E657E086AB0B-LeaderElection28
2022-12-22 10:15:35,043 [grpc-default-executor-1] INFO  impl.RoleInfo (RoleInfo.java:updateAndGet(139)) - fef2fc50-c333-4590-b2a0-f31f883c87cf: start fef2fc50-c333-4590-b2a0-f31f883c87cf@group-E657E086AB0B-FollowerState
2022-12-22 10:15:35,043 [e27721bf-da5b-4812-8a42-ad2d861346a7@group-07A649B4923C-StateMachineUpdater] INFO  safemode.HealthyPipelineSafeModeRule (HealthyPipelineSafeModeRule.java:initializeRule(165)) - Refreshed total pipeline count is 1, healthy pipeline threshold count is 1
2022-12-22 10:15:35,044 [EventQueue-OpenPipelineForHealthyPipelineSafeModeRule] INFO  safemode.SCMSafeModeManager (HealthyPipelineSafeModeRule.java:process(137)) - SCM in safe mode. Healthy pipelines reported count is 1, required healthy pipeline reported count is 1
2022-12-22 10:15:35,044 [EventQueue-OpenPipelineForHealthyPipelineSafeModeRule] INFO  safemode.SCMSafeModeManager (SCMSafeModeManager.java:validateSafeModeExitRules(200)) - HealthyPipelineSafeModeRule rule is successfully validated
2022-12-22 10:15:35,044 [EventQueue-OpenPipelineForHealthyPipelineSafeModeRule] INFO  safemode.SCMSafeModeManager (SCMSafeModeManager.java:validateSafeModeExitRules(215)) - ScmSafeModeManager, all rules are successfully validated
2022-12-22 10:15:35,044 [EventQueue-OpenPipelineForHealthyPipelineSafeModeRule] INFO  safemode.SCMSafeModeManager (SCMSafeModeManager.java:exitSafeMode(244)) - SCM exiting safe mode.
2022-12-22 10:15:35,044 [EventQueue-OpenPipelineForHealthyPipelineSafeModeRule] INFO  ha.SCMContext (SCMContext.java:updateSafeModeStatus(228)) - Update SafeModeStatus from SafeModeStatus{safeModeStatus=true, preCheckPassed=true} to SafeModeStatus{safeModeStatus=false, preCheckPassed=true}.
2022-12-22 10:15:35,044 [EventQueue-OpenPipelineForHealthyPipelineSafeModeRule] INFO  BackgroundPipelineScrubber (BackgroundSCMService.java:notifyStatusChanged(82)) - Service BackgroundPipelineScrubber transitions to RUNNING.
2022-12-22 10:15:35,044 [EventQueue-OpenPipelineForHealthyPipelineSafeModeRule] INFO  ExpiredContainerReplicaOpScrubber (BackgroundSCMService.java:notifyStatusChanged(82)) - Service ExpiredContainerReplicaOpScrubber transitions to RUNNING.
2022-12-22 10:15:35,044 [EventQueue-OpenPipelineForHealthyPipelineSafeModeRule] INFO  replication.ReplicationManager (ReplicationManager.java:notifyStatusChanged(918)) - Service ReplicationManager transitions to RUNNING.
2022-12-22 10:15:35,044 [EventQueue-OpenPipelineForHealthyPipelineSafeModeRule] WARN  balancer.ContainerBalancer (ContainerBalancer.java:shouldRun(131)) - Could not find persisted configuration for ContainerBalancer when checking if ContainerBalancer should run. ContainerBalancer should not run now.
2022-12-22 10:15:35,045 [2749ac5f-27b9-44fd-ba97-bc431af24c01@group-E657E086AB0B-SegmentedRaftLogWorker] INFO  segmented.SegmentedRaftLogWorker (SegmentedRaftLogWorker.java:execute(656)) - 2749ac5f-27b9-44fd-ba97-bc431af24c01@group-E657E086AB0B-SegmentedRaftLogWorker: created new log segment /home/runner/work/ozone/ozone/hadoop-ozone/integration-test/target/test-dir/MiniOzoneClusterImpl-73a15bac-dca4-4ec7-8fa0-07a649b4923c/datanode-2/data/ratis/15e872d5-88a2-44b5-9591-e657e086ab0b/current/log_inprogress_0
2022-12-22 10:15:35,053 [fef2fc50-c333-4590-b2a0-f31f883c87cf@group-E657E086AB0B-FollowerState] INFO  server.RaftServerConfigKeys (ConfUtils.java:logFallback(53)) - raft.server.rpc.first-election.timeout.min = 5s (fallback to raft.server.rpc.timeout.min)
2022-12-22 10:15:35,053 [fef2fc50-c333-4590-b2a0-f31f883c87cf@group-E657E086AB0B-FollowerState] INFO  server.RaftServerConfigKeys (ConfUtils.java:logFallback(53)) - raft.server.rpc.first-election.timeout.max = 5200ms (fallback to raft.server.rpc.timeout.max)
2022-12-22 10:15:35,054 [grpc-default-executor-1] INFO  server.RaftServer$Division (RaftServerImpl.java:requestVote(1251)) - fef2fc50-c333-4590-b2a0-f31f883c87cf@group-E657E086AB0B replies to ELECTION vote request: 2749ac5f-27b9-44fd-ba97-bc431af24c01<-fef2fc50-c333-4590-b2a0-f31f883c87cf#0:OK-t1. Peer's state: fef2fc50-c333-4590-b2a0-f31f883c87cf@group-E657E086AB0B:t1, leader=null, voted=2749ac5f-27b9-44fd-ba97-bc431af24c01, raftlog=Memoized:fef2fc50-c333-4590-b2a0-f31f883c87cf@group-E657E086AB0B-SegmentedRaftLog:OPENED:c-1, conf=-1: peers:[2749ac5f-27b9-44fd-ba97-bc431af24c01|rpc:127.0.0.1:43013|dataStream:127.0.0.1:44391|priority:1|startupRole:FOLLOWER, b6a383f5-2af4-4920-ba0e-06f6a7823127|rpc:127.0.0.1:36777|dataStream:127.0.0.1:46767|priority:0|startupRole:FOLLOWER, fef2fc50-c333-4590-b2a0-f31f883c87cf|rpc:127.0.0.1:33587|dataStream:127.0.0.1:44127|priority:0|startupRole:FOLLOWER]|listeners:[], old=null
2022-12-22 10:15:35,058 [2749ac5f-27b9-44fd-ba97-bc431af24c01@group-E657E086AB0B-LeaderElection27] INFO  server.RaftServer$Division (ServerState.java:setRaftConf(430)) - 2749ac5f-27b9-44fd-ba97-bc431af24c01@group-E657E086AB0B: set configuration 0: peers:[2749ac5f-27b9-44fd-ba97-bc431af24c01|rpc:127.0.0.1:43013|dataStream:127.0.0.1:44391|priority:1|startupRole:FOLLOWER, b6a383f5-2af4-4920-ba0e-06f6a7823127|rpc:127.0.0.1:36777|dataStream:127.0.0.1:46767|priority:0|startupRole:FOLLOWER, fef2fc50-c333-4590-b2a0-f31f883c87cf|rpc:127.0.0.1:33587|dataStream:127.0.0.1:44127|priority:0|startupRole:FOLLOWER]|listeners:[], old=null
2022-12-22 10:15:35,066 [fef2fc50-c333-4590-b2a0-f31f883c87cf-server-thread1] INFO  ratis.XceiverServerRatis (XceiverServerRatis.java:handleLeaderChangedNotification(904)) - Leader change notification received for group: group-E657E086AB0B with new leaderId: 2749ac5f-27b9-44fd-ba97-bc431af24c01
2022-12-22 10:15:35,073 [b6a383f5-2af4-4920-ba0e-06f6a7823127-server-thread1] INFO  ratis.XceiverServerRatis (XceiverServerRatis.java:handleLeaderChangedNotification(904)) - Leader change notification received for group: group-E657E086AB0B with new leaderId: 2749ac5f-27b9-44fd-ba97-bc431af24c01
2022-12-22 10:15:35,073 [b6a383f5-2af4-4920-ba0e-06f6a7823127-server-thread1] INFO  server.RaftServer$Division (ServerState.java:setLeader(313)) - b6a383f5-2af4-4920-ba0e-06f6a7823127@group-E657E086AB0B: change Leader from null to 2749ac5f-27b9-44fd-ba97-bc431af24c01 at term 1 for appendEntries, leader elected after 5241ms
2022-12-22 10:15:35,074 [fef2fc50-c333-4590-b2a0-f31f883c87cf-server-thread1] INFO  server.RaftServer$Division (ServerState.java:setLeader(313)) - fef2fc50-c333-4590-b2a0-f31f883c87cf@group-E657E086AB0B: change Leader from null to 2749ac5f-27b9-44fd-ba97-bc431af24c01 at term 1 for appendEntries, leader elected after 5212ms
2022-12-22 10:15:35,076 [b6a383f5-2af4-4920-ba0e-06f6a7823127-server-thread1] INFO  server.RaftServer$Division (ServerState.java:setRaftConf(430)) - b6a383f5-2af4-4920-ba0e-06f6a7823127@group-E657E086AB0B: set configuration 0: peers:[2749ac5f-27b9-44fd-ba97-bc431af24c01|rpc:127.0.0.1:43013|dataStream:127.0.0.1:44391|priority:1|startupRole:FOLLOWER, b6a383f5-2af4-4920-ba0e-06f6a7823127|rpc:127.0.0.1:36777|dataStream:127.0.0.1:46767|priority:0|startupRole:FOLLOWER, fef2fc50-c333-4590-b2a0-f31f883c87cf|rpc:127.0.0.1:33587|dataStream:127.0.0.1:44127|priority:0|startupRole:FOLLOWER]|listeners:[], old=null
2022-12-22 10:15:35,076 [b6a383f5-2af4-4920-ba0e-06f6a7823127-server-thread1] INFO  segmented.SegmentedRaftLogWorker (SegmentedRaftLogWorker.java:startLogSegment(452)) - b6a383f5-2af4-4920-ba0e-06f6a7823127@group-E657E086AB0B-SegmentedRaftLogWorker: Starting segment from index:0
2022-12-22 10:15:35,078 [b6a383f5-2af4-4920-ba0e-06f6a7823127@group-E657E086AB0B-SegmentedRaftLogWorker] INFO  segmented.SegmentedRaftLogWorker (SegmentedRaftLogWorker.java:execute(656)) - b6a383f5-2af4-4920-ba0e-06f6a7823127@group-E657E086AB0B-SegmentedRaftLogWorker: created new log segment /home/runner/work/ozone/ozone/hadoop-ozone/integration-test/target/test-dir/MiniOzoneClusterImpl-73a15bac-dca4-4ec7-8fa0-07a649b4923c/datanode-0/data/ratis/15e872d5-88a2-44b5-9591-e657e086ab0b/current/log_inprogress_0
2022-12-22 10:15:35,078 [fef2fc50-c333-4590-b2a0-f31f883c87cf-server-thread2] INFO  server.RaftServer$Division (ServerState.java:setRaftConf(430)) - fef2fc50-c333-4590-b2a0-f31f883c87cf@group-E657E086AB0B: set configuration 0: peers:[2749ac5f-27b9-44fd-ba97-bc431af24c01|rpc:127.0.0.1:43013|dataStream:127.0.0.1:44391|priority:1|startupRole:FOLLOWER, b6a383f5-2af4-4920-ba0e-06f6a7823127|rpc:127.0.0.1:36777|dataStream:127.0.0.1:46767|priority:0|startupRole:FOLLOWER, fef2fc50-c333-4590-b2a0-f31f883c87cf|rpc:127.0.0.1:33587|dataStream:127.0.0.1:44127|priority:0|startupRole:FOLLOWER]|listeners:[], old=null
2022-12-22 10:15:35,081 [fef2fc50-c333-4590-b2a0-f31f883c87cf-server-thread2] INFO  segmented.SegmentedRaftLogWorker (SegmentedRaftLogWorker.java:startLogSegment(452)) - fef2fc50-c333-4590-b2a0-f31f883c87cf@group-E657E086AB0B-SegmentedRaftLogWorker: Starting segment from index:0
2022-12-22 10:15:35,081 [fef2fc50-c333-4590-b2a0-f31f883c87cf@group-E657E086AB0B-SegmentedRaftLogWorker] INFO  segmented.SegmentedRaftLogWorker (SegmentedRaftLogWorker.java:execute(656)) - fef2fc50-c333-4590-b2a0-f31f883c87cf@group-E657E086AB0B-SegmentedRaftLogWorker: created new log segment /home/runner/work/ozone/ozone/hadoop-ozone/integration-test/target/test-dir/MiniOzoneClusterImpl-73a15bac-dca4-4ec7-8fa0-07a649b4923c/datanode-1/data/ratis/15e872d5-88a2-44b5-9591-e657e086ab0b/current/log_inprogress_0
2022-12-22 10:15:35,110 [EventQueue-CommandQueueReportForCommandQueueReportHandler] WARN  events.EventQueue (EventQueue.java:fireEvent(216)) - No event handler registered for event TypedEvent{payloadType=DatanodeDetails, name='Datanode_Command_Queue_Updated'}
2022-12-22 10:15:35,173 [fef2fc50-c333-4590-b2a0-f31f883c87cf@group-234CD098B418-FollowerState] INFO  impl.FollowerState (FollowerState.java:run(143)) - fef2fc50-c333-4590-b2a0-f31f883c87cf@group-234CD098B418-FollowerState: change to CANDIDATE, lastRpcElapsedTime:5054964924ns, electionTimeout:5054ms
2022-12-22 10:15:35,173 [fef2fc50-c333-4590-b2a0-f31f883c87cf@group-234CD098B418-FollowerState] INFO  impl.RoleInfo (RoleInfo.java:shutdownFollowerState(110)) - fef2fc50-c333-4590-b2a0-f31f883c87cf: shutdown fef2fc50-c333-4590-b2a0-f31f883c87cf@group-234CD098B418-FollowerState
2022-12-22 10:15:35,173 [fef2fc50-c333-4590-b2a0-f31f883c87cf@group-234CD098B418-FollowerState] INFO  server.RaftServer$Division (RaftServerImpl.java:setRole(321)) - fef2fc50-c333-4590-b2a0-f31f883c87cf@group-234CD098B418: changes role from  FOLLOWER to CANDIDATE at term 0 for changeToCandidate
2022-12-22 10:15:35,173 [fef2fc50-c333-4590-b2a0-f31f883c87cf@group-234CD098B418-FollowerState] INFO  server.RaftServerConfigKeys (ConfUtils.java:logGet(46)) - raft.server.leaderelection.pre-vote = false (custom)
2022-12-22 10:15:35,173 [fef2fc50-c333-4590-b2a0-f31f883c87cf@group-234CD098B418-FollowerState] INFO  impl.RoleInfo (RoleInfo.java:updateAndGet(139)) - fef2fc50-c333-4590-b2a0-f31f883c87cf: start fef2fc50-c333-4590-b2a0-f31f883c87cf@group-234CD098B418-LeaderElection29
2022-12-22 10:15:35,176 [fef2fc50-c333-4590-b2a0-f31f883c87cf@group-234CD098B418-LeaderElection29] INFO  impl.LeaderElection (LeaderElection.java:askForVotes(312)) - fef2fc50-c333-4590-b2a0-f31f883c87cf@group-234CD098B418-LeaderElection29 ELECTION round 0: submit vote requests at term 1 for -1: peers:[fef2fc50-c333-4590-b2a0-f31f883c87cf|rpc:127.0.0.1:33587|dataStream:127.0.0.1:44127|priority:1|startupRole:FOLLOWER]|listeners:[], old=null
2022-12-22 10:15:35,176 [fef2fc50-c333-4590-b2a0-f31f883c87cf@group-234CD098B418-LeaderElection29] INFO  impl.LeaderElection (LeaderElection.java:askForVotes(314)) - fef2fc50-c333-4590-b2a0-f31f883c87cf@group-234CD098B418-LeaderElection29 ELECTION round 0: result PASSED (term=1)
2022-12-22 10:15:35,176 [fef2fc50-c333-4590-b2a0-f31f883c87cf@group-234CD098B418-LeaderElection29] INFO  impl.RoleInfo (RoleInfo.java:shutdownLeaderElection(130)) - fef2fc50-c333-4590-b2a0-f31f883c87cf: shutdown fef2fc50-c333-4590-b2a0-f31f883c87cf@group-234CD098B418-LeaderElection29
2022-12-22 10:15:35,176 [fef2fc50-c333-4590-b2a0-f31f883c87cf@group-234CD098B418-LeaderElection29] INFO  server.RaftServer$Division (RaftServerImpl.java:setRole(321)) - fef2fc50-c333-4590-b2a0-f31f883c87cf@group-234CD098B418: changes role from CANDIDATE to LEADER at term 1 for changeToLeader
2022-12-22 10:15:35,176 [fef2fc50-c333-4590-b2a0-f31f883c87cf@group-234CD098B418-LeaderElection29] INFO  ratis.XceiverServerRatis (XceiverServerRatis.java:handleLeaderChangedNotification(904)) - Leader change notification received for group: group-234CD098B418 with new leaderId: fef2fc50-c333-4590-b2a0-f31f883c87cf
2022-12-22 10:15:35,176 [fef2fc50-c333-4590-b2a0-f31f883c87cf@group-234CD098B418-LeaderElection29] INFO  server.RaftServer$Division (ServerState.java:setLeader(313)) - fef2fc50-c333-4590-b2a0-f31f883c87cf@group-234CD098B418: change Leader from null to fef2fc50-c333-4590-b2a0-f31f883c87cf at term 1 for becomeLeader, leader elected after 5070ms
2022-12-22 10:15:35,176 [fef2fc50-c333-4590-b2a0-f31f883c87cf@group-234CD098B418-LeaderElection29] INFO  server.RaftServerConfigKeys (ConfUtils.java:logGet(46)) - raft.server.staging.catchup.gap = 1000 (default)
2022-12-22 10:15:35,176 [fef2fc50-c333-4590-b2a0-f31f883c87cf@group-234CD098B418-LeaderElection29] INFO  server.RaftServerConfigKeys (ConfUtils.java:logGet(46)) - raft.server.write.element-limit = 1024 (custom)
2022-12-22 10:15:35,176 [fef2fc50-c333-4590-b2a0-f31f883c87cf@group-234CD098B418-LeaderElection29] INFO  server.RaftServerConfigKeys (ConfUtils.java:logGet(46)) - raft.server.write.byte-limit = 1024 M (=1073741824) (custom)
2022-12-22 10:15:35,176 [fef2fc50-c333-4590-b2a0-f31f883c87cf@group-234CD098B418-LeaderElection29] INFO  server.RaftServerConfigKeys (ConfUtils.java:logGet(46)) - raft.server.watch.timeout = 180s (custom)
2022-12-22 10:15:35,177 [fef2fc50-c333-4590-b2a0-f31f883c87cf@group-234CD098B418-LeaderElection29] INFO  server.RaftServerConfigKeys (ConfUtils.java:logGet(46)) - raft.server.watch.timeout.denomination = 1s (default)
2022-12-22 10:15:35,177 [EventQueue-CommandQueueReportForCommandQueueReportHandler] WARN  events.EventQueue (EventQueue.java:fireEvent(216)) - No event handler registered for event TypedEvent{payloadType=DatanodeDetails, name='Datanode_Command_Queue_Updated'}
2022-12-22 10:15:35,177 [fef2fc50-c333-4590-b2a0-f31f883c87cf@group-234CD098B418-LeaderElection29] INFO  server.RaftServerConfigKeys (ConfUtils.java:logGet(46)) - raft.server.watch.element-limit = 65536 (default)
2022-12-22 10:15:35,177 [fef2fc50-c333-4590-b2a0-f31f883c87cf@group-234CD098B418-LeaderElection29] INFO  server.RaftServerConfigKeys (ConfUtils.java:logGet(46)) - raft.server.write.element-limit = 1024 (custom)
2022-12-22 10:15:35,177 [fef2fc50-c333-4590-b2a0-f31f883c87cf@group-234CD098B418-LeaderElection29] INFO  server.RaftServerConfigKeys (ConfUtils.java:logGet(46)) - raft.server.write.follower.gap.ratio.max = -1.0 (default)
2022-12-22 10:15:35,177 [fef2fc50-c333-4590-b2a0-f31f883c87cf@group-234CD098B418-LeaderElection29] INFO  impl.RoleInfo (RoleInfo.java:updateAndGet(139)) - fef2fc50-c333-4590-b2a0-f31f883c87cf: start fef2fc50-c333-4590-b2a0-f31f883c87cf@group-234CD098B418-LeaderStateImpl
2022-12-22 10:15:35,178 [fef2fc50-c333-4590-b2a0-f31f883c87cf@group-234CD098B418-LeaderElection29] INFO  segmented.SegmentedRaftLogWorker (SegmentedRaftLogWorker.java:startLogSegment(452)) - fef2fc50-c333-4590-b2a0-f31f883c87cf@group-234CD098B418-SegmentedRaftLogWorker: Starting segment from index:0
2022-12-22 10:15:35,181 [fef2fc50-c333-4590-b2a0-f31f883c87cf@group-234CD098B418-LeaderElection29] INFO  server.RaftServer$Division (ServerState.java:setRaftConf(430)) - fef2fc50-c333-4590-b2a0-f31f883c87cf@group-234CD098B418: set configuration 0: peers:[fef2fc50-c333-4590-b2a0-f31f883c87cf|rpc:127.0.0.1:33587|dataStream:127.0.0.1:44127|priority:1|startupRole:FOLLOWER]|listeners:[], old=null
2022-12-22 10:15:35,181 [fef2fc50-c333-4590-b2a0-f31f883c87cf@group-234CD098B418-SegmentedRaftLogWorker] INFO  segmented.SegmentedRaftLogWorker (SegmentedRaftLogWorker.java:execute(656)) - fef2fc50-c333-4590-b2a0-f31f883c87cf@group-234CD098B418-SegmentedRaftLogWorker: created new log segment /home/runner/work/ozone/ozone/hadoop-ozone/integration-test/target/test-dir/MiniOzoneClusterImpl-73a15bac-dca4-4ec7-8fa0-07a649b4923c/datanode-1/data/ratis/a8c1bc6b-e2c1-46ef-baea-234cd098b418/current/log_inprogress_0
2022-12-22 10:15:35,403 [Listener at 127.0.0.1/38293] INFO  ozone.MiniOzoneClusterImpl (MiniOzoneClusterImpl.java:lambda$waitForClusterToBeReady$0(217)) - Nodes are ready. Got 3 of 3 DN Heartbeats.
2022-12-22 10:15:35,403 [Listener at 127.0.0.1/38293] INFO  ozone.MiniOzoneClusterImpl (MiniOzoneClusterImpl.java:lambda$waitForClusterToBeReady$0(220)) - Cluster exits safe mode
2022-12-22 10:15:35,403 [Listener at 127.0.0.1/38293] INFO  ozone.MiniOzoneClusterImpl (MiniOzoneClusterImpl.java:lambda$waitForClusterToBeReady$0(222)) - SCM became leader
2022-12-22 10:15:35,413 [IPC Server handler 1 on default port 41647] INFO  ha.SCMNodeInfo (SCMNodeInfo.java:getPort(197)) - ConfigKey ozone.scm.client.address is deprecated, For configuring different ports for each SCM use PortConfigKey ozone.scm.client.port appended with serviceId and nodeId
2022-12-22 10:15:35,413 [IPC Server handler 1 on default port 41647] INFO  ha.SCMNodeInfo (SCMNodeInfo.java:getPort(197)) - ConfigKey ozone.scm.block.client.address is deprecated, For configuring different ports for each SCM use PortConfigKey ozone.scm.block.client.port appended with serviceId and nodeId
2022-12-22 10:15:35,413 [IPC Server handler 1 on default port 41647] INFO  ha.SCMNodeInfo (SCMNodeInfo.java:getPort(197)) - ConfigKey ozone.scm.datanode.address is deprecated, For configuring different ports for each SCM use PortConfigKey ozone.scm.datanode.port appended with serviceId and nodeId
2022-12-22 10:15:35,414 [Listener at 127.0.0.1/38293] INFO  rpc.RpcClient (RpcClient.java:createVolume(474)) - Creating Volume: volume12012, with runner as owner and space quota set to -1 bytes, counts quota set to -1
2022-12-22 10:15:35,424 [OM StateMachine ApplyTransaction Thread - 0] INFO  volume.OMVolumeCreateRequest (OMVolumeCreateRequest.java:validateAndUpdateCache(195)) - created volume:volume12012 for user:runner
2022-12-22 10:15:35,430 [OM StateMachine ApplyTransaction Thread - 0] INFO  volume.OMVolumeCreateRequest (OMVolumeCreateRequest.java:validateAndUpdateCache(195)) - created volume:volume12012 for user:runner
2022-12-22 10:15:35,439 [OM StateMachine ApplyTransaction Thread - 0] INFO  volume.OMVolumeCreateRequest (OMVolumeCreateRequest.java:validateAndUpdateCache(195)) - created volume:volume12012 for user:runner
2022-12-22 10:15:35,441 [Listener at 127.0.0.1/38293] INFO  rpc.RpcClient (RpcClient.java:createBucket(693)) - Creating Bucket: volume12012/bucket90667, with server-side default bucket layout, runner as owner, Versioning false, Storage Type set to DISK and Encryption set to false 
2022-12-22 10:15:35,447 [OM StateMachine ApplyTransaction Thread - 0] INFO  bucket.OMBucketCreateRequest (OMBucketCreateRequest.java:validateAndUpdateCache(260)) - created bucket: bucket90667 of layout LEGACY in volume: volume12012
2022-12-22 10:15:35,454 [OM StateMachine ApplyTransaction Thread - 0] INFO  bucket.OMBucketCreateRequest (OMBucketCreateRequest.java:validateAndUpdateCache(260)) - created bucket: bucket90667 of layout LEGACY in volume: volume12012
2022-12-22 10:15:35,467 [OM StateMachine ApplyTransaction Thread - 0] INFO  bucket.OMBucketCreateRequest (OMBucketCreateRequest.java:validateAndUpdateCache(260)) - created bucket: bucket90667 of layout LEGACY in volume: volume12012
2022-12-22 10:15:35,472 [IPC Server handler 2 on default port 40907] INFO  ha.SequenceIdGenerator (SequenceIdGenerator.java:getNextId(128)) - Allocate a batch for containerId, change lastId from 0 to 1000.
2022-12-22 10:15:35,476 [e27721bf-da5b-4812-8a42-ad2d861346a7@group-07A649B4923C-StateMachineUpdater] WARN  ha.SequenceIdGenerator (SequenceIdGenerator.java:allocateBatch(237)) - Failed to allocate a batch for localId, expected lastId is 0, actual lastId is 109611004723200000.
2022-12-22 10:15:35,477 [IPC Server handler 2 on default port 40907] INFO  ha.SequenceIdGenerator (SequenceIdGenerator.java:getNextId(128)) - Allocate a batch for localId, change lastId from 109611004723200000 to 109611004723201000.
2022-12-22 10:15:35,513 [EventQueue-CommandQueueReportForCommandQueueReportHandler] WARN  events.EventQueue (EventQueue.java:fireEvent(216)) - No event handler registered for event TypedEvent{payloadType=DatanodeDetails, name='Datanode_Command_Queue_Updated'}
2022-12-22 10:15:35,536 [Listener at 127.0.0.1/38293] INFO  om.OzoneManager (OzoneManager.java:stop(2038)) - omNode-2[localhost:44907]: Stopping Ozone Manager
2022-12-22 10:15:35,536 [Listener at 127.0.0.1/38293] INFO  ipc.Server (Server.java:stop(3428)) - Stopping server on 44907
2022-12-22 10:15:35,546 [2749ac5f-27b9-44fd-ba97-bc431af24c01@group-474AAFB83630-FollowerState] INFO  impl.FollowerState (FollowerState.java:run(143)) - 2749ac5f-27b9-44fd-ba97-bc431af24c01@group-474AAFB83630-FollowerState: change to CANDIDATE, lastRpcElapsedTime:5124383993ns, electionTimeout:5123ms
2022-12-22 10:15:35,546 [2749ac5f-27b9-44fd-ba97-bc431af24c01@group-474AAFB83630-FollowerState] INFO  impl.RoleInfo (RoleInfo.java:shutdownFollowerState(110)) - 2749ac5f-27b9-44fd-ba97-bc431af24c01: shutdown 2749ac5f-27b9-44fd-ba97-bc431af24c01@group-474AAFB83630-FollowerState
2022-12-22 10:15:35,546 [2749ac5f-27b9-44fd-ba97-bc431af24c01@group-474AAFB83630-FollowerState] INFO  server.RaftServer$Division (RaftServerImpl.java:setRole(321)) - 2749ac5f-27b9-44fd-ba97-bc431af24c01@group-474AAFB83630: changes role from  FOLLOWER to CANDIDATE at term 0 for changeToCandidate
2022-12-22 10:15:35,546 [2749ac5f-27b9-44fd-ba97-bc431af24c01@group-474AAFB83630-FollowerState] INFO  server.RaftServerConfigKeys (ConfUtils.java:logGet(46)) - raft.server.leaderelection.pre-vote = false (custom)
2022-12-22 10:15:35,546 [2749ac5f-27b9-44fd-ba97-bc431af24c01@group-474AAFB83630-FollowerState] INFO  impl.RoleInfo (RoleInfo.java:updateAndGet(139)) - 2749ac5f-27b9-44fd-ba97-bc431af24c01: start 2749ac5f-27b9-44fd-ba97-bc431af24c01@group-474AAFB83630-LeaderElection30
2022-12-22 10:15:35,547 [IPC Server Responder] INFO  ipc.Server (Server.java:run(1517)) - Stopping IPC Server Responder
2022-12-22 10:15:35,548 [Listener at 127.0.0.1/38293] INFO  server.RaftServer (RaftServerProxy.java:lambda$close$6(409)) - omNode-2: close
2022-12-22 10:15:35,548 [IPC Server listener on 44907] INFO  ipc.Server (Server.java:run(1384)) - Stopping IPC Server listener on 44907
2022-12-22 10:15:35,548 [Listener at 127.0.0.1/38293] INFO  server.GrpcService (GrpcService.java:closeImpl(271)) - omNode-2: shutdown server GrpcServerProtocolService now
2022-12-22 10:15:35,548 [omNode-2-impl-thread1] INFO  server.RaftServer$Division (RaftServerImpl.java:lambda$close$4(458)) - omNode-2@group-0AAC5367B30E: shutdown
2022-12-22 10:15:35,548 [omNode-2-impl-thread1] INFO  util.JmxRegister (JmxRegister.java:unregister(73)) - Successfully un-registered JMX Bean with object name Ratis:service=RaftServer,group=group-0AAC5367B30E,id=omNode-2
2022-12-22 10:15:35,548 [omNode-2-impl-thread1] INFO  impl.RoleInfo (RoleInfo.java:shutdownFollowerState(110)) - omNode-2: shutdown omNode-2@group-0AAC5367B30E-FollowerState
2022-12-22 10:15:35,548 [omNode-2-impl-thread1] INFO  impl.StateMachineUpdater (StateMachineUpdater.java:stopAndJoin(153)) - omNode-2@group-0AAC5367B30E-StateMachineUpdater: set stopIndex = 7
2022-12-22 10:15:35,548 [omNode-2@group-0AAC5367B30E-FollowerState] INFO  impl.FollowerState (FollowerState.java:run(152)) - omNode-2@group-0AAC5367B30E-FollowerState was interrupted
2022-12-22 10:15:35,548 [omNode-2@group-0AAC5367B30E-StateMachineUpdater] INFO  ratis.OzoneManagerStateMachine (OzoneManagerStateMachine.java:takeSnapshot(445)) - Current Snapshot Index (t:1, i:7)
2022-12-22 10:15:35,548 [omNode-2@group-0AAC5367B30E-StateMachineUpdater] INFO  impl.StateMachineUpdater (StateMachineUpdater.java:takeSnapshot(287)) - omNode-2@group-0AAC5367B30E-StateMachineUpdater: Took a snapshot at index 7
2022-12-22 10:15:35,548 [omNode-2@group-0AAC5367B30E-StateMachineUpdater] INFO  impl.StateMachineUpdater (StateMachineUpdater.java:lambda$new$0(92)) - omNode-2@group-0AAC5367B30E-StateMachineUpdater: snapshotIndex: updateIncreasingly -1 -> 7
2022-12-22 10:15:35,548 [omNode-2@group-0AAC5367B30E-StateMachineUpdater] INFO  ratis.OzoneManagerStateMachine (OzoneManagerStateMachine.java:close(499)) - StateMachine has shutdown. Shutdown OzoneManager if not already shutdown.
2022-12-22 10:15:35,548 [omNode-2@group-0AAC5367B30E-StateMachineUpdater] INFO  ratis.OzoneManagerDoubleBuffer (OzoneManagerDoubleBuffer.java:stop(466)) - Stopping OMDoubleBuffer flush thread
2022-12-22 10:15:35,548 [OMDoubleBufferFlushThread] INFO  ratis.OzoneManagerDoubleBuffer (OzoneManagerDoubleBuffer.java:flushTransactions(385)) - OMDoubleBuffer flush thread OMDoubleBufferFlushThread is interrupted and will exit.
2022-12-22 10:15:35,553 [grpc-default-executor-1] WARN  server.GrpcServerProtocolService (LogUtils.java:warn(122)) - omNode-2: installSnapshot onError, lastRequest: omNode-1->omNode-2#50-t1,previous=(t:1, i:7),leaderCommit=7,initializing? true,entries: size=1, first=(t:1, i:8), METADATAENTRY(c:7): org.apache.ratis.thirdparty.io.grpc.StatusRuntimeException: CANCELLED: client cancelled
2022-12-22 10:15:35,556 [omNode-2-impl-thread1] INFO  server.RaftServer$Division (ServerState.java:close(466)) - omNode-2@group-0AAC5367B30E: closes. applyIndex: 7
2022-12-22 10:15:35,557 [omNode-2@group-0AAC5367B30E-SegmentedRaftLogWorker] INFO  segmented.SegmentedRaftLogWorker (SegmentedRaftLogWorker.java:run(347)) - omNode-2@group-0AAC5367B30E-SegmentedRaftLogWorker was interrupted, exiting. There are 0 tasks remaining in the queue.
2022-12-22 10:15:35,557 [Listener at 127.0.0.1/38293] INFO  server.GrpcService (GrpcService.java:closeImpl(280)) - omNode-2: shutdown server GrpcServerProtocolService successfully
2022-12-22 10:15:35,561 [omNode-2-NettyServerStreamRpc-bossGroup--thread1] INFO  logging.LoggingHandler (AbstractInternalLogger.java:log(148)) - [id: 0x48f19740, L:/0:0:0:0:0:0:0:0:46523] CLOSE
2022-12-22 10:15:35,561 [omNode-2-NettyServerStreamRpc-bossGroup--thread1] INFO  logging.LoggingHandler (AbstractInternalLogger.java:log(148)) - [id: 0x48f19740, L:/0:0:0:0:0:0:0:0:46523] INACTIVE
2022-12-22 10:15:35,561 [omNode-2-NettyServerStreamRpc-bossGroup--thread1] INFO  logging.LoggingHandler (AbstractInternalLogger.java:log(148)) - [id: 0x48f19740, L:/0:0:0:0:0:0:0:0:46523] UNREGISTERED
2022-12-22 10:15:35,564 [grpc-default-executor-6] WARN  server.GrpcServerProtocolService (LogUtils.java:warn(122)) - omNode-2: installSnapshot onError, lastRequest: null: org.apache.ratis.thirdparty.io.grpc.StatusRuntimeException: CANCELLED: client cancelled
2022-12-22 10:15:35,565 [omNode-2-impl-thread1] INFO  segmented.SegmentedRaftLogWorker (SegmentedRaftLogWorker.java:close(257)) - omNode-2@group-0AAC5367B30E-SegmentedRaftLogWorker close()
2022-12-22 10:15:35,567 [JvmPauseMonitor19] INFO  util.JvmPauseMonitor (JvmPauseMonitor.java:run(111)) - JvmPauseMonitor-omNode-2: Stopped
2022-12-22 10:15:35,567 [Listener at 127.0.0.1/38293] INFO  ratis.OzoneManagerStateMachine (OzoneManagerStateMachine.java:close(499)) - StateMachine has shutdown. Shutdown OzoneManager if not already shutdown.
2022-12-22 10:15:35,567 [Listener at 127.0.0.1/38293] INFO  ratis.OzoneManagerDoubleBuffer (OzoneManagerDoubleBuffer.java:stop(478)) - OMDoubleBuffer flush thread is not running.
2022-12-22 10:15:35,567 [Listener at 127.0.0.1/38293] INFO  utils.BackgroundService (BackgroundService.java:shutdown(141)) - Shutting down service KeyDeletingService
2022-12-22 10:15:35,568 [Listener at 127.0.0.1/38293] INFO  utils.BackgroundService (BackgroundService.java:shutdown(141)) - Shutting down service DirectoryDeletingService
2022-12-22 10:15:35,568 [Listener at 127.0.0.1/38293] INFO  utils.BackgroundService (BackgroundService.java:shutdown(141)) - Shutting down service OpenKeyCleanupService
2022-12-22 10:15:35,568 [2749ac5f-27b9-44fd-ba97-bc431af24c01@group-474AAFB83630-LeaderElection30] INFO  impl.LeaderElection (LeaderElection.java:askForVotes(312)) - 2749ac5f-27b9-44fd-ba97-bc431af24c01@group-474AAFB83630-LeaderElection30 ELECTION round 0: submit vote requests at term 1 for -1: peers:[2749ac5f-27b9-44fd-ba97-bc431af24c01|rpc:127.0.0.1:43013|dataStream:127.0.0.1:44391|priority:1|startupRole:FOLLOWER]|listeners:[], old=null
2022-12-22 10:15:35,568 [2749ac5f-27b9-44fd-ba97-bc431af24c01@group-474AAFB83630-LeaderElection30] INFO  impl.LeaderElection (LeaderElection.java:askForVotes(314)) - 2749ac5f-27b9-44fd-ba97-bc431af24c01@group-474AAFB83630-LeaderElection30 ELECTION round 0: result PASSED (term=1)
2022-12-22 10:15:35,568 [2749ac5f-27b9-44fd-ba97-bc431af24c01@group-474AAFB83630-LeaderElection30] INFO  impl.RoleInfo (RoleInfo.java:shutdownLeaderElection(130)) - 2749ac5f-27b9-44fd-ba97-bc431af24c01: shutdown 2749ac5f-27b9-44fd-ba97-bc431af24c01@group-474AAFB83630-LeaderElection30
2022-12-22 10:15:35,568 [2749ac5f-27b9-44fd-ba97-bc431af24c01@group-474AAFB83630-LeaderElection30] INFO  server.RaftServer$Division (RaftServerImpl.java:setRole(321)) - 2749ac5f-27b9-44fd-ba97-bc431af24c01@group-474AAFB83630: changes role from CANDIDATE to LEADER at term 1 for changeToLeader
2022-12-22 10:15:35,568 [2749ac5f-27b9-44fd-ba97-bc431af24c01@group-474AAFB83630-LeaderElection30] INFO  ratis.XceiverServerRatis (XceiverServerRatis.java:handleLeaderChangedNotification(904)) - Leader change notification received for group: group-474AAFB83630 with new leaderId: 2749ac5f-27b9-44fd-ba97-bc431af24c01
2022-12-22 10:15:35,568 [2749ac5f-27b9-44fd-ba97-bc431af24c01@group-474AAFB83630-LeaderElection30] INFO  server.RaftServer$Division (ServerState.java:setLeader(313)) - 2749ac5f-27b9-44fd-ba97-bc431af24c01@group-474AAFB83630: change Leader from null to 2749ac5f-27b9-44fd-ba97-bc431af24c01 at term 1 for becomeLeader, leader elected after 5157ms
2022-12-22 10:15:35,568 [2749ac5f-27b9-44fd-ba97-bc431af24c01@group-474AAFB83630-LeaderElection30] INFO  server.RaftServerConfigKeys (ConfUtils.java:logGet(46)) - raft.server.staging.catchup.gap = 1000 (default)
2022-12-22 10:15:35,568 [2749ac5f-27b9-44fd-ba97-bc431af24c01@group-474AAFB83630-LeaderElection30] INFO  server.RaftServerConfigKeys (ConfUtils.java:logGet(46)) - raft.server.write.element-limit = 1024 (custom)
2022-12-22 10:15:35,568 [2749ac5f-27b9-44fd-ba97-bc431af24c01@group-474AAFB83630-LeaderElection30] INFO  server.RaftServerConfigKeys (ConfUtils.java:logGet(46)) - raft.server.write.byte-limit = 1024 M (=1073741824) (custom)
2022-12-22 10:15:35,569 [2749ac5f-27b9-44fd-ba97-bc431af24c01@group-474AAFB83630-LeaderElection30] INFO  server.RaftServerConfigKeys (ConfUtils.java:logGet(46)) - raft.server.watch.timeout = 180s (custom)
2022-12-22 10:15:35,569 [2749ac5f-27b9-44fd-ba97-bc431af24c01@group-474AAFB83630-LeaderElection30] INFO  server.RaftServerConfigKeys (ConfUtils.java:logGet(46)) - raft.server.watch.timeout.denomination = 1s (default)
2022-12-22 10:15:35,569 [Listener at 127.0.0.1/38293] INFO  handler.ContextHandler (ContextHandler.java:doStop(1159)) - Stopped o.e.j.w.WebAppContext@366776f7{ozoneManager,/,null,STOPPED}{file:/home/runner/work/ozone/ozone/hadoop-ozone/integration-test/target/test-classes/webapps/ozoneManager}
2022-12-22 10:15:35,569 [2749ac5f-27b9-44fd-ba97-bc431af24c01@group-474AAFB83630-LeaderElection30] INFO  server.RaftServerConfigKeys (ConfUtils.java:logGet(46)) - raft.server.watch.element-limit = 65536 (default)
2022-12-22 10:15:35,569 [2749ac5f-27b9-44fd-ba97-bc431af24c01@group-474AAFB83630-LeaderElection30] INFO  server.RaftServerConfigKeys (ConfUtils.java:logGet(46)) - raft.server.write.element-limit = 1024 (custom)
2022-12-22 10:15:35,569 [2749ac5f-27b9-44fd-ba97-bc431af24c01@group-474AAFB83630-LeaderElection30] INFO  server.RaftServerConfigKeys (ConfUtils.java:logGet(46)) - raft.server.write.follower.gap.ratio.max = -1.0 (default)
2022-12-22 10:15:35,569 [2749ac5f-27b9-44fd-ba97-bc431af24c01@group-474AAFB83630-LeaderElection30] INFO  impl.RoleInfo (RoleInfo.java:updateAndGet(139)) - 2749ac5f-27b9-44fd-ba97-bc431af24c01: start 2749ac5f-27b9-44fd-ba97-bc431af24c01@group-474AAFB83630-LeaderStateImpl
2022-12-22 10:15:35,569 [2749ac5f-27b9-44fd-ba97-bc431af24c01@group-474AAFB83630-LeaderElection30] INFO  segmented.SegmentedRaftLogWorker (SegmentedRaftLogWorker.java:startLogSegment(452)) - 2749ac5f-27b9-44fd-ba97-bc431af24c01@group-474AAFB83630-SegmentedRaftLogWorker: Starting segment from index:0
2022-12-22 10:15:35,570 [EventQueue-CommandQueueReportForCommandQueueReportHandler] WARN  events.EventQueue (EventQueue.java:fireEvent(216)) - No event handler registered for event TypedEvent{payloadType=DatanodeDetails, name='Datanode_Command_Queue_Updated'}
2022-12-22 10:15:35,571 [Listener at 127.0.0.1/38293] INFO  server.AbstractConnector (AbstractConnector.java:doStop(383)) - Stopped ServerConnector@5102e308{HTTP/1.1, (http/1.1)}{0.0.0.0:39569}
2022-12-22 10:15:35,571 [Listener at 127.0.0.1/38293] INFO  server.session (HouseKeeper.java:stopScavenging(149)) - node0 Stopped scavenging
2022-12-22 10:15:35,572 [Listener at 127.0.0.1/38293] INFO  handler.ContextHandler (ContextHandler.java:doStop(1159)) - Stopped o.e.j.s.ServletContextHandler@747e94e4{static,/static,file:///home/runner/work/ozone/ozone/hadoop-ozone/integration-test/target/test-classes/webapps/static,STOPPED}
2022-12-22 10:15:35,572 [Listener at 127.0.0.1/38293] INFO  handler.ContextHandler (ContextHandler.java:doStop(1159)) - Stopped o.e.j.s.ServletContextHandler@149317fd{logs,/logs,file:///home/runner/work/ozone/ozone/hadoop-ozone/integration-test/target/log,STOPPED}
2022-12-22 10:15:35,573 [2749ac5f-27b9-44fd-ba97-bc431af24c01@group-474AAFB83630-LeaderElection30] INFO  server.RaftServer$Division (ServerState.java:setRaftConf(430)) - 2749ac5f-27b9-44fd-ba97-bc431af24c01@group-474AAFB83630: set configuration 0: peers:[2749ac5f-27b9-44fd-ba97-bc431af24c01|rpc:127.0.0.1:43013|dataStream:127.0.0.1:44391|priority:1|startupRole:FOLLOWER]|listeners:[], old=null
2022-12-22 10:15:35,574 [2749ac5f-27b9-44fd-ba97-bc431af24c01@group-474AAFB83630-SegmentedRaftLogWorker] INFO  segmented.SegmentedRaftLogWorker (SegmentedRaftLogWorker.java:execute(656)) - 2749ac5f-27b9-44fd-ba97-bc431af24c01@group-474AAFB83630-SegmentedRaftLogWorker: created new log segment /home/runner/work/ozone/ozone/hadoop-ozone/integration-test/target/test-dir/MiniOzoneClusterImpl-73a15bac-dca4-4ec7-8fa0-07a649b4923c/datanode-2/data/ratis/321813eb-f086-487f-a8de-474aafb83630/current/log_inprogress_0
2022-12-22 10:15:35,582 [IPC Server handler 7 on default port 41647] INFO  ratis.OzoneManagerRatisServer (OzoneManagerRatisServer.java:removeOMFromRatisRing(342)) - omNode-1: Submitting SetConfiguration request to Ratis server to remove OM peer omNode-2 from Ratis group group-0AAC5367B30E:[omNode-3|rpc:localhost:44341|priority:0|startupRole:FOLLOWER, omNode-1|rpc:localhost:45775|priority:0|startupRole:FOLLOWER, omNode-2|rpc:localhost:41683|priority:0|startupRole:FOLLOWER]
2022-12-22 10:15:35,582 [IPC Server handler 7 on default port 41647] INFO  server.RaftServer$Division (RaftServerImpl.java:setConfigurationAsync(1112)) - omNode-1@group-0AAC5367B30E: receive setConfiguration SetConfigurationRequest:client-24316577A3F1->omNode-1@group-0AAC5367B30E, cid=2, seq=0, RW, null, SET_UNCONDITIONALLY, servers:[omNode-3|rpc:localhost:44341|priority:0|startupRole:FOLLOWER, omNode-1|rpc:localhost:45775|priority:0|startupRole:FOLLOWER], listeners:[]
2022-12-22 10:15:35,582 [IPC Server handler 7 on default port 41647] INFO  server.RaftServer$Division (LeaderStateImpl.java:startSetConfiguration(368)) - omNode-1@group-0AAC5367B30E-LeaderStateImpl: startSetConfiguration SetConfigurationRequest:client-24316577A3F1->omNode-1@group-0AAC5367B30E, cid=2, seq=0, RW, null, SET_UNCONDITIONALLY, servers:[omNode-3|rpc:localhost:44341|priority:0|startupRole:FOLLOWER, omNode-1|rpc:localhost:45775|priority:0|startupRole:FOLLOWER], listeners:[]
2022-12-22 10:15:35,583 [IPC Server handler 7 on default port 41647] INFO  server.RaftServer$Division (ServerState.java:setRaftConf(430)) - omNode-1@group-0AAC5367B30E: set configuration 9: peers:[omNode-3|rpc:localhost:44341|priority:0|startupRole:FOLLOWER, omNode-1|rpc:localhost:45775|priority:0|startupRole:FOLLOWER]|listeners:[], old=peers:[omNode-3|rpc:localhost:44341|admin:|client:|dataStream:|priority:0|startupRole:FOLLOWER, omNode-1|rpc:localhost:45775|admin:|client:|dataStream:|priority:0|startupRole:FOLLOWER, omNode-2|rpc:localhost:41683|admin:|client:|dataStream:|priority:0|startupRole:FOLLOWER]|listeners:[]
2022-12-22 10:15:35,585 [omNode-3-server-thread1] INFO  server.RaftServer$Division (ServerState.java:setRaftConf(430)) - omNode-3@group-0AAC5367B30E: set configuration 9: peers:[omNode-3|rpc:localhost:44341|admin:|client:|dataStream:|priority:0|startupRole:FOLLOWER, omNode-1|rpc:localhost:45775|admin:|client:|dataStream:|priority:0|startupRole:FOLLOWER]|listeners:[], old=peers:[omNode-3|rpc:localhost:44341|admin:|client:|dataStream:|priority:0|startupRole:FOLLOWER, omNode-1|rpc:localhost:45775|admin:|client:|dataStream:|priority:0|startupRole:FOLLOWER, omNode-2|rpc:localhost:41683|admin:|client:|dataStream:|priority:0|startupRole:FOLLOWER]|listeners:[]
2022-12-22 10:15:35,586 [omNode-1@group-0AAC5367B30E-LeaderStateImpl] INFO  server.RaftServer$Division (ServerState.java:setRaftConf(430)) - omNode-1@group-0AAC5367B30E: set configuration 11: peers:[omNode-3|rpc:localhost:44341|priority:0|startupRole:FOLLOWER, omNode-1|rpc:localhost:45775|priority:0|startupRole:FOLLOWER]|listeners:[], old=null
2022-12-22 10:15:35,586 [omNode-1@group-0AAC5367B30E-StateMachineUpdater] INFO  ratis.OzoneManagerStateMachine (OzoneManagerStateMachine.java:notifyConfigurationChanged(192)) - Received Configuration change notification from Ratis. New Peer list:
[id: "omNode-3"
address: "localhost:44341"
startupRole: FOLLOWER
, id: "omNode-1"
address: "localhost:45775"
startupRole: FOLLOWER
]
2022-12-22 10:15:35,586 [omNode-1@group-0AAC5367B30E-StateMachineUpdater] INFO  ratis.OzoneManagerRatisServer (OzoneManagerRatisServer.java:removeRaftPeer(410)) - org.apache.hadoop.ozone.om.ratis.OzoneManagerRatisServer@2d92e2de: Removed OM omNode-2 from Ratis Peers list.
2022-12-22 10:15:35,587 [omNode-1@group-0AAC5367B30E-StateMachineUpdater] INFO  om.OzoneManager (OzoneManager.java:removeOMNodeFromPeers(1860)) - Removed OM omNode-2 from OM Peer Nodes.
2022-12-22 10:15:35,587 [omNode-3-server-thread1] INFO  server.RaftServer$Division (ServerState.java:setRaftConf(430)) - omNode-3@group-0AAC5367B30E: set configuration 11: peers:[omNode-3|rpc:localhost:44341|admin:|client:|dataStream:|priority:0|startupRole:FOLLOWER, omNode-1|rpc:localhost:45775|admin:|client:|dataStream:|priority:0|startupRole:FOLLOWER]|listeners:[], old=null
2022-12-22 10:15:35,588 [omNode-3@group-0AAC5367B30E-StateMachineUpdater] INFO  ratis.OzoneManagerStateMachine (OzoneManagerStateMachine.java:notifyConfigurationChanged(192)) - Received Configuration change notification from Ratis. New Peer list:
[id: "omNode-3"
address: "localhost:44341"
startupRole: FOLLOWER
, id: "omNode-1"
address: "localhost:45775"
startupRole: FOLLOWER
]
2022-12-22 10:15:35,588 [omNode-3@group-0AAC5367B30E-StateMachineUpdater] INFO  ratis.OzoneManagerRatisServer (OzoneManagerRatisServer.java:removeRaftPeer(410)) - org.apache.hadoop.ozone.om.ratis.OzoneManagerRatisServer@68925d74: Removed OM omNode-2 from Ratis Peers list.
2022-12-22 10:15:35,588 [omNode-3@group-0AAC5367B30E-StateMachineUpdater] INFO  om.OzoneManager (OzoneManager.java:removeOMNodeFromPeers(1860)) - Removed OM omNode-2 from OM Peer Nodes.
2022-12-22 10:15:35,589 [IPC Server handler 7 on default port 41647] INFO  ratis.OzoneManagerRatisServer (OzoneManagerRatisServer.java:removeOMFromRatisRing(356)) - Removed OM omNode-2 from Ratis group group-0AAC5367B30E.
2022-12-22 10:15:35,589 [omNode-1@group-0AAC5367B30E-StateMachineUpdater] INFO  ratis.OzoneManagerStateMachine (OzoneManagerStateMachine.java:notifyConfigurationChanged(192)) - Received Configuration change notification from Ratis. New Peer list:
[id: "omNode-3"
address: "localhost:44341"
startupRole: FOLLOWER
, id: "omNode-1"
address: "localhost:45775"
startupRole: FOLLOWER
]
2022-12-22 10:15:35,592 [omNode-3@group-0AAC5367B30E-StateMachineUpdater] INFO  ratis.OzoneManagerStateMachine (OzoneManagerStateMachine.java:notifyConfigurationChanged(192)) - Received Configuration change notification from Ratis. New Peer list:
[id: "omNode-3"
address: "localhost:44341"
startupRole: FOLLOWER
, id: "omNode-1"
address: "localhost:45775"
startupRole: FOLLOWER
]
2022-12-22 10:15:35,597 [IPC Server handler 8 on default port 41647] INFO  ratis.OzoneManagerRatisServer (OzoneManagerRatisServer.java:removeOMFromRatisRing(342)) - omNode-1: Submitting SetConfiguration request to Ratis server to remove OM peer omNode-3 from Ratis group group-0AAC5367B30E:[omNode-3|rpc:localhost:44341|priority:0|startupRole:FOLLOWER, omNode-1|rpc:localhost:45775|priority:0|startupRole:FOLLOWER, omNode-2|rpc:localhost:41683|priority:0|startupRole:FOLLOWER]
2022-12-22 10:15:35,597 [IPC Server handler 8 on default port 41647] INFO  server.RaftServer$Division (RaftServerImpl.java:setConfigurationAsync(1112)) - omNode-1@group-0AAC5367B30E: receive setConfiguration SetConfigurationRequest:client-24316577A3F1->omNode-1@group-0AAC5367B30E, cid=3, seq=0, RW, null, SET_UNCONDITIONALLY, servers:[omNode-1|rpc:localhost:45775|priority:0|startupRole:FOLLOWER], listeners:[]
2022-12-22 10:15:35,597 [IPC Server handler 8 on default port 41647] INFO  server.RaftServer$Division (LeaderStateImpl.java:startSetConfiguration(368)) - omNode-1@group-0AAC5367B30E-LeaderStateImpl: startSetConfiguration SetConfigurationRequest:client-24316577A3F1->omNode-1@group-0AAC5367B30E, cid=3, seq=0, RW, null, SET_UNCONDITIONALLY, servers:[omNode-1|rpc:localhost:45775|priority:0|startupRole:FOLLOWER], listeners:[]
2022-12-22 10:15:35,597 [IPC Server handler 8 on default port 41647] INFO  server.RaftServer$Division (ServerState.java:setRaftConf(430)) - omNode-1@group-0AAC5367B30E: set configuration 13: peers:[omNode-1|rpc:localhost:45775|priority:0|startupRole:FOLLOWER]|listeners:[], old=peers:[omNode-3|rpc:localhost:44341|priority:0|startupRole:FOLLOWER, omNode-1|rpc:localhost:45775|priority:0|startupRole:FOLLOWER]|listeners:[]
2022-12-22 10:15:35,598 [omNode-3-server-thread1] INFO  server.RaftServer$Division (ServerState.java:setRaftConf(430)) - omNode-3@group-0AAC5367B30E: set configuration 13: peers:[omNode-1|rpc:localhost:45775|admin:|client:|dataStream:|priority:0|startupRole:FOLLOWER]|listeners:[], old=peers:[omNode-3|rpc:localhost:44341|admin:|client:|dataStream:|priority:0|startupRole:FOLLOWER, omNode-1|rpc:localhost:45775|admin:|client:|dataStream:|priority:0|startupRole:FOLLOWER]|listeners:[]
2022-12-22 10:15:35,599 [omNode-1@group-0AAC5367B30E-LeaderStateImpl] INFO  server.RaftServer$Division (ServerState.java:setRaftConf(430)) - omNode-1@group-0AAC5367B30E: set configuration 15: peers:[omNode-1|rpc:localhost:45775|priority:0|startupRole:FOLLOWER]|listeners:[], old=null
2022-12-22 10:15:35,599 [omNode-1@group-0AAC5367B30E-StateMachineUpdater] INFO  ratis.OzoneManagerStateMachine (OzoneManagerStateMachine.java:notifyConfigurationChanged(192)) - Received Configuration change notification from Ratis. New Peer list:
[id: "omNode-1"
address: "localhost:45775"
startupRole: FOLLOWER
]
2022-12-22 10:15:35,599 [omNode-1@group-0AAC5367B30E-StateMachineUpdater] INFO  ratis.OzoneManagerRatisServer (OzoneManagerRatisServer.java:removeRaftPeer(410)) - org.apache.hadoop.ozone.om.ratis.OzoneManagerRatisServer@2d92e2de: Removed OM omNode-3 from Ratis Peers list.
2022-12-22 10:15:35,599 [omNode-1@group-0AAC5367B30E-StateMachineUpdater] INFO  om.OzoneManager (OzoneManager.java:removeOMNodeFromPeers(1860)) - Removed OM omNode-3 from OM Peer Nodes.
2022-12-22 10:15:35,599 [IPC Server handler 8 on default port 41647] INFO  ratis.OzoneManagerRatisServer (OzoneManagerRatisServer.java:removeOMFromRatisRing(356)) - Removed OM omNode-3 from Ratis group group-0AAC5367B30E.
2022-12-22 10:15:35,599 [omNode-1@group-0AAC5367B30E-StateMachineUpdater] INFO  ratis.OzoneManagerStateMachine (OzoneManagerStateMachine.java:notifyConfigurationChanged(192)) - Received Configuration change notification from Ratis. New Peer list:
[id: "omNode-1"
address: "localhost:45775"
startupRole: FOLLOWER
]
2022-12-22 10:15:35,600 [grpc-default-executor-4] INFO  server.GrpcServerProtocolService (GrpcServerProtocolService.java:onCompleted(143)) - omNode-3: Completed APPEND_ENTRIES, lastRequest: null
2022-12-22 10:15:35,601 [grpc-default-executor-1] INFO  server.GrpcServerProtocolService (GrpcServerProtocolService.java:onCompleted(143)) - omNode-3: Completed APPEND_ENTRIES, lastRequest: omNode-1->omNode-3#535265-t1,previous=(t:1, i:12),leaderCommit=12,initializing? true,entries: size=1, first=(t:1, i:13), CONFIGURATIONENTRY(current:id: "omNode-1"
address: "localhost:45775"
startupRole: FOLLOWER
, old:id: "omNode-3"
address: "localhost:44341"
startupRole: FOLLOWER
,id: "omNode-1"
address: "localhost:45775"
startupRole: FOLLOWER
)
2022-12-22 10:15:35,602 [Listener at 127.0.0.1/38293] INFO  om.OzoneManager (OzoneManager.java:stop(2038)) - omNode-3[localhost:38293]: Stopping Ozone Manager
2022-12-22 10:15:35,602 [Listener at 127.0.0.1/38293] INFO  ipc.Server (Server.java:stop(3428)) - Stopping server on 38293
2022-12-22 10:15:35,605 [IPC Server listener on 38293] INFO  ipc.Server (Server.java:run(1384)) - Stopping IPC Server listener on 38293
2022-12-22 10:15:35,606 [IPC Server Responder] INFO  ipc.Server (Server.java:run(1517)) - Stopping IPC Server Responder
2022-12-22 10:15:35,606 [Listener at 127.0.0.1/38293] INFO  server.RaftServer (RaftServerProxy.java:lambda$close$6(409)) - omNode-3: close
2022-12-22 10:15:35,606 [omNode-3-impl-thread1] INFO  server.RaftServer$Division (RaftServerImpl.java:lambda$close$4(458)) - omNode-3@group-0AAC5367B30E: shutdown
2022-12-22 10:15:35,606 [omNode-3-impl-thread1] INFO  util.JmxRegister (JmxRegister.java:unregister(73)) - Successfully un-registered JMX Bean with object name Ratis:service=RaftServer,group=group-0AAC5367B30E,id=omNode-3
2022-12-22 10:15:35,606 [omNode-3-impl-thread1] INFO  impl.RoleInfo (RoleInfo.java:shutdownFollowerState(110)) - omNode-3: shutdown omNode-3@group-0AAC5367B30E-FollowerState
2022-12-22 10:15:35,606 [omNode-3-impl-thread1] INFO  impl.StateMachineUpdater (StateMachineUpdater.java:stopAndJoin(153)) - omNode-3@group-0AAC5367B30E-StateMachineUpdater: set stopIndex = 12
2022-12-22 10:15:35,606 [omNode-3@group-0AAC5367B30E-FollowerState] INFO  impl.FollowerState (FollowerState.java:run(152)) - omNode-3@group-0AAC5367B30E-FollowerState was interrupted
2022-12-22 10:15:35,606 [omNode-3@group-0AAC5367B30E-StateMachineUpdater] INFO  ratis.OzoneManagerStateMachine (OzoneManagerStateMachine.java:takeSnapshot(445)) - Current Snapshot Index (t:1, i:12)
2022-12-22 10:15:35,607 [omNode-3@group-0AAC5367B30E-StateMachineUpdater] INFO  impl.StateMachineUpdater (StateMachineUpdater.java:takeSnapshot(287)) - omNode-3@group-0AAC5367B30E-StateMachineUpdater: Took a snapshot at index 12
2022-12-22 10:15:35,607 [omNode-3@group-0AAC5367B30E-StateMachineUpdater] INFO  impl.StateMachineUpdater (StateMachineUpdater.java:lambda$new$0(92)) - omNode-3@group-0AAC5367B30E-StateMachineUpdater: snapshotIndex: updateIncreasingly -1 -> 12
2022-12-22 10:15:35,607 [omNode-3@group-0AAC5367B30E-StateMachineUpdater] INFO  ratis.OzoneManagerStateMachine (OzoneManagerStateMachine.java:close(499)) - StateMachine has shutdown. Shutdown OzoneManager if not already shutdown.
2022-12-22 10:15:35,607 [omNode-3@group-0AAC5367B30E-StateMachineUpdater] INFO  ratis.OzoneManagerDoubleBuffer (OzoneManagerDoubleBuffer.java:stop(466)) - Stopping OMDoubleBuffer flush thread
2022-12-22 10:15:35,608 [OMDoubleBufferFlushThread] INFO  ratis.OzoneManagerDoubleBuffer (OzoneManagerDoubleBuffer.java:flushTransactions(385)) - OMDoubleBuffer flush thread OMDoubleBufferFlushThread is interrupted and will exit.
2022-12-22 10:15:35,608 [omNode-3-impl-thread1] INFO  server.RaftServer$Division (ServerState.java:close(466)) - omNode-3@group-0AAC5367B30E: closes. applyIndex: 12
2022-12-22 10:15:35,608 [omNode-3@group-0AAC5367B30E-SegmentedRaftLogWorker] INFO  segmented.SegmentedRaftLogWorker (SegmentedRaftLogWorker.java:run(347)) - omNode-3@group-0AAC5367B30E-SegmentedRaftLogWorker was interrupted, exiting. There are 0 tasks remaining in the queue.
2022-12-22 10:15:35,608 [Listener at 127.0.0.1/38293] INFO  server.GrpcService (GrpcService.java:closeImpl(271)) - omNode-3: shutdown server GrpcServerProtocolService now
2022-12-22 10:15:35,610 [omNode-3-impl-thread1] INFO  segmented.SegmentedRaftLogWorker (SegmentedRaftLogWorker.java:close(257)) - omNode-3@group-0AAC5367B30E-SegmentedRaftLogWorker close()
2022-12-22 10:15:35,611 [Listener at 127.0.0.1/38293] INFO  server.GrpcService (GrpcService.java:closeImpl(280)) - omNode-3: shutdown server GrpcServerProtocolService successfully
2022-12-22 10:15:35,612 [omNode-3-NettyServerStreamRpc-bossGroup--thread1] INFO  logging.LoggingHandler (AbstractInternalLogger.java:log(148)) - [id: 0xc3660388, L:/0:0:0:0:0:0:0:0:33345] CLOSE
2022-12-22 10:15:35,612 [omNode-3-NettyServerStreamRpc-bossGroup--thread1] INFO  logging.LoggingHandler (AbstractInternalLogger.java:log(148)) - [id: 0xc3660388, L:/0:0:0:0:0:0:0:0:33345] INACTIVE
2022-12-22 10:15:35,612 [omNode-3-NettyServerStreamRpc-bossGroup--thread1] INFO  logging.LoggingHandler (AbstractInternalLogger.java:log(148)) - [id: 0xc3660388, L:/0:0:0:0:0:0:0:0:33345] UNREGISTERED
2022-12-22 10:15:35,613 [JvmPauseMonitor20] INFO  util.JvmPauseMonitor (JvmPauseMonitor.java:run(111)) - JvmPauseMonitor-omNode-3: Stopped
2022-12-22 10:15:35,613 [Listener at 127.0.0.1/38293] INFO  ratis.OzoneManagerStateMachine (OzoneManagerStateMachine.java:close(499)) - StateMachine has shutdown. Shutdown OzoneManager if not already shutdown.
2022-12-22 10:15:35,613 [Listener at 127.0.0.1/38293] INFO  ratis.OzoneManagerDoubleBuffer (OzoneManagerDoubleBuffer.java:stop(478)) - OMDoubleBuffer flush thread is not running.
2022-12-22 10:15:35,613 [Listener at 127.0.0.1/38293] INFO  utils.BackgroundService (BackgroundService.java:shutdown(141)) - Shutting down service KeyDeletingService
2022-12-22 10:15:35,613 [Listener at 127.0.0.1/38293] INFO  utils.BackgroundService (BackgroundService.java:shutdown(141)) - Shutting down service DirectoryDeletingService
2022-12-22 10:15:35,614 [Listener at 127.0.0.1/38293] INFO  utils.BackgroundService (BackgroundService.java:shutdown(141)) - Shutting down service OpenKeyCleanupService
2022-12-22 10:15:35,614 [Listener at 127.0.0.1/38293] INFO  handler.ContextHandler (ContextHandler.java:doStop(1159)) - Stopped o.e.j.w.WebAppContext@57682043{ozoneManager,/,null,STOPPED}{file:/home/runner/work/ozone/ozone/hadoop-ozone/integration-test/target/test-classes/webapps/ozoneManager}
2022-12-22 10:15:35,615 [Listener at 127.0.0.1/38293] INFO  server.AbstractConnector (AbstractConnector.java:doStop(383)) - Stopped ServerConnector@6b3266b9{HTTP/1.1, (http/1.1)}{0.0.0.0:45953}
2022-12-22 10:15:35,615 [Listener at 127.0.0.1/38293] INFO  server.session (HouseKeeper.java:stopScavenging(149)) - node0 Stopped scavenging
2022-12-22 10:15:35,615 [Listener at 127.0.0.1/38293] INFO  handler.ContextHandler (ContextHandler.java:doStop(1159)) - Stopped o.e.j.s.ServletContextHandler@2322c9f7{static,/static,file:///home/runner/work/ozone/ozone/hadoop-ozone/integration-test/target/test-classes/webapps/static,STOPPED}
2022-12-22 10:15:35,615 [Listener at 127.0.0.1/38293] INFO  handler.ContextHandler (ContextHandler.java:doStop(1159)) - Stopped o.e.j.s.ServletContextHandler@76d5e139{logs,/logs,file:///home/runner/work/ozone/ozone/hadoop-ozone/integration-test/target/log,STOPPED}
2022-12-22 10:15:35,637 [EventQueue-CommandQueueReportForCommandQueueReportHandler] WARN  events.EventQueue (EventQueue.java:fireEvent(216)) - No event handler registered for event TypedEvent{payloadType=DatanodeDetails, name='Datanode_Command_Queue_Updated'}
2022-12-22 10:15:35,812 [Listener at 127.0.0.1/38293] INFO  ozone.MiniOzoneClusterImpl (MiniOzoneClusterImpl.java:shutdown(449)) - Shutting down the Mini Ozone Cluster
2022-12-22 10:15:35,812 [Listener at 127.0.0.1/38293] INFO  ozone.MiniOzoneHAClusterImpl (MiniOzoneHAClusterImpl.java:stop(312)) - Stopping the OzoneManager omNode-3
2022-12-22 10:15:35,812 [Listener at 127.0.0.1/38293] INFO  om.OzoneManager (OzoneManager.java:stop(2038)) - omNode-3[localhost:38293]: Stopping Ozone Manager
2022-12-22 10:15:35,812 [Listener at 127.0.0.1/38293] INFO  ozone.MiniOzoneHAClusterImpl (MiniOzoneHAClusterImpl.java:stop(312)) - Stopping the OzoneManager omNode-1
2022-12-22 10:15:35,812 [Listener at 127.0.0.1/38293] INFO  om.OzoneManager (OzoneManager.java:stop(2038)) - omNode-1[localhost:41647]: Stopping Ozone Manager
2022-12-22 10:15:35,814 [Listener at 127.0.0.1/38293] INFO  ipc.Server (Server.java:stop(3428)) - Stopping server on 41647
2022-12-22 10:15:35,816 [IPC Server Responder] INFO  ipc.Server (Server.java:run(1517)) - Stopping IPC Server Responder
2022-12-22 10:15:35,816 [Listener at 127.0.0.1/38293] INFO  server.RaftServer (RaftServerProxy.java:lambda$close$6(409)) - omNode-1: close
2022-12-22 10:15:35,816 [IPC Server listener on 41647] INFO  ipc.Server (Server.java:run(1384)) - Stopping IPC Server listener on 41647
2022-12-22 10:15:35,817 [omNode-1-impl-thread1] INFO  server.RaftServer$Division (RaftServerImpl.java:lambda$close$4(458)) - omNode-1@group-0AAC5367B30E: shutdown
2022-12-22 10:15:35,817 [omNode-1-impl-thread1] INFO  util.JmxRegister (JmxRegister.java:unregister(73)) - Successfully un-registered JMX Bean with object name Ratis:service=RaftServer,group=group-0AAC5367B30E,id=omNode-1
2022-12-22 10:15:35,817 [omNode-1-impl-thread1] INFO  impl.RoleInfo (RoleInfo.java:shutdownLeaderState(93)) - omNode-1: shutdown omNode-1@group-0AAC5367B30E-LeaderStateImpl
2022-12-22 10:15:35,817 [omNode-1-impl-thread1] INFO  impl.PendingRequests (PendingRequests.java:sendNotLeaderResponses(282)) - omNode-1@group-0AAC5367B30E-PendingRequests: sendNotLeaderResponses
2022-12-22 10:15:35,819 [omNode-1-impl-thread1] INFO  impl.StateMachineUpdater (StateMachineUpdater.java:stopAndJoin(153)) - omNode-1@group-0AAC5367B30E-StateMachineUpdater: set stopIndex = 20
2022-12-22 10:15:35,819 [omNode-1@group-0AAC5367B30E-StateMachineUpdater] INFO  ratis.OzoneManagerStateMachine (OzoneManagerStateMachine.java:takeSnapshot(445)) - Current Snapshot Index (t:1, i:20)
2022-12-22 10:15:35,819 [Listener at 127.0.0.1/38293] INFO  server.GrpcService (GrpcService.java:closeImpl(271)) - omNode-1: shutdown server GrpcServerProtocolService now
2022-12-22 10:15:35,819 [omNode-1@group-0AAC5367B30E-StateMachineUpdater] INFO  impl.StateMachineUpdater (StateMachineUpdater.java:takeSnapshot(287)) - omNode-1@group-0AAC5367B30E-StateMachineUpdater: Took a snapshot at index 20
2022-12-22 10:15:35,819 [omNode-1@group-0AAC5367B30E-StateMachineUpdater] INFO  impl.StateMachineUpdater (StateMachineUpdater.java:lambda$new$0(92)) - omNode-1@group-0AAC5367B30E-StateMachineUpdater: snapshotIndex: updateIncreasingly -1 -> 20
2022-12-22 10:15:35,819 [omNode-1@group-0AAC5367B30E-StateMachineUpdater] INFO  ratis.OzoneManagerStateMachine (OzoneManagerStateMachine.java:close(499)) - StateMachine has shutdown. Shutdown OzoneManager if not already shutdown.
2022-12-22 10:15:35,819 [omNode-1@group-0AAC5367B30E-StateMachineUpdater] INFO  ratis.OzoneManagerDoubleBuffer (OzoneManagerDoubleBuffer.java:stop(466)) - Stopping OMDoubleBuffer flush thread
2022-12-22 10:15:35,820 [OMDoubleBufferFlushThread] INFO  ratis.OzoneManagerDoubleBuffer (OzoneManagerDoubleBuffer.java:flushTransactions(385)) - OMDoubleBuffer flush thread OMDoubleBufferFlushThread is interrupted and will exit.
2022-12-22 10:15:35,820 [ForkJoinPool.commonPool-worker-1] INFO  server.GrpcServerProtocolClient (GrpcServerProtocolClient.java:close(101)) - omNode-3 Close channels
2022-12-22 10:15:35,823 [omNode-1-impl-thread1] INFO  server.RaftServer$Division (ServerState.java:close(466)) - omNode-1@group-0AAC5367B30E: closes. applyIndex: 20
2022-12-22 10:15:35,824 [ForkJoinPool.commonPool-worker-1] INFO  server.GrpcServerProtocolClient (GrpcServerProtocolClient.java:close(101)) - omNode-2 Close channels
2022-12-22 10:15:35,824 [omNode-1@group-0AAC5367B30E-SegmentedRaftLogWorker] INFO  segmented.SegmentedRaftLogWorker (SegmentedRaftLogWorker.java:run(347)) - omNode-1@group-0AAC5367B30E-SegmentedRaftLogWorker was interrupted, exiting. There are 0 tasks remaining in the queue.
2022-12-22 10:15:35,826 [Listener at 127.0.0.1/38293] INFO  server.GrpcService (GrpcService.java:closeImpl(280)) - omNode-1: shutdown server GrpcServerProtocolService successfully
2022-12-22 10:15:35,826 [omNode-1-impl-thread1] INFO  segmented.SegmentedRaftLogWorker (SegmentedRaftLogWorker.java:close(257)) - omNode-1@group-0AAC5367B30E-SegmentedRaftLogWorker close()
2022-12-22 10:15:35,826 [omNode-1-NettyServerStreamRpc-bossGroup--thread1] INFO  logging.LoggingHandler (AbstractInternalLogger.java:log(148)) - [id: 0xd44c9028, L:/0:0:0:0:0:0:0:0:34841] CLOSE
2022-12-22 10:15:35,827 [omNode-1-NettyServerStreamRpc-bossGroup--thread1] INFO  logging.LoggingHandler (AbstractInternalLogger.java:log(148)) - [id: 0xd44c9028, L:/0:0:0:0:0:0:0:0:34841] INACTIVE
2022-12-22 10:15:35,827 [omNode-1-NettyServerStreamRpc-bossGroup--thread1] INFO  logging.LoggingHandler (AbstractInternalLogger.java:log(148)) - [id: 0xd44c9028, L:/0:0:0:0:0:0:0:0:34841] UNREGISTERED
2022-12-22 10:15:35,830 [JvmPauseMonitor18] INFO  util.JvmPauseMonitor (JvmPauseMonitor.java:run(111)) - JvmPauseMonitor-omNode-1: Stopped
2022-12-22 10:15:35,830 [Listener at 127.0.0.1/38293] INFO  ratis.OzoneManagerStateMachine (OzoneManagerStateMachine.java:close(499)) - StateMachine has shutdown. Shutdown OzoneManager if not already shutdown.
2022-12-22 10:15:35,831 [Listener at 127.0.0.1/38293] INFO  ratis.OzoneManagerDoubleBuffer (OzoneManagerDoubleBuffer.java:stop(478)) - OMDoubleBuffer flush thread is not running.
2022-12-22 10:15:35,831 [Listener at 127.0.0.1/38293] INFO  utils.BackgroundService (BackgroundService.java:shutdown(141)) - Shutting down service KeyDeletingService
2022-12-22 10:15:35,831 [Listener at 127.0.0.1/38293] INFO  utils.BackgroundService (BackgroundService.java:shutdown(141)) - Shutting down service DirectoryDeletingService
2022-12-22 10:15:35,831 [Listener at 127.0.0.1/38293] INFO  utils.BackgroundService (BackgroundService.java:shutdown(141)) - Shutting down service OpenKeyCleanupService
2022-12-22 10:15:35,832 [Listener at 127.0.0.1/38293] INFO  handler.ContextHandler (ContextHandler.java:doStop(1159)) - Stopped o.e.j.w.WebAppContext@183fb032{ozoneManager,/,null,STOPPED}{file:/home/runner/work/ozone/ozone/hadoop-ozone/integration-test/target/test-classes/webapps/ozoneManager}
2022-12-22 10:15:35,833 [Listener at 127.0.0.1/38293] INFO  server.AbstractConnector (AbstractConnector.java:doStop(383)) - Stopped ServerConnector@3e201e76{HTTP/1.1, (http/1.1)}{0.0.0.0:37853}
2022-12-22 10:15:35,833 [Listener at 127.0.0.1/38293] INFO  server.session (HouseKeeper.java:stopScavenging(149)) - node0 Stopped scavenging
2022-12-22 10:15:35,833 [Listener at 127.0.0.1/38293] INFO  handler.ContextHandler (ContextHandler.java:doStop(1159)) - Stopped o.e.j.s.ServletContextHandler@6cf41e6{static,/static,file:///home/runner/work/ozone/ozone/hadoop-ozone/integration-test/target/test-classes/webapps/static,STOPPED}
2022-12-22 10:15:35,833 [Listener at 127.0.0.1/38293] INFO  handler.ContextHandler (ContextHandler.java:doStop(1159)) - Stopped o.e.j.s.ServletContextHandler@360d4124{logs,/logs,file:///home/runner/work/ozone/ozone/hadoop-ozone/integration-test/target/log,STOPPED}
2022-12-22 10:15:35,836 [Listener at 127.0.0.1/38293] INFO  ozone.MiniOzoneHAClusterImpl (MiniOzoneHAClusterImpl.java:stop(312)) - Stopping the OzoneManager omNode-2
2022-12-22 10:15:35,836 [Listener at 127.0.0.1/38293] INFO  om.OzoneManager (OzoneManager.java:stop(2038)) - omNode-2[localhost:44907]: Stopping Ozone Manager
2022-12-22 10:15:35,836 [Listener at 127.0.0.1/38293] INFO  ozone.MiniOzoneHAClusterImpl (MiniOzoneHAClusterImpl.java:stop(320)) - Stopping the StorageContainerManager e27721bf-da5b-4812-8a42-ad2d861346a7
2022-12-22 10:15:35,836 [Listener at 127.0.0.1/38293] INFO  server.StorageContainerManager (StorageContainerManager.java:stop(1518)) - Container Balancer is not running.
2022-12-22 10:15:35,836 [Listener at 127.0.0.1/38293] INFO  server.StorageContainerManager (StorageContainerManager.java:stop(1525)) - Stopping Replication Manager Service.
2022-12-22 10:15:35,836 [Listener at 127.0.0.1/38293] INFO  replication.ReplicationManager (ReplicationManager.java:stop(296)) - Stopping Replication Monitor Thread.
2022-12-22 10:15:35,836 [ReplicationMonitor] INFO  replication.ReplicationManager (ReplicationManager.java:run(666)) - Replication Monitor Thread is stopped
2022-12-22 10:15:35,837 [Under Replicated Processor] WARN  replication.UnhealthyReplicationProcessor (UnhealthyReplicationProcessor.java:run(141)) - Under Replicated Processor interrupted. Exiting...
2022-12-22 10:15:35,837 [Listener at 127.0.0.1/38293] INFO  server.StorageContainerManager (StorageContainerManager.java:stop(1532)) - Stopping the Datanode Admin Monitor.
2022-12-22 10:15:35,837 [Over Replicated Processor] WARN  replication.UnhealthyReplicationProcessor (UnhealthyReplicationProcessor.java:run(141)) - Over Replicated Processor interrupted. Exiting...
2022-12-22 10:15:35,837 [Listener at 127.0.0.1/38293] INFO  server.StorageContainerManager (StorageContainerManager.java:stop(1539)) - Stopping datanode service RPC server
2022-12-22 10:15:35,837 [Listener at 127.0.0.1/38293] INFO  server.SCMDatanodeProtocolServer (SCMDatanodeProtocolServer.java:stop(441)) - Stopping the RPC server for DataNodes
2022-12-22 10:15:35,837 [Listener at 127.0.0.1/38293] INFO  ipc.Server (Server.java:stop(3428)) - Stopping server on 36861
2022-12-22 10:15:35,845 [IPC Server listener on 36861] INFO  ipc.Server (Server.java:run(1384)) - Stopping IPC Server listener on 36861
2022-12-22 10:15:35,845 [IPC Server Responder] INFO  ipc.Server (Server.java:run(1517)) - Stopping IPC Server Responder
2022-12-22 10:15:36,034 [EndpointStateMachine task thread for /127.0.0.1:42129 - 0 ] INFO  ipc.Client (Client.java:handleConnectionFailure(1010)) - Retrying connect to server: localhost/127.0.0.1:42129. Already tried 9 time(s); retry policy is RetryUpToMaximumCountWithFixedSleep(maxRetries=15, sleepTime=1000 MILLISECONDS)
2022-12-22 10:15:36,034 [EndpointStateMachine task thread for /127.0.0.1:43945 - 0 ] INFO  ipc.Client (Client.java:handleConnectionFailure(1010)) - Retrying connect to server: localhost/127.0.0.1:43945. Already tried 3 time(s); retry policy is RetryUpToMaximumCountWithFixedSleep(maxRetries=15, sleepTime=1000 MILLISECONDS)
2022-12-22 10:15:36,177 [EndpointStateMachine task thread for /127.0.0.1:36861 - 0 ] WARN  statemachine.EndpointStateMachine (EndpointStateMachine.java:logIfNeeded(242)) - Unable to communicate to SCM server at 127.0.0.1:36861 for past 0 seconds.
java.io.EOFException: End of File Exception between local host is: "fv-az345-686/10.1.0.13"; destination host is: "localhost":36861; : java.io.EOFException; For more details see:  http://wiki.apache.org/hadoop/EOFException
	at sun.reflect.NativeConstructorAccessorImpl.newInstance0(Native Method)
	at sun.reflect.NativeConstructorAccessorImpl.newInstance(NativeConstructorAccessorImpl.java:62)
	at sun.reflect.DelegatingConstructorAccessorImpl.newInstance(DelegatingConstructorAccessorImpl.java:45)
	at java.lang.reflect.Constructor.newInstance(Constructor.java:423)
	at org.apache.hadoop.net.NetUtils.wrapWithMessage(NetUtils.java:913)
	at org.apache.hadoop.net.NetUtils.wrapException(NetUtils.java:862)
	at org.apache.hadoop.ipc.Client.getRpcResponse(Client.java:1616)
	at org.apache.hadoop.ipc.Client.call(Client.java:1558)
	at org.apache.hadoop.ipc.Client.call(Client.java:1455)
	at org.apache.hadoop.ipc.ProtobufRpcEngine$Invoker.invoke(ProtobufRpcEngine.java:235)
	at org.apache.hadoop.ipc.ProtobufRpcEngine$Invoker.invoke(ProtobufRpcEngine.java:122)
	at com.sun.proxy.$Proxy52.submitRequest(Unknown Source)
	at org.apache.hadoop.ozone.protocolPB.StorageContainerDatanodeProtocolClientSideTranslatorPB.submitRequest(StorageContainerDatanodeProtocolClientSideTranslatorPB.java:117)
	at org.apache.hadoop.ozone.protocolPB.StorageContainerDatanodeProtocolClientSideTranslatorPB.sendHeartbeat(StorageContainerDatanodeProtocolClientSideTranslatorPB.java:149)
	at org.apache.hadoop.ozone.container.common.states.endpoint.HeartbeatEndpointTask.call(HeartbeatEndpointTask.java:185)
	at org.apache.hadoop.ozone.container.common.states.endpoint.HeartbeatEndpointTask.call(HeartbeatEndpointTask.java:87)
	at java.util.concurrent.FutureTask.run(FutureTask.java:266)
	at java.util.concurrent.ThreadPoolExecutor.runWorker(ThreadPoolExecutor.java:1149)
	at java.util.concurrent.ThreadPoolExecutor$Worker.run(ThreadPoolExecutor.java:624)
	at java.lang.Thread.run(Thread.java:750)
Caused by: java.io.EOFException
	at java.io.DataInputStream.readInt(DataInputStream.java:392)
	at org.apache.hadoop.ipc.Client$IpcStreams.readResponse(Client.java:1922)
	at org.apache.hadoop.ipc.Client$Connection.receiveRpcResponse(Client.java:1238)
	at org.apache.hadoop.ipc.Client$Connection.run(Client.java:1134)
2022-12-22 10:15:37,035 [EndpointStateMachine task thread for /127.0.0.1:42129 - 0 ] INFO  ipc.Client (Client.java:handleConnectionFailure(1010)) - Retrying connect to server: localhost/127.0.0.1:42129. Already tried 10 time(s); retry policy is RetryUpToMaximumCountWithFixedSleep(maxRetries=15, sleepTime=1000 MILLISECONDS)
2022-12-22 10:15:37,035 [EndpointStateMachine task thread for /127.0.0.1:43945 - 0 ] INFO  ipc.Client (Client.java:handleConnectionFailure(1010)) - Retrying connect to server: localhost/127.0.0.1:43945. Already tried 4 time(s); retry policy is RetryUpToMaximumCountWithFixedSleep(maxRetries=15, sleepTime=1000 MILLISECONDS)
2022-12-22 10:15:37,569 [EndpointStateMachine task thread for /127.0.0.1:36861 - 0 ] INFO  ipc.Client (Client.java:handleConnectionFailure(1010)) - Retrying connect to server: localhost/127.0.0.1:36861. Already tried 0 time(s); retry policy is RetryUpToMaximumCountWithFixedSleep(maxRetries=15, sleepTime=1000 MILLISECONDS)
2022-12-22 10:15:38,035 [EndpointStateMachine task thread for /127.0.0.1:42129 - 0 ] INFO  ipc.Client (Client.java:handleConnectionFailure(1010)) - Retrying connect to server: localhost/127.0.0.1:42129. Already tried 11 time(s); retry policy is RetryUpToMaximumCountWithFixedSleep(maxRetries=15, sleepTime=1000 MILLISECONDS)
2022-12-22 10:15:38,035 [EndpointStateMachine task thread for /127.0.0.1:43945 - 0 ] INFO  ipc.Client (Client.java:handleConnectionFailure(1010)) - Retrying connect to server: localhost/127.0.0.1:43945. Already tried 5 time(s); retry policy is RetryUpToMaximumCountWithFixedSleep(maxRetries=15, sleepTime=1000 MILLISECONDS)
2022-12-22 10:15:38,298 [SCM Heartbeat Processing Thread - 0] WARN  node.NodeStateManager (NodeStateManager.java:scheduleNextHealthCheck(870)) - Current Thread is interrupted, shutting down HB processing thread for Node Manager.
2022-12-22 10:15:38,300 [Listener at 127.0.0.1/38293] INFO  server.StorageContainerManager (StorageContainerManager.java:stop(1547)) - Stopping block service RPC server
2022-12-22 10:15:38,300 [Listener at 127.0.0.1/38293] INFO  server.SCMBlockProtocolServer (SCMBlockProtocolServer.java:stop(161)) - Stopping the RPC server for Block Protocol
2022-12-22 10:15:38,300 [Listener at 127.0.0.1/38293] INFO  ipc.Server (Server.java:stop(3428)) - Stopping server on 40907
2022-12-22 10:15:38,305 [Listener at 127.0.0.1/38293] INFO  server.StorageContainerManager (StorageContainerManager.java:stop(1554)) - Stopping the StorageContainerLocationProtocol RPC server
2022-12-22 10:15:38,305 [Listener at 127.0.0.1/38293] INFO  server.SCMClientProtocolServer (SCMClientProtocolServer.java:stop(179)) - Stopping the RPC server for Client Protocol
2022-12-22 10:15:38,305 [Listener at 127.0.0.1/38293] INFO  ipc.Server (Server.java:stop(3428)) - Stopping server on 40193
2022-12-22 10:15:38,305 [IPC Server Responder] INFO  ipc.Server (Server.java:run(1517)) - Stopping IPC Server Responder
2022-12-22 10:15:38,306 [IPC Server listener on 40907] INFO  ipc.Server (Server.java:run(1384)) - Stopping IPC Server listener on 40907
2022-12-22 10:15:38,308 [IPC Server Responder] INFO  ipc.Server (Server.java:run(1517)) - Stopping IPC Server Responder
2022-12-22 10:15:38,308 [IPC Server listener on 40193] INFO  ipc.Server (Server.java:run(1384)) - Stopping IPC Server listener on 40193
2022-12-22 10:15:38,308 [Listener at 127.0.0.1/38293] INFO  server.StorageContainerManager (StorageContainerManager.java:stop(1561)) - Stopping Storage Container Manager HTTP server.
2022-12-22 10:15:38,313 [Listener at 127.0.0.1/38293] INFO  handler.ContextHandler (ContextHandler.java:doStop(1159)) - Stopped o.e.j.w.WebAppContext@23c016e6{scm,/,null,STOPPED}{file:/home/runner/work/ozone/ozone/hadoop-ozone/integration-test/target/test-classes/webapps/scm}
2022-12-22 10:15:38,313 [Listener at 127.0.0.1/38293] INFO  server.AbstractConnector (AbstractConnector.java:doStop(383)) - Stopped ServerConnector@509debfe{HTTP/1.1, (http/1.1)}{0.0.0.0:33747}
2022-12-22 10:15:38,314 [Listener at 127.0.0.1/38293] INFO  server.session (HouseKeeper.java:stopScavenging(149)) - node0 Stopped scavenging
2022-12-22 10:15:38,314 [Listener at 127.0.0.1/38293] INFO  handler.ContextHandler (ContextHandler.java:doStop(1159)) - Stopped o.e.j.s.ServletContextHandler@5ce5e5e5{static,/static,file:///home/runner/work/ozone/ozone/hadoop-ozone/integration-test/target/test-classes/webapps/static,STOPPED}
2022-12-22 10:15:38,316 [Listener at 127.0.0.1/38293] INFO  handler.ContextHandler (ContextHandler.java:doStop(1159)) - Stopped o.e.j.s.ServletContextHandler@7e19176e{logs,/logs,file:///home/runner/work/ozone/ozone/hadoop-ozone/integration-test/target/log,STOPPED}
2022-12-22 10:15:38,317 [Listener at 127.0.0.1/38293] INFO  server.StorageContainerManager (StorageContainerManager.java:stop(1567)) - Stopping SCM LayoutVersionManager Service.
2022-12-22 10:15:38,317 [Listener at 127.0.0.1/38293] INFO  server.StorageContainerManager (StorageContainerManager.java:stop(1575)) - Stopping Block Manager Service.
2022-12-22 10:15:38,317 [Listener at 127.0.0.1/38293] INFO  utils.BackgroundService (BackgroundService.java:shutdown(141)) - Shutting down service SCMBlockDeletingService
2022-12-22 10:15:38,317 [Listener at 127.0.0.1/38293] INFO  utils.BackgroundService (BackgroundService.java:shutdown(141)) - Shutting down service SCMBlockDeletingService
2022-12-22 10:15:38,317 [Listener at 127.0.0.1/38293] INFO  server.StorageContainerManager (StorageContainerManager.java:stop(1597)) - Stopping SCM Event Queue.
2022-12-22 10:15:38,318 [Listener at 127.0.0.1/38293] INFO  server.StorageContainerManager (StorageContainerManager.java:stop(1608)) - Stopping SCM HA services.
2022-12-22 10:15:38,318 [Listener at 127.0.0.1/38293] INFO  ha.SCMRatisServerImpl (SCMRatisServerImpl.java:stop(237)) - stopping ratis server 0.0.0.0:35421
2022-12-22 10:15:38,318 [Listener at 127.0.0.1/38293] INFO  server.RaftServer (RaftServerProxy.java:lambda$close$6(409)) - e27721bf-da5b-4812-8a42-ad2d861346a7: close
2022-12-22 10:15:38,318 [Listener at 127.0.0.1/38293] INFO  server.GrpcService (GrpcService.java:closeImpl(271)) - e27721bf-da5b-4812-8a42-ad2d861346a7: shutdown server GrpcServerProtocolService now
2022-12-22 10:15:38,319 [e27721bf-da5b-4812-8a42-ad2d861346a7-impl-thread1] INFO  server.RaftServer$Division (RaftServerImpl.java:lambda$close$4(458)) - e27721bf-da5b-4812-8a42-ad2d861346a7@group-07A649B4923C: shutdown
2022-12-22 10:15:38,319 [e27721bf-da5b-4812-8a42-ad2d861346a7-impl-thread1] INFO  util.JmxRegister (JmxRegister.java:unregister(73)) - Successfully un-registered JMX Bean with object name Ratis:service=RaftServer,group=group-07A649B4923C,id=e27721bf-da5b-4812-8a42-ad2d861346a7
2022-12-22 10:15:38,319 [e27721bf-da5b-4812-8a42-ad2d861346a7-impl-thread1] INFO  impl.RoleInfo (RoleInfo.java:shutdownLeaderState(93)) - e27721bf-da5b-4812-8a42-ad2d861346a7: shutdown e27721bf-da5b-4812-8a42-ad2d861346a7@group-07A649B4923C-LeaderStateImpl
2022-12-22 10:15:38,319 [e27721bf-da5b-4812-8a42-ad2d861346a7-impl-thread1] INFO  impl.PendingRequests (PendingRequests.java:sendNotLeaderResponses(282)) - e27721bf-da5b-4812-8a42-ad2d861346a7@group-07A649B4923C-PendingRequests: sendNotLeaderResponses
2022-12-22 10:15:38,319 [e27721bf-da5b-4812-8a42-ad2d861346a7-impl-thread1] INFO  ha.SCMStateMachine (SCMStateMachine.java:notifyNotLeader(190)) - current leader SCM steps down.
2022-12-22 10:15:38,319 [e27721bf-da5b-4812-8a42-ad2d861346a7-impl-thread1] INFO  ha.SCMContext (SCMContext.java:updateLeaderAndTerm(99)) - update <isLeader,term> from <true,2> to <false,0>
2022-12-22 10:15:38,319 [e27721bf-da5b-4812-8a42-ad2d861346a7-impl-thread1] INFO  ha.SCMContext (SCMContext.java:updateLeaderAndTerm(106)) - update <isLeaderReady> from <false> to <false>
2022-12-22 10:15:38,319 [e27721bf-da5b-4812-8a42-ad2d861346a7-impl-thread1] INFO  BackgroundPipelineScrubber (BackgroundSCMService.java:notifyStatusChanged(88)) - Service BackgroundPipelineScrubber transitions to PAUSING.
2022-12-22 10:15:38,319 [e27721bf-da5b-4812-8a42-ad2d861346a7-impl-thread1] INFO  ExpiredContainerReplicaOpScrubber (BackgroundSCMService.java:notifyStatusChanged(88)) - Service ExpiredContainerReplicaOpScrubber transitions to PAUSING.
2022-12-22 10:15:38,321 [Listener at 127.0.0.1/38293] INFO  server.GrpcService (GrpcService.java:closeImpl(280)) - e27721bf-da5b-4812-8a42-ad2d861346a7: shutdown server GrpcServerProtocolService successfully
2022-12-22 10:15:38,322 [e27721bf-da5b-4812-8a42-ad2d861346a7-NettyServerStreamRpc-bossGroup--thread1] INFO  logging.LoggingHandler (AbstractInternalLogger.java:log(148)) - [id: 0x76f4d6c2, L:/0:0:0:0:0:0:0:0:37667] CLOSE
2022-12-22 10:15:38,322 [e27721bf-da5b-4812-8a42-ad2d861346a7-NettyServerStreamRpc-bossGroup--thread1] INFO  logging.LoggingHandler (AbstractInternalLogger.java:log(148)) - [id: 0x76f4d6c2, L:0:0:0:0:0:0:0:0/0:0:0:0:0:0:0:0:37667] INACTIVE
2022-12-22 10:15:38,322 [e27721bf-da5b-4812-8a42-ad2d861346a7-NettyServerStreamRpc-bossGroup--thread1] INFO  logging.LoggingHandler (AbstractInternalLogger.java:log(148)) - [id: 0x76f4d6c2, L:0:0:0:0:0:0:0:0/0:0:0:0:0:0:0:0:37667] UNREGISTERED
2022-12-22 10:15:38,325 [e27721bf-da5b-4812-8a42-ad2d861346a7-impl-thread1] INFO  impl.StateMachineUpdater (StateMachineUpdater.java:stopAndJoin(153)) - e27721bf-da5b-4812-8a42-ad2d861346a7@group-07A649B4923C-StateMachineUpdater: set stopIndex = 30
2022-12-22 10:15:38,326 [e27721bf-da5b-4812-8a42-ad2d861346a7@group-07A649B4923C-StateMachineUpdater] INFO  ha.SCMStateMachine (SCMStateMachine.java:takeSnapshot(297)) - Current Snapshot Index 30, takeSnapshot took 1 ms
2022-12-22 10:15:38,326 [e27721bf-da5b-4812-8a42-ad2d861346a7@group-07A649B4923C-StateMachineUpdater] INFO  impl.StateMachineUpdater (StateMachineUpdater.java:takeSnapshot(287)) - e27721bf-da5b-4812-8a42-ad2d861346a7@group-07A649B4923C-StateMachineUpdater: Took a snapshot at index 30
2022-12-22 10:15:38,326 [e27721bf-da5b-4812-8a42-ad2d861346a7@group-07A649B4923C-StateMachineUpdater] INFO  impl.StateMachineUpdater (StateMachineUpdater.java:lambda$new$0(92)) - e27721bf-da5b-4812-8a42-ad2d861346a7@group-07A649B4923C-StateMachineUpdater: snapshotIndex: updateIncreasingly -1 -> 30
2022-12-22 10:15:38,326 [e27721bf-da5b-4812-8a42-ad2d861346a7@group-07A649B4923C-StateMachineUpdater] INFO  server.StorageContainerManager (StorageContainerManager.java:stop(1509)) - Storage Container Manager is not running.
2022-12-22 10:15:38,326 [e27721bf-da5b-4812-8a42-ad2d861346a7@group-07A649B4923C-StateMachineUpdater] INFO  server.StorageContainerManager (ExitUtils.java:terminate(131)) - Terminating with exit status 0: scm statemachine is closed by ratis, terminate SCM
2022-12-22 10:15:38,326 [e27721bf-da5b-4812-8a42-ad2d861346a7@group-07A649B4923C-StateMachineUpdater] WARN  impl.StateMachineUpdater (StateMachineUpdater.java:stop(137)) - e27721bf-da5b-4812-8a42-ad2d861346a7@group-07A649B4923C-StateMachineUpdater: Failed to close SCMStateMachine SCMStateMachine:e27721bf-da5b-4812-8a42-ad2d861346a7:group-07A649B4923C
org.apache.ratis.util.ExitUtils$ExitException: scm statemachine is closed by ratis, terminate SCM
	at org.apache.ratis.util.ExitUtils.terminate(ExitUtils.java:141)
	at org.apache.ratis.util.ExitUtils.terminate(ExitUtils.java:151)
	at org.apache.ratis.util.ExitUtils.terminate(ExitUtils.java:155)
	at org.apache.hadoop.hdds.scm.server.StorageContainerManager.shutDown(StorageContainerManager.java:1636)
	at org.apache.hadoop.hdds.scm.ha.SCMStateMachine.close(SCMStateMachine.java:406)
	at org.apache.ratis.server.impl.StateMachineUpdater.stop(StateMachineUpdater.java:134)
	at org.apache.ratis.server.impl.StateMachineUpdater.run(StateMachineUpdater.java:187)
	at java.lang.Thread.run(Thread.java:750)
2022-12-22 10:15:38,326 [e27721bf-da5b-4812-8a42-ad2d861346a7-impl-thread1] INFO  server.RaftServer$Division (ServerState.java:close(466)) - e27721bf-da5b-4812-8a42-ad2d861346a7@group-07A649B4923C: closes. applyIndex: 30
2022-12-22 10:15:38,327 [e27721bf-da5b-4812-8a42-ad2d861346a7@group-07A649B4923C-SegmentedRaftLogWorker] INFO  segmented.SegmentedRaftLogWorker (SegmentedRaftLogWorker.java:run(347)) - e27721bf-da5b-4812-8a42-ad2d861346a7@group-07A649B4923C-SegmentedRaftLogWorker was interrupted, exiting. There are 0 tasks remaining in the queue.
2022-12-22 10:15:38,333 [e27721bf-da5b-4812-8a42-ad2d861346a7-impl-thread1] INFO  segmented.SegmentedRaftLogWorker (SegmentedRaftLogWorker.java:close(257)) - e27721bf-da5b-4812-8a42-ad2d861346a7@group-07A649B4923C-SegmentedRaftLogWorker close()
2022-12-22 10:15:38,334 [JvmPauseMonitor17] INFO  util.JvmPauseMonitor (JvmPauseMonitor.java:run(111)) - JvmPauseMonitor-e27721bf-da5b-4812-8a42-ad2d861346a7: Stopped
2022-12-22 10:15:38,335 [Listener at 127.0.0.1/38293] INFO  pipeline.BackgroundPipelineCreator (BackgroundPipelineCreator.java:stop(149)) - Stopping RatisPipelineUtilsThread.
2022-12-22 10:15:38,335 [RatisPipelineUtilsThread - 0] WARN  pipeline.BackgroundPipelineCreator (BackgroundPipelineCreator.java:run(180)) - RatisPipelineUtilsThread is interrupted.
2022-12-22 10:15:38,335 [Listener at 127.0.0.1/38293] INFO  BackgroundPipelineScrubber (BackgroundSCMService.java:stop(131)) - Stopping BackgroundPipelineScrubber Service.
2022-12-22 10:15:38,335 [Listener at 127.0.0.1/38293] INFO  impl.MetricsSystemImpl (MetricsSystemImpl.java:stop(210)) - Stopping HddsDatanode metrics system...
2022-12-22 10:15:38,336 [BackgroundPipelineScrubberThread] WARN  BackgroundPipelineScrubber (BackgroundSCMService.java:run(115)) - BackgroundPipelineScrubber is interrupted, exit
2022-12-22 10:15:38,339 [prometheus] INFO  impl.MetricsSinkAdapter (MetricsSinkAdapter.java:publishMetricsFromQueue(141)) - prometheus thread interrupted.
2022-12-22 10:15:38,339 [Listener at 127.0.0.1/38293] INFO  impl.MetricsSystemImpl (MetricsSystemImpl.java:stop(216)) - HddsDatanode metrics system stopped.
2022-12-22 10:15:38,340 [Listener at 127.0.0.1/38293] WARN  pipeline.BackgroundPipelineCreator (BackgroundPipelineCreator.java:stop(145)) - RatisPipelineUtilsThread is not running, just ignore.
2022-12-22 10:15:38,340 [Listener at 127.0.0.1/38293] INFO  BackgroundPipelineScrubber (BackgroundSCMService.java:stop(126)) - BackgroundPipelineScrubber Service is not running, skip stop.
2022-12-22 10:15:38,340 [ExpiredContainerReplicaOpScrubberThread] WARN  ExpiredContainerReplicaOpScrubber (BackgroundSCMService.java:run(115)) - ExpiredContainerReplicaOpScrubber is interrupted, exit
2022-12-22 10:15:38,340 [Listener at 127.0.0.1/38293] INFO  ExpiredContainerReplicaOpScrubber (BackgroundSCMService.java:stop(131)) - Stopping ExpiredContainerReplicaOpScrubber Service.
2022-12-22 10:15:38,340 [Listener at 127.0.0.1/38293] INFO  utils.BackgroundService (BackgroundService.java:shutdown(141)) - Shutting down service SCMBlockDeletingService
2022-12-22 10:15:38,340 [Listener at 127.0.0.1/38293] INFO  replication.ReplicationManager (ReplicationManager.java:stop(304)) - Replication Monitor Thread is not running.
2022-12-22 10:15:38,340 [Listener at 127.0.0.1/38293] WARN  balancer.ContainerBalancer (ContainerBalancer.java:stop(322)) - Cannot stop Container Balancer because it's not running or stopping
2022-12-22 10:15:38,340 [Listener at 127.0.0.1/38293] INFO  server.StorageContainerManager (StorageContainerManager.java:stop(1626)) - Stopping SCM MetadataStore.
2022-12-22 10:15:38,342 [Listener at 127.0.0.1/38293] INFO  ozone.MiniOzoneClusterImpl (MiniOzoneClusterImpl.java:stop(464)) - Stopping the Mini Ozone Cluster
2022-12-22 10:15:38,342 [Listener at 127.0.0.1/38293] INFO  ozone.MiniOzoneClusterImpl (MiniOzoneClusterImpl.java:stopDatanodes(523)) - Stopping the HddsDatanodes
2022-12-22 10:15:38,569 [EndpointStateMachine task thread for /127.0.0.1:36861 - 0 ] INFO  ipc.Client (Client.java:handleConnectionFailure(1010)) - Retrying connect to server: localhost/127.0.0.1:36861. Already tried 1 time(s); retry policy is RetryUpToMaximumCountWithFixedSleep(maxRetries=15, sleepTime=1000 MILLISECONDS)
2022-12-22 10:15:38,636 [ForkJoinPool.commonPool-worker-0] INFO  ozoneimpl.OzoneContainer (OzoneContainer.java:stop(417)) - Attempting to stop container services.
2022-12-22 10:15:38,636 [ForkJoinPool.commonPool-worker-0] INFO  server.RaftServer (RaftServerProxy.java:lambda$close$6(409)) - b6a383f5-2af4-4920-ba0e-06f6a7823127: close
2022-12-22 10:15:38,636 [b6a383f5-2af4-4920-ba0e-06f6a7823127-impl-thread1] INFO  server.RaftServer$Division (RaftServerImpl.java:lambda$close$4(458)) - b6a383f5-2af4-4920-ba0e-06f6a7823127@group-E657E086AB0B: shutdown
2022-12-22 10:15:38,636 [b6a383f5-2af4-4920-ba0e-06f6a7823127-impl-thread1] INFO  util.JmxRegister (JmxRegister.java:unregister(73)) - Successfully un-registered JMX Bean with object name Ratis:service=RaftServer,group=group-E657E086AB0B,id=b6a383f5-2af4-4920-ba0e-06f6a7823127
2022-12-22 10:15:38,636 [b6a383f5-2af4-4920-ba0e-06f6a7823127-impl-thread1] INFO  impl.RoleInfo (RoleInfo.java:shutdownFollowerState(110)) - b6a383f5-2af4-4920-ba0e-06f6a7823127: shutdown b6a383f5-2af4-4920-ba0e-06f6a7823127@group-E657E086AB0B-FollowerState
2022-12-22 10:15:38,636 [b6a383f5-2af4-4920-ba0e-06f6a7823127-impl-thread2] INFO  server.RaftServer$Division (RaftServerImpl.java:lambda$close$4(458)) - b6a383f5-2af4-4920-ba0e-06f6a7823127@group-6DE4AC2FAA51: shutdown
2022-12-22 10:15:38,636 [b6a383f5-2af4-4920-ba0e-06f6a7823127-impl-thread1] INFO  impl.StateMachineUpdater (StateMachineUpdater.java:stopAndJoin(153)) - b6a383f5-2af4-4920-ba0e-06f6a7823127@group-E657E086AB0B-StateMachineUpdater: set stopIndex = 0
2022-12-22 10:15:38,636 [b6a383f5-2af4-4920-ba0e-06f6a7823127@group-E657E086AB0B-FollowerState] INFO  impl.FollowerState (FollowerState.java:run(152)) - b6a383f5-2af4-4920-ba0e-06f6a7823127@group-E657E086AB0B-FollowerState was interrupted
2022-12-22 10:15:38,636 [b6a383f5-2af4-4920-ba0e-06f6a7823127-impl-thread2] INFO  util.JmxRegister (JmxRegister.java:unregister(73)) - Successfully un-registered JMX Bean with object name Ratis:service=RaftServer,group=group-6DE4AC2FAA51,id=b6a383f5-2af4-4920-ba0e-06f6a7823127
2022-12-22 10:15:38,636 [b6a383f5-2af4-4920-ba0e-06f6a7823127-impl-thread2] INFO  impl.RoleInfo (RoleInfo.java:shutdownLeaderState(93)) - b6a383f5-2af4-4920-ba0e-06f6a7823127: shutdown b6a383f5-2af4-4920-ba0e-06f6a7823127@group-6DE4AC2FAA51-LeaderStateImpl
2022-12-22 10:15:38,636 [b6a383f5-2af4-4920-ba0e-06f6a7823127@group-E657E086AB0B-StateMachineUpdater] INFO  ratis.ContainerStateMachine (ContainerStateMachine.java:takeSnapshot(308)) - group-E657E086AB0B: Taking a snapshot at:(t:1, i:0) file /home/runner/work/ozone/ozone/hadoop-ozone/integration-test/target/test-dir/MiniOzoneClusterImpl-73a15bac-dca4-4ec7-8fa0-07a649b4923c/datanode-0/data/ratis/15e872d5-88a2-44b5-9591-e657e086ab0b/sm/snapshot.1_0
2022-12-22 10:15:38,636 [b6a383f5-2af4-4920-ba0e-06f6a7823127-impl-thread2] INFO  impl.PendingRequests (PendingRequests.java:sendNotLeaderResponses(282)) - b6a383f5-2af4-4920-ba0e-06f6a7823127@group-6DE4AC2FAA51-PendingRequests: sendNotLeaderResponses
2022-12-22 10:15:38,636 [ForkJoinPool.commonPool-worker-0] INFO  server.GrpcService (GrpcService.java:closeImpl(271)) - b6a383f5-2af4-4920-ba0e-06f6a7823127: shutdown server GrpcServerProtocolService now
2022-12-22 10:15:38,638 [b6a383f5-2af4-4920-ba0e-06f6a7823127@group-E657E086AB0B-StateMachineUpdater] INFO  ratis.ContainerStateMachine (ContainerStateMachine.java:takeSnapshot(319)) - group-E657E086AB0B: Finished taking a snapshot at:(t:1, i:0) file:/home/runner/work/ozone/ozone/hadoop-ozone/integration-test/target/test-dir/MiniOzoneClusterImpl-73a15bac-dca4-4ec7-8fa0-07a649b4923c/datanode-0/data/ratis/15e872d5-88a2-44b5-9591-e657e086ab0b/sm/snapshot.1_0 took: 1 ms
2022-12-22 10:15:38,641 [b6a383f5-2af4-4920-ba0e-06f6a7823127-impl-thread3] INFO  server.RaftServer$Division (RaftServerImpl.java:lambda$close$4(458)) - b6a383f5-2af4-4920-ba0e-06f6a7823127@group-BD8457A0B9C7: shutdown
2022-12-22 10:15:38,641 [b6a383f5-2af4-4920-ba0e-06f6a7823127-impl-thread3] INFO  util.JmxRegister (JmxRegister.java:unregister(73)) - Successfully un-registered JMX Bean with object name Ratis:service=RaftServer,group=group-BD8457A0B9C7,id=b6a383f5-2af4-4920-ba0e-06f6a7823127
2022-12-22 10:15:38,641 [b6a383f5-2af4-4920-ba0e-06f6a7823127-impl-thread3] INFO  impl.RoleInfo (RoleInfo.java:shutdownFollowerState(110)) - b6a383f5-2af4-4920-ba0e-06f6a7823127: shutdown b6a383f5-2af4-4920-ba0e-06f6a7823127@group-BD8457A0B9C7-FollowerState
2022-12-22 10:15:38,641 [b6a383f5-2af4-4920-ba0e-06f6a7823127@group-E657E086AB0B-StateMachineUpdater] INFO  impl.StateMachineUpdater (StateMachineUpdater.java:takeSnapshot(287)) - b6a383f5-2af4-4920-ba0e-06f6a7823127@group-E657E086AB0B-StateMachineUpdater: Took a snapshot at index 0
2022-12-22 10:15:38,641 [b6a383f5-2af4-4920-ba0e-06f6a7823127@group-BD8457A0B9C7-FollowerState] INFO  impl.FollowerState (FollowerState.java:run(152)) - b6a383f5-2af4-4920-ba0e-06f6a7823127@group-BD8457A0B9C7-FollowerState was interrupted
2022-12-22 10:15:38,641 [b6a383f5-2af4-4920-ba0e-06f6a7823127@group-E657E086AB0B-StateMachineUpdater] INFO  impl.StateMachineUpdater (StateMachineUpdater.java:lambda$new$0(92)) - b6a383f5-2af4-4920-ba0e-06f6a7823127@group-E657E086AB0B-StateMachineUpdater: snapshotIndex: updateIncreasingly -1 -> 0
2022-12-22 10:15:38,641 [b6a383f5-2af4-4920-ba0e-06f6a7823127-impl-thread3] INFO  impl.StateMachineUpdater (StateMachineUpdater.java:stopAndJoin(153)) - b6a383f5-2af4-4920-ba0e-06f6a7823127@group-BD8457A0B9C7-StateMachineUpdater: set stopIndex = -1
2022-12-22 10:15:38,641 [b6a383f5-2af4-4920-ba0e-06f6a7823127-impl-thread3] INFO  server.RaftServer$Division (ServerState.java:close(466)) - b6a383f5-2af4-4920-ba0e-06f6a7823127@group-BD8457A0B9C7: closes. applyIndex: -1
2022-12-22 10:15:38,641 [b6a383f5-2af4-4920-ba0e-06f6a7823127@group-BD8457A0B9C7-SegmentedRaftLogWorker] INFO  segmented.SegmentedRaftLogWorker (SegmentedRaftLogWorker.java:run(347)) - b6a383f5-2af4-4920-ba0e-06f6a7823127@group-BD8457A0B9C7-SegmentedRaftLogWorker was interrupted, exiting. There are 0 tasks remaining in the queue.
2022-12-22 10:15:38,641 [b6a383f5-2af4-4920-ba0e-06f6a7823127-impl-thread3] INFO  segmented.SegmentedRaftLogWorker (SegmentedRaftLogWorker.java:close(257)) - b6a383f5-2af4-4920-ba0e-06f6a7823127@group-BD8457A0B9C7-SegmentedRaftLogWorker close()
2022-12-22 10:15:38,641 [b6a383f5-2af4-4920-ba0e-06f6a7823127-impl-thread1] INFO  server.RaftServer$Division (ServerState.java:close(466)) - b6a383f5-2af4-4920-ba0e-06f6a7823127@group-E657E086AB0B: closes. applyIndex: 0
2022-12-22 10:15:38,641 [ForkJoinPool.commonPool-worker-0] INFO  server.GrpcServerProtocolClient (GrpcServerProtocolClient.java:close(101)) - 2749ac5f-27b9-44fd-ba97-bc431af24c01 Close channels
2022-12-22 10:15:38,642 [b6a383f5-2af4-4920-ba0e-06f6a7823127@group-E657E086AB0B-SegmentedRaftLogWorker] INFO  segmented.SegmentedRaftLogWorker (SegmentedRaftLogWorker.java:run(347)) - b6a383f5-2af4-4920-ba0e-06f6a7823127@group-E657E086AB0B-SegmentedRaftLogWorker was interrupted, exiting. There are 0 tasks remaining in the queue.
2022-12-22 10:15:38,642 [grpc-default-executor-1] WARN  server.GrpcServerProtocolService (LogUtils.java:warn(122)) - b6a383f5-2af4-4920-ba0e-06f6a7823127: installSnapshot onError, lastRequest: 2749ac5f-27b9-44fd-ba97-bc431af24c01->b6a383f5-2af4-4920-ba0e-06f6a7823127#1-t1,previous=(t:0, i:0),leaderCommit=0,initializing? true,entries: size=1, first=(t:1, i:0), CONFIGURATIONENTRY(current:id: "2749ac5f-27b9-44fd-ba97-bc431af24c01"
address: "127.0.0.1:43013"
priority: 1
dataStreamAddress: "127.0.0.1:44391"
clientAddress: "127.0.0.1:43013"
adminAddress: "127.0.0.1:43013"
startupRole: FOLLOWER
,id: "b6a383f5-2af4-4920-ba0e-06f6a7823127"
address: "127.0.0.1:36777"
dataStreamAddress: "127.0.0.1:46767"
clientAddress: "127.0.0.1:36777"
adminAddress: "127.0.0.1:36777"
startupRole: FOLLOWER
,id: "fef2fc50-c333-4590-b2a0-f31f883c87cf"
address: "127.0.0.1:33587"
dataStreamAddress: "127.0.0.1:44127"
clientAddress: "127.0.0.1:33587"
adminAddress: "127.0.0.1:33587"
startupRole: FOLLOWER
, old:): org.apache.ratis.thirdparty.io.grpc.StatusRuntimeException: CANCELLED: client cancelled
2022-12-22 10:15:38,643 [grpc-default-executor-6] WARN  server.GrpcClientProtocolService (LogUtils.java:warn(122)) - 0-OrderedRequestStreamObserver0: onError: org.apache.ratis.thirdparty.io.grpc.StatusRuntimeException: CANCELLED: client cancelled
2022-12-22 10:15:38,643 [grpc-default-executor-7] WARN  server.GrpcServerProtocolService (LogUtils.java:warn(122)) - b6a383f5-2af4-4920-ba0e-06f6a7823127: installSnapshot onError, lastRequest: null: org.apache.ratis.thirdparty.io.grpc.StatusRuntimeException: CANCELLED: client cancelled
2022-12-22 10:15:38,657 [b6a383f5-2af4-4920-ba0e-06f6a7823127-impl-thread1] INFO  segmented.SegmentedRaftLogWorker (SegmentedRaftLogWorker.java:close(257)) - b6a383f5-2af4-4920-ba0e-06f6a7823127@group-E657E086AB0B-SegmentedRaftLogWorker close()
2022-12-22 10:15:38,658 [ForkJoinPool.commonPool-worker-0] INFO  server.GrpcServerProtocolClient (GrpcServerProtocolClient.java:close(101)) - fef2fc50-c333-4590-b2a0-f31f883c87cf Close channels
2022-12-22 10:15:38,670 [b6a383f5-2af4-4920-ba0e-06f6a7823127-impl-thread2] INFO  impl.StateMachineUpdater (StateMachineUpdater.java:stopAndJoin(153)) - b6a383f5-2af4-4920-ba0e-06f6a7823127@group-6DE4AC2FAA51-StateMachineUpdater: set stopIndex = 6
2022-12-22 10:15:38,670 [b6a383f5-2af4-4920-ba0e-06f6a7823127@group-6DE4AC2FAA51-StateMachineUpdater] INFO  ratis.ContainerStateMachine (ContainerStateMachine.java:takeSnapshot(308)) - group-6DE4AC2FAA51: Taking a snapshot at:(t:1, i:6) file /home/runner/work/ozone/ozone/hadoop-ozone/integration-test/target/test-dir/MiniOzoneClusterImpl-73a15bac-dca4-4ec7-8fa0-07a649b4923c/datanode-0/data/ratis/7e46f622-4d09-48d1-9e83-6de4ac2faa51/sm/snapshot.1_6
2022-12-22 10:15:38,673 [b6a383f5-2af4-4920-ba0e-06f6a7823127@group-6DE4AC2FAA51-StateMachineUpdater] INFO  ratis.ContainerStateMachine (ContainerStateMachine.java:takeSnapshot(319)) - group-6DE4AC2FAA51: Finished taking a snapshot at:(t:1, i:6) file:/home/runner/work/ozone/ozone/hadoop-ozone/integration-test/target/test-dir/MiniOzoneClusterImpl-73a15bac-dca4-4ec7-8fa0-07a649b4923c/datanode-0/data/ratis/7e46f622-4d09-48d1-9e83-6de4ac2faa51/sm/snapshot.1_6 took: 3 ms
2022-12-22 10:15:38,673 [b6a383f5-2af4-4920-ba0e-06f6a7823127@group-6DE4AC2FAA51-StateMachineUpdater] INFO  impl.StateMachineUpdater (StateMachineUpdater.java:takeSnapshot(287)) - b6a383f5-2af4-4920-ba0e-06f6a7823127@group-6DE4AC2FAA51-StateMachineUpdater: Took a snapshot at index 6
2022-12-22 10:15:38,673 [b6a383f5-2af4-4920-ba0e-06f6a7823127@group-6DE4AC2FAA51-StateMachineUpdater] INFO  impl.StateMachineUpdater (StateMachineUpdater.java:lambda$new$0(92)) - b6a383f5-2af4-4920-ba0e-06f6a7823127@group-6DE4AC2FAA51-StateMachineUpdater: snapshotIndex: updateIncreasingly -1 -> 6
2022-12-22 10:15:38,673 [ForkJoinPool.commonPool-worker-0] INFO  server.GrpcService (GrpcService.java:closeImpl(280)) - b6a383f5-2af4-4920-ba0e-06f6a7823127: shutdown server GrpcServerProtocolService successfully
2022-12-22 10:15:38,673 [b6a383f5-2af4-4920-ba0e-06f6a7823127-impl-thread2] INFO  server.RaftServer$Division (ServerState.java:close(466)) - b6a383f5-2af4-4920-ba0e-06f6a7823127@group-6DE4AC2FAA51: closes. applyIndex: 6
2022-12-22 10:15:38,673 [b6a383f5-2af4-4920-ba0e-06f6a7823127@group-6DE4AC2FAA51-SegmentedRaftLogWorker] INFO  segmented.SegmentedRaftLogWorker (SegmentedRaftLogWorker.java:run(347)) - b6a383f5-2af4-4920-ba0e-06f6a7823127@group-6DE4AC2FAA51-SegmentedRaftLogWorker was interrupted, exiting. There are 0 tasks remaining in the queue.
2022-12-22 10:15:38,674 [b6a383f5-2af4-4920-ba0e-06f6a7823127-NettyServerStreamRpc-bossGroup--thread1] INFO  logging.LoggingHandler (AbstractInternalLogger.java:log(148)) - [id: 0x32743439, L:/0:0:0:0:0:0:0:0:46767] CLOSE
2022-12-22 10:15:38,678 [b6a383f5-2af4-4920-ba0e-06f6a7823127-impl-thread2] INFO  segmented.SegmentedRaftLogWorker (SegmentedRaftLogWorker.java:close(257)) - b6a383f5-2af4-4920-ba0e-06f6a7823127@group-6DE4AC2FAA51-SegmentedRaftLogWorker close()
2022-12-22 10:15:38,679 [b6a383f5-2af4-4920-ba0e-06f6a7823127-NettyServerStreamRpc-bossGroup--thread1] INFO  logging.LoggingHandler (AbstractInternalLogger.java:log(148)) - [id: 0x32743439, L:/0:0:0:0:0:0:0:0:46767] INACTIVE
2022-12-22 10:15:38,679 [b6a383f5-2af4-4920-ba0e-06f6a7823127-NettyServerStreamRpc-bossGroup--thread1] INFO  logging.LoggingHandler (AbstractInternalLogger.java:log(148)) - [id: 0x32743439, L:/0:0:0:0:0:0:0:0:46767] UNREGISTERED
2022-12-22 10:15:38,703 [JvmPauseMonitor21] INFO  util.JvmPauseMonitor (JvmPauseMonitor.java:run(111)) - JvmPauseMonitor-b6a383f5-2af4-4920-ba0e-06f6a7823127: Stopped
2022-12-22 10:15:39,044 [EndpointStateMachine task thread for /127.0.0.1:43945 - 0 ] INFO  ipc.Client (Client.java:handleConnectionFailure(1010)) - Retrying connect to server: localhost/127.0.0.1:43945. Already tried 6 time(s); retry policy is RetryUpToMaximumCountWithFixedSleep(maxRetries=15, sleepTime=1000 MILLISECONDS)
2022-12-22 10:15:39,044 [EndpointStateMachine task thread for /127.0.0.1:42129 - 0 ] INFO  ipc.Client (Client.java:handleConnectionFailure(1010)) - Retrying connect to server: localhost/127.0.0.1:42129. Already tried 12 time(s); retry policy is RetryUpToMaximumCountWithFixedSleep(maxRetries=15, sleepTime=1000 MILLISECONDS)
2022-12-22 10:15:39,177 [Listener at 127.0.0.1/38293] INFO  ozoneimpl.OzoneContainer (OzoneContainer.java:stop(417)) - Attempting to stop container services.
2022-12-22 10:15:39,177 [Listener at 127.0.0.1/38293] INFO  server.RaftServer (RaftServerProxy.java:lambda$close$6(409)) - fef2fc50-c333-4590-b2a0-f31f883c87cf: close
2022-12-22 10:15:39,178 [fef2fc50-c333-4590-b2a0-f31f883c87cf-impl-thread1] INFO  server.RaftServer$Division (RaftServerImpl.java:lambda$close$4(458)) - fef2fc50-c333-4590-b2a0-f31f883c87cf@group-E657E086AB0B: shutdown
2022-12-22 10:15:39,178 [fef2fc50-c333-4590-b2a0-f31f883c87cf-impl-thread1] INFO  util.JmxRegister (JmxRegister.java:unregister(73)) - Successfully un-registered JMX Bean with object name Ratis:service=RaftServer,group=group-E657E086AB0B,id=fef2fc50-c333-4590-b2a0-f31f883c87cf
2022-12-22 10:15:39,178 [fef2fc50-c333-4590-b2a0-f31f883c87cf-impl-thread1] INFO  impl.RoleInfo (RoleInfo.java:shutdownFollowerState(110)) - fef2fc50-c333-4590-b2a0-f31f883c87cf: shutdown fef2fc50-c333-4590-b2a0-f31f883c87cf@group-E657E086AB0B-FollowerState
2022-12-22 10:15:39,178 [fef2fc50-c333-4590-b2a0-f31f883c87cf-impl-thread2] INFO  server.RaftServer$Division (RaftServerImpl.java:lambda$close$4(458)) - fef2fc50-c333-4590-b2a0-f31f883c87cf@group-234CD098B418: shutdown
2022-12-22 10:15:39,178 [fef2fc50-c333-4590-b2a0-f31f883c87cf-impl-thread2] INFO  util.JmxRegister (JmxRegister.java:unregister(73)) - Successfully un-registered JMX Bean with object name Ratis:service=RaftServer,group=group-234CD098B418,id=fef2fc50-c333-4590-b2a0-f31f883c87cf
2022-12-22 10:15:39,178 [fef2fc50-c333-4590-b2a0-f31f883c87cf-impl-thread2] INFO  impl.RoleInfo (RoleInfo.java:shutdownLeaderState(93)) - fef2fc50-c333-4590-b2a0-f31f883c87cf: shutdown fef2fc50-c333-4590-b2a0-f31f883c87cf@group-234CD098B418-LeaderStateImpl
2022-12-22 10:15:39,178 [fef2fc50-c333-4590-b2a0-f31f883c87cf-impl-thread2] INFO  impl.PendingRequests (PendingRequests.java:sendNotLeaderResponses(282)) - fef2fc50-c333-4590-b2a0-f31f883c87cf@group-234CD098B418-PendingRequests: sendNotLeaderResponses
2022-12-22 10:15:39,179 [fef2fc50-c333-4590-b2a0-f31f883c87cf@group-234CD098B418-StateMachineUpdater] INFO  ratis.ContainerStateMachine (ContainerStateMachine.java:takeSnapshot(308)) - group-234CD098B418: Taking a snapshot at:(t:1, i:0) file /home/runner/work/ozone/ozone/hadoop-ozone/integration-test/target/test-dir/MiniOzoneClusterImpl-73a15bac-dca4-4ec7-8fa0-07a649b4923c/datanode-1/data/ratis/a8c1bc6b-e2c1-46ef-baea-234cd098b418/sm/snapshot.1_0
2022-12-22 10:15:39,180 [fef2fc50-c333-4590-b2a0-f31f883c87cf-impl-thread2] INFO  impl.StateMachineUpdater (StateMachineUpdater.java:stopAndJoin(153)) - fef2fc50-c333-4590-b2a0-f31f883c87cf@group-234CD098B418-StateMachineUpdater: set stopIndex = 0
2022-12-22 10:15:39,180 [fef2fc50-c333-4590-b2a0-f31f883c87cf-impl-thread1] INFO  impl.StateMachineUpdater (StateMachineUpdater.java:stopAndJoin(153)) - fef2fc50-c333-4590-b2a0-f31f883c87cf@group-E657E086AB0B-StateMachineUpdater: set stopIndex = 0
2022-12-22 10:15:39,180 [fef2fc50-c333-4590-b2a0-f31f883c87cf@group-E657E086AB0B-FollowerState] INFO  impl.FollowerState (FollowerState.java:run(152)) - fef2fc50-c333-4590-b2a0-f31f883c87cf@group-E657E086AB0B-FollowerState was interrupted
2022-12-22 10:15:39,185 [fef2fc50-c333-4590-b2a0-f31f883c87cf@group-E657E086AB0B-StateMachineUpdater] INFO  ratis.ContainerStateMachine (ContainerStateMachine.java:takeSnapshot(308)) - group-E657E086AB0B: Taking a snapshot at:(t:1, i:0) file /home/runner/work/ozone/ozone/hadoop-ozone/integration-test/target/test-dir/MiniOzoneClusterImpl-73a15bac-dca4-4ec7-8fa0-07a649b4923c/datanode-1/data/ratis/15e872d5-88a2-44b5-9591-e657e086ab0b/sm/snapshot.1_0
2022-12-22 10:15:39,185 [Listener at 127.0.0.1/38293] INFO  server.GrpcService (GrpcService.java:closeImpl(271)) - fef2fc50-c333-4590-b2a0-f31f883c87cf: shutdown server GrpcServerProtocolService now
2022-12-22 10:15:39,185 [fef2fc50-c333-4590-b2a0-f31f883c87cf@group-E657E086AB0B-StateMachineUpdater] INFO  ratis.ContainerStateMachine (ContainerStateMachine.java:takeSnapshot(319)) - group-E657E086AB0B: Finished taking a snapshot at:(t:1, i:0) file:/home/runner/work/ozone/ozone/hadoop-ozone/integration-test/target/test-dir/MiniOzoneClusterImpl-73a15bac-dca4-4ec7-8fa0-07a649b4923c/datanode-1/data/ratis/15e872d5-88a2-44b5-9591-e657e086ab0b/sm/snapshot.1_0 took: 1 ms
2022-12-22 10:15:39,185 [fef2fc50-c333-4590-b2a0-f31f883c87cf@group-E657E086AB0B-StateMachineUpdater] INFO  impl.StateMachineUpdater (StateMachineUpdater.java:takeSnapshot(287)) - fef2fc50-c333-4590-b2a0-f31f883c87cf@group-E657E086AB0B-StateMachineUpdater: Took a snapshot at index 0
2022-12-22 10:15:39,185 [fef2fc50-c333-4590-b2a0-f31f883c87cf@group-E657E086AB0B-StateMachineUpdater] INFO  impl.StateMachineUpdater (StateMachineUpdater.java:lambda$new$0(92)) - fef2fc50-c333-4590-b2a0-f31f883c87cf@group-E657E086AB0B-StateMachineUpdater: snapshotIndex: updateIncreasingly -1 -> 0
2022-12-22 10:15:39,185 [fef2fc50-c333-4590-b2a0-f31f883c87cf-impl-thread1] INFO  server.RaftServer$Division (ServerState.java:close(466)) - fef2fc50-c333-4590-b2a0-f31f883c87cf@group-E657E086AB0B: closes. applyIndex: 0
2022-12-22 10:15:39,186 [fef2fc50-c333-4590-b2a0-f31f883c87cf@group-E657E086AB0B-SegmentedRaftLogWorker] INFO  segmented.SegmentedRaftLogWorker (SegmentedRaftLogWorker.java:run(347)) - fef2fc50-c333-4590-b2a0-f31f883c87cf@group-E657E086AB0B-SegmentedRaftLogWorker was interrupted, exiting. There are 0 tasks remaining in the queue.
2022-12-22 10:15:39,188 [grpc-default-executor-0] WARN  server.GrpcServerProtocolService (LogUtils.java:warn(122)) - fef2fc50-c333-4590-b2a0-f31f883c87cf: installSnapshot onError, lastRequest: null: org.apache.ratis.thirdparty.io.grpc.StatusRuntimeException: CANCELLED: client cancelled
2022-12-22 10:15:39,189 [grpc-default-executor-3] WARN  server.GrpcServerProtocolService (LogUtils.java:warn(122)) - fef2fc50-c333-4590-b2a0-f31f883c87cf: installSnapshot onError, lastRequest: 2749ac5f-27b9-44fd-ba97-bc431af24c01->fef2fc50-c333-4590-b2a0-f31f883c87cf#1-t1,previous=(t:0, i:0),leaderCommit=0,initializing? true,entries: size=1, first=(t:1, i:0), CONFIGURATIONENTRY(current:id: "2749ac5f-27b9-44fd-ba97-bc431af24c01"
address: "127.0.0.1:43013"
priority: 1
dataStreamAddress: "127.0.0.1:44391"
clientAddress: "127.0.0.1:43013"
adminAddress: "127.0.0.1:43013"
startupRole: FOLLOWER
,id: "b6a383f5-2af4-4920-ba0e-06f6a7823127"
address: "127.0.0.1:36777"
dataStreamAddress: "127.0.0.1:46767"
clientAddress: "127.0.0.1:36777"
adminAddress: "127.0.0.1:36777"
startupRole: FOLLOWER
,id: "fef2fc50-c333-4590-b2a0-f31f883c87cf"
address: "127.0.0.1:33587"
dataStreamAddress: "127.0.0.1:44127"
clientAddress: "127.0.0.1:33587"
adminAddress: "127.0.0.1:33587"
startupRole: FOLLOWER
, old:): org.apache.ratis.thirdparty.io.grpc.StatusRuntimeException: CANCELLED: client cancelled
2022-12-22 10:15:39,189 [Listener at 127.0.0.1/38293] INFO  server.GrpcService (GrpcService.java:closeImpl(280)) - fef2fc50-c333-4590-b2a0-f31f883c87cf: shutdown server GrpcServerProtocolService successfully
2022-12-22 10:15:39,189 [fef2fc50-c333-4590-b2a0-f31f883c87cf-NettyServerStreamRpc-bossGroup--thread1] INFO  logging.LoggingHandler (AbstractInternalLogger.java:log(148)) - [id: 0x12467701, L:/0:0:0:0:0:0:0:0:44127] CLOSE
2022-12-22 10:15:39,189 [fef2fc50-c333-4590-b2a0-f31f883c87cf-NettyServerStreamRpc-bossGroup--thread1] INFO  logging.LoggingHandler (AbstractInternalLogger.java:log(148)) - [id: 0x12467701, L:/0:0:0:0:0:0:0:0:44127] INACTIVE
2022-12-22 10:15:39,189 [fef2fc50-c333-4590-b2a0-f31f883c87cf-NettyServerStreamRpc-bossGroup--thread1] INFO  logging.LoggingHandler (AbstractInternalLogger.java:log(148)) - [id: 0x12467701, L:/0:0:0:0:0:0:0:0:44127] UNREGISTERED
2022-12-22 10:15:39,217 [fef2fc50-c333-4590-b2a0-f31f883c87cf-impl-thread3] INFO  server.RaftServer$Division (RaftServerImpl.java:lambda$close$4(458)) - fef2fc50-c333-4590-b2a0-f31f883c87cf@group-BD8457A0B9C7: shutdown
2022-12-22 10:15:39,217 [fef2fc50-c333-4590-b2a0-f31f883c87cf-impl-thread3] INFO  util.JmxRegister (JmxRegister.java:unregister(73)) - Successfully un-registered JMX Bean with object name Ratis:service=RaftServer,group=group-BD8457A0B9C7,id=fef2fc50-c333-4590-b2a0-f31f883c87cf
2022-12-22 10:15:39,217 [fef2fc50-c333-4590-b2a0-f31f883c87cf-impl-thread3] INFO  impl.RoleInfo (RoleInfo.java:shutdownFollowerState(110)) - fef2fc50-c333-4590-b2a0-f31f883c87cf: shutdown fef2fc50-c333-4590-b2a0-f31f883c87cf@group-BD8457A0B9C7-FollowerState
2022-12-22 10:15:39,221 [fef2fc50-c333-4590-b2a0-f31f883c87cf@group-234CD098B418-StateMachineUpdater] INFO  ratis.ContainerStateMachine (ContainerStateMachine.java:takeSnapshot(319)) - group-234CD098B418: Finished taking a snapshot at:(t:1, i:0) file:/home/runner/work/ozone/ozone/hadoop-ozone/integration-test/target/test-dir/MiniOzoneClusterImpl-73a15bac-dca4-4ec7-8fa0-07a649b4923c/datanode-1/data/ratis/a8c1bc6b-e2c1-46ef-baea-234cd098b418/sm/snapshot.1_0 took: 41 ms
2022-12-22 10:15:39,221 [fef2fc50-c333-4590-b2a0-f31f883c87cf@group-234CD098B418-StateMachineUpdater] INFO  impl.StateMachineUpdater (StateMachineUpdater.java:takeSnapshot(287)) - fef2fc50-c333-4590-b2a0-f31f883c87cf@group-234CD098B418-StateMachineUpdater: Took a snapshot at index 0
2022-12-22 10:15:39,221 [fef2fc50-c333-4590-b2a0-f31f883c87cf@group-234CD098B418-StateMachineUpdater] INFO  impl.StateMachineUpdater (StateMachineUpdater.java:lambda$new$0(92)) - fef2fc50-c333-4590-b2a0-f31f883c87cf@group-234CD098B418-StateMachineUpdater: snapshotIndex: updateIncreasingly -1 -> 0
2022-12-22 10:15:39,221 [fef2fc50-c333-4590-b2a0-f31f883c87cf-impl-thread2] INFO  server.RaftServer$Division (ServerState.java:close(466)) - fef2fc50-c333-4590-b2a0-f31f883c87cf@group-234CD098B418: closes. applyIndex: 0
2022-12-22 10:15:39,253 [fef2fc50-c333-4590-b2a0-f31f883c87cf-impl-thread3] INFO  impl.StateMachineUpdater (StateMachineUpdater.java:stopAndJoin(153)) - fef2fc50-c333-4590-b2a0-f31f883c87cf@group-BD8457A0B9C7-StateMachineUpdater: set stopIndex = -1
2022-12-22 10:15:39,253 [fef2fc50-c333-4590-b2a0-f31f883c87cf-impl-thread3] INFO  server.RaftServer$Division (ServerState.java:close(466)) - fef2fc50-c333-4590-b2a0-f31f883c87cf@group-BD8457A0B9C7: closes. applyIndex: -1
2022-12-22 10:15:39,253 [fef2fc50-c333-4590-b2a0-f31f883c87cf@group-BD8457A0B9C7-SegmentedRaftLogWorker] INFO  segmented.SegmentedRaftLogWorker (SegmentedRaftLogWorker.java:run(347)) - fef2fc50-c333-4590-b2a0-f31f883c87cf@group-BD8457A0B9C7-SegmentedRaftLogWorker was interrupted, exiting. There are 0 tasks remaining in the queue.
2022-12-22 10:15:39,253 [fef2fc50-c333-4590-b2a0-f31f883c87cf@group-BD8457A0B9C7-FollowerState] INFO  impl.FollowerState (FollowerState.java:run(152)) - fef2fc50-c333-4590-b2a0-f31f883c87cf@group-BD8457A0B9C7-FollowerState was interrupted
2022-12-22 10:15:39,258 [fef2fc50-c333-4590-b2a0-f31f883c87cf-impl-thread1] INFO  segmented.SegmentedRaftLogWorker (SegmentedRaftLogWorker.java:close(257)) - fef2fc50-c333-4590-b2a0-f31f883c87cf@group-E657E086AB0B-SegmentedRaftLogWorker close()
2022-12-22 10:15:39,259 [fef2fc50-c333-4590-b2a0-f31f883c87cf-impl-thread3] INFO  segmented.SegmentedRaftLogWorker (SegmentedRaftLogWorker.java:close(257)) - fef2fc50-c333-4590-b2a0-f31f883c87cf@group-BD8457A0B9C7-SegmentedRaftLogWorker close()
2022-12-22 10:15:39,260 [fef2fc50-c333-4590-b2a0-f31f883c87cf@group-234CD098B418-SegmentedRaftLogWorker] INFO  segmented.SegmentedRaftLogWorker (SegmentedRaftLogWorker.java:run(347)) - fef2fc50-c333-4590-b2a0-f31f883c87cf@group-234CD098B418-SegmentedRaftLogWorker was interrupted, exiting. There are 0 tasks remaining in the queue.
2022-12-22 10:15:39,261 [fef2fc50-c333-4590-b2a0-f31f883c87cf-impl-thread2] INFO  segmented.SegmentedRaftLogWorker (SegmentedRaftLogWorker.java:close(257)) - fef2fc50-c333-4590-b2a0-f31f883c87cf@group-234CD098B418-SegmentedRaftLogWorker close()
2022-12-22 10:15:39,261 [JvmPauseMonitor22] INFO  util.JvmPauseMonitor (JvmPauseMonitor.java:run(111)) - JvmPauseMonitor-fef2fc50-c333-4590-b2a0-f31f883c87cf: Stopped
2022-12-22 10:15:39,570 [EndpointStateMachine task thread for /127.0.0.1:36861 - 0 ] INFO  ipc.Client (Client.java:handleConnectionFailure(1010)) - Retrying connect to server: localhost/127.0.0.1:36861. Already tried 2 time(s); retry policy is RetryUpToMaximumCountWithFixedSleep(maxRetries=15, sleepTime=1000 MILLISECONDS)
2022-12-22 10:15:40,005 [2749ac5f-27b9-44fd-ba97-bc431af24c01@group-BD8457A0B9C7-FollowerState] INFO  server.RaftServerConfigKeys (ConfUtils.java:logFallback(53)) - raft.server.rpc.first-election.timeout.min = 5s (fallback to raft.server.rpc.timeout.min)
2022-12-22 10:15:40,005 [2749ac5f-27b9-44fd-ba97-bc431af24c01@group-BD8457A0B9C7-FollowerState] INFO  server.RaftServerConfigKeys (ConfUtils.java:logFallback(53)) - raft.server.rpc.first-election.timeout.max = 5200ms (fallback to raft.server.rpc.timeout.max)
2022-12-22 10:15:40,044 [EndpointStateMachine task thread for /127.0.0.1:43945 - 0 ] INFO  ipc.Client (Client.java:handleConnectionFailure(1010)) - Retrying connect to server: localhost/127.0.0.1:43945. Already tried 7 time(s); retry policy is RetryUpToMaximumCountWithFixedSleep(maxRetries=15, sleepTime=1000 MILLISECONDS)
2022-12-22 10:15:40,045 [EndpointStateMachine task thread for /127.0.0.1:42129 - 0 ] INFO  ipc.Client (Client.java:handleConnectionFailure(1010)) - Retrying connect to server: localhost/127.0.0.1:42129. Already tried 13 time(s); retry policy is RetryUpToMaximumCountWithFixedSleep(maxRetries=15, sleepTime=1000 MILLISECONDS)
2022-12-22 10:15:40,570 [EndpointStateMachine task thread for /127.0.0.1:36861 - 0 ] INFO  ipc.Client (Client.java:handleConnectionFailure(1010)) - Retrying connect to server: localhost/127.0.0.1:36861. Already tried 3 time(s); retry policy is RetryUpToMaximumCountWithFixedSleep(maxRetries=15, sleepTime=1000 MILLISECONDS)
2022-12-22 10:15:40,733 [ForkJoinPool.commonPool-worker-0] INFO  volume.HddsVolume (HddsVolume.java:closeDbStore(338)) - SchemaV3 db is stopped at /home/runner/work/ozone/ozone/hadoop-ozone/integration-test/target/test-dir/MiniOzoneClusterImpl-73a15bac-dca4-4ec7-8fa0-07a649b4923c/datanode-0/data-0/containers/hdds/73a15bac-dca4-4ec7-8fa0-07a649b4923c/DS-d4411ecd-c2be-4aa8-9e23-1dbe554c63d6/container.db for volume DS-d4411ecd-c2be-4aa8-9e23-1dbe554c63d6
2022-12-22 10:15:40,733 [ForkJoinPool.commonPool-worker-0] INFO  utils.BackgroundService (BackgroundService.java:shutdown(141)) - Shutting down service BlockDeletingService
2022-12-22 10:15:40,733 [ForkJoinPool.commonPool-worker-0] INFO  utils.BackgroundService (BackgroundService.java:shutdown(141)) - Shutting down service StaleRecoveringContainerScrubbingService
2022-12-22 10:15:40,734 [ForkJoinPool.commonPool-worker-0] INFO  statemachine.DatanodeStateMachine (DatanodeStateMachine.java:stopDaemon(596)) - Ozone container server stopped.
2022-12-22 10:15:40,742 [ForkJoinPool.commonPool-worker-0] INFO  handler.ContextHandler (ContextHandler.java:doStop(1159)) - Stopped o.e.j.w.WebAppContext@59a39a97{hddsDatanode,/,null,STOPPED}{jar:file:/home/runner/.m2/repository/org/apache/ozone/hdds-container-service/1.3.0-SNAPSHOT/hdds-container-service-1.3.0-SNAPSHOT.jar!/webapps/hddsDatanode}
2022-12-22 10:15:40,742 [ForkJoinPool.commonPool-worker-0] INFO  server.AbstractConnector (AbstractConnector.java:doStop(383)) - Stopped ServerConnector@441c8349{HTTP/1.1, (http/1.1)}{0.0.0.0:0}
2022-12-22 10:15:40,742 [ForkJoinPool.commonPool-worker-0] INFO  server.session (HouseKeeper.java:stopScavenging(149)) - node0 Stopped scavenging
2022-12-22 10:15:40,746 [ForkJoinPool.commonPool-worker-0] INFO  handler.ContextHandler (ContextHandler.java:doStop(1159)) - Stopped o.e.j.s.ServletContextHandler@768caa07{static,/static,jar:file:/home/runner/.m2/repository/org/apache/ozone/hdds-container-service/1.3.0-SNAPSHOT/hdds-container-service-1.3.0-SNAPSHOT.jar!/webapps/static,STOPPED}
2022-12-22 10:15:40,747 [ForkJoinPool.commonPool-worker-0] INFO  handler.ContextHandler (ContextHandler.java:doStop(1159)) - Stopped o.e.j.s.ServletContextHandler@5a6fc67{logs,/logs,file:///home/runner/work/ozone/ozone/hadoop-ozone/integration-test/target/log,STOPPED}
2022-12-22 10:15:41,045 [EndpointStateMachine task thread for /127.0.0.1:43945 - 0 ] INFO  ipc.Client (Client.java:handleConnectionFailure(1010)) - Retrying connect to server: localhost/127.0.0.1:43945. Already tried 8 time(s); retry policy is RetryUpToMaximumCountWithFixedSleep(maxRetries=15, sleepTime=1000 MILLISECONDS)
2022-12-22 10:15:41,045 [EndpointStateMachine task thread for /127.0.0.1:42129 - 0 ] INFO  ipc.Client (Client.java:handleConnectionFailure(1010)) - Retrying connect to server: localhost/127.0.0.1:42129. Already tried 14 time(s); retry policy is RetryUpToMaximumCountWithFixedSleep(maxRetries=15, sleepTime=1000 MILLISECONDS)
2022-12-22 10:15:41,273 [Listener at 127.0.0.1/38293] INFO  volume.HddsVolume (HddsVolume.java:closeDbStore(338)) - SchemaV3 db is stopped at /home/runner/work/ozone/ozone/hadoop-ozone/integration-test/target/test-dir/MiniOzoneClusterImpl-73a15bac-dca4-4ec7-8fa0-07a649b4923c/datanode-1/data-0/containers/hdds/73a15bac-dca4-4ec7-8fa0-07a649b4923c/DS-93f1bd8c-223a-4b86-9e01-12d29128e2e7/container.db for volume DS-93f1bd8c-223a-4b86-9e01-12d29128e2e7
2022-12-22 10:15:41,273 [Listener at 127.0.0.1/38293] INFO  utils.BackgroundService (BackgroundService.java:shutdown(141)) - Shutting down service BlockDeletingService
2022-12-22 10:15:41,273 [Listener at 127.0.0.1/38293] INFO  utils.BackgroundService (BackgroundService.java:shutdown(141)) - Shutting down service StaleRecoveringContainerScrubbingService
2022-12-22 10:15:41,294 [Listener at 127.0.0.1/38293] INFO  statemachine.DatanodeStateMachine (DatanodeStateMachine.java:stopDaemon(596)) - Ozone container server stopped.
2022-12-22 10:15:41,305 [Listener at 127.0.0.1/38293] INFO  handler.ContextHandler (ContextHandler.java:doStop(1159)) - Stopped o.e.j.w.WebAppContext@4738e96a{hddsDatanode,/,null,STOPPED}{jar:file:/home/runner/.m2/repository/org/apache/ozone/hdds-container-service/1.3.0-SNAPSHOT/hdds-container-service-1.3.0-SNAPSHOT.jar!/webapps/hddsDatanode}
2022-12-22 10:15:41,313 [Listener at 127.0.0.1/38293] INFO  server.AbstractConnector (AbstractConnector.java:doStop(383)) - Stopped ServerConnector@520fee6{HTTP/1.1, (http/1.1)}{0.0.0.0:0}
2022-12-22 10:15:41,313 [Listener at 127.0.0.1/38293] INFO  server.session (HouseKeeper.java:stopScavenging(149)) - node0 Stopped scavenging
2022-12-22 10:15:41,314 [Listener at 127.0.0.1/38293] INFO  handler.ContextHandler (ContextHandler.java:doStop(1159)) - Stopped o.e.j.s.ServletContextHandler@3832df94{static,/static,jar:file:/home/runner/.m2/repository/org/apache/ozone/hdds-container-service/1.3.0-SNAPSHOT/hdds-container-service-1.3.0-SNAPSHOT.jar!/webapps/static,STOPPED}
2022-12-22 10:15:41,315 [Listener at 127.0.0.1/38293] INFO  handler.ContextHandler (ContextHandler.java:doStop(1159)) - Stopped o.e.j.s.ServletContextHandler@618f21e1{logs,/logs,file:///home/runner/work/ozone/ozone/hadoop-ozone/integration-test/target/log,STOPPED}
2022-12-22 10:15:41,583 [ForkJoinPool.commonPool-worker-0] INFO  ozoneimpl.OzoneContainer (OzoneContainer.java:stop(417)) - Attempting to stop container services.
2022-12-22 10:15:41,584 [ForkJoinPool.commonPool-worker-0] INFO  server.RaftServer (RaftServerProxy.java:lambda$close$6(409)) - 2749ac5f-27b9-44fd-ba97-bc431af24c01: close
2022-12-22 10:15:41,584 [2749ac5f-27b9-44fd-ba97-bc431af24c01-impl-thread1] INFO  server.RaftServer$Division (RaftServerImpl.java:lambda$close$4(458)) - 2749ac5f-27b9-44fd-ba97-bc431af24c01@group-E657E086AB0B: shutdown
2022-12-22 10:15:41,584 [2749ac5f-27b9-44fd-ba97-bc431af24c01-impl-thread1] INFO  util.JmxRegister (JmxRegister.java:unregister(73)) - Successfully un-registered JMX Bean with object name Ratis:service=RaftServer,group=group-E657E086AB0B,id=2749ac5f-27b9-44fd-ba97-bc431af24c01
2022-12-22 10:15:41,584 [2749ac5f-27b9-44fd-ba97-bc431af24c01-impl-thread1] INFO  impl.RoleInfo (RoleInfo.java:shutdownLeaderState(93)) - 2749ac5f-27b9-44fd-ba97-bc431af24c01: shutdown 2749ac5f-27b9-44fd-ba97-bc431af24c01@group-E657E086AB0B-LeaderStateImpl
2022-12-22 10:15:41,584 [2749ac5f-27b9-44fd-ba97-bc431af24c01-impl-thread2] INFO  server.RaftServer$Division (RaftServerImpl.java:lambda$close$4(458)) - 2749ac5f-27b9-44fd-ba97-bc431af24c01@group-474AAFB83630: shutdown
2022-12-22 10:15:41,585 [2749ac5f-27b9-44fd-ba97-bc431af24c01-impl-thread1] INFO  impl.PendingRequests (PendingRequests.java:sendNotLeaderResponses(282)) - 2749ac5f-27b9-44fd-ba97-bc431af24c01@group-E657E086AB0B-PendingRequests: sendNotLeaderResponses
2022-12-22 10:15:41,584 [ForkJoinPool.commonPool-worker-0] INFO  server.GrpcService (GrpcService.java:closeImpl(271)) - 2749ac5f-27b9-44fd-ba97-bc431af24c01: shutdown server GrpcServerProtocolService now
2022-12-22 10:15:41,585 [2749ac5f-27b9-44fd-ba97-bc431af24c01-impl-thread1] INFO  impl.StateMachineUpdater (StateMachineUpdater.java:stopAndJoin(153)) - 2749ac5f-27b9-44fd-ba97-bc431af24c01@group-E657E086AB0B-StateMachineUpdater: set stopIndex = 0
2022-12-22 10:15:41,585 [2749ac5f-27b9-44fd-ba97-bc431af24c01-impl-thread3] INFO  server.RaftServer$Division (RaftServerImpl.java:lambda$close$4(458)) - 2749ac5f-27b9-44fd-ba97-bc431af24c01@group-BD8457A0B9C7: shutdown
2022-12-22 10:15:41,586 [2749ac5f-27b9-44fd-ba97-bc431af24c01@group-E657E086AB0B-StateMachineUpdater] INFO  ratis.ContainerStateMachine (ContainerStateMachine.java:takeSnapshot(308)) - group-E657E086AB0B: Taking a snapshot at:(t:1, i:0) file /home/runner/work/ozone/ozone/hadoop-ozone/integration-test/target/test-dir/MiniOzoneClusterImpl-73a15bac-dca4-4ec7-8fa0-07a649b4923c/datanode-2/data/ratis/15e872d5-88a2-44b5-9591-e657e086ab0b/sm/snapshot.1_0
2022-12-22 10:15:41,584 [EndpointStateMachine task thread for /127.0.0.1:36861 - 0 ] INFO  ipc.Client (Client.java:handleConnectionFailure(1010)) - Retrying connect to server: localhost/127.0.0.1:36861. Already tried 4 time(s); retry policy is RetryUpToMaximumCountWithFixedSleep(maxRetries=15, sleepTime=1000 MILLISECONDS)
2022-12-22 10:15:41,586 [2749ac5f-27b9-44fd-ba97-bc431af24c01-impl-thread2] INFO  util.JmxRegister (JmxRegister.java:unregister(73)) - Successfully un-registered JMX Bean with object name Ratis:service=RaftServer,group=group-474AAFB83630,id=2749ac5f-27b9-44fd-ba97-bc431af24c01
2022-12-22 10:15:41,586 [2749ac5f-27b9-44fd-ba97-bc431af24c01-impl-thread2] INFO  impl.RoleInfo (RoleInfo.java:shutdownLeaderState(93)) - 2749ac5f-27b9-44fd-ba97-bc431af24c01: shutdown 2749ac5f-27b9-44fd-ba97-bc431af24c01@group-474AAFB83630-LeaderStateImpl
2022-12-22 10:15:41,587 [2749ac5f-27b9-44fd-ba97-bc431af24c01-impl-thread2] INFO  impl.PendingRequests (PendingRequests.java:sendNotLeaderResponses(282)) - 2749ac5f-27b9-44fd-ba97-bc431af24c01@group-474AAFB83630-PendingRequests: sendNotLeaderResponses
2022-12-22 10:15:41,587 [2749ac5f-27b9-44fd-ba97-bc431af24c01@group-474AAFB83630-StateMachineUpdater] INFO  ratis.ContainerStateMachine (ContainerStateMachine.java:takeSnapshot(308)) - group-474AAFB83630: Taking a snapshot at:(t:1, i:0) file /home/runner/work/ozone/ozone/hadoop-ozone/integration-test/target/test-dir/MiniOzoneClusterImpl-73a15bac-dca4-4ec7-8fa0-07a649b4923c/datanode-2/data/ratis/321813eb-f086-487f-a8de-474aafb83630/sm/snapshot.1_0
2022-12-22 10:15:41,587 [2749ac5f-27b9-44fd-ba97-bc431af24c01-impl-thread2] INFO  impl.StateMachineUpdater (StateMachineUpdater.java:stopAndJoin(153)) - 2749ac5f-27b9-44fd-ba97-bc431af24c01@group-474AAFB83630-StateMachineUpdater: set stopIndex = 0
2022-12-22 10:15:41,587 [2749ac5f-27b9-44fd-ba97-bc431af24c01-impl-thread3] INFO  util.JmxRegister (JmxRegister.java:unregister(73)) - Successfully un-registered JMX Bean with object name Ratis:service=RaftServer,group=group-BD8457A0B9C7,id=2749ac5f-27b9-44fd-ba97-bc431af24c01
2022-12-22 10:15:41,587 [2749ac5f-27b9-44fd-ba97-bc431af24c01@group-474AAFB83630-StateMachineUpdater] INFO  ratis.ContainerStateMachine (ContainerStateMachine.java:takeSnapshot(319)) - group-474AAFB83630: Finished taking a snapshot at:(t:1, i:0) file:/home/runner/work/ozone/ozone/hadoop-ozone/integration-test/target/test-dir/MiniOzoneClusterImpl-73a15bac-dca4-4ec7-8fa0-07a649b4923c/datanode-2/data/ratis/321813eb-f086-487f-a8de-474aafb83630/sm/snapshot.1_0 took: 0 ms
2022-12-22 10:15:41,587 [2749ac5f-27b9-44fd-ba97-bc431af24c01@group-474AAFB83630-StateMachineUpdater] INFO  impl.StateMachineUpdater (StateMachineUpdater.java:takeSnapshot(287)) - 2749ac5f-27b9-44fd-ba97-bc431af24c01@group-474AAFB83630-StateMachineUpdater: Took a snapshot at index 0
2022-12-22 10:15:41,587 [2749ac5f-27b9-44fd-ba97-bc431af24c01@group-474AAFB83630-StateMachineUpdater] INFO  impl.StateMachineUpdater (StateMachineUpdater.java:lambda$new$0(92)) - 2749ac5f-27b9-44fd-ba97-bc431af24c01@group-474AAFB83630-StateMachineUpdater: snapshotIndex: updateIncreasingly -1 -> 0
2022-12-22 10:15:41,588 [2749ac5f-27b9-44fd-ba97-bc431af24c01-impl-thread2] INFO  server.RaftServer$Division (ServerState.java:close(466)) - 2749ac5f-27b9-44fd-ba97-bc431af24c01@group-474AAFB83630: closes. applyIndex: 0
2022-12-22 10:15:41,588 [2749ac5f-27b9-44fd-ba97-bc431af24c01@group-474AAFB83630-SegmentedRaftLogWorker] INFO  segmented.SegmentedRaftLogWorker (SegmentedRaftLogWorker.java:run(347)) - 2749ac5f-27b9-44fd-ba97-bc431af24c01@group-474AAFB83630-SegmentedRaftLogWorker was interrupted, exiting. There are 0 tasks remaining in the queue.
2022-12-22 10:15:41,586 [ForkJoinPool.commonPool-worker-0] INFO  server.GrpcServerProtocolClient (GrpcServerProtocolClient.java:close(101)) - b6a383f5-2af4-4920-ba0e-06f6a7823127 Close channels
2022-12-22 10:15:41,587 [2749ac5f-27b9-44fd-ba97-bc431af24c01-impl-thread3] INFO  impl.RoleInfo (RoleInfo.java:shutdownFollowerState(110)) - 2749ac5f-27b9-44fd-ba97-bc431af24c01: shutdown 2749ac5f-27b9-44fd-ba97-bc431af24c01@group-BD8457A0B9C7-FollowerState
2022-12-22 10:15:41,587 [2749ac5f-27b9-44fd-ba97-bc431af24c01@group-E657E086AB0B-StateMachineUpdater] INFO  ratis.ContainerStateMachine (ContainerStateMachine.java:takeSnapshot(319)) - group-E657E086AB0B: Finished taking a snapshot at:(t:1, i:0) file:/home/runner/work/ozone/ozone/hadoop-ozone/integration-test/target/test-dir/MiniOzoneClusterImpl-73a15bac-dca4-4ec7-8fa0-07a649b4923c/datanode-2/data/ratis/15e872d5-88a2-44b5-9591-e657e086ab0b/sm/snapshot.1_0 took: 1 ms
2022-12-22 10:15:41,588 [2749ac5f-27b9-44fd-ba97-bc431af24c01@group-E657E086AB0B-StateMachineUpdater] INFO  impl.StateMachineUpdater (StateMachineUpdater.java:takeSnapshot(287)) - 2749ac5f-27b9-44fd-ba97-bc431af24c01@group-E657E086AB0B-StateMachineUpdater: Took a snapshot at index 0
2022-12-22 10:15:41,588 [2749ac5f-27b9-44fd-ba97-bc431af24c01@group-E657E086AB0B-StateMachineUpdater] INFO  impl.StateMachineUpdater (StateMachineUpdater.java:lambda$new$0(92)) - 2749ac5f-27b9-44fd-ba97-bc431af24c01@group-E657E086AB0B-StateMachineUpdater: snapshotIndex: updateIncreasingly -1 -> 0
2022-12-22 10:15:41,589 [2749ac5f-27b9-44fd-ba97-bc431af24c01-impl-thread1] INFO  server.RaftServer$Division (ServerState.java:close(466)) - 2749ac5f-27b9-44fd-ba97-bc431af24c01@group-E657E086AB0B: closes. applyIndex: 0
2022-12-22 10:15:41,589 [2749ac5f-27b9-44fd-ba97-bc431af24c01@group-E657E086AB0B-SegmentedRaftLogWorker] INFO  segmented.SegmentedRaftLogWorker (SegmentedRaftLogWorker.java:run(347)) - 2749ac5f-27b9-44fd-ba97-bc431af24c01@group-E657E086AB0B-SegmentedRaftLogWorker was interrupted, exiting. There are 0 tasks remaining in the queue.
2022-12-22 10:15:41,589 [2749ac5f-27b9-44fd-ba97-bc431af24c01@group-BD8457A0B9C7-FollowerState] INFO  impl.FollowerState (FollowerState.java:run(152)) - 2749ac5f-27b9-44fd-ba97-bc431af24c01@group-BD8457A0B9C7-FollowerState was interrupted
2022-12-22 10:15:41,589 [2749ac5f-27b9-44fd-ba97-bc431af24c01-impl-thread3] INFO  impl.StateMachineUpdater (StateMachineUpdater.java:stopAndJoin(153)) - 2749ac5f-27b9-44fd-ba97-bc431af24c01@group-BD8457A0B9C7-StateMachineUpdater: set stopIndex = -1
2022-12-22 10:15:41,589 [2749ac5f-27b9-44fd-ba97-bc431af24c01-impl-thread1] INFO  segmented.SegmentedRaftLogWorker (SegmentedRaftLogWorker.java:close(257)) - 2749ac5f-27b9-44fd-ba97-bc431af24c01@group-E657E086AB0B-SegmentedRaftLogWorker close()
2022-12-22 10:15:41,590 [ForkJoinPool.commonPool-worker-0] INFO  server.GrpcServerProtocolClient (GrpcServerProtocolClient.java:close(101)) - fef2fc50-c333-4590-b2a0-f31f883c87cf Close channels
2022-12-22 10:15:41,590 [ForkJoinPool.commonPool-worker-0] INFO  server.GrpcService (GrpcService.java:closeImpl(280)) - 2749ac5f-27b9-44fd-ba97-bc431af24c01: shutdown server GrpcServerProtocolService successfully
2022-12-22 10:15:41,591 [2749ac5f-27b9-44fd-ba97-bc431af24c01-impl-thread3] INFO  server.RaftServer$Division (ServerState.java:close(466)) - 2749ac5f-27b9-44fd-ba97-bc431af24c01@group-BD8457A0B9C7: closes. applyIndex: -1
2022-12-22 10:15:41,591 [2749ac5f-27b9-44fd-ba97-bc431af24c01@group-BD8457A0B9C7-SegmentedRaftLogWorker] INFO  segmented.SegmentedRaftLogWorker (SegmentedRaftLogWorker.java:run(347)) - 2749ac5f-27b9-44fd-ba97-bc431af24c01@group-BD8457A0B9C7-SegmentedRaftLogWorker was interrupted, exiting. There are 0 tasks remaining in the queue.
2022-12-22 10:15:41,591 [2749ac5f-27b9-44fd-ba97-bc431af24c01-impl-thread3] INFO  segmented.SegmentedRaftLogWorker (SegmentedRaftLogWorker.java:close(257)) - 2749ac5f-27b9-44fd-ba97-bc431af24c01@group-BD8457A0B9C7-SegmentedRaftLogWorker close()
2022-12-22 10:15:41,591 [2749ac5f-27b9-44fd-ba97-bc431af24c01-impl-thread2] INFO  segmented.SegmentedRaftLogWorker (SegmentedRaftLogWorker.java:close(257)) - 2749ac5f-27b9-44fd-ba97-bc431af24c01@group-474AAFB83630-SegmentedRaftLogWorker close()
2022-12-22 10:15:41,591 [2749ac5f-27b9-44fd-ba97-bc431af24c01-NettyServerStreamRpc-bossGroup--thread1] INFO  logging.LoggingHandler (AbstractInternalLogger.java:log(148)) - [id: 0xeca01b86, L:/0:0:0:0:0:0:0:0:44391] CLOSE
2022-12-22 10:15:41,592 [2749ac5f-27b9-44fd-ba97-bc431af24c01-NettyServerStreamRpc-bossGroup--thread1] INFO  logging.LoggingHandler (AbstractInternalLogger.java:log(148)) - [id: 0xeca01b86, L:/0:0:0:0:0:0:0:0:44391] INACTIVE
2022-12-22 10:15:41,592 [2749ac5f-27b9-44fd-ba97-bc431af24c01-NettyServerStreamRpc-bossGroup--thread1] INFO  logging.LoggingHandler (AbstractInternalLogger.java:log(148)) - [id: 0xeca01b86, L:/0:0:0:0:0:0:0:0:44391] UNREGISTERED
2022-12-22 10:15:41,599 [JvmPauseMonitor23] INFO  util.JvmPauseMonitor (JvmPauseMonitor.java:run(111)) - JvmPauseMonitor-2749ac5f-27b9-44fd-ba97-bc431af24c01: Stopped
2022-12-22 10:15:42,045 [EndpointStateMachine task thread for /127.0.0.1:43945 - 0 ] INFO  ipc.Client (Client.java:handleConnectionFailure(1010)) - Retrying connect to server: localhost/127.0.0.1:43945. Already tried 9 time(s); retry policy is RetryUpToMaximumCountWithFixedSleep(maxRetries=15, sleepTime=1000 MILLISECONDS)
2022-12-22 10:15:42,046 [EndpointStateMachine task thread for /127.0.0.1:42129 - 0 ] INFO  ipc.Client (Client.java:handleConnectionFailure(1010)) - Retrying connect to server: localhost/127.0.0.1:42129. Already tried 0 time(s); retry policy is RetryUpToMaximumCountWithFixedSleep(maxRetries=15, sleepTime=1000 MILLISECONDS)
2022-12-22 10:15:42,586 [EndpointStateMachine task thread for /127.0.0.1:36861 - 0 ] INFO  ipc.Client (Client.java:handleConnectionFailure(1010)) - Retrying connect to server: localhost/127.0.0.1:36861. Already tried 5 time(s); retry policy is RetryUpToMaximumCountWithFixedSleep(maxRetries=15, sleepTime=1000 MILLISECONDS)
2022-12-22 10:15:43,046 [EndpointStateMachine task thread for /127.0.0.1:43945 - 0 ] INFO  ipc.Client (Client.java:handleConnectionFailure(1010)) - Retrying connect to server: localhost/127.0.0.1:43945. Already tried 10 time(s); retry policy is RetryUpToMaximumCountWithFixedSleep(maxRetries=15, sleepTime=1000 MILLISECONDS)
2022-12-22 10:15:43,046 [EndpointStateMachine task thread for /127.0.0.1:42129 - 0 ] INFO  ipc.Client (Client.java:handleConnectionFailure(1010)) - Retrying connect to server: localhost/127.0.0.1:42129. Already tried 1 time(s); retry policy is RetryUpToMaximumCountWithFixedSleep(maxRetries=15, sleepTime=1000 MILLISECONDS)
2022-12-22 10:15:43,587 [EndpointStateMachine task thread for /127.0.0.1:36861 - 0 ] INFO  ipc.Client (Client.java:handleConnectionFailure(1010)) - Retrying connect to server: localhost/127.0.0.1:36861. Already tried 6 time(s); retry policy is RetryUpToMaximumCountWithFixedSleep(maxRetries=15, sleepTime=1000 MILLISECONDS)
2022-12-22 10:15:43,605 [ForkJoinPool.commonPool-worker-0] INFO  volume.HddsVolume (HddsVolume.java:closeDbStore(338)) - SchemaV3 db is stopped at /home/runner/work/ozone/ozone/hadoop-ozone/integration-test/target/test-dir/MiniOzoneClusterImpl-73a15bac-dca4-4ec7-8fa0-07a649b4923c/datanode-2/data-0/containers/hdds/73a15bac-dca4-4ec7-8fa0-07a649b4923c/DS-b642ef3c-a817-46e7-b417-a2514993f084/container.db for volume DS-b642ef3c-a817-46e7-b417-a2514993f084
2022-12-22 10:15:43,605 [ForkJoinPool.commonPool-worker-0] INFO  utils.BackgroundService (BackgroundService.java:shutdown(141)) - Shutting down service BlockDeletingService
2022-12-22 10:15:43,606 [ForkJoinPool.commonPool-worker-0] INFO  utils.BackgroundService (BackgroundService.java:shutdown(141)) - Shutting down service StaleRecoveringContainerScrubbingService
2022-12-22 10:15:43,606 [ForkJoinPool.commonPool-worker-0] INFO  statemachine.DatanodeStateMachine (DatanodeStateMachine.java:stopDaemon(596)) - Ozone container server stopped.
2022-12-22 10:15:43,614 [ForkJoinPool.commonPool-worker-0] INFO  handler.ContextHandler (ContextHandler.java:doStop(1159)) - Stopped o.e.j.w.WebAppContext@150fcad4{hddsDatanode,/,null,STOPPED}{jar:file:/home/runner/.m2/repository/org/apache/ozone/hdds-container-service/1.3.0-SNAPSHOT/hdds-container-service-1.3.0-SNAPSHOT.jar!/webapps/hddsDatanode}
2022-12-22 10:15:43,614 [ForkJoinPool.commonPool-worker-0] INFO  server.AbstractConnector (AbstractConnector.java:doStop(383)) - Stopped ServerConnector@2dab244d{HTTP/1.1, (http/1.1)}{0.0.0.0:0}
2022-12-22 10:15:43,614 [ForkJoinPool.commonPool-worker-0] INFO  server.session (HouseKeeper.java:stopScavenging(149)) - node0 Stopped scavenging
2022-12-22 10:15:43,614 [ForkJoinPool.commonPool-worker-0] INFO  handler.ContextHandler (ContextHandler.java:doStop(1159)) - Stopped o.e.j.s.ServletContextHandler@76b59fc{static,/static,jar:file:/home/runner/.m2/repository/org/apache/ozone/hdds-container-service/1.3.0-SNAPSHOT/hdds-container-service-1.3.0-SNAPSHOT.jar!/webapps/static,STOPPED}
2022-12-22 10:15:43,615 [ForkJoinPool.commonPool-worker-0] INFO  handler.ContextHandler (ContextHandler.java:doStop(1159)) - Stopped o.e.j.s.ServletContextHandler@46e2c6dc{logs,/logs,file:///home/runner/work/ozone/ozone/hadoop-ozone/integration-test/target/log,STOPPED}
]]></system-out>
  </testcase>
</testsuite>