<?xml version="1.0" encoding="UTF-8"?>
<testsuite xmlns:xsi="http://www.w3.org/2001/XMLSchema-instance" xsi:noNamespaceSchemaLocation="https://maven.apache.org/surefire/maven-surefire-plugin/xsd/surefire-test-report-3.0.xsd" version="3.0" name="org.apache.hadoop.ozone.om.TestOzoneManagerHAWithData" time="164.735" tests="5" errors="1" skipped="0" failures="0">
  <properties>
    <property name="awt.toolkit" value="sun.awt.X11.XToolkit"/>
    <property name="file.encoding.pkg" value="sun.io"/>
    <property name="java.specification.version" value="1.8"/>
    <property name="sun.cpu.isalist" value=""/>
    <property name="sun.jnu.encoding" value="UTF-8"/>
    <property name="java.class.path" value="/home/runner/work/ozone/ozone/hadoop-ozone/integration-test/target/test-classes:/home/runner/work/ozone/ozone/hadoop-ozone/integration-test/target/classes:/home/runner/.m2/repository/org/apache/ozone/ozone-common/1.3.0-SNAPSHOT/ozone-common-1.3.0-SNAPSHOT.jar:/home/runner/.m2/repository/io/grpc/grpc-netty/1.48.1/grpc-netty-1.48.1.jar:/home/runner/.m2/repository/io/grpc/grpc-core/1.48.1/grpc-core-1.48.1.jar:/home/runner/.m2/repository/com/google/android/annotations/4.1.1.4/annotations-4.1.1.4.jar:/home/runner/.m2/repository/org/codehaus/mojo/animal-sniffer-annotations/1.21/animal-sniffer-annotations-1.21.jar:/home/runner/.m2/repository/com/google/errorprone/error_prone_annotations/2.2.0/error_prone_annotations-2.2.0.jar:/home/runner/.m2/repository/io/perfmark/perfmark-api/0.25.0/perfmark-api-0.25.0.jar:/home/runner/.m2/repository/io/netty/netty-codec-http2/4.1.79.Final/netty-codec-http2-4.1.79.Final.jar:/home/runner/.m2/repository/io/netty/netty-common/4.1.79.Final/netty-common-4.1.79.Final.jar:/home/runner/.m2/repository/io/netty/netty-buffer/4.1.79.Final/netty-buffer-4.1.79.Final.jar:/home/runner/.m2/repository/io/netty/netty-codec-http/4.1.79.Final/netty-codec-http-4.1.79.Final.jar:/home/runner/.m2/repository/io/netty/netty-handler-proxy/4.1.79.Final/netty-handler-proxy-4.1.79.Final.jar:/home/runner/.m2/repository/io/netty/netty-codec-socks/4.1.79.Final/netty-codec-socks-4.1.79.Final.jar:/home/runner/.m2/repository/io/netty/netty-tcnative-boringssl-static/2.0.53.Final/netty-tcnative-boringssl-static-2.0.53.Final.jar:/home/runner/.m2/repository/io/netty/netty-tcnative-classes/2.0.53.Final/netty-tcnative-classes-2.0.53.Final.jar:/home/runner/.m2/repository/io/netty/netty-tcnative-boringssl-static/2.0.53.Final/netty-tcnative-boringssl-static-2.0.53.Final-linux-x86_64.jar:/home/runner/.m2/repository/io/netty/netty-tcnative-boringssl-static/2.0.53.Final/netty-tcnative-boringssl-static-2.0.53.Final-linux-aarch_64.jar:/home/runner/.m2/repository/io/netty/netty-tcnative-boringssl-static/2.0.53.Final/netty-tcnative-boringssl-static-2.0.53.Final-osx-x86_64.jar:/home/runner/.m2/repository/io/netty/netty-tcnative-boringssl-static/2.0.53.Final/netty-tcnative-boringssl-static-2.0.53.Final-osx-aarch_64.jar:/home/runner/.m2/repository/io/netty/netty-tcnative-boringssl-static/2.0.53.Final/netty-tcnative-boringssl-static-2.0.53.Final-windows-x86_64.jar:/home/runner/.m2/repository/org/apache/commons/commons-compress/1.21/commons-compress-1.21.jar:/home/runner/.m2/repository/org/apache/ozone/hdds-common/1.3.0-SNAPSHOT/hdds-common-1.3.0-SNAPSHOT.jar:/home/runner/.m2/repository/org/apache/ozone/hdds-client/1.3.0-SNAPSHOT/hdds-client-1.3.0-SNAPSHOT.jar:/home/runner/.m2/repository/org/apache/ozone/ozone-interface-client/1.3.0-SNAPSHOT/ozone-interface-client-1.3.0-SNAPSHOT.jar:/home/runner/.m2/repository/org/apache/ozone/hdds-test-utils/1.3.0-SNAPSHOT/hdds-test-utils-1.3.0-SNAPSHOT.jar:/home/runner/.m2/repository/com/google/guava/guava/31.1-jre/guava-31.1-jre.jar:/home/runner/.m2/repository/com/google/guava/failureaccess/1.0.1/failureaccess-1.0.1.jar:/home/runner/.m2/repository/com/google/guava/listenablefuture/9999.0-empty-to-avoid-conflict-with-guava/listenablefuture-9999.0-empty-to-avoid-conflict-with-guava.jar:/home/runner/.m2/repository/com/google/code/findbugs/jsr305/3.0.0/jsr305-3.0.0.jar:/home/runner/.m2/repository/org/checkerframework/checker-qual/3.12.0/checker-qual-3.12.0.jar:/home/runner/.m2/repository/com/google/j2objc/j2objc-annotations/1.3/j2objc-annotations-1.3.jar:/home/runner/.m2/repository/commons-io/commons-io/2.11.0/commons-io-2.11.0.jar:/home/runner/.m2/repository/commons-logging/commons-logging/1.2/commons-logging-1.2.jar:/home/runner/.m2/repository/log4j/log4j/1.2.17/log4j-1.2.17.jar:/home/runner/.m2/repository/org/slf4j/slf4j-api/1.7.30/slf4j-api-1.7.30.jar:/home/runner/.m2/repository/org/apache/ozone/hdds-server-scm/1.3.0-SNAPSHOT/hdds-server-scm-1.3.0-SNAPSHOT.jar:/home/runner/.m2/repository/org/apache/ozone/hdds-container-service/1.3.0-SNAPSHOT/hdds-container-service-1.3.0-SNAPSHOT.jar:/home/runner/.m2/repository/org/apache/ozone/hdds-hadoop-dependency-server/1.3.0-SNAPSHOT/hdds-hadoop-dependency-server-1.3.0-SNAPSHOT.jar:/home/runner/.m2/repository/org/apache/hadoop/hadoop-hdfs/3.3.1/hadoop-hdfs-3.3.1.jar:/home/runner/.m2/repository/org/apache/ozone/hdds-server-framework/1.3.0-SNAPSHOT/hdds-server-framework-1.3.0-SNAPSHOT.jar:/home/runner/.m2/repository/org/apache/ozone/hdds-interface-server/1.3.0-SNAPSHOT/hdds-interface-server-1.3.0-SNAPSHOT.jar:/home/runner/.m2/repository/org/apache/logging/log4j/log4j-core/2.17.1/log4j-core-2.17.1.jar:/home/runner/.m2/repository/com/lmax/disruptor/3.4.2/disruptor-3.4.2.jar:/home/runner/.m2/repository/org/eclipse/jetty/jetty-servlet/9.4.43.v20210629/jetty-servlet-9.4.43.v20210629.jar:/home/runner/.m2/repository/org/eclipse/jetty/jetty-security/9.4.43.v20210629/jetty-security-9.4.43.v20210629.jar:/home/runner/.m2/repository/org/rocksdb/rocksdbjni/6.29.5/rocksdbjni-6.29.5.jar:/home/runner/.m2/repository/io/prometheus/simpleclient_dropwizard/0.7.0/simpleclient_dropwizard-0.7.0.jar:/home/runner/.m2/repository/io/prometheus/simpleclient/0.7.0/simpleclient-0.7.0.jar:/home/runner/.m2/repository/io/prometheus/simpleclient_common/0.7.0/simpleclient_common-0.7.0.jar:/home/runner/.m2/repository/io/dropwizard/metrics/metrics-core/3.2.4/metrics-core-3.2.4.jar:/home/runner/.m2/repository/org/apache/hadoop/hadoop-hdfs-client/3.3.1/hadoop-hdfs-client-3.3.1.jar:/home/runner/.m2/repository/org/bouncycastle/bcprov-jdk15on/1.67/bcprov-jdk15on-1.67.jar:/home/runner/.m2/repository/com/google/protobuf/protobuf-java/2.5.0/protobuf-java-2.5.0.jar:/home/runner/.m2/repository/org/apache/ozone/ozone-manager/1.3.0-SNAPSHOT/ozone-manager-1.3.0-SNAPSHOT.jar:/home/runner/.m2/repository/org/aspectj/aspectjrt/1.9.7/aspectjrt-1.9.7.jar:/home/runner/.m2/repository/org/aspectj/aspectjweaver/1.9.7/aspectjweaver-1.9.7.jar:/home/runner/.m2/repository/org/apache/ozone/hdds-interface-client/1.3.0-SNAPSHOT/hdds-interface-client-1.3.0-SNAPSHOT.jar:/home/runner/.m2/repository/org/apache/hadoop/thirdparty/hadoop-shaded-protobuf_3_7/1.1.1/hadoop-shaded-protobuf_3_7-1.1.1.jar:/home/runner/.m2/repository/org/apache/ozone/ozone-interface-storage/1.3.0-SNAPSHOT/ozone-interface-storage-1.3.0-SNAPSHOT.jar:/home/runner/.m2/repository/org/reflections/reflections/0.9.11/reflections-0.9.11.jar:/home/runner/.m2/repository/com/sun/jersey/jersey-client/1.19/jersey-client-1.19.jar:/home/runner/.m2/repository/org/apache/ranger/ranger-intg/2.3.0/ranger-intg-2.3.0.jar:/home/runner/.m2/repository/org/apache/ranger/ranger-plugins-common/2.3.0/ranger-plugins-common-2.3.0.jar:/home/runner/.m2/repository/commons-lang/commons-lang/2.6/commons-lang-2.6.jar:/home/runner/.m2/repository/org/codehaus/jackson/jackson-jaxrs/1.9.13/jackson-jaxrs-1.9.13.jar:/home/runner/.m2/repository/org/apache/ranger/ranger-plugins-cred/2.3.0/ranger-plugins-cred-2.3.0.jar:/home/runner/.m2/repository/org/apache/ranger/ranger-plugins-audit/2.3.0/ranger-plugins-audit-2.3.0.jar:/home/runner/.m2/repository/org/apache/kafka/kafka-clients/2.8.1/kafka-clients-2.8.1.jar:/home/runner/.m2/repository/com/github/luben/zstd-jni/1.4.9-1/zstd-jni-1.4.9-1.jar:/home/runner/.m2/repository/org/apache/solr/solr-solrj/8.6.3/solr-solrj-8.6.3.jar:/home/runner/.m2/repository/org/slf4j/jcl-over-slf4j/1.7.24/jcl-over-slf4j-1.7.24.jar:/home/runner/.m2/repository/org/eclipse/jetty/jetty-client/9.4.31.v20200723/jetty-client-9.4.31.v20200723.jar:/home/runner/.m2/repository/org/apache/httpcomponents/httpmime/4.5.6/httpmime-4.5.6.jar:/home/runner/.m2/repository/org/apache/httpcomponents/httpcore-nio/4.4.6/httpcore-nio-4.4.6.jar:/home/runner/.m2/repository/org/apache/httpcomponents/httpasyncclient/4.1.3/httpasyncclient-4.1.3.jar:/home/runner/.m2/repository/com/carrotsearch/hppc/0.8.0/hppc-0.8.0.jar:/home/runner/.m2/repository/org/apache/hive/hive-storage-api/2.7.2/hive-storage-api-2.7.2.jar:/home/runner/.m2/repository/org/apache/orc/orc-core/1.5.8/orc-core-1.5.8.jar:/home/runner/.m2/repository/com/amazonaws/aws-java-sdk-bundle/1.12.125/aws-java-sdk-bundle-1.12.125.jar:/home/runner/.m2/repository/net/java/dev/jna/jna/5.2.0/jna-5.2.0.jar:/home/runner/.m2/repository/net/java/dev/jna/jna-platform/5.2.0/jna-platform-5.2.0.jar:/home/runner/.m2/repository/com/kstruct/gethostname4j/0.0.2/gethostname4j-0.0.2.jar:/home/runner/.m2/repository/org/apache/ranger/ranger-plugin-classloader/2.3.0/ranger-plugin-classloader-2.3.0.jar:/home/runner/.m2/repository/org/apache/hadoop/hadoop-minikdc/3.3.1/hadoop-minikdc-3.3.1.jar:/home/runner/.m2/repository/org/apache/kerby/kerb-simplekdc/1.0.1/kerb-simplekdc-1.0.1.jar:/home/runner/.m2/repository/org/apache/kerby/kerb-client/1.0.1/kerb-client-1.0.1.jar:/home/runner/.m2/repository/org/apache/kerby/kerby-config/1.0.1/kerby-config-1.0.1.jar:/home/runner/.m2/repository/org/apache/kerby/kerb-common/1.0.1/kerb-common-1.0.1.jar:/home/runner/.m2/repository/org/apache/kerby/kerb-crypto/1.0.1/kerb-crypto-1.0.1.jar:/home/runner/.m2/repository/org/apache/kerby/kerb-util/1.0.1/kerb-util-1.0.1.jar:/home/runner/.m2/repository/org/apache/kerby/token-provider/1.0.1/token-provider-1.0.1.jar:/home/runner/.m2/repository/org/apache/kerby/kerb-admin/1.0.1/kerb-admin-1.0.1.jar:/home/runner/.m2/repository/org/apache/kerby/kerb-server/1.0.1/kerb-server-1.0.1.jar:/home/runner/.m2/repository/org/apache/kerby/kerb-identity/1.0.1/kerb-identity-1.0.1.jar:/home/runner/.m2/repository/org/apache/kerby/kerby-xdr/1.0.1/kerby-xdr-1.0.1.jar:/home/runner/.m2/repository/org/slf4j/slf4j-log4j12/1.7.30/slf4j-log4j12-1.7.30.jar:/home/runner/.m2/repository/org/apache/ozone/ozone-s3gateway/1.3.0-SNAPSHOT/ozone-s3gateway-1.3.0-SNAPSHOT.jar:/home/runner/.m2/repository/org/javassist/javassist/3.21.0-GA/javassist-3.21.0-GA.jar:/home/runner/.m2/repository/org/jboss/weld/servlet/weld-servlet/2.4.7.Final/weld-servlet-2.4.7.Final.jar:/home/runner/.m2/repository/org/glassfish/jersey/containers/jersey-container-servlet-core/2.33/jersey-container-servlet-core-2.33.jar:/home/runner/.m2/repository/org/glassfish/hk2/external/jakarta.inject/2.6.1/jakarta.inject-2.6.1.jar:/home/runner/.m2/repository/org/glassfish/jersey/core/jersey-common/2.33/jersey-common-2.33.jar:/home/runner/.m2/repository/jakarta/ws/rs/jakarta.ws.rs-api/2.1.6/jakarta.ws.rs-api-2.1.6.jar:/home/runner/.m2/repository/org/glassfish/jersey/ext/cdi/jersey-cdi1x/2.33/jersey-cdi1x-2.33.jar:/home/runner/.m2/repository/org/glassfish/jersey/inject/jersey-hk2/2.33/jersey-hk2-2.33.jar:/home/runner/.m2/repository/org/glassfish/hk2/hk2-locator/2.6.1/hk2-locator-2.6.1.jar:/home/runner/.m2/repository/org/glassfish/jersey/media/jersey-media-jaxb/2.33/jersey-media-jaxb-2.33.jar:/home/runner/.m2/repository/org/glassfish/hk2/osgi-resource-locator/1.0.3/osgi-resource-locator-1.0.3.jar:/home/runner/.m2/repository/org/glassfish/hk2/hk2-api/2.5.0/hk2-api-2.5.0.jar:/home/runner/.m2/repository/org/glassfish/hk2/hk2-utils/2.5.0/hk2-utils-2.5.0.jar:/home/runner/.m2/repository/org/glassfish/hk2/external/aopalliance-repackaged/2.5.0/aopalliance-repackaged-2.5.0.jar:/home/runner/.m2/repository/com/fasterxml/jackson/dataformat/jackson-dataformat-xml/2.13.2/jackson-dataformat-xml-2.13.2.jar:/home/runner/.m2/repository/com/fasterxml/jackson/core/jackson-core/2.13.2/jackson-core-2.13.2.jar:/home/runner/.m2/repository/org/codehaus/woodstox/stax2-api/3.1.4/stax2-api-3.1.4.jar:/home/runner/.m2/repository/com/fasterxml/woodstox/woodstox-core/5.0.3/woodstox-core-5.0.3.jar:/home/runner/.m2/repository/com/fasterxml/jackson/module/jackson-module-jaxb-annotations/2.13.2/jackson-module-jaxb-annotations-2.13.2.jar:/home/runner/.m2/repository/jakarta/xml/bind/jakarta.xml.bind-api/2.3.3/jakarta.xml.bind-api-2.3.3.jar:/home/runner/.m2/repository/jakarta/activation/jakarta.activation-api/1.2.1/jakarta.activation-api-1.2.1.jar:/home/runner/.m2/repository/javax/enterprise/cdi-api/1.2/cdi-api-1.2.jar:/home/runner/.m2/repository/javax/el/javax.el-api/3.0.0/javax.el-api-3.0.0.jar:/home/runner/.m2/repository/javax/interceptor/javax.interceptor-api/1.2/javax.interceptor-api-1.2.jar:/home/runner/.m2/repository/javax/inject/javax.inject/1/javax.inject-1.jar:/home/runner/.m2/repository/javax/xml/bind/jaxb-api/2.3.0/jaxb-api-2.3.0.jar:/home/runner/.m2/repository/org/glassfish/jaxb/jaxb-runtime/2.3.0.1/jaxb-runtime-2.3.0.1.jar:/home/runner/.m2/repository/org/glassfish/jaxb/jaxb-core/2.3.0.1/jaxb-core-2.3.0.1.jar:/home/runner/.m2/repository/org/glassfish/jaxb/txw2/2.3.0.1/txw2-2.3.0.1.jar:/home/runner/.m2/repository/com/sun/istack/istack-commons-runtime/3.0.5/istack-commons-runtime-3.0.5.jar:/home/runner/.m2/repository/org/jvnet/staxex/stax-ex/1.7.8/stax-ex-1.7.8.jar:/home/runner/.m2/repository/com/sun/xml/fastinfoset/FastInfoset/1.2.13/FastInfoset-1.2.13.jar:/home/runner/.m2/repository/javax/activation/activation/1.1.1/activation-1.1.1.jar:/home/runner/.m2/repository/io/grpc/grpc-protobuf/1.48.1/grpc-protobuf-1.48.1.jar:/home/runner/.m2/repository/io/grpc/grpc-api/1.48.1/grpc-api-1.48.1.jar:/home/runner/.m2/repository/io/grpc/grpc-context/1.48.1/grpc-context-1.48.1.jar:/home/runner/.m2/repository/com/google/api/grpc/proto-google-common-protos/2.9.0/proto-google-common-protos-2.9.0.jar:/home/runner/.m2/repository/io/grpc/grpc-protobuf-lite/1.48.1/grpc-protobuf-lite-1.48.1.jar:/home/runner/.m2/repository/io/grpc/grpc-stub/1.48.1/grpc-stub-1.48.1.jar:/home/runner/.m2/repository/io/netty/netty-transport/4.1.79.Final/netty-transport-4.1.79.Final.jar:/home/runner/.m2/repository/io/netty/netty-resolver/4.1.79.Final/netty-resolver-4.1.79.Final.jar:/home/runner/.m2/repository/org/apache/ozone/ozone-csi/1.3.0-SNAPSHOT/ozone-csi-1.3.0-SNAPSHOT.jar:/home/runner/.m2/repository/com/google/protobuf/protobuf-java-util/3.19.2/protobuf-java-util-3.19.2.jar:/home/runner/.m2/repository/com/google/code/gson/gson/2.9.0/gson-2.9.0.jar:/home/runner/.m2/repository/org/apache/ozone/hdds-config/1.3.0-SNAPSHOT/hdds-config-1.3.0-SNAPSHOT.jar:/home/runner/.m2/repository/io/netty/netty-transport-native-epoll/4.1.79.Final/netty-transport-native-epoll-4.1.79.Final-linux-x86_64.jar:/home/runner/.m2/repository/io/netty/netty-transport-classes-epoll/4.1.79.Final/netty-transport-classes-epoll-4.1.79.Final.jar:/home/runner/.m2/repository/io/netty/netty-transport-native-unix-common/4.1.79.Final/netty-transport-native-unix-common-4.1.79.Final.jar:/home/runner/.m2/repository/org/apache/ozone/ozone-recon/1.3.0-SNAPSHOT/ozone-recon-1.3.0-SNAPSHOT.jar:/home/runner/.m2/repository/org/apache/ozone/ozone-reconcodegen/1.3.0-SNAPSHOT/ozone-reconcodegen-1.3.0-SNAPSHOT.jar:/home/runner/.m2/repository/com/google/inject/extensions/guice-multibindings/4.0/guice-multibindings-4.0.jar:/home/runner/.m2/repository/com/google/inject/guice/4.0/guice-4.0.jar:/home/runner/.m2/repository/aopalliance/aopalliance/1.0/aopalliance-1.0.jar:/home/runner/.m2/repository/com/google/inject/extensions/guice-assistedinject/4.0/guice-assistedinject-4.0.jar:/home/runner/.m2/repository/com/google/inject/extensions/guice-servlet/4.0/guice-servlet-4.0.jar:/home/runner/.m2/repository/org/glassfish/jersey/containers/jersey-container-servlet/2.33/jersey-container-servlet-2.33.jar:/home/runner/.m2/repository/org/glassfish/hk2/guice-bridge/2.5.0/guice-bridge-2.5.0.jar:/home/runner/.m2/repository/org/glassfish/jersey/core/jersey-server/2.33/jersey-server-2.33.jar:/home/runner/.m2/repository/org/glassfish/jersey/core/jersey-client/2.33/jersey-client-2.33.jar:/home/runner/.m2/repository/jakarta/annotation/jakarta.annotation-api/1.3.5/jakarta.annotation-api-1.3.5.jar:/home/runner/.m2/repository/jakarta/validation/jakarta.validation-api/2.0.2/jakarta.validation-api-2.0.2.jar:/home/runner/.m2/repository/org/glassfish/jersey/media/jersey-media-json-jackson/2.33/jersey-media-json-jackson-2.33.jar:/home/runner/.m2/repository/org/glassfish/jersey/ext/jersey-entity-filtering/2.33/jersey-entity-filtering-2.33.jar:/home/runner/.m2/repository/org/jooq/jooq/3.11.10/jooq-3.11.10.jar:/home/runner/.m2/repository/org/jooq/jooq-meta/3.11.10/jooq-meta-3.11.10.jar:/home/runner/.m2/repository/org/jooq/jooq-codegen/3.11.10/jooq-codegen-3.11.10.jar:/home/runner/.m2/repository/com/jolbox/bonecp/0.8.0.RELEASE/bonecp-0.8.0.RELEASE.jar:/home/runner/.m2/repository/org/apache/derby/derby/10.14.2.0/derby-10.14.2.0.jar:/home/runner/.m2/repository/org/xerial/sqlite-jdbc/3.25.2/sqlite-jdbc-3.25.2.jar:/home/runner/.m2/repository/org/springframework/spring-jdbc/5.2.20.RELEASE/spring-jdbc-5.2.20.RELEASE.jar:/home/runner/.m2/repository/org/springframework/spring-beans/5.2.20.RELEASE/spring-beans-5.2.20.RELEASE.jar:/home/runner/.m2/repository/org/springframework/spring-core/5.2.20.RELEASE/spring-core-5.2.20.RELEASE.jar:/home/runner/.m2/repository/org/springframework/spring-jcl/5.2.20.RELEASE/spring-jcl-5.2.20.RELEASE.jar:/home/runner/.m2/repository/org/springframework/spring-tx/5.2.20.RELEASE/spring-tx-5.2.20.RELEASE.jar:/home/runner/.m2/repository/org/apache/ozone/ozone-client/1.3.0-SNAPSHOT/ozone-client-1.3.0-SNAPSHOT.jar:/home/runner/.m2/repository/org/apache/ozone/hdds-erasurecode/1.3.0-SNAPSHOT/hdds-erasurecode-1.3.0-SNAPSHOT.jar:/home/runner/.m2/repository/com/github/spotbugs/spotbugs-annotations/3.1.12/spotbugs-annotations-3.1.12.jar:/home/runner/.m2/repository/org/apache/ozone/ozone-filesystem/1.3.0-SNAPSHOT/ozone-filesystem-1.3.0-SNAPSHOT.jar:/home/runner/.m2/repository/org/apache/ozone/ozone-filesystem-common/1.3.0-SNAPSHOT/ozone-filesystem-common-1.3.0-SNAPSHOT.jar:/home/runner/.m2/repository/org/apache/ozone/ozone-tools/1.3.0-SNAPSHOT/ozone-tools-1.3.0-SNAPSHOT.jar:/home/runner/.m2/repository/org/apache/ratis/ratis-tools/2.3.0/ratis-tools-2.3.0.jar:/home/runner/.m2/repository/com/amazonaws/aws-java-sdk-core/1.12.261/aws-java-sdk-core-1.12.261.jar:/home/runner/.m2/repository/org/apache/httpcomponents/httpclient/4.5.13/httpclient-4.5.13.jar:/home/runner/.m2/repository/org/apache/httpcomponents/httpcore/4.4.13/httpcore-4.4.13.jar:/home/runner/.m2/repository/software/amazon/ion/ion-java/1.0.2/ion-java-1.0.2.jar:/home/runner/.m2/repository/com/fasterxml/jackson/dataformat/jackson-dataformat-cbor/2.13.2/jackson-dataformat-cbor-2.13.2.jar:/home/runner/.m2/repository/joda-time/joda-time/2.8.1/joda-time-2.8.1.jar:/home/runner/.m2/repository/com/amazonaws/aws-java-sdk-s3/1.12.261/aws-java-sdk-s3-1.12.261.jar:/home/runner/.m2/repository/com/amazonaws/aws-java-sdk-kms/1.12.261/aws-java-sdk-kms-1.12.261.jar:/home/runner/.m2/repository/com/amazonaws/jmespath-java/1.12.261/jmespath-java-1.12.261.jar:/home/runner/.m2/repository/org/kohsuke/metainf-services/metainf-services/1.8/metainf-services-1.8.jar:/home/runner/.m2/repository/org/apache/ozone/hdds-tools/1.3.0-SNAPSHOT/hdds-tools-1.3.0-SNAPSHOT.jar:/home/runner/.m2/repository/commons-cli/commons-cli/1.2/commons-cli-1.2.jar:/home/runner/.m2/repository/org/apache/commons/commons-lang3/3.7/commons-lang3-3.7.jar:/home/runner/.m2/repository/org/apache/ozone/ozone-manager/1.3.0-SNAPSHOT/ozone-manager-1.3.0-SNAPSHOT-tests.jar:/home/runner/.m2/repository/org/apache/ozone/hdds-common/1.3.0-SNAPSHOT/hdds-common-1.3.0-SNAPSHOT-tests.jar:/home/runner/.m2/repository/org/apache/ozone/hdds-hadoop-dependency-client/1.3.0-SNAPSHOT/hdds-hadoop-dependency-client-1.3.0-SNAPSHOT.jar:/home/runner/.m2/repository/info/picocli/picocli/4.6.1/picocli-4.6.1.jar:/home/runner/.m2/repository/com/fasterxml/jackson/core/jackson-annotations/2.13.2/jackson-annotations-2.13.2.jar:/home/runner/.m2/repository/com/fasterxml/jackson/datatype/jackson-datatype-jsr310/2.13.2/jackson-datatype-jsr310-2.13.2.jar:/home/runner/.m2/repository/javax/annotation/javax.annotation-api/1.2/javax.annotation-api-1.2.jar:/home/runner/.m2/repository/org/apache/ratis/ratis-server/2.3.0/ratis-server-2.3.0.jar:/home/runner/.m2/repository/org/apache/ratis/ratis-client/2.3.0/ratis-client-2.3.0.jar:/home/runner/.m2/repository/org/apache/ratis/ratis-server-api/2.3.0/ratis-server-api-2.3.0.jar:/home/runner/.m2/repository/org/apache/ratis/ratis-metrics/2.3.0/ratis-metrics-2.3.0.jar:/home/runner/.m2/repository/org/apache/ratis/ratis-netty/2.3.0/ratis-netty-2.3.0.jar:/home/runner/.m2/repository/org/apache/ratis/ratis-grpc/2.3.0/ratis-grpc-2.3.0.jar:/home/runner/.m2/repository/org/apache/logging/log4j/log4j-api/2.17.1/log4j-api-2.17.1.jar:/home/runner/.m2/repository/org/apache/commons/commons-pool2/2.6.0/commons-pool2-2.6.0.jar:/home/runner/.m2/repository/org/bouncycastle/bcpkix-jdk15on/1.67/bcpkix-jdk15on-1.67.jar:/home/runner/.m2/repository/commons-validator/commons-validator/1.6/commons-validator-1.6.jar:/home/runner/.m2/repository/commons-beanutils/commons-beanutils/1.9.4/commons-beanutils-1.9.4.jar:/home/runner/.m2/repository/commons-digester/commons-digester/1.8.1/commons-digester-1.8.1.jar:/home/runner/.m2/repository/commons-collections/commons-collections/3.2.2/commons-collections-3.2.2.jar:/home/runner/.m2/repository/io/jaegertracing/jaeger-client/1.6.0/jaeger-client-1.6.0.jar:/home/runner/.m2/repository/io/jaegertracing/jaeger-thrift/1.6.0/jaeger-thrift-1.6.0.jar:/home/runner/.m2/repository/org/apache/thrift/libthrift/0.14.1/libthrift-0.14.1.jar:/home/runner/.m2/repository/com/squareup/okhttp3/okhttp/4.9.0/okhttp-4.9.0.jar:/home/runner/.m2/repository/com/squareup/okio/okio/2.8.0/okio-2.8.0.jar:/home/runner/.m2/repository/io/jaegertracing/jaeger-core/1.6.0/jaeger-core-1.6.0.jar:/home/runner/.m2/repository/io/jaegertracing/jaeger-tracerresolver/1.6.0/jaeger-tracerresolver-1.6.0.jar:/home/runner/.m2/repository/io/opentracing/contrib/opentracing-tracerresolver/0.1.8/opentracing-tracerresolver-0.1.8.jar:/home/runner/.m2/repository/org/jetbrains/kotlin/kotlin-stdlib/1.6.21/kotlin-stdlib-1.6.21.jar:/home/runner/.m2/repository/org/jetbrains/kotlin/kotlin-stdlib-common/1.6.21/kotlin-stdlib-common-1.6.21.jar:/home/runner/.m2/repository/org/jetbrains/annotations/13.0/annotations-13.0.jar:/home/runner/.m2/repository/io/opentracing/opentracing-util/0.33.0/opentracing-util-0.33.0.jar:/home/runner/.m2/repository/io/opentracing/opentracing-api/0.33.0/opentracing-api-0.33.0.jar:/home/runner/.m2/repository/io/opentracing/opentracing-noop/0.33.0/opentracing-noop-0.33.0.jar:/home/runner/.m2/repository/org/yaml/snakeyaml/1.26/snakeyaml-1.26.jar:/home/runner/.m2/repository/org/apache/ozone/hdds-interface-admin/1.3.0-SNAPSHOT/hdds-interface-admin-1.3.0-SNAPSHOT.jar:/home/runner/.m2/repository/junit/junit/4.13.1/junit-4.13.1.jar:/home/runner/.m2/repository/org/hamcrest/hamcrest-core/1.3/hamcrest-core-1.3.jar:/home/runner/.m2/repository/org/junit/jupiter/junit-jupiter-api/5.8.2/junit-jupiter-api-5.8.2.jar:/home/runner/.m2/repository/org/opentest4j/opentest4j/1.2.0/opentest4j-1.2.0.jar:/home/runner/.m2/repository/org/junit/platform/junit-platform-commons/1.8.2/junit-platform-commons-1.8.2.jar:/home/runner/.m2/repository/org/apiguardian/apiguardian-api/1.1.2/apiguardian-api-1.1.2.jar:/home/runner/.m2/repository/org/junit/jupiter/junit-jupiter-params/5.8.2/junit-jupiter-params-5.8.2.jar:/home/runner/.m2/repository/org/junit/jupiter/junit-jupiter-migrationsupport/5.8.2/junit-jupiter-migrationsupport-5.8.2.jar:/home/runner/.m2/repository/org/junit/jupiter/junit-jupiter-engine/5.8.2/junit-jupiter-engine-5.8.2.jar:/home/runner/.m2/repository/org/junit/platform/junit-platform-engine/1.8.2/junit-platform-engine-1.8.2.jar:/home/runner/.m2/repository/org/junit/vintage/junit-vintage-engine/5.8.2/junit-vintage-engine-5.8.2.jar:/home/runner/.m2/repository/org/junit/platform/junit-platform-launcher/1.8.2/junit-platform-launcher-1.8.2.jar:/home/runner/.m2/repository/org/mockito/mockito-core/2.28.2/mockito-core-2.28.2.jar:/home/runner/.m2/repository/net/bytebuddy/byte-buddy/1.9.10/byte-buddy-1.9.10.jar:/home/runner/.m2/repository/net/bytebuddy/byte-buddy-agent/1.9.10/byte-buddy-agent-1.9.10.jar:/home/runner/.m2/repository/org/objenesis/objenesis/1.0/objenesis-1.0.jar:/home/runner/.m2/repository/org/apache/hadoop/hadoop-kms/3.3.1/hadoop-kms-3.3.1.jar:/home/runner/.m2/repository/org/apache/hadoop/hadoop-auth/3.3.1/hadoop-auth-3.3.1.jar:/home/runner/.m2/repository/com/nimbusds/nimbus-jose-jwt/7.9/nimbus-jose-jwt-7.9.jar:/home/runner/.m2/repository/com/github/stephenc/jcip/jcip-annotations/1.0-1/jcip-annotations-1.0-1.jar:/home/runner/.m2/repository/net/minidev/json-smart/2.4.7/json-smart-2.4.7.jar:/home/runner/.m2/repository/net/minidev/accessors-smart/2.4.7/accessors-smart-2.4.7.jar:/home/runner/.m2/repository/org/ow2/asm/asm/5.0.4/asm-5.0.4.jar:/home/runner/.m2/repository/org/apache/zookeeper/zookeeper/3.5.6/zookeeper-3.5.6.jar:/home/runner/.m2/repository/org/apache/zookeeper/zookeeper-jute/3.5.6/zookeeper-jute-3.5.6.jar:/home/runner/.m2/repository/org/apache/yetus/audience-annotations/0.5.0/audience-annotations-0.5.0.jar:/home/runner/.m2/repository/org/apache/curator/curator-framework/4.2.0/curator-framework-4.2.0.jar:/home/runner/.m2/repository/org/apache/hadoop/thirdparty/hadoop-shaded-guava/1.1.1/hadoop-shaded-guava-1.1.1.jar:/home/runner/.m2/repository/com/sun/jersey/jersey-core/1.19/jersey-core-1.19.jar:/home/runner/.m2/repository/javax/ws/rs/jsr311-api/1.1.1/jsr311-api-1.1.1.jar:/home/runner/.m2/repository/com/sun/jersey/jersey-server/1.19/jersey-server-1.19.jar:/home/runner/.m2/repository/javax/servlet/javax.servlet-api/3.1.0/javax.servlet-api-3.1.0.jar:/home/runner/.m2/repository/org/eclipse/jetty/jetty-server/9.4.43.v20210629/jetty-server-9.4.43.v20210629.jar:/home/runner/.m2/repository/org/eclipse/jetty/jetty-http/9.4.43.v20210629/jetty-http-9.4.43.v20210629.jar:/home/runner/.m2/repository/org/eclipse/jetty/jetty-io/9.4.43.v20210629/jetty-io-9.4.43.v20210629.jar:/home/runner/.m2/repository/org/eclipse/jetty/jetty-webapp/9.4.43.v20210629/jetty-webapp-9.4.43.v20210629.jar:/home/runner/.m2/repository/org/eclipse/jetty/jetty-xml/9.4.43.v20210629/jetty-xml-9.4.43.v20210629.jar:/home/runner/.m2/repository/org/apache/hadoop/hadoop-common/3.3.1/hadoop-common-3.3.1.jar:/home/runner/.m2/repository/org/apache/commons/commons-math3/3.1.1/commons-math3-3.1.1.jar:/home/runner/.m2/repository/commons-net/commons-net/3.6/commons-net-3.6.jar:/home/runner/.m2/repository/com/sun/jersey/jersey-servlet/1.19/jersey-servlet-1.19.jar:/home/runner/.m2/repository/com/sun/jersey/jersey-json/1.19/jersey-json-1.19.jar:/home/runner/.m2/repository/org/codehaus/jettison/jettison/1.1/jettison-1.1.jar:/home/runner/.m2/repository/com/sun/xml/bind/jaxb-impl/2.2.3-1/jaxb-impl-2.2.3-1.jar:/home/runner/.m2/repository/org/codehaus/jackson/jackson-xc/1.9.2/jackson-xc-1.9.2.jar:/home/runner/.m2/repository/org/apache/commons/commons-configuration2/2.1.1/commons-configuration2-2.1.1.jar:/home/runner/.m2/repository/org/apache/commons/commons-text/1.4/commons-text-1.4.jar:/home/runner/.m2/repository/com/google/re2j/re2j/1.1/re2j-1.1.jar:/home/runner/.m2/repository/com/jcraft/jsch/0.1.54/jsch-0.1.54.jar:/home/runner/.m2/repository/org/apache/curator/curator-client/4.2.0/curator-client-4.2.0.jar:/home/runner/.m2/repository/org/apache/curator/curator-recipes/4.2.0/curator-recipes-4.2.0.jar:/home/runner/.m2/repository/org/apache/kerby/kerb-core/1.0.1/kerb-core-1.0.1.jar:/home/runner/.m2/repository/org/apache/kerby/kerby-pkix/1.0.1/kerby-pkix-1.0.1.jar:/home/runner/.m2/repository/org/apache/kerby/kerby-asn1/1.0.1/kerby-asn1-1.0.1.jar:/home/runner/.m2/repository/org/apache/kerby/kerby-util/1.0.1/kerby-util-1.0.1.jar:/home/runner/.m2/repository/dnsjava/dnsjava/2.1.7/dnsjava-2.1.7.jar:/home/runner/.m2/repository/org/xerial/snappy/snappy-java/1.1.8.2/snappy-java-1.1.8.2.jar:/home/runner/.m2/repository/org/slf4j/jul-to-slf4j/1.7.30/jul-to-slf4j-1.7.30.jar:/home/runner/.m2/repository/org/eclipse/jetty/jetty-util/9.4.43.v20210629/jetty-util-9.4.43.v20210629.jar:/home/runner/.m2/repository/com/fasterxml/jackson/core/jackson-databind/2.13.2.2/jackson-databind-2.13.2.2.jar:/home/runner/.m2/repository/org/apache/hadoop/hadoop-kms/3.3.1/hadoop-kms-3.3.1-tests.jar:/home/runner/.m2/repository/org/apache/ozone/hdds-server-scm/1.3.0-SNAPSHOT/hdds-server-scm-1.3.0-SNAPSHOT-tests.jar:/home/runner/.m2/repository/org/apache/ozone/hdds-container-service/1.3.0-SNAPSHOT/hdds-container-service-1.3.0-SNAPSHOT-tests.jar:/home/runner/.m2/repository/commons-codec/commons-codec/1.11/commons-codec-1.11.jar:/home/runner/.m2/repository/io/netty/netty-codec/4.1.79.Final/netty-codec-4.1.79.Final.jar:/home/runner/.m2/repository/io/netty/netty-handler/4.1.79.Final/netty-handler-4.1.79.Final.jar:/home/runner/.m2/repository/org/apache/ozone/hdds-hadoop-dependency-test/1.3.0-SNAPSHOT/hdds-hadoop-dependency-test-1.3.0-SNAPSHOT.jar:/home/runner/.m2/repository/org/apache/hadoop/hadoop-common/3.3.1/hadoop-common-3.3.1-tests.jar:/home/runner/.m2/repository/org/assertj/assertj-core/3.12.2/assertj-core-3.12.2.jar:/home/runner/.m2/repository/org/apache/hadoop/hadoop-hdfs/3.3.1/hadoop-hdfs-3.3.1-tests.jar:/home/runner/.m2/repository/org/eclipse/jetty/jetty-util-ajax/9.4.43.v20210629/jetty-util-ajax-9.4.43.v20210629.jar:/home/runner/.m2/repository/commons-daemon/commons-daemon/1.0.13/commons-daemon-1.0.13.jar:/home/runner/.m2/repository/io/netty/netty/3.10.6.Final/netty-3.10.6.Final.jar:/home/runner/.m2/repository/io/netty/netty-all/4.1.79.Final/netty-all-4.1.79.Final.jar:/home/runner/.m2/repository/io/netty/netty-codec-dns/4.1.79.Final/netty-codec-dns-4.1.79.Final.jar:/home/runner/.m2/repository/io/netty/netty-codec-haproxy/4.1.79.Final/netty-codec-haproxy-4.1.79.Final.jar:/home/runner/.m2/repository/io/netty/netty-codec-memcache/4.1.79.Final/netty-codec-memcache-4.1.79.Final.jar:/home/runner/.m2/repository/io/netty/netty-codec-mqtt/4.1.79.Final/netty-codec-mqtt-4.1.79.Final.jar:/home/runner/.m2/repository/io/netty/netty-codec-redis/4.1.79.Final/netty-codec-redis-4.1.79.Final.jar:/home/runner/.m2/repository/io/netty/netty-codec-smtp/4.1.79.Final/netty-codec-smtp-4.1.79.Final.jar:/home/runner/.m2/repository/io/netty/netty-codec-stomp/4.1.79.Final/netty-codec-stomp-4.1.79.Final.jar:/home/runner/.m2/repository/io/netty/netty-codec-xml/4.1.79.Final/netty-codec-xml-4.1.79.Final.jar:/home/runner/.m2/repository/io/netty/netty-resolver-dns/4.1.79.Final/netty-resolver-dns-4.1.79.Final.jar:/home/runner/.m2/repository/io/netty/netty-transport-rxtx/4.1.79.Final/netty-transport-rxtx-4.1.79.Final.jar:/home/runner/.m2/repository/io/netty/netty-transport-sctp/4.1.79.Final/netty-transport-sctp-4.1.79.Final.jar:/home/runner/.m2/repository/io/netty/netty-transport-udt/4.1.79.Final/netty-transport-udt-4.1.79.Final.jar:/home/runner/.m2/repository/io/netty/netty-transport-classes-kqueue/4.1.79.Final/netty-transport-classes-kqueue-4.1.79.Final.jar:/home/runner/.m2/repository/io/netty/netty-resolver-dns-classes-macos/4.1.79.Final/netty-resolver-dns-classes-macos-4.1.79.Final.jar:/home/runner/.m2/repository/io/netty/netty-transport-native-epoll/4.1.79.Final/netty-transport-native-epoll-4.1.79.Final-linux-aarch_64.jar:/home/runner/.m2/repository/io/netty/netty-transport-native-kqueue/4.1.79.Final/netty-transport-native-kqueue-4.1.79.Final-osx-x86_64.jar:/home/runner/.m2/repository/io/netty/netty-transport-native-kqueue/4.1.79.Final/netty-transport-native-kqueue-4.1.79.Final-osx-aarch_64.jar:/home/runner/.m2/repository/io/netty/netty-resolver-dns-native-macos/4.1.79.Final/netty-resolver-dns-native-macos-4.1.79.Final-osx-x86_64.jar:/home/runner/.m2/repository/io/netty/netty-resolver-dns-native-macos/4.1.79.Final/netty-resolver-dns-native-macos-4.1.79.Final-osx-aarch_64.jar:/home/runner/.m2/repository/org/apache/htrace/htrace-core4/4.1.0-incubating/htrace-core4-4.1.0-incubating.jar:/home/runner/.m2/repository/org/fusesource/leveldbjni/leveldbjni-all/1.8/leveldbjni-all-1.8.jar:/home/runner/.m2/repository/org/apache/hadoop/hadoop-distcp/3.3.1/hadoop-distcp-3.3.1.jar:/home/runner/.m2/repository/org/apache/hadoop/hadoop-mapreduce-client-jobclient/3.3.1/hadoop-mapreduce-client-jobclient-3.3.1.jar:/home/runner/.m2/repository/org/apache/hadoop/hadoop-mapreduce-client-common/3.3.1/hadoop-mapreduce-client-common-3.3.1.jar:/home/runner/.m2/repository/org/apache/hadoop/hadoop-yarn-common/3.3.1/hadoop-yarn-common-3.3.1.jar:/home/runner/.m2/repository/org/apache/hadoop/hadoop-yarn-api/3.3.1/hadoop-yarn-api-3.3.1.jar:/home/runner/.m2/repository/com/sun/jersey/contribs/jersey-guice/1.19/jersey-guice-1.19.jar:/home/runner/.m2/repository/com/fasterxml/jackson/jaxrs/jackson-jaxrs-json-provider/2.13.2/jackson-jaxrs-json-provider-2.13.2.jar:/home/runner/.m2/repository/com/fasterxml/jackson/jaxrs/jackson-jaxrs-base/2.13.2/jackson-jaxrs-base-2.13.2.jar:/home/runner/.m2/repository/org/apache/hadoop/hadoop-yarn-client/3.3.1/hadoop-yarn-client-3.3.1.jar:/home/runner/.m2/repository/org/eclipse/jetty/websocket/websocket-client/9.4.40.v20210413/websocket-client-9.4.40.v20210413.jar:/home/runner/.m2/repository/org/eclipse/jetty/websocket/websocket-common/9.4.40.v20210413/websocket-common-9.4.40.v20210413.jar:/home/runner/.m2/repository/org/eclipse/jetty/websocket/websocket-api/9.4.40.v20210413/websocket-api-9.4.40.v20210413.jar:/home/runner/.m2/repository/org/jline/jline/3.9.0/jline-3.9.0.jar:/home/runner/.m2/repository/org/apache/hadoop/hadoop-mapreduce-client-core/3.3.1/hadoop-mapreduce-client-core-3.3.1.jar:/home/runner/.m2/repository/org/apache/avro/avro/1.7.7/avro-1.7.7.jar:/home/runner/.m2/repository/org/codehaus/jackson/jackson-core-asl/1.9.13/jackson-core-asl-1.9.13.jar:/home/runner/.m2/repository/org/codehaus/jackson/jackson-mapper-asl/1.9.13/jackson-mapper-asl-1.9.13.jar:/home/runner/.m2/repository/com/thoughtworks/paranamer/paranamer/2.3/paranamer-2.3.jar:/home/runner/.m2/repository/org/apache/hadoop/hadoop-annotations/3.3.1/hadoop-annotations-3.3.1.jar:/usr/lib/jvm/temurin-8-jdk-amd64/jre/../lib/tools.jar:/home/runner/.m2/repository/org/apache/hadoop/hadoop-distcp/3.3.1/hadoop-distcp-3.3.1-tests.jar:/home/runner/.m2/repository/org/apache/ratis/ratis-common/2.3.0/ratis-common-2.3.0.jar:/home/runner/.m2/repository/org/apache/ratis/ratis-thirdparty-misc/1.0.0/ratis-thirdparty-misc-1.0.0.jar:/home/runner/.m2/repository/org/apache/ratis/ratis-proto/2.3.0/ratis-proto-2.3.0.jar:/home/runner/.m2/repository/org/apache/ozone/ozone-annotation-processing/1.3.0-SNAPSHOT/ozone-annotation-processing-1.3.0-SNAPSHOT.jar:"/>
    <property name="java.vm.vendor" value="Temurin"/>
    <property name="sun.arch.data.model" value="64"/>
    <property name="test.build.dir" value="/home/runner/work/ozone/ozone/hadoop-ozone/integration-test/target/test-dir"/>
    <property name="test.cache.data" value=""/>
    <property name="java.vendor.url" value="https://adoptium.net/"/>
    <property name="user.timezone" value="Etc/UTC"/>
    <property name="java.vm.specification.version" value="1.8"/>
    <property name="os.name" value="Linux"/>
    <property name="test.build.data" value="/home/runner/work/ozone/ozone/hadoop-ozone/integration-test/target/test-dir"/>
    <property name="sun.java.launcher" value="SUN_STANDARD"/>
    <property name="sun.boot.library.path" value="/usr/lib/jvm/temurin-8-jdk-amd64/jre/lib/amd64"/>
    <property name="sun.java.command" value="/home/runner/work/ozone/ozone/hadoop-ozone/integration-test/target/surefire/surefirebooter1428852821598380104.jar /home/runner/work/ozone/ozone/hadoop-ozone/integration-test/target/surefire 2022-08-10T08-46-24_965-jvmRun1 surefire3647260318133276464tmp surefire_382196771338132196134tmp"/>
    <property name="surefire.test.class.path" value="/home/runner/work/ozone/ozone/hadoop-ozone/integration-test/target/test-classes:/home/runner/work/ozone/ozone/hadoop-ozone/integration-test/target/classes:/home/runner/.m2/repository/org/apache/ozone/ozone-common/1.3.0-SNAPSHOT/ozone-common-1.3.0-SNAPSHOT.jar:/home/runner/.m2/repository/io/grpc/grpc-netty/1.48.1/grpc-netty-1.48.1.jar:/home/runner/.m2/repository/io/grpc/grpc-core/1.48.1/grpc-core-1.48.1.jar:/home/runner/.m2/repository/com/google/android/annotations/4.1.1.4/annotations-4.1.1.4.jar:/home/runner/.m2/repository/org/codehaus/mojo/animal-sniffer-annotations/1.21/animal-sniffer-annotations-1.21.jar:/home/runner/.m2/repository/com/google/errorprone/error_prone_annotations/2.2.0/error_prone_annotations-2.2.0.jar:/home/runner/.m2/repository/io/perfmark/perfmark-api/0.25.0/perfmark-api-0.25.0.jar:/home/runner/.m2/repository/io/netty/netty-codec-http2/4.1.79.Final/netty-codec-http2-4.1.79.Final.jar:/home/runner/.m2/repository/io/netty/netty-common/4.1.79.Final/netty-common-4.1.79.Final.jar:/home/runner/.m2/repository/io/netty/netty-buffer/4.1.79.Final/netty-buffer-4.1.79.Final.jar:/home/runner/.m2/repository/io/netty/netty-codec-http/4.1.79.Final/netty-codec-http-4.1.79.Final.jar:/home/runner/.m2/repository/io/netty/netty-handler-proxy/4.1.79.Final/netty-handler-proxy-4.1.79.Final.jar:/home/runner/.m2/repository/io/netty/netty-codec-socks/4.1.79.Final/netty-codec-socks-4.1.79.Final.jar:/home/runner/.m2/repository/io/netty/netty-tcnative-boringssl-static/2.0.53.Final/netty-tcnative-boringssl-static-2.0.53.Final.jar:/home/runner/.m2/repository/io/netty/netty-tcnative-classes/2.0.53.Final/netty-tcnative-classes-2.0.53.Final.jar:/home/runner/.m2/repository/io/netty/netty-tcnative-boringssl-static/2.0.53.Final/netty-tcnative-boringssl-static-2.0.53.Final-linux-x86_64.jar:/home/runner/.m2/repository/io/netty/netty-tcnative-boringssl-static/2.0.53.Final/netty-tcnative-boringssl-static-2.0.53.Final-linux-aarch_64.jar:/home/runner/.m2/repository/io/netty/netty-tcnative-boringssl-static/2.0.53.Final/netty-tcnative-boringssl-static-2.0.53.Final-osx-x86_64.jar:/home/runner/.m2/repository/io/netty/netty-tcnative-boringssl-static/2.0.53.Final/netty-tcnative-boringssl-static-2.0.53.Final-osx-aarch_64.jar:/home/runner/.m2/repository/io/netty/netty-tcnative-boringssl-static/2.0.53.Final/netty-tcnative-boringssl-static-2.0.53.Final-windows-x86_64.jar:/home/runner/.m2/repository/org/apache/commons/commons-compress/1.21/commons-compress-1.21.jar:/home/runner/.m2/repository/org/apache/ozone/hdds-common/1.3.0-SNAPSHOT/hdds-common-1.3.0-SNAPSHOT.jar:/home/runner/.m2/repository/org/apache/ozone/hdds-client/1.3.0-SNAPSHOT/hdds-client-1.3.0-SNAPSHOT.jar:/home/runner/.m2/repository/org/apache/ozone/ozone-interface-client/1.3.0-SNAPSHOT/ozone-interface-client-1.3.0-SNAPSHOT.jar:/home/runner/.m2/repository/org/apache/ozone/hdds-test-utils/1.3.0-SNAPSHOT/hdds-test-utils-1.3.0-SNAPSHOT.jar:/home/runner/.m2/repository/com/google/guava/guava/31.1-jre/guava-31.1-jre.jar:/home/runner/.m2/repository/com/google/guava/failureaccess/1.0.1/failureaccess-1.0.1.jar:/home/runner/.m2/repository/com/google/guava/listenablefuture/9999.0-empty-to-avoid-conflict-with-guava/listenablefuture-9999.0-empty-to-avoid-conflict-with-guava.jar:/home/runner/.m2/repository/com/google/code/findbugs/jsr305/3.0.0/jsr305-3.0.0.jar:/home/runner/.m2/repository/org/checkerframework/checker-qual/3.12.0/checker-qual-3.12.0.jar:/home/runner/.m2/repository/com/google/j2objc/j2objc-annotations/1.3/j2objc-annotations-1.3.jar:/home/runner/.m2/repository/commons-io/commons-io/2.11.0/commons-io-2.11.0.jar:/home/runner/.m2/repository/commons-logging/commons-logging/1.2/commons-logging-1.2.jar:/home/runner/.m2/repository/log4j/log4j/1.2.17/log4j-1.2.17.jar:/home/runner/.m2/repository/org/slf4j/slf4j-api/1.7.30/slf4j-api-1.7.30.jar:/home/runner/.m2/repository/org/apache/ozone/hdds-server-scm/1.3.0-SNAPSHOT/hdds-server-scm-1.3.0-SNAPSHOT.jar:/home/runner/.m2/repository/org/apache/ozone/hdds-container-service/1.3.0-SNAPSHOT/hdds-container-service-1.3.0-SNAPSHOT.jar:/home/runner/.m2/repository/org/apache/ozone/hdds-hadoop-dependency-server/1.3.0-SNAPSHOT/hdds-hadoop-dependency-server-1.3.0-SNAPSHOT.jar:/home/runner/.m2/repository/org/apache/hadoop/hadoop-hdfs/3.3.1/hadoop-hdfs-3.3.1.jar:/home/runner/.m2/repository/org/apache/ozone/hdds-server-framework/1.3.0-SNAPSHOT/hdds-server-framework-1.3.0-SNAPSHOT.jar:/home/runner/.m2/repository/org/apache/ozone/hdds-interface-server/1.3.0-SNAPSHOT/hdds-interface-server-1.3.0-SNAPSHOT.jar:/home/runner/.m2/repository/org/apache/logging/log4j/log4j-core/2.17.1/log4j-core-2.17.1.jar:/home/runner/.m2/repository/com/lmax/disruptor/3.4.2/disruptor-3.4.2.jar:/home/runner/.m2/repository/org/eclipse/jetty/jetty-servlet/9.4.43.v20210629/jetty-servlet-9.4.43.v20210629.jar:/home/runner/.m2/repository/org/eclipse/jetty/jetty-security/9.4.43.v20210629/jetty-security-9.4.43.v20210629.jar:/home/runner/.m2/repository/org/rocksdb/rocksdbjni/6.29.5/rocksdbjni-6.29.5.jar:/home/runner/.m2/repository/io/prometheus/simpleclient_dropwizard/0.7.0/simpleclient_dropwizard-0.7.0.jar:/home/runner/.m2/repository/io/prometheus/simpleclient/0.7.0/simpleclient-0.7.0.jar:/home/runner/.m2/repository/io/prometheus/simpleclient_common/0.7.0/simpleclient_common-0.7.0.jar:/home/runner/.m2/repository/io/dropwizard/metrics/metrics-core/3.2.4/metrics-core-3.2.4.jar:/home/runner/.m2/repository/org/apache/hadoop/hadoop-hdfs-client/3.3.1/hadoop-hdfs-client-3.3.1.jar:/home/runner/.m2/repository/org/bouncycastle/bcprov-jdk15on/1.67/bcprov-jdk15on-1.67.jar:/home/runner/.m2/repository/com/google/protobuf/protobuf-java/2.5.0/protobuf-java-2.5.0.jar:/home/runner/.m2/repository/org/apache/ozone/ozone-manager/1.3.0-SNAPSHOT/ozone-manager-1.3.0-SNAPSHOT.jar:/home/runner/.m2/repository/org/aspectj/aspectjrt/1.9.7/aspectjrt-1.9.7.jar:/home/runner/.m2/repository/org/aspectj/aspectjweaver/1.9.7/aspectjweaver-1.9.7.jar:/home/runner/.m2/repository/org/apache/ozone/hdds-interface-client/1.3.0-SNAPSHOT/hdds-interface-client-1.3.0-SNAPSHOT.jar:/home/runner/.m2/repository/org/apache/hadoop/thirdparty/hadoop-shaded-protobuf_3_7/1.1.1/hadoop-shaded-protobuf_3_7-1.1.1.jar:/home/runner/.m2/repository/org/apache/ozone/ozone-interface-storage/1.3.0-SNAPSHOT/ozone-interface-storage-1.3.0-SNAPSHOT.jar:/home/runner/.m2/repository/org/reflections/reflections/0.9.11/reflections-0.9.11.jar:/home/runner/.m2/repository/com/sun/jersey/jersey-client/1.19/jersey-client-1.19.jar:/home/runner/.m2/repository/org/apache/ranger/ranger-intg/2.3.0/ranger-intg-2.3.0.jar:/home/runner/.m2/repository/org/apache/ranger/ranger-plugins-common/2.3.0/ranger-plugins-common-2.3.0.jar:/home/runner/.m2/repository/commons-lang/commons-lang/2.6/commons-lang-2.6.jar:/home/runner/.m2/repository/org/codehaus/jackson/jackson-jaxrs/1.9.13/jackson-jaxrs-1.9.13.jar:/home/runner/.m2/repository/org/apache/ranger/ranger-plugins-cred/2.3.0/ranger-plugins-cred-2.3.0.jar:/home/runner/.m2/repository/org/apache/ranger/ranger-plugins-audit/2.3.0/ranger-plugins-audit-2.3.0.jar:/home/runner/.m2/repository/org/apache/kafka/kafka-clients/2.8.1/kafka-clients-2.8.1.jar:/home/runner/.m2/repository/com/github/luben/zstd-jni/1.4.9-1/zstd-jni-1.4.9-1.jar:/home/runner/.m2/repository/org/apache/solr/solr-solrj/8.6.3/solr-solrj-8.6.3.jar:/home/runner/.m2/repository/org/slf4j/jcl-over-slf4j/1.7.24/jcl-over-slf4j-1.7.24.jar:/home/runner/.m2/repository/org/eclipse/jetty/jetty-client/9.4.31.v20200723/jetty-client-9.4.31.v20200723.jar:/home/runner/.m2/repository/org/apache/httpcomponents/httpmime/4.5.6/httpmime-4.5.6.jar:/home/runner/.m2/repository/org/apache/httpcomponents/httpcore-nio/4.4.6/httpcore-nio-4.4.6.jar:/home/runner/.m2/repository/org/apache/httpcomponents/httpasyncclient/4.1.3/httpasyncclient-4.1.3.jar:/home/runner/.m2/repository/com/carrotsearch/hppc/0.8.0/hppc-0.8.0.jar:/home/runner/.m2/repository/org/apache/hive/hive-storage-api/2.7.2/hive-storage-api-2.7.2.jar:/home/runner/.m2/repository/org/apache/orc/orc-core/1.5.8/orc-core-1.5.8.jar:/home/runner/.m2/repository/com/amazonaws/aws-java-sdk-bundle/1.12.125/aws-java-sdk-bundle-1.12.125.jar:/home/runner/.m2/repository/net/java/dev/jna/jna/5.2.0/jna-5.2.0.jar:/home/runner/.m2/repository/net/java/dev/jna/jna-platform/5.2.0/jna-platform-5.2.0.jar:/home/runner/.m2/repository/com/kstruct/gethostname4j/0.0.2/gethostname4j-0.0.2.jar:/home/runner/.m2/repository/org/apache/ranger/ranger-plugin-classloader/2.3.0/ranger-plugin-classloader-2.3.0.jar:/home/runner/.m2/repository/org/apache/hadoop/hadoop-minikdc/3.3.1/hadoop-minikdc-3.3.1.jar:/home/runner/.m2/repository/org/apache/kerby/kerb-simplekdc/1.0.1/kerb-simplekdc-1.0.1.jar:/home/runner/.m2/repository/org/apache/kerby/kerb-client/1.0.1/kerb-client-1.0.1.jar:/home/runner/.m2/repository/org/apache/kerby/kerby-config/1.0.1/kerby-config-1.0.1.jar:/home/runner/.m2/repository/org/apache/kerby/kerb-common/1.0.1/kerb-common-1.0.1.jar:/home/runner/.m2/repository/org/apache/kerby/kerb-crypto/1.0.1/kerb-crypto-1.0.1.jar:/home/runner/.m2/repository/org/apache/kerby/kerb-util/1.0.1/kerb-util-1.0.1.jar:/home/runner/.m2/repository/org/apache/kerby/token-provider/1.0.1/token-provider-1.0.1.jar:/home/runner/.m2/repository/org/apache/kerby/kerb-admin/1.0.1/kerb-admin-1.0.1.jar:/home/runner/.m2/repository/org/apache/kerby/kerb-server/1.0.1/kerb-server-1.0.1.jar:/home/runner/.m2/repository/org/apache/kerby/kerb-identity/1.0.1/kerb-identity-1.0.1.jar:/home/runner/.m2/repository/org/apache/kerby/kerby-xdr/1.0.1/kerby-xdr-1.0.1.jar:/home/runner/.m2/repository/org/slf4j/slf4j-log4j12/1.7.30/slf4j-log4j12-1.7.30.jar:/home/runner/.m2/repository/org/apache/ozone/ozone-s3gateway/1.3.0-SNAPSHOT/ozone-s3gateway-1.3.0-SNAPSHOT.jar:/home/runner/.m2/repository/org/javassist/javassist/3.21.0-GA/javassist-3.21.0-GA.jar:/home/runner/.m2/repository/org/jboss/weld/servlet/weld-servlet/2.4.7.Final/weld-servlet-2.4.7.Final.jar:/home/runner/.m2/repository/org/glassfish/jersey/containers/jersey-container-servlet-core/2.33/jersey-container-servlet-core-2.33.jar:/home/runner/.m2/repository/org/glassfish/hk2/external/jakarta.inject/2.6.1/jakarta.inject-2.6.1.jar:/home/runner/.m2/repository/org/glassfish/jersey/core/jersey-common/2.33/jersey-common-2.33.jar:/home/runner/.m2/repository/jakarta/ws/rs/jakarta.ws.rs-api/2.1.6/jakarta.ws.rs-api-2.1.6.jar:/home/runner/.m2/repository/org/glassfish/jersey/ext/cdi/jersey-cdi1x/2.33/jersey-cdi1x-2.33.jar:/home/runner/.m2/repository/org/glassfish/jersey/inject/jersey-hk2/2.33/jersey-hk2-2.33.jar:/home/runner/.m2/repository/org/glassfish/hk2/hk2-locator/2.6.1/hk2-locator-2.6.1.jar:/home/runner/.m2/repository/org/glassfish/jersey/media/jersey-media-jaxb/2.33/jersey-media-jaxb-2.33.jar:/home/runner/.m2/repository/org/glassfish/hk2/osgi-resource-locator/1.0.3/osgi-resource-locator-1.0.3.jar:/home/runner/.m2/repository/org/glassfish/hk2/hk2-api/2.5.0/hk2-api-2.5.0.jar:/home/runner/.m2/repository/org/glassfish/hk2/hk2-utils/2.5.0/hk2-utils-2.5.0.jar:/home/runner/.m2/repository/org/glassfish/hk2/external/aopalliance-repackaged/2.5.0/aopalliance-repackaged-2.5.0.jar:/home/runner/.m2/repository/com/fasterxml/jackson/dataformat/jackson-dataformat-xml/2.13.2/jackson-dataformat-xml-2.13.2.jar:/home/runner/.m2/repository/com/fasterxml/jackson/core/jackson-core/2.13.2/jackson-core-2.13.2.jar:/home/runner/.m2/repository/org/codehaus/woodstox/stax2-api/3.1.4/stax2-api-3.1.4.jar:/home/runner/.m2/repository/com/fasterxml/woodstox/woodstox-core/5.0.3/woodstox-core-5.0.3.jar:/home/runner/.m2/repository/com/fasterxml/jackson/module/jackson-module-jaxb-annotations/2.13.2/jackson-module-jaxb-annotations-2.13.2.jar:/home/runner/.m2/repository/jakarta/xml/bind/jakarta.xml.bind-api/2.3.3/jakarta.xml.bind-api-2.3.3.jar:/home/runner/.m2/repository/jakarta/activation/jakarta.activation-api/1.2.1/jakarta.activation-api-1.2.1.jar:/home/runner/.m2/repository/javax/enterprise/cdi-api/1.2/cdi-api-1.2.jar:/home/runner/.m2/repository/javax/el/javax.el-api/3.0.0/javax.el-api-3.0.0.jar:/home/runner/.m2/repository/javax/interceptor/javax.interceptor-api/1.2/javax.interceptor-api-1.2.jar:/home/runner/.m2/repository/javax/inject/javax.inject/1/javax.inject-1.jar:/home/runner/.m2/repository/javax/xml/bind/jaxb-api/2.3.0/jaxb-api-2.3.0.jar:/home/runner/.m2/repository/org/glassfish/jaxb/jaxb-runtime/2.3.0.1/jaxb-runtime-2.3.0.1.jar:/home/runner/.m2/repository/org/glassfish/jaxb/jaxb-core/2.3.0.1/jaxb-core-2.3.0.1.jar:/home/runner/.m2/repository/org/glassfish/jaxb/txw2/2.3.0.1/txw2-2.3.0.1.jar:/home/runner/.m2/repository/com/sun/istack/istack-commons-runtime/3.0.5/istack-commons-runtime-3.0.5.jar:/home/runner/.m2/repository/org/jvnet/staxex/stax-ex/1.7.8/stax-ex-1.7.8.jar:/home/runner/.m2/repository/com/sun/xml/fastinfoset/FastInfoset/1.2.13/FastInfoset-1.2.13.jar:/home/runner/.m2/repository/javax/activation/activation/1.1.1/activation-1.1.1.jar:/home/runner/.m2/repository/io/grpc/grpc-protobuf/1.48.1/grpc-protobuf-1.48.1.jar:/home/runner/.m2/repository/io/grpc/grpc-api/1.48.1/grpc-api-1.48.1.jar:/home/runner/.m2/repository/io/grpc/grpc-context/1.48.1/grpc-context-1.48.1.jar:/home/runner/.m2/repository/com/google/api/grpc/proto-google-common-protos/2.9.0/proto-google-common-protos-2.9.0.jar:/home/runner/.m2/repository/io/grpc/grpc-protobuf-lite/1.48.1/grpc-protobuf-lite-1.48.1.jar:/home/runner/.m2/repository/io/grpc/grpc-stub/1.48.1/grpc-stub-1.48.1.jar:/home/runner/.m2/repository/io/netty/netty-transport/4.1.79.Final/netty-transport-4.1.79.Final.jar:/home/runner/.m2/repository/io/netty/netty-resolver/4.1.79.Final/netty-resolver-4.1.79.Final.jar:/home/runner/.m2/repository/org/apache/ozone/ozone-csi/1.3.0-SNAPSHOT/ozone-csi-1.3.0-SNAPSHOT.jar:/home/runner/.m2/repository/com/google/protobuf/protobuf-java-util/3.19.2/protobuf-java-util-3.19.2.jar:/home/runner/.m2/repository/com/google/code/gson/gson/2.9.0/gson-2.9.0.jar:/home/runner/.m2/repository/org/apache/ozone/hdds-config/1.3.0-SNAPSHOT/hdds-config-1.3.0-SNAPSHOT.jar:/home/runner/.m2/repository/io/netty/netty-transport-native-epoll/4.1.79.Final/netty-transport-native-epoll-4.1.79.Final-linux-x86_64.jar:/home/runner/.m2/repository/io/netty/netty-transport-classes-epoll/4.1.79.Final/netty-transport-classes-epoll-4.1.79.Final.jar:/home/runner/.m2/repository/io/netty/netty-transport-native-unix-common/4.1.79.Final/netty-transport-native-unix-common-4.1.79.Final.jar:/home/runner/.m2/repository/org/apache/ozone/ozone-recon/1.3.0-SNAPSHOT/ozone-recon-1.3.0-SNAPSHOT.jar:/home/runner/.m2/repository/org/apache/ozone/ozone-reconcodegen/1.3.0-SNAPSHOT/ozone-reconcodegen-1.3.0-SNAPSHOT.jar:/home/runner/.m2/repository/com/google/inject/extensions/guice-multibindings/4.0/guice-multibindings-4.0.jar:/home/runner/.m2/repository/com/google/inject/guice/4.0/guice-4.0.jar:/home/runner/.m2/repository/aopalliance/aopalliance/1.0/aopalliance-1.0.jar:/home/runner/.m2/repository/com/google/inject/extensions/guice-assistedinject/4.0/guice-assistedinject-4.0.jar:/home/runner/.m2/repository/com/google/inject/extensions/guice-servlet/4.0/guice-servlet-4.0.jar:/home/runner/.m2/repository/org/glassfish/jersey/containers/jersey-container-servlet/2.33/jersey-container-servlet-2.33.jar:/home/runner/.m2/repository/org/glassfish/hk2/guice-bridge/2.5.0/guice-bridge-2.5.0.jar:/home/runner/.m2/repository/org/glassfish/jersey/core/jersey-server/2.33/jersey-server-2.33.jar:/home/runner/.m2/repository/org/glassfish/jersey/core/jersey-client/2.33/jersey-client-2.33.jar:/home/runner/.m2/repository/jakarta/annotation/jakarta.annotation-api/1.3.5/jakarta.annotation-api-1.3.5.jar:/home/runner/.m2/repository/jakarta/validation/jakarta.validation-api/2.0.2/jakarta.validation-api-2.0.2.jar:/home/runner/.m2/repository/org/glassfish/jersey/media/jersey-media-json-jackson/2.33/jersey-media-json-jackson-2.33.jar:/home/runner/.m2/repository/org/glassfish/jersey/ext/jersey-entity-filtering/2.33/jersey-entity-filtering-2.33.jar:/home/runner/.m2/repository/org/jooq/jooq/3.11.10/jooq-3.11.10.jar:/home/runner/.m2/repository/org/jooq/jooq-meta/3.11.10/jooq-meta-3.11.10.jar:/home/runner/.m2/repository/org/jooq/jooq-codegen/3.11.10/jooq-codegen-3.11.10.jar:/home/runner/.m2/repository/com/jolbox/bonecp/0.8.0.RELEASE/bonecp-0.8.0.RELEASE.jar:/home/runner/.m2/repository/org/apache/derby/derby/10.14.2.0/derby-10.14.2.0.jar:/home/runner/.m2/repository/org/xerial/sqlite-jdbc/3.25.2/sqlite-jdbc-3.25.2.jar:/home/runner/.m2/repository/org/springframework/spring-jdbc/5.2.20.RELEASE/spring-jdbc-5.2.20.RELEASE.jar:/home/runner/.m2/repository/org/springframework/spring-beans/5.2.20.RELEASE/spring-beans-5.2.20.RELEASE.jar:/home/runner/.m2/repository/org/springframework/spring-core/5.2.20.RELEASE/spring-core-5.2.20.RELEASE.jar:/home/runner/.m2/repository/org/springframework/spring-jcl/5.2.20.RELEASE/spring-jcl-5.2.20.RELEASE.jar:/home/runner/.m2/repository/org/springframework/spring-tx/5.2.20.RELEASE/spring-tx-5.2.20.RELEASE.jar:/home/runner/.m2/repository/org/apache/ozone/ozone-client/1.3.0-SNAPSHOT/ozone-client-1.3.0-SNAPSHOT.jar:/home/runner/.m2/repository/org/apache/ozone/hdds-erasurecode/1.3.0-SNAPSHOT/hdds-erasurecode-1.3.0-SNAPSHOT.jar:/home/runner/.m2/repository/com/github/spotbugs/spotbugs-annotations/3.1.12/spotbugs-annotations-3.1.12.jar:/home/runner/.m2/repository/org/apache/ozone/ozone-filesystem/1.3.0-SNAPSHOT/ozone-filesystem-1.3.0-SNAPSHOT.jar:/home/runner/.m2/repository/org/apache/ozone/ozone-filesystem-common/1.3.0-SNAPSHOT/ozone-filesystem-common-1.3.0-SNAPSHOT.jar:/home/runner/.m2/repository/org/apache/ozone/ozone-tools/1.3.0-SNAPSHOT/ozone-tools-1.3.0-SNAPSHOT.jar:/home/runner/.m2/repository/org/apache/ratis/ratis-tools/2.3.0/ratis-tools-2.3.0.jar:/home/runner/.m2/repository/com/amazonaws/aws-java-sdk-core/1.12.261/aws-java-sdk-core-1.12.261.jar:/home/runner/.m2/repository/org/apache/httpcomponents/httpclient/4.5.13/httpclient-4.5.13.jar:/home/runner/.m2/repository/org/apache/httpcomponents/httpcore/4.4.13/httpcore-4.4.13.jar:/home/runner/.m2/repository/software/amazon/ion/ion-java/1.0.2/ion-java-1.0.2.jar:/home/runner/.m2/repository/com/fasterxml/jackson/dataformat/jackson-dataformat-cbor/2.13.2/jackson-dataformat-cbor-2.13.2.jar:/home/runner/.m2/repository/joda-time/joda-time/2.8.1/joda-time-2.8.1.jar:/home/runner/.m2/repository/com/amazonaws/aws-java-sdk-s3/1.12.261/aws-java-sdk-s3-1.12.261.jar:/home/runner/.m2/repository/com/amazonaws/aws-java-sdk-kms/1.12.261/aws-java-sdk-kms-1.12.261.jar:/home/runner/.m2/repository/com/amazonaws/jmespath-java/1.12.261/jmespath-java-1.12.261.jar:/home/runner/.m2/repository/org/kohsuke/metainf-services/metainf-services/1.8/metainf-services-1.8.jar:/home/runner/.m2/repository/org/apache/ozone/hdds-tools/1.3.0-SNAPSHOT/hdds-tools-1.3.0-SNAPSHOT.jar:/home/runner/.m2/repository/commons-cli/commons-cli/1.2/commons-cli-1.2.jar:/home/runner/.m2/repository/org/apache/commons/commons-lang3/3.7/commons-lang3-3.7.jar:/home/runner/.m2/repository/org/apache/ozone/ozone-manager/1.3.0-SNAPSHOT/ozone-manager-1.3.0-SNAPSHOT-tests.jar:/home/runner/.m2/repository/org/apache/ozone/hdds-common/1.3.0-SNAPSHOT/hdds-common-1.3.0-SNAPSHOT-tests.jar:/home/runner/.m2/repository/org/apache/ozone/hdds-hadoop-dependency-client/1.3.0-SNAPSHOT/hdds-hadoop-dependency-client-1.3.0-SNAPSHOT.jar:/home/runner/.m2/repository/info/picocli/picocli/4.6.1/picocli-4.6.1.jar:/home/runner/.m2/repository/com/fasterxml/jackson/core/jackson-annotations/2.13.2/jackson-annotations-2.13.2.jar:/home/runner/.m2/repository/com/fasterxml/jackson/datatype/jackson-datatype-jsr310/2.13.2/jackson-datatype-jsr310-2.13.2.jar:/home/runner/.m2/repository/javax/annotation/javax.annotation-api/1.2/javax.annotation-api-1.2.jar:/home/runner/.m2/repository/org/apache/ratis/ratis-server/2.3.0/ratis-server-2.3.0.jar:/home/runner/.m2/repository/org/apache/ratis/ratis-client/2.3.0/ratis-client-2.3.0.jar:/home/runner/.m2/repository/org/apache/ratis/ratis-server-api/2.3.0/ratis-server-api-2.3.0.jar:/home/runner/.m2/repository/org/apache/ratis/ratis-metrics/2.3.0/ratis-metrics-2.3.0.jar:/home/runner/.m2/repository/org/apache/ratis/ratis-netty/2.3.0/ratis-netty-2.3.0.jar:/home/runner/.m2/repository/org/apache/ratis/ratis-grpc/2.3.0/ratis-grpc-2.3.0.jar:/home/runner/.m2/repository/org/apache/logging/log4j/log4j-api/2.17.1/log4j-api-2.17.1.jar:/home/runner/.m2/repository/org/apache/commons/commons-pool2/2.6.0/commons-pool2-2.6.0.jar:/home/runner/.m2/repository/org/bouncycastle/bcpkix-jdk15on/1.67/bcpkix-jdk15on-1.67.jar:/home/runner/.m2/repository/commons-validator/commons-validator/1.6/commons-validator-1.6.jar:/home/runner/.m2/repository/commons-beanutils/commons-beanutils/1.9.4/commons-beanutils-1.9.4.jar:/home/runner/.m2/repository/commons-digester/commons-digester/1.8.1/commons-digester-1.8.1.jar:/home/runner/.m2/repository/commons-collections/commons-collections/3.2.2/commons-collections-3.2.2.jar:/home/runner/.m2/repository/io/jaegertracing/jaeger-client/1.6.0/jaeger-client-1.6.0.jar:/home/runner/.m2/repository/io/jaegertracing/jaeger-thrift/1.6.0/jaeger-thrift-1.6.0.jar:/home/runner/.m2/repository/org/apache/thrift/libthrift/0.14.1/libthrift-0.14.1.jar:/home/runner/.m2/repository/com/squareup/okhttp3/okhttp/4.9.0/okhttp-4.9.0.jar:/home/runner/.m2/repository/com/squareup/okio/okio/2.8.0/okio-2.8.0.jar:/home/runner/.m2/repository/io/jaegertracing/jaeger-core/1.6.0/jaeger-core-1.6.0.jar:/home/runner/.m2/repository/io/jaegertracing/jaeger-tracerresolver/1.6.0/jaeger-tracerresolver-1.6.0.jar:/home/runner/.m2/repository/io/opentracing/contrib/opentracing-tracerresolver/0.1.8/opentracing-tracerresolver-0.1.8.jar:/home/runner/.m2/repository/org/jetbrains/kotlin/kotlin-stdlib/1.6.21/kotlin-stdlib-1.6.21.jar:/home/runner/.m2/repository/org/jetbrains/kotlin/kotlin-stdlib-common/1.6.21/kotlin-stdlib-common-1.6.21.jar:/home/runner/.m2/repository/org/jetbrains/annotations/13.0/annotations-13.0.jar:/home/runner/.m2/repository/io/opentracing/opentracing-util/0.33.0/opentracing-util-0.33.0.jar:/home/runner/.m2/repository/io/opentracing/opentracing-api/0.33.0/opentracing-api-0.33.0.jar:/home/runner/.m2/repository/io/opentracing/opentracing-noop/0.33.0/opentracing-noop-0.33.0.jar:/home/runner/.m2/repository/org/yaml/snakeyaml/1.26/snakeyaml-1.26.jar:/home/runner/.m2/repository/org/apache/ozone/hdds-interface-admin/1.3.0-SNAPSHOT/hdds-interface-admin-1.3.0-SNAPSHOT.jar:/home/runner/.m2/repository/junit/junit/4.13.1/junit-4.13.1.jar:/home/runner/.m2/repository/org/hamcrest/hamcrest-core/1.3/hamcrest-core-1.3.jar:/home/runner/.m2/repository/org/junit/jupiter/junit-jupiter-api/5.8.2/junit-jupiter-api-5.8.2.jar:/home/runner/.m2/repository/org/opentest4j/opentest4j/1.2.0/opentest4j-1.2.0.jar:/home/runner/.m2/repository/org/junit/platform/junit-platform-commons/1.8.2/junit-platform-commons-1.8.2.jar:/home/runner/.m2/repository/org/apiguardian/apiguardian-api/1.1.2/apiguardian-api-1.1.2.jar:/home/runner/.m2/repository/org/junit/jupiter/junit-jupiter-params/5.8.2/junit-jupiter-params-5.8.2.jar:/home/runner/.m2/repository/org/junit/jupiter/junit-jupiter-migrationsupport/5.8.2/junit-jupiter-migrationsupport-5.8.2.jar:/home/runner/.m2/repository/org/junit/jupiter/junit-jupiter-engine/5.8.2/junit-jupiter-engine-5.8.2.jar:/home/runner/.m2/repository/org/junit/platform/junit-platform-engine/1.8.2/junit-platform-engine-1.8.2.jar:/home/runner/.m2/repository/org/junit/vintage/junit-vintage-engine/5.8.2/junit-vintage-engine-5.8.2.jar:/home/runner/.m2/repository/org/junit/platform/junit-platform-launcher/1.8.2/junit-platform-launcher-1.8.2.jar:/home/runner/.m2/repository/org/mockito/mockito-core/2.28.2/mockito-core-2.28.2.jar:/home/runner/.m2/repository/net/bytebuddy/byte-buddy/1.9.10/byte-buddy-1.9.10.jar:/home/runner/.m2/repository/net/bytebuddy/byte-buddy-agent/1.9.10/byte-buddy-agent-1.9.10.jar:/home/runner/.m2/repository/org/objenesis/objenesis/1.0/objenesis-1.0.jar:/home/runner/.m2/repository/org/apache/hadoop/hadoop-kms/3.3.1/hadoop-kms-3.3.1.jar:/home/runner/.m2/repository/org/apache/hadoop/hadoop-auth/3.3.1/hadoop-auth-3.3.1.jar:/home/runner/.m2/repository/com/nimbusds/nimbus-jose-jwt/7.9/nimbus-jose-jwt-7.9.jar:/home/runner/.m2/repository/com/github/stephenc/jcip/jcip-annotations/1.0-1/jcip-annotations-1.0-1.jar:/home/runner/.m2/repository/net/minidev/json-smart/2.4.7/json-smart-2.4.7.jar:/home/runner/.m2/repository/net/minidev/accessors-smart/2.4.7/accessors-smart-2.4.7.jar:/home/runner/.m2/repository/org/ow2/asm/asm/5.0.4/asm-5.0.4.jar:/home/runner/.m2/repository/org/apache/zookeeper/zookeeper/3.5.6/zookeeper-3.5.6.jar:/home/runner/.m2/repository/org/apache/zookeeper/zookeeper-jute/3.5.6/zookeeper-jute-3.5.6.jar:/home/runner/.m2/repository/org/apache/yetus/audience-annotations/0.5.0/audience-annotations-0.5.0.jar:/home/runner/.m2/repository/org/apache/curator/curator-framework/4.2.0/curator-framework-4.2.0.jar:/home/runner/.m2/repository/org/apache/hadoop/thirdparty/hadoop-shaded-guava/1.1.1/hadoop-shaded-guava-1.1.1.jar:/home/runner/.m2/repository/com/sun/jersey/jersey-core/1.19/jersey-core-1.19.jar:/home/runner/.m2/repository/javax/ws/rs/jsr311-api/1.1.1/jsr311-api-1.1.1.jar:/home/runner/.m2/repository/com/sun/jersey/jersey-server/1.19/jersey-server-1.19.jar:/home/runner/.m2/repository/javax/servlet/javax.servlet-api/3.1.0/javax.servlet-api-3.1.0.jar:/home/runner/.m2/repository/org/eclipse/jetty/jetty-server/9.4.43.v20210629/jetty-server-9.4.43.v20210629.jar:/home/runner/.m2/repository/org/eclipse/jetty/jetty-http/9.4.43.v20210629/jetty-http-9.4.43.v20210629.jar:/home/runner/.m2/repository/org/eclipse/jetty/jetty-io/9.4.43.v20210629/jetty-io-9.4.43.v20210629.jar:/home/runner/.m2/repository/org/eclipse/jetty/jetty-webapp/9.4.43.v20210629/jetty-webapp-9.4.43.v20210629.jar:/home/runner/.m2/repository/org/eclipse/jetty/jetty-xml/9.4.43.v20210629/jetty-xml-9.4.43.v20210629.jar:/home/runner/.m2/repository/org/apache/hadoop/hadoop-common/3.3.1/hadoop-common-3.3.1.jar:/home/runner/.m2/repository/org/apache/commons/commons-math3/3.1.1/commons-math3-3.1.1.jar:/home/runner/.m2/repository/commons-net/commons-net/3.6/commons-net-3.6.jar:/home/runner/.m2/repository/com/sun/jersey/jersey-servlet/1.19/jersey-servlet-1.19.jar:/home/runner/.m2/repository/com/sun/jersey/jersey-json/1.19/jersey-json-1.19.jar:/home/runner/.m2/repository/org/codehaus/jettison/jettison/1.1/jettison-1.1.jar:/home/runner/.m2/repository/com/sun/xml/bind/jaxb-impl/2.2.3-1/jaxb-impl-2.2.3-1.jar:/home/runner/.m2/repository/org/codehaus/jackson/jackson-xc/1.9.2/jackson-xc-1.9.2.jar:/home/runner/.m2/repository/org/apache/commons/commons-configuration2/2.1.1/commons-configuration2-2.1.1.jar:/home/runner/.m2/repository/org/apache/commons/commons-text/1.4/commons-text-1.4.jar:/home/runner/.m2/repository/com/google/re2j/re2j/1.1/re2j-1.1.jar:/home/runner/.m2/repository/com/jcraft/jsch/0.1.54/jsch-0.1.54.jar:/home/runner/.m2/repository/org/apache/curator/curator-client/4.2.0/curator-client-4.2.0.jar:/home/runner/.m2/repository/org/apache/curator/curator-recipes/4.2.0/curator-recipes-4.2.0.jar:/home/runner/.m2/repository/org/apache/kerby/kerb-core/1.0.1/kerb-core-1.0.1.jar:/home/runner/.m2/repository/org/apache/kerby/kerby-pkix/1.0.1/kerby-pkix-1.0.1.jar:/home/runner/.m2/repository/org/apache/kerby/kerby-asn1/1.0.1/kerby-asn1-1.0.1.jar:/home/runner/.m2/repository/org/apache/kerby/kerby-util/1.0.1/kerby-util-1.0.1.jar:/home/runner/.m2/repository/dnsjava/dnsjava/2.1.7/dnsjava-2.1.7.jar:/home/runner/.m2/repository/org/xerial/snappy/snappy-java/1.1.8.2/snappy-java-1.1.8.2.jar:/home/runner/.m2/repository/org/slf4j/jul-to-slf4j/1.7.30/jul-to-slf4j-1.7.30.jar:/home/runner/.m2/repository/org/eclipse/jetty/jetty-util/9.4.43.v20210629/jetty-util-9.4.43.v20210629.jar:/home/runner/.m2/repository/com/fasterxml/jackson/core/jackson-databind/2.13.2.2/jackson-databind-2.13.2.2.jar:/home/runner/.m2/repository/org/apache/hadoop/hadoop-kms/3.3.1/hadoop-kms-3.3.1-tests.jar:/home/runner/.m2/repository/org/apache/ozone/hdds-server-scm/1.3.0-SNAPSHOT/hdds-server-scm-1.3.0-SNAPSHOT-tests.jar:/home/runner/.m2/repository/org/apache/ozone/hdds-container-service/1.3.0-SNAPSHOT/hdds-container-service-1.3.0-SNAPSHOT-tests.jar:/home/runner/.m2/repository/commons-codec/commons-codec/1.11/commons-codec-1.11.jar:/home/runner/.m2/repository/io/netty/netty-codec/4.1.79.Final/netty-codec-4.1.79.Final.jar:/home/runner/.m2/repository/io/netty/netty-handler/4.1.79.Final/netty-handler-4.1.79.Final.jar:/home/runner/.m2/repository/org/apache/ozone/hdds-hadoop-dependency-test/1.3.0-SNAPSHOT/hdds-hadoop-dependency-test-1.3.0-SNAPSHOT.jar:/home/runner/.m2/repository/org/apache/hadoop/hadoop-common/3.3.1/hadoop-common-3.3.1-tests.jar:/home/runner/.m2/repository/org/assertj/assertj-core/3.12.2/assertj-core-3.12.2.jar:/home/runner/.m2/repository/org/apache/hadoop/hadoop-hdfs/3.3.1/hadoop-hdfs-3.3.1-tests.jar:/home/runner/.m2/repository/org/eclipse/jetty/jetty-util-ajax/9.4.43.v20210629/jetty-util-ajax-9.4.43.v20210629.jar:/home/runner/.m2/repository/commons-daemon/commons-daemon/1.0.13/commons-daemon-1.0.13.jar:/home/runner/.m2/repository/io/netty/netty/3.10.6.Final/netty-3.10.6.Final.jar:/home/runner/.m2/repository/io/netty/netty-all/4.1.79.Final/netty-all-4.1.79.Final.jar:/home/runner/.m2/repository/io/netty/netty-codec-dns/4.1.79.Final/netty-codec-dns-4.1.79.Final.jar:/home/runner/.m2/repository/io/netty/netty-codec-haproxy/4.1.79.Final/netty-codec-haproxy-4.1.79.Final.jar:/home/runner/.m2/repository/io/netty/netty-codec-memcache/4.1.79.Final/netty-codec-memcache-4.1.79.Final.jar:/home/runner/.m2/repository/io/netty/netty-codec-mqtt/4.1.79.Final/netty-codec-mqtt-4.1.79.Final.jar:/home/runner/.m2/repository/io/netty/netty-codec-redis/4.1.79.Final/netty-codec-redis-4.1.79.Final.jar:/home/runner/.m2/repository/io/netty/netty-codec-smtp/4.1.79.Final/netty-codec-smtp-4.1.79.Final.jar:/home/runner/.m2/repository/io/netty/netty-codec-stomp/4.1.79.Final/netty-codec-stomp-4.1.79.Final.jar:/home/runner/.m2/repository/io/netty/netty-codec-xml/4.1.79.Final/netty-codec-xml-4.1.79.Final.jar:/home/runner/.m2/repository/io/netty/netty-resolver-dns/4.1.79.Final/netty-resolver-dns-4.1.79.Final.jar:/home/runner/.m2/repository/io/netty/netty-transport-rxtx/4.1.79.Final/netty-transport-rxtx-4.1.79.Final.jar:/home/runner/.m2/repository/io/netty/netty-transport-sctp/4.1.79.Final/netty-transport-sctp-4.1.79.Final.jar:/home/runner/.m2/repository/io/netty/netty-transport-udt/4.1.79.Final/netty-transport-udt-4.1.79.Final.jar:/home/runner/.m2/repository/io/netty/netty-transport-classes-kqueue/4.1.79.Final/netty-transport-classes-kqueue-4.1.79.Final.jar:/home/runner/.m2/repository/io/netty/netty-resolver-dns-classes-macos/4.1.79.Final/netty-resolver-dns-classes-macos-4.1.79.Final.jar:/home/runner/.m2/repository/io/netty/netty-transport-native-epoll/4.1.79.Final/netty-transport-native-epoll-4.1.79.Final-linux-aarch_64.jar:/home/runner/.m2/repository/io/netty/netty-transport-native-kqueue/4.1.79.Final/netty-transport-native-kqueue-4.1.79.Final-osx-x86_64.jar:/home/runner/.m2/repository/io/netty/netty-transport-native-kqueue/4.1.79.Final/netty-transport-native-kqueue-4.1.79.Final-osx-aarch_64.jar:/home/runner/.m2/repository/io/netty/netty-resolver-dns-native-macos/4.1.79.Final/netty-resolver-dns-native-macos-4.1.79.Final-osx-x86_64.jar:/home/runner/.m2/repository/io/netty/netty-resolver-dns-native-macos/4.1.79.Final/netty-resolver-dns-native-macos-4.1.79.Final-osx-aarch_64.jar:/home/runner/.m2/repository/org/apache/htrace/htrace-core4/4.1.0-incubating/htrace-core4-4.1.0-incubating.jar:/home/runner/.m2/repository/org/fusesource/leveldbjni/leveldbjni-all/1.8/leveldbjni-all-1.8.jar:/home/runner/.m2/repository/org/apache/hadoop/hadoop-distcp/3.3.1/hadoop-distcp-3.3.1.jar:/home/runner/.m2/repository/org/apache/hadoop/hadoop-mapreduce-client-jobclient/3.3.1/hadoop-mapreduce-client-jobclient-3.3.1.jar:/home/runner/.m2/repository/org/apache/hadoop/hadoop-mapreduce-client-common/3.3.1/hadoop-mapreduce-client-common-3.3.1.jar:/home/runner/.m2/repository/org/apache/hadoop/hadoop-yarn-common/3.3.1/hadoop-yarn-common-3.3.1.jar:/home/runner/.m2/repository/org/apache/hadoop/hadoop-yarn-api/3.3.1/hadoop-yarn-api-3.3.1.jar:/home/runner/.m2/repository/com/sun/jersey/contribs/jersey-guice/1.19/jersey-guice-1.19.jar:/home/runner/.m2/repository/com/fasterxml/jackson/jaxrs/jackson-jaxrs-json-provider/2.13.2/jackson-jaxrs-json-provider-2.13.2.jar:/home/runner/.m2/repository/com/fasterxml/jackson/jaxrs/jackson-jaxrs-base/2.13.2/jackson-jaxrs-base-2.13.2.jar:/home/runner/.m2/repository/org/apache/hadoop/hadoop-yarn-client/3.3.1/hadoop-yarn-client-3.3.1.jar:/home/runner/.m2/repository/org/eclipse/jetty/websocket/websocket-client/9.4.40.v20210413/websocket-client-9.4.40.v20210413.jar:/home/runner/.m2/repository/org/eclipse/jetty/websocket/websocket-common/9.4.40.v20210413/websocket-common-9.4.40.v20210413.jar:/home/runner/.m2/repository/org/eclipse/jetty/websocket/websocket-api/9.4.40.v20210413/websocket-api-9.4.40.v20210413.jar:/home/runner/.m2/repository/org/jline/jline/3.9.0/jline-3.9.0.jar:/home/runner/.m2/repository/org/apache/hadoop/hadoop-mapreduce-client-core/3.3.1/hadoop-mapreduce-client-core-3.3.1.jar:/home/runner/.m2/repository/org/apache/avro/avro/1.7.7/avro-1.7.7.jar:/home/runner/.m2/repository/org/codehaus/jackson/jackson-core-asl/1.9.13/jackson-core-asl-1.9.13.jar:/home/runner/.m2/repository/org/codehaus/jackson/jackson-mapper-asl/1.9.13/jackson-mapper-asl-1.9.13.jar:/home/runner/.m2/repository/com/thoughtworks/paranamer/paranamer/2.3/paranamer-2.3.jar:/home/runner/.m2/repository/org/apache/hadoop/hadoop-annotations/3.3.1/hadoop-annotations-3.3.1.jar:/usr/lib/jvm/temurin-8-jdk-amd64/jre/../lib/tools.jar:/home/runner/.m2/repository/org/apache/hadoop/hadoop-distcp/3.3.1/hadoop-distcp-3.3.1-tests.jar:/home/runner/.m2/repository/org/apache/ratis/ratis-common/2.3.0/ratis-common-2.3.0.jar:/home/runner/.m2/repository/org/apache/ratis/ratis-thirdparty-misc/1.0.0/ratis-thirdparty-misc-1.0.0.jar:/home/runner/.m2/repository/org/apache/ratis/ratis-proto/2.3.0/ratis-proto-2.3.0.jar:/home/runner/.m2/repository/org/apache/ozone/ozone-annotation-processing/1.3.0-SNAPSHOT/ozone-annotation-processing-1.3.0-SNAPSHOT.jar:"/>
    <property name="sun.cpu.endian" value="little"/>
    <property name="user.home" value="/home/runner"/>
    <property name="user.language" value="en"/>
    <property name="java.specification.vendor" value="Oracle Corporation"/>
    <property name="java.home" value="/usr/lib/jvm/temurin-8-jdk-amd64/jre"/>
    <property name="java.security.krb5.conf" value="/home/runner/work/ozone/ozone/hadoop-ozone/integration-test/target/test-classes/krb5.conf"/>
    <property name="basedir" value="/home/runner/work/ozone/ozone/hadoop-ozone/integration-test"/>
    <property name="file.separator" value="/"/>
    <property name="line.separator" value="&#10;"/>
    <property name="java.vm.specification.vendor" value="Oracle Corporation"/>
    <property name="java.specification.name" value="Java Platform API Specification"/>
    <property name="java.awt.graphicsenv" value="sun.awt.X11GraphicsEnvironment"/>
    <property name="skip.installnpx" value="true"/>
    <property name="surefire.real.class.path" value="/home/runner/work/ozone/ozone/hadoop-ozone/integration-test/target/surefire/surefirebooter1428852821598380104.jar:/home/runner/.m2/repository/org/jacoco/org.jacoco.agent/0.8.5/org.jacoco.agent-0.8.5-runtime.jar"/>
    <property name="hadoop.log.dir" value="/home/runner/work/ozone/ozone/hadoop-ozone/integration-test/target/log"/>
    <property name="sun.boot.class.path" value="/usr/lib/jvm/temurin-8-jdk-amd64/jre/lib/resources.jar:/usr/lib/jvm/temurin-8-jdk-amd64/jre/lib/rt.jar:/usr/lib/jvm/temurin-8-jdk-amd64/jre/lib/sunrsasign.jar:/usr/lib/jvm/temurin-8-jdk-amd64/jre/lib/jsse.jar:/usr/lib/jvm/temurin-8-jdk-amd64/jre/lib/jce.jar:/usr/lib/jvm/temurin-8-jdk-amd64/jre/lib/charsets.jar:/usr/lib/jvm/temurin-8-jdk-amd64/jre/lib/jfr.jar:/usr/lib/jvm/temurin-8-jdk-amd64/jre/classes"/>
    <property name="sun.management.compiler" value="HotSpot 64-Bit Tiered Compilers"/>
    <property name="skip.npx" value="true"/>
    <property name="java.runtime.version" value="1.8.0_332-b09"/>
    <property name="java.net.preferIPv4Stack" value="true"/>
    <property name="user.name" value="runner"/>
    <property name="path.separator" value=":"/>
    <property name="java.security.egd" value="file:///dev/urandom"/>
    <property name="os.version" value="5.4.0-1086-azure"/>
    <property name="java.endorsed.dirs" value="/usr/lib/jvm/temurin-8-jdk-amd64/jre/lib/endorsed"/>
    <property name="java.runtime.name" value="OpenJDK Runtime Environment"/>
    <property name="file.encoding" value="UTF-8"/>
    <property name="java.vm.name" value="OpenJDK 64-Bit Server VM"/>
    <property name="test.build.webapps" value=""/>
    <property name="localRepository" value="/home/runner/.m2/repository"/>
    <property name="jetty.git.hash" value="526006ecfa3af7f1a27ef3a288e2bef7ea9dd7e8"/>
    <property name="java.vendor.url.bug" value="https://github.com/adoptium/adoptium-support/issues"/>
    <property name="java.io.tmpdir" value="/tmp"/>
    <property name="require.test.libhadoop" value=""/>
    <property name="java.version" value="1.8.0_332"/>
    <property name="user.dir" value="/home/runner/work/ozone/ozone/hadoop-ozone/integration-test"/>
    <property name="os.arch" value="amd64"/>
    <property name="java.vm.specification.name" value="Java Virtual Machine Specification"/>
    <property name="test.build.classes" value="/home/runner/work/ozone/ozone/hadoop-ozone/integration-test/target/test-classes"/>
    <property name="java.awt.printerjob" value="sun.print.PSPrinterJob"/>
    <property name="sun.os.patch.level" value="unknown"/>
    <property name="hadoop.tmp.dir" value="/home/runner/work/ozone/ozone/hadoop-ozone/integration-test/target/tmp"/>
    <property name="java.library.path" value="/usr/java/packages/lib/amd64:/usr/lib64:/lib64:/lib:/usr/lib"/>
    <property name="java.vm.info" value="mixed mode"/>
    <property name="java.vendor" value="Temurin"/>
    <property name="java.vm.version" value="25.332-b09"/>
    <property name="java.ext.dirs" value="/usr/lib/jvm/temurin-8-jdk-amd64/jre/lib/ext:/usr/java/packages/lib/ext"/>
    <property name="sun.io.unicode.encoding" value="UnicodeLittle"/>
    <property name="java.class.version" value="52.0"/>
  </properties>
  <testcase name="testMultipartUpload" classname="org.apache.hadoop.ozone.om.TestOzoneManagerHAWithData" time="11.969">
    <system-out><![CDATA[2022-08-10 09:21:14,328 [main] WARN  server.ServerUtils (ServerUtils.java:getScmDbDir(148)) - ozone.scm.db.dirs is not configured. We recommend adding this setting. Falling back to ozone.metadata.dirs instead.
2022-08-10 09:21:14,432 [main] WARN  server.ServerUtils (ServerUtils.java:getScmDbDir(148)) - ozone.scm.db.dirs is not configured. We recommend adding this setting. Falling back to ozone.metadata.dirs instead.
2022-08-10 09:21:14,436 [main] INFO  ha.SCMHANodeDetails (SCMHANodeDetails.java:loadSCMHAConfig(209)) - ServiceID for StorageContainerManager is null
2022-08-10 09:21:14,448 [main] WARN  ha.SCMHANodeDetails (SCMHANodeDetails.java:validateSCMHAConfig(182)) - Invalid config ozone.scm.ratis.enable. The config was not specified, but the default value true conflicts with the expected config value false. Falling back to the expected value. Current State of SCM: SCM is running in Non-HA without Ratis Ratis SCM -> Non Ratis SCM or Non HA SCM -> HA SCM is not supported
2022-08-10 09:21:14,450 [main] INFO  ha.SCMHANodeDetails (SCMHANodeDetails.java:loadSCMHAConfig(214)) - ozone.scm.default.service.id is not defined, falling back to ozone.scm.service.ids to find serviceID for StorageContainerManager if it is HA enabled cluster
2022-08-10 09:21:15,015 [main] WARN  utils.HAUtils (HAUtils.java:getMetaDir(342)) - ozone.scm.db.dirs is not configured. We recommend adding this setting. Falling back to ozone.metadata.dirs instead.
2022-08-10 09:21:15,263 [main] WARN  db.DBStoreBuilder (DBStoreBuilder.java:applyDBDefinition(146)) - ozone.scm.db.dirs is not configured. We recommend adding this setting. Falling back to ozone.metadata.dirs instead.
2022-08-10 09:21:15,517 [main] INFO  net.NodeSchemaLoader (NodeSchemaLoader.java:loadSchemaFromFile(129)) - Loading schema from [jar:file:/home/runner/.m2/repository/org/apache/ozone/hdds-common/1.3.0-SNAPSHOT/hdds-common-1.3.0-SNAPSHOT.jar!/network-topology-default.xml]
2022-08-10 09:21:15,519 [main] INFO  net.NodeSchemaLoader (NodeSchemaLoader.java:loadSchema(176)) - Loading network topology layer schema file
2022-08-10 09:21:15,568 [main] INFO  metrics.MetricRegistries (MetricRegistriesLoader.java:load(64)) - Loaded MetricRegistries class org.apache.ratis.metrics.impl.MetricRegistriesImpl
2022-08-10 09:21:15,576 [main] INFO  upgrade.AbstractLayoutVersionManager (AbstractLayoutVersionManager.java:init(83)) - Initializing Layout version manager with metadata layout = DATANODE_SCHEMA_V3 (version = 4), software layout = DATANODE_SCHEMA_V3 (version = 4)
2022-08-10 09:21:15,875 [main] INFO  reflections.Reflections (Reflections.java:scan(232)) - Reflections took 191 ms to scan 7 urls, producing 132 keys and 321 values 
2022-08-10 09:21:16,013 [main] INFO  ha.SequenceIdGenerator (SequenceIdGenerator.java:upgradeToSequenceId(349)) - upgrade localId to 109611004723200000
2022-08-10 09:21:16,014 [main] INFO  ha.SequenceIdGenerator (SequenceIdGenerator.java:upgradeToSequenceId(359)) - upgrade delTxnId to 0
2022-08-10 09:21:16,024 [main] INFO  ha.SequenceIdGenerator (SequenceIdGenerator.java:upgradeToSequenceId(376)) - upgrade containerId to 0
2022-08-10 09:21:16,026 [main] INFO  ha.SequenceIdGenerator (SequenceIdGenerator.java:<init>(220)) - Init the HA SequenceIdGenerator.
2022-08-10 09:21:16,073 [main] WARN  server.ServerUtils (ServerUtils.java:sanitizeUserArgs(73)) - ozone.scm.stale.node.interval value = 300000 is larger than max = 100000 based on the key value of ozone.scm.heartbeat.thread.interval, reset to the max value 100000.
2022-08-10 09:21:16,073 [main] WARN  server.ServerUtils (ServerUtils.java:sanitizeUserArgs(73)) - ozone.scm.stale.node.interval value = 300000 is larger than max = 100000 based on the key value of ozone.scm.heartbeat.thread.interval, reset to the max value 100000.
2022-08-10 09:21:16,082 [main] INFO  node.SCMNodeManager (SCMNodeManager.java:<init>(149)) - Entering startup safe mode.
2022-08-10 09:21:16,163 [Finalizer] WARN  managed.ManagedRocksObjectUtils (ManagedRocksObjectUtils.java:assertClosed(39)) - ManagedColumnFamilyOptions is not closed properly
2022-08-10 09:21:16,164 [Finalizer] WARN  managed.ManagedRocksObjectUtils (ManagedRocksObjectUtils.java:assertClosed(39)) - ManagedColumnFamilyOptions is not closed properly
2022-08-10 09:21:16,164 [Finalizer] WARN  managed.ManagedRocksObjectUtils (ManagedRocksObjectUtils.java:assertClosed(39)) - ManagedColumnFamilyOptions is not closed properly
2022-08-10 09:21:16,164 [Finalizer] WARN  managed.ManagedRocksObjectUtils (ManagedRocksObjectUtils.java:assertClosed(39)) - ManagedColumnFamilyOptions is not closed properly
2022-08-10 09:21:16,164 [Finalizer] WARN  managed.ManagedRocksObjectUtils (ManagedRocksObjectUtils.java:assertClosed(39)) - ManagedColumnFamilyOptions is not closed properly
2022-08-10 09:21:16,164 [Finalizer] WARN  managed.ManagedRocksObjectUtils (ManagedRocksObjectUtils.java:assertClosed(39)) - ManagedColumnFamilyOptions is not closed properly
2022-08-10 09:21:16,165 [Finalizer] WARN  managed.ManagedRocksObjectUtils (ManagedRocksObjectUtils.java:assertClosed(39)) - ManagedColumnFamilyOptions is not closed properly
2022-08-10 09:21:16,165 [Finalizer] WARN  managed.ManagedRocksObjectUtils (ManagedRocksObjectUtils.java:assertClosed(39)) - ManagedColumnFamilyOptions is not closed properly
2022-08-10 09:21:16,165 [Finalizer] WARN  managed.ManagedRocksObjectUtils (ManagedRocksObjectUtils.java:assertClosed(39)) - ManagedColumnFamilyOptions is not closed properly
2022-08-10 09:21:16,165 [Finalizer] WARN  managed.ManagedRocksObjectUtils (ManagedRocksObjectUtils.java:assertClosed(39)) - ManagedColumnFamilyOptions is not closed properly
2022-08-10 09:21:16,165 [Finalizer] WARN  managed.ManagedRocksObjectUtils (ManagedRocksObjectUtils.java:assertClosed(39)) - ManagedColumnFamilyOptions is not closed properly
2022-08-10 09:21:16,165 [Finalizer] WARN  managed.ManagedRocksObjectUtils (ManagedRocksObjectUtils.java:assertClosed(39)) - ManagedColumnFamilyOptions is not closed properly
2022-08-10 09:21:16,165 [Finalizer] WARN  managed.ManagedRocksObjectUtils (ManagedRocksObjectUtils.java:assertClosed(39)) - ManagedColumnFamilyOptions is not closed properly
2022-08-10 09:21:16,165 [Finalizer] WARN  managed.ManagedRocksObjectUtils (ManagedRocksObjectUtils.java:assertClosed(39)) - ManagedColumnFamilyOptions is not closed properly
2022-08-10 09:21:16,165 [Finalizer] WARN  managed.ManagedRocksObjectUtils (ManagedRocksObjectUtils.java:assertClosed(39)) - ManagedColumnFamilyOptions is not closed properly
2022-08-10 09:21:16,170 [main] INFO  algorithms.ContainerPlacementPolicyFactory (ContainerPlacementPolicyFactory.java:getPolicyInternal(86)) - Create container placement policy of type org.apache.hadoop.hdds.scm.container.placement.algorithms.SCMContainerPlacementRandom
2022-08-10 09:21:16,172 [main] INFO  algorithms.ContainerPlacementPolicyFactory (ContainerPlacementPolicyFactory.java:getPolicyInternal(86)) - Create container placement policy of type org.apache.hadoop.hdds.scm.container.placement.algorithms.SCMContainerPlacementRackScatter
2022-08-10 09:21:16,185 [main] INFO  pipeline.PipelineStateManagerImpl (PipelineStateManagerImpl.java:initialize(78)) - No pipeline exists in current db
2022-08-10 09:21:16,225 [main] INFO  algorithms.LeaderChoosePolicyFactory (LeaderChoosePolicyFactory.java:getPolicy(57)) - Create leader choose policy of type org.apache.hadoop.hdds.scm.pipeline.leader.choose.algorithms.MinLeaderCountChoosePolicy
2022-08-10 09:21:16,226 [main] INFO  algorithms.ContainerPlacementPolicyFactory (ContainerPlacementPolicyFactory.java:getPolicyInternal(86)) - Create container placement policy of type org.apache.hadoop.hdds.scm.container.placement.algorithms.SCMContainerPlacementRackScatter
2022-08-10 09:21:16,238 [main] INFO  ha.SCMServiceManager (SCMServiceManager.java:register(42)) - Registering service BackgroundPipelineCreator.
2022-08-10 09:21:16,239 [main] INFO  pipeline.BackgroundPipelineCreator (BackgroundPipelineCreator.java:start(124)) - Starting RatisPipelineUtilsThread.
2022-08-10 09:21:16,244 [main] INFO  BackgroundPipelineScrubber (BackgroundSCMService.java:start(68)) - Starting BackgroundPipelineScrubber Service.
2022-08-10 09:21:16,245 [main] INFO  ha.SCMServiceManager (SCMServiceManager.java:register(42)) - Registering service BackgroundPipelineScrubber.
2022-08-10 09:21:16,251 [main] INFO  ExpiredContainerReplicaOpScrubber (BackgroundSCMService.java:start(68)) - Starting ExpiredContainerReplicaOpScrubber Service.
2022-08-10 09:21:16,252 [main] INFO  ha.SCMServiceManager (SCMServiceManager.java:register(42)) - Registering service ExpiredContainerReplicaOpScrubber.
2022-08-10 09:21:16,287 [main] INFO  algorithms.PipelineChoosePolicyFactory (PipelineChoosePolicyFactory.java:createPipelineChoosePolicyFromClass(73)) - Create pipeline choose policy of type org.apache.hadoop.hdds.scm.pipeline.choose.algorithms.RandomPipelineChoosePolicy
2022-08-10 09:21:16,310 [main] INFO  ha.SCMServiceManager (SCMServiceManager.java:register(42)) - Registering service SCMBlockDeletingService.
2022-08-10 09:21:16,379 [main] INFO  replication.ReplicationManager (ReplicationManager.java:start(200)) - Starting Replication Monitor Thread.
2022-08-10 09:21:16,390 [main] INFO  UnderReplicatedQueueThread (BackgroundSCMService.java:start(68)) - Starting UnderReplicatedQueueThread Service.
2022-08-10 09:21:16,391 [ReplicationMonitor] INFO  replication.ReplicationManager (ReplicationManager.java:processAll(249)) - Replication Manager is not ready to run until 3000ms after safemode exit
2022-08-10 09:21:16,391 [main] INFO  ha.SCMServiceManager (SCMServiceManager.java:register(42)) - Registering service UnderReplicatedQueueThread.
2022-08-10 09:21:16,392 [main] INFO  OverReplicatedQueueThread (BackgroundSCMService.java:start(68)) - Starting OverReplicatedQueueThread Service.
2022-08-10 09:21:16,393 [main] INFO  ha.SCMServiceManager (SCMServiceManager.java:register(42)) - Registering service OverReplicatedQueueThread.
2022-08-10 09:21:16,393 [main] INFO  ha.SCMServiceManager (SCMServiceManager.java:register(42)) - Registering service ReplicationManager.
2022-08-10 09:21:16,403 [main] INFO  safemode.ContainerSafeModeRule (ContainerSafeModeRule.java:<init>(89)) - containers with one replica threshold count 0
2022-08-10 09:21:16,407 [main] INFO  safemode.HealthyPipelineSafeModeRule (HealthyPipelineSafeModeRule.java:initializeRule(169)) - Total pipeline count is 0, healthy pipeline threshold count is 1
2022-08-10 09:21:16,410 [main] INFO  safemode.OneReplicaPipelineSafeModeRule (OneReplicaPipelineSafeModeRule.java:initializeRule(180)) - Total pipeline count is 0, pipeline's with at least one datanode reported threshold count is 0
2022-08-10 09:21:16,756 [main] INFO  audit.AuditLogger (AuditLogger.java:refreshDebugCmdSet(126)) - Refresh DebugCmdSet for SCMAudit to [].
2022-08-10 09:21:16,790 [main] INFO  ipc.CallQueueManager (CallQueueManager.java:<init>(90)) - Using callQueue: class java.util.concurrent.LinkedBlockingQueue, queueCapacity: 2000, scheduler: class org.apache.hadoop.ipc.DefaultRpcScheduler, ipcBackoff: false.
2022-08-10 09:21:16,832 [Socket Reader #1 for port 0] INFO  ipc.Server (Server.java:run(1265)) - Starting Socket Reader #1 for port 0
2022-08-10 09:21:16,888 [Listener at 0.0.0.0/42301] INFO  audit.AuditLogger (AuditLogger.java:refreshDebugCmdSet(126)) - Refresh DebugCmdSet for SCMAudit to [].
2022-08-10 09:21:16,893 [Listener at 0.0.0.0/42301] INFO  ipc.CallQueueManager (CallQueueManager.java:<init>(90)) - Using callQueue: class java.util.concurrent.LinkedBlockingQueue, queueCapacity: 2000, scheduler: class org.apache.hadoop.ipc.DefaultRpcScheduler, ipcBackoff: false.
2022-08-10 09:21:16,895 [Socket Reader #1 for port 0] INFO  ipc.Server (Server.java:run(1265)) - Starting Socket Reader #1 for port 0
2022-08-10 09:21:16,927 [Listener at 0.0.0.0/38863] INFO  audit.AuditLogger (AuditLogger.java:refreshDebugCmdSet(126)) - Refresh DebugCmdSet for SCMAudit to [].
2022-08-10 09:21:16,939 [Listener at 0.0.0.0/38863] INFO  ipc.CallQueueManager (CallQueueManager.java:<init>(90)) - Using callQueue: class java.util.concurrent.LinkedBlockingQueue, queueCapacity: 2000, scheduler: class org.apache.hadoop.ipc.DefaultRpcScheduler, ipcBackoff: false.
2022-08-10 09:21:16,940 [Socket Reader #1 for port 0] INFO  ipc.Server (Server.java:run(1265)) - Starting Socket Reader #1 for port 0
2022-08-10 09:21:17,028 [Listener at 0.0.0.0/40481] INFO  ha.SCMServiceManager (SCMServiceManager.java:register(42)) - Registering service ContainerBalancer.
2022-08-10 09:21:17,030 [Listener at 0.0.0.0/40481] INFO  server.StorageContainerManager (StorageContainerManager.java:<init>(406)) - 
Container Balancer status:
Key                            Value
Running                        false
Container Balancer Configuration values:
Key                                                Value
Threshold                                          10
Max Datanodes to Involve per Iteration(percent)    20
Max Size to Move per Iteration                     500GB
Max Size Entering Target per Iteration             26GB
Max Size Leaving Source per Iteration              26GB

2022-08-10 09:21:17,030 [Listener at 0.0.0.0/40481] WARN  events.EventQueue (EventQueue.java:fireEvent(216)) - No event handler registered for event TypedEvent{payloadType=SafeModeStatus, name='Safe mode status'}
2022-08-10 09:21:17,030 [Listener at 0.0.0.0/40481] INFO  ha.SCMContext (SCMContext.java:updateSafeModeStatus(228)) - Update SafeModeStatus from SafeModeStatus{safeModeStatus=true, preCheckPassed=false} to SafeModeStatus{safeModeStatus=true, preCheckPassed=false}.
2022-08-10 09:21:17,035 [Listener at 0.0.0.0/40481] INFO  server.StorageContainerManager (StorageContainerManager.java:start(1460)) - StorageContainerLocationProtocol RPC server is listening at /0.0.0.0:40481
2022-08-10 09:21:17,123 [Listener at 0.0.0.0/40481] WARN  impl.MetricsConfig (MetricsConfig.java:loadFirst(136)) - Cannot locate configuration: tried hadoop-metrics2-storagecontainermanager.properties,hadoop-metrics2.properties
2022-08-10 09:21:17,144 [Listener at 0.0.0.0/40481] INFO  impl.MetricsSystemImpl (MetricsSystemImpl.java:startTimer(378)) - Scheduled Metric snapshot period at 10 second(s).
2022-08-10 09:21:17,144 [Listener at 0.0.0.0/40481] INFO  impl.MetricsSystemImpl (MetricsSystemImpl.java:start(191)) - StorageContainerManager metrics system started
2022-08-10 09:21:17,240 [Finalizer] WARN  managed.ManagedRocksObjectUtils (ManagedRocksObjectUtils.java:assertClosed(39)) - ManagedColumnFamilyOptions is not closed properly
2022-08-10 09:21:17,502 [Listener at 0.0.0.0/40481] INFO  server.SCMClientProtocolServer (SCMClientProtocolServer.java:start(170)) - RPC server for Client  is listening at /0.0.0.0:40481
2022-08-10 09:21:17,503 [IPC Server Responder] INFO  ipc.Server (Server.java:run(1507)) - IPC Server Responder: starting
2022-08-10 09:21:17,505 [IPC Server listener on 0] INFO  ipc.Server (Server.java:run(1344)) - IPC Server listener on 0: starting
2022-08-10 09:21:17,514 [Listener at 0.0.0.0/40481] INFO  server.StorageContainerManager (StorageContainerManager.java:start(1475)) - ScmBlockLocationProtocol RPC server is listening at /0.0.0.0:38863
2022-08-10 09:21:17,515 [Listener at 0.0.0.0/40481] INFO  server.SCMBlockProtocolServer (SCMBlockProtocolServer.java:start(152)) - RPC server for Block Protocol is listening at /0.0.0.0:38863
2022-08-10 09:21:17,515 [IPC Server Responder] INFO  ipc.Server (Server.java:run(1507)) - IPC Server Responder: starting
2022-08-10 09:21:17,516 [IPC Server listener on 0] INFO  ipc.Server (Server.java:run(1344)) - IPC Server listener on 0: starting
2022-08-10 09:21:17,519 [Listener at 0.0.0.0/40481] INFO  server.SCMDatanodeProtocolServer (SCMDatanodeProtocolServer.java:start(186)) - ScmDatanodeProtocol RPC server for DataNodes is listening at /0.0.0.0:42301
2022-08-10 09:21:17,520 [IPC Server Responder] INFO  ipc.Server (Server.java:run(1507)) - IPC Server Responder: starting
2022-08-10 09:21:17,521 [IPC Server listener on 0] INFO  ipc.Server (Server.java:run(1344)) - IPC Server listener on 0: starting
2022-08-10 09:21:17,536 [org.apache.hadoop.util.JvmPauseMonitor$Monitor@68cc6319] INFO  util.JvmPauseMonitor (JvmPauseMonitor.java:run(188)) - Starting JVM pause monitor
2022-08-10 09:21:17,556 [Listener at 0.0.0.0/40481] INFO  http.BaseHttpServer (BaseHttpServer.java:newHttpServer2BuilderForOzone(209)) - Starting Web-server for scm at: http://0.0.0.0:0
2022-08-10 09:21:17,557 [Listener at 0.0.0.0/40481] INFO  http.BaseHttpServer (BaseHttpServer.java:<init>(107)) - Hadoop Security Enabled: false Ozone Security Enabled: false Ozone HTTP Security Enabled: false 
2022-08-10 09:21:17,586 [Listener at 0.0.0.0/40481] INFO  util.log (Log.java:initialized(170)) - Logging initialized @5035ms to org.eclipse.jetty.util.log.Slf4jLog
2022-08-10 09:21:17,708 [Listener at 0.0.0.0/40481] INFO  server.AuthenticationFilter (AuthenticationFilter.java:constructSecretProvider(240)) - Unable to initialize FileSignerSecretProvider, falling back to use random secrets.
2022-08-10 09:21:17,714 [Listener at 0.0.0.0/40481] WARN  http.HttpRequestLog (HttpRequestLog.java:getRequestLog(103)) - Jetty request log can only be enabled using Log4j
2022-08-10 09:21:17,721 [Listener at 0.0.0.0/40481] INFO  http.HttpServer2 (HttpServer2.java:addGlobalFilter(1029)) - Added global filter 'safety' (class=org.apache.hadoop.hdds.server.http.HttpServer2$QuotingInputFilter)
2022-08-10 09:21:17,723 [Listener at 0.0.0.0/40481] INFO  http.HttpServer2 (HttpServer2.java:addFilter(1005)) - Added filter static_user_filter (class=org.apache.hadoop.http.lib.StaticUserWebFilter$StaticUserFilter) to context scm
2022-08-10 09:21:17,724 [Listener at 0.0.0.0/40481] INFO  http.HttpServer2 (HttpServer2.java:addFilter(1013)) - Added filter static_user_filter (class=org.apache.hadoop.http.lib.StaticUserWebFilter$StaticUserFilter) to context static
2022-08-10 09:21:17,724 [Listener at 0.0.0.0/40481] INFO  http.HttpServer2 (HttpServer2.java:addFilter(1013)) - Added filter static_user_filter (class=org.apache.hadoop.http.lib.StaticUserWebFilter$StaticUserFilter) to context logs
2022-08-10 09:21:17,772 [Listener at 0.0.0.0/40481] INFO  http.HttpServer2 (HttpServer2.java:bindListener(1248)) - Jetty bound to port 36879
2022-08-10 09:21:17,775 [Listener at 0.0.0.0/40481] INFO  server.Server (Server.java:doStart(375)) - jetty-9.4.43.v20210629; built: 2021-06-30T11:07:22.254Z; git: 526006ecfa3af7f1a27ef3a288e2bef7ea9dd7e8; jvm 1.8.0_332-b09
2022-08-10 09:21:17,817 [Listener at 0.0.0.0/40481] INFO  server.session (DefaultSessionIdManager.java:doStart(334)) - DefaultSessionIdManager workerName=node0
2022-08-10 09:21:17,818 [Listener at 0.0.0.0/40481] INFO  server.session (DefaultSessionIdManager.java:doStart(339)) - No SessionScavenger set, using defaults
2022-08-10 09:21:17,820 [Listener at 0.0.0.0/40481] INFO  server.session (HouseKeeper.java:startScavenging(132)) - node0 Scavenging every 600000ms
2022-08-10 09:21:17,835 [Listener at 0.0.0.0/40481] INFO  handler.ContextHandler (ContextHandler.java:doStart(915)) - Started o.e.j.s.ServletContextHandler@4f2a9903{logs,/logs,file:///home/runner/work/ozone/ozone/hadoop-ozone/integration-test/target/log,AVAILABLE}
2022-08-10 09:21:17,836 [Listener at 0.0.0.0/40481] INFO  handler.ContextHandler (ContextHandler.java:doStart(915)) - Started o.e.j.s.ServletContextHandler@5d03df76{static,/static,file:///home/runner/work/ozone/ozone/hadoop-ozone/integration-test/target/test-classes/webapps/static,AVAILABLE}
2022-08-10 09:21:17,886 [Listener at 0.0.0.0/40481] INFO  handler.ContextHandler (ContextHandler.java:doStart(915)) - Started o.e.j.w.WebAppContext@d4dbb34{scm,/,file:///home/runner/work/ozone/ozone/hadoop-ozone/integration-test/target/test-classes/webapps/scm/,AVAILABLE}{file:/home/runner/work/ozone/ozone/hadoop-ozone/integration-test/target/test-classes/webapps/scm}
2022-08-10 09:21:17,898 [Listener at 0.0.0.0/40481] INFO  server.AbstractConnector (AbstractConnector.java:doStart(331)) - Started ServerConnector@46c61d1{HTTP/1.1, (http/1.1)}{0.0.0.0:36879}
2022-08-10 09:21:17,898 [Listener at 0.0.0.0/40481] INFO  server.Server (Server.java:doStart(415)) - Started @5348ms
2022-08-10 09:21:17,904 [Listener at 0.0.0.0/40481] INFO  impl.MetricsSinkAdapter (MetricsSinkAdapter.java:start(204)) - Sink prometheus started
2022-08-10 09:21:17,904 [Listener at 0.0.0.0/40481] INFO  impl.MetricsSystemImpl (MetricsSystemImpl.java:registerSink(305)) - Registered sink prometheus
2022-08-10 09:21:17,906 [Listener at 0.0.0.0/40481] INFO  http.BaseHttpServer (BaseHttpServer.java:updateConnectorAddress(329)) - HTTP server of scm listening at http://0.0.0.0:36879
2022-08-10 09:21:17,967 [Listener at 0.0.0.0/40481] INFO  audit.AuditLogger (AuditLogger.java:refreshDebugCmdSet(126)) - Refresh DebugCmdSet for OMAudit to [].
2022-08-10 09:21:18,063 [Listener at 0.0.0.0/40481] INFO  ha.OMHANodeDetails (OMHANodeDetails.java:loadOMHAConfig(121)) - ServiceID for OzoneManager is om-service-test1
2022-08-10 09:21:18,071 [Listener at 0.0.0.0/40481] INFO  ha.OMHANodeDetails (OMHANodeDetails.java:loadOMHAConfig(201)) - Found matching OM address with OMServiceId: om-service-test1, OMNodeId: omNode-1, RPC Address: localhost:39929 and Ratis port: 44673
2022-08-10 09:21:18,071 [Listener at 0.0.0.0/40481] INFO  ha.OMHANodeDetails (ConfUtils.java:setNodeSpecificConfigs(97)) - Setting configuration key ozone.om.http-address with value of key ozone.om.http-address.om-service-test1.omNode-1: 127.0.0.1:33883
2022-08-10 09:21:18,073 [Listener at 0.0.0.0/40481] INFO  ha.OMHANodeDetails (ConfUtils.java:setNodeSpecificConfigs(97)) - Setting configuration key ozone.om.https-address with value of key ozone.om.https-address.om-service-test1.omNode-1: 127.0.0.1:37401
2022-08-10 09:21:18,073 [Listener at 0.0.0.0/40481] INFO  ha.OMHANodeDetails (ConfUtils.java:setNodeSpecificConfigs(97)) - Setting configuration key ozone.om.address with value of key ozone.om.address.om-service-test1.omNode-1: 127.0.0.1:39929
2022-08-10 09:21:18,074 [Listener at 0.0.0.0/40481] WARN  server.ServerUtils (ServerUtils.java:getDBPath(225)) - ozone.om.db.dirs is not configured. We recommend adding this setting. Falling back to ozone.metadata.dirs instead.
2022-08-10 09:21:18,086 [Listener at 0.0.0.0/40481] INFO  proxy.SCMBlockLocationFailoverProxyProvider (SCMBlockLocationFailoverProxyProvider.java:<init>(114)) - Created block location fail-over proxy with 1 nodes: [nodeId=scmNodeId,nodeAddress=/0.0.0.0:38863]
OM initialization succeeded.Current cluster id for sd=/home/runner/work/ozone/ozone/hadoop-ozone/integration-test/target/test-dir/MiniOzoneClusterImpl-5b46f7b7-15cd-42ca-88c0-c813cff626ca/omNode-1/om;cid=5b46f7b7-15cd-42ca-88c0-c813cff626ca;layoutVersion=3
2022-08-10 09:21:18,378 [Listener at 0.0.0.0/40481] INFO  ha.OMHANodeDetails (OMHANodeDetails.java:loadOMHAConfig(121)) - ServiceID for OzoneManager is om-service-test1
2022-08-10 09:21:18,379 [Listener at 0.0.0.0/40481] INFO  ha.OMHANodeDetails (OMHANodeDetails.java:loadOMHAConfig(201)) - Found matching OM address with OMServiceId: om-service-test1, OMNodeId: omNode-1, RPC Address: localhost:39929 and Ratis port: 44673
2022-08-10 09:21:18,379 [Listener at 0.0.0.0/40481] INFO  ha.OMHANodeDetails (ConfUtils.java:setNodeSpecificConfigs(97)) - Setting configuration key ozone.om.http-address with value of key ozone.om.http-address.om-service-test1.omNode-1: 127.0.0.1:33883
2022-08-10 09:21:18,379 [Listener at 0.0.0.0/40481] INFO  ha.OMHANodeDetails (ConfUtils.java:setNodeSpecificConfigs(97)) - Setting configuration key ozone.om.https-address with value of key ozone.om.https-address.om-service-test1.omNode-1: 127.0.0.1:37401
2022-08-10 09:21:18,380 [Listener at 0.0.0.0/40481] INFO  ha.OMHANodeDetails (ConfUtils.java:setNodeSpecificConfigs(97)) - Setting configuration key ozone.om.address with value of key ozone.om.address.om-service-test1.omNode-1: 127.0.0.1:39929
2022-08-10 09:21:18,381 [Listener at 0.0.0.0/40481] WARN  server.ServerUtils (ServerUtils.java:getDBPath(225)) - ozone.om.db.dirs is not configured. We recommend adding this setting. Falling back to ozone.metadata.dirs instead.
2022-08-10 09:21:18,384 [Listener at 0.0.0.0/40481] INFO  upgrade.AbstractLayoutVersionManager (AbstractLayoutVersionManager.java:init(83)) - Initializing Layout version manager with metadata layout = MULTITENANCY_SCHEMA (version = 3), software layout = MULTITENANCY_SCHEMA (version = 3)
2022-08-10 09:21:18,478 [Listener at 0.0.0.0/40481] INFO  reflections.Reflections (Reflections.java:scan(232)) - Reflections took 88 ms to scan 2 urls, producing 153 keys and 426 values [using 2 cores]
2022-08-10 09:21:18,484 [Listener at 0.0.0.0/40481] INFO  upgrade.OMLayoutVersionManager (OMLayoutVersionManager.java:lambda$0(115)) - Skipping Upgrade Action MockOmUpgradeAction since it has been finalized.
2022-08-10 09:21:18,485 [Listener at 0.0.0.0/40481] WARN  server.ServerUtils (ServerUtils.java:getDBPath(225)) - ozone.om.db.dirs is not configured. We recommend adding this setting. Falling back to ozone.metadata.dirs instead.
2022-08-10 09:21:18,634 [Listener at 0.0.0.0/40481] INFO  proxy.SCMBlockLocationFailoverProxyProvider (SCMBlockLocationFailoverProxyProvider.java:<init>(114)) - Created block location fail-over proxy with 1 nodes: [nodeId=scmNodeId,nodeAddress=/0.0.0.0:38863]
2022-08-10 09:21:18,637 [Listener at 0.0.0.0/40481] INFO  proxy.SCMBlockLocationFailoverProxyProvider (SCMBlockLocationFailoverProxyProvider.java:<init>(114)) - Created block location fail-over proxy with 1 nodes: [nodeId=scmNodeId,nodeAddress=/0.0.0.0:38863]
2022-08-10 09:21:18,683 [Listener at 0.0.0.0/40481] WARN  server.ServerUtils (ServerUtils.java:getDBPath(225)) - ozone.om.db.dirs is not configured. We recommend adding this setting. Falling back to ozone.metadata.dirs instead.
2022-08-10 09:21:18,690 [Listener at 0.0.0.0/40481] INFO  codec.OmKeyInfoCodec (OmKeyInfoCodec.java:<init>(49)) - OmKeyInfoCodec ignorePipeline = true
2022-08-10 09:21:18,691 [Listener at 0.0.0.0/40481] INFO  codec.RepeatedOmKeyInfoCodec (RepeatedOmKeyInfoCodec.java:<init>(41)) - RepeatedOmKeyInfoCodec ignorePipeline = true
2022-08-10 09:21:18,908 [Listener at 0.0.0.0/40481] INFO  om.OzoneManager (OzoneManager.java:instantiateServices(697)) - S3 Multi-Tenancy is disabled
2022-08-10 09:21:18,970 [Finalizer] WARN  managed.ManagedRocksObjectUtils (ManagedRocksObjectUtils.java:assertClosed(39)) - ManagedColumnFamilyOptions is not closed properly
2022-08-10 09:21:18,970 [Finalizer] WARN  managed.ManagedRocksObjectUtils (ManagedRocksObjectUtils.java:assertClosed(39)) - ManagedColumnFamilyOptions is not closed properly
2022-08-10 09:21:18,970 [Finalizer] WARN  managed.ManagedRocksObjectUtils (ManagedRocksObjectUtils.java:assertClosed(39)) - ManagedColumnFamilyOptions is not closed properly
2022-08-10 09:21:18,970 [Finalizer] WARN  managed.ManagedRocksObjectUtils (ManagedRocksObjectUtils.java:assertClosed(39)) - ManagedColumnFamilyOptions is not closed properly
2022-08-10 09:21:18,970 [Finalizer] WARN  managed.ManagedRocksObjectUtils (ManagedRocksObjectUtils.java:assertClosed(39)) - ManagedColumnFamilyOptions is not closed properly
2022-08-10 09:21:18,970 [Finalizer] WARN  managed.ManagedRocksObjectUtils (ManagedRocksObjectUtils.java:assertClosed(39)) - ManagedColumnFamilyOptions is not closed properly
2022-08-10 09:21:18,970 [Finalizer] WARN  managed.ManagedRocksObjectUtils (ManagedRocksObjectUtils.java:assertClosed(39)) - ManagedColumnFamilyOptions is not closed properly
2022-08-10 09:21:18,971 [Finalizer] WARN  managed.ManagedRocksObjectUtils (ManagedRocksObjectUtils.java:assertClosed(39)) - ManagedColumnFamilyOptions is not closed properly
2022-08-10 09:21:18,971 [Finalizer] WARN  managed.ManagedRocksObjectUtils (ManagedRocksObjectUtils.java:assertClosed(39)) - ManagedColumnFamilyOptions is not closed properly
2022-08-10 09:21:18,971 [Finalizer] WARN  managed.ManagedRocksObjectUtils (ManagedRocksObjectUtils.java:assertClosed(39)) - ManagedColumnFamilyOptions is not closed properly
2022-08-10 09:21:18,971 [Finalizer] WARN  managed.ManagedRocksObjectUtils (ManagedRocksObjectUtils.java:assertClosed(39)) - ManagedColumnFamilyOptions is not closed properly
2022-08-10 09:21:18,971 [Finalizer] WARN  managed.ManagedRocksObjectUtils (ManagedRocksObjectUtils.java:assertClosed(39)) - ManagedColumnFamilyOptions is not closed properly
2022-08-10 09:21:18,971 [Finalizer] WARN  managed.ManagedRocksObjectUtils (ManagedRocksObjectUtils.java:assertClosed(39)) - ManagedColumnFamilyOptions is not closed properly
2022-08-10 09:21:18,971 [Finalizer] WARN  managed.ManagedRocksObjectUtils (ManagedRocksObjectUtils.java:assertClosed(39)) - ManagedColumnFamilyOptions is not closed properly
2022-08-10 09:21:18,971 [Finalizer] WARN  managed.ManagedRocksObjectUtils (ManagedRocksObjectUtils.java:assertClosed(39)) - ManagedColumnFamilyOptions is not closed properly
2022-08-10 09:21:18,971 [Finalizer] WARN  managed.ManagedRocksObjectUtils (ManagedRocksObjectUtils.java:assertClosed(39)) - ManagedColumnFamilyOptions is not closed properly
2022-08-10 09:21:18,971 [Finalizer] WARN  managed.ManagedRocksObjectUtils (ManagedRocksObjectUtils.java:assertClosed(39)) - ManagedColumnFamilyOptions is not closed properly
2022-08-10 09:21:18,971 [Finalizer] WARN  managed.ManagedRocksObjectUtils (ManagedRocksObjectUtils.java:assertClosed(39)) - ManagedColumnFamilyOptions is not closed properly
2022-08-10 09:21:18,971 [Finalizer] WARN  managed.ManagedRocksObjectUtils (ManagedRocksObjectUtils.java:assertClosed(39)) - ManagedColumnFamilyOptions is not closed properly
2022-08-10 09:21:18,971 [Finalizer] WARN  managed.ManagedRocksObjectUtils (ManagedRocksObjectUtils.java:assertClosed(39)) - ManagedColumnFamilyOptions is not closed properly
2022-08-10 09:21:18,972 [Finalizer] WARN  managed.ManagedRocksObjectUtils (ManagedRocksObjectUtils.java:assertClosed(39)) - ManagedColumnFamilyOptions is not closed properly
2022-08-10 09:21:19,021 [Listener at 0.0.0.0/40481] INFO  om.OzoneManager (OzoneManager.java:addS3GVolumeToDB(4308)) - Created Volume s3v With Owner runner required for S3Gateway operations.
2022-08-10 09:21:19,082 [Listener at 0.0.0.0/40481] WARN  server.ServerUtils (ServerUtils.java:getDefaultRatisDirectory(237)) - Storage directory for Ratis is not configured. It is a good idea to map this to an SSD disk. Falling back to ozone.metadata.dirs
2022-08-10 09:21:19,083 [Listener at 0.0.0.0/40481] WARN  utils.OzoneManagerRatisUtils (OzoneManagerRatisUtils.java:getOMRatisSnapshotDirectory(434)) - ozone.om.ratis.snapshot.dir is not configured. Falling back to ozone.metadata.dirs config
2022-08-10 09:21:19,095 [Listener at 0.0.0.0/40481] INFO  snapshot.OzoneManagerSnapshotProvider (OzoneManagerSnapshotProvider.java:<init>(76)) - Initializing OM Snapshot Provider
2022-08-10 09:21:19,228 [Listener at 0.0.0.0/40481] WARN  server.ServerUtils (ServerUtils.java:getDefaultRatisDirectory(237)) - Storage directory for Ratis is not configured. It is a good idea to map this to an SSD disk. Falling back to ozone.metadata.dirs
2022-08-10 09:21:19,270 [Listener at 0.0.0.0/40481] INFO  ratis.OzoneManagerRatisServer (OzoneManagerRatisServer.java:<init>(159)) - Instantiating OM Ratis server with groupID: om-service-test1 and peers: localhost:44673, localhost:34947, localhost:36767
2022-08-10 09:21:19,280 [Listener at 0.0.0.0/40481] INFO  ratis.OzoneManagerStateMachine (OzoneManagerStateMachine.java:loadSnapshotInfoFromDB(632)) - LastAppliedIndex is set from TransactionInfo from OM DB as (t:0, i:~)
2022-08-10 09:21:19,337 [Listener at 0.0.0.0/40481] INFO  server.RaftServer (ConfUtils.java:logGet(46)) - raft.rpc.type = GRPC (default)
2022-08-10 09:21:19,436 [Listener at 0.0.0.0/40481] INFO  grpc.GrpcFactory (GrpcFactory.java:checkPooledByteBufAllocatorUseCacheForAllThreads(48)) - PERFORMANCE WARNING: useCacheForAllThreads is true that may cause Netty to create a lot garbage objects and, as a result, trigger GC.
	It is recommended to disable useCacheForAllThreads by setting -Dorg.apache.ratis.thirdparty.io.netty.allocator.useCacheForAllThreads=false in command line.
2022-08-10 09:21:19,441 [Listener at 0.0.0.0/40481] INFO  grpc.GrpcConfigKeys (ConfUtils.java:logGet(46)) - raft.grpc.admin.port = -1 (default)
2022-08-10 09:21:19,441 [Listener at 0.0.0.0/40481] INFO  grpc.GrpcConfigKeys (ConfUtils.java:logGet(46)) - raft.grpc.server.port = 44673 (custom)
2022-08-10 09:21:19,442 [Listener at 0.0.0.0/40481] INFO  grpc.GrpcConfigKeys (ConfUtils.java:logGet(46)) - raft.grpc.client.port = -1 (default)
2022-08-10 09:21:19,442 [Listener at 0.0.0.0/40481] INFO  grpc.GrpcConfigKeys (ConfUtils.java:logGet(46)) - raft.grpc.server.port = 44673 (custom)
2022-08-10 09:21:19,443 [Listener at 0.0.0.0/40481] INFO  grpc.GrpcConfigKeys (ConfUtils.java:logGet(46)) - raft.grpc.server.port = 44673 (custom)
2022-08-10 09:21:19,443 [Listener at 0.0.0.0/40481] INFO  server.GrpcService (ConfUtils.java:logGet(46)) - raft.grpc.message.size.max = 33554432 (custom)
2022-08-10 09:21:19,445 [Listener at 0.0.0.0/40481] INFO  server.RaftServerConfigKeys (ConfUtils.java:logGet(46)) - raft.server.log.appender.buffer.byte-limit = 33554432 (custom)
2022-08-10 09:21:19,445 [Listener at 0.0.0.0/40481] INFO  server.GrpcService (ConfUtils.java:logGet(46)) - raft.grpc.flow.control.window = 1MB (=1048576) (default)
2022-08-10 09:21:19,446 [Listener at 0.0.0.0/40481] INFO  server.RaftServerConfigKeys (ConfUtils.java:logGet(46)) - raft.server.rpc.request.timeout = 3000ms (default)
2022-08-10 09:21:19,465 [Listener at 0.0.0.0/40481] INFO  grpc.GrpcConfigKeys (ConfUtils.java:logGet(46)) - raft.grpc.server.async.request.thread.pool.cached = true (default)
2022-08-10 09:21:19,465 [Listener at 0.0.0.0/40481] INFO  grpc.GrpcConfigKeys (ConfUtils.java:logGet(46)) - raft.grpc.server.async.request.thread.pool.size = 32 (default)
2022-08-10 09:21:19,826 [Listener at 0.0.0.0/40481] INFO  impl.DataStreamServerImpl (ConfUtils.java:logGet(46)) - raft.datastream.type = DISABLED (default)
2022-08-10 09:21:19,829 [Listener at 0.0.0.0/40481] INFO  server.RaftServerConfigKeys (ConfUtils.java:logGet(46)) - raft.server.threadpool.proxy.cached = true (default)
2022-08-10 09:21:19,830 [Listener at 0.0.0.0/40481] INFO  server.RaftServerConfigKeys (ConfUtils.java:logGet(46)) - raft.server.threadpool.proxy.size = 0 (default)
2022-08-10 09:21:19,830 [Listener at 0.0.0.0/40481] INFO  server.RaftServerConfigKeys (ConfUtils.java:logGet(46)) - raft.server.rpc.slowness.timeout = 2s (custom)
2022-08-10 09:21:19,831 [Listener at 0.0.0.0/40481] INFO  server.RaftServerConfigKeys (ConfUtils.java:logGet(46)) - raft.server.leaderelection.leader.step-down.wait-time = 10s (default)
2022-08-10 09:21:19,835 [Listener at 0.0.0.0/40481] INFO  server.RaftServerConfigKeys (ConfUtils.java:logGet(46)) - raft.server.storage.dir = [/home/runner/work/ozone/ozone/hadoop-ozone/integration-test/target/test-dir/MiniOzoneClusterImpl-5b46f7b7-15cd-42ca-88c0-c813cff626ca/omNode-1/ratis] (custom)
2022-08-10 09:21:19,845 [Listener at 0.0.0.0/40481] INFO  server.RaftServer (RaftServerProxy.java:addNew(96)) - omNode-1: addNew group-523986131536:[omNode-3|rpc:localhost:34947|priority:0, omNode-1|rpc:localhost:44673|priority:0, omNode-2|rpc:localhost:36767|priority:0] returns group-523986131536:java.util.concurrent.CompletableFuture@d862de5[Not completed]
2022-08-10 09:21:19,845 [Listener at 0.0.0.0/40481] INFO  om.OzoneManager (OzoneManager.java:initializeRatisServer(1963)) - OzoneManager Ratis server initialized at port 44673
2022-08-10 09:21:19,865 [Listener at 0.0.0.0/40481] INFO  om.OzoneManager (OzoneManager.java:getRpcServer(1086)) - Creating RPC Server
2022-08-10 09:21:19,877 [pool-55-thread-1] INFO  server.RaftServer$Division (RaftServerImpl.java:<init>(190)) - omNode-1: new RaftServerImpl for group-523986131536:[omNode-3|rpc:localhost:34947|priority:0, omNode-1|rpc:localhost:44673|priority:0, omNode-2|rpc:localhost:36767|priority:0] with OzoneManagerStateMachine:uninitialized
2022-08-10 09:21:19,882 [pool-55-thread-1] INFO  server.RaftServerConfigKeys (ConfUtils.java:logGet(46)) - raft.server.rpc.timeout.min = 1s (custom)
2022-08-10 09:21:19,894 [pool-55-thread-1] INFO  server.RaftServerConfigKeys (ConfUtils.java:logGet(46)) - raft.server.rpc.timeout.max = 1200ms (custom)
2022-08-10 09:21:19,894 [pool-55-thread-1] INFO  server.RaftServerConfigKeys (ConfUtils.java:logGet(46)) - raft.server.rpc.sleep.time = 25ms (default)
2022-08-10 09:21:19,894 [pool-55-thread-1] INFO  server.RaftServerConfigKeys (ConfUtils.java:logGet(46)) - raft.server.rpc.slowness.timeout = 2s (custom)
2022-08-10 09:21:19,894 [pool-55-thread-1] INFO  server.RaftServerConfigKeys (ConfUtils.java:logGet(46)) - raft.server.leaderelection.leader.step-down.wait-time = 10s (default)
2022-08-10 09:21:19,894 [pool-55-thread-1] INFO  server.RaftServerConfigKeys (ConfUtils.java:logGet(46)) - raft.server.sleep.deviation.threshold = 300ms (default)
2022-08-10 09:21:19,934 [pool-55-thread-1] INFO  server.RaftServer$Division (ServerState.java:<init>(107)) - omNode-1@group-523986131536: ConfigurationManager, init=-1: [omNode-3|rpc:localhost:34947|priority:0, omNode-1|rpc:localhost:44673|priority:0, omNode-2|rpc:localhost:36767|priority:0], old=null, confs=<EMPTY_MAP>
2022-08-10 09:21:19,935 [pool-55-thread-1] INFO  server.RaftServerConfigKeys (ConfUtils.java:logGet(46)) - raft.server.storage.dir = [/home/runner/work/ozone/ozone/hadoop-ozone/integration-test/target/test-dir/MiniOzoneClusterImpl-5b46f7b7-15cd-42ca-88c0-c813cff626ca/omNode-1/ratis] (custom)
2022-08-10 09:21:19,942 [pool-55-thread-1] INFO  server.RaftServerConfigKeys (ConfUtils.java:logGet(46)) - raft.server.log.corruption.policy = EXCEPTION (default)
2022-08-10 09:21:19,943 [pool-55-thread-1] INFO  server.RaftServerConfigKeys (ConfUtils.java:logGet(46)) - raft.server.storage.free-space.min = 0MB (=0) (default)
2022-08-10 09:21:19,950 [pool-55-thread-1] INFO  storage.RaftStorageDirectory (RaftStorageDirectoryImpl.java:analyzeStorage(135)) - The storage directory /home/runner/work/ozone/ozone/hadoop-ozone/integration-test/target/test-dir/MiniOzoneClusterImpl-5b46f7b7-15cd-42ca-88c0-c813cff626ca/omNode-1/ratis/c9bc4cf4-3bc3-3c60-a66b-523986131536 does not exist. Creating ...
2022-08-10 09:21:19,969 [pool-55-thread-1] INFO  storage.RaftStorageDirectory (RaftStorageDirectoryImpl.java:tryLock(230)) - Lock on /home/runner/work/ozone/ozone/hadoop-ozone/integration-test/target/test-dir/MiniOzoneClusterImpl-5b46f7b7-15cd-42ca-88c0-c813cff626ca/omNode-1/ratis/c9bc4cf4-3bc3-3c60-a66b-523986131536/in_use.lock acquired by nodename 28234@fv-az244-795
2022-08-10 09:21:19,983 [pool-55-thread-1] INFO  storage.RaftStorage (RaftStorageImpl.java:format(89)) - Storage directory /home/runner/work/ozone/ozone/hadoop-ozone/integration-test/target/test-dir/MiniOzoneClusterImpl-5b46f7b7-15cd-42ca-88c0-c813cff626ca/omNode-1/ratis/c9bc4cf4-3bc3-3c60-a66b-523986131536 has been successfully formatted.
2022-08-10 09:21:19,989 [pool-55-thread-1] INFO  server.RaftServerConfigKeys (ConfUtils.java:logGet(46)) - raft.server.notification.no-leader.timeout = 2s (custom)
2022-08-10 09:21:19,990 [pool-55-thread-1] INFO  server.RaftServerConfigKeys (ConfUtils.java:logGet(46)) - raft.server.log.use.memory = false (default)
2022-08-10 09:21:20,007 [pool-55-thread-1] INFO  server.RaftServerConfigKeys (ConfUtils.java:logGet(46)) - raft.server.log.purge.gap = 50 (custom)
2022-08-10 09:21:20,007 [pool-55-thread-1] INFO  server.RaftServerConfigKeys (ConfUtils.java:logGet(46)) - raft.server.log.appender.buffer.byte-limit = 33554432 (custom)
2022-08-10 09:21:20,017 [pool-55-thread-1] INFO  server.RaftServerConfigKeys (ConfUtils.java:logGet(46)) - raft.server.log.statemachine.data.read.timeout = 1000ms (default)
2022-08-10 09:21:20,055 [pool-55-thread-1] INFO  server.RaftServerConfigKeys (ConfUtils.java:logGet(46)) - raft.server.log.segment.size.max = 4194304 (custom)
2022-08-10 09:21:20,108 [pool-55-thread-1] INFO  server.RaftServerConfigKeys (ConfUtils.java:logGet(46)) - raft.server.log.segment.cache.num.max = 2 (custom)
2022-08-10 09:21:20,109 [pool-55-thread-1] INFO  server.RaftServerConfigKeys (ConfUtils.java:logGet(46)) - raft.server.log.segment.cache.size.max = 200MB (=209715200) (default)
2022-08-10 09:21:20,128 [pool-55-thread-1] INFO  segmented.SegmentedRaftLogWorker (SegmentedRaftLogWorker.java:<init>(187)) - new omNode-1@group-523986131536-SegmentedRaftLogWorker for RaftStorageImpl:Storage Directory /home/runner/work/ozone/ozone/hadoop-ozone/integration-test/target/test-dir/MiniOzoneClusterImpl-5b46f7b7-15cd-42ca-88c0-c813cff626ca/omNode-1/ratis/c9bc4cf4-3bc3-3c60-a66b-523986131536
2022-08-10 09:21:20,131 [pool-55-thread-1] INFO  server.RaftServerConfigKeys (ConfUtils.java:logGet(46)) - raft.server.log.queue.byte-limit = 64MB (=67108864) (default)
2022-08-10 09:21:20,132 [pool-55-thread-1] INFO  server.RaftServerConfigKeys (ConfUtils.java:logGet(46)) - raft.server.log.queue.element-limit = 4096 (default)
2022-08-10 09:21:20,133 [pool-55-thread-1] INFO  server.RaftServerConfigKeys (ConfUtils.java:logGet(46)) - raft.server.log.segment.size.max = 4194304 (custom)
2022-08-10 09:21:20,134 [pool-55-thread-1] INFO  server.RaftServerConfigKeys (ConfUtils.java:logGet(46)) - raft.server.log.preallocated.size = 4194304 (custom)
2022-08-10 09:21:20,134 [pool-55-thread-1] INFO  server.RaftServerConfigKeys (ConfUtils.java:logGet(46)) - raft.server.log.force.sync.num = 128 (default)
2022-08-10 09:21:20,136 [pool-55-thread-1] INFO  server.RaftServerConfigKeys (ConfUtils.java:logGet(46)) - raft.server.log.statemachine.data.sync = true (default)
2022-08-10 09:21:20,136 [pool-55-thread-1] INFO  server.RaftServerConfigKeys (ConfUtils.java:logGet(46)) - raft.server.log.statemachine.data.sync.timeout = 10s (default)
2022-08-10 09:21:20,136 [pool-55-thread-1] INFO  server.RaftServerConfigKeys (ConfUtils.java:logGet(46)) - raft.server.log.statemachine.data.sync.timeout.retry = -1 (default)
2022-08-10 09:21:20,161 [pool-55-thread-1] INFO  server.RaftServerConfigKeys (ConfUtils.java:logGet(46)) - raft.server.log.write.buffer.size = 64KB (=65536) (default)
2022-08-10 09:21:20,162 [pool-55-thread-1] INFO  server.RaftServerConfigKeys (ConfUtils.java:logGet(46)) - raft.server.log.unsafe-flush.enabled = false (default)
2022-08-10 09:21:20,163 [pool-55-thread-1] INFO  server.RaftServerConfigKeys (ConfUtils.java:logGet(46)) - raft.server.log.statemachine.data.caching.enabled = false (default)
2022-08-10 09:21:20,175 [pool-55-thread-1] INFO  segmented.SegmentedRaftLogWorker (SegmentedRaftLogWorker.java:lambda$new$0(135)) - omNode-1@group-523986131536-SegmentedRaftLogWorker: flushIndex: setUnconditionally 0 -> -1
2022-08-10 09:21:20,175 [pool-55-thread-1] INFO  segmented.SegmentedRaftLogWorker (SegmentedRaftLogWorker.java:lambda$new$0(135)) - omNode-1@group-523986131536-SegmentedRaftLogWorker: safeCacheEvictIndex: setUnconditionally 0 -> -1
2022-08-10 09:21:20,188 [pool-55-thread-1] INFO  server.RaftServerConfigKeys (ConfUtils.java:logGet(46)) - raft.server.snapshot.auto.trigger.enabled = true (custom)
2022-08-10 09:21:20,189 [pool-55-thread-1] INFO  server.RaftServerConfigKeys (ConfUtils.java:logGet(46)) - raft.server.snapshot.auto.trigger.threshold = 50 (custom)
2022-08-10 09:21:20,189 [pool-55-thread-1] INFO  server.RaftServerConfigKeys (ConfUtils.java:logGet(46)) - raft.server.snapshot.retention.file.num = -1 (default)
2022-08-10 09:21:20,190 [pool-55-thread-1] INFO  server.RaftServerConfigKeys (ConfUtils.java:logGet(46)) - raft.server.log.purge.upto.snapshot.index = true (custom)
2022-08-10 09:21:20,192 [pool-55-thread-1] INFO  server.RaftServerConfigKeys (ConfUtils.java:logGet(46)) - raft.server.retrycache.expirytime = 30000ms (custom)
2022-08-10 09:21:20,192 [pool-55-thread-1] INFO  server.RaftServerConfigKeys (ConfUtils.java:logGet(46)) - raft.server.retrycache.statistics.expirytime = 100μs (default)
2022-08-10 09:21:20,314 [pool-55-thread-1] INFO  server.RaftServerConfigKeys (ConfUtils.java:logGet(46)) - raft.server.log.appender.install.snapshot.enabled = false (custom)
2022-08-10 09:21:20,314 [pool-55-thread-1] INFO  server.RaftServerConfigKeys (ConfUtils.java:logGet(46)) - raft.server.threadpool.server.cached = true (default)
2022-08-10 09:21:20,315 [pool-55-thread-1] INFO  server.RaftServerConfigKeys (ConfUtils.java:logGet(46)) - raft.server.threadpool.server.size = 0 (default)
2022-08-10 09:21:20,315 [pool-55-thread-1] INFO  server.RaftServerConfigKeys (ConfUtils.java:logGet(46)) - raft.server.threadpool.client.cached = true (default)
2022-08-10 09:21:20,315 [pool-55-thread-1] INFO  server.RaftServerConfigKeys (ConfUtils.java:logGet(46)) - raft.server.threadpool.client.size = 0 (default)
2022-08-10 09:21:20,723 [Listener at 0.0.0.0/40481] INFO  reflections.Reflections (Reflections.java:scan(232)) - Reflections took 760 ms to scan 19 urls, producing 67 keys and 4150 values [using 2 cores]
2022-08-10 09:21:21,087 [Listener at 0.0.0.0/40481] INFO  ipc.CallQueueManager (CallQueueManager.java:<init>(90)) - Using callQueue: class java.util.concurrent.LinkedBlockingQueue, queueCapacity: 2000, scheduler: class org.apache.hadoop.ipc.DefaultRpcScheduler, ipcBackoff: false.
2022-08-10 09:21:21,088 [Socket Reader #1 for port 39929] INFO  ipc.Server (Server.java:run(1265)) - Starting Socket Reader #1 for port 39929
2022-08-10 09:21:21,137 [Listener at 127.0.0.1/39929] INFO  impl.MetricsSystemImpl (MetricsSystemImpl.java:init(158)) - OzoneManager metrics system started (again)
2022-08-10 09:21:21,153 [Listener at 127.0.0.1/39929] INFO  om.OzoneManager (OzoneManager.java:start(1470)) - OzoneManager RPC server is listening at localhost/127.0.0.1:39929
2022-08-10 09:21:21,154 [Listener at 127.0.0.1/39929] INFO  ratis.OzoneManagerRatisServer (OzoneManagerRatisServer.java:start(554)) - Starting OzoneManagerRatisServer omNode-1 at port 44673
2022-08-10 09:21:21,156 [omNode-1-impl-thread1] INFO  server.RaftServer$Division (RaftServerImpl.java:start(310)) - omNode-1@group-523986131536: start as a follower, conf=-1: [omNode-3|rpc:localhost:34947|priority:0, omNode-1|rpc:localhost:44673|priority:0, omNode-2|rpc:localhost:36767|priority:0], old=null
2022-08-10 09:21:21,156 [omNode-1-impl-thread1] INFO  server.RaftServer$Division (RaftServerImpl.java:setRole(299)) - omNode-1@group-523986131536: changes role from      null to FOLLOWER at term 0 for startAsFollower
2022-08-10 09:21:21,157 [omNode-1-impl-thread1] INFO  impl.RoleInfo (RoleInfo.java:updateAndGet(139)) - omNode-1: start omNode-1@group-523986131536-FollowerState
2022-08-10 09:21:21,159 [omNode-1-impl-thread1] INFO  util.JmxRegister (JmxRegister.java:tryRegister(44)) - Successfully registered JMX Bean with object name Ratis:service=RaftServer,group=group-523986131536,id=omNode-1
2022-08-10 09:21:21,164 [Listener at 127.0.0.1/39929] INFO  server.RaftServer (RaftServerProxy.java:lambda$start$6(382)) - omNode-1: start RPC server
2022-08-10 09:21:21,239 [Listener at 127.0.0.1/39929] INFO  server.GrpcService (GrpcService.java:startImpl(260)) - omNode-1: GrpcService started, listening on 44673
2022-08-10 09:21:21,242 [Listener at 127.0.0.1/39929] INFO  om.OzoneManager (OzoneManager.java:start(1486)) - Version File has different layout version (3) than OM DB (null). That is expected if this OM has never been finalized to a newer layout version.
2022-08-10 09:21:21,247 [org.apache.ratis.util.JvmPauseMonitor$$Lambda$696/1259104175@32e9818b] INFO  util.JvmPauseMonitor (JvmPauseMonitor.java:run(103)) - JvmPauseMonitor-omNode-1: Started
2022-08-10 09:21:21,267 [Listener at 127.0.0.1/39929] INFO  http.BaseHttpServer (BaseHttpServer.java:newHttpServer2BuilderForOzone(209)) - Starting Web-server for ozoneManager at: http://0.0.0.0:33883
2022-08-10 09:21:21,267 [Listener at 127.0.0.1/39929] INFO  http.BaseHttpServer (BaseHttpServer.java:<init>(107)) - Hadoop Security Enabled: false Ozone Security Enabled: false Ozone HTTP Security Enabled: false 
2022-08-10 09:21:21,269 [Listener at 127.0.0.1/39929] INFO  server.AuthenticationFilter (AuthenticationFilter.java:constructSecretProvider(240)) - Unable to initialize FileSignerSecretProvider, falling back to use random secrets.
2022-08-10 09:21:21,270 [Listener at 127.0.0.1/39929] WARN  http.HttpRequestLog (HttpRequestLog.java:getRequestLog(103)) - Jetty request log can only be enabled using Log4j
2022-08-10 09:21:21,272 [Listener at 127.0.0.1/39929] INFO  http.HttpServer2 (HttpServer2.java:addGlobalFilter(1029)) - Added global filter 'safety' (class=org.apache.hadoop.hdds.server.http.HttpServer2$QuotingInputFilter)
2022-08-10 09:21:21,273 [Listener at 127.0.0.1/39929] INFO  http.HttpServer2 (HttpServer2.java:addFilter(1005)) - Added filter static_user_filter (class=org.apache.hadoop.http.lib.StaticUserWebFilter$StaticUserFilter) to context ozoneManager
2022-08-10 09:21:21,274 [Listener at 127.0.0.1/39929] INFO  http.HttpServer2 (HttpServer2.java:addFilter(1013)) - Added filter static_user_filter (class=org.apache.hadoop.http.lib.StaticUserWebFilter$StaticUserFilter) to context static
2022-08-10 09:21:21,274 [Listener at 127.0.0.1/39929] INFO  http.HttpServer2 (HttpServer2.java:addFilter(1013)) - Added filter static_user_filter (class=org.apache.hadoop.http.lib.StaticUserWebFilter$StaticUserFilter) to context logs
2022-08-10 09:21:21,276 [Listener at 127.0.0.1/39929] INFO  http.HttpServer2 (HttpServer2.java:bindListener(1248)) - Jetty bound to port 33883
2022-08-10 09:21:21,278 [Listener at 127.0.0.1/39929] INFO  server.Server (Server.java:doStart(375)) - jetty-9.4.43.v20210629; built: 2021-06-30T11:07:22.254Z; git: 526006ecfa3af7f1a27ef3a288e2bef7ea9dd7e8; jvm 1.8.0_332-b09
2022-08-10 09:21:21,287 [Listener at 127.0.0.1/39929] INFO  server.session (DefaultSessionIdManager.java:doStart(334)) - DefaultSessionIdManager workerName=node0
2022-08-10 09:21:21,287 [Listener at 127.0.0.1/39929] INFO  server.session (DefaultSessionIdManager.java:doStart(339)) - No SessionScavenger set, using defaults
2022-08-10 09:21:21,288 [Listener at 127.0.0.1/39929] INFO  server.session (HouseKeeper.java:startScavenging(132)) - node0 Scavenging every 660000ms
2022-08-10 09:21:21,289 [Listener at 127.0.0.1/39929] INFO  handler.ContextHandler (ContextHandler.java:doStart(915)) - Started o.e.j.s.ServletContextHandler@581c0da6{logs,/logs,file:///home/runner/work/ozone/ozone/hadoop-ozone/integration-test/target/log,AVAILABLE}
2022-08-10 09:21:21,290 [Listener at 127.0.0.1/39929] INFO  handler.ContextHandler (ContextHandler.java:doStart(915)) - Started o.e.j.s.ServletContextHandler@740ba30d{static,/static,file:///home/runner/work/ozone/ozone/hadoop-ozone/integration-test/target/test-classes/webapps/static,AVAILABLE}
2022-08-10 09:21:21,294 [Listener at 127.0.0.1/39929] INFO  handler.ContextHandler (ContextHandler.java:doStart(915)) - Started o.e.j.w.WebAppContext@363f50e3{ozoneManager,/,file:///home/runner/work/ozone/ozone/hadoop-ozone/integration-test/target/test-classes/webapps/ozoneManager/,AVAILABLE}{file:/home/runner/work/ozone/ozone/hadoop-ozone/integration-test/target/test-classes/webapps/ozoneManager}
2022-08-10 09:21:21,305 [Listener at 127.0.0.1/39929] INFO  server.AbstractConnector (AbstractConnector.java:doStart(331)) - Started ServerConnector@6b542adc{HTTP/1.1, (http/1.1)}{0.0.0.0:33883}
2022-08-10 09:21:21,307 [Listener at 127.0.0.1/39929] INFO  server.Server (Server.java:doStart(415)) - Started @8755ms
2022-08-10 09:21:21,307 [Listener at 127.0.0.1/39929] WARN  impl.MetricsSystemImpl (MetricsSystemImpl.java:register(279)) - Sink prometheus already exists!
2022-08-10 09:21:21,309 [Listener at 127.0.0.1/39929] INFO  http.BaseHttpServer (BaseHttpServer.java:updateConnectorAddress(329)) - HTTP server of ozoneManager listening at http://0.0.0.0:33883
2022-08-10 09:21:21,310 [IPC Server Responder] INFO  ipc.Server (Server.java:run(1507)) - IPC Server Responder: starting
2022-08-10 09:21:21,310 [IPC Server listener on 39929] INFO  ipc.Server (Server.java:run(1344)) - IPC Server listener on 39929: starting
2022-08-10 09:21:21,315 [Listener at 127.0.0.1/39929] INFO  om.OzoneManager (OzoneManager.java:startTrashEmptier(1907)) - Trash Interval set to 0. Files deleted won't move to trash
2022-08-10 09:21:21,324 [Listener at 127.0.0.1/39929] INFO  ozone.MiniOzoneHAClusterImpl (MiniOzoneHAClusterImpl.java:createOMService(527)) - Started OzoneManager omNode-1 RPC server at localhost/127.0.0.1:39929
2022-08-10 09:21:21,325 [Listener at 127.0.0.1/39929] INFO  ha.OMHANodeDetails (OMHANodeDetails.java:loadOMHAConfig(121)) - ServiceID for OzoneManager is om-service-test1
2022-08-10 09:21:21,326 [Listener at 127.0.0.1/39929] INFO  ha.OMHANodeDetails (OMHANodeDetails.java:loadOMHAConfig(201)) - Found matching OM address with OMServiceId: om-service-test1, OMNodeId: omNode-2, RPC Address: localhost:38141 and Ratis port: 36767
2022-08-10 09:21:21,326 [Listener at 127.0.0.1/39929] INFO  ha.OMHANodeDetails (ConfUtils.java:setNodeSpecificConfigs(97)) - Setting configuration key ozone.om.http-address with value of key ozone.om.http-address.om-service-test1.omNode-2: 127.0.0.1:45427
2022-08-10 09:21:21,326 [Listener at 127.0.0.1/39929] INFO  ha.OMHANodeDetails (ConfUtils.java:setNodeSpecificConfigs(97)) - Setting configuration key ozone.om.https-address with value of key ozone.om.https-address.om-service-test1.omNode-2: 127.0.0.1:44579
2022-08-10 09:21:21,327 [Listener at 127.0.0.1/39929] INFO  ha.OMHANodeDetails (ConfUtils.java:setNodeSpecificConfigs(97)) - Setting configuration key ozone.om.address with value of key ozone.om.address.om-service-test1.omNode-2: 127.0.0.1:38141
2022-08-10 09:21:21,328 [Listener at 127.0.0.1/39929] WARN  server.ServerUtils (ServerUtils.java:getDBPath(225)) - ozone.om.db.dirs is not configured. We recommend adding this setting. Falling back to ozone.metadata.dirs instead.
2022-08-10 09:21:21,330 [Listener at 127.0.0.1/39929] INFO  proxy.SCMBlockLocationFailoverProxyProvider (SCMBlockLocationFailoverProxyProvider.java:<init>(114)) - Created block location fail-over proxy with 1 nodes: [nodeId=scmNodeId,nodeAddress=/0.0.0.0:38863]
2022-08-10 09:21:21,332 [org.apache.hadoop.util.JvmPauseMonitor$Monitor@341a25da] INFO  util.JvmPauseMonitor (JvmPauseMonitor.java:run(188)) - Starting JVM pause monitor
OM initialization succeeded.Current cluster id for sd=/home/runner/work/ozone/ozone/hadoop-ozone/integration-test/target/test-dir/MiniOzoneClusterImpl-5b46f7b7-15cd-42ca-88c0-c813cff626ca/omNode-2/om;cid=5b46f7b7-15cd-42ca-88c0-c813cff626ca;layoutVersion=3
2022-08-10 09:21:21,344 [Listener at 127.0.0.1/39929] INFO  ha.OMHANodeDetails (OMHANodeDetails.java:loadOMHAConfig(121)) - ServiceID for OzoneManager is om-service-test1
2022-08-10 09:21:21,345 [Listener at 127.0.0.1/39929] INFO  ha.OMHANodeDetails (OMHANodeDetails.java:loadOMHAConfig(201)) - Found matching OM address with OMServiceId: om-service-test1, OMNodeId: omNode-2, RPC Address: localhost:38141 and Ratis port: 36767
2022-08-10 09:21:21,345 [Listener at 127.0.0.1/39929] INFO  ha.OMHANodeDetails (ConfUtils.java:setNodeSpecificConfigs(97)) - Setting configuration key ozone.om.http-address with value of key ozone.om.http-address.om-service-test1.omNode-2: 127.0.0.1:45427
2022-08-10 09:21:21,345 [Listener at 127.0.0.1/39929] INFO  ha.OMHANodeDetails (ConfUtils.java:setNodeSpecificConfigs(97)) - Setting configuration key ozone.om.https-address with value of key ozone.om.https-address.om-service-test1.omNode-2: 127.0.0.1:44579
2022-08-10 09:21:21,346 [Listener at 127.0.0.1/39929] INFO  ha.OMHANodeDetails (ConfUtils.java:setNodeSpecificConfigs(97)) - Setting configuration key ozone.om.address with value of key ozone.om.address.om-service-test1.omNode-2: 127.0.0.1:38141
2022-08-10 09:21:21,346 [Listener at 127.0.0.1/39929] WARN  server.ServerUtils (ServerUtils.java:getDBPath(225)) - ozone.om.db.dirs is not configured. We recommend adding this setting. Falling back to ozone.metadata.dirs instead.
2022-08-10 09:21:21,346 [Listener at 127.0.0.1/39929] INFO  upgrade.AbstractLayoutVersionManager (AbstractLayoutVersionManager.java:init(83)) - Initializing Layout version manager with metadata layout = MULTITENANCY_SCHEMA (version = 3), software layout = MULTITENANCY_SCHEMA (version = 3)
2022-08-10 09:21:21,434 [Listener at 127.0.0.1/39929] INFO  reflections.Reflections (Reflections.java:scan(232)) - Reflections took 81 ms to scan 2 urls, producing 153 keys and 426 values [using 2 cores]
2022-08-10 09:21:21,435 [Listener at 127.0.0.1/39929] INFO  upgrade.OMLayoutVersionManager (OMLayoutVersionManager.java:lambda$0(115)) - Skipping Upgrade Action MockOmUpgradeAction since it has been finalized.
2022-08-10 09:21:21,435 [Listener at 127.0.0.1/39929] WARN  server.ServerUtils (ServerUtils.java:getDBPath(225)) - ozone.om.db.dirs is not configured. We recommend adding this setting. Falling back to ozone.metadata.dirs instead.
2022-08-10 09:21:21,436 [Listener at 127.0.0.1/39929] INFO  proxy.SCMBlockLocationFailoverProxyProvider (SCMBlockLocationFailoverProxyProvider.java:<init>(114)) - Created block location fail-over proxy with 1 nodes: [nodeId=scmNodeId,nodeAddress=/0.0.0.0:38863]
2022-08-10 09:21:21,438 [Listener at 127.0.0.1/39929] INFO  proxy.SCMBlockLocationFailoverProxyProvider (SCMBlockLocationFailoverProxyProvider.java:<init>(114)) - Created block location fail-over proxy with 1 nodes: [nodeId=scmNodeId,nodeAddress=/0.0.0.0:38863]
2022-08-10 09:21:21,454 [Listener at 127.0.0.1/39929] WARN  server.ServerUtils (ServerUtils.java:getDBPath(225)) - ozone.om.db.dirs is not configured. We recommend adding this setting. Falling back to ozone.metadata.dirs instead.
2022-08-10 09:21:21,455 [Listener at 127.0.0.1/39929] INFO  codec.OmKeyInfoCodec (OmKeyInfoCodec.java:<init>(49)) - OmKeyInfoCodec ignorePipeline = true
2022-08-10 09:21:21,455 [Listener at 127.0.0.1/39929] INFO  codec.RepeatedOmKeyInfoCodec (RepeatedOmKeyInfoCodec.java:<init>(41)) - RepeatedOmKeyInfoCodec ignorePipeline = true
2022-08-10 09:21:21,678 [Listener at 127.0.0.1/39929] INFO  om.OzoneManager (OzoneManager.java:instantiateServices(697)) - S3 Multi-Tenancy is disabled
2022-08-10 09:21:21,679 [Listener at 127.0.0.1/39929] INFO  om.OzoneManager (OzoneManager.java:addS3GVolumeToDB(4308)) - Created Volume s3v With Owner runner required for S3Gateway operations.
2022-08-10 09:21:21,679 [Listener at 127.0.0.1/39929] WARN  server.ServerUtils (ServerUtils.java:getDefaultRatisDirectory(237)) - Storage directory for Ratis is not configured. It is a good idea to map this to an SSD disk. Falling back to ozone.metadata.dirs
2022-08-10 09:21:21,680 [Listener at 127.0.0.1/39929] WARN  utils.OzoneManagerRatisUtils (OzoneManagerRatisUtils.java:getOMRatisSnapshotDirectory(434)) - ozone.om.ratis.snapshot.dir is not configured. Falling back to ozone.metadata.dirs config
2022-08-10 09:21:21,680 [Listener at 127.0.0.1/39929] INFO  snapshot.OzoneManagerSnapshotProvider (OzoneManagerSnapshotProvider.java:<init>(76)) - Initializing OM Snapshot Provider
2022-08-10 09:21:21,685 [Listener at 127.0.0.1/39929] WARN  impl.MetricRegistriesImpl (MetricRegistriesImpl.java:addReporterRegistration(111)) - New reporters are added after registries were created. Some metrics will be missing from the reporter. Please add reporter before adding any new registry.
2022-08-10 09:21:21,685 [Listener at 127.0.0.1/39929] WARN  impl.MetricRegistriesImpl (MetricRegistriesImpl.java:addReporterRegistration(111)) - New reporters are added after registries were created. Some metrics will be missing from the reporter. Please add reporter before adding any new registry.
2022-08-10 09:21:21,685 [Listener at 127.0.0.1/39929] WARN  server.ServerUtils (ServerUtils.java:getDefaultRatisDirectory(237)) - Storage directory for Ratis is not configured. It is a good idea to map this to an SSD disk. Falling back to ozone.metadata.dirs
2022-08-10 09:21:21,687 [Listener at 127.0.0.1/39929] INFO  ratis.OzoneManagerRatisServer (OzoneManagerRatisServer.java:<init>(159)) - Instantiating OM Ratis server with groupID: om-service-test1 and peers: localhost:36767, localhost:34947, localhost:44673
2022-08-10 09:21:21,687 [Listener at 127.0.0.1/39929] INFO  ratis.OzoneManagerStateMachine (OzoneManagerStateMachine.java:loadSnapshotInfoFromDB(632)) - LastAppliedIndex is set from TransactionInfo from OM DB as (t:0, i:~)
2022-08-10 09:21:21,688 [Listener at 127.0.0.1/39929] INFO  server.RaftServer (ConfUtils.java:logGet(46)) - raft.rpc.type = GRPC (default)
2022-08-10 09:21:21,688 [Listener at 127.0.0.1/39929] INFO  grpc.GrpcFactory (GrpcFactory.java:checkPooledByteBufAllocatorUseCacheForAllThreads(48)) - PERFORMANCE WARNING: useCacheForAllThreads is true that may cause Netty to create a lot garbage objects and, as a result, trigger GC.
	It is recommended to disable useCacheForAllThreads by setting -Dorg.apache.ratis.thirdparty.io.netty.allocator.useCacheForAllThreads=false in command line.
2022-08-10 09:21:21,688 [Listener at 127.0.0.1/39929] INFO  grpc.GrpcConfigKeys (ConfUtils.java:logGet(46)) - raft.grpc.admin.port = -1 (default)
2022-08-10 09:21:21,688 [Listener at 127.0.0.1/39929] INFO  grpc.GrpcConfigKeys (ConfUtils.java:logGet(46)) - raft.grpc.server.port = 36767 (custom)
2022-08-10 09:21:21,689 [Listener at 127.0.0.1/39929] INFO  grpc.GrpcConfigKeys (ConfUtils.java:logGet(46)) - raft.grpc.client.port = -1 (default)
2022-08-10 09:21:21,689 [Listener at 127.0.0.1/39929] INFO  grpc.GrpcConfigKeys (ConfUtils.java:logGet(46)) - raft.grpc.server.port = 36767 (custom)
2022-08-10 09:21:21,689 [Listener at 127.0.0.1/39929] INFO  grpc.GrpcConfigKeys (ConfUtils.java:logGet(46)) - raft.grpc.server.port = 36767 (custom)
2022-08-10 09:21:21,689 [Listener at 127.0.0.1/39929] INFO  server.GrpcService (ConfUtils.java:logGet(46)) - raft.grpc.message.size.max = 33554432 (custom)
2022-08-10 09:21:21,689 [Listener at 127.0.0.1/39929] INFO  server.RaftServerConfigKeys (ConfUtils.java:logGet(46)) - raft.server.log.appender.buffer.byte-limit = 33554432 (custom)
2022-08-10 09:21:21,690 [Listener at 127.0.0.1/39929] INFO  server.GrpcService (ConfUtils.java:logGet(46)) - raft.grpc.flow.control.window = 1MB (=1048576) (default)
2022-08-10 09:21:21,690 [Listener at 127.0.0.1/39929] INFO  server.RaftServerConfigKeys (ConfUtils.java:logGet(46)) - raft.server.rpc.request.timeout = 3000ms (default)
2022-08-10 09:21:21,690 [Listener at 127.0.0.1/39929] INFO  grpc.GrpcConfigKeys (ConfUtils.java:logGet(46)) - raft.grpc.server.async.request.thread.pool.cached = true (default)
2022-08-10 09:21:21,690 [Listener at 127.0.0.1/39929] INFO  grpc.GrpcConfigKeys (ConfUtils.java:logGet(46)) - raft.grpc.server.async.request.thread.pool.size = 32 (default)
2022-08-10 09:21:21,691 [Listener at 127.0.0.1/39929] INFO  impl.DataStreamServerImpl (ConfUtils.java:logGet(46)) - raft.datastream.type = DISABLED (default)
2022-08-10 09:21:21,692 [Listener at 127.0.0.1/39929] INFO  server.RaftServerConfigKeys (ConfUtils.java:logGet(46)) - raft.server.threadpool.proxy.cached = true (default)
2022-08-10 09:21:21,692 [Listener at 127.0.0.1/39929] INFO  server.RaftServerConfigKeys (ConfUtils.java:logGet(46)) - raft.server.threadpool.proxy.size = 0 (default)
2022-08-10 09:21:21,692 [Listener at 127.0.0.1/39929] INFO  server.RaftServerConfigKeys (ConfUtils.java:logGet(46)) - raft.server.rpc.slowness.timeout = 2s (custom)
2022-08-10 09:21:21,692 [Listener at 127.0.0.1/39929] INFO  server.RaftServerConfigKeys (ConfUtils.java:logGet(46)) - raft.server.leaderelection.leader.step-down.wait-time = 10s (default)
2022-08-10 09:21:21,693 [Listener at 127.0.0.1/39929] INFO  server.RaftServerConfigKeys (ConfUtils.java:logGet(46)) - raft.server.storage.dir = [/home/runner/work/ozone/ozone/hadoop-ozone/integration-test/target/test-dir/MiniOzoneClusterImpl-5b46f7b7-15cd-42ca-88c0-c813cff626ca/omNode-2/ratis] (custom)
2022-08-10 09:21:21,700 [Listener at 127.0.0.1/39929] INFO  server.RaftServer (RaftServerProxy.java:addNew(96)) - omNode-2: addNew group-523986131536:[omNode-3|rpc:localhost:34947|priority:0, omNode-1|rpc:localhost:44673|priority:0, omNode-2|rpc:localhost:36767|priority:0] returns group-523986131536:java.util.concurrent.CompletableFuture@69b039f6[Not completed]
2022-08-10 09:21:21,701 [Listener at 127.0.0.1/39929] INFO  om.OzoneManager (OzoneManager.java:initializeRatisServer(1963)) - OzoneManager Ratis server initialized at port 36767
2022-08-10 09:21:21,703 [Listener at 127.0.0.1/39929] INFO  om.OzoneManager (OzoneManager.java:getRpcServer(1086)) - Creating RPC Server
2022-08-10 09:21:21,705 [pool-82-thread-1] INFO  server.RaftServer$Division (RaftServerImpl.java:<init>(190)) - omNode-2: new RaftServerImpl for group-523986131536:[omNode-3|rpc:localhost:34947|priority:0, omNode-1|rpc:localhost:44673|priority:0, omNode-2|rpc:localhost:36767|priority:0] with OzoneManagerStateMachine:uninitialized
2022-08-10 09:21:21,705 [pool-82-thread-1] INFO  server.RaftServerConfigKeys (ConfUtils.java:logGet(46)) - raft.server.rpc.timeout.min = 1s (custom)
2022-08-10 09:21:21,705 [pool-82-thread-1] INFO  server.RaftServerConfigKeys (ConfUtils.java:logGet(46)) - raft.server.rpc.timeout.max = 1200ms (custom)
2022-08-10 09:21:21,705 [pool-82-thread-1] INFO  server.RaftServerConfigKeys (ConfUtils.java:logGet(46)) - raft.server.rpc.sleep.time = 25ms (default)
2022-08-10 09:21:21,706 [pool-82-thread-1] INFO  server.RaftServerConfigKeys (ConfUtils.java:logGet(46)) - raft.server.rpc.slowness.timeout = 2s (custom)
2022-08-10 09:21:21,706 [pool-82-thread-1] INFO  server.RaftServerConfigKeys (ConfUtils.java:logGet(46)) - raft.server.leaderelection.leader.step-down.wait-time = 10s (default)
2022-08-10 09:21:21,706 [pool-82-thread-1] INFO  server.RaftServerConfigKeys (ConfUtils.java:logGet(46)) - raft.server.sleep.deviation.threshold = 300ms (default)
2022-08-10 09:21:21,712 [pool-82-thread-1] INFO  server.RaftServer$Division (ServerState.java:<init>(107)) - omNode-2@group-523986131536: ConfigurationManager, init=-1: [omNode-3|rpc:localhost:34947|priority:0, omNode-1|rpc:localhost:44673|priority:0, omNode-2|rpc:localhost:36767|priority:0], old=null, confs=<EMPTY_MAP>
2022-08-10 09:21:21,712 [pool-82-thread-1] INFO  server.RaftServerConfigKeys (ConfUtils.java:logGet(46)) - raft.server.storage.dir = [/home/runner/work/ozone/ozone/hadoop-ozone/integration-test/target/test-dir/MiniOzoneClusterImpl-5b46f7b7-15cd-42ca-88c0-c813cff626ca/omNode-2/ratis] (custom)
2022-08-10 09:21:21,712 [pool-82-thread-1] INFO  server.RaftServerConfigKeys (ConfUtils.java:logGet(46)) - raft.server.log.corruption.policy = EXCEPTION (default)
2022-08-10 09:21:21,712 [pool-82-thread-1] INFO  server.RaftServerConfigKeys (ConfUtils.java:logGet(46)) - raft.server.storage.free-space.min = 0MB (=0) (default)
2022-08-10 09:21:21,713 [pool-82-thread-1] INFO  storage.RaftStorageDirectory (RaftStorageDirectoryImpl.java:analyzeStorage(135)) - The storage directory /home/runner/work/ozone/ozone/hadoop-ozone/integration-test/target/test-dir/MiniOzoneClusterImpl-5b46f7b7-15cd-42ca-88c0-c813cff626ca/omNode-2/ratis/c9bc4cf4-3bc3-3c60-a66b-523986131536 does not exist. Creating ...
2022-08-10 09:21:21,716 [pool-82-thread-1] INFO  storage.RaftStorageDirectory (RaftStorageDirectoryImpl.java:tryLock(230)) - Lock on /home/runner/work/ozone/ozone/hadoop-ozone/integration-test/target/test-dir/MiniOzoneClusterImpl-5b46f7b7-15cd-42ca-88c0-c813cff626ca/omNode-2/ratis/c9bc4cf4-3bc3-3c60-a66b-523986131536/in_use.lock acquired by nodename 28234@fv-az244-795
2022-08-10 09:21:21,717 [pool-82-thread-1] INFO  storage.RaftStorage (RaftStorageImpl.java:format(89)) - Storage directory /home/runner/work/ozone/ozone/hadoop-ozone/integration-test/target/test-dir/MiniOzoneClusterImpl-5b46f7b7-15cd-42ca-88c0-c813cff626ca/omNode-2/ratis/c9bc4cf4-3bc3-3c60-a66b-523986131536 has been successfully formatted.
2022-08-10 09:21:21,718 [pool-82-thread-1] INFO  server.RaftServerConfigKeys (ConfUtils.java:logGet(46)) - raft.server.notification.no-leader.timeout = 2s (custom)
2022-08-10 09:21:21,718 [pool-82-thread-1] INFO  server.RaftServerConfigKeys (ConfUtils.java:logGet(46)) - raft.server.log.use.memory = false (default)
2022-08-10 09:21:21,718 [pool-82-thread-1] INFO  server.RaftServerConfigKeys (ConfUtils.java:logGet(46)) - raft.server.log.purge.gap = 50 (custom)
2022-08-10 09:21:21,718 [pool-82-thread-1] INFO  server.RaftServerConfigKeys (ConfUtils.java:logGet(46)) - raft.server.log.appender.buffer.byte-limit = 33554432 (custom)
2022-08-10 09:21:21,718 [pool-82-thread-1] INFO  server.RaftServerConfigKeys (ConfUtils.java:logGet(46)) - raft.server.log.statemachine.data.read.timeout = 1000ms (default)
2022-08-10 09:21:21,719 [pool-82-thread-1] INFO  server.RaftServerConfigKeys (ConfUtils.java:logGet(46)) - raft.server.log.segment.size.max = 4194304 (custom)
2022-08-10 09:21:21,719 [pool-82-thread-1] INFO  server.RaftServerConfigKeys (ConfUtils.java:logGet(46)) - raft.server.log.segment.cache.num.max = 2 (custom)
2022-08-10 09:21:21,719 [pool-82-thread-1] INFO  server.RaftServerConfigKeys (ConfUtils.java:logGet(46)) - raft.server.log.segment.cache.size.max = 200MB (=209715200) (default)
2022-08-10 09:21:21,720 [pool-82-thread-1] INFO  segmented.SegmentedRaftLogWorker (SegmentedRaftLogWorker.java:<init>(187)) - new omNode-2@group-523986131536-SegmentedRaftLogWorker for RaftStorageImpl:Storage Directory /home/runner/work/ozone/ozone/hadoop-ozone/integration-test/target/test-dir/MiniOzoneClusterImpl-5b46f7b7-15cd-42ca-88c0-c813cff626ca/omNode-2/ratis/c9bc4cf4-3bc3-3c60-a66b-523986131536
2022-08-10 09:21:21,720 [pool-82-thread-1] INFO  server.RaftServerConfigKeys (ConfUtils.java:logGet(46)) - raft.server.log.queue.byte-limit = 64MB (=67108864) (default)
2022-08-10 09:21:21,720 [pool-82-thread-1] INFO  server.RaftServerConfigKeys (ConfUtils.java:logGet(46)) - raft.server.log.queue.element-limit = 4096 (default)
2022-08-10 09:21:21,720 [pool-82-thread-1] INFO  server.RaftServerConfigKeys (ConfUtils.java:logGet(46)) - raft.server.log.segment.size.max = 4194304 (custom)
2022-08-10 09:21:21,720 [pool-82-thread-1] INFO  server.RaftServerConfigKeys (ConfUtils.java:logGet(46)) - raft.server.log.preallocated.size = 4194304 (custom)
2022-08-10 09:21:21,720 [pool-82-thread-1] INFO  server.RaftServerConfigKeys (ConfUtils.java:logGet(46)) - raft.server.log.force.sync.num = 128 (default)
2022-08-10 09:21:21,721 [pool-82-thread-1] INFO  server.RaftServerConfigKeys (ConfUtils.java:logGet(46)) - raft.server.log.statemachine.data.sync = true (default)
2022-08-10 09:21:21,721 [pool-82-thread-1] INFO  server.RaftServerConfigKeys (ConfUtils.java:logGet(46)) - raft.server.log.statemachine.data.sync.timeout = 10s (default)
2022-08-10 09:21:21,721 [pool-82-thread-1] INFO  server.RaftServerConfigKeys (ConfUtils.java:logGet(46)) - raft.server.log.statemachine.data.sync.timeout.retry = -1 (default)
2022-08-10 09:21:21,722 [pool-82-thread-1] INFO  server.RaftServerConfigKeys (ConfUtils.java:logGet(46)) - raft.server.log.write.buffer.size = 64KB (=65536) (default)
2022-08-10 09:21:21,722 [pool-82-thread-1] INFO  server.RaftServerConfigKeys (ConfUtils.java:logGet(46)) - raft.server.log.unsafe-flush.enabled = false (default)
2022-08-10 09:21:21,722 [pool-82-thread-1] INFO  server.RaftServerConfigKeys (ConfUtils.java:logGet(46)) - raft.server.log.statemachine.data.caching.enabled = false (default)
2022-08-10 09:21:21,722 [pool-82-thread-1] INFO  segmented.SegmentedRaftLogWorker (SegmentedRaftLogWorker.java:lambda$new$0(135)) - omNode-2@group-523986131536-SegmentedRaftLogWorker: flushIndex: setUnconditionally 0 -> -1
2022-08-10 09:21:21,722 [pool-82-thread-1] INFO  segmented.SegmentedRaftLogWorker (SegmentedRaftLogWorker.java:lambda$new$0(135)) - omNode-2@group-523986131536-SegmentedRaftLogWorker: safeCacheEvictIndex: setUnconditionally 0 -> -1
2022-08-10 09:21:21,728 [pool-82-thread-1] INFO  server.RaftServerConfigKeys (ConfUtils.java:logGet(46)) - raft.server.snapshot.auto.trigger.enabled = true (custom)
2022-08-10 09:21:21,728 [pool-82-thread-1] INFO  server.RaftServerConfigKeys (ConfUtils.java:logGet(46)) - raft.server.snapshot.auto.trigger.threshold = 50 (custom)
2022-08-10 09:21:21,728 [pool-82-thread-1] INFO  server.RaftServerConfigKeys (ConfUtils.java:logGet(46)) - raft.server.snapshot.retention.file.num = -1 (default)
2022-08-10 09:21:21,728 [pool-82-thread-1] INFO  server.RaftServerConfigKeys (ConfUtils.java:logGet(46)) - raft.server.log.purge.upto.snapshot.index = true (custom)
2022-08-10 09:21:21,728 [pool-82-thread-1] INFO  server.RaftServerConfigKeys (ConfUtils.java:logGet(46)) - raft.server.retrycache.expirytime = 30000ms (custom)
2022-08-10 09:21:21,730 [pool-82-thread-1] INFO  server.RaftServerConfigKeys (ConfUtils.java:logGet(46)) - raft.server.retrycache.statistics.expirytime = 100μs (default)
2022-08-10 09:21:21,732 [pool-82-thread-1] INFO  server.RaftServerConfigKeys (ConfUtils.java:logGet(46)) - raft.server.log.appender.install.snapshot.enabled = false (custom)
2022-08-10 09:21:21,732 [pool-82-thread-1] INFO  server.RaftServerConfigKeys (ConfUtils.java:logGet(46)) - raft.server.threadpool.server.cached = true (default)
2022-08-10 09:21:21,732 [pool-82-thread-1] INFO  server.RaftServerConfigKeys (ConfUtils.java:logGet(46)) - raft.server.threadpool.server.size = 0 (default)
2022-08-10 09:21:21,732 [pool-82-thread-1] INFO  server.RaftServerConfigKeys (ConfUtils.java:logGet(46)) - raft.server.threadpool.client.cached = true (default)
2022-08-10 09:21:21,732 [pool-82-thread-1] INFO  server.RaftServerConfigKeys (ConfUtils.java:logGet(46)) - raft.server.threadpool.client.size = 0 (default)
2022-08-10 09:21:21,876 [Finalizer] WARN  managed.ManagedRocksObjectUtils (ManagedRocksObjectUtils.java:assertClosed(39)) - ManagedColumnFamilyOptions is not closed properly
2022-08-10 09:21:21,876 [Finalizer] WARN  managed.ManagedRocksObjectUtils (ManagedRocksObjectUtils.java:assertClosed(39)) - ManagedColumnFamilyOptions is not closed properly
2022-08-10 09:21:21,876 [Finalizer] WARN  managed.ManagedRocksObjectUtils (ManagedRocksObjectUtils.java:assertClosed(39)) - ManagedColumnFamilyOptions is not closed properly
2022-08-10 09:21:21,876 [Finalizer] WARN  managed.ManagedRocksObjectUtils (ManagedRocksObjectUtils.java:assertClosed(39)) - ManagedColumnFamilyOptions is not closed properly
2022-08-10 09:21:21,876 [Finalizer] WARN  managed.ManagedRocksObjectUtils (ManagedRocksObjectUtils.java:assertClosed(39)) - ManagedColumnFamilyOptions is not closed properly
2022-08-10 09:21:21,876 [Finalizer] WARN  managed.ManagedRocksObjectUtils (ManagedRocksObjectUtils.java:assertClosed(39)) - ManagedColumnFamilyOptions is not closed properly
2022-08-10 09:21:21,876 [Finalizer] WARN  managed.ManagedRocksObjectUtils (ManagedRocksObjectUtils.java:assertClosed(39)) - ManagedColumnFamilyOptions is not closed properly
2022-08-10 09:21:21,876 [Finalizer] WARN  managed.ManagedRocksObjectUtils (ManagedRocksObjectUtils.java:assertClosed(39)) - ManagedColumnFamilyOptions is not closed properly
2022-08-10 09:21:21,880 [Finalizer] WARN  managed.ManagedRocksObjectUtils (ManagedRocksObjectUtils.java:assertClosed(39)) - ManagedColumnFamilyOptions is not closed properly
2022-08-10 09:21:21,880 [Finalizer] WARN  managed.ManagedRocksObjectUtils (ManagedRocksObjectUtils.java:assertClosed(39)) - ManagedColumnFamilyOptions is not closed properly
2022-08-10 09:21:21,880 [Finalizer] WARN  managed.ManagedRocksObjectUtils (ManagedRocksObjectUtils.java:assertClosed(39)) - ManagedColumnFamilyOptions is not closed properly
2022-08-10 09:21:21,880 [Finalizer] WARN  managed.ManagedRocksObjectUtils (ManagedRocksObjectUtils.java:assertClosed(39)) - ManagedColumnFamilyOptions is not closed properly
2022-08-10 09:21:21,880 [Finalizer] WARN  managed.ManagedRocksObjectUtils (ManagedRocksObjectUtils.java:assertClosed(39)) - ManagedColumnFamilyOptions is not closed properly
2022-08-10 09:21:21,881 [Finalizer] WARN  managed.ManagedRocksObjectUtils (ManagedRocksObjectUtils.java:assertClosed(39)) - ManagedColumnFamilyOptions is not closed properly
2022-08-10 09:21:21,881 [Finalizer] WARN  managed.ManagedRocksObjectUtils (ManagedRocksObjectUtils.java:assertClosed(39)) - ManagedColumnFamilyOptions is not closed properly
2022-08-10 09:21:21,881 [Finalizer] WARN  managed.ManagedRocksObjectUtils (ManagedRocksObjectUtils.java:assertClosed(39)) - ManagedColumnFamilyOptions is not closed properly
2022-08-10 09:21:21,881 [Finalizer] WARN  managed.ManagedRocksObjectUtils (ManagedRocksObjectUtils.java:assertClosed(39)) - ManagedColumnFamilyOptions is not closed properly
2022-08-10 09:21:21,881 [Finalizer] WARN  managed.ManagedRocksObjectUtils (ManagedRocksObjectUtils.java:assertClosed(39)) - ManagedColumnFamilyOptions is not closed properly
2022-08-10 09:21:21,881 [Finalizer] WARN  managed.ManagedRocksObjectUtils (ManagedRocksObjectUtils.java:assertClosed(39)) - ManagedColumnFamilyOptions is not closed properly
2022-08-10 09:21:21,881 [Finalizer] WARN  managed.ManagedRocksObjectUtils (ManagedRocksObjectUtils.java:assertClosed(39)) - ManagedColumnFamilyOptions is not closed properly
2022-08-10 09:21:21,881 [Finalizer] WARN  managed.ManagedRocksObjectUtils (ManagedRocksObjectUtils.java:assertClosed(39)) - ManagedColumnFamilyOptions is not closed properly
2022-08-10 09:21:22,154 [Listener at 127.0.0.1/39929] INFO  reflections.Reflections (Reflections.java:scan(232)) - Reflections took 450 ms to scan 19 urls, producing 67 keys and 4150 values [using 2 cores]
2022-08-10 09:21:22,156 [Listener at 127.0.0.1/39929] INFO  ipc.CallQueueManager (CallQueueManager.java:<init>(90)) - Using callQueue: class java.util.concurrent.LinkedBlockingQueue, queueCapacity: 2000, scheduler: class org.apache.hadoop.ipc.DefaultRpcScheduler, ipcBackoff: false.
2022-08-10 09:21:22,165 [Socket Reader #1 for port 38141] INFO  ipc.Server (Server.java:run(1265)) - Starting Socket Reader #1 for port 38141
2022-08-10 09:21:22,198 [Listener at 127.0.0.1/38141] INFO  impl.MetricsSystemImpl (MetricsSystemImpl.java:init(158)) - OzoneManager metrics system started (again)
2022-08-10 09:21:22,209 [Listener at 127.0.0.1/38141] INFO  om.OzoneManager (OzoneManager.java:start(1470)) - OzoneManager RPC server is listening at localhost/127.0.0.1:38141
2022-08-10 09:21:22,209 [Listener at 127.0.0.1/38141] INFO  ratis.OzoneManagerRatisServer (OzoneManagerRatisServer.java:start(554)) - Starting OzoneManagerRatisServer omNode-2 at port 36767
2022-08-10 09:21:22,210 [omNode-2-impl-thread1] INFO  server.RaftServer$Division (RaftServerImpl.java:start(310)) - omNode-2@group-523986131536: start as a follower, conf=-1: [omNode-3|rpc:localhost:34947|priority:0, omNode-1|rpc:localhost:44673|priority:0, omNode-2|rpc:localhost:36767|priority:0], old=null
2022-08-10 09:21:22,210 [omNode-2-impl-thread1] INFO  server.RaftServer$Division (RaftServerImpl.java:setRole(299)) - omNode-2@group-523986131536: changes role from      null to FOLLOWER at term 0 for startAsFollower
2022-08-10 09:21:22,210 [omNode-2-impl-thread1] INFO  impl.RoleInfo (RoleInfo.java:updateAndGet(139)) - omNode-2: start omNode-2@group-523986131536-FollowerState
2022-08-10 09:21:22,211 [omNode-2-impl-thread1] INFO  util.JmxRegister (JmxRegister.java:tryRegister(44)) - Successfully registered JMX Bean with object name Ratis:service=RaftServer,group=group-523986131536,id=omNode-2
2022-08-10 09:21:22,214 [Listener at 127.0.0.1/38141] INFO  server.RaftServer (RaftServerProxy.java:lambda$start$6(382)) - omNode-2: start RPC server
2022-08-10 09:21:22,217 [Listener at 127.0.0.1/38141] INFO  server.GrpcService (GrpcService.java:startImpl(260)) - omNode-2: GrpcService started, listening on 36767
2022-08-10 09:21:22,220 [Listener at 127.0.0.1/38141] INFO  om.OzoneManager (OzoneManager.java:start(1486)) - Version File has different layout version (3) than OM DB (null). That is expected if this OM has never been finalized to a newer layout version.
2022-08-10 09:21:22,221 [org.apache.ratis.util.JvmPauseMonitor$$Lambda$696/1259104175@139a4eb2] INFO  util.JvmPauseMonitor (JvmPauseMonitor.java:run(103)) - JvmPauseMonitor-omNode-2: Started
2022-08-10 09:21:22,232 [Listener at 127.0.0.1/38141] INFO  http.BaseHttpServer (BaseHttpServer.java:newHttpServer2BuilderForOzone(209)) - Starting Web-server for ozoneManager at: http://0.0.0.0:45427
2022-08-10 09:21:22,233 [Listener at 127.0.0.1/38141] INFO  http.BaseHttpServer (BaseHttpServer.java:<init>(107)) - Hadoop Security Enabled: false Ozone Security Enabled: false Ozone HTTP Security Enabled: false 
2022-08-10 09:21:22,234 [Listener at 127.0.0.1/38141] INFO  server.AuthenticationFilter (AuthenticationFilter.java:constructSecretProvider(240)) - Unable to initialize FileSignerSecretProvider, falling back to use random secrets.
2022-08-10 09:21:22,235 [Listener at 127.0.0.1/38141] WARN  http.HttpRequestLog (HttpRequestLog.java:getRequestLog(103)) - Jetty request log can only be enabled using Log4j
2022-08-10 09:21:22,237 [Listener at 127.0.0.1/38141] INFO  http.HttpServer2 (HttpServer2.java:addGlobalFilter(1029)) - Added global filter 'safety' (class=org.apache.hadoop.hdds.server.http.HttpServer2$QuotingInputFilter)
2022-08-10 09:21:22,238 [Listener at 127.0.0.1/38141] INFO  http.HttpServer2 (HttpServer2.java:addFilter(1005)) - Added filter static_user_filter (class=org.apache.hadoop.http.lib.StaticUserWebFilter$StaticUserFilter) to context ozoneManager
2022-08-10 09:21:22,239 [Listener at 127.0.0.1/38141] INFO  http.HttpServer2 (HttpServer2.java:addFilter(1013)) - Added filter static_user_filter (class=org.apache.hadoop.http.lib.StaticUserWebFilter$StaticUserFilter) to context static
2022-08-10 09:21:22,239 [Listener at 127.0.0.1/38141] INFO  http.HttpServer2 (HttpServer2.java:addFilter(1013)) - Added filter static_user_filter (class=org.apache.hadoop.http.lib.StaticUserWebFilter$StaticUserFilter) to context logs
2022-08-10 09:21:22,240 [Listener at 127.0.0.1/38141] INFO  http.HttpServer2 (HttpServer2.java:bindListener(1248)) - Jetty bound to port 45427
2022-08-10 09:21:22,240 [Listener at 127.0.0.1/38141] INFO  server.Server (Server.java:doStart(375)) - jetty-9.4.43.v20210629; built: 2021-06-30T11:07:22.254Z; git: 526006ecfa3af7f1a27ef3a288e2bef7ea9dd7e8; jvm 1.8.0_332-b09
2022-08-10 09:21:22,245 [Listener at 127.0.0.1/38141] INFO  server.session (DefaultSessionIdManager.java:doStart(334)) - DefaultSessionIdManager workerName=node0
2022-08-10 09:21:22,245 [Listener at 127.0.0.1/38141] INFO  server.session (DefaultSessionIdManager.java:doStart(339)) - No SessionScavenger set, using defaults
2022-08-10 09:21:22,246 [Listener at 127.0.0.1/38141] INFO  server.session (HouseKeeper.java:startScavenging(132)) - node0 Scavenging every 600000ms
2022-08-10 09:21:22,246 [Listener at 127.0.0.1/38141] INFO  handler.ContextHandler (ContextHandler.java:doStart(915)) - Started o.e.j.s.ServletContextHandler@66c8c875{logs,/logs,file:///home/runner/work/ozone/ozone/hadoop-ozone/integration-test/target/log,AVAILABLE}
2022-08-10 09:21:22,247 [Listener at 127.0.0.1/38141] INFO  handler.ContextHandler (ContextHandler.java:doStart(915)) - Started o.e.j.s.ServletContextHandler@3e4f326e{static,/static,file:///home/runner/work/ozone/ozone/hadoop-ozone/integration-test/target/test-classes/webapps/static,AVAILABLE}
2022-08-10 09:21:22,251 [Listener at 127.0.0.1/38141] INFO  handler.ContextHandler (ContextHandler.java:doStart(915)) - Started o.e.j.w.WebAppContext@40dac99d{ozoneManager,/,file:///home/runner/work/ozone/ozone/hadoop-ozone/integration-test/target/test-classes/webapps/ozoneManager/,AVAILABLE}{file:/home/runner/work/ozone/ozone/hadoop-ozone/integration-test/target/test-classes/webapps/ozoneManager}
2022-08-10 09:21:22,252 [Listener at 127.0.0.1/38141] INFO  server.AbstractConnector (AbstractConnector.java:doStart(331)) - Started ServerConnector@7b0ad09a{HTTP/1.1, (http/1.1)}{0.0.0.0:45427}
2022-08-10 09:21:22,252 [Listener at 127.0.0.1/38141] INFO  server.Server (Server.java:doStart(415)) - Started @9702ms
2022-08-10 09:21:22,253 [Listener at 127.0.0.1/38141] WARN  impl.MetricsSystemImpl (MetricsSystemImpl.java:register(279)) - Sink prometheus already exists!
2022-08-10 09:21:22,257 [Listener at 127.0.0.1/38141] INFO  http.BaseHttpServer (BaseHttpServer.java:updateConnectorAddress(329)) - HTTP server of ozoneManager listening at http://0.0.0.0:45427
2022-08-10 09:21:22,258 [IPC Server Responder] INFO  ipc.Server (Server.java:run(1507)) - IPC Server Responder: starting
2022-08-10 09:21:22,258 [IPC Server listener on 38141] INFO  ipc.Server (Server.java:run(1344)) - IPC Server listener on 38141: starting
2022-08-10 09:21:22,260 [omNode-1@group-523986131536-FollowerState] INFO  impl.FollowerState (FollowerState.java:run(143)) - omNode-1@group-523986131536-FollowerState: change to CANDIDATE, lastRpcElapsedTime:1103402914ns, electionTimeout:1099ms
2022-08-10 09:21:22,263 [omNode-1@group-523986131536-FollowerState] INFO  impl.RoleInfo (RoleInfo.java:shutdownFollowerState(110)) - omNode-1: shutdown omNode-1@group-523986131536-FollowerState
2022-08-10 09:21:22,263 [omNode-1@group-523986131536-FollowerState] INFO  server.RaftServer$Division (RaftServerImpl.java:setRole(299)) - omNode-1@group-523986131536: changes role from  FOLLOWER to CANDIDATE at term 0 for changeToCandidate
2022-08-10 09:21:22,282 [Listener at 127.0.0.1/38141] INFO  om.OzoneManager (OzoneManager.java:startTrashEmptier(1907)) - Trash Interval set to 0. Files deleted won't move to trash
2022-08-10 09:21:22,285 [Listener at 127.0.0.1/38141] INFO  ozone.MiniOzoneHAClusterImpl (MiniOzoneHAClusterImpl.java:createOMService(527)) - Started OzoneManager omNode-2 RPC server at localhost/127.0.0.1:38141
2022-08-10 09:21:22,287 [Listener at 127.0.0.1/38141] INFO  ha.OMHANodeDetails (OMHANodeDetails.java:loadOMHAConfig(121)) - ServiceID for OzoneManager is om-service-test1
2022-08-10 09:21:22,295 [Listener at 127.0.0.1/38141] INFO  ha.OMHANodeDetails (OMHANodeDetails.java:loadOMHAConfig(201)) - Found matching OM address with OMServiceId: om-service-test1, OMNodeId: omNode-3, RPC Address: localhost:36235 and Ratis port: 34947
2022-08-10 09:21:22,295 [Listener at 127.0.0.1/38141] INFO  ha.OMHANodeDetails (ConfUtils.java:setNodeSpecificConfigs(97)) - Setting configuration key ozone.om.http-address with value of key ozone.om.http-address.om-service-test1.omNode-3: 127.0.0.1:34027
2022-08-10 09:21:22,295 [Listener at 127.0.0.1/38141] INFO  ha.OMHANodeDetails (ConfUtils.java:setNodeSpecificConfigs(97)) - Setting configuration key ozone.om.https-address with value of key ozone.om.https-address.om-service-test1.omNode-3: 127.0.0.1:43577
2022-08-10 09:21:22,295 [Listener at 127.0.0.1/38141] INFO  ha.OMHANodeDetails (ConfUtils.java:setNodeSpecificConfigs(97)) - Setting configuration key ozone.om.address with value of key ozone.om.address.om-service-test1.omNode-3: 127.0.0.1:36235
2022-08-10 09:21:22,296 [Listener at 127.0.0.1/38141] WARN  server.ServerUtils (ServerUtils.java:getDBPath(225)) - ozone.om.db.dirs is not configured. We recommend adding this setting. Falling back to ozone.metadata.dirs instead.
2022-08-10 09:21:22,298 [Listener at 127.0.0.1/38141] INFO  proxy.SCMBlockLocationFailoverProxyProvider (SCMBlockLocationFailoverProxyProvider.java:<init>(114)) - Created block location fail-over proxy with 1 nodes: [nodeId=scmNodeId,nodeAddress=/0.0.0.0:38863]
2022-08-10 09:21:22,299 [org.apache.hadoop.util.JvmPauseMonitor$Monitor@5f80ae28] INFO  util.JvmPauseMonitor (JvmPauseMonitor.java:run(188)) - Starting JVM pause monitor
2022-08-10 09:21:22,299 [omNode-1@group-523986131536-FollowerState] INFO  server.RaftServerConfigKeys (ConfUtils.java:logGet(46)) - raft.server.leaderelection.pre-vote = false (custom)
2022-08-10 09:21:22,299 [omNode-1@group-523986131536-FollowerState] INFO  impl.RoleInfo (RoleInfo.java:updateAndGet(139)) - omNode-1: start omNode-1@group-523986131536-LeaderElection1
2022-08-10 09:21:22,314 [omNode-1@group-523986131536-LeaderElection1] INFO  impl.LeaderElection (LeaderElection.java:askForVotes(310)) - omNode-1@group-523986131536-LeaderElection1 ELECTION round 0: submit vote requests at term 1 for -1: [omNode-3|rpc:localhost:34947|priority:0, omNode-1|rpc:localhost:44673|priority:0, omNode-2|rpc:localhost:36767|priority:0], old=null
OM initialization succeeded.Current cluster id for sd=/home/runner/work/ozone/ozone/hadoop-ozone/integration-test/target/test-dir/MiniOzoneClusterImpl-5b46f7b7-15cd-42ca-88c0-c813cff626ca/omNode-3/om;cid=5b46f7b7-15cd-42ca-88c0-c813cff626ca;layoutVersion=3
2022-08-10 09:21:22,324 [Listener at 127.0.0.1/38141] INFO  ha.OMHANodeDetails (OMHANodeDetails.java:loadOMHAConfig(121)) - ServiceID for OzoneManager is om-service-test1
2022-08-10 09:21:22,325 [Listener at 127.0.0.1/38141] INFO  ha.OMHANodeDetails (OMHANodeDetails.java:loadOMHAConfig(201)) - Found matching OM address with OMServiceId: om-service-test1, OMNodeId: omNode-3, RPC Address: localhost:36235 and Ratis port: 34947
2022-08-10 09:21:22,325 [Listener at 127.0.0.1/38141] INFO  ha.OMHANodeDetails (ConfUtils.java:setNodeSpecificConfigs(97)) - Setting configuration key ozone.om.http-address with value of key ozone.om.http-address.om-service-test1.omNode-3: 127.0.0.1:34027
2022-08-10 09:21:22,325 [Listener at 127.0.0.1/38141] INFO  ha.OMHANodeDetails (ConfUtils.java:setNodeSpecificConfigs(97)) - Setting configuration key ozone.om.https-address with value of key ozone.om.https-address.om-service-test1.omNode-3: 127.0.0.1:43577
2022-08-10 09:21:22,325 [Listener at 127.0.0.1/38141] INFO  ha.OMHANodeDetails (ConfUtils.java:setNodeSpecificConfigs(97)) - Setting configuration key ozone.om.address with value of key ozone.om.address.om-service-test1.omNode-3: 127.0.0.1:36235
2022-08-10 09:21:22,326 [Listener at 127.0.0.1/38141] WARN  server.ServerUtils (ServerUtils.java:getDBPath(225)) - ozone.om.db.dirs is not configured. We recommend adding this setting. Falling back to ozone.metadata.dirs instead.
2022-08-10 09:21:22,326 [Listener at 127.0.0.1/38141] INFO  upgrade.AbstractLayoutVersionManager (AbstractLayoutVersionManager.java:init(83)) - Initializing Layout version manager with metadata layout = MULTITENANCY_SCHEMA (version = 3), software layout = MULTITENANCY_SCHEMA (version = 3)
2022-08-10 09:21:22,467 [Listener at 127.0.0.1/38141] INFO  reflections.Reflections (Reflections.java:scan(232)) - Reflections took 140 ms to scan 2 urls, producing 153 keys and 426 values [using 2 cores]
2022-08-10 09:21:22,468 [Listener at 127.0.0.1/38141] INFO  upgrade.OMLayoutVersionManager (OMLayoutVersionManager.java:lambda$0(115)) - Skipping Upgrade Action MockOmUpgradeAction since it has been finalized.
2022-08-10 09:21:22,468 [Listener at 127.0.0.1/38141] WARN  server.ServerUtils (ServerUtils.java:getDBPath(225)) - ozone.om.db.dirs is not configured. We recommend adding this setting. Falling back to ozone.metadata.dirs instead.
2022-08-10 09:21:22,477 [Listener at 127.0.0.1/38141] INFO  proxy.SCMBlockLocationFailoverProxyProvider (SCMBlockLocationFailoverProxyProvider.java:<init>(114)) - Created block location fail-over proxy with 1 nodes: [nodeId=scmNodeId,nodeAddress=/0.0.0.0:38863]
2022-08-10 09:21:22,479 [Listener at 127.0.0.1/38141] INFO  proxy.SCMBlockLocationFailoverProxyProvider (SCMBlockLocationFailoverProxyProvider.java:<init>(114)) - Created block location fail-over proxy with 1 nodes: [nodeId=scmNodeId,nodeAddress=/0.0.0.0:38863]
2022-08-10 09:21:22,504 [Listener at 127.0.0.1/38141] WARN  server.ServerUtils (ServerUtils.java:getDBPath(225)) - ozone.om.db.dirs is not configured. We recommend adding this setting. Falling back to ozone.metadata.dirs instead.
2022-08-10 09:21:22,507 [Listener at 127.0.0.1/38141] INFO  codec.OmKeyInfoCodec (OmKeyInfoCodec.java:<init>(49)) - OmKeyInfoCodec ignorePipeline = true
2022-08-10 09:21:22,507 [Listener at 127.0.0.1/38141] INFO  codec.RepeatedOmKeyInfoCodec (RepeatedOmKeyInfoCodec.java:<init>(41)) - RepeatedOmKeyInfoCodec ignorePipeline = true
2022-08-10 09:21:22,719 [Finalizer] WARN  managed.ManagedRocksObjectUtils (ManagedRocksObjectUtils.java:assertClosed(39)) - ManagedColumnFamilyOptions is not closed properly
2022-08-10 09:21:22,719 [Finalizer] WARN  managed.ManagedRocksObjectUtils (ManagedRocksObjectUtils.java:assertClosed(39)) - ManagedColumnFamilyOptions is not closed properly
2022-08-10 09:21:22,719 [Finalizer] WARN  managed.ManagedRocksObjectUtils (ManagedRocksObjectUtils.java:assertClosed(39)) - ManagedColumnFamilyOptions is not closed properly
2022-08-10 09:21:22,719 [Finalizer] WARN  managed.ManagedRocksObjectUtils (ManagedRocksObjectUtils.java:assertClosed(39)) - ManagedColumnFamilyOptions is not closed properly
2022-08-10 09:21:22,719 [Finalizer] WARN  managed.ManagedRocksObjectUtils (ManagedRocksObjectUtils.java:assertClosed(39)) - ManagedColumnFamilyOptions is not closed properly
2022-08-10 09:21:22,719 [Finalizer] WARN  managed.ManagedRocksObjectUtils (ManagedRocksObjectUtils.java:assertClosed(39)) - ManagedColumnFamilyOptions is not closed properly
2022-08-10 09:21:22,719 [Finalizer] WARN  managed.ManagedRocksObjectUtils (ManagedRocksObjectUtils.java:assertClosed(39)) - ManagedColumnFamilyOptions is not closed properly
2022-08-10 09:21:22,720 [Finalizer] WARN  managed.ManagedRocksObjectUtils (ManagedRocksObjectUtils.java:assertClosed(39)) - ManagedColumnFamilyOptions is not closed properly
2022-08-10 09:21:22,720 [Finalizer] WARN  managed.ManagedRocksObjectUtils (ManagedRocksObjectUtils.java:assertClosed(39)) - ManagedColumnFamilyOptions is not closed properly
2022-08-10 09:21:22,720 [Finalizer] WARN  managed.ManagedRocksObjectUtils (ManagedRocksObjectUtils.java:assertClosed(39)) - ManagedColumnFamilyOptions is not closed properly
2022-08-10 09:21:22,720 [Finalizer] WARN  managed.ManagedRocksObjectUtils (ManagedRocksObjectUtils.java:assertClosed(39)) - ManagedColumnFamilyOptions is not closed properly
2022-08-10 09:21:22,720 [Finalizer] WARN  managed.ManagedRocksObjectUtils (ManagedRocksObjectUtils.java:assertClosed(39)) - ManagedColumnFamilyOptions is not closed properly
2022-08-10 09:21:22,724 [Finalizer] WARN  managed.ManagedRocksObjectUtils (ManagedRocksObjectUtils.java:assertClosed(39)) - ManagedColumnFamilyOptions is not closed properly
2022-08-10 09:21:22,724 [Finalizer] WARN  managed.ManagedRocksObjectUtils (ManagedRocksObjectUtils.java:assertClosed(39)) - ManagedColumnFamilyOptions is not closed properly
2022-08-10 09:21:22,724 [Finalizer] WARN  managed.ManagedRocksObjectUtils (ManagedRocksObjectUtils.java:assertClosed(39)) - ManagedColumnFamilyOptions is not closed properly
2022-08-10 09:21:22,724 [Finalizer] WARN  managed.ManagedRocksObjectUtils (ManagedRocksObjectUtils.java:assertClosed(39)) - ManagedColumnFamilyOptions is not closed properly
2022-08-10 09:21:22,724 [Finalizer] WARN  managed.ManagedRocksObjectUtils (ManagedRocksObjectUtils.java:assertClosed(39)) - ManagedColumnFamilyOptions is not closed properly
2022-08-10 09:21:22,724 [Finalizer] WARN  managed.ManagedRocksObjectUtils (ManagedRocksObjectUtils.java:assertClosed(39)) - ManagedColumnFamilyOptions is not closed properly
2022-08-10 09:21:22,725 [Finalizer] WARN  managed.ManagedRocksObjectUtils (ManagedRocksObjectUtils.java:assertClosed(39)) - ManagedColumnFamilyOptions is not closed properly
2022-08-10 09:21:22,725 [Finalizer] WARN  managed.ManagedRocksObjectUtils (ManagedRocksObjectUtils.java:assertClosed(39)) - ManagedColumnFamilyOptions is not closed properly
2022-08-10 09:21:22,830 [Listener at 127.0.0.1/38141] INFO  om.OzoneManager (OzoneManager.java:instantiateServices(697)) - S3 Multi-Tenancy is disabled
2022-08-10 09:21:22,836 [Listener at 127.0.0.1/38141] INFO  om.OzoneManager (OzoneManager.java:addS3GVolumeToDB(4308)) - Created Volume s3v With Owner runner required for S3Gateway operations.
2022-08-10 09:21:22,837 [Listener at 127.0.0.1/38141] WARN  server.ServerUtils (ServerUtils.java:getDefaultRatisDirectory(237)) - Storage directory for Ratis is not configured. It is a good idea to map this to an SSD disk. Falling back to ozone.metadata.dirs
2022-08-10 09:21:22,837 [Listener at 127.0.0.1/38141] WARN  utils.OzoneManagerRatisUtils (OzoneManagerRatisUtils.java:getOMRatisSnapshotDirectory(434)) - ozone.om.ratis.snapshot.dir is not configured. Falling back to ozone.metadata.dirs config
2022-08-10 09:21:22,837 [Listener at 127.0.0.1/38141] INFO  snapshot.OzoneManagerSnapshotProvider (OzoneManagerSnapshotProvider.java:<init>(76)) - Initializing OM Snapshot Provider
2022-08-10 09:21:22,844 [Listener at 127.0.0.1/38141] WARN  impl.MetricRegistriesImpl (MetricRegistriesImpl.java:addReporterRegistration(111)) - New reporters are added after registries were created. Some metrics will be missing from the reporter. Please add reporter before adding any new registry.
2022-08-10 09:21:22,845 [Listener at 127.0.0.1/38141] WARN  impl.MetricRegistriesImpl (MetricRegistriesImpl.java:addReporterRegistration(111)) - New reporters are added after registries were created. Some metrics will be missing from the reporter. Please add reporter before adding any new registry.
2022-08-10 09:21:22,845 [Listener at 127.0.0.1/38141] WARN  server.ServerUtils (ServerUtils.java:getDefaultRatisDirectory(237)) - Storage directory for Ratis is not configured. It is a good idea to map this to an SSD disk. Falling back to ozone.metadata.dirs
2022-08-10 09:21:22,846 [Listener at 127.0.0.1/38141] INFO  ratis.OzoneManagerRatisServer (OzoneManagerRatisServer.java:<init>(159)) - Instantiating OM Ratis server with groupID: om-service-test1 and peers: localhost:34947, localhost:44673, localhost:36767
2022-08-10 09:21:22,847 [Listener at 127.0.0.1/38141] INFO  ratis.OzoneManagerStateMachine (OzoneManagerStateMachine.java:loadSnapshotInfoFromDB(632)) - LastAppliedIndex is set from TransactionInfo from OM DB as (t:0, i:~)
2022-08-10 09:21:22,856 [Listener at 127.0.0.1/38141] INFO  server.RaftServer (ConfUtils.java:logGet(46)) - raft.rpc.type = GRPC (default)
2022-08-10 09:21:22,856 [Listener at 127.0.0.1/38141] INFO  grpc.GrpcFactory (GrpcFactory.java:checkPooledByteBufAllocatorUseCacheForAllThreads(48)) - PERFORMANCE WARNING: useCacheForAllThreads is true that may cause Netty to create a lot garbage objects and, as a result, trigger GC.
	It is recommended to disable useCacheForAllThreads by setting -Dorg.apache.ratis.thirdparty.io.netty.allocator.useCacheForAllThreads=false in command line.
2022-08-10 09:21:22,857 [Listener at 127.0.0.1/38141] INFO  grpc.GrpcConfigKeys (ConfUtils.java:logGet(46)) - raft.grpc.admin.port = -1 (default)
2022-08-10 09:21:22,857 [Listener at 127.0.0.1/38141] INFO  grpc.GrpcConfigKeys (ConfUtils.java:logGet(46)) - raft.grpc.server.port = 34947 (custom)
2022-08-10 09:21:22,857 [Listener at 127.0.0.1/38141] INFO  grpc.GrpcConfigKeys (ConfUtils.java:logGet(46)) - raft.grpc.client.port = -1 (default)
2022-08-10 09:21:22,857 [Listener at 127.0.0.1/38141] INFO  grpc.GrpcConfigKeys (ConfUtils.java:logGet(46)) - raft.grpc.server.port = 34947 (custom)
2022-08-10 09:21:22,857 [Listener at 127.0.0.1/38141] INFO  grpc.GrpcConfigKeys (ConfUtils.java:logGet(46)) - raft.grpc.server.port = 34947 (custom)
2022-08-10 09:21:22,858 [Listener at 127.0.0.1/38141] INFO  server.GrpcService (ConfUtils.java:logGet(46)) - raft.grpc.message.size.max = 33554432 (custom)
2022-08-10 09:21:22,858 [Listener at 127.0.0.1/38141] INFO  server.RaftServerConfigKeys (ConfUtils.java:logGet(46)) - raft.server.log.appender.buffer.byte-limit = 33554432 (custom)
2022-08-10 09:21:22,858 [Listener at 127.0.0.1/38141] INFO  server.GrpcService (ConfUtils.java:logGet(46)) - raft.grpc.flow.control.window = 1MB (=1048576) (default)
2022-08-10 09:21:22,858 [Listener at 127.0.0.1/38141] INFO  server.RaftServerConfigKeys (ConfUtils.java:logGet(46)) - raft.server.rpc.request.timeout = 3000ms (default)
2022-08-10 09:21:22,858 [Listener at 127.0.0.1/38141] INFO  grpc.GrpcConfigKeys (ConfUtils.java:logGet(46)) - raft.grpc.server.async.request.thread.pool.cached = true (default)
2022-08-10 09:21:22,858 [Listener at 127.0.0.1/38141] INFO  grpc.GrpcConfigKeys (ConfUtils.java:logGet(46)) - raft.grpc.server.async.request.thread.pool.size = 32 (default)
2022-08-10 09:21:22,860 [Listener at 127.0.0.1/38141] INFO  impl.DataStreamServerImpl (ConfUtils.java:logGet(46)) - raft.datastream.type = DISABLED (default)
2022-08-10 09:21:22,860 [Listener at 127.0.0.1/38141] INFO  server.RaftServerConfigKeys (ConfUtils.java:logGet(46)) - raft.server.threadpool.proxy.cached = true (default)
2022-08-10 09:21:22,860 [Listener at 127.0.0.1/38141] INFO  server.RaftServerConfigKeys (ConfUtils.java:logGet(46)) - raft.server.threadpool.proxy.size = 0 (default)
2022-08-10 09:21:22,861 [Listener at 127.0.0.1/38141] INFO  server.RaftServerConfigKeys (ConfUtils.java:logGet(46)) - raft.server.rpc.slowness.timeout = 2s (custom)
2022-08-10 09:21:22,861 [Listener at 127.0.0.1/38141] INFO  server.RaftServerConfigKeys (ConfUtils.java:logGet(46)) - raft.server.leaderelection.leader.step-down.wait-time = 10s (default)
2022-08-10 09:21:22,861 [Listener at 127.0.0.1/38141] INFO  server.RaftServerConfigKeys (ConfUtils.java:logGet(46)) - raft.server.storage.dir = [/home/runner/work/ozone/ozone/hadoop-ozone/integration-test/target/test-dir/MiniOzoneClusterImpl-5b46f7b7-15cd-42ca-88c0-c813cff626ca/omNode-3/ratis] (custom)
2022-08-10 09:21:22,872 [Listener at 127.0.0.1/38141] INFO  server.RaftServer (RaftServerProxy.java:addNew(96)) - omNode-3: addNew group-523986131536:[omNode-3|rpc:localhost:34947|priority:0, omNode-1|rpc:localhost:44673|priority:0, omNode-2|rpc:localhost:36767|priority:0] returns group-523986131536:java.util.concurrent.CompletableFuture@37a2806c[Not completed]
2022-08-10 09:21:22,872 [Listener at 127.0.0.1/38141] INFO  om.OzoneManager (OzoneManager.java:initializeRatisServer(1963)) - OzoneManager Ratis server initialized at port 34947
2022-08-10 09:21:22,874 [Listener at 127.0.0.1/38141] INFO  om.OzoneManager (OzoneManager.java:getRpcServer(1086)) - Creating RPC Server
2022-08-10 09:21:22,875 [pool-107-thread-1] INFO  server.RaftServer$Division (RaftServerImpl.java:<init>(190)) - omNode-3: new RaftServerImpl for group-523986131536:[omNode-3|rpc:localhost:34947|priority:0, omNode-1|rpc:localhost:44673|priority:0, omNode-2|rpc:localhost:36767|priority:0] with OzoneManagerStateMachine:uninitialized
2022-08-10 09:21:22,875 [pool-107-thread-1] INFO  server.RaftServerConfigKeys (ConfUtils.java:logGet(46)) - raft.server.rpc.timeout.min = 1s (custom)
2022-08-10 09:21:22,875 [pool-107-thread-1] INFO  server.RaftServerConfigKeys (ConfUtils.java:logGet(46)) - raft.server.rpc.timeout.max = 1200ms (custom)
2022-08-10 09:21:22,876 [pool-107-thread-1] INFO  server.RaftServerConfigKeys (ConfUtils.java:logGet(46)) - raft.server.rpc.sleep.time = 25ms (default)
2022-08-10 09:21:22,876 [pool-107-thread-1] INFO  server.RaftServerConfigKeys (ConfUtils.java:logGet(46)) - raft.server.rpc.slowness.timeout = 2s (custom)
2022-08-10 09:21:22,876 [pool-107-thread-1] INFO  server.RaftServerConfigKeys (ConfUtils.java:logGet(46)) - raft.server.leaderelection.leader.step-down.wait-time = 10s (default)
2022-08-10 09:21:22,876 [pool-107-thread-1] INFO  server.RaftServerConfigKeys (ConfUtils.java:logGet(46)) - raft.server.sleep.deviation.threshold = 300ms (default)
2022-08-10 09:21:22,876 [pool-107-thread-1] INFO  server.RaftServer$Division (ServerState.java:<init>(107)) - omNode-3@group-523986131536: ConfigurationManager, init=-1: [omNode-3|rpc:localhost:34947|priority:0, omNode-1|rpc:localhost:44673|priority:0, omNode-2|rpc:localhost:36767|priority:0], old=null, confs=<EMPTY_MAP>
2022-08-10 09:21:22,876 [pool-107-thread-1] INFO  server.RaftServerConfigKeys (ConfUtils.java:logGet(46)) - raft.server.storage.dir = [/home/runner/work/ozone/ozone/hadoop-ozone/integration-test/target/test-dir/MiniOzoneClusterImpl-5b46f7b7-15cd-42ca-88c0-c813cff626ca/omNode-3/ratis] (custom)
2022-08-10 09:21:22,877 [pool-107-thread-1] INFO  server.RaftServerConfigKeys (ConfUtils.java:logGet(46)) - raft.server.log.corruption.policy = EXCEPTION (default)
2022-08-10 09:21:22,877 [pool-107-thread-1] INFO  server.RaftServerConfigKeys (ConfUtils.java:logGet(46)) - raft.server.storage.free-space.min = 0MB (=0) (default)
2022-08-10 09:21:22,877 [pool-107-thread-1] INFO  storage.RaftStorageDirectory (RaftStorageDirectoryImpl.java:analyzeStorage(135)) - The storage directory /home/runner/work/ozone/ozone/hadoop-ozone/integration-test/target/test-dir/MiniOzoneClusterImpl-5b46f7b7-15cd-42ca-88c0-c813cff626ca/omNode-3/ratis/c9bc4cf4-3bc3-3c60-a66b-523986131536 does not exist. Creating ...
2022-08-10 09:21:22,879 [pool-107-thread-1] INFO  storage.RaftStorageDirectory (RaftStorageDirectoryImpl.java:tryLock(230)) - Lock on /home/runner/work/ozone/ozone/hadoop-ozone/integration-test/target/test-dir/MiniOzoneClusterImpl-5b46f7b7-15cd-42ca-88c0-c813cff626ca/omNode-3/ratis/c9bc4cf4-3bc3-3c60-a66b-523986131536/in_use.lock acquired by nodename 28234@fv-az244-795
2022-08-10 09:21:22,884 [pool-107-thread-1] INFO  storage.RaftStorage (RaftStorageImpl.java:format(89)) - Storage directory /home/runner/work/ozone/ozone/hadoop-ozone/integration-test/target/test-dir/MiniOzoneClusterImpl-5b46f7b7-15cd-42ca-88c0-c813cff626ca/omNode-3/ratis/c9bc4cf4-3bc3-3c60-a66b-523986131536 has been successfully formatted.
2022-08-10 09:21:22,885 [pool-107-thread-1] INFO  server.RaftServerConfigKeys (ConfUtils.java:logGet(46)) - raft.server.notification.no-leader.timeout = 2s (custom)
2022-08-10 09:21:22,885 [pool-107-thread-1] INFO  server.RaftServerConfigKeys (ConfUtils.java:logGet(46)) - raft.server.log.use.memory = false (default)
2022-08-10 09:21:22,885 [pool-107-thread-1] INFO  server.RaftServerConfigKeys (ConfUtils.java:logGet(46)) - raft.server.log.purge.gap = 50 (custom)
2022-08-10 09:21:22,885 [pool-107-thread-1] INFO  server.RaftServerConfigKeys (ConfUtils.java:logGet(46)) - raft.server.log.appender.buffer.byte-limit = 33554432 (custom)
2022-08-10 09:21:22,885 [pool-107-thread-1] INFO  server.RaftServerConfigKeys (ConfUtils.java:logGet(46)) - raft.server.log.statemachine.data.read.timeout = 1000ms (default)
2022-08-10 09:21:22,885 [pool-107-thread-1] INFO  server.RaftServerConfigKeys (ConfUtils.java:logGet(46)) - raft.server.log.segment.size.max = 4194304 (custom)
2022-08-10 09:21:22,886 [pool-107-thread-1] INFO  server.RaftServerConfigKeys (ConfUtils.java:logGet(46)) - raft.server.log.segment.cache.num.max = 2 (custom)
2022-08-10 09:21:22,886 [pool-107-thread-1] INFO  server.RaftServerConfigKeys (ConfUtils.java:logGet(46)) - raft.server.log.segment.cache.size.max = 200MB (=209715200) (default)
2022-08-10 09:21:22,886 [pool-107-thread-1] INFO  segmented.SegmentedRaftLogWorker (SegmentedRaftLogWorker.java:<init>(187)) - new omNode-3@group-523986131536-SegmentedRaftLogWorker for RaftStorageImpl:Storage Directory /home/runner/work/ozone/ozone/hadoop-ozone/integration-test/target/test-dir/MiniOzoneClusterImpl-5b46f7b7-15cd-42ca-88c0-c813cff626ca/omNode-3/ratis/c9bc4cf4-3bc3-3c60-a66b-523986131536
2022-08-10 09:21:22,886 [pool-107-thread-1] INFO  server.RaftServerConfigKeys (ConfUtils.java:logGet(46)) - raft.server.log.queue.byte-limit = 64MB (=67108864) (default)
2022-08-10 09:21:22,886 [pool-107-thread-1] INFO  server.RaftServerConfigKeys (ConfUtils.java:logGet(46)) - raft.server.log.queue.element-limit = 4096 (default)
2022-08-10 09:21:22,887 [pool-107-thread-1] INFO  server.RaftServerConfigKeys (ConfUtils.java:logGet(46)) - raft.server.log.segment.size.max = 4194304 (custom)
2022-08-10 09:21:22,887 [pool-107-thread-1] INFO  server.RaftServerConfigKeys (ConfUtils.java:logGet(46)) - raft.server.log.preallocated.size = 4194304 (custom)
2022-08-10 09:21:22,887 [pool-107-thread-1] INFO  server.RaftServerConfigKeys (ConfUtils.java:logGet(46)) - raft.server.log.force.sync.num = 128 (default)
2022-08-10 09:21:22,887 [pool-107-thread-1] INFO  server.RaftServerConfigKeys (ConfUtils.java:logGet(46)) - raft.server.log.statemachine.data.sync = true (default)
2022-08-10 09:21:22,887 [pool-107-thread-1] INFO  server.RaftServerConfigKeys (ConfUtils.java:logGet(46)) - raft.server.log.statemachine.data.sync.timeout = 10s (default)
2022-08-10 09:21:22,887 [pool-107-thread-1] INFO  server.RaftServerConfigKeys (ConfUtils.java:logGet(46)) - raft.server.log.statemachine.data.sync.timeout.retry = -1 (default)
2022-08-10 09:21:22,894 [pool-107-thread-1] INFO  server.RaftServerConfigKeys (ConfUtils.java:logGet(46)) - raft.server.log.write.buffer.size = 64KB (=65536) (default)
2022-08-10 09:21:22,894 [pool-107-thread-1] INFO  server.RaftServerConfigKeys (ConfUtils.java:logGet(46)) - raft.server.log.unsafe-flush.enabled = false (default)
2022-08-10 09:21:22,895 [pool-107-thread-1] INFO  server.RaftServerConfigKeys (ConfUtils.java:logGet(46)) - raft.server.log.statemachine.data.caching.enabled = false (default)
2022-08-10 09:21:22,895 [pool-107-thread-1] INFO  segmented.SegmentedRaftLogWorker (SegmentedRaftLogWorker.java:lambda$new$0(135)) - omNode-3@group-523986131536-SegmentedRaftLogWorker: flushIndex: setUnconditionally 0 -> -1
2022-08-10 09:21:22,895 [pool-107-thread-1] INFO  segmented.SegmentedRaftLogWorker (SegmentedRaftLogWorker.java:lambda$new$0(135)) - omNode-3@group-523986131536-SegmentedRaftLogWorker: safeCacheEvictIndex: setUnconditionally 0 -> -1
2022-08-10 09:21:22,901 [pool-107-thread-1] INFO  server.RaftServerConfigKeys (ConfUtils.java:logGet(46)) - raft.server.snapshot.auto.trigger.enabled = true (custom)
2022-08-10 09:21:22,901 [pool-107-thread-1] INFO  server.RaftServerConfigKeys (ConfUtils.java:logGet(46)) - raft.server.snapshot.auto.trigger.threshold = 50 (custom)
2022-08-10 09:21:22,901 [pool-107-thread-1] INFO  server.RaftServerConfigKeys (ConfUtils.java:logGet(46)) - raft.server.snapshot.retention.file.num = -1 (default)
2022-08-10 09:21:22,901 [pool-107-thread-1] INFO  server.RaftServerConfigKeys (ConfUtils.java:logGet(46)) - raft.server.log.purge.upto.snapshot.index = true (custom)
2022-08-10 09:21:22,901 [pool-107-thread-1] INFO  server.RaftServerConfigKeys (ConfUtils.java:logGet(46)) - raft.server.retrycache.expirytime = 30000ms (custom)
2022-08-10 09:21:22,901 [pool-107-thread-1] INFO  server.RaftServerConfigKeys (ConfUtils.java:logGet(46)) - raft.server.retrycache.statistics.expirytime = 100μs (default)
2022-08-10 09:21:22,911 [pool-107-thread-1] INFO  server.RaftServerConfigKeys (ConfUtils.java:logGet(46)) - raft.server.log.appender.install.snapshot.enabled = false (custom)
2022-08-10 09:21:22,911 [pool-107-thread-1] INFO  server.RaftServerConfigKeys (ConfUtils.java:logGet(46)) - raft.server.threadpool.server.cached = true (default)
2022-08-10 09:21:22,912 [pool-107-thread-1] INFO  server.RaftServerConfigKeys (ConfUtils.java:logGet(46)) - raft.server.threadpool.server.size = 0 (default)
2022-08-10 09:21:22,912 [pool-107-thread-1] INFO  server.RaftServerConfigKeys (ConfUtils.java:logGet(46)) - raft.server.threadpool.client.cached = true (default)
2022-08-10 09:21:22,912 [pool-107-thread-1] INFO  server.RaftServerConfigKeys (ConfUtils.java:logGet(46)) - raft.server.threadpool.client.size = 0 (default)
2022-08-10 09:21:23,235 [omNode-2@group-523986131536-FollowerState] INFO  impl.FollowerState (FollowerState.java:run(143)) - omNode-2@group-523986131536-FollowerState: change to CANDIDATE, lastRpcElapsedTime:1025008191ns, electionTimeout:1020ms
2022-08-10 09:21:23,236 [omNode-2@group-523986131536-FollowerState] INFO  impl.RoleInfo (RoleInfo.java:shutdownFollowerState(110)) - omNode-2: shutdown omNode-2@group-523986131536-FollowerState
2022-08-10 09:21:23,236 [omNode-2@group-523986131536-FollowerState] INFO  server.RaftServer$Division (RaftServerImpl.java:setRole(299)) - omNode-2@group-523986131536: changes role from  FOLLOWER to CANDIDATE at term 0 for changeToCandidate
2022-08-10 09:21:23,236 [omNode-2@group-523986131536-FollowerState] INFO  server.RaftServerConfigKeys (ConfUtils.java:logGet(46)) - raft.server.leaderelection.pre-vote = false (custom)
2022-08-10 09:21:23,236 [omNode-2@group-523986131536-FollowerState] INFO  impl.RoleInfo (RoleInfo.java:updateAndGet(139)) - omNode-2: start omNode-2@group-523986131536-LeaderElection2
2022-08-10 09:21:23,253 [omNode-2@group-523986131536-LeaderElection2] INFO  impl.LeaderElection (LeaderElection.java:askForVotes(310)) - omNode-2@group-523986131536-LeaderElection2 ELECTION round 0: submit vote requests at term 1 for -1: [omNode-3|rpc:localhost:34947|priority:0, omNode-1|rpc:localhost:44673|priority:0, omNode-2|rpc:localhost:36767|priority:0], old=null
2022-08-10 09:21:23,345 [omNode-1@group-523986131536-LeaderElection1] INFO  impl.LeaderElection (LogUtils.java:infoOrTrace(137)) - omNode-1@group-523986131536-LeaderElection1 got exception when requesting votes: java.util.concurrent.ExecutionException: org.apache.ratis.thirdparty.io.grpc.StatusRuntimeException: UNAVAILABLE: io exception
2022-08-10 09:21:23,375 [omNode-2@group-523986131536-LeaderElection2] INFO  impl.LeaderElection (LogUtils.java:infoOrTrace(137)) - omNode-2@group-523986131536-LeaderElection2 got exception when requesting votes: java.util.concurrent.ExecutionException: org.apache.ratis.thirdparty.io.grpc.StatusRuntimeException: UNAVAILABLE: io exception
2022-08-10 09:21:23,415 [grpc-default-executor-1] INFO  server.RaftServer$Division (RaftServerImpl.java:requestVote(1152)) - omNode-2@group-523986131536: receive requestVote(ELECTION, omNode-1, group-523986131536, 1, (t:0, i:~))
2022-08-10 09:21:23,415 [grpc-default-executor-0] INFO  server.RaftServer$Division (RaftServerImpl.java:requestVote(1152)) - omNode-1@group-523986131536: receive requestVote(ELECTION, omNode-2, group-523986131536, 1, (t:0, i:~))
2022-08-10 09:21:23,417 [grpc-default-executor-1] INFO  impl.VoteContext (VoteContext.java:log(48)) - omNode-2@group-523986131536-CANDIDATE: reject ELECTION from omNode-1: already has voted for omNode-2 at current term 1
2022-08-10 09:21:23,417 [grpc-default-executor-0] INFO  impl.VoteContext (VoteContext.java:log(48)) - omNode-1@group-523986131536-CANDIDATE: reject ELECTION from omNode-2: already has voted for omNode-1 at current term 1
2022-08-10 09:21:23,425 [grpc-default-executor-0] INFO  server.RaftServer$Division (RaftServerImpl.java:requestVote(1184)) - omNode-1@group-523986131536 replies to ELECTION vote request: omNode-2<-omNode-1#0:FAIL-t1. Peer's state: omNode-1@group-523986131536:t1, leader=null, voted=omNode-1, raftlog=omNode-1@group-523986131536-SegmentedRaftLog:OPENED:c-1, conf=-1: [omNode-3|rpc:localhost:34947|priority:0, omNode-1|rpc:localhost:44673|priority:0, omNode-2|rpc:localhost:36767|priority:0], old=null
2022-08-10 09:21:23,436 [grpc-default-executor-1] INFO  server.RaftServer$Division (RaftServerImpl.java:requestVote(1184)) - omNode-2@group-523986131536 replies to ELECTION vote request: omNode-1<-omNode-2#0:FAIL-t1. Peer's state: omNode-2@group-523986131536:t1, leader=null, voted=omNode-2, raftlog=omNode-2@group-523986131536-SegmentedRaftLog:OPENED:c-1, conf=-1: [omNode-3|rpc:localhost:34947|priority:0, omNode-1|rpc:localhost:44673|priority:0, omNode-2|rpc:localhost:36767|priority:0], old=null
2022-08-10 09:21:23,453 [omNode-2@group-523986131536-LeaderElection2] INFO  impl.LeaderElection (LeaderElection.java:logAndReturn(90)) - omNode-2@group-523986131536-LeaderElection2: ELECTION REJECTED received 1 response(s) and 1 exception(s):
2022-08-10 09:21:23,453 [omNode-2@group-523986131536-LeaderElection2] INFO  impl.LeaderElection (LeaderElection.java:logAndReturn(94)) -   Response 0: omNode-2<-omNode-1#0:FAIL-t1
2022-08-10 09:21:23,454 [omNode-2@group-523986131536-LeaderElection2] INFO  impl.LeaderElection (LogUtils.java:infoOrTrace(137)) -   Exception 1: java.util.concurrent.ExecutionException: org.apache.ratis.thirdparty.io.grpc.StatusRuntimeException: UNAVAILABLE: io exception
2022-08-10 09:21:23,454 [omNode-2@group-523986131536-LeaderElection2] INFO  impl.LeaderElection (LeaderElection.java:askForVotes(312)) - omNode-2@group-523986131536-LeaderElection2 ELECTION round 0: result REJECTED
2022-08-10 09:21:23,455 [omNode-2@group-523986131536-LeaderElection2] INFO  server.RaftServer$Division (RaftServerImpl.java:setRole(299)) - omNode-2@group-523986131536: changes role from CANDIDATE to FOLLOWER at term 1 for REJECTED
2022-08-10 09:21:23,455 [omNode-2@group-523986131536-LeaderElection2] INFO  impl.RoleInfo (RoleInfo.java:shutdownLeaderElection(130)) - omNode-2: shutdown omNode-2@group-523986131536-LeaderElection2
2022-08-10 09:21:23,455 [omNode-2@group-523986131536-LeaderElection2] INFO  impl.RoleInfo (RoleInfo.java:updateAndGet(139)) - omNode-2: start omNode-2@group-523986131536-FollowerState
2022-08-10 09:21:23,512 [omNode-1@group-523986131536-LeaderElection1] INFO  impl.LeaderElection (LeaderElection.java:logAndReturn(90)) - omNode-1@group-523986131536-LeaderElection1: ELECTION TIMEOUT received 0 response(s) and 1 exception(s):
2022-08-10 09:21:23,512 [omNode-1@group-523986131536-LeaderElection1] INFO  impl.LeaderElection (LogUtils.java:infoOrTrace(137)) -   Exception 0: java.util.concurrent.ExecutionException: org.apache.ratis.thirdparty.io.grpc.StatusRuntimeException: UNAVAILABLE: io exception
2022-08-10 09:21:23,513 [omNode-1@group-523986131536-LeaderElection1] INFO  impl.LeaderElection (LeaderElection.java:askForVotes(312)) - omNode-1@group-523986131536-LeaderElection1 ELECTION round 0: result TIMEOUT
2022-08-10 09:21:23,523 [omNode-1@group-523986131536-LeaderElection1] INFO  impl.LeaderElection (LeaderElection.java:askForVotes(310)) - omNode-1@group-523986131536-LeaderElection1 ELECTION round 1: submit vote requests at term 2 for -1: [omNode-3|rpc:localhost:34947|priority:0, omNode-1|rpc:localhost:44673|priority:0, omNode-2|rpc:localhost:36767|priority:0], old=null
2022-08-10 09:21:23,531 [omNode-1@group-523986131536-LeaderElection1] INFO  impl.LeaderElection (LogUtils.java:infoOrTrace(137)) - omNode-1@group-523986131536-LeaderElection1 got exception when requesting votes: java.util.concurrent.ExecutionException: org.apache.ratis.thirdparty.io.grpc.StatusRuntimeException: UNAVAILABLE: io exception
2022-08-10 09:21:23,549 [Finalizer] WARN  managed.ManagedRocksObjectUtils (ManagedRocksObjectUtils.java:assertClosed(39)) - ManagedColumnFamilyOptions is not closed properly
2022-08-10 09:21:23,557 [grpc-default-executor-1] INFO  server.RaftServer$Division (RaftServerImpl.java:requestVote(1152)) - omNode-2@group-523986131536: receive requestVote(ELECTION, omNode-1, group-523986131536, 2, (t:0, i:~))
2022-08-10 09:21:23,558 [grpc-default-executor-1] INFO  impl.VoteContext (VoteContext.java:log(48)) - omNode-2@group-523986131536-FOLLOWER: accept ELECTION from omNode-1: our priority 0 <= candidate's priority 0
2022-08-10 09:21:23,559 [grpc-default-executor-1] INFO  server.RaftServer$Division (RaftServerImpl.java:setRole(299)) - omNode-2@group-523986131536: changes role from  FOLLOWER to FOLLOWER at term 2 for candidate:omNode-1
2022-08-10 09:21:23,559 [grpc-default-executor-1] INFO  impl.RoleInfo (RoleInfo.java:shutdownFollowerState(110)) - omNode-2: shutdown omNode-2@group-523986131536-FollowerState
2022-08-10 09:21:23,559 [omNode-2@group-523986131536-FollowerState] INFO  impl.FollowerState (FollowerState.java:run(152)) - omNode-2@group-523986131536-FollowerState was interrupted
2022-08-10 09:21:23,559 [grpc-default-executor-1] INFO  impl.RoleInfo (RoleInfo.java:updateAndGet(139)) - omNode-2: start omNode-2@group-523986131536-FollowerState
2022-08-10 09:21:23,574 [grpc-default-executor-1] INFO  server.RaftServer$Division (RaftServerImpl.java:requestVote(1184)) - omNode-2@group-523986131536 replies to ELECTION vote request: omNode-1<-omNode-2#0:OK-t2. Peer's state: omNode-2@group-523986131536:t2, leader=null, voted=omNode-1, raftlog=omNode-2@group-523986131536-SegmentedRaftLog:OPENED:c-1, conf=-1: [omNode-3|rpc:localhost:34947|priority:0, omNode-1|rpc:localhost:44673|priority:0, omNode-2|rpc:localhost:36767|priority:0], old=null
2022-08-10 09:21:23,579 [omNode-1@group-523986131536-LeaderElection1] INFO  impl.LeaderElection (LeaderElection.java:logAndReturn(90)) - omNode-1@group-523986131536-LeaderElection1: ELECTION PASSED received 1 response(s) and 1 exception(s):
2022-08-10 09:21:23,579 [omNode-1@group-523986131536-LeaderElection1] INFO  impl.LeaderElection (LeaderElection.java:logAndReturn(94)) -   Response 0: omNode-1<-omNode-2#0:OK-t2
2022-08-10 09:21:23,579 [omNode-1@group-523986131536-LeaderElection1] INFO  impl.LeaderElection (LogUtils.java:infoOrTrace(137)) -   Exception 1: java.util.concurrent.ExecutionException: org.apache.ratis.thirdparty.io.grpc.StatusRuntimeException: UNAVAILABLE: io exception
2022-08-10 09:21:23,579 [omNode-1@group-523986131536-LeaderElection1] INFO  impl.LeaderElection (LeaderElection.java:askForVotes(312)) - omNode-1@group-523986131536-LeaderElection1 ELECTION round 1: result PASSED
2022-08-10 09:21:23,579 [omNode-1@group-523986131536-LeaderElection1] INFO  impl.RoleInfo (RoleInfo.java:shutdownLeaderElection(130)) - omNode-1: shutdown omNode-1@group-523986131536-LeaderElection1
2022-08-10 09:21:23,579 [omNode-1@group-523986131536-LeaderElection1] INFO  server.RaftServer$Division (RaftServerImpl.java:setRole(299)) - omNode-1@group-523986131536: changes role from CANDIDATE to LEADER at term 2 for changeToLeader
2022-08-10 09:21:23,579 [omNode-1@group-523986131536-LeaderElection1] INFO  server.RaftServer$Division (ServerState.java:setLeader(287)) - omNode-1@group-523986131536: change Leader from null to omNode-1 at term 2 for becomeLeader, leader elected after 3590ms
2022-08-10 09:21:23,587 [omNode-1@group-523986131536-LeaderElection1] INFO  server.RaftServerConfigKeys (ConfUtils.java:logGet(46)) - raft.server.staging.catchup.gap = 1000 (default)
2022-08-10 09:21:23,616 [omNode-1@group-523986131536-LeaderElection1] INFO  server.RaftServerConfigKeys (ConfUtils.java:logGet(46)) - raft.server.write.element-limit = 4096 (default)
2022-08-10 09:21:23,617 [omNode-1@group-523986131536-LeaderElection1] INFO  server.RaftServerConfigKeys (ConfUtils.java:logGet(46)) - raft.server.write.byte-limit = 64MB (=67108864) (default)
2022-08-10 09:21:23,625 [omNode-1@group-523986131536-LeaderElection1] INFO  server.RaftServerConfigKeys (ConfUtils.java:logGet(46)) - raft.server.watch.timeout = 10s (default)
2022-08-10 09:21:23,626 [omNode-1@group-523986131536-LeaderElection1] INFO  server.RaftServerConfigKeys (ConfUtils.java:logGet(46)) - raft.server.watch.timeout.denomination = 1s (default)
2022-08-10 09:21:23,626 [omNode-1@group-523986131536-LeaderElection1] INFO  server.RaftServerConfigKeys (ConfUtils.java:logGet(46)) - raft.server.watch.element-limit = 65536 (default)
2022-08-10 09:21:23,645 [omNode-1@group-523986131536-LeaderElection1] INFO  server.RaftServerConfigKeys (ConfUtils.java:logGet(46)) - raft.server.write.element-limit = 4096 (default)
2022-08-10 09:21:23,655 [omNode-1@group-523986131536-LeaderElection1] INFO  server.RaftServerConfigKeys (ConfUtils.java:logGet(46)) - raft.server.write.follower.gap.ratio.max = -1.0 (default)
2022-08-10 09:21:23,693 [omNode-1@group-523986131536-LeaderElection1] INFO  server.RaftServerConfigKeys (ConfUtils.java:logGet(46)) - raft.server.log.appender.snapshot.chunk.size.max = 16MB (=16777216) (default)
2022-08-10 09:21:23,693 [omNode-1@group-523986131536-LeaderElection1] INFO  server.RaftServerConfigKeys (ConfUtils.java:logGet(46)) - raft.server.log.appender.buffer.byte-limit = 33554432 (custom)
2022-08-10 09:21:23,694 [omNode-1@group-523986131536-LeaderElection1] INFO  server.RaftServerConfigKeys (ConfUtils.java:logGet(46)) - raft.server.log.appender.buffer.element-limit = 1024 (custom)
2022-08-10 09:21:23,705 [omNode-1@group-523986131536-LeaderElection1] INFO  grpc.GrpcConfigKeys (ConfUtils.java:logGet(46)) - raft.grpc.server.leader.outstanding.appends.max = 128 (default)
2022-08-10 09:21:23,706 [omNode-1@group-523986131536-LeaderElection1] INFO  server.RaftServerConfigKeys (ConfUtils.java:logGet(46)) - raft.server.rpc.request.timeout = 3000ms (default)
2022-08-10 09:21:23,706 [omNode-1@group-523986131536-LeaderElection1] INFO  server.RaftServerConfigKeys (ConfUtils.java:logGet(46)) - raft.server.log.appender.install.snapshot.enabled = false (custom)
2022-08-10 09:21:23,712 [omNode-1@group-523986131536-LeaderElection1] INFO  server.RaftServerConfigKeys (ConfUtils.java:logGet(46)) - raft.server.log.appender.snapshot.chunk.size.max = 16MB (=16777216) (default)
2022-08-10 09:21:23,712 [omNode-1@group-523986131536-LeaderElection1] INFO  server.RaftServerConfigKeys (ConfUtils.java:logGet(46)) - raft.server.log.appender.buffer.byte-limit = 33554432 (custom)
2022-08-10 09:21:23,712 [omNode-1@group-523986131536-LeaderElection1] INFO  server.RaftServerConfigKeys (ConfUtils.java:logGet(46)) - raft.server.log.appender.buffer.element-limit = 1024 (custom)
2022-08-10 09:21:23,713 [omNode-1@group-523986131536-LeaderElection1] INFO  grpc.GrpcConfigKeys (ConfUtils.java:logGet(46)) - raft.grpc.server.leader.outstanding.appends.max = 128 (default)
2022-08-10 09:21:23,713 [omNode-1@group-523986131536-LeaderElection1] INFO  server.RaftServerConfigKeys (ConfUtils.java:logGet(46)) - raft.server.rpc.request.timeout = 3000ms (default)
2022-08-10 09:21:23,713 [omNode-1@group-523986131536-LeaderElection1] INFO  server.RaftServerConfigKeys (ConfUtils.java:logGet(46)) - raft.server.log.appender.install.snapshot.enabled = false (custom)
2022-08-10 09:21:23,716 [omNode-1@group-523986131536-LeaderElection1] INFO  impl.RoleInfo (RoleInfo.java:updateAndGet(139)) - omNode-1: start omNode-1@group-523986131536-LeaderStateImpl
2022-08-10 09:21:23,752 [omNode-1@group-523986131536-LeaderElection1] INFO  segmented.SegmentedRaftLogWorker (SegmentedRaftLogWorker.java:startLogSegment(425)) - omNode-1@group-523986131536-SegmentedRaftLogWorker: Starting segment from index:0
2022-08-10 09:21:23,757 [Listener at 127.0.0.1/38141] INFO  reflections.Reflections (Reflections.java:scan(232)) - Reflections took 875 ms to scan 19 urls, producing 67 keys and 4150 values [using 2 cores]
2022-08-10 09:21:23,758 [Listener at 127.0.0.1/38141] INFO  ipc.CallQueueManager (CallQueueManager.java:<init>(90)) - Using callQueue: class java.util.concurrent.LinkedBlockingQueue, queueCapacity: 2000, scheduler: class org.apache.hadoop.ipc.DefaultRpcScheduler, ipcBackoff: false.
2022-08-10 09:21:23,764 [Socket Reader #1 for port 36235] INFO  ipc.Server (Server.java:run(1265)) - Starting Socket Reader #1 for port 36235
2022-08-10 09:21:23,818 [Listener at 127.0.0.1/36235] INFO  impl.MetricsSystemImpl (MetricsSystemImpl.java:init(158)) - OzoneManager metrics system started (again)
2022-08-10 09:21:23,832 [Listener at 127.0.0.1/36235] INFO  om.OzoneManager (OzoneManager.java:start(1470)) - OzoneManager RPC server is listening at localhost/127.0.0.1:36235
2022-08-10 09:21:23,833 [Listener at 127.0.0.1/36235] INFO  ratis.OzoneManagerRatisServer (OzoneManagerRatisServer.java:start(554)) - Starting OzoneManagerRatisServer omNode-3 at port 34947
2022-08-10 09:21:23,853 [omNode-3-impl-thread1] INFO  server.RaftServer$Division (RaftServerImpl.java:start(310)) - omNode-3@group-523986131536: start as a follower, conf=-1: [omNode-3|rpc:localhost:34947|priority:0, omNode-1|rpc:localhost:44673|priority:0, omNode-2|rpc:localhost:36767|priority:0], old=null
2022-08-10 09:21:23,853 [omNode-3-impl-thread1] INFO  server.RaftServer$Division (RaftServerImpl.java:setRole(299)) - omNode-3@group-523986131536: changes role from      null to FOLLOWER at term 0 for startAsFollower
2022-08-10 09:21:23,853 [omNode-3-impl-thread1] INFO  impl.RoleInfo (RoleInfo.java:updateAndGet(139)) - omNode-3: start omNode-3@group-523986131536-FollowerState
2022-08-10 09:21:23,860 [omNode-1@group-523986131536-LeaderElection1] INFO  server.RaftServer$Division (ServerState.java:setRaftConf(393)) - omNode-1@group-523986131536: set configuration 0: [omNode-3|rpc:localhost:34947|admin:|client:|dataStream:|priority:0, omNode-1|rpc:localhost:44673|admin:|client:|dataStream:|priority:0, omNode-2|rpc:localhost:36767|admin:|client:|dataStream:|priority:0], old=null
2022-08-10 09:21:23,870 [omNode-3-impl-thread1] INFO  util.JmxRegister (JmxRegister.java:tryRegister(44)) - Successfully registered JMX Bean with object name Ratis:service=RaftServer,group=group-523986131536,id=omNode-3
2022-08-10 09:21:23,884 [Listener at 127.0.0.1/36235] INFO  server.RaftServer (RaftServerProxy.java:lambda$start$6(382)) - omNode-3: start RPC server
2022-08-10 09:21:23,886 [Listener at 127.0.0.1/36235] INFO  server.GrpcService (GrpcService.java:startImpl(260)) - omNode-3: GrpcService started, listening on 34947
2022-08-10 09:21:23,888 [Listener at 127.0.0.1/36235] INFO  om.OzoneManager (OzoneManager.java:start(1486)) - Version File has different layout version (3) than OM DB (null). That is expected if this OM has never been finalized to a newer layout version.
2022-08-10 09:21:23,889 [org.apache.ratis.util.JvmPauseMonitor$$Lambda$696/1259104175@4f0ee1eb] INFO  util.JvmPauseMonitor (JvmPauseMonitor.java:run(103)) - JvmPauseMonitor-omNode-3: Started
2022-08-10 09:21:23,910 [grpc-default-executor-1] WARN  server.GrpcLogAppender (LogUtils.java:warn(122)) - omNode-1@group-523986131536->omNode-3-AppendLogResponseHandler: Failed appendEntries: org.apache.ratis.thirdparty.io.grpc.StatusRuntimeException: UNAVAILABLE: io exception
2022-08-10 09:21:23,921 [Listener at 127.0.0.1/36235] INFO  http.BaseHttpServer (BaseHttpServer.java:newHttpServer2BuilderForOzone(209)) - Starting Web-server for ozoneManager at: http://0.0.0.0:34027
2022-08-10 09:21:23,922 [Listener at 127.0.0.1/36235] INFO  http.BaseHttpServer (BaseHttpServer.java:<init>(107)) - Hadoop Security Enabled: false Ozone Security Enabled: false Ozone HTTP Security Enabled: false 
2022-08-10 09:21:23,929 [Listener at 127.0.0.1/36235] INFO  server.AuthenticationFilter (AuthenticationFilter.java:constructSecretProvider(240)) - Unable to initialize FileSignerSecretProvider, falling back to use random secrets.
2022-08-10 09:21:23,933 [grpc-default-executor-1] WARN  server.GrpcLogAppender (GrpcLogAppender.java:resetClient(111)) - omNode-1@group-523986131536->omNode-3-GrpcLogAppender: Leader has not got in touch with Follower omNode-1@group-523986131536->omNode-3(c-1,m0,n1, attendVote=true, lastRpcSendTime=2, lastRpcResponseTime=1477) yet, just keep nextIndex unchanged and retry.
2022-08-10 09:21:23,939 [Listener at 127.0.0.1/36235] WARN  http.HttpRequestLog (HttpRequestLog.java:getRequestLog(103)) - Jetty request log can only be enabled using Log4j
2022-08-10 09:21:23,941 [Listener at 127.0.0.1/36235] INFO  http.HttpServer2 (HttpServer2.java:addGlobalFilter(1029)) - Added global filter 'safety' (class=org.apache.hadoop.hdds.server.http.HttpServer2$QuotingInputFilter)
2022-08-10 09:21:23,948 [Listener at 127.0.0.1/36235] INFO  http.HttpServer2 (HttpServer2.java:addFilter(1005)) - Added filter static_user_filter (class=org.apache.hadoop.http.lib.StaticUserWebFilter$StaticUserFilter) to context ozoneManager
2022-08-10 09:21:23,948 [Listener at 127.0.0.1/36235] INFO  http.HttpServer2 (HttpServer2.java:addFilter(1013)) - Added filter static_user_filter (class=org.apache.hadoop.http.lib.StaticUserWebFilter$StaticUserFilter) to context static
2022-08-10 09:21:23,949 [Listener at 127.0.0.1/36235] INFO  http.HttpServer2 (HttpServer2.java:addFilter(1013)) - Added filter static_user_filter (class=org.apache.hadoop.http.lib.StaticUserWebFilter$StaticUserFilter) to context logs
2022-08-10 09:21:23,950 [Listener at 127.0.0.1/36235] INFO  http.HttpServer2 (HttpServer2.java:bindListener(1248)) - Jetty bound to port 34027
2022-08-10 09:21:23,950 [Listener at 127.0.0.1/36235] INFO  server.Server (Server.java:doStart(375)) - jetty-9.4.43.v20210629; built: 2021-06-30T11:07:22.254Z; git: 526006ecfa3af7f1a27ef3a288e2bef7ea9dd7e8; jvm 1.8.0_332-b09
2022-08-10 09:21:23,980 [Listener at 127.0.0.1/36235] INFO  server.session (DefaultSessionIdManager.java:doStart(334)) - DefaultSessionIdManager workerName=node0
2022-08-10 09:21:23,986 [Listener at 127.0.0.1/36235] INFO  server.session (DefaultSessionIdManager.java:doStart(339)) - No SessionScavenger set, using defaults
2022-08-10 09:21:23,987 [Listener at 127.0.0.1/36235] INFO  server.session (HouseKeeper.java:startScavenging(132)) - node0 Scavenging every 660000ms
2022-08-10 09:21:23,988 [omNode-2-server-thread1] INFO  server.RaftServer$Division (ServerState.java:setLeader(287)) - omNode-2@group-523986131536: change Leader from null to omNode-1 at term 2 for appendEntries, leader elected after 2269ms
2022-08-10 09:21:23,997 [Listener at 127.0.0.1/36235] INFO  handler.ContextHandler (ContextHandler.java:doStart(915)) - Started o.e.j.s.ServletContextHandler@25a4c88a{logs,/logs,file:///home/runner/work/ozone/ozone/hadoop-ozone/integration-test/target/log,AVAILABLE}
2022-08-10 09:21:23,998 [Listener at 127.0.0.1/36235] INFO  handler.ContextHandler (ContextHandler.java:doStart(915)) - Started o.e.j.s.ServletContextHandler@42300e1c{static,/static,file:///home/runner/work/ozone/ozone/hadoop-ozone/integration-test/target/test-classes/webapps/static,AVAILABLE}
2022-08-10 09:21:24,004 [Listener at 127.0.0.1/36235] INFO  handler.ContextHandler (ContextHandler.java:doStart(915)) - Started o.e.j.w.WebAppContext@60a44e4{ozoneManager,/,file:///home/runner/work/ozone/ozone/hadoop-ozone/integration-test/target/test-classes/webapps/ozoneManager/,AVAILABLE}{file:/home/runner/work/ozone/ozone/hadoop-ozone/integration-test/target/test-classes/webapps/ozoneManager}
2022-08-10 09:21:24,011 [omNode-2-server-thread1] INFO  server.RaftServer$Division (ServerState.java:setRaftConf(393)) - omNode-2@group-523986131536: set configuration 0: [omNode-3|rpc:localhost:34947|admin:|client:|dataStream:|priority:0, omNode-1|rpc:localhost:44673|admin:|client:|dataStream:|priority:0, omNode-2|rpc:localhost:36767|admin:|client:|dataStream:|priority:0], old=null
2022-08-10 09:21:24,012 [omNode-2-server-thread1] INFO  segmented.SegmentedRaftLogWorker (SegmentedRaftLogWorker.java:startLogSegment(425)) - omNode-2@group-523986131536-SegmentedRaftLogWorker: Starting segment from index:0
2022-08-10 09:21:24,025 [Listener at 127.0.0.1/36235] INFO  server.AbstractConnector (AbstractConnector.java:doStart(331)) - Started ServerConnector@347573ac{HTTP/1.1, (http/1.1)}{0.0.0.0:34027}
2022-08-10 09:21:24,025 [Listener at 127.0.0.1/36235] INFO  server.Server (Server.java:doStart(415)) - Started @11475ms
2022-08-10 09:21:24,025 [Listener at 127.0.0.1/36235] WARN  impl.MetricsSystemImpl (MetricsSystemImpl.java:register(279)) - Sink prometheus already exists!
2022-08-10 09:21:24,026 [Listener at 127.0.0.1/36235] INFO  http.BaseHttpServer (BaseHttpServer.java:updateConnectorAddress(329)) - HTTP server of ozoneManager listening at http://0.0.0.0:34027
2022-08-10 09:21:24,031 [IPC Server Responder] INFO  ipc.Server (Server.java:run(1507)) - IPC Server Responder: starting
2022-08-10 09:21:24,031 [IPC Server listener on 36235] INFO  ipc.Server (Server.java:run(1344)) - IPC Server listener on 36235: starting
2022-08-10 09:21:24,036 [Listener at 127.0.0.1/36235] INFO  om.OzoneManager (OzoneManager.java:startTrashEmptier(1907)) - Trash Interval set to 0. Files deleted won't move to trash
2022-08-10 09:21:24,036 [Listener at 127.0.0.1/36235] INFO  ozone.MiniOzoneHAClusterImpl (MiniOzoneHAClusterImpl.java:createOMService(527)) - Started OzoneManager omNode-3 RPC server at localhost/127.0.0.1:36235
2022-08-10 09:21:24,042 [org.apache.hadoop.util.JvmPauseMonitor$Monitor@d2df0f5] INFO  util.JvmPauseMonitor (JvmPauseMonitor.java:run(188)) - Starting JVM pause monitor
2022-08-10 09:21:24,076 [omNode-1@group-523986131536-SegmentedRaftLogWorker] INFO  segmented.SegmentedRaftLogWorker (SegmentedRaftLogWorker.java:execute(629)) - omNode-1@group-523986131536-SegmentedRaftLogWorker: created new log segment /home/runner/work/ozone/ozone/hadoop-ozone/integration-test/target/test-dir/MiniOzoneClusterImpl-5b46f7b7-15cd-42ca-88c0-c813cff626ca/omNode-1/ratis/c9bc4cf4-3bc3-3c60-a66b-523986131536/current/log_inprogress_0
2022-08-10 09:21:24,076 [omNode-2@group-523986131536-SegmentedRaftLogWorker] INFO  segmented.SegmentedRaftLogWorker (SegmentedRaftLogWorker.java:execute(629)) - omNode-2@group-523986131536-SegmentedRaftLogWorker: created new log segment /home/runner/work/ozone/ozone/hadoop-ozone/integration-test/target/test-dir/MiniOzoneClusterImpl-5b46f7b7-15cd-42ca-88c0-c813cff626ca/omNode-2/ratis/c9bc4cf4-3bc3-3c60-a66b-523986131536/current/log_inprogress_0
2022-08-10 09:21:24,197 [omNode-3-server-thread1] INFO  server.RaftServer$Division (ServerState.java:setLeader(287)) - omNode-3@group-523986131536: change Leader from null to omNode-1 at term 2 for appendEntries, leader elected after 1312ms
2022-08-10 09:21:24,201 [omNode-3-server-thread1] INFO  server.RaftServer$Division (RaftServerImpl.java:checkInconsistentAppendEntries(1424)) - omNode-3@group-523986131536: Failed appendEntries as previous log entry ((t:2, i:0)) is not found
2022-08-10 09:21:24,201 [omNode-3-server-thread1] INFO  server.RaftServer$Division (RaftServerImpl.java:checkInconsistentAppendEntries(1394)) - omNode-3@group-523986131536: inconsistency entries. Reply:omNode-1<-omNode-3#1350:FAIL-t0,INCONSISTENCY,nextIndex=0,followerCommit=-1
2022-08-10 09:21:24,207 [grpc-default-executor-1] INFO  leader.FollowerInfo (FollowerInfoImpl.java:lambda$new$0(48)) - omNode-1@group-523986131536->omNode-3: nextIndex: updateUnconditionally 1 -> 0
2022-08-10 09:21:24,229 [omNode-3-server-thread1] INFO  server.RaftServer$Division (ServerState.java:setRaftConf(393)) - omNode-3@group-523986131536: set configuration 0: [omNode-3|rpc:localhost:34947|admin:|client:|dataStream:|priority:0, omNode-1|rpc:localhost:44673|admin:|client:|dataStream:|priority:0, omNode-2|rpc:localhost:36767|admin:|client:|dataStream:|priority:0], old=null
2022-08-10 09:21:24,230 [omNode-3-server-thread1] INFO  segmented.SegmentedRaftLogWorker (SegmentedRaftLogWorker.java:startLogSegment(425)) - omNode-3@group-523986131536-SegmentedRaftLogWorker: Starting segment from index:0
2022-08-10 09:21:24,243 [omNode-3@group-523986131536-SegmentedRaftLogWorker] INFO  segmented.SegmentedRaftLogWorker (SegmentedRaftLogWorker.java:execute(629)) - omNode-3@group-523986131536-SegmentedRaftLogWorker: created new log segment /home/runner/work/ozone/ozone/hadoop-ozone/integration-test/target/test-dir/MiniOzoneClusterImpl-5b46f7b7-15cd-42ca-88c0-c813cff626ca/omNode-3/ratis/c9bc4cf4-3bc3-3c60-a66b-523986131536/current/log_inprogress_0
2022-08-10 09:21:24,390 [omNode-1@group-523986131536-StateMachineUpdater] INFO  ratis.OzoneManagerStateMachine (OzoneManagerStateMachine.java:notifyConfigurationChanged(192)) - Received Configuration change notification from Ratis. New Peer list:
[id: "omNode-3"
address: "localhost:34947"
, id: "omNode-1"
address: "localhost:44673"
, id: "omNode-2"
address: "localhost:36767"
]
2022-08-10 09:21:24,390 [omNode-3@group-523986131536-StateMachineUpdater] INFO  ratis.OzoneManagerStateMachine (OzoneManagerStateMachine.java:notifyConfigurationChanged(192)) - Received Configuration change notification from Ratis. New Peer list:
[id: "omNode-3"
address: "localhost:34947"
, id: "omNode-1"
address: "localhost:44673"
, id: "omNode-2"
address: "localhost:36767"
]
2022-08-10 09:21:24,421 [Listener at 127.0.0.1/36235] WARN  impl.MetricRegistriesImpl (MetricRegistriesImpl.java:addReporterRegistration(111)) - New reporters are added after registries were created. Some metrics will be missing from the reporter. Please add reporter before adding any new registry.
2022-08-10 09:21:24,421 [Listener at 127.0.0.1/36235] WARN  impl.MetricRegistriesImpl (MetricRegistriesImpl.java:addReporterRegistration(111)) - New reporters are added after registries were created. Some metrics will be missing from the reporter. Please add reporter before adding any new registry.
2022-08-10 09:21:24,422 [Listener at 127.0.0.1/36235] INFO  impl.MetricsSystemImpl (MetricsSystemImpl.java:init(158)) - HddsDatanode metrics system started (again)
2022-08-10 09:21:24,444 [Listener at 127.0.0.1/36235] INFO  ozone.HddsDatanodeService (HddsDatanodeService.java:start(236)) - HddsDatanodeService host:fv-az244-795.wfqk4h0zklwe5pzfvc0psazzwc.bx.internal.cloudapp.net ip:10.1.0.9
2022-08-10 09:21:24,484 [Listener at 127.0.0.1/36235] INFO  upgrade.AbstractLayoutVersionManager (AbstractLayoutVersionManager.java:init(83)) - Initializing Layout version manager with metadata layout = DATANODE_SCHEMA_V3 (version = 4), software layout = DATANODE_SCHEMA_V3 (version = 4)
2022-08-10 09:21:24,542 [Listener at 127.0.0.1/36235] INFO  reflections.Reflections (Reflections.java:scan(232)) - Reflections took 56 ms to scan 7 urls, producing 132 keys and 321 values 
2022-08-10 09:21:24,546 [Listener at 127.0.0.1/36235] INFO  statemachine.DatanodeStateMachine (DatanodeStateMachine.java:getEndPointTaskThreadPoolSize(237)) - Datanode State Machine Task Thread Pool size 2
2022-08-10 09:21:24,607 [Listener at 127.0.0.1/36235] INFO  volume.HddsVolume (HddsVolume.java:<init>(116)) - Creating HddsVolume: /home/runner/work/ozone/ozone/hadoop-ozone/integration-test/target/test-dir/MiniOzoneClusterImpl-5b46f7b7-15cd-42ca-88c0-c813cff626ca/datanode-0/data-0/containers/hdds of storage type : DISK capacity : 9223372036854775807
2022-08-10 09:21:24,610 [Listener at 127.0.0.1/36235] INFO  volume.MutableVolumeSet (MutableVolumeSet.java:initializeVolumeSet(174)) - Added Volume : /home/runner/work/ozone/ozone/hadoop-ozone/integration-test/target/test-dir/MiniOzoneClusterImpl-5b46f7b7-15cd-42ca-88c0-c813cff626ca/datanode-0/data-0/containers/hdds to VolumeSet
2022-08-10 09:21:24,611 [Listener at 127.0.0.1/36235] INFO  volume.ThrottledAsyncChecker (ThrottledAsyncChecker.java:schedule(141)) - Scheduling a check for /home/runner/work/ozone/ozone/hadoop-ozone/integration-test/target/test-dir/MiniOzoneClusterImpl-5b46f7b7-15cd-42ca-88c0-c813cff626ca/datanode-0/data-0/containers/hdds
2022-08-10 09:21:24,633 [Listener at 127.0.0.1/36235] INFO  volume.StorageVolumeChecker (StorageVolumeChecker.java:checkAllVolumes(202)) - Scheduled health check for volume /home/runner/work/ozone/ozone/hadoop-ozone/integration-test/target/test-dir/MiniOzoneClusterImpl-5b46f7b7-15cd-42ca-88c0-c813cff626ca/datanode-0/data-0/containers/hdds
2022-08-10 09:21:24,668 [Listener at 127.0.0.1/36235] INFO  volume.MutableVolumeSet (MutableVolumeSet.java:initializeVolumeSet(174)) - Added Volume : /home/runner/work/ozone/ozone/hadoop-ozone/integration-test/target/test-dir/MiniOzoneClusterImpl-5b46f7b7-15cd-42ca-88c0-c813cff626ca/datanode-0/data/ratis to VolumeSet
2022-08-10 09:21:24,669 [Listener at 127.0.0.1/36235] INFO  volume.ThrottledAsyncChecker (ThrottledAsyncChecker.java:schedule(141)) - Scheduling a check for /home/runner/work/ozone/ozone/hadoop-ozone/integration-test/target/test-dir/MiniOzoneClusterImpl-5b46f7b7-15cd-42ca-88c0-c813cff626ca/datanode-0/data/ratis
2022-08-10 09:21:24,672 [Listener at 127.0.0.1/36235] INFO  volume.StorageVolumeChecker (StorageVolumeChecker.java:checkAllVolumes(202)) - Scheduled health check for volume /home/runner/work/ozone/ozone/hadoop-ozone/integration-test/target/test-dir/MiniOzoneClusterImpl-5b46f7b7-15cd-42ca-88c0-c813cff626ca/datanode-0/data/ratis
2022-08-10 09:21:24,681 [omNode-2@group-523986131536-StateMachineUpdater] INFO  ratis.OzoneManagerStateMachine (OzoneManagerStateMachine.java:notifyConfigurationChanged(192)) - Received Configuration change notification from Ratis. New Peer list:
[id: "omNode-3"
address: "localhost:34947"
, id: "omNode-1"
address: "localhost:44673"
, id: "omNode-2"
address: "localhost:36767"
]
2022-08-10 09:21:24,705 [Thread-246] INFO  ozoneimpl.ContainerReader (ContainerReader.java:readVolume(175)) - Finish verifying containers on volume /home/runner/work/ozone/ozone/hadoop-ozone/integration-test/target/test-dir/MiniOzoneClusterImpl-5b46f7b7-15cd-42ca-88c0-c813cff626ca/datanode-0/data-0/containers/hdds
2022-08-10 09:21:24,705 [Listener at 127.0.0.1/36235] INFO  ozoneimpl.OzoneContainer (OzoneContainer.java:buildContainerSet(299)) - Build ContainerSet costs 0s
2022-08-10 09:21:24,757 [Listener at 127.0.0.1/36235] INFO  audit.AuditLogger (AuditLogger.java:refreshDebugCmdSet(126)) - Refresh DebugCmdSet for DNAudit to [].
2022-08-10 09:21:24,790 [Listener at 127.0.0.1/36235] INFO  server.RaftServer (ConfUtils.java:logGet(46)) - raft.rpc.type = GRPC (default)
2022-08-10 09:21:24,790 [Listener at 127.0.0.1/36235] INFO  grpc.GrpcFactory (GrpcFactory.java:checkPooledByteBufAllocatorUseCacheForAllThreads(48)) - PERFORMANCE WARNING: useCacheForAllThreads is true that may cause Netty to create a lot garbage objects and, as a result, trigger GC.
	It is recommended to disable useCacheForAllThreads by setting -Dorg.apache.ratis.thirdparty.io.netty.allocator.useCacheForAllThreads=false in command line.
2022-08-10 09:21:24,791 [Listener at 127.0.0.1/36235] INFO  grpc.GrpcConfigKeys (ConfUtils.java:logGet(46)) - raft.grpc.admin.port = 0 (custom)
2022-08-10 09:21:24,791 [Listener at 127.0.0.1/36235] INFO  grpc.GrpcConfigKeys (ConfUtils.java:logGet(46)) - raft.grpc.client.port = 0 (custom)
2022-08-10 09:21:24,791 [Listener at 127.0.0.1/36235] INFO  grpc.GrpcConfigKeys (ConfUtils.java:logGet(46)) - raft.grpc.server.port = 0 (default)
2022-08-10 09:21:24,791 [Listener at 127.0.0.1/36235] INFO  server.GrpcService (ConfUtils.java:logGet(46)) - raft.grpc.message.size.max = 32MB (=33554432) (custom)
2022-08-10 09:21:24,791 [Listener at 127.0.0.1/36235] INFO  server.RaftServerConfigKeys (ConfUtils.java:logGet(46)) - raft.server.log.appender.buffer.byte-limit = 33554432 (custom)
2022-08-10 09:21:24,792 [Listener at 127.0.0.1/36235] INFO  server.GrpcService (ConfUtils.java:logGet(46)) - raft.grpc.flow.control.window = 5MB (=5242880) (custom)
2022-08-10 09:21:24,792 [Listener at 127.0.0.1/36235] INFO  server.RaftServerConfigKeys (ConfUtils.java:logGet(46)) - raft.server.rpc.request.timeout = 60s (custom)
2022-08-10 09:21:24,792 [Listener at 127.0.0.1/36235] INFO  grpc.GrpcConfigKeys (ConfUtils.java:logGet(46)) - raft.grpc.server.async.request.thread.pool.cached = true (default)
2022-08-10 09:21:24,792 [Listener at 127.0.0.1/36235] INFO  grpc.GrpcConfigKeys (ConfUtils.java:logGet(46)) - raft.grpc.server.async.request.thread.pool.size = 32 (default)
2022-08-10 09:21:24,794 [Listener at 127.0.0.1/36235] INFO  impl.DataStreamServerImpl (ConfUtils.java:logGet(46)) - raft.datastream.type = DISABLED (default)
2022-08-10 09:21:24,797 [Listener at 127.0.0.1/36235] INFO  server.RaftServerConfigKeys (ConfUtils.java:logGet(46)) - raft.server.threadpool.proxy.cached = true (default)
2022-08-10 09:21:24,798 [Listener at 127.0.0.1/36235] INFO  server.RaftServerConfigKeys (ConfUtils.java:logGet(46)) - raft.server.threadpool.proxy.size = 0 (default)
2022-08-10 09:21:24,798 [Listener at 127.0.0.1/36235] INFO  server.RaftServerConfigKeys (ConfUtils.java:logGet(46)) - raft.server.rpc.slowness.timeout = 300s (custom)
2022-08-10 09:21:24,798 [Listener at 127.0.0.1/36235] INFO  server.RaftServerConfigKeys (ConfUtils.java:logGet(46)) - raft.server.leaderelection.leader.step-down.wait-time = 10s (default)
2022-08-10 09:21:24,798 [Listener at 127.0.0.1/36235] INFO  server.RaftServerConfigKeys (ConfUtils.java:logGet(46)) - raft.server.storage.dir = [/home/runner/work/ozone/ozone/hadoop-ozone/integration-test/target/test-dir/MiniOzoneClusterImpl-5b46f7b7-15cd-42ca-88c0-c813cff626ca/datanode-0/data/ratis] (custom)
2022-08-10 09:21:24,832 [Listener at 127.0.0.1/36235] INFO  server.XceiverServerGrpc (XceiverServerGrpc.java:<init>(132)) - GrpcServer channel type EpollServerSocketChannel
2022-08-10 09:21:24,919 [Listener at 127.0.0.1/36235] INFO  http.BaseHttpServer (BaseHttpServer.java:newHttpServer2BuilderForOzone(209)) - Starting Web-server for hddsDatanode at: http://0.0.0.0:0
2022-08-10 09:21:24,919 [Listener at 127.0.0.1/36235] INFO  http.BaseHttpServer (BaseHttpServer.java:<init>(107)) - Hadoop Security Enabled: false Ozone Security Enabled: false Ozone HTTP Security Enabled: false 
2022-08-10 09:21:24,921 [Listener at 127.0.0.1/36235] INFO  server.AuthenticationFilter (AuthenticationFilter.java:constructSecretProvider(240)) - Unable to initialize FileSignerSecretProvider, falling back to use random secrets.
2022-08-10 09:21:24,924 [Listener at 127.0.0.1/36235] WARN  http.HttpRequestLog (HttpRequestLog.java:getRequestLog(103)) - Jetty request log can only be enabled using Log4j
2022-08-10 09:21:24,926 [Listener at 127.0.0.1/36235] INFO  http.HttpServer2 (HttpServer2.java:addGlobalFilter(1029)) - Added global filter 'safety' (class=org.apache.hadoop.hdds.server.http.HttpServer2$QuotingInputFilter)
2022-08-10 09:21:24,927 [Listener at 127.0.0.1/36235] INFO  http.HttpServer2 (HttpServer2.java:addFilter(1005)) - Added filter static_user_filter (class=org.apache.hadoop.http.lib.StaticUserWebFilter$StaticUserFilter) to context hddsDatanode
2022-08-10 09:21:24,928 [Listener at 127.0.0.1/36235] INFO  http.HttpServer2 (HttpServer2.java:addFilter(1013)) - Added filter static_user_filter (class=org.apache.hadoop.http.lib.StaticUserWebFilter$StaticUserFilter) to context static
2022-08-10 09:21:24,928 [Listener at 127.0.0.1/36235] INFO  http.HttpServer2 (HttpServer2.java:addFilter(1013)) - Added filter static_user_filter (class=org.apache.hadoop.http.lib.StaticUserWebFilter$StaticUserFilter) to context logs
2022-08-10 09:21:24,931 [Listener at 127.0.0.1/36235] INFO  http.HttpServer2 (HttpServer2.java:bindListener(1248)) - Jetty bound to port 35861
2022-08-10 09:21:24,931 [Listener at 127.0.0.1/36235] INFO  server.Server (Server.java:doStart(375)) - jetty-9.4.43.v20210629; built: 2021-06-30T11:07:22.254Z; git: 526006ecfa3af7f1a27ef3a288e2bef7ea9dd7e8; jvm 1.8.0_332-b09
2022-08-10 09:21:24,944 [Listener at 127.0.0.1/36235] INFO  server.session (DefaultSessionIdManager.java:doStart(334)) - DefaultSessionIdManager workerName=node0
2022-08-10 09:21:24,944 [Listener at 127.0.0.1/36235] INFO  server.session (DefaultSessionIdManager.java:doStart(339)) - No SessionScavenger set, using defaults
2022-08-10 09:21:24,944 [Listener at 127.0.0.1/36235] INFO  server.session (HouseKeeper.java:startScavenging(132)) - node0 Scavenging every 660000ms
2022-08-10 09:21:24,946 [Listener at 127.0.0.1/36235] INFO  handler.ContextHandler (ContextHandler.java:doStart(915)) - Started o.e.j.s.ServletContextHandler@2ba83c41{logs,/logs,file:///home/runner/work/ozone/ozone/hadoop-ozone/integration-test/target/log,AVAILABLE}
2022-08-10 09:21:24,946 [Listener at 127.0.0.1/36235] INFO  handler.ContextHandler (ContextHandler.java:doStart(915)) - Started o.e.j.s.ServletContextHandler@6d31bae5{static,/static,jar:file:/home/runner/.m2/repository/org/apache/ozone/hdds-container-service/1.3.0-SNAPSHOT/hdds-container-service-1.3.0-SNAPSHOT.jar!/webapps/static,AVAILABLE}
2022-08-10 09:21:25,224 [Listener at 127.0.0.1/36235] INFO  handler.ContextHandler (ContextHandler.java:doStart(915)) - Started o.e.j.w.WebAppContext@2cf0deac{hddsDatanode,/,file:///tmp/jetty-0_0_0_0-35861-hdds-container-service-1_3_0-SNAPSHOT_jar-_-any-5012279703238496881/webapp/,AVAILABLE}{jar:file:/home/runner/.m2/repository/org/apache/ozone/hdds-container-service/1.3.0-SNAPSHOT/hdds-container-service-1.3.0-SNAPSHOT.jar!/webapps/hddsDatanode}
2022-08-10 09:21:25,229 [Listener at 127.0.0.1/36235] INFO  server.AbstractConnector (AbstractConnector.java:doStart(331)) - Started ServerConnector@7f1d809e{HTTP/1.1, (http/1.1)}{0.0.0.0:35861}
2022-08-10 09:21:25,229 [Listener at 127.0.0.1/36235] INFO  server.Server (Server.java:doStart(415)) - Started @12678ms
2022-08-10 09:21:25,229 [Listener at 127.0.0.1/36235] WARN  impl.MetricsSystemImpl (MetricsSystemImpl.java:register(279)) - Sink prometheus already exists!
2022-08-10 09:21:25,230 [Listener at 127.0.0.1/36235] INFO  http.BaseHttpServer (BaseHttpServer.java:updateConnectorAddress(329)) - HTTP server of hddsDatanode listening at http://0.0.0.0:35861
2022-08-10 09:21:25,231 [Listener at 127.0.0.1/36235] WARN  impl.MetricRegistriesImpl (MetricRegistriesImpl.java:addReporterRegistration(111)) - New reporters are added after registries were created. Some metrics will be missing from the reporter. Please add reporter before adding any new registry.
2022-08-10 09:21:25,232 [Listener at 127.0.0.1/36235] WARN  impl.MetricRegistriesImpl (MetricRegistriesImpl.java:addReporterRegistration(111)) - New reporters are added after registries were created. Some metrics will be missing from the reporter. Please add reporter before adding any new registry.
2022-08-10 09:21:25,232 [Listener at 127.0.0.1/36235] INFO  impl.MetricsSystemImpl (MetricsSystemImpl.java:init(158)) - HddsDatanode metrics system started (again)
2022-08-10 09:21:25,239 [Datanode State Machine Daemon Thread] INFO  statemachine.DatanodeStateMachine (DatanodeStateMachine.java:lambda$startDaemon$0(492)) - Ozone container server started.
2022-08-10 09:21:25,260 [Listener at 127.0.0.1/36235] INFO  ozone.HddsDatanodeService (HddsDatanodeService.java:start(236)) - HddsDatanodeService host:fv-az244-795.wfqk4h0zklwe5pzfvc0psazzwc.bx.internal.cloudapp.net ip:10.1.0.9
2022-08-10 09:21:25,280 [org.apache.hadoop.util.JvmPauseMonitor$Monitor@42e05b9a] INFO  util.JvmPauseMonitor (JvmPauseMonitor.java:run(188)) - Starting JVM pause monitor
2022-08-10 09:21:25,323 [Listener at 127.0.0.1/36235] INFO  upgrade.AbstractLayoutVersionManager (AbstractLayoutVersionManager.java:init(83)) - Initializing Layout version manager with metadata layout = DATANODE_SCHEMA_V3 (version = 4), software layout = DATANODE_SCHEMA_V3 (version = 4)
2022-08-10 09:21:25,402 [Listener at 127.0.0.1/36235] INFO  reflections.Reflections (Reflections.java:scan(232)) - Reflections took 72 ms to scan 7 urls, producing 132 keys and 321 values 
2022-08-10 09:21:25,409 [Listener at 127.0.0.1/36235] INFO  statemachine.DatanodeStateMachine (DatanodeStateMachine.java:getEndPointTaskThreadPoolSize(237)) - Datanode State Machine Task Thread Pool size 2
2022-08-10 09:21:25,418 [Listener at 127.0.0.1/36235] INFO  volume.HddsVolume (HddsVolume.java:<init>(116)) - Creating HddsVolume: /home/runner/work/ozone/ozone/hadoop-ozone/integration-test/target/test-dir/MiniOzoneClusterImpl-5b46f7b7-15cd-42ca-88c0-c813cff626ca/datanode-1/data-0/containers/hdds of storage type : DISK capacity : 9223372036854775807
2022-08-10 09:21:25,419 [Listener at 127.0.0.1/36235] INFO  volume.MutableVolumeSet (MutableVolumeSet.java:initializeVolumeSet(174)) - Added Volume : /home/runner/work/ozone/ozone/hadoop-ozone/integration-test/target/test-dir/MiniOzoneClusterImpl-5b46f7b7-15cd-42ca-88c0-c813cff626ca/datanode-1/data-0/containers/hdds to VolumeSet
2022-08-10 09:21:25,419 [Listener at 127.0.0.1/36235] INFO  volume.ThrottledAsyncChecker (ThrottledAsyncChecker.java:schedule(141)) - Scheduling a check for /home/runner/work/ozone/ozone/hadoop-ozone/integration-test/target/test-dir/MiniOzoneClusterImpl-5b46f7b7-15cd-42ca-88c0-c813cff626ca/datanode-1/data-0/containers/hdds
2022-08-10 09:21:25,429 [Listener at 127.0.0.1/36235] INFO  volume.StorageVolumeChecker (StorageVolumeChecker.java:checkAllVolumes(202)) - Scheduled health check for volume /home/runner/work/ozone/ozone/hadoop-ozone/integration-test/target/test-dir/MiniOzoneClusterImpl-5b46f7b7-15cd-42ca-88c0-c813cff626ca/datanode-1/data-0/containers/hdds
2022-08-10 09:21:25,442 [Listener at 127.0.0.1/36235] INFO  volume.MutableVolumeSet (MutableVolumeSet.java:initializeVolumeSet(174)) - Added Volume : /home/runner/work/ozone/ozone/hadoop-ozone/integration-test/target/test-dir/MiniOzoneClusterImpl-5b46f7b7-15cd-42ca-88c0-c813cff626ca/datanode-1/data/ratis to VolumeSet
2022-08-10 09:21:25,442 [Listener at 127.0.0.1/36235] INFO  volume.ThrottledAsyncChecker (ThrottledAsyncChecker.java:schedule(141)) - Scheduling a check for /home/runner/work/ozone/ozone/hadoop-ozone/integration-test/target/test-dir/MiniOzoneClusterImpl-5b46f7b7-15cd-42ca-88c0-c813cff626ca/datanode-1/data/ratis
2022-08-10 09:21:25,443 [Listener at 127.0.0.1/36235] INFO  volume.StorageVolumeChecker (StorageVolumeChecker.java:checkAllVolumes(202)) - Scheduled health check for volume /home/runner/work/ozone/ozone/hadoop-ozone/integration-test/target/test-dir/MiniOzoneClusterImpl-5b46f7b7-15cd-42ca-88c0-c813cff626ca/datanode-1/data/ratis
2022-08-10 09:21:25,476 [Thread-262] INFO  ozoneimpl.ContainerReader (ContainerReader.java:readVolume(175)) - Finish verifying containers on volume /home/runner/work/ozone/ozone/hadoop-ozone/integration-test/target/test-dir/MiniOzoneClusterImpl-5b46f7b7-15cd-42ca-88c0-c813cff626ca/datanode-1/data-0/containers/hdds
2022-08-10 09:21:25,477 [Listener at 127.0.0.1/36235] INFO  ozoneimpl.OzoneContainer (OzoneContainer.java:buildContainerSet(299)) - Build ContainerSet costs 0s
2022-08-10 09:21:25,482 [Listener at 127.0.0.1/36235] INFO  server.RaftServer (ConfUtils.java:logGet(46)) - raft.rpc.type = GRPC (default)
2022-08-10 09:21:25,482 [Listener at 127.0.0.1/36235] INFO  grpc.GrpcFactory (GrpcFactory.java:checkPooledByteBufAllocatorUseCacheForAllThreads(48)) - PERFORMANCE WARNING: useCacheForAllThreads is true that may cause Netty to create a lot garbage objects and, as a result, trigger GC.
	It is recommended to disable useCacheForAllThreads by setting -Dorg.apache.ratis.thirdparty.io.netty.allocator.useCacheForAllThreads=false in command line.
2022-08-10 09:21:25,482 [Listener at 127.0.0.1/36235] INFO  grpc.GrpcConfigKeys (ConfUtils.java:logGet(46)) - raft.grpc.admin.port = 0 (custom)
2022-08-10 09:21:25,482 [Listener at 127.0.0.1/36235] INFO  grpc.GrpcConfigKeys (ConfUtils.java:logGet(46)) - raft.grpc.client.port = 0 (custom)
2022-08-10 09:21:25,482 [Listener at 127.0.0.1/36235] INFO  grpc.GrpcConfigKeys (ConfUtils.java:logGet(46)) - raft.grpc.server.port = 0 (default)
2022-08-10 09:21:25,482 [Listener at 127.0.0.1/36235] INFO  server.GrpcService (ConfUtils.java:logGet(46)) - raft.grpc.message.size.max = 32MB (=33554432) (custom)
2022-08-10 09:21:25,483 [Listener at 127.0.0.1/36235] INFO  server.RaftServerConfigKeys (ConfUtils.java:logGet(46)) - raft.server.log.appender.buffer.byte-limit = 33554432 (custom)
2022-08-10 09:21:25,483 [Listener at 127.0.0.1/36235] INFO  server.GrpcService (ConfUtils.java:logGet(46)) - raft.grpc.flow.control.window = 5MB (=5242880) (custom)
2022-08-10 09:21:25,483 [Listener at 127.0.0.1/36235] INFO  server.RaftServerConfigKeys (ConfUtils.java:logGet(46)) - raft.server.rpc.request.timeout = 60s (custom)
2022-08-10 09:21:25,483 [Listener at 127.0.0.1/36235] INFO  grpc.GrpcConfigKeys (ConfUtils.java:logGet(46)) - raft.grpc.server.async.request.thread.pool.cached = true (default)
2022-08-10 09:21:25,483 [Listener at 127.0.0.1/36235] INFO  grpc.GrpcConfigKeys (ConfUtils.java:logGet(46)) - raft.grpc.server.async.request.thread.pool.size = 32 (default)
2022-08-10 09:21:25,491 [Listener at 127.0.0.1/36235] INFO  impl.DataStreamServerImpl (ConfUtils.java:logGet(46)) - raft.datastream.type = DISABLED (default)
2022-08-10 09:21:25,491 [Listener at 127.0.0.1/36235] INFO  server.RaftServerConfigKeys (ConfUtils.java:logGet(46)) - raft.server.threadpool.proxy.cached = true (default)
2022-08-10 09:21:25,491 [Listener at 127.0.0.1/36235] INFO  server.RaftServerConfigKeys (ConfUtils.java:logGet(46)) - raft.server.threadpool.proxy.size = 0 (default)
2022-08-10 09:21:25,491 [Listener at 127.0.0.1/36235] INFO  server.RaftServerConfigKeys (ConfUtils.java:logGet(46)) - raft.server.rpc.slowness.timeout = 300s (custom)
2022-08-10 09:21:25,491 [Listener at 127.0.0.1/36235] INFO  server.RaftServerConfigKeys (ConfUtils.java:logGet(46)) - raft.server.leaderelection.leader.step-down.wait-time = 10s (default)
2022-08-10 09:21:25,492 [Listener at 127.0.0.1/36235] INFO  server.RaftServerConfigKeys (ConfUtils.java:logGet(46)) - raft.server.storage.dir = [/home/runner/work/ozone/ozone/hadoop-ozone/integration-test/target/test-dir/MiniOzoneClusterImpl-5b46f7b7-15cd-42ca-88c0-c813cff626ca/datanode-1/data/ratis] (custom)
2022-08-10 09:21:25,499 [Listener at 127.0.0.1/36235] INFO  server.XceiverServerGrpc (XceiverServerGrpc.java:<init>(132)) - GrpcServer channel type EpollServerSocketChannel
2022-08-10 09:21:25,511 [Listener at 127.0.0.1/36235] INFO  http.BaseHttpServer (BaseHttpServer.java:newHttpServer2BuilderForOzone(209)) - Starting Web-server for hddsDatanode at: http://0.0.0.0:0
2022-08-10 09:21:25,511 [Listener at 127.0.0.1/36235] INFO  http.BaseHttpServer (BaseHttpServer.java:<init>(107)) - Hadoop Security Enabled: false Ozone Security Enabled: false Ozone HTTP Security Enabled: false 
2022-08-10 09:21:25,513 [Listener at 127.0.0.1/36235] INFO  server.AuthenticationFilter (AuthenticationFilter.java:constructSecretProvider(240)) - Unable to initialize FileSignerSecretProvider, falling back to use random secrets.
2022-08-10 09:21:25,515 [Datanode State Machine Task Thread - 0] INFO  datanode.InitDatanodeState (InitDatanodeState.java:persistContainerDatanodeDetails(138)) - DatanodeDetails is persisted to /home/runner/work/ozone/ozone/hadoop-ozone/integration-test/target/test-dir/MiniOzoneClusterImpl-5b46f7b7-15cd-42ca-88c0-c813cff626ca/datanode-0/meta/datanode.id
2022-08-10 09:21:25,520 [Listener at 127.0.0.1/36235] WARN  http.HttpRequestLog (HttpRequestLog.java:getRequestLog(103)) - Jetty request log can only be enabled using Log4j
2022-08-10 09:21:25,522 [Listener at 127.0.0.1/36235] INFO  http.HttpServer2 (HttpServer2.java:addGlobalFilter(1029)) - Added global filter 'safety' (class=org.apache.hadoop.hdds.server.http.HttpServer2$QuotingInputFilter)
2022-08-10 09:21:25,522 [Listener at 127.0.0.1/36235] INFO  http.HttpServer2 (HttpServer2.java:addFilter(1005)) - Added filter static_user_filter (class=org.apache.hadoop.http.lib.StaticUserWebFilter$StaticUserFilter) to context hddsDatanode
2022-08-10 09:21:25,523 [Listener at 127.0.0.1/36235] INFO  http.HttpServer2 (HttpServer2.java:addFilter(1013)) - Added filter static_user_filter (class=org.apache.hadoop.http.lib.StaticUserWebFilter$StaticUserFilter) to context logs
2022-08-10 09:21:25,523 [Listener at 127.0.0.1/36235] INFO  http.HttpServer2 (HttpServer2.java:addFilter(1013)) - Added filter static_user_filter (class=org.apache.hadoop.http.lib.StaticUserWebFilter$StaticUserFilter) to context static
2022-08-10 09:21:25,523 [Listener at 127.0.0.1/36235] INFO  http.HttpServer2 (HttpServer2.java:bindListener(1248)) - Jetty bound to port 40493
2022-08-10 09:21:25,524 [Listener at 127.0.0.1/36235] INFO  server.Server (Server.java:doStart(375)) - jetty-9.4.43.v20210629; built: 2021-06-30T11:07:22.254Z; git: 526006ecfa3af7f1a27ef3a288e2bef7ea9dd7e8; jvm 1.8.0_332-b09
2022-08-10 09:21:25,528 [Listener at 127.0.0.1/36235] INFO  server.session (DefaultSessionIdManager.java:doStart(334)) - DefaultSessionIdManager workerName=node0
2022-08-10 09:21:25,528 [Listener at 127.0.0.1/36235] INFO  server.session (DefaultSessionIdManager.java:doStart(339)) - No SessionScavenger set, using defaults
2022-08-10 09:21:25,528 [Listener at 127.0.0.1/36235] INFO  server.session (HouseKeeper.java:startScavenging(132)) - node0 Scavenging every 660000ms
2022-08-10 09:21:25,529 [Listener at 127.0.0.1/36235] INFO  handler.ContextHandler (ContextHandler.java:doStart(915)) - Started o.e.j.s.ServletContextHandler@14c28421{logs,/logs,file:///home/runner/work/ozone/ozone/hadoop-ozone/integration-test/target/log,AVAILABLE}
2022-08-10 09:21:25,529 [Listener at 127.0.0.1/36235] INFO  handler.ContextHandler (ContextHandler.java:doStart(915)) - Started o.e.j.s.ServletContextHandler@785bf7c7{static,/static,jar:file:/home/runner/.m2/repository/org/apache/ozone/hdds-container-service/1.3.0-SNAPSHOT/hdds-container-service-1.3.0-SNAPSHOT.jar!/webapps/static,AVAILABLE}
2022-08-10 09:21:25,757 [Listener at 127.0.0.1/36235] INFO  handler.ContextHandler (ContextHandler.java:doStart(915)) - Started o.e.j.w.WebAppContext@1d233a80{hddsDatanode,/,file:///tmp/jetty-0_0_0_0-40493-hdds-container-service-1_3_0-SNAPSHOT_jar-_-any-6379539871986199341/webapp/,AVAILABLE}{jar:file:/home/runner/.m2/repository/org/apache/ozone/hdds-container-service/1.3.0-SNAPSHOT/hdds-container-service-1.3.0-SNAPSHOT.jar!/webapps/hddsDatanode}
2022-08-10 09:21:25,759 [Listener at 127.0.0.1/36235] INFO  server.AbstractConnector (AbstractConnector.java:doStart(331)) - Started ServerConnector@7584fb44{HTTP/1.1, (http/1.1)}{0.0.0.0:40493}
2022-08-10 09:21:25,759 [Listener at 127.0.0.1/36235] INFO  server.Server (Server.java:doStart(415)) - Started @13209ms
2022-08-10 09:21:25,759 [Listener at 127.0.0.1/36235] WARN  impl.MetricsSystemImpl (MetricsSystemImpl.java:register(279)) - Sink prometheus already exists!
2022-08-10 09:21:25,760 [Listener at 127.0.0.1/36235] INFO  http.BaseHttpServer (BaseHttpServer.java:updateConnectorAddress(329)) - HTTP server of hddsDatanode listening at http://0.0.0.0:40493
2022-08-10 09:21:25,761 [Datanode State Machine Daemon Thread] INFO  statemachine.DatanodeStateMachine (DatanodeStateMachine.java:lambda$startDaemon$0(492)) - Ozone container server started.
2022-08-10 09:21:25,761 [Listener at 127.0.0.1/36235] WARN  impl.MetricRegistriesImpl (MetricRegistriesImpl.java:addReporterRegistration(111)) - New reporters are added after registries were created. Some metrics will be missing from the reporter. Please add reporter before adding any new registry.
2022-08-10 09:21:25,761 [Listener at 127.0.0.1/36235] WARN  impl.MetricRegistriesImpl (MetricRegistriesImpl.java:addReporterRegistration(111)) - New reporters are added after registries were created. Some metrics will be missing from the reporter. Please add reporter before adding any new registry.
2022-08-10 09:21:25,761 [Listener at 127.0.0.1/36235] INFO  impl.MetricsSystemImpl (MetricsSystemImpl.java:init(158)) - HddsDatanode metrics system started (again)
2022-08-10 09:21:25,775 [Listener at 127.0.0.1/36235] INFO  ozone.HddsDatanodeService (HddsDatanodeService.java:start(236)) - HddsDatanodeService host:fv-az244-795.wfqk4h0zklwe5pzfvc0psazzwc.bx.internal.cloudapp.net ip:10.1.0.9
2022-08-10 09:21:25,781 [org.apache.hadoop.util.JvmPauseMonitor$Monitor@536261cd] INFO  util.JvmPauseMonitor (JvmPauseMonitor.java:run(188)) - Starting JVM pause monitor
2022-08-10 09:21:25,790 [Datanode State Machine Task Thread - 0] INFO  datanode.InitDatanodeState (InitDatanodeState.java:persistContainerDatanodeDetails(138)) - DatanodeDetails is persisted to /home/runner/work/ozone/ozone/hadoop-ozone/integration-test/target/test-dir/MiniOzoneClusterImpl-5b46f7b7-15cd-42ca-88c0-c813cff626ca/datanode-1/meta/datanode.id
2022-08-10 09:21:25,804 [Listener at 127.0.0.1/36235] INFO  upgrade.AbstractLayoutVersionManager (AbstractLayoutVersionManager.java:init(83)) - Initializing Layout version manager with metadata layout = DATANODE_SCHEMA_V3 (version = 4), software layout = DATANODE_SCHEMA_V3 (version = 4)
2022-08-10 09:21:25,857 [Listener at 127.0.0.1/36235] INFO  reflections.Reflections (Reflections.java:scan(232)) - Reflections took 52 ms to scan 7 urls, producing 132 keys and 321 values 
2022-08-10 09:21:25,858 [Listener at 127.0.0.1/36235] INFO  statemachine.DatanodeStateMachine (DatanodeStateMachine.java:getEndPointTaskThreadPoolSize(237)) - Datanode State Machine Task Thread Pool size 2
2022-08-10 09:21:25,861 [Listener at 127.0.0.1/36235] INFO  volume.HddsVolume (HddsVolume.java:<init>(116)) - Creating HddsVolume: /home/runner/work/ozone/ozone/hadoop-ozone/integration-test/target/test-dir/MiniOzoneClusterImpl-5b46f7b7-15cd-42ca-88c0-c813cff626ca/datanode-2/data-0/containers/hdds of storage type : DISK capacity : 9223372036854775807
2022-08-10 09:21:25,861 [Listener at 127.0.0.1/36235] INFO  volume.MutableVolumeSet (MutableVolumeSet.java:initializeVolumeSet(174)) - Added Volume : /home/runner/work/ozone/ozone/hadoop-ozone/integration-test/target/test-dir/MiniOzoneClusterImpl-5b46f7b7-15cd-42ca-88c0-c813cff626ca/datanode-2/data-0/containers/hdds to VolumeSet
2022-08-10 09:21:25,861 [Listener at 127.0.0.1/36235] INFO  volume.ThrottledAsyncChecker (ThrottledAsyncChecker.java:schedule(141)) - Scheduling a check for /home/runner/work/ozone/ozone/hadoop-ozone/integration-test/target/test-dir/MiniOzoneClusterImpl-5b46f7b7-15cd-42ca-88c0-c813cff626ca/datanode-2/data-0/containers/hdds
2022-08-10 09:21:25,864 [Listener at 127.0.0.1/36235] INFO  volume.StorageVolumeChecker (StorageVolumeChecker.java:checkAllVolumes(202)) - Scheduled health check for volume /home/runner/work/ozone/ozone/hadoop-ozone/integration-test/target/test-dir/MiniOzoneClusterImpl-5b46f7b7-15cd-42ca-88c0-c813cff626ca/datanode-2/data-0/containers/hdds
2022-08-10 09:21:25,875 [Listener at 127.0.0.1/36235] INFO  volume.MutableVolumeSet (MutableVolumeSet.java:initializeVolumeSet(174)) - Added Volume : /home/runner/work/ozone/ozone/hadoop-ozone/integration-test/target/test-dir/MiniOzoneClusterImpl-5b46f7b7-15cd-42ca-88c0-c813cff626ca/datanode-2/data/ratis to VolumeSet
2022-08-10 09:21:25,875 [Listener at 127.0.0.1/36235] INFO  volume.ThrottledAsyncChecker (ThrottledAsyncChecker.java:schedule(141)) - Scheduling a check for /home/runner/work/ozone/ozone/hadoop-ozone/integration-test/target/test-dir/MiniOzoneClusterImpl-5b46f7b7-15cd-42ca-88c0-c813cff626ca/datanode-2/data/ratis
2022-08-10 09:21:25,876 [Listener at 127.0.0.1/36235] INFO  volume.StorageVolumeChecker (StorageVolumeChecker.java:checkAllVolumes(202)) - Scheduled health check for volume /home/runner/work/ozone/ozone/hadoop-ozone/integration-test/target/test-dir/MiniOzoneClusterImpl-5b46f7b7-15cd-42ca-88c0-c813cff626ca/datanode-2/data/ratis
2022-08-10 09:21:25,891 [Thread-277] INFO  ozoneimpl.ContainerReader (ContainerReader.java:readVolume(175)) - Finish verifying containers on volume /home/runner/work/ozone/ozone/hadoop-ozone/integration-test/target/test-dir/MiniOzoneClusterImpl-5b46f7b7-15cd-42ca-88c0-c813cff626ca/datanode-2/data-0/containers/hdds
2022-08-10 09:21:25,891 [Listener at 127.0.0.1/36235] INFO  ozoneimpl.OzoneContainer (OzoneContainer.java:buildContainerSet(299)) - Build ContainerSet costs 0s
2022-08-10 09:21:25,897 [Listener at 127.0.0.1/36235] INFO  server.RaftServer (ConfUtils.java:logGet(46)) - raft.rpc.type = GRPC (default)
2022-08-10 09:21:25,897 [Listener at 127.0.0.1/36235] INFO  grpc.GrpcFactory (GrpcFactory.java:checkPooledByteBufAllocatorUseCacheForAllThreads(48)) - PERFORMANCE WARNING: useCacheForAllThreads is true that may cause Netty to create a lot garbage objects and, as a result, trigger GC.
	It is recommended to disable useCacheForAllThreads by setting -Dorg.apache.ratis.thirdparty.io.netty.allocator.useCacheForAllThreads=false in command line.
2022-08-10 09:21:25,898 [Listener at 127.0.0.1/36235] INFO  grpc.GrpcConfigKeys (ConfUtils.java:logGet(46)) - raft.grpc.admin.port = 0 (custom)
2022-08-10 09:21:25,898 [Listener at 127.0.0.1/36235] INFO  grpc.GrpcConfigKeys (ConfUtils.java:logGet(46)) - raft.grpc.client.port = 0 (custom)
2022-08-10 09:21:25,898 [Listener at 127.0.0.1/36235] INFO  grpc.GrpcConfigKeys (ConfUtils.java:logGet(46)) - raft.grpc.server.port = 0 (default)
2022-08-10 09:21:25,898 [Listener at 127.0.0.1/36235] INFO  server.GrpcService (ConfUtils.java:logGet(46)) - raft.grpc.message.size.max = 32MB (=33554432) (custom)
2022-08-10 09:21:25,898 [Listener at 127.0.0.1/36235] INFO  server.RaftServerConfigKeys (ConfUtils.java:logGet(46)) - raft.server.log.appender.buffer.byte-limit = 33554432 (custom)
2022-08-10 09:21:25,899 [Listener at 127.0.0.1/36235] INFO  server.GrpcService (ConfUtils.java:logGet(46)) - raft.grpc.flow.control.window = 5MB (=5242880) (custom)
2022-08-10 09:21:25,899 [Listener at 127.0.0.1/36235] INFO  server.RaftServerConfigKeys (ConfUtils.java:logGet(46)) - raft.server.rpc.request.timeout = 60s (custom)
2022-08-10 09:21:25,899 [Listener at 127.0.0.1/36235] INFO  grpc.GrpcConfigKeys (ConfUtils.java:logGet(46)) - raft.grpc.server.async.request.thread.pool.cached = true (default)
2022-08-10 09:21:25,899 [Listener at 127.0.0.1/36235] INFO  grpc.GrpcConfigKeys (ConfUtils.java:logGet(46)) - raft.grpc.server.async.request.thread.pool.size = 32 (default)
2022-08-10 09:21:25,901 [Listener at 127.0.0.1/36235] INFO  impl.DataStreamServerImpl (ConfUtils.java:logGet(46)) - raft.datastream.type = DISABLED (default)
2022-08-10 09:21:25,901 [Listener at 127.0.0.1/36235] INFO  server.RaftServerConfigKeys (ConfUtils.java:logGet(46)) - raft.server.threadpool.proxy.cached = true (default)
2022-08-10 09:21:25,901 [Listener at 127.0.0.1/36235] INFO  server.RaftServerConfigKeys (ConfUtils.java:logGet(46)) - raft.server.threadpool.proxy.size = 0 (default)
2022-08-10 09:21:25,901 [Listener at 127.0.0.1/36235] INFO  server.RaftServerConfigKeys (ConfUtils.java:logGet(46)) - raft.server.rpc.slowness.timeout = 300s (custom)
2022-08-10 09:21:25,902 [Listener at 127.0.0.1/36235] INFO  server.RaftServerConfigKeys (ConfUtils.java:logGet(46)) - raft.server.leaderelection.leader.step-down.wait-time = 10s (default)
2022-08-10 09:21:25,902 [Listener at 127.0.0.1/36235] INFO  server.RaftServerConfigKeys (ConfUtils.java:logGet(46)) - raft.server.storage.dir = [/home/runner/work/ozone/ozone/hadoop-ozone/integration-test/target/test-dir/MiniOzoneClusterImpl-5b46f7b7-15cd-42ca-88c0-c813cff626ca/datanode-2/data/ratis] (custom)
2022-08-10 09:21:25,909 [Listener at 127.0.0.1/36235] INFO  server.XceiverServerGrpc (XceiverServerGrpc.java:<init>(132)) - GrpcServer channel type EpollServerSocketChannel
2022-08-10 09:21:25,913 [Listener at 127.0.0.1/36235] INFO  http.BaseHttpServer (BaseHttpServer.java:newHttpServer2BuilderForOzone(209)) - Starting Web-server for hddsDatanode at: http://0.0.0.0:0
2022-08-10 09:21:25,913 [Listener at 127.0.0.1/36235] INFO  http.BaseHttpServer (BaseHttpServer.java:<init>(107)) - Hadoop Security Enabled: false Ozone Security Enabled: false Ozone HTTP Security Enabled: false 
2022-08-10 09:21:25,914 [Listener at 127.0.0.1/36235] INFO  server.AuthenticationFilter (AuthenticationFilter.java:constructSecretProvider(240)) - Unable to initialize FileSignerSecretProvider, falling back to use random secrets.
2022-08-10 09:21:25,915 [Listener at 127.0.0.1/36235] WARN  http.HttpRequestLog (HttpRequestLog.java:getRequestLog(103)) - Jetty request log can only be enabled using Log4j
2022-08-10 09:21:25,916 [Listener at 127.0.0.1/36235] INFO  http.HttpServer2 (HttpServer2.java:addGlobalFilter(1029)) - Added global filter 'safety' (class=org.apache.hadoop.hdds.server.http.HttpServer2$QuotingInputFilter)
2022-08-10 09:21:25,917 [Listener at 127.0.0.1/36235] INFO  http.HttpServer2 (HttpServer2.java:addFilter(1005)) - Added filter static_user_filter (class=org.apache.hadoop.http.lib.StaticUserWebFilter$StaticUserFilter) to context hddsDatanode
2022-08-10 09:21:25,917 [Listener at 127.0.0.1/36235] INFO  http.HttpServer2 (HttpServer2.java:addFilter(1013)) - Added filter static_user_filter (class=org.apache.hadoop.http.lib.StaticUserWebFilter$StaticUserFilter) to context logs
2022-08-10 09:21:25,918 [Listener at 127.0.0.1/36235] INFO  http.HttpServer2 (HttpServer2.java:addFilter(1013)) - Added filter static_user_filter (class=org.apache.hadoop.http.lib.StaticUserWebFilter$StaticUserFilter) to context static
2022-08-10 09:21:25,918 [Listener at 127.0.0.1/36235] INFO  http.HttpServer2 (HttpServer2.java:bindListener(1248)) - Jetty bound to port 33643
2022-08-10 09:21:25,918 [Listener at 127.0.0.1/36235] INFO  server.Server (Server.java:doStart(375)) - jetty-9.4.43.v20210629; built: 2021-06-30T11:07:22.254Z; git: 526006ecfa3af7f1a27ef3a288e2bef7ea9dd7e8; jvm 1.8.0_332-b09
2022-08-10 09:21:25,920 [Listener at 127.0.0.1/36235] INFO  server.session (DefaultSessionIdManager.java:doStart(334)) - DefaultSessionIdManager workerName=node0
2022-08-10 09:21:25,920 [Listener at 127.0.0.1/36235] INFO  server.session (DefaultSessionIdManager.java:doStart(339)) - No SessionScavenger set, using defaults
2022-08-10 09:21:25,922 [Listener at 127.0.0.1/36235] INFO  server.session (HouseKeeper.java:startScavenging(132)) - node0 Scavenging every 660000ms
2022-08-10 09:21:25,923 [Listener at 127.0.0.1/36235] INFO  handler.ContextHandler (ContextHandler.java:doStart(915)) - Started o.e.j.s.ServletContextHandler@2a75b9ec{logs,/logs,file:///home/runner/work/ozone/ozone/hadoop-ozone/integration-test/target/log,AVAILABLE}
2022-08-10 09:21:25,924 [Listener at 127.0.0.1/36235] INFO  handler.ContextHandler (ContextHandler.java:doStart(915)) - Started o.e.j.s.ServletContextHandler@106976f4{static,/static,jar:file:/home/runner/.m2/repository/org/apache/ozone/hdds-container-service/1.3.0-SNAPSHOT/hdds-container-service-1.3.0-SNAPSHOT.jar!/webapps/static,AVAILABLE}
2022-08-10 09:21:26,129 [Listener at 127.0.0.1/36235] INFO  handler.ContextHandler (ContextHandler.java:doStart(915)) - Started o.e.j.w.WebAppContext@172c9256{hddsDatanode,/,file:///tmp/jetty-0_0_0_0-33643-hdds-container-service-1_3_0-SNAPSHOT_jar-_-any-263721140003099521/webapp/,AVAILABLE}{jar:file:/home/runner/.m2/repository/org/apache/ozone/hdds-container-service/1.3.0-SNAPSHOT/hdds-container-service-1.3.0-SNAPSHOT.jar!/webapps/hddsDatanode}
2022-08-10 09:21:26,131 [Listener at 127.0.0.1/36235] INFO  server.AbstractConnector (AbstractConnector.java:doStart(331)) - Started ServerConnector@530e1f71{HTTP/1.1, (http/1.1)}{0.0.0.0:33643}
2022-08-10 09:21:26,131 [Listener at 127.0.0.1/36235] INFO  server.Server (Server.java:doStart(415)) - Started @13581ms
2022-08-10 09:21:26,131 [Listener at 127.0.0.1/36235] WARN  impl.MetricsSystemImpl (MetricsSystemImpl.java:register(279)) - Sink prometheus already exists!
2022-08-10 09:21:26,132 [Listener at 127.0.0.1/36235] INFO  http.BaseHttpServer (BaseHttpServer.java:updateConnectorAddress(329)) - HTTP server of hddsDatanode listening at http://0.0.0.0:33643
2022-08-10 09:21:26,138 [Listener at 127.0.0.1/36235] INFO  ozone.MiniOzoneClusterImpl (MiniOzoneClusterImpl.java:lambda$waitForClusterToBeReady$0(216)) - Waiting for nodes to be ready. Got 0 of 3 DN Heartbeats.
2022-08-10 09:21:26,139 [Listener at 127.0.0.1/36235] INFO  ozone.MiniOzoneClusterImpl (MiniOzoneClusterImpl.java:lambda$waitForClusterToBeReady$0(219)) - Waiting for cluster to exit safe mode
2022-08-10 09:21:26,139 [Listener at 127.0.0.1/36235] INFO  ozone.MiniOzoneClusterImpl (MiniOzoneClusterImpl.java:lambda$waitForClusterToBeReady$0(221)) - SCM became leader
2022-08-10 09:21:26,139 [Datanode State Machine Daemon Thread] INFO  statemachine.DatanodeStateMachine (DatanodeStateMachine.java:lambda$startDaemon$0(492)) - Ozone container server started.
2022-08-10 09:21:26,156 [org.apache.hadoop.util.JvmPauseMonitor$Monitor@542d5461] INFO  util.JvmPauseMonitor (JvmPauseMonitor.java:run(188)) - Starting JVM pause monitor
2022-08-10 09:21:26,158 [Datanode State Machine Task Thread - 0] INFO  datanode.InitDatanodeState (InitDatanodeState.java:persistContainerDatanodeDetails(138)) - DatanodeDetails is persisted to /home/runner/work/ozone/ozone/hadoop-ozone/integration-test/target/test-dir/MiniOzoneClusterImpl-5b46f7b7-15cd-42ca-88c0-c813cff626ca/datanode-2/meta/datanode.id
2022-08-10 09:21:27,139 [Listener at 127.0.0.1/36235] INFO  ozone.MiniOzoneClusterImpl (MiniOzoneClusterImpl.java:lambda$waitForClusterToBeReady$0(216)) - Waiting for nodes to be ready. Got 0 of 3 DN Heartbeats.
2022-08-10 09:21:27,140 [Listener at 127.0.0.1/36235] INFO  ozone.MiniOzoneClusterImpl (MiniOzoneClusterImpl.java:lambda$waitForClusterToBeReady$0(219)) - Waiting for cluster to exit safe mode
2022-08-10 09:21:27,141 [Listener at 127.0.0.1/36235] INFO  ozone.MiniOzoneClusterImpl (MiniOzoneClusterImpl.java:lambda$waitForClusterToBeReady$0(221)) - SCM became leader
2022-08-10 09:21:27,343 [Finalizer] WARN  managed.ManagedRocksObjectUtils (ManagedRocksObjectUtils.java:assertClosed(39)) - ManagedColumnFamilyOptions is not closed properly
2022-08-10 09:21:27,343 [Finalizer] WARN  managed.ManagedRocksObjectUtils (ManagedRocksObjectUtils.java:assertClosed(39)) - ManagedColumnFamilyOptions is not closed properly
2022-08-10 09:21:27,343 [Finalizer] WARN  managed.ManagedRocksObjectUtils (ManagedRocksObjectUtils.java:assertClosed(39)) - ManagedColumnFamilyOptions is not closed properly
2022-08-10 09:21:27,343 [Finalizer] WARN  managed.ManagedRocksObjectUtils (ManagedRocksObjectUtils.java:assertClosed(39)) - ManagedColumnFamilyOptions is not closed properly
2022-08-10 09:21:27,345 [Finalizer] WARN  managed.ManagedRocksObjectUtils (ManagedRocksObjectUtils.java:assertClosed(39)) - ManagedColumnFamilyOptions is not closed properly
2022-08-10 09:21:27,345 [Finalizer] WARN  managed.ManagedRocksObjectUtils (ManagedRocksObjectUtils.java:assertClosed(39)) - ManagedColumnFamilyOptions is not closed properly
2022-08-10 09:21:27,345 [Finalizer] WARN  managed.ManagedRocksObjectUtils (ManagedRocksObjectUtils.java:assertClosed(39)) - ManagedColumnFamilyOptions is not closed properly
2022-08-10 09:21:27,345 [Finalizer] WARN  managed.ManagedRocksObjectUtils (ManagedRocksObjectUtils.java:assertClosed(39)) - ManagedColumnFamilyOptions is not closed properly
2022-08-10 09:21:27,347 [Finalizer] WARN  managed.ManagedRocksObjectUtils (ManagedRocksObjectUtils.java:assertClosed(39)) - ManagedColumnFamilyOptions is not closed properly
2022-08-10 09:21:27,347 [Finalizer] WARN  managed.ManagedRocksObjectUtils (ManagedRocksObjectUtils.java:assertClosed(39)) - ManagedColumnFamilyOptions is not closed properly
2022-08-10 09:21:27,347 [Finalizer] WARN  managed.ManagedRocksObjectUtils (ManagedRocksObjectUtils.java:assertClosed(39)) - ManagedColumnFamilyOptions is not closed properly
2022-08-10 09:21:27,347 [Finalizer] WARN  managed.ManagedRocksObjectUtils (ManagedRocksObjectUtils.java:assertClosed(39)) - ManagedColumnFamilyOptions is not closed properly
2022-08-10 09:21:27,445 [EndpointStateMachine task thread for /0.0.0.0:42301 - 0 ] INFO  volume.HddsVolume (HddsVolume.java:createDbStore(309)) - SchemaV3 db is created and loaded at /home/runner/work/ozone/ozone/hadoop-ozone/integration-test/target/test-dir/MiniOzoneClusterImpl-5b46f7b7-15cd-42ca-88c0-c813cff626ca/datanode-0/data-0/containers/hdds/5b46f7b7-15cd-42ca-88c0-c813cff626ca/DS-f1f4eee5-fd86-403b-93d5-401e94b5f3f3/container.db for volume DS-f1f4eee5-fd86-403b-93d5-401e94b5f3f3
2022-08-10 09:21:27,450 [EndpointStateMachine task thread for /0.0.0.0:42301 - 0 ] INFO  volume.HddsVolume (HddsVolume.java:closeDbStore(340)) - SchemaV3 db is stopped at /home/runner/work/ozone/ozone/hadoop-ozone/integration-test/target/test-dir/MiniOzoneClusterImpl-5b46f7b7-15cd-42ca-88c0-c813cff626ca/datanode-0/data-0/containers/hdds/5b46f7b7-15cd-42ca-88c0-c813cff626ca/DS-f1f4eee5-fd86-403b-93d5-401e94b5f3f3/container.db for volume DS-f1f4eee5-fd86-403b-93d5-401e94b5f3f3
2022-08-10 09:21:27,450 [EndpointStateMachine task thread for /0.0.0.0:42301 - 0 ] INFO  ozoneimpl.OzoneContainer (OzoneContainer.java:start(377)) - Attempting to start container services.
2022-08-10 09:21:27,454 [EndpointStateMachine task thread for /0.0.0.0:42301 - 0 ] INFO  ozoneimpl.OzoneContainer (OzoneContainer.java:startContainerScrub(312)) - Background container scanner has been disabled.
2022-08-10 09:21:27,456 [EndpointStateMachine task thread for /0.0.0.0:42301 - 0 ] INFO  replication.ReplicationServer (ReplicationServer.java:start(111)) - ReplicationServer is started using port 40617
2022-08-10 09:21:27,463 [EndpointStateMachine task thread for /0.0.0.0:42301 - 0 ] INFO  ratis.XceiverServerRatis (XceiverServerRatis.java:start(481)) - Starting XceiverServerRatis 1aca9449-889e-455e-97c1-34bb763eddaa
2022-08-10 09:21:27,472 [EndpointStateMachine task thread for /0.0.0.0:42301 - 0 ] INFO  server.RaftServer (RaftServerProxy.java:lambda$start$6(382)) - 1aca9449-889e-455e-97c1-34bb763eddaa: start RPC server
2022-08-10 09:21:27,478 [EndpointStateMachine task thread for /0.0.0.0:42301 - 0 ] INFO  server.GrpcService (GrpcService.java:startImpl(260)) - 1aca9449-889e-455e-97c1-34bb763eddaa: GrpcService started, listening on 44661
2022-08-10 09:21:27,478 [EndpointStateMachine task thread for /0.0.0.0:42301 - 0 ] INFO  ratis.XceiverServerRatis (XceiverServerRatis.java:getRealPort(502)) - XceiverServerRatis 1aca9449-889e-455e-97c1-34bb763eddaa is started using port 44661 for RATIS
2022-08-10 09:21:27,478 [EndpointStateMachine task thread for /0.0.0.0:42301 - 0 ] INFO  ratis.XceiverServerRatis (XceiverServerRatis.java:getRealPort(502)) - XceiverServerRatis 1aca9449-889e-455e-97c1-34bb763eddaa is started using port 44661 for RATIS_ADMIN
2022-08-10 09:21:27,478 [EndpointStateMachine task thread for /0.0.0.0:42301 - 0 ] INFO  ratis.XceiverServerRatis (XceiverServerRatis.java:getRealPort(502)) - XceiverServerRatis 1aca9449-889e-455e-97c1-34bb763eddaa is started using port 44661 for RATIS_SERVER
2022-08-10 09:21:27,479 [org.apache.ratis.util.JvmPauseMonitor$$Lambda$696/1259104175@732c8a48] INFO  util.JvmPauseMonitor (JvmPauseMonitor.java:run(103)) - JvmPauseMonitor-1aca9449-889e-455e-97c1-34bb763eddaa: Started
2022-08-10 09:21:27,492 [EndpointStateMachine task thread for /0.0.0.0:42301 - 0 ] INFO  server.XceiverServerGrpc (XceiverServerGrpc.java:start(180)) - XceiverServerGrpc 1aca9449-889e-455e-97c1-34bb763eddaa is started using port 40197
2022-08-10 09:21:27,824 [EndpointStateMachine task thread for /0.0.0.0:42301 - 0 ] INFO  volume.HddsVolume (HddsVolume.java:createDbStore(309)) - SchemaV3 db is created and loaded at /home/runner/work/ozone/ozone/hadoop-ozone/integration-test/target/test-dir/MiniOzoneClusterImpl-5b46f7b7-15cd-42ca-88c0-c813cff626ca/datanode-1/data-0/containers/hdds/5b46f7b7-15cd-42ca-88c0-c813cff626ca/DS-064548c6-0244-4d88-a2f3-1abb4656899d/container.db for volume DS-064548c6-0244-4d88-a2f3-1abb4656899d
2022-08-10 09:21:27,825 [EndpointStateMachine task thread for /0.0.0.0:42301 - 0 ] INFO  volume.HddsVolume (HddsVolume.java:closeDbStore(340)) - SchemaV3 db is stopped at /home/runner/work/ozone/ozone/hadoop-ozone/integration-test/target/test-dir/MiniOzoneClusterImpl-5b46f7b7-15cd-42ca-88c0-c813cff626ca/datanode-1/data-0/containers/hdds/5b46f7b7-15cd-42ca-88c0-c813cff626ca/DS-064548c6-0244-4d88-a2f3-1abb4656899d/container.db for volume DS-064548c6-0244-4d88-a2f3-1abb4656899d
2022-08-10 09:21:27,825 [EndpointStateMachine task thread for /0.0.0.0:42301 - 0 ] INFO  ozoneimpl.OzoneContainer (OzoneContainer.java:start(377)) - Attempting to start container services.
2022-08-10 09:21:27,826 [EndpointStateMachine task thread for /0.0.0.0:42301 - 0 ] INFO  ozoneimpl.OzoneContainer (OzoneContainer.java:startContainerScrub(312)) - Background container scanner has been disabled.
2022-08-10 09:21:27,828 [EndpointStateMachine task thread for /0.0.0.0:42301 - 0 ] INFO  replication.ReplicationServer (ReplicationServer.java:start(111)) - ReplicationServer is started using port 33787
2022-08-10 09:21:27,829 [EndpointStateMachine task thread for /0.0.0.0:42301 - 0 ] INFO  ratis.XceiverServerRatis (XceiverServerRatis.java:start(481)) - Starting XceiverServerRatis 307a4eae-8455-4484-b26c-d8f5f09d506a
2022-08-10 09:21:27,830 [EndpointStateMachine task thread for /0.0.0.0:42301 - 0 ] INFO  server.RaftServer (RaftServerProxy.java:lambda$start$6(382)) - 307a4eae-8455-4484-b26c-d8f5f09d506a: start RPC server
2022-08-10 09:21:27,835 [EndpointStateMachine task thread for /0.0.0.0:42301 - 0 ] INFO  server.GrpcService (GrpcService.java:startImpl(260)) - 307a4eae-8455-4484-b26c-d8f5f09d506a: GrpcService started, listening on 36815
2022-08-10 09:21:27,835 [EndpointStateMachine task thread for /0.0.0.0:42301 - 0 ] INFO  ratis.XceiverServerRatis (XceiverServerRatis.java:getRealPort(502)) - XceiverServerRatis 307a4eae-8455-4484-b26c-d8f5f09d506a is started using port 36815 for RATIS
2022-08-10 09:21:27,835 [org.apache.ratis.util.JvmPauseMonitor$$Lambda$696/1259104175@32b9e509] INFO  util.JvmPauseMonitor (JvmPauseMonitor.java:run(103)) - JvmPauseMonitor-307a4eae-8455-4484-b26c-d8f5f09d506a: Started
2022-08-10 09:21:27,835 [EndpointStateMachine task thread for /0.0.0.0:42301 - 0 ] INFO  ratis.XceiverServerRatis (XceiverServerRatis.java:getRealPort(502)) - XceiverServerRatis 307a4eae-8455-4484-b26c-d8f5f09d506a is started using port 36815 for RATIS_ADMIN
2022-08-10 09:21:27,835 [EndpointStateMachine task thread for /0.0.0.0:42301 - 0 ] INFO  ratis.XceiverServerRatis (XceiverServerRatis.java:getRealPort(502)) - XceiverServerRatis 307a4eae-8455-4484-b26c-d8f5f09d506a is started using port 36815 for RATIS_SERVER
2022-08-10 09:21:27,839 [EndpointStateMachine task thread for /0.0.0.0:42301 - 0 ] INFO  server.XceiverServerGrpc (XceiverServerGrpc.java:start(180)) - XceiverServerGrpc 307a4eae-8455-4484-b26c-d8f5f09d506a is started using port 37765
2022-08-10 09:21:28,141 [Listener at 127.0.0.1/36235] INFO  ozone.MiniOzoneClusterImpl (MiniOzoneClusterImpl.java:lambda$waitForClusterToBeReady$0(216)) - Waiting for nodes to be ready. Got 0 of 3 DN Heartbeats.
2022-08-10 09:21:28,141 [Listener at 127.0.0.1/36235] INFO  ozone.MiniOzoneClusterImpl (MiniOzoneClusterImpl.java:lambda$waitForClusterToBeReady$0(219)) - Waiting for cluster to exit safe mode
2022-08-10 09:21:28,142 [Listener at 127.0.0.1/36235] INFO  ozone.MiniOzoneClusterImpl (MiniOzoneClusterImpl.java:lambda$waitForClusterToBeReady$0(221)) - SCM became leader
2022-08-10 09:21:28,202 [EndpointStateMachine task thread for /0.0.0.0:42301 - 0 ] INFO  volume.HddsVolume (HddsVolume.java:createDbStore(309)) - SchemaV3 db is created and loaded at /home/runner/work/ozone/ozone/hadoop-ozone/integration-test/target/test-dir/MiniOzoneClusterImpl-5b46f7b7-15cd-42ca-88c0-c813cff626ca/datanode-2/data-0/containers/hdds/5b46f7b7-15cd-42ca-88c0-c813cff626ca/DS-913fdc21-f722-4970-8d6b-5b575177248b/container.db for volume DS-913fdc21-f722-4970-8d6b-5b575177248b
2022-08-10 09:21:28,203 [EndpointStateMachine task thread for /0.0.0.0:42301 - 0 ] INFO  volume.HddsVolume (HddsVolume.java:closeDbStore(340)) - SchemaV3 db is stopped at /home/runner/work/ozone/ozone/hadoop-ozone/integration-test/target/test-dir/MiniOzoneClusterImpl-5b46f7b7-15cd-42ca-88c0-c813cff626ca/datanode-2/data-0/containers/hdds/5b46f7b7-15cd-42ca-88c0-c813cff626ca/DS-913fdc21-f722-4970-8d6b-5b575177248b/container.db for volume DS-913fdc21-f722-4970-8d6b-5b575177248b
2022-08-10 09:21:28,203 [EndpointStateMachine task thread for /0.0.0.0:42301 - 0 ] INFO  ozoneimpl.OzoneContainer (OzoneContainer.java:start(377)) - Attempting to start container services.
2022-08-10 09:21:28,204 [EndpointStateMachine task thread for /0.0.0.0:42301 - 0 ] INFO  ozoneimpl.OzoneContainer (OzoneContainer.java:startContainerScrub(312)) - Background container scanner has been disabled.
2022-08-10 09:21:28,208 [EndpointStateMachine task thread for /0.0.0.0:42301 - 0 ] INFO  replication.ReplicationServer (ReplicationServer.java:start(111)) - ReplicationServer is started using port 43925
2022-08-10 09:21:28,208 [EndpointStateMachine task thread for /0.0.0.0:42301 - 0 ] INFO  ratis.XceiverServerRatis (XceiverServerRatis.java:start(481)) - Starting XceiverServerRatis 895c4c6d-5b5c-4808-a9cf-fdca3e3afc0d
2022-08-10 09:21:28,209 [EndpointStateMachine task thread for /0.0.0.0:42301 - 0 ] INFO  server.RaftServer (RaftServerProxy.java:lambda$start$6(382)) - 895c4c6d-5b5c-4808-a9cf-fdca3e3afc0d: start RPC server
2022-08-10 09:21:28,211 [EndpointStateMachine task thread for /0.0.0.0:42301 - 0 ] INFO  server.GrpcService (GrpcService.java:startImpl(260)) - 895c4c6d-5b5c-4808-a9cf-fdca3e3afc0d: GrpcService started, listening on 40015
2022-08-10 09:21:28,211 [EndpointStateMachine task thread for /0.0.0.0:42301 - 0 ] INFO  ratis.XceiverServerRatis (XceiverServerRatis.java:getRealPort(502)) - XceiverServerRatis 895c4c6d-5b5c-4808-a9cf-fdca3e3afc0d is started using port 40015 for RATIS
2022-08-10 09:21:28,211 [EndpointStateMachine task thread for /0.0.0.0:42301 - 0 ] INFO  ratis.XceiverServerRatis (XceiverServerRatis.java:getRealPort(502)) - XceiverServerRatis 895c4c6d-5b5c-4808-a9cf-fdca3e3afc0d is started using port 40015 for RATIS_ADMIN
2022-08-10 09:21:28,211 [EndpointStateMachine task thread for /0.0.0.0:42301 - 0 ] INFO  ratis.XceiverServerRatis (XceiverServerRatis.java:getRealPort(502)) - XceiverServerRatis 895c4c6d-5b5c-4808-a9cf-fdca3e3afc0d is started using port 40015 for RATIS_SERVER
2022-08-10 09:21:28,212 [org.apache.ratis.util.JvmPauseMonitor$$Lambda$696/1259104175@10736352] INFO  util.JvmPauseMonitor (JvmPauseMonitor.java:run(103)) - JvmPauseMonitor-895c4c6d-5b5c-4808-a9cf-fdca3e3afc0d: Started
2022-08-10 09:21:28,214 [EndpointStateMachine task thread for /0.0.0.0:42301 - 0 ] INFO  server.XceiverServerGrpc (XceiverServerGrpc.java:start(180)) - XceiverServerGrpc 895c4c6d-5b5c-4808-a9cf-fdca3e3afc0d is started using port 41805
2022-08-10 09:21:29,142 [Listener at 127.0.0.1/36235] INFO  ozone.MiniOzoneClusterImpl (MiniOzoneClusterImpl.java:lambda$waitForClusterToBeReady$0(216)) - Waiting for nodes to be ready. Got 0 of 3 DN Heartbeats.
2022-08-10 09:21:29,142 [Listener at 127.0.0.1/36235] INFO  ozone.MiniOzoneClusterImpl (MiniOzoneClusterImpl.java:lambda$waitForClusterToBeReady$0(219)) - Waiting for cluster to exit safe mode
2022-08-10 09:21:29,142 [Listener at 127.0.0.1/36235] INFO  ozone.MiniOzoneClusterImpl (MiniOzoneClusterImpl.java:lambda$waitForClusterToBeReady$0(221)) - SCM became leader
2022-08-10 09:21:29,325 [IPC Server handler 14 on default port 42301] INFO  net.NetworkTopologyImpl (NetworkTopologyImpl.java:add(112)) - Added a new node: /default-rack/1aca9449-889e-455e-97c1-34bb763eddaa
2022-08-10 09:21:29,328 [IPC Server handler 14 on default port 42301] INFO  node.SCMNodeManager (SCMNodeManager.java:register(397)) - Registered Data node : 1aca9449-889e-455e-97c1-34bb763eddaa{ip: 10.1.0.9, host: fv-az244-795.wfqk4h0zklwe5pzfvc0psazzwc.bx.internal.cloudapp.net, ports: [REPLICATION=40617, RATIS=44661, RATIS_ADMIN=44661, RATIS_SERVER=44661, STANDALONE=40197], networkLocation: /default-rack, certSerialId: null, persistedOpState: null, persistedOpStateExpiryEpochSec: 0}
2022-08-10 09:21:29,335 [EventQueue-NewNodeForNewNodeHandler] INFO  pipeline.BackgroundPipelineCreator (BackgroundPipelineCreator.java:notifyEventTriggered(276)) - trigger a one-shot run on RatisPipelineUtilsThread.
2022-08-10 09:21:29,338 [EventQueue-NodeRegistrationContainerReportForContainerSafeModeRule] INFO  safemode.SCMSafeModeManager (SCMSafeModeManager.java:validateSafeModeExitRules(204)) - ContainerSafeModeRule rule is successfully validated
2022-08-10 09:21:29,339 [EventQueue-NodeRegistrationContainerReportForDataNodeSafeModeRule] INFO  safemode.SCMSafeModeManager (DataNodeSafeModeRule.java:process(71)) - SCM in safe mode. 1 DataNodes registered, 3 required.
2022-08-10 09:21:29,339 [EventQueue-PipelineReportForOneReplicaPipelineSafeModeRule] INFO  safemode.SCMSafeModeManager (SCMSafeModeManager.java:validateSafeModeExitRules(204)) - AtleastOneDatanodeReportedRule rule is successfully validated
2022-08-10 09:21:29,345 [RatisPipelineUtilsThread - 0] INFO  pipeline.RatisPipelineProvider (RatisPipelineProvider.java:lambda$create$0(195)) - Sending CreatePipelineCommand for pipeline:PipelineID=90e77231-7058-4a15-89c9-91e46f08ea20 to datanode:1aca9449-889e-455e-97c1-34bb763eddaa
2022-08-10 09:21:29,354 [RatisPipelineUtilsThread - 0] INFO  pipeline.PipelineStateManagerImpl (PipelineStateManagerImpl.java:addPipeline(103)) - Created pipeline Pipeline[ Id: 90e77231-7058-4a15-89c9-91e46f08ea20, Nodes: 1aca9449-889e-455e-97c1-34bb763eddaa{ip: 10.1.0.9, host: fv-az244-795.wfqk4h0zklwe5pzfvc0psazzwc.bx.internal.cloudapp.net, ports: [REPLICATION=40617, RATIS=44661, RATIS_ADMIN=44661, RATIS_SERVER=44661, STANDALONE=40197], networkLocation: /default-rack, certSerialId: null, persistedOpState: IN_SERVICE, persistedOpStateExpiryEpochSec: 0}, ReplicationConfig: RATIS/ONE, State:ALLOCATED, leaderId:, CreationTimestamp2022-08-10T09:21:29.341Z[Etc/UTC]].
2022-08-10 09:21:29,784 [IPC Server handler 18 on default port 42301] INFO  net.NetworkTopologyImpl (NetworkTopologyImpl.java:add(112)) - Added a new node: /default-rack/307a4eae-8455-4484-b26c-d8f5f09d506a
2022-08-10 09:21:29,784 [IPC Server handler 18 on default port 42301] INFO  node.SCMNodeManager (SCMNodeManager.java:register(397)) - Registered Data node : 307a4eae-8455-4484-b26c-d8f5f09d506a{ip: 10.1.0.9, host: fv-az244-795.wfqk4h0zklwe5pzfvc0psazzwc.bx.internal.cloudapp.net, ports: [REPLICATION=33787, RATIS=36815, RATIS_ADMIN=36815, RATIS_SERVER=36815, STANDALONE=37765], networkLocation: /default-rack, certSerialId: null, persistedOpState: null, persistedOpStateExpiryEpochSec: 0}
2022-08-10 09:21:29,785 [EventQueue-NewNodeForNewNodeHandler] INFO  pipeline.BackgroundPipelineCreator (BackgroundPipelineCreator.java:notifyEventTriggered(276)) - trigger a one-shot run on RatisPipelineUtilsThread.
2022-08-10 09:21:29,786 [EventQueue-NodeRegistrationContainerReportForDataNodeSafeModeRule] INFO  safemode.SCMSafeModeManager (DataNodeSafeModeRule.java:process(71)) - SCM in safe mode. 2 DataNodes registered, 3 required.
2022-08-10 09:21:29,788 [RatisPipelineUtilsThread - 0] INFO  pipeline.RatisPipelineProvider (RatisPipelineProvider.java:lambda$create$0(195)) - Sending CreatePipelineCommand for pipeline:PipelineID=f41b0a58-cc8c-4ff2-9477-38691fb11dda to datanode:307a4eae-8455-4484-b26c-d8f5f09d506a
2022-08-10 09:21:29,788 [RatisPipelineUtilsThread - 0] INFO  pipeline.PipelineStateManagerImpl (PipelineStateManagerImpl.java:addPipeline(103)) - Created pipeline Pipeline[ Id: f41b0a58-cc8c-4ff2-9477-38691fb11dda, Nodes: 307a4eae-8455-4484-b26c-d8f5f09d506a{ip: 10.1.0.9, host: fv-az244-795.wfqk4h0zklwe5pzfvc0psazzwc.bx.internal.cloudapp.net, ports: [REPLICATION=33787, RATIS=36815, RATIS_ADMIN=36815, RATIS_SERVER=36815, STANDALONE=37765], networkLocation: /default-rack, certSerialId: null, persistedOpState: IN_SERVICE, persistedOpStateExpiryEpochSec: 0}, ReplicationConfig: RATIS/ONE, State:ALLOCATED, leaderId:, CreationTimestamp2022-08-10T09:21:29.788Z[Etc/UTC]].
2022-08-10 09:21:30,143 [Listener at 127.0.0.1/36235] INFO  ozone.MiniOzoneClusterImpl (MiniOzoneClusterImpl.java:lambda$waitForClusterToBeReady$0(216)) - Waiting for nodes to be ready. Got 2 of 3 DN Heartbeats.
2022-08-10 09:21:30,143 [Listener at 127.0.0.1/36235] INFO  ozone.MiniOzoneClusterImpl (MiniOzoneClusterImpl.java:lambda$waitForClusterToBeReady$0(219)) - Waiting for cluster to exit safe mode
2022-08-10 09:21:30,143 [Listener at 127.0.0.1/36235] INFO  ozone.MiniOzoneClusterImpl (MiniOzoneClusterImpl.java:lambda$waitForClusterToBeReady$0(221)) - SCM became leader
2022-08-10 09:21:30,159 [IPC Server handler 19 on default port 42301] INFO  net.NetworkTopologyImpl (NetworkTopologyImpl.java:add(112)) - Added a new node: /default-rack/895c4c6d-5b5c-4808-a9cf-fdca3e3afc0d
2022-08-10 09:21:30,160 [IPC Server handler 19 on default port 42301] INFO  node.SCMNodeManager (SCMNodeManager.java:register(397)) - Registered Data node : 895c4c6d-5b5c-4808-a9cf-fdca3e3afc0d{ip: 10.1.0.9, host: fv-az244-795.wfqk4h0zklwe5pzfvc0psazzwc.bx.internal.cloudapp.net, ports: [REPLICATION=43925, RATIS=40015, RATIS_ADMIN=40015, RATIS_SERVER=40015, STANDALONE=41805], networkLocation: /default-rack, certSerialId: null, persistedOpState: null, persistedOpStateExpiryEpochSec: 0}
2022-08-10 09:21:30,160 [EventQueue-NewNodeForNewNodeHandler] INFO  pipeline.BackgroundPipelineCreator (BackgroundPipelineCreator.java:notifyEventTriggered(276)) - trigger a one-shot run on RatisPipelineUtilsThread.
2022-08-10 09:21:30,161 [RatisPipelineUtilsThread - 0] INFO  pipeline.RatisPipelineProvider (RatisPipelineProvider.java:lambda$create$0(195)) - Sending CreatePipelineCommand for pipeline:PipelineID=5be26405-3e3b-42ec-997e-76a1f27a6bb5 to datanode:895c4c6d-5b5c-4808-a9cf-fdca3e3afc0d
2022-08-10 09:21:30,161 [EventQueue-NodeRegistrationContainerReportForDataNodeSafeModeRule] INFO  safemode.SCMSafeModeManager (DataNodeSafeModeRule.java:process(71)) - SCM in safe mode. 3 DataNodes registered, 3 required.
2022-08-10 09:21:30,161 [EventQueue-NodeRegistrationContainerReportForDataNodeSafeModeRule] INFO  safemode.SCMSafeModeManager (SCMSafeModeManager.java:validateSafeModeExitRules(204)) - DataNodeSafeModeRule rule is successfully validated
2022-08-10 09:21:30,161 [EventQueue-NodeRegistrationContainerReportForDataNodeSafeModeRule] INFO  safemode.SCMSafeModeManager (SCMSafeModeManager.java:completePreCheck(233)) - All SCM safe mode pre check rules have passed
2022-08-10 09:21:30,161 [EventQueue-NodeRegistrationContainerReportForDataNodeSafeModeRule] WARN  events.EventQueue (EventQueue.java:fireEvent(216)) - No event handler registered for event TypedEvent{payloadType=SafeModeStatus, name='Safe mode status'}
2022-08-10 09:21:30,162 [EventQueue-NodeRegistrationContainerReportForDataNodeSafeModeRule] INFO  ha.SCMContext (SCMContext.java:updateSafeModeStatus(228)) - Update SafeModeStatus from SafeModeStatus{safeModeStatus=true, preCheckPassed=false} to SafeModeStatus{safeModeStatus=true, preCheckPassed=true}.
2022-08-10 09:21:30,162 [EventQueue-NodeRegistrationContainerReportForDataNodeSafeModeRule] INFO  pipeline.BackgroundPipelineCreator (BackgroundPipelineCreator.java:notifyEventTriggered(276)) - trigger a one-shot run on RatisPipelineUtilsThread.
2022-08-10 09:21:30,162 [RatisPipelineUtilsThread - 0] INFO  pipeline.PipelineStateManagerImpl (PipelineStateManagerImpl.java:addPipeline(103)) - Created pipeline Pipeline[ Id: 5be26405-3e3b-42ec-997e-76a1f27a6bb5, Nodes: 895c4c6d-5b5c-4808-a9cf-fdca3e3afc0d{ip: 10.1.0.9, host: fv-az244-795.wfqk4h0zklwe5pzfvc0psazzwc.bx.internal.cloudapp.net, ports: [REPLICATION=43925, RATIS=40015, RATIS_ADMIN=40015, RATIS_SERVER=40015, STANDALONE=41805], networkLocation: /default-rack, certSerialId: null, persistedOpState: IN_SERVICE, persistedOpStateExpiryEpochSec: 0}, ReplicationConfig: RATIS/ONE, State:ALLOCATED, leaderId:, CreationTimestamp2022-08-10T09:21:30.161Z[Etc/UTC]].
2022-08-10 09:21:30,167 [RatisPipelineUtilsThread - 0] INFO  pipeline.RatisPipelineProvider (RatisPipelineProvider.java:lambda$create$0(195)) - Sending CreatePipelineCommand for pipeline:PipelineID=9405f0c9-f373-4ef5-8c00-20d72298988b to datanode:1aca9449-889e-455e-97c1-34bb763eddaa
2022-08-10 09:21:30,167 [RatisPipelineUtilsThread - 0] INFO  pipeline.RatisPipelineProvider (RatisPipelineProvider.java:lambda$create$0(195)) - Sending CreatePipelineCommand for pipeline:PipelineID=9405f0c9-f373-4ef5-8c00-20d72298988b to datanode:307a4eae-8455-4484-b26c-d8f5f09d506a
2022-08-10 09:21:30,167 [RatisPipelineUtilsThread - 0] INFO  pipeline.RatisPipelineProvider (RatisPipelineProvider.java:lambda$create$0(195)) - Sending CreatePipelineCommand for pipeline:PipelineID=9405f0c9-f373-4ef5-8c00-20d72298988b to datanode:895c4c6d-5b5c-4808-a9cf-fdca3e3afc0d
2022-08-10 09:21:30,168 [RatisPipelineUtilsThread - 0] INFO  pipeline.PipelineStateManagerImpl (PipelineStateManagerImpl.java:addPipeline(103)) - Created pipeline Pipeline[ Id: 9405f0c9-f373-4ef5-8c00-20d72298988b, Nodes: 1aca9449-889e-455e-97c1-34bb763eddaa{ip: 10.1.0.9, host: fv-az244-795.wfqk4h0zklwe5pzfvc0psazzwc.bx.internal.cloudapp.net, ports: [REPLICATION=40617, RATIS=44661, RATIS_ADMIN=44661, RATIS_SERVER=44661, STANDALONE=40197], networkLocation: /default-rack, certSerialId: null, persistedOpState: IN_SERVICE, persistedOpStateExpiryEpochSec: 0}307a4eae-8455-4484-b26c-d8f5f09d506a{ip: 10.1.0.9, host: fv-az244-795.wfqk4h0zklwe5pzfvc0psazzwc.bx.internal.cloudapp.net, ports: [REPLICATION=33787, RATIS=36815, RATIS_ADMIN=36815, RATIS_SERVER=36815, STANDALONE=37765], networkLocation: /default-rack, certSerialId: null, persistedOpState: IN_SERVICE, persistedOpStateExpiryEpochSec: 0}895c4c6d-5b5c-4808-a9cf-fdca3e3afc0d{ip: 10.1.0.9, host: fv-az244-795.wfqk4h0zklwe5pzfvc0psazzwc.bx.internal.cloudapp.net, ports: [REPLICATION=43925, RATIS=40015, RATIS_ADMIN=40015, RATIS_SERVER=40015, STANDALONE=41805], networkLocation: /default-rack, certSerialId: null, persistedOpState: IN_SERVICE, persistedOpStateExpiryEpochSec: 0}, ReplicationConfig: RATIS/THREE, State:ALLOCATED, leaderId:, CreationTimestamp2022-08-10T09:21:30.167Z[Etc/UTC]].
2022-08-10 09:21:30,169 [RatisPipelineUtilsThread - 0] INFO  pipeline.RatisPipelineProvider (RatisPipelineProvider.java:lambda$create$0(195)) - Sending CreatePipelineCommand for pipeline:PipelineID=7080040a-41fb-4f86-879e-711033c97113 to datanode:307a4eae-8455-4484-b26c-d8f5f09d506a
2022-08-10 09:21:30,170 [RatisPipelineUtilsThread - 0] INFO  pipeline.RatisPipelineProvider (RatisPipelineProvider.java:lambda$create$0(195)) - Sending CreatePipelineCommand for pipeline:PipelineID=7080040a-41fb-4f86-879e-711033c97113 to datanode:895c4c6d-5b5c-4808-a9cf-fdca3e3afc0d
2022-08-10 09:21:30,171 [RatisPipelineUtilsThread - 0] INFO  pipeline.RatisPipelineProvider (RatisPipelineProvider.java:lambda$create$0(195)) - Sending CreatePipelineCommand for pipeline:PipelineID=7080040a-41fb-4f86-879e-711033c97113 to datanode:1aca9449-889e-455e-97c1-34bb763eddaa
2022-08-10 09:21:30,172 [RatisPipelineUtilsThread - 0] INFO  pipeline.PipelineStateManagerImpl (PipelineStateManagerImpl.java:addPipeline(103)) - Created pipeline Pipeline[ Id: 7080040a-41fb-4f86-879e-711033c97113, Nodes: 307a4eae-8455-4484-b26c-d8f5f09d506a{ip: 10.1.0.9, host: fv-az244-795.wfqk4h0zklwe5pzfvc0psazzwc.bx.internal.cloudapp.net, ports: [REPLICATION=33787, RATIS=36815, RATIS_ADMIN=36815, RATIS_SERVER=36815, STANDALONE=37765], networkLocation: /default-rack, certSerialId: null, persistedOpState: IN_SERVICE, persistedOpStateExpiryEpochSec: 0}895c4c6d-5b5c-4808-a9cf-fdca3e3afc0d{ip: 10.1.0.9, host: fv-az244-795.wfqk4h0zklwe5pzfvc0psazzwc.bx.internal.cloudapp.net, ports: [REPLICATION=43925, RATIS=40015, RATIS_ADMIN=40015, RATIS_SERVER=40015, STANDALONE=41805], networkLocation: /default-rack, certSerialId: null, persistedOpState: IN_SERVICE, persistedOpStateExpiryEpochSec: 0}1aca9449-889e-455e-97c1-34bb763eddaa{ip: 10.1.0.9, host: fv-az244-795.wfqk4h0zklwe5pzfvc0psazzwc.bx.internal.cloudapp.net, ports: [REPLICATION=40617, RATIS=44661, RATIS_ADMIN=44661, RATIS_SERVER=44661, STANDALONE=40197], networkLocation: /default-rack, certSerialId: null, persistedOpState: IN_SERVICE, persistedOpStateExpiryEpochSec: 0}, ReplicationConfig: RATIS/THREE, State:ALLOCATED, leaderId:, CreationTimestamp2022-08-10T09:21:30.169Z[Etc/UTC]].
2022-08-10 09:21:30,173 [RatisPipelineUtilsThread - 0] INFO  pipeline.PipelineManagerImpl (PipelineManagerImpl.java:recordMetricsForPipeline(796)) - Pipeline: PipelineID=7080040a-41fb-4f86-879e-711033c97113 contains same datanodes as previous pipelines: PipelineID=9405f0c9-f373-4ef5-8c00-20d72298988b nodeIds: 307a4eae-8455-4484-b26c-d8f5f09d506a, 895c4c6d-5b5c-4808-a9cf-fdca3e3afc0d, 1aca9449-889e-455e-97c1-34bb763eddaa
2022-08-10 09:21:31,144 [Listener at 127.0.0.1/36235] INFO  ozone.MiniOzoneClusterImpl (MiniOzoneClusterImpl.java:lambda$waitForClusterToBeReady$0(216)) - Nodes are ready. Got 3 of 3 DN Heartbeats.
2022-08-10 09:21:31,145 [Listener at 127.0.0.1/36235] INFO  ozone.MiniOzoneClusterImpl (MiniOzoneClusterImpl.java:lambda$waitForClusterToBeReady$0(219)) - Waiting for cluster to exit safe mode
2022-08-10 09:21:31,145 [Listener at 127.0.0.1/36235] INFO  ozone.MiniOzoneClusterImpl (MiniOzoneClusterImpl.java:lambda$waitForClusterToBeReady$0(221)) - SCM became leader
2022-08-10 09:21:32,146 [Listener at 127.0.0.1/36235] INFO  ozone.MiniOzoneClusterImpl (MiniOzoneClusterImpl.java:lambda$waitForClusterToBeReady$0(216)) - Nodes are ready. Got 3 of 3 DN Heartbeats.
2022-08-10 09:21:32,146 [Listener at 127.0.0.1/36235] INFO  ozone.MiniOzoneClusterImpl (MiniOzoneClusterImpl.java:lambda$waitForClusterToBeReady$0(219)) - Waiting for cluster to exit safe mode
2022-08-10 09:21:32,146 [Listener at 127.0.0.1/36235] INFO  ozone.MiniOzoneClusterImpl (MiniOzoneClusterImpl.java:lambda$waitForClusterToBeReady$0(221)) - SCM became leader
2022-08-10 09:21:32,319 [Command processor thread] INFO  server.RaftServer (RaftServerProxy.java:addNew(96)) - 1aca9449-889e-455e-97c1-34bb763eddaa: addNew group-91E46F08EA20:[1aca9449-889e-455e-97c1-34bb763eddaa|rpc:10.1.0.9:44661|priority:1] returns group-91E46F08EA20:java.util.concurrent.CompletableFuture@4fe50bd5[Not completed]
2022-08-10 09:21:32,334 [pool-122-thread-1] INFO  server.RaftServer$Division (RaftServerImpl.java:<init>(190)) - 1aca9449-889e-455e-97c1-34bb763eddaa: new RaftServerImpl for group-91E46F08EA20:[1aca9449-889e-455e-97c1-34bb763eddaa|rpc:10.1.0.9:44661|priority:1] with ContainerStateMachine:uninitialized
2022-08-10 09:21:32,334 [pool-122-thread-1] INFO  server.RaftServerConfigKeys (ConfUtils.java:logGet(46)) - raft.server.rpc.timeout.min = 5s (custom)
2022-08-10 09:21:32,334 [pool-122-thread-1] INFO  server.RaftServerConfigKeys (ConfUtils.java:logGet(46)) - raft.server.rpc.timeout.max = 5200ms (custom)
2022-08-10 09:21:32,334 [pool-122-thread-1] INFO  server.RaftServerConfigKeys (ConfUtils.java:logGet(46)) - raft.server.rpc.sleep.time = 25ms (default)
2022-08-10 09:21:32,334 [pool-122-thread-1] INFO  server.RaftServerConfigKeys (ConfUtils.java:logGet(46)) - raft.server.rpc.slowness.timeout = 300s (custom)
2022-08-10 09:21:32,334 [pool-122-thread-1] INFO  server.RaftServerConfigKeys (ConfUtils.java:logGet(46)) - raft.server.leaderelection.leader.step-down.wait-time = 10s (default)
2022-08-10 09:21:32,334 [pool-122-thread-1] INFO  server.RaftServerConfigKeys (ConfUtils.java:logGet(46)) - raft.server.sleep.deviation.threshold = 300ms (default)
2022-08-10 09:21:32,334 [pool-122-thread-1] INFO  server.RaftServer$Division (ServerState.java:<init>(107)) - 1aca9449-889e-455e-97c1-34bb763eddaa@group-91E46F08EA20: ConfigurationManager, init=-1: [1aca9449-889e-455e-97c1-34bb763eddaa|rpc:10.1.0.9:44661|priority:1], old=null, confs=<EMPTY_MAP>
2022-08-10 09:21:32,335 [pool-122-thread-1] INFO  server.RaftServerConfigKeys (ConfUtils.java:logGet(46)) - raft.server.storage.dir = [/home/runner/work/ozone/ozone/hadoop-ozone/integration-test/target/test-dir/MiniOzoneClusterImpl-5b46f7b7-15cd-42ca-88c0-c813cff626ca/datanode-0/data/ratis] (custom)
2022-08-10 09:21:32,335 [pool-122-thread-1] INFO  server.RaftServerConfigKeys (ConfUtils.java:logGet(46)) - raft.server.log.corruption.policy = EXCEPTION (default)
2022-08-10 09:21:32,335 [pool-122-thread-1] INFO  server.RaftServerConfigKeys (ConfUtils.java:logGet(46)) - raft.server.storage.free-space.min = 0MB (=0) (default)
2022-08-10 09:21:32,335 [pool-122-thread-1] INFO  storage.RaftStorageDirectory (RaftStorageDirectoryImpl.java:analyzeStorage(135)) - The storage directory /home/runner/work/ozone/ozone/hadoop-ozone/integration-test/target/test-dir/MiniOzoneClusterImpl-5b46f7b7-15cd-42ca-88c0-c813cff626ca/datanode-0/data/ratis/90e77231-7058-4a15-89c9-91e46f08ea20 does not exist. Creating ...
2022-08-10 09:21:32,337 [pool-122-thread-1] INFO  storage.RaftStorageDirectory (RaftStorageDirectoryImpl.java:tryLock(230)) - Lock on /home/runner/work/ozone/ozone/hadoop-ozone/integration-test/target/test-dir/MiniOzoneClusterImpl-5b46f7b7-15cd-42ca-88c0-c813cff626ca/datanode-0/data/ratis/90e77231-7058-4a15-89c9-91e46f08ea20/in_use.lock acquired by nodename 28234@fv-az244-795
2022-08-10 09:21:32,338 [pool-122-thread-1] INFO  storage.RaftStorage (RaftStorageImpl.java:format(89)) - Storage directory /home/runner/work/ozone/ozone/hadoop-ozone/integration-test/target/test-dir/MiniOzoneClusterImpl-5b46f7b7-15cd-42ca-88c0-c813cff626ca/datanode-0/data/ratis/90e77231-7058-4a15-89c9-91e46f08ea20 has been successfully formatted.
2022-08-10 09:21:32,343 [pool-122-thread-1] INFO  ratis.ContainerStateMachine (ContainerStateMachine.java:loadSnapshot(236)) - group-91E46F08EA20: The snapshot info is null. Setting the last applied indexto:(t:0, i:~)
2022-08-10 09:21:32,343 [pool-122-thread-1] INFO  server.RaftServerConfigKeys (ConfUtils.java:logGet(46)) - raft.server.notification.no-leader.timeout = 300s (custom)
2022-08-10 09:21:32,343 [pool-122-thread-1] INFO  server.RaftServerConfigKeys (ConfUtils.java:logGet(46)) - raft.server.log.use.memory = false (default)
2022-08-10 09:21:32,343 [pool-122-thread-1] INFO  server.RaftServerConfigKeys (ConfUtils.java:logGet(46)) - raft.server.log.purge.gap = 1000000 (custom)
2022-08-10 09:21:32,343 [pool-122-thread-1] INFO  server.RaftServerConfigKeys (ConfUtils.java:logGet(46)) - raft.server.log.appender.buffer.byte-limit = 33554432 (custom)
2022-08-10 09:21:32,343 [pool-122-thread-1] INFO  server.RaftServerConfigKeys (ConfUtils.java:logGet(46)) - raft.server.log.statemachine.data.read.timeout = 1000ms (default)
2022-08-10 09:21:32,345 [pool-122-thread-1] INFO  server.RaftServerConfigKeys (ConfUtils.java:logGet(46)) - raft.server.log.segment.size.max = 1048576 (custom)
2022-08-10 09:21:32,345 [pool-122-thread-1] INFO  server.RaftServerConfigKeys (ConfUtils.java:logGet(46)) - raft.server.log.segment.cache.num.max = 2 (custom)
2022-08-10 09:21:32,345 [pool-122-thread-1] INFO  server.RaftServerConfigKeys (ConfUtils.java:logGet(46)) - raft.server.log.segment.cache.size.max = 200MB (=209715200) (default)
2022-08-10 09:21:32,346 [pool-122-thread-1] INFO  segmented.SegmentedRaftLogWorker (SegmentedRaftLogWorker.java:<init>(187)) - new 1aca9449-889e-455e-97c1-34bb763eddaa@group-91E46F08EA20-SegmentedRaftLogWorker for RaftStorageImpl:Storage Directory /home/runner/work/ozone/ozone/hadoop-ozone/integration-test/target/test-dir/MiniOzoneClusterImpl-5b46f7b7-15cd-42ca-88c0-c813cff626ca/datanode-0/data/ratis/90e77231-7058-4a15-89c9-91e46f08ea20
2022-08-10 09:21:32,346 [pool-122-thread-1] INFO  server.RaftServerConfigKeys (ConfUtils.java:logGet(46)) - raft.server.log.queue.byte-limit = 4294967296 (custom)
2022-08-10 09:21:32,346 [pool-122-thread-1] INFO  server.RaftServerConfigKeys (ConfUtils.java:logGet(46)) - raft.server.log.queue.element-limit = 1024 (custom)
2022-08-10 09:21:32,346 [pool-122-thread-1] INFO  server.RaftServerConfigKeys (ConfUtils.java:logGet(46)) - raft.server.log.segment.size.max = 1048576 (custom)
2022-08-10 09:21:32,346 [pool-122-thread-1] INFO  server.RaftServerConfigKeys (ConfUtils.java:logGet(46)) - raft.server.log.preallocated.size = 16384 (custom)
2022-08-10 09:21:32,346 [pool-122-thread-1] INFO  server.RaftServerConfigKeys (ConfUtils.java:logGet(46)) - raft.server.log.force.sync.num = 128 (default)
2022-08-10 09:21:32,346 [pool-122-thread-1] INFO  server.RaftServerConfigKeys (ConfUtils.java:logGet(46)) - raft.server.log.statemachine.data.sync = true (default)
2022-08-10 09:21:32,346 [pool-122-thread-1] INFO  server.RaftServerConfigKeys (ConfUtils.java:logGet(46)) - raft.server.log.statemachine.data.sync.timeout = 10s (default)
2022-08-10 09:21:32,346 [pool-122-thread-1] INFO  server.RaftServerConfigKeys (ConfUtils.java:logGet(46)) - raft.server.log.statemachine.data.sync.timeout.retry = -1 (default)
2022-08-10 09:21:32,348 [pool-122-thread-1] INFO  server.RaftServerConfigKeys (ConfUtils.java:logGet(46)) - raft.server.log.write.buffer.size = 1048576 (custom)
2022-08-10 09:21:32,348 [pool-122-thread-1] INFO  server.RaftServerConfigKeys (ConfUtils.java:logGet(46)) - raft.server.log.unsafe-flush.enabled = false (default)
2022-08-10 09:21:32,348 [pool-122-thread-1] INFO  server.RaftServerConfigKeys (ConfUtils.java:logGet(46)) - raft.server.log.statemachine.data.caching.enabled = true (custom)
2022-08-10 09:21:32,348 [pool-122-thread-1] INFO  segmented.SegmentedRaftLogWorker (SegmentedRaftLogWorker.java:lambda$new$0(135)) - 1aca9449-889e-455e-97c1-34bb763eddaa@group-91E46F08EA20-SegmentedRaftLogWorker: flushIndex: setUnconditionally 0 -> -1
2022-08-10 09:21:32,348 [pool-122-thread-1] INFO  segmented.SegmentedRaftLogWorker (SegmentedRaftLogWorker.java:lambda$new$0(135)) - 1aca9449-889e-455e-97c1-34bb763eddaa@group-91E46F08EA20-SegmentedRaftLogWorker: safeCacheEvictIndex: setUnconditionally 0 -> -1
2022-08-10 09:21:32,354 [pool-122-thread-1] INFO  server.RaftServerConfigKeys (ConfUtils.java:logGet(46)) - raft.server.snapshot.auto.trigger.enabled = true (custom)
2022-08-10 09:21:32,354 [pool-122-thread-1] INFO  server.RaftServerConfigKeys (ConfUtils.java:logGet(46)) - raft.server.snapshot.auto.trigger.threshold = 10000 (custom)
2022-08-10 09:21:32,354 [pool-122-thread-1] INFO  server.RaftServerConfigKeys (ConfUtils.java:logGet(46)) - raft.server.snapshot.retention.file.num = 5 (custom)
2022-08-10 09:21:32,354 [pool-122-thread-1] INFO  server.RaftServerConfigKeys (ConfUtils.java:logGet(46)) - raft.server.log.purge.upto.snapshot.index = false (default)
2022-08-10 09:21:32,354 [pool-122-thread-1] INFO  server.RaftServerConfigKeys (ConfUtils.java:logGet(46)) - raft.server.retrycache.expirytime = 600000ms (custom)
2022-08-10 09:21:32,354 [pool-122-thread-1] INFO  server.RaftServerConfigKeys (ConfUtils.java:logGet(46)) - raft.server.retrycache.statistics.expirytime = 100μs (default)
2022-08-10 09:21:32,359 [pool-122-thread-1] INFO  server.RaftServerConfigKeys (ConfUtils.java:logGet(46)) - raft.server.log.appender.install.snapshot.enabled = false (custom)
2022-08-10 09:21:32,359 [pool-122-thread-1] INFO  server.RaftServerConfigKeys (ConfUtils.java:logGet(46)) - raft.server.threadpool.server.cached = true (default)
2022-08-10 09:21:32,359 [pool-122-thread-1] INFO  server.RaftServerConfigKeys (ConfUtils.java:logGet(46)) - raft.server.threadpool.server.size = 0 (default)
2022-08-10 09:21:32,359 [pool-122-thread-1] INFO  server.RaftServerConfigKeys (ConfUtils.java:logGet(46)) - raft.server.threadpool.client.cached = true (default)
2022-08-10 09:21:32,359 [pool-122-thread-1] INFO  server.RaftServerConfigKeys (ConfUtils.java:logGet(46)) - raft.server.threadpool.client.size = 0 (default)
2022-08-10 09:21:32,365 [pool-122-thread-1] INFO  server.RaftServer$Division (RaftServerImpl.java:start(310)) - 1aca9449-889e-455e-97c1-34bb763eddaa@group-91E46F08EA20: start as a follower, conf=-1: [1aca9449-889e-455e-97c1-34bb763eddaa|rpc:10.1.0.9:44661|priority:1], old=null
2022-08-10 09:21:32,365 [pool-122-thread-1] INFO  server.RaftServer$Division (RaftServerImpl.java:setRole(299)) - 1aca9449-889e-455e-97c1-34bb763eddaa@group-91E46F08EA20: changes role from      null to FOLLOWER at term 0 for startAsFollower
2022-08-10 09:21:32,365 [pool-122-thread-1] INFO  impl.RoleInfo (RoleInfo.java:updateAndGet(139)) - 1aca9449-889e-455e-97c1-34bb763eddaa: start 1aca9449-889e-455e-97c1-34bb763eddaa@group-91E46F08EA20-FollowerState
2022-08-10 09:21:32,370 [pool-122-thread-1] INFO  util.JmxRegister (JmxRegister.java:tryRegister(44)) - Successfully registered JMX Bean with object name Ratis:service=RaftServer,group=group-91E46F08EA20,id=1aca9449-889e-455e-97c1-34bb763eddaa
2022-08-10 09:21:32,372 [EventQueue-PipelineReportForPipelineReportHandler] INFO  pipeline.PipelineManagerImpl (PipelineManagerImpl.java:openPipeline(367)) - Pipeline Pipeline[ Id: 90e77231-7058-4a15-89c9-91e46f08ea20, Nodes: 1aca9449-889e-455e-97c1-34bb763eddaa{ip: 10.1.0.9, host: fv-az244-795.wfqk4h0zklwe5pzfvc0psazzwc.bx.internal.cloudapp.net, ports: [REPLICATION=40617, RATIS=44661, RATIS_ADMIN=44661, RATIS_SERVER=44661, STANDALONE=40197], networkLocation: /default-rack, certSerialId: null, persistedOpState: IN_SERVICE, persistedOpStateExpiryEpochSec: 0}, ReplicationConfig: RATIS/ONE, State:ALLOCATED, leaderId:1aca9449-889e-455e-97c1-34bb763eddaa, CreationTimestamp2022-08-10T09:21:29.341Z[Etc/UTC]] moved to OPEN state
2022-08-10 09:21:32,383 [Command processor thread] INFO  ratis.XceiverServerRatis (XceiverServerRatis.java:addGroup(765)) - Created group PipelineID=90e77231-7058-4a15-89c9-91e46f08ea20
2022-08-10 09:21:32,384 [EventQueue-OpenPipelineForHealthyPipelineSafeModeRule] INFO  safemode.SCMSafeModeManager (HealthyPipelineSafeModeRule.java:process(137)) - SCM in safe mode. Healthy pipelines reported count is 0, required healthy pipeline reported count is 1
2022-08-10 09:21:32,385 [Command processor thread] INFO  commandhandler.CreatePipelineCommandHandler (CreatePipelineCommandHandler.java:handle(113)) - Created Pipeline RATIS ONE PipelineID=90e77231-7058-4a15-89c9-91e46f08ea20.
2022-08-10 09:21:32,385 [Command processor thread] INFO  server.RaftServer (RaftServerProxy.java:addNew(96)) - 1aca9449-889e-455e-97c1-34bb763eddaa: addNew group-20D72298988B:[307a4eae-8455-4484-b26c-d8f5f09d506a|rpc:10.1.0.9:36815|priority:0, 1aca9449-889e-455e-97c1-34bb763eddaa|rpc:10.1.0.9:44661|priority:0, 895c4c6d-5b5c-4808-a9cf-fdca3e3afc0d|rpc:10.1.0.9:40015|priority:1] returns group-20D72298988B:java.util.concurrent.CompletableFuture@74a23c6c[Not completed]
2022-08-10 09:21:32,386 [pool-122-thread-1] INFO  server.RaftServer$Division (RaftServerImpl.java:<init>(190)) - 1aca9449-889e-455e-97c1-34bb763eddaa: new RaftServerImpl for group-20D72298988B:[307a4eae-8455-4484-b26c-d8f5f09d506a|rpc:10.1.0.9:36815|priority:0, 1aca9449-889e-455e-97c1-34bb763eddaa|rpc:10.1.0.9:44661|priority:0, 895c4c6d-5b5c-4808-a9cf-fdca3e3afc0d|rpc:10.1.0.9:40015|priority:1] with ContainerStateMachine:uninitialized
2022-08-10 09:21:32,387 [pool-122-thread-1] INFO  server.RaftServerConfigKeys (ConfUtils.java:logGet(46)) - raft.server.rpc.timeout.min = 5s (custom)
2022-08-10 09:21:32,387 [pool-122-thread-1] INFO  server.RaftServerConfigKeys (ConfUtils.java:logGet(46)) - raft.server.rpc.timeout.max = 5200ms (custom)
2022-08-10 09:21:32,387 [pool-122-thread-1] INFO  server.RaftServerConfigKeys (ConfUtils.java:logGet(46)) - raft.server.rpc.sleep.time = 25ms (default)
2022-08-10 09:21:32,387 [pool-122-thread-1] INFO  server.RaftServerConfigKeys (ConfUtils.java:logGet(46)) - raft.server.rpc.slowness.timeout = 300s (custom)
2022-08-10 09:21:32,387 [pool-122-thread-1] INFO  server.RaftServerConfigKeys (ConfUtils.java:logGet(46)) - raft.server.leaderelection.leader.step-down.wait-time = 10s (default)
2022-08-10 09:21:32,387 [pool-122-thread-1] INFO  server.RaftServerConfigKeys (ConfUtils.java:logGet(46)) - raft.server.sleep.deviation.threshold = 300ms (default)
2022-08-10 09:21:32,387 [pool-122-thread-1] INFO  server.RaftServer$Division (ServerState.java:<init>(107)) - 1aca9449-889e-455e-97c1-34bb763eddaa@group-20D72298988B: ConfigurationManager, init=-1: [307a4eae-8455-4484-b26c-d8f5f09d506a|rpc:10.1.0.9:36815|priority:0, 1aca9449-889e-455e-97c1-34bb763eddaa|rpc:10.1.0.9:44661|priority:0, 895c4c6d-5b5c-4808-a9cf-fdca3e3afc0d|rpc:10.1.0.9:40015|priority:1], old=null, confs=<EMPTY_MAP>
2022-08-10 09:21:32,387 [pool-122-thread-1] INFO  server.RaftServerConfigKeys (ConfUtils.java:logGet(46)) - raft.server.storage.dir = [/home/runner/work/ozone/ozone/hadoop-ozone/integration-test/target/test-dir/MiniOzoneClusterImpl-5b46f7b7-15cd-42ca-88c0-c813cff626ca/datanode-0/data/ratis] (custom)
2022-08-10 09:21:32,388 [pool-122-thread-1] INFO  server.RaftServerConfigKeys (ConfUtils.java:logGet(46)) - raft.server.log.corruption.policy = EXCEPTION (default)
2022-08-10 09:21:32,388 [pool-122-thread-1] INFO  server.RaftServerConfigKeys (ConfUtils.java:logGet(46)) - raft.server.storage.free-space.min = 0MB (=0) (default)
2022-08-10 09:21:32,388 [pool-122-thread-1] INFO  storage.RaftStorageDirectory (RaftStorageDirectoryImpl.java:analyzeStorage(135)) - The storage directory /home/runner/work/ozone/ozone/hadoop-ozone/integration-test/target/test-dir/MiniOzoneClusterImpl-5b46f7b7-15cd-42ca-88c0-c813cff626ca/datanode-0/data/ratis/9405f0c9-f373-4ef5-8c00-20d72298988b does not exist. Creating ...
2022-08-10 09:21:32,391 [pool-122-thread-1] INFO  storage.RaftStorageDirectory (RaftStorageDirectoryImpl.java:tryLock(230)) - Lock on /home/runner/work/ozone/ozone/hadoop-ozone/integration-test/target/test-dir/MiniOzoneClusterImpl-5b46f7b7-15cd-42ca-88c0-c813cff626ca/datanode-0/data/ratis/9405f0c9-f373-4ef5-8c00-20d72298988b/in_use.lock acquired by nodename 28234@fv-az244-795
2022-08-10 09:21:32,396 [pool-122-thread-1] INFO  storage.RaftStorage (RaftStorageImpl.java:format(89)) - Storage directory /home/runner/work/ozone/ozone/hadoop-ozone/integration-test/target/test-dir/MiniOzoneClusterImpl-5b46f7b7-15cd-42ca-88c0-c813cff626ca/datanode-0/data/ratis/9405f0c9-f373-4ef5-8c00-20d72298988b has been successfully formatted.
2022-08-10 09:21:32,397 [pool-122-thread-1] INFO  ratis.ContainerStateMachine (ContainerStateMachine.java:loadSnapshot(236)) - group-20D72298988B: The snapshot info is null. Setting the last applied indexto:(t:0, i:~)
2022-08-10 09:21:32,400 [pool-122-thread-1] INFO  server.RaftServerConfigKeys (ConfUtils.java:logGet(46)) - raft.server.notification.no-leader.timeout = 300s (custom)
2022-08-10 09:21:32,400 [pool-122-thread-1] INFO  server.RaftServerConfigKeys (ConfUtils.java:logGet(46)) - raft.server.log.use.memory = false (default)
2022-08-10 09:21:32,400 [pool-122-thread-1] INFO  server.RaftServerConfigKeys (ConfUtils.java:logGet(46)) - raft.server.log.purge.gap = 1000000 (custom)
2022-08-10 09:21:32,400 [pool-122-thread-1] INFO  server.RaftServerConfigKeys (ConfUtils.java:logGet(46)) - raft.server.log.appender.buffer.byte-limit = 33554432 (custom)
2022-08-10 09:21:32,400 [pool-122-thread-1] INFO  server.RaftServerConfigKeys (ConfUtils.java:logGet(46)) - raft.server.log.statemachine.data.read.timeout = 1000ms (default)
2022-08-10 09:21:32,401 [pool-122-thread-1] INFO  server.RaftServerConfigKeys (ConfUtils.java:logGet(46)) - raft.server.log.segment.size.max = 1048576 (custom)
2022-08-10 09:21:32,401 [pool-122-thread-1] INFO  server.RaftServerConfigKeys (ConfUtils.java:logGet(46)) - raft.server.log.segment.cache.num.max = 2 (custom)
2022-08-10 09:21:32,401 [EventQueue-OpenPipelineForHealthyPipelineSafeModeRule] INFO  safemode.SCMSafeModeManager (HealthyPipelineSafeModeRule.java:process(137)) - SCM in safe mode. Healthy pipelines reported count is 0, required healthy pipeline reported count is 1
2022-08-10 09:21:32,401 [pool-122-thread-1] INFO  server.RaftServerConfigKeys (ConfUtils.java:logGet(46)) - raft.server.log.segment.cache.size.max = 200MB (=209715200) (default)
2022-08-10 09:21:32,404 [pool-122-thread-1] INFO  segmented.SegmentedRaftLogWorker (SegmentedRaftLogWorker.java:<init>(187)) - new 1aca9449-889e-455e-97c1-34bb763eddaa@group-20D72298988B-SegmentedRaftLogWorker for RaftStorageImpl:Storage Directory /home/runner/work/ozone/ozone/hadoop-ozone/integration-test/target/test-dir/MiniOzoneClusterImpl-5b46f7b7-15cd-42ca-88c0-c813cff626ca/datanode-0/data/ratis/9405f0c9-f373-4ef5-8c00-20d72298988b
2022-08-10 09:21:32,404 [pool-122-thread-1] INFO  server.RaftServerConfigKeys (ConfUtils.java:logGet(46)) - raft.server.log.queue.byte-limit = 4294967296 (custom)
2022-08-10 09:21:32,404 [pool-122-thread-1] INFO  server.RaftServerConfigKeys (ConfUtils.java:logGet(46)) - raft.server.log.queue.element-limit = 1024 (custom)
2022-08-10 09:21:32,404 [pool-122-thread-1] INFO  server.RaftServerConfigKeys (ConfUtils.java:logGet(46)) - raft.server.log.segment.size.max = 1048576 (custom)
2022-08-10 09:21:32,404 [pool-122-thread-1] INFO  server.RaftServerConfigKeys (ConfUtils.java:logGet(46)) - raft.server.log.preallocated.size = 16384 (custom)
2022-08-10 09:21:32,407 [pool-122-thread-1] INFO  server.RaftServerConfigKeys (ConfUtils.java:logGet(46)) - raft.server.log.force.sync.num = 128 (default)
2022-08-10 09:21:32,407 [pool-122-thread-1] INFO  server.RaftServerConfigKeys (ConfUtils.java:logGet(46)) - raft.server.log.statemachine.data.sync = true (default)
2022-08-10 09:21:32,407 [pool-122-thread-1] INFO  server.RaftServerConfigKeys (ConfUtils.java:logGet(46)) - raft.server.log.statemachine.data.sync.timeout = 10s (default)
2022-08-10 09:21:32,407 [pool-122-thread-1] INFO  server.RaftServerConfigKeys (ConfUtils.java:logGet(46)) - raft.server.log.statemachine.data.sync.timeout.retry = -1 (default)
2022-08-10 09:21:32,408 [pool-122-thread-1] INFO  server.RaftServerConfigKeys (ConfUtils.java:logGet(46)) - raft.server.log.write.buffer.size = 1048576 (custom)
2022-08-10 09:21:32,408 [pool-122-thread-1] INFO  server.RaftServerConfigKeys (ConfUtils.java:logGet(46)) - raft.server.log.unsafe-flush.enabled = false (default)
2022-08-10 09:21:32,408 [pool-122-thread-1] INFO  server.RaftServerConfigKeys (ConfUtils.java:logGet(46)) - raft.server.log.statemachine.data.caching.enabled = true (custom)
2022-08-10 09:21:32,408 [pool-122-thread-1] INFO  segmented.SegmentedRaftLogWorker (SegmentedRaftLogWorker.java:lambda$new$0(135)) - 1aca9449-889e-455e-97c1-34bb763eddaa@group-20D72298988B-SegmentedRaftLogWorker: flushIndex: setUnconditionally 0 -> -1
2022-08-10 09:21:32,409 [pool-122-thread-1] INFO  segmented.SegmentedRaftLogWorker (SegmentedRaftLogWorker.java:lambda$new$0(135)) - 1aca9449-889e-455e-97c1-34bb763eddaa@group-20D72298988B-SegmentedRaftLogWorker: safeCacheEvictIndex: setUnconditionally 0 -> -1
2022-08-10 09:21:32,409 [pool-122-thread-1] INFO  server.RaftServerConfigKeys (ConfUtils.java:logGet(46)) - raft.server.snapshot.auto.trigger.enabled = true (custom)
2022-08-10 09:21:32,409 [pool-122-thread-1] INFO  server.RaftServerConfigKeys (ConfUtils.java:logGet(46)) - raft.server.snapshot.auto.trigger.threshold = 10000 (custom)
2022-08-10 09:21:32,409 [pool-122-thread-1] INFO  server.RaftServerConfigKeys (ConfUtils.java:logGet(46)) - raft.server.snapshot.retention.file.num = 5 (custom)
2022-08-10 09:21:32,409 [pool-122-thread-1] INFO  server.RaftServerConfigKeys (ConfUtils.java:logGet(46)) - raft.server.log.purge.upto.snapshot.index = false (default)
2022-08-10 09:21:32,409 [pool-122-thread-1] INFO  server.RaftServerConfigKeys (ConfUtils.java:logGet(46)) - raft.server.retrycache.expirytime = 600000ms (custom)
2022-08-10 09:21:32,409 [pool-122-thread-1] INFO  server.RaftServerConfigKeys (ConfUtils.java:logGet(46)) - raft.server.retrycache.statistics.expirytime = 100μs (default)
2022-08-10 09:21:32,410 [pool-122-thread-1] INFO  server.RaftServerConfigKeys (ConfUtils.java:logGet(46)) - raft.server.log.appender.install.snapshot.enabled = false (custom)
2022-08-10 09:21:32,410 [pool-122-thread-1] INFO  server.RaftServerConfigKeys (ConfUtils.java:logGet(46)) - raft.server.threadpool.server.cached = true (default)
2022-08-10 09:21:32,410 [pool-122-thread-1] INFO  server.RaftServerConfigKeys (ConfUtils.java:logGet(46)) - raft.server.threadpool.server.size = 0 (default)
2022-08-10 09:21:32,411 [pool-122-thread-1] INFO  server.RaftServerConfigKeys (ConfUtils.java:logGet(46)) - raft.server.threadpool.client.cached = true (default)
2022-08-10 09:21:32,411 [pool-122-thread-1] INFO  server.RaftServerConfigKeys (ConfUtils.java:logGet(46)) - raft.server.threadpool.client.size = 0 (default)
2022-08-10 09:21:32,411 [pool-122-thread-1] INFO  server.RaftServer$Division (RaftServerImpl.java:start(310)) - 1aca9449-889e-455e-97c1-34bb763eddaa@group-20D72298988B: start as a follower, conf=-1: [307a4eae-8455-4484-b26c-d8f5f09d506a|rpc:10.1.0.9:36815|priority:0, 1aca9449-889e-455e-97c1-34bb763eddaa|rpc:10.1.0.9:44661|priority:0, 895c4c6d-5b5c-4808-a9cf-fdca3e3afc0d|rpc:10.1.0.9:40015|priority:1], old=null
2022-08-10 09:21:32,411 [pool-122-thread-1] INFO  server.RaftServer$Division (RaftServerImpl.java:setRole(299)) - 1aca9449-889e-455e-97c1-34bb763eddaa@group-20D72298988B: changes role from      null to FOLLOWER at term 0 for startAsFollower
2022-08-10 09:21:32,411 [pool-122-thread-1] INFO  impl.RoleInfo (RoleInfo.java:updateAndGet(139)) - 1aca9449-889e-455e-97c1-34bb763eddaa: start 1aca9449-889e-455e-97c1-34bb763eddaa@group-20D72298988B-FollowerState
2022-08-10 09:21:32,412 [pool-122-thread-1] INFO  util.JmxRegister (JmxRegister.java:tryRegister(44)) - Successfully registered JMX Bean with object name Ratis:service=RaftServer,group=group-20D72298988B,id=1aca9449-889e-455e-97c1-34bb763eddaa
2022-08-10 09:21:32,415 [Command processor thread] INFO  ratis.XceiverServerRatis (XceiverServerRatis.java:addGroup(765)) - Created group PipelineID=9405f0c9-f373-4ef5-8c00-20d72298988b
2022-08-10 09:21:32,489 [grpc-default-executor-1] INFO  server.RaftServer (RaftServerProxy.java:addNew(96)) - 307a4eae-8455-4484-b26c-d8f5f09d506a: addNew group-20D72298988B:[307a4eae-8455-4484-b26c-d8f5f09d506a|rpc:10.1.0.9:36815|dataStream:|priority:0, 1aca9449-889e-455e-97c1-34bb763eddaa|rpc:10.1.0.9:44661|dataStream:|priority:0, 895c4c6d-5b5c-4808-a9cf-fdca3e3afc0d|rpc:10.1.0.9:40015|dataStream:|priority:1] returns group-20D72298988B:java.util.concurrent.CompletableFuture@6ccd3757[Not completed]
2022-08-10 09:21:32,495 [pool-145-thread-1] INFO  server.RaftServer$Division (RaftServerImpl.java:<init>(190)) - 307a4eae-8455-4484-b26c-d8f5f09d506a: new RaftServerImpl for group-20D72298988B:[307a4eae-8455-4484-b26c-d8f5f09d506a|rpc:10.1.0.9:36815|dataStream:|priority:0, 1aca9449-889e-455e-97c1-34bb763eddaa|rpc:10.1.0.9:44661|dataStream:|priority:0, 895c4c6d-5b5c-4808-a9cf-fdca3e3afc0d|rpc:10.1.0.9:40015|dataStream:|priority:1] with ContainerStateMachine:uninitialized
2022-08-10 09:21:32,495 [pool-145-thread-1] INFO  server.RaftServerConfigKeys (ConfUtils.java:logGet(46)) - raft.server.rpc.timeout.min = 5s (custom)
2022-08-10 09:21:32,495 [pool-145-thread-1] INFO  server.RaftServerConfigKeys (ConfUtils.java:logGet(46)) - raft.server.rpc.timeout.max = 5200ms (custom)
2022-08-10 09:21:32,495 [pool-145-thread-1] INFO  server.RaftServerConfigKeys (ConfUtils.java:logGet(46)) - raft.server.rpc.sleep.time = 25ms (default)
2022-08-10 09:21:32,495 [pool-145-thread-1] INFO  server.RaftServerConfigKeys (ConfUtils.java:logGet(46)) - raft.server.rpc.slowness.timeout = 300s (custom)
2022-08-10 09:21:32,495 [pool-145-thread-1] INFO  server.RaftServerConfigKeys (ConfUtils.java:logGet(46)) - raft.server.leaderelection.leader.step-down.wait-time = 10s (default)
2022-08-10 09:21:32,495 [pool-145-thread-1] INFO  server.RaftServerConfigKeys (ConfUtils.java:logGet(46)) - raft.server.sleep.deviation.threshold = 300ms (default)
2022-08-10 09:21:32,496 [pool-145-thread-1] INFO  server.RaftServer$Division (ServerState.java:<init>(107)) - 307a4eae-8455-4484-b26c-d8f5f09d506a@group-20D72298988B: ConfigurationManager, init=-1: [307a4eae-8455-4484-b26c-d8f5f09d506a|rpc:10.1.0.9:36815|dataStream:|priority:0, 1aca9449-889e-455e-97c1-34bb763eddaa|rpc:10.1.0.9:44661|dataStream:|priority:0, 895c4c6d-5b5c-4808-a9cf-fdca3e3afc0d|rpc:10.1.0.9:40015|dataStream:|priority:1], old=null, confs=<EMPTY_MAP>
2022-08-10 09:21:32,496 [pool-145-thread-1] INFO  server.RaftServerConfigKeys (ConfUtils.java:logGet(46)) - raft.server.storage.dir = [/home/runner/work/ozone/ozone/hadoop-ozone/integration-test/target/test-dir/MiniOzoneClusterImpl-5b46f7b7-15cd-42ca-88c0-c813cff626ca/datanode-1/data/ratis] (custom)
2022-08-10 09:21:32,496 [pool-145-thread-1] INFO  server.RaftServerConfigKeys (ConfUtils.java:logGet(46)) - raft.server.log.corruption.policy = EXCEPTION (default)
2022-08-10 09:21:32,496 [pool-145-thread-1] INFO  server.RaftServerConfigKeys (ConfUtils.java:logGet(46)) - raft.server.storage.free-space.min = 0MB (=0) (default)
2022-08-10 09:21:32,496 [pool-145-thread-1] INFO  storage.RaftStorageDirectory (RaftStorageDirectoryImpl.java:analyzeStorage(135)) - The storage directory /home/runner/work/ozone/ozone/hadoop-ozone/integration-test/target/test-dir/MiniOzoneClusterImpl-5b46f7b7-15cd-42ca-88c0-c813cff626ca/datanode-1/data/ratis/9405f0c9-f373-4ef5-8c00-20d72298988b does not exist. Creating ...
2022-08-10 09:21:32,498 [pool-145-thread-1] INFO  storage.RaftStorageDirectory (RaftStorageDirectoryImpl.java:tryLock(230)) - Lock on /home/runner/work/ozone/ozone/hadoop-ozone/integration-test/target/test-dir/MiniOzoneClusterImpl-5b46f7b7-15cd-42ca-88c0-c813cff626ca/datanode-1/data/ratis/9405f0c9-f373-4ef5-8c00-20d72298988b/in_use.lock acquired by nodename 28234@fv-az244-795
2022-08-10 09:21:32,500 [pool-145-thread-1] INFO  storage.RaftStorage (RaftStorageImpl.java:format(89)) - Storage directory /home/runner/work/ozone/ozone/hadoop-ozone/integration-test/target/test-dir/MiniOzoneClusterImpl-5b46f7b7-15cd-42ca-88c0-c813cff626ca/datanode-1/data/ratis/9405f0c9-f373-4ef5-8c00-20d72298988b has been successfully formatted.
2022-08-10 09:21:32,502 [pool-145-thread-1] INFO  ratis.ContainerStateMachine (ContainerStateMachine.java:loadSnapshot(236)) - group-20D72298988B: The snapshot info is null. Setting the last applied indexto:(t:0, i:~)
2022-08-10 09:21:32,503 [pool-145-thread-1] INFO  server.RaftServerConfigKeys (ConfUtils.java:logGet(46)) - raft.server.notification.no-leader.timeout = 300s (custom)
2022-08-10 09:21:32,507 [pool-145-thread-1] INFO  server.RaftServerConfigKeys (ConfUtils.java:logGet(46)) - raft.server.log.use.memory = false (default)
2022-08-10 09:21:32,507 [pool-145-thread-1] INFO  server.RaftServerConfigKeys (ConfUtils.java:logGet(46)) - raft.server.log.purge.gap = 1000000 (custom)
2022-08-10 09:21:32,508 [pool-145-thread-1] INFO  server.RaftServerConfigKeys (ConfUtils.java:logGet(46)) - raft.server.log.appender.buffer.byte-limit = 33554432 (custom)
2022-08-10 09:21:32,508 [pool-145-thread-1] INFO  server.RaftServerConfigKeys (ConfUtils.java:logGet(46)) - raft.server.log.statemachine.data.read.timeout = 1000ms (default)
2022-08-10 09:21:32,510 [pool-145-thread-1] INFO  server.RaftServerConfigKeys (ConfUtils.java:logGet(46)) - raft.server.log.segment.size.max = 1048576 (custom)
2022-08-10 09:21:32,510 [pool-145-thread-1] INFO  server.RaftServerConfigKeys (ConfUtils.java:logGet(46)) - raft.server.log.segment.cache.num.max = 2 (custom)
2022-08-10 09:21:32,510 [pool-145-thread-1] INFO  server.RaftServerConfigKeys (ConfUtils.java:logGet(46)) - raft.server.log.segment.cache.size.max = 200MB (=209715200) (default)
2022-08-10 09:21:32,510 [pool-145-thread-1] INFO  segmented.SegmentedRaftLogWorker (SegmentedRaftLogWorker.java:<init>(187)) - new 307a4eae-8455-4484-b26c-d8f5f09d506a@group-20D72298988B-SegmentedRaftLogWorker for RaftStorageImpl:Storage Directory /home/runner/work/ozone/ozone/hadoop-ozone/integration-test/target/test-dir/MiniOzoneClusterImpl-5b46f7b7-15cd-42ca-88c0-c813cff626ca/datanode-1/data/ratis/9405f0c9-f373-4ef5-8c00-20d72298988b
2022-08-10 09:21:32,510 [pool-145-thread-1] INFO  server.RaftServerConfigKeys (ConfUtils.java:logGet(46)) - raft.server.log.queue.byte-limit = 4294967296 (custom)
2022-08-10 09:21:32,510 [pool-145-thread-1] INFO  server.RaftServerConfigKeys (ConfUtils.java:logGet(46)) - raft.server.log.queue.element-limit = 1024 (custom)
2022-08-10 09:21:32,510 [pool-145-thread-1] INFO  server.RaftServerConfigKeys (ConfUtils.java:logGet(46)) - raft.server.log.segment.size.max = 1048576 (custom)
2022-08-10 09:21:32,510 [pool-145-thread-1] INFO  server.RaftServerConfigKeys (ConfUtils.java:logGet(46)) - raft.server.log.preallocated.size = 16384 (custom)
2022-08-10 09:21:32,510 [pool-145-thread-1] INFO  server.RaftServerConfigKeys (ConfUtils.java:logGet(46)) - raft.server.log.force.sync.num = 128 (default)
2022-08-10 09:21:32,511 [pool-145-thread-1] INFO  server.RaftServerConfigKeys (ConfUtils.java:logGet(46)) - raft.server.log.statemachine.data.sync = true (default)
2022-08-10 09:21:32,511 [pool-145-thread-1] INFO  server.RaftServerConfigKeys (ConfUtils.java:logGet(46)) - raft.server.log.statemachine.data.sync.timeout = 10s (default)
2022-08-10 09:21:32,511 [pool-145-thread-1] INFO  server.RaftServerConfigKeys (ConfUtils.java:logGet(46)) - raft.server.log.statemachine.data.sync.timeout.retry = -1 (default)
2022-08-10 09:21:32,512 [pool-145-thread-1] INFO  server.RaftServerConfigKeys (ConfUtils.java:logGet(46)) - raft.server.log.write.buffer.size = 1048576 (custom)
2022-08-10 09:21:32,512 [pool-145-thread-1] INFO  server.RaftServerConfigKeys (ConfUtils.java:logGet(46)) - raft.server.log.unsafe-flush.enabled = false (default)
2022-08-10 09:21:32,513 [pool-145-thread-1] INFO  server.RaftServerConfigKeys (ConfUtils.java:logGet(46)) - raft.server.log.statemachine.data.caching.enabled = true (custom)
2022-08-10 09:21:32,513 [pool-145-thread-1] INFO  segmented.SegmentedRaftLogWorker (SegmentedRaftLogWorker.java:lambda$new$0(135)) - 307a4eae-8455-4484-b26c-d8f5f09d506a@group-20D72298988B-SegmentedRaftLogWorker: flushIndex: setUnconditionally 0 -> -1
2022-08-10 09:21:32,513 [pool-145-thread-1] INFO  segmented.SegmentedRaftLogWorker (SegmentedRaftLogWorker.java:lambda$new$0(135)) - 307a4eae-8455-4484-b26c-d8f5f09d506a@group-20D72298988B-SegmentedRaftLogWorker: safeCacheEvictIndex: setUnconditionally 0 -> -1
2022-08-10 09:21:32,516 [pool-145-thread-1] INFO  server.RaftServerConfigKeys (ConfUtils.java:logGet(46)) - raft.server.snapshot.auto.trigger.enabled = true (custom)
2022-08-10 09:21:32,516 [pool-145-thread-1] INFO  server.RaftServerConfigKeys (ConfUtils.java:logGet(46)) - raft.server.snapshot.auto.trigger.threshold = 10000 (custom)
2022-08-10 09:21:32,516 [pool-145-thread-1] INFO  server.RaftServerConfigKeys (ConfUtils.java:logGet(46)) - raft.server.snapshot.retention.file.num = 5 (custom)
2022-08-10 09:21:32,516 [pool-145-thread-1] INFO  server.RaftServerConfigKeys (ConfUtils.java:logGet(46)) - raft.server.log.purge.upto.snapshot.index = false (default)
2022-08-10 09:21:32,516 [pool-145-thread-1] INFO  server.RaftServerConfigKeys (ConfUtils.java:logGet(46)) - raft.server.retrycache.expirytime = 600000ms (custom)
2022-08-10 09:21:32,517 [pool-145-thread-1] INFO  server.RaftServerConfigKeys (ConfUtils.java:logGet(46)) - raft.server.retrycache.statistics.expirytime = 100μs (default)
2022-08-10 09:21:32,518 [pool-145-thread-1] INFO  server.RaftServerConfigKeys (ConfUtils.java:logGet(46)) - raft.server.log.appender.install.snapshot.enabled = false (custom)
2022-08-10 09:21:32,518 [pool-145-thread-1] INFO  server.RaftServerConfigKeys (ConfUtils.java:logGet(46)) - raft.server.threadpool.server.cached = true (default)
2022-08-10 09:21:32,518 [pool-145-thread-1] INFO  server.RaftServerConfigKeys (ConfUtils.java:logGet(46)) - raft.server.threadpool.server.size = 0 (default)
2022-08-10 09:21:32,518 [pool-145-thread-1] INFO  server.RaftServerConfigKeys (ConfUtils.java:logGet(46)) - raft.server.threadpool.client.cached = true (default)
2022-08-10 09:21:32,518 [pool-145-thread-1] INFO  server.RaftServerConfigKeys (ConfUtils.java:logGet(46)) - raft.server.threadpool.client.size = 0 (default)
2022-08-10 09:21:32,518 [pool-145-thread-1] INFO  server.RaftServer$Division (RaftServerImpl.java:start(310)) - 307a4eae-8455-4484-b26c-d8f5f09d506a@group-20D72298988B: start as a follower, conf=-1: [307a4eae-8455-4484-b26c-d8f5f09d506a|rpc:10.1.0.9:36815|dataStream:|priority:0, 1aca9449-889e-455e-97c1-34bb763eddaa|rpc:10.1.0.9:44661|dataStream:|priority:0, 895c4c6d-5b5c-4808-a9cf-fdca3e3afc0d|rpc:10.1.0.9:40015|dataStream:|priority:1], old=null
2022-08-10 09:21:32,518 [pool-145-thread-1] INFO  server.RaftServer$Division (RaftServerImpl.java:setRole(299)) - 307a4eae-8455-4484-b26c-d8f5f09d506a@group-20D72298988B: changes role from      null to FOLLOWER at term 0 for startAsFollower
2022-08-10 09:21:32,519 [pool-145-thread-1] INFO  impl.RoleInfo (RoleInfo.java:updateAndGet(139)) - 307a4eae-8455-4484-b26c-d8f5f09d506a: start 307a4eae-8455-4484-b26c-d8f5f09d506a@group-20D72298988B-FollowerState
2022-08-10 09:21:32,520 [pool-145-thread-1] INFO  util.JmxRegister (JmxRegister.java:tryRegister(44)) - Successfully registered JMX Bean with object name Ratis:service=RaftServer,group=group-20D72298988B,id=307a4eae-8455-4484-b26c-d8f5f09d506a
2022-08-10 09:21:32,596 [grpc-default-executor-1] INFO  server.RaftServer (RaftServerProxy.java:addNew(96)) - 895c4c6d-5b5c-4808-a9cf-fdca3e3afc0d: addNew group-20D72298988B:[307a4eae-8455-4484-b26c-d8f5f09d506a|rpc:10.1.0.9:36815|dataStream:|priority:0, 1aca9449-889e-455e-97c1-34bb763eddaa|rpc:10.1.0.9:44661|dataStream:|priority:0, 895c4c6d-5b5c-4808-a9cf-fdca3e3afc0d|rpc:10.1.0.9:40015|dataStream:|priority:1] returns group-20D72298988B:java.util.concurrent.CompletableFuture@525d9ebf[Not completed]
2022-08-10 09:21:32,598 [pool-168-thread-1] INFO  server.RaftServer$Division (RaftServerImpl.java:<init>(190)) - 895c4c6d-5b5c-4808-a9cf-fdca3e3afc0d: new RaftServerImpl for group-20D72298988B:[307a4eae-8455-4484-b26c-d8f5f09d506a|rpc:10.1.0.9:36815|dataStream:|priority:0, 1aca9449-889e-455e-97c1-34bb763eddaa|rpc:10.1.0.9:44661|dataStream:|priority:0, 895c4c6d-5b5c-4808-a9cf-fdca3e3afc0d|rpc:10.1.0.9:40015|dataStream:|priority:1] with ContainerStateMachine:uninitialized
2022-08-10 09:21:32,598 [pool-168-thread-1] INFO  server.RaftServerConfigKeys (ConfUtils.java:logGet(46)) - raft.server.rpc.timeout.min = 5s (custom)
2022-08-10 09:21:32,598 [pool-168-thread-1] INFO  server.RaftServerConfigKeys (ConfUtils.java:logGet(46)) - raft.server.rpc.timeout.max = 5200ms (custom)
2022-08-10 09:21:32,598 [pool-168-thread-1] INFO  server.RaftServerConfigKeys (ConfUtils.java:logGet(46)) - raft.server.rpc.sleep.time = 25ms (default)
2022-08-10 09:21:32,598 [pool-168-thread-1] INFO  server.RaftServerConfigKeys (ConfUtils.java:logGet(46)) - raft.server.rpc.slowness.timeout = 300s (custom)
2022-08-10 09:21:32,598 [pool-168-thread-1] INFO  server.RaftServerConfigKeys (ConfUtils.java:logGet(46)) - raft.server.leaderelection.leader.step-down.wait-time = 10s (default)
2022-08-10 09:21:32,598 [pool-168-thread-1] INFO  server.RaftServerConfigKeys (ConfUtils.java:logGet(46)) - raft.server.sleep.deviation.threshold = 300ms (default)
2022-08-10 09:21:32,598 [pool-168-thread-1] INFO  server.RaftServer$Division (ServerState.java:<init>(107)) - 895c4c6d-5b5c-4808-a9cf-fdca3e3afc0d@group-20D72298988B: ConfigurationManager, init=-1: [307a4eae-8455-4484-b26c-d8f5f09d506a|rpc:10.1.0.9:36815|dataStream:|priority:0, 1aca9449-889e-455e-97c1-34bb763eddaa|rpc:10.1.0.9:44661|dataStream:|priority:0, 895c4c6d-5b5c-4808-a9cf-fdca3e3afc0d|rpc:10.1.0.9:40015|dataStream:|priority:1], old=null, confs=<EMPTY_MAP>
2022-08-10 09:21:32,599 [pool-168-thread-1] INFO  server.RaftServerConfigKeys (ConfUtils.java:logGet(46)) - raft.server.storage.dir = [/home/runner/work/ozone/ozone/hadoop-ozone/integration-test/target/test-dir/MiniOzoneClusterImpl-5b46f7b7-15cd-42ca-88c0-c813cff626ca/datanode-2/data/ratis] (custom)
2022-08-10 09:21:32,599 [pool-168-thread-1] INFO  server.RaftServerConfigKeys (ConfUtils.java:logGet(46)) - raft.server.log.corruption.policy = EXCEPTION (default)
2022-08-10 09:21:32,599 [pool-168-thread-1] INFO  server.RaftServerConfigKeys (ConfUtils.java:logGet(46)) - raft.server.storage.free-space.min = 0MB (=0) (default)
2022-08-10 09:21:32,599 [pool-168-thread-1] INFO  storage.RaftStorageDirectory (RaftStorageDirectoryImpl.java:analyzeStorage(135)) - The storage directory /home/runner/work/ozone/ozone/hadoop-ozone/integration-test/target/test-dir/MiniOzoneClusterImpl-5b46f7b7-15cd-42ca-88c0-c813cff626ca/datanode-2/data/ratis/9405f0c9-f373-4ef5-8c00-20d72298988b does not exist. Creating ...
2022-08-10 09:21:32,609 [pool-168-thread-1] INFO  storage.RaftStorageDirectory (RaftStorageDirectoryImpl.java:tryLock(230)) - Lock on /home/runner/work/ozone/ozone/hadoop-ozone/integration-test/target/test-dir/MiniOzoneClusterImpl-5b46f7b7-15cd-42ca-88c0-c813cff626ca/datanode-2/data/ratis/9405f0c9-f373-4ef5-8c00-20d72298988b/in_use.lock acquired by nodename 28234@fv-az244-795
2022-08-10 09:21:32,610 [pool-168-thread-1] INFO  storage.RaftStorage (RaftStorageImpl.java:format(89)) - Storage directory /home/runner/work/ozone/ozone/hadoop-ozone/integration-test/target/test-dir/MiniOzoneClusterImpl-5b46f7b7-15cd-42ca-88c0-c813cff626ca/datanode-2/data/ratis/9405f0c9-f373-4ef5-8c00-20d72298988b has been successfully formatted.
2022-08-10 09:21:32,611 [pool-168-thread-1] INFO  ratis.ContainerStateMachine (ContainerStateMachine.java:loadSnapshot(236)) - group-20D72298988B: The snapshot info is null. Setting the last applied indexto:(t:0, i:~)
2022-08-10 09:21:32,611 [pool-168-thread-1] INFO  server.RaftServerConfigKeys (ConfUtils.java:logGet(46)) - raft.server.notification.no-leader.timeout = 300s (custom)
2022-08-10 09:21:32,611 [pool-168-thread-1] INFO  server.RaftServerConfigKeys (ConfUtils.java:logGet(46)) - raft.server.log.use.memory = false (default)
2022-08-10 09:21:32,612 [pool-168-thread-1] INFO  server.RaftServerConfigKeys (ConfUtils.java:logGet(46)) - raft.server.log.purge.gap = 1000000 (custom)
2022-08-10 09:21:32,612 [pool-168-thread-1] INFO  server.RaftServerConfigKeys (ConfUtils.java:logGet(46)) - raft.server.log.appender.buffer.byte-limit = 33554432 (custom)
2022-08-10 09:21:32,612 [pool-168-thread-1] INFO  server.RaftServerConfigKeys (ConfUtils.java:logGet(46)) - raft.server.log.statemachine.data.read.timeout = 1000ms (default)
2022-08-10 09:21:32,615 [pool-168-thread-1] INFO  server.RaftServerConfigKeys (ConfUtils.java:logGet(46)) - raft.server.log.segment.size.max = 1048576 (custom)
2022-08-10 09:21:32,615 [pool-168-thread-1] INFO  server.RaftServerConfigKeys (ConfUtils.java:logGet(46)) - raft.server.log.segment.cache.num.max = 2 (custom)
2022-08-10 09:21:32,615 [pool-168-thread-1] INFO  server.RaftServerConfigKeys (ConfUtils.java:logGet(46)) - raft.server.log.segment.cache.size.max = 200MB (=209715200) (default)
2022-08-10 09:21:32,616 [pool-168-thread-1] INFO  segmented.SegmentedRaftLogWorker (SegmentedRaftLogWorker.java:<init>(187)) - new 895c4c6d-5b5c-4808-a9cf-fdca3e3afc0d@group-20D72298988B-SegmentedRaftLogWorker for RaftStorageImpl:Storage Directory /home/runner/work/ozone/ozone/hadoop-ozone/integration-test/target/test-dir/MiniOzoneClusterImpl-5b46f7b7-15cd-42ca-88c0-c813cff626ca/datanode-2/data/ratis/9405f0c9-f373-4ef5-8c00-20d72298988b
2022-08-10 09:21:32,616 [pool-168-thread-1] INFO  server.RaftServerConfigKeys (ConfUtils.java:logGet(46)) - raft.server.log.queue.byte-limit = 4294967296 (custom)
2022-08-10 09:21:32,616 [pool-168-thread-1] INFO  server.RaftServerConfigKeys (ConfUtils.java:logGet(46)) - raft.server.log.queue.element-limit = 1024 (custom)
2022-08-10 09:21:32,616 [pool-168-thread-1] INFO  server.RaftServerConfigKeys (ConfUtils.java:logGet(46)) - raft.server.log.segment.size.max = 1048576 (custom)
2022-08-10 09:21:32,616 [pool-168-thread-1] INFO  server.RaftServerConfigKeys (ConfUtils.java:logGet(46)) - raft.server.log.preallocated.size = 16384 (custom)
2022-08-10 09:21:32,616 [pool-168-thread-1] INFO  server.RaftServerConfigKeys (ConfUtils.java:logGet(46)) - raft.server.log.force.sync.num = 128 (default)
2022-08-10 09:21:32,617 [pool-168-thread-1] INFO  server.RaftServerConfigKeys (ConfUtils.java:logGet(46)) - raft.server.log.statemachine.data.sync = true (default)
2022-08-10 09:21:32,617 [pool-168-thread-1] INFO  server.RaftServerConfigKeys (ConfUtils.java:logGet(46)) - raft.server.log.statemachine.data.sync.timeout = 10s (default)
2022-08-10 09:21:32,617 [pool-168-thread-1] INFO  server.RaftServerConfigKeys (ConfUtils.java:logGet(46)) - raft.server.log.statemachine.data.sync.timeout.retry = -1 (default)
2022-08-10 09:21:32,618 [pool-168-thread-1] INFO  server.RaftServerConfigKeys (ConfUtils.java:logGet(46)) - raft.server.log.write.buffer.size = 1048576 (custom)
2022-08-10 09:21:32,619 [pool-168-thread-1] INFO  server.RaftServerConfigKeys (ConfUtils.java:logGet(46)) - raft.server.log.unsafe-flush.enabled = false (default)
2022-08-10 09:21:32,619 [pool-168-thread-1] INFO  server.RaftServerConfigKeys (ConfUtils.java:logGet(46)) - raft.server.log.statemachine.data.caching.enabled = true (custom)
2022-08-10 09:21:32,620 [pool-168-thread-1] INFO  segmented.SegmentedRaftLogWorker (SegmentedRaftLogWorker.java:lambda$new$0(135)) - 895c4c6d-5b5c-4808-a9cf-fdca3e3afc0d@group-20D72298988B-SegmentedRaftLogWorker: flushIndex: setUnconditionally 0 -> -1
2022-08-10 09:21:32,620 [pool-168-thread-1] INFO  segmented.SegmentedRaftLogWorker (SegmentedRaftLogWorker.java:lambda$new$0(135)) - 895c4c6d-5b5c-4808-a9cf-fdca3e3afc0d@group-20D72298988B-SegmentedRaftLogWorker: safeCacheEvictIndex: setUnconditionally 0 -> -1
2022-08-10 09:21:32,620 [pool-168-thread-1] INFO  server.RaftServerConfigKeys (ConfUtils.java:logGet(46)) - raft.server.snapshot.auto.trigger.enabled = true (custom)
2022-08-10 09:21:32,620 [pool-168-thread-1] INFO  server.RaftServerConfigKeys (ConfUtils.java:logGet(46)) - raft.server.snapshot.auto.trigger.threshold = 10000 (custom)
2022-08-10 09:21:32,620 [pool-168-thread-1] INFO  server.RaftServerConfigKeys (ConfUtils.java:logGet(46)) - raft.server.snapshot.retention.file.num = 5 (custom)
2022-08-10 09:21:32,620 [pool-168-thread-1] INFO  server.RaftServerConfigKeys (ConfUtils.java:logGet(46)) - raft.server.log.purge.upto.snapshot.index = false (default)
2022-08-10 09:21:32,620 [pool-168-thread-1] INFO  server.RaftServerConfigKeys (ConfUtils.java:logGet(46)) - raft.server.retrycache.expirytime = 600000ms (custom)
2022-08-10 09:21:32,620 [pool-168-thread-1] INFO  server.RaftServerConfigKeys (ConfUtils.java:logGet(46)) - raft.server.retrycache.statistics.expirytime = 100μs (default)
2022-08-10 09:21:32,622 [pool-168-thread-1] INFO  server.RaftServerConfigKeys (ConfUtils.java:logGet(46)) - raft.server.log.appender.install.snapshot.enabled = false (custom)
2022-08-10 09:21:32,622 [pool-168-thread-1] INFO  server.RaftServerConfigKeys (ConfUtils.java:logGet(46)) - raft.server.threadpool.server.cached = true (default)
2022-08-10 09:21:32,622 [pool-168-thread-1] INFO  server.RaftServerConfigKeys (ConfUtils.java:logGet(46)) - raft.server.threadpool.server.size = 0 (default)
2022-08-10 09:21:32,622 [pool-168-thread-1] INFO  server.RaftServerConfigKeys (ConfUtils.java:logGet(46)) - raft.server.threadpool.client.cached = true (default)
2022-08-10 09:21:32,622 [pool-168-thread-1] INFO  server.RaftServerConfigKeys (ConfUtils.java:logGet(46)) - raft.server.threadpool.client.size = 0 (default)
2022-08-10 09:21:32,622 [pool-168-thread-1] INFO  server.RaftServer$Division (RaftServerImpl.java:start(310)) - 895c4c6d-5b5c-4808-a9cf-fdca3e3afc0d@group-20D72298988B: start as a follower, conf=-1: [307a4eae-8455-4484-b26c-d8f5f09d506a|rpc:10.1.0.9:36815|dataStream:|priority:0, 1aca9449-889e-455e-97c1-34bb763eddaa|rpc:10.1.0.9:44661|dataStream:|priority:0, 895c4c6d-5b5c-4808-a9cf-fdca3e3afc0d|rpc:10.1.0.9:40015|dataStream:|priority:1], old=null
2022-08-10 09:21:32,622 [pool-168-thread-1] INFO  server.RaftServer$Division (RaftServerImpl.java:setRole(299)) - 895c4c6d-5b5c-4808-a9cf-fdca3e3afc0d@group-20D72298988B: changes role from      null to FOLLOWER at term 0 for startAsFollower
2022-08-10 09:21:32,622 [pool-168-thread-1] INFO  impl.RoleInfo (RoleInfo.java:updateAndGet(139)) - 895c4c6d-5b5c-4808-a9cf-fdca3e3afc0d: start 895c4c6d-5b5c-4808-a9cf-fdca3e3afc0d@group-20D72298988B-FollowerState
2022-08-10 09:21:32,624 [pool-168-thread-1] INFO  util.JmxRegister (JmxRegister.java:tryRegister(44)) - Successfully registered JMX Bean with object name Ratis:service=RaftServer,group=group-20D72298988B,id=895c4c6d-5b5c-4808-a9cf-fdca3e3afc0d
2022-08-10 09:21:32,644 [Command processor thread] INFO  commandhandler.CreatePipelineCommandHandler (CreatePipelineCommandHandler.java:handle(113)) - Created Pipeline RATIS THREE PipelineID=9405f0c9-f373-4ef5-8c00-20d72298988b.
2022-08-10 09:21:32,644 [Command processor thread] INFO  server.RaftServer (RaftServerProxy.java:addNew(96)) - 1aca9449-889e-455e-97c1-34bb763eddaa: addNew group-711033C97113:[307a4eae-8455-4484-b26c-d8f5f09d506a|rpc:10.1.0.9:36815|priority:1, 1aca9449-889e-455e-97c1-34bb763eddaa|rpc:10.1.0.9:44661|priority:0, 895c4c6d-5b5c-4808-a9cf-fdca3e3afc0d|rpc:10.1.0.9:40015|priority:0] returns group-711033C97113:java.util.concurrent.CompletableFuture@6d2a5eaf[Not completed]
2022-08-10 09:21:32,645 [pool-122-thread-1] INFO  server.RaftServer$Division (RaftServerImpl.java:<init>(190)) - 1aca9449-889e-455e-97c1-34bb763eddaa: new RaftServerImpl for group-711033C97113:[307a4eae-8455-4484-b26c-d8f5f09d506a|rpc:10.1.0.9:36815|priority:1, 1aca9449-889e-455e-97c1-34bb763eddaa|rpc:10.1.0.9:44661|priority:0, 895c4c6d-5b5c-4808-a9cf-fdca3e3afc0d|rpc:10.1.0.9:40015|priority:0] with ContainerStateMachine:uninitialized
2022-08-10 09:21:32,645 [pool-122-thread-1] INFO  server.RaftServerConfigKeys (ConfUtils.java:logGet(46)) - raft.server.rpc.timeout.min = 5s (custom)
2022-08-10 09:21:32,646 [pool-122-thread-1] INFO  server.RaftServerConfigKeys (ConfUtils.java:logGet(46)) - raft.server.rpc.timeout.max = 5200ms (custom)
2022-08-10 09:21:32,646 [pool-122-thread-1] INFO  server.RaftServerConfigKeys (ConfUtils.java:logGet(46)) - raft.server.rpc.sleep.time = 25ms (default)
2022-08-10 09:21:32,646 [pool-122-thread-1] INFO  server.RaftServerConfigKeys (ConfUtils.java:logGet(46)) - raft.server.rpc.slowness.timeout = 300s (custom)
2022-08-10 09:21:32,646 [pool-122-thread-1] INFO  server.RaftServerConfigKeys (ConfUtils.java:logGet(46)) - raft.server.leaderelection.leader.step-down.wait-time = 10s (default)
2022-08-10 09:21:32,646 [pool-122-thread-1] INFO  server.RaftServerConfigKeys (ConfUtils.java:logGet(46)) - raft.server.sleep.deviation.threshold = 300ms (default)
2022-08-10 09:21:32,646 [pool-122-thread-1] INFO  server.RaftServer$Division (ServerState.java:<init>(107)) - 1aca9449-889e-455e-97c1-34bb763eddaa@group-711033C97113: ConfigurationManager, init=-1: [307a4eae-8455-4484-b26c-d8f5f09d506a|rpc:10.1.0.9:36815|priority:1, 1aca9449-889e-455e-97c1-34bb763eddaa|rpc:10.1.0.9:44661|priority:0, 895c4c6d-5b5c-4808-a9cf-fdca3e3afc0d|rpc:10.1.0.9:40015|priority:0], old=null, confs=<EMPTY_MAP>
2022-08-10 09:21:32,646 [pool-122-thread-1] INFO  server.RaftServerConfigKeys (ConfUtils.java:logGet(46)) - raft.server.storage.dir = [/home/runner/work/ozone/ozone/hadoop-ozone/integration-test/target/test-dir/MiniOzoneClusterImpl-5b46f7b7-15cd-42ca-88c0-c813cff626ca/datanode-0/data/ratis] (custom)
2022-08-10 09:21:32,646 [pool-122-thread-1] INFO  server.RaftServerConfigKeys (ConfUtils.java:logGet(46)) - raft.server.log.corruption.policy = EXCEPTION (default)
2022-08-10 09:21:32,646 [pool-122-thread-1] INFO  server.RaftServerConfigKeys (ConfUtils.java:logGet(46)) - raft.server.storage.free-space.min = 0MB (=0) (default)
2022-08-10 09:21:32,647 [pool-122-thread-1] INFO  storage.RaftStorageDirectory (RaftStorageDirectoryImpl.java:analyzeStorage(135)) - The storage directory /home/runner/work/ozone/ozone/hadoop-ozone/integration-test/target/test-dir/MiniOzoneClusterImpl-5b46f7b7-15cd-42ca-88c0-c813cff626ca/datanode-0/data/ratis/7080040a-41fb-4f86-879e-711033c97113 does not exist. Creating ...
2022-08-10 09:21:32,648 [pool-122-thread-1] INFO  storage.RaftStorageDirectory (RaftStorageDirectoryImpl.java:tryLock(230)) - Lock on /home/runner/work/ozone/ozone/hadoop-ozone/integration-test/target/test-dir/MiniOzoneClusterImpl-5b46f7b7-15cd-42ca-88c0-c813cff626ca/datanode-0/data/ratis/7080040a-41fb-4f86-879e-711033c97113/in_use.lock acquired by nodename 28234@fv-az244-795
2022-08-10 09:21:32,649 [pool-122-thread-1] INFO  storage.RaftStorage (RaftStorageImpl.java:format(89)) - Storage directory /home/runner/work/ozone/ozone/hadoop-ozone/integration-test/target/test-dir/MiniOzoneClusterImpl-5b46f7b7-15cd-42ca-88c0-c813cff626ca/datanode-0/data/ratis/7080040a-41fb-4f86-879e-711033c97113 has been successfully formatted.
2022-08-10 09:21:32,653 [pool-122-thread-1] INFO  ratis.ContainerStateMachine (ContainerStateMachine.java:loadSnapshot(236)) - group-711033C97113: The snapshot info is null. Setting the last applied indexto:(t:0, i:~)
2022-08-10 09:21:32,654 [EventQueue-OpenPipelineForHealthyPipelineSafeModeRule] INFO  safemode.SCMSafeModeManager (HealthyPipelineSafeModeRule.java:process(137)) - SCM in safe mode. Healthy pipelines reported count is 0, required healthy pipeline reported count is 1
2022-08-10 09:21:32,654 [pool-122-thread-1] INFO  server.RaftServerConfigKeys (ConfUtils.java:logGet(46)) - raft.server.notification.no-leader.timeout = 300s (custom)
2022-08-10 09:21:32,655 [pool-122-thread-1] INFO  server.RaftServerConfigKeys (ConfUtils.java:logGet(46)) - raft.server.log.use.memory = false (default)
2022-08-10 09:21:32,655 [pool-122-thread-1] INFO  server.RaftServerConfigKeys (ConfUtils.java:logGet(46)) - raft.server.log.purge.gap = 1000000 (custom)
2022-08-10 09:21:32,655 [pool-122-thread-1] INFO  server.RaftServerConfigKeys (ConfUtils.java:logGet(46)) - raft.server.log.appender.buffer.byte-limit = 33554432 (custom)
2022-08-10 09:21:32,655 [pool-122-thread-1] INFO  server.RaftServerConfigKeys (ConfUtils.java:logGet(46)) - raft.server.log.statemachine.data.read.timeout = 1000ms (default)
2022-08-10 09:21:32,655 [pool-122-thread-1] INFO  server.RaftServerConfigKeys (ConfUtils.java:logGet(46)) - raft.server.log.segment.size.max = 1048576 (custom)
2022-08-10 09:21:32,656 [pool-122-thread-1] INFO  server.RaftServerConfigKeys (ConfUtils.java:logGet(46)) - raft.server.log.segment.cache.num.max = 2 (custom)
2022-08-10 09:21:32,656 [pool-122-thread-1] INFO  server.RaftServerConfigKeys (ConfUtils.java:logGet(46)) - raft.server.log.segment.cache.size.max = 200MB (=209715200) (default)
2022-08-10 09:21:32,656 [pool-122-thread-1] INFO  segmented.SegmentedRaftLogWorker (SegmentedRaftLogWorker.java:<init>(187)) - new 1aca9449-889e-455e-97c1-34bb763eddaa@group-711033C97113-SegmentedRaftLogWorker for RaftStorageImpl:Storage Directory /home/runner/work/ozone/ozone/hadoop-ozone/integration-test/target/test-dir/MiniOzoneClusterImpl-5b46f7b7-15cd-42ca-88c0-c813cff626ca/datanode-0/data/ratis/7080040a-41fb-4f86-879e-711033c97113
2022-08-10 09:21:32,656 [pool-122-thread-1] INFO  server.RaftServerConfigKeys (ConfUtils.java:logGet(46)) - raft.server.log.queue.byte-limit = 4294967296 (custom)
2022-08-10 09:21:32,656 [pool-122-thread-1] INFO  server.RaftServerConfigKeys (ConfUtils.java:logGet(46)) - raft.server.log.queue.element-limit = 1024 (custom)
2022-08-10 09:21:32,656 [pool-122-thread-1] INFO  server.RaftServerConfigKeys (ConfUtils.java:logGet(46)) - raft.server.log.segment.size.max = 1048576 (custom)
2022-08-10 09:21:32,657 [pool-122-thread-1] INFO  server.RaftServerConfigKeys (ConfUtils.java:logGet(46)) - raft.server.log.preallocated.size = 16384 (custom)
2022-08-10 09:21:32,657 [pool-122-thread-1] INFO  server.RaftServerConfigKeys (ConfUtils.java:logGet(46)) - raft.server.log.force.sync.num = 128 (default)
2022-08-10 09:21:32,657 [pool-122-thread-1] INFO  server.RaftServerConfigKeys (ConfUtils.java:logGet(46)) - raft.server.log.statemachine.data.sync = true (default)
2022-08-10 09:21:32,657 [pool-122-thread-1] INFO  server.RaftServerConfigKeys (ConfUtils.java:logGet(46)) - raft.server.log.statemachine.data.sync.timeout = 10s (default)
2022-08-10 09:21:32,657 [pool-122-thread-1] INFO  server.RaftServerConfigKeys (ConfUtils.java:logGet(46)) - raft.server.log.statemachine.data.sync.timeout.retry = -1 (default)
2022-08-10 09:21:32,661 [pool-122-thread-1] INFO  server.RaftServerConfigKeys (ConfUtils.java:logGet(46)) - raft.server.log.write.buffer.size = 1048576 (custom)
2022-08-10 09:21:32,661 [pool-122-thread-1] INFO  server.RaftServerConfigKeys (ConfUtils.java:logGet(46)) - raft.server.log.unsafe-flush.enabled = false (default)
2022-08-10 09:21:32,661 [pool-122-thread-1] INFO  server.RaftServerConfigKeys (ConfUtils.java:logGet(46)) - raft.server.log.statemachine.data.caching.enabled = true (custom)
2022-08-10 09:21:32,661 [pool-122-thread-1] INFO  segmented.SegmentedRaftLogWorker (SegmentedRaftLogWorker.java:lambda$new$0(135)) - 1aca9449-889e-455e-97c1-34bb763eddaa@group-711033C97113-SegmentedRaftLogWorker: flushIndex: setUnconditionally 0 -> -1
2022-08-10 09:21:32,662 [pool-122-thread-1] INFO  segmented.SegmentedRaftLogWorker (SegmentedRaftLogWorker.java:lambda$new$0(135)) - 1aca9449-889e-455e-97c1-34bb763eddaa@group-711033C97113-SegmentedRaftLogWorker: safeCacheEvictIndex: setUnconditionally 0 -> -1
2022-08-10 09:21:32,662 [pool-122-thread-1] INFO  server.RaftServerConfigKeys (ConfUtils.java:logGet(46)) - raft.server.snapshot.auto.trigger.enabled = true (custom)
2022-08-10 09:21:32,662 [pool-122-thread-1] INFO  server.RaftServerConfigKeys (ConfUtils.java:logGet(46)) - raft.server.snapshot.auto.trigger.threshold = 10000 (custom)
2022-08-10 09:21:32,662 [pool-122-thread-1] INFO  server.RaftServerConfigKeys (ConfUtils.java:logGet(46)) - raft.server.snapshot.retention.file.num = 5 (custom)
2022-08-10 09:21:32,662 [pool-122-thread-1] INFO  server.RaftServerConfigKeys (ConfUtils.java:logGet(46)) - raft.server.log.purge.upto.snapshot.index = false (default)
2022-08-10 09:21:32,662 [pool-122-thread-1] INFO  server.RaftServerConfigKeys (ConfUtils.java:logGet(46)) - raft.server.retrycache.expirytime = 600000ms (custom)
2022-08-10 09:21:32,662 [pool-122-thread-1] INFO  server.RaftServerConfigKeys (ConfUtils.java:logGet(46)) - raft.server.retrycache.statistics.expirytime = 100μs (default)
2022-08-10 09:21:32,663 [pool-122-thread-1] INFO  server.RaftServerConfigKeys (ConfUtils.java:logGet(46)) - raft.server.log.appender.install.snapshot.enabled = false (custom)
2022-08-10 09:21:32,663 [pool-122-thread-1] INFO  server.RaftServerConfigKeys (ConfUtils.java:logGet(46)) - raft.server.threadpool.server.cached = true (default)
2022-08-10 09:21:32,664 [pool-122-thread-1] INFO  server.RaftServerConfigKeys (ConfUtils.java:logGet(46)) - raft.server.threadpool.server.size = 0 (default)
2022-08-10 09:21:32,664 [pool-122-thread-1] INFO  server.RaftServerConfigKeys (ConfUtils.java:logGet(46)) - raft.server.threadpool.client.cached = true (default)
2022-08-10 09:21:32,664 [pool-122-thread-1] INFO  server.RaftServerConfigKeys (ConfUtils.java:logGet(46)) - raft.server.threadpool.client.size = 0 (default)
2022-08-10 09:21:32,664 [pool-122-thread-1] INFO  server.RaftServer$Division (RaftServerImpl.java:start(310)) - 1aca9449-889e-455e-97c1-34bb763eddaa@group-711033C97113: start as a follower, conf=-1: [307a4eae-8455-4484-b26c-d8f5f09d506a|rpc:10.1.0.9:36815|priority:1, 1aca9449-889e-455e-97c1-34bb763eddaa|rpc:10.1.0.9:44661|priority:0, 895c4c6d-5b5c-4808-a9cf-fdca3e3afc0d|rpc:10.1.0.9:40015|priority:0], old=null
2022-08-10 09:21:32,664 [pool-122-thread-1] INFO  server.RaftServer$Division (RaftServerImpl.java:setRole(299)) - 1aca9449-889e-455e-97c1-34bb763eddaa@group-711033C97113: changes role from      null to FOLLOWER at term 0 for startAsFollower
2022-08-10 09:21:32,664 [pool-122-thread-1] INFO  impl.RoleInfo (RoleInfo.java:updateAndGet(139)) - 1aca9449-889e-455e-97c1-34bb763eddaa: start 1aca9449-889e-455e-97c1-34bb763eddaa@group-711033C97113-FollowerState
2022-08-10 09:21:32,667 [pool-122-thread-1] INFO  util.JmxRegister (JmxRegister.java:tryRegister(44)) - Successfully registered JMX Bean with object name Ratis:service=RaftServer,group=group-711033C97113,id=1aca9449-889e-455e-97c1-34bb763eddaa
2022-08-10 09:21:32,668 [Command processor thread] INFO  ratis.XceiverServerRatis (XceiverServerRatis.java:addGroup(765)) - Created group PipelineID=7080040a-41fb-4f86-879e-711033c97113
2022-08-10 09:21:32,684 [grpc-default-executor-1] INFO  server.RaftServer (RaftServerProxy.java:addNew(96)) - 307a4eae-8455-4484-b26c-d8f5f09d506a: addNew group-711033C97113:[307a4eae-8455-4484-b26c-d8f5f09d506a|rpc:10.1.0.9:36815|dataStream:|priority:1, 1aca9449-889e-455e-97c1-34bb763eddaa|rpc:10.1.0.9:44661|dataStream:|priority:0, 895c4c6d-5b5c-4808-a9cf-fdca3e3afc0d|rpc:10.1.0.9:40015|dataStream:|priority:0] returns group-711033C97113:java.util.concurrent.CompletableFuture@6b5d55e4[Not completed]
2022-08-10 09:21:32,686 [pool-145-thread-1] INFO  server.RaftServer$Division (RaftServerImpl.java:<init>(190)) - 307a4eae-8455-4484-b26c-d8f5f09d506a: new RaftServerImpl for group-711033C97113:[307a4eae-8455-4484-b26c-d8f5f09d506a|rpc:10.1.0.9:36815|dataStream:|priority:1, 1aca9449-889e-455e-97c1-34bb763eddaa|rpc:10.1.0.9:44661|dataStream:|priority:0, 895c4c6d-5b5c-4808-a9cf-fdca3e3afc0d|rpc:10.1.0.9:40015|dataStream:|priority:0] with ContainerStateMachine:uninitialized
2022-08-10 09:21:32,686 [pool-145-thread-1] INFO  server.RaftServerConfigKeys (ConfUtils.java:logGet(46)) - raft.server.rpc.timeout.min = 5s (custom)
2022-08-10 09:21:32,686 [pool-145-thread-1] INFO  server.RaftServerConfigKeys (ConfUtils.java:logGet(46)) - raft.server.rpc.timeout.max = 5200ms (custom)
2022-08-10 09:21:32,686 [pool-145-thread-1] INFO  server.RaftServerConfigKeys (ConfUtils.java:logGet(46)) - raft.server.rpc.sleep.time = 25ms (default)
2022-08-10 09:21:32,686 [pool-145-thread-1] INFO  server.RaftServerConfigKeys (ConfUtils.java:logGet(46)) - raft.server.rpc.slowness.timeout = 300s (custom)
2022-08-10 09:21:32,686 [pool-145-thread-1] INFO  server.RaftServerConfigKeys (ConfUtils.java:logGet(46)) - raft.server.leaderelection.leader.step-down.wait-time = 10s (default)
2022-08-10 09:21:32,686 [pool-145-thread-1] INFO  server.RaftServerConfigKeys (ConfUtils.java:logGet(46)) - raft.server.sleep.deviation.threshold = 300ms (default)
2022-08-10 09:21:32,686 [pool-145-thread-1] INFO  server.RaftServer$Division (ServerState.java:<init>(107)) - 307a4eae-8455-4484-b26c-d8f5f09d506a@group-711033C97113: ConfigurationManager, init=-1: [307a4eae-8455-4484-b26c-d8f5f09d506a|rpc:10.1.0.9:36815|dataStream:|priority:1, 1aca9449-889e-455e-97c1-34bb763eddaa|rpc:10.1.0.9:44661|dataStream:|priority:0, 895c4c6d-5b5c-4808-a9cf-fdca3e3afc0d|rpc:10.1.0.9:40015|dataStream:|priority:0], old=null, confs=<EMPTY_MAP>
2022-08-10 09:21:32,687 [pool-145-thread-1] INFO  server.RaftServerConfigKeys (ConfUtils.java:logGet(46)) - raft.server.storage.dir = [/home/runner/work/ozone/ozone/hadoop-ozone/integration-test/target/test-dir/MiniOzoneClusterImpl-5b46f7b7-15cd-42ca-88c0-c813cff626ca/datanode-1/data/ratis] (custom)
2022-08-10 09:21:32,687 [pool-145-thread-1] INFO  server.RaftServerConfigKeys (ConfUtils.java:logGet(46)) - raft.server.log.corruption.policy = EXCEPTION (default)
2022-08-10 09:21:32,687 [pool-145-thread-1] INFO  server.RaftServerConfigKeys (ConfUtils.java:logGet(46)) - raft.server.storage.free-space.min = 0MB (=0) (default)
2022-08-10 09:21:32,687 [pool-145-thread-1] INFO  storage.RaftStorageDirectory (RaftStorageDirectoryImpl.java:analyzeStorage(135)) - The storage directory /home/runner/work/ozone/ozone/hadoop-ozone/integration-test/target/test-dir/MiniOzoneClusterImpl-5b46f7b7-15cd-42ca-88c0-c813cff626ca/datanode-1/data/ratis/7080040a-41fb-4f86-879e-711033c97113 does not exist. Creating ...
2022-08-10 09:21:32,688 [pool-145-thread-1] INFO  storage.RaftStorageDirectory (RaftStorageDirectoryImpl.java:tryLock(230)) - Lock on /home/runner/work/ozone/ozone/hadoop-ozone/integration-test/target/test-dir/MiniOzoneClusterImpl-5b46f7b7-15cd-42ca-88c0-c813cff626ca/datanode-1/data/ratis/7080040a-41fb-4f86-879e-711033c97113/in_use.lock acquired by nodename 28234@fv-az244-795
2022-08-10 09:21:32,690 [pool-145-thread-1] INFO  storage.RaftStorage (RaftStorageImpl.java:format(89)) - Storage directory /home/runner/work/ozone/ozone/hadoop-ozone/integration-test/target/test-dir/MiniOzoneClusterImpl-5b46f7b7-15cd-42ca-88c0-c813cff626ca/datanode-1/data/ratis/7080040a-41fb-4f86-879e-711033c97113 has been successfully formatted.
2022-08-10 09:21:32,693 [pool-145-thread-1] INFO  ratis.ContainerStateMachine (ContainerStateMachine.java:loadSnapshot(236)) - group-711033C97113: The snapshot info is null. Setting the last applied indexto:(t:0, i:~)
2022-08-10 09:21:32,693 [pool-145-thread-1] INFO  server.RaftServerConfigKeys (ConfUtils.java:logGet(46)) - raft.server.notification.no-leader.timeout = 300s (custom)
2022-08-10 09:21:32,693 [pool-145-thread-1] INFO  server.RaftServerConfigKeys (ConfUtils.java:logGet(46)) - raft.server.log.use.memory = false (default)
2022-08-10 09:21:32,693 [pool-145-thread-1] INFO  server.RaftServerConfigKeys (ConfUtils.java:logGet(46)) - raft.server.log.purge.gap = 1000000 (custom)
2022-08-10 09:21:32,693 [pool-145-thread-1] INFO  server.RaftServerConfigKeys (ConfUtils.java:logGet(46)) - raft.server.log.appender.buffer.byte-limit = 33554432 (custom)
2022-08-10 09:21:32,693 [pool-145-thread-1] INFO  server.RaftServerConfigKeys (ConfUtils.java:logGet(46)) - raft.server.log.statemachine.data.read.timeout = 1000ms (default)
2022-08-10 09:21:32,694 [pool-145-thread-1] INFO  server.RaftServerConfigKeys (ConfUtils.java:logGet(46)) - raft.server.log.segment.size.max = 1048576 (custom)
2022-08-10 09:21:32,694 [pool-145-thread-1] INFO  server.RaftServerConfigKeys (ConfUtils.java:logGet(46)) - raft.server.log.segment.cache.num.max = 2 (custom)
2022-08-10 09:21:32,694 [pool-145-thread-1] INFO  server.RaftServerConfigKeys (ConfUtils.java:logGet(46)) - raft.server.log.segment.cache.size.max = 200MB (=209715200) (default)
2022-08-10 09:21:32,694 [pool-145-thread-1] INFO  segmented.SegmentedRaftLogWorker (SegmentedRaftLogWorker.java:<init>(187)) - new 307a4eae-8455-4484-b26c-d8f5f09d506a@group-711033C97113-SegmentedRaftLogWorker for RaftStorageImpl:Storage Directory /home/runner/work/ozone/ozone/hadoop-ozone/integration-test/target/test-dir/MiniOzoneClusterImpl-5b46f7b7-15cd-42ca-88c0-c813cff626ca/datanode-1/data/ratis/7080040a-41fb-4f86-879e-711033c97113
2022-08-10 09:21:32,694 [pool-145-thread-1] INFO  server.RaftServerConfigKeys (ConfUtils.java:logGet(46)) - raft.server.log.queue.byte-limit = 4294967296 (custom)
2022-08-10 09:21:32,694 [pool-145-thread-1] INFO  server.RaftServerConfigKeys (ConfUtils.java:logGet(46)) - raft.server.log.queue.element-limit = 1024 (custom)
2022-08-10 09:21:32,695 [pool-145-thread-1] INFO  server.RaftServerConfigKeys (ConfUtils.java:logGet(46)) - raft.server.log.segment.size.max = 1048576 (custom)
2022-08-10 09:21:32,695 [pool-145-thread-1] INFO  server.RaftServerConfigKeys (ConfUtils.java:logGet(46)) - raft.server.log.preallocated.size = 16384 (custom)
2022-08-10 09:21:32,695 [pool-145-thread-1] INFO  server.RaftServerConfigKeys (ConfUtils.java:logGet(46)) - raft.server.log.force.sync.num = 128 (default)
2022-08-10 09:21:32,695 [pool-145-thread-1] INFO  server.RaftServerConfigKeys (ConfUtils.java:logGet(46)) - raft.server.log.statemachine.data.sync = true (default)
2022-08-10 09:21:32,695 [pool-145-thread-1] INFO  server.RaftServerConfigKeys (ConfUtils.java:logGet(46)) - raft.server.log.statemachine.data.sync.timeout = 10s (default)
2022-08-10 09:21:32,695 [pool-145-thread-1] INFO  server.RaftServerConfigKeys (ConfUtils.java:logGet(46)) - raft.server.log.statemachine.data.sync.timeout.retry = -1 (default)
2022-08-10 09:21:32,696 [pool-145-thread-1] INFO  server.RaftServerConfigKeys (ConfUtils.java:logGet(46)) - raft.server.log.write.buffer.size = 1048576 (custom)
2022-08-10 09:21:32,697 [pool-145-thread-1] INFO  server.RaftServerConfigKeys (ConfUtils.java:logGet(46)) - raft.server.log.unsafe-flush.enabled = false (default)
2022-08-10 09:21:32,697 [pool-145-thread-1] INFO  server.RaftServerConfigKeys (ConfUtils.java:logGet(46)) - raft.server.log.statemachine.data.caching.enabled = true (custom)
2022-08-10 09:21:32,697 [pool-145-thread-1] INFO  segmented.SegmentedRaftLogWorker (SegmentedRaftLogWorker.java:lambda$new$0(135)) - 307a4eae-8455-4484-b26c-d8f5f09d506a@group-711033C97113-SegmentedRaftLogWorker: flushIndex: setUnconditionally 0 -> -1
2022-08-10 09:21:32,697 [pool-145-thread-1] INFO  segmented.SegmentedRaftLogWorker (SegmentedRaftLogWorker.java:lambda$new$0(135)) - 307a4eae-8455-4484-b26c-d8f5f09d506a@group-711033C97113-SegmentedRaftLogWorker: safeCacheEvictIndex: setUnconditionally 0 -> -1
2022-08-10 09:21:32,697 [pool-145-thread-1] INFO  server.RaftServerConfigKeys (ConfUtils.java:logGet(46)) - raft.server.snapshot.auto.trigger.enabled = true (custom)
2022-08-10 09:21:32,697 [pool-145-thread-1] INFO  server.RaftServerConfigKeys (ConfUtils.java:logGet(46)) - raft.server.snapshot.auto.trigger.threshold = 10000 (custom)
2022-08-10 09:21:32,697 [pool-145-thread-1] INFO  server.RaftServerConfigKeys (ConfUtils.java:logGet(46)) - raft.server.snapshot.retention.file.num = 5 (custom)
2022-08-10 09:21:32,697 [pool-145-thread-1] INFO  server.RaftServerConfigKeys (ConfUtils.java:logGet(46)) - raft.server.log.purge.upto.snapshot.index = false (default)
2022-08-10 09:21:32,697 [pool-145-thread-1] INFO  server.RaftServerConfigKeys (ConfUtils.java:logGet(46)) - raft.server.retrycache.expirytime = 600000ms (custom)
2022-08-10 09:21:32,698 [pool-145-thread-1] INFO  server.RaftServerConfigKeys (ConfUtils.java:logGet(46)) - raft.server.retrycache.statistics.expirytime = 100μs (default)
2022-08-10 09:21:32,699 [pool-145-thread-1] INFO  server.RaftServerConfigKeys (ConfUtils.java:logGet(46)) - raft.server.log.appender.install.snapshot.enabled = false (custom)
2022-08-10 09:21:32,699 [pool-145-thread-1] INFO  server.RaftServerConfigKeys (ConfUtils.java:logGet(46)) - raft.server.threadpool.server.cached = true (default)
2022-08-10 09:21:32,699 [pool-145-thread-1] INFO  server.RaftServerConfigKeys (ConfUtils.java:logGet(46)) - raft.server.threadpool.server.size = 0 (default)
2022-08-10 09:21:32,699 [pool-145-thread-1] INFO  server.RaftServerConfigKeys (ConfUtils.java:logGet(46)) - raft.server.threadpool.client.cached = true (default)
2022-08-10 09:21:32,699 [pool-145-thread-1] INFO  server.RaftServerConfigKeys (ConfUtils.java:logGet(46)) - raft.server.threadpool.client.size = 0 (default)
2022-08-10 09:21:32,699 [pool-145-thread-1] INFO  server.RaftServer$Division (RaftServerImpl.java:start(310)) - 307a4eae-8455-4484-b26c-d8f5f09d506a@group-711033C97113: start as a follower, conf=-1: [307a4eae-8455-4484-b26c-d8f5f09d506a|rpc:10.1.0.9:36815|dataStream:|priority:1, 1aca9449-889e-455e-97c1-34bb763eddaa|rpc:10.1.0.9:44661|dataStream:|priority:0, 895c4c6d-5b5c-4808-a9cf-fdca3e3afc0d|rpc:10.1.0.9:40015|dataStream:|priority:0], old=null
2022-08-10 09:21:32,700 [pool-145-thread-1] INFO  server.RaftServer$Division (RaftServerImpl.java:setRole(299)) - 307a4eae-8455-4484-b26c-d8f5f09d506a@group-711033C97113: changes role from      null to FOLLOWER at term 0 for startAsFollower
2022-08-10 09:21:32,700 [pool-145-thread-1] INFO  impl.RoleInfo (RoleInfo.java:updateAndGet(139)) - 307a4eae-8455-4484-b26c-d8f5f09d506a: start 307a4eae-8455-4484-b26c-d8f5f09d506a@group-711033C97113-FollowerState
2022-08-10 09:21:32,700 [pool-145-thread-1] INFO  util.JmxRegister (JmxRegister.java:tryRegister(44)) - Successfully registered JMX Bean with object name Ratis:service=RaftServer,group=group-711033C97113,id=307a4eae-8455-4484-b26c-d8f5f09d506a
2022-08-10 09:21:32,721 [grpc-default-executor-1] INFO  server.RaftServer (RaftServerProxy.java:addNew(96)) - 895c4c6d-5b5c-4808-a9cf-fdca3e3afc0d: addNew group-711033C97113:[307a4eae-8455-4484-b26c-d8f5f09d506a|rpc:10.1.0.9:36815|dataStream:|priority:1, 1aca9449-889e-455e-97c1-34bb763eddaa|rpc:10.1.0.9:44661|dataStream:|priority:0, 895c4c6d-5b5c-4808-a9cf-fdca3e3afc0d|rpc:10.1.0.9:40015|dataStream:|priority:0] returns group-711033C97113:java.util.concurrent.CompletableFuture@8344929[Not completed]
2022-08-10 09:21:32,723 [pool-168-thread-1] INFO  server.RaftServer$Division (RaftServerImpl.java:<init>(190)) - 895c4c6d-5b5c-4808-a9cf-fdca3e3afc0d: new RaftServerImpl for group-711033C97113:[307a4eae-8455-4484-b26c-d8f5f09d506a|rpc:10.1.0.9:36815|dataStream:|priority:1, 1aca9449-889e-455e-97c1-34bb763eddaa|rpc:10.1.0.9:44661|dataStream:|priority:0, 895c4c6d-5b5c-4808-a9cf-fdca3e3afc0d|rpc:10.1.0.9:40015|dataStream:|priority:0] with ContainerStateMachine:uninitialized
2022-08-10 09:21:32,723 [pool-168-thread-1] INFO  server.RaftServerConfigKeys (ConfUtils.java:logGet(46)) - raft.server.rpc.timeout.min = 5s (custom)
2022-08-10 09:21:32,723 [pool-168-thread-1] INFO  server.RaftServerConfigKeys (ConfUtils.java:logGet(46)) - raft.server.rpc.timeout.max = 5200ms (custom)
2022-08-10 09:21:32,723 [pool-168-thread-1] INFO  server.RaftServerConfigKeys (ConfUtils.java:logGet(46)) - raft.server.rpc.sleep.time = 25ms (default)
2022-08-10 09:21:32,723 [pool-168-thread-1] INFO  server.RaftServerConfigKeys (ConfUtils.java:logGet(46)) - raft.server.rpc.slowness.timeout = 300s (custom)
2022-08-10 09:21:32,723 [pool-168-thread-1] INFO  server.RaftServerConfigKeys (ConfUtils.java:logGet(46)) - raft.server.leaderelection.leader.step-down.wait-time = 10s (default)
2022-08-10 09:21:32,724 [pool-168-thread-1] INFO  server.RaftServerConfigKeys (ConfUtils.java:logGet(46)) - raft.server.sleep.deviation.threshold = 300ms (default)
2022-08-10 09:21:32,724 [pool-168-thread-1] INFO  server.RaftServer$Division (ServerState.java:<init>(107)) - 895c4c6d-5b5c-4808-a9cf-fdca3e3afc0d@group-711033C97113: ConfigurationManager, init=-1: [307a4eae-8455-4484-b26c-d8f5f09d506a|rpc:10.1.0.9:36815|dataStream:|priority:1, 1aca9449-889e-455e-97c1-34bb763eddaa|rpc:10.1.0.9:44661|dataStream:|priority:0, 895c4c6d-5b5c-4808-a9cf-fdca3e3afc0d|rpc:10.1.0.9:40015|dataStream:|priority:0], old=null, confs=<EMPTY_MAP>
2022-08-10 09:21:32,724 [pool-168-thread-1] INFO  server.RaftServerConfigKeys (ConfUtils.java:logGet(46)) - raft.server.storage.dir = [/home/runner/work/ozone/ozone/hadoop-ozone/integration-test/target/test-dir/MiniOzoneClusterImpl-5b46f7b7-15cd-42ca-88c0-c813cff626ca/datanode-2/data/ratis] (custom)
2022-08-10 09:21:32,724 [pool-168-thread-1] INFO  server.RaftServerConfigKeys (ConfUtils.java:logGet(46)) - raft.server.log.corruption.policy = EXCEPTION (default)
2022-08-10 09:21:32,724 [pool-168-thread-1] INFO  server.RaftServerConfigKeys (ConfUtils.java:logGet(46)) - raft.server.storage.free-space.min = 0MB (=0) (default)
2022-08-10 09:21:32,724 [pool-168-thread-1] INFO  storage.RaftStorageDirectory (RaftStorageDirectoryImpl.java:analyzeStorage(135)) - The storage directory /home/runner/work/ozone/ozone/hadoop-ozone/integration-test/target/test-dir/MiniOzoneClusterImpl-5b46f7b7-15cd-42ca-88c0-c813cff626ca/datanode-2/data/ratis/7080040a-41fb-4f86-879e-711033c97113 does not exist. Creating ...
2022-08-10 09:21:32,726 [pool-168-thread-1] INFO  storage.RaftStorageDirectory (RaftStorageDirectoryImpl.java:tryLock(230)) - Lock on /home/runner/work/ozone/ozone/hadoop-ozone/integration-test/target/test-dir/MiniOzoneClusterImpl-5b46f7b7-15cd-42ca-88c0-c813cff626ca/datanode-2/data/ratis/7080040a-41fb-4f86-879e-711033c97113/in_use.lock acquired by nodename 28234@fv-az244-795
2022-08-10 09:21:32,727 [pool-168-thread-1] INFO  storage.RaftStorage (RaftStorageImpl.java:format(89)) - Storage directory /home/runner/work/ozone/ozone/hadoop-ozone/integration-test/target/test-dir/MiniOzoneClusterImpl-5b46f7b7-15cd-42ca-88c0-c813cff626ca/datanode-2/data/ratis/7080040a-41fb-4f86-879e-711033c97113 has been successfully formatted.
2022-08-10 09:21:32,729 [pool-168-thread-1] INFO  ratis.ContainerStateMachine (ContainerStateMachine.java:loadSnapshot(236)) - group-711033C97113: The snapshot info is null. Setting the last applied indexto:(t:0, i:~)
2022-08-10 09:21:32,729 [pool-168-thread-1] INFO  server.RaftServerConfigKeys (ConfUtils.java:logGet(46)) - raft.server.notification.no-leader.timeout = 300s (custom)
2022-08-10 09:21:32,729 [pool-168-thread-1] INFO  server.RaftServerConfigKeys (ConfUtils.java:logGet(46)) - raft.server.log.use.memory = false (default)
2022-08-10 09:21:32,730 [pool-168-thread-1] INFO  server.RaftServerConfigKeys (ConfUtils.java:logGet(46)) - raft.server.log.purge.gap = 1000000 (custom)
2022-08-10 09:21:32,730 [pool-168-thread-1] INFO  server.RaftServerConfigKeys (ConfUtils.java:logGet(46)) - raft.server.log.appender.buffer.byte-limit = 33554432 (custom)
2022-08-10 09:21:32,730 [pool-168-thread-1] INFO  server.RaftServerConfigKeys (ConfUtils.java:logGet(46)) - raft.server.log.statemachine.data.read.timeout = 1000ms (default)
2022-08-10 09:21:32,730 [pool-168-thread-1] INFO  server.RaftServerConfigKeys (ConfUtils.java:logGet(46)) - raft.server.log.segment.size.max = 1048576 (custom)
2022-08-10 09:21:32,732 [pool-168-thread-1] INFO  server.RaftServerConfigKeys (ConfUtils.java:logGet(46)) - raft.server.log.segment.cache.num.max = 2 (custom)
2022-08-10 09:21:32,732 [pool-168-thread-1] INFO  server.RaftServerConfigKeys (ConfUtils.java:logGet(46)) - raft.server.log.segment.cache.size.max = 200MB (=209715200) (default)
2022-08-10 09:21:32,732 [pool-168-thread-1] INFO  segmented.SegmentedRaftLogWorker (SegmentedRaftLogWorker.java:<init>(187)) - new 895c4c6d-5b5c-4808-a9cf-fdca3e3afc0d@group-711033C97113-SegmentedRaftLogWorker for RaftStorageImpl:Storage Directory /home/runner/work/ozone/ozone/hadoop-ozone/integration-test/target/test-dir/MiniOzoneClusterImpl-5b46f7b7-15cd-42ca-88c0-c813cff626ca/datanode-2/data/ratis/7080040a-41fb-4f86-879e-711033c97113
2022-08-10 09:21:32,732 [pool-168-thread-1] INFO  server.RaftServerConfigKeys (ConfUtils.java:logGet(46)) - raft.server.log.queue.byte-limit = 4294967296 (custom)
2022-08-10 09:21:32,732 [pool-168-thread-1] INFO  server.RaftServerConfigKeys (ConfUtils.java:logGet(46)) - raft.server.log.queue.element-limit = 1024 (custom)
2022-08-10 09:21:32,733 [pool-168-thread-1] INFO  server.RaftServerConfigKeys (ConfUtils.java:logGet(46)) - raft.server.log.segment.size.max = 1048576 (custom)
2022-08-10 09:21:32,733 [pool-168-thread-1] INFO  server.RaftServerConfigKeys (ConfUtils.java:logGet(46)) - raft.server.log.preallocated.size = 16384 (custom)
2022-08-10 09:21:32,733 [pool-168-thread-1] INFO  server.RaftServerConfigKeys (ConfUtils.java:logGet(46)) - raft.server.log.force.sync.num = 128 (default)
2022-08-10 09:21:32,733 [pool-168-thread-1] INFO  server.RaftServerConfigKeys (ConfUtils.java:logGet(46)) - raft.server.log.statemachine.data.sync = true (default)
2022-08-10 09:21:32,733 [pool-168-thread-1] INFO  server.RaftServerConfigKeys (ConfUtils.java:logGet(46)) - raft.server.log.statemachine.data.sync.timeout = 10s (default)
2022-08-10 09:21:32,733 [pool-168-thread-1] INFO  server.RaftServerConfigKeys (ConfUtils.java:logGet(46)) - raft.server.log.statemachine.data.sync.timeout.retry = -1 (default)
2022-08-10 09:21:32,735 [pool-168-thread-1] INFO  server.RaftServerConfigKeys (ConfUtils.java:logGet(46)) - raft.server.log.write.buffer.size = 1048576 (custom)
2022-08-10 09:21:32,736 [pool-168-thread-1] INFO  server.RaftServerConfigKeys (ConfUtils.java:logGet(46)) - raft.server.log.unsafe-flush.enabled = false (default)
2022-08-10 09:21:32,736 [pool-168-thread-1] INFO  server.RaftServerConfigKeys (ConfUtils.java:logGet(46)) - raft.server.log.statemachine.data.caching.enabled = true (custom)
2022-08-10 09:21:32,736 [pool-168-thread-1] INFO  segmented.SegmentedRaftLogWorker (SegmentedRaftLogWorker.java:lambda$new$0(135)) - 895c4c6d-5b5c-4808-a9cf-fdca3e3afc0d@group-711033C97113-SegmentedRaftLogWorker: flushIndex: setUnconditionally 0 -> -1
2022-08-10 09:21:32,736 [pool-168-thread-1] INFO  segmented.SegmentedRaftLogWorker (SegmentedRaftLogWorker.java:lambda$new$0(135)) - 895c4c6d-5b5c-4808-a9cf-fdca3e3afc0d@group-711033C97113-SegmentedRaftLogWorker: safeCacheEvictIndex: setUnconditionally 0 -> -1
2022-08-10 09:21:32,736 [pool-168-thread-1] INFO  server.RaftServerConfigKeys (ConfUtils.java:logGet(46)) - raft.server.snapshot.auto.trigger.enabled = true (custom)
2022-08-10 09:21:32,737 [pool-168-thread-1] INFO  server.RaftServerConfigKeys (ConfUtils.java:logGet(46)) - raft.server.snapshot.auto.trigger.threshold = 10000 (custom)
2022-08-10 09:21:32,737 [pool-168-thread-1] INFO  server.RaftServerConfigKeys (ConfUtils.java:logGet(46)) - raft.server.snapshot.retention.file.num = 5 (custom)
2022-08-10 09:21:32,737 [pool-168-thread-1] INFO  server.RaftServerConfigKeys (ConfUtils.java:logGet(46)) - raft.server.log.purge.upto.snapshot.index = false (default)
2022-08-10 09:21:32,737 [pool-168-thread-1] INFO  server.RaftServerConfigKeys (ConfUtils.java:logGet(46)) - raft.server.retrycache.expirytime = 600000ms (custom)
2022-08-10 09:21:32,737 [pool-168-thread-1] INFO  server.RaftServerConfigKeys (ConfUtils.java:logGet(46)) - raft.server.retrycache.statistics.expirytime = 100μs (default)
2022-08-10 09:21:32,738 [pool-168-thread-1] INFO  server.RaftServerConfigKeys (ConfUtils.java:logGet(46)) - raft.server.log.appender.install.snapshot.enabled = false (custom)
2022-08-10 09:21:32,738 [pool-168-thread-1] INFO  server.RaftServerConfigKeys (ConfUtils.java:logGet(46)) - raft.server.threadpool.server.cached = true (default)
2022-08-10 09:21:32,738 [pool-168-thread-1] INFO  server.RaftServerConfigKeys (ConfUtils.java:logGet(46)) - raft.server.threadpool.server.size = 0 (default)
2022-08-10 09:21:32,738 [pool-168-thread-1] INFO  server.RaftServerConfigKeys (ConfUtils.java:logGet(46)) - raft.server.threadpool.client.cached = true (default)
2022-08-10 09:21:32,738 [pool-168-thread-1] INFO  server.RaftServerConfigKeys (ConfUtils.java:logGet(46)) - raft.server.threadpool.client.size = 0 (default)
2022-08-10 09:21:32,739 [pool-168-thread-1] INFO  server.RaftServer$Division (RaftServerImpl.java:start(310)) - 895c4c6d-5b5c-4808-a9cf-fdca3e3afc0d@group-711033C97113: start as a follower, conf=-1: [307a4eae-8455-4484-b26c-d8f5f09d506a|rpc:10.1.0.9:36815|dataStream:|priority:1, 1aca9449-889e-455e-97c1-34bb763eddaa|rpc:10.1.0.9:44661|dataStream:|priority:0, 895c4c6d-5b5c-4808-a9cf-fdca3e3afc0d|rpc:10.1.0.9:40015|dataStream:|priority:0], old=null
2022-08-10 09:21:32,739 [pool-168-thread-1] INFO  server.RaftServer$Division (RaftServerImpl.java:setRole(299)) - 895c4c6d-5b5c-4808-a9cf-fdca3e3afc0d@group-711033C97113: changes role from      null to FOLLOWER at term 0 for startAsFollower
2022-08-10 09:21:32,739 [pool-168-thread-1] INFO  impl.RoleInfo (RoleInfo.java:updateAndGet(139)) - 895c4c6d-5b5c-4808-a9cf-fdca3e3afc0d: start 895c4c6d-5b5c-4808-a9cf-fdca3e3afc0d@group-711033C97113-FollowerState
2022-08-10 09:21:32,740 [pool-168-thread-1] INFO  util.JmxRegister (JmxRegister.java:tryRegister(44)) - Successfully registered JMX Bean with object name Ratis:service=RaftServer,group=group-711033C97113,id=895c4c6d-5b5c-4808-a9cf-fdca3e3afc0d
2022-08-10 09:21:32,751 [Command processor thread] INFO  commandhandler.CreatePipelineCommandHandler (CreatePipelineCommandHandler.java:handle(113)) - Created Pipeline RATIS THREE PipelineID=7080040a-41fb-4f86-879e-711033c97113.
2022-08-10 09:21:32,783 [Command processor thread] INFO  server.RaftServer (RaftServerProxy.java:addNew(96)) - 307a4eae-8455-4484-b26c-d8f5f09d506a: addNew group-38691FB11DDA:[307a4eae-8455-4484-b26c-d8f5f09d506a|rpc:10.1.0.9:36815|priority:1] returns group-38691FB11DDA:java.util.concurrent.CompletableFuture@751f5919[Not completed]
2022-08-10 09:21:32,784 [pool-145-thread-1] INFO  server.RaftServer$Division (RaftServerImpl.java:<init>(190)) - 307a4eae-8455-4484-b26c-d8f5f09d506a: new RaftServerImpl for group-38691FB11DDA:[307a4eae-8455-4484-b26c-d8f5f09d506a|rpc:10.1.0.9:36815|priority:1] with ContainerStateMachine:uninitialized
2022-08-10 09:21:32,785 [pool-145-thread-1] INFO  server.RaftServerConfigKeys (ConfUtils.java:logGet(46)) - raft.server.rpc.timeout.min = 5s (custom)
2022-08-10 09:21:32,785 [pool-145-thread-1] INFO  server.RaftServerConfigKeys (ConfUtils.java:logGet(46)) - raft.server.rpc.timeout.max = 5200ms (custom)
2022-08-10 09:21:32,785 [pool-145-thread-1] INFO  server.RaftServerConfigKeys (ConfUtils.java:logGet(46)) - raft.server.rpc.sleep.time = 25ms (default)
2022-08-10 09:21:32,785 [pool-145-thread-1] INFO  server.RaftServerConfigKeys (ConfUtils.java:logGet(46)) - raft.server.rpc.slowness.timeout = 300s (custom)
2022-08-10 09:21:32,785 [pool-145-thread-1] INFO  server.RaftServerConfigKeys (ConfUtils.java:logGet(46)) - raft.server.leaderelection.leader.step-down.wait-time = 10s (default)
2022-08-10 09:21:32,785 [pool-145-thread-1] INFO  server.RaftServerConfigKeys (ConfUtils.java:logGet(46)) - raft.server.sleep.deviation.threshold = 300ms (default)
2022-08-10 09:21:32,785 [pool-145-thread-1] INFO  server.RaftServer$Division (ServerState.java:<init>(107)) - 307a4eae-8455-4484-b26c-d8f5f09d506a@group-38691FB11DDA: ConfigurationManager, init=-1: [307a4eae-8455-4484-b26c-d8f5f09d506a|rpc:10.1.0.9:36815|priority:1], old=null, confs=<EMPTY_MAP>
2022-08-10 09:21:32,785 [pool-145-thread-1] INFO  server.RaftServerConfigKeys (ConfUtils.java:logGet(46)) - raft.server.storage.dir = [/home/runner/work/ozone/ozone/hadoop-ozone/integration-test/target/test-dir/MiniOzoneClusterImpl-5b46f7b7-15cd-42ca-88c0-c813cff626ca/datanode-1/data/ratis] (custom)
2022-08-10 09:21:32,785 [pool-145-thread-1] INFO  server.RaftServerConfigKeys (ConfUtils.java:logGet(46)) - raft.server.log.corruption.policy = EXCEPTION (default)
2022-08-10 09:21:32,785 [pool-145-thread-1] INFO  server.RaftServerConfigKeys (ConfUtils.java:logGet(46)) - raft.server.storage.free-space.min = 0MB (=0) (default)
2022-08-10 09:21:32,786 [pool-145-thread-1] INFO  storage.RaftStorageDirectory (RaftStorageDirectoryImpl.java:analyzeStorage(135)) - The storage directory /home/runner/work/ozone/ozone/hadoop-ozone/integration-test/target/test-dir/MiniOzoneClusterImpl-5b46f7b7-15cd-42ca-88c0-c813cff626ca/datanode-1/data/ratis/f41b0a58-cc8c-4ff2-9477-38691fb11dda does not exist. Creating ...
2022-08-10 09:21:32,790 [pool-145-thread-1] INFO  storage.RaftStorageDirectory (RaftStorageDirectoryImpl.java:tryLock(230)) - Lock on /home/runner/work/ozone/ozone/hadoop-ozone/integration-test/target/test-dir/MiniOzoneClusterImpl-5b46f7b7-15cd-42ca-88c0-c813cff626ca/datanode-1/data/ratis/f41b0a58-cc8c-4ff2-9477-38691fb11dda/in_use.lock acquired by nodename 28234@fv-az244-795
2022-08-10 09:21:32,792 [pool-145-thread-1] INFO  storage.RaftStorage (RaftStorageImpl.java:format(89)) - Storage directory /home/runner/work/ozone/ozone/hadoop-ozone/integration-test/target/test-dir/MiniOzoneClusterImpl-5b46f7b7-15cd-42ca-88c0-c813cff626ca/datanode-1/data/ratis/f41b0a58-cc8c-4ff2-9477-38691fb11dda has been successfully formatted.
2022-08-10 09:21:32,792 [pool-145-thread-1] INFO  ratis.ContainerStateMachine (ContainerStateMachine.java:loadSnapshot(236)) - group-38691FB11DDA: The snapshot info is null. Setting the last applied indexto:(t:0, i:~)
2022-08-10 09:21:32,793 [pool-145-thread-1] INFO  server.RaftServerConfigKeys (ConfUtils.java:logGet(46)) - raft.server.notification.no-leader.timeout = 300s (custom)
2022-08-10 09:21:32,793 [pool-145-thread-1] INFO  server.RaftServerConfigKeys (ConfUtils.java:logGet(46)) - raft.server.log.use.memory = false (default)
2022-08-10 09:21:32,793 [pool-145-thread-1] INFO  server.RaftServerConfigKeys (ConfUtils.java:logGet(46)) - raft.server.log.purge.gap = 1000000 (custom)
2022-08-10 09:21:32,793 [pool-145-thread-1] INFO  server.RaftServerConfigKeys (ConfUtils.java:logGet(46)) - raft.server.log.appender.buffer.byte-limit = 33554432 (custom)
2022-08-10 09:21:32,793 [pool-145-thread-1] INFO  server.RaftServerConfigKeys (ConfUtils.java:logGet(46)) - raft.server.log.statemachine.data.read.timeout = 1000ms (default)
2022-08-10 09:21:32,793 [pool-145-thread-1] INFO  server.RaftServerConfigKeys (ConfUtils.java:logGet(46)) - raft.server.log.segment.size.max = 1048576 (custom)
2022-08-10 09:21:32,794 [pool-145-thread-1] INFO  server.RaftServerConfigKeys (ConfUtils.java:logGet(46)) - raft.server.log.segment.cache.num.max = 2 (custom)
2022-08-10 09:21:32,794 [pool-145-thread-1] INFO  server.RaftServerConfigKeys (ConfUtils.java:logGet(46)) - raft.server.log.segment.cache.size.max = 200MB (=209715200) (default)
2022-08-10 09:21:32,794 [pool-145-thread-1] INFO  segmented.SegmentedRaftLogWorker (SegmentedRaftLogWorker.java:<init>(187)) - new 307a4eae-8455-4484-b26c-d8f5f09d506a@group-38691FB11DDA-SegmentedRaftLogWorker for RaftStorageImpl:Storage Directory /home/runner/work/ozone/ozone/hadoop-ozone/integration-test/target/test-dir/MiniOzoneClusterImpl-5b46f7b7-15cd-42ca-88c0-c813cff626ca/datanode-1/data/ratis/f41b0a58-cc8c-4ff2-9477-38691fb11dda
2022-08-10 09:21:32,794 [pool-145-thread-1] INFO  server.RaftServerConfigKeys (ConfUtils.java:logGet(46)) - raft.server.log.queue.byte-limit = 4294967296 (custom)
2022-08-10 09:21:32,794 [pool-145-thread-1] INFO  server.RaftServerConfigKeys (ConfUtils.java:logGet(46)) - raft.server.log.queue.element-limit = 1024 (custom)
2022-08-10 09:21:32,794 [pool-145-thread-1] INFO  server.RaftServerConfigKeys (ConfUtils.java:logGet(46)) - raft.server.log.segment.size.max = 1048576 (custom)
2022-08-10 09:21:32,794 [pool-145-thread-1] INFO  server.RaftServerConfigKeys (ConfUtils.java:logGet(46)) - raft.server.log.preallocated.size = 16384 (custom)
2022-08-10 09:21:32,794 [pool-145-thread-1] INFO  server.RaftServerConfigKeys (ConfUtils.java:logGet(46)) - raft.server.log.force.sync.num = 128 (default)
2022-08-10 09:21:32,794 [pool-145-thread-1] INFO  server.RaftServerConfigKeys (ConfUtils.java:logGet(46)) - raft.server.log.statemachine.data.sync = true (default)
2022-08-10 09:21:32,794 [pool-145-thread-1] INFO  server.RaftServerConfigKeys (ConfUtils.java:logGet(46)) - raft.server.log.statemachine.data.sync.timeout = 10s (default)
2022-08-10 09:21:32,795 [pool-145-thread-1] INFO  server.RaftServerConfigKeys (ConfUtils.java:logGet(46)) - raft.server.log.statemachine.data.sync.timeout.retry = -1 (default)
2022-08-10 09:21:32,795 [pool-145-thread-1] INFO  server.RaftServerConfigKeys (ConfUtils.java:logGet(46)) - raft.server.log.write.buffer.size = 1048576 (custom)
2022-08-10 09:21:32,799 [EventQueue-PipelineReportForPipelineReportHandler] INFO  pipeline.PipelineManagerImpl (PipelineManagerImpl.java:openPipeline(367)) - Pipeline Pipeline[ Id: f41b0a58-cc8c-4ff2-9477-38691fb11dda, Nodes: 307a4eae-8455-4484-b26c-d8f5f09d506a{ip: 10.1.0.9, host: fv-az244-795.wfqk4h0zklwe5pzfvc0psazzwc.bx.internal.cloudapp.net, ports: [REPLICATION=33787, RATIS=36815, RATIS_ADMIN=36815, RATIS_SERVER=36815, STANDALONE=37765], networkLocation: /default-rack, certSerialId: null, persistedOpState: IN_SERVICE, persistedOpStateExpiryEpochSec: 0}, ReplicationConfig: RATIS/ONE, State:ALLOCATED, leaderId:307a4eae-8455-4484-b26c-d8f5f09d506a, CreationTimestamp2022-08-10T09:21:29.788Z[Etc/UTC]] moved to OPEN state
2022-08-10 09:21:32,799 [EventQueue-OpenPipelineForHealthyPipelineSafeModeRule] INFO  safemode.SCMSafeModeManager (HealthyPipelineSafeModeRule.java:process(137)) - SCM in safe mode. Healthy pipelines reported count is 0, required healthy pipeline reported count is 1
2022-08-10 09:21:32,800 [pool-145-thread-1] INFO  server.RaftServerConfigKeys (ConfUtils.java:logGet(46)) - raft.server.log.unsafe-flush.enabled = false (default)
2022-08-10 09:21:32,800 [pool-145-thread-1] INFO  server.RaftServerConfigKeys (ConfUtils.java:logGet(46)) - raft.server.log.statemachine.data.caching.enabled = true (custom)
2022-08-10 09:21:32,801 [pool-145-thread-1] INFO  segmented.SegmentedRaftLogWorker (SegmentedRaftLogWorker.java:lambda$new$0(135)) - 307a4eae-8455-4484-b26c-d8f5f09d506a@group-38691FB11DDA-SegmentedRaftLogWorker: flushIndex: setUnconditionally 0 -> -1
2022-08-10 09:21:32,801 [pool-145-thread-1] INFO  segmented.SegmentedRaftLogWorker (SegmentedRaftLogWorker.java:lambda$new$0(135)) - 307a4eae-8455-4484-b26c-d8f5f09d506a@group-38691FB11DDA-SegmentedRaftLogWorker: safeCacheEvictIndex: setUnconditionally 0 -> -1
2022-08-10 09:21:32,802 [pool-145-thread-1] INFO  server.RaftServerConfigKeys (ConfUtils.java:logGet(46)) - raft.server.snapshot.auto.trigger.enabled = true (custom)
2022-08-10 09:21:32,802 [pool-145-thread-1] INFO  server.RaftServerConfigKeys (ConfUtils.java:logGet(46)) - raft.server.snapshot.auto.trigger.threshold = 10000 (custom)
2022-08-10 09:21:32,802 [pool-145-thread-1] INFO  server.RaftServerConfigKeys (ConfUtils.java:logGet(46)) - raft.server.snapshot.retention.file.num = 5 (custom)
2022-08-10 09:21:32,802 [pool-145-thread-1] INFO  server.RaftServerConfigKeys (ConfUtils.java:logGet(46)) - raft.server.log.purge.upto.snapshot.index = false (default)
2022-08-10 09:21:32,802 [pool-145-thread-1] INFO  server.RaftServerConfigKeys (ConfUtils.java:logGet(46)) - raft.server.retrycache.expirytime = 600000ms (custom)
2022-08-10 09:21:32,802 [pool-145-thread-1] INFO  server.RaftServerConfigKeys (ConfUtils.java:logGet(46)) - raft.server.retrycache.statistics.expirytime = 100μs (default)
2022-08-10 09:21:32,803 [pool-145-thread-1] INFO  server.RaftServerConfigKeys (ConfUtils.java:logGet(46)) - raft.server.log.appender.install.snapshot.enabled = false (custom)
2022-08-10 09:21:32,803 [pool-145-thread-1] INFO  server.RaftServerConfigKeys (ConfUtils.java:logGet(46)) - raft.server.threadpool.server.cached = true (default)
2022-08-10 09:21:32,804 [pool-145-thread-1] INFO  server.RaftServerConfigKeys (ConfUtils.java:logGet(46)) - raft.server.threadpool.server.size = 0 (default)
2022-08-10 09:21:32,804 [pool-145-thread-1] INFO  server.RaftServerConfigKeys (ConfUtils.java:logGet(46)) - raft.server.threadpool.client.cached = true (default)
2022-08-10 09:21:32,804 [pool-145-thread-1] INFO  server.RaftServerConfigKeys (ConfUtils.java:logGet(46)) - raft.server.threadpool.client.size = 0 (default)
2022-08-10 09:21:32,817 [pool-145-thread-1] INFO  server.RaftServer$Division (RaftServerImpl.java:start(310)) - 307a4eae-8455-4484-b26c-d8f5f09d506a@group-38691FB11DDA: start as a follower, conf=-1: [307a4eae-8455-4484-b26c-d8f5f09d506a|rpc:10.1.0.9:36815|priority:1], old=null
2022-08-10 09:21:32,817 [pool-145-thread-1] INFO  server.RaftServer$Division (RaftServerImpl.java:setRole(299)) - 307a4eae-8455-4484-b26c-d8f5f09d506a@group-38691FB11DDA: changes role from      null to FOLLOWER at term 0 for startAsFollower
2022-08-10 09:21:32,817 [pool-145-thread-1] INFO  impl.RoleInfo (RoleInfo.java:updateAndGet(139)) - 307a4eae-8455-4484-b26c-d8f5f09d506a: start 307a4eae-8455-4484-b26c-d8f5f09d506a@group-38691FB11DDA-FollowerState
2022-08-10 09:21:32,817 [pool-145-thread-1] INFO  util.JmxRegister (JmxRegister.java:tryRegister(44)) - Successfully registered JMX Bean with object name Ratis:service=RaftServer,group=group-38691FB11DDA,id=307a4eae-8455-4484-b26c-d8f5f09d506a
2022-08-10 09:21:32,818 [Command processor thread] INFO  ratis.XceiverServerRatis (XceiverServerRatis.java:addGroup(765)) - Created group PipelineID=f41b0a58-cc8c-4ff2-9477-38691fb11dda
2022-08-10 09:21:32,818 [Command processor thread] INFO  commandhandler.CreatePipelineCommandHandler (CreatePipelineCommandHandler.java:handle(113)) - Created Pipeline RATIS ONE PipelineID=f41b0a58-cc8c-4ff2-9477-38691fb11dda.
2022-08-10 09:21:33,147 [Listener at 127.0.0.1/36235] INFO  ozone.MiniOzoneClusterImpl (MiniOzoneClusterImpl.java:lambda$waitForClusterToBeReady$0(216)) - Nodes are ready. Got 3 of 3 DN Heartbeats.
2022-08-10 09:21:33,147 [Listener at 127.0.0.1/36235] INFO  ozone.MiniOzoneClusterImpl (MiniOzoneClusterImpl.java:lambda$waitForClusterToBeReady$0(219)) - Waiting for cluster to exit safe mode
2022-08-10 09:21:33,147 [Listener at 127.0.0.1/36235] INFO  ozone.MiniOzoneClusterImpl (MiniOzoneClusterImpl.java:lambda$waitForClusterToBeReady$0(221)) - SCM became leader
2022-08-10 09:21:33,158 [Command processor thread] INFO  server.RaftServer (RaftServerProxy.java:addNew(96)) - 895c4c6d-5b5c-4808-a9cf-fdca3e3afc0d: addNew group-76A1F27A6BB5:[895c4c6d-5b5c-4808-a9cf-fdca3e3afc0d|rpc:10.1.0.9:40015|priority:1] returns group-76A1F27A6BB5:java.util.concurrent.CompletableFuture@51d5fa29[Not completed]
2022-08-10 09:21:33,161 [pool-168-thread-1] INFO  server.RaftServer$Division (RaftServerImpl.java:<init>(190)) - 895c4c6d-5b5c-4808-a9cf-fdca3e3afc0d: new RaftServerImpl for group-76A1F27A6BB5:[895c4c6d-5b5c-4808-a9cf-fdca3e3afc0d|rpc:10.1.0.9:40015|priority:1] with ContainerStateMachine:uninitialized
2022-08-10 09:21:33,161 [pool-168-thread-1] INFO  server.RaftServerConfigKeys (ConfUtils.java:logGet(46)) - raft.server.rpc.timeout.min = 5s (custom)
2022-08-10 09:21:33,161 [pool-168-thread-1] INFO  server.RaftServerConfigKeys (ConfUtils.java:logGet(46)) - raft.server.rpc.timeout.max = 5200ms (custom)
2022-08-10 09:21:33,161 [pool-168-thread-1] INFO  server.RaftServerConfigKeys (ConfUtils.java:logGet(46)) - raft.server.rpc.sleep.time = 25ms (default)
2022-08-10 09:21:33,162 [pool-168-thread-1] INFO  server.RaftServerConfigKeys (ConfUtils.java:logGet(46)) - raft.server.rpc.slowness.timeout = 300s (custom)
2022-08-10 09:21:33,162 [pool-168-thread-1] INFO  server.RaftServerConfigKeys (ConfUtils.java:logGet(46)) - raft.server.leaderelection.leader.step-down.wait-time = 10s (default)
2022-08-10 09:21:33,162 [pool-168-thread-1] INFO  server.RaftServerConfigKeys (ConfUtils.java:logGet(46)) - raft.server.sleep.deviation.threshold = 300ms (default)
2022-08-10 09:21:33,162 [pool-168-thread-1] INFO  server.RaftServer$Division (ServerState.java:<init>(107)) - 895c4c6d-5b5c-4808-a9cf-fdca3e3afc0d@group-76A1F27A6BB5: ConfigurationManager, init=-1: [895c4c6d-5b5c-4808-a9cf-fdca3e3afc0d|rpc:10.1.0.9:40015|priority:1], old=null, confs=<EMPTY_MAP>
2022-08-10 09:21:33,162 [pool-168-thread-1] INFO  server.RaftServerConfigKeys (ConfUtils.java:logGet(46)) - raft.server.storage.dir = [/home/runner/work/ozone/ozone/hadoop-ozone/integration-test/target/test-dir/MiniOzoneClusterImpl-5b46f7b7-15cd-42ca-88c0-c813cff626ca/datanode-2/data/ratis] (custom)
2022-08-10 09:21:33,162 [pool-168-thread-1] INFO  server.RaftServerConfigKeys (ConfUtils.java:logGet(46)) - raft.server.log.corruption.policy = EXCEPTION (default)
2022-08-10 09:21:33,162 [pool-168-thread-1] INFO  server.RaftServerConfigKeys (ConfUtils.java:logGet(46)) - raft.server.storage.free-space.min = 0MB (=0) (default)
2022-08-10 09:21:33,162 [pool-168-thread-1] INFO  storage.RaftStorageDirectory (RaftStorageDirectoryImpl.java:analyzeStorage(135)) - The storage directory /home/runner/work/ozone/ozone/hadoop-ozone/integration-test/target/test-dir/MiniOzoneClusterImpl-5b46f7b7-15cd-42ca-88c0-c813cff626ca/datanode-2/data/ratis/5be26405-3e3b-42ec-997e-76a1f27a6bb5 does not exist. Creating ...
2022-08-10 09:21:33,164 [pool-168-thread-1] INFO  storage.RaftStorageDirectory (RaftStorageDirectoryImpl.java:tryLock(230)) - Lock on /home/runner/work/ozone/ozone/hadoop-ozone/integration-test/target/test-dir/MiniOzoneClusterImpl-5b46f7b7-15cd-42ca-88c0-c813cff626ca/datanode-2/data/ratis/5be26405-3e3b-42ec-997e-76a1f27a6bb5/in_use.lock acquired by nodename 28234@fv-az244-795
2022-08-10 09:21:33,166 [pool-168-thread-1] INFO  storage.RaftStorage (RaftStorageImpl.java:format(89)) - Storage directory /home/runner/work/ozone/ozone/hadoop-ozone/integration-test/target/test-dir/MiniOzoneClusterImpl-5b46f7b7-15cd-42ca-88c0-c813cff626ca/datanode-2/data/ratis/5be26405-3e3b-42ec-997e-76a1f27a6bb5 has been successfully formatted.
2022-08-10 09:21:33,166 [pool-168-thread-1] INFO  ratis.ContainerStateMachine (ContainerStateMachine.java:loadSnapshot(236)) - group-76A1F27A6BB5: The snapshot info is null. Setting the last applied indexto:(t:0, i:~)
2022-08-10 09:21:33,167 [pool-168-thread-1] INFO  server.RaftServerConfigKeys (ConfUtils.java:logGet(46)) - raft.server.notification.no-leader.timeout = 300s (custom)
2022-08-10 09:21:33,167 [pool-168-thread-1] INFO  server.RaftServerConfigKeys (ConfUtils.java:logGet(46)) - raft.server.log.use.memory = false (default)
2022-08-10 09:21:33,167 [pool-168-thread-1] INFO  server.RaftServerConfigKeys (ConfUtils.java:logGet(46)) - raft.server.log.purge.gap = 1000000 (custom)
2022-08-10 09:21:33,167 [pool-168-thread-1] INFO  server.RaftServerConfigKeys (ConfUtils.java:logGet(46)) - raft.server.log.appender.buffer.byte-limit = 33554432 (custom)
2022-08-10 09:21:33,167 [pool-168-thread-1] INFO  server.RaftServerConfigKeys (ConfUtils.java:logGet(46)) - raft.server.log.statemachine.data.read.timeout = 1000ms (default)
2022-08-10 09:21:33,167 [pool-168-thread-1] INFO  server.RaftServerConfigKeys (ConfUtils.java:logGet(46)) - raft.server.log.segment.size.max = 1048576 (custom)
2022-08-10 09:21:33,171 [EventQueue-PipelineReportForPipelineReportHandler] INFO  pipeline.PipelineManagerImpl (PipelineManagerImpl.java:openPipeline(367)) - Pipeline Pipeline[ Id: 5be26405-3e3b-42ec-997e-76a1f27a6bb5, Nodes: 895c4c6d-5b5c-4808-a9cf-fdca3e3afc0d{ip: 10.1.0.9, host: fv-az244-795.wfqk4h0zklwe5pzfvc0psazzwc.bx.internal.cloudapp.net, ports: [REPLICATION=43925, RATIS=40015, RATIS_ADMIN=40015, RATIS_SERVER=40015, STANDALONE=41805], networkLocation: /default-rack, certSerialId: null, persistedOpState: IN_SERVICE, persistedOpStateExpiryEpochSec: 0}, ReplicationConfig: RATIS/ONE, State:ALLOCATED, leaderId:895c4c6d-5b5c-4808-a9cf-fdca3e3afc0d, CreationTimestamp2022-08-10T09:21:30.161Z[Etc/UTC]] moved to OPEN state
2022-08-10 09:21:33,171 [EventQueue-OpenPipelineForHealthyPipelineSafeModeRule] INFO  safemode.SCMSafeModeManager (HealthyPipelineSafeModeRule.java:process(137)) - SCM in safe mode. Healthy pipelines reported count is 0, required healthy pipeline reported count is 1
2022-08-10 09:21:33,176 [pool-168-thread-1] INFO  server.RaftServerConfigKeys (ConfUtils.java:logGet(46)) - raft.server.log.segment.cache.num.max = 2 (custom)
2022-08-10 09:21:33,177 [pool-168-thread-1] INFO  server.RaftServerConfigKeys (ConfUtils.java:logGet(46)) - raft.server.log.segment.cache.size.max = 200MB (=209715200) (default)
2022-08-10 09:21:33,177 [pool-168-thread-1] INFO  segmented.SegmentedRaftLogWorker (SegmentedRaftLogWorker.java:<init>(187)) - new 895c4c6d-5b5c-4808-a9cf-fdca3e3afc0d@group-76A1F27A6BB5-SegmentedRaftLogWorker for RaftStorageImpl:Storage Directory /home/runner/work/ozone/ozone/hadoop-ozone/integration-test/target/test-dir/MiniOzoneClusterImpl-5b46f7b7-15cd-42ca-88c0-c813cff626ca/datanode-2/data/ratis/5be26405-3e3b-42ec-997e-76a1f27a6bb5
2022-08-10 09:21:33,177 [pool-168-thread-1] INFO  server.RaftServerConfigKeys (ConfUtils.java:logGet(46)) - raft.server.log.queue.byte-limit = 4294967296 (custom)
2022-08-10 09:21:33,177 [pool-168-thread-1] INFO  server.RaftServerConfigKeys (ConfUtils.java:logGet(46)) - raft.server.log.queue.element-limit = 1024 (custom)
2022-08-10 09:21:33,178 [pool-168-thread-1] INFO  server.RaftServerConfigKeys (ConfUtils.java:logGet(46)) - raft.server.log.segment.size.max = 1048576 (custom)
2022-08-10 09:21:33,178 [pool-168-thread-1] INFO  server.RaftServerConfigKeys (ConfUtils.java:logGet(46)) - raft.server.log.preallocated.size = 16384 (custom)
2022-08-10 09:21:33,178 [pool-168-thread-1] INFO  server.RaftServerConfigKeys (ConfUtils.java:logGet(46)) - raft.server.log.force.sync.num = 128 (default)
2022-08-10 09:21:33,178 [pool-168-thread-1] INFO  server.RaftServerConfigKeys (ConfUtils.java:logGet(46)) - raft.server.log.statemachine.data.sync = true (default)
2022-08-10 09:21:33,178 [pool-168-thread-1] INFO  server.RaftServerConfigKeys (ConfUtils.java:logGet(46)) - raft.server.log.statemachine.data.sync.timeout = 10s (default)
2022-08-10 09:21:33,178 [pool-168-thread-1] INFO  server.RaftServerConfigKeys (ConfUtils.java:logGet(46)) - raft.server.log.statemachine.data.sync.timeout.retry = -1 (default)
2022-08-10 09:21:33,179 [pool-168-thread-1] INFO  server.RaftServerConfigKeys (ConfUtils.java:logGet(46)) - raft.server.log.write.buffer.size = 1048576 (custom)
2022-08-10 09:21:33,180 [pool-168-thread-1] INFO  server.RaftServerConfigKeys (ConfUtils.java:logGet(46)) - raft.server.log.unsafe-flush.enabled = false (default)
2022-08-10 09:21:33,180 [pool-168-thread-1] INFO  server.RaftServerConfigKeys (ConfUtils.java:logGet(46)) - raft.server.log.statemachine.data.caching.enabled = true (custom)
2022-08-10 09:21:33,181 [pool-168-thread-1] INFO  segmented.SegmentedRaftLogWorker (SegmentedRaftLogWorker.java:lambda$new$0(135)) - 895c4c6d-5b5c-4808-a9cf-fdca3e3afc0d@group-76A1F27A6BB5-SegmentedRaftLogWorker: flushIndex: setUnconditionally 0 -> -1
2022-08-10 09:21:33,181 [pool-168-thread-1] INFO  segmented.SegmentedRaftLogWorker (SegmentedRaftLogWorker.java:lambda$new$0(135)) - 895c4c6d-5b5c-4808-a9cf-fdca3e3afc0d@group-76A1F27A6BB5-SegmentedRaftLogWorker: safeCacheEvictIndex: setUnconditionally 0 -> -1
2022-08-10 09:21:33,181 [pool-168-thread-1] INFO  server.RaftServerConfigKeys (ConfUtils.java:logGet(46)) - raft.server.snapshot.auto.trigger.enabled = true (custom)
2022-08-10 09:21:33,181 [pool-168-thread-1] INFO  server.RaftServerConfigKeys (ConfUtils.java:logGet(46)) - raft.server.snapshot.auto.trigger.threshold = 10000 (custom)
2022-08-10 09:21:33,181 [pool-168-thread-1] INFO  server.RaftServerConfigKeys (ConfUtils.java:logGet(46)) - raft.server.snapshot.retention.file.num = 5 (custom)
2022-08-10 09:21:33,181 [pool-168-thread-1] INFO  server.RaftServerConfigKeys (ConfUtils.java:logGet(46)) - raft.server.log.purge.upto.snapshot.index = false (default)
2022-08-10 09:21:33,182 [pool-168-thread-1] INFO  server.RaftServerConfigKeys (ConfUtils.java:logGet(46)) - raft.server.retrycache.expirytime = 600000ms (custom)
2022-08-10 09:21:33,182 [pool-168-thread-1] INFO  server.RaftServerConfigKeys (ConfUtils.java:logGet(46)) - raft.server.retrycache.statistics.expirytime = 100μs (default)
2022-08-10 09:21:33,183 [pool-168-thread-1] INFO  server.RaftServerConfigKeys (ConfUtils.java:logGet(46)) - raft.server.log.appender.install.snapshot.enabled = false (custom)
2022-08-10 09:21:33,183 [pool-168-thread-1] INFO  server.RaftServerConfigKeys (ConfUtils.java:logGet(46)) - raft.server.threadpool.server.cached = true (default)
2022-08-10 09:21:33,183 [pool-168-thread-1] INFO  server.RaftServerConfigKeys (ConfUtils.java:logGet(46)) - raft.server.threadpool.server.size = 0 (default)
2022-08-10 09:21:33,183 [pool-168-thread-1] INFO  server.RaftServerConfigKeys (ConfUtils.java:logGet(46)) - raft.server.threadpool.client.cached = true (default)
2022-08-10 09:21:33,183 [pool-168-thread-1] INFO  server.RaftServerConfigKeys (ConfUtils.java:logGet(46)) - raft.server.threadpool.client.size = 0 (default)
2022-08-10 09:21:33,183 [pool-168-thread-1] INFO  server.RaftServer$Division (RaftServerImpl.java:start(310)) - 895c4c6d-5b5c-4808-a9cf-fdca3e3afc0d@group-76A1F27A6BB5: start as a follower, conf=-1: [895c4c6d-5b5c-4808-a9cf-fdca3e3afc0d|rpc:10.1.0.9:40015|priority:1], old=null
2022-08-10 09:21:33,183 [pool-168-thread-1] INFO  server.RaftServer$Division (RaftServerImpl.java:setRole(299)) - 895c4c6d-5b5c-4808-a9cf-fdca3e3afc0d@group-76A1F27A6BB5: changes role from      null to FOLLOWER at term 0 for startAsFollower
2022-08-10 09:21:33,183 [pool-168-thread-1] INFO  impl.RoleInfo (RoleInfo.java:updateAndGet(139)) - 895c4c6d-5b5c-4808-a9cf-fdca3e3afc0d: start 895c4c6d-5b5c-4808-a9cf-fdca3e3afc0d@group-76A1F27A6BB5-FollowerState
2022-08-10 09:21:33,184 [pool-168-thread-1] INFO  util.JmxRegister (JmxRegister.java:tryRegister(44)) - Successfully registered JMX Bean with object name Ratis:service=RaftServer,group=group-76A1F27A6BB5,id=895c4c6d-5b5c-4808-a9cf-fdca3e3afc0d
2022-08-10 09:21:33,185 [Command processor thread] INFO  ratis.XceiverServerRatis (XceiverServerRatis.java:addGroup(765)) - Created group PipelineID=5be26405-3e3b-42ec-997e-76a1f27a6bb5
2022-08-10 09:21:33,185 [Command processor thread] INFO  commandhandler.CreatePipelineCommandHandler (CreatePipelineCommandHandler.java:handle(113)) - Created Pipeline RATIS ONE PipelineID=5be26405-3e3b-42ec-997e-76a1f27a6bb5.
2022-08-10 09:21:34,147 [Listener at 127.0.0.1/36235] INFO  ozone.MiniOzoneClusterImpl (MiniOzoneClusterImpl.java:lambda$waitForClusterToBeReady$0(216)) - Nodes are ready. Got 3 of 3 DN Heartbeats.
2022-08-10 09:21:34,148 [Listener at 127.0.0.1/36235] INFO  ozone.MiniOzoneClusterImpl (MiniOzoneClusterImpl.java:lambda$waitForClusterToBeReady$0(219)) - Waiting for cluster to exit safe mode
2022-08-10 09:21:34,148 [Listener at 127.0.0.1/36235] INFO  ozone.MiniOzoneClusterImpl (MiniOzoneClusterImpl.java:lambda$waitForClusterToBeReady$0(221)) - SCM became leader
2022-08-10 09:21:35,148 [Listener at 127.0.0.1/36235] INFO  ozone.MiniOzoneClusterImpl (MiniOzoneClusterImpl.java:lambda$waitForClusterToBeReady$0(216)) - Nodes are ready. Got 3 of 3 DN Heartbeats.
2022-08-10 09:21:35,149 [Listener at 127.0.0.1/36235] INFO  ozone.MiniOzoneClusterImpl (MiniOzoneClusterImpl.java:lambda$waitForClusterToBeReady$0(219)) - Waiting for cluster to exit safe mode
2022-08-10 09:21:35,149 [Listener at 127.0.0.1/36235] INFO  ozone.MiniOzoneClusterImpl (MiniOzoneClusterImpl.java:lambda$waitForClusterToBeReady$0(221)) - SCM became leader
2022-08-10 09:21:36,149 [Listener at 127.0.0.1/36235] INFO  ozone.MiniOzoneClusterImpl (MiniOzoneClusterImpl.java:lambda$waitForClusterToBeReady$0(216)) - Nodes are ready. Got 3 of 3 DN Heartbeats.
2022-08-10 09:21:36,149 [Listener at 127.0.0.1/36235] INFO  ozone.MiniOzoneClusterImpl (MiniOzoneClusterImpl.java:lambda$waitForClusterToBeReady$0(219)) - Waiting for cluster to exit safe mode
2022-08-10 09:21:36,150 [Listener at 127.0.0.1/36235] INFO  ozone.MiniOzoneClusterImpl (MiniOzoneClusterImpl.java:lambda$waitForClusterToBeReady$0(221)) - SCM became leader
2022-08-10 09:21:37,151 [Listener at 127.0.0.1/36235] INFO  ozone.MiniOzoneClusterImpl (MiniOzoneClusterImpl.java:lambda$waitForClusterToBeReady$0(216)) - Nodes are ready. Got 3 of 3 DN Heartbeats.
2022-08-10 09:21:37,151 [Listener at 127.0.0.1/36235] INFO  ozone.MiniOzoneClusterImpl (MiniOzoneClusterImpl.java:lambda$waitForClusterToBeReady$0(219)) - Waiting for cluster to exit safe mode
2022-08-10 09:21:37,151 [Listener at 127.0.0.1/36235] INFO  ozone.MiniOzoneClusterImpl (MiniOzoneClusterImpl.java:lambda$waitForClusterToBeReady$0(221)) - SCM became leader
2022-08-10 09:21:37,461 [1aca9449-889e-455e-97c1-34bb763eddaa@group-20D72298988B-FollowerState] INFO  impl.FollowerState (FollowerState.java:run(143)) - 1aca9449-889e-455e-97c1-34bb763eddaa@group-20D72298988B-FollowerState: change to CANDIDATE, lastRpcElapsedTime:5050488591ns, electionTimeout:5047ms
2022-08-10 09:21:37,462 [1aca9449-889e-455e-97c1-34bb763eddaa@group-20D72298988B-FollowerState] INFO  impl.RoleInfo (RoleInfo.java:shutdownFollowerState(110)) - 1aca9449-889e-455e-97c1-34bb763eddaa: shutdown 1aca9449-889e-455e-97c1-34bb763eddaa@group-20D72298988B-FollowerState
2022-08-10 09:21:37,462 [1aca9449-889e-455e-97c1-34bb763eddaa@group-20D72298988B-FollowerState] INFO  server.RaftServer$Division (RaftServerImpl.java:setRole(299)) - 1aca9449-889e-455e-97c1-34bb763eddaa@group-20D72298988B: changes role from  FOLLOWER to CANDIDATE at term 0 for changeToCandidate
2022-08-10 09:21:37,462 [1aca9449-889e-455e-97c1-34bb763eddaa@group-20D72298988B-FollowerState] INFO  server.RaftServerConfigKeys (ConfUtils.java:logGet(46)) - raft.server.leaderelection.pre-vote = false (custom)
2022-08-10 09:21:37,462 [1aca9449-889e-455e-97c1-34bb763eddaa@group-20D72298988B-FollowerState] INFO  impl.RoleInfo (RoleInfo.java:updateAndGet(139)) - 1aca9449-889e-455e-97c1-34bb763eddaa: start 1aca9449-889e-455e-97c1-34bb763eddaa@group-20D72298988B-LeaderElection3
2022-08-10 09:21:37,468 [1aca9449-889e-455e-97c1-34bb763eddaa@group-20D72298988B-LeaderElection3] INFO  impl.LeaderElection (LeaderElection.java:askForVotes(310)) - 1aca9449-889e-455e-97c1-34bb763eddaa@group-20D72298988B-LeaderElection3 ELECTION round 0: submit vote requests at term 1 for -1: [307a4eae-8455-4484-b26c-d8f5f09d506a|rpc:10.1.0.9:36815|priority:0, 1aca9449-889e-455e-97c1-34bb763eddaa|rpc:10.1.0.9:44661|priority:0, 895c4c6d-5b5c-4808-a9cf-fdca3e3afc0d|rpc:10.1.0.9:40015|priority:1], old=null
2022-08-10 09:21:37,496 [grpc-default-executor-0] INFO  server.RaftServer$Division (RaftServerImpl.java:requestVote(1152)) - 895c4c6d-5b5c-4808-a9cf-fdca3e3afc0d@group-20D72298988B: receive requestVote(ELECTION, 1aca9449-889e-455e-97c1-34bb763eddaa, group-20D72298988B, 1, (t:0, i:0))
2022-08-10 09:21:37,496 [grpc-default-executor-0] INFO  impl.VoteContext (VoteContext.java:log(48)) - 895c4c6d-5b5c-4808-a9cf-fdca3e3afc0d@group-20D72298988B-FOLLOWER: reject ELECTION from 1aca9449-889e-455e-97c1-34bb763eddaa: our priority 1 > candidate's priority 0
2022-08-10 09:21:37,496 [grpc-default-executor-0] INFO  server.RaftServer$Division (RaftServerImpl.java:setRole(299)) - 895c4c6d-5b5c-4808-a9cf-fdca3e3afc0d@group-20D72298988B: changes role from  FOLLOWER to FOLLOWER at term 1 for candidate:1aca9449-889e-455e-97c1-34bb763eddaa
2022-08-10 09:21:37,496 [grpc-default-executor-0] INFO  impl.RoleInfo (RoleInfo.java:shutdownFollowerState(110)) - 895c4c6d-5b5c-4808-a9cf-fdca3e3afc0d: shutdown 895c4c6d-5b5c-4808-a9cf-fdca3e3afc0d@group-20D72298988B-FollowerState
2022-08-10 09:21:37,496 [grpc-default-executor-0] INFO  impl.RoleInfo (RoleInfo.java:updateAndGet(139)) - 895c4c6d-5b5c-4808-a9cf-fdca3e3afc0d: start 895c4c6d-5b5c-4808-a9cf-fdca3e3afc0d@group-20D72298988B-FollowerState
2022-08-10 09:21:37,496 [895c4c6d-5b5c-4808-a9cf-fdca3e3afc0d@group-20D72298988B-FollowerState] INFO  impl.FollowerState (FollowerState.java:run(152)) - 895c4c6d-5b5c-4808-a9cf-fdca3e3afc0d@group-20D72298988B-FollowerState was interrupted
2022-08-10 09:21:37,501 [grpc-default-executor-1] INFO  server.RaftServer$Division (RaftServerImpl.java:requestVote(1152)) - 307a4eae-8455-4484-b26c-d8f5f09d506a@group-20D72298988B: receive requestVote(ELECTION, 1aca9449-889e-455e-97c1-34bb763eddaa, group-20D72298988B, 1, (t:0, i:0))
2022-08-10 09:21:37,501 [grpc-default-executor-1] INFO  impl.VoteContext (VoteContext.java:log(48)) - 307a4eae-8455-4484-b26c-d8f5f09d506a@group-20D72298988B-FOLLOWER: accept ELECTION from 1aca9449-889e-455e-97c1-34bb763eddaa: our priority 0 <= candidate's priority 0
2022-08-10 09:21:37,501 [grpc-default-executor-1] INFO  server.RaftServer$Division (RaftServerImpl.java:setRole(299)) - 307a4eae-8455-4484-b26c-d8f5f09d506a@group-20D72298988B: changes role from  FOLLOWER to FOLLOWER at term 1 for candidate:1aca9449-889e-455e-97c1-34bb763eddaa
2022-08-10 09:21:37,501 [grpc-default-executor-1] INFO  impl.RoleInfo (RoleInfo.java:shutdownFollowerState(110)) - 307a4eae-8455-4484-b26c-d8f5f09d506a: shutdown 307a4eae-8455-4484-b26c-d8f5f09d506a@group-20D72298988B-FollowerState
2022-08-10 09:21:37,501 [grpc-default-executor-1] INFO  impl.RoleInfo (RoleInfo.java:updateAndGet(139)) - 307a4eae-8455-4484-b26c-d8f5f09d506a: start 307a4eae-8455-4484-b26c-d8f5f09d506a@group-20D72298988B-FollowerState
2022-08-10 09:21:37,501 [307a4eae-8455-4484-b26c-d8f5f09d506a@group-20D72298988B-FollowerState] INFO  impl.FollowerState (FollowerState.java:run(152)) - 307a4eae-8455-4484-b26c-d8f5f09d506a@group-20D72298988B-FollowerState was interrupted
2022-08-10 09:21:37,505 [grpc-default-executor-0] INFO  server.RaftServer$Division (RaftServerImpl.java:requestVote(1184)) - 895c4c6d-5b5c-4808-a9cf-fdca3e3afc0d@group-20D72298988B replies to ELECTION vote request: 1aca9449-889e-455e-97c1-34bb763eddaa<-895c4c6d-5b5c-4808-a9cf-fdca3e3afc0d#0:FAIL-t1. Peer's state: 895c4c6d-5b5c-4808-a9cf-fdca3e3afc0d@group-20D72298988B:t1, leader=null, voted=null, raftlog=895c4c6d-5b5c-4808-a9cf-fdca3e3afc0d@group-20D72298988B-SegmentedRaftLog:OPENED:c-1, conf=-1: [307a4eae-8455-4484-b26c-d8f5f09d506a|rpc:10.1.0.9:36815|dataStream:|priority:0, 1aca9449-889e-455e-97c1-34bb763eddaa|rpc:10.1.0.9:44661|dataStream:|priority:0, 895c4c6d-5b5c-4808-a9cf-fdca3e3afc0d|rpc:10.1.0.9:40015|dataStream:|priority:1], old=null
2022-08-10 09:21:37,506 [grpc-default-executor-1] INFO  server.RaftServer$Division (RaftServerImpl.java:requestVote(1184)) - 307a4eae-8455-4484-b26c-d8f5f09d506a@group-20D72298988B replies to ELECTION vote request: 1aca9449-889e-455e-97c1-34bb763eddaa<-307a4eae-8455-4484-b26c-d8f5f09d506a#0:OK-t1. Peer's state: 307a4eae-8455-4484-b26c-d8f5f09d506a@group-20D72298988B:t1, leader=null, voted=1aca9449-889e-455e-97c1-34bb763eddaa, raftlog=307a4eae-8455-4484-b26c-d8f5f09d506a@group-20D72298988B-SegmentedRaftLog:OPENED:c-1, conf=-1: [307a4eae-8455-4484-b26c-d8f5f09d506a|rpc:10.1.0.9:36815|dataStream:|priority:0, 1aca9449-889e-455e-97c1-34bb763eddaa|rpc:10.1.0.9:44661|dataStream:|priority:0, 895c4c6d-5b5c-4808-a9cf-fdca3e3afc0d|rpc:10.1.0.9:40015|dataStream:|priority:1], old=null
2022-08-10 09:21:37,509 [1aca9449-889e-455e-97c1-34bb763eddaa@group-20D72298988B-LeaderElection3] INFO  impl.LeaderElection (LeaderElection.java:logAndReturn(90)) - 1aca9449-889e-455e-97c1-34bb763eddaa@group-20D72298988B-LeaderElection3: ELECTION REJECTED received 1 response(s) and 0 exception(s):
2022-08-10 09:21:37,509 [1aca9449-889e-455e-97c1-34bb763eddaa@group-20D72298988B-LeaderElection3] INFO  impl.LeaderElection (LeaderElection.java:logAndReturn(94)) -   Response 0: 1aca9449-889e-455e-97c1-34bb763eddaa<-895c4c6d-5b5c-4808-a9cf-fdca3e3afc0d#0:FAIL-t1
2022-08-10 09:21:37,509 [1aca9449-889e-455e-97c1-34bb763eddaa@group-20D72298988B-LeaderElection3] INFO  impl.LeaderElection (LeaderElection.java:askForVotes(312)) - 1aca9449-889e-455e-97c1-34bb763eddaa@group-20D72298988B-LeaderElection3 ELECTION round 0: result REJECTED
2022-08-10 09:21:37,510 [1aca9449-889e-455e-97c1-34bb763eddaa@group-20D72298988B-LeaderElection3] INFO  server.RaftServer$Division (RaftServerImpl.java:setRole(299)) - 1aca9449-889e-455e-97c1-34bb763eddaa@group-20D72298988B: changes role from CANDIDATE to FOLLOWER at term 1 for REJECTED
2022-08-10 09:21:37,510 [1aca9449-889e-455e-97c1-34bb763eddaa@group-20D72298988B-LeaderElection3] INFO  impl.RoleInfo (RoleInfo.java:shutdownLeaderElection(130)) - 1aca9449-889e-455e-97c1-34bb763eddaa: shutdown 1aca9449-889e-455e-97c1-34bb763eddaa@group-20D72298988B-LeaderElection3
2022-08-10 09:21:37,510 [1aca9449-889e-455e-97c1-34bb763eddaa@group-20D72298988B-LeaderElection3] INFO  impl.RoleInfo (RoleInfo.java:updateAndGet(139)) - 1aca9449-889e-455e-97c1-34bb763eddaa: start 1aca9449-889e-455e-97c1-34bb763eddaa@group-20D72298988B-FollowerState
2022-08-10 09:21:37,579 [1aca9449-889e-455e-97c1-34bb763eddaa@group-91E46F08EA20-FollowerState] INFO  impl.FollowerState (FollowerState.java:run(143)) - 1aca9449-889e-455e-97c1-34bb763eddaa@group-91E46F08EA20-FollowerState: change to CANDIDATE, lastRpcElapsedTime:5214474816ns, electionTimeout:5198ms
2022-08-10 09:21:37,581 [1aca9449-889e-455e-97c1-34bb763eddaa@group-91E46F08EA20-FollowerState] INFO  impl.RoleInfo (RoleInfo.java:shutdownFollowerState(110)) - 1aca9449-889e-455e-97c1-34bb763eddaa: shutdown 1aca9449-889e-455e-97c1-34bb763eddaa@group-91E46F08EA20-FollowerState
2022-08-10 09:21:37,581 [1aca9449-889e-455e-97c1-34bb763eddaa@group-91E46F08EA20-FollowerState] INFO  server.RaftServer$Division (RaftServerImpl.java:setRole(299)) - 1aca9449-889e-455e-97c1-34bb763eddaa@group-91E46F08EA20: changes role from  FOLLOWER to CANDIDATE at term 0 for changeToCandidate
2022-08-10 09:21:37,581 [1aca9449-889e-455e-97c1-34bb763eddaa@group-91E46F08EA20-FollowerState] INFO  server.RaftServerConfigKeys (ConfUtils.java:logGet(46)) - raft.server.leaderelection.pre-vote = false (custom)
2022-08-10 09:21:37,581 [1aca9449-889e-455e-97c1-34bb763eddaa@group-91E46F08EA20-FollowerState] INFO  impl.RoleInfo (RoleInfo.java:updateAndGet(139)) - 1aca9449-889e-455e-97c1-34bb763eddaa: start 1aca9449-889e-455e-97c1-34bb763eddaa@group-91E46F08EA20-LeaderElection4
2022-08-10 09:21:37,585 [1aca9449-889e-455e-97c1-34bb763eddaa@group-91E46F08EA20-LeaderElection4] INFO  impl.LeaderElection (LeaderElection.java:askForVotes(310)) - 1aca9449-889e-455e-97c1-34bb763eddaa@group-91E46F08EA20-LeaderElection4 ELECTION round 0: submit vote requests at term 1 for -1: [1aca9449-889e-455e-97c1-34bb763eddaa|rpc:10.1.0.9:44661|priority:1], old=null
2022-08-10 09:21:37,585 [1aca9449-889e-455e-97c1-34bb763eddaa@group-91E46F08EA20-LeaderElection4] INFO  impl.LeaderElection (LeaderElection.java:askForVotes(312)) - 1aca9449-889e-455e-97c1-34bb763eddaa@group-91E46F08EA20-LeaderElection4 ELECTION round 0: result PASSED (term=1)
2022-08-10 09:21:37,585 [1aca9449-889e-455e-97c1-34bb763eddaa@group-91E46F08EA20-LeaderElection4] INFO  impl.RoleInfo (RoleInfo.java:shutdownLeaderElection(130)) - 1aca9449-889e-455e-97c1-34bb763eddaa: shutdown 1aca9449-889e-455e-97c1-34bb763eddaa@group-91E46F08EA20-LeaderElection4
2022-08-10 09:21:37,585 [1aca9449-889e-455e-97c1-34bb763eddaa@group-91E46F08EA20-LeaderElection4] INFO  server.RaftServer$Division (RaftServerImpl.java:setRole(299)) - 1aca9449-889e-455e-97c1-34bb763eddaa@group-91E46F08EA20: changes role from CANDIDATE to LEADER at term 1 for changeToLeader
2022-08-10 09:21:37,585 [1aca9449-889e-455e-97c1-34bb763eddaa@group-91E46F08EA20-LeaderElection4] INFO  ratis.XceiverServerRatis (XceiverServerRatis.java:handleLeaderChangedNotification(863)) - Leader change notification received for group: group-91E46F08EA20 with new leaderId: 1aca9449-889e-455e-97c1-34bb763eddaa
2022-08-10 09:21:37,585 [1aca9449-889e-455e-97c1-34bb763eddaa@group-91E46F08EA20-LeaderElection4] INFO  server.RaftServer$Division (ServerState.java:setLeader(287)) - 1aca9449-889e-455e-97c1-34bb763eddaa@group-91E46F08EA20: change Leader from null to 1aca9449-889e-455e-97c1-34bb763eddaa at term 1 for becomeLeader, leader elected after 5242ms
2022-08-10 09:21:37,587 [1aca9449-889e-455e-97c1-34bb763eddaa@group-91E46F08EA20-LeaderElection4] INFO  server.RaftServerConfigKeys (ConfUtils.java:logGet(46)) - raft.server.staging.catchup.gap = 1000 (default)
2022-08-10 09:21:37,587 [1aca9449-889e-455e-97c1-34bb763eddaa@group-91E46F08EA20-LeaderElection4] INFO  server.RaftServerConfigKeys (ConfUtils.java:logGet(46)) - raft.server.write.element-limit = 1024 (custom)
2022-08-10 09:21:37,587 [1aca9449-889e-455e-97c1-34bb763eddaa@group-91E46F08EA20-LeaderElection4] INFO  server.RaftServerConfigKeys (ConfUtils.java:logGet(46)) - raft.server.write.byte-limit = 1024 M (=1073741824) (custom)
2022-08-10 09:21:37,588 [1aca9449-889e-455e-97c1-34bb763eddaa@group-91E46F08EA20-LeaderElection4] INFO  server.RaftServerConfigKeys (ConfUtils.java:logGet(46)) - raft.server.watch.timeout = 180s (custom)
2022-08-10 09:21:37,588 [1aca9449-889e-455e-97c1-34bb763eddaa@group-91E46F08EA20-LeaderElection4] INFO  server.RaftServerConfigKeys (ConfUtils.java:logGet(46)) - raft.server.watch.timeout.denomination = 1s (default)
2022-08-10 09:21:37,588 [1aca9449-889e-455e-97c1-34bb763eddaa@group-91E46F08EA20-LeaderElection4] INFO  server.RaftServerConfigKeys (ConfUtils.java:logGet(46)) - raft.server.watch.element-limit = 65536 (default)
2022-08-10 09:21:37,588 [1aca9449-889e-455e-97c1-34bb763eddaa@group-91E46F08EA20-LeaderElection4] INFO  server.RaftServerConfigKeys (ConfUtils.java:logGet(46)) - raft.server.write.element-limit = 1024 (custom)
2022-08-10 09:21:37,588 [1aca9449-889e-455e-97c1-34bb763eddaa@group-91E46F08EA20-LeaderElection4] INFO  server.RaftServerConfigKeys (ConfUtils.java:logGet(46)) - raft.server.write.follower.gap.ratio.max = -1.0 (default)
2022-08-10 09:21:37,588 [1aca9449-889e-455e-97c1-34bb763eddaa@group-91E46F08EA20-LeaderElection4] INFO  impl.RoleInfo (RoleInfo.java:updateAndGet(139)) - 1aca9449-889e-455e-97c1-34bb763eddaa: start 1aca9449-889e-455e-97c1-34bb763eddaa@group-91E46F08EA20-LeaderStateImpl
2022-08-10 09:21:37,589 [1aca9449-889e-455e-97c1-34bb763eddaa@group-91E46F08EA20-LeaderElection4] INFO  segmented.SegmentedRaftLogWorker (SegmentedRaftLogWorker.java:startLogSegment(425)) - 1aca9449-889e-455e-97c1-34bb763eddaa@group-91E46F08EA20-SegmentedRaftLogWorker: Starting segment from index:0
2022-08-10 09:21:37,591 [EventQueue-OpenPipelineForHealthyPipelineSafeModeRule] INFO  safemode.SCMSafeModeManager (HealthyPipelineSafeModeRule.java:process(137)) - SCM in safe mode. Healthy pipelines reported count is 0, required healthy pipeline reported count is 1
2022-08-10 09:21:37,593 [1aca9449-889e-455e-97c1-34bb763eddaa@group-91E46F08EA20-LeaderElection4] INFO  server.RaftServer$Division (ServerState.java:setRaftConf(393)) - 1aca9449-889e-455e-97c1-34bb763eddaa@group-91E46F08EA20: set configuration 0: [1aca9449-889e-455e-97c1-34bb763eddaa|rpc:10.1.0.9:44661|dataStream:|priority:1], old=null
2022-08-10 09:21:37,593 [1aca9449-889e-455e-97c1-34bb763eddaa@group-91E46F08EA20-SegmentedRaftLogWorker] INFO  segmented.SegmentedRaftLogWorker (SegmentedRaftLogWorker.java:execute(629)) - 1aca9449-889e-455e-97c1-34bb763eddaa@group-91E46F08EA20-SegmentedRaftLogWorker: created new log segment /home/runner/work/ozone/ozone/hadoop-ozone/integration-test/target/test-dir/MiniOzoneClusterImpl-5b46f7b7-15cd-42ca-88c0-c813cff626ca/datanode-0/data/ratis/90e77231-7058-4a15-89c9-91e46f08ea20/current/log_inprogress_0
2022-08-10 09:21:37,806 [895c4c6d-5b5c-4808-a9cf-fdca3e3afc0d@group-711033C97113-FollowerState] INFO  impl.FollowerState (FollowerState.java:run(143)) - 895c4c6d-5b5c-4808-a9cf-fdca3e3afc0d@group-711033C97113-FollowerState: change to CANDIDATE, lastRpcElapsedTime:5066878436ns, electionTimeout:5064ms
2022-08-10 09:21:37,806 [895c4c6d-5b5c-4808-a9cf-fdca3e3afc0d@group-711033C97113-FollowerState] INFO  impl.RoleInfo (RoleInfo.java:shutdownFollowerState(110)) - 895c4c6d-5b5c-4808-a9cf-fdca3e3afc0d: shutdown 895c4c6d-5b5c-4808-a9cf-fdca3e3afc0d@group-711033C97113-FollowerState
2022-08-10 09:21:37,806 [895c4c6d-5b5c-4808-a9cf-fdca3e3afc0d@group-711033C97113-FollowerState] INFO  server.RaftServer$Division (RaftServerImpl.java:setRole(299)) - 895c4c6d-5b5c-4808-a9cf-fdca3e3afc0d@group-711033C97113: changes role from  FOLLOWER to CANDIDATE at term 0 for changeToCandidate
2022-08-10 09:21:37,806 [895c4c6d-5b5c-4808-a9cf-fdca3e3afc0d@group-711033C97113-FollowerState] INFO  server.RaftServerConfigKeys (ConfUtils.java:logGet(46)) - raft.server.leaderelection.pre-vote = false (custom)
2022-08-10 09:21:37,806 [895c4c6d-5b5c-4808-a9cf-fdca3e3afc0d@group-711033C97113-FollowerState] INFO  impl.RoleInfo (RoleInfo.java:updateAndGet(139)) - 895c4c6d-5b5c-4808-a9cf-fdca3e3afc0d: start 895c4c6d-5b5c-4808-a9cf-fdca3e3afc0d@group-711033C97113-LeaderElection5
2022-08-10 09:21:37,816 [895c4c6d-5b5c-4808-a9cf-fdca3e3afc0d@group-711033C97113-LeaderElection5] INFO  impl.LeaderElection (LeaderElection.java:askForVotes(310)) - 895c4c6d-5b5c-4808-a9cf-fdca3e3afc0d@group-711033C97113-LeaderElection5 ELECTION round 0: submit vote requests at term 1 for -1: [307a4eae-8455-4484-b26c-d8f5f09d506a|rpc:10.1.0.9:36815|dataStream:|priority:1, 1aca9449-889e-455e-97c1-34bb763eddaa|rpc:10.1.0.9:44661|dataStream:|priority:0, 895c4c6d-5b5c-4808-a9cf-fdca3e3afc0d|rpc:10.1.0.9:40015|dataStream:|priority:0], old=null
2022-08-10 09:21:37,845 [307a4eae-8455-4484-b26c-d8f5f09d506a@group-711033C97113-FollowerState] INFO  impl.FollowerState (FollowerState.java:run(143)) - 307a4eae-8455-4484-b26c-d8f5f09d506a@group-711033C97113-FollowerState: change to CANDIDATE, lastRpcElapsedTime:5145567060ns, electionTimeout:5136ms
2022-08-10 09:21:37,847 [grpc-default-executor-1] INFO  server.RaftServer$Division (RaftServerImpl.java:requestVote(1152)) - 307a4eae-8455-4484-b26c-d8f5f09d506a@group-711033C97113: receive requestVote(ELECTION, 895c4c6d-5b5c-4808-a9cf-fdca3e3afc0d, group-711033C97113, 1, (t:0, i:0))
2022-08-10 09:21:37,849 [1aca9449-889e-455e-97c1-34bb763eddaa@group-711033C97113-FollowerState] INFO  impl.FollowerState (FollowerState.java:run(143)) - 1aca9449-889e-455e-97c1-34bb763eddaa@group-711033C97113-FollowerState: change to CANDIDATE, lastRpcElapsedTime:5184693122ns, electionTimeout:5181ms
2022-08-10 09:21:37,855 [1aca9449-889e-455e-97c1-34bb763eddaa@group-711033C97113-FollowerState] INFO  impl.RoleInfo (RoleInfo.java:shutdownFollowerState(110)) - 1aca9449-889e-455e-97c1-34bb763eddaa: shutdown 1aca9449-889e-455e-97c1-34bb763eddaa@group-711033C97113-FollowerState
2022-08-10 09:21:37,855 [1aca9449-889e-455e-97c1-34bb763eddaa@group-711033C97113-FollowerState] INFO  server.RaftServer$Division (RaftServerImpl.java:setRole(299)) - 1aca9449-889e-455e-97c1-34bb763eddaa@group-711033C97113: changes role from  FOLLOWER to CANDIDATE at term 0 for changeToCandidate
2022-08-10 09:21:37,855 [1aca9449-889e-455e-97c1-34bb763eddaa@group-711033C97113-FollowerState] INFO  server.RaftServerConfigKeys (ConfUtils.java:logGet(46)) - raft.server.leaderelection.pre-vote = false (custom)
2022-08-10 09:21:37,855 [1aca9449-889e-455e-97c1-34bb763eddaa@group-711033C97113-FollowerState] INFO  impl.RoleInfo (RoleInfo.java:updateAndGet(139)) - 1aca9449-889e-455e-97c1-34bb763eddaa: start 1aca9449-889e-455e-97c1-34bb763eddaa@group-711033C97113-LeaderElection6
2022-08-10 09:21:37,847 [307a4eae-8455-4484-b26c-d8f5f09d506a@group-711033C97113-FollowerState] INFO  impl.RoleInfo (RoleInfo.java:shutdownFollowerState(110)) - 307a4eae-8455-4484-b26c-d8f5f09d506a: shutdown 307a4eae-8455-4484-b26c-d8f5f09d506a@group-711033C97113-FollowerState
2022-08-10 09:21:37,855 [307a4eae-8455-4484-b26c-d8f5f09d506a@group-711033C97113-FollowerState] INFO  server.RaftServer$Division (RaftServerImpl.java:setRole(299)) - 307a4eae-8455-4484-b26c-d8f5f09d506a@group-711033C97113: changes role from  FOLLOWER to CANDIDATE at term 0 for changeToCandidate
2022-08-10 09:21:37,857 [307a4eae-8455-4484-b26c-d8f5f09d506a@group-711033C97113-FollowerState] INFO  server.RaftServerConfigKeys (ConfUtils.java:logGet(46)) - raft.server.leaderelection.pre-vote = false (custom)
2022-08-10 09:21:37,857 [307a4eae-8455-4484-b26c-d8f5f09d506a@group-711033C97113-FollowerState] INFO  impl.RoleInfo (RoleInfo.java:updateAndGet(139)) - 307a4eae-8455-4484-b26c-d8f5f09d506a: start 307a4eae-8455-4484-b26c-d8f5f09d506a@group-711033C97113-LeaderElection7
2022-08-10 09:21:37,857 [grpc-default-executor-1] INFO  impl.VoteContext (VoteContext.java:log(48)) - 307a4eae-8455-4484-b26c-d8f5f09d506a@group-711033C97113-CANDIDATE: reject ELECTION from 895c4c6d-5b5c-4808-a9cf-fdca3e3afc0d: our priority 1 > candidate's priority 0
2022-08-10 09:21:37,857 [grpc-default-executor-1] INFO  server.RaftServer$Division (RaftServerImpl.java:setRole(299)) - 307a4eae-8455-4484-b26c-d8f5f09d506a@group-711033C97113: changes role from CANDIDATE to FOLLOWER at term 1 for candidate:895c4c6d-5b5c-4808-a9cf-fdca3e3afc0d
2022-08-10 09:21:37,857 [grpc-default-executor-1] INFO  impl.RoleInfo (RoleInfo.java:shutdownLeaderElection(130)) - 307a4eae-8455-4484-b26c-d8f5f09d506a: shutdown 307a4eae-8455-4484-b26c-d8f5f09d506a@group-711033C97113-LeaderElection7
2022-08-10 09:21:37,857 [grpc-default-executor-1] INFO  impl.RoleInfo (RoleInfo.java:updateAndGet(139)) - 307a4eae-8455-4484-b26c-d8f5f09d506a: start 307a4eae-8455-4484-b26c-d8f5f09d506a@group-711033C97113-FollowerState
2022-08-10 09:21:37,865 [307a4eae-8455-4484-b26c-d8f5f09d506a@group-711033C97113-LeaderElection7] INFO  impl.LeaderElection (LeaderElection.java:run(231)) - 307a4eae-8455-4484-b26c-d8f5f09d506a@group-711033C97113-LeaderElection7: skip running since this is already CLOSING
2022-08-10 09:21:37,867 [grpc-default-executor-1] INFO  server.RaftServer$Division (RaftServerImpl.java:requestVote(1184)) - 307a4eae-8455-4484-b26c-d8f5f09d506a@group-711033C97113 replies to ELECTION vote request: 895c4c6d-5b5c-4808-a9cf-fdca3e3afc0d<-307a4eae-8455-4484-b26c-d8f5f09d506a#0:FAIL-t1. Peer's state: 307a4eae-8455-4484-b26c-d8f5f09d506a@group-711033C97113:t1, leader=null, voted=null, raftlog=307a4eae-8455-4484-b26c-d8f5f09d506a@group-711033C97113-SegmentedRaftLog:OPENED:c-1, conf=-1: [307a4eae-8455-4484-b26c-d8f5f09d506a|rpc:10.1.0.9:36815|dataStream:|priority:1, 1aca9449-889e-455e-97c1-34bb763eddaa|rpc:10.1.0.9:44661|dataStream:|priority:0, 895c4c6d-5b5c-4808-a9cf-fdca3e3afc0d|rpc:10.1.0.9:40015|dataStream:|priority:0], old=null
2022-08-10 09:21:37,876 [grpc-default-executor-0] INFO  server.RaftServer$Division (RaftServerImpl.java:requestVote(1152)) - 1aca9449-889e-455e-97c1-34bb763eddaa@group-711033C97113: receive requestVote(ELECTION, 895c4c6d-5b5c-4808-a9cf-fdca3e3afc0d, group-711033C97113, 1, (t:0, i:0))
2022-08-10 09:21:37,877 [895c4c6d-5b5c-4808-a9cf-fdca3e3afc0d@group-711033C97113-LeaderElection5] INFO  impl.LeaderElection (LeaderElection.java:logAndReturn(90)) - 895c4c6d-5b5c-4808-a9cf-fdca3e3afc0d@group-711033C97113-LeaderElection5: ELECTION REJECTED received 1 response(s) and 0 exception(s):
2022-08-10 09:21:37,878 [895c4c6d-5b5c-4808-a9cf-fdca3e3afc0d@group-711033C97113-LeaderElection5] INFO  impl.LeaderElection (LeaderElection.java:logAndReturn(94)) -   Response 0: 895c4c6d-5b5c-4808-a9cf-fdca3e3afc0d<-307a4eae-8455-4484-b26c-d8f5f09d506a#0:FAIL-t1
2022-08-10 09:21:37,878 [895c4c6d-5b5c-4808-a9cf-fdca3e3afc0d@group-711033C97113-LeaderElection5] INFO  impl.LeaderElection (LeaderElection.java:askForVotes(312)) - 895c4c6d-5b5c-4808-a9cf-fdca3e3afc0d@group-711033C97113-LeaderElection5 ELECTION round 0: result REJECTED
2022-08-10 09:21:37,878 [895c4c6d-5b5c-4808-a9cf-fdca3e3afc0d@group-711033C97113-LeaderElection5] INFO  server.RaftServer$Division (RaftServerImpl.java:setRole(299)) - 895c4c6d-5b5c-4808-a9cf-fdca3e3afc0d@group-711033C97113: changes role from CANDIDATE to FOLLOWER at term 1 for REJECTED
2022-08-10 09:21:37,878 [1aca9449-889e-455e-97c1-34bb763eddaa@group-711033C97113-LeaderElection6] INFO  impl.LeaderElection (LeaderElection.java:askForVotes(310)) - 1aca9449-889e-455e-97c1-34bb763eddaa@group-711033C97113-LeaderElection6 ELECTION round 0: submit vote requests at term 1 for -1: [307a4eae-8455-4484-b26c-d8f5f09d506a|rpc:10.1.0.9:36815|priority:1, 1aca9449-889e-455e-97c1-34bb763eddaa|rpc:10.1.0.9:44661|priority:0, 895c4c6d-5b5c-4808-a9cf-fdca3e3afc0d|rpc:10.1.0.9:40015|priority:0], old=null
2022-08-10 09:21:37,878 [grpc-default-executor-0] INFO  impl.VoteContext (VoteContext.java:log(48)) - 1aca9449-889e-455e-97c1-34bb763eddaa@group-711033C97113-CANDIDATE: reject ELECTION from 895c4c6d-5b5c-4808-a9cf-fdca3e3afc0d: already has voted for 1aca9449-889e-455e-97c1-34bb763eddaa at current term 1
2022-08-10 09:21:37,879 [grpc-default-executor-0] INFO  server.RaftServer$Division (RaftServerImpl.java:requestVote(1184)) - 1aca9449-889e-455e-97c1-34bb763eddaa@group-711033C97113 replies to ELECTION vote request: 895c4c6d-5b5c-4808-a9cf-fdca3e3afc0d<-1aca9449-889e-455e-97c1-34bb763eddaa#0:FAIL-t1. Peer's state: 1aca9449-889e-455e-97c1-34bb763eddaa@group-711033C97113:t1, leader=null, voted=1aca9449-889e-455e-97c1-34bb763eddaa, raftlog=1aca9449-889e-455e-97c1-34bb763eddaa@group-711033C97113-SegmentedRaftLog:OPENED:c-1, conf=-1: [307a4eae-8455-4484-b26c-d8f5f09d506a|rpc:10.1.0.9:36815|priority:1, 1aca9449-889e-455e-97c1-34bb763eddaa|rpc:10.1.0.9:44661|priority:0, 895c4c6d-5b5c-4808-a9cf-fdca3e3afc0d|rpc:10.1.0.9:40015|priority:0], old=null
2022-08-10 09:21:37,878 [895c4c6d-5b5c-4808-a9cf-fdca3e3afc0d@group-711033C97113-LeaderElection5] INFO  impl.RoleInfo (RoleInfo.java:shutdownLeaderElection(130)) - 895c4c6d-5b5c-4808-a9cf-fdca3e3afc0d: shutdown 895c4c6d-5b5c-4808-a9cf-fdca3e3afc0d@group-711033C97113-LeaderElection5
2022-08-10 09:21:37,889 [895c4c6d-5b5c-4808-a9cf-fdca3e3afc0d@group-711033C97113-LeaderElection5] INFO  impl.RoleInfo (RoleInfo.java:updateAndGet(139)) - 895c4c6d-5b5c-4808-a9cf-fdca3e3afc0d: start 895c4c6d-5b5c-4808-a9cf-fdca3e3afc0d@group-711033C97113-FollowerState
2022-08-10 09:21:37,894 [grpc-default-executor-1] INFO  server.RaftServer$Division (RaftServerImpl.java:requestVote(1152)) - 895c4c6d-5b5c-4808-a9cf-fdca3e3afc0d@group-711033C97113: receive requestVote(ELECTION, 1aca9449-889e-455e-97c1-34bb763eddaa, group-711033C97113, 1, (t:0, i:0))
2022-08-10 09:21:37,896 [grpc-default-executor-1] INFO  impl.VoteContext (VoteContext.java:log(48)) - 895c4c6d-5b5c-4808-a9cf-fdca3e3afc0d@group-711033C97113-FOLLOWER: reject ELECTION from 1aca9449-889e-455e-97c1-34bb763eddaa: already has voted for 895c4c6d-5b5c-4808-a9cf-fdca3e3afc0d at current term 1
2022-08-10 09:21:37,897 [grpc-default-executor-1] INFO  server.RaftServer$Division (RaftServerImpl.java:requestVote(1184)) - 895c4c6d-5b5c-4808-a9cf-fdca3e3afc0d@group-711033C97113 replies to ELECTION vote request: 1aca9449-889e-455e-97c1-34bb763eddaa<-895c4c6d-5b5c-4808-a9cf-fdca3e3afc0d#0:FAIL-t1. Peer's state: 895c4c6d-5b5c-4808-a9cf-fdca3e3afc0d@group-711033C97113:t1, leader=null, voted=895c4c6d-5b5c-4808-a9cf-fdca3e3afc0d, raftlog=895c4c6d-5b5c-4808-a9cf-fdca3e3afc0d@group-711033C97113-SegmentedRaftLog:OPENED:c-1, conf=-1: [307a4eae-8455-4484-b26c-d8f5f09d506a|rpc:10.1.0.9:36815|dataStream:|priority:1, 1aca9449-889e-455e-97c1-34bb763eddaa|rpc:10.1.0.9:44661|dataStream:|priority:0, 895c4c6d-5b5c-4808-a9cf-fdca3e3afc0d|rpc:10.1.0.9:40015|dataStream:|priority:0], old=null
2022-08-10 09:21:37,894 [grpc-default-executor-0] INFO  server.RaftServer$Division (RaftServerImpl.java:requestVote(1152)) - 307a4eae-8455-4484-b26c-d8f5f09d506a@group-711033C97113: receive requestVote(ELECTION, 1aca9449-889e-455e-97c1-34bb763eddaa, group-711033C97113, 1, (t:0, i:0))
2022-08-10 09:21:37,897 [grpc-default-executor-0] INFO  impl.VoteContext (VoteContext.java:log(48)) - 307a4eae-8455-4484-b26c-d8f5f09d506a@group-711033C97113-FOLLOWER: reject ELECTION from 1aca9449-889e-455e-97c1-34bb763eddaa: our priority 1 > candidate's priority 0
2022-08-10 09:21:37,897 [grpc-default-executor-0] INFO  server.RaftServer$Division (RaftServerImpl.java:setRole(299)) - 307a4eae-8455-4484-b26c-d8f5f09d506a@group-711033C97113: changes role from  FOLLOWER to FOLLOWER at term 1 for candidate:1aca9449-889e-455e-97c1-34bb763eddaa
2022-08-10 09:21:37,897 [grpc-default-executor-0] INFO  impl.RoleInfo (RoleInfo.java:shutdownFollowerState(110)) - 307a4eae-8455-4484-b26c-d8f5f09d506a: shutdown 307a4eae-8455-4484-b26c-d8f5f09d506a@group-711033C97113-FollowerState
2022-08-10 09:21:37,897 [grpc-default-executor-0] INFO  impl.RoleInfo (RoleInfo.java:updateAndGet(139)) - 307a4eae-8455-4484-b26c-d8f5f09d506a: start 307a4eae-8455-4484-b26c-d8f5f09d506a@group-711033C97113-FollowerState
2022-08-10 09:21:37,897 [307a4eae-8455-4484-b26c-d8f5f09d506a@group-711033C97113-FollowerState] INFO  impl.FollowerState (FollowerState.java:run(152)) - 307a4eae-8455-4484-b26c-d8f5f09d506a@group-711033C97113-FollowerState was interrupted
2022-08-10 09:21:37,898 [grpc-default-executor-0] INFO  server.RaftServer$Division (RaftServerImpl.java:requestVote(1184)) - 307a4eae-8455-4484-b26c-d8f5f09d506a@group-711033C97113 replies to ELECTION vote request: 1aca9449-889e-455e-97c1-34bb763eddaa<-307a4eae-8455-4484-b26c-d8f5f09d506a#0:FAIL-t1. Peer's state: 307a4eae-8455-4484-b26c-d8f5f09d506a@group-711033C97113:t1, leader=null, voted=null, raftlog=307a4eae-8455-4484-b26c-d8f5f09d506a@group-711033C97113-SegmentedRaftLog:OPENED:c-1, conf=-1: [307a4eae-8455-4484-b26c-d8f5f09d506a|rpc:10.1.0.9:36815|dataStream:|priority:1, 1aca9449-889e-455e-97c1-34bb763eddaa|rpc:10.1.0.9:44661|dataStream:|priority:0, 895c4c6d-5b5c-4808-a9cf-fdca3e3afc0d|rpc:10.1.0.9:40015|dataStream:|priority:0], old=null
2022-08-10 09:21:37,900 [1aca9449-889e-455e-97c1-34bb763eddaa@group-711033C97113-LeaderElection6] INFO  impl.LeaderElection (LeaderElection.java:logAndReturn(90)) - 1aca9449-889e-455e-97c1-34bb763eddaa@group-711033C97113-LeaderElection6: ELECTION REJECTED received 2 response(s) and 0 exception(s):
2022-08-10 09:21:37,900 [1aca9449-889e-455e-97c1-34bb763eddaa@group-711033C97113-LeaderElection6] INFO  impl.LeaderElection (LeaderElection.java:logAndReturn(94)) -   Response 0: 1aca9449-889e-455e-97c1-34bb763eddaa<-307a4eae-8455-4484-b26c-d8f5f09d506a#0:FAIL-t1
2022-08-10 09:21:37,901 [1aca9449-889e-455e-97c1-34bb763eddaa@group-711033C97113-LeaderElection6] INFO  impl.LeaderElection (LeaderElection.java:logAndReturn(94)) -   Response 1: 1aca9449-889e-455e-97c1-34bb763eddaa<-895c4c6d-5b5c-4808-a9cf-fdca3e3afc0d#0:FAIL-t1
2022-08-10 09:21:37,901 [1aca9449-889e-455e-97c1-34bb763eddaa@group-711033C97113-LeaderElection6] INFO  impl.LeaderElection (LeaderElection.java:askForVotes(312)) - 1aca9449-889e-455e-97c1-34bb763eddaa@group-711033C97113-LeaderElection6 ELECTION round 0: result REJECTED
2022-08-10 09:21:37,901 [1aca9449-889e-455e-97c1-34bb763eddaa@group-711033C97113-LeaderElection6] INFO  server.RaftServer$Division (RaftServerImpl.java:setRole(299)) - 1aca9449-889e-455e-97c1-34bb763eddaa@group-711033C97113: changes role from CANDIDATE to FOLLOWER at term 1 for REJECTED
2022-08-10 09:21:37,901 [1aca9449-889e-455e-97c1-34bb763eddaa@group-711033C97113-LeaderElection6] INFO  impl.RoleInfo (RoleInfo.java:shutdownLeaderElection(130)) - 1aca9449-889e-455e-97c1-34bb763eddaa: shutdown 1aca9449-889e-455e-97c1-34bb763eddaa@group-711033C97113-LeaderElection6
2022-08-10 09:21:37,901 [1aca9449-889e-455e-97c1-34bb763eddaa@group-711033C97113-LeaderElection6] INFO  impl.RoleInfo (RoleInfo.java:updateAndGet(139)) - 1aca9449-889e-455e-97c1-34bb763eddaa: start 1aca9449-889e-455e-97c1-34bb763eddaa@group-711033C97113-FollowerState
2022-08-10 09:21:38,008 [307a4eae-8455-4484-b26c-d8f5f09d506a@group-38691FB11DDA-FollowerState] INFO  impl.FollowerState (FollowerState.java:run(143)) - 307a4eae-8455-4484-b26c-d8f5f09d506a@group-38691FB11DDA-FollowerState: change to CANDIDATE, lastRpcElapsedTime:5191145900ns, electionTimeout:5190ms
2022-08-10 09:21:38,010 [307a4eae-8455-4484-b26c-d8f5f09d506a@group-38691FB11DDA-FollowerState] INFO  impl.RoleInfo (RoleInfo.java:shutdownFollowerState(110)) - 307a4eae-8455-4484-b26c-d8f5f09d506a: shutdown 307a4eae-8455-4484-b26c-d8f5f09d506a@group-38691FB11DDA-FollowerState
2022-08-10 09:21:38,010 [307a4eae-8455-4484-b26c-d8f5f09d506a@group-38691FB11DDA-FollowerState] INFO  server.RaftServer$Division (RaftServerImpl.java:setRole(299)) - 307a4eae-8455-4484-b26c-d8f5f09d506a@group-38691FB11DDA: changes role from  FOLLOWER to CANDIDATE at term 0 for changeToCandidate
2022-08-10 09:21:38,010 [307a4eae-8455-4484-b26c-d8f5f09d506a@group-38691FB11DDA-FollowerState] INFO  server.RaftServerConfigKeys (ConfUtils.java:logGet(46)) - raft.server.leaderelection.pre-vote = false (custom)
2022-08-10 09:21:38,010 [307a4eae-8455-4484-b26c-d8f5f09d506a@group-38691FB11DDA-FollowerState] INFO  impl.RoleInfo (RoleInfo.java:updateAndGet(139)) - 307a4eae-8455-4484-b26c-d8f5f09d506a: start 307a4eae-8455-4484-b26c-d8f5f09d506a@group-38691FB11DDA-LeaderElection8
2022-08-10 09:21:38,014 [307a4eae-8455-4484-b26c-d8f5f09d506a@group-38691FB11DDA-LeaderElection8] INFO  impl.LeaderElection (LeaderElection.java:askForVotes(310)) - 307a4eae-8455-4484-b26c-d8f5f09d506a@group-38691FB11DDA-LeaderElection8 ELECTION round 0: submit vote requests at term 1 for -1: [307a4eae-8455-4484-b26c-d8f5f09d506a|rpc:10.1.0.9:36815|priority:1], old=null
2022-08-10 09:21:38,014 [307a4eae-8455-4484-b26c-d8f5f09d506a@group-38691FB11DDA-LeaderElection8] INFO  impl.LeaderElection (LeaderElection.java:askForVotes(312)) - 307a4eae-8455-4484-b26c-d8f5f09d506a@group-38691FB11DDA-LeaderElection8 ELECTION round 0: result PASSED (term=1)
2022-08-10 09:21:38,014 [307a4eae-8455-4484-b26c-d8f5f09d506a@group-38691FB11DDA-LeaderElection8] INFO  impl.RoleInfo (RoleInfo.java:shutdownLeaderElection(130)) - 307a4eae-8455-4484-b26c-d8f5f09d506a: shutdown 307a4eae-8455-4484-b26c-d8f5f09d506a@group-38691FB11DDA-LeaderElection8
2022-08-10 09:21:38,014 [307a4eae-8455-4484-b26c-d8f5f09d506a@group-38691FB11DDA-LeaderElection8] INFO  server.RaftServer$Division (RaftServerImpl.java:setRole(299)) - 307a4eae-8455-4484-b26c-d8f5f09d506a@group-38691FB11DDA: changes role from CANDIDATE to LEADER at term 1 for changeToLeader
2022-08-10 09:21:38,014 [307a4eae-8455-4484-b26c-d8f5f09d506a@group-38691FB11DDA-LeaderElection8] INFO  ratis.XceiverServerRatis (XceiverServerRatis.java:handleLeaderChangedNotification(863)) - Leader change notification received for group: group-38691FB11DDA with new leaderId: 307a4eae-8455-4484-b26c-d8f5f09d506a
2022-08-10 09:21:38,015 [307a4eae-8455-4484-b26c-d8f5f09d506a@group-38691FB11DDA-LeaderElection8] INFO  server.RaftServer$Division (ServerState.java:setLeader(287)) - 307a4eae-8455-4484-b26c-d8f5f09d506a@group-38691FB11DDA: change Leader from null to 307a4eae-8455-4484-b26c-d8f5f09d506a at term 1 for becomeLeader, leader elected after 5221ms
2022-08-10 09:21:38,015 [307a4eae-8455-4484-b26c-d8f5f09d506a@group-38691FB11DDA-LeaderElection8] INFO  server.RaftServerConfigKeys (ConfUtils.java:logGet(46)) - raft.server.staging.catchup.gap = 1000 (default)
2022-08-10 09:21:38,015 [307a4eae-8455-4484-b26c-d8f5f09d506a@group-38691FB11DDA-LeaderElection8] INFO  server.RaftServerConfigKeys (ConfUtils.java:logGet(46)) - raft.server.write.element-limit = 1024 (custom)
2022-08-10 09:21:38,015 [307a4eae-8455-4484-b26c-d8f5f09d506a@group-38691FB11DDA-LeaderElection8] INFO  server.RaftServerConfigKeys (ConfUtils.java:logGet(46)) - raft.server.write.byte-limit = 1024 M (=1073741824) (custom)
2022-08-10 09:21:38,016 [307a4eae-8455-4484-b26c-d8f5f09d506a@group-38691FB11DDA-LeaderElection8] INFO  server.RaftServerConfigKeys (ConfUtils.java:logGet(46)) - raft.server.watch.timeout = 180s (custom)
2022-08-10 09:21:38,019 [307a4eae-8455-4484-b26c-d8f5f09d506a@group-38691FB11DDA-LeaderElection8] INFO  server.RaftServerConfigKeys (ConfUtils.java:logGet(46)) - raft.server.watch.timeout.denomination = 1s (default)
2022-08-10 09:21:38,020 [307a4eae-8455-4484-b26c-d8f5f09d506a@group-38691FB11DDA-LeaderElection8] INFO  server.RaftServerConfigKeys (ConfUtils.java:logGet(46)) - raft.server.watch.element-limit = 65536 (default)
2022-08-10 09:21:38,019 [EventQueue-OpenPipelineForHealthyPipelineSafeModeRule] INFO  safemode.SCMSafeModeManager (HealthyPipelineSafeModeRule.java:process(137)) - SCM in safe mode. Healthy pipelines reported count is 0, required healthy pipeline reported count is 1
2022-08-10 09:21:38,020 [307a4eae-8455-4484-b26c-d8f5f09d506a@group-38691FB11DDA-LeaderElection8] INFO  server.RaftServerConfigKeys (ConfUtils.java:logGet(46)) - raft.server.write.element-limit = 1024 (custom)
2022-08-10 09:21:38,020 [307a4eae-8455-4484-b26c-d8f5f09d506a@group-38691FB11DDA-LeaderElection8] INFO  server.RaftServerConfigKeys (ConfUtils.java:logGet(46)) - raft.server.write.follower.gap.ratio.max = -1.0 (default)
2022-08-10 09:21:38,020 [307a4eae-8455-4484-b26c-d8f5f09d506a@group-38691FB11DDA-LeaderElection8] INFO  impl.RoleInfo (RoleInfo.java:updateAndGet(139)) - 307a4eae-8455-4484-b26c-d8f5f09d506a: start 307a4eae-8455-4484-b26c-d8f5f09d506a@group-38691FB11DDA-LeaderStateImpl
2022-08-10 09:21:38,020 [307a4eae-8455-4484-b26c-d8f5f09d506a@group-38691FB11DDA-LeaderElection8] INFO  segmented.SegmentedRaftLogWorker (SegmentedRaftLogWorker.java:startLogSegment(425)) - 307a4eae-8455-4484-b26c-d8f5f09d506a@group-38691FB11DDA-SegmentedRaftLogWorker: Starting segment from index:0
2022-08-10 09:21:38,024 [307a4eae-8455-4484-b26c-d8f5f09d506a@group-38691FB11DDA-LeaderElection8] INFO  server.RaftServer$Division (ServerState.java:setRaftConf(393)) - 307a4eae-8455-4484-b26c-d8f5f09d506a@group-38691FB11DDA: set configuration 0: [307a4eae-8455-4484-b26c-d8f5f09d506a|rpc:10.1.0.9:36815|dataStream:|priority:1], old=null
2022-08-10 09:21:38,024 [307a4eae-8455-4484-b26c-d8f5f09d506a@group-38691FB11DDA-SegmentedRaftLogWorker] INFO  segmented.SegmentedRaftLogWorker (SegmentedRaftLogWorker.java:execute(629)) - 307a4eae-8455-4484-b26c-d8f5f09d506a@group-38691FB11DDA-SegmentedRaftLogWorker: created new log segment /home/runner/work/ozone/ozone/hadoop-ozone/integration-test/target/test-dir/MiniOzoneClusterImpl-5b46f7b7-15cd-42ca-88c0-c813cff626ca/datanode-1/data/ratis/f41b0a58-cc8c-4ff2-9477-38691fb11dda/current/log_inprogress_0
2022-08-10 09:21:38,151 [Listener at 127.0.0.1/36235] INFO  ozone.MiniOzoneClusterImpl (MiniOzoneClusterImpl.java:lambda$waitForClusterToBeReady$0(216)) - Nodes are ready. Got 3 of 3 DN Heartbeats.
2022-08-10 09:21:38,152 [Listener at 127.0.0.1/36235] INFO  ozone.MiniOzoneClusterImpl (MiniOzoneClusterImpl.java:lambda$waitForClusterToBeReady$0(219)) - Waiting for cluster to exit safe mode
2022-08-10 09:21:38,152 [Listener at 127.0.0.1/36235] INFO  ozone.MiniOzoneClusterImpl (MiniOzoneClusterImpl.java:lambda$waitForClusterToBeReady$0(221)) - SCM became leader
2022-08-10 09:21:38,351 [895c4c6d-5b5c-4808-a9cf-fdca3e3afc0d@group-76A1F27A6BB5-FollowerState] INFO  impl.FollowerState (FollowerState.java:run(143)) - 895c4c6d-5b5c-4808-a9cf-fdca3e3afc0d@group-76A1F27A6BB5-FollowerState: change to CANDIDATE, lastRpcElapsedTime:5167746685ns, electionTimeout:5166ms
2022-08-10 09:21:38,352 [895c4c6d-5b5c-4808-a9cf-fdca3e3afc0d@group-76A1F27A6BB5-FollowerState] INFO  impl.RoleInfo (RoleInfo.java:shutdownFollowerState(110)) - 895c4c6d-5b5c-4808-a9cf-fdca3e3afc0d: shutdown 895c4c6d-5b5c-4808-a9cf-fdca3e3afc0d@group-76A1F27A6BB5-FollowerState
2022-08-10 09:21:38,352 [895c4c6d-5b5c-4808-a9cf-fdca3e3afc0d@group-76A1F27A6BB5-FollowerState] INFO  server.RaftServer$Division (RaftServerImpl.java:setRole(299)) - 895c4c6d-5b5c-4808-a9cf-fdca3e3afc0d@group-76A1F27A6BB5: changes role from  FOLLOWER to CANDIDATE at term 0 for changeToCandidate
2022-08-10 09:21:38,352 [895c4c6d-5b5c-4808-a9cf-fdca3e3afc0d@group-76A1F27A6BB5-FollowerState] INFO  server.RaftServerConfigKeys (ConfUtils.java:logGet(46)) - raft.server.leaderelection.pre-vote = false (custom)
2022-08-10 09:21:38,352 [895c4c6d-5b5c-4808-a9cf-fdca3e3afc0d@group-76A1F27A6BB5-FollowerState] INFO  impl.RoleInfo (RoleInfo.java:updateAndGet(139)) - 895c4c6d-5b5c-4808-a9cf-fdca3e3afc0d: start 895c4c6d-5b5c-4808-a9cf-fdca3e3afc0d@group-76A1F27A6BB5-LeaderElection9
2022-08-10 09:21:38,355 [895c4c6d-5b5c-4808-a9cf-fdca3e3afc0d@group-76A1F27A6BB5-LeaderElection9] INFO  impl.LeaderElection (LeaderElection.java:askForVotes(310)) - 895c4c6d-5b5c-4808-a9cf-fdca3e3afc0d@group-76A1F27A6BB5-LeaderElection9 ELECTION round 0: submit vote requests at term 1 for -1: [895c4c6d-5b5c-4808-a9cf-fdca3e3afc0d|rpc:10.1.0.9:40015|priority:1], old=null
2022-08-10 09:21:38,355 [895c4c6d-5b5c-4808-a9cf-fdca3e3afc0d@group-76A1F27A6BB5-LeaderElection9] INFO  impl.LeaderElection (LeaderElection.java:askForVotes(312)) - 895c4c6d-5b5c-4808-a9cf-fdca3e3afc0d@group-76A1F27A6BB5-LeaderElection9 ELECTION round 0: result PASSED (term=1)
2022-08-10 09:21:38,355 [895c4c6d-5b5c-4808-a9cf-fdca3e3afc0d@group-76A1F27A6BB5-LeaderElection9] INFO  impl.RoleInfo (RoleInfo.java:shutdownLeaderElection(130)) - 895c4c6d-5b5c-4808-a9cf-fdca3e3afc0d: shutdown 895c4c6d-5b5c-4808-a9cf-fdca3e3afc0d@group-76A1F27A6BB5-LeaderElection9
2022-08-10 09:21:38,355 [895c4c6d-5b5c-4808-a9cf-fdca3e3afc0d@group-76A1F27A6BB5-LeaderElection9] INFO  server.RaftServer$Division (RaftServerImpl.java:setRole(299)) - 895c4c6d-5b5c-4808-a9cf-fdca3e3afc0d@group-76A1F27A6BB5: changes role from CANDIDATE to LEADER at term 1 for changeToLeader
2022-08-10 09:21:38,355 [895c4c6d-5b5c-4808-a9cf-fdca3e3afc0d@group-76A1F27A6BB5-LeaderElection9] INFO  ratis.XceiverServerRatis (XceiverServerRatis.java:handleLeaderChangedNotification(863)) - Leader change notification received for group: group-76A1F27A6BB5 with new leaderId: 895c4c6d-5b5c-4808-a9cf-fdca3e3afc0d
2022-08-10 09:21:38,356 [895c4c6d-5b5c-4808-a9cf-fdca3e3afc0d@group-76A1F27A6BB5-LeaderElection9] INFO  server.RaftServer$Division (ServerState.java:setLeader(287)) - 895c4c6d-5b5c-4808-a9cf-fdca3e3afc0d@group-76A1F27A6BB5: change Leader from null to 895c4c6d-5b5c-4808-a9cf-fdca3e3afc0d at term 1 for becomeLeader, leader elected after 5188ms
2022-08-10 09:21:38,356 [895c4c6d-5b5c-4808-a9cf-fdca3e3afc0d@group-76A1F27A6BB5-LeaderElection9] INFO  server.RaftServerConfigKeys (ConfUtils.java:logGet(46)) - raft.server.staging.catchup.gap = 1000 (default)
2022-08-10 09:21:38,356 [895c4c6d-5b5c-4808-a9cf-fdca3e3afc0d@group-76A1F27A6BB5-LeaderElection9] INFO  server.RaftServerConfigKeys (ConfUtils.java:logGet(46)) - raft.server.write.element-limit = 1024 (custom)
2022-08-10 09:21:38,356 [895c4c6d-5b5c-4808-a9cf-fdca3e3afc0d@group-76A1F27A6BB5-LeaderElection9] INFO  server.RaftServerConfigKeys (ConfUtils.java:logGet(46)) - raft.server.write.byte-limit = 1024 M (=1073741824) (custom)
2022-08-10 09:21:38,357 [895c4c6d-5b5c-4808-a9cf-fdca3e3afc0d@group-76A1F27A6BB5-LeaderElection9] INFO  server.RaftServerConfigKeys (ConfUtils.java:logGet(46)) - raft.server.watch.timeout = 180s (custom)
2022-08-10 09:21:38,357 [895c4c6d-5b5c-4808-a9cf-fdca3e3afc0d@group-76A1F27A6BB5-LeaderElection9] INFO  server.RaftServerConfigKeys (ConfUtils.java:logGet(46)) - raft.server.watch.timeout.denomination = 1s (default)
2022-08-10 09:21:38,357 [895c4c6d-5b5c-4808-a9cf-fdca3e3afc0d@group-76A1F27A6BB5-LeaderElection9] INFO  server.RaftServerConfigKeys (ConfUtils.java:logGet(46)) - raft.server.watch.element-limit = 65536 (default)
2022-08-10 09:21:38,357 [895c4c6d-5b5c-4808-a9cf-fdca3e3afc0d@group-76A1F27A6BB5-LeaderElection9] INFO  server.RaftServerConfigKeys (ConfUtils.java:logGet(46)) - raft.server.write.element-limit = 1024 (custom)
2022-08-10 09:21:38,357 [895c4c6d-5b5c-4808-a9cf-fdca3e3afc0d@group-76A1F27A6BB5-LeaderElection9] INFO  server.RaftServerConfigKeys (ConfUtils.java:logGet(46)) - raft.server.write.follower.gap.ratio.max = -1.0 (default)
2022-08-10 09:21:38,358 [EventQueue-OpenPipelineForHealthyPipelineSafeModeRule] INFO  safemode.SCMSafeModeManager (HealthyPipelineSafeModeRule.java:process(137)) - SCM in safe mode. Healthy pipelines reported count is 0, required healthy pipeline reported count is 1
2022-08-10 09:21:38,358 [895c4c6d-5b5c-4808-a9cf-fdca3e3afc0d@group-76A1F27A6BB5-LeaderElection9] INFO  impl.RoleInfo (RoleInfo.java:updateAndGet(139)) - 895c4c6d-5b5c-4808-a9cf-fdca3e3afc0d: start 895c4c6d-5b5c-4808-a9cf-fdca3e3afc0d@group-76A1F27A6BB5-LeaderStateImpl
2022-08-10 09:21:38,358 [895c4c6d-5b5c-4808-a9cf-fdca3e3afc0d@group-76A1F27A6BB5-LeaderElection9] INFO  segmented.SegmentedRaftLogWorker (SegmentedRaftLogWorker.java:startLogSegment(425)) - 895c4c6d-5b5c-4808-a9cf-fdca3e3afc0d@group-76A1F27A6BB5-SegmentedRaftLogWorker: Starting segment from index:0
2022-08-10 09:21:38,361 [895c4c6d-5b5c-4808-a9cf-fdca3e3afc0d@group-76A1F27A6BB5-SegmentedRaftLogWorker] INFO  segmented.SegmentedRaftLogWorker (SegmentedRaftLogWorker.java:execute(629)) - 895c4c6d-5b5c-4808-a9cf-fdca3e3afc0d@group-76A1F27A6BB5-SegmentedRaftLogWorker: created new log segment /home/runner/work/ozone/ozone/hadoop-ozone/integration-test/target/test-dir/MiniOzoneClusterImpl-5b46f7b7-15cd-42ca-88c0-c813cff626ca/datanode-2/data/ratis/5be26405-3e3b-42ec-997e-76a1f27a6bb5/current/log_inprogress_0
2022-08-10 09:21:38,361 [895c4c6d-5b5c-4808-a9cf-fdca3e3afc0d@group-76A1F27A6BB5-LeaderElection9] INFO  server.RaftServer$Division (ServerState.java:setRaftConf(393)) - 895c4c6d-5b5c-4808-a9cf-fdca3e3afc0d@group-76A1F27A6BB5: set configuration 0: [895c4c6d-5b5c-4808-a9cf-fdca3e3afc0d|rpc:10.1.0.9:40015|dataStream:|priority:1], old=null
2022-08-10 09:21:39,152 [Listener at 127.0.0.1/36235] INFO  ozone.MiniOzoneClusterImpl (MiniOzoneClusterImpl.java:lambda$waitForClusterToBeReady$0(216)) - Nodes are ready. Got 3 of 3 DN Heartbeats.
2022-08-10 09:21:39,153 [Listener at 127.0.0.1/36235] INFO  ozone.MiniOzoneClusterImpl (MiniOzoneClusterImpl.java:lambda$waitForClusterToBeReady$0(219)) - Waiting for cluster to exit safe mode
2022-08-10 09:21:39,153 [Listener at 127.0.0.1/36235] INFO  ozone.MiniOzoneClusterImpl (MiniOzoneClusterImpl.java:lambda$waitForClusterToBeReady$0(221)) - SCM became leader
2022-08-10 09:21:40,153 [Listener at 127.0.0.1/36235] INFO  ozone.MiniOzoneClusterImpl (MiniOzoneClusterImpl.java:lambda$waitForClusterToBeReady$0(216)) - Nodes are ready. Got 3 of 3 DN Heartbeats.
2022-08-10 09:21:40,154 [Listener at 127.0.0.1/36235] INFO  ozone.MiniOzoneClusterImpl (MiniOzoneClusterImpl.java:lambda$waitForClusterToBeReady$0(219)) - Waiting for cluster to exit safe mode
2022-08-10 09:21:40,154 [Listener at 127.0.0.1/36235] INFO  ozone.MiniOzoneClusterImpl (MiniOzoneClusterImpl.java:lambda$waitForClusterToBeReady$0(221)) - SCM became leader
2022-08-10 09:21:41,154 [Listener at 127.0.0.1/36235] INFO  ozone.MiniOzoneClusterImpl (MiniOzoneClusterImpl.java:lambda$waitForClusterToBeReady$0(216)) - Nodes are ready. Got 3 of 3 DN Heartbeats.
2022-08-10 09:21:41,154 [Listener at 127.0.0.1/36235] INFO  ozone.MiniOzoneClusterImpl (MiniOzoneClusterImpl.java:lambda$waitForClusterToBeReady$0(219)) - Waiting for cluster to exit safe mode
2022-08-10 09:21:41,154 [Listener at 127.0.0.1/36235] INFO  ozone.MiniOzoneClusterImpl (MiniOzoneClusterImpl.java:lambda$waitForClusterToBeReady$0(221)) - SCM became leader
2022-08-10 09:21:42,155 [Listener at 127.0.0.1/36235] INFO  ozone.MiniOzoneClusterImpl (MiniOzoneClusterImpl.java:lambda$waitForClusterToBeReady$0(216)) - Nodes are ready. Got 3 of 3 DN Heartbeats.
2022-08-10 09:21:42,156 [Listener at 127.0.0.1/36235] INFO  ozone.MiniOzoneClusterImpl (MiniOzoneClusterImpl.java:lambda$waitForClusterToBeReady$0(219)) - Waiting for cluster to exit safe mode
2022-08-10 09:21:42,156 [Listener at 127.0.0.1/36235] INFO  ozone.MiniOzoneClusterImpl (MiniOzoneClusterImpl.java:lambda$waitForClusterToBeReady$0(221)) - SCM became leader
2022-08-10 09:21:42,536 [895c4c6d-5b5c-4808-a9cf-fdca3e3afc0d@group-20D72298988B-FollowerState] INFO  impl.FollowerState (FollowerState.java:run(143)) - 895c4c6d-5b5c-4808-a9cf-fdca3e3afc0d@group-20D72298988B-FollowerState: change to CANDIDATE, lastRpcElapsedTime:5039884058ns, electionTimeout:5030ms
2022-08-10 09:21:42,536 [895c4c6d-5b5c-4808-a9cf-fdca3e3afc0d@group-20D72298988B-FollowerState] INFO  impl.RoleInfo (RoleInfo.java:shutdownFollowerState(110)) - 895c4c6d-5b5c-4808-a9cf-fdca3e3afc0d: shutdown 895c4c6d-5b5c-4808-a9cf-fdca3e3afc0d@group-20D72298988B-FollowerState
2022-08-10 09:21:42,537 [895c4c6d-5b5c-4808-a9cf-fdca3e3afc0d@group-20D72298988B-FollowerState] INFO  server.RaftServer$Division (RaftServerImpl.java:setRole(299)) - 895c4c6d-5b5c-4808-a9cf-fdca3e3afc0d@group-20D72298988B: changes role from  FOLLOWER to CANDIDATE at term 1 for changeToCandidate
2022-08-10 09:21:42,537 [895c4c6d-5b5c-4808-a9cf-fdca3e3afc0d@group-20D72298988B-FollowerState] INFO  server.RaftServerConfigKeys (ConfUtils.java:logGet(46)) - raft.server.leaderelection.pre-vote = false (custom)
2022-08-10 09:21:42,537 [895c4c6d-5b5c-4808-a9cf-fdca3e3afc0d@group-20D72298988B-FollowerState] INFO  impl.RoleInfo (RoleInfo.java:updateAndGet(139)) - 895c4c6d-5b5c-4808-a9cf-fdca3e3afc0d: start 895c4c6d-5b5c-4808-a9cf-fdca3e3afc0d@group-20D72298988B-LeaderElection10
2022-08-10 09:21:42,543 [895c4c6d-5b5c-4808-a9cf-fdca3e3afc0d@group-20D72298988B-LeaderElection10] INFO  impl.LeaderElection (LeaderElection.java:askForVotes(310)) - 895c4c6d-5b5c-4808-a9cf-fdca3e3afc0d@group-20D72298988B-LeaderElection10 ELECTION round 0: submit vote requests at term 2 for -1: [307a4eae-8455-4484-b26c-d8f5f09d506a|rpc:10.1.0.9:36815|dataStream:|priority:0, 1aca9449-889e-455e-97c1-34bb763eddaa|rpc:10.1.0.9:44661|dataStream:|priority:0, 895c4c6d-5b5c-4808-a9cf-fdca3e3afc0d|rpc:10.1.0.9:40015|dataStream:|priority:1], old=null
2022-08-10 09:21:42,555 [grpc-default-executor-0] INFO  server.RaftServer$Division (RaftServerImpl.java:requestVote(1152)) - 1aca9449-889e-455e-97c1-34bb763eddaa@group-20D72298988B: receive requestVote(ELECTION, 895c4c6d-5b5c-4808-a9cf-fdca3e3afc0d, group-20D72298988B, 2, (t:0, i:0))
2022-08-10 09:21:42,556 [grpc-default-executor-0] INFO  impl.VoteContext (VoteContext.java:log(48)) - 1aca9449-889e-455e-97c1-34bb763eddaa@group-20D72298988B-FOLLOWER: accept ELECTION from 895c4c6d-5b5c-4808-a9cf-fdca3e3afc0d: our priority 0 <= candidate's priority 1
2022-08-10 09:21:42,556 [grpc-default-executor-0] INFO  server.RaftServer$Division (RaftServerImpl.java:setRole(299)) - 1aca9449-889e-455e-97c1-34bb763eddaa@group-20D72298988B: changes role from  FOLLOWER to FOLLOWER at term 2 for candidate:895c4c6d-5b5c-4808-a9cf-fdca3e3afc0d
2022-08-10 09:21:42,556 [grpc-default-executor-0] INFO  impl.RoleInfo (RoleInfo.java:shutdownFollowerState(110)) - 1aca9449-889e-455e-97c1-34bb763eddaa: shutdown 1aca9449-889e-455e-97c1-34bb763eddaa@group-20D72298988B-FollowerState
2022-08-10 09:21:42,556 [grpc-default-executor-0] INFO  impl.RoleInfo (RoleInfo.java:updateAndGet(139)) - 1aca9449-889e-455e-97c1-34bb763eddaa: start 1aca9449-889e-455e-97c1-34bb763eddaa@group-20D72298988B-FollowerState
2022-08-10 09:21:42,556 [1aca9449-889e-455e-97c1-34bb763eddaa@group-20D72298988B-FollowerState] INFO  impl.FollowerState (FollowerState.java:run(152)) - 1aca9449-889e-455e-97c1-34bb763eddaa@group-20D72298988B-FollowerState was interrupted
2022-08-10 09:21:42,562 [grpc-default-executor-0] INFO  server.RaftServer$Division (RaftServerImpl.java:requestVote(1184)) - 1aca9449-889e-455e-97c1-34bb763eddaa@group-20D72298988B replies to ELECTION vote request: 895c4c6d-5b5c-4808-a9cf-fdca3e3afc0d<-1aca9449-889e-455e-97c1-34bb763eddaa#0:OK-t2. Peer's state: 1aca9449-889e-455e-97c1-34bb763eddaa@group-20D72298988B:t2, leader=null, voted=895c4c6d-5b5c-4808-a9cf-fdca3e3afc0d, raftlog=1aca9449-889e-455e-97c1-34bb763eddaa@group-20D72298988B-SegmentedRaftLog:OPENED:c-1, conf=-1: [307a4eae-8455-4484-b26c-d8f5f09d506a|rpc:10.1.0.9:36815|priority:0, 1aca9449-889e-455e-97c1-34bb763eddaa|rpc:10.1.0.9:44661|priority:0, 895c4c6d-5b5c-4808-a9cf-fdca3e3afc0d|rpc:10.1.0.9:40015|priority:1], old=null
2022-08-10 09:21:42,562 [grpc-default-executor-1] INFO  server.RaftServer$Division (RaftServerImpl.java:requestVote(1152)) - 307a4eae-8455-4484-b26c-d8f5f09d506a@group-20D72298988B: receive requestVote(ELECTION, 895c4c6d-5b5c-4808-a9cf-fdca3e3afc0d, group-20D72298988B, 2, (t:0, i:0))
2022-08-10 09:21:42,562 [grpc-default-executor-1] INFO  impl.VoteContext (VoteContext.java:log(48)) - 307a4eae-8455-4484-b26c-d8f5f09d506a@group-20D72298988B-FOLLOWER: accept ELECTION from 895c4c6d-5b5c-4808-a9cf-fdca3e3afc0d: our priority 0 <= candidate's priority 1
2022-08-10 09:21:42,562 [grpc-default-executor-1] INFO  server.RaftServer$Division (RaftServerImpl.java:setRole(299)) - 307a4eae-8455-4484-b26c-d8f5f09d506a@group-20D72298988B: changes role from  FOLLOWER to FOLLOWER at term 2 for candidate:895c4c6d-5b5c-4808-a9cf-fdca3e3afc0d
2022-08-10 09:21:42,562 [grpc-default-executor-1] INFO  impl.RoleInfo (RoleInfo.java:shutdownFollowerState(110)) - 307a4eae-8455-4484-b26c-d8f5f09d506a: shutdown 307a4eae-8455-4484-b26c-d8f5f09d506a@group-20D72298988B-FollowerState
2022-08-10 09:21:42,563 [grpc-default-executor-1] INFO  impl.RoleInfo (RoleInfo.java:updateAndGet(139)) - 307a4eae-8455-4484-b26c-d8f5f09d506a: start 307a4eae-8455-4484-b26c-d8f5f09d506a@group-20D72298988B-FollowerState
2022-08-10 09:21:42,563 [307a4eae-8455-4484-b26c-d8f5f09d506a@group-20D72298988B-FollowerState] INFO  impl.FollowerState (FollowerState.java:run(152)) - 307a4eae-8455-4484-b26c-d8f5f09d506a@group-20D72298988B-FollowerState was interrupted
2022-08-10 09:21:42,572 [895c4c6d-5b5c-4808-a9cf-fdca3e3afc0d@group-20D72298988B-LeaderElection10] INFO  impl.LeaderElection (LeaderElection.java:logAndReturn(90)) - 895c4c6d-5b5c-4808-a9cf-fdca3e3afc0d@group-20D72298988B-LeaderElection10: ELECTION PASSED received 1 response(s) and 0 exception(s):
2022-08-10 09:21:42,572 [895c4c6d-5b5c-4808-a9cf-fdca3e3afc0d@group-20D72298988B-LeaderElection10] INFO  impl.LeaderElection (LeaderElection.java:logAndReturn(94)) -   Response 0: 895c4c6d-5b5c-4808-a9cf-fdca3e3afc0d<-1aca9449-889e-455e-97c1-34bb763eddaa#0:OK-t2
2022-08-10 09:21:42,572 [895c4c6d-5b5c-4808-a9cf-fdca3e3afc0d@group-20D72298988B-LeaderElection10] INFO  impl.LeaderElection (LeaderElection.java:askForVotes(312)) - 895c4c6d-5b5c-4808-a9cf-fdca3e3afc0d@group-20D72298988B-LeaderElection10 ELECTION round 0: result PASSED
2022-08-10 09:21:42,572 [895c4c6d-5b5c-4808-a9cf-fdca3e3afc0d@group-20D72298988B-LeaderElection10] INFO  impl.RoleInfo (RoleInfo.java:shutdownLeaderElection(130)) - 895c4c6d-5b5c-4808-a9cf-fdca3e3afc0d: shutdown 895c4c6d-5b5c-4808-a9cf-fdca3e3afc0d@group-20D72298988B-LeaderElection10
2022-08-10 09:21:42,572 [895c4c6d-5b5c-4808-a9cf-fdca3e3afc0d@group-20D72298988B-LeaderElection10] INFO  server.RaftServer$Division (RaftServerImpl.java:setRole(299)) - 895c4c6d-5b5c-4808-a9cf-fdca3e3afc0d@group-20D72298988B: changes role from CANDIDATE to LEADER at term 2 for changeToLeader
2022-08-10 09:21:42,572 [895c4c6d-5b5c-4808-a9cf-fdca3e3afc0d@group-20D72298988B-LeaderElection10] INFO  ratis.XceiverServerRatis (XceiverServerRatis.java:handleLeaderChangedNotification(863)) - Leader change notification received for group: group-20D72298988B with new leaderId: 895c4c6d-5b5c-4808-a9cf-fdca3e3afc0d
2022-08-10 09:21:42,573 [895c4c6d-5b5c-4808-a9cf-fdca3e3afc0d@group-20D72298988B-LeaderElection10] INFO  server.RaftServer$Division (ServerState.java:setLeader(287)) - 895c4c6d-5b5c-4808-a9cf-fdca3e3afc0d@group-20D72298988B: change Leader from null to 895c4c6d-5b5c-4808-a9cf-fdca3e3afc0d at term 2 for becomeLeader, leader elected after 9961ms
2022-08-10 09:21:42,573 [895c4c6d-5b5c-4808-a9cf-fdca3e3afc0d@group-20D72298988B-LeaderElection10] INFO  server.RaftServerConfigKeys (ConfUtils.java:logGet(46)) - raft.server.staging.catchup.gap = 1000 (default)
2022-08-10 09:21:42,573 [895c4c6d-5b5c-4808-a9cf-fdca3e3afc0d@group-20D72298988B-LeaderElection10] INFO  server.RaftServerConfigKeys (ConfUtils.java:logGet(46)) - raft.server.write.element-limit = 1024 (custom)
2022-08-10 09:21:42,573 [895c4c6d-5b5c-4808-a9cf-fdca3e3afc0d@group-20D72298988B-LeaderElection10] INFO  server.RaftServerConfigKeys (ConfUtils.java:logGet(46)) - raft.server.write.byte-limit = 1024 M (=1073741824) (custom)
2022-08-10 09:21:42,574 [895c4c6d-5b5c-4808-a9cf-fdca3e3afc0d@group-20D72298988B-LeaderElection10] INFO  server.RaftServerConfigKeys (ConfUtils.java:logGet(46)) - raft.server.watch.timeout = 180s (custom)
2022-08-10 09:21:42,574 [895c4c6d-5b5c-4808-a9cf-fdca3e3afc0d@group-20D72298988B-LeaderElection10] INFO  server.RaftServerConfigKeys (ConfUtils.java:logGet(46)) - raft.server.watch.timeout.denomination = 1s (default)
2022-08-10 09:21:42,574 [895c4c6d-5b5c-4808-a9cf-fdca3e3afc0d@group-20D72298988B-LeaderElection10] INFO  server.RaftServerConfigKeys (ConfUtils.java:logGet(46)) - raft.server.watch.element-limit = 65536 (default)
2022-08-10 09:21:42,574 [895c4c6d-5b5c-4808-a9cf-fdca3e3afc0d@group-20D72298988B-LeaderElection10] INFO  server.RaftServerConfigKeys (ConfUtils.java:logGet(46)) - raft.server.write.element-limit = 1024 (custom)
2022-08-10 09:21:42,574 [895c4c6d-5b5c-4808-a9cf-fdca3e3afc0d@group-20D72298988B-LeaderElection10] INFO  server.RaftServerConfigKeys (ConfUtils.java:logGet(46)) - raft.server.write.follower.gap.ratio.max = -1.0 (default)
2022-08-10 09:21:42,575 [EventQueue-PipelineReportForPipelineReportHandler] INFO  pipeline.PipelineManagerImpl (PipelineManagerImpl.java:openPipeline(367)) - Pipeline Pipeline[ Id: 9405f0c9-f373-4ef5-8c00-20d72298988b, Nodes: 1aca9449-889e-455e-97c1-34bb763eddaa{ip: 10.1.0.9, host: fv-az244-795.wfqk4h0zklwe5pzfvc0psazzwc.bx.internal.cloudapp.net, ports: [REPLICATION=40617, RATIS=44661, RATIS_ADMIN=44661, RATIS_SERVER=44661, STANDALONE=40197], networkLocation: /default-rack, certSerialId: null, persistedOpState: IN_SERVICE, persistedOpStateExpiryEpochSec: 0}307a4eae-8455-4484-b26c-d8f5f09d506a{ip: 10.1.0.9, host: fv-az244-795.wfqk4h0zklwe5pzfvc0psazzwc.bx.internal.cloudapp.net, ports: [REPLICATION=33787, RATIS=36815, RATIS_ADMIN=36815, RATIS_SERVER=36815, STANDALONE=37765], networkLocation: /default-rack, certSerialId: null, persistedOpState: IN_SERVICE, persistedOpStateExpiryEpochSec: 0}895c4c6d-5b5c-4808-a9cf-fdca3e3afc0d{ip: 10.1.0.9, host: fv-az244-795.wfqk4h0zklwe5pzfvc0psazzwc.bx.internal.cloudapp.net, ports: [REPLICATION=43925, RATIS=40015, RATIS_ADMIN=40015, RATIS_SERVER=40015, STANDALONE=41805], networkLocation: /default-rack, certSerialId: null, persistedOpState: IN_SERVICE, persistedOpStateExpiryEpochSec: 0}, ReplicationConfig: RATIS/THREE, State:ALLOCATED, leaderId:895c4c6d-5b5c-4808-a9cf-fdca3e3afc0d, CreationTimestamp2022-08-10T09:21:30.167Z[Etc/UTC]] moved to OPEN state
2022-08-10 09:21:42,576 [EventQueue-OpenPipelineForHealthyPipelineSafeModeRule] INFO  safemode.SCMSafeModeManager (HealthyPipelineSafeModeRule.java:process(137)) - SCM in safe mode. Healthy pipelines reported count is 0, required healthy pipeline reported count is 1
2022-08-10 09:21:42,576 [EventQueue-OpenPipelineForHealthyPipelineSafeModeRule] INFO  safemode.SCMSafeModeManager (HealthyPipelineSafeModeRule.java:process(137)) - SCM in safe mode. Healthy pipelines reported count is 1, required healthy pipeline reported count is 1
2022-08-10 09:21:42,576 [EventQueue-OpenPipelineForHealthyPipelineSafeModeRule] INFO  safemode.SCMSafeModeManager (SCMSafeModeManager.java:validateSafeModeExitRules(204)) - HealthyPipelineSafeModeRule rule is successfully validated
2022-08-10 09:21:42,577 [EventQueue-OpenPipelineForHealthyPipelineSafeModeRule] INFO  safemode.SCMSafeModeManager (SCMSafeModeManager.java:validateSafeModeExitRules(219)) - ScmSafeModeManager, all rules are successfully validated
2022-08-10 09:21:42,577 [EventQueue-OpenPipelineForHealthyPipelineSafeModeRule] INFO  safemode.SCMSafeModeManager (SCMSafeModeManager.java:exitSafeMode(248)) - SCM exiting safe mode.
2022-08-10 09:21:42,577 [EventQueue-OpenPipelineForHealthyPipelineSafeModeRule] WARN  events.EventQueue (EventQueue.java:fireEvent(216)) - No event handler registered for event TypedEvent{payloadType=SafeModeStatus, name='Safe mode status'}
2022-08-10 09:21:42,577 [EventQueue-OpenPipelineForHealthyPipelineSafeModeRule] INFO  ha.SCMContext (SCMContext.java:updateSafeModeStatus(228)) - Update SafeModeStatus from SafeModeStatus{safeModeStatus=true, preCheckPassed=true} to SafeModeStatus{safeModeStatus=false, preCheckPassed=true}.
2022-08-10 09:21:42,577 [EventQueue-OpenPipelineForHealthyPipelineSafeModeRule] INFO  pipeline.BackgroundPipelineCreator (BackgroundPipelineCreator.java:notifyStatusChanged(254)) - Service BackgroundPipelineCreator transitions to RUNNING.
2022-08-10 09:21:42,577 [EventQueue-OpenPipelineForHealthyPipelineSafeModeRule] INFO  BackgroundPipelineScrubber (BackgroundSCMService.java:notifyStatusChanged(82)) - Service BackgroundPipelineScrubber transitions to RUNNING.
2022-08-10 09:21:42,577 [EventQueue-OpenPipelineForHealthyPipelineSafeModeRule] INFO  ExpiredContainerReplicaOpScrubber (BackgroundSCMService.java:notifyStatusChanged(82)) - Service ExpiredContainerReplicaOpScrubber transitions to RUNNING.
2022-08-10 09:21:42,577 [EventQueue-OpenPipelineForHealthyPipelineSafeModeRule] INFO  UnderReplicatedQueueThread (BackgroundSCMService.java:notifyStatusChanged(82)) - Service UnderReplicatedQueueThread transitions to RUNNING.
2022-08-10 09:21:42,577 [EventQueue-OpenPipelineForHealthyPipelineSafeModeRule] INFO  OverReplicatedQueueThread (BackgroundSCMService.java:notifyStatusChanged(82)) - Service OverReplicatedQueueThread transitions to RUNNING.
2022-08-10 09:21:42,577 [EventQueue-OpenPipelineForHealthyPipelineSafeModeRule] INFO  replication.ReplicationManager (ReplicationManager.java:notifyStatusChanged(642)) - Service ReplicationManager transitions to RUNNING.
2022-08-10 09:21:42,578 [EventQueue-OpenPipelineForHealthyPipelineSafeModeRule] WARN  balancer.ContainerBalancer (ContainerBalancer.java:shouldRun(904)) - Could not find persisted configuration for ContainerBalancer when checking if ContainerBalancer should run. ContainerBalancer should not run now.
2022-08-10 09:21:42,579 [grpc-default-executor-1] INFO  server.RaftServer$Division (RaftServerImpl.java:requestVote(1184)) - 307a4eae-8455-4484-b26c-d8f5f09d506a@group-20D72298988B replies to ELECTION vote request: 895c4c6d-5b5c-4808-a9cf-fdca3e3afc0d<-307a4eae-8455-4484-b26c-d8f5f09d506a#0:OK-t2. Peer's state: 307a4eae-8455-4484-b26c-d8f5f09d506a@group-20D72298988B:t2, leader=null, voted=895c4c6d-5b5c-4808-a9cf-fdca3e3afc0d, raftlog=307a4eae-8455-4484-b26c-d8f5f09d506a@group-20D72298988B-SegmentedRaftLog:OPENED:c-1, conf=-1: [307a4eae-8455-4484-b26c-d8f5f09d506a|rpc:10.1.0.9:36815|dataStream:|priority:0, 1aca9449-889e-455e-97c1-34bb763eddaa|rpc:10.1.0.9:44661|dataStream:|priority:0, 895c4c6d-5b5c-4808-a9cf-fdca3e3afc0d|rpc:10.1.0.9:40015|dataStream:|priority:1], old=null
2022-08-10 09:21:42,587 [895c4c6d-5b5c-4808-a9cf-fdca3e3afc0d@group-20D72298988B-LeaderElection10] INFO  server.RaftServerConfigKeys (ConfUtils.java:logGet(46)) - raft.server.log.appender.snapshot.chunk.size.max = 16MB (=16777216) (default)
2022-08-10 09:21:42,588 [895c4c6d-5b5c-4808-a9cf-fdca3e3afc0d@group-20D72298988B-LeaderElection10] INFO  server.RaftServerConfigKeys (ConfUtils.java:logGet(46)) - raft.server.log.appender.buffer.byte-limit = 33554432 (custom)
2022-08-10 09:21:42,588 [895c4c6d-5b5c-4808-a9cf-fdca3e3afc0d@group-20D72298988B-LeaderElection10] INFO  server.RaftServerConfigKeys (ConfUtils.java:logGet(46)) - raft.server.log.appender.buffer.element-limit = 1 (custom)
2022-08-10 09:21:42,588 [895c4c6d-5b5c-4808-a9cf-fdca3e3afc0d@group-20D72298988B-LeaderElection10] INFO  grpc.GrpcConfigKeys (ConfUtils.java:logGet(46)) - raft.grpc.server.leader.outstanding.appends.max = 128 (default)
2022-08-10 09:21:42,588 [895c4c6d-5b5c-4808-a9cf-fdca3e3afc0d@group-20D72298988B-LeaderElection10] INFO  server.RaftServerConfigKeys (ConfUtils.java:logGet(46)) - raft.server.rpc.request.timeout = 60s (custom)
2022-08-10 09:21:42,588 [895c4c6d-5b5c-4808-a9cf-fdca3e3afc0d@group-20D72298988B-LeaderElection10] INFO  server.RaftServerConfigKeys (ConfUtils.java:logGet(46)) - raft.server.log.appender.install.snapshot.enabled = false (custom)
2022-08-10 09:21:42,589 [895c4c6d-5b5c-4808-a9cf-fdca3e3afc0d@group-20D72298988B-LeaderElection10] INFO  server.RaftServerConfigKeys (ConfUtils.java:logGet(46)) - raft.server.log.appender.snapshot.chunk.size.max = 16MB (=16777216) (default)
2022-08-10 09:21:42,589 [895c4c6d-5b5c-4808-a9cf-fdca3e3afc0d@group-20D72298988B-LeaderElection10] INFO  server.RaftServerConfigKeys (ConfUtils.java:logGet(46)) - raft.server.log.appender.buffer.byte-limit = 33554432 (custom)
2022-08-10 09:21:42,589 [895c4c6d-5b5c-4808-a9cf-fdca3e3afc0d@group-20D72298988B-LeaderElection10] INFO  server.RaftServerConfigKeys (ConfUtils.java:logGet(46)) - raft.server.log.appender.buffer.element-limit = 1 (custom)
2022-08-10 09:21:42,589 [895c4c6d-5b5c-4808-a9cf-fdca3e3afc0d@group-20D72298988B-LeaderElection10] INFO  grpc.GrpcConfigKeys (ConfUtils.java:logGet(46)) - raft.grpc.server.leader.outstanding.appends.max = 128 (default)
2022-08-10 09:21:42,589 [895c4c6d-5b5c-4808-a9cf-fdca3e3afc0d@group-20D72298988B-LeaderElection10] INFO  server.RaftServerConfigKeys (ConfUtils.java:logGet(46)) - raft.server.rpc.request.timeout = 60s (custom)
2022-08-10 09:21:42,589 [895c4c6d-5b5c-4808-a9cf-fdca3e3afc0d@group-20D72298988B-LeaderElection10] INFO  server.RaftServerConfigKeys (ConfUtils.java:logGet(46)) - raft.server.log.appender.install.snapshot.enabled = false (custom)
2022-08-10 09:21:42,589 [895c4c6d-5b5c-4808-a9cf-fdca3e3afc0d@group-20D72298988B-LeaderElection10] INFO  impl.RoleInfo (RoleInfo.java:updateAndGet(139)) - 895c4c6d-5b5c-4808-a9cf-fdca3e3afc0d: start 895c4c6d-5b5c-4808-a9cf-fdca3e3afc0d@group-20D72298988B-LeaderStateImpl
2022-08-10 09:21:42,590 [895c4c6d-5b5c-4808-a9cf-fdca3e3afc0d@group-20D72298988B-LeaderElection10] INFO  segmented.SegmentedRaftLogWorker (SegmentedRaftLogWorker.java:startLogSegment(425)) - 895c4c6d-5b5c-4808-a9cf-fdca3e3afc0d@group-20D72298988B-SegmentedRaftLogWorker: Starting segment from index:0
2022-08-10 09:21:42,595 [895c4c6d-5b5c-4808-a9cf-fdca3e3afc0d@group-20D72298988B-SegmentedRaftLogWorker] INFO  segmented.SegmentedRaftLogWorker (SegmentedRaftLogWorker.java:execute(629)) - 895c4c6d-5b5c-4808-a9cf-fdca3e3afc0d@group-20D72298988B-SegmentedRaftLogWorker: created new log segment /home/runner/work/ozone/ozone/hadoop-ozone/integration-test/target/test-dir/MiniOzoneClusterImpl-5b46f7b7-15cd-42ca-88c0-c813cff626ca/datanode-2/data/ratis/9405f0c9-f373-4ef5-8c00-20d72298988b/current/log_inprogress_0
2022-08-10 09:21:42,604 [895c4c6d-5b5c-4808-a9cf-fdca3e3afc0d@group-20D72298988B-LeaderElection10] INFO  server.RaftServer$Division (ServerState.java:setRaftConf(393)) - 895c4c6d-5b5c-4808-a9cf-fdca3e3afc0d@group-20D72298988B: set configuration 0: [307a4eae-8455-4484-b26c-d8f5f09d506a|rpc:10.1.0.9:36815|dataStream:|priority:0, 1aca9449-889e-455e-97c1-34bb763eddaa|rpc:10.1.0.9:44661|dataStream:|priority:0, 895c4c6d-5b5c-4808-a9cf-fdca3e3afc0d|rpc:10.1.0.9:40015|dataStream:|priority:1], old=null
2022-08-10 09:21:42,622 [307a4eae-8455-4484-b26c-d8f5f09d506a-server-thread1] INFO  ratis.XceiverServerRatis (XceiverServerRatis.java:handleLeaderChangedNotification(863)) - Leader change notification received for group: group-20D72298988B with new leaderId: 895c4c6d-5b5c-4808-a9cf-fdca3e3afc0d
2022-08-10 09:21:42,623 [307a4eae-8455-4484-b26c-d8f5f09d506a-server-thread1] INFO  server.RaftServer$Division (ServerState.java:setLeader(287)) - 307a4eae-8455-4484-b26c-d8f5f09d506a@group-20D72298988B: change Leader from null to 895c4c6d-5b5c-4808-a9cf-fdca3e3afc0d at term 2 for appendEntries, leader elected after 10119ms
2022-08-10 09:21:42,629 [307a4eae-8455-4484-b26c-d8f5f09d506a-server-thread1] INFO  server.RaftServer$Division (ServerState.java:setRaftConf(393)) - 307a4eae-8455-4484-b26c-d8f5f09d506a@group-20D72298988B: set configuration 0: [307a4eae-8455-4484-b26c-d8f5f09d506a|rpc:10.1.0.9:36815|dataStream:|priority:0, 1aca9449-889e-455e-97c1-34bb763eddaa|rpc:10.1.0.9:44661|dataStream:|priority:0, 895c4c6d-5b5c-4808-a9cf-fdca3e3afc0d|rpc:10.1.0.9:40015|dataStream:|priority:1], old=null
2022-08-10 09:21:42,629 [307a4eae-8455-4484-b26c-d8f5f09d506a-server-thread1] INFO  segmented.SegmentedRaftLogWorker (SegmentedRaftLogWorker.java:startLogSegment(425)) - 307a4eae-8455-4484-b26c-d8f5f09d506a@group-20D72298988B-SegmentedRaftLogWorker: Starting segment from index:0
2022-08-10 09:21:42,631 [307a4eae-8455-4484-b26c-d8f5f09d506a@group-20D72298988B-SegmentedRaftLogWorker] INFO  segmented.SegmentedRaftLogWorker (SegmentedRaftLogWorker.java:execute(629)) - 307a4eae-8455-4484-b26c-d8f5f09d506a@group-20D72298988B-SegmentedRaftLogWorker: created new log segment /home/runner/work/ozone/ozone/hadoop-ozone/integration-test/target/test-dir/MiniOzoneClusterImpl-5b46f7b7-15cd-42ca-88c0-c813cff626ca/datanode-1/data/ratis/9405f0c9-f373-4ef5-8c00-20d72298988b/current/log_inprogress_0
2022-08-10 09:21:42,631 [1aca9449-889e-455e-97c1-34bb763eddaa-server-thread1] INFO  ratis.XceiverServerRatis (XceiverServerRatis.java:handleLeaderChangedNotification(863)) - Leader change notification received for group: group-20D72298988B with new leaderId: 895c4c6d-5b5c-4808-a9cf-fdca3e3afc0d
2022-08-10 09:21:42,631 [1aca9449-889e-455e-97c1-34bb763eddaa-server-thread1] INFO  server.RaftServer$Division (ServerState.java:setLeader(287)) - 1aca9449-889e-455e-97c1-34bb763eddaa@group-20D72298988B: change Leader from null to 895c4c6d-5b5c-4808-a9cf-fdca3e3afc0d at term 2 for appendEntries, leader elected after 10231ms
2022-08-10 09:21:42,636 [1aca9449-889e-455e-97c1-34bb763eddaa-server-thread1] INFO  server.RaftServer$Division (ServerState.java:setRaftConf(393)) - 1aca9449-889e-455e-97c1-34bb763eddaa@group-20D72298988B: set configuration 0: [307a4eae-8455-4484-b26c-d8f5f09d506a|rpc:10.1.0.9:36815|dataStream:|priority:0, 1aca9449-889e-455e-97c1-34bb763eddaa|rpc:10.1.0.9:44661|dataStream:|priority:0, 895c4c6d-5b5c-4808-a9cf-fdca3e3afc0d|rpc:10.1.0.9:40015|dataStream:|priority:1], old=null
2022-08-10 09:21:42,637 [1aca9449-889e-455e-97c1-34bb763eddaa-server-thread1] INFO  segmented.SegmentedRaftLogWorker (SegmentedRaftLogWorker.java:startLogSegment(425)) - 1aca9449-889e-455e-97c1-34bb763eddaa@group-20D72298988B-SegmentedRaftLogWorker: Starting segment from index:0
2022-08-10 09:21:42,644 [1aca9449-889e-455e-97c1-34bb763eddaa@group-20D72298988B-SegmentedRaftLogWorker] INFO  segmented.SegmentedRaftLogWorker (SegmentedRaftLogWorker.java:execute(629)) - 1aca9449-889e-455e-97c1-34bb763eddaa@group-20D72298988B-SegmentedRaftLogWorker: created new log segment /home/runner/work/ozone/ozone/hadoop-ozone/integration-test/target/test-dir/MiniOzoneClusterImpl-5b46f7b7-15cd-42ca-88c0-c813cff626ca/datanode-0/data/ratis/9405f0c9-f373-4ef5-8c00-20d72298988b/current/log_inprogress_0
2022-08-10 09:21:42,983 [895c4c6d-5b5c-4808-a9cf-fdca3e3afc0d@group-711033C97113-FollowerState] INFO  impl.FollowerState (FollowerState.java:run(143)) - 895c4c6d-5b5c-4808-a9cf-fdca3e3afc0d@group-711033C97113-FollowerState: change to CANDIDATE, lastRpcElapsedTime:5094694869ns, electionTimeout:5094ms
2022-08-10 09:21:42,984 [895c4c6d-5b5c-4808-a9cf-fdca3e3afc0d@group-711033C97113-FollowerState] INFO  impl.RoleInfo (RoleInfo.java:shutdownFollowerState(110)) - 895c4c6d-5b5c-4808-a9cf-fdca3e3afc0d: shutdown 895c4c6d-5b5c-4808-a9cf-fdca3e3afc0d@group-711033C97113-FollowerState
2022-08-10 09:21:42,984 [895c4c6d-5b5c-4808-a9cf-fdca3e3afc0d@group-711033C97113-FollowerState] INFO  server.RaftServer$Division (RaftServerImpl.java:setRole(299)) - 895c4c6d-5b5c-4808-a9cf-fdca3e3afc0d@group-711033C97113: changes role from  FOLLOWER to CANDIDATE at term 1 for changeToCandidate
2022-08-10 09:21:42,984 [895c4c6d-5b5c-4808-a9cf-fdca3e3afc0d@group-711033C97113-FollowerState] INFO  server.RaftServerConfigKeys (ConfUtils.java:logGet(46)) - raft.server.leaderelection.pre-vote = false (custom)
2022-08-10 09:21:42,984 [895c4c6d-5b5c-4808-a9cf-fdca3e3afc0d@group-711033C97113-FollowerState] INFO  impl.RoleInfo (RoleInfo.java:updateAndGet(139)) - 895c4c6d-5b5c-4808-a9cf-fdca3e3afc0d: start 895c4c6d-5b5c-4808-a9cf-fdca3e3afc0d@group-711033C97113-LeaderElection11
2022-08-10 09:21:42,985 [307a4eae-8455-4484-b26c-d8f5f09d506a@group-711033C97113-FollowerState] INFO  impl.FollowerState (FollowerState.java:run(143)) - 307a4eae-8455-4484-b26c-d8f5f09d506a@group-711033C97113-FollowerState: change to CANDIDATE, lastRpcElapsedTime:5088055692ns, electionTimeout:5085ms
2022-08-10 09:21:42,985 [307a4eae-8455-4484-b26c-d8f5f09d506a@group-711033C97113-FollowerState] INFO  impl.RoleInfo (RoleInfo.java:shutdownFollowerState(110)) - 307a4eae-8455-4484-b26c-d8f5f09d506a: shutdown 307a4eae-8455-4484-b26c-d8f5f09d506a@group-711033C97113-FollowerState
2022-08-10 09:21:42,985 [307a4eae-8455-4484-b26c-d8f5f09d506a@group-711033C97113-FollowerState] INFO  server.RaftServer$Division (RaftServerImpl.java:setRole(299)) - 307a4eae-8455-4484-b26c-d8f5f09d506a@group-711033C97113: changes role from  FOLLOWER to CANDIDATE at term 1 for changeToCandidate
2022-08-10 09:21:42,985 [307a4eae-8455-4484-b26c-d8f5f09d506a@group-711033C97113-FollowerState] INFO  server.RaftServerConfigKeys (ConfUtils.java:logGet(46)) - raft.server.leaderelection.pre-vote = false (custom)
2022-08-10 09:21:42,985 [307a4eae-8455-4484-b26c-d8f5f09d506a@group-711033C97113-FollowerState] INFO  impl.RoleInfo (RoleInfo.java:updateAndGet(139)) - 307a4eae-8455-4484-b26c-d8f5f09d506a: start 307a4eae-8455-4484-b26c-d8f5f09d506a@group-711033C97113-LeaderElection12
2022-08-10 09:21:42,990 [895c4c6d-5b5c-4808-a9cf-fdca3e3afc0d@group-711033C97113-LeaderElection11] INFO  impl.LeaderElection (LeaderElection.java:askForVotes(310)) - 895c4c6d-5b5c-4808-a9cf-fdca3e3afc0d@group-711033C97113-LeaderElection11 ELECTION round 0: submit vote requests at term 2 for -1: [307a4eae-8455-4484-b26c-d8f5f09d506a|rpc:10.1.0.9:36815|dataStream:|priority:1, 1aca9449-889e-455e-97c1-34bb763eddaa|rpc:10.1.0.9:44661|dataStream:|priority:0, 895c4c6d-5b5c-4808-a9cf-fdca3e3afc0d|rpc:10.1.0.9:40015|dataStream:|priority:0], old=null
2022-08-10 09:21:42,990 [307a4eae-8455-4484-b26c-d8f5f09d506a@group-711033C97113-LeaderElection12] INFO  impl.LeaderElection (LeaderElection.java:askForVotes(310)) - 307a4eae-8455-4484-b26c-d8f5f09d506a@group-711033C97113-LeaderElection12 ELECTION round 0: submit vote requests at term 2 for -1: [307a4eae-8455-4484-b26c-d8f5f09d506a|rpc:10.1.0.9:36815|dataStream:|priority:1, 1aca9449-889e-455e-97c1-34bb763eddaa|rpc:10.1.0.9:44661|dataStream:|priority:0, 895c4c6d-5b5c-4808-a9cf-fdca3e3afc0d|rpc:10.1.0.9:40015|dataStream:|priority:0], old=null
2022-08-10 09:21:42,999 [grpc-default-executor-2] INFO  server.RaftServer$Division (RaftServerImpl.java:requestVote(1152)) - 1aca9449-889e-455e-97c1-34bb763eddaa@group-711033C97113: receive requestVote(ELECTION, 895c4c6d-5b5c-4808-a9cf-fdca3e3afc0d, group-711033C97113, 2, (t:0, i:0))
2022-08-10 09:21:43,000 [grpc-default-executor-2] INFO  impl.VoteContext (VoteContext.java:log(48)) - 1aca9449-889e-455e-97c1-34bb763eddaa@group-711033C97113-FOLLOWER: accept ELECTION from 895c4c6d-5b5c-4808-a9cf-fdca3e3afc0d: our priority 0 <= candidate's priority 0
2022-08-10 09:21:43,000 [grpc-default-executor-2] INFO  server.RaftServer$Division (RaftServerImpl.java:setRole(299)) - 1aca9449-889e-455e-97c1-34bb763eddaa@group-711033C97113: changes role from  FOLLOWER to FOLLOWER at term 2 for candidate:895c4c6d-5b5c-4808-a9cf-fdca3e3afc0d
2022-08-10 09:21:43,000 [grpc-default-executor-2] INFO  impl.RoleInfo (RoleInfo.java:shutdownFollowerState(110)) - 1aca9449-889e-455e-97c1-34bb763eddaa: shutdown 1aca9449-889e-455e-97c1-34bb763eddaa@group-711033C97113-FollowerState
2022-08-10 09:21:43,001 [grpc-default-executor-2] INFO  impl.RoleInfo (RoleInfo.java:updateAndGet(139)) - 1aca9449-889e-455e-97c1-34bb763eddaa: start 1aca9449-889e-455e-97c1-34bb763eddaa@group-711033C97113-FollowerState
2022-08-10 09:21:42,999 [grpc-default-executor-0] INFO  server.RaftServer$Division (RaftServerImpl.java:requestVote(1152)) - 307a4eae-8455-4484-b26c-d8f5f09d506a@group-711033C97113: receive requestVote(ELECTION, 895c4c6d-5b5c-4808-a9cf-fdca3e3afc0d, group-711033C97113, 2, (t:0, i:0))
2022-08-10 09:21:43,001 [1aca9449-889e-455e-97c1-34bb763eddaa@group-711033C97113-FollowerState] INFO  impl.FollowerState (FollowerState.java:run(152)) - 1aca9449-889e-455e-97c1-34bb763eddaa@group-711033C97113-FollowerState was interrupted
2022-08-10 09:21:43,002 [grpc-default-executor-0] INFO  impl.VoteContext (VoteContext.java:log(48)) - 307a4eae-8455-4484-b26c-d8f5f09d506a@group-711033C97113-CANDIDATE: reject ELECTION from 895c4c6d-5b5c-4808-a9cf-fdca3e3afc0d: already has voted for 307a4eae-8455-4484-b26c-d8f5f09d506a at current term 2
2022-08-10 09:21:43,012 [grpc-default-executor-0] INFO  server.RaftServer$Division (RaftServerImpl.java:requestVote(1184)) - 307a4eae-8455-4484-b26c-d8f5f09d506a@group-711033C97113 replies to ELECTION vote request: 895c4c6d-5b5c-4808-a9cf-fdca3e3afc0d<-307a4eae-8455-4484-b26c-d8f5f09d506a#0:FAIL-t2. Peer's state: 307a4eae-8455-4484-b26c-d8f5f09d506a@group-711033C97113:t2, leader=null, voted=307a4eae-8455-4484-b26c-d8f5f09d506a, raftlog=307a4eae-8455-4484-b26c-d8f5f09d506a@group-711033C97113-SegmentedRaftLog:OPENED:c-1, conf=-1: [307a4eae-8455-4484-b26c-d8f5f09d506a|rpc:10.1.0.9:36815|dataStream:|priority:1, 1aca9449-889e-455e-97c1-34bb763eddaa|rpc:10.1.0.9:44661|dataStream:|priority:0, 895c4c6d-5b5c-4808-a9cf-fdca3e3afc0d|rpc:10.1.0.9:40015|dataStream:|priority:0], old=null
2022-08-10 09:21:43,012 [grpc-default-executor-2] INFO  server.RaftServer$Division (RaftServerImpl.java:requestVote(1184)) - 1aca9449-889e-455e-97c1-34bb763eddaa@group-711033C97113 replies to ELECTION vote request: 895c4c6d-5b5c-4808-a9cf-fdca3e3afc0d<-1aca9449-889e-455e-97c1-34bb763eddaa#0:OK-t2. Peer's state: 1aca9449-889e-455e-97c1-34bb763eddaa@group-711033C97113:t2, leader=null, voted=895c4c6d-5b5c-4808-a9cf-fdca3e3afc0d, raftlog=1aca9449-889e-455e-97c1-34bb763eddaa@group-711033C97113-SegmentedRaftLog:OPENED:c-1, conf=-1: [307a4eae-8455-4484-b26c-d8f5f09d506a|rpc:10.1.0.9:36815|priority:1, 1aca9449-889e-455e-97c1-34bb763eddaa|rpc:10.1.0.9:44661|priority:0, 895c4c6d-5b5c-4808-a9cf-fdca3e3afc0d|rpc:10.1.0.9:40015|priority:0], old=null
2022-08-10 09:21:43,020 [895c4c6d-5b5c-4808-a9cf-fdca3e3afc0d@group-711033C97113-LeaderElection11] INFO  impl.LeaderElection (LeaderElection.java:logAndReturn(90)) - 895c4c6d-5b5c-4808-a9cf-fdca3e3afc0d@group-711033C97113-LeaderElection11: ELECTION REJECTED received 1 response(s) and 0 exception(s):
2022-08-10 09:21:43,022 [895c4c6d-5b5c-4808-a9cf-fdca3e3afc0d@group-711033C97113-LeaderElection11] INFO  impl.LeaderElection (LeaderElection.java:logAndReturn(94)) -   Response 0: 895c4c6d-5b5c-4808-a9cf-fdca3e3afc0d<-307a4eae-8455-4484-b26c-d8f5f09d506a#0:FAIL-t2
2022-08-10 09:21:43,022 [895c4c6d-5b5c-4808-a9cf-fdca3e3afc0d@group-711033C97113-LeaderElection11] INFO  impl.LeaderElection (LeaderElection.java:askForVotes(312)) - 895c4c6d-5b5c-4808-a9cf-fdca3e3afc0d@group-711033C97113-LeaderElection11 ELECTION round 0: result REJECTED
2022-08-10 09:21:43,022 [895c4c6d-5b5c-4808-a9cf-fdca3e3afc0d@group-711033C97113-LeaderElection11] INFO  server.RaftServer$Division (RaftServerImpl.java:setRole(299)) - 895c4c6d-5b5c-4808-a9cf-fdca3e3afc0d@group-711033C97113: changes role from CANDIDATE to FOLLOWER at term 2 for REJECTED
2022-08-10 09:21:43,022 [895c4c6d-5b5c-4808-a9cf-fdca3e3afc0d@group-711033C97113-LeaderElection11] INFO  impl.RoleInfo (RoleInfo.java:shutdownLeaderElection(130)) - 895c4c6d-5b5c-4808-a9cf-fdca3e3afc0d: shutdown 895c4c6d-5b5c-4808-a9cf-fdca3e3afc0d@group-711033C97113-LeaderElection11
2022-08-10 09:21:43,023 [895c4c6d-5b5c-4808-a9cf-fdca3e3afc0d@group-711033C97113-LeaderElection11] INFO  impl.RoleInfo (RoleInfo.java:updateAndGet(139)) - 895c4c6d-5b5c-4808-a9cf-fdca3e3afc0d: start 895c4c6d-5b5c-4808-a9cf-fdca3e3afc0d@group-711033C97113-FollowerState
2022-08-10 09:21:43,024 [grpc-default-executor-0] INFO  server.RaftServer$Division (RaftServerImpl.java:requestVote(1152)) - 1aca9449-889e-455e-97c1-34bb763eddaa@group-711033C97113: receive requestVote(ELECTION, 307a4eae-8455-4484-b26c-d8f5f09d506a, group-711033C97113, 2, (t:0, i:0))
2022-08-10 09:21:43,029 [grpc-default-executor-0] INFO  impl.VoteContext (VoteContext.java:log(48)) - 1aca9449-889e-455e-97c1-34bb763eddaa@group-711033C97113-FOLLOWER: reject ELECTION from 307a4eae-8455-4484-b26c-d8f5f09d506a: already has voted for 895c4c6d-5b5c-4808-a9cf-fdca3e3afc0d at current term 2
2022-08-10 09:21:43,029 [grpc-default-executor-0] INFO  server.RaftServer$Division (RaftServerImpl.java:requestVote(1184)) - 1aca9449-889e-455e-97c1-34bb763eddaa@group-711033C97113 replies to ELECTION vote request: 307a4eae-8455-4484-b26c-d8f5f09d506a<-1aca9449-889e-455e-97c1-34bb763eddaa#0:FAIL-t2. Peer's state: 1aca9449-889e-455e-97c1-34bb763eddaa@group-711033C97113:t2, leader=null, voted=895c4c6d-5b5c-4808-a9cf-fdca3e3afc0d, raftlog=1aca9449-889e-455e-97c1-34bb763eddaa@group-711033C97113-SegmentedRaftLog:OPENED:c-1, conf=-1: [307a4eae-8455-4484-b26c-d8f5f09d506a|rpc:10.1.0.9:36815|priority:1, 1aca9449-889e-455e-97c1-34bb763eddaa|rpc:10.1.0.9:44661|priority:0, 895c4c6d-5b5c-4808-a9cf-fdca3e3afc0d|rpc:10.1.0.9:40015|priority:0], old=null
2022-08-10 09:21:43,031 [grpc-default-executor-2] INFO  server.RaftServer$Division (RaftServerImpl.java:requestVote(1152)) - 895c4c6d-5b5c-4808-a9cf-fdca3e3afc0d@group-711033C97113: receive requestVote(ELECTION, 307a4eae-8455-4484-b26c-d8f5f09d506a, group-711033C97113, 2, (t:0, i:0))
2022-08-10 09:21:43,031 [grpc-default-executor-2] INFO  impl.VoteContext (VoteContext.java:log(48)) - 895c4c6d-5b5c-4808-a9cf-fdca3e3afc0d@group-711033C97113-FOLLOWER: reject ELECTION from 307a4eae-8455-4484-b26c-d8f5f09d506a: already has voted for 895c4c6d-5b5c-4808-a9cf-fdca3e3afc0d at current term 2
2022-08-10 09:21:43,031 [grpc-default-executor-2] INFO  server.RaftServer$Division (RaftServerImpl.java:requestVote(1184)) - 895c4c6d-5b5c-4808-a9cf-fdca3e3afc0d@group-711033C97113 replies to ELECTION vote request: 307a4eae-8455-4484-b26c-d8f5f09d506a<-895c4c6d-5b5c-4808-a9cf-fdca3e3afc0d#0:FAIL-t2. Peer's state: 895c4c6d-5b5c-4808-a9cf-fdca3e3afc0d@group-711033C97113:t2, leader=null, voted=895c4c6d-5b5c-4808-a9cf-fdca3e3afc0d, raftlog=895c4c6d-5b5c-4808-a9cf-fdca3e3afc0d@group-711033C97113-SegmentedRaftLog:OPENED:c-1, conf=-1: [307a4eae-8455-4484-b26c-d8f5f09d506a|rpc:10.1.0.9:36815|dataStream:|priority:1, 1aca9449-889e-455e-97c1-34bb763eddaa|rpc:10.1.0.9:44661|dataStream:|priority:0, 895c4c6d-5b5c-4808-a9cf-fdca3e3afc0d|rpc:10.1.0.9:40015|dataStream:|priority:0], old=null
2022-08-10 09:21:43,033 [307a4eae-8455-4484-b26c-d8f5f09d506a@group-711033C97113-LeaderElection12] INFO  impl.LeaderElection (LeaderElection.java:logAndReturn(90)) - 307a4eae-8455-4484-b26c-d8f5f09d506a@group-711033C97113-LeaderElection12: ELECTION REJECTED received 2 response(s) and 0 exception(s):
2022-08-10 09:21:43,035 [307a4eae-8455-4484-b26c-d8f5f09d506a@group-711033C97113-LeaderElection12] INFO  impl.LeaderElection (LeaderElection.java:logAndReturn(94)) -   Response 0: 307a4eae-8455-4484-b26c-d8f5f09d506a<-1aca9449-889e-455e-97c1-34bb763eddaa#0:FAIL-t2
2022-08-10 09:21:43,035 [307a4eae-8455-4484-b26c-d8f5f09d506a@group-711033C97113-LeaderElection12] INFO  impl.LeaderElection (LeaderElection.java:logAndReturn(94)) -   Response 1: 307a4eae-8455-4484-b26c-d8f5f09d506a<-895c4c6d-5b5c-4808-a9cf-fdca3e3afc0d#0:FAIL-t2
2022-08-10 09:21:43,035 [307a4eae-8455-4484-b26c-d8f5f09d506a@group-711033C97113-LeaderElection12] INFO  impl.LeaderElection (LeaderElection.java:askForVotes(312)) - 307a4eae-8455-4484-b26c-d8f5f09d506a@group-711033C97113-LeaderElection12 ELECTION round 0: result REJECTED
2022-08-10 09:21:43,035 [307a4eae-8455-4484-b26c-d8f5f09d506a@group-711033C97113-LeaderElection12] INFO  server.RaftServer$Division (RaftServerImpl.java:setRole(299)) - 307a4eae-8455-4484-b26c-d8f5f09d506a@group-711033C97113: changes role from CANDIDATE to FOLLOWER at term 2 for REJECTED
2022-08-10 09:21:43,036 [307a4eae-8455-4484-b26c-d8f5f09d506a@group-711033C97113-LeaderElection12] INFO  impl.RoleInfo (RoleInfo.java:shutdownLeaderElection(130)) - 307a4eae-8455-4484-b26c-d8f5f09d506a: shutdown 307a4eae-8455-4484-b26c-d8f5f09d506a@group-711033C97113-LeaderElection12
2022-08-10 09:21:43,036 [307a4eae-8455-4484-b26c-d8f5f09d506a@group-711033C97113-LeaderElection12] INFO  impl.RoleInfo (RoleInfo.java:updateAndGet(139)) - 307a4eae-8455-4484-b26c-d8f5f09d506a: start 307a4eae-8455-4484-b26c-d8f5f09d506a@group-711033C97113-FollowerState
2022-08-10 09:21:43,156 [Listener at 127.0.0.1/36235] INFO  ozone.MiniOzoneClusterImpl (MiniOzoneClusterImpl.java:lambda$waitForClusterToBeReady$0(216)) - Nodes are ready. Got 3 of 3 DN Heartbeats.
2022-08-10 09:21:43,157 [Listener at 127.0.0.1/36235] INFO  ozone.MiniOzoneClusterImpl (MiniOzoneClusterImpl.java:lambda$waitForClusterToBeReady$0(219)) - Cluster exits safe mode
2022-08-10 09:21:43,157 [Listener at 127.0.0.1/36235] INFO  ozone.MiniOzoneClusterImpl (MiniOzoneClusterImpl.java:lambda$waitForClusterToBeReady$0(221)) - SCM became leader
2022-08-10 09:21:43,670 [Listener at 127.0.0.1/36235] INFO  rpc.RpcClient (RpcClient.java:createVolume(471)) - Creating Volume: volume10452, with user24766 as owner and space quota set to -1 bytes, counts quota set to -1
2022-08-10 09:21:43,753 [OM StateMachine ApplyTransaction Thread - 0] INFO  volume.OMVolumeCreateRequest (OMVolumeCreateRequest.java:validateAndUpdateCache(195)) - created volume:volume10452 for user:user24766
2022-08-10 09:21:43,762 [OM StateMachine ApplyTransaction Thread - 0] INFO  volume.OMVolumeCreateRequest (OMVolumeCreateRequest.java:validateAndUpdateCache(195)) - created volume:volume10452 for user:user24766
2022-08-10 09:21:43,760 [OM StateMachine ApplyTransaction Thread - 0] INFO  volume.OMVolumeCreateRequest (OMVolumeCreateRequest.java:validateAndUpdateCache(195)) - created volume:volume10452 for user:user24766
2022-08-10 09:21:43,787 [Listener at 127.0.0.1/36235] INFO  rpc.RpcClient (RpcClient.java:createBucket(674)) - Creating Bucket: volume10452/1a0b604e-e58a-4019-8ce0-3d797e966fda, with server-side default bucket layout, runner as owner, Versioning false, Storage Type set to DISK and Encryption set to false 
2022-08-10 09:21:43,812 [OM StateMachine ApplyTransaction Thread - 0] INFO  bucket.OMBucketCreateRequest (OMBucketCreateRequest.java:validateAndUpdateCache(260)) - created bucket: 1a0b604e-e58a-4019-8ce0-3d797e966fda of layout LEGACY in volume: volume10452
2022-08-10 09:21:43,814 [OM StateMachine ApplyTransaction Thread - 0] INFO  bucket.OMBucketCreateRequest (OMBucketCreateRequest.java:validateAndUpdateCache(260)) - created bucket: 1a0b604e-e58a-4019-8ce0-3d797e966fda of layout LEGACY in volume: volume10452
2022-08-10 09:21:43,813 [OM StateMachine ApplyTransaction Thread - 0] INFO  bucket.OMBucketCreateRequest (OMBucketCreateRequest.java:validateAndUpdateCache(260)) - created bucket: 1a0b604e-e58a-4019-8ce0-3d797e966fda of layout LEGACY in volume: volume10452
2022-08-10 09:21:43,965 [IPC Server handler 19 on default port 38863] INFO  ha.SequenceIdGenerator (SequenceIdGenerator.java:getNextId(128)) - Allocate a batch for containerId, change lastId from 0 to 1000.
2022-08-10 09:21:43,977 [IPC Server handler 19 on default port 38863] WARN  ha.SequenceIdGenerator (SequenceIdGenerator.java:allocateBatch(237)) - Failed to allocate a batch for localId, expected lastId is 0, actual lastId is 109611004723200000.
2022-08-10 09:21:43,977 [IPC Server handler 19 on default port 38863] INFO  ha.SequenceIdGenerator (SequenceIdGenerator.java:getNextId(128)) - Allocate a batch for localId, change lastId from 109611004723200000 to 109611004723201000.
2022-08-10 09:21:44,037 [Listener at 127.0.0.1/36235] INFO  impl.MetricsSystemImpl (MetricsSystemImpl.java:init(158)) - XceiverClientMetrics metrics system started (again)
2022-08-10 09:21:44,338 [Finalizer] WARN  managed.ManagedRocksObjectUtils (ManagedRocksObjectUtils.java:assertClosed(39)) - ManagedDBOptions is not closed properly
2022-08-10 09:21:44,338 [Finalizer] WARN  managed.ManagedRocksObjectUtils (ManagedRocksObjectUtils.java:assertClosed(39)) - ManagedColumnFamilyOptions is not closed properly
2022-08-10 09:21:44,338 [Finalizer] WARN  managed.ManagedRocksObjectUtils (ManagedRocksObjectUtils.java:assertClosed(39)) - ManagedLRUCache is not closed properly
2022-08-10 09:21:44,338 [Finalizer] WARN  managed.ManagedRocksObjectUtils (ManagedRocksObjectUtils.java:assertClosed(39)) - ManagedBloomFilter is not closed properly
2022-08-10 09:21:44,338 [Finalizer] WARN  managed.ManagedRocksObjectUtils (ManagedRocksObjectUtils.java:assertClosed(39)) - ManagedLRUCache is not closed properly
2022-08-10 09:21:44,338 [Finalizer] WARN  managed.ManagedRocksObjectUtils (ManagedRocksObjectUtils.java:assertClosed(39)) - ManagedBloomFilter is not closed properly
2022-08-10 09:21:44,338 [Finalizer] WARN  managed.ManagedRocksObjectUtils (ManagedRocksObjectUtils.java:assertClosed(39)) - ManagedLRUCache is not closed properly
2022-08-10 09:21:44,338 [Finalizer] WARN  managed.ManagedRocksObjectUtils (ManagedRocksObjectUtils.java:assertClosed(39)) - ManagedDBOptions is not closed properly
2022-08-10 09:21:44,338 [Finalizer] WARN  managed.ManagedRocksObjectUtils (ManagedRocksObjectUtils.java:assertClosed(39)) - ManagedColumnFamilyOptions is not closed properly
2022-08-10 09:21:44,338 [Finalizer] WARN  managed.ManagedRocksObjectUtils (ManagedRocksObjectUtils.java:assertClosed(39)) - ManagedLRUCache is not closed properly
2022-08-10 09:21:44,338 [Finalizer] WARN  managed.ManagedRocksObjectUtils (ManagedRocksObjectUtils.java:assertClosed(39)) - ManagedBloomFilter is not closed properly
2022-08-10 09:21:44,338 [Finalizer] WARN  managed.ManagedRocksObjectUtils (ManagedRocksObjectUtils.java:assertClosed(39)) - ManagedDBOptions is not closed properly
2022-08-10 09:21:44,339 [Finalizer] WARN  managed.ManagedRocksObjectUtils (ManagedRocksObjectUtils.java:assertClosed(39)) - ManagedColumnFamilyOptions is not closed properly
2022-08-10 09:21:44,339 [Finalizer] WARN  managed.ManagedRocksObjectUtils (ManagedRocksObjectUtils.java:assertClosed(39)) - ManagedLRUCache is not closed properly
2022-08-10 09:21:44,339 [Finalizer] WARN  managed.ManagedRocksObjectUtils (ManagedRocksObjectUtils.java:assertClosed(39)) - ManagedBloomFilter is not closed properly
2022-08-10 09:21:44,339 [Finalizer] WARN  managed.ManagedRocksObjectUtils (ManagedRocksObjectUtils.java:assertClosed(39)) - ManagedDBOptions is not closed properly
2022-08-10 09:21:44,339 [Finalizer] WARN  managed.ManagedRocksObjectUtils (ManagedRocksObjectUtils.java:assertClosed(39)) - ManagedColumnFamilyOptions is not closed properly
2022-08-10 09:21:44,339 [Finalizer] WARN  managed.ManagedRocksObjectUtils (ManagedRocksObjectUtils.java:assertClosed(39)) - ManagedLRUCache is not closed properly
2022-08-10 09:21:44,339 [Finalizer] WARN  managed.ManagedRocksObjectUtils (ManagedRocksObjectUtils.java:assertClosed(39)) - ManagedBloomFilter is not closed properly
2022-08-10 09:21:44,766 [Listener at 127.0.0.1/36235] INFO  rpc.RpcClient (RpcClient.java:createVolume(471)) - Creating Volume: volume44152, with user45934 as owner and space quota set to -1 bytes, counts quota set to -1
2022-08-10 09:21:44,777 [OM StateMachine ApplyTransaction Thread - 0] INFO  volume.OMVolumeCreateRequest (OMVolumeCreateRequest.java:validateAndUpdateCache(195)) - created volume:volume44152 for user:user45934
2022-08-10 09:21:44,781 [OM StateMachine ApplyTransaction Thread - 0] INFO  volume.OMVolumeCreateRequest (OMVolumeCreateRequest.java:validateAndUpdateCache(195)) - created volume:volume44152 for user:user45934
2022-08-10 09:21:44,782 [Listener at 127.0.0.1/36235] INFO  rpc.RpcClient (RpcClient.java:createBucket(674)) - Creating Bucket: volume44152/b25db87c-a277-4aea-a869-2ba31e8863ab, with server-side default bucket layout, runner as owner, Versioning false, Storage Type set to DISK and Encryption set to false 
2022-08-10 09:21:44,790 [OM StateMachine ApplyTransaction Thread - 0] INFO  volume.OMVolumeCreateRequest (OMVolumeCreateRequest.java:validateAndUpdateCache(195)) - created volume:volume44152 for user:user45934
2022-08-10 09:21:44,792 [OM StateMachine ApplyTransaction Thread - 0] INFO  bucket.OMBucketCreateRequest (OMBucketCreateRequest.java:validateAndUpdateCache(260)) - created bucket: b25db87c-a277-4aea-a869-2ba31e8863ab of layout LEGACY in volume: volume44152
2022-08-10 09:21:44,805 [OM StateMachine ApplyTransaction Thread - 0] INFO  bucket.OMBucketCreateRequest (OMBucketCreateRequest.java:validateAndUpdateCache(260)) - created bucket: b25db87c-a277-4aea-a869-2ba31e8863ab of layout LEGACY in volume: volume44152
2022-08-10 09:21:44,811 [OM StateMachine ApplyTransaction Thread - 0] INFO  bucket.OMBucketCreateRequest (OMBucketCreateRequest.java:validateAndUpdateCache(260)) - created bucket: b25db87c-a277-4aea-a869-2ba31e8863ab of layout LEGACY in volume: volume44152
2022-08-10 09:21:44,818 [Listener at 127.0.0.1/36235] INFO  om.OzoneManager (OzoneManager.java:stop(2022)) - omNode-1[localhost:39929]: Stopping Ozone Manager
2022-08-10 09:21:44,819 [Listener at 127.0.0.1/36235] INFO  ipc.Server (Server.java:stop(3414)) - Stopping server on 39929
2022-08-10 09:21:44,839 [IPC Server listener on 39929] INFO  ipc.Server (Server.java:run(1376)) - Stopping IPC Server listener on 39929
2022-08-10 09:21:44,840 [IPC Server Responder] INFO  ipc.Server (Server.java:run(1512)) - Stopping IPC Server Responder
2022-08-10 09:21:44,841 [Listener at 127.0.0.1/36235] INFO  server.RaftServer (RaftServerProxy.java:lambda$close$7(398)) - omNode-1: close
2022-08-10 09:21:44,842 [Listener at 127.0.0.1/36235] INFO  server.RaftServer$Division (RaftServerImpl.java:lambda$close$4(434)) - omNode-1@group-523986131536: shutdown
2022-08-10 09:21:44,842 [Listener at 127.0.0.1/36235] INFO  util.JmxRegister (JmxRegister.java:unregister(73)) - Successfully un-registered JMX Bean with object name Ratis:service=RaftServer,group=group-523986131536,id=omNode-1
2022-08-10 09:21:44,842 [Listener at 127.0.0.1/36235] INFO  impl.RoleInfo (RoleInfo.java:shutdownLeaderState(93)) - omNode-1: shutdown omNode-1@group-523986131536-LeaderStateImpl
2022-08-10 09:21:44,843 [omNode-1@group-523986131536->omNode-3-GrpcLogAppender-LogAppenderDaemon] WARN  server.GrpcLogAppender (GrpcLogAppender.java:mayWait(171)) - omNode-1@group-523986131536->omNode-3-GrpcLogAppender: Wait interrupted by java.lang.InterruptedException
2022-08-10 09:21:44,845 [grpc-default-executor-1] INFO  server.GrpcServerProtocolService (GrpcServerProtocolService.java:onCompleted(140)) - omNode-3: Completed APPEND_ENTRIES, lastRequest: omNode-1->omNode-3#1530-t2,previous=(t:2, i:19),leaderCommit=19,initializing? true,entries: size=1, first=(t:2, i:20), METADATAENTRY(c:19)
2022-08-10 09:21:44,845 [Listener at 127.0.0.1/36235] INFO  impl.PendingRequests (PendingRequests.java:sendNotLeaderResponses(282)) - omNode-1@group-523986131536-PendingRequests: sendNotLeaderResponses
2022-08-10 09:21:44,845 [omNode-1@group-523986131536->omNode-2-GrpcLogAppender-LogAppenderDaemon] WARN  server.GrpcLogAppender (GrpcLogAppender.java:mayWait(171)) - omNode-1@group-523986131536->omNode-2-GrpcLogAppender: Wait interrupted by java.lang.InterruptedException
2022-08-10 09:21:44,847 [grpc-default-executor-1] INFO  server.GrpcServerProtocolService (GrpcServerProtocolService.java:onCompleted(140)) - omNode-2: Completed APPEND_ENTRIES, lastRequest: omNode-1->omNode-2#229-t2,previous=(t:2, i:19),leaderCommit=19,initializing? true,entries: size=1, first=(t:2, i:20), METADATAENTRY(c:19)
2022-08-10 09:21:44,846 [grpc-default-executor-0] INFO  server.GrpcLogAppender (GrpcLogAppender.java:onCompleted(339)) - omNode-1@group-523986131536->omNode-3-AppendLogResponseHandler: follower responses appendEntries COMPLETED
2022-08-10 09:21:44,848 [grpc-default-executor-1] INFO  server.GrpcLogAppender (GrpcLogAppender.java:onCompleted(339)) - omNode-1@group-523986131536->omNode-2-AppendLogResponseHandler: follower responses appendEntries COMPLETED
2022-08-10 09:21:44,848 [grpc-default-executor-0] INFO  leader.FollowerInfo (FollowerInfoImpl.java:lambda$new$0(48)) - omNode-1@group-523986131536->omNode-3: nextIndex: updateUnconditionally 21 -> 20
2022-08-10 09:21:44,852 [Listener at 127.0.0.1/36235] INFO  impl.StateMachineUpdater (StateMachineUpdater.java:stopAndJoin(153)) - omNode-1@group-523986131536-StateMachineUpdater: set stopIndex = 20
2022-08-10 09:21:44,853 [omNode-1@group-523986131536-StateMachineUpdater] INFO  ratis.OzoneManagerStateMachine (OzoneManagerStateMachine.java:takeSnapshot(441)) - Current Snapshot Index (t:2, i:20)
2022-08-10 09:21:44,848 [grpc-default-executor-1] INFO  leader.FollowerInfo (FollowerInfoImpl.java:lambda$new$0(48)) - omNode-1@group-523986131536->omNode-2: nextIndex: updateUnconditionally 21 -> 20
2022-08-10 09:21:44,855 [omNode-1@group-523986131536-StateMachineUpdater] INFO  impl.StateMachineUpdater (StateMachineUpdater.java:takeSnapshot(287)) - omNode-1@group-523986131536-StateMachineUpdater: Took a snapshot at index 20
2022-08-10 09:21:44,856 [omNode-1@group-523986131536-StateMachineUpdater] INFO  impl.StateMachineUpdater (StateMachineUpdater.java:lambda$new$0(92)) - omNode-1@group-523986131536-StateMachineUpdater: snapshotIndex: updateIncreasingly -1 -> 20
2022-08-10 09:21:44,856 [omNode-1@group-523986131536-StateMachineUpdater] INFO  ratis.OzoneManagerStateMachine (OzoneManagerStateMachine.java:close(495)) - StateMachine has shutdown. Shutdown OzoneManager if not already shutdown.
2022-08-10 09:21:44,856 [omNode-1@group-523986131536-StateMachineUpdater] INFO  ratis.OzoneManagerDoubleBuffer (OzoneManagerDoubleBuffer.java:stop(466)) - Stopping OMDoubleBuffer flush thread
2022-08-10 09:21:44,856 [OMDoubleBufferFlushThread] INFO  ratis.OzoneManagerDoubleBuffer (OzoneManagerDoubleBuffer.java:flushTransactions(385)) - OMDoubleBuffer flush thread OMDoubleBufferFlushThread is interrupted and will exit.
2022-08-10 09:21:44,858 [Listener at 127.0.0.1/36235] INFO  server.RaftServer$Division (ServerState.java:close(429)) - omNode-1@group-523986131536: closes. applyIndex: 20
2022-08-10 09:21:44,859 [omNode-1@group-523986131536-SegmentedRaftLogWorker] INFO  segmented.SegmentedRaftLogWorker (SegmentedRaftLogWorker.java:run(336)) - omNode-1@group-523986131536-SegmentedRaftLogWorker was interrupted, exiting. There are 0 tasks remaining in the queue.
2022-08-10 09:21:44,861 [Listener at 127.0.0.1/36235] INFO  segmented.SegmentedRaftLogWorker (SegmentedRaftLogWorker.java:close(246)) - omNode-1@group-523986131536-SegmentedRaftLogWorker close()
2022-08-10 09:21:44,862 [Listener at 127.0.0.1/36235] INFO  server.GrpcService (GrpcService.java:closeImpl(269)) - omNode-1: shutdown server with port 44673 now
2022-08-10 09:21:44,886 [Listener at 127.0.0.1/36235] INFO  server.GrpcService (GrpcService.java:closeImpl(278)) - omNode-1: shutdown server with port 44673 successfully
2022-08-10 09:21:44,886 [org.apache.ratis.util.JvmPauseMonitor$$Lambda$696/1259104175@32e9818b] INFO  util.JvmPauseMonitor (JvmPauseMonitor.java:run(109)) - JvmPauseMonitor-omNode-1: Stopped
2022-08-10 09:21:44,887 [Listener at 127.0.0.1/36235] INFO  ratis.OzoneManagerStateMachine (OzoneManagerStateMachine.java:close(495)) - StateMachine has shutdown. Shutdown OzoneManager if not already shutdown.
2022-08-10 09:21:44,887 [Listener at 127.0.0.1/36235] INFO  ratis.OzoneManagerDoubleBuffer (OzoneManagerDoubleBuffer.java:stop(478)) - OMDoubleBuffer flush thread is not running.
2022-08-10 09:21:44,887 [Listener at 127.0.0.1/36235] INFO  utils.BackgroundService (BackgroundService.java:shutdown(141)) - Shutting down service KeyDeletingService
2022-08-10 09:21:44,888 [Listener at 127.0.0.1/36235] INFO  utils.BackgroundService (BackgroundService.java:shutdown(141)) - Shutting down service DirectoryDeletingService
2022-08-10 09:21:44,888 [Listener at 127.0.0.1/36235] INFO  utils.BackgroundService (BackgroundService.java:shutdown(141)) - Shutting down service OpenKeyCleanupService
2022-08-10 09:21:44,890 [Listener at 127.0.0.1/36235] INFO  handler.ContextHandler (ContextHandler.java:doStop(1153)) - Stopped o.e.j.w.WebAppContext@363f50e3{ozoneManager,/,null,STOPPED}{file:/home/runner/work/ozone/ozone/hadoop-ozone/integration-test/target/test-classes/webapps/ozoneManager}
2022-08-10 09:21:44,895 [Listener at 127.0.0.1/36235] INFO  server.AbstractConnector (AbstractConnector.java:doStop(381)) - Stopped ServerConnector@6b542adc{HTTP/1.1, (http/1.1)}{0.0.0.0:33883}
2022-08-10 09:21:44,896 [Listener at 127.0.0.1/36235] INFO  server.session (HouseKeeper.java:stopScavenging(149)) - node0 Stopped scavenging
2022-08-10 09:21:44,896 [Listener at 127.0.0.1/36235] INFO  handler.ContextHandler (ContextHandler.java:doStop(1153)) - Stopped o.e.j.s.ServletContextHandler@740ba30d{static,/static,file:///home/runner/work/ozone/ozone/hadoop-ozone/integration-test/target/test-classes/webapps/static,STOPPED}
2022-08-10 09:21:44,897 [Listener at 127.0.0.1/36235] INFO  handler.ContextHandler (ContextHandler.java:doStop(1153)) - Stopped o.e.j.s.ServletContextHandler@581c0da6{logs,/logs,file:///home/runner/work/ozone/ozone/hadoop-ozone/integration-test/target/log,STOPPED}
2022-08-10 09:21:46,393 [UnderReplicatedQueueThreadThread] INFO  replication.UnderReplicatedProcessor (UnderReplicatedProcessor.java:processAll(85)) - Processed 0 under replicated containers, failed processing 0
2022-08-10 09:21:46,403 [OverReplicatedQueueThreadThread] INFO  replication.OverReplicatedProcessor (OverReplicatedProcessor.java:processAll(83)) - Processed 0 over replicated containers, failed processing 0
2022-08-10 09:21:46,405 [omNode-2@group-523986131536-FollowerState] INFO  impl.FollowerState (FollowerState.java:run(143)) - omNode-2@group-523986131536-FollowerState: change to CANDIDATE, lastRpcElapsedTime:1586965455ns, electionTimeout:1087ms
2022-08-10 09:21:46,405 [omNode-2@group-523986131536-FollowerState] INFO  impl.RoleInfo (RoleInfo.java:shutdownFollowerState(110)) - omNode-2: shutdown omNode-2@group-523986131536-FollowerState
2022-08-10 09:21:46,405 [omNode-2@group-523986131536-FollowerState] INFO  server.RaftServer$Division (RaftServerImpl.java:setRole(299)) - omNode-2@group-523986131536: changes role from  FOLLOWER to CANDIDATE at term 2 for changeToCandidate
2022-08-10 09:21:46,405 [omNode-2@group-523986131536-FollowerState] INFO  server.RaftServerConfigKeys (ConfUtils.java:logGet(46)) - raft.server.leaderelection.pre-vote = false (custom)
2022-08-10 09:21:46,405 [omNode-2@group-523986131536-FollowerState] INFO  impl.RoleInfo (RoleInfo.java:updateAndGet(139)) - omNode-2: start omNode-2@group-523986131536-LeaderElection13
2022-08-10 09:21:46,411 [omNode-2@group-523986131536-LeaderElection13] INFO  server.RaftServer$Division (ServerState.java:setLeader(287)) - omNode-2@group-523986131536: change Leader from omNode-1 to null at term 2 for ELECTION
2022-08-10 09:21:46,413 [omNode-2@group-523986131536-LeaderElection13] INFO  impl.LeaderElection (LeaderElection.java:askForVotes(310)) - omNode-2@group-523986131536-LeaderElection13 ELECTION round 0: submit vote requests at term 3 for 0: [omNode-3|rpc:localhost:34947|admin:|client:|dataStream:|priority:0, omNode-1|rpc:localhost:44673|admin:|client:|dataStream:|priority:0, omNode-2|rpc:localhost:36767|admin:|client:|dataStream:|priority:0], old=null
2022-08-10 09:21:46,418 [grpc-default-executor-1] INFO  server.RaftServer$Division (RaftServerImpl.java:requestVote(1152)) - omNode-3@group-523986131536: receive requestVote(ELECTION, omNode-2, group-523986131536, 3, (t:2, i:20))
2022-08-10 09:21:46,418 [grpc-default-executor-1] INFO  impl.VoteContext (VoteContext.java:log(48)) - omNode-3@group-523986131536-FOLLOWER: accept ELECTION from omNode-2: our priority 0 <= candidate's priority 0
2022-08-10 09:21:46,418 [grpc-default-executor-1] INFO  server.RaftServer$Division (ServerState.java:setLeader(287)) - omNode-3@group-523986131536: change Leader from omNode-1 to null at term 3 for updateCurrentTerm
2022-08-10 09:21:46,418 [grpc-default-executor-1] INFO  server.RaftServer$Division (RaftServerImpl.java:setRole(299)) - omNode-3@group-523986131536: changes role from  FOLLOWER to FOLLOWER at term 3 for candidate:omNode-2
2022-08-10 09:21:46,418 [grpc-default-executor-1] INFO  impl.RoleInfo (RoleInfo.java:shutdownFollowerState(110)) - omNode-3: shutdown omNode-3@group-523986131536-FollowerState
2022-08-10 09:21:46,418 [grpc-default-executor-1] INFO  impl.RoleInfo (RoleInfo.java:updateAndGet(139)) - omNode-3: start omNode-3@group-523986131536-FollowerState
2022-08-10 09:21:46,419 [omNode-3@group-523986131536-FollowerState] INFO  impl.FollowerState (FollowerState.java:run(152)) - omNode-3@group-523986131536-FollowerState was interrupted
2022-08-10 09:21:46,425 [grpc-default-executor-1] INFO  server.RaftServer$Division (RaftServerImpl.java:requestVote(1184)) - omNode-3@group-523986131536 replies to ELECTION vote request: omNode-2<-omNode-3#0:OK-t3. Peer's state: omNode-3@group-523986131536:t3, leader=null, voted=omNode-2, raftlog=omNode-3@group-523986131536-SegmentedRaftLog:OPENED:c19, conf=0: [omNode-3|rpc:localhost:34947|admin:|client:|dataStream:|priority:0, omNode-1|rpc:localhost:44673|admin:|client:|dataStream:|priority:0, omNode-2|rpc:localhost:36767|admin:|client:|dataStream:|priority:0], old=null
2022-08-10 09:21:46,425 [omNode-2@group-523986131536-LeaderElection13] INFO  impl.LeaderElection (LogUtils.java:infoOrTrace(137)) - omNode-2@group-523986131536-LeaderElection13 got exception when requesting votes: java.util.concurrent.ExecutionException: org.apache.ratis.thirdparty.io.grpc.StatusRuntimeException: UNAVAILABLE: io exception
2022-08-10 09:21:46,427 [omNode-2@group-523986131536-LeaderElection13] INFO  impl.LeaderElection (LeaderElection.java:logAndReturn(90)) - omNode-2@group-523986131536-LeaderElection13: ELECTION PASSED received 1 response(s) and 1 exception(s):
2022-08-10 09:21:46,427 [omNode-2@group-523986131536-LeaderElection13] INFO  impl.LeaderElection (LeaderElection.java:logAndReturn(94)) -   Response 0: omNode-2<-omNode-3#0:OK-t3
2022-08-10 09:21:46,428 [omNode-2@group-523986131536-LeaderElection13] INFO  impl.LeaderElection (LogUtils.java:infoOrTrace(137)) -   Exception 1: java.util.concurrent.ExecutionException: org.apache.ratis.thirdparty.io.grpc.StatusRuntimeException: UNAVAILABLE: io exception
2022-08-10 09:21:46,428 [omNode-2@group-523986131536-LeaderElection13] INFO  impl.LeaderElection (LeaderElection.java:askForVotes(312)) - omNode-2@group-523986131536-LeaderElection13 ELECTION round 0: result PASSED
2022-08-10 09:21:46,428 [omNode-2@group-523986131536-LeaderElection13] INFO  impl.RoleInfo (RoleInfo.java:shutdownLeaderElection(130)) - omNode-2: shutdown omNode-2@group-523986131536-LeaderElection13
2022-08-10 09:21:46,428 [omNode-2@group-523986131536-LeaderElection13] INFO  server.RaftServer$Division (RaftServerImpl.java:setRole(299)) - omNode-2@group-523986131536: changes role from CANDIDATE to LEADER at term 3 for changeToLeader
2022-08-10 09:21:46,428 [omNode-2@group-523986131536-LeaderElection13] INFO  server.RaftServer$Division (ServerState.java:setLeader(287)) - omNode-2@group-523986131536: change Leader from null to omNode-2 at term 3 for becomeLeader, leader elected after 17ms
2022-08-10 09:21:46,428 [omNode-2@group-523986131536-LeaderElection13] INFO  server.RaftServerConfigKeys (ConfUtils.java:logGet(46)) - raft.server.staging.catchup.gap = 1000 (default)
2022-08-10 09:21:46,428 [omNode-2@group-523986131536-LeaderElection13] INFO  server.RaftServerConfigKeys (ConfUtils.java:logGet(46)) - raft.server.write.element-limit = 4096 (default)
2022-08-10 09:21:46,428 [omNode-2@group-523986131536-LeaderElection13] INFO  server.RaftServerConfigKeys (ConfUtils.java:logGet(46)) - raft.server.write.byte-limit = 64MB (=67108864) (default)
2022-08-10 09:21:46,428 [omNode-2@group-523986131536-LeaderElection13] INFO  server.RaftServerConfigKeys (ConfUtils.java:logGet(46)) - raft.server.watch.timeout = 10s (default)
2022-08-10 09:21:46,428 [omNode-2@group-523986131536-LeaderElection13] INFO  server.RaftServerConfigKeys (ConfUtils.java:logGet(46)) - raft.server.watch.timeout.denomination = 1s (default)
2022-08-10 09:21:46,429 [omNode-2@group-523986131536-LeaderElection13] INFO  server.RaftServerConfigKeys (ConfUtils.java:logGet(46)) - raft.server.watch.element-limit = 65536 (default)
2022-08-10 09:21:46,429 [omNode-2@group-523986131536-LeaderElection13] INFO  server.RaftServerConfigKeys (ConfUtils.java:logGet(46)) - raft.server.write.element-limit = 4096 (default)
2022-08-10 09:21:46,429 [omNode-2@group-523986131536-LeaderElection13] INFO  server.RaftServerConfigKeys (ConfUtils.java:logGet(46)) - raft.server.write.follower.gap.ratio.max = -1.0 (default)
2022-08-10 09:21:46,429 [omNode-2@group-523986131536-LeaderElection13] INFO  server.RaftServerConfigKeys (ConfUtils.java:logGet(46)) - raft.server.log.appender.snapshot.chunk.size.max = 16MB (=16777216) (default)
2022-08-10 09:21:46,429 [omNode-2@group-523986131536-LeaderElection13] INFO  server.RaftServerConfigKeys (ConfUtils.java:logGet(46)) - raft.server.log.appender.buffer.byte-limit = 33554432 (custom)
2022-08-10 09:21:46,429 [omNode-2@group-523986131536-LeaderElection13] INFO  server.RaftServerConfigKeys (ConfUtils.java:logGet(46)) - raft.server.log.appender.buffer.element-limit = 1024 (custom)
2022-08-10 09:21:46,430 [omNode-2@group-523986131536-LeaderElection13] INFO  grpc.GrpcConfigKeys (ConfUtils.java:logGet(46)) - raft.grpc.server.leader.outstanding.appends.max = 128 (default)
2022-08-10 09:21:46,430 [omNode-2@group-523986131536-LeaderElection13] INFO  server.RaftServerConfigKeys (ConfUtils.java:logGet(46)) - raft.server.rpc.request.timeout = 3000ms (default)
2022-08-10 09:21:46,430 [omNode-2@group-523986131536-LeaderElection13] INFO  server.RaftServerConfigKeys (ConfUtils.java:logGet(46)) - raft.server.log.appender.install.snapshot.enabled = false (custom)
2022-08-10 09:21:46,431 [omNode-2@group-523986131536-LeaderElection13] INFO  server.RaftServerConfigKeys (ConfUtils.java:logGet(46)) - raft.server.log.appender.snapshot.chunk.size.max = 16MB (=16777216) (default)
2022-08-10 09:21:46,431 [omNode-2@group-523986131536-LeaderElection13] INFO  server.RaftServerConfigKeys (ConfUtils.java:logGet(46)) - raft.server.log.appender.buffer.byte-limit = 33554432 (custom)
2022-08-10 09:21:46,431 [omNode-2@group-523986131536-LeaderElection13] INFO  server.RaftServerConfigKeys (ConfUtils.java:logGet(46)) - raft.server.log.appender.buffer.element-limit = 1024 (custom)
2022-08-10 09:21:46,431 [omNode-2@group-523986131536-LeaderElection13] INFO  grpc.GrpcConfigKeys (ConfUtils.java:logGet(46)) - raft.grpc.server.leader.outstanding.appends.max = 128 (default)
2022-08-10 09:21:46,431 [omNode-2@group-523986131536-LeaderElection13] INFO  server.RaftServerConfigKeys (ConfUtils.java:logGet(46)) - raft.server.rpc.request.timeout = 3000ms (default)
2022-08-10 09:21:46,431 [omNode-2@group-523986131536-LeaderElection13] INFO  server.RaftServerConfigKeys (ConfUtils.java:logGet(46)) - raft.server.log.appender.install.snapshot.enabled = false (custom)
2022-08-10 09:21:46,431 [omNode-2@group-523986131536-LeaderElection13] INFO  impl.RoleInfo (RoleInfo.java:updateAndGet(139)) - omNode-2: start omNode-2@group-523986131536-LeaderStateImpl
2022-08-10 09:21:46,432 [omNode-2@group-523986131536-LeaderElection13] INFO  segmented.SegmentedRaftLogWorker (SegmentedRaftLogWorker.java:rollLogSegment(430)) - omNode-2@group-523986131536-SegmentedRaftLogWorker: Rolling segment log-0_20 to index:20
2022-08-10 09:21:46,435 [omNode-2@group-523986131536-SegmentedRaftLogWorker] INFO  segmented.SegmentedRaftLogWorker (SegmentedRaftLogWorker.java:execute(586)) - omNode-2@group-523986131536-SegmentedRaftLogWorker: Rolled log segment from /home/runner/work/ozone/ozone/hadoop-ozone/integration-test/target/test-dir/MiniOzoneClusterImpl-5b46f7b7-15cd-42ca-88c0-c813cff626ca/omNode-2/ratis/c9bc4cf4-3bc3-3c60-a66b-523986131536/current/log_inprogress_0 to /home/runner/work/ozone/ozone/hadoop-ozone/integration-test/target/test-dir/MiniOzoneClusterImpl-5b46f7b7-15cd-42ca-88c0-c813cff626ca/omNode-2/ratis/c9bc4cf4-3bc3-3c60-a66b-523986131536/current/log_0-20
2022-08-10 09:21:46,435 [omNode-2@group-523986131536-LeaderElection13] INFO  server.RaftServer$Division (ServerState.java:setRaftConf(393)) - omNode-2@group-523986131536: set configuration 21: [omNode-3|rpc:localhost:34947|admin:|client:|dataStream:|priority:0, omNode-1|rpc:localhost:44673|admin:|client:|dataStream:|priority:0, omNode-2|rpc:localhost:36767|admin:|client:|dataStream:|priority:0], old=null
2022-08-10 09:21:46,439 [omNode-3-server-thread1] INFO  server.RaftServer$Division (ServerState.java:setLeader(287)) - omNode-3@group-523986131536: change Leader from null to omNode-2 at term 3 for appendEntries, leader elected after 20ms
2022-08-10 09:21:46,445 [grpc-default-executor-1] WARN  server.GrpcLogAppender (LogUtils.java:warn(122)) - omNode-2@group-523986131536->omNode-1-AppendLogResponseHandler: Failed appendEntries: org.apache.ratis.thirdparty.io.grpc.StatusRuntimeException: UNAVAILABLE: io exception
2022-08-10 09:21:46,446 [grpc-default-executor-1] WARN  server.GrpcLogAppender (GrpcLogAppender.java:resetClient(111)) - omNode-2@group-523986131536->omNode-1-GrpcLogAppender: Leader has not got in touch with Follower omNode-2@group-523986131536->omNode-1(c-1,m0,n22, attendVote=true, lastRpcSendTime=0, lastRpcResponseTime=1216) yet, just keep nextIndex unchanged and retry.
2022-08-10 09:21:46,467 [omNode-3-server-thread1] INFO  server.RaftServer$Division (ServerState.java:setRaftConf(393)) - omNode-3@group-523986131536: set configuration 21: [omNode-3|rpc:localhost:34947|admin:|client:|dataStream:|priority:0, omNode-1|rpc:localhost:44673|admin:|client:|dataStream:|priority:0, omNode-2|rpc:localhost:36767|admin:|client:|dataStream:|priority:0], old=null
2022-08-10 09:21:46,467 [omNode-3-server-thread1] INFO  segmented.SegmentedRaftLogWorker (SegmentedRaftLogWorker.java:rollLogSegment(430)) - omNode-3@group-523986131536-SegmentedRaftLogWorker: Rolling segment log-0_20 to index:20
2022-08-10 09:21:46,470 [omNode-3@group-523986131536-SegmentedRaftLogWorker] INFO  segmented.SegmentedRaftLogWorker (SegmentedRaftLogWorker.java:execute(586)) - omNode-3@group-523986131536-SegmentedRaftLogWorker: Rolled log segment from /home/runner/work/ozone/ozone/hadoop-ozone/integration-test/target/test-dir/MiniOzoneClusterImpl-5b46f7b7-15cd-42ca-88c0-c813cff626ca/omNode-3/ratis/c9bc4cf4-3bc3-3c60-a66b-523986131536/current/log_inprogress_0 to /home/runner/work/ozone/ozone/hadoop-ozone/integration-test/target/test-dir/MiniOzoneClusterImpl-5b46f7b7-15cd-42ca-88c0-c813cff626ca/omNode-3/ratis/c9bc4cf4-3bc3-3c60-a66b-523986131536/current/log_0-20
2022-08-10 09:21:46,474 [omNode-2@group-523986131536-SegmentedRaftLogWorker] INFO  segmented.SegmentedRaftLogWorker (SegmentedRaftLogWorker.java:execute(629)) - omNode-2@group-523986131536-SegmentedRaftLogWorker: created new log segment /home/runner/work/ozone/ozone/hadoop-ozone/integration-test/target/test-dir/MiniOzoneClusterImpl-5b46f7b7-15cd-42ca-88c0-c813cff626ca/omNode-2/ratis/c9bc4cf4-3bc3-3c60-a66b-523986131536/current/log_inprogress_21
2022-08-10 09:21:46,486 [omNode-3@group-523986131536-SegmentedRaftLogWorker] INFO  segmented.SegmentedRaftLogWorker (SegmentedRaftLogWorker.java:execute(629)) - omNode-3@group-523986131536-SegmentedRaftLogWorker: created new log segment /home/runner/work/ozone/ozone/hadoop-ozone/integration-test/target/test-dir/MiniOzoneClusterImpl-5b46f7b7-15cd-42ca-88c0-c813cff626ca/omNode-3/ratis/c9bc4cf4-3bc3-3c60-a66b-523986131536/current/log_inprogress_21
2022-08-10 09:21:46,507 [omNode-2@group-523986131536-StateMachineUpdater] INFO  ratis.OzoneManagerStateMachine (OzoneManagerStateMachine.java:notifyConfigurationChanged(192)) - Received Configuration change notification from Ratis. New Peer list:
[id: "omNode-3"
address: "localhost:34947"
, id: "omNode-1"
address: "localhost:44673"
, id: "omNode-2"
address: "localhost:36767"
]
2022-08-10 09:21:46,510 [grpc-default-executor-0] WARN  server.GrpcLogAppender (LogUtils.java:warn(122)) - omNode-2@group-523986131536->omNode-1-AppendLogResponseHandler: Failed appendEntries: org.apache.ratis.thirdparty.io.grpc.StatusRuntimeException: UNAVAILABLE: io exception
2022-08-10 09:21:46,510 [grpc-default-executor-0] WARN  server.GrpcLogAppender (GrpcLogAppender.java:resetClient(111)) - omNode-2@group-523986131536->omNode-1-GrpcLogAppender: Leader has not got in touch with Follower omNode-2@group-523986131536->omNode-1(c-1,m0,n23, attendVote=true, lastRpcSendTime=64, lastRpcResponseTime=1281) yet, just keep nextIndex unchanged and retry.
2022-08-10 09:21:46,519 [omNode-3@group-523986131536-StateMachineUpdater] INFO  ratis.OzoneManagerStateMachine (OzoneManagerStateMachine.java:notifyConfigurationChanged(192)) - Received Configuration change notification from Ratis. New Peer list:
[id: "omNode-3"
address: "localhost:34947"
, id: "omNode-1"
address: "localhost:44673"
, id: "omNode-2"
address: "localhost:36767"
]
2022-08-10 09:21:46,696 [grpc-default-executor-0] WARN  server.GrpcLogAppender (LogUtils.java:warn(122)) - omNode-2@group-523986131536->omNode-1-AppendLogResponseHandler: Failed appendEntries: org.apache.ratis.thirdparty.io.grpc.StatusRuntimeException: UNAVAILABLE: io exception
2022-08-10 09:21:46,697 [grpc-default-executor-0] WARN  server.GrpcLogAppender (GrpcLogAppender.java:resetClient(111)) - omNode-2@group-523986131536->omNode-1-GrpcLogAppender: Leader has not got in touch with Follower omNode-2@group-523986131536->omNode-1(c-1,m0,n23, attendVote=true, lastRpcSendTime=186, lastRpcResponseTime=1468) yet, just keep nextIndex unchanged and retry.
2022-08-10 09:21:46,953 [grpc-default-executor-0] WARN  server.GrpcLogAppender (LogUtils.java:warn(122)) - omNode-2@group-523986131536->omNode-1-AppendLogResponseHandler: Failed appendEntries: org.apache.ratis.thirdparty.io.grpc.StatusRuntimeException: UNAVAILABLE: io exception
2022-08-10 09:21:46,954 [grpc-default-executor-0] WARN  server.GrpcLogAppender (GrpcLogAppender.java:resetClient(111)) - omNode-2@group-523986131536->omNode-1-GrpcLogAppender: Leader has not got in touch with Follower omNode-2@group-523986131536->omNode-1(c-1,m0,n23, attendVote=true, lastRpcSendTime=0, lastRpcResponseTime=1725) yet, just keep nextIndex unchanged and retry.
2022-08-10 09:21:47,203 [grpc-default-executor-0] WARN  server.GrpcLogAppender (LogUtils.java:warn(122)) - omNode-2@group-523986131536->omNode-1-AppendLogResponseHandler: Failed appendEntries: org.apache.ratis.thirdparty.io.grpc.StatusRuntimeException: UNAVAILABLE: io exception
2022-08-10 09:21:47,205 [grpc-default-executor-0] WARN  server.GrpcLogAppender (GrpcLogAppender.java:resetClient(111)) - omNode-2@group-523986131536->omNode-1-GrpcLogAppender: Leader has not got in touch with Follower omNode-2@group-523986131536->omNode-1(c-1,m0,n23, attendVote=true, lastRpcSendTime=251, lastRpcResponseTime=1975) yet, just keep nextIndex unchanged and retry.
2022-08-10 09:21:47,457 [grpc-default-executor-0] WARN  server.GrpcLogAppender (LogUtils.java:warn(122)) - omNode-2@group-523986131536->omNode-1-AppendLogResponseHandler: Failed appendEntries: org.apache.ratis.thirdparty.io.grpc.StatusRuntimeException: UNAVAILABLE: io exception
2022-08-10 09:21:47,458 [grpc-default-executor-0] WARN  server.GrpcLogAppender (GrpcLogAppender.java:resetClient(111)) - omNode-2@group-523986131536->omNode-1-GrpcLogAppender: Leader has not got in touch with Follower omNode-2@group-523986131536->omNode-1(c-1,m0,n23, attendVote=true, lastRpcSendTime=251, lastRpcResponseTime=2229) yet, just keep nextIndex unchanged and retry.
2022-08-10 09:21:47,710 [grpc-default-executor-0] WARN  server.GrpcLogAppender (LogUtils.java:warn(122)) - omNode-2@group-523986131536->omNode-1-AppendLogResponseHandler: Failed appendEntries: org.apache.ratis.thirdparty.io.grpc.StatusRuntimeException: UNAVAILABLE: io exception
2022-08-10 09:21:47,711 [grpc-default-executor-0] WARN  server.GrpcLogAppender (GrpcLogAppender.java:resetClient(111)) - omNode-2@group-523986131536->omNode-1-GrpcLogAppender: Leader has not got in touch with Follower omNode-2@group-523986131536->omNode-1(c-1,m0,n23, attendVote=true, lastRpcSendTime=0, lastRpcResponseTime=2482) yet, just keep nextIndex unchanged and retry.
2022-08-10 09:21:47,962 [grpc-default-executor-0] WARN  server.GrpcLogAppender (LogUtils.java:warn(122)) - omNode-2@group-523986131536->omNode-1-AppendLogResponseHandler: Failed appendEntries: org.apache.ratis.thirdparty.io.grpc.StatusRuntimeException: UNAVAILABLE: io exception
2022-08-10 09:21:47,963 [grpc-default-executor-0] WARN  server.GrpcLogAppender (GrpcLogAppender.java:resetClient(111)) - omNode-2@group-523986131536->omNode-1-GrpcLogAppender: Leader has not got in touch with Follower omNode-2@group-523986131536->omNode-1(c-1,m0,n23, attendVote=true, lastRpcSendTime=0, lastRpcResponseTime=2734) yet, just keep nextIndex unchanged and retry.
2022-08-10 09:21:48,044 [895c4c6d-5b5c-4808-a9cf-fdca3e3afc0d@group-711033C97113-FollowerState] INFO  impl.FollowerState (FollowerState.java:run(143)) - 895c4c6d-5b5c-4808-a9cf-fdca3e3afc0d@group-711033C97113-FollowerState: change to CANDIDATE, lastRpcElapsedTime:5021866154ns, electionTimeout:5021ms
2022-08-10 09:21:48,045 [895c4c6d-5b5c-4808-a9cf-fdca3e3afc0d@group-711033C97113-FollowerState] INFO  impl.RoleInfo (RoleInfo.java:shutdownFollowerState(110)) - 895c4c6d-5b5c-4808-a9cf-fdca3e3afc0d: shutdown 895c4c6d-5b5c-4808-a9cf-fdca3e3afc0d@group-711033C97113-FollowerState
2022-08-10 09:21:48,045 [895c4c6d-5b5c-4808-a9cf-fdca3e3afc0d@group-711033C97113-FollowerState] INFO  server.RaftServer$Division (RaftServerImpl.java:setRole(299)) - 895c4c6d-5b5c-4808-a9cf-fdca3e3afc0d@group-711033C97113: changes role from  FOLLOWER to CANDIDATE at term 2 for changeToCandidate
2022-08-10 09:21:48,045 [895c4c6d-5b5c-4808-a9cf-fdca3e3afc0d@group-711033C97113-FollowerState] INFO  server.RaftServerConfigKeys (ConfUtils.java:logGet(46)) - raft.server.leaderelection.pre-vote = false (custom)
2022-08-10 09:21:48,045 [895c4c6d-5b5c-4808-a9cf-fdca3e3afc0d@group-711033C97113-FollowerState] INFO  impl.RoleInfo (RoleInfo.java:updateAndGet(139)) - 895c4c6d-5b5c-4808-a9cf-fdca3e3afc0d: start 895c4c6d-5b5c-4808-a9cf-fdca3e3afc0d@group-711033C97113-LeaderElection14
2022-08-10 09:21:48,047 [895c4c6d-5b5c-4808-a9cf-fdca3e3afc0d@group-711033C97113-LeaderElection14] INFO  impl.LeaderElection (LeaderElection.java:askForVotes(310)) - 895c4c6d-5b5c-4808-a9cf-fdca3e3afc0d@group-711033C97113-LeaderElection14 ELECTION round 0: submit vote requests at term 3 for -1: [307a4eae-8455-4484-b26c-d8f5f09d506a|rpc:10.1.0.9:36815|dataStream:|priority:1, 1aca9449-889e-455e-97c1-34bb763eddaa|rpc:10.1.0.9:44661|dataStream:|priority:0, 895c4c6d-5b5c-4808-a9cf-fdca3e3afc0d|rpc:10.1.0.9:40015|dataStream:|priority:0], old=null
2022-08-10 09:21:48,057 [grpc-default-executor-0] INFO  server.RaftServer$Division (RaftServerImpl.java:requestVote(1152)) - 307a4eae-8455-4484-b26c-d8f5f09d506a@group-711033C97113: receive requestVote(ELECTION, 895c4c6d-5b5c-4808-a9cf-fdca3e3afc0d, group-711033C97113, 3, (t:0, i:0))
2022-08-10 09:21:48,057 [grpc-default-executor-0] INFO  impl.VoteContext (VoteContext.java:log(48)) - 307a4eae-8455-4484-b26c-d8f5f09d506a@group-711033C97113-FOLLOWER: reject ELECTION from 895c4c6d-5b5c-4808-a9cf-fdca3e3afc0d: our priority 1 > candidate's priority 0
2022-08-10 09:21:48,057 [grpc-default-executor-0] INFO  server.RaftServer$Division (RaftServerImpl.java:setRole(299)) - 307a4eae-8455-4484-b26c-d8f5f09d506a@group-711033C97113: changes role from  FOLLOWER to FOLLOWER at term 3 for candidate:895c4c6d-5b5c-4808-a9cf-fdca3e3afc0d
2022-08-10 09:21:48,057 [grpc-default-executor-0] INFO  impl.RoleInfo (RoleInfo.java:shutdownFollowerState(110)) - 307a4eae-8455-4484-b26c-d8f5f09d506a: shutdown 307a4eae-8455-4484-b26c-d8f5f09d506a@group-711033C97113-FollowerState
2022-08-10 09:21:48,058 [grpc-default-executor-0] INFO  impl.RoleInfo (RoleInfo.java:updateAndGet(139)) - 307a4eae-8455-4484-b26c-d8f5f09d506a: start 307a4eae-8455-4484-b26c-d8f5f09d506a@group-711033C97113-FollowerState
2022-08-10 09:21:48,058 [307a4eae-8455-4484-b26c-d8f5f09d506a@group-711033C97113-FollowerState] INFO  impl.FollowerState (FollowerState.java:run(152)) - 307a4eae-8455-4484-b26c-d8f5f09d506a@group-711033C97113-FollowerState was interrupted
2022-08-10 09:21:48,063 [grpc-default-executor-0] INFO  server.RaftServer$Division (RaftServerImpl.java:requestVote(1184)) - 307a4eae-8455-4484-b26c-d8f5f09d506a@group-711033C97113 replies to ELECTION vote request: 895c4c6d-5b5c-4808-a9cf-fdca3e3afc0d<-307a4eae-8455-4484-b26c-d8f5f09d506a#0:FAIL-t3. Peer's state: 307a4eae-8455-4484-b26c-d8f5f09d506a@group-711033C97113:t3, leader=null, voted=null, raftlog=307a4eae-8455-4484-b26c-d8f5f09d506a@group-711033C97113-SegmentedRaftLog:OPENED:c-1, conf=-1: [307a4eae-8455-4484-b26c-d8f5f09d506a|rpc:10.1.0.9:36815|dataStream:|priority:1, 1aca9449-889e-455e-97c1-34bb763eddaa|rpc:10.1.0.9:44661|dataStream:|priority:0, 895c4c6d-5b5c-4808-a9cf-fdca3e3afc0d|rpc:10.1.0.9:40015|dataStream:|priority:0], old=null
2022-08-10 09:21:48,066 [895c4c6d-5b5c-4808-a9cf-fdca3e3afc0d@group-711033C97113-LeaderElection14] INFO  impl.LeaderElection (LeaderElection.java:logAndReturn(90)) - 895c4c6d-5b5c-4808-a9cf-fdca3e3afc0d@group-711033C97113-LeaderElection14: ELECTION REJECTED received 1 response(s) and 0 exception(s):
2022-08-10 09:21:48,066 [895c4c6d-5b5c-4808-a9cf-fdca3e3afc0d@group-711033C97113-LeaderElection14] INFO  impl.LeaderElection (LeaderElection.java:logAndReturn(94)) -   Response 0: 895c4c6d-5b5c-4808-a9cf-fdca3e3afc0d<-307a4eae-8455-4484-b26c-d8f5f09d506a#0:FAIL-t3
2022-08-10 09:21:48,066 [895c4c6d-5b5c-4808-a9cf-fdca3e3afc0d@group-711033C97113-LeaderElection14] INFO  impl.LeaderElection (LeaderElection.java:askForVotes(312)) - 895c4c6d-5b5c-4808-a9cf-fdca3e3afc0d@group-711033C97113-LeaderElection14 ELECTION round 0: result REJECTED
2022-08-10 09:21:48,066 [895c4c6d-5b5c-4808-a9cf-fdca3e3afc0d@group-711033C97113-LeaderElection14] INFO  server.RaftServer$Division (RaftServerImpl.java:setRole(299)) - 895c4c6d-5b5c-4808-a9cf-fdca3e3afc0d@group-711033C97113: changes role from CANDIDATE to FOLLOWER at term 3 for REJECTED
2022-08-10 09:21:48,066 [895c4c6d-5b5c-4808-a9cf-fdca3e3afc0d@group-711033C97113-LeaderElection14] INFO  impl.RoleInfo (RoleInfo.java:shutdownLeaderElection(130)) - 895c4c6d-5b5c-4808-a9cf-fdca3e3afc0d: shutdown 895c4c6d-5b5c-4808-a9cf-fdca3e3afc0d@group-711033C97113-LeaderElection14
2022-08-10 09:21:48,066 [895c4c6d-5b5c-4808-a9cf-fdca3e3afc0d@group-711033C97113-LeaderElection14] INFO  impl.RoleInfo (RoleInfo.java:updateAndGet(139)) - 895c4c6d-5b5c-4808-a9cf-fdca3e3afc0d: start 895c4c6d-5b5c-4808-a9cf-fdca3e3afc0d@group-711033C97113-FollowerState
2022-08-10 09:21:48,068 [grpc-default-executor-0] INFO  server.RaftServer$Division (RaftServerImpl.java:requestVote(1152)) - 1aca9449-889e-455e-97c1-34bb763eddaa@group-711033C97113: receive requestVote(ELECTION, 895c4c6d-5b5c-4808-a9cf-fdca3e3afc0d, group-711033C97113, 3, (t:0, i:0))
2022-08-10 09:21:48,079 [grpc-default-executor-0] INFO  impl.VoteContext (VoteContext.java:log(48)) - 1aca9449-889e-455e-97c1-34bb763eddaa@group-711033C97113-FOLLOWER: accept ELECTION from 895c4c6d-5b5c-4808-a9cf-fdca3e3afc0d: our priority 0 <= candidate's priority 0
2022-08-10 09:21:48,079 [grpc-default-executor-0] INFO  server.RaftServer$Division (RaftServerImpl.java:setRole(299)) - 1aca9449-889e-455e-97c1-34bb763eddaa@group-711033C97113: changes role from  FOLLOWER to FOLLOWER at term 3 for candidate:895c4c6d-5b5c-4808-a9cf-fdca3e3afc0d
2022-08-10 09:21:48,079 [grpc-default-executor-0] INFO  impl.RoleInfo (RoleInfo.java:shutdownFollowerState(110)) - 1aca9449-889e-455e-97c1-34bb763eddaa: shutdown 1aca9449-889e-455e-97c1-34bb763eddaa@group-711033C97113-FollowerState
2022-08-10 09:21:48,079 [grpc-default-executor-0] INFO  impl.RoleInfo (RoleInfo.java:updateAndGet(139)) - 1aca9449-889e-455e-97c1-34bb763eddaa: start 1aca9449-889e-455e-97c1-34bb763eddaa@group-711033C97113-FollowerState
2022-08-10 09:21:48,079 [1aca9449-889e-455e-97c1-34bb763eddaa@group-711033C97113-FollowerState] INFO  impl.FollowerState (FollowerState.java:run(152)) - 1aca9449-889e-455e-97c1-34bb763eddaa@group-711033C97113-FollowerState was interrupted
2022-08-10 09:21:48,089 [grpc-default-executor-0] INFO  server.RaftServer$Division (RaftServerImpl.java:requestVote(1184)) - 1aca9449-889e-455e-97c1-34bb763eddaa@group-711033C97113 replies to ELECTION vote request: 895c4c6d-5b5c-4808-a9cf-fdca3e3afc0d<-1aca9449-889e-455e-97c1-34bb763eddaa#0:OK-t3. Peer's state: 1aca9449-889e-455e-97c1-34bb763eddaa@group-711033C97113:t3, leader=null, voted=895c4c6d-5b5c-4808-a9cf-fdca3e3afc0d, raftlog=1aca9449-889e-455e-97c1-34bb763eddaa@group-711033C97113-SegmentedRaftLog:OPENED:c-1, conf=-1: [307a4eae-8455-4484-b26c-d8f5f09d506a|rpc:10.1.0.9:36815|priority:1, 1aca9449-889e-455e-97c1-34bb763eddaa|rpc:10.1.0.9:44661|priority:0, 895c4c6d-5b5c-4808-a9cf-fdca3e3afc0d|rpc:10.1.0.9:40015|priority:0], old=null
2022-08-10 09:21:48,213 [grpc-default-executor-0] WARN  server.GrpcLogAppender (LogUtils.java:warn(122)) - omNode-2@group-523986131536->omNode-1-AppendLogResponseHandler: Failed appendEntries: org.apache.ratis.thirdparty.io.grpc.StatusRuntimeException: UNAVAILABLE: io exception
2022-08-10 09:21:48,214 [grpc-default-executor-0] WARN  server.GrpcLogAppender (GrpcLogAppender.java:resetClient(111)) - omNode-2@group-523986131536->omNode-1-GrpcLogAppender: Leader has not got in touch with Follower omNode-2@group-523986131536->omNode-1(c-1,m0,n23, attendVote=true, lastRpcSendTime=0, lastRpcResponseTime=2984) yet, just keep nextIndex unchanged and retry.
2022-08-10 09:21:48,463 [grpc-default-executor-0] WARN  server.GrpcLogAppender (LogUtils.java:warn(122)) - omNode-2@group-523986131536->omNode-1-AppendLogResponseHandler: Failed appendEntries: org.apache.ratis.thirdparty.io.grpc.StatusRuntimeException: UNAVAILABLE: io exception
2022-08-10 09:21:48,464 [grpc-default-executor-0] WARN  server.GrpcLogAppender (GrpcLogAppender.java:resetClient(111)) - omNode-2@group-523986131536->omNode-1-GrpcLogAppender: Leader has not got in touch with Follower omNode-2@group-523986131536->omNode-1(c-1,m0,n23, attendVote=true, lastRpcSendTime=0, lastRpcResponseTime=3235) yet, just keep nextIndex unchanged and retry.
2022-08-10 09:21:48,714 [grpc-default-executor-0] WARN  server.GrpcLogAppender (LogUtils.java:warn(122)) - omNode-2@group-523986131536->omNode-1-AppendLogResponseHandler: Failed appendEntries: org.apache.ratis.thirdparty.io.grpc.StatusRuntimeException: UNAVAILABLE: io exception
2022-08-10 09:21:48,715 [grpc-default-executor-0] WARN  server.GrpcLogAppender (GrpcLogAppender.java:resetClient(111)) - omNode-2@group-523986131536->omNode-1-GrpcLogAppender: Leader has not got in touch with Follower omNode-2@group-523986131536->omNode-1(c-1,m0,n23, attendVote=true, lastRpcSendTime=0, lastRpcResponseTime=3485) yet, just keep nextIndex unchanged and retry.
2022-08-10 09:21:48,964 [grpc-default-executor-0] WARN  server.GrpcLogAppender (LogUtils.java:warn(122)) - omNode-2@group-523986131536->omNode-1-AppendLogResponseHandler: Failed appendEntries: org.apache.ratis.thirdparty.io.grpc.StatusRuntimeException: UNAVAILABLE: io exception
2022-08-10 09:21:48,965 [grpc-default-executor-0] WARN  server.GrpcLogAppender (GrpcLogAppender.java:resetClient(111)) - omNode-2@group-523986131536->omNode-1-GrpcLogAppender: Leader has not got in touch with Follower omNode-2@group-523986131536->omNode-1(c-1,m0,n23, attendVote=true, lastRpcSendTime=0, lastRpcResponseTime=3736) yet, just keep nextIndex unchanged and retry.
2022-08-10 09:21:49,215 [grpc-default-executor-0] WARN  server.GrpcLogAppender (LogUtils.java:warn(122)) - omNode-2@group-523986131536->omNode-1-AppendLogResponseHandler: Failed appendEntries: org.apache.ratis.thirdparty.io.grpc.StatusRuntimeException: UNAVAILABLE: io exception
2022-08-10 09:21:49,216 [grpc-default-executor-0] WARN  server.GrpcLogAppender (GrpcLogAppender.java:resetClient(111)) - omNode-2@group-523986131536->omNode-1-GrpcLogAppender: Leader has not got in touch with Follower omNode-2@group-523986131536->omNode-1(c-1,m0,n23, attendVote=true, lastRpcSendTime=1, lastRpcResponseTime=3986) yet, just keep nextIndex unchanged and retry.
2022-08-10 09:21:49,466 [grpc-default-executor-0] WARN  server.GrpcLogAppender (LogUtils.java:warn(122)) - omNode-2@group-523986131536->omNode-1-AppendLogResponseHandler: Failed appendEntries: org.apache.ratis.thirdparty.io.grpc.StatusRuntimeException: UNAVAILABLE: io exception
2022-08-10 09:21:49,466 [grpc-default-executor-0] WARN  server.GrpcLogAppender (GrpcLogAppender.java:resetClient(111)) - omNode-2@group-523986131536->omNode-1-GrpcLogAppender: Leader has not got in touch with Follower omNode-2@group-523986131536->omNode-1(c-1,m0,n23, attendVote=true, lastRpcSendTime=0, lastRpcResponseTime=4237) yet, just keep nextIndex unchanged and retry.
2022-08-10 09:21:49,716 [grpc-default-executor-0] WARN  server.GrpcLogAppender (LogUtils.java:warn(122)) - omNode-2@group-523986131536->omNode-1-AppendLogResponseHandler: Failed appendEntries: org.apache.ratis.thirdparty.io.grpc.StatusRuntimeException: UNAVAILABLE: io exception
2022-08-10 09:21:49,717 [grpc-default-executor-0] WARN  server.GrpcLogAppender (GrpcLogAppender.java:resetClient(111)) - omNode-2@group-523986131536->omNode-1-GrpcLogAppender: Leader has not got in touch with Follower omNode-2@group-523986131536->omNode-1(c-1,m0,n23, attendVote=true, lastRpcSendTime=0, lastRpcResponseTime=4488) yet, just keep nextIndex unchanged and retry.
2022-08-10 09:21:49,967 [grpc-default-executor-0] WARN  server.GrpcLogAppender (LogUtils.java:warn(122)) - omNode-2@group-523986131536->omNode-1-AppendLogResponseHandler: Failed appendEntries: org.apache.ratis.thirdparty.io.grpc.StatusRuntimeException: UNAVAILABLE: io exception
2022-08-10 09:21:49,968 [grpc-default-executor-0] WARN  server.GrpcLogAppender (GrpcLogAppender.java:resetClient(111)) - omNode-2@group-523986131536->omNode-1-GrpcLogAppender: Leader has not got in touch with Follower omNode-2@group-523986131536->omNode-1(c-1,m0,n23, attendVote=true, lastRpcSendTime=0, lastRpcResponseTime=4738) yet, just keep nextIndex unchanged and retry.
2022-08-10 09:21:50,217 [grpc-default-executor-1] WARN  server.GrpcLogAppender (LogUtils.java:warn(122)) - omNode-2@group-523986131536->omNode-1-AppendLogResponseHandler: Failed appendEntries: org.apache.ratis.thirdparty.io.grpc.StatusRuntimeException: UNAVAILABLE: io exception
2022-08-10 09:21:50,220 [grpc-default-executor-1] WARN  server.GrpcLogAppender (GrpcLogAppender.java:resetClient(111)) - omNode-2@group-523986131536->omNode-1-GrpcLogAppender: Leader has not got in touch with Follower omNode-2@group-523986131536->omNode-1(c-1,m0,n23, attendVote=true, lastRpcSendTime=2, lastRpcResponseTime=4990) yet, just keep nextIndex unchanged and retry.
2022-08-10 09:21:50,468 [grpc-default-executor-1] WARN  server.GrpcLogAppender (LogUtils.java:warn(122)) - omNode-2@group-523986131536->omNode-1-AppendLogResponseHandler: Failed appendEntries: org.apache.ratis.thirdparty.io.grpc.StatusRuntimeException: UNAVAILABLE: io exception
2022-08-10 09:21:50,469 [grpc-default-executor-1] WARN  server.GrpcLogAppender (GrpcLogAppender.java:resetClient(111)) - omNode-2@group-523986131536->omNode-1-GrpcLogAppender: Leader has not got in touch with Follower omNode-2@group-523986131536->omNode-1(c-1,m0,n23, attendVote=true, lastRpcSendTime=0, lastRpcResponseTime=5239) yet, just keep nextIndex unchanged and retry.
2022-08-10 09:21:50,718 [grpc-default-executor-1] WARN  server.GrpcLogAppender (LogUtils.java:warn(122)) - omNode-2@group-523986131536->omNode-1-AppendLogResponseHandler: Failed appendEntries: org.apache.ratis.thirdparty.io.grpc.StatusRuntimeException: UNAVAILABLE: io exception
2022-08-10 09:21:50,719 [grpc-default-executor-1] WARN  server.GrpcLogAppender (GrpcLogAppender.java:resetClient(111)) - omNode-2@group-523986131536->omNode-1-GrpcLogAppender: Leader has not got in touch with Follower omNode-2@group-523986131536->omNode-1(c-1,m0,n23, attendVote=true, lastRpcSendTime=1, lastRpcResponseTime=5490) yet, just keep nextIndex unchanged and retry.
2022-08-10 09:21:50,969 [grpc-default-executor-1] WARN  server.GrpcLogAppender (LogUtils.java:warn(122)) - omNode-2@group-523986131536->omNode-1-AppendLogResponseHandler: Failed appendEntries: org.apache.ratis.thirdparty.io.grpc.StatusRuntimeException: UNAVAILABLE: io exception
2022-08-10 09:21:50,970 [grpc-default-executor-1] WARN  server.GrpcLogAppender (GrpcLogAppender.java:resetClient(111)) - omNode-2@group-523986131536->omNode-1-GrpcLogAppender: Leader has not got in touch with Follower omNode-2@group-523986131536->omNode-1(c-1,m0,n23, attendVote=true, lastRpcSendTime=1, lastRpcResponseTime=5741) yet, just keep nextIndex unchanged and retry.
2022-08-10 09:21:51,220 [grpc-default-executor-1] WARN  server.GrpcLogAppender (LogUtils.java:warn(122)) - omNode-2@group-523986131536->omNode-1-AppendLogResponseHandler: Failed appendEntries: org.apache.ratis.thirdparty.io.grpc.StatusRuntimeException: UNAVAILABLE: io exception
2022-08-10 09:21:51,221 [grpc-default-executor-1] WARN  server.GrpcLogAppender (GrpcLogAppender.java:resetClient(111)) - omNode-2@group-523986131536->omNode-1-GrpcLogAppender: Leader has not got in touch with Follower omNode-2@group-523986131536->omNode-1(c-1,m0,n23, attendVote=true, lastRpcSendTime=1, lastRpcResponseTime=5991) yet, just keep nextIndex unchanged and retry.
2022-08-10 09:21:51,470 [grpc-default-executor-1] WARN  server.GrpcLogAppender (LogUtils.java:warn(122)) - omNode-2@group-523986131536->omNode-1-AppendLogResponseHandler: Failed appendEntries: org.apache.ratis.thirdparty.io.grpc.StatusRuntimeException: UNAVAILABLE: io exception
2022-08-10 09:21:51,471 [grpc-default-executor-1] WARN  server.GrpcLogAppender (GrpcLogAppender.java:resetClient(111)) - omNode-2@group-523986131536->omNode-1-GrpcLogAppender: Leader has not got in touch with Follower omNode-2@group-523986131536->omNode-1(c-1,m0,n23, attendVote=true, lastRpcSendTime=1, lastRpcResponseTime=6242) yet, just keep nextIndex unchanged and retry.
2022-08-10 09:21:51,721 [grpc-default-executor-1] WARN  server.GrpcLogAppender (LogUtils.java:warn(122)) - omNode-2@group-523986131536->omNode-1-AppendLogResponseHandler: Failed appendEntries: org.apache.ratis.thirdparty.io.grpc.StatusRuntimeException: UNAVAILABLE: io exception
2022-08-10 09:21:51,722 [grpc-default-executor-1] WARN  server.GrpcLogAppender (GrpcLogAppender.java:resetClient(111)) - omNode-2@group-523986131536->omNode-1-GrpcLogAppender: Leader has not got in touch with Follower omNode-2@group-523986131536->omNode-1(c-1,m0,n23, attendVote=true, lastRpcSendTime=0, lastRpcResponseTime=6492) yet, just keep nextIndex unchanged and retry.
2022-08-10 09:21:51,971 [grpc-default-executor-1] WARN  server.GrpcLogAppender (LogUtils.java:warn(122)) - omNode-2@group-523986131536->omNode-1-AppendLogResponseHandler: Failed appendEntries: org.apache.ratis.thirdparty.io.grpc.StatusRuntimeException: UNAVAILABLE: io exception
2022-08-10 09:21:51,972 [grpc-default-executor-1] WARN  server.GrpcLogAppender (GrpcLogAppender.java:resetClient(111)) - omNode-2@group-523986131536->omNode-1-GrpcLogAppender: Leader has not got in touch with Follower omNode-2@group-523986131536->omNode-1(c-1,m0,n23, attendVote=true, lastRpcSendTime=0, lastRpcResponseTime=6743) yet, just keep nextIndex unchanged and retry.
2022-08-10 09:21:52,222 [grpc-default-executor-1] WARN  server.GrpcLogAppender (LogUtils.java:warn(122)) - omNode-2@group-523986131536->omNode-1-AppendLogResponseHandler: Failed appendEntries: org.apache.ratis.thirdparty.io.grpc.StatusRuntimeException: UNAVAILABLE: io exception
2022-08-10 09:21:52,223 [grpc-default-executor-1] WARN  server.GrpcLogAppender (GrpcLogAppender.java:resetClient(111)) - omNode-2@group-523986131536->omNode-1-GrpcLogAppender: Leader has not got in touch with Follower omNode-2@group-523986131536->omNode-1(c-1,m0,n23, attendVote=true, lastRpcSendTime=1, lastRpcResponseTime=6994) yet, just keep nextIndex unchanged and retry.
2022-08-10 09:21:52,472 [grpc-default-executor-1] WARN  server.GrpcLogAppender (LogUtils.java:warn(122)) - omNode-2@group-523986131536->omNode-1-AppendLogResponseHandler: Failed appendEntries: org.apache.ratis.thirdparty.io.grpc.StatusRuntimeException: UNAVAILABLE: io exception
2022-08-10 09:21:52,473 [grpc-default-executor-1] WARN  server.GrpcLogAppender (GrpcLogAppender.java:resetClient(111)) - omNode-2@group-523986131536->omNode-1-GrpcLogAppender: Leader has not got in touch with Follower omNode-2@group-523986131536->omNode-1(c-1,m0,n23, attendVote=true, lastRpcSendTime=1, lastRpcResponseTime=7244) yet, just keep nextIndex unchanged and retry.
2022-08-10 09:21:52,723 [grpc-default-executor-0] WARN  server.GrpcLogAppender (LogUtils.java:warn(122)) - omNode-2@group-523986131536->omNode-1-AppendLogResponseHandler: Failed appendEntries: org.apache.ratis.thirdparty.io.grpc.StatusRuntimeException: UNAVAILABLE: io exception
2022-08-10 09:21:52,724 [grpc-default-executor-0] WARN  server.GrpcLogAppender (GrpcLogAppender.java:resetClient(111)) - omNode-2@group-523986131536->omNode-1-GrpcLogAppender: Leader has not got in touch with Follower omNode-2@group-523986131536->omNode-1(c-1,m0,n23, attendVote=true, lastRpcSendTime=251, lastRpcResponseTime=7494) yet, just keep nextIndex unchanged and retry.
2022-08-10 09:21:52,913 [Listener at 127.0.0.1/36235] INFO  retry.RetryInvocationHandler (RetryInvocationHandler.java:log(411)) - com.google.protobuf.ServiceException: java.io.EOFException: End of File Exception between local host is: "fv-az244-795/10.1.0.9"; destination host is: "localhost":39929; : java.io.EOFException; For more details see:  http://wiki.apache.org/hadoop/EOFException, while invoking $Proxy55.submitRequest over nodeId=omNode-1,nodeAddress=127.0.0.1:39929. Trying to failover immediately.
2022-08-10 09:21:52,926 [grpc-default-executor-1] WARN  server.GrpcLogAppender (LogUtils.java:warn(122)) - omNode-2@group-523986131536->omNode-1-AppendLogResponseHandler: Failed appendEntries: org.apache.ratis.thirdparty.io.grpc.StatusRuntimeException: UNAVAILABLE: io exception
2022-08-10 09:21:52,927 [grpc-default-executor-1] WARN  server.GrpcLogAppender (GrpcLogAppender.java:resetClient(111)) - omNode-2@group-523986131536->omNode-1-GrpcLogAppender: Leader has not got in touch with Follower omNode-2@group-523986131536->omNode-1(c-1,m0,n24, attendVote=true, lastRpcSendTime=202, lastRpcResponseTime=7698) yet, just keep nextIndex unchanged and retry.
2022-08-10 09:21:52,935 [grpc-default-executor-0] WARN  server.GrpcLogAppender (LogUtils.java:warn(122)) - omNode-2@group-523986131536->omNode-1-AppendLogResponseHandler: Failed appendEntries: org.apache.ratis.thirdparty.io.grpc.StatusRuntimeException: UNAVAILABLE: io exception
2022-08-10 09:21:52,936 [grpc-default-executor-0] WARN  server.GrpcLogAppender (GrpcLogAppender.java:resetClient(111)) - omNode-2@group-523986131536->omNode-1-GrpcLogAppender: Leader has not got in touch with Follower omNode-2@group-523986131536->omNode-1(c-1,m0,n25, attendVote=true, lastRpcSendTime=3, lastRpcResponseTime=7706) yet, just keep nextIndex unchanged and retry.
2022-08-10 09:21:52,953 [grpc-default-executor-0] WARN  server.GrpcLogAppender (LogUtils.java:warn(122)) - omNode-2@group-523986131536->omNode-1-AppendLogResponseHandler: Failed appendEntries: org.apache.ratis.thirdparty.io.grpc.StatusRuntimeException: UNAVAILABLE: io exception
2022-08-10 09:21:52,954 [grpc-default-executor-0] WARN  server.GrpcLogAppender (GrpcLogAppender.java:resetClient(111)) - omNode-2@group-523986131536->omNode-1-GrpcLogAppender: Leader has not got in touch with Follower omNode-2@group-523986131536->omNode-1(c-1,m0,n26, attendVote=true, lastRpcSendTime=0, lastRpcResponseTime=7724) yet, just keep nextIndex unchanged and retry.
2022-08-10 09:21:52,968 [grpc-default-executor-0] WARN  server.GrpcLogAppender (LogUtils.java:warn(122)) - omNode-2@group-523986131536->omNode-1-AppendLogResponseHandler: Failed appendEntries: org.apache.ratis.thirdparty.io.grpc.StatusRuntimeException: UNAVAILABLE: io exception
2022-08-10 09:21:52,969 [grpc-default-executor-0] WARN  server.GrpcLogAppender (GrpcLogAppender.java:resetClient(111)) - omNode-2@group-523986131536->omNode-1-GrpcLogAppender: Leader has not got in touch with Follower omNode-2@group-523986131536->omNode-1(c-1,m0,n27, attendVote=true, lastRpcSendTime=3, lastRpcResponseTime=7739) yet, just keep nextIndex unchanged and retry.
2022-08-10 09:21:52,976 [grpc-default-executor-1] WARN  server.GrpcLogAppender (LogUtils.java:warn(122)) - omNode-2@group-523986131536->omNode-1-AppendLogResponseHandler: Failed appendEntries: org.apache.ratis.thirdparty.io.grpc.StatusRuntimeException: UNAVAILABLE: io exception
2022-08-10 09:21:52,976 [grpc-default-executor-1] WARN  server.GrpcLogAppender (GrpcLogAppender.java:resetClient(111)) - omNode-2@group-523986131536->omNode-1-GrpcLogAppender: Leader has not got in touch with Follower omNode-2@group-523986131536->omNode-1(c-1,m0,n27, attendVote=true, lastRpcSendTime=0, lastRpcResponseTime=7747) yet, just keep nextIndex unchanged and retry.
2022-08-10 09:21:53,076 [Finalizer] WARN  managed.ManagedRocksObjectUtils (ManagedRocksObjectUtils.java:assertClosed(39)) - ManagedColumnFamilyOptions is not closed properly
2022-08-10 09:21:53,076 [Finalizer] WARN  managed.ManagedRocksObjectUtils (ManagedRocksObjectUtils.java:assertClosed(39)) - ManagedLRUCache is not closed properly
2022-08-10 09:21:53,076 [Finalizer] WARN  managed.ManagedRocksObjectUtils (ManagedRocksObjectUtils.java:assertClosed(39)) - ManagedBloomFilter is not closed properly
2022-08-10 09:21:53,105 [grpc-default-executor-0] WARN  server.GrpcLogAppender (LogUtils.java:warn(122)) - omNode-2@group-523986131536->omNode-1-AppendLogResponseHandler: Failed appendEntries: org.apache.ratis.thirdparty.io.grpc.StatusRuntimeException: UNAVAILABLE: io exception
2022-08-10 09:21:53,106 [grpc-default-executor-0] WARN  server.GrpcLogAppender (GrpcLogAppender.java:resetClient(111)) - omNode-2@group-523986131536->omNode-1-GrpcLogAppender: Leader has not got in touch with Follower omNode-2@group-523986131536->omNode-1(c-1,m0,n28, attendVote=true, lastRpcSendTime=0, lastRpcResponseTime=7877) yet, just keep nextIndex unchanged and retry.
2022-08-10 09:21:53,112 [grpc-default-executor-0] WARN  server.GrpcLogAppender (LogUtils.java:warn(122)) - omNode-2@group-523986131536->omNode-1-AppendLogResponseHandler: Failed appendEntries: org.apache.ratis.thirdparty.io.grpc.StatusRuntimeException: UNAVAILABLE: io exception
2022-08-10 09:21:53,113 [grpc-default-executor-0] WARN  server.GrpcLogAppender (GrpcLogAppender.java:resetClient(111)) - omNode-2@group-523986131536->omNode-1-GrpcLogAppender: Leader has not got in touch with Follower omNode-2@group-523986131536->omNode-1(c-1,m0,n29, attendVote=true, lastRpcSendTime=1, lastRpcResponseTime=7884) yet, just keep nextIndex unchanged and retry.
2022-08-10 09:21:53,115 [grpc-default-executor-0] WARN  server.GrpcLogAppender (LogUtils.java:warn(122)) - omNode-2@group-523986131536->omNode-1-AppendLogResponseHandler: Failed appendEntries: org.apache.ratis.thirdparty.io.grpc.StatusRuntimeException: UNAVAILABLE: io exception
2022-08-10 09:21:53,115 [grpc-default-executor-0] WARN  server.GrpcLogAppender (GrpcLogAppender.java:resetClient(111)) - omNode-2@group-523986131536->omNode-1-GrpcLogAppender: Leader has not got in touch with Follower omNode-2@group-523986131536->omNode-1(c-1,m0,n30, attendVote=true, lastRpcSendTime=0, lastRpcResponseTime=7886) yet, just keep nextIndex unchanged and retry.
2022-08-10 09:21:53,129 [grpc-default-executor-1] WARN  server.GrpcLogAppender (LogUtils.java:warn(122)) - omNode-2@group-523986131536->omNode-1-AppendLogResponseHandler: Failed appendEntries: org.apache.ratis.thirdparty.io.grpc.StatusRuntimeException: UNAVAILABLE: io exception
2022-08-10 09:21:53,129 [grpc-default-executor-1] WARN  server.GrpcLogAppender (GrpcLogAppender.java:resetClient(111)) - omNode-2@group-523986131536->omNode-1-GrpcLogAppender: Leader has not got in touch with Follower omNode-2@group-523986131536->omNode-1(c-1,m0,n31, attendVote=true, lastRpcSendTime=0, lastRpcResponseTime=7900) yet, just keep nextIndex unchanged and retry.
2022-08-10 09:21:53,160 [307a4eae-8455-4484-b26c-d8f5f09d506a@group-711033C97113-FollowerState] INFO  impl.FollowerState (FollowerState.java:run(143)) - 307a4eae-8455-4484-b26c-d8f5f09d506a@group-711033C97113-FollowerState: change to CANDIDATE, lastRpcElapsedTime:5102467202ns, electionTimeout:5096ms
2022-08-10 09:21:53,160 [307a4eae-8455-4484-b26c-d8f5f09d506a@group-711033C97113-FollowerState] INFO  impl.RoleInfo (RoleInfo.java:shutdownFollowerState(110)) - 307a4eae-8455-4484-b26c-d8f5f09d506a: shutdown 307a4eae-8455-4484-b26c-d8f5f09d506a@group-711033C97113-FollowerState
2022-08-10 09:21:53,160 [307a4eae-8455-4484-b26c-d8f5f09d506a@group-711033C97113-FollowerState] INFO  server.RaftServer$Division (RaftServerImpl.java:setRole(299)) - 307a4eae-8455-4484-b26c-d8f5f09d506a@group-711033C97113: changes role from  FOLLOWER to CANDIDATE at term 3 for changeToCandidate
2022-08-10 09:21:53,160 [307a4eae-8455-4484-b26c-d8f5f09d506a@group-711033C97113-FollowerState] INFO  server.RaftServerConfigKeys (ConfUtils.java:logGet(46)) - raft.server.leaderelection.pre-vote = false (custom)
2022-08-10 09:21:53,161 [307a4eae-8455-4484-b26c-d8f5f09d506a@group-711033C97113-FollowerState] INFO  impl.RoleInfo (RoleInfo.java:updateAndGet(139)) - 307a4eae-8455-4484-b26c-d8f5f09d506a: start 307a4eae-8455-4484-b26c-d8f5f09d506a@group-711033C97113-LeaderElection15
2022-08-10 09:21:53,175 [307a4eae-8455-4484-b26c-d8f5f09d506a@group-711033C97113-LeaderElection15] INFO  impl.LeaderElection (LeaderElection.java:askForVotes(310)) - 307a4eae-8455-4484-b26c-d8f5f09d506a@group-711033C97113-LeaderElection15 ELECTION round 0: submit vote requests at term 4 for -1: [307a4eae-8455-4484-b26c-d8f5f09d506a|rpc:10.1.0.9:36815|dataStream:|priority:1, 1aca9449-889e-455e-97c1-34bb763eddaa|rpc:10.1.0.9:44661|dataStream:|priority:0, 895c4c6d-5b5c-4808-a9cf-fdca3e3afc0d|rpc:10.1.0.9:40015|dataStream:|priority:0], old=null
2022-08-10 09:21:53,193 [Listener at 127.0.0.1/36235] INFO  om.OzoneManager (OzoneManager.java:stop(2022)) - omNode-3[localhost:36235]: Stopping Ozone Manager
2022-08-10 09:21:53,196 [Listener at 127.0.0.1/36235] INFO  ipc.Server (Server.java:stop(3414)) - Stopping server on 36235
2022-08-10 09:21:53,213 [895c4c6d-5b5c-4808-a9cf-fdca3e3afc0d@group-711033C97113-FollowerState] INFO  impl.FollowerState (FollowerState.java:run(143)) - 895c4c6d-5b5c-4808-a9cf-fdca3e3afc0d@group-711033C97113-FollowerState: change to CANDIDATE, lastRpcElapsedTime:5146505548ns, electionTimeout:5112ms
2022-08-10 09:21:53,216 [895c4c6d-5b5c-4808-a9cf-fdca3e3afc0d@group-711033C97113-FollowerState] INFO  impl.RoleInfo (RoleInfo.java:shutdownFollowerState(110)) - 895c4c6d-5b5c-4808-a9cf-fdca3e3afc0d: shutdown 895c4c6d-5b5c-4808-a9cf-fdca3e3afc0d@group-711033C97113-FollowerState
2022-08-10 09:21:53,216 [895c4c6d-5b5c-4808-a9cf-fdca3e3afc0d@group-711033C97113-FollowerState] INFO  server.RaftServer$Division (RaftServerImpl.java:setRole(299)) - 895c4c6d-5b5c-4808-a9cf-fdca3e3afc0d@group-711033C97113: changes role from  FOLLOWER to CANDIDATE at term 3 for changeToCandidate
2022-08-10 09:21:53,217 [895c4c6d-5b5c-4808-a9cf-fdca3e3afc0d@group-711033C97113-FollowerState] INFO  server.RaftServerConfigKeys (ConfUtils.java:logGet(46)) - raft.server.leaderelection.pre-vote = false (custom)
2022-08-10 09:21:53,217 [895c4c6d-5b5c-4808-a9cf-fdca3e3afc0d@group-711033C97113-FollowerState] INFO  impl.RoleInfo (RoleInfo.java:updateAndGet(139)) - 895c4c6d-5b5c-4808-a9cf-fdca3e3afc0d: start 895c4c6d-5b5c-4808-a9cf-fdca3e3afc0d@group-711033C97113-LeaderElection16
2022-08-10 09:21:53,220 [IPC Server Responder] INFO  ipc.Server (Server.java:run(1512)) - Stopping IPC Server Responder
2022-08-10 09:21:53,220 [IPC Server listener on 36235] INFO  ipc.Server (Server.java:run(1376)) - Stopping IPC Server listener on 36235
2022-08-10 09:21:53,221 [Listener at 127.0.0.1/36235] INFO  server.RaftServer (RaftServerProxy.java:lambda$close$7(398)) - omNode-3: close
2022-08-10 09:21:53,221 [Listener at 127.0.0.1/36235] INFO  server.RaftServer$Division (RaftServerImpl.java:lambda$close$4(434)) - omNode-3@group-523986131536: shutdown
2022-08-10 09:21:53,221 [Listener at 127.0.0.1/36235] INFO  util.JmxRegister (JmxRegister.java:unregister(73)) - Successfully un-registered JMX Bean with object name Ratis:service=RaftServer,group=group-523986131536,id=omNode-3
2022-08-10 09:21:53,221 [Listener at 127.0.0.1/36235] INFO  impl.RoleInfo (RoleInfo.java:shutdownFollowerState(110)) - omNode-3: shutdown omNode-3@group-523986131536-FollowerState
2022-08-10 09:21:53,222 [Listener at 127.0.0.1/36235] INFO  impl.StateMachineUpdater (StateMachineUpdater.java:stopAndJoin(153)) - omNode-3@group-523986131536-StateMachineUpdater: set stopIndex = 29
2022-08-10 09:21:53,222 [omNode-3@group-523986131536-FollowerState] INFO  impl.FollowerState (FollowerState.java:run(152)) - omNode-3@group-523986131536-FollowerState was interrupted
2022-08-10 09:21:53,223 [omNode-3@group-523986131536-StateMachineUpdater] INFO  ratis.OzoneManagerStateMachine (OzoneManagerStateMachine.java:takeSnapshot(441)) - Current Snapshot Index (t:3, i:29)
2022-08-10 09:21:53,224 [grpc-default-executor-0] INFO  server.RaftServer$Division (RaftServerImpl.java:requestVote(1152)) - 895c4c6d-5b5c-4808-a9cf-fdca3e3afc0d@group-711033C97113: receive requestVote(ELECTION, 307a4eae-8455-4484-b26c-d8f5f09d506a, group-711033C97113, 4, (t:0, i:0))
2022-08-10 09:21:53,225 [omNode-3@group-523986131536-StateMachineUpdater] INFO  impl.StateMachineUpdater (StateMachineUpdater.java:takeSnapshot(287)) - omNode-3@group-523986131536-StateMachineUpdater: Took a snapshot at index 29
2022-08-10 09:21:53,225 [omNode-3@group-523986131536-StateMachineUpdater] INFO  impl.StateMachineUpdater (StateMachineUpdater.java:lambda$new$0(92)) - omNode-3@group-523986131536-StateMachineUpdater: snapshotIndex: updateIncreasingly -1 -> 29
2022-08-10 09:21:53,225 [omNode-3@group-523986131536-StateMachineUpdater] INFO  ratis.OzoneManagerStateMachine (OzoneManagerStateMachine.java:close(495)) - StateMachine has shutdown. Shutdown OzoneManager if not already shutdown.
2022-08-10 09:21:53,225 [omNode-3@group-523986131536-StateMachineUpdater] INFO  ratis.OzoneManagerDoubleBuffer (OzoneManagerDoubleBuffer.java:stop(466)) - Stopping OMDoubleBuffer flush thread
2022-08-10 09:21:53,226 [grpc-default-executor-1] WARN  server.GrpcLogAppender (LogUtils.java:warn(122)) - omNode-2@group-523986131536->omNode-1-AppendLogResponseHandler: Failed appendEntries: org.apache.ratis.thirdparty.io.grpc.StatusRuntimeException: UNAVAILABLE: io exception
2022-08-10 09:21:53,226 [895c4c6d-5b5c-4808-a9cf-fdca3e3afc0d@group-711033C97113-LeaderElection16] INFO  impl.LeaderElection (LeaderElection.java:askForVotes(310)) - 895c4c6d-5b5c-4808-a9cf-fdca3e3afc0d@group-711033C97113-LeaderElection16 ELECTION round 0: submit vote requests at term 4 for -1: [307a4eae-8455-4484-b26c-d8f5f09d506a|rpc:10.1.0.9:36815|dataStream:|priority:1, 1aca9449-889e-455e-97c1-34bb763eddaa|rpc:10.1.0.9:44661|dataStream:|priority:0, 895c4c6d-5b5c-4808-a9cf-fdca3e3afc0d|rpc:10.1.0.9:40015|dataStream:|priority:0], old=null
2022-08-10 09:21:53,227 [grpc-default-executor-0] INFO  impl.VoteContext (VoteContext.java:log(48)) - 895c4c6d-5b5c-4808-a9cf-fdca3e3afc0d@group-711033C97113-CANDIDATE: reject ELECTION from 307a4eae-8455-4484-b26c-d8f5f09d506a: already has voted for 895c4c6d-5b5c-4808-a9cf-fdca3e3afc0d at current term 4
2022-08-10 09:21:53,227 [grpc-default-executor-0] INFO  server.RaftServer$Division (RaftServerImpl.java:requestVote(1184)) - 895c4c6d-5b5c-4808-a9cf-fdca3e3afc0d@group-711033C97113 replies to ELECTION vote request: 307a4eae-8455-4484-b26c-d8f5f09d506a<-895c4c6d-5b5c-4808-a9cf-fdca3e3afc0d#0:FAIL-t4. Peer's state: 895c4c6d-5b5c-4808-a9cf-fdca3e3afc0d@group-711033C97113:t4, leader=null, voted=895c4c6d-5b5c-4808-a9cf-fdca3e3afc0d, raftlog=895c4c6d-5b5c-4808-a9cf-fdca3e3afc0d@group-711033C97113-SegmentedRaftLog:OPENED:c-1, conf=-1: [307a4eae-8455-4484-b26c-d8f5f09d506a|rpc:10.1.0.9:36815|dataStream:|priority:1, 1aca9449-889e-455e-97c1-34bb763eddaa|rpc:10.1.0.9:44661|dataStream:|priority:0, 895c4c6d-5b5c-4808-a9cf-fdca3e3afc0d|rpc:10.1.0.9:40015|dataStream:|priority:0], old=null
2022-08-10 09:21:53,228 [OMDoubleBufferFlushThread] INFO  ratis.OzoneManagerDoubleBuffer (OzoneManagerDoubleBuffer.java:flushTransactions(385)) - OMDoubleBuffer flush thread OMDoubleBufferFlushThread is interrupted and will exit.
2022-08-10 09:21:53,234 [Listener at 127.0.0.1/36235] INFO  server.RaftServer$Division (ServerState.java:close(429)) - omNode-3@group-523986131536: closes. applyIndex: 29
2022-08-10 09:21:53,235 [omNode-3@group-523986131536-SegmentedRaftLogWorker] INFO  segmented.SegmentedRaftLogWorker (SegmentedRaftLogWorker.java:run(336)) - omNode-3@group-523986131536-SegmentedRaftLogWorker was interrupted, exiting. There are 0 tasks remaining in the queue.
2022-08-10 09:21:53,235 [grpc-default-executor-1] WARN  server.GrpcLogAppender (GrpcLogAppender.java:resetClient(111)) - omNode-2@group-523986131536->omNode-1-GrpcLogAppender: Leader has not got in touch with Follower omNode-2@group-523986131536->omNode-1(c-1,m0,n31, attendVote=true, lastRpcSendTime=7, lastRpcResponseTime=8005) yet, just keep nextIndex unchanged and retry.
2022-08-10 09:21:53,246 [Listener at 127.0.0.1/36235] INFO  segmented.SegmentedRaftLogWorker (SegmentedRaftLogWorker.java:close(246)) - omNode-3@group-523986131536-SegmentedRaftLogWorker close()
2022-08-10 09:21:53,246 [grpc-default-executor-1] INFO  server.RaftServer$Division (RaftServerImpl.java:requestVote(1152)) - 307a4eae-8455-4484-b26c-d8f5f09d506a@group-711033C97113: receive requestVote(ELECTION, 895c4c6d-5b5c-4808-a9cf-fdca3e3afc0d, group-711033C97113, 4, (t:0, i:0))
2022-08-10 09:21:53,246 [grpc-default-executor-1] INFO  impl.VoteContext (VoteContext.java:log(48)) - 307a4eae-8455-4484-b26c-d8f5f09d506a@group-711033C97113-CANDIDATE: reject ELECTION from 895c4c6d-5b5c-4808-a9cf-fdca3e3afc0d: already has voted for 307a4eae-8455-4484-b26c-d8f5f09d506a at current term 4
2022-08-10 09:21:53,246 [grpc-default-executor-1] INFO  server.RaftServer$Division (RaftServerImpl.java:requestVote(1184)) - 307a4eae-8455-4484-b26c-d8f5f09d506a@group-711033C97113 replies to ELECTION vote request: 895c4c6d-5b5c-4808-a9cf-fdca3e3afc0d<-307a4eae-8455-4484-b26c-d8f5f09d506a#0:FAIL-t4. Peer's state: 307a4eae-8455-4484-b26c-d8f5f09d506a@group-711033C97113:t4, leader=null, voted=307a4eae-8455-4484-b26c-d8f5f09d506a, raftlog=307a4eae-8455-4484-b26c-d8f5f09d506a@group-711033C97113-SegmentedRaftLog:OPENED:c-1, conf=-1: [307a4eae-8455-4484-b26c-d8f5f09d506a|rpc:10.1.0.9:36815|dataStream:|priority:1, 1aca9449-889e-455e-97c1-34bb763eddaa|rpc:10.1.0.9:44661|dataStream:|priority:0, 895c4c6d-5b5c-4808-a9cf-fdca3e3afc0d|rpc:10.1.0.9:40015|dataStream:|priority:0], old=null
2022-08-10 09:21:53,246 [grpc-default-executor-0] INFO  server.RaftServer$Division (RaftServerImpl.java:requestVote(1152)) - 1aca9449-889e-455e-97c1-34bb763eddaa@group-711033C97113: receive requestVote(ELECTION, 307a4eae-8455-4484-b26c-d8f5f09d506a, group-711033C97113, 4, (t:0, i:0))
2022-08-10 09:21:53,247 [grpc-default-executor-0] INFO  impl.VoteContext (VoteContext.java:log(48)) - 1aca9449-889e-455e-97c1-34bb763eddaa@group-711033C97113-FOLLOWER: accept ELECTION from 307a4eae-8455-4484-b26c-d8f5f09d506a: our priority 0 <= candidate's priority 1
2022-08-10 09:21:53,247 [grpc-default-executor-0] INFO  server.RaftServer$Division (RaftServerImpl.java:setRole(299)) - 1aca9449-889e-455e-97c1-34bb763eddaa@group-711033C97113: changes role from  FOLLOWER to FOLLOWER at term 4 for candidate:307a4eae-8455-4484-b26c-d8f5f09d506a
2022-08-10 09:21:53,247 [grpc-default-executor-0] INFO  impl.RoleInfo (RoleInfo.java:shutdownFollowerState(110)) - 1aca9449-889e-455e-97c1-34bb763eddaa: shutdown 1aca9449-889e-455e-97c1-34bb763eddaa@group-711033C97113-FollowerState
2022-08-10 09:21:53,247 [grpc-default-executor-0] INFO  impl.RoleInfo (RoleInfo.java:updateAndGet(139)) - 1aca9449-889e-455e-97c1-34bb763eddaa: start 1aca9449-889e-455e-97c1-34bb763eddaa@group-711033C97113-FollowerState
2022-08-10 09:21:53,247 [1aca9449-889e-455e-97c1-34bb763eddaa@group-711033C97113-FollowerState] INFO  impl.FollowerState (FollowerState.java:run(152)) - 1aca9449-889e-455e-97c1-34bb763eddaa@group-711033C97113-FollowerState was interrupted
2022-08-10 09:21:53,254 [Listener at 127.0.0.1/36235] INFO  server.GrpcService (GrpcService.java:closeImpl(269)) - omNode-3: shutdown server with port 34947 now
2022-08-10 09:21:53,253 [grpc-default-executor-0] INFO  server.RaftServer$Division (RaftServerImpl.java:requestVote(1184)) - 1aca9449-889e-455e-97c1-34bb763eddaa@group-711033C97113 replies to ELECTION vote request: 307a4eae-8455-4484-b26c-d8f5f09d506a<-1aca9449-889e-455e-97c1-34bb763eddaa#0:OK-t4. Peer's state: 1aca9449-889e-455e-97c1-34bb763eddaa@group-711033C97113:t4, leader=null, voted=307a4eae-8455-4484-b26c-d8f5f09d506a, raftlog=1aca9449-889e-455e-97c1-34bb763eddaa@group-711033C97113-SegmentedRaftLog:OPENED:c-1, conf=-1: [307a4eae-8455-4484-b26c-d8f5f09d506a|rpc:10.1.0.9:36815|priority:1, 1aca9449-889e-455e-97c1-34bb763eddaa|rpc:10.1.0.9:44661|priority:0, 895c4c6d-5b5c-4808-a9cf-fdca3e3afc0d|rpc:10.1.0.9:40015|priority:0], old=null
2022-08-10 09:21:53,249 [895c4c6d-5b5c-4808-a9cf-fdca3e3afc0d@group-711033C97113-LeaderElection16] INFO  impl.LeaderElection (LeaderElection.java:logAndReturn(90)) - 895c4c6d-5b5c-4808-a9cf-fdca3e3afc0d@group-711033C97113-LeaderElection16: ELECTION REJECTED received 1 response(s) and 0 exception(s):
2022-08-10 09:21:53,255 [895c4c6d-5b5c-4808-a9cf-fdca3e3afc0d@group-711033C97113-LeaderElection16] INFO  impl.LeaderElection (LeaderElection.java:logAndReturn(94)) -   Response 0: 895c4c6d-5b5c-4808-a9cf-fdca3e3afc0d<-307a4eae-8455-4484-b26c-d8f5f09d506a#0:FAIL-t4
2022-08-10 09:21:53,255 [895c4c6d-5b5c-4808-a9cf-fdca3e3afc0d@group-711033C97113-LeaderElection16] INFO  impl.LeaderElection (LeaderElection.java:askForVotes(312)) - 895c4c6d-5b5c-4808-a9cf-fdca3e3afc0d@group-711033C97113-LeaderElection16 ELECTION round 0: result REJECTED
2022-08-10 09:21:53,255 [895c4c6d-5b5c-4808-a9cf-fdca3e3afc0d@group-711033C97113-LeaderElection16] INFO  server.RaftServer$Division (RaftServerImpl.java:setRole(299)) - 895c4c6d-5b5c-4808-a9cf-fdca3e3afc0d@group-711033C97113: changes role from CANDIDATE to FOLLOWER at term 4 for REJECTED
2022-08-10 09:21:53,255 [895c4c6d-5b5c-4808-a9cf-fdca3e3afc0d@group-711033C97113-LeaderElection16] INFO  impl.RoleInfo (RoleInfo.java:shutdownLeaderElection(130)) - 895c4c6d-5b5c-4808-a9cf-fdca3e3afc0d: shutdown 895c4c6d-5b5c-4808-a9cf-fdca3e3afc0d@group-711033C97113-LeaderElection16
2022-08-10 09:21:53,255 [895c4c6d-5b5c-4808-a9cf-fdca3e3afc0d@group-711033C97113-LeaderElection16] INFO  impl.RoleInfo (RoleInfo.java:updateAndGet(139)) - 895c4c6d-5b5c-4808-a9cf-fdca3e3afc0d: start 895c4c6d-5b5c-4808-a9cf-fdca3e3afc0d@group-711033C97113-FollowerState
2022-08-10 09:21:53,260 [grpc-default-executor-1] INFO  server.RaftServer$Division (RaftServerImpl.java:requestVote(1152)) - 1aca9449-889e-455e-97c1-34bb763eddaa@group-711033C97113: receive requestVote(ELECTION, 895c4c6d-5b5c-4808-a9cf-fdca3e3afc0d, group-711033C97113, 4, (t:0, i:0))
2022-08-10 09:21:53,268 [grpc-default-executor-1] INFO  impl.VoteContext (VoteContext.java:log(48)) - 1aca9449-889e-455e-97c1-34bb763eddaa@group-711033C97113-FOLLOWER: reject ELECTION from 895c4c6d-5b5c-4808-a9cf-fdca3e3afc0d: already has voted for 307a4eae-8455-4484-b26c-d8f5f09d506a at current term 4
2022-08-10 09:21:53,268 [grpc-default-executor-1] INFO  server.RaftServer$Division (RaftServerImpl.java:requestVote(1184)) - 1aca9449-889e-455e-97c1-34bb763eddaa@group-711033C97113 replies to ELECTION vote request: 895c4c6d-5b5c-4808-a9cf-fdca3e3afc0d<-1aca9449-889e-455e-97c1-34bb763eddaa#0:FAIL-t4. Peer's state: 1aca9449-889e-455e-97c1-34bb763eddaa@group-711033C97113:t4, leader=null, voted=307a4eae-8455-4484-b26c-d8f5f09d506a, raftlog=1aca9449-889e-455e-97c1-34bb763eddaa@group-711033C97113-SegmentedRaftLog:OPENED:c-1, conf=-1: [307a4eae-8455-4484-b26c-d8f5f09d506a|rpc:10.1.0.9:36815|priority:1, 1aca9449-889e-455e-97c1-34bb763eddaa|rpc:10.1.0.9:44661|priority:0, 895c4c6d-5b5c-4808-a9cf-fdca3e3afc0d|rpc:10.1.0.9:40015|priority:0], old=null
2022-08-10 09:21:53,260 [307a4eae-8455-4484-b26c-d8f5f09d506a@group-711033C97113-LeaderElection15] INFO  impl.LeaderElection (LeaderElection.java:logAndReturn(90)) - 307a4eae-8455-4484-b26c-d8f5f09d506a@group-711033C97113-LeaderElection15: ELECTION PASSED received 2 response(s) and 0 exception(s):
2022-08-10 09:21:53,273 [307a4eae-8455-4484-b26c-d8f5f09d506a@group-711033C97113-LeaderElection15] INFO  impl.LeaderElection (LeaderElection.java:logAndReturn(94)) -   Response 0: 307a4eae-8455-4484-b26c-d8f5f09d506a<-1aca9449-889e-455e-97c1-34bb763eddaa#0:OK-t4
2022-08-10 09:21:53,273 [307a4eae-8455-4484-b26c-d8f5f09d506a@group-711033C97113-LeaderElection15] INFO  impl.LeaderElection (LeaderElection.java:logAndReturn(94)) -   Response 1: 307a4eae-8455-4484-b26c-d8f5f09d506a<-895c4c6d-5b5c-4808-a9cf-fdca3e3afc0d#0:FAIL-t4
2022-08-10 09:21:53,273 [307a4eae-8455-4484-b26c-d8f5f09d506a@group-711033C97113-LeaderElection15] INFO  impl.LeaderElection (LeaderElection.java:askForVotes(312)) - 307a4eae-8455-4484-b26c-d8f5f09d506a@group-711033C97113-LeaderElection15 ELECTION round 0: result PASSED
2022-08-10 09:21:53,273 [307a4eae-8455-4484-b26c-d8f5f09d506a@group-711033C97113-LeaderElection15] INFO  impl.RoleInfo (RoleInfo.java:shutdownLeaderElection(130)) - 307a4eae-8455-4484-b26c-d8f5f09d506a: shutdown 307a4eae-8455-4484-b26c-d8f5f09d506a@group-711033C97113-LeaderElection15
2022-08-10 09:21:53,273 [307a4eae-8455-4484-b26c-d8f5f09d506a@group-711033C97113-LeaderElection15] INFO  server.RaftServer$Division (RaftServerImpl.java:setRole(299)) - 307a4eae-8455-4484-b26c-d8f5f09d506a@group-711033C97113: changes role from CANDIDATE to LEADER at term 4 for changeToLeader
2022-08-10 09:21:53,273 [307a4eae-8455-4484-b26c-d8f5f09d506a@group-711033C97113-LeaderElection15] INFO  ratis.XceiverServerRatis (XceiverServerRatis.java:handleLeaderChangedNotification(863)) - Leader change notification received for group: group-711033C97113 with new leaderId: 307a4eae-8455-4484-b26c-d8f5f09d506a
2022-08-10 09:21:53,273 [307a4eae-8455-4484-b26c-d8f5f09d506a@group-711033C97113-LeaderElection15] INFO  server.RaftServer$Division (ServerState.java:setLeader(287)) - 307a4eae-8455-4484-b26c-d8f5f09d506a@group-711033C97113: change Leader from null to 307a4eae-8455-4484-b26c-d8f5f09d506a at term 4 for becomeLeader, leader elected after 20580ms
2022-08-10 09:21:53,274 [307a4eae-8455-4484-b26c-d8f5f09d506a@group-711033C97113-LeaderElection15] INFO  server.RaftServerConfigKeys (ConfUtils.java:logGet(46)) - raft.server.staging.catchup.gap = 1000 (default)
2022-08-10 09:21:53,274 [307a4eae-8455-4484-b26c-d8f5f09d506a@group-711033C97113-LeaderElection15] INFO  server.RaftServerConfigKeys (ConfUtils.java:logGet(46)) - raft.server.write.element-limit = 1024 (custom)
2022-08-10 09:21:53,274 [307a4eae-8455-4484-b26c-d8f5f09d506a@group-711033C97113-LeaderElection15] INFO  server.RaftServerConfigKeys (ConfUtils.java:logGet(46)) - raft.server.write.byte-limit = 1024 M (=1073741824) (custom)
2022-08-10 09:21:53,274 [307a4eae-8455-4484-b26c-d8f5f09d506a@group-711033C97113-LeaderElection15] INFO  server.RaftServerConfigKeys (ConfUtils.java:logGet(46)) - raft.server.watch.timeout = 180s (custom)
2022-08-10 09:21:53,274 [307a4eae-8455-4484-b26c-d8f5f09d506a@group-711033C97113-LeaderElection15] INFO  server.RaftServerConfigKeys (ConfUtils.java:logGet(46)) - raft.server.watch.timeout.denomination = 1s (default)
2022-08-10 09:21:53,274 [307a4eae-8455-4484-b26c-d8f5f09d506a@group-711033C97113-LeaderElection15] INFO  server.RaftServerConfigKeys (ConfUtils.java:logGet(46)) - raft.server.watch.element-limit = 65536 (default)
2022-08-10 09:21:53,274 [307a4eae-8455-4484-b26c-d8f5f09d506a@group-711033C97113-LeaderElection15] INFO  server.RaftServerConfigKeys (ConfUtils.java:logGet(46)) - raft.server.write.element-limit = 1024 (custom)
2022-08-10 09:21:53,275 [307a4eae-8455-4484-b26c-d8f5f09d506a@group-711033C97113-LeaderElection15] INFO  server.RaftServerConfigKeys (ConfUtils.java:logGet(46)) - raft.server.write.follower.gap.ratio.max = -1.0 (default)
2022-08-10 09:21:53,275 [307a4eae-8455-4484-b26c-d8f5f09d506a@group-711033C97113-LeaderElection15] INFO  server.RaftServerConfigKeys (ConfUtils.java:logGet(46)) - raft.server.log.appender.snapshot.chunk.size.max = 16MB (=16777216) (default)
2022-08-10 09:21:53,275 [307a4eae-8455-4484-b26c-d8f5f09d506a@group-711033C97113-LeaderElection15] INFO  server.RaftServerConfigKeys (ConfUtils.java:logGet(46)) - raft.server.log.appender.buffer.byte-limit = 33554432 (custom)
2022-08-10 09:21:53,275 [307a4eae-8455-4484-b26c-d8f5f09d506a@group-711033C97113-LeaderElection15] INFO  server.RaftServerConfigKeys (ConfUtils.java:logGet(46)) - raft.server.log.appender.buffer.element-limit = 1 (custom)
2022-08-10 09:21:53,275 [307a4eae-8455-4484-b26c-d8f5f09d506a@group-711033C97113-LeaderElection15] INFO  grpc.GrpcConfigKeys (ConfUtils.java:logGet(46)) - raft.grpc.server.leader.outstanding.appends.max = 128 (default)
2022-08-10 09:21:53,279 [EventQueue-PipelineReportForPipelineReportHandler] INFO  pipeline.PipelineManagerImpl (PipelineManagerImpl.java:openPipeline(367)) - Pipeline Pipeline[ Id: 7080040a-41fb-4f86-879e-711033c97113, Nodes: 307a4eae-8455-4484-b26c-d8f5f09d506a{ip: 10.1.0.9, host: fv-az244-795.wfqk4h0zklwe5pzfvc0psazzwc.bx.internal.cloudapp.net, ports: [REPLICATION=33787, RATIS=36815, RATIS_ADMIN=36815, RATIS_SERVER=36815, STANDALONE=37765], networkLocation: /default-rack, certSerialId: null, persistedOpState: IN_SERVICE, persistedOpStateExpiryEpochSec: 0}895c4c6d-5b5c-4808-a9cf-fdca3e3afc0d{ip: 10.1.0.9, host: fv-az244-795.wfqk4h0zklwe5pzfvc0psazzwc.bx.internal.cloudapp.net, ports: [REPLICATION=43925, RATIS=40015, RATIS_ADMIN=40015, RATIS_SERVER=40015, STANDALONE=41805], networkLocation: /default-rack, certSerialId: null, persistedOpState: IN_SERVICE, persistedOpStateExpiryEpochSec: 0}1aca9449-889e-455e-97c1-34bb763eddaa{ip: 10.1.0.9, host: fv-az244-795.wfqk4h0zklwe5pzfvc0psazzwc.bx.internal.cloudapp.net, ports: [REPLICATION=40617, RATIS=44661, RATIS_ADMIN=44661, RATIS_SERVER=44661, STANDALONE=40197], networkLocation: /default-rack, certSerialId: null, persistedOpState: IN_SERVICE, persistedOpStateExpiryEpochSec: 0}, ReplicationConfig: RATIS/THREE, State:ALLOCATED, leaderId:307a4eae-8455-4484-b26c-d8f5f09d506a, CreationTimestamp2022-08-10T09:21:30.169Z[Etc/UTC]] moved to OPEN state
2022-08-10 09:21:53,283 [grpc-default-executor-1] WARN  server.GrpcLogAppender (LogUtils.java:warn(122)) - omNode-2@group-523986131536->omNode-3-AppendLogResponseHandler: Failed appendEntries: org.apache.ratis.thirdparty.io.grpc.StatusRuntimeException: CANCELLED: RST_STREAM closed stream. HTTP/2 error code: CANCEL
2022-08-10 09:21:53,284 [grpc-default-executor-1] INFO  leader.FollowerInfo (FollowerInfoImpl.java:lambda$new$0(48)) - omNode-2@group-523986131536->omNode-3: nextIndex: updateUnconditionally 31 -> 30
2022-08-10 09:21:53,273 [grpc-default-executor-0] WARN  server.GrpcServerProtocolService (LogUtils.java:warn(122)) - omNode-3: installSnapshot onError, lastRequest: omNode-2->omNode-3#86-t3,previous=(t:3, i:29),leaderCommit=29,initializing? true,entries: size=1, first=(t:3, i:30), METADATAENTRY(c:29): org.apache.ratis.thirdparty.io.grpc.StatusRuntimeException: CANCELLED: client cancelled
2022-08-10 09:21:53,279 [Listener at 127.0.0.1/36235] INFO  server.GrpcService (GrpcService.java:closeImpl(278)) - omNode-3: shutdown server with port 34947 successfully
2022-08-10 09:21:53,287 [org.apache.ratis.util.JvmPauseMonitor$$Lambda$696/1259104175@4f0ee1eb] INFO  util.JvmPauseMonitor (JvmPauseMonitor.java:run(109)) - JvmPauseMonitor-omNode-3: Stopped
2022-08-10 09:21:53,287 [Listener at 127.0.0.1/36235] INFO  ratis.OzoneManagerStateMachine (OzoneManagerStateMachine.java:close(495)) - StateMachine has shutdown. Shutdown OzoneManager if not already shutdown.
2022-08-10 09:21:53,287 [Listener at 127.0.0.1/36235] INFO  ratis.OzoneManagerDoubleBuffer (OzoneManagerDoubleBuffer.java:stop(478)) - OMDoubleBuffer flush thread is not running.
2022-08-10 09:21:53,287 [Listener at 127.0.0.1/36235] INFO  utils.BackgroundService (BackgroundService.java:shutdown(141)) - Shutting down service KeyDeletingService
2022-08-10 09:21:53,288 [Listener at 127.0.0.1/36235] INFO  utils.BackgroundService (BackgroundService.java:shutdown(141)) - Shutting down service DirectoryDeletingService
2022-08-10 09:21:53,289 [Listener at 127.0.0.1/36235] INFO  utils.BackgroundService (BackgroundService.java:shutdown(141)) - Shutting down service OpenKeyCleanupService
2022-08-10 09:21:53,279 [307a4eae-8455-4484-b26c-d8f5f09d506a@group-711033C97113-LeaderElection15] INFO  server.RaftServerConfigKeys (ConfUtils.java:logGet(46)) - raft.server.rpc.request.timeout = 60s (custom)
2022-08-10 09:21:53,289 [307a4eae-8455-4484-b26c-d8f5f09d506a@group-711033C97113-LeaderElection15] INFO  server.RaftServerConfigKeys (ConfUtils.java:logGet(46)) - raft.server.log.appender.install.snapshot.enabled = false (custom)
2022-08-10 09:21:53,290 [307a4eae-8455-4484-b26c-d8f5f09d506a@group-711033C97113-LeaderElection15] INFO  server.RaftServerConfigKeys (ConfUtils.java:logGet(46)) - raft.server.log.appender.snapshot.chunk.size.max = 16MB (=16777216) (default)
2022-08-10 09:21:53,290 [307a4eae-8455-4484-b26c-d8f5f09d506a@group-711033C97113-LeaderElection15] INFO  server.RaftServerConfigKeys (ConfUtils.java:logGet(46)) - raft.server.log.appender.buffer.byte-limit = 33554432 (custom)
2022-08-10 09:21:53,291 [307a4eae-8455-4484-b26c-d8f5f09d506a@group-711033C97113-LeaderElection15] INFO  server.RaftServerConfigKeys (ConfUtils.java:logGet(46)) - raft.server.log.appender.buffer.element-limit = 1 (custom)
2022-08-10 09:21:53,292 [307a4eae-8455-4484-b26c-d8f5f09d506a@group-711033C97113-LeaderElection15] INFO  grpc.GrpcConfigKeys (ConfUtils.java:logGet(46)) - raft.grpc.server.leader.outstanding.appends.max = 128 (default)
2022-08-10 09:21:53,292 [307a4eae-8455-4484-b26c-d8f5f09d506a@group-711033C97113-LeaderElection15] INFO  server.RaftServerConfigKeys (ConfUtils.java:logGet(46)) - raft.server.rpc.request.timeout = 60s (custom)
2022-08-10 09:21:53,292 [307a4eae-8455-4484-b26c-d8f5f09d506a@group-711033C97113-LeaderElection15] INFO  server.RaftServerConfigKeys (ConfUtils.java:logGet(46)) - raft.server.log.appender.install.snapshot.enabled = false (custom)
2022-08-10 09:21:53,293 [307a4eae-8455-4484-b26c-d8f5f09d506a@group-711033C97113-LeaderElection15] INFO  impl.RoleInfo (RoleInfo.java:updateAndGet(139)) - 307a4eae-8455-4484-b26c-d8f5f09d506a: start 307a4eae-8455-4484-b26c-d8f5f09d506a@group-711033C97113-LeaderStateImpl
2022-08-10 09:21:53,293 [307a4eae-8455-4484-b26c-d8f5f09d506a@group-711033C97113-LeaderElection15] INFO  segmented.SegmentedRaftLogWorker (SegmentedRaftLogWorker.java:startLogSegment(425)) - 307a4eae-8455-4484-b26c-d8f5f09d506a@group-711033C97113-SegmentedRaftLogWorker: Starting segment from index:0
2022-08-10 09:21:53,291 [Listener at 127.0.0.1/36235] INFO  handler.ContextHandler (ContextHandler.java:doStop(1153)) - Stopped o.e.j.w.WebAppContext@60a44e4{ozoneManager,/,null,STOPPED}{file:/home/runner/work/ozone/ozone/hadoop-ozone/integration-test/target/test-classes/webapps/ozoneManager}
2022-08-10 09:21:53,296 [307a4eae-8455-4484-b26c-d8f5f09d506a@group-711033C97113-SegmentedRaftLogWorker] INFO  segmented.SegmentedRaftLogWorker (SegmentedRaftLogWorker.java:execute(629)) - 307a4eae-8455-4484-b26c-d8f5f09d506a@group-711033C97113-SegmentedRaftLogWorker: created new log segment /home/runner/work/ozone/ozone/hadoop-ozone/integration-test/target/test-dir/MiniOzoneClusterImpl-5b46f7b7-15cd-42ca-88c0-c813cff626ca/datanode-1/data/ratis/7080040a-41fb-4f86-879e-711033c97113/current/log_inprogress_0
2022-08-10 09:21:53,298 [Listener at 127.0.0.1/36235] INFO  server.AbstractConnector (AbstractConnector.java:doStop(381)) - Stopped ServerConnector@347573ac{HTTP/1.1, (http/1.1)}{0.0.0.0:34027}
2022-08-10 09:21:53,299 [Listener at 127.0.0.1/36235] INFO  server.session (HouseKeeper.java:stopScavenging(149)) - node0 Stopped scavenging
2022-08-10 09:21:53,313 [307a4eae-8455-4484-b26c-d8f5f09d506a@group-711033C97113-LeaderElection15] INFO  server.RaftServer$Division (ServerState.java:setRaftConf(393)) - 307a4eae-8455-4484-b26c-d8f5f09d506a@group-711033C97113: set configuration 0: [307a4eae-8455-4484-b26c-d8f5f09d506a|rpc:10.1.0.9:36815|dataStream:|priority:1, 1aca9449-889e-455e-97c1-34bb763eddaa|rpc:10.1.0.9:44661|dataStream:|priority:0, 895c4c6d-5b5c-4808-a9cf-fdca3e3afc0d|rpc:10.1.0.9:40015|dataStream:|priority:0], old=null
2022-08-10 09:21:53,313 [grpc-default-executor-1] WARN  server.GrpcLogAppender (LogUtils.java:warn(122)) - omNode-2@group-523986131536->omNode-3-AppendLogResponseHandler: Failed appendEntries: org.apache.ratis.thirdparty.io.grpc.StatusRuntimeException: UNAVAILABLE: io exception
2022-08-10 09:21:53,314 [grpc-default-executor-1] INFO  leader.FollowerInfo (FollowerInfoImpl.java:lambda$new$0(48)) - omNode-2@group-523986131536->omNode-3: nextIndex: updateUnconditionally 31 -> 30
2022-08-10 09:21:53,316 [Listener at 127.0.0.1/36235] INFO  handler.ContextHandler (ContextHandler.java:doStop(1153)) - Stopped o.e.j.s.ServletContextHandler@42300e1c{static,/static,file:///home/runner/work/ozone/ozone/hadoop-ozone/integration-test/target/test-classes/webapps/static,STOPPED}
2022-08-10 09:21:53,316 [Listener at 127.0.0.1/36235] INFO  handler.ContextHandler (ContextHandler.java:doStop(1153)) - Stopped o.e.j.s.ServletContextHandler@25a4c88a{logs,/logs,file:///home/runner/work/ozone/ozone/hadoop-ozone/integration-test/target/log,STOPPED}
2022-08-10 09:21:53,329 [1aca9449-889e-455e-97c1-34bb763eddaa-server-thread1] INFO  ratis.XceiverServerRatis (XceiverServerRatis.java:handleLeaderChangedNotification(863)) - Leader change notification received for group: group-711033C97113 with new leaderId: 307a4eae-8455-4484-b26c-d8f5f09d506a
2022-08-10 09:21:53,329 [1aca9449-889e-455e-97c1-34bb763eddaa-server-thread1] INFO  server.RaftServer$Division (ServerState.java:setLeader(287)) - 1aca9449-889e-455e-97c1-34bb763eddaa@group-711033C97113: change Leader from null to 307a4eae-8455-4484-b26c-d8f5f09d506a at term 4 for appendEntries, leader elected after 20674ms
2022-08-10 09:21:53,333 [1aca9449-889e-455e-97c1-34bb763eddaa-server-thread1] INFO  server.RaftServer$Division (ServerState.java:setRaftConf(393)) - 1aca9449-889e-455e-97c1-34bb763eddaa@group-711033C97113: set configuration 0: [307a4eae-8455-4484-b26c-d8f5f09d506a|rpc:10.1.0.9:36815|dataStream:|priority:1, 1aca9449-889e-455e-97c1-34bb763eddaa|rpc:10.1.0.9:44661|dataStream:|priority:0, 895c4c6d-5b5c-4808-a9cf-fdca3e3afc0d|rpc:10.1.0.9:40015|dataStream:|priority:0], old=null
2022-08-10 09:21:53,333 [1aca9449-889e-455e-97c1-34bb763eddaa-server-thread1] INFO  segmented.SegmentedRaftLogWorker (SegmentedRaftLogWorker.java:startLogSegment(425)) - 1aca9449-889e-455e-97c1-34bb763eddaa@group-711033C97113-SegmentedRaftLogWorker: Starting segment from index:0
2022-08-10 09:21:53,334 [Listener at 127.0.0.1/36235] INFO  om.OzoneManager (OzoneManager.java:restart(1559)) - OzoneManager RPC server is listening at localhost/127.0.0.1:36235
2022-08-10 09:21:53,334 [Listener at 127.0.0.1/36235] INFO  impl.MetricsSystemImpl (MetricsSystemImpl.java:init(158)) - OzoneManager metrics system started (again)
2022-08-10 09:21:53,334 [895c4c6d-5b5c-4808-a9cf-fdca3e3afc0d-server-thread1] INFO  ratis.XceiverServerRatis (XceiverServerRatis.java:handleLeaderChangedNotification(863)) - Leader change notification received for group: group-711033C97113 with new leaderId: 307a4eae-8455-4484-b26c-d8f5f09d506a
2022-08-10 09:21:53,335 [895c4c6d-5b5c-4808-a9cf-fdca3e3afc0d-server-thread1] INFO  server.RaftServer$Division (ServerState.java:setLeader(287)) - 895c4c6d-5b5c-4808-a9cf-fdca3e3afc0d@group-711033C97113: change Leader from null to 307a4eae-8455-4484-b26c-d8f5f09d506a at term 4 for appendEntries, leader elected after 20605ms
2022-08-10 09:21:53,338 [1aca9449-889e-455e-97c1-34bb763eddaa@group-711033C97113-SegmentedRaftLogWorker] INFO  segmented.SegmentedRaftLogWorker (SegmentedRaftLogWorker.java:execute(629)) - 1aca9449-889e-455e-97c1-34bb763eddaa@group-711033C97113-SegmentedRaftLogWorker: created new log segment /home/runner/work/ozone/ozone/hadoop-ozone/integration-test/target/test-dir/MiniOzoneClusterImpl-5b46f7b7-15cd-42ca-88c0-c813cff626ca/datanode-0/data/ratis/7080040a-41fb-4f86-879e-711033c97113/current/log_inprogress_0
2022-08-10 09:21:53,351 [895c4c6d-5b5c-4808-a9cf-fdca3e3afc0d-server-thread1] INFO  server.RaftServer$Division (ServerState.java:setRaftConf(393)) - 895c4c6d-5b5c-4808-a9cf-fdca3e3afc0d@group-711033C97113: set configuration 0: [307a4eae-8455-4484-b26c-d8f5f09d506a|rpc:10.1.0.9:36815|dataStream:|priority:1, 1aca9449-889e-455e-97c1-34bb763eddaa|rpc:10.1.0.9:44661|dataStream:|priority:0, 895c4c6d-5b5c-4808-a9cf-fdca3e3afc0d|rpc:10.1.0.9:40015|dataStream:|priority:0], old=null
2022-08-10 09:21:53,351 [895c4c6d-5b5c-4808-a9cf-fdca3e3afc0d-server-thread1] INFO  segmented.SegmentedRaftLogWorker (SegmentedRaftLogWorker.java:startLogSegment(425)) - 895c4c6d-5b5c-4808-a9cf-fdca3e3afc0d@group-711033C97113-SegmentedRaftLogWorker: Starting segment from index:0
2022-08-10 09:21:53,356 [895c4c6d-5b5c-4808-a9cf-fdca3e3afc0d@group-711033C97113-SegmentedRaftLogWorker] INFO  segmented.SegmentedRaftLogWorker (SegmentedRaftLogWorker.java:execute(629)) - 895c4c6d-5b5c-4808-a9cf-fdca3e3afc0d@group-711033C97113-SegmentedRaftLogWorker: created new log segment /home/runner/work/ozone/ozone/hadoop-ozone/integration-test/target/test-dir/MiniOzoneClusterImpl-5b46f7b7-15cd-42ca-88c0-c813cff626ca/datanode-2/data/ratis/7080040a-41fb-4f86-879e-711033c97113/current/log_inprogress_0
2022-08-10 09:21:53,360 [Listener at 127.0.0.1/36235] WARN  server.ServerUtils (ServerUtils.java:getDBPath(225)) - ozone.om.db.dirs is not configured. We recommend adding this setting. Falling back to ozone.metadata.dirs instead.
2022-08-10 09:21:53,369 [Listener at 127.0.0.1/36235] INFO  codec.OmKeyInfoCodec (OmKeyInfoCodec.java:<init>(49)) - OmKeyInfoCodec ignorePipeline = true
2022-08-10 09:21:53,369 [Listener at 127.0.0.1/36235] INFO  codec.RepeatedOmKeyInfoCodec (RepeatedOmKeyInfoCodec.java:<init>(41)) - RepeatedOmKeyInfoCodec ignorePipeline = true
2022-08-10 09:21:53,456 [Listener at 127.0.0.1/36235] INFO  om.OzoneManager (OzoneManager.java:instantiateServices(697)) - S3 Multi-Tenancy is disabled
2022-08-10 09:21:53,472 [Listener at 127.0.0.1/36235] WARN  impl.MetricRegistriesImpl (MetricRegistriesImpl.java:addReporterRegistration(111)) - New reporters are added after registries were created. Some metrics will be missing from the reporter. Please add reporter before adding any new registry.
2022-08-10 09:21:53,472 [Listener at 127.0.0.1/36235] WARN  impl.MetricRegistriesImpl (MetricRegistriesImpl.java:addReporterRegistration(111)) - New reporters are added after registries were created. Some metrics will be missing from the reporter. Please add reporter before adding any new registry.
2022-08-10 09:21:53,473 [Listener at 127.0.0.1/36235] WARN  server.ServerUtils (ServerUtils.java:getDefaultRatisDirectory(237)) - Storage directory for Ratis is not configured. It is a good idea to map this to an SSD disk. Falling back to ozone.metadata.dirs
2022-08-10 09:21:53,474 [Listener at 127.0.0.1/36235] INFO  ratis.OzoneManagerRatisServer (OzoneManagerRatisServer.java:<init>(159)) - Instantiating OM Ratis server with groupID: om-service-test1 and peers: localhost:34947, localhost:44673, localhost:36767
2022-08-10 09:21:53,475 [Listener at 127.0.0.1/36235] INFO  ratis.OzoneManagerStateMachine (OzoneManagerStateMachine.java:loadSnapshotInfoFromDB(632)) - LastAppliedIndex is set from TransactionInfo from OM DB as (t:3, i:29)
2022-08-10 09:21:53,478 [grpc-default-executor-1] WARN  server.GrpcLogAppender (LogUtils.java:warn(122)) - omNode-2@group-523986131536->omNode-1-AppendLogResponseHandler: Failed appendEntries: org.apache.ratis.thirdparty.io.grpc.StatusRuntimeException: UNAVAILABLE: io exception
2022-08-10 09:21:53,478 [grpc-default-executor-1] WARN  server.GrpcLogAppender (GrpcLogAppender.java:resetClient(111)) - omNode-2@group-523986131536->omNode-1-GrpcLogAppender: Leader has not got in touch with Follower omNode-2@group-523986131536->omNode-1(c-1,m0,n31, attendVote=true, lastRpcSendTime=0, lastRpcResponseTime=8249) yet, just keep nextIndex unchanged and retry.
2022-08-10 09:21:53,479 [Listener at 127.0.0.1/36235] INFO  server.RaftServer (ConfUtils.java:logGet(46)) - raft.rpc.type = GRPC (default)
2022-08-10 09:21:53,488 [Listener at 127.0.0.1/36235] INFO  grpc.GrpcFactory (GrpcFactory.java:checkPooledByteBufAllocatorUseCacheForAllThreads(48)) - PERFORMANCE WARNING: useCacheForAllThreads is true that may cause Netty to create a lot garbage objects and, as a result, trigger GC.
	It is recommended to disable useCacheForAllThreads by setting -Dorg.apache.ratis.thirdparty.io.netty.allocator.useCacheForAllThreads=false in command line.
2022-08-10 09:21:53,489 [Listener at 127.0.0.1/36235] INFO  grpc.GrpcConfigKeys (ConfUtils.java:logGet(46)) - raft.grpc.admin.port = -1 (default)
2022-08-10 09:21:53,489 [Listener at 127.0.0.1/36235] INFO  grpc.GrpcConfigKeys (ConfUtils.java:logGet(46)) - raft.grpc.server.port = 34947 (custom)
2022-08-10 09:21:53,489 [Listener at 127.0.0.1/36235] INFO  grpc.GrpcConfigKeys (ConfUtils.java:logGet(46)) - raft.grpc.client.port = -1 (default)
2022-08-10 09:21:53,490 [Listener at 127.0.0.1/36235] INFO  grpc.GrpcConfigKeys (ConfUtils.java:logGet(46)) - raft.grpc.server.port = 34947 (custom)
2022-08-10 09:21:53,490 [Listener at 127.0.0.1/36235] INFO  grpc.GrpcConfigKeys (ConfUtils.java:logGet(46)) - raft.grpc.server.port = 34947 (custom)
2022-08-10 09:21:53,490 [Listener at 127.0.0.1/36235] INFO  server.GrpcService (ConfUtils.java:logGet(46)) - raft.grpc.message.size.max = 33554432 (custom)
2022-08-10 09:21:53,490 [Listener at 127.0.0.1/36235] INFO  server.RaftServerConfigKeys (ConfUtils.java:logGet(46)) - raft.server.log.appender.buffer.byte-limit = 33554432 (custom)
2022-08-10 09:21:53,490 [Listener at 127.0.0.1/36235] INFO  server.GrpcService (ConfUtils.java:logGet(46)) - raft.grpc.flow.control.window = 1MB (=1048576) (default)
2022-08-10 09:21:53,491 [Listener at 127.0.0.1/36235] INFO  server.RaftServerConfigKeys (ConfUtils.java:logGet(46)) - raft.server.rpc.request.timeout = 3000ms (default)
2022-08-10 09:21:53,491 [Listener at 127.0.0.1/36235] INFO  grpc.GrpcConfigKeys (ConfUtils.java:logGet(46)) - raft.grpc.server.async.request.thread.pool.cached = true (default)
2022-08-10 09:21:53,491 [Listener at 127.0.0.1/36235] INFO  grpc.GrpcConfigKeys (ConfUtils.java:logGet(46)) - raft.grpc.server.async.request.thread.pool.size = 32 (default)
2022-08-10 09:21:53,497 [Listener at 127.0.0.1/36235] INFO  impl.DataStreamServerImpl (ConfUtils.java:logGet(46)) - raft.datastream.type = DISABLED (default)
2022-08-10 09:21:53,497 [Listener at 127.0.0.1/36235] INFO  server.RaftServerConfigKeys (ConfUtils.java:logGet(46)) - raft.server.threadpool.proxy.cached = true (default)
2022-08-10 09:21:53,497 [Listener at 127.0.0.1/36235] INFO  server.RaftServerConfigKeys (ConfUtils.java:logGet(46)) - raft.server.threadpool.proxy.size = 0 (default)
2022-08-10 09:21:53,497 [Listener at 127.0.0.1/36235] INFO  server.RaftServerConfigKeys (ConfUtils.java:logGet(46)) - raft.server.rpc.slowness.timeout = 2s (custom)
2022-08-10 09:21:53,497 [Listener at 127.0.0.1/36235] INFO  server.RaftServerConfigKeys (ConfUtils.java:logGet(46)) - raft.server.leaderelection.leader.step-down.wait-time = 10s (default)
2022-08-10 09:21:53,498 [Listener at 127.0.0.1/36235] INFO  server.RaftServerConfigKeys (ConfUtils.java:logGet(46)) - raft.server.storage.dir = [/home/runner/work/ozone/ozone/hadoop-ozone/integration-test/target/test-dir/MiniOzoneClusterImpl-5b46f7b7-15cd-42ca-88c0-c813cff626ca/omNode-3/ratis] (custom)
2022-08-10 09:21:53,509 [omNode-3-impl-thread1] INFO  server.RaftServer (RaftServerProxy.java:initGroupDir(247)) - omNode-3: found a subdirectory /home/runner/work/ozone/ozone/hadoop-ozone/integration-test/target/test-dir/MiniOzoneClusterImpl-5b46f7b7-15cd-42ca-88c0-c813cff626ca/omNode-3/ratis/c9bc4cf4-3bc3-3c60-a66b-523986131536
2022-08-10 09:21:53,516 [Listener at 127.0.0.1/36235] INFO  server.RaftServer (RaftServerProxy.java:addNew(96)) - omNode-3: addNew group-523986131536:[omNode-3|rpc:localhost:34947|priority:0, omNode-1|rpc:localhost:44673|priority:0, omNode-2|rpc:localhost:36767|priority:0] returns group-523986131536:java.util.concurrent.CompletableFuture@32347dd4[Not completed]
2022-08-10 09:21:53,516 [pool-232-thread-1] INFO  server.RaftServer$Division (RaftServerImpl.java:<init>(190)) - omNode-3: new RaftServerImpl for group-523986131536:[omNode-3|rpc:localhost:34947|priority:0, omNode-1|rpc:localhost:44673|priority:0, omNode-2|rpc:localhost:36767|priority:0] with OzoneManagerStateMachine:uninitialized
2022-08-10 09:21:53,516 [Listener at 127.0.0.1/36235] INFO  om.OzoneManager (OzoneManager.java:initializeRatisServer(1963)) - OzoneManager Ratis server initialized at port 34947
2022-08-10 09:21:53,517 [Listener at 127.0.0.1/36235] INFO  ratis.OzoneManagerRatisServer (OzoneManagerRatisServer.java:start(554)) - Starting OzoneManagerRatisServer omNode-3 at port 34947
2022-08-10 09:21:53,517 [pool-232-thread-1] INFO  server.RaftServerConfigKeys (ConfUtils.java:logGet(46)) - raft.server.rpc.timeout.min = 1s (custom)
2022-08-10 09:21:53,518 [pool-232-thread-1] INFO  server.RaftServerConfigKeys (ConfUtils.java:logGet(46)) - raft.server.rpc.timeout.max = 1200ms (custom)
2022-08-10 09:21:53,518 [pool-232-thread-1] INFO  server.RaftServerConfigKeys (ConfUtils.java:logGet(46)) - raft.server.rpc.sleep.time = 25ms (default)
2022-08-10 09:21:53,518 [pool-232-thread-1] INFO  server.RaftServerConfigKeys (ConfUtils.java:logGet(46)) - raft.server.rpc.slowness.timeout = 2s (custom)
2022-08-10 09:21:53,518 [pool-232-thread-1] INFO  server.RaftServerConfigKeys (ConfUtils.java:logGet(46)) - raft.server.leaderelection.leader.step-down.wait-time = 10s (default)
2022-08-10 09:21:53,518 [pool-232-thread-1] INFO  server.RaftServerConfigKeys (ConfUtils.java:logGet(46)) - raft.server.sleep.deviation.threshold = 300ms (default)
2022-08-10 09:21:53,518 [pool-232-thread-1] INFO  server.RaftServer$Division (ServerState.java:<init>(107)) - omNode-3@group-523986131536: ConfigurationManager, init=-1: [omNode-3|rpc:localhost:34947|priority:0, omNode-1|rpc:localhost:44673|priority:0, omNode-2|rpc:localhost:36767|priority:0], old=null, confs=<EMPTY_MAP>
2022-08-10 09:21:53,518 [pool-232-thread-1] INFO  server.RaftServerConfigKeys (ConfUtils.java:logGet(46)) - raft.server.storage.dir = [/home/runner/work/ozone/ozone/hadoop-ozone/integration-test/target/test-dir/MiniOzoneClusterImpl-5b46f7b7-15cd-42ca-88c0-c813cff626ca/omNode-3/ratis] (custom)
2022-08-10 09:21:53,518 [pool-232-thread-1] INFO  server.RaftServerConfigKeys (ConfUtils.java:logGet(46)) - raft.server.log.corruption.policy = EXCEPTION (default)
2022-08-10 09:21:53,518 [pool-232-thread-1] INFO  server.RaftServerConfigKeys (ConfUtils.java:logGet(46)) - raft.server.storage.free-space.min = 0MB (=0) (default)
2022-08-10 09:21:53,525 [pool-232-thread-1] INFO  storage.RaftStorageDirectory (RaftStorageDirectoryImpl.java:tryLock(230)) - Lock on /home/runner/work/ozone/ozone/hadoop-ozone/integration-test/target/test-dir/MiniOzoneClusterImpl-5b46f7b7-15cd-42ca-88c0-c813cff626ca/omNode-3/ratis/c9bc4cf4-3bc3-3c60-a66b-523986131536/in_use.lock acquired by nodename 28234@fv-az244-795
2022-08-10 09:21:53,526 [pool-232-thread-1] INFO  storage.RaftStorage (RaftStorageImpl.java:analyzeAndRecoverStorage(110)) - Read RaftStorageMetadata{term=3, votedFor=omNode-2} from /home/runner/work/ozone/ozone/hadoop-ozone/integration-test/target/test-dir/MiniOzoneClusterImpl-5b46f7b7-15cd-42ca-88c0-c813cff626ca/omNode-3/ratis/c9bc4cf4-3bc3-3c60-a66b-523986131536/current/raft-meta
2022-08-10 09:21:53,527 [pool-232-thread-1] INFO  server.RaftServer$Division (ServerState.java:setRaftConf(393)) - omNode-3@group-523986131536: set configuration 21: [omNode-3|rpc:localhost:34947|admin:|client:|dataStream:|priority:0, omNode-1|rpc:localhost:44673|admin:|client:|dataStream:|priority:0, omNode-2|rpc:localhost:36767|admin:|client:|dataStream:|priority:0], old=null
2022-08-10 09:21:53,527 [pool-232-thread-1] INFO  server.RaftServerConfigKeys (ConfUtils.java:logGet(46)) - raft.server.notification.no-leader.timeout = 2s (custom)
2022-08-10 09:21:53,528 [pool-232-thread-1] INFO  server.RaftServerConfigKeys (ConfUtils.java:logGet(46)) - raft.server.log.use.memory = false (default)
2022-08-10 09:21:53,528 [pool-232-thread-1] INFO  server.RaftServerConfigKeys (ConfUtils.java:logGet(46)) - raft.server.log.purge.gap = 50 (custom)
2022-08-10 09:21:53,528 [pool-232-thread-1] INFO  server.RaftServerConfigKeys (ConfUtils.java:logGet(46)) - raft.server.log.appender.buffer.byte-limit = 33554432 (custom)
2022-08-10 09:21:53,528 [pool-232-thread-1] INFO  server.RaftServerConfigKeys (ConfUtils.java:logGet(46)) - raft.server.log.statemachine.data.read.timeout = 1000ms (default)
2022-08-10 09:21:53,528 [pool-232-thread-1] INFO  server.RaftServerConfigKeys (ConfUtils.java:logGet(46)) - raft.server.log.segment.size.max = 4194304 (custom)
2022-08-10 09:21:53,529 [pool-232-thread-1] INFO  server.RaftServerConfigKeys (ConfUtils.java:logGet(46)) - raft.server.log.segment.cache.num.max = 2 (custom)
2022-08-10 09:21:53,529 [pool-232-thread-1] INFO  server.RaftServerConfigKeys (ConfUtils.java:logGet(46)) - raft.server.log.segment.cache.size.max = 200MB (=209715200) (default)
2022-08-10 09:21:53,530 [pool-232-thread-1] INFO  segmented.SegmentedRaftLogWorker (SegmentedRaftLogWorker.java:<init>(187)) - new omNode-3@group-523986131536-SegmentedRaftLogWorker for RaftStorageImpl:Storage Directory /home/runner/work/ozone/ozone/hadoop-ozone/integration-test/target/test-dir/MiniOzoneClusterImpl-5b46f7b7-15cd-42ca-88c0-c813cff626ca/omNode-3/ratis/c9bc4cf4-3bc3-3c60-a66b-523986131536
2022-08-10 09:21:53,530 [pool-232-thread-1] INFO  server.RaftServerConfigKeys (ConfUtils.java:logGet(46)) - raft.server.log.queue.byte-limit = 64MB (=67108864) (default)
2022-08-10 09:21:53,530 [pool-232-thread-1] INFO  server.RaftServerConfigKeys (ConfUtils.java:logGet(46)) - raft.server.log.queue.element-limit = 4096 (default)
2022-08-10 09:21:53,530 [pool-232-thread-1] INFO  server.RaftServerConfigKeys (ConfUtils.java:logGet(46)) - raft.server.log.segment.size.max = 4194304 (custom)
2022-08-10 09:21:53,530 [pool-232-thread-1] INFO  server.RaftServerConfigKeys (ConfUtils.java:logGet(46)) - raft.server.log.preallocated.size = 4194304 (custom)
2022-08-10 09:21:53,530 [pool-232-thread-1] INFO  server.RaftServerConfigKeys (ConfUtils.java:logGet(46)) - raft.server.log.force.sync.num = 128 (default)
2022-08-10 09:21:53,530 [pool-232-thread-1] INFO  server.RaftServerConfigKeys (ConfUtils.java:logGet(46)) - raft.server.log.statemachine.data.sync = true (default)
2022-08-10 09:21:53,530 [pool-232-thread-1] INFO  server.RaftServerConfigKeys (ConfUtils.java:logGet(46)) - raft.server.log.statemachine.data.sync.timeout = 10s (default)
2022-08-10 09:21:53,530 [pool-232-thread-1] INFO  server.RaftServerConfigKeys (ConfUtils.java:logGet(46)) - raft.server.log.statemachine.data.sync.timeout.retry = -1 (default)
2022-08-10 09:21:53,531 [pool-232-thread-1] INFO  server.RaftServerConfigKeys (ConfUtils.java:logGet(46)) - raft.server.log.write.buffer.size = 64KB (=65536) (default)
2022-08-10 09:21:53,531 [pool-232-thread-1] INFO  server.RaftServerConfigKeys (ConfUtils.java:logGet(46)) - raft.server.log.unsafe-flush.enabled = false (default)
2022-08-10 09:21:53,531 [pool-232-thread-1] INFO  server.RaftServerConfigKeys (ConfUtils.java:logGet(46)) - raft.server.log.statemachine.data.caching.enabled = false (default)
2022-08-10 09:21:53,547 [pool-232-thread-1] INFO  server.RaftServer$Division (ServerState.java:setRaftConf(393)) - omNode-3@group-523986131536: set configuration 0: [omNode-3|rpc:localhost:34947|admin:|client:|dataStream:|priority:0, omNode-1|rpc:localhost:44673|admin:|client:|dataStream:|priority:0, omNode-2|rpc:localhost:36767|admin:|client:|dataStream:|priority:0], old=null
2022-08-10 09:21:53,550 [pool-232-thread-1] INFO  segmented.LogSegment (LogSegment.java:loadSegment(173)) - Successfully read 21 entries from segment file /home/runner/work/ozone/ozone/hadoop-ozone/integration-test/target/test-dir/MiniOzoneClusterImpl-5b46f7b7-15cd-42ca-88c0-c813cff626ca/omNode-3/ratis/c9bc4cf4-3bc3-3c60-a66b-523986131536/current/log_0-20
2022-08-10 09:21:53,551 [pool-232-thread-1] INFO  server.RaftServer$Division (ServerState.java:setRaftConf(393)) - omNode-3@group-523986131536: set configuration 21: [omNode-3|rpc:localhost:34947|admin:|client:|dataStream:|priority:0, omNode-1|rpc:localhost:44673|admin:|client:|dataStream:|priority:0, omNode-2|rpc:localhost:36767|admin:|client:|dataStream:|priority:0], old=null
2022-08-10 09:21:53,552 [pool-232-thread-1] INFO  segmented.LogSegment (LogSegment.java:loadSegment(173)) - Successfully read 10 entries from segment file /home/runner/work/ozone/ozone/hadoop-ozone/integration-test/target/test-dir/MiniOzoneClusterImpl-5b46f7b7-15cd-42ca-88c0-c813cff626ca/omNode-3/ratis/c9bc4cf4-3bc3-3c60-a66b-523986131536/current/log_inprogress_21
2022-08-10 09:21:53,554 [pool-232-thread-1] INFO  segmented.SegmentedRaftLogWorker (SegmentedRaftLogWorker.java:lambda$new$0(135)) - omNode-3@group-523986131536-SegmentedRaftLogWorker: flushIndex: setUnconditionally 0 -> 30
2022-08-10 09:21:53,554 [pool-232-thread-1] INFO  segmented.SegmentedRaftLogWorker (SegmentedRaftLogWorker.java:lambda$new$0(135)) - omNode-3@group-523986131536-SegmentedRaftLogWorker: safeCacheEvictIndex: setUnconditionally 0 -> 20
2022-08-10 09:21:53,557 [pool-232-thread-1] INFO  raftlog.RaftLog (RaftLogBase.java:lambda$new$0(53)) - omNode-3@group-523986131536-SegmentedRaftLog: commitIndex: updateToMax old=29, new=29, updated? false
2022-08-10 09:21:53,558 [pool-232-thread-1] INFO  server.RaftServerConfigKeys (ConfUtils.java:logGet(46)) - raft.server.snapshot.auto.trigger.enabled = true (custom)
2022-08-10 09:21:53,558 [pool-232-thread-1] INFO  server.RaftServerConfigKeys (ConfUtils.java:logGet(46)) - raft.server.snapshot.auto.trigger.threshold = 50 (custom)
2022-08-10 09:21:53,558 [pool-232-thread-1] INFO  server.RaftServerConfigKeys (ConfUtils.java:logGet(46)) - raft.server.snapshot.retention.file.num = -1 (default)
2022-08-10 09:21:53,558 [pool-232-thread-1] INFO  server.RaftServerConfigKeys (ConfUtils.java:logGet(46)) - raft.server.log.purge.upto.snapshot.index = true (custom)
2022-08-10 09:21:53,558 [pool-232-thread-1] INFO  server.RaftServerConfigKeys (ConfUtils.java:logGet(46)) - raft.server.retrycache.expirytime = 30000ms (custom)
2022-08-10 09:21:53,558 [pool-232-thread-1] INFO  server.RaftServerConfigKeys (ConfUtils.java:logGet(46)) - raft.server.retrycache.statistics.expirytime = 100μs (default)
2022-08-10 09:21:53,559 [pool-232-thread-1] INFO  server.RaftServerConfigKeys (ConfUtils.java:logGet(46)) - raft.server.log.appender.install.snapshot.enabled = false (custom)
2022-08-10 09:21:53,559 [pool-232-thread-1] INFO  server.RaftServerConfigKeys (ConfUtils.java:logGet(46)) - raft.server.threadpool.server.cached = true (default)
2022-08-10 09:21:53,559 [pool-232-thread-1] INFO  server.RaftServerConfigKeys (ConfUtils.java:logGet(46)) - raft.server.threadpool.server.size = 0 (default)
2022-08-10 09:21:53,559 [pool-232-thread-1] INFO  server.RaftServerConfigKeys (ConfUtils.java:logGet(46)) - raft.server.threadpool.client.cached = true (default)
2022-08-10 09:21:53,559 [pool-232-thread-1] INFO  server.RaftServerConfigKeys (ConfUtils.java:logGet(46)) - raft.server.threadpool.client.size = 0 (default)
2022-08-10 09:21:53,564 [omNode-3-impl-thread1] INFO  server.RaftServer$Division (RaftServerImpl.java:start(310)) - omNode-3@group-523986131536: start as a follower, conf=21: [omNode-3|rpc:localhost:34947|admin:|client:|dataStream:|priority:0, omNode-1|rpc:localhost:44673|admin:|client:|dataStream:|priority:0, omNode-2|rpc:localhost:36767|admin:|client:|dataStream:|priority:0], old=null
2022-08-10 09:21:53,564 [omNode-3-impl-thread1] INFO  server.RaftServer$Division (RaftServerImpl.java:setRole(299)) - omNode-3@group-523986131536: changes role from      null to FOLLOWER at term 3 for startAsFollower
2022-08-10 09:21:53,564 [omNode-3-impl-thread1] INFO  impl.RoleInfo (RoleInfo.java:updateAndGet(139)) - omNode-3: start omNode-3@group-523986131536-FollowerState
2022-08-10 09:21:53,565 [omNode-3-impl-thread1] INFO  util.JmxRegister (JmxRegister.java:tryRegister(44)) - Successfully registered JMX Bean with object name Ratis:service=RaftServer,group=group-523986131536,id=omNode-3
2022-08-10 09:21:53,566 [Listener at 127.0.0.1/36235] INFO  server.RaftServer (RaftServerProxy.java:lambda$start$6(382)) - omNode-3: start RPC server
2022-08-10 09:21:53,572 [Listener at 127.0.0.1/36235] INFO  server.GrpcService (GrpcService.java:startImpl(260)) - omNode-3: GrpcService started, listening on 34947
2022-08-10 09:21:53,576 [Listener at 127.0.0.1/36235] INFO  om.OzoneManager (OzoneManager.java:getRpcServer(1086)) - Creating RPC Server
2022-08-10 09:21:53,578 [org.apache.ratis.util.JvmPauseMonitor$$Lambda$696/1259104175@7e87846c] INFO  util.JvmPauseMonitor (JvmPauseMonitor.java:run(103)) - JvmPauseMonitor-omNode-3: Started
2022-08-10 09:21:53,642 [grpc-default-executor-1] WARN  server.GrpcLogAppender (LogUtils.java:warn(122)) - omNode-2@group-523986131536->omNode-3-AppendLogResponseHandler: Failed appendEntries: org.apache.ratis.thirdparty.io.grpc.StatusRuntimeException: UNAVAILABLE: io exception
2022-08-10 09:21:53,643 [grpc-default-executor-1] INFO  leader.FollowerInfo (FollowerInfoImpl.java:lambda$new$0(48)) - omNode-2@group-523986131536->omNode-3: nextIndex: updateUnconditionally 31 -> 30
2022-08-10 09:21:53,729 [grpc-default-executor-1] WARN  server.GrpcLogAppender (LogUtils.java:warn(122)) - omNode-2@group-523986131536->omNode-1-AppendLogResponseHandler: Failed appendEntries: org.apache.ratis.thirdparty.io.grpc.StatusRuntimeException: UNAVAILABLE: io exception
2022-08-10 09:21:53,730 [grpc-default-executor-1] WARN  server.GrpcLogAppender (GrpcLogAppender.java:resetClient(111)) - omNode-2@group-523986131536->omNode-1-GrpcLogAppender: Leader has not got in touch with Follower omNode-2@group-523986131536->omNode-1(c-1,m0,n31, attendVote=true, lastRpcSendTime=0, lastRpcResponseTime=8500) yet, just keep nextIndex unchanged and retry.
2022-08-10 09:21:53,784 [Finalizer] WARN  managed.ManagedRocksObjectUtils (ManagedRocksObjectUtils.java:assertClosed(39)) - ManagedDBOptions is not closed properly
2022-08-10 09:21:53,785 [Finalizer] WARN  managed.ManagedRocksObjectUtils (ManagedRocksObjectUtils.java:assertClosed(39)) - ManagedColumnFamilyOptions is not closed properly
2022-08-10 09:21:53,785 [Finalizer] WARN  managed.ManagedRocksObjectUtils (ManagedRocksObjectUtils.java:assertClosed(39)) - ManagedColumnFamilyOptions is not closed properly
2022-08-10 09:21:53,785 [Finalizer] WARN  managed.ManagedRocksObjectUtils (ManagedRocksObjectUtils.java:assertClosed(39)) - ManagedColumnFamilyOptions is not closed properly
2022-08-10 09:21:53,785 [Finalizer] WARN  managed.ManagedRocksObjectUtils (ManagedRocksObjectUtils.java:assertClosed(39)) - ManagedColumnFamilyOptions is not closed properly
2022-08-10 09:21:53,785 [Finalizer] WARN  managed.ManagedRocksObjectUtils (ManagedRocksObjectUtils.java:assertClosed(39)) - ManagedColumnFamilyOptions is not closed properly
2022-08-10 09:21:53,785 [Finalizer] WARN  managed.ManagedRocksObjectUtils (ManagedRocksObjectUtils.java:assertClosed(39)) - ManagedColumnFamilyOptions is not closed properly
2022-08-10 09:21:53,785 [Finalizer] WARN  managed.ManagedRocksObjectUtils (ManagedRocksObjectUtils.java:assertClosed(39)) - ManagedColumnFamilyOptions is not closed properly
2022-08-10 09:21:53,785 [Finalizer] WARN  managed.ManagedRocksObjectUtils (ManagedRocksObjectUtils.java:assertClosed(39)) - ManagedColumnFamilyOptions is not closed properly
2022-08-10 09:21:53,785 [Finalizer] WARN  managed.ManagedRocksObjectUtils (ManagedRocksObjectUtils.java:assertClosed(39)) - ManagedColumnFamilyOptions is not closed properly
2022-08-10 09:21:53,785 [Finalizer] WARN  managed.ManagedRocksObjectUtils (ManagedRocksObjectUtils.java:assertClosed(39)) - ManagedColumnFamilyOptions is not closed properly
2022-08-10 09:21:53,785 [Finalizer] WARN  managed.ManagedRocksObjectUtils (ManagedRocksObjectUtils.java:assertClosed(39)) - ManagedColumnFamilyOptions is not closed properly
2022-08-10 09:21:53,785 [Finalizer] WARN  managed.ManagedRocksObjectUtils (ManagedRocksObjectUtils.java:assertClosed(39)) - ManagedColumnFamilyOptions is not closed properly
2022-08-10 09:21:53,785 [Finalizer] WARN  managed.ManagedRocksObjectUtils (ManagedRocksObjectUtils.java:assertClosed(39)) - ManagedColumnFamilyOptions is not closed properly
2022-08-10 09:21:53,785 [Finalizer] WARN  managed.ManagedRocksObjectUtils (ManagedRocksObjectUtils.java:assertClosed(39)) - ManagedColumnFamilyOptions is not closed properly
2022-08-10 09:21:53,785 [Finalizer] WARN  managed.ManagedRocksObjectUtils (ManagedRocksObjectUtils.java:assertClosed(39)) - ManagedColumnFamilyOptions is not closed properly
2022-08-10 09:21:53,785 [Finalizer] WARN  managed.ManagedRocksObjectUtils (ManagedRocksObjectUtils.java:assertClosed(39)) - ManagedColumnFamilyOptions is not closed properly
2022-08-10 09:21:53,785 [Finalizer] WARN  managed.ManagedRocksObjectUtils (ManagedRocksObjectUtils.java:assertClosed(39)) - ManagedColumnFamilyOptions is not closed properly
2022-08-10 09:21:53,785 [Finalizer] WARN  managed.ManagedRocksObjectUtils (ManagedRocksObjectUtils.java:assertClosed(39)) - ManagedColumnFamilyOptions is not closed properly
2022-08-10 09:21:53,785 [Finalizer] WARN  managed.ManagedRocksObjectUtils (ManagedRocksObjectUtils.java:assertClosed(39)) - ManagedColumnFamilyOptions is not closed properly
2022-08-10 09:21:53,785 [Finalizer] WARN  managed.ManagedRocksObjectUtils (ManagedRocksObjectUtils.java:assertClosed(39)) - ManagedColumnFamilyOptions is not closed properly
2022-08-10 09:21:53,785 [Finalizer] WARN  managed.ManagedRocksObjectUtils (ManagedRocksObjectUtils.java:assertClosed(39)) - ManagedColumnFamilyOptions is not closed properly
2022-08-10 09:21:53,785 [Finalizer] WARN  managed.ManagedRocksObjectUtils (ManagedRocksObjectUtils.java:assertClosed(39)) - ManagedColumnFamilyOptions is not closed properly
2022-08-10 09:21:53,786 [Finalizer] WARN  managed.ManagedRocksObjectUtils (ManagedRocksObjectUtils.java:assertClosed(39)) - ManagedLRUCache is not closed properly
2022-08-10 09:21:53,786 [Finalizer] WARN  managed.ManagedRocksObjectUtils (ManagedRocksObjectUtils.java:assertClosed(39)) - ManagedBloomFilter is not closed properly
2022-08-10 09:21:53,786 [Finalizer] WARN  managed.ManagedRocksObjectUtils (ManagedRocksObjectUtils.java:assertClosed(39)) - ManagedColumnFamilyOptions is not closed properly
2022-08-10 09:21:53,786 [Finalizer] WARN  managed.ManagedRocksObjectUtils (ManagedRocksObjectUtils.java:assertClosed(39)) - ManagedLRUCache is not closed properly
2022-08-10 09:21:53,786 [Finalizer] WARN  managed.ManagedRocksObjectUtils (ManagedRocksObjectUtils.java:assertClosed(39)) - ManagedBloomFilter is not closed properly
2022-08-10 09:21:53,786 [Finalizer] WARN  managed.ManagedRocksObjectUtils (ManagedRocksObjectUtils.java:assertClosed(39)) - ManagedColumnFamilyOptions is not closed properly
2022-08-10 09:21:53,786 [Finalizer] WARN  managed.ManagedRocksObjectUtils (ManagedRocksObjectUtils.java:assertClosed(39)) - ManagedLRUCache is not closed properly
2022-08-10 09:21:53,786 [Finalizer] WARN  managed.ManagedRocksObjectUtils (ManagedRocksObjectUtils.java:assertClosed(39)) - ManagedBloomFilter is not closed properly
2022-08-10 09:21:53,786 [Finalizer] WARN  managed.ManagedRocksObjectUtils (ManagedRocksObjectUtils.java:assertClosed(39)) - ManagedColumnFamilyOptions is not closed properly
2022-08-10 09:21:53,786 [Finalizer] WARN  managed.ManagedRocksObjectUtils (ManagedRocksObjectUtils.java:assertClosed(39)) - ManagedLRUCache is not closed properly
2022-08-10 09:21:53,786 [Finalizer] WARN  managed.ManagedRocksObjectUtils (ManagedRocksObjectUtils.java:assertClosed(39)) - ManagedBloomFilter is not closed properly
2022-08-10 09:21:53,786 [Finalizer] WARN  managed.ManagedRocksObjectUtils (ManagedRocksObjectUtils.java:assertClosed(39)) - ManagedColumnFamilyOptions is not closed properly
2022-08-10 09:21:53,786 [Finalizer] WARN  managed.ManagedRocksObjectUtils (ManagedRocksObjectUtils.java:assertClosed(39)) - ManagedLRUCache is not closed properly
2022-08-10 09:21:53,786 [Finalizer] WARN  managed.ManagedRocksObjectUtils (ManagedRocksObjectUtils.java:assertClosed(39)) - ManagedBloomFilter is not closed properly
2022-08-10 09:21:53,786 [Finalizer] WARN  managed.ManagedRocksObjectUtils (ManagedRocksObjectUtils.java:assertClosed(39)) - ManagedColumnFamilyOptions is not closed properly
2022-08-10 09:21:53,786 [Finalizer] WARN  managed.ManagedRocksObjectUtils (ManagedRocksObjectUtils.java:assertClosed(39)) - ManagedLRUCache is not closed properly
2022-08-10 09:21:53,786 [Finalizer] WARN  managed.ManagedRocksObjectUtils (ManagedRocksObjectUtils.java:assertClosed(39)) - ManagedBloomFilter is not closed properly
2022-08-10 09:21:53,786 [Finalizer] WARN  managed.ManagedRocksObjectUtils (ManagedRocksObjectUtils.java:assertClosed(39)) - ManagedColumnFamilyOptions is not closed properly
2022-08-10 09:21:53,786 [Finalizer] WARN  managed.ManagedRocksObjectUtils (ManagedRocksObjectUtils.java:assertClosed(39)) - ManagedLRUCache is not closed properly
2022-08-10 09:21:53,786 [Finalizer] WARN  managed.ManagedRocksObjectUtils (ManagedRocksObjectUtils.java:assertClosed(39)) - ManagedBloomFilter is not closed properly
2022-08-10 09:21:53,786 [Finalizer] WARN  managed.ManagedRocksObjectUtils (ManagedRocksObjectUtils.java:assertClosed(39)) - ManagedColumnFamilyOptions is not closed properly
2022-08-10 09:21:53,788 [Finalizer] WARN  managed.ManagedRocksObjectUtils (ManagedRocksObjectUtils.java:assertClosed(39)) - ManagedLRUCache is not closed properly
2022-08-10 09:21:53,788 [Finalizer] WARN  managed.ManagedRocksObjectUtils (ManagedRocksObjectUtils.java:assertClosed(39)) - ManagedBloomFilter is not closed properly
2022-08-10 09:21:53,788 [Finalizer] WARN  managed.ManagedRocksObjectUtils (ManagedRocksObjectUtils.java:assertClosed(39)) - ManagedColumnFamilyOptions is not closed properly
2022-08-10 09:21:53,788 [Finalizer] WARN  managed.ManagedRocksObjectUtils (ManagedRocksObjectUtils.java:assertClosed(39)) - ManagedLRUCache is not closed properly
2022-08-10 09:21:53,789 [Finalizer] WARN  managed.ManagedRocksObjectUtils (ManagedRocksObjectUtils.java:assertClosed(39)) - ManagedBloomFilter is not closed properly
2022-08-10 09:21:53,789 [Finalizer] WARN  managed.ManagedRocksObjectUtils (ManagedRocksObjectUtils.java:assertClosed(39)) - ManagedColumnFamilyOptions is not closed properly
2022-08-10 09:21:53,789 [Finalizer] WARN  managed.ManagedRocksObjectUtils (ManagedRocksObjectUtils.java:assertClosed(39)) - ManagedLRUCache is not closed properly
2022-08-10 09:21:53,789 [Finalizer] WARN  managed.ManagedRocksObjectUtils (ManagedRocksObjectUtils.java:assertClosed(39)) - ManagedBloomFilter is not closed properly
2022-08-10 09:21:53,789 [Finalizer] WARN  managed.ManagedRocksObjectUtils (ManagedRocksObjectUtils.java:assertClosed(39)) - ManagedColumnFamilyOptions is not closed properly
2022-08-10 09:21:53,789 [Finalizer] WARN  managed.ManagedRocksObjectUtils (ManagedRocksObjectUtils.java:assertClosed(39)) - ManagedLRUCache is not closed properly
2022-08-10 09:21:53,789 [Finalizer] WARN  managed.ManagedRocksObjectUtils (ManagedRocksObjectUtils.java:assertClosed(39)) - ManagedBloomFilter is not closed properly
2022-08-10 09:21:53,789 [Finalizer] WARN  managed.ManagedRocksObjectUtils (ManagedRocksObjectUtils.java:assertClosed(39)) - ManagedColumnFamilyOptions is not closed properly
2022-08-10 09:21:53,789 [Finalizer] WARN  managed.ManagedRocksObjectUtils (ManagedRocksObjectUtils.java:assertClosed(39)) - ManagedLRUCache is not closed properly
2022-08-10 09:21:53,789 [Finalizer] WARN  managed.ManagedRocksObjectUtils (ManagedRocksObjectUtils.java:assertClosed(39)) - ManagedBloomFilter is not closed properly
2022-08-10 09:21:53,789 [Finalizer] WARN  managed.ManagedRocksObjectUtils (ManagedRocksObjectUtils.java:assertClosed(39)) - ManagedColumnFamilyOptions is not closed properly
2022-08-10 09:21:53,789 [Finalizer] WARN  managed.ManagedRocksObjectUtils (ManagedRocksObjectUtils.java:assertClosed(39)) - ManagedLRUCache is not closed properly
2022-08-10 09:21:53,789 [Finalizer] WARN  managed.ManagedRocksObjectUtils (ManagedRocksObjectUtils.java:assertClosed(39)) - ManagedBloomFilter is not closed properly
2022-08-10 09:21:53,789 [Finalizer] WARN  managed.ManagedRocksObjectUtils (ManagedRocksObjectUtils.java:assertClosed(39)) - ManagedColumnFamilyOptions is not closed properly
2022-08-10 09:21:53,789 [Finalizer] WARN  managed.ManagedRocksObjectUtils (ManagedRocksObjectUtils.java:assertClosed(39)) - ManagedLRUCache is not closed properly
2022-08-10 09:21:53,789 [Finalizer] WARN  managed.ManagedRocksObjectUtils (ManagedRocksObjectUtils.java:assertClosed(39)) - ManagedBloomFilter is not closed properly
2022-08-10 09:21:53,789 [Finalizer] WARN  managed.ManagedRocksObjectUtils (ManagedRocksObjectUtils.java:assertClosed(39)) - ManagedColumnFamilyOptions is not closed properly
2022-08-10 09:21:53,789 [Finalizer] WARN  managed.ManagedRocksObjectUtils (ManagedRocksObjectUtils.java:assertClosed(39)) - ManagedLRUCache is not closed properly
2022-08-10 09:21:53,789 [Finalizer] WARN  managed.ManagedRocksObjectUtils (ManagedRocksObjectUtils.java:assertClosed(39)) - ManagedBloomFilter is not closed properly
2022-08-10 09:21:53,790 [Finalizer] WARN  managed.ManagedRocksObjectUtils (ManagedRocksObjectUtils.java:assertClosed(39)) - ManagedColumnFamilyOptions is not closed properly
2022-08-10 09:21:53,790 [Finalizer] WARN  managed.ManagedRocksObjectUtils (ManagedRocksObjectUtils.java:assertClosed(39)) - ManagedLRUCache is not closed properly
2022-08-10 09:21:53,790 [Finalizer] WARN  managed.ManagedRocksObjectUtils (ManagedRocksObjectUtils.java:assertClosed(39)) - ManagedBloomFilter is not closed properly
2022-08-10 09:21:53,790 [Finalizer] WARN  managed.ManagedRocksObjectUtils (ManagedRocksObjectUtils.java:assertClosed(39)) - ManagedColumnFamilyOptions is not closed properly
2022-08-10 09:21:53,790 [Finalizer] WARN  managed.ManagedRocksObjectUtils (ManagedRocksObjectUtils.java:assertClosed(39)) - ManagedLRUCache is not closed properly
2022-08-10 09:21:53,790 [Finalizer] WARN  managed.ManagedRocksObjectUtils (ManagedRocksObjectUtils.java:assertClosed(39)) - ManagedBloomFilter is not closed properly
2022-08-10 09:21:53,790 [Finalizer] WARN  managed.ManagedRocksObjectUtils (ManagedRocksObjectUtils.java:assertClosed(39)) - ManagedColumnFamilyOptions is not closed properly
2022-08-10 09:21:53,790 [Finalizer] WARN  managed.ManagedRocksObjectUtils (ManagedRocksObjectUtils.java:assertClosed(39)) - ManagedLRUCache is not closed properly
2022-08-10 09:21:53,790 [Finalizer] WARN  managed.ManagedRocksObjectUtils (ManagedRocksObjectUtils.java:assertClosed(39)) - ManagedBloomFilter is not closed properly
2022-08-10 09:21:53,790 [Finalizer] WARN  managed.ManagedRocksObjectUtils (ManagedRocksObjectUtils.java:assertClosed(39)) - ManagedColumnFamilyOptions is not closed properly
2022-08-10 09:21:53,790 [Finalizer] WARN  managed.ManagedRocksObjectUtils (ManagedRocksObjectUtils.java:assertClosed(39)) - ManagedLRUCache is not closed properly
2022-08-10 09:21:53,790 [Finalizer] WARN  managed.ManagedRocksObjectUtils (ManagedRocksObjectUtils.java:assertClosed(39)) - ManagedBloomFilter is not closed properly
2022-08-10 09:21:53,790 [Finalizer] WARN  managed.ManagedRocksObjectUtils (ManagedRocksObjectUtils.java:assertClosed(39)) - ManagedColumnFamilyOptions is not closed properly
2022-08-10 09:21:53,790 [Finalizer] WARN  managed.ManagedRocksObjectUtils (ManagedRocksObjectUtils.java:assertClosed(39)) - ManagedLRUCache is not closed properly
2022-08-10 09:21:53,790 [Finalizer] WARN  managed.ManagedRocksObjectUtils (ManagedRocksObjectUtils.java:assertClosed(39)) - ManagedBloomFilter is not closed properly
2022-08-10 09:21:53,908 [omNode-3-server-thread1] INFO  server.RaftServer$Division (ServerState.java:setLeader(287)) - omNode-3@group-523986131536: change Leader from null to omNode-2 at term 3 for appendEntries, leader elected after 380ms
2022-08-10 09:21:53,988 [grpc-default-executor-0] WARN  server.GrpcLogAppender (LogUtils.java:warn(122)) - omNode-2@group-523986131536->omNode-1-AppendLogResponseHandler: Failed appendEntries: org.apache.ratis.thirdparty.io.grpc.StatusRuntimeException: UNAVAILABLE: io exception
2022-08-10 09:21:53,989 [grpc-default-executor-0] WARN  server.GrpcLogAppender (GrpcLogAppender.java:resetClient(111)) - omNode-2@group-523986131536->omNode-1-GrpcLogAppender: Leader has not got in touch with Follower omNode-2@group-523986131536->omNode-1(c-1,m0,n31, attendVote=true, lastRpcSendTime=260, lastRpcResponseTime=8760) yet, just keep nextIndex unchanged and retry.
2022-08-10 09:21:54,242 [grpc-default-executor-0] WARN  server.GrpcLogAppender (LogUtils.java:warn(122)) - omNode-2@group-523986131536->omNode-1-AppendLogResponseHandler: Failed appendEntries: org.apache.ratis.thirdparty.io.grpc.StatusRuntimeException: UNAVAILABLE: io exception
2022-08-10 09:21:54,243 [grpc-default-executor-0] WARN  server.GrpcLogAppender (GrpcLogAppender.java:resetClient(111)) - omNode-2@group-523986131536->omNode-1-GrpcLogAppender: Leader has not got in touch with Follower omNode-2@group-523986131536->omNode-1(c-1,m0,n31, attendVote=true, lastRpcSendTime=251, lastRpcResponseTime=9014) yet, just keep nextIndex unchanged and retry.
2022-08-10 09:21:54,294 [Listener at 127.0.0.1/36235] INFO  reflections.Reflections (Reflections.java:scan(232)) - Reflections took 716 ms to scan 19 urls, producing 67 keys and 4150 values [using 2 cores]
2022-08-10 09:21:54,295 [Listener at 127.0.0.1/36235] INFO  ipc.CallQueueManager (CallQueueManager.java:<init>(90)) - Using callQueue: class java.util.concurrent.LinkedBlockingQueue, queueCapacity: 2000, scheduler: class org.apache.hadoop.ipc.DefaultRpcScheduler, ipcBackoff: false.
2022-08-10 09:21:54,296 [Socket Reader #1 for port 36235] INFO  ipc.Server (Server.java:run(1265)) - Starting Socket Reader #1 for port 36235
2022-08-10 09:21:54,299 [Listener at localhost/36235] INFO  http.BaseHttpServer (BaseHttpServer.java:newHttpServer2BuilderForOzone(209)) - Starting Web-server for ozoneManager at: http://0.0.0.0:34027
2022-08-10 09:21:54,300 [Listener at localhost/36235] INFO  http.BaseHttpServer (BaseHttpServer.java:<init>(107)) - Hadoop Security Enabled: false Ozone Security Enabled: false Ozone HTTP Security Enabled: false 
2022-08-10 09:21:54,301 [Listener at localhost/36235] INFO  server.AuthenticationFilter (AuthenticationFilter.java:constructSecretProvider(240)) - Unable to initialize FileSignerSecretProvider, falling back to use random secrets.
2022-08-10 09:21:54,302 [Listener at localhost/36235] WARN  http.HttpRequestLog (HttpRequestLog.java:getRequestLog(103)) - Jetty request log can only be enabled using Log4j
2022-08-10 09:21:54,303 [Listener at localhost/36235] INFO  http.HttpServer2 (HttpServer2.java:addGlobalFilter(1029)) - Added global filter 'safety' (class=org.apache.hadoop.hdds.server.http.HttpServer2$QuotingInputFilter)
2022-08-10 09:21:54,304 [Listener at localhost/36235] INFO  http.HttpServer2 (HttpServer2.java:addFilter(1005)) - Added filter static_user_filter (class=org.apache.hadoop.http.lib.StaticUserWebFilter$StaticUserFilter) to context ozoneManager
2022-08-10 09:21:54,304 [Listener at localhost/36235] INFO  http.HttpServer2 (HttpServer2.java:addFilter(1013)) - Added filter static_user_filter (class=org.apache.hadoop.http.lib.StaticUserWebFilter$StaticUserFilter) to context static
2022-08-10 09:21:54,304 [Listener at localhost/36235] INFO  http.HttpServer2 (HttpServer2.java:addFilter(1013)) - Added filter static_user_filter (class=org.apache.hadoop.http.lib.StaticUserWebFilter$StaticUserFilter) to context logs
2022-08-10 09:21:54,305 [Listener at localhost/36235] INFO  http.HttpServer2 (HttpServer2.java:bindListener(1248)) - Jetty bound to port 34027
2022-08-10 09:21:54,305 [Listener at localhost/36235] INFO  server.Server (Server.java:doStart(375)) - jetty-9.4.43.v20210629; built: 2021-06-30T11:07:22.254Z; git: 526006ecfa3af7f1a27ef3a288e2bef7ea9dd7e8; jvm 1.8.0_332-b09
2022-08-10 09:21:54,308 [Listener at localhost/36235] INFO  server.session (DefaultSessionIdManager.java:doStart(334)) - DefaultSessionIdManager workerName=node0
2022-08-10 09:21:54,308 [Listener at localhost/36235] INFO  server.session (DefaultSessionIdManager.java:doStart(339)) - No SessionScavenger set, using defaults
2022-08-10 09:21:54,309 [Listener at localhost/36235] INFO  server.session (HouseKeeper.java:startScavenging(132)) - node0 Scavenging every 600000ms
2022-08-10 09:21:54,312 [Listener at localhost/36235] INFO  handler.ContextHandler (ContextHandler.java:doStart(915)) - Started o.e.j.s.ServletContextHandler@50693c4e{logs,/logs,file:///home/runner/work/ozone/ozone/hadoop-ozone/integration-test/target/log,AVAILABLE}
2022-08-10 09:21:54,312 [Listener at localhost/36235] INFO  handler.ContextHandler (ContextHandler.java:doStart(915)) - Started o.e.j.s.ServletContextHandler@407c9ee8{static,/static,file:///home/runner/work/ozone/ozone/hadoop-ozone/integration-test/target/test-classes/webapps/static,AVAILABLE}
2022-08-10 09:21:54,319 [Listener at localhost/36235] INFO  handler.ContextHandler (ContextHandler.java:doStart(915)) - Started o.e.j.w.WebAppContext@11620476{ozoneManager,/,file:///home/runner/work/ozone/ozone/hadoop-ozone/integration-test/target/test-classes/webapps/ozoneManager/,AVAILABLE}{file:/home/runner/work/ozone/ozone/hadoop-ozone/integration-test/target/test-classes/webapps/ozoneManager}
2022-08-10 09:21:54,324 [Listener at localhost/36235] INFO  server.AbstractConnector (AbstractConnector.java:doStart(331)) - Started ServerConnector@214a338a{HTTP/1.1, (http/1.1)}{0.0.0.0:34027}
2022-08-10 09:21:54,324 [Listener at localhost/36235] INFO  server.Server (Server.java:doStart(415)) - Started @41774ms
2022-08-10 09:21:54,325 [Listener at localhost/36235] WARN  impl.MetricsSystemImpl (MetricsSystemImpl.java:register(279)) - Sink prometheus already exists!
2022-08-10 09:21:54,325 [Listener at localhost/36235] INFO  http.BaseHttpServer (BaseHttpServer.java:updateConnectorAddress(329)) - HTTP server of ozoneManager listening at http://0.0.0.0:34027
2022-08-10 09:21:54,326 [IPC Server Responder] INFO  ipc.Server (Server.java:run(1507)) - IPC Server Responder: starting
2022-08-10 09:21:54,326 [IPC Server listener on 36235] INFO  ipc.Server (Server.java:run(1344)) - IPC Server listener on 36235: starting
2022-08-10 09:21:54,334 [Listener at localhost/36235] INFO  om.OzoneManager (OzoneManager.java:startTrashEmptier(1907)) - Trash Interval set to 0. Files deleted won't move to trash
2022-08-10 09:21:54,334 [Listener at localhost/36235] INFO  om.OzoneManager (OzoneManager.java:stop(2022)) - omNode-1[localhost:39929]: Stopping Ozone Manager
2022-08-10 09:21:54,334 [Listener at localhost/36235] INFO  om.OzoneManager (OzoneManager.java:restart(1559)) - OzoneManager RPC server is listening at localhost/127.0.0.1:39929
2022-08-10 09:21:54,335 [Listener at localhost/36235] INFO  impl.MetricsSystemImpl (MetricsSystemImpl.java:init(158)) - OzoneManager metrics system started (again)
2022-08-10 09:21:54,342 [org.apache.hadoop.util.JvmPauseMonitor$Monitor@1a078d7] INFO  util.JvmPauseMonitor (JvmPauseMonitor.java:run(188)) - Starting JVM pause monitor
2022-08-10 09:21:54,352 [Listener at localhost/36235] WARN  server.ServerUtils (ServerUtils.java:getDBPath(225)) - ozone.om.db.dirs is not configured. We recommend adding this setting. Falling back to ozone.metadata.dirs instead.
2022-08-10 09:21:54,353 [Listener at localhost/36235] INFO  codec.OmKeyInfoCodec (OmKeyInfoCodec.java:<init>(49)) - OmKeyInfoCodec ignorePipeline = true
2022-08-10 09:21:54,353 [Listener at localhost/36235] INFO  codec.RepeatedOmKeyInfoCodec (RepeatedOmKeyInfoCodec.java:<init>(41)) - RepeatedOmKeyInfoCodec ignorePipeline = true
2022-08-10 09:21:54,431 [Listener at localhost/36235] INFO  om.OzoneManager (OzoneManager.java:instantiateServices(697)) - S3 Multi-Tenancy is disabled
2022-08-10 09:21:54,432 [Listener at localhost/36235] WARN  impl.MetricRegistriesImpl (MetricRegistriesImpl.java:addReporterRegistration(111)) - New reporters are added after registries were created. Some metrics will be missing from the reporter. Please add reporter before adding any new registry.
2022-08-10 09:21:54,432 [Listener at localhost/36235] WARN  impl.MetricRegistriesImpl (MetricRegistriesImpl.java:addReporterRegistration(111)) - New reporters are added after registries were created. Some metrics will be missing from the reporter. Please add reporter before adding any new registry.
2022-08-10 09:21:54,432 [Listener at localhost/36235] WARN  server.ServerUtils (ServerUtils.java:getDefaultRatisDirectory(237)) - Storage directory for Ratis is not configured. It is a good idea to map this to an SSD disk. Falling back to ozone.metadata.dirs
2022-08-10 09:21:54,434 [Listener at localhost/36235] INFO  ratis.OzoneManagerRatisServer (OzoneManagerRatisServer.java:<init>(159)) - Instantiating OM Ratis server with groupID: om-service-test1 and peers: localhost:44673, localhost:34947, localhost:36767
2022-08-10 09:21:54,434 [Listener at localhost/36235] INFO  ratis.OzoneManagerStateMachine (OzoneManagerStateMachine.java:loadSnapshotInfoFromDB(632)) - LastAppliedIndex is set from TransactionInfo from OM DB as (t:2, i:20)
2022-08-10 09:21:54,440 [Listener at localhost/36235] INFO  server.RaftServer (ConfUtils.java:logGet(46)) - raft.rpc.type = GRPC (default)
2022-08-10 09:21:54,440 [Listener at localhost/36235] INFO  grpc.GrpcFactory (GrpcFactory.java:checkPooledByteBufAllocatorUseCacheForAllThreads(48)) - PERFORMANCE WARNING: useCacheForAllThreads is true that may cause Netty to create a lot garbage objects and, as a result, trigger GC.
	It is recommended to disable useCacheForAllThreads by setting -Dorg.apache.ratis.thirdparty.io.netty.allocator.useCacheForAllThreads=false in command line.
2022-08-10 09:21:54,441 [Listener at localhost/36235] INFO  grpc.GrpcConfigKeys (ConfUtils.java:logGet(46)) - raft.grpc.admin.port = -1 (default)
2022-08-10 09:21:54,441 [Listener at localhost/36235] INFO  grpc.GrpcConfigKeys (ConfUtils.java:logGet(46)) - raft.grpc.server.port = 44673 (custom)
2022-08-10 09:21:54,441 [Listener at localhost/36235] INFO  grpc.GrpcConfigKeys (ConfUtils.java:logGet(46)) - raft.grpc.client.port = -1 (default)
2022-08-10 09:21:54,441 [Listener at localhost/36235] INFO  grpc.GrpcConfigKeys (ConfUtils.java:logGet(46)) - raft.grpc.server.port = 44673 (custom)
2022-08-10 09:21:54,441 [Listener at localhost/36235] INFO  grpc.GrpcConfigKeys (ConfUtils.java:logGet(46)) - raft.grpc.server.port = 44673 (custom)
2022-08-10 09:21:54,441 [Listener at localhost/36235] INFO  server.GrpcService (ConfUtils.java:logGet(46)) - raft.grpc.message.size.max = 33554432 (custom)
2022-08-10 09:21:54,442 [Listener at localhost/36235] INFO  server.RaftServerConfigKeys (ConfUtils.java:logGet(46)) - raft.server.log.appender.buffer.byte-limit = 33554432 (custom)
2022-08-10 09:21:54,442 [Listener at localhost/36235] INFO  server.GrpcService (ConfUtils.java:logGet(46)) - raft.grpc.flow.control.window = 1MB (=1048576) (default)
2022-08-10 09:21:54,442 [Listener at localhost/36235] INFO  server.RaftServerConfigKeys (ConfUtils.java:logGet(46)) - raft.server.rpc.request.timeout = 3000ms (default)
2022-08-10 09:21:54,442 [Listener at localhost/36235] INFO  grpc.GrpcConfigKeys (ConfUtils.java:logGet(46)) - raft.grpc.server.async.request.thread.pool.cached = true (default)
2022-08-10 09:21:54,442 [Listener at localhost/36235] INFO  grpc.GrpcConfigKeys (ConfUtils.java:logGet(46)) - raft.grpc.server.async.request.thread.pool.size = 32 (default)
2022-08-10 09:21:54,444 [Listener at localhost/36235] INFO  impl.DataStreamServerImpl (ConfUtils.java:logGet(46)) - raft.datastream.type = DISABLED (default)
2022-08-10 09:21:54,444 [Listener at localhost/36235] INFO  server.RaftServerConfigKeys (ConfUtils.java:logGet(46)) - raft.server.threadpool.proxy.cached = true (default)
2022-08-10 09:21:54,444 [Listener at localhost/36235] INFO  server.RaftServerConfigKeys (ConfUtils.java:logGet(46)) - raft.server.threadpool.proxy.size = 0 (default)
2022-08-10 09:21:54,445 [Listener at localhost/36235] INFO  server.RaftServerConfigKeys (ConfUtils.java:logGet(46)) - raft.server.rpc.slowness.timeout = 2s (custom)
2022-08-10 09:21:54,445 [Listener at localhost/36235] INFO  server.RaftServerConfigKeys (ConfUtils.java:logGet(46)) - raft.server.leaderelection.leader.step-down.wait-time = 10s (default)
2022-08-10 09:21:54,445 [Listener at localhost/36235] INFO  server.RaftServerConfigKeys (ConfUtils.java:logGet(46)) - raft.server.storage.dir = [/home/runner/work/ozone/ozone/hadoop-ozone/integration-test/target/test-dir/MiniOzoneClusterImpl-5b46f7b7-15cd-42ca-88c0-c813cff626ca/omNode-1/ratis] (custom)
2022-08-10 09:21:54,448 [omNode-1-impl-thread1] INFO  server.RaftServer (RaftServerProxy.java:initGroupDir(247)) - omNode-1: found a subdirectory /home/runner/work/ozone/ozone/hadoop-ozone/integration-test/target/test-dir/MiniOzoneClusterImpl-5b46f7b7-15cd-42ca-88c0-c813cff626ca/omNode-1/ratis/c9bc4cf4-3bc3-3c60-a66b-523986131536
2022-08-10 09:21:54,449 [Listener at localhost/36235] INFO  server.RaftServer (RaftServerProxy.java:addNew(96)) - omNode-1: addNew group-523986131536:[omNode-3|rpc:localhost:34947|priority:0, omNode-1|rpc:localhost:44673|priority:0, omNode-2|rpc:localhost:36767|priority:0] returns group-523986131536:java.util.concurrent.CompletableFuture@563b9bc6[Not completed]
2022-08-10 09:21:54,449 [Listener at localhost/36235] INFO  om.OzoneManager (OzoneManager.java:initializeRatisServer(1963)) - OzoneManager Ratis server initialized at port 44673
2022-08-10 09:21:54,449 [Listener at localhost/36235] INFO  ratis.OzoneManagerRatisServer (OzoneManagerRatisServer.java:start(554)) - Starting OzoneManagerRatisServer omNode-1 at port 44673
2022-08-10 09:21:54,449 [pool-256-thread-1] INFO  server.RaftServer$Division (RaftServerImpl.java:<init>(190)) - omNode-1: new RaftServerImpl for group-523986131536:[omNode-3|rpc:localhost:34947|priority:0, omNode-1|rpc:localhost:44673|priority:0, omNode-2|rpc:localhost:36767|priority:0] with OzoneManagerStateMachine:uninitialized
2022-08-10 09:21:54,449 [pool-256-thread-1] INFO  server.RaftServerConfigKeys (ConfUtils.java:logGet(46)) - raft.server.rpc.timeout.min = 1s (custom)
2022-08-10 09:21:54,450 [pool-256-thread-1] INFO  server.RaftServerConfigKeys (ConfUtils.java:logGet(46)) - raft.server.rpc.timeout.max = 1200ms (custom)
2022-08-10 09:21:54,450 [pool-256-thread-1] INFO  server.RaftServerConfigKeys (ConfUtils.java:logGet(46)) - raft.server.rpc.sleep.time = 25ms (default)
2022-08-10 09:21:54,450 [pool-256-thread-1] INFO  server.RaftServerConfigKeys (ConfUtils.java:logGet(46)) - raft.server.rpc.slowness.timeout = 2s (custom)
2022-08-10 09:21:54,450 [pool-256-thread-1] INFO  server.RaftServerConfigKeys (ConfUtils.java:logGet(46)) - raft.server.leaderelection.leader.step-down.wait-time = 10s (default)
2022-08-10 09:21:54,450 [pool-256-thread-1] INFO  server.RaftServerConfigKeys (ConfUtils.java:logGet(46)) - raft.server.sleep.deviation.threshold = 300ms (default)
2022-08-10 09:21:54,450 [pool-256-thread-1] INFO  server.RaftServer$Division (ServerState.java:<init>(107)) - omNode-1@group-523986131536: ConfigurationManager, init=-1: [omNode-3|rpc:localhost:34947|priority:0, omNode-1|rpc:localhost:44673|priority:0, omNode-2|rpc:localhost:36767|priority:0], old=null, confs=<EMPTY_MAP>
2022-08-10 09:21:54,450 [pool-256-thread-1] INFO  server.RaftServerConfigKeys (ConfUtils.java:logGet(46)) - raft.server.storage.dir = [/home/runner/work/ozone/ozone/hadoop-ozone/integration-test/target/test-dir/MiniOzoneClusterImpl-5b46f7b7-15cd-42ca-88c0-c813cff626ca/omNode-1/ratis] (custom)
2022-08-10 09:21:54,450 [pool-256-thread-1] INFO  server.RaftServerConfigKeys (ConfUtils.java:logGet(46)) - raft.server.log.corruption.policy = EXCEPTION (default)
2022-08-10 09:21:54,450 [pool-256-thread-1] INFO  server.RaftServerConfigKeys (ConfUtils.java:logGet(46)) - raft.server.storage.free-space.min = 0MB (=0) (default)
2022-08-10 09:21:54,452 [pool-256-thread-1] INFO  storage.RaftStorageDirectory (RaftStorageDirectoryImpl.java:tryLock(230)) - Lock on /home/runner/work/ozone/ozone/hadoop-ozone/integration-test/target/test-dir/MiniOzoneClusterImpl-5b46f7b7-15cd-42ca-88c0-c813cff626ca/omNode-1/ratis/c9bc4cf4-3bc3-3c60-a66b-523986131536/in_use.lock acquired by nodename 28234@fv-az244-795
2022-08-10 09:21:54,453 [pool-256-thread-1] INFO  storage.RaftStorage (RaftStorageImpl.java:analyzeAndRecoverStorage(110)) - Read RaftStorageMetadata{term=2, votedFor=omNode-1} from /home/runner/work/ozone/ozone/hadoop-ozone/integration-test/target/test-dir/MiniOzoneClusterImpl-5b46f7b7-15cd-42ca-88c0-c813cff626ca/omNode-1/ratis/c9bc4cf4-3bc3-3c60-a66b-523986131536/current/raft-meta
2022-08-10 09:21:54,454 [pool-256-thread-1] INFO  server.RaftServer$Division (ServerState.java:setRaftConf(393)) - omNode-1@group-523986131536: set configuration 0: [omNode-3|rpc:localhost:34947|admin:|client:|dataStream:|priority:0, omNode-1|rpc:localhost:44673|admin:|client:|dataStream:|priority:0, omNode-2|rpc:localhost:36767|admin:|client:|dataStream:|priority:0], old=null
2022-08-10 09:21:54,454 [pool-256-thread-1] INFO  server.RaftServerConfigKeys (ConfUtils.java:logGet(46)) - raft.server.notification.no-leader.timeout = 2s (custom)
2022-08-10 09:21:54,454 [pool-256-thread-1] INFO  server.RaftServerConfigKeys (ConfUtils.java:logGet(46)) - raft.server.log.use.memory = false (default)
2022-08-10 09:21:54,454 [pool-256-thread-1] INFO  server.RaftServerConfigKeys (ConfUtils.java:logGet(46)) - raft.server.log.purge.gap = 50 (custom)
2022-08-10 09:21:54,454 [pool-256-thread-1] INFO  server.RaftServerConfigKeys (ConfUtils.java:logGet(46)) - raft.server.log.appender.buffer.byte-limit = 33554432 (custom)
2022-08-10 09:21:54,454 [pool-256-thread-1] INFO  server.RaftServerConfigKeys (ConfUtils.java:logGet(46)) - raft.server.log.statemachine.data.read.timeout = 1000ms (default)
2022-08-10 09:21:54,456 [pool-256-thread-1] INFO  server.RaftServerConfigKeys (ConfUtils.java:logGet(46)) - raft.server.log.segment.size.max = 4194304 (custom)
2022-08-10 09:21:54,457 [pool-256-thread-1] INFO  server.RaftServerConfigKeys (ConfUtils.java:logGet(46)) - raft.server.log.segment.cache.num.max = 2 (custom)
2022-08-10 09:21:54,457 [pool-256-thread-1] INFO  server.RaftServerConfigKeys (ConfUtils.java:logGet(46)) - raft.server.log.segment.cache.size.max = 200MB (=209715200) (default)
2022-08-10 09:21:54,457 [pool-256-thread-1] INFO  segmented.SegmentedRaftLogWorker (SegmentedRaftLogWorker.java:<init>(187)) - new omNode-1@group-523986131536-SegmentedRaftLogWorker for RaftStorageImpl:Storage Directory /home/runner/work/ozone/ozone/hadoop-ozone/integration-test/target/test-dir/MiniOzoneClusterImpl-5b46f7b7-15cd-42ca-88c0-c813cff626ca/omNode-1/ratis/c9bc4cf4-3bc3-3c60-a66b-523986131536
2022-08-10 09:21:54,457 [pool-256-thread-1] INFO  server.RaftServerConfigKeys (ConfUtils.java:logGet(46)) - raft.server.log.queue.byte-limit = 64MB (=67108864) (default)
2022-08-10 09:21:54,457 [pool-256-thread-1] INFO  server.RaftServerConfigKeys (ConfUtils.java:logGet(46)) - raft.server.log.queue.element-limit = 4096 (default)
2022-08-10 09:21:54,457 [pool-256-thread-1] INFO  server.RaftServerConfigKeys (ConfUtils.java:logGet(46)) - raft.server.log.segment.size.max = 4194304 (custom)
2022-08-10 09:21:54,463 [pool-256-thread-1] INFO  server.RaftServerConfigKeys (ConfUtils.java:logGet(46)) - raft.server.log.preallocated.size = 4194304 (custom)
2022-08-10 09:21:54,463 [pool-256-thread-1] INFO  server.RaftServerConfigKeys (ConfUtils.java:logGet(46)) - raft.server.log.force.sync.num = 128 (default)
2022-08-10 09:21:54,463 [pool-256-thread-1] INFO  server.RaftServerConfigKeys (ConfUtils.java:logGet(46)) - raft.server.log.statemachine.data.sync = true (default)
2022-08-10 09:21:54,463 [pool-256-thread-1] INFO  server.RaftServerConfigKeys (ConfUtils.java:logGet(46)) - raft.server.log.statemachine.data.sync.timeout = 10s (default)
2022-08-10 09:21:54,463 [pool-256-thread-1] INFO  server.RaftServerConfigKeys (ConfUtils.java:logGet(46)) - raft.server.log.statemachine.data.sync.timeout.retry = -1 (default)
2022-08-10 09:21:54,464 [pool-256-thread-1] INFO  server.RaftServerConfigKeys (ConfUtils.java:logGet(46)) - raft.server.log.write.buffer.size = 64KB (=65536) (default)
2022-08-10 09:21:54,464 [pool-256-thread-1] INFO  server.RaftServerConfigKeys (ConfUtils.java:logGet(46)) - raft.server.log.unsafe-flush.enabled = false (default)
2022-08-10 09:21:54,464 [pool-256-thread-1] INFO  server.RaftServerConfigKeys (ConfUtils.java:logGet(46)) - raft.server.log.statemachine.data.caching.enabled = false (default)
2022-08-10 09:21:54,466 [pool-256-thread-1] INFO  server.RaftServer$Division (ServerState.java:setRaftConf(393)) - omNode-1@group-523986131536: set configuration 0: [omNode-3|rpc:localhost:34947|admin:|client:|dataStream:|priority:0, omNode-1|rpc:localhost:44673|admin:|client:|dataStream:|priority:0, omNode-2|rpc:localhost:36767|admin:|client:|dataStream:|priority:0], old=null
2022-08-10 09:21:54,473 [pool-256-thread-1] INFO  segmented.LogSegment (LogSegment.java:loadSegment(173)) - Successfully read 21 entries from segment file /home/runner/work/ozone/ozone/hadoop-ozone/integration-test/target/test-dir/MiniOzoneClusterImpl-5b46f7b7-15cd-42ca-88c0-c813cff626ca/omNode-1/ratis/c9bc4cf4-3bc3-3c60-a66b-523986131536/current/log_inprogress_0
2022-08-10 09:21:54,474 [pool-256-thread-1] INFO  segmented.SegmentedRaftLogWorker (SegmentedRaftLogWorker.java:lambda$new$0(135)) - omNode-1@group-523986131536-SegmentedRaftLogWorker: flushIndex: setUnconditionally 0 -> 20
2022-08-10 09:21:54,475 [pool-256-thread-1] INFO  segmented.SegmentedRaftLogWorker (SegmentedRaftLogWorker.java:lambda$new$0(135)) - omNode-1@group-523986131536-SegmentedRaftLogWorker: safeCacheEvictIndex: setUnconditionally 0 -> -1
2022-08-10 09:21:54,476 [pool-256-thread-1] INFO  raftlog.RaftLog (RaftLogBase.java:lambda$new$0(53)) - omNode-1@group-523986131536-SegmentedRaftLog: commitIndex: updateToMax old=20, new=19, updated? false
2022-08-10 09:21:54,481 [pool-256-thread-1] INFO  server.RaftServerConfigKeys (ConfUtils.java:logGet(46)) - raft.server.snapshot.auto.trigger.enabled = true (custom)
2022-08-10 09:21:54,481 [pool-256-thread-1] INFO  server.RaftServerConfigKeys (ConfUtils.java:logGet(46)) - raft.server.snapshot.auto.trigger.threshold = 50 (custom)
2022-08-10 09:21:54,481 [pool-256-thread-1] INFO  server.RaftServerConfigKeys (ConfUtils.java:logGet(46)) - raft.server.snapshot.retention.file.num = -1 (default)
2022-08-10 09:21:54,481 [pool-256-thread-1] INFO  server.RaftServerConfigKeys (ConfUtils.java:logGet(46)) - raft.server.log.purge.upto.snapshot.index = true (custom)
2022-08-10 09:21:54,482 [pool-256-thread-1] INFO  server.RaftServerConfigKeys (ConfUtils.java:logGet(46)) - raft.server.retrycache.expirytime = 30000ms (custom)
2022-08-10 09:21:54,482 [pool-256-thread-1] INFO  server.RaftServerConfigKeys (ConfUtils.java:logGet(46)) - raft.server.retrycache.statistics.expirytime = 100μs (default)
2022-08-10 09:21:54,484 [pool-256-thread-1] INFO  server.RaftServerConfigKeys (ConfUtils.java:logGet(46)) - raft.server.log.appender.install.snapshot.enabled = false (custom)
2022-08-10 09:21:54,484 [pool-256-thread-1] INFO  server.RaftServerConfigKeys (ConfUtils.java:logGet(46)) - raft.server.threadpool.server.cached = true (default)
2022-08-10 09:21:54,485 [pool-256-thread-1] INFO  server.RaftServerConfigKeys (ConfUtils.java:logGet(46)) - raft.server.threadpool.server.size = 0 (default)
2022-08-10 09:21:54,485 [pool-256-thread-1] INFO  server.RaftServerConfigKeys (ConfUtils.java:logGet(46)) - raft.server.threadpool.client.cached = true (default)
2022-08-10 09:21:54,485 [pool-256-thread-1] INFO  server.RaftServerConfigKeys (ConfUtils.java:logGet(46)) - raft.server.threadpool.client.size = 0 (default)
2022-08-10 09:21:54,485 [omNode-1-impl-thread1] INFO  server.RaftServer$Division (RaftServerImpl.java:start(310)) - omNode-1@group-523986131536: start as a follower, conf=0: [omNode-3|rpc:localhost:34947|admin:|client:|dataStream:|priority:0, omNode-1|rpc:localhost:44673|admin:|client:|dataStream:|priority:0, omNode-2|rpc:localhost:36767|admin:|client:|dataStream:|priority:0], old=null
2022-08-10 09:21:54,485 [omNode-1-impl-thread1] INFO  server.RaftServer$Division (RaftServerImpl.java:setRole(299)) - omNode-1@group-523986131536: changes role from      null to FOLLOWER at term 2 for startAsFollower
2022-08-10 09:21:54,485 [omNode-1-impl-thread1] INFO  impl.RoleInfo (RoleInfo.java:updateAndGet(139)) - omNode-1: start omNode-1@group-523986131536-FollowerState
2022-08-10 09:21:54,488 [omNode-1-impl-thread1] INFO  util.JmxRegister (JmxRegister.java:tryRegister(44)) - Successfully registered JMX Bean with object name Ratis:service=RaftServer,group=group-523986131536,id=omNode-1
2022-08-10 09:21:54,489 [Listener at localhost/36235] INFO  server.RaftServer (RaftServerProxy.java:lambda$start$6(382)) - omNode-1: start RPC server
2022-08-10 09:21:54,498 [Listener at localhost/36235] INFO  server.GrpcService (GrpcService.java:startImpl(260)) - omNode-1: GrpcService started, listening on 44673
2022-08-10 09:21:54,498 [grpc-default-executor-0] WARN  server.GrpcLogAppender (LogUtils.java:warn(122)) - omNode-2@group-523986131536->omNode-1-AppendLogResponseHandler: Failed appendEntries: org.apache.ratis.thirdparty.io.grpc.StatusRuntimeException: UNAVAILABLE: io exception
2022-08-10 09:21:54,498 [Listener at localhost/36235] INFO  om.OzoneManager (OzoneManager.java:getRpcServer(1086)) - Creating RPC Server
2022-08-10 09:21:54,499 [grpc-default-executor-0] WARN  server.GrpcLogAppender (GrpcLogAppender.java:resetClient(111)) - omNode-2@group-523986131536->omNode-1-GrpcLogAppender: Leader has not got in touch with Follower omNode-2@group-523986131536->omNode-1(c-1,m0,n31, attendVote=true, lastRpcSendTime=0, lastRpcResponseTime=9269) yet, just keep nextIndex unchanged and retry.
2022-08-10 09:21:54,501 [org.apache.ratis.util.JvmPauseMonitor$$Lambda$696/1259104175@390b0862] INFO  util.JvmPauseMonitor (JvmPauseMonitor.java:run(103)) - JvmPauseMonitor-omNode-1: Started
2022-08-10 09:21:54,796 [Finalizer] WARN  managed.ManagedRocksObjectUtils (ManagedRocksObjectUtils.java:assertClosed(39)) - ManagedColumnFamilyOptions is not closed properly
2022-08-10 09:21:54,796 [Finalizer] WARN  managed.ManagedRocksObjectUtils (ManagedRocksObjectUtils.java:assertClosed(39)) - ManagedColumnFamilyOptions is not closed properly
2022-08-10 09:21:54,796 [Finalizer] WARN  managed.ManagedRocksObjectUtils (ManagedRocksObjectUtils.java:assertClosed(39)) - ManagedColumnFamilyOptions is not closed properly
2022-08-10 09:21:54,796 [Finalizer] WARN  managed.ManagedRocksObjectUtils (ManagedRocksObjectUtils.java:assertClosed(39)) - ManagedColumnFamilyOptions is not closed properly
2022-08-10 09:21:54,796 [Finalizer] WARN  managed.ManagedRocksObjectUtils (ManagedRocksObjectUtils.java:assertClosed(39)) - ManagedColumnFamilyOptions is not closed properly
2022-08-10 09:21:54,796 [Finalizer] WARN  managed.ManagedRocksObjectUtils (ManagedRocksObjectUtils.java:assertClosed(39)) - ManagedColumnFamilyOptions is not closed properly
2022-08-10 09:21:54,796 [Finalizer] WARN  managed.ManagedRocksObjectUtils (ManagedRocksObjectUtils.java:assertClosed(39)) - ManagedColumnFamilyOptions is not closed properly
2022-08-10 09:21:54,796 [Finalizer] WARN  managed.ManagedRocksObjectUtils (ManagedRocksObjectUtils.java:assertClosed(39)) - ManagedColumnFamilyOptions is not closed properly
2022-08-10 09:21:54,796 [Finalizer] WARN  managed.ManagedRocksObjectUtils (ManagedRocksObjectUtils.java:assertClosed(39)) - ManagedColumnFamilyOptions is not closed properly
2022-08-10 09:21:54,796 [Finalizer] WARN  managed.ManagedRocksObjectUtils (ManagedRocksObjectUtils.java:assertClosed(39)) - ManagedColumnFamilyOptions is not closed properly
2022-08-10 09:21:54,796 [Finalizer] WARN  managed.ManagedRocksObjectUtils (ManagedRocksObjectUtils.java:assertClosed(39)) - ManagedColumnFamilyOptions is not closed properly
2022-08-10 09:21:54,796 [Finalizer] WARN  managed.ManagedRocksObjectUtils (ManagedRocksObjectUtils.java:assertClosed(39)) - ManagedColumnFamilyOptions is not closed properly
2022-08-10 09:21:54,796 [Finalizer] WARN  managed.ManagedRocksObjectUtils (ManagedRocksObjectUtils.java:assertClosed(39)) - ManagedColumnFamilyOptions is not closed properly
2022-08-10 09:21:54,796 [Finalizer] WARN  managed.ManagedRocksObjectUtils (ManagedRocksObjectUtils.java:assertClosed(39)) - ManagedColumnFamilyOptions is not closed properly
2022-08-10 09:21:54,796 [Finalizer] WARN  managed.ManagedRocksObjectUtils (ManagedRocksObjectUtils.java:assertClosed(39)) - ManagedColumnFamilyOptions is not closed properly
2022-08-10 09:21:54,796 [Finalizer] WARN  managed.ManagedRocksObjectUtils (ManagedRocksObjectUtils.java:assertClosed(39)) - ManagedColumnFamilyOptions is not closed properly
2022-08-10 09:21:54,796 [Finalizer] WARN  managed.ManagedRocksObjectUtils (ManagedRocksObjectUtils.java:assertClosed(39)) - ManagedColumnFamilyOptions is not closed properly
2022-08-10 09:21:54,796 [Finalizer] WARN  managed.ManagedRocksObjectUtils (ManagedRocksObjectUtils.java:assertClosed(39)) - ManagedColumnFamilyOptions is not closed properly
2022-08-10 09:21:54,796 [Finalizer] WARN  managed.ManagedRocksObjectUtils (ManagedRocksObjectUtils.java:assertClosed(39)) - ManagedColumnFamilyOptions is not closed properly
2022-08-10 09:21:54,796 [Finalizer] WARN  managed.ManagedRocksObjectUtils (ManagedRocksObjectUtils.java:assertClosed(39)) - ManagedColumnFamilyOptions is not closed properly
2022-08-10 09:21:54,796 [Finalizer] WARN  managed.ManagedRocksObjectUtils (ManagedRocksObjectUtils.java:assertClosed(39)) - ManagedColumnFamilyOptions is not closed properly
2022-08-10 09:21:54,796 [Finalizer] WARN  managed.ManagedRocksObjectUtils (ManagedRocksObjectUtils.java:assertClosed(39)) - ManagedColumnFamilyOptions is not closed properly
2022-08-10 09:21:54,797 [Finalizer] WARN  managed.ManagedRocksObjectUtils (ManagedRocksObjectUtils.java:assertClosed(39)) - ManagedLRUCache is not closed properly
2022-08-10 09:21:54,797 [Finalizer] WARN  managed.ManagedRocksObjectUtils (ManagedRocksObjectUtils.java:assertClosed(39)) - ManagedBloomFilter is not closed properly
2022-08-10 09:21:54,797 [Finalizer] WARN  managed.ManagedRocksObjectUtils (ManagedRocksObjectUtils.java:assertClosed(39)) - ManagedColumnFamilyOptions is not closed properly
2022-08-10 09:21:54,797 [Finalizer] WARN  managed.ManagedRocksObjectUtils (ManagedRocksObjectUtils.java:assertClosed(39)) - ManagedLRUCache is not closed properly
2022-08-10 09:21:54,797 [Finalizer] WARN  managed.ManagedRocksObjectUtils (ManagedRocksObjectUtils.java:assertClosed(39)) - ManagedBloomFilter is not closed properly
2022-08-10 09:21:54,797 [Finalizer] WARN  managed.ManagedRocksObjectUtils (ManagedRocksObjectUtils.java:assertClosed(39)) - ManagedColumnFamilyOptions is not closed properly
2022-08-10 09:21:54,797 [Finalizer] WARN  managed.ManagedRocksObjectUtils (ManagedRocksObjectUtils.java:assertClosed(39)) - ManagedLRUCache is not closed properly
2022-08-10 09:21:54,797 [Finalizer] WARN  managed.ManagedRocksObjectUtils (ManagedRocksObjectUtils.java:assertClosed(39)) - ManagedBloomFilter is not closed properly
2022-08-10 09:21:54,797 [Finalizer] WARN  managed.ManagedRocksObjectUtils (ManagedRocksObjectUtils.java:assertClosed(39)) - ManagedColumnFamilyOptions is not closed properly
2022-08-10 09:21:54,797 [Finalizer] WARN  managed.ManagedRocksObjectUtils (ManagedRocksObjectUtils.java:assertClosed(39)) - ManagedLRUCache is not closed properly
2022-08-10 09:21:54,797 [Finalizer] WARN  managed.ManagedRocksObjectUtils (ManagedRocksObjectUtils.java:assertClosed(39)) - ManagedBloomFilter is not closed properly
2022-08-10 09:21:54,797 [Finalizer] WARN  managed.ManagedRocksObjectUtils (ManagedRocksObjectUtils.java:assertClosed(39)) - ManagedColumnFamilyOptions is not closed properly
2022-08-10 09:21:54,797 [Finalizer] WARN  managed.ManagedRocksObjectUtils (ManagedRocksObjectUtils.java:assertClosed(39)) - ManagedLRUCache is not closed properly
2022-08-10 09:21:54,797 [Finalizer] WARN  managed.ManagedRocksObjectUtils (ManagedRocksObjectUtils.java:assertClosed(39)) - ManagedBloomFilter is not closed properly
2022-08-10 09:21:54,797 [Finalizer] WARN  managed.ManagedRocksObjectUtils (ManagedRocksObjectUtils.java:assertClosed(39)) - ManagedColumnFamilyOptions is not closed properly
2022-08-10 09:21:54,797 [Finalizer] WARN  managed.ManagedRocksObjectUtils (ManagedRocksObjectUtils.java:assertClosed(39)) - ManagedLRUCache is not closed properly
2022-08-10 09:21:54,797 [Finalizer] WARN  managed.ManagedRocksObjectUtils (ManagedRocksObjectUtils.java:assertClosed(39)) - ManagedBloomFilter is not closed properly
2022-08-10 09:21:54,797 [Finalizer] WARN  managed.ManagedRocksObjectUtils (ManagedRocksObjectUtils.java:assertClosed(39)) - ManagedColumnFamilyOptions is not closed properly
2022-08-10 09:21:54,797 [Finalizer] WARN  managed.ManagedRocksObjectUtils (ManagedRocksObjectUtils.java:assertClosed(39)) - ManagedLRUCache is not closed properly
2022-08-10 09:21:54,797 [Finalizer] WARN  managed.ManagedRocksObjectUtils (ManagedRocksObjectUtils.java:assertClosed(39)) - ManagedBloomFilter is not closed properly
2022-08-10 09:21:54,797 [Finalizer] WARN  managed.ManagedRocksObjectUtils (ManagedRocksObjectUtils.java:assertClosed(39)) - ManagedColumnFamilyOptions is not closed properly
2022-08-10 09:21:54,796 [omNode-1-server-thread1] INFO  server.RaftServer$Division (ServerState.java:setLeader(287)) - omNode-1@group-523986131536: change Leader from null to omNode-2 at term 3 for appendEntries, leader elected after 341ms
2022-08-10 09:21:54,798 [omNode-1-server-thread1] INFO  server.RaftServer$Division (RaftServerImpl.java:checkInconsistentAppendEntries(1424)) - omNode-1@group-523986131536: Failed appendEntries as previous log entry ((t:3, i:30)) is not found
2022-08-10 09:21:54,798 [omNode-1-server-thread1] INFO  server.RaftServer$Division (RaftServerImpl.java:checkInconsistentAppendEntries(1394)) - omNode-1@group-523986131536: inconsistency entries. Reply:omNode-2<-omNode-1#5553007:FAIL-t2,INCONSISTENCY,nextIndex=21,followerCommit=20
2022-08-10 09:21:54,798 [Finalizer] WARN  managed.ManagedRocksObjectUtils (ManagedRocksObjectUtils.java:assertClosed(39)) - ManagedLRUCache is not closed properly
2022-08-10 09:21:54,799 [Finalizer] WARN  managed.ManagedRocksObjectUtils (ManagedRocksObjectUtils.java:assertClosed(39)) - ManagedBloomFilter is not closed properly
2022-08-10 09:21:54,799 [Finalizer] WARN  managed.ManagedRocksObjectUtils (ManagedRocksObjectUtils.java:assertClosed(39)) - ManagedColumnFamilyOptions is not closed properly
2022-08-10 09:21:54,799 [Finalizer] WARN  managed.ManagedRocksObjectUtils (ManagedRocksObjectUtils.java:assertClosed(39)) - ManagedLRUCache is not closed properly
2022-08-10 09:21:54,800 [Finalizer] WARN  managed.ManagedRocksObjectUtils (ManagedRocksObjectUtils.java:assertClosed(39)) - ManagedBloomFilter is not closed properly
2022-08-10 09:21:54,800 [Finalizer] WARN  managed.ManagedRocksObjectUtils (ManagedRocksObjectUtils.java:assertClosed(39)) - ManagedColumnFamilyOptions is not closed properly
2022-08-10 09:21:54,800 [Finalizer] WARN  managed.ManagedRocksObjectUtils (ManagedRocksObjectUtils.java:assertClosed(39)) - ManagedLRUCache is not closed properly
2022-08-10 09:21:54,800 [Finalizer] WARN  managed.ManagedRocksObjectUtils (ManagedRocksObjectUtils.java:assertClosed(39)) - ManagedBloomFilter is not closed properly
2022-08-10 09:21:54,800 [Finalizer] WARN  managed.ManagedRocksObjectUtils (ManagedRocksObjectUtils.java:assertClosed(39)) - ManagedColumnFamilyOptions is not closed properly
2022-08-10 09:21:54,800 [Finalizer] WARN  managed.ManagedRocksObjectUtils (ManagedRocksObjectUtils.java:assertClosed(39)) - ManagedLRUCache is not closed properly
2022-08-10 09:21:54,800 [Finalizer] WARN  managed.ManagedRocksObjectUtils (ManagedRocksObjectUtils.java:assertClosed(39)) - ManagedBloomFilter is not closed properly
2022-08-10 09:21:54,800 [Finalizer] WARN  managed.ManagedRocksObjectUtils (ManagedRocksObjectUtils.java:assertClosed(39)) - ManagedColumnFamilyOptions is not closed properly
2022-08-10 09:21:54,800 [Finalizer] WARN  managed.ManagedRocksObjectUtils (ManagedRocksObjectUtils.java:assertClosed(39)) - ManagedLRUCache is not closed properly
2022-08-10 09:21:54,800 [Finalizer] WARN  managed.ManagedRocksObjectUtils (ManagedRocksObjectUtils.java:assertClosed(39)) - ManagedBloomFilter is not closed properly
2022-08-10 09:21:54,800 [Finalizer] WARN  managed.ManagedRocksObjectUtils (ManagedRocksObjectUtils.java:assertClosed(39)) - ManagedColumnFamilyOptions is not closed properly
2022-08-10 09:21:54,800 [Finalizer] WARN  managed.ManagedRocksObjectUtils (ManagedRocksObjectUtils.java:assertClosed(39)) - ManagedLRUCache is not closed properly
2022-08-10 09:21:54,800 [Finalizer] WARN  managed.ManagedRocksObjectUtils (ManagedRocksObjectUtils.java:assertClosed(39)) - ManagedBloomFilter is not closed properly
2022-08-10 09:21:54,800 [Finalizer] WARN  managed.ManagedRocksObjectUtils (ManagedRocksObjectUtils.java:assertClosed(39)) - ManagedColumnFamilyOptions is not closed properly
2022-08-10 09:21:54,800 [Finalizer] WARN  managed.ManagedRocksObjectUtils (ManagedRocksObjectUtils.java:assertClosed(39)) - ManagedLRUCache is not closed properly
2022-08-10 09:21:54,800 [Finalizer] WARN  managed.ManagedRocksObjectUtils (ManagedRocksObjectUtils.java:assertClosed(39)) - ManagedBloomFilter is not closed properly
2022-08-10 09:21:54,801 [Finalizer] WARN  managed.ManagedRocksObjectUtils (ManagedRocksObjectUtils.java:assertClosed(39)) - ManagedColumnFamilyOptions is not closed properly
2022-08-10 09:21:54,801 [Finalizer] WARN  managed.ManagedRocksObjectUtils (ManagedRocksObjectUtils.java:assertClosed(39)) - ManagedLRUCache is not closed properly
2022-08-10 09:21:54,801 [Finalizer] WARN  managed.ManagedRocksObjectUtils (ManagedRocksObjectUtils.java:assertClosed(39)) - ManagedBloomFilter is not closed properly
2022-08-10 09:21:54,801 [Finalizer] WARN  managed.ManagedRocksObjectUtils (ManagedRocksObjectUtils.java:assertClosed(39)) - ManagedColumnFamilyOptions is not closed properly
2022-08-10 09:21:54,801 [Finalizer] WARN  managed.ManagedRocksObjectUtils (ManagedRocksObjectUtils.java:assertClosed(39)) - ManagedLRUCache is not closed properly
2022-08-10 09:21:54,801 [Finalizer] WARN  managed.ManagedRocksObjectUtils (ManagedRocksObjectUtils.java:assertClosed(39)) - ManagedBloomFilter is not closed properly
2022-08-10 09:21:54,801 [Finalizer] WARN  managed.ManagedRocksObjectUtils (ManagedRocksObjectUtils.java:assertClosed(39)) - ManagedColumnFamilyOptions is not closed properly
2022-08-10 09:21:54,801 [Finalizer] WARN  managed.ManagedRocksObjectUtils (ManagedRocksObjectUtils.java:assertClosed(39)) - ManagedLRUCache is not closed properly
2022-08-10 09:21:54,801 [Finalizer] WARN  managed.ManagedRocksObjectUtils (ManagedRocksObjectUtils.java:assertClosed(39)) - ManagedBloomFilter is not closed properly
2022-08-10 09:21:54,801 [Finalizer] WARN  managed.ManagedRocksObjectUtils (ManagedRocksObjectUtils.java:assertClosed(39)) - ManagedColumnFamilyOptions is not closed properly
2022-08-10 09:21:54,801 [Finalizer] WARN  managed.ManagedRocksObjectUtils (ManagedRocksObjectUtils.java:assertClosed(39)) - ManagedLRUCache is not closed properly
2022-08-10 09:21:54,801 [Finalizer] WARN  managed.ManagedRocksObjectUtils (ManagedRocksObjectUtils.java:assertClosed(39)) - ManagedBloomFilter is not closed properly
2022-08-10 09:21:54,801 [Finalizer] WARN  managed.ManagedRocksObjectUtils (ManagedRocksObjectUtils.java:assertClosed(39)) - ManagedColumnFamilyOptions is not closed properly
2022-08-10 09:21:54,801 [Finalizer] WARN  managed.ManagedRocksObjectUtils (ManagedRocksObjectUtils.java:assertClosed(39)) - ManagedLRUCache is not closed properly
2022-08-10 09:21:54,801 [Finalizer] WARN  managed.ManagedRocksObjectUtils (ManagedRocksObjectUtils.java:assertClosed(39)) - ManagedBloomFilter is not closed properly
2022-08-10 09:21:54,801 [Finalizer] WARN  managed.ManagedRocksObjectUtils (ManagedRocksObjectUtils.java:assertClosed(39)) - ManagedColumnFamilyOptions is not closed properly
2022-08-10 09:21:54,801 [Finalizer] WARN  managed.ManagedRocksObjectUtils (ManagedRocksObjectUtils.java:assertClosed(39)) - ManagedLRUCache is not closed properly
2022-08-10 09:21:54,801 [Finalizer] WARN  managed.ManagedRocksObjectUtils (ManagedRocksObjectUtils.java:assertClosed(39)) - ManagedBloomFilter is not closed properly
2022-08-10 09:21:54,806 [grpc-default-executor-0] INFO  leader.FollowerInfo (FollowerInfoImpl.java:lambda$new$0(48)) - omNode-2@group-523986131536->omNode-1: nextIndex: updateUnconditionally 31 -> 21
2022-08-10 09:21:54,809 [omNode-1-server-thread1] INFO  server.RaftServer$Division (ServerState.java:setRaftConf(393)) - omNode-1@group-523986131536: set configuration 21: [omNode-3|rpc:localhost:34947|admin:|client:|dataStream:|priority:0, omNode-1|rpc:localhost:44673|admin:|client:|dataStream:|priority:0, omNode-2|rpc:localhost:36767|admin:|client:|dataStream:|priority:0], old=null
2022-08-10 09:21:54,809 [omNode-1-server-thread1] INFO  segmented.SegmentedRaftLogWorker (SegmentedRaftLogWorker.java:rollLogSegment(430)) - omNode-1@group-523986131536-SegmentedRaftLogWorker: Rolling segment log-0_20 to index:20
2022-08-10 09:21:54,817 [omNode-1@group-523986131536-SegmentedRaftLogWorker] INFO  segmented.SegmentedRaftLogWorker (SegmentedRaftLogWorker.java:execute(586)) - omNode-1@group-523986131536-SegmentedRaftLogWorker: Rolled log segment from /home/runner/work/ozone/ozone/hadoop-ozone/integration-test/target/test-dir/MiniOzoneClusterImpl-5b46f7b7-15cd-42ca-88c0-c813cff626ca/omNode-1/ratis/c9bc4cf4-3bc3-3c60-a66b-523986131536/current/log_inprogress_0 to /home/runner/work/ozone/ozone/hadoop-ozone/integration-test/target/test-dir/MiniOzoneClusterImpl-5b46f7b7-15cd-42ca-88c0-c813cff626ca/omNode-1/ratis/c9bc4cf4-3bc3-3c60-a66b-523986131536/current/log_0-20
2022-08-10 09:21:54,829 [omNode-1@group-523986131536-SegmentedRaftLogWorker] INFO  segmented.SegmentedRaftLogWorker (SegmentedRaftLogWorker.java:execute(629)) - omNode-1@group-523986131536-SegmentedRaftLogWorker: created new log segment /home/runner/work/ozone/ozone/hadoop-ozone/integration-test/target/test-dir/MiniOzoneClusterImpl-5b46f7b7-15cd-42ca-88c0-c813cff626ca/omNode-1/ratis/c9bc4cf4-3bc3-3c60-a66b-523986131536/current/log_inprogress_21
2022-08-10 09:21:54,841 [omNode-1@group-523986131536-StateMachineUpdater] INFO  ratis.OzoneManagerStateMachine (OzoneManagerStateMachine.java:notifyConfigurationChanged(192)) - Received Configuration change notification from Ratis. New Peer list:
[id: "omNode-3"
address: "localhost:34947"
, id: "omNode-1"
address: "localhost:44673"
, id: "omNode-2"
address: "localhost:36767"
]
2022-08-10 09:21:55,044 [Listener at localhost/36235] INFO  reflections.Reflections (Reflections.java:scan(232)) - Reflections took 544 ms to scan 19 urls, producing 67 keys and 4150 values [using 2 cores]
2022-08-10 09:21:55,046 [Listener at localhost/36235] INFO  ipc.CallQueueManager (CallQueueManager.java:<init>(90)) - Using callQueue: class java.util.concurrent.LinkedBlockingQueue, queueCapacity: 2000, scheduler: class org.apache.hadoop.ipc.DefaultRpcScheduler, ipcBackoff: false.
2022-08-10 09:21:55,047 [Socket Reader #1 for port 39929] INFO  ipc.Server (Server.java:run(1265)) - Starting Socket Reader #1 for port 39929
2022-08-10 09:21:55,051 [Listener at localhost/39929] INFO  http.BaseHttpServer (BaseHttpServer.java:newHttpServer2BuilderForOzone(209)) - Starting Web-server for ozoneManager at: http://0.0.0.0:33883
2022-08-10 09:21:55,051 [Listener at localhost/39929] INFO  http.BaseHttpServer (BaseHttpServer.java:<init>(107)) - Hadoop Security Enabled: false Ozone Security Enabled: false Ozone HTTP Security Enabled: false 
2022-08-10 09:21:55,053 [Listener at localhost/39929] INFO  server.AuthenticationFilter (AuthenticationFilter.java:constructSecretProvider(240)) - Unable to initialize FileSignerSecretProvider, falling back to use random secrets.
2022-08-10 09:21:55,054 [Listener at localhost/39929] WARN  http.HttpRequestLog (HttpRequestLog.java:getRequestLog(103)) - Jetty request log can only be enabled using Log4j
2022-08-10 09:21:55,056 [Listener at localhost/39929] INFO  http.HttpServer2 (HttpServer2.java:addGlobalFilter(1029)) - Added global filter 'safety' (class=org.apache.hadoop.hdds.server.http.HttpServer2$QuotingInputFilter)
2022-08-10 09:21:55,057 [Listener at localhost/39929] INFO  http.HttpServer2 (HttpServer2.java:addFilter(1005)) - Added filter static_user_filter (class=org.apache.hadoop.http.lib.StaticUserWebFilter$StaticUserFilter) to context ozoneManager
2022-08-10 09:21:55,057 [Listener at localhost/39929] INFO  http.HttpServer2 (HttpServer2.java:addFilter(1013)) - Added filter static_user_filter (class=org.apache.hadoop.http.lib.StaticUserWebFilter$StaticUserFilter) to context static
2022-08-10 09:21:55,057 [Listener at localhost/39929] INFO  http.HttpServer2 (HttpServer2.java:addFilter(1013)) - Added filter static_user_filter (class=org.apache.hadoop.http.lib.StaticUserWebFilter$StaticUserFilter) to context logs
2022-08-10 09:21:55,058 [Listener at localhost/39929] INFO  http.HttpServer2 (HttpServer2.java:bindListener(1248)) - Jetty bound to port 33883
2022-08-10 09:21:55,058 [Listener at localhost/39929] INFO  server.Server (Server.java:doStart(375)) - jetty-9.4.43.v20210629; built: 2021-06-30T11:07:22.254Z; git: 526006ecfa3af7f1a27ef3a288e2bef7ea9dd7e8; jvm 1.8.0_332-b09
2022-08-10 09:21:55,060 [Listener at localhost/39929] INFO  server.session (DefaultSessionIdManager.java:doStart(334)) - DefaultSessionIdManager workerName=node0
2022-08-10 09:21:55,060 [Listener at localhost/39929] INFO  server.session (DefaultSessionIdManager.java:doStart(339)) - No SessionScavenger set, using defaults
2022-08-10 09:21:55,060 [Listener at localhost/39929] INFO  server.session (HouseKeeper.java:startScavenging(132)) - node0 Scavenging every 660000ms
2022-08-10 09:21:55,061 [Listener at localhost/39929] INFO  handler.ContextHandler (ContextHandler.java:doStart(915)) - Started o.e.j.s.ServletContextHandler@5539f9de{logs,/logs,file:///home/runner/work/ozone/ozone/hadoop-ozone/integration-test/target/log,AVAILABLE}
2022-08-10 09:21:55,062 [Listener at localhost/39929] INFO  handler.ContextHandler (ContextHandler.java:doStart(915)) - Started o.e.j.s.ServletContextHandler@74b39466{static,/static,file:///home/runner/work/ozone/ozone/hadoop-ozone/integration-test/target/test-classes/webapps/static,AVAILABLE}
2022-08-10 09:21:55,068 [Listener at localhost/39929] INFO  handler.ContextHandler (ContextHandler.java:doStart(915)) - Started o.e.j.w.WebAppContext@7fffd567{ozoneManager,/,file:///home/runner/work/ozone/ozone/hadoop-ozone/integration-test/target/test-classes/webapps/ozoneManager/,AVAILABLE}{file:/home/runner/work/ozone/ozone/hadoop-ozone/integration-test/target/test-classes/webapps/ozoneManager}
2022-08-10 09:21:55,069 [Listener at localhost/39929] INFO  server.AbstractConnector (AbstractConnector.java:doStart(331)) - Started ServerConnector@2c1a6726{HTTP/1.1, (http/1.1)}{0.0.0.0:33883}
2022-08-10 09:21:55,070 [Listener at localhost/39929] INFO  server.Server (Server.java:doStart(415)) - Started @42519ms
2022-08-10 09:21:55,070 [Listener at localhost/39929] WARN  impl.MetricsSystemImpl (MetricsSystemImpl.java:register(279)) - Sink prometheus already exists!
2022-08-10 09:21:55,071 [Listener at localhost/39929] INFO  http.BaseHttpServer (BaseHttpServer.java:updateConnectorAddress(329)) - HTTP server of ozoneManager listening at http://0.0.0.0:33883
2022-08-10 09:21:55,071 [IPC Server Responder] INFO  ipc.Server (Server.java:run(1507)) - IPC Server Responder: starting
2022-08-10 09:21:55,071 [IPC Server listener on 39929] INFO  ipc.Server (Server.java:run(1344)) - IPC Server listener on 39929: starting
2022-08-10 09:21:55,085 [Listener at localhost/39929] INFO  om.OzoneManager (OzoneManager.java:startTrashEmptier(1907)) - Trash Interval set to 0. Files deleted won't move to trash
2022-08-10 09:21:55,086 [Listener at localhost/39929] INFO  om.OzoneManager (OzoneManager.java:stop(2022)) - omNode-2[localhost:38141]: Stopping Ozone Manager
2022-08-10 09:21:55,086 [org.apache.hadoop.util.JvmPauseMonitor$Monitor@5142f274] INFO  util.JvmPauseMonitor (JvmPauseMonitor.java:run(188)) - Starting JVM pause monitor
2022-08-10 09:21:55,086 [Listener at localhost/39929] INFO  ipc.Server (Server.java:stop(3414)) - Stopping server on 38141
2022-08-10 09:21:55,098 [IPC Server listener on 38141] INFO  ipc.Server (Server.java:run(1376)) - Stopping IPC Server listener on 38141
2022-08-10 09:21:55,099 [IPC Server Responder] INFO  ipc.Server (Server.java:run(1512)) - Stopping IPC Server Responder
2022-08-10 09:21:55,100 [Listener at localhost/39929] INFO  server.RaftServer (RaftServerProxy.java:lambda$close$7(398)) - omNode-2: close
2022-08-10 09:21:55,100 [Listener at localhost/39929] INFO  server.RaftServer$Division (RaftServerImpl.java:lambda$close$4(434)) - omNode-2@group-523986131536: shutdown
2022-08-10 09:21:55,101 [Listener at localhost/39929] INFO  util.JmxRegister (JmxRegister.java:unregister(73)) - Successfully un-registered JMX Bean with object name Ratis:service=RaftServer,group=group-523986131536,id=omNode-2
2022-08-10 09:21:55,101 [Listener at localhost/39929] INFO  impl.RoleInfo (RoleInfo.java:shutdownLeaderState(93)) - omNode-2: shutdown omNode-2@group-523986131536-LeaderStateImpl
2022-08-10 09:21:55,101 [Listener at localhost/39929] INFO  impl.PendingRequests (PendingRequests.java:sendNotLeaderResponses(282)) - omNode-2@group-523986131536-PendingRequests: sendNotLeaderResponses
2022-08-10 09:21:55,102 [omNode-2@group-523986131536->omNode-1-GrpcLogAppender-LogAppenderDaemon] WARN  server.GrpcLogAppender (GrpcLogAppender.java:mayWait(171)) - omNode-2@group-523986131536->omNode-1-GrpcLogAppender: Wait interrupted by java.lang.InterruptedException
2022-08-10 09:21:55,102 [omNode-2@group-523986131536->omNode-3-GrpcLogAppender-LogAppenderDaemon] WARN  server.GrpcLogAppender (GrpcLogAppender.java:mayWait(171)) - omNode-2@group-523986131536->omNode-3-GrpcLogAppender: Wait interrupted by java.lang.InterruptedException
2022-08-10 09:21:55,103 [grpc-default-executor-0] INFO  server.GrpcServerProtocolService (GrpcServerProtocolService.java:onCompleted(140)) - omNode-1: Completed APPEND_ENTRIES, lastRequest: omNode-2->omNode-1#5553010-t3,previous=(t:2, i:20),leaderCommit=30,initializing? true,entries: size=10, first=(t:3, i:21), CONFIGURATIONENTRY
2022-08-10 09:21:55,103 [grpc-default-executor-1] INFO  server.GrpcServerProtocolService (GrpcServerProtocolService.java:onCompleted(140)) - omNode-3: Completed APPEND_ENTRIES, lastRequest: omNode-2->omNode-3#102-t3,previous=(t:3, i:29),leaderCommit=30,initializing? true,entries: size=1, first=(t:3, i:30), METADATAENTRY(c:29)
2022-08-10 09:21:55,104 [grpc-default-executor-2] INFO  server.GrpcLogAppender (GrpcLogAppender.java:onCompleted(339)) - omNode-2@group-523986131536->omNode-1-AppendLogResponseHandler: follower responses appendEntries COMPLETED
2022-08-10 09:21:55,104 [grpc-default-executor-2] INFO  leader.FollowerInfo (FollowerInfoImpl.java:lambda$new$0(48)) - omNode-2@group-523986131536->omNode-1: nextIndex: updateUnconditionally 31 -> 30
2022-08-10 09:21:55,106 [grpc-default-executor-1] INFO  server.GrpcLogAppender (GrpcLogAppender.java:onCompleted(339)) - omNode-2@group-523986131536->omNode-3-AppendLogResponseHandler: follower responses appendEntries COMPLETED
2022-08-10 09:21:55,106 [Listener at localhost/39929] INFO  impl.StateMachineUpdater (StateMachineUpdater.java:stopAndJoin(153)) - omNode-2@group-523986131536-StateMachineUpdater: set stopIndex = 30
2022-08-10 09:21:55,106 [omNode-2@group-523986131536-StateMachineUpdater] INFO  ratis.OzoneManagerStateMachine (OzoneManagerStateMachine.java:takeSnapshot(441)) - Current Snapshot Index (t:3, i:30)
2022-08-10 09:21:55,106 [omNode-2@group-523986131536-StateMachineUpdater] INFO  impl.StateMachineUpdater (StateMachineUpdater.java:takeSnapshot(287)) - omNode-2@group-523986131536-StateMachineUpdater: Took a snapshot at index 30
2022-08-10 09:21:55,107 [omNode-2@group-523986131536-StateMachineUpdater] INFO  impl.StateMachineUpdater (StateMachineUpdater.java:lambda$new$0(92)) - omNode-2@group-523986131536-StateMachineUpdater: snapshotIndex: updateIncreasingly -1 -> 30
2022-08-10 09:21:55,107 [omNode-2@group-523986131536-StateMachineUpdater] INFO  ratis.OzoneManagerStateMachine (OzoneManagerStateMachine.java:close(495)) - StateMachine has shutdown. Shutdown OzoneManager if not already shutdown.
2022-08-10 09:21:55,107 [omNode-2@group-523986131536-StateMachineUpdater] INFO  ratis.OzoneManagerDoubleBuffer (OzoneManagerDoubleBuffer.java:stop(466)) - Stopping OMDoubleBuffer flush thread
2022-08-10 09:21:55,106 [grpc-default-executor-1] INFO  leader.FollowerInfo (FollowerInfoImpl.java:lambda$new$0(48)) - omNode-2@group-523986131536->omNode-3: nextIndex: updateUnconditionally 31 -> 30
2022-08-10 09:21:55,107 [OMDoubleBufferFlushThread] INFO  ratis.OzoneManagerDoubleBuffer (OzoneManagerDoubleBuffer.java:flushTransactions(385)) - OMDoubleBuffer flush thread OMDoubleBufferFlushThread is interrupted and will exit.
2022-08-10 09:21:55,111 [Listener at localhost/39929] INFO  server.RaftServer$Division (ServerState.java:close(429)) - omNode-2@group-523986131536: closes. applyIndex: 30
2022-08-10 09:21:55,111 [omNode-2@group-523986131536-SegmentedRaftLogWorker] INFO  segmented.SegmentedRaftLogWorker (SegmentedRaftLogWorker.java:run(336)) - omNode-2@group-523986131536-SegmentedRaftLogWorker was interrupted, exiting. There are 0 tasks remaining in the queue.
2022-08-10 09:21:55,113 [Listener at localhost/39929] INFO  segmented.SegmentedRaftLogWorker (SegmentedRaftLogWorker.java:close(246)) - omNode-2@group-523986131536-SegmentedRaftLogWorker close()
2022-08-10 09:21:55,114 [Listener at localhost/39929] INFO  server.GrpcService (GrpcService.java:closeImpl(269)) - omNode-2: shutdown server with port 36767 now
2022-08-10 09:21:55,117 [Listener at localhost/39929] INFO  server.GrpcService (GrpcService.java:closeImpl(278)) - omNode-2: shutdown server with port 36767 successfully
2022-08-10 09:21:55,117 [org.apache.ratis.util.JvmPauseMonitor$$Lambda$696/1259104175@139a4eb2] INFO  util.JvmPauseMonitor (JvmPauseMonitor.java:run(109)) - JvmPauseMonitor-omNode-2: Stopped
2022-08-10 09:21:55,117 [Listener at localhost/39929] INFO  ratis.OzoneManagerStateMachine (OzoneManagerStateMachine.java:close(495)) - StateMachine has shutdown. Shutdown OzoneManager if not already shutdown.
2022-08-10 09:21:55,117 [Listener at localhost/39929] INFO  ratis.OzoneManagerDoubleBuffer (OzoneManagerDoubleBuffer.java:stop(478)) - OMDoubleBuffer flush thread is not running.
2022-08-10 09:21:55,117 [Listener at localhost/39929] INFO  utils.BackgroundService (BackgroundService.java:shutdown(141)) - Shutting down service KeyDeletingService
2022-08-10 09:21:55,118 [Listener at localhost/39929] INFO  utils.BackgroundService (BackgroundService.java:shutdown(141)) - Shutting down service DirectoryDeletingService
2022-08-10 09:21:55,118 [Listener at localhost/39929] INFO  utils.BackgroundService (BackgroundService.java:shutdown(141)) - Shutting down service OpenKeyCleanupService
2022-08-10 09:21:55,119 [Listener at localhost/39929] INFO  handler.ContextHandler (ContextHandler.java:doStop(1153)) - Stopped o.e.j.w.WebAppContext@40dac99d{ozoneManager,/,null,STOPPED}{file:/home/runner/work/ozone/ozone/hadoop-ozone/integration-test/target/test-classes/webapps/ozoneManager}
2022-08-10 09:21:55,120 [Listener at localhost/39929] INFO  server.AbstractConnector (AbstractConnector.java:doStop(381)) - Stopped ServerConnector@7b0ad09a{HTTP/1.1, (http/1.1)}{0.0.0.0:45427}
2022-08-10 09:21:55,120 [Listener at localhost/39929] INFO  server.session (HouseKeeper.java:stopScavenging(149)) - node0 Stopped scavenging
2022-08-10 09:21:55,121 [Listener at localhost/39929] INFO  handler.ContextHandler (ContextHandler.java:doStop(1153)) - Stopped o.e.j.s.ServletContextHandler@3e4f326e{static,/static,file:///home/runner/work/ozone/ozone/hadoop-ozone/integration-test/target/test-classes/webapps/static,STOPPED}
2022-08-10 09:21:55,121 [Listener at localhost/39929] INFO  handler.ContextHandler (ContextHandler.java:doStop(1153)) - Stopped o.e.j.s.ServletContextHandler@66c8c875{logs,/logs,file:///home/runner/work/ozone/ozone/hadoop-ozone/integration-test/target/log,STOPPED}
2022-08-10 09:21:55,123 [Listener at localhost/39929] INFO  om.OzoneManager (OzoneManager.java:restart(1559)) - OzoneManager RPC server is listening at localhost/127.0.0.1:38141
2022-08-10 09:21:55,123 [Listener at localhost/39929] INFO  impl.MetricsSystemImpl (MetricsSystemImpl.java:init(158)) - OzoneManager metrics system started (again)
2022-08-10 09:21:55,137 [Listener at localhost/39929] WARN  server.ServerUtils (ServerUtils.java:getDBPath(225)) - ozone.om.db.dirs is not configured. We recommend adding this setting. Falling back to ozone.metadata.dirs instead.
2022-08-10 09:21:55,138 [Listener at localhost/39929] INFO  codec.OmKeyInfoCodec (OmKeyInfoCodec.java:<init>(49)) - OmKeyInfoCodec ignorePipeline = true
2022-08-10 09:21:55,138 [Listener at localhost/39929] INFO  codec.RepeatedOmKeyInfoCodec (RepeatedOmKeyInfoCodec.java:<init>(41)) - RepeatedOmKeyInfoCodec ignorePipeline = true
2022-08-10 09:21:55,186 [Listener at localhost/39929] INFO  om.OzoneManager (OzoneManager.java:instantiateServices(697)) - S3 Multi-Tenancy is disabled
2022-08-10 09:21:55,190 [Listener at localhost/39929] WARN  impl.MetricRegistriesImpl (MetricRegistriesImpl.java:addReporterRegistration(111)) - New reporters are added after registries were created. Some metrics will be missing from the reporter. Please add reporter before adding any new registry.
2022-08-10 09:21:55,190 [Listener at localhost/39929] WARN  impl.MetricRegistriesImpl (MetricRegistriesImpl.java:addReporterRegistration(111)) - New reporters are added after registries were created. Some metrics will be missing from the reporter. Please add reporter before adding any new registry.
2022-08-10 09:21:55,190 [Listener at localhost/39929] WARN  server.ServerUtils (ServerUtils.java:getDefaultRatisDirectory(237)) - Storage directory for Ratis is not configured. It is a good idea to map this to an SSD disk. Falling back to ozone.metadata.dirs
2022-08-10 09:21:55,192 [Listener at localhost/39929] INFO  ratis.OzoneManagerRatisServer (OzoneManagerRatisServer.java:<init>(159)) - Instantiating OM Ratis server with groupID: om-service-test1 and peers: localhost:36767, localhost:34947, localhost:44673
2022-08-10 09:21:55,192 [Listener at localhost/39929] INFO  ratis.OzoneManagerStateMachine (OzoneManagerStateMachine.java:loadSnapshotInfoFromDB(632)) - LastAppliedIndex is set from TransactionInfo from OM DB as (t:3, i:30)
2022-08-10 09:21:55,193 [Listener at localhost/39929] INFO  server.RaftServer (ConfUtils.java:logGet(46)) - raft.rpc.type = GRPC (default)
2022-08-10 09:21:55,193 [Listener at localhost/39929] INFO  grpc.GrpcFactory (GrpcFactory.java:checkPooledByteBufAllocatorUseCacheForAllThreads(48)) - PERFORMANCE WARNING: useCacheForAllThreads is true that may cause Netty to create a lot garbage objects and, as a result, trigger GC.
	It is recommended to disable useCacheForAllThreads by setting -Dorg.apache.ratis.thirdparty.io.netty.allocator.useCacheForAllThreads=false in command line.
2022-08-10 09:21:55,193 [Listener at localhost/39929] INFO  grpc.GrpcConfigKeys (ConfUtils.java:logGet(46)) - raft.grpc.admin.port = -1 (default)
2022-08-10 09:21:55,193 [Listener at localhost/39929] INFO  grpc.GrpcConfigKeys (ConfUtils.java:logGet(46)) - raft.grpc.server.port = 36767 (custom)
2022-08-10 09:21:55,194 [Listener at localhost/39929] INFO  grpc.GrpcConfigKeys (ConfUtils.java:logGet(46)) - raft.grpc.client.port = -1 (default)
2022-08-10 09:21:55,194 [Listener at localhost/39929] INFO  grpc.GrpcConfigKeys (ConfUtils.java:logGet(46)) - raft.grpc.server.port = 36767 (custom)
2022-08-10 09:21:55,194 [Listener at localhost/39929] INFO  grpc.GrpcConfigKeys (ConfUtils.java:logGet(46)) - raft.grpc.server.port = 36767 (custom)
2022-08-10 09:21:55,194 [Listener at localhost/39929] INFO  server.GrpcService (ConfUtils.java:logGet(46)) - raft.grpc.message.size.max = 33554432 (custom)
2022-08-10 09:21:55,194 [Listener at localhost/39929] INFO  server.RaftServerConfigKeys (ConfUtils.java:logGet(46)) - raft.server.log.appender.buffer.byte-limit = 33554432 (custom)
2022-08-10 09:21:55,195 [Listener at localhost/39929] INFO  server.GrpcService (ConfUtils.java:logGet(46)) - raft.grpc.flow.control.window = 1MB (=1048576) (default)
2022-08-10 09:21:55,195 [Listener at localhost/39929] INFO  server.RaftServerConfigKeys (ConfUtils.java:logGet(46)) - raft.server.rpc.request.timeout = 3000ms (default)
2022-08-10 09:21:55,195 [Listener at localhost/39929] INFO  grpc.GrpcConfigKeys (ConfUtils.java:logGet(46)) - raft.grpc.server.async.request.thread.pool.cached = true (default)
2022-08-10 09:21:55,195 [Listener at localhost/39929] INFO  grpc.GrpcConfigKeys (ConfUtils.java:logGet(46)) - raft.grpc.server.async.request.thread.pool.size = 32 (default)
2022-08-10 09:21:55,197 [Listener at localhost/39929] INFO  impl.DataStreamServerImpl (ConfUtils.java:logGet(46)) - raft.datastream.type = DISABLED (default)
2022-08-10 09:21:55,197 [Listener at localhost/39929] INFO  server.RaftServerConfigKeys (ConfUtils.java:logGet(46)) - raft.server.threadpool.proxy.cached = true (default)
2022-08-10 09:21:55,197 [Listener at localhost/39929] INFO  server.RaftServerConfigKeys (ConfUtils.java:logGet(46)) - raft.server.threadpool.proxy.size = 0 (default)
2022-08-10 09:21:55,197 [Listener at localhost/39929] INFO  server.RaftServerConfigKeys (ConfUtils.java:logGet(46)) - raft.server.rpc.slowness.timeout = 2s (custom)
2022-08-10 09:21:55,197 [Listener at localhost/39929] INFO  server.RaftServerConfigKeys (ConfUtils.java:logGet(46)) - raft.server.leaderelection.leader.step-down.wait-time = 10s (default)
2022-08-10 09:21:55,198 [Listener at localhost/39929] INFO  server.RaftServerConfigKeys (ConfUtils.java:logGet(46)) - raft.server.storage.dir = [/home/runner/work/ozone/ozone/hadoop-ozone/integration-test/target/test-dir/MiniOzoneClusterImpl-5b46f7b7-15cd-42ca-88c0-c813cff626ca/omNode-2/ratis] (custom)
2022-08-10 09:21:55,198 [omNode-2-impl-thread1] INFO  server.RaftServer (RaftServerProxy.java:initGroupDir(247)) - omNode-2: found a subdirectory /home/runner/work/ozone/ozone/hadoop-ozone/integration-test/target/test-dir/MiniOzoneClusterImpl-5b46f7b7-15cd-42ca-88c0-c813cff626ca/omNode-2/ratis/c9bc4cf4-3bc3-3c60-a66b-523986131536
2022-08-10 09:21:55,198 [Listener at localhost/39929] INFO  server.RaftServer (RaftServerProxy.java:addNew(96)) - omNode-2: addNew group-523986131536:[omNode-3|rpc:localhost:34947|priority:0, omNode-1|rpc:localhost:44673|priority:0, omNode-2|rpc:localhost:36767|priority:0] returns group-523986131536:java.util.concurrent.CompletableFuture@3677a08a[Not completed]
2022-08-10 09:21:55,199 [pool-280-thread-1] INFO  server.RaftServer$Division (RaftServerImpl.java:<init>(190)) - omNode-2: new RaftServerImpl for group-523986131536:[omNode-3|rpc:localhost:34947|priority:0, omNode-1|rpc:localhost:44673|priority:0, omNode-2|rpc:localhost:36767|priority:0] with OzoneManagerStateMachine:uninitialized
2022-08-10 09:21:55,199 [Listener at localhost/39929] INFO  om.OzoneManager (OzoneManager.java:initializeRatisServer(1963)) - OzoneManager Ratis server initialized at port 36767
2022-08-10 09:21:55,199 [Listener at localhost/39929] INFO  ratis.OzoneManagerRatisServer (OzoneManagerRatisServer.java:start(554)) - Starting OzoneManagerRatisServer omNode-2 at port 36767
2022-08-10 09:21:55,199 [pool-280-thread-1] INFO  server.RaftServerConfigKeys (ConfUtils.java:logGet(46)) - raft.server.rpc.timeout.min = 1s (custom)
2022-08-10 09:21:55,199 [pool-280-thread-1] INFO  server.RaftServerConfigKeys (ConfUtils.java:logGet(46)) - raft.server.rpc.timeout.max = 1200ms (custom)
2022-08-10 09:21:55,199 [pool-280-thread-1] INFO  server.RaftServerConfigKeys (ConfUtils.java:logGet(46)) - raft.server.rpc.sleep.time = 25ms (default)
2022-08-10 09:21:55,199 [pool-280-thread-1] INFO  server.RaftServerConfigKeys (ConfUtils.java:logGet(46)) - raft.server.rpc.slowness.timeout = 2s (custom)
2022-08-10 09:21:55,200 [pool-280-thread-1] INFO  server.RaftServerConfigKeys (ConfUtils.java:logGet(46)) - raft.server.leaderelection.leader.step-down.wait-time = 10s (default)
2022-08-10 09:21:55,200 [pool-280-thread-1] INFO  server.RaftServerConfigKeys (ConfUtils.java:logGet(46)) - raft.server.sleep.deviation.threshold = 300ms (default)
2022-08-10 09:21:55,200 [pool-280-thread-1] INFO  server.RaftServer$Division (ServerState.java:<init>(107)) - omNode-2@group-523986131536: ConfigurationManager, init=-1: [omNode-3|rpc:localhost:34947|priority:0, omNode-1|rpc:localhost:44673|priority:0, omNode-2|rpc:localhost:36767|priority:0], old=null, confs=<EMPTY_MAP>
2022-08-10 09:21:55,200 [pool-280-thread-1] INFO  server.RaftServerConfigKeys (ConfUtils.java:logGet(46)) - raft.server.storage.dir = [/home/runner/work/ozone/ozone/hadoop-ozone/integration-test/target/test-dir/MiniOzoneClusterImpl-5b46f7b7-15cd-42ca-88c0-c813cff626ca/omNode-2/ratis] (custom)
2022-08-10 09:21:55,200 [pool-280-thread-1] INFO  server.RaftServerConfigKeys (ConfUtils.java:logGet(46)) - raft.server.log.corruption.policy = EXCEPTION (default)
2022-08-10 09:21:55,200 [pool-280-thread-1] INFO  server.RaftServerConfigKeys (ConfUtils.java:logGet(46)) - raft.server.storage.free-space.min = 0MB (=0) (default)
2022-08-10 09:21:55,205 [pool-280-thread-1] INFO  storage.RaftStorageDirectory (RaftStorageDirectoryImpl.java:tryLock(230)) - Lock on /home/runner/work/ozone/ozone/hadoop-ozone/integration-test/target/test-dir/MiniOzoneClusterImpl-5b46f7b7-15cd-42ca-88c0-c813cff626ca/omNode-2/ratis/c9bc4cf4-3bc3-3c60-a66b-523986131536/in_use.lock acquired by nodename 28234@fv-az244-795
2022-08-10 09:21:55,205 [pool-280-thread-1] INFO  storage.RaftStorage (RaftStorageImpl.java:analyzeAndRecoverStorage(110)) - Read RaftStorageMetadata{term=3, votedFor=omNode-2} from /home/runner/work/ozone/ozone/hadoop-ozone/integration-test/target/test-dir/MiniOzoneClusterImpl-5b46f7b7-15cd-42ca-88c0-c813cff626ca/omNode-2/ratis/c9bc4cf4-3bc3-3c60-a66b-523986131536/current/raft-meta
2022-08-10 09:21:55,206 [pool-280-thread-1] INFO  server.RaftServer$Division (ServerState.java:setRaftConf(393)) - omNode-2@group-523986131536: set configuration 21: [omNode-3|rpc:localhost:34947|admin:|client:|dataStream:|priority:0, omNode-1|rpc:localhost:44673|admin:|client:|dataStream:|priority:0, omNode-2|rpc:localhost:36767|admin:|client:|dataStream:|priority:0], old=null
2022-08-10 09:21:55,206 [pool-280-thread-1] INFO  server.RaftServerConfigKeys (ConfUtils.java:logGet(46)) - raft.server.notification.no-leader.timeout = 2s (custom)
2022-08-10 09:21:55,206 [pool-280-thread-1] INFO  server.RaftServerConfigKeys (ConfUtils.java:logGet(46)) - raft.server.log.use.memory = false (default)
2022-08-10 09:21:55,206 [pool-280-thread-1] INFO  server.RaftServerConfigKeys (ConfUtils.java:logGet(46)) - raft.server.log.purge.gap = 50 (custom)
2022-08-10 09:21:55,206 [pool-280-thread-1] INFO  server.RaftServerConfigKeys (ConfUtils.java:logGet(46)) - raft.server.log.appender.buffer.byte-limit = 33554432 (custom)
2022-08-10 09:21:55,206 [pool-280-thread-1] INFO  server.RaftServerConfigKeys (ConfUtils.java:logGet(46)) - raft.server.log.statemachine.data.read.timeout = 1000ms (default)
2022-08-10 09:21:55,206 [pool-280-thread-1] INFO  server.RaftServerConfigKeys (ConfUtils.java:logGet(46)) - raft.server.log.segment.size.max = 4194304 (custom)
2022-08-10 09:21:55,207 [pool-280-thread-1] INFO  server.RaftServerConfigKeys (ConfUtils.java:logGet(46)) - raft.server.log.segment.cache.num.max = 2 (custom)
2022-08-10 09:21:55,207 [pool-280-thread-1] INFO  server.RaftServerConfigKeys (ConfUtils.java:logGet(46)) - raft.server.log.segment.cache.size.max = 200MB (=209715200) (default)
2022-08-10 09:21:55,207 [pool-280-thread-1] INFO  segmented.SegmentedRaftLogWorker (SegmentedRaftLogWorker.java:<init>(187)) - new omNode-2@group-523986131536-SegmentedRaftLogWorker for RaftStorageImpl:Storage Directory /home/runner/work/ozone/ozone/hadoop-ozone/integration-test/target/test-dir/MiniOzoneClusterImpl-5b46f7b7-15cd-42ca-88c0-c813cff626ca/omNode-2/ratis/c9bc4cf4-3bc3-3c60-a66b-523986131536
2022-08-10 09:21:55,207 [pool-280-thread-1] INFO  server.RaftServerConfigKeys (ConfUtils.java:logGet(46)) - raft.server.log.queue.byte-limit = 64MB (=67108864) (default)
2022-08-10 09:21:55,207 [pool-280-thread-1] INFO  server.RaftServerConfigKeys (ConfUtils.java:logGet(46)) - raft.server.log.queue.element-limit = 4096 (default)
2022-08-10 09:21:55,207 [pool-280-thread-1] INFO  server.RaftServerConfigKeys (ConfUtils.java:logGet(46)) - raft.server.log.segment.size.max = 4194304 (custom)
2022-08-10 09:21:55,207 [pool-280-thread-1] INFO  server.RaftServerConfigKeys (ConfUtils.java:logGet(46)) - raft.server.log.preallocated.size = 4194304 (custom)
2022-08-10 09:21:55,207 [pool-280-thread-1] INFO  server.RaftServerConfigKeys (ConfUtils.java:logGet(46)) - raft.server.log.force.sync.num = 128 (default)
2022-08-10 09:21:55,207 [pool-280-thread-1] INFO  server.RaftServerConfigKeys (ConfUtils.java:logGet(46)) - raft.server.log.statemachine.data.sync = true (default)
2022-08-10 09:21:55,207 [pool-280-thread-1] INFO  server.RaftServerConfigKeys (ConfUtils.java:logGet(46)) - raft.server.log.statemachine.data.sync.timeout = 10s (default)
2022-08-10 09:21:55,207 [pool-280-thread-1] INFO  server.RaftServerConfigKeys (ConfUtils.java:logGet(46)) - raft.server.log.statemachine.data.sync.timeout.retry = -1 (default)
2022-08-10 09:21:55,208 [pool-280-thread-1] INFO  server.RaftServerConfigKeys (ConfUtils.java:logGet(46)) - raft.server.log.write.buffer.size = 64KB (=65536) (default)
2022-08-10 09:21:55,208 [pool-280-thread-1] INFO  server.RaftServerConfigKeys (ConfUtils.java:logGet(46)) - raft.server.log.unsafe-flush.enabled = false (default)
2022-08-10 09:21:55,208 [pool-280-thread-1] INFO  server.RaftServerConfigKeys (ConfUtils.java:logGet(46)) - raft.server.log.statemachine.data.caching.enabled = false (default)
2022-08-10 09:21:55,209 [pool-280-thread-1] INFO  server.RaftServer$Division (ServerState.java:setRaftConf(393)) - omNode-2@group-523986131536: set configuration 0: [omNode-3|rpc:localhost:34947|admin:|client:|dataStream:|priority:0, omNode-1|rpc:localhost:44673|admin:|client:|dataStream:|priority:0, omNode-2|rpc:localhost:36767|admin:|client:|dataStream:|priority:0], old=null
2022-08-10 09:21:55,210 [pool-280-thread-1] INFO  segmented.LogSegment (LogSegment.java:loadSegment(173)) - Successfully read 21 entries from segment file /home/runner/work/ozone/ozone/hadoop-ozone/integration-test/target/test-dir/MiniOzoneClusterImpl-5b46f7b7-15cd-42ca-88c0-c813cff626ca/omNode-2/ratis/c9bc4cf4-3bc3-3c60-a66b-523986131536/current/log_0-20
2022-08-10 09:21:55,210 [pool-280-thread-1] INFO  server.RaftServer$Division (ServerState.java:setRaftConf(393)) - omNode-2@group-523986131536: set configuration 21: [omNode-3|rpc:localhost:34947|admin:|client:|dataStream:|priority:0, omNode-1|rpc:localhost:44673|admin:|client:|dataStream:|priority:0, omNode-2|rpc:localhost:36767|admin:|client:|dataStream:|priority:0], old=null
2022-08-10 09:21:55,210 [pool-280-thread-1] INFO  segmented.LogSegment (LogSegment.java:loadSegment(173)) - Successfully read 10 entries from segment file /home/runner/work/ozone/ozone/hadoop-ozone/integration-test/target/test-dir/MiniOzoneClusterImpl-5b46f7b7-15cd-42ca-88c0-c813cff626ca/omNode-2/ratis/c9bc4cf4-3bc3-3c60-a66b-523986131536/current/log_inprogress_21
2022-08-10 09:21:55,210 [pool-280-thread-1] INFO  segmented.SegmentedRaftLogWorker (SegmentedRaftLogWorker.java:lambda$new$0(135)) - omNode-2@group-523986131536-SegmentedRaftLogWorker: flushIndex: setUnconditionally 0 -> 30
2022-08-10 09:21:55,210 [pool-280-thread-1] INFO  segmented.SegmentedRaftLogWorker (SegmentedRaftLogWorker.java:lambda$new$0(135)) - omNode-2@group-523986131536-SegmentedRaftLogWorker: safeCacheEvictIndex: setUnconditionally 0 -> 20
2022-08-10 09:21:55,210 [pool-280-thread-1] INFO  raftlog.RaftLog (RaftLogBase.java:lambda$new$0(53)) - omNode-2@group-523986131536-SegmentedRaftLog: commitIndex: updateToMax old=30, new=29, updated? false
2022-08-10 09:21:55,211 [pool-280-thread-1] INFO  server.RaftServerConfigKeys (ConfUtils.java:logGet(46)) - raft.server.snapshot.auto.trigger.enabled = true (custom)
2022-08-10 09:21:55,211 [pool-280-thread-1] INFO  server.RaftServerConfigKeys (ConfUtils.java:logGet(46)) - raft.server.snapshot.auto.trigger.threshold = 50 (custom)
2022-08-10 09:21:55,211 [pool-280-thread-1] INFO  server.RaftServerConfigKeys (ConfUtils.java:logGet(46)) - raft.server.snapshot.retention.file.num = -1 (default)
2022-08-10 09:21:55,211 [pool-280-thread-1] INFO  server.RaftServerConfigKeys (ConfUtils.java:logGet(46)) - raft.server.log.purge.upto.snapshot.index = true (custom)
2022-08-10 09:21:55,211 [pool-280-thread-1] INFO  server.RaftServerConfigKeys (ConfUtils.java:logGet(46)) - raft.server.retrycache.expirytime = 30000ms (custom)
2022-08-10 09:21:55,211 [pool-280-thread-1] INFO  server.RaftServerConfigKeys (ConfUtils.java:logGet(46)) - raft.server.retrycache.statistics.expirytime = 100μs (default)
2022-08-10 09:21:55,212 [pool-280-thread-1] INFO  server.RaftServerConfigKeys (ConfUtils.java:logGet(46)) - raft.server.log.appender.install.snapshot.enabled = false (custom)
2022-08-10 09:21:55,212 [pool-280-thread-1] INFO  server.RaftServerConfigKeys (ConfUtils.java:logGet(46)) - raft.server.threadpool.server.cached = true (default)
2022-08-10 09:21:55,212 [pool-280-thread-1] INFO  server.RaftServerConfigKeys (ConfUtils.java:logGet(46)) - raft.server.threadpool.server.size = 0 (default)
2022-08-10 09:21:55,213 [pool-280-thread-1] INFO  server.RaftServerConfigKeys (ConfUtils.java:logGet(46)) - raft.server.threadpool.client.cached = true (default)
2022-08-10 09:21:55,213 [pool-280-thread-1] INFO  server.RaftServerConfigKeys (ConfUtils.java:logGet(46)) - raft.server.threadpool.client.size = 0 (default)
2022-08-10 09:21:55,215 [omNode-2-impl-thread1] INFO  server.RaftServer$Division (RaftServerImpl.java:start(310)) - omNode-2@group-523986131536: start as a follower, conf=21: [omNode-3|rpc:localhost:34947|admin:|client:|dataStream:|priority:0, omNode-1|rpc:localhost:44673|admin:|client:|dataStream:|priority:0, omNode-2|rpc:localhost:36767|admin:|client:|dataStream:|priority:0], old=null
2022-08-10 09:21:55,215 [omNode-2-impl-thread1] INFO  server.RaftServer$Division (RaftServerImpl.java:setRole(299)) - omNode-2@group-523986131536: changes role from      null to FOLLOWER at term 3 for startAsFollower
2022-08-10 09:21:55,215 [omNode-2-impl-thread1] INFO  impl.RoleInfo (RoleInfo.java:updateAndGet(139)) - omNode-2: start omNode-2@group-523986131536-FollowerState
2022-08-10 09:21:55,215 [omNode-2-impl-thread1] INFO  util.JmxRegister (JmxRegister.java:tryRegister(44)) - Successfully registered JMX Bean with object name Ratis:service=RaftServer,group=group-523986131536,id=omNode-2
2022-08-10 09:21:55,216 [Listener at localhost/39929] INFO  server.RaftServer (RaftServerProxy.java:lambda$start$6(382)) - omNode-2: start RPC server
2022-08-10 09:21:55,218 [Listener at localhost/39929] INFO  server.GrpcService (GrpcService.java:startImpl(260)) - omNode-2: GrpcService started, listening on 36767
2022-08-10 09:21:55,219 [Listener at localhost/39929] INFO  om.OzoneManager (OzoneManager.java:getRpcServer(1086)) - Creating RPC Server
2022-08-10 09:21:55,219 [org.apache.ratis.util.JvmPauseMonitor$$Lambda$696/1259104175@695fd7e] INFO  util.JvmPauseMonitor (JvmPauseMonitor.java:run(103)) - JvmPauseMonitor-omNode-2: Started
2022-08-10 09:21:55,562 [Listener at localhost/39929] INFO  reflections.Reflections (Reflections.java:scan(232)) - Reflections took 342 ms to scan 19 urls, producing 67 keys and 4150 values [using 2 cores]
2022-08-10 09:21:55,563 [Listener at localhost/39929] INFO  ipc.CallQueueManager (CallQueueManager.java:<init>(90)) - Using callQueue: class java.util.concurrent.LinkedBlockingQueue, queueCapacity: 2000, scheduler: class org.apache.hadoop.ipc.DefaultRpcScheduler, ipcBackoff: false.
2022-08-10 09:21:55,564 [Socket Reader #1 for port 38141] INFO  ipc.Server (Server.java:run(1265)) - Starting Socket Reader #1 for port 38141
2022-08-10 09:21:55,567 [Listener at localhost/38141] INFO  http.BaseHttpServer (BaseHttpServer.java:newHttpServer2BuilderForOzone(209)) - Starting Web-server for ozoneManager at: http://0.0.0.0:45427
2022-08-10 09:21:55,568 [Listener at localhost/38141] INFO  http.BaseHttpServer (BaseHttpServer.java:<init>(107)) - Hadoop Security Enabled: false Ozone Security Enabled: false Ozone HTTP Security Enabled: false 
2022-08-10 09:21:55,569 [Listener at localhost/38141] INFO  server.AuthenticationFilter (AuthenticationFilter.java:constructSecretProvider(240)) - Unable to initialize FileSignerSecretProvider, falling back to use random secrets.
2022-08-10 09:21:55,570 [Listener at localhost/38141] WARN  http.HttpRequestLog (HttpRequestLog.java:getRequestLog(103)) - Jetty request log can only be enabled using Log4j
2022-08-10 09:21:55,571 [Listener at localhost/38141] INFO  http.HttpServer2 (HttpServer2.java:addGlobalFilter(1029)) - Added global filter 'safety' (class=org.apache.hadoop.hdds.server.http.HttpServer2$QuotingInputFilter)
2022-08-10 09:21:55,572 [Listener at localhost/38141] INFO  http.HttpServer2 (HttpServer2.java:addFilter(1005)) - Added filter static_user_filter (class=org.apache.hadoop.http.lib.StaticUserWebFilter$StaticUserFilter) to context ozoneManager
2022-08-10 09:21:55,572 [Listener at localhost/38141] INFO  http.HttpServer2 (HttpServer2.java:addFilter(1013)) - Added filter static_user_filter (class=org.apache.hadoop.http.lib.StaticUserWebFilter$StaticUserFilter) to context static
2022-08-10 09:21:55,572 [Listener at localhost/38141] INFO  http.HttpServer2 (HttpServer2.java:addFilter(1013)) - Added filter static_user_filter (class=org.apache.hadoop.http.lib.StaticUserWebFilter$StaticUserFilter) to context logs
2022-08-10 09:21:55,573 [Listener at localhost/38141] INFO  http.HttpServer2 (HttpServer2.java:bindListener(1248)) - Jetty bound to port 45427
2022-08-10 09:21:55,573 [Listener at localhost/38141] INFO  server.Server (Server.java:doStart(375)) - jetty-9.4.43.v20210629; built: 2021-06-30T11:07:22.254Z; git: 526006ecfa3af7f1a27ef3a288e2bef7ea9dd7e8; jvm 1.8.0_332-b09
2022-08-10 09:21:55,574 [Listener at localhost/38141] INFO  server.session (DefaultSessionIdManager.java:doStart(334)) - DefaultSessionIdManager workerName=node0
2022-08-10 09:21:55,575 [Listener at localhost/38141] INFO  server.session (DefaultSessionIdManager.java:doStart(339)) - No SessionScavenger set, using defaults
2022-08-10 09:21:55,575 [Listener at localhost/38141] INFO  server.session (HouseKeeper.java:startScavenging(132)) - node0 Scavenging every 600000ms
2022-08-10 09:21:55,576 [Listener at localhost/38141] INFO  handler.ContextHandler (ContextHandler.java:doStart(915)) - Started o.e.j.s.ServletContextHandler@10aa5f84{logs,/logs,file:///home/runner/work/ozone/ozone/hadoop-ozone/integration-test/target/log,AVAILABLE}
2022-08-10 09:21:55,576 [Listener at localhost/38141] INFO  handler.ContextHandler (ContextHandler.java:doStart(915)) - Started o.e.j.s.ServletContextHandler@9bb83fc{static,/static,file:///home/runner/work/ozone/ozone/hadoop-ozone/integration-test/target/test-classes/webapps/static,AVAILABLE}
2022-08-10 09:21:55,580 [Listener at localhost/38141] INFO  handler.ContextHandler (ContextHandler.java:doStart(915)) - Started o.e.j.w.WebAppContext@4120dd8d{ozoneManager,/,file:///home/runner/work/ozone/ozone/hadoop-ozone/integration-test/target/test-classes/webapps/ozoneManager/,AVAILABLE}{file:/home/runner/work/ozone/ozone/hadoop-ozone/integration-test/target/test-classes/webapps/ozoneManager}
2022-08-10 09:21:55,583 [Listener at localhost/38141] INFO  server.AbstractConnector (AbstractConnector.java:doStart(331)) - Started ServerConnector@715d7bbc{HTTP/1.1, (http/1.1)}{0.0.0.0:45427}
2022-08-10 09:21:55,584 [Listener at localhost/38141] INFO  server.Server (Server.java:doStart(415)) - Started @43033ms
2022-08-10 09:21:55,584 [Listener at localhost/38141] WARN  impl.MetricsSystemImpl (MetricsSystemImpl.java:register(279)) - Sink prometheus already exists!
2022-08-10 09:21:55,584 [Listener at localhost/38141] INFO  http.BaseHttpServer (BaseHttpServer.java:updateConnectorAddress(329)) - HTTP server of ozoneManager listening at http://0.0.0.0:45427
2022-08-10 09:21:55,585 [IPC Server Responder] INFO  ipc.Server (Server.java:run(1507)) - IPC Server Responder: starting
2022-08-10 09:21:55,585 [IPC Server listener on 38141] INFO  ipc.Server (Server.java:run(1344)) - IPC Server listener on 38141: starting
2022-08-10 09:21:55,595 [Listener at localhost/38141] INFO  om.OzoneManager (OzoneManager.java:startTrashEmptier(1907)) - Trash Interval set to 0. Files deleted won't move to trash
2022-08-10 09:21:55,595 [org.apache.hadoop.util.JvmPauseMonitor$Monitor@6b65d329] INFO  util.JvmPauseMonitor (JvmPauseMonitor.java:run(188)) - Starting JVM pause monitor
]]></system-out>
  </testcase>
  <testcase name="testListParts" classname="org.apache.hadoop.ozone.om.TestOzoneManagerHAWithData" time="12.801">
    <system-out><![CDATA[2022-08-10 09:21:55,623 [Listener at localhost/38141] INFO  rpc.RpcClient (RpcClient.java:createVolume(471)) - Creating Volume: volume35780, with user82509 as owner and space quota set to -1 bytes, counts quota set to -1
2022-08-10 09:21:55,624 [Listener at localhost/38141] INFO  retry.RetryInvocationHandler (RetryInvocationHandler.java:log(411)) - com.google.protobuf.ServiceException: java.io.EOFException: End of File Exception between local host is: "fv-az244-795/10.1.0.9"; destination host is: "localhost":38141; : java.io.EOFException; For more details see:  http://wiki.apache.org/hadoop/EOFException, while invoking $Proxy55.submitRequest over nodeId=omNode-2,nodeAddress=127.0.0.1:38141. Trying to failover immediately.
2022-08-10 09:21:55,636 [Listener at localhost/38141] INFO  retry.RetryInvocationHandler (RetryInvocationHandler.java:log(411)) - com.google.protobuf.ServiceException: org.apache.hadoop.ipc.RemoteException(org.apache.hadoop.ozone.om.exceptions.OMNotLeaderException): OM:omNode-3 is not the leader. Could not determine the leader node.
	at org.apache.hadoop.ozone.om.OzoneManager.checkLeaderStatus(OzoneManager.java:4015)
	at org.apache.hadoop.ozone.om.ratis.utils.OzoneManagerRatisUtils.checkLeaderStatus(OzoneManagerRatisUtils.java:446)
	at org.apache.hadoop.ozone.protocolPB.OzoneManagerProtocolServerSideTranslatorPB.processRequest(OzoneManagerProtocolServerSideTranslatorPB.java:181)
	at org.apache.hadoop.hdds.server.OzoneProtocolMessageDispatcher.processRequest(OzoneProtocolMessageDispatcher.java:87)
	at org.apache.hadoop.ozone.protocolPB.OzoneManagerProtocolServerSideTranslatorPB.submitRequest(OzoneManagerProtocolServerSideTranslatorPB.java:147)
	at org.apache.hadoop.ozone.protocol.proto.OzoneManagerProtocolProtos$OzoneManagerService$2.callBlockingMethod(OzoneManagerProtocolProtos.java)
	at org.apache.hadoop.ipc.ProtobufRpcEngine$Server.processCall(ProtobufRpcEngine.java:466)
	at org.apache.hadoop.ipc.ProtobufRpcEngine2$Server$ProtoBufRpcInvoker.call(ProtobufRpcEngine2.java:574)
	at org.apache.hadoop.ipc.ProtobufRpcEngine2$Server$ProtoBufRpcInvoker.call(ProtobufRpcEngine2.java:552)
	at org.apache.hadoop.ipc.RPC$Server.call(RPC.java:1093)
	at org.apache.hadoop.ipc.Server$RpcCall.run(Server.java:1035)
	at org.apache.hadoop.ipc.Server$RpcCall.run(Server.java:963)
	at java.security.AccessController.doPrivileged(Native Method)
	at javax.security.auth.Subject.doAs(Subject.java:422)
	at org.apache.hadoop.security.UserGroupInformation.doAs(UserGroupInformation.java:1878)
	at org.apache.hadoop.ipc.Server$Handler.run(Server.java:2966)
, while invoking $Proxy55.submitRequest over nodeId=omNode-3,nodeAddress=127.0.0.1:36235 after 1 failover attempts. Trying to failover after sleeping for 2000ms.
2022-08-10 09:21:56,306 [omNode-2@group-523986131536-FollowerState] INFO  impl.FollowerState (FollowerState.java:run(143)) - omNode-2@group-523986131536-FollowerState: change to CANDIDATE, lastRpcElapsedTime:1091523999ns, electionTimeout:1091ms
2022-08-10 09:21:56,307 [omNode-2@group-523986131536-FollowerState] INFO  impl.RoleInfo (RoleInfo.java:shutdownFollowerState(110)) - omNode-2: shutdown omNode-2@group-523986131536-FollowerState
2022-08-10 09:21:56,307 [omNode-2@group-523986131536-FollowerState] INFO  server.RaftServer$Division (RaftServerImpl.java:setRole(299)) - omNode-2@group-523986131536: changes role from  FOLLOWER to CANDIDATE at term 3 for changeToCandidate
2022-08-10 09:21:56,307 [omNode-2@group-523986131536-FollowerState] INFO  server.RaftServerConfigKeys (ConfUtils.java:logGet(46)) - raft.server.leaderelection.pre-vote = false (custom)
2022-08-10 09:21:56,307 [omNode-2@group-523986131536-FollowerState] INFO  impl.RoleInfo (RoleInfo.java:updateAndGet(139)) - omNode-2: start omNode-2@group-523986131536-LeaderElection17
2022-08-10 09:21:56,312 [omNode-2@group-523986131536-LeaderElection17] INFO  impl.LeaderElection (LeaderElection.java:askForVotes(310)) - omNode-2@group-523986131536-LeaderElection17 ELECTION round 0: submit vote requests at term 4 for 21: [omNode-3|rpc:localhost:34947|admin:|client:|dataStream:|priority:0, omNode-1|rpc:localhost:44673|admin:|client:|dataStream:|priority:0, omNode-2|rpc:localhost:36767|admin:|client:|dataStream:|priority:0], old=null
2022-08-10 09:21:56,320 [grpc-default-executor-0] INFO  server.RaftServer$Division (RaftServerImpl.java:requestVote(1152)) - omNode-3@group-523986131536: receive requestVote(ELECTION, omNode-2, group-523986131536, 4, (t:3, i:30))
2022-08-10 09:21:56,321 [grpc-default-executor-0] INFO  impl.VoteContext (VoteContext.java:log(48)) - omNode-3@group-523986131536-FOLLOWER: accept ELECTION from omNode-2: our priority 0 <= candidate's priority 0
2022-08-10 09:21:56,321 [grpc-default-executor-0] INFO  server.RaftServer$Division (ServerState.java:setLeader(287)) - omNode-3@group-523986131536: change Leader from omNode-2 to null at term 4 for updateCurrentTerm
2022-08-10 09:21:56,321 [grpc-default-executor-0] INFO  server.RaftServer$Division (RaftServerImpl.java:setRole(299)) - omNode-3@group-523986131536: changes role from  FOLLOWER to FOLLOWER at term 4 for candidate:omNode-2
2022-08-10 09:21:56,321 [grpc-default-executor-0] INFO  impl.RoleInfo (RoleInfo.java:shutdownFollowerState(110)) - omNode-3: shutdown omNode-3@group-523986131536-FollowerState
2022-08-10 09:21:56,321 [grpc-default-executor-0] INFO  impl.RoleInfo (RoleInfo.java:updateAndGet(139)) - omNode-3: start omNode-3@group-523986131536-FollowerState
2022-08-10 09:21:56,321 [omNode-3@group-523986131536-FollowerState] INFO  impl.FollowerState (FollowerState.java:run(152)) - omNode-3@group-523986131536-FollowerState was interrupted
2022-08-10 09:21:56,323 [grpc-default-executor-1] INFO  server.RaftServer$Division (RaftServerImpl.java:requestVote(1152)) - omNode-1@group-523986131536: receive requestVote(ELECTION, omNode-2, group-523986131536, 4, (t:3, i:30))
2022-08-10 09:21:56,323 [grpc-default-executor-1] INFO  impl.VoteContext (VoteContext.java:log(48)) - omNode-1@group-523986131536-FOLLOWER: accept ELECTION from omNode-2: our priority 0 <= candidate's priority 0
2022-08-10 09:21:56,323 [grpc-default-executor-1] INFO  server.RaftServer$Division (ServerState.java:setLeader(287)) - omNode-1@group-523986131536: change Leader from omNode-2 to null at term 4 for updateCurrentTerm
2022-08-10 09:21:56,323 [grpc-default-executor-1] INFO  server.RaftServer$Division (RaftServerImpl.java:setRole(299)) - omNode-1@group-523986131536: changes role from  FOLLOWER to FOLLOWER at term 4 for candidate:omNode-2
2022-08-10 09:21:56,323 [grpc-default-executor-1] INFO  impl.RoleInfo (RoleInfo.java:shutdownFollowerState(110)) - omNode-1: shutdown omNode-1@group-523986131536-FollowerState
2022-08-10 09:21:56,323 [grpc-default-executor-1] INFO  impl.RoleInfo (RoleInfo.java:updateAndGet(139)) - omNode-1: start omNode-1@group-523986131536-FollowerState
2022-08-10 09:21:56,323 [omNode-1@group-523986131536-FollowerState] INFO  impl.FollowerState (FollowerState.java:run(152)) - omNode-1@group-523986131536-FollowerState was interrupted
2022-08-10 09:21:56,326 [grpc-default-executor-0] INFO  server.RaftServer$Division (RaftServerImpl.java:requestVote(1184)) - omNode-3@group-523986131536 replies to ELECTION vote request: omNode-2<-omNode-3#0:OK-t4. Peer's state: omNode-3@group-523986131536:t4, leader=null, voted=omNode-2, raftlog=omNode-3@group-523986131536-SegmentedRaftLog:OPENED:c30, conf=21: [omNode-3|rpc:localhost:34947|admin:|client:|dataStream:|priority:0, omNode-1|rpc:localhost:44673|admin:|client:|dataStream:|priority:0, omNode-2|rpc:localhost:36767|admin:|client:|dataStream:|priority:0], old=null
2022-08-10 09:21:56,326 [grpc-default-executor-1] INFO  server.RaftServer$Division (RaftServerImpl.java:requestVote(1184)) - omNode-1@group-523986131536 replies to ELECTION vote request: omNode-2<-omNode-1#0:OK-t4. Peer's state: omNode-1@group-523986131536:t4, leader=null, voted=omNode-2, raftlog=omNode-1@group-523986131536-SegmentedRaftLog:OPENED:c30, conf=21: [omNode-3|rpc:localhost:34947|admin:|client:|dataStream:|priority:0, omNode-1|rpc:localhost:44673|admin:|client:|dataStream:|priority:0, omNode-2|rpc:localhost:36767|admin:|client:|dataStream:|priority:0], old=null
2022-08-10 09:21:56,327 [omNode-2@group-523986131536-LeaderElection17] INFO  impl.LeaderElection (LeaderElection.java:logAndReturn(90)) - omNode-2@group-523986131536-LeaderElection17: ELECTION PASSED received 1 response(s) and 0 exception(s):
2022-08-10 09:21:56,327 [omNode-2@group-523986131536-LeaderElection17] INFO  impl.LeaderElection (LeaderElection.java:logAndReturn(94)) -   Response 0: omNode-2<-omNode-3#0:OK-t4
2022-08-10 09:21:56,327 [omNode-2@group-523986131536-LeaderElection17] INFO  impl.LeaderElection (LeaderElection.java:askForVotes(312)) - omNode-2@group-523986131536-LeaderElection17 ELECTION round 0: result PASSED
2022-08-10 09:21:56,327 [omNode-2@group-523986131536-LeaderElection17] INFO  impl.RoleInfo (RoleInfo.java:shutdownLeaderElection(130)) - omNode-2: shutdown omNode-2@group-523986131536-LeaderElection17
2022-08-10 09:21:56,328 [omNode-2@group-523986131536-LeaderElection17] INFO  server.RaftServer$Division (RaftServerImpl.java:setRole(299)) - omNode-2@group-523986131536: changes role from CANDIDATE to LEADER at term 4 for changeToLeader
2022-08-10 09:21:56,328 [omNode-2@group-523986131536-LeaderElection17] INFO  server.RaftServer$Division (ServerState.java:setLeader(287)) - omNode-2@group-523986131536: change Leader from null to omNode-2 at term 4 for becomeLeader, leader elected after 1121ms
2022-08-10 09:21:56,328 [omNode-2@group-523986131536-LeaderElection17] INFO  server.RaftServerConfigKeys (ConfUtils.java:logGet(46)) - raft.server.staging.catchup.gap = 1000 (default)
2022-08-10 09:21:56,329 [omNode-2@group-523986131536-LeaderElection17] INFO  server.RaftServerConfigKeys (ConfUtils.java:logGet(46)) - raft.server.write.element-limit = 4096 (default)
2022-08-10 09:21:56,329 [omNode-2@group-523986131536-LeaderElection17] INFO  server.RaftServerConfigKeys (ConfUtils.java:logGet(46)) - raft.server.write.byte-limit = 64MB (=67108864) (default)
2022-08-10 09:21:56,329 [omNode-2@group-523986131536-LeaderElection17] INFO  server.RaftServerConfigKeys (ConfUtils.java:logGet(46)) - raft.server.watch.timeout = 10s (default)
2022-08-10 09:21:56,329 [omNode-2@group-523986131536-LeaderElection17] INFO  server.RaftServerConfigKeys (ConfUtils.java:logGet(46)) - raft.server.watch.timeout.denomination = 1s (default)
2022-08-10 09:21:56,329 [omNode-2@group-523986131536-LeaderElection17] INFO  server.RaftServerConfigKeys (ConfUtils.java:logGet(46)) - raft.server.watch.element-limit = 65536 (default)
2022-08-10 09:21:56,330 [omNode-2@group-523986131536-LeaderElection17] INFO  server.RaftServerConfigKeys (ConfUtils.java:logGet(46)) - raft.server.write.element-limit = 4096 (default)
2022-08-10 09:21:56,330 [omNode-2@group-523986131536-LeaderElection17] INFO  server.RaftServerConfigKeys (ConfUtils.java:logGet(46)) - raft.server.write.follower.gap.ratio.max = -1.0 (default)
2022-08-10 09:21:56,330 [omNode-2@group-523986131536-LeaderElection17] INFO  server.RaftServerConfigKeys (ConfUtils.java:logGet(46)) - raft.server.log.appender.snapshot.chunk.size.max = 16MB (=16777216) (default)
2022-08-10 09:21:56,331 [omNode-2@group-523986131536-LeaderElection17] INFO  server.RaftServerConfigKeys (ConfUtils.java:logGet(46)) - raft.server.log.appender.buffer.byte-limit = 33554432 (custom)
2022-08-10 09:21:56,331 [omNode-2@group-523986131536-LeaderElection17] INFO  server.RaftServerConfigKeys (ConfUtils.java:logGet(46)) - raft.server.log.appender.buffer.element-limit = 1024 (custom)
2022-08-10 09:21:56,331 [omNode-2@group-523986131536-LeaderElection17] INFO  grpc.GrpcConfigKeys (ConfUtils.java:logGet(46)) - raft.grpc.server.leader.outstanding.appends.max = 128 (default)
2022-08-10 09:21:56,331 [omNode-2@group-523986131536-LeaderElection17] INFO  server.RaftServerConfigKeys (ConfUtils.java:logGet(46)) - raft.server.rpc.request.timeout = 3000ms (default)
2022-08-10 09:21:56,331 [omNode-2@group-523986131536-LeaderElection17] INFO  server.RaftServerConfigKeys (ConfUtils.java:logGet(46)) - raft.server.log.appender.install.snapshot.enabled = false (custom)
2022-08-10 09:21:56,332 [omNode-2@group-523986131536-LeaderElection17] INFO  server.RaftServerConfigKeys (ConfUtils.java:logGet(46)) - raft.server.log.appender.snapshot.chunk.size.max = 16MB (=16777216) (default)
2022-08-10 09:21:56,332 [omNode-2@group-523986131536-LeaderElection17] INFO  server.RaftServerConfigKeys (ConfUtils.java:logGet(46)) - raft.server.log.appender.buffer.byte-limit = 33554432 (custom)
2022-08-10 09:21:56,332 [omNode-2@group-523986131536-LeaderElection17] INFO  server.RaftServerConfigKeys (ConfUtils.java:logGet(46)) - raft.server.log.appender.buffer.element-limit = 1024 (custom)
2022-08-10 09:21:56,332 [omNode-2@group-523986131536-LeaderElection17] INFO  grpc.GrpcConfigKeys (ConfUtils.java:logGet(46)) - raft.grpc.server.leader.outstanding.appends.max = 128 (default)
2022-08-10 09:21:56,333 [omNode-2@group-523986131536-LeaderElection17] INFO  server.RaftServerConfigKeys (ConfUtils.java:logGet(46)) - raft.server.rpc.request.timeout = 3000ms (default)
2022-08-10 09:21:56,333 [omNode-2@group-523986131536-LeaderElection17] INFO  server.RaftServerConfigKeys (ConfUtils.java:logGet(46)) - raft.server.log.appender.install.snapshot.enabled = false (custom)
2022-08-10 09:21:56,333 [omNode-2@group-523986131536-LeaderElection17] INFO  impl.RoleInfo (RoleInfo.java:updateAndGet(139)) - omNode-2: start omNode-2@group-523986131536-LeaderStateImpl
2022-08-10 09:21:56,333 [omNode-2@group-523986131536-LeaderElection17] INFO  segmented.SegmentedRaftLogWorker (SegmentedRaftLogWorker.java:rollLogSegment(430)) - omNode-2@group-523986131536-SegmentedRaftLogWorker: Rolling segment log-21_30 to index:30
2022-08-10 09:21:56,349 [omNode-3-server-thread1] INFO  server.RaftServer$Division (ServerState.java:setLeader(287)) - omNode-3@group-523986131536: change Leader from null to omNode-2 at term 4 for appendEntries, leader elected after 27ms
2022-08-10 09:21:56,353 [omNode-2@group-523986131536-LeaderElection17] INFO  server.RaftServer$Division (ServerState.java:setRaftConf(393)) - omNode-2@group-523986131536: set configuration 31: [omNode-3|rpc:localhost:34947|admin:|client:|dataStream:|priority:0, omNode-1|rpc:localhost:44673|admin:|client:|dataStream:|priority:0, omNode-2|rpc:localhost:36767|admin:|client:|dataStream:|priority:0], old=null
2022-08-10 09:21:56,353 [omNode-2@group-523986131536-SegmentedRaftLogWorker] INFO  segmented.SegmentedRaftLogWorker (SegmentedRaftLogWorker.java:execute(586)) - omNode-2@group-523986131536-SegmentedRaftLogWorker: Rolled log segment from /home/runner/work/ozone/ozone/hadoop-ozone/integration-test/target/test-dir/MiniOzoneClusterImpl-5b46f7b7-15cd-42ca-88c0-c813cff626ca/omNode-2/ratis/c9bc4cf4-3bc3-3c60-a66b-523986131536/current/log_inprogress_21 to /home/runner/work/ozone/ozone/hadoop-ozone/integration-test/target/test-dir/MiniOzoneClusterImpl-5b46f7b7-15cd-42ca-88c0-c813cff626ca/omNode-2/ratis/c9bc4cf4-3bc3-3c60-a66b-523986131536/current/log_21-30
2022-08-10 09:21:56,353 [omNode-3-server-thread1] INFO  server.RaftServer$Division (ServerState.java:setRaftConf(393)) - omNode-3@group-523986131536: set configuration 31: [omNode-3|rpc:localhost:34947|admin:|client:|dataStream:|priority:0, omNode-1|rpc:localhost:44673|admin:|client:|dataStream:|priority:0, omNode-2|rpc:localhost:36767|admin:|client:|dataStream:|priority:0], old=null
2022-08-10 09:21:56,354 [omNode-3-server-thread1] INFO  segmented.SegmentedRaftLogWorker (SegmentedRaftLogWorker.java:rollLogSegment(430)) - omNode-3@group-523986131536-SegmentedRaftLogWorker: Rolling segment log-21_30 to index:30
2022-08-10 09:21:56,356 [omNode-1-server-thread1] INFO  server.RaftServer$Division (ServerState.java:setLeader(287)) - omNode-1@group-523986131536: change Leader from null to omNode-2 at term 4 for appendEntries, leader elected after 33ms
2022-08-10 09:21:56,362 [omNode-3@group-523986131536-SegmentedRaftLogWorker] INFO  segmented.SegmentedRaftLogWorker (SegmentedRaftLogWorker.java:execute(586)) - omNode-3@group-523986131536-SegmentedRaftLogWorker: Rolled log segment from /home/runner/work/ozone/ozone/hadoop-ozone/integration-test/target/test-dir/MiniOzoneClusterImpl-5b46f7b7-15cd-42ca-88c0-c813cff626ca/omNode-3/ratis/c9bc4cf4-3bc3-3c60-a66b-523986131536/current/log_inprogress_21 to /home/runner/work/ozone/ozone/hadoop-ozone/integration-test/target/test-dir/MiniOzoneClusterImpl-5b46f7b7-15cd-42ca-88c0-c813cff626ca/omNode-3/ratis/c9bc4cf4-3bc3-3c60-a66b-523986131536/current/log_21-30
2022-08-10 09:21:56,367 [omNode-1-server-thread1] INFO  server.RaftServer$Division (ServerState.java:setRaftConf(393)) - omNode-1@group-523986131536: set configuration 31: [omNode-3|rpc:localhost:34947|admin:|client:|dataStream:|priority:0, omNode-1|rpc:localhost:44673|admin:|client:|dataStream:|priority:0, omNode-2|rpc:localhost:36767|admin:|client:|dataStream:|priority:0], old=null
2022-08-10 09:21:56,368 [omNode-1-server-thread1] INFO  segmented.SegmentedRaftLogWorker (SegmentedRaftLogWorker.java:rollLogSegment(430)) - omNode-1@group-523986131536-SegmentedRaftLogWorker: Rolling segment log-21_30 to index:30
2022-08-10 09:21:56,369 [omNode-1@group-523986131536-SegmentedRaftLogWorker] INFO  segmented.SegmentedRaftLogWorker (SegmentedRaftLogWorker.java:execute(586)) - omNode-1@group-523986131536-SegmentedRaftLogWorker: Rolled log segment from /home/runner/work/ozone/ozone/hadoop-ozone/integration-test/target/test-dir/MiniOzoneClusterImpl-5b46f7b7-15cd-42ca-88c0-c813cff626ca/omNode-1/ratis/c9bc4cf4-3bc3-3c60-a66b-523986131536/current/log_inprogress_21 to /home/runner/work/ozone/ozone/hadoop-ozone/integration-test/target/test-dir/MiniOzoneClusterImpl-5b46f7b7-15cd-42ca-88c0-c813cff626ca/omNode-1/ratis/c9bc4cf4-3bc3-3c60-a66b-523986131536/current/log_21-30
2022-08-10 09:21:56,373 [omNode-2@group-523986131536-SegmentedRaftLogWorker] INFO  segmented.SegmentedRaftLogWorker (SegmentedRaftLogWorker.java:execute(629)) - omNode-2@group-523986131536-SegmentedRaftLogWorker: created new log segment /home/runner/work/ozone/ozone/hadoop-ozone/integration-test/target/test-dir/MiniOzoneClusterImpl-5b46f7b7-15cd-42ca-88c0-c813cff626ca/omNode-2/ratis/c9bc4cf4-3bc3-3c60-a66b-523986131536/current/log_inprogress_31
2022-08-10 09:21:56,384 [omNode-3@group-523986131536-SegmentedRaftLogWorker] INFO  segmented.SegmentedRaftLogWorker (SegmentedRaftLogWorker.java:execute(629)) - omNode-3@group-523986131536-SegmentedRaftLogWorker: created new log segment /home/runner/work/ozone/ozone/hadoop-ozone/integration-test/target/test-dir/MiniOzoneClusterImpl-5b46f7b7-15cd-42ca-88c0-c813cff626ca/omNode-3/ratis/c9bc4cf4-3bc3-3c60-a66b-523986131536/current/log_inprogress_31
2022-08-10 09:21:56,384 [omNode-1@group-523986131536-SegmentedRaftLogWorker] INFO  segmented.SegmentedRaftLogWorker (SegmentedRaftLogWorker.java:execute(629)) - omNode-1@group-523986131536-SegmentedRaftLogWorker: created new log segment /home/runner/work/ozone/ozone/hadoop-ozone/integration-test/target/test-dir/MiniOzoneClusterImpl-5b46f7b7-15cd-42ca-88c0-c813cff626ca/omNode-1/ratis/c9bc4cf4-3bc3-3c60-a66b-523986131536/current/log_inprogress_31
2022-08-10 09:21:56,388 [omNode-2@group-523986131536-StateMachineUpdater] INFO  ratis.OzoneManagerStateMachine (OzoneManagerStateMachine.java:notifyConfigurationChanged(192)) - Received Configuration change notification from Ratis. New Peer list:
[id: "omNode-3"
address: "localhost:34947"
, id: "omNode-1"
address: "localhost:44673"
, id: "omNode-2"
address: "localhost:36767"
]
2022-08-10 09:21:56,392 [omNode-3@group-523986131536-StateMachineUpdater] INFO  ratis.OzoneManagerStateMachine (OzoneManagerStateMachine.java:notifyConfigurationChanged(192)) - Received Configuration change notification from Ratis. New Peer list:
[id: "omNode-3"
address: "localhost:34947"
, id: "omNode-1"
address: "localhost:44673"
, id: "omNode-2"
address: "localhost:36767"
]
2022-08-10 09:21:56,393 [omNode-1@group-523986131536-StateMachineUpdater] INFO  ratis.OzoneManagerStateMachine (OzoneManagerStateMachine.java:notifyConfigurationChanged(192)) - Received Configuration change notification from Ratis. New Peer list:
[id: "omNode-3"
address: "localhost:34947"
, id: "omNode-1"
address: "localhost:44673"
, id: "omNode-2"
address: "localhost:36767"
]
2022-08-10 09:21:57,643 [Listener at localhost/38141] INFO  retry.RetryInvocationHandler (RetryInvocationHandler.java:log(411)) - com.google.protobuf.ServiceException: org.apache.hadoop.ipc.RemoteException(org.apache.hadoop.ozone.om.exceptions.OMNotLeaderException): OM:omNode-1 is not the leader. Could not determine the leader node.
	at org.apache.hadoop.ozone.om.OzoneManager.checkLeaderStatus(OzoneManager.java:4015)
	at org.apache.hadoop.ozone.om.ratis.utils.OzoneManagerRatisUtils.checkLeaderStatus(OzoneManagerRatisUtils.java:446)
	at org.apache.hadoop.ozone.protocolPB.OzoneManagerProtocolServerSideTranslatorPB.processRequest(OzoneManagerProtocolServerSideTranslatorPB.java:181)
	at org.apache.hadoop.hdds.server.OzoneProtocolMessageDispatcher.processRequest(OzoneProtocolMessageDispatcher.java:87)
	at org.apache.hadoop.ozone.protocolPB.OzoneManagerProtocolServerSideTranslatorPB.submitRequest(OzoneManagerProtocolServerSideTranslatorPB.java:147)
	at org.apache.hadoop.ozone.protocol.proto.OzoneManagerProtocolProtos$OzoneManagerService$2.callBlockingMethod(OzoneManagerProtocolProtos.java)
	at org.apache.hadoop.ipc.ProtobufRpcEngine$Server.processCall(ProtobufRpcEngine.java:466)
	at org.apache.hadoop.ipc.ProtobufRpcEngine2$Server$ProtoBufRpcInvoker.call(ProtobufRpcEngine2.java:574)
	at org.apache.hadoop.ipc.ProtobufRpcEngine2$Server$ProtoBufRpcInvoker.call(ProtobufRpcEngine2.java:552)
	at org.apache.hadoop.ipc.RPC$Server.call(RPC.java:1093)
	at org.apache.hadoop.ipc.Server$RpcCall.run(Server.java:1035)
	at org.apache.hadoop.ipc.Server$RpcCall.run(Server.java:963)
	at java.security.AccessController.doPrivileged(Native Method)
	at javax.security.auth.Subject.doAs(Subject.java:422)
	at org.apache.hadoop.security.UserGroupInformation.doAs(UserGroupInformation.java:1878)
	at org.apache.hadoop.ipc.Server$Handler.run(Server.java:2966)
, while invoking $Proxy55.submitRequest over nodeId=omNode-1,nodeAddress=127.0.0.1:39929 after 2 failover attempts. Trying to failover immediately.
2022-08-10 09:21:57,670 [OM StateMachine ApplyTransaction Thread - 0] INFO  volume.OMVolumeCreateRequest (OMVolumeCreateRequest.java:validateAndUpdateCache(195)) - created volume:volume35780 for user:user82509
2022-08-10 09:21:57,673 [OM StateMachine ApplyTransaction Thread - 0] INFO  volume.OMVolumeCreateRequest (OMVolumeCreateRequest.java:validateAndUpdateCache(195)) - created volume:volume35780 for user:user82509
2022-08-10 09:21:57,680 [OM StateMachine ApplyTransaction Thread - 0] INFO  volume.OMVolumeCreateRequest (OMVolumeCreateRequest.java:validateAndUpdateCache(195)) - created volume:volume35780 for user:user82509
2022-08-10 09:21:57,689 [Listener at localhost/38141] INFO  rpc.RpcClient (RpcClient.java:createBucket(674)) - Creating Bucket: volume35780/02eff75f-5728-494c-ad05-e55fc1e31626, with server-side default bucket layout, runner as owner, Versioning false, Storage Type set to DISK and Encryption set to false 
2022-08-10 09:21:57,702 [OM StateMachine ApplyTransaction Thread - 0] INFO  bucket.OMBucketCreateRequest (OMBucketCreateRequest.java:validateAndUpdateCache(260)) - created bucket: 02eff75f-5728-494c-ad05-e55fc1e31626 of layout LEGACY in volume: volume35780
2022-08-10 09:21:57,706 [OM StateMachine ApplyTransaction Thread - 0] INFO  bucket.OMBucketCreateRequest (OMBucketCreateRequest.java:validateAndUpdateCache(260)) - created bucket: 02eff75f-5728-494c-ad05-e55fc1e31626 of layout LEGACY in volume: volume35780
2022-08-10 09:21:57,716 [OM StateMachine ApplyTransaction Thread - 0] INFO  bucket.OMBucketCreateRequest (OMBucketCreateRequest.java:validateAndUpdateCache(260)) - created bucket: 02eff75f-5728-494c-ad05-e55fc1e31626 of layout LEGACY in volume: volume35780
2022-08-10 09:21:58,056 [Listener at localhost/38141] INFO  om.OzoneManager (OzoneManager.java:stop(2022)) - omNode-2[localhost:38141]: Stopping Ozone Manager
2022-08-10 09:21:58,057 [Listener at localhost/38141] INFO  ipc.Server (Server.java:stop(3414)) - Stopping server on 38141
2022-08-10 09:21:58,062 [IPC Server listener on 38141] INFO  ipc.Server (Server.java:run(1376)) - Stopping IPC Server listener on 38141
2022-08-10 09:21:58,066 [Listener at localhost/38141] INFO  server.RaftServer (RaftServerProxy.java:lambda$close$7(398)) - omNode-2: close
2022-08-10 09:21:58,066 [Listener at localhost/38141] INFO  server.RaftServer$Division (RaftServerImpl.java:lambda$close$4(434)) - omNode-2@group-523986131536: shutdown
2022-08-10 09:21:58,067 [Listener at localhost/38141] INFO  util.JmxRegister (JmxRegister.java:unregister(73)) - Successfully un-registered JMX Bean with object name Ratis:service=RaftServer,group=group-523986131536,id=omNode-2
2022-08-10 09:21:58,067 [Listener at localhost/38141] INFO  impl.RoleInfo (RoleInfo.java:shutdownLeaderState(93)) - omNode-2: shutdown omNode-2@group-523986131536-LeaderStateImpl
2022-08-10 09:21:58,067 [IPC Server Responder] INFO  ipc.Server (Server.java:run(1512)) - Stopping IPC Server Responder
2022-08-10 09:21:58,068 [Listener at localhost/38141] INFO  impl.PendingRequests (PendingRequests.java:sendNotLeaderResponses(282)) - omNode-2@group-523986131536-PendingRequests: sendNotLeaderResponses
2022-08-10 09:21:58,068 [omNode-2@group-523986131536->omNode-1-GrpcLogAppender-LogAppenderDaemon] WARN  server.GrpcLogAppender (GrpcLogAppender.java:mayWait(171)) - omNode-2@group-523986131536->omNode-1-GrpcLogAppender: Wait interrupted by java.lang.InterruptedException
2022-08-10 09:21:58,067 [omNode-2@group-523986131536->omNode-3-GrpcLogAppender-LogAppenderDaemon] WARN  server.GrpcLogAppender (GrpcLogAppender.java:mayWait(171)) - omNode-2@group-523986131536->omNode-3-GrpcLogAppender: Wait interrupted by java.lang.InterruptedException
2022-08-10 09:21:58,073 [grpc-default-executor-2] INFO  server.GrpcServerProtocolService (GrpcServerProtocolService.java:onCompleted(140)) - omNode-1: Completed APPEND_ENTRIES, lastRequest: omNode-2->omNode-1#134-t4,previous=(t:4, i:55),leaderCommit=55,initializing? true,entries: size=1, first=(t:4, i:56), METADATAENTRY(c:55)
2022-08-10 09:21:58,073 [grpc-default-executor-1] INFO  server.GrpcServerProtocolService (GrpcServerProtocolService.java:onCompleted(140)) - omNode-3: Completed APPEND_ENTRIES, lastRequest: omNode-2->omNode-3#130-t4,previous=(t:4, i:55),leaderCommit=55,initializing? true,entries: size=1, first=(t:4, i:56), METADATAENTRY(c:55)
2022-08-10 09:21:58,073 [grpc-default-executor-2] INFO  server.GrpcLogAppender (GrpcLogAppender.java:onCompleted(339)) - omNode-2@group-523986131536->omNode-3-AppendLogResponseHandler: follower responses appendEntries COMPLETED
2022-08-10 09:21:58,074 [grpc-default-executor-2] INFO  leader.FollowerInfo (FollowerInfoImpl.java:lambda$new$0(48)) - omNode-2@group-523986131536->omNode-3: nextIndex: updateUnconditionally 57 -> 56
2022-08-10 09:21:58,074 [grpc-default-executor-1] INFO  server.GrpcLogAppender (GrpcLogAppender.java:onCompleted(339)) - omNode-2@group-523986131536->omNode-1-AppendLogResponseHandler: follower responses appendEntries COMPLETED
2022-08-10 09:21:58,074 [grpc-default-executor-1] INFO  leader.FollowerInfo (FollowerInfoImpl.java:lambda$new$0(48)) - omNode-2@group-523986131536->omNode-1: nextIndex: updateUnconditionally 57 -> 56
2022-08-10 09:21:58,077 [Listener at localhost/38141] INFO  impl.StateMachineUpdater (StateMachineUpdater.java:stopAndJoin(153)) - omNode-2@group-523986131536-StateMachineUpdater: set stopIndex = 56
2022-08-10 09:21:58,077 [omNode-2@group-523986131536-StateMachineUpdater] INFO  ratis.OzoneManagerStateMachine (OzoneManagerStateMachine.java:takeSnapshot(441)) - Current Snapshot Index (t:4, i:56)
2022-08-10 09:21:58,077 [omNode-2@group-523986131536-StateMachineUpdater] INFO  impl.StateMachineUpdater (StateMachineUpdater.java:takeSnapshot(287)) - omNode-2@group-523986131536-StateMachineUpdater: Took a snapshot at index 56
2022-08-10 09:21:58,078 [omNode-2@group-523986131536-StateMachineUpdater] INFO  impl.StateMachineUpdater (StateMachineUpdater.java:lambda$new$0(92)) - omNode-2@group-523986131536-StateMachineUpdater: snapshotIndex: updateIncreasingly 30 -> 56
2022-08-10 09:21:58,078 [omNode-2@group-523986131536-StateMachineUpdater] INFO  raftlog.RaftLog (RaftLogBase.java:purge(308)) - omNode-2@group-523986131536-SegmentedRaftLog: purge 56
2022-08-10 09:21:58,080 [omNode-2@group-523986131536-StateMachineUpdater] INFO  raftlog.RaftLog (RaftLogBase.java:lambda$new$0(53)) - omNode-2@group-523986131536-SegmentedRaftLog: snapshotIndex: updateIncreasingly 30 -> 56
2022-08-10 09:21:58,082 [omNode-2@group-523986131536-StateMachineUpdater] INFO  raftlog.RaftLog (RaftLogBase.java:lambda$new$0(53)) - omNode-2@group-523986131536-SegmentedRaftLog: purgeIndex: updateToMax old=-1, new=30, updated? true
2022-08-10 09:21:58,082 [omNode-2@group-523986131536-StateMachineUpdater] INFO  ratis.OzoneManagerStateMachine (OzoneManagerStateMachine.java:close(495)) - StateMachine has shutdown. Shutdown OzoneManager if not already shutdown.
2022-08-10 09:21:58,082 [omNode-2@group-523986131536-StateMachineUpdater] INFO  ratis.OzoneManagerDoubleBuffer (OzoneManagerDoubleBuffer.java:stop(466)) - Stopping OMDoubleBuffer flush thread
2022-08-10 09:21:58,083 [OMDoubleBufferFlushThread] INFO  ratis.OzoneManagerDoubleBuffer (OzoneManagerDoubleBuffer.java:flushTransactions(385)) - OMDoubleBuffer flush thread OMDoubleBufferFlushThread is interrupted and will exit.
2022-08-10 09:21:58,084 [Listener at localhost/38141] INFO  server.RaftServer$Division (ServerState.java:close(429)) - omNode-2@group-523986131536: closes. applyIndex: 56
2022-08-10 09:21:58,085 [omNode-2@group-523986131536-SegmentedRaftLogWorker] INFO  segmented.SegmentedRaftLogWorker (SegmentedRaftLogWorker.java:run(336)) - omNode-2@group-523986131536-SegmentedRaftLogWorker was interrupted, exiting. There are 0 tasks remaining in the queue.
2022-08-10 09:21:58,086 [Listener at localhost/38141] INFO  segmented.SegmentedRaftLogWorker (SegmentedRaftLogWorker.java:close(246)) - omNode-2@group-523986131536-SegmentedRaftLogWorker close()
2022-08-10 09:21:58,088 [Listener at localhost/38141] INFO  server.GrpcService (GrpcService.java:closeImpl(269)) - omNode-2: shutdown server with port 36767 now
2022-08-10 09:21:58,104 [Listener at localhost/38141] INFO  server.GrpcService (GrpcService.java:closeImpl(278)) - omNode-2: shutdown server with port 36767 successfully
2022-08-10 09:21:58,105 [org.apache.ratis.util.JvmPauseMonitor$$Lambda$696/1259104175@695fd7e] INFO  util.JvmPauseMonitor (JvmPauseMonitor.java:run(109)) - JvmPauseMonitor-omNode-2: Stopped
2022-08-10 09:21:58,105 [Listener at localhost/38141] INFO  ratis.OzoneManagerStateMachine (OzoneManagerStateMachine.java:close(495)) - StateMachine has shutdown. Shutdown OzoneManager if not already shutdown.
2022-08-10 09:21:58,105 [Listener at localhost/38141] INFO  ratis.OzoneManagerDoubleBuffer (OzoneManagerDoubleBuffer.java:stop(478)) - OMDoubleBuffer flush thread is not running.
2022-08-10 09:21:58,106 [Listener at localhost/38141] INFO  handler.ContextHandler (ContextHandler.java:doStop(1153)) - Stopped o.e.j.w.WebAppContext@4120dd8d{ozoneManager,/,null,STOPPED}{file:/home/runner/work/ozone/ozone/hadoop-ozone/integration-test/target/test-classes/webapps/ozoneManager}
2022-08-10 09:21:58,109 [Listener at localhost/38141] INFO  server.AbstractConnector (AbstractConnector.java:doStop(381)) - Stopped ServerConnector@715d7bbc{HTTP/1.1, (http/1.1)}{0.0.0.0:45427}
2022-08-10 09:21:58,109 [Listener at localhost/38141] INFO  server.session (HouseKeeper.java:stopScavenging(149)) - node0 Stopped scavenging
2022-08-10 09:21:58,109 [Listener at localhost/38141] INFO  handler.ContextHandler (ContextHandler.java:doStop(1153)) - Stopped o.e.j.s.ServletContextHandler@9bb83fc{static,/static,file:///home/runner/work/ozone/ozone/hadoop-ozone/integration-test/target/test-classes/webapps/static,STOPPED}
2022-08-10 09:21:58,110 [Listener at localhost/38141] INFO  handler.ContextHandler (ContextHandler.java:doStop(1153)) - Stopped o.e.j.s.ServletContextHandler@10aa5f84{logs,/logs,file:///home/runner/work/ozone/ozone/hadoop-ozone/integration-test/target/log,STOPPED}
2022-08-10 09:21:59,679 [omNode-3@group-523986131536-FollowerState] INFO  impl.FollowerState (FollowerState.java:run(143)) - omNode-3@group-523986131536-FollowerState: change to CANDIDATE, lastRpcElapsedTime:1635193811ns, electionTimeout:1182ms
2022-08-10 09:21:59,679 [omNode-3@group-523986131536-FollowerState] INFO  impl.RoleInfo (RoleInfo.java:shutdownFollowerState(110)) - omNode-3: shutdown omNode-3@group-523986131536-FollowerState
2022-08-10 09:21:59,679 [omNode-3@group-523986131536-FollowerState] INFO  server.RaftServer$Division (RaftServerImpl.java:setRole(299)) - omNode-3@group-523986131536: changes role from  FOLLOWER to CANDIDATE at term 4 for changeToCandidate
2022-08-10 09:21:59,679 [omNode-3@group-523986131536-FollowerState] INFO  server.RaftServerConfigKeys (ConfUtils.java:logGet(46)) - raft.server.leaderelection.pre-vote = false (custom)
2022-08-10 09:21:59,679 [omNode-3@group-523986131536-FollowerState] INFO  impl.RoleInfo (RoleInfo.java:updateAndGet(139)) - omNode-3: start omNode-3@group-523986131536-LeaderElection18
2022-08-10 09:21:59,682 [omNode-3@group-523986131536-LeaderElection18] INFO  server.RaftServer$Division (ServerState.java:setLeader(287)) - omNode-3@group-523986131536: change Leader from omNode-2 to null at term 4 for ELECTION
2022-08-10 09:21:59,685 [omNode-3@group-523986131536-LeaderElection18] INFO  impl.LeaderElection (LeaderElection.java:askForVotes(310)) - omNode-3@group-523986131536-LeaderElection18 ELECTION round 0: submit vote requests at term 5 for 31: [omNode-3|rpc:localhost:34947|admin:|client:|dataStream:|priority:0, omNode-1|rpc:localhost:44673|admin:|client:|dataStream:|priority:0, omNode-2|rpc:localhost:36767|admin:|client:|dataStream:|priority:0], old=null
2022-08-10 09:21:59,702 [omNode-3@group-523986131536-LeaderElection18] INFO  impl.LeaderElection (LogUtils.java:infoOrTrace(137)) - omNode-3@group-523986131536-LeaderElection18 got exception when requesting votes: java.util.concurrent.ExecutionException: org.apache.ratis.thirdparty.io.grpc.StatusRuntimeException: UNAVAILABLE: io exception
2022-08-10 09:21:59,703 [grpc-default-executor-2] INFO  server.RaftServer$Division (RaftServerImpl.java:requestVote(1152)) - omNode-1@group-523986131536: receive requestVote(ELECTION, omNode-3, group-523986131536, 5, (t:4, i:56))
2022-08-10 09:21:59,703 [grpc-default-executor-2] INFO  impl.VoteContext (VoteContext.java:log(48)) - omNode-1@group-523986131536-FOLLOWER: accept ELECTION from omNode-3: our priority 0 <= candidate's priority 0
2022-08-10 09:21:59,703 [grpc-default-executor-2] INFO  server.RaftServer$Division (ServerState.java:setLeader(287)) - omNode-1@group-523986131536: change Leader from omNode-2 to null at term 5 for updateCurrentTerm
2022-08-10 09:21:59,703 [grpc-default-executor-2] INFO  server.RaftServer$Division (RaftServerImpl.java:setRole(299)) - omNode-1@group-523986131536: changes role from  FOLLOWER to FOLLOWER at term 5 for candidate:omNode-3
2022-08-10 09:21:59,703 [grpc-default-executor-2] INFO  impl.RoleInfo (RoleInfo.java:shutdownFollowerState(110)) - omNode-1: shutdown omNode-1@group-523986131536-FollowerState
2022-08-10 09:21:59,704 [grpc-default-executor-2] INFO  impl.RoleInfo (RoleInfo.java:updateAndGet(139)) - omNode-1: start omNode-1@group-523986131536-FollowerState
2022-08-10 09:21:59,704 [omNode-1@group-523986131536-FollowerState] INFO  impl.FollowerState (FollowerState.java:run(152)) - omNode-1@group-523986131536-FollowerState was interrupted
2022-08-10 09:21:59,708 [grpc-default-executor-2] INFO  server.RaftServer$Division (RaftServerImpl.java:requestVote(1184)) - omNode-1@group-523986131536 replies to ELECTION vote request: omNode-3<-omNode-1#0:OK-t5. Peer's state: omNode-1@group-523986131536:t5, leader=null, voted=omNode-3, raftlog=omNode-1@group-523986131536-SegmentedRaftLog:OPENED:c55, conf=31: [omNode-3|rpc:localhost:34947|admin:|client:|dataStream:|priority:0, omNode-1|rpc:localhost:44673|admin:|client:|dataStream:|priority:0, omNode-2|rpc:localhost:36767|admin:|client:|dataStream:|priority:0], old=null
2022-08-10 09:21:59,710 [omNode-3@group-523986131536-LeaderElection18] INFO  impl.LeaderElection (LeaderElection.java:logAndReturn(90)) - omNode-3@group-523986131536-LeaderElection18: ELECTION PASSED received 1 response(s) and 1 exception(s):
2022-08-10 09:21:59,710 [omNode-3@group-523986131536-LeaderElection18] INFO  impl.LeaderElection (LeaderElection.java:logAndReturn(94)) -   Response 0: omNode-3<-omNode-1#0:OK-t5
2022-08-10 09:21:59,710 [omNode-3@group-523986131536-LeaderElection18] INFO  impl.LeaderElection (LogUtils.java:infoOrTrace(137)) -   Exception 1: java.util.concurrent.ExecutionException: org.apache.ratis.thirdparty.io.grpc.StatusRuntimeException: UNAVAILABLE: io exception
2022-08-10 09:21:59,711 [omNode-3@group-523986131536-LeaderElection18] INFO  impl.LeaderElection (LeaderElection.java:askForVotes(312)) - omNode-3@group-523986131536-LeaderElection18 ELECTION round 0: result PASSED
2022-08-10 09:21:59,711 [omNode-3@group-523986131536-LeaderElection18] INFO  impl.RoleInfo (RoleInfo.java:shutdownLeaderElection(130)) - omNode-3: shutdown omNode-3@group-523986131536-LeaderElection18
2022-08-10 09:21:59,711 [omNode-3@group-523986131536-LeaderElection18] INFO  server.RaftServer$Division (RaftServerImpl.java:setRole(299)) - omNode-3@group-523986131536: changes role from CANDIDATE to LEADER at term 5 for changeToLeader
2022-08-10 09:21:59,711 [omNode-3@group-523986131536-LeaderElection18] INFO  server.RaftServer$Division (ServerState.java:setLeader(287)) - omNode-3@group-523986131536: change Leader from null to omNode-3 at term 5 for becomeLeader, leader elected after 28ms
2022-08-10 09:21:59,711 [omNode-3@group-523986131536-LeaderElection18] INFO  server.RaftServerConfigKeys (ConfUtils.java:logGet(46)) - raft.server.staging.catchup.gap = 1000 (default)
2022-08-10 09:21:59,711 [omNode-3@group-523986131536-LeaderElection18] INFO  server.RaftServerConfigKeys (ConfUtils.java:logGet(46)) - raft.server.write.element-limit = 4096 (default)
2022-08-10 09:21:59,711 [omNode-3@group-523986131536-LeaderElection18] INFO  server.RaftServerConfigKeys (ConfUtils.java:logGet(46)) - raft.server.write.byte-limit = 64MB (=67108864) (default)
2022-08-10 09:21:59,712 [omNode-3@group-523986131536-LeaderElection18] INFO  server.RaftServerConfigKeys (ConfUtils.java:logGet(46)) - raft.server.watch.timeout = 10s (default)
2022-08-10 09:21:59,712 [omNode-3@group-523986131536-LeaderElection18] INFO  server.RaftServerConfigKeys (ConfUtils.java:logGet(46)) - raft.server.watch.timeout.denomination = 1s (default)
2022-08-10 09:21:59,712 [omNode-3@group-523986131536-LeaderElection18] INFO  server.RaftServerConfigKeys (ConfUtils.java:logGet(46)) - raft.server.watch.element-limit = 65536 (default)
2022-08-10 09:21:59,712 [omNode-3@group-523986131536-LeaderElection18] INFO  server.RaftServerConfigKeys (ConfUtils.java:logGet(46)) - raft.server.write.element-limit = 4096 (default)
2022-08-10 09:21:59,712 [omNode-3@group-523986131536-LeaderElection18] INFO  server.RaftServerConfigKeys (ConfUtils.java:logGet(46)) - raft.server.write.follower.gap.ratio.max = -1.0 (default)
2022-08-10 09:21:59,713 [omNode-3@group-523986131536-LeaderElection18] INFO  server.RaftServerConfigKeys (ConfUtils.java:logGet(46)) - raft.server.log.appender.snapshot.chunk.size.max = 16MB (=16777216) (default)
2022-08-10 09:21:59,713 [omNode-3@group-523986131536-LeaderElection18] INFO  server.RaftServerConfigKeys (ConfUtils.java:logGet(46)) - raft.server.log.appender.buffer.byte-limit = 33554432 (custom)
2022-08-10 09:21:59,713 [omNode-3@group-523986131536-LeaderElection18] INFO  server.RaftServerConfigKeys (ConfUtils.java:logGet(46)) - raft.server.log.appender.buffer.element-limit = 1024 (custom)
2022-08-10 09:21:59,713 [omNode-3@group-523986131536-LeaderElection18] INFO  grpc.GrpcConfigKeys (ConfUtils.java:logGet(46)) - raft.grpc.server.leader.outstanding.appends.max = 128 (default)
2022-08-10 09:21:59,713 [omNode-3@group-523986131536-LeaderElection18] INFO  server.RaftServerConfigKeys (ConfUtils.java:logGet(46)) - raft.server.rpc.request.timeout = 3000ms (default)
2022-08-10 09:21:59,713 [omNode-3@group-523986131536-LeaderElection18] INFO  server.RaftServerConfigKeys (ConfUtils.java:logGet(46)) - raft.server.log.appender.install.snapshot.enabled = false (custom)
2022-08-10 09:21:59,714 [omNode-3@group-523986131536-LeaderElection18] INFO  server.RaftServerConfigKeys (ConfUtils.java:logGet(46)) - raft.server.log.appender.snapshot.chunk.size.max = 16MB (=16777216) (default)
2022-08-10 09:21:59,714 [omNode-3@group-523986131536-LeaderElection18] INFO  server.RaftServerConfigKeys (ConfUtils.java:logGet(46)) - raft.server.log.appender.buffer.byte-limit = 33554432 (custom)
2022-08-10 09:21:59,714 [omNode-3@group-523986131536-LeaderElection18] INFO  server.RaftServerConfigKeys (ConfUtils.java:logGet(46)) - raft.server.log.appender.buffer.element-limit = 1024 (custom)
2022-08-10 09:21:59,714 [omNode-3@group-523986131536-LeaderElection18] INFO  grpc.GrpcConfigKeys (ConfUtils.java:logGet(46)) - raft.grpc.server.leader.outstanding.appends.max = 128 (default)
2022-08-10 09:21:59,715 [omNode-3@group-523986131536-LeaderElection18] INFO  server.RaftServerConfigKeys (ConfUtils.java:logGet(46)) - raft.server.rpc.request.timeout = 3000ms (default)
2022-08-10 09:21:59,715 [omNode-3@group-523986131536-LeaderElection18] INFO  server.RaftServerConfigKeys (ConfUtils.java:logGet(46)) - raft.server.log.appender.install.snapshot.enabled = false (custom)
2022-08-10 09:21:59,715 [omNode-3@group-523986131536-LeaderElection18] INFO  impl.RoleInfo (RoleInfo.java:updateAndGet(139)) - omNode-3: start omNode-3@group-523986131536-LeaderStateImpl
2022-08-10 09:21:59,715 [omNode-3@group-523986131536-LeaderElection18] INFO  segmented.SegmentedRaftLogWorker (SegmentedRaftLogWorker.java:rollLogSegment(430)) - omNode-3@group-523986131536-SegmentedRaftLogWorker: Rolling segment log-31_56 to index:56
2022-08-10 09:21:59,717 [omNode-3@group-523986131536-SegmentedRaftLogWorker] INFO  segmented.SegmentedRaftLogWorker (SegmentedRaftLogWorker.java:execute(586)) - omNode-3@group-523986131536-SegmentedRaftLogWorker: Rolled log segment from /home/runner/work/ozone/ozone/hadoop-ozone/integration-test/target/test-dir/MiniOzoneClusterImpl-5b46f7b7-15cd-42ca-88c0-c813cff626ca/omNode-3/ratis/c9bc4cf4-3bc3-3c60-a66b-523986131536/current/log_inprogress_31 to /home/runner/work/ozone/ozone/hadoop-ozone/integration-test/target/test-dir/MiniOzoneClusterImpl-5b46f7b7-15cd-42ca-88c0-c813cff626ca/omNode-3/ratis/c9bc4cf4-3bc3-3c60-a66b-523986131536/current/log_31-56
2022-08-10 09:21:59,724 [omNode-3@group-523986131536-LeaderElection18] INFO  server.RaftServer$Division (ServerState.java:setRaftConf(393)) - omNode-3@group-523986131536: set configuration 57: [omNode-3|rpc:localhost:34947|admin:|client:|dataStream:|priority:0, omNode-1|rpc:localhost:44673|admin:|client:|dataStream:|priority:0, omNode-2|rpc:localhost:36767|admin:|client:|dataStream:|priority:0], old=null
2022-08-10 09:21:59,727 [grpc-default-executor-2] WARN  server.GrpcLogAppender (LogUtils.java:warn(122)) - omNode-3@group-523986131536->omNode-2-AppendLogResponseHandler: Failed appendEntries: org.apache.ratis.thirdparty.io.grpc.StatusRuntimeException: UNAVAILABLE: io exception
2022-08-10 09:21:59,729 [omNode-3@group-523986131536-SegmentedRaftLogWorker] INFO  segmented.SegmentedRaftLogWorker (SegmentedRaftLogWorker.java:execute(629)) - omNode-3@group-523986131536-SegmentedRaftLogWorker: created new log segment /home/runner/work/ozone/ozone/hadoop-ozone/integration-test/target/test-dir/MiniOzoneClusterImpl-5b46f7b7-15cd-42ca-88c0-c813cff626ca/omNode-3/ratis/c9bc4cf4-3bc3-3c60-a66b-523986131536/current/log_inprogress_57
2022-08-10 09:21:59,730 [omNode-1-server-thread1] INFO  server.RaftServer$Division (ServerState.java:setLeader(287)) - omNode-1@group-523986131536: change Leader from null to omNode-3 at term 5 for appendEntries, leader elected after 26ms
2022-08-10 09:21:59,731 [grpc-default-executor-2] WARN  server.GrpcLogAppender (GrpcLogAppender.java:resetClient(111)) - omNode-3@group-523986131536->omNode-2-GrpcLogAppender: Leader has not got in touch with Follower omNode-3@group-523986131536->omNode-2(c-1,m0,n58, attendVote=true, lastRpcSendTime=0, lastRpcResponseTime=1218) yet, just keep nextIndex unchanged and retry.
2022-08-10 09:21:59,736 [omNode-1-server-thread1] INFO  server.RaftServer$Division (ServerState.java:setRaftConf(393)) - omNode-1@group-523986131536: set configuration 57: [omNode-3|rpc:localhost:34947|admin:|client:|dataStream:|priority:0, omNode-1|rpc:localhost:44673|admin:|client:|dataStream:|priority:0, omNode-2|rpc:localhost:36767|admin:|client:|dataStream:|priority:0], old=null
2022-08-10 09:21:59,736 [omNode-1-server-thread1] INFO  segmented.SegmentedRaftLogWorker (SegmentedRaftLogWorker.java:rollLogSegment(430)) - omNode-1@group-523986131536-SegmentedRaftLogWorker: Rolling segment log-31_56 to index:56
2022-08-10 09:21:59,738 [omNode-1@group-523986131536-SegmentedRaftLogWorker] INFO  segmented.SegmentedRaftLogWorker (SegmentedRaftLogWorker.java:execute(586)) - omNode-1@group-523986131536-SegmentedRaftLogWorker: Rolled log segment from /home/runner/work/ozone/ozone/hadoop-ozone/integration-test/target/test-dir/MiniOzoneClusterImpl-5b46f7b7-15cd-42ca-88c0-c813cff626ca/omNode-1/ratis/c9bc4cf4-3bc3-3c60-a66b-523986131536/current/log_inprogress_31 to /home/runner/work/ozone/ozone/hadoop-ozone/integration-test/target/test-dir/MiniOzoneClusterImpl-5b46f7b7-15cd-42ca-88c0-c813cff626ca/omNode-1/ratis/c9bc4cf4-3bc3-3c60-a66b-523986131536/current/log_31-56
2022-08-10 09:21:59,750 [omNode-1@group-523986131536-SegmentedRaftLogWorker] INFO  segmented.SegmentedRaftLogWorker (SegmentedRaftLogWorker.java:execute(629)) - omNode-1@group-523986131536-SegmentedRaftLogWorker: created new log segment /home/runner/work/ozone/ozone/hadoop-ozone/integration-test/target/test-dir/MiniOzoneClusterImpl-5b46f7b7-15cd-42ca-88c0-c813cff626ca/omNode-1/ratis/c9bc4cf4-3bc3-3c60-a66b-523986131536/current/log_inprogress_57
2022-08-10 09:21:59,767 [omNode-3@group-523986131536-StateMachineUpdater] INFO  ratis.OzoneManagerStateMachine (OzoneManagerStateMachine.java:notifyConfigurationChanged(192)) - Received Configuration change notification from Ratis. New Peer list:
[id: "omNode-3"
address: "localhost:34947"
, id: "omNode-1"
address: "localhost:44673"
, id: "omNode-2"
address: "localhost:36767"
]
2022-08-10 09:21:59,768 [grpc-default-executor-1] WARN  server.GrpcLogAppender (LogUtils.java:warn(122)) - omNode-3@group-523986131536->omNode-2-AppendLogResponseHandler: Failed appendEntries: org.apache.ratis.thirdparty.io.grpc.StatusRuntimeException: UNAVAILABLE: io exception
2022-08-10 09:21:59,769 [grpc-default-executor-1] WARN  server.GrpcLogAppender (GrpcLogAppender.java:resetClient(111)) - omNode-3@group-523986131536->omNode-2-GrpcLogAppender: Leader has not got in touch with Follower omNode-3@group-523986131536->omNode-2(c-1,m0,n59, attendVote=true, lastRpcSendTime=38, lastRpcResponseTime=1256) yet, just keep nextIndex unchanged and retry.
2022-08-10 09:21:59,781 [omNode-1@group-523986131536-StateMachineUpdater] INFO  ratis.OzoneManagerStateMachine (OzoneManagerStateMachine.java:notifyConfigurationChanged(192)) - Received Configuration change notification from Ratis. New Peer list:
[id: "omNode-3"
address: "localhost:34947"
, id: "omNode-1"
address: "localhost:44673"
, id: "omNode-2"
address: "localhost:36767"
]
2022-08-10 09:22:00,089 [org.apache.ratis.util.JvmPauseMonitor$$Lambda$696/1259104175@32b9e509] WARN  util.JvmPauseMonitor (JvmPauseMonitor.java:detectPause(124)) - JvmPauseMonitor-307a4eae-8455-4484-b26c-d8f5f09d506a: Detected pause in JVM or host machine (eg GC): pause of approximately 222967885ns.
GC pool 'PS MarkSweep' had collection(s): count=1 time=198ms
GC pool 'PS Scavenge' had collection(s): count=1 time=65ms
2022-08-10 09:22:00,095 [grpc-default-executor-1] WARN  server.GrpcLogAppender (LogUtils.java:warn(122)) - omNode-3@group-523986131536->omNode-2-AppendLogResponseHandler: Failed appendEntries: org.apache.ratis.thirdparty.io.grpc.StatusRuntimeException: UNAVAILABLE: io exception
2022-08-10 09:22:00,096 [grpc-default-executor-1] WARN  server.GrpcLogAppender (GrpcLogAppender.java:resetClient(111)) - omNode-3@group-523986131536->omNode-2-GrpcLogAppender: Leader has not got in touch with Follower omNode-3@group-523986131536->omNode-2(c-1,m0,n59, attendVote=true, lastRpcSendTime=2, lastRpcResponseTime=1583) yet, just keep nextIndex unchanged and retry.
2022-08-10 09:22:00,096 [Finalizer] WARN  managed.ManagedRocksObjectUtils (ManagedRocksObjectUtils.java:assertClosed(39)) - ManagedColumnFamilyOptions is not closed properly
2022-08-10 09:22:00,096 [Finalizer] WARN  managed.ManagedRocksObjectUtils (ManagedRocksObjectUtils.java:assertClosed(39)) - ManagedColumnFamilyOptions is not closed properly
2022-08-10 09:22:00,096 [Finalizer] WARN  managed.ManagedRocksObjectUtils (ManagedRocksObjectUtils.java:assertClosed(39)) - ManagedColumnFamilyOptions is not closed properly
2022-08-10 09:22:00,096 [Finalizer] WARN  managed.ManagedRocksObjectUtils (ManagedRocksObjectUtils.java:assertClosed(39)) - ManagedColumnFamilyOptions is not closed properly
2022-08-10 09:22:00,096 [Finalizer] WARN  managed.ManagedRocksObjectUtils (ManagedRocksObjectUtils.java:assertClosed(39)) - ManagedColumnFamilyOptions is not closed properly
2022-08-10 09:22:00,096 [Finalizer] WARN  managed.ManagedRocksObjectUtils (ManagedRocksObjectUtils.java:assertClosed(39)) - ManagedColumnFamilyOptions is not closed properly
2022-08-10 09:22:00,096 [Finalizer] WARN  managed.ManagedRocksObjectUtils (ManagedRocksObjectUtils.java:assertClosed(39)) - ManagedColumnFamilyOptions is not closed properly
2022-08-10 09:22:00,097 [Finalizer] WARN  managed.ManagedRocksObjectUtils (ManagedRocksObjectUtils.java:assertClosed(39)) - ManagedColumnFamilyOptions is not closed properly
2022-08-10 09:22:00,097 [Finalizer] WARN  managed.ManagedRocksObjectUtils (ManagedRocksObjectUtils.java:assertClosed(39)) - ManagedColumnFamilyOptions is not closed properly
2022-08-10 09:22:00,097 [Finalizer] WARN  managed.ManagedRocksObjectUtils (ManagedRocksObjectUtils.java:assertClosed(39)) - ManagedColumnFamilyOptions is not closed properly
2022-08-10 09:22:00,097 [Finalizer] WARN  managed.ManagedRocksObjectUtils (ManagedRocksObjectUtils.java:assertClosed(39)) - ManagedColumnFamilyOptions is not closed properly
2022-08-10 09:22:00,097 [Finalizer] WARN  managed.ManagedRocksObjectUtils (ManagedRocksObjectUtils.java:assertClosed(39)) - ManagedColumnFamilyOptions is not closed properly
2022-08-10 09:22:00,097 [Finalizer] WARN  managed.ManagedRocksObjectUtils (ManagedRocksObjectUtils.java:assertClosed(39)) - ManagedLRUCache is not closed properly
2022-08-10 09:22:00,097 [Finalizer] WARN  managed.ManagedRocksObjectUtils (ManagedRocksObjectUtils.java:assertClosed(39)) - ManagedBloomFilter is not closed properly
2022-08-10 09:22:00,097 [Finalizer] WARN  managed.ManagedRocksObjectUtils (ManagedRocksObjectUtils.java:assertClosed(39)) - ManagedColumnFamilyOptions is not closed properly
2022-08-10 09:22:00,097 [Finalizer] WARN  managed.ManagedRocksObjectUtils (ManagedRocksObjectUtils.java:assertClosed(39)) - ManagedLRUCache is not closed properly
2022-08-10 09:22:00,097 [Finalizer] WARN  managed.ManagedRocksObjectUtils (ManagedRocksObjectUtils.java:assertClosed(39)) - ManagedBloomFilter is not closed properly
2022-08-10 09:22:00,097 [Finalizer] WARN  managed.ManagedRocksObjectUtils (ManagedRocksObjectUtils.java:assertClosed(39)) - ManagedColumnFamilyOptions is not closed properly
2022-08-10 09:22:00,097 [Finalizer] WARN  managed.ManagedRocksObjectUtils (ManagedRocksObjectUtils.java:assertClosed(39)) - ManagedLRUCache is not closed properly
2022-08-10 09:22:00,097 [Finalizer] WARN  managed.ManagedRocksObjectUtils (ManagedRocksObjectUtils.java:assertClosed(39)) - ManagedBloomFilter is not closed properly
2022-08-10 09:22:00,097 [Finalizer] WARN  managed.ManagedRocksObjectUtils (ManagedRocksObjectUtils.java:assertClosed(39)) - ManagedColumnFamilyOptions is not closed properly
2022-08-10 09:22:00,097 [Finalizer] WARN  managed.ManagedRocksObjectUtils (ManagedRocksObjectUtils.java:assertClosed(39)) - ManagedLRUCache is not closed properly
2022-08-10 09:22:00,097 [Finalizer] WARN  managed.ManagedRocksObjectUtils (ManagedRocksObjectUtils.java:assertClosed(39)) - ManagedBloomFilter is not closed properly
2022-08-10 09:22:00,097 [Finalizer] WARN  managed.ManagedRocksObjectUtils (ManagedRocksObjectUtils.java:assertClosed(39)) - ManagedColumnFamilyOptions is not closed properly
2022-08-10 09:22:00,097 [Finalizer] WARN  managed.ManagedRocksObjectUtils (ManagedRocksObjectUtils.java:assertClosed(39)) - ManagedLRUCache is not closed properly
2022-08-10 09:22:00,097 [Finalizer] WARN  managed.ManagedRocksObjectUtils (ManagedRocksObjectUtils.java:assertClosed(39)) - ManagedBloomFilter is not closed properly
2022-08-10 09:22:00,097 [Finalizer] WARN  managed.ManagedRocksObjectUtils (ManagedRocksObjectUtils.java:assertClosed(39)) - ManagedColumnFamilyOptions is not closed properly
2022-08-10 09:22:00,097 [Finalizer] WARN  managed.ManagedRocksObjectUtils (ManagedRocksObjectUtils.java:assertClosed(39)) - ManagedLRUCache is not closed properly
2022-08-10 09:22:00,097 [Finalizer] WARN  managed.ManagedRocksObjectUtils (ManagedRocksObjectUtils.java:assertClosed(39)) - ManagedBloomFilter is not closed properly
2022-08-10 09:22:00,097 [Finalizer] WARN  managed.ManagedRocksObjectUtils (ManagedRocksObjectUtils.java:assertClosed(39)) - ManagedColumnFamilyOptions is not closed properly
2022-08-10 09:22:00,098 [Finalizer] WARN  managed.ManagedRocksObjectUtils (ManagedRocksObjectUtils.java:assertClosed(39)) - ManagedLRUCache is not closed properly
2022-08-10 09:22:00,098 [Finalizer] WARN  managed.ManagedRocksObjectUtils (ManagedRocksObjectUtils.java:assertClosed(39)) - ManagedBloomFilter is not closed properly
2022-08-10 09:22:00,098 [Finalizer] WARN  managed.ManagedRocksObjectUtils (ManagedRocksObjectUtils.java:assertClosed(39)) - ManagedColumnFamilyOptions is not closed properly
2022-08-10 09:22:00,098 [Finalizer] WARN  managed.ManagedRocksObjectUtils (ManagedRocksObjectUtils.java:assertClosed(39)) - ManagedLRUCache is not closed properly
2022-08-10 09:22:00,098 [Finalizer] WARN  managed.ManagedRocksObjectUtils (ManagedRocksObjectUtils.java:assertClosed(39)) - ManagedBloomFilter is not closed properly
2022-08-10 09:22:00,098 [Finalizer] WARN  managed.ManagedRocksObjectUtils (ManagedRocksObjectUtils.java:assertClosed(39)) - ManagedColumnFamilyOptions is not closed properly
2022-08-10 09:22:00,098 [Finalizer] WARN  managed.ManagedRocksObjectUtils (ManagedRocksObjectUtils.java:assertClosed(39)) - ManagedLRUCache is not closed properly
2022-08-10 09:22:00,098 [Finalizer] WARN  managed.ManagedRocksObjectUtils (ManagedRocksObjectUtils.java:assertClosed(39)) - ManagedBloomFilter is not closed properly
2022-08-10 09:22:00,098 [Finalizer] WARN  managed.ManagedRocksObjectUtils (ManagedRocksObjectUtils.java:assertClosed(39)) - ManagedColumnFamilyOptions is not closed properly
2022-08-10 09:22:00,098 [Finalizer] WARN  managed.ManagedRocksObjectUtils (ManagedRocksObjectUtils.java:assertClosed(39)) - ManagedLRUCache is not closed properly
2022-08-10 09:22:00,098 [Finalizer] WARN  managed.ManagedRocksObjectUtils (ManagedRocksObjectUtils.java:assertClosed(39)) - ManagedBloomFilter is not closed properly
2022-08-10 09:22:00,098 [Finalizer] WARN  managed.ManagedRocksObjectUtils (ManagedRocksObjectUtils.java:assertClosed(39)) - ManagedColumnFamilyOptions is not closed properly
2022-08-10 09:22:00,098 [Finalizer] WARN  managed.ManagedRocksObjectUtils (ManagedRocksObjectUtils.java:assertClosed(39)) - ManagedLRUCache is not closed properly
2022-08-10 09:22:00,098 [Finalizer] WARN  managed.ManagedRocksObjectUtils (ManagedRocksObjectUtils.java:assertClosed(39)) - ManagedBloomFilter is not closed properly
2022-08-10 09:22:00,098 [Finalizer] WARN  managed.ManagedRocksObjectUtils (ManagedRocksObjectUtils.java:assertClosed(39)) - ManagedColumnFamilyOptions is not closed properly
2022-08-10 09:22:00,098 [Finalizer] WARN  managed.ManagedRocksObjectUtils (ManagedRocksObjectUtils.java:assertClosed(39)) - ManagedLRUCache is not closed properly
2022-08-10 09:22:00,098 [Finalizer] WARN  managed.ManagedRocksObjectUtils (ManagedRocksObjectUtils.java:assertClosed(39)) - ManagedBloomFilter is not closed properly
2022-08-10 09:22:00,098 [Finalizer] WARN  managed.ManagedRocksObjectUtils (ManagedRocksObjectUtils.java:assertClosed(39)) - ManagedColumnFamilyOptions is not closed properly
2022-08-10 09:22:00,098 [Finalizer] WARN  managed.ManagedRocksObjectUtils (ManagedRocksObjectUtils.java:assertClosed(39)) - ManagedLRUCache is not closed properly
2022-08-10 09:22:00,098 [Finalizer] WARN  managed.ManagedRocksObjectUtils (ManagedRocksObjectUtils.java:assertClosed(39)) - ManagedBloomFilter is not closed properly
2022-08-10 09:22:00,098 [Finalizer] WARN  managed.ManagedRocksObjectUtils (ManagedRocksObjectUtils.java:assertClosed(39)) - ManagedColumnFamilyOptions is not closed properly
2022-08-10 09:22:00,098 [Finalizer] WARN  managed.ManagedRocksObjectUtils (ManagedRocksObjectUtils.java:assertClosed(39)) - ManagedLRUCache is not closed properly
2022-08-10 09:22:00,098 [Finalizer] WARN  managed.ManagedRocksObjectUtils (ManagedRocksObjectUtils.java:assertClosed(39)) - ManagedBloomFilter is not closed properly
2022-08-10 09:22:00,098 [Finalizer] WARN  managed.ManagedRocksObjectUtils (ManagedRocksObjectUtils.java:assertClosed(39)) - ManagedColumnFamilyOptions is not closed properly
2022-08-10 09:22:00,099 [Finalizer] WARN  managed.ManagedRocksObjectUtils (ManagedRocksObjectUtils.java:assertClosed(39)) - ManagedLRUCache is not closed properly
2022-08-10 09:22:00,099 [Finalizer] WARN  managed.ManagedRocksObjectUtils (ManagedRocksObjectUtils.java:assertClosed(39)) - ManagedBloomFilter is not closed properly
2022-08-10 09:22:00,099 [Finalizer] WARN  managed.ManagedRocksObjectUtils (ManagedRocksObjectUtils.java:assertClosed(39)) - ManagedColumnFamilyOptions is not closed properly
2022-08-10 09:22:00,099 [Finalizer] WARN  managed.ManagedRocksObjectUtils (ManagedRocksObjectUtils.java:assertClosed(39)) - ManagedLRUCache is not closed properly
2022-08-10 09:22:00,099 [Finalizer] WARN  managed.ManagedRocksObjectUtils (ManagedRocksObjectUtils.java:assertClosed(39)) - ManagedBloomFilter is not closed properly
2022-08-10 09:22:00,099 [Finalizer] WARN  managed.ManagedRocksObjectUtils (ManagedRocksObjectUtils.java:assertClosed(39)) - ManagedColumnFamilyOptions is not closed properly
2022-08-10 09:22:00,099 [Finalizer] WARN  managed.ManagedRocksObjectUtils (ManagedRocksObjectUtils.java:assertClosed(39)) - ManagedLRUCache is not closed properly
2022-08-10 09:22:00,099 [Finalizer] WARN  managed.ManagedRocksObjectUtils (ManagedRocksObjectUtils.java:assertClosed(39)) - ManagedBloomFilter is not closed properly
2022-08-10 09:22:00,099 [Finalizer] WARN  managed.ManagedRocksObjectUtils (ManagedRocksObjectUtils.java:assertClosed(39)) - ManagedColumnFamilyOptions is not closed properly
2022-08-10 09:22:00,103 [Finalizer] WARN  managed.ManagedRocksObjectUtils (ManagedRocksObjectUtils.java:assertClosed(39)) - ManagedLRUCache is not closed properly
2022-08-10 09:22:00,112 [Finalizer] WARN  managed.ManagedRocksObjectUtils (ManagedRocksObjectUtils.java:assertClosed(39)) - ManagedColumnFamilyOptions is not closed properly
2022-08-10 09:22:00,112 [Finalizer] WARN  managed.ManagedRocksObjectUtils (ManagedRocksObjectUtils.java:assertClosed(39)) - ManagedColumnFamilyOptions is not closed properly
2022-08-10 09:22:00,112 [Finalizer] WARN  managed.ManagedRocksObjectUtils (ManagedRocksObjectUtils.java:assertClosed(39)) - ManagedColumnFamilyOptions is not closed properly
2022-08-10 09:22:00,112 [Finalizer] WARN  managed.ManagedRocksObjectUtils (ManagedRocksObjectUtils.java:assertClosed(39)) - ManagedColumnFamilyOptions is not closed properly
2022-08-10 09:22:00,112 [Finalizer] WARN  managed.ManagedRocksObjectUtils (ManagedRocksObjectUtils.java:assertClosed(39)) - ManagedColumnFamilyOptions is not closed properly
2022-08-10 09:22:00,112 [Finalizer] WARN  managed.ManagedRocksObjectUtils (ManagedRocksObjectUtils.java:assertClosed(39)) - ManagedColumnFamilyOptions is not closed properly
2022-08-10 09:22:00,112 [Finalizer] WARN  managed.ManagedRocksObjectUtils (ManagedRocksObjectUtils.java:assertClosed(39)) - ManagedColumnFamilyOptions is not closed properly
2022-08-10 09:22:00,112 [Finalizer] WARN  managed.ManagedRocksObjectUtils (ManagedRocksObjectUtils.java:assertClosed(39)) - ManagedColumnFamilyOptions is not closed properly
2022-08-10 09:22:00,112 [Finalizer] WARN  managed.ManagedRocksObjectUtils (ManagedRocksObjectUtils.java:assertClosed(39)) - ManagedColumnFamilyOptions is not closed properly
2022-08-10 09:22:00,112 [Finalizer] WARN  managed.ManagedRocksObjectUtils (ManagedRocksObjectUtils.java:assertClosed(39)) - ManagedColumnFamilyOptions is not closed properly
2022-08-10 09:22:00,112 [Finalizer] WARN  managed.ManagedRocksObjectUtils (ManagedRocksObjectUtils.java:assertClosed(39)) - ManagedBloomFilter is not closed properly
2022-08-10 09:22:00,112 [Finalizer] WARN  managed.ManagedRocksObjectUtils (ManagedRocksObjectUtils.java:assertClosed(39)) - ManagedColumnFamilyOptions is not closed properly
2022-08-10 09:22:00,112 [Finalizer] WARN  managed.ManagedRocksObjectUtils (ManagedRocksObjectUtils.java:assertClosed(39)) - ManagedLRUCache is not closed properly
2022-08-10 09:22:00,112 [Finalizer] WARN  managed.ManagedRocksObjectUtils (ManagedRocksObjectUtils.java:assertClosed(39)) - ManagedBloomFilter is not closed properly
2022-08-10 09:22:00,112 [Finalizer] WARN  managed.ManagedRocksObjectUtils (ManagedRocksObjectUtils.java:assertClosed(39)) - ManagedColumnFamilyOptions is not closed properly
2022-08-10 09:22:00,113 [Finalizer] WARN  managed.ManagedRocksObjectUtils (ManagedRocksObjectUtils.java:assertClosed(39)) - ManagedLRUCache is not closed properly
2022-08-10 09:22:00,113 [Finalizer] WARN  managed.ManagedRocksObjectUtils (ManagedRocksObjectUtils.java:assertClosed(39)) - ManagedBloomFilter is not closed properly
2022-08-10 09:22:00,114 [Finalizer] WARN  managed.ManagedRocksObjectUtils (ManagedRocksObjectUtils.java:assertClosed(39)) - ManagedDBOptions is not closed properly
2022-08-10 09:22:00,115 [Finalizer] WARN  managed.ManagedRocksObjectUtils (ManagedRocksObjectUtils.java:assertClosed(39)) - ManagedColumnFamilyOptions is not closed properly
2022-08-10 09:22:00,115 [Finalizer] WARN  managed.ManagedRocksObjectUtils (ManagedRocksObjectUtils.java:assertClosed(39)) - ManagedLRUCache is not closed properly
2022-08-10 09:22:00,115 [Finalizer] WARN  managed.ManagedRocksObjectUtils (ManagedRocksObjectUtils.java:assertClosed(39)) - ManagedBloomFilter is not closed properly
2022-08-10 09:22:00,115 [Finalizer] WARN  managed.ManagedRocksObjectUtils (ManagedRocksObjectUtils.java:assertClosed(39)) - ManagedDBOptions is not closed properly
2022-08-10 09:22:00,115 [Finalizer] WARN  managed.ManagedRocksObjectUtils (ManagedRocksObjectUtils.java:assertClosed(39)) - ManagedColumnFamilyOptions is not closed properly
2022-08-10 09:22:00,115 [Finalizer] WARN  managed.ManagedRocksObjectUtils (ManagedRocksObjectUtils.java:assertClosed(39)) - ManagedLRUCache is not closed properly
2022-08-10 09:22:00,115 [Finalizer] WARN  managed.ManagedRocksObjectUtils (ManagedRocksObjectUtils.java:assertClosed(39)) - ManagedBloomFilter is not closed properly
2022-08-10 09:22:00,115 [Finalizer] WARN  managed.ManagedRocksObjectUtils (ManagedRocksObjectUtils.java:assertClosed(39)) - Checkpoint is not closed properly
2022-08-10 09:22:00,116 [Finalizer] WARN  managed.ManagedRocksObjectUtils (ManagedRocksObjectUtils.java:assertClosed(39)) - Checkpoint is not closed properly
2022-08-10 09:22:00,116 [Finalizer] WARN  managed.ManagedRocksObjectUtils (ManagedRocksObjectUtils.java:assertClosed(39)) - Checkpoint is not closed properly
2022-08-10 09:22:00,344 [grpc-default-executor-1] WARN  server.GrpcLogAppender (LogUtils.java:warn(122)) - omNode-3@group-523986131536->omNode-2-AppendLogResponseHandler: Failed appendEntries: org.apache.ratis.thirdparty.io.grpc.StatusRuntimeException: UNAVAILABLE: io exception
2022-08-10 09:22:00,345 [grpc-default-executor-1] WARN  server.GrpcLogAppender (GrpcLogAppender.java:resetClient(111)) - omNode-3@group-523986131536->omNode-2-GrpcLogAppender: Leader has not got in touch with Follower omNode-3@group-523986131536->omNode-2(c-1,m0,n59, attendVote=true, lastRpcSendTime=0, lastRpcResponseTime=1832) yet, just keep nextIndex unchanged and retry.
2022-08-10 09:22:00,595 [grpc-default-executor-1] WARN  server.GrpcLogAppender (LogUtils.java:warn(122)) - omNode-3@group-523986131536->omNode-2-AppendLogResponseHandler: Failed appendEntries: org.apache.ratis.thirdparty.io.grpc.StatusRuntimeException: UNAVAILABLE: io exception
2022-08-10 09:22:00,596 [grpc-default-executor-1] WARN  server.GrpcLogAppender (GrpcLogAppender.java:resetClient(111)) - omNode-3@group-523986131536->omNode-2-GrpcLogAppender: Leader has not got in touch with Follower omNode-3@group-523986131536->omNode-2(c-1,m0,n59, attendVote=true, lastRpcSendTime=0, lastRpcResponseTime=2083) yet, just keep nextIndex unchanged and retry.
2022-08-10 09:22:00,846 [grpc-default-executor-1] WARN  server.GrpcLogAppender (LogUtils.java:warn(122)) - omNode-3@group-523986131536->omNode-2-AppendLogResponseHandler: Failed appendEntries: org.apache.ratis.thirdparty.io.grpc.StatusRuntimeException: UNAVAILABLE: io exception
2022-08-10 09:22:00,846 [grpc-default-executor-1] WARN  server.GrpcLogAppender (GrpcLogAppender.java:resetClient(111)) - omNode-3@group-523986131536->omNode-2-GrpcLogAppender: Leader has not got in touch with Follower omNode-3@group-523986131536->omNode-2(c-1,m0,n59, attendVote=true, lastRpcSendTime=251, lastRpcResponseTime=2334) yet, just keep nextIndex unchanged and retry.
2022-08-10 09:22:01,098 [grpc-default-executor-1] WARN  server.GrpcLogAppender (LogUtils.java:warn(122)) - omNode-3@group-523986131536->omNode-2-AppendLogResponseHandler: Failed appendEntries: org.apache.ratis.thirdparty.io.grpc.StatusRuntimeException: UNAVAILABLE: io exception
2022-08-10 09:22:01,099 [grpc-default-executor-1] WARN  server.GrpcLogAppender (GrpcLogAppender.java:resetClient(111)) - omNode-3@group-523986131536->omNode-2-GrpcLogAppender: Leader has not got in touch with Follower omNode-3@group-523986131536->omNode-2(c-1,m0,n59, attendVote=true, lastRpcSendTime=0, lastRpcResponseTime=2586) yet, just keep nextIndex unchanged and retry.
2022-08-10 09:22:01,349 [grpc-default-executor-1] WARN  server.GrpcLogAppender (LogUtils.java:warn(122)) - omNode-3@group-523986131536->omNode-2-AppendLogResponseHandler: Failed appendEntries: org.apache.ratis.thirdparty.io.grpc.StatusRuntimeException: UNAVAILABLE: io exception
2022-08-10 09:22:01,349 [grpc-default-executor-1] WARN  server.GrpcLogAppender (GrpcLogAppender.java:resetClient(111)) - omNode-3@group-523986131536->omNode-2-GrpcLogAppender: Leader has not got in touch with Follower omNode-3@group-523986131536->omNode-2(c-1,m0,n59, attendVote=true, lastRpcSendTime=0, lastRpcResponseTime=2837) yet, just keep nextIndex unchanged and retry.
2022-08-10 09:22:01,600 [grpc-default-executor-1] WARN  server.GrpcLogAppender (LogUtils.java:warn(122)) - omNode-3@group-523986131536->omNode-2-AppendLogResponseHandler: Failed appendEntries: org.apache.ratis.thirdparty.io.grpc.StatusRuntimeException: UNAVAILABLE: io exception
2022-08-10 09:22:01,600 [grpc-default-executor-1] WARN  server.GrpcLogAppender (GrpcLogAppender.java:resetClient(111)) - omNode-3@group-523986131536->omNode-2-GrpcLogAppender: Leader has not got in touch with Follower omNode-3@group-523986131536->omNode-2(c-1,m0,n59, attendVote=true, lastRpcSendTime=0, lastRpcResponseTime=3088) yet, just keep nextIndex unchanged and retry.
2022-08-10 09:22:01,850 [grpc-default-executor-1] WARN  server.GrpcLogAppender (LogUtils.java:warn(122)) - omNode-3@group-523986131536->omNode-2-AppendLogResponseHandler: Failed appendEntries: org.apache.ratis.thirdparty.io.grpc.StatusRuntimeException: UNAVAILABLE: io exception
2022-08-10 09:22:01,851 [grpc-default-executor-1] WARN  server.GrpcLogAppender (GrpcLogAppender.java:resetClient(111)) - omNode-3@group-523986131536->omNode-2-GrpcLogAppender: Leader has not got in touch with Follower omNode-3@group-523986131536->omNode-2(c-1,m0,n59, attendVote=true, lastRpcSendTime=0, lastRpcResponseTime=3338) yet, just keep nextIndex unchanged and retry.
2022-08-10 09:22:02,100 [grpc-default-executor-1] WARN  server.GrpcLogAppender (LogUtils.java:warn(122)) - omNode-3@group-523986131536->omNode-2-AppendLogResponseHandler: Failed appendEntries: org.apache.ratis.thirdparty.io.grpc.StatusRuntimeException: UNAVAILABLE: io exception
2022-08-10 09:22:02,101 [grpc-default-executor-1] WARN  server.GrpcLogAppender (GrpcLogAppender.java:resetClient(111)) - omNode-3@group-523986131536->omNode-2-GrpcLogAppender: Leader has not got in touch with Follower omNode-3@group-523986131536->omNode-2(c-1,m0,n59, attendVote=true, lastRpcSendTime=0, lastRpcResponseTime=3589) yet, just keep nextIndex unchanged and retry.
2022-08-10 09:22:02,352 [grpc-default-executor-1] WARN  server.GrpcLogAppender (LogUtils.java:warn(122)) - omNode-3@group-523986131536->omNode-2-AppendLogResponseHandler: Failed appendEntries: org.apache.ratis.thirdparty.io.grpc.StatusRuntimeException: UNAVAILABLE: io exception
2022-08-10 09:22:02,353 [grpc-default-executor-1] WARN  server.GrpcLogAppender (GrpcLogAppender.java:resetClient(111)) - omNode-3@group-523986131536->omNode-2-GrpcLogAppender: Leader has not got in touch with Follower omNode-3@group-523986131536->omNode-2(c-1,m0,n59, attendVote=true, lastRpcSendTime=1, lastRpcResponseTime=3840) yet, just keep nextIndex unchanged and retry.
2022-08-10 09:22:02,602 [grpc-default-executor-1] WARN  server.GrpcLogAppender (LogUtils.java:warn(122)) - omNode-3@group-523986131536->omNode-2-AppendLogResponseHandler: Failed appendEntries: org.apache.ratis.thirdparty.io.grpc.StatusRuntimeException: UNAVAILABLE: io exception
2022-08-10 09:22:02,603 [grpc-default-executor-1] WARN  server.GrpcLogAppender (GrpcLogAppender.java:resetClient(111)) - omNode-3@group-523986131536->omNode-2-GrpcLogAppender: Leader has not got in touch with Follower omNode-3@group-523986131536->omNode-2(c-1,m0,n59, attendVote=true, lastRpcSendTime=0, lastRpcResponseTime=4090) yet, just keep nextIndex unchanged and retry.
2022-08-10 09:22:02,853 [grpc-default-executor-2] WARN  server.GrpcLogAppender (LogUtils.java:warn(122)) - omNode-3@group-523986131536->omNode-2-AppendLogResponseHandler: Failed appendEntries: org.apache.ratis.thirdparty.io.grpc.StatusRuntimeException: UNAVAILABLE: io exception
2022-08-10 09:22:02,853 [grpc-default-executor-2] WARN  server.GrpcLogAppender (GrpcLogAppender.java:resetClient(111)) - omNode-3@group-523986131536->omNode-2-GrpcLogAppender: Leader has not got in touch with Follower omNode-3@group-523986131536->omNode-2(c-1,m0,n59, attendVote=true, lastRpcSendTime=0, lastRpcResponseTime=4341) yet, just keep nextIndex unchanged and retry.
2022-08-10 09:22:03,103 [grpc-default-executor-2] WARN  server.GrpcLogAppender (LogUtils.java:warn(122)) - omNode-3@group-523986131536->omNode-2-AppendLogResponseHandler: Failed appendEntries: org.apache.ratis.thirdparty.io.grpc.StatusRuntimeException: UNAVAILABLE: io exception
2022-08-10 09:22:03,104 [grpc-default-executor-2] WARN  server.GrpcLogAppender (GrpcLogAppender.java:resetClient(111)) - omNode-3@group-523986131536->omNode-2-GrpcLogAppender: Leader has not got in touch with Follower omNode-3@group-523986131536->omNode-2(c-1,m0,n59, attendVote=true, lastRpcSendTime=0, lastRpcResponseTime=4591) yet, just keep nextIndex unchanged and retry.
2022-08-10 09:22:03,354 [grpc-default-executor-2] WARN  server.GrpcLogAppender (LogUtils.java:warn(122)) - omNode-3@group-523986131536->omNode-2-AppendLogResponseHandler: Failed appendEntries: org.apache.ratis.thirdparty.io.grpc.StatusRuntimeException: UNAVAILABLE: io exception
2022-08-10 09:22:03,354 [grpc-default-executor-2] WARN  server.GrpcLogAppender (GrpcLogAppender.java:resetClient(111)) - omNode-3@group-523986131536->omNode-2-GrpcLogAppender: Leader has not got in touch with Follower omNode-3@group-523986131536->omNode-2(c-1,m0,n59, attendVote=true, lastRpcSendTime=0, lastRpcResponseTime=4842) yet, just keep nextIndex unchanged and retry.
2022-08-10 09:22:03,604 [grpc-default-executor-2] WARN  server.GrpcLogAppender (LogUtils.java:warn(122)) - omNode-3@group-523986131536->omNode-2-AppendLogResponseHandler: Failed appendEntries: org.apache.ratis.thirdparty.io.grpc.StatusRuntimeException: UNAVAILABLE: io exception
2022-08-10 09:22:03,605 [grpc-default-executor-2] WARN  server.GrpcLogAppender (GrpcLogAppender.java:resetClient(111)) - omNode-3@group-523986131536->omNode-2-GrpcLogAppender: Leader has not got in touch with Follower omNode-3@group-523986131536->omNode-2(c-1,m0,n59, attendVote=true, lastRpcSendTime=0, lastRpcResponseTime=5092) yet, just keep nextIndex unchanged and retry.
2022-08-10 09:22:03,855 [grpc-default-executor-2] WARN  server.GrpcLogAppender (LogUtils.java:warn(122)) - omNode-3@group-523986131536->omNode-2-AppendLogResponseHandler: Failed appendEntries: org.apache.ratis.thirdparty.io.grpc.StatusRuntimeException: UNAVAILABLE: io exception
2022-08-10 09:22:03,855 [grpc-default-executor-2] WARN  server.GrpcLogAppender (GrpcLogAppender.java:resetClient(111)) - omNode-3@group-523986131536->omNode-2-GrpcLogAppender: Leader has not got in touch with Follower omNode-3@group-523986131536->omNode-2(c-1,m0,n59, attendVote=true, lastRpcSendTime=0, lastRpcResponseTime=5343) yet, just keep nextIndex unchanged and retry.
2022-08-10 09:22:04,105 [grpc-default-executor-2] WARN  server.GrpcLogAppender (LogUtils.java:warn(122)) - omNode-3@group-523986131536->omNode-2-AppendLogResponseHandler: Failed appendEntries: org.apache.ratis.thirdparty.io.grpc.StatusRuntimeException: UNAVAILABLE: io exception
2022-08-10 09:22:04,107 [grpc-default-executor-2] WARN  server.GrpcLogAppender (GrpcLogAppender.java:resetClient(111)) - omNode-3@group-523986131536->omNode-2-GrpcLogAppender: Leader has not got in touch with Follower omNode-3@group-523986131536->omNode-2(c-1,m0,n59, attendVote=true, lastRpcSendTime=1, lastRpcResponseTime=5594) yet, just keep nextIndex unchanged and retry.
2022-08-10 09:22:04,355 [grpc-default-executor-2] WARN  server.GrpcLogAppender (LogUtils.java:warn(122)) - omNode-3@group-523986131536->omNode-2-AppendLogResponseHandler: Failed appendEntries: org.apache.ratis.thirdparty.io.grpc.StatusRuntimeException: UNAVAILABLE: io exception
2022-08-10 09:22:04,356 [grpc-default-executor-2] WARN  server.GrpcLogAppender (GrpcLogAppender.java:resetClient(111)) - omNode-3@group-523986131536->omNode-2-GrpcLogAppender: Leader has not got in touch with Follower omNode-3@group-523986131536->omNode-2(c-1,m0,n59, attendVote=true, lastRpcSendTime=0, lastRpcResponseTime=5844) yet, just keep nextIndex unchanged and retry.
2022-08-10 09:22:04,606 [grpc-default-executor-2] WARN  server.GrpcLogAppender (LogUtils.java:warn(122)) - omNode-3@group-523986131536->omNode-2-AppendLogResponseHandler: Failed appendEntries: org.apache.ratis.thirdparty.io.grpc.StatusRuntimeException: UNAVAILABLE: io exception
2022-08-10 09:22:04,607 [grpc-default-executor-2] WARN  server.GrpcLogAppender (GrpcLogAppender.java:resetClient(111)) - omNode-3@group-523986131536->omNode-2-GrpcLogAppender: Leader has not got in touch with Follower omNode-3@group-523986131536->omNode-2(c-1,m0,n59, attendVote=true, lastRpcSendTime=1, lastRpcResponseTime=6094) yet, just keep nextIndex unchanged and retry.
2022-08-10 09:22:04,856 [grpc-default-executor-2] WARN  server.GrpcLogAppender (LogUtils.java:warn(122)) - omNode-3@group-523986131536->omNode-2-AppendLogResponseHandler: Failed appendEntries: org.apache.ratis.thirdparty.io.grpc.StatusRuntimeException: UNAVAILABLE: io exception
2022-08-10 09:22:04,857 [grpc-default-executor-2] WARN  server.GrpcLogAppender (GrpcLogAppender.java:resetClient(111)) - omNode-3@group-523986131536->omNode-2-GrpcLogAppender: Leader has not got in touch with Follower omNode-3@group-523986131536->omNode-2(c-1,m0,n59, attendVote=true, lastRpcSendTime=0, lastRpcResponseTime=6344) yet, just keep nextIndex unchanged and retry.
2022-08-10 09:22:05,107 [grpc-default-executor-2] WARN  server.GrpcLogAppender (LogUtils.java:warn(122)) - omNode-3@group-523986131536->omNode-2-AppendLogResponseHandler: Failed appendEntries: org.apache.ratis.thirdparty.io.grpc.StatusRuntimeException: UNAVAILABLE: io exception
2022-08-10 09:22:05,107 [grpc-default-executor-2] WARN  server.GrpcLogAppender (GrpcLogAppender.java:resetClient(111)) - omNode-3@group-523986131536->omNode-2-GrpcLogAppender: Leader has not got in touch with Follower omNode-3@group-523986131536->omNode-2(c-1,m0,n59, attendVote=true, lastRpcSendTime=0, lastRpcResponseTime=6595) yet, just keep nextIndex unchanged and retry.
2022-08-10 09:22:05,357 [grpc-default-executor-2] WARN  server.GrpcLogAppender (LogUtils.java:warn(122)) - omNode-3@group-523986131536->omNode-2-AppendLogResponseHandler: Failed appendEntries: org.apache.ratis.thirdparty.io.grpc.StatusRuntimeException: UNAVAILABLE: io exception
2022-08-10 09:22:05,361 [grpc-default-executor-2] WARN  server.GrpcLogAppender (GrpcLogAppender.java:resetClient(111)) - omNode-3@group-523986131536->omNode-2-GrpcLogAppender: Leader has not got in touch with Follower omNode-3@group-523986131536->omNode-2(c-1,m0,n59, attendVote=true, lastRpcSendTime=3, lastRpcResponseTime=6848) yet, just keep nextIndex unchanged and retry.
2022-08-10 09:22:05,608 [grpc-default-executor-2] WARN  server.GrpcLogAppender (LogUtils.java:warn(122)) - omNode-3@group-523986131536->omNode-2-AppendLogResponseHandler: Failed appendEntries: org.apache.ratis.thirdparty.io.grpc.StatusRuntimeException: UNAVAILABLE: io exception
2022-08-10 09:22:05,611 [grpc-default-executor-2] WARN  server.GrpcLogAppender (GrpcLogAppender.java:resetClient(111)) - omNode-3@group-523986131536->omNode-2-GrpcLogAppender: Leader has not got in touch with Follower omNode-3@group-523986131536->omNode-2(c-1,m0,n59, attendVote=true, lastRpcSendTime=2, lastRpcResponseTime=7098) yet, just keep nextIndex unchanged and retry.
2022-08-10 09:22:05,858 [grpc-default-executor-2] WARN  server.GrpcLogAppender (LogUtils.java:warn(122)) - omNode-3@group-523986131536->omNode-2-AppendLogResponseHandler: Failed appendEntries: org.apache.ratis.thirdparty.io.grpc.StatusRuntimeException: UNAVAILABLE: io exception
2022-08-10 09:22:05,859 [grpc-default-executor-2] WARN  server.GrpcLogAppender (GrpcLogAppender.java:resetClient(111)) - omNode-3@group-523986131536->omNode-2-GrpcLogAppender: Leader has not got in touch with Follower omNode-3@group-523986131536->omNode-2(c-1,m0,n59, attendVote=true, lastRpcSendTime=0, lastRpcResponseTime=7346) yet, just keep nextIndex unchanged and retry.
2022-08-10 09:22:06,109 [grpc-default-executor-2] WARN  server.GrpcLogAppender (LogUtils.java:warn(122)) - omNode-3@group-523986131536->omNode-2-AppendLogResponseHandler: Failed appendEntries: org.apache.ratis.thirdparty.io.grpc.StatusRuntimeException: UNAVAILABLE: io exception
2022-08-10 09:22:06,109 [grpc-default-executor-2] WARN  server.GrpcLogAppender (GrpcLogAppender.java:resetClient(111)) - omNode-3@group-523986131536->omNode-2-GrpcLogAppender: Leader has not got in touch with Follower omNode-3@group-523986131536->omNode-2(c-1,m0,n59, attendVote=true, lastRpcSendTime=251, lastRpcResponseTime=7597) yet, just keep nextIndex unchanged and retry.
2022-08-10 09:22:06,116 [Listener at localhost/38141] INFO  retry.RetryInvocationHandler (RetryInvocationHandler.java:log(411)) - com.google.protobuf.ServiceException: java.io.EOFException: End of File Exception between local host is: "fv-az244-795/10.1.0.9"; destination host is: "localhost":38141; : java.io.EOFException; For more details see:  http://wiki.apache.org/hadoop/EOFException, while invoking $Proxy55.submitRequest over nodeId=omNode-2,nodeAddress=127.0.0.1:38141. Trying to failover immediately.
2022-08-10 09:22:06,143 [Listener at localhost/38141] INFO  om.OzoneManager (OzoneManager.java:stop(2022)) - omNode-3[localhost:36235]: Stopping Ozone Manager
2022-08-10 09:22:06,143 [Listener at localhost/38141] INFO  ipc.Server (Server.java:stop(3414)) - Stopping server on 36235
2022-08-10 09:22:06,147 [IPC Server listener on 36235] INFO  ipc.Server (Server.java:run(1376)) - Stopping IPC Server listener on 36235
2022-08-10 09:22:06,147 [IPC Server Responder] INFO  ipc.Server (Server.java:run(1512)) - Stopping IPC Server Responder
2022-08-10 09:22:06,147 [Listener at localhost/38141] INFO  server.RaftServer (RaftServerProxy.java:lambda$close$7(398)) - omNode-3: close
2022-08-10 09:22:06,147 [Listener at localhost/38141] INFO  server.RaftServer$Division (RaftServerImpl.java:lambda$close$4(434)) - omNode-3@group-523986131536: shutdown
2022-08-10 09:22:06,148 [Listener at localhost/38141] INFO  util.JmxRegister (JmxRegister.java:unregister(73)) - Successfully un-registered JMX Bean with object name Ratis:service=RaftServer,group=group-523986131536,id=omNode-3
2022-08-10 09:22:06,148 [Listener at localhost/38141] INFO  impl.RoleInfo (RoleInfo.java:shutdownLeaderState(93)) - omNode-3: shutdown omNode-3@group-523986131536-LeaderStateImpl
2022-08-10 09:22:06,148 [Listener at localhost/38141] INFO  impl.PendingRequests (PendingRequests.java:sendNotLeaderResponses(282)) - omNode-3@group-523986131536-PendingRequests: sendNotLeaderResponses
2022-08-10 09:22:06,148 [omNode-3@group-523986131536->omNode-1-GrpcLogAppender-LogAppenderDaemon] WARN  server.GrpcLogAppender (GrpcLogAppender.java:mayWait(171)) - omNode-3@group-523986131536->omNode-1-GrpcLogAppender: Wait interrupted by java.lang.InterruptedException
2022-08-10 09:22:06,150 [Listener at localhost/38141] INFO  impl.StateMachineUpdater (StateMachineUpdater.java:stopAndJoin(153)) - omNode-3@group-523986131536-StateMachineUpdater: set stopIndex = 58
2022-08-10 09:22:06,150 [omNode-3@group-523986131536-StateMachineUpdater] INFO  ratis.OzoneManagerStateMachine (OzoneManagerStateMachine.java:takeSnapshot(441)) - Current Snapshot Index (t:5, i:58)
2022-08-10 09:22:06,150 [omNode-3@group-523986131536-StateMachineUpdater] INFO  impl.StateMachineUpdater (StateMachineUpdater.java:takeSnapshot(287)) - omNode-3@group-523986131536-StateMachineUpdater: Took a snapshot at index 58
2022-08-10 09:22:06,150 [omNode-3@group-523986131536-StateMachineUpdater] INFO  impl.StateMachineUpdater (StateMachineUpdater.java:lambda$new$0(92)) - omNode-3@group-523986131536-StateMachineUpdater: snapshotIndex: updateIncreasingly 29 -> 58
2022-08-10 09:22:06,151 [omNode-3@group-523986131536-StateMachineUpdater] INFO  raftlog.RaftLog (RaftLogBase.java:purge(308)) - omNode-3@group-523986131536-SegmentedRaftLog: purge 58
2022-08-10 09:22:06,151 [grpc-default-executor-2] INFO  server.GrpcServerProtocolService (GrpcServerProtocolService.java:onCompleted(140)) - omNode-1: Completed APPEND_ENTRIES, lastRequest: omNode-3->omNode-1#2-t5,previous=(t:5, i:57),leaderCommit=57,initializing? true,entries: size=1, first=(t:5, i:58), METADATAENTRY(c:57)
2022-08-10 09:22:06,154 [omNode-3@group-523986131536-StateMachineUpdater] INFO  raftlog.RaftLog (RaftLogBase.java:lambda$new$0(53)) - omNode-3@group-523986131536-SegmentedRaftLog: snapshotIndex: updateIncreasingly 29 -> 58
2022-08-10 09:22:06,154 [omNode-3@group-523986131536-StateMachineUpdater] INFO  ratis.OzoneManagerStateMachine (OzoneManagerStateMachine.java:close(495)) - StateMachine has shutdown. Shutdown OzoneManager if not already shutdown.
2022-08-10 09:22:06,154 [omNode-3@group-523986131536-StateMachineUpdater] INFO  ratis.OzoneManagerDoubleBuffer (OzoneManagerDoubleBuffer.java:stop(466)) - Stopping OMDoubleBuffer flush thread
2022-08-10 09:22:06,155 [grpc-default-executor-2] INFO  server.GrpcLogAppender (GrpcLogAppender.java:onCompleted(339)) - omNode-3@group-523986131536->omNode-1-AppendLogResponseHandler: follower responses appendEntries COMPLETED
2022-08-10 09:22:06,155 [OMDoubleBufferFlushThread] INFO  ratis.OzoneManagerDoubleBuffer (OzoneManagerDoubleBuffer.java:flushTransactions(385)) - OMDoubleBuffer flush thread OMDoubleBufferFlushThread is interrupted and will exit.
2022-08-10 09:22:06,155 [grpc-default-executor-2] INFO  leader.FollowerInfo (FollowerInfoImpl.java:lambda$new$0(48)) - omNode-3@group-523986131536->omNode-1: nextIndex: updateUnconditionally 59 -> 58
2022-08-10 09:22:06,156 [omNode-3@group-523986131536-SegmentedRaftLogWorker] INFO  raftlog.RaftLog (RaftLogBase.java:lambda$new$0(53)) - omNode-3@group-523986131536-SegmentedRaftLog: purgeIndex: updateToMax old=-1, new=56, updated? true
2022-08-10 09:22:06,156 [Listener at localhost/38141] INFO  server.RaftServer$Division (ServerState.java:close(429)) - omNode-3@group-523986131536: closes. applyIndex: 58
2022-08-10 09:22:06,156 [omNode-3@group-523986131536-SegmentedRaftLogWorker] INFO  segmented.SegmentedRaftLogWorker (SegmentedRaftLogWorker.java:run(336)) - omNode-3@group-523986131536-SegmentedRaftLogWorker was interrupted, exiting. There are 0 tasks remaining in the queue.
2022-08-10 09:22:06,158 [Listener at localhost/38141] INFO  segmented.SegmentedRaftLogWorker (SegmentedRaftLogWorker.java:close(246)) - omNode-3@group-523986131536-SegmentedRaftLogWorker close()
2022-08-10 09:22:06,159 [Listener at localhost/38141] INFO  server.GrpcService (GrpcService.java:closeImpl(269)) - omNode-3: shutdown server with port 34947 now
2022-08-10 09:22:06,168 [Listener at localhost/38141] INFO  server.GrpcService (GrpcService.java:closeImpl(278)) - omNode-3: shutdown server with port 34947 successfully
2022-08-10 09:22:06,168 [org.apache.ratis.util.JvmPauseMonitor$$Lambda$696/1259104175@7e87846c] INFO  util.JvmPauseMonitor (JvmPauseMonitor.java:run(109)) - JvmPauseMonitor-omNode-3: Stopped
2022-08-10 09:22:06,168 [Listener at localhost/38141] INFO  ratis.OzoneManagerStateMachine (OzoneManagerStateMachine.java:close(495)) - StateMachine has shutdown. Shutdown OzoneManager if not already shutdown.
2022-08-10 09:22:06,168 [Listener at localhost/38141] INFO  ratis.OzoneManagerDoubleBuffer (OzoneManagerDoubleBuffer.java:stop(478)) - OMDoubleBuffer flush thread is not running.
2022-08-10 09:22:06,169 [Listener at localhost/38141] INFO  handler.ContextHandler (ContextHandler.java:doStop(1153)) - Stopped o.e.j.w.WebAppContext@11620476{ozoneManager,/,null,STOPPED}{file:/home/runner/work/ozone/ozone/hadoop-ozone/integration-test/target/test-classes/webapps/ozoneManager}
2022-08-10 09:22:06,170 [Listener at localhost/38141] INFO  server.AbstractConnector (AbstractConnector.java:doStop(381)) - Stopped ServerConnector@214a338a{HTTP/1.1, (http/1.1)}{0.0.0.0:34027}
2022-08-10 09:22:06,170 [Listener at localhost/38141] INFO  server.session (HouseKeeper.java:stopScavenging(149)) - node0 Stopped scavenging
2022-08-10 09:22:06,170 [Listener at localhost/38141] INFO  handler.ContextHandler (ContextHandler.java:doStop(1153)) - Stopped o.e.j.s.ServletContextHandler@407c9ee8{static,/static,file:///home/runner/work/ozone/ozone/hadoop-ozone/integration-test/target/test-classes/webapps/static,STOPPED}
2022-08-10 09:22:06,171 [Listener at localhost/38141] INFO  handler.ContextHandler (ContextHandler.java:doStop(1153)) - Stopped o.e.j.s.ServletContextHandler@50693c4e{logs,/logs,file:///home/runner/work/ozone/ozone/hadoop-ozone/integration-test/target/log,STOPPED}
2022-08-10 09:22:06,174 [Listener at localhost/38141] INFO  om.OzoneManager (OzoneManager.java:restart(1559)) - OzoneManager RPC server is listening at localhost/127.0.0.1:36235
2022-08-10 09:22:06,174 [Listener at localhost/38141] INFO  impl.MetricsSystemImpl (MetricsSystemImpl.java:init(158)) - OzoneManager metrics system started (again)
2022-08-10 09:22:06,188 [Listener at localhost/38141] WARN  server.ServerUtils (ServerUtils.java:getDBPath(225)) - ozone.om.db.dirs is not configured. We recommend adding this setting. Falling back to ozone.metadata.dirs instead.
2022-08-10 09:22:06,189 [Listener at localhost/38141] INFO  codec.OmKeyInfoCodec (OmKeyInfoCodec.java:<init>(49)) - OmKeyInfoCodec ignorePipeline = true
2022-08-10 09:22:06,189 [Listener at localhost/38141] INFO  codec.RepeatedOmKeyInfoCodec (RepeatedOmKeyInfoCodec.java:<init>(41)) - RepeatedOmKeyInfoCodec ignorePipeline = true
2022-08-10 09:22:06,241 [Listener at localhost/38141] INFO  om.OzoneManager (OzoneManager.java:instantiateServices(697)) - S3 Multi-Tenancy is disabled
2022-08-10 09:22:06,244 [Listener at localhost/38141] WARN  impl.MetricRegistriesImpl (MetricRegistriesImpl.java:addReporterRegistration(111)) - New reporters are added after registries were created. Some metrics will be missing from the reporter. Please add reporter before adding any new registry.
2022-08-10 09:22:06,245 [Listener at localhost/38141] WARN  impl.MetricRegistriesImpl (MetricRegistriesImpl.java:addReporterRegistration(111)) - New reporters are added after registries were created. Some metrics will be missing from the reporter. Please add reporter before adding any new registry.
2022-08-10 09:22:06,245 [Listener at localhost/38141] WARN  server.ServerUtils (ServerUtils.java:getDefaultRatisDirectory(237)) - Storage directory for Ratis is not configured. It is a good idea to map this to an SSD disk. Falling back to ozone.metadata.dirs
2022-08-10 09:22:06,246 [Listener at localhost/38141] INFO  ratis.OzoneManagerRatisServer (OzoneManagerRatisServer.java:<init>(159)) - Instantiating OM Ratis server with groupID: om-service-test1 and peers: localhost:34947, localhost:44673, localhost:36767
2022-08-10 09:22:06,247 [Listener at localhost/38141] INFO  ratis.OzoneManagerStateMachine (OzoneManagerStateMachine.java:loadSnapshotInfoFromDB(632)) - LastAppliedIndex is set from TransactionInfo from OM DB as (t:5, i:58)
2022-08-10 09:22:06,247 [Listener at localhost/38141] INFO  server.RaftServer (ConfUtils.java:logGet(46)) - raft.rpc.type = GRPC (default)
2022-08-10 09:22:06,247 [Listener at localhost/38141] INFO  grpc.GrpcFactory (GrpcFactory.java:checkPooledByteBufAllocatorUseCacheForAllThreads(48)) - PERFORMANCE WARNING: useCacheForAllThreads is true that may cause Netty to create a lot garbage objects and, as a result, trigger GC.
	It is recommended to disable useCacheForAllThreads by setting -Dorg.apache.ratis.thirdparty.io.netty.allocator.useCacheForAllThreads=false in command line.
2022-08-10 09:22:06,248 [Listener at localhost/38141] INFO  grpc.GrpcConfigKeys (ConfUtils.java:logGet(46)) - raft.grpc.admin.port = -1 (default)
2022-08-10 09:22:06,248 [Listener at localhost/38141] INFO  grpc.GrpcConfigKeys (ConfUtils.java:logGet(46)) - raft.grpc.server.port = 34947 (custom)
2022-08-10 09:22:06,248 [Listener at localhost/38141] INFO  grpc.GrpcConfigKeys (ConfUtils.java:logGet(46)) - raft.grpc.client.port = -1 (default)
2022-08-10 09:22:06,248 [Listener at localhost/38141] INFO  grpc.GrpcConfigKeys (ConfUtils.java:logGet(46)) - raft.grpc.server.port = 34947 (custom)
2022-08-10 09:22:06,249 [Listener at localhost/38141] INFO  grpc.GrpcConfigKeys (ConfUtils.java:logGet(46)) - raft.grpc.server.port = 34947 (custom)
2022-08-10 09:22:06,249 [Listener at localhost/38141] INFO  server.GrpcService (ConfUtils.java:logGet(46)) - raft.grpc.message.size.max = 33554432 (custom)
2022-08-10 09:22:06,249 [Listener at localhost/38141] INFO  server.RaftServerConfigKeys (ConfUtils.java:logGet(46)) - raft.server.log.appender.buffer.byte-limit = 33554432 (custom)
2022-08-10 09:22:06,249 [Listener at localhost/38141] INFO  server.GrpcService (ConfUtils.java:logGet(46)) - raft.grpc.flow.control.window = 1MB (=1048576) (default)
2022-08-10 09:22:06,249 [Listener at localhost/38141] INFO  server.RaftServerConfigKeys (ConfUtils.java:logGet(46)) - raft.server.rpc.request.timeout = 3000ms (default)
2022-08-10 09:22:06,250 [Listener at localhost/38141] INFO  grpc.GrpcConfigKeys (ConfUtils.java:logGet(46)) - raft.grpc.server.async.request.thread.pool.cached = true (default)
2022-08-10 09:22:06,250 [Listener at localhost/38141] INFO  grpc.GrpcConfigKeys (ConfUtils.java:logGet(46)) - raft.grpc.server.async.request.thread.pool.size = 32 (default)
2022-08-10 09:22:06,252 [Listener at localhost/38141] INFO  impl.DataStreamServerImpl (ConfUtils.java:logGet(46)) - raft.datastream.type = DISABLED (default)
2022-08-10 09:22:06,252 [Listener at localhost/38141] INFO  server.RaftServerConfigKeys (ConfUtils.java:logGet(46)) - raft.server.threadpool.proxy.cached = true (default)
2022-08-10 09:22:06,252 [Listener at localhost/38141] INFO  server.RaftServerConfigKeys (ConfUtils.java:logGet(46)) - raft.server.threadpool.proxy.size = 0 (default)
2022-08-10 09:22:06,252 [Listener at localhost/38141] INFO  server.RaftServerConfigKeys (ConfUtils.java:logGet(46)) - raft.server.rpc.slowness.timeout = 2s (custom)
2022-08-10 09:22:06,253 [Listener at localhost/38141] INFO  server.RaftServerConfigKeys (ConfUtils.java:logGet(46)) - raft.server.leaderelection.leader.step-down.wait-time = 10s (default)
2022-08-10 09:22:06,253 [Listener at localhost/38141] INFO  server.RaftServerConfigKeys (ConfUtils.java:logGet(46)) - raft.server.storage.dir = [/home/runner/work/ozone/ozone/hadoop-ozone/integration-test/target/test-dir/MiniOzoneClusterImpl-5b46f7b7-15cd-42ca-88c0-c813cff626ca/omNode-3/ratis] (custom)
2022-08-10 09:22:06,253 [omNode-3-impl-thread1] INFO  server.RaftServer (RaftServerProxy.java:initGroupDir(247)) - omNode-3: found a subdirectory /home/runner/work/ozone/ozone/hadoop-ozone/integration-test/target/test-dir/MiniOzoneClusterImpl-5b46f7b7-15cd-42ca-88c0-c813cff626ca/omNode-3/ratis/c9bc4cf4-3bc3-3c60-a66b-523986131536
2022-08-10 09:22:06,254 [Listener at localhost/38141] INFO  server.RaftServer (RaftServerProxy.java:addNew(96)) - omNode-3: addNew group-523986131536:[omNode-3|rpc:localhost:34947|priority:0, omNode-1|rpc:localhost:44673|priority:0, omNode-2|rpc:localhost:36767|priority:0] returns group-523986131536:java.util.concurrent.CompletableFuture@62386752[Not completed]
2022-08-10 09:22:06,254 [Listener at localhost/38141] INFO  om.OzoneManager (OzoneManager.java:initializeRatisServer(1963)) - OzoneManager Ratis server initialized at port 34947
2022-08-10 09:22:06,254 [Listener at localhost/38141] INFO  ratis.OzoneManagerRatisServer (OzoneManagerRatisServer.java:start(554)) - Starting OzoneManagerRatisServer omNode-3 at port 34947
2022-08-10 09:22:06,255 [pool-315-thread-1] INFO  server.RaftServer$Division (RaftServerImpl.java:<init>(190)) - omNode-3: new RaftServerImpl for group-523986131536:[omNode-3|rpc:localhost:34947|priority:0, omNode-1|rpc:localhost:44673|priority:0, omNode-2|rpc:localhost:36767|priority:0] with OzoneManagerStateMachine:uninitialized
2022-08-10 09:22:06,255 [pool-315-thread-1] INFO  server.RaftServerConfigKeys (ConfUtils.java:logGet(46)) - raft.server.rpc.timeout.min = 1s (custom)
2022-08-10 09:22:06,255 [pool-315-thread-1] INFO  server.RaftServerConfigKeys (ConfUtils.java:logGet(46)) - raft.server.rpc.timeout.max = 1200ms (custom)
2022-08-10 09:22:06,255 [pool-315-thread-1] INFO  server.RaftServerConfigKeys (ConfUtils.java:logGet(46)) - raft.server.rpc.sleep.time = 25ms (default)
2022-08-10 09:22:06,255 [pool-315-thread-1] INFO  server.RaftServerConfigKeys (ConfUtils.java:logGet(46)) - raft.server.rpc.slowness.timeout = 2s (custom)
2022-08-10 09:22:06,255 [pool-315-thread-1] INFO  server.RaftServerConfigKeys (ConfUtils.java:logGet(46)) - raft.server.leaderelection.leader.step-down.wait-time = 10s (default)
2022-08-10 09:22:06,255 [pool-315-thread-1] INFO  server.RaftServerConfigKeys (ConfUtils.java:logGet(46)) - raft.server.sleep.deviation.threshold = 300ms (default)
2022-08-10 09:22:06,255 [pool-315-thread-1] INFO  server.RaftServer$Division (ServerState.java:<init>(107)) - omNode-3@group-523986131536: ConfigurationManager, init=-1: [omNode-3|rpc:localhost:34947|priority:0, omNode-1|rpc:localhost:44673|priority:0, omNode-2|rpc:localhost:36767|priority:0], old=null, confs=<EMPTY_MAP>
2022-08-10 09:22:06,255 [pool-315-thread-1] INFO  server.RaftServerConfigKeys (ConfUtils.java:logGet(46)) - raft.server.storage.dir = [/home/runner/work/ozone/ozone/hadoop-ozone/integration-test/target/test-dir/MiniOzoneClusterImpl-5b46f7b7-15cd-42ca-88c0-c813cff626ca/omNode-3/ratis] (custom)
2022-08-10 09:22:06,256 [pool-315-thread-1] INFO  server.RaftServerConfigKeys (ConfUtils.java:logGet(46)) - raft.server.log.corruption.policy = EXCEPTION (default)
2022-08-10 09:22:06,256 [pool-315-thread-1] INFO  server.RaftServerConfigKeys (ConfUtils.java:logGet(46)) - raft.server.storage.free-space.min = 0MB (=0) (default)
2022-08-10 09:22:06,257 [pool-315-thread-1] INFO  storage.RaftStorageDirectory (RaftStorageDirectoryImpl.java:tryLock(230)) - Lock on /home/runner/work/ozone/ozone/hadoop-ozone/integration-test/target/test-dir/MiniOzoneClusterImpl-5b46f7b7-15cd-42ca-88c0-c813cff626ca/omNode-3/ratis/c9bc4cf4-3bc3-3c60-a66b-523986131536/in_use.lock acquired by nodename 28234@fv-az244-795
2022-08-10 09:22:06,258 [pool-315-thread-1] INFO  storage.RaftStorage (RaftStorageImpl.java:analyzeAndRecoverStorage(110)) - Read RaftStorageMetadata{term=5, votedFor=omNode-3} from /home/runner/work/ozone/ozone/hadoop-ozone/integration-test/target/test-dir/MiniOzoneClusterImpl-5b46f7b7-15cd-42ca-88c0-c813cff626ca/omNode-3/ratis/c9bc4cf4-3bc3-3c60-a66b-523986131536/current/raft-meta
2022-08-10 09:22:06,258 [pool-315-thread-1] INFO  server.RaftServer$Division (ServerState.java:setRaftConf(393)) - omNode-3@group-523986131536: set configuration 57: [omNode-3|rpc:localhost:34947|admin:|client:|dataStream:|priority:0, omNode-1|rpc:localhost:44673|admin:|client:|dataStream:|priority:0, omNode-2|rpc:localhost:36767|admin:|client:|dataStream:|priority:0], old=null
2022-08-10 09:22:06,258 [pool-315-thread-1] INFO  server.RaftServerConfigKeys (ConfUtils.java:logGet(46)) - raft.server.notification.no-leader.timeout = 2s (custom)
2022-08-10 09:22:06,258 [pool-315-thread-1] INFO  server.RaftServerConfigKeys (ConfUtils.java:logGet(46)) - raft.server.log.use.memory = false (default)
2022-08-10 09:22:06,258 [pool-315-thread-1] INFO  server.RaftServerConfigKeys (ConfUtils.java:logGet(46)) - raft.server.log.purge.gap = 50 (custom)
2022-08-10 09:22:06,258 [pool-315-thread-1] INFO  server.RaftServerConfigKeys (ConfUtils.java:logGet(46)) - raft.server.log.appender.buffer.byte-limit = 33554432 (custom)
2022-08-10 09:22:06,259 [pool-315-thread-1] INFO  server.RaftServerConfigKeys (ConfUtils.java:logGet(46)) - raft.server.log.statemachine.data.read.timeout = 1000ms (default)
2022-08-10 09:22:06,259 [pool-315-thread-1] INFO  server.RaftServerConfigKeys (ConfUtils.java:logGet(46)) - raft.server.log.segment.size.max = 4194304 (custom)
2022-08-10 09:22:06,259 [pool-315-thread-1] INFO  server.RaftServerConfigKeys (ConfUtils.java:logGet(46)) - raft.server.log.segment.cache.num.max = 2 (custom)
2022-08-10 09:22:06,259 [pool-315-thread-1] INFO  server.RaftServerConfigKeys (ConfUtils.java:logGet(46)) - raft.server.log.segment.cache.size.max = 200MB (=209715200) (default)
2022-08-10 09:22:06,260 [pool-315-thread-1] INFO  segmented.SegmentedRaftLogWorker (SegmentedRaftLogWorker.java:<init>(187)) - new omNode-3@group-523986131536-SegmentedRaftLogWorker for RaftStorageImpl:Storage Directory /home/runner/work/ozone/ozone/hadoop-ozone/integration-test/target/test-dir/MiniOzoneClusterImpl-5b46f7b7-15cd-42ca-88c0-c813cff626ca/omNode-3/ratis/c9bc4cf4-3bc3-3c60-a66b-523986131536
2022-08-10 09:22:06,260 [pool-315-thread-1] INFO  server.RaftServerConfigKeys (ConfUtils.java:logGet(46)) - raft.server.log.queue.byte-limit = 64MB (=67108864) (default)
2022-08-10 09:22:06,260 [pool-315-thread-1] INFO  server.RaftServerConfigKeys (ConfUtils.java:logGet(46)) - raft.server.log.queue.element-limit = 4096 (default)
2022-08-10 09:22:06,260 [pool-315-thread-1] INFO  server.RaftServerConfigKeys (ConfUtils.java:logGet(46)) - raft.server.log.segment.size.max = 4194304 (custom)
2022-08-10 09:22:06,260 [pool-315-thread-1] INFO  server.RaftServerConfigKeys (ConfUtils.java:logGet(46)) - raft.server.log.preallocated.size = 4194304 (custom)
2022-08-10 09:22:06,260 [pool-315-thread-1] INFO  server.RaftServerConfigKeys (ConfUtils.java:logGet(46)) - raft.server.log.force.sync.num = 128 (default)
2022-08-10 09:22:06,260 [pool-315-thread-1] INFO  server.RaftServerConfigKeys (ConfUtils.java:logGet(46)) - raft.server.log.statemachine.data.sync = true (default)
2022-08-10 09:22:06,260 [pool-315-thread-1] INFO  server.RaftServerConfigKeys (ConfUtils.java:logGet(46)) - raft.server.log.statemachine.data.sync.timeout = 10s (default)
2022-08-10 09:22:06,260 [pool-315-thread-1] INFO  server.RaftServerConfigKeys (ConfUtils.java:logGet(46)) - raft.server.log.statemachine.data.sync.timeout.retry = -1 (default)
2022-08-10 09:22:06,261 [pool-315-thread-1] INFO  server.RaftServerConfigKeys (ConfUtils.java:logGet(46)) - raft.server.log.write.buffer.size = 64KB (=65536) (default)
2022-08-10 09:22:06,261 [pool-315-thread-1] INFO  server.RaftServerConfigKeys (ConfUtils.java:logGet(46)) - raft.server.log.unsafe-flush.enabled = false (default)
2022-08-10 09:22:06,261 [pool-315-thread-1] INFO  server.RaftServerConfigKeys (ConfUtils.java:logGet(46)) - raft.server.log.statemachine.data.caching.enabled = false (default)
2022-08-10 09:22:06,262 [pool-315-thread-1] INFO  server.RaftServer$Division (ServerState.java:setRaftConf(393)) - omNode-3@group-523986131536: set configuration 57: [omNode-3|rpc:localhost:34947|admin:|client:|dataStream:|priority:0, omNode-1|rpc:localhost:44673|admin:|client:|dataStream:|priority:0, omNode-2|rpc:localhost:36767|admin:|client:|dataStream:|priority:0], old=null
2022-08-10 09:22:06,262 [pool-315-thread-1] INFO  segmented.LogSegment (LogSegment.java:loadSegment(173)) - Successfully read 2 entries from segment file /home/runner/work/ozone/ozone/hadoop-ozone/integration-test/target/test-dir/MiniOzoneClusterImpl-5b46f7b7-15cd-42ca-88c0-c813cff626ca/omNode-3/ratis/c9bc4cf4-3bc3-3c60-a66b-523986131536/current/log_inprogress_57
2022-08-10 09:22:06,262 [pool-315-thread-1] INFO  segmented.SegmentedRaftLogWorker (SegmentedRaftLogWorker.java:lambda$new$0(135)) - omNode-3@group-523986131536-SegmentedRaftLogWorker: flushIndex: setUnconditionally 0 -> 58
2022-08-10 09:22:06,263 [pool-315-thread-1] INFO  segmented.SegmentedRaftLogWorker (SegmentedRaftLogWorker.java:lambda$new$0(135)) - omNode-3@group-523986131536-SegmentedRaftLogWorker: safeCacheEvictIndex: setUnconditionally 0 -> -1
2022-08-10 09:22:06,264 [pool-315-thread-1] INFO  raftlog.RaftLog (RaftLogBase.java:lambda$new$0(53)) - omNode-3@group-523986131536-SegmentedRaftLog: commitIndex: updateToMax old=58, new=57, updated? false
2022-08-10 09:22:06,264 [pool-315-thread-1] INFO  raftlog.RaftLog (RaftLogBase.java:lambda$new$0(53)) - omNode-3@group-523986131536-SegmentedRaftLog: purgeIndex: updateIncreasingly -1 -> 56
2022-08-10 09:22:06,264 [pool-315-thread-1] INFO  server.RaftServerConfigKeys (ConfUtils.java:logGet(46)) - raft.server.snapshot.auto.trigger.enabled = true (custom)
2022-08-10 09:22:06,264 [pool-315-thread-1] INFO  server.RaftServerConfigKeys (ConfUtils.java:logGet(46)) - raft.server.snapshot.auto.trigger.threshold = 50 (custom)
2022-08-10 09:22:06,264 [pool-315-thread-1] INFO  server.RaftServerConfigKeys (ConfUtils.java:logGet(46)) - raft.server.snapshot.retention.file.num = -1 (default)
2022-08-10 09:22:06,264 [pool-315-thread-1] INFO  server.RaftServerConfigKeys (ConfUtils.java:logGet(46)) - raft.server.log.purge.upto.snapshot.index = true (custom)
2022-08-10 09:22:06,264 [pool-315-thread-1] INFO  server.RaftServerConfigKeys (ConfUtils.java:logGet(46)) - raft.server.retrycache.expirytime = 30000ms (custom)
2022-08-10 09:22:06,265 [pool-315-thread-1] INFO  server.RaftServerConfigKeys (ConfUtils.java:logGet(46)) - raft.server.retrycache.statistics.expirytime = 100μs (default)
2022-08-10 09:22:06,266 [pool-315-thread-1] INFO  server.RaftServerConfigKeys (ConfUtils.java:logGet(46)) - raft.server.log.appender.install.snapshot.enabled = false (custom)
2022-08-10 09:22:06,266 [pool-315-thread-1] INFO  server.RaftServerConfigKeys (ConfUtils.java:logGet(46)) - raft.server.threadpool.server.cached = true (default)
2022-08-10 09:22:06,266 [pool-315-thread-1] INFO  server.RaftServerConfigKeys (ConfUtils.java:logGet(46)) - raft.server.threadpool.server.size = 0 (default)
2022-08-10 09:22:06,266 [pool-315-thread-1] INFO  server.RaftServerConfigKeys (ConfUtils.java:logGet(46)) - raft.server.threadpool.client.cached = true (default)
2022-08-10 09:22:06,266 [pool-315-thread-1] INFO  server.RaftServerConfigKeys (ConfUtils.java:logGet(46)) - raft.server.threadpool.client.size = 0 (default)
2022-08-10 09:22:06,266 [omNode-3-impl-thread1] INFO  server.RaftServer$Division (RaftServerImpl.java:start(310)) - omNode-3@group-523986131536: start as a follower, conf=57: [omNode-3|rpc:localhost:34947|admin:|client:|dataStream:|priority:0, omNode-1|rpc:localhost:44673|admin:|client:|dataStream:|priority:0, omNode-2|rpc:localhost:36767|admin:|client:|dataStream:|priority:0], old=null
2022-08-10 09:22:06,267 [omNode-3-impl-thread1] INFO  server.RaftServer$Division (RaftServerImpl.java:setRole(299)) - omNode-3@group-523986131536: changes role from      null to FOLLOWER at term 5 for startAsFollower
2022-08-10 09:22:06,267 [omNode-3-impl-thread1] INFO  impl.RoleInfo (RoleInfo.java:updateAndGet(139)) - omNode-3: start omNode-3@group-523986131536-FollowerState
2022-08-10 09:22:06,272 [omNode-3-impl-thread1] INFO  util.JmxRegister (JmxRegister.java:tryRegister(44)) - Successfully registered JMX Bean with object name Ratis:service=RaftServer,group=group-523986131536,id=omNode-3
2022-08-10 09:22:06,273 [Listener at localhost/38141] INFO  server.RaftServer (RaftServerProxy.java:lambda$start$6(382)) - omNode-3: start RPC server
2022-08-10 09:22:06,276 [Listener at localhost/38141] INFO  server.GrpcService (GrpcService.java:startImpl(260)) - omNode-3: GrpcService started, listening on 34947
2022-08-10 09:22:06,280 [Listener at localhost/38141] INFO  om.OzoneManager (OzoneManager.java:getRpcServer(1086)) - Creating RPC Server
2022-08-10 09:22:06,281 [org.apache.ratis.util.JvmPauseMonitor$$Lambda$696/1259104175@67520476] INFO  util.JvmPauseMonitor (JvmPauseMonitor.java:run(103)) - JvmPauseMonitor-omNode-3: Started
2022-08-10 09:22:06,320 [Finalizer] WARN  managed.ManagedRocksObjectUtils (ManagedRocksObjectUtils.java:assertClosed(39)) - ManagedColumnFamilyOptions is not closed properly
2022-08-10 09:22:06,320 [Finalizer] WARN  managed.ManagedRocksObjectUtils (ManagedRocksObjectUtils.java:assertClosed(39)) - ManagedColumnFamilyOptions is not closed properly
2022-08-10 09:22:06,320 [Finalizer] WARN  managed.ManagedRocksObjectUtils (ManagedRocksObjectUtils.java:assertClosed(39)) - ManagedColumnFamilyOptions is not closed properly
2022-08-10 09:22:06,320 [Finalizer] WARN  managed.ManagedRocksObjectUtils (ManagedRocksObjectUtils.java:assertClosed(39)) - ManagedColumnFamilyOptions is not closed properly
2022-08-10 09:22:06,321 [Finalizer] WARN  managed.ManagedRocksObjectUtils (ManagedRocksObjectUtils.java:assertClosed(39)) - ManagedColumnFamilyOptions is not closed properly
2022-08-10 09:22:06,321 [Finalizer] WARN  managed.ManagedRocksObjectUtils (ManagedRocksObjectUtils.java:assertClosed(39)) - ManagedColumnFamilyOptions is not closed properly
2022-08-10 09:22:06,321 [Finalizer] WARN  managed.ManagedRocksObjectUtils (ManagedRocksObjectUtils.java:assertClosed(39)) - ManagedColumnFamilyOptions is not closed properly
2022-08-10 09:22:06,321 [Finalizer] WARN  managed.ManagedRocksObjectUtils (ManagedRocksObjectUtils.java:assertClosed(39)) - ManagedColumnFamilyOptions is not closed properly
2022-08-10 09:22:06,321 [Finalizer] WARN  managed.ManagedRocksObjectUtils (ManagedRocksObjectUtils.java:assertClosed(39)) - ManagedColumnFamilyOptions is not closed properly
2022-08-10 09:22:06,321 [Finalizer] WARN  managed.ManagedRocksObjectUtils (ManagedRocksObjectUtils.java:assertClosed(39)) - ManagedColumnFamilyOptions is not closed properly
2022-08-10 09:22:06,321 [Finalizer] WARN  managed.ManagedRocksObjectUtils (ManagedRocksObjectUtils.java:assertClosed(39)) - ManagedColumnFamilyOptions is not closed properly
2022-08-10 09:22:06,321 [Finalizer] WARN  managed.ManagedRocksObjectUtils (ManagedRocksObjectUtils.java:assertClosed(39)) - ManagedColumnFamilyOptions is not closed properly
2022-08-10 09:22:06,321 [Finalizer] WARN  managed.ManagedRocksObjectUtils (ManagedRocksObjectUtils.java:assertClosed(39)) - ManagedColumnFamilyOptions is not closed properly
2022-08-10 09:22:06,321 [Finalizer] WARN  managed.ManagedRocksObjectUtils (ManagedRocksObjectUtils.java:assertClosed(39)) - ManagedColumnFamilyOptions is not closed properly
2022-08-10 09:22:06,321 [Finalizer] WARN  managed.ManagedRocksObjectUtils (ManagedRocksObjectUtils.java:assertClosed(39)) - ManagedColumnFamilyOptions is not closed properly
2022-08-10 09:22:06,321 [Finalizer] WARN  managed.ManagedRocksObjectUtils (ManagedRocksObjectUtils.java:assertClosed(39)) - ManagedColumnFamilyOptions is not closed properly
2022-08-10 09:22:06,321 [Finalizer] WARN  managed.ManagedRocksObjectUtils (ManagedRocksObjectUtils.java:assertClosed(39)) - ManagedColumnFamilyOptions is not closed properly
2022-08-10 09:22:06,321 [Finalizer] WARN  managed.ManagedRocksObjectUtils (ManagedRocksObjectUtils.java:assertClosed(39)) - ManagedColumnFamilyOptions is not closed properly
2022-08-10 09:22:06,321 [Finalizer] WARN  managed.ManagedRocksObjectUtils (ManagedRocksObjectUtils.java:assertClosed(39)) - ManagedColumnFamilyOptions is not closed properly
2022-08-10 09:22:06,321 [Finalizer] WARN  managed.ManagedRocksObjectUtils (ManagedRocksObjectUtils.java:assertClosed(39)) - ManagedColumnFamilyOptions is not closed properly
2022-08-10 09:22:06,321 [Finalizer] WARN  managed.ManagedRocksObjectUtils (ManagedRocksObjectUtils.java:assertClosed(39)) - ManagedColumnFamilyOptions is not closed properly
2022-08-10 09:22:06,321 [Finalizer] WARN  managed.ManagedRocksObjectUtils (ManagedRocksObjectUtils.java:assertClosed(39)) - ManagedColumnFamilyOptions is not closed properly
2022-08-10 09:22:06,321 [Finalizer] WARN  managed.ManagedRocksObjectUtils (ManagedRocksObjectUtils.java:assertClosed(39)) - ManagedLRUCache is not closed properly
2022-08-10 09:22:06,321 [Finalizer] WARN  managed.ManagedRocksObjectUtils (ManagedRocksObjectUtils.java:assertClosed(39)) - ManagedBloomFilter is not closed properly
2022-08-10 09:22:06,321 [Finalizer] WARN  managed.ManagedRocksObjectUtils (ManagedRocksObjectUtils.java:assertClosed(39)) - ManagedColumnFamilyOptions is not closed properly
2022-08-10 09:22:06,321 [Finalizer] WARN  managed.ManagedRocksObjectUtils (ManagedRocksObjectUtils.java:assertClosed(39)) - ManagedLRUCache is not closed properly
2022-08-10 09:22:06,321 [Finalizer] WARN  managed.ManagedRocksObjectUtils (ManagedRocksObjectUtils.java:assertClosed(39)) - ManagedBloomFilter is not closed properly
2022-08-10 09:22:06,321 [Finalizer] WARN  managed.ManagedRocksObjectUtils (ManagedRocksObjectUtils.java:assertClosed(39)) - ManagedColumnFamilyOptions is not closed properly
2022-08-10 09:22:06,321 [Finalizer] WARN  managed.ManagedRocksObjectUtils (ManagedRocksObjectUtils.java:assertClosed(39)) - ManagedLRUCache is not closed properly
2022-08-10 09:22:06,322 [Finalizer] WARN  managed.ManagedRocksObjectUtils (ManagedRocksObjectUtils.java:assertClosed(39)) - ManagedBloomFilter is not closed properly
2022-08-10 09:22:06,322 [Finalizer] WARN  managed.ManagedRocksObjectUtils (ManagedRocksObjectUtils.java:assertClosed(39)) - ManagedColumnFamilyOptions is not closed properly
2022-08-10 09:22:06,322 [Finalizer] WARN  managed.ManagedRocksObjectUtils (ManagedRocksObjectUtils.java:assertClosed(39)) - ManagedLRUCache is not closed properly
2022-08-10 09:22:06,322 [Finalizer] WARN  managed.ManagedRocksObjectUtils (ManagedRocksObjectUtils.java:assertClosed(39)) - ManagedBloomFilter is not closed properly
2022-08-10 09:22:06,322 [Finalizer] WARN  managed.ManagedRocksObjectUtils (ManagedRocksObjectUtils.java:assertClosed(39)) - ManagedColumnFamilyOptions is not closed properly
2022-08-10 09:22:06,322 [Finalizer] WARN  managed.ManagedRocksObjectUtils (ManagedRocksObjectUtils.java:assertClosed(39)) - ManagedLRUCache is not closed properly
2022-08-10 09:22:06,322 [Finalizer] WARN  managed.ManagedRocksObjectUtils (ManagedRocksObjectUtils.java:assertClosed(39)) - ManagedBloomFilter is not closed properly
2022-08-10 09:22:06,322 [Finalizer] WARN  managed.ManagedRocksObjectUtils (ManagedRocksObjectUtils.java:assertClosed(39)) - ManagedColumnFamilyOptions is not closed properly
2022-08-10 09:22:06,322 [Finalizer] WARN  managed.ManagedRocksObjectUtils (ManagedRocksObjectUtils.java:assertClosed(39)) - ManagedLRUCache is not closed properly
2022-08-10 09:22:06,322 [Finalizer] WARN  managed.ManagedRocksObjectUtils (ManagedRocksObjectUtils.java:assertClosed(39)) - ManagedBloomFilter is not closed properly
2022-08-10 09:22:06,322 [Finalizer] WARN  managed.ManagedRocksObjectUtils (ManagedRocksObjectUtils.java:assertClosed(39)) - ManagedColumnFamilyOptions is not closed properly
2022-08-10 09:22:06,322 [Finalizer] WARN  managed.ManagedRocksObjectUtils (ManagedRocksObjectUtils.java:assertClosed(39)) - ManagedLRUCache is not closed properly
2022-08-10 09:22:06,322 [Finalizer] WARN  managed.ManagedRocksObjectUtils (ManagedRocksObjectUtils.java:assertClosed(39)) - ManagedBloomFilter is not closed properly
2022-08-10 09:22:06,322 [Finalizer] WARN  managed.ManagedRocksObjectUtils (ManagedRocksObjectUtils.java:assertClosed(39)) - ManagedColumnFamilyOptions is not closed properly
2022-08-10 09:22:06,322 [Finalizer] WARN  managed.ManagedRocksObjectUtils (ManagedRocksObjectUtils.java:assertClosed(39)) - ManagedLRUCache is not closed properly
2022-08-10 09:22:06,322 [Finalizer] WARN  managed.ManagedRocksObjectUtils (ManagedRocksObjectUtils.java:assertClosed(39)) - ManagedBloomFilter is not closed properly
2022-08-10 09:22:06,322 [Finalizer] WARN  managed.ManagedRocksObjectUtils (ManagedRocksObjectUtils.java:assertClosed(39)) - ManagedColumnFamilyOptions is not closed properly
2022-08-10 09:22:06,322 [Finalizer] WARN  managed.ManagedRocksObjectUtils (ManagedRocksObjectUtils.java:assertClosed(39)) - ManagedLRUCache is not closed properly
2022-08-10 09:22:06,324 [Finalizer] WARN  managed.ManagedRocksObjectUtils (ManagedRocksObjectUtils.java:assertClosed(39)) - ManagedBloomFilter is not closed properly
2022-08-10 09:22:06,324 [Finalizer] WARN  managed.ManagedRocksObjectUtils (ManagedRocksObjectUtils.java:assertClosed(39)) - ManagedColumnFamilyOptions is not closed properly
2022-08-10 09:22:06,324 [Finalizer] WARN  managed.ManagedRocksObjectUtils (ManagedRocksObjectUtils.java:assertClosed(39)) - ManagedLRUCache is not closed properly
2022-08-10 09:22:06,324 [Finalizer] WARN  managed.ManagedRocksObjectUtils (ManagedRocksObjectUtils.java:assertClosed(39)) - ManagedBloomFilter is not closed properly
2022-08-10 09:22:06,324 [Finalizer] WARN  managed.ManagedRocksObjectUtils (ManagedRocksObjectUtils.java:assertClosed(39)) - ManagedColumnFamilyOptions is not closed properly
2022-08-10 09:22:06,324 [Finalizer] WARN  managed.ManagedRocksObjectUtils (ManagedRocksObjectUtils.java:assertClosed(39)) - ManagedLRUCache is not closed properly
2022-08-10 09:22:06,324 [Finalizer] WARN  managed.ManagedRocksObjectUtils (ManagedRocksObjectUtils.java:assertClosed(39)) - ManagedBloomFilter is not closed properly
2022-08-10 09:22:06,324 [Finalizer] WARN  managed.ManagedRocksObjectUtils (ManagedRocksObjectUtils.java:assertClosed(39)) - ManagedColumnFamilyOptions is not closed properly
2022-08-10 09:22:06,324 [Finalizer] WARN  managed.ManagedRocksObjectUtils (ManagedRocksObjectUtils.java:assertClosed(39)) - ManagedLRUCache is not closed properly
2022-08-10 09:22:06,325 [Finalizer] WARN  managed.ManagedRocksObjectUtils (ManagedRocksObjectUtils.java:assertClosed(39)) - ManagedBloomFilter is not closed properly
2022-08-10 09:22:06,325 [Finalizer] WARN  managed.ManagedRocksObjectUtils (ManagedRocksObjectUtils.java:assertClosed(39)) - ManagedColumnFamilyOptions is not closed properly
2022-08-10 09:22:06,325 [Finalizer] WARN  managed.ManagedRocksObjectUtils (ManagedRocksObjectUtils.java:assertClosed(39)) - ManagedLRUCache is not closed properly
2022-08-10 09:22:06,325 [Finalizer] WARN  managed.ManagedRocksObjectUtils (ManagedRocksObjectUtils.java:assertClosed(39)) - ManagedBloomFilter is not closed properly
2022-08-10 09:22:06,325 [Finalizer] WARN  managed.ManagedRocksObjectUtils (ManagedRocksObjectUtils.java:assertClosed(39)) - ManagedColumnFamilyOptions is not closed properly
2022-08-10 09:22:06,325 [Finalizer] WARN  managed.ManagedRocksObjectUtils (ManagedRocksObjectUtils.java:assertClosed(39)) - ManagedLRUCache is not closed properly
2022-08-10 09:22:06,325 [Finalizer] WARN  managed.ManagedRocksObjectUtils (ManagedRocksObjectUtils.java:assertClosed(39)) - ManagedBloomFilter is not closed properly
2022-08-10 09:22:06,325 [Finalizer] WARN  managed.ManagedRocksObjectUtils (ManagedRocksObjectUtils.java:assertClosed(39)) - ManagedColumnFamilyOptions is not closed properly
2022-08-10 09:22:06,325 [Finalizer] WARN  managed.ManagedRocksObjectUtils (ManagedRocksObjectUtils.java:assertClosed(39)) - ManagedLRUCache is not closed properly
2022-08-10 09:22:06,325 [Finalizer] WARN  managed.ManagedRocksObjectUtils (ManagedRocksObjectUtils.java:assertClosed(39)) - ManagedBloomFilter is not closed properly
2022-08-10 09:22:06,325 [Finalizer] WARN  managed.ManagedRocksObjectUtils (ManagedRocksObjectUtils.java:assertClosed(39)) - ManagedColumnFamilyOptions is not closed properly
2022-08-10 09:22:06,325 [Finalizer] WARN  managed.ManagedRocksObjectUtils (ManagedRocksObjectUtils.java:assertClosed(39)) - ManagedLRUCache is not closed properly
2022-08-10 09:22:06,325 [Finalizer] WARN  managed.ManagedRocksObjectUtils (ManagedRocksObjectUtils.java:assertClosed(39)) - ManagedBloomFilter is not closed properly
2022-08-10 09:22:06,325 [Finalizer] WARN  managed.ManagedRocksObjectUtils (ManagedRocksObjectUtils.java:assertClosed(39)) - ManagedColumnFamilyOptions is not closed properly
2022-08-10 09:22:06,325 [Finalizer] WARN  managed.ManagedRocksObjectUtils (ManagedRocksObjectUtils.java:assertClosed(39)) - ManagedLRUCache is not closed properly
2022-08-10 09:22:06,325 [Finalizer] WARN  managed.ManagedRocksObjectUtils (ManagedRocksObjectUtils.java:assertClosed(39)) - ManagedBloomFilter is not closed properly
2022-08-10 09:22:06,325 [Finalizer] WARN  managed.ManagedRocksObjectUtils (ManagedRocksObjectUtils.java:assertClosed(39)) - ManagedColumnFamilyOptions is not closed properly
2022-08-10 09:22:06,325 [Finalizer] WARN  managed.ManagedRocksObjectUtils (ManagedRocksObjectUtils.java:assertClosed(39)) - ManagedLRUCache is not closed properly
2022-08-10 09:22:06,325 [Finalizer] WARN  managed.ManagedRocksObjectUtils (ManagedRocksObjectUtils.java:assertClosed(39)) - ManagedBloomFilter is not closed properly
2022-08-10 09:22:06,325 [Finalizer] WARN  managed.ManagedRocksObjectUtils (ManagedRocksObjectUtils.java:assertClosed(39)) - ManagedColumnFamilyOptions is not closed properly
2022-08-10 09:22:06,325 [Finalizer] WARN  managed.ManagedRocksObjectUtils (ManagedRocksObjectUtils.java:assertClosed(39)) - ManagedLRUCache is not closed properly
2022-08-10 09:22:06,326 [Finalizer] WARN  managed.ManagedRocksObjectUtils (ManagedRocksObjectUtils.java:assertClosed(39)) - ManagedBloomFilter is not closed properly
2022-08-10 09:22:06,326 [Finalizer] WARN  managed.ManagedRocksObjectUtils (ManagedRocksObjectUtils.java:assertClosed(39)) - ManagedColumnFamilyOptions is not closed properly
2022-08-10 09:22:06,326 [Finalizer] WARN  managed.ManagedRocksObjectUtils (ManagedRocksObjectUtils.java:assertClosed(39)) - ManagedLRUCache is not closed properly
2022-08-10 09:22:06,326 [Finalizer] WARN  managed.ManagedRocksObjectUtils (ManagedRocksObjectUtils.java:assertClosed(39)) - ManagedBloomFilter is not closed properly
2022-08-10 09:22:06,730 [Listener at localhost/38141] INFO  reflections.Reflections (Reflections.java:scan(232)) - Reflections took 449 ms to scan 19 urls, producing 67 keys and 4150 values [using 2 cores]
2022-08-10 09:22:06,732 [Listener at localhost/38141] INFO  ipc.CallQueueManager (CallQueueManager.java:<init>(90)) - Using callQueue: class java.util.concurrent.LinkedBlockingQueue, queueCapacity: 2000, scheduler: class org.apache.hadoop.ipc.DefaultRpcScheduler, ipcBackoff: false.
2022-08-10 09:22:06,733 [Socket Reader #1 for port 36235] INFO  ipc.Server (Server.java:run(1265)) - Starting Socket Reader #1 for port 36235
2022-08-10 09:22:06,737 [Listener at localhost/36235] INFO  http.BaseHttpServer (BaseHttpServer.java:newHttpServer2BuilderForOzone(209)) - Starting Web-server for ozoneManager at: http://0.0.0.0:34027
2022-08-10 09:22:06,738 [Listener at localhost/36235] INFO  http.BaseHttpServer (BaseHttpServer.java:<init>(107)) - Hadoop Security Enabled: false Ozone Security Enabled: false Ozone HTTP Security Enabled: false 
2022-08-10 09:22:06,741 [Listener at localhost/36235] INFO  server.AuthenticationFilter (AuthenticationFilter.java:constructSecretProvider(240)) - Unable to initialize FileSignerSecretProvider, falling back to use random secrets.
2022-08-10 09:22:06,741 [Listener at localhost/36235] WARN  http.HttpRequestLog (HttpRequestLog.java:getRequestLog(103)) - Jetty request log can only be enabled using Log4j
2022-08-10 09:22:06,744 [Listener at localhost/36235] INFO  http.HttpServer2 (HttpServer2.java:addGlobalFilter(1029)) - Added global filter 'safety' (class=org.apache.hadoop.hdds.server.http.HttpServer2$QuotingInputFilter)
2022-08-10 09:22:06,744 [Listener at localhost/36235] INFO  http.HttpServer2 (HttpServer2.java:addFilter(1005)) - Added filter static_user_filter (class=org.apache.hadoop.http.lib.StaticUserWebFilter$StaticUserFilter) to context ozoneManager
2022-08-10 09:22:06,744 [Listener at localhost/36235] INFO  http.HttpServer2 (HttpServer2.java:addFilter(1013)) - Added filter static_user_filter (class=org.apache.hadoop.http.lib.StaticUserWebFilter$StaticUserFilter) to context static
2022-08-10 09:22:06,745 [Listener at localhost/36235] INFO  http.HttpServer2 (HttpServer2.java:addFilter(1013)) - Added filter static_user_filter (class=org.apache.hadoop.http.lib.StaticUserWebFilter$StaticUserFilter) to context logs
2022-08-10 09:22:06,746 [Listener at localhost/36235] INFO  http.HttpServer2 (HttpServer2.java:bindListener(1248)) - Jetty bound to port 34027
2022-08-10 09:22:06,746 [Listener at localhost/36235] INFO  server.Server (Server.java:doStart(375)) - jetty-9.4.43.v20210629; built: 2021-06-30T11:07:22.254Z; git: 526006ecfa3af7f1a27ef3a288e2bef7ea9dd7e8; jvm 1.8.0_332-b09
2022-08-10 09:22:06,748 [Listener at localhost/36235] INFO  server.session (DefaultSessionIdManager.java:doStart(334)) - DefaultSessionIdManager workerName=node0
2022-08-10 09:22:06,748 [Listener at localhost/36235] INFO  server.session (DefaultSessionIdManager.java:doStart(339)) - No SessionScavenger set, using defaults
2022-08-10 09:22:06,748 [Listener at localhost/36235] INFO  server.session (HouseKeeper.java:startScavenging(132)) - node0 Scavenging every 660000ms
2022-08-10 09:22:06,749 [Listener at localhost/36235] INFO  handler.ContextHandler (ContextHandler.java:doStart(915)) - Started o.e.j.s.ServletContextHandler@14f04e7d{logs,/logs,file:///home/runner/work/ozone/ozone/hadoop-ozone/integration-test/target/log,AVAILABLE}
2022-08-10 09:22:06,750 [Listener at localhost/36235] INFO  handler.ContextHandler (ContextHandler.java:doStart(915)) - Started o.e.j.s.ServletContextHandler@43487352{static,/static,file:///home/runner/work/ozone/ozone/hadoop-ozone/integration-test/target/test-classes/webapps/static,AVAILABLE}
2022-08-10 09:22:06,753 [Listener at localhost/36235] INFO  handler.ContextHandler (ContextHandler.java:doStart(915)) - Started o.e.j.w.WebAppContext@7c4acde5{ozoneManager,/,file:///home/runner/work/ozone/ozone/hadoop-ozone/integration-test/target/test-classes/webapps/ozoneManager/,AVAILABLE}{file:/home/runner/work/ozone/ozone/hadoop-ozone/integration-test/target/test-classes/webapps/ozoneManager}
2022-08-10 09:22:06,756 [Listener at localhost/36235] INFO  server.AbstractConnector (AbstractConnector.java:doStart(331)) - Started ServerConnector@393bcf96{HTTP/1.1, (http/1.1)}{0.0.0.0:34027}
2022-08-10 09:22:06,756 [Listener at localhost/36235] INFO  server.Server (Server.java:doStart(415)) - Started @54206ms
2022-08-10 09:22:06,756 [Listener at localhost/36235] WARN  impl.MetricsSystemImpl (MetricsSystemImpl.java:register(279)) - Sink prometheus already exists!
2022-08-10 09:22:06,757 [Listener at localhost/36235] INFO  http.BaseHttpServer (BaseHttpServer.java:updateConnectorAddress(329)) - HTTP server of ozoneManager listening at http://0.0.0.0:34027
2022-08-10 09:22:06,758 [IPC Server Responder] INFO  ipc.Server (Server.java:run(1507)) - IPC Server Responder: starting
2022-08-10 09:22:06,758 [IPC Server listener on 36235] INFO  ipc.Server (Server.java:run(1344)) - IPC Server listener on 36235: starting
2022-08-10 09:22:06,762 [Listener at localhost/36235] INFO  om.OzoneManager (OzoneManager.java:startTrashEmptier(1907)) - Trash Interval set to 0. Files deleted won't move to trash
2022-08-10 09:22:06,762 [Listener at localhost/36235] INFO  om.OzoneManager (OzoneManager.java:stop(2022)) - omNode-1[localhost:39929]: Stopping Ozone Manager
2022-08-10 09:22:06,762 [Listener at localhost/36235] INFO  ipc.Server (Server.java:stop(3414)) - Stopping server on 39929
2022-08-10 09:22:06,767 [IPC Server listener on 39929] INFO  ipc.Server (Server.java:run(1376)) - Stopping IPC Server listener on 39929
2022-08-10 09:22:06,767 [IPC Server Responder] INFO  ipc.Server (Server.java:run(1512)) - Stopping IPC Server Responder
2022-08-10 09:22:06,768 [Listener at localhost/36235] INFO  server.RaftServer (RaftServerProxy.java:lambda$close$7(398)) - omNode-1: close
2022-08-10 09:22:06,768 [Listener at localhost/36235] INFO  server.RaftServer$Division (RaftServerImpl.java:lambda$close$4(434)) - omNode-1@group-523986131536: shutdown
2022-08-10 09:22:06,768 [Listener at localhost/36235] INFO  util.JmxRegister (JmxRegister.java:unregister(73)) - Successfully un-registered JMX Bean with object name Ratis:service=RaftServer,group=group-523986131536,id=omNode-1
2022-08-10 09:22:06,769 [Listener at localhost/36235] INFO  impl.RoleInfo (RoleInfo.java:shutdownFollowerState(110)) - omNode-1: shutdown omNode-1@group-523986131536-FollowerState
2022-08-10 09:22:06,769 [Listener at localhost/36235] INFO  impl.StateMachineUpdater (StateMachineUpdater.java:stopAndJoin(153)) - omNode-1@group-523986131536-StateMachineUpdater: set stopIndex = 58
2022-08-10 09:22:06,769 [omNode-1@group-523986131536-FollowerState] INFO  impl.FollowerState (FollowerState.java:run(152)) - omNode-1@group-523986131536-FollowerState was interrupted
2022-08-10 09:22:06,770 [omNode-1@group-523986131536-StateMachineUpdater] INFO  ratis.OzoneManagerStateMachine (OzoneManagerStateMachine.java:takeSnapshot(441)) - Current Snapshot Index (t:5, i:58)
2022-08-10 09:22:06,770 [omNode-1@group-523986131536-StateMachineUpdater] INFO  impl.StateMachineUpdater (StateMachineUpdater.java:takeSnapshot(287)) - omNode-1@group-523986131536-StateMachineUpdater: Took a snapshot at index 58
2022-08-10 09:22:06,770 [omNode-1@group-523986131536-StateMachineUpdater] INFO  impl.StateMachineUpdater (StateMachineUpdater.java:lambda$new$0(92)) - omNode-1@group-523986131536-StateMachineUpdater: snapshotIndex: updateIncreasingly 20 -> 58
2022-08-10 09:22:06,770 [omNode-1@group-523986131536-StateMachineUpdater] INFO  raftlog.RaftLog (RaftLogBase.java:purge(308)) - omNode-1@group-523986131536-SegmentedRaftLog: purge 58
2022-08-10 09:22:06,770 [omNode-1@group-523986131536-StateMachineUpdater] INFO  raftlog.RaftLog (RaftLogBase.java:lambda$new$0(53)) - omNode-1@group-523986131536-SegmentedRaftLog: snapshotIndex: updateIncreasingly 20 -> 58
2022-08-10 09:22:06,770 [omNode-1@group-523986131536-StateMachineUpdater] INFO  ratis.OzoneManagerStateMachine (OzoneManagerStateMachine.java:close(495)) - StateMachine has shutdown. Shutdown OzoneManager if not already shutdown.
2022-08-10 09:22:06,771 [omNode-1@group-523986131536-StateMachineUpdater] INFO  ratis.OzoneManagerDoubleBuffer (OzoneManagerDoubleBuffer.java:stop(466)) - Stopping OMDoubleBuffer flush thread
2022-08-10 09:22:06,771 [OMDoubleBufferFlushThread] INFO  ratis.OzoneManagerDoubleBuffer (OzoneManagerDoubleBuffer.java:flushTransactions(385)) - OMDoubleBuffer flush thread OMDoubleBufferFlushThread is interrupted and will exit.
2022-08-10 09:22:06,772 [omNode-1@group-523986131536-SegmentedRaftLogWorker] INFO  raftlog.RaftLog (RaftLogBase.java:lambda$new$0(53)) - omNode-1@group-523986131536-SegmentedRaftLog: purgeIndex: updateToMax old=-1, new=56, updated? true
2022-08-10 09:22:06,772 [Listener at localhost/36235] INFO  server.RaftServer$Division (ServerState.java:close(429)) - omNode-1@group-523986131536: closes. applyIndex: 58
2022-08-10 09:22:06,773 [omNode-1@group-523986131536-SegmentedRaftLogWorker] INFO  segmented.SegmentedRaftLogWorker (SegmentedRaftLogWorker.java:run(336)) - omNode-1@group-523986131536-SegmentedRaftLogWorker was interrupted, exiting. There are 0 tasks remaining in the queue.
2022-08-10 09:22:06,774 [Listener at localhost/36235] INFO  segmented.SegmentedRaftLogWorker (SegmentedRaftLogWorker.java:close(246)) - omNode-1@group-523986131536-SegmentedRaftLogWorker close()
2022-08-10 09:22:06,777 [org.apache.hadoop.util.JvmPauseMonitor$Monitor@14ce43fe] INFO  util.JvmPauseMonitor (JvmPauseMonitor.java:run(188)) - Starting JVM pause monitor
2022-08-10 09:22:06,778 [Listener at localhost/36235] INFO  server.GrpcService (GrpcService.java:closeImpl(269)) - omNode-1: shutdown server with port 44673 now
2022-08-10 09:22:06,778 [Listener at localhost/36235] INFO  server.GrpcService (GrpcService.java:closeImpl(278)) - omNode-1: shutdown server with port 44673 successfully
2022-08-10 09:22:06,778 [org.apache.ratis.util.JvmPauseMonitor$$Lambda$696/1259104175@390b0862] INFO  util.JvmPauseMonitor (JvmPauseMonitor.java:run(109)) - JvmPauseMonitor-omNode-1: Stopped
2022-08-10 09:22:06,778 [Listener at localhost/36235] INFO  ratis.OzoneManagerStateMachine (OzoneManagerStateMachine.java:close(495)) - StateMachine has shutdown. Shutdown OzoneManager if not already shutdown.
2022-08-10 09:22:06,779 [Listener at localhost/36235] INFO  ratis.OzoneManagerDoubleBuffer (OzoneManagerDoubleBuffer.java:stop(478)) - OMDoubleBuffer flush thread is not running.
2022-08-10 09:22:06,780 [Listener at localhost/36235] INFO  handler.ContextHandler (ContextHandler.java:doStop(1153)) - Stopped o.e.j.w.WebAppContext@7fffd567{ozoneManager,/,null,STOPPED}{file:/home/runner/work/ozone/ozone/hadoop-ozone/integration-test/target/test-classes/webapps/ozoneManager}
2022-08-10 09:22:06,784 [Listener at localhost/36235] INFO  server.AbstractConnector (AbstractConnector.java:doStop(381)) - Stopped ServerConnector@2c1a6726{HTTP/1.1, (http/1.1)}{0.0.0.0:33883}
2022-08-10 09:22:06,784 [Listener at localhost/36235] INFO  server.session (HouseKeeper.java:stopScavenging(149)) - node0 Stopped scavenging
2022-08-10 09:22:06,785 [Listener at localhost/36235] INFO  handler.ContextHandler (ContextHandler.java:doStop(1153)) - Stopped o.e.j.s.ServletContextHandler@74b39466{static,/static,file:///home/runner/work/ozone/ozone/hadoop-ozone/integration-test/target/test-classes/webapps/static,STOPPED}
2022-08-10 09:22:06,785 [Listener at localhost/36235] INFO  handler.ContextHandler (ContextHandler.java:doStop(1153)) - Stopped o.e.j.s.ServletContextHandler@5539f9de{logs,/logs,file:///home/runner/work/ozone/ozone/hadoop-ozone/integration-test/target/log,STOPPED}
2022-08-10 09:22:06,793 [Listener at localhost/36235] INFO  om.OzoneManager (OzoneManager.java:restart(1559)) - OzoneManager RPC server is listening at localhost/127.0.0.1:39929
2022-08-10 09:22:06,793 [Listener at localhost/36235] INFO  impl.MetricsSystemImpl (MetricsSystemImpl.java:init(158)) - OzoneManager metrics system started (again)
2022-08-10 09:22:06,815 [Listener at localhost/36235] WARN  server.ServerUtils (ServerUtils.java:getDBPath(225)) - ozone.om.db.dirs is not configured. We recommend adding this setting. Falling back to ozone.metadata.dirs instead.
2022-08-10 09:22:06,818 [Listener at localhost/36235] INFO  codec.OmKeyInfoCodec (OmKeyInfoCodec.java:<init>(49)) - OmKeyInfoCodec ignorePipeline = true
2022-08-10 09:22:06,818 [Listener at localhost/36235] INFO  codec.RepeatedOmKeyInfoCodec (RepeatedOmKeyInfoCodec.java:<init>(41)) - RepeatedOmKeyInfoCodec ignorePipeline = true
2022-08-10 09:22:06,888 [Listener at localhost/36235] INFO  om.OzoneManager (OzoneManager.java:instantiateServices(697)) - S3 Multi-Tenancy is disabled
2022-08-10 09:22:06,892 [Listener at localhost/36235] WARN  impl.MetricRegistriesImpl (MetricRegistriesImpl.java:addReporterRegistration(111)) - New reporters are added after registries were created. Some metrics will be missing from the reporter. Please add reporter before adding any new registry.
2022-08-10 09:22:06,892 [Listener at localhost/36235] WARN  impl.MetricRegistriesImpl (MetricRegistriesImpl.java:addReporterRegistration(111)) - New reporters are added after registries were created. Some metrics will be missing from the reporter. Please add reporter before adding any new registry.
2022-08-10 09:22:06,892 [Listener at localhost/36235] WARN  server.ServerUtils (ServerUtils.java:getDefaultRatisDirectory(237)) - Storage directory for Ratis is not configured. It is a good idea to map this to an SSD disk. Falling back to ozone.metadata.dirs
2022-08-10 09:22:06,896 [Listener at localhost/36235] INFO  ratis.OzoneManagerRatisServer (OzoneManagerRatisServer.java:<init>(159)) - Instantiating OM Ratis server with groupID: om-service-test1 and peers: localhost:44673, localhost:34947, localhost:36767
2022-08-10 09:22:06,896 [Listener at localhost/36235] INFO  ratis.OzoneManagerStateMachine (OzoneManagerStateMachine.java:loadSnapshotInfoFromDB(632)) - LastAppliedIndex is set from TransactionInfo from OM DB as (t:5, i:58)
2022-08-10 09:22:06,900 [Listener at localhost/36235] INFO  server.RaftServer (ConfUtils.java:logGet(46)) - raft.rpc.type = GRPC (default)
2022-08-10 09:22:06,900 [Listener at localhost/36235] INFO  grpc.GrpcFactory (GrpcFactory.java:checkPooledByteBufAllocatorUseCacheForAllThreads(48)) - PERFORMANCE WARNING: useCacheForAllThreads is true that may cause Netty to create a lot garbage objects and, as a result, trigger GC.
	It is recommended to disable useCacheForAllThreads by setting -Dorg.apache.ratis.thirdparty.io.netty.allocator.useCacheForAllThreads=false in command line.
2022-08-10 09:22:06,902 [Listener at localhost/36235] INFO  grpc.GrpcConfigKeys (ConfUtils.java:logGet(46)) - raft.grpc.admin.port = -1 (default)
2022-08-10 09:22:06,902 [Listener at localhost/36235] INFO  grpc.GrpcConfigKeys (ConfUtils.java:logGet(46)) - raft.grpc.server.port = 44673 (custom)
2022-08-10 09:22:06,902 [Listener at localhost/36235] INFO  grpc.GrpcConfigKeys (ConfUtils.java:logGet(46)) - raft.grpc.client.port = -1 (default)
2022-08-10 09:22:06,902 [Listener at localhost/36235] INFO  grpc.GrpcConfigKeys (ConfUtils.java:logGet(46)) - raft.grpc.server.port = 44673 (custom)
2022-08-10 09:22:06,903 [Listener at localhost/36235] INFO  grpc.GrpcConfigKeys (ConfUtils.java:logGet(46)) - raft.grpc.server.port = 44673 (custom)
2022-08-10 09:22:06,903 [Listener at localhost/36235] INFO  server.GrpcService (ConfUtils.java:logGet(46)) - raft.grpc.message.size.max = 33554432 (custom)
2022-08-10 09:22:06,903 [Listener at localhost/36235] INFO  server.RaftServerConfigKeys (ConfUtils.java:logGet(46)) - raft.server.log.appender.buffer.byte-limit = 33554432 (custom)
2022-08-10 09:22:06,903 [Listener at localhost/36235] INFO  server.GrpcService (ConfUtils.java:logGet(46)) - raft.grpc.flow.control.window = 1MB (=1048576) (default)
2022-08-10 09:22:06,903 [Listener at localhost/36235] INFO  server.RaftServerConfigKeys (ConfUtils.java:logGet(46)) - raft.server.rpc.request.timeout = 3000ms (default)
2022-08-10 09:22:06,903 [Listener at localhost/36235] INFO  grpc.GrpcConfigKeys (ConfUtils.java:logGet(46)) - raft.grpc.server.async.request.thread.pool.cached = true (default)
2022-08-10 09:22:06,904 [Listener at localhost/36235] INFO  grpc.GrpcConfigKeys (ConfUtils.java:logGet(46)) - raft.grpc.server.async.request.thread.pool.size = 32 (default)
2022-08-10 09:22:06,905 [Listener at localhost/36235] INFO  impl.DataStreamServerImpl (ConfUtils.java:logGet(46)) - raft.datastream.type = DISABLED (default)
2022-08-10 09:22:06,905 [Listener at localhost/36235] INFO  server.RaftServerConfigKeys (ConfUtils.java:logGet(46)) - raft.server.threadpool.proxy.cached = true (default)
2022-08-10 09:22:06,906 [Listener at localhost/36235] INFO  server.RaftServerConfigKeys (ConfUtils.java:logGet(46)) - raft.server.threadpool.proxy.size = 0 (default)
2022-08-10 09:22:06,906 [Listener at localhost/36235] INFO  server.RaftServerConfigKeys (ConfUtils.java:logGet(46)) - raft.server.rpc.slowness.timeout = 2s (custom)
2022-08-10 09:22:06,906 [Listener at localhost/36235] INFO  server.RaftServerConfigKeys (ConfUtils.java:logGet(46)) - raft.server.leaderelection.leader.step-down.wait-time = 10s (default)
2022-08-10 09:22:06,906 [Listener at localhost/36235] INFO  server.RaftServerConfigKeys (ConfUtils.java:logGet(46)) - raft.server.storage.dir = [/home/runner/work/ozone/ozone/hadoop-ozone/integration-test/target/test-dir/MiniOzoneClusterImpl-5b46f7b7-15cd-42ca-88c0-c813cff626ca/omNode-1/ratis] (custom)
2022-08-10 09:22:06,911 [omNode-1-impl-thread1] INFO  server.RaftServer (RaftServerProxy.java:initGroupDir(247)) - omNode-1: found a subdirectory /home/runner/work/ozone/ozone/hadoop-ozone/integration-test/target/test-dir/MiniOzoneClusterImpl-5b46f7b7-15cd-42ca-88c0-c813cff626ca/omNode-1/ratis/c9bc4cf4-3bc3-3c60-a66b-523986131536
2022-08-10 09:22:06,912 [Listener at localhost/36235] INFO  server.RaftServer (RaftServerProxy.java:addNew(96)) - omNode-1: addNew group-523986131536:[omNode-3|rpc:localhost:34947|priority:0, omNode-1|rpc:localhost:44673|priority:0, omNode-2|rpc:localhost:36767|priority:0] returns group-523986131536:java.util.concurrent.CompletableFuture@67f0d43a[Not completed]
2022-08-10 09:22:06,912 [pool-339-thread-1] INFO  server.RaftServer$Division (RaftServerImpl.java:<init>(190)) - omNode-1: new RaftServerImpl for group-523986131536:[omNode-3|rpc:localhost:34947|priority:0, omNode-1|rpc:localhost:44673|priority:0, omNode-2|rpc:localhost:36767|priority:0] with OzoneManagerStateMachine:uninitialized
2022-08-10 09:22:06,912 [Listener at localhost/36235] INFO  om.OzoneManager (OzoneManager.java:initializeRatisServer(1963)) - OzoneManager Ratis server initialized at port 44673
2022-08-10 09:22:06,912 [pool-339-thread-1] INFO  server.RaftServerConfigKeys (ConfUtils.java:logGet(46)) - raft.server.rpc.timeout.min = 1s (custom)
2022-08-10 09:22:06,912 [Listener at localhost/36235] INFO  ratis.OzoneManagerRatisServer (OzoneManagerRatisServer.java:start(554)) - Starting OzoneManagerRatisServer omNode-1 at port 44673
2022-08-10 09:22:06,912 [pool-339-thread-1] INFO  server.RaftServerConfigKeys (ConfUtils.java:logGet(46)) - raft.server.rpc.timeout.max = 1200ms (custom)
2022-08-10 09:22:06,913 [pool-339-thread-1] INFO  server.RaftServerConfigKeys (ConfUtils.java:logGet(46)) - raft.server.rpc.sleep.time = 25ms (default)
2022-08-10 09:22:06,913 [pool-339-thread-1] INFO  server.RaftServerConfigKeys (ConfUtils.java:logGet(46)) - raft.server.rpc.slowness.timeout = 2s (custom)
2022-08-10 09:22:06,913 [pool-339-thread-1] INFO  server.RaftServerConfigKeys (ConfUtils.java:logGet(46)) - raft.server.leaderelection.leader.step-down.wait-time = 10s (default)
2022-08-10 09:22:06,913 [pool-339-thread-1] INFO  server.RaftServerConfigKeys (ConfUtils.java:logGet(46)) - raft.server.sleep.deviation.threshold = 300ms (default)
2022-08-10 09:22:06,913 [pool-339-thread-1] INFO  server.RaftServer$Division (ServerState.java:<init>(107)) - omNode-1@group-523986131536: ConfigurationManager, init=-1: [omNode-3|rpc:localhost:34947|priority:0, omNode-1|rpc:localhost:44673|priority:0, omNode-2|rpc:localhost:36767|priority:0], old=null, confs=<EMPTY_MAP>
2022-08-10 09:22:06,913 [pool-339-thread-1] INFO  server.RaftServerConfigKeys (ConfUtils.java:logGet(46)) - raft.server.storage.dir = [/home/runner/work/ozone/ozone/hadoop-ozone/integration-test/target/test-dir/MiniOzoneClusterImpl-5b46f7b7-15cd-42ca-88c0-c813cff626ca/omNode-1/ratis] (custom)
2022-08-10 09:22:06,913 [pool-339-thread-1] INFO  server.RaftServerConfigKeys (ConfUtils.java:logGet(46)) - raft.server.log.corruption.policy = EXCEPTION (default)
2022-08-10 09:22:06,913 [pool-339-thread-1] INFO  server.RaftServerConfigKeys (ConfUtils.java:logGet(46)) - raft.server.storage.free-space.min = 0MB (=0) (default)
2022-08-10 09:22:06,914 [pool-339-thread-1] INFO  storage.RaftStorageDirectory (RaftStorageDirectoryImpl.java:tryLock(230)) - Lock on /home/runner/work/ozone/ozone/hadoop-ozone/integration-test/target/test-dir/MiniOzoneClusterImpl-5b46f7b7-15cd-42ca-88c0-c813cff626ca/omNode-1/ratis/c9bc4cf4-3bc3-3c60-a66b-523986131536/in_use.lock acquired by nodename 28234@fv-az244-795
2022-08-10 09:22:06,915 [pool-339-thread-1] INFO  storage.RaftStorage (RaftStorageImpl.java:analyzeAndRecoverStorage(110)) - Read RaftStorageMetadata{term=5, votedFor=omNode-3} from /home/runner/work/ozone/ozone/hadoop-ozone/integration-test/target/test-dir/MiniOzoneClusterImpl-5b46f7b7-15cd-42ca-88c0-c813cff626ca/omNode-1/ratis/c9bc4cf4-3bc3-3c60-a66b-523986131536/current/raft-meta
2022-08-10 09:22:06,915 [pool-339-thread-1] INFO  server.RaftServer$Division (ServerState.java:setRaftConf(393)) - omNode-1@group-523986131536: set configuration 57: [omNode-3|rpc:localhost:34947|admin:|client:|dataStream:|priority:0, omNode-1|rpc:localhost:44673|admin:|client:|dataStream:|priority:0, omNode-2|rpc:localhost:36767|admin:|client:|dataStream:|priority:0], old=null
2022-08-10 09:22:06,915 [pool-339-thread-1] INFO  server.RaftServerConfigKeys (ConfUtils.java:logGet(46)) - raft.server.notification.no-leader.timeout = 2s (custom)
2022-08-10 09:22:06,915 [pool-339-thread-1] INFO  server.RaftServerConfigKeys (ConfUtils.java:logGet(46)) - raft.server.log.use.memory = false (default)
2022-08-10 09:22:06,915 [pool-339-thread-1] INFO  server.RaftServerConfigKeys (ConfUtils.java:logGet(46)) - raft.server.log.purge.gap = 50 (custom)
2022-08-10 09:22:06,916 [pool-339-thread-1] INFO  server.RaftServerConfigKeys (ConfUtils.java:logGet(46)) - raft.server.log.appender.buffer.byte-limit = 33554432 (custom)
2022-08-10 09:22:06,916 [pool-339-thread-1] INFO  server.RaftServerConfigKeys (ConfUtils.java:logGet(46)) - raft.server.log.statemachine.data.read.timeout = 1000ms (default)
2022-08-10 09:22:06,916 [pool-339-thread-1] INFO  server.RaftServerConfigKeys (ConfUtils.java:logGet(46)) - raft.server.log.segment.size.max = 4194304 (custom)
2022-08-10 09:22:06,916 [pool-339-thread-1] INFO  server.RaftServerConfigKeys (ConfUtils.java:logGet(46)) - raft.server.log.segment.cache.num.max = 2 (custom)
2022-08-10 09:22:06,917 [pool-339-thread-1] INFO  server.RaftServerConfigKeys (ConfUtils.java:logGet(46)) - raft.server.log.segment.cache.size.max = 200MB (=209715200) (default)
2022-08-10 09:22:06,917 [pool-339-thread-1] INFO  segmented.SegmentedRaftLogWorker (SegmentedRaftLogWorker.java:<init>(187)) - new omNode-1@group-523986131536-SegmentedRaftLogWorker for RaftStorageImpl:Storage Directory /home/runner/work/ozone/ozone/hadoop-ozone/integration-test/target/test-dir/MiniOzoneClusterImpl-5b46f7b7-15cd-42ca-88c0-c813cff626ca/omNode-1/ratis/c9bc4cf4-3bc3-3c60-a66b-523986131536
2022-08-10 09:22:06,917 [pool-339-thread-1] INFO  server.RaftServerConfigKeys (ConfUtils.java:logGet(46)) - raft.server.log.queue.byte-limit = 64MB (=67108864) (default)
2022-08-10 09:22:06,917 [pool-339-thread-1] INFO  server.RaftServerConfigKeys (ConfUtils.java:logGet(46)) - raft.server.log.queue.element-limit = 4096 (default)
2022-08-10 09:22:06,917 [pool-339-thread-1] INFO  server.RaftServerConfigKeys (ConfUtils.java:logGet(46)) - raft.server.log.segment.size.max = 4194304 (custom)
2022-08-10 09:22:06,917 [pool-339-thread-1] INFO  server.RaftServerConfigKeys (ConfUtils.java:logGet(46)) - raft.server.log.preallocated.size = 4194304 (custom)
2022-08-10 09:22:06,917 [pool-339-thread-1] INFO  server.RaftServerConfigKeys (ConfUtils.java:logGet(46)) - raft.server.log.force.sync.num = 128 (default)
2022-08-10 09:22:06,917 [pool-339-thread-1] INFO  server.RaftServerConfigKeys (ConfUtils.java:logGet(46)) - raft.server.log.statemachine.data.sync = true (default)
2022-08-10 09:22:06,917 [pool-339-thread-1] INFO  server.RaftServerConfigKeys (ConfUtils.java:logGet(46)) - raft.server.log.statemachine.data.sync.timeout = 10s (default)
2022-08-10 09:22:06,917 [pool-339-thread-1] INFO  server.RaftServerConfigKeys (ConfUtils.java:logGet(46)) - raft.server.log.statemachine.data.sync.timeout.retry = -1 (default)
2022-08-10 09:22:06,918 [pool-339-thread-1] INFO  server.RaftServerConfigKeys (ConfUtils.java:logGet(46)) - raft.server.log.write.buffer.size = 64KB (=65536) (default)
2022-08-10 09:22:06,918 [pool-339-thread-1] INFO  server.RaftServerConfigKeys (ConfUtils.java:logGet(46)) - raft.server.log.unsafe-flush.enabled = false (default)
2022-08-10 09:22:06,918 [pool-339-thread-1] INFO  server.RaftServerConfigKeys (ConfUtils.java:logGet(46)) - raft.server.log.statemachine.data.caching.enabled = false (default)
2022-08-10 09:22:06,919 [pool-339-thread-1] INFO  server.RaftServer$Division (ServerState.java:setRaftConf(393)) - omNode-1@group-523986131536: set configuration 57: [omNode-3|rpc:localhost:34947|admin:|client:|dataStream:|priority:0, omNode-1|rpc:localhost:44673|admin:|client:|dataStream:|priority:0, omNode-2|rpc:localhost:36767|admin:|client:|dataStream:|priority:0], old=null
2022-08-10 09:22:06,919 [pool-339-thread-1] INFO  segmented.LogSegment (LogSegment.java:loadSegment(173)) - Successfully read 2 entries from segment file /home/runner/work/ozone/ozone/hadoop-ozone/integration-test/target/test-dir/MiniOzoneClusterImpl-5b46f7b7-15cd-42ca-88c0-c813cff626ca/omNode-1/ratis/c9bc4cf4-3bc3-3c60-a66b-523986131536/current/log_inprogress_57
2022-08-10 09:22:06,920 [pool-339-thread-1] INFO  segmented.SegmentedRaftLogWorker (SegmentedRaftLogWorker.java:lambda$new$0(135)) - omNode-1@group-523986131536-SegmentedRaftLogWorker: flushIndex: setUnconditionally 0 -> 58
2022-08-10 09:22:06,920 [pool-339-thread-1] INFO  segmented.SegmentedRaftLogWorker (SegmentedRaftLogWorker.java:lambda$new$0(135)) - omNode-1@group-523986131536-SegmentedRaftLogWorker: safeCacheEvictIndex: setUnconditionally 0 -> -1
2022-08-10 09:22:06,920 [pool-339-thread-1] INFO  raftlog.RaftLog (RaftLogBase.java:lambda$new$0(53)) - omNode-1@group-523986131536-SegmentedRaftLog: commitIndex: updateToMax old=58, new=57, updated? false
2022-08-10 09:22:06,920 [pool-339-thread-1] INFO  raftlog.RaftLog (RaftLogBase.java:lambda$new$0(53)) - omNode-1@group-523986131536-SegmentedRaftLog: purgeIndex: updateIncreasingly -1 -> 56
2022-08-10 09:22:06,920 [pool-339-thread-1] INFO  server.RaftServerConfigKeys (ConfUtils.java:logGet(46)) - raft.server.snapshot.auto.trigger.enabled = true (custom)
2022-08-10 09:22:06,920 [pool-339-thread-1] INFO  server.RaftServerConfigKeys (ConfUtils.java:logGet(46)) - raft.server.snapshot.auto.trigger.threshold = 50 (custom)
2022-08-10 09:22:06,920 [pool-339-thread-1] INFO  server.RaftServerConfigKeys (ConfUtils.java:logGet(46)) - raft.server.snapshot.retention.file.num = -1 (default)
2022-08-10 09:22:06,920 [pool-339-thread-1] INFO  server.RaftServerConfigKeys (ConfUtils.java:logGet(46)) - raft.server.log.purge.upto.snapshot.index = true (custom)
2022-08-10 09:22:06,920 [pool-339-thread-1] INFO  server.RaftServerConfigKeys (ConfUtils.java:logGet(46)) - raft.server.retrycache.expirytime = 30000ms (custom)
2022-08-10 09:22:06,920 [pool-339-thread-1] INFO  server.RaftServerConfigKeys (ConfUtils.java:logGet(46)) - raft.server.retrycache.statistics.expirytime = 100μs (default)
2022-08-10 09:22:06,922 [pool-339-thread-1] INFO  server.RaftServerConfigKeys (ConfUtils.java:logGet(46)) - raft.server.log.appender.install.snapshot.enabled = false (custom)
2022-08-10 09:22:06,922 [pool-339-thread-1] INFO  server.RaftServerConfigKeys (ConfUtils.java:logGet(46)) - raft.server.threadpool.server.cached = true (default)
2022-08-10 09:22:06,922 [pool-339-thread-1] INFO  server.RaftServerConfigKeys (ConfUtils.java:logGet(46)) - raft.server.threadpool.server.size = 0 (default)
2022-08-10 09:22:06,922 [pool-339-thread-1] INFO  server.RaftServerConfigKeys (ConfUtils.java:logGet(46)) - raft.server.threadpool.client.cached = true (default)
2022-08-10 09:22:06,922 [pool-339-thread-1] INFO  server.RaftServerConfigKeys (ConfUtils.java:logGet(46)) - raft.server.threadpool.client.size = 0 (default)
2022-08-10 09:22:06,922 [omNode-1-impl-thread1] INFO  server.RaftServer$Division (RaftServerImpl.java:start(310)) - omNode-1@group-523986131536: start as a follower, conf=57: [omNode-3|rpc:localhost:34947|admin:|client:|dataStream:|priority:0, omNode-1|rpc:localhost:44673|admin:|client:|dataStream:|priority:0, omNode-2|rpc:localhost:36767|admin:|client:|dataStream:|priority:0], old=null
2022-08-10 09:22:06,922 [omNode-1-impl-thread1] INFO  server.RaftServer$Division (RaftServerImpl.java:setRole(299)) - omNode-1@group-523986131536: changes role from      null to FOLLOWER at term 5 for startAsFollower
2022-08-10 09:22:06,922 [omNode-1-impl-thread1] INFO  impl.RoleInfo (RoleInfo.java:updateAndGet(139)) - omNode-1: start omNode-1@group-523986131536-FollowerState
2022-08-10 09:22:06,923 [omNode-1-impl-thread1] INFO  util.JmxRegister (JmxRegister.java:tryRegister(44)) - Successfully registered JMX Bean with object name Ratis:service=RaftServer,group=group-523986131536,id=omNode-1
2022-08-10 09:22:06,923 [Listener at localhost/36235] INFO  server.RaftServer (RaftServerProxy.java:lambda$start$6(382)) - omNode-1: start RPC server
2022-08-10 09:22:06,926 [Listener at localhost/36235] INFO  server.GrpcService (GrpcService.java:startImpl(260)) - omNode-1: GrpcService started, listening on 44673
2022-08-10 09:22:06,927 [Listener at localhost/36235] INFO  om.OzoneManager (OzoneManager.java:getRpcServer(1086)) - Creating RPC Server
2022-08-10 09:22:06,927 [org.apache.ratis.util.JvmPauseMonitor$$Lambda$696/1259104175@4b4bf383] INFO  util.JvmPauseMonitor (JvmPauseMonitor.java:run(103)) - JvmPauseMonitor-omNode-1: Started
2022-08-10 09:22:07,435 [Finalizer] WARN  managed.ManagedRocksObjectUtils (ManagedRocksObjectUtils.java:assertClosed(39)) - ManagedColumnFamilyOptions is not closed properly
2022-08-10 09:22:07,435 [Finalizer] WARN  managed.ManagedRocksObjectUtils (ManagedRocksObjectUtils.java:assertClosed(39)) - ManagedColumnFamilyOptions is not closed properly
2022-08-10 09:22:07,435 [Finalizer] WARN  managed.ManagedRocksObjectUtils (ManagedRocksObjectUtils.java:assertClosed(39)) - ManagedColumnFamilyOptions is not closed properly
2022-08-10 09:22:07,435 [Finalizer] WARN  managed.ManagedRocksObjectUtils (ManagedRocksObjectUtils.java:assertClosed(39)) - ManagedColumnFamilyOptions is not closed properly
2022-08-10 09:22:07,435 [Finalizer] WARN  managed.ManagedRocksObjectUtils (ManagedRocksObjectUtils.java:assertClosed(39)) - ManagedColumnFamilyOptions is not closed properly
2022-08-10 09:22:07,435 [Finalizer] WARN  managed.ManagedRocksObjectUtils (ManagedRocksObjectUtils.java:assertClosed(39)) - ManagedColumnFamilyOptions is not closed properly
2022-08-10 09:22:07,435 [Finalizer] WARN  managed.ManagedRocksObjectUtils (ManagedRocksObjectUtils.java:assertClosed(39)) - ManagedColumnFamilyOptions is not closed properly
2022-08-10 09:22:07,435 [Finalizer] WARN  managed.ManagedRocksObjectUtils (ManagedRocksObjectUtils.java:assertClosed(39)) - ManagedColumnFamilyOptions is not closed properly
2022-08-10 09:22:07,435 [Finalizer] WARN  managed.ManagedRocksObjectUtils (ManagedRocksObjectUtils.java:assertClosed(39)) - ManagedColumnFamilyOptions is not closed properly
2022-08-10 09:22:07,435 [Finalizer] WARN  managed.ManagedRocksObjectUtils (ManagedRocksObjectUtils.java:assertClosed(39)) - ManagedColumnFamilyOptions is not closed properly
2022-08-10 09:22:07,435 [Finalizer] WARN  managed.ManagedRocksObjectUtils (ManagedRocksObjectUtils.java:assertClosed(39)) - ManagedColumnFamilyOptions is not closed properly
2022-08-10 09:22:07,435 [Finalizer] WARN  managed.ManagedRocksObjectUtils (ManagedRocksObjectUtils.java:assertClosed(39)) - ManagedColumnFamilyOptions is not closed properly
2022-08-10 09:22:07,435 [Finalizer] WARN  managed.ManagedRocksObjectUtils (ManagedRocksObjectUtils.java:assertClosed(39)) - ManagedColumnFamilyOptions is not closed properly
2022-08-10 09:22:07,435 [Finalizer] WARN  managed.ManagedRocksObjectUtils (ManagedRocksObjectUtils.java:assertClosed(39)) - ManagedColumnFamilyOptions is not closed properly
2022-08-10 09:22:07,436 [Finalizer] WARN  managed.ManagedRocksObjectUtils (ManagedRocksObjectUtils.java:assertClosed(39)) - ManagedColumnFamilyOptions is not closed properly
2022-08-10 09:22:07,436 [Finalizer] WARN  managed.ManagedRocksObjectUtils (ManagedRocksObjectUtils.java:assertClosed(39)) - ManagedColumnFamilyOptions is not closed properly
2022-08-10 09:22:07,436 [Finalizer] WARN  managed.ManagedRocksObjectUtils (ManagedRocksObjectUtils.java:assertClosed(39)) - ManagedColumnFamilyOptions is not closed properly
2022-08-10 09:22:07,436 [Finalizer] WARN  managed.ManagedRocksObjectUtils (ManagedRocksObjectUtils.java:assertClosed(39)) - ManagedColumnFamilyOptions is not closed properly
2022-08-10 09:22:07,436 [Finalizer] WARN  managed.ManagedRocksObjectUtils (ManagedRocksObjectUtils.java:assertClosed(39)) - ManagedColumnFamilyOptions is not closed properly
2022-08-10 09:22:07,436 [Finalizer] WARN  managed.ManagedRocksObjectUtils (ManagedRocksObjectUtils.java:assertClosed(39)) - ManagedColumnFamilyOptions is not closed properly
2022-08-10 09:22:07,436 [Finalizer] WARN  managed.ManagedRocksObjectUtils (ManagedRocksObjectUtils.java:assertClosed(39)) - ManagedColumnFamilyOptions is not closed properly
2022-08-10 09:22:07,436 [Finalizer] WARN  managed.ManagedRocksObjectUtils (ManagedRocksObjectUtils.java:assertClosed(39)) - ManagedColumnFamilyOptions is not closed properly
2022-08-10 09:22:07,438 [Finalizer] WARN  managed.ManagedRocksObjectUtils (ManagedRocksObjectUtils.java:assertClosed(39)) - ManagedLRUCache is not closed properly
2022-08-10 09:22:07,438 [Finalizer] WARN  managed.ManagedRocksObjectUtils (ManagedRocksObjectUtils.java:assertClosed(39)) - ManagedBloomFilter is not closed properly
2022-08-10 09:22:07,438 [Finalizer] WARN  managed.ManagedRocksObjectUtils (ManagedRocksObjectUtils.java:assertClosed(39)) - ManagedColumnFamilyOptions is not closed properly
2022-08-10 09:22:07,438 [Finalizer] WARN  managed.ManagedRocksObjectUtils (ManagedRocksObjectUtils.java:assertClosed(39)) - ManagedLRUCache is not closed properly
2022-08-10 09:22:07,438 [Finalizer] WARN  managed.ManagedRocksObjectUtils (ManagedRocksObjectUtils.java:assertClosed(39)) - ManagedBloomFilter is not closed properly
2022-08-10 09:22:07,438 [Finalizer] WARN  managed.ManagedRocksObjectUtils (ManagedRocksObjectUtils.java:assertClosed(39)) - ManagedColumnFamilyOptions is not closed properly
2022-08-10 09:22:07,438 [Finalizer] WARN  managed.ManagedRocksObjectUtils (ManagedRocksObjectUtils.java:assertClosed(39)) - ManagedLRUCache is not closed properly
2022-08-10 09:22:07,438 [Finalizer] WARN  managed.ManagedRocksObjectUtils (ManagedRocksObjectUtils.java:assertClosed(39)) - ManagedBloomFilter is not closed properly
2022-08-10 09:22:07,438 [Finalizer] WARN  managed.ManagedRocksObjectUtils (ManagedRocksObjectUtils.java:assertClosed(39)) - ManagedColumnFamilyOptions is not closed properly
2022-08-10 09:22:07,438 [Finalizer] WARN  managed.ManagedRocksObjectUtils (ManagedRocksObjectUtils.java:assertClosed(39)) - ManagedLRUCache is not closed properly
2022-08-10 09:22:07,438 [Finalizer] WARN  managed.ManagedRocksObjectUtils (ManagedRocksObjectUtils.java:assertClosed(39)) - ManagedBloomFilter is not closed properly
2022-08-10 09:22:07,438 [Finalizer] WARN  managed.ManagedRocksObjectUtils (ManagedRocksObjectUtils.java:assertClosed(39)) - ManagedColumnFamilyOptions is not closed properly
2022-08-10 09:22:07,438 [Finalizer] WARN  managed.ManagedRocksObjectUtils (ManagedRocksObjectUtils.java:assertClosed(39)) - ManagedLRUCache is not closed properly
2022-08-10 09:22:07,438 [Finalizer] WARN  managed.ManagedRocksObjectUtils (ManagedRocksObjectUtils.java:assertClosed(39)) - ManagedBloomFilter is not closed properly
2022-08-10 09:22:07,438 [Finalizer] WARN  managed.ManagedRocksObjectUtils (ManagedRocksObjectUtils.java:assertClosed(39)) - ManagedColumnFamilyOptions is not closed properly
2022-08-10 09:22:07,439 [Finalizer] WARN  managed.ManagedRocksObjectUtils (ManagedRocksObjectUtils.java:assertClosed(39)) - ManagedLRUCache is not closed properly
2022-08-10 09:22:07,439 [Finalizer] WARN  managed.ManagedRocksObjectUtils (ManagedRocksObjectUtils.java:assertClosed(39)) - ManagedBloomFilter is not closed properly
2022-08-10 09:22:07,439 [Finalizer] WARN  managed.ManagedRocksObjectUtils (ManagedRocksObjectUtils.java:assertClosed(39)) - ManagedColumnFamilyOptions is not closed properly
2022-08-10 09:22:07,439 [Finalizer] WARN  managed.ManagedRocksObjectUtils (ManagedRocksObjectUtils.java:assertClosed(39)) - ManagedLRUCache is not closed properly
2022-08-10 09:22:07,439 [Finalizer] WARN  managed.ManagedRocksObjectUtils (ManagedRocksObjectUtils.java:assertClosed(39)) - ManagedBloomFilter is not closed properly
2022-08-10 09:22:07,439 [Finalizer] WARN  managed.ManagedRocksObjectUtils (ManagedRocksObjectUtils.java:assertClosed(39)) - ManagedColumnFamilyOptions is not closed properly
2022-08-10 09:22:07,439 [Finalizer] WARN  managed.ManagedRocksObjectUtils (ManagedRocksObjectUtils.java:assertClosed(39)) - ManagedLRUCache is not closed properly
2022-08-10 09:22:07,439 [Finalizer] WARN  managed.ManagedRocksObjectUtils (ManagedRocksObjectUtils.java:assertClosed(39)) - ManagedBloomFilter is not closed properly
2022-08-10 09:22:07,439 [Finalizer] WARN  managed.ManagedRocksObjectUtils (ManagedRocksObjectUtils.java:assertClosed(39)) - ManagedColumnFamilyOptions is not closed properly
2022-08-10 09:22:07,439 [Finalizer] WARN  managed.ManagedRocksObjectUtils (ManagedRocksObjectUtils.java:assertClosed(39)) - ManagedLRUCache is not closed properly
2022-08-10 09:22:07,439 [Finalizer] WARN  managed.ManagedRocksObjectUtils (ManagedRocksObjectUtils.java:assertClosed(39)) - ManagedBloomFilter is not closed properly
2022-08-10 09:22:07,439 [Finalizer] WARN  managed.ManagedRocksObjectUtils (ManagedRocksObjectUtils.java:assertClosed(39)) - ManagedColumnFamilyOptions is not closed properly
2022-08-10 09:22:07,439 [Finalizer] WARN  managed.ManagedRocksObjectUtils (ManagedRocksObjectUtils.java:assertClosed(39)) - ManagedLRUCache is not closed properly
2022-08-10 09:22:07,439 [Finalizer] WARN  managed.ManagedRocksObjectUtils (ManagedRocksObjectUtils.java:assertClosed(39)) - ManagedBloomFilter is not closed properly
2022-08-10 09:22:07,439 [Finalizer] WARN  managed.ManagedRocksObjectUtils (ManagedRocksObjectUtils.java:assertClosed(39)) - ManagedColumnFamilyOptions is not closed properly
2022-08-10 09:22:07,439 [Finalizer] WARN  managed.ManagedRocksObjectUtils (ManagedRocksObjectUtils.java:assertClosed(39)) - ManagedLRUCache is not closed properly
2022-08-10 09:22:07,439 [Finalizer] WARN  managed.ManagedRocksObjectUtils (ManagedRocksObjectUtils.java:assertClosed(39)) - ManagedBloomFilter is not closed properly
2022-08-10 09:22:07,439 [Finalizer] WARN  managed.ManagedRocksObjectUtils (ManagedRocksObjectUtils.java:assertClosed(39)) - ManagedColumnFamilyOptions is not closed properly
2022-08-10 09:22:07,439 [Finalizer] WARN  managed.ManagedRocksObjectUtils (ManagedRocksObjectUtils.java:assertClosed(39)) - ManagedLRUCache is not closed properly
2022-08-10 09:22:07,439 [Finalizer] WARN  managed.ManagedRocksObjectUtils (ManagedRocksObjectUtils.java:assertClosed(39)) - ManagedBloomFilter is not closed properly
2022-08-10 09:22:07,439 [Finalizer] WARN  managed.ManagedRocksObjectUtils (ManagedRocksObjectUtils.java:assertClosed(39)) - ManagedColumnFamilyOptions is not closed properly
2022-08-10 09:22:07,439 [Finalizer] WARN  managed.ManagedRocksObjectUtils (ManagedRocksObjectUtils.java:assertClosed(39)) - ManagedLRUCache is not closed properly
2022-08-10 09:22:07,439 [Finalizer] WARN  managed.ManagedRocksObjectUtils (ManagedRocksObjectUtils.java:assertClosed(39)) - ManagedBloomFilter is not closed properly
2022-08-10 09:22:07,440 [Finalizer] WARN  managed.ManagedRocksObjectUtils (ManagedRocksObjectUtils.java:assertClosed(39)) - ManagedColumnFamilyOptions is not closed properly
2022-08-10 09:22:07,440 [Finalizer] WARN  managed.ManagedRocksObjectUtils (ManagedRocksObjectUtils.java:assertClosed(39)) - ManagedLRUCache is not closed properly
2022-08-10 09:22:07,440 [Finalizer] WARN  managed.ManagedRocksObjectUtils (ManagedRocksObjectUtils.java:assertClosed(39)) - ManagedBloomFilter is not closed properly
2022-08-10 09:22:07,440 [Finalizer] WARN  managed.ManagedRocksObjectUtils (ManagedRocksObjectUtils.java:assertClosed(39)) - ManagedColumnFamilyOptions is not closed properly
2022-08-10 09:22:07,440 [Finalizer] WARN  managed.ManagedRocksObjectUtils (ManagedRocksObjectUtils.java:assertClosed(39)) - ManagedLRUCache is not closed properly
2022-08-10 09:22:07,440 [Finalizer] WARN  managed.ManagedRocksObjectUtils (ManagedRocksObjectUtils.java:assertClosed(39)) - ManagedBloomFilter is not closed properly
2022-08-10 09:22:07,440 [Finalizer] WARN  managed.ManagedRocksObjectUtils (ManagedRocksObjectUtils.java:assertClosed(39)) - ManagedColumnFamilyOptions is not closed properly
2022-08-10 09:22:07,440 [Finalizer] WARN  managed.ManagedRocksObjectUtils (ManagedRocksObjectUtils.java:assertClosed(39)) - ManagedLRUCache is not closed properly
2022-08-10 09:22:07,440 [Finalizer] WARN  managed.ManagedRocksObjectUtils (ManagedRocksObjectUtils.java:assertClosed(39)) - ManagedBloomFilter is not closed properly
2022-08-10 09:22:07,440 [Finalizer] WARN  managed.ManagedRocksObjectUtils (ManagedRocksObjectUtils.java:assertClosed(39)) - ManagedColumnFamilyOptions is not closed properly
2022-08-10 09:22:07,440 [Finalizer] WARN  managed.ManagedRocksObjectUtils (ManagedRocksObjectUtils.java:assertClosed(39)) - ManagedLRUCache is not closed properly
2022-08-10 09:22:07,440 [Finalizer] WARN  managed.ManagedRocksObjectUtils (ManagedRocksObjectUtils.java:assertClosed(39)) - ManagedBloomFilter is not closed properly
2022-08-10 09:22:07,440 [Finalizer] WARN  managed.ManagedRocksObjectUtils (ManagedRocksObjectUtils.java:assertClosed(39)) - ManagedColumnFamilyOptions is not closed properly
2022-08-10 09:22:07,440 [Finalizer] WARN  managed.ManagedRocksObjectUtils (ManagedRocksObjectUtils.java:assertClosed(39)) - ManagedLRUCache is not closed properly
2022-08-10 09:22:07,440 [Finalizer] WARN  managed.ManagedRocksObjectUtils (ManagedRocksObjectUtils.java:assertClosed(39)) - ManagedBloomFilter is not closed properly
2022-08-10 09:22:07,440 [Finalizer] WARN  managed.ManagedRocksObjectUtils (ManagedRocksObjectUtils.java:assertClosed(39)) - ManagedColumnFamilyOptions is not closed properly
2022-08-10 09:22:07,440 [Finalizer] WARN  managed.ManagedRocksObjectUtils (ManagedRocksObjectUtils.java:assertClosed(39)) - ManagedLRUCache is not closed properly
2022-08-10 09:22:07,440 [Finalizer] WARN  managed.ManagedRocksObjectUtils (ManagedRocksObjectUtils.java:assertClosed(39)) - ManagedBloomFilter is not closed properly
2022-08-10 09:22:07,440 [Finalizer] WARN  managed.ManagedRocksObjectUtils (ManagedRocksObjectUtils.java:assertClosed(39)) - ManagedColumnFamilyOptions is not closed properly
2022-08-10 09:22:07,441 [Finalizer] WARN  managed.ManagedRocksObjectUtils (ManagedRocksObjectUtils.java:assertClosed(39)) - ManagedLRUCache is not closed properly
2022-08-10 09:22:07,441 [Finalizer] WARN  managed.ManagedRocksObjectUtils (ManagedRocksObjectUtils.java:assertClosed(39)) - ManagedBloomFilter is not closed properly
2022-08-10 09:22:07,451 [omNode-3@group-523986131536-FollowerState] INFO  impl.FollowerState (FollowerState.java:run(143)) - omNode-3@group-523986131536-FollowerState: change to CANDIDATE, lastRpcElapsedTime:1184225791ns, electionTimeout:1178ms
2022-08-10 09:22:07,451 [omNode-3@group-523986131536-FollowerState] INFO  impl.RoleInfo (RoleInfo.java:shutdownFollowerState(110)) - omNode-3: shutdown omNode-3@group-523986131536-FollowerState
2022-08-10 09:22:07,452 [omNode-3@group-523986131536-FollowerState] INFO  server.RaftServer$Division (RaftServerImpl.java:setRole(299)) - omNode-3@group-523986131536: changes role from  FOLLOWER to CANDIDATE at term 5 for changeToCandidate
2022-08-10 09:22:07,452 [omNode-3@group-523986131536-FollowerState] INFO  server.RaftServerConfigKeys (ConfUtils.java:logGet(46)) - raft.server.leaderelection.pre-vote = false (custom)
2022-08-10 09:22:07,452 [omNode-3@group-523986131536-FollowerState] INFO  impl.RoleInfo (RoleInfo.java:updateAndGet(139)) - omNode-3: start omNode-3@group-523986131536-LeaderElection19
2022-08-10 09:22:07,465 [omNode-3@group-523986131536-LeaderElection19] INFO  impl.LeaderElection (LeaderElection.java:askForVotes(310)) - omNode-3@group-523986131536-LeaderElection19 ELECTION round 0: submit vote requests at term 6 for 57: [omNode-3|rpc:localhost:34947|admin:|client:|dataStream:|priority:0, omNode-1|rpc:localhost:44673|admin:|client:|dataStream:|priority:0, omNode-2|rpc:localhost:36767|admin:|client:|dataStream:|priority:0], old=null
2022-08-10 09:22:07,484 [grpc-default-executor-2] INFO  server.RaftServer$Division (RaftServerImpl.java:requestVote(1152)) - omNode-1@group-523986131536: receive requestVote(ELECTION, omNode-3, group-523986131536, 6, (t:5, i:58))
2022-08-10 09:22:07,485 [grpc-default-executor-2] INFO  impl.VoteContext (VoteContext.java:log(48)) - omNode-1@group-523986131536-FOLLOWER: accept ELECTION from omNode-3: our priority 0 <= candidate's priority 0
2022-08-10 09:22:07,485 [grpc-default-executor-2] INFO  server.RaftServer$Division (RaftServerImpl.java:setRole(299)) - omNode-1@group-523986131536: changes role from  FOLLOWER to FOLLOWER at term 6 for candidate:omNode-3
2022-08-10 09:22:07,485 [grpc-default-executor-2] INFO  impl.RoleInfo (RoleInfo.java:shutdownFollowerState(110)) - omNode-1: shutdown omNode-1@group-523986131536-FollowerState
2022-08-10 09:22:07,485 [omNode-1@group-523986131536-FollowerState] INFO  impl.FollowerState (FollowerState.java:run(152)) - omNode-1@group-523986131536-FollowerState was interrupted
2022-08-10 09:22:07,485 [grpc-default-executor-2] INFO  impl.RoleInfo (RoleInfo.java:updateAndGet(139)) - omNode-1: start omNode-1@group-523986131536-FollowerState
2022-08-10 09:22:07,493 [omNode-3@group-523986131536-LeaderElection19] INFO  impl.LeaderElection (LogUtils.java:infoOrTrace(137)) - omNode-3@group-523986131536-LeaderElection19 got exception when requesting votes: java.util.concurrent.ExecutionException: org.apache.ratis.thirdparty.io.grpc.StatusRuntimeException: UNAVAILABLE: io exception
2022-08-10 09:22:07,493 [grpc-default-executor-2] INFO  server.RaftServer$Division (RaftServerImpl.java:requestVote(1184)) - omNode-1@group-523986131536 replies to ELECTION vote request: omNode-3<-omNode-1#0:OK-t6. Peer's state: omNode-1@group-523986131536:t6, leader=null, voted=omNode-3, raftlog=omNode-1@group-523986131536-SegmentedRaftLog:OPENED:c58, conf=57: [omNode-3|rpc:localhost:34947|admin:|client:|dataStream:|priority:0, omNode-1|rpc:localhost:44673|admin:|client:|dataStream:|priority:0, omNode-2|rpc:localhost:36767|admin:|client:|dataStream:|priority:0], old=null
2022-08-10 09:22:07,495 [omNode-3@group-523986131536-LeaderElection19] INFO  impl.LeaderElection (LeaderElection.java:logAndReturn(90)) - omNode-3@group-523986131536-LeaderElection19: ELECTION PASSED received 1 response(s) and 1 exception(s):
2022-08-10 09:22:07,495 [omNode-3@group-523986131536-LeaderElection19] INFO  impl.LeaderElection (LeaderElection.java:logAndReturn(94)) -   Response 0: omNode-3<-omNode-1#0:OK-t6
2022-08-10 09:22:07,495 [omNode-3@group-523986131536-LeaderElection19] INFO  impl.LeaderElection (LogUtils.java:infoOrTrace(137)) -   Exception 1: java.util.concurrent.ExecutionException: org.apache.ratis.thirdparty.io.grpc.StatusRuntimeException: UNAVAILABLE: io exception
2022-08-10 09:22:07,495 [omNode-3@group-523986131536-LeaderElection19] INFO  impl.LeaderElection (LeaderElection.java:askForVotes(312)) - omNode-3@group-523986131536-LeaderElection19 ELECTION round 0: result PASSED
2022-08-10 09:22:07,495 [omNode-3@group-523986131536-LeaderElection19] INFO  impl.RoleInfo (RoleInfo.java:shutdownLeaderElection(130)) - omNode-3: shutdown omNode-3@group-523986131536-LeaderElection19
2022-08-10 09:22:07,495 [omNode-3@group-523986131536-LeaderElection19] INFO  server.RaftServer$Division (RaftServerImpl.java:setRole(299)) - omNode-3@group-523986131536: changes role from CANDIDATE to LEADER at term 6 for changeToLeader
2022-08-10 09:22:07,496 [omNode-3@group-523986131536-LeaderElection19] INFO  server.RaftServer$Division (ServerState.java:setLeader(287)) - omNode-3@group-523986131536: change Leader from null to omNode-3 at term 6 for becomeLeader, leader elected after 1237ms
2022-08-10 09:22:07,496 [omNode-3@group-523986131536-LeaderElection19] INFO  server.RaftServerConfigKeys (ConfUtils.java:logGet(46)) - raft.server.staging.catchup.gap = 1000 (default)
2022-08-10 09:22:07,496 [omNode-3@group-523986131536-LeaderElection19] INFO  server.RaftServerConfigKeys (ConfUtils.java:logGet(46)) - raft.server.write.element-limit = 4096 (default)
2022-08-10 09:22:07,496 [omNode-3@group-523986131536-LeaderElection19] INFO  server.RaftServerConfigKeys (ConfUtils.java:logGet(46)) - raft.server.write.byte-limit = 64MB (=67108864) (default)
2022-08-10 09:22:07,496 [omNode-3@group-523986131536-LeaderElection19] INFO  server.RaftServerConfigKeys (ConfUtils.java:logGet(46)) - raft.server.watch.timeout = 10s (default)
2022-08-10 09:22:07,497 [omNode-3@group-523986131536-LeaderElection19] INFO  server.RaftServerConfigKeys (ConfUtils.java:logGet(46)) - raft.server.watch.timeout.denomination = 1s (default)
2022-08-10 09:22:07,497 [omNode-3@group-523986131536-LeaderElection19] INFO  server.RaftServerConfigKeys (ConfUtils.java:logGet(46)) - raft.server.watch.element-limit = 65536 (default)
2022-08-10 09:22:07,497 [omNode-3@group-523986131536-LeaderElection19] INFO  server.RaftServerConfigKeys (ConfUtils.java:logGet(46)) - raft.server.write.element-limit = 4096 (default)
2022-08-10 09:22:07,497 [omNode-3@group-523986131536-LeaderElection19] INFO  server.RaftServerConfigKeys (ConfUtils.java:logGet(46)) - raft.server.write.follower.gap.ratio.max = -1.0 (default)
2022-08-10 09:22:07,498 [omNode-3@group-523986131536-LeaderElection19] INFO  server.RaftServerConfigKeys (ConfUtils.java:logGet(46)) - raft.server.log.appender.snapshot.chunk.size.max = 16MB (=16777216) (default)
2022-08-10 09:22:07,498 [omNode-3@group-523986131536-LeaderElection19] INFO  server.RaftServerConfigKeys (ConfUtils.java:logGet(46)) - raft.server.log.appender.buffer.byte-limit = 33554432 (custom)
2022-08-10 09:22:07,498 [omNode-3@group-523986131536-LeaderElection19] INFO  server.RaftServerConfigKeys (ConfUtils.java:logGet(46)) - raft.server.log.appender.buffer.element-limit = 1024 (custom)
2022-08-10 09:22:07,498 [omNode-3@group-523986131536-LeaderElection19] INFO  grpc.GrpcConfigKeys (ConfUtils.java:logGet(46)) - raft.grpc.server.leader.outstanding.appends.max = 128 (default)
2022-08-10 09:22:07,498 [omNode-3@group-523986131536-LeaderElection19] INFO  server.RaftServerConfigKeys (ConfUtils.java:logGet(46)) - raft.server.rpc.request.timeout = 3000ms (default)
2022-08-10 09:22:07,498 [omNode-3@group-523986131536-LeaderElection19] INFO  server.RaftServerConfigKeys (ConfUtils.java:logGet(46)) - raft.server.log.appender.install.snapshot.enabled = false (custom)
2022-08-10 09:22:07,499 [omNode-3@group-523986131536-LeaderElection19] INFO  server.RaftServerConfigKeys (ConfUtils.java:logGet(46)) - raft.server.log.appender.snapshot.chunk.size.max = 16MB (=16777216) (default)
2022-08-10 09:22:07,499 [omNode-3@group-523986131536-LeaderElection19] INFO  server.RaftServerConfigKeys (ConfUtils.java:logGet(46)) - raft.server.log.appender.buffer.byte-limit = 33554432 (custom)
2022-08-10 09:22:07,499 [omNode-3@group-523986131536-LeaderElection19] INFO  server.RaftServerConfigKeys (ConfUtils.java:logGet(46)) - raft.server.log.appender.buffer.element-limit = 1024 (custom)
2022-08-10 09:22:07,499 [omNode-3@group-523986131536-LeaderElection19] INFO  grpc.GrpcConfigKeys (ConfUtils.java:logGet(46)) - raft.grpc.server.leader.outstanding.appends.max = 128 (default)
2022-08-10 09:22:07,499 [omNode-3@group-523986131536-LeaderElection19] INFO  server.RaftServerConfigKeys (ConfUtils.java:logGet(46)) - raft.server.rpc.request.timeout = 3000ms (default)
2022-08-10 09:22:07,500 [omNode-3@group-523986131536-LeaderElection19] INFO  server.RaftServerConfigKeys (ConfUtils.java:logGet(46)) - raft.server.log.appender.install.snapshot.enabled = false (custom)
2022-08-10 09:22:07,500 [omNode-3@group-523986131536-LeaderElection19] INFO  impl.RoleInfo (RoleInfo.java:updateAndGet(139)) - omNode-3: start omNode-3@group-523986131536-LeaderStateImpl
2022-08-10 09:22:07,500 [omNode-3@group-523986131536-LeaderElection19] INFO  segmented.SegmentedRaftLogWorker (SegmentedRaftLogWorker.java:rollLogSegment(430)) - omNode-3@group-523986131536-SegmentedRaftLogWorker: Rolling segment log-57_58 to index:58
2022-08-10 09:22:07,501 [omNode-3@group-523986131536-SegmentedRaftLogWorker] INFO  segmented.SegmentedRaftLogWorker (SegmentedRaftLogWorker.java:execute(586)) - omNode-3@group-523986131536-SegmentedRaftLogWorker: Rolled log segment from /home/runner/work/ozone/ozone/hadoop-ozone/integration-test/target/test-dir/MiniOzoneClusterImpl-5b46f7b7-15cd-42ca-88c0-c813cff626ca/omNode-3/ratis/c9bc4cf4-3bc3-3c60-a66b-523986131536/current/log_inprogress_57 to /home/runner/work/ozone/ozone/hadoop-ozone/integration-test/target/test-dir/MiniOzoneClusterImpl-5b46f7b7-15cd-42ca-88c0-c813cff626ca/omNode-3/ratis/c9bc4cf4-3bc3-3c60-a66b-523986131536/current/log_57-58
2022-08-10 09:22:07,513 [Listener at localhost/36235] INFO  reflections.Reflections (Reflections.java:scan(232)) - Reflections took 583 ms to scan 19 urls, producing 67 keys and 4150 values [using 2 cores]
2022-08-10 09:22:07,514 [Listener at localhost/36235] INFO  ipc.CallQueueManager (CallQueueManager.java:<init>(90)) - Using callQueue: class java.util.concurrent.LinkedBlockingQueue, queueCapacity: 2000, scheduler: class org.apache.hadoop.ipc.DefaultRpcScheduler, ipcBackoff: false.
2022-08-10 09:22:07,518 [omNode-3@group-523986131536-SegmentedRaftLogWorker] INFO  segmented.SegmentedRaftLogWorker (SegmentedRaftLogWorker.java:execute(629)) - omNode-3@group-523986131536-SegmentedRaftLogWorker: created new log segment /home/runner/work/ozone/ozone/hadoop-ozone/integration-test/target/test-dir/MiniOzoneClusterImpl-5b46f7b7-15cd-42ca-88c0-c813cff626ca/omNode-3/ratis/c9bc4cf4-3bc3-3c60-a66b-523986131536/current/log_inprogress_59
2022-08-10 09:22:07,521 [grpc-default-executor-2] WARN  server.GrpcLogAppender (LogUtils.java:warn(122)) - omNode-3@group-523986131536->omNode-2-AppendLogResponseHandler: Failed appendEntries: org.apache.ratis.thirdparty.io.grpc.StatusRuntimeException: UNAVAILABLE: io exception
2022-08-10 09:22:07,524 [Socket Reader #1 for port 39929] INFO  ipc.Server (Server.java:run(1265)) - Starting Socket Reader #1 for port 39929
2022-08-10 09:22:07,527 [omNode-3@group-523986131536-LeaderElection19] INFO  server.RaftServer$Division (ServerState.java:setRaftConf(393)) - omNode-3@group-523986131536: set configuration 59: [omNode-3|rpc:localhost:34947|admin:|client:|dataStream:|priority:0, omNode-1|rpc:localhost:44673|admin:|client:|dataStream:|priority:0, omNode-2|rpc:localhost:36767|admin:|client:|dataStream:|priority:0], old=null
2022-08-10 09:22:07,531 [Listener at localhost/39929] INFO  http.BaseHttpServer (BaseHttpServer.java:newHttpServer2BuilderForOzone(209)) - Starting Web-server for ozoneManager at: http://0.0.0.0:33883
2022-08-10 09:22:07,531 [Listener at localhost/39929] INFO  http.BaseHttpServer (BaseHttpServer.java:<init>(107)) - Hadoop Security Enabled: false Ozone Security Enabled: false Ozone HTTP Security Enabled: false 
2022-08-10 09:22:07,533 [Listener at localhost/39929] INFO  server.AuthenticationFilter (AuthenticationFilter.java:constructSecretProvider(240)) - Unable to initialize FileSignerSecretProvider, falling back to use random secrets.
2022-08-10 09:22:07,535 [grpc-default-executor-2] WARN  server.GrpcLogAppender (GrpcLogAppender.java:resetClient(111)) - omNode-3@group-523986131536->omNode-2-GrpcLogAppender: Leader has not got in touch with Follower omNode-3@group-523986131536->omNode-2(c-1,m0,n60, attendVote=true, lastRpcSendTime=0, lastRpcResponseTime=1238) yet, just keep nextIndex unchanged and retry.
2022-08-10 09:22:07,544 [Listener at localhost/39929] WARN  http.HttpRequestLog (HttpRequestLog.java:getRequestLog(103)) - Jetty request log can only be enabled using Log4j
2022-08-10 09:22:07,546 [Listener at localhost/39929] INFO  http.HttpServer2 (HttpServer2.java:addGlobalFilter(1029)) - Added global filter 'safety' (class=org.apache.hadoop.hdds.server.http.HttpServer2$QuotingInputFilter)
2022-08-10 09:22:07,546 [Listener at localhost/39929] INFO  http.HttpServer2 (HttpServer2.java:addFilter(1005)) - Added filter static_user_filter (class=org.apache.hadoop.http.lib.StaticUserWebFilter$StaticUserFilter) to context ozoneManager
2022-08-10 09:22:07,546 [Listener at localhost/39929] INFO  http.HttpServer2 (HttpServer2.java:addFilter(1013)) - Added filter static_user_filter (class=org.apache.hadoop.http.lib.StaticUserWebFilter$StaticUserFilter) to context static
2022-08-10 09:22:07,547 [Listener at localhost/39929] INFO  http.HttpServer2 (HttpServer2.java:addFilter(1013)) - Added filter static_user_filter (class=org.apache.hadoop.http.lib.StaticUserWebFilter$StaticUserFilter) to context logs
2022-08-10 09:22:07,547 [Listener at localhost/39929] INFO  http.HttpServer2 (HttpServer2.java:bindListener(1248)) - Jetty bound to port 33883
2022-08-10 09:22:07,548 [Listener at localhost/39929] INFO  server.Server (Server.java:doStart(375)) - jetty-9.4.43.v20210629; built: 2021-06-30T11:07:22.254Z; git: 526006ecfa3af7f1a27ef3a288e2bef7ea9dd7e8; jvm 1.8.0_332-b09
2022-08-10 09:22:07,566 [omNode-1-server-thread1] INFO  server.RaftServer$Division (ServerState.java:setLeader(287)) - omNode-1@group-523986131536: change Leader from null to omNode-3 at term 6 for appendEntries, leader elected after 650ms
2022-08-10 09:22:07,567 [Listener at localhost/39929] INFO  server.session (DefaultSessionIdManager.java:doStart(334)) - DefaultSessionIdManager workerName=node0
2022-08-10 09:22:07,568 [Listener at localhost/39929] INFO  server.session (DefaultSessionIdManager.java:doStart(339)) - No SessionScavenger set, using defaults
2022-08-10 09:22:07,568 [Listener at localhost/39929] INFO  server.session (HouseKeeper.java:startScavenging(132)) - node0 Scavenging every 660000ms
2022-08-10 09:22:07,580 [Listener at localhost/39929] INFO  handler.ContextHandler (ContextHandler.java:doStart(915)) - Started o.e.j.s.ServletContextHandler@61a2721d{logs,/logs,file:///home/runner/work/ozone/ozone/hadoop-ozone/integration-test/target/log,AVAILABLE}
2022-08-10 09:22:07,581 [Listener at localhost/39929] INFO  handler.ContextHandler (ContextHandler.java:doStart(915)) - Started o.e.j.s.ServletContextHandler@ed24620{static,/static,file:///home/runner/work/ozone/ozone/hadoop-ozone/integration-test/target/test-classes/webapps/static,AVAILABLE}
2022-08-10 09:22:07,587 [omNode-1-server-thread1] INFO  server.RaftServer$Division (ServerState.java:setRaftConf(393)) - omNode-1@group-523986131536: set configuration 59: [omNode-3|rpc:localhost:34947|admin:|client:|dataStream:|priority:0, omNode-1|rpc:localhost:44673|admin:|client:|dataStream:|priority:0, omNode-2|rpc:localhost:36767|admin:|client:|dataStream:|priority:0], old=null
2022-08-10 09:22:07,588 [omNode-1-server-thread1] INFO  segmented.SegmentedRaftLogWorker (SegmentedRaftLogWorker.java:rollLogSegment(430)) - omNode-1@group-523986131536-SegmentedRaftLogWorker: Rolling segment log-57_58 to index:58
2022-08-10 09:22:07,589 [omNode-1@group-523986131536-SegmentedRaftLogWorker] INFO  segmented.SegmentedRaftLogWorker (SegmentedRaftLogWorker.java:execute(586)) - omNode-1@group-523986131536-SegmentedRaftLogWorker: Rolled log segment from /home/runner/work/ozone/ozone/hadoop-ozone/integration-test/target/test-dir/MiniOzoneClusterImpl-5b46f7b7-15cd-42ca-88c0-c813cff626ca/omNode-1/ratis/c9bc4cf4-3bc3-3c60-a66b-523986131536/current/log_inprogress_57 to /home/runner/work/ozone/ozone/hadoop-ozone/integration-test/target/test-dir/MiniOzoneClusterImpl-5b46f7b7-15cd-42ca-88c0-c813cff626ca/omNode-1/ratis/c9bc4cf4-3bc3-3c60-a66b-523986131536/current/log_57-58
2022-08-10 09:22:07,598 [Listener at localhost/39929] INFO  handler.ContextHandler (ContextHandler.java:doStart(915)) - Started o.e.j.w.WebAppContext@1fad3858{ozoneManager,/,file:///home/runner/work/ozone/ozone/hadoop-ozone/integration-test/target/test-classes/webapps/ozoneManager/,AVAILABLE}{file:/home/runner/work/ozone/ozone/hadoop-ozone/integration-test/target/test-classes/webapps/ozoneManager}
2022-08-10 09:22:07,601 [Listener at localhost/39929] INFO  server.AbstractConnector (AbstractConnector.java:doStart(331)) - Started ServerConnector@2492174c{HTTP/1.1, (http/1.1)}{0.0.0.0:33883}
2022-08-10 09:22:07,601 [omNode-1@group-523986131536-SegmentedRaftLogWorker] INFO  segmented.SegmentedRaftLogWorker (SegmentedRaftLogWorker.java:execute(629)) - omNode-1@group-523986131536-SegmentedRaftLogWorker: created new log segment /home/runner/work/ozone/ozone/hadoop-ozone/integration-test/target/test-dir/MiniOzoneClusterImpl-5b46f7b7-15cd-42ca-88c0-c813cff626ca/omNode-1/ratis/c9bc4cf4-3bc3-3c60-a66b-523986131536/current/log_inprogress_59
2022-08-10 09:22:07,604 [Listener at localhost/39929] INFO  server.Server (Server.java:doStart(415)) - Started @55053ms
2022-08-10 09:22:07,604 [Listener at localhost/39929] WARN  impl.MetricsSystemImpl (MetricsSystemImpl.java:register(279)) - Sink prometheus already exists!
2022-08-10 09:22:07,605 [Listener at localhost/39929] INFO  http.BaseHttpServer (BaseHttpServer.java:updateConnectorAddress(329)) - HTTP server of ozoneManager listening at http://0.0.0.0:33883
2022-08-10 09:22:07,616 [IPC Server Responder] INFO  ipc.Server (Server.java:run(1507)) - IPC Server Responder: starting
2022-08-10 09:22:07,627 [IPC Server listener on 39929] INFO  ipc.Server (Server.java:run(1344)) - IPC Server listener on 39929: starting
2022-08-10 09:22:07,641 [Listener at localhost/39929] INFO  om.OzoneManager (OzoneManager.java:startTrashEmptier(1907)) - Trash Interval set to 0. Files deleted won't move to trash
2022-08-10 09:22:07,642 [Listener at localhost/39929] INFO  om.OzoneManager (OzoneManager.java:stop(2022)) - omNode-2[localhost:38141]: Stopping Ozone Manager
2022-08-10 09:22:07,642 [Listener at localhost/39929] INFO  om.OzoneManager (OzoneManager.java:restart(1559)) - OzoneManager RPC server is listening at localhost/127.0.0.1:38141
2022-08-10 09:22:07,642 [Listener at localhost/39929] INFO  impl.MetricsSystemImpl (MetricsSystemImpl.java:init(158)) - OzoneManager metrics system started (again)
2022-08-10 09:22:07,648 [omNode-3@group-523986131536-StateMachineUpdater] INFO  ratis.OzoneManagerStateMachine (OzoneManagerStateMachine.java:notifyConfigurationChanged(192)) - Received Configuration change notification from Ratis. New Peer list:
[id: "omNode-3"
address: "localhost:34947"
, id: "omNode-1"
address: "localhost:44673"
, id: "omNode-2"
address: "localhost:36767"
]
2022-08-10 09:22:07,655 [grpc-default-executor-1] WARN  server.GrpcLogAppender (LogUtils.java:warn(122)) - omNode-3@group-523986131536->omNode-2-AppendLogResponseHandler: Failed appendEntries: org.apache.ratis.thirdparty.io.grpc.StatusRuntimeException: UNAVAILABLE: io exception
2022-08-10 09:22:07,656 [grpc-default-executor-1] WARN  server.GrpcLogAppender (GrpcLogAppender.java:resetClient(111)) - omNode-3@group-523986131536->omNode-2-GrpcLogAppender: Leader has not got in touch with Follower omNode-3@group-523986131536->omNode-2(c-1,m0,n61, attendVote=true, lastRpcSendTime=0, lastRpcResponseTime=1358) yet, just keep nextIndex unchanged and retry.
2022-08-10 09:22:07,658 [org.apache.hadoop.util.JvmPauseMonitor$Monitor@3089312a] INFO  util.JvmPauseMonitor (JvmPauseMonitor.java:run(188)) - Starting JVM pause monitor
2022-08-10 09:22:07,660 [omNode-1@group-523986131536-StateMachineUpdater] INFO  ratis.OzoneManagerStateMachine (OzoneManagerStateMachine.java:notifyConfigurationChanged(192)) - Received Configuration change notification from Ratis. New Peer list:
[id: "omNode-3"
address: "localhost:34947"
, id: "omNode-1"
address: "localhost:44673"
, id: "omNode-2"
address: "localhost:36767"
]
2022-08-10 09:22:07,665 [Listener at localhost/39929] WARN  server.ServerUtils (ServerUtils.java:getDBPath(225)) - ozone.om.db.dirs is not configured. We recommend adding this setting. Falling back to ozone.metadata.dirs instead.
2022-08-10 09:22:07,672 [Listener at localhost/39929] INFO  codec.OmKeyInfoCodec (OmKeyInfoCodec.java:<init>(49)) - OmKeyInfoCodec ignorePipeline = true
2022-08-10 09:22:07,672 [Listener at localhost/39929] INFO  codec.RepeatedOmKeyInfoCodec (RepeatedOmKeyInfoCodec.java:<init>(41)) - RepeatedOmKeyInfoCodec ignorePipeline = true
2022-08-10 09:22:07,742 [Listener at localhost/39929] INFO  om.OzoneManager (OzoneManager.java:instantiateServices(697)) - S3 Multi-Tenancy is disabled
2022-08-10 09:22:07,748 [Listener at localhost/39929] WARN  impl.MetricRegistriesImpl (MetricRegistriesImpl.java:addReporterRegistration(111)) - New reporters are added after registries were created. Some metrics will be missing from the reporter. Please add reporter before adding any new registry.
2022-08-10 09:22:07,748 [Listener at localhost/39929] WARN  impl.MetricRegistriesImpl (MetricRegistriesImpl.java:addReporterRegistration(111)) - New reporters are added after registries were created. Some metrics will be missing from the reporter. Please add reporter before adding any new registry.
2022-08-10 09:22:07,749 [Listener at localhost/39929] WARN  server.ServerUtils (ServerUtils.java:getDefaultRatisDirectory(237)) - Storage directory for Ratis is not configured. It is a good idea to map this to an SSD disk. Falling back to ozone.metadata.dirs
2022-08-10 09:22:07,750 [Listener at localhost/39929] INFO  ratis.OzoneManagerRatisServer (OzoneManagerRatisServer.java:<init>(159)) - Instantiating OM Ratis server with groupID: om-service-test1 and peers: localhost:36767, localhost:34947, localhost:44673
2022-08-10 09:22:07,750 [Listener at localhost/39929] INFO  ratis.OzoneManagerStateMachine (OzoneManagerStateMachine.java:loadSnapshotInfoFromDB(632)) - LastAppliedIndex is set from TransactionInfo from OM DB as (t:4, i:56)
2022-08-10 09:22:07,751 [Listener at localhost/39929] INFO  server.RaftServer (ConfUtils.java:logGet(46)) - raft.rpc.type = GRPC (default)
2022-08-10 09:22:07,751 [Listener at localhost/39929] INFO  grpc.GrpcFactory (GrpcFactory.java:checkPooledByteBufAllocatorUseCacheForAllThreads(48)) - PERFORMANCE WARNING: useCacheForAllThreads is true that may cause Netty to create a lot garbage objects and, as a result, trigger GC.
	It is recommended to disable useCacheForAllThreads by setting -Dorg.apache.ratis.thirdparty.io.netty.allocator.useCacheForAllThreads=false in command line.
2022-08-10 09:22:07,751 [Listener at localhost/39929] INFO  grpc.GrpcConfigKeys (ConfUtils.java:logGet(46)) - raft.grpc.admin.port = -1 (default)
2022-08-10 09:22:07,752 [Listener at localhost/39929] INFO  grpc.GrpcConfigKeys (ConfUtils.java:logGet(46)) - raft.grpc.server.port = 36767 (custom)
2022-08-10 09:22:07,752 [Listener at localhost/39929] INFO  grpc.GrpcConfigKeys (ConfUtils.java:logGet(46)) - raft.grpc.client.port = -1 (default)
2022-08-10 09:22:07,752 [Listener at localhost/39929] INFO  grpc.GrpcConfigKeys (ConfUtils.java:logGet(46)) - raft.grpc.server.port = 36767 (custom)
2022-08-10 09:22:07,752 [Listener at localhost/39929] INFO  grpc.GrpcConfigKeys (ConfUtils.java:logGet(46)) - raft.grpc.server.port = 36767 (custom)
2022-08-10 09:22:07,753 [Listener at localhost/39929] INFO  server.GrpcService (ConfUtils.java:logGet(46)) - raft.grpc.message.size.max = 33554432 (custom)
2022-08-10 09:22:07,753 [Listener at localhost/39929] INFO  server.RaftServerConfigKeys (ConfUtils.java:logGet(46)) - raft.server.log.appender.buffer.byte-limit = 33554432 (custom)
2022-08-10 09:22:07,753 [Listener at localhost/39929] INFO  server.GrpcService (ConfUtils.java:logGet(46)) - raft.grpc.flow.control.window = 1MB (=1048576) (default)
2022-08-10 09:22:07,753 [Listener at localhost/39929] INFO  server.RaftServerConfigKeys (ConfUtils.java:logGet(46)) - raft.server.rpc.request.timeout = 3000ms (default)
2022-08-10 09:22:07,753 [Listener at localhost/39929] INFO  grpc.GrpcConfigKeys (ConfUtils.java:logGet(46)) - raft.grpc.server.async.request.thread.pool.cached = true (default)
2022-08-10 09:22:07,756 [Listener at localhost/39929] INFO  grpc.GrpcConfigKeys (ConfUtils.java:logGet(46)) - raft.grpc.server.async.request.thread.pool.size = 32 (default)
2022-08-10 09:22:07,758 [Listener at localhost/39929] INFO  impl.DataStreamServerImpl (ConfUtils.java:logGet(46)) - raft.datastream.type = DISABLED (default)
2022-08-10 09:22:07,758 [Listener at localhost/39929] INFO  server.RaftServerConfigKeys (ConfUtils.java:logGet(46)) - raft.server.threadpool.proxy.cached = true (default)
2022-08-10 09:22:07,758 [Listener at localhost/39929] INFO  server.RaftServerConfigKeys (ConfUtils.java:logGet(46)) - raft.server.threadpool.proxy.size = 0 (default)
2022-08-10 09:22:07,759 [Listener at localhost/39929] INFO  server.RaftServerConfigKeys (ConfUtils.java:logGet(46)) - raft.server.rpc.slowness.timeout = 2s (custom)
2022-08-10 09:22:07,760 [Listener at localhost/39929] INFO  server.RaftServerConfigKeys (ConfUtils.java:logGet(46)) - raft.server.leaderelection.leader.step-down.wait-time = 10s (default)
2022-08-10 09:22:07,760 [Listener at localhost/39929] INFO  server.RaftServerConfigKeys (ConfUtils.java:logGet(46)) - raft.server.storage.dir = [/home/runner/work/ozone/ozone/hadoop-ozone/integration-test/target/test-dir/MiniOzoneClusterImpl-5b46f7b7-15cd-42ca-88c0-c813cff626ca/omNode-2/ratis] (custom)
2022-08-10 09:22:07,761 [omNode-2-impl-thread1] INFO  server.RaftServer (RaftServerProxy.java:initGroupDir(247)) - omNode-2: found a subdirectory /home/runner/work/ozone/ozone/hadoop-ozone/integration-test/target/test-dir/MiniOzoneClusterImpl-5b46f7b7-15cd-42ca-88c0-c813cff626ca/omNode-2/ratis/c9bc4cf4-3bc3-3c60-a66b-523986131536
2022-08-10 09:22:07,761 [Listener at localhost/39929] INFO  server.RaftServer (RaftServerProxy.java:addNew(96)) - omNode-2: addNew group-523986131536:[omNode-3|rpc:localhost:34947|priority:0, omNode-1|rpc:localhost:44673|priority:0, omNode-2|rpc:localhost:36767|priority:0] returns group-523986131536:java.util.concurrent.CompletableFuture@3541b5ad[Not completed]
2022-08-10 09:22:07,761 [Listener at localhost/39929] INFO  om.OzoneManager (OzoneManager.java:initializeRatisServer(1963)) - OzoneManager Ratis server initialized at port 36767
2022-08-10 09:22:07,761 [Listener at localhost/39929] INFO  ratis.OzoneManagerRatisServer (OzoneManagerRatisServer.java:start(554)) - Starting OzoneManagerRatisServer omNode-2 at port 36767
2022-08-10 09:22:07,762 [pool-363-thread-1] INFO  server.RaftServer$Division (RaftServerImpl.java:<init>(190)) - omNode-2: new RaftServerImpl for group-523986131536:[omNode-3|rpc:localhost:34947|priority:0, omNode-1|rpc:localhost:44673|priority:0, omNode-2|rpc:localhost:36767|priority:0] with OzoneManagerStateMachine:uninitialized
2022-08-10 09:22:07,762 [pool-363-thread-1] INFO  server.RaftServerConfigKeys (ConfUtils.java:logGet(46)) - raft.server.rpc.timeout.min = 1s (custom)
2022-08-10 09:22:07,762 [pool-363-thread-1] INFO  server.RaftServerConfigKeys (ConfUtils.java:logGet(46)) - raft.server.rpc.timeout.max = 1200ms (custom)
2022-08-10 09:22:07,762 [pool-363-thread-1] INFO  server.RaftServerConfigKeys (ConfUtils.java:logGet(46)) - raft.server.rpc.sleep.time = 25ms (default)
2022-08-10 09:22:07,762 [pool-363-thread-1] INFO  server.RaftServerConfigKeys (ConfUtils.java:logGet(46)) - raft.server.rpc.slowness.timeout = 2s (custom)
2022-08-10 09:22:07,762 [pool-363-thread-1] INFO  server.RaftServerConfigKeys (ConfUtils.java:logGet(46)) - raft.server.leaderelection.leader.step-down.wait-time = 10s (default)
2022-08-10 09:22:07,762 [pool-363-thread-1] INFO  server.RaftServerConfigKeys (ConfUtils.java:logGet(46)) - raft.server.sleep.deviation.threshold = 300ms (default)
2022-08-10 09:22:07,762 [pool-363-thread-1] INFO  server.RaftServer$Division (ServerState.java:<init>(107)) - omNode-2@group-523986131536: ConfigurationManager, init=-1: [omNode-3|rpc:localhost:34947|priority:0, omNode-1|rpc:localhost:44673|priority:0, omNode-2|rpc:localhost:36767|priority:0], old=null, confs=<EMPTY_MAP>
2022-08-10 09:22:07,762 [pool-363-thread-1] INFO  server.RaftServerConfigKeys (ConfUtils.java:logGet(46)) - raft.server.storage.dir = [/home/runner/work/ozone/ozone/hadoop-ozone/integration-test/target/test-dir/MiniOzoneClusterImpl-5b46f7b7-15cd-42ca-88c0-c813cff626ca/omNode-2/ratis] (custom)
2022-08-10 09:22:07,762 [pool-363-thread-1] INFO  server.RaftServerConfigKeys (ConfUtils.java:logGet(46)) - raft.server.log.corruption.policy = EXCEPTION (default)
2022-08-10 09:22:07,762 [pool-363-thread-1] INFO  server.RaftServerConfigKeys (ConfUtils.java:logGet(46)) - raft.server.storage.free-space.min = 0MB (=0) (default)
2022-08-10 09:22:07,765 [pool-363-thread-1] INFO  storage.RaftStorageDirectory (RaftStorageDirectoryImpl.java:tryLock(230)) - Lock on /home/runner/work/ozone/ozone/hadoop-ozone/integration-test/target/test-dir/MiniOzoneClusterImpl-5b46f7b7-15cd-42ca-88c0-c813cff626ca/omNode-2/ratis/c9bc4cf4-3bc3-3c60-a66b-523986131536/in_use.lock acquired by nodename 28234@fv-az244-795
2022-08-10 09:22:07,770 [pool-363-thread-1] INFO  storage.RaftStorage (RaftStorageImpl.java:analyzeAndRecoverStorage(110)) - Read RaftStorageMetadata{term=4, votedFor=omNode-2} from /home/runner/work/ozone/ozone/hadoop-ozone/integration-test/target/test-dir/MiniOzoneClusterImpl-5b46f7b7-15cd-42ca-88c0-c813cff626ca/omNode-2/ratis/c9bc4cf4-3bc3-3c60-a66b-523986131536/current/raft-meta
2022-08-10 09:22:07,770 [pool-363-thread-1] INFO  server.RaftServer$Division (ServerState.java:setRaftConf(393)) - omNode-2@group-523986131536: set configuration 31: [omNode-3|rpc:localhost:34947|admin:|client:|dataStream:|priority:0, omNode-1|rpc:localhost:44673|admin:|client:|dataStream:|priority:0, omNode-2|rpc:localhost:36767|admin:|client:|dataStream:|priority:0], old=null
2022-08-10 09:22:07,772 [grpc-default-executor-2] WARN  server.GrpcLogAppender (LogUtils.java:warn(122)) - omNode-3@group-523986131536->omNode-2-AppendLogResponseHandler: Failed appendEntries: org.apache.ratis.thirdparty.io.grpc.StatusRuntimeException: UNAVAILABLE: io exception
2022-08-10 09:22:07,773 [grpc-default-executor-2] WARN  server.GrpcLogAppender (GrpcLogAppender.java:resetClient(111)) - omNode-3@group-523986131536->omNode-2-GrpcLogAppender: Leader has not got in touch with Follower omNode-3@group-523986131536->omNode-2(c-1,m0,n61, attendVote=true, lastRpcSendTime=1, lastRpcResponseTime=1476) yet, just keep nextIndex unchanged and retry.
2022-08-10 09:22:07,773 [pool-363-thread-1] INFO  server.RaftServerConfigKeys (ConfUtils.java:logGet(46)) - raft.server.notification.no-leader.timeout = 2s (custom)
2022-08-10 09:22:07,773 [pool-363-thread-1] INFO  server.RaftServerConfigKeys (ConfUtils.java:logGet(46)) - raft.server.log.use.memory = false (default)
2022-08-10 09:22:07,773 [pool-363-thread-1] INFO  server.RaftServerConfigKeys (ConfUtils.java:logGet(46)) - raft.server.log.purge.gap = 50 (custom)
2022-08-10 09:22:07,773 [pool-363-thread-1] INFO  server.RaftServerConfigKeys (ConfUtils.java:logGet(46)) - raft.server.log.appender.buffer.byte-limit = 33554432 (custom)
2022-08-10 09:22:07,774 [pool-363-thread-1] INFO  server.RaftServerConfigKeys (ConfUtils.java:logGet(46)) - raft.server.log.statemachine.data.read.timeout = 1000ms (default)
2022-08-10 09:22:07,775 [pool-363-thread-1] INFO  server.RaftServerConfigKeys (ConfUtils.java:logGet(46)) - raft.server.log.segment.size.max = 4194304 (custom)
2022-08-10 09:22:07,776 [pool-363-thread-1] INFO  server.RaftServerConfigKeys (ConfUtils.java:logGet(46)) - raft.server.log.segment.cache.num.max = 2 (custom)
2022-08-10 09:22:07,776 [pool-363-thread-1] INFO  server.RaftServerConfigKeys (ConfUtils.java:logGet(46)) - raft.server.log.segment.cache.size.max = 200MB (=209715200) (default)
2022-08-10 09:22:07,776 [pool-363-thread-1] INFO  segmented.SegmentedRaftLogWorker (SegmentedRaftLogWorker.java:<init>(187)) - new omNode-2@group-523986131536-SegmentedRaftLogWorker for RaftStorageImpl:Storage Directory /home/runner/work/ozone/ozone/hadoop-ozone/integration-test/target/test-dir/MiniOzoneClusterImpl-5b46f7b7-15cd-42ca-88c0-c813cff626ca/omNode-2/ratis/c9bc4cf4-3bc3-3c60-a66b-523986131536
2022-08-10 09:22:07,776 [pool-363-thread-1] INFO  server.RaftServerConfigKeys (ConfUtils.java:logGet(46)) - raft.server.log.queue.byte-limit = 64MB (=67108864) (default)
2022-08-10 09:22:07,776 [pool-363-thread-1] INFO  server.RaftServerConfigKeys (ConfUtils.java:logGet(46)) - raft.server.log.queue.element-limit = 4096 (default)
2022-08-10 09:22:07,776 [pool-363-thread-1] INFO  server.RaftServerConfigKeys (ConfUtils.java:logGet(46)) - raft.server.log.segment.size.max = 4194304 (custom)
2022-08-10 09:22:07,776 [pool-363-thread-1] INFO  server.RaftServerConfigKeys (ConfUtils.java:logGet(46)) - raft.server.log.preallocated.size = 4194304 (custom)
2022-08-10 09:22:07,776 [pool-363-thread-1] INFO  server.RaftServerConfigKeys (ConfUtils.java:logGet(46)) - raft.server.log.force.sync.num = 128 (default)
2022-08-10 09:22:07,776 [pool-363-thread-1] INFO  server.RaftServerConfigKeys (ConfUtils.java:logGet(46)) - raft.server.log.statemachine.data.sync = true (default)
2022-08-10 09:22:07,776 [pool-363-thread-1] INFO  server.RaftServerConfigKeys (ConfUtils.java:logGet(46)) - raft.server.log.statemachine.data.sync.timeout = 10s (default)
2022-08-10 09:22:07,777 [pool-363-thread-1] INFO  server.RaftServerConfigKeys (ConfUtils.java:logGet(46)) - raft.server.log.statemachine.data.sync.timeout.retry = -1 (default)
2022-08-10 09:22:07,777 [pool-363-thread-1] INFO  server.RaftServerConfigKeys (ConfUtils.java:logGet(46)) - raft.server.log.write.buffer.size = 64KB (=65536) (default)
2022-08-10 09:22:07,777 [pool-363-thread-1] INFO  server.RaftServerConfigKeys (ConfUtils.java:logGet(46)) - raft.server.log.unsafe-flush.enabled = false (default)
2022-08-10 09:22:07,778 [pool-363-thread-1] INFO  server.RaftServerConfigKeys (ConfUtils.java:logGet(46)) - raft.server.log.statemachine.data.caching.enabled = false (default)
2022-08-10 09:22:07,778 [pool-363-thread-1] INFO  server.RaftServer$Division (ServerState.java:setRaftConf(393)) - omNode-2@group-523986131536: set configuration 31: [omNode-3|rpc:localhost:34947|admin:|client:|dataStream:|priority:0, omNode-1|rpc:localhost:44673|admin:|client:|dataStream:|priority:0, omNode-2|rpc:localhost:36767|admin:|client:|dataStream:|priority:0], old=null
2022-08-10 09:22:07,780 [pool-363-thread-1] INFO  segmented.LogSegment (LogSegment.java:loadSegment(173)) - Successfully read 26 entries from segment file /home/runner/work/ozone/ozone/hadoop-ozone/integration-test/target/test-dir/MiniOzoneClusterImpl-5b46f7b7-15cd-42ca-88c0-c813cff626ca/omNode-2/ratis/c9bc4cf4-3bc3-3c60-a66b-523986131536/current/log_inprogress_31
2022-08-10 09:22:07,780 [pool-363-thread-1] INFO  segmented.SegmentedRaftLogWorker (SegmentedRaftLogWorker.java:lambda$new$0(135)) - omNode-2@group-523986131536-SegmentedRaftLogWorker: flushIndex: setUnconditionally 0 -> 56
2022-08-10 09:22:07,780 [pool-363-thread-1] INFO  segmented.SegmentedRaftLogWorker (SegmentedRaftLogWorker.java:lambda$new$0(135)) - omNode-2@group-523986131536-SegmentedRaftLogWorker: safeCacheEvictIndex: setUnconditionally 0 -> -1
2022-08-10 09:22:07,780 [pool-363-thread-1] INFO  raftlog.RaftLog (RaftLogBase.java:lambda$new$0(53)) - omNode-2@group-523986131536-SegmentedRaftLog: commitIndex: updateToMax old=56, new=55, updated? false
2022-08-10 09:22:07,780 [pool-363-thread-1] INFO  raftlog.RaftLog (RaftLogBase.java:lambda$new$0(53)) - omNode-2@group-523986131536-SegmentedRaftLog: purgeIndex: updateIncreasingly -1 -> 30
2022-08-10 09:22:07,780 [pool-363-thread-1] INFO  server.RaftServerConfigKeys (ConfUtils.java:logGet(46)) - raft.server.snapshot.auto.trigger.enabled = true (custom)
2022-08-10 09:22:07,780 [pool-363-thread-1] INFO  server.RaftServerConfigKeys (ConfUtils.java:logGet(46)) - raft.server.snapshot.auto.trigger.threshold = 50 (custom)
2022-08-10 09:22:07,780 [pool-363-thread-1] INFO  server.RaftServerConfigKeys (ConfUtils.java:logGet(46)) - raft.server.snapshot.retention.file.num = -1 (default)
2022-08-10 09:22:07,781 [pool-363-thread-1] INFO  server.RaftServerConfigKeys (ConfUtils.java:logGet(46)) - raft.server.log.purge.upto.snapshot.index = true (custom)
2022-08-10 09:22:07,781 [pool-363-thread-1] INFO  server.RaftServerConfigKeys (ConfUtils.java:logGet(46)) - raft.server.retrycache.expirytime = 30000ms (custom)
2022-08-10 09:22:07,781 [pool-363-thread-1] INFO  server.RaftServerConfigKeys (ConfUtils.java:logGet(46)) - raft.server.retrycache.statistics.expirytime = 100μs (default)
2022-08-10 09:22:07,782 [pool-363-thread-1] INFO  server.RaftServerConfigKeys (ConfUtils.java:logGet(46)) - raft.server.log.appender.install.snapshot.enabled = false (custom)
2022-08-10 09:22:07,782 [pool-363-thread-1] INFO  server.RaftServerConfigKeys (ConfUtils.java:logGet(46)) - raft.server.threadpool.server.cached = true (default)
2022-08-10 09:22:07,782 [pool-363-thread-1] INFO  server.RaftServerConfigKeys (ConfUtils.java:logGet(46)) - raft.server.threadpool.server.size = 0 (default)
2022-08-10 09:22:07,782 [pool-363-thread-1] INFO  server.RaftServerConfigKeys (ConfUtils.java:logGet(46)) - raft.server.threadpool.client.cached = true (default)
2022-08-10 09:22:07,782 [pool-363-thread-1] INFO  server.RaftServerConfigKeys (ConfUtils.java:logGet(46)) - raft.server.threadpool.client.size = 0 (default)
2022-08-10 09:22:07,782 [omNode-2-impl-thread1] INFO  server.RaftServer$Division (RaftServerImpl.java:start(310)) - omNode-2@group-523986131536: start as a follower, conf=31: [omNode-3|rpc:localhost:34947|admin:|client:|dataStream:|priority:0, omNode-1|rpc:localhost:44673|admin:|client:|dataStream:|priority:0, omNode-2|rpc:localhost:36767|admin:|client:|dataStream:|priority:0], old=null
2022-08-10 09:22:07,782 [omNode-2-impl-thread1] INFO  server.RaftServer$Division (RaftServerImpl.java:setRole(299)) - omNode-2@group-523986131536: changes role from      null to FOLLOWER at term 4 for startAsFollower
2022-08-10 09:22:07,782 [omNode-2-impl-thread1] INFO  impl.RoleInfo (RoleInfo.java:updateAndGet(139)) - omNode-2: start omNode-2@group-523986131536-FollowerState
2022-08-10 09:22:07,783 [omNode-2-impl-thread1] INFO  util.JmxRegister (JmxRegister.java:tryRegister(44)) - Successfully registered JMX Bean with object name Ratis:service=RaftServer,group=group-523986131536,id=omNode-2
2022-08-10 09:22:07,797 [Listener at localhost/39929] INFO  server.RaftServer (RaftServerProxy.java:lambda$start$6(382)) - omNode-2: start RPC server
2022-08-10 09:22:07,800 [Listener at localhost/39929] INFO  server.GrpcService (GrpcService.java:startImpl(260)) - omNode-2: GrpcService started, listening on 36767
2022-08-10 09:22:07,800 [Listener at localhost/39929] INFO  om.OzoneManager (OzoneManager.java:getRpcServer(1086)) - Creating RPC Server
2022-08-10 09:22:07,800 [org.apache.ratis.util.JvmPauseMonitor$$Lambda$696/1259104175@5ba0ce1a] INFO  util.JvmPauseMonitor (JvmPauseMonitor.java:run(103)) - JvmPauseMonitor-omNode-2: Started
2022-08-10 09:22:08,023 [grpc-default-executor-2] WARN  server.GrpcLogAppender (LogUtils.java:warn(122)) - omNode-3@group-523986131536->omNode-2-AppendLogResponseHandler: Failed appendEntries: org.apache.ratis.thirdparty.io.grpc.StatusRuntimeException: UNAVAILABLE: io exception
2022-08-10 09:22:08,024 [grpc-default-executor-2] WARN  server.GrpcLogAppender (GrpcLogAppender.java:resetClient(111)) - omNode-3@group-523986131536->omNode-2-GrpcLogAppender: Leader has not got in touch with Follower omNode-3@group-523986131536->omNode-2(c-1,m0,n61, attendVote=true, lastRpcSendTime=1, lastRpcResponseTime=1727) yet, just keep nextIndex unchanged and retry.
2022-08-10 09:22:08,156 [Finalizer] WARN  managed.ManagedRocksObjectUtils (ManagedRocksObjectUtils.java:assertClosed(39)) - ManagedColumnFamilyOptions is not closed properly
2022-08-10 09:22:08,156 [Finalizer] WARN  managed.ManagedRocksObjectUtils (ManagedRocksObjectUtils.java:assertClosed(39)) - ManagedColumnFamilyOptions is not closed properly
2022-08-10 09:22:08,156 [Finalizer] WARN  managed.ManagedRocksObjectUtils (ManagedRocksObjectUtils.java:assertClosed(39)) - ManagedColumnFamilyOptions is not closed properly
2022-08-10 09:22:08,156 [Finalizer] WARN  managed.ManagedRocksObjectUtils (ManagedRocksObjectUtils.java:assertClosed(39)) - ManagedColumnFamilyOptions is not closed properly
2022-08-10 09:22:08,156 [Finalizer] WARN  managed.ManagedRocksObjectUtils (ManagedRocksObjectUtils.java:assertClosed(39)) - ManagedColumnFamilyOptions is not closed properly
2022-08-10 09:22:08,156 [Finalizer] WARN  managed.ManagedRocksObjectUtils (ManagedRocksObjectUtils.java:assertClosed(39)) - ManagedColumnFamilyOptions is not closed properly
2022-08-10 09:22:08,157 [Finalizer] WARN  managed.ManagedRocksObjectUtils (ManagedRocksObjectUtils.java:assertClosed(39)) - ManagedColumnFamilyOptions is not closed properly
2022-08-10 09:22:08,157 [Finalizer] WARN  managed.ManagedRocksObjectUtils (ManagedRocksObjectUtils.java:assertClosed(39)) - ManagedColumnFamilyOptions is not closed properly
2022-08-10 09:22:08,157 [Finalizer] WARN  managed.ManagedRocksObjectUtils (ManagedRocksObjectUtils.java:assertClosed(39)) - ManagedColumnFamilyOptions is not closed properly
2022-08-10 09:22:08,157 [Finalizer] WARN  managed.ManagedRocksObjectUtils (ManagedRocksObjectUtils.java:assertClosed(39)) - ManagedColumnFamilyOptions is not closed properly
2022-08-10 09:22:08,157 [Finalizer] WARN  managed.ManagedRocksObjectUtils (ManagedRocksObjectUtils.java:assertClosed(39)) - ManagedColumnFamilyOptions is not closed properly
2022-08-10 09:22:08,157 [Finalizer] WARN  managed.ManagedRocksObjectUtils (ManagedRocksObjectUtils.java:assertClosed(39)) - ManagedColumnFamilyOptions is not closed properly
2022-08-10 09:22:08,157 [Finalizer] WARN  managed.ManagedRocksObjectUtils (ManagedRocksObjectUtils.java:assertClosed(39)) - ManagedColumnFamilyOptions is not closed properly
2022-08-10 09:22:08,157 [Finalizer] WARN  managed.ManagedRocksObjectUtils (ManagedRocksObjectUtils.java:assertClosed(39)) - ManagedColumnFamilyOptions is not closed properly
2022-08-10 09:22:08,157 [Finalizer] WARN  managed.ManagedRocksObjectUtils (ManagedRocksObjectUtils.java:assertClosed(39)) - ManagedColumnFamilyOptions is not closed properly
2022-08-10 09:22:08,157 [Finalizer] WARN  managed.ManagedRocksObjectUtils (ManagedRocksObjectUtils.java:assertClosed(39)) - ManagedColumnFamilyOptions is not closed properly
2022-08-10 09:22:08,157 [Finalizer] WARN  managed.ManagedRocksObjectUtils (ManagedRocksObjectUtils.java:assertClosed(39)) - ManagedColumnFamilyOptions is not closed properly
2022-08-10 09:22:08,157 [Finalizer] WARN  managed.ManagedRocksObjectUtils (ManagedRocksObjectUtils.java:assertClosed(39)) - ManagedColumnFamilyOptions is not closed properly
2022-08-10 09:22:08,157 [Finalizer] WARN  managed.ManagedRocksObjectUtils (ManagedRocksObjectUtils.java:assertClosed(39)) - ManagedColumnFamilyOptions is not closed properly
2022-08-10 09:22:08,157 [Finalizer] WARN  managed.ManagedRocksObjectUtils (ManagedRocksObjectUtils.java:assertClosed(39)) - ManagedColumnFamilyOptions is not closed properly
2022-08-10 09:22:08,157 [Finalizer] WARN  managed.ManagedRocksObjectUtils (ManagedRocksObjectUtils.java:assertClosed(39)) - ManagedColumnFamilyOptions is not closed properly
2022-08-10 09:22:08,157 [Finalizer] WARN  managed.ManagedRocksObjectUtils (ManagedRocksObjectUtils.java:assertClosed(39)) - ManagedColumnFamilyOptions is not closed properly
2022-08-10 09:22:08,157 [Finalizer] WARN  managed.ManagedRocksObjectUtils (ManagedRocksObjectUtils.java:assertClosed(39)) - ManagedLRUCache is not closed properly
2022-08-10 09:22:08,157 [Finalizer] WARN  managed.ManagedRocksObjectUtils (ManagedRocksObjectUtils.java:assertClosed(39)) - ManagedBloomFilter is not closed properly
2022-08-10 09:22:08,157 [Finalizer] WARN  managed.ManagedRocksObjectUtils (ManagedRocksObjectUtils.java:assertClosed(39)) - ManagedColumnFamilyOptions is not closed properly
2022-08-10 09:22:08,157 [Finalizer] WARN  managed.ManagedRocksObjectUtils (ManagedRocksObjectUtils.java:assertClosed(39)) - ManagedLRUCache is not closed properly
2022-08-10 09:22:08,157 [Finalizer] WARN  managed.ManagedRocksObjectUtils (ManagedRocksObjectUtils.java:assertClosed(39)) - ManagedBloomFilter is not closed properly
2022-08-10 09:22:08,157 [Finalizer] WARN  managed.ManagedRocksObjectUtils (ManagedRocksObjectUtils.java:assertClosed(39)) - ManagedColumnFamilyOptions is not closed properly
2022-08-10 09:22:08,157 [Finalizer] WARN  managed.ManagedRocksObjectUtils (ManagedRocksObjectUtils.java:assertClosed(39)) - ManagedLRUCache is not closed properly
2022-08-10 09:22:08,157 [Finalizer] WARN  managed.ManagedRocksObjectUtils (ManagedRocksObjectUtils.java:assertClosed(39)) - ManagedBloomFilter is not closed properly
2022-08-10 09:22:08,157 [Finalizer] WARN  managed.ManagedRocksObjectUtils (ManagedRocksObjectUtils.java:assertClosed(39)) - ManagedColumnFamilyOptions is not closed properly
2022-08-10 09:22:08,157 [Finalizer] WARN  managed.ManagedRocksObjectUtils (ManagedRocksObjectUtils.java:assertClosed(39)) - ManagedLRUCache is not closed properly
2022-08-10 09:22:08,158 [Finalizer] WARN  managed.ManagedRocksObjectUtils (ManagedRocksObjectUtils.java:assertClosed(39)) - ManagedBloomFilter is not closed properly
2022-08-10 09:22:08,158 [Finalizer] WARN  managed.ManagedRocksObjectUtils (ManagedRocksObjectUtils.java:assertClosed(39)) - ManagedColumnFamilyOptions is not closed properly
2022-08-10 09:22:08,158 [Finalizer] WARN  managed.ManagedRocksObjectUtils (ManagedRocksObjectUtils.java:assertClosed(39)) - ManagedLRUCache is not closed properly
2022-08-10 09:22:08,158 [Finalizer] WARN  managed.ManagedRocksObjectUtils (ManagedRocksObjectUtils.java:assertClosed(39)) - ManagedBloomFilter is not closed properly
2022-08-10 09:22:08,158 [Finalizer] WARN  managed.ManagedRocksObjectUtils (ManagedRocksObjectUtils.java:assertClosed(39)) - ManagedColumnFamilyOptions is not closed properly
2022-08-10 09:22:08,158 [Finalizer] WARN  managed.ManagedRocksObjectUtils (ManagedRocksObjectUtils.java:assertClosed(39)) - ManagedLRUCache is not closed properly
2022-08-10 09:22:08,158 [Finalizer] WARN  managed.ManagedRocksObjectUtils (ManagedRocksObjectUtils.java:assertClosed(39)) - ManagedBloomFilter is not closed properly
2022-08-10 09:22:08,158 [Finalizer] WARN  managed.ManagedRocksObjectUtils (ManagedRocksObjectUtils.java:assertClosed(39)) - ManagedColumnFamilyOptions is not closed properly
2022-08-10 09:22:08,158 [Finalizer] WARN  managed.ManagedRocksObjectUtils (ManagedRocksObjectUtils.java:assertClosed(39)) - ManagedLRUCache is not closed properly
2022-08-10 09:22:08,158 [Finalizer] WARN  managed.ManagedRocksObjectUtils (ManagedRocksObjectUtils.java:assertClosed(39)) - ManagedBloomFilter is not closed properly
2022-08-10 09:22:08,158 [Finalizer] WARN  managed.ManagedRocksObjectUtils (ManagedRocksObjectUtils.java:assertClosed(39)) - ManagedColumnFamilyOptions is not closed properly
2022-08-10 09:22:08,158 [Finalizer] WARN  managed.ManagedRocksObjectUtils (ManagedRocksObjectUtils.java:assertClosed(39)) - ManagedLRUCache is not closed properly
2022-08-10 09:22:08,158 [Finalizer] WARN  managed.ManagedRocksObjectUtils (ManagedRocksObjectUtils.java:assertClosed(39)) - ManagedBloomFilter is not closed properly
2022-08-10 09:22:08,158 [Finalizer] WARN  managed.ManagedRocksObjectUtils (ManagedRocksObjectUtils.java:assertClosed(39)) - ManagedColumnFamilyOptions is not closed properly
2022-08-10 09:22:08,158 [Finalizer] WARN  managed.ManagedRocksObjectUtils (ManagedRocksObjectUtils.java:assertClosed(39)) - ManagedLRUCache is not closed properly
2022-08-10 09:22:08,158 [Finalizer] WARN  managed.ManagedRocksObjectUtils (ManagedRocksObjectUtils.java:assertClosed(39)) - ManagedBloomFilter is not closed properly
2022-08-10 09:22:08,158 [Finalizer] WARN  managed.ManagedRocksObjectUtils (ManagedRocksObjectUtils.java:assertClosed(39)) - ManagedColumnFamilyOptions is not closed properly
2022-08-10 09:22:08,158 [Finalizer] WARN  managed.ManagedRocksObjectUtils (ManagedRocksObjectUtils.java:assertClosed(39)) - ManagedLRUCache is not closed properly
2022-08-10 09:22:08,158 [Finalizer] WARN  managed.ManagedRocksObjectUtils (ManagedRocksObjectUtils.java:assertClosed(39)) - ManagedBloomFilter is not closed properly
2022-08-10 09:22:08,158 [Finalizer] WARN  managed.ManagedRocksObjectUtils (ManagedRocksObjectUtils.java:assertClosed(39)) - ManagedColumnFamilyOptions is not closed properly
2022-08-10 09:22:08,158 [Finalizer] WARN  managed.ManagedRocksObjectUtils (ManagedRocksObjectUtils.java:assertClosed(39)) - ManagedLRUCache is not closed properly
2022-08-10 09:22:08,158 [Finalizer] WARN  managed.ManagedRocksObjectUtils (ManagedRocksObjectUtils.java:assertClosed(39)) - ManagedBloomFilter is not closed properly
2022-08-10 09:22:08,158 [Finalizer] WARN  managed.ManagedRocksObjectUtils (ManagedRocksObjectUtils.java:assertClosed(39)) - ManagedColumnFamilyOptions is not closed properly
2022-08-10 09:22:08,158 [Finalizer] WARN  managed.ManagedRocksObjectUtils (ManagedRocksObjectUtils.java:assertClosed(39)) - ManagedLRUCache is not closed properly
2022-08-10 09:22:08,158 [Finalizer] WARN  managed.ManagedRocksObjectUtils (ManagedRocksObjectUtils.java:assertClosed(39)) - ManagedBloomFilter is not closed properly
2022-08-10 09:22:08,159 [Finalizer] WARN  managed.ManagedRocksObjectUtils (ManagedRocksObjectUtils.java:assertClosed(39)) - ManagedColumnFamilyOptions is not closed properly
2022-08-10 09:22:08,159 [Finalizer] WARN  managed.ManagedRocksObjectUtils (ManagedRocksObjectUtils.java:assertClosed(39)) - ManagedLRUCache is not closed properly
2022-08-10 09:22:08,159 [Finalizer] WARN  managed.ManagedRocksObjectUtils (ManagedRocksObjectUtils.java:assertClosed(39)) - ManagedBloomFilter is not closed properly
2022-08-10 09:22:08,159 [Finalizer] WARN  managed.ManagedRocksObjectUtils (ManagedRocksObjectUtils.java:assertClosed(39)) - ManagedColumnFamilyOptions is not closed properly
2022-08-10 09:22:08,159 [Finalizer] WARN  managed.ManagedRocksObjectUtils (ManagedRocksObjectUtils.java:assertClosed(39)) - ManagedLRUCache is not closed properly
2022-08-10 09:22:08,159 [Finalizer] WARN  managed.ManagedRocksObjectUtils (ManagedRocksObjectUtils.java:assertClosed(39)) - ManagedBloomFilter is not closed properly
2022-08-10 09:22:08,159 [Finalizer] WARN  managed.ManagedRocksObjectUtils (ManagedRocksObjectUtils.java:assertClosed(39)) - ManagedColumnFamilyOptions is not closed properly
2022-08-10 09:22:08,159 [Finalizer] WARN  managed.ManagedRocksObjectUtils (ManagedRocksObjectUtils.java:assertClosed(39)) - ManagedLRUCache is not closed properly
2022-08-10 09:22:08,159 [Finalizer] WARN  managed.ManagedRocksObjectUtils (ManagedRocksObjectUtils.java:assertClosed(39)) - ManagedBloomFilter is not closed properly
2022-08-10 09:22:08,159 [Finalizer] WARN  managed.ManagedRocksObjectUtils (ManagedRocksObjectUtils.java:assertClosed(39)) - ManagedColumnFamilyOptions is not closed properly
2022-08-10 09:22:08,159 [Finalizer] WARN  managed.ManagedRocksObjectUtils (ManagedRocksObjectUtils.java:assertClosed(39)) - ManagedLRUCache is not closed properly
2022-08-10 09:22:08,159 [Finalizer] WARN  managed.ManagedRocksObjectUtils (ManagedRocksObjectUtils.java:assertClosed(39)) - ManagedBloomFilter is not closed properly
2022-08-10 09:22:08,159 [Finalizer] WARN  managed.ManagedRocksObjectUtils (ManagedRocksObjectUtils.java:assertClosed(39)) - ManagedColumnFamilyOptions is not closed properly
2022-08-10 09:22:08,159 [Finalizer] WARN  managed.ManagedRocksObjectUtils (ManagedRocksObjectUtils.java:assertClosed(39)) - ManagedLRUCache is not closed properly
2022-08-10 09:22:08,159 [Finalizer] WARN  managed.ManagedRocksObjectUtils (ManagedRocksObjectUtils.java:assertClosed(39)) - ManagedBloomFilter is not closed properly
2022-08-10 09:22:08,159 [Finalizer] WARN  managed.ManagedRocksObjectUtils (ManagedRocksObjectUtils.java:assertClosed(39)) - ManagedColumnFamilyOptions is not closed properly
2022-08-10 09:22:08,159 [Finalizer] WARN  managed.ManagedRocksObjectUtils (ManagedRocksObjectUtils.java:assertClosed(39)) - ManagedLRUCache is not closed properly
2022-08-10 09:22:08,159 [Finalizer] WARN  managed.ManagedRocksObjectUtils (ManagedRocksObjectUtils.java:assertClosed(39)) - ManagedBloomFilter is not closed properly
2022-08-10 09:22:08,159 [Finalizer] WARN  managed.ManagedRocksObjectUtils (ManagedRocksObjectUtils.java:assertClosed(39)) - ManagedColumnFamilyOptions is not closed properly
2022-08-10 09:22:08,159 [Finalizer] WARN  managed.ManagedRocksObjectUtils (ManagedRocksObjectUtils.java:assertClosed(39)) - ManagedLRUCache is not closed properly
2022-08-10 09:22:08,159 [Finalizer] WARN  managed.ManagedRocksObjectUtils (ManagedRocksObjectUtils.java:assertClosed(39)) - ManagedBloomFilter is not closed properly
2022-08-10 09:22:08,159 [Finalizer] WARN  managed.ManagedRocksObjectUtils (ManagedRocksObjectUtils.java:assertClosed(39)) - ManagedColumnFamilyOptions is not closed properly
2022-08-10 09:22:08,159 [Finalizer] WARN  managed.ManagedRocksObjectUtils (ManagedRocksObjectUtils.java:assertClosed(39)) - ManagedLRUCache is not closed properly
2022-08-10 09:22:08,159 [Finalizer] WARN  managed.ManagedRocksObjectUtils (ManagedRocksObjectUtils.java:assertClosed(39)) - ManagedBloomFilter is not closed properly
2022-08-10 09:22:08,280 [omNode-2-server-thread1] INFO  server.RaftServer$Division (ServerState.java:setLeader(287)) - omNode-2@group-523986131536: change Leader from null to omNode-3 at term 6 for appendEntries, leader elected after 507ms
2022-08-10 09:22:08,280 [omNode-2-server-thread1] INFO  server.RaftServer$Division (RaftServerImpl.java:checkInconsistentAppendEntries(1424)) - omNode-2@group-523986131536: Failed appendEntries as previous log entry ((t:6, i:60)) is not found
2022-08-10 09:22:08,281 [omNode-2-server-thread1] INFO  server.RaftServer$Division (RaftServerImpl.java:checkInconsistentAppendEntries(1394)) - omNode-2@group-523986131536: inconsistency entries. Reply:omNode-3<-omNode-2#779172:FAIL-t4,INCONSISTENCY,nextIndex=57,followerCommit=56
2022-08-10 09:22:08,282 [grpc-default-executor-2] INFO  leader.FollowerInfo (FollowerInfoImpl.java:lambda$new$0(48)) - omNode-3@group-523986131536->omNode-2: nextIndex: updateUnconditionally 61 -> 57
2022-08-10 09:22:08,283 [omNode-3@group-523986131536->omNode-2-GrpcLogAppender-LogAppenderDaemon] ERROR leader.LogAppenderDaemon (LogAppenderDaemon.java:run(86)) - omNode-3@group-523986131536->omNode-2-GrpcLogAppender-LogAppenderDaemon failed
java.lang.NullPointerException: omNode-3@group-523986131536->omNode-2: Previous TermIndex not found for firstIndex = 57
	at java.util.Objects.requireNonNull(Objects.java:290)
	at org.apache.ratis.server.leader.LogAppenderBase.assertProtos(LogAppenderBase.java:176)
	at org.apache.ratis.server.leader.LogAppenderBase.newAppendEntriesRequest(LogAppenderBase.java:161)
	at org.apache.ratis.grpc.server.GrpcLogAppender.appendLog(GrpcLogAppender.java:206)
	at org.apache.ratis.grpc.server.GrpcLogAppender.run(GrpcLogAppender.java:148)
	at org.apache.ratis.server.leader.LogAppenderDaemon.run(LogAppenderDaemon.java:77)
	at java.lang.Thread.run(Thread.java:750)
2022-08-10 09:22:08,284 [omNode-3@group-523986131536->omNode-2-GrpcLogAppender-LogAppenderDaemon] INFO  server.RaftServer$Division (LeaderStateImpl.java:restart(532)) - omNode-3@group-523986131536-LeaderStateImpl: Restarting GrpcLogAppender for omNode-3@group-523986131536->omNode-2
2022-08-10 09:22:08,285 [omNode-3@group-523986131536->omNode-2-GrpcLogAppender-LogAppenderDaemon] INFO  server.RaftServerConfigKeys (ConfUtils.java:logGet(46)) - raft.server.log.appender.snapshot.chunk.size.max = 16MB (=16777216) (default)
2022-08-10 09:22:08,285 [omNode-3@group-523986131536->omNode-2-GrpcLogAppender-LogAppenderDaemon] INFO  server.RaftServerConfigKeys (ConfUtils.java:logGet(46)) - raft.server.log.appender.buffer.byte-limit = 33554432 (custom)
2022-08-10 09:22:08,285 [omNode-3@group-523986131536->omNode-2-GrpcLogAppender-LogAppenderDaemon] INFO  server.RaftServerConfigKeys (ConfUtils.java:logGet(46)) - raft.server.log.appender.buffer.element-limit = 1024 (custom)
2022-08-10 09:22:08,285 [omNode-3@group-523986131536->omNode-2-GrpcLogAppender-LogAppenderDaemon] INFO  grpc.GrpcConfigKeys (ConfUtils.java:logGet(46)) - raft.grpc.server.leader.outstanding.appends.max = 128 (default)
2022-08-10 09:22:08,285 [omNode-3@group-523986131536->omNode-2-GrpcLogAppender-LogAppenderDaemon] INFO  server.RaftServerConfigKeys (ConfUtils.java:logGet(46)) - raft.server.rpc.request.timeout = 3000ms (default)
2022-08-10 09:22:08,286 [omNode-3@group-523986131536->omNode-2-GrpcLogAppender-LogAppenderDaemon] INFO  server.RaftServerConfigKeys (ConfUtils.java:logGet(46)) - raft.server.log.appender.install.snapshot.enabled = false (custom)
2022-08-10 09:22:08,287 [omNode-3@group-523986131536->omNode-2-GrpcLogAppender-LogAppenderDaemon] INFO  server.GrpcLogAppender (GrpcLogAppender.java:installSnapshot(541)) - omNode-3@group-523986131536->omNode-2-GrpcLogAppender: followerNextIndex = 0 but logStartIndex = 57, notify follower to install snapshot-(t:5, i:57)
2022-08-10 09:22:08,297 [omNode-3@group-523986131536->omNode-2-GrpcLogAppender-LogAppenderDaemon] INFO  server.GrpcLogAppender (GrpcLogAppender.java:installSnapshot(549)) - omNode-3@group-523986131536->omNode-2-GrpcLogAppender: send omNode-3->omNode-2#0-t6,notify:(t:5, i:57)
2022-08-10 09:22:08,306 [grpc-default-executor-2] INFO  impl.SnapshotInstallationHandler (SnapshotInstallationHandler.java:installSnapshot(84)) - omNode-2@group-523986131536: receive installSnapshot: omNode-3->omNode-2#0-t6,notify:(t:5, i:57)
2022-08-10 09:22:08,307 [grpc-default-executor-2] INFO  impl.SnapshotInstallationHandler (SnapshotInstallationHandler.java:notifyStateMachineToInstallSnapshot(215)) - omNode-2@group-523986131536: Received notification to install snapshot at index 57
2022-08-10 09:22:08,307 [grpc-default-executor-2] INFO  impl.SnapshotInstallationHandler (SnapshotInstallationHandler.java:notifyStateMachineToInstallSnapshot(224)) - omNode-2@group-523986131536: InstallSnapshot notification result: ALREADY_INSTALLED, current snapshot index: 56
2022-08-10 09:22:08,324 [grpc-default-executor-2] INFO  impl.SnapshotInstallationHandler (SnapshotInstallationHandler.java:installSnapshotImpl(129)) - omNode-2@group-523986131536: set new configuration index: 59
configurationEntry {
  peers {
    id: "omNode-3"
    address: "localhost:34947"
  }
  peers {
    id: "omNode-1"
    address: "localhost:44673"
  }
  peers {
    id: "omNode-2"
    address: "localhost:36767"
  }
}
 from snapshot
2022-08-10 09:22:08,325 [grpc-default-executor-2] INFO  server.RaftServer$Division (ServerState.java:setRaftConf(393)) - omNode-2@group-523986131536: set configuration 59: [omNode-3|rpc:localhost:34947|admin:|client:|dataStream:|priority:0, omNode-1|rpc:localhost:44673|admin:|client:|dataStream:|priority:0, omNode-2|rpc:localhost:36767|admin:|client:|dataStream:|priority:0], old=null
2022-08-10 09:22:08,327 [grpc-default-executor-2] INFO  ratis.OzoneManagerStateMachine (OzoneManagerStateMachine.java:notifyConfigurationChanged(192)) - Received Configuration change notification from Ratis. New Peer list:
[id: "omNode-3"
address: "localhost:34947"
, id: "omNode-1"
address: "localhost:44673"
, id: "omNode-2"
address: "localhost:36767"
]
2022-08-10 09:22:08,327 [grpc-default-executor-2] INFO  impl.SnapshotInstallationHandler (SnapshotInstallationHandler.java:installSnapshot(95)) - omNode-2@group-523986131536: reply installSnapshot: omNode-3<-omNode-2#0:FAIL-t6,ALREADY_INSTALLED,snapshotIndex=56
2022-08-10 09:22:08,330 [grpc-default-executor-1] INFO  server.GrpcLogAppender (GrpcLogAppender.java:onNext(403)) - omNode-3@group-523986131536->omNode-2-InstallSnapshotResponseHandler: received the first reply omNode-3<-omNode-2#0:FAIL-t6,ALREADY_INSTALLED,snapshotIndex=56
2022-08-10 09:22:08,330 [grpc-default-executor-1] INFO  server.GrpcLogAppender (GrpcLogAppender.java:onNext(426)) - omNode-3@group-523986131536->omNode-2-InstallSnapshotResponseHandler: Follower snapshot is already at index 56.
2022-08-10 09:22:08,330 [grpc-default-executor-1] INFO  leader.FollowerInfo (FollowerInfoImpl.java:lambda$new$0(48)) - omNode-3@group-523986131536->omNode-2: snapshotIndex: setUnconditionally 0 -> 56
2022-08-10 09:22:08,330 [grpc-default-executor-1] INFO  leader.FollowerInfo (FollowerInfoImpl.java:lambda$new$0(48)) - omNode-3@group-523986131536->omNode-2: matchIndex: setUnconditionally 0 -> 56
2022-08-10 09:22:08,330 [grpc-default-executor-1] INFO  leader.FollowerInfo (FollowerInfoImpl.java:lambda$new$0(48)) - omNode-3@group-523986131536->omNode-2: nextIndex: setUnconditionally 0 -> 57
2022-08-10 09:22:08,330 [grpc-default-executor-1] INFO  leader.FollowerInfo (FollowerInfoImpl.java:setAttemptedToInstallSnapshot(118)) - Follower omNode-3@group-523986131536->omNode-2 acknowledged installing snapshot
2022-08-10 09:22:08,330 [grpc-default-executor-2] INFO  server.GrpcServerProtocolService (GrpcServerProtocolService.java:onCompleted(140)) - omNode-2: Completed INSTALL_SNAPSHOT, lastRequest: omNode-3->omNode-2#0-t6,notify:(t:5, i:57)
2022-08-10 09:22:08,330 [grpc-default-executor-1] INFO  leader.FollowerInfo (FollowerInfoImpl.java:lambda$new$0(48)) - omNode-3@group-523986131536->omNode-2: nextIndex: updateToMax old=57, new=57, updated? false
2022-08-10 09:22:08,356 [Listener at localhost/39929] INFO  reflections.Reflections (Reflections.java:scan(232)) - Reflections took 554 ms to scan 19 urls, producing 67 keys and 4150 values [using 2 cores]
2022-08-10 09:22:08,357 [Listener at localhost/39929] INFO  ipc.CallQueueManager (CallQueueManager.java:<init>(90)) - Using callQueue: class java.util.concurrent.LinkedBlockingQueue, queueCapacity: 2000, scheduler: class org.apache.hadoop.ipc.DefaultRpcScheduler, ipcBackoff: false.
2022-08-10 09:22:08,358 [Socket Reader #1 for port 38141] INFO  ipc.Server (Server.java:run(1265)) - Starting Socket Reader #1 for port 38141
2022-08-10 09:22:08,364 [Listener at localhost/38141] INFO  http.BaseHttpServer (BaseHttpServer.java:newHttpServer2BuilderForOzone(209)) - Starting Web-server for ozoneManager at: http://0.0.0.0:45427
2022-08-10 09:22:08,364 [Listener at localhost/38141] INFO  http.BaseHttpServer (BaseHttpServer.java:<init>(107)) - Hadoop Security Enabled: false Ozone Security Enabled: false Ozone HTTP Security Enabled: false 
2022-08-10 09:22:08,365 [Listener at localhost/38141] INFO  server.AuthenticationFilter (AuthenticationFilter.java:constructSecretProvider(240)) - Unable to initialize FileSignerSecretProvider, falling back to use random secrets.
2022-08-10 09:22:08,366 [Listener at localhost/38141] WARN  http.HttpRequestLog (HttpRequestLog.java:getRequestLog(103)) - Jetty request log can only be enabled using Log4j
2022-08-10 09:22:08,367 [Listener at localhost/38141] INFO  http.HttpServer2 (HttpServer2.java:addGlobalFilter(1029)) - Added global filter 'safety' (class=org.apache.hadoop.hdds.server.http.HttpServer2$QuotingInputFilter)
2022-08-10 09:22:08,368 [Listener at localhost/38141] INFO  http.HttpServer2 (HttpServer2.java:addFilter(1005)) - Added filter static_user_filter (class=org.apache.hadoop.http.lib.StaticUserWebFilter$StaticUserFilter) to context ozoneManager
2022-08-10 09:22:08,368 [Listener at localhost/38141] INFO  http.HttpServer2 (HttpServer2.java:addFilter(1013)) - Added filter static_user_filter (class=org.apache.hadoop.http.lib.StaticUserWebFilter$StaticUserFilter) to context logs
2022-08-10 09:22:08,368 [Listener at localhost/38141] INFO  http.HttpServer2 (HttpServer2.java:addFilter(1013)) - Added filter static_user_filter (class=org.apache.hadoop.http.lib.StaticUserWebFilter$StaticUserFilter) to context static
2022-08-10 09:22:08,369 [Listener at localhost/38141] INFO  http.HttpServer2 (HttpServer2.java:bindListener(1248)) - Jetty bound to port 45427
2022-08-10 09:22:08,369 [Listener at localhost/38141] INFO  server.Server (Server.java:doStart(375)) - jetty-9.4.43.v20210629; built: 2021-06-30T11:07:22.254Z; git: 526006ecfa3af7f1a27ef3a288e2bef7ea9dd7e8; jvm 1.8.0_332-b09
2022-08-10 09:22:08,371 [Listener at localhost/38141] INFO  server.session (DefaultSessionIdManager.java:doStart(334)) - DefaultSessionIdManager workerName=node0
2022-08-10 09:22:08,371 [Listener at localhost/38141] INFO  server.session (DefaultSessionIdManager.java:doStart(339)) - No SessionScavenger set, using defaults
2022-08-10 09:22:08,371 [Listener at localhost/38141] INFO  server.session (HouseKeeper.java:startScavenging(132)) - node0 Scavenging every 600000ms
2022-08-10 09:22:08,372 [Listener at localhost/38141] INFO  handler.ContextHandler (ContextHandler.java:doStart(915)) - Started o.e.j.s.ServletContextHandler@1ccb535f{logs,/logs,file:///home/runner/work/ozone/ozone/hadoop-ozone/integration-test/target/log,AVAILABLE}
2022-08-10 09:22:08,372 [Listener at localhost/38141] INFO  handler.ContextHandler (ContextHandler.java:doStart(915)) - Started o.e.j.s.ServletContextHandler@75f3b79e{static,/static,file:///home/runner/work/ozone/ozone/hadoop-ozone/integration-test/target/test-classes/webapps/static,AVAILABLE}
2022-08-10 09:22:08,377 [Listener at localhost/38141] INFO  handler.ContextHandler (ContextHandler.java:doStart(915)) - Started o.e.j.w.WebAppContext@cd0c71e{ozoneManager,/,file:///home/runner/work/ozone/ozone/hadoop-ozone/integration-test/target/test-classes/webapps/ozoneManager/,AVAILABLE}{file:/home/runner/work/ozone/ozone/hadoop-ozone/integration-test/target/test-classes/webapps/ozoneManager}
2022-08-10 09:22:08,378 [Listener at localhost/38141] INFO  server.AbstractConnector (AbstractConnector.java:doStart(331)) - Started ServerConnector@496037ad{HTTP/1.1, (http/1.1)}{0.0.0.0:45427}
2022-08-10 09:22:08,378 [Listener at localhost/38141] INFO  server.Server (Server.java:doStart(415)) - Started @55828ms
2022-08-10 09:22:08,379 [Listener at localhost/38141] WARN  impl.MetricsSystemImpl (MetricsSystemImpl.java:register(279)) - Sink prometheus already exists!
2022-08-10 09:22:08,379 [Listener at localhost/38141] INFO  http.BaseHttpServer (BaseHttpServer.java:updateConnectorAddress(329)) - HTTP server of ozoneManager listening at http://0.0.0.0:45427
2022-08-10 09:22:08,382 [IPC Server Responder] INFO  ipc.Server (Server.java:run(1507)) - IPC Server Responder: starting
2022-08-10 09:22:08,385 [IPC Server listener on 38141] INFO  ipc.Server (Server.java:run(1344)) - IPC Server listener on 38141: starting
2022-08-10 09:22:08,405 [Listener at localhost/38141] INFO  om.OzoneManager (OzoneManager.java:startTrashEmptier(1907)) - Trash Interval set to 0. Files deleted won't move to trash
2022-08-10 09:22:08,406 [org.apache.hadoop.util.JvmPauseMonitor$Monitor@201c808d] INFO  util.JvmPauseMonitor (JvmPauseMonitor.java:run(188)) - Starting JVM pause monitor
]]></system-out>
    <system-err><![CDATA[Aug 10, 2022 9:22:06 AM org.apache.ratis.thirdparty.io.grpc.internal.ManagedChannelOrphanWrapper$ManagedChannelReference cleanQueue
SEVERE: *~*~*~ Channel ManagedChannelImpl{logId=118, target=10.1.0.9:40197} was not shutdown properly!!! ~*~*~*
    Make sure to call shutdown()/shutdownNow() and wait until awaitTermination() returns true.
java.lang.RuntimeException: ManagedChannel allocation site
	at org.apache.ratis.thirdparty.io.grpc.internal.ManagedChannelOrphanWrapper$ManagedChannelReference.<init>(ManagedChannelOrphanWrapper.java:93)
	at org.apache.ratis.thirdparty.io.grpc.internal.ManagedChannelOrphanWrapper.<init>(ManagedChannelOrphanWrapper.java:53)
	at org.apache.ratis.thirdparty.io.grpc.internal.ManagedChannelOrphanWrapper.<init>(ManagedChannelOrphanWrapper.java:44)
	at org.apache.ratis.thirdparty.io.grpc.internal.ManagedChannelImplBuilder.build(ManagedChannelImplBuilder.java:630)
	at org.apache.ratis.thirdparty.io.grpc.internal.AbstractManagedChannelImplBuilder.build(AbstractManagedChannelImplBuilder.java:297)
	at org.apache.hadoop.hdds.scm.XceiverClientGrpc.connectToDatanode(XceiverClientGrpc.java:205)
	at org.apache.hadoop.hdds.scm.XceiverClientGrpc.connect(XceiverClientGrpc.java:158)
	at org.apache.hadoop.hdds.scm.XceiverClientManager$2.call(XceiverClientManager.java:243)
	at org.apache.hadoop.hdds.scm.XceiverClientManager$2.call(XceiverClientManager.java:224)
	at com.google.common.cache.LocalCache$LocalManualCache$1.load(LocalCache.java:4868)
	at com.google.common.cache.LocalCache$LoadingValueReference.loadFuture(LocalCache.java:3533)
	at com.google.common.cache.LocalCache$Segment.loadSync(LocalCache.java:2282)
	at com.google.common.cache.LocalCache$Segment.lockedGetOrLoad(LocalCache.java:2159)
	at com.google.common.cache.LocalCache$Segment.get(LocalCache.java:2049)
	at com.google.common.cache.LocalCache.get(LocalCache.java:3966)
	at com.google.common.cache.LocalCache$LocalManualCache.get(LocalCache.java:4863)
	at org.apache.hadoop.hdds.scm.XceiverClientManager.getClient(XceiverClientManager.java:224)
	at org.apache.hadoop.hdds.scm.XceiverClientManager.acquireClient(XceiverClientManager.java:168)
	at org.apache.hadoop.hdds.scm.XceiverClientManager.acquireClientForReadData(XceiverClientManager.java:157)
	at org.apache.hadoop.hdds.scm.storage.BlockInputStream.acquireClient(BlockInputStream.java:256)
	at org.apache.hadoop.hdds.scm.storage.BlockInputStream.getChunkInfos(BlockInputStream.java:223)
	at org.apache.hadoop.hdds.scm.storage.BlockInputStream.initialize(BlockInputStream.java:146)
	at org.apache.hadoop.hdds.scm.storage.BlockInputStream.readWithStrategy(BlockInputStream.java:283)
	at org.apache.hadoop.hdds.scm.storage.ExtendedInputStream.read(ExtendedInputStream.java:54)
	at org.apache.hadoop.hdds.scm.storage.ByteArrayReader.readFromBlock(ByteArrayReader.java:57)
	at org.apache.hadoop.ozone.client.io.KeyInputStream.readWithStrategy(KeyInputStream.java:273)
	at org.apache.hadoop.ozone.client.io.KeyInputStream.read(KeyInputStream.java:240)
	at org.apache.hadoop.ozone.client.io.OzoneInputStream.read(OzoneInputStream.java:56)
	at java.io.InputStream.read(InputStream.java:101)
	at org.apache.hadoop.ozone.om.TestOzoneManagerHAWithData.createMultipartKeyAndReadKey(TestOzoneManagerHAWithData.java:315)
	at org.apache.hadoop.ozone.om.TestOzoneManagerHAWithData.testMultipartUpload(TestOzoneManagerHAWithData.java:102)
	at sun.reflect.NativeMethodAccessorImpl.invoke0(Native Method)
	at sun.reflect.NativeMethodAccessorImpl.invoke(NativeMethodAccessorImpl.java:62)
	at sun.reflect.DelegatingMethodAccessorImpl.invoke(DelegatingMethodAccessorImpl.java:43)
	at java.lang.reflect.Method.invoke(Method.java:498)
	at org.junit.platform.commons.util.ReflectionUtils.invokeMethod(ReflectionUtils.java:725)
	at org.junit.jupiter.engine.execution.MethodInvocation.proceed(MethodInvocation.java:60)
	at org.junit.jupiter.engine.execution.InvocationInterceptorChain$ValidatingInvocation.proceed(InvocationInterceptorChain.java:131)
	at org.junit.jupiter.engine.extension.TimeoutInvocation.proceed(TimeoutInvocation.java:46)
	at org.junit.jupiter.engine.extension.TimeoutExtension.intercept(TimeoutExtension.java:149)
	at org.junit.jupiter.engine.extension.TimeoutExtension.interceptTestableMethod(TimeoutExtension.java:140)
	at org.junit.jupiter.engine.extension.TimeoutExtension.interceptTestMethod(TimeoutExtension.java:84)
	at org.junit.jupiter.engine.execution.ExecutableInvoker$ReflectiveInterceptorCall.lambda$ofVoidMethod$0(ExecutableInvoker.java:115)
	at org.junit.jupiter.engine.execution.ExecutableInvoker.lambda$invoke$0(ExecutableInvoker.java:105)
	at org.junit.jupiter.engine.execution.InvocationInterceptorChain$InterceptedInvocation.proceed(InvocationInterceptorChain.java:106)
	at org.junit.jupiter.engine.execution.InvocationInterceptorChain.proceed(InvocationInterceptorChain.java:64)
	at org.junit.jupiter.engine.execution.InvocationInterceptorChain.chainAndInvoke(InvocationInterceptorChain.java:45)
	at org.junit.jupiter.engine.execution.InvocationInterceptorChain.invoke(InvocationInterceptorChain.java:37)
	at org.junit.jupiter.engine.execution.ExecutableInvoker.invoke(ExecutableInvoker.java:104)
	at org.junit.jupiter.engine.execution.ExecutableInvoker.invoke(ExecutableInvoker.java:98)
	at org.junit.jupiter.engine.descriptor.TestMethodTestDescriptor.lambda$invokeTestMethod$7(TestMethodTestDescriptor.java:214)
	at org.junit.platform.engine.support.hierarchical.ThrowableCollector.execute(ThrowableCollector.java:73)
	at org.junit.jupiter.engine.descriptor.TestMethodTestDescriptor.invokeTestMethod(TestMethodTestDescriptor.java:210)
	at org.junit.jupiter.engine.descriptor.TestMethodTestDescriptor.execute(TestMethodTestDescriptor.java:135)
	at org.junit.jupiter.engine.descriptor.TestMethodTestDescriptor.execute(TestMethodTestDescriptor.java:66)
	at org.junit.platform.engine.support.hierarchical.NodeTestTask.lambda$executeRecursively$6(NodeTestTask.java:151)
	at org.junit.platform.engine.support.hierarchical.ThrowableCollector.execute(ThrowableCollector.java:73)
	at org.junit.platform.engine.support.hierarchical.NodeTestTask.lambda$executeRecursively$8(NodeTestTask.java:141)
	at org.junit.platform.engine.support.hierarchical.Node.around(Node.java:137)
	at org.junit.platform.engine.support.hierarchical.NodeTestTask.lambda$executeRecursively$9(NodeTestTask.java:139)
	at org.junit.platform.engine.support.hierarchical.ThrowableCollector.execute(ThrowableCollector.java:73)
	at org.junit.platform.engine.support.hierarchical.NodeTestTask.executeRecursively(NodeTestTask.java:138)
	at org.junit.platform.engine.support.hierarchical.NodeTestTask.execute(NodeTestTask.java:95)
	at java.util.ArrayList.forEach(ArrayList.java:1259)
	at org.junit.platform.engine.support.hierarchical.SameThreadHierarchicalTestExecutorService.invokeAll(SameThreadHierarchicalTestExecutorService.java:41)
	at org.junit.platform.engine.support.hierarchical.NodeTestTask.lambda$executeRecursively$6(NodeTestTask.java:155)
	at org.junit.platform.engine.support.hierarchical.ThrowableCollector.execute(ThrowableCollector.java:73)
	at org.junit.platform.engine.support.hierarchical.NodeTestTask.lambda$executeRecursively$8(NodeTestTask.java:141)
	at org.junit.platform.engine.support.hierarchical.Node.around(Node.java:137)
	at org.junit.platform.engine.support.hierarchical.NodeTestTask.lambda$executeRecursively$9(NodeTestTask.java:139)
	at org.junit.platform.engine.support.hierarchical.ThrowableCollector.execute(ThrowableCollector.java:73)
	at org.junit.platform.engine.support.hierarchical.NodeTestTask.executeRecursively(NodeTestTask.java:138)
	at org.junit.platform.engine.support.hierarchical.NodeTestTask.execute(NodeTestTask.java:95)
	at java.util.ArrayList.forEach(ArrayList.java:1259)
	at org.junit.platform.engine.support.hierarchical.SameThreadHierarchicalTestExecutorService.invokeAll(SameThreadHierarchicalTestExecutorService.java:41)
	at org.junit.platform.engine.support.hierarchical.NodeTestTask.lambda$executeRecursively$6(NodeTestTask.java:155)
	at org.junit.platform.engine.support.hierarchical.ThrowableCollector.execute(ThrowableCollector.java:73)
	at org.junit.platform.engine.support.hierarchical.NodeTestTask.lambda$executeRecursively$8(NodeTestTask.java:141)
	at org.junit.platform.engine.support.hierarchical.Node.around(Node.java:137)
	at org.junit.platform.engine.support.hierarchical.NodeTestTask.lambda$executeRecursively$9(NodeTestTask.java:139)
	at org.junit.platform.engine.support.hierarchical.ThrowableCollector.execute(ThrowableCollector.java:73)
	at org.junit.platform.engine.support.hierarchical.NodeTestTask.executeRecursively(NodeTestTask.java:138)
	at org.junit.platform.engine.support.hierarchical.NodeTestTask.execute(NodeTestTask.java:95)
	at org.junit.platform.engine.support.hierarchical.SameThreadHierarchicalTestExecutorService.submit(SameThreadHierarchicalTestExecutorService.java:35)
	at org.junit.platform.engine.support.hierarchical.HierarchicalTestExecutor.execute(HierarchicalTestExecutor.java:57)
	at org.junit.platform.engine.support.hierarchical.HierarchicalTestEngine.execute(HierarchicalTestEngine.java:54)
	at org.junit.platform.launcher.core.EngineExecutionOrchestrator.execute(EngineExecutionOrchestrator.java:107)
	at org.junit.platform.launcher.core.EngineExecutionOrchestrator.execute(EngineExecutionOrchestrator.java:88)
	at org.junit.platform.launcher.core.EngineExecutionOrchestrator.lambda$execute$0(EngineExecutionOrchestrator.java:54)
	at org.junit.platform.launcher.core.EngineExecutionOrchestrator.withInterceptedStreams(EngineExecutionOrchestrator.java:67)
	at org.junit.platform.launcher.core.EngineExecutionOrchestrator.execute(EngineExecutionOrchestrator.java:52)
	at org.junit.platform.launcher.core.DefaultLauncher.execute(DefaultLauncher.java:114)
	at org.junit.platform.launcher.core.DefaultLauncher.execute(DefaultLauncher.java:86)
	at org.junit.platform.launcher.core.DefaultLauncherSession$DelegatingLauncher.execute(DefaultLauncherSession.java:86)
	at org.junit.platform.launcher.core.SessionPerRequestLauncher.execute(SessionPerRequestLauncher.java:53)
	at org.apache.maven.surefire.junitplatform.JUnitPlatformProvider.execute(JUnitPlatformProvider.java:188)
	at org.apache.maven.surefire.junitplatform.JUnitPlatformProvider.invokeAllTests(JUnitPlatformProvider.java:154)
	at org.apache.maven.surefire.junitplatform.JUnitPlatformProvider.invoke(JUnitPlatformProvider.java:124)
	at org.apache.maven.surefire.booter.ForkedBooter.runSuitesInProcess(ForkedBooter.java:428)
	at org.apache.maven.surefire.booter.ForkedBooter.execute(ForkedBooter.java:162)
	at org.apache.maven.surefire.booter.ForkedBooter.run(ForkedBooter.java:562)
	at org.apache.maven.surefire.booter.ForkedBooter.main(ForkedBooter.java:548)

]]></system-err>
  </testcase>
  <testcase name="testFileOperationsAndDelete" classname="org.apache.hadoop.ozone.om.TestOzoneManagerHAWithData" time="8.347">
    <system-out><![CDATA[2022-08-10 09:22:08,425 [Listener at localhost/38141] INFO  rpc.RpcClient (RpcClient.java:createVolume(471)) - Creating Volume: volume27792, with user30617 as owner and space quota set to -1 bytes, counts quota set to -1
2022-08-10 09:22:08,428 [Listener at localhost/38141] INFO  retry.RetryInvocationHandler (RetryInvocationHandler.java:log(411)) - com.google.protobuf.ServiceException: java.io.EOFException: End of File Exception between local host is: "fv-az244-795/10.1.0.9"; destination host is: "localhost":36235; : java.io.EOFException; For more details see:  http://wiki.apache.org/hadoop/EOFException, while invoking $Proxy55.submitRequest over nodeId=omNode-3,nodeAddress=127.0.0.1:36235. Trying to failover after sleeping for 2000ms.
2022-08-10 09:22:08,846 [omNode-2-server-thread1] INFO  server.RaftServer$Division (RaftServerImpl.java:checkInconsistentAppendEntries(1424)) - omNode-2@group-523986131536: Failed appendEntries as previous log entry ((t:6, i:60)) is not found
2022-08-10 09:22:08,847 [omNode-2-server-thread1] INFO  server.RaftServer$Division (RaftServerImpl.java:checkInconsistentAppendEntries(1394)) - omNode-2@group-523986131536: inconsistency entries. Reply:omNode-3<-omNode-2#52:FAIL-t6,INCONSISTENCY,nextIndex=57,followerCommit=56
2022-08-10 09:22:08,848 [grpc-default-executor-2] INFO  leader.FollowerInfo (FollowerInfoImpl.java:lambda$new$0(48)) - omNode-3@group-523986131536->omNode-2: nextIndex: updateUnconditionally 61 -> 57
2022-08-10 09:22:09,349 [omNode-2-server-thread1] INFO  server.RaftServer$Division (RaftServerImpl.java:checkInconsistentAppendEntries(1424)) - omNode-2@group-523986131536: Failed appendEntries as previous log entry ((t:6, i:60)) is not found
2022-08-10 09:22:09,350 [omNode-2-server-thread1] INFO  server.RaftServer$Division (RaftServerImpl.java:checkInconsistentAppendEntries(1394)) - omNode-2@group-523986131536: inconsistency entries. Reply:omNode-3<-omNode-2#102:FAIL-t6,INCONSISTENCY,nextIndex=57,followerCommit=56
2022-08-10 09:22:09,350 [grpc-default-executor-2] INFO  leader.FollowerInfo (FollowerInfoImpl.java:lambda$new$0(48)) - omNode-3@group-523986131536->omNode-2: nextIndex: updateUnconditionally 61 -> 57
2022-08-10 09:22:09,852 [omNode-2-server-thread1] INFO  server.RaftServer$Division (RaftServerImpl.java:checkInconsistentAppendEntries(1424)) - omNode-2@group-523986131536: Failed appendEntries as previous log entry ((t:6, i:60)) is not found
2022-08-10 09:22:09,852 [omNode-2-server-thread1] INFO  server.RaftServer$Division (RaftServerImpl.java:checkInconsistentAppendEntries(1394)) - omNode-2@group-523986131536: inconsistency entries. Reply:omNode-3<-omNode-2#153:FAIL-t6,INCONSISTENCY,nextIndex=57,followerCommit=56
2022-08-10 09:22:09,852 [grpc-default-executor-2] INFO  leader.FollowerInfo (FollowerInfoImpl.java:lambda$new$0(48)) - omNode-3@group-523986131536->omNode-2: nextIndex: updateUnconditionally 61 -> 57
2022-08-10 09:22:10,354 [omNode-2-server-thread1] INFO  server.RaftServer$Division (RaftServerImpl.java:checkInconsistentAppendEntries(1424)) - omNode-2@group-523986131536: Failed appendEntries as previous log entry ((t:6, i:60)) is not found
2022-08-10 09:22:10,354 [omNode-2-server-thread1] INFO  server.RaftServer$Division (RaftServerImpl.java:checkInconsistentAppendEntries(1394)) - omNode-2@group-523986131536: inconsistency entries. Reply:omNode-3<-omNode-2#204:FAIL-t6,INCONSISTENCY,nextIndex=57,followerCommit=56
2022-08-10 09:22:10,355 [grpc-default-executor-2] INFO  leader.FollowerInfo (FollowerInfoImpl.java:lambda$new$0(48)) - omNode-3@group-523986131536->omNode-2: nextIndex: updateUnconditionally 61 -> 57
2022-08-10 09:22:10,438 [Listener at localhost/38141] INFO  retry.RetryInvocationHandler (RetryInvocationHandler.java:log(411)) - com.google.protobuf.ServiceException: org.apache.hadoop.ipc.RemoteException(org.apache.hadoop.ozone.om.exceptions.OMNotLeaderException): OM:omNode-1 is not the leader. Could not determine the leader node.
	at org.apache.hadoop.ozone.om.OzoneManager.checkLeaderStatus(OzoneManager.java:4015)
	at org.apache.hadoop.ozone.om.ratis.utils.OzoneManagerRatisUtils.checkLeaderStatus(OzoneManagerRatisUtils.java:446)
	at org.apache.hadoop.ozone.protocolPB.OzoneManagerProtocolServerSideTranslatorPB.processRequest(OzoneManagerProtocolServerSideTranslatorPB.java:181)
	at org.apache.hadoop.hdds.server.OzoneProtocolMessageDispatcher.processRequest(OzoneProtocolMessageDispatcher.java:87)
	at org.apache.hadoop.ozone.protocolPB.OzoneManagerProtocolServerSideTranslatorPB.submitRequest(OzoneManagerProtocolServerSideTranslatorPB.java:147)
	at org.apache.hadoop.ozone.protocol.proto.OzoneManagerProtocolProtos$OzoneManagerService$2.callBlockingMethod(OzoneManagerProtocolProtos.java)
	at org.apache.hadoop.ipc.ProtobufRpcEngine$Server.processCall(ProtobufRpcEngine.java:466)
	at org.apache.hadoop.ipc.ProtobufRpcEngine2$Server$ProtoBufRpcInvoker.call(ProtobufRpcEngine2.java:574)
	at org.apache.hadoop.ipc.ProtobufRpcEngine2$Server$ProtoBufRpcInvoker.call(ProtobufRpcEngine2.java:552)
	at org.apache.hadoop.ipc.RPC$Server.call(RPC.java:1093)
	at org.apache.hadoop.ipc.Server$RpcCall.run(Server.java:1035)
	at org.apache.hadoop.ipc.Server$RpcCall.run(Server.java:963)
	at java.security.AccessController.doPrivileged(Native Method)
	at javax.security.auth.Subject.doAs(Subject.java:422)
	at org.apache.hadoop.security.UserGroupInformation.doAs(UserGroupInformation.java:1878)
	at org.apache.hadoop.ipc.Server$Handler.run(Server.java:2966)
, while invoking $Proxy55.submitRequest over nodeId=omNode-1,nodeAddress=127.0.0.1:39929 after 1 failover attempts. Trying to failover immediately.
2022-08-10 09:22:10,443 [Listener at localhost/38141] INFO  retry.RetryInvocationHandler (RetryInvocationHandler.java:log(411)) - com.google.protobuf.ServiceException: org.apache.hadoop.ipc.RemoteException(org.apache.hadoop.ozone.om.exceptions.OMNotLeaderException): OM:omNode-2 is not the leader. Could not determine the leader node.
	at org.apache.hadoop.ozone.om.OzoneManager.checkLeaderStatus(OzoneManager.java:4015)
	at org.apache.hadoop.ozone.om.ratis.utils.OzoneManagerRatisUtils.checkLeaderStatus(OzoneManagerRatisUtils.java:446)
	at org.apache.hadoop.ozone.protocolPB.OzoneManagerProtocolServerSideTranslatorPB.processRequest(OzoneManagerProtocolServerSideTranslatorPB.java:181)
	at org.apache.hadoop.hdds.server.OzoneProtocolMessageDispatcher.processRequest(OzoneProtocolMessageDispatcher.java:87)
	at org.apache.hadoop.ozone.protocolPB.OzoneManagerProtocolServerSideTranslatorPB.submitRequest(OzoneManagerProtocolServerSideTranslatorPB.java:147)
	at org.apache.hadoop.ozone.protocol.proto.OzoneManagerProtocolProtos$OzoneManagerService$2.callBlockingMethod(OzoneManagerProtocolProtos.java)
	at org.apache.hadoop.ipc.ProtobufRpcEngine$Server.processCall(ProtobufRpcEngine.java:466)
	at org.apache.hadoop.ipc.ProtobufRpcEngine2$Server$ProtoBufRpcInvoker.call(ProtobufRpcEngine2.java:574)
	at org.apache.hadoop.ipc.ProtobufRpcEngine2$Server$ProtoBufRpcInvoker.call(ProtobufRpcEngine2.java:552)
	at org.apache.hadoop.ipc.RPC$Server.call(RPC.java:1093)
	at org.apache.hadoop.ipc.Server$RpcCall.run(Server.java:1035)
	at org.apache.hadoop.ipc.Server$RpcCall.run(Server.java:963)
	at java.security.AccessController.doPrivileged(Native Method)
	at javax.security.auth.Subject.doAs(Subject.java:422)
	at org.apache.hadoop.security.UserGroupInformation.doAs(UserGroupInformation.java:1878)
	at org.apache.hadoop.ipc.Server$Handler.run(Server.java:2966)
, while invoking $Proxy55.submitRequest over nodeId=omNode-2,nodeAddress=127.0.0.1:38141 after 2 failover attempts. Trying to failover immediately.
2022-08-10 09:22:10,458 [omNode-2-server-thread1] INFO  server.RaftServer$Division (RaftServerImpl.java:checkInconsistentAppendEntries(1424)) - omNode-2@group-523986131536: Failed appendEntries as previous log entry ((t:6, i:60)) is not found
2022-08-10 09:22:10,458 [omNode-2-server-thread1] INFO  server.RaftServer$Division (RaftServerImpl.java:checkInconsistentAppendEntries(1394)) - omNode-2@group-523986131536: inconsistency entries. Reply:omNode-3<-omNode-2#215:FAIL-t6,INCONSISTENCY,nextIndex=57,followerCommit=56
2022-08-10 09:22:10,464 [omNode-2-server-thread1] INFO  server.RaftServer$Division (RaftServerImpl.java:checkInconsistentAppendEntries(1424)) - omNode-2@group-523986131536: Failed appendEntries as previous log entry ((t:6, i:61)) is not found
2022-08-10 09:22:10,464 [omNode-2-server-thread1] INFO  server.RaftServer$Division (RaftServerImpl.java:checkInconsistentAppendEntries(1394)) - omNode-2@group-523986131536: inconsistency entries. Reply:omNode-3<-omNode-2#216:FAIL-t6,INCONSISTENCY,nextIndex=57,followerCommit=56
2022-08-10 09:22:10,473 [OM StateMachine ApplyTransaction Thread - 0] INFO  volume.OMVolumeCreateRequest (OMVolumeCreateRequest.java:validateAndUpdateCache(195)) - created volume:volume27792 for user:user30617
2022-08-10 09:22:10,474 [OM StateMachine ApplyTransaction Thread - 0] INFO  volume.OMVolumeCreateRequest (OMVolumeCreateRequest.java:validateAndUpdateCache(195)) - created volume:volume27792 for user:user30617
2022-08-10 09:22:10,485 [Listener at localhost/38141] INFO  rpc.RpcClient (RpcClient.java:createBucket(674)) - Creating Bucket: volume27792/8981bf83-1527-4c2e-b7e6-523d0c03088a, with server-side default bucket layout, runner as owner, Versioning false, Storage Type set to DISK and Encryption set to false 
2022-08-10 09:22:10,489 [omNode-2-server-thread1] INFO  server.RaftServer$Division (RaftServerImpl.java:checkInconsistentAppendEntries(1424)) - omNode-2@group-523986131536: Failed appendEntries as previous log entry ((t:6, i:62)) is not found
2022-08-10 09:22:10,489 [omNode-2-server-thread1] INFO  server.RaftServer$Division (RaftServerImpl.java:checkInconsistentAppendEntries(1394)) - omNode-2@group-523986131536: inconsistency entries. Reply:omNode-3<-omNode-2#220:FAIL-t6,INCONSISTENCY,nextIndex=57,followerCommit=56
2022-08-10 09:22:10,493 [omNode-2-server-thread1] INFO  server.RaftServer$Division (RaftServerImpl.java:checkInconsistentAppendEntries(1424)) - omNode-2@group-523986131536: Failed appendEntries as previous log entry ((t:6, i:63)) is not found
2022-08-10 09:22:10,493 [omNode-2-server-thread1] INFO  server.RaftServer$Division (RaftServerImpl.java:checkInconsistentAppendEntries(1394)) - omNode-2@group-523986131536: inconsistency entries. Reply:omNode-3<-omNode-2#222:FAIL-t6,INCONSISTENCY,nextIndex=57,followerCommit=56
2022-08-10 09:22:10,496 [OM StateMachine ApplyTransaction Thread - 0] INFO  bucket.OMBucketCreateRequest (OMBucketCreateRequest.java:validateAndUpdateCache(260)) - created bucket: 8981bf83-1527-4c2e-b7e6-523d0c03088a of layout LEGACY in volume: volume27792
2022-08-10 09:22:10,505 [OM StateMachine ApplyTransaction Thread - 0] INFO  bucket.OMBucketCreateRequest (OMBucketCreateRequest.java:validateAndUpdateCache(260)) - created bucket: 8981bf83-1527-4c2e-b7e6-523d0c03088a of layout LEGACY in volume: volume27792
2022-08-10 09:22:10,519 [omNode-2-server-thread1] INFO  server.RaftServer$Division (RaftServerImpl.java:checkInconsistentAppendEntries(1424)) - omNode-2@group-523986131536: Failed appendEntries as previous log entry ((t:6, i:64)) is not found
2022-08-10 09:22:10,519 [omNode-2-server-thread1] INFO  server.RaftServer$Division (RaftServerImpl.java:checkInconsistentAppendEntries(1394)) - omNode-2@group-523986131536: inconsistency entries. Reply:omNode-3<-omNode-2#227:FAIL-t6,INCONSISTENCY,nextIndex=57,followerCommit=56
2022-08-10 09:22:10,526 [omNode-2-server-thread1] INFO  server.RaftServer$Division (RaftServerImpl.java:checkInconsistentAppendEntries(1424)) - omNode-2@group-523986131536: Failed appendEntries as previous log entry ((t:6, i:65)) is not found
2022-08-10 09:22:10,526 [omNode-2-server-thread1] INFO  server.RaftServer$Division (RaftServerImpl.java:checkInconsistentAppendEntries(1394)) - omNode-2@group-523986131536: inconsistency entries. Reply:omNode-3<-omNode-2#229:FAIL-t6,INCONSISTENCY,nextIndex=57,followerCommit=56
2022-08-10 09:22:10,630 [omNode-2-server-thread1] INFO  server.RaftServer$Division (RaftServerImpl.java:checkInconsistentAppendEntries(1424)) - omNode-2@group-523986131536: Failed appendEntries as previous log entry ((t:6, i:66)) is not found
2022-08-10 09:22:10,630 [omNode-2-server-thread1] INFO  server.RaftServer$Division (RaftServerImpl.java:checkInconsistentAppendEntries(1394)) - omNode-2@group-523986131536: inconsistency entries. Reply:omNode-3<-omNode-2#241:FAIL-t6,INCONSISTENCY,nextIndex=57,followerCommit=56
2022-08-10 09:22:10,639 [omNode-2-server-thread1] INFO  server.RaftServer$Division (RaftServerImpl.java:checkInconsistentAppendEntries(1424)) - omNode-2@group-523986131536: Failed appendEntries as previous log entry ((t:6, i:67)) is not found
2022-08-10 09:22:10,639 [omNode-2-server-thread1] INFO  server.RaftServer$Division (RaftServerImpl.java:checkInconsistentAppendEntries(1394)) - omNode-2@group-523986131536: inconsistency entries. Reply:omNode-3<-omNode-2#243:FAIL-t6,INCONSISTENCY,nextIndex=57,followerCommit=56
2022-08-10 09:22:10,706 [omNode-2-server-thread1] INFO  server.RaftServer$Division (RaftServerImpl.java:checkInconsistentAppendEntries(1424)) - omNode-2@group-523986131536: Failed appendEntries as previous log entry ((t:6, i:68)) is not found
2022-08-10 09:22:10,706 [omNode-2-server-thread1] INFO  server.RaftServer$Division (RaftServerImpl.java:checkInconsistentAppendEntries(1394)) - omNode-2@group-523986131536: inconsistency entries. Reply:omNode-3<-omNode-2#252:FAIL-t6,INCONSISTENCY,nextIndex=57,followerCommit=56
2022-08-10 09:22:10,714 [omNode-2-server-thread1] INFO  server.RaftServer$Division (RaftServerImpl.java:checkInconsistentAppendEntries(1424)) - omNode-2@group-523986131536: Failed appendEntries as previous log entry ((t:6, i:69)) is not found
2022-08-10 09:22:10,714 [omNode-2-server-thread1] INFO  server.RaftServer$Division (RaftServerImpl.java:checkInconsistentAppendEntries(1394)) - omNode-2@group-523986131536: inconsistency entries. Reply:omNode-3<-omNode-2#254:FAIL-t6,INCONSISTENCY,nextIndex=57,followerCommit=56
2022-08-10 09:22:10,788 [omNode-2-server-thread1] INFO  server.RaftServer$Division (RaftServerImpl.java:checkInconsistentAppendEntries(1424)) - omNode-2@group-523986131536: Failed appendEntries as previous log entry ((t:6, i:70)) is not found
2022-08-10 09:22:10,788 [omNode-2-server-thread1] INFO  server.RaftServer$Division (RaftServerImpl.java:checkInconsistentAppendEntries(1394)) - omNode-2@group-523986131536: inconsistency entries. Reply:omNode-3<-omNode-2#263:FAIL-t6,INCONSISTENCY,nextIndex=57,followerCommit=56
2022-08-10 09:22:10,799 [omNode-2-server-thread1] INFO  server.RaftServer$Division (RaftServerImpl.java:checkInconsistentAppendEntries(1424)) - omNode-2@group-523986131536: Failed appendEntries as previous log entry ((t:6, i:71)) is not found
2022-08-10 09:22:10,799 [omNode-2-server-thread1] INFO  server.RaftServer$Division (RaftServerImpl.java:checkInconsistentAppendEntries(1394)) - omNode-2@group-523986131536: inconsistency entries. Reply:omNode-3<-omNode-2#266:FAIL-t6,INCONSISTENCY,nextIndex=57,followerCommit=56
2022-08-10 09:22:10,835 [omNode-2-server-thread1] INFO  server.RaftServer$Division (RaftServerImpl.java:checkInconsistentAppendEntries(1424)) - omNode-2@group-523986131536: Failed appendEntries as previous log entry ((t:6, i:72)) is not found
2022-08-10 09:22:10,835 [omNode-2-server-thread1] INFO  server.RaftServer$Division (RaftServerImpl.java:checkInconsistentAppendEntries(1394)) - omNode-2@group-523986131536: inconsistency entries. Reply:omNode-3<-omNode-2#271:FAIL-t6,INCONSISTENCY,nextIndex=57,followerCommit=56
2022-08-10 09:22:10,842 [omNode-2-server-thread1] INFO  server.RaftServer$Division (RaftServerImpl.java:checkInconsistentAppendEntries(1424)) - omNode-2@group-523986131536: Failed appendEntries as previous log entry ((t:6, i:73)) is not found
2022-08-10 09:22:10,842 [omNode-2-server-thread1] INFO  server.RaftServer$Division (RaftServerImpl.java:checkInconsistentAppendEntries(1394)) - omNode-2@group-523986131536: inconsistency entries. Reply:omNode-3<-omNode-2#273:FAIL-t6,INCONSISTENCY,nextIndex=57,followerCommit=56
2022-08-10 09:22:10,858 [omNode-2-server-thread1] INFO  server.RaftServer$Division (RaftServerImpl.java:checkInconsistentAppendEntries(1424)) - omNode-2@group-523986131536: Failed appendEntries as previous log entry ((t:6, i:74)) is not found
2022-08-10 09:22:10,858 [omNode-2-server-thread1] INFO  server.RaftServer$Division (RaftServerImpl.java:checkInconsistentAppendEntries(1394)) - omNode-2@group-523986131536: inconsistency entries. Reply:omNode-3<-omNode-2#277:FAIL-t6,INCONSISTENCY,nextIndex=57,followerCommit=56
2022-08-10 09:22:10,861 [grpc-default-executor-1] INFO  leader.FollowerInfo (FollowerInfoImpl.java:lambda$new$0(48)) - omNode-3@group-523986131536->omNode-2: nextIndex: updateUnconditionally 75 -> 57
2022-08-10 09:22:10,922 [omNode-2-server-thread1] INFO  server.RaftServer$Division (RaftServerImpl.java:checkInconsistentAppendEntries(1424)) - omNode-2@group-523986131536: Failed appendEntries as previous log entry ((t:6, i:74)) is not found
2022-08-10 09:22:10,922 [omNode-2-server-thread1] INFO  server.RaftServer$Division (RaftServerImpl.java:checkInconsistentAppendEntries(1394)) - omNode-2@group-523986131536: inconsistency entries. Reply:omNode-3<-omNode-2#284:FAIL-t6,INCONSISTENCY,nextIndex=57,followerCommit=56
2022-08-10 09:22:10,929 [omNode-2-server-thread1] INFO  server.RaftServer$Division (RaftServerImpl.java:checkInconsistentAppendEntries(1424)) - omNode-2@group-523986131536: Failed appendEntries as previous log entry ((t:6, i:75)) is not found
2022-08-10 09:22:10,929 [omNode-2-server-thread1] INFO  server.RaftServer$Division (RaftServerImpl.java:checkInconsistentAppendEntries(1394)) - omNode-2@group-523986131536: inconsistency entries. Reply:omNode-3<-omNode-2#286:FAIL-t6,INCONSISTENCY,nextIndex=57,followerCommit=56
2022-08-10 09:22:10,972 [omNode-2-server-thread1] INFO  server.RaftServer$Division (RaftServerImpl.java:checkInconsistentAppendEntries(1424)) - omNode-2@group-523986131536: Failed appendEntries as previous log entry ((t:6, i:76)) is not found
2022-08-10 09:22:10,972 [omNode-2-server-thread1] INFO  server.RaftServer$Division (RaftServerImpl.java:checkInconsistentAppendEntries(1394)) - omNode-2@group-523986131536: inconsistency entries. Reply:omNode-3<-omNode-2#291:FAIL-t6,INCONSISTENCY,nextIndex=57,followerCommit=56
2022-08-10 09:22:10,977 [omNode-2-server-thread1] INFO  server.RaftServer$Division (RaftServerImpl.java:checkInconsistentAppendEntries(1424)) - omNode-2@group-523986131536: Failed appendEntries as previous log entry ((t:6, i:77)) is not found
2022-08-10 09:22:10,977 [omNode-2-server-thread1] INFO  server.RaftServer$Division (RaftServerImpl.java:checkInconsistentAppendEntries(1394)) - omNode-2@group-523986131536: inconsistency entries. Reply:omNode-3<-omNode-2#292:FAIL-t6,INCONSISTENCY,nextIndex=57,followerCommit=56
09:22:10.985 [OM StateMachine ApplyTransaction Thread - 0] ERROR OMAudit - user=runner | ip=127.0.0.1 | op=CREATE_FILE {volume=volume27792, bucket=8981bf83-1527-4c2e-b7e6-523d0c03088a, key=dir1/dir2/dir3/file1, dataSize=23, replicationType=RATIS, replicationFactor=ONE} | ret=FAILURE
org.apache.hadoop.ozone.om.exceptions.OMException: File dir1/dir2/dir3/file1 already exists
	at org.apache.hadoop.ozone.om.request.file.OMFileCreateRequest.checkDirectoryResult(OMFileCreateRequest.java:360) ~[ozone-manager-1.3.0-SNAPSHOT.jar:?]
	at org.apache.hadoop.ozone.om.request.file.OMFileCreateRequest.validateAndUpdateCache(OMFileCreateRequest.java:240) ~[ozone-manager-1.3.0-SNAPSHOT.jar:?]
	at org.apache.hadoop.ozone.protocolPB.OzoneManagerRequestHandler.handleWriteRequest(OzoneManagerRequestHandler.java:304) ~[ozone-manager-1.3.0-SNAPSHOT.jar:?]
	at org.apache.hadoop.ozone.om.ratis.OzoneManagerStateMachine.runCommand(OzoneManagerStateMachine.java:529) ~[ozone-manager-1.3.0-SNAPSHOT.jar:?]
	at org.apache.hadoop.ozone.om.ratis.OzoneManagerStateMachine.lambda$1(OzoneManagerStateMachine.java:324) ~[ozone-manager-1.3.0-SNAPSHOT.jar:?]
	at java.util.concurrent.CompletableFuture$AsyncSupply.run(CompletableFuture.java:1604) [?:1.8.0_332]
	at java.util.concurrent.ThreadPoolExecutor.runWorker(ThreadPoolExecutor.java:1149) [?:1.8.0_332]
	at java.util.concurrent.ThreadPoolExecutor$Worker.run(ThreadPoolExecutor.java:624) [?:1.8.0_332]
	at java.lang.Thread.run(Thread.java:750) [?:1.8.0_332]
09:22:10.981 [OM StateMachine ApplyTransaction Thread - 0] ERROR OMAudit - user=runner | ip=127.0.0.1 | op=CREATE_FILE {volume=volume27792, bucket=8981bf83-1527-4c2e-b7e6-523d0c03088a, key=dir1/dir2/dir3/file1, dataSize=23, replicationType=RATIS, replicationFactor=ONE} | ret=FAILURE
org.apache.hadoop.ozone.om.exceptions.OMException: File dir1/dir2/dir3/file1 already exists
	at org.apache.hadoop.ozone.om.request.file.OMFileCreateRequest.checkDirectoryResult(OMFileCreateRequest.java:360) ~[ozone-manager-1.3.0-SNAPSHOT.jar:?]
	at org.apache.hadoop.ozone.om.request.file.OMFileCreateRequest.validateAndUpdateCache(OMFileCreateRequest.java:240) ~[ozone-manager-1.3.0-SNAPSHOT.jar:?]
	at org.apache.hadoop.ozone.protocolPB.OzoneManagerRequestHandler.handleWriteRequest(OzoneManagerRequestHandler.java:304) ~[ozone-manager-1.3.0-SNAPSHOT.jar:?]
	at org.apache.hadoop.ozone.om.ratis.OzoneManagerStateMachine.runCommand(OzoneManagerStateMachine.java:529) ~[ozone-manager-1.3.0-SNAPSHOT.jar:?]
	at org.apache.hadoop.ozone.om.ratis.OzoneManagerStateMachine.lambda$1(OzoneManagerStateMachine.java:324) ~[ozone-manager-1.3.0-SNAPSHOT.jar:?]
	at java.util.concurrent.CompletableFuture$AsyncSupply.run(CompletableFuture.java:1604) [?:1.8.0_332]
	at java.util.concurrent.ThreadPoolExecutor.runWorker(ThreadPoolExecutor.java:1149) [?:1.8.0_332]
	at java.util.concurrent.ThreadPoolExecutor$Worker.run(ThreadPoolExecutor.java:624) [?:1.8.0_332]
	at java.lang.Thread.run(Thread.java:750) [?:1.8.0_332]
2022-08-10 09:22:10,994 [OM StateMachine ApplyTransaction Thread - 0] ERROR file.OMFileCreateRequest (OMFileCreateRequest.java:validateAndUpdateCache(337)) - File create failed. Volume:volume27792, Bucket:8981bf83-1527-4c2e-b7e6-523d0c03088a, Keydir1/dir2/dir3/file1.
FILE_ALREADY_EXISTS org.apache.hadoop.ozone.om.exceptions.OMException: File dir1/dir2/dir3/file1 already exists
	at org.apache.hadoop.ozone.om.request.file.OMFileCreateRequest.checkDirectoryResult(OMFileCreateRequest.java:360)
	at org.apache.hadoop.ozone.om.request.file.OMFileCreateRequest.validateAndUpdateCache(OMFileCreateRequest.java:240)
	at org.apache.hadoop.ozone.protocolPB.OzoneManagerRequestHandler.handleWriteRequest(OzoneManagerRequestHandler.java:304)
	at org.apache.hadoop.ozone.om.ratis.OzoneManagerStateMachine.runCommand(OzoneManagerStateMachine.java:529)
	at org.apache.hadoop.ozone.om.ratis.OzoneManagerStateMachine.lambda$1(OzoneManagerStateMachine.java:324)
	at java.util.concurrent.CompletableFuture$AsyncSupply.run(CompletableFuture.java:1604)
	at java.util.concurrent.ThreadPoolExecutor.runWorker(ThreadPoolExecutor.java:1149)
	at java.util.concurrent.ThreadPoolExecutor$Worker.run(ThreadPoolExecutor.java:624)
	at java.lang.Thread.run(Thread.java:750)
2022-08-10 09:22:10,994 [OM StateMachine ApplyTransaction Thread - 0] ERROR file.OMFileCreateRequest (OMFileCreateRequest.java:validateAndUpdateCache(337)) - File create failed. Volume:volume27792, Bucket:8981bf83-1527-4c2e-b7e6-523d0c03088a, Keydir1/dir2/dir3/file1.
FILE_ALREADY_EXISTS org.apache.hadoop.ozone.om.exceptions.OMException: File dir1/dir2/dir3/file1 already exists
	at org.apache.hadoop.ozone.om.request.file.OMFileCreateRequest.checkDirectoryResult(OMFileCreateRequest.java:360)
	at org.apache.hadoop.ozone.om.request.file.OMFileCreateRequest.validateAndUpdateCache(OMFileCreateRequest.java:240)
	at org.apache.hadoop.ozone.protocolPB.OzoneManagerRequestHandler.handleWriteRequest(OzoneManagerRequestHandler.java:304)
	at org.apache.hadoop.ozone.om.ratis.OzoneManagerStateMachine.runCommand(OzoneManagerStateMachine.java:529)
	at org.apache.hadoop.ozone.om.ratis.OzoneManagerStateMachine.lambda$1(OzoneManagerStateMachine.java:324)
	at java.util.concurrent.CompletableFuture$AsyncSupply.run(CompletableFuture.java:1604)
	at java.util.concurrent.ThreadPoolExecutor.runWorker(ThreadPoolExecutor.java:1149)
	at java.util.concurrent.ThreadPoolExecutor$Worker.run(ThreadPoolExecutor.java:624)
	at java.lang.Thread.run(Thread.java:750)
2022-08-10 09:22:11,002 [omNode-2-server-thread1] INFO  server.RaftServer$Division (RaftServerImpl.java:checkInconsistentAppendEntries(1424)) - omNode-2@group-523986131536: Failed appendEntries as previous log entry ((t:6, i:78)) is not found
2022-08-10 09:22:11,002 [omNode-2-server-thread1] INFO  server.RaftServer$Division (RaftServerImpl.java:checkInconsistentAppendEntries(1394)) - omNode-2@group-523986131536: inconsistency entries. Reply:omNode-3<-omNode-2#297:FAIL-t6,INCONSISTENCY,nextIndex=57,followerCommit=56
2022-08-10 09:22:11,005 [omNode-2-server-thread1] INFO  server.RaftServer$Division (RaftServerImpl.java:checkInconsistentAppendEntries(1424)) - omNode-2@group-523986131536: Failed appendEntries as previous log entry ((t:6, i:79)) is not found
2022-08-10 09:22:11,005 [omNode-2-server-thread1] INFO  server.RaftServer$Division (RaftServerImpl.java:checkInconsistentAppendEntries(1394)) - omNode-2@group-523986131536: inconsistency entries. Reply:omNode-3<-omNode-2#299:FAIL-t6,INCONSISTENCY,nextIndex=57,followerCommit=56
2022-08-10 09:22:11,013 [omNode-2-server-thread1] INFO  server.RaftServer$Division (RaftServerImpl.java:checkInconsistentAppendEntries(1424)) - omNode-2@group-523986131536: Failed appendEntries as previous log entry ((t:6, i:80)) is not found
2022-08-10 09:22:11,013 [omNode-2-server-thread1] INFO  server.RaftServer$Division (RaftServerImpl.java:checkInconsistentAppendEntries(1394)) - omNode-2@group-523986131536: inconsistency entries. Reply:omNode-3<-omNode-2#302:FAIL-t6,INCONSISTENCY,nextIndex=57,followerCommit=56
2022-08-10 09:22:11,018 [omNode-2-server-thread1] INFO  server.RaftServer$Division (RaftServerImpl.java:checkInconsistentAppendEntries(1424)) - omNode-2@group-523986131536: Failed appendEntries as previous log entry ((t:6, i:81)) is not found
2022-08-10 09:22:11,018 [omNode-2-server-thread1] INFO  server.RaftServer$Division (RaftServerImpl.java:checkInconsistentAppendEntries(1394)) - omNode-2@group-523986131536: inconsistency entries. Reply:omNode-3<-omNode-2#304:FAIL-t6,INCONSISTENCY,nextIndex=57,followerCommit=56
09:22:11.019 [OM StateMachine ApplyTransaction Thread - 0] ERROR OMAudit - user=runner | ip=127.0.0.1 | op=CREATE_FILE {volume=volume27792, bucket=8981bf83-1527-4c2e-b7e6-523d0c03088a, key=folder/folder2, dataSize=23, replicationType=RATIS, replicationFactor=ONE} | ret=FAILURE
org.apache.hadoop.ozone.om.exceptions.OMException: Can not write to directory: folder/folder2
	at org.apache.hadoop.ozone.om.request.file.OMFileCreateRequest.checkDirectoryResult(OMFileCreateRequest.java:364) ~[ozone-manager-1.3.0-SNAPSHOT.jar:?]
	at org.apache.hadoop.ozone.om.request.file.OMFileCreateRequest.validateAndUpdateCache(OMFileCreateRequest.java:240) ~[ozone-manager-1.3.0-SNAPSHOT.jar:?]
	at org.apache.hadoop.ozone.protocolPB.OzoneManagerRequestHandler.handleWriteRequest(OzoneManagerRequestHandler.java:304) ~[ozone-manager-1.3.0-SNAPSHOT.jar:?]
	at org.apache.hadoop.ozone.om.ratis.OzoneManagerStateMachine.runCommand(OzoneManagerStateMachine.java:529) ~[ozone-manager-1.3.0-SNAPSHOT.jar:?]
	at org.apache.hadoop.ozone.om.ratis.OzoneManagerStateMachine.lambda$1(OzoneManagerStateMachine.java:324) ~[ozone-manager-1.3.0-SNAPSHOT.jar:?]
	at java.util.concurrent.CompletableFuture$AsyncSupply.run(CompletableFuture.java:1604) [?:1.8.0_332]
	at java.util.concurrent.ThreadPoolExecutor.runWorker(ThreadPoolExecutor.java:1149) [?:1.8.0_332]
	at java.util.concurrent.ThreadPoolExecutor$Worker.run(ThreadPoolExecutor.java:624) [?:1.8.0_332]
	at java.lang.Thread.run(Thread.java:750) [?:1.8.0_332]
2022-08-10 09:22:11,020 [OM StateMachine ApplyTransaction Thread - 0] ERROR file.OMFileCreateRequest (OMFileCreateRequest.java:validateAndUpdateCache(337)) - File create failed. Volume:volume27792, Bucket:8981bf83-1527-4c2e-b7e6-523d0c03088a, Keyfolder/folder2.
NOT_A_FILE org.apache.hadoop.ozone.om.exceptions.OMException: Can not write to directory: folder/folder2
	at org.apache.hadoop.ozone.om.request.file.OMFileCreateRequest.checkDirectoryResult(OMFileCreateRequest.java:364)
	at org.apache.hadoop.ozone.om.request.file.OMFileCreateRequest.validateAndUpdateCache(OMFileCreateRequest.java:240)
	at org.apache.hadoop.ozone.protocolPB.OzoneManagerRequestHandler.handleWriteRequest(OzoneManagerRequestHandler.java:304)
	at org.apache.hadoop.ozone.om.ratis.OzoneManagerStateMachine.runCommand(OzoneManagerStateMachine.java:529)
	at org.apache.hadoop.ozone.om.ratis.OzoneManagerStateMachine.lambda$1(OzoneManagerStateMachine.java:324)
	at java.util.concurrent.CompletableFuture$AsyncSupply.run(CompletableFuture.java:1604)
	at java.util.concurrent.ThreadPoolExecutor.runWorker(ThreadPoolExecutor.java:1149)
	at java.util.concurrent.ThreadPoolExecutor$Worker.run(ThreadPoolExecutor.java:624)
	at java.lang.Thread.run(Thread.java:750)
09:22:11.023 [OM StateMachine ApplyTransaction Thread - 0] ERROR OMAudit - user=runner | ip=127.0.0.1 | op=CREATE_FILE {volume=volume27792, bucket=8981bf83-1527-4c2e-b7e6-523d0c03088a, key=folder/folder2, dataSize=23, replicationType=RATIS, replicationFactor=ONE} | ret=FAILURE
org.apache.hadoop.ozone.om.exceptions.OMException: Can not write to directory: folder/folder2
	at org.apache.hadoop.ozone.om.request.file.OMFileCreateRequest.checkDirectoryResult(OMFileCreateRequest.java:364) ~[ozone-manager-1.3.0-SNAPSHOT.jar:?]
	at org.apache.hadoop.ozone.om.request.file.OMFileCreateRequest.validateAndUpdateCache(OMFileCreateRequest.java:240) ~[ozone-manager-1.3.0-SNAPSHOT.jar:?]
	at org.apache.hadoop.ozone.protocolPB.OzoneManagerRequestHandler.handleWriteRequest(OzoneManagerRequestHandler.java:304) ~[ozone-manager-1.3.0-SNAPSHOT.jar:?]
	at org.apache.hadoop.ozone.om.ratis.OzoneManagerStateMachine.runCommand(OzoneManagerStateMachine.java:529) ~[ozone-manager-1.3.0-SNAPSHOT.jar:?]
	at org.apache.hadoop.ozone.om.ratis.OzoneManagerStateMachine.lambda$1(OzoneManagerStateMachine.java:324) ~[ozone-manager-1.3.0-SNAPSHOT.jar:?]
	at java.util.concurrent.CompletableFuture$AsyncSupply.run(CompletableFuture.java:1604) [?:1.8.0_332]
	at java.util.concurrent.ThreadPoolExecutor.runWorker(ThreadPoolExecutor.java:1149) [?:1.8.0_332]
	at java.util.concurrent.ThreadPoolExecutor$Worker.run(ThreadPoolExecutor.java:624) [?:1.8.0_332]
	at java.lang.Thread.run(Thread.java:750) [?:1.8.0_332]
2022-08-10 09:22:11,024 [OM StateMachine ApplyTransaction Thread - 0] ERROR file.OMFileCreateRequest (OMFileCreateRequest.java:validateAndUpdateCache(337)) - File create failed. Volume:volume27792, Bucket:8981bf83-1527-4c2e-b7e6-523d0c03088a, Keyfolder/folder2.
NOT_A_FILE org.apache.hadoop.ozone.om.exceptions.OMException: Can not write to directory: folder/folder2
	at org.apache.hadoop.ozone.om.request.file.OMFileCreateRequest.checkDirectoryResult(OMFileCreateRequest.java:364)
	at org.apache.hadoop.ozone.om.request.file.OMFileCreateRequest.validateAndUpdateCache(OMFileCreateRequest.java:240)
	at org.apache.hadoop.ozone.protocolPB.OzoneManagerRequestHandler.handleWriteRequest(OzoneManagerRequestHandler.java:304)
	at org.apache.hadoop.ozone.om.ratis.OzoneManagerStateMachine.runCommand(OzoneManagerStateMachine.java:529)
	at org.apache.hadoop.ozone.om.ratis.OzoneManagerStateMachine.lambda$1(OzoneManagerStateMachine.java:324)
	at java.util.concurrent.CompletableFuture$AsyncSupply.run(CompletableFuture.java:1604)
	at java.util.concurrent.ThreadPoolExecutor.runWorker(ThreadPoolExecutor.java:1149)
	at java.util.concurrent.ThreadPoolExecutor$Worker.run(ThreadPoolExecutor.java:624)
	at java.lang.Thread.run(Thread.java:750)
2022-08-10 09:22:11,037 [Listener at localhost/38141] INFO  rpc.RpcClient (RpcClient.java:createVolume(471)) - Creating Volume: volume24288, with user11422 as owner and space quota set to -1 bytes, counts quota set to -1
2022-08-10 09:22:11,044 [omNode-2-server-thread1] INFO  server.RaftServer$Division (RaftServerImpl.java:checkInconsistentAppendEntries(1424)) - omNode-2@group-523986131536: Failed appendEntries as previous log entry ((t:6, i:82)) is not found
2022-08-10 09:22:11,044 [omNode-2-server-thread1] INFO  server.RaftServer$Division (RaftServerImpl.java:checkInconsistentAppendEntries(1394)) - omNode-2@group-523986131536: inconsistency entries. Reply:omNode-3<-omNode-2#308:FAIL-t6,INCONSISTENCY,nextIndex=57,followerCommit=56
2022-08-10 09:22:11,046 [omNode-2-server-thread1] INFO  server.RaftServer$Division (RaftServerImpl.java:checkInconsistentAppendEntries(1424)) - omNode-2@group-523986131536: Failed appendEntries as previous log entry ((t:6, i:83)) is not found
2022-08-10 09:22:11,046 [omNode-2-server-thread1] INFO  server.RaftServer$Division (RaftServerImpl.java:checkInconsistentAppendEntries(1394)) - omNode-2@group-523986131536: inconsistency entries. Reply:omNode-3<-omNode-2#310:FAIL-t6,INCONSISTENCY,nextIndex=57,followerCommit=56
2022-08-10 09:22:11,046 [OM StateMachine ApplyTransaction Thread - 0] INFO  volume.OMVolumeCreateRequest (OMVolumeCreateRequest.java:validateAndUpdateCache(195)) - created volume:volume24288 for user:user11422
2022-08-10 09:22:11,048 [Listener at localhost/38141] INFO  rpc.RpcClient (RpcClient.java:createBucket(674)) - Creating Bucket: volume24288/20b9133e-63de-451e-b1e7-ebc7deda415c, with server-side default bucket layout, runner as owner, Versioning false, Storage Type set to DISK and Encryption set to false 
2022-08-10 09:22:11,050 [OM StateMachine ApplyTransaction Thread - 0] INFO  volume.OMVolumeCreateRequest (OMVolumeCreateRequest.java:validateAndUpdateCache(195)) - created volume:volume24288 for user:user11422
2022-08-10 09:22:11,055 [omNode-2-server-thread1] INFO  server.RaftServer$Division (RaftServerImpl.java:checkInconsistentAppendEntries(1424)) - omNode-2@group-523986131536: Failed appendEntries as previous log entry ((t:6, i:84)) is not found
2022-08-10 09:22:11,055 [omNode-2-server-thread1] INFO  server.RaftServer$Division (RaftServerImpl.java:checkInconsistentAppendEntries(1394)) - omNode-2@group-523986131536: inconsistency entries. Reply:omNode-3<-omNode-2#311:FAIL-t6,INCONSISTENCY,nextIndex=57,followerCommit=56
2022-08-10 09:22:11,059 [OM StateMachine ApplyTransaction Thread - 0] INFO  bucket.OMBucketCreateRequest (OMBucketCreateRequest.java:validateAndUpdateCache(260)) - created bucket: 20b9133e-63de-451e-b1e7-ebc7deda415c of layout LEGACY in volume: volume24288
2022-08-10 09:22:11,059 [omNode-2-server-thread1] INFO  server.RaftServer$Division (RaftServerImpl.java:checkInconsistentAppendEntries(1424)) - omNode-2@group-523986131536: Failed appendEntries as previous log entry ((t:6, i:85)) is not found
2022-08-10 09:22:11,062 [omNode-2-server-thread1] INFO  server.RaftServer$Division (RaftServerImpl.java:checkInconsistentAppendEntries(1394)) - omNode-2@group-523986131536: inconsistency entries. Reply:omNode-3<-omNode-2#313:FAIL-t6,INCONSISTENCY,nextIndex=57,followerCommit=56
2022-08-10 09:22:11,067 [OM StateMachine ApplyTransaction Thread - 0] INFO  bucket.OMBucketCreateRequest (OMBucketCreateRequest.java:validateAndUpdateCache(260)) - created bucket: 20b9133e-63de-451e-b1e7-ebc7deda415c of layout LEGACY in volume: volume24288
2022-08-10 09:22:11,072 [omNode-2-server-thread1] INFO  server.RaftServer$Division (RaftServerImpl.java:checkInconsistentAppendEntries(1424)) - omNode-2@group-523986131536: Failed appendEntries as previous log entry ((t:6, i:86)) is not found
2022-08-10 09:22:11,072 [omNode-2-server-thread1] INFO  server.RaftServer$Division (RaftServerImpl.java:checkInconsistentAppendEntries(1394)) - omNode-2@group-523986131536: inconsistency entries. Reply:omNode-3<-omNode-2#317:FAIL-t6,INCONSISTENCY,nextIndex=57,followerCommit=56
2022-08-10 09:22:11,085 [omNode-2-server-thread1] INFO  server.RaftServer$Division (RaftServerImpl.java:checkInconsistentAppendEntries(1424)) - omNode-2@group-523986131536: Failed appendEntries as previous log entry ((t:6, i:87)) is not found
2022-08-10 09:22:11,085 [omNode-2-server-thread1] INFO  server.RaftServer$Division (RaftServerImpl.java:checkInconsistentAppendEntries(1394)) - omNode-2@group-523986131536: inconsistency entries. Reply:omNode-3<-omNode-2#319:FAIL-t6,INCONSISTENCY,nextIndex=57,followerCommit=56
2022-08-10 09:22:11,143 [omNode-2-server-thread1] INFO  server.RaftServer$Division (RaftServerImpl.java:checkInconsistentAppendEntries(1424)) - omNode-2@group-523986131536: Failed appendEntries as previous log entry ((t:6, i:88)) is not found
2022-08-10 09:22:11,143 [omNode-2-server-thread1] INFO  server.RaftServer$Division (RaftServerImpl.java:checkInconsistentAppendEntries(1394)) - omNode-2@group-523986131536: inconsistency entries. Reply:omNode-3<-omNode-2#327:FAIL-t6,INCONSISTENCY,nextIndex=57,followerCommit=56
2022-08-10 09:22:11,149 [omNode-2-server-thread1] INFO  server.RaftServer$Division (RaftServerImpl.java:checkInconsistentAppendEntries(1424)) - omNode-2@group-523986131536: Failed appendEntries as previous log entry ((t:6, i:89)) is not found
2022-08-10 09:22:11,149 [omNode-2-server-thread1] INFO  server.RaftServer$Division (RaftServerImpl.java:checkInconsistentAppendEntries(1394)) - omNode-2@group-523986131536: inconsistency entries. Reply:omNode-3<-omNode-2#329:FAIL-t6,INCONSISTENCY,nextIndex=57,followerCommit=56
2022-08-10 09:22:11,178 [omNode-2-server-thread1] INFO  server.RaftServer$Division (RaftServerImpl.java:checkInconsistentAppendEntries(1424)) - omNode-2@group-523986131536: Failed appendEntries as previous log entry ((t:6, i:90)) is not found
2022-08-10 09:22:11,178 [omNode-2-server-thread1] INFO  server.RaftServer$Division (RaftServerImpl.java:checkInconsistentAppendEntries(1394)) - omNode-2@group-523986131536: inconsistency entries. Reply:omNode-3<-omNode-2#333:FAIL-t6,INCONSISTENCY,nextIndex=57,followerCommit=56
09:22:11.185 [OM StateMachine ApplyTransaction Thread - 0] ERROR OMAudit - user=runner | ip=127.0.0.1 | op=CREATE_FILE {volume=volume24288, bucket=20b9133e-63de-451e-b1e7-ebc7deda415c, key=dir1/dir2/dir3/file1, dataSize=11, replicationType=RATIS, replicationFactor=ONE} | ret=FAILURE
org.apache.hadoop.ozone.om.exceptions.OMException: Cannot create file : dir1/dir2/dir3/file1 as one of parent directory is not created
	at org.apache.hadoop.ozone.om.request.file.OMFileCreateRequest.checkAllParentsExist(OMFileCreateRequest.java:387) ~[ozone-manager-1.3.0-SNAPSHOT.jar:?]
	at org.apache.hadoop.ozone.om.request.file.OMFileCreateRequest.validateAndUpdateCache(OMFileCreateRequest.java:243) ~[ozone-manager-1.3.0-SNAPSHOT.jar:?]
	at org.apache.hadoop.ozone.protocolPB.OzoneManagerRequestHandler.handleWriteRequest(OzoneManagerRequestHandler.java:304) ~[ozone-manager-1.3.0-SNAPSHOT.jar:?]
	at org.apache.hadoop.ozone.om.ratis.OzoneManagerStateMachine.runCommand(OzoneManagerStateMachine.java:529) ~[ozone-manager-1.3.0-SNAPSHOT.jar:?]
	at org.apache.hadoop.ozone.om.ratis.OzoneManagerStateMachine.lambda$1(OzoneManagerStateMachine.java:324) ~[ozone-manager-1.3.0-SNAPSHOT.jar:?]
	at java.util.concurrent.CompletableFuture$AsyncSupply.run(CompletableFuture.java:1604) [?:1.8.0_332]
	at java.util.concurrent.ThreadPoolExecutor.runWorker(ThreadPoolExecutor.java:1149) [?:1.8.0_332]
	at java.util.concurrent.ThreadPoolExecutor$Worker.run(ThreadPoolExecutor.java:624) [?:1.8.0_332]
	at java.lang.Thread.run(Thread.java:750) [?:1.8.0_332]
2022-08-10 09:22:11,185 [OM StateMachine ApplyTransaction Thread - 0] ERROR file.OMFileCreateRequest (OMFileCreateRequest.java:validateAndUpdateCache(337)) - File create failed. Volume:volume24288, Bucket:20b9133e-63de-451e-b1e7-ebc7deda415c, Keydir1/dir2/dir3/file1.
DIRECTORY_NOT_FOUND org.apache.hadoop.ozone.om.exceptions.OMException: Cannot create file : dir1/dir2/dir3/file1 as one of parent directory is not created
	at org.apache.hadoop.ozone.om.request.file.OMFileCreateRequest.checkAllParentsExist(OMFileCreateRequest.java:387)
	at org.apache.hadoop.ozone.om.request.file.OMFileCreateRequest.validateAndUpdateCache(OMFileCreateRequest.java:243)
	at org.apache.hadoop.ozone.protocolPB.OzoneManagerRequestHandler.handleWriteRequest(OzoneManagerRequestHandler.java:304)
	at org.apache.hadoop.ozone.om.ratis.OzoneManagerStateMachine.runCommand(OzoneManagerStateMachine.java:529)
	at org.apache.hadoop.ozone.om.ratis.OzoneManagerStateMachine.lambda$1(OzoneManagerStateMachine.java:324)
	at java.util.concurrent.CompletableFuture$AsyncSupply.run(CompletableFuture.java:1604)
	at java.util.concurrent.ThreadPoolExecutor.runWorker(ThreadPoolExecutor.java:1149)
	at java.util.concurrent.ThreadPoolExecutor$Worker.run(ThreadPoolExecutor.java:624)
	at java.lang.Thread.run(Thread.java:750)
2022-08-10 09:22:11,188 [omNode-2-server-thread1] INFO  server.RaftServer$Division (RaftServerImpl.java:checkInconsistentAppendEntries(1424)) - omNode-2@group-523986131536: Failed appendEntries as previous log entry ((t:6, i:91)) is not found
2022-08-10 09:22:11,188 [omNode-2-server-thread1] INFO  server.RaftServer$Division (RaftServerImpl.java:checkInconsistentAppendEntries(1394)) - omNode-2@group-523986131536: inconsistency entries. Reply:omNode-3<-omNode-2#335:FAIL-t6,INCONSISTENCY,nextIndex=57,followerCommit=56
2022-08-10 09:22:11,190 [omNode-2-server-thread1] INFO  server.RaftServer$Division (RaftServerImpl.java:checkInconsistentAppendEntries(1424)) - omNode-2@group-523986131536: Failed appendEntries as previous log entry ((t:6, i:92)) is not found
2022-08-10 09:22:11,190 [omNode-2-server-thread1] INFO  server.RaftServer$Division (RaftServerImpl.java:checkInconsistentAppendEntries(1394)) - omNode-2@group-523986131536: inconsistency entries. Reply:omNode-3<-omNode-2#336:FAIL-t6,INCONSISTENCY,nextIndex=57,followerCommit=56
09:22:11.192 [OM StateMachine ApplyTransaction Thread - 0] ERROR OMAudit - user=runner | ip=127.0.0.1 | op=CREATE_FILE {volume=volume24288, bucket=20b9133e-63de-451e-b1e7-ebc7deda415c, key=dir1/dir2/dir3/file1, dataSize=11, replicationType=RATIS, replicationFactor=ONE} | ret=FAILURE
org.apache.hadoop.ozone.om.exceptions.OMException: Cannot create file : dir1/dir2/dir3/file1 as one of parent directory is not created
	at org.apache.hadoop.ozone.om.request.file.OMFileCreateRequest.checkAllParentsExist(OMFileCreateRequest.java:387) ~[ozone-manager-1.3.0-SNAPSHOT.jar:?]
	at org.apache.hadoop.ozone.om.request.file.OMFileCreateRequest.validateAndUpdateCache(OMFileCreateRequest.java:243) ~[ozone-manager-1.3.0-SNAPSHOT.jar:?]
	at org.apache.hadoop.ozone.protocolPB.OzoneManagerRequestHandler.handleWriteRequest(OzoneManagerRequestHandler.java:304) ~[ozone-manager-1.3.0-SNAPSHOT.jar:?]
	at org.apache.hadoop.ozone.om.ratis.OzoneManagerStateMachine.runCommand(OzoneManagerStateMachine.java:529) ~[ozone-manager-1.3.0-SNAPSHOT.jar:?]
	at org.apache.hadoop.ozone.om.ratis.OzoneManagerStateMachine.lambda$1(OzoneManagerStateMachine.java:324) ~[ozone-manager-1.3.0-SNAPSHOT.jar:?]
	at java.util.concurrent.CompletableFuture$AsyncSupply.run(CompletableFuture.java:1604) [?:1.8.0_332]
	at java.util.concurrent.ThreadPoolExecutor.runWorker(ThreadPoolExecutor.java:1149) [?:1.8.0_332]
	at java.util.concurrent.ThreadPoolExecutor$Worker.run(ThreadPoolExecutor.java:624) [?:1.8.0_332]
	at java.lang.Thread.run(Thread.java:750) [?:1.8.0_332]
2022-08-10 09:22:11,192 [OM StateMachine ApplyTransaction Thread - 0] ERROR file.OMFileCreateRequest (OMFileCreateRequest.java:validateAndUpdateCache(337)) - File create failed. Volume:volume24288, Bucket:20b9133e-63de-451e-b1e7-ebc7deda415c, Keydir1/dir2/dir3/file1.
DIRECTORY_NOT_FOUND org.apache.hadoop.ozone.om.exceptions.OMException: Cannot create file : dir1/dir2/dir3/file1 as one of parent directory is not created
	at org.apache.hadoop.ozone.om.request.file.OMFileCreateRequest.checkAllParentsExist(OMFileCreateRequest.java:387)
	at org.apache.hadoop.ozone.om.request.file.OMFileCreateRequest.validateAndUpdateCache(OMFileCreateRequest.java:243)
	at org.apache.hadoop.ozone.protocolPB.OzoneManagerRequestHandler.handleWriteRequest(OzoneManagerRequestHandler.java:304)
	at org.apache.hadoop.ozone.om.ratis.OzoneManagerStateMachine.runCommand(OzoneManagerStateMachine.java:529)
	at org.apache.hadoop.ozone.om.ratis.OzoneManagerStateMachine.lambda$1(OzoneManagerStateMachine.java:324)
	at java.util.concurrent.CompletableFuture$AsyncSupply.run(CompletableFuture.java:1604)
	at java.util.concurrent.ThreadPoolExecutor.runWorker(ThreadPoolExecutor.java:1149)
	at java.util.concurrent.ThreadPoolExecutor$Worker.run(ThreadPoolExecutor.java:624)
	at java.lang.Thread.run(Thread.java:750)
2022-08-10 09:22:11,193 [omNode-2-server-thread1] INFO  server.RaftServer$Division (RaftServerImpl.java:checkInconsistentAppendEntries(1424)) - omNode-2@group-523986131536: Failed appendEntries as previous log entry ((t:6, i:93)) is not found
2022-08-10 09:22:11,193 [omNode-2-server-thread1] INFO  server.RaftServer$Division (RaftServerImpl.java:checkInconsistentAppendEntries(1394)) - omNode-2@group-523986131536: inconsistency entries. Reply:omNode-3<-omNode-2#339:FAIL-t6,INCONSISTENCY,nextIndex=57,followerCommit=56
2022-08-10 09:22:11,202 [omNode-2-server-thread1] INFO  server.RaftServer$Division (RaftServerImpl.java:checkInconsistentAppendEntries(1424)) - omNode-2@group-523986131536: Failed appendEntries as previous log entry ((t:6, i:94)) is not found
2022-08-10 09:22:11,202 [omNode-2-server-thread1] INFO  server.RaftServer$Division (RaftServerImpl.java:checkInconsistentAppendEntries(1394)) - omNode-2@group-523986131536: inconsistency entries. Reply:omNode-3<-omNode-2#342:FAIL-t6,INCONSISTENCY,nextIndex=57,followerCommit=56
2022-08-10 09:22:11,205 [omNode-2-server-thread1] INFO  server.RaftServer$Division (RaftServerImpl.java:checkInconsistentAppendEntries(1424)) - omNode-2@group-523986131536: Failed appendEntries as previous log entry ((t:6, i:95)) is not found
2022-08-10 09:22:11,205 [omNode-2-server-thread1] INFO  server.RaftServer$Division (RaftServerImpl.java:checkInconsistentAppendEntries(1394)) - omNode-2@group-523986131536: inconsistency entries. Reply:omNode-3<-omNode-2#343:FAIL-t6,INCONSISTENCY,nextIndex=57,followerCommit=56
2022-08-10 09:22:11,228 [omNode-2-server-thread1] INFO  server.RaftServer$Division (RaftServerImpl.java:checkInconsistentAppendEntries(1424)) - omNode-2@group-523986131536: Failed appendEntries as previous log entry ((t:6, i:96)) is not found
2022-08-10 09:22:11,228 [omNode-2-server-thread1] INFO  server.RaftServer$Division (RaftServerImpl.java:checkInconsistentAppendEntries(1394)) - omNode-2@group-523986131536: inconsistency entries. Reply:omNode-3<-omNode-2#347:FAIL-t6,INCONSISTENCY,nextIndex=57,followerCommit=56
2022-08-10 09:22:11,235 [omNode-2-server-thread1] INFO  server.RaftServer$Division (RaftServerImpl.java:checkInconsistentAppendEntries(1424)) - omNode-2@group-523986131536: Failed appendEntries as previous log entry ((t:6, i:97)) is not found
2022-08-10 09:22:11,235 [omNode-2-server-thread1] INFO  server.RaftServer$Division (RaftServerImpl.java:checkInconsistentAppendEntries(1394)) - omNode-2@group-523986131536: inconsistency entries. Reply:omNode-3<-omNode-2#349:FAIL-t6,INCONSISTENCY,nextIndex=57,followerCommit=56
2022-08-10 09:22:11,257 [omNode-2-server-thread1] INFO  server.RaftServer$Division (RaftServerImpl.java:checkInconsistentAppendEntries(1424)) - omNode-2@group-523986131536: Failed appendEntries as previous log entry ((t:6, i:98)) is not found
2022-08-10 09:22:11,257 [omNode-2-server-thread1] INFO  server.RaftServer$Division (RaftServerImpl.java:checkInconsistentAppendEntries(1394)) - omNode-2@group-523986131536: inconsistency entries. Reply:omNode-3<-omNode-2#352:FAIL-t6,INCONSISTENCY,nextIndex=57,followerCommit=56
2022-08-10 09:22:11,265 [omNode-2-server-thread1] INFO  server.RaftServer$Division (RaftServerImpl.java:checkInconsistentAppendEntries(1424)) - omNode-2@group-523986131536: Failed appendEntries as previous log entry ((t:6, i:99)) is not found
2022-08-10 09:22:11,265 [omNode-2-server-thread1] INFO  server.RaftServer$Division (RaftServerImpl.java:checkInconsistentAppendEntries(1394)) - omNode-2@group-523986131536: inconsistency entries. Reply:omNode-3<-omNode-2#354:FAIL-t6,INCONSISTENCY,nextIndex=57,followerCommit=56
2022-08-10 09:22:11,329 [omNode-2-server-thread1] INFO  server.RaftServer$Division (RaftServerImpl.java:checkInconsistentAppendEntries(1424)) - omNode-2@group-523986131536: Failed appendEntries as previous log entry ((t:6, i:100)) is not found
2022-08-10 09:22:11,330 [omNode-2-server-thread1] INFO  server.RaftServer$Division (RaftServerImpl.java:checkInconsistentAppendEntries(1394)) - omNode-2@group-523986131536: inconsistency entries. Reply:omNode-3<-omNode-2#362:FAIL-t6,INCONSISTENCY,nextIndex=57,followerCommit=56
2022-08-10 09:22:11,334 [omNode-2-server-thread1] INFO  server.RaftServer$Division (RaftServerImpl.java:checkInconsistentAppendEntries(1424)) - omNode-2@group-523986131536: Failed appendEntries as previous log entry ((t:6, i:101)) is not found
2022-08-10 09:22:11,335 [omNode-2-server-thread1] INFO  server.RaftServer$Division (RaftServerImpl.java:checkInconsistentAppendEntries(1394)) - omNode-2@group-523986131536: inconsistency entries. Reply:omNode-3<-omNode-2#364:FAIL-t6,INCONSISTENCY,nextIndex=57,followerCommit=56
2022-08-10 09:22:11,355 [omNode-2-server-thread1] INFO  server.RaftServer$Division (RaftServerImpl.java:checkInconsistentAppendEntries(1424)) - omNode-2@group-523986131536: Failed appendEntries as previous log entry ((t:6, i:102)) is not found
2022-08-10 09:22:11,355 [omNode-2-server-thread1] INFO  server.RaftServer$Division (RaftServerImpl.java:checkInconsistentAppendEntries(1394)) - omNode-2@group-523986131536: inconsistency entries. Reply:omNode-3<-omNode-2#368:FAIL-t6,INCONSISTENCY,nextIndex=57,followerCommit=56
2022-08-10 09:22:11,357 [omNode-2-server-thread1] INFO  server.RaftServer$Division (RaftServerImpl.java:checkInconsistentAppendEntries(1424)) - omNode-2@group-523986131536: Failed appendEntries as previous log entry ((t:6, i:103)) is not found
2022-08-10 09:22:11,358 [omNode-2-server-thread1] INFO  server.RaftServer$Division (RaftServerImpl.java:checkInconsistentAppendEntries(1394)) - omNode-2@group-523986131536: inconsistency entries. Reply:omNode-3<-omNode-2#370:FAIL-t6,INCONSISTENCY,nextIndex=57,followerCommit=56
09:22:11.358 [OM StateMachine ApplyTransaction Thread - 0] ERROR OMAudit - user=runner | ip=127.0.0.1 | op=CREATE_FILE {volume=volume24288, bucket=20b9133e-63de-451e-b1e7-ebc7deda415c, key=dir1/dir2/dir3/file1, dataSize=23, replicationType=RATIS, replicationFactor=ONE} | ret=FAILURE
org.apache.hadoop.ozone.om.exceptions.OMException: File dir1/dir2/dir3/file1 already exists
	at org.apache.hadoop.ozone.om.request.file.OMFileCreateRequest.checkDirectoryResult(OMFileCreateRequest.java:360) ~[ozone-manager-1.3.0-SNAPSHOT.jar:?]
	at org.apache.hadoop.ozone.om.request.file.OMFileCreateRequest.validateAndUpdateCache(OMFileCreateRequest.java:240) ~[ozone-manager-1.3.0-SNAPSHOT.jar:?]
	at org.apache.hadoop.ozone.protocolPB.OzoneManagerRequestHandler.handleWriteRequest(OzoneManagerRequestHandler.java:304) ~[ozone-manager-1.3.0-SNAPSHOT.jar:?]
	at org.apache.hadoop.ozone.om.ratis.OzoneManagerStateMachine.runCommand(OzoneManagerStateMachine.java:529) ~[ozone-manager-1.3.0-SNAPSHOT.jar:?]
	at org.apache.hadoop.ozone.om.ratis.OzoneManagerStateMachine.lambda$1(OzoneManagerStateMachine.java:324) ~[ozone-manager-1.3.0-SNAPSHOT.jar:?]
	at java.util.concurrent.CompletableFuture$AsyncSupply.run(CompletableFuture.java:1604) [?:1.8.0_332]
	at java.util.concurrent.ThreadPoolExecutor.runWorker(ThreadPoolExecutor.java:1149) [?:1.8.0_332]
	at java.util.concurrent.ThreadPoolExecutor$Worker.run(ThreadPoolExecutor.java:624) [?:1.8.0_332]
	at java.lang.Thread.run(Thread.java:750) [?:1.8.0_332]
2022-08-10 09:22:11,358 [OM StateMachine ApplyTransaction Thread - 0] ERROR file.OMFileCreateRequest (OMFileCreateRequest.java:validateAndUpdateCache(337)) - File create failed. Volume:volume24288, Bucket:20b9133e-63de-451e-b1e7-ebc7deda415c, Keydir1/dir2/dir3/file1.
FILE_ALREADY_EXISTS org.apache.hadoop.ozone.om.exceptions.OMException: File dir1/dir2/dir3/file1 already exists
	at org.apache.hadoop.ozone.om.request.file.OMFileCreateRequest.checkDirectoryResult(OMFileCreateRequest.java:360)
	at org.apache.hadoop.ozone.om.request.file.OMFileCreateRequest.validateAndUpdateCache(OMFileCreateRequest.java:240)
	at org.apache.hadoop.ozone.protocolPB.OzoneManagerRequestHandler.handleWriteRequest(OzoneManagerRequestHandler.java:304)
	at org.apache.hadoop.ozone.om.ratis.OzoneManagerStateMachine.runCommand(OzoneManagerStateMachine.java:529)
	at org.apache.hadoop.ozone.om.ratis.OzoneManagerStateMachine.lambda$1(OzoneManagerStateMachine.java:324)
	at java.util.concurrent.CompletableFuture$AsyncSupply.run(CompletableFuture.java:1604)
	at java.util.concurrent.ThreadPoolExecutor.runWorker(ThreadPoolExecutor.java:1149)
	at java.util.concurrent.ThreadPoolExecutor$Worker.run(ThreadPoolExecutor.java:624)
	at java.lang.Thread.run(Thread.java:750)
2022-08-10 09:22:11,362 [omNode-2-server-thread1] INFO  server.RaftServer$Division (RaftServerImpl.java:checkInconsistentAppendEntries(1424)) - omNode-2@group-523986131536: Failed appendEntries as previous log entry ((t:6, i:104)) is not found
2022-08-10 09:22:11,362 [omNode-2-server-thread1] INFO  server.RaftServer$Division (RaftServerImpl.java:checkInconsistentAppendEntries(1394)) - omNode-2@group-523986131536: inconsistency entries. Reply:omNode-3<-omNode-2#371:FAIL-t6,INCONSISTENCY,nextIndex=57,followerCommit=56
2022-08-10 09:22:11,362 [omNode-2-server-thread1] INFO  server.RaftServer$Division (RaftServerImpl.java:checkInconsistentAppendEntries(1424)) - omNode-2@group-523986131536: Failed appendEntries as previous log entry ((t:6, i:105)) is not found
2022-08-10 09:22:11,363 [omNode-2-server-thread1] INFO  server.RaftServer$Division (RaftServerImpl.java:checkInconsistentAppendEntries(1394)) - omNode-2@group-523986131536: inconsistency entries. Reply:omNode-3<-omNode-2#372:FAIL-t6,INCONSISTENCY,nextIndex=57,followerCommit=56
2022-08-10 09:22:11,363 [grpc-default-executor-1] INFO  leader.FollowerInfo (FollowerInfoImpl.java:lambda$new$0(48)) - omNode-3@group-523986131536->omNode-2: nextIndex: updateUnconditionally 106 -> 57
09:22:11.366 [OM StateMachine ApplyTransaction Thread - 0] ERROR OMAudit - user=runner | ip=127.0.0.1 | op=CREATE_FILE {volume=volume24288, bucket=20b9133e-63de-451e-b1e7-ebc7deda415c, key=dir1/dir2/dir3/file1, dataSize=23, replicationType=RATIS, replicationFactor=ONE} | ret=FAILURE
org.apache.hadoop.ozone.om.exceptions.OMException: File dir1/dir2/dir3/file1 already exists
	at org.apache.hadoop.ozone.om.request.file.OMFileCreateRequest.checkDirectoryResult(OMFileCreateRequest.java:360) ~[ozone-manager-1.3.0-SNAPSHOT.jar:?]
	at org.apache.hadoop.ozone.om.request.file.OMFileCreateRequest.validateAndUpdateCache(OMFileCreateRequest.java:240) ~[ozone-manager-1.3.0-SNAPSHOT.jar:?]
	at org.apache.hadoop.ozone.protocolPB.OzoneManagerRequestHandler.handleWriteRequest(OzoneManagerRequestHandler.java:304) ~[ozone-manager-1.3.0-SNAPSHOT.jar:?]
	at org.apache.hadoop.ozone.om.ratis.OzoneManagerStateMachine.runCommand(OzoneManagerStateMachine.java:529) ~[ozone-manager-1.3.0-SNAPSHOT.jar:?]
	at org.apache.hadoop.ozone.om.ratis.OzoneManagerStateMachine.lambda$1(OzoneManagerStateMachine.java:324) ~[ozone-manager-1.3.0-SNAPSHOT.jar:?]
	at java.util.concurrent.CompletableFuture$AsyncSupply.run(CompletableFuture.java:1604) [?:1.8.0_332]
	at java.util.concurrent.ThreadPoolExecutor.runWorker(ThreadPoolExecutor.java:1149) [?:1.8.0_332]
	at java.util.concurrent.ThreadPoolExecutor$Worker.run(ThreadPoolExecutor.java:624) [?:1.8.0_332]
	at java.lang.Thread.run(Thread.java:750) [?:1.8.0_332]
2022-08-10 09:22:11,366 [OM StateMachine ApplyTransaction Thread - 0] ERROR file.OMFileCreateRequest (OMFileCreateRequest.java:validateAndUpdateCache(337)) - File create failed. Volume:volume24288, Bucket:20b9133e-63de-451e-b1e7-ebc7deda415c, Keydir1/dir2/dir3/file1.
FILE_ALREADY_EXISTS org.apache.hadoop.ozone.om.exceptions.OMException: File dir1/dir2/dir3/file1 already exists
	at org.apache.hadoop.ozone.om.request.file.OMFileCreateRequest.checkDirectoryResult(OMFileCreateRequest.java:360)
	at org.apache.hadoop.ozone.om.request.file.OMFileCreateRequest.validateAndUpdateCache(OMFileCreateRequest.java:240)
	at org.apache.hadoop.ozone.protocolPB.OzoneManagerRequestHandler.handleWriteRequest(OzoneManagerRequestHandler.java:304)
	at org.apache.hadoop.ozone.om.ratis.OzoneManagerStateMachine.runCommand(OzoneManagerStateMachine.java:529)
	at org.apache.hadoop.ozone.om.ratis.OzoneManagerStateMachine.lambda$1(OzoneManagerStateMachine.java:324)
	at java.util.concurrent.CompletableFuture$AsyncSupply.run(CompletableFuture.java:1604)
	at java.util.concurrent.ThreadPoolExecutor.runWorker(ThreadPoolExecutor.java:1149)
	at java.util.concurrent.ThreadPoolExecutor$Worker.run(ThreadPoolExecutor.java:624)
	at java.lang.Thread.run(Thread.java:750)
2022-08-10 09:22:11,370 [omNode-2-server-thread1] INFO  server.RaftServer$Division (RaftServerImpl.java:checkInconsistentAppendEntries(1424)) - omNode-2@group-523986131536: Failed appendEntries as previous log entry ((t:6, i:105)) is not found
2022-08-10 09:22:11,370 [omNode-2-server-thread1] INFO  server.RaftServer$Division (RaftServerImpl.java:checkInconsistentAppendEntries(1394)) - omNode-2@group-523986131536: inconsistency entries. Reply:omNode-3<-omNode-2#375:FAIL-t6,INCONSISTENCY,nextIndex=57,followerCommit=56
2022-08-10 09:22:11,377 [omNode-2-server-thread1] INFO  server.RaftServer$Division (RaftServerImpl.java:checkInconsistentAppendEntries(1424)) - omNode-2@group-523986131536: Failed appendEntries as previous log entry ((t:6, i:106)) is not found
2022-08-10 09:22:11,377 [omNode-2-server-thread1] INFO  server.RaftServer$Division (RaftServerImpl.java:checkInconsistentAppendEntries(1394)) - omNode-2@group-523986131536: inconsistency entries. Reply:omNode-3<-omNode-2#376:FAIL-t6,INCONSISTENCY,nextIndex=57,followerCommit=56
2022-08-10 09:22:11,387 [omNode-2-server-thread1] INFO  server.RaftServer$Division (RaftServerImpl.java:checkInconsistentAppendEntries(1424)) - omNode-2@group-523986131536: Failed appendEntries as previous log entry ((t:6, i:107)) is not found
2022-08-10 09:22:11,387 [omNode-2-server-thread1] INFO  server.RaftServer$Division (RaftServerImpl.java:checkInconsistentAppendEntries(1394)) - omNode-2@group-523986131536: inconsistency entries. Reply:omNode-3<-omNode-2#379:FAIL-t6,INCONSISTENCY,nextIndex=57,followerCommit=56
2022-08-10 09:22:11,405 [omNode-3@group-523986131536-StateMachineUpdater] INFO  ratis.OzoneManagerStateMachine (OzoneManagerStateMachine.java:takeSnapshot(441)) - Current Snapshot Index (t:6, i:108)
2022-08-10 09:22:11,405 [omNode-3@group-523986131536-StateMachineUpdater] INFO  impl.StateMachineUpdater (StateMachineUpdater.java:takeSnapshot(287)) - omNode-3@group-523986131536-StateMachineUpdater: Took a snapshot at index 108
2022-08-10 09:22:11,405 [omNode-3@group-523986131536-StateMachineUpdater] INFO  impl.StateMachineUpdater (StateMachineUpdater.java:lambda$new$0(92)) - omNode-3@group-523986131536-StateMachineUpdater: snapshotIndex: updateIncreasingly 58 -> 108
2022-08-10 09:22:11,405 [omNode-3@group-523986131536-StateMachineUpdater] INFO  raftlog.RaftLog (RaftLogBase.java:purge(308)) - omNode-3@group-523986131536-SegmentedRaftLog: purge 108
2022-08-10 09:22:11,405 [omNode-3@group-523986131536-StateMachineUpdater] INFO  raftlog.RaftLog (RaftLogBase.java:lambda$new$0(53)) - omNode-3@group-523986131536-SegmentedRaftLog: snapshotIndex: updateIncreasingly 58 -> 108
2022-08-10 09:22:11,406 [omNode-3@group-523986131536-SegmentedRaftLogWorker] INFO  raftlog.RaftLog (RaftLogBase.java:lambda$new$0(53)) - omNode-3@group-523986131536-SegmentedRaftLog: purgeIndex: updateToMax old=56, new=58, updated? true
2022-08-10 09:22:11,413 [omNode-2-server-thread1] INFO  server.RaftServer$Division (RaftServerImpl.java:checkInconsistentAppendEntries(1424)) - omNode-2@group-523986131536: Failed appendEntries as previous log entry ((t:6, i:108)) is not found
2022-08-10 09:22:11,413 [omNode-2-server-thread1] INFO  server.RaftServer$Division (RaftServerImpl.java:checkInconsistentAppendEntries(1394)) - omNode-2@group-523986131536: inconsistency entries. Reply:omNode-3<-omNode-2#384:FAIL-t6,INCONSISTENCY,nextIndex=57,followerCommit=56
2022-08-10 09:22:11,414 [omNode-1@group-523986131536-StateMachineUpdater] INFO  ratis.OzoneManagerStateMachine (OzoneManagerStateMachine.java:takeSnapshot(441)) - Current Snapshot Index (t:6, i:108)
2022-08-10 09:22:11,414 [omNode-1@group-523986131536-StateMachineUpdater] INFO  impl.StateMachineUpdater (StateMachineUpdater.java:takeSnapshot(287)) - omNode-1@group-523986131536-StateMachineUpdater: Took a snapshot at index 108
2022-08-10 09:22:11,414 [omNode-1@group-523986131536-StateMachineUpdater] INFO  impl.StateMachineUpdater (StateMachineUpdater.java:lambda$new$0(92)) - omNode-1@group-523986131536-StateMachineUpdater: snapshotIndex: updateIncreasingly 58 -> 108
2022-08-10 09:22:11,414 [omNode-1@group-523986131536-StateMachineUpdater] INFO  raftlog.RaftLog (RaftLogBase.java:purge(308)) - omNode-1@group-523986131536-SegmentedRaftLog: purge 108
2022-08-10 09:22:11,414 [omNode-1@group-523986131536-StateMachineUpdater] INFO  raftlog.RaftLog (RaftLogBase.java:lambda$new$0(53)) - omNode-1@group-523986131536-SegmentedRaftLog: snapshotIndex: updateIncreasingly 58 -> 108
2022-08-10 09:22:11,415 [omNode-1@group-523986131536-SegmentedRaftLogWorker] INFO  raftlog.RaftLog (RaftLogBase.java:lambda$new$0(53)) - omNode-1@group-523986131536-SegmentedRaftLog: purgeIndex: updateToMax old=56, new=58, updated? true
2022-08-10 09:22:11,417 [omNode-2-server-thread1] INFO  server.RaftServer$Division (RaftServerImpl.java:checkInconsistentAppendEntries(1424)) - omNode-2@group-523986131536: Failed appendEntries as previous log entry ((t:6, i:109)) is not found
2022-08-10 09:22:11,417 [omNode-2-server-thread1] INFO  server.RaftServer$Division (RaftServerImpl.java:checkInconsistentAppendEntries(1394)) - omNode-2@group-523986131536: inconsistency entries. Reply:omNode-3<-omNode-2#386:FAIL-t6,INCONSISTENCY,nextIndex=57,followerCommit=56
2022-08-10 09:22:11,443 [omNode-2-server-thread1] INFO  server.RaftServer$Division (RaftServerImpl.java:checkInconsistentAppendEntries(1424)) - omNode-2@group-523986131536: Failed appendEntries as previous log entry ((t:6, i:110)) is not found
2022-08-10 09:22:11,443 [omNode-2-server-thread1] INFO  server.RaftServer$Division (RaftServerImpl.java:checkInconsistentAppendEntries(1394)) - omNode-2@group-523986131536: inconsistency entries. Reply:omNode-3<-omNode-2#390:FAIL-t6,INCONSISTENCY,nextIndex=57,followerCommit=56
2022-08-10 09:22:11,452 [omNode-2-server-thread1] INFO  server.RaftServer$Division (RaftServerImpl.java:checkInconsistentAppendEntries(1424)) - omNode-2@group-523986131536: Failed appendEntries as previous log entry ((t:6, i:111)) is not found
2022-08-10 09:22:11,452 [omNode-2-server-thread1] INFO  server.RaftServer$Division (RaftServerImpl.java:checkInconsistentAppendEntries(1394)) - omNode-2@group-523986131536: inconsistency entries. Reply:omNode-3<-omNode-2#392:FAIL-t6,INCONSISTENCY,nextIndex=57,followerCommit=56
2022-08-10 09:22:11,526 [omNode-2-server-thread1] INFO  server.RaftServer$Division (RaftServerImpl.java:checkInconsistentAppendEntries(1424)) - omNode-2@group-523986131536: Failed appendEntries as previous log entry ((t:6, i:112)) is not found
2022-08-10 09:22:11,526 [omNode-2-server-thread1] INFO  server.RaftServer$Division (RaftServerImpl.java:checkInconsistentAppendEntries(1394)) - omNode-2@group-523986131536: inconsistency entries. Reply:omNode-3<-omNode-2#401:FAIL-t6,INCONSISTENCY,nextIndex=57,followerCommit=56
2022-08-10 09:22:11,536 [omNode-2-server-thread1] INFO  server.RaftServer$Division (RaftServerImpl.java:checkInconsistentAppendEntries(1424)) - omNode-2@group-523986131536: Failed appendEntries as previous log entry ((t:6, i:113)) is not found
2022-08-10 09:22:11,536 [omNode-2-server-thread1] INFO  server.RaftServer$Division (RaftServerImpl.java:checkInconsistentAppendEntries(1394)) - omNode-2@group-523986131536: inconsistency entries. Reply:omNode-3<-omNode-2#403:FAIL-t6,INCONSISTENCY,nextIndex=57,followerCommit=56
2022-08-10 09:22:11,560 [omNode-2-server-thread1] INFO  server.RaftServer$Division (RaftServerImpl.java:checkInconsistentAppendEntries(1424)) - omNode-2@group-523986131536: Failed appendEntries as previous log entry ((t:6, i:114)) is not found
2022-08-10 09:22:11,560 [omNode-2-server-thread1] INFO  server.RaftServer$Division (RaftServerImpl.java:checkInconsistentAppendEntries(1394)) - omNode-2@group-523986131536: inconsistency entries. Reply:omNode-3<-omNode-2#407:FAIL-t6,INCONSISTENCY,nextIndex=57,followerCommit=56
2022-08-10 09:22:11,571 [omNode-2-server-thread1] INFO  server.RaftServer$Division (RaftServerImpl.java:checkInconsistentAppendEntries(1424)) - omNode-2@group-523986131536: Failed appendEntries as previous log entry ((t:6, i:115)) is not found
2022-08-10 09:22:11,571 [omNode-2-server-thread1] INFO  server.RaftServer$Division (RaftServerImpl.java:checkInconsistentAppendEntries(1394)) - omNode-2@group-523986131536: inconsistency entries. Reply:omNode-3<-omNode-2#409:FAIL-t6,INCONSISTENCY,nextIndex=57,followerCommit=56
2022-08-10 09:22:11,576 [omNode-2-server-thread1] INFO  server.RaftServer$Division (RaftServerImpl.java:checkInconsistentAppendEntries(1424)) - omNode-2@group-523986131536: Failed appendEntries as previous log entry ((t:6, i:116)) is not found
2022-08-10 09:22:11,576 [omNode-2-server-thread1] INFO  server.RaftServer$Division (RaftServerImpl.java:checkInconsistentAppendEntries(1394)) - omNode-2@group-523986131536: inconsistency entries. Reply:omNode-3<-omNode-2#410:FAIL-t6,INCONSISTENCY,nextIndex=57,followerCommit=56
2022-08-10 09:22:11,580 [omNode-2-server-thread1] INFO  server.RaftServer$Division (RaftServerImpl.java:checkInconsistentAppendEntries(1424)) - omNode-2@group-523986131536: Failed appendEntries as previous log entry ((t:6, i:117)) is not found
2022-08-10 09:22:11,580 [omNode-2-server-thread1] INFO  server.RaftServer$Division (RaftServerImpl.java:checkInconsistentAppendEntries(1394)) - omNode-2@group-523986131536: inconsistency entries. Reply:omNode-3<-omNode-2#413:FAIL-t6,INCONSISTENCY,nextIndex=57,followerCommit=56
09:22:11.580 [OM StateMachine ApplyTransaction Thread - 0] ERROR OMAudit - user=runner | ip=127.0.0.1 | op=CREATE_FILE {volume=volume24288, bucket=20b9133e-63de-451e-b1e7-ebc7deda415c, key=folder/folder2, dataSize=23, replicationType=RATIS, replicationFactor=ONE} | ret=FAILURE
org.apache.hadoop.ozone.om.exceptions.OMException: Can not write to directory: folder/folder2
	at org.apache.hadoop.ozone.om.request.file.OMFileCreateRequest.checkDirectoryResult(OMFileCreateRequest.java:364) ~[ozone-manager-1.3.0-SNAPSHOT.jar:?]
	at org.apache.hadoop.ozone.om.request.file.OMFileCreateRequest.validateAndUpdateCache(OMFileCreateRequest.java:240) ~[ozone-manager-1.3.0-SNAPSHOT.jar:?]
	at org.apache.hadoop.ozone.protocolPB.OzoneManagerRequestHandler.handleWriteRequest(OzoneManagerRequestHandler.java:304) ~[ozone-manager-1.3.0-SNAPSHOT.jar:?]
	at org.apache.hadoop.ozone.om.ratis.OzoneManagerStateMachine.runCommand(OzoneManagerStateMachine.java:529) ~[ozone-manager-1.3.0-SNAPSHOT.jar:?]
	at org.apache.hadoop.ozone.om.ratis.OzoneManagerStateMachine.lambda$1(OzoneManagerStateMachine.java:324) ~[ozone-manager-1.3.0-SNAPSHOT.jar:?]
	at java.util.concurrent.CompletableFuture$AsyncSupply.run(CompletableFuture.java:1604) [?:1.8.0_332]
	at java.util.concurrent.ThreadPoolExecutor.runWorker(ThreadPoolExecutor.java:1149) [?:1.8.0_332]
	at java.util.concurrent.ThreadPoolExecutor$Worker.run(ThreadPoolExecutor.java:624) [?:1.8.0_332]
	at java.lang.Thread.run(Thread.java:750) [?:1.8.0_332]
2022-08-10 09:22:11,580 [OM StateMachine ApplyTransaction Thread - 0] ERROR file.OMFileCreateRequest (OMFileCreateRequest.java:validateAndUpdateCache(337)) - File create failed. Volume:volume24288, Bucket:20b9133e-63de-451e-b1e7-ebc7deda415c, Keyfolder/folder2.
NOT_A_FILE org.apache.hadoop.ozone.om.exceptions.OMException: Can not write to directory: folder/folder2
	at org.apache.hadoop.ozone.om.request.file.OMFileCreateRequest.checkDirectoryResult(OMFileCreateRequest.java:364)
	at org.apache.hadoop.ozone.om.request.file.OMFileCreateRequest.validateAndUpdateCache(OMFileCreateRequest.java:240)
	at org.apache.hadoop.ozone.protocolPB.OzoneManagerRequestHandler.handleWriteRequest(OzoneManagerRequestHandler.java:304)
	at org.apache.hadoop.ozone.om.ratis.OzoneManagerStateMachine.runCommand(OzoneManagerStateMachine.java:529)
	at org.apache.hadoop.ozone.om.ratis.OzoneManagerStateMachine.lambda$1(OzoneManagerStateMachine.java:324)
	at java.util.concurrent.CompletableFuture$AsyncSupply.run(CompletableFuture.java:1604)
	at java.util.concurrent.ThreadPoolExecutor.runWorker(ThreadPoolExecutor.java:1149)
	at java.util.concurrent.ThreadPoolExecutor$Worker.run(ThreadPoolExecutor.java:624)
	at java.lang.Thread.run(Thread.java:750)
09:22:11.585 [OM StateMachine ApplyTransaction Thread - 0] ERROR OMAudit - user=runner | ip=127.0.0.1 | op=CREATE_FILE {volume=volume24288, bucket=20b9133e-63de-451e-b1e7-ebc7deda415c, key=folder/folder2, dataSize=23, replicationType=RATIS, replicationFactor=ONE} | ret=FAILURE
org.apache.hadoop.ozone.om.exceptions.OMException: Can not write to directory: folder/folder2
	at org.apache.hadoop.ozone.om.request.file.OMFileCreateRequest.checkDirectoryResult(OMFileCreateRequest.java:364) ~[ozone-manager-1.3.0-SNAPSHOT.jar:?]
	at org.apache.hadoop.ozone.om.request.file.OMFileCreateRequest.validateAndUpdateCache(OMFileCreateRequest.java:240) ~[ozone-manager-1.3.0-SNAPSHOT.jar:?]
	at org.apache.hadoop.ozone.protocolPB.OzoneManagerRequestHandler.handleWriteRequest(OzoneManagerRequestHandler.java:304) ~[ozone-manager-1.3.0-SNAPSHOT.jar:?]
	at org.apache.hadoop.ozone.om.ratis.OzoneManagerStateMachine.runCommand(OzoneManagerStateMachine.java:529) ~[ozone-manager-1.3.0-SNAPSHOT.jar:?]
	at org.apache.hadoop.ozone.om.ratis.OzoneManagerStateMachine.lambda$1(OzoneManagerStateMachine.java:324) ~[ozone-manager-1.3.0-SNAPSHOT.jar:?]
	at java.util.concurrent.CompletableFuture$AsyncSupply.run(CompletableFuture.java:1604) [?:1.8.0_332]
	at java.util.concurrent.ThreadPoolExecutor.runWorker(ThreadPoolExecutor.java:1149) [?:1.8.0_332]
	at java.util.concurrent.ThreadPoolExecutor$Worker.run(ThreadPoolExecutor.java:624) [?:1.8.0_332]
	at java.lang.Thread.run(Thread.java:750) [?:1.8.0_332]
2022-08-10 09:22:11,586 [OM StateMachine ApplyTransaction Thread - 0] ERROR file.OMFileCreateRequest (OMFileCreateRequest.java:validateAndUpdateCache(337)) - File create failed. Volume:volume24288, Bucket:20b9133e-63de-451e-b1e7-ebc7deda415c, Keyfolder/folder2.
NOT_A_FILE org.apache.hadoop.ozone.om.exceptions.OMException: Can not write to directory: folder/folder2
	at org.apache.hadoop.ozone.om.request.file.OMFileCreateRequest.checkDirectoryResult(OMFileCreateRequest.java:364)
	at org.apache.hadoop.ozone.om.request.file.OMFileCreateRequest.validateAndUpdateCache(OMFileCreateRequest.java:240)
	at org.apache.hadoop.ozone.protocolPB.OzoneManagerRequestHandler.handleWriteRequest(OzoneManagerRequestHandler.java:304)
	at org.apache.hadoop.ozone.om.ratis.OzoneManagerStateMachine.runCommand(OzoneManagerStateMachine.java:529)
	at org.apache.hadoop.ozone.om.ratis.OzoneManagerStateMachine.lambda$1(OzoneManagerStateMachine.java:324)
	at java.util.concurrent.CompletableFuture$AsyncSupply.run(CompletableFuture.java:1604)
	at java.util.concurrent.ThreadPoolExecutor.runWorker(ThreadPoolExecutor.java:1149)
	at java.util.concurrent.ThreadPoolExecutor$Worker.run(ThreadPoolExecutor.java:624)
	at java.lang.Thread.run(Thread.java:750)
2022-08-10 09:22:11,598 [Listener at localhost/38141] INFO  rpc.RpcClient (RpcClient.java:createVolume(471)) - Creating Volume: volume47388, with user13306 as owner and space quota set to -1 bytes, counts quota set to -1
2022-08-10 09:22:11,602 [omNode-2-server-thread1] INFO  server.RaftServer$Division (RaftServerImpl.java:checkInconsistentAppendEntries(1424)) - omNode-2@group-523986131536: Failed appendEntries as previous log entry ((t:6, i:118)) is not found
2022-08-10 09:22:11,602 [omNode-2-server-thread1] INFO  server.RaftServer$Division (RaftServerImpl.java:checkInconsistentAppendEntries(1394)) - omNode-2@group-523986131536: inconsistency entries. Reply:omNode-3<-omNode-2#417:FAIL-t6,INCONSISTENCY,nextIndex=57,followerCommit=56
2022-08-10 09:22:11,605 [OM StateMachine ApplyTransaction Thread - 0] INFO  volume.OMVolumeCreateRequest (OMVolumeCreateRequest.java:validateAndUpdateCache(195)) - created volume:volume47388 for user:user13306
2022-08-10 09:22:11,606 [omNode-2-server-thread1] INFO  server.RaftServer$Division (RaftServerImpl.java:checkInconsistentAppendEntries(1424)) - omNode-2@group-523986131536: Failed appendEntries as previous log entry ((t:6, i:119)) is not found
2022-08-10 09:22:11,606 [omNode-2-server-thread1] INFO  server.RaftServer$Division (RaftServerImpl.java:checkInconsistentAppendEntries(1394)) - omNode-2@group-523986131536: inconsistency entries. Reply:omNode-3<-omNode-2#418:FAIL-t6,INCONSISTENCY,nextIndex=57,followerCommit=56
2022-08-10 09:22:11,609 [Listener at localhost/38141] INFO  rpc.RpcClient (RpcClient.java:createBucket(674)) - Creating Bucket: volume47388/f449faa9-e218-48a8-87e4-534fc4ff8d62, with server-side default bucket layout, runner as owner, Versioning false, Storage Type set to DISK and Encryption set to false 
2022-08-10 09:22:11,612 [omNode-2-server-thread1] INFO  server.RaftServer$Division (RaftServerImpl.java:checkInconsistentAppendEntries(1424)) - omNode-2@group-523986131536: Failed appendEntries as previous log entry ((t:6, i:120)) is not found
2022-08-10 09:22:11,612 [omNode-2-server-thread1] INFO  server.RaftServer$Division (RaftServerImpl.java:checkInconsistentAppendEntries(1394)) - omNode-2@group-523986131536: inconsistency entries. Reply:omNode-3<-omNode-2#419:FAIL-t6,INCONSISTENCY,nextIndex=57,followerCommit=56
2022-08-10 09:22:11,616 [OM StateMachine ApplyTransaction Thread - 0] INFO  volume.OMVolumeCreateRequest (OMVolumeCreateRequest.java:validateAndUpdateCache(195)) - created volume:volume47388 for user:user13306
2022-08-10 09:22:11,617 [OM StateMachine ApplyTransaction Thread - 0] INFO  bucket.OMBucketCreateRequest (OMBucketCreateRequest.java:validateAndUpdateCache(260)) - created bucket: f449faa9-e218-48a8-87e4-534fc4ff8d62 of layout LEGACY in volume: volume47388
2022-08-10 09:22:11,619 [omNode-2-server-thread1] INFO  server.RaftServer$Division (RaftServerImpl.java:checkInconsistentAppendEntries(1424)) - omNode-2@group-523986131536: Failed appendEntries as previous log entry ((t:6, i:121)) is not found
2022-08-10 09:22:11,619 [omNode-2-server-thread1] INFO  server.RaftServer$Division (RaftServerImpl.java:checkInconsistentAppendEntries(1394)) - omNode-2@group-523986131536: inconsistency entries. Reply:omNode-3<-omNode-2#421:FAIL-t6,INCONSISTENCY,nextIndex=57,followerCommit=56
2022-08-10 09:22:11,625 [OM StateMachine ApplyTransaction Thread - 0] INFO  bucket.OMBucketCreateRequest (OMBucketCreateRequest.java:validateAndUpdateCache(260)) - created bucket: f449faa9-e218-48a8-87e4-534fc4ff8d62 of layout LEGACY in volume: volume47388
2022-08-10 09:22:11,625 [omNode-2-server-thread1] INFO  server.RaftServer$Division (RaftServerImpl.java:checkInconsistentAppendEntries(1424)) - omNode-2@group-523986131536: Failed appendEntries as previous log entry ((t:6, i:122)) is not found
2022-08-10 09:22:11,625 [omNode-2-server-thread1] INFO  server.RaftServer$Division (RaftServerImpl.java:checkInconsistentAppendEntries(1394)) - omNode-2@group-523986131536: inconsistency entries. Reply:omNode-3<-omNode-2#422:FAIL-t6,INCONSISTENCY,nextIndex=57,followerCommit=56
2022-08-10 09:22:11,633 [omNode-2-server-thread1] INFO  server.RaftServer$Division (RaftServerImpl.java:checkInconsistentAppendEntries(1424)) - omNode-2@group-523986131536: Failed appendEntries as previous log entry ((t:6, i:123)) is not found
2022-08-10 09:22:11,634 [omNode-2-server-thread1] INFO  server.RaftServer$Division (RaftServerImpl.java:checkInconsistentAppendEntries(1394)) - omNode-2@group-523986131536: inconsistency entries. Reply:omNode-3<-omNode-2#425:FAIL-t6,INCONSISTENCY,nextIndex=57,followerCommit=56
2022-08-10 09:22:11,650 [omNode-2-server-thread1] INFO  server.RaftServer$Division (RaftServerImpl.java:checkInconsistentAppendEntries(1424)) - omNode-2@group-523986131536: Failed appendEntries as previous log entry ((t:6, i:124)) is not found
2022-08-10 09:22:11,651 [omNode-2-server-thread1] INFO  server.RaftServer$Division (RaftServerImpl.java:checkInconsistentAppendEntries(1394)) - omNode-2@group-523986131536: inconsistency entries. Reply:omNode-3<-omNode-2#428:FAIL-t6,INCONSISTENCY,nextIndex=57,followerCommit=56
2022-08-10 09:22:11,658 [omNode-2-server-thread1] INFO  server.RaftServer$Division (RaftServerImpl.java:checkInconsistentAppendEntries(1424)) - omNode-2@group-523986131536: Failed appendEntries as previous log entry ((t:6, i:125)) is not found
2022-08-10 09:22:11,658 [omNode-2-server-thread1] INFO  server.RaftServer$Division (RaftServerImpl.java:checkInconsistentAppendEntries(1394)) - omNode-2@group-523986131536: inconsistency entries. Reply:omNode-3<-omNode-2#430:FAIL-t6,INCONSISTENCY,nextIndex=57,followerCommit=56
2022-08-10 09:22:11,676 [omNode-2-server-thread1] INFO  server.RaftServer$Division (RaftServerImpl.java:checkInconsistentAppendEntries(1424)) - omNode-2@group-523986131536: Failed appendEntries as previous log entry ((t:6, i:126)) is not found
2022-08-10 09:22:11,676 [omNode-2-server-thread1] INFO  server.RaftServer$Division (RaftServerImpl.java:checkInconsistentAppendEntries(1394)) - omNode-2@group-523986131536: inconsistency entries. Reply:omNode-3<-omNode-2#432:FAIL-t6,INCONSISTENCY,nextIndex=57,followerCommit=56
2022-08-10 09:22:11,690 [omNode-2-server-thread1] INFO  server.RaftServer$Division (RaftServerImpl.java:checkInconsistentAppendEntries(1424)) - omNode-2@group-523986131536: Failed appendEntries as previous log entry ((t:6, i:127)) is not found
2022-08-10 09:22:11,690 [omNode-2-server-thread1] INFO  server.RaftServer$Division (RaftServerImpl.java:checkInconsistentAppendEntries(1394)) - omNode-2@group-523986131536: inconsistency entries. Reply:omNode-3<-omNode-2#434:FAIL-t6,INCONSISTENCY,nextIndex=57,followerCommit=56
2022-08-10 09:22:11,702 [omNode-2-server-thread1] INFO  server.RaftServer$Division (RaftServerImpl.java:checkInconsistentAppendEntries(1424)) - omNode-2@group-523986131536: Failed appendEntries as previous log entry ((t:6, i:128)) is not found
2022-08-10 09:22:11,702 [omNode-2-server-thread1] INFO  server.RaftServer$Division (RaftServerImpl.java:checkInconsistentAppendEntries(1394)) - omNode-2@group-523986131536: inconsistency entries. Reply:omNode-3<-omNode-2#437:FAIL-t6,INCONSISTENCY,nextIndex=57,followerCommit=56
2022-08-10 09:22:11,710 [omNode-2-server-thread1] INFO  server.RaftServer$Division (RaftServerImpl.java:checkInconsistentAppendEntries(1424)) - omNode-2@group-523986131536: Failed appendEntries as previous log entry ((t:6, i:129)) is not found
2022-08-10 09:22:11,710 [omNode-2-server-thread1] INFO  server.RaftServer$Division (RaftServerImpl.java:checkInconsistentAppendEntries(1394)) - omNode-2@group-523986131536: inconsistency entries. Reply:omNode-3<-omNode-2#439:FAIL-t6,INCONSISTENCY,nextIndex=57,followerCommit=56
2022-08-10 09:22:11,731 [omNode-2-server-thread1] INFO  server.RaftServer$Division (RaftServerImpl.java:checkInconsistentAppendEntries(1424)) - omNode-2@group-523986131536: Failed appendEntries as previous log entry ((t:6, i:130)) is not found
2022-08-10 09:22:11,732 [omNode-2-server-thread1] INFO  server.RaftServer$Division (RaftServerImpl.java:checkInconsistentAppendEntries(1394)) - omNode-2@group-523986131536: inconsistency entries. Reply:omNode-3<-omNode-2#442:FAIL-t6,INCONSISTENCY,nextIndex=57,followerCommit=56
2022-08-10 09:22:11,744 [omNode-2-server-thread1] INFO  server.RaftServer$Division (RaftServerImpl.java:checkInconsistentAppendEntries(1424)) - omNode-2@group-523986131536: Failed appendEntries as previous log entry ((t:6, i:131)) is not found
2022-08-10 09:22:11,744 [omNode-2-server-thread1] INFO  server.RaftServer$Division (RaftServerImpl.java:checkInconsistentAppendEntries(1394)) - omNode-2@group-523986131536: inconsistency entries. Reply:omNode-3<-omNode-2#444:FAIL-t6,INCONSISTENCY,nextIndex=57,followerCommit=56
2022-08-10 09:22:11,761 [omNode-2-server-thread1] INFO  server.RaftServer$Division (RaftServerImpl.java:checkInconsistentAppendEntries(1424)) - omNode-2@group-523986131536: Failed appendEntries as previous log entry ((t:6, i:132)) is not found
2022-08-10 09:22:11,761 [omNode-2-server-thread1] INFO  server.RaftServer$Division (RaftServerImpl.java:checkInconsistentAppendEntries(1394)) - omNode-2@group-523986131536: inconsistency entries. Reply:omNode-3<-omNode-2#448:FAIL-t6,INCONSISTENCY,nextIndex=57,followerCommit=56
2022-08-10 09:22:11,766 [omNode-2-server-thread1] INFO  server.RaftServer$Division (RaftServerImpl.java:checkInconsistentAppendEntries(1424)) - omNode-2@group-523986131536: Failed appendEntries as previous log entry ((t:6, i:133)) is not found
2022-08-10 09:22:11,766 [omNode-2-server-thread1] INFO  server.RaftServer$Division (RaftServerImpl.java:checkInconsistentAppendEntries(1394)) - omNode-2@group-523986131536: inconsistency entries. Reply:omNode-3<-omNode-2#450:FAIL-t6,INCONSISTENCY,nextIndex=57,followerCommit=56
2022-08-10 09:22:11,789 [omNode-2-server-thread1] INFO  server.RaftServer$Division (RaftServerImpl.java:checkInconsistentAppendEntries(1424)) - omNode-2@group-523986131536: Failed appendEntries as previous log entry ((t:6, i:134)) is not found
2022-08-10 09:22:11,789 [omNode-2-server-thread1] INFO  server.RaftServer$Division (RaftServerImpl.java:checkInconsistentAppendEntries(1394)) - omNode-2@group-523986131536: inconsistency entries. Reply:omNode-3<-omNode-2#455:FAIL-t6,INCONSISTENCY,nextIndex=57,followerCommit=56
2022-08-10 09:22:11,793 [omNode-2-server-thread1] INFO  server.RaftServer$Division (RaftServerImpl.java:checkInconsistentAppendEntries(1424)) - omNode-2@group-523986131536: Failed appendEntries as previous log entry ((t:6, i:135)) is not found
2022-08-10 09:22:11,793 [omNode-2-server-thread1] INFO  server.RaftServer$Division (RaftServerImpl.java:checkInconsistentAppendEntries(1394)) - omNode-2@group-523986131536: inconsistency entries. Reply:omNode-3<-omNode-2#457:FAIL-t6,INCONSISTENCY,nextIndex=57,followerCommit=56
2022-08-10 09:22:11,816 [omNode-2-server-thread1] INFO  server.RaftServer$Division (RaftServerImpl.java:checkInconsistentAppendEntries(1424)) - omNode-2@group-523986131536: Failed appendEntries as previous log entry ((t:6, i:136)) is not found
2022-08-10 09:22:11,817 [omNode-2-server-thread1] INFO  server.RaftServer$Division (RaftServerImpl.java:checkInconsistentAppendEntries(1394)) - omNode-2@group-523986131536: inconsistency entries. Reply:omNode-3<-omNode-2#461:FAIL-t6,INCONSISTENCY,nextIndex=57,followerCommit=56
2022-08-10 09:22:11,821 [omNode-2-server-thread1] INFO  server.RaftServer$Division (RaftServerImpl.java:checkInconsistentAppendEntries(1424)) - omNode-2@group-523986131536: Failed appendEntries as previous log entry ((t:6, i:137)) is not found
2022-08-10 09:22:11,821 [omNode-2-server-thread1] INFO  server.RaftServer$Division (RaftServerImpl.java:checkInconsistentAppendEntries(1394)) - omNode-2@group-523986131536: inconsistency entries. Reply:omNode-3<-omNode-2#463:FAIL-t6,INCONSISTENCY,nextIndex=57,followerCommit=56
2022-08-10 09:22:11,839 [omNode-2-server-thread1] INFO  server.RaftServer$Division (RaftServerImpl.java:checkInconsistentAppendEntries(1424)) - omNode-2@group-523986131536: Failed appendEntries as previous log entry ((t:6, i:138)) is not found
2022-08-10 09:22:11,839 [omNode-2-server-thread1] INFO  server.RaftServer$Division (RaftServerImpl.java:checkInconsistentAppendEntries(1394)) - omNode-2@group-523986131536: inconsistency entries. Reply:omNode-3<-omNode-2#467:FAIL-t6,INCONSISTENCY,nextIndex=57,followerCommit=56
2022-08-10 09:22:11,844 [omNode-2-server-thread1] INFO  server.RaftServer$Division (RaftServerImpl.java:checkInconsistentAppendEntries(1424)) - omNode-2@group-523986131536: Failed appendEntries as previous log entry ((t:6, i:139)) is not found
2022-08-10 09:22:11,844 [omNode-2-server-thread1] INFO  server.RaftServer$Division (RaftServerImpl.java:checkInconsistentAppendEntries(1394)) - omNode-2@group-523986131536: inconsistency entries. Reply:omNode-3<-omNode-2#469:FAIL-t6,INCONSISTENCY,nextIndex=57,followerCommit=56
2022-08-10 09:22:11,856 [omNode-2-server-thread1] INFO  server.RaftServer$Division (RaftServerImpl.java:checkInconsistentAppendEntries(1424)) - omNode-2@group-523986131536: Failed appendEntries as previous log entry ((t:6, i:140)) is not found
2022-08-10 09:22:11,856 [omNode-2-server-thread1] INFO  server.RaftServer$Division (RaftServerImpl.java:checkInconsistentAppendEntries(1394)) - omNode-2@group-523986131536: inconsistency entries. Reply:omNode-3<-omNode-2#472:FAIL-t6,INCONSISTENCY,nextIndex=57,followerCommit=56
2022-08-10 09:22:11,860 [omNode-2-server-thread1] INFO  server.RaftServer$Division (RaftServerImpl.java:checkInconsistentAppendEntries(1424)) - omNode-2@group-523986131536: Failed appendEntries as previous log entry ((t:6, i:141)) is not found
2022-08-10 09:22:11,861 [omNode-2-server-thread1] INFO  server.RaftServer$Division (RaftServerImpl.java:checkInconsistentAppendEntries(1394)) - omNode-2@group-523986131536: inconsistency entries. Reply:omNode-3<-omNode-2#474:FAIL-t6,INCONSISTENCY,nextIndex=57,followerCommit=56
2022-08-10 09:22:11,865 [omNode-2-server-thread1] INFO  server.RaftServer$Division (RaftServerImpl.java:checkInconsistentAppendEntries(1424)) - omNode-2@group-523986131536: Failed appendEntries as previous log entry ((t:6, i:142)) is not found
2022-08-10 09:22:11,865 [omNode-2-server-thread1] INFO  server.RaftServer$Division (RaftServerImpl.java:checkInconsistentAppendEntries(1394)) - omNode-2@group-523986131536: inconsistency entries. Reply:omNode-3<-omNode-2#475:FAIL-t6,INCONSISTENCY,nextIndex=57,followerCommit=56
2022-08-10 09:22:11,866 [grpc-default-executor-2] INFO  leader.FollowerInfo (FollowerInfoImpl.java:lambda$new$0(48)) - omNode-3@group-523986131536->omNode-2: nextIndex: updateUnconditionally 143 -> 57
2022-08-10 09:22:11,867 [omNode-3@group-523986131536->omNode-2-GrpcLogAppender-LogAppenderDaemon] INFO  server.GrpcLogAppender (GrpcLogAppender.java:installSnapshot(541)) - omNode-3@group-523986131536->omNode-2-GrpcLogAppender: followerNextIndex = 57 but logStartIndex = 59, notify follower to install snapshot-(t:6, i:59)
2022-08-10 09:22:11,867 [omNode-3@group-523986131536->omNode-2-GrpcLogAppender-LogAppenderDaemon] INFO  server.GrpcLogAppender (GrpcLogAppender.java:installSnapshot(549)) - omNode-3@group-523986131536->omNode-2-GrpcLogAppender: send omNode-3->omNode-2#0-t6,notify:(t:6, i:59)
2022-08-10 09:22:11,870 [grpc-default-executor-2] INFO  impl.SnapshotInstallationHandler (SnapshotInstallationHandler.java:installSnapshot(84)) - omNode-2@group-523986131536: receive installSnapshot: omNode-3->omNode-2#0-t6,notify:(t:6, i:59)
2022-08-10 09:22:11,870 [grpc-default-executor-2] INFO  impl.SnapshotInstallationHandler (SnapshotInstallationHandler.java:notifyStateMachineToInstallSnapshot(215)) - omNode-2@group-523986131536: Received notification to install snapshot at index 59
2022-08-10 09:22:11,875 [OM StateMachine ApplyTransaction Thread - 0] ERROR key.OMKeysDeleteRequest (OMKeysDeleteRequest.java:validateAndUpdateCache(146)) - Received a request to delete a Key does not exist /volume47388/f449faa9-e218-48a8-87e4-534fc4ff8d62/dir/file3
2022-08-10 09:22:11,877 [grpc-default-executor-2] INFO  impl.SnapshotInstallationHandler (SnapshotInstallationHandler.java:notifyStateMachineToInstallSnapshot(248)) - omNode-2@group-523986131536: notifyInstallSnapshot: nextIndex is 57 but the leader's first available index is 59.
2022-08-10 09:22:11,877 [grpc-default-executor-2] INFO  ratis.OzoneManagerStateMachine (OzoneManagerStateMachine.java:notifyInstallSnapshotFromLeader(470)) - Received install snapshot notification from OM leader: omNode-3 with term index: (t:6, i:59)
2022-08-10 09:22:11,879 [Listener at localhost/38141] INFO  om.OzoneManager (OzoneManager.java:stop(2022)) - omNode-3[localhost:36235]: Stopping Ozone Manager
2022-08-10 09:22:11,880 [Listener at localhost/38141] INFO  ipc.Server (Server.java:stop(3414)) - Stopping server on 36235
2022-08-10 09:22:11,879 [OM StateMachine ApplyTransaction Thread - 0] ERROR key.OMKeysDeleteRequest (OMKeysDeleteRequest.java:validateAndUpdateCache(146)) - Received a request to delete a Key does not exist /volume47388/f449faa9-e218-48a8-87e4-534fc4ff8d62/dir/file3
2022-08-10 09:22:11,886 [grpc-default-executor-2] INFO  impl.SnapshotInstallationHandler (SnapshotInstallationHandler.java:installSnapshot(95)) - omNode-2@group-523986131536: reply installSnapshot: omNode-3<-omNode-2#0:FAIL-t6,IN_PROGRESS
2022-08-10 09:22:11,886 [IPC Server listener on 36235] INFO  ipc.Server (Server.java:run(1376)) - Stopping IPC Server listener on 36235
2022-08-10 09:22:11,886 [IPC Server Responder] INFO  ipc.Server (Server.java:run(1512)) - Stopping IPC Server Responder
2022-08-10 09:22:11,887 [Listener at localhost/38141] INFO  server.RaftServer (RaftServerProxy.java:lambda$close$7(398)) - omNode-3: close
2022-08-10 09:22:11,887 [Listener at localhost/38141] INFO  server.RaftServer$Division (RaftServerImpl.java:lambda$close$4(434)) - omNode-3@group-523986131536: shutdown
2022-08-10 09:22:11,887 [Listener at localhost/38141] INFO  util.JmxRegister (JmxRegister.java:unregister(73)) - Successfully un-registered JMX Bean with object name Ratis:service=RaftServer,group=group-523986131536,id=omNode-3
2022-08-10 09:22:11,887 [Listener at localhost/38141] INFO  impl.RoleInfo (RoleInfo.java:shutdownLeaderState(93)) - omNode-3: shutdown omNode-3@group-523986131536-LeaderStateImpl
2022-08-10 09:22:11,888 [Listener at localhost/38141] INFO  impl.PendingRequests (PendingRequests.java:sendNotLeaderResponses(282)) - omNode-3@group-523986131536-PendingRequests: sendNotLeaderResponses
2022-08-10 09:22:11,887 [grpc-default-executor-1] INFO  server.GrpcLogAppender (GrpcLogAppender.java:onNext(403)) - omNode-3@group-523986131536->omNode-2-InstallSnapshotResponseHandler: received a reply omNode-3<-omNode-2#0:FAIL-t6,IN_PROGRESS
2022-08-10 09:22:11,889 [grpc-default-executor-1] INFO  server.GrpcLogAppender (GrpcLogAppender.java:onNext(421)) - omNode-3@group-523986131536->omNode-2-InstallSnapshotResponseHandler: InstallSnapshot in progress.
2022-08-10 09:22:11,888 [omNode-3@group-523986131536->omNode-1-GrpcLogAppender-LogAppenderDaemon] WARN  server.GrpcLogAppender (GrpcLogAppender.java:mayWait(171)) - omNode-3@group-523986131536->omNode-1-GrpcLogAppender: Wait interrupted by java.lang.InterruptedException
2022-08-10 09:22:11,887 [grpc-default-executor-2] INFO  server.GrpcServerProtocolService (GrpcServerProtocolService.java:onCompleted(140)) - omNode-2: Completed INSTALL_SNAPSHOT, lastRequest: omNode-3->omNode-2#0-t6,notify:(t:6, i:59)
2022-08-10 09:22:11,892 [grpc-default-executor-1] INFO  server.GrpcServerProtocolService (GrpcServerProtocolService.java:onCompleted(140)) - omNode-2: Completed APPEND_ENTRIES, lastRequest: omNode-3->omNode-2#474-t6,previous=(t:6, i:141),leaderCommit=141,initializing? false,entries: size=1, first=(t:6, i:142), METADATAENTRY(c:141)
2022-08-10 09:22:11,894 [grpc-default-executor-0] INFO  server.GrpcServerProtocolService (GrpcServerProtocolService.java:onCompleted(140)) - omNode-1: Completed APPEND_ENTRIES, lastRequest: omNode-3->omNode-1#262-t6,previous=(t:6, i:143),leaderCommit=143,initializing? true,entries: size=1, first=(t:6, i:144), METADATAENTRY(c:143)
2022-08-10 09:22:11,892 [Listener at localhost/38141] INFO  impl.StateMachineUpdater (StateMachineUpdater.java:stopAndJoin(153)) - omNode-3@group-523986131536-StateMachineUpdater: set stopIndex = 144
2022-08-10 09:22:11,892 [omNode-3@group-523986131536-StateMachineUpdater] INFO  ratis.OzoneManagerStateMachine (OzoneManagerStateMachine.java:takeSnapshot(441)) - Current Snapshot Index (t:6, i:144)
2022-08-10 09:22:11,895 [grpc-default-executor-1] INFO  server.GrpcLogAppender (GrpcLogAppender.java:onCompleted(339)) - omNode-3@group-523986131536->omNode-2-AppendLogResponseHandler: follower responses appendEntries COMPLETED
2022-08-10 09:22:11,897 [grpc-default-executor-3] INFO  server.GrpcLogAppender (GrpcLogAppender.java:onCompleted(339)) - omNode-3@group-523986131536->omNode-1-AppendLogResponseHandler: follower responses appendEntries COMPLETED
2022-08-10 09:22:11,897 [omNode-3@group-523986131536-StateMachineUpdater] INFO  impl.StateMachineUpdater (StateMachineUpdater.java:takeSnapshot(287)) - omNode-3@group-523986131536-StateMachineUpdater: Took a snapshot at index 144
2022-08-10 09:22:11,897 [omNode-3@group-523986131536-StateMachineUpdater] INFO  impl.StateMachineUpdater (StateMachineUpdater.java:lambda$new$0(92)) - omNode-3@group-523986131536-StateMachineUpdater: snapshotIndex: updateIncreasingly 108 -> 144
2022-08-10 09:22:11,897 [omNode-3@group-523986131536-StateMachineUpdater] INFO  raftlog.RaftLog (RaftLogBase.java:purge(308)) - omNode-3@group-523986131536-SegmentedRaftLog: purge 144
2022-08-10 09:22:11,897 [omNode-3@group-523986131536-StateMachineUpdater] INFO  raftlog.RaftLog (RaftLogBase.java:lambda$new$0(53)) - omNode-3@group-523986131536-SegmentedRaftLog: snapshotIndex: updateIncreasingly 108 -> 144
2022-08-10 09:22:11,897 [omNode-3@group-523986131536-StateMachineUpdater] INFO  raftlog.RaftLog (RaftLogBase.java:lambda$new$0(53)) - omNode-3@group-523986131536-SegmentedRaftLog: purgeIndex: updateToMax old=58, new=144, updated? true
2022-08-10 09:22:11,897 [omNode-3@group-523986131536-StateMachineUpdater] INFO  ratis.OzoneManagerStateMachine (OzoneManagerStateMachine.java:close(495)) - StateMachine has shutdown. Shutdown OzoneManager if not already shutdown.
2022-08-10 09:22:11,897 [omNode-3@group-523986131536-StateMachineUpdater] INFO  ratis.OzoneManagerDoubleBuffer (OzoneManagerDoubleBuffer.java:stop(466)) - Stopping OMDoubleBuffer flush thread
2022-08-10 09:22:11,893 [pool-362-thread-1] INFO  om.OzoneManager (OzoneManager.java:getDBCheckpointFromLeader(3803)) - Downloading checkpoint from leader OM omNode-3 and reloading state from the checkpoint.
2022-08-10 09:22:11,898 [OMDoubleBufferFlushThread] INFO  ratis.OzoneManagerDoubleBuffer (OzoneManagerDoubleBuffer.java:flushTransactions(385)) - OMDoubleBuffer flush thread OMDoubleBufferFlushThread is interrupted and will exit.
2022-08-10 09:22:11,897 [grpc-default-executor-1] INFO  leader.FollowerInfo (FollowerInfoImpl.java:lambda$new$0(48)) - omNode-3@group-523986131536->omNode-2: nextIndex: updateUnconditionally 57 -> 56
2022-08-10 09:22:11,899 [pool-362-thread-1] INFO  snapshot.OzoneManagerSnapshotProvider (OzoneManagerSnapshotProvider.java:getOzoneManagerDBSnapshot(122)) - Downloading latest checkpoint from Leader OM omNode-3. Checkpoint URL: http://127.0.0.1:34027/dbCheckpoint?flushBeforeCheckpoint=true
2022-08-10 09:22:11,899 [Listener at localhost/38141] INFO  server.RaftServer$Division (ServerState.java:close(429)) - omNode-3@group-523986131536: closes. applyIndex: 144
2022-08-10 09:22:11,899 [grpc-default-executor-3] INFO  leader.FollowerInfo (FollowerInfoImpl.java:lambda$new$0(48)) - omNode-3@group-523986131536->omNode-1: nextIndex: updateUnconditionally 145 -> 144
2022-08-10 09:22:11,899 [omNode-3@group-523986131536-SegmentedRaftLogWorker] INFO  segmented.SegmentedRaftLogWorker (SegmentedRaftLogWorker.java:run(336)) - omNode-3@group-523986131536-SegmentedRaftLogWorker was interrupted, exiting. There are 0 tasks remaining in the queue.
2022-08-10 09:22:11,901 [Listener at localhost/38141] INFO  segmented.SegmentedRaftLogWorker (SegmentedRaftLogWorker.java:close(246)) - omNode-3@group-523986131536-SegmentedRaftLogWorker close()
2022-08-10 09:22:11,904 [Listener at localhost/38141] INFO  server.GrpcService (GrpcService.java:closeImpl(269)) - omNode-3: shutdown server with port 34947 now
2022-08-10 09:22:12,018 [qtp1528496614-1046] INFO  utils.DBCheckpointServlet (DBCheckpointServlet.java:doGet(110)) - Received request to obtain DB checkpoint snapshot
2022-08-10 09:22:12,051 [qtp1528496614-1046] INFO  db.RDBCheckpointManager (RDBCheckpointManager.java:createCheckpoint(80)) - Created checkpoint at /home/runner/work/ozone/ozone/hadoop-ozone/integration-test/target/test-dir/MiniOzoneClusterImpl-5b46f7b7-15cd-42ca-88c0-c813cff626ca/omNode-3/db.checkpoints/om.db_checkpoint_1660123332021 in 30 milliseconds
2022-08-10 09:22:12,101 [qtp1528496614-1046] INFO  utils.DBCheckpointServlet (DBCheckpointServlet.java:doGet(183)) - Time taken to write the checkpoint to response output stream: 48 milliseconds
2022-08-10 09:22:12,101 [qtp1528496614-1046] INFO  db.RocksDBCheckpoint (RocksDBCheckpoint.java:cleanupCheckpoint(78)) - Cleaning up RocksDB checkpoint at /home/runner/work/ozone/ozone/hadoop-ozone/integration-test/target/test-dir/MiniOzoneClusterImpl-5b46f7b7-15cd-42ca-88c0-c813cff626ca/omNode-3/db.checkpoints/om.db_checkpoint_1660123332021
2022-08-10 09:22:12,148 [pool-362-thread-1] INFO  snapshot.OzoneManagerSnapshotProvider (OzoneManagerSnapshotProvider.java:getOzoneManagerDBSnapshot(154)) - Successfully downloaded latest checkpoint from leader OM: omNode-3
2022-08-10 09:22:12,149 [pool-362-thread-1] INFO  om.OzoneManager (OzoneManager.java:installSnapshotFromLeader(3620)) - Downloaded checkpoint from Leader omNode-3 to the location /home/runner/work/ozone/ozone/hadoop-ozone/integration-test/target/test-dir/MiniOzoneClusterImpl-5b46f7b7-15cd-42ca-88c0-c813cff626ca/omNode-2/snapshot/om.db-omNode-3-1660123331898
2022-08-10 09:22:12,150 [pool-362-thread-1] INFO  codec.RepeatedOmKeyInfoCodec (RepeatedOmKeyInfoCodec.java:<init>(41)) - RepeatedOmKeyInfoCodec ignorePipeline = true
2022-08-10 09:22:12,151 [pool-362-thread-1] INFO  codec.OmKeyInfoCodec (OmKeyInfoCodec.java:<init>(49)) - OmKeyInfoCodec ignorePipeline = true
2022-08-10 09:22:12,152 [pool-362-thread-1] INFO  codec.OmKeyInfoCodec (OmKeyInfoCodec.java:<init>(49)) - OmKeyInfoCodec ignorePipeline = true
2022-08-10 09:22:12,152 [pool-362-thread-1] INFO  codec.OmKeyInfoCodec (OmKeyInfoCodec.java:<init>(49)) - OmKeyInfoCodec ignorePipeline = true
2022-08-10 09:22:12,152 [pool-362-thread-1] INFO  codec.OmKeyInfoCodec (OmKeyInfoCodec.java:<init>(49)) - OmKeyInfoCodec ignorePipeline = true
2022-08-10 09:22:12,152 [pool-362-thread-1] INFO  codec.OmKeyInfoCodec (OmKeyInfoCodec.java:<init>(49)) - OmKeyInfoCodec ignorePipeline = true
2022-08-10 09:22:12,214 [pool-362-thread-1] INFO  om.OzoneManager (OzoneManager.java:installCheckpoint(3645)) - Installing checkpoint with OMTransactionInfo 6#144
2022-08-10 09:22:12,215 [pool-362-thread-1] INFO  ratis.OzoneManagerStateMachine (OzoneManagerStateMachine.java:pause(389)) - OzoneManagerStateMachine is pausing
2022-08-10 09:22:12,215 [pool-362-thread-1] INFO  ratis.OzoneManagerDoubleBuffer (OzoneManagerDoubleBuffer.java:stop(466)) - Stopping OMDoubleBuffer flush thread
2022-08-10 09:22:12,216 [OMDoubleBufferFlushThread] INFO  ratis.OzoneManagerDoubleBuffer (OzoneManagerDoubleBuffer.java:flushTransactions(385)) - OMDoubleBuffer flush thread OMDoubleBufferFlushThread is interrupted and will exit.
2022-08-10 09:22:12,217 [pool-362-thread-1] INFO  ipc.Server (Server.java:stop(3414)) - Stopping server on 38141
2022-08-10 09:22:12,220 [IPC Server listener on 38141] INFO  ipc.Server (Server.java:run(1376)) - Stopping IPC Server listener on 38141
2022-08-10 09:22:12,224 [IPC Server Responder] INFO  ipc.Server (Server.java:run(1512)) - Stopping IPC Server Responder
2022-08-10 09:22:12,225 [pool-362-thread-1] INFO  om.OzoneManager (OzoneManager.java:installCheckpoint(3696)) - RPC server is stopped. Spend 8 ms.
2022-08-10 09:22:12,226 [pool-362-thread-1] INFO  om.OzoneManager (OzoneManager.java:installCheckpoint(3703)) - metadataManager is stopped. Spend 2 ms.
2022-08-10 09:22:12,235 [pool-362-thread-1] INFO  om.OzoneManager (OzoneManager.java:installCheckpoint(3717)) - Replaced DB with checkpoint from OM: omNode-3, term: 6, index: 144, time: 8 ms
2022-08-10 09:22:12,236 [pool-362-thread-1] WARN  server.ServerUtils (ServerUtils.java:getDBPath(225)) - ozone.om.db.dirs is not configured. We recommend adding this setting. Falling back to ozone.metadata.dirs instead.
2022-08-10 09:22:12,237 [pool-362-thread-1] INFO  codec.OmKeyInfoCodec (OmKeyInfoCodec.java:<init>(49)) - OmKeyInfoCodec ignorePipeline = true
2022-08-10 09:22:12,237 [pool-362-thread-1] INFO  codec.RepeatedOmKeyInfoCodec (RepeatedOmKeyInfoCodec.java:<init>(41)) - RepeatedOmKeyInfoCodec ignorePipeline = true
2022-08-10 09:22:12,283 [pool-362-thread-1] INFO  om.OzoneManager (OzoneManager.java:instantiateServices(697)) - S3 Multi-Tenancy is disabled
2022-08-10 09:22:12,287 [pool-362-thread-1] INFO  om.OzoneManager (OzoneManager.java:startTrashEmptier(1907)) - Trash Interval set to 0. Files deleted won't move to trash
2022-08-10 09:22:12,288 [pool-362-thread-1] INFO  ratis.OzoneManagerStateMachine (OzoneManagerStateMachine.java:unpause(406)) - OzoneManagerStateMachine is un-pausing
2022-08-10 09:22:12,289 [pool-362-thread-1] INFO  om.OzoneManager (OzoneManager.java:installCheckpoint(3739)) - Reloaded OM state with Term: 6 and Index: 144. Spend 54 ms
2022-08-10 09:22:12,289 [pool-362-thread-1] INFO  om.OzoneManager (OzoneManager.java:getRpcServer(1086)) - Creating RPC Server
2022-08-10 09:22:12,602 [Finalizer] WARN  managed.ManagedRocksObjectUtils (ManagedRocksObjectUtils.java:assertClosed(39)) - ManagedDBOptions is not closed properly
2022-08-10 09:22:12,603 [Finalizer] WARN  managed.ManagedRocksObjectUtils (ManagedRocksObjectUtils.java:assertClosed(39)) - ManagedColumnFamilyOptions is not closed properly
2022-08-10 09:22:12,603 [Finalizer] WARN  managed.ManagedRocksObjectUtils (ManagedRocksObjectUtils.java:assertClosed(39)) - ManagedLRUCache is not closed properly
2022-08-10 09:22:12,603 [Finalizer] WARN  managed.ManagedRocksObjectUtils (ManagedRocksObjectUtils.java:assertClosed(39)) - ManagedBloomFilter is not closed properly
2022-08-10 09:22:12,603 [Finalizer] WARN  managed.ManagedRocksObjectUtils (ManagedRocksObjectUtils.java:assertClosed(39)) - ManagedDBOptions is not closed properly
2022-08-10 09:22:12,603 [Finalizer] WARN  managed.ManagedRocksObjectUtils (ManagedRocksObjectUtils.java:assertClosed(39)) - ManagedColumnFamilyOptions is not closed properly
2022-08-10 09:22:12,603 [Finalizer] WARN  managed.ManagedRocksObjectUtils (ManagedRocksObjectUtils.java:assertClosed(39)) - ManagedLRUCache is not closed properly
2022-08-10 09:22:12,603 [Finalizer] WARN  managed.ManagedRocksObjectUtils (ManagedRocksObjectUtils.java:assertClosed(39)) - ManagedBloomFilter is not closed properly
2022-08-10 09:22:12,603 [Finalizer] WARN  managed.ManagedRocksObjectUtils (ManagedRocksObjectUtils.java:assertClosed(39)) - ManagedDBOptions is not closed properly
2022-08-10 09:22:12,603 [Finalizer] WARN  managed.ManagedRocksObjectUtils (ManagedRocksObjectUtils.java:assertClosed(39)) - ManagedColumnFamilyOptions is not closed properly
2022-08-10 09:22:12,603 [Finalizer] WARN  managed.ManagedRocksObjectUtils (ManagedRocksObjectUtils.java:assertClosed(39)) - ManagedLRUCache is not closed properly
2022-08-10 09:22:12,603 [Finalizer] WARN  managed.ManagedRocksObjectUtils (ManagedRocksObjectUtils.java:assertClosed(39)) - ManagedBloomFilter is not closed properly
2022-08-10 09:22:12,603 [Finalizer] WARN  managed.ManagedRocksObjectUtils (ManagedRocksObjectUtils.java:assertClosed(39)) - ManagedDBOptions is not closed properly
2022-08-10 09:22:12,603 [Finalizer] WARN  managed.ManagedRocksObjectUtils (ManagedRocksObjectUtils.java:assertClosed(39)) - ManagedColumnFamilyOptions is not closed properly
2022-08-10 09:22:12,603 [Finalizer] WARN  managed.ManagedRocksObjectUtils (ManagedRocksObjectUtils.java:assertClosed(39)) - ManagedLRUCache is not closed properly
2022-08-10 09:22:12,603 [Finalizer] WARN  managed.ManagedRocksObjectUtils (ManagedRocksObjectUtils.java:assertClosed(39)) - ManagedBloomFilter is not closed properly
2022-08-10 09:22:12,604 [Finalizer] WARN  managed.ManagedRocksObjectUtils (ManagedRocksObjectUtils.java:assertClosed(39)) - ManagedDBOptions is not closed properly
2022-08-10 09:22:12,604 [Finalizer] WARN  managed.ManagedRocksObjectUtils (ManagedRocksObjectUtils.java:assertClosed(39)) - ManagedColumnFamilyOptions is not closed properly
2022-08-10 09:22:12,604 [Finalizer] WARN  managed.ManagedRocksObjectUtils (ManagedRocksObjectUtils.java:assertClosed(39)) - ManagedLRUCache is not closed properly
2022-08-10 09:22:12,604 [Finalizer] WARN  managed.ManagedRocksObjectUtils (ManagedRocksObjectUtils.java:assertClosed(39)) - ManagedBloomFilter is not closed properly
2022-08-10 09:22:12,604 [Finalizer] WARN  managed.ManagedRocksObjectUtils (ManagedRocksObjectUtils.java:assertClosed(39)) - ManagedDBOptions is not closed properly
2022-08-10 09:22:12,604 [Finalizer] WARN  managed.ManagedRocksObjectUtils (ManagedRocksObjectUtils.java:assertClosed(39)) - ManagedColumnFamilyOptions is not closed properly
2022-08-10 09:22:12,604 [Finalizer] WARN  managed.ManagedRocksObjectUtils (ManagedRocksObjectUtils.java:assertClosed(39)) - ManagedLRUCache is not closed properly
2022-08-10 09:22:12,604 [Finalizer] WARN  managed.ManagedRocksObjectUtils (ManagedRocksObjectUtils.java:assertClosed(39)) - ManagedBloomFilter is not closed properly
2022-08-10 09:22:12,605 [Finalizer] WARN  managed.ManagedRocksObjectUtils (ManagedRocksObjectUtils.java:assertClosed(39)) - ManagedColumnFamilyOptions is not closed properly
2022-08-10 09:22:12,605 [Finalizer] WARN  managed.ManagedRocksObjectUtils (ManagedRocksObjectUtils.java:assertClosed(39)) - ManagedLRUCache is not closed properly
2022-08-10 09:22:12,605 [Finalizer] WARN  managed.ManagedRocksObjectUtils (ManagedRocksObjectUtils.java:assertClosed(39)) - ManagedBloomFilter is not closed properly
2022-08-10 09:22:12,605 [Finalizer] WARN  managed.ManagedRocksObjectUtils (ManagedRocksObjectUtils.java:assertClosed(39)) - ManagedColumnFamilyOptions is not closed properly
2022-08-10 09:22:12,605 [Finalizer] WARN  managed.ManagedRocksObjectUtils (ManagedRocksObjectUtils.java:assertClosed(39)) - ManagedColumnFamilyOptions is not closed properly
2022-08-10 09:22:12,605 [Finalizer] WARN  managed.ManagedRocksObjectUtils (ManagedRocksObjectUtils.java:assertClosed(39)) - ManagedColumnFamilyOptions is not closed properly
2022-08-10 09:22:12,605 [Finalizer] WARN  managed.ManagedRocksObjectUtils (ManagedRocksObjectUtils.java:assertClosed(39)) - ManagedColumnFamilyOptions is not closed properly
2022-08-10 09:22:12,605 [Finalizer] WARN  managed.ManagedRocksObjectUtils (ManagedRocksObjectUtils.java:assertClosed(39)) - ManagedColumnFamilyOptions is not closed properly
2022-08-10 09:22:12,605 [Finalizer] WARN  managed.ManagedRocksObjectUtils (ManagedRocksObjectUtils.java:assertClosed(39)) - ManagedColumnFamilyOptions is not closed properly
2022-08-10 09:22:12,605 [Finalizer] WARN  managed.ManagedRocksObjectUtils (ManagedRocksObjectUtils.java:assertClosed(39)) - ManagedColumnFamilyOptions is not closed properly
2022-08-10 09:22:12,605 [Finalizer] WARN  managed.ManagedRocksObjectUtils (ManagedRocksObjectUtils.java:assertClosed(39)) - ManagedColumnFamilyOptions is not closed properly
2022-08-10 09:22:12,605 [Finalizer] WARN  managed.ManagedRocksObjectUtils (ManagedRocksObjectUtils.java:assertClosed(39)) - ManagedColumnFamilyOptions is not closed properly
2022-08-10 09:22:12,605 [Finalizer] WARN  managed.ManagedRocksObjectUtils (ManagedRocksObjectUtils.java:assertClosed(39)) - ManagedColumnFamilyOptions is not closed properly
2022-08-10 09:22:12,605 [Finalizer] WARN  managed.ManagedRocksObjectUtils (ManagedRocksObjectUtils.java:assertClosed(39)) - ManagedColumnFamilyOptions is not closed properly
2022-08-10 09:22:12,605 [Finalizer] WARN  managed.ManagedRocksObjectUtils (ManagedRocksObjectUtils.java:assertClosed(39)) - ManagedColumnFamilyOptions is not closed properly
2022-08-10 09:22:12,605 [Finalizer] WARN  managed.ManagedRocksObjectUtils (ManagedRocksObjectUtils.java:assertClosed(39)) - ManagedColumnFamilyOptions is not closed properly
2022-08-10 09:22:12,605 [Finalizer] WARN  managed.ManagedRocksObjectUtils (ManagedRocksObjectUtils.java:assertClosed(39)) - ManagedColumnFamilyOptions is not closed properly
2022-08-10 09:22:12,605 [Finalizer] WARN  managed.ManagedRocksObjectUtils (ManagedRocksObjectUtils.java:assertClosed(39)) - ManagedColumnFamilyOptions is not closed properly
2022-08-10 09:22:12,605 [Finalizer] WARN  managed.ManagedRocksObjectUtils (ManagedRocksObjectUtils.java:assertClosed(39)) - ManagedColumnFamilyOptions is not closed properly
2022-08-10 09:22:12,605 [Finalizer] WARN  managed.ManagedRocksObjectUtils (ManagedRocksObjectUtils.java:assertClosed(39)) - ManagedColumnFamilyOptions is not closed properly
2022-08-10 09:22:12,605 [Finalizer] WARN  managed.ManagedRocksObjectUtils (ManagedRocksObjectUtils.java:assertClosed(39)) - ManagedColumnFamilyOptions is not closed properly
2022-08-10 09:22:12,605 [Finalizer] WARN  managed.ManagedRocksObjectUtils (ManagedRocksObjectUtils.java:assertClosed(39)) - ManagedColumnFamilyOptions is not closed properly
2022-08-10 09:22:12,605 [Finalizer] WARN  managed.ManagedRocksObjectUtils (ManagedRocksObjectUtils.java:assertClosed(39)) - ManagedColumnFamilyOptions is not closed properly
2022-08-10 09:22:12,605 [Finalizer] WARN  managed.ManagedRocksObjectUtils (ManagedRocksObjectUtils.java:assertClosed(39)) - ManagedColumnFamilyOptions is not closed properly
2022-08-10 09:22:12,605 [Finalizer] WARN  managed.ManagedRocksObjectUtils (ManagedRocksObjectUtils.java:assertClosed(39)) - ManagedLRUCache is not closed properly
2022-08-10 09:22:12,606 [Finalizer] WARN  managed.ManagedRocksObjectUtils (ManagedRocksObjectUtils.java:assertClosed(39)) - ManagedBloomFilter is not closed properly
2022-08-10 09:22:12,606 [Finalizer] WARN  managed.ManagedRocksObjectUtils (ManagedRocksObjectUtils.java:assertClosed(39)) - ManagedColumnFamilyOptions is not closed properly
2022-08-10 09:22:12,606 [Finalizer] WARN  managed.ManagedRocksObjectUtils (ManagedRocksObjectUtils.java:assertClosed(39)) - ManagedLRUCache is not closed properly
2022-08-10 09:22:12,606 [Finalizer] WARN  managed.ManagedRocksObjectUtils (ManagedRocksObjectUtils.java:assertClosed(39)) - ManagedBloomFilter is not closed properly
2022-08-10 09:22:12,606 [Finalizer] WARN  managed.ManagedRocksObjectUtils (ManagedRocksObjectUtils.java:assertClosed(39)) - ManagedColumnFamilyOptions is not closed properly
2022-08-10 09:22:12,606 [Finalizer] WARN  managed.ManagedRocksObjectUtils (ManagedRocksObjectUtils.java:assertClosed(39)) - ManagedLRUCache is not closed properly
2022-08-10 09:22:12,606 [Finalizer] WARN  managed.ManagedRocksObjectUtils (ManagedRocksObjectUtils.java:assertClosed(39)) - ManagedBloomFilter is not closed properly
2022-08-10 09:22:12,606 [Finalizer] WARN  managed.ManagedRocksObjectUtils (ManagedRocksObjectUtils.java:assertClosed(39)) - ManagedColumnFamilyOptions is not closed properly
2022-08-10 09:22:12,606 [Finalizer] WARN  managed.ManagedRocksObjectUtils (ManagedRocksObjectUtils.java:assertClosed(39)) - ManagedLRUCache is not closed properly
2022-08-10 09:22:12,606 [Finalizer] WARN  managed.ManagedRocksObjectUtils (ManagedRocksObjectUtils.java:assertClosed(39)) - ManagedBloomFilter is not closed properly
2022-08-10 09:22:12,606 [Finalizer] WARN  managed.ManagedRocksObjectUtils (ManagedRocksObjectUtils.java:assertClosed(39)) - ManagedColumnFamilyOptions is not closed properly
2022-08-10 09:22:12,606 [Finalizer] WARN  managed.ManagedRocksObjectUtils (ManagedRocksObjectUtils.java:assertClosed(39)) - ManagedLRUCache is not closed properly
2022-08-10 09:22:12,606 [Finalizer] WARN  managed.ManagedRocksObjectUtils (ManagedRocksObjectUtils.java:assertClosed(39)) - ManagedBloomFilter is not closed properly
2022-08-10 09:22:12,606 [Finalizer] WARN  managed.ManagedRocksObjectUtils (ManagedRocksObjectUtils.java:assertClosed(39)) - ManagedColumnFamilyOptions is not closed properly
2022-08-10 09:22:12,606 [Finalizer] WARN  managed.ManagedRocksObjectUtils (ManagedRocksObjectUtils.java:assertClosed(39)) - ManagedLRUCache is not closed properly
2022-08-10 09:22:12,606 [Finalizer] WARN  managed.ManagedRocksObjectUtils (ManagedRocksObjectUtils.java:assertClosed(39)) - ManagedBloomFilter is not closed properly
2022-08-10 09:22:12,606 [Finalizer] WARN  managed.ManagedRocksObjectUtils (ManagedRocksObjectUtils.java:assertClosed(39)) - ManagedColumnFamilyOptions is not closed properly
2022-08-10 09:22:12,606 [Finalizer] WARN  managed.ManagedRocksObjectUtils (ManagedRocksObjectUtils.java:assertClosed(39)) - ManagedLRUCache is not closed properly
2022-08-10 09:22:12,606 [Finalizer] WARN  managed.ManagedRocksObjectUtils (ManagedRocksObjectUtils.java:assertClosed(39)) - ManagedBloomFilter is not closed properly
2022-08-10 09:22:12,606 [Finalizer] WARN  managed.ManagedRocksObjectUtils (ManagedRocksObjectUtils.java:assertClosed(39)) - ManagedColumnFamilyOptions is not closed properly
2022-08-10 09:22:12,606 [Finalizer] WARN  managed.ManagedRocksObjectUtils (ManagedRocksObjectUtils.java:assertClosed(39)) - ManagedLRUCache is not closed properly
2022-08-10 09:22:12,606 [Finalizer] WARN  managed.ManagedRocksObjectUtils (ManagedRocksObjectUtils.java:assertClosed(39)) - ManagedBloomFilter is not closed properly
2022-08-10 09:22:12,606 [Finalizer] WARN  managed.ManagedRocksObjectUtils (ManagedRocksObjectUtils.java:assertClosed(39)) - ManagedColumnFamilyOptions is not closed properly
2022-08-10 09:22:12,606 [Finalizer] WARN  managed.ManagedRocksObjectUtils (ManagedRocksObjectUtils.java:assertClosed(39)) - ManagedLRUCache is not closed properly
2022-08-10 09:22:12,606 [Finalizer] WARN  managed.ManagedRocksObjectUtils (ManagedRocksObjectUtils.java:assertClosed(39)) - ManagedBloomFilter is not closed properly
2022-08-10 09:22:12,607 [Finalizer] WARN  managed.ManagedRocksObjectUtils (ManagedRocksObjectUtils.java:assertClosed(39)) - ManagedColumnFamilyOptions is not closed properly
2022-08-10 09:22:12,607 [Finalizer] WARN  managed.ManagedRocksObjectUtils (ManagedRocksObjectUtils.java:assertClosed(39)) - ManagedLRUCache is not closed properly
2022-08-10 09:22:12,607 [Finalizer] WARN  managed.ManagedRocksObjectUtils (ManagedRocksObjectUtils.java:assertClosed(39)) - ManagedBloomFilter is not closed properly
2022-08-10 09:22:12,607 [Finalizer] WARN  managed.ManagedRocksObjectUtils (ManagedRocksObjectUtils.java:assertClosed(39)) - ManagedColumnFamilyOptions is not closed properly
2022-08-10 09:22:12,607 [Finalizer] WARN  managed.ManagedRocksObjectUtils (ManagedRocksObjectUtils.java:assertClosed(39)) - ManagedLRUCache is not closed properly
2022-08-10 09:22:12,607 [Finalizer] WARN  managed.ManagedRocksObjectUtils (ManagedRocksObjectUtils.java:assertClosed(39)) - ManagedBloomFilter is not closed properly
2022-08-10 09:22:12,607 [Finalizer] WARN  managed.ManagedRocksObjectUtils (ManagedRocksObjectUtils.java:assertClosed(39)) - ManagedColumnFamilyOptions is not closed properly
2022-08-10 09:22:12,607 [Finalizer] WARN  managed.ManagedRocksObjectUtils (ManagedRocksObjectUtils.java:assertClosed(39)) - ManagedLRUCache is not closed properly
2022-08-10 09:22:12,607 [Finalizer] WARN  managed.ManagedRocksObjectUtils (ManagedRocksObjectUtils.java:assertClosed(39)) - ManagedBloomFilter is not closed properly
2022-08-10 09:22:12,607 [Finalizer] WARN  managed.ManagedRocksObjectUtils (ManagedRocksObjectUtils.java:assertClosed(39)) - ManagedColumnFamilyOptions is not closed properly
2022-08-10 09:22:12,607 [Finalizer] WARN  managed.ManagedRocksObjectUtils (ManagedRocksObjectUtils.java:assertClosed(39)) - ManagedLRUCache is not closed properly
2022-08-10 09:22:12,607 [Finalizer] WARN  managed.ManagedRocksObjectUtils (ManagedRocksObjectUtils.java:assertClosed(39)) - ManagedBloomFilter is not closed properly
2022-08-10 09:22:12,607 [Finalizer] WARN  managed.ManagedRocksObjectUtils (ManagedRocksObjectUtils.java:assertClosed(39)) - ManagedColumnFamilyOptions is not closed properly
2022-08-10 09:22:12,607 [Finalizer] WARN  managed.ManagedRocksObjectUtils (ManagedRocksObjectUtils.java:assertClosed(39)) - ManagedLRUCache is not closed properly
2022-08-10 09:22:12,607 [Finalizer] WARN  managed.ManagedRocksObjectUtils (ManagedRocksObjectUtils.java:assertClosed(39)) - ManagedBloomFilter is not closed properly
2022-08-10 09:22:12,607 [Finalizer] WARN  managed.ManagedRocksObjectUtils (ManagedRocksObjectUtils.java:assertClosed(39)) - ManagedColumnFamilyOptions is not closed properly
2022-08-10 09:22:12,607 [Finalizer] WARN  managed.ManagedRocksObjectUtils (ManagedRocksObjectUtils.java:assertClosed(39)) - ManagedLRUCache is not closed properly
2022-08-10 09:22:12,607 [Finalizer] WARN  managed.ManagedRocksObjectUtils (ManagedRocksObjectUtils.java:assertClosed(39)) - ManagedBloomFilter is not closed properly
2022-08-10 09:22:12,607 [Finalizer] WARN  managed.ManagedRocksObjectUtils (ManagedRocksObjectUtils.java:assertClosed(39)) - ManagedColumnFamilyOptions is not closed properly
2022-08-10 09:22:12,607 [Finalizer] WARN  managed.ManagedRocksObjectUtils (ManagedRocksObjectUtils.java:assertClosed(39)) - ManagedLRUCache is not closed properly
2022-08-10 09:22:12,607 [Finalizer] WARN  managed.ManagedRocksObjectUtils (ManagedRocksObjectUtils.java:assertClosed(39)) - ManagedBloomFilter is not closed properly
2022-08-10 09:22:12,607 [Finalizer] WARN  managed.ManagedRocksObjectUtils (ManagedRocksObjectUtils.java:assertClosed(39)) - ManagedColumnFamilyOptions is not closed properly
2022-08-10 09:22:12,607 [Finalizer] WARN  managed.ManagedRocksObjectUtils (ManagedRocksObjectUtils.java:assertClosed(39)) - ManagedLRUCache is not closed properly
2022-08-10 09:22:12,607 [Finalizer] WARN  managed.ManagedRocksObjectUtils (ManagedRocksObjectUtils.java:assertClosed(39)) - ManagedBloomFilter is not closed properly
2022-08-10 09:22:12,607 [Finalizer] WARN  managed.ManagedRocksObjectUtils (ManagedRocksObjectUtils.java:assertClosed(39)) - ManagedColumnFamilyOptions is not closed properly
2022-08-10 09:22:12,607 [Finalizer] WARN  managed.ManagedRocksObjectUtils (ManagedRocksObjectUtils.java:assertClosed(39)) - ManagedLRUCache is not closed properly
2022-08-10 09:22:12,607 [Finalizer] WARN  managed.ManagedRocksObjectUtils (ManagedRocksObjectUtils.java:assertClosed(39)) - ManagedBloomFilter is not closed properly
2022-08-10 09:22:12,607 [Finalizer] WARN  managed.ManagedRocksObjectUtils (ManagedRocksObjectUtils.java:assertClosed(39)) - ManagedColumnFamilyOptions is not closed properly
2022-08-10 09:22:12,607 [Finalizer] WARN  managed.ManagedRocksObjectUtils (ManagedRocksObjectUtils.java:assertClosed(39)) - ManagedLRUCache is not closed properly
2022-08-10 09:22:12,608 [Finalizer] WARN  managed.ManagedRocksObjectUtils (ManagedRocksObjectUtils.java:assertClosed(39)) - ManagedBloomFilter is not closed properly
2022-08-10 09:22:12,608 [Finalizer] WARN  managed.ManagedRocksObjectUtils (ManagedRocksObjectUtils.java:assertClosed(39)) - ManagedColumnFamilyOptions is not closed properly
2022-08-10 09:22:12,608 [Finalizer] WARN  managed.ManagedRocksObjectUtils (ManagedRocksObjectUtils.java:assertClosed(39)) - ManagedLRUCache is not closed properly
2022-08-10 09:22:12,608 [Finalizer] WARN  managed.ManagedRocksObjectUtils (ManagedRocksObjectUtils.java:assertClosed(39)) - ManagedBloomFilter is not closed properly
2022-08-10 09:22:12,608 [Finalizer] WARN  managed.ManagedRocksObjectUtils (ManagedRocksObjectUtils.java:assertClosed(39)) - ManagedColumnFamilyOptions is not closed properly
2022-08-10 09:22:12,608 [Finalizer] WARN  managed.ManagedRocksObjectUtils (ManagedRocksObjectUtils.java:assertClosed(39)) - ManagedColumnFamilyOptions is not closed properly
2022-08-10 09:22:12,608 [Finalizer] WARN  managed.ManagedRocksObjectUtils (ManagedRocksObjectUtils.java:assertClosed(39)) - ManagedColumnFamilyOptions is not closed properly
2022-08-10 09:22:12,608 [Finalizer] WARN  managed.ManagedRocksObjectUtils (ManagedRocksObjectUtils.java:assertClosed(39)) - ManagedColumnFamilyOptions is not closed properly
2022-08-10 09:22:12,608 [Finalizer] WARN  managed.ManagedRocksObjectUtils (ManagedRocksObjectUtils.java:assertClosed(39)) - ManagedColumnFamilyOptions is not closed properly
2022-08-10 09:22:12,608 [Finalizer] WARN  managed.ManagedRocksObjectUtils (ManagedRocksObjectUtils.java:assertClosed(39)) - ManagedColumnFamilyOptions is not closed properly
2022-08-10 09:22:12,616 [Finalizer] WARN  managed.ManagedRocksObjectUtils (ManagedRocksObjectUtils.java:assertClosed(39)) - ManagedColumnFamilyOptions is not closed properly
2022-08-10 09:22:12,616 [Finalizer] WARN  managed.ManagedRocksObjectUtils (ManagedRocksObjectUtils.java:assertClosed(39)) - ManagedColumnFamilyOptions is not closed properly
2022-08-10 09:22:12,616 [Finalizer] WARN  managed.ManagedRocksObjectUtils (ManagedRocksObjectUtils.java:assertClosed(39)) - ManagedColumnFamilyOptions is not closed properly
2022-08-10 09:22:12,616 [Finalizer] WARN  managed.ManagedRocksObjectUtils (ManagedRocksObjectUtils.java:assertClosed(39)) - ManagedColumnFamilyOptions is not closed properly
2022-08-10 09:22:12,616 [Finalizer] WARN  managed.ManagedRocksObjectUtils (ManagedRocksObjectUtils.java:assertClosed(39)) - ManagedColumnFamilyOptions is not closed properly
2022-08-10 09:22:12,616 [Finalizer] WARN  managed.ManagedRocksObjectUtils (ManagedRocksObjectUtils.java:assertClosed(39)) - ManagedColumnFamilyOptions is not closed properly
2022-08-10 09:22:12,616 [Finalizer] WARN  managed.ManagedRocksObjectUtils (ManagedRocksObjectUtils.java:assertClosed(39)) - ManagedColumnFamilyOptions is not closed properly
2022-08-10 09:22:12,616 [Finalizer] WARN  managed.ManagedRocksObjectUtils (ManagedRocksObjectUtils.java:assertClosed(39)) - ManagedColumnFamilyOptions is not closed properly
2022-08-10 09:22:12,616 [Finalizer] WARN  managed.ManagedRocksObjectUtils (ManagedRocksObjectUtils.java:assertClosed(39)) - ManagedColumnFamilyOptions is not closed properly
2022-08-10 09:22:12,616 [Finalizer] WARN  managed.ManagedRocksObjectUtils (ManagedRocksObjectUtils.java:assertClosed(39)) - ManagedColumnFamilyOptions is not closed properly
2022-08-10 09:22:12,616 [Finalizer] WARN  managed.ManagedRocksObjectUtils (ManagedRocksObjectUtils.java:assertClosed(39)) - ManagedColumnFamilyOptions is not closed properly
2022-08-10 09:22:12,617 [Finalizer] WARN  managed.ManagedRocksObjectUtils (ManagedRocksObjectUtils.java:assertClosed(39)) - ManagedColumnFamilyOptions is not closed properly
2022-08-10 09:22:12,617 [Finalizer] WARN  managed.ManagedRocksObjectUtils (ManagedRocksObjectUtils.java:assertClosed(39)) - ManagedColumnFamilyOptions is not closed properly
2022-08-10 09:22:12,617 [Finalizer] WARN  managed.ManagedRocksObjectUtils (ManagedRocksObjectUtils.java:assertClosed(39)) - ManagedColumnFamilyOptions is not closed properly
2022-08-10 09:22:12,617 [Finalizer] WARN  managed.ManagedRocksObjectUtils (ManagedRocksObjectUtils.java:assertClosed(39)) - ManagedColumnFamilyOptions is not closed properly
2022-08-10 09:22:12,617 [Finalizer] WARN  managed.ManagedRocksObjectUtils (ManagedRocksObjectUtils.java:assertClosed(39)) - ManagedColumnFamilyOptions is not closed properly
2022-08-10 09:22:12,617 [Finalizer] WARN  managed.ManagedRocksObjectUtils (ManagedRocksObjectUtils.java:assertClosed(39)) - ManagedLRUCache is not closed properly
2022-08-10 09:22:12,617 [Finalizer] WARN  managed.ManagedRocksObjectUtils (ManagedRocksObjectUtils.java:assertClosed(39)) - ManagedBloomFilter is not closed properly
2022-08-10 09:22:12,617 [Finalizer] WARN  managed.ManagedRocksObjectUtils (ManagedRocksObjectUtils.java:assertClosed(39)) - ManagedColumnFamilyOptions is not closed properly
2022-08-10 09:22:12,617 [Finalizer] WARN  managed.ManagedRocksObjectUtils (ManagedRocksObjectUtils.java:assertClosed(39)) - ManagedLRUCache is not closed properly
2022-08-10 09:22:12,617 [Finalizer] WARN  managed.ManagedRocksObjectUtils (ManagedRocksObjectUtils.java:assertClosed(39)) - ManagedBloomFilter is not closed properly
2022-08-10 09:22:12,617 [Finalizer] WARN  managed.ManagedRocksObjectUtils (ManagedRocksObjectUtils.java:assertClosed(39)) - ManagedColumnFamilyOptions is not closed properly
2022-08-10 09:22:12,617 [Finalizer] WARN  managed.ManagedRocksObjectUtils (ManagedRocksObjectUtils.java:assertClosed(39)) - ManagedLRUCache is not closed properly
2022-08-10 09:22:12,617 [Finalizer] WARN  managed.ManagedRocksObjectUtils (ManagedRocksObjectUtils.java:assertClosed(39)) - ManagedBloomFilter is not closed properly
2022-08-10 09:22:12,617 [Finalizer] WARN  managed.ManagedRocksObjectUtils (ManagedRocksObjectUtils.java:assertClosed(39)) - ManagedColumnFamilyOptions is not closed properly
2022-08-10 09:22:12,617 [Finalizer] WARN  managed.ManagedRocksObjectUtils (ManagedRocksObjectUtils.java:assertClosed(39)) - ManagedLRUCache is not closed properly
2022-08-10 09:22:12,617 [Finalizer] WARN  managed.ManagedRocksObjectUtils (ManagedRocksObjectUtils.java:assertClosed(39)) - ManagedBloomFilter is not closed properly
2022-08-10 09:22:12,617 [Finalizer] WARN  managed.ManagedRocksObjectUtils (ManagedRocksObjectUtils.java:assertClosed(39)) - ManagedColumnFamilyOptions is not closed properly
2022-08-10 09:22:12,617 [Finalizer] WARN  managed.ManagedRocksObjectUtils (ManagedRocksObjectUtils.java:assertClosed(39)) - ManagedLRUCache is not closed properly
2022-08-10 09:22:12,617 [Finalizer] WARN  managed.ManagedRocksObjectUtils (ManagedRocksObjectUtils.java:assertClosed(39)) - ManagedBloomFilter is not closed properly
2022-08-10 09:22:12,617 [Finalizer] WARN  managed.ManagedRocksObjectUtils (ManagedRocksObjectUtils.java:assertClosed(39)) - ManagedColumnFamilyOptions is not closed properly
2022-08-10 09:22:12,617 [Finalizer] WARN  managed.ManagedRocksObjectUtils (ManagedRocksObjectUtils.java:assertClosed(39)) - ManagedLRUCache is not closed properly
2022-08-10 09:22:12,617 [Finalizer] WARN  managed.ManagedRocksObjectUtils (ManagedRocksObjectUtils.java:assertClosed(39)) - ManagedBloomFilter is not closed properly
2022-08-10 09:22:12,617 [Finalizer] WARN  managed.ManagedRocksObjectUtils (ManagedRocksObjectUtils.java:assertClosed(39)) - ManagedColumnFamilyOptions is not closed properly
2022-08-10 09:22:12,617 [Finalizer] WARN  managed.ManagedRocksObjectUtils (ManagedRocksObjectUtils.java:assertClosed(39)) - ManagedLRUCache is not closed properly
2022-08-10 09:22:12,618 [Finalizer] WARN  managed.ManagedRocksObjectUtils (ManagedRocksObjectUtils.java:assertClosed(39)) - ManagedBloomFilter is not closed properly
2022-08-10 09:22:12,618 [Finalizer] WARN  managed.ManagedRocksObjectUtils (ManagedRocksObjectUtils.java:assertClosed(39)) - ManagedColumnFamilyOptions is not closed properly
2022-08-10 09:22:12,618 [Finalizer] WARN  managed.ManagedRocksObjectUtils (ManagedRocksObjectUtils.java:assertClosed(39)) - ManagedLRUCache is not closed properly
2022-08-10 09:22:12,618 [Finalizer] WARN  managed.ManagedRocksObjectUtils (ManagedRocksObjectUtils.java:assertClosed(39)) - ManagedBloomFilter is not closed properly
2022-08-10 09:22:12,618 [Finalizer] WARN  managed.ManagedRocksObjectUtils (ManagedRocksObjectUtils.java:assertClosed(39)) - ManagedColumnFamilyOptions is not closed properly
2022-08-10 09:22:12,618 [Finalizer] WARN  managed.ManagedRocksObjectUtils (ManagedRocksObjectUtils.java:assertClosed(39)) - ManagedLRUCache is not closed properly
2022-08-10 09:22:12,618 [Finalizer] WARN  managed.ManagedRocksObjectUtils (ManagedRocksObjectUtils.java:assertClosed(39)) - ManagedBloomFilter is not closed properly
2022-08-10 09:22:12,618 [Finalizer] WARN  managed.ManagedRocksObjectUtils (ManagedRocksObjectUtils.java:assertClosed(39)) - ManagedColumnFamilyOptions is not closed properly
2022-08-10 09:22:12,618 [Finalizer] WARN  managed.ManagedRocksObjectUtils (ManagedRocksObjectUtils.java:assertClosed(39)) - ManagedLRUCache is not closed properly
2022-08-10 09:22:12,618 [Finalizer] WARN  managed.ManagedRocksObjectUtils (ManagedRocksObjectUtils.java:assertClosed(39)) - ManagedBloomFilter is not closed properly
2022-08-10 09:22:12,618 [Finalizer] WARN  managed.ManagedRocksObjectUtils (ManagedRocksObjectUtils.java:assertClosed(39)) - ManagedColumnFamilyOptions is not closed properly
2022-08-10 09:22:12,618 [Finalizer] WARN  managed.ManagedRocksObjectUtils (ManagedRocksObjectUtils.java:assertClosed(39)) - ManagedLRUCache is not closed properly
2022-08-10 09:22:12,618 [Finalizer] WARN  managed.ManagedRocksObjectUtils (ManagedRocksObjectUtils.java:assertClosed(39)) - ManagedBloomFilter is not closed properly
2022-08-10 09:22:12,618 [Finalizer] WARN  managed.ManagedRocksObjectUtils (ManagedRocksObjectUtils.java:assertClosed(39)) - ManagedColumnFamilyOptions is not closed properly
2022-08-10 09:22:12,618 [Finalizer] WARN  managed.ManagedRocksObjectUtils (ManagedRocksObjectUtils.java:assertClosed(39)) - ManagedLRUCache is not closed properly
2022-08-10 09:22:12,618 [Finalizer] WARN  managed.ManagedRocksObjectUtils (ManagedRocksObjectUtils.java:assertClosed(39)) - ManagedBloomFilter is not closed properly
2022-08-10 09:22:12,618 [Finalizer] WARN  managed.ManagedRocksObjectUtils (ManagedRocksObjectUtils.java:assertClosed(39)) - ManagedColumnFamilyOptions is not closed properly
2022-08-10 09:22:12,618 [Finalizer] WARN  managed.ManagedRocksObjectUtils (ManagedRocksObjectUtils.java:assertClosed(39)) - ManagedLRUCache is not closed properly
2022-08-10 09:22:12,618 [Finalizer] WARN  managed.ManagedRocksObjectUtils (ManagedRocksObjectUtils.java:assertClosed(39)) - ManagedBloomFilter is not closed properly
2022-08-10 09:22:12,618 [Finalizer] WARN  managed.ManagedRocksObjectUtils (ManagedRocksObjectUtils.java:assertClosed(39)) - ManagedColumnFamilyOptions is not closed properly
2022-08-10 09:22:12,618 [Finalizer] WARN  managed.ManagedRocksObjectUtils (ManagedRocksObjectUtils.java:assertClosed(39)) - ManagedLRUCache is not closed properly
2022-08-10 09:22:12,618 [Finalizer] WARN  managed.ManagedRocksObjectUtils (ManagedRocksObjectUtils.java:assertClosed(39)) - ManagedBloomFilter is not closed properly
2022-08-10 09:22:12,619 [Finalizer] WARN  managed.ManagedRocksObjectUtils (ManagedRocksObjectUtils.java:assertClosed(39)) - ManagedColumnFamilyOptions is not closed properly
2022-08-10 09:22:12,619 [Finalizer] WARN  managed.ManagedRocksObjectUtils (ManagedRocksObjectUtils.java:assertClosed(39)) - ManagedLRUCache is not closed properly
2022-08-10 09:22:12,619 [Finalizer] WARN  managed.ManagedRocksObjectUtils (ManagedRocksObjectUtils.java:assertClosed(39)) - ManagedBloomFilter is not closed properly
2022-08-10 09:22:12,619 [Finalizer] WARN  managed.ManagedRocksObjectUtils (ManagedRocksObjectUtils.java:assertClosed(39)) - ManagedColumnFamilyOptions is not closed properly
2022-08-10 09:22:12,619 [Finalizer] WARN  managed.ManagedRocksObjectUtils (ManagedRocksObjectUtils.java:assertClosed(39)) - ManagedLRUCache is not closed properly
2022-08-10 09:22:12,619 [Finalizer] WARN  managed.ManagedRocksObjectUtils (ManagedRocksObjectUtils.java:assertClosed(39)) - ManagedBloomFilter is not closed properly
2022-08-10 09:22:12,619 [Finalizer] WARN  managed.ManagedRocksObjectUtils (ManagedRocksObjectUtils.java:assertClosed(39)) - ManagedColumnFamilyOptions is not closed properly
2022-08-10 09:22:12,619 [Finalizer] WARN  managed.ManagedRocksObjectUtils (ManagedRocksObjectUtils.java:assertClosed(39)) - ManagedLRUCache is not closed properly
2022-08-10 09:22:12,619 [Finalizer] WARN  managed.ManagedRocksObjectUtils (ManagedRocksObjectUtils.java:assertClosed(39)) - ManagedBloomFilter is not closed properly
2022-08-10 09:22:12,619 [Finalizer] WARN  managed.ManagedRocksObjectUtils (ManagedRocksObjectUtils.java:assertClosed(39)) - ManagedColumnFamilyOptions is not closed properly
2022-08-10 09:22:12,619 [Finalizer] WARN  managed.ManagedRocksObjectUtils (ManagedRocksObjectUtils.java:assertClosed(39)) - ManagedLRUCache is not closed properly
2022-08-10 09:22:12,619 [Finalizer] WARN  managed.ManagedRocksObjectUtils (ManagedRocksObjectUtils.java:assertClosed(39)) - ManagedBloomFilter is not closed properly
2022-08-10 09:22:12,619 [Finalizer] WARN  managed.ManagedRocksObjectUtils (ManagedRocksObjectUtils.java:assertClosed(39)) - ManagedColumnFamilyOptions is not closed properly
2022-08-10 09:22:12,619 [Finalizer] WARN  managed.ManagedRocksObjectUtils (ManagedRocksObjectUtils.java:assertClosed(39)) - ManagedLRUCache is not closed properly
2022-08-10 09:22:12,619 [Finalizer] WARN  managed.ManagedRocksObjectUtils (ManagedRocksObjectUtils.java:assertClosed(39)) - ManagedBloomFilter is not closed properly
2022-08-10 09:22:12,619 [Finalizer] WARN  managed.ManagedRocksObjectUtils (ManagedRocksObjectUtils.java:assertClosed(39)) - ManagedColumnFamilyOptions is not closed properly
2022-08-10 09:22:12,619 [Finalizer] WARN  managed.ManagedRocksObjectUtils (ManagedRocksObjectUtils.java:assertClosed(39)) - ManagedLRUCache is not closed properly
2022-08-10 09:22:12,619 [Finalizer] WARN  managed.ManagedRocksObjectUtils (ManagedRocksObjectUtils.java:assertClosed(39)) - ManagedBloomFilter is not closed properly
2022-08-10 09:22:12,761 [pool-362-thread-1] INFO  reflections.Reflections (Reflections.java:scan(232)) - Reflections took 471 ms to scan 19 urls, producing 67 keys and 4150 values [using 2 cores]
2022-08-10 09:22:12,762 [pool-362-thread-1] INFO  ipc.CallQueueManager (CallQueueManager.java:<init>(90)) - Using callQueue: class java.util.concurrent.LinkedBlockingQueue, queueCapacity: 2000, scheduler: class org.apache.hadoop.ipc.DefaultRpcScheduler, ipcBackoff: false.
2022-08-10 09:22:12,762 [Socket Reader #1 for port 38141] INFO  ipc.Server (Server.java:run(1265)) - Starting Socket Reader #1 for port 38141
2022-08-10 09:22:12,765 [IPC Server Responder] INFO  ipc.Server (Server.java:run(1507)) - IPC Server Responder: starting
2022-08-10 09:22:12,765 [IPC Server listener on 38141] INFO  ipc.Server (Server.java:run(1344)) - IPC Server listener on 38141: starting
2022-08-10 09:22:12,770 [Listener at localhost/38141] INFO  om.OzoneManager (OzoneManager.java:installCheckpoint(3763)) - RPC server is re-started. Spend 481 ms.
2022-08-10 09:22:12,771 [Listener at localhost/38141] INFO  om.OzoneManager (OzoneManager.java:installCheckpoint(3789)) - Install Checkpoint is finished with Term: 6 and Index: 144. Spend 556 ms.
2022-08-10 09:22:12,771 [Listener at localhost/38141] INFO  impl.SnapshotInstallationHandler (SnapshotInstallationHandler.java:lambda$notifyStateMachineToInstallSnapshot$2(271)) - omNode-2@group-523986131536: StateMachine successfully installed snapshot index 144. Reloading the StateMachine.
2022-08-10 09:22:13,156 [omNode-2@group-523986131536-FollowerState] INFO  impl.FollowerState (FollowerState.java:run(143)) - omNode-2@group-523986131536-FollowerState: change to CANDIDATE, lastRpcElapsedTime:1285864246ns, electionTimeout:1008ms
2022-08-10 09:22:13,156 [omNode-2@group-523986131536-FollowerState] INFO  impl.RoleInfo (RoleInfo.java:shutdownFollowerState(110)) - omNode-2: shutdown omNode-2@group-523986131536-FollowerState
2022-08-10 09:22:13,156 [omNode-2@group-523986131536-FollowerState] INFO  server.RaftServer$Division (RaftServerImpl.java:setRole(299)) - omNode-2@group-523986131536: changes role from  FOLLOWER to CANDIDATE at term 6 for changeToCandidate
2022-08-10 09:22:13,156 [omNode-2@group-523986131536-FollowerState] INFO  server.RaftServerConfigKeys (ConfUtils.java:logGet(46)) - raft.server.leaderelection.pre-vote = false (custom)
2022-08-10 09:22:13,156 [omNode-2@group-523986131536-FollowerState] INFO  impl.RoleInfo (RoleInfo.java:updateAndGet(139)) - omNode-2: start omNode-2@group-523986131536-LeaderElection20
2022-08-10 09:22:13,158 [omNode-2@group-523986131536-LeaderElection20] INFO  server.RaftServer$Division (ServerState.java:setLeader(287)) - omNode-2@group-523986131536: change Leader from omNode-3 to null at term 6 for ELECTION
2022-08-10 09:22:13,160 [omNode-2@group-523986131536-LeaderElection20] INFO  impl.LeaderElection (LeaderElection.java:askForVotes(310)) - omNode-2@group-523986131536-LeaderElection20 ELECTION round 0: submit vote requests at term 7 for 59: [omNode-3|rpc:localhost:34947|admin:|client:|dataStream:|priority:0, omNode-1|rpc:localhost:44673|admin:|client:|dataStream:|priority:0, omNode-2|rpc:localhost:36767|admin:|client:|dataStream:|priority:0], old=null
2022-08-10 09:22:13,170 [omNode-2@group-523986131536-LeaderElection20] INFO  impl.LeaderElection (LogUtils.java:infoOrTrace(137)) - omNode-2@group-523986131536-LeaderElection20 got exception when requesting votes: java.util.concurrent.ExecutionException: org.apache.ratis.thirdparty.io.grpc.StatusRuntimeException: UNAVAILABLE: io exception
2022-08-10 09:22:13,170 [grpc-default-executor-1] INFO  server.RaftServer$Division (RaftServerImpl.java:requestVote(1152)) - omNode-1@group-523986131536: receive requestVote(ELECTION, omNode-2, group-523986131536, 7, (t:4, i:56))
2022-08-10 09:22:13,170 [grpc-default-executor-1] INFO  impl.VoteContext (VoteContext.java:log(48)) - omNode-1@group-523986131536-FOLLOWER: reject ELECTION from omNode-2: our last entry (t:6, i:144) > candidate's last entry (t:4, i:56)
2022-08-10 09:22:13,171 [grpc-default-executor-1] INFO  server.RaftServer$Division (ServerState.java:setLeader(287)) - omNode-1@group-523986131536: change Leader from omNode-3 to null at term 7 for updateCurrentTerm
2022-08-10 09:22:13,171 [grpc-default-executor-1] INFO  server.RaftServer$Division (RaftServerImpl.java:setRole(299)) - omNode-1@group-523986131536: changes role from  FOLLOWER to FOLLOWER at term 7 for candidate:omNode-2
2022-08-10 09:22:13,171 [grpc-default-executor-1] INFO  impl.RoleInfo (RoleInfo.java:shutdownFollowerState(110)) - omNode-1: shutdown omNode-1@group-523986131536-FollowerState
2022-08-10 09:22:13,171 [grpc-default-executor-1] INFO  impl.RoleInfo (RoleInfo.java:updateAndGet(139)) - omNode-1: start omNode-1@group-523986131536-FollowerState
2022-08-10 09:22:13,171 [omNode-1@group-523986131536-FollowerState] INFO  impl.FollowerState (FollowerState.java:run(152)) - omNode-1@group-523986131536-FollowerState was interrupted
2022-08-10 09:22:13,178 [grpc-default-executor-1] INFO  server.RaftServer$Division (RaftServerImpl.java:requestVote(1184)) - omNode-1@group-523986131536 replies to ELECTION vote request: omNode-2<-omNode-1#0:FAIL-t7. Peer's state: omNode-1@group-523986131536:t7, leader=null, voted=null, raftlog=omNode-1@group-523986131536-SegmentedRaftLog:OPENED:c143, conf=59: [omNode-3|rpc:localhost:34947|admin:|client:|dataStream:|priority:0, omNode-1|rpc:localhost:44673|admin:|client:|dataStream:|priority:0, omNode-2|rpc:localhost:36767|admin:|client:|dataStream:|priority:0], old=null
2022-08-10 09:22:13,179 [omNode-2@group-523986131536-LeaderElection20] INFO  impl.LeaderElection (LeaderElection.java:logAndReturn(90)) - omNode-2@group-523986131536-LeaderElection20: ELECTION REJECTED received 1 response(s) and 1 exception(s):
2022-08-10 09:22:13,179 [omNode-2@group-523986131536-LeaderElection20] INFO  impl.LeaderElection (LeaderElection.java:logAndReturn(94)) -   Response 0: omNode-2<-omNode-1#0:FAIL-t7
2022-08-10 09:22:13,179 [omNode-2@group-523986131536-LeaderElection20] INFO  impl.LeaderElection (LogUtils.java:infoOrTrace(137)) -   Exception 1: java.util.concurrent.ExecutionException: org.apache.ratis.thirdparty.io.grpc.StatusRuntimeException: UNAVAILABLE: io exception
2022-08-10 09:22:13,179 [omNode-2@group-523986131536-LeaderElection20] INFO  impl.LeaderElection (LeaderElection.java:askForVotes(312)) - omNode-2@group-523986131536-LeaderElection20 ELECTION round 0: result REJECTED
2022-08-10 09:22:13,179 [omNode-2@group-523986131536-LeaderElection20] INFO  server.RaftServer$Division (RaftServerImpl.java:setRole(299)) - omNode-2@group-523986131536: changes role from CANDIDATE to FOLLOWER at term 7 for REJECTED
2022-08-10 09:22:13,179 [omNode-2@group-523986131536-LeaderElection20] INFO  impl.RoleInfo (RoleInfo.java:shutdownLeaderElection(130)) - omNode-2: shutdown omNode-2@group-523986131536-LeaderElection20
2022-08-10 09:22:13,179 [omNode-2@group-523986131536-LeaderElection20] INFO  impl.RoleInfo (RoleInfo.java:updateAndGet(139)) - omNode-2: start omNode-2@group-523986131536-FollowerState
2022-08-10 09:22:14,331 [omNode-2@group-523986131536-FollowerState] INFO  impl.FollowerState (FollowerState.java:run(143)) - omNode-2@group-523986131536-FollowerState: change to CANDIDATE, lastRpcElapsedTime:1151475014ns, electionTimeout:1151ms
2022-08-10 09:22:14,331 [omNode-2@group-523986131536-FollowerState] INFO  impl.RoleInfo (RoleInfo.java:shutdownFollowerState(110)) - omNode-2: shutdown omNode-2@group-523986131536-FollowerState
2022-08-10 09:22:14,331 [omNode-2@group-523986131536-FollowerState] INFO  server.RaftServer$Division (RaftServerImpl.java:setRole(299)) - omNode-2@group-523986131536: changes role from  FOLLOWER to CANDIDATE at term 7 for changeToCandidate
2022-08-10 09:22:14,331 [omNode-2@group-523986131536-FollowerState] INFO  server.RaftServerConfigKeys (ConfUtils.java:logGet(46)) - raft.server.leaderelection.pre-vote = false (custom)
2022-08-10 09:22:14,331 [omNode-2@group-523986131536-FollowerState] INFO  impl.RoleInfo (RoleInfo.java:updateAndGet(139)) - omNode-2: start omNode-2@group-523986131536-LeaderElection21
2022-08-10 09:22:14,333 [omNode-1@group-523986131536-FollowerState] INFO  impl.FollowerState (FollowerState.java:run(143)) - omNode-1@group-523986131536-FollowerState: change to CANDIDATE, lastRpcElapsedTime:1161885877ns, electionTimeout:1155ms
2022-08-10 09:22:14,333 [omNode-1@group-523986131536-FollowerState] INFO  impl.RoleInfo (RoleInfo.java:shutdownFollowerState(110)) - omNode-1: shutdown omNode-1@group-523986131536-FollowerState
2022-08-10 09:22:14,333 [omNode-1@group-523986131536-FollowerState] INFO  server.RaftServer$Division (RaftServerImpl.java:setRole(299)) - omNode-1@group-523986131536: changes role from  FOLLOWER to CANDIDATE at term 7 for changeToCandidate
2022-08-10 09:22:14,333 [omNode-1@group-523986131536-FollowerState] INFO  server.RaftServerConfigKeys (ConfUtils.java:logGet(46)) - raft.server.leaderelection.pre-vote = false (custom)
2022-08-10 09:22:14,333 [omNode-1@group-523986131536-FollowerState] INFO  impl.RoleInfo (RoleInfo.java:updateAndGet(139)) - omNode-1: start omNode-1@group-523986131536-LeaderElection22
2022-08-10 09:22:14,335 [omNode-2@group-523986131536-LeaderElection21] INFO  impl.LeaderElection (LeaderElection.java:askForVotes(310)) - omNode-2@group-523986131536-LeaderElection21 ELECTION round 0: submit vote requests at term 8 for 59: [omNode-3|rpc:localhost:34947|admin:|client:|dataStream:|priority:0, omNode-1|rpc:localhost:44673|admin:|client:|dataStream:|priority:0, omNode-2|rpc:localhost:36767|admin:|client:|dataStream:|priority:0], old=null
2022-08-10 09:22:14,336 [omNode-1@group-523986131536-LeaderElection22] INFO  impl.LeaderElection (LeaderElection.java:askForVotes(310)) - omNode-1@group-523986131536-LeaderElection22 ELECTION round 0: submit vote requests at term 8 for 59: [omNode-3|rpc:localhost:34947|admin:|client:|dataStream:|priority:0, omNode-1|rpc:localhost:44673|admin:|client:|dataStream:|priority:0, omNode-2|rpc:localhost:36767|admin:|client:|dataStream:|priority:0], old=null
2022-08-10 09:22:14,339 [grpc-default-executor-3] INFO  server.RaftServer$Division (RaftServerImpl.java:requestVote(1152)) - omNode-1@group-523986131536: receive requestVote(ELECTION, omNode-2, group-523986131536, 8, (t:4, i:56))
2022-08-10 09:22:14,339 [grpc-default-executor-3] INFO  impl.VoteContext (VoteContext.java:log(48)) - omNode-1@group-523986131536-CANDIDATE: reject ELECTION from omNode-2: already has voted for omNode-1 at current term 8
2022-08-10 09:22:14,339 [grpc-default-executor-3] INFO  server.RaftServer$Division (RaftServerImpl.java:requestVote(1184)) - omNode-1@group-523986131536 replies to ELECTION vote request: omNode-2<-omNode-1#0:FAIL-t8. Peer's state: omNode-1@group-523986131536:t8, leader=null, voted=omNode-1, raftlog=omNode-1@group-523986131536-SegmentedRaftLog:OPENED:c143, conf=59: [omNode-3|rpc:localhost:34947|admin:|client:|dataStream:|priority:0, omNode-1|rpc:localhost:44673|admin:|client:|dataStream:|priority:0, omNode-2|rpc:localhost:36767|admin:|client:|dataStream:|priority:0], old=null
2022-08-10 09:22:14,341 [omNode-2@group-523986131536-LeaderElection21] INFO  impl.LeaderElection (LogUtils.java:infoOrTrace(137)) - omNode-2@group-523986131536-LeaderElection21 got exception when requesting votes: java.util.concurrent.ExecutionException: org.apache.ratis.thirdparty.io.grpc.StatusRuntimeException: UNAVAILABLE: io exception
2022-08-10 09:22:14,342 [omNode-2@group-523986131536-LeaderElection21] INFO  impl.LeaderElection (LeaderElection.java:logAndReturn(90)) - omNode-2@group-523986131536-LeaderElection21: ELECTION REJECTED received 1 response(s) and 1 exception(s):
2022-08-10 09:22:14,342 [omNode-2@group-523986131536-LeaderElection21] INFO  impl.LeaderElection (LeaderElection.java:logAndReturn(94)) -   Response 0: omNode-2<-omNode-1#0:FAIL-t8
2022-08-10 09:22:14,342 [omNode-2@group-523986131536-LeaderElection21] INFO  impl.LeaderElection (LogUtils.java:infoOrTrace(137)) -   Exception 1: java.util.concurrent.ExecutionException: org.apache.ratis.thirdparty.io.grpc.StatusRuntimeException: UNAVAILABLE: io exception
2022-08-10 09:22:14,342 [omNode-2@group-523986131536-LeaderElection21] INFO  impl.LeaderElection (LeaderElection.java:askForVotes(312)) - omNode-2@group-523986131536-LeaderElection21 ELECTION round 0: result REJECTED
2022-08-10 09:22:14,342 [omNode-2@group-523986131536-LeaderElection21] INFO  server.RaftServer$Division (RaftServerImpl.java:setRole(299)) - omNode-2@group-523986131536: changes role from CANDIDATE to FOLLOWER at term 8 for REJECTED
2022-08-10 09:22:14,342 [omNode-2@group-523986131536-LeaderElection21] INFO  impl.RoleInfo (RoleInfo.java:shutdownLeaderElection(130)) - omNode-2: shutdown omNode-2@group-523986131536-LeaderElection21
2022-08-10 09:22:14,342 [omNode-2@group-523986131536-LeaderElection21] INFO  impl.RoleInfo (RoleInfo.java:updateAndGet(139)) - omNode-2: start omNode-2@group-523986131536-FollowerState
2022-08-10 09:22:14,347 [omNode-1@group-523986131536-LeaderElection22] INFO  impl.LeaderElection (LogUtils.java:infoOrTrace(137)) - omNode-1@group-523986131536-LeaderElection22 got exception when requesting votes: java.util.concurrent.ExecutionException: org.apache.ratis.thirdparty.io.grpc.StatusRuntimeException: UNAVAILABLE: io exception
2022-08-10 09:22:14,350 [grpc-default-executor-1] INFO  server.RaftServer$Division (RaftServerImpl.java:requestVote(1152)) - omNode-2@group-523986131536: receive requestVote(ELECTION, omNode-1, group-523986131536, 8, (t:6, i:144))
2022-08-10 09:22:14,350 [grpc-default-executor-1] INFO  impl.VoteContext (VoteContext.java:log(48)) - omNode-2@group-523986131536-FOLLOWER: reject ELECTION from omNode-1: already has voted for omNode-2 at current term 8
2022-08-10 09:22:14,350 [grpc-default-executor-1] INFO  server.RaftServer$Division (RaftServerImpl.java:requestVote(1184)) - omNode-2@group-523986131536 replies to ELECTION vote request: omNode-1<-omNode-2#0:FAIL-t8. Peer's state: omNode-2@group-523986131536:t8, leader=null, voted=omNode-2, raftlog=omNode-2@group-523986131536-SegmentedRaftLog:OPENED:c56, conf=59: [omNode-3|rpc:localhost:34947|admin:|client:|dataStream:|priority:0, omNode-1|rpc:localhost:44673|admin:|client:|dataStream:|priority:0, omNode-2|rpc:localhost:36767|admin:|client:|dataStream:|priority:0], old=null
2022-08-10 09:22:14,353 [omNode-1@group-523986131536-LeaderElection22] INFO  impl.LeaderElection (LeaderElection.java:logAndReturn(90)) - omNode-1@group-523986131536-LeaderElection22: ELECTION REJECTED received 1 response(s) and 1 exception(s):
2022-08-10 09:22:14,353 [omNode-1@group-523986131536-LeaderElection22] INFO  impl.LeaderElection (LeaderElection.java:logAndReturn(94)) -   Response 0: omNode-1<-omNode-2#0:FAIL-t8
2022-08-10 09:22:14,353 [omNode-1@group-523986131536-LeaderElection22] INFO  impl.LeaderElection (LogUtils.java:infoOrTrace(137)) -   Exception 1: java.util.concurrent.ExecutionException: org.apache.ratis.thirdparty.io.grpc.StatusRuntimeException: UNAVAILABLE: io exception
2022-08-10 09:22:14,353 [omNode-1@group-523986131536-LeaderElection22] INFO  impl.LeaderElection (LeaderElection.java:askForVotes(312)) - omNode-1@group-523986131536-LeaderElection22 ELECTION round 0: result REJECTED
2022-08-10 09:22:14,353 [omNode-1@group-523986131536-LeaderElection22] INFO  server.RaftServer$Division (RaftServerImpl.java:setRole(299)) - omNode-1@group-523986131536: changes role from CANDIDATE to FOLLOWER at term 8 for REJECTED
2022-08-10 09:22:14,353 [omNode-1@group-523986131536-LeaderElection22] INFO  impl.RoleInfo (RoleInfo.java:shutdownLeaderElection(130)) - omNode-1: shutdown omNode-1@group-523986131536-LeaderElection22
2022-08-10 09:22:14,353 [omNode-1@group-523986131536-LeaderElection22] INFO  impl.RoleInfo (RoleInfo.java:updateAndGet(139)) - omNode-1: start omNode-1@group-523986131536-FollowerState
2022-08-10 09:22:14,915 [Listener at localhost/38141] WARN  grpc.GrpcUtil (GrpcUtil.java:shutdownManagedChannel(216)) - Timed out gracefully shutting down connection: ManagedChannelOrphanWrapper{delegate=ManagedChannelImpl{logId=323, target=localhost:36767}}. 
2022-08-10 09:22:14,921 [grpc-default-executor-1] INFO  server.GrpcLogAppender (GrpcLogAppender.java:onError(328)) - omNode-3@group-523986131536->omNode-2-GrpcLogAppender is stopped
2022-08-10 09:22:14,922 [grpc-default-executor-1] WARN  server.GrpcServerProtocolService (LogUtils.java:warn(122)) - omNode-2: installSnapshot onError, lastRequest: null: org.apache.ratis.thirdparty.io.grpc.StatusRuntimeException: CANCELLED: client cancelled
2022-08-10 09:22:14,923 [Listener at localhost/38141] INFO  server.GrpcService (GrpcService.java:closeImpl(278)) - omNode-3: shutdown server with port 34947 successfully
2022-08-10 09:22:14,923 [org.apache.ratis.util.JvmPauseMonitor$$Lambda$696/1259104175@67520476] INFO  util.JvmPauseMonitor (JvmPauseMonitor.java:run(109)) - JvmPauseMonitor-omNode-3: Stopped
2022-08-10 09:22:14,924 [Listener at localhost/38141] INFO  ratis.OzoneManagerStateMachine (OzoneManagerStateMachine.java:close(495)) - StateMachine has shutdown. Shutdown OzoneManager if not already shutdown.
2022-08-10 09:22:14,924 [Listener at localhost/38141] INFO  ratis.OzoneManagerDoubleBuffer (OzoneManagerDoubleBuffer.java:stop(478)) - OMDoubleBuffer flush thread is not running.
2022-08-10 09:22:14,925 [Listener at localhost/38141] INFO  handler.ContextHandler (ContextHandler.java:doStop(1153)) - Stopped o.e.j.w.WebAppContext@7c4acde5{ozoneManager,/,null,STOPPED}{file:/home/runner/work/ozone/ozone/hadoop-ozone/integration-test/target/test-classes/webapps/ozoneManager}
2022-08-10 09:22:14,929 [Listener at localhost/38141] INFO  server.AbstractConnector (AbstractConnector.java:doStop(381)) - Stopped ServerConnector@393bcf96{HTTP/1.1, (http/1.1)}{0.0.0.0:34027}
2022-08-10 09:22:14,929 [Listener at localhost/38141] INFO  server.session (HouseKeeper.java:stopScavenging(149)) - node0 Stopped scavenging
2022-08-10 09:22:14,929 [Listener at localhost/38141] INFO  handler.ContextHandler (ContextHandler.java:doStop(1153)) - Stopped o.e.j.s.ServletContextHandler@43487352{static,/static,file:///home/runner/work/ozone/ozone/hadoop-ozone/integration-test/target/test-classes/webapps/static,STOPPED}
2022-08-10 09:22:14,930 [Listener at localhost/38141] INFO  handler.ContextHandler (ContextHandler.java:doStop(1153)) - Stopped o.e.j.s.ServletContextHandler@14f04e7d{logs,/logs,file:///home/runner/work/ozone/ozone/hadoop-ozone/integration-test/target/log,STOPPED}
2022-08-10 09:22:14,934 [Listener at localhost/38141] INFO  om.OzoneManager (OzoneManager.java:restart(1559)) - OzoneManager RPC server is listening at localhost/127.0.0.1:36235
2022-08-10 09:22:14,935 [Listener at localhost/38141] INFO  impl.MetricsSystemImpl (MetricsSystemImpl.java:init(158)) - OzoneManager metrics system started (again)
2022-08-10 09:22:14,954 [Listener at localhost/38141] WARN  server.ServerUtils (ServerUtils.java:getDBPath(225)) - ozone.om.db.dirs is not configured. We recommend adding this setting. Falling back to ozone.metadata.dirs instead.
2022-08-10 09:22:14,955 [Listener at localhost/38141] INFO  codec.OmKeyInfoCodec (OmKeyInfoCodec.java:<init>(49)) - OmKeyInfoCodec ignorePipeline = true
2022-08-10 09:22:14,955 [Listener at localhost/38141] INFO  codec.RepeatedOmKeyInfoCodec (RepeatedOmKeyInfoCodec.java:<init>(41)) - RepeatedOmKeyInfoCodec ignorePipeline = true
2022-08-10 09:22:14,995 [Listener at localhost/38141] INFO  om.OzoneManager (OzoneManager.java:instantiateServices(697)) - S3 Multi-Tenancy is disabled
2022-08-10 09:22:14,997 [Listener at localhost/38141] WARN  impl.MetricRegistriesImpl (MetricRegistriesImpl.java:addReporterRegistration(111)) - New reporters are added after registries were created. Some metrics will be missing from the reporter. Please add reporter before adding any new registry.
2022-08-10 09:22:14,997 [Listener at localhost/38141] WARN  impl.MetricRegistriesImpl (MetricRegistriesImpl.java:addReporterRegistration(111)) - New reporters are added after registries were created. Some metrics will be missing from the reporter. Please add reporter before adding any new registry.
2022-08-10 09:22:14,998 [Listener at localhost/38141] WARN  server.ServerUtils (ServerUtils.java:getDefaultRatisDirectory(237)) - Storage directory for Ratis is not configured. It is a good idea to map this to an SSD disk. Falling back to ozone.metadata.dirs
2022-08-10 09:22:14,999 [Listener at localhost/38141] INFO  ratis.OzoneManagerRatisServer (OzoneManagerRatisServer.java:<init>(159)) - Instantiating OM Ratis server with groupID: om-service-test1 and peers: localhost:34947, localhost:44673, localhost:36767
2022-08-10 09:22:14,999 [Listener at localhost/38141] INFO  ratis.OzoneManagerStateMachine (OzoneManagerStateMachine.java:loadSnapshotInfoFromDB(632)) - LastAppliedIndex is set from TransactionInfo from OM DB as (t:6, i:144)
2022-08-10 09:22:15,000 [Listener at localhost/38141] INFO  server.RaftServer (ConfUtils.java:logGet(46)) - raft.rpc.type = GRPC (default)
2022-08-10 09:22:15,000 [Listener at localhost/38141] INFO  grpc.GrpcFactory (GrpcFactory.java:checkPooledByteBufAllocatorUseCacheForAllThreads(48)) - PERFORMANCE WARNING: useCacheForAllThreads is true that may cause Netty to create a lot garbage objects and, as a result, trigger GC.
	It is recommended to disable useCacheForAllThreads by setting -Dorg.apache.ratis.thirdparty.io.netty.allocator.useCacheForAllThreads=false in command line.
2022-08-10 09:22:15,000 [Listener at localhost/38141] INFO  grpc.GrpcConfigKeys (ConfUtils.java:logGet(46)) - raft.grpc.admin.port = -1 (default)
2022-08-10 09:22:15,000 [Listener at localhost/38141] INFO  grpc.GrpcConfigKeys (ConfUtils.java:logGet(46)) - raft.grpc.server.port = 34947 (custom)
2022-08-10 09:22:15,000 [Listener at localhost/38141] INFO  grpc.GrpcConfigKeys (ConfUtils.java:logGet(46)) - raft.grpc.client.port = -1 (default)
2022-08-10 09:22:15,001 [Listener at localhost/38141] INFO  grpc.GrpcConfigKeys (ConfUtils.java:logGet(46)) - raft.grpc.server.port = 34947 (custom)
2022-08-10 09:22:15,001 [Listener at localhost/38141] INFO  grpc.GrpcConfigKeys (ConfUtils.java:logGet(46)) - raft.grpc.server.port = 34947 (custom)
2022-08-10 09:22:15,001 [Listener at localhost/38141] INFO  server.GrpcService (ConfUtils.java:logGet(46)) - raft.grpc.message.size.max = 33554432 (custom)
2022-08-10 09:22:15,001 [Listener at localhost/38141] INFO  server.RaftServerConfigKeys (ConfUtils.java:logGet(46)) - raft.server.log.appender.buffer.byte-limit = 33554432 (custom)
2022-08-10 09:22:15,001 [Listener at localhost/38141] INFO  server.GrpcService (ConfUtils.java:logGet(46)) - raft.grpc.flow.control.window = 1MB (=1048576) (default)
2022-08-10 09:22:15,002 [Listener at localhost/38141] INFO  server.RaftServerConfigKeys (ConfUtils.java:logGet(46)) - raft.server.rpc.request.timeout = 3000ms (default)
2022-08-10 09:22:15,002 [Listener at localhost/38141] INFO  grpc.GrpcConfigKeys (ConfUtils.java:logGet(46)) - raft.grpc.server.async.request.thread.pool.cached = true (default)
2022-08-10 09:22:15,002 [Listener at localhost/38141] INFO  grpc.GrpcConfigKeys (ConfUtils.java:logGet(46)) - raft.grpc.server.async.request.thread.pool.size = 32 (default)
2022-08-10 09:22:15,003 [Listener at localhost/38141] INFO  impl.DataStreamServerImpl (ConfUtils.java:logGet(46)) - raft.datastream.type = DISABLED (default)
2022-08-10 09:22:15,004 [Listener at localhost/38141] INFO  server.RaftServerConfigKeys (ConfUtils.java:logGet(46)) - raft.server.threadpool.proxy.cached = true (default)
2022-08-10 09:22:15,004 [Listener at localhost/38141] INFO  server.RaftServerConfigKeys (ConfUtils.java:logGet(46)) - raft.server.threadpool.proxy.size = 0 (default)
2022-08-10 09:22:15,004 [Listener at localhost/38141] INFO  server.RaftServerConfigKeys (ConfUtils.java:logGet(46)) - raft.server.rpc.slowness.timeout = 2s (custom)
2022-08-10 09:22:15,004 [Listener at localhost/38141] INFO  server.RaftServerConfigKeys (ConfUtils.java:logGet(46)) - raft.server.leaderelection.leader.step-down.wait-time = 10s (default)
2022-08-10 09:22:15,004 [Listener at localhost/38141] INFO  server.RaftServerConfigKeys (ConfUtils.java:logGet(46)) - raft.server.storage.dir = [/home/runner/work/ozone/ozone/hadoop-ozone/integration-test/target/test-dir/MiniOzoneClusterImpl-5b46f7b7-15cd-42ca-88c0-c813cff626ca/omNode-3/ratis] (custom)
2022-08-10 09:22:15,005 [omNode-3-impl-thread1] INFO  server.RaftServer (RaftServerProxy.java:initGroupDir(247)) - omNode-3: found a subdirectory /home/runner/work/ozone/ozone/hadoop-ozone/integration-test/target/test-dir/MiniOzoneClusterImpl-5b46f7b7-15cd-42ca-88c0-c813cff626ca/omNode-3/ratis/c9bc4cf4-3bc3-3c60-a66b-523986131536
2022-08-10 09:22:15,010 [Listener at localhost/38141] INFO  server.RaftServer (RaftServerProxy.java:addNew(96)) - omNode-3: addNew group-523986131536:[omNode-3|rpc:localhost:34947|priority:0, omNode-1|rpc:localhost:44673|priority:0, omNode-2|rpc:localhost:36767|priority:0] returns group-523986131536:java.util.concurrent.CompletableFuture@7f182c24[Not completed]
2022-08-10 09:22:15,011 [Listener at localhost/38141] INFO  om.OzoneManager (OzoneManager.java:initializeRatisServer(1963)) - OzoneManager Ratis server initialized at port 34947
2022-08-10 09:22:15,011 [Listener at localhost/38141] INFO  ratis.OzoneManagerRatisServer (OzoneManagerRatisServer.java:start(554)) - Starting OzoneManagerRatisServer omNode-3 at port 34947
2022-08-10 09:22:15,011 [pool-444-thread-1] INFO  server.RaftServer$Division (RaftServerImpl.java:<init>(190)) - omNode-3: new RaftServerImpl for group-523986131536:[omNode-3|rpc:localhost:34947|priority:0, omNode-1|rpc:localhost:44673|priority:0, omNode-2|rpc:localhost:36767|priority:0] with OzoneManagerStateMachine:uninitialized
2022-08-10 09:22:15,011 [pool-444-thread-1] INFO  server.RaftServerConfigKeys (ConfUtils.java:logGet(46)) - raft.server.rpc.timeout.min = 1s (custom)
2022-08-10 09:22:15,011 [pool-444-thread-1] INFO  server.RaftServerConfigKeys (ConfUtils.java:logGet(46)) - raft.server.rpc.timeout.max = 1200ms (custom)
2022-08-10 09:22:15,011 [pool-444-thread-1] INFO  server.RaftServerConfigKeys (ConfUtils.java:logGet(46)) - raft.server.rpc.sleep.time = 25ms (default)
2022-08-10 09:22:15,011 [pool-444-thread-1] INFO  server.RaftServerConfigKeys (ConfUtils.java:logGet(46)) - raft.server.rpc.slowness.timeout = 2s (custom)
2022-08-10 09:22:15,011 [pool-444-thread-1] INFO  server.RaftServerConfigKeys (ConfUtils.java:logGet(46)) - raft.server.leaderelection.leader.step-down.wait-time = 10s (default)
2022-08-10 09:22:15,012 [pool-444-thread-1] INFO  server.RaftServerConfigKeys (ConfUtils.java:logGet(46)) - raft.server.sleep.deviation.threshold = 300ms (default)
2022-08-10 09:22:15,012 [pool-444-thread-1] INFO  server.RaftServer$Division (ServerState.java:<init>(107)) - omNode-3@group-523986131536: ConfigurationManager, init=-1: [omNode-3|rpc:localhost:34947|priority:0, omNode-1|rpc:localhost:44673|priority:0, omNode-2|rpc:localhost:36767|priority:0], old=null, confs=<EMPTY_MAP>
2022-08-10 09:22:15,012 [pool-444-thread-1] INFO  server.RaftServerConfigKeys (ConfUtils.java:logGet(46)) - raft.server.storage.dir = [/home/runner/work/ozone/ozone/hadoop-ozone/integration-test/target/test-dir/MiniOzoneClusterImpl-5b46f7b7-15cd-42ca-88c0-c813cff626ca/omNode-3/ratis] (custom)
2022-08-10 09:22:15,012 [pool-444-thread-1] INFO  server.RaftServerConfigKeys (ConfUtils.java:logGet(46)) - raft.server.log.corruption.policy = EXCEPTION (default)
2022-08-10 09:22:15,012 [pool-444-thread-1] INFO  server.RaftServerConfigKeys (ConfUtils.java:logGet(46)) - raft.server.storage.free-space.min = 0MB (=0) (default)
2022-08-10 09:22:15,017 [pool-444-thread-1] INFO  storage.RaftStorageDirectory (RaftStorageDirectoryImpl.java:tryLock(230)) - Lock on /home/runner/work/ozone/ozone/hadoop-ozone/integration-test/target/test-dir/MiniOzoneClusterImpl-5b46f7b7-15cd-42ca-88c0-c813cff626ca/omNode-3/ratis/c9bc4cf4-3bc3-3c60-a66b-523986131536/in_use.lock acquired by nodename 28234@fv-az244-795
2022-08-10 09:22:15,018 [pool-444-thread-1] INFO  storage.RaftStorage (RaftStorageImpl.java:analyzeAndRecoverStorage(110)) - Read RaftStorageMetadata{term=6, votedFor=omNode-3} from /home/runner/work/ozone/ozone/hadoop-ozone/integration-test/target/test-dir/MiniOzoneClusterImpl-5b46f7b7-15cd-42ca-88c0-c813cff626ca/omNode-3/ratis/c9bc4cf4-3bc3-3c60-a66b-523986131536/current/raft-meta
2022-08-10 09:22:15,018 [pool-444-thread-1] INFO  server.RaftServer$Division (ServerState.java:setRaftConf(393)) - omNode-3@group-523986131536: set configuration 59: [omNode-3|rpc:localhost:34947|admin:|client:|dataStream:|priority:0, omNode-1|rpc:localhost:44673|admin:|client:|dataStream:|priority:0, omNode-2|rpc:localhost:36767|admin:|client:|dataStream:|priority:0], old=null
2022-08-10 09:22:15,018 [pool-444-thread-1] INFO  server.RaftServerConfigKeys (ConfUtils.java:logGet(46)) - raft.server.notification.no-leader.timeout = 2s (custom)
2022-08-10 09:22:15,018 [pool-444-thread-1] INFO  server.RaftServerConfigKeys (ConfUtils.java:logGet(46)) - raft.server.log.use.memory = false (default)
2022-08-10 09:22:15,018 [pool-444-thread-1] INFO  server.RaftServerConfigKeys (ConfUtils.java:logGet(46)) - raft.server.log.purge.gap = 50 (custom)
2022-08-10 09:22:15,019 [pool-444-thread-1] INFO  server.RaftServerConfigKeys (ConfUtils.java:logGet(46)) - raft.server.log.appender.buffer.byte-limit = 33554432 (custom)
2022-08-10 09:22:15,019 [pool-444-thread-1] INFO  server.RaftServerConfigKeys (ConfUtils.java:logGet(46)) - raft.server.log.statemachine.data.read.timeout = 1000ms (default)
2022-08-10 09:22:15,020 [pool-444-thread-1] INFO  server.RaftServerConfigKeys (ConfUtils.java:logGet(46)) - raft.server.log.segment.size.max = 4194304 (custom)
2022-08-10 09:22:15,021 [pool-444-thread-1] INFO  server.RaftServerConfigKeys (ConfUtils.java:logGet(46)) - raft.server.log.segment.cache.num.max = 2 (custom)
2022-08-10 09:22:15,021 [pool-444-thread-1] INFO  server.RaftServerConfigKeys (ConfUtils.java:logGet(46)) - raft.server.log.segment.cache.size.max = 200MB (=209715200) (default)
2022-08-10 09:22:15,021 [pool-444-thread-1] INFO  segmented.SegmentedRaftLogWorker (SegmentedRaftLogWorker.java:<init>(187)) - new omNode-3@group-523986131536-SegmentedRaftLogWorker for RaftStorageImpl:Storage Directory /home/runner/work/ozone/ozone/hadoop-ozone/integration-test/target/test-dir/MiniOzoneClusterImpl-5b46f7b7-15cd-42ca-88c0-c813cff626ca/omNode-3/ratis/c9bc4cf4-3bc3-3c60-a66b-523986131536
2022-08-10 09:22:15,021 [pool-444-thread-1] INFO  server.RaftServerConfigKeys (ConfUtils.java:logGet(46)) - raft.server.log.queue.byte-limit = 64MB (=67108864) (default)
2022-08-10 09:22:15,021 [pool-444-thread-1] INFO  server.RaftServerConfigKeys (ConfUtils.java:logGet(46)) - raft.server.log.queue.element-limit = 4096 (default)
2022-08-10 09:22:15,021 [pool-444-thread-1] INFO  server.RaftServerConfigKeys (ConfUtils.java:logGet(46)) - raft.server.log.segment.size.max = 4194304 (custom)
2022-08-10 09:22:15,021 [pool-444-thread-1] INFO  server.RaftServerConfigKeys (ConfUtils.java:logGet(46)) - raft.server.log.preallocated.size = 4194304 (custom)
2022-08-10 09:22:15,021 [pool-444-thread-1] INFO  server.RaftServerConfigKeys (ConfUtils.java:logGet(46)) - raft.server.log.force.sync.num = 128 (default)
2022-08-10 09:22:15,021 [pool-444-thread-1] INFO  server.RaftServerConfigKeys (ConfUtils.java:logGet(46)) - raft.server.log.statemachine.data.sync = true (default)
2022-08-10 09:22:15,022 [pool-444-thread-1] INFO  server.RaftServerConfigKeys (ConfUtils.java:logGet(46)) - raft.server.log.statemachine.data.sync.timeout = 10s (default)
2022-08-10 09:22:15,022 [pool-444-thread-1] INFO  server.RaftServerConfigKeys (ConfUtils.java:logGet(46)) - raft.server.log.statemachine.data.sync.timeout.retry = -1 (default)
2022-08-10 09:22:15,023 [pool-444-thread-1] INFO  server.RaftServerConfigKeys (ConfUtils.java:logGet(46)) - raft.server.log.write.buffer.size = 64KB (=65536) (default)
2022-08-10 09:22:15,023 [pool-444-thread-1] INFO  server.RaftServerConfigKeys (ConfUtils.java:logGet(46)) - raft.server.log.unsafe-flush.enabled = false (default)
2022-08-10 09:22:15,023 [pool-444-thread-1] INFO  server.RaftServerConfigKeys (ConfUtils.java:logGet(46)) - raft.server.log.statemachine.data.caching.enabled = false (default)
2022-08-10 09:22:15,025 [pool-444-thread-1] INFO  server.RaftServer$Division (ServerState.java:setRaftConf(393)) - omNode-3@group-523986131536: set configuration 59: [omNode-3|rpc:localhost:34947|admin:|client:|dataStream:|priority:0, omNode-1|rpc:localhost:44673|admin:|client:|dataStream:|priority:0, omNode-2|rpc:localhost:36767|admin:|client:|dataStream:|priority:0], old=null
2022-08-10 09:22:15,028 [pool-444-thread-1] INFO  segmented.LogSegment (LogSegment.java:loadSegment(173)) - Successfully read 86 entries from segment file /home/runner/work/ozone/ozone/hadoop-ozone/integration-test/target/test-dir/MiniOzoneClusterImpl-5b46f7b7-15cd-42ca-88c0-c813cff626ca/omNode-3/ratis/c9bc4cf4-3bc3-3c60-a66b-523986131536/current/log_inprogress_59
2022-08-10 09:22:15,029 [pool-444-thread-1] INFO  segmented.SegmentedRaftLogWorker (SegmentedRaftLogWorker.java:lambda$new$0(135)) - omNode-3@group-523986131536-SegmentedRaftLogWorker: flushIndex: setUnconditionally 0 -> 144
2022-08-10 09:22:15,029 [pool-444-thread-1] INFO  segmented.SegmentedRaftLogWorker (SegmentedRaftLogWorker.java:lambda$new$0(135)) - omNode-3@group-523986131536-SegmentedRaftLogWorker: safeCacheEvictIndex: setUnconditionally 0 -> -1
2022-08-10 09:22:15,031 [pool-444-thread-1] INFO  raftlog.RaftLog (RaftLogBase.java:lambda$new$0(53)) - omNode-3@group-523986131536-SegmentedRaftLog: commitIndex: updateToMax old=144, new=143, updated? false
2022-08-10 09:22:15,031 [pool-444-thread-1] INFO  raftlog.RaftLog (RaftLogBase.java:lambda$new$0(53)) - omNode-3@group-523986131536-SegmentedRaftLog: purgeIndex: updateIncreasingly -1 -> 58
2022-08-10 09:22:15,031 [pool-444-thread-1] INFO  server.RaftServerConfigKeys (ConfUtils.java:logGet(46)) - raft.server.snapshot.auto.trigger.enabled = true (custom)
2022-08-10 09:22:15,031 [pool-444-thread-1] INFO  server.RaftServerConfigKeys (ConfUtils.java:logGet(46)) - raft.server.snapshot.auto.trigger.threshold = 50 (custom)
2022-08-10 09:22:15,031 [pool-444-thread-1] INFO  server.RaftServerConfigKeys (ConfUtils.java:logGet(46)) - raft.server.snapshot.retention.file.num = -1 (default)
2022-08-10 09:22:15,031 [pool-444-thread-1] INFO  server.RaftServerConfigKeys (ConfUtils.java:logGet(46)) - raft.server.log.purge.upto.snapshot.index = true (custom)
2022-08-10 09:22:15,032 [pool-444-thread-1] INFO  server.RaftServerConfigKeys (ConfUtils.java:logGet(46)) - raft.server.retrycache.expirytime = 30000ms (custom)
2022-08-10 09:22:15,032 [pool-444-thread-1] INFO  server.RaftServerConfigKeys (ConfUtils.java:logGet(46)) - raft.server.retrycache.statistics.expirytime = 100μs (default)
2022-08-10 09:22:15,033 [pool-444-thread-1] INFO  server.RaftServerConfigKeys (ConfUtils.java:logGet(46)) - raft.server.log.appender.install.snapshot.enabled = false (custom)
2022-08-10 09:22:15,033 [pool-444-thread-1] INFO  server.RaftServerConfigKeys (ConfUtils.java:logGet(46)) - raft.server.threadpool.server.cached = true (default)
2022-08-10 09:22:15,033 [pool-444-thread-1] INFO  server.RaftServerConfigKeys (ConfUtils.java:logGet(46)) - raft.server.threadpool.server.size = 0 (default)
2022-08-10 09:22:15,033 [pool-444-thread-1] INFO  server.RaftServerConfigKeys (ConfUtils.java:logGet(46)) - raft.server.threadpool.client.cached = true (default)
2022-08-10 09:22:15,034 [pool-444-thread-1] INFO  server.RaftServerConfigKeys (ConfUtils.java:logGet(46)) - raft.server.threadpool.client.size = 0 (default)
2022-08-10 09:22:15,034 [omNode-3-impl-thread1] INFO  server.RaftServer$Division (RaftServerImpl.java:start(310)) - omNode-3@group-523986131536: start as a follower, conf=59: [omNode-3|rpc:localhost:34947|admin:|client:|dataStream:|priority:0, omNode-1|rpc:localhost:44673|admin:|client:|dataStream:|priority:0, omNode-2|rpc:localhost:36767|admin:|client:|dataStream:|priority:0], old=null
2022-08-10 09:22:15,034 [omNode-3-impl-thread1] INFO  server.RaftServer$Division (RaftServerImpl.java:setRole(299)) - omNode-3@group-523986131536: changes role from      null to FOLLOWER at term 6 for startAsFollower
2022-08-10 09:22:15,034 [omNode-3-impl-thread1] INFO  impl.RoleInfo (RoleInfo.java:updateAndGet(139)) - omNode-3: start omNode-3@group-523986131536-FollowerState
2022-08-10 09:22:15,035 [omNode-3-impl-thread1] INFO  util.JmxRegister (JmxRegister.java:tryRegister(44)) - Successfully registered JMX Bean with object name Ratis:service=RaftServer,group=group-523986131536,id=omNode-3
2022-08-10 09:22:15,035 [Listener at localhost/38141] INFO  server.RaftServer (RaftServerProxy.java:lambda$start$6(382)) - omNode-3: start RPC server
2022-08-10 09:22:15,042 [Listener at localhost/38141] INFO  server.GrpcService (GrpcService.java:startImpl(260)) - omNode-3: GrpcService started, listening on 34947
2022-08-10 09:22:15,043 [Listener at localhost/38141] INFO  om.OzoneManager (OzoneManager.java:getRpcServer(1086)) - Creating RPC Server
2022-08-10 09:22:15,045 [org.apache.ratis.util.JvmPauseMonitor$$Lambda$696/1259104175@44b9f6c9] INFO  util.JvmPauseMonitor (JvmPauseMonitor.java:run(103)) - JvmPauseMonitor-omNode-3: Started
2022-08-10 09:22:15,403 [Listener at localhost/38141] INFO  reflections.Reflections (Reflections.java:scan(232)) - Reflections took 359 ms to scan 19 urls, producing 67 keys and 4150 values [using 2 cores]
2022-08-10 09:22:15,405 [Listener at localhost/38141] INFO  ipc.CallQueueManager (CallQueueManager.java:<init>(90)) - Using callQueue: class java.util.concurrent.LinkedBlockingQueue, queueCapacity: 2000, scheduler: class org.apache.hadoop.ipc.DefaultRpcScheduler, ipcBackoff: false.
2022-08-10 09:22:15,408 [Socket Reader #1 for port 36235] INFO  ipc.Server (Server.java:run(1265)) - Starting Socket Reader #1 for port 36235
2022-08-10 09:22:15,412 [Listener at localhost/36235] INFO  http.BaseHttpServer (BaseHttpServer.java:newHttpServer2BuilderForOzone(209)) - Starting Web-server for ozoneManager at: http://0.0.0.0:34027
2022-08-10 09:22:15,412 [Listener at localhost/36235] INFO  http.BaseHttpServer (BaseHttpServer.java:<init>(107)) - Hadoop Security Enabled: false Ozone Security Enabled: false Ozone HTTP Security Enabled: false 
2022-08-10 09:22:15,413 [Listener at localhost/36235] INFO  server.AuthenticationFilter (AuthenticationFilter.java:constructSecretProvider(240)) - Unable to initialize FileSignerSecretProvider, falling back to use random secrets.
2022-08-10 09:22:15,414 [Listener at localhost/36235] WARN  http.HttpRequestLog (HttpRequestLog.java:getRequestLog(103)) - Jetty request log can only be enabled using Log4j
2022-08-10 09:22:15,416 [Listener at localhost/36235] INFO  http.HttpServer2 (HttpServer2.java:addGlobalFilter(1029)) - Added global filter 'safety' (class=org.apache.hadoop.hdds.server.http.HttpServer2$QuotingInputFilter)
2022-08-10 09:22:15,417 [Listener at localhost/36235] INFO  http.HttpServer2 (HttpServer2.java:addFilter(1005)) - Added filter static_user_filter (class=org.apache.hadoop.http.lib.StaticUserWebFilter$StaticUserFilter) to context ozoneManager
2022-08-10 09:22:15,417 [Listener at localhost/36235] INFO  http.HttpServer2 (HttpServer2.java:addFilter(1013)) - Added filter static_user_filter (class=org.apache.hadoop.http.lib.StaticUserWebFilter$StaticUserFilter) to context static
2022-08-10 09:22:15,417 [Listener at localhost/36235] INFO  http.HttpServer2 (HttpServer2.java:addFilter(1013)) - Added filter static_user_filter (class=org.apache.hadoop.http.lib.StaticUserWebFilter$StaticUserFilter) to context logs
2022-08-10 09:22:15,418 [Listener at localhost/36235] INFO  http.HttpServer2 (HttpServer2.java:bindListener(1248)) - Jetty bound to port 34027
2022-08-10 09:22:15,418 [Listener at localhost/36235] INFO  server.Server (Server.java:doStart(375)) - jetty-9.4.43.v20210629; built: 2021-06-30T11:07:22.254Z; git: 526006ecfa3af7f1a27ef3a288e2bef7ea9dd7e8; jvm 1.8.0_332-b09
2022-08-10 09:22:15,427 [Listener at localhost/36235] INFO  server.session (DefaultSessionIdManager.java:doStart(334)) - DefaultSessionIdManager workerName=node0
2022-08-10 09:22:15,427 [Listener at localhost/36235] INFO  server.session (DefaultSessionIdManager.java:doStart(339)) - No SessionScavenger set, using defaults
2022-08-10 09:22:15,428 [Listener at localhost/36235] INFO  server.session (HouseKeeper.java:startScavenging(132)) - node0 Scavenging every 600000ms
2022-08-10 09:22:15,428 [Listener at localhost/36235] INFO  handler.ContextHandler (ContextHandler.java:doStart(915)) - Started o.e.j.s.ServletContextHandler@b51fd9a{logs,/logs,file:///home/runner/work/ozone/ozone/hadoop-ozone/integration-test/target/log,AVAILABLE}
2022-08-10 09:22:15,429 [Listener at localhost/36235] INFO  handler.ContextHandler (ContextHandler.java:doStart(915)) - Started o.e.j.s.ServletContextHandler@25a636f6{static,/static,file:///home/runner/work/ozone/ozone/hadoop-ozone/integration-test/target/test-classes/webapps/static,AVAILABLE}
2022-08-10 09:22:15,433 [Listener at localhost/36235] INFO  handler.ContextHandler (ContextHandler.java:doStart(915)) - Started o.e.j.w.WebAppContext@4c954ace{ozoneManager,/,file:///home/runner/work/ozone/ozone/hadoop-ozone/integration-test/target/test-classes/webapps/ozoneManager/,AVAILABLE}{file:/home/runner/work/ozone/ozone/hadoop-ozone/integration-test/target/test-classes/webapps/ozoneManager}
2022-08-10 09:22:15,435 [Listener at localhost/36235] INFO  server.AbstractConnector (AbstractConnector.java:doStart(331)) - Started ServerConnector@68f68a1a{HTTP/1.1, (http/1.1)}{0.0.0.0:34027}
2022-08-10 09:22:15,435 [Listener at localhost/36235] INFO  server.Server (Server.java:doStart(415)) - Started @62885ms
2022-08-10 09:22:15,435 [Listener at localhost/36235] WARN  impl.MetricsSystemImpl (MetricsSystemImpl.java:register(279)) - Sink prometheus already exists!
2022-08-10 09:22:15,436 [omNode-1@group-523986131536-FollowerState] INFO  impl.FollowerState (FollowerState.java:run(143)) - omNode-1@group-523986131536-FollowerState: change to CANDIDATE, lastRpcElapsedTime:1081639056ns, electionTimeout:1081ms
2022-08-10 09:22:15,436 [omNode-1@group-523986131536-FollowerState] INFO  impl.RoleInfo (RoleInfo.java:shutdownFollowerState(110)) - omNode-1: shutdown omNode-1@group-523986131536-FollowerState
2022-08-10 09:22:15,436 [omNode-1@group-523986131536-FollowerState] INFO  server.RaftServer$Division (RaftServerImpl.java:setRole(299)) - omNode-1@group-523986131536: changes role from  FOLLOWER to CANDIDATE at term 8 for changeToCandidate
2022-08-10 09:22:15,436 [omNode-1@group-523986131536-FollowerState] INFO  server.RaftServerConfigKeys (ConfUtils.java:logGet(46)) - raft.server.leaderelection.pre-vote = false (custom)
2022-08-10 09:22:15,436 [omNode-1@group-523986131536-FollowerState] INFO  impl.RoleInfo (RoleInfo.java:updateAndGet(139)) - omNode-1: start omNode-1@group-523986131536-LeaderElection23
2022-08-10 09:22:15,438 [Listener at localhost/36235] INFO  http.BaseHttpServer (BaseHttpServer.java:updateConnectorAddress(329)) - HTTP server of ozoneManager listening at http://0.0.0.0:34027
2022-08-10 09:22:15,441 [IPC Server Responder] INFO  ipc.Server (Server.java:run(1507)) - IPC Server Responder: starting
2022-08-10 09:22:15,441 [IPC Server listener on 36235] INFO  ipc.Server (Server.java:run(1344)) - IPC Server listener on 36235: starting
2022-08-10 09:22:15,449 [omNode-1@group-523986131536-LeaderElection23] INFO  impl.LeaderElection (LeaderElection.java:askForVotes(310)) - omNode-1@group-523986131536-LeaderElection23 ELECTION round 0: submit vote requests at term 9 for 59: [omNode-3|rpc:localhost:34947|admin:|client:|dataStream:|priority:0, omNode-1|rpc:localhost:44673|admin:|client:|dataStream:|priority:0, omNode-2|rpc:localhost:36767|admin:|client:|dataStream:|priority:0], old=null
2022-08-10 09:22:15,452 [grpc-default-executor-3] INFO  server.RaftServer$Division (RaftServerImpl.java:requestVote(1152)) - omNode-3@group-523986131536: receive requestVote(ELECTION, omNode-1, group-523986131536, 9, (t:6, i:144))
2022-08-10 09:22:15,452 [grpc-default-executor-3] INFO  impl.VoteContext (VoteContext.java:log(48)) - omNode-3@group-523986131536-FOLLOWER: accept ELECTION from omNode-1: our priority 0 <= candidate's priority 0
2022-08-10 09:22:15,452 [grpc-default-executor-3] INFO  server.RaftServer$Division (RaftServerImpl.java:setRole(299)) - omNode-3@group-523986131536: changes role from  FOLLOWER to FOLLOWER at term 9 for candidate:omNode-1
2022-08-10 09:22:15,452 [grpc-default-executor-3] INFO  impl.RoleInfo (RoleInfo.java:shutdownFollowerState(110)) - omNode-3: shutdown omNode-3@group-523986131536-FollowerState
2022-08-10 09:22:15,454 [Listener at localhost/36235] INFO  om.OzoneManager (OzoneManager.java:startTrashEmptier(1907)) - Trash Interval set to 0. Files deleted won't move to trash
2022-08-10 09:22:15,454 [Listener at localhost/36235] INFO  om.OzoneManager (OzoneManager.java:stop(2022)) - omNode-1[localhost:39929]: Stopping Ozone Manager
2022-08-10 09:22:15,454 [Listener at localhost/36235] INFO  ipc.Server (Server.java:stop(3414)) - Stopping server on 39929
2022-08-10 09:22:15,456 [omNode-3@group-523986131536-FollowerState] INFO  impl.FollowerState (FollowerState.java:run(152)) - omNode-3@group-523986131536-FollowerState was interrupted
2022-08-10 09:22:15,457 [org.apache.hadoop.util.JvmPauseMonitor$Monitor@5a68cb53] INFO  util.JvmPauseMonitor (JvmPauseMonitor.java:run(188)) - Starting JVM pause monitor
2022-08-10 09:22:15,459 [IPC Server listener on 39929] INFO  ipc.Server (Server.java:run(1376)) - Stopping IPC Server listener on 39929
2022-08-10 09:22:15,459 [IPC Server Responder] INFO  ipc.Server (Server.java:run(1512)) - Stopping IPC Server Responder
2022-08-10 09:22:15,460 [grpc-default-executor-3] INFO  impl.RoleInfo (RoleInfo.java:updateAndGet(139)) - omNode-3: start omNode-3@group-523986131536-FollowerState
2022-08-10 09:22:15,460 [Listener at localhost/36235] INFO  server.RaftServer (RaftServerProxy.java:lambda$close$7(398)) - omNode-1: close
2022-08-10 09:22:15,461 [Listener at localhost/36235] INFO  server.RaftServer$Division (RaftServerImpl.java:lambda$close$4(434)) - omNode-1@group-523986131536: shutdown
2022-08-10 09:22:15,461 [Listener at localhost/36235] INFO  util.JmxRegister (JmxRegister.java:unregister(73)) - Successfully un-registered JMX Bean with object name Ratis:service=RaftServer,group=group-523986131536,id=omNode-1
2022-08-10 09:22:15,461 [Listener at localhost/36235] INFO  impl.RoleInfo (RoleInfo.java:shutdownLeaderElection(130)) - omNode-1: shutdown omNode-1@group-523986131536-LeaderElection23
2022-08-10 09:22:15,461 [Listener at localhost/36235] INFO  impl.StateMachineUpdater (StateMachineUpdater.java:stopAndJoin(153)) - omNode-1@group-523986131536-StateMachineUpdater: set stopIndex = 143
2022-08-10 09:22:15,462 [omNode-1@group-523986131536-StateMachineUpdater] INFO  ratis.OzoneManagerStateMachine (OzoneManagerStateMachine.java:takeSnapshot(441)) - Current Snapshot Index (t:6, i:143)
2022-08-10 09:22:15,462 [omNode-1@group-523986131536-StateMachineUpdater] INFO  impl.StateMachineUpdater (StateMachineUpdater.java:takeSnapshot(287)) - omNode-1@group-523986131536-StateMachineUpdater: Took a snapshot at index 143
2022-08-10 09:22:15,462 [omNode-1@group-523986131536-StateMachineUpdater] INFO  impl.StateMachineUpdater (StateMachineUpdater.java:lambda$new$0(92)) - omNode-1@group-523986131536-StateMachineUpdater: snapshotIndex: updateIncreasingly 108 -> 143
2022-08-10 09:22:15,462 [omNode-1@group-523986131536-StateMachineUpdater] INFO  raftlog.RaftLog (RaftLogBase.java:purge(308)) - omNode-1@group-523986131536-SegmentedRaftLog: purge 143
2022-08-10 09:22:15,462 [omNode-1@group-523986131536-StateMachineUpdater] INFO  raftlog.RaftLog (RaftLogBase.java:lambda$new$0(53)) - omNode-1@group-523986131536-SegmentedRaftLog: snapshotIndex: updateIncreasingly 108 -> 143
2022-08-10 09:22:15,462 [omNode-1@group-523986131536-StateMachineUpdater] INFO  raftlog.RaftLog (RaftLogBase.java:lambda$new$0(53)) - omNode-1@group-523986131536-SegmentedRaftLog: purgeIndex: updateToMax old=58, new=143, updated? true
2022-08-10 09:22:15,462 [omNode-1@group-523986131536-StateMachineUpdater] INFO  ratis.OzoneManagerStateMachine (OzoneManagerStateMachine.java:close(495)) - StateMachine has shutdown. Shutdown OzoneManager if not already shutdown.
2022-08-10 09:22:15,462 [omNode-1@group-523986131536-StateMachineUpdater] INFO  ratis.OzoneManagerDoubleBuffer (OzoneManagerDoubleBuffer.java:stop(466)) - Stopping OMDoubleBuffer flush thread
2022-08-10 09:22:15,473 [OMDoubleBufferFlushThread] INFO  ratis.OzoneManagerDoubleBuffer (OzoneManagerDoubleBuffer.java:flushTransactions(385)) - OMDoubleBuffer flush thread OMDoubleBufferFlushThread is interrupted and will exit.
2022-08-10 09:22:15,474 [grpc-default-executor-3] INFO  server.RaftServer$Division (RaftServerImpl.java:requestVote(1184)) - omNode-3@group-523986131536 replies to ELECTION vote request: omNode-1<-omNode-3#0:OK-t9. Peer's state: omNode-3@group-523986131536:t9, leader=null, voted=omNode-1, raftlog=omNode-3@group-523986131536-SegmentedRaftLog:OPENED:c144, conf=59: [omNode-3|rpc:localhost:34947|admin:|client:|dataStream:|priority:0, omNode-1|rpc:localhost:44673|admin:|client:|dataStream:|priority:0, omNode-2|rpc:localhost:36767|admin:|client:|dataStream:|priority:0], old=null
2022-08-10 09:22:15,475 [grpc-default-executor-3] INFO  server.RaftServer$Division (RaftServerImpl.java:requestVote(1152)) - omNode-2@group-523986131536: receive requestVote(ELECTION, omNode-1, group-523986131536, 9, (t:6, i:144))
2022-08-10 09:22:15,475 [grpc-default-executor-3] INFO  impl.VoteContext (VoteContext.java:log(48)) - omNode-2@group-523986131536-FOLLOWER: accept ELECTION from omNode-1: our last entry (t:4, i:56) < candidate's last entry (t:6, i:144)
2022-08-10 09:22:15,475 [grpc-default-executor-3] INFO  server.RaftServer$Division (RaftServerImpl.java:setRole(299)) - omNode-2@group-523986131536: changes role from  FOLLOWER to FOLLOWER at term 9 for candidate:omNode-1
2022-08-10 09:22:15,475 [grpc-default-executor-3] INFO  impl.RoleInfo (RoleInfo.java:shutdownFollowerState(110)) - omNode-2: shutdown omNode-2@group-523986131536-FollowerState
2022-08-10 09:22:15,475 [grpc-default-executor-3] INFO  impl.RoleInfo (RoleInfo.java:updateAndGet(139)) - omNode-2: start omNode-2@group-523986131536-FollowerState
2022-08-10 09:22:15,475 [omNode-1@group-523986131536-LeaderElection23] INFO  impl.LeaderElection (LeaderElection.java:logAndReturn(90)) - omNode-1@group-523986131536-LeaderElection23: ELECTION PASSED received 1 response(s) and 0 exception(s):
2022-08-10 09:22:15,475 [omNode-1@group-523986131536-LeaderElection23] INFO  impl.LeaderElection (LeaderElection.java:logAndReturn(94)) -   Response 0: omNode-1<-omNode-3#0:OK-t9
2022-08-10 09:22:15,476 [omNode-2@group-523986131536-FollowerState] INFO  impl.FollowerState (FollowerState.java:run(152)) - omNode-2@group-523986131536-FollowerState was interrupted
2022-08-10 09:22:15,481 [omNode-1@group-523986131536-LeaderElection23] INFO  impl.LeaderElection (LeaderElection.java:askForVotes(312)) - omNode-1@group-523986131536-LeaderElection23 ELECTION round 0: result PASSED
2022-08-10 09:22:15,481 [grpc-default-executor-3] INFO  server.RaftServer$Division (RaftServerImpl.java:requestVote(1184)) - omNode-2@group-523986131536 replies to ELECTION vote request: omNode-1<-omNode-2#0:OK-t9. Peer's state: omNode-2@group-523986131536:t9, leader=null, voted=omNode-1, raftlog=omNode-2@group-523986131536-SegmentedRaftLog:OPENED:c56, conf=59: [omNode-3|rpc:localhost:34947|admin:|client:|dataStream:|priority:0, omNode-1|rpc:localhost:44673|admin:|client:|dataStream:|priority:0, omNode-2|rpc:localhost:36767|admin:|client:|dataStream:|priority:0], old=null
2022-08-10 09:22:15,481 [Listener at localhost/36235] INFO  server.RaftServer$Division (ServerState.java:close(429)) - omNode-1@group-523986131536: closes. applyIndex: 143
2022-08-10 09:22:15,482 [omNode-1@group-523986131536-SegmentedRaftLogWorker] INFO  segmented.SegmentedRaftLogWorker (SegmentedRaftLogWorker.java:run(336)) - omNode-1@group-523986131536-SegmentedRaftLogWorker was interrupted, exiting. There are 0 tasks remaining in the queue.
2022-08-10 09:22:15,484 [Listener at localhost/36235] INFO  segmented.SegmentedRaftLogWorker (SegmentedRaftLogWorker.java:close(246)) - omNode-1@group-523986131536-SegmentedRaftLogWorker close()
2022-08-10 09:22:15,486 [Listener at localhost/36235] INFO  server.GrpcService (GrpcService.java:closeImpl(269)) - omNode-1: shutdown server with port 44673 now
2022-08-10 09:22:15,497 [Listener at localhost/36235] INFO  server.GrpcService (GrpcService.java:closeImpl(278)) - omNode-1: shutdown server with port 44673 successfully
2022-08-10 09:22:15,497 [org.apache.ratis.util.JvmPauseMonitor$$Lambda$696/1259104175@4b4bf383] INFO  util.JvmPauseMonitor (JvmPauseMonitor.java:run(109)) - JvmPauseMonitor-omNode-1: Stopped
2022-08-10 09:22:15,497 [Listener at localhost/36235] INFO  ratis.OzoneManagerStateMachine (OzoneManagerStateMachine.java:close(495)) - StateMachine has shutdown. Shutdown OzoneManager if not already shutdown.
2022-08-10 09:22:15,498 [Listener at localhost/36235] INFO  ratis.OzoneManagerDoubleBuffer (OzoneManagerDoubleBuffer.java:stop(478)) - OMDoubleBuffer flush thread is not running.
2022-08-10 09:22:15,498 [Listener at localhost/36235] INFO  handler.ContextHandler (ContextHandler.java:doStop(1153)) - Stopped o.e.j.w.WebAppContext@1fad3858{ozoneManager,/,null,STOPPED}{file:/home/runner/work/ozone/ozone/hadoop-ozone/integration-test/target/test-classes/webapps/ozoneManager}
2022-08-10 09:22:15,499 [Listener at localhost/36235] INFO  server.AbstractConnector (AbstractConnector.java:doStop(381)) - Stopped ServerConnector@2492174c{HTTP/1.1, (http/1.1)}{0.0.0.0:33883}
2022-08-10 09:22:15,499 [Listener at localhost/36235] INFO  server.session (HouseKeeper.java:stopScavenging(149)) - node0 Stopped scavenging
2022-08-10 09:22:15,499 [Listener at localhost/36235] INFO  handler.ContextHandler (ContextHandler.java:doStop(1153)) - Stopped o.e.j.s.ServletContextHandler@ed24620{static,/static,file:///home/runner/work/ozone/ozone/hadoop-ozone/integration-test/target/test-classes/webapps/static,STOPPED}
2022-08-10 09:22:15,499 [Listener at localhost/36235] INFO  handler.ContextHandler (ContextHandler.java:doStop(1153)) - Stopped o.e.j.s.ServletContextHandler@61a2721d{logs,/logs,file:///home/runner/work/ozone/ozone/hadoop-ozone/integration-test/target/log,STOPPED}
2022-08-10 09:22:15,505 [Listener at localhost/36235] INFO  om.OzoneManager (OzoneManager.java:restart(1559)) - OzoneManager RPC server is listening at localhost/127.0.0.1:39929
2022-08-10 09:22:15,505 [Listener at localhost/36235] INFO  impl.MetricsSystemImpl (MetricsSystemImpl.java:init(158)) - OzoneManager metrics system started (again)
2022-08-10 09:22:15,519 [Listener at localhost/36235] WARN  server.ServerUtils (ServerUtils.java:getDBPath(225)) - ozone.om.db.dirs is not configured. We recommend adding this setting. Falling back to ozone.metadata.dirs instead.
2022-08-10 09:22:15,520 [Listener at localhost/36235] INFO  codec.OmKeyInfoCodec (OmKeyInfoCodec.java:<init>(49)) - OmKeyInfoCodec ignorePipeline = true
2022-08-10 09:22:15,520 [Listener at localhost/36235] INFO  codec.RepeatedOmKeyInfoCodec (RepeatedOmKeyInfoCodec.java:<init>(41)) - RepeatedOmKeyInfoCodec ignorePipeline = true
2022-08-10 09:22:15,569 [Listener at localhost/36235] INFO  om.OzoneManager (OzoneManager.java:instantiateServices(697)) - S3 Multi-Tenancy is disabled
2022-08-10 09:22:15,571 [Listener at localhost/36235] WARN  impl.MetricRegistriesImpl (MetricRegistriesImpl.java:addReporterRegistration(111)) - New reporters are added after registries were created. Some metrics will be missing from the reporter. Please add reporter before adding any new registry.
2022-08-10 09:22:15,571 [Listener at localhost/36235] WARN  impl.MetricRegistriesImpl (MetricRegistriesImpl.java:addReporterRegistration(111)) - New reporters are added after registries were created. Some metrics will be missing from the reporter. Please add reporter before adding any new registry.
2022-08-10 09:22:15,571 [Listener at localhost/36235] WARN  server.ServerUtils (ServerUtils.java:getDefaultRatisDirectory(237)) - Storage directory for Ratis is not configured. It is a good idea to map this to an SSD disk. Falling back to ozone.metadata.dirs
2022-08-10 09:22:15,572 [Listener at localhost/36235] INFO  ratis.OzoneManagerRatisServer (OzoneManagerRatisServer.java:<init>(159)) - Instantiating OM Ratis server with groupID: om-service-test1 and peers: localhost:44673, localhost:34947, localhost:36767
2022-08-10 09:22:15,573 [Listener at localhost/36235] INFO  ratis.OzoneManagerStateMachine (OzoneManagerStateMachine.java:loadSnapshotInfoFromDB(632)) - LastAppliedIndex is set from TransactionInfo from OM DB as (t:6, i:143)
2022-08-10 09:22:15,573 [Listener at localhost/36235] INFO  server.RaftServer (ConfUtils.java:logGet(46)) - raft.rpc.type = GRPC (default)
2022-08-10 09:22:15,573 [Listener at localhost/36235] INFO  grpc.GrpcFactory (GrpcFactory.java:checkPooledByteBufAllocatorUseCacheForAllThreads(48)) - PERFORMANCE WARNING: useCacheForAllThreads is true that may cause Netty to create a lot garbage objects and, as a result, trigger GC.
	It is recommended to disable useCacheForAllThreads by setting -Dorg.apache.ratis.thirdparty.io.netty.allocator.useCacheForAllThreads=false in command line.
2022-08-10 09:22:15,574 [Listener at localhost/36235] INFO  grpc.GrpcConfigKeys (ConfUtils.java:logGet(46)) - raft.grpc.admin.port = -1 (default)
2022-08-10 09:22:15,574 [Listener at localhost/36235] INFO  grpc.GrpcConfigKeys (ConfUtils.java:logGet(46)) - raft.grpc.server.port = 44673 (custom)
2022-08-10 09:22:15,574 [Listener at localhost/36235] INFO  grpc.GrpcConfigKeys (ConfUtils.java:logGet(46)) - raft.grpc.client.port = -1 (default)
2022-08-10 09:22:15,574 [Listener at localhost/36235] INFO  grpc.GrpcConfigKeys (ConfUtils.java:logGet(46)) - raft.grpc.server.port = 44673 (custom)
2022-08-10 09:22:15,574 [Listener at localhost/36235] INFO  grpc.GrpcConfigKeys (ConfUtils.java:logGet(46)) - raft.grpc.server.port = 44673 (custom)
2022-08-10 09:22:15,575 [Listener at localhost/36235] INFO  server.GrpcService (ConfUtils.java:logGet(46)) - raft.grpc.message.size.max = 33554432 (custom)
2022-08-10 09:22:15,575 [Listener at localhost/36235] INFO  server.RaftServerConfigKeys (ConfUtils.java:logGet(46)) - raft.server.log.appender.buffer.byte-limit = 33554432 (custom)
2022-08-10 09:22:15,575 [Listener at localhost/36235] INFO  server.GrpcService (ConfUtils.java:logGet(46)) - raft.grpc.flow.control.window = 1MB (=1048576) (default)
2022-08-10 09:22:15,575 [Listener at localhost/36235] INFO  server.RaftServerConfigKeys (ConfUtils.java:logGet(46)) - raft.server.rpc.request.timeout = 3000ms (default)
2022-08-10 09:22:15,575 [Listener at localhost/36235] INFO  grpc.GrpcConfigKeys (ConfUtils.java:logGet(46)) - raft.grpc.server.async.request.thread.pool.cached = true (default)
2022-08-10 09:22:15,575 [Listener at localhost/36235] INFO  grpc.GrpcConfigKeys (ConfUtils.java:logGet(46)) - raft.grpc.server.async.request.thread.pool.size = 32 (default)
2022-08-10 09:22:15,577 [Listener at localhost/36235] INFO  impl.DataStreamServerImpl (ConfUtils.java:logGet(46)) - raft.datastream.type = DISABLED (default)
2022-08-10 09:22:15,577 [Listener at localhost/36235] INFO  server.RaftServerConfigKeys (ConfUtils.java:logGet(46)) - raft.server.threadpool.proxy.cached = true (default)
2022-08-10 09:22:15,577 [Listener at localhost/36235] INFO  server.RaftServerConfigKeys (ConfUtils.java:logGet(46)) - raft.server.threadpool.proxy.size = 0 (default)
2022-08-10 09:22:15,578 [Listener at localhost/36235] INFO  server.RaftServerConfigKeys (ConfUtils.java:logGet(46)) - raft.server.rpc.slowness.timeout = 2s (custom)
2022-08-10 09:22:15,578 [Listener at localhost/36235] INFO  server.RaftServerConfigKeys (ConfUtils.java:logGet(46)) - raft.server.leaderelection.leader.step-down.wait-time = 10s (default)
2022-08-10 09:22:15,578 [Listener at localhost/36235] INFO  server.RaftServerConfigKeys (ConfUtils.java:logGet(46)) - raft.server.storage.dir = [/home/runner/work/ozone/ozone/hadoop-ozone/integration-test/target/test-dir/MiniOzoneClusterImpl-5b46f7b7-15cd-42ca-88c0-c813cff626ca/omNode-1/ratis] (custom)
2022-08-10 09:22:15,578 [omNode-1-impl-thread1] INFO  server.RaftServer (RaftServerProxy.java:initGroupDir(247)) - omNode-1: found a subdirectory /home/runner/work/ozone/ozone/hadoop-ozone/integration-test/target/test-dir/MiniOzoneClusterImpl-5b46f7b7-15cd-42ca-88c0-c813cff626ca/omNode-1/ratis/c9bc4cf4-3bc3-3c60-a66b-523986131536
2022-08-10 09:22:15,579 [Listener at localhost/36235] INFO  server.RaftServer (RaftServerProxy.java:addNew(96)) - omNode-1: addNew group-523986131536:[omNode-3|rpc:localhost:34947|priority:0, omNode-1|rpc:localhost:44673|priority:0, omNode-2|rpc:localhost:36767|priority:0] returns group-523986131536:java.util.concurrent.CompletableFuture@9e6519c[Not completed]
2022-08-10 09:22:15,579 [pool-468-thread-1] INFO  server.RaftServer$Division (RaftServerImpl.java:<init>(190)) - omNode-1: new RaftServerImpl for group-523986131536:[omNode-3|rpc:localhost:34947|priority:0, omNode-1|rpc:localhost:44673|priority:0, omNode-2|rpc:localhost:36767|priority:0] with OzoneManagerStateMachine:uninitialized
2022-08-10 09:22:15,579 [Listener at localhost/36235] INFO  om.OzoneManager (OzoneManager.java:initializeRatisServer(1963)) - OzoneManager Ratis server initialized at port 44673
2022-08-10 09:22:15,579 [pool-468-thread-1] INFO  server.RaftServerConfigKeys (ConfUtils.java:logGet(46)) - raft.server.rpc.timeout.min = 1s (custom)
2022-08-10 09:22:15,579 [Listener at localhost/36235] INFO  ratis.OzoneManagerRatisServer (OzoneManagerRatisServer.java:start(554)) - Starting OzoneManagerRatisServer omNode-1 at port 44673
2022-08-10 09:22:15,579 [pool-468-thread-1] INFO  server.RaftServerConfigKeys (ConfUtils.java:logGet(46)) - raft.server.rpc.timeout.max = 1200ms (custom)
2022-08-10 09:22:15,580 [pool-468-thread-1] INFO  server.RaftServerConfigKeys (ConfUtils.java:logGet(46)) - raft.server.rpc.sleep.time = 25ms (default)
2022-08-10 09:22:15,580 [pool-468-thread-1] INFO  server.RaftServerConfigKeys (ConfUtils.java:logGet(46)) - raft.server.rpc.slowness.timeout = 2s (custom)
2022-08-10 09:22:15,580 [pool-468-thread-1] INFO  server.RaftServerConfigKeys (ConfUtils.java:logGet(46)) - raft.server.leaderelection.leader.step-down.wait-time = 10s (default)
2022-08-10 09:22:15,580 [pool-468-thread-1] INFO  server.RaftServerConfigKeys (ConfUtils.java:logGet(46)) - raft.server.sleep.deviation.threshold = 300ms (default)
2022-08-10 09:22:15,580 [pool-468-thread-1] INFO  server.RaftServer$Division (ServerState.java:<init>(107)) - omNode-1@group-523986131536: ConfigurationManager, init=-1: [omNode-3|rpc:localhost:34947|priority:0, omNode-1|rpc:localhost:44673|priority:0, omNode-2|rpc:localhost:36767|priority:0], old=null, confs=<EMPTY_MAP>
2022-08-10 09:22:15,580 [pool-468-thread-1] INFO  server.RaftServerConfigKeys (ConfUtils.java:logGet(46)) - raft.server.storage.dir = [/home/runner/work/ozone/ozone/hadoop-ozone/integration-test/target/test-dir/MiniOzoneClusterImpl-5b46f7b7-15cd-42ca-88c0-c813cff626ca/omNode-1/ratis] (custom)
2022-08-10 09:22:15,580 [pool-468-thread-1] INFO  server.RaftServerConfigKeys (ConfUtils.java:logGet(46)) - raft.server.log.corruption.policy = EXCEPTION (default)
2022-08-10 09:22:15,580 [pool-468-thread-1] INFO  server.RaftServerConfigKeys (ConfUtils.java:logGet(46)) - raft.server.storage.free-space.min = 0MB (=0) (default)
2022-08-10 09:22:15,582 [pool-468-thread-1] INFO  storage.RaftStorageDirectory (RaftStorageDirectoryImpl.java:tryLock(230)) - Lock on /home/runner/work/ozone/ozone/hadoop-ozone/integration-test/target/test-dir/MiniOzoneClusterImpl-5b46f7b7-15cd-42ca-88c0-c813cff626ca/omNode-1/ratis/c9bc4cf4-3bc3-3c60-a66b-523986131536/in_use.lock acquired by nodename 28234@fv-az244-795
2022-08-10 09:22:15,582 [pool-468-thread-1] INFO  storage.RaftStorage (RaftStorageImpl.java:analyzeAndRecoverStorage(110)) - Read RaftStorageMetadata{term=9, votedFor=omNode-1} from /home/runner/work/ozone/ozone/hadoop-ozone/integration-test/target/test-dir/MiniOzoneClusterImpl-5b46f7b7-15cd-42ca-88c0-c813cff626ca/omNode-1/ratis/c9bc4cf4-3bc3-3c60-a66b-523986131536/current/raft-meta
2022-08-10 09:22:15,582 [pool-468-thread-1] INFO  server.RaftServer$Division (ServerState.java:setRaftConf(393)) - omNode-1@group-523986131536: set configuration 59: [omNode-3|rpc:localhost:34947|admin:|client:|dataStream:|priority:0, omNode-1|rpc:localhost:44673|admin:|client:|dataStream:|priority:0, omNode-2|rpc:localhost:36767|admin:|client:|dataStream:|priority:0], old=null
2022-08-10 09:22:15,582 [pool-468-thread-1] INFO  server.RaftServerConfigKeys (ConfUtils.java:logGet(46)) - raft.server.notification.no-leader.timeout = 2s (custom)
2022-08-10 09:22:15,582 [pool-468-thread-1] INFO  server.RaftServerConfigKeys (ConfUtils.java:logGet(46)) - raft.server.log.use.memory = false (default)
2022-08-10 09:22:15,583 [pool-468-thread-1] INFO  server.RaftServerConfigKeys (ConfUtils.java:logGet(46)) - raft.server.log.purge.gap = 50 (custom)
2022-08-10 09:22:15,583 [pool-468-thread-1] INFO  server.RaftServerConfigKeys (ConfUtils.java:logGet(46)) - raft.server.log.appender.buffer.byte-limit = 33554432 (custom)
2022-08-10 09:22:15,583 [pool-468-thread-1] INFO  server.RaftServerConfigKeys (ConfUtils.java:logGet(46)) - raft.server.log.statemachine.data.read.timeout = 1000ms (default)
2022-08-10 09:22:15,583 [pool-468-thread-1] INFO  server.RaftServerConfigKeys (ConfUtils.java:logGet(46)) - raft.server.log.segment.size.max = 4194304 (custom)
2022-08-10 09:22:15,583 [pool-468-thread-1] INFO  server.RaftServerConfigKeys (ConfUtils.java:logGet(46)) - raft.server.log.segment.cache.num.max = 2 (custom)
2022-08-10 09:22:15,583 [pool-468-thread-1] INFO  server.RaftServerConfigKeys (ConfUtils.java:logGet(46)) - raft.server.log.segment.cache.size.max = 200MB (=209715200) (default)
2022-08-10 09:22:15,583 [pool-468-thread-1] INFO  segmented.SegmentedRaftLogWorker (SegmentedRaftLogWorker.java:<init>(187)) - new omNode-1@group-523986131536-SegmentedRaftLogWorker for RaftStorageImpl:Storage Directory /home/runner/work/ozone/ozone/hadoop-ozone/integration-test/target/test-dir/MiniOzoneClusterImpl-5b46f7b7-15cd-42ca-88c0-c813cff626ca/omNode-1/ratis/c9bc4cf4-3bc3-3c60-a66b-523986131536
2022-08-10 09:22:15,584 [pool-468-thread-1] INFO  server.RaftServerConfigKeys (ConfUtils.java:logGet(46)) - raft.server.log.queue.byte-limit = 64MB (=67108864) (default)
2022-08-10 09:22:15,584 [pool-468-thread-1] INFO  server.RaftServerConfigKeys (ConfUtils.java:logGet(46)) - raft.server.log.queue.element-limit = 4096 (default)
2022-08-10 09:22:15,584 [pool-468-thread-1] INFO  server.RaftServerConfigKeys (ConfUtils.java:logGet(46)) - raft.server.log.segment.size.max = 4194304 (custom)
2022-08-10 09:22:15,584 [pool-468-thread-1] INFO  server.RaftServerConfigKeys (ConfUtils.java:logGet(46)) - raft.server.log.preallocated.size = 4194304 (custom)
2022-08-10 09:22:15,584 [pool-468-thread-1] INFO  server.RaftServerConfigKeys (ConfUtils.java:logGet(46)) - raft.server.log.force.sync.num = 128 (default)
2022-08-10 09:22:15,584 [pool-468-thread-1] INFO  server.RaftServerConfigKeys (ConfUtils.java:logGet(46)) - raft.server.log.statemachine.data.sync = true (default)
2022-08-10 09:22:15,584 [pool-468-thread-1] INFO  server.RaftServerConfigKeys (ConfUtils.java:logGet(46)) - raft.server.log.statemachine.data.sync.timeout = 10s (default)
2022-08-10 09:22:15,584 [pool-468-thread-1] INFO  server.RaftServerConfigKeys (ConfUtils.java:logGet(46)) - raft.server.log.statemachine.data.sync.timeout.retry = -1 (default)
2022-08-10 09:22:15,585 [pool-468-thread-1] INFO  server.RaftServerConfigKeys (ConfUtils.java:logGet(46)) - raft.server.log.write.buffer.size = 64KB (=65536) (default)
2022-08-10 09:22:15,585 [pool-468-thread-1] INFO  server.RaftServerConfigKeys (ConfUtils.java:logGet(46)) - raft.server.log.unsafe-flush.enabled = false (default)
2022-08-10 09:22:15,585 [pool-468-thread-1] INFO  server.RaftServerConfigKeys (ConfUtils.java:logGet(46)) - raft.server.log.statemachine.data.caching.enabled = false (default)
2022-08-10 09:22:15,586 [pool-468-thread-1] INFO  server.RaftServer$Division (ServerState.java:setRaftConf(393)) - omNode-1@group-523986131536: set configuration 59: [omNode-3|rpc:localhost:34947|admin:|client:|dataStream:|priority:0, omNode-1|rpc:localhost:44673|admin:|client:|dataStream:|priority:0, omNode-2|rpc:localhost:36767|admin:|client:|dataStream:|priority:0], old=null
2022-08-10 09:22:15,587 [pool-468-thread-1] INFO  segmented.LogSegment (LogSegment.java:loadSegment(173)) - Successfully read 86 entries from segment file /home/runner/work/ozone/ozone/hadoop-ozone/integration-test/target/test-dir/MiniOzoneClusterImpl-5b46f7b7-15cd-42ca-88c0-c813cff626ca/omNode-1/ratis/c9bc4cf4-3bc3-3c60-a66b-523986131536/current/log_inprogress_59
2022-08-10 09:22:15,587 [pool-468-thread-1] INFO  segmented.SegmentedRaftLogWorker (SegmentedRaftLogWorker.java:lambda$new$0(135)) - omNode-1@group-523986131536-SegmentedRaftLogWorker: flushIndex: setUnconditionally 0 -> 144
2022-08-10 09:22:15,587 [pool-468-thread-1] INFO  segmented.SegmentedRaftLogWorker (SegmentedRaftLogWorker.java:lambda$new$0(135)) - omNode-1@group-523986131536-SegmentedRaftLogWorker: safeCacheEvictIndex: setUnconditionally 0 -> -1
2022-08-10 09:22:15,588 [pool-468-thread-1] INFO  raftlog.RaftLog (RaftLogBase.java:lambda$new$0(53)) - omNode-1@group-523986131536-SegmentedRaftLog: commitIndex: updateToMax old=143, new=143, updated? false
2022-08-10 09:22:15,588 [pool-468-thread-1] INFO  raftlog.RaftLog (RaftLogBase.java:lambda$new$0(53)) - omNode-1@group-523986131536-SegmentedRaftLog: purgeIndex: updateIncreasingly -1 -> 58
2022-08-10 09:22:15,588 [pool-468-thread-1] INFO  server.RaftServerConfigKeys (ConfUtils.java:logGet(46)) - raft.server.snapshot.auto.trigger.enabled = true (custom)
2022-08-10 09:22:15,588 [pool-468-thread-1] INFO  server.RaftServerConfigKeys (ConfUtils.java:logGet(46)) - raft.server.snapshot.auto.trigger.threshold = 50 (custom)
2022-08-10 09:22:15,588 [pool-468-thread-1] INFO  server.RaftServerConfigKeys (ConfUtils.java:logGet(46)) - raft.server.snapshot.retention.file.num = -1 (default)
2022-08-10 09:22:15,588 [pool-468-thread-1] INFO  server.RaftServerConfigKeys (ConfUtils.java:logGet(46)) - raft.server.log.purge.upto.snapshot.index = true (custom)
2022-08-10 09:22:15,588 [pool-468-thread-1] INFO  server.RaftServerConfigKeys (ConfUtils.java:logGet(46)) - raft.server.retrycache.expirytime = 30000ms (custom)
2022-08-10 09:22:15,588 [pool-468-thread-1] INFO  server.RaftServerConfigKeys (ConfUtils.java:logGet(46)) - raft.server.retrycache.statistics.expirytime = 100μs (default)
2022-08-10 09:22:15,590 [pool-468-thread-1] INFO  server.RaftServerConfigKeys (ConfUtils.java:logGet(46)) - raft.server.log.appender.install.snapshot.enabled = false (custom)
2022-08-10 09:22:15,590 [pool-468-thread-1] INFO  server.RaftServerConfigKeys (ConfUtils.java:logGet(46)) - raft.server.threadpool.server.cached = true (default)
2022-08-10 09:22:15,590 [pool-468-thread-1] INFO  server.RaftServerConfigKeys (ConfUtils.java:logGet(46)) - raft.server.threadpool.server.size = 0 (default)
2022-08-10 09:22:15,590 [pool-468-thread-1] INFO  server.RaftServerConfigKeys (ConfUtils.java:logGet(46)) - raft.server.threadpool.client.cached = true (default)
2022-08-10 09:22:15,590 [pool-468-thread-1] INFO  server.RaftServerConfigKeys (ConfUtils.java:logGet(46)) - raft.server.threadpool.client.size = 0 (default)
2022-08-10 09:22:15,590 [omNode-1-impl-thread1] INFO  server.RaftServer$Division (RaftServerImpl.java:start(310)) - omNode-1@group-523986131536: start as a follower, conf=59: [omNode-3|rpc:localhost:34947|admin:|client:|dataStream:|priority:0, omNode-1|rpc:localhost:44673|admin:|client:|dataStream:|priority:0, omNode-2|rpc:localhost:36767|admin:|client:|dataStream:|priority:0], old=null
2022-08-10 09:22:15,590 [omNode-1-impl-thread1] INFO  server.RaftServer$Division (RaftServerImpl.java:setRole(299)) - omNode-1@group-523986131536: changes role from      null to FOLLOWER at term 9 for startAsFollower
2022-08-10 09:22:15,590 [omNode-1-impl-thread1] INFO  impl.RoleInfo (RoleInfo.java:updateAndGet(139)) - omNode-1: start omNode-1@group-523986131536-FollowerState
2022-08-10 09:22:15,596 [omNode-1-impl-thread1] INFO  util.JmxRegister (JmxRegister.java:tryRegister(44)) - Successfully registered JMX Bean with object name Ratis:service=RaftServer,group=group-523986131536,id=omNode-1
2022-08-10 09:22:15,600 [Listener at localhost/36235] INFO  server.RaftServer (RaftServerProxy.java:lambda$start$6(382)) - omNode-1: start RPC server
2022-08-10 09:22:15,608 [Listener at localhost/36235] INFO  server.GrpcService (GrpcService.java:startImpl(260)) - omNode-1: GrpcService started, listening on 44673
2022-08-10 09:22:15,608 [Listener at localhost/36235] INFO  om.OzoneManager (OzoneManager.java:getRpcServer(1086)) - Creating RPC Server
2022-08-10 09:22:15,610 [org.apache.ratis.util.JvmPauseMonitor$$Lambda$696/1259104175@7cb70671] INFO  util.JvmPauseMonitor (JvmPauseMonitor.java:run(103)) - JvmPauseMonitor-omNode-1: Started
2022-08-10 09:22:15,793 [Finalizer] WARN  managed.ManagedRocksObjectUtils (ManagedRocksObjectUtils.java:assertClosed(39)) - ManagedColumnFamilyOptions is not closed properly
2022-08-10 09:22:15,793 [Finalizer] WARN  managed.ManagedRocksObjectUtils (ManagedRocksObjectUtils.java:assertClosed(39)) - ManagedColumnFamilyOptions is not closed properly
2022-08-10 09:22:15,793 [Finalizer] WARN  managed.ManagedRocksObjectUtils (ManagedRocksObjectUtils.java:assertClosed(39)) - ManagedColumnFamilyOptions is not closed properly
2022-08-10 09:22:15,793 [Finalizer] WARN  managed.ManagedRocksObjectUtils (ManagedRocksObjectUtils.java:assertClosed(39)) - ManagedColumnFamilyOptions is not closed properly
2022-08-10 09:22:15,793 [Finalizer] WARN  managed.ManagedRocksObjectUtils (ManagedRocksObjectUtils.java:assertClosed(39)) - ManagedColumnFamilyOptions is not closed properly
2022-08-10 09:22:15,793 [Finalizer] WARN  managed.ManagedRocksObjectUtils (ManagedRocksObjectUtils.java:assertClosed(39)) - ManagedColumnFamilyOptions is not closed properly
2022-08-10 09:22:15,793 [Finalizer] WARN  managed.ManagedRocksObjectUtils (ManagedRocksObjectUtils.java:assertClosed(39)) - ManagedColumnFamilyOptions is not closed properly
2022-08-10 09:22:15,793 [Finalizer] WARN  managed.ManagedRocksObjectUtils (ManagedRocksObjectUtils.java:assertClosed(39)) - ManagedColumnFamilyOptions is not closed properly
2022-08-10 09:22:15,793 [Finalizer] WARN  managed.ManagedRocksObjectUtils (ManagedRocksObjectUtils.java:assertClosed(39)) - ManagedColumnFamilyOptions is not closed properly
2022-08-10 09:22:15,793 [Finalizer] WARN  managed.ManagedRocksObjectUtils (ManagedRocksObjectUtils.java:assertClosed(39)) - ManagedColumnFamilyOptions is not closed properly
2022-08-10 09:22:15,793 [Finalizer] WARN  managed.ManagedRocksObjectUtils (ManagedRocksObjectUtils.java:assertClosed(39)) - ManagedColumnFamilyOptions is not closed properly
2022-08-10 09:22:15,793 [Finalizer] WARN  managed.ManagedRocksObjectUtils (ManagedRocksObjectUtils.java:assertClosed(39)) - ManagedColumnFamilyOptions is not closed properly
2022-08-10 09:22:15,793 [Finalizer] WARN  managed.ManagedRocksObjectUtils (ManagedRocksObjectUtils.java:assertClosed(39)) - ManagedColumnFamilyOptions is not closed properly
2022-08-10 09:22:15,793 [Finalizer] WARN  managed.ManagedRocksObjectUtils (ManagedRocksObjectUtils.java:assertClosed(39)) - ManagedColumnFamilyOptions is not closed properly
2022-08-10 09:22:15,793 [Finalizer] WARN  managed.ManagedRocksObjectUtils (ManagedRocksObjectUtils.java:assertClosed(39)) - ManagedColumnFamilyOptions is not closed properly
2022-08-10 09:22:15,793 [Finalizer] WARN  managed.ManagedRocksObjectUtils (ManagedRocksObjectUtils.java:assertClosed(39)) - ManagedColumnFamilyOptions is not closed properly
2022-08-10 09:22:15,793 [Finalizer] WARN  managed.ManagedRocksObjectUtils (ManagedRocksObjectUtils.java:assertClosed(39)) - ManagedColumnFamilyOptions is not closed properly
2022-08-10 09:22:15,793 [Finalizer] WARN  managed.ManagedRocksObjectUtils (ManagedRocksObjectUtils.java:assertClosed(39)) - ManagedColumnFamilyOptions is not closed properly
2022-08-10 09:22:15,793 [Finalizer] WARN  managed.ManagedRocksObjectUtils (ManagedRocksObjectUtils.java:assertClosed(39)) - ManagedColumnFamilyOptions is not closed properly
2022-08-10 09:22:15,793 [Finalizer] WARN  managed.ManagedRocksObjectUtils (ManagedRocksObjectUtils.java:assertClosed(39)) - ManagedColumnFamilyOptions is not closed properly
2022-08-10 09:22:15,793 [Finalizer] WARN  managed.ManagedRocksObjectUtils (ManagedRocksObjectUtils.java:assertClosed(39)) - ManagedColumnFamilyOptions is not closed properly
2022-08-10 09:22:15,793 [Finalizer] WARN  managed.ManagedRocksObjectUtils (ManagedRocksObjectUtils.java:assertClosed(39)) - ManagedColumnFamilyOptions is not closed properly
2022-08-10 09:22:15,793 [Finalizer] WARN  managed.ManagedRocksObjectUtils (ManagedRocksObjectUtils.java:assertClosed(39)) - ManagedLRUCache is not closed properly
2022-08-10 09:22:15,793 [Finalizer] WARN  managed.ManagedRocksObjectUtils (ManagedRocksObjectUtils.java:assertClosed(39)) - ManagedBloomFilter is not closed properly
2022-08-10 09:22:15,794 [Finalizer] WARN  managed.ManagedRocksObjectUtils (ManagedRocksObjectUtils.java:assertClosed(39)) - ManagedColumnFamilyOptions is not closed properly
2022-08-10 09:22:15,794 [Finalizer] WARN  managed.ManagedRocksObjectUtils (ManagedRocksObjectUtils.java:assertClosed(39)) - ManagedLRUCache is not closed properly
2022-08-10 09:22:15,794 [Finalizer] WARN  managed.ManagedRocksObjectUtils (ManagedRocksObjectUtils.java:assertClosed(39)) - ManagedBloomFilter is not closed properly
2022-08-10 09:22:15,794 [Finalizer] WARN  managed.ManagedRocksObjectUtils (ManagedRocksObjectUtils.java:assertClosed(39)) - ManagedColumnFamilyOptions is not closed properly
2022-08-10 09:22:15,794 [Finalizer] WARN  managed.ManagedRocksObjectUtils (ManagedRocksObjectUtils.java:assertClosed(39)) - ManagedLRUCache is not closed properly
2022-08-10 09:22:15,794 [Finalizer] WARN  managed.ManagedRocksObjectUtils (ManagedRocksObjectUtils.java:assertClosed(39)) - ManagedBloomFilter is not closed properly
2022-08-10 09:22:15,794 [Finalizer] WARN  managed.ManagedRocksObjectUtils (ManagedRocksObjectUtils.java:assertClosed(39)) - ManagedColumnFamilyOptions is not closed properly
2022-08-10 09:22:15,794 [Finalizer] WARN  managed.ManagedRocksObjectUtils (ManagedRocksObjectUtils.java:assertClosed(39)) - ManagedLRUCache is not closed properly
2022-08-10 09:22:15,794 [Finalizer] WARN  managed.ManagedRocksObjectUtils (ManagedRocksObjectUtils.java:assertClosed(39)) - ManagedBloomFilter is not closed properly
2022-08-10 09:22:15,794 [Finalizer] WARN  managed.ManagedRocksObjectUtils (ManagedRocksObjectUtils.java:assertClosed(39)) - ManagedColumnFamilyOptions is not closed properly
2022-08-10 09:22:15,794 [Finalizer] WARN  managed.ManagedRocksObjectUtils (ManagedRocksObjectUtils.java:assertClosed(39)) - ManagedLRUCache is not closed properly
2022-08-10 09:22:15,794 [Finalizer] WARN  managed.ManagedRocksObjectUtils (ManagedRocksObjectUtils.java:assertClosed(39)) - ManagedBloomFilter is not closed properly
2022-08-10 09:22:15,794 [Finalizer] WARN  managed.ManagedRocksObjectUtils (ManagedRocksObjectUtils.java:assertClosed(39)) - ManagedColumnFamilyOptions is not closed properly
2022-08-10 09:22:15,794 [Finalizer] WARN  managed.ManagedRocksObjectUtils (ManagedRocksObjectUtils.java:assertClosed(39)) - ManagedLRUCache is not closed properly
2022-08-10 09:22:15,794 [Finalizer] WARN  managed.ManagedRocksObjectUtils (ManagedRocksObjectUtils.java:assertClosed(39)) - ManagedBloomFilter is not closed properly
2022-08-10 09:22:15,794 [Finalizer] WARN  managed.ManagedRocksObjectUtils (ManagedRocksObjectUtils.java:assertClosed(39)) - ManagedColumnFamilyOptions is not closed properly
2022-08-10 09:22:15,794 [Finalizer] WARN  managed.ManagedRocksObjectUtils (ManagedRocksObjectUtils.java:assertClosed(39)) - ManagedLRUCache is not closed properly
2022-08-10 09:22:15,794 [Finalizer] WARN  managed.ManagedRocksObjectUtils (ManagedRocksObjectUtils.java:assertClosed(39)) - ManagedBloomFilter is not closed properly
2022-08-10 09:22:15,794 [Finalizer] WARN  managed.ManagedRocksObjectUtils (ManagedRocksObjectUtils.java:assertClosed(39)) - ManagedColumnFamilyOptions is not closed properly
2022-08-10 09:22:15,794 [Finalizer] WARN  managed.ManagedRocksObjectUtils (ManagedRocksObjectUtils.java:assertClosed(39)) - ManagedLRUCache is not closed properly
2022-08-10 09:22:15,794 [Finalizer] WARN  managed.ManagedRocksObjectUtils (ManagedRocksObjectUtils.java:assertClosed(39)) - ManagedBloomFilter is not closed properly
2022-08-10 09:22:15,794 [Finalizer] WARN  managed.ManagedRocksObjectUtils (ManagedRocksObjectUtils.java:assertClosed(39)) - ManagedColumnFamilyOptions is not closed properly
2022-08-10 09:22:15,794 [Finalizer] WARN  managed.ManagedRocksObjectUtils (ManagedRocksObjectUtils.java:assertClosed(39)) - ManagedLRUCache is not closed properly
2022-08-10 09:22:15,794 [Finalizer] WARN  managed.ManagedRocksObjectUtils (ManagedRocksObjectUtils.java:assertClosed(39)) - ManagedBloomFilter is not closed properly
2022-08-10 09:22:15,794 [Finalizer] WARN  managed.ManagedRocksObjectUtils (ManagedRocksObjectUtils.java:assertClosed(39)) - ManagedColumnFamilyOptions is not closed properly
2022-08-10 09:22:15,794 [Finalizer] WARN  managed.ManagedRocksObjectUtils (ManagedRocksObjectUtils.java:assertClosed(39)) - ManagedLRUCache is not closed properly
2022-08-10 09:22:15,794 [Finalizer] WARN  managed.ManagedRocksObjectUtils (ManagedRocksObjectUtils.java:assertClosed(39)) - ManagedBloomFilter is not closed properly
2022-08-10 09:22:15,794 [Finalizer] WARN  managed.ManagedRocksObjectUtils (ManagedRocksObjectUtils.java:assertClosed(39)) - ManagedColumnFamilyOptions is not closed properly
2022-08-10 09:22:15,795 [Finalizer] WARN  managed.ManagedRocksObjectUtils (ManagedRocksObjectUtils.java:assertClosed(39)) - ManagedLRUCache is not closed properly
2022-08-10 09:22:15,795 [Finalizer] WARN  managed.ManagedRocksObjectUtils (ManagedRocksObjectUtils.java:assertClosed(39)) - ManagedBloomFilter is not closed properly
2022-08-10 09:22:15,795 [Finalizer] WARN  managed.ManagedRocksObjectUtils (ManagedRocksObjectUtils.java:assertClosed(39)) - ManagedColumnFamilyOptions is not closed properly
2022-08-10 09:22:15,795 [Finalizer] WARN  managed.ManagedRocksObjectUtils (ManagedRocksObjectUtils.java:assertClosed(39)) - ManagedLRUCache is not closed properly
2022-08-10 09:22:15,795 [Finalizer] WARN  managed.ManagedRocksObjectUtils (ManagedRocksObjectUtils.java:assertClosed(39)) - ManagedBloomFilter is not closed properly
2022-08-10 09:22:15,795 [Finalizer] WARN  managed.ManagedRocksObjectUtils (ManagedRocksObjectUtils.java:assertClosed(39)) - ManagedColumnFamilyOptions is not closed properly
2022-08-10 09:22:15,795 [Finalizer] WARN  managed.ManagedRocksObjectUtils (ManagedRocksObjectUtils.java:assertClosed(39)) - ManagedLRUCache is not closed properly
2022-08-10 09:22:15,795 [Finalizer] WARN  managed.ManagedRocksObjectUtils (ManagedRocksObjectUtils.java:assertClosed(39)) - ManagedBloomFilter is not closed properly
2022-08-10 09:22:15,795 [Finalizer] WARN  managed.ManagedRocksObjectUtils (ManagedRocksObjectUtils.java:assertClosed(39)) - ManagedColumnFamilyOptions is not closed properly
2022-08-10 09:22:15,795 [Finalizer] WARN  managed.ManagedRocksObjectUtils (ManagedRocksObjectUtils.java:assertClosed(39)) - ManagedLRUCache is not closed properly
2022-08-10 09:22:15,795 [Finalizer] WARN  managed.ManagedRocksObjectUtils (ManagedRocksObjectUtils.java:assertClosed(39)) - ManagedBloomFilter is not closed properly
2022-08-10 09:22:15,795 [Finalizer] WARN  managed.ManagedRocksObjectUtils (ManagedRocksObjectUtils.java:assertClosed(39)) - ManagedColumnFamilyOptions is not closed properly
2022-08-10 09:22:15,795 [Finalizer] WARN  managed.ManagedRocksObjectUtils (ManagedRocksObjectUtils.java:assertClosed(39)) - ManagedLRUCache is not closed properly
2022-08-10 09:22:15,795 [Finalizer] WARN  managed.ManagedRocksObjectUtils (ManagedRocksObjectUtils.java:assertClosed(39)) - ManagedBloomFilter is not closed properly
2022-08-10 09:22:15,795 [Finalizer] WARN  managed.ManagedRocksObjectUtils (ManagedRocksObjectUtils.java:assertClosed(39)) - ManagedColumnFamilyOptions is not closed properly
2022-08-10 09:22:15,795 [Finalizer] WARN  managed.ManagedRocksObjectUtils (ManagedRocksObjectUtils.java:assertClosed(39)) - ManagedLRUCache is not closed properly
2022-08-10 09:22:15,795 [Finalizer] WARN  managed.ManagedRocksObjectUtils (ManagedRocksObjectUtils.java:assertClosed(39)) - ManagedBloomFilter is not closed properly
2022-08-10 09:22:15,795 [Finalizer] WARN  managed.ManagedRocksObjectUtils (ManagedRocksObjectUtils.java:assertClosed(39)) - ManagedColumnFamilyOptions is not closed properly
2022-08-10 09:22:15,795 [Finalizer] WARN  managed.ManagedRocksObjectUtils (ManagedRocksObjectUtils.java:assertClosed(39)) - ManagedLRUCache is not closed properly
2022-08-10 09:22:15,795 [Finalizer] WARN  managed.ManagedRocksObjectUtils (ManagedRocksObjectUtils.java:assertClosed(39)) - ManagedBloomFilter is not closed properly
2022-08-10 09:22:15,795 [Finalizer] WARN  managed.ManagedRocksObjectUtils (ManagedRocksObjectUtils.java:assertClosed(39)) - ManagedColumnFamilyOptions is not closed properly
2022-08-10 09:22:15,795 [Finalizer] WARN  managed.ManagedRocksObjectUtils (ManagedRocksObjectUtils.java:assertClosed(39)) - ManagedLRUCache is not closed properly
2022-08-10 09:22:15,795 [Finalizer] WARN  managed.ManagedRocksObjectUtils (ManagedRocksObjectUtils.java:assertClosed(39)) - ManagedBloomFilter is not closed properly
2022-08-10 09:22:15,795 [Finalizer] WARN  managed.ManagedRocksObjectUtils (ManagedRocksObjectUtils.java:assertClosed(39)) - ManagedColumnFamilyOptions is not closed properly
2022-08-10 09:22:15,796 [Finalizer] WARN  managed.ManagedRocksObjectUtils (ManagedRocksObjectUtils.java:assertClosed(39)) - ManagedLRUCache is not closed properly
2022-08-10 09:22:15,796 [Finalizer] WARN  managed.ManagedRocksObjectUtils (ManagedRocksObjectUtils.java:assertClosed(39)) - ManagedBloomFilter is not closed properly
2022-08-10 09:22:15,796 [Finalizer] WARN  managed.ManagedRocksObjectUtils (ManagedRocksObjectUtils.java:assertClosed(39)) - ManagedColumnFamilyOptions is not closed properly
2022-08-10 09:22:15,796 [Finalizer] WARN  managed.ManagedRocksObjectUtils (ManagedRocksObjectUtils.java:assertClosed(39)) - ManagedLRUCache is not closed properly
2022-08-10 09:22:15,796 [Finalizer] WARN  managed.ManagedRocksObjectUtils (ManagedRocksObjectUtils.java:assertClosed(39)) - ManagedBloomFilter is not closed properly
2022-08-10 09:22:15,796 [Finalizer] WARN  managed.ManagedRocksObjectUtils (ManagedRocksObjectUtils.java:assertClosed(39)) - ManagedLRUCache is not closed properly
2022-08-10 09:22:15,796 [Finalizer] WARN  managed.ManagedRocksObjectUtils (ManagedRocksObjectUtils.java:assertClosed(39)) - ManagedBloomFilter is not closed properly
2022-08-10 09:22:15,797 [Finalizer] WARN  managed.ManagedRocksObjectUtils (ManagedRocksObjectUtils.java:assertClosed(39)) - ManagedColumnFamilyOptions is not closed properly
2022-08-10 09:22:15,797 [Finalizer] WARN  managed.ManagedRocksObjectUtils (ManagedRocksObjectUtils.java:assertClosed(39)) - ManagedColumnFamilyOptions is not closed properly
2022-08-10 09:22:15,797 [Finalizer] WARN  managed.ManagedRocksObjectUtils (ManagedRocksObjectUtils.java:assertClosed(39)) - ManagedColumnFamilyOptions is not closed properly
2022-08-10 09:22:15,797 [Finalizer] WARN  managed.ManagedRocksObjectUtils (ManagedRocksObjectUtils.java:assertClosed(39)) - ManagedColumnFamilyOptions is not closed properly
2022-08-10 09:22:15,797 [Finalizer] WARN  managed.ManagedRocksObjectUtils (ManagedRocksObjectUtils.java:assertClosed(39)) - ManagedColumnFamilyOptions is not closed properly
2022-08-10 09:22:15,797 [Finalizer] WARN  managed.ManagedRocksObjectUtils (ManagedRocksObjectUtils.java:assertClosed(39)) - ManagedColumnFamilyOptions is not closed properly
2022-08-10 09:22:15,805 [Finalizer] WARN  managed.ManagedRocksObjectUtils (ManagedRocksObjectUtils.java:assertClosed(39)) - ManagedColumnFamilyOptions is not closed properly
2022-08-10 09:22:15,805 [Finalizer] WARN  managed.ManagedRocksObjectUtils (ManagedRocksObjectUtils.java:assertClosed(39)) - ManagedColumnFamilyOptions is not closed properly
2022-08-10 09:22:15,805 [Finalizer] WARN  managed.ManagedRocksObjectUtils (ManagedRocksObjectUtils.java:assertClosed(39)) - ManagedColumnFamilyOptions is not closed properly
2022-08-10 09:22:15,805 [Finalizer] WARN  managed.ManagedRocksObjectUtils (ManagedRocksObjectUtils.java:assertClosed(39)) - ManagedColumnFamilyOptions is not closed properly
2022-08-10 09:22:15,805 [Finalizer] WARN  managed.ManagedRocksObjectUtils (ManagedRocksObjectUtils.java:assertClosed(39)) - ManagedColumnFamilyOptions is not closed properly
2022-08-10 09:22:15,805 [Finalizer] WARN  managed.ManagedRocksObjectUtils (ManagedRocksObjectUtils.java:assertClosed(39)) - ManagedColumnFamilyOptions is not closed properly
2022-08-10 09:22:15,805 [Finalizer] WARN  managed.ManagedRocksObjectUtils (ManagedRocksObjectUtils.java:assertClosed(39)) - ManagedColumnFamilyOptions is not closed properly
2022-08-10 09:22:15,805 [Finalizer] WARN  managed.ManagedRocksObjectUtils (ManagedRocksObjectUtils.java:assertClosed(39)) - ManagedColumnFamilyOptions is not closed properly
2022-08-10 09:22:15,805 [Finalizer] WARN  managed.ManagedRocksObjectUtils (ManagedRocksObjectUtils.java:assertClosed(39)) - ManagedColumnFamilyOptions is not closed properly
2022-08-10 09:22:15,805 [Finalizer] WARN  managed.ManagedRocksObjectUtils (ManagedRocksObjectUtils.java:assertClosed(39)) - ManagedColumnFamilyOptions is not closed properly
2022-08-10 09:22:15,805 [Finalizer] WARN  managed.ManagedRocksObjectUtils (ManagedRocksObjectUtils.java:assertClosed(39)) - ManagedColumnFamilyOptions is not closed properly
2022-08-10 09:22:15,805 [Finalizer] WARN  managed.ManagedRocksObjectUtils (ManagedRocksObjectUtils.java:assertClosed(39)) - ManagedColumnFamilyOptions is not closed properly
2022-08-10 09:22:15,805 [Finalizer] WARN  managed.ManagedRocksObjectUtils (ManagedRocksObjectUtils.java:assertClosed(39)) - ManagedColumnFamilyOptions is not closed properly
2022-08-10 09:22:15,805 [Finalizer] WARN  managed.ManagedRocksObjectUtils (ManagedRocksObjectUtils.java:assertClosed(39)) - ManagedColumnFamilyOptions is not closed properly
2022-08-10 09:22:15,806 [Finalizer] WARN  managed.ManagedRocksObjectUtils (ManagedRocksObjectUtils.java:assertClosed(39)) - ManagedColumnFamilyOptions is not closed properly
2022-08-10 09:22:15,806 [Finalizer] WARN  managed.ManagedRocksObjectUtils (ManagedRocksObjectUtils.java:assertClosed(39)) - ManagedColumnFamilyOptions is not closed properly
2022-08-10 09:22:15,806 [Finalizer] WARN  managed.ManagedRocksObjectUtils (ManagedRocksObjectUtils.java:assertClosed(39)) - ManagedLRUCache is not closed properly
2022-08-10 09:22:15,806 [Finalizer] WARN  managed.ManagedRocksObjectUtils (ManagedRocksObjectUtils.java:assertClosed(39)) - ManagedBloomFilter is not closed properly
2022-08-10 09:22:15,806 [Finalizer] WARN  managed.ManagedRocksObjectUtils (ManagedRocksObjectUtils.java:assertClosed(39)) - ManagedColumnFamilyOptions is not closed properly
2022-08-10 09:22:15,806 [Finalizer] WARN  managed.ManagedRocksObjectUtils (ManagedRocksObjectUtils.java:assertClosed(39)) - ManagedLRUCache is not closed properly
2022-08-10 09:22:15,806 [Finalizer] WARN  managed.ManagedRocksObjectUtils (ManagedRocksObjectUtils.java:assertClosed(39)) - ManagedBloomFilter is not closed properly
2022-08-10 09:22:15,806 [Finalizer] WARN  managed.ManagedRocksObjectUtils (ManagedRocksObjectUtils.java:assertClosed(39)) - ManagedColumnFamilyOptions is not closed properly
2022-08-10 09:22:15,806 [Finalizer] WARN  managed.ManagedRocksObjectUtils (ManagedRocksObjectUtils.java:assertClosed(39)) - ManagedLRUCache is not closed properly
2022-08-10 09:22:15,806 [Finalizer] WARN  managed.ManagedRocksObjectUtils (ManagedRocksObjectUtils.java:assertClosed(39)) - ManagedBloomFilter is not closed properly
2022-08-10 09:22:15,806 [Finalizer] WARN  managed.ManagedRocksObjectUtils (ManagedRocksObjectUtils.java:assertClosed(39)) - ManagedColumnFamilyOptions is not closed properly
2022-08-10 09:22:15,806 [Finalizer] WARN  managed.ManagedRocksObjectUtils (ManagedRocksObjectUtils.java:assertClosed(39)) - ManagedLRUCache is not closed properly
2022-08-10 09:22:15,806 [Finalizer] WARN  managed.ManagedRocksObjectUtils (ManagedRocksObjectUtils.java:assertClosed(39)) - ManagedBloomFilter is not closed properly
2022-08-10 09:22:15,806 [Finalizer] WARN  managed.ManagedRocksObjectUtils (ManagedRocksObjectUtils.java:assertClosed(39)) - ManagedColumnFamilyOptions is not closed properly
2022-08-10 09:22:15,806 [Finalizer] WARN  managed.ManagedRocksObjectUtils (ManagedRocksObjectUtils.java:assertClosed(39)) - ManagedLRUCache is not closed properly
2022-08-10 09:22:15,806 [Finalizer] WARN  managed.ManagedRocksObjectUtils (ManagedRocksObjectUtils.java:assertClosed(39)) - ManagedBloomFilter is not closed properly
2022-08-10 09:22:15,806 [Finalizer] WARN  managed.ManagedRocksObjectUtils (ManagedRocksObjectUtils.java:assertClosed(39)) - ManagedColumnFamilyOptions is not closed properly
2022-08-10 09:22:15,806 [Finalizer] WARN  managed.ManagedRocksObjectUtils (ManagedRocksObjectUtils.java:assertClosed(39)) - ManagedLRUCache is not closed properly
2022-08-10 09:22:15,806 [Finalizer] WARN  managed.ManagedRocksObjectUtils (ManagedRocksObjectUtils.java:assertClosed(39)) - ManagedBloomFilter is not closed properly
2022-08-10 09:22:15,806 [Finalizer] WARN  managed.ManagedRocksObjectUtils (ManagedRocksObjectUtils.java:assertClosed(39)) - ManagedColumnFamilyOptions is not closed properly
2022-08-10 09:22:15,806 [Finalizer] WARN  managed.ManagedRocksObjectUtils (ManagedRocksObjectUtils.java:assertClosed(39)) - ManagedLRUCache is not closed properly
2022-08-10 09:22:15,806 [Finalizer] WARN  managed.ManagedRocksObjectUtils (ManagedRocksObjectUtils.java:assertClosed(39)) - ManagedBloomFilter is not closed properly
2022-08-10 09:22:15,807 [Finalizer] WARN  managed.ManagedRocksObjectUtils (ManagedRocksObjectUtils.java:assertClosed(39)) - ManagedColumnFamilyOptions is not closed properly
2022-08-10 09:22:15,807 [Finalizer] WARN  managed.ManagedRocksObjectUtils (ManagedRocksObjectUtils.java:assertClosed(39)) - ManagedLRUCache is not closed properly
2022-08-10 09:22:15,807 [Finalizer] WARN  managed.ManagedRocksObjectUtils (ManagedRocksObjectUtils.java:assertClosed(39)) - ManagedBloomFilter is not closed properly
2022-08-10 09:22:15,807 [Finalizer] WARN  managed.ManagedRocksObjectUtils (ManagedRocksObjectUtils.java:assertClosed(39)) - ManagedColumnFamilyOptions is not closed properly
2022-08-10 09:22:15,807 [Finalizer] WARN  managed.ManagedRocksObjectUtils (ManagedRocksObjectUtils.java:assertClosed(39)) - ManagedLRUCache is not closed properly
2022-08-10 09:22:15,807 [Finalizer] WARN  managed.ManagedRocksObjectUtils (ManagedRocksObjectUtils.java:assertClosed(39)) - ManagedBloomFilter is not closed properly
2022-08-10 09:22:15,807 [Finalizer] WARN  managed.ManagedRocksObjectUtils (ManagedRocksObjectUtils.java:assertClosed(39)) - ManagedColumnFamilyOptions is not closed properly
2022-08-10 09:22:15,807 [Finalizer] WARN  managed.ManagedRocksObjectUtils (ManagedRocksObjectUtils.java:assertClosed(39)) - ManagedLRUCache is not closed properly
2022-08-10 09:22:15,807 [Finalizer] WARN  managed.ManagedRocksObjectUtils (ManagedRocksObjectUtils.java:assertClosed(39)) - ManagedBloomFilter is not closed properly
2022-08-10 09:22:15,807 [Finalizer] WARN  managed.ManagedRocksObjectUtils (ManagedRocksObjectUtils.java:assertClosed(39)) - ManagedColumnFamilyOptions is not closed properly
2022-08-10 09:22:15,807 [Finalizer] WARN  managed.ManagedRocksObjectUtils (ManagedRocksObjectUtils.java:assertClosed(39)) - ManagedLRUCache is not closed properly
2022-08-10 09:22:15,807 [Finalizer] WARN  managed.ManagedRocksObjectUtils (ManagedRocksObjectUtils.java:assertClosed(39)) - ManagedBloomFilter is not closed properly
2022-08-10 09:22:15,807 [Finalizer] WARN  managed.ManagedRocksObjectUtils (ManagedRocksObjectUtils.java:assertClosed(39)) - ManagedColumnFamilyOptions is not closed properly
2022-08-10 09:22:15,807 [Finalizer] WARN  managed.ManagedRocksObjectUtils (ManagedRocksObjectUtils.java:assertClosed(39)) - ManagedLRUCache is not closed properly
2022-08-10 09:22:15,807 [Finalizer] WARN  managed.ManagedRocksObjectUtils (ManagedRocksObjectUtils.java:assertClosed(39)) - ManagedBloomFilter is not closed properly
2022-08-10 09:22:15,807 [Finalizer] WARN  managed.ManagedRocksObjectUtils (ManagedRocksObjectUtils.java:assertClosed(39)) - ManagedColumnFamilyOptions is not closed properly
2022-08-10 09:22:15,807 [Finalizer] WARN  managed.ManagedRocksObjectUtils (ManagedRocksObjectUtils.java:assertClosed(39)) - ManagedLRUCache is not closed properly
2022-08-10 09:22:15,807 [Finalizer] WARN  managed.ManagedRocksObjectUtils (ManagedRocksObjectUtils.java:assertClosed(39)) - ManagedBloomFilter is not closed properly
2022-08-10 09:22:15,807 [Finalizer] WARN  managed.ManagedRocksObjectUtils (ManagedRocksObjectUtils.java:assertClosed(39)) - ManagedColumnFamilyOptions is not closed properly
2022-08-10 09:22:15,807 [Finalizer] WARN  managed.ManagedRocksObjectUtils (ManagedRocksObjectUtils.java:assertClosed(39)) - ManagedLRUCache is not closed properly
2022-08-10 09:22:15,807 [Finalizer] WARN  managed.ManagedRocksObjectUtils (ManagedRocksObjectUtils.java:assertClosed(39)) - ManagedBloomFilter is not closed properly
2022-08-10 09:22:15,815 [Finalizer] WARN  managed.ManagedRocksObjectUtils (ManagedRocksObjectUtils.java:assertClosed(39)) - ManagedColumnFamilyOptions is not closed properly
2022-08-10 09:22:15,815 [Finalizer] WARN  managed.ManagedRocksObjectUtils (ManagedRocksObjectUtils.java:assertClosed(39)) - ManagedLRUCache is not closed properly
2022-08-10 09:22:15,815 [Finalizer] WARN  managed.ManagedRocksObjectUtils (ManagedRocksObjectUtils.java:assertClosed(39)) - ManagedBloomFilter is not closed properly
2022-08-10 09:22:15,815 [Finalizer] WARN  managed.ManagedRocksObjectUtils (ManagedRocksObjectUtils.java:assertClosed(39)) - ManagedColumnFamilyOptions is not closed properly
2022-08-10 09:22:15,815 [Finalizer] WARN  managed.ManagedRocksObjectUtils (ManagedRocksObjectUtils.java:assertClosed(39)) - ManagedLRUCache is not closed properly
2022-08-10 09:22:15,815 [Finalizer] WARN  managed.ManagedRocksObjectUtils (ManagedRocksObjectUtils.java:assertClosed(39)) - ManagedBloomFilter is not closed properly
2022-08-10 09:22:15,816 [Finalizer] WARN  managed.ManagedRocksObjectUtils (ManagedRocksObjectUtils.java:assertClosed(39)) - ManagedColumnFamilyOptions is not closed properly
2022-08-10 09:22:15,816 [Finalizer] WARN  managed.ManagedRocksObjectUtils (ManagedRocksObjectUtils.java:assertClosed(39)) - ManagedLRUCache is not closed properly
2022-08-10 09:22:15,816 [Finalizer] WARN  managed.ManagedRocksObjectUtils (ManagedRocksObjectUtils.java:assertClosed(39)) - ManagedBloomFilter is not closed properly
2022-08-10 09:22:15,816 [Finalizer] WARN  managed.ManagedRocksObjectUtils (ManagedRocksObjectUtils.java:assertClosed(39)) - ManagedColumnFamilyOptions is not closed properly
2022-08-10 09:22:15,816 [Finalizer] WARN  managed.ManagedRocksObjectUtils (ManagedRocksObjectUtils.java:assertClosed(39)) - ManagedLRUCache is not closed properly
2022-08-10 09:22:15,816 [Finalizer] WARN  managed.ManagedRocksObjectUtils (ManagedRocksObjectUtils.java:assertClosed(39)) - ManagedBloomFilter is not closed properly
2022-08-10 09:22:15,816 [Finalizer] WARN  managed.ManagedRocksObjectUtils (ManagedRocksObjectUtils.java:assertClosed(39)) - ManagedColumnFamilyOptions is not closed properly
2022-08-10 09:22:15,816 [Finalizer] WARN  managed.ManagedRocksObjectUtils (ManagedRocksObjectUtils.java:assertClosed(39)) - ManagedLRUCache is not closed properly
2022-08-10 09:22:15,816 [Finalizer] WARN  managed.ManagedRocksObjectUtils (ManagedRocksObjectUtils.java:assertClosed(39)) - ManagedBloomFilter is not closed properly
2022-08-10 09:22:15,816 [Finalizer] WARN  managed.ManagedRocksObjectUtils (ManagedRocksObjectUtils.java:assertClosed(39)) - ManagedColumnFamilyOptions is not closed properly
2022-08-10 09:22:15,816 [Finalizer] WARN  managed.ManagedRocksObjectUtils (ManagedRocksObjectUtils.java:assertClosed(39)) - ManagedLRUCache is not closed properly
2022-08-10 09:22:15,816 [Finalizer] WARN  managed.ManagedRocksObjectUtils (ManagedRocksObjectUtils.java:assertClosed(39)) - ManagedBloomFilter is not closed properly
2022-08-10 09:22:16,059 [Listener at localhost/36235] INFO  reflections.Reflections (Reflections.java:scan(232)) - Reflections took 450 ms to scan 19 urls, producing 67 keys and 4150 values [using 2 cores]
2022-08-10 09:22:16,061 [Listener at localhost/36235] INFO  ipc.CallQueueManager (CallQueueManager.java:<init>(90)) - Using callQueue: class java.util.concurrent.LinkedBlockingQueue, queueCapacity: 2000, scheduler: class org.apache.hadoop.ipc.DefaultRpcScheduler, ipcBackoff: false.
2022-08-10 09:22:16,062 [Socket Reader #1 for port 39929] INFO  ipc.Server (Server.java:run(1265)) - Starting Socket Reader #1 for port 39929
2022-08-10 09:22:16,067 [Listener at localhost/39929] INFO  http.BaseHttpServer (BaseHttpServer.java:newHttpServer2BuilderForOzone(209)) - Starting Web-server for ozoneManager at: http://0.0.0.0:33883
2022-08-10 09:22:16,067 [Listener at localhost/39929] INFO  http.BaseHttpServer (BaseHttpServer.java:<init>(107)) - Hadoop Security Enabled: false Ozone Security Enabled: false Ozone HTTP Security Enabled: false 
2022-08-10 09:22:16,070 [Listener at localhost/39929] INFO  server.AuthenticationFilter (AuthenticationFilter.java:constructSecretProvider(240)) - Unable to initialize FileSignerSecretProvider, falling back to use random secrets.
2022-08-10 09:22:16,080 [Listener at localhost/39929] WARN  http.HttpRequestLog (HttpRequestLog.java:getRequestLog(103)) - Jetty request log can only be enabled using Log4j
2022-08-10 09:22:16,082 [Listener at localhost/39929] INFO  http.HttpServer2 (HttpServer2.java:addGlobalFilter(1029)) - Added global filter 'safety' (class=org.apache.hadoop.hdds.server.http.HttpServer2$QuotingInputFilter)
2022-08-10 09:22:16,082 [Listener at localhost/39929] INFO  http.HttpServer2 (HttpServer2.java:addFilter(1005)) - Added filter static_user_filter (class=org.apache.hadoop.http.lib.StaticUserWebFilter$StaticUserFilter) to context ozoneManager
2022-08-10 09:22:16,083 [Listener at localhost/39929] INFO  http.HttpServer2 (HttpServer2.java:addFilter(1013)) - Added filter static_user_filter (class=org.apache.hadoop.http.lib.StaticUserWebFilter$StaticUserFilter) to context static
2022-08-10 09:22:16,083 [Listener at localhost/39929] INFO  http.HttpServer2 (HttpServer2.java:addFilter(1013)) - Added filter static_user_filter (class=org.apache.hadoop.http.lib.StaticUserWebFilter$StaticUserFilter) to context logs
2022-08-10 09:22:16,084 [Listener at localhost/39929] INFO  http.HttpServer2 (HttpServer2.java:bindListener(1248)) - Jetty bound to port 33883
2022-08-10 09:22:16,085 [Listener at localhost/39929] INFO  server.Server (Server.java:doStart(375)) - jetty-9.4.43.v20210629; built: 2021-06-30T11:07:22.254Z; git: 526006ecfa3af7f1a27ef3a288e2bef7ea9dd7e8; jvm 1.8.0_332-b09
2022-08-10 09:22:16,095 [Listener at localhost/39929] INFO  server.session (DefaultSessionIdManager.java:doStart(334)) - DefaultSessionIdManager workerName=node0
2022-08-10 09:22:16,095 [Listener at localhost/39929] INFO  server.session (DefaultSessionIdManager.java:doStart(339)) - No SessionScavenger set, using defaults
2022-08-10 09:22:16,095 [Listener at localhost/39929] INFO  server.session (HouseKeeper.java:startScavenging(132)) - node0 Scavenging every 600000ms
2022-08-10 09:22:16,096 [Listener at localhost/39929] INFO  handler.ContextHandler (ContextHandler.java:doStart(915)) - Started o.e.j.s.ServletContextHandler@765eed80{logs,/logs,file:///home/runner/work/ozone/ozone/hadoop-ozone/integration-test/target/log,AVAILABLE}
2022-08-10 09:22:16,097 [Listener at localhost/39929] INFO  handler.ContextHandler (ContextHandler.java:doStart(915)) - Started o.e.j.s.ServletContextHandler@3dee0166{static,/static,file:///home/runner/work/ozone/ozone/hadoop-ozone/integration-test/target/test-classes/webapps/static,AVAILABLE}
2022-08-10 09:22:16,102 [Listener at localhost/39929] INFO  handler.ContextHandler (ContextHandler.java:doStart(915)) - Started o.e.j.w.WebAppContext@2c0fd54c{ozoneManager,/,file:///home/runner/work/ozone/ozone/hadoop-ozone/integration-test/target/test-classes/webapps/ozoneManager/,AVAILABLE}{file:/home/runner/work/ozone/ozone/hadoop-ozone/integration-test/target/test-classes/webapps/ozoneManager}
2022-08-10 09:22:16,104 [Listener at localhost/39929] INFO  server.AbstractConnector (AbstractConnector.java:doStart(331)) - Started ServerConnector@738607d9{HTTP/1.1, (http/1.1)}{0.0.0.0:33883}
2022-08-10 09:22:16,105 [Listener at localhost/39929] INFO  server.Server (Server.java:doStart(415)) - Started @63555ms
2022-08-10 09:22:16,105 [Listener at localhost/39929] WARN  impl.MetricsSystemImpl (MetricsSystemImpl.java:register(279)) - Sink prometheus already exists!
2022-08-10 09:22:16,106 [Listener at localhost/39929] INFO  http.BaseHttpServer (BaseHttpServer.java:updateConnectorAddress(329)) - HTTP server of ozoneManager listening at http://0.0.0.0:33883
2022-08-10 09:22:16,106 [IPC Server Responder] INFO  ipc.Server (Server.java:run(1507)) - IPC Server Responder: starting
2022-08-10 09:22:16,107 [IPC Server listener on 39929] INFO  ipc.Server (Server.java:run(1344)) - IPC Server listener on 39929: starting
2022-08-10 09:22:16,109 [Listener at localhost/39929] INFO  om.OzoneManager (OzoneManager.java:startTrashEmptier(1907)) - Trash Interval set to 0. Files deleted won't move to trash
2022-08-10 09:22:16,109 [Listener at localhost/39929] INFO  om.OzoneManager (OzoneManager.java:stop(2022)) - omNode-2[localhost:38141]: Stopping Ozone Manager
2022-08-10 09:22:16,113 [Listener at localhost/39929] INFO  ipc.Server (Server.java:stop(3414)) - Stopping server on 38141
2022-08-10 09:22:16,115 [org.apache.hadoop.util.JvmPauseMonitor$Monitor@7db2b057] INFO  util.JvmPauseMonitor (JvmPauseMonitor.java:run(188)) - Starting JVM pause monitor
2022-08-10 09:22:16,115 [IPC Server listener on 38141] INFO  ipc.Server (Server.java:run(1376)) - Stopping IPC Server listener on 38141
2022-08-10 09:22:16,116 [Listener at localhost/39929] INFO  server.RaftServer (RaftServerProxy.java:lambda$close$7(398)) - omNode-2: close
2022-08-10 09:22:16,117 [Listener at localhost/39929] INFO  server.RaftServer$Division (RaftServerImpl.java:lambda$close$4(434)) - omNode-2@group-523986131536: shutdown
2022-08-10 09:22:16,117 [Listener at localhost/39929] INFO  util.JmxRegister (JmxRegister.java:unregister(73)) - Successfully un-registered JMX Bean with object name Ratis:service=RaftServer,group=group-523986131536,id=omNode-2
2022-08-10 09:22:16,117 [Listener at localhost/39929] INFO  impl.RoleInfo (RoleInfo.java:shutdownFollowerState(110)) - omNode-2: shutdown omNode-2@group-523986131536-FollowerState
2022-08-10 09:22:16,117 [Listener at localhost/39929] INFO  impl.StateMachineUpdater (StateMachineUpdater.java:stopAndJoin(153)) - omNode-2@group-523986131536-StateMachineUpdater: set stopIndex = 56
2022-08-10 09:22:16,115 [IPC Server Responder] INFO  ipc.Server (Server.java:run(1512)) - Stopping IPC Server Responder
2022-08-10 09:22:16,117 [omNode-2@group-523986131536-StateMachineUpdater] INFO  ratis.OzoneManagerStateMachine (OzoneManagerStateMachine.java:close(495)) - StateMachine has shutdown. Shutdown OzoneManager if not already shutdown.
2022-08-10 09:22:16,118 [omNode-2@group-523986131536-StateMachineUpdater] INFO  ratis.OzoneManagerDoubleBuffer (OzoneManagerDoubleBuffer.java:stop(466)) - Stopping OMDoubleBuffer flush thread
2022-08-10 09:22:16,117 [omNode-2@group-523986131536-FollowerState] INFO  impl.FollowerState (FollowerState.java:run(152)) - omNode-2@group-523986131536-FollowerState was interrupted
2022-08-10 09:22:16,118 [OMDoubleBufferFlushThread] INFO  ratis.OzoneManagerDoubleBuffer (OzoneManagerDoubleBuffer.java:flushTransactions(385)) - OMDoubleBuffer flush thread OMDoubleBufferFlushThread is interrupted and will exit.
2022-08-10 09:22:16,120 [Listener at localhost/39929] INFO  server.RaftServer$Division (ServerState.java:close(429)) - omNode-2@group-523986131536: closes. applyIndex: 144
2022-08-10 09:22:16,121 [omNode-2@group-523986131536-SegmentedRaftLogWorker] INFO  segmented.SegmentedRaftLogWorker (SegmentedRaftLogWorker.java:run(336)) - omNode-2@group-523986131536-SegmentedRaftLogWorker was interrupted, exiting. There are 0 tasks remaining in the queue.
2022-08-10 09:22:16,122 [Listener at localhost/39929] INFO  segmented.SegmentedRaftLogWorker (SegmentedRaftLogWorker.java:close(246)) - omNode-2@group-523986131536-SegmentedRaftLogWorker close()
2022-08-10 09:22:16,124 [Listener at localhost/39929] INFO  server.GrpcService (GrpcService.java:closeImpl(269)) - omNode-2: shutdown server with port 36767 now
2022-08-10 09:22:16,131 [Listener at localhost/39929] INFO  server.GrpcService (GrpcService.java:closeImpl(278)) - omNode-2: shutdown server with port 36767 successfully
2022-08-10 09:22:16,131 [org.apache.ratis.util.JvmPauseMonitor$$Lambda$696/1259104175@5ba0ce1a] INFO  util.JvmPauseMonitor (JvmPauseMonitor.java:run(109)) - JvmPauseMonitor-omNode-2: Stopped
2022-08-10 09:22:16,131 [Listener at localhost/39929] INFO  ratis.OzoneManagerStateMachine (OzoneManagerStateMachine.java:close(495)) - StateMachine has shutdown. Shutdown OzoneManager if not already shutdown.
2022-08-10 09:22:16,131 [Listener at localhost/39929] INFO  ratis.OzoneManagerDoubleBuffer (OzoneManagerDoubleBuffer.java:stop(478)) - OMDoubleBuffer flush thread is not running.
2022-08-10 09:22:16,132 [Listener at localhost/39929] INFO  utils.BackgroundService (BackgroundService.java:shutdown(141)) - Shutting down service KeyDeletingService
2022-08-10 09:22:16,132 [Listener at localhost/39929] INFO  utils.BackgroundService (BackgroundService.java:shutdown(141)) - Shutting down service DirectoryDeletingService
2022-08-10 09:22:16,132 [Listener at localhost/39929] INFO  utils.BackgroundService (BackgroundService.java:shutdown(141)) - Shutting down service OpenKeyCleanupService
2022-08-10 09:22:16,133 [Listener at localhost/39929] INFO  handler.ContextHandler (ContextHandler.java:doStop(1153)) - Stopped o.e.j.w.WebAppContext@cd0c71e{ozoneManager,/,null,STOPPED}{file:/home/runner/work/ozone/ozone/hadoop-ozone/integration-test/target/test-classes/webapps/ozoneManager}
2022-08-10 09:22:16,135 [Listener at localhost/39929] INFO  server.AbstractConnector (AbstractConnector.java:doStop(381)) - Stopped ServerConnector@496037ad{HTTP/1.1, (http/1.1)}{0.0.0.0:45427}
2022-08-10 09:22:16,135 [Listener at localhost/39929] INFO  server.session (HouseKeeper.java:stopScavenging(149)) - node0 Stopped scavenging
2022-08-10 09:22:16,135 [Listener at localhost/39929] INFO  handler.ContextHandler (ContextHandler.java:doStop(1153)) - Stopped o.e.j.s.ServletContextHandler@75f3b79e{static,/static,file:///home/runner/work/ozone/ozone/hadoop-ozone/integration-test/target/test-classes/webapps/static,STOPPED}
2022-08-10 09:22:16,137 [Listener at localhost/39929] INFO  handler.ContextHandler (ContextHandler.java:doStop(1153)) - Stopped o.e.j.s.ServletContextHandler@1ccb535f{logs,/logs,file:///home/runner/work/ozone/ozone/hadoop-ozone/integration-test/target/log,STOPPED}
2022-08-10 09:22:16,140 [Listener at localhost/39929] INFO  om.OzoneManager (OzoneManager.java:restart(1559)) - OzoneManager RPC server is listening at localhost/127.0.0.1:38141
2022-08-10 09:22:16,140 [Listener at localhost/39929] INFO  impl.MetricsSystemImpl (MetricsSystemImpl.java:init(158)) - OzoneManager metrics system started (again)
2022-08-10 09:22:16,153 [Listener at localhost/39929] WARN  server.ServerUtils (ServerUtils.java:getDBPath(225)) - ozone.om.db.dirs is not configured. We recommend adding this setting. Falling back to ozone.metadata.dirs instead.
2022-08-10 09:22:16,155 [Listener at localhost/39929] INFO  codec.OmKeyInfoCodec (OmKeyInfoCodec.java:<init>(49)) - OmKeyInfoCodec ignorePipeline = true
2022-08-10 09:22:16,155 [Listener at localhost/39929] INFO  codec.RepeatedOmKeyInfoCodec (RepeatedOmKeyInfoCodec.java:<init>(41)) - RepeatedOmKeyInfoCodec ignorePipeline = true
2022-08-10 09:22:16,201 [Listener at localhost/39929] INFO  om.OzoneManager (OzoneManager.java:instantiateServices(697)) - S3 Multi-Tenancy is disabled
2022-08-10 09:22:16,207 [Listener at localhost/39929] WARN  impl.MetricRegistriesImpl (MetricRegistriesImpl.java:addReporterRegistration(111)) - New reporters are added after registries were created. Some metrics will be missing from the reporter. Please add reporter before adding any new registry.
2022-08-10 09:22:16,207 [Listener at localhost/39929] WARN  impl.MetricRegistriesImpl (MetricRegistriesImpl.java:addReporterRegistration(111)) - New reporters are added after registries were created. Some metrics will be missing from the reporter. Please add reporter before adding any new registry.
2022-08-10 09:22:16,207 [Listener at localhost/39929] WARN  server.ServerUtils (ServerUtils.java:getDefaultRatisDirectory(237)) - Storage directory for Ratis is not configured. It is a good idea to map this to an SSD disk. Falling back to ozone.metadata.dirs
2022-08-10 09:22:16,208 [Listener at localhost/39929] INFO  ratis.OzoneManagerRatisServer (OzoneManagerRatisServer.java:<init>(159)) - Instantiating OM Ratis server with groupID: om-service-test1 and peers: localhost:36767, localhost:34947, localhost:44673
2022-08-10 09:22:16,208 [Listener at localhost/39929] INFO  ratis.OzoneManagerStateMachine (OzoneManagerStateMachine.java:loadSnapshotInfoFromDB(632)) - LastAppliedIndex is set from TransactionInfo from OM DB as (t:6, i:144)
2022-08-10 09:22:16,209 [Listener at localhost/39929] INFO  server.RaftServer (ConfUtils.java:logGet(46)) - raft.rpc.type = GRPC (default)
2022-08-10 09:22:16,209 [Listener at localhost/39929] INFO  grpc.GrpcFactory (GrpcFactory.java:checkPooledByteBufAllocatorUseCacheForAllThreads(48)) - PERFORMANCE WARNING: useCacheForAllThreads is true that may cause Netty to create a lot garbage objects and, as a result, trigger GC.
	It is recommended to disable useCacheForAllThreads by setting -Dorg.apache.ratis.thirdparty.io.netty.allocator.useCacheForAllThreads=false in command line.
2022-08-10 09:22:16,209 [Listener at localhost/39929] INFO  grpc.GrpcConfigKeys (ConfUtils.java:logGet(46)) - raft.grpc.admin.port = -1 (default)
2022-08-10 09:22:16,209 [Listener at localhost/39929] INFO  grpc.GrpcConfigKeys (ConfUtils.java:logGet(46)) - raft.grpc.server.port = 36767 (custom)
2022-08-10 09:22:16,209 [Listener at localhost/39929] INFO  grpc.GrpcConfigKeys (ConfUtils.java:logGet(46)) - raft.grpc.client.port = -1 (default)
2022-08-10 09:22:16,210 [Listener at localhost/39929] INFO  grpc.GrpcConfigKeys (ConfUtils.java:logGet(46)) - raft.grpc.server.port = 36767 (custom)
2022-08-10 09:22:16,210 [Listener at localhost/39929] INFO  grpc.GrpcConfigKeys (ConfUtils.java:logGet(46)) - raft.grpc.server.port = 36767 (custom)
2022-08-10 09:22:16,210 [Listener at localhost/39929] INFO  server.GrpcService (ConfUtils.java:logGet(46)) - raft.grpc.message.size.max = 33554432 (custom)
2022-08-10 09:22:16,210 [Listener at localhost/39929] INFO  server.RaftServerConfigKeys (ConfUtils.java:logGet(46)) - raft.server.log.appender.buffer.byte-limit = 33554432 (custom)
2022-08-10 09:22:16,210 [Listener at localhost/39929] INFO  server.GrpcService (ConfUtils.java:logGet(46)) - raft.grpc.flow.control.window = 1MB (=1048576) (default)
2022-08-10 09:22:16,210 [Listener at localhost/39929] INFO  server.RaftServerConfigKeys (ConfUtils.java:logGet(46)) - raft.server.rpc.request.timeout = 3000ms (default)
2022-08-10 09:22:16,210 [Listener at localhost/39929] INFO  grpc.GrpcConfigKeys (ConfUtils.java:logGet(46)) - raft.grpc.server.async.request.thread.pool.cached = true (default)
2022-08-10 09:22:16,210 [Listener at localhost/39929] INFO  grpc.GrpcConfigKeys (ConfUtils.java:logGet(46)) - raft.grpc.server.async.request.thread.pool.size = 32 (default)
2022-08-10 09:22:16,212 [Listener at localhost/39929] INFO  impl.DataStreamServerImpl (ConfUtils.java:logGet(46)) - raft.datastream.type = DISABLED (default)
2022-08-10 09:22:16,212 [Listener at localhost/39929] INFO  server.RaftServerConfigKeys (ConfUtils.java:logGet(46)) - raft.server.threadpool.proxy.cached = true (default)
2022-08-10 09:22:16,212 [Listener at localhost/39929] INFO  server.RaftServerConfigKeys (ConfUtils.java:logGet(46)) - raft.server.threadpool.proxy.size = 0 (default)
2022-08-10 09:22:16,212 [Listener at localhost/39929] INFO  server.RaftServerConfigKeys (ConfUtils.java:logGet(46)) - raft.server.rpc.slowness.timeout = 2s (custom)
2022-08-10 09:22:16,213 [Listener at localhost/39929] INFO  server.RaftServerConfigKeys (ConfUtils.java:logGet(46)) - raft.server.leaderelection.leader.step-down.wait-time = 10s (default)
2022-08-10 09:22:16,213 [Listener at localhost/39929] INFO  server.RaftServerConfigKeys (ConfUtils.java:logGet(46)) - raft.server.storage.dir = [/home/runner/work/ozone/ozone/hadoop-ozone/integration-test/target/test-dir/MiniOzoneClusterImpl-5b46f7b7-15cd-42ca-88c0-c813cff626ca/omNode-2/ratis] (custom)
2022-08-10 09:22:16,213 [omNode-2-impl-thread1] INFO  server.RaftServer (RaftServerProxy.java:initGroupDir(247)) - omNode-2: found a subdirectory /home/runner/work/ozone/ozone/hadoop-ozone/integration-test/target/test-dir/MiniOzoneClusterImpl-5b46f7b7-15cd-42ca-88c0-c813cff626ca/omNode-2/ratis/c9bc4cf4-3bc3-3c60-a66b-523986131536
2022-08-10 09:22:16,213 [Listener at localhost/39929] INFO  server.RaftServer (RaftServerProxy.java:addNew(96)) - omNode-2: addNew group-523986131536:[omNode-3|rpc:localhost:34947|priority:0, omNode-1|rpc:localhost:44673|priority:0, omNode-2|rpc:localhost:36767|priority:0] returns group-523986131536:java.util.concurrent.CompletableFuture@10adc98e[Not completed]
2022-08-10 09:22:16,214 [Listener at localhost/39929] INFO  om.OzoneManager (OzoneManager.java:initializeRatisServer(1963)) - OzoneManager Ratis server initialized at port 36767
2022-08-10 09:22:16,214 [Listener at localhost/39929] INFO  ratis.OzoneManagerRatisServer (OzoneManagerRatisServer.java:start(554)) - Starting OzoneManagerRatisServer omNode-2 at port 36767
2022-08-10 09:22:16,214 [pool-492-thread-1] INFO  server.RaftServer$Division (RaftServerImpl.java:<init>(190)) - omNode-2: new RaftServerImpl for group-523986131536:[omNode-3|rpc:localhost:34947|priority:0, omNode-1|rpc:localhost:44673|priority:0, omNode-2|rpc:localhost:36767|priority:0] with OzoneManagerStateMachine:uninitialized
2022-08-10 09:22:16,214 [pool-492-thread-1] INFO  server.RaftServerConfigKeys (ConfUtils.java:logGet(46)) - raft.server.rpc.timeout.min = 1s (custom)
2022-08-10 09:22:16,215 [pool-492-thread-1] INFO  server.RaftServerConfigKeys (ConfUtils.java:logGet(46)) - raft.server.rpc.timeout.max = 1200ms (custom)
2022-08-10 09:22:16,215 [pool-492-thread-1] INFO  server.RaftServerConfigKeys (ConfUtils.java:logGet(46)) - raft.server.rpc.sleep.time = 25ms (default)
2022-08-10 09:22:16,215 [pool-492-thread-1] INFO  server.RaftServerConfigKeys (ConfUtils.java:logGet(46)) - raft.server.rpc.slowness.timeout = 2s (custom)
2022-08-10 09:22:16,215 [pool-492-thread-1] INFO  server.RaftServerConfigKeys (ConfUtils.java:logGet(46)) - raft.server.leaderelection.leader.step-down.wait-time = 10s (default)
2022-08-10 09:22:16,215 [pool-492-thread-1] INFO  server.RaftServerConfigKeys (ConfUtils.java:logGet(46)) - raft.server.sleep.deviation.threshold = 300ms (default)
2022-08-10 09:22:16,215 [pool-492-thread-1] INFO  server.RaftServer$Division (ServerState.java:<init>(107)) - omNode-2@group-523986131536: ConfigurationManager, init=-1: [omNode-3|rpc:localhost:34947|priority:0, omNode-1|rpc:localhost:44673|priority:0, omNode-2|rpc:localhost:36767|priority:0], old=null, confs=<EMPTY_MAP>
2022-08-10 09:22:16,215 [pool-492-thread-1] INFO  server.RaftServerConfigKeys (ConfUtils.java:logGet(46)) - raft.server.storage.dir = [/home/runner/work/ozone/ozone/hadoop-ozone/integration-test/target/test-dir/MiniOzoneClusterImpl-5b46f7b7-15cd-42ca-88c0-c813cff626ca/omNode-2/ratis] (custom)
2022-08-10 09:22:16,215 [pool-492-thread-1] INFO  server.RaftServerConfigKeys (ConfUtils.java:logGet(46)) - raft.server.log.corruption.policy = EXCEPTION (default)
2022-08-10 09:22:16,215 [pool-492-thread-1] INFO  server.RaftServerConfigKeys (ConfUtils.java:logGet(46)) - raft.server.storage.free-space.min = 0MB (=0) (default)
2022-08-10 09:22:16,217 [pool-492-thread-1] INFO  storage.RaftStorageDirectory (RaftStorageDirectoryImpl.java:tryLock(230)) - Lock on /home/runner/work/ozone/ozone/hadoop-ozone/integration-test/target/test-dir/MiniOzoneClusterImpl-5b46f7b7-15cd-42ca-88c0-c813cff626ca/omNode-2/ratis/c9bc4cf4-3bc3-3c60-a66b-523986131536/in_use.lock acquired by nodename 28234@fv-az244-795
2022-08-10 09:22:16,217 [pool-492-thread-1] INFO  storage.RaftStorage (RaftStorageImpl.java:analyzeAndRecoverStorage(110)) - Read RaftStorageMetadata{term=9, votedFor=omNode-1} from /home/runner/work/ozone/ozone/hadoop-ozone/integration-test/target/test-dir/MiniOzoneClusterImpl-5b46f7b7-15cd-42ca-88c0-c813cff626ca/omNode-2/ratis/c9bc4cf4-3bc3-3c60-a66b-523986131536/current/raft-meta
2022-08-10 09:22:16,217 [pool-492-thread-1] INFO  server.RaftServer$Division (ServerState.java:setRaftConf(393)) - omNode-2@group-523986131536: set configuration 59: [omNode-3|rpc:localhost:34947|admin:|client:|dataStream:|priority:0, omNode-1|rpc:localhost:44673|admin:|client:|dataStream:|priority:0, omNode-2|rpc:localhost:36767|admin:|client:|dataStream:|priority:0], old=null
2022-08-10 09:22:16,217 [pool-492-thread-1] INFO  server.RaftServerConfigKeys (ConfUtils.java:logGet(46)) - raft.server.notification.no-leader.timeout = 2s (custom)
2022-08-10 09:22:16,217 [pool-492-thread-1] INFO  server.RaftServerConfigKeys (ConfUtils.java:logGet(46)) - raft.server.log.use.memory = false (default)
2022-08-10 09:22:16,218 [pool-492-thread-1] INFO  server.RaftServerConfigKeys (ConfUtils.java:logGet(46)) - raft.server.log.purge.gap = 50 (custom)
2022-08-10 09:22:16,218 [pool-492-thread-1] INFO  server.RaftServerConfigKeys (ConfUtils.java:logGet(46)) - raft.server.log.appender.buffer.byte-limit = 33554432 (custom)
2022-08-10 09:22:16,218 [pool-492-thread-1] INFO  server.RaftServerConfigKeys (ConfUtils.java:logGet(46)) - raft.server.log.statemachine.data.read.timeout = 1000ms (default)
2022-08-10 09:22:16,218 [pool-492-thread-1] INFO  server.RaftServerConfigKeys (ConfUtils.java:logGet(46)) - raft.server.log.segment.size.max = 4194304 (custom)
2022-08-10 09:22:16,218 [pool-492-thread-1] INFO  server.RaftServerConfigKeys (ConfUtils.java:logGet(46)) - raft.server.log.segment.cache.num.max = 2 (custom)
2022-08-10 09:22:16,218 [pool-492-thread-1] INFO  server.RaftServerConfigKeys (ConfUtils.java:logGet(46)) - raft.server.log.segment.cache.size.max = 200MB (=209715200) (default)
2022-08-10 09:22:16,218 [pool-492-thread-1] INFO  segmented.SegmentedRaftLogWorker (SegmentedRaftLogWorker.java:<init>(187)) - new omNode-2@group-523986131536-SegmentedRaftLogWorker for RaftStorageImpl:Storage Directory /home/runner/work/ozone/ozone/hadoop-ozone/integration-test/target/test-dir/MiniOzoneClusterImpl-5b46f7b7-15cd-42ca-88c0-c813cff626ca/omNode-2/ratis/c9bc4cf4-3bc3-3c60-a66b-523986131536
2022-08-10 09:22:16,219 [pool-492-thread-1] INFO  server.RaftServerConfigKeys (ConfUtils.java:logGet(46)) - raft.server.log.queue.byte-limit = 64MB (=67108864) (default)
2022-08-10 09:22:16,219 [pool-492-thread-1] INFO  server.RaftServerConfigKeys (ConfUtils.java:logGet(46)) - raft.server.log.queue.element-limit = 4096 (default)
2022-08-10 09:22:16,219 [pool-492-thread-1] INFO  server.RaftServerConfigKeys (ConfUtils.java:logGet(46)) - raft.server.log.segment.size.max = 4194304 (custom)
2022-08-10 09:22:16,219 [pool-492-thread-1] INFO  server.RaftServerConfigKeys (ConfUtils.java:logGet(46)) - raft.server.log.preallocated.size = 4194304 (custom)
2022-08-10 09:22:16,219 [pool-492-thread-1] INFO  server.RaftServerConfigKeys (ConfUtils.java:logGet(46)) - raft.server.log.force.sync.num = 128 (default)
2022-08-10 09:22:16,219 [pool-492-thread-1] INFO  server.RaftServerConfigKeys (ConfUtils.java:logGet(46)) - raft.server.log.statemachine.data.sync = true (default)
2022-08-10 09:22:16,219 [pool-492-thread-1] INFO  server.RaftServerConfigKeys (ConfUtils.java:logGet(46)) - raft.server.log.statemachine.data.sync.timeout = 10s (default)
2022-08-10 09:22:16,219 [pool-492-thread-1] INFO  server.RaftServerConfigKeys (ConfUtils.java:logGet(46)) - raft.server.log.statemachine.data.sync.timeout.retry = -1 (default)
2022-08-10 09:22:16,220 [pool-492-thread-1] INFO  server.RaftServerConfigKeys (ConfUtils.java:logGet(46)) - raft.server.log.write.buffer.size = 64KB (=65536) (default)
2022-08-10 09:22:16,220 [pool-492-thread-1] INFO  server.RaftServerConfigKeys (ConfUtils.java:logGet(46)) - raft.server.log.unsafe-flush.enabled = false (default)
2022-08-10 09:22:16,220 [pool-492-thread-1] INFO  server.RaftServerConfigKeys (ConfUtils.java:logGet(46)) - raft.server.log.statemachine.data.caching.enabled = false (default)
2022-08-10 09:22:16,221 [pool-492-thread-1] INFO  server.RaftServer$Division (ServerState.java:setRaftConf(393)) - omNode-2@group-523986131536: set configuration 31: [omNode-3|rpc:localhost:34947|admin:|client:|dataStream:|priority:0, omNode-1|rpc:localhost:44673|admin:|client:|dataStream:|priority:0, omNode-2|rpc:localhost:36767|admin:|client:|dataStream:|priority:0], old=null
2022-08-10 09:22:16,221 [pool-492-thread-1] INFO  segmented.LogSegment (LogSegment.java:loadSegment(173)) - Successfully read 26 entries from segment file /home/runner/work/ozone/ozone/hadoop-ozone/integration-test/target/test-dir/MiniOzoneClusterImpl-5b46f7b7-15cd-42ca-88c0-c813cff626ca/omNode-2/ratis/c9bc4cf4-3bc3-3c60-a66b-523986131536/current/log_inprogress_31
2022-08-10 09:22:16,221 [pool-492-thread-1] WARN  raftlog.RaftLog (SegmentedRaftLog.java:loadLogSegments(250)) - End log index 56 is smaller than last index in snapshot 144
2022-08-10 09:22:16,221 [pool-492-thread-1] INFO  segmented.SegmentedRaftLogWorker (SegmentedRaftLogWorker.java:lambda$new$0(135)) - omNode-2@group-523986131536-SegmentedRaftLogWorker: flushIndex: setUnconditionally 0 -> 144
2022-08-10 09:22:16,221 [pool-492-thread-1] INFO  segmented.SegmentedRaftLogWorker (SegmentedRaftLogWorker.java:lambda$new$0(135)) - omNode-2@group-523986131536-SegmentedRaftLogWorker: safeCacheEvictIndex: setUnconditionally 0 -> -1
2022-08-10 09:22:16,222 [pool-492-thread-1] INFO  raftlog.RaftLog (RaftLogBase.java:lambda$new$0(53)) - omNode-2@group-523986131536-SegmentedRaftLog: commitIndex: updateToMax old=144, new=55, updated? false
2022-08-10 09:22:16,222 [pool-492-thread-1] INFO  raftlog.RaftLog (RaftLogBase.java:lambda$new$0(53)) - omNode-2@group-523986131536-SegmentedRaftLog: purgeIndex: updateIncreasingly -1 -> 30
2022-08-10 09:22:16,222 [pool-492-thread-1] INFO  server.RaftServerConfigKeys (ConfUtils.java:logGet(46)) - raft.server.snapshot.auto.trigger.enabled = true (custom)
2022-08-10 09:22:16,222 [pool-492-thread-1] INFO  server.RaftServerConfigKeys (ConfUtils.java:logGet(46)) - raft.server.snapshot.auto.trigger.threshold = 50 (custom)
2022-08-10 09:22:16,222 [pool-492-thread-1] INFO  server.RaftServerConfigKeys (ConfUtils.java:logGet(46)) - raft.server.snapshot.retention.file.num = -1 (default)
2022-08-10 09:22:16,222 [pool-492-thread-1] INFO  server.RaftServerConfigKeys (ConfUtils.java:logGet(46)) - raft.server.log.purge.upto.snapshot.index = true (custom)
2022-08-10 09:22:16,222 [pool-492-thread-1] INFO  server.RaftServerConfigKeys (ConfUtils.java:logGet(46)) - raft.server.retrycache.expirytime = 30000ms (custom)
2022-08-10 09:22:16,222 [pool-492-thread-1] INFO  server.RaftServerConfigKeys (ConfUtils.java:logGet(46)) - raft.server.retrycache.statistics.expirytime = 100μs (default)
2022-08-10 09:22:16,223 [pool-492-thread-1] INFO  server.RaftServerConfigKeys (ConfUtils.java:logGet(46)) - raft.server.log.appender.install.snapshot.enabled = false (custom)
2022-08-10 09:22:16,223 [pool-492-thread-1] INFO  server.RaftServerConfigKeys (ConfUtils.java:logGet(46)) - raft.server.threadpool.server.cached = true (default)
2022-08-10 09:22:16,223 [pool-492-thread-1] INFO  server.RaftServerConfigKeys (ConfUtils.java:logGet(46)) - raft.server.threadpool.server.size = 0 (default)
2022-08-10 09:22:16,223 [pool-492-thread-1] INFO  server.RaftServerConfigKeys (ConfUtils.java:logGet(46)) - raft.server.threadpool.client.cached = true (default)
2022-08-10 09:22:16,223 [pool-492-thread-1] INFO  server.RaftServerConfigKeys (ConfUtils.java:logGet(46)) - raft.server.threadpool.client.size = 0 (default)
2022-08-10 09:22:16,224 [omNode-2-impl-thread1] INFO  server.RaftServer$Division (RaftServerImpl.java:start(310)) - omNode-2@group-523986131536: start as a follower, conf=59: [omNode-3|rpc:localhost:34947|admin:|client:|dataStream:|priority:0, omNode-1|rpc:localhost:44673|admin:|client:|dataStream:|priority:0, omNode-2|rpc:localhost:36767|admin:|client:|dataStream:|priority:0], old=null
2022-08-10 09:22:16,224 [omNode-2-impl-thread1] INFO  server.RaftServer$Division (RaftServerImpl.java:setRole(299)) - omNode-2@group-523986131536: changes role from      null to FOLLOWER at term 9 for startAsFollower
2022-08-10 09:22:16,224 [omNode-2-impl-thread1] INFO  impl.RoleInfo (RoleInfo.java:updateAndGet(139)) - omNode-2: start omNode-2@group-523986131536-FollowerState
2022-08-10 09:22:16,224 [omNode-2-impl-thread1] INFO  util.JmxRegister (JmxRegister.java:tryRegister(44)) - Successfully registered JMX Bean with object name Ratis:service=RaftServer,group=group-523986131536,id=omNode-2
2022-08-10 09:22:16,225 [Listener at localhost/39929] INFO  server.RaftServer (RaftServerProxy.java:lambda$start$6(382)) - omNode-2: start RPC server
2022-08-10 09:22:16,227 [Listener at localhost/39929] INFO  server.GrpcService (GrpcService.java:startImpl(260)) - omNode-2: GrpcService started, listening on 36767
2022-08-10 09:22:16,228 [Listener at localhost/39929] INFO  om.OzoneManager (OzoneManager.java:getRpcServer(1086)) - Creating RPC Server
2022-08-10 09:22:16,228 [org.apache.ratis.util.JvmPauseMonitor$$Lambda$696/1259104175@7b335fc8] INFO  util.JvmPauseMonitor (JvmPauseMonitor.java:run(103)) - JvmPauseMonitor-omNode-2: Started
2022-08-10 09:22:16,393 [UnderReplicatedQueueThreadThread] INFO  replication.UnderReplicatedProcessor (UnderReplicatedProcessor.java:processAll(85)) - Processed 0 under replicated containers, failed processing 0
2022-08-10 09:22:16,403 [OverReplicatedQueueThreadThread] INFO  replication.OverReplicatedProcessor (OverReplicatedProcessor.java:processAll(83)) - Processed 0 over replicated containers, failed processing 0
2022-08-10 09:22:16,468 [Finalizer] WARN  managed.ManagedRocksObjectUtils (ManagedRocksObjectUtils.java:assertClosed(39)) - ManagedColumnFamilyOptions is not closed properly
2022-08-10 09:22:16,468 [Finalizer] WARN  managed.ManagedRocksObjectUtils (ManagedRocksObjectUtils.java:assertClosed(39)) - ManagedColumnFamilyOptions is not closed properly
2022-08-10 09:22:16,468 [Finalizer] WARN  managed.ManagedRocksObjectUtils (ManagedRocksObjectUtils.java:assertClosed(39)) - ManagedColumnFamilyOptions is not closed properly
2022-08-10 09:22:16,468 [Finalizer] WARN  managed.ManagedRocksObjectUtils (ManagedRocksObjectUtils.java:assertClosed(39)) - ManagedColumnFamilyOptions is not closed properly
2022-08-10 09:22:16,468 [Finalizer] WARN  managed.ManagedRocksObjectUtils (ManagedRocksObjectUtils.java:assertClosed(39)) - ManagedColumnFamilyOptions is not closed properly
2022-08-10 09:22:16,468 [Finalizer] WARN  managed.ManagedRocksObjectUtils (ManagedRocksObjectUtils.java:assertClosed(39)) - ManagedColumnFamilyOptions is not closed properly
2022-08-10 09:22:16,468 [Finalizer] WARN  managed.ManagedRocksObjectUtils (ManagedRocksObjectUtils.java:assertClosed(39)) - ManagedColumnFamilyOptions is not closed properly
2022-08-10 09:22:16,468 [Finalizer] WARN  managed.ManagedRocksObjectUtils (ManagedRocksObjectUtils.java:assertClosed(39)) - ManagedColumnFamilyOptions is not closed properly
2022-08-10 09:22:16,468 [Finalizer] WARN  managed.ManagedRocksObjectUtils (ManagedRocksObjectUtils.java:assertClosed(39)) - ManagedColumnFamilyOptions is not closed properly
2022-08-10 09:22:16,468 [Finalizer] WARN  managed.ManagedRocksObjectUtils (ManagedRocksObjectUtils.java:assertClosed(39)) - ManagedColumnFamilyOptions is not closed properly
2022-08-10 09:22:16,468 [Finalizer] WARN  managed.ManagedRocksObjectUtils (ManagedRocksObjectUtils.java:assertClosed(39)) - ManagedColumnFamilyOptions is not closed properly
2022-08-10 09:22:16,468 [Finalizer] WARN  managed.ManagedRocksObjectUtils (ManagedRocksObjectUtils.java:assertClosed(39)) - ManagedColumnFamilyOptions is not closed properly
2022-08-10 09:22:16,468 [Finalizer] WARN  managed.ManagedRocksObjectUtils (ManagedRocksObjectUtils.java:assertClosed(39)) - ManagedColumnFamilyOptions is not closed properly
2022-08-10 09:22:16,468 [Finalizer] WARN  managed.ManagedRocksObjectUtils (ManagedRocksObjectUtils.java:assertClosed(39)) - ManagedColumnFamilyOptions is not closed properly
2022-08-10 09:22:16,468 [Finalizer] WARN  managed.ManagedRocksObjectUtils (ManagedRocksObjectUtils.java:assertClosed(39)) - ManagedColumnFamilyOptions is not closed properly
2022-08-10 09:22:16,469 [Finalizer] WARN  managed.ManagedRocksObjectUtils (ManagedRocksObjectUtils.java:assertClosed(39)) - ManagedColumnFamilyOptions is not closed properly
2022-08-10 09:22:16,469 [Finalizer] WARN  managed.ManagedRocksObjectUtils (ManagedRocksObjectUtils.java:assertClosed(39)) - ManagedColumnFamilyOptions is not closed properly
2022-08-10 09:22:16,469 [Finalizer] WARN  managed.ManagedRocksObjectUtils (ManagedRocksObjectUtils.java:assertClosed(39)) - ManagedColumnFamilyOptions is not closed properly
2022-08-10 09:22:16,469 [Finalizer] WARN  managed.ManagedRocksObjectUtils (ManagedRocksObjectUtils.java:assertClosed(39)) - ManagedColumnFamilyOptions is not closed properly
2022-08-10 09:22:16,469 [Finalizer] WARN  managed.ManagedRocksObjectUtils (ManagedRocksObjectUtils.java:assertClosed(39)) - ManagedColumnFamilyOptions is not closed properly
2022-08-10 09:22:16,469 [Finalizer] WARN  managed.ManagedRocksObjectUtils (ManagedRocksObjectUtils.java:assertClosed(39)) - ManagedColumnFamilyOptions is not closed properly
2022-08-10 09:22:16,469 [Finalizer] WARN  managed.ManagedRocksObjectUtils (ManagedRocksObjectUtils.java:assertClosed(39)) - ManagedColumnFamilyOptions is not closed properly
2022-08-10 09:22:16,469 [Finalizer] WARN  managed.ManagedRocksObjectUtils (ManagedRocksObjectUtils.java:assertClosed(39)) - ManagedLRUCache is not closed properly
2022-08-10 09:22:16,469 [Finalizer] WARN  managed.ManagedRocksObjectUtils (ManagedRocksObjectUtils.java:assertClosed(39)) - ManagedBloomFilter is not closed properly
2022-08-10 09:22:16,469 [Finalizer] WARN  managed.ManagedRocksObjectUtils (ManagedRocksObjectUtils.java:assertClosed(39)) - ManagedColumnFamilyOptions is not closed properly
2022-08-10 09:22:16,469 [Finalizer] WARN  managed.ManagedRocksObjectUtils (ManagedRocksObjectUtils.java:assertClosed(39)) - ManagedLRUCache is not closed properly
2022-08-10 09:22:16,469 [Finalizer] WARN  managed.ManagedRocksObjectUtils (ManagedRocksObjectUtils.java:assertClosed(39)) - ManagedBloomFilter is not closed properly
2022-08-10 09:22:16,469 [Finalizer] WARN  managed.ManagedRocksObjectUtils (ManagedRocksObjectUtils.java:assertClosed(39)) - ManagedColumnFamilyOptions is not closed properly
2022-08-10 09:22:16,469 [Finalizer] WARN  managed.ManagedRocksObjectUtils (ManagedRocksObjectUtils.java:assertClosed(39)) - ManagedLRUCache is not closed properly
2022-08-10 09:22:16,469 [Finalizer] WARN  managed.ManagedRocksObjectUtils (ManagedRocksObjectUtils.java:assertClosed(39)) - ManagedBloomFilter is not closed properly
2022-08-10 09:22:16,469 [Finalizer] WARN  managed.ManagedRocksObjectUtils (ManagedRocksObjectUtils.java:assertClosed(39)) - ManagedColumnFamilyOptions is not closed properly
2022-08-10 09:22:16,469 [Finalizer] WARN  managed.ManagedRocksObjectUtils (ManagedRocksObjectUtils.java:assertClosed(39)) - ManagedLRUCache is not closed properly
2022-08-10 09:22:16,469 [Finalizer] WARN  managed.ManagedRocksObjectUtils (ManagedRocksObjectUtils.java:assertClosed(39)) - ManagedBloomFilter is not closed properly
2022-08-10 09:22:16,469 [Finalizer] WARN  managed.ManagedRocksObjectUtils (ManagedRocksObjectUtils.java:assertClosed(39)) - ManagedColumnFamilyOptions is not closed properly
2022-08-10 09:22:16,469 [Finalizer] WARN  managed.ManagedRocksObjectUtils (ManagedRocksObjectUtils.java:assertClosed(39)) - ManagedLRUCache is not closed properly
2022-08-10 09:22:16,469 [Finalizer] WARN  managed.ManagedRocksObjectUtils (ManagedRocksObjectUtils.java:assertClosed(39)) - ManagedBloomFilter is not closed properly
2022-08-10 09:22:16,469 [Finalizer] WARN  managed.ManagedRocksObjectUtils (ManagedRocksObjectUtils.java:assertClosed(39)) - ManagedColumnFamilyOptions is not closed properly
2022-08-10 09:22:16,469 [Finalizer] WARN  managed.ManagedRocksObjectUtils (ManagedRocksObjectUtils.java:assertClosed(39)) - ManagedLRUCache is not closed properly
2022-08-10 09:22:16,470 [Finalizer] WARN  managed.ManagedRocksObjectUtils (ManagedRocksObjectUtils.java:assertClosed(39)) - ManagedBloomFilter is not closed properly
2022-08-10 09:22:16,470 [Finalizer] WARN  managed.ManagedRocksObjectUtils (ManagedRocksObjectUtils.java:assertClosed(39)) - ManagedColumnFamilyOptions is not closed properly
2022-08-10 09:22:16,470 [Finalizer] WARN  managed.ManagedRocksObjectUtils (ManagedRocksObjectUtils.java:assertClosed(39)) - ManagedLRUCache is not closed properly
2022-08-10 09:22:16,470 [Finalizer] WARN  managed.ManagedRocksObjectUtils (ManagedRocksObjectUtils.java:assertClosed(39)) - ManagedBloomFilter is not closed properly
2022-08-10 09:22:16,470 [Finalizer] WARN  managed.ManagedRocksObjectUtils (ManagedRocksObjectUtils.java:assertClosed(39)) - ManagedColumnFamilyOptions is not closed properly
2022-08-10 09:22:16,470 [Finalizer] WARN  managed.ManagedRocksObjectUtils (ManagedRocksObjectUtils.java:assertClosed(39)) - ManagedLRUCache is not closed properly
2022-08-10 09:22:16,470 [Finalizer] WARN  managed.ManagedRocksObjectUtils (ManagedRocksObjectUtils.java:assertClosed(39)) - ManagedBloomFilter is not closed properly
2022-08-10 09:22:16,470 [Finalizer] WARN  managed.ManagedRocksObjectUtils (ManagedRocksObjectUtils.java:assertClosed(39)) - ManagedColumnFamilyOptions is not closed properly
2022-08-10 09:22:16,470 [Finalizer] WARN  managed.ManagedRocksObjectUtils (ManagedRocksObjectUtils.java:assertClosed(39)) - ManagedLRUCache is not closed properly
2022-08-10 09:22:16,470 [Finalizer] WARN  managed.ManagedRocksObjectUtils (ManagedRocksObjectUtils.java:assertClosed(39)) - ManagedBloomFilter is not closed properly
2022-08-10 09:22:16,470 [Finalizer] WARN  managed.ManagedRocksObjectUtils (ManagedRocksObjectUtils.java:assertClosed(39)) - ManagedColumnFamilyOptions is not closed properly
2022-08-10 09:22:16,470 [Finalizer] WARN  managed.ManagedRocksObjectUtils (ManagedRocksObjectUtils.java:assertClosed(39)) - ManagedLRUCache is not closed properly
2022-08-10 09:22:16,470 [Finalizer] WARN  managed.ManagedRocksObjectUtils (ManagedRocksObjectUtils.java:assertClosed(39)) - ManagedBloomFilter is not closed properly
2022-08-10 09:22:16,470 [Finalizer] WARN  managed.ManagedRocksObjectUtils (ManagedRocksObjectUtils.java:assertClosed(39)) - ManagedColumnFamilyOptions is not closed properly
2022-08-10 09:22:16,470 [Finalizer] WARN  managed.ManagedRocksObjectUtils (ManagedRocksObjectUtils.java:assertClosed(39)) - ManagedLRUCache is not closed properly
2022-08-10 09:22:16,470 [Finalizer] WARN  managed.ManagedRocksObjectUtils (ManagedRocksObjectUtils.java:assertClosed(39)) - ManagedBloomFilter is not closed properly
2022-08-10 09:22:16,470 [Finalizer] WARN  managed.ManagedRocksObjectUtils (ManagedRocksObjectUtils.java:assertClosed(39)) - ManagedColumnFamilyOptions is not closed properly
2022-08-10 09:22:16,470 [Finalizer] WARN  managed.ManagedRocksObjectUtils (ManagedRocksObjectUtils.java:assertClosed(39)) - ManagedLRUCache is not closed properly
2022-08-10 09:22:16,470 [Finalizer] WARN  managed.ManagedRocksObjectUtils (ManagedRocksObjectUtils.java:assertClosed(39)) - ManagedBloomFilter is not closed properly
2022-08-10 09:22:16,470 [Finalizer] WARN  managed.ManagedRocksObjectUtils (ManagedRocksObjectUtils.java:assertClosed(39)) - ManagedColumnFamilyOptions is not closed properly
2022-08-10 09:22:16,470 [Finalizer] WARN  managed.ManagedRocksObjectUtils (ManagedRocksObjectUtils.java:assertClosed(39)) - ManagedLRUCache is not closed properly
2022-08-10 09:22:16,470 [Finalizer] WARN  managed.ManagedRocksObjectUtils (ManagedRocksObjectUtils.java:assertClosed(39)) - ManagedBloomFilter is not closed properly
2022-08-10 09:22:16,470 [Finalizer] WARN  managed.ManagedRocksObjectUtils (ManagedRocksObjectUtils.java:assertClosed(39)) - ManagedColumnFamilyOptions is not closed properly
2022-08-10 09:22:16,470 [Finalizer] WARN  managed.ManagedRocksObjectUtils (ManagedRocksObjectUtils.java:assertClosed(39)) - ManagedLRUCache is not closed properly
2022-08-10 09:22:16,470 [Finalizer] WARN  managed.ManagedRocksObjectUtils (ManagedRocksObjectUtils.java:assertClosed(39)) - ManagedBloomFilter is not closed properly
2022-08-10 09:22:16,470 [Finalizer] WARN  managed.ManagedRocksObjectUtils (ManagedRocksObjectUtils.java:assertClosed(39)) - ManagedColumnFamilyOptions is not closed properly
2022-08-10 09:22:16,470 [Finalizer] WARN  managed.ManagedRocksObjectUtils (ManagedRocksObjectUtils.java:assertClosed(39)) - ManagedLRUCache is not closed properly
2022-08-10 09:22:16,470 [Finalizer] WARN  managed.ManagedRocksObjectUtils (ManagedRocksObjectUtils.java:assertClosed(39)) - ManagedBloomFilter is not closed properly
2022-08-10 09:22:16,471 [Finalizer] WARN  managed.ManagedRocksObjectUtils (ManagedRocksObjectUtils.java:assertClosed(39)) - ManagedColumnFamilyOptions is not closed properly
2022-08-10 09:22:16,471 [Finalizer] WARN  managed.ManagedRocksObjectUtils (ManagedRocksObjectUtils.java:assertClosed(39)) - ManagedLRUCache is not closed properly
2022-08-10 09:22:16,471 [Finalizer] WARN  managed.ManagedRocksObjectUtils (ManagedRocksObjectUtils.java:assertClosed(39)) - ManagedBloomFilter is not closed properly
2022-08-10 09:22:16,471 [Finalizer] WARN  managed.ManagedRocksObjectUtils (ManagedRocksObjectUtils.java:assertClosed(39)) - ManagedColumnFamilyOptions is not closed properly
2022-08-10 09:22:16,471 [Finalizer] WARN  managed.ManagedRocksObjectUtils (ManagedRocksObjectUtils.java:assertClosed(39)) - ManagedLRUCache is not closed properly
2022-08-10 09:22:16,471 [Finalizer] WARN  managed.ManagedRocksObjectUtils (ManagedRocksObjectUtils.java:assertClosed(39)) - ManagedBloomFilter is not closed properly
2022-08-10 09:22:16,471 [Finalizer] WARN  managed.ManagedRocksObjectUtils (ManagedRocksObjectUtils.java:assertClosed(39)) - ManagedColumnFamilyOptions is not closed properly
2022-08-10 09:22:16,471 [Finalizer] WARN  managed.ManagedRocksObjectUtils (ManagedRocksObjectUtils.java:assertClosed(39)) - ManagedLRUCache is not closed properly
2022-08-10 09:22:16,471 [Finalizer] WARN  managed.ManagedRocksObjectUtils (ManagedRocksObjectUtils.java:assertClosed(39)) - ManagedBloomFilter is not closed properly
2022-08-10 09:22:16,471 [Finalizer] WARN  managed.ManagedRocksObjectUtils (ManagedRocksObjectUtils.java:assertClosed(39)) - ManagedColumnFamilyOptions is not closed properly
2022-08-10 09:22:16,471 [Finalizer] WARN  managed.ManagedRocksObjectUtils (ManagedRocksObjectUtils.java:assertClosed(39)) - ManagedLRUCache is not closed properly
2022-08-10 09:22:16,471 [Finalizer] WARN  managed.ManagedRocksObjectUtils (ManagedRocksObjectUtils.java:assertClosed(39)) - ManagedBloomFilter is not closed properly
2022-08-10 09:22:16,471 [Finalizer] WARN  managed.ManagedRocksObjectUtils (ManagedRocksObjectUtils.java:assertClosed(39)) - ManagedColumnFamilyOptions is not closed properly
2022-08-10 09:22:16,471 [Finalizer] WARN  managed.ManagedRocksObjectUtils (ManagedRocksObjectUtils.java:assertClosed(39)) - ManagedLRUCache is not closed properly
2022-08-10 09:22:16,471 [Finalizer] WARN  managed.ManagedRocksObjectUtils (ManagedRocksObjectUtils.java:assertClosed(39)) - ManagedBloomFilter is not closed properly
2022-08-10 09:22:16,513 [omNode-3@group-523986131536-FollowerState] INFO  impl.FollowerState (FollowerState.java:run(143)) - omNode-3@group-523986131536-FollowerState: change to CANDIDATE, lastRpcElapsedTime:1039808102ns, electionTimeout:1037ms
2022-08-10 09:22:16,514 [omNode-3@group-523986131536-FollowerState] INFO  impl.RoleInfo (RoleInfo.java:shutdownFollowerState(110)) - omNode-3: shutdown omNode-3@group-523986131536-FollowerState
2022-08-10 09:22:16,514 [omNode-3@group-523986131536-FollowerState] INFO  server.RaftServer$Division (RaftServerImpl.java:setRole(299)) - omNode-3@group-523986131536: changes role from  FOLLOWER to CANDIDATE at term 9 for changeToCandidate
2022-08-10 09:22:16,514 [omNode-3@group-523986131536-FollowerState] INFO  server.RaftServerConfigKeys (ConfUtils.java:logGet(46)) - raft.server.leaderelection.pre-vote = false (custom)
2022-08-10 09:22:16,514 [omNode-3@group-523986131536-FollowerState] INFO  impl.RoleInfo (RoleInfo.java:updateAndGet(139)) - omNode-3: start omNode-3@group-523986131536-LeaderElection24
2022-08-10 09:22:16,521 [omNode-3@group-523986131536-LeaderElection24] INFO  impl.LeaderElection (LeaderElection.java:askForVotes(310)) - omNode-3@group-523986131536-LeaderElection24 ELECTION round 0: submit vote requests at term 10 for 59: [omNode-3|rpc:localhost:34947|admin:|client:|dataStream:|priority:0, omNode-1|rpc:localhost:44673|admin:|client:|dataStream:|priority:0, omNode-2|rpc:localhost:36767|admin:|client:|dataStream:|priority:0], old=null
2022-08-10 09:22:16,531 [grpc-default-executor-3] INFO  server.RaftServer$Division (RaftServerImpl.java:requestVote(1152)) - omNode-1@group-523986131536: receive requestVote(ELECTION, omNode-3, group-523986131536, 10, (t:6, i:144))
2022-08-10 09:22:16,531 [grpc-default-executor-3] INFO  impl.VoteContext (VoteContext.java:log(48)) - omNode-1@group-523986131536-FOLLOWER: accept ELECTION from omNode-3: our priority 0 <= candidate's priority 0
2022-08-10 09:22:16,531 [grpc-default-executor-3] INFO  server.RaftServer$Division (RaftServerImpl.java:setRole(299)) - omNode-1@group-523986131536: changes role from  FOLLOWER to FOLLOWER at term 10 for candidate:omNode-3
2022-08-10 09:22:16,531 [grpc-default-executor-3] INFO  impl.RoleInfo (RoleInfo.java:shutdownFollowerState(110)) - omNode-1: shutdown omNode-1@group-523986131536-FollowerState
2022-08-10 09:22:16,532 [grpc-default-executor-3] INFO  impl.RoleInfo (RoleInfo.java:updateAndGet(139)) - omNode-1: start omNode-1@group-523986131536-FollowerState
2022-08-10 09:22:16,532 [omNode-1@group-523986131536-FollowerState] INFO  impl.FollowerState (FollowerState.java:run(152)) - omNode-1@group-523986131536-FollowerState was interrupted
2022-08-10 09:22:16,533 [grpc-default-executor-1] INFO  server.RaftServer$Division (RaftServerImpl.java:requestVote(1152)) - omNode-2@group-523986131536: receive requestVote(ELECTION, omNode-3, group-523986131536, 10, (t:6, i:144))
2022-08-10 09:22:16,533 [grpc-default-executor-1] INFO  impl.VoteContext (VoteContext.java:log(48)) - omNode-2@group-523986131536-FOLLOWER: accept ELECTION from omNode-3: our last entry (t:4, i:56) < candidate's last entry (t:6, i:144)
2022-08-10 09:22:16,533 [grpc-default-executor-1] INFO  server.RaftServer$Division (RaftServerImpl.java:setRole(299)) - omNode-2@group-523986131536: changes role from  FOLLOWER to FOLLOWER at term 10 for candidate:omNode-3
2022-08-10 09:22:16,533 [grpc-default-executor-1] INFO  impl.RoleInfo (RoleInfo.java:shutdownFollowerState(110)) - omNode-2: shutdown omNode-2@group-523986131536-FollowerState
2022-08-10 09:22:16,534 [grpc-default-executor-1] INFO  impl.RoleInfo (RoleInfo.java:updateAndGet(139)) - omNode-2: start omNode-2@group-523986131536-FollowerState
2022-08-10 09:22:16,536 [grpc-default-executor-3] INFO  server.RaftServer$Division (RaftServerImpl.java:requestVote(1184)) - omNode-1@group-523986131536 replies to ELECTION vote request: omNode-3<-omNode-1#0:OK-t10. Peer's state: omNode-1@group-523986131536:t10, leader=null, voted=omNode-3, raftlog=omNode-1@group-523986131536-SegmentedRaftLog:OPENED:c143, conf=59: [omNode-3|rpc:localhost:34947|admin:|client:|dataStream:|priority:0, omNode-1|rpc:localhost:44673|admin:|client:|dataStream:|priority:0, omNode-2|rpc:localhost:36767|admin:|client:|dataStream:|priority:0], old=null
2022-08-10 09:22:16,536 [omNode-2@group-523986131536-FollowerState] INFO  impl.FollowerState (FollowerState.java:run(152)) - omNode-2@group-523986131536-FollowerState was interrupted
2022-08-10 09:22:16,541 [grpc-default-executor-1] INFO  server.RaftServer$Division (RaftServerImpl.java:requestVote(1184)) - omNode-2@group-523986131536 replies to ELECTION vote request: omNode-3<-omNode-2#0:OK-t10. Peer's state: omNode-2@group-523986131536:t10, leader=null, voted=omNode-3, raftlog=omNode-2@group-523986131536-SegmentedRaftLog:OPENED:c144, conf=59: [omNode-3|rpc:localhost:34947|admin:|client:|dataStream:|priority:0, omNode-1|rpc:localhost:44673|admin:|client:|dataStream:|priority:0, omNode-2|rpc:localhost:36767|admin:|client:|dataStream:|priority:0], old=null
2022-08-10 09:22:16,546 [omNode-3@group-523986131536-LeaderElection24] INFO  impl.LeaderElection (LeaderElection.java:logAndReturn(90)) - omNode-3@group-523986131536-LeaderElection24: ELECTION PASSED received 1 response(s) and 0 exception(s):
2022-08-10 09:22:16,546 [omNode-3@group-523986131536-LeaderElection24] INFO  impl.LeaderElection (LeaderElection.java:logAndReturn(94)) -   Response 0: omNode-3<-omNode-1#0:OK-t10
2022-08-10 09:22:16,546 [omNode-3@group-523986131536-LeaderElection24] INFO  impl.LeaderElection (LeaderElection.java:askForVotes(312)) - omNode-3@group-523986131536-LeaderElection24 ELECTION round 0: result PASSED
2022-08-10 09:22:16,546 [omNode-3@group-523986131536-LeaderElection24] INFO  impl.RoleInfo (RoleInfo.java:shutdownLeaderElection(130)) - omNode-3: shutdown omNode-3@group-523986131536-LeaderElection24
2022-08-10 09:22:16,546 [omNode-3@group-523986131536-LeaderElection24] INFO  server.RaftServer$Division (RaftServerImpl.java:setRole(299)) - omNode-3@group-523986131536: changes role from CANDIDATE to LEADER at term 10 for changeToLeader
2022-08-10 09:22:16,546 [omNode-3@group-523986131536-LeaderElection24] INFO  server.RaftServer$Division (ServerState.java:setLeader(287)) - omNode-3@group-523986131536: change Leader from null to omNode-3 at term 10 for becomeLeader, leader elected after 1528ms
2022-08-10 09:22:16,546 [omNode-3@group-523986131536-LeaderElection24] INFO  server.RaftServerConfigKeys (ConfUtils.java:logGet(46)) - raft.server.staging.catchup.gap = 1000 (default)
2022-08-10 09:22:16,547 [omNode-3@group-523986131536-LeaderElection24] INFO  server.RaftServerConfigKeys (ConfUtils.java:logGet(46)) - raft.server.write.element-limit = 4096 (default)
2022-08-10 09:22:16,547 [omNode-3@group-523986131536-LeaderElection24] INFO  server.RaftServerConfigKeys (ConfUtils.java:logGet(46)) - raft.server.write.byte-limit = 64MB (=67108864) (default)
2022-08-10 09:22:16,547 [omNode-3@group-523986131536-LeaderElection24] INFO  server.RaftServerConfigKeys (ConfUtils.java:logGet(46)) - raft.server.watch.timeout = 10s (default)
2022-08-10 09:22:16,547 [omNode-3@group-523986131536-LeaderElection24] INFO  server.RaftServerConfigKeys (ConfUtils.java:logGet(46)) - raft.server.watch.timeout.denomination = 1s (default)
2022-08-10 09:22:16,547 [omNode-3@group-523986131536-LeaderElection24] INFO  server.RaftServerConfigKeys (ConfUtils.java:logGet(46)) - raft.server.watch.element-limit = 65536 (default)
2022-08-10 09:22:16,547 [omNode-3@group-523986131536-LeaderElection24] INFO  server.RaftServerConfigKeys (ConfUtils.java:logGet(46)) - raft.server.write.element-limit = 4096 (default)
2022-08-10 09:22:16,547 [omNode-3@group-523986131536-LeaderElection24] INFO  server.RaftServerConfigKeys (ConfUtils.java:logGet(46)) - raft.server.write.follower.gap.ratio.max = -1.0 (default)
2022-08-10 09:22:16,548 [omNode-3@group-523986131536-LeaderElection24] INFO  server.RaftServerConfigKeys (ConfUtils.java:logGet(46)) - raft.server.log.appender.snapshot.chunk.size.max = 16MB (=16777216) (default)
2022-08-10 09:22:16,549 [omNode-3@group-523986131536-LeaderElection24] INFO  server.RaftServerConfigKeys (ConfUtils.java:logGet(46)) - raft.server.log.appender.buffer.byte-limit = 33554432 (custom)
2022-08-10 09:22:16,549 [omNode-3@group-523986131536-LeaderElection24] INFO  server.RaftServerConfigKeys (ConfUtils.java:logGet(46)) - raft.server.log.appender.buffer.element-limit = 1024 (custom)
2022-08-10 09:22:16,549 [omNode-3@group-523986131536-LeaderElection24] INFO  grpc.GrpcConfigKeys (ConfUtils.java:logGet(46)) - raft.grpc.server.leader.outstanding.appends.max = 128 (default)
2022-08-10 09:22:16,549 [omNode-3@group-523986131536-LeaderElection24] INFO  server.RaftServerConfigKeys (ConfUtils.java:logGet(46)) - raft.server.rpc.request.timeout = 3000ms (default)
2022-08-10 09:22:16,549 [omNode-3@group-523986131536-LeaderElection24] INFO  server.RaftServerConfigKeys (ConfUtils.java:logGet(46)) - raft.server.log.appender.install.snapshot.enabled = false (custom)
2022-08-10 09:22:16,550 [omNode-3@group-523986131536-LeaderElection24] INFO  server.RaftServerConfigKeys (ConfUtils.java:logGet(46)) - raft.server.log.appender.snapshot.chunk.size.max = 16MB (=16777216) (default)
2022-08-10 09:22:16,550 [omNode-3@group-523986131536-LeaderElection24] INFO  server.RaftServerConfigKeys (ConfUtils.java:logGet(46)) - raft.server.log.appender.buffer.byte-limit = 33554432 (custom)
2022-08-10 09:22:16,550 [omNode-3@group-523986131536-LeaderElection24] INFO  server.RaftServerConfigKeys (ConfUtils.java:logGet(46)) - raft.server.log.appender.buffer.element-limit = 1024 (custom)
2022-08-10 09:22:16,550 [omNode-3@group-523986131536-LeaderElection24] INFO  grpc.GrpcConfigKeys (ConfUtils.java:logGet(46)) - raft.grpc.server.leader.outstanding.appends.max = 128 (default)
2022-08-10 09:22:16,550 [omNode-3@group-523986131536-LeaderElection24] INFO  server.RaftServerConfigKeys (ConfUtils.java:logGet(46)) - raft.server.rpc.request.timeout = 3000ms (default)
2022-08-10 09:22:16,551 [omNode-3@group-523986131536-LeaderElection24] INFO  server.RaftServerConfigKeys (ConfUtils.java:logGet(46)) - raft.server.log.appender.install.snapshot.enabled = false (custom)
2022-08-10 09:22:16,551 [omNode-3@group-523986131536-LeaderElection24] INFO  impl.RoleInfo (RoleInfo.java:updateAndGet(139)) - omNode-3: start omNode-3@group-523986131536-LeaderStateImpl
2022-08-10 09:22:16,551 [omNode-3@group-523986131536-LeaderElection24] INFO  segmented.SegmentedRaftLogWorker (SegmentedRaftLogWorker.java:rollLogSegment(430)) - omNode-3@group-523986131536-SegmentedRaftLogWorker: Rolling segment log-59_144 to index:144
2022-08-10 09:22:16,565 [omNode-3@group-523986131536-SegmentedRaftLogWorker] INFO  segmented.SegmentedRaftLogWorker (SegmentedRaftLogWorker.java:execute(586)) - omNode-3@group-523986131536-SegmentedRaftLogWorker: Rolled log segment from /home/runner/work/ozone/ozone/hadoop-ozone/integration-test/target/test-dir/MiniOzoneClusterImpl-5b46f7b7-15cd-42ca-88c0-c813cff626ca/omNode-3/ratis/c9bc4cf4-3bc3-3c60-a66b-523986131536/current/log_inprogress_59 to /home/runner/work/ozone/ozone/hadoop-ozone/integration-test/target/test-dir/MiniOzoneClusterImpl-5b46f7b7-15cd-42ca-88c0-c813cff626ca/omNode-3/ratis/c9bc4cf4-3bc3-3c60-a66b-523986131536/current/log_59-144
2022-08-10 09:22:16,577 [omNode-3@group-523986131536-LeaderElection24] INFO  server.RaftServer$Division (ServerState.java:setRaftConf(393)) - omNode-3@group-523986131536: set configuration 145: [omNode-3|rpc:localhost:34947|admin:|client:|dataStream:|priority:0, omNode-1|rpc:localhost:44673|admin:|client:|dataStream:|priority:0, omNode-2|rpc:localhost:36767|admin:|client:|dataStream:|priority:0], old=null
2022-08-10 09:22:16,577 [omNode-3@group-523986131536-SegmentedRaftLogWorker] INFO  segmented.SegmentedRaftLogWorker (SegmentedRaftLogWorker.java:execute(629)) - omNode-3@group-523986131536-SegmentedRaftLogWorker: created new log segment /home/runner/work/ozone/ozone/hadoop-ozone/integration-test/target/test-dir/MiniOzoneClusterImpl-5b46f7b7-15cd-42ca-88c0-c813cff626ca/omNode-3/ratis/c9bc4cf4-3bc3-3c60-a66b-523986131536/current/log_inprogress_145
2022-08-10 09:22:16,601 [omNode-2-server-thread1] INFO  server.RaftServer$Division (ServerState.java:setLeader(287)) - omNode-2@group-523986131536: change Leader from null to omNode-3 at term 10 for appendEntries, leader elected after 383ms
2022-08-10 09:22:16,604 [omNode-1-server-thread1] INFO  server.RaftServer$Division (ServerState.java:setLeader(287)) - omNode-1@group-523986131536: change Leader from null to omNode-3 at term 10 for appendEntries, leader elected after 1022ms
2022-08-10 09:22:16,606 [omNode-1-server-thread1] INFO  server.RaftServer$Division (ServerState.java:setRaftConf(393)) - omNode-1@group-523986131536: set configuration 145: [omNode-3|rpc:localhost:34947|admin:|client:|dataStream:|priority:0, omNode-1|rpc:localhost:44673|admin:|client:|dataStream:|priority:0, omNode-2|rpc:localhost:36767|admin:|client:|dataStream:|priority:0], old=null
2022-08-10 09:22:16,606 [omNode-1-server-thread1] INFO  segmented.SegmentedRaftLogWorker (SegmentedRaftLogWorker.java:rollLogSegment(430)) - omNode-1@group-523986131536-SegmentedRaftLogWorker: Rolling segment log-59_144 to index:144
2022-08-10 09:22:16,623 [omNode-2-server-thread1] INFO  server.RaftServer$Division (ServerState.java:setRaftConf(393)) - omNode-2@group-523986131536: set configuration 145: [omNode-3|rpc:localhost:34947|admin:|client:|dataStream:|priority:0, omNode-1|rpc:localhost:44673|admin:|client:|dataStream:|priority:0, omNode-2|rpc:localhost:36767|admin:|client:|dataStream:|priority:0], old=null
2022-08-10 09:22:16,623 [omNode-2-server-thread1] INFO  segmented.SegmentedRaftLogWorker (SegmentedRaftLogWorker.java:rollLogSegment(430)) - omNode-2@group-523986131536-SegmentedRaftLogWorker: Rolling segment log-31_56 to index:56
2022-08-10 09:22:16,623 [omNode-2-server-thread1] ERROR raftlog.RaftLog (SegmentedRaftLog.java:appendEntryImpl(418)) - omNode-2@group-523986131536-SegmentedRaftLog: Failed to append (t:10, i:145), CONFIGURATIONENTRY
java.lang.IllegalStateException: gap between start index 57 and first entry to append 145
	at org.apache.ratis.util.Preconditions.assertTrue(Preconditions.java:60)
	at org.apache.ratis.server.raftlog.segmented.LogSegment.append(LogSegment.java:312)
	at org.apache.ratis.server.raftlog.segmented.LogSegment.appendToOpenSegment(LogSegment.java:306)
	at org.apache.ratis.server.raftlog.segmented.SegmentedRaftLogCache.appendEntry(SegmentedRaftLogCache.java:554)
	at org.apache.ratis.server.raftlog.segmented.SegmentedRaftLog.appendEntryImpl(SegmentedRaftLog.java:414)
	at org.apache.ratis.server.raftlog.RaftLogBase.lambda$appendEntry$10(RaftLogBase.java:323)
	at org.apache.ratis.server.raftlog.RaftLogSequentialOps$Runner.runSequentially(RaftLogSequentialOps.java:77)
	at org.apache.ratis.server.raftlog.RaftLogBase.appendEntry(RaftLogBase.java:323)
	at org.apache.ratis.server.raftlog.segmented.SegmentedRaftLog.appendImpl(SegmentedRaftLog.java:457)
	at org.apache.ratis.server.raftlog.RaftLogBase.lambda$append$11(RaftLogBase.java:330)
	at org.apache.ratis.server.raftlog.RaftLogSequentialOps$Runner.runSequentially(RaftLogSequentialOps.java:68)
	at org.apache.ratis.server.raftlog.RaftLogBase.append(RaftLogBase.java:330)
	at org.apache.ratis.server.impl.RaftServerImpl.appendEntriesAsync(RaftServerImpl.java:1356)
	at org.apache.ratis.server.impl.RaftServerImpl.appendEntriesAsync(RaftServerImpl.java:1243)
	at org.apache.ratis.server.impl.RaftServerProxy.lambda$null$26(RaftServerProxy.java:615)
	at org.apache.ratis.util.JavaUtils.callAsUnchecked(JavaUtils.java:115)
	at org.apache.ratis.server.impl.RaftServerImpl.lambda$executeSubmitServerRequestAsync$11(RaftServerImpl.java:777)
	at java.util.concurrent.CompletableFuture$AsyncSupply.run(CompletableFuture.java:1604)
	at java.util.concurrent.ThreadPoolExecutor.runWorker(ThreadPoolExecutor.java:1149)
	at java.util.concurrent.ThreadPoolExecutor$Worker.run(ThreadPoolExecutor.java:624)
	at java.lang.Thread.run(Thread.java:750)
2022-08-10 09:22:16,624 [omNode-2@group-523986131536-SegmentedRaftLogWorker] INFO  segmented.SegmentedRaftLogWorker (SegmentedRaftLogWorker.java:execute(586)) - omNode-2@group-523986131536-SegmentedRaftLogWorker: Rolled log segment from /home/runner/work/ozone/ozone/hadoop-ozone/integration-test/target/test-dir/MiniOzoneClusterImpl-5b46f7b7-15cd-42ca-88c0-c813cff626ca/omNode-2/ratis/c9bc4cf4-3bc3-3c60-a66b-523986131536/current/log_inprogress_31 to /home/runner/work/ozone/ozone/hadoop-ozone/integration-test/target/test-dir/MiniOzoneClusterImpl-5b46f7b7-15cd-42ca-88c0-c813cff626ca/omNode-2/ratis/c9bc4cf4-3bc3-3c60-a66b-523986131536/current/log_31-56
2022-08-10 09:22:16,628 [omNode-1@group-523986131536-SegmentedRaftLogWorker] INFO  segmented.SegmentedRaftLogWorker (SegmentedRaftLogWorker.java:execute(586)) - omNode-1@group-523986131536-SegmentedRaftLogWorker: Rolled log segment from /home/runner/work/ozone/ozone/hadoop-ozone/integration-test/target/test-dir/MiniOzoneClusterImpl-5b46f7b7-15cd-42ca-88c0-c813cff626ca/omNode-1/ratis/c9bc4cf4-3bc3-3c60-a66b-523986131536/current/log_inprogress_59 to /home/runner/work/ozone/ozone/hadoop-ozone/integration-test/target/test-dir/MiniOzoneClusterImpl-5b46f7b7-15cd-42ca-88c0-c813cff626ca/omNode-1/ratis/c9bc4cf4-3bc3-3c60-a66b-523986131536/current/log_59-144
2022-08-10 09:22:16,641 [omNode-2-server-thread1] ERROR server.RaftServer$Division (RaftServerImpl.java:appendEntriesAsync(1246)) - omNode-2@group-523986131536: Failed appendEntriesAsync serverRequest {
  requestorId: "omNode-3"
  replyId: "omNode-2"
  raftGroupId {
    id: "\311\274L\364;\303<`\246kR9\206\023\0256"
  }
  callId: 1
  slidingWindowEntry {
  }
}
leaderTerm: 10
previousLog {
  term: 6
  index: 144
}
entries {
  term: 10
  index: 145
  configurationEntry {
    peers {
      id: "omNode-3"
      address: "localhost:34947"
    }
    peers {
      id: "omNode-1"
      address: "localhost:44673"
    }
    peers {
      id: "omNode-2"
      address: "localhost:36767"
    }
  }
}
leaderCommit: 144
initializing: true
commitInfos {
  server {
    id: "omNode-3"
    address: "localhost:34947"
  }
  commitIndex: 144
}
commitInfos {
  server {
    id: "omNode-1"
    address: "localhost:44673"
  }
  commitIndex: 18446744073709551615
}
commitInfos {
  server {
    id: "omNode-2"
    address: "localhost:36767"
  }
  commitIndex: 18446744073709551615
}

java.lang.IllegalStateException: gap between start index 57 and first entry to append 145
	at org.apache.ratis.util.Preconditions.assertTrue(Preconditions.java:60)
	at org.apache.ratis.server.raftlog.segmented.LogSegment.append(LogSegment.java:312)
	at org.apache.ratis.server.raftlog.segmented.LogSegment.appendToOpenSegment(LogSegment.java:306)
	at org.apache.ratis.server.raftlog.segmented.SegmentedRaftLogCache.appendEntry(SegmentedRaftLogCache.java:554)
	at org.apache.ratis.server.raftlog.segmented.SegmentedRaftLog.appendEntryImpl(SegmentedRaftLog.java:414)
	at org.apache.ratis.server.raftlog.RaftLogBase.lambda$appendEntry$10(RaftLogBase.java:323)
	at org.apache.ratis.server.raftlog.RaftLogSequentialOps$Runner.runSequentially(RaftLogSequentialOps.java:77)
	at org.apache.ratis.server.raftlog.RaftLogBase.appendEntry(RaftLogBase.java:323)
	at org.apache.ratis.server.raftlog.segmented.SegmentedRaftLog.appendImpl(SegmentedRaftLog.java:457)
	at org.apache.ratis.server.raftlog.RaftLogBase.lambda$append$11(RaftLogBase.java:330)
	at org.apache.ratis.server.raftlog.RaftLogSequentialOps$Runner.runSequentially(RaftLogSequentialOps.java:68)
	at org.apache.ratis.server.raftlog.RaftLogBase.append(RaftLogBase.java:330)
	at org.apache.ratis.server.impl.RaftServerImpl.appendEntriesAsync(RaftServerImpl.java:1356)
	at org.apache.ratis.server.impl.RaftServerImpl.appendEntriesAsync(RaftServerImpl.java:1243)
	at org.apache.ratis.server.impl.RaftServerProxy.lambda$null$26(RaftServerProxy.java:615)
	at org.apache.ratis.util.JavaUtils.callAsUnchecked(JavaUtils.java:115)
	at org.apache.ratis.server.impl.RaftServerImpl.lambda$executeSubmitServerRequestAsync$11(RaftServerImpl.java:777)
	at java.util.concurrent.CompletableFuture$AsyncSupply.run(CompletableFuture.java:1604)
	at java.util.concurrent.ThreadPoolExecutor.runWorker(ThreadPoolExecutor.java:1149)
	at java.util.concurrent.ThreadPoolExecutor$Worker.run(ThreadPoolExecutor.java:624)
	at java.lang.Thread.run(Thread.java:750)
2022-08-10 09:22:16,642 [omNode-2-server-thread2] INFO  server.RaftServer$Division (RaftServerImpl.java:checkInconsistentAppendEntries(1424)) - omNode-2@group-523986131536: Failed appendEntries as previous log entry ((t:10, i:145)) is not found
2022-08-10 09:22:16,643 [omNode-2-server-thread2] INFO  server.RaftServer$Division (RaftServerImpl.java:checkInconsistentAppendEntries(1394)) - omNode-2@group-523986131536: inconsistency entries. Reply:omNode-3<-omNode-2#2:FAIL-t10,INCONSISTENCY,nextIndex=145,followerCommit=144
2022-08-10 09:22:16,645 [grpc-default-executor-1] INFO  leader.FollowerInfo (FollowerInfoImpl.java:lambda$new$0(48)) - omNode-3@group-523986131536->omNode-2: nextIndex: updateUnconditionally 146 -> 145
2022-08-10 09:22:16,647 [omNode-2@group-523986131536-SegmentedRaftLogWorker] INFO  segmented.SegmentedRaftLogWorker (SegmentedRaftLogWorker.java:execute(629)) - omNode-2@group-523986131536-SegmentedRaftLogWorker: created new log segment /home/runner/work/ozone/ozone/hadoop-ozone/integration-test/target/test-dir/MiniOzoneClusterImpl-5b46f7b7-15cd-42ca-88c0-c813cff626ca/omNode-2/ratis/c9bc4cf4-3bc3-3c60-a66b-523986131536/current/log_inprogress_57
2022-08-10 09:22:16,647 [omNode-1@group-523986131536-SegmentedRaftLogWorker] INFO  segmented.SegmentedRaftLogWorker (SegmentedRaftLogWorker.java:execute(629)) - omNode-1@group-523986131536-SegmentedRaftLogWorker: created new log segment /home/runner/work/ozone/ozone/hadoop-ozone/integration-test/target/test-dir/MiniOzoneClusterImpl-5b46f7b7-15cd-42ca-88c0-c813cff626ca/omNode-1/ratis/c9bc4cf4-3bc3-3c60-a66b-523986131536/current/log_inprogress_145
2022-08-10 09:22:16,661 [omNode-2-server-thread2] INFO  server.RaftServer$Division (ServerState.java:setRaftConf(393)) - omNode-2@group-523986131536: set configuration 145: [omNode-3|rpc:localhost:34947|admin:|client:|dataStream:|priority:0, omNode-1|rpc:localhost:44673|admin:|client:|dataStream:|priority:0, omNode-2|rpc:localhost:36767|admin:|client:|dataStream:|priority:0], old=null
2022-08-10 09:22:16,662 [omNode-2-server-thread2] ERROR raftlog.RaftLog (SegmentedRaftLog.java:appendEntryImpl(418)) - omNode-2@group-523986131536-SegmentedRaftLog: Failed to append (t:10, i:145), CONFIGURATIONENTRY
java.lang.IllegalStateException: gap between start index 57 and first entry to append 145
	at org.apache.ratis.util.Preconditions.assertTrue(Preconditions.java:60)
	at org.apache.ratis.server.raftlog.segmented.LogSegment.append(LogSegment.java:312)
	at org.apache.ratis.server.raftlog.segmented.LogSegment.appendToOpenSegment(LogSegment.java:306)
	at org.apache.ratis.server.raftlog.segmented.SegmentedRaftLogCache.appendEntry(SegmentedRaftLogCache.java:554)
	at org.apache.ratis.server.raftlog.segmented.SegmentedRaftLog.appendEntryImpl(SegmentedRaftLog.java:414)
	at org.apache.ratis.server.raftlog.RaftLogBase.lambda$appendEntry$10(RaftLogBase.java:323)
	at org.apache.ratis.server.raftlog.RaftLogSequentialOps$Runner.runSequentially(RaftLogSequentialOps.java:77)
	at org.apache.ratis.server.raftlog.RaftLogBase.appendEntry(RaftLogBase.java:323)
	at org.apache.ratis.server.raftlog.segmented.SegmentedRaftLog.appendImpl(SegmentedRaftLog.java:457)
	at org.apache.ratis.server.raftlog.RaftLogBase.lambda$append$11(RaftLogBase.java:330)
	at org.apache.ratis.server.raftlog.RaftLogSequentialOps$Runner.runSequentially(RaftLogSequentialOps.java:68)
	at org.apache.ratis.server.raftlog.RaftLogBase.append(RaftLogBase.java:330)
	at org.apache.ratis.server.impl.RaftServerImpl.appendEntriesAsync(RaftServerImpl.java:1356)
	at org.apache.ratis.server.impl.RaftServerImpl.appendEntriesAsync(RaftServerImpl.java:1243)
	at org.apache.ratis.server.impl.RaftServerProxy.lambda$null$26(RaftServerProxy.java:615)
	at org.apache.ratis.util.JavaUtils.callAsUnchecked(JavaUtils.java:115)
	at org.apache.ratis.server.impl.RaftServerImpl.lambda$executeSubmitServerRequestAsync$11(RaftServerImpl.java:777)
	at java.util.concurrent.CompletableFuture$AsyncSupply.run(CompletableFuture.java:1604)
	at java.util.concurrent.ThreadPoolExecutor.runWorker(ThreadPoolExecutor.java:1149)
	at java.util.concurrent.ThreadPoolExecutor$Worker.run(ThreadPoolExecutor.java:624)
	at java.lang.Thread.run(Thread.java:750)
2022-08-10 09:22:16,663 [omNode-2-server-thread2] ERROR server.RaftServer$Division (RaftServerImpl.java:appendEntriesAsync(1246)) - omNode-2@group-523986131536: Failed appendEntriesAsync serverRequest {
  requestorId: "omNode-3"
  replyId: "omNode-2"
  raftGroupId {
    id: "\311\274L\364;\303<`\246kR9\206\023\0256"
  }
  callId: 3
  slidingWindowEntry {
  }
}
leaderTerm: 10
previousLog {
  term: 6
  index: 144
}
entries {
  term: 10
  index: 145
  configurationEntry {
    peers {
      id: "omNode-3"
      address: "localhost:34947"
    }
    peers {
      id: "omNode-1"
      address: "localhost:44673"
    }
    peers {
      id: "omNode-2"
      address: "localhost:36767"
    }
  }
}
leaderCommit: 144
initializing: true
commitInfos {
  server {
    id: "omNode-3"
    address: "localhost:34947"
  }
  commitIndex: 144
}
commitInfos {
  server {
    id: "omNode-1"
    address: "localhost:44673"
  }
  commitIndex: 144
}
commitInfos {
  server {
    id: "omNode-2"
    address: "localhost:36767"
  }
  commitIndex: 144
}

java.lang.IllegalStateException: gap between start index 57 and first entry to append 145
	at org.apache.ratis.util.Preconditions.assertTrue(Preconditions.java:60)
	at org.apache.ratis.server.raftlog.segmented.LogSegment.append(LogSegment.java:312)
	at org.apache.ratis.server.raftlog.segmented.LogSegment.appendToOpenSegment(LogSegment.java:306)
	at org.apache.ratis.server.raftlog.segmented.SegmentedRaftLogCache.appendEntry(SegmentedRaftLogCache.java:554)
	at org.apache.ratis.server.raftlog.segmented.SegmentedRaftLog.appendEntryImpl(SegmentedRaftLog.java:414)
	at org.apache.ratis.server.raftlog.RaftLogBase.lambda$appendEntry$10(RaftLogBase.java:323)
	at org.apache.ratis.server.raftlog.RaftLogSequentialOps$Runner.runSequentially(RaftLogSequentialOps.java:77)
	at org.apache.ratis.server.raftlog.RaftLogBase.appendEntry(RaftLogBase.java:323)
	at org.apache.ratis.server.raftlog.segmented.SegmentedRaftLog.appendImpl(SegmentedRaftLog.java:457)
	at org.apache.ratis.server.raftlog.RaftLogBase.lambda$append$11(RaftLogBase.java:330)
	at org.apache.ratis.server.raftlog.RaftLogSequentialOps$Runner.runSequentially(RaftLogSequentialOps.java:68)
	at org.apache.ratis.server.raftlog.RaftLogBase.append(RaftLogBase.java:330)
	at org.apache.ratis.server.impl.RaftServerImpl.appendEntriesAsync(RaftServerImpl.java:1356)
	at org.apache.ratis.server.impl.RaftServerImpl.appendEntriesAsync(RaftServerImpl.java:1243)
	at org.apache.ratis.server.impl.RaftServerProxy.lambda$null$26(RaftServerProxy.java:615)
	at org.apache.ratis.util.JavaUtils.callAsUnchecked(JavaUtils.java:115)
	at org.apache.ratis.server.impl.RaftServerImpl.lambda$executeSubmitServerRequestAsync$11(RaftServerImpl.java:777)
	at java.util.concurrent.CompletableFuture$AsyncSupply.run(CompletableFuture.java:1604)
	at java.util.concurrent.ThreadPoolExecutor.runWorker(ThreadPoolExecutor.java:1149)
	at java.util.concurrent.ThreadPoolExecutor$Worker.run(ThreadPoolExecutor.java:624)
	at java.lang.Thread.run(Thread.java:750)
2022-08-10 09:22:16,663 [omNode-2@group-523986131536-SegmentedRaftLogWorker] ERROR segmented.SegmentedRaftLogWorker (SegmentedRaftLogWorker.java:run(345)) - omNode-2@group-523986131536-SegmentedRaftLogWorker hit exception
java.lang.IllegalStateException: lastWrittenIndex == 145, entry == term: 10
index: 145
configurationEntry {
  peers {
    id: "omNode-3"
    address: "localhost:34947"
  }
  peers {
    id: "omNode-1"
    address: "localhost:44673"
  }
  peers {
    id: "omNode-2"
    address: "localhost:36767"
  }
}

	at org.apache.ratis.util.Preconditions.assertTrue(Preconditions.java:60)
	at org.apache.ratis.server.raftlog.segmented.SegmentedRaftLogWorker$WriteLog.execute(SegmentedRaftLogWorker.java:539)
	at org.apache.ratis.server.raftlog.segmented.SegmentedRaftLogWorker.run(SegmentedRaftLogWorker.java:310)
	at java.lang.Thread.run(Thread.java:750)
2022-08-10 09:22:16,665 [omNode-2@group-523986131536-SegmentedRaftLogWorker] INFO  server.RaftServer$Division (RaftServerImpl.java:lambda$close$4(434)) - omNode-2@group-523986131536: shutdown
2022-08-10 09:22:16,665 [omNode-2@group-523986131536-SegmentedRaftLogWorker] INFO  util.JmxRegister (JmxRegister.java:unregister(73)) - Successfully un-registered JMX Bean with object name Ratis:service=RaftServer,group=group-523986131536,id=omNode-2
2022-08-10 09:22:16,665 [omNode-2@group-523986131536-SegmentedRaftLogWorker] INFO  impl.RoleInfo (RoleInfo.java:shutdownFollowerState(110)) - omNode-2: shutdown omNode-2@group-523986131536-FollowerState
2022-08-10 09:22:16,665 [omNode-2@group-523986131536-SegmentedRaftLogWorker] INFO  impl.StateMachineUpdater (StateMachineUpdater.java:stopAndJoin(153)) - omNode-2@group-523986131536-StateMachineUpdater: set stopIndex = 144
2022-08-10 09:22:16,665 [omNode-2@group-523986131536-FollowerState] INFO  impl.FollowerState (FollowerState.java:run(152)) - omNode-2@group-523986131536-FollowerState was interrupted
2022-08-10 09:22:16,665 [omNode-2@group-523986131536-StateMachineUpdater] INFO  ratis.OzoneManagerStateMachine (OzoneManagerStateMachine.java:close(495)) - StateMachine has shutdown. Shutdown OzoneManager if not already shutdown.
2022-08-10 09:22:16,665 [omNode-2@group-523986131536-StateMachineUpdater] INFO  ratis.OzoneManagerDoubleBuffer (OzoneManagerDoubleBuffer.java:stop(466)) - Stopping OMDoubleBuffer flush thread
2022-08-10 09:22:16,665 [OMDoubleBufferFlushThread] INFO  ratis.OzoneManagerDoubleBuffer (OzoneManagerDoubleBuffer.java:flushTransactions(385)) - OMDoubleBuffer flush thread OMDoubleBufferFlushThread is interrupted and will exit.
2022-08-10 09:22:16,669 [omNode-2@group-523986131536-SegmentedRaftLogWorker] INFO  server.RaftServer$Division (ServerState.java:close(429)) - omNode-2@group-523986131536: closes. applyIndex: 144
2022-08-10 09:22:16,669 [omNode-2@group-523986131536-SegmentedRaftLogWorker] INFO  segmented.SegmentedRaftLogWorker (SegmentedRaftLogWorker.java:close(246)) - omNode-2@group-523986131536-SegmentedRaftLogWorker close()
2022-08-10 09:22:16,671 [omNode-3@group-523986131536-StateMachineUpdater] INFO  ratis.OzoneManagerStateMachine (OzoneManagerStateMachine.java:notifyConfigurationChanged(192)) - Received Configuration change notification from Ratis. New Peer list:
[id: "omNode-3"
address: "localhost:34947"
, id: "omNode-1"
address: "localhost:44673"
, id: "omNode-2"
address: "localhost:36767"
]
2022-08-10 09:22:16,682 [omNode-1@group-523986131536-StateMachineUpdater] INFO  ratis.OzoneManagerStateMachine (OzoneManagerStateMachine.java:notifyConfigurationChanged(192)) - Received Configuration change notification from Ratis. New Peer list:
[id: "omNode-3"
address: "localhost:34947"
, id: "omNode-1"
address: "localhost:44673"
, id: "omNode-2"
address: "localhost:36767"
]
2022-08-10 09:22:16,718 [Listener at localhost/39929] INFO  reflections.Reflections (Reflections.java:scan(232)) - Reflections took 487 ms to scan 19 urls, producing 67 keys and 4150 values [using 2 cores]
2022-08-10 09:22:16,721 [Listener at localhost/39929] INFO  ipc.CallQueueManager (CallQueueManager.java:<init>(90)) - Using callQueue: class java.util.concurrent.LinkedBlockingQueue, queueCapacity: 2000, scheduler: class org.apache.hadoop.ipc.DefaultRpcScheduler, ipcBackoff: false.
2022-08-10 09:22:16,723 [Socket Reader #1 for port 38141] INFO  ipc.Server (Server.java:run(1265)) - Starting Socket Reader #1 for port 38141
2022-08-10 09:22:16,730 [Listener at localhost/38141] INFO  http.BaseHttpServer (BaseHttpServer.java:newHttpServer2BuilderForOzone(209)) - Starting Web-server for ozoneManager at: http://0.0.0.0:45427
2022-08-10 09:22:16,730 [Listener at localhost/38141] INFO  http.BaseHttpServer (BaseHttpServer.java:<init>(107)) - Hadoop Security Enabled: false Ozone Security Enabled: false Ozone HTTP Security Enabled: false 
2022-08-10 09:22:16,732 [Listener at localhost/38141] INFO  server.AuthenticationFilter (AuthenticationFilter.java:constructSecretProvider(240)) - Unable to initialize FileSignerSecretProvider, falling back to use random secrets.
2022-08-10 09:22:16,733 [Listener at localhost/38141] WARN  http.HttpRequestLog (HttpRequestLog.java:getRequestLog(103)) - Jetty request log can only be enabled using Log4j
2022-08-10 09:22:16,734 [Listener at localhost/38141] INFO  http.HttpServer2 (HttpServer2.java:addGlobalFilter(1029)) - Added global filter 'safety' (class=org.apache.hadoop.hdds.server.http.HttpServer2$QuotingInputFilter)
2022-08-10 09:22:16,735 [Listener at localhost/38141] INFO  http.HttpServer2 (HttpServer2.java:addFilter(1005)) - Added filter static_user_filter (class=org.apache.hadoop.http.lib.StaticUserWebFilter$StaticUserFilter) to context ozoneManager
2022-08-10 09:22:16,735 [Listener at localhost/38141] INFO  http.HttpServer2 (HttpServer2.java:addFilter(1013)) - Added filter static_user_filter (class=org.apache.hadoop.http.lib.StaticUserWebFilter$StaticUserFilter) to context static
2022-08-10 09:22:16,735 [Listener at localhost/38141] INFO  http.HttpServer2 (HttpServer2.java:addFilter(1013)) - Added filter static_user_filter (class=org.apache.hadoop.http.lib.StaticUserWebFilter$StaticUserFilter) to context logs
2022-08-10 09:22:16,736 [Listener at localhost/38141] INFO  http.HttpServer2 (HttpServer2.java:bindListener(1248)) - Jetty bound to port 45427
2022-08-10 09:22:16,736 [Listener at localhost/38141] INFO  server.Server (Server.java:doStart(375)) - jetty-9.4.43.v20210629; built: 2021-06-30T11:07:22.254Z; git: 526006ecfa3af7f1a27ef3a288e2bef7ea9dd7e8; jvm 1.8.0_332-b09
2022-08-10 09:22:16,740 [Listener at localhost/38141] INFO  server.session (DefaultSessionIdManager.java:doStart(334)) - DefaultSessionIdManager workerName=node0
2022-08-10 09:22:16,740 [Listener at localhost/38141] INFO  server.session (DefaultSessionIdManager.java:doStart(339)) - No SessionScavenger set, using defaults
2022-08-10 09:22:16,741 [Listener at localhost/38141] INFO  server.session (HouseKeeper.java:startScavenging(132)) - node0 Scavenging every 600000ms
2022-08-10 09:22:16,742 [Listener at localhost/38141] INFO  handler.ContextHandler (ContextHandler.java:doStart(915)) - Started o.e.j.s.ServletContextHandler@21ecf90d{logs,/logs,file:///home/runner/work/ozone/ozone/hadoop-ozone/integration-test/target/log,AVAILABLE}
2022-08-10 09:22:16,742 [Listener at localhost/38141] INFO  handler.ContextHandler (ContextHandler.java:doStart(915)) - Started o.e.j.s.ServletContextHandler@3358de38{static,/static,file:///home/runner/work/ozone/ozone/hadoop-ozone/integration-test/target/test-classes/webapps/static,AVAILABLE}
2022-08-10 09:22:16,750 [Listener at localhost/38141] INFO  handler.ContextHandler (ContextHandler.java:doStart(915)) - Started o.e.j.w.WebAppContext@3b91ed0e{ozoneManager,/,file:///home/runner/work/ozone/ozone/hadoop-ozone/integration-test/target/test-classes/webapps/ozoneManager/,AVAILABLE}{file:/home/runner/work/ozone/ozone/hadoop-ozone/integration-test/target/test-classes/webapps/ozoneManager}
2022-08-10 09:22:16,751 [Listener at localhost/38141] INFO  server.AbstractConnector (AbstractConnector.java:doStart(331)) - Started ServerConnector@3b1ff451{HTTP/1.1, (http/1.1)}{0.0.0.0:45427}
2022-08-10 09:22:16,751 [Listener at localhost/38141] INFO  server.Server (Server.java:doStart(415)) - Started @64201ms
2022-08-10 09:22:16,751 [Listener at localhost/38141] WARN  impl.MetricsSystemImpl (MetricsSystemImpl.java:register(279)) - Sink prometheus already exists!
2022-08-10 09:22:16,752 [Listener at localhost/38141] INFO  http.BaseHttpServer (BaseHttpServer.java:updateConnectorAddress(329)) - HTTP server of ozoneManager listening at http://0.0.0.0:45427
2022-08-10 09:22:16,752 [IPC Server Responder] INFO  ipc.Server (Server.java:run(1507)) - IPC Server Responder: starting
2022-08-10 09:22:16,753 [IPC Server listener on 38141] INFO  ipc.Server (Server.java:run(1344)) - IPC Server listener on 38141: starting
2022-08-10 09:22:16,755 [Listener at localhost/38141] INFO  om.OzoneManager (OzoneManager.java:startTrashEmptier(1907)) - Trash Interval set to 0. Files deleted won't move to trash
]]></system-out>
  </testcase>
  <testcase name="testTwoOMNodesDown" classname="org.apache.hadoop.ozone.om.TestOzoneManagerHAWithData" time="17.324">
    <error type="java.io.IOException"><![CDATA[java.io.IOException: java.lang.IllegalStateException: gap between start index 57 and first entry to append 145
	at org.apache.ratis.util.IOUtils.asIOException(IOUtils.java:56)
	at org.apache.ratis.util.IOUtils.toIOException(IOUtils.java:61)
	at org.apache.ratis.util.IOUtils.getFromFuture(IOUtils.java:71)
	at org.apache.ratis.server.impl.RaftServerProxy.getImpls(RaftServerProxy.java:362)
	at org.apache.ratis.server.impl.RaftServerProxy.start(RaftServerProxy.java:379)
	at org.apache.hadoop.ozone.om.ratis.OzoneManagerRatisServer.start(OzoneManagerRatisServer.java:556)
	at org.apache.hadoop.ozone.om.OzoneManager.restart(OzoneManager.java:1594)
	at org.apache.hadoop.ozone.MiniOzoneHAClusterImpl.restartOzoneManager(MiniOzoneHAClusterImpl.java:229)
	at org.apache.hadoop.ozone.om.TestOzoneManagerHA.resetCluster(TestOzoneManagerHA.java:188)
	at sun.reflect.NativeMethodAccessorImpl.invoke0(Native Method)
	at sun.reflect.NativeMethodAccessorImpl.invoke(NativeMethodAccessorImpl.java:62)
	at sun.reflect.DelegatingMethodAccessorImpl.invoke(DelegatingMethodAccessorImpl.java:43)
	at java.lang.reflect.Method.invoke(Method.java:498)
	at org.junit.platform.commons.util.ReflectionUtils.invokeMethod(ReflectionUtils.java:725)
	at org.junit.jupiter.engine.execution.MethodInvocation.proceed(MethodInvocation.java:60)
	at org.junit.jupiter.engine.execution.InvocationInterceptorChain$ValidatingInvocation.proceed(InvocationInterceptorChain.java:131)
	at org.junit.jupiter.engine.extension.TimeoutExtension.intercept(TimeoutExtension.java:149)
	at org.junit.jupiter.engine.extension.TimeoutExtension.interceptLifecycleMethod(TimeoutExtension.java:126)
	at org.junit.jupiter.engine.extension.TimeoutExtension.interceptAfterEachMethod(TimeoutExtension.java:108)
	at org.junit.jupiter.engine.execution.ExecutableInvoker$ReflectiveInterceptorCall.lambda$ofVoidMethod$0(ExecutableInvoker.java:115)
	at org.junit.jupiter.engine.execution.ExecutableInvoker.lambda$invoke$0(ExecutableInvoker.java:105)
	at org.junit.jupiter.engine.execution.InvocationInterceptorChain$InterceptedInvocation.proceed(InvocationInterceptorChain.java:106)
	at org.junit.jupiter.engine.execution.InvocationInterceptorChain.proceed(InvocationInterceptorChain.java:64)
	at org.junit.jupiter.engine.execution.InvocationInterceptorChain.chainAndInvoke(InvocationInterceptorChain.java:45)
	at org.junit.jupiter.engine.execution.InvocationInterceptorChain.invoke(InvocationInterceptorChain.java:37)
	at org.junit.jupiter.engine.execution.ExecutableInvoker.invoke(ExecutableInvoker.java:104)
	at org.junit.jupiter.engine.execution.ExecutableInvoker.invoke(ExecutableInvoker.java:98)
	at org.junit.jupiter.engine.descriptor.ClassBasedTestDescriptor.invokeMethodInExtensionContext(ClassBasedTestDescriptor.java:506)
	at org.junit.jupiter.engine.descriptor.ClassBasedTestDescriptor.lambda$synthesizeAfterEachMethodAdapter$22(ClassBasedTestDescriptor.java:496)
	at org.junit.jupiter.engine.descriptor.TestMethodTestDescriptor.lambda$invokeAfterEachMethods$10(TestMethodTestDescriptor.java:240)
	at org.junit.jupiter.engine.descriptor.TestMethodTestDescriptor.lambda$invokeAllAfterMethodsOrCallbacks$13(TestMethodTestDescriptor.java:273)
	at org.junit.platform.engine.support.hierarchical.ThrowableCollector.execute(ThrowableCollector.java:73)
	at org.junit.jupiter.engine.descriptor.TestMethodTestDescriptor.lambda$invokeAllAfterMethodsOrCallbacks$14(TestMethodTestDescriptor.java:273)
	at java.util.ArrayList.forEach(ArrayList.java:1259)
	at org.junit.jupiter.engine.descriptor.TestMethodTestDescriptor.invokeAllAfterMethodsOrCallbacks(TestMethodTestDescriptor.java:272)
	at org.junit.jupiter.engine.descriptor.TestMethodTestDescriptor.invokeAfterEachMethods(TestMethodTestDescriptor.java:238)
	at org.junit.jupiter.engine.descriptor.TestMethodTestDescriptor.execute(TestMethodTestDescriptor.java:139)
	at org.junit.jupiter.engine.descriptor.TestMethodTestDescriptor.execute(TestMethodTestDescriptor.java:66)
	at org.junit.platform.engine.support.hierarchical.NodeTestTask.lambda$executeRecursively$6(NodeTestTask.java:151)
	at org.junit.platform.engine.support.hierarchical.ThrowableCollector.execute(ThrowableCollector.java:73)
	at org.junit.platform.engine.support.hierarchical.NodeTestTask.lambda$executeRecursively$8(NodeTestTask.java:141)
	at org.junit.platform.engine.support.hierarchical.Node.around(Node.java:137)
	at org.junit.platform.engine.support.hierarchical.NodeTestTask.lambda$executeRecursively$9(NodeTestTask.java:139)
	at org.junit.platform.engine.support.hierarchical.ThrowableCollector.execute(ThrowableCollector.java:73)
	at org.junit.platform.engine.support.hierarchical.NodeTestTask.executeRecursively(NodeTestTask.java:138)
	at org.junit.platform.engine.support.hierarchical.NodeTestTask.execute(NodeTestTask.java:95)
	at java.util.ArrayList.forEach(ArrayList.java:1259)
	at org.junit.platform.engine.support.hierarchical.SameThreadHierarchicalTestExecutorService.invokeAll(SameThreadHierarchicalTestExecutorService.java:41)
	at org.junit.platform.engine.support.hierarchical.NodeTestTask.lambda$executeRecursively$6(NodeTestTask.java:155)
	at org.junit.platform.engine.support.hierarchical.ThrowableCollector.execute(ThrowableCollector.java:73)
	at org.junit.platform.engine.support.hierarchical.NodeTestTask.lambda$executeRecursively$8(NodeTestTask.java:141)
	at org.junit.platform.engine.support.hierarchical.Node.around(Node.java:137)
	at org.junit.platform.engine.support.hierarchical.NodeTestTask.lambda$executeRecursively$9(NodeTestTask.java:139)
	at org.junit.platform.engine.support.hierarchical.ThrowableCollector.execute(ThrowableCollector.java:73)
	at org.junit.platform.engine.support.hierarchical.NodeTestTask.executeRecursively(NodeTestTask.java:138)
	at org.junit.platform.engine.support.hierarchical.NodeTestTask.execute(NodeTestTask.java:95)
	at java.util.ArrayList.forEach(ArrayList.java:1259)
	at org.junit.platform.engine.support.hierarchical.SameThreadHierarchicalTestExecutorService.invokeAll(SameThreadHierarchicalTestExecutorService.java:41)
	at org.junit.platform.engine.support.hierarchical.NodeTestTask.lambda$executeRecursively$6(NodeTestTask.java:155)
	at org.junit.platform.engine.support.hierarchical.ThrowableCollector.execute(ThrowableCollector.java:73)
	at org.junit.platform.engine.support.hierarchical.NodeTestTask.lambda$executeRecursively$8(NodeTestTask.java:141)
	at org.junit.platform.engine.support.hierarchical.Node.around(Node.java:137)
	at org.junit.platform.engine.support.hierarchical.NodeTestTask.lambda$executeRecursively$9(NodeTestTask.java:139)
	at org.junit.platform.engine.support.hierarchical.ThrowableCollector.execute(ThrowableCollector.java:73)
	at org.junit.platform.engine.support.hierarchical.NodeTestTask.executeRecursively(NodeTestTask.java:138)
	at org.junit.platform.engine.support.hierarchical.NodeTestTask.execute(NodeTestTask.java:95)
	at org.junit.platform.engine.support.hierarchical.SameThreadHierarchicalTestExecutorService.submit(SameThreadHierarchicalTestExecutorService.java:35)
	at org.junit.platform.engine.support.hierarchical.HierarchicalTestExecutor.execute(HierarchicalTestExecutor.java:57)
	at org.junit.platform.engine.support.hierarchical.HierarchicalTestEngine.execute(HierarchicalTestEngine.java:54)
	at org.junit.platform.launcher.core.EngineExecutionOrchestrator.execute(EngineExecutionOrchestrator.java:107)
	at org.junit.platform.launcher.core.EngineExecutionOrchestrator.execute(EngineExecutionOrchestrator.java:88)
	at org.junit.platform.launcher.core.EngineExecutionOrchestrator.lambda$execute$0(EngineExecutionOrchestrator.java:54)
	at org.junit.platform.launcher.core.EngineExecutionOrchestrator.withInterceptedStreams(EngineExecutionOrchestrator.java:67)
	at org.junit.platform.launcher.core.EngineExecutionOrchestrator.execute(EngineExecutionOrchestrator.java:52)
	at org.junit.platform.launcher.core.DefaultLauncher.execute(DefaultLauncher.java:114)
	at org.junit.platform.launcher.core.DefaultLauncher.execute(DefaultLauncher.java:86)
	at org.junit.platform.launcher.core.DefaultLauncherSession$DelegatingLauncher.execute(DefaultLauncherSession.java:86)
	at org.junit.platform.launcher.core.SessionPerRequestLauncher.execute(SessionPerRequestLauncher.java:53)
	at org.apache.maven.surefire.junitplatform.JUnitPlatformProvider.execute(JUnitPlatformProvider.java:188)
	at org.apache.maven.surefire.junitplatform.JUnitPlatformProvider.invokeAllTests(JUnitPlatformProvider.java:154)
	at org.apache.maven.surefire.junitplatform.JUnitPlatformProvider.invoke(JUnitPlatformProvider.java:124)
	at org.apache.maven.surefire.booter.ForkedBooter.runSuitesInProcess(ForkedBooter.java:428)
	at org.apache.maven.surefire.booter.ForkedBooter.execute(ForkedBooter.java:162)
	at org.apache.maven.surefire.booter.ForkedBooter.run(ForkedBooter.java:562)
	at org.apache.maven.surefire.booter.ForkedBooter.main(ForkedBooter.java:548)
Caused by: java.lang.IllegalStateException: gap between start index 57 and first entry to append 145
	at org.apache.ratis.util.Preconditions.assertTrue(Preconditions.java:60)
	at org.apache.ratis.server.raftlog.segmented.LogSegment.append(LogSegment.java:312)
	at org.apache.ratis.server.raftlog.segmented.LogSegment.lambda$loadSegment$2(LogSegment.java:168)
	at org.apache.ratis.server.raftlog.segmented.LogSegment.readSegmentFile(LogSegment.java:141)
	at org.apache.ratis.server.raftlog.segmented.LogSegment.readSegmentFile(LogSegment.java:125)
	at org.apache.ratis.server.raftlog.segmented.LogSegment.loadSegment(LogSegment.java:167)
	at org.apache.ratis.server.raftlog.segmented.SegmentedRaftLogCache.loadSegment(SegmentedRaftLogCache.java:387)
	at org.apache.ratis.server.raftlog.segmented.SegmentedRaftLog.loadLogSegments(SegmentedRaftLog.java:241)
	at org.apache.ratis.server.raftlog.segmented.SegmentedRaftLog.openImpl(SegmentedRaftLog.java:214)
	at org.apache.ratis.server.raftlog.RaftLogBase.open(RaftLogBase.java:249)
	at org.apache.ratis.server.impl.ServerState.initRaftLog(ServerState.java:210)
	at org.apache.ratis.server.impl.ServerState.<init>(ServerState.java:152)
	at org.apache.ratis.server.impl.RaftServerImpl.<init>(RaftServerImpl.java:201)
	at org.apache.ratis.server.impl.RaftServerProxy.lambda$newRaftServerImpl$5(RaftServerProxy.java:274)
	at java.util.concurrent.CompletableFuture$AsyncSupply.run(CompletableFuture.java:1604)
	at java.util.concurrent.ThreadPoolExecutor.runWorker(ThreadPoolExecutor.java:1149)
	at java.util.concurrent.ThreadPoolExecutor$Worker.run(ThreadPoolExecutor.java:624)
	at java.lang.Thread.run(Thread.java:750)
]]></error>
    <system-out><![CDATA[2022-08-10 09:22:16,757 [Listener at localhost/38141] INFO  om.OzoneManager (OzoneManager.java:stop(2022)) - omNode-1[localhost:39929]: Stopping Ozone Manager
2022-08-10 09:22:16,757 [Listener at localhost/38141] INFO  ipc.Server (Server.java:stop(3414)) - Stopping server on 39929
2022-08-10 09:22:16,765 [org.apache.hadoop.util.JvmPauseMonitor$Monitor@68f027a] INFO  util.JvmPauseMonitor (JvmPauseMonitor.java:run(188)) - Starting JVM pause monitor
2022-08-10 09:22:16,772 [IPC Server listener on 39929] INFO  ipc.Server (Server.java:run(1376)) - Stopping IPC Server listener on 39929
2022-08-10 09:22:16,772 [IPC Server Responder] INFO  ipc.Server (Server.java:run(1512)) - Stopping IPC Server Responder
2022-08-10 09:22:16,772 [Listener at localhost/38141] INFO  server.RaftServer (RaftServerProxy.java:lambda$close$7(398)) - omNode-1: close
2022-08-10 09:22:16,772 [Listener at localhost/38141] INFO  server.RaftServer$Division (RaftServerImpl.java:lambda$close$4(434)) - omNode-1@group-523986131536: shutdown
2022-08-10 09:22:16,773 [Listener at localhost/38141] INFO  util.JmxRegister (JmxRegister.java:unregister(73)) - Successfully un-registered JMX Bean with object name Ratis:service=RaftServer,group=group-523986131536,id=omNode-1
2022-08-10 09:22:16,773 [Listener at localhost/38141] INFO  impl.RoleInfo (RoleInfo.java:shutdownFollowerState(110)) - omNode-1: shutdown omNode-1@group-523986131536-FollowerState
2022-08-10 09:22:16,773 [Listener at localhost/38141] INFO  impl.StateMachineUpdater (StateMachineUpdater.java:stopAndJoin(153)) - omNode-1@group-523986131536-StateMachineUpdater: set stopIndex = 145
2022-08-10 09:22:16,773 [omNode-1@group-523986131536-FollowerState] INFO  impl.FollowerState (FollowerState.java:run(152)) - omNode-1@group-523986131536-FollowerState was interrupted
2022-08-10 09:22:16,774 [omNode-1@group-523986131536-StateMachineUpdater] INFO  ratis.OzoneManagerStateMachine (OzoneManagerStateMachine.java:takeSnapshot(441)) - Current Snapshot Index (t:10, i:145)
2022-08-10 09:22:16,776 [omNode-1@group-523986131536-StateMachineUpdater] INFO  impl.StateMachineUpdater (StateMachineUpdater.java:takeSnapshot(287)) - omNode-1@group-523986131536-StateMachineUpdater: Took a snapshot at index 145
2022-08-10 09:22:16,776 [omNode-1@group-523986131536-StateMachineUpdater] INFO  impl.StateMachineUpdater (StateMachineUpdater.java:lambda$new$0(92)) - omNode-1@group-523986131536-StateMachineUpdater: snapshotIndex: updateIncreasingly 143 -> 145
2022-08-10 09:22:16,776 [omNode-1@group-523986131536-StateMachineUpdater] INFO  raftlog.RaftLog (RaftLogBase.java:purge(308)) - omNode-1@group-523986131536-SegmentedRaftLog: purge 145
2022-08-10 09:22:16,776 [omNode-1@group-523986131536-StateMachineUpdater] INFO  raftlog.RaftLog (RaftLogBase.java:lambda$new$0(53)) - omNode-1@group-523986131536-SegmentedRaftLog: snapshotIndex: updateIncreasingly 143 -> 145
2022-08-10 09:22:16,776 [omNode-1@group-523986131536-StateMachineUpdater] INFO  ratis.OzoneManagerStateMachine (OzoneManagerStateMachine.java:close(495)) - StateMachine has shutdown. Shutdown OzoneManager if not already shutdown.
2022-08-10 09:22:16,776 [omNode-1@group-523986131536-StateMachineUpdater] INFO  ratis.OzoneManagerDoubleBuffer (OzoneManagerDoubleBuffer.java:stop(466)) - Stopping OMDoubleBuffer flush thread
2022-08-10 09:22:16,776 [OMDoubleBufferFlushThread] INFO  ratis.OzoneManagerDoubleBuffer (OzoneManagerDoubleBuffer.java:flushTransactions(385)) - OMDoubleBuffer flush thread OMDoubleBufferFlushThread is interrupted and will exit.
2022-08-10 09:22:16,777 [omNode-1@group-523986131536-SegmentedRaftLogWorker] INFO  raftlog.RaftLog (RaftLogBase.java:lambda$new$0(53)) - omNode-1@group-523986131536-SegmentedRaftLog: purgeIndex: updateToMax old=58, new=144, updated? true
2022-08-10 09:22:16,777 [Listener at localhost/38141] INFO  server.RaftServer$Division (ServerState.java:close(429)) - omNode-1@group-523986131536: closes. applyIndex: 145
2022-08-10 09:22:16,778 [omNode-1@group-523986131536-SegmentedRaftLogWorker] INFO  segmented.SegmentedRaftLogWorker (SegmentedRaftLogWorker.java:run(336)) - omNode-1@group-523986131536-SegmentedRaftLogWorker was interrupted, exiting. There are 0 tasks remaining in the queue.
2022-08-10 09:22:16,782 [Listener at localhost/38141] INFO  segmented.SegmentedRaftLogWorker (SegmentedRaftLogWorker.java:close(246)) - omNode-1@group-523986131536-SegmentedRaftLogWorker close()
2022-08-10 09:22:16,783 [Listener at localhost/38141] INFO  server.GrpcService (GrpcService.java:closeImpl(269)) - omNode-1: shutdown server with port 44673 now
2022-08-10 09:22:16,785 [Listener at localhost/38141] INFO  server.GrpcService (GrpcService.java:closeImpl(278)) - omNode-1: shutdown server with port 44673 successfully
2022-08-10 09:22:16,785 [org.apache.ratis.util.JvmPauseMonitor$$Lambda$696/1259104175@7cb70671] INFO  util.JvmPauseMonitor (JvmPauseMonitor.java:run(109)) - JvmPauseMonitor-omNode-1: Stopped
2022-08-10 09:22:16,786 [grpc-default-executor-3] WARN  server.GrpcServerProtocolService (LogUtils.java:warn(122)) - omNode-1: installSnapshot onError, lastRequest: omNode-3->omNode-1#2-t10,previous=(t:10, i:145),leaderCommit=145,initializing? true,entries: size=1, first=(t:10, i:146), METADATAENTRY(c:145): org.apache.ratis.thirdparty.io.grpc.StatusRuntimeException: CANCELLED: client cancelled
2022-08-10 09:22:16,786 [grpc-default-executor-4] WARN  server.GrpcLogAppender (LogUtils.java:warn(122)) - omNode-3@group-523986131536->omNode-1-AppendLogResponseHandler: Failed appendEntries: org.apache.ratis.thirdparty.io.grpc.StatusRuntimeException: CANCELLED: RST_STREAM closed stream. HTTP/2 error code: CANCEL
2022-08-10 09:22:16,786 [Listener at localhost/38141] INFO  ratis.OzoneManagerStateMachine (OzoneManagerStateMachine.java:close(495)) - StateMachine has shutdown. Shutdown OzoneManager if not already shutdown.
2022-08-10 09:22:16,786 [Listener at localhost/38141] INFO  ratis.OzoneManagerDoubleBuffer (OzoneManagerDoubleBuffer.java:stop(478)) - OMDoubleBuffer flush thread is not running.
2022-08-10 09:22:16,786 [grpc-default-executor-4] INFO  leader.FollowerInfo (FollowerInfoImpl.java:lambda$new$0(48)) - omNode-3@group-523986131536->omNode-1: nextIndex: updateUnconditionally 147 -> 146
2022-08-10 09:22:16,786 [Listener at localhost/38141] INFO  handler.ContextHandler (ContextHandler.java:doStop(1153)) - Stopped o.e.j.w.WebAppContext@2c0fd54c{ozoneManager,/,null,STOPPED}{file:/home/runner/work/ozone/ozone/hadoop-ozone/integration-test/target/test-classes/webapps/ozoneManager}
2022-08-10 09:22:16,787 [Listener at localhost/38141] INFO  server.AbstractConnector (AbstractConnector.java:doStop(381)) - Stopped ServerConnector@738607d9{HTTP/1.1, (http/1.1)}{0.0.0.0:33883}
2022-08-10 09:22:16,787 [Listener at localhost/38141] INFO  server.session (HouseKeeper.java:stopScavenging(149)) - node0 Stopped scavenging
2022-08-10 09:22:16,788 [Listener at localhost/38141] INFO  handler.ContextHandler (ContextHandler.java:doStop(1153)) - Stopped o.e.j.s.ServletContextHandler@3dee0166{static,/static,file:///home/runner/work/ozone/ozone/hadoop-ozone/integration-test/target/test-classes/webapps/static,STOPPED}
2022-08-10 09:22:16,788 [Listener at localhost/38141] INFO  handler.ContextHandler (ContextHandler.java:doStop(1153)) - Stopped o.e.j.s.ServletContextHandler@765eed80{logs,/logs,file:///home/runner/work/ozone/ozone/hadoop-ozone/integration-test/target/log,STOPPED}
2022-08-10 09:22:16,793 [grpc-default-executor-3] WARN  server.GrpcLogAppender (LogUtils.java:warn(122)) - omNode-3@group-523986131536->omNode-1-AppendLogResponseHandler: Failed appendEntries: org.apache.ratis.thirdparty.io.grpc.StatusRuntimeException: UNAVAILABLE: io exception
2022-08-10 09:22:16,793 [Listener at localhost/38141] INFO  om.OzoneManager (OzoneManager.java:stop(2022)) - omNode-2[localhost:38141]: Stopping Ozone Manager
2022-08-10 09:22:16,793 [grpc-default-executor-3] INFO  leader.FollowerInfo (FollowerInfoImpl.java:lambda$new$0(48)) - omNode-3@group-523986131536->omNode-1: nextIndex: updateUnconditionally 147 -> 146
2022-08-10 09:22:16,794 [Listener at localhost/38141] INFO  ipc.Server (Server.java:stop(3414)) - Stopping server on 38141
2022-08-10 09:22:16,795 [IPC Server listener on 38141] INFO  ipc.Server (Server.java:run(1376)) - Stopping IPC Server listener on 38141
2022-08-10 09:22:16,796 [IPC Server Responder] INFO  ipc.Server (Server.java:run(1512)) - Stopping IPC Server Responder
2022-08-10 09:22:16,796 [Listener at localhost/38141] INFO  server.RaftServer (RaftServerProxy.java:lambda$close$7(398)) - omNode-2: close
2022-08-10 09:22:16,796 [Listener at localhost/38141] INFO  server.GrpcService (GrpcService.java:closeImpl(269)) - omNode-2: shutdown server with port 36767 now
2022-08-10 09:22:16,798 [Listener at localhost/38141] INFO  server.GrpcService (GrpcService.java:closeImpl(278)) - omNode-2: shutdown server with port 36767 successfully
2022-08-10 09:22:16,799 [grpc-default-executor-4] WARN  server.GrpcServerProtocolService (LogUtils.java:warn(122)) - omNode-2: installSnapshot onError, lastRequest: omNode-3->omNode-2#4-t10,previous=(t:10, i:145),leaderCommit=145,initializing? true,entries: size=1, first=(t:10, i:146), METADATAENTRY(c:145): org.apache.ratis.thirdparty.io.grpc.StatusRuntimeException: CANCELLED: client cancelled
2022-08-10 09:22:16,799 [org.apache.ratis.util.JvmPauseMonitor$$Lambda$696/1259104175@7b335fc8] INFO  util.JvmPauseMonitor (JvmPauseMonitor.java:run(109)) - JvmPauseMonitor-omNode-2: Stopped
2022-08-10 09:22:16,799 [grpc-default-executor-1] WARN  server.GrpcLogAppender (LogUtils.java:warn(122)) - omNode-3@group-523986131536->omNode-2-AppendLogResponseHandler: Failed appendEntries: org.apache.ratis.thirdparty.io.grpc.StatusRuntimeException: CANCELLED: RST_STREAM closed stream. HTTP/2 error code: CANCEL
2022-08-10 09:22:16,799 [grpc-default-executor-1] WARN  server.GrpcLogAppender (GrpcLogAppender.java:resetClient(111)) - omNode-3@group-523986131536->omNode-2-GrpcLogAppender: Leader has not got in touch with Follower omNode-3@group-523986131536->omNode-2(c144,m0,n147, attendVote=true, lastRpcSendTime=128, lastRpcResponseTime=154) yet, just keep nextIndex unchanged and retry.
2022-08-10 09:22:16,799 [Listener at localhost/38141] INFO  ratis.OzoneManagerStateMachine (OzoneManagerStateMachine.java:close(495)) - StateMachine has shutdown. Shutdown OzoneManager if not already shutdown.
2022-08-10 09:22:16,799 [Listener at localhost/38141] INFO  ratis.OzoneManagerDoubleBuffer (OzoneManagerDoubleBuffer.java:stop(478)) - OMDoubleBuffer flush thread is not running.
2022-08-10 09:22:16,812 [Listener at localhost/38141] INFO  handler.ContextHandler (ContextHandler.java:doStop(1153)) - Stopped o.e.j.w.WebAppContext@3b91ed0e{ozoneManager,/,null,STOPPED}{file:/home/runner/work/ozone/ozone/hadoop-ozone/integration-test/target/test-classes/webapps/ozoneManager}
2022-08-10 09:22:16,813 [Listener at localhost/38141] INFO  server.AbstractConnector (AbstractConnector.java:doStop(381)) - Stopped ServerConnector@3b1ff451{HTTP/1.1, (http/1.1)}{0.0.0.0:45427}
2022-08-10 09:22:16,813 [Listener at localhost/38141] INFO  server.session (HouseKeeper.java:stopScavenging(149)) - node0 Stopped scavenging
2022-08-10 09:22:16,813 [Listener at localhost/38141] INFO  handler.ContextHandler (ContextHandler.java:doStop(1153)) - Stopped o.e.j.s.ServletContextHandler@3358de38{static,/static,file:///home/runner/work/ozone/ozone/hadoop-ozone/integration-test/target/test-classes/webapps/static,STOPPED}
2022-08-10 09:22:16,813 [Listener at localhost/38141] INFO  handler.ContextHandler (ContextHandler.java:doStop(1153)) - Stopped o.e.j.s.ServletContextHandler@21ecf90d{logs,/logs,file:///home/runner/work/ozone/ozone/hadoop-ozone/integration-test/target/log,STOPPED}
2022-08-10 09:22:17,162 [grpc-default-executor-4] WARN  server.GrpcLogAppender (LogUtils.java:warn(122)) - omNode-3@group-523986131536->omNode-2-AppendLogResponseHandler: Failed appendEntries: org.apache.ratis.thirdparty.io.grpc.StatusRuntimeException: UNAVAILABLE: io exception
2022-08-10 09:22:17,163 [grpc-default-executor-4] WARN  server.GrpcLogAppender (GrpcLogAppender.java:resetClient(111)) - omNode-3@group-523986131536->omNode-2-GrpcLogAppender: Leader has not got in touch with Follower omNode-3@group-523986131536->omNode-2(c144,m0,n147, attendVote=true, lastRpcSendTime=2, lastRpcResponseTime=518) yet, just keep nextIndex unchanged and retry.
2022-08-10 09:22:17,185 [grpc-default-executor-4] WARN  server.GrpcLogAppender (LogUtils.java:warn(122)) - omNode-3@group-523986131536->omNode-1-AppendLogResponseHandler: Failed appendEntries: org.apache.ratis.thirdparty.io.grpc.StatusRuntimeException: UNAVAILABLE: io exception
2022-08-10 09:22:17,185 [grpc-default-executor-4] INFO  leader.FollowerInfo (FollowerInfoImpl.java:lambda$new$0(48)) - omNode-3@group-523986131536->omNode-1: nextIndex: updateUnconditionally 147 -> 146
2022-08-10 09:22:17,412 [grpc-default-executor-4] WARN  server.GrpcLogAppender (LogUtils.java:warn(122)) - omNode-3@group-523986131536->omNode-2-AppendLogResponseHandler: Failed appendEntries: org.apache.ratis.thirdparty.io.grpc.StatusRuntimeException: UNAVAILABLE: io exception
2022-08-10 09:22:17,413 [grpc-default-executor-4] WARN  server.GrpcLogAppender (GrpcLogAppender.java:resetClient(111)) - omNode-3@group-523986131536->omNode-2-GrpcLogAppender: Leader has not got in touch with Follower omNode-3@group-523986131536->omNode-2(c144,m0,n147, attendVote=true, lastRpcSendTime=2, lastRpcResponseTime=768) yet, just keep nextIndex unchanged and retry.
2022-08-10 09:22:17,435 [grpc-default-executor-4] WARN  server.GrpcLogAppender (LogUtils.java:warn(122)) - omNode-3@group-523986131536->omNode-1-AppendLogResponseHandler: Failed appendEntries: org.apache.ratis.thirdparty.io.grpc.StatusRuntimeException: UNAVAILABLE: io exception
2022-08-10 09:22:17,436 [grpc-default-executor-4] INFO  leader.FollowerInfo (FollowerInfoImpl.java:lambda$new$0(48)) - omNode-3@group-523986131536->omNode-1: nextIndex: updateUnconditionally 147 -> 146
2022-08-10 09:22:17,661 [grpc-default-executor-4] WARN  server.GrpcLogAppender (LogUtils.java:warn(122)) - omNode-3@group-523986131536->omNode-2-AppendLogResponseHandler: Failed appendEntries: org.apache.ratis.thirdparty.io.grpc.StatusRuntimeException: UNAVAILABLE: io exception
2022-08-10 09:22:17,662 [grpc-default-executor-4] WARN  server.GrpcLogAppender (GrpcLogAppender.java:resetClient(111)) - omNode-3@group-523986131536->omNode-2-GrpcLogAppender: Leader has not got in touch with Follower omNode-3@group-523986131536->omNode-2(c144,m0,n147, attendVote=true, lastRpcSendTime=1, lastRpcResponseTime=1017) yet, just keep nextIndex unchanged and retry.
2022-08-10 09:22:17,686 [grpc-default-executor-4] WARN  server.GrpcLogAppender (LogUtils.java:warn(122)) - omNode-3@group-523986131536->omNode-1-AppendLogResponseHandler: Failed appendEntries: org.apache.ratis.thirdparty.io.grpc.StatusRuntimeException: UNAVAILABLE: io exception
2022-08-10 09:22:17,686 [grpc-default-executor-4] INFO  leader.FollowerInfo (FollowerInfoImpl.java:lambda$new$0(48)) - omNode-3@group-523986131536->omNode-1: nextIndex: updateUnconditionally 147 -> 146
2022-08-10 09:22:17,887 [omNode-3@group-523986131536-LeaderStateImpl] WARN  server.RaftServer$Division (LeaderStateImpl.java:checkLeadership(1018)) - omNode-3@group-523986131536-LeaderStateImpl: Lost leadership on term: 10. Election timeout: 1200ms. In charge for: 1340ms. Conf: 145: [omNode-3|rpc:localhost:34947|admin:|client:|dataStream:|priority:0, omNode-1|rpc:localhost:44673|admin:|client:|dataStream:|priority:0, omNode-2|rpc:localhost:36767|admin:|client:|dataStream:|priority:0], old=null
2022-08-10 09:22:17,888 [omNode-3@group-523986131536-LeaderStateImpl] WARN  server.RaftServer$Division (LeaderStateImpl.java:lambda$checkLeadership$17(1022)) - Follower omNode-3@group-523986131536->omNode-1(c145,m146,n146, attendVote=true, lastRpcSendTime=202, lastRpcResponseTime=1205)
2022-08-10 09:22:17,888 [omNode-3@group-523986131536-LeaderStateImpl] WARN  server.RaftServer$Division (LeaderStateImpl.java:lambda$checkLeadership$17(1022)) - Follower omNode-3@group-523986131536->omNode-2(c144,m0,n147, attendVote=true, lastRpcSendTime=227, lastRpcResponseTime=1243)
2022-08-10 09:22:17,888 [omNode-3@group-523986131536-LeaderStateImpl] INFO  server.RaftServer$Division (RaftServerImpl.java:setRole(299)) - omNode-3@group-523986131536: changes role from    LEADER to FOLLOWER at term 10 for StepDownReason:LOST_MAJORITY_HEARTBEATS
2022-08-10 09:22:17,888 [omNode-3@group-523986131536-LeaderStateImpl] INFO  impl.RoleInfo (RoleInfo.java:shutdownLeaderState(93)) - omNode-3: shutdown omNode-3@group-523986131536-LeaderStateImpl
2022-08-10 09:22:17,889 [omNode-3@group-523986131536-LeaderStateImpl] INFO  impl.PendingRequests (PendingRequests.java:sendNotLeaderResponses(282)) - omNode-3@group-523986131536-PendingRequests: sendNotLeaderResponses
2022-08-10 09:22:17,891 [omNode-3@group-523986131536->omNode-1-GrpcLogAppender-LogAppenderDaemon] WARN  server.GrpcLogAppender (GrpcLogAppender.java:mayWait(171)) - omNode-3@group-523986131536->omNode-1-GrpcLogAppender: Wait interrupted by java.lang.InterruptedException
2022-08-10 09:22:17,891 [omNode-3@group-523986131536-LeaderStateImpl] INFO  impl.RoleInfo (RoleInfo.java:updateAndGet(139)) - omNode-3: start omNode-3@group-523986131536-FollowerState
2022-08-10 09:22:19,050 [omNode-3@group-523986131536-FollowerState] INFO  impl.FollowerState (FollowerState.java:lostMajorityHeartbeatsRecently(108)) - omNode-3@group-523986131536-FollowerState: Skipping leader election since it stepped down recently (elapsed = 1158ms < waitTime = 10s)
2022-08-10 09:22:20,150 [omNode-3@group-523986131536-FollowerState] INFO  impl.FollowerState (FollowerState.java:lostMajorityHeartbeatsRecently(108)) - omNode-3@group-523986131536-FollowerState: Skipping leader election since it stepped down recently (elapsed = 2258ms < waitTime = 10s)
2022-08-10 09:22:21,175 [omNode-3@group-523986131536-FollowerState] INFO  impl.FollowerState (FollowerState.java:lostMajorityHeartbeatsRecently(108)) - omNode-3@group-523986131536-FollowerState: Skipping leader election since it stepped down recently (elapsed = 3283ms < waitTime = 10s)
2022-08-10 09:22:22,261 [omNode-3@group-523986131536-FollowerState] INFO  impl.FollowerState (FollowerState.java:lostMajorityHeartbeatsRecently(108)) - omNode-3@group-523986131536-FollowerState: Skipping leader election since it stepped down recently (elapsed = 4369ms < waitTime = 10s)
2022-08-10 09:22:23,368 [omNode-3@group-523986131536-FollowerState] INFO  impl.FollowerState (FollowerState.java:lostMajorityHeartbeatsRecently(108)) - omNode-3@group-523986131536-FollowerState: Skipping leader election since it stepped down recently (elapsed = 5476ms < waitTime = 10s)
2022-08-10 09:22:24,416 [omNode-3@group-523986131536-FollowerState] INFO  impl.FollowerState (FollowerState.java:lostMajorityHeartbeatsRecently(108)) - omNode-3@group-523986131536-FollowerState: Skipping leader election since it stepped down recently (elapsed = 6524ms < waitTime = 10s)
2022-08-10 09:22:24,844 [Listener at localhost/38141] INFO  rpc.RpcClient (RpcClient.java:createVolume(471)) - Creating Volume: volume16546, with user25452 as owner and space quota set to -1 bytes, counts quota set to -1
2022-08-10 09:22:24,862 [Listener at localhost/38141] INFO  retry.RetryInvocationHandler (RetryInvocationHandler.java:log(411)) - com.google.protobuf.ServiceException: org.apache.hadoop.ipc.RemoteException(org.apache.hadoop.ozone.om.exceptions.OMNotLeaderException): OM:omNode-3 is not the leader. Could not determine the leader node.
	at org.apache.hadoop.ozone.om.OzoneManager.checkLeaderStatus(OzoneManager.java:4015)
	at org.apache.hadoop.ozone.om.ratis.utils.OzoneManagerRatisUtils.checkLeaderStatus(OzoneManagerRatisUtils.java:446)
	at org.apache.hadoop.ozone.protocolPB.OzoneManagerProtocolServerSideTranslatorPB.processRequest(OzoneManagerProtocolServerSideTranslatorPB.java:181)
	at org.apache.hadoop.hdds.server.OzoneProtocolMessageDispatcher.processRequest(OzoneProtocolMessageDispatcher.java:87)
	at org.apache.hadoop.ozone.protocolPB.OzoneManagerProtocolServerSideTranslatorPB.submitRequest(OzoneManagerProtocolServerSideTranslatorPB.java:147)
	at org.apache.hadoop.ozone.protocol.proto.OzoneManagerProtocolProtos$OzoneManagerService$2.callBlockingMethod(OzoneManagerProtocolProtos.java)
	at org.apache.hadoop.ipc.ProtobufRpcEngine$Server.processCall(ProtobufRpcEngine.java:466)
	at org.apache.hadoop.ipc.ProtobufRpcEngine2$Server$ProtoBufRpcInvoker.call(ProtobufRpcEngine2.java:574)
	at org.apache.hadoop.ipc.ProtobufRpcEngine2$Server$ProtoBufRpcInvoker.call(ProtobufRpcEngine2.java:552)
	at org.apache.hadoop.ipc.RPC$Server.call(RPC.java:1093)
	at org.apache.hadoop.ipc.Server$RpcCall.run(Server.java:1035)
	at org.apache.hadoop.ipc.Server$RpcCall.run(Server.java:963)
	at java.security.AccessController.doPrivileged(Native Method)
	at javax.security.auth.Subject.doAs(Subject.java:422)
	at org.apache.hadoop.security.UserGroupInformation.doAs(UserGroupInformation.java:1878)
	at org.apache.hadoop.ipc.Server$Handler.run(Server.java:2966)
, while invoking $Proxy55.submitRequest over nodeId=omNode-3,nodeAddress=127.0.0.1:36235. Trying to failover after sleeping for 2000ms.
2022-08-10 09:22:25,583 [omNode-3@group-523986131536-FollowerState] INFO  impl.FollowerState (FollowerState.java:lostMajorityHeartbeatsRecently(108)) - omNode-3@group-523986131536-FollowerState: Skipping leader election since it stepped down recently (elapsed = 7691ms < waitTime = 10s)
2022-08-10 09:22:26,777 [omNode-3@group-523986131536-FollowerState] INFO  impl.FollowerState (FollowerState.java:lostMajorityHeartbeatsRecently(108)) - omNode-3@group-523986131536-FollowerState: Skipping leader election since it stepped down recently (elapsed = 8885ms < waitTime = 10s)
2022-08-10 09:22:26,864 [Listener at localhost/38141] INFO  retry.RetryInvocationHandler (RetryInvocationHandler.java:log(411)) - com.google.protobuf.ServiceException: java.net.ConnectException: Call From fv-az244-795/10.1.0.9 to localhost:39929 failed on connection exception: java.net.ConnectException: Connection refused; For more details see:  http://wiki.apache.org/hadoop/ConnectionRefused, while invoking $Proxy55.submitRequest over nodeId=omNode-1,nodeAddress=127.0.0.1:39929 after 1 failover attempts. Trying to failover immediately.
2022-08-10 09:22:26,864 [Listener at localhost/38141] INFO  retry.RetryInvocationHandler (RetryInvocationHandler.java:log(411)) - com.google.protobuf.ServiceException: java.net.ConnectException: Call From fv-az244-795/10.1.0.9 to localhost:38141 failed on connection exception: java.net.ConnectException: Connection refused; For more details see:  http://wiki.apache.org/hadoop/ConnectionRefused, while invoking $Proxy55.submitRequest over nodeId=omNode-2,nodeAddress=127.0.0.1:38141 after 2 failover attempts. Trying to failover immediately.
2022-08-10 09:22:26,868 [Listener at localhost/38141] INFO  retry.RetryInvocationHandler (RetryInvocationHandler.java:log(411)) - com.google.protobuf.ServiceException: org.apache.hadoop.ipc.RemoteException(org.apache.hadoop.ozone.om.exceptions.OMNotLeaderException): OM:omNode-3 is not the leader. Could not determine the leader node.
	at org.apache.hadoop.ozone.om.OzoneManager.checkLeaderStatus(OzoneManager.java:4015)
	at org.apache.hadoop.ozone.om.ratis.utils.OzoneManagerRatisUtils.checkLeaderStatus(OzoneManagerRatisUtils.java:446)
	at org.apache.hadoop.ozone.protocolPB.OzoneManagerProtocolServerSideTranslatorPB.processRequest(OzoneManagerProtocolServerSideTranslatorPB.java:181)
	at org.apache.hadoop.hdds.server.OzoneProtocolMessageDispatcher.processRequest(OzoneProtocolMessageDispatcher.java:87)
	at org.apache.hadoop.ozone.protocolPB.OzoneManagerProtocolServerSideTranslatorPB.submitRequest(OzoneManagerProtocolServerSideTranslatorPB.java:147)
	at org.apache.hadoop.ozone.protocol.proto.OzoneManagerProtocolProtos$OzoneManagerService$2.callBlockingMethod(OzoneManagerProtocolProtos.java)
	at org.apache.hadoop.ipc.ProtobufRpcEngine$Server.processCall(ProtobufRpcEngine.java:466)
	at org.apache.hadoop.ipc.ProtobufRpcEngine2$Server$ProtoBufRpcInvoker.call(ProtobufRpcEngine2.java:574)
	at org.apache.hadoop.ipc.ProtobufRpcEngine2$Server$ProtoBufRpcInvoker.call(ProtobufRpcEngine2.java:552)
	at org.apache.hadoop.ipc.RPC$Server.call(RPC.java:1093)
	at org.apache.hadoop.ipc.Server$RpcCall.run(Server.java:1035)
	at org.apache.hadoop.ipc.Server$RpcCall.run(Server.java:963)
	at java.security.AccessController.doPrivileged(Native Method)
	at javax.security.auth.Subject.doAs(Subject.java:422)
	at org.apache.hadoop.security.UserGroupInformation.doAs(UserGroupInformation.java:1878)
	at org.apache.hadoop.ipc.Server$Handler.run(Server.java:2966)
, while invoking $Proxy55.submitRequest over nodeId=omNode-3,nodeAddress=127.0.0.1:36235 after 3 failover attempts. Trying to failover after sleeping for 2000ms.
2022-08-10 09:22:27,790 [omNode-3@group-523986131536-FollowerState] INFO  impl.FollowerState (FollowerState.java:lostMajorityHeartbeatsRecently(108)) - omNode-3@group-523986131536-FollowerState: Skipping leader election since it stepped down recently (elapsed = 9898ms < waitTime = 10s)
2022-08-10 09:22:28,869 [omNode-3@group-523986131536-FollowerState] INFO  impl.FollowerState (FollowerState.java:run(143)) - omNode-3@group-523986131536-FollowerState: change to CANDIDATE, lastRpcElapsedTime:10977627007ns, electionTimeout:1079ms
2022-08-10 09:22:28,869 [omNode-3@group-523986131536-FollowerState] INFO  impl.RoleInfo (RoleInfo.java:shutdownFollowerState(110)) - omNode-3: shutdown omNode-3@group-523986131536-FollowerState
2022-08-10 09:22:28,869 [omNode-3@group-523986131536-FollowerState] INFO  server.RaftServer$Division (RaftServerImpl.java:setRole(299)) - omNode-3@group-523986131536: changes role from  FOLLOWER to CANDIDATE at term 10 for changeToCandidate
2022-08-10 09:22:28,869 [Listener at localhost/38141] INFO  retry.RetryInvocationHandler (RetryInvocationHandler.java:log(411)) - com.google.protobuf.ServiceException: java.net.ConnectException: Call From fv-az244-795/10.1.0.9 to localhost:39929 failed on connection exception: java.net.ConnectException: Connection refused; For more details see:  http://wiki.apache.org/hadoop/ConnectionRefused, while invoking $Proxy55.submitRequest over nodeId=omNode-1,nodeAddress=127.0.0.1:39929 after 4 failover attempts. Trying to failover immediately.
2022-08-10 09:22:28,869 [omNode-3@group-523986131536-FollowerState] INFO  server.RaftServerConfigKeys (ConfUtils.java:logGet(46)) - raft.server.leaderelection.pre-vote = false (custom)
2022-08-10 09:22:28,870 [omNode-3@group-523986131536-FollowerState] INFO  impl.RoleInfo (RoleInfo.java:updateAndGet(139)) - omNode-3: start omNode-3@group-523986131536-LeaderElection25
2022-08-10 09:22:28,873 [Listener at localhost/38141] ERROR ha.OMFailoverProxyProviderBase (OMFailoverProxyProviderBase.java:getRetryAction(211)) - Failed to connect to OMs: [omNode-1, omNode-2, omNode-3]. Attempted 5 failovers.
2022-08-10 09:22:28,873 [omNode-3@group-523986131536-LeaderElection25] INFO  server.RaftServer$Division (ServerState.java:setLeader(287)) - omNode-3@group-523986131536: change Leader from omNode-3 to null at term 10 for ELECTION
2022-08-10 09:22:28,876 [omNode-3@group-523986131536-LeaderElection25] INFO  impl.LeaderElection (LeaderElection.java:askForVotes(310)) - omNode-3@group-523986131536-LeaderElection25 ELECTION round 0: submit vote requests at term 11 for 145: [omNode-3|rpc:localhost:34947|admin:|client:|dataStream:|priority:0, omNode-1|rpc:localhost:44673|admin:|client:|dataStream:|priority:0, omNode-2|rpc:localhost:36767|admin:|client:|dataStream:|priority:0], old=null
2022-08-10 09:22:28,881 [omNode-3@group-523986131536-LeaderElection25] INFO  impl.LeaderElection (LogUtils.java:infoOrTrace(137)) - omNode-3@group-523986131536-LeaderElection25 got exception when requesting votes: java.util.concurrent.ExecutionException: org.apache.ratis.thirdparty.io.grpc.StatusRuntimeException: UNAVAILABLE: io exception
2022-08-10 09:22:28,882 [omNode-3@group-523986131536-LeaderElection25] INFO  impl.LeaderElection (LogUtils.java:infoOrTrace(137)) - omNode-3@group-523986131536-LeaderElection25 got exception when requesting votes: java.util.concurrent.ExecutionException: org.apache.ratis.thirdparty.io.grpc.StatusRuntimeException: UNAVAILABLE: io exception
2022-08-10 09:22:28,882 [omNode-3@group-523986131536-LeaderElection25] INFO  impl.LeaderElection (LeaderElection.java:logAndReturn(90)) - omNode-3@group-523986131536-LeaderElection25: ELECTION REJECTED received 0 response(s) and 2 exception(s):
2022-08-10 09:22:28,883 [omNode-3@group-523986131536-LeaderElection25] INFO  impl.LeaderElection (LogUtils.java:infoOrTrace(137)) -   Exception 0: java.util.concurrent.ExecutionException: org.apache.ratis.thirdparty.io.grpc.StatusRuntimeException: UNAVAILABLE: io exception
2022-08-10 09:22:28,883 [omNode-3@group-523986131536-LeaderElection25] INFO  impl.LeaderElection (LogUtils.java:infoOrTrace(137)) -   Exception 1: java.util.concurrent.ExecutionException: org.apache.ratis.thirdparty.io.grpc.StatusRuntimeException: UNAVAILABLE: io exception
2022-08-10 09:22:28,883 [omNode-3@group-523986131536-LeaderElection25] INFO  impl.LeaderElection (LeaderElection.java:askForVotes(312)) - omNode-3@group-523986131536-LeaderElection25 ELECTION round 0: result REJECTED
2022-08-10 09:22:28,883 [omNode-3@group-523986131536-LeaderElection25] INFO  server.RaftServer$Division (RaftServerImpl.java:setRole(299)) - omNode-3@group-523986131536: changes role from CANDIDATE to FOLLOWER at term 11 for REJECTED
2022-08-10 09:22:28,883 [omNode-3@group-523986131536-LeaderElection25] INFO  impl.RoleInfo (RoleInfo.java:shutdownLeaderElection(130)) - omNode-3: shutdown omNode-3@group-523986131536-LeaderElection25
2022-08-10 09:22:28,883 [omNode-3@group-523986131536-LeaderElection25] INFO  impl.RoleInfo (RoleInfo.java:updateAndGet(139)) - omNode-3: start omNode-3@group-523986131536-FollowerState
2022-08-10 09:22:28,890 [Listener at localhost/38141] INFO  rpc.RpcClient (RpcClient.java:createVolume(471)) - Creating Volume: volume93043, with user99020 as owner and space quota set to -1 bytes, counts quota set to -1
2022-08-10 09:22:28,891 [Listener at localhost/38141] INFO  retry.RetryInvocationHandler (RetryInvocationHandler.java:log(411)) - com.google.protobuf.ServiceException: java.net.ConnectException: Call From fv-az244-795/10.1.0.9 to localhost:38141 failed on connection exception: java.net.ConnectException: Connection refused; For more details see:  http://wiki.apache.org/hadoop/ConnectionRefused, while invoking $Proxy55.submitRequest over nodeId=omNode-2,nodeAddress=127.0.0.1:38141. Trying to failover immediately.
2022-08-10 09:22:28,895 [Listener at localhost/38141] INFO  retry.RetryInvocationHandler (RetryInvocationHandler.java:log(411)) - com.google.protobuf.ServiceException: org.apache.hadoop.ipc.RemoteException(org.apache.hadoop.ozone.om.exceptions.OMNotLeaderException): OM:omNode-3 is not the leader. Could not determine the leader node.
	at org.apache.hadoop.ozone.om.OzoneManager.checkLeaderStatus(OzoneManager.java:4015)
	at org.apache.hadoop.ozone.om.ratis.utils.OzoneManagerRatisUtils.checkLeaderStatus(OzoneManagerRatisUtils.java:446)
	at org.apache.hadoop.ozone.protocolPB.OzoneManagerProtocolServerSideTranslatorPB.processRequest(OzoneManagerProtocolServerSideTranslatorPB.java:181)
	at org.apache.hadoop.hdds.server.OzoneProtocolMessageDispatcher.processRequest(OzoneProtocolMessageDispatcher.java:87)
	at org.apache.hadoop.ozone.protocolPB.OzoneManagerProtocolServerSideTranslatorPB.submitRequest(OzoneManagerProtocolServerSideTranslatorPB.java:147)
	at org.apache.hadoop.ozone.protocol.proto.OzoneManagerProtocolProtos$OzoneManagerService$2.callBlockingMethod(OzoneManagerProtocolProtos.java)
	at org.apache.hadoop.ipc.ProtobufRpcEngine$Server.processCall(ProtobufRpcEngine.java:466)
	at org.apache.hadoop.ipc.ProtobufRpcEngine2$Server$ProtoBufRpcInvoker.call(ProtobufRpcEngine2.java:574)
	at org.apache.hadoop.ipc.ProtobufRpcEngine2$Server$ProtoBufRpcInvoker.call(ProtobufRpcEngine2.java:552)
	at org.apache.hadoop.ipc.RPC$Server.call(RPC.java:1093)
	at org.apache.hadoop.ipc.Server$RpcCall.run(Server.java:1035)
	at org.apache.hadoop.ipc.Server$RpcCall.run(Server.java:963)
	at java.security.AccessController.doPrivileged(Native Method)
	at javax.security.auth.Subject.doAs(Subject.java:422)
	at org.apache.hadoop.security.UserGroupInformation.doAs(UserGroupInformation.java:1878)
	at org.apache.hadoop.ipc.Server$Handler.run(Server.java:2966)
, while invoking $Proxy55.submitRequest over nodeId=omNode-3,nodeAddress=127.0.0.1:36235 after 1 failover attempts. Trying to failover after sleeping for 2000ms.
2022-08-10 09:22:30,041 [omNode-3@group-523986131536-FollowerState] INFO  impl.FollowerState (FollowerState.java:run(143)) - omNode-3@group-523986131536-FollowerState: change to CANDIDATE, lastRpcElapsedTime:1157686211ns, electionTimeout:1157ms
2022-08-10 09:22:30,041 [omNode-3@group-523986131536-FollowerState] INFO  impl.RoleInfo (RoleInfo.java:shutdownFollowerState(110)) - omNode-3: shutdown omNode-3@group-523986131536-FollowerState
2022-08-10 09:22:30,041 [omNode-3@group-523986131536-FollowerState] INFO  server.RaftServer$Division (RaftServerImpl.java:setRole(299)) - omNode-3@group-523986131536: changes role from  FOLLOWER to CANDIDATE at term 11 for changeToCandidate
2022-08-10 09:22:30,041 [omNode-3@group-523986131536-FollowerState] INFO  server.RaftServerConfigKeys (ConfUtils.java:logGet(46)) - raft.server.leaderelection.pre-vote = false (custom)
2022-08-10 09:22:30,041 [omNode-3@group-523986131536-FollowerState] INFO  impl.RoleInfo (RoleInfo.java:updateAndGet(139)) - omNode-3: start omNode-3@group-523986131536-LeaderElection26
2022-08-10 09:22:30,045 [omNode-3@group-523986131536-LeaderElection26] INFO  impl.LeaderElection (LeaderElection.java:askForVotes(310)) - omNode-3@group-523986131536-LeaderElection26 ELECTION round 0: submit vote requests at term 12 for 145: [omNode-3|rpc:localhost:34947|admin:|client:|dataStream:|priority:0, omNode-1|rpc:localhost:44673|admin:|client:|dataStream:|priority:0, omNode-2|rpc:localhost:36767|admin:|client:|dataStream:|priority:0], old=null
2022-08-10 09:22:30,045 [omNode-3@group-523986131536-LeaderElection26] INFO  impl.LeaderElection (LogUtils.java:infoOrTrace(137)) - omNode-3@group-523986131536-LeaderElection26 got exception when requesting votes: java.util.concurrent.ExecutionException: org.apache.ratis.thirdparty.io.grpc.StatusRuntimeException: UNAVAILABLE: io exception
2022-08-10 09:22:30,045 [omNode-3@group-523986131536-LeaderElection26] INFO  impl.LeaderElection (LogUtils.java:infoOrTrace(137)) - omNode-3@group-523986131536-LeaderElection26 got exception when requesting votes: java.util.concurrent.ExecutionException: org.apache.ratis.thirdparty.io.grpc.StatusRuntimeException: UNAVAILABLE: io exception
2022-08-10 09:22:30,045 [omNode-3@group-523986131536-LeaderElection26] INFO  impl.LeaderElection (LeaderElection.java:logAndReturn(90)) - omNode-3@group-523986131536-LeaderElection26: ELECTION REJECTED received 0 response(s) and 2 exception(s):
2022-08-10 09:22:30,045 [omNode-3@group-523986131536-LeaderElection26] INFO  impl.LeaderElection (LogUtils.java:infoOrTrace(137)) -   Exception 0: java.util.concurrent.ExecutionException: org.apache.ratis.thirdparty.io.grpc.StatusRuntimeException: UNAVAILABLE: io exception
2022-08-10 09:22:30,046 [omNode-3@group-523986131536-LeaderElection26] INFO  impl.LeaderElection (LogUtils.java:infoOrTrace(137)) -   Exception 1: java.util.concurrent.ExecutionException: org.apache.ratis.thirdparty.io.grpc.StatusRuntimeException: UNAVAILABLE: io exception
2022-08-10 09:22:30,046 [omNode-3@group-523986131536-LeaderElection26] INFO  impl.LeaderElection (LeaderElection.java:askForVotes(312)) - omNode-3@group-523986131536-LeaderElection26 ELECTION round 0: result REJECTED
2022-08-10 09:22:30,046 [omNode-3@group-523986131536-LeaderElection26] INFO  server.RaftServer$Division (RaftServerImpl.java:setRole(299)) - omNode-3@group-523986131536: changes role from CANDIDATE to FOLLOWER at term 12 for REJECTED
2022-08-10 09:22:30,046 [omNode-3@group-523986131536-LeaderElection26] INFO  impl.RoleInfo (RoleInfo.java:shutdownLeaderElection(130)) - omNode-3: shutdown omNode-3@group-523986131536-LeaderElection26
2022-08-10 09:22:30,046 [omNode-3@group-523986131536-LeaderElection26] INFO  impl.RoleInfo (RoleInfo.java:updateAndGet(139)) - omNode-3: start omNode-3@group-523986131536-FollowerState
2022-08-10 09:22:30,896 [Listener at localhost/38141] INFO  retry.RetryInvocationHandler (RetryInvocationHandler.java:log(411)) - com.google.protobuf.ServiceException: java.net.ConnectException: Call From fv-az244-795/10.1.0.9 to localhost:39929 failed on connection exception: java.net.ConnectException: Connection refused; For more details see:  http://wiki.apache.org/hadoop/ConnectionRefused, while invoking $Proxy55.submitRequest over nodeId=omNode-1,nodeAddress=127.0.0.1:39929 after 2 failover attempts. Trying to failover immediately.
2022-08-10 09:22:30,897 [Listener at localhost/38141] INFO  retry.RetryInvocationHandler (RetryInvocationHandler.java:log(411)) - com.google.protobuf.ServiceException: java.net.ConnectException: Call From fv-az244-795/10.1.0.9 to localhost:38141 failed on connection exception: java.net.ConnectException: Connection refused; For more details see:  http://wiki.apache.org/hadoop/ConnectionRefused, while invoking $Proxy55.submitRequest over nodeId=omNode-2,nodeAddress=127.0.0.1:38141 after 3 failover attempts. Trying to failover immediately.
2022-08-10 09:22:30,900 [Listener at localhost/38141] INFO  retry.RetryInvocationHandler (RetryInvocationHandler.java:log(411)) - com.google.protobuf.ServiceException: org.apache.hadoop.ipc.RemoteException(org.apache.hadoop.ozone.om.exceptions.OMNotLeaderException): OM:omNode-3 is not the leader. Could not determine the leader node.
	at org.apache.hadoop.ozone.om.OzoneManager.checkLeaderStatus(OzoneManager.java:4015)
	at org.apache.hadoop.ozone.om.ratis.utils.OzoneManagerRatisUtils.checkLeaderStatus(OzoneManagerRatisUtils.java:446)
	at org.apache.hadoop.ozone.protocolPB.OzoneManagerProtocolServerSideTranslatorPB.processRequest(OzoneManagerProtocolServerSideTranslatorPB.java:181)
	at org.apache.hadoop.hdds.server.OzoneProtocolMessageDispatcher.processRequest(OzoneProtocolMessageDispatcher.java:87)
	at org.apache.hadoop.ozone.protocolPB.OzoneManagerProtocolServerSideTranslatorPB.submitRequest(OzoneManagerProtocolServerSideTranslatorPB.java:147)
	at org.apache.hadoop.ozone.protocol.proto.OzoneManagerProtocolProtos$OzoneManagerService$2.callBlockingMethod(OzoneManagerProtocolProtos.java)
	at org.apache.hadoop.ipc.ProtobufRpcEngine$Server.processCall(ProtobufRpcEngine.java:466)
	at org.apache.hadoop.ipc.ProtobufRpcEngine2$Server$ProtoBufRpcInvoker.call(ProtobufRpcEngine2.java:574)
	at org.apache.hadoop.ipc.ProtobufRpcEngine2$Server$ProtoBufRpcInvoker.call(ProtobufRpcEngine2.java:552)
	at org.apache.hadoop.ipc.RPC$Server.call(RPC.java:1093)
	at org.apache.hadoop.ipc.Server$RpcCall.run(Server.java:1035)
	at org.apache.hadoop.ipc.Server$RpcCall.run(Server.java:963)
	at java.security.AccessController.doPrivileged(Native Method)
	at javax.security.auth.Subject.doAs(Subject.java:422)
	at org.apache.hadoop.security.UserGroupInformation.doAs(UserGroupInformation.java:1878)
	at org.apache.hadoop.ipc.Server$Handler.run(Server.java:2966)
, while invoking $Proxy55.submitRequest over nodeId=omNode-3,nodeAddress=127.0.0.1:36235 after 4 failover attempts. Trying to failover after sleeping for 2000ms.
2022-08-10 09:22:31,137 [omNode-3@group-523986131536-FollowerState] INFO  impl.FollowerState (FollowerState.java:run(143)) - omNode-3@group-523986131536-FollowerState: change to CANDIDATE, lastRpcElapsedTime:1090650544ns, electionTimeout:1090ms
2022-08-10 09:22:31,137 [omNode-3@group-523986131536-FollowerState] INFO  impl.RoleInfo (RoleInfo.java:shutdownFollowerState(110)) - omNode-3: shutdown omNode-3@group-523986131536-FollowerState
2022-08-10 09:22:31,137 [omNode-3@group-523986131536-FollowerState] INFO  server.RaftServer$Division (RaftServerImpl.java:setRole(299)) - omNode-3@group-523986131536: changes role from  FOLLOWER to CANDIDATE at term 12 for changeToCandidate
2022-08-10 09:22:31,137 [omNode-3@group-523986131536-FollowerState] INFO  server.RaftServerConfigKeys (ConfUtils.java:logGet(46)) - raft.server.leaderelection.pre-vote = false (custom)
2022-08-10 09:22:31,137 [omNode-3@group-523986131536-FollowerState] INFO  impl.RoleInfo (RoleInfo.java:updateAndGet(139)) - omNode-3: start omNode-3@group-523986131536-LeaderElection27
2022-08-10 09:22:31,141 [omNode-3@group-523986131536-LeaderElection27] INFO  impl.LeaderElection (LeaderElection.java:askForVotes(310)) - omNode-3@group-523986131536-LeaderElection27 ELECTION round 0: submit vote requests at term 13 for 145: [omNode-3|rpc:localhost:34947|admin:|client:|dataStream:|priority:0, omNode-1|rpc:localhost:44673|admin:|client:|dataStream:|priority:0, omNode-2|rpc:localhost:36767|admin:|client:|dataStream:|priority:0], old=null
2022-08-10 09:22:31,141 [omNode-3@group-523986131536-LeaderElection27] INFO  impl.LeaderElection (LogUtils.java:infoOrTrace(137)) - omNode-3@group-523986131536-LeaderElection27 got exception when requesting votes: java.util.concurrent.ExecutionException: org.apache.ratis.thirdparty.io.grpc.StatusRuntimeException: UNAVAILABLE: io exception
2022-08-10 09:22:31,141 [omNode-3@group-523986131536-LeaderElection27] INFO  impl.LeaderElection (LogUtils.java:infoOrTrace(137)) - omNode-3@group-523986131536-LeaderElection27 got exception when requesting votes: java.util.concurrent.ExecutionException: org.apache.ratis.thirdparty.io.grpc.StatusRuntimeException: UNAVAILABLE: io exception
2022-08-10 09:22:31,142 [omNode-3@group-523986131536-LeaderElection27] INFO  impl.LeaderElection (LeaderElection.java:logAndReturn(90)) - omNode-3@group-523986131536-LeaderElection27: ELECTION REJECTED received 0 response(s) and 2 exception(s):
2022-08-10 09:22:31,142 [omNode-3@group-523986131536-LeaderElection27] INFO  impl.LeaderElection (LogUtils.java:infoOrTrace(137)) -   Exception 0: java.util.concurrent.ExecutionException: org.apache.ratis.thirdparty.io.grpc.StatusRuntimeException: UNAVAILABLE: io exception
2022-08-10 09:22:31,142 [omNode-3@group-523986131536-LeaderElection27] INFO  impl.LeaderElection (LogUtils.java:infoOrTrace(137)) -   Exception 1: java.util.concurrent.ExecutionException: org.apache.ratis.thirdparty.io.grpc.StatusRuntimeException: UNAVAILABLE: io exception
2022-08-10 09:22:31,142 [omNode-3@group-523986131536-LeaderElection27] INFO  impl.LeaderElection (LeaderElection.java:askForVotes(312)) - omNode-3@group-523986131536-LeaderElection27 ELECTION round 0: result REJECTED
2022-08-10 09:22:31,142 [omNode-3@group-523986131536-LeaderElection27] INFO  server.RaftServer$Division (RaftServerImpl.java:setRole(299)) - omNode-3@group-523986131536: changes role from CANDIDATE to FOLLOWER at term 13 for REJECTED
2022-08-10 09:22:31,142 [omNode-3@group-523986131536-LeaderElection27] INFO  impl.RoleInfo (RoleInfo.java:shutdownLeaderElection(130)) - omNode-3: shutdown omNode-3@group-523986131536-LeaderElection27
2022-08-10 09:22:31,142 [omNode-3@group-523986131536-LeaderElection27] INFO  impl.RoleInfo (RoleInfo.java:updateAndGet(139)) - omNode-3: start omNode-3@group-523986131536-FollowerState
2022-08-10 09:22:32,255 [omNode-3@group-523986131536-FollowerState] INFO  impl.FollowerState (FollowerState.java:run(143)) - omNode-3@group-523986131536-FollowerState: change to CANDIDATE, lastRpcElapsedTime:1112568069ns, electionTimeout:1112ms
2022-08-10 09:22:32,255 [omNode-3@group-523986131536-FollowerState] INFO  impl.RoleInfo (RoleInfo.java:shutdownFollowerState(110)) - omNode-3: shutdown omNode-3@group-523986131536-FollowerState
2022-08-10 09:22:32,255 [omNode-3@group-523986131536-FollowerState] INFO  server.RaftServer$Division (RaftServerImpl.java:setRole(299)) - omNode-3@group-523986131536: changes role from  FOLLOWER to CANDIDATE at term 13 for changeToCandidate
2022-08-10 09:22:32,255 [omNode-3@group-523986131536-FollowerState] INFO  server.RaftServerConfigKeys (ConfUtils.java:logGet(46)) - raft.server.leaderelection.pre-vote = false (custom)
2022-08-10 09:22:32,255 [omNode-3@group-523986131536-FollowerState] INFO  impl.RoleInfo (RoleInfo.java:updateAndGet(139)) - omNode-3: start omNode-3@group-523986131536-LeaderElection28
2022-08-10 09:22:32,259 [omNode-3@group-523986131536-LeaderElection28] INFO  impl.LeaderElection (LeaderElection.java:askForVotes(310)) - omNode-3@group-523986131536-LeaderElection28 ELECTION round 0: submit vote requests at term 14 for 145: [omNode-3|rpc:localhost:34947|admin:|client:|dataStream:|priority:0, omNode-1|rpc:localhost:44673|admin:|client:|dataStream:|priority:0, omNode-2|rpc:localhost:36767|admin:|client:|dataStream:|priority:0], old=null
2022-08-10 09:22:32,260 [omNode-3@group-523986131536-LeaderElection28] INFO  impl.LeaderElection (LogUtils.java:infoOrTrace(137)) - omNode-3@group-523986131536-LeaderElection28 got exception when requesting votes: java.util.concurrent.ExecutionException: org.apache.ratis.thirdparty.io.grpc.StatusRuntimeException: UNAVAILABLE: io exception
2022-08-10 09:22:32,260 [omNode-3@group-523986131536-LeaderElection28] INFO  impl.LeaderElection (LogUtils.java:infoOrTrace(137)) - omNode-3@group-523986131536-LeaderElection28 got exception when requesting votes: java.util.concurrent.ExecutionException: org.apache.ratis.thirdparty.io.grpc.StatusRuntimeException: UNAVAILABLE: io exception
2022-08-10 09:22:32,260 [omNode-3@group-523986131536-LeaderElection28] INFO  impl.LeaderElection (LeaderElection.java:logAndReturn(90)) - omNode-3@group-523986131536-LeaderElection28: ELECTION REJECTED received 0 response(s) and 2 exception(s):
2022-08-10 09:22:32,260 [omNode-3@group-523986131536-LeaderElection28] INFO  impl.LeaderElection (LogUtils.java:infoOrTrace(137)) -   Exception 0: java.util.concurrent.ExecutionException: org.apache.ratis.thirdparty.io.grpc.StatusRuntimeException: UNAVAILABLE: io exception
2022-08-10 09:22:32,260 [omNode-3@group-523986131536-LeaderElection28] INFO  impl.LeaderElection (LogUtils.java:infoOrTrace(137)) -   Exception 1: java.util.concurrent.ExecutionException: org.apache.ratis.thirdparty.io.grpc.StatusRuntimeException: UNAVAILABLE: io exception
2022-08-10 09:22:32,260 [omNode-3@group-523986131536-LeaderElection28] INFO  impl.LeaderElection (LeaderElection.java:askForVotes(312)) - omNode-3@group-523986131536-LeaderElection28 ELECTION round 0: result REJECTED
2022-08-10 09:22:32,260 [omNode-3@group-523986131536-LeaderElection28] INFO  server.RaftServer$Division (RaftServerImpl.java:setRole(299)) - omNode-3@group-523986131536: changes role from CANDIDATE to FOLLOWER at term 14 for REJECTED
2022-08-10 09:22:32,260 [omNode-3@group-523986131536-LeaderElection28] INFO  impl.RoleInfo (RoleInfo.java:shutdownLeaderElection(130)) - omNode-3: shutdown omNode-3@group-523986131536-LeaderElection28
2022-08-10 09:22:32,260 [omNode-3@group-523986131536-LeaderElection28] INFO  impl.RoleInfo (RoleInfo.java:updateAndGet(139)) - omNode-3: start omNode-3@group-523986131536-FollowerState
2022-08-10 09:22:32,901 [Listener at localhost/38141] ERROR ha.OMFailoverProxyProviderBase (OMFailoverProxyProviderBase.java:getRetryAction(211)) - Failed to connect to OMs: [omNode-1, omNode-2, omNode-3]. Attempted 5 failovers.
2022-08-10 09:22:32,902 [Listener at localhost/38141] INFO  om.OzoneManager (OzoneManager.java:stop(2022)) - omNode-3[localhost:36235]: Stopping Ozone Manager
2022-08-10 09:22:32,902 [Listener at localhost/38141] INFO  ipc.Server (Server.java:stop(3414)) - Stopping server on 36235
2022-08-10 09:22:32,906 [IPC Server listener on 36235] INFO  ipc.Server (Server.java:run(1376)) - Stopping IPC Server listener on 36235
2022-08-10 09:22:32,906 [IPC Server Responder] INFO  ipc.Server (Server.java:run(1512)) - Stopping IPC Server Responder
2022-08-10 09:22:32,906 [Listener at localhost/38141] INFO  server.RaftServer (RaftServerProxy.java:lambda$close$7(398)) - omNode-3: close
2022-08-10 09:22:32,907 [Listener at localhost/38141] INFO  server.RaftServer$Division (RaftServerImpl.java:lambda$close$4(434)) - omNode-3@group-523986131536: shutdown
2022-08-10 09:22:32,907 [Listener at localhost/38141] INFO  util.JmxRegister (JmxRegister.java:unregister(73)) - Successfully un-registered JMX Bean with object name Ratis:service=RaftServer,group=group-523986131536,id=omNode-3
2022-08-10 09:22:32,907 [Listener at localhost/38141] INFO  impl.RoleInfo (RoleInfo.java:shutdownFollowerState(110)) - omNode-3: shutdown omNode-3@group-523986131536-FollowerState
2022-08-10 09:22:32,907 [Listener at localhost/38141] INFO  impl.StateMachineUpdater (StateMachineUpdater.java:stopAndJoin(153)) - omNode-3@group-523986131536-StateMachineUpdater: set stopIndex = 146
2022-08-10 09:22:32,908 [omNode-3@group-523986131536-FollowerState] INFO  impl.FollowerState (FollowerState.java:run(152)) - omNode-3@group-523986131536-FollowerState was interrupted
2022-08-10 09:22:32,907 [omNode-3@group-523986131536-StateMachineUpdater] INFO  ratis.OzoneManagerStateMachine (OzoneManagerStateMachine.java:takeSnapshot(441)) - Current Snapshot Index (t:10, i:146)
2022-08-10 09:22:32,909 [omNode-3@group-523986131536-StateMachineUpdater] INFO  impl.StateMachineUpdater (StateMachineUpdater.java:takeSnapshot(287)) - omNode-3@group-523986131536-StateMachineUpdater: Took a snapshot at index 146
2022-08-10 09:22:32,909 [omNode-3@group-523986131536-StateMachineUpdater] INFO  impl.StateMachineUpdater (StateMachineUpdater.java:lambda$new$0(92)) - omNode-3@group-523986131536-StateMachineUpdater: snapshotIndex: updateIncreasingly 144 -> 146
2022-08-10 09:22:32,909 [omNode-3@group-523986131536-StateMachineUpdater] INFO  raftlog.RaftLog (RaftLogBase.java:purge(308)) - omNode-3@group-523986131536-SegmentedRaftLog: purge 146
2022-08-10 09:22:32,909 [omNode-3@group-523986131536-StateMachineUpdater] INFO  raftlog.RaftLog (RaftLogBase.java:lambda$new$0(53)) - omNode-3@group-523986131536-SegmentedRaftLog: snapshotIndex: updateIncreasingly 144 -> 146
2022-08-10 09:22:32,909 [omNode-3@group-523986131536-StateMachineUpdater] INFO  ratis.OzoneManagerStateMachine (OzoneManagerStateMachine.java:close(495)) - StateMachine has shutdown. Shutdown OzoneManager if not already shutdown.
2022-08-10 09:22:32,909 [omNode-3@group-523986131536-StateMachineUpdater] INFO  ratis.OzoneManagerDoubleBuffer (OzoneManagerDoubleBuffer.java:stop(466)) - Stopping OMDoubleBuffer flush thread
2022-08-10 09:22:32,909 [OMDoubleBufferFlushThread] INFO  ratis.OzoneManagerDoubleBuffer (OzoneManagerDoubleBuffer.java:flushTransactions(385)) - OMDoubleBuffer flush thread OMDoubleBufferFlushThread is interrupted and will exit.
2022-08-10 09:22:32,910 [omNode-3@group-523986131536-SegmentedRaftLogWorker] INFO  raftlog.RaftLog (RaftLogBase.java:lambda$new$0(53)) - omNode-3@group-523986131536-SegmentedRaftLog: purgeIndex: updateToMax old=58, new=144, updated? true
2022-08-10 09:22:32,916 [Listener at localhost/38141] INFO  server.RaftServer$Division (ServerState.java:close(429)) - omNode-3@group-523986131536: closes. applyIndex: 146
2022-08-10 09:22:32,916 [omNode-3@group-523986131536-SegmentedRaftLogWorker] INFO  segmented.SegmentedRaftLogWorker (SegmentedRaftLogWorker.java:run(336)) - omNode-3@group-523986131536-SegmentedRaftLogWorker was interrupted, exiting. There are 0 tasks remaining in the queue.
2022-08-10 09:22:32,917 [Listener at localhost/38141] INFO  segmented.SegmentedRaftLogWorker (SegmentedRaftLogWorker.java:close(246)) - omNode-3@group-523986131536-SegmentedRaftLogWorker close()
2022-08-10 09:22:32,918 [Listener at localhost/38141] INFO  server.GrpcService (GrpcService.java:closeImpl(269)) - omNode-3: shutdown server with port 34947 now
2022-08-10 09:22:32,921 [Listener at localhost/38141] INFO  server.GrpcService (GrpcService.java:closeImpl(278)) - omNode-3: shutdown server with port 34947 successfully
2022-08-10 09:22:32,922 [org.apache.ratis.util.JvmPauseMonitor$$Lambda$696/1259104175@44b9f6c9] INFO  util.JvmPauseMonitor (JvmPauseMonitor.java:run(109)) - JvmPauseMonitor-omNode-3: Stopped
2022-08-10 09:22:32,922 [Listener at localhost/38141] INFO  ratis.OzoneManagerStateMachine (OzoneManagerStateMachine.java:close(495)) - StateMachine has shutdown. Shutdown OzoneManager if not already shutdown.
2022-08-10 09:22:32,922 [Listener at localhost/38141] INFO  ratis.OzoneManagerDoubleBuffer (OzoneManagerDoubleBuffer.java:stop(478)) - OMDoubleBuffer flush thread is not running.
2022-08-10 09:22:32,923 [Listener at localhost/38141] INFO  handler.ContextHandler (ContextHandler.java:doStop(1153)) - Stopped o.e.j.w.WebAppContext@4c954ace{ozoneManager,/,null,STOPPED}{file:/home/runner/work/ozone/ozone/hadoop-ozone/integration-test/target/test-classes/webapps/ozoneManager}
2022-08-10 09:22:32,925 [Listener at localhost/38141] INFO  server.AbstractConnector (AbstractConnector.java:doStop(381)) - Stopped ServerConnector@68f68a1a{HTTP/1.1, (http/1.1)}{0.0.0.0:34027}
2022-08-10 09:22:32,925 [Listener at localhost/38141] INFO  server.session (HouseKeeper.java:stopScavenging(149)) - node0 Stopped scavenging
2022-08-10 09:22:32,926 [Listener at localhost/38141] INFO  handler.ContextHandler (ContextHandler.java:doStop(1153)) - Stopped o.e.j.s.ServletContextHandler@25a636f6{static,/static,file:///home/runner/work/ozone/ozone/hadoop-ozone/integration-test/target/test-classes/webapps/static,STOPPED}
2022-08-10 09:22:32,926 [Listener at localhost/38141] INFO  handler.ContextHandler (ContextHandler.java:doStop(1153)) - Stopped o.e.j.s.ServletContextHandler@b51fd9a{logs,/logs,file:///home/runner/work/ozone/ozone/hadoop-ozone/integration-test/target/log,STOPPED}
2022-08-10 09:22:32,929 [Listener at localhost/38141] INFO  om.OzoneManager (OzoneManager.java:restart(1559)) - OzoneManager RPC server is listening at localhost/127.0.0.1:36235
2022-08-10 09:22:32,930 [Listener at localhost/38141] INFO  impl.MetricsSystemImpl (MetricsSystemImpl.java:init(158)) - OzoneManager metrics system started (again)
2022-08-10 09:22:32,943 [Listener at localhost/38141] WARN  server.ServerUtils (ServerUtils.java:getDBPath(225)) - ozone.om.db.dirs is not configured. We recommend adding this setting. Falling back to ozone.metadata.dirs instead.
2022-08-10 09:22:32,943 [Listener at localhost/38141] INFO  codec.OmKeyInfoCodec (OmKeyInfoCodec.java:<init>(49)) - OmKeyInfoCodec ignorePipeline = true
2022-08-10 09:22:32,944 [Listener at localhost/38141] INFO  codec.RepeatedOmKeyInfoCodec (RepeatedOmKeyInfoCodec.java:<init>(41)) - RepeatedOmKeyInfoCodec ignorePipeline = true
2022-08-10 09:22:32,998 [Listener at localhost/38141] INFO  om.OzoneManager (OzoneManager.java:instantiateServices(697)) - S3 Multi-Tenancy is disabled
2022-08-10 09:22:33,000 [Listener at localhost/38141] WARN  impl.MetricRegistriesImpl (MetricRegistriesImpl.java:addReporterRegistration(111)) - New reporters are added after registries were created. Some metrics will be missing from the reporter. Please add reporter before adding any new registry.
2022-08-10 09:22:33,000 [Listener at localhost/38141] WARN  impl.MetricRegistriesImpl (MetricRegistriesImpl.java:addReporterRegistration(111)) - New reporters are added after registries were created. Some metrics will be missing from the reporter. Please add reporter before adding any new registry.
2022-08-10 09:22:33,000 [Listener at localhost/38141] WARN  server.ServerUtils (ServerUtils.java:getDefaultRatisDirectory(237)) - Storage directory for Ratis is not configured. It is a good idea to map this to an SSD disk. Falling back to ozone.metadata.dirs
2022-08-10 09:22:33,001 [Listener at localhost/38141] INFO  ratis.OzoneManagerRatisServer (OzoneManagerRatisServer.java:<init>(159)) - Instantiating OM Ratis server with groupID: om-service-test1 and peers: localhost:34947, localhost:44673, localhost:36767
2022-08-10 09:22:33,002 [Listener at localhost/38141] INFO  ratis.OzoneManagerStateMachine (OzoneManagerStateMachine.java:loadSnapshotInfoFromDB(632)) - LastAppliedIndex is set from TransactionInfo from OM DB as (t:10, i:146)
2022-08-10 09:22:33,003 [Listener at localhost/38141] INFO  server.RaftServer (ConfUtils.java:logGet(46)) - raft.rpc.type = GRPC (default)
2022-08-10 09:22:33,003 [Listener at localhost/38141] INFO  grpc.GrpcFactory (GrpcFactory.java:checkPooledByteBufAllocatorUseCacheForAllThreads(48)) - PERFORMANCE WARNING: useCacheForAllThreads is true that may cause Netty to create a lot garbage objects and, as a result, trigger GC.
	It is recommended to disable useCacheForAllThreads by setting -Dorg.apache.ratis.thirdparty.io.netty.allocator.useCacheForAllThreads=false in command line.
2022-08-10 09:22:33,003 [Listener at localhost/38141] INFO  grpc.GrpcConfigKeys (ConfUtils.java:logGet(46)) - raft.grpc.admin.port = -1 (default)
2022-08-10 09:22:33,003 [Listener at localhost/38141] INFO  grpc.GrpcConfigKeys (ConfUtils.java:logGet(46)) - raft.grpc.server.port = 34947 (custom)
2022-08-10 09:22:33,004 [Listener at localhost/38141] INFO  grpc.GrpcConfigKeys (ConfUtils.java:logGet(46)) - raft.grpc.client.port = -1 (default)
2022-08-10 09:22:33,004 [Listener at localhost/38141] INFO  grpc.GrpcConfigKeys (ConfUtils.java:logGet(46)) - raft.grpc.server.port = 34947 (custom)
2022-08-10 09:22:33,004 [Listener at localhost/38141] INFO  grpc.GrpcConfigKeys (ConfUtils.java:logGet(46)) - raft.grpc.server.port = 34947 (custom)
2022-08-10 09:22:33,004 [Listener at localhost/38141] INFO  server.GrpcService (ConfUtils.java:logGet(46)) - raft.grpc.message.size.max = 33554432 (custom)
2022-08-10 09:22:33,004 [Listener at localhost/38141] INFO  server.RaftServerConfigKeys (ConfUtils.java:logGet(46)) - raft.server.log.appender.buffer.byte-limit = 33554432 (custom)
2022-08-10 09:22:33,004 [Listener at localhost/38141] INFO  server.GrpcService (ConfUtils.java:logGet(46)) - raft.grpc.flow.control.window = 1MB (=1048576) (default)
2022-08-10 09:22:33,005 [Listener at localhost/38141] INFO  server.RaftServerConfigKeys (ConfUtils.java:logGet(46)) - raft.server.rpc.request.timeout = 3000ms (default)
2022-08-10 09:22:33,005 [Listener at localhost/38141] INFO  grpc.GrpcConfigKeys (ConfUtils.java:logGet(46)) - raft.grpc.server.async.request.thread.pool.cached = true (default)
2022-08-10 09:22:33,005 [Listener at localhost/38141] INFO  grpc.GrpcConfigKeys (ConfUtils.java:logGet(46)) - raft.grpc.server.async.request.thread.pool.size = 32 (default)
2022-08-10 09:22:33,006 [Listener at localhost/38141] INFO  impl.DataStreamServerImpl (ConfUtils.java:logGet(46)) - raft.datastream.type = DISABLED (default)
2022-08-10 09:22:33,007 [Listener at localhost/38141] INFO  server.RaftServerConfigKeys (ConfUtils.java:logGet(46)) - raft.server.threadpool.proxy.cached = true (default)
2022-08-10 09:22:33,007 [Listener at localhost/38141] INFO  server.RaftServerConfigKeys (ConfUtils.java:logGet(46)) - raft.server.threadpool.proxy.size = 0 (default)
2022-08-10 09:22:33,007 [Listener at localhost/38141] INFO  server.RaftServerConfigKeys (ConfUtils.java:logGet(46)) - raft.server.rpc.slowness.timeout = 2s (custom)
2022-08-10 09:22:33,007 [Listener at localhost/38141] INFO  server.RaftServerConfigKeys (ConfUtils.java:logGet(46)) - raft.server.leaderelection.leader.step-down.wait-time = 10s (default)
2022-08-10 09:22:33,008 [Listener at localhost/38141] INFO  server.RaftServerConfigKeys (ConfUtils.java:logGet(46)) - raft.server.storage.dir = [/home/runner/work/ozone/ozone/hadoop-ozone/integration-test/target/test-dir/MiniOzoneClusterImpl-5b46f7b7-15cd-42ca-88c0-c813cff626ca/omNode-3/ratis] (custom)
2022-08-10 09:22:33,008 [omNode-3-impl-thread1] INFO  server.RaftServer (RaftServerProxy.java:initGroupDir(247)) - omNode-3: found a subdirectory /home/runner/work/ozone/ozone/hadoop-ozone/integration-test/target/test-dir/MiniOzoneClusterImpl-5b46f7b7-15cd-42ca-88c0-c813cff626ca/omNode-3/ratis/c9bc4cf4-3bc3-3c60-a66b-523986131536
2022-08-10 09:22:33,009 [Listener at localhost/38141] INFO  server.RaftServer (RaftServerProxy.java:addNew(96)) - omNode-3: addNew group-523986131536:[omNode-3|rpc:localhost:34947|priority:0, omNode-1|rpc:localhost:44673|priority:0, omNode-2|rpc:localhost:36767|priority:0] returns group-523986131536:java.util.concurrent.CompletableFuture@5cf8823c[Not completed]
2022-08-10 09:22:33,009 [pool-516-thread-1] INFO  server.RaftServer$Division (RaftServerImpl.java:<init>(190)) - omNode-3: new RaftServerImpl for group-523986131536:[omNode-3|rpc:localhost:34947|priority:0, omNode-1|rpc:localhost:44673|priority:0, omNode-2|rpc:localhost:36767|priority:0] with OzoneManagerStateMachine:uninitialized
2022-08-10 09:22:33,009 [Listener at localhost/38141] INFO  om.OzoneManager (OzoneManager.java:initializeRatisServer(1963)) - OzoneManager Ratis server initialized at port 34947
2022-08-10 09:22:33,009 [pool-516-thread-1] INFO  server.RaftServerConfigKeys (ConfUtils.java:logGet(46)) - raft.server.rpc.timeout.min = 1s (custom)
2022-08-10 09:22:33,009 [Listener at localhost/38141] INFO  ratis.OzoneManagerRatisServer (OzoneManagerRatisServer.java:start(554)) - Starting OzoneManagerRatisServer omNode-3 at port 34947
2022-08-10 09:22:33,009 [pool-516-thread-1] INFO  server.RaftServerConfigKeys (ConfUtils.java:logGet(46)) - raft.server.rpc.timeout.max = 1200ms (custom)
2022-08-10 09:22:33,012 [pool-516-thread-1] INFO  server.RaftServerConfigKeys (ConfUtils.java:logGet(46)) - raft.server.rpc.sleep.time = 25ms (default)
2022-08-10 09:22:33,013 [pool-516-thread-1] INFO  server.RaftServerConfigKeys (ConfUtils.java:logGet(46)) - raft.server.rpc.slowness.timeout = 2s (custom)
2022-08-10 09:22:33,013 [pool-516-thread-1] INFO  server.RaftServerConfigKeys (ConfUtils.java:logGet(46)) - raft.server.leaderelection.leader.step-down.wait-time = 10s (default)
2022-08-10 09:22:33,013 [pool-516-thread-1] INFO  server.RaftServerConfigKeys (ConfUtils.java:logGet(46)) - raft.server.sleep.deviation.threshold = 300ms (default)
2022-08-10 09:22:33,013 [pool-516-thread-1] INFO  server.RaftServer$Division (ServerState.java:<init>(107)) - omNode-3@group-523986131536: ConfigurationManager, init=-1: [omNode-3|rpc:localhost:34947|priority:0, omNode-1|rpc:localhost:44673|priority:0, omNode-2|rpc:localhost:36767|priority:0], old=null, confs=<EMPTY_MAP>
2022-08-10 09:22:33,013 [pool-516-thread-1] INFO  server.RaftServerConfigKeys (ConfUtils.java:logGet(46)) - raft.server.storage.dir = [/home/runner/work/ozone/ozone/hadoop-ozone/integration-test/target/test-dir/MiniOzoneClusterImpl-5b46f7b7-15cd-42ca-88c0-c813cff626ca/omNode-3/ratis] (custom)
2022-08-10 09:22:33,013 [pool-516-thread-1] INFO  server.RaftServerConfigKeys (ConfUtils.java:logGet(46)) - raft.server.log.corruption.policy = EXCEPTION (default)
2022-08-10 09:22:33,013 [pool-516-thread-1] INFO  server.RaftServerConfigKeys (ConfUtils.java:logGet(46)) - raft.server.storage.free-space.min = 0MB (=0) (default)
2022-08-10 09:22:33,014 [pool-516-thread-1] INFO  storage.RaftStorageDirectory (RaftStorageDirectoryImpl.java:tryLock(230)) - Lock on /home/runner/work/ozone/ozone/hadoop-ozone/integration-test/target/test-dir/MiniOzoneClusterImpl-5b46f7b7-15cd-42ca-88c0-c813cff626ca/omNode-3/ratis/c9bc4cf4-3bc3-3c60-a66b-523986131536/in_use.lock acquired by nodename 28234@fv-az244-795
2022-08-10 09:22:33,015 [pool-516-thread-1] INFO  storage.RaftStorage (RaftStorageImpl.java:analyzeAndRecoverStorage(110)) - Read RaftStorageMetadata{term=14, votedFor=omNode-3} from /home/runner/work/ozone/ozone/hadoop-ozone/integration-test/target/test-dir/MiniOzoneClusterImpl-5b46f7b7-15cd-42ca-88c0-c813cff626ca/omNode-3/ratis/c9bc4cf4-3bc3-3c60-a66b-523986131536/current/raft-meta
2022-08-10 09:22:33,015 [pool-516-thread-1] INFO  server.RaftServer$Division (ServerState.java:setRaftConf(393)) - omNode-3@group-523986131536: set configuration 145: [omNode-3|rpc:localhost:34947|admin:|client:|dataStream:|priority:0, omNode-1|rpc:localhost:44673|admin:|client:|dataStream:|priority:0, omNode-2|rpc:localhost:36767|admin:|client:|dataStream:|priority:0], old=null
2022-08-10 09:22:33,015 [pool-516-thread-1] INFO  server.RaftServerConfigKeys (ConfUtils.java:logGet(46)) - raft.server.notification.no-leader.timeout = 2s (custom)
2022-08-10 09:22:33,015 [pool-516-thread-1] INFO  server.RaftServerConfigKeys (ConfUtils.java:logGet(46)) - raft.server.log.use.memory = false (default)
2022-08-10 09:22:33,015 [pool-516-thread-1] INFO  server.RaftServerConfigKeys (ConfUtils.java:logGet(46)) - raft.server.log.purge.gap = 50 (custom)
2022-08-10 09:22:33,015 [pool-516-thread-1] INFO  server.RaftServerConfigKeys (ConfUtils.java:logGet(46)) - raft.server.log.appender.buffer.byte-limit = 33554432 (custom)
2022-08-10 09:22:33,015 [pool-516-thread-1] INFO  server.RaftServerConfigKeys (ConfUtils.java:logGet(46)) - raft.server.log.statemachine.data.read.timeout = 1000ms (default)
2022-08-10 09:22:33,016 [pool-516-thread-1] INFO  server.RaftServerConfigKeys (ConfUtils.java:logGet(46)) - raft.server.log.segment.size.max = 4194304 (custom)
2022-08-10 09:22:33,016 [pool-516-thread-1] INFO  server.RaftServerConfigKeys (ConfUtils.java:logGet(46)) - raft.server.log.segment.cache.num.max = 2 (custom)
2022-08-10 09:22:33,016 [pool-516-thread-1] INFO  server.RaftServerConfigKeys (ConfUtils.java:logGet(46)) - raft.server.log.segment.cache.size.max = 200MB (=209715200) (default)
2022-08-10 09:22:33,016 [pool-516-thread-1] INFO  segmented.SegmentedRaftLogWorker (SegmentedRaftLogWorker.java:<init>(187)) - new omNode-3@group-523986131536-SegmentedRaftLogWorker for RaftStorageImpl:Storage Directory /home/runner/work/ozone/ozone/hadoop-ozone/integration-test/target/test-dir/MiniOzoneClusterImpl-5b46f7b7-15cd-42ca-88c0-c813cff626ca/omNode-3/ratis/c9bc4cf4-3bc3-3c60-a66b-523986131536
2022-08-10 09:22:33,016 [pool-516-thread-1] INFO  server.RaftServerConfigKeys (ConfUtils.java:logGet(46)) - raft.server.log.queue.byte-limit = 64MB (=67108864) (default)
2022-08-10 09:22:33,016 [pool-516-thread-1] INFO  server.RaftServerConfigKeys (ConfUtils.java:logGet(46)) - raft.server.log.queue.element-limit = 4096 (default)
2022-08-10 09:22:33,016 [pool-516-thread-1] INFO  server.RaftServerConfigKeys (ConfUtils.java:logGet(46)) - raft.server.log.segment.size.max = 4194304 (custom)
2022-08-10 09:22:33,016 [pool-516-thread-1] INFO  server.RaftServerConfigKeys (ConfUtils.java:logGet(46)) - raft.server.log.preallocated.size = 4194304 (custom)
2022-08-10 09:22:33,017 [pool-516-thread-1] INFO  server.RaftServerConfigKeys (ConfUtils.java:logGet(46)) - raft.server.log.force.sync.num = 128 (default)
2022-08-10 09:22:33,017 [pool-516-thread-1] INFO  server.RaftServerConfigKeys (ConfUtils.java:logGet(46)) - raft.server.log.statemachine.data.sync = true (default)
2022-08-10 09:22:33,017 [pool-516-thread-1] INFO  server.RaftServerConfigKeys (ConfUtils.java:logGet(46)) - raft.server.log.statemachine.data.sync.timeout = 10s (default)
2022-08-10 09:22:33,017 [pool-516-thread-1] INFO  server.RaftServerConfigKeys (ConfUtils.java:logGet(46)) - raft.server.log.statemachine.data.sync.timeout.retry = -1 (default)
2022-08-10 09:22:33,018 [pool-516-thread-1] INFO  server.RaftServerConfigKeys (ConfUtils.java:logGet(46)) - raft.server.log.write.buffer.size = 64KB (=65536) (default)
2022-08-10 09:22:33,018 [pool-516-thread-1] INFO  server.RaftServerConfigKeys (ConfUtils.java:logGet(46)) - raft.server.log.unsafe-flush.enabled = false (default)
2022-08-10 09:22:33,018 [pool-516-thread-1] INFO  server.RaftServerConfigKeys (ConfUtils.java:logGet(46)) - raft.server.log.statemachine.data.caching.enabled = false (default)
2022-08-10 09:22:33,018 [pool-516-thread-1] INFO  server.RaftServer$Division (ServerState.java:setRaftConf(393)) - omNode-3@group-523986131536: set configuration 145: [omNode-3|rpc:localhost:34947|admin:|client:|dataStream:|priority:0, omNode-1|rpc:localhost:44673|admin:|client:|dataStream:|priority:0, omNode-2|rpc:localhost:36767|admin:|client:|dataStream:|priority:0], old=null
2022-08-10 09:22:33,019 [pool-516-thread-1] INFO  segmented.LogSegment (LogSegment.java:loadSegment(173)) - Successfully read 2 entries from segment file /home/runner/work/ozone/ozone/hadoop-ozone/integration-test/target/test-dir/MiniOzoneClusterImpl-5b46f7b7-15cd-42ca-88c0-c813cff626ca/omNode-3/ratis/c9bc4cf4-3bc3-3c60-a66b-523986131536/current/log_inprogress_145
2022-08-10 09:22:33,019 [pool-516-thread-1] INFO  segmented.SegmentedRaftLogWorker (SegmentedRaftLogWorker.java:lambda$new$0(135)) - omNode-3@group-523986131536-SegmentedRaftLogWorker: flushIndex: setUnconditionally 0 -> 146
2022-08-10 09:22:33,019 [pool-516-thread-1] INFO  segmented.SegmentedRaftLogWorker (SegmentedRaftLogWorker.java:lambda$new$0(135)) - omNode-3@group-523986131536-SegmentedRaftLogWorker: safeCacheEvictIndex: setUnconditionally 0 -> -1
2022-08-10 09:22:33,019 [pool-516-thread-1] INFO  raftlog.RaftLog (RaftLogBase.java:lambda$new$0(53)) - omNode-3@group-523986131536-SegmentedRaftLog: commitIndex: updateToMax old=146, new=145, updated? false
2022-08-10 09:22:33,019 [pool-516-thread-1] INFO  raftlog.RaftLog (RaftLogBase.java:lambda$new$0(53)) - omNode-3@group-523986131536-SegmentedRaftLog: purgeIndex: updateIncreasingly -1 -> 144
2022-08-10 09:22:33,019 [pool-516-thread-1] INFO  server.RaftServerConfigKeys (ConfUtils.java:logGet(46)) - raft.server.snapshot.auto.trigger.enabled = true (custom)
2022-08-10 09:22:33,019 [pool-516-thread-1] INFO  server.RaftServerConfigKeys (ConfUtils.java:logGet(46)) - raft.server.snapshot.auto.trigger.threshold = 50 (custom)
2022-08-10 09:22:33,019 [pool-516-thread-1] INFO  server.RaftServerConfigKeys (ConfUtils.java:logGet(46)) - raft.server.snapshot.retention.file.num = -1 (default)
2022-08-10 09:22:33,019 [pool-516-thread-1] INFO  server.RaftServerConfigKeys (ConfUtils.java:logGet(46)) - raft.server.log.purge.upto.snapshot.index = true (custom)
2022-08-10 09:22:33,020 [pool-516-thread-1] INFO  server.RaftServerConfigKeys (ConfUtils.java:logGet(46)) - raft.server.retrycache.expirytime = 30000ms (custom)
2022-08-10 09:22:33,020 [pool-516-thread-1] INFO  server.RaftServerConfigKeys (ConfUtils.java:logGet(46)) - raft.server.retrycache.statistics.expirytime = 100μs (default)
2022-08-10 09:22:33,021 [pool-516-thread-1] INFO  server.RaftServerConfigKeys (ConfUtils.java:logGet(46)) - raft.server.log.appender.install.snapshot.enabled = false (custom)
2022-08-10 09:22:33,021 [pool-516-thread-1] INFO  server.RaftServerConfigKeys (ConfUtils.java:logGet(46)) - raft.server.threadpool.server.cached = true (default)
2022-08-10 09:22:33,021 [pool-516-thread-1] INFO  server.RaftServerConfigKeys (ConfUtils.java:logGet(46)) - raft.server.threadpool.server.size = 0 (default)
2022-08-10 09:22:33,021 [pool-516-thread-1] INFO  server.RaftServerConfigKeys (ConfUtils.java:logGet(46)) - raft.server.threadpool.client.cached = true (default)
2022-08-10 09:22:33,021 [pool-516-thread-1] INFO  server.RaftServerConfigKeys (ConfUtils.java:logGet(46)) - raft.server.threadpool.client.size = 0 (default)
2022-08-10 09:22:33,021 [omNode-3-impl-thread1] INFO  server.RaftServer$Division (RaftServerImpl.java:start(310)) - omNode-3@group-523986131536: start as a follower, conf=145: [omNode-3|rpc:localhost:34947|admin:|client:|dataStream:|priority:0, omNode-1|rpc:localhost:44673|admin:|client:|dataStream:|priority:0, omNode-2|rpc:localhost:36767|admin:|client:|dataStream:|priority:0], old=null
2022-08-10 09:22:33,021 [omNode-3-impl-thread1] INFO  server.RaftServer$Division (RaftServerImpl.java:setRole(299)) - omNode-3@group-523986131536: changes role from      null to FOLLOWER at term 14 for startAsFollower
2022-08-10 09:22:33,021 [omNode-3-impl-thread1] INFO  impl.RoleInfo (RoleInfo.java:updateAndGet(139)) - omNode-3: start omNode-3@group-523986131536-FollowerState
2022-08-10 09:22:33,022 [omNode-3-impl-thread1] INFO  util.JmxRegister (JmxRegister.java:tryRegister(44)) - Successfully registered JMX Bean with object name Ratis:service=RaftServer,group=group-523986131536,id=omNode-3
2022-08-10 09:22:33,022 [Listener at localhost/38141] INFO  server.RaftServer (RaftServerProxy.java:lambda$start$6(382)) - omNode-3: start RPC server
2022-08-10 09:22:33,027 [Listener at localhost/38141] INFO  server.GrpcService (GrpcService.java:startImpl(260)) - omNode-3: GrpcService started, listening on 34947
2022-08-10 09:22:33,028 [Listener at localhost/38141] INFO  om.OzoneManager (OzoneManager.java:getRpcServer(1086)) - Creating RPC Server
2022-08-10 09:22:33,029 [org.apache.ratis.util.JvmPauseMonitor$$Lambda$696/1259104175@bef3797] INFO  util.JvmPauseMonitor (JvmPauseMonitor.java:run(103)) - JvmPauseMonitor-omNode-3: Started
2022-08-10 09:22:33,386 [Listener at localhost/38141] INFO  reflections.Reflections (Reflections.java:scan(232)) - Reflections took 357 ms to scan 19 urls, producing 67 keys and 4150 values [using 2 cores]
2022-08-10 09:22:33,388 [Listener at localhost/38141] INFO  ipc.CallQueueManager (CallQueueManager.java:<init>(90)) - Using callQueue: class java.util.concurrent.LinkedBlockingQueue, queueCapacity: 2000, scheduler: class org.apache.hadoop.ipc.DefaultRpcScheduler, ipcBackoff: false.
2022-08-10 09:22:33,388 [Socket Reader #1 for port 36235] INFO  ipc.Server (Server.java:run(1265)) - Starting Socket Reader #1 for port 36235
2022-08-10 09:22:33,391 [Listener at localhost/36235] INFO  http.BaseHttpServer (BaseHttpServer.java:newHttpServer2BuilderForOzone(209)) - Starting Web-server for ozoneManager at: http://0.0.0.0:34027
2022-08-10 09:22:33,392 [Listener at localhost/36235] INFO  http.BaseHttpServer (BaseHttpServer.java:<init>(107)) - Hadoop Security Enabled: false Ozone Security Enabled: false Ozone HTTP Security Enabled: false 
2022-08-10 09:22:33,393 [Listener at localhost/36235] INFO  server.AuthenticationFilter (AuthenticationFilter.java:constructSecretProvider(240)) - Unable to initialize FileSignerSecretProvider, falling back to use random secrets.
2022-08-10 09:22:33,394 [Listener at localhost/36235] WARN  http.HttpRequestLog (HttpRequestLog.java:getRequestLog(103)) - Jetty request log can only be enabled using Log4j
2022-08-10 09:22:33,395 [Listener at localhost/36235] INFO  http.HttpServer2 (HttpServer2.java:addGlobalFilter(1029)) - Added global filter 'safety' (class=org.apache.hadoop.hdds.server.http.HttpServer2$QuotingInputFilter)
2022-08-10 09:22:33,396 [Listener at localhost/36235] INFO  http.HttpServer2 (HttpServer2.java:addFilter(1005)) - Added filter static_user_filter (class=org.apache.hadoop.http.lib.StaticUserWebFilter$StaticUserFilter) to context ozoneManager
2022-08-10 09:22:33,396 [Listener at localhost/36235] INFO  http.HttpServer2 (HttpServer2.java:addFilter(1013)) - Added filter static_user_filter (class=org.apache.hadoop.http.lib.StaticUserWebFilter$StaticUserFilter) to context logs
2022-08-10 09:22:33,396 [Listener at localhost/36235] INFO  http.HttpServer2 (HttpServer2.java:addFilter(1013)) - Added filter static_user_filter (class=org.apache.hadoop.http.lib.StaticUserWebFilter$StaticUserFilter) to context static
2022-08-10 09:22:33,397 [Listener at localhost/36235] INFO  http.HttpServer2 (HttpServer2.java:bindListener(1248)) - Jetty bound to port 34027
2022-08-10 09:22:33,397 [Listener at localhost/36235] INFO  server.Server (Server.java:doStart(375)) - jetty-9.4.43.v20210629; built: 2021-06-30T11:07:22.254Z; git: 526006ecfa3af7f1a27ef3a288e2bef7ea9dd7e8; jvm 1.8.0_332-b09
2022-08-10 09:22:33,409 [Listener at localhost/36235] INFO  server.session (DefaultSessionIdManager.java:doStart(334)) - DefaultSessionIdManager workerName=node0
2022-08-10 09:22:33,409 [Listener at localhost/36235] INFO  server.session (DefaultSessionIdManager.java:doStart(339)) - No SessionScavenger set, using defaults
2022-08-10 09:22:33,409 [Listener at localhost/36235] INFO  server.session (HouseKeeper.java:startScavenging(132)) - node0 Scavenging every 600000ms
2022-08-10 09:22:33,410 [Listener at localhost/36235] INFO  handler.ContextHandler (ContextHandler.java:doStart(915)) - Started o.e.j.s.ServletContextHandler@6dd11d81{logs,/logs,file:///home/runner/work/ozone/ozone/hadoop-ozone/integration-test/target/log,AVAILABLE}
2022-08-10 09:22:33,411 [Listener at localhost/36235] INFO  handler.ContextHandler (ContextHandler.java:doStart(915)) - Started o.e.j.s.ServletContextHandler@3eb452ca{static,/static,file:///home/runner/work/ozone/ozone/hadoop-ozone/integration-test/target/test-classes/webapps/static,AVAILABLE}
2022-08-10 09:22:33,414 [Listener at localhost/36235] INFO  handler.ContextHandler (ContextHandler.java:doStart(915)) - Started o.e.j.w.WebAppContext@61579702{ozoneManager,/,file:///home/runner/work/ozone/ozone/hadoop-ozone/integration-test/target/test-classes/webapps/ozoneManager/,AVAILABLE}{file:/home/runner/work/ozone/ozone/hadoop-ozone/integration-test/target/test-classes/webapps/ozoneManager}
2022-08-10 09:22:33,417 [Listener at localhost/36235] INFO  server.AbstractConnector (AbstractConnector.java:doStart(331)) - Started ServerConnector@150a7e0{HTTP/1.1, (http/1.1)}{0.0.0.0:34027}
2022-08-10 09:22:33,417 [Listener at localhost/36235] INFO  server.Server (Server.java:doStart(415)) - Started @80867ms
2022-08-10 09:22:33,417 [Listener at localhost/36235] WARN  impl.MetricsSystemImpl (MetricsSystemImpl.java:register(279)) - Sink prometheus already exists!
2022-08-10 09:22:33,418 [Listener at localhost/36235] INFO  http.BaseHttpServer (BaseHttpServer.java:updateConnectorAddress(329)) - HTTP server of ozoneManager listening at http://0.0.0.0:34027
2022-08-10 09:22:33,418 [IPC Server Responder] INFO  ipc.Server (Server.java:run(1507)) - IPC Server Responder: starting
2022-08-10 09:22:33,419 [IPC Server listener on 36235] INFO  ipc.Server (Server.java:run(1344)) - IPC Server listener on 36235: starting
2022-08-10 09:22:33,423 [Listener at localhost/36235] INFO  om.OzoneManager (OzoneManager.java:startTrashEmptier(1907)) - Trash Interval set to 0. Files deleted won't move to trash
2022-08-10 09:22:33,424 [Listener at localhost/36235] INFO  om.OzoneManager (OzoneManager.java:stop(2022)) - omNode-1[localhost:39929]: Stopping Ozone Manager
2022-08-10 09:22:33,424 [Listener at localhost/36235] INFO  om.OzoneManager (OzoneManager.java:restart(1559)) - OzoneManager RPC server is listening at localhost/127.0.0.1:39929
2022-08-10 09:22:33,424 [Listener at localhost/36235] INFO  impl.MetricsSystemImpl (MetricsSystemImpl.java:init(158)) - OzoneManager metrics system started (again)
2022-08-10 09:22:33,432 [org.apache.hadoop.util.JvmPauseMonitor$Monitor@12c1371e] INFO  util.JvmPauseMonitor (JvmPauseMonitor.java:run(188)) - Starting JVM pause monitor
2022-08-10 09:22:33,441 [Listener at localhost/36235] WARN  server.ServerUtils (ServerUtils.java:getDBPath(225)) - ozone.om.db.dirs is not configured. We recommend adding this setting. Falling back to ozone.metadata.dirs instead.
2022-08-10 09:22:33,442 [Listener at localhost/36235] INFO  codec.OmKeyInfoCodec (OmKeyInfoCodec.java:<init>(49)) - OmKeyInfoCodec ignorePipeline = true
2022-08-10 09:22:33,442 [Listener at localhost/36235] INFO  codec.RepeatedOmKeyInfoCodec (RepeatedOmKeyInfoCodec.java:<init>(41)) - RepeatedOmKeyInfoCodec ignorePipeline = true
2022-08-10 09:22:33,486 [Listener at localhost/36235] INFO  om.OzoneManager (OzoneManager.java:instantiateServices(697)) - S3 Multi-Tenancy is disabled
2022-08-10 09:22:33,487 [Listener at localhost/36235] WARN  impl.MetricRegistriesImpl (MetricRegistriesImpl.java:addReporterRegistration(111)) - New reporters are added after registries were created. Some metrics will be missing from the reporter. Please add reporter before adding any new registry.
2022-08-10 09:22:33,487 [Listener at localhost/36235] WARN  impl.MetricRegistriesImpl (MetricRegistriesImpl.java:addReporterRegistration(111)) - New reporters are added after registries were created. Some metrics will be missing from the reporter. Please add reporter before adding any new registry.
2022-08-10 09:22:33,487 [Listener at localhost/36235] WARN  server.ServerUtils (ServerUtils.java:getDefaultRatisDirectory(237)) - Storage directory for Ratis is not configured. It is a good idea to map this to an SSD disk. Falling back to ozone.metadata.dirs
2022-08-10 09:22:33,489 [Listener at localhost/36235] INFO  ratis.OzoneManagerRatisServer (OzoneManagerRatisServer.java:<init>(159)) - Instantiating OM Ratis server with groupID: om-service-test1 and peers: localhost:44673, localhost:34947, localhost:36767
2022-08-10 09:22:33,489 [Listener at localhost/36235] INFO  ratis.OzoneManagerStateMachine (OzoneManagerStateMachine.java:loadSnapshotInfoFromDB(632)) - LastAppliedIndex is set from TransactionInfo from OM DB as (t:10, i:145)
2022-08-10 09:22:33,489 [Listener at localhost/36235] INFO  server.RaftServer (ConfUtils.java:logGet(46)) - raft.rpc.type = GRPC (default)
2022-08-10 09:22:33,490 [Listener at localhost/36235] INFO  grpc.GrpcFactory (GrpcFactory.java:checkPooledByteBufAllocatorUseCacheForAllThreads(48)) - PERFORMANCE WARNING: useCacheForAllThreads is true that may cause Netty to create a lot garbage objects and, as a result, trigger GC.
	It is recommended to disable useCacheForAllThreads by setting -Dorg.apache.ratis.thirdparty.io.netty.allocator.useCacheForAllThreads=false in command line.
2022-08-10 09:22:33,490 [Listener at localhost/36235] INFO  grpc.GrpcConfigKeys (ConfUtils.java:logGet(46)) - raft.grpc.admin.port = -1 (default)
2022-08-10 09:22:33,490 [Listener at localhost/36235] INFO  grpc.GrpcConfigKeys (ConfUtils.java:logGet(46)) - raft.grpc.server.port = 44673 (custom)
2022-08-10 09:22:33,490 [Listener at localhost/36235] INFO  grpc.GrpcConfigKeys (ConfUtils.java:logGet(46)) - raft.grpc.client.port = -1 (default)
2022-08-10 09:22:33,490 [Listener at localhost/36235] INFO  grpc.GrpcConfigKeys (ConfUtils.java:logGet(46)) - raft.grpc.server.port = 44673 (custom)
2022-08-10 09:22:33,490 [Listener at localhost/36235] INFO  grpc.GrpcConfigKeys (ConfUtils.java:logGet(46)) - raft.grpc.server.port = 44673 (custom)
2022-08-10 09:22:33,490 [Listener at localhost/36235] INFO  server.GrpcService (ConfUtils.java:logGet(46)) - raft.grpc.message.size.max = 33554432 (custom)
2022-08-10 09:22:33,491 [Listener at localhost/36235] INFO  server.RaftServerConfigKeys (ConfUtils.java:logGet(46)) - raft.server.log.appender.buffer.byte-limit = 33554432 (custom)
2022-08-10 09:22:33,491 [Listener at localhost/36235] INFO  server.GrpcService (ConfUtils.java:logGet(46)) - raft.grpc.flow.control.window = 1MB (=1048576) (default)
2022-08-10 09:22:33,491 [Listener at localhost/36235] INFO  server.RaftServerConfigKeys (ConfUtils.java:logGet(46)) - raft.server.rpc.request.timeout = 3000ms (default)
2022-08-10 09:22:33,491 [Listener at localhost/36235] INFO  grpc.GrpcConfigKeys (ConfUtils.java:logGet(46)) - raft.grpc.server.async.request.thread.pool.cached = true (default)
2022-08-10 09:22:33,491 [Listener at localhost/36235] INFO  grpc.GrpcConfigKeys (ConfUtils.java:logGet(46)) - raft.grpc.server.async.request.thread.pool.size = 32 (default)
2022-08-10 09:22:33,493 [Listener at localhost/36235] INFO  impl.DataStreamServerImpl (ConfUtils.java:logGet(46)) - raft.datastream.type = DISABLED (default)
2022-08-10 09:22:33,493 [Listener at localhost/36235] INFO  server.RaftServerConfigKeys (ConfUtils.java:logGet(46)) - raft.server.threadpool.proxy.cached = true (default)
2022-08-10 09:22:33,494 [Listener at localhost/36235] INFO  server.RaftServerConfigKeys (ConfUtils.java:logGet(46)) - raft.server.threadpool.proxy.size = 0 (default)
2022-08-10 09:22:33,494 [Listener at localhost/36235] INFO  server.RaftServerConfigKeys (ConfUtils.java:logGet(46)) - raft.server.rpc.slowness.timeout = 2s (custom)
2022-08-10 09:22:33,494 [Listener at localhost/36235] INFO  server.RaftServerConfigKeys (ConfUtils.java:logGet(46)) - raft.server.leaderelection.leader.step-down.wait-time = 10s (default)
2022-08-10 09:22:33,494 [Listener at localhost/36235] INFO  server.RaftServerConfigKeys (ConfUtils.java:logGet(46)) - raft.server.storage.dir = [/home/runner/work/ozone/ozone/hadoop-ozone/integration-test/target/test-dir/MiniOzoneClusterImpl-5b46f7b7-15cd-42ca-88c0-c813cff626ca/omNode-1/ratis] (custom)
2022-08-10 09:22:33,496 [omNode-1-impl-thread1] INFO  server.RaftServer (RaftServerProxy.java:initGroupDir(247)) - omNode-1: found a subdirectory /home/runner/work/ozone/ozone/hadoop-ozone/integration-test/target/test-dir/MiniOzoneClusterImpl-5b46f7b7-15cd-42ca-88c0-c813cff626ca/omNode-1/ratis/c9bc4cf4-3bc3-3c60-a66b-523986131536
2022-08-10 09:22:33,497 [Listener at localhost/36235] INFO  server.RaftServer (RaftServerProxy.java:addNew(96)) - omNode-1: addNew group-523986131536:[omNode-3|rpc:localhost:34947|priority:0, omNode-1|rpc:localhost:44673|priority:0, omNode-2|rpc:localhost:36767|priority:0] returns group-523986131536:java.util.concurrent.CompletableFuture@451ee4a1[Not completed]
2022-08-10 09:22:33,500 [Listener at localhost/36235] INFO  om.OzoneManager (OzoneManager.java:initializeRatisServer(1963)) - OzoneManager Ratis server initialized at port 44673
2022-08-10 09:22:33,500 [Listener at localhost/36235] INFO  ratis.OzoneManagerRatisServer (OzoneManagerRatisServer.java:start(554)) - Starting OzoneManagerRatisServer omNode-1 at port 44673
2022-08-10 09:22:33,497 [pool-540-thread-1] INFO  server.RaftServer$Division (RaftServerImpl.java:<init>(190)) - omNode-1: new RaftServerImpl for group-523986131536:[omNode-3|rpc:localhost:34947|priority:0, omNode-1|rpc:localhost:44673|priority:0, omNode-2|rpc:localhost:36767|priority:0] with OzoneManagerStateMachine:uninitialized
2022-08-10 09:22:33,501 [pool-540-thread-1] INFO  server.RaftServerConfigKeys (ConfUtils.java:logGet(46)) - raft.server.rpc.timeout.min = 1s (custom)
2022-08-10 09:22:33,501 [pool-540-thread-1] INFO  server.RaftServerConfigKeys (ConfUtils.java:logGet(46)) - raft.server.rpc.timeout.max = 1200ms (custom)
2022-08-10 09:22:33,501 [pool-540-thread-1] INFO  server.RaftServerConfigKeys (ConfUtils.java:logGet(46)) - raft.server.rpc.sleep.time = 25ms (default)
2022-08-10 09:22:33,501 [pool-540-thread-1] INFO  server.RaftServerConfigKeys (ConfUtils.java:logGet(46)) - raft.server.rpc.slowness.timeout = 2s (custom)
2022-08-10 09:22:33,501 [pool-540-thread-1] INFO  server.RaftServerConfigKeys (ConfUtils.java:logGet(46)) - raft.server.leaderelection.leader.step-down.wait-time = 10s (default)
2022-08-10 09:22:33,501 [pool-540-thread-1] INFO  server.RaftServerConfigKeys (ConfUtils.java:logGet(46)) - raft.server.sleep.deviation.threshold = 300ms (default)
2022-08-10 09:22:33,501 [pool-540-thread-1] INFO  server.RaftServer$Division (ServerState.java:<init>(107)) - omNode-1@group-523986131536: ConfigurationManager, init=-1: [omNode-3|rpc:localhost:34947|priority:0, omNode-1|rpc:localhost:44673|priority:0, omNode-2|rpc:localhost:36767|priority:0], old=null, confs=<EMPTY_MAP>
2022-08-10 09:22:33,501 [pool-540-thread-1] INFO  server.RaftServerConfigKeys (ConfUtils.java:logGet(46)) - raft.server.storage.dir = [/home/runner/work/ozone/ozone/hadoop-ozone/integration-test/target/test-dir/MiniOzoneClusterImpl-5b46f7b7-15cd-42ca-88c0-c813cff626ca/omNode-1/ratis] (custom)
2022-08-10 09:22:33,501 [pool-540-thread-1] INFO  server.RaftServerConfigKeys (ConfUtils.java:logGet(46)) - raft.server.log.corruption.policy = EXCEPTION (default)
2022-08-10 09:22:33,501 [pool-540-thread-1] INFO  server.RaftServerConfigKeys (ConfUtils.java:logGet(46)) - raft.server.storage.free-space.min = 0MB (=0) (default)
2022-08-10 09:22:33,503 [pool-540-thread-1] INFO  storage.RaftStorageDirectory (RaftStorageDirectoryImpl.java:tryLock(230)) - Lock on /home/runner/work/ozone/ozone/hadoop-ozone/integration-test/target/test-dir/MiniOzoneClusterImpl-5b46f7b7-15cd-42ca-88c0-c813cff626ca/omNode-1/ratis/c9bc4cf4-3bc3-3c60-a66b-523986131536/in_use.lock acquired by nodename 28234@fv-az244-795
2022-08-10 09:22:33,503 [pool-540-thread-1] INFO  storage.RaftStorage (RaftStorageImpl.java:analyzeAndRecoverStorage(110)) - Read RaftStorageMetadata{term=10, votedFor=omNode-3} from /home/runner/work/ozone/ozone/hadoop-ozone/integration-test/target/test-dir/MiniOzoneClusterImpl-5b46f7b7-15cd-42ca-88c0-c813cff626ca/omNode-1/ratis/c9bc4cf4-3bc3-3c60-a66b-523986131536/current/raft-meta
2022-08-10 09:22:33,503 [pool-540-thread-1] INFO  server.RaftServer$Division (ServerState.java:setRaftConf(393)) - omNode-1@group-523986131536: set configuration 145: [omNode-3|rpc:localhost:34947|admin:|client:|dataStream:|priority:0, omNode-1|rpc:localhost:44673|admin:|client:|dataStream:|priority:0, omNode-2|rpc:localhost:36767|admin:|client:|dataStream:|priority:0], old=null
2022-08-10 09:22:33,503 [pool-540-thread-1] INFO  server.RaftServerConfigKeys (ConfUtils.java:logGet(46)) - raft.server.notification.no-leader.timeout = 2s (custom)
2022-08-10 09:22:33,503 [pool-540-thread-1] INFO  server.RaftServerConfigKeys (ConfUtils.java:logGet(46)) - raft.server.log.use.memory = false (default)
2022-08-10 09:22:33,504 [pool-540-thread-1] INFO  server.RaftServerConfigKeys (ConfUtils.java:logGet(46)) - raft.server.log.purge.gap = 50 (custom)
2022-08-10 09:22:33,504 [pool-540-thread-1] INFO  server.RaftServerConfigKeys (ConfUtils.java:logGet(46)) - raft.server.log.appender.buffer.byte-limit = 33554432 (custom)
2022-08-10 09:22:33,504 [pool-540-thread-1] INFO  server.RaftServerConfigKeys (ConfUtils.java:logGet(46)) - raft.server.log.statemachine.data.read.timeout = 1000ms (default)
2022-08-10 09:22:33,504 [pool-540-thread-1] INFO  server.RaftServerConfigKeys (ConfUtils.java:logGet(46)) - raft.server.log.segment.size.max = 4194304 (custom)
2022-08-10 09:22:33,505 [pool-540-thread-1] INFO  server.RaftServerConfigKeys (ConfUtils.java:logGet(46)) - raft.server.log.segment.cache.num.max = 2 (custom)
2022-08-10 09:22:33,505 [pool-540-thread-1] INFO  server.RaftServerConfigKeys (ConfUtils.java:logGet(46)) - raft.server.log.segment.cache.size.max = 200MB (=209715200) (default)
2022-08-10 09:22:33,505 [pool-540-thread-1] INFO  segmented.SegmentedRaftLogWorker (SegmentedRaftLogWorker.java:<init>(187)) - new omNode-1@group-523986131536-SegmentedRaftLogWorker for RaftStorageImpl:Storage Directory /home/runner/work/ozone/ozone/hadoop-ozone/integration-test/target/test-dir/MiniOzoneClusterImpl-5b46f7b7-15cd-42ca-88c0-c813cff626ca/omNode-1/ratis/c9bc4cf4-3bc3-3c60-a66b-523986131536
2022-08-10 09:22:33,505 [pool-540-thread-1] INFO  server.RaftServerConfigKeys (ConfUtils.java:logGet(46)) - raft.server.log.queue.byte-limit = 64MB (=67108864) (default)
2022-08-10 09:22:33,505 [pool-540-thread-1] INFO  server.RaftServerConfigKeys (ConfUtils.java:logGet(46)) - raft.server.log.queue.element-limit = 4096 (default)
2022-08-10 09:22:33,505 [pool-540-thread-1] INFO  server.RaftServerConfigKeys (ConfUtils.java:logGet(46)) - raft.server.log.segment.size.max = 4194304 (custom)
2022-08-10 09:22:33,505 [pool-540-thread-1] INFO  server.RaftServerConfigKeys (ConfUtils.java:logGet(46)) - raft.server.log.preallocated.size = 4194304 (custom)
2022-08-10 09:22:33,505 [pool-540-thread-1] INFO  server.RaftServerConfigKeys (ConfUtils.java:logGet(46)) - raft.server.log.force.sync.num = 128 (default)
2022-08-10 09:22:33,505 [pool-540-thread-1] INFO  server.RaftServerConfigKeys (ConfUtils.java:logGet(46)) - raft.server.log.statemachine.data.sync = true (default)
2022-08-10 09:22:33,505 [pool-540-thread-1] INFO  server.RaftServerConfigKeys (ConfUtils.java:logGet(46)) - raft.server.log.statemachine.data.sync.timeout = 10s (default)
2022-08-10 09:22:33,505 [pool-540-thread-1] INFO  server.RaftServerConfigKeys (ConfUtils.java:logGet(46)) - raft.server.log.statemachine.data.sync.timeout.retry = -1 (default)
2022-08-10 09:22:33,506 [pool-540-thread-1] INFO  server.RaftServerConfigKeys (ConfUtils.java:logGet(46)) - raft.server.log.write.buffer.size = 64KB (=65536) (default)
2022-08-10 09:22:33,506 [pool-540-thread-1] INFO  server.RaftServerConfigKeys (ConfUtils.java:logGet(46)) - raft.server.log.unsafe-flush.enabled = false (default)
2022-08-10 09:22:33,506 [pool-540-thread-1] INFO  server.RaftServerConfigKeys (ConfUtils.java:logGet(46)) - raft.server.log.statemachine.data.caching.enabled = false (default)
2022-08-10 09:22:33,507 [pool-540-thread-1] INFO  server.RaftServer$Division (ServerState.java:setRaftConf(393)) - omNode-1@group-523986131536: set configuration 145: [omNode-3|rpc:localhost:34947|admin:|client:|dataStream:|priority:0, omNode-1|rpc:localhost:44673|admin:|client:|dataStream:|priority:0, omNode-2|rpc:localhost:36767|admin:|client:|dataStream:|priority:0], old=null
2022-08-10 09:22:33,507 [pool-540-thread-1] INFO  segmented.LogSegment (LogSegment.java:loadSegment(173)) - Successfully read 2 entries from segment file /home/runner/work/ozone/ozone/hadoop-ozone/integration-test/target/test-dir/MiniOzoneClusterImpl-5b46f7b7-15cd-42ca-88c0-c813cff626ca/omNode-1/ratis/c9bc4cf4-3bc3-3c60-a66b-523986131536/current/log_inprogress_145
2022-08-10 09:22:33,508 [pool-540-thread-1] INFO  segmented.SegmentedRaftLogWorker (SegmentedRaftLogWorker.java:lambda$new$0(135)) - omNode-1@group-523986131536-SegmentedRaftLogWorker: flushIndex: setUnconditionally 0 -> 146
2022-08-10 09:22:33,508 [pool-540-thread-1] INFO  segmented.SegmentedRaftLogWorker (SegmentedRaftLogWorker.java:lambda$new$0(135)) - omNode-1@group-523986131536-SegmentedRaftLogWorker: safeCacheEvictIndex: setUnconditionally 0 -> -1
2022-08-10 09:22:33,508 [pool-540-thread-1] INFO  raftlog.RaftLog (RaftLogBase.java:lambda$new$0(53)) - omNode-1@group-523986131536-SegmentedRaftLog: commitIndex: updateToMax old=145, new=145, updated? false
2022-08-10 09:22:33,508 [pool-540-thread-1] INFO  raftlog.RaftLog (RaftLogBase.java:lambda$new$0(53)) - omNode-1@group-523986131536-SegmentedRaftLog: purgeIndex: updateIncreasingly -1 -> 144
2022-08-10 09:22:33,508 [pool-540-thread-1] INFO  server.RaftServerConfigKeys (ConfUtils.java:logGet(46)) - raft.server.snapshot.auto.trigger.enabled = true (custom)
2022-08-10 09:22:33,508 [pool-540-thread-1] INFO  server.RaftServerConfigKeys (ConfUtils.java:logGet(46)) - raft.server.snapshot.auto.trigger.threshold = 50 (custom)
2022-08-10 09:22:33,508 [pool-540-thread-1] INFO  server.RaftServerConfigKeys (ConfUtils.java:logGet(46)) - raft.server.snapshot.retention.file.num = -1 (default)
2022-08-10 09:22:33,508 [pool-540-thread-1] INFO  server.RaftServerConfigKeys (ConfUtils.java:logGet(46)) - raft.server.log.purge.upto.snapshot.index = true (custom)
2022-08-10 09:22:33,508 [pool-540-thread-1] INFO  server.RaftServerConfigKeys (ConfUtils.java:logGet(46)) - raft.server.retrycache.expirytime = 30000ms (custom)
2022-08-10 09:22:33,508 [pool-540-thread-1] INFO  server.RaftServerConfigKeys (ConfUtils.java:logGet(46)) - raft.server.retrycache.statistics.expirytime = 100μs (default)
2022-08-10 09:22:33,509 [pool-540-thread-1] INFO  server.RaftServerConfigKeys (ConfUtils.java:logGet(46)) - raft.server.log.appender.install.snapshot.enabled = false (custom)
2022-08-10 09:22:33,509 [pool-540-thread-1] INFO  server.RaftServerConfigKeys (ConfUtils.java:logGet(46)) - raft.server.threadpool.server.cached = true (default)
2022-08-10 09:22:33,510 [pool-540-thread-1] INFO  server.RaftServerConfigKeys (ConfUtils.java:logGet(46)) - raft.server.threadpool.server.size = 0 (default)
2022-08-10 09:22:33,510 [pool-540-thread-1] INFO  server.RaftServerConfigKeys (ConfUtils.java:logGet(46)) - raft.server.threadpool.client.cached = true (default)
2022-08-10 09:22:33,510 [pool-540-thread-1] INFO  server.RaftServerConfigKeys (ConfUtils.java:logGet(46)) - raft.server.threadpool.client.size = 0 (default)
2022-08-10 09:22:33,510 [omNode-1-impl-thread1] INFO  server.RaftServer$Division (RaftServerImpl.java:start(310)) - omNode-1@group-523986131536: start as a follower, conf=145: [omNode-3|rpc:localhost:34947|admin:|client:|dataStream:|priority:0, omNode-1|rpc:localhost:44673|admin:|client:|dataStream:|priority:0, omNode-2|rpc:localhost:36767|admin:|client:|dataStream:|priority:0], old=null
2022-08-10 09:22:33,510 [omNode-1-impl-thread1] INFO  server.RaftServer$Division (RaftServerImpl.java:setRole(299)) - omNode-1@group-523986131536: changes role from      null to FOLLOWER at term 10 for startAsFollower
2022-08-10 09:22:33,510 [omNode-1-impl-thread1] INFO  impl.RoleInfo (RoleInfo.java:updateAndGet(139)) - omNode-1: start omNode-1@group-523986131536-FollowerState
2022-08-10 09:22:33,510 [omNode-1-impl-thread1] INFO  util.JmxRegister (JmxRegister.java:tryRegister(44)) - Successfully registered JMX Bean with object name Ratis:service=RaftServer,group=group-523986131536,id=omNode-1
2022-08-10 09:22:33,512 [Listener at localhost/36235] INFO  server.RaftServer (RaftServerProxy.java:lambda$start$6(382)) - omNode-1: start RPC server
2022-08-10 09:22:33,515 [Listener at localhost/36235] INFO  server.GrpcService (GrpcService.java:startImpl(260)) - omNode-1: GrpcService started, listening on 44673
2022-08-10 09:22:33,515 [Listener at localhost/36235] INFO  om.OzoneManager (OzoneManager.java:getRpcServer(1086)) - Creating RPC Server
2022-08-10 09:22:33,515 [org.apache.ratis.util.JvmPauseMonitor$$Lambda$696/1259104175@30d3e6da] INFO  util.JvmPauseMonitor (JvmPauseMonitor.java:run(103)) - JvmPauseMonitor-omNode-1: Started
2022-08-10 09:22:33,643 [Finalizer] WARN  managed.ManagedRocksObjectUtils (ManagedRocksObjectUtils.java:assertClosed(39)) - ManagedColumnFamilyOptions is not closed properly
2022-08-10 09:22:33,643 [Finalizer] WARN  managed.ManagedRocksObjectUtils (ManagedRocksObjectUtils.java:assertClosed(39)) - ManagedColumnFamilyOptions is not closed properly
2022-08-10 09:22:33,643 [Finalizer] WARN  managed.ManagedRocksObjectUtils (ManagedRocksObjectUtils.java:assertClosed(39)) - ManagedColumnFamilyOptions is not closed properly
2022-08-10 09:22:33,643 [Finalizer] WARN  managed.ManagedRocksObjectUtils (ManagedRocksObjectUtils.java:assertClosed(39)) - ManagedColumnFamilyOptions is not closed properly
2022-08-10 09:22:33,643 [Finalizer] WARN  managed.ManagedRocksObjectUtils (ManagedRocksObjectUtils.java:assertClosed(39)) - ManagedColumnFamilyOptions is not closed properly
2022-08-10 09:22:33,643 [Finalizer] WARN  managed.ManagedRocksObjectUtils (ManagedRocksObjectUtils.java:assertClosed(39)) - ManagedColumnFamilyOptions is not closed properly
2022-08-10 09:22:33,643 [Finalizer] WARN  managed.ManagedRocksObjectUtils (ManagedRocksObjectUtils.java:assertClosed(39)) - ManagedColumnFamilyOptions is not closed properly
2022-08-10 09:22:33,644 [Finalizer] WARN  managed.ManagedRocksObjectUtils (ManagedRocksObjectUtils.java:assertClosed(39)) - ManagedColumnFamilyOptions is not closed properly
2022-08-10 09:22:33,644 [Finalizer] WARN  managed.ManagedRocksObjectUtils (ManagedRocksObjectUtils.java:assertClosed(39)) - ManagedColumnFamilyOptions is not closed properly
2022-08-10 09:22:33,644 [Finalizer] WARN  managed.ManagedRocksObjectUtils (ManagedRocksObjectUtils.java:assertClosed(39)) - ManagedColumnFamilyOptions is not closed properly
2022-08-10 09:22:33,644 [Finalizer] WARN  managed.ManagedRocksObjectUtils (ManagedRocksObjectUtils.java:assertClosed(39)) - ManagedColumnFamilyOptions is not closed properly
2022-08-10 09:22:33,644 [Finalizer] WARN  managed.ManagedRocksObjectUtils (ManagedRocksObjectUtils.java:assertClosed(39)) - ManagedColumnFamilyOptions is not closed properly
2022-08-10 09:22:33,644 [Finalizer] WARN  managed.ManagedRocksObjectUtils (ManagedRocksObjectUtils.java:assertClosed(39)) - ManagedColumnFamilyOptions is not closed properly
2022-08-10 09:22:33,644 [Finalizer] WARN  managed.ManagedRocksObjectUtils (ManagedRocksObjectUtils.java:assertClosed(39)) - ManagedColumnFamilyOptions is not closed properly
2022-08-10 09:22:33,644 [Finalizer] WARN  managed.ManagedRocksObjectUtils (ManagedRocksObjectUtils.java:assertClosed(39)) - ManagedColumnFamilyOptions is not closed properly
2022-08-10 09:22:33,644 [Finalizer] WARN  managed.ManagedRocksObjectUtils (ManagedRocksObjectUtils.java:assertClosed(39)) - ManagedColumnFamilyOptions is not closed properly
2022-08-10 09:22:33,644 [Finalizer] WARN  managed.ManagedRocksObjectUtils (ManagedRocksObjectUtils.java:assertClosed(39)) - ManagedColumnFamilyOptions is not closed properly
2022-08-10 09:22:33,646 [Finalizer] WARN  managed.ManagedRocksObjectUtils (ManagedRocksObjectUtils.java:assertClosed(39)) - ManagedColumnFamilyOptions is not closed properly
2022-08-10 09:22:33,646 [Finalizer] WARN  managed.ManagedRocksObjectUtils (ManagedRocksObjectUtils.java:assertClosed(39)) - ManagedColumnFamilyOptions is not closed properly
2022-08-10 09:22:33,646 [Finalizer] WARN  managed.ManagedRocksObjectUtils (ManagedRocksObjectUtils.java:assertClosed(39)) - ManagedColumnFamilyOptions is not closed properly
2022-08-10 09:22:33,646 [Finalizer] WARN  managed.ManagedRocksObjectUtils (ManagedRocksObjectUtils.java:assertClosed(39)) - ManagedColumnFamilyOptions is not closed properly
2022-08-10 09:22:33,646 [Finalizer] WARN  managed.ManagedRocksObjectUtils (ManagedRocksObjectUtils.java:assertClosed(39)) - ManagedColumnFamilyOptions is not closed properly
2022-08-10 09:22:33,647 [Finalizer] WARN  managed.ManagedRocksObjectUtils (ManagedRocksObjectUtils.java:assertClosed(39)) - ManagedLRUCache is not closed properly
2022-08-10 09:22:33,647 [Finalizer] WARN  managed.ManagedRocksObjectUtils (ManagedRocksObjectUtils.java:assertClosed(39)) - ManagedBloomFilter is not closed properly
2022-08-10 09:22:33,647 [Finalizer] WARN  managed.ManagedRocksObjectUtils (ManagedRocksObjectUtils.java:assertClosed(39)) - ManagedColumnFamilyOptions is not closed properly
2022-08-10 09:22:33,647 [Finalizer] WARN  managed.ManagedRocksObjectUtils (ManagedRocksObjectUtils.java:assertClosed(39)) - ManagedLRUCache is not closed properly
2022-08-10 09:22:33,647 [Finalizer] WARN  managed.ManagedRocksObjectUtils (ManagedRocksObjectUtils.java:assertClosed(39)) - ManagedBloomFilter is not closed properly
2022-08-10 09:22:33,647 [Finalizer] WARN  managed.ManagedRocksObjectUtils (ManagedRocksObjectUtils.java:assertClosed(39)) - ManagedColumnFamilyOptions is not closed properly
2022-08-10 09:22:33,647 [Finalizer] WARN  managed.ManagedRocksObjectUtils (ManagedRocksObjectUtils.java:assertClosed(39)) - ManagedLRUCache is not closed properly
2022-08-10 09:22:33,647 [Finalizer] WARN  managed.ManagedRocksObjectUtils (ManagedRocksObjectUtils.java:assertClosed(39)) - ManagedBloomFilter is not closed properly
2022-08-10 09:22:33,647 [Finalizer] WARN  managed.ManagedRocksObjectUtils (ManagedRocksObjectUtils.java:assertClosed(39)) - ManagedColumnFamilyOptions is not closed properly
2022-08-10 09:22:33,647 [Finalizer] WARN  managed.ManagedRocksObjectUtils (ManagedRocksObjectUtils.java:assertClosed(39)) - ManagedLRUCache is not closed properly
2022-08-10 09:22:33,647 [Finalizer] WARN  managed.ManagedRocksObjectUtils (ManagedRocksObjectUtils.java:assertClosed(39)) - ManagedBloomFilter is not closed properly
2022-08-10 09:22:33,647 [Finalizer] WARN  managed.ManagedRocksObjectUtils (ManagedRocksObjectUtils.java:assertClosed(39)) - ManagedColumnFamilyOptions is not closed properly
2022-08-10 09:22:33,647 [Finalizer] WARN  managed.ManagedRocksObjectUtils (ManagedRocksObjectUtils.java:assertClosed(39)) - ManagedLRUCache is not closed properly
2022-08-10 09:22:33,647 [Finalizer] WARN  managed.ManagedRocksObjectUtils (ManagedRocksObjectUtils.java:assertClosed(39)) - ManagedBloomFilter is not closed properly
2022-08-10 09:22:33,647 [Finalizer] WARN  managed.ManagedRocksObjectUtils (ManagedRocksObjectUtils.java:assertClosed(39)) - ManagedColumnFamilyOptions is not closed properly
2022-08-10 09:22:33,647 [Finalizer] WARN  managed.ManagedRocksObjectUtils (ManagedRocksObjectUtils.java:assertClosed(39)) - ManagedLRUCache is not closed properly
2022-08-10 09:22:33,647 [Finalizer] WARN  managed.ManagedRocksObjectUtils (ManagedRocksObjectUtils.java:assertClosed(39)) - ManagedBloomFilter is not closed properly
2022-08-10 09:22:33,647 [Finalizer] WARN  managed.ManagedRocksObjectUtils (ManagedRocksObjectUtils.java:assertClosed(39)) - ManagedColumnFamilyOptions is not closed properly
2022-08-10 09:22:33,647 [Finalizer] WARN  managed.ManagedRocksObjectUtils (ManagedRocksObjectUtils.java:assertClosed(39)) - ManagedLRUCache is not closed properly
2022-08-10 09:22:33,647 [Finalizer] WARN  managed.ManagedRocksObjectUtils (ManagedRocksObjectUtils.java:assertClosed(39)) - ManagedBloomFilter is not closed properly
2022-08-10 09:22:33,647 [Finalizer] WARN  managed.ManagedRocksObjectUtils (ManagedRocksObjectUtils.java:assertClosed(39)) - ManagedColumnFamilyOptions is not closed properly
2022-08-10 09:22:33,647 [Finalizer] WARN  managed.ManagedRocksObjectUtils (ManagedRocksObjectUtils.java:assertClosed(39)) - ManagedLRUCache is not closed properly
2022-08-10 09:22:33,647 [Finalizer] WARN  managed.ManagedRocksObjectUtils (ManagedRocksObjectUtils.java:assertClosed(39)) - ManagedBloomFilter is not closed properly
2022-08-10 09:22:33,647 [Finalizer] WARN  managed.ManagedRocksObjectUtils (ManagedRocksObjectUtils.java:assertClosed(39)) - ManagedColumnFamilyOptions is not closed properly
2022-08-10 09:22:33,648 [Finalizer] WARN  managed.ManagedRocksObjectUtils (ManagedRocksObjectUtils.java:assertClosed(39)) - ManagedLRUCache is not closed properly
2022-08-10 09:22:33,648 [Finalizer] WARN  managed.ManagedRocksObjectUtils (ManagedRocksObjectUtils.java:assertClosed(39)) - ManagedBloomFilter is not closed properly
2022-08-10 09:22:33,648 [Finalizer] WARN  managed.ManagedRocksObjectUtils (ManagedRocksObjectUtils.java:assertClosed(39)) - ManagedColumnFamilyOptions is not closed properly
2022-08-10 09:22:33,648 [Finalizer] WARN  managed.ManagedRocksObjectUtils (ManagedRocksObjectUtils.java:assertClosed(39)) - ManagedLRUCache is not closed properly
2022-08-10 09:22:33,648 [Finalizer] WARN  managed.ManagedRocksObjectUtils (ManagedRocksObjectUtils.java:assertClosed(39)) - ManagedBloomFilter is not closed properly
2022-08-10 09:22:33,648 [Finalizer] WARN  managed.ManagedRocksObjectUtils (ManagedRocksObjectUtils.java:assertClosed(39)) - ManagedColumnFamilyOptions is not closed properly
2022-08-10 09:22:33,648 [Finalizer] WARN  managed.ManagedRocksObjectUtils (ManagedRocksObjectUtils.java:assertClosed(39)) - ManagedLRUCache is not closed properly
2022-08-10 09:22:33,648 [Finalizer] WARN  managed.ManagedRocksObjectUtils (ManagedRocksObjectUtils.java:assertClosed(39)) - ManagedBloomFilter is not closed properly
2022-08-10 09:22:33,648 [Finalizer] WARN  managed.ManagedRocksObjectUtils (ManagedRocksObjectUtils.java:assertClosed(39)) - ManagedColumnFamilyOptions is not closed properly
2022-08-10 09:22:33,648 [Finalizer] WARN  managed.ManagedRocksObjectUtils (ManagedRocksObjectUtils.java:assertClosed(39)) - ManagedLRUCache is not closed properly
2022-08-10 09:22:33,648 [Finalizer] WARN  managed.ManagedRocksObjectUtils (ManagedRocksObjectUtils.java:assertClosed(39)) - ManagedBloomFilter is not closed properly
2022-08-10 09:22:33,648 [Finalizer] WARN  managed.ManagedRocksObjectUtils (ManagedRocksObjectUtils.java:assertClosed(39)) - ManagedColumnFamilyOptions is not closed properly
2022-08-10 09:22:33,648 [Finalizer] WARN  managed.ManagedRocksObjectUtils (ManagedRocksObjectUtils.java:assertClosed(39)) - ManagedLRUCache is not closed properly
2022-08-10 09:22:33,648 [Finalizer] WARN  managed.ManagedRocksObjectUtils (ManagedRocksObjectUtils.java:assertClosed(39)) - ManagedBloomFilter is not closed properly
2022-08-10 09:22:33,648 [Finalizer] WARN  managed.ManagedRocksObjectUtils (ManagedRocksObjectUtils.java:assertClosed(39)) - ManagedColumnFamilyOptions is not closed properly
2022-08-10 09:22:33,648 [Finalizer] WARN  managed.ManagedRocksObjectUtils (ManagedRocksObjectUtils.java:assertClosed(39)) - ManagedLRUCache is not closed properly
2022-08-10 09:22:33,648 [Finalizer] WARN  managed.ManagedRocksObjectUtils (ManagedRocksObjectUtils.java:assertClosed(39)) - ManagedBloomFilter is not closed properly
2022-08-10 09:22:33,648 [Finalizer] WARN  managed.ManagedRocksObjectUtils (ManagedRocksObjectUtils.java:assertClosed(39)) - ManagedColumnFamilyOptions is not closed properly
2022-08-10 09:22:33,648 [Finalizer] WARN  managed.ManagedRocksObjectUtils (ManagedRocksObjectUtils.java:assertClosed(39)) - ManagedLRUCache is not closed properly
2022-08-10 09:22:33,648 [Finalizer] WARN  managed.ManagedRocksObjectUtils (ManagedRocksObjectUtils.java:assertClosed(39)) - ManagedBloomFilter is not closed properly
2022-08-10 09:22:33,648 [Finalizer] WARN  managed.ManagedRocksObjectUtils (ManagedRocksObjectUtils.java:assertClosed(39)) - ManagedColumnFamilyOptions is not closed properly
2022-08-10 09:22:33,648 [Finalizer] WARN  managed.ManagedRocksObjectUtils (ManagedRocksObjectUtils.java:assertClosed(39)) - ManagedLRUCache is not closed properly
2022-08-10 09:22:33,648 [Finalizer] WARN  managed.ManagedRocksObjectUtils (ManagedRocksObjectUtils.java:assertClosed(39)) - ManagedBloomFilter is not closed properly
2022-08-10 09:22:33,648 [Finalizer] WARN  managed.ManagedRocksObjectUtils (ManagedRocksObjectUtils.java:assertClosed(39)) - ManagedColumnFamilyOptions is not closed properly
2022-08-10 09:22:33,648 [Finalizer] WARN  managed.ManagedRocksObjectUtils (ManagedRocksObjectUtils.java:assertClosed(39)) - ManagedLRUCache is not closed properly
2022-08-10 09:22:33,648 [Finalizer] WARN  managed.ManagedRocksObjectUtils (ManagedRocksObjectUtils.java:assertClosed(39)) - ManagedBloomFilter is not closed properly
2022-08-10 09:22:33,648 [Finalizer] WARN  managed.ManagedRocksObjectUtils (ManagedRocksObjectUtils.java:assertClosed(39)) - ManagedColumnFamilyOptions is not closed properly
2022-08-10 09:22:33,649 [Finalizer] WARN  managed.ManagedRocksObjectUtils (ManagedRocksObjectUtils.java:assertClosed(39)) - ManagedLRUCache is not closed properly
2022-08-10 09:22:33,649 [Finalizer] WARN  managed.ManagedRocksObjectUtils (ManagedRocksObjectUtils.java:assertClosed(39)) - ManagedBloomFilter is not closed properly
2022-08-10 09:22:33,649 [Finalizer] WARN  managed.ManagedRocksObjectUtils (ManagedRocksObjectUtils.java:assertClosed(39)) - ManagedColumnFamilyOptions is not closed properly
2022-08-10 09:22:33,650 [Finalizer] WARN  managed.ManagedRocksObjectUtils (ManagedRocksObjectUtils.java:assertClosed(39)) - ManagedLRUCache is not closed properly
2022-08-10 09:22:33,650 [Finalizer] WARN  managed.ManagedRocksObjectUtils (ManagedRocksObjectUtils.java:assertClosed(39)) - ManagedBloomFilter is not closed properly
2022-08-10 09:22:33,650 [Finalizer] WARN  managed.ManagedRocksObjectUtils (ManagedRocksObjectUtils.java:assertClosed(39)) - ManagedColumnFamilyOptions is not closed properly
2022-08-10 09:22:33,650 [Finalizer] WARN  managed.ManagedRocksObjectUtils (ManagedRocksObjectUtils.java:assertClosed(39)) - ManagedLRUCache is not closed properly
2022-08-10 09:22:33,651 [Finalizer] WARN  managed.ManagedRocksObjectUtils (ManagedRocksObjectUtils.java:assertClosed(39)) - ManagedBloomFilter is not closed properly
2022-08-10 09:22:33,651 [Finalizer] WARN  managed.ManagedRocksObjectUtils (ManagedRocksObjectUtils.java:assertClosed(39)) - ManagedColumnFamilyOptions is not closed properly
2022-08-10 09:22:33,651 [Finalizer] WARN  managed.ManagedRocksObjectUtils (ManagedRocksObjectUtils.java:assertClosed(39)) - ManagedColumnFamilyOptions is not closed properly
2022-08-10 09:22:33,652 [Finalizer] WARN  managed.ManagedRocksObjectUtils (ManagedRocksObjectUtils.java:assertClosed(39)) - ManagedColumnFamilyOptions is not closed properly
2022-08-10 09:22:33,652 [Finalizer] WARN  managed.ManagedRocksObjectUtils (ManagedRocksObjectUtils.java:assertClosed(39)) - ManagedColumnFamilyOptions is not closed properly
2022-08-10 09:22:33,652 [Finalizer] WARN  managed.ManagedRocksObjectUtils (ManagedRocksObjectUtils.java:assertClosed(39)) - ManagedColumnFamilyOptions is not closed properly
2022-08-10 09:22:33,652 [Finalizer] WARN  managed.ManagedRocksObjectUtils (ManagedRocksObjectUtils.java:assertClosed(39)) - ManagedColumnFamilyOptions is not closed properly
2022-08-10 09:22:33,652 [Finalizer] WARN  managed.ManagedRocksObjectUtils (ManagedRocksObjectUtils.java:assertClosed(39)) - ManagedColumnFamilyOptions is not closed properly
2022-08-10 09:22:33,652 [Finalizer] WARN  managed.ManagedRocksObjectUtils (ManagedRocksObjectUtils.java:assertClosed(39)) - ManagedColumnFamilyOptions is not closed properly
2022-08-10 09:22:33,652 [Finalizer] WARN  managed.ManagedRocksObjectUtils (ManagedRocksObjectUtils.java:assertClosed(39)) - ManagedColumnFamilyOptions is not closed properly
2022-08-10 09:22:33,652 [Finalizer] WARN  managed.ManagedRocksObjectUtils (ManagedRocksObjectUtils.java:assertClosed(39)) - ManagedColumnFamilyOptions is not closed properly
2022-08-10 09:22:33,652 [Finalizer] WARN  managed.ManagedRocksObjectUtils (ManagedRocksObjectUtils.java:assertClosed(39)) - ManagedColumnFamilyOptions is not closed properly
2022-08-10 09:22:33,652 [Finalizer] WARN  managed.ManagedRocksObjectUtils (ManagedRocksObjectUtils.java:assertClosed(39)) - ManagedColumnFamilyOptions is not closed properly
2022-08-10 09:22:33,652 [Finalizer] WARN  managed.ManagedRocksObjectUtils (ManagedRocksObjectUtils.java:assertClosed(39)) - ManagedColumnFamilyOptions is not closed properly
2022-08-10 09:22:33,652 [Finalizer] WARN  managed.ManagedRocksObjectUtils (ManagedRocksObjectUtils.java:assertClosed(39)) - ManagedColumnFamilyOptions is not closed properly
2022-08-10 09:22:33,656 [Finalizer] WARN  managed.ManagedRocksObjectUtils (ManagedRocksObjectUtils.java:assertClosed(39)) - ManagedColumnFamilyOptions is not closed properly
2022-08-10 09:22:33,656 [Finalizer] WARN  managed.ManagedRocksObjectUtils (ManagedRocksObjectUtils.java:assertClosed(39)) - ManagedColumnFamilyOptions is not closed properly
2022-08-10 09:22:33,656 [Finalizer] WARN  managed.ManagedRocksObjectUtils (ManagedRocksObjectUtils.java:assertClosed(39)) - ManagedColumnFamilyOptions is not closed properly
2022-08-10 09:22:33,656 [Finalizer] WARN  managed.ManagedRocksObjectUtils (ManagedRocksObjectUtils.java:assertClosed(39)) - ManagedColumnFamilyOptions is not closed properly
2022-08-10 09:22:33,656 [Finalizer] WARN  managed.ManagedRocksObjectUtils (ManagedRocksObjectUtils.java:assertClosed(39)) - ManagedColumnFamilyOptions is not closed properly
2022-08-10 09:22:33,656 [Finalizer] WARN  managed.ManagedRocksObjectUtils (ManagedRocksObjectUtils.java:assertClosed(39)) - ManagedColumnFamilyOptions is not closed properly
2022-08-10 09:22:33,656 [Finalizer] WARN  managed.ManagedRocksObjectUtils (ManagedRocksObjectUtils.java:assertClosed(39)) - ManagedColumnFamilyOptions is not closed properly
2022-08-10 09:22:33,656 [Finalizer] WARN  managed.ManagedRocksObjectUtils (ManagedRocksObjectUtils.java:assertClosed(39)) - ManagedColumnFamilyOptions is not closed properly
2022-08-10 09:22:33,656 [Finalizer] WARN  managed.ManagedRocksObjectUtils (ManagedRocksObjectUtils.java:assertClosed(39)) - ManagedLRUCache is not closed properly
2022-08-10 09:22:33,656 [Finalizer] WARN  managed.ManagedRocksObjectUtils (ManagedRocksObjectUtils.java:assertClosed(39)) - ManagedBloomFilter is not closed properly
2022-08-10 09:22:33,657 [Finalizer] WARN  managed.ManagedRocksObjectUtils (ManagedRocksObjectUtils.java:assertClosed(39)) - ManagedColumnFamilyOptions is not closed properly
2022-08-10 09:22:33,657 [Finalizer] WARN  managed.ManagedRocksObjectUtils (ManagedRocksObjectUtils.java:assertClosed(39)) - ManagedLRUCache is not closed properly
2022-08-10 09:22:33,658 [Finalizer] WARN  managed.ManagedRocksObjectUtils (ManagedRocksObjectUtils.java:assertClosed(39)) - ManagedBloomFilter is not closed properly
2022-08-10 09:22:33,658 [Finalizer] WARN  managed.ManagedRocksObjectUtils (ManagedRocksObjectUtils.java:assertClosed(39)) - ManagedColumnFamilyOptions is not closed properly
2022-08-10 09:22:33,658 [Finalizer] WARN  managed.ManagedRocksObjectUtils (ManagedRocksObjectUtils.java:assertClosed(39)) - ManagedLRUCache is not closed properly
2022-08-10 09:22:33,658 [Finalizer] WARN  managed.ManagedRocksObjectUtils (ManagedRocksObjectUtils.java:assertClosed(39)) - ManagedBloomFilter is not closed properly
2022-08-10 09:22:33,658 [Finalizer] WARN  managed.ManagedRocksObjectUtils (ManagedRocksObjectUtils.java:assertClosed(39)) - ManagedColumnFamilyOptions is not closed properly
2022-08-10 09:22:33,658 [Finalizer] WARN  managed.ManagedRocksObjectUtils (ManagedRocksObjectUtils.java:assertClosed(39)) - ManagedLRUCache is not closed properly
2022-08-10 09:22:33,658 [Finalizer] WARN  managed.ManagedRocksObjectUtils (ManagedRocksObjectUtils.java:assertClosed(39)) - ManagedBloomFilter is not closed properly
2022-08-10 09:22:33,658 [Finalizer] WARN  managed.ManagedRocksObjectUtils (ManagedRocksObjectUtils.java:assertClosed(39)) - ManagedColumnFamilyOptions is not closed properly
2022-08-10 09:22:33,658 [Finalizer] WARN  managed.ManagedRocksObjectUtils (ManagedRocksObjectUtils.java:assertClosed(39)) - ManagedLRUCache is not closed properly
2022-08-10 09:22:33,658 [Finalizer] WARN  managed.ManagedRocksObjectUtils (ManagedRocksObjectUtils.java:assertClosed(39)) - ManagedBloomFilter is not closed properly
2022-08-10 09:22:33,658 [Finalizer] WARN  managed.ManagedRocksObjectUtils (ManagedRocksObjectUtils.java:assertClosed(39)) - ManagedColumnFamilyOptions is not closed properly
2022-08-10 09:22:33,658 [Finalizer] WARN  managed.ManagedRocksObjectUtils (ManagedRocksObjectUtils.java:assertClosed(39)) - ManagedLRUCache is not closed properly
2022-08-10 09:22:33,658 [Finalizer] WARN  managed.ManagedRocksObjectUtils (ManagedRocksObjectUtils.java:assertClosed(39)) - ManagedBloomFilter is not closed properly
2022-08-10 09:22:33,658 [Finalizer] WARN  managed.ManagedRocksObjectUtils (ManagedRocksObjectUtils.java:assertClosed(39)) - ManagedColumnFamilyOptions is not closed properly
2022-08-10 09:22:33,658 [Finalizer] WARN  managed.ManagedRocksObjectUtils (ManagedRocksObjectUtils.java:assertClosed(39)) - ManagedLRUCache is not closed properly
2022-08-10 09:22:33,658 [Finalizer] WARN  managed.ManagedRocksObjectUtils (ManagedRocksObjectUtils.java:assertClosed(39)) - ManagedBloomFilter is not closed properly
2022-08-10 09:22:33,658 [Finalizer] WARN  managed.ManagedRocksObjectUtils (ManagedRocksObjectUtils.java:assertClosed(39)) - ManagedColumnFamilyOptions is not closed properly
2022-08-10 09:22:33,658 [Finalizer] WARN  managed.ManagedRocksObjectUtils (ManagedRocksObjectUtils.java:assertClosed(39)) - ManagedLRUCache is not closed properly
2022-08-10 09:22:33,658 [Finalizer] WARN  managed.ManagedRocksObjectUtils (ManagedRocksObjectUtils.java:assertClosed(39)) - ManagedBloomFilter is not closed properly
2022-08-10 09:22:33,658 [Finalizer] WARN  managed.ManagedRocksObjectUtils (ManagedRocksObjectUtils.java:assertClosed(39)) - ManagedColumnFamilyOptions is not closed properly
2022-08-10 09:22:33,658 [Finalizer] WARN  managed.ManagedRocksObjectUtils (ManagedRocksObjectUtils.java:assertClosed(39)) - ManagedLRUCache is not closed properly
2022-08-10 09:22:33,658 [Finalizer] WARN  managed.ManagedRocksObjectUtils (ManagedRocksObjectUtils.java:assertClosed(39)) - ManagedBloomFilter is not closed properly
2022-08-10 09:22:33,659 [Finalizer] WARN  managed.ManagedRocksObjectUtils (ManagedRocksObjectUtils.java:assertClosed(39)) - ManagedColumnFamilyOptions is not closed properly
2022-08-10 09:22:33,659 [Finalizer] WARN  managed.ManagedRocksObjectUtils (ManagedRocksObjectUtils.java:assertClosed(39)) - ManagedLRUCache is not closed properly
2022-08-10 09:22:33,659 [Finalizer] WARN  managed.ManagedRocksObjectUtils (ManagedRocksObjectUtils.java:assertClosed(39)) - ManagedBloomFilter is not closed properly
2022-08-10 09:22:33,659 [Finalizer] WARN  managed.ManagedRocksObjectUtils (ManagedRocksObjectUtils.java:assertClosed(39)) - ManagedColumnFamilyOptions is not closed properly
2022-08-10 09:22:33,659 [Finalizer] WARN  managed.ManagedRocksObjectUtils (ManagedRocksObjectUtils.java:assertClosed(39)) - ManagedLRUCache is not closed properly
2022-08-10 09:22:33,659 [Finalizer] WARN  managed.ManagedRocksObjectUtils (ManagedRocksObjectUtils.java:assertClosed(39)) - ManagedBloomFilter is not closed properly
2022-08-10 09:22:33,659 [Finalizer] WARN  managed.ManagedRocksObjectUtils (ManagedRocksObjectUtils.java:assertClosed(39)) - ManagedColumnFamilyOptions is not closed properly
2022-08-10 09:22:33,659 [Finalizer] WARN  managed.ManagedRocksObjectUtils (ManagedRocksObjectUtils.java:assertClosed(39)) - ManagedLRUCache is not closed properly
2022-08-10 09:22:33,659 [Finalizer] WARN  managed.ManagedRocksObjectUtils (ManagedRocksObjectUtils.java:assertClosed(39)) - ManagedBloomFilter is not closed properly
2022-08-10 09:22:33,659 [Finalizer] WARN  managed.ManagedRocksObjectUtils (ManagedRocksObjectUtils.java:assertClosed(39)) - ManagedColumnFamilyOptions is not closed properly
2022-08-10 09:22:33,659 [Finalizer] WARN  managed.ManagedRocksObjectUtils (ManagedRocksObjectUtils.java:assertClosed(39)) - ManagedLRUCache is not closed properly
2022-08-10 09:22:33,659 [Finalizer] WARN  managed.ManagedRocksObjectUtils (ManagedRocksObjectUtils.java:assertClosed(39)) - ManagedBloomFilter is not closed properly
2022-08-10 09:22:33,659 [Finalizer] WARN  managed.ManagedRocksObjectUtils (ManagedRocksObjectUtils.java:assertClosed(39)) - ManagedColumnFamilyOptions is not closed properly
2022-08-10 09:22:33,659 [Finalizer] WARN  managed.ManagedRocksObjectUtils (ManagedRocksObjectUtils.java:assertClosed(39)) - ManagedLRUCache is not closed properly
2022-08-10 09:22:33,659 [Finalizer] WARN  managed.ManagedRocksObjectUtils (ManagedRocksObjectUtils.java:assertClosed(39)) - ManagedBloomFilter is not closed properly
2022-08-10 09:22:33,659 [Finalizer] WARN  managed.ManagedRocksObjectUtils (ManagedRocksObjectUtils.java:assertClosed(39)) - ManagedColumnFamilyOptions is not closed properly
2022-08-10 09:22:33,659 [Finalizer] WARN  managed.ManagedRocksObjectUtils (ManagedRocksObjectUtils.java:assertClosed(39)) - ManagedLRUCache is not closed properly
2022-08-10 09:22:33,659 [Finalizer] WARN  managed.ManagedRocksObjectUtils (ManagedRocksObjectUtils.java:assertClosed(39)) - ManagedBloomFilter is not closed properly
2022-08-10 09:22:33,659 [Finalizer] WARN  managed.ManagedRocksObjectUtils (ManagedRocksObjectUtils.java:assertClosed(39)) - ManagedColumnFamilyOptions is not closed properly
2022-08-10 09:22:33,659 [Finalizer] WARN  managed.ManagedRocksObjectUtils (ManagedRocksObjectUtils.java:assertClosed(39)) - ManagedLRUCache is not closed properly
2022-08-10 09:22:33,659 [Finalizer] WARN  managed.ManagedRocksObjectUtils (ManagedRocksObjectUtils.java:assertClosed(39)) - ManagedBloomFilter is not closed properly
2022-08-10 09:22:33,659 [Finalizer] WARN  managed.ManagedRocksObjectUtils (ManagedRocksObjectUtils.java:assertClosed(39)) - ManagedColumnFamilyOptions is not closed properly
2022-08-10 09:22:33,659 [Finalizer] WARN  managed.ManagedRocksObjectUtils (ManagedRocksObjectUtils.java:assertClosed(39)) - ManagedLRUCache is not closed properly
2022-08-10 09:22:33,659 [Finalizer] WARN  managed.ManagedRocksObjectUtils (ManagedRocksObjectUtils.java:assertClosed(39)) - ManagedBloomFilter is not closed properly
2022-08-10 09:22:33,666 [Finalizer] WARN  managed.ManagedRocksObjectUtils (ManagedRocksObjectUtils.java:assertClosed(39)) - ManagedColumnFamilyOptions is not closed properly
2022-08-10 09:22:33,666 [Finalizer] WARN  managed.ManagedRocksObjectUtils (ManagedRocksObjectUtils.java:assertClosed(39)) - ManagedLRUCache is not closed properly
2022-08-10 09:22:33,666 [Finalizer] WARN  managed.ManagedRocksObjectUtils (ManagedRocksObjectUtils.java:assertClosed(39)) - ManagedBloomFilter is not closed properly
2022-08-10 09:22:33,666 [Finalizer] WARN  managed.ManagedRocksObjectUtils (ManagedRocksObjectUtils.java:assertClosed(39)) - ManagedColumnFamilyOptions is not closed properly
2022-08-10 09:22:33,666 [Finalizer] WARN  managed.ManagedRocksObjectUtils (ManagedRocksObjectUtils.java:assertClosed(39)) - ManagedLRUCache is not closed properly
2022-08-10 09:22:33,666 [Finalizer] WARN  managed.ManagedRocksObjectUtils (ManagedRocksObjectUtils.java:assertClosed(39)) - ManagedBloomFilter is not closed properly
2022-08-10 09:22:33,666 [Finalizer] WARN  managed.ManagedRocksObjectUtils (ManagedRocksObjectUtils.java:assertClosed(39)) - ManagedColumnFamilyOptions is not closed properly
2022-08-10 09:22:33,666 [Finalizer] WARN  managed.ManagedRocksObjectUtils (ManagedRocksObjectUtils.java:assertClosed(39)) - ManagedLRUCache is not closed properly
2022-08-10 09:22:33,666 [Finalizer] WARN  managed.ManagedRocksObjectUtils (ManagedRocksObjectUtils.java:assertClosed(39)) - ManagedBloomFilter is not closed properly
2022-08-10 09:22:33,952 [Listener at localhost/36235] INFO  reflections.Reflections (Reflections.java:scan(232)) - Reflections took 435 ms to scan 19 urls, producing 67 keys and 4150 values [using 2 cores]
2022-08-10 09:22:33,953 [Listener at localhost/36235] INFO  ipc.CallQueueManager (CallQueueManager.java:<init>(90)) - Using callQueue: class java.util.concurrent.LinkedBlockingQueue, queueCapacity: 2000, scheduler: class org.apache.hadoop.ipc.DefaultRpcScheduler, ipcBackoff: false.
2022-08-10 09:22:33,958 [Listener at localhost/39929] INFO  http.BaseHttpServer (BaseHttpServer.java:newHttpServer2BuilderForOzone(209)) - Starting Web-server for ozoneManager at: http://0.0.0.0:33883
2022-08-10 09:22:33,958 [Listener at localhost/39929] INFO  http.BaseHttpServer (BaseHttpServer.java:<init>(107)) - Hadoop Security Enabled: false Ozone Security Enabled: false Ozone HTTP Security Enabled: false 
2022-08-10 09:22:33,960 [Listener at localhost/39929] INFO  server.AuthenticationFilter (AuthenticationFilter.java:constructSecretProvider(240)) - Unable to initialize FileSignerSecretProvider, falling back to use random secrets.
2022-08-10 09:22:33,960 [Listener at localhost/39929] WARN  http.HttpRequestLog (HttpRequestLog.java:getRequestLog(103)) - Jetty request log can only be enabled using Log4j
2022-08-10 09:22:33,962 [Listener at localhost/39929] INFO  http.HttpServer2 (HttpServer2.java:addGlobalFilter(1029)) - Added global filter 'safety' (class=org.apache.hadoop.hdds.server.http.HttpServer2$QuotingInputFilter)
2022-08-10 09:22:33,963 [Listener at localhost/39929] INFO  http.HttpServer2 (HttpServer2.java:addFilter(1005)) - Added filter static_user_filter (class=org.apache.hadoop.http.lib.StaticUserWebFilter$StaticUserFilter) to context ozoneManager
2022-08-10 09:22:33,964 [Listener at localhost/39929] INFO  http.HttpServer2 (HttpServer2.java:addFilter(1013)) - Added filter static_user_filter (class=org.apache.hadoop.http.lib.StaticUserWebFilter$StaticUserFilter) to context static
2022-08-10 09:22:33,964 [Listener at localhost/39929] INFO  http.HttpServer2 (HttpServer2.java:addFilter(1013)) - Added filter static_user_filter (class=org.apache.hadoop.http.lib.StaticUserWebFilter$StaticUserFilter) to context logs
2022-08-10 09:22:33,965 [Listener at localhost/39929] INFO  http.HttpServer2 (HttpServer2.java:bindListener(1248)) - Jetty bound to port 33883
2022-08-10 09:22:33,965 [Listener at localhost/39929] INFO  server.Server (Server.java:doStart(375)) - jetty-9.4.43.v20210629; built: 2021-06-30T11:07:22.254Z; git: 526006ecfa3af7f1a27ef3a288e2bef7ea9dd7e8; jvm 1.8.0_332-b09
2022-08-10 09:22:33,967 [Listener at localhost/39929] INFO  server.session (DefaultSessionIdManager.java:doStart(334)) - DefaultSessionIdManager workerName=node0
2022-08-10 09:22:33,967 [Listener at localhost/39929] INFO  server.session (DefaultSessionIdManager.java:doStart(339)) - No SessionScavenger set, using defaults
2022-08-10 09:22:33,967 [Listener at localhost/39929] INFO  server.session (HouseKeeper.java:startScavenging(132)) - node0 Scavenging every 600000ms
2022-08-10 09:22:33,968 [Listener at localhost/39929] INFO  handler.ContextHandler (ContextHandler.java:doStart(915)) - Started o.e.j.s.ServletContextHandler@7312e67b{logs,/logs,file:///home/runner/work/ozone/ozone/hadoop-ozone/integration-test/target/log,AVAILABLE}
2022-08-10 09:22:33,968 [Listener at localhost/39929] INFO  handler.ContextHandler (ContextHandler.java:doStart(915)) - Started o.e.j.s.ServletContextHandler@400e253f{static,/static,file:///home/runner/work/ozone/ozone/hadoop-ozone/integration-test/target/test-classes/webapps/static,AVAILABLE}
2022-08-10 09:22:33,969 [Socket Reader #1 for port 39929] INFO  ipc.Server (Server.java:run(1265)) - Starting Socket Reader #1 for port 39929
2022-08-10 09:22:33,974 [Listener at localhost/39929] INFO  handler.ContextHandler (ContextHandler.java:doStart(915)) - Started o.e.j.w.WebAppContext@3769c728{ozoneManager,/,file:///home/runner/work/ozone/ozone/hadoop-ozone/integration-test/target/test-classes/webapps/ozoneManager/,AVAILABLE}{file:/home/runner/work/ozone/ozone/hadoop-ozone/integration-test/target/test-classes/webapps/ozoneManager}
2022-08-10 09:22:33,975 [Listener at localhost/39929] INFO  server.AbstractConnector (AbstractConnector.java:doStart(331)) - Started ServerConnector@548aa5a9{HTTP/1.1, (http/1.1)}{0.0.0.0:33883}
2022-08-10 09:22:33,975 [Listener at localhost/39929] INFO  server.Server (Server.java:doStart(415)) - Started @81425ms
2022-08-10 09:22:33,975 [Listener at localhost/39929] WARN  impl.MetricsSystemImpl (MetricsSystemImpl.java:register(279)) - Sink prometheus already exists!
2022-08-10 09:22:33,976 [Listener at localhost/39929] INFO  http.BaseHttpServer (BaseHttpServer.java:updateConnectorAddress(329)) - HTTP server of ozoneManager listening at http://0.0.0.0:33883
2022-08-10 09:22:33,977 [IPC Server Responder] INFO  ipc.Server (Server.java:run(1507)) - IPC Server Responder: starting
2022-08-10 09:22:33,977 [IPC Server listener on 39929] INFO  ipc.Server (Server.java:run(1344)) - IPC Server listener on 39929: starting
2022-08-10 09:22:33,987 [Listener at localhost/39929] INFO  om.OzoneManager (OzoneManager.java:startTrashEmptier(1907)) - Trash Interval set to 0. Files deleted won't move to trash
2022-08-10 09:22:33,988 [Listener at localhost/39929] INFO  om.OzoneManager (OzoneManager.java:stop(2022)) - omNode-2[localhost:38141]: Stopping Ozone Manager
2022-08-10 09:22:33,988 [org.apache.hadoop.util.JvmPauseMonitor$Monitor@422decda] INFO  util.JvmPauseMonitor (JvmPauseMonitor.java:run(188)) - Starting JVM pause monitor
2022-08-10 09:22:33,988 [Listener at localhost/39929] INFO  om.OzoneManager (OzoneManager.java:restart(1559)) - OzoneManager RPC server is listening at localhost/127.0.0.1:38141
2022-08-10 09:22:33,988 [Listener at localhost/39929] INFO  impl.MetricsSystemImpl (MetricsSystemImpl.java:init(158)) - OzoneManager metrics system started (again)
2022-08-10 09:22:34,002 [Listener at localhost/39929] WARN  server.ServerUtils (ServerUtils.java:getDBPath(225)) - ozone.om.db.dirs is not configured. We recommend adding this setting. Falling back to ozone.metadata.dirs instead.
2022-08-10 09:22:34,003 [Listener at localhost/39929] INFO  codec.OmKeyInfoCodec (OmKeyInfoCodec.java:<init>(49)) - OmKeyInfoCodec ignorePipeline = true
2022-08-10 09:22:34,003 [Listener at localhost/39929] INFO  codec.RepeatedOmKeyInfoCodec (RepeatedOmKeyInfoCodec.java:<init>(41)) - RepeatedOmKeyInfoCodec ignorePipeline = true
2022-08-10 09:22:34,057 [Listener at localhost/39929] INFO  om.OzoneManager (OzoneManager.java:instantiateServices(697)) - S3 Multi-Tenancy is disabled
2022-08-10 09:22:34,059 [Listener at localhost/39929] WARN  impl.MetricRegistriesImpl (MetricRegistriesImpl.java:addReporterRegistration(111)) - New reporters are added after registries were created. Some metrics will be missing from the reporter. Please add reporter before adding any new registry.
2022-08-10 09:22:34,059 [Listener at localhost/39929] WARN  impl.MetricRegistriesImpl (MetricRegistriesImpl.java:addReporterRegistration(111)) - New reporters are added after registries were created. Some metrics will be missing from the reporter. Please add reporter before adding any new registry.
2022-08-10 09:22:34,059 [Listener at localhost/39929] WARN  server.ServerUtils (ServerUtils.java:getDefaultRatisDirectory(237)) - Storage directory for Ratis is not configured. It is a good idea to map this to an SSD disk. Falling back to ozone.metadata.dirs
2022-08-10 09:22:34,061 [Listener at localhost/39929] INFO  ratis.OzoneManagerRatisServer (OzoneManagerRatisServer.java:<init>(159)) - Instantiating OM Ratis server with groupID: om-service-test1 and peers: localhost:36767, localhost:34947, localhost:44673
2022-08-10 09:22:34,061 [Listener at localhost/39929] INFO  ratis.OzoneManagerStateMachine (OzoneManagerStateMachine.java:loadSnapshotInfoFromDB(632)) - LastAppliedIndex is set from TransactionInfo from OM DB as (t:6, i:144)
2022-08-10 09:22:34,061 [Listener at localhost/39929] INFO  server.RaftServer (ConfUtils.java:logGet(46)) - raft.rpc.type = GRPC (default)
2022-08-10 09:22:34,062 [Listener at localhost/39929] INFO  grpc.GrpcFactory (GrpcFactory.java:checkPooledByteBufAllocatorUseCacheForAllThreads(48)) - PERFORMANCE WARNING: useCacheForAllThreads is true that may cause Netty to create a lot garbage objects and, as a result, trigger GC.
	It is recommended to disable useCacheForAllThreads by setting -Dorg.apache.ratis.thirdparty.io.netty.allocator.useCacheForAllThreads=false in command line.
2022-08-10 09:22:34,062 [Listener at localhost/39929] INFO  grpc.GrpcConfigKeys (ConfUtils.java:logGet(46)) - raft.grpc.admin.port = -1 (default)
2022-08-10 09:22:34,062 [Listener at localhost/39929] INFO  grpc.GrpcConfigKeys (ConfUtils.java:logGet(46)) - raft.grpc.server.port = 36767 (custom)
2022-08-10 09:22:34,062 [Listener at localhost/39929] INFO  grpc.GrpcConfigKeys (ConfUtils.java:logGet(46)) - raft.grpc.client.port = -1 (default)
2022-08-10 09:22:34,063 [Listener at localhost/39929] INFO  grpc.GrpcConfigKeys (ConfUtils.java:logGet(46)) - raft.grpc.server.port = 36767 (custom)
2022-08-10 09:22:34,063 [Listener at localhost/39929] INFO  grpc.GrpcConfigKeys (ConfUtils.java:logGet(46)) - raft.grpc.server.port = 36767 (custom)
2022-08-10 09:22:34,063 [Listener at localhost/39929] INFO  server.GrpcService (ConfUtils.java:logGet(46)) - raft.grpc.message.size.max = 33554432 (custom)
2022-08-10 09:22:34,063 [Listener at localhost/39929] INFO  server.RaftServerConfigKeys (ConfUtils.java:logGet(46)) - raft.server.log.appender.buffer.byte-limit = 33554432 (custom)
2022-08-10 09:22:34,063 [Listener at localhost/39929] INFO  server.GrpcService (ConfUtils.java:logGet(46)) - raft.grpc.flow.control.window = 1MB (=1048576) (default)
2022-08-10 09:22:34,063 [Listener at localhost/39929] INFO  server.RaftServerConfigKeys (ConfUtils.java:logGet(46)) - raft.server.rpc.request.timeout = 3000ms (default)
2022-08-10 09:22:34,064 [Listener at localhost/39929] INFO  grpc.GrpcConfigKeys (ConfUtils.java:logGet(46)) - raft.grpc.server.async.request.thread.pool.cached = true (default)
2022-08-10 09:22:34,064 [Listener at localhost/39929] INFO  grpc.GrpcConfigKeys (ConfUtils.java:logGet(46)) - raft.grpc.server.async.request.thread.pool.size = 32 (default)
2022-08-10 09:22:34,065 [Listener at localhost/39929] INFO  impl.DataStreamServerImpl (ConfUtils.java:logGet(46)) - raft.datastream.type = DISABLED (default)
2022-08-10 09:22:34,065 [Listener at localhost/39929] INFO  server.RaftServerConfigKeys (ConfUtils.java:logGet(46)) - raft.server.threadpool.proxy.cached = true (default)
2022-08-10 09:22:34,065 [Listener at localhost/39929] INFO  server.RaftServerConfigKeys (ConfUtils.java:logGet(46)) - raft.server.threadpool.proxy.size = 0 (default)
2022-08-10 09:22:34,066 [Listener at localhost/39929] INFO  server.RaftServerConfigKeys (ConfUtils.java:logGet(46)) - raft.server.rpc.slowness.timeout = 2s (custom)
2022-08-10 09:22:34,066 [Listener at localhost/39929] INFO  server.RaftServerConfigKeys (ConfUtils.java:logGet(46)) - raft.server.leaderelection.leader.step-down.wait-time = 10s (default)
2022-08-10 09:22:34,066 [Listener at localhost/39929] INFO  server.RaftServerConfigKeys (ConfUtils.java:logGet(46)) - raft.server.storage.dir = [/home/runner/work/ozone/ozone/hadoop-ozone/integration-test/target/test-dir/MiniOzoneClusterImpl-5b46f7b7-15cd-42ca-88c0-c813cff626ca/omNode-2/ratis] (custom)
2022-08-10 09:22:34,066 [omNode-2-impl-thread1] INFO  server.RaftServer (RaftServerProxy.java:initGroupDir(247)) - omNode-2: found a subdirectory /home/runner/work/ozone/ozone/hadoop-ozone/integration-test/target/test-dir/MiniOzoneClusterImpl-5b46f7b7-15cd-42ca-88c0-c813cff626ca/omNode-2/ratis/c9bc4cf4-3bc3-3c60-a66b-523986131536
2022-08-10 09:22:34,067 [Listener at localhost/39929] INFO  server.RaftServer (RaftServerProxy.java:addNew(96)) - omNode-2: addNew group-523986131536:[omNode-3|rpc:localhost:34947|priority:0, omNode-1|rpc:localhost:44673|priority:0, omNode-2|rpc:localhost:36767|priority:0] returns group-523986131536:java.util.concurrent.CompletableFuture@5efbcfdd[Not completed]
2022-08-10 09:22:34,067 [Listener at localhost/39929] INFO  om.OzoneManager (OzoneManager.java:initializeRatisServer(1963)) - OzoneManager Ratis server initialized at port 36767
2022-08-10 09:22:34,067 [pool-564-thread-1] INFO  server.RaftServer$Division (RaftServerImpl.java:<init>(190)) - omNode-2: new RaftServerImpl for group-523986131536:[omNode-3|rpc:localhost:34947|priority:0, omNode-1|rpc:localhost:44673|priority:0, omNode-2|rpc:localhost:36767|priority:0] with OzoneManagerStateMachine:uninitialized
2022-08-10 09:22:34,067 [Listener at localhost/39929] INFO  ratis.OzoneManagerRatisServer (OzoneManagerRatisServer.java:start(554)) - Starting OzoneManagerRatisServer omNode-2 at port 36767
2022-08-10 09:22:34,067 [pool-564-thread-1] INFO  server.RaftServerConfigKeys (ConfUtils.java:logGet(46)) - raft.server.rpc.timeout.min = 1s (custom)
2022-08-10 09:22:34,067 [pool-564-thread-1] INFO  server.RaftServerConfigKeys (ConfUtils.java:logGet(46)) - raft.server.rpc.timeout.max = 1200ms (custom)
2022-08-10 09:22:34,067 [pool-564-thread-1] INFO  server.RaftServerConfigKeys (ConfUtils.java:logGet(46)) - raft.server.rpc.sleep.time = 25ms (default)
2022-08-10 09:22:34,067 [pool-564-thread-1] INFO  server.RaftServerConfigKeys (ConfUtils.java:logGet(46)) - raft.server.rpc.slowness.timeout = 2s (custom)
2022-08-10 09:22:34,068 [pool-564-thread-1] INFO  server.RaftServerConfigKeys (ConfUtils.java:logGet(46)) - raft.server.leaderelection.leader.step-down.wait-time = 10s (default)
2022-08-10 09:22:34,068 [pool-564-thread-1] INFO  server.RaftServerConfigKeys (ConfUtils.java:logGet(46)) - raft.server.sleep.deviation.threshold = 300ms (default)
2022-08-10 09:22:34,068 [pool-564-thread-1] INFO  server.RaftServer$Division (ServerState.java:<init>(107)) - omNode-2@group-523986131536: ConfigurationManager, init=-1: [omNode-3|rpc:localhost:34947|priority:0, omNode-1|rpc:localhost:44673|priority:0, omNode-2|rpc:localhost:36767|priority:0], old=null, confs=<EMPTY_MAP>
2022-08-10 09:22:34,068 [pool-564-thread-1] INFO  server.RaftServerConfigKeys (ConfUtils.java:logGet(46)) - raft.server.storage.dir = [/home/runner/work/ozone/ozone/hadoop-ozone/integration-test/target/test-dir/MiniOzoneClusterImpl-5b46f7b7-15cd-42ca-88c0-c813cff626ca/omNode-2/ratis] (custom)
2022-08-10 09:22:34,068 [pool-564-thread-1] INFO  server.RaftServerConfigKeys (ConfUtils.java:logGet(46)) - raft.server.log.corruption.policy = EXCEPTION (default)
2022-08-10 09:22:34,068 [pool-564-thread-1] INFO  server.RaftServerConfigKeys (ConfUtils.java:logGet(46)) - raft.server.storage.free-space.min = 0MB (=0) (default)
2022-08-10 09:22:34,069 [pool-564-thread-1] INFO  storage.RaftStorageDirectory (RaftStorageDirectoryImpl.java:tryLock(230)) - Lock on /home/runner/work/ozone/ozone/hadoop-ozone/integration-test/target/test-dir/MiniOzoneClusterImpl-5b46f7b7-15cd-42ca-88c0-c813cff626ca/omNode-2/ratis/c9bc4cf4-3bc3-3c60-a66b-523986131536/in_use.lock acquired by nodename 28234@fv-az244-795
2022-08-10 09:22:34,070 [pool-564-thread-1] INFO  storage.RaftStorage (RaftStorageImpl.java:analyzeAndRecoverStorage(110)) - Read RaftStorageMetadata{term=10, votedFor=omNode-3} from /home/runner/work/ozone/ozone/hadoop-ozone/integration-test/target/test-dir/MiniOzoneClusterImpl-5b46f7b7-15cd-42ca-88c0-c813cff626ca/omNode-2/ratis/c9bc4cf4-3bc3-3c60-a66b-523986131536/current/raft-meta
2022-08-10 09:22:34,070 [pool-564-thread-1] INFO  server.RaftServer$Division (ServerState.java:setRaftConf(393)) - omNode-2@group-523986131536: set configuration 59: [omNode-3|rpc:localhost:34947|admin:|client:|dataStream:|priority:0, omNode-1|rpc:localhost:44673|admin:|client:|dataStream:|priority:0, omNode-2|rpc:localhost:36767|admin:|client:|dataStream:|priority:0], old=null
2022-08-10 09:22:34,071 [pool-564-thread-1] INFO  server.RaftServerConfigKeys (ConfUtils.java:logGet(46)) - raft.server.notification.no-leader.timeout = 2s (custom)
2022-08-10 09:22:34,071 [pool-564-thread-1] INFO  server.RaftServerConfigKeys (ConfUtils.java:logGet(46)) - raft.server.log.use.memory = false (default)
2022-08-10 09:22:34,071 [pool-564-thread-1] INFO  server.RaftServerConfigKeys (ConfUtils.java:logGet(46)) - raft.server.log.purge.gap = 50 (custom)
2022-08-10 09:22:34,071 [pool-564-thread-1] INFO  server.RaftServerConfigKeys (ConfUtils.java:logGet(46)) - raft.server.log.appender.buffer.byte-limit = 33554432 (custom)
2022-08-10 09:22:34,071 [pool-564-thread-1] INFO  server.RaftServerConfigKeys (ConfUtils.java:logGet(46)) - raft.server.log.statemachine.data.read.timeout = 1000ms (default)
2022-08-10 09:22:34,071 [pool-564-thread-1] INFO  server.RaftServerConfigKeys (ConfUtils.java:logGet(46)) - raft.server.log.segment.size.max = 4194304 (custom)
2022-08-10 09:22:34,072 [pool-564-thread-1] INFO  server.RaftServerConfigKeys (ConfUtils.java:logGet(46)) - raft.server.log.segment.cache.num.max = 2 (custom)
2022-08-10 09:22:34,072 [pool-564-thread-1] INFO  server.RaftServerConfigKeys (ConfUtils.java:logGet(46)) - raft.server.log.segment.cache.size.max = 200MB (=209715200) (default)
2022-08-10 09:22:34,072 [pool-564-thread-1] INFO  segmented.SegmentedRaftLogWorker (SegmentedRaftLogWorker.java:<init>(187)) - new omNode-2@group-523986131536-SegmentedRaftLogWorker for RaftStorageImpl:Storage Directory /home/runner/work/ozone/ozone/hadoop-ozone/integration-test/target/test-dir/MiniOzoneClusterImpl-5b46f7b7-15cd-42ca-88c0-c813cff626ca/omNode-2/ratis/c9bc4cf4-3bc3-3c60-a66b-523986131536
2022-08-10 09:22:34,072 [pool-564-thread-1] INFO  server.RaftServerConfigKeys (ConfUtils.java:logGet(46)) - raft.server.log.queue.byte-limit = 64MB (=67108864) (default)
2022-08-10 09:22:34,072 [pool-564-thread-1] INFO  server.RaftServerConfigKeys (ConfUtils.java:logGet(46)) - raft.server.log.queue.element-limit = 4096 (default)
2022-08-10 09:22:34,072 [pool-564-thread-1] INFO  server.RaftServerConfigKeys (ConfUtils.java:logGet(46)) - raft.server.log.segment.size.max = 4194304 (custom)
2022-08-10 09:22:34,072 [pool-564-thread-1] INFO  server.RaftServerConfigKeys (ConfUtils.java:logGet(46)) - raft.server.log.preallocated.size = 4194304 (custom)
2022-08-10 09:22:34,072 [pool-564-thread-1] INFO  server.RaftServerConfigKeys (ConfUtils.java:logGet(46)) - raft.server.log.force.sync.num = 128 (default)
2022-08-10 09:22:34,072 [pool-564-thread-1] INFO  server.RaftServerConfigKeys (ConfUtils.java:logGet(46)) - raft.server.log.statemachine.data.sync = true (default)
2022-08-10 09:22:34,072 [pool-564-thread-1] INFO  server.RaftServerConfigKeys (ConfUtils.java:logGet(46)) - raft.server.log.statemachine.data.sync.timeout = 10s (default)
2022-08-10 09:22:34,072 [pool-564-thread-1] INFO  server.RaftServerConfigKeys (ConfUtils.java:logGet(46)) - raft.server.log.statemachine.data.sync.timeout.retry = -1 (default)
2022-08-10 09:22:34,073 [pool-564-thread-1] INFO  server.RaftServerConfigKeys (ConfUtils.java:logGet(46)) - raft.server.log.write.buffer.size = 64KB (=65536) (default)
2022-08-10 09:22:34,073 [pool-564-thread-1] INFO  server.RaftServerConfigKeys (ConfUtils.java:logGet(46)) - raft.server.log.unsafe-flush.enabled = false (default)
2022-08-10 09:22:34,073 [pool-564-thread-1] INFO  server.RaftServerConfigKeys (ConfUtils.java:logGet(46)) - raft.server.log.statemachine.data.caching.enabled = false (default)
2022-08-10 09:22:34,074 [pool-564-thread-1] INFO  server.RaftServer$Division (ServerState.java:setRaftConf(393)) - omNode-2@group-523986131536: set configuration 31: [omNode-3|rpc:localhost:34947|admin:|client:|dataStream:|priority:0, omNode-1|rpc:localhost:44673|admin:|client:|dataStream:|priority:0, omNode-2|rpc:localhost:36767|admin:|client:|dataStream:|priority:0], old=null
2022-08-10 09:22:34,075 [pool-564-thread-1] INFO  segmented.LogSegment (LogSegment.java:loadSegment(173)) - Successfully read 26 entries from segment file /home/runner/work/ozone/ozone/hadoop-ozone/integration-test/target/test-dir/MiniOzoneClusterImpl-5b46f7b7-15cd-42ca-88c0-c813cff626ca/omNode-2/ratis/c9bc4cf4-3bc3-3c60-a66b-523986131536/current/log_31-56
]]></system-out>
  </testcase>
  <testcase name="testOMRestart" classname="org.apache.hadoop.ozone.om.TestOzoneManagerHAWithData" time="63.851">
    <system-out><![CDATA[2022-08-10 09:22:34,093 [Listener at localhost/39929] INFO  ozone.MiniOzoneClusterImpl (MiniOzoneClusterImpl.java:shutdown(448)) - Shutting down the Mini Ozone Cluster
2022-08-10 09:22:34,093 [Listener at localhost/39929] INFO  ozone.MiniOzoneHAClusterImpl (MiniOzoneHAClusterImpl.java:stop(312)) - Stopping the OzoneManager omNode-3
2022-08-10 09:22:34,094 [Listener at localhost/39929] INFO  om.OzoneManager (OzoneManager.java:stop(2022)) - omNode-3[localhost:36235]: Stopping Ozone Manager
2022-08-10 09:22:34,095 [Listener at localhost/39929] INFO  ipc.Server (Server.java:stop(3414)) - Stopping server on 36235
2022-08-10 09:22:34,097 [IPC Server listener on 36235] INFO  ipc.Server (Server.java:run(1376)) - Stopping IPC Server listener on 36235
2022-08-10 09:22:34,100 [omNode-3@group-523986131536-FollowerState] INFO  impl.FollowerState (FollowerState.java:run(143)) - omNode-3@group-523986131536-FollowerState: change to CANDIDATE, lastRpcElapsedTime:1079051287ns, electionTimeout:1077ms
2022-08-10 09:22:34,101 [omNode-3@group-523986131536-FollowerState] INFO  impl.RoleInfo (RoleInfo.java:shutdownFollowerState(110)) - omNode-3: shutdown omNode-3@group-523986131536-FollowerState
2022-08-10 09:22:34,101 [omNode-3@group-523986131536-FollowerState] INFO  server.RaftServer$Division (RaftServerImpl.java:setRole(299)) - omNode-3@group-523986131536: changes role from  FOLLOWER to CANDIDATE at term 14 for changeToCandidate
2022-08-10 09:22:34,101 [omNode-3@group-523986131536-FollowerState] INFO  server.RaftServerConfigKeys (ConfUtils.java:logGet(46)) - raft.server.leaderelection.pre-vote = false (custom)
2022-08-10 09:22:34,101 [omNode-3@group-523986131536-FollowerState] INFO  impl.RoleInfo (RoleInfo.java:updateAndGet(139)) - omNode-3: start omNode-3@group-523986131536-LeaderElection29
2022-08-10 09:22:34,112 [IPC Server Responder] INFO  ipc.Server (Server.java:run(1512)) - Stopping IPC Server Responder
2022-08-10 09:22:34,112 [Listener at localhost/39929] INFO  server.RaftServer (RaftServerProxy.java:lambda$close$7(398)) - omNode-3: close
2022-08-10 09:22:34,113 [Listener at localhost/39929] INFO  server.RaftServer$Division (RaftServerImpl.java:lambda$close$4(434)) - omNode-3@group-523986131536: shutdown
2022-08-10 09:22:34,113 [Listener at localhost/39929] INFO  util.JmxRegister (JmxRegister.java:unregister(73)) - Successfully un-registered JMX Bean with object name Ratis:service=RaftServer,group=group-523986131536,id=omNode-3
2022-08-10 09:22:34,113 [Listener at localhost/39929] INFO  impl.RoleInfo (RoleInfo.java:shutdownLeaderElection(130)) - omNode-3: shutdown omNode-3@group-523986131536-LeaderElection29
2022-08-10 09:22:34,114 [Listener at localhost/39929] INFO  impl.StateMachineUpdater (StateMachineUpdater.java:stopAndJoin(153)) - omNode-3@group-523986131536-StateMachineUpdater: set stopIndex = 146
2022-08-10 09:22:34,114 [omNode-3@group-523986131536-StateMachineUpdater] INFO  ratis.OzoneManagerStateMachine (OzoneManagerStateMachine.java:close(495)) - StateMachine has shutdown. Shutdown OzoneManager if not already shutdown.
2022-08-10 09:22:34,115 [omNode-3@group-523986131536-StateMachineUpdater] INFO  ratis.OzoneManagerDoubleBuffer (OzoneManagerDoubleBuffer.java:stop(466)) - Stopping OMDoubleBuffer flush thread
2022-08-10 09:22:34,115 [OMDoubleBufferFlushThread] INFO  ratis.OzoneManagerDoubleBuffer (OzoneManagerDoubleBuffer.java:flushTransactions(385)) - OMDoubleBuffer flush thread OMDoubleBufferFlushThread is interrupted and will exit.
2022-08-10 09:22:34,116 [Listener at localhost/39929] INFO  server.RaftServer$Division (ServerState.java:close(429)) - omNode-3@group-523986131536: closes. applyIndex: 146
2022-08-10 09:22:34,116 [omNode-3@group-523986131536-SegmentedRaftLogWorker] INFO  segmented.SegmentedRaftLogWorker (SegmentedRaftLogWorker.java:run(336)) - omNode-3@group-523986131536-SegmentedRaftLogWorker was interrupted, exiting. There are 0 tasks remaining in the queue.
2022-08-10 09:22:34,116 [Listener at localhost/39929] INFO  segmented.SegmentedRaftLogWorker (SegmentedRaftLogWorker.java:close(246)) - omNode-3@group-523986131536-SegmentedRaftLogWorker close()
2022-08-10 09:22:34,117 [Listener at localhost/39929] INFO  server.GrpcService (GrpcService.java:closeImpl(269)) - omNode-3: shutdown server with port 34947 now
2022-08-10 09:22:34,118 [Listener at localhost/39929] INFO  server.GrpcService (GrpcService.java:closeImpl(278)) - omNode-3: shutdown server with port 34947 successfully
2022-08-10 09:22:34,120 [org.apache.ratis.util.JvmPauseMonitor$$Lambda$696/1259104175@bef3797] INFO  util.JvmPauseMonitor (JvmPauseMonitor.java:run(109)) - JvmPauseMonitor-omNode-3: Stopped
2022-08-10 09:22:34,120 [Listener at localhost/39929] INFO  ratis.OzoneManagerStateMachine (OzoneManagerStateMachine.java:close(495)) - StateMachine has shutdown. Shutdown OzoneManager if not already shutdown.
2022-08-10 09:22:34,121 [Listener at localhost/39929] INFO  ratis.OzoneManagerDoubleBuffer (OzoneManagerDoubleBuffer.java:stop(478)) - OMDoubleBuffer flush thread is not running.
2022-08-10 09:22:34,122 [Listener at localhost/39929] INFO  handler.ContextHandler (ContextHandler.java:doStop(1153)) - Stopped o.e.j.w.WebAppContext@61579702{ozoneManager,/,null,STOPPED}{file:/home/runner/work/ozone/ozone/hadoop-ozone/integration-test/target/test-classes/webapps/ozoneManager}
2022-08-10 09:22:34,122 [Listener at localhost/39929] INFO  server.AbstractConnector (AbstractConnector.java:doStop(381)) - Stopped ServerConnector@150a7e0{HTTP/1.1, (http/1.1)}{0.0.0.0:34027}
2022-08-10 09:22:34,122 [Listener at localhost/39929] INFO  server.session (HouseKeeper.java:stopScavenging(149)) - node0 Stopped scavenging
2022-08-10 09:22:34,123 [Listener at localhost/39929] INFO  handler.ContextHandler (ContextHandler.java:doStop(1153)) - Stopped o.e.j.s.ServletContextHandler@3eb452ca{static,/static,file:///home/runner/work/ozone/ozone/hadoop-ozone/integration-test/target/test-classes/webapps/static,STOPPED}
2022-08-10 09:22:34,123 [Listener at localhost/39929] INFO  handler.ContextHandler (ContextHandler.java:doStop(1153)) - Stopped o.e.j.s.ServletContextHandler@6dd11d81{logs,/logs,file:///home/runner/work/ozone/ozone/hadoop-ozone/integration-test/target/log,STOPPED}
2022-08-10 09:22:34,126 [Listener at localhost/39929] INFO  ozone.MiniOzoneHAClusterImpl (MiniOzoneHAClusterImpl.java:stop(312)) - Stopping the OzoneManager omNode-1
2022-08-10 09:22:34,126 [Listener at localhost/39929] INFO  om.OzoneManager (OzoneManager.java:stop(2022)) - omNode-1[localhost:39929]: Stopping Ozone Manager
2022-08-10 09:22:34,126 [Listener at localhost/39929] INFO  ipc.Server (Server.java:stop(3414)) - Stopping server on 39929
2022-08-10 09:22:34,127 [IPC Server listener on 39929] INFO  ipc.Server (Server.java:run(1376)) - Stopping IPC Server listener on 39929
2022-08-10 09:22:34,128 [IPC Server Responder] INFO  ipc.Server (Server.java:run(1512)) - Stopping IPC Server Responder
2022-08-10 09:22:34,128 [Listener at localhost/39929] INFO  server.RaftServer (RaftServerProxy.java:lambda$close$7(398)) - omNode-1: close
2022-08-10 09:22:34,129 [Listener at localhost/39929] INFO  server.RaftServer$Division (RaftServerImpl.java:lambda$close$4(434)) - omNode-1@group-523986131536: shutdown
2022-08-10 09:22:34,130 [Listener at localhost/39929] INFO  util.JmxRegister (JmxRegister.java:unregister(73)) - Successfully un-registered JMX Bean with object name Ratis:service=RaftServer,group=group-523986131536,id=omNode-1
2022-08-10 09:22:34,130 [Listener at localhost/39929] INFO  impl.RoleInfo (RoleInfo.java:shutdownFollowerState(110)) - omNode-1: shutdown omNode-1@group-523986131536-FollowerState
2022-08-10 09:22:34,130 [omNode-1@group-523986131536-FollowerState] INFO  impl.FollowerState (FollowerState.java:run(152)) - omNode-1@group-523986131536-FollowerState was interrupted
2022-08-10 09:22:34,130 [omNode-1@group-523986131536-StateMachineUpdater] INFO  ratis.OzoneManagerStateMachine (OzoneManagerStateMachine.java:close(495)) - StateMachine has shutdown. Shutdown OzoneManager if not already shutdown.
2022-08-10 09:22:34,133 [omNode-1@group-523986131536-StateMachineUpdater] INFO  ratis.OzoneManagerDoubleBuffer (OzoneManagerDoubleBuffer.java:stop(466)) - Stopping OMDoubleBuffer flush thread
2022-08-10 09:22:34,133 [OMDoubleBufferFlushThread] INFO  ratis.OzoneManagerDoubleBuffer (OzoneManagerDoubleBuffer.java:flushTransactions(385)) - OMDoubleBuffer flush thread OMDoubleBufferFlushThread is interrupted and will exit.
2022-08-10 09:22:34,133 [Listener at localhost/39929] INFO  impl.StateMachineUpdater (StateMachineUpdater.java:stopAndJoin(153)) - omNode-1@group-523986131536-StateMachineUpdater: set stopIndex = 145
2022-08-10 09:22:34,134 [Listener at localhost/39929] INFO  server.RaftServer$Division (ServerState.java:close(429)) - omNode-1@group-523986131536: closes. applyIndex: 145
2022-08-10 09:22:34,134 [omNode-1@group-523986131536-SegmentedRaftLogWorker] INFO  segmented.SegmentedRaftLogWorker (SegmentedRaftLogWorker.java:run(336)) - omNode-1@group-523986131536-SegmentedRaftLogWorker was interrupted, exiting. There are 0 tasks remaining in the queue.
2022-08-10 09:22:34,134 [Listener at localhost/39929] INFO  segmented.SegmentedRaftLogWorker (SegmentedRaftLogWorker.java:close(246)) - omNode-1@group-523986131536-SegmentedRaftLogWorker close()
2022-08-10 09:22:34,135 [Listener at localhost/39929] INFO  server.GrpcService (GrpcService.java:closeImpl(269)) - omNode-1: shutdown server with port 44673 now
2022-08-10 09:22:34,135 [Listener at localhost/39929] INFO  server.GrpcService (GrpcService.java:closeImpl(278)) - omNode-1: shutdown server with port 44673 successfully
2022-08-10 09:22:34,136 [org.apache.ratis.util.JvmPauseMonitor$$Lambda$696/1259104175@30d3e6da] INFO  util.JvmPauseMonitor (JvmPauseMonitor.java:run(109)) - JvmPauseMonitor-omNode-1: Stopped
2022-08-10 09:22:34,136 [Listener at localhost/39929] INFO  ratis.OzoneManagerStateMachine (OzoneManagerStateMachine.java:close(495)) - StateMachine has shutdown. Shutdown OzoneManager if not already shutdown.
2022-08-10 09:22:34,136 [Listener at localhost/39929] INFO  ratis.OzoneManagerDoubleBuffer (OzoneManagerDoubleBuffer.java:stop(478)) - OMDoubleBuffer flush thread is not running.
2022-08-10 09:22:34,137 [Listener at localhost/39929] INFO  handler.ContextHandler (ContextHandler.java:doStop(1153)) - Stopped o.e.j.w.WebAppContext@3769c728{ozoneManager,/,null,STOPPED}{file:/home/runner/work/ozone/ozone/hadoop-ozone/integration-test/target/test-classes/webapps/ozoneManager}
2022-08-10 09:22:34,141 [Listener at localhost/39929] INFO  server.AbstractConnector (AbstractConnector.java:doStop(381)) - Stopped ServerConnector@548aa5a9{HTTP/1.1, (http/1.1)}{0.0.0.0:33883}
2022-08-10 09:22:34,142 [Listener at localhost/39929] INFO  server.session (HouseKeeper.java:stopScavenging(149)) - node0 Stopped scavenging
2022-08-10 09:22:34,142 [Listener at localhost/39929] INFO  handler.ContextHandler (ContextHandler.java:doStop(1153)) - Stopped o.e.j.s.ServletContextHandler@400e253f{static,/static,file:///home/runner/work/ozone/ozone/hadoop-ozone/integration-test/target/test-classes/webapps/static,STOPPED}
2022-08-10 09:22:34,142 [Listener at localhost/39929] INFO  handler.ContextHandler (ContextHandler.java:doStop(1153)) - Stopped o.e.j.s.ServletContextHandler@7312e67b{logs,/logs,file:///home/runner/work/ozone/ozone/hadoop-ozone/integration-test/target/log,STOPPED}
2022-08-10 09:22:34,146 [Listener at localhost/39929] INFO  ozone.MiniOzoneHAClusterImpl (MiniOzoneHAClusterImpl.java:stop(312)) - Stopping the OzoneManager omNode-2
2022-08-10 09:22:34,146 [Listener at localhost/39929] INFO  om.OzoneManager (OzoneManager.java:stop(2022)) - omNode-2[localhost:38141]: Stopping Ozone Manager
2022-08-10 09:22:34,147 [Listener at localhost/39929] INFO  ozone.MiniOzoneHAClusterImpl (MiniOzoneHAClusterImpl.java:stop(320)) - Stopping the StorageContainerManager 992e2e79-019c-4b82-9362-4fe17d4a9af6
2022-08-10 09:22:34,147 [Listener at localhost/39929] INFO  server.StorageContainerManager (StorageContainerManager.java:stop(1552)) - Container Balancer is not running.
2022-08-10 09:22:34,147 [Listener at localhost/39929] INFO  server.StorageContainerManager (StorageContainerManager.java:stop(1559)) - Stopping Replication Manager Service.
2022-08-10 09:22:34,147 [Listener at localhost/39929] INFO  replication.ReplicationManager (ReplicationManager.java:stop(233)) - Stopping Replication Monitor Thread.
2022-08-10 09:22:34,147 [ReplicationMonitor] INFO  replication.ReplicationManager (ReplicationManager.java:run(466)) - Replication Monitor Thread is stopped
2022-08-10 09:22:34,148 [Listener at localhost/39929] INFO  server.StorageContainerManager (StorageContainerManager.java:stop(1566)) - Stopping the Datanode Admin Monitor.
2022-08-10 09:22:34,148 [Listener at localhost/39929] INFO  server.StorageContainerManager (StorageContainerManager.java:stop(1573)) - Stopping Lease Manager of the command watchers
2022-08-10 09:22:34,148 [Listener at localhost/39929] INFO  server.StorageContainerManager (StorageContainerManager.java:stop(1580)) - Stopping datanode service RPC server
2022-08-10 09:22:34,148 [Listener at localhost/39929] INFO  server.SCMDatanodeProtocolServer (SCMDatanodeProtocolServer.java:stop(414)) - Stopping the RPC server for DataNodes
2022-08-10 09:22:34,148 [Listener at localhost/39929] INFO  ipc.Server (Server.java:stop(3414)) - Stopping server on 42301
2022-08-10 09:22:34,150 [IPC Server Responder] INFO  ipc.Server (Server.java:run(1512)) - Stopping IPC Server Responder
2022-08-10 09:22:34,150 [IPC Server listener on 0] INFO  ipc.Server (Server.java:run(1376)) - Stopping IPC Server listener on 0
2022-08-10 09:22:34,241 [SCM Heartbeat Processing Thread - 0] WARN  node.NodeStateManager (NodeStateManager.java:scheduleNextHealthCheck(870)) - Current Thread is interrupted, shutting down HB processing thread for Node Manager.
2022-08-10 09:22:34,242 [Listener at localhost/39929] INFO  server.StorageContainerManager (StorageContainerManager.java:stop(1588)) - Stopping block service RPC server
2022-08-10 09:22:34,242 [Listener at localhost/39929] INFO  server.SCMBlockProtocolServer (SCMBlockProtocolServer.java:stop(161)) - Stopping the RPC server for Block Protocol
2022-08-10 09:22:34,242 [Listener at localhost/39929] INFO  ipc.Server (Server.java:stop(3414)) - Stopping server on 38863
2022-08-10 09:22:34,244 [IPC Server listener on 0] INFO  ipc.Server (Server.java:run(1376)) - Stopping IPC Server listener on 0
2022-08-10 09:22:34,244 [IPC Server Responder] INFO  ipc.Server (Server.java:run(1512)) - Stopping IPC Server Responder
2022-08-10 09:22:34,245 [Listener at localhost/39929] INFO  server.StorageContainerManager (StorageContainerManager.java:stop(1595)) - Stopping the StorageContainerLocationProtocol RPC server
2022-08-10 09:22:34,245 [Listener at localhost/39929] INFO  server.SCMClientProtocolServer (SCMClientProtocolServer.java:stop(179)) - Stopping the RPC server for Client Protocol
2022-08-10 09:22:34,246 [Listener at localhost/39929] INFO  ipc.Server (Server.java:stop(3414)) - Stopping server on 40481
2022-08-10 09:22:34,247 [IPC Server listener on 0] INFO  ipc.Server (Server.java:run(1376)) - Stopping IPC Server listener on 0
2022-08-10 09:22:34,249 [IPC Server Responder] INFO  ipc.Server (Server.java:run(1512)) - Stopping IPC Server Responder
2022-08-10 09:22:34,249 [Listener at localhost/39929] INFO  server.StorageContainerManager (StorageContainerManager.java:stop(1602)) - Stopping Storage Container Manager HTTP server.
2022-08-10 09:22:34,250 [Listener at localhost/39929] INFO  handler.ContextHandler (ContextHandler.java:doStop(1153)) - Stopped o.e.j.w.WebAppContext@d4dbb34{scm,/,null,STOPPED}{file:/home/runner/work/ozone/ozone/hadoop-ozone/integration-test/target/test-classes/webapps/scm}
2022-08-10 09:22:34,251 [Listener at localhost/39929] INFO  server.AbstractConnector (AbstractConnector.java:doStop(381)) - Stopped ServerConnector@46c61d1{HTTP/1.1, (http/1.1)}{0.0.0.0:0}
2022-08-10 09:22:34,251 [Listener at localhost/39929] INFO  server.session (HouseKeeper.java:stopScavenging(149)) - node0 Stopped scavenging
2022-08-10 09:22:34,251 [Listener at localhost/39929] INFO  handler.ContextHandler (ContextHandler.java:doStop(1153)) - Stopped o.e.j.s.ServletContextHandler@5d03df76{static,/static,file:///home/runner/work/ozone/ozone/hadoop-ozone/integration-test/target/test-classes/webapps/static,STOPPED}
2022-08-10 09:22:34,251 [Listener at localhost/39929] INFO  handler.ContextHandler (ContextHandler.java:doStop(1153)) - Stopped o.e.j.s.ServletContextHandler@4f2a9903{logs,/logs,file:///home/runner/work/ozone/ozone/hadoop-ozone/integration-test/target/log,STOPPED}
2022-08-10 09:22:34,252 [Listener at localhost/39929] INFO  server.StorageContainerManager (StorageContainerManager.java:stop(1608)) - Stopping SCM LayoutVersionManager Service.
2022-08-10 09:22:34,252 [Listener at localhost/39929] INFO  server.StorageContainerManager (StorageContainerManager.java:stop(1616)) - Stopping Block Manager Service.
2022-08-10 09:22:34,253 [Listener at localhost/39929] INFO  utils.BackgroundService (BackgroundService.java:shutdown(141)) - Shutting down service SCMBlockDeletingService
2022-08-10 09:22:34,253 [Listener at localhost/39929] INFO  utils.BackgroundService (BackgroundService.java:shutdown(141)) - Shutting down service SCMBlockDeletingService
2022-08-10 09:22:34,253 [Listener at localhost/39929] INFO  server.StorageContainerManager (StorageContainerManager.java:stop(1643)) - Stopping SCM Event Queue.
2022-08-10 09:22:34,256 [Listener at localhost/39929] INFO  server.StorageContainerManager (StorageContainerManager.java:stop(1654)) - Stopping SCM HA services.
2022-08-10 09:22:34,256 [Listener at localhost/39929] INFO  pipeline.BackgroundPipelineCreator (BackgroundPipelineCreator.java:stop(149)) - Stopping RatisPipelineUtilsThread.
2022-08-10 09:22:34,256 [RatisPipelineUtilsThread - 0] WARN  pipeline.BackgroundPipelineCreator (BackgroundPipelineCreator.java:run(180)) - RatisPipelineUtilsThread is interrupted.
2022-08-10 09:22:34,257 [Listener at localhost/39929] INFO  BackgroundPipelineScrubber (BackgroundSCMService.java:stop(131)) - Stopping BackgroundPipelineScrubber Service.
2022-08-10 09:22:34,257 [BackgroundPipelineScrubberThread] WARN  BackgroundPipelineScrubber (BackgroundSCMService.java:run(115)) - BackgroundPipelineScrubber is interrupted, exit
2022-08-10 09:22:34,257 [Listener at localhost/39929] INFO  server.StorageContainerManager (StorageContainerManager.java:stop(1664)) - Stopping SCM MetadataStore.
2022-08-10 09:22:34,259 [Listener at localhost/39929] INFO  impl.MetricsSystemImpl (MetricsSystemImpl.java:stop(210)) - Stopping OzoneManager metrics system...
2022-08-10 09:22:34,270 [prometheus] INFO  impl.MetricsSinkAdapter (MetricsSinkAdapter.java:publishMetricsFromQueue(141)) - prometheus thread interrupted.
2022-08-10 09:22:34,270 [Listener at localhost/39929] INFO  impl.MetricsSystemImpl (MetricsSystemImpl.java:stop(216)) - OzoneManager metrics system stopped.
2022-08-10 09:22:34,271 [Listener at localhost/39929] INFO  ozone.MiniOzoneClusterImpl (MiniOzoneClusterImpl.java:stop(463)) - Stopping the Mini Ozone Cluster
2022-08-10 09:22:34,271 [Listener at localhost/39929] INFO  ozone.MiniOzoneClusterImpl (MiniOzoneClusterImpl.java:stopDatanodes(522)) - Stopping the HddsDatanodes
2022-08-10 09:22:34,315 [EndpointStateMachine task thread for /0.0.0.0:42301 - 0 ] WARN  statemachine.EndpointStateMachine (EndpointStateMachine.java:logIfNeeded(236)) - Unable to communicate to SCM server at 0.0.0.0:42301 for past 0 seconds.
java.io.EOFException: End of File Exception between local host is: "fv-az244-795/10.1.0.9"; destination host is: "0.0.0.0":42301; : java.io.EOFException; For more details see:  http://wiki.apache.org/hadoop/EOFException
	at sun.reflect.NativeConstructorAccessorImpl.newInstance0(Native Method)
	at sun.reflect.NativeConstructorAccessorImpl.newInstance(NativeConstructorAccessorImpl.java:62)
	at sun.reflect.DelegatingConstructorAccessorImpl.newInstance(DelegatingConstructorAccessorImpl.java:45)
	at java.lang.reflect.Constructor.newInstance(Constructor.java:423)
	at org.apache.hadoop.net.NetUtils.wrapWithMessage(NetUtils.java:913)
	at org.apache.hadoop.net.NetUtils.wrapException(NetUtils.java:862)
	at org.apache.hadoop.ipc.Client.getRpcResponse(Client.java:1577)
	at org.apache.hadoop.ipc.Client.call(Client.java:1519)
	at org.apache.hadoop.ipc.Client.call(Client.java:1416)
	at org.apache.hadoop.ipc.ProtobufRpcEngine$Invoker.invoke(ProtobufRpcEngine.java:236)
	at org.apache.hadoop.ipc.ProtobufRpcEngine$Invoker.invoke(ProtobufRpcEngine.java:123)
	at com.sun.proxy.$Proxy54.submitRequest(Unknown Source)
	at org.apache.hadoop.ozone.protocolPB.StorageContainerDatanodeProtocolClientSideTranslatorPB.submitRequest(StorageContainerDatanodeProtocolClientSideTranslatorPB.java:117)
	at org.apache.hadoop.ozone.protocolPB.StorageContainerDatanodeProtocolClientSideTranslatorPB.sendHeartbeat(StorageContainerDatanodeProtocolClientSideTranslatorPB.java:149)
	at org.apache.hadoop.ozone.container.common.states.endpoint.HeartbeatEndpointTask.call(HeartbeatEndpointTask.java:185)
	at org.apache.hadoop.ozone.container.common.states.endpoint.HeartbeatEndpointTask.call(HeartbeatEndpointTask.java:87)
	at java.util.concurrent.FutureTask.run(FutureTask.java:266)
	at java.util.concurrent.ThreadPoolExecutor.runWorker(ThreadPoolExecutor.java:1149)
	at java.util.concurrent.ThreadPoolExecutor$Worker.run(ThreadPoolExecutor.java:624)
	at java.lang.Thread.run(Thread.java:750)
Caused by: java.io.EOFException
	at java.io.DataInputStream.readInt(DataInputStream.java:392)
	at org.apache.hadoop.ipc.Client$IpcStreams.readResponse(Client.java:1892)
	at org.apache.hadoop.ipc.Client$Connection.receiveRpcResponse(Client.java:1202)
	at org.apache.hadoop.ipc.Client$Connection.run(Client.java:1098)
2022-08-10 09:22:36,314 [EndpointStateMachine task thread for /0.0.0.0:42301 - 0 ] INFO  ipc.Client (Client.java:handleConnectionFailure(977)) - Retrying connect to server: 0.0.0.0/0.0.0.0:42301. Already tried 0 time(s); retry policy is RetryUpToMaximumCountWithFixedSleep(maxRetries=15, sleepTime=1000 MILLISECONDS)
2022-08-10 09:22:36,315 [Datanode State Machine Daemon Thread] ERROR datanode.RunningDatanodeState (RunningDatanodeState.java:computeNextContainerState(207)) - Error in executing end point task.
java.util.concurrent.ExecutionException: java.util.concurrent.TimeoutException
	at java.util.concurrent.FutureTask.report(FutureTask.java:122)
	at java.util.concurrent.FutureTask.get(FutureTask.java:192)
	at org.apache.hadoop.ozone.container.common.states.datanode.RunningDatanodeState.computeNextContainerState(RunningDatanodeState.java:199)
	at org.apache.hadoop.ozone.container.common.states.datanode.RunningDatanodeState.await(RunningDatanodeState.java:239)
	at org.apache.hadoop.ozone.container.common.states.datanode.RunningDatanodeState.await(RunningDatanodeState.java:50)
	at org.apache.hadoop.ozone.container.common.statemachine.StateContext.execute(StateContext.java:660)
	at org.apache.hadoop.ozone.container.common.statemachine.DatanodeStateMachine.startStateMachineThread(DatanodeStateMachine.java:298)
	at org.apache.hadoop.ozone.container.common.statemachine.DatanodeStateMachine.lambda$startDaemon$0(DatanodeStateMachine.java:493)
	at java.lang.Thread.run(Thread.java:750)
Caused by: java.util.concurrent.TimeoutException
	at java.util.concurrent.FutureTask.get(FutureTask.java:205)
	at org.apache.hadoop.ozone.container.common.states.datanode.RunningDatanodeState.lambda$execute$0(RunningDatanodeState.java:157)
	at java.util.concurrent.FutureTask.run(FutureTask.java:266)
	at java.util.concurrent.Executors$RunnableAdapter.call(Executors.java:511)
	at java.util.concurrent.FutureTask.run(FutureTask.java:266)
	at java.util.concurrent.ThreadPoolExecutor.runWorker(ThreadPoolExecutor.java:1149)
	at java.util.concurrent.ThreadPoolExecutor$Worker.run(ThreadPoolExecutor.java:624)
	... 1 more
2022-08-10 09:22:37,315 [EndpointStateMachine task thread for /0.0.0.0:42301 - 0 ] INFO  ipc.Client (Client.java:handleConnectionFailure(977)) - Retrying connect to server: 0.0.0.0/0.0.0.0:42301. Already tried 1 time(s); retry policy is RetryUpToMaximumCountWithFixedSleep(maxRetries=15, sleepTime=1000 MILLISECONDS)
2022-08-10 09:22:38,316 [EndpointStateMachine task thread for /0.0.0.0:42301 - 0 ] INFO  ipc.Client (Client.java:handleConnectionFailure(977)) - Retrying connect to server: 0.0.0.0/0.0.0.0:42301. Already tried 2 time(s); retry policy is RetryUpToMaximumCountWithFixedSleep(maxRetries=15, sleepTime=1000 MILLISECONDS)
2022-08-10 09:22:39,273 [Listener at localhost/39929] INFO  ozoneimpl.OzoneContainer (OzoneContainer.java:stop(399)) - Attempting to stop container services.
2022-08-10 09:22:39,275 [Listener at localhost/39929] INFO  server.RaftServer (RaftServerProxy.java:lambda$close$7(398)) - 307a4eae-8455-4484-b26c-d8f5f09d506a: close
2022-08-10 09:22:39,275 [ForkJoinPool.commonPool-worker-1] INFO  ozoneimpl.OzoneContainer (OzoneContainer.java:stop(399)) - Attempting to stop container services.
2022-08-10 09:22:39,275 [Listener at localhost/39929] INFO  server.RaftServer$Division (RaftServerImpl.java:lambda$close$4(434)) - 307a4eae-8455-4484-b26c-d8f5f09d506a@group-711033C97113: shutdown
2022-08-10 09:22:39,275 [ForkJoinPool.commonPool-worker-1] INFO  server.RaftServer (RaftServerProxy.java:lambda$close$7(398)) - 1aca9449-889e-455e-97c1-34bb763eddaa: close
2022-08-10 09:22:39,276 [Listener at localhost/39929] INFO  util.JmxRegister (JmxRegister.java:unregister(73)) - Successfully un-registered JMX Bean with object name Ratis:service=RaftServer,group=group-711033C97113,id=307a4eae-8455-4484-b26c-d8f5f09d506a
2022-08-10 09:22:39,276 [ForkJoinPool.commonPool-worker-1] INFO  server.RaftServer$Division (RaftServerImpl.java:lambda$close$4(434)) - 1aca9449-889e-455e-97c1-34bb763eddaa@group-711033C97113: shutdown
2022-08-10 09:22:39,276 [Listener at localhost/39929] INFO  impl.RoleInfo (RoleInfo.java:shutdownLeaderState(93)) - 307a4eae-8455-4484-b26c-d8f5f09d506a: shutdown 307a4eae-8455-4484-b26c-d8f5f09d506a@group-711033C97113-LeaderStateImpl
2022-08-10 09:22:39,276 [ForkJoinPool.commonPool-worker-1] INFO  util.JmxRegister (JmxRegister.java:unregister(73)) - Successfully un-registered JMX Bean with object name Ratis:service=RaftServer,group=group-711033C97113,id=1aca9449-889e-455e-97c1-34bb763eddaa
2022-08-10 09:22:39,277 [ForkJoinPool.commonPool-worker-1] INFO  impl.RoleInfo (RoleInfo.java:shutdownFollowerState(110)) - 1aca9449-889e-455e-97c1-34bb763eddaa: shutdown 1aca9449-889e-455e-97c1-34bb763eddaa@group-711033C97113-FollowerState
2022-08-10 09:22:39,277 [307a4eae-8455-4484-b26c-d8f5f09d506a@group-711033C97113->1aca9449-889e-455e-97c1-34bb763eddaa-GrpcLogAppender-LogAppenderDaemon] WARN  server.GrpcLogAppender (GrpcLogAppender.java:mayWait(171)) - 307a4eae-8455-4484-b26c-d8f5f09d506a@group-711033C97113->1aca9449-889e-455e-97c1-34bb763eddaa-GrpcLogAppender: Wait interrupted by java.lang.InterruptedException
2022-08-10 09:22:39,277 [1aca9449-889e-455e-97c1-34bb763eddaa@group-711033C97113-StateMachineUpdater] INFO  ratis.ContainerStateMachine (ContainerStateMachine.java:takeSnapshot(304)) - group-711033C97113: Taking a snapshot at:(t:4, i:0) file /home/runner/work/ozone/ozone/hadoop-ozone/integration-test/target/test-dir/MiniOzoneClusterImpl-5b46f7b7-15cd-42ca-88c0-c813cff626ca/datanode-0/data/ratis/7080040a-41fb-4f86-879e-711033c97113/sm/snapshot.4_0
2022-08-10 09:22:39,278 [307a4eae-8455-4484-b26c-d8f5f09d506a@group-711033C97113->895c4c6d-5b5c-4808-a9cf-fdca3e3afc0d-GrpcLogAppender-LogAppenderDaemon] WARN  server.GrpcLogAppender (GrpcLogAppender.java:mayWait(171)) - 307a4eae-8455-4484-b26c-d8f5f09d506a@group-711033C97113->895c4c6d-5b5c-4808-a9cf-fdca3e3afc0d-GrpcLogAppender: Wait interrupted by java.lang.InterruptedException
2022-08-10 09:22:39,279 [grpc-default-executor-1] INFO  server.GrpcServerProtocolService (GrpcServerProtocolService.java:onCompleted(140)) - 895c4c6d-5b5c-4808-a9cf-fdca3e3afc0d: Completed APPEND_ENTRIES, lastRequest: 307a4eae-8455-4484-b26c-d8f5f09d506a->895c4c6d-5b5c-4808-a9cf-fdca3e3afc0d#1-t4,previous=(t:0, i:0),leaderCommit=0,initializing? true,entries: size=1, first=(t:4, i:0), CONFIGURATIONENTRY
2022-08-10 09:22:39,277 [1aca9449-889e-455e-97c1-34bb763eddaa@group-711033C97113-FollowerState] INFO  impl.FollowerState (FollowerState.java:run(152)) - 1aca9449-889e-455e-97c1-34bb763eddaa@group-711033C97113-FollowerState was interrupted
2022-08-10 09:22:39,277 [ForkJoinPool.commonPool-worker-1] INFO  impl.StateMachineUpdater (StateMachineUpdater.java:stopAndJoin(153)) - 1aca9449-889e-455e-97c1-34bb763eddaa@group-711033C97113-StateMachineUpdater: set stopIndex = 0
2022-08-10 09:22:39,280 [grpc-default-executor-4] INFO  server.GrpcServerProtocolService (GrpcServerProtocolService.java:onCompleted(140)) - 1aca9449-889e-455e-97c1-34bb763eddaa: Completed APPEND_ENTRIES, lastRequest: 307a4eae-8455-4484-b26c-d8f5f09d506a->1aca9449-889e-455e-97c1-34bb763eddaa#1-t4,previous=(t:0, i:0),leaderCommit=0,initializing? true,entries: size=1, first=(t:4, i:0), CONFIGURATIONENTRY
2022-08-10 09:22:39,281 [grpc-default-executor-4] INFO  server.GrpcLogAppender (GrpcLogAppender.java:onCompleted(339)) - 307a4eae-8455-4484-b26c-d8f5f09d506a@group-711033C97113->1aca9449-889e-455e-97c1-34bb763eddaa-AppendLogResponseHandler: follower responses appendEntries COMPLETED
2022-08-10 09:22:39,281 [grpc-default-executor-4] INFO  leader.FollowerInfo (FollowerInfoImpl.java:lambda$new$0(48)) - 307a4eae-8455-4484-b26c-d8f5f09d506a@group-711033C97113->1aca9449-889e-455e-97c1-34bb763eddaa: nextIndex: updateUnconditionally 1 -> 0
2022-08-10 09:22:39,277 [Listener at localhost/39929] INFO  impl.PendingRequests (PendingRequests.java:sendNotLeaderResponses(282)) - 307a4eae-8455-4484-b26c-d8f5f09d506a@group-711033C97113-PendingRequests: sendNotLeaderResponses
2022-08-10 09:22:39,280 [grpc-default-executor-1] INFO  server.GrpcLogAppender (GrpcLogAppender.java:onCompleted(339)) - 307a4eae-8455-4484-b26c-d8f5f09d506a@group-711033C97113->895c4c6d-5b5c-4808-a9cf-fdca3e3afc0d-AppendLogResponseHandler: follower responses appendEntries COMPLETED
2022-08-10 09:22:39,283 [grpc-default-executor-1] INFO  leader.FollowerInfo (FollowerInfoImpl.java:lambda$new$0(48)) - 307a4eae-8455-4484-b26c-d8f5f09d506a@group-711033C97113->895c4c6d-5b5c-4808-a9cf-fdca3e3afc0d: nextIndex: updateUnconditionally 1 -> 0
2022-08-10 09:22:39,283 [307a4eae-8455-4484-b26c-d8f5f09d506a@group-711033C97113-StateMachineUpdater] INFO  ratis.ContainerStateMachine (ContainerStateMachine.java:takeSnapshot(304)) - group-711033C97113: Taking a snapshot at:(t:4, i:0) file /home/runner/work/ozone/ozone/hadoop-ozone/integration-test/target/test-dir/MiniOzoneClusterImpl-5b46f7b7-15cd-42ca-88c0-c813cff626ca/datanode-1/data/ratis/7080040a-41fb-4f86-879e-711033c97113/sm/snapshot.4_0
2022-08-10 09:22:39,284 [Listener at localhost/39929] INFO  impl.StateMachineUpdater (StateMachineUpdater.java:stopAndJoin(153)) - 307a4eae-8455-4484-b26c-d8f5f09d506a@group-711033C97113-StateMachineUpdater: set stopIndex = 0
2022-08-10 09:22:39,295 [307a4eae-8455-4484-b26c-d8f5f09d506a@group-711033C97113-StateMachineUpdater] INFO  ratis.ContainerStateMachine (ContainerStateMachine.java:takeSnapshot(315)) - group-711033C97113: Finished taking a snapshot at:(t:4, i:0) file:/home/runner/work/ozone/ozone/hadoop-ozone/integration-test/target/test-dir/MiniOzoneClusterImpl-5b46f7b7-15cd-42ca-88c0-c813cff626ca/datanode-1/data/ratis/7080040a-41fb-4f86-879e-711033c97113/sm/snapshot.4_0 took: 12 ms
2022-08-10 09:22:39,297 [307a4eae-8455-4484-b26c-d8f5f09d506a@group-711033C97113-StateMachineUpdater] INFO  impl.StateMachineUpdater (StateMachineUpdater.java:takeSnapshot(287)) - 307a4eae-8455-4484-b26c-d8f5f09d506a@group-711033C97113-StateMachineUpdater: Took a snapshot at index 0
2022-08-10 09:22:39,297 [307a4eae-8455-4484-b26c-d8f5f09d506a@group-711033C97113-StateMachineUpdater] INFO  impl.StateMachineUpdater (StateMachineUpdater.java:lambda$new$0(92)) - 307a4eae-8455-4484-b26c-d8f5f09d506a@group-711033C97113-StateMachineUpdater: snapshotIndex: updateIncreasingly -1 -> 0
2022-08-10 09:22:39,298 [1aca9449-889e-455e-97c1-34bb763eddaa@group-711033C97113-StateMachineUpdater] INFO  ratis.ContainerStateMachine (ContainerStateMachine.java:takeSnapshot(315)) - group-711033C97113: Finished taking a snapshot at:(t:4, i:0) file:/home/runner/work/ozone/ozone/hadoop-ozone/integration-test/target/test-dir/MiniOzoneClusterImpl-5b46f7b7-15cd-42ca-88c0-c813cff626ca/datanode-0/data/ratis/7080040a-41fb-4f86-879e-711033c97113/sm/snapshot.4_0 took: 21 ms
2022-08-10 09:22:39,300 [1aca9449-889e-455e-97c1-34bb763eddaa@group-711033C97113-StateMachineUpdater] INFO  impl.StateMachineUpdater (StateMachineUpdater.java:takeSnapshot(287)) - 1aca9449-889e-455e-97c1-34bb763eddaa@group-711033C97113-StateMachineUpdater: Took a snapshot at index 0
2022-08-10 09:22:39,300 [1aca9449-889e-455e-97c1-34bb763eddaa@group-711033C97113-StateMachineUpdater] INFO  impl.StateMachineUpdater (StateMachineUpdater.java:lambda$new$0(92)) - 1aca9449-889e-455e-97c1-34bb763eddaa@group-711033C97113-StateMachineUpdater: snapshotIndex: updateIncreasingly -1 -> 0
2022-08-10 09:22:39,304 [ForkJoinPool.commonPool-worker-1] INFO  server.RaftServer$Division (ServerState.java:close(429)) - 1aca9449-889e-455e-97c1-34bb763eddaa@group-711033C97113: closes. applyIndex: 0
2022-08-10 09:22:39,304 [1aca9449-889e-455e-97c1-34bb763eddaa@group-711033C97113-SegmentedRaftLogWorker] INFO  segmented.SegmentedRaftLogWorker (SegmentedRaftLogWorker.java:run(336)) - 1aca9449-889e-455e-97c1-34bb763eddaa@group-711033C97113-SegmentedRaftLogWorker was interrupted, exiting. There are 0 tasks remaining in the queue.
2022-08-10 09:22:39,304 [ForkJoinPool.commonPool-worker-1] INFO  segmented.SegmentedRaftLogWorker (SegmentedRaftLogWorker.java:close(246)) - 1aca9449-889e-455e-97c1-34bb763eddaa@group-711033C97113-SegmentedRaftLogWorker close()
2022-08-10 09:22:39,305 [ForkJoinPool.commonPool-worker-1] INFO  server.RaftServer$Division (RaftServerImpl.java:lambda$close$4(434)) - 1aca9449-889e-455e-97c1-34bb763eddaa@group-91E46F08EA20: shutdown
2022-08-10 09:22:39,305 [ForkJoinPool.commonPool-worker-1] INFO  util.JmxRegister (JmxRegister.java:unregister(73)) - Successfully un-registered JMX Bean with object name Ratis:service=RaftServer,group=group-91E46F08EA20,id=1aca9449-889e-455e-97c1-34bb763eddaa
2022-08-10 09:22:39,306 [ForkJoinPool.commonPool-worker-1] INFO  impl.RoleInfo (RoleInfo.java:shutdownLeaderState(93)) - 1aca9449-889e-455e-97c1-34bb763eddaa: shutdown 1aca9449-889e-455e-97c1-34bb763eddaa@group-91E46F08EA20-LeaderStateImpl
2022-08-10 09:22:39,306 [ForkJoinPool.commonPool-worker-1] INFO  impl.PendingRequests (PendingRequests.java:sendNotLeaderResponses(282)) - 1aca9449-889e-455e-97c1-34bb763eddaa@group-91E46F08EA20-PendingRequests: sendNotLeaderResponses
2022-08-10 09:22:39,306 [Listener at localhost/39929] INFO  server.RaftServer$Division (ServerState.java:close(429)) - 307a4eae-8455-4484-b26c-d8f5f09d506a@group-711033C97113: closes. applyIndex: 0
2022-08-10 09:22:39,308 [1aca9449-889e-455e-97c1-34bb763eddaa@group-91E46F08EA20-StateMachineUpdater] INFO  ratis.ContainerStateMachine (ContainerStateMachine.java:takeSnapshot(304)) - group-91E46F08EA20: Taking a snapshot at:(t:1, i:25) file /home/runner/work/ozone/ozone/hadoop-ozone/integration-test/target/test-dir/MiniOzoneClusterImpl-5b46f7b7-15cd-42ca-88c0-c813cff626ca/datanode-0/data/ratis/90e77231-7058-4a15-89c9-91e46f08ea20/sm/snapshot.1_25
2022-08-10 09:22:39,307 [ForkJoinPool.commonPool-worker-1] INFO  impl.StateMachineUpdater (StateMachineUpdater.java:stopAndJoin(153)) - 1aca9449-889e-455e-97c1-34bb763eddaa@group-91E46F08EA20-StateMachineUpdater: set stopIndex = 25
2022-08-10 09:22:39,313 [307a4eae-8455-4484-b26c-d8f5f09d506a@group-711033C97113-SegmentedRaftLogWorker] INFO  segmented.SegmentedRaftLogWorker (SegmentedRaftLogWorker.java:run(336)) - 307a4eae-8455-4484-b26c-d8f5f09d506a@group-711033C97113-SegmentedRaftLogWorker was interrupted, exiting. There are 0 tasks remaining in the queue.
2022-08-10 09:22:39,313 [Listener at localhost/39929] INFO  segmented.SegmentedRaftLogWorker (SegmentedRaftLogWorker.java:close(246)) - 307a4eae-8455-4484-b26c-d8f5f09d506a@group-711033C97113-SegmentedRaftLogWorker close()
2022-08-10 09:22:39,314 [Listener at localhost/39929] INFO  server.RaftServer$Division (RaftServerImpl.java:lambda$close$4(434)) - 307a4eae-8455-4484-b26c-d8f5f09d506a@group-38691FB11DDA: shutdown
2022-08-10 09:22:39,314 [Listener at localhost/39929] INFO  util.JmxRegister (JmxRegister.java:unregister(73)) - Successfully un-registered JMX Bean with object name Ratis:service=RaftServer,group=group-38691FB11DDA,id=307a4eae-8455-4484-b26c-d8f5f09d506a
2022-08-10 09:22:39,315 [Listener at localhost/39929] INFO  impl.RoleInfo (RoleInfo.java:shutdownLeaderState(93)) - 307a4eae-8455-4484-b26c-d8f5f09d506a: shutdown 307a4eae-8455-4484-b26c-d8f5f09d506a@group-38691FB11DDA-LeaderStateImpl
2022-08-10 09:22:39,315 [1aca9449-889e-455e-97c1-34bb763eddaa@group-91E46F08EA20-StateMachineUpdater] INFO  ratis.ContainerStateMachine (ContainerStateMachine.java:takeSnapshot(315)) - group-91E46F08EA20: Finished taking a snapshot at:(t:1, i:25) file:/home/runner/work/ozone/ozone/hadoop-ozone/integration-test/target/test-dir/MiniOzoneClusterImpl-5b46f7b7-15cd-42ca-88c0-c813cff626ca/datanode-0/data/ratis/90e77231-7058-4a15-89c9-91e46f08ea20/sm/snapshot.1_25 took: 7 ms
2022-08-10 09:22:39,315 [1aca9449-889e-455e-97c1-34bb763eddaa@group-91E46F08EA20-StateMachineUpdater] INFO  impl.StateMachineUpdater (StateMachineUpdater.java:takeSnapshot(287)) - 1aca9449-889e-455e-97c1-34bb763eddaa@group-91E46F08EA20-StateMachineUpdater: Took a snapshot at index 25
2022-08-10 09:22:39,315 [1aca9449-889e-455e-97c1-34bb763eddaa@group-91E46F08EA20-StateMachineUpdater] INFO  impl.StateMachineUpdater (StateMachineUpdater.java:lambda$new$0(92)) - 1aca9449-889e-455e-97c1-34bb763eddaa@group-91E46F08EA20-StateMachineUpdater: snapshotIndex: updateIncreasingly -1 -> 25
2022-08-10 09:22:39,317 [EndpointStateMachine task thread for /0.0.0.0:42301 - 0 ] INFO  ipc.Client (Client.java:handleConnectionFailure(977)) - Retrying connect to server: 0.0.0.0/0.0.0.0:42301. Already tried 3 time(s); retry policy is RetryUpToMaximumCountWithFixedSleep(maxRetries=15, sleepTime=1000 MILLISECONDS)
2022-08-10 09:22:39,317 [Datanode State Machine Daemon Thread] ERROR datanode.RunningDatanodeState (RunningDatanodeState.java:computeNextContainerState(207)) - Error in executing end point task.
java.util.concurrent.ExecutionException: java.util.concurrent.TimeoutException
	at java.util.concurrent.FutureTask.report(FutureTask.java:122)
	at java.util.concurrent.FutureTask.get(FutureTask.java:192)
	at org.apache.hadoop.ozone.container.common.states.datanode.RunningDatanodeState.computeNextContainerState(RunningDatanodeState.java:199)
	at org.apache.hadoop.ozone.container.common.states.datanode.RunningDatanodeState.await(RunningDatanodeState.java:239)
	at org.apache.hadoop.ozone.container.common.states.datanode.RunningDatanodeState.await(RunningDatanodeState.java:50)
	at org.apache.hadoop.ozone.container.common.statemachine.StateContext.execute(StateContext.java:660)
	at org.apache.hadoop.ozone.container.common.statemachine.DatanodeStateMachine.startStateMachineThread(DatanodeStateMachine.java:298)
	at org.apache.hadoop.ozone.container.common.statemachine.DatanodeStateMachine.lambda$startDaemon$0(DatanodeStateMachine.java:493)
	at java.lang.Thread.run(Thread.java:750)
Caused by: java.util.concurrent.TimeoutException
	at java.util.concurrent.FutureTask.get(FutureTask.java:205)
	at org.apache.hadoop.ozone.container.common.states.datanode.RunningDatanodeState.lambda$execute$0(RunningDatanodeState.java:157)
	at java.util.concurrent.FutureTask.run(FutureTask.java:266)
	at java.util.concurrent.Executors$RunnableAdapter.call(Executors.java:511)
	at java.util.concurrent.FutureTask.run(FutureTask.java:266)
	at java.util.concurrent.ThreadPoolExecutor.runWorker(ThreadPoolExecutor.java:1149)
	at java.util.concurrent.ThreadPoolExecutor$Worker.run(ThreadPoolExecutor.java:624)
	... 1 more
2022-08-10 09:22:39,318 [Listener at localhost/39929] INFO  impl.PendingRequests (PendingRequests.java:sendNotLeaderResponses(282)) - 307a4eae-8455-4484-b26c-d8f5f09d506a@group-38691FB11DDA-PendingRequests: sendNotLeaderResponses
2022-08-10 09:22:39,318 [ForkJoinPool.commonPool-worker-1] INFO  server.RaftServer$Division (ServerState.java:close(429)) - 1aca9449-889e-455e-97c1-34bb763eddaa@group-91E46F08EA20: closes. applyIndex: 25
2022-08-10 09:22:39,319 [1aca9449-889e-455e-97c1-34bb763eddaa@group-91E46F08EA20-SegmentedRaftLogWorker] INFO  segmented.SegmentedRaftLogWorker (SegmentedRaftLogWorker.java:run(336)) - 1aca9449-889e-455e-97c1-34bb763eddaa@group-91E46F08EA20-SegmentedRaftLogWorker was interrupted, exiting. There are 0 tasks remaining in the queue.
2022-08-10 09:22:39,319 [ForkJoinPool.commonPool-worker-1] INFO  segmented.SegmentedRaftLogWorker (SegmentedRaftLogWorker.java:close(246)) - 1aca9449-889e-455e-97c1-34bb763eddaa@group-91E46F08EA20-SegmentedRaftLogWorker close()
2022-08-10 09:22:39,320 [ForkJoinPool.commonPool-worker-1] INFO  server.RaftServer$Division (RaftServerImpl.java:lambda$close$4(434)) - 1aca9449-889e-455e-97c1-34bb763eddaa@group-20D72298988B: shutdown
2022-08-10 09:22:39,321 [ForkJoinPool.commonPool-worker-1] INFO  util.JmxRegister (JmxRegister.java:unregister(73)) - Successfully un-registered JMX Bean with object name Ratis:service=RaftServer,group=group-20D72298988B,id=1aca9449-889e-455e-97c1-34bb763eddaa
2022-08-10 09:22:39,321 [ForkJoinPool.commonPool-worker-1] INFO  impl.RoleInfo (RoleInfo.java:shutdownFollowerState(110)) - 1aca9449-889e-455e-97c1-34bb763eddaa: shutdown 1aca9449-889e-455e-97c1-34bb763eddaa@group-20D72298988B-FollowerState
2022-08-10 09:22:39,321 [ForkJoinPool.commonPool-worker-1] INFO  impl.StateMachineUpdater (StateMachineUpdater.java:stopAndJoin(153)) - 1aca9449-889e-455e-97c1-34bb763eddaa@group-20D72298988B-StateMachineUpdater: set stopIndex = 0
2022-08-10 09:22:39,321 [1aca9449-889e-455e-97c1-34bb763eddaa@group-20D72298988B-FollowerState] INFO  impl.FollowerState (FollowerState.java:run(152)) - 1aca9449-889e-455e-97c1-34bb763eddaa@group-20D72298988B-FollowerState was interrupted
2022-08-10 09:22:39,323 [1aca9449-889e-455e-97c1-34bb763eddaa@group-20D72298988B-StateMachineUpdater] INFO  ratis.ContainerStateMachine (ContainerStateMachine.java:takeSnapshot(304)) - group-20D72298988B: Taking a snapshot at:(t:2, i:0) file /home/runner/work/ozone/ozone/hadoop-ozone/integration-test/target/test-dir/MiniOzoneClusterImpl-5b46f7b7-15cd-42ca-88c0-c813cff626ca/datanode-0/data/ratis/9405f0c9-f373-4ef5-8c00-20d72298988b/sm/snapshot.2_0
2022-08-10 09:22:39,324 [1aca9449-889e-455e-97c1-34bb763eddaa@group-20D72298988B-StateMachineUpdater] INFO  ratis.ContainerStateMachine (ContainerStateMachine.java:takeSnapshot(315)) - group-20D72298988B: Finished taking a snapshot at:(t:2, i:0) file:/home/runner/work/ozone/ozone/hadoop-ozone/integration-test/target/test-dir/MiniOzoneClusterImpl-5b46f7b7-15cd-42ca-88c0-c813cff626ca/datanode-0/data/ratis/9405f0c9-f373-4ef5-8c00-20d72298988b/sm/snapshot.2_0 took: 1 ms
2022-08-10 09:22:39,324 [1aca9449-889e-455e-97c1-34bb763eddaa@group-20D72298988B-StateMachineUpdater] INFO  impl.StateMachineUpdater (StateMachineUpdater.java:takeSnapshot(287)) - 1aca9449-889e-455e-97c1-34bb763eddaa@group-20D72298988B-StateMachineUpdater: Took a snapshot at index 0
2022-08-10 09:22:39,324 [1aca9449-889e-455e-97c1-34bb763eddaa@group-20D72298988B-StateMachineUpdater] INFO  impl.StateMachineUpdater (StateMachineUpdater.java:lambda$new$0(92)) - 1aca9449-889e-455e-97c1-34bb763eddaa@group-20D72298988B-StateMachineUpdater: snapshotIndex: updateIncreasingly -1 -> 0
2022-08-10 09:22:39,328 [ForkJoinPool.commonPool-worker-1] INFO  server.RaftServer$Division (ServerState.java:close(429)) - 1aca9449-889e-455e-97c1-34bb763eddaa@group-20D72298988B: closes. applyIndex: 0
2022-08-10 09:22:39,328 [1aca9449-889e-455e-97c1-34bb763eddaa@group-20D72298988B-SegmentedRaftLogWorker] INFO  segmented.SegmentedRaftLogWorker (SegmentedRaftLogWorker.java:run(336)) - 1aca9449-889e-455e-97c1-34bb763eddaa@group-20D72298988B-SegmentedRaftLogWorker was interrupted, exiting. There are 0 tasks remaining in the queue.
2022-08-10 09:22:39,328 [ForkJoinPool.commonPool-worker-1] INFO  segmented.SegmentedRaftLogWorker (SegmentedRaftLogWorker.java:close(246)) - 1aca9449-889e-455e-97c1-34bb763eddaa@group-20D72298988B-SegmentedRaftLogWorker close()
2022-08-10 09:22:39,329 [ForkJoinPool.commonPool-worker-1] INFO  server.GrpcService (GrpcService.java:closeImpl(269)) - 1aca9449-889e-455e-97c1-34bb763eddaa: shutdown server with port 44661 now
2022-08-10 09:22:39,330 [grpc-default-executor-2] WARN  server.GrpcServerProtocolService (LogUtils.java:warn(122)) - 1aca9449-889e-455e-97c1-34bb763eddaa: installSnapshot onError, lastRequest: 895c4c6d-5b5c-4808-a9cf-fdca3e3afc0d->1aca9449-889e-455e-97c1-34bb763eddaa#1-t2,previous=(t:0, i:0),leaderCommit=-1,initializing? true,entries: size=1, first=(t:2, i:0), CONFIGURATIONENTRY: org.apache.ratis.thirdparty.io.grpc.StatusRuntimeException: CANCELLED: client cancelled
2022-08-10 09:22:39,332 [ForkJoinPool.commonPool-worker-1] INFO  server.GrpcService (GrpcService.java:closeImpl(278)) - 1aca9449-889e-455e-97c1-34bb763eddaa: shutdown server with port 44661 successfully
2022-08-10 09:22:39,332 [org.apache.ratis.util.JvmPauseMonitor$$Lambda$696/1259104175@732c8a48] INFO  util.JvmPauseMonitor (JvmPauseMonitor.java:run(109)) - JvmPauseMonitor-1aca9449-889e-455e-97c1-34bb763eddaa: Stopped
2022-08-10 09:22:39,334 [grpc-default-executor-4] WARN  server.GrpcLogAppender (LogUtils.java:warn(122)) - 895c4c6d-5b5c-4808-a9cf-fdca3e3afc0d@group-20D72298988B->1aca9449-889e-455e-97c1-34bb763eddaa-AppendLogResponseHandler: Failed appendEntries: org.apache.ratis.thirdparty.io.grpc.StatusRuntimeException: CANCELLED: RST_STREAM closed stream. HTTP/2 error code: CANCEL
2022-08-10 09:22:39,334 [grpc-default-executor-4] WARN  server.GrpcLogAppender (GrpcLogAppender.java:resetClient(111)) - 895c4c6d-5b5c-4808-a9cf-fdca3e3afc0d@group-20D72298988B->1aca9449-889e-455e-97c1-34bb763eddaa-GrpcLogAppender: Leader has not got in touch with Follower 895c4c6d-5b5c-4808-a9cf-fdca3e3afc0d@group-20D72298988B->1aca9449-889e-455e-97c1-34bb763eddaa(c0,m0,n1, attendVote=true, lastRpcSendTime=1566, lastRpcResponseTime=1565) yet, just keep nextIndex unchanged and retry.
2022-08-10 09:22:39,336 [307a4eae-8455-4484-b26c-d8f5f09d506a@group-38691FB11DDA-StateMachineUpdater] INFO  ratis.ContainerStateMachine (ContainerStateMachine.java:takeSnapshot(304)) - group-38691FB11DDA: Taking a snapshot at:(t:1, i:18) file /home/runner/work/ozone/ozone/hadoop-ozone/integration-test/target/test-dir/MiniOzoneClusterImpl-5b46f7b7-15cd-42ca-88c0-c813cff626ca/datanode-1/data/ratis/f41b0a58-cc8c-4ff2-9477-38691fb11dda/sm/snapshot.1_18
2022-08-10 09:22:39,337 [Listener at localhost/39929] INFO  impl.StateMachineUpdater (StateMachineUpdater.java:stopAndJoin(153)) - 307a4eae-8455-4484-b26c-d8f5f09d506a@group-38691FB11DDA-StateMachineUpdater: set stopIndex = 18
2022-08-10 09:22:39,343 [307a4eae-8455-4484-b26c-d8f5f09d506a@group-38691FB11DDA-StateMachineUpdater] INFO  ratis.ContainerStateMachine (ContainerStateMachine.java:takeSnapshot(315)) - group-38691FB11DDA: Finished taking a snapshot at:(t:1, i:18) file:/home/runner/work/ozone/ozone/hadoop-ozone/integration-test/target/test-dir/MiniOzoneClusterImpl-5b46f7b7-15cd-42ca-88c0-c813cff626ca/datanode-1/data/ratis/f41b0a58-cc8c-4ff2-9477-38691fb11dda/sm/snapshot.1_18 took: 6 ms
2022-08-10 09:22:39,343 [307a4eae-8455-4484-b26c-d8f5f09d506a@group-38691FB11DDA-StateMachineUpdater] INFO  impl.StateMachineUpdater (StateMachineUpdater.java:takeSnapshot(287)) - 307a4eae-8455-4484-b26c-d8f5f09d506a@group-38691FB11DDA-StateMachineUpdater: Took a snapshot at index 18
2022-08-10 09:22:39,343 [307a4eae-8455-4484-b26c-d8f5f09d506a@group-38691FB11DDA-StateMachineUpdater] INFO  impl.StateMachineUpdater (StateMachineUpdater.java:lambda$new$0(92)) - 307a4eae-8455-4484-b26c-d8f5f09d506a@group-38691FB11DDA-StateMachineUpdater: snapshotIndex: updateIncreasingly -1 -> 18
2022-08-10 09:22:39,344 [Listener at localhost/39929] INFO  server.RaftServer$Division (ServerState.java:close(429)) - 307a4eae-8455-4484-b26c-d8f5f09d506a@group-38691FB11DDA: closes. applyIndex: 18
2022-08-10 09:22:39,344 [307a4eae-8455-4484-b26c-d8f5f09d506a@group-38691FB11DDA-SegmentedRaftLogWorker] INFO  segmented.SegmentedRaftLogWorker (SegmentedRaftLogWorker.java:run(336)) - 307a4eae-8455-4484-b26c-d8f5f09d506a@group-38691FB11DDA-SegmentedRaftLogWorker was interrupted, exiting. There are 0 tasks remaining in the queue.
2022-08-10 09:22:39,345 [Listener at localhost/39929] INFO  segmented.SegmentedRaftLogWorker (SegmentedRaftLogWorker.java:close(246)) - 307a4eae-8455-4484-b26c-d8f5f09d506a@group-38691FB11DDA-SegmentedRaftLogWorker close()
2022-08-10 09:22:39,348 [Listener at localhost/39929] INFO  server.RaftServer$Division (RaftServerImpl.java:lambda$close$4(434)) - 307a4eae-8455-4484-b26c-d8f5f09d506a@group-20D72298988B: shutdown
2022-08-10 09:22:39,349 [Listener at localhost/39929] INFO  util.JmxRegister (JmxRegister.java:unregister(73)) - Successfully un-registered JMX Bean with object name Ratis:service=RaftServer,group=group-20D72298988B,id=307a4eae-8455-4484-b26c-d8f5f09d506a
2022-08-10 09:22:39,349 [Listener at localhost/39929] INFO  impl.RoleInfo (RoleInfo.java:shutdownFollowerState(110)) - 307a4eae-8455-4484-b26c-d8f5f09d506a: shutdown 307a4eae-8455-4484-b26c-d8f5f09d506a@group-20D72298988B-FollowerState
2022-08-10 09:22:39,349 [307a4eae-8455-4484-b26c-d8f5f09d506a@group-20D72298988B-FollowerState] INFO  impl.FollowerState (FollowerState.java:run(152)) - 307a4eae-8455-4484-b26c-d8f5f09d506a@group-20D72298988B-FollowerState was interrupted
2022-08-10 09:22:39,349 [307a4eae-8455-4484-b26c-d8f5f09d506a@group-20D72298988B-StateMachineUpdater] INFO  ratis.ContainerStateMachine (ContainerStateMachine.java:takeSnapshot(304)) - group-20D72298988B: Taking a snapshot at:(t:2, i:0) file /home/runner/work/ozone/ozone/hadoop-ozone/integration-test/target/test-dir/MiniOzoneClusterImpl-5b46f7b7-15cd-42ca-88c0-c813cff626ca/datanode-1/data/ratis/9405f0c9-f373-4ef5-8c00-20d72298988b/sm/snapshot.2_0
2022-08-10 09:22:39,349 [Listener at localhost/39929] INFO  impl.StateMachineUpdater (StateMachineUpdater.java:stopAndJoin(153)) - 307a4eae-8455-4484-b26c-d8f5f09d506a@group-20D72298988B-StateMachineUpdater: set stopIndex = 0
2022-08-10 09:22:39,350 [307a4eae-8455-4484-b26c-d8f5f09d506a@group-20D72298988B-StateMachineUpdater] INFO  ratis.ContainerStateMachine (ContainerStateMachine.java:takeSnapshot(315)) - group-20D72298988B: Finished taking a snapshot at:(t:2, i:0) file:/home/runner/work/ozone/ozone/hadoop-ozone/integration-test/target/test-dir/MiniOzoneClusterImpl-5b46f7b7-15cd-42ca-88c0-c813cff626ca/datanode-1/data/ratis/9405f0c9-f373-4ef5-8c00-20d72298988b/sm/snapshot.2_0 took: 1 ms
2022-08-10 09:22:39,350 [307a4eae-8455-4484-b26c-d8f5f09d506a@group-20D72298988B-StateMachineUpdater] INFO  impl.StateMachineUpdater (StateMachineUpdater.java:takeSnapshot(287)) - 307a4eae-8455-4484-b26c-d8f5f09d506a@group-20D72298988B-StateMachineUpdater: Took a snapshot at index 0
2022-08-10 09:22:39,350 [307a4eae-8455-4484-b26c-d8f5f09d506a@group-20D72298988B-StateMachineUpdater] INFO  impl.StateMachineUpdater (StateMachineUpdater.java:lambda$new$0(92)) - 307a4eae-8455-4484-b26c-d8f5f09d506a@group-20D72298988B-StateMachineUpdater: snapshotIndex: updateIncreasingly -1 -> 0
2022-08-10 09:22:39,351 [Listener at localhost/39929] INFO  server.RaftServer$Division (ServerState.java:close(429)) - 307a4eae-8455-4484-b26c-d8f5f09d506a@group-20D72298988B: closes. applyIndex: 0
2022-08-10 09:22:39,351 [307a4eae-8455-4484-b26c-d8f5f09d506a@group-20D72298988B-SegmentedRaftLogWorker] INFO  segmented.SegmentedRaftLogWorker (SegmentedRaftLogWorker.java:run(336)) - 307a4eae-8455-4484-b26c-d8f5f09d506a@group-20D72298988B-SegmentedRaftLogWorker was interrupted, exiting. There are 0 tasks remaining in the queue.
2022-08-10 09:22:39,351 [Listener at localhost/39929] INFO  segmented.SegmentedRaftLogWorker (SegmentedRaftLogWorker.java:close(246)) - 307a4eae-8455-4484-b26c-d8f5f09d506a@group-20D72298988B-SegmentedRaftLogWorker close()
2022-08-10 09:22:39,363 [Listener at localhost/39929] INFO  server.GrpcService (GrpcService.java:closeImpl(269)) - 307a4eae-8455-4484-b26c-d8f5f09d506a: shutdown server with port 36815 now
2022-08-10 09:22:39,368 [grpc-default-executor-2] WARN  server.GrpcLogAppender (LogUtils.java:warn(122)) - 895c4c6d-5b5c-4808-a9cf-fdca3e3afc0d@group-20D72298988B->307a4eae-8455-4484-b26c-d8f5f09d506a-AppendLogResponseHandler: Failed appendEntries: org.apache.ratis.thirdparty.io.grpc.StatusRuntimeException: CANCELLED: RST_STREAM closed stream. HTTP/2 error code: CANCEL
2022-08-10 09:22:39,368 [grpc-default-executor-2] WARN  server.GrpcLogAppender (GrpcLogAppender.java:resetClient(111)) - 895c4c6d-5b5c-4808-a9cf-fdca3e3afc0d@group-20D72298988B->307a4eae-8455-4484-b26c-d8f5f09d506a-GrpcLogAppender: Leader has not got in touch with Follower 895c4c6d-5b5c-4808-a9cf-fdca3e3afc0d@group-20D72298988B->307a4eae-8455-4484-b26c-d8f5f09d506a(c0,m0,n1, attendVote=true, lastRpcSendTime=1606, lastRpcResponseTime=1605) yet, just keep nextIndex unchanged and retry.
2022-08-10 09:22:39,368 [grpc-default-executor-1] WARN  server.GrpcServerProtocolService (LogUtils.java:warn(122)) - 307a4eae-8455-4484-b26c-d8f5f09d506a: installSnapshot onError, lastRequest: 895c4c6d-5b5c-4808-a9cf-fdca3e3afc0d->307a4eae-8455-4484-b26c-d8f5f09d506a#1-t2,previous=(t:0, i:0),leaderCommit=-1,initializing? true,entries: size=1, first=(t:2, i:0), CONFIGURATIONENTRY: org.apache.ratis.thirdparty.io.grpc.StatusRuntimeException: CANCELLED: client cancelled
2022-08-10 09:22:39,370 [Listener at localhost/39929] INFO  server.GrpcService (GrpcService.java:closeImpl(278)) - 307a4eae-8455-4484-b26c-d8f5f09d506a: shutdown server with port 36815 successfully
2022-08-10 09:22:39,371 [org.apache.ratis.util.JvmPauseMonitor$$Lambda$696/1259104175@32b9e509] INFO  util.JvmPauseMonitor (JvmPauseMonitor.java:run(109)) - JvmPauseMonitor-307a4eae-8455-4484-b26c-d8f5f09d506a: Stopped
2022-08-10 09:22:39,643 [Finalizer] WARN  managed.ManagedRocksObjectUtils (ManagedRocksObjectUtils.java:assertClosed(39)) - ManagedColumnFamilyOptions is not closed properly
2022-08-10 09:22:39,643 [Finalizer] WARN  managed.ManagedRocksObjectUtils (ManagedRocksObjectUtils.java:assertClosed(39)) - ManagedColumnFamilyOptions is not closed properly
2022-08-10 09:22:39,643 [Finalizer] WARN  managed.ManagedRocksObjectUtils (ManagedRocksObjectUtils.java:assertClosed(39)) - ManagedColumnFamilyOptions is not closed properly
2022-08-10 09:22:39,643 [Finalizer] WARN  managed.ManagedRocksObjectUtils (ManagedRocksObjectUtils.java:assertClosed(39)) - ManagedColumnFamilyOptions is not closed properly
2022-08-10 09:22:39,643 [Finalizer] WARN  managed.ManagedRocksObjectUtils (ManagedRocksObjectUtils.java:assertClosed(39)) - ManagedColumnFamilyOptions is not closed properly
2022-08-10 09:22:39,643 [Finalizer] WARN  managed.ManagedRocksObjectUtils (ManagedRocksObjectUtils.java:assertClosed(39)) - ManagedColumnFamilyOptions is not closed properly
2022-08-10 09:22:39,643 [Finalizer] WARN  managed.ManagedRocksObjectUtils (ManagedRocksObjectUtils.java:assertClosed(39)) - ManagedColumnFamilyOptions is not closed properly
2022-08-10 09:22:39,643 [Finalizer] WARN  managed.ManagedRocksObjectUtils (ManagedRocksObjectUtils.java:assertClosed(39)) - ManagedColumnFamilyOptions is not closed properly
2022-08-10 09:22:39,644 [Finalizer] WARN  managed.ManagedRocksObjectUtils (ManagedRocksObjectUtils.java:assertClosed(39)) - ManagedColumnFamilyOptions is not closed properly
2022-08-10 09:22:39,644 [Finalizer] WARN  managed.ManagedRocksObjectUtils (ManagedRocksObjectUtils.java:assertClosed(39)) - ManagedColumnFamilyOptions is not closed properly
2022-08-10 09:22:39,644 [Finalizer] WARN  managed.ManagedRocksObjectUtils (ManagedRocksObjectUtils.java:assertClosed(39)) - ManagedColumnFamilyOptions is not closed properly
2022-08-10 09:22:39,644 [Finalizer] WARN  managed.ManagedRocksObjectUtils (ManagedRocksObjectUtils.java:assertClosed(39)) - ManagedColumnFamilyOptions is not closed properly
2022-08-10 09:22:39,644 [Finalizer] WARN  managed.ManagedRocksObjectUtils (ManagedRocksObjectUtils.java:assertClosed(39)) - ManagedColumnFamilyOptions is not closed properly
2022-08-10 09:22:39,644 [Finalizer] WARN  managed.ManagedRocksObjectUtils (ManagedRocksObjectUtils.java:assertClosed(39)) - ManagedColumnFamilyOptions is not closed properly
2022-08-10 09:22:39,644 [Finalizer] WARN  managed.ManagedRocksObjectUtils (ManagedRocksObjectUtils.java:assertClosed(39)) - ManagedColumnFamilyOptions is not closed properly
2022-08-10 09:22:39,644 [Finalizer] WARN  managed.ManagedRocksObjectUtils (ManagedRocksObjectUtils.java:assertClosed(39)) - ManagedColumnFamilyOptions is not closed properly
2022-08-10 09:22:39,644 [Finalizer] WARN  managed.ManagedRocksObjectUtils (ManagedRocksObjectUtils.java:assertClosed(39)) - ManagedColumnFamilyOptions is not closed properly
2022-08-10 09:22:39,644 [Finalizer] WARN  managed.ManagedRocksObjectUtils (ManagedRocksObjectUtils.java:assertClosed(39)) - ManagedColumnFamilyOptions is not closed properly
2022-08-10 09:22:39,644 [Finalizer] WARN  managed.ManagedRocksObjectUtils (ManagedRocksObjectUtils.java:assertClosed(39)) - ManagedColumnFamilyOptions is not closed properly
2022-08-10 09:22:39,644 [Finalizer] WARN  managed.ManagedRocksObjectUtils (ManagedRocksObjectUtils.java:assertClosed(39)) - ManagedColumnFamilyOptions is not closed properly
2022-08-10 09:22:39,644 [Finalizer] WARN  managed.ManagedRocksObjectUtils (ManagedRocksObjectUtils.java:assertClosed(39)) - ManagedColumnFamilyOptions is not closed properly
2022-08-10 09:22:39,644 [Finalizer] WARN  managed.ManagedRocksObjectUtils (ManagedRocksObjectUtils.java:assertClosed(39)) - ManagedColumnFamilyOptions is not closed properly
2022-08-10 09:22:39,644 [Finalizer] WARN  managed.ManagedRocksObjectUtils (ManagedRocksObjectUtils.java:assertClosed(39)) - ManagedLRUCache is not closed properly
2022-08-10 09:22:39,644 [Finalizer] WARN  managed.ManagedRocksObjectUtils (ManagedRocksObjectUtils.java:assertClosed(39)) - ManagedBloomFilter is not closed properly
2022-08-10 09:22:39,644 [Finalizer] WARN  managed.ManagedRocksObjectUtils (ManagedRocksObjectUtils.java:assertClosed(39)) - ManagedColumnFamilyOptions is not closed properly
2022-08-10 09:22:39,644 [Finalizer] WARN  managed.ManagedRocksObjectUtils (ManagedRocksObjectUtils.java:assertClosed(39)) - ManagedLRUCache is not closed properly
2022-08-10 09:22:39,644 [Finalizer] WARN  managed.ManagedRocksObjectUtils (ManagedRocksObjectUtils.java:assertClosed(39)) - ManagedBloomFilter is not closed properly
2022-08-10 09:22:39,644 [Finalizer] WARN  managed.ManagedRocksObjectUtils (ManagedRocksObjectUtils.java:assertClosed(39)) - ManagedColumnFamilyOptions is not closed properly
2022-08-10 09:22:39,644 [Finalizer] WARN  managed.ManagedRocksObjectUtils (ManagedRocksObjectUtils.java:assertClosed(39)) - ManagedLRUCache is not closed properly
2022-08-10 09:22:39,644 [Finalizer] WARN  managed.ManagedRocksObjectUtils (ManagedRocksObjectUtils.java:assertClosed(39)) - ManagedBloomFilter is not closed properly
2022-08-10 09:22:39,644 [Finalizer] WARN  managed.ManagedRocksObjectUtils (ManagedRocksObjectUtils.java:assertClosed(39)) - ManagedColumnFamilyOptions is not closed properly
2022-08-10 09:22:39,644 [Finalizer] WARN  managed.ManagedRocksObjectUtils (ManagedRocksObjectUtils.java:assertClosed(39)) - ManagedLRUCache is not closed properly
2022-08-10 09:22:39,644 [Finalizer] WARN  managed.ManagedRocksObjectUtils (ManagedRocksObjectUtils.java:assertClosed(39)) - ManagedBloomFilter is not closed properly
2022-08-10 09:22:39,644 [Finalizer] WARN  managed.ManagedRocksObjectUtils (ManagedRocksObjectUtils.java:assertClosed(39)) - ManagedColumnFamilyOptions is not closed properly
2022-08-10 09:22:39,645 [Finalizer] WARN  managed.ManagedRocksObjectUtils (ManagedRocksObjectUtils.java:assertClosed(39)) - ManagedLRUCache is not closed properly
2022-08-10 09:22:39,645 [Finalizer] WARN  managed.ManagedRocksObjectUtils (ManagedRocksObjectUtils.java:assertClosed(39)) - ManagedBloomFilter is not closed properly
2022-08-10 09:22:39,645 [Finalizer] WARN  managed.ManagedRocksObjectUtils (ManagedRocksObjectUtils.java:assertClosed(39)) - ManagedColumnFamilyOptions is not closed properly
2022-08-10 09:22:39,645 [Finalizer] WARN  managed.ManagedRocksObjectUtils (ManagedRocksObjectUtils.java:assertClosed(39)) - ManagedLRUCache is not closed properly
2022-08-10 09:22:39,645 [Finalizer] WARN  managed.ManagedRocksObjectUtils (ManagedRocksObjectUtils.java:assertClosed(39)) - ManagedBloomFilter is not closed properly
2022-08-10 09:22:39,645 [Finalizer] WARN  managed.ManagedRocksObjectUtils (ManagedRocksObjectUtils.java:assertClosed(39)) - ManagedColumnFamilyOptions is not closed properly
2022-08-10 09:22:39,645 [Finalizer] WARN  managed.ManagedRocksObjectUtils (ManagedRocksObjectUtils.java:assertClosed(39)) - ManagedLRUCache is not closed properly
2022-08-10 09:22:39,645 [Finalizer] WARN  managed.ManagedRocksObjectUtils (ManagedRocksObjectUtils.java:assertClosed(39)) - ManagedBloomFilter is not closed properly
2022-08-10 09:22:39,645 [Finalizer] WARN  managed.ManagedRocksObjectUtils (ManagedRocksObjectUtils.java:assertClosed(39)) - ManagedColumnFamilyOptions is not closed properly
2022-08-10 09:22:39,645 [Finalizer] WARN  managed.ManagedRocksObjectUtils (ManagedRocksObjectUtils.java:assertClosed(39)) - ManagedLRUCache is not closed properly
2022-08-10 09:22:39,645 [Finalizer] WARN  managed.ManagedRocksObjectUtils (ManagedRocksObjectUtils.java:assertClosed(39)) - ManagedBloomFilter is not closed properly
2022-08-10 09:22:39,645 [Finalizer] WARN  managed.ManagedRocksObjectUtils (ManagedRocksObjectUtils.java:assertClosed(39)) - ManagedColumnFamilyOptions is not closed properly
2022-08-10 09:22:39,645 [Finalizer] WARN  managed.ManagedRocksObjectUtils (ManagedRocksObjectUtils.java:assertClosed(39)) - ManagedLRUCache is not closed properly
2022-08-10 09:22:39,645 [Finalizer] WARN  managed.ManagedRocksObjectUtils (ManagedRocksObjectUtils.java:assertClosed(39)) - ManagedBloomFilter is not closed properly
2022-08-10 09:22:39,645 [Finalizer] WARN  managed.ManagedRocksObjectUtils (ManagedRocksObjectUtils.java:assertClosed(39)) - ManagedColumnFamilyOptions is not closed properly
2022-08-10 09:22:39,645 [Finalizer] WARN  managed.ManagedRocksObjectUtils (ManagedRocksObjectUtils.java:assertClosed(39)) - ManagedLRUCache is not closed properly
2022-08-10 09:22:39,645 [Finalizer] WARN  managed.ManagedRocksObjectUtils (ManagedRocksObjectUtils.java:assertClosed(39)) - ManagedBloomFilter is not closed properly
2022-08-10 09:22:39,645 [Finalizer] WARN  managed.ManagedRocksObjectUtils (ManagedRocksObjectUtils.java:assertClosed(39)) - ManagedColumnFamilyOptions is not closed properly
2022-08-10 09:22:39,649 [Finalizer] WARN  managed.ManagedRocksObjectUtils (ManagedRocksObjectUtils.java:assertClosed(39)) - ManagedLRUCache is not closed properly
2022-08-10 09:22:39,649 [Finalizer] WARN  managed.ManagedRocksObjectUtils (ManagedRocksObjectUtils.java:assertClosed(39)) - ManagedBloomFilter is not closed properly
2022-08-10 09:22:39,649 [Finalizer] WARN  managed.ManagedRocksObjectUtils (ManagedRocksObjectUtils.java:assertClosed(39)) - ManagedColumnFamilyOptions is not closed properly
2022-08-10 09:22:39,649 [Finalizer] WARN  managed.ManagedRocksObjectUtils (ManagedRocksObjectUtils.java:assertClosed(39)) - ManagedLRUCache is not closed properly
2022-08-10 09:22:39,649 [Finalizer] WARN  managed.ManagedRocksObjectUtils (ManagedRocksObjectUtils.java:assertClosed(39)) - ManagedBloomFilter is not closed properly
2022-08-10 09:22:39,649 [Finalizer] WARN  managed.ManagedRocksObjectUtils (ManagedRocksObjectUtils.java:assertClosed(39)) - ManagedColumnFamilyOptions is not closed properly
2022-08-10 09:22:39,649 [Finalizer] WARN  managed.ManagedRocksObjectUtils (ManagedRocksObjectUtils.java:assertClosed(39)) - ManagedLRUCache is not closed properly
2022-08-10 09:22:39,649 [Finalizer] WARN  managed.ManagedRocksObjectUtils (ManagedRocksObjectUtils.java:assertClosed(39)) - ManagedBloomFilter is not closed properly
2022-08-10 09:22:39,649 [Finalizer] WARN  managed.ManagedRocksObjectUtils (ManagedRocksObjectUtils.java:assertClosed(39)) - ManagedColumnFamilyOptions is not closed properly
2022-08-10 09:22:39,650 [Finalizer] WARN  managed.ManagedRocksObjectUtils (ManagedRocksObjectUtils.java:assertClosed(39)) - ManagedLRUCache is not closed properly
2022-08-10 09:22:39,650 [Finalizer] WARN  managed.ManagedRocksObjectUtils (ManagedRocksObjectUtils.java:assertClosed(39)) - ManagedBloomFilter is not closed properly
2022-08-10 09:22:39,650 [Finalizer] WARN  managed.ManagedRocksObjectUtils (ManagedRocksObjectUtils.java:assertClosed(39)) - ManagedColumnFamilyOptions is not closed properly
2022-08-10 09:22:39,650 [Finalizer] WARN  managed.ManagedRocksObjectUtils (ManagedRocksObjectUtils.java:assertClosed(39)) - ManagedLRUCache is not closed properly
2022-08-10 09:22:39,650 [Finalizer] WARN  managed.ManagedRocksObjectUtils (ManagedRocksObjectUtils.java:assertClosed(39)) - ManagedBloomFilter is not closed properly
2022-08-10 09:22:39,650 [Finalizer] WARN  managed.ManagedRocksObjectUtils (ManagedRocksObjectUtils.java:assertClosed(39)) - ManagedColumnFamilyOptions is not closed properly
2022-08-10 09:22:39,650 [Finalizer] WARN  managed.ManagedRocksObjectUtils (ManagedRocksObjectUtils.java:assertClosed(39)) - ManagedLRUCache is not closed properly
2022-08-10 09:22:39,650 [Finalizer] WARN  managed.ManagedRocksObjectUtils (ManagedRocksObjectUtils.java:assertClosed(39)) - ManagedBloomFilter is not closed properly
2022-08-10 09:22:39,650 [Finalizer] WARN  managed.ManagedRocksObjectUtils (ManagedRocksObjectUtils.java:assertClosed(39)) - ManagedColumnFamilyOptions is not closed properly
2022-08-10 09:22:39,650 [Finalizer] WARN  managed.ManagedRocksObjectUtils (ManagedRocksObjectUtils.java:assertClosed(39)) - ManagedLRUCache is not closed properly
2022-08-10 09:22:39,650 [Finalizer] WARN  managed.ManagedRocksObjectUtils (ManagedRocksObjectUtils.java:assertClosed(39)) - ManagedBloomFilter is not closed properly
2022-08-10 09:22:39,650 [Finalizer] WARN  managed.ManagedRocksObjectUtils (ManagedRocksObjectUtils.java:assertClosed(39)) - ManagedColumnFamilyOptions is not closed properly
2022-08-10 09:22:39,650 [Finalizer] WARN  managed.ManagedRocksObjectUtils (ManagedRocksObjectUtils.java:assertClosed(39)) - ManagedLRUCache is not closed properly
2022-08-10 09:22:39,650 [Finalizer] WARN  managed.ManagedRocksObjectUtils (ManagedRocksObjectUtils.java:assertClosed(39)) - ManagedBloomFilter is not closed properly
2022-08-10 09:22:39,650 [Finalizer] WARN  managed.ManagedRocksObjectUtils (ManagedRocksObjectUtils.java:assertClosed(39)) - ManagedColumnFamilyOptions is not closed properly
2022-08-10 09:22:39,650 [Finalizer] WARN  managed.ManagedRocksObjectUtils (ManagedRocksObjectUtils.java:assertClosed(39)) - ManagedLRUCache is not closed properly
2022-08-10 09:22:39,650 [Finalizer] WARN  managed.ManagedRocksObjectUtils (ManagedRocksObjectUtils.java:assertClosed(39)) - ManagedBloomFilter is not closed properly
2022-08-10 09:22:39,650 [Finalizer] WARN  managed.ManagedRocksObjectUtils (ManagedRocksObjectUtils.java:assertClosed(39)) - ManagedColumnFamilyOptions is not closed properly
2022-08-10 09:22:39,650 [Finalizer] WARN  managed.ManagedRocksObjectUtils (ManagedRocksObjectUtils.java:assertClosed(39)) - ManagedLRUCache is not closed properly
2022-08-10 09:22:39,650 [Finalizer] WARN  managed.ManagedRocksObjectUtils (ManagedRocksObjectUtils.java:assertClosed(39)) - ManagedBloomFilter is not closed properly
2022-08-10 09:22:40,265 [grpc-default-executor-4] WARN  server.GrpcLogAppender (LogUtils.java:warn(122)) - 895c4c6d-5b5c-4808-a9cf-fdca3e3afc0d@group-20D72298988B->307a4eae-8455-4484-b26c-d8f5f09d506a-AppendLogResponseHandler: Failed appendEntries: org.apache.ratis.thirdparty.io.grpc.StatusRuntimeException: UNAVAILABLE: io exception
2022-08-10 09:22:40,266 [grpc-default-executor-4] WARN  server.GrpcLogAppender (GrpcLogAppender.java:resetClient(111)) - 895c4c6d-5b5c-4808-a9cf-fdca3e3afc0d@group-20D72298988B->307a4eae-8455-4484-b26c-d8f5f09d506a-GrpcLogAppender: Leader has not got in touch with Follower 895c4c6d-5b5c-4808-a9cf-fdca3e3afc0d@group-20D72298988B->307a4eae-8455-4484-b26c-d8f5f09d506a(c0,m0,n1, attendVote=true, lastRpcSendTime=0, lastRpcResponseTime=2503) yet, just keep nextIndex unchanged and retry.
2022-08-10 09:22:40,272 [grpc-default-executor-1] WARN  server.GrpcLogAppender (LogUtils.java:warn(122)) - 895c4c6d-5b5c-4808-a9cf-fdca3e3afc0d@group-20D72298988B->1aca9449-889e-455e-97c1-34bb763eddaa-AppendLogResponseHandler: Failed appendEntries: org.apache.ratis.thirdparty.io.grpc.StatusRuntimeException: UNAVAILABLE: io exception
2022-08-10 09:22:40,272 [grpc-default-executor-1] WARN  server.GrpcLogAppender (GrpcLogAppender.java:resetClient(111)) - 895c4c6d-5b5c-4808-a9cf-fdca3e3afc0d@group-20D72298988B->1aca9449-889e-455e-97c1-34bb763eddaa-GrpcLogAppender: Leader has not got in touch with Follower 895c4c6d-5b5c-4808-a9cf-fdca3e3afc0d@group-20D72298988B->1aca9449-889e-455e-97c1-34bb763eddaa(c0,m0,n1, attendVote=true, lastRpcSendTime=1, lastRpcResponseTime=2503) yet, just keep nextIndex unchanged and retry.
2022-08-10 09:22:40,317 [EndpointStateMachine task thread for /0.0.0.0:42301 - 0 ] INFO  ipc.Client (Client.java:handleConnectionFailure(977)) - Retrying connect to server: 0.0.0.0/0.0.0.0:42301. Already tried 4 time(s); retry policy is RetryUpToMaximumCountWithFixedSleep(maxRetries=15, sleepTime=1000 MILLISECONDS)
2022-08-10 09:22:40,319 [Datanode State Machine Daemon Thread] ERROR datanode.RunningDatanodeState (RunningDatanodeState.java:computeNextContainerState(207)) - Error in executing end point task.
java.util.concurrent.ExecutionException: java.util.concurrent.TimeoutException
	at java.util.concurrent.FutureTask.report(FutureTask.java:122)
	at java.util.concurrent.FutureTask.get(FutureTask.java:192)
	at org.apache.hadoop.ozone.container.common.states.datanode.RunningDatanodeState.computeNextContainerState(RunningDatanodeState.java:199)
	at org.apache.hadoop.ozone.container.common.states.datanode.RunningDatanodeState.await(RunningDatanodeState.java:239)
	at org.apache.hadoop.ozone.container.common.states.datanode.RunningDatanodeState.await(RunningDatanodeState.java:50)
	at org.apache.hadoop.ozone.container.common.statemachine.StateContext.execute(StateContext.java:660)
	at org.apache.hadoop.ozone.container.common.statemachine.DatanodeStateMachine.startStateMachineThread(DatanodeStateMachine.java:298)
	at org.apache.hadoop.ozone.container.common.statemachine.DatanodeStateMachine.lambda$startDaemon$0(DatanodeStateMachine.java:493)
	at java.lang.Thread.run(Thread.java:750)
Caused by: java.util.concurrent.TimeoutException
	at java.util.concurrent.FutureTask.get(FutureTask.java:205)
	at org.apache.hadoop.ozone.container.common.states.datanode.RunningDatanodeState.lambda$execute$0(RunningDatanodeState.java:157)
	at java.util.concurrent.FutureTask.run(FutureTask.java:266)
	at java.util.concurrent.Executors$RunnableAdapter.call(Executors.java:511)
	at java.util.concurrent.FutureTask.run(FutureTask.java:266)
	at java.util.concurrent.ThreadPoolExecutor.runWorker(ThreadPoolExecutor.java:1149)
	at java.util.concurrent.ThreadPoolExecutor$Worker.run(ThreadPoolExecutor.java:624)
	... 1 more
2022-08-10 09:22:41,318 [EndpointStateMachine task thread for /0.0.0.0:42301 - 0 ] INFO  ipc.Client (Client.java:handleConnectionFailure(977)) - Retrying connect to server: 0.0.0.0/0.0.0.0:42301. Already tried 5 time(s); retry policy is RetryUpToMaximumCountWithFixedSleep(maxRetries=15, sleepTime=1000 MILLISECONDS)
2022-08-10 09:22:41,377 [ForkJoinPool.commonPool-worker-1] INFO  utils.BackgroundService (BackgroundService.java:shutdown(141)) - Shutting down service BlockDeletingService
2022-08-10 09:22:41,377 [ForkJoinPool.commonPool-worker-1] INFO  utils.BackgroundService (BackgroundService.java:shutdown(141)) - Shutting down service StaleRecoveringContainerScrubbingService
2022-08-10 09:22:41,416 [Listener at localhost/39929] INFO  utils.BackgroundService (BackgroundService.java:shutdown(141)) - Shutting down service BlockDeletingService
2022-08-10 09:22:41,417 [Listener at localhost/39929] INFO  utils.BackgroundService (BackgroundService.java:shutdown(141)) - Shutting down service StaleRecoveringContainerScrubbingService
2022-08-10 09:22:41,517 [grpc-default-executor-1] WARN  server.GrpcLogAppender (LogUtils.java:warn(122)) - 895c4c6d-5b5c-4808-a9cf-fdca3e3afc0d@group-20D72298988B->307a4eae-8455-4484-b26c-d8f5f09d506a-AppendLogResponseHandler: Failed appendEntries: org.apache.ratis.thirdparty.io.grpc.StatusRuntimeException: UNAVAILABLE: io exception
2022-08-10 09:22:41,518 [grpc-default-executor-1] WARN  server.GrpcLogAppender (GrpcLogAppender.java:resetClient(111)) - 895c4c6d-5b5c-4808-a9cf-fdca3e3afc0d@group-20D72298988B->307a4eae-8455-4484-b26c-d8f5f09d506a-GrpcLogAppender: Leader has not got in touch with Follower 895c4c6d-5b5c-4808-a9cf-fdca3e3afc0d@group-20D72298988B->307a4eae-8455-4484-b26c-d8f5f09d506a(c0,m0,n1, attendVote=true, lastRpcSendTime=1252, lastRpcResponseTime=3754) yet, just keep nextIndex unchanged and retry.
2022-08-10 09:22:41,521 [grpc-default-executor-1] WARN  server.GrpcLogAppender (LogUtils.java:warn(122)) - 895c4c6d-5b5c-4808-a9cf-fdca3e3afc0d@group-20D72298988B->1aca9449-889e-455e-97c1-34bb763eddaa-AppendLogResponseHandler: Failed appendEntries: org.apache.ratis.thirdparty.io.grpc.StatusRuntimeException: UNAVAILABLE: io exception
2022-08-10 09:22:41,521 [grpc-default-executor-1] WARN  server.GrpcLogAppender (GrpcLogAppender.java:resetClient(111)) - 895c4c6d-5b5c-4808-a9cf-fdca3e3afc0d@group-20D72298988B->1aca9449-889e-455e-97c1-34bb763eddaa-GrpcLogAppender: Leader has not got in touch with Follower 895c4c6d-5b5c-4808-a9cf-fdca3e3afc0d@group-20D72298988B->1aca9449-889e-455e-97c1-34bb763eddaa(c0,m0,n1, attendVote=true, lastRpcSendTime=0, lastRpcResponseTime=3752) yet, just keep nextIndex unchanged and retry.
2022-08-10 09:22:42,319 [EndpointStateMachine task thread for /0.0.0.0:42301 - 0 ] INFO  ipc.Client (Client.java:handleConnectionFailure(977)) - Retrying connect to server: 0.0.0.0/0.0.0.0:42301. Already tried 6 time(s); retry policy is RetryUpToMaximumCountWithFixedSleep(maxRetries=15, sleepTime=1000 MILLISECONDS)
2022-08-10 09:22:42,770 [grpc-default-executor-1] WARN  server.GrpcLogAppender (LogUtils.java:warn(122)) - 895c4c6d-5b5c-4808-a9cf-fdca3e3afc0d@group-20D72298988B->307a4eae-8455-4484-b26c-d8f5f09d506a-AppendLogResponseHandler: Failed appendEntries: org.apache.ratis.thirdparty.io.grpc.StatusRuntimeException: UNAVAILABLE: io exception
2022-08-10 09:22:42,771 [grpc-default-executor-4] WARN  server.GrpcLogAppender (LogUtils.java:warn(122)) - 895c4c6d-5b5c-4808-a9cf-fdca3e3afc0d@group-20D72298988B->1aca9449-889e-455e-97c1-34bb763eddaa-AppendLogResponseHandler: Failed appendEntries: org.apache.ratis.thirdparty.io.grpc.StatusRuntimeException: UNAVAILABLE: io exception
2022-08-10 09:22:42,772 [grpc-default-executor-4] WARN  server.GrpcLogAppender (GrpcLogAppender.java:resetClient(111)) - 895c4c6d-5b5c-4808-a9cf-fdca3e3afc0d@group-20D72298988B->1aca9449-889e-455e-97c1-34bb763eddaa-GrpcLogAppender: Leader has not got in touch with Follower 895c4c6d-5b5c-4808-a9cf-fdca3e3afc0d@group-20D72298988B->1aca9449-889e-455e-97c1-34bb763eddaa(c0,m0,n1, attendVote=true, lastRpcSendTime=1251, lastRpcResponseTime=5003) yet, just keep nextIndex unchanged and retry.
2022-08-10 09:22:42,773 [grpc-default-executor-1] WARN  server.GrpcLogAppender (GrpcLogAppender.java:resetClient(111)) - 895c4c6d-5b5c-4808-a9cf-fdca3e3afc0d@group-20D72298988B->307a4eae-8455-4484-b26c-d8f5f09d506a-GrpcLogAppender: Leader has not got in touch with Follower 895c4c6d-5b5c-4808-a9cf-fdca3e3afc0d@group-20D72298988B->307a4eae-8455-4484-b26c-d8f5f09d506a(c0,m0,n1, attendVote=true, lastRpcSendTime=1254, lastRpcResponseTime=5009) yet, just keep nextIndex unchanged and retry.
2022-08-10 09:22:43,320 [EndpointStateMachine task thread for /0.0.0.0:42301 - 0 ] INFO  ipc.Client (Client.java:handleConnectionFailure(977)) - Retrying connect to server: 0.0.0.0/0.0.0.0:42301. Already tried 7 time(s); retry policy is RetryUpToMaximumCountWithFixedSleep(maxRetries=15, sleepTime=1000 MILLISECONDS)
2022-08-10 09:22:44,025 [grpc-default-executor-1] WARN  server.GrpcLogAppender (LogUtils.java:warn(122)) - 895c4c6d-5b5c-4808-a9cf-fdca3e3afc0d@group-20D72298988B->307a4eae-8455-4484-b26c-d8f5f09d506a-AppendLogResponseHandler: Failed appendEntries: org.apache.ratis.thirdparty.io.grpc.StatusRuntimeException: UNAVAILABLE: io exception
2022-08-10 09:22:44,025 [grpc-default-executor-1] WARN  server.GrpcLogAppender (GrpcLogAppender.java:resetClient(111)) - 895c4c6d-5b5c-4808-a9cf-fdca3e3afc0d@group-20D72298988B->307a4eae-8455-4484-b26c-d8f5f09d506a-GrpcLogAppender: Leader has not got in touch with Follower 895c4c6d-5b5c-4808-a9cf-fdca3e3afc0d@group-20D72298988B->307a4eae-8455-4484-b26c-d8f5f09d506a(c0,m0,n1, attendVote=true, lastRpcSendTime=1251, lastRpcResponseTime=6262) yet, just keep nextIndex unchanged and retry.
2022-08-10 09:22:44,036 [grpc-default-executor-1] WARN  server.GrpcLogAppender (LogUtils.java:warn(122)) - 895c4c6d-5b5c-4808-a9cf-fdca3e3afc0d@group-20D72298988B->1aca9449-889e-455e-97c1-34bb763eddaa-AppendLogResponseHandler: Failed appendEntries: org.apache.ratis.thirdparty.io.grpc.StatusRuntimeException: UNAVAILABLE: io exception
2022-08-10 09:22:44,037 [grpc-default-executor-1] WARN  server.GrpcLogAppender (GrpcLogAppender.java:resetClient(111)) - 895c4c6d-5b5c-4808-a9cf-fdca3e3afc0d@group-20D72298988B->1aca9449-889e-455e-97c1-34bb763eddaa-GrpcLogAppender: Leader has not got in touch with Follower 895c4c6d-5b5c-4808-a9cf-fdca3e3afc0d@group-20D72298988B->1aca9449-889e-455e-97c1-34bb763eddaa(c0,m0,n1, attendVote=true, lastRpcSendTime=1264, lastRpcResponseTime=6268) yet, just keep nextIndex unchanged and retry.
2022-08-10 09:22:44,216 [895c4c6d-5b5c-4808-a9cf-fdca3e3afc0d@group-711033C97113-FollowerState] INFO  impl.FollowerState (FollowerState.java:run(143)) - 895c4c6d-5b5c-4808-a9cf-fdca3e3afc0d@group-711033C97113-FollowerState: change to CANDIDATE, lastRpcElapsedTime:5775274774ns, electionTimeout:5050ms
2022-08-10 09:22:44,216 [895c4c6d-5b5c-4808-a9cf-fdca3e3afc0d@group-711033C97113-FollowerState] INFO  impl.RoleInfo (RoleInfo.java:shutdownFollowerState(110)) - 895c4c6d-5b5c-4808-a9cf-fdca3e3afc0d: shutdown 895c4c6d-5b5c-4808-a9cf-fdca3e3afc0d@group-711033C97113-FollowerState
2022-08-10 09:22:44,216 [895c4c6d-5b5c-4808-a9cf-fdca3e3afc0d@group-711033C97113-FollowerState] INFO  server.RaftServer$Division (RaftServerImpl.java:setRole(299)) - 895c4c6d-5b5c-4808-a9cf-fdca3e3afc0d@group-711033C97113: changes role from  FOLLOWER to CANDIDATE at term 4 for changeToCandidate
2022-08-10 09:22:44,216 [895c4c6d-5b5c-4808-a9cf-fdca3e3afc0d@group-711033C97113-FollowerState] INFO  server.RaftServerConfigKeys (ConfUtils.java:logGet(46)) - raft.server.leaderelection.pre-vote = false (custom)
2022-08-10 09:22:44,217 [895c4c6d-5b5c-4808-a9cf-fdca3e3afc0d@group-711033C97113-FollowerState] INFO  impl.RoleInfo (RoleInfo.java:updateAndGet(139)) - 895c4c6d-5b5c-4808-a9cf-fdca3e3afc0d: start 895c4c6d-5b5c-4808-a9cf-fdca3e3afc0d@group-711033C97113-LeaderElection30
2022-08-10 09:22:44,228 [895c4c6d-5b5c-4808-a9cf-fdca3e3afc0d@group-711033C97113-LeaderElection30] INFO  server.RaftServer$Division (ServerState.java:setLeader(287)) - 895c4c6d-5b5c-4808-a9cf-fdca3e3afc0d@group-711033C97113: change Leader from 307a4eae-8455-4484-b26c-d8f5f09d506a to null at term 4 for ELECTION
2022-08-10 09:22:44,231 [895c4c6d-5b5c-4808-a9cf-fdca3e3afc0d@group-711033C97113-LeaderElection30] INFO  impl.LeaderElection (LeaderElection.java:askForVotes(310)) - 895c4c6d-5b5c-4808-a9cf-fdca3e3afc0d@group-711033C97113-LeaderElection30 ELECTION round 0: submit vote requests at term 5 for 0: [307a4eae-8455-4484-b26c-d8f5f09d506a|rpc:10.1.0.9:36815|dataStream:|priority:1, 1aca9449-889e-455e-97c1-34bb763eddaa|rpc:10.1.0.9:44661|dataStream:|priority:0, 895c4c6d-5b5c-4808-a9cf-fdca3e3afc0d|rpc:10.1.0.9:40015|dataStream:|priority:0], old=null
2022-08-10 09:22:44,258 [895c4c6d-5b5c-4808-a9cf-fdca3e3afc0d@group-711033C97113-LeaderElection30] INFO  impl.LeaderElection (LogUtils.java:infoOrTrace(137)) - 895c4c6d-5b5c-4808-a9cf-fdca3e3afc0d@group-711033C97113-LeaderElection30 got exception when requesting votes: java.util.concurrent.ExecutionException: org.apache.ratis.thirdparty.io.grpc.StatusRuntimeException: UNAVAILABLE: io exception
2022-08-10 09:22:44,264 [895c4c6d-5b5c-4808-a9cf-fdca3e3afc0d@group-711033C97113-LeaderElection30] INFO  impl.LeaderElection (LogUtils.java:infoOrTrace(137)) - 895c4c6d-5b5c-4808-a9cf-fdca3e3afc0d@group-711033C97113-LeaderElection30 got exception when requesting votes: java.util.concurrent.ExecutionException: org.apache.ratis.thirdparty.io.grpc.StatusRuntimeException: UNAVAILABLE: io exception
2022-08-10 09:22:44,264 [895c4c6d-5b5c-4808-a9cf-fdca3e3afc0d@group-711033C97113-LeaderElection30] INFO  impl.LeaderElection (LeaderElection.java:logAndReturn(90)) - 895c4c6d-5b5c-4808-a9cf-fdca3e3afc0d@group-711033C97113-LeaderElection30: ELECTION REJECTED received 0 response(s) and 2 exception(s):
2022-08-10 09:22:44,264 [895c4c6d-5b5c-4808-a9cf-fdca3e3afc0d@group-711033C97113-LeaderElection30] INFO  impl.LeaderElection (LogUtils.java:infoOrTrace(137)) -   Exception 0: java.util.concurrent.ExecutionException: org.apache.ratis.thirdparty.io.grpc.StatusRuntimeException: UNAVAILABLE: io exception
2022-08-10 09:22:44,264 [895c4c6d-5b5c-4808-a9cf-fdca3e3afc0d@group-711033C97113-LeaderElection30] INFO  impl.LeaderElection (LogUtils.java:infoOrTrace(137)) -   Exception 1: java.util.concurrent.ExecutionException: org.apache.ratis.thirdparty.io.grpc.StatusRuntimeException: UNAVAILABLE: io exception
2022-08-10 09:22:44,264 [895c4c6d-5b5c-4808-a9cf-fdca3e3afc0d@group-711033C97113-LeaderElection30] INFO  impl.LeaderElection (LeaderElection.java:askForVotes(312)) - 895c4c6d-5b5c-4808-a9cf-fdca3e3afc0d@group-711033C97113-LeaderElection30 ELECTION round 0: result REJECTED
2022-08-10 09:22:44,265 [895c4c6d-5b5c-4808-a9cf-fdca3e3afc0d@group-711033C97113-LeaderElection30] INFO  server.RaftServer$Division (RaftServerImpl.java:setRole(299)) - 895c4c6d-5b5c-4808-a9cf-fdca3e3afc0d@group-711033C97113: changes role from CANDIDATE to FOLLOWER at term 5 for REJECTED
2022-08-10 09:22:44,265 [895c4c6d-5b5c-4808-a9cf-fdca3e3afc0d@group-711033C97113-LeaderElection30] INFO  impl.RoleInfo (RoleInfo.java:shutdownLeaderElection(130)) - 895c4c6d-5b5c-4808-a9cf-fdca3e3afc0d: shutdown 895c4c6d-5b5c-4808-a9cf-fdca3e3afc0d@group-711033C97113-LeaderElection30
2022-08-10 09:22:44,265 [895c4c6d-5b5c-4808-a9cf-fdca3e3afc0d@group-711033C97113-LeaderElection30] INFO  impl.RoleInfo (RoleInfo.java:updateAndGet(139)) - 895c4c6d-5b5c-4808-a9cf-fdca3e3afc0d: start 895c4c6d-5b5c-4808-a9cf-fdca3e3afc0d@group-711033C97113-FollowerState
2022-08-10 09:22:44,321 [EndpointStateMachine task thread for /0.0.0.0:42301 - 0 ] INFO  ipc.Client (Client.java:handleConnectionFailure(977)) - Retrying connect to server: 0.0.0.0/0.0.0.0:42301. Already tried 8 time(s); retry policy is RetryUpToMaximumCountWithFixedSleep(maxRetries=15, sleepTime=1000 MILLISECONDS)
2022-08-10 09:22:44,392 [ForkJoinPool.commonPool-worker-1] INFO  statemachine.DatanodeStateMachine (DatanodeStateMachine.java:stopDaemon(580)) - Ozone container server stopped.
2022-08-10 09:22:44,444 [Listener at localhost/39929] INFO  statemachine.DatanodeStateMachine (DatanodeStateMachine.java:stopDaemon(580)) - Ozone container server stopped.
2022-08-10 09:22:44,488 [Listener at localhost/39929] INFO  handler.ContextHandler (ContextHandler.java:doStop(1153)) - Stopped o.e.j.w.WebAppContext@1d233a80{hddsDatanode,/,null,STOPPED}{jar:file:/home/runner/.m2/repository/org/apache/ozone/hdds-container-service/1.3.0-SNAPSHOT/hdds-container-service-1.3.0-SNAPSHOT.jar!/webapps/hddsDatanode}
2022-08-10 09:22:44,489 [Listener at localhost/39929] INFO  server.AbstractConnector (AbstractConnector.java:doStop(381)) - Stopped ServerConnector@7584fb44{HTTP/1.1, (http/1.1)}{0.0.0.0:0}
2022-08-10 09:22:44,489 [Listener at localhost/39929] INFO  server.session (HouseKeeper.java:stopScavenging(149)) - node0 Stopped scavenging
2022-08-10 09:22:44,489 [Listener at localhost/39929] INFO  handler.ContextHandler (ContextHandler.java:doStop(1153)) - Stopped o.e.j.s.ServletContextHandler@785bf7c7{static,/static,jar:file:/home/runner/.m2/repository/org/apache/ozone/hdds-container-service/1.3.0-SNAPSHOT/hdds-container-service-1.3.0-SNAPSHOT.jar!/webapps/static,STOPPED}
2022-08-10 09:22:44,490 [Listener at localhost/39929] INFO  handler.ContextHandler (ContextHandler.java:doStop(1153)) - Stopped o.e.j.s.ServletContextHandler@14c28421{logs,/logs,file:///home/runner/work/ozone/ozone/hadoop-ozone/integration-test/target/log,STOPPED}
2022-08-10 09:22:44,490 [ForkJoinPool.commonPool-worker-1] INFO  handler.ContextHandler (ContextHandler.java:doStop(1153)) - Stopped o.e.j.w.WebAppContext@2cf0deac{hddsDatanode,/,null,STOPPED}{jar:file:/home/runner/.m2/repository/org/apache/ozone/hdds-container-service/1.3.0-SNAPSHOT/hdds-container-service-1.3.0-SNAPSHOT.jar!/webapps/hddsDatanode}
2022-08-10 09:22:44,493 [ForkJoinPool.commonPool-worker-1] INFO  server.AbstractConnector (AbstractConnector.java:doStop(381)) - Stopped ServerConnector@7f1d809e{HTTP/1.1, (http/1.1)}{0.0.0.0:0}
2022-08-10 09:22:44,501 [ForkJoinPool.commonPool-worker-1] INFO  server.session (HouseKeeper.java:stopScavenging(149)) - node0 Stopped scavenging
2022-08-10 09:22:44,516 [ForkJoinPool.commonPool-worker-1] INFO  handler.ContextHandler (ContextHandler.java:doStop(1153)) - Stopped o.e.j.s.ServletContextHandler@6d31bae5{static,/static,jar:file:/home/runner/.m2/repository/org/apache/ozone/hdds-container-service/1.3.0-SNAPSHOT/hdds-container-service-1.3.0-SNAPSHOT.jar!/webapps/static,STOPPED}
2022-08-10 09:22:44,541 [ForkJoinPool.commonPool-worker-1] INFO  handler.ContextHandler (ContextHandler.java:doStop(1153)) - Stopped o.e.j.s.ServletContextHandler@2ba83c41{logs,/logs,file:///home/runner/work/ozone/ozone/hadoop-ozone/integration-test/target/log,STOPPED}
2022-08-10 09:22:45,014 [895c4c6d-5b5c-4808-a9cf-fdca3e3afc0d@group-20D72298988B-LeaderStateImpl] WARN  server.RaftServer$Division (LeaderStateImpl.java:checkLeadership(1018)) - 895c4c6d-5b5c-4808-a9cf-fdca3e3afc0d@group-20D72298988B-LeaderStateImpl: Lost leadership on term: 2. Election timeout: 5200ms. In charge for: 62441ms. Conf: 0: [307a4eae-8455-4484-b26c-d8f5f09d506a|rpc:10.1.0.9:36815|dataStream:|priority:0, 1aca9449-889e-455e-97c1-34bb763eddaa|rpc:10.1.0.9:44661|dataStream:|priority:0, 895c4c6d-5b5c-4808-a9cf-fdca3e3afc0d|rpc:10.1.0.9:40015|dataStream:|priority:1], old=null
2022-08-10 09:22:45,014 [895c4c6d-5b5c-4808-a9cf-fdca3e3afc0d@group-20D72298988B-LeaderStateImpl] WARN  server.RaftServer$Division (LeaderStateImpl.java:lambda$checkLeadership$17(1022)) - Follower 895c4c6d-5b5c-4808-a9cf-fdca3e3afc0d@group-20D72298988B->307a4eae-8455-4484-b26c-d8f5f09d506a(c0,m0,n1, attendVote=true, lastRpcSendTime=986, lastRpcResponseTime=7251)
2022-08-10 09:22:45,014 [895c4c6d-5b5c-4808-a9cf-fdca3e3afc0d@group-20D72298988B-LeaderStateImpl] WARN  server.RaftServer$Division (LeaderStateImpl.java:lambda$checkLeadership$17(1022)) - Follower 895c4c6d-5b5c-4808-a9cf-fdca3e3afc0d@group-20D72298988B->1aca9449-889e-455e-97c1-34bb763eddaa(c0,m0,n1, attendVote=true, lastRpcSendTime=976, lastRpcResponseTime=7245)
2022-08-10 09:22:45,014 [895c4c6d-5b5c-4808-a9cf-fdca3e3afc0d@group-20D72298988B-LeaderStateImpl] INFO  server.RaftServer$Division (RaftServerImpl.java:setRole(299)) - 895c4c6d-5b5c-4808-a9cf-fdca3e3afc0d@group-20D72298988B: changes role from    LEADER to FOLLOWER at term 2 for StepDownReason:LOST_MAJORITY_HEARTBEATS
2022-08-10 09:22:45,014 [895c4c6d-5b5c-4808-a9cf-fdca3e3afc0d@group-20D72298988B-LeaderStateImpl] INFO  impl.RoleInfo (RoleInfo.java:shutdownLeaderState(93)) - 895c4c6d-5b5c-4808-a9cf-fdca3e3afc0d: shutdown 895c4c6d-5b5c-4808-a9cf-fdca3e3afc0d@group-20D72298988B-LeaderStateImpl
2022-08-10 09:22:45,014 [895c4c6d-5b5c-4808-a9cf-fdca3e3afc0d@group-20D72298988B-LeaderStateImpl] INFO  impl.PendingRequests (PendingRequests.java:sendNotLeaderResponses(282)) - 895c4c6d-5b5c-4808-a9cf-fdca3e3afc0d@group-20D72298988B-PendingRequests: sendNotLeaderResponses
2022-08-10 09:22:45,015 [895c4c6d-5b5c-4808-a9cf-fdca3e3afc0d@group-20D72298988B-LeaderStateImpl] INFO  impl.RoleInfo (RoleInfo.java:updateAndGet(139)) - 895c4c6d-5b5c-4808-a9cf-fdca3e3afc0d: start 895c4c6d-5b5c-4808-a9cf-fdca3e3afc0d@group-20D72298988B-FollowerState
2022-08-10 09:22:45,321 [EndpointStateMachine task thread for /0.0.0.0:42301 - 0 ] INFO  ipc.Client (Client.java:handleConnectionFailure(977)) - Retrying connect to server: 0.0.0.0/0.0.0.0:42301. Already tried 9 time(s); retry policy is RetryUpToMaximumCountWithFixedSleep(maxRetries=15, sleepTime=1000 MILLISECONDS)
2022-08-10 09:22:45,322 [Datanode State Machine Daemon Thread] WARN  statemachine.StateContext (StateContext.java:setState(252)) - Ignore disallowed transition from SHUTDOWN to RUNNING
2022-08-10 09:22:46,322 [EndpointStateMachine task thread for /0.0.0.0:42301 - 0 ] INFO  ipc.Client (Client.java:handleConnectionFailure(977)) - Retrying connect to server: 0.0.0.0/0.0.0.0:42301. Already tried 10 time(s); retry policy is RetryUpToMaximumCountWithFixedSleep(maxRetries=15, sleepTime=1000 MILLISECONDS)
2022-08-10 09:22:46,394 [UnderReplicatedQueueThreadThread] INFO  replication.UnderReplicatedProcessor (UnderReplicatedProcessor.java:processAll(85)) - Processed 0 under replicated containers, failed processing 0
2022-08-10 09:22:46,403 [OverReplicatedQueueThreadThread] INFO  replication.OverReplicatedProcessor (OverReplicatedProcessor.java:processAll(83)) - Processed 0 over replicated containers, failed processing 0
2022-08-10 09:22:47,323 [EndpointStateMachine task thread for /0.0.0.0:42301 - 0 ] INFO  ipc.Client (Client.java:handleConnectionFailure(977)) - Retrying connect to server: 0.0.0.0/0.0.0.0:42301. Already tried 11 time(s); retry policy is RetryUpToMaximumCountWithFixedSleep(maxRetries=15, sleepTime=1000 MILLISECONDS)
2022-08-10 09:22:48,324 [EndpointStateMachine task thread for /0.0.0.0:42301 - 0 ] INFO  ipc.Client (Client.java:handleConnectionFailure(977)) - Retrying connect to server: 0.0.0.0/0.0.0.0:42301. Already tried 12 time(s); retry policy is RetryUpToMaximumCountWithFixedSleep(maxRetries=15, sleepTime=1000 MILLISECONDS)
2022-08-10 09:22:49,273 [895c4c6d-5b5c-4808-a9cf-fdca3e3afc0d@group-711033C97113-FollowerState] INFO  impl.FollowerState (FollowerState.java:run(143)) - 895c4c6d-5b5c-4808-a9cf-fdca3e3afc0d@group-711033C97113-FollowerState: change to CANDIDATE, lastRpcElapsedTime:5008745334ns, electionTimeout:5001ms
2022-08-10 09:22:49,274 [895c4c6d-5b5c-4808-a9cf-fdca3e3afc0d@group-711033C97113-FollowerState] INFO  impl.RoleInfo (RoleInfo.java:shutdownFollowerState(110)) - 895c4c6d-5b5c-4808-a9cf-fdca3e3afc0d: shutdown 895c4c6d-5b5c-4808-a9cf-fdca3e3afc0d@group-711033C97113-FollowerState
2022-08-10 09:22:49,274 [895c4c6d-5b5c-4808-a9cf-fdca3e3afc0d@group-711033C97113-FollowerState] INFO  server.RaftServer$Division (RaftServerImpl.java:setRole(299)) - 895c4c6d-5b5c-4808-a9cf-fdca3e3afc0d@group-711033C97113: changes role from  FOLLOWER to CANDIDATE at term 5 for changeToCandidate
2022-08-10 09:22:49,274 [895c4c6d-5b5c-4808-a9cf-fdca3e3afc0d@group-711033C97113-FollowerState] INFO  server.RaftServerConfigKeys (ConfUtils.java:logGet(46)) - raft.server.leaderelection.pre-vote = false (custom)
2022-08-10 09:22:49,274 [895c4c6d-5b5c-4808-a9cf-fdca3e3afc0d@group-711033C97113-FollowerState] INFO  impl.RoleInfo (RoleInfo.java:updateAndGet(139)) - 895c4c6d-5b5c-4808-a9cf-fdca3e3afc0d: start 895c4c6d-5b5c-4808-a9cf-fdca3e3afc0d@group-711033C97113-LeaderElection31
2022-08-10 09:22:49,291 [895c4c6d-5b5c-4808-a9cf-fdca3e3afc0d@group-711033C97113-LeaderElection31] INFO  impl.LeaderElection (LeaderElection.java:askForVotes(310)) - 895c4c6d-5b5c-4808-a9cf-fdca3e3afc0d@group-711033C97113-LeaderElection31 ELECTION round 0: submit vote requests at term 6 for 0: [307a4eae-8455-4484-b26c-d8f5f09d506a|rpc:10.1.0.9:36815|dataStream:|priority:1, 1aca9449-889e-455e-97c1-34bb763eddaa|rpc:10.1.0.9:44661|dataStream:|priority:0, 895c4c6d-5b5c-4808-a9cf-fdca3e3afc0d|rpc:10.1.0.9:40015|dataStream:|priority:0], old=null
2022-08-10 09:22:49,297 [895c4c6d-5b5c-4808-a9cf-fdca3e3afc0d@group-711033C97113-LeaderElection31] INFO  impl.LeaderElection (LogUtils.java:infoOrTrace(137)) - 895c4c6d-5b5c-4808-a9cf-fdca3e3afc0d@group-711033C97113-LeaderElection31 got exception when requesting votes: java.util.concurrent.ExecutionException: org.apache.ratis.thirdparty.io.grpc.StatusRuntimeException: UNAVAILABLE: io exception
2022-08-10 09:22:49,299 [895c4c6d-5b5c-4808-a9cf-fdca3e3afc0d@group-711033C97113-LeaderElection31] INFO  impl.LeaderElection (LogUtils.java:infoOrTrace(137)) - 895c4c6d-5b5c-4808-a9cf-fdca3e3afc0d@group-711033C97113-LeaderElection31 got exception when requesting votes: java.util.concurrent.ExecutionException: org.apache.ratis.thirdparty.io.grpc.StatusRuntimeException: UNAVAILABLE: io exception
2022-08-10 09:22:49,299 [895c4c6d-5b5c-4808-a9cf-fdca3e3afc0d@group-711033C97113-LeaderElection31] INFO  impl.LeaderElection (LeaderElection.java:logAndReturn(90)) - 895c4c6d-5b5c-4808-a9cf-fdca3e3afc0d@group-711033C97113-LeaderElection31: ELECTION REJECTED received 0 response(s) and 2 exception(s):
2022-08-10 09:22:49,299 [895c4c6d-5b5c-4808-a9cf-fdca3e3afc0d@group-711033C97113-LeaderElection31] INFO  impl.LeaderElection (LogUtils.java:infoOrTrace(137)) -   Exception 0: java.util.concurrent.ExecutionException: org.apache.ratis.thirdparty.io.grpc.StatusRuntimeException: UNAVAILABLE: io exception
2022-08-10 09:22:49,299 [895c4c6d-5b5c-4808-a9cf-fdca3e3afc0d@group-711033C97113-LeaderElection31] INFO  impl.LeaderElection (LogUtils.java:infoOrTrace(137)) -   Exception 1: java.util.concurrent.ExecutionException: org.apache.ratis.thirdparty.io.grpc.StatusRuntimeException: UNAVAILABLE: io exception
2022-08-10 09:22:49,299 [895c4c6d-5b5c-4808-a9cf-fdca3e3afc0d@group-711033C97113-LeaderElection31] INFO  impl.LeaderElection (LeaderElection.java:askForVotes(312)) - 895c4c6d-5b5c-4808-a9cf-fdca3e3afc0d@group-711033C97113-LeaderElection31 ELECTION round 0: result REJECTED
2022-08-10 09:22:49,299 [895c4c6d-5b5c-4808-a9cf-fdca3e3afc0d@group-711033C97113-LeaderElection31] INFO  server.RaftServer$Division (RaftServerImpl.java:setRole(299)) - 895c4c6d-5b5c-4808-a9cf-fdca3e3afc0d@group-711033C97113: changes role from CANDIDATE to FOLLOWER at term 6 for REJECTED
2022-08-10 09:22:49,299 [895c4c6d-5b5c-4808-a9cf-fdca3e3afc0d@group-711033C97113-LeaderElection31] INFO  impl.RoleInfo (RoleInfo.java:shutdownLeaderElection(130)) - 895c4c6d-5b5c-4808-a9cf-fdca3e3afc0d: shutdown 895c4c6d-5b5c-4808-a9cf-fdca3e3afc0d@group-711033C97113-LeaderElection31
2022-08-10 09:22:49,299 [895c4c6d-5b5c-4808-a9cf-fdca3e3afc0d@group-711033C97113-LeaderElection31] INFO  impl.RoleInfo (RoleInfo.java:updateAndGet(139)) - 895c4c6d-5b5c-4808-a9cf-fdca3e3afc0d: start 895c4c6d-5b5c-4808-a9cf-fdca3e3afc0d@group-711033C97113-FollowerState
2022-08-10 09:22:49,325 [EndpointStateMachine task thread for /0.0.0.0:42301 - 0 ] INFO  ipc.Client (Client.java:handleConnectionFailure(977)) - Retrying connect to server: 0.0.0.0/0.0.0.0:42301. Already tried 13 time(s); retry policy is RetryUpToMaximumCountWithFixedSleep(maxRetries=15, sleepTime=1000 MILLISECONDS)
2022-08-10 09:22:49,545 [ForkJoinPool.commonPool-worker-1] INFO  ozoneimpl.OzoneContainer (OzoneContainer.java:stop(399)) - Attempting to stop container services.
2022-08-10 09:22:49,545 [ForkJoinPool.commonPool-worker-1] INFO  server.RaftServer (RaftServerProxy.java:lambda$close$7(398)) - 895c4c6d-5b5c-4808-a9cf-fdca3e3afc0d: close
2022-08-10 09:22:49,546 [ForkJoinPool.commonPool-worker-1] INFO  server.RaftServer$Division (RaftServerImpl.java:lambda$close$4(434)) - 895c4c6d-5b5c-4808-a9cf-fdca3e3afc0d@group-76A1F27A6BB5: shutdown
2022-08-10 09:22:49,546 [ForkJoinPool.commonPool-worker-1] INFO  util.JmxRegister (JmxRegister.java:unregister(73)) - Successfully un-registered JMX Bean with object name Ratis:service=RaftServer,group=group-76A1F27A6BB5,id=895c4c6d-5b5c-4808-a9cf-fdca3e3afc0d
2022-08-10 09:22:49,546 [ForkJoinPool.commonPool-worker-1] INFO  impl.RoleInfo (RoleInfo.java:shutdownLeaderState(93)) - 895c4c6d-5b5c-4808-a9cf-fdca3e3afc0d: shutdown 895c4c6d-5b5c-4808-a9cf-fdca3e3afc0d@group-76A1F27A6BB5-LeaderStateImpl
2022-08-10 09:22:49,546 [ForkJoinPool.commonPool-worker-1] INFO  impl.PendingRequests (PendingRequests.java:sendNotLeaderResponses(282)) - 895c4c6d-5b5c-4808-a9cf-fdca3e3afc0d@group-76A1F27A6BB5-PendingRequests: sendNotLeaderResponses
2022-08-10 09:22:49,549 [ForkJoinPool.commonPool-worker-1] INFO  impl.StateMachineUpdater (StateMachineUpdater.java:stopAndJoin(153)) - 895c4c6d-5b5c-4808-a9cf-fdca3e3afc0d@group-76A1F27A6BB5-StateMachineUpdater: set stopIndex = 13
2022-08-10 09:22:49,549 [895c4c6d-5b5c-4808-a9cf-fdca3e3afc0d@group-76A1F27A6BB5-StateMachineUpdater] INFO  ratis.ContainerStateMachine (ContainerStateMachine.java:takeSnapshot(304)) - group-76A1F27A6BB5: Taking a snapshot at:(t:1, i:13) file /home/runner/work/ozone/ozone/hadoop-ozone/integration-test/target/test-dir/MiniOzoneClusterImpl-5b46f7b7-15cd-42ca-88c0-c813cff626ca/datanode-2/data/ratis/5be26405-3e3b-42ec-997e-76a1f27a6bb5/sm/snapshot.1_13
2022-08-10 09:22:49,551 [895c4c6d-5b5c-4808-a9cf-fdca3e3afc0d@group-76A1F27A6BB5-StateMachineUpdater] INFO  ratis.ContainerStateMachine (ContainerStateMachine.java:takeSnapshot(315)) - group-76A1F27A6BB5: Finished taking a snapshot at:(t:1, i:13) file:/home/runner/work/ozone/ozone/hadoop-ozone/integration-test/target/test-dir/MiniOzoneClusterImpl-5b46f7b7-15cd-42ca-88c0-c813cff626ca/datanode-2/data/ratis/5be26405-3e3b-42ec-997e-76a1f27a6bb5/sm/snapshot.1_13 took: 2 ms
2022-08-10 09:22:49,551 [895c4c6d-5b5c-4808-a9cf-fdca3e3afc0d@group-76A1F27A6BB5-StateMachineUpdater] INFO  impl.StateMachineUpdater (StateMachineUpdater.java:takeSnapshot(287)) - 895c4c6d-5b5c-4808-a9cf-fdca3e3afc0d@group-76A1F27A6BB5-StateMachineUpdater: Took a snapshot at index 13
2022-08-10 09:22:49,551 [895c4c6d-5b5c-4808-a9cf-fdca3e3afc0d@group-76A1F27A6BB5-StateMachineUpdater] INFO  impl.StateMachineUpdater (StateMachineUpdater.java:lambda$new$0(92)) - 895c4c6d-5b5c-4808-a9cf-fdca3e3afc0d@group-76A1F27A6BB5-StateMachineUpdater: snapshotIndex: updateIncreasingly -1 -> 13
2022-08-10 09:22:49,552 [ForkJoinPool.commonPool-worker-1] INFO  server.RaftServer$Division (ServerState.java:close(429)) - 895c4c6d-5b5c-4808-a9cf-fdca3e3afc0d@group-76A1F27A6BB5: closes. applyIndex: 13
2022-08-10 09:22:49,552 [895c4c6d-5b5c-4808-a9cf-fdca3e3afc0d@group-76A1F27A6BB5-SegmentedRaftLogWorker] INFO  segmented.SegmentedRaftLogWorker (SegmentedRaftLogWorker.java:run(336)) - 895c4c6d-5b5c-4808-a9cf-fdca3e3afc0d@group-76A1F27A6BB5-SegmentedRaftLogWorker was interrupted, exiting. There are 0 tasks remaining in the queue.
2022-08-10 09:22:49,552 [ForkJoinPool.commonPool-worker-1] INFO  segmented.SegmentedRaftLogWorker (SegmentedRaftLogWorker.java:close(246)) - 895c4c6d-5b5c-4808-a9cf-fdca3e3afc0d@group-76A1F27A6BB5-SegmentedRaftLogWorker close()
2022-08-10 09:22:49,553 [ForkJoinPool.commonPool-worker-1] INFO  server.RaftServer$Division (RaftServerImpl.java:lambda$close$4(434)) - 895c4c6d-5b5c-4808-a9cf-fdca3e3afc0d@group-711033C97113: shutdown
2022-08-10 09:22:49,553 [ForkJoinPool.commonPool-worker-1] INFO  util.JmxRegister (JmxRegister.java:unregister(73)) - Successfully un-registered JMX Bean with object name Ratis:service=RaftServer,group=group-711033C97113,id=895c4c6d-5b5c-4808-a9cf-fdca3e3afc0d
2022-08-10 09:22:49,553 [ForkJoinPool.commonPool-worker-1] INFO  impl.RoleInfo (RoleInfo.java:shutdownFollowerState(110)) - 895c4c6d-5b5c-4808-a9cf-fdca3e3afc0d: shutdown 895c4c6d-5b5c-4808-a9cf-fdca3e3afc0d@group-711033C97113-FollowerState
2022-08-10 09:22:49,553 [ForkJoinPool.commonPool-worker-1] INFO  impl.StateMachineUpdater (StateMachineUpdater.java:stopAndJoin(153)) - 895c4c6d-5b5c-4808-a9cf-fdca3e3afc0d@group-711033C97113-StateMachineUpdater: set stopIndex = 0
2022-08-10 09:22:49,553 [895c4c6d-5b5c-4808-a9cf-fdca3e3afc0d@group-711033C97113-FollowerState] INFO  impl.FollowerState (FollowerState.java:run(152)) - 895c4c6d-5b5c-4808-a9cf-fdca3e3afc0d@group-711033C97113-FollowerState was interrupted
2022-08-10 09:22:49,553 [895c4c6d-5b5c-4808-a9cf-fdca3e3afc0d@group-711033C97113-StateMachineUpdater] INFO  ratis.ContainerStateMachine (ContainerStateMachine.java:takeSnapshot(304)) - group-711033C97113: Taking a snapshot at:(t:4, i:0) file /home/runner/work/ozone/ozone/hadoop-ozone/integration-test/target/test-dir/MiniOzoneClusterImpl-5b46f7b7-15cd-42ca-88c0-c813cff626ca/datanode-2/data/ratis/7080040a-41fb-4f86-879e-711033c97113/sm/snapshot.4_0
2022-08-10 09:22:49,554 [895c4c6d-5b5c-4808-a9cf-fdca3e3afc0d@group-711033C97113-StateMachineUpdater] INFO  ratis.ContainerStateMachine (ContainerStateMachine.java:takeSnapshot(315)) - group-711033C97113: Finished taking a snapshot at:(t:4, i:0) file:/home/runner/work/ozone/ozone/hadoop-ozone/integration-test/target/test-dir/MiniOzoneClusterImpl-5b46f7b7-15cd-42ca-88c0-c813cff626ca/datanode-2/data/ratis/7080040a-41fb-4f86-879e-711033c97113/sm/snapshot.4_0 took: 1 ms
2022-08-10 09:22:49,555 [895c4c6d-5b5c-4808-a9cf-fdca3e3afc0d@group-711033C97113-StateMachineUpdater] INFO  impl.StateMachineUpdater (StateMachineUpdater.java:takeSnapshot(287)) - 895c4c6d-5b5c-4808-a9cf-fdca3e3afc0d@group-711033C97113-StateMachineUpdater: Took a snapshot at index 0
2022-08-10 09:22:49,555 [895c4c6d-5b5c-4808-a9cf-fdca3e3afc0d@group-711033C97113-StateMachineUpdater] INFO  impl.StateMachineUpdater (StateMachineUpdater.java:lambda$new$0(92)) - 895c4c6d-5b5c-4808-a9cf-fdca3e3afc0d@group-711033C97113-StateMachineUpdater: snapshotIndex: updateIncreasingly -1 -> 0
2022-08-10 09:22:49,558 [ForkJoinPool.commonPool-worker-1] INFO  server.RaftServer$Division (ServerState.java:close(429)) - 895c4c6d-5b5c-4808-a9cf-fdca3e3afc0d@group-711033C97113: closes. applyIndex: 0
2022-08-10 09:22:49,558 [895c4c6d-5b5c-4808-a9cf-fdca3e3afc0d@group-711033C97113-SegmentedRaftLogWorker] INFO  segmented.SegmentedRaftLogWorker (SegmentedRaftLogWorker.java:run(336)) - 895c4c6d-5b5c-4808-a9cf-fdca3e3afc0d@group-711033C97113-SegmentedRaftLogWorker was interrupted, exiting. There are 0 tasks remaining in the queue.
2022-08-10 09:22:49,558 [ForkJoinPool.commonPool-worker-1] INFO  segmented.SegmentedRaftLogWorker (SegmentedRaftLogWorker.java:close(246)) - 895c4c6d-5b5c-4808-a9cf-fdca3e3afc0d@group-711033C97113-SegmentedRaftLogWorker close()
2022-08-10 09:22:49,558 [ForkJoinPool.commonPool-worker-1] INFO  server.RaftServer$Division (RaftServerImpl.java:lambda$close$4(434)) - 895c4c6d-5b5c-4808-a9cf-fdca3e3afc0d@group-20D72298988B: shutdown
2022-08-10 09:22:49,558 [ForkJoinPool.commonPool-worker-1] INFO  util.JmxRegister (JmxRegister.java:unregister(73)) - Successfully un-registered JMX Bean with object name Ratis:service=RaftServer,group=group-20D72298988B,id=895c4c6d-5b5c-4808-a9cf-fdca3e3afc0d
2022-08-10 09:22:49,559 [ForkJoinPool.commonPool-worker-1] INFO  impl.RoleInfo (RoleInfo.java:shutdownFollowerState(110)) - 895c4c6d-5b5c-4808-a9cf-fdca3e3afc0d: shutdown 895c4c6d-5b5c-4808-a9cf-fdca3e3afc0d@group-20D72298988B-FollowerState
2022-08-10 09:22:49,559 [ForkJoinPool.commonPool-worker-1] INFO  impl.StateMachineUpdater (StateMachineUpdater.java:stopAndJoin(153)) - 895c4c6d-5b5c-4808-a9cf-fdca3e3afc0d@group-20D72298988B-StateMachineUpdater: set stopIndex = 0
2022-08-10 09:22:49,559 [895c4c6d-5b5c-4808-a9cf-fdca3e3afc0d@group-20D72298988B-FollowerState] INFO  impl.FollowerState (FollowerState.java:run(152)) - 895c4c6d-5b5c-4808-a9cf-fdca3e3afc0d@group-20D72298988B-FollowerState was interrupted
2022-08-10 09:22:49,559 [895c4c6d-5b5c-4808-a9cf-fdca3e3afc0d@group-20D72298988B-StateMachineUpdater] INFO  ratis.ContainerStateMachine (ContainerStateMachine.java:takeSnapshot(304)) - group-20D72298988B: Taking a snapshot at:(t:2, i:0) file /home/runner/work/ozone/ozone/hadoop-ozone/integration-test/target/test-dir/MiniOzoneClusterImpl-5b46f7b7-15cd-42ca-88c0-c813cff626ca/datanode-2/data/ratis/9405f0c9-f373-4ef5-8c00-20d72298988b/sm/snapshot.2_0
2022-08-10 09:22:49,560 [895c4c6d-5b5c-4808-a9cf-fdca3e3afc0d@group-20D72298988B-StateMachineUpdater] INFO  ratis.ContainerStateMachine (ContainerStateMachine.java:takeSnapshot(315)) - group-20D72298988B: Finished taking a snapshot at:(t:2, i:0) file:/home/runner/work/ozone/ozone/hadoop-ozone/integration-test/target/test-dir/MiniOzoneClusterImpl-5b46f7b7-15cd-42ca-88c0-c813cff626ca/datanode-2/data/ratis/9405f0c9-f373-4ef5-8c00-20d72298988b/sm/snapshot.2_0 took: 1 ms
2022-08-10 09:22:49,560 [895c4c6d-5b5c-4808-a9cf-fdca3e3afc0d@group-20D72298988B-StateMachineUpdater] INFO  impl.StateMachineUpdater (StateMachineUpdater.java:takeSnapshot(287)) - 895c4c6d-5b5c-4808-a9cf-fdca3e3afc0d@group-20D72298988B-StateMachineUpdater: Took a snapshot at index 0
2022-08-10 09:22:49,560 [895c4c6d-5b5c-4808-a9cf-fdca3e3afc0d@group-20D72298988B-StateMachineUpdater] INFO  impl.StateMachineUpdater (StateMachineUpdater.java:lambda$new$0(92)) - 895c4c6d-5b5c-4808-a9cf-fdca3e3afc0d@group-20D72298988B-StateMachineUpdater: snapshotIndex: updateIncreasingly -1 -> 0
2022-08-10 09:22:49,560 [ForkJoinPool.commonPool-worker-1] INFO  server.RaftServer$Division (ServerState.java:close(429)) - 895c4c6d-5b5c-4808-a9cf-fdca3e3afc0d@group-20D72298988B: closes. applyIndex: 0
2022-08-10 09:22:49,560 [895c4c6d-5b5c-4808-a9cf-fdca3e3afc0d@group-20D72298988B-SegmentedRaftLogWorker] INFO  segmented.SegmentedRaftLogWorker (SegmentedRaftLogWorker.java:run(336)) - 895c4c6d-5b5c-4808-a9cf-fdca3e3afc0d@group-20D72298988B-SegmentedRaftLogWorker was interrupted, exiting. There are 0 tasks remaining in the queue.
2022-08-10 09:22:49,561 [ForkJoinPool.commonPool-worker-1] INFO  segmented.SegmentedRaftLogWorker (SegmentedRaftLogWorker.java:close(246)) - 895c4c6d-5b5c-4808-a9cf-fdca3e3afc0d@group-20D72298988B-SegmentedRaftLogWorker close()
2022-08-10 09:22:49,561 [ForkJoinPool.commonPool-worker-1] INFO  server.GrpcService (GrpcService.java:closeImpl(269)) - 895c4c6d-5b5c-4808-a9cf-fdca3e3afc0d: shutdown server with port 40015 now
2022-08-10 09:22:49,565 [ForkJoinPool.commonPool-worker-1] INFO  server.GrpcService (GrpcService.java:closeImpl(278)) - 895c4c6d-5b5c-4808-a9cf-fdca3e3afc0d: shutdown server with port 40015 successfully
2022-08-10 09:22:49,565 [org.apache.ratis.util.JvmPauseMonitor$$Lambda$696/1259104175@10736352] INFO  util.JvmPauseMonitor (JvmPauseMonitor.java:run(109)) - JvmPauseMonitor-895c4c6d-5b5c-4808-a9cf-fdca3e3afc0d: Stopped
2022-08-10 09:22:50,325 [EndpointStateMachine task thread for /0.0.0.0:42301 - 0 ] INFO  ipc.Client (Client.java:handleConnectionFailure(977)) - Retrying connect to server: 0.0.0.0/0.0.0.0:42301. Already tried 14 time(s); retry policy is RetryUpToMaximumCountWithFixedSleep(maxRetries=15, sleepTime=1000 MILLISECONDS)
2022-08-10 09:22:51,327 [EndpointStateMachine task thread for /0.0.0.0:42301 - 0 ] INFO  ipc.Client (Client.java:handleConnectionFailure(977)) - Retrying connect to server: 0.0.0.0/0.0.0.0:42301. Already tried 0 time(s); retry policy is RetryUpToMaximumCountWithFixedSleep(maxRetries=15, sleepTime=1000 MILLISECONDS)
2022-08-10 09:22:51,582 [ForkJoinPool.commonPool-worker-1] INFO  utils.BackgroundService (BackgroundService.java:shutdown(141)) - Shutting down service BlockDeletingService
2022-08-10 09:22:51,584 [ForkJoinPool.commonPool-worker-1] INFO  utils.BackgroundService (BackgroundService.java:shutdown(141)) - Shutting down service StaleRecoveringContainerScrubbingService
2022-08-10 09:22:52,327 [EndpointStateMachine task thread for /0.0.0.0:42301 - 0 ] INFO  ipc.Client (Client.java:handleConnectionFailure(977)) - Retrying connect to server: 0.0.0.0/0.0.0.0:42301. Already tried 1 time(s); retry policy is RetryUpToMaximumCountWithFixedSleep(maxRetries=15, sleepTime=1000 MILLISECONDS)
2022-08-10 09:22:53,328 [EndpointStateMachine task thread for /0.0.0.0:42301 - 0 ] INFO  ipc.Client (Client.java:handleConnectionFailure(977)) - Retrying connect to server: 0.0.0.0/0.0.0.0:42301. Already tried 2 time(s); retry policy is RetryUpToMaximumCountWithFixedSleep(maxRetries=15, sleepTime=1000 MILLISECONDS)
2022-08-10 09:22:54,329 [EndpointStateMachine task thread for /0.0.0.0:42301 - 0 ] INFO  ipc.Client (Client.java:handleConnectionFailure(977)) - Retrying connect to server: 0.0.0.0/0.0.0.0:42301. Already tried 3 time(s); retry policy is RetryUpToMaximumCountWithFixedSleep(maxRetries=15, sleepTime=1000 MILLISECONDS)
2022-08-10 09:22:54,588 [ForkJoinPool.commonPool-worker-1] INFO  statemachine.DatanodeStateMachine (DatanodeStateMachine.java:stopDaemon(580)) - Ozone container server stopped.
2022-08-10 09:22:54,618 [ForkJoinPool.commonPool-worker-1] INFO  handler.ContextHandler (ContextHandler.java:doStop(1153)) - Stopped o.e.j.w.WebAppContext@172c9256{hddsDatanode,/,null,STOPPED}{jar:file:/home/runner/.m2/repository/org/apache/ozone/hdds-container-service/1.3.0-SNAPSHOT/hdds-container-service-1.3.0-SNAPSHOT.jar!/webapps/hddsDatanode}
2022-08-10 09:22:54,619 [ForkJoinPool.commonPool-worker-1] INFO  server.AbstractConnector (AbstractConnector.java:doStop(381)) - Stopped ServerConnector@530e1f71{HTTP/1.1, (http/1.1)}{0.0.0.0:0}
2022-08-10 09:22:54,619 [ForkJoinPool.commonPool-worker-1] INFO  server.session (HouseKeeper.java:stopScavenging(149)) - node0 Stopped scavenging
2022-08-10 09:22:54,626 [ForkJoinPool.commonPool-worker-1] INFO  handler.ContextHandler (ContextHandler.java:doStop(1153)) - Stopped o.e.j.s.ServletContextHandler@106976f4{static,/static,jar:file:/home/runner/.m2/repository/org/apache/ozone/hdds-container-service/1.3.0-SNAPSHOT/hdds-container-service-1.3.0-SNAPSHOT.jar!/webapps/static,STOPPED}
2022-08-10 09:22:54,636 [ForkJoinPool.commonPool-worker-1] INFO  handler.ContextHandler (ContextHandler.java:doStop(1153)) - Stopped o.e.j.s.ServletContextHandler@2a75b9ec{logs,/logs,file:///home/runner/work/ozone/ozone/hadoop-ozone/integration-test/target/log,STOPPED}
2022-08-10 09:22:54,822 [Listener at localhost/39929] WARN  server.ServerUtils (ServerUtils.java:getScmDbDir(148)) - ozone.scm.db.dirs is not configured. We recommend adding this setting. Falling back to ozone.metadata.dirs instead.
2022-08-10 09:22:54,832 [Listener at localhost/39929] WARN  server.ServerUtils (ServerUtils.java:getScmDbDir(148)) - ozone.scm.db.dirs is not configured. We recommend adding this setting. Falling back to ozone.metadata.dirs instead.
2022-08-10 09:22:54,833 [Listener at localhost/39929] INFO  ha.SCMHANodeDetails (SCMHANodeDetails.java:loadSCMHAConfig(209)) - ServiceID for StorageContainerManager is null
2022-08-10 09:22:54,833 [Listener at localhost/39929] INFO  ha.SCMHANodeDetails (SCMHANodeDetails.java:loadSCMHAConfig(214)) - ozone.scm.default.service.id is not defined, falling back to ozone.scm.service.ids to find serviceID for StorageContainerManager if it is HA enabled cluster
2022-08-10 09:22:54,833 [Listener at localhost/39929] WARN  utils.HAUtils (HAUtils.java:getMetaDir(342)) - ozone.scm.db.dirs is not configured. We recommend adding this setting. Falling back to ozone.metadata.dirs instead.
2022-08-10 09:22:54,834 [Listener at localhost/39929] WARN  db.DBStoreBuilder (DBStoreBuilder.java:applyDBDefinition(146)) - ozone.scm.db.dirs is not configured. We recommend adding this setting. Falling back to ozone.metadata.dirs instead.
2022-08-10 09:22:54,955 [Finalizer] WARN  managed.ManagedRocksObjectUtils (ManagedRocksObjectUtils.java:assertClosed(39)) - ManagedColumnFamilyOptions is not closed properly
2022-08-10 09:22:54,956 [Finalizer] WARN  managed.ManagedRocksObjectUtils (ManagedRocksObjectUtils.java:assertClosed(39)) - ManagedColumnFamilyOptions is not closed properly
2022-08-10 09:22:54,956 [Finalizer] WARN  managed.ManagedRocksObjectUtils (ManagedRocksObjectUtils.java:assertClosed(39)) - ManagedColumnFamilyOptions is not closed properly
2022-08-10 09:22:54,956 [Finalizer] WARN  managed.ManagedRocksObjectUtils (ManagedRocksObjectUtils.java:assertClosed(39)) - ManagedColumnFamilyOptions is not closed properly
2022-08-10 09:22:54,956 [Finalizer] WARN  managed.ManagedRocksObjectUtils (ManagedRocksObjectUtils.java:assertClosed(39)) - ManagedColumnFamilyOptions is not closed properly
2022-08-10 09:22:54,956 [Finalizer] WARN  managed.ManagedRocksObjectUtils (ManagedRocksObjectUtils.java:assertClosed(39)) - ManagedColumnFamilyOptions is not closed properly
2022-08-10 09:22:54,956 [Finalizer] WARN  managed.ManagedRocksObjectUtils (ManagedRocksObjectUtils.java:assertClosed(39)) - ManagedColumnFamilyOptions is not closed properly
2022-08-10 09:22:54,956 [Finalizer] WARN  managed.ManagedRocksObjectUtils (ManagedRocksObjectUtils.java:assertClosed(39)) - ManagedColumnFamilyOptions is not closed properly
2022-08-10 09:22:54,956 [Finalizer] WARN  managed.ManagedRocksObjectUtils (ManagedRocksObjectUtils.java:assertClosed(39)) - ManagedColumnFamilyOptions is not closed properly
2022-08-10 09:22:54,956 [Finalizer] WARN  managed.ManagedRocksObjectUtils (ManagedRocksObjectUtils.java:assertClosed(39)) - ManagedColumnFamilyOptions is not closed properly
2022-08-10 09:22:54,956 [Finalizer] WARN  managed.ManagedRocksObjectUtils (ManagedRocksObjectUtils.java:assertClosed(39)) - ManagedColumnFamilyOptions is not closed properly
2022-08-10 09:22:54,956 [Finalizer] WARN  managed.ManagedRocksObjectUtils (ManagedRocksObjectUtils.java:assertClosed(39)) - ManagedColumnFamilyOptions is not closed properly
2022-08-10 09:22:54,956 [Finalizer] WARN  managed.ManagedRocksObjectUtils (ManagedRocksObjectUtils.java:assertClosed(39)) - ManagedColumnFamilyOptions is not closed properly
2022-08-10 09:22:54,956 [Finalizer] WARN  managed.ManagedRocksObjectUtils (ManagedRocksObjectUtils.java:assertClosed(39)) - ManagedColumnFamilyOptions is not closed properly
2022-08-10 09:22:54,956 [Finalizer] WARN  managed.ManagedRocksObjectUtils (ManagedRocksObjectUtils.java:assertClosed(39)) - ManagedColumnFamilyOptions is not closed properly
2022-08-10 09:22:55,074 [Listener at localhost/39929] INFO  net.NodeSchemaLoader (NodeSchemaLoader.java:loadSchemaFromFile(129)) - Loading schema from [jar:file:/home/runner/.m2/repository/org/apache/ozone/hdds-common/1.3.0-SNAPSHOT/hdds-common-1.3.0-SNAPSHOT.jar!/network-topology-default.xml]
2022-08-10 09:22:55,074 [Listener at localhost/39929] INFO  net.NodeSchemaLoader (NodeSchemaLoader.java:loadSchema(176)) - Loading network topology layer schema file
2022-08-10 09:22:55,082 [Listener at localhost/39929] WARN  impl.MetricRegistriesImpl (MetricRegistriesImpl.java:addReporterRegistration(111)) - New reporters are added after registries were created. Some metrics will be missing from the reporter. Please add reporter before adding any new registry.
2022-08-10 09:22:55,082 [Listener at localhost/39929] WARN  impl.MetricRegistriesImpl (MetricRegistriesImpl.java:addReporterRegistration(111)) - New reporters are added after registries were created. Some metrics will be missing from the reporter. Please add reporter before adding any new registry.
2022-08-10 09:22:55,082 [Listener at localhost/39929] INFO  upgrade.AbstractLayoutVersionManager (AbstractLayoutVersionManager.java:init(83)) - Initializing Layout version manager with metadata layout = DATANODE_SCHEMA_V3 (version = 4), software layout = DATANODE_SCHEMA_V3 (version = 4)
2022-08-10 09:22:55,132 [Listener at localhost/39929] INFO  reflections.Reflections (Reflections.java:scan(232)) - Reflections took 49 ms to scan 7 urls, producing 132 keys and 321 values 
2022-08-10 09:22:55,135 [Listener at localhost/39929] INFO  ha.SequenceIdGenerator (SequenceIdGenerator.java:upgradeToSequenceId(349)) - upgrade localId to 109611004723200000
2022-08-10 09:22:55,135 [Listener at localhost/39929] INFO  ha.SequenceIdGenerator (SequenceIdGenerator.java:upgradeToSequenceId(359)) - upgrade delTxnId to 0
2022-08-10 09:22:55,135 [Listener at localhost/39929] INFO  ha.SequenceIdGenerator (SequenceIdGenerator.java:upgradeToSequenceId(376)) - upgrade containerId to 0
2022-08-10 09:22:55,135 [Listener at localhost/39929] INFO  ha.SequenceIdGenerator (SequenceIdGenerator.java:<init>(220)) - Init the HA SequenceIdGenerator.
2022-08-10 09:22:55,136 [Listener at localhost/39929] WARN  server.ServerUtils (ServerUtils.java:sanitizeUserArgs(73)) - ozone.scm.stale.node.interval value = 300000 is larger than max = 100000 based on the key value of ozone.scm.heartbeat.thread.interval, reset to the max value 100000.
2022-08-10 09:22:55,136 [Listener at localhost/39929] WARN  server.ServerUtils (ServerUtils.java:sanitizeUserArgs(73)) - ozone.scm.stale.node.interval value = 300000 is larger than max = 100000 based on the key value of ozone.scm.heartbeat.thread.interval, reset to the max value 100000.
2022-08-10 09:22:55,137 [Listener at localhost/39929] INFO  node.SCMNodeManager (SCMNodeManager.java:<init>(149)) - Entering startup safe mode.
2022-08-10 09:22:55,137 [Listener at localhost/39929] INFO  algorithms.ContainerPlacementPolicyFactory (ContainerPlacementPolicyFactory.java:getPolicyInternal(86)) - Create container placement policy of type org.apache.hadoop.hdds.scm.container.placement.algorithms.SCMContainerPlacementRandom
2022-08-10 09:22:55,137 [Listener at localhost/39929] INFO  algorithms.ContainerPlacementPolicyFactory (ContainerPlacementPolicyFactory.java:getPolicyInternal(86)) - Create container placement policy of type org.apache.hadoop.hdds.scm.container.placement.algorithms.SCMContainerPlacementRackScatter
2022-08-10 09:22:55,138 [Listener at localhost/39929] INFO  pipeline.PipelineStateManagerImpl (PipelineStateManagerImpl.java:initialize(78)) - No pipeline exists in current db
2022-08-10 09:22:55,138 [Listener at localhost/39929] INFO  algorithms.LeaderChoosePolicyFactory (LeaderChoosePolicyFactory.java:getPolicy(57)) - Create leader choose policy of type org.apache.hadoop.hdds.scm.pipeline.leader.choose.algorithms.MinLeaderCountChoosePolicy
2022-08-10 09:22:55,138 [Listener at localhost/39929] INFO  algorithms.ContainerPlacementPolicyFactory (ContainerPlacementPolicyFactory.java:getPolicyInternal(86)) - Create container placement policy of type org.apache.hadoop.hdds.scm.container.placement.algorithms.SCMContainerPlacementRackScatter
2022-08-10 09:22:55,138 [Listener at localhost/39929] INFO  ha.SCMServiceManager (SCMServiceManager.java:register(42)) - Registering service BackgroundPipelineCreator.
2022-08-10 09:22:55,139 [Listener at localhost/39929] INFO  pipeline.BackgroundPipelineCreator (BackgroundPipelineCreator.java:start(124)) - Starting RatisPipelineUtilsThread.
2022-08-10 09:22:55,139 [Listener at localhost/39929] INFO  BackgroundPipelineScrubber (BackgroundSCMService.java:start(68)) - Starting BackgroundPipelineScrubber Service.
2022-08-10 09:22:55,139 [Listener at localhost/39929] INFO  ha.SCMServiceManager (SCMServiceManager.java:register(42)) - Registering service BackgroundPipelineScrubber.
2022-08-10 09:22:55,140 [Listener at localhost/39929] INFO  ExpiredContainerReplicaOpScrubber (BackgroundSCMService.java:start(68)) - Starting ExpiredContainerReplicaOpScrubber Service.
2022-08-10 09:22:55,140 [Listener at localhost/39929] INFO  ha.SCMServiceManager (SCMServiceManager.java:register(42)) - Registering service ExpiredContainerReplicaOpScrubber.
2022-08-10 09:22:55,141 [Listener at localhost/39929] INFO  algorithms.PipelineChoosePolicyFactory (PipelineChoosePolicyFactory.java:createPipelineChoosePolicyFromClass(73)) - Create pipeline choose policy of type org.apache.hadoop.hdds.scm.pipeline.choose.algorithms.RandomPipelineChoosePolicy
2022-08-10 09:22:55,141 [Listener at localhost/39929] INFO  ha.SCMServiceManager (SCMServiceManager.java:register(42)) - Registering service SCMBlockDeletingService.
2022-08-10 09:22:55,141 [Listener at localhost/39929] INFO  replication.ReplicationManager (ReplicationManager.java:start(200)) - Starting Replication Monitor Thread.
2022-08-10 09:22:55,142 [Listener at localhost/39929] INFO  UnderReplicatedQueueThread (BackgroundSCMService.java:start(68)) - Starting UnderReplicatedQueueThread Service.
2022-08-10 09:22:55,142 [Listener at localhost/39929] INFO  ha.SCMServiceManager (SCMServiceManager.java:register(42)) - Registering service UnderReplicatedQueueThread.
2022-08-10 09:22:55,143 [Listener at localhost/39929] INFO  OverReplicatedQueueThread (BackgroundSCMService.java:start(68)) - Starting OverReplicatedQueueThread Service.
2022-08-10 09:22:55,143 [Listener at localhost/39929] INFO  ha.SCMServiceManager (SCMServiceManager.java:register(42)) - Registering service OverReplicatedQueueThread.
2022-08-10 09:22:55,143 [Listener at localhost/39929] INFO  ha.SCMServiceManager (SCMServiceManager.java:register(42)) - Registering service ReplicationManager.
2022-08-10 09:22:55,144 [Listener at localhost/39929] INFO  safemode.ContainerSafeModeRule (ContainerSafeModeRule.java:<init>(89)) - containers with one replica threshold count 0
2022-08-10 09:22:55,144 [Listener at localhost/39929] INFO  safemode.HealthyPipelineSafeModeRule (HealthyPipelineSafeModeRule.java:initializeRule(169)) - Total pipeline count is 0, healthy pipeline threshold count is 1
2022-08-10 09:22:55,152 [Listener at localhost/39929] INFO  safemode.OneReplicaPipelineSafeModeRule (OneReplicaPipelineSafeModeRule.java:initializeRule(180)) - Total pipeline count is 0, pipeline's with at least one datanode reported threshold count is 0
2022-08-10 09:22:55,144 [ReplicationMonitor] INFO  replication.ReplicationManager (ReplicationManager.java:processAll(249)) - Replication Manager is not ready to run until 3000ms after safemode exit
2022-08-10 09:22:55,156 [Listener at localhost/39929] INFO  ipc.CallQueueManager (CallQueueManager.java:<init>(90)) - Using callQueue: class java.util.concurrent.LinkedBlockingQueue, queueCapacity: 2000, scheduler: class org.apache.hadoop.ipc.DefaultRpcScheduler, ipcBackoff: false.
2022-08-10 09:22:55,162 [Socket Reader #1 for port 0] INFO  ipc.Server (Server.java:run(1265)) - Starting Socket Reader #1 for port 0
2022-08-10 09:22:55,170 [Listener at 0.0.0.0/35227] INFO  ipc.CallQueueManager (CallQueueManager.java:<init>(90)) - Using callQueue: class java.util.concurrent.LinkedBlockingQueue, queueCapacity: 2000, scheduler: class org.apache.hadoop.ipc.DefaultRpcScheduler, ipcBackoff: false.
2022-08-10 09:22:55,175 [Socket Reader #1 for port 0] INFO  ipc.Server (Server.java:run(1265)) - Starting Socket Reader #1 for port 0
2022-08-10 09:22:55,176 [Listener at 0.0.0.0/33299] INFO  ipc.CallQueueManager (CallQueueManager.java:<init>(90)) - Using callQueue: class java.util.concurrent.LinkedBlockingQueue, queueCapacity: 2000, scheduler: class org.apache.hadoop.ipc.DefaultRpcScheduler, ipcBackoff: false.
2022-08-10 09:22:55,183 [Socket Reader #1 for port 0] INFO  ipc.Server (Server.java:run(1265)) - Starting Socket Reader #1 for port 0
2022-08-10 09:22:55,239 [Listener at 0.0.0.0/40161] INFO  ha.SCMServiceManager (SCMServiceManager.java:register(42)) - Registering service ContainerBalancer.
2022-08-10 09:22:55,239 [Listener at 0.0.0.0/40161] INFO  server.StorageContainerManager (StorageContainerManager.java:<init>(406)) - 
Container Balancer status:
Key                            Value
Running                        false
Container Balancer Configuration values:
Key                                                Value
Threshold                                          10
Max Datanodes to Involve per Iteration(percent)    20
Max Size to Move per Iteration                     500GB
Max Size Entering Target per Iteration             26GB
Max Size Leaving Source per Iteration              26GB

2022-08-10 09:22:55,239 [Listener at 0.0.0.0/40161] WARN  events.EventQueue (EventQueue.java:fireEvent(216)) - No event handler registered for event TypedEvent{payloadType=SafeModeStatus, name='Safe mode status'}
2022-08-10 09:22:55,240 [Listener at 0.0.0.0/40161] INFO  ha.SCMContext (SCMContext.java:updateSafeModeStatus(228)) - Update SafeModeStatus from SafeModeStatus{safeModeStatus=true, preCheckPassed=false} to SafeModeStatus{safeModeStatus=true, preCheckPassed=false}.
2022-08-10 09:22:55,246 [Listener at 0.0.0.0/40161] INFO  server.StorageContainerManager (StorageContainerManager.java:start(1460)) - StorageContainerLocationProtocol RPC server is listening at /0.0.0.0:40161
2022-08-10 09:22:55,252 [Listener at 0.0.0.0/40161] WARN  impl.MetricsConfig (MetricsConfig.java:loadFirst(136)) - Cannot locate configuration: tried hadoop-metrics2-storagecontainermanager.properties,hadoop-metrics2.properties
2022-08-10 09:22:55,256 [Listener at 0.0.0.0/40161] INFO  impl.MetricsSystemImpl (MetricsSystemImpl.java:startTimer(378)) - Scheduled Metric snapshot period at 10 second(s).
2022-08-10 09:22:55,257 [Listener at 0.0.0.0/40161] INFO  impl.MetricsSystemImpl (MetricsSystemImpl.java:start(191)) - StorageContainerManager metrics system started
2022-08-10 09:22:55,300 [Listener at 0.0.0.0/40161] INFO  impl.MetricsSinkAdapter (MetricsSinkAdapter.java:start(204)) - Sink prometheus started
2022-08-10 09:22:55,300 [Listener at 0.0.0.0/40161] INFO  impl.MetricsSystemImpl (MetricsSystemImpl.java:registerSink(305)) - Registered sink prometheus
2022-08-10 09:22:55,330 [EndpointStateMachine task thread for /0.0.0.0:42301 - 0 ] INFO  ipc.Client (Client.java:handleConnectionFailure(977)) - Retrying connect to server: 0.0.0.0/0.0.0.0:42301. Already tried 4 time(s); retry policy is RetryUpToMaximumCountWithFixedSleep(maxRetries=15, sleepTime=1000 MILLISECONDS)
2022-08-10 09:22:55,337 [Listener at 0.0.0.0/40161] INFO  server.SCMClientProtocolServer (SCMClientProtocolServer.java:start(170)) - RPC server for Client  is listening at /0.0.0.0:40161
2022-08-10 09:22:55,337 [IPC Server Responder] INFO  ipc.Server (Server.java:run(1507)) - IPC Server Responder: starting
2022-08-10 09:22:55,338 [IPC Server listener on 0] INFO  ipc.Server (Server.java:run(1344)) - IPC Server listener on 0: starting
2022-08-10 09:22:55,357 [Listener at 0.0.0.0/40161] INFO  server.StorageContainerManager (StorageContainerManager.java:start(1475)) - ScmBlockLocationProtocol RPC server is listening at /0.0.0.0:33299
2022-08-10 09:22:55,357 [Listener at 0.0.0.0/40161] INFO  server.SCMBlockProtocolServer (SCMBlockProtocolServer.java:start(152)) - RPC server for Block Protocol is listening at /0.0.0.0:33299
2022-08-10 09:22:55,358 [IPC Server Responder] INFO  ipc.Server (Server.java:run(1507)) - IPC Server Responder: starting
2022-08-10 09:22:55,358 [IPC Server listener on 0] INFO  ipc.Server (Server.java:run(1344)) - IPC Server listener on 0: starting
2022-08-10 09:22:55,361 [Listener at 0.0.0.0/40161] INFO  server.SCMDatanodeProtocolServer (SCMDatanodeProtocolServer.java:start(186)) - ScmDatanodeProtocol RPC server for DataNodes is listening at /0.0.0.0:35227
2022-08-10 09:22:55,362 [IPC Server Responder] INFO  ipc.Server (Server.java:run(1507)) - IPC Server Responder: starting
2022-08-10 09:22:55,362 [IPC Server listener on 0] INFO  ipc.Server (Server.java:run(1344)) - IPC Server listener on 0: starting
2022-08-10 09:22:55,370 [Listener at 0.0.0.0/40161] INFO  http.BaseHttpServer (BaseHttpServer.java:newHttpServer2BuilderForOzone(209)) - Starting Web-server for scm at: http://0.0.0.0:0
2022-08-10 09:22:55,370 [Listener at 0.0.0.0/40161] INFO  http.BaseHttpServer (BaseHttpServer.java:<init>(107)) - Hadoop Security Enabled: false Ozone Security Enabled: false Ozone HTTP Security Enabled: false 
2022-08-10 09:22:55,371 [Listener at 0.0.0.0/40161] INFO  server.AuthenticationFilter (AuthenticationFilter.java:constructSecretProvider(240)) - Unable to initialize FileSignerSecretProvider, falling back to use random secrets.
2022-08-10 09:22:55,379 [Listener at 0.0.0.0/40161] WARN  http.HttpRequestLog (HttpRequestLog.java:getRequestLog(103)) - Jetty request log can only be enabled using Log4j
2022-08-10 09:22:55,380 [Listener at 0.0.0.0/40161] INFO  http.HttpServer2 (HttpServer2.java:addGlobalFilter(1029)) - Added global filter 'safety' (class=org.apache.hadoop.hdds.server.http.HttpServer2$QuotingInputFilter)
2022-08-10 09:22:55,381 [Listener at 0.0.0.0/40161] INFO  http.HttpServer2 (HttpServer2.java:addFilter(1005)) - Added filter static_user_filter (class=org.apache.hadoop.http.lib.StaticUserWebFilter$StaticUserFilter) to context scm
2022-08-10 09:22:55,381 [Listener at 0.0.0.0/40161] INFO  http.HttpServer2 (HttpServer2.java:addFilter(1013)) - Added filter static_user_filter (class=org.apache.hadoop.http.lib.StaticUserWebFilter$StaticUserFilter) to context static
2022-08-10 09:22:55,381 [Listener at 0.0.0.0/40161] INFO  http.HttpServer2 (HttpServer2.java:addFilter(1013)) - Added filter static_user_filter (class=org.apache.hadoop.http.lib.StaticUserWebFilter$StaticUserFilter) to context logs
2022-08-10 09:22:55,382 [Listener at 0.0.0.0/40161] INFO  http.HttpServer2 (HttpServer2.java:bindListener(1248)) - Jetty bound to port 45145
2022-08-10 09:22:55,382 [Listener at 0.0.0.0/40161] INFO  server.Server (Server.java:doStart(375)) - jetty-9.4.43.v20210629; built: 2021-06-30T11:07:22.254Z; git: 526006ecfa3af7f1a27ef3a288e2bef7ea9dd7e8; jvm 1.8.0_332-b09
2022-08-10 09:22:55,399 [org.apache.hadoop.util.JvmPauseMonitor$Monitor@5245b5e0] INFO  util.JvmPauseMonitor (JvmPauseMonitor.java:run(188)) - Starting JVM pause monitor
2022-08-10 09:22:55,400 [Listener at 0.0.0.0/40161] INFO  server.session (DefaultSessionIdManager.java:doStart(334)) - DefaultSessionIdManager workerName=node0
2022-08-10 09:22:55,400 [Listener at 0.0.0.0/40161] INFO  server.session (DefaultSessionIdManager.java:doStart(339)) - No SessionScavenger set, using defaults
2022-08-10 09:22:55,401 [Listener at 0.0.0.0/40161] INFO  server.session (HouseKeeper.java:startScavenging(132)) - node0 Scavenging every 660000ms
2022-08-10 09:22:55,402 [Listener at 0.0.0.0/40161] INFO  handler.ContextHandler (ContextHandler.java:doStart(915)) - Started o.e.j.s.ServletContextHandler@d83969c{logs,/logs,file:///home/runner/work/ozone/ozone/hadoop-ozone/integration-test/target/log,AVAILABLE}
2022-08-10 09:22:55,403 [Listener at 0.0.0.0/40161] INFO  handler.ContextHandler (ContextHandler.java:doStart(915)) - Started o.e.j.s.ServletContextHandler@158330c1{static,/static,file:///home/runner/work/ozone/ozone/hadoop-ozone/integration-test/target/test-classes/webapps/static,AVAILABLE}
2022-08-10 09:22:55,417 [Listener at 0.0.0.0/40161] INFO  handler.ContextHandler (ContextHandler.java:doStart(915)) - Started o.e.j.w.WebAppContext@38716e3f{scm,/,file:///home/runner/work/ozone/ozone/hadoop-ozone/integration-test/target/test-classes/webapps/scm/,AVAILABLE}{file:/home/runner/work/ozone/ozone/hadoop-ozone/integration-test/target/test-classes/webapps/scm}
2022-08-10 09:22:55,420 [Listener at 0.0.0.0/40161] INFO  server.AbstractConnector (AbstractConnector.java:doStart(331)) - Started ServerConnector@57346fb4{HTTP/1.1, (http/1.1)}{0.0.0.0:45145}
2022-08-10 09:22:55,420 [Listener at 0.0.0.0/40161] INFO  server.Server (Server.java:doStart(415)) - Started @102870ms
2022-08-10 09:22:55,420 [Listener at 0.0.0.0/40161] WARN  impl.MetricsSystemImpl (MetricsSystemImpl.java:register(279)) - Sink prometheus already exists!
2022-08-10 09:22:55,424 [Listener at 0.0.0.0/40161] INFO  http.BaseHttpServer (BaseHttpServer.java:updateConnectorAddress(329)) - HTTP server of scm listening at http://0.0.0.0:45145
2022-08-10 09:22:55,425 [Listener at 0.0.0.0/40161] INFO  ha.OMHANodeDetails (OMHANodeDetails.java:loadOMHAConfig(121)) - ServiceID for OzoneManager is om-service-test1
2022-08-10 09:22:55,426 [Listener at 0.0.0.0/40161] INFO  ha.OMHANodeDetails (OMHANodeDetails.java:loadOMHAConfig(201)) - Found matching OM address with OMServiceId: om-service-test1, OMNodeId: omNode-1, RPC Address: localhost:39315 and Ratis port: 33619
2022-08-10 09:22:55,426 [Listener at 0.0.0.0/40161] INFO  ha.OMHANodeDetails (ConfUtils.java:setNodeSpecificConfigs(97)) - Setting configuration key ozone.om.http-address with value of key ozone.om.http-address.om-service-test1.omNode-1: 127.0.0.1:45103
2022-08-10 09:22:55,427 [Listener at 0.0.0.0/40161] INFO  ha.OMHANodeDetails (ConfUtils.java:setNodeSpecificConfigs(97)) - Setting configuration key ozone.om.https-address with value of key ozone.om.https-address.om-service-test1.omNode-1: 127.0.0.1:43767
2022-08-10 09:22:55,427 [Listener at 0.0.0.0/40161] INFO  ha.OMHANodeDetails (ConfUtils.java:setNodeSpecificConfigs(97)) - Setting configuration key ozone.om.address with value of key ozone.om.address.om-service-test1.omNode-1: 127.0.0.1:39315
2022-08-10 09:22:55,427 [Listener at 0.0.0.0/40161] WARN  server.ServerUtils (ServerUtils.java:getDBPath(225)) - ozone.om.db.dirs is not configured. We recommend adding this setting. Falling back to ozone.metadata.dirs instead.
2022-08-10 09:22:55,428 [Listener at 0.0.0.0/40161] INFO  proxy.SCMBlockLocationFailoverProxyProvider (SCMBlockLocationFailoverProxyProvider.java:<init>(114)) - Created block location fail-over proxy with 1 nodes: [nodeId=scmNodeId,nodeAddress=/0.0.0.0:33299]
OM initialization succeeded.Current cluster id for sd=/home/runner/work/ozone/ozone/hadoop-ozone/integration-test/target/test-dir/MiniOzoneClusterImpl-2080ac2c-1c22-4300-b117-cc71631a0cfb/omNode-1/om;cid=2080ac2c-1c22-4300-b117-cc71631a0cfb;layoutVersion=3
2022-08-10 09:22:55,443 [Listener at 0.0.0.0/40161] INFO  ha.OMHANodeDetails (OMHANodeDetails.java:loadOMHAConfig(121)) - ServiceID for OzoneManager is om-service-test1
2022-08-10 09:22:55,443 [Listener at 0.0.0.0/40161] INFO  ha.OMHANodeDetails (OMHANodeDetails.java:loadOMHAConfig(201)) - Found matching OM address with OMServiceId: om-service-test1, OMNodeId: omNode-1, RPC Address: localhost:39315 and Ratis port: 33619
2022-08-10 09:22:55,443 [Listener at 0.0.0.0/40161] INFO  ha.OMHANodeDetails (ConfUtils.java:setNodeSpecificConfigs(97)) - Setting configuration key ozone.om.http-address with value of key ozone.om.http-address.om-service-test1.omNode-1: 127.0.0.1:45103
2022-08-10 09:22:55,444 [Listener at 0.0.0.0/40161] INFO  ha.OMHANodeDetails (ConfUtils.java:setNodeSpecificConfigs(97)) - Setting configuration key ozone.om.https-address with value of key ozone.om.https-address.om-service-test1.omNode-1: 127.0.0.1:43767
2022-08-10 09:22:55,444 [Listener at 0.0.0.0/40161] INFO  ha.OMHANodeDetails (ConfUtils.java:setNodeSpecificConfigs(97)) - Setting configuration key ozone.om.address with value of key ozone.om.address.om-service-test1.omNode-1: 127.0.0.1:39315
2022-08-10 09:22:55,444 [Listener at 0.0.0.0/40161] WARN  server.ServerUtils (ServerUtils.java:getDBPath(225)) - ozone.om.db.dirs is not configured. We recommend adding this setting. Falling back to ozone.metadata.dirs instead.
2022-08-10 09:22:55,444 [Listener at 0.0.0.0/40161] INFO  upgrade.AbstractLayoutVersionManager (AbstractLayoutVersionManager.java:init(83)) - Initializing Layout version manager with metadata layout = MULTITENANCY_SCHEMA (version = 3), software layout = MULTITENANCY_SCHEMA (version = 3)
2022-08-10 09:22:55,587 [Listener at 0.0.0.0/40161] INFO  reflections.Reflections (Reflections.java:scan(232)) - Reflections took 141 ms to scan 2 urls, producing 153 keys and 426 values [using 2 cores]
2022-08-10 09:22:55,587 [Listener at 0.0.0.0/40161] INFO  upgrade.OMLayoutVersionManager (OMLayoutVersionManager.java:lambda$0(115)) - Skipping Upgrade Action MockOmUpgradeAction since it has been finalized.
2022-08-10 09:22:55,587 [Listener at 0.0.0.0/40161] WARN  server.ServerUtils (ServerUtils.java:getDBPath(225)) - ozone.om.db.dirs is not configured. We recommend adding this setting. Falling back to ozone.metadata.dirs instead.
2022-08-10 09:22:55,588 [Listener at 0.0.0.0/40161] INFO  proxy.SCMBlockLocationFailoverProxyProvider (SCMBlockLocationFailoverProxyProvider.java:<init>(114)) - Created block location fail-over proxy with 1 nodes: [nodeId=scmNodeId,nodeAddress=/0.0.0.0:33299]
2022-08-10 09:22:55,589 [Listener at 0.0.0.0/40161] INFO  proxy.SCMBlockLocationFailoverProxyProvider (SCMBlockLocationFailoverProxyProvider.java:<init>(114)) - Created block location fail-over proxy with 1 nodes: [nodeId=scmNodeId,nodeAddress=/0.0.0.0:33299]
2022-08-10 09:22:55,605 [Listener at 0.0.0.0/40161] WARN  server.ServerUtils (ServerUtils.java:getDBPath(225)) - ozone.om.db.dirs is not configured. We recommend adding this setting. Falling back to ozone.metadata.dirs instead.
2022-08-10 09:22:55,606 [Listener at 0.0.0.0/40161] INFO  codec.OmKeyInfoCodec (OmKeyInfoCodec.java:<init>(49)) - OmKeyInfoCodec ignorePipeline = true
2022-08-10 09:22:55,606 [Listener at 0.0.0.0/40161] INFO  codec.RepeatedOmKeyInfoCodec (RepeatedOmKeyInfoCodec.java:<init>(41)) - RepeatedOmKeyInfoCodec ignorePipeline = true
2022-08-10 09:22:55,973 [Listener at 0.0.0.0/40161] INFO  om.OzoneManager (OzoneManager.java:instantiateServices(697)) - S3 Multi-Tenancy is disabled
2022-08-10 09:22:55,974 [Listener at 0.0.0.0/40161] INFO  om.OzoneManager (OzoneManager.java:addS3GVolumeToDB(4308)) - Created Volume s3v With Owner runner required for S3Gateway operations.
2022-08-10 09:22:55,974 [Listener at 0.0.0.0/40161] WARN  server.ServerUtils (ServerUtils.java:getDefaultRatisDirectory(237)) - Storage directory for Ratis is not configured. It is a good idea to map this to an SSD disk. Falling back to ozone.metadata.dirs
2022-08-10 09:22:55,975 [Listener at 0.0.0.0/40161] WARN  utils.OzoneManagerRatisUtils (OzoneManagerRatisUtils.java:getOMRatisSnapshotDirectory(434)) - ozone.om.ratis.snapshot.dir is not configured. Falling back to ozone.metadata.dirs config
2022-08-10 09:22:55,975 [Listener at 0.0.0.0/40161] INFO  snapshot.OzoneManagerSnapshotProvider (OzoneManagerSnapshotProvider.java:<init>(76)) - Initializing OM Snapshot Provider
2022-08-10 09:22:55,977 [Listener at 0.0.0.0/40161] WARN  impl.MetricRegistriesImpl (MetricRegistriesImpl.java:addReporterRegistration(111)) - New reporters are added after registries were created. Some metrics will be missing from the reporter. Please add reporter before adding any new registry.
2022-08-10 09:22:55,977 [Listener at 0.0.0.0/40161] WARN  impl.MetricRegistriesImpl (MetricRegistriesImpl.java:addReporterRegistration(111)) - New reporters are added after registries were created. Some metrics will be missing from the reporter. Please add reporter before adding any new registry.
2022-08-10 09:22:55,978 [Listener at 0.0.0.0/40161] WARN  server.ServerUtils (ServerUtils.java:getDefaultRatisDirectory(237)) - Storage directory for Ratis is not configured. It is a good idea to map this to an SSD disk. Falling back to ozone.metadata.dirs
2022-08-10 09:22:55,983 [Listener at 0.0.0.0/40161] INFO  ratis.OzoneManagerRatisServer (OzoneManagerRatisServer.java:<init>(159)) - Instantiating OM Ratis server with groupID: om-service-test1 and peers: localhost:33619, localhost:34345, localhost:43433
2022-08-10 09:22:55,984 [Listener at 0.0.0.0/40161] INFO  ratis.OzoneManagerStateMachine (OzoneManagerStateMachine.java:loadSnapshotInfoFromDB(632)) - LastAppliedIndex is set from TransactionInfo from OM DB as (t:0, i:~)
2022-08-10 09:22:55,984 [Listener at 0.0.0.0/40161] INFO  server.RaftServer (ConfUtils.java:logGet(46)) - raft.rpc.type = GRPC (default)
2022-08-10 09:22:55,984 [Listener at 0.0.0.0/40161] INFO  grpc.GrpcFactory (GrpcFactory.java:checkPooledByteBufAllocatorUseCacheForAllThreads(48)) - PERFORMANCE WARNING: useCacheForAllThreads is true that may cause Netty to create a lot garbage objects and, as a result, trigger GC.
	It is recommended to disable useCacheForAllThreads by setting -Dorg.apache.ratis.thirdparty.io.netty.allocator.useCacheForAllThreads=false in command line.
2022-08-10 09:22:55,984 [Listener at 0.0.0.0/40161] INFO  grpc.GrpcConfigKeys (ConfUtils.java:logGet(46)) - raft.grpc.admin.port = -1 (default)
2022-08-10 09:22:55,985 [Listener at 0.0.0.0/40161] INFO  grpc.GrpcConfigKeys (ConfUtils.java:logGet(46)) - raft.grpc.server.port = 33619 (custom)
2022-08-10 09:22:55,985 [Listener at 0.0.0.0/40161] INFO  grpc.GrpcConfigKeys (ConfUtils.java:logGet(46)) - raft.grpc.client.port = -1 (default)
2022-08-10 09:22:55,985 [Listener at 0.0.0.0/40161] INFO  grpc.GrpcConfigKeys (ConfUtils.java:logGet(46)) - raft.grpc.server.port = 33619 (custom)
2022-08-10 09:22:55,985 [Listener at 0.0.0.0/40161] INFO  grpc.GrpcConfigKeys (ConfUtils.java:logGet(46)) - raft.grpc.server.port = 33619 (custom)
2022-08-10 09:22:55,985 [Listener at 0.0.0.0/40161] INFO  server.GrpcService (ConfUtils.java:logGet(46)) - raft.grpc.message.size.max = 33554432 (custom)
2022-08-10 09:22:55,985 [Listener at 0.0.0.0/40161] INFO  server.RaftServerConfigKeys (ConfUtils.java:logGet(46)) - raft.server.log.appender.buffer.byte-limit = 33554432 (custom)
2022-08-10 09:22:55,986 [Listener at 0.0.0.0/40161] INFO  server.GrpcService (ConfUtils.java:logGet(46)) - raft.grpc.flow.control.window = 1MB (=1048576) (default)
2022-08-10 09:22:55,986 [Listener at 0.0.0.0/40161] INFO  server.RaftServerConfigKeys (ConfUtils.java:logGet(46)) - raft.server.rpc.request.timeout = 3000ms (default)
2022-08-10 09:22:55,986 [Listener at 0.0.0.0/40161] INFO  grpc.GrpcConfigKeys (ConfUtils.java:logGet(46)) - raft.grpc.server.async.request.thread.pool.cached = true (default)
2022-08-10 09:22:55,986 [Listener at 0.0.0.0/40161] INFO  grpc.GrpcConfigKeys (ConfUtils.java:logGet(46)) - raft.grpc.server.async.request.thread.pool.size = 32 (default)
2022-08-10 09:22:55,988 [Listener at 0.0.0.0/40161] INFO  impl.DataStreamServerImpl (ConfUtils.java:logGet(46)) - raft.datastream.type = DISABLED (default)
2022-08-10 09:22:55,988 [Listener at 0.0.0.0/40161] INFO  server.RaftServerConfigKeys (ConfUtils.java:logGet(46)) - raft.server.threadpool.proxy.cached = true (default)
2022-08-10 09:22:55,988 [Listener at 0.0.0.0/40161] INFO  server.RaftServerConfigKeys (ConfUtils.java:logGet(46)) - raft.server.threadpool.proxy.size = 0 (default)
2022-08-10 09:22:55,988 [Listener at 0.0.0.0/40161] INFO  server.RaftServerConfigKeys (ConfUtils.java:logGet(46)) - raft.server.rpc.slowness.timeout = 2s (custom)
2022-08-10 09:22:55,989 [Listener at 0.0.0.0/40161] INFO  server.RaftServerConfigKeys (ConfUtils.java:logGet(46)) - raft.server.leaderelection.leader.step-down.wait-time = 10s (default)
2022-08-10 09:22:55,989 [Listener at 0.0.0.0/40161] INFO  server.RaftServerConfigKeys (ConfUtils.java:logGet(46)) - raft.server.storage.dir = [/home/runner/work/ozone/ozone/hadoop-ozone/integration-test/target/test-dir/MiniOzoneClusterImpl-2080ac2c-1c22-4300-b117-cc71631a0cfb/omNode-1/ratis] (custom)
2022-08-10 09:22:55,990 [Listener at 0.0.0.0/40161] INFO  server.RaftServer (RaftServerProxy.java:addNew(96)) - omNode-1: addNew group-523986131536:[omNode-3|rpc:localhost:34345|priority:0, omNode-1|rpc:localhost:33619|priority:0, omNode-2|rpc:localhost:43433|priority:0] returns group-523986131536:java.util.concurrent.CompletableFuture@6f54129e[Not completed]
2022-08-10 09:22:55,990 [Listener at 0.0.0.0/40161] INFO  om.OzoneManager (OzoneManager.java:initializeRatisServer(1963)) - OzoneManager Ratis server initialized at port 33619
2022-08-10 09:22:55,991 [Listener at 0.0.0.0/40161] INFO  om.OzoneManager (OzoneManager.java:getRpcServer(1086)) - Creating RPC Server
2022-08-10 09:22:55,992 [pool-616-thread-1] INFO  server.RaftServer$Division (RaftServerImpl.java:<init>(190)) - omNode-1: new RaftServerImpl for group-523986131536:[omNode-3|rpc:localhost:34345|priority:0, omNode-1|rpc:localhost:33619|priority:0, omNode-2|rpc:localhost:43433|priority:0] with OzoneManagerStateMachine:uninitialized
2022-08-10 09:22:55,993 [pool-616-thread-1] INFO  server.RaftServerConfigKeys (ConfUtils.java:logGet(46)) - raft.server.rpc.timeout.min = 1s (custom)
2022-08-10 09:22:55,993 [pool-616-thread-1] INFO  server.RaftServerConfigKeys (ConfUtils.java:logGet(46)) - raft.server.rpc.timeout.max = 1200ms (custom)
2022-08-10 09:22:55,993 [pool-616-thread-1] INFO  server.RaftServerConfigKeys (ConfUtils.java:logGet(46)) - raft.server.rpc.sleep.time = 25ms (default)
2022-08-10 09:22:55,993 [pool-616-thread-1] INFO  server.RaftServerConfigKeys (ConfUtils.java:logGet(46)) - raft.server.rpc.slowness.timeout = 2s (custom)
2022-08-10 09:22:55,993 [pool-616-thread-1] INFO  server.RaftServerConfigKeys (ConfUtils.java:logGet(46)) - raft.server.leaderelection.leader.step-down.wait-time = 10s (default)
2022-08-10 09:22:55,993 [pool-616-thread-1] INFO  server.RaftServerConfigKeys (ConfUtils.java:logGet(46)) - raft.server.sleep.deviation.threshold = 300ms (default)
2022-08-10 09:22:55,993 [pool-616-thread-1] INFO  server.RaftServer$Division (ServerState.java:<init>(107)) - omNode-1@group-523986131536: ConfigurationManager, init=-1: [omNode-3|rpc:localhost:34345|priority:0, omNode-1|rpc:localhost:33619|priority:0, omNode-2|rpc:localhost:43433|priority:0], old=null, confs=<EMPTY_MAP>
2022-08-10 09:22:55,993 [pool-616-thread-1] INFO  server.RaftServerConfigKeys (ConfUtils.java:logGet(46)) - raft.server.storage.dir = [/home/runner/work/ozone/ozone/hadoop-ozone/integration-test/target/test-dir/MiniOzoneClusterImpl-2080ac2c-1c22-4300-b117-cc71631a0cfb/omNode-1/ratis] (custom)
2022-08-10 09:22:55,993 [pool-616-thread-1] INFO  server.RaftServerConfigKeys (ConfUtils.java:logGet(46)) - raft.server.log.corruption.policy = EXCEPTION (default)
2022-08-10 09:22:55,993 [pool-616-thread-1] INFO  server.RaftServerConfigKeys (ConfUtils.java:logGet(46)) - raft.server.storage.free-space.min = 0MB (=0) (default)
2022-08-10 09:22:55,994 [pool-616-thread-1] INFO  storage.RaftStorageDirectory (RaftStorageDirectoryImpl.java:analyzeStorage(135)) - The storage directory /home/runner/work/ozone/ozone/hadoop-ozone/integration-test/target/test-dir/MiniOzoneClusterImpl-2080ac2c-1c22-4300-b117-cc71631a0cfb/omNode-1/ratis/c9bc4cf4-3bc3-3c60-a66b-523986131536 does not exist. Creating ...
2022-08-10 09:22:55,995 [pool-616-thread-1] INFO  storage.RaftStorageDirectory (RaftStorageDirectoryImpl.java:tryLock(230)) - Lock on /home/runner/work/ozone/ozone/hadoop-ozone/integration-test/target/test-dir/MiniOzoneClusterImpl-2080ac2c-1c22-4300-b117-cc71631a0cfb/omNode-1/ratis/c9bc4cf4-3bc3-3c60-a66b-523986131536/in_use.lock acquired by nodename 28234@fv-az244-795
2022-08-10 09:22:55,997 [pool-616-thread-1] INFO  storage.RaftStorage (RaftStorageImpl.java:format(89)) - Storage directory /home/runner/work/ozone/ozone/hadoop-ozone/integration-test/target/test-dir/MiniOzoneClusterImpl-2080ac2c-1c22-4300-b117-cc71631a0cfb/omNode-1/ratis/c9bc4cf4-3bc3-3c60-a66b-523986131536 has been successfully formatted.
2022-08-10 09:22:55,997 [pool-616-thread-1] INFO  server.RaftServerConfigKeys (ConfUtils.java:logGet(46)) - raft.server.notification.no-leader.timeout = 2s (custom)
2022-08-10 09:22:55,997 [pool-616-thread-1] INFO  server.RaftServerConfigKeys (ConfUtils.java:logGet(46)) - raft.server.log.use.memory = false (default)
2022-08-10 09:22:55,997 [pool-616-thread-1] INFO  server.RaftServerConfigKeys (ConfUtils.java:logGet(46)) - raft.server.log.purge.gap = 50 (custom)
2022-08-10 09:22:55,997 [pool-616-thread-1] INFO  server.RaftServerConfigKeys (ConfUtils.java:logGet(46)) - raft.server.log.appender.buffer.byte-limit = 33554432 (custom)
2022-08-10 09:22:55,997 [pool-616-thread-1] INFO  server.RaftServerConfigKeys (ConfUtils.java:logGet(46)) - raft.server.log.statemachine.data.read.timeout = 1000ms (default)
2022-08-10 09:22:55,998 [pool-616-thread-1] INFO  server.RaftServerConfigKeys (ConfUtils.java:logGet(46)) - raft.server.log.segment.size.max = 4194304 (custom)
2022-08-10 09:22:55,998 [pool-616-thread-1] INFO  server.RaftServerConfigKeys (ConfUtils.java:logGet(46)) - raft.server.log.segment.cache.num.max = 2 (custom)
2022-08-10 09:22:55,998 [pool-616-thread-1] INFO  server.RaftServerConfigKeys (ConfUtils.java:logGet(46)) - raft.server.log.segment.cache.size.max = 200MB (=209715200) (default)
2022-08-10 09:22:55,998 [pool-616-thread-1] INFO  segmented.SegmentedRaftLogWorker (SegmentedRaftLogWorker.java:<init>(187)) - new omNode-1@group-523986131536-SegmentedRaftLogWorker for RaftStorageImpl:Storage Directory /home/runner/work/ozone/ozone/hadoop-ozone/integration-test/target/test-dir/MiniOzoneClusterImpl-2080ac2c-1c22-4300-b117-cc71631a0cfb/omNode-1/ratis/c9bc4cf4-3bc3-3c60-a66b-523986131536
2022-08-10 09:22:55,998 [pool-616-thread-1] INFO  server.RaftServerConfigKeys (ConfUtils.java:logGet(46)) - raft.server.log.queue.byte-limit = 64MB (=67108864) (default)
2022-08-10 09:22:55,998 [pool-616-thread-1] INFO  server.RaftServerConfigKeys (ConfUtils.java:logGet(46)) - raft.server.log.queue.element-limit = 4096 (default)
2022-08-10 09:22:55,998 [pool-616-thread-1] INFO  server.RaftServerConfigKeys (ConfUtils.java:logGet(46)) - raft.server.log.segment.size.max = 4194304 (custom)
2022-08-10 09:22:55,999 [pool-616-thread-1] INFO  server.RaftServerConfigKeys (ConfUtils.java:logGet(46)) - raft.server.log.preallocated.size = 4194304 (custom)
2022-08-10 09:22:55,999 [pool-616-thread-1] INFO  server.RaftServerConfigKeys (ConfUtils.java:logGet(46)) - raft.server.log.force.sync.num = 128 (default)
2022-08-10 09:22:55,999 [pool-616-thread-1] INFO  server.RaftServerConfigKeys (ConfUtils.java:logGet(46)) - raft.server.log.statemachine.data.sync = true (default)
2022-08-10 09:22:55,999 [pool-616-thread-1] INFO  server.RaftServerConfigKeys (ConfUtils.java:logGet(46)) - raft.server.log.statemachine.data.sync.timeout = 10s (default)
2022-08-10 09:22:55,999 [pool-616-thread-1] INFO  server.RaftServerConfigKeys (ConfUtils.java:logGet(46)) - raft.server.log.statemachine.data.sync.timeout.retry = -1 (default)
2022-08-10 09:22:56,021 [pool-616-thread-1] INFO  server.RaftServerConfigKeys (ConfUtils.java:logGet(46)) - raft.server.log.write.buffer.size = 64KB (=65536) (default)
2022-08-10 09:22:56,031 [pool-616-thread-1] INFO  server.RaftServerConfigKeys (ConfUtils.java:logGet(46)) - raft.server.log.unsafe-flush.enabled = false (default)
2022-08-10 09:22:56,031 [pool-616-thread-1] INFO  server.RaftServerConfigKeys (ConfUtils.java:logGet(46)) - raft.server.log.statemachine.data.caching.enabled = false (default)
2022-08-10 09:22:56,031 [pool-616-thread-1] INFO  segmented.SegmentedRaftLogWorker (SegmentedRaftLogWorker.java:lambda$new$0(135)) - omNode-1@group-523986131536-SegmentedRaftLogWorker: flushIndex: setUnconditionally 0 -> -1
2022-08-10 09:22:56,031 [pool-616-thread-1] INFO  segmented.SegmentedRaftLogWorker (SegmentedRaftLogWorker.java:lambda$new$0(135)) - omNode-1@group-523986131536-SegmentedRaftLogWorker: safeCacheEvictIndex: setUnconditionally 0 -> -1
2022-08-10 09:22:56,048 [pool-616-thread-1] INFO  server.RaftServerConfigKeys (ConfUtils.java:logGet(46)) - raft.server.snapshot.auto.trigger.enabled = true (custom)
2022-08-10 09:22:56,048 [pool-616-thread-1] INFO  server.RaftServerConfigKeys (ConfUtils.java:logGet(46)) - raft.server.snapshot.auto.trigger.threshold = 50 (custom)
2022-08-10 09:22:56,048 [pool-616-thread-1] INFO  server.RaftServerConfigKeys (ConfUtils.java:logGet(46)) - raft.server.snapshot.retention.file.num = -1 (default)
2022-08-10 09:22:56,048 [pool-616-thread-1] INFO  server.RaftServerConfigKeys (ConfUtils.java:logGet(46)) - raft.server.log.purge.upto.snapshot.index = true (custom)
2022-08-10 09:22:56,049 [pool-616-thread-1] INFO  server.RaftServerConfigKeys (ConfUtils.java:logGet(46)) - raft.server.retrycache.expirytime = 30000ms (custom)
2022-08-10 09:22:56,049 [pool-616-thread-1] INFO  server.RaftServerConfigKeys (ConfUtils.java:logGet(46)) - raft.server.retrycache.statistics.expirytime = 100μs (default)
2022-08-10 09:22:56,050 [pool-616-thread-1] INFO  server.RaftServerConfigKeys (ConfUtils.java:logGet(46)) - raft.server.log.appender.install.snapshot.enabled = false (custom)
2022-08-10 09:22:56,050 [pool-616-thread-1] INFO  server.RaftServerConfigKeys (ConfUtils.java:logGet(46)) - raft.server.threadpool.server.cached = true (default)
2022-08-10 09:22:56,050 [pool-616-thread-1] INFO  server.RaftServerConfigKeys (ConfUtils.java:logGet(46)) - raft.server.threadpool.server.size = 0 (default)
2022-08-10 09:22:56,050 [pool-616-thread-1] INFO  server.RaftServerConfigKeys (ConfUtils.java:logGet(46)) - raft.server.threadpool.client.cached = true (default)
2022-08-10 09:22:56,050 [pool-616-thread-1] INFO  server.RaftServerConfigKeys (ConfUtils.java:logGet(46)) - raft.server.threadpool.client.size = 0 (default)
2022-08-10 09:22:56,335 [EndpointStateMachine task thread for /0.0.0.0:42301 - 0 ] INFO  ipc.Client (Client.java:handleConnectionFailure(977)) - Retrying connect to server: 0.0.0.0/0.0.0.0:42301. Already tried 5 time(s); retry policy is RetryUpToMaximumCountWithFixedSleep(maxRetries=15, sleepTime=1000 MILLISECONDS)
2022-08-10 09:22:56,337 [Finalizer] WARN  managed.ManagedRocksObjectUtils (ManagedRocksObjectUtils.java:assertClosed(39)) - ManagedColumnFamilyOptions is not closed properly
2022-08-10 09:22:56,338 [Finalizer] WARN  managed.ManagedRocksObjectUtils (ManagedRocksObjectUtils.java:assertClosed(39)) - ManagedColumnFamilyOptions is not closed properly
2022-08-10 09:22:56,338 [Finalizer] WARN  managed.ManagedRocksObjectUtils (ManagedRocksObjectUtils.java:assertClosed(39)) - ManagedColumnFamilyOptions is not closed properly
2022-08-10 09:22:56,338 [Finalizer] WARN  managed.ManagedRocksObjectUtils (ManagedRocksObjectUtils.java:assertClosed(39)) - ManagedColumnFamilyOptions is not closed properly
2022-08-10 09:22:56,338 [Finalizer] WARN  managed.ManagedRocksObjectUtils (ManagedRocksObjectUtils.java:assertClosed(39)) - ManagedColumnFamilyOptions is not closed properly
2022-08-10 09:22:56,338 [Finalizer] WARN  managed.ManagedRocksObjectUtils (ManagedRocksObjectUtils.java:assertClosed(39)) - ManagedColumnFamilyOptions is not closed properly
2022-08-10 09:22:56,338 [Finalizer] WARN  managed.ManagedRocksObjectUtils (ManagedRocksObjectUtils.java:assertClosed(39)) - ManagedColumnFamilyOptions is not closed properly
2022-08-10 09:22:56,338 [Finalizer] WARN  managed.ManagedRocksObjectUtils (ManagedRocksObjectUtils.java:assertClosed(39)) - ManagedColumnFamilyOptions is not closed properly
2022-08-10 09:22:56,338 [Finalizer] WARN  managed.ManagedRocksObjectUtils (ManagedRocksObjectUtils.java:assertClosed(39)) - ManagedColumnFamilyOptions is not closed properly
2022-08-10 09:22:56,338 [Finalizer] WARN  managed.ManagedRocksObjectUtils (ManagedRocksObjectUtils.java:assertClosed(39)) - ManagedColumnFamilyOptions is not closed properly
2022-08-10 09:22:56,338 [Finalizer] WARN  managed.ManagedRocksObjectUtils (ManagedRocksObjectUtils.java:assertClosed(39)) - ManagedColumnFamilyOptions is not closed properly
2022-08-10 09:22:56,338 [Finalizer] WARN  managed.ManagedRocksObjectUtils (ManagedRocksObjectUtils.java:assertClosed(39)) - ManagedColumnFamilyOptions is not closed properly
2022-08-10 09:22:56,338 [Finalizer] WARN  managed.ManagedRocksObjectUtils (ManagedRocksObjectUtils.java:assertClosed(39)) - ManagedColumnFamilyOptions is not closed properly
2022-08-10 09:22:56,338 [Finalizer] WARN  managed.ManagedRocksObjectUtils (ManagedRocksObjectUtils.java:assertClosed(39)) - ManagedColumnFamilyOptions is not closed properly
2022-08-10 09:22:56,338 [Finalizer] WARN  managed.ManagedRocksObjectUtils (ManagedRocksObjectUtils.java:assertClosed(39)) - ManagedColumnFamilyOptions is not closed properly
2022-08-10 09:22:56,338 [Finalizer] WARN  managed.ManagedRocksObjectUtils (ManagedRocksObjectUtils.java:assertClosed(39)) - ManagedColumnFamilyOptions is not closed properly
2022-08-10 09:22:56,338 [Finalizer] WARN  managed.ManagedRocksObjectUtils (ManagedRocksObjectUtils.java:assertClosed(39)) - ManagedColumnFamilyOptions is not closed properly
2022-08-10 09:22:56,338 [Finalizer] WARN  managed.ManagedRocksObjectUtils (ManagedRocksObjectUtils.java:assertClosed(39)) - ManagedColumnFamilyOptions is not closed properly
2022-08-10 09:22:56,338 [Finalizer] WARN  managed.ManagedRocksObjectUtils (ManagedRocksObjectUtils.java:assertClosed(39)) - ManagedColumnFamilyOptions is not closed properly
2022-08-10 09:22:56,338 [Finalizer] WARN  managed.ManagedRocksObjectUtils (ManagedRocksObjectUtils.java:assertClosed(39)) - ManagedColumnFamilyOptions is not closed properly
2022-08-10 09:22:56,338 [Finalizer] WARN  managed.ManagedRocksObjectUtils (ManagedRocksObjectUtils.java:assertClosed(39)) - ManagedColumnFamilyOptions is not closed properly
2022-08-10 09:22:56,338 [Finalizer] WARN  managed.ManagedRocksObjectUtils (ManagedRocksObjectUtils.java:assertClosed(39)) - ManagedColumnFamilyOptions is not closed properly
2022-08-10 09:22:56,717 [Listener at 0.0.0.0/40161] INFO  reflections.Reflections (Reflections.java:scan(232)) - Reflections took 725 ms to scan 19 urls, producing 67 keys and 4150 values [using 2 cores]
2022-08-10 09:22:56,719 [Listener at 0.0.0.0/40161] INFO  ipc.CallQueueManager (CallQueueManager.java:<init>(90)) - Using callQueue: class java.util.concurrent.LinkedBlockingQueue, queueCapacity: 2000, scheduler: class org.apache.hadoop.ipc.DefaultRpcScheduler, ipcBackoff: false.
2022-08-10 09:22:56,722 [Socket Reader #1 for port 39315] INFO  ipc.Server (Server.java:run(1265)) - Starting Socket Reader #1 for port 39315
2022-08-10 09:22:56,766 [Listener at 127.0.0.1/39315] INFO  impl.MetricsSystemImpl (MetricsSystemImpl.java:init(158)) - OzoneManager metrics system started (again)
2022-08-10 09:22:56,804 [Listener at 127.0.0.1/39315] INFO  om.OzoneManager (OzoneManager.java:start(1470)) - OzoneManager RPC server is listening at localhost/127.0.0.1:39315
2022-08-10 09:22:56,805 [Listener at 127.0.0.1/39315] INFO  ratis.OzoneManagerRatisServer (OzoneManagerRatisServer.java:start(554)) - Starting OzoneManagerRatisServer omNode-1 at port 33619
2022-08-10 09:22:56,805 [omNode-1-impl-thread1] INFO  server.RaftServer$Division (RaftServerImpl.java:start(310)) - omNode-1@group-523986131536: start as a follower, conf=-1: [omNode-3|rpc:localhost:34345|priority:0, omNode-1|rpc:localhost:33619|priority:0, omNode-2|rpc:localhost:43433|priority:0], old=null
2022-08-10 09:22:56,805 [omNode-1-impl-thread1] INFO  server.RaftServer$Division (RaftServerImpl.java:setRole(299)) - omNode-1@group-523986131536: changes role from      null to FOLLOWER at term 0 for startAsFollower
2022-08-10 09:22:56,805 [omNode-1-impl-thread1] INFO  impl.RoleInfo (RoleInfo.java:updateAndGet(139)) - omNode-1: start omNode-1@group-523986131536-FollowerState
2022-08-10 09:22:56,808 [omNode-1-impl-thread1] INFO  util.JmxRegister (JmxRegister.java:tryRegister(44)) - Successfully registered JMX Bean with object name Ratis:service=RaftServer,group=group-523986131536,id=omNode-1
2022-08-10 09:22:56,816 [Listener at 127.0.0.1/39315] INFO  server.RaftServer (RaftServerProxy.java:lambda$start$6(382)) - omNode-1: start RPC server
2022-08-10 09:22:56,821 [Listener at 127.0.0.1/39315] INFO  server.GrpcService (GrpcService.java:startImpl(260)) - omNode-1: GrpcService started, listening on 33619
2022-08-10 09:22:56,827 [Listener at 127.0.0.1/39315] INFO  om.OzoneManager (OzoneManager.java:start(1486)) - Version File has different layout version (3) than OM DB (null). That is expected if this OM has never been finalized to a newer layout version.
2022-08-10 09:22:56,828 [org.apache.ratis.util.JvmPauseMonitor$$Lambda$696/1259104175@36fb9a60] INFO  util.JvmPauseMonitor (JvmPauseMonitor.java:run(103)) - JvmPauseMonitor-omNode-1: Started
2022-08-10 09:22:56,843 [Listener at 127.0.0.1/39315] INFO  http.BaseHttpServer (BaseHttpServer.java:newHttpServer2BuilderForOzone(209)) - Starting Web-server for ozoneManager at: http://0.0.0.0:45103
2022-08-10 09:22:56,844 [Listener at 127.0.0.1/39315] INFO  http.BaseHttpServer (BaseHttpServer.java:<init>(107)) - Hadoop Security Enabled: false Ozone Security Enabled: false Ozone HTTP Security Enabled: false 
2022-08-10 09:22:56,847 [Listener at 127.0.0.1/39315] INFO  server.AuthenticationFilter (AuthenticationFilter.java:constructSecretProvider(240)) - Unable to initialize FileSignerSecretProvider, falling back to use random secrets.
2022-08-10 09:22:56,848 [Listener at 127.0.0.1/39315] WARN  http.HttpRequestLog (HttpRequestLog.java:getRequestLog(103)) - Jetty request log can only be enabled using Log4j
2022-08-10 09:22:56,849 [Listener at 127.0.0.1/39315] INFO  http.HttpServer2 (HttpServer2.java:addGlobalFilter(1029)) - Added global filter 'safety' (class=org.apache.hadoop.hdds.server.http.HttpServer2$QuotingInputFilter)
2022-08-10 09:22:56,850 [Listener at 127.0.0.1/39315] INFO  http.HttpServer2 (HttpServer2.java:addFilter(1005)) - Added filter static_user_filter (class=org.apache.hadoop.http.lib.StaticUserWebFilter$StaticUserFilter) to context ozoneManager
2022-08-10 09:22:56,850 [Listener at 127.0.0.1/39315] INFO  http.HttpServer2 (HttpServer2.java:addFilter(1013)) - Added filter static_user_filter (class=org.apache.hadoop.http.lib.StaticUserWebFilter$StaticUserFilter) to context logs
2022-08-10 09:22:56,850 [Listener at 127.0.0.1/39315] INFO  http.HttpServer2 (HttpServer2.java:addFilter(1013)) - Added filter static_user_filter (class=org.apache.hadoop.http.lib.StaticUserWebFilter$StaticUserFilter) to context static
2022-08-10 09:22:56,851 [Listener at 127.0.0.1/39315] INFO  http.HttpServer2 (HttpServer2.java:bindListener(1248)) - Jetty bound to port 45103
2022-08-10 09:22:56,851 [Listener at 127.0.0.1/39315] INFO  server.Server (Server.java:doStart(375)) - jetty-9.4.43.v20210629; built: 2021-06-30T11:07:22.254Z; git: 526006ecfa3af7f1a27ef3a288e2bef7ea9dd7e8; jvm 1.8.0_332-b09
2022-08-10 09:22:56,853 [Listener at 127.0.0.1/39315] INFO  server.session (DefaultSessionIdManager.java:doStart(334)) - DefaultSessionIdManager workerName=node0
2022-08-10 09:22:56,853 [Listener at 127.0.0.1/39315] INFO  server.session (DefaultSessionIdManager.java:doStart(339)) - No SessionScavenger set, using defaults
2022-08-10 09:22:56,855 [Listener at 127.0.0.1/39315] INFO  server.session (HouseKeeper.java:startScavenging(132)) - node0 Scavenging every 660000ms
2022-08-10 09:22:56,856 [Listener at 127.0.0.1/39315] INFO  handler.ContextHandler (ContextHandler.java:doStart(915)) - Started o.e.j.s.ServletContextHandler@547ecaff{logs,/logs,file:///home/runner/work/ozone/ozone/hadoop-ozone/integration-test/target/log,AVAILABLE}
2022-08-10 09:22:56,857 [Listener at 127.0.0.1/39315] INFO  handler.ContextHandler (ContextHandler.java:doStart(915)) - Started o.e.j.s.ServletContextHandler@5925d03a{static,/static,file:///home/runner/work/ozone/ozone/hadoop-ozone/integration-test/target/test-classes/webapps/static,AVAILABLE}
2022-08-10 09:22:56,860 [Listener at 127.0.0.1/39315] INFO  handler.ContextHandler (ContextHandler.java:doStart(915)) - Started o.e.j.w.WebAppContext@7d30f905{ozoneManager,/,file:///home/runner/work/ozone/ozone/hadoop-ozone/integration-test/target/test-classes/webapps/ozoneManager/,AVAILABLE}{file:/home/runner/work/ozone/ozone/hadoop-ozone/integration-test/target/test-classes/webapps/ozoneManager}
2022-08-10 09:22:56,868 [Listener at 127.0.0.1/39315] INFO  server.AbstractConnector (AbstractConnector.java:doStart(331)) - Started ServerConnector@7d8e4c43{HTTP/1.1, (http/1.1)}{0.0.0.0:45103}
2022-08-10 09:22:56,868 [Listener at 127.0.0.1/39315] INFO  server.Server (Server.java:doStart(415)) - Started @104317ms
2022-08-10 09:22:56,868 [Listener at 127.0.0.1/39315] WARN  impl.MetricsSystemImpl (MetricsSystemImpl.java:register(279)) - Sink prometheus already exists!
2022-08-10 09:22:56,869 [Listener at 127.0.0.1/39315] INFO  http.BaseHttpServer (BaseHttpServer.java:updateConnectorAddress(329)) - HTTP server of ozoneManager listening at http://0.0.0.0:45103
2022-08-10 09:22:56,873 [IPC Server Responder] INFO  ipc.Server (Server.java:run(1507)) - IPC Server Responder: starting
2022-08-10 09:22:56,910 [Listener at 127.0.0.1/39315] INFO  om.OzoneManager (OzoneManager.java:startTrashEmptier(1907)) - Trash Interval set to 0. Files deleted won't move to trash
2022-08-10 09:22:56,911 [Listener at 127.0.0.1/39315] INFO  ozone.MiniOzoneHAClusterImpl (MiniOzoneHAClusterImpl.java:createOMService(527)) - Started OzoneManager omNode-1 RPC server at localhost/127.0.0.1:39315
2022-08-10 09:22:56,912 [Listener at 127.0.0.1/39315] INFO  ha.OMHANodeDetails (OMHANodeDetails.java:loadOMHAConfig(121)) - ServiceID for OzoneManager is om-service-test1
2022-08-10 09:22:56,914 [IPC Server listener on 39315] INFO  ipc.Server (Server.java:run(1344)) - IPC Server listener on 39315: starting
2022-08-10 09:22:56,919 [Listener at 127.0.0.1/39315] INFO  ha.OMHANodeDetails (OMHANodeDetails.java:loadOMHAConfig(201)) - Found matching OM address with OMServiceId: om-service-test1, OMNodeId: omNode-2, RPC Address: localhost:35575 and Ratis port: 43433
2022-08-10 09:22:56,920 [Listener at 127.0.0.1/39315] INFO  ha.OMHANodeDetails (ConfUtils.java:setNodeSpecificConfigs(97)) - Setting configuration key ozone.om.http-address with value of key ozone.om.http-address.om-service-test1.omNode-2: 127.0.0.1:42791
2022-08-10 09:22:56,920 [Listener at 127.0.0.1/39315] INFO  ha.OMHANodeDetails (ConfUtils.java:setNodeSpecificConfigs(97)) - Setting configuration key ozone.om.https-address with value of key ozone.om.https-address.om-service-test1.omNode-2: 127.0.0.1:38841
2022-08-10 09:22:56,922 [Listener at 127.0.0.1/39315] INFO  ha.OMHANodeDetails (ConfUtils.java:setNodeSpecificConfigs(97)) - Setting configuration key ozone.om.address with value of key ozone.om.address.om-service-test1.omNode-2: 127.0.0.1:35575
2022-08-10 09:22:56,922 [Listener at 127.0.0.1/39315] WARN  server.ServerUtils (ServerUtils.java:getDBPath(225)) - ozone.om.db.dirs is not configured. We recommend adding this setting. Falling back to ozone.metadata.dirs instead.
2022-08-10 09:22:56,924 [Listener at 127.0.0.1/39315] INFO  proxy.SCMBlockLocationFailoverProxyProvider (SCMBlockLocationFailoverProxyProvider.java:<init>(114)) - Created block location fail-over proxy with 1 nodes: [nodeId=scmNodeId,nodeAddress=/0.0.0.0:33299]
2022-08-10 09:22:56,929 [org.apache.hadoop.util.JvmPauseMonitor$Monitor@3348cc8b] INFO  util.JvmPauseMonitor (JvmPauseMonitor.java:run(188)) - Starting JVM pause monitor
OM initialization succeeded.Current cluster id for sd=/home/runner/work/ozone/ozone/hadoop-ozone/integration-test/target/test-dir/MiniOzoneClusterImpl-2080ac2c-1c22-4300-b117-cc71631a0cfb/omNode-2/om;cid=2080ac2c-1c22-4300-b117-cc71631a0cfb;layoutVersion=3
2022-08-10 09:22:56,942 [Listener at 127.0.0.1/39315] INFO  ha.OMHANodeDetails (OMHANodeDetails.java:loadOMHAConfig(121)) - ServiceID for OzoneManager is om-service-test1
2022-08-10 09:22:56,942 [Listener at 127.0.0.1/39315] INFO  ha.OMHANodeDetails (OMHANodeDetails.java:loadOMHAConfig(201)) - Found matching OM address with OMServiceId: om-service-test1, OMNodeId: omNode-2, RPC Address: localhost:35575 and Ratis port: 43433
2022-08-10 09:22:56,942 [Listener at 127.0.0.1/39315] INFO  ha.OMHANodeDetails (ConfUtils.java:setNodeSpecificConfigs(97)) - Setting configuration key ozone.om.http-address with value of key ozone.om.http-address.om-service-test1.omNode-2: 127.0.0.1:42791
2022-08-10 09:22:56,943 [Listener at 127.0.0.1/39315] INFO  ha.OMHANodeDetails (ConfUtils.java:setNodeSpecificConfigs(97)) - Setting configuration key ozone.om.https-address with value of key ozone.om.https-address.om-service-test1.omNode-2: 127.0.0.1:38841
2022-08-10 09:22:56,943 [Listener at 127.0.0.1/39315] INFO  ha.OMHANodeDetails (ConfUtils.java:setNodeSpecificConfigs(97)) - Setting configuration key ozone.om.address with value of key ozone.om.address.om-service-test1.omNode-2: 127.0.0.1:35575
2022-08-10 09:22:56,943 [Listener at 127.0.0.1/39315] WARN  server.ServerUtils (ServerUtils.java:getDBPath(225)) - ozone.om.db.dirs is not configured. We recommend adding this setting. Falling back to ozone.metadata.dirs instead.
2022-08-10 09:22:56,943 [Listener at 127.0.0.1/39315] INFO  upgrade.AbstractLayoutVersionManager (AbstractLayoutVersionManager.java:init(83)) - Initializing Layout version manager with metadata layout = MULTITENANCY_SCHEMA (version = 3), software layout = MULTITENANCY_SCHEMA (version = 3)
2022-08-10 09:22:57,042 [Listener at 127.0.0.1/39315] INFO  reflections.Reflections (Reflections.java:scan(232)) - Reflections took 98 ms to scan 2 urls, producing 153 keys and 426 values [using 2 cores]
2022-08-10 09:22:57,042 [Listener at 127.0.0.1/39315] INFO  upgrade.OMLayoutVersionManager (OMLayoutVersionManager.java:lambda$0(115)) - Skipping Upgrade Action MockOmUpgradeAction since it has been finalized.
2022-08-10 09:22:57,043 [Listener at 127.0.0.1/39315] WARN  server.ServerUtils (ServerUtils.java:getDBPath(225)) - ozone.om.db.dirs is not configured. We recommend adding this setting. Falling back to ozone.metadata.dirs instead.
2022-08-10 09:22:57,043 [Listener at 127.0.0.1/39315] INFO  proxy.SCMBlockLocationFailoverProxyProvider (SCMBlockLocationFailoverProxyProvider.java:<init>(114)) - Created block location fail-over proxy with 1 nodes: [nodeId=scmNodeId,nodeAddress=/0.0.0.0:33299]
2022-08-10 09:22:57,045 [Listener at 127.0.0.1/39315] INFO  proxy.SCMBlockLocationFailoverProxyProvider (SCMBlockLocationFailoverProxyProvider.java:<init>(114)) - Created block location fail-over proxy with 1 nodes: [nodeId=scmNodeId,nodeAddress=/0.0.0.0:33299]
2022-08-10 09:22:57,095 [Listener at 127.0.0.1/39315] WARN  server.ServerUtils (ServerUtils.java:getDBPath(225)) - ozone.om.db.dirs is not configured. We recommend adding this setting. Falling back to ozone.metadata.dirs instead.
2022-08-10 09:22:57,096 [Listener at 127.0.0.1/39315] INFO  codec.OmKeyInfoCodec (OmKeyInfoCodec.java:<init>(49)) - OmKeyInfoCodec ignorePipeline = true
2022-08-10 09:22:57,096 [Listener at 127.0.0.1/39315] INFO  codec.RepeatedOmKeyInfoCodec (RepeatedOmKeyInfoCodec.java:<init>(41)) - RepeatedOmKeyInfoCodec ignorePipeline = true
2022-08-10 09:22:57,338 [EndpointStateMachine task thread for /0.0.0.0:42301 - 0 ] INFO  ipc.Client (Client.java:handleConnectionFailure(977)) - Retrying connect to server: 0.0.0.0/0.0.0.0:42301. Already tried 6 time(s); retry policy is RetryUpToMaximumCountWithFixedSleep(maxRetries=15, sleepTime=1000 MILLISECONDS)
2022-08-10 09:22:57,458 [Listener at 127.0.0.1/39315] INFO  om.OzoneManager (OzoneManager.java:instantiateServices(697)) - S3 Multi-Tenancy is disabled
2022-08-10 09:22:57,459 [Listener at 127.0.0.1/39315] INFO  om.OzoneManager (OzoneManager.java:addS3GVolumeToDB(4308)) - Created Volume s3v With Owner runner required for S3Gateway operations.
2022-08-10 09:22:57,460 [Listener at 127.0.0.1/39315] WARN  server.ServerUtils (ServerUtils.java:getDefaultRatisDirectory(237)) - Storage directory for Ratis is not configured. It is a good idea to map this to an SSD disk. Falling back to ozone.metadata.dirs
2022-08-10 09:22:57,460 [Listener at 127.0.0.1/39315] WARN  utils.OzoneManagerRatisUtils (OzoneManagerRatisUtils.java:getOMRatisSnapshotDirectory(434)) - ozone.om.ratis.snapshot.dir is not configured. Falling back to ozone.metadata.dirs config
2022-08-10 09:22:57,460 [Listener at 127.0.0.1/39315] INFO  snapshot.OzoneManagerSnapshotProvider (OzoneManagerSnapshotProvider.java:<init>(76)) - Initializing OM Snapshot Provider
2022-08-10 09:22:57,462 [Listener at 127.0.0.1/39315] WARN  impl.MetricRegistriesImpl (MetricRegistriesImpl.java:addReporterRegistration(111)) - New reporters are added after registries were created. Some metrics will be missing from the reporter. Please add reporter before adding any new registry.
2022-08-10 09:22:57,462 [Listener at 127.0.0.1/39315] WARN  impl.MetricRegistriesImpl (MetricRegistriesImpl.java:addReporterRegistration(111)) - New reporters are added after registries were created. Some metrics will be missing from the reporter. Please add reporter before adding any new registry.
2022-08-10 09:22:57,462 [Listener at 127.0.0.1/39315] WARN  server.ServerUtils (ServerUtils.java:getDefaultRatisDirectory(237)) - Storage directory for Ratis is not configured. It is a good idea to map this to an SSD disk. Falling back to ozone.metadata.dirs
2022-08-10 09:22:57,463 [Listener at 127.0.0.1/39315] INFO  ratis.OzoneManagerRatisServer (OzoneManagerRatisServer.java:<init>(159)) - Instantiating OM Ratis server with groupID: om-service-test1 and peers: localhost:43433, localhost:34345, localhost:33619
2022-08-10 09:22:57,463 [Listener at 127.0.0.1/39315] INFO  ratis.OzoneManagerStateMachine (OzoneManagerStateMachine.java:loadSnapshotInfoFromDB(632)) - LastAppliedIndex is set from TransactionInfo from OM DB as (t:0, i:~)
2022-08-10 09:22:57,476 [Listener at 127.0.0.1/39315] INFO  server.RaftServer (ConfUtils.java:logGet(46)) - raft.rpc.type = GRPC (default)
2022-08-10 09:22:57,476 [Listener at 127.0.0.1/39315] INFO  grpc.GrpcFactory (GrpcFactory.java:checkPooledByteBufAllocatorUseCacheForAllThreads(48)) - PERFORMANCE WARNING: useCacheForAllThreads is true that may cause Netty to create a lot garbage objects and, as a result, trigger GC.
	It is recommended to disable useCacheForAllThreads by setting -Dorg.apache.ratis.thirdparty.io.netty.allocator.useCacheForAllThreads=false in command line.
2022-08-10 09:22:57,477 [Listener at 127.0.0.1/39315] INFO  grpc.GrpcConfigKeys (ConfUtils.java:logGet(46)) - raft.grpc.admin.port = -1 (default)
2022-08-10 09:22:57,477 [Listener at 127.0.0.1/39315] INFO  grpc.GrpcConfigKeys (ConfUtils.java:logGet(46)) - raft.grpc.server.port = 43433 (custom)
2022-08-10 09:22:57,477 [Listener at 127.0.0.1/39315] INFO  grpc.GrpcConfigKeys (ConfUtils.java:logGet(46)) - raft.grpc.client.port = -1 (default)
2022-08-10 09:22:57,477 [Listener at 127.0.0.1/39315] INFO  grpc.GrpcConfigKeys (ConfUtils.java:logGet(46)) - raft.grpc.server.port = 43433 (custom)
2022-08-10 09:22:57,477 [Listener at 127.0.0.1/39315] INFO  grpc.GrpcConfigKeys (ConfUtils.java:logGet(46)) - raft.grpc.server.port = 43433 (custom)
2022-08-10 09:22:57,477 [Listener at 127.0.0.1/39315] INFO  server.GrpcService (ConfUtils.java:logGet(46)) - raft.grpc.message.size.max = 33554432 (custom)
2022-08-10 09:22:57,478 [Listener at 127.0.0.1/39315] INFO  server.RaftServerConfigKeys (ConfUtils.java:logGet(46)) - raft.server.log.appender.buffer.byte-limit = 33554432 (custom)
2022-08-10 09:22:57,478 [Listener at 127.0.0.1/39315] INFO  server.GrpcService (ConfUtils.java:logGet(46)) - raft.grpc.flow.control.window = 1MB (=1048576) (default)
2022-08-10 09:22:57,478 [Listener at 127.0.0.1/39315] INFO  server.RaftServerConfigKeys (ConfUtils.java:logGet(46)) - raft.server.rpc.request.timeout = 3000ms (default)
2022-08-10 09:22:57,478 [Listener at 127.0.0.1/39315] INFO  grpc.GrpcConfigKeys (ConfUtils.java:logGet(46)) - raft.grpc.server.async.request.thread.pool.cached = true (default)
2022-08-10 09:22:57,478 [Listener at 127.0.0.1/39315] INFO  grpc.GrpcConfigKeys (ConfUtils.java:logGet(46)) - raft.grpc.server.async.request.thread.pool.size = 32 (default)
2022-08-10 09:22:57,481 [Listener at 127.0.0.1/39315] INFO  impl.DataStreamServerImpl (ConfUtils.java:logGet(46)) - raft.datastream.type = DISABLED (default)
2022-08-10 09:22:57,482 [Listener at 127.0.0.1/39315] INFO  server.RaftServerConfigKeys (ConfUtils.java:logGet(46)) - raft.server.threadpool.proxy.cached = true (default)
2022-08-10 09:22:57,482 [Listener at 127.0.0.1/39315] INFO  server.RaftServerConfigKeys (ConfUtils.java:logGet(46)) - raft.server.threadpool.proxy.size = 0 (default)
2022-08-10 09:22:57,482 [Listener at 127.0.0.1/39315] INFO  server.RaftServerConfigKeys (ConfUtils.java:logGet(46)) - raft.server.rpc.slowness.timeout = 2s (custom)
2022-08-10 09:22:57,482 [Listener at 127.0.0.1/39315] INFO  server.RaftServerConfigKeys (ConfUtils.java:logGet(46)) - raft.server.leaderelection.leader.step-down.wait-time = 10s (default)
2022-08-10 09:22:57,482 [Listener at 127.0.0.1/39315] INFO  server.RaftServerConfigKeys (ConfUtils.java:logGet(46)) - raft.server.storage.dir = [/home/runner/work/ozone/ozone/hadoop-ozone/integration-test/target/test-dir/MiniOzoneClusterImpl-2080ac2c-1c22-4300-b117-cc71631a0cfb/omNode-2/ratis] (custom)
2022-08-10 09:22:57,489 [Listener at 127.0.0.1/39315] INFO  server.RaftServer (RaftServerProxy.java:addNew(96)) - omNode-2: addNew group-523986131536:[omNode-3|rpc:localhost:34345|priority:0, omNode-1|rpc:localhost:33619|priority:0, omNode-2|rpc:localhost:43433|priority:0] returns group-523986131536:java.util.concurrent.CompletableFuture@6fd46a7e[Not completed]
2022-08-10 09:22:57,489 [Listener at 127.0.0.1/39315] INFO  om.OzoneManager (OzoneManager.java:initializeRatisServer(1963)) - OzoneManager Ratis server initialized at port 43433
2022-08-10 09:22:57,491 [Listener at 127.0.0.1/39315] INFO  om.OzoneManager (OzoneManager.java:getRpcServer(1086)) - Creating RPC Server
2022-08-10 09:22:57,495 [pool-641-thread-1] INFO  server.RaftServer$Division (RaftServerImpl.java:<init>(190)) - omNode-2: new RaftServerImpl for group-523986131536:[omNode-3|rpc:localhost:34345|priority:0, omNode-1|rpc:localhost:33619|priority:0, omNode-2|rpc:localhost:43433|priority:0] with OzoneManagerStateMachine:uninitialized
2022-08-10 09:22:57,495 [pool-641-thread-1] INFO  server.RaftServerConfigKeys (ConfUtils.java:logGet(46)) - raft.server.rpc.timeout.min = 1s (custom)
2022-08-10 09:22:57,495 [pool-641-thread-1] INFO  server.RaftServerConfigKeys (ConfUtils.java:logGet(46)) - raft.server.rpc.timeout.max = 1200ms (custom)
2022-08-10 09:22:57,495 [pool-641-thread-1] INFO  server.RaftServerConfigKeys (ConfUtils.java:logGet(46)) - raft.server.rpc.sleep.time = 25ms (default)
2022-08-10 09:22:57,495 [pool-641-thread-1] INFO  server.RaftServerConfigKeys (ConfUtils.java:logGet(46)) - raft.server.rpc.slowness.timeout = 2s (custom)
2022-08-10 09:22:57,495 [pool-641-thread-1] INFO  server.RaftServerConfigKeys (ConfUtils.java:logGet(46)) - raft.server.leaderelection.leader.step-down.wait-time = 10s (default)
2022-08-10 09:22:57,495 [pool-641-thread-1] INFO  server.RaftServerConfigKeys (ConfUtils.java:logGet(46)) - raft.server.sleep.deviation.threshold = 300ms (default)
2022-08-10 09:22:57,495 [pool-641-thread-1] INFO  server.RaftServer$Division (ServerState.java:<init>(107)) - omNode-2@group-523986131536: ConfigurationManager, init=-1: [omNode-3|rpc:localhost:34345|priority:0, omNode-1|rpc:localhost:33619|priority:0, omNode-2|rpc:localhost:43433|priority:0], old=null, confs=<EMPTY_MAP>
2022-08-10 09:22:57,496 [pool-641-thread-1] INFO  server.RaftServerConfigKeys (ConfUtils.java:logGet(46)) - raft.server.storage.dir = [/home/runner/work/ozone/ozone/hadoop-ozone/integration-test/target/test-dir/MiniOzoneClusterImpl-2080ac2c-1c22-4300-b117-cc71631a0cfb/omNode-2/ratis] (custom)
2022-08-10 09:22:57,496 [pool-641-thread-1] INFO  server.RaftServerConfigKeys (ConfUtils.java:logGet(46)) - raft.server.log.corruption.policy = EXCEPTION (default)
2022-08-10 09:22:57,496 [pool-641-thread-1] INFO  server.RaftServerConfigKeys (ConfUtils.java:logGet(46)) - raft.server.storage.free-space.min = 0MB (=0) (default)
2022-08-10 09:22:57,496 [pool-641-thread-1] INFO  storage.RaftStorageDirectory (RaftStorageDirectoryImpl.java:analyzeStorage(135)) - The storage directory /home/runner/work/ozone/ozone/hadoop-ozone/integration-test/target/test-dir/MiniOzoneClusterImpl-2080ac2c-1c22-4300-b117-cc71631a0cfb/omNode-2/ratis/c9bc4cf4-3bc3-3c60-a66b-523986131536 does not exist. Creating ...
2022-08-10 09:22:57,498 [pool-641-thread-1] INFO  storage.RaftStorageDirectory (RaftStorageDirectoryImpl.java:tryLock(230)) - Lock on /home/runner/work/ozone/ozone/hadoop-ozone/integration-test/target/test-dir/MiniOzoneClusterImpl-2080ac2c-1c22-4300-b117-cc71631a0cfb/omNode-2/ratis/c9bc4cf4-3bc3-3c60-a66b-523986131536/in_use.lock acquired by nodename 28234@fv-az244-795
2022-08-10 09:22:57,499 [pool-641-thread-1] INFO  storage.RaftStorage (RaftStorageImpl.java:format(89)) - Storage directory /home/runner/work/ozone/ozone/hadoop-ozone/integration-test/target/test-dir/MiniOzoneClusterImpl-2080ac2c-1c22-4300-b117-cc71631a0cfb/omNode-2/ratis/c9bc4cf4-3bc3-3c60-a66b-523986131536 has been successfully formatted.
2022-08-10 09:22:57,500 [pool-641-thread-1] INFO  server.RaftServerConfigKeys (ConfUtils.java:logGet(46)) - raft.server.notification.no-leader.timeout = 2s (custom)
2022-08-10 09:22:57,500 [pool-641-thread-1] INFO  server.RaftServerConfigKeys (ConfUtils.java:logGet(46)) - raft.server.log.use.memory = false (default)
2022-08-10 09:22:57,500 [pool-641-thread-1] INFO  server.RaftServerConfigKeys (ConfUtils.java:logGet(46)) - raft.server.log.purge.gap = 50 (custom)
2022-08-10 09:22:57,500 [pool-641-thread-1] INFO  server.RaftServerConfigKeys (ConfUtils.java:logGet(46)) - raft.server.log.appender.buffer.byte-limit = 33554432 (custom)
2022-08-10 09:22:57,500 [pool-641-thread-1] INFO  server.RaftServerConfigKeys (ConfUtils.java:logGet(46)) - raft.server.log.statemachine.data.read.timeout = 1000ms (default)
2022-08-10 09:22:57,502 [pool-641-thread-1] INFO  server.RaftServerConfigKeys (ConfUtils.java:logGet(46)) - raft.server.log.segment.size.max = 4194304 (custom)
2022-08-10 09:22:57,502 [pool-641-thread-1] INFO  server.RaftServerConfigKeys (ConfUtils.java:logGet(46)) - raft.server.log.segment.cache.num.max = 2 (custom)
2022-08-10 09:22:57,503 [pool-641-thread-1] INFO  server.RaftServerConfigKeys (ConfUtils.java:logGet(46)) - raft.server.log.segment.cache.size.max = 200MB (=209715200) (default)
2022-08-10 09:22:57,503 [pool-641-thread-1] INFO  segmented.SegmentedRaftLogWorker (SegmentedRaftLogWorker.java:<init>(187)) - new omNode-2@group-523986131536-SegmentedRaftLogWorker for RaftStorageImpl:Storage Directory /home/runner/work/ozone/ozone/hadoop-ozone/integration-test/target/test-dir/MiniOzoneClusterImpl-2080ac2c-1c22-4300-b117-cc71631a0cfb/omNode-2/ratis/c9bc4cf4-3bc3-3c60-a66b-523986131536
2022-08-10 09:22:57,503 [pool-641-thread-1] INFO  server.RaftServerConfigKeys (ConfUtils.java:logGet(46)) - raft.server.log.queue.byte-limit = 64MB (=67108864) (default)
2022-08-10 09:22:57,503 [pool-641-thread-1] INFO  server.RaftServerConfigKeys (ConfUtils.java:logGet(46)) - raft.server.log.queue.element-limit = 4096 (default)
2022-08-10 09:22:57,503 [pool-641-thread-1] INFO  server.RaftServerConfigKeys (ConfUtils.java:logGet(46)) - raft.server.log.segment.size.max = 4194304 (custom)
2022-08-10 09:22:57,503 [pool-641-thread-1] INFO  server.RaftServerConfigKeys (ConfUtils.java:logGet(46)) - raft.server.log.preallocated.size = 4194304 (custom)
2022-08-10 09:22:57,503 [pool-641-thread-1] INFO  server.RaftServerConfigKeys (ConfUtils.java:logGet(46)) - raft.server.log.force.sync.num = 128 (default)
2022-08-10 09:22:57,503 [pool-641-thread-1] INFO  server.RaftServerConfigKeys (ConfUtils.java:logGet(46)) - raft.server.log.statemachine.data.sync = true (default)
2022-08-10 09:22:57,503 [pool-641-thread-1] INFO  server.RaftServerConfigKeys (ConfUtils.java:logGet(46)) - raft.server.log.statemachine.data.sync.timeout = 10s (default)
2022-08-10 09:22:57,511 [pool-641-thread-1] INFO  server.RaftServerConfigKeys (ConfUtils.java:logGet(46)) - raft.server.log.statemachine.data.sync.timeout.retry = -1 (default)
2022-08-10 09:22:57,511 [pool-641-thread-1] INFO  server.RaftServerConfigKeys (ConfUtils.java:logGet(46)) - raft.server.log.write.buffer.size = 64KB (=65536) (default)
2022-08-10 09:22:57,511 [pool-641-thread-1] INFO  server.RaftServerConfigKeys (ConfUtils.java:logGet(46)) - raft.server.log.unsafe-flush.enabled = false (default)
2022-08-10 09:22:57,512 [pool-641-thread-1] INFO  server.RaftServerConfigKeys (ConfUtils.java:logGet(46)) - raft.server.log.statemachine.data.caching.enabled = false (default)
2022-08-10 09:22:57,512 [pool-641-thread-1] INFO  segmented.SegmentedRaftLogWorker (SegmentedRaftLogWorker.java:lambda$new$0(135)) - omNode-2@group-523986131536-SegmentedRaftLogWorker: flushIndex: setUnconditionally 0 -> -1
2022-08-10 09:22:57,512 [pool-641-thread-1] INFO  segmented.SegmentedRaftLogWorker (SegmentedRaftLogWorker.java:lambda$new$0(135)) - omNode-2@group-523986131536-SegmentedRaftLogWorker: safeCacheEvictIndex: setUnconditionally 0 -> -1
2022-08-10 09:22:57,528 [pool-641-thread-1] INFO  server.RaftServerConfigKeys (ConfUtils.java:logGet(46)) - raft.server.snapshot.auto.trigger.enabled = true (custom)
2022-08-10 09:22:57,528 [pool-641-thread-1] INFO  server.RaftServerConfigKeys (ConfUtils.java:logGet(46)) - raft.server.snapshot.auto.trigger.threshold = 50 (custom)
2022-08-10 09:22:57,528 [pool-641-thread-1] INFO  server.RaftServerConfigKeys (ConfUtils.java:logGet(46)) - raft.server.snapshot.retention.file.num = -1 (default)
2022-08-10 09:22:57,528 [pool-641-thread-1] INFO  server.RaftServerConfigKeys (ConfUtils.java:logGet(46)) - raft.server.log.purge.upto.snapshot.index = true (custom)
2022-08-10 09:22:57,528 [pool-641-thread-1] INFO  server.RaftServerConfigKeys (ConfUtils.java:logGet(46)) - raft.server.retrycache.expirytime = 30000ms (custom)
2022-08-10 09:22:57,528 [pool-641-thread-1] INFO  server.RaftServerConfigKeys (ConfUtils.java:logGet(46)) - raft.server.retrycache.statistics.expirytime = 100μs (default)
2022-08-10 09:22:57,541 [pool-641-thread-1] INFO  server.RaftServerConfigKeys (ConfUtils.java:logGet(46)) - raft.server.log.appender.install.snapshot.enabled = false (custom)
2022-08-10 09:22:57,542 [pool-641-thread-1] INFO  server.RaftServerConfigKeys (ConfUtils.java:logGet(46)) - raft.server.threadpool.server.cached = true (default)
2022-08-10 09:22:57,542 [pool-641-thread-1] INFO  server.RaftServerConfigKeys (ConfUtils.java:logGet(46)) - raft.server.threadpool.server.size = 0 (default)
2022-08-10 09:22:57,542 [pool-641-thread-1] INFO  server.RaftServerConfigKeys (ConfUtils.java:logGet(46)) - raft.server.threadpool.client.cached = true (default)
2022-08-10 09:22:57,542 [pool-641-thread-1] INFO  server.RaftServerConfigKeys (ConfUtils.java:logGet(46)) - raft.server.threadpool.client.size = 0 (default)
2022-08-10 09:22:57,718 [Finalizer] WARN  managed.ManagedRocksObjectUtils (ManagedRocksObjectUtils.java:assertClosed(39)) - ManagedColumnFamilyOptions is not closed properly
2022-08-10 09:22:57,718 [Finalizer] WARN  managed.ManagedRocksObjectUtils (ManagedRocksObjectUtils.java:assertClosed(39)) - ManagedColumnFamilyOptions is not closed properly
2022-08-10 09:22:57,718 [Finalizer] WARN  managed.ManagedRocksObjectUtils (ManagedRocksObjectUtils.java:assertClosed(39)) - ManagedColumnFamilyOptions is not closed properly
2022-08-10 09:22:57,718 [Finalizer] WARN  managed.ManagedRocksObjectUtils (ManagedRocksObjectUtils.java:assertClosed(39)) - ManagedColumnFamilyOptions is not closed properly
2022-08-10 09:22:57,718 [Finalizer] WARN  managed.ManagedRocksObjectUtils (ManagedRocksObjectUtils.java:assertClosed(39)) - ManagedColumnFamilyOptions is not closed properly
2022-08-10 09:22:57,718 [Finalizer] WARN  managed.ManagedRocksObjectUtils (ManagedRocksObjectUtils.java:assertClosed(39)) - ManagedColumnFamilyOptions is not closed properly
2022-08-10 09:22:57,718 [Finalizer] WARN  managed.ManagedRocksObjectUtils (ManagedRocksObjectUtils.java:assertClosed(39)) - ManagedColumnFamilyOptions is not closed properly
2022-08-10 09:22:57,718 [Finalizer] WARN  managed.ManagedRocksObjectUtils (ManagedRocksObjectUtils.java:assertClosed(39)) - ManagedColumnFamilyOptions is not closed properly
2022-08-10 09:22:57,718 [Finalizer] WARN  managed.ManagedRocksObjectUtils (ManagedRocksObjectUtils.java:assertClosed(39)) - ManagedColumnFamilyOptions is not closed properly
2022-08-10 09:22:57,718 [Finalizer] WARN  managed.ManagedRocksObjectUtils (ManagedRocksObjectUtils.java:assertClosed(39)) - ManagedColumnFamilyOptions is not closed properly
2022-08-10 09:22:57,718 [Finalizer] WARN  managed.ManagedRocksObjectUtils (ManagedRocksObjectUtils.java:assertClosed(39)) - ManagedColumnFamilyOptions is not closed properly
2022-08-10 09:22:57,718 [Finalizer] WARN  managed.ManagedRocksObjectUtils (ManagedRocksObjectUtils.java:assertClosed(39)) - ManagedColumnFamilyOptions is not closed properly
2022-08-10 09:22:57,718 [Finalizer] WARN  managed.ManagedRocksObjectUtils (ManagedRocksObjectUtils.java:assertClosed(39)) - ManagedColumnFamilyOptions is not closed properly
2022-08-10 09:22:57,718 [Finalizer] WARN  managed.ManagedRocksObjectUtils (ManagedRocksObjectUtils.java:assertClosed(39)) - ManagedColumnFamilyOptions is not closed properly
2022-08-10 09:22:57,718 [Finalizer] WARN  managed.ManagedRocksObjectUtils (ManagedRocksObjectUtils.java:assertClosed(39)) - ManagedColumnFamilyOptions is not closed properly
2022-08-10 09:22:57,718 [Finalizer] WARN  managed.ManagedRocksObjectUtils (ManagedRocksObjectUtils.java:assertClosed(39)) - ManagedColumnFamilyOptions is not closed properly
2022-08-10 09:22:57,718 [Finalizer] WARN  managed.ManagedRocksObjectUtils (ManagedRocksObjectUtils.java:assertClosed(39)) - ManagedColumnFamilyOptions is not closed properly
2022-08-10 09:22:57,718 [Finalizer] WARN  managed.ManagedRocksObjectUtils (ManagedRocksObjectUtils.java:assertClosed(39)) - ManagedColumnFamilyOptions is not closed properly
2022-08-10 09:22:57,718 [Finalizer] WARN  managed.ManagedRocksObjectUtils (ManagedRocksObjectUtils.java:assertClosed(39)) - ManagedColumnFamilyOptions is not closed properly
2022-08-10 09:22:57,718 [Finalizer] WARN  managed.ManagedRocksObjectUtils (ManagedRocksObjectUtils.java:assertClosed(39)) - ManagedColumnFamilyOptions is not closed properly
2022-08-10 09:22:57,718 [Finalizer] WARN  managed.ManagedRocksObjectUtils (ManagedRocksObjectUtils.java:assertClosed(39)) - ManagedColumnFamilyOptions is not closed properly
2022-08-10 09:22:57,994 [omNode-1@group-523986131536-FollowerState] INFO  impl.FollowerState (FollowerState.java:run(143)) - omNode-1@group-523986131536-FollowerState: change to CANDIDATE, lastRpcElapsedTime:1189083837ns, electionTimeout:1185ms
2022-08-10 09:22:57,994 [omNode-1@group-523986131536-FollowerState] INFO  impl.RoleInfo (RoleInfo.java:shutdownFollowerState(110)) - omNode-1: shutdown omNode-1@group-523986131536-FollowerState
2022-08-10 09:22:57,994 [omNode-1@group-523986131536-FollowerState] INFO  server.RaftServer$Division (RaftServerImpl.java:setRole(299)) - omNode-1@group-523986131536: changes role from  FOLLOWER to CANDIDATE at term 0 for changeToCandidate
2022-08-10 09:22:57,995 [omNode-1@group-523986131536-FollowerState] INFO  server.RaftServerConfigKeys (ConfUtils.java:logGet(46)) - raft.server.leaderelection.pre-vote = false (custom)
2022-08-10 09:22:57,995 [omNode-1@group-523986131536-FollowerState] INFO  impl.RoleInfo (RoleInfo.java:updateAndGet(139)) - omNode-1: start omNode-1@group-523986131536-LeaderElection32
2022-08-10 09:22:58,034 [omNode-1@group-523986131536-LeaderElection32] INFO  impl.LeaderElection (LeaderElection.java:askForVotes(310)) - omNode-1@group-523986131536-LeaderElection32 ELECTION round 0: submit vote requests at term 1 for -1: [omNode-3|rpc:localhost:34345|priority:0, omNode-1|rpc:localhost:33619|priority:0, omNode-2|rpc:localhost:43433|priority:0], old=null
2022-08-10 09:22:58,065 [omNode-1@group-523986131536-LeaderElection32] INFO  impl.LeaderElection (LogUtils.java:infoOrTrace(137)) - omNode-1@group-523986131536-LeaderElection32 got exception when requesting votes: java.util.concurrent.ExecutionException: org.apache.ratis.thirdparty.io.grpc.StatusRuntimeException: UNAVAILABLE: io exception
2022-08-10 09:22:58,073 [omNode-1@group-523986131536-LeaderElection32] INFO  impl.LeaderElection (LogUtils.java:infoOrTrace(137)) - omNode-1@group-523986131536-LeaderElection32 got exception when requesting votes: java.util.concurrent.ExecutionException: org.apache.ratis.thirdparty.io.grpc.StatusRuntimeException: UNAVAILABLE: io exception
2022-08-10 09:22:58,073 [omNode-1@group-523986131536-LeaderElection32] INFO  impl.LeaderElection (LeaderElection.java:logAndReturn(90)) - omNode-1@group-523986131536-LeaderElection32: ELECTION REJECTED received 0 response(s) and 2 exception(s):
2022-08-10 09:22:58,073 [omNode-1@group-523986131536-LeaderElection32] INFO  impl.LeaderElection (LogUtils.java:infoOrTrace(137)) -   Exception 0: java.util.concurrent.ExecutionException: org.apache.ratis.thirdparty.io.grpc.StatusRuntimeException: UNAVAILABLE: io exception
2022-08-10 09:22:58,073 [omNode-1@group-523986131536-LeaderElection32] INFO  impl.LeaderElection (LogUtils.java:infoOrTrace(137)) -   Exception 1: java.util.concurrent.ExecutionException: org.apache.ratis.thirdparty.io.grpc.StatusRuntimeException: UNAVAILABLE: io exception
2022-08-10 09:22:58,073 [omNode-1@group-523986131536-LeaderElection32] INFO  impl.LeaderElection (LeaderElection.java:askForVotes(312)) - omNode-1@group-523986131536-LeaderElection32 ELECTION round 0: result REJECTED
2022-08-10 09:22:58,073 [omNode-1@group-523986131536-LeaderElection32] INFO  server.RaftServer$Division (RaftServerImpl.java:setRole(299)) - omNode-1@group-523986131536: changes role from CANDIDATE to FOLLOWER at term 1 for REJECTED
2022-08-10 09:22:58,073 [omNode-1@group-523986131536-LeaderElection32] INFO  impl.RoleInfo (RoleInfo.java:shutdownLeaderElection(130)) - omNode-1: shutdown omNode-1@group-523986131536-LeaderElection32
2022-08-10 09:22:58,073 [omNode-1@group-523986131536-LeaderElection32] INFO  impl.RoleInfo (RoleInfo.java:updateAndGet(139)) - omNode-1: start omNode-1@group-523986131536-FollowerState
2022-08-10 09:22:58,292 [Listener at 127.0.0.1/39315] INFO  reflections.Reflections (Reflections.java:scan(232)) - Reflections took 799 ms to scan 19 urls, producing 67 keys and 4150 values [using 2 cores]
2022-08-10 09:22:58,293 [Listener at 127.0.0.1/39315] INFO  ipc.CallQueueManager (CallQueueManager.java:<init>(90)) - Using callQueue: class java.util.concurrent.LinkedBlockingQueue, queueCapacity: 2000, scheduler: class org.apache.hadoop.ipc.DefaultRpcScheduler, ipcBackoff: false.
2022-08-10 09:22:58,300 [Socket Reader #1 for port 35575] INFO  ipc.Server (Server.java:run(1265)) - Starting Socket Reader #1 for port 35575
2022-08-10 09:22:58,339 [EndpointStateMachine task thread for /0.0.0.0:42301 - 0 ] INFO  ipc.Client (Client.java:handleConnectionFailure(977)) - Retrying connect to server: 0.0.0.0/0.0.0.0:42301. Already tried 7 time(s); retry policy is RetryUpToMaximumCountWithFixedSleep(maxRetries=15, sleepTime=1000 MILLISECONDS)
2022-08-10 09:22:58,341 [Listener at 127.0.0.1/35575] INFO  impl.MetricsSystemImpl (MetricsSystemImpl.java:init(158)) - OzoneManager metrics system started (again)
2022-08-10 09:22:58,365 [Listener at 127.0.0.1/35575] INFO  om.OzoneManager (OzoneManager.java:start(1470)) - OzoneManager RPC server is listening at localhost/127.0.0.1:35575
2022-08-10 09:22:58,366 [Listener at 127.0.0.1/35575] INFO  ratis.OzoneManagerRatisServer (OzoneManagerRatisServer.java:start(554)) - Starting OzoneManagerRatisServer omNode-2 at port 43433
2022-08-10 09:22:58,366 [omNode-2-impl-thread1] INFO  server.RaftServer$Division (RaftServerImpl.java:start(310)) - omNode-2@group-523986131536: start as a follower, conf=-1: [omNode-3|rpc:localhost:34345|priority:0, omNode-1|rpc:localhost:33619|priority:0, omNode-2|rpc:localhost:43433|priority:0], old=null
2022-08-10 09:22:58,366 [omNode-2-impl-thread1] INFO  server.RaftServer$Division (RaftServerImpl.java:setRole(299)) - omNode-2@group-523986131536: changes role from      null to FOLLOWER at term 0 for startAsFollower
2022-08-10 09:22:58,366 [omNode-2-impl-thread1] INFO  impl.RoleInfo (RoleInfo.java:updateAndGet(139)) - omNode-2: start omNode-2@group-523986131536-FollowerState
2022-08-10 09:22:58,366 [omNode-2-impl-thread1] INFO  util.JmxRegister (JmxRegister.java:tryRegister(44)) - Successfully registered JMX Bean with object name Ratis:service=RaftServer,group=group-523986131536,id=omNode-2
2022-08-10 09:22:58,368 [Listener at 127.0.0.1/35575] INFO  server.RaftServer (RaftServerProxy.java:lambda$start$6(382)) - omNode-2: start RPC server
2022-08-10 09:22:58,378 [Listener at 127.0.0.1/35575] INFO  server.GrpcService (GrpcService.java:startImpl(260)) - omNode-2: GrpcService started, listening on 43433
2022-08-10 09:22:58,378 [Listener at 127.0.0.1/35575] INFO  om.OzoneManager (OzoneManager.java:start(1486)) - Version File has different layout version (3) than OM DB (null). That is expected if this OM has never been finalized to a newer layout version.
2022-08-10 09:22:58,378 [org.apache.ratis.util.JvmPauseMonitor$$Lambda$696/1259104175@14085a6d] INFO  util.JvmPauseMonitor (JvmPauseMonitor.java:run(103)) - JvmPauseMonitor-omNode-2: Started
2022-08-10 09:22:58,390 [Listener at 127.0.0.1/35575] INFO  http.BaseHttpServer (BaseHttpServer.java:newHttpServer2BuilderForOzone(209)) - Starting Web-server for ozoneManager at: http://0.0.0.0:42791
2022-08-10 09:22:58,390 [Listener at 127.0.0.1/35575] INFO  http.BaseHttpServer (BaseHttpServer.java:<init>(107)) - Hadoop Security Enabled: false Ozone Security Enabled: false Ozone HTTP Security Enabled: false 
2022-08-10 09:22:58,391 [Listener at 127.0.0.1/35575] INFO  server.AuthenticationFilter (AuthenticationFilter.java:constructSecretProvider(240)) - Unable to initialize FileSignerSecretProvider, falling back to use random secrets.
2022-08-10 09:22:58,393 [Listener at 127.0.0.1/35575] WARN  http.HttpRequestLog (HttpRequestLog.java:getRequestLog(103)) - Jetty request log can only be enabled using Log4j
2022-08-10 09:22:58,394 [Listener at 127.0.0.1/35575] INFO  http.HttpServer2 (HttpServer2.java:addGlobalFilter(1029)) - Added global filter 'safety' (class=org.apache.hadoop.hdds.server.http.HttpServer2$QuotingInputFilter)
2022-08-10 09:22:58,395 [Listener at 127.0.0.1/35575] INFO  http.HttpServer2 (HttpServer2.java:addFilter(1005)) - Added filter static_user_filter (class=org.apache.hadoop.http.lib.StaticUserWebFilter$StaticUserFilter) to context ozoneManager
2022-08-10 09:22:58,395 [Listener at 127.0.0.1/35575] INFO  http.HttpServer2 (HttpServer2.java:addFilter(1013)) - Added filter static_user_filter (class=org.apache.hadoop.http.lib.StaticUserWebFilter$StaticUserFilter) to context logs
2022-08-10 09:22:58,395 [Listener at 127.0.0.1/35575] INFO  http.HttpServer2 (HttpServer2.java:addFilter(1013)) - Added filter static_user_filter (class=org.apache.hadoop.http.lib.StaticUserWebFilter$StaticUserFilter) to context static
2022-08-10 09:22:58,395 [Listener at 127.0.0.1/35575] INFO  http.HttpServer2 (HttpServer2.java:bindListener(1248)) - Jetty bound to port 42791
2022-08-10 09:22:58,396 [Listener at 127.0.0.1/35575] INFO  server.Server (Server.java:doStart(375)) - jetty-9.4.43.v20210629; built: 2021-06-30T11:07:22.254Z; git: 526006ecfa3af7f1a27ef3a288e2bef7ea9dd7e8; jvm 1.8.0_332-b09
2022-08-10 09:22:58,421 [Listener at 127.0.0.1/35575] INFO  server.session (DefaultSessionIdManager.java:doStart(334)) - DefaultSessionIdManager workerName=node0
2022-08-10 09:22:58,421 [Listener at 127.0.0.1/35575] INFO  server.session (DefaultSessionIdManager.java:doStart(339)) - No SessionScavenger set, using defaults
2022-08-10 09:22:58,422 [Listener at 127.0.0.1/35575] INFO  server.session (HouseKeeper.java:startScavenging(132)) - node0 Scavenging every 660000ms
2022-08-10 09:22:58,424 [Listener at 127.0.0.1/35575] INFO  handler.ContextHandler (ContextHandler.java:doStart(915)) - Started o.e.j.s.ServletContextHandler@3b8a9150{logs,/logs,file:///home/runner/work/ozone/ozone/hadoop-ozone/integration-test/target/log,AVAILABLE}
2022-08-10 09:22:58,425 [Listener at 127.0.0.1/35575] INFO  handler.ContextHandler (ContextHandler.java:doStart(915)) - Started o.e.j.s.ServletContextHandler@23e7eb1d{static,/static,file:///home/runner/work/ozone/ozone/hadoop-ozone/integration-test/target/test-classes/webapps/static,AVAILABLE}
2022-08-10 09:22:58,427 [Listener at 127.0.0.1/35575] INFO  handler.ContextHandler (ContextHandler.java:doStart(915)) - Started o.e.j.w.WebAppContext@ec5b274{ozoneManager,/,file:///home/runner/work/ozone/ozone/hadoop-ozone/integration-test/target/test-classes/webapps/ozoneManager/,AVAILABLE}{file:/home/runner/work/ozone/ozone/hadoop-ozone/integration-test/target/test-classes/webapps/ozoneManager}
2022-08-10 09:22:58,440 [Listener at 127.0.0.1/35575] INFO  server.AbstractConnector (AbstractConnector.java:doStart(331)) - Started ServerConnector@317648d8{HTTP/1.1, (http/1.1)}{0.0.0.0:42791}
2022-08-10 09:22:58,440 [Listener at 127.0.0.1/35575] INFO  server.Server (Server.java:doStart(415)) - Started @105890ms
2022-08-10 09:22:58,440 [Listener at 127.0.0.1/35575] WARN  impl.MetricsSystemImpl (MetricsSystemImpl.java:register(279)) - Sink prometheus already exists!
2022-08-10 09:22:58,441 [Listener at 127.0.0.1/35575] INFO  http.BaseHttpServer (BaseHttpServer.java:updateConnectorAddress(329)) - HTTP server of ozoneManager listening at http://0.0.0.0:42791
2022-08-10 09:22:58,445 [IPC Server Responder] INFO  ipc.Server (Server.java:run(1507)) - IPC Server Responder: starting
2022-08-10 09:22:58,446 [IPC Server listener on 35575] INFO  ipc.Server (Server.java:run(1344)) - IPC Server listener on 35575: starting
2022-08-10 09:22:58,491 [Listener at 127.0.0.1/35575] INFO  om.OzoneManager (OzoneManager.java:startTrashEmptier(1907)) - Trash Interval set to 0. Files deleted won't move to trash
2022-08-10 09:22:58,492 [Listener at 127.0.0.1/35575] INFO  ozone.MiniOzoneHAClusterImpl (MiniOzoneHAClusterImpl.java:createOMService(527)) - Started OzoneManager omNode-2 RPC server at localhost/127.0.0.1:35575
2022-08-10 09:22:58,493 [Listener at 127.0.0.1/35575] INFO  ha.OMHANodeDetails (OMHANodeDetails.java:loadOMHAConfig(121)) - ServiceID for OzoneManager is om-service-test1
2022-08-10 09:22:58,493 [Listener at 127.0.0.1/35575] INFO  ha.OMHANodeDetails (OMHANodeDetails.java:loadOMHAConfig(201)) - Found matching OM address with OMServiceId: om-service-test1, OMNodeId: omNode-3, RPC Address: localhost:35599 and Ratis port: 34345
2022-08-10 09:22:58,493 [Listener at 127.0.0.1/35575] INFO  ha.OMHANodeDetails (ConfUtils.java:setNodeSpecificConfigs(97)) - Setting configuration key ozone.om.http-address with value of key ozone.om.http-address.om-service-test1.omNode-3: 127.0.0.1:33063
2022-08-10 09:22:58,493 [Listener at 127.0.0.1/35575] INFO  ha.OMHANodeDetails (ConfUtils.java:setNodeSpecificConfigs(97)) - Setting configuration key ozone.om.https-address with value of key ozone.om.https-address.om-service-test1.omNode-3: 127.0.0.1:39515
2022-08-10 09:22:58,494 [Listener at 127.0.0.1/35575] INFO  ha.OMHANodeDetails (ConfUtils.java:setNodeSpecificConfigs(97)) - Setting configuration key ozone.om.address with value of key ozone.om.address.om-service-test1.omNode-3: 127.0.0.1:35599
2022-08-10 09:22:58,494 [Listener at 127.0.0.1/35575] WARN  server.ServerUtils (ServerUtils.java:getDBPath(225)) - ozone.om.db.dirs is not configured. We recommend adding this setting. Falling back to ozone.metadata.dirs instead.
2022-08-10 09:22:58,495 [Listener at 127.0.0.1/35575] INFO  proxy.SCMBlockLocationFailoverProxyProvider (SCMBlockLocationFailoverProxyProvider.java:<init>(114)) - Created block location fail-over proxy with 1 nodes: [nodeId=scmNodeId,nodeAddress=/0.0.0.0:33299]
2022-08-10 09:22:58,498 [org.apache.hadoop.util.JvmPauseMonitor$Monitor@5cc09ce3] INFO  util.JvmPauseMonitor (JvmPauseMonitor.java:run(188)) - Starting JVM pause monitor
OM initialization succeeded.Current cluster id for sd=/home/runner/work/ozone/ozone/hadoop-ozone/integration-test/target/test-dir/MiniOzoneClusterImpl-2080ac2c-1c22-4300-b117-cc71631a0cfb/omNode-3/om;cid=2080ac2c-1c22-4300-b117-cc71631a0cfb;layoutVersion=3
2022-08-10 09:22:58,511 [Listener at 127.0.0.1/35575] INFO  ha.OMHANodeDetails (OMHANodeDetails.java:loadOMHAConfig(121)) - ServiceID for OzoneManager is om-service-test1
2022-08-10 09:22:58,511 [Listener at 127.0.0.1/35575] INFO  ha.OMHANodeDetails (OMHANodeDetails.java:loadOMHAConfig(201)) - Found matching OM address with OMServiceId: om-service-test1, OMNodeId: omNode-3, RPC Address: localhost:35599 and Ratis port: 34345
2022-08-10 09:22:58,511 [Listener at 127.0.0.1/35575] INFO  ha.OMHANodeDetails (ConfUtils.java:setNodeSpecificConfigs(97)) - Setting configuration key ozone.om.http-address with value of key ozone.om.http-address.om-service-test1.omNode-3: 127.0.0.1:33063
2022-08-10 09:22:58,512 [Listener at 127.0.0.1/35575] INFO  ha.OMHANodeDetails (ConfUtils.java:setNodeSpecificConfigs(97)) - Setting configuration key ozone.om.https-address with value of key ozone.om.https-address.om-service-test1.omNode-3: 127.0.0.1:39515
2022-08-10 09:22:58,512 [Listener at 127.0.0.1/35575] INFO  ha.OMHANodeDetails (ConfUtils.java:setNodeSpecificConfigs(97)) - Setting configuration key ozone.om.address with value of key ozone.om.address.om-service-test1.omNode-3: 127.0.0.1:35599
2022-08-10 09:22:58,512 [Listener at 127.0.0.1/35575] WARN  server.ServerUtils (ServerUtils.java:getDBPath(225)) - ozone.om.db.dirs is not configured. We recommend adding this setting. Falling back to ozone.metadata.dirs instead.
2022-08-10 09:22:58,512 [Listener at 127.0.0.1/35575] INFO  upgrade.AbstractLayoutVersionManager (AbstractLayoutVersionManager.java:init(83)) - Initializing Layout version manager with metadata layout = MULTITENANCY_SCHEMA (version = 3), software layout = MULTITENANCY_SCHEMA (version = 3)
2022-08-10 09:22:58,672 [Listener at 127.0.0.1/35575] INFO  reflections.Reflections (Reflections.java:scan(232)) - Reflections took 159 ms to scan 2 urls, producing 153 keys and 426 values [using 2 cores]
2022-08-10 09:22:58,673 [Listener at 127.0.0.1/35575] INFO  upgrade.OMLayoutVersionManager (OMLayoutVersionManager.java:lambda$0(115)) - Skipping Upgrade Action MockOmUpgradeAction since it has been finalized.
2022-08-10 09:22:58,673 [Listener at 127.0.0.1/35575] WARN  server.ServerUtils (ServerUtils.java:getDBPath(225)) - ozone.om.db.dirs is not configured. We recommend adding this setting. Falling back to ozone.metadata.dirs instead.
2022-08-10 09:22:58,674 [Listener at 127.0.0.1/35575] INFO  proxy.SCMBlockLocationFailoverProxyProvider (SCMBlockLocationFailoverProxyProvider.java:<init>(114)) - Created block location fail-over proxy with 1 nodes: [nodeId=scmNodeId,nodeAddress=/0.0.0.0:33299]
2022-08-10 09:22:58,682 [Listener at 127.0.0.1/35575] INFO  proxy.SCMBlockLocationFailoverProxyProvider (SCMBlockLocationFailoverProxyProvider.java:<init>(114)) - Created block location fail-over proxy with 1 nodes: [nodeId=scmNodeId,nodeAddress=/0.0.0.0:33299]
2022-08-10 09:22:58,701 [Listener at 127.0.0.1/35575] WARN  server.ServerUtils (ServerUtils.java:getDBPath(225)) - ozone.om.db.dirs is not configured. We recommend adding this setting. Falling back to ozone.metadata.dirs instead.
2022-08-10 09:22:58,706 [Listener at 127.0.0.1/35575] INFO  codec.OmKeyInfoCodec (OmKeyInfoCodec.java:<init>(49)) - OmKeyInfoCodec ignorePipeline = true
2022-08-10 09:22:58,706 [Listener at 127.0.0.1/35575] INFO  codec.RepeatedOmKeyInfoCodec (RepeatedOmKeyInfoCodec.java:<init>(41)) - RepeatedOmKeyInfoCodec ignorePipeline = true
2022-08-10 09:22:58,838 [Finalizer] WARN  managed.ManagedRocksObjectUtils (ManagedRocksObjectUtils.java:assertClosed(39)) - ManagedColumnFamilyOptions is not closed properly
2022-08-10 09:22:58,838 [Finalizer] WARN  managed.ManagedRocksObjectUtils (ManagedRocksObjectUtils.java:assertClosed(39)) - ManagedColumnFamilyOptions is not closed properly
2022-08-10 09:22:58,838 [Finalizer] WARN  managed.ManagedRocksObjectUtils (ManagedRocksObjectUtils.java:assertClosed(39)) - ManagedColumnFamilyOptions is not closed properly
2022-08-10 09:22:58,838 [Finalizer] WARN  managed.ManagedRocksObjectUtils (ManagedRocksObjectUtils.java:assertClosed(39)) - ManagedColumnFamilyOptions is not closed properly
2022-08-10 09:22:58,838 [Finalizer] WARN  managed.ManagedRocksObjectUtils (ManagedRocksObjectUtils.java:assertClosed(39)) - ManagedColumnFamilyOptions is not closed properly
2022-08-10 09:22:58,838 [Finalizer] WARN  managed.ManagedRocksObjectUtils (ManagedRocksObjectUtils.java:assertClosed(39)) - ManagedColumnFamilyOptions is not closed properly
2022-08-10 09:22:58,838 [Finalizer] WARN  managed.ManagedRocksObjectUtils (ManagedRocksObjectUtils.java:assertClosed(39)) - ManagedColumnFamilyOptions is not closed properly
2022-08-10 09:22:58,838 [Finalizer] WARN  managed.ManagedRocksObjectUtils (ManagedRocksObjectUtils.java:assertClosed(39)) - ManagedColumnFamilyOptions is not closed properly
2022-08-10 09:22:58,838 [Finalizer] WARN  managed.ManagedRocksObjectUtils (ManagedRocksObjectUtils.java:assertClosed(39)) - ManagedColumnFamilyOptions is not closed properly
2022-08-10 09:22:58,838 [Finalizer] WARN  managed.ManagedRocksObjectUtils (ManagedRocksObjectUtils.java:assertClosed(39)) - ManagedColumnFamilyOptions is not closed properly
2022-08-10 09:22:58,838 [Finalizer] WARN  managed.ManagedRocksObjectUtils (ManagedRocksObjectUtils.java:assertClosed(39)) - ManagedColumnFamilyOptions is not closed properly
2022-08-10 09:22:58,838 [Finalizer] WARN  managed.ManagedRocksObjectUtils (ManagedRocksObjectUtils.java:assertClosed(39)) - ManagedColumnFamilyOptions is not closed properly
2022-08-10 09:22:58,838 [Finalizer] WARN  managed.ManagedRocksObjectUtils (ManagedRocksObjectUtils.java:assertClosed(39)) - ManagedColumnFamilyOptions is not closed properly
2022-08-10 09:22:58,838 [Finalizer] WARN  managed.ManagedRocksObjectUtils (ManagedRocksObjectUtils.java:assertClosed(39)) - ManagedColumnFamilyOptions is not closed properly
2022-08-10 09:22:58,838 [Finalizer] WARN  managed.ManagedRocksObjectUtils (ManagedRocksObjectUtils.java:assertClosed(39)) - ManagedColumnFamilyOptions is not closed properly
2022-08-10 09:22:58,838 [Finalizer] WARN  managed.ManagedRocksObjectUtils (ManagedRocksObjectUtils.java:assertClosed(39)) - ManagedColumnFamilyOptions is not closed properly
2022-08-10 09:22:58,838 [Finalizer] WARN  managed.ManagedRocksObjectUtils (ManagedRocksObjectUtils.java:assertClosed(39)) - ManagedColumnFamilyOptions is not closed properly
2022-08-10 09:22:58,838 [Finalizer] WARN  managed.ManagedRocksObjectUtils (ManagedRocksObjectUtils.java:assertClosed(39)) - ManagedColumnFamilyOptions is not closed properly
2022-08-10 09:22:58,838 [Finalizer] WARN  managed.ManagedRocksObjectUtils (ManagedRocksObjectUtils.java:assertClosed(39)) - ManagedColumnFamilyOptions is not closed properly
2022-08-10 09:22:58,838 [Finalizer] WARN  managed.ManagedRocksObjectUtils (ManagedRocksObjectUtils.java:assertClosed(39)) - ManagedColumnFamilyOptions is not closed properly
2022-08-10 09:22:59,049 [Listener at 127.0.0.1/35575] INFO  om.OzoneManager (OzoneManager.java:instantiateServices(697)) - S3 Multi-Tenancy is disabled
2022-08-10 09:22:59,050 [Listener at 127.0.0.1/35575] INFO  om.OzoneManager (OzoneManager.java:addS3GVolumeToDB(4308)) - Created Volume s3v With Owner runner required for S3Gateway operations.
2022-08-10 09:22:59,050 [Listener at 127.0.0.1/35575] WARN  server.ServerUtils (ServerUtils.java:getDefaultRatisDirectory(237)) - Storage directory for Ratis is not configured. It is a good idea to map this to an SSD disk. Falling back to ozone.metadata.dirs
2022-08-10 09:22:59,051 [Listener at 127.0.0.1/35575] WARN  utils.OzoneManagerRatisUtils (OzoneManagerRatisUtils.java:getOMRatisSnapshotDirectory(434)) - ozone.om.ratis.snapshot.dir is not configured. Falling back to ozone.metadata.dirs config
2022-08-10 09:22:59,054 [Listener at 127.0.0.1/35575] INFO  snapshot.OzoneManagerSnapshotProvider (OzoneManagerSnapshotProvider.java:<init>(76)) - Initializing OM Snapshot Provider
2022-08-10 09:22:59,060 [Listener at 127.0.0.1/35575] WARN  impl.MetricRegistriesImpl (MetricRegistriesImpl.java:addReporterRegistration(111)) - New reporters are added after registries were created. Some metrics will be missing from the reporter. Please add reporter before adding any new registry.
2022-08-10 09:22:59,060 [Listener at 127.0.0.1/35575] WARN  impl.MetricRegistriesImpl (MetricRegistriesImpl.java:addReporterRegistration(111)) - New reporters are added after registries were created. Some metrics will be missing from the reporter. Please add reporter before adding any new registry.
2022-08-10 09:22:59,060 [Listener at 127.0.0.1/35575] WARN  server.ServerUtils (ServerUtils.java:getDefaultRatisDirectory(237)) - Storage directory for Ratis is not configured. It is a good idea to map this to an SSD disk. Falling back to ozone.metadata.dirs
2022-08-10 09:22:59,061 [Listener at 127.0.0.1/35575] INFO  ratis.OzoneManagerRatisServer (OzoneManagerRatisServer.java:<init>(159)) - Instantiating OM Ratis server with groupID: om-service-test1 and peers: localhost:34345, localhost:33619, localhost:43433
2022-08-10 09:22:59,061 [Listener at 127.0.0.1/35575] INFO  ratis.OzoneManagerStateMachine (OzoneManagerStateMachine.java:loadSnapshotInfoFromDB(632)) - LastAppliedIndex is set from TransactionInfo from OM DB as (t:0, i:~)
2022-08-10 09:22:59,064 [Listener at 127.0.0.1/35575] INFO  server.RaftServer (ConfUtils.java:logGet(46)) - raft.rpc.type = GRPC (default)
2022-08-10 09:22:59,064 [Listener at 127.0.0.1/35575] INFO  grpc.GrpcFactory (GrpcFactory.java:checkPooledByteBufAllocatorUseCacheForAllThreads(48)) - PERFORMANCE WARNING: useCacheForAllThreads is true that may cause Netty to create a lot garbage objects and, as a result, trigger GC.
	It is recommended to disable useCacheForAllThreads by setting -Dorg.apache.ratis.thirdparty.io.netty.allocator.useCacheForAllThreads=false in command line.
2022-08-10 09:22:59,065 [Listener at 127.0.0.1/35575] INFO  grpc.GrpcConfigKeys (ConfUtils.java:logGet(46)) - raft.grpc.admin.port = -1 (default)
2022-08-10 09:22:59,065 [Listener at 127.0.0.1/35575] INFO  grpc.GrpcConfigKeys (ConfUtils.java:logGet(46)) - raft.grpc.server.port = 34345 (custom)
2022-08-10 09:22:59,065 [Listener at 127.0.0.1/35575] INFO  grpc.GrpcConfigKeys (ConfUtils.java:logGet(46)) - raft.grpc.client.port = -1 (default)
2022-08-10 09:22:59,065 [Listener at 127.0.0.1/35575] INFO  grpc.GrpcConfigKeys (ConfUtils.java:logGet(46)) - raft.grpc.server.port = 34345 (custom)
2022-08-10 09:22:59,065 [Listener at 127.0.0.1/35575] INFO  grpc.GrpcConfigKeys (ConfUtils.java:logGet(46)) - raft.grpc.server.port = 34345 (custom)
2022-08-10 09:22:59,066 [Listener at 127.0.0.1/35575] INFO  server.GrpcService (ConfUtils.java:logGet(46)) - raft.grpc.message.size.max = 33554432 (custom)
2022-08-10 09:22:59,066 [Listener at 127.0.0.1/35575] INFO  server.RaftServerConfigKeys (ConfUtils.java:logGet(46)) - raft.server.log.appender.buffer.byte-limit = 33554432 (custom)
2022-08-10 09:22:59,066 [Listener at 127.0.0.1/35575] INFO  server.GrpcService (ConfUtils.java:logGet(46)) - raft.grpc.flow.control.window = 1MB (=1048576) (default)
2022-08-10 09:22:59,066 [Listener at 127.0.0.1/35575] INFO  server.RaftServerConfigKeys (ConfUtils.java:logGet(46)) - raft.server.rpc.request.timeout = 3000ms (default)
2022-08-10 09:22:59,066 [Listener at 127.0.0.1/35575] INFO  grpc.GrpcConfigKeys (ConfUtils.java:logGet(46)) - raft.grpc.server.async.request.thread.pool.cached = true (default)
2022-08-10 09:22:59,067 [Listener at 127.0.0.1/35575] INFO  grpc.GrpcConfigKeys (ConfUtils.java:logGet(46)) - raft.grpc.server.async.request.thread.pool.size = 32 (default)
2022-08-10 09:22:59,068 [Listener at 127.0.0.1/35575] INFO  impl.DataStreamServerImpl (ConfUtils.java:logGet(46)) - raft.datastream.type = DISABLED (default)
2022-08-10 09:22:59,069 [Listener at 127.0.0.1/35575] INFO  server.RaftServerConfigKeys (ConfUtils.java:logGet(46)) - raft.server.threadpool.proxy.cached = true (default)
2022-08-10 09:22:59,069 [Listener at 127.0.0.1/35575] INFO  server.RaftServerConfigKeys (ConfUtils.java:logGet(46)) - raft.server.threadpool.proxy.size = 0 (default)
2022-08-10 09:22:59,069 [Listener at 127.0.0.1/35575] INFO  server.RaftServerConfigKeys (ConfUtils.java:logGet(46)) - raft.server.rpc.slowness.timeout = 2s (custom)
2022-08-10 09:22:59,069 [Listener at 127.0.0.1/35575] INFO  server.RaftServerConfigKeys (ConfUtils.java:logGet(46)) - raft.server.leaderelection.leader.step-down.wait-time = 10s (default)
2022-08-10 09:22:59,070 [Listener at 127.0.0.1/35575] INFO  server.RaftServerConfigKeys (ConfUtils.java:logGet(46)) - raft.server.storage.dir = [/home/runner/work/ozone/ozone/hadoop-ozone/integration-test/target/test-dir/MiniOzoneClusterImpl-2080ac2c-1c22-4300-b117-cc71631a0cfb/omNode-3/ratis] (custom)
2022-08-10 09:22:59,070 [Listener at 127.0.0.1/35575] INFO  server.RaftServer (RaftServerProxy.java:addNew(96)) - omNode-3: addNew group-523986131536:[omNode-3|rpc:localhost:34345|priority:0, omNode-1|rpc:localhost:33619|priority:0, omNode-2|rpc:localhost:43433|priority:0] returns group-523986131536:java.util.concurrent.CompletableFuture@76ab49b5[Not completed]
2022-08-10 09:22:59,070 [Listener at 127.0.0.1/35575] INFO  om.OzoneManager (OzoneManager.java:initializeRatisServer(1963)) - OzoneManager Ratis server initialized at port 34345
2022-08-10 09:22:59,071 [Listener at 127.0.0.1/35575] INFO  om.OzoneManager (OzoneManager.java:getRpcServer(1086)) - Creating RPC Server
2022-08-10 09:22:59,073 [pool-666-thread-1] INFO  server.RaftServer$Division (RaftServerImpl.java:<init>(190)) - omNode-3: new RaftServerImpl for group-523986131536:[omNode-3|rpc:localhost:34345|priority:0, omNode-1|rpc:localhost:33619|priority:0, omNode-2|rpc:localhost:43433|priority:0] with OzoneManagerStateMachine:uninitialized
2022-08-10 09:22:59,073 [pool-666-thread-1] INFO  server.RaftServerConfigKeys (ConfUtils.java:logGet(46)) - raft.server.rpc.timeout.min = 1s (custom)
2022-08-10 09:22:59,073 [pool-666-thread-1] INFO  server.RaftServerConfigKeys (ConfUtils.java:logGet(46)) - raft.server.rpc.timeout.max = 1200ms (custom)
2022-08-10 09:22:59,073 [pool-666-thread-1] INFO  server.RaftServerConfigKeys (ConfUtils.java:logGet(46)) - raft.server.rpc.sleep.time = 25ms (default)
2022-08-10 09:22:59,073 [pool-666-thread-1] INFO  server.RaftServerConfigKeys (ConfUtils.java:logGet(46)) - raft.server.rpc.slowness.timeout = 2s (custom)
2022-08-10 09:22:59,073 [pool-666-thread-1] INFO  server.RaftServerConfigKeys (ConfUtils.java:logGet(46)) - raft.server.leaderelection.leader.step-down.wait-time = 10s (default)
2022-08-10 09:22:59,073 [pool-666-thread-1] INFO  server.RaftServerConfigKeys (ConfUtils.java:logGet(46)) - raft.server.sleep.deviation.threshold = 300ms (default)
2022-08-10 09:22:59,073 [pool-666-thread-1] INFO  server.RaftServer$Division (ServerState.java:<init>(107)) - omNode-3@group-523986131536: ConfigurationManager, init=-1: [omNode-3|rpc:localhost:34345|priority:0, omNode-1|rpc:localhost:33619|priority:0, omNode-2|rpc:localhost:43433|priority:0], old=null, confs=<EMPTY_MAP>
2022-08-10 09:22:59,073 [pool-666-thread-1] INFO  server.RaftServerConfigKeys (ConfUtils.java:logGet(46)) - raft.server.storage.dir = [/home/runner/work/ozone/ozone/hadoop-ozone/integration-test/target/test-dir/MiniOzoneClusterImpl-2080ac2c-1c22-4300-b117-cc71631a0cfb/omNode-3/ratis] (custom)
2022-08-10 09:22:59,073 [pool-666-thread-1] INFO  server.RaftServerConfigKeys (ConfUtils.java:logGet(46)) - raft.server.log.corruption.policy = EXCEPTION (default)
2022-08-10 09:22:59,073 [pool-666-thread-1] INFO  server.RaftServerConfigKeys (ConfUtils.java:logGet(46)) - raft.server.storage.free-space.min = 0MB (=0) (default)
2022-08-10 09:22:59,074 [pool-666-thread-1] INFO  storage.RaftStorageDirectory (RaftStorageDirectoryImpl.java:analyzeStorage(135)) - The storage directory /home/runner/work/ozone/ozone/hadoop-ozone/integration-test/target/test-dir/MiniOzoneClusterImpl-2080ac2c-1c22-4300-b117-cc71631a0cfb/omNode-3/ratis/c9bc4cf4-3bc3-3c60-a66b-523986131536 does not exist. Creating ...
2022-08-10 09:22:59,075 [pool-666-thread-1] INFO  storage.RaftStorageDirectory (RaftStorageDirectoryImpl.java:tryLock(230)) - Lock on /home/runner/work/ozone/ozone/hadoop-ozone/integration-test/target/test-dir/MiniOzoneClusterImpl-2080ac2c-1c22-4300-b117-cc71631a0cfb/omNode-3/ratis/c9bc4cf4-3bc3-3c60-a66b-523986131536/in_use.lock acquired by nodename 28234@fv-az244-795
2022-08-10 09:22:59,078 [pool-666-thread-1] INFO  storage.RaftStorage (RaftStorageImpl.java:format(89)) - Storage directory /home/runner/work/ozone/ozone/hadoop-ozone/integration-test/target/test-dir/MiniOzoneClusterImpl-2080ac2c-1c22-4300-b117-cc71631a0cfb/omNode-3/ratis/c9bc4cf4-3bc3-3c60-a66b-523986131536 has been successfully formatted.
2022-08-10 09:22:59,078 [pool-666-thread-1] INFO  server.RaftServerConfigKeys (ConfUtils.java:logGet(46)) - raft.server.notification.no-leader.timeout = 2s (custom)
2022-08-10 09:22:59,078 [pool-666-thread-1] INFO  server.RaftServerConfigKeys (ConfUtils.java:logGet(46)) - raft.server.log.use.memory = false (default)
2022-08-10 09:22:59,078 [pool-666-thread-1] INFO  server.RaftServerConfigKeys (ConfUtils.java:logGet(46)) - raft.server.log.purge.gap = 50 (custom)
2022-08-10 09:22:59,078 [pool-666-thread-1] INFO  server.RaftServerConfigKeys (ConfUtils.java:logGet(46)) - raft.server.log.appender.buffer.byte-limit = 33554432 (custom)
2022-08-10 09:22:59,078 [pool-666-thread-1] INFO  server.RaftServerConfigKeys (ConfUtils.java:logGet(46)) - raft.server.log.statemachine.data.read.timeout = 1000ms (default)
2022-08-10 09:22:59,078 [pool-666-thread-1] INFO  server.RaftServerConfigKeys (ConfUtils.java:logGet(46)) - raft.server.log.segment.size.max = 4194304 (custom)
2022-08-10 09:22:59,079 [pool-666-thread-1] INFO  server.RaftServerConfigKeys (ConfUtils.java:logGet(46)) - raft.server.log.segment.cache.num.max = 2 (custom)
2022-08-10 09:22:59,079 [pool-666-thread-1] INFO  server.RaftServerConfigKeys (ConfUtils.java:logGet(46)) - raft.server.log.segment.cache.size.max = 200MB (=209715200) (default)
2022-08-10 09:22:59,079 [pool-666-thread-1] INFO  segmented.SegmentedRaftLogWorker (SegmentedRaftLogWorker.java:<init>(187)) - new omNode-3@group-523986131536-SegmentedRaftLogWorker for RaftStorageImpl:Storage Directory /home/runner/work/ozone/ozone/hadoop-ozone/integration-test/target/test-dir/MiniOzoneClusterImpl-2080ac2c-1c22-4300-b117-cc71631a0cfb/omNode-3/ratis/c9bc4cf4-3bc3-3c60-a66b-523986131536
2022-08-10 09:22:59,079 [pool-666-thread-1] INFO  server.RaftServerConfigKeys (ConfUtils.java:logGet(46)) - raft.server.log.queue.byte-limit = 64MB (=67108864) (default)
2022-08-10 09:22:59,079 [pool-666-thread-1] INFO  server.RaftServerConfigKeys (ConfUtils.java:logGet(46)) - raft.server.log.queue.element-limit = 4096 (default)
2022-08-10 09:22:59,079 [pool-666-thread-1] INFO  server.RaftServerConfigKeys (ConfUtils.java:logGet(46)) - raft.server.log.segment.size.max = 4194304 (custom)
2022-08-10 09:22:59,079 [pool-666-thread-1] INFO  server.RaftServerConfigKeys (ConfUtils.java:logGet(46)) - raft.server.log.preallocated.size = 4194304 (custom)
2022-08-10 09:22:59,079 [pool-666-thread-1] INFO  server.RaftServerConfigKeys (ConfUtils.java:logGet(46)) - raft.server.log.force.sync.num = 128 (default)
2022-08-10 09:22:59,079 [pool-666-thread-1] INFO  server.RaftServerConfigKeys (ConfUtils.java:logGet(46)) - raft.server.log.statemachine.data.sync = true (default)
2022-08-10 09:22:59,079 [pool-666-thread-1] INFO  server.RaftServerConfigKeys (ConfUtils.java:logGet(46)) - raft.server.log.statemachine.data.sync.timeout = 10s (default)
2022-08-10 09:22:59,079 [pool-666-thread-1] INFO  server.RaftServerConfigKeys (ConfUtils.java:logGet(46)) - raft.server.log.statemachine.data.sync.timeout.retry = -1 (default)
2022-08-10 09:22:59,085 [pool-666-thread-1] INFO  server.RaftServerConfigKeys (ConfUtils.java:logGet(46)) - raft.server.log.write.buffer.size = 64KB (=65536) (default)
2022-08-10 09:22:59,085 [pool-666-thread-1] INFO  server.RaftServerConfigKeys (ConfUtils.java:logGet(46)) - raft.server.log.unsafe-flush.enabled = false (default)
2022-08-10 09:22:59,085 [pool-666-thread-1] INFO  server.RaftServerConfigKeys (ConfUtils.java:logGet(46)) - raft.server.log.statemachine.data.caching.enabled = false (default)
2022-08-10 09:22:59,085 [pool-666-thread-1] INFO  segmented.SegmentedRaftLogWorker (SegmentedRaftLogWorker.java:lambda$new$0(135)) - omNode-3@group-523986131536-SegmentedRaftLogWorker: flushIndex: setUnconditionally 0 -> -1
2022-08-10 09:22:59,085 [pool-666-thread-1] INFO  segmented.SegmentedRaftLogWorker (SegmentedRaftLogWorker.java:lambda$new$0(135)) - omNode-3@group-523986131536-SegmentedRaftLogWorker: safeCacheEvictIndex: setUnconditionally 0 -> -1
2022-08-10 09:22:59,086 [omNode-1@group-523986131536-FollowerState] INFO  impl.FollowerState (FollowerState.java:run(143)) - omNode-1@group-523986131536-FollowerState: change to CANDIDATE, lastRpcElapsedTime:1012866541ns, electionTimeout:1005ms
2022-08-10 09:22:59,087 [omNode-1@group-523986131536-FollowerState] INFO  impl.RoleInfo (RoleInfo.java:shutdownFollowerState(110)) - omNode-1: shutdown omNode-1@group-523986131536-FollowerState
2022-08-10 09:22:59,087 [omNode-1@group-523986131536-FollowerState] INFO  server.RaftServer$Division (RaftServerImpl.java:setRole(299)) - omNode-1@group-523986131536: changes role from  FOLLOWER to CANDIDATE at term 1 for changeToCandidate
2022-08-10 09:22:59,093 [omNode-1@group-523986131536-FollowerState] INFO  server.RaftServerConfigKeys (ConfUtils.java:logGet(46)) - raft.server.leaderelection.pre-vote = false (custom)
2022-08-10 09:22:59,093 [omNode-1@group-523986131536-FollowerState] INFO  impl.RoleInfo (RoleInfo.java:updateAndGet(139)) - omNode-1: start omNode-1@group-523986131536-LeaderElection33
2022-08-10 09:22:59,108 [pool-666-thread-1] INFO  server.RaftServerConfigKeys (ConfUtils.java:logGet(46)) - raft.server.snapshot.auto.trigger.enabled = true (custom)
2022-08-10 09:22:59,108 [pool-666-thread-1] INFO  server.RaftServerConfigKeys (ConfUtils.java:logGet(46)) - raft.server.snapshot.auto.trigger.threshold = 50 (custom)
2022-08-10 09:22:59,108 [pool-666-thread-1] INFO  server.RaftServerConfigKeys (ConfUtils.java:logGet(46)) - raft.server.snapshot.retention.file.num = -1 (default)
2022-08-10 09:22:59,108 [pool-666-thread-1] INFO  server.RaftServerConfigKeys (ConfUtils.java:logGet(46)) - raft.server.log.purge.upto.snapshot.index = true (custom)
2022-08-10 09:22:59,108 [pool-666-thread-1] INFO  server.RaftServerConfigKeys (ConfUtils.java:logGet(46)) - raft.server.retrycache.expirytime = 30000ms (custom)
2022-08-10 09:22:59,109 [pool-666-thread-1] INFO  server.RaftServerConfigKeys (ConfUtils.java:logGet(46)) - raft.server.retrycache.statistics.expirytime = 100μs (default)
2022-08-10 09:22:59,110 [pool-666-thread-1] INFO  server.RaftServerConfigKeys (ConfUtils.java:logGet(46)) - raft.server.log.appender.install.snapshot.enabled = false (custom)
2022-08-10 09:22:59,110 [pool-666-thread-1] INFO  server.RaftServerConfigKeys (ConfUtils.java:logGet(46)) - raft.server.threadpool.server.cached = true (default)
2022-08-10 09:22:59,110 [pool-666-thread-1] INFO  server.RaftServerConfigKeys (ConfUtils.java:logGet(46)) - raft.server.threadpool.server.size = 0 (default)
2022-08-10 09:22:59,110 [pool-666-thread-1] INFO  server.RaftServerConfigKeys (ConfUtils.java:logGet(46)) - raft.server.threadpool.client.cached = true (default)
2022-08-10 09:22:59,110 [pool-666-thread-1] INFO  server.RaftServerConfigKeys (ConfUtils.java:logGet(46)) - raft.server.threadpool.client.size = 0 (default)
2022-08-10 09:22:59,126 [omNode-1@group-523986131536-LeaderElection33] INFO  impl.LeaderElection (LeaderElection.java:askForVotes(310)) - omNode-1@group-523986131536-LeaderElection33 ELECTION round 0: submit vote requests at term 2 for -1: [omNode-3|rpc:localhost:34345|priority:0, omNode-1|rpc:localhost:33619|priority:0, omNode-2|rpc:localhost:43433|priority:0], old=null
2022-08-10 09:22:59,145 [omNode-1@group-523986131536-LeaderElection33] INFO  impl.LeaderElection (LogUtils.java:infoOrTrace(137)) - omNode-1@group-523986131536-LeaderElection33 got exception when requesting votes: java.util.concurrent.ExecutionException: org.apache.ratis.thirdparty.io.grpc.StatusRuntimeException: UNAVAILABLE: io exception
2022-08-10 09:22:59,145 [omNode-1@group-523986131536-LeaderElection33] INFO  impl.LeaderElection (LogUtils.java:infoOrTrace(137)) - omNode-1@group-523986131536-LeaderElection33 got exception when requesting votes: java.util.concurrent.ExecutionException: org.apache.ratis.thirdparty.io.grpc.StatusRuntimeException: UNAVAILABLE: io exception
2022-08-10 09:22:59,145 [omNode-1@group-523986131536-LeaderElection33] INFO  impl.LeaderElection (LeaderElection.java:logAndReturn(90)) - omNode-1@group-523986131536-LeaderElection33: ELECTION REJECTED received 0 response(s) and 2 exception(s):
2022-08-10 09:22:59,146 [omNode-1@group-523986131536-LeaderElection33] INFO  impl.LeaderElection (LogUtils.java:infoOrTrace(137)) -   Exception 0: java.util.concurrent.ExecutionException: org.apache.ratis.thirdparty.io.grpc.StatusRuntimeException: UNAVAILABLE: io exception
2022-08-10 09:22:59,146 [omNode-1@group-523986131536-LeaderElection33] INFO  impl.LeaderElection (LogUtils.java:infoOrTrace(137)) -   Exception 1: java.util.concurrent.ExecutionException: org.apache.ratis.thirdparty.io.grpc.StatusRuntimeException: UNAVAILABLE: io exception
2022-08-10 09:22:59,146 [omNode-1@group-523986131536-LeaderElection33] INFO  impl.LeaderElection (LeaderElection.java:askForVotes(312)) - omNode-1@group-523986131536-LeaderElection33 ELECTION round 0: result REJECTED
2022-08-10 09:22:59,146 [omNode-1@group-523986131536-LeaderElection33] INFO  server.RaftServer$Division (RaftServerImpl.java:setRole(299)) - omNode-1@group-523986131536: changes role from CANDIDATE to FOLLOWER at term 2 for REJECTED
2022-08-10 09:22:59,146 [omNode-1@group-523986131536-LeaderElection33] INFO  impl.RoleInfo (RoleInfo.java:shutdownLeaderElection(130)) - omNode-1: shutdown omNode-1@group-523986131536-LeaderElection33
2022-08-10 09:22:59,146 [omNode-1@group-523986131536-LeaderElection33] INFO  impl.RoleInfo (RoleInfo.java:updateAndGet(139)) - omNode-1: start omNode-1@group-523986131536-FollowerState
2022-08-10 09:22:59,339 [EndpointStateMachine task thread for /0.0.0.0:42301 - 0 ] INFO  ipc.Client (Client.java:handleConnectionFailure(977)) - Retrying connect to server: 0.0.0.0/0.0.0.0:42301. Already tried 8 time(s); retry policy is RetryUpToMaximumCountWithFixedSleep(maxRetries=15, sleepTime=1000 MILLISECONDS)
2022-08-10 09:22:59,563 [omNode-2@group-523986131536-FollowerState] INFO  impl.FollowerState (FollowerState.java:run(143)) - omNode-2@group-523986131536-FollowerState: change to CANDIDATE, lastRpcElapsedTime:1196978113ns, electionTimeout:1196ms
2022-08-10 09:22:59,563 [omNode-2@group-523986131536-FollowerState] INFO  impl.RoleInfo (RoleInfo.java:shutdownFollowerState(110)) - omNode-2: shutdown omNode-2@group-523986131536-FollowerState
2022-08-10 09:22:59,564 [omNode-2@group-523986131536-FollowerState] INFO  server.RaftServer$Division (RaftServerImpl.java:setRole(299)) - omNode-2@group-523986131536: changes role from  FOLLOWER to CANDIDATE at term 0 for changeToCandidate
2022-08-10 09:22:59,564 [omNode-2@group-523986131536-FollowerState] INFO  server.RaftServerConfigKeys (ConfUtils.java:logGet(46)) - raft.server.leaderelection.pre-vote = false (custom)
2022-08-10 09:22:59,564 [omNode-2@group-523986131536-FollowerState] INFO  impl.RoleInfo (RoleInfo.java:updateAndGet(139)) - omNode-2: start omNode-2@group-523986131536-LeaderElection34
2022-08-10 09:22:59,580 [omNode-2@group-523986131536-LeaderElection34] INFO  impl.LeaderElection (LeaderElection.java:askForVotes(310)) - omNode-2@group-523986131536-LeaderElection34 ELECTION round 0: submit vote requests at term 1 for -1: [omNode-3|rpc:localhost:34345|priority:0, omNode-1|rpc:localhost:33619|priority:0, omNode-2|rpc:localhost:43433|priority:0], old=null
2022-08-10 09:22:59,615 [omNode-2@group-523986131536-LeaderElection34] INFO  impl.LeaderElection (LogUtils.java:infoOrTrace(137)) - omNode-2@group-523986131536-LeaderElection34 got exception when requesting votes: java.util.concurrent.ExecutionException: org.apache.ratis.thirdparty.io.grpc.StatusRuntimeException: UNAVAILABLE: io exception
2022-08-10 09:22:59,634 [grpc-default-executor-4] INFO  server.RaftServer$Division (RaftServerImpl.java:requestVote(1152)) - omNode-1@group-523986131536: receive requestVote(ELECTION, omNode-2, group-523986131536, 1, (t:0, i:~))
2022-08-10 09:22:59,634 [grpc-default-executor-4] INFO  impl.VoteContext (VoteContext.java:log(48)) - omNode-1@group-523986131536-FOLLOWER: reject ELECTION from omNode-2: current term 2 > candidate's term 1
2022-08-10 09:22:59,635 [grpc-default-executor-4] INFO  server.RaftServer$Division (RaftServerImpl.java:requestVote(1184)) - omNode-1@group-523986131536 replies to ELECTION vote request: omNode-2<-omNode-1#0:FAIL-t2. Peer's state: omNode-1@group-523986131536:t2, leader=null, voted=omNode-1, raftlog=omNode-1@group-523986131536-SegmentedRaftLog:OPENED:c-1, conf=-1: [omNode-3|rpc:localhost:34345|priority:0, omNode-1|rpc:localhost:33619|priority:0, omNode-2|rpc:localhost:43433|priority:0], old=null
2022-08-10 09:22:59,640 [omNode-2@group-523986131536-LeaderElection34] INFO  impl.LeaderElection (LeaderElection.java:logAndReturn(90)) - omNode-2@group-523986131536-LeaderElection34: ELECTION DISCOVERED_A_NEW_TERM (term=2) received 1 response(s) and 1 exception(s):
2022-08-10 09:22:59,640 [omNode-2@group-523986131536-LeaderElection34] INFO  impl.LeaderElection (LeaderElection.java:logAndReturn(94)) -   Response 0: omNode-2<-omNode-1#0:FAIL-t2
2022-08-10 09:22:59,640 [omNode-2@group-523986131536-LeaderElection34] INFO  impl.LeaderElection (LogUtils.java:infoOrTrace(137)) -   Exception 1: java.util.concurrent.ExecutionException: org.apache.ratis.thirdparty.io.grpc.StatusRuntimeException: UNAVAILABLE: io exception
2022-08-10 09:22:59,640 [omNode-2@group-523986131536-LeaderElection34] INFO  impl.LeaderElection (LeaderElection.java:askForVotes(312)) - omNode-2@group-523986131536-LeaderElection34 ELECTION round 0: result DISCOVERED_A_NEW_TERM (term=2)
2022-08-10 09:22:59,640 [omNode-2@group-523986131536-LeaderElection34] INFO  server.RaftServer$Division (RaftServerImpl.java:setRole(299)) - omNode-2@group-523986131536: changes role from CANDIDATE to FOLLOWER at term 2 for DISCOVERED_A_NEW_TERM (term=2)
2022-08-10 09:22:59,641 [omNode-2@group-523986131536-LeaderElection34] INFO  impl.RoleInfo (RoleInfo.java:shutdownLeaderElection(130)) - omNode-2: shutdown omNode-2@group-523986131536-LeaderElection34
2022-08-10 09:22:59,641 [omNode-2@group-523986131536-LeaderElection34] INFO  impl.RoleInfo (RoleInfo.java:updateAndGet(139)) - omNode-2: start omNode-2@group-523986131536-FollowerState
2022-08-10 09:22:59,989 [Listener at 127.0.0.1/35575] INFO  reflections.Reflections (Reflections.java:scan(232)) - Reflections took 917 ms to scan 19 urls, producing 67 keys and 4150 values [using 2 cores]
2022-08-10 09:22:59,990 [Listener at 127.0.0.1/35575] INFO  ipc.CallQueueManager (CallQueueManager.java:<init>(90)) - Using callQueue: class java.util.concurrent.LinkedBlockingQueue, queueCapacity: 2000, scheduler: class org.apache.hadoop.ipc.DefaultRpcScheduler, ipcBackoff: false.
2022-08-10 09:22:59,996 [Socket Reader #1 for port 35599] INFO  ipc.Server (Server.java:run(1265)) - Starting Socket Reader #1 for port 35599
2022-08-10 09:23:00,082 [Finalizer] WARN  managed.ManagedRocksObjectUtils (ManagedRocksObjectUtils.java:assertClosed(39)) - ManagedColumnFamilyOptions is not closed properly
2022-08-10 09:23:00,088 [Listener at 127.0.0.1/35599] INFO  impl.MetricsSystemImpl (MetricsSystemImpl.java:init(158)) - OzoneManager metrics system started (again)
2022-08-10 09:23:00,106 [Listener at 127.0.0.1/35599] INFO  om.OzoneManager (OzoneManager.java:start(1470)) - OzoneManager RPC server is listening at localhost/127.0.0.1:35599
2022-08-10 09:23:00,106 [Listener at 127.0.0.1/35599] INFO  ratis.OzoneManagerRatisServer (OzoneManagerRatisServer.java:start(554)) - Starting OzoneManagerRatisServer omNode-3 at port 34345
2022-08-10 09:23:00,116 [omNode-3-impl-thread1] INFO  server.RaftServer$Division (RaftServerImpl.java:start(310)) - omNode-3@group-523986131536: start as a follower, conf=-1: [omNode-3|rpc:localhost:34345|priority:0, omNode-1|rpc:localhost:33619|priority:0, omNode-2|rpc:localhost:43433|priority:0], old=null
2022-08-10 09:23:00,116 [omNode-3-impl-thread1] INFO  server.RaftServer$Division (RaftServerImpl.java:setRole(299)) - omNode-3@group-523986131536: changes role from      null to FOLLOWER at term 0 for startAsFollower
2022-08-10 09:23:00,117 [omNode-3-impl-thread1] INFO  impl.RoleInfo (RoleInfo.java:updateAndGet(139)) - omNode-3: start omNode-3@group-523986131536-FollowerState
2022-08-10 09:23:00,124 [omNode-3-impl-thread1] INFO  util.JmxRegister (JmxRegister.java:tryRegister(44)) - Successfully registered JMX Bean with object name Ratis:service=RaftServer,group=group-523986131536,id=omNode-3
2022-08-10 09:23:00,128 [Listener at 127.0.0.1/35599] INFO  server.RaftServer (RaftServerProxy.java:lambda$start$6(382)) - omNode-3: start RPC server
2022-08-10 09:23:00,131 [Listener at 127.0.0.1/35599] INFO  server.GrpcService (GrpcService.java:startImpl(260)) - omNode-3: GrpcService started, listening on 34345
2022-08-10 09:23:00,136 [Listener at 127.0.0.1/35599] INFO  om.OzoneManager (OzoneManager.java:start(1486)) - Version File has different layout version (3) than OM DB (null). That is expected if this OM has never been finalized to a newer layout version.
2022-08-10 09:23:00,137 [org.apache.ratis.util.JvmPauseMonitor$$Lambda$696/1259104175@331ea1fe] INFO  util.JvmPauseMonitor (JvmPauseMonitor.java:run(103)) - JvmPauseMonitor-omNode-3: Started
2022-08-10 09:23:00,159 [Listener at 127.0.0.1/35599] INFO  http.BaseHttpServer (BaseHttpServer.java:newHttpServer2BuilderForOzone(209)) - Starting Web-server for ozoneManager at: http://0.0.0.0:33063
2022-08-10 09:23:00,159 [Listener at 127.0.0.1/35599] INFO  http.BaseHttpServer (BaseHttpServer.java:<init>(107)) - Hadoop Security Enabled: false Ozone Security Enabled: false Ozone HTTP Security Enabled: false 
2022-08-10 09:23:00,161 [Listener at 127.0.0.1/35599] INFO  server.AuthenticationFilter (AuthenticationFilter.java:constructSecretProvider(240)) - Unable to initialize FileSignerSecretProvider, falling back to use random secrets.
2022-08-10 09:23:00,172 [Listener at 127.0.0.1/35599] WARN  http.HttpRequestLog (HttpRequestLog.java:getRequestLog(103)) - Jetty request log can only be enabled using Log4j
2022-08-10 09:23:00,173 [Listener at 127.0.0.1/35599] INFO  http.HttpServer2 (HttpServer2.java:addGlobalFilter(1029)) - Added global filter 'safety' (class=org.apache.hadoop.hdds.server.http.HttpServer2$QuotingInputFilter)
2022-08-10 09:23:00,174 [Listener at 127.0.0.1/35599] INFO  http.HttpServer2 (HttpServer2.java:addFilter(1005)) - Added filter static_user_filter (class=org.apache.hadoop.http.lib.StaticUserWebFilter$StaticUserFilter) to context ozoneManager
2022-08-10 09:23:00,174 [Listener at 127.0.0.1/35599] INFO  http.HttpServer2 (HttpServer2.java:addFilter(1013)) - Added filter static_user_filter (class=org.apache.hadoop.http.lib.StaticUserWebFilter$StaticUserFilter) to context static
2022-08-10 09:23:00,174 [Listener at 127.0.0.1/35599] INFO  http.HttpServer2 (HttpServer2.java:addFilter(1013)) - Added filter static_user_filter (class=org.apache.hadoop.http.lib.StaticUserWebFilter$StaticUserFilter) to context logs
2022-08-10 09:23:00,176 [Listener at 127.0.0.1/35599] INFO  http.HttpServer2 (HttpServer2.java:bindListener(1248)) - Jetty bound to port 33063
2022-08-10 09:23:00,177 [Listener at 127.0.0.1/35599] INFO  server.Server (Server.java:doStart(375)) - jetty-9.4.43.v20210629; built: 2021-06-30T11:07:22.254Z; git: 526006ecfa3af7f1a27ef3a288e2bef7ea9dd7e8; jvm 1.8.0_332-b09
2022-08-10 09:23:00,199 [Listener at 127.0.0.1/35599] INFO  server.session (DefaultSessionIdManager.java:doStart(334)) - DefaultSessionIdManager workerName=node0
2022-08-10 09:23:00,199 [Listener at 127.0.0.1/35599] INFO  server.session (DefaultSessionIdManager.java:doStart(339)) - No SessionScavenger set, using defaults
2022-08-10 09:23:00,200 [Listener at 127.0.0.1/35599] INFO  server.session (HouseKeeper.java:startScavenging(132)) - node0 Scavenging every 600000ms
2022-08-10 09:23:00,204 [Listener at 127.0.0.1/35599] INFO  handler.ContextHandler (ContextHandler.java:doStart(915)) - Started o.e.j.s.ServletContextHandler@2ea4adaf{logs,/logs,file:///home/runner/work/ozone/ozone/hadoop-ozone/integration-test/target/log,AVAILABLE}
2022-08-10 09:23:00,204 [Listener at 127.0.0.1/35599] INFO  handler.ContextHandler (ContextHandler.java:doStart(915)) - Started o.e.j.s.ServletContextHandler@696ac3dd{static,/static,file:///home/runner/work/ozone/ozone/hadoop-ozone/integration-test/target/test-classes/webapps/static,AVAILABLE}
2022-08-10 09:23:00,208 [Listener at 127.0.0.1/35599] INFO  handler.ContextHandler (ContextHandler.java:doStart(915)) - Started o.e.j.w.WebAppContext@6d1e1564{ozoneManager,/,file:///home/runner/work/ozone/ozone/hadoop-ozone/integration-test/target/test-classes/webapps/ozoneManager/,AVAILABLE}{file:/home/runner/work/ozone/ozone/hadoop-ozone/integration-test/target/test-classes/webapps/ozoneManager}
2022-08-10 09:23:00,216 [Listener at 127.0.0.1/35599] INFO  server.AbstractConnector (AbstractConnector.java:doStart(331)) - Started ServerConnector@21557e98{HTTP/1.1, (http/1.1)}{0.0.0.0:33063}
2022-08-10 09:23:00,216 [Listener at 127.0.0.1/35599] INFO  server.Server (Server.java:doStart(415)) - Started @107666ms
2022-08-10 09:23:00,217 [Listener at 127.0.0.1/35599] WARN  impl.MetricsSystemImpl (MetricsSystemImpl.java:register(279)) - Sink prometheus already exists!
2022-08-10 09:23:00,217 [Listener at 127.0.0.1/35599] INFO  http.BaseHttpServer (BaseHttpServer.java:updateConnectorAddress(329)) - HTTP server of ozoneManager listening at http://0.0.0.0:33063
2022-08-10 09:23:00,218 [IPC Server Responder] INFO  ipc.Server (Server.java:run(1507)) - IPC Server Responder: starting
2022-08-10 09:23:00,220 [IPC Server listener on 35599] INFO  ipc.Server (Server.java:run(1344)) - IPC Server listener on 35599: starting
2022-08-10 09:23:00,263 [omNode-1@group-523986131536-FollowerState] INFO  impl.FollowerState (FollowerState.java:run(143)) - omNode-1@group-523986131536-FollowerState: change to CANDIDATE, lastRpcElapsedTime:1117561684ns, electionTimeout:1107ms
2022-08-10 09:23:00,264 [omNode-1@group-523986131536-FollowerState] INFO  impl.RoleInfo (RoleInfo.java:shutdownFollowerState(110)) - omNode-1: shutdown omNode-1@group-523986131536-FollowerState
2022-08-10 09:23:00,264 [omNode-1@group-523986131536-FollowerState] INFO  server.RaftServer$Division (RaftServerImpl.java:setRole(299)) - omNode-1@group-523986131536: changes role from  FOLLOWER to CANDIDATE at term 2 for changeToCandidate
2022-08-10 09:23:00,340 [Listener at 127.0.0.1/35599] INFO  om.OzoneManager (OzoneManager.java:startTrashEmptier(1907)) - Trash Interval set to 0. Files deleted won't move to trash
2022-08-10 09:23:00,340 [EndpointStateMachine task thread for /0.0.0.0:42301 - 0 ] INFO  ipc.Client (Client.java:handleConnectionFailure(977)) - Retrying connect to server: 0.0.0.0/0.0.0.0:42301. Already tried 9 time(s); retry policy is RetryUpToMaximumCountWithFixedSleep(maxRetries=15, sleepTime=1000 MILLISECONDS)
2022-08-10 09:23:00,340 [omNode-1@group-523986131536-FollowerState] INFO  server.RaftServerConfigKeys (ConfUtils.java:logGet(46)) - raft.server.leaderelection.pre-vote = false (custom)
2022-08-10 09:23:00,341 [omNode-1@group-523986131536-FollowerState] INFO  impl.RoleInfo (RoleInfo.java:updateAndGet(139)) - omNode-1: start omNode-1@group-523986131536-LeaderElection35
2022-08-10 09:23:00,341 [Listener at 127.0.0.1/35599] INFO  ozone.MiniOzoneHAClusterImpl (MiniOzoneHAClusterImpl.java:createOMService(527)) - Started OzoneManager omNode-3 RPC server at localhost/127.0.0.1:35599
2022-08-10 09:23:00,361 [org.apache.hadoop.util.JvmPauseMonitor$Monitor@5db4c6c1] INFO  util.JvmPauseMonitor (JvmPauseMonitor.java:run(188)) - Starting JVM pause monitor
2022-08-10 09:23:00,363 [Listener at 127.0.0.1/35599] WARN  impl.MetricRegistriesImpl (MetricRegistriesImpl.java:addReporterRegistration(111)) - New reporters are added after registries were created. Some metrics will be missing from the reporter. Please add reporter before adding any new registry.
2022-08-10 09:23:00,363 [Listener at 127.0.0.1/35599] WARN  impl.MetricRegistriesImpl (MetricRegistriesImpl.java:addReporterRegistration(111)) - New reporters are added after registries were created. Some metrics will be missing from the reporter. Please add reporter before adding any new registry.
2022-08-10 09:23:00,363 [Listener at 127.0.0.1/35599] INFO  impl.MetricsSystemImpl (MetricsSystemImpl.java:init(158)) - HddsDatanode metrics system started (again)
2022-08-10 09:23:00,374 [omNode-1@group-523986131536-LeaderElection35] INFO  impl.LeaderElection (LeaderElection.java:askForVotes(310)) - omNode-1@group-523986131536-LeaderElection35 ELECTION round 0: submit vote requests at term 3 for -1: [omNode-3|rpc:localhost:34345|priority:0, omNode-1|rpc:localhost:33619|priority:0, omNode-2|rpc:localhost:43433|priority:0], old=null
2022-08-10 09:23:00,392 [omNode-1@group-523986131536-LeaderElection35] INFO  impl.LeaderElection (LogUtils.java:infoOrTrace(137)) - omNode-1@group-523986131536-LeaderElection35 got exception when requesting votes: java.util.concurrent.ExecutionException: org.apache.ratis.thirdparty.io.grpc.StatusRuntimeException: UNAVAILABLE: io exception
2022-08-10 09:23:00,395 [grpc-default-executor-4] INFO  server.RaftServer$Division (RaftServerImpl.java:requestVote(1152)) - omNode-2@group-523986131536: receive requestVote(ELECTION, omNode-1, group-523986131536, 3, (t:0, i:~))
2022-08-10 09:23:00,395 [grpc-default-executor-4] INFO  impl.VoteContext (VoteContext.java:log(48)) - omNode-2@group-523986131536-FOLLOWER: accept ELECTION from omNode-1: our priority 0 <= candidate's priority 0
2022-08-10 09:23:00,395 [grpc-default-executor-4] INFO  server.RaftServer$Division (RaftServerImpl.java:setRole(299)) - omNode-2@group-523986131536: changes role from  FOLLOWER to FOLLOWER at term 3 for candidate:omNode-1
2022-08-10 09:23:00,395 [grpc-default-executor-4] INFO  impl.RoleInfo (RoleInfo.java:shutdownFollowerState(110)) - omNode-2: shutdown omNode-2@group-523986131536-FollowerState
2022-08-10 09:23:00,395 [grpc-default-executor-4] INFO  impl.RoleInfo (RoleInfo.java:updateAndGet(139)) - omNode-2: start omNode-2@group-523986131536-FollowerState
2022-08-10 09:23:00,398 [Listener at 127.0.0.1/35599] INFO  ozone.HddsDatanodeService (HddsDatanodeService.java:start(236)) - HddsDatanodeService host:fv-az244-795.wfqk4h0zklwe5pzfvc0psazzwc.bx.internal.cloudapp.net ip:10.1.0.9
2022-08-10 09:23:00,398 [omNode-2@group-523986131536-FollowerState] INFO  impl.FollowerState (FollowerState.java:run(152)) - omNode-2@group-523986131536-FollowerState was interrupted
2022-08-10 09:23:00,417 [grpc-default-executor-4] INFO  server.RaftServer$Division (RaftServerImpl.java:requestVote(1184)) - omNode-2@group-523986131536 replies to ELECTION vote request: omNode-1<-omNode-2#0:OK-t3. Peer's state: omNode-2@group-523986131536:t3, leader=null, voted=omNode-1, raftlog=omNode-2@group-523986131536-SegmentedRaftLog:OPENED:c-1, conf=-1: [omNode-3|rpc:localhost:34345|priority:0, omNode-1|rpc:localhost:33619|priority:0, omNode-2|rpc:localhost:43433|priority:0], old=null
2022-08-10 09:23:00,418 [omNode-1@group-523986131536-LeaderElection35] INFO  impl.LeaderElection (LeaderElection.java:logAndReturn(90)) - omNode-1@group-523986131536-LeaderElection35: ELECTION PASSED received 1 response(s) and 1 exception(s):
2022-08-10 09:23:00,418 [omNode-1@group-523986131536-LeaderElection35] INFO  impl.LeaderElection (LeaderElection.java:logAndReturn(94)) -   Response 0: omNode-1<-omNode-2#0:OK-t3
2022-08-10 09:23:00,418 [omNode-1@group-523986131536-LeaderElection35] INFO  impl.LeaderElection (LogUtils.java:infoOrTrace(137)) -   Exception 1: java.util.concurrent.ExecutionException: org.apache.ratis.thirdparty.io.grpc.StatusRuntimeException: UNAVAILABLE: io exception
2022-08-10 09:23:00,418 [omNode-1@group-523986131536-LeaderElection35] INFO  impl.LeaderElection (LeaderElection.java:askForVotes(312)) - omNode-1@group-523986131536-LeaderElection35 ELECTION round 0: result PASSED
2022-08-10 09:23:00,418 [omNode-1@group-523986131536-LeaderElection35] INFO  impl.RoleInfo (RoleInfo.java:shutdownLeaderElection(130)) - omNode-1: shutdown omNode-1@group-523986131536-LeaderElection35
2022-08-10 09:23:00,418 [omNode-1@group-523986131536-LeaderElection35] INFO  server.RaftServer$Division (RaftServerImpl.java:setRole(299)) - omNode-1@group-523986131536: changes role from CANDIDATE to LEADER at term 3 for changeToLeader
2022-08-10 09:23:00,418 [omNode-1@group-523986131536-LeaderElection35] INFO  server.RaftServer$Division (ServerState.java:setLeader(287)) - omNode-1@group-523986131536: change Leader from null to omNode-1 at term 3 for becomeLeader, leader elected after 4421ms
2022-08-10 09:23:00,419 [omNode-1@group-523986131536-LeaderElection35] INFO  server.RaftServerConfigKeys (ConfUtils.java:logGet(46)) - raft.server.staging.catchup.gap = 1000 (default)
2022-08-10 09:23:00,419 [omNode-1@group-523986131536-LeaderElection35] INFO  server.RaftServerConfigKeys (ConfUtils.java:logGet(46)) - raft.server.write.element-limit = 4096 (default)
2022-08-10 09:23:00,419 [omNode-1@group-523986131536-LeaderElection35] INFO  server.RaftServerConfigKeys (ConfUtils.java:logGet(46)) - raft.server.write.byte-limit = 64MB (=67108864) (default)
2022-08-10 09:23:00,419 [omNode-1@group-523986131536-LeaderElection35] INFO  server.RaftServerConfigKeys (ConfUtils.java:logGet(46)) - raft.server.watch.timeout = 10s (default)
2022-08-10 09:23:00,419 [omNode-1@group-523986131536-LeaderElection35] INFO  server.RaftServerConfigKeys (ConfUtils.java:logGet(46)) - raft.server.watch.timeout.denomination = 1s (default)
2022-08-10 09:23:00,419 [omNode-1@group-523986131536-LeaderElection35] INFO  server.RaftServerConfigKeys (ConfUtils.java:logGet(46)) - raft.server.watch.element-limit = 65536 (default)
2022-08-10 09:23:00,419 [omNode-1@group-523986131536-LeaderElection35] INFO  server.RaftServerConfigKeys (ConfUtils.java:logGet(46)) - raft.server.write.element-limit = 4096 (default)
2022-08-10 09:23:00,419 [omNode-1@group-523986131536-LeaderElection35] INFO  server.RaftServerConfigKeys (ConfUtils.java:logGet(46)) - raft.server.write.follower.gap.ratio.max = -1.0 (default)
2022-08-10 09:23:00,421 [omNode-1@group-523986131536-LeaderElection35] INFO  server.RaftServerConfigKeys (ConfUtils.java:logGet(46)) - raft.server.log.appender.snapshot.chunk.size.max = 16MB (=16777216) (default)
2022-08-10 09:23:00,421 [omNode-1@group-523986131536-LeaderElection35] INFO  server.RaftServerConfigKeys (ConfUtils.java:logGet(46)) - raft.server.log.appender.buffer.byte-limit = 33554432 (custom)
2022-08-10 09:23:00,421 [omNode-1@group-523986131536-LeaderElection35] INFO  server.RaftServerConfigKeys (ConfUtils.java:logGet(46)) - raft.server.log.appender.buffer.element-limit = 1024 (custom)
2022-08-10 09:23:00,422 [omNode-1@group-523986131536-LeaderElection35] INFO  grpc.GrpcConfigKeys (ConfUtils.java:logGet(46)) - raft.grpc.server.leader.outstanding.appends.max = 128 (default)
2022-08-10 09:23:00,422 [omNode-1@group-523986131536-LeaderElection35] INFO  server.RaftServerConfigKeys (ConfUtils.java:logGet(46)) - raft.server.rpc.request.timeout = 3000ms (default)
2022-08-10 09:23:00,422 [omNode-1@group-523986131536-LeaderElection35] INFO  server.RaftServerConfigKeys (ConfUtils.java:logGet(46)) - raft.server.log.appender.install.snapshot.enabled = false (custom)
2022-08-10 09:23:00,423 [omNode-1@group-523986131536-LeaderElection35] INFO  server.RaftServerConfigKeys (ConfUtils.java:logGet(46)) - raft.server.log.appender.snapshot.chunk.size.max = 16MB (=16777216) (default)
2022-08-10 09:23:00,423 [omNode-1@group-523986131536-LeaderElection35] INFO  server.RaftServerConfigKeys (ConfUtils.java:logGet(46)) - raft.server.log.appender.buffer.byte-limit = 33554432 (custom)
2022-08-10 09:23:00,423 [omNode-1@group-523986131536-LeaderElection35] INFO  server.RaftServerConfigKeys (ConfUtils.java:logGet(46)) - raft.server.log.appender.buffer.element-limit = 1024 (custom)
2022-08-10 09:23:00,433 [omNode-1@group-523986131536-LeaderElection35] INFO  grpc.GrpcConfigKeys (ConfUtils.java:logGet(46)) - raft.grpc.server.leader.outstanding.appends.max = 128 (default)
2022-08-10 09:23:00,433 [omNode-1@group-523986131536-LeaderElection35] INFO  server.RaftServerConfigKeys (ConfUtils.java:logGet(46)) - raft.server.rpc.request.timeout = 3000ms (default)
2022-08-10 09:23:00,433 [omNode-1@group-523986131536-LeaderElection35] INFO  server.RaftServerConfigKeys (ConfUtils.java:logGet(46)) - raft.server.log.appender.install.snapshot.enabled = false (custom)
2022-08-10 09:23:00,434 [omNode-1@group-523986131536-LeaderElection35] INFO  impl.RoleInfo (RoleInfo.java:updateAndGet(139)) - omNode-1: start omNode-1@group-523986131536-LeaderStateImpl
2022-08-10 09:23:00,434 [omNode-1@group-523986131536-LeaderElection35] INFO  segmented.SegmentedRaftLogWorker (SegmentedRaftLogWorker.java:startLogSegment(425)) - omNode-1@group-523986131536-SegmentedRaftLogWorker: Starting segment from index:0
2022-08-10 09:23:00,446 [omNode-1@group-523986131536-SegmentedRaftLogWorker] INFO  segmented.SegmentedRaftLogWorker (SegmentedRaftLogWorker.java:execute(629)) - omNode-1@group-523986131536-SegmentedRaftLogWorker: created new log segment /home/runner/work/ozone/ozone/hadoop-ozone/integration-test/target/test-dir/MiniOzoneClusterImpl-2080ac2c-1c22-4300-b117-cc71631a0cfb/omNode-1/ratis/c9bc4cf4-3bc3-3c60-a66b-523986131536/current/log_inprogress_0
2022-08-10 09:23:00,453 [grpc-default-executor-4] WARN  server.GrpcLogAppender (LogUtils.java:warn(122)) - omNode-1@group-523986131536->omNode-3-AppendLogResponseHandler: Failed appendEntries: org.apache.ratis.thirdparty.io.grpc.StatusRuntimeException: UNAVAILABLE: io exception
2022-08-10 09:23:00,463 [omNode-1@group-523986131536-LeaderElection35] INFO  server.RaftServer$Division (ServerState.java:setRaftConf(393)) - omNode-1@group-523986131536: set configuration 0: [omNode-3|rpc:localhost:34345|admin:|client:|dataStream:|priority:0, omNode-1|rpc:localhost:33619|admin:|client:|dataStream:|priority:0, omNode-2|rpc:localhost:43433|admin:|client:|dataStream:|priority:0], old=null
2022-08-10 09:23:00,464 [omNode-1@group-523986131536-StateMachineUpdater] INFO  ratis.OzoneManagerStateMachine (OzoneManagerStateMachine.java:notifyConfigurationChanged(192)) - Received Configuration change notification from Ratis. New Peer list:
[id: "omNode-3"
address: "localhost:34345"
, id: "omNode-1"
address: "localhost:33619"
, id: "omNode-2"
address: "localhost:43433"
]
2022-08-10 09:23:00,467 [grpc-default-executor-4] WARN  server.GrpcLogAppender (GrpcLogAppender.java:resetClient(111)) - omNode-1@group-523986131536->omNode-3-GrpcLogAppender: Leader has not got in touch with Follower omNode-1@group-523986131536->omNode-3(c-1,m0,n1, attendVote=true, lastRpcSendTime=0, lastRpcResponseTime=1247) yet, just keep nextIndex unchanged and retry.
2022-08-10 09:23:00,481 [Listener at 127.0.0.1/35599] INFO  upgrade.AbstractLayoutVersionManager (AbstractLayoutVersionManager.java:init(83)) - Initializing Layout version manager with metadata layout = DATANODE_SCHEMA_V3 (version = 4), software layout = DATANODE_SCHEMA_V3 (version = 4)
2022-08-10 09:23:00,492 [omNode-2-server-thread1] INFO  server.RaftServer$Division (ServerState.java:setLeader(287)) - omNode-2@group-523986131536: change Leader from null to omNode-1 at term 3 for appendEntries, leader elected after 2992ms
2022-08-10 09:23:00,506 [omNode-2-server-thread1] INFO  server.RaftServer$Division (ServerState.java:setRaftConf(393)) - omNode-2@group-523986131536: set configuration 0: [omNode-3|rpc:localhost:34345|admin:|client:|dataStream:|priority:0, omNode-1|rpc:localhost:33619|admin:|client:|dataStream:|priority:0, omNode-2|rpc:localhost:43433|admin:|client:|dataStream:|priority:0], old=null
2022-08-10 09:23:00,506 [omNode-2-server-thread1] INFO  segmented.SegmentedRaftLogWorker (SegmentedRaftLogWorker.java:startLogSegment(425)) - omNode-2@group-523986131536-SegmentedRaftLogWorker: Starting segment from index:0
2022-08-10 09:23:00,521 [omNode-2@group-523986131536-SegmentedRaftLogWorker] INFO  segmented.SegmentedRaftLogWorker (SegmentedRaftLogWorker.java:execute(629)) - omNode-2@group-523986131536-SegmentedRaftLogWorker: created new log segment /home/runner/work/ozone/ozone/hadoop-ozone/integration-test/target/test-dir/MiniOzoneClusterImpl-2080ac2c-1c22-4300-b117-cc71631a0cfb/omNode-2/ratis/c9bc4cf4-3bc3-3c60-a66b-523986131536/current/log_inprogress_0
2022-08-10 09:23:00,549 [omNode-2@group-523986131536-StateMachineUpdater] INFO  ratis.OzoneManagerStateMachine (OzoneManagerStateMachine.java:notifyConfigurationChanged(192)) - Received Configuration change notification from Ratis. New Peer list:
[id: "omNode-3"
address: "localhost:34345"
, id: "omNode-1"
address: "localhost:33619"
, id: "omNode-2"
address: "localhost:43433"
]
2022-08-10 09:23:00,618 [Listener at 127.0.0.1/35599] INFO  reflections.Reflections (Reflections.java:scan(232)) - Reflections took 135 ms to scan 7 urls, producing 132 keys and 321 values 
2022-08-10 09:23:00,619 [Listener at 127.0.0.1/35599] INFO  statemachine.DatanodeStateMachine (DatanodeStateMachine.java:getEndPointTaskThreadPoolSize(237)) - Datanode State Machine Task Thread Pool size 2
2022-08-10 09:23:00,630 [Listener at 127.0.0.1/35599] INFO  volume.HddsVolume (HddsVolume.java:<init>(116)) - Creating HddsVolume: /home/runner/work/ozone/ozone/hadoop-ozone/integration-test/target/test-dir/MiniOzoneClusterImpl-2080ac2c-1c22-4300-b117-cc71631a0cfb/datanode-0/data-0/containers/hdds of storage type : DISK capacity : 9223372036854775807
2022-08-10 09:23:00,630 [Listener at 127.0.0.1/35599] INFO  volume.MutableVolumeSet (MutableVolumeSet.java:initializeVolumeSet(174)) - Added Volume : /home/runner/work/ozone/ozone/hadoop-ozone/integration-test/target/test-dir/MiniOzoneClusterImpl-2080ac2c-1c22-4300-b117-cc71631a0cfb/datanode-0/data-0/containers/hdds to VolumeSet
2022-08-10 09:23:00,630 [Listener at 127.0.0.1/35599] INFO  volume.ThrottledAsyncChecker (ThrottledAsyncChecker.java:schedule(141)) - Scheduling a check for /home/runner/work/ozone/ozone/hadoop-ozone/integration-test/target/test-dir/MiniOzoneClusterImpl-2080ac2c-1c22-4300-b117-cc71631a0cfb/datanode-0/data-0/containers/hdds
2022-08-10 09:23:00,645 [Listener at 127.0.0.1/35599] INFO  volume.StorageVolumeChecker (StorageVolumeChecker.java:checkAllVolumes(202)) - Scheduled health check for volume /home/runner/work/ozone/ozone/hadoop-ozone/integration-test/target/test-dir/MiniOzoneClusterImpl-2080ac2c-1c22-4300-b117-cc71631a0cfb/datanode-0/data-0/containers/hdds
2022-08-10 09:23:00,676 [Listener at 127.0.0.1/35599] INFO  volume.MutableVolumeSet (MutableVolumeSet.java:initializeVolumeSet(174)) - Added Volume : /home/runner/work/ozone/ozone/hadoop-ozone/integration-test/target/test-dir/MiniOzoneClusterImpl-2080ac2c-1c22-4300-b117-cc71631a0cfb/datanode-0/data/ratis to VolumeSet
2022-08-10 09:23:00,676 [Listener at 127.0.0.1/35599] INFO  volume.ThrottledAsyncChecker (ThrottledAsyncChecker.java:schedule(141)) - Scheduling a check for /home/runner/work/ozone/ozone/hadoop-ozone/integration-test/target/test-dir/MiniOzoneClusterImpl-2080ac2c-1c22-4300-b117-cc71631a0cfb/datanode-0/data/ratis
2022-08-10 09:23:00,677 [Listener at 127.0.0.1/35599] INFO  volume.StorageVolumeChecker (StorageVolumeChecker.java:checkAllVolumes(202)) - Scheduled health check for volume /home/runner/work/ozone/ozone/hadoop-ozone/integration-test/target/test-dir/MiniOzoneClusterImpl-2080ac2c-1c22-4300-b117-cc71631a0cfb/datanode-0/data/ratis
2022-08-10 09:23:00,716 [Thread-1631] INFO  ozoneimpl.ContainerReader (ContainerReader.java:readVolume(175)) - Finish verifying containers on volume /home/runner/work/ozone/ozone/hadoop-ozone/integration-test/target/test-dir/MiniOzoneClusterImpl-2080ac2c-1c22-4300-b117-cc71631a0cfb/datanode-0/data-0/containers/hdds
2022-08-10 09:23:00,716 [Listener at 127.0.0.1/35599] INFO  ozoneimpl.OzoneContainer (OzoneContainer.java:buildContainerSet(299)) - Build ContainerSet costs 0s
2022-08-10 09:23:00,718 [Listener at 127.0.0.1/35599] INFO  server.RaftServer (ConfUtils.java:logGet(46)) - raft.rpc.type = GRPC (default)
2022-08-10 09:23:00,718 [Listener at 127.0.0.1/35599] INFO  grpc.GrpcFactory (GrpcFactory.java:checkPooledByteBufAllocatorUseCacheForAllThreads(48)) - PERFORMANCE WARNING: useCacheForAllThreads is true that may cause Netty to create a lot garbage objects and, as a result, trigger GC.
	It is recommended to disable useCacheForAllThreads by setting -Dorg.apache.ratis.thirdparty.io.netty.allocator.useCacheForAllThreads=false in command line.
2022-08-10 09:23:00,718 [Listener at 127.0.0.1/35599] INFO  grpc.GrpcConfigKeys (ConfUtils.java:logGet(46)) - raft.grpc.admin.port = 0 (custom)
2022-08-10 09:23:00,719 [Listener at 127.0.0.1/35599] INFO  grpc.GrpcConfigKeys (ConfUtils.java:logGet(46)) - raft.grpc.client.port = 0 (custom)
2022-08-10 09:23:00,719 [Listener at 127.0.0.1/35599] INFO  grpc.GrpcConfigKeys (ConfUtils.java:logGet(46)) - raft.grpc.server.port = 0 (default)
2022-08-10 09:23:00,719 [Listener at 127.0.0.1/35599] INFO  server.GrpcService (ConfUtils.java:logGet(46)) - raft.grpc.message.size.max = 32MB (=33554432) (custom)
2022-08-10 09:23:00,719 [Listener at 127.0.0.1/35599] INFO  server.RaftServerConfigKeys (ConfUtils.java:logGet(46)) - raft.server.log.appender.buffer.byte-limit = 33554432 (custom)
2022-08-10 09:23:00,720 [Listener at 127.0.0.1/35599] INFO  server.GrpcService (ConfUtils.java:logGet(46)) - raft.grpc.flow.control.window = 5MB (=5242880) (custom)
2022-08-10 09:23:00,720 [Listener at 127.0.0.1/35599] INFO  server.RaftServerConfigKeys (ConfUtils.java:logGet(46)) - raft.server.rpc.request.timeout = 60s (custom)
2022-08-10 09:23:00,720 [Listener at 127.0.0.1/35599] INFO  grpc.GrpcConfigKeys (ConfUtils.java:logGet(46)) - raft.grpc.server.async.request.thread.pool.cached = true (default)
2022-08-10 09:23:00,721 [Listener at 127.0.0.1/35599] INFO  grpc.GrpcConfigKeys (ConfUtils.java:logGet(46)) - raft.grpc.server.async.request.thread.pool.size = 32 (default)
2022-08-10 09:23:00,723 [Listener at 127.0.0.1/35599] INFO  impl.DataStreamServerImpl (ConfUtils.java:logGet(46)) - raft.datastream.type = DISABLED (default)
2022-08-10 09:23:00,723 [Listener at 127.0.0.1/35599] INFO  server.RaftServerConfigKeys (ConfUtils.java:logGet(46)) - raft.server.threadpool.proxy.cached = true (default)
2022-08-10 09:23:00,723 [Listener at 127.0.0.1/35599] INFO  server.RaftServerConfigKeys (ConfUtils.java:logGet(46)) - raft.server.threadpool.proxy.size = 0 (default)
2022-08-10 09:23:00,723 [Listener at 127.0.0.1/35599] INFO  server.RaftServerConfigKeys (ConfUtils.java:logGet(46)) - raft.server.rpc.slowness.timeout = 300s (custom)
2022-08-10 09:23:00,723 [Listener at 127.0.0.1/35599] INFO  server.RaftServerConfigKeys (ConfUtils.java:logGet(46)) - raft.server.leaderelection.leader.step-down.wait-time = 10s (default)
2022-08-10 09:23:00,724 [Listener at 127.0.0.1/35599] INFO  server.RaftServerConfigKeys (ConfUtils.java:logGet(46)) - raft.server.storage.dir = [/home/runner/work/ozone/ozone/hadoop-ozone/integration-test/target/test-dir/MiniOzoneClusterImpl-2080ac2c-1c22-4300-b117-cc71631a0cfb/datanode-0/data/ratis] (custom)
2022-08-10 09:23:00,725 [omNode-3-server-thread1] INFO  server.RaftServer$Division (ServerState.java:setLeader(287)) - omNode-3@group-523986131536: change Leader from null to omNode-1 at term 3 for appendEntries, leader elected after 1647ms
2022-08-10 09:23:00,726 [omNode-3-server-thread1] INFO  server.RaftServer$Division (RaftServerImpl.java:checkInconsistentAppendEntries(1424)) - omNode-3@group-523986131536: Failed appendEntries as previous log entry ((t:3, i:0)) is not found
2022-08-10 09:23:00,726 [omNode-3-server-thread1] INFO  server.RaftServer$Division (RaftServerImpl.java:checkInconsistentAppendEntries(1394)) - omNode-3@group-523986131536: inconsistency entries. Reply:omNode-1<-omNode-3#88851:FAIL-t0,INCONSISTENCY,nextIndex=0,followerCommit=-1
2022-08-10 09:23:00,727 [grpc-default-executor-4] INFO  leader.FollowerInfo (FollowerInfoImpl.java:lambda$new$0(48)) - omNode-1@group-523986131536->omNode-3: nextIndex: updateUnconditionally 1 -> 0
2022-08-10 09:23:00,737 [Listener at 127.0.0.1/35599] INFO  server.XceiverServerGrpc (XceiverServerGrpc.java:<init>(132)) - GrpcServer channel type EpollServerSocketChannel
2022-08-10 09:23:00,751 [omNode-3-server-thread2] INFO  server.RaftServer$Division (ServerState.java:setRaftConf(393)) - omNode-3@group-523986131536: set configuration 0: [omNode-3|rpc:localhost:34345|admin:|client:|dataStream:|priority:0, omNode-1|rpc:localhost:33619|admin:|client:|dataStream:|priority:0, omNode-2|rpc:localhost:43433|admin:|client:|dataStream:|priority:0], old=null
2022-08-10 09:23:00,751 [omNode-3-server-thread2] INFO  segmented.SegmentedRaftLogWorker (SegmentedRaftLogWorker.java:startLogSegment(425)) - omNode-3@group-523986131536-SegmentedRaftLogWorker: Starting segment from index:0
2022-08-10 09:23:00,753 [Listener at 127.0.0.1/35599] INFO  http.BaseHttpServer (BaseHttpServer.java:newHttpServer2BuilderForOzone(209)) - Starting Web-server for hddsDatanode at: http://0.0.0.0:0
2022-08-10 09:23:00,754 [Listener at 127.0.0.1/35599] INFO  http.BaseHttpServer (BaseHttpServer.java:<init>(107)) - Hadoop Security Enabled: false Ozone Security Enabled: false Ozone HTTP Security Enabled: false 
2022-08-10 09:23:00,755 [Listener at 127.0.0.1/35599] INFO  server.AuthenticationFilter (AuthenticationFilter.java:constructSecretProvider(240)) - Unable to initialize FileSignerSecretProvider, falling back to use random secrets.
2022-08-10 09:23:00,764 [Listener at 127.0.0.1/35599] WARN  http.HttpRequestLog (HttpRequestLog.java:getRequestLog(103)) - Jetty request log can only be enabled using Log4j
2022-08-10 09:23:00,765 [omNode-3@group-523986131536-SegmentedRaftLogWorker] INFO  segmented.SegmentedRaftLogWorker (SegmentedRaftLogWorker.java:execute(629)) - omNode-3@group-523986131536-SegmentedRaftLogWorker: created new log segment /home/runner/work/ozone/ozone/hadoop-ozone/integration-test/target/test-dir/MiniOzoneClusterImpl-2080ac2c-1c22-4300-b117-cc71631a0cfb/omNode-3/ratis/c9bc4cf4-3bc3-3c60-a66b-523986131536/current/log_inprogress_0
2022-08-10 09:23:00,766 [Listener at 127.0.0.1/35599] INFO  http.HttpServer2 (HttpServer2.java:addGlobalFilter(1029)) - Added global filter 'safety' (class=org.apache.hadoop.hdds.server.http.HttpServer2$QuotingInputFilter)
2022-08-10 09:23:00,766 [Listener at 127.0.0.1/35599] INFO  http.HttpServer2 (HttpServer2.java:addFilter(1005)) - Added filter static_user_filter (class=org.apache.hadoop.http.lib.StaticUserWebFilter$StaticUserFilter) to context hddsDatanode
2022-08-10 09:23:00,766 [Listener at 127.0.0.1/35599] INFO  http.HttpServer2 (HttpServer2.java:addFilter(1013)) - Added filter static_user_filter (class=org.apache.hadoop.http.lib.StaticUserWebFilter$StaticUserFilter) to context logs
2022-08-10 09:23:00,766 [Listener at 127.0.0.1/35599] INFO  http.HttpServer2 (HttpServer2.java:addFilter(1013)) - Added filter static_user_filter (class=org.apache.hadoop.http.lib.StaticUserWebFilter$StaticUserFilter) to context static
2022-08-10 09:23:00,772 [Listener at 127.0.0.1/35599] INFO  http.HttpServer2 (HttpServer2.java:bindListener(1248)) - Jetty bound to port 40323
2022-08-10 09:23:00,773 [Listener at 127.0.0.1/35599] INFO  server.Server (Server.java:doStart(375)) - jetty-9.4.43.v20210629; built: 2021-06-30T11:07:22.254Z; git: 526006ecfa3af7f1a27ef3a288e2bef7ea9dd7e8; jvm 1.8.0_332-b09
2022-08-10 09:23:00,798 [omNode-3@group-523986131536-StateMachineUpdater] INFO  ratis.OzoneManagerStateMachine (OzoneManagerStateMachine.java:notifyConfigurationChanged(192)) - Received Configuration change notification from Ratis. New Peer list:
[id: "omNode-3"
address: "localhost:34345"
, id: "omNode-1"
address: "localhost:33619"
, id: "omNode-2"
address: "localhost:43433"
]
2022-08-10 09:23:00,826 [Listener at 127.0.0.1/35599] INFO  server.session (DefaultSessionIdManager.java:doStart(334)) - DefaultSessionIdManager workerName=node0
2022-08-10 09:23:00,826 [Listener at 127.0.0.1/35599] INFO  server.session (DefaultSessionIdManager.java:doStart(339)) - No SessionScavenger set, using defaults
2022-08-10 09:23:00,826 [Listener at 127.0.0.1/35599] INFO  server.session (HouseKeeper.java:startScavenging(132)) - node0 Scavenging every 660000ms
2022-08-10 09:23:00,834 [Listener at 127.0.0.1/35599] INFO  handler.ContextHandler (ContextHandler.java:doStart(915)) - Started o.e.j.s.ServletContextHandler@19b114f2{logs,/logs,file:///home/runner/work/ozone/ozone/hadoop-ozone/integration-test/target/log,AVAILABLE}
2022-08-10 09:23:00,834 [Listener at 127.0.0.1/35599] INFO  handler.ContextHandler (ContextHandler.java:doStart(915)) - Started o.e.j.s.ServletContextHandler@765772ae{static,/static,jar:file:/home/runner/.m2/repository/org/apache/ozone/hdds-container-service/1.3.0-SNAPSHOT/hdds-container-service-1.3.0-SNAPSHOT.jar!/webapps/static,AVAILABLE}
2022-08-10 09:23:01,263 [Listener at 127.0.0.1/35599] INFO  handler.ContextHandler (ContextHandler.java:doStart(915)) - Started o.e.j.w.WebAppContext@7ac2db4c{hddsDatanode,/,file:///tmp/jetty-0_0_0_0-40323-hdds-container-service-1_3_0-SNAPSHOT_jar-_-any-6976282804039655141/webapp/,AVAILABLE}{jar:file:/home/runner/.m2/repository/org/apache/ozone/hdds-container-service/1.3.0-SNAPSHOT/hdds-container-service-1.3.0-SNAPSHOT.jar!/webapps/hddsDatanode}
2022-08-10 09:23:01,268 [Listener at 127.0.0.1/35599] INFO  server.AbstractConnector (AbstractConnector.java:doStart(331)) - Started ServerConnector@b2dc176{HTTP/1.1, (http/1.1)}{0.0.0.0:40323}
2022-08-10 09:23:01,268 [Listener at 127.0.0.1/35599] INFO  server.Server (Server.java:doStart(415)) - Started @108718ms
2022-08-10 09:23:01,269 [Listener at 127.0.0.1/35599] WARN  impl.MetricsSystemImpl (MetricsSystemImpl.java:register(279)) - Sink prometheus already exists!
2022-08-10 09:23:01,269 [Listener at 127.0.0.1/35599] INFO  http.BaseHttpServer (BaseHttpServer.java:updateConnectorAddress(329)) - HTTP server of hddsDatanode listening at http://0.0.0.0:40323
2022-08-10 09:23:01,277 [Listener at 127.0.0.1/35599] WARN  impl.MetricRegistriesImpl (MetricRegistriesImpl.java:addReporterRegistration(111)) - New reporters are added after registries were created. Some metrics will be missing from the reporter. Please add reporter before adding any new registry.
2022-08-10 09:23:01,277 [Listener at 127.0.0.1/35599] WARN  impl.MetricRegistriesImpl (MetricRegistriesImpl.java:addReporterRegistration(111)) - New reporters are added after registries were created. Some metrics will be missing from the reporter. Please add reporter before adding any new registry.
2022-08-10 09:23:01,277 [Listener at 127.0.0.1/35599] INFO  impl.MetricsSystemImpl (MetricsSystemImpl.java:init(158)) - HddsDatanode metrics system started (again)
2022-08-10 09:23:01,285 [Datanode State Machine Daemon Thread] INFO  statemachine.DatanodeStateMachine (DatanodeStateMachine.java:lambda$startDaemon$0(492)) - Ozone container server started.
2022-08-10 09:23:01,302 [Listener at 127.0.0.1/35599] INFO  ozone.HddsDatanodeService (HddsDatanodeService.java:start(236)) - HddsDatanodeService host:fv-az244-795.wfqk4h0zklwe5pzfvc0psazzwc.bx.internal.cloudapp.net ip:10.1.0.9
2022-08-10 09:23:01,336 [org.apache.hadoop.util.JvmPauseMonitor$Monitor@468c47e2] INFO  util.JvmPauseMonitor (JvmPauseMonitor.java:run(188)) - Starting JVM pause monitor
2022-08-10 09:23:01,341 [EndpointStateMachine task thread for /0.0.0.0:42301 - 0 ] INFO  ipc.Client (Client.java:handleConnectionFailure(977)) - Retrying connect to server: 0.0.0.0/0.0.0.0:42301. Already tried 10 time(s); retry policy is RetryUpToMaximumCountWithFixedSleep(maxRetries=15, sleepTime=1000 MILLISECONDS)
2022-08-10 09:23:01,344 [Datanode State Machine Task Thread - 0] INFO  datanode.InitDatanodeState (InitDatanodeState.java:persistContainerDatanodeDetails(138)) - DatanodeDetails is persisted to /home/runner/work/ozone/ozone/hadoop-ozone/integration-test/target/test-dir/MiniOzoneClusterImpl-2080ac2c-1c22-4300-b117-cc71631a0cfb/datanode-0/meta/datanode.id
2022-08-10 09:23:01,344 [Listener at 127.0.0.1/35599] INFO  upgrade.AbstractLayoutVersionManager (AbstractLayoutVersionManager.java:init(83)) - Initializing Layout version manager with metadata layout = DATANODE_SCHEMA_V3 (version = 4), software layout = DATANODE_SCHEMA_V3 (version = 4)
2022-08-10 09:23:01,446 [Listener at 127.0.0.1/35599] INFO  reflections.Reflections (Reflections.java:scan(232)) - Reflections took 101 ms to scan 7 urls, producing 132 keys and 321 values 
2022-08-10 09:23:01,449 [Listener at 127.0.0.1/35599] INFO  statemachine.DatanodeStateMachine (DatanodeStateMachine.java:getEndPointTaskThreadPoolSize(237)) - Datanode State Machine Task Thread Pool size 2
2022-08-10 09:23:01,451 [Listener at 127.0.0.1/35599] INFO  volume.HddsVolume (HddsVolume.java:<init>(116)) - Creating HddsVolume: /home/runner/work/ozone/ozone/hadoop-ozone/integration-test/target/test-dir/MiniOzoneClusterImpl-2080ac2c-1c22-4300-b117-cc71631a0cfb/datanode-1/data-0/containers/hdds of storage type : DISK capacity : 9223372036854775807
2022-08-10 09:23:01,451 [Listener at 127.0.0.1/35599] INFO  volume.MutableVolumeSet (MutableVolumeSet.java:initializeVolumeSet(174)) - Added Volume : /home/runner/work/ozone/ozone/hadoop-ozone/integration-test/target/test-dir/MiniOzoneClusterImpl-2080ac2c-1c22-4300-b117-cc71631a0cfb/datanode-1/data-0/containers/hdds to VolumeSet
2022-08-10 09:23:01,452 [Listener at 127.0.0.1/35599] INFO  volume.ThrottledAsyncChecker (ThrottledAsyncChecker.java:schedule(141)) - Scheduling a check for /home/runner/work/ozone/ozone/hadoop-ozone/integration-test/target/test-dir/MiniOzoneClusterImpl-2080ac2c-1c22-4300-b117-cc71631a0cfb/datanode-1/data-0/containers/hdds
2022-08-10 09:23:01,459 [Listener at 127.0.0.1/35599] INFO  volume.StorageVolumeChecker (StorageVolumeChecker.java:checkAllVolumes(202)) - Scheduled health check for volume /home/runner/work/ozone/ozone/hadoop-ozone/integration-test/target/test-dir/MiniOzoneClusterImpl-2080ac2c-1c22-4300-b117-cc71631a0cfb/datanode-1/data-0/containers/hdds
2022-08-10 09:23:01,475 [Listener at 127.0.0.1/35599] INFO  volume.MutableVolumeSet (MutableVolumeSet.java:initializeVolumeSet(174)) - Added Volume : /home/runner/work/ozone/ozone/hadoop-ozone/integration-test/target/test-dir/MiniOzoneClusterImpl-2080ac2c-1c22-4300-b117-cc71631a0cfb/datanode-1/data/ratis to VolumeSet
2022-08-10 09:23:01,475 [Listener at 127.0.0.1/35599] INFO  volume.ThrottledAsyncChecker (ThrottledAsyncChecker.java:schedule(141)) - Scheduling a check for /home/runner/work/ozone/ozone/hadoop-ozone/integration-test/target/test-dir/MiniOzoneClusterImpl-2080ac2c-1c22-4300-b117-cc71631a0cfb/datanode-1/data/ratis
2022-08-10 09:23:01,481 [Listener at 127.0.0.1/35599] INFO  volume.StorageVolumeChecker (StorageVolumeChecker.java:checkAllVolumes(202)) - Scheduled health check for volume /home/runner/work/ozone/ozone/hadoop-ozone/integration-test/target/test-dir/MiniOzoneClusterImpl-2080ac2c-1c22-4300-b117-cc71631a0cfb/datanode-1/data/ratis
2022-08-10 09:23:01,508 [Thread-1649] INFO  ozoneimpl.ContainerReader (ContainerReader.java:readVolume(175)) - Finish verifying containers on volume /home/runner/work/ozone/ozone/hadoop-ozone/integration-test/target/test-dir/MiniOzoneClusterImpl-2080ac2c-1c22-4300-b117-cc71631a0cfb/datanode-1/data-0/containers/hdds
2022-08-10 09:23:01,508 [Listener at 127.0.0.1/35599] INFO  ozoneimpl.OzoneContainer (OzoneContainer.java:buildContainerSet(299)) - Build ContainerSet costs 0s
2022-08-10 09:23:01,515 [Listener at 127.0.0.1/35599] INFO  server.RaftServer (ConfUtils.java:logGet(46)) - raft.rpc.type = GRPC (default)
2022-08-10 09:23:01,515 [Listener at 127.0.0.1/35599] INFO  grpc.GrpcFactory (GrpcFactory.java:checkPooledByteBufAllocatorUseCacheForAllThreads(48)) - PERFORMANCE WARNING: useCacheForAllThreads is true that may cause Netty to create a lot garbage objects and, as a result, trigger GC.
	It is recommended to disable useCacheForAllThreads by setting -Dorg.apache.ratis.thirdparty.io.netty.allocator.useCacheForAllThreads=false in command line.
2022-08-10 09:23:01,515 [Listener at 127.0.0.1/35599] INFO  grpc.GrpcConfigKeys (ConfUtils.java:logGet(46)) - raft.grpc.admin.port = 0 (custom)
2022-08-10 09:23:01,515 [Listener at 127.0.0.1/35599] INFO  grpc.GrpcConfigKeys (ConfUtils.java:logGet(46)) - raft.grpc.client.port = 0 (custom)
2022-08-10 09:23:01,515 [Listener at 127.0.0.1/35599] INFO  grpc.GrpcConfigKeys (ConfUtils.java:logGet(46)) - raft.grpc.server.port = 0 (default)
2022-08-10 09:23:01,516 [Listener at 127.0.0.1/35599] INFO  server.GrpcService (ConfUtils.java:logGet(46)) - raft.grpc.message.size.max = 32MB (=33554432) (custom)
2022-08-10 09:23:01,516 [Listener at 127.0.0.1/35599] INFO  server.RaftServerConfigKeys (ConfUtils.java:logGet(46)) - raft.server.log.appender.buffer.byte-limit = 33554432 (custom)
2022-08-10 09:23:01,516 [Listener at 127.0.0.1/35599] INFO  server.GrpcService (ConfUtils.java:logGet(46)) - raft.grpc.flow.control.window = 5MB (=5242880) (custom)
2022-08-10 09:23:01,516 [Listener at 127.0.0.1/35599] INFO  server.RaftServerConfigKeys (ConfUtils.java:logGet(46)) - raft.server.rpc.request.timeout = 60s (custom)
2022-08-10 09:23:01,516 [Listener at 127.0.0.1/35599] INFO  grpc.GrpcConfigKeys (ConfUtils.java:logGet(46)) - raft.grpc.server.async.request.thread.pool.cached = true (default)
2022-08-10 09:23:01,516 [Listener at 127.0.0.1/35599] INFO  grpc.GrpcConfigKeys (ConfUtils.java:logGet(46)) - raft.grpc.server.async.request.thread.pool.size = 32 (default)
2022-08-10 09:23:01,518 [Listener at 127.0.0.1/35599] INFO  impl.DataStreamServerImpl (ConfUtils.java:logGet(46)) - raft.datastream.type = DISABLED (default)
2022-08-10 09:23:01,518 [Listener at 127.0.0.1/35599] INFO  server.RaftServerConfigKeys (ConfUtils.java:logGet(46)) - raft.server.threadpool.proxy.cached = true (default)
2022-08-10 09:23:01,518 [Listener at 127.0.0.1/35599] INFO  server.RaftServerConfigKeys (ConfUtils.java:logGet(46)) - raft.server.threadpool.proxy.size = 0 (default)
2022-08-10 09:23:01,518 [Listener at 127.0.0.1/35599] INFO  server.RaftServerConfigKeys (ConfUtils.java:logGet(46)) - raft.server.rpc.slowness.timeout = 300s (custom)
2022-08-10 09:23:01,518 [Listener at 127.0.0.1/35599] INFO  server.RaftServerConfigKeys (ConfUtils.java:logGet(46)) - raft.server.leaderelection.leader.step-down.wait-time = 10s (default)
2022-08-10 09:23:01,519 [Listener at 127.0.0.1/35599] INFO  server.RaftServerConfigKeys (ConfUtils.java:logGet(46)) - raft.server.storage.dir = [/home/runner/work/ozone/ozone/hadoop-ozone/integration-test/target/test-dir/MiniOzoneClusterImpl-2080ac2c-1c22-4300-b117-cc71631a0cfb/datanode-1/data/ratis] (custom)
2022-08-10 09:23:01,525 [Listener at 127.0.0.1/35599] INFO  server.XceiverServerGrpc (XceiverServerGrpc.java:<init>(132)) - GrpcServer channel type EpollServerSocketChannel
2022-08-10 09:23:01,532 [Listener at 127.0.0.1/35599] INFO  http.BaseHttpServer (BaseHttpServer.java:newHttpServer2BuilderForOzone(209)) - Starting Web-server for hddsDatanode at: http://0.0.0.0:0
2022-08-10 09:23:01,533 [Listener at 127.0.0.1/35599] INFO  http.BaseHttpServer (BaseHttpServer.java:<init>(107)) - Hadoop Security Enabled: false Ozone Security Enabled: false Ozone HTTP Security Enabled: false 
2022-08-10 09:23:01,534 [Listener at 127.0.0.1/35599] INFO  server.AuthenticationFilter (AuthenticationFilter.java:constructSecretProvider(240)) - Unable to initialize FileSignerSecretProvider, falling back to use random secrets.
2022-08-10 09:23:01,541 [Listener at 127.0.0.1/35599] WARN  http.HttpRequestLog (HttpRequestLog.java:getRequestLog(103)) - Jetty request log can only be enabled using Log4j
2022-08-10 09:23:01,544 [Listener at 127.0.0.1/35599] INFO  http.HttpServer2 (HttpServer2.java:addGlobalFilter(1029)) - Added global filter 'safety' (class=org.apache.hadoop.hdds.server.http.HttpServer2$QuotingInputFilter)
2022-08-10 09:23:01,545 [Listener at 127.0.0.1/35599] INFO  http.HttpServer2 (HttpServer2.java:addFilter(1005)) - Added filter static_user_filter (class=org.apache.hadoop.http.lib.StaticUserWebFilter$StaticUserFilter) to context hddsDatanode
2022-08-10 09:23:01,545 [Listener at 127.0.0.1/35599] INFO  http.HttpServer2 (HttpServer2.java:addFilter(1013)) - Added filter static_user_filter (class=org.apache.hadoop.http.lib.StaticUserWebFilter$StaticUserFilter) to context logs
2022-08-10 09:23:01,545 [Listener at 127.0.0.1/35599] INFO  http.HttpServer2 (HttpServer2.java:addFilter(1013)) - Added filter static_user_filter (class=org.apache.hadoop.http.lib.StaticUserWebFilter$StaticUserFilter) to context static
2022-08-10 09:23:01,546 [Listener at 127.0.0.1/35599] INFO  http.HttpServer2 (HttpServer2.java:bindListener(1248)) - Jetty bound to port 46731
2022-08-10 09:23:01,546 [Listener at 127.0.0.1/35599] INFO  server.Server (Server.java:doStart(375)) - jetty-9.4.43.v20210629; built: 2021-06-30T11:07:22.254Z; git: 526006ecfa3af7f1a27ef3a288e2bef7ea9dd7e8; jvm 1.8.0_332-b09
2022-08-10 09:23:01,566 [Listener at 127.0.0.1/35599] INFO  server.session (DefaultSessionIdManager.java:doStart(334)) - DefaultSessionIdManager workerName=node0
2022-08-10 09:23:01,566 [Listener at 127.0.0.1/35599] INFO  server.session (DefaultSessionIdManager.java:doStart(339)) - No SessionScavenger set, using defaults
2022-08-10 09:23:01,567 [Listener at 127.0.0.1/35599] INFO  server.session (HouseKeeper.java:startScavenging(132)) - node0 Scavenging every 600000ms
2022-08-10 09:23:01,568 [Listener at 127.0.0.1/35599] INFO  handler.ContextHandler (ContextHandler.java:doStart(915)) - Started o.e.j.s.ServletContextHandler@4f092b49{logs,/logs,file:///home/runner/work/ozone/ozone/hadoop-ozone/integration-test/target/log,AVAILABLE}
2022-08-10 09:23:01,568 [Listener at 127.0.0.1/35599] INFO  handler.ContextHandler (ContextHandler.java:doStart(915)) - Started o.e.j.s.ServletContextHandler@3188a6df{static,/static,jar:file:/home/runner/.m2/repository/org/apache/ozone/hdds-container-service/1.3.0-SNAPSHOT/hdds-container-service-1.3.0-SNAPSHOT.jar!/webapps/static,AVAILABLE}
2022-08-10 09:23:01,956 [Listener at 127.0.0.1/35599] INFO  handler.ContextHandler (ContextHandler.java:doStart(915)) - Started o.e.j.w.WebAppContext@76366c2f{hddsDatanode,/,file:///tmp/jetty-0_0_0_0-46731-hdds-container-service-1_3_0-SNAPSHOT_jar-_-any-331068071899614010/webapp/,AVAILABLE}{jar:file:/home/runner/.m2/repository/org/apache/ozone/hdds-container-service/1.3.0-SNAPSHOT/hdds-container-service-1.3.0-SNAPSHOT.jar!/webapps/hddsDatanode}
2022-08-10 09:23:01,959 [Listener at 127.0.0.1/35599] INFO  server.AbstractConnector (AbstractConnector.java:doStart(331)) - Started ServerConnector@17c523e2{HTTP/1.1, (http/1.1)}{0.0.0.0:46731}
2022-08-10 09:23:01,959 [Listener at 127.0.0.1/35599] INFO  server.Server (Server.java:doStart(415)) - Started @109409ms
2022-08-10 09:23:01,959 [Listener at 127.0.0.1/35599] WARN  impl.MetricsSystemImpl (MetricsSystemImpl.java:register(279)) - Sink prometheus already exists!
2022-08-10 09:23:01,960 [Listener at 127.0.0.1/35599] INFO  http.BaseHttpServer (BaseHttpServer.java:updateConnectorAddress(329)) - HTTP server of hddsDatanode listening at http://0.0.0.0:46731
2022-08-10 09:23:01,968 [Listener at 127.0.0.1/35599] WARN  impl.MetricRegistriesImpl (MetricRegistriesImpl.java:addReporterRegistration(111)) - New reporters are added after registries were created. Some metrics will be missing from the reporter. Please add reporter before adding any new registry.
2022-08-10 09:23:01,968 [Listener at 127.0.0.1/35599] WARN  impl.MetricRegistriesImpl (MetricRegistriesImpl.java:addReporterRegistration(111)) - New reporters are added after registries were created. Some metrics will be missing from the reporter. Please add reporter before adding any new registry.
2022-08-10 09:23:01,968 [Listener at 127.0.0.1/35599] INFO  impl.MetricsSystemImpl (MetricsSystemImpl.java:init(158)) - HddsDatanode metrics system started (again)
2022-08-10 09:23:01,977 [Datanode State Machine Daemon Thread] INFO  statemachine.DatanodeStateMachine (DatanodeStateMachine.java:lambda$startDaemon$0(492)) - Ozone container server started.
2022-08-10 09:23:01,991 [org.apache.hadoop.util.JvmPauseMonitor$Monitor@4ee8c48] INFO  util.JvmPauseMonitor (JvmPauseMonitor.java:run(188)) - Starting JVM pause monitor
2022-08-10 09:23:02,000 [Listener at 127.0.0.1/35599] INFO  ozone.HddsDatanodeService (HddsDatanodeService.java:start(236)) - HddsDatanodeService host:fv-az244-795.wfqk4h0zklwe5pzfvc0psazzwc.bx.internal.cloudapp.net ip:10.1.0.9
2022-08-10 09:23:02,019 [Finalizer] WARN  managed.ManagedRocksObjectUtils (ManagedRocksObjectUtils.java:assertClosed(39)) - ManagedColumnFamilyOptions is not closed properly
2022-08-10 09:23:02,019 [Finalizer] WARN  managed.ManagedRocksObjectUtils (ManagedRocksObjectUtils.java:assertClosed(39)) - ManagedColumnFamilyOptions is not closed properly
2022-08-10 09:23:02,019 [Finalizer] WARN  managed.ManagedRocksObjectUtils (ManagedRocksObjectUtils.java:assertClosed(39)) - ManagedColumnFamilyOptions is not closed properly
2022-08-10 09:23:02,019 [Finalizer] WARN  managed.ManagedRocksObjectUtils (ManagedRocksObjectUtils.java:assertClosed(39)) - ManagedColumnFamilyOptions is not closed properly
2022-08-10 09:23:02,021 [Datanode State Machine Task Thread - 0] INFO  datanode.InitDatanodeState (InitDatanodeState.java:persistContainerDatanodeDetails(138)) - DatanodeDetails is persisted to /home/runner/work/ozone/ozone/hadoop-ozone/integration-test/target/test-dir/MiniOzoneClusterImpl-2080ac2c-1c22-4300-b117-cc71631a0cfb/datanode-1/meta/datanode.id
2022-08-10 09:23:02,026 [Finalizer] WARN  managed.ManagedRocksObjectUtils (ManagedRocksObjectUtils.java:assertClosed(39)) - ManagedColumnFamilyOptions is not closed properly
2022-08-10 09:23:02,026 [Finalizer] WARN  managed.ManagedRocksObjectUtils (ManagedRocksObjectUtils.java:assertClosed(39)) - ManagedColumnFamilyOptions is not closed properly
2022-08-10 09:23:02,026 [Finalizer] WARN  managed.ManagedRocksObjectUtils (ManagedRocksObjectUtils.java:assertClosed(39)) - ManagedColumnFamilyOptions is not closed properly
2022-08-10 09:23:02,026 [Finalizer] WARN  managed.ManagedRocksObjectUtils (ManagedRocksObjectUtils.java:assertClosed(39)) - ManagedColumnFamilyOptions is not closed properly
2022-08-10 09:23:02,058 [Listener at 127.0.0.1/35599] INFO  upgrade.AbstractLayoutVersionManager (AbstractLayoutVersionManager.java:init(83)) - Initializing Layout version manager with metadata layout = DATANODE_SCHEMA_V3 (version = 4), software layout = DATANODE_SCHEMA_V3 (version = 4)
2022-08-10 09:23:02,151 [Listener at 127.0.0.1/35599] INFO  reflections.Reflections (Reflections.java:scan(232)) - Reflections took 92 ms to scan 7 urls, producing 132 keys and 321 values 
2022-08-10 09:23:02,153 [Listener at 127.0.0.1/35599] INFO  statemachine.DatanodeStateMachine (DatanodeStateMachine.java:getEndPointTaskThreadPoolSize(237)) - Datanode State Machine Task Thread Pool size 2
2022-08-10 09:23:02,154 [Listener at 127.0.0.1/35599] INFO  volume.HddsVolume (HddsVolume.java:<init>(116)) - Creating HddsVolume: /home/runner/work/ozone/ozone/hadoop-ozone/integration-test/target/test-dir/MiniOzoneClusterImpl-2080ac2c-1c22-4300-b117-cc71631a0cfb/datanode-2/data-0/containers/hdds of storage type : DISK capacity : 9223372036854775807
2022-08-10 09:23:02,155 [Listener at 127.0.0.1/35599] INFO  volume.MutableVolumeSet (MutableVolumeSet.java:initializeVolumeSet(174)) - Added Volume : /home/runner/work/ozone/ozone/hadoop-ozone/integration-test/target/test-dir/MiniOzoneClusterImpl-2080ac2c-1c22-4300-b117-cc71631a0cfb/datanode-2/data-0/containers/hdds to VolumeSet
2022-08-10 09:23:02,155 [Listener at 127.0.0.1/35599] INFO  volume.ThrottledAsyncChecker (ThrottledAsyncChecker.java:schedule(141)) - Scheduling a check for /home/runner/work/ozone/ozone/hadoop-ozone/integration-test/target/test-dir/MiniOzoneClusterImpl-2080ac2c-1c22-4300-b117-cc71631a0cfb/datanode-2/data-0/containers/hdds
2022-08-10 09:23:02,173 [Listener at 127.0.0.1/35599] INFO  volume.StorageVolumeChecker (StorageVolumeChecker.java:checkAllVolumes(202)) - Scheduled health check for volume /home/runner/work/ozone/ozone/hadoop-ozone/integration-test/target/test-dir/MiniOzoneClusterImpl-2080ac2c-1c22-4300-b117-cc71631a0cfb/datanode-2/data-0/containers/hdds
2022-08-10 09:23:02,201 [Listener at 127.0.0.1/35599] INFO  volume.MutableVolumeSet (MutableVolumeSet.java:initializeVolumeSet(174)) - Added Volume : /home/runner/work/ozone/ozone/hadoop-ozone/integration-test/target/test-dir/MiniOzoneClusterImpl-2080ac2c-1c22-4300-b117-cc71631a0cfb/datanode-2/data/ratis to VolumeSet
2022-08-10 09:23:02,201 [Listener at 127.0.0.1/35599] INFO  volume.ThrottledAsyncChecker (ThrottledAsyncChecker.java:schedule(141)) - Scheduling a check for /home/runner/work/ozone/ozone/hadoop-ozone/integration-test/target/test-dir/MiniOzoneClusterImpl-2080ac2c-1c22-4300-b117-cc71631a0cfb/datanode-2/data/ratis
2022-08-10 09:23:02,204 [Listener at 127.0.0.1/35599] INFO  volume.StorageVolumeChecker (StorageVolumeChecker.java:checkAllVolumes(202)) - Scheduled health check for volume /home/runner/work/ozone/ozone/hadoop-ozone/integration-test/target/test-dir/MiniOzoneClusterImpl-2080ac2c-1c22-4300-b117-cc71631a0cfb/datanode-2/data/ratis
2022-08-10 09:23:02,252 [Thread-1665] INFO  ozoneimpl.ContainerReader (ContainerReader.java:readVolume(175)) - Finish verifying containers on volume /home/runner/work/ozone/ozone/hadoop-ozone/integration-test/target/test-dir/MiniOzoneClusterImpl-2080ac2c-1c22-4300-b117-cc71631a0cfb/datanode-2/data-0/containers/hdds
2022-08-10 09:23:02,253 [Listener at 127.0.0.1/35599] INFO  ozoneimpl.OzoneContainer (OzoneContainer.java:buildContainerSet(299)) - Build ContainerSet costs 0s
2022-08-10 09:23:02,256 [Listener at 127.0.0.1/35599] INFO  server.RaftServer (ConfUtils.java:logGet(46)) - raft.rpc.type = GRPC (default)
2022-08-10 09:23:02,256 [Listener at 127.0.0.1/35599] INFO  grpc.GrpcFactory (GrpcFactory.java:checkPooledByteBufAllocatorUseCacheForAllThreads(48)) - PERFORMANCE WARNING: useCacheForAllThreads is true that may cause Netty to create a lot garbage objects and, as a result, trigger GC.
	It is recommended to disable useCacheForAllThreads by setting -Dorg.apache.ratis.thirdparty.io.netty.allocator.useCacheForAllThreads=false in command line.
2022-08-10 09:23:02,256 [Listener at 127.0.0.1/35599] INFO  grpc.GrpcConfigKeys (ConfUtils.java:logGet(46)) - raft.grpc.admin.port = 0 (custom)
2022-08-10 09:23:02,257 [Listener at 127.0.0.1/35599] INFO  grpc.GrpcConfigKeys (ConfUtils.java:logGet(46)) - raft.grpc.client.port = 0 (custom)
2022-08-10 09:23:02,257 [Listener at 127.0.0.1/35599] INFO  grpc.GrpcConfigKeys (ConfUtils.java:logGet(46)) - raft.grpc.server.port = 0 (default)
2022-08-10 09:23:02,257 [Listener at 127.0.0.1/35599] INFO  server.GrpcService (ConfUtils.java:logGet(46)) - raft.grpc.message.size.max = 32MB (=33554432) (custom)
2022-08-10 09:23:02,257 [Listener at 127.0.0.1/35599] INFO  server.RaftServerConfigKeys (ConfUtils.java:logGet(46)) - raft.server.log.appender.buffer.byte-limit = 33554432 (custom)
2022-08-10 09:23:02,258 [Listener at 127.0.0.1/35599] INFO  server.GrpcService (ConfUtils.java:logGet(46)) - raft.grpc.flow.control.window = 5MB (=5242880) (custom)
2022-08-10 09:23:02,258 [Listener at 127.0.0.1/35599] INFO  server.RaftServerConfigKeys (ConfUtils.java:logGet(46)) - raft.server.rpc.request.timeout = 60s (custom)
2022-08-10 09:23:02,258 [Listener at 127.0.0.1/35599] INFO  grpc.GrpcConfigKeys (ConfUtils.java:logGet(46)) - raft.grpc.server.async.request.thread.pool.cached = true (default)
2022-08-10 09:23:02,258 [Listener at 127.0.0.1/35599] INFO  grpc.GrpcConfigKeys (ConfUtils.java:logGet(46)) - raft.grpc.server.async.request.thread.pool.size = 32 (default)
2022-08-10 09:23:02,268 [Listener at 127.0.0.1/35599] INFO  impl.DataStreamServerImpl (ConfUtils.java:logGet(46)) - raft.datastream.type = DISABLED (default)
2022-08-10 09:23:02,268 [Listener at 127.0.0.1/35599] INFO  server.RaftServerConfigKeys (ConfUtils.java:logGet(46)) - raft.server.threadpool.proxy.cached = true (default)
2022-08-10 09:23:02,269 [Listener at 127.0.0.1/35599] INFO  server.RaftServerConfigKeys (ConfUtils.java:logGet(46)) - raft.server.threadpool.proxy.size = 0 (default)
2022-08-10 09:23:02,269 [Listener at 127.0.0.1/35599] INFO  server.RaftServerConfigKeys (ConfUtils.java:logGet(46)) - raft.server.rpc.slowness.timeout = 300s (custom)
2022-08-10 09:23:02,269 [Listener at 127.0.0.1/35599] INFO  server.RaftServerConfigKeys (ConfUtils.java:logGet(46)) - raft.server.leaderelection.leader.step-down.wait-time = 10s (default)
2022-08-10 09:23:02,269 [Listener at 127.0.0.1/35599] INFO  server.RaftServerConfigKeys (ConfUtils.java:logGet(46)) - raft.server.storage.dir = [/home/runner/work/ozone/ozone/hadoop-ozone/integration-test/target/test-dir/MiniOzoneClusterImpl-2080ac2c-1c22-4300-b117-cc71631a0cfb/datanode-2/data/ratis] (custom)
2022-08-10 09:23:02,284 [Listener at 127.0.0.1/35599] INFO  server.XceiverServerGrpc (XceiverServerGrpc.java:<init>(132)) - GrpcServer channel type EpollServerSocketChannel
2022-08-10 09:23:02,300 [Listener at 127.0.0.1/35599] INFO  http.BaseHttpServer (BaseHttpServer.java:newHttpServer2BuilderForOzone(209)) - Starting Web-server for hddsDatanode at: http://0.0.0.0:0
2022-08-10 09:23:02,301 [Listener at 127.0.0.1/35599] INFO  http.BaseHttpServer (BaseHttpServer.java:<init>(107)) - Hadoop Security Enabled: false Ozone Security Enabled: false Ozone HTTP Security Enabled: false 
2022-08-10 09:23:02,302 [Listener at 127.0.0.1/35599] INFO  server.AuthenticationFilter (AuthenticationFilter.java:constructSecretProvider(240)) - Unable to initialize FileSignerSecretProvider, falling back to use random secrets.
2022-08-10 09:23:02,308 [Listener at 127.0.0.1/35599] WARN  http.HttpRequestLog (HttpRequestLog.java:getRequestLog(103)) - Jetty request log can only be enabled using Log4j
2022-08-10 09:23:02,310 [Listener at 127.0.0.1/35599] INFO  http.HttpServer2 (HttpServer2.java:addGlobalFilter(1029)) - Added global filter 'safety' (class=org.apache.hadoop.hdds.server.http.HttpServer2$QuotingInputFilter)
2022-08-10 09:23:02,310 [Listener at 127.0.0.1/35599] INFO  http.HttpServer2 (HttpServer2.java:addFilter(1005)) - Added filter static_user_filter (class=org.apache.hadoop.http.lib.StaticUserWebFilter$StaticUserFilter) to context hddsDatanode
2022-08-10 09:23:02,311 [Listener at 127.0.0.1/35599] INFO  http.HttpServer2 (HttpServer2.java:addFilter(1013)) - Added filter static_user_filter (class=org.apache.hadoop.http.lib.StaticUserWebFilter$StaticUserFilter) to context static
2022-08-10 09:23:02,311 [Listener at 127.0.0.1/35599] INFO  http.HttpServer2 (HttpServer2.java:addFilter(1013)) - Added filter static_user_filter (class=org.apache.hadoop.http.lib.StaticUserWebFilter$StaticUserFilter) to context logs
2022-08-10 09:23:02,312 [Listener at 127.0.0.1/35599] INFO  http.HttpServer2 (HttpServer2.java:bindListener(1248)) - Jetty bound to port 36051
2022-08-10 09:23:02,312 [Listener at 127.0.0.1/35599] INFO  server.Server (Server.java:doStart(375)) - jetty-9.4.43.v20210629; built: 2021-06-30T11:07:22.254Z; git: 526006ecfa3af7f1a27ef3a288e2bef7ea9dd7e8; jvm 1.8.0_332-b09
2022-08-10 09:23:02,342 [EndpointStateMachine task thread for /0.0.0.0:42301 - 0 ] INFO  ipc.Client (Client.java:handleConnectionFailure(977)) - Retrying connect to server: 0.0.0.0/0.0.0.0:42301. Already tried 11 time(s); retry policy is RetryUpToMaximumCountWithFixedSleep(maxRetries=15, sleepTime=1000 MILLISECONDS)
2022-08-10 09:23:02,362 [Listener at 127.0.0.1/35599] INFO  server.session (DefaultSessionIdManager.java:doStart(334)) - DefaultSessionIdManager workerName=node0
2022-08-10 09:23:02,362 [Listener at 127.0.0.1/35599] INFO  server.session (DefaultSessionIdManager.java:doStart(339)) - No SessionScavenger set, using defaults
2022-08-10 09:23:02,362 [Listener at 127.0.0.1/35599] INFO  server.session (HouseKeeper.java:startScavenging(132)) - node0 Scavenging every 660000ms
2022-08-10 09:23:02,367 [Listener at 127.0.0.1/35599] INFO  handler.ContextHandler (ContextHandler.java:doStart(915)) - Started o.e.j.s.ServletContextHandler@d383a77{logs,/logs,file:///home/runner/work/ozone/ozone/hadoop-ozone/integration-test/target/log,AVAILABLE}
2022-08-10 09:23:02,368 [Listener at 127.0.0.1/35599] INFO  handler.ContextHandler (ContextHandler.java:doStart(915)) - Started o.e.j.s.ServletContextHandler@1755c311{static,/static,jar:file:/home/runner/.m2/repository/org/apache/ozone/hdds-container-service/1.3.0-SNAPSHOT/hdds-container-service-1.3.0-SNAPSHOT.jar!/webapps/static,AVAILABLE}
2022-08-10 09:23:02,879 [Listener at 127.0.0.1/35599] INFO  handler.ContextHandler (ContextHandler.java:doStart(915)) - Started o.e.j.w.WebAppContext@6c299dcd{hddsDatanode,/,file:///tmp/jetty-0_0_0_0-36051-hdds-container-service-1_3_0-SNAPSHOT_jar-_-any-6185387955175271316/webapp/,AVAILABLE}{jar:file:/home/runner/.m2/repository/org/apache/ozone/hdds-container-service/1.3.0-SNAPSHOT/hdds-container-service-1.3.0-SNAPSHOT.jar!/webapps/hddsDatanode}
2022-08-10 09:23:02,887 [Listener at 127.0.0.1/35599] INFO  server.AbstractConnector (AbstractConnector.java:doStart(331)) - Started ServerConnector@482549c0{HTTP/1.1, (http/1.1)}{0.0.0.0:36051}
2022-08-10 09:23:02,888 [Listener at 127.0.0.1/35599] INFO  server.Server (Server.java:doStart(415)) - Started @110337ms
2022-08-10 09:23:02,888 [Listener at 127.0.0.1/35599] WARN  impl.MetricsSystemImpl (MetricsSystemImpl.java:register(279)) - Sink prometheus already exists!
2022-08-10 09:23:02,891 [Listener at 127.0.0.1/35599] INFO  http.BaseHttpServer (BaseHttpServer.java:updateConnectorAddress(329)) - HTTP server of hddsDatanode listening at http://0.0.0.0:36051
2022-08-10 09:23:02,901 [Listener at 127.0.0.1/35599] INFO  ozone.MiniOzoneClusterImpl (MiniOzoneClusterImpl.java:lambda$waitForClusterToBeReady$0(216)) - Waiting for nodes to be ready. Got 0 of 3 DN Heartbeats.
2022-08-10 09:23:02,901 [Listener at 127.0.0.1/35599] INFO  ozone.MiniOzoneClusterImpl (MiniOzoneClusterImpl.java:lambda$waitForClusterToBeReady$0(219)) - Waiting for cluster to exit safe mode
2022-08-10 09:23:02,902 [Listener at 127.0.0.1/35599] INFO  ozone.MiniOzoneClusterImpl (MiniOzoneClusterImpl.java:lambda$waitForClusterToBeReady$0(221)) - SCM became leader
2022-08-10 09:23:02,904 [Datanode State Machine Daemon Thread] INFO  statemachine.DatanodeStateMachine (DatanodeStateMachine.java:lambda$startDaemon$0(492)) - Ozone container server started.
2022-08-10 09:23:02,957 [org.apache.hadoop.util.JvmPauseMonitor$Monitor@45b336ae] INFO  util.JvmPauseMonitor (JvmPauseMonitor.java:run(188)) - Starting JVM pause monitor
2022-08-10 09:23:02,971 [Datanode State Machine Task Thread - 0] INFO  datanode.InitDatanodeState (InitDatanodeState.java:persistContainerDatanodeDetails(138)) - DatanodeDetails is persisted to /home/runner/work/ozone/ozone/hadoop-ozone/integration-test/target/test-dir/MiniOzoneClusterImpl-2080ac2c-1c22-4300-b117-cc71631a0cfb/datanode-2/meta/datanode.id
2022-08-10 09:23:03,342 [EndpointStateMachine task thread for /0.0.0.0:42301 - 0 ] INFO  ipc.Client (Client.java:handleConnectionFailure(977)) - Retrying connect to server: 0.0.0.0/0.0.0.0:42301. Already tried 12 time(s); retry policy is RetryUpToMaximumCountWithFixedSleep(maxRetries=15, sleepTime=1000 MILLISECONDS)
2022-08-10 09:23:03,414 [EndpointStateMachine task thread for /0.0.0.0:35227 - 0 ] INFO  volume.HddsVolume (HddsVolume.java:createDbStore(309)) - SchemaV3 db is created and loaded at /home/runner/work/ozone/ozone/hadoop-ozone/integration-test/target/test-dir/MiniOzoneClusterImpl-2080ac2c-1c22-4300-b117-cc71631a0cfb/datanode-0/data-0/containers/hdds/2080ac2c-1c22-4300-b117-cc71631a0cfb/DS-8a65313d-0558-4850-b263-ab1a117095f9/container.db for volume DS-8a65313d-0558-4850-b263-ab1a117095f9
2022-08-10 09:23:03,417 [EndpointStateMachine task thread for /0.0.0.0:35227 - 0 ] INFO  volume.HddsVolume (HddsVolume.java:closeDbStore(340)) - SchemaV3 db is stopped at /home/runner/work/ozone/ozone/hadoop-ozone/integration-test/target/test-dir/MiniOzoneClusterImpl-2080ac2c-1c22-4300-b117-cc71631a0cfb/datanode-0/data-0/containers/hdds/2080ac2c-1c22-4300-b117-cc71631a0cfb/DS-8a65313d-0558-4850-b263-ab1a117095f9/container.db for volume DS-8a65313d-0558-4850-b263-ab1a117095f9
2022-08-10 09:23:03,417 [EndpointStateMachine task thread for /0.0.0.0:35227 - 0 ] INFO  ozoneimpl.OzoneContainer (OzoneContainer.java:start(377)) - Attempting to start container services.
2022-08-10 09:23:03,417 [EndpointStateMachine task thread for /0.0.0.0:35227 - 0 ] INFO  ozoneimpl.OzoneContainer (OzoneContainer.java:startContainerScrub(312)) - Background container scanner has been disabled.
2022-08-10 09:23:03,422 [EndpointStateMachine task thread for /0.0.0.0:35227 - 0 ] INFO  replication.ReplicationServer (ReplicationServer.java:start(111)) - ReplicationServer is started using port 33269
2022-08-10 09:23:03,428 [EndpointStateMachine task thread for /0.0.0.0:35227 - 0 ] INFO  ratis.XceiverServerRatis (XceiverServerRatis.java:start(481)) - Starting XceiverServerRatis e06c7883-c7a0-4496-b519-f5e79e748d82
2022-08-10 09:23:03,445 [EndpointStateMachine task thread for /0.0.0.0:35227 - 0 ] INFO  server.RaftServer (RaftServerProxy.java:lambda$start$6(382)) - e06c7883-c7a0-4496-b519-f5e79e748d82: start RPC server
2022-08-10 09:23:03,450 [EndpointStateMachine task thread for /0.0.0.0:35227 - 0 ] INFO  server.GrpcService (GrpcService.java:startImpl(260)) - e06c7883-c7a0-4496-b519-f5e79e748d82: GrpcService started, listening on 34055
2022-08-10 09:23:03,450 [EndpointStateMachine task thread for /0.0.0.0:35227 - 0 ] INFO  ratis.XceiverServerRatis (XceiverServerRatis.java:getRealPort(502)) - XceiverServerRatis e06c7883-c7a0-4496-b519-f5e79e748d82 is started using port 34055 for RATIS
2022-08-10 09:23:03,450 [EndpointStateMachine task thread for /0.0.0.0:35227 - 0 ] INFO  ratis.XceiverServerRatis (XceiverServerRatis.java:getRealPort(502)) - XceiverServerRatis e06c7883-c7a0-4496-b519-f5e79e748d82 is started using port 34055 for RATIS_ADMIN
2022-08-10 09:23:03,450 [EndpointStateMachine task thread for /0.0.0.0:35227 - 0 ] INFO  ratis.XceiverServerRatis (XceiverServerRatis.java:getRealPort(502)) - XceiverServerRatis e06c7883-c7a0-4496-b519-f5e79e748d82 is started using port 34055 for RATIS_SERVER
2022-08-10 09:23:03,451 [org.apache.ratis.util.JvmPauseMonitor$$Lambda$696/1259104175@657abe36] INFO  util.JvmPauseMonitor (JvmPauseMonitor.java:run(103)) - JvmPauseMonitor-e06c7883-c7a0-4496-b519-f5e79e748d82: Started
2022-08-10 09:23:03,457 [EndpointStateMachine task thread for /0.0.0.0:35227 - 0 ] INFO  server.XceiverServerGrpc (XceiverServerGrpc.java:start(180)) - XceiverServerGrpc e06c7883-c7a0-4496-b519-f5e79e748d82 is started using port 34313
2022-08-10 09:23:03,902 [Listener at 127.0.0.1/35599] INFO  ozone.MiniOzoneClusterImpl (MiniOzoneClusterImpl.java:lambda$waitForClusterToBeReady$0(216)) - Waiting for nodes to be ready. Got 0 of 3 DN Heartbeats.
2022-08-10 09:23:03,902 [Listener at 127.0.0.1/35599] INFO  ozone.MiniOzoneClusterImpl (MiniOzoneClusterImpl.java:lambda$waitForClusterToBeReady$0(219)) - Waiting for cluster to exit safe mode
2022-08-10 09:23:03,902 [Listener at 127.0.0.1/35599] INFO  ozone.MiniOzoneClusterImpl (MiniOzoneClusterImpl.java:lambda$waitForClusterToBeReady$0(221)) - SCM became leader
2022-08-10 09:23:04,062 [EndpointStateMachine task thread for /0.0.0.0:35227 - 0 ] INFO  volume.HddsVolume (HddsVolume.java:createDbStore(309)) - SchemaV3 db is created and loaded at /home/runner/work/ozone/ozone/hadoop-ozone/integration-test/target/test-dir/MiniOzoneClusterImpl-2080ac2c-1c22-4300-b117-cc71631a0cfb/datanode-1/data-0/containers/hdds/2080ac2c-1c22-4300-b117-cc71631a0cfb/DS-34857265-a7a1-4ab5-b40a-5bece3f05ad5/container.db for volume DS-34857265-a7a1-4ab5-b40a-5bece3f05ad5
2022-08-10 09:23:04,062 [EndpointStateMachine task thread for /0.0.0.0:35227 - 0 ] INFO  volume.HddsVolume (HddsVolume.java:closeDbStore(340)) - SchemaV3 db is stopped at /home/runner/work/ozone/ozone/hadoop-ozone/integration-test/target/test-dir/MiniOzoneClusterImpl-2080ac2c-1c22-4300-b117-cc71631a0cfb/datanode-1/data-0/containers/hdds/2080ac2c-1c22-4300-b117-cc71631a0cfb/DS-34857265-a7a1-4ab5-b40a-5bece3f05ad5/container.db for volume DS-34857265-a7a1-4ab5-b40a-5bece3f05ad5
2022-08-10 09:23:04,063 [EndpointStateMachine task thread for /0.0.0.0:35227 - 0 ] INFO  ozoneimpl.OzoneContainer (OzoneContainer.java:start(377)) - Attempting to start container services.
2022-08-10 09:23:04,063 [EndpointStateMachine task thread for /0.0.0.0:35227 - 0 ] INFO  ozoneimpl.OzoneContainer (OzoneContainer.java:startContainerScrub(312)) - Background container scanner has been disabled.
2022-08-10 09:23:04,071 [EndpointStateMachine task thread for /0.0.0.0:35227 - 0 ] INFO  replication.ReplicationServer (ReplicationServer.java:start(111)) - ReplicationServer is started using port 43811
2022-08-10 09:23:04,076 [EndpointStateMachine task thread for /0.0.0.0:35227 - 0 ] INFO  ratis.XceiverServerRatis (XceiverServerRatis.java:start(481)) - Starting XceiverServerRatis 8861b532-8644-464f-96f7-f43eddde564a
2022-08-10 09:23:04,086 [EndpointStateMachine task thread for /0.0.0.0:35227 - 0 ] INFO  server.RaftServer (RaftServerProxy.java:lambda$start$6(382)) - 8861b532-8644-464f-96f7-f43eddde564a: start RPC server
2022-08-10 09:23:04,101 [EndpointStateMachine task thread for /0.0.0.0:35227 - 0 ] INFO  server.GrpcService (GrpcService.java:startImpl(260)) - 8861b532-8644-464f-96f7-f43eddde564a: GrpcService started, listening on 35537
2022-08-10 09:23:04,102 [EndpointStateMachine task thread for /0.0.0.0:35227 - 0 ] INFO  ratis.XceiverServerRatis (XceiverServerRatis.java:getRealPort(502)) - XceiverServerRatis 8861b532-8644-464f-96f7-f43eddde564a is started using port 35537 for RATIS
2022-08-10 09:23:04,102 [EndpointStateMachine task thread for /0.0.0.0:35227 - 0 ] INFO  ratis.XceiverServerRatis (XceiverServerRatis.java:getRealPort(502)) - XceiverServerRatis 8861b532-8644-464f-96f7-f43eddde564a is started using port 35537 for RATIS_ADMIN
2022-08-10 09:23:04,102 [EndpointStateMachine task thread for /0.0.0.0:35227 - 0 ] INFO  ratis.XceiverServerRatis (XceiverServerRatis.java:getRealPort(502)) - XceiverServerRatis 8861b532-8644-464f-96f7-f43eddde564a is started using port 35537 for RATIS_SERVER
2022-08-10 09:23:04,103 [org.apache.ratis.util.JvmPauseMonitor$$Lambda$696/1259104175@726f88a4] INFO  util.JvmPauseMonitor (JvmPauseMonitor.java:run(103)) - JvmPauseMonitor-8861b532-8644-464f-96f7-f43eddde564a: Started
2022-08-10 09:23:04,137 [EndpointStateMachine task thread for /0.0.0.0:35227 - 0 ] INFO  server.XceiverServerGrpc (XceiverServerGrpc.java:start(180)) - XceiverServerGrpc 8861b532-8644-464f-96f7-f43eddde564a is started using port 38375
2022-08-10 09:23:04,343 [EndpointStateMachine task thread for /0.0.0.0:42301 - 0 ] INFO  ipc.Client (Client.java:handleConnectionFailure(977)) - Retrying connect to server: 0.0.0.0/0.0.0.0:42301. Already tried 13 time(s); retry policy is RetryUpToMaximumCountWithFixedSleep(maxRetries=15, sleepTime=1000 MILLISECONDS)
2022-08-10 09:23:04,508 [Finalizer] WARN  managed.ManagedRocksObjectUtils (ManagedRocksObjectUtils.java:assertClosed(39)) - ManagedColumnFamilyOptions is not closed properly
2022-08-10 09:23:04,508 [Finalizer] WARN  managed.ManagedRocksObjectUtils (ManagedRocksObjectUtils.java:assertClosed(39)) - ManagedColumnFamilyOptions is not closed properly
2022-08-10 09:23:04,508 [Finalizer] WARN  managed.ManagedRocksObjectUtils (ManagedRocksObjectUtils.java:assertClosed(39)) - ManagedColumnFamilyOptions is not closed properly
2022-08-10 09:23:04,508 [Finalizer] WARN  managed.ManagedRocksObjectUtils (ManagedRocksObjectUtils.java:assertClosed(39)) - ManagedColumnFamilyOptions is not closed properly
2022-08-10 09:23:04,517 [Finalizer] WARN  managed.ManagedRocksObjectUtils (ManagedRocksObjectUtils.java:assertClosed(39)) - ManagedDBOptions is not closed properly
2022-08-10 09:23:04,517 [Finalizer] WARN  managed.ManagedRocksObjectUtils (ManagedRocksObjectUtils.java:assertClosed(39)) - ManagedColumnFamilyOptions is not closed properly
2022-08-10 09:23:04,517 [Finalizer] WARN  managed.ManagedRocksObjectUtils (ManagedRocksObjectUtils.java:assertClosed(39)) - ManagedLRUCache is not closed properly
2022-08-10 09:23:04,517 [Finalizer] WARN  managed.ManagedRocksObjectUtils (ManagedRocksObjectUtils.java:assertClosed(39)) - ManagedBloomFilter is not closed properly
2022-08-10 09:23:04,517 [Finalizer] WARN  managed.ManagedRocksObjectUtils (ManagedRocksObjectUtils.java:assertClosed(39)) - ManagedDBOptions is not closed properly
2022-08-10 09:23:04,517 [Finalizer] WARN  managed.ManagedRocksObjectUtils (ManagedRocksObjectUtils.java:assertClosed(39)) - ManagedColumnFamilyOptions is not closed properly
2022-08-10 09:23:04,517 [Finalizer] WARN  managed.ManagedRocksObjectUtils (ManagedRocksObjectUtils.java:assertClosed(39)) - ManagedLRUCache is not closed properly
2022-08-10 09:23:04,517 [Finalizer] WARN  managed.ManagedRocksObjectUtils (ManagedRocksObjectUtils.java:assertClosed(39)) - ManagedBloomFilter is not closed properly
2022-08-10 09:23:04,903 [Listener at 127.0.0.1/35599] INFO  ozone.MiniOzoneClusterImpl (MiniOzoneClusterImpl.java:lambda$waitForClusterToBeReady$0(216)) - Waiting for nodes to be ready. Got 0 of 3 DN Heartbeats.
2022-08-10 09:23:04,903 [Listener at 127.0.0.1/35599] INFO  ozone.MiniOzoneClusterImpl (MiniOzoneClusterImpl.java:lambda$waitForClusterToBeReady$0(219)) - Waiting for cluster to exit safe mode
2022-08-10 09:23:04,903 [Listener at 127.0.0.1/35599] INFO  ozone.MiniOzoneClusterImpl (MiniOzoneClusterImpl.java:lambda$waitForClusterToBeReady$0(221)) - SCM became leader
2022-08-10 09:23:05,021 [EndpointStateMachine task thread for /0.0.0.0:35227 - 0 ] INFO  volume.HddsVolume (HddsVolume.java:createDbStore(309)) - SchemaV3 db is created and loaded at /home/runner/work/ozone/ozone/hadoop-ozone/integration-test/target/test-dir/MiniOzoneClusterImpl-2080ac2c-1c22-4300-b117-cc71631a0cfb/datanode-2/data-0/containers/hdds/2080ac2c-1c22-4300-b117-cc71631a0cfb/DS-4ae4e95b-e94b-4637-85d1-1d88f771e94e/container.db for volume DS-4ae4e95b-e94b-4637-85d1-1d88f771e94e
2022-08-10 09:23:05,022 [EndpointStateMachine task thread for /0.0.0.0:35227 - 0 ] INFO  volume.HddsVolume (HddsVolume.java:closeDbStore(340)) - SchemaV3 db is stopped at /home/runner/work/ozone/ozone/hadoop-ozone/integration-test/target/test-dir/MiniOzoneClusterImpl-2080ac2c-1c22-4300-b117-cc71631a0cfb/datanode-2/data-0/containers/hdds/2080ac2c-1c22-4300-b117-cc71631a0cfb/DS-4ae4e95b-e94b-4637-85d1-1d88f771e94e/container.db for volume DS-4ae4e95b-e94b-4637-85d1-1d88f771e94e
2022-08-10 09:23:05,022 [EndpointStateMachine task thread for /0.0.0.0:35227 - 0 ] INFO  ozoneimpl.OzoneContainer (OzoneContainer.java:start(377)) - Attempting to start container services.
2022-08-10 09:23:05,022 [EndpointStateMachine task thread for /0.0.0.0:35227 - 0 ] INFO  ozoneimpl.OzoneContainer (OzoneContainer.java:startContainerScrub(312)) - Background container scanner has been disabled.
2022-08-10 09:23:05,028 [EndpointStateMachine task thread for /0.0.0.0:35227 - 0 ] INFO  replication.ReplicationServer (ReplicationServer.java:start(111)) - ReplicationServer is started using port 43535
2022-08-10 09:23:05,029 [EndpointStateMachine task thread for /0.0.0.0:35227 - 0 ] INFO  ratis.XceiverServerRatis (XceiverServerRatis.java:start(481)) - Starting XceiverServerRatis b74f4fe1-68c4-415c-98c4-eddeab9d2099
2022-08-10 09:23:05,033 [EndpointStateMachine task thread for /0.0.0.0:35227 - 0 ] INFO  server.RaftServer (RaftServerProxy.java:lambda$start$6(382)) - b74f4fe1-68c4-415c-98c4-eddeab9d2099: start RPC server
2022-08-10 09:23:05,041 [EndpointStateMachine task thread for /0.0.0.0:35227 - 0 ] INFO  server.GrpcService (GrpcService.java:startImpl(260)) - b74f4fe1-68c4-415c-98c4-eddeab9d2099: GrpcService started, listening on 46513
2022-08-10 09:23:05,049 [EndpointStateMachine task thread for /0.0.0.0:35227 - 0 ] INFO  ratis.XceiverServerRatis (XceiverServerRatis.java:getRealPort(502)) - XceiverServerRatis b74f4fe1-68c4-415c-98c4-eddeab9d2099 is started using port 46513 for RATIS
2022-08-10 09:23:05,049 [EndpointStateMachine task thread for /0.0.0.0:35227 - 0 ] INFO  ratis.XceiverServerRatis (XceiverServerRatis.java:getRealPort(502)) - XceiverServerRatis b74f4fe1-68c4-415c-98c4-eddeab9d2099 is started using port 46513 for RATIS_ADMIN
2022-08-10 09:23:05,049 [EndpointStateMachine task thread for /0.0.0.0:35227 - 0 ] INFO  ratis.XceiverServerRatis (XceiverServerRatis.java:getRealPort(502)) - XceiverServerRatis b74f4fe1-68c4-415c-98c4-eddeab9d2099 is started using port 46513 for RATIS_SERVER
2022-08-10 09:23:05,056 [org.apache.ratis.util.JvmPauseMonitor$$Lambda$696/1259104175@9a4cc01] INFO  util.JvmPauseMonitor (JvmPauseMonitor.java:run(103)) - JvmPauseMonitor-b74f4fe1-68c4-415c-98c4-eddeab9d2099: Started
2022-08-10 09:23:05,073 [EndpointStateMachine task thread for /0.0.0.0:35227 - 0 ] INFO  server.XceiverServerGrpc (XceiverServerGrpc.java:start(180)) - XceiverServerGrpc b74f4fe1-68c4-415c-98c4-eddeab9d2099 is started using port 45753
2022-08-10 09:23:05,339 [IPC Server handler 1 on default port 35227] INFO  net.NetworkTopologyImpl (NetworkTopologyImpl.java:add(112)) - Added a new node: /default-rack/e06c7883-c7a0-4496-b519-f5e79e748d82
2022-08-10 09:23:05,339 [IPC Server handler 1 on default port 35227] INFO  node.SCMNodeManager (SCMNodeManager.java:register(397)) - Registered Data node : e06c7883-c7a0-4496-b519-f5e79e748d82{ip: 10.1.0.9, host: fv-az244-795.wfqk4h0zklwe5pzfvc0psazzwc.bx.internal.cloudapp.net, ports: [REPLICATION=33269, RATIS=34055, RATIS_ADMIN=34055, RATIS_SERVER=34055, STANDALONE=34313], networkLocation: /default-rack, certSerialId: null, persistedOpState: null, persistedOpStateExpiryEpochSec: 0}
2022-08-10 09:23:05,346 [EventQueue-NodeRegistrationContainerReportForContainerSafeModeRule] INFO  safemode.SCMSafeModeManager (SCMSafeModeManager.java:validateSafeModeExitRules(204)) - ContainerSafeModeRule rule is successfully validated
2022-08-10 09:23:05,346 [EventQueue-NodeRegistrationContainerReportForDataNodeSafeModeRule] INFO  safemode.SCMSafeModeManager (DataNodeSafeModeRule.java:process(71)) - SCM in safe mode. 1 DataNodes registered, 3 required.
2022-08-10 09:23:05,360 [EndpointStateMachine task thread for /0.0.0.0:42301 - 0 ] INFO  ipc.Client (Client.java:handleConnectionFailure(977)) - Retrying connect to server: 0.0.0.0/0.0.0.0:42301. Already tried 14 time(s); retry policy is RetryUpToMaximumCountWithFixedSleep(maxRetries=15, sleepTime=1000 MILLISECONDS)
2022-08-10 09:23:05,363 [EventQueue-NewNodeForNewNodeHandler] INFO  pipeline.BackgroundPipelineCreator (BackgroundPipelineCreator.java:notifyEventTriggered(276)) - trigger a one-shot run on RatisPipelineUtilsThread.
2022-08-10 09:23:05,364 [RatisPipelineUtilsThread - 0] INFO  pipeline.RatisPipelineProvider (RatisPipelineProvider.java:lambda$create$0(195)) - Sending CreatePipelineCommand for pipeline:PipelineID=9f0bbf30-a3fa-4ef1-8f96-147ccc924e7a to datanode:e06c7883-c7a0-4496-b519-f5e79e748d82
2022-08-10 09:23:05,366 [EventQueue-PipelineReportForOneReplicaPipelineSafeModeRule] INFO  safemode.SCMSafeModeManager (SCMSafeModeManager.java:validateSafeModeExitRules(204)) - AtleastOneDatanodeReportedRule rule is successfully validated
2022-08-10 09:23:05,375 [RatisPipelineUtilsThread - 0] INFO  pipeline.PipelineStateManagerImpl (PipelineStateManagerImpl.java:addPipeline(103)) - Created pipeline Pipeline[ Id: 9f0bbf30-a3fa-4ef1-8f96-147ccc924e7a, Nodes: e06c7883-c7a0-4496-b519-f5e79e748d82{ip: 10.1.0.9, host: fv-az244-795.wfqk4h0zklwe5pzfvc0psazzwc.bx.internal.cloudapp.net, ports: [REPLICATION=33269, RATIS=34055, RATIS_ADMIN=34055, RATIS_SERVER=34055, STANDALONE=34313], networkLocation: /default-rack, certSerialId: null, persistedOpState: IN_SERVICE, persistedOpStateExpiryEpochSec: 0}, ReplicationConfig: RATIS/ONE, State:ALLOCATED, leaderId:, CreationTimestamp2022-08-10T09:23:05.364Z[Etc/UTC]].
2022-08-10 09:23:05,903 [Listener at 127.0.0.1/35599] INFO  ozone.MiniOzoneClusterImpl (MiniOzoneClusterImpl.java:lambda$waitForClusterToBeReady$0(216)) - Waiting for nodes to be ready. Got 1 of 3 DN Heartbeats.
2022-08-10 09:23:05,904 [Listener at 127.0.0.1/35599] INFO  ozone.MiniOzoneClusterImpl (MiniOzoneClusterImpl.java:lambda$waitForClusterToBeReady$0(219)) - Waiting for cluster to exit safe mode
2022-08-10 09:23:05,904 [Listener at 127.0.0.1/35599] INFO  ozone.MiniOzoneClusterImpl (MiniOzoneClusterImpl.java:lambda$waitForClusterToBeReady$0(221)) - SCM became leader
2022-08-10 09:23:05,994 [IPC Server handler 3 on default port 35227] INFO  net.NetworkTopologyImpl (NetworkTopologyImpl.java:add(112)) - Added a new node: /default-rack/8861b532-8644-464f-96f7-f43eddde564a
2022-08-10 09:23:05,994 [IPC Server handler 3 on default port 35227] INFO  node.SCMNodeManager (SCMNodeManager.java:register(397)) - Registered Data node : 8861b532-8644-464f-96f7-f43eddde564a{ip: 10.1.0.9, host: fv-az244-795.wfqk4h0zklwe5pzfvc0psazzwc.bx.internal.cloudapp.net, ports: [REPLICATION=43811, RATIS=35537, RATIS_ADMIN=35537, RATIS_SERVER=35537, STANDALONE=38375], networkLocation: /default-rack, certSerialId: null, persistedOpState: null, persistedOpStateExpiryEpochSec: 0}
2022-08-10 09:23:05,994 [EventQueue-NewNodeForNewNodeHandler] INFO  pipeline.BackgroundPipelineCreator (BackgroundPipelineCreator.java:notifyEventTriggered(276)) - trigger a one-shot run on RatisPipelineUtilsThread.
2022-08-10 09:23:05,995 [EventQueue-NodeRegistrationContainerReportForDataNodeSafeModeRule] INFO  safemode.SCMSafeModeManager (DataNodeSafeModeRule.java:process(71)) - SCM in safe mode. 2 DataNodes registered, 3 required.
2022-08-10 09:23:06,004 [RatisPipelineUtilsThread - 0] INFO  pipeline.RatisPipelineProvider (RatisPipelineProvider.java:lambda$create$0(195)) - Sending CreatePipelineCommand for pipeline:PipelineID=f16b2675-79e9-4d7a-a99c-6e5cb5e1e180 to datanode:8861b532-8644-464f-96f7-f43eddde564a
2022-08-10 09:23:06,005 [RatisPipelineUtilsThread - 0] INFO  pipeline.PipelineStateManagerImpl (PipelineStateManagerImpl.java:addPipeline(103)) - Created pipeline Pipeline[ Id: f16b2675-79e9-4d7a-a99c-6e5cb5e1e180, Nodes: 8861b532-8644-464f-96f7-f43eddde564a{ip: 10.1.0.9, host: fv-az244-795.wfqk4h0zklwe5pzfvc0psazzwc.bx.internal.cloudapp.net, ports: [REPLICATION=43811, RATIS=35537, RATIS_ADMIN=35537, RATIS_SERVER=35537, STANDALONE=38375], networkLocation: /default-rack, certSerialId: null, persistedOpState: IN_SERVICE, persistedOpStateExpiryEpochSec: 0}, ReplicationConfig: RATIS/ONE, State:ALLOCATED, leaderId:, CreationTimestamp2022-08-10T09:23:06.004Z[Etc/UTC]].
2022-08-10 09:23:06,361 [EndpointStateMachine task thread for /0.0.0.0:42301 - 0 ] INFO  ipc.Client (Client.java:handleConnectionFailure(977)) - Retrying connect to server: 0.0.0.0/0.0.0.0:42301. Already tried 0 time(s); retry policy is RetryUpToMaximumCountWithFixedSleep(maxRetries=15, sleepTime=1000 MILLISECONDS)
2022-08-10 09:23:06,904 [Listener at 127.0.0.1/35599] INFO  ozone.MiniOzoneClusterImpl (MiniOzoneClusterImpl.java:lambda$waitForClusterToBeReady$0(216)) - Waiting for nodes to be ready. Got 2 of 3 DN Heartbeats.
2022-08-10 09:23:06,905 [Listener at 127.0.0.1/35599] INFO  ozone.MiniOzoneClusterImpl (MiniOzoneClusterImpl.java:lambda$waitForClusterToBeReady$0(219)) - Waiting for cluster to exit safe mode
2022-08-10 09:23:06,905 [Listener at 127.0.0.1/35599] INFO  ozone.MiniOzoneClusterImpl (MiniOzoneClusterImpl.java:lambda$waitForClusterToBeReady$0(221)) - SCM became leader
2022-08-10 09:23:06,941 [Finalizer] WARN  managed.ManagedRocksObjectUtils (ManagedRocksObjectUtils.java:assertClosed(39)) - ManagedDBOptions is not closed properly
2022-08-10 09:23:06,941 [Finalizer] WARN  managed.ManagedRocksObjectUtils (ManagedRocksObjectUtils.java:assertClosed(39)) - ManagedColumnFamilyOptions is not closed properly
2022-08-10 09:23:06,941 [Finalizer] WARN  managed.ManagedRocksObjectUtils (ManagedRocksObjectUtils.java:assertClosed(39)) - ManagedLRUCache is not closed properly
2022-08-10 09:23:06,941 [Finalizer] WARN  managed.ManagedRocksObjectUtils (ManagedRocksObjectUtils.java:assertClosed(39)) - ManagedBloomFilter is not closed properly
2022-08-10 09:23:06,959 [IPC Server handler 0 on default port 35227] INFO  net.NetworkTopologyImpl (NetworkTopologyImpl.java:add(112)) - Added a new node: /default-rack/b74f4fe1-68c4-415c-98c4-eddeab9d2099
2022-08-10 09:23:06,959 [IPC Server handler 0 on default port 35227] INFO  node.SCMNodeManager (SCMNodeManager.java:register(397)) - Registered Data node : b74f4fe1-68c4-415c-98c4-eddeab9d2099{ip: 10.1.0.9, host: fv-az244-795.wfqk4h0zklwe5pzfvc0psazzwc.bx.internal.cloudapp.net, ports: [REPLICATION=43535, RATIS=46513, RATIS_ADMIN=46513, RATIS_SERVER=46513, STANDALONE=45753], networkLocation: /default-rack, certSerialId: null, persistedOpState: null, persistedOpStateExpiryEpochSec: 0}
2022-08-10 09:23:06,960 [EventQueue-NewNodeForNewNodeHandler] INFO  pipeline.BackgroundPipelineCreator (BackgroundPipelineCreator.java:notifyEventTriggered(276)) - trigger a one-shot run on RatisPipelineUtilsThread.
2022-08-10 09:23:06,960 [EventQueue-NodeRegistrationContainerReportForDataNodeSafeModeRule] INFO  safemode.SCMSafeModeManager (DataNodeSafeModeRule.java:process(71)) - SCM in safe mode. 3 DataNodes registered, 3 required.
2022-08-10 09:23:06,961 [EventQueue-NodeRegistrationContainerReportForDataNodeSafeModeRule] INFO  safemode.SCMSafeModeManager (SCMSafeModeManager.java:validateSafeModeExitRules(204)) - DataNodeSafeModeRule rule is successfully validated
2022-08-10 09:23:06,961 [EventQueue-NodeRegistrationContainerReportForDataNodeSafeModeRule] INFO  safemode.SCMSafeModeManager (SCMSafeModeManager.java:completePreCheck(233)) - All SCM safe mode pre check rules have passed
2022-08-10 09:23:06,961 [EventQueue-NodeRegistrationContainerReportForDataNodeSafeModeRule] WARN  events.EventQueue (EventQueue.java:fireEvent(216)) - No event handler registered for event TypedEvent{payloadType=SafeModeStatus, name='Safe mode status'}
2022-08-10 09:23:06,961 [EventQueue-NodeRegistrationContainerReportForDataNodeSafeModeRule] INFO  ha.SCMContext (SCMContext.java:updateSafeModeStatus(228)) - Update SafeModeStatus from SafeModeStatus{safeModeStatus=true, preCheckPassed=false} to SafeModeStatus{safeModeStatus=true, preCheckPassed=true}.
2022-08-10 09:23:06,961 [EventQueue-NodeRegistrationContainerReportForDataNodeSafeModeRule] INFO  pipeline.BackgroundPipelineCreator (BackgroundPipelineCreator.java:notifyEventTriggered(276)) - trigger a one-shot run on RatisPipelineUtilsThread.
2022-08-10 09:23:06,961 [RatisPipelineUtilsThread - 0] INFO  pipeline.RatisPipelineProvider (RatisPipelineProvider.java:lambda$create$0(195)) - Sending CreatePipelineCommand for pipeline:PipelineID=c2191d19-ece1-4764-bcf2-462b62cb68c6 to datanode:b74f4fe1-68c4-415c-98c4-eddeab9d2099
2022-08-10 09:23:06,961 [RatisPipelineUtilsThread - 0] INFO  pipeline.PipelineStateManagerImpl (PipelineStateManagerImpl.java:addPipeline(103)) - Created pipeline Pipeline[ Id: c2191d19-ece1-4764-bcf2-462b62cb68c6, Nodes: b74f4fe1-68c4-415c-98c4-eddeab9d2099{ip: 10.1.0.9, host: fv-az244-795.wfqk4h0zklwe5pzfvc0psazzwc.bx.internal.cloudapp.net, ports: [REPLICATION=43535, RATIS=46513, RATIS_ADMIN=46513, RATIS_SERVER=46513, STANDALONE=45753], networkLocation: /default-rack, certSerialId: null, persistedOpState: IN_SERVICE, persistedOpStateExpiryEpochSec: 0}, ReplicationConfig: RATIS/ONE, State:ALLOCATED, leaderId:, CreationTimestamp2022-08-10T09:23:06.961Z[Etc/UTC]].
2022-08-10 09:23:06,962 [RatisPipelineUtilsThread - 0] INFO  pipeline.RatisPipelineProvider (RatisPipelineProvider.java:lambda$create$0(195)) - Sending CreatePipelineCommand for pipeline:PipelineID=586ac37b-7878-44e2-a0e6-4d904ff2d2bd to datanode:8861b532-8644-464f-96f7-f43eddde564a
2022-08-10 09:23:06,962 [RatisPipelineUtilsThread - 0] INFO  pipeline.RatisPipelineProvider (RatisPipelineProvider.java:lambda$create$0(195)) - Sending CreatePipelineCommand for pipeline:PipelineID=586ac37b-7878-44e2-a0e6-4d904ff2d2bd to datanode:e06c7883-c7a0-4496-b519-f5e79e748d82
2022-08-10 09:23:06,962 [RatisPipelineUtilsThread - 0] INFO  pipeline.RatisPipelineProvider (RatisPipelineProvider.java:lambda$create$0(195)) - Sending CreatePipelineCommand for pipeline:PipelineID=586ac37b-7878-44e2-a0e6-4d904ff2d2bd to datanode:b74f4fe1-68c4-415c-98c4-eddeab9d2099
2022-08-10 09:23:06,962 [RatisPipelineUtilsThread - 0] INFO  pipeline.PipelineStateManagerImpl (PipelineStateManagerImpl.java:addPipeline(103)) - Created pipeline Pipeline[ Id: 586ac37b-7878-44e2-a0e6-4d904ff2d2bd, Nodes: 8861b532-8644-464f-96f7-f43eddde564a{ip: 10.1.0.9, host: fv-az244-795.wfqk4h0zklwe5pzfvc0psazzwc.bx.internal.cloudapp.net, ports: [REPLICATION=43811, RATIS=35537, RATIS_ADMIN=35537, RATIS_SERVER=35537, STANDALONE=38375], networkLocation: /default-rack, certSerialId: null, persistedOpState: IN_SERVICE, persistedOpStateExpiryEpochSec: 0}e06c7883-c7a0-4496-b519-f5e79e748d82{ip: 10.1.0.9, host: fv-az244-795.wfqk4h0zklwe5pzfvc0psazzwc.bx.internal.cloudapp.net, ports: [REPLICATION=33269, RATIS=34055, RATIS_ADMIN=34055, RATIS_SERVER=34055, STANDALONE=34313], networkLocation: /default-rack, certSerialId: null, persistedOpState: IN_SERVICE, persistedOpStateExpiryEpochSec: 0}b74f4fe1-68c4-415c-98c4-eddeab9d2099{ip: 10.1.0.9, host: fv-az244-795.wfqk4h0zklwe5pzfvc0psazzwc.bx.internal.cloudapp.net, ports: [REPLICATION=43535, RATIS=46513, RATIS_ADMIN=46513, RATIS_SERVER=46513, STANDALONE=45753], networkLocation: /default-rack, certSerialId: null, persistedOpState: IN_SERVICE, persistedOpStateExpiryEpochSec: 0}, ReplicationConfig: RATIS/THREE, State:ALLOCATED, leaderId:, CreationTimestamp2022-08-10T09:23:06.962Z[Etc/UTC]].
2022-08-10 09:23:06,963 [RatisPipelineUtilsThread - 0] INFO  pipeline.RatisPipelineProvider (RatisPipelineProvider.java:lambda$create$0(195)) - Sending CreatePipelineCommand for pipeline:PipelineID=3859ecb5-6ff7-4ebd-be0c-b580a609090b to datanode:b74f4fe1-68c4-415c-98c4-eddeab9d2099
2022-08-10 09:23:06,963 [RatisPipelineUtilsThread - 0] INFO  pipeline.RatisPipelineProvider (RatisPipelineProvider.java:lambda$create$0(195)) - Sending CreatePipelineCommand for pipeline:PipelineID=3859ecb5-6ff7-4ebd-be0c-b580a609090b to datanode:e06c7883-c7a0-4496-b519-f5e79e748d82
2022-08-10 09:23:06,963 [RatisPipelineUtilsThread - 0] INFO  pipeline.RatisPipelineProvider (RatisPipelineProvider.java:lambda$create$0(195)) - Sending CreatePipelineCommand for pipeline:PipelineID=3859ecb5-6ff7-4ebd-be0c-b580a609090b to datanode:8861b532-8644-464f-96f7-f43eddde564a
2022-08-10 09:23:06,963 [RatisPipelineUtilsThread - 0] INFO  pipeline.PipelineStateManagerImpl (PipelineStateManagerImpl.java:addPipeline(103)) - Created pipeline Pipeline[ Id: 3859ecb5-6ff7-4ebd-be0c-b580a609090b, Nodes: b74f4fe1-68c4-415c-98c4-eddeab9d2099{ip: 10.1.0.9, host: fv-az244-795.wfqk4h0zklwe5pzfvc0psazzwc.bx.internal.cloudapp.net, ports: [REPLICATION=43535, RATIS=46513, RATIS_ADMIN=46513, RATIS_SERVER=46513, STANDALONE=45753], networkLocation: /default-rack, certSerialId: null, persistedOpState: IN_SERVICE, persistedOpStateExpiryEpochSec: 0}e06c7883-c7a0-4496-b519-f5e79e748d82{ip: 10.1.0.9, host: fv-az244-795.wfqk4h0zklwe5pzfvc0psazzwc.bx.internal.cloudapp.net, ports: [REPLICATION=33269, RATIS=34055, RATIS_ADMIN=34055, RATIS_SERVER=34055, STANDALONE=34313], networkLocation: /default-rack, certSerialId: null, persistedOpState: IN_SERVICE, persistedOpStateExpiryEpochSec: 0}8861b532-8644-464f-96f7-f43eddde564a{ip: 10.1.0.9, host: fv-az244-795.wfqk4h0zklwe5pzfvc0psazzwc.bx.internal.cloudapp.net, ports: [REPLICATION=43811, RATIS=35537, RATIS_ADMIN=35537, RATIS_SERVER=35537, STANDALONE=38375], networkLocation: /default-rack, certSerialId: null, persistedOpState: IN_SERVICE, persistedOpStateExpiryEpochSec: 0}, ReplicationConfig: RATIS/THREE, State:ALLOCATED, leaderId:, CreationTimestamp2022-08-10T09:23:06.963Z[Etc/UTC]].
2022-08-10 09:23:06,963 [RatisPipelineUtilsThread - 0] INFO  pipeline.PipelineManagerImpl (PipelineManagerImpl.java:recordMetricsForPipeline(796)) - Pipeline: PipelineID=3859ecb5-6ff7-4ebd-be0c-b580a609090b contains same datanodes as previous pipelines: PipelineID=586ac37b-7878-44e2-a0e6-4d904ff2d2bd nodeIds: b74f4fe1-68c4-415c-98c4-eddeab9d2099, e06c7883-c7a0-4496-b519-f5e79e748d82, 8861b532-8644-464f-96f7-f43eddde564a
2022-08-10 09:23:07,362 [EndpointStateMachine task thread for /0.0.0.0:42301 - 0 ] INFO  ipc.Client (Client.java:handleConnectionFailure(977)) - Retrying connect to server: 0.0.0.0/0.0.0.0:42301. Already tried 1 time(s); retry policy is RetryUpToMaximumCountWithFixedSleep(maxRetries=15, sleepTime=1000 MILLISECONDS)
2022-08-10 09:23:07,905 [Listener at 127.0.0.1/35599] INFO  ozone.MiniOzoneClusterImpl (MiniOzoneClusterImpl.java:lambda$waitForClusterToBeReady$0(216)) - Nodes are ready. Got 3 of 3 DN Heartbeats.
2022-08-10 09:23:07,905 [Listener at 127.0.0.1/35599] INFO  ozone.MiniOzoneClusterImpl (MiniOzoneClusterImpl.java:lambda$waitForClusterToBeReady$0(219)) - Waiting for cluster to exit safe mode
2022-08-10 09:23:07,905 [Listener at 127.0.0.1/35599] INFO  ozone.MiniOzoneClusterImpl (MiniOzoneClusterImpl.java:lambda$waitForClusterToBeReady$0(221)) - SCM became leader
2022-08-10 09:23:08,340 [Command processor thread] INFO  server.RaftServer (RaftServerProxy.java:addNew(96)) - e06c7883-c7a0-4496-b519-f5e79e748d82: addNew group-147CCC924E7A:[e06c7883-c7a0-4496-b519-f5e79e748d82|rpc:10.1.0.9:34055|priority:1] returns group-147CCC924E7A:java.util.concurrent.CompletableFuture@3643c557[Not completed]
2022-08-10 09:23:08,341 [pool-680-thread-1] INFO  server.RaftServer$Division (RaftServerImpl.java:<init>(190)) - e06c7883-c7a0-4496-b519-f5e79e748d82: new RaftServerImpl for group-147CCC924E7A:[e06c7883-c7a0-4496-b519-f5e79e748d82|rpc:10.1.0.9:34055|priority:1] with ContainerStateMachine:uninitialized
2022-08-10 09:23:08,341 [pool-680-thread-1] INFO  server.RaftServerConfigKeys (ConfUtils.java:logGet(46)) - raft.server.rpc.timeout.min = 5s (custom)
2022-08-10 09:23:08,341 [pool-680-thread-1] INFO  server.RaftServerConfigKeys (ConfUtils.java:logGet(46)) - raft.server.rpc.timeout.max = 5200ms (custom)
2022-08-10 09:23:08,341 [pool-680-thread-1] INFO  server.RaftServerConfigKeys (ConfUtils.java:logGet(46)) - raft.server.rpc.sleep.time = 25ms (default)
2022-08-10 09:23:08,341 [pool-680-thread-1] INFO  server.RaftServerConfigKeys (ConfUtils.java:logGet(46)) - raft.server.rpc.slowness.timeout = 300s (custom)
2022-08-10 09:23:08,341 [pool-680-thread-1] INFO  server.RaftServerConfigKeys (ConfUtils.java:logGet(46)) - raft.server.leaderelection.leader.step-down.wait-time = 10s (default)
2022-08-10 09:23:08,341 [pool-680-thread-1] INFO  server.RaftServerConfigKeys (ConfUtils.java:logGet(46)) - raft.server.sleep.deviation.threshold = 300ms (default)
2022-08-10 09:23:08,342 [pool-680-thread-1] INFO  server.RaftServer$Division (ServerState.java:<init>(107)) - e06c7883-c7a0-4496-b519-f5e79e748d82@group-147CCC924E7A: ConfigurationManager, init=-1: [e06c7883-c7a0-4496-b519-f5e79e748d82|rpc:10.1.0.9:34055|priority:1], old=null, confs=<EMPTY_MAP>
2022-08-10 09:23:08,342 [pool-680-thread-1] INFO  server.RaftServerConfigKeys (ConfUtils.java:logGet(46)) - raft.server.storage.dir = [/home/runner/work/ozone/ozone/hadoop-ozone/integration-test/target/test-dir/MiniOzoneClusterImpl-2080ac2c-1c22-4300-b117-cc71631a0cfb/datanode-0/data/ratis] (custom)
2022-08-10 09:23:08,342 [pool-680-thread-1] INFO  server.RaftServerConfigKeys (ConfUtils.java:logGet(46)) - raft.server.log.corruption.policy = EXCEPTION (default)
2022-08-10 09:23:08,342 [pool-680-thread-1] INFO  server.RaftServerConfigKeys (ConfUtils.java:logGet(46)) - raft.server.storage.free-space.min = 0MB (=0) (default)
2022-08-10 09:23:08,342 [pool-680-thread-1] INFO  storage.RaftStorageDirectory (RaftStorageDirectoryImpl.java:analyzeStorage(135)) - The storage directory /home/runner/work/ozone/ozone/hadoop-ozone/integration-test/target/test-dir/MiniOzoneClusterImpl-2080ac2c-1c22-4300-b117-cc71631a0cfb/datanode-0/data/ratis/9f0bbf30-a3fa-4ef1-8f96-147ccc924e7a does not exist. Creating ...
2022-08-10 09:23:08,344 [pool-680-thread-1] INFO  storage.RaftStorageDirectory (RaftStorageDirectoryImpl.java:tryLock(230)) - Lock on /home/runner/work/ozone/ozone/hadoop-ozone/integration-test/target/test-dir/MiniOzoneClusterImpl-2080ac2c-1c22-4300-b117-cc71631a0cfb/datanode-0/data/ratis/9f0bbf30-a3fa-4ef1-8f96-147ccc924e7a/in_use.lock acquired by nodename 28234@fv-az244-795
2022-08-10 09:23:08,349 [pool-680-thread-1] INFO  storage.RaftStorage (RaftStorageImpl.java:format(89)) - Storage directory /home/runner/work/ozone/ozone/hadoop-ozone/integration-test/target/test-dir/MiniOzoneClusterImpl-2080ac2c-1c22-4300-b117-cc71631a0cfb/datanode-0/data/ratis/9f0bbf30-a3fa-4ef1-8f96-147ccc924e7a has been successfully formatted.
2022-08-10 09:23:08,350 [pool-680-thread-1] INFO  ratis.ContainerStateMachine (ContainerStateMachine.java:loadSnapshot(236)) - group-147CCC924E7A: The snapshot info is null. Setting the last applied indexto:(t:0, i:~)
2022-08-10 09:23:08,350 [pool-680-thread-1] INFO  server.RaftServerConfigKeys (ConfUtils.java:logGet(46)) - raft.server.notification.no-leader.timeout = 300s (custom)
2022-08-10 09:23:08,350 [pool-680-thread-1] INFO  server.RaftServerConfigKeys (ConfUtils.java:logGet(46)) - raft.server.log.use.memory = false (default)
2022-08-10 09:23:08,350 [pool-680-thread-1] INFO  server.RaftServerConfigKeys (ConfUtils.java:logGet(46)) - raft.server.log.purge.gap = 1000000 (custom)
2022-08-10 09:23:08,350 [pool-680-thread-1] INFO  server.RaftServerConfigKeys (ConfUtils.java:logGet(46)) - raft.server.log.appender.buffer.byte-limit = 33554432 (custom)
2022-08-10 09:23:08,350 [pool-680-thread-1] INFO  server.RaftServerConfigKeys (ConfUtils.java:logGet(46)) - raft.server.log.statemachine.data.read.timeout = 1000ms (default)
2022-08-10 09:23:08,351 [pool-680-thread-1] INFO  server.RaftServerConfigKeys (ConfUtils.java:logGet(46)) - raft.server.log.segment.size.max = 1048576 (custom)
2022-08-10 09:23:08,351 [pool-680-thread-1] INFO  server.RaftServerConfigKeys (ConfUtils.java:logGet(46)) - raft.server.log.segment.cache.num.max = 2 (custom)
2022-08-10 09:23:08,351 [pool-680-thread-1] INFO  server.RaftServerConfigKeys (ConfUtils.java:logGet(46)) - raft.server.log.segment.cache.size.max = 200MB (=209715200) (default)
2022-08-10 09:23:08,351 [pool-680-thread-1] INFO  segmented.SegmentedRaftLogWorker (SegmentedRaftLogWorker.java:<init>(187)) - new e06c7883-c7a0-4496-b519-f5e79e748d82@group-147CCC924E7A-SegmentedRaftLogWorker for RaftStorageImpl:Storage Directory /home/runner/work/ozone/ozone/hadoop-ozone/integration-test/target/test-dir/MiniOzoneClusterImpl-2080ac2c-1c22-4300-b117-cc71631a0cfb/datanode-0/data/ratis/9f0bbf30-a3fa-4ef1-8f96-147ccc924e7a
2022-08-10 09:23:08,352 [EventQueue-PipelineReportForPipelineReportHandler] INFO  pipeline.PipelineManagerImpl (PipelineManagerImpl.java:openPipeline(367)) - Pipeline Pipeline[ Id: 9f0bbf30-a3fa-4ef1-8f96-147ccc924e7a, Nodes: e06c7883-c7a0-4496-b519-f5e79e748d82{ip: 10.1.0.9, host: fv-az244-795.wfqk4h0zklwe5pzfvc0psazzwc.bx.internal.cloudapp.net, ports: [REPLICATION=33269, RATIS=34055, RATIS_ADMIN=34055, RATIS_SERVER=34055, STANDALONE=34313], networkLocation: /default-rack, certSerialId: null, persistedOpState: IN_SERVICE, persistedOpStateExpiryEpochSec: 0}, ReplicationConfig: RATIS/ONE, State:ALLOCATED, leaderId:e06c7883-c7a0-4496-b519-f5e79e748d82, CreationTimestamp2022-08-10T09:23:05.364Z[Etc/UTC]] moved to OPEN state
2022-08-10 09:23:08,352 [pool-680-thread-1] INFO  server.RaftServerConfigKeys (ConfUtils.java:logGet(46)) - raft.server.log.queue.byte-limit = 4294967296 (custom)
2022-08-10 09:23:08,356 [pool-680-thread-1] INFO  server.RaftServerConfigKeys (ConfUtils.java:logGet(46)) - raft.server.log.queue.element-limit = 1024 (custom)
2022-08-10 09:23:08,356 [pool-680-thread-1] INFO  server.RaftServerConfigKeys (ConfUtils.java:logGet(46)) - raft.server.log.segment.size.max = 1048576 (custom)
2022-08-10 09:23:08,356 [pool-680-thread-1] INFO  server.RaftServerConfigKeys (ConfUtils.java:logGet(46)) - raft.server.log.preallocated.size = 16384 (custom)
2022-08-10 09:23:08,356 [pool-680-thread-1] INFO  server.RaftServerConfigKeys (ConfUtils.java:logGet(46)) - raft.server.log.force.sync.num = 128 (default)
2022-08-10 09:23:08,356 [pool-680-thread-1] INFO  server.RaftServerConfigKeys (ConfUtils.java:logGet(46)) - raft.server.log.statemachine.data.sync = true (default)
2022-08-10 09:23:08,356 [pool-680-thread-1] INFO  server.RaftServerConfigKeys (ConfUtils.java:logGet(46)) - raft.server.log.statemachine.data.sync.timeout = 10s (default)
2022-08-10 09:23:08,356 [pool-680-thread-1] INFO  server.RaftServerConfigKeys (ConfUtils.java:logGet(46)) - raft.server.log.statemachine.data.sync.timeout.retry = -1 (default)
2022-08-10 09:23:08,357 [pool-680-thread-1] INFO  server.RaftServerConfigKeys (ConfUtils.java:logGet(46)) - raft.server.log.write.buffer.size = 1048576 (custom)
2022-08-10 09:23:08,358 [pool-680-thread-1] INFO  server.RaftServerConfigKeys (ConfUtils.java:logGet(46)) - raft.server.log.unsafe-flush.enabled = false (default)
2022-08-10 09:23:08,358 [pool-680-thread-1] INFO  server.RaftServerConfigKeys (ConfUtils.java:logGet(46)) - raft.server.log.statemachine.data.caching.enabled = true (custom)
2022-08-10 09:23:08,358 [pool-680-thread-1] INFO  segmented.SegmentedRaftLogWorker (SegmentedRaftLogWorker.java:lambda$new$0(135)) - e06c7883-c7a0-4496-b519-f5e79e748d82@group-147CCC924E7A-SegmentedRaftLogWorker: flushIndex: setUnconditionally 0 -> -1
2022-08-10 09:23:08,359 [pool-680-thread-1] INFO  segmented.SegmentedRaftLogWorker (SegmentedRaftLogWorker.java:lambda$new$0(135)) - e06c7883-c7a0-4496-b519-f5e79e748d82@group-147CCC924E7A-SegmentedRaftLogWorker: safeCacheEvictIndex: setUnconditionally 0 -> -1
2022-08-10 09:23:08,359 [pool-680-thread-1] INFO  server.RaftServerConfigKeys (ConfUtils.java:logGet(46)) - raft.server.snapshot.auto.trigger.enabled = true (custom)
2022-08-10 09:23:08,359 [pool-680-thread-1] INFO  server.RaftServerConfigKeys (ConfUtils.java:logGet(46)) - raft.server.snapshot.auto.trigger.threshold = 10000 (custom)
2022-08-10 09:23:08,359 [pool-680-thread-1] INFO  server.RaftServerConfigKeys (ConfUtils.java:logGet(46)) - raft.server.snapshot.retention.file.num = 5 (custom)
2022-08-10 09:23:08,359 [pool-680-thread-1] INFO  server.RaftServerConfigKeys (ConfUtils.java:logGet(46)) - raft.server.log.purge.upto.snapshot.index = false (default)
2022-08-10 09:23:08,359 [pool-680-thread-1] INFO  server.RaftServerConfigKeys (ConfUtils.java:logGet(46)) - raft.server.retrycache.expirytime = 600000ms (custom)
2022-08-10 09:23:08,359 [pool-680-thread-1] INFO  server.RaftServerConfigKeys (ConfUtils.java:logGet(46)) - raft.server.retrycache.statistics.expirytime = 100μs (default)
2022-08-10 09:23:08,354 [EventQueue-OpenPipelineForHealthyPipelineSafeModeRule] INFO  safemode.SCMSafeModeManager (HealthyPipelineSafeModeRule.java:process(137)) - SCM in safe mode. Healthy pipelines reported count is 0, required healthy pipeline reported count is 1
2022-08-10 09:23:08,362 [pool-680-thread-1] INFO  server.RaftServerConfigKeys (ConfUtils.java:logGet(46)) - raft.server.log.appender.install.snapshot.enabled = false (custom)
2022-08-10 09:23:08,362 [pool-680-thread-1] INFO  server.RaftServerConfigKeys (ConfUtils.java:logGet(46)) - raft.server.threadpool.server.cached = true (default)
2022-08-10 09:23:08,362 [pool-680-thread-1] INFO  server.RaftServerConfigKeys (ConfUtils.java:logGet(46)) - raft.server.threadpool.server.size = 0 (default)
2022-08-10 09:23:08,363 [pool-680-thread-1] INFO  server.RaftServerConfigKeys (ConfUtils.java:logGet(46)) - raft.server.threadpool.client.cached = true (default)
2022-08-10 09:23:08,363 [pool-680-thread-1] INFO  server.RaftServerConfigKeys (ConfUtils.java:logGet(46)) - raft.server.threadpool.client.size = 0 (default)
2022-08-10 09:23:08,363 [pool-680-thread-1] INFO  server.RaftServer$Division (RaftServerImpl.java:start(310)) - e06c7883-c7a0-4496-b519-f5e79e748d82@group-147CCC924E7A: start as a follower, conf=-1: [e06c7883-c7a0-4496-b519-f5e79e748d82|rpc:10.1.0.9:34055|priority:1], old=null
2022-08-10 09:23:08,363 [EndpointStateMachine task thread for /0.0.0.0:42301 - 0 ] INFO  ipc.Client (Client.java:handleConnectionFailure(977)) - Retrying connect to server: 0.0.0.0/0.0.0.0:42301. Already tried 2 time(s); retry policy is RetryUpToMaximumCountWithFixedSleep(maxRetries=15, sleepTime=1000 MILLISECONDS)
2022-08-10 09:23:08,365 [pool-680-thread-1] INFO  server.RaftServer$Division (RaftServerImpl.java:setRole(299)) - e06c7883-c7a0-4496-b519-f5e79e748d82@group-147CCC924E7A: changes role from      null to FOLLOWER at term 0 for startAsFollower
2022-08-10 09:23:08,365 [pool-680-thread-1] INFO  impl.RoleInfo (RoleInfo.java:updateAndGet(139)) - e06c7883-c7a0-4496-b519-f5e79e748d82: start e06c7883-c7a0-4496-b519-f5e79e748d82@group-147CCC924E7A-FollowerState
2022-08-10 09:23:08,375 [pool-680-thread-1] INFO  util.JmxRegister (JmxRegister.java:tryRegister(44)) - Successfully registered JMX Bean with object name Ratis:service=RaftServer,group=group-147CCC924E7A,id=e06c7883-c7a0-4496-b519-f5e79e748d82
2022-08-10 09:23:08,386 [Command processor thread] INFO  ratis.XceiverServerRatis (XceiverServerRatis.java:addGroup(765)) - Created group PipelineID=9f0bbf30-a3fa-4ef1-8f96-147ccc924e7a
2022-08-10 09:23:08,386 [Command processor thread] INFO  commandhandler.CreatePipelineCommandHandler (CreatePipelineCommandHandler.java:handle(113)) - Created Pipeline RATIS ONE PipelineID=9f0bbf30-a3fa-4ef1-8f96-147ccc924e7a.
2022-08-10 09:23:08,386 [Command processor thread] INFO  server.RaftServer (RaftServerProxy.java:addNew(96)) - e06c7883-c7a0-4496-b519-f5e79e748d82: addNew group-4D904FF2D2BD:[8861b532-8644-464f-96f7-f43eddde564a|rpc:10.1.0.9:35537|priority:0, b74f4fe1-68c4-415c-98c4-eddeab9d2099|rpc:10.1.0.9:46513|priority:0, e06c7883-c7a0-4496-b519-f5e79e748d82|rpc:10.1.0.9:34055|priority:1] returns group-4D904FF2D2BD:java.util.concurrent.CompletableFuture@327c5747[Not completed]
2022-08-10 09:23:08,387 [pool-680-thread-1] INFO  server.RaftServer$Division (RaftServerImpl.java:<init>(190)) - e06c7883-c7a0-4496-b519-f5e79e748d82: new RaftServerImpl for group-4D904FF2D2BD:[8861b532-8644-464f-96f7-f43eddde564a|rpc:10.1.0.9:35537|priority:0, b74f4fe1-68c4-415c-98c4-eddeab9d2099|rpc:10.1.0.9:46513|priority:0, e06c7883-c7a0-4496-b519-f5e79e748d82|rpc:10.1.0.9:34055|priority:1] with ContainerStateMachine:uninitialized
2022-08-10 09:23:08,387 [pool-680-thread-1] INFO  server.RaftServerConfigKeys (ConfUtils.java:logGet(46)) - raft.server.rpc.timeout.min = 5s (custom)
2022-08-10 09:23:08,387 [pool-680-thread-1] INFO  server.RaftServerConfigKeys (ConfUtils.java:logGet(46)) - raft.server.rpc.timeout.max = 5200ms (custom)
2022-08-10 09:23:08,387 [pool-680-thread-1] INFO  server.RaftServerConfigKeys (ConfUtils.java:logGet(46)) - raft.server.rpc.sleep.time = 25ms (default)
2022-08-10 09:23:08,387 [pool-680-thread-1] INFO  server.RaftServerConfigKeys (ConfUtils.java:logGet(46)) - raft.server.rpc.slowness.timeout = 300s (custom)
2022-08-10 09:23:08,387 [pool-680-thread-1] INFO  server.RaftServerConfigKeys (ConfUtils.java:logGet(46)) - raft.server.leaderelection.leader.step-down.wait-time = 10s (default)
2022-08-10 09:23:08,387 [pool-680-thread-1] INFO  server.RaftServerConfigKeys (ConfUtils.java:logGet(46)) - raft.server.sleep.deviation.threshold = 300ms (default)
2022-08-10 09:23:08,388 [pool-680-thread-1] INFO  server.RaftServer$Division (ServerState.java:<init>(107)) - e06c7883-c7a0-4496-b519-f5e79e748d82@group-4D904FF2D2BD: ConfigurationManager, init=-1: [8861b532-8644-464f-96f7-f43eddde564a|rpc:10.1.0.9:35537|priority:0, b74f4fe1-68c4-415c-98c4-eddeab9d2099|rpc:10.1.0.9:46513|priority:0, e06c7883-c7a0-4496-b519-f5e79e748d82|rpc:10.1.0.9:34055|priority:1], old=null, confs=<EMPTY_MAP>
2022-08-10 09:23:08,388 [pool-680-thread-1] INFO  server.RaftServerConfigKeys (ConfUtils.java:logGet(46)) - raft.server.storage.dir = [/home/runner/work/ozone/ozone/hadoop-ozone/integration-test/target/test-dir/MiniOzoneClusterImpl-2080ac2c-1c22-4300-b117-cc71631a0cfb/datanode-0/data/ratis] (custom)
2022-08-10 09:23:08,388 [pool-680-thread-1] INFO  server.RaftServerConfigKeys (ConfUtils.java:logGet(46)) - raft.server.log.corruption.policy = EXCEPTION (default)
2022-08-10 09:23:08,388 [pool-680-thread-1] INFO  server.RaftServerConfigKeys (ConfUtils.java:logGet(46)) - raft.server.storage.free-space.min = 0MB (=0) (default)
2022-08-10 09:23:08,388 [pool-680-thread-1] INFO  storage.RaftStorageDirectory (RaftStorageDirectoryImpl.java:analyzeStorage(135)) - The storage directory /home/runner/work/ozone/ozone/hadoop-ozone/integration-test/target/test-dir/MiniOzoneClusterImpl-2080ac2c-1c22-4300-b117-cc71631a0cfb/datanode-0/data/ratis/586ac37b-7878-44e2-a0e6-4d904ff2d2bd does not exist. Creating ...
2022-08-10 09:23:08,392 [pool-680-thread-1] INFO  storage.RaftStorageDirectory (RaftStorageDirectoryImpl.java:tryLock(230)) - Lock on /home/runner/work/ozone/ozone/hadoop-ozone/integration-test/target/test-dir/MiniOzoneClusterImpl-2080ac2c-1c22-4300-b117-cc71631a0cfb/datanode-0/data/ratis/586ac37b-7878-44e2-a0e6-4d904ff2d2bd/in_use.lock acquired by nodename 28234@fv-az244-795
2022-08-10 09:23:08,394 [pool-680-thread-1] INFO  storage.RaftStorage (RaftStorageImpl.java:format(89)) - Storage directory /home/runner/work/ozone/ozone/hadoop-ozone/integration-test/target/test-dir/MiniOzoneClusterImpl-2080ac2c-1c22-4300-b117-cc71631a0cfb/datanode-0/data/ratis/586ac37b-7878-44e2-a0e6-4d904ff2d2bd has been successfully formatted.
2022-08-10 09:23:08,396 [pool-680-thread-1] INFO  ratis.ContainerStateMachine (ContainerStateMachine.java:loadSnapshot(236)) - group-4D904FF2D2BD: The snapshot info is null. Setting the last applied indexto:(t:0, i:~)
2022-08-10 09:23:08,396 [EventQueue-OpenPipelineForHealthyPipelineSafeModeRule] INFO  safemode.SCMSafeModeManager (HealthyPipelineSafeModeRule.java:process(137)) - SCM in safe mode. Healthy pipelines reported count is 0, required healthy pipeline reported count is 1
2022-08-10 09:23:08,396 [pool-680-thread-1] INFO  server.RaftServerConfigKeys (ConfUtils.java:logGet(46)) - raft.server.notification.no-leader.timeout = 300s (custom)
2022-08-10 09:23:08,396 [pool-680-thread-1] INFO  server.RaftServerConfigKeys (ConfUtils.java:logGet(46)) - raft.server.log.use.memory = false (default)
2022-08-10 09:23:08,396 [pool-680-thread-1] INFO  server.RaftServerConfigKeys (ConfUtils.java:logGet(46)) - raft.server.log.purge.gap = 1000000 (custom)
2022-08-10 09:23:08,396 [pool-680-thread-1] INFO  server.RaftServerConfigKeys (ConfUtils.java:logGet(46)) - raft.server.log.appender.buffer.byte-limit = 33554432 (custom)
2022-08-10 09:23:08,396 [pool-680-thread-1] INFO  server.RaftServerConfigKeys (ConfUtils.java:logGet(46)) - raft.server.log.statemachine.data.read.timeout = 1000ms (default)
2022-08-10 09:23:08,397 [pool-680-thread-1] INFO  server.RaftServerConfigKeys (ConfUtils.java:logGet(46)) - raft.server.log.segment.size.max = 1048576 (custom)
2022-08-10 09:23:08,397 [pool-680-thread-1] INFO  server.RaftServerConfigKeys (ConfUtils.java:logGet(46)) - raft.server.log.segment.cache.num.max = 2 (custom)
2022-08-10 09:23:08,397 [pool-680-thread-1] INFO  server.RaftServerConfigKeys (ConfUtils.java:logGet(46)) - raft.server.log.segment.cache.size.max = 200MB (=209715200) (default)
2022-08-10 09:23:08,397 [pool-680-thread-1] INFO  segmented.SegmentedRaftLogWorker (SegmentedRaftLogWorker.java:<init>(187)) - new e06c7883-c7a0-4496-b519-f5e79e748d82@group-4D904FF2D2BD-SegmentedRaftLogWorker for RaftStorageImpl:Storage Directory /home/runner/work/ozone/ozone/hadoop-ozone/integration-test/target/test-dir/MiniOzoneClusterImpl-2080ac2c-1c22-4300-b117-cc71631a0cfb/datanode-0/data/ratis/586ac37b-7878-44e2-a0e6-4d904ff2d2bd
2022-08-10 09:23:08,397 [pool-680-thread-1] INFO  server.RaftServerConfigKeys (ConfUtils.java:logGet(46)) - raft.server.log.queue.byte-limit = 4294967296 (custom)
2022-08-10 09:23:08,397 [pool-680-thread-1] INFO  server.RaftServerConfigKeys (ConfUtils.java:logGet(46)) - raft.server.log.queue.element-limit = 1024 (custom)
2022-08-10 09:23:08,397 [pool-680-thread-1] INFO  server.RaftServerConfigKeys (ConfUtils.java:logGet(46)) - raft.server.log.segment.size.max = 1048576 (custom)
2022-08-10 09:23:08,397 [pool-680-thread-1] INFO  server.RaftServerConfigKeys (ConfUtils.java:logGet(46)) - raft.server.log.preallocated.size = 16384 (custom)
2022-08-10 09:23:08,398 [pool-680-thread-1] INFO  server.RaftServerConfigKeys (ConfUtils.java:logGet(46)) - raft.server.log.force.sync.num = 128 (default)
2022-08-10 09:23:08,398 [pool-680-thread-1] INFO  server.RaftServerConfigKeys (ConfUtils.java:logGet(46)) - raft.server.log.statemachine.data.sync = true (default)
2022-08-10 09:23:08,398 [pool-680-thread-1] INFO  server.RaftServerConfigKeys (ConfUtils.java:logGet(46)) - raft.server.log.statemachine.data.sync.timeout = 10s (default)
2022-08-10 09:23:08,398 [pool-680-thread-1] INFO  server.RaftServerConfigKeys (ConfUtils.java:logGet(46)) - raft.server.log.statemachine.data.sync.timeout.retry = -1 (default)
2022-08-10 09:23:08,399 [pool-680-thread-1] INFO  server.RaftServerConfigKeys (ConfUtils.java:logGet(46)) - raft.server.log.write.buffer.size = 1048576 (custom)
2022-08-10 09:23:08,400 [pool-680-thread-1] INFO  server.RaftServerConfigKeys (ConfUtils.java:logGet(46)) - raft.server.log.unsafe-flush.enabled = false (default)
2022-08-10 09:23:08,400 [pool-680-thread-1] INFO  server.RaftServerConfigKeys (ConfUtils.java:logGet(46)) - raft.server.log.statemachine.data.caching.enabled = true (custom)
2022-08-10 09:23:08,400 [pool-680-thread-1] INFO  segmented.SegmentedRaftLogWorker (SegmentedRaftLogWorker.java:lambda$new$0(135)) - e06c7883-c7a0-4496-b519-f5e79e748d82@group-4D904FF2D2BD-SegmentedRaftLogWorker: flushIndex: setUnconditionally 0 -> -1
2022-08-10 09:23:08,400 [pool-680-thread-1] INFO  segmented.SegmentedRaftLogWorker (SegmentedRaftLogWorker.java:lambda$new$0(135)) - e06c7883-c7a0-4496-b519-f5e79e748d82@group-4D904FF2D2BD-SegmentedRaftLogWorker: safeCacheEvictIndex: setUnconditionally 0 -> -1
2022-08-10 09:23:08,404 [pool-680-thread-1] INFO  server.RaftServerConfigKeys (ConfUtils.java:logGet(46)) - raft.server.snapshot.auto.trigger.enabled = true (custom)
2022-08-10 09:23:08,404 [pool-680-thread-1] INFO  server.RaftServerConfigKeys (ConfUtils.java:logGet(46)) - raft.server.snapshot.auto.trigger.threshold = 10000 (custom)
2022-08-10 09:23:08,404 [pool-680-thread-1] INFO  server.RaftServerConfigKeys (ConfUtils.java:logGet(46)) - raft.server.snapshot.retention.file.num = 5 (custom)
2022-08-10 09:23:08,404 [pool-680-thread-1] INFO  server.RaftServerConfigKeys (ConfUtils.java:logGet(46)) - raft.server.log.purge.upto.snapshot.index = false (default)
2022-08-10 09:23:08,404 [pool-680-thread-1] INFO  server.RaftServerConfigKeys (ConfUtils.java:logGet(46)) - raft.server.retrycache.expirytime = 600000ms (custom)
2022-08-10 09:23:08,404 [pool-680-thread-1] INFO  server.RaftServerConfigKeys (ConfUtils.java:logGet(46)) - raft.server.retrycache.statistics.expirytime = 100μs (default)
2022-08-10 09:23:08,406 [pool-680-thread-1] INFO  server.RaftServerConfigKeys (ConfUtils.java:logGet(46)) - raft.server.log.appender.install.snapshot.enabled = false (custom)
2022-08-10 09:23:08,406 [pool-680-thread-1] INFO  server.RaftServerConfigKeys (ConfUtils.java:logGet(46)) - raft.server.threadpool.server.cached = true (default)
2022-08-10 09:23:08,407 [pool-680-thread-1] INFO  server.RaftServerConfigKeys (ConfUtils.java:logGet(46)) - raft.server.threadpool.server.size = 0 (default)
2022-08-10 09:23:08,407 [pool-680-thread-1] INFO  server.RaftServerConfigKeys (ConfUtils.java:logGet(46)) - raft.server.threadpool.client.cached = true (default)
2022-08-10 09:23:08,407 [pool-680-thread-1] INFO  server.RaftServerConfigKeys (ConfUtils.java:logGet(46)) - raft.server.threadpool.client.size = 0 (default)
2022-08-10 09:23:08,407 [pool-680-thread-1] INFO  server.RaftServer$Division (RaftServerImpl.java:start(310)) - e06c7883-c7a0-4496-b519-f5e79e748d82@group-4D904FF2D2BD: start as a follower, conf=-1: [8861b532-8644-464f-96f7-f43eddde564a|rpc:10.1.0.9:35537|priority:0, b74f4fe1-68c4-415c-98c4-eddeab9d2099|rpc:10.1.0.9:46513|priority:0, e06c7883-c7a0-4496-b519-f5e79e748d82|rpc:10.1.0.9:34055|priority:1], old=null
2022-08-10 09:23:08,407 [pool-680-thread-1] INFO  server.RaftServer$Division (RaftServerImpl.java:setRole(299)) - e06c7883-c7a0-4496-b519-f5e79e748d82@group-4D904FF2D2BD: changes role from      null to FOLLOWER at term 0 for startAsFollower
2022-08-10 09:23:08,407 [pool-680-thread-1] INFO  impl.RoleInfo (RoleInfo.java:updateAndGet(139)) - e06c7883-c7a0-4496-b519-f5e79e748d82: start e06c7883-c7a0-4496-b519-f5e79e748d82@group-4D904FF2D2BD-FollowerState
2022-08-10 09:23:08,417 [pool-680-thread-1] INFO  util.JmxRegister (JmxRegister.java:tryRegister(44)) - Successfully registered JMX Bean with object name Ratis:service=RaftServer,group=group-4D904FF2D2BD,id=e06c7883-c7a0-4496-b519-f5e79e748d82
2022-08-10 09:23:08,424 [Command processor thread] INFO  ratis.XceiverServerRatis (XceiverServerRatis.java:addGroup(765)) - Created group PipelineID=586ac37b-7878-44e2-a0e6-4d904ff2d2bd
2022-08-10 09:23:08,442 [grpc-default-executor-1] INFO  server.RaftServer (RaftServerProxy.java:addNew(96)) - 8861b532-8644-464f-96f7-f43eddde564a: addNew group-4D904FF2D2BD:[8861b532-8644-464f-96f7-f43eddde564a|rpc:10.1.0.9:35537|dataStream:|priority:0, b74f4fe1-68c4-415c-98c4-eddeab9d2099|rpc:10.1.0.9:46513|dataStream:|priority:0, e06c7883-c7a0-4496-b519-f5e79e748d82|rpc:10.1.0.9:34055|dataStream:|priority:1] returns group-4D904FF2D2BD:java.util.concurrent.CompletableFuture@4fa860ea[Not completed]
2022-08-10 09:23:08,444 [pool-703-thread-1] INFO  server.RaftServer$Division (RaftServerImpl.java:<init>(190)) - 8861b532-8644-464f-96f7-f43eddde564a: new RaftServerImpl for group-4D904FF2D2BD:[8861b532-8644-464f-96f7-f43eddde564a|rpc:10.1.0.9:35537|dataStream:|priority:0, b74f4fe1-68c4-415c-98c4-eddeab9d2099|rpc:10.1.0.9:46513|dataStream:|priority:0, e06c7883-c7a0-4496-b519-f5e79e748d82|rpc:10.1.0.9:34055|dataStream:|priority:1] with ContainerStateMachine:uninitialized
2022-08-10 09:23:08,444 [pool-703-thread-1] INFO  server.RaftServerConfigKeys (ConfUtils.java:logGet(46)) - raft.server.rpc.timeout.min = 5s (custom)
2022-08-10 09:23:08,444 [pool-703-thread-1] INFO  server.RaftServerConfigKeys (ConfUtils.java:logGet(46)) - raft.server.rpc.timeout.max = 5200ms (custom)
2022-08-10 09:23:08,444 [pool-703-thread-1] INFO  server.RaftServerConfigKeys (ConfUtils.java:logGet(46)) - raft.server.rpc.sleep.time = 25ms (default)
2022-08-10 09:23:08,444 [pool-703-thread-1] INFO  server.RaftServerConfigKeys (ConfUtils.java:logGet(46)) - raft.server.rpc.slowness.timeout = 300s (custom)
2022-08-10 09:23:08,444 [pool-703-thread-1] INFO  server.RaftServerConfigKeys (ConfUtils.java:logGet(46)) - raft.server.leaderelection.leader.step-down.wait-time = 10s (default)
2022-08-10 09:23:08,444 [pool-703-thread-1] INFO  server.RaftServerConfigKeys (ConfUtils.java:logGet(46)) - raft.server.sleep.deviation.threshold = 300ms (default)
2022-08-10 09:23:08,444 [pool-703-thread-1] INFO  server.RaftServer$Division (ServerState.java:<init>(107)) - 8861b532-8644-464f-96f7-f43eddde564a@group-4D904FF2D2BD: ConfigurationManager, init=-1: [8861b532-8644-464f-96f7-f43eddde564a|rpc:10.1.0.9:35537|dataStream:|priority:0, b74f4fe1-68c4-415c-98c4-eddeab9d2099|rpc:10.1.0.9:46513|dataStream:|priority:0, e06c7883-c7a0-4496-b519-f5e79e748d82|rpc:10.1.0.9:34055|dataStream:|priority:1], old=null, confs=<EMPTY_MAP>
2022-08-10 09:23:08,444 [pool-703-thread-1] INFO  server.RaftServerConfigKeys (ConfUtils.java:logGet(46)) - raft.server.storage.dir = [/home/runner/work/ozone/ozone/hadoop-ozone/integration-test/target/test-dir/MiniOzoneClusterImpl-2080ac2c-1c22-4300-b117-cc71631a0cfb/datanode-1/data/ratis] (custom)
2022-08-10 09:23:08,445 [pool-703-thread-1] INFO  server.RaftServerConfigKeys (ConfUtils.java:logGet(46)) - raft.server.log.corruption.policy = EXCEPTION (default)
2022-08-10 09:23:08,445 [pool-703-thread-1] INFO  server.RaftServerConfigKeys (ConfUtils.java:logGet(46)) - raft.server.storage.free-space.min = 0MB (=0) (default)
2022-08-10 09:23:08,445 [pool-703-thread-1] INFO  storage.RaftStorageDirectory (RaftStorageDirectoryImpl.java:analyzeStorage(135)) - The storage directory /home/runner/work/ozone/ozone/hadoop-ozone/integration-test/target/test-dir/MiniOzoneClusterImpl-2080ac2c-1c22-4300-b117-cc71631a0cfb/datanode-1/data/ratis/586ac37b-7878-44e2-a0e6-4d904ff2d2bd does not exist. Creating ...
2022-08-10 09:23:08,448 [pool-703-thread-1] INFO  storage.RaftStorageDirectory (RaftStorageDirectoryImpl.java:tryLock(230)) - Lock on /home/runner/work/ozone/ozone/hadoop-ozone/integration-test/target/test-dir/MiniOzoneClusterImpl-2080ac2c-1c22-4300-b117-cc71631a0cfb/datanode-1/data/ratis/586ac37b-7878-44e2-a0e6-4d904ff2d2bd/in_use.lock acquired by nodename 28234@fv-az244-795
2022-08-10 09:23:08,451 [pool-703-thread-1] INFO  storage.RaftStorage (RaftStorageImpl.java:format(89)) - Storage directory /home/runner/work/ozone/ozone/hadoop-ozone/integration-test/target/test-dir/MiniOzoneClusterImpl-2080ac2c-1c22-4300-b117-cc71631a0cfb/datanode-1/data/ratis/586ac37b-7878-44e2-a0e6-4d904ff2d2bd has been successfully formatted.
2022-08-10 09:23:08,454 [pool-703-thread-1] INFO  ratis.ContainerStateMachine (ContainerStateMachine.java:loadSnapshot(236)) - group-4D904FF2D2BD: The snapshot info is null. Setting the last applied indexto:(t:0, i:~)
2022-08-10 09:23:08,458 [pool-703-thread-1] INFO  server.RaftServerConfigKeys (ConfUtils.java:logGet(46)) - raft.server.notification.no-leader.timeout = 300s (custom)
2022-08-10 09:23:08,458 [pool-703-thread-1] INFO  server.RaftServerConfigKeys (ConfUtils.java:logGet(46)) - raft.server.log.use.memory = false (default)
2022-08-10 09:23:08,458 [pool-703-thread-1] INFO  server.RaftServerConfigKeys (ConfUtils.java:logGet(46)) - raft.server.log.purge.gap = 1000000 (custom)
2022-08-10 09:23:08,458 [pool-703-thread-1] INFO  server.RaftServerConfigKeys (ConfUtils.java:logGet(46)) - raft.server.log.appender.buffer.byte-limit = 33554432 (custom)
2022-08-10 09:23:08,458 [pool-703-thread-1] INFO  server.RaftServerConfigKeys (ConfUtils.java:logGet(46)) - raft.server.log.statemachine.data.read.timeout = 1000ms (default)
2022-08-10 09:23:08,459 [pool-703-thread-1] INFO  server.RaftServerConfigKeys (ConfUtils.java:logGet(46)) - raft.server.log.segment.size.max = 1048576 (custom)
2022-08-10 09:23:08,459 [pool-703-thread-1] INFO  server.RaftServerConfigKeys (ConfUtils.java:logGet(46)) - raft.server.log.segment.cache.num.max = 2 (custom)
2022-08-10 09:23:08,459 [pool-703-thread-1] INFO  server.RaftServerConfigKeys (ConfUtils.java:logGet(46)) - raft.server.log.segment.cache.size.max = 200MB (=209715200) (default)
2022-08-10 09:23:08,459 [pool-703-thread-1] INFO  segmented.SegmentedRaftLogWorker (SegmentedRaftLogWorker.java:<init>(187)) - new 8861b532-8644-464f-96f7-f43eddde564a@group-4D904FF2D2BD-SegmentedRaftLogWorker for RaftStorageImpl:Storage Directory /home/runner/work/ozone/ozone/hadoop-ozone/integration-test/target/test-dir/MiniOzoneClusterImpl-2080ac2c-1c22-4300-b117-cc71631a0cfb/datanode-1/data/ratis/586ac37b-7878-44e2-a0e6-4d904ff2d2bd
2022-08-10 09:23:08,459 [pool-703-thread-1] INFO  server.RaftServerConfigKeys (ConfUtils.java:logGet(46)) - raft.server.log.queue.byte-limit = 4294967296 (custom)
2022-08-10 09:23:08,459 [pool-703-thread-1] INFO  server.RaftServerConfigKeys (ConfUtils.java:logGet(46)) - raft.server.log.queue.element-limit = 1024 (custom)
2022-08-10 09:23:08,460 [pool-703-thread-1] INFO  server.RaftServerConfigKeys (ConfUtils.java:logGet(46)) - raft.server.log.segment.size.max = 1048576 (custom)
2022-08-10 09:23:08,460 [pool-703-thread-1] INFO  server.RaftServerConfigKeys (ConfUtils.java:logGet(46)) - raft.server.log.preallocated.size = 16384 (custom)
2022-08-10 09:23:08,460 [pool-703-thread-1] INFO  server.RaftServerConfigKeys (ConfUtils.java:logGet(46)) - raft.server.log.force.sync.num = 128 (default)
2022-08-10 09:23:08,460 [pool-703-thread-1] INFO  server.RaftServerConfigKeys (ConfUtils.java:logGet(46)) - raft.server.log.statemachine.data.sync = true (default)
2022-08-10 09:23:08,460 [pool-703-thread-1] INFO  server.RaftServerConfigKeys (ConfUtils.java:logGet(46)) - raft.server.log.statemachine.data.sync.timeout = 10s (default)
2022-08-10 09:23:08,460 [pool-703-thread-1] INFO  server.RaftServerConfigKeys (ConfUtils.java:logGet(46)) - raft.server.log.statemachine.data.sync.timeout.retry = -1 (default)
2022-08-10 09:23:08,461 [pool-703-thread-1] INFO  server.RaftServerConfigKeys (ConfUtils.java:logGet(46)) - raft.server.log.write.buffer.size = 1048576 (custom)
2022-08-10 09:23:08,461 [pool-703-thread-1] INFO  server.RaftServerConfigKeys (ConfUtils.java:logGet(46)) - raft.server.log.unsafe-flush.enabled = false (default)
2022-08-10 09:23:08,462 [pool-703-thread-1] INFO  server.RaftServerConfigKeys (ConfUtils.java:logGet(46)) - raft.server.log.statemachine.data.caching.enabled = true (custom)
2022-08-10 09:23:08,462 [pool-703-thread-1] INFO  segmented.SegmentedRaftLogWorker (SegmentedRaftLogWorker.java:lambda$new$0(135)) - 8861b532-8644-464f-96f7-f43eddde564a@group-4D904FF2D2BD-SegmentedRaftLogWorker: flushIndex: setUnconditionally 0 -> -1
2022-08-10 09:23:08,462 [pool-703-thread-1] INFO  segmented.SegmentedRaftLogWorker (SegmentedRaftLogWorker.java:lambda$new$0(135)) - 8861b532-8644-464f-96f7-f43eddde564a@group-4D904FF2D2BD-SegmentedRaftLogWorker: safeCacheEvictIndex: setUnconditionally 0 -> -1
2022-08-10 09:23:08,462 [pool-703-thread-1] INFO  server.RaftServerConfigKeys (ConfUtils.java:logGet(46)) - raft.server.snapshot.auto.trigger.enabled = true (custom)
2022-08-10 09:23:08,462 [pool-703-thread-1] INFO  server.RaftServerConfigKeys (ConfUtils.java:logGet(46)) - raft.server.snapshot.auto.trigger.threshold = 10000 (custom)
2022-08-10 09:23:08,462 [pool-703-thread-1] INFO  server.RaftServerConfigKeys (ConfUtils.java:logGet(46)) - raft.server.snapshot.retention.file.num = 5 (custom)
2022-08-10 09:23:08,462 [pool-703-thread-1] INFO  server.RaftServerConfigKeys (ConfUtils.java:logGet(46)) - raft.server.log.purge.upto.snapshot.index = false (default)
2022-08-10 09:23:08,462 [pool-703-thread-1] INFO  server.RaftServerConfigKeys (ConfUtils.java:logGet(46)) - raft.server.retrycache.expirytime = 600000ms (custom)
2022-08-10 09:23:08,462 [pool-703-thread-1] INFO  server.RaftServerConfigKeys (ConfUtils.java:logGet(46)) - raft.server.retrycache.statistics.expirytime = 100μs (default)
2022-08-10 09:23:08,464 [pool-703-thread-1] INFO  server.RaftServerConfigKeys (ConfUtils.java:logGet(46)) - raft.server.log.appender.install.snapshot.enabled = false (custom)
2022-08-10 09:23:08,464 [pool-703-thread-1] INFO  server.RaftServerConfigKeys (ConfUtils.java:logGet(46)) - raft.server.threadpool.server.cached = true (default)
2022-08-10 09:23:08,464 [pool-703-thread-1] INFO  server.RaftServerConfigKeys (ConfUtils.java:logGet(46)) - raft.server.threadpool.server.size = 0 (default)
2022-08-10 09:23:08,464 [pool-703-thread-1] INFO  server.RaftServerConfigKeys (ConfUtils.java:logGet(46)) - raft.server.threadpool.client.cached = true (default)
2022-08-10 09:23:08,464 [pool-703-thread-1] INFO  server.RaftServerConfigKeys (ConfUtils.java:logGet(46)) - raft.server.threadpool.client.size = 0 (default)
2022-08-10 09:23:08,464 [pool-703-thread-1] INFO  server.RaftServer$Division (RaftServerImpl.java:start(310)) - 8861b532-8644-464f-96f7-f43eddde564a@group-4D904FF2D2BD: start as a follower, conf=-1: [8861b532-8644-464f-96f7-f43eddde564a|rpc:10.1.0.9:35537|dataStream:|priority:0, b74f4fe1-68c4-415c-98c4-eddeab9d2099|rpc:10.1.0.9:46513|dataStream:|priority:0, e06c7883-c7a0-4496-b519-f5e79e748d82|rpc:10.1.0.9:34055|dataStream:|priority:1], old=null
2022-08-10 09:23:08,464 [pool-703-thread-1] INFO  server.RaftServer$Division (RaftServerImpl.java:setRole(299)) - 8861b532-8644-464f-96f7-f43eddde564a@group-4D904FF2D2BD: changes role from      null to FOLLOWER at term 0 for startAsFollower
2022-08-10 09:23:08,465 [pool-703-thread-1] INFO  impl.RoleInfo (RoleInfo.java:updateAndGet(139)) - 8861b532-8644-464f-96f7-f43eddde564a: start 8861b532-8644-464f-96f7-f43eddde564a@group-4D904FF2D2BD-FollowerState
2022-08-10 09:23:08,470 [pool-703-thread-1] INFO  util.JmxRegister (JmxRegister.java:tryRegister(44)) - Successfully registered JMX Bean with object name Ratis:service=RaftServer,group=group-4D904FF2D2BD,id=8861b532-8644-464f-96f7-f43eddde564a
2022-08-10 09:23:08,496 [grpc-default-executor-4] INFO  server.RaftServer (RaftServerProxy.java:addNew(96)) - b74f4fe1-68c4-415c-98c4-eddeab9d2099: addNew group-4D904FF2D2BD:[8861b532-8644-464f-96f7-f43eddde564a|rpc:10.1.0.9:35537|dataStream:|priority:0, b74f4fe1-68c4-415c-98c4-eddeab9d2099|rpc:10.1.0.9:46513|dataStream:|priority:0, e06c7883-c7a0-4496-b519-f5e79e748d82|rpc:10.1.0.9:34055|dataStream:|priority:1] returns group-4D904FF2D2BD:java.util.concurrent.CompletableFuture@40c2c1c3[Not completed]
2022-08-10 09:23:08,504 [pool-726-thread-1] INFO  server.RaftServer$Division (RaftServerImpl.java:<init>(190)) - b74f4fe1-68c4-415c-98c4-eddeab9d2099: new RaftServerImpl for group-4D904FF2D2BD:[8861b532-8644-464f-96f7-f43eddde564a|rpc:10.1.0.9:35537|dataStream:|priority:0, b74f4fe1-68c4-415c-98c4-eddeab9d2099|rpc:10.1.0.9:46513|dataStream:|priority:0, e06c7883-c7a0-4496-b519-f5e79e748d82|rpc:10.1.0.9:34055|dataStream:|priority:1] with ContainerStateMachine:uninitialized
2022-08-10 09:23:08,504 [pool-726-thread-1] INFO  server.RaftServerConfigKeys (ConfUtils.java:logGet(46)) - raft.server.rpc.timeout.min = 5s (custom)
2022-08-10 09:23:08,504 [pool-726-thread-1] INFO  server.RaftServerConfigKeys (ConfUtils.java:logGet(46)) - raft.server.rpc.timeout.max = 5200ms (custom)
2022-08-10 09:23:08,504 [pool-726-thread-1] INFO  server.RaftServerConfigKeys (ConfUtils.java:logGet(46)) - raft.server.rpc.sleep.time = 25ms (default)
2022-08-10 09:23:08,504 [pool-726-thread-1] INFO  server.RaftServerConfigKeys (ConfUtils.java:logGet(46)) - raft.server.rpc.slowness.timeout = 300s (custom)
2022-08-10 09:23:08,504 [pool-726-thread-1] INFO  server.RaftServerConfigKeys (ConfUtils.java:logGet(46)) - raft.server.leaderelection.leader.step-down.wait-time = 10s (default)
2022-08-10 09:23:08,504 [pool-726-thread-1] INFO  server.RaftServerConfigKeys (ConfUtils.java:logGet(46)) - raft.server.sleep.deviation.threshold = 300ms (default)
2022-08-10 09:23:08,504 [pool-726-thread-1] INFO  server.RaftServer$Division (ServerState.java:<init>(107)) - b74f4fe1-68c4-415c-98c4-eddeab9d2099@group-4D904FF2D2BD: ConfigurationManager, init=-1: [8861b532-8644-464f-96f7-f43eddde564a|rpc:10.1.0.9:35537|dataStream:|priority:0, b74f4fe1-68c4-415c-98c4-eddeab9d2099|rpc:10.1.0.9:46513|dataStream:|priority:0, e06c7883-c7a0-4496-b519-f5e79e748d82|rpc:10.1.0.9:34055|dataStream:|priority:1], old=null, confs=<EMPTY_MAP>
2022-08-10 09:23:08,504 [pool-726-thread-1] INFO  server.RaftServerConfigKeys (ConfUtils.java:logGet(46)) - raft.server.storage.dir = [/home/runner/work/ozone/ozone/hadoop-ozone/integration-test/target/test-dir/MiniOzoneClusterImpl-2080ac2c-1c22-4300-b117-cc71631a0cfb/datanode-2/data/ratis] (custom)
2022-08-10 09:23:08,505 [pool-726-thread-1] INFO  server.RaftServerConfigKeys (ConfUtils.java:logGet(46)) - raft.server.log.corruption.policy = EXCEPTION (default)
2022-08-10 09:23:08,505 [pool-726-thread-1] INFO  server.RaftServerConfigKeys (ConfUtils.java:logGet(46)) - raft.server.storage.free-space.min = 0MB (=0) (default)
2022-08-10 09:23:08,505 [pool-726-thread-1] INFO  storage.RaftStorageDirectory (RaftStorageDirectoryImpl.java:analyzeStorage(135)) - The storage directory /home/runner/work/ozone/ozone/hadoop-ozone/integration-test/target/test-dir/MiniOzoneClusterImpl-2080ac2c-1c22-4300-b117-cc71631a0cfb/datanode-2/data/ratis/586ac37b-7878-44e2-a0e6-4d904ff2d2bd does not exist. Creating ...
2022-08-10 09:23:08,510 [pool-726-thread-1] INFO  storage.RaftStorageDirectory (RaftStorageDirectoryImpl.java:tryLock(230)) - Lock on /home/runner/work/ozone/ozone/hadoop-ozone/integration-test/target/test-dir/MiniOzoneClusterImpl-2080ac2c-1c22-4300-b117-cc71631a0cfb/datanode-2/data/ratis/586ac37b-7878-44e2-a0e6-4d904ff2d2bd/in_use.lock acquired by nodename 28234@fv-az244-795
2022-08-10 09:23:08,511 [pool-726-thread-1] INFO  storage.RaftStorage (RaftStorageImpl.java:format(89)) - Storage directory /home/runner/work/ozone/ozone/hadoop-ozone/integration-test/target/test-dir/MiniOzoneClusterImpl-2080ac2c-1c22-4300-b117-cc71631a0cfb/datanode-2/data/ratis/586ac37b-7878-44e2-a0e6-4d904ff2d2bd has been successfully formatted.
2022-08-10 09:23:08,511 [pool-726-thread-1] INFO  ratis.ContainerStateMachine (ContainerStateMachine.java:loadSnapshot(236)) - group-4D904FF2D2BD: The snapshot info is null. Setting the last applied indexto:(t:0, i:~)
2022-08-10 09:23:08,512 [pool-726-thread-1] INFO  server.RaftServerConfigKeys (ConfUtils.java:logGet(46)) - raft.server.notification.no-leader.timeout = 300s (custom)
2022-08-10 09:23:08,512 [pool-726-thread-1] INFO  server.RaftServerConfigKeys (ConfUtils.java:logGet(46)) - raft.server.log.use.memory = false (default)
2022-08-10 09:23:08,512 [pool-726-thread-1] INFO  server.RaftServerConfigKeys (ConfUtils.java:logGet(46)) - raft.server.log.purge.gap = 1000000 (custom)
2022-08-10 09:23:08,512 [pool-726-thread-1] INFO  server.RaftServerConfigKeys (ConfUtils.java:logGet(46)) - raft.server.log.appender.buffer.byte-limit = 33554432 (custom)
2022-08-10 09:23:08,512 [pool-726-thread-1] INFO  server.RaftServerConfigKeys (ConfUtils.java:logGet(46)) - raft.server.log.statemachine.data.read.timeout = 1000ms (default)
2022-08-10 09:23:08,512 [pool-726-thread-1] INFO  server.RaftServerConfigKeys (ConfUtils.java:logGet(46)) - raft.server.log.segment.size.max = 1048576 (custom)
2022-08-10 09:23:08,512 [pool-726-thread-1] INFO  server.RaftServerConfigKeys (ConfUtils.java:logGet(46)) - raft.server.log.segment.cache.num.max = 2 (custom)
2022-08-10 09:23:08,513 [pool-726-thread-1] INFO  server.RaftServerConfigKeys (ConfUtils.java:logGet(46)) - raft.server.log.segment.cache.size.max = 200MB (=209715200) (default)
2022-08-10 09:23:08,513 [pool-726-thread-1] INFO  segmented.SegmentedRaftLogWorker (SegmentedRaftLogWorker.java:<init>(187)) - new b74f4fe1-68c4-415c-98c4-eddeab9d2099@group-4D904FF2D2BD-SegmentedRaftLogWorker for RaftStorageImpl:Storage Directory /home/runner/work/ozone/ozone/hadoop-ozone/integration-test/target/test-dir/MiniOzoneClusterImpl-2080ac2c-1c22-4300-b117-cc71631a0cfb/datanode-2/data/ratis/586ac37b-7878-44e2-a0e6-4d904ff2d2bd
2022-08-10 09:23:08,513 [pool-726-thread-1] INFO  server.RaftServerConfigKeys (ConfUtils.java:logGet(46)) - raft.server.log.queue.byte-limit = 4294967296 (custom)
2022-08-10 09:23:08,513 [pool-726-thread-1] INFO  server.RaftServerConfigKeys (ConfUtils.java:logGet(46)) - raft.server.log.queue.element-limit = 1024 (custom)
2022-08-10 09:23:08,513 [pool-726-thread-1] INFO  server.RaftServerConfigKeys (ConfUtils.java:logGet(46)) - raft.server.log.segment.size.max = 1048576 (custom)
2022-08-10 09:23:08,513 [pool-726-thread-1] INFO  server.RaftServerConfigKeys (ConfUtils.java:logGet(46)) - raft.server.log.preallocated.size = 16384 (custom)
2022-08-10 09:23:08,513 [pool-726-thread-1] INFO  server.RaftServerConfigKeys (ConfUtils.java:logGet(46)) - raft.server.log.force.sync.num = 128 (default)
2022-08-10 09:23:08,513 [pool-726-thread-1] INFO  server.RaftServerConfigKeys (ConfUtils.java:logGet(46)) - raft.server.log.statemachine.data.sync = true (default)
2022-08-10 09:23:08,513 [pool-726-thread-1] INFO  server.RaftServerConfigKeys (ConfUtils.java:logGet(46)) - raft.server.log.statemachine.data.sync.timeout = 10s (default)
2022-08-10 09:23:08,513 [pool-726-thread-1] INFO  server.RaftServerConfigKeys (ConfUtils.java:logGet(46)) - raft.server.log.statemachine.data.sync.timeout.retry = -1 (default)
2022-08-10 09:23:08,514 [pool-726-thread-1] INFO  server.RaftServerConfigKeys (ConfUtils.java:logGet(46)) - raft.server.log.write.buffer.size = 1048576 (custom)
2022-08-10 09:23:08,514 [pool-726-thread-1] INFO  server.RaftServerConfigKeys (ConfUtils.java:logGet(46)) - raft.server.log.unsafe-flush.enabled = false (default)
2022-08-10 09:23:08,514 [pool-726-thread-1] INFO  server.RaftServerConfigKeys (ConfUtils.java:logGet(46)) - raft.server.log.statemachine.data.caching.enabled = true (custom)
2022-08-10 09:23:08,526 [pool-726-thread-1] INFO  segmented.SegmentedRaftLogWorker (SegmentedRaftLogWorker.java:lambda$new$0(135)) - b74f4fe1-68c4-415c-98c4-eddeab9d2099@group-4D904FF2D2BD-SegmentedRaftLogWorker: flushIndex: setUnconditionally 0 -> -1
2022-08-10 09:23:08,526 [pool-726-thread-1] INFO  segmented.SegmentedRaftLogWorker (SegmentedRaftLogWorker.java:lambda$new$0(135)) - b74f4fe1-68c4-415c-98c4-eddeab9d2099@group-4D904FF2D2BD-SegmentedRaftLogWorker: safeCacheEvictIndex: setUnconditionally 0 -> -1
2022-08-10 09:23:08,536 [pool-726-thread-1] INFO  server.RaftServerConfigKeys (ConfUtils.java:logGet(46)) - raft.server.snapshot.auto.trigger.enabled = true (custom)
2022-08-10 09:23:08,536 [pool-726-thread-1] INFO  server.RaftServerConfigKeys (ConfUtils.java:logGet(46)) - raft.server.snapshot.auto.trigger.threshold = 10000 (custom)
2022-08-10 09:23:08,536 [pool-726-thread-1] INFO  server.RaftServerConfigKeys (ConfUtils.java:logGet(46)) - raft.server.snapshot.retention.file.num = 5 (custom)
2022-08-10 09:23:08,536 [pool-726-thread-1] INFO  server.RaftServerConfigKeys (ConfUtils.java:logGet(46)) - raft.server.log.purge.upto.snapshot.index = false (default)
2022-08-10 09:23:08,536 [pool-726-thread-1] INFO  server.RaftServerConfigKeys (ConfUtils.java:logGet(46)) - raft.server.retrycache.expirytime = 600000ms (custom)
2022-08-10 09:23:08,536 [pool-726-thread-1] INFO  server.RaftServerConfigKeys (ConfUtils.java:logGet(46)) - raft.server.retrycache.statistics.expirytime = 100μs (default)
2022-08-10 09:23:08,538 [pool-726-thread-1] INFO  server.RaftServerConfigKeys (ConfUtils.java:logGet(46)) - raft.server.log.appender.install.snapshot.enabled = false (custom)
2022-08-10 09:23:08,538 [pool-726-thread-1] INFO  server.RaftServerConfigKeys (ConfUtils.java:logGet(46)) - raft.server.threadpool.server.cached = true (default)
2022-08-10 09:23:08,538 [pool-726-thread-1] INFO  server.RaftServerConfigKeys (ConfUtils.java:logGet(46)) - raft.server.threadpool.server.size = 0 (default)
2022-08-10 09:23:08,538 [pool-726-thread-1] INFO  server.RaftServerConfigKeys (ConfUtils.java:logGet(46)) - raft.server.threadpool.client.cached = true (default)
2022-08-10 09:23:08,538 [pool-726-thread-1] INFO  server.RaftServerConfigKeys (ConfUtils.java:logGet(46)) - raft.server.threadpool.client.size = 0 (default)
2022-08-10 09:23:08,538 [pool-726-thread-1] INFO  server.RaftServer$Division (RaftServerImpl.java:start(310)) - b74f4fe1-68c4-415c-98c4-eddeab9d2099@group-4D904FF2D2BD: start as a follower, conf=-1: [8861b532-8644-464f-96f7-f43eddde564a|rpc:10.1.0.9:35537|dataStream:|priority:0, b74f4fe1-68c4-415c-98c4-eddeab9d2099|rpc:10.1.0.9:46513|dataStream:|priority:0, e06c7883-c7a0-4496-b519-f5e79e748d82|rpc:10.1.0.9:34055|dataStream:|priority:1], old=null
2022-08-10 09:23:08,538 [pool-726-thread-1] INFO  server.RaftServer$Division (RaftServerImpl.java:setRole(299)) - b74f4fe1-68c4-415c-98c4-eddeab9d2099@group-4D904FF2D2BD: changes role from      null to FOLLOWER at term 0 for startAsFollower
2022-08-10 09:23:08,538 [pool-726-thread-1] INFO  impl.RoleInfo (RoleInfo.java:updateAndGet(139)) - b74f4fe1-68c4-415c-98c4-eddeab9d2099: start b74f4fe1-68c4-415c-98c4-eddeab9d2099@group-4D904FF2D2BD-FollowerState
2022-08-10 09:23:08,552 [pool-726-thread-1] INFO  util.JmxRegister (JmxRegister.java:tryRegister(44)) - Successfully registered JMX Bean with object name Ratis:service=RaftServer,group=group-4D904FF2D2BD,id=b74f4fe1-68c4-415c-98c4-eddeab9d2099
2022-08-10 09:23:08,567 [Command processor thread] INFO  commandhandler.CreatePipelineCommandHandler (CreatePipelineCommandHandler.java:handle(113)) - Created Pipeline RATIS THREE PipelineID=586ac37b-7878-44e2-a0e6-4d904ff2d2bd.
2022-08-10 09:23:08,567 [Command processor thread] INFO  server.RaftServer (RaftServerProxy.java:addNew(96)) - e06c7883-c7a0-4496-b519-f5e79e748d82: addNew group-B580A609090B:[8861b532-8644-464f-96f7-f43eddde564a|rpc:10.1.0.9:35537|priority:1, b74f4fe1-68c4-415c-98c4-eddeab9d2099|rpc:10.1.0.9:46513|priority:0, e06c7883-c7a0-4496-b519-f5e79e748d82|rpc:10.1.0.9:34055|priority:0] returns group-B580A609090B:java.util.concurrent.CompletableFuture@2e4a1581[Not completed]
2022-08-10 09:23:08,568 [pool-680-thread-1] INFO  server.RaftServer$Division (RaftServerImpl.java:<init>(190)) - e06c7883-c7a0-4496-b519-f5e79e748d82: new RaftServerImpl for group-B580A609090B:[8861b532-8644-464f-96f7-f43eddde564a|rpc:10.1.0.9:35537|priority:1, b74f4fe1-68c4-415c-98c4-eddeab9d2099|rpc:10.1.0.9:46513|priority:0, e06c7883-c7a0-4496-b519-f5e79e748d82|rpc:10.1.0.9:34055|priority:0] with ContainerStateMachine:uninitialized
2022-08-10 09:23:08,568 [pool-680-thread-1] INFO  server.RaftServerConfigKeys (ConfUtils.java:logGet(46)) - raft.server.rpc.timeout.min = 5s (custom)
2022-08-10 09:23:08,568 [pool-680-thread-1] INFO  server.RaftServerConfigKeys (ConfUtils.java:logGet(46)) - raft.server.rpc.timeout.max = 5200ms (custom)
2022-08-10 09:23:08,569 [pool-680-thread-1] INFO  server.RaftServerConfigKeys (ConfUtils.java:logGet(46)) - raft.server.rpc.sleep.time = 25ms (default)
2022-08-10 09:23:08,569 [pool-680-thread-1] INFO  server.RaftServerConfigKeys (ConfUtils.java:logGet(46)) - raft.server.rpc.slowness.timeout = 300s (custom)
2022-08-10 09:23:08,569 [pool-680-thread-1] INFO  server.RaftServerConfigKeys (ConfUtils.java:logGet(46)) - raft.server.leaderelection.leader.step-down.wait-time = 10s (default)
2022-08-10 09:23:08,569 [pool-680-thread-1] INFO  server.RaftServerConfigKeys (ConfUtils.java:logGet(46)) - raft.server.sleep.deviation.threshold = 300ms (default)
2022-08-10 09:23:08,569 [pool-680-thread-1] INFO  server.RaftServer$Division (ServerState.java:<init>(107)) - e06c7883-c7a0-4496-b519-f5e79e748d82@group-B580A609090B: ConfigurationManager, init=-1: [8861b532-8644-464f-96f7-f43eddde564a|rpc:10.1.0.9:35537|priority:1, b74f4fe1-68c4-415c-98c4-eddeab9d2099|rpc:10.1.0.9:46513|priority:0, e06c7883-c7a0-4496-b519-f5e79e748d82|rpc:10.1.0.9:34055|priority:0], old=null, confs=<EMPTY_MAP>
2022-08-10 09:23:08,569 [pool-680-thread-1] INFO  server.RaftServerConfigKeys (ConfUtils.java:logGet(46)) - raft.server.storage.dir = [/home/runner/work/ozone/ozone/hadoop-ozone/integration-test/target/test-dir/MiniOzoneClusterImpl-2080ac2c-1c22-4300-b117-cc71631a0cfb/datanode-0/data/ratis] (custom)
2022-08-10 09:23:08,569 [pool-680-thread-1] INFO  server.RaftServerConfigKeys (ConfUtils.java:logGet(46)) - raft.server.log.corruption.policy = EXCEPTION (default)
2022-08-10 09:23:08,569 [pool-680-thread-1] INFO  server.RaftServerConfigKeys (ConfUtils.java:logGet(46)) - raft.server.storage.free-space.min = 0MB (=0) (default)
2022-08-10 09:23:08,569 [pool-680-thread-1] INFO  storage.RaftStorageDirectory (RaftStorageDirectoryImpl.java:analyzeStorage(135)) - The storage directory /home/runner/work/ozone/ozone/hadoop-ozone/integration-test/target/test-dir/MiniOzoneClusterImpl-2080ac2c-1c22-4300-b117-cc71631a0cfb/datanode-0/data/ratis/3859ecb5-6ff7-4ebd-be0c-b580a609090b does not exist. Creating ...
2022-08-10 09:23:08,571 [pool-680-thread-1] INFO  storage.RaftStorageDirectory (RaftStorageDirectoryImpl.java:tryLock(230)) - Lock on /home/runner/work/ozone/ozone/hadoop-ozone/integration-test/target/test-dir/MiniOzoneClusterImpl-2080ac2c-1c22-4300-b117-cc71631a0cfb/datanode-0/data/ratis/3859ecb5-6ff7-4ebd-be0c-b580a609090b/in_use.lock acquired by nodename 28234@fv-az244-795
2022-08-10 09:23:08,572 [pool-680-thread-1] INFO  storage.RaftStorage (RaftStorageImpl.java:format(89)) - Storage directory /home/runner/work/ozone/ozone/hadoop-ozone/integration-test/target/test-dir/MiniOzoneClusterImpl-2080ac2c-1c22-4300-b117-cc71631a0cfb/datanode-0/data/ratis/3859ecb5-6ff7-4ebd-be0c-b580a609090b has been successfully formatted.
2022-08-10 09:23:08,574 [EventQueue-OpenPipelineForHealthyPipelineSafeModeRule] INFO  safemode.SCMSafeModeManager (HealthyPipelineSafeModeRule.java:process(137)) - SCM in safe mode. Healthy pipelines reported count is 0, required healthy pipeline reported count is 1
2022-08-10 09:23:08,574 [pool-680-thread-1] INFO  ratis.ContainerStateMachine (ContainerStateMachine.java:loadSnapshot(236)) - group-B580A609090B: The snapshot info is null. Setting the last applied indexto:(t:0, i:~)
2022-08-10 09:23:08,574 [pool-680-thread-1] INFO  server.RaftServerConfigKeys (ConfUtils.java:logGet(46)) - raft.server.notification.no-leader.timeout = 300s (custom)
2022-08-10 09:23:08,574 [pool-680-thread-1] INFO  server.RaftServerConfigKeys (ConfUtils.java:logGet(46)) - raft.server.log.use.memory = false (default)
2022-08-10 09:23:08,574 [pool-680-thread-1] INFO  server.RaftServerConfigKeys (ConfUtils.java:logGet(46)) - raft.server.log.purge.gap = 1000000 (custom)
2022-08-10 09:23:08,574 [pool-680-thread-1] INFO  server.RaftServerConfigKeys (ConfUtils.java:logGet(46)) - raft.server.log.appender.buffer.byte-limit = 33554432 (custom)
2022-08-10 09:23:08,574 [pool-680-thread-1] INFO  server.RaftServerConfigKeys (ConfUtils.java:logGet(46)) - raft.server.log.statemachine.data.read.timeout = 1000ms (default)
2022-08-10 09:23:08,575 [pool-680-thread-1] INFO  server.RaftServerConfigKeys (ConfUtils.java:logGet(46)) - raft.server.log.segment.size.max = 1048576 (custom)
2022-08-10 09:23:08,575 [pool-680-thread-1] INFO  server.RaftServerConfigKeys (ConfUtils.java:logGet(46)) - raft.server.log.segment.cache.num.max = 2 (custom)
2022-08-10 09:23:08,575 [pool-680-thread-1] INFO  server.RaftServerConfigKeys (ConfUtils.java:logGet(46)) - raft.server.log.segment.cache.size.max = 200MB (=209715200) (default)
2022-08-10 09:23:08,576 [pool-680-thread-1] INFO  segmented.SegmentedRaftLogWorker (SegmentedRaftLogWorker.java:<init>(187)) - new e06c7883-c7a0-4496-b519-f5e79e748d82@group-B580A609090B-SegmentedRaftLogWorker for RaftStorageImpl:Storage Directory /home/runner/work/ozone/ozone/hadoop-ozone/integration-test/target/test-dir/MiniOzoneClusterImpl-2080ac2c-1c22-4300-b117-cc71631a0cfb/datanode-0/data/ratis/3859ecb5-6ff7-4ebd-be0c-b580a609090b
2022-08-10 09:23:08,576 [pool-680-thread-1] INFO  server.RaftServerConfigKeys (ConfUtils.java:logGet(46)) - raft.server.log.queue.byte-limit = 4294967296 (custom)
2022-08-10 09:23:08,576 [pool-680-thread-1] INFO  server.RaftServerConfigKeys (ConfUtils.java:logGet(46)) - raft.server.log.queue.element-limit = 1024 (custom)
2022-08-10 09:23:08,576 [pool-680-thread-1] INFO  server.RaftServerConfigKeys (ConfUtils.java:logGet(46)) - raft.server.log.segment.size.max = 1048576 (custom)
2022-08-10 09:23:08,576 [pool-680-thread-1] INFO  server.RaftServerConfigKeys (ConfUtils.java:logGet(46)) - raft.server.log.preallocated.size = 16384 (custom)
2022-08-10 09:23:08,576 [pool-680-thread-1] INFO  server.RaftServerConfigKeys (ConfUtils.java:logGet(46)) - raft.server.log.force.sync.num = 128 (default)
2022-08-10 09:23:08,576 [pool-680-thread-1] INFO  server.RaftServerConfigKeys (ConfUtils.java:logGet(46)) - raft.server.log.statemachine.data.sync = true (default)
2022-08-10 09:23:08,576 [pool-680-thread-1] INFO  server.RaftServerConfigKeys (ConfUtils.java:logGet(46)) - raft.server.log.statemachine.data.sync.timeout = 10s (default)
2022-08-10 09:23:08,577 [pool-680-thread-1] INFO  server.RaftServerConfigKeys (ConfUtils.java:logGet(46)) - raft.server.log.statemachine.data.sync.timeout.retry = -1 (default)
2022-08-10 09:23:08,578 [pool-680-thread-1] INFO  server.RaftServerConfigKeys (ConfUtils.java:logGet(46)) - raft.server.log.write.buffer.size = 1048576 (custom)
2022-08-10 09:23:08,578 [pool-680-thread-1] INFO  server.RaftServerConfigKeys (ConfUtils.java:logGet(46)) - raft.server.log.unsafe-flush.enabled = false (default)
2022-08-10 09:23:08,579 [pool-680-thread-1] INFO  server.RaftServerConfigKeys (ConfUtils.java:logGet(46)) - raft.server.log.statemachine.data.caching.enabled = true (custom)
2022-08-10 09:23:08,579 [pool-680-thread-1] INFO  segmented.SegmentedRaftLogWorker (SegmentedRaftLogWorker.java:lambda$new$0(135)) - e06c7883-c7a0-4496-b519-f5e79e748d82@group-B580A609090B-SegmentedRaftLogWorker: flushIndex: setUnconditionally 0 -> -1
2022-08-10 09:23:08,579 [pool-680-thread-1] INFO  segmented.SegmentedRaftLogWorker (SegmentedRaftLogWorker.java:lambda$new$0(135)) - e06c7883-c7a0-4496-b519-f5e79e748d82@group-B580A609090B-SegmentedRaftLogWorker: safeCacheEvictIndex: setUnconditionally 0 -> -1
2022-08-10 09:23:08,579 [pool-680-thread-1] INFO  server.RaftServerConfigKeys (ConfUtils.java:logGet(46)) - raft.server.snapshot.auto.trigger.enabled = true (custom)
2022-08-10 09:23:08,579 [pool-680-thread-1] INFO  server.RaftServerConfigKeys (ConfUtils.java:logGet(46)) - raft.server.snapshot.auto.trigger.threshold = 10000 (custom)
2022-08-10 09:23:08,579 [pool-680-thread-1] INFO  server.RaftServerConfigKeys (ConfUtils.java:logGet(46)) - raft.server.snapshot.retention.file.num = 5 (custom)
2022-08-10 09:23:08,579 [pool-680-thread-1] INFO  server.RaftServerConfigKeys (ConfUtils.java:logGet(46)) - raft.server.log.purge.upto.snapshot.index = false (default)
2022-08-10 09:23:08,579 [pool-680-thread-1] INFO  server.RaftServerConfigKeys (ConfUtils.java:logGet(46)) - raft.server.retrycache.expirytime = 600000ms (custom)
2022-08-10 09:23:08,579 [pool-680-thread-1] INFO  server.RaftServerConfigKeys (ConfUtils.java:logGet(46)) - raft.server.retrycache.statistics.expirytime = 100μs (default)
2022-08-10 09:23:08,581 [pool-680-thread-1] INFO  server.RaftServerConfigKeys (ConfUtils.java:logGet(46)) - raft.server.log.appender.install.snapshot.enabled = false (custom)
2022-08-10 09:23:08,581 [pool-680-thread-1] INFO  server.RaftServerConfigKeys (ConfUtils.java:logGet(46)) - raft.server.threadpool.server.cached = true (default)
2022-08-10 09:23:08,581 [pool-680-thread-1] INFO  server.RaftServerConfigKeys (ConfUtils.java:logGet(46)) - raft.server.threadpool.server.size = 0 (default)
2022-08-10 09:23:08,581 [pool-680-thread-1] INFO  server.RaftServerConfigKeys (ConfUtils.java:logGet(46)) - raft.server.threadpool.client.cached = true (default)
2022-08-10 09:23:08,581 [pool-680-thread-1] INFO  server.RaftServerConfigKeys (ConfUtils.java:logGet(46)) - raft.server.threadpool.client.size = 0 (default)
2022-08-10 09:23:08,581 [pool-680-thread-1] INFO  server.RaftServer$Division (RaftServerImpl.java:start(310)) - e06c7883-c7a0-4496-b519-f5e79e748d82@group-B580A609090B: start as a follower, conf=-1: [8861b532-8644-464f-96f7-f43eddde564a|rpc:10.1.0.9:35537|priority:1, b74f4fe1-68c4-415c-98c4-eddeab9d2099|rpc:10.1.0.9:46513|priority:0, e06c7883-c7a0-4496-b519-f5e79e748d82|rpc:10.1.0.9:34055|priority:0], old=null
2022-08-10 09:23:08,581 [pool-680-thread-1] INFO  server.RaftServer$Division (RaftServerImpl.java:setRole(299)) - e06c7883-c7a0-4496-b519-f5e79e748d82@group-B580A609090B: changes role from      null to FOLLOWER at term 0 for startAsFollower
2022-08-10 09:23:08,581 [pool-680-thread-1] INFO  impl.RoleInfo (RoleInfo.java:updateAndGet(139)) - e06c7883-c7a0-4496-b519-f5e79e748d82: start e06c7883-c7a0-4496-b519-f5e79e748d82@group-B580A609090B-FollowerState
2022-08-10 09:23:08,582 [pool-680-thread-1] INFO  util.JmxRegister (JmxRegister.java:tryRegister(44)) - Successfully registered JMX Bean with object name Ratis:service=RaftServer,group=group-B580A609090B,id=e06c7883-c7a0-4496-b519-f5e79e748d82
2022-08-10 09:23:08,583 [Command processor thread] INFO  ratis.XceiverServerRatis (XceiverServerRatis.java:addGroup(765)) - Created group PipelineID=3859ecb5-6ff7-4ebd-be0c-b580a609090b
2022-08-10 09:23:08,600 [grpc-default-executor-4] INFO  server.RaftServer (RaftServerProxy.java:addNew(96)) - b74f4fe1-68c4-415c-98c4-eddeab9d2099: addNew group-B580A609090B:[8861b532-8644-464f-96f7-f43eddde564a|rpc:10.1.0.9:35537|dataStream:|priority:1, b74f4fe1-68c4-415c-98c4-eddeab9d2099|rpc:10.1.0.9:46513|dataStream:|priority:0, e06c7883-c7a0-4496-b519-f5e79e748d82|rpc:10.1.0.9:34055|dataStream:|priority:0] returns group-B580A609090B:java.util.concurrent.CompletableFuture@27335a21[Not completed]
2022-08-10 09:23:08,601 [pool-726-thread-1] INFO  server.RaftServer$Division (RaftServerImpl.java:<init>(190)) - b74f4fe1-68c4-415c-98c4-eddeab9d2099: new RaftServerImpl for group-B580A609090B:[8861b532-8644-464f-96f7-f43eddde564a|rpc:10.1.0.9:35537|dataStream:|priority:1, b74f4fe1-68c4-415c-98c4-eddeab9d2099|rpc:10.1.0.9:46513|dataStream:|priority:0, e06c7883-c7a0-4496-b519-f5e79e748d82|rpc:10.1.0.9:34055|dataStream:|priority:0] with ContainerStateMachine:uninitialized
2022-08-10 09:23:08,601 [pool-726-thread-1] INFO  server.RaftServerConfigKeys (ConfUtils.java:logGet(46)) - raft.server.rpc.timeout.min = 5s (custom)
2022-08-10 09:23:08,601 [pool-726-thread-1] INFO  server.RaftServerConfigKeys (ConfUtils.java:logGet(46)) - raft.server.rpc.timeout.max = 5200ms (custom)
2022-08-10 09:23:08,601 [pool-726-thread-1] INFO  server.RaftServerConfigKeys (ConfUtils.java:logGet(46)) - raft.server.rpc.sleep.time = 25ms (default)
2022-08-10 09:23:08,601 [pool-726-thread-1] INFO  server.RaftServerConfigKeys (ConfUtils.java:logGet(46)) - raft.server.rpc.slowness.timeout = 300s (custom)
2022-08-10 09:23:08,601 [pool-726-thread-1] INFO  server.RaftServerConfigKeys (ConfUtils.java:logGet(46)) - raft.server.leaderelection.leader.step-down.wait-time = 10s (default)
2022-08-10 09:23:08,601 [pool-726-thread-1] INFO  server.RaftServerConfigKeys (ConfUtils.java:logGet(46)) - raft.server.sleep.deviation.threshold = 300ms (default)
2022-08-10 09:23:08,601 [pool-726-thread-1] INFO  server.RaftServer$Division (ServerState.java:<init>(107)) - b74f4fe1-68c4-415c-98c4-eddeab9d2099@group-B580A609090B: ConfigurationManager, init=-1: [8861b532-8644-464f-96f7-f43eddde564a|rpc:10.1.0.9:35537|dataStream:|priority:1, b74f4fe1-68c4-415c-98c4-eddeab9d2099|rpc:10.1.0.9:46513|dataStream:|priority:0, e06c7883-c7a0-4496-b519-f5e79e748d82|rpc:10.1.0.9:34055|dataStream:|priority:0], old=null, confs=<EMPTY_MAP>
2022-08-10 09:23:08,601 [pool-726-thread-1] INFO  server.RaftServerConfigKeys (ConfUtils.java:logGet(46)) - raft.server.storage.dir = [/home/runner/work/ozone/ozone/hadoop-ozone/integration-test/target/test-dir/MiniOzoneClusterImpl-2080ac2c-1c22-4300-b117-cc71631a0cfb/datanode-2/data/ratis] (custom)
2022-08-10 09:23:08,602 [pool-726-thread-1] INFO  server.RaftServerConfigKeys (ConfUtils.java:logGet(46)) - raft.server.log.corruption.policy = EXCEPTION (default)
2022-08-10 09:23:08,602 [pool-726-thread-1] INFO  server.RaftServerConfigKeys (ConfUtils.java:logGet(46)) - raft.server.storage.free-space.min = 0MB (=0) (default)
2022-08-10 09:23:08,602 [pool-726-thread-1] INFO  storage.RaftStorageDirectory (RaftStorageDirectoryImpl.java:analyzeStorage(135)) - The storage directory /home/runner/work/ozone/ozone/hadoop-ozone/integration-test/target/test-dir/MiniOzoneClusterImpl-2080ac2c-1c22-4300-b117-cc71631a0cfb/datanode-2/data/ratis/3859ecb5-6ff7-4ebd-be0c-b580a609090b does not exist. Creating ...
2022-08-10 09:23:08,604 [pool-726-thread-1] INFO  storage.RaftStorageDirectory (RaftStorageDirectoryImpl.java:tryLock(230)) - Lock on /home/runner/work/ozone/ozone/hadoop-ozone/integration-test/target/test-dir/MiniOzoneClusterImpl-2080ac2c-1c22-4300-b117-cc71631a0cfb/datanode-2/data/ratis/3859ecb5-6ff7-4ebd-be0c-b580a609090b/in_use.lock acquired by nodename 28234@fv-az244-795
2022-08-10 09:23:08,605 [pool-726-thread-1] INFO  storage.RaftStorage (RaftStorageImpl.java:format(89)) - Storage directory /home/runner/work/ozone/ozone/hadoop-ozone/integration-test/target/test-dir/MiniOzoneClusterImpl-2080ac2c-1c22-4300-b117-cc71631a0cfb/datanode-2/data/ratis/3859ecb5-6ff7-4ebd-be0c-b580a609090b has been successfully formatted.
2022-08-10 09:23:08,606 [pool-726-thread-1] INFO  ratis.ContainerStateMachine (ContainerStateMachine.java:loadSnapshot(236)) - group-B580A609090B: The snapshot info is null. Setting the last applied indexto:(t:0, i:~)
2022-08-10 09:23:08,606 [pool-726-thread-1] INFO  server.RaftServerConfigKeys (ConfUtils.java:logGet(46)) - raft.server.notification.no-leader.timeout = 300s (custom)
2022-08-10 09:23:08,606 [pool-726-thread-1] INFO  server.RaftServerConfigKeys (ConfUtils.java:logGet(46)) - raft.server.log.use.memory = false (default)
2022-08-10 09:23:08,606 [pool-726-thread-1] INFO  server.RaftServerConfigKeys (ConfUtils.java:logGet(46)) - raft.server.log.purge.gap = 1000000 (custom)
2022-08-10 09:23:08,606 [pool-726-thread-1] INFO  server.RaftServerConfigKeys (ConfUtils.java:logGet(46)) - raft.server.log.appender.buffer.byte-limit = 33554432 (custom)
2022-08-10 09:23:08,606 [pool-726-thread-1] INFO  server.RaftServerConfigKeys (ConfUtils.java:logGet(46)) - raft.server.log.statemachine.data.read.timeout = 1000ms (default)
2022-08-10 09:23:08,608 [pool-726-thread-1] INFO  server.RaftServerConfigKeys (ConfUtils.java:logGet(46)) - raft.server.log.segment.size.max = 1048576 (custom)
2022-08-10 09:23:08,609 [pool-726-thread-1] INFO  server.RaftServerConfigKeys (ConfUtils.java:logGet(46)) - raft.server.log.segment.cache.num.max = 2 (custom)
2022-08-10 09:23:08,609 [pool-726-thread-1] INFO  server.RaftServerConfigKeys (ConfUtils.java:logGet(46)) - raft.server.log.segment.cache.size.max = 200MB (=209715200) (default)
2022-08-10 09:23:08,609 [pool-726-thread-1] INFO  segmented.SegmentedRaftLogWorker (SegmentedRaftLogWorker.java:<init>(187)) - new b74f4fe1-68c4-415c-98c4-eddeab9d2099@group-B580A609090B-SegmentedRaftLogWorker for RaftStorageImpl:Storage Directory /home/runner/work/ozone/ozone/hadoop-ozone/integration-test/target/test-dir/MiniOzoneClusterImpl-2080ac2c-1c22-4300-b117-cc71631a0cfb/datanode-2/data/ratis/3859ecb5-6ff7-4ebd-be0c-b580a609090b
2022-08-10 09:23:08,609 [pool-726-thread-1] INFO  server.RaftServerConfigKeys (ConfUtils.java:logGet(46)) - raft.server.log.queue.byte-limit = 4294967296 (custom)
2022-08-10 09:23:08,609 [pool-726-thread-1] INFO  server.RaftServerConfigKeys (ConfUtils.java:logGet(46)) - raft.server.log.queue.element-limit = 1024 (custom)
2022-08-10 09:23:08,609 [pool-726-thread-1] INFO  server.RaftServerConfigKeys (ConfUtils.java:logGet(46)) - raft.server.log.segment.size.max = 1048576 (custom)
2022-08-10 09:23:08,609 [pool-726-thread-1] INFO  server.RaftServerConfigKeys (ConfUtils.java:logGet(46)) - raft.server.log.preallocated.size = 16384 (custom)
2022-08-10 09:23:08,609 [pool-726-thread-1] INFO  server.RaftServerConfigKeys (ConfUtils.java:logGet(46)) - raft.server.log.force.sync.num = 128 (default)
2022-08-10 09:23:08,609 [pool-726-thread-1] INFO  server.RaftServerConfigKeys (ConfUtils.java:logGet(46)) - raft.server.log.statemachine.data.sync = true (default)
2022-08-10 09:23:08,609 [pool-726-thread-1] INFO  server.RaftServerConfigKeys (ConfUtils.java:logGet(46)) - raft.server.log.statemachine.data.sync.timeout = 10s (default)
2022-08-10 09:23:08,609 [pool-726-thread-1] INFO  server.RaftServerConfigKeys (ConfUtils.java:logGet(46)) - raft.server.log.statemachine.data.sync.timeout.retry = -1 (default)
2022-08-10 09:23:08,610 [pool-726-thread-1] INFO  server.RaftServerConfigKeys (ConfUtils.java:logGet(46)) - raft.server.log.write.buffer.size = 1048576 (custom)
2022-08-10 09:23:08,611 [pool-726-thread-1] INFO  server.RaftServerConfigKeys (ConfUtils.java:logGet(46)) - raft.server.log.unsafe-flush.enabled = false (default)
2022-08-10 09:23:08,611 [pool-726-thread-1] INFO  server.RaftServerConfigKeys (ConfUtils.java:logGet(46)) - raft.server.log.statemachine.data.caching.enabled = true (custom)
2022-08-10 09:23:08,611 [pool-726-thread-1] INFO  segmented.SegmentedRaftLogWorker (SegmentedRaftLogWorker.java:lambda$new$0(135)) - b74f4fe1-68c4-415c-98c4-eddeab9d2099@group-B580A609090B-SegmentedRaftLogWorker: flushIndex: setUnconditionally 0 -> -1
2022-08-10 09:23:08,611 [pool-726-thread-1] INFO  segmented.SegmentedRaftLogWorker (SegmentedRaftLogWorker.java:lambda$new$0(135)) - b74f4fe1-68c4-415c-98c4-eddeab9d2099@group-B580A609090B-SegmentedRaftLogWorker: safeCacheEvictIndex: setUnconditionally 0 -> -1
2022-08-10 09:23:08,616 [pool-726-thread-1] INFO  server.RaftServerConfigKeys (ConfUtils.java:logGet(46)) - raft.server.snapshot.auto.trigger.enabled = true (custom)
2022-08-10 09:23:08,616 [pool-726-thread-1] INFO  server.RaftServerConfigKeys (ConfUtils.java:logGet(46)) - raft.server.snapshot.auto.trigger.threshold = 10000 (custom)
2022-08-10 09:23:08,616 [pool-726-thread-1] INFO  server.RaftServerConfigKeys (ConfUtils.java:logGet(46)) - raft.server.snapshot.retention.file.num = 5 (custom)
2022-08-10 09:23:08,616 [pool-726-thread-1] INFO  server.RaftServerConfigKeys (ConfUtils.java:logGet(46)) - raft.server.log.purge.upto.snapshot.index = false (default)
2022-08-10 09:23:08,616 [pool-726-thread-1] INFO  server.RaftServerConfigKeys (ConfUtils.java:logGet(46)) - raft.server.retrycache.expirytime = 600000ms (custom)
2022-08-10 09:23:08,616 [pool-726-thread-1] INFO  server.RaftServerConfigKeys (ConfUtils.java:logGet(46)) - raft.server.retrycache.statistics.expirytime = 100μs (default)
2022-08-10 09:23:08,618 [pool-726-thread-1] INFO  server.RaftServerConfigKeys (ConfUtils.java:logGet(46)) - raft.server.log.appender.install.snapshot.enabled = false (custom)
2022-08-10 09:23:08,618 [pool-726-thread-1] INFO  server.RaftServerConfigKeys (ConfUtils.java:logGet(46)) - raft.server.threadpool.server.cached = true (default)
2022-08-10 09:23:08,618 [pool-726-thread-1] INFO  server.RaftServerConfigKeys (ConfUtils.java:logGet(46)) - raft.server.threadpool.server.size = 0 (default)
2022-08-10 09:23:08,618 [pool-726-thread-1] INFO  server.RaftServerConfigKeys (ConfUtils.java:logGet(46)) - raft.server.threadpool.client.cached = true (default)
2022-08-10 09:23:08,618 [pool-726-thread-1] INFO  server.RaftServerConfigKeys (ConfUtils.java:logGet(46)) - raft.server.threadpool.client.size = 0 (default)
2022-08-10 09:23:08,618 [pool-726-thread-1] INFO  server.RaftServer$Division (RaftServerImpl.java:start(310)) - b74f4fe1-68c4-415c-98c4-eddeab9d2099@group-B580A609090B: start as a follower, conf=-1: [8861b532-8644-464f-96f7-f43eddde564a|rpc:10.1.0.9:35537|dataStream:|priority:1, b74f4fe1-68c4-415c-98c4-eddeab9d2099|rpc:10.1.0.9:46513|dataStream:|priority:0, e06c7883-c7a0-4496-b519-f5e79e748d82|rpc:10.1.0.9:34055|dataStream:|priority:0], old=null
2022-08-10 09:23:08,618 [pool-726-thread-1] INFO  server.RaftServer$Division (RaftServerImpl.java:setRole(299)) - b74f4fe1-68c4-415c-98c4-eddeab9d2099@group-B580A609090B: changes role from      null to FOLLOWER at term 0 for startAsFollower
2022-08-10 09:23:08,618 [pool-726-thread-1] INFO  impl.RoleInfo (RoleInfo.java:updateAndGet(139)) - b74f4fe1-68c4-415c-98c4-eddeab9d2099: start b74f4fe1-68c4-415c-98c4-eddeab9d2099@group-B580A609090B-FollowerState
2022-08-10 09:23:08,622 [pool-726-thread-1] INFO  util.JmxRegister (JmxRegister.java:tryRegister(44)) - Successfully registered JMX Bean with object name Ratis:service=RaftServer,group=group-B580A609090B,id=b74f4fe1-68c4-415c-98c4-eddeab9d2099
2022-08-10 09:23:08,663 [grpc-default-executor-4] INFO  server.RaftServer (RaftServerProxy.java:addNew(96)) - 8861b532-8644-464f-96f7-f43eddde564a: addNew group-B580A609090B:[8861b532-8644-464f-96f7-f43eddde564a|rpc:10.1.0.9:35537|dataStream:|priority:1, b74f4fe1-68c4-415c-98c4-eddeab9d2099|rpc:10.1.0.9:46513|dataStream:|priority:0, e06c7883-c7a0-4496-b519-f5e79e748d82|rpc:10.1.0.9:34055|dataStream:|priority:0] returns group-B580A609090B:java.util.concurrent.CompletableFuture@66ec273b[Not completed]
2022-08-10 09:23:08,664 [pool-703-thread-1] INFO  server.RaftServer$Division (RaftServerImpl.java:<init>(190)) - 8861b532-8644-464f-96f7-f43eddde564a: new RaftServerImpl for group-B580A609090B:[8861b532-8644-464f-96f7-f43eddde564a|rpc:10.1.0.9:35537|dataStream:|priority:1, b74f4fe1-68c4-415c-98c4-eddeab9d2099|rpc:10.1.0.9:46513|dataStream:|priority:0, e06c7883-c7a0-4496-b519-f5e79e748d82|rpc:10.1.0.9:34055|dataStream:|priority:0] with ContainerStateMachine:uninitialized
2022-08-10 09:23:08,664 [pool-703-thread-1] INFO  server.RaftServerConfigKeys (ConfUtils.java:logGet(46)) - raft.server.rpc.timeout.min = 5s (custom)
2022-08-10 09:23:08,664 [pool-703-thread-1] INFO  server.RaftServerConfigKeys (ConfUtils.java:logGet(46)) - raft.server.rpc.timeout.max = 5200ms (custom)
2022-08-10 09:23:08,664 [pool-703-thread-1] INFO  server.RaftServerConfigKeys (ConfUtils.java:logGet(46)) - raft.server.rpc.sleep.time = 25ms (default)
2022-08-10 09:23:08,664 [pool-703-thread-1] INFO  server.RaftServerConfigKeys (ConfUtils.java:logGet(46)) - raft.server.rpc.slowness.timeout = 300s (custom)
2022-08-10 09:23:08,664 [pool-703-thread-1] INFO  server.RaftServerConfigKeys (ConfUtils.java:logGet(46)) - raft.server.leaderelection.leader.step-down.wait-time = 10s (default)
2022-08-10 09:23:08,664 [pool-703-thread-1] INFO  server.RaftServerConfigKeys (ConfUtils.java:logGet(46)) - raft.server.sleep.deviation.threshold = 300ms (default)
2022-08-10 09:23:08,664 [pool-703-thread-1] INFO  server.RaftServer$Division (ServerState.java:<init>(107)) - 8861b532-8644-464f-96f7-f43eddde564a@group-B580A609090B: ConfigurationManager, init=-1: [8861b532-8644-464f-96f7-f43eddde564a|rpc:10.1.0.9:35537|dataStream:|priority:1, b74f4fe1-68c4-415c-98c4-eddeab9d2099|rpc:10.1.0.9:46513|dataStream:|priority:0, e06c7883-c7a0-4496-b519-f5e79e748d82|rpc:10.1.0.9:34055|dataStream:|priority:0], old=null, confs=<EMPTY_MAP>
2022-08-10 09:23:08,665 [pool-703-thread-1] INFO  server.RaftServerConfigKeys (ConfUtils.java:logGet(46)) - raft.server.storage.dir = [/home/runner/work/ozone/ozone/hadoop-ozone/integration-test/target/test-dir/MiniOzoneClusterImpl-2080ac2c-1c22-4300-b117-cc71631a0cfb/datanode-1/data/ratis] (custom)
2022-08-10 09:23:08,665 [pool-703-thread-1] INFO  server.RaftServerConfigKeys (ConfUtils.java:logGet(46)) - raft.server.log.corruption.policy = EXCEPTION (default)
2022-08-10 09:23:08,665 [pool-703-thread-1] INFO  server.RaftServerConfigKeys (ConfUtils.java:logGet(46)) - raft.server.storage.free-space.min = 0MB (=0) (default)
2022-08-10 09:23:08,665 [pool-703-thread-1] INFO  storage.RaftStorageDirectory (RaftStorageDirectoryImpl.java:analyzeStorage(135)) - The storage directory /home/runner/work/ozone/ozone/hadoop-ozone/integration-test/target/test-dir/MiniOzoneClusterImpl-2080ac2c-1c22-4300-b117-cc71631a0cfb/datanode-1/data/ratis/3859ecb5-6ff7-4ebd-be0c-b580a609090b does not exist. Creating ...
2022-08-10 09:23:08,666 [pool-703-thread-1] INFO  storage.RaftStorageDirectory (RaftStorageDirectoryImpl.java:tryLock(230)) - Lock on /home/runner/work/ozone/ozone/hadoop-ozone/integration-test/target/test-dir/MiniOzoneClusterImpl-2080ac2c-1c22-4300-b117-cc71631a0cfb/datanode-1/data/ratis/3859ecb5-6ff7-4ebd-be0c-b580a609090b/in_use.lock acquired by nodename 28234@fv-az244-795
2022-08-10 09:23:08,668 [pool-703-thread-1] INFO  storage.RaftStorage (RaftStorageImpl.java:format(89)) - Storage directory /home/runner/work/ozone/ozone/hadoop-ozone/integration-test/target/test-dir/MiniOzoneClusterImpl-2080ac2c-1c22-4300-b117-cc71631a0cfb/datanode-1/data/ratis/3859ecb5-6ff7-4ebd-be0c-b580a609090b has been successfully formatted.
2022-08-10 09:23:08,668 [pool-703-thread-1] INFO  ratis.ContainerStateMachine (ContainerStateMachine.java:loadSnapshot(236)) - group-B580A609090B: The snapshot info is null. Setting the last applied indexto:(t:0, i:~)
2022-08-10 09:23:08,668 [pool-703-thread-1] INFO  server.RaftServerConfigKeys (ConfUtils.java:logGet(46)) - raft.server.notification.no-leader.timeout = 300s (custom)
2022-08-10 09:23:08,668 [pool-703-thread-1] INFO  server.RaftServerConfigKeys (ConfUtils.java:logGet(46)) - raft.server.log.use.memory = false (default)
2022-08-10 09:23:08,668 [pool-703-thread-1] INFO  server.RaftServerConfigKeys (ConfUtils.java:logGet(46)) - raft.server.log.purge.gap = 1000000 (custom)
2022-08-10 09:23:08,668 [pool-703-thread-1] INFO  server.RaftServerConfigKeys (ConfUtils.java:logGet(46)) - raft.server.log.appender.buffer.byte-limit = 33554432 (custom)
2022-08-10 09:23:08,668 [pool-703-thread-1] INFO  server.RaftServerConfigKeys (ConfUtils.java:logGet(46)) - raft.server.log.statemachine.data.read.timeout = 1000ms (default)
2022-08-10 09:23:08,669 [pool-703-thread-1] INFO  server.RaftServerConfigKeys (ConfUtils.java:logGet(46)) - raft.server.log.segment.size.max = 1048576 (custom)
2022-08-10 09:23:08,669 [pool-703-thread-1] INFO  server.RaftServerConfigKeys (ConfUtils.java:logGet(46)) - raft.server.log.segment.cache.num.max = 2 (custom)
2022-08-10 09:23:08,669 [pool-703-thread-1] INFO  server.RaftServerConfigKeys (ConfUtils.java:logGet(46)) - raft.server.log.segment.cache.size.max = 200MB (=209715200) (default)
2022-08-10 09:23:08,669 [pool-703-thread-1] INFO  segmented.SegmentedRaftLogWorker (SegmentedRaftLogWorker.java:<init>(187)) - new 8861b532-8644-464f-96f7-f43eddde564a@group-B580A609090B-SegmentedRaftLogWorker for RaftStorageImpl:Storage Directory /home/runner/work/ozone/ozone/hadoop-ozone/integration-test/target/test-dir/MiniOzoneClusterImpl-2080ac2c-1c22-4300-b117-cc71631a0cfb/datanode-1/data/ratis/3859ecb5-6ff7-4ebd-be0c-b580a609090b
2022-08-10 09:23:08,669 [pool-703-thread-1] INFO  server.RaftServerConfigKeys (ConfUtils.java:logGet(46)) - raft.server.log.queue.byte-limit = 4294967296 (custom)
2022-08-10 09:23:08,669 [pool-703-thread-1] INFO  server.RaftServerConfigKeys (ConfUtils.java:logGet(46)) - raft.server.log.queue.element-limit = 1024 (custom)
2022-08-10 09:23:08,669 [pool-703-thread-1] INFO  server.RaftServerConfigKeys (ConfUtils.java:logGet(46)) - raft.server.log.segment.size.max = 1048576 (custom)
2022-08-10 09:23:08,669 [pool-703-thread-1] INFO  server.RaftServerConfigKeys (ConfUtils.java:logGet(46)) - raft.server.log.preallocated.size = 16384 (custom)
2022-08-10 09:23:08,669 [pool-703-thread-1] INFO  server.RaftServerConfigKeys (ConfUtils.java:logGet(46)) - raft.server.log.force.sync.num = 128 (default)
2022-08-10 09:23:08,669 [pool-703-thread-1] INFO  server.RaftServerConfigKeys (ConfUtils.java:logGet(46)) - raft.server.log.statemachine.data.sync = true (default)
2022-08-10 09:23:08,669 [pool-703-thread-1] INFO  server.RaftServerConfigKeys (ConfUtils.java:logGet(46)) - raft.server.log.statemachine.data.sync.timeout = 10s (default)
2022-08-10 09:23:08,670 [pool-703-thread-1] INFO  server.RaftServerConfigKeys (ConfUtils.java:logGet(46)) - raft.server.log.statemachine.data.sync.timeout.retry = -1 (default)
2022-08-10 09:23:08,670 [pool-703-thread-1] INFO  server.RaftServerConfigKeys (ConfUtils.java:logGet(46)) - raft.server.log.write.buffer.size = 1048576 (custom)
2022-08-10 09:23:08,671 [pool-703-thread-1] INFO  server.RaftServerConfigKeys (ConfUtils.java:logGet(46)) - raft.server.log.unsafe-flush.enabled = false (default)
2022-08-10 09:23:08,671 [pool-703-thread-1] INFO  server.RaftServerConfigKeys (ConfUtils.java:logGet(46)) - raft.server.log.statemachine.data.caching.enabled = true (custom)
2022-08-10 09:23:08,671 [pool-703-thread-1] INFO  segmented.SegmentedRaftLogWorker (SegmentedRaftLogWorker.java:lambda$new$0(135)) - 8861b532-8644-464f-96f7-f43eddde564a@group-B580A609090B-SegmentedRaftLogWorker: flushIndex: setUnconditionally 0 -> -1
2022-08-10 09:23:08,671 [pool-703-thread-1] INFO  segmented.SegmentedRaftLogWorker (SegmentedRaftLogWorker.java:lambda$new$0(135)) - 8861b532-8644-464f-96f7-f43eddde564a@group-B580A609090B-SegmentedRaftLogWorker: safeCacheEvictIndex: setUnconditionally 0 -> -1
2022-08-10 09:23:08,683 [pool-703-thread-1] INFO  server.RaftServerConfigKeys (ConfUtils.java:logGet(46)) - raft.server.snapshot.auto.trigger.enabled = true (custom)
2022-08-10 09:23:08,683 [pool-703-thread-1] INFO  server.RaftServerConfigKeys (ConfUtils.java:logGet(46)) - raft.server.snapshot.auto.trigger.threshold = 10000 (custom)
2022-08-10 09:23:08,683 [pool-703-thread-1] INFO  server.RaftServerConfigKeys (ConfUtils.java:logGet(46)) - raft.server.snapshot.retention.file.num = 5 (custom)
2022-08-10 09:23:08,683 [pool-703-thread-1] INFO  server.RaftServerConfigKeys (ConfUtils.java:logGet(46)) - raft.server.log.purge.upto.snapshot.index = false (default)
2022-08-10 09:23:08,684 [pool-703-thread-1] INFO  server.RaftServerConfigKeys (ConfUtils.java:logGet(46)) - raft.server.retrycache.expirytime = 600000ms (custom)
2022-08-10 09:23:08,684 [pool-703-thread-1] INFO  server.RaftServerConfigKeys (ConfUtils.java:logGet(46)) - raft.server.retrycache.statistics.expirytime = 100μs (default)
2022-08-10 09:23:08,686 [pool-703-thread-1] INFO  server.RaftServerConfigKeys (ConfUtils.java:logGet(46)) - raft.server.log.appender.install.snapshot.enabled = false (custom)
2022-08-10 09:23:08,686 [pool-703-thread-1] INFO  server.RaftServerConfigKeys (ConfUtils.java:logGet(46)) - raft.server.threadpool.server.cached = true (default)
2022-08-10 09:23:08,686 [pool-703-thread-1] INFO  server.RaftServerConfigKeys (ConfUtils.java:logGet(46)) - raft.server.threadpool.server.size = 0 (default)
2022-08-10 09:23:08,686 [pool-703-thread-1] INFO  server.RaftServerConfigKeys (ConfUtils.java:logGet(46)) - raft.server.threadpool.client.cached = true (default)
2022-08-10 09:23:08,686 [pool-703-thread-1] INFO  server.RaftServerConfigKeys (ConfUtils.java:logGet(46)) - raft.server.threadpool.client.size = 0 (default)
2022-08-10 09:23:08,686 [pool-703-thread-1] INFO  server.RaftServer$Division (RaftServerImpl.java:start(310)) - 8861b532-8644-464f-96f7-f43eddde564a@group-B580A609090B: start as a follower, conf=-1: [8861b532-8644-464f-96f7-f43eddde564a|rpc:10.1.0.9:35537|dataStream:|priority:1, b74f4fe1-68c4-415c-98c4-eddeab9d2099|rpc:10.1.0.9:46513|dataStream:|priority:0, e06c7883-c7a0-4496-b519-f5e79e748d82|rpc:10.1.0.9:34055|dataStream:|priority:0], old=null
2022-08-10 09:23:08,686 [pool-703-thread-1] INFO  server.RaftServer$Division (RaftServerImpl.java:setRole(299)) - 8861b532-8644-464f-96f7-f43eddde564a@group-B580A609090B: changes role from      null to FOLLOWER at term 0 for startAsFollower
2022-08-10 09:23:08,696 [pool-703-thread-1] INFO  impl.RoleInfo (RoleInfo.java:updateAndGet(139)) - 8861b532-8644-464f-96f7-f43eddde564a: start 8861b532-8644-464f-96f7-f43eddde564a@group-B580A609090B-FollowerState
2022-08-10 09:23:08,701 [pool-703-thread-1] INFO  util.JmxRegister (JmxRegister.java:tryRegister(44)) - Successfully registered JMX Bean with object name Ratis:service=RaftServer,group=group-B580A609090B,id=8861b532-8644-464f-96f7-f43eddde564a
2022-08-10 09:23:08,735 [Command processor thread] INFO  commandhandler.CreatePipelineCommandHandler (CreatePipelineCommandHandler.java:handle(113)) - Created Pipeline RATIS THREE PipelineID=3859ecb5-6ff7-4ebd-be0c-b580a609090b.
2022-08-10 09:23:08,906 [Listener at 127.0.0.1/35599] INFO  ozone.MiniOzoneClusterImpl (MiniOzoneClusterImpl.java:lambda$waitForClusterToBeReady$0(216)) - Nodes are ready. Got 3 of 3 DN Heartbeats.
2022-08-10 09:23:08,906 [Listener at 127.0.0.1/35599] INFO  ozone.MiniOzoneClusterImpl (MiniOzoneClusterImpl.java:lambda$waitForClusterToBeReady$0(219)) - Waiting for cluster to exit safe mode
2022-08-10 09:23:08,906 [Listener at 127.0.0.1/35599] INFO  ozone.MiniOzoneClusterImpl (MiniOzoneClusterImpl.java:lambda$waitForClusterToBeReady$0(221)) - SCM became leader
2022-08-10 09:23:08,992 [Command processor thread] INFO  server.RaftServer (RaftServerProxy.java:addNew(96)) - 8861b532-8644-464f-96f7-f43eddde564a: addNew group-6E5CB5E1E180:[8861b532-8644-464f-96f7-f43eddde564a|rpc:10.1.0.9:35537|priority:1] returns group-6E5CB5E1E180:java.util.concurrent.CompletableFuture@1d7f7a98[Not completed]
2022-08-10 09:23:08,993 [pool-703-thread-1] INFO  server.RaftServer$Division (RaftServerImpl.java:<init>(190)) - 8861b532-8644-464f-96f7-f43eddde564a: new RaftServerImpl for group-6E5CB5E1E180:[8861b532-8644-464f-96f7-f43eddde564a|rpc:10.1.0.9:35537|priority:1] with ContainerStateMachine:uninitialized
2022-08-10 09:23:08,993 [pool-703-thread-1] INFO  server.RaftServerConfigKeys (ConfUtils.java:logGet(46)) - raft.server.rpc.timeout.min = 5s (custom)
2022-08-10 09:23:08,993 [pool-703-thread-1] INFO  server.RaftServerConfigKeys (ConfUtils.java:logGet(46)) - raft.server.rpc.timeout.max = 5200ms (custom)
2022-08-10 09:23:08,993 [pool-703-thread-1] INFO  server.RaftServerConfigKeys (ConfUtils.java:logGet(46)) - raft.server.rpc.sleep.time = 25ms (default)
2022-08-10 09:23:08,993 [pool-703-thread-1] INFO  server.RaftServerConfigKeys (ConfUtils.java:logGet(46)) - raft.server.rpc.slowness.timeout = 300s (custom)
2022-08-10 09:23:08,993 [pool-703-thread-1] INFO  server.RaftServerConfigKeys (ConfUtils.java:logGet(46)) - raft.server.leaderelection.leader.step-down.wait-time = 10s (default)
2022-08-10 09:23:08,993 [pool-703-thread-1] INFO  server.RaftServerConfigKeys (ConfUtils.java:logGet(46)) - raft.server.sleep.deviation.threshold = 300ms (default)
2022-08-10 09:23:08,993 [pool-703-thread-1] INFO  server.RaftServer$Division (ServerState.java:<init>(107)) - 8861b532-8644-464f-96f7-f43eddde564a@group-6E5CB5E1E180: ConfigurationManager, init=-1: [8861b532-8644-464f-96f7-f43eddde564a|rpc:10.1.0.9:35537|priority:1], old=null, confs=<EMPTY_MAP>
2022-08-10 09:23:08,993 [pool-703-thread-1] INFO  server.RaftServerConfigKeys (ConfUtils.java:logGet(46)) - raft.server.storage.dir = [/home/runner/work/ozone/ozone/hadoop-ozone/integration-test/target/test-dir/MiniOzoneClusterImpl-2080ac2c-1c22-4300-b117-cc71631a0cfb/datanode-1/data/ratis] (custom)
2022-08-10 09:23:08,993 [pool-703-thread-1] INFO  server.RaftServerConfigKeys (ConfUtils.java:logGet(46)) - raft.server.log.corruption.policy = EXCEPTION (default)
2022-08-10 09:23:08,993 [pool-703-thread-1] INFO  server.RaftServerConfigKeys (ConfUtils.java:logGet(46)) - raft.server.storage.free-space.min = 0MB (=0) (default)
2022-08-10 09:23:08,994 [pool-703-thread-1] INFO  storage.RaftStorageDirectory (RaftStorageDirectoryImpl.java:analyzeStorage(135)) - The storage directory /home/runner/work/ozone/ozone/hadoop-ozone/integration-test/target/test-dir/MiniOzoneClusterImpl-2080ac2c-1c22-4300-b117-cc71631a0cfb/datanode-1/data/ratis/f16b2675-79e9-4d7a-a99c-6e5cb5e1e180 does not exist. Creating ...
2022-08-10 09:23:08,995 [pool-703-thread-1] INFO  storage.RaftStorageDirectory (RaftStorageDirectoryImpl.java:tryLock(230)) - Lock on /home/runner/work/ozone/ozone/hadoop-ozone/integration-test/target/test-dir/MiniOzoneClusterImpl-2080ac2c-1c22-4300-b117-cc71631a0cfb/datanode-1/data/ratis/f16b2675-79e9-4d7a-a99c-6e5cb5e1e180/in_use.lock acquired by nodename 28234@fv-az244-795
2022-08-10 09:23:08,996 [pool-703-thread-1] INFO  storage.RaftStorage (RaftStorageImpl.java:format(89)) - Storage directory /home/runner/work/ozone/ozone/hadoop-ozone/integration-test/target/test-dir/MiniOzoneClusterImpl-2080ac2c-1c22-4300-b117-cc71631a0cfb/datanode-1/data/ratis/f16b2675-79e9-4d7a-a99c-6e5cb5e1e180 has been successfully formatted.
2022-08-10 09:23:08,997 [pool-703-thread-1] INFO  ratis.ContainerStateMachine (ContainerStateMachine.java:loadSnapshot(236)) - group-6E5CB5E1E180: The snapshot info is null. Setting the last applied indexto:(t:0, i:~)
2022-08-10 09:23:08,997 [pool-703-thread-1] INFO  server.RaftServerConfigKeys (ConfUtils.java:logGet(46)) - raft.server.notification.no-leader.timeout = 300s (custom)
2022-08-10 09:23:08,997 [pool-703-thread-1] INFO  server.RaftServerConfigKeys (ConfUtils.java:logGet(46)) - raft.server.log.use.memory = false (default)
2022-08-10 09:23:08,997 [pool-703-thread-1] INFO  server.RaftServerConfigKeys (ConfUtils.java:logGet(46)) - raft.server.log.purge.gap = 1000000 (custom)
2022-08-10 09:23:08,997 [pool-703-thread-1] INFO  server.RaftServerConfigKeys (ConfUtils.java:logGet(46)) - raft.server.log.appender.buffer.byte-limit = 33554432 (custom)
2022-08-10 09:23:08,997 [pool-703-thread-1] INFO  server.RaftServerConfigKeys (ConfUtils.java:logGet(46)) - raft.server.log.statemachine.data.read.timeout = 1000ms (default)
2022-08-10 09:23:08,997 [pool-703-thread-1] INFO  server.RaftServerConfigKeys (ConfUtils.java:logGet(46)) - raft.server.log.segment.size.max = 1048576 (custom)
2022-08-10 09:23:08,998 [pool-703-thread-1] INFO  server.RaftServerConfigKeys (ConfUtils.java:logGet(46)) - raft.server.log.segment.cache.num.max = 2 (custom)
2022-08-10 09:23:08,998 [pool-703-thread-1] INFO  server.RaftServerConfigKeys (ConfUtils.java:logGet(46)) - raft.server.log.segment.cache.size.max = 200MB (=209715200) (default)
2022-08-10 09:23:08,998 [pool-703-thread-1] INFO  segmented.SegmentedRaftLogWorker (SegmentedRaftLogWorker.java:<init>(187)) - new 8861b532-8644-464f-96f7-f43eddde564a@group-6E5CB5E1E180-SegmentedRaftLogWorker for RaftStorageImpl:Storage Directory /home/runner/work/ozone/ozone/hadoop-ozone/integration-test/target/test-dir/MiniOzoneClusterImpl-2080ac2c-1c22-4300-b117-cc71631a0cfb/datanode-1/data/ratis/f16b2675-79e9-4d7a-a99c-6e5cb5e1e180
2022-08-10 09:23:08,998 [pool-703-thread-1] INFO  server.RaftServerConfigKeys (ConfUtils.java:logGet(46)) - raft.server.log.queue.byte-limit = 4294967296 (custom)
2022-08-10 09:23:08,998 [pool-703-thread-1] INFO  server.RaftServerConfigKeys (ConfUtils.java:logGet(46)) - raft.server.log.queue.element-limit = 1024 (custom)
2022-08-10 09:23:08,998 [pool-703-thread-1] INFO  server.RaftServerConfigKeys (ConfUtils.java:logGet(46)) - raft.server.log.segment.size.max = 1048576 (custom)
2022-08-10 09:23:08,998 [pool-703-thread-1] INFO  server.RaftServerConfigKeys (ConfUtils.java:logGet(46)) - raft.server.log.preallocated.size = 16384 (custom)
2022-08-10 09:23:08,998 [pool-703-thread-1] INFO  server.RaftServerConfigKeys (ConfUtils.java:logGet(46)) - raft.server.log.force.sync.num = 128 (default)
2022-08-10 09:23:08,998 [pool-703-thread-1] INFO  server.RaftServerConfigKeys (ConfUtils.java:logGet(46)) - raft.server.log.statemachine.data.sync = true (default)
2022-08-10 09:23:08,998 [pool-703-thread-1] INFO  server.RaftServerConfigKeys (ConfUtils.java:logGet(46)) - raft.server.log.statemachine.data.sync.timeout = 10s (default)
2022-08-10 09:23:08,998 [pool-703-thread-1] INFO  server.RaftServerConfigKeys (ConfUtils.java:logGet(46)) - raft.server.log.statemachine.data.sync.timeout.retry = -1 (default)
2022-08-10 09:23:08,999 [pool-703-thread-1] INFO  server.RaftServerConfigKeys (ConfUtils.java:logGet(46)) - raft.server.log.write.buffer.size = 1048576 (custom)
2022-08-10 09:23:09,000 [pool-703-thread-1] INFO  server.RaftServerConfigKeys (ConfUtils.java:logGet(46)) - raft.server.log.unsafe-flush.enabled = false (default)
2022-08-10 09:23:09,000 [pool-703-thread-1] INFO  server.RaftServerConfigKeys (ConfUtils.java:logGet(46)) - raft.server.log.statemachine.data.caching.enabled = true (custom)
2022-08-10 09:23:09,003 [EventQueue-PipelineReportForPipelineReportHandler] INFO  pipeline.PipelineManagerImpl (PipelineManagerImpl.java:openPipeline(367)) - Pipeline Pipeline[ Id: f16b2675-79e9-4d7a-a99c-6e5cb5e1e180, Nodes: 8861b532-8644-464f-96f7-f43eddde564a{ip: 10.1.0.9, host: fv-az244-795.wfqk4h0zklwe5pzfvc0psazzwc.bx.internal.cloudapp.net, ports: [REPLICATION=43811, RATIS=35537, RATIS_ADMIN=35537, RATIS_SERVER=35537, STANDALONE=38375], networkLocation: /default-rack, certSerialId: null, persistedOpState: IN_SERVICE, persistedOpStateExpiryEpochSec: 0}, ReplicationConfig: RATIS/ONE, State:ALLOCATED, leaderId:8861b532-8644-464f-96f7-f43eddde564a, CreationTimestamp2022-08-10T09:23:06.004Z[Etc/UTC]] moved to OPEN state
2022-08-10 09:23:09,003 [pool-703-thread-1] INFO  segmented.SegmentedRaftLogWorker (SegmentedRaftLogWorker.java:lambda$new$0(135)) - 8861b532-8644-464f-96f7-f43eddde564a@group-6E5CB5E1E180-SegmentedRaftLogWorker: flushIndex: setUnconditionally 0 -> -1
2022-08-10 09:23:09,003 [pool-703-thread-1] INFO  segmented.SegmentedRaftLogWorker (SegmentedRaftLogWorker.java:lambda$new$0(135)) - 8861b532-8644-464f-96f7-f43eddde564a@group-6E5CB5E1E180-SegmentedRaftLogWorker: safeCacheEvictIndex: setUnconditionally 0 -> -1
2022-08-10 09:23:09,003 [EventQueue-OpenPipelineForHealthyPipelineSafeModeRule] INFO  safemode.SCMSafeModeManager (HealthyPipelineSafeModeRule.java:process(137)) - SCM in safe mode. Healthy pipelines reported count is 0, required healthy pipeline reported count is 1
2022-08-10 09:23:09,005 [pool-703-thread-1] INFO  server.RaftServerConfigKeys (ConfUtils.java:logGet(46)) - raft.server.snapshot.auto.trigger.enabled = true (custom)
2022-08-10 09:23:09,005 [pool-703-thread-1] INFO  server.RaftServerConfigKeys (ConfUtils.java:logGet(46)) - raft.server.snapshot.auto.trigger.threshold = 10000 (custom)
2022-08-10 09:23:09,006 [pool-703-thread-1] INFO  server.RaftServerConfigKeys (ConfUtils.java:logGet(46)) - raft.server.snapshot.retention.file.num = 5 (custom)
2022-08-10 09:23:09,006 [pool-703-thread-1] INFO  server.RaftServerConfigKeys (ConfUtils.java:logGet(46)) - raft.server.log.purge.upto.snapshot.index = false (default)
2022-08-10 09:23:09,007 [pool-703-thread-1] INFO  server.RaftServerConfigKeys (ConfUtils.java:logGet(46)) - raft.server.retrycache.expirytime = 600000ms (custom)
2022-08-10 09:23:09,007 [pool-703-thread-1] INFO  server.RaftServerConfigKeys (ConfUtils.java:logGet(46)) - raft.server.retrycache.statistics.expirytime = 100μs (default)
2022-08-10 09:23:09,009 [pool-703-thread-1] INFO  server.RaftServerConfigKeys (ConfUtils.java:logGet(46)) - raft.server.log.appender.install.snapshot.enabled = false (custom)
2022-08-10 09:23:09,009 [pool-703-thread-1] INFO  server.RaftServerConfigKeys (ConfUtils.java:logGet(46)) - raft.server.threadpool.server.cached = true (default)
2022-08-10 09:23:09,009 [pool-703-thread-1] INFO  server.RaftServerConfigKeys (ConfUtils.java:logGet(46)) - raft.server.threadpool.server.size = 0 (default)
2022-08-10 09:23:09,009 [pool-703-thread-1] INFO  server.RaftServerConfigKeys (ConfUtils.java:logGet(46)) - raft.server.threadpool.client.cached = true (default)
2022-08-10 09:23:09,009 [pool-703-thread-1] INFO  server.RaftServerConfigKeys (ConfUtils.java:logGet(46)) - raft.server.threadpool.client.size = 0 (default)
2022-08-10 09:23:09,009 [pool-703-thread-1] INFO  server.RaftServer$Division (RaftServerImpl.java:start(310)) - 8861b532-8644-464f-96f7-f43eddde564a@group-6E5CB5E1E180: start as a follower, conf=-1: [8861b532-8644-464f-96f7-f43eddde564a|rpc:10.1.0.9:35537|priority:1], old=null
2022-08-10 09:23:09,009 [pool-703-thread-1] INFO  server.RaftServer$Division (RaftServerImpl.java:setRole(299)) - 8861b532-8644-464f-96f7-f43eddde564a@group-6E5CB5E1E180: changes role from      null to FOLLOWER at term 0 for startAsFollower
2022-08-10 09:23:09,009 [pool-703-thread-1] INFO  impl.RoleInfo (RoleInfo.java:updateAndGet(139)) - 8861b532-8644-464f-96f7-f43eddde564a: start 8861b532-8644-464f-96f7-f43eddde564a@group-6E5CB5E1E180-FollowerState
2022-08-10 09:23:09,012 [pool-703-thread-1] INFO  util.JmxRegister (JmxRegister.java:tryRegister(44)) - Successfully registered JMX Bean with object name Ratis:service=RaftServer,group=group-6E5CB5E1E180,id=8861b532-8644-464f-96f7-f43eddde564a
2022-08-10 09:23:09,024 [Command processor thread] INFO  ratis.XceiverServerRatis (XceiverServerRatis.java:addGroup(765)) - Created group PipelineID=f16b2675-79e9-4d7a-a99c-6e5cb5e1e180
2022-08-10 09:23:09,024 [Command processor thread] INFO  commandhandler.CreatePipelineCommandHandler (CreatePipelineCommandHandler.java:handle(113)) - Created Pipeline RATIS ONE PipelineID=f16b2675-79e9-4d7a-a99c-6e5cb5e1e180.
2022-08-10 09:23:09,365 [EndpointStateMachine task thread for /0.0.0.0:42301 - 0 ] INFO  ipc.Client (Client.java:handleConnectionFailure(977)) - Retrying connect to server: 0.0.0.0/0.0.0.0:42301. Already tried 3 time(s); retry policy is RetryUpToMaximumCountWithFixedSleep(maxRetries=15, sleepTime=1000 MILLISECONDS)
2022-08-10 09:23:09,906 [Listener at 127.0.0.1/35599] INFO  ozone.MiniOzoneClusterImpl (MiniOzoneClusterImpl.java:lambda$waitForClusterToBeReady$0(216)) - Nodes are ready. Got 3 of 3 DN Heartbeats.
2022-08-10 09:23:09,907 [Listener at 127.0.0.1/35599] INFO  ozone.MiniOzoneClusterImpl (MiniOzoneClusterImpl.java:lambda$waitForClusterToBeReady$0(219)) - Waiting for cluster to exit safe mode
2022-08-10 09:23:09,907 [Listener at 127.0.0.1/35599] INFO  ozone.MiniOzoneClusterImpl (MiniOzoneClusterImpl.java:lambda$waitForClusterToBeReady$0(221)) - SCM became leader
2022-08-10 09:23:09,958 [Command processor thread] INFO  server.RaftServer (RaftServerProxy.java:addNew(96)) - b74f4fe1-68c4-415c-98c4-eddeab9d2099: addNew group-462B62CB68C6:[b74f4fe1-68c4-415c-98c4-eddeab9d2099|rpc:10.1.0.9:46513|priority:1] returns group-462B62CB68C6:java.util.concurrent.CompletableFuture@484b22f[Not completed]
2022-08-10 09:23:09,959 [pool-726-thread-1] INFO  server.RaftServer$Division (RaftServerImpl.java:<init>(190)) - b74f4fe1-68c4-415c-98c4-eddeab9d2099: new RaftServerImpl for group-462B62CB68C6:[b74f4fe1-68c4-415c-98c4-eddeab9d2099|rpc:10.1.0.9:46513|priority:1] with ContainerStateMachine:uninitialized
2022-08-10 09:23:09,959 [pool-726-thread-1] INFO  server.RaftServerConfigKeys (ConfUtils.java:logGet(46)) - raft.server.rpc.timeout.min = 5s (custom)
2022-08-10 09:23:09,959 [pool-726-thread-1] INFO  server.RaftServerConfigKeys (ConfUtils.java:logGet(46)) - raft.server.rpc.timeout.max = 5200ms (custom)
2022-08-10 09:23:09,959 [pool-726-thread-1] INFO  server.RaftServerConfigKeys (ConfUtils.java:logGet(46)) - raft.server.rpc.sleep.time = 25ms (default)
2022-08-10 09:23:09,959 [pool-726-thread-1] INFO  server.RaftServerConfigKeys (ConfUtils.java:logGet(46)) - raft.server.rpc.slowness.timeout = 300s (custom)
2022-08-10 09:23:09,959 [pool-726-thread-1] INFO  server.RaftServerConfigKeys (ConfUtils.java:logGet(46)) - raft.server.leaderelection.leader.step-down.wait-time = 10s (default)
2022-08-10 09:23:09,959 [pool-726-thread-1] INFO  server.RaftServerConfigKeys (ConfUtils.java:logGet(46)) - raft.server.sleep.deviation.threshold = 300ms (default)
2022-08-10 09:23:09,959 [pool-726-thread-1] INFO  server.RaftServer$Division (ServerState.java:<init>(107)) - b74f4fe1-68c4-415c-98c4-eddeab9d2099@group-462B62CB68C6: ConfigurationManager, init=-1: [b74f4fe1-68c4-415c-98c4-eddeab9d2099|rpc:10.1.0.9:46513|priority:1], old=null, confs=<EMPTY_MAP>
2022-08-10 09:23:09,959 [pool-726-thread-1] INFO  server.RaftServerConfigKeys (ConfUtils.java:logGet(46)) - raft.server.storage.dir = [/home/runner/work/ozone/ozone/hadoop-ozone/integration-test/target/test-dir/MiniOzoneClusterImpl-2080ac2c-1c22-4300-b117-cc71631a0cfb/datanode-2/data/ratis] (custom)
2022-08-10 09:23:09,959 [pool-726-thread-1] INFO  server.RaftServerConfigKeys (ConfUtils.java:logGet(46)) - raft.server.log.corruption.policy = EXCEPTION (default)
2022-08-10 09:23:09,959 [pool-726-thread-1] INFO  server.RaftServerConfigKeys (ConfUtils.java:logGet(46)) - raft.server.storage.free-space.min = 0MB (=0) (default)
2022-08-10 09:23:09,959 [pool-726-thread-1] INFO  storage.RaftStorageDirectory (RaftStorageDirectoryImpl.java:analyzeStorage(135)) - The storage directory /home/runner/work/ozone/ozone/hadoop-ozone/integration-test/target/test-dir/MiniOzoneClusterImpl-2080ac2c-1c22-4300-b117-cc71631a0cfb/datanode-2/data/ratis/c2191d19-ece1-4764-bcf2-462b62cb68c6 does not exist. Creating ...
2022-08-10 09:23:09,961 [pool-726-thread-1] INFO  storage.RaftStorageDirectory (RaftStorageDirectoryImpl.java:tryLock(230)) - Lock on /home/runner/work/ozone/ozone/hadoop-ozone/integration-test/target/test-dir/MiniOzoneClusterImpl-2080ac2c-1c22-4300-b117-cc71631a0cfb/datanode-2/data/ratis/c2191d19-ece1-4764-bcf2-462b62cb68c6/in_use.lock acquired by nodename 28234@fv-az244-795
2022-08-10 09:23:09,963 [pool-726-thread-1] INFO  storage.RaftStorage (RaftStorageImpl.java:format(89)) - Storage directory /home/runner/work/ozone/ozone/hadoop-ozone/integration-test/target/test-dir/MiniOzoneClusterImpl-2080ac2c-1c22-4300-b117-cc71631a0cfb/datanode-2/data/ratis/c2191d19-ece1-4764-bcf2-462b62cb68c6 has been successfully formatted.
2022-08-10 09:23:09,963 [pool-726-thread-1] INFO  ratis.ContainerStateMachine (ContainerStateMachine.java:loadSnapshot(236)) - group-462B62CB68C6: The snapshot info is null. Setting the last applied indexto:(t:0, i:~)
2022-08-10 09:23:09,963 [pool-726-thread-1] INFO  server.RaftServerConfigKeys (ConfUtils.java:logGet(46)) - raft.server.notification.no-leader.timeout = 300s (custom)
2022-08-10 09:23:09,963 [pool-726-thread-1] INFO  server.RaftServerConfigKeys (ConfUtils.java:logGet(46)) - raft.server.log.use.memory = false (default)
2022-08-10 09:23:09,963 [pool-726-thread-1] INFO  server.RaftServerConfigKeys (ConfUtils.java:logGet(46)) - raft.server.log.purge.gap = 1000000 (custom)
2022-08-10 09:23:09,964 [pool-726-thread-1] INFO  server.RaftServerConfigKeys (ConfUtils.java:logGet(46)) - raft.server.log.appender.buffer.byte-limit = 33554432 (custom)
2022-08-10 09:23:09,964 [pool-726-thread-1] INFO  server.RaftServerConfigKeys (ConfUtils.java:logGet(46)) - raft.server.log.statemachine.data.read.timeout = 1000ms (default)
2022-08-10 09:23:09,964 [pool-726-thread-1] INFO  server.RaftServerConfigKeys (ConfUtils.java:logGet(46)) - raft.server.log.segment.size.max = 1048576 (custom)
2022-08-10 09:23:09,964 [pool-726-thread-1] INFO  server.RaftServerConfigKeys (ConfUtils.java:logGet(46)) - raft.server.log.segment.cache.num.max = 2 (custom)
2022-08-10 09:23:09,964 [pool-726-thread-1] INFO  server.RaftServerConfigKeys (ConfUtils.java:logGet(46)) - raft.server.log.segment.cache.size.max = 200MB (=209715200) (default)
2022-08-10 09:23:09,965 [EventQueue-PipelineReportForPipelineReportHandler] INFO  pipeline.PipelineManagerImpl (PipelineManagerImpl.java:openPipeline(367)) - Pipeline Pipeline[ Id: c2191d19-ece1-4764-bcf2-462b62cb68c6, Nodes: b74f4fe1-68c4-415c-98c4-eddeab9d2099{ip: 10.1.0.9, host: fv-az244-795.wfqk4h0zklwe5pzfvc0psazzwc.bx.internal.cloudapp.net, ports: [REPLICATION=43535, RATIS=46513, RATIS_ADMIN=46513, RATIS_SERVER=46513, STANDALONE=45753], networkLocation: /default-rack, certSerialId: null, persistedOpState: IN_SERVICE, persistedOpStateExpiryEpochSec: 0}, ReplicationConfig: RATIS/ONE, State:ALLOCATED, leaderId:b74f4fe1-68c4-415c-98c4-eddeab9d2099, CreationTimestamp2022-08-10T09:23:06.961Z[Etc/UTC]] moved to OPEN state
2022-08-10 09:23:09,966 [EventQueue-OpenPipelineForHealthyPipelineSafeModeRule] INFO  safemode.SCMSafeModeManager (HealthyPipelineSafeModeRule.java:process(137)) - SCM in safe mode. Healthy pipelines reported count is 0, required healthy pipeline reported count is 1
2022-08-10 09:23:09,966 [pool-726-thread-1] INFO  segmented.SegmentedRaftLogWorker (SegmentedRaftLogWorker.java:<init>(187)) - new b74f4fe1-68c4-415c-98c4-eddeab9d2099@group-462B62CB68C6-SegmentedRaftLogWorker for RaftStorageImpl:Storage Directory /home/runner/work/ozone/ozone/hadoop-ozone/integration-test/target/test-dir/MiniOzoneClusterImpl-2080ac2c-1c22-4300-b117-cc71631a0cfb/datanode-2/data/ratis/c2191d19-ece1-4764-bcf2-462b62cb68c6
2022-08-10 09:23:09,966 [pool-726-thread-1] INFO  server.RaftServerConfigKeys (ConfUtils.java:logGet(46)) - raft.server.log.queue.byte-limit = 4294967296 (custom)
2022-08-10 09:23:09,966 [pool-726-thread-1] INFO  server.RaftServerConfigKeys (ConfUtils.java:logGet(46)) - raft.server.log.queue.element-limit = 1024 (custom)
2022-08-10 09:23:09,966 [pool-726-thread-1] INFO  server.RaftServerConfigKeys (ConfUtils.java:logGet(46)) - raft.server.log.segment.size.max = 1048576 (custom)
2022-08-10 09:23:09,966 [pool-726-thread-1] INFO  server.RaftServerConfigKeys (ConfUtils.java:logGet(46)) - raft.server.log.preallocated.size = 16384 (custom)
2022-08-10 09:23:09,966 [pool-726-thread-1] INFO  server.RaftServerConfigKeys (ConfUtils.java:logGet(46)) - raft.server.log.force.sync.num = 128 (default)
2022-08-10 09:23:09,966 [pool-726-thread-1] INFO  server.RaftServerConfigKeys (ConfUtils.java:logGet(46)) - raft.server.log.statemachine.data.sync = true (default)
2022-08-10 09:23:09,966 [pool-726-thread-1] INFO  server.RaftServerConfigKeys (ConfUtils.java:logGet(46)) - raft.server.log.statemachine.data.sync.timeout = 10s (default)
2022-08-10 09:23:09,966 [pool-726-thread-1] INFO  server.RaftServerConfigKeys (ConfUtils.java:logGet(46)) - raft.server.log.statemachine.data.sync.timeout.retry = -1 (default)
2022-08-10 09:23:09,967 [pool-726-thread-1] INFO  server.RaftServerConfigKeys (ConfUtils.java:logGet(46)) - raft.server.log.write.buffer.size = 1048576 (custom)
2022-08-10 09:23:09,968 [pool-726-thread-1] INFO  server.RaftServerConfigKeys (ConfUtils.java:logGet(46)) - raft.server.log.unsafe-flush.enabled = false (default)
2022-08-10 09:23:09,968 [pool-726-thread-1] INFO  server.RaftServerConfigKeys (ConfUtils.java:logGet(46)) - raft.server.log.statemachine.data.caching.enabled = true (custom)
2022-08-10 09:23:09,968 [pool-726-thread-1] INFO  segmented.SegmentedRaftLogWorker (SegmentedRaftLogWorker.java:lambda$new$0(135)) - b74f4fe1-68c4-415c-98c4-eddeab9d2099@group-462B62CB68C6-SegmentedRaftLogWorker: flushIndex: setUnconditionally 0 -> -1
2022-08-10 09:23:09,968 [pool-726-thread-1] INFO  segmented.SegmentedRaftLogWorker (SegmentedRaftLogWorker.java:lambda$new$0(135)) - b74f4fe1-68c4-415c-98c4-eddeab9d2099@group-462B62CB68C6-SegmentedRaftLogWorker: safeCacheEvictIndex: setUnconditionally 0 -> -1
2022-08-10 09:23:09,976 [pool-726-thread-1] INFO  server.RaftServerConfigKeys (ConfUtils.java:logGet(46)) - raft.server.snapshot.auto.trigger.enabled = true (custom)
2022-08-10 09:23:09,976 [pool-726-thread-1] INFO  server.RaftServerConfigKeys (ConfUtils.java:logGet(46)) - raft.server.snapshot.auto.trigger.threshold = 10000 (custom)
2022-08-10 09:23:09,976 [pool-726-thread-1] INFO  server.RaftServerConfigKeys (ConfUtils.java:logGet(46)) - raft.server.snapshot.retention.file.num = 5 (custom)
2022-08-10 09:23:09,976 [pool-726-thread-1] INFO  server.RaftServerConfigKeys (ConfUtils.java:logGet(46)) - raft.server.log.purge.upto.snapshot.index = false (default)
2022-08-10 09:23:09,984 [pool-726-thread-1] INFO  server.RaftServerConfigKeys (ConfUtils.java:logGet(46)) - raft.server.retrycache.expirytime = 600000ms (custom)
2022-08-10 09:23:09,984 [pool-726-thread-1] INFO  server.RaftServerConfigKeys (ConfUtils.java:logGet(46)) - raft.server.retrycache.statistics.expirytime = 100μs (default)
2022-08-10 09:23:09,986 [pool-726-thread-1] INFO  server.RaftServerConfigKeys (ConfUtils.java:logGet(46)) - raft.server.log.appender.install.snapshot.enabled = false (custom)
2022-08-10 09:23:09,986 [pool-726-thread-1] INFO  server.RaftServerConfigKeys (ConfUtils.java:logGet(46)) - raft.server.threadpool.server.cached = true (default)
2022-08-10 09:23:09,986 [pool-726-thread-1] INFO  server.RaftServerConfigKeys (ConfUtils.java:logGet(46)) - raft.server.threadpool.server.size = 0 (default)
2022-08-10 09:23:09,986 [pool-726-thread-1] INFO  server.RaftServerConfigKeys (ConfUtils.java:logGet(46)) - raft.server.threadpool.client.cached = true (default)
2022-08-10 09:23:09,986 [pool-726-thread-1] INFO  server.RaftServerConfigKeys (ConfUtils.java:logGet(46)) - raft.server.threadpool.client.size = 0 (default)
2022-08-10 09:23:09,986 [pool-726-thread-1] INFO  server.RaftServer$Division (RaftServerImpl.java:start(310)) - b74f4fe1-68c4-415c-98c4-eddeab9d2099@group-462B62CB68C6: start as a follower, conf=-1: [b74f4fe1-68c4-415c-98c4-eddeab9d2099|rpc:10.1.0.9:46513|priority:1], old=null
2022-08-10 09:23:09,986 [pool-726-thread-1] INFO  server.RaftServer$Division (RaftServerImpl.java:setRole(299)) - b74f4fe1-68c4-415c-98c4-eddeab9d2099@group-462B62CB68C6: changes role from      null to FOLLOWER at term 0 for startAsFollower
2022-08-10 09:23:09,986 [pool-726-thread-1] INFO  impl.RoleInfo (RoleInfo.java:updateAndGet(139)) - b74f4fe1-68c4-415c-98c4-eddeab9d2099: start b74f4fe1-68c4-415c-98c4-eddeab9d2099@group-462B62CB68C6-FollowerState
2022-08-10 09:23:09,988 [pool-726-thread-1] INFO  util.JmxRegister (JmxRegister.java:tryRegister(44)) - Successfully registered JMX Bean with object name Ratis:service=RaftServer,group=group-462B62CB68C6,id=b74f4fe1-68c4-415c-98c4-eddeab9d2099
2022-08-10 09:23:09,992 [Command processor thread] INFO  ratis.XceiverServerRatis (XceiverServerRatis.java:addGroup(765)) - Created group PipelineID=c2191d19-ece1-4764-bcf2-462b62cb68c6
2022-08-10 09:23:09,992 [Command processor thread] INFO  commandhandler.CreatePipelineCommandHandler (CreatePipelineCommandHandler.java:handle(113)) - Created Pipeline RATIS ONE PipelineID=c2191d19-ece1-4764-bcf2-462b62cb68c6.
2022-08-10 09:23:10,366 [EndpointStateMachine task thread for /0.0.0.0:42301 - 0 ] INFO  ipc.Client (Client.java:handleConnectionFailure(977)) - Retrying connect to server: 0.0.0.0/0.0.0.0:42301. Already tried 4 time(s); retry policy is RetryUpToMaximumCountWithFixedSleep(maxRetries=15, sleepTime=1000 MILLISECONDS)
2022-08-10 09:23:10,907 [Listener at 127.0.0.1/35599] INFO  ozone.MiniOzoneClusterImpl (MiniOzoneClusterImpl.java:lambda$waitForClusterToBeReady$0(216)) - Nodes are ready. Got 3 of 3 DN Heartbeats.
2022-08-10 09:23:10,907 [Listener at 127.0.0.1/35599] INFO  ozone.MiniOzoneClusterImpl (MiniOzoneClusterImpl.java:lambda$waitForClusterToBeReady$0(219)) - Waiting for cluster to exit safe mode
2022-08-10 09:23:10,908 [Listener at 127.0.0.1/35599] INFO  ozone.MiniOzoneClusterImpl (MiniOzoneClusterImpl.java:lambda$waitForClusterToBeReady$0(221)) - SCM became leader
2022-08-10 09:23:11,366 [EndpointStateMachine task thread for /0.0.0.0:42301 - 0 ] INFO  ipc.Client (Client.java:handleConnectionFailure(977)) - Retrying connect to server: 0.0.0.0/0.0.0.0:42301. Already tried 5 time(s); retry policy is RetryUpToMaximumCountWithFixedSleep(maxRetries=15, sleepTime=1000 MILLISECONDS)
2022-08-10 09:23:11,908 [Listener at 127.0.0.1/35599] INFO  ozone.MiniOzoneClusterImpl (MiniOzoneClusterImpl.java:lambda$waitForClusterToBeReady$0(216)) - Nodes are ready. Got 3 of 3 DN Heartbeats.
2022-08-10 09:23:11,908 [Listener at 127.0.0.1/35599] INFO  ozone.MiniOzoneClusterImpl (MiniOzoneClusterImpl.java:lambda$waitForClusterToBeReady$0(219)) - Waiting for cluster to exit safe mode
2022-08-10 09:23:11,908 [Listener at 127.0.0.1/35599] INFO  ozone.MiniOzoneClusterImpl (MiniOzoneClusterImpl.java:lambda$waitForClusterToBeReady$0(221)) - SCM became leader
2022-08-10 09:23:12,367 [EndpointStateMachine task thread for /0.0.0.0:42301 - 0 ] INFO  ipc.Client (Client.java:handleConnectionFailure(977)) - Retrying connect to server: 0.0.0.0/0.0.0.0:42301. Already tried 6 time(s); retry policy is RetryUpToMaximumCountWithFixedSleep(maxRetries=15, sleepTime=1000 MILLISECONDS)
2022-08-10 09:23:12,909 [Listener at 127.0.0.1/35599] INFO  ozone.MiniOzoneClusterImpl (MiniOzoneClusterImpl.java:lambda$waitForClusterToBeReady$0(216)) - Nodes are ready. Got 3 of 3 DN Heartbeats.
2022-08-10 09:23:12,909 [Listener at 127.0.0.1/35599] INFO  ozone.MiniOzoneClusterImpl (MiniOzoneClusterImpl.java:lambda$waitForClusterToBeReady$0(219)) - Waiting for cluster to exit safe mode
2022-08-10 09:23:12,909 [Listener at 127.0.0.1/35599] INFO  ozone.MiniOzoneClusterImpl (MiniOzoneClusterImpl.java:lambda$waitForClusterToBeReady$0(221)) - SCM became leader
2022-08-10 09:23:13,368 [EndpointStateMachine task thread for /0.0.0.0:42301 - 0 ] INFO  ipc.Client (Client.java:handleConnectionFailure(977)) - Retrying connect to server: 0.0.0.0/0.0.0.0:42301. Already tried 7 time(s); retry policy is RetryUpToMaximumCountWithFixedSleep(maxRetries=15, sleepTime=1000 MILLISECONDS)
2022-08-10 09:23:13,526 [e06c7883-c7a0-4496-b519-f5e79e748d82@group-4D904FF2D2BD-FollowerState] INFO  impl.FollowerState (FollowerState.java:run(143)) - e06c7883-c7a0-4496-b519-f5e79e748d82@group-4D904FF2D2BD-FollowerState: change to CANDIDATE, lastRpcElapsedTime:5118800482ns, electionTimeout:5109ms
2022-08-10 09:23:13,526 [e06c7883-c7a0-4496-b519-f5e79e748d82@group-4D904FF2D2BD-FollowerState] INFO  impl.RoleInfo (RoleInfo.java:shutdownFollowerState(110)) - e06c7883-c7a0-4496-b519-f5e79e748d82: shutdown e06c7883-c7a0-4496-b519-f5e79e748d82@group-4D904FF2D2BD-FollowerState
2022-08-10 09:23:13,526 [e06c7883-c7a0-4496-b519-f5e79e748d82@group-4D904FF2D2BD-FollowerState] INFO  server.RaftServer$Division (RaftServerImpl.java:setRole(299)) - e06c7883-c7a0-4496-b519-f5e79e748d82@group-4D904FF2D2BD: changes role from  FOLLOWER to CANDIDATE at term 0 for changeToCandidate
2022-08-10 09:23:13,526 [e06c7883-c7a0-4496-b519-f5e79e748d82@group-4D904FF2D2BD-FollowerState] INFO  server.RaftServerConfigKeys (ConfUtils.java:logGet(46)) - raft.server.leaderelection.pre-vote = false (custom)
2022-08-10 09:23:13,526 [e06c7883-c7a0-4496-b519-f5e79e748d82@group-4D904FF2D2BD-FollowerState] INFO  impl.RoleInfo (RoleInfo.java:updateAndGet(139)) - e06c7883-c7a0-4496-b519-f5e79e748d82: start e06c7883-c7a0-4496-b519-f5e79e748d82@group-4D904FF2D2BD-LeaderElection36
2022-08-10 09:23:13,527 [e06c7883-c7a0-4496-b519-f5e79e748d82@group-147CCC924E7A-FollowerState] INFO  impl.FollowerState (FollowerState.java:run(143)) - e06c7883-c7a0-4496-b519-f5e79e748d82@group-147CCC924E7A-FollowerState: change to CANDIDATE, lastRpcElapsedTime:5161714535ns, electionTimeout:5151ms
2022-08-10 09:23:13,527 [e06c7883-c7a0-4496-b519-f5e79e748d82@group-147CCC924E7A-FollowerState] INFO  impl.RoleInfo (RoleInfo.java:shutdownFollowerState(110)) - e06c7883-c7a0-4496-b519-f5e79e748d82: shutdown e06c7883-c7a0-4496-b519-f5e79e748d82@group-147CCC924E7A-FollowerState
2022-08-10 09:23:13,527 [e06c7883-c7a0-4496-b519-f5e79e748d82@group-147CCC924E7A-FollowerState] INFO  server.RaftServer$Division (RaftServerImpl.java:setRole(299)) - e06c7883-c7a0-4496-b519-f5e79e748d82@group-147CCC924E7A: changes role from  FOLLOWER to CANDIDATE at term 0 for changeToCandidate
2022-08-10 09:23:13,529 [e06c7883-c7a0-4496-b519-f5e79e748d82@group-147CCC924E7A-FollowerState] INFO  server.RaftServerConfigKeys (ConfUtils.java:logGet(46)) - raft.server.leaderelection.pre-vote = false (custom)
2022-08-10 09:23:13,529 [e06c7883-c7a0-4496-b519-f5e79e748d82@group-147CCC924E7A-FollowerState] INFO  impl.RoleInfo (RoleInfo.java:updateAndGet(139)) - e06c7883-c7a0-4496-b519-f5e79e748d82: start e06c7883-c7a0-4496-b519-f5e79e748d82@group-147CCC924E7A-LeaderElection37
2022-08-10 09:23:13,549 [e06c7883-c7a0-4496-b519-f5e79e748d82@group-147CCC924E7A-LeaderElection37] INFO  impl.LeaderElection (LeaderElection.java:askForVotes(310)) - e06c7883-c7a0-4496-b519-f5e79e748d82@group-147CCC924E7A-LeaderElection37 ELECTION round 0: submit vote requests at term 1 for -1: [e06c7883-c7a0-4496-b519-f5e79e748d82|rpc:10.1.0.9:34055|priority:1], old=null
2022-08-10 09:23:13,549 [e06c7883-c7a0-4496-b519-f5e79e748d82@group-147CCC924E7A-LeaderElection37] INFO  impl.LeaderElection (LeaderElection.java:askForVotes(312)) - e06c7883-c7a0-4496-b519-f5e79e748d82@group-147CCC924E7A-LeaderElection37 ELECTION round 0: result PASSED (term=1)
2022-08-10 09:23:13,549 [e06c7883-c7a0-4496-b519-f5e79e748d82@group-147CCC924E7A-LeaderElection37] INFO  impl.RoleInfo (RoleInfo.java:shutdownLeaderElection(130)) - e06c7883-c7a0-4496-b519-f5e79e748d82: shutdown e06c7883-c7a0-4496-b519-f5e79e748d82@group-147CCC924E7A-LeaderElection37
2022-08-10 09:23:13,549 [e06c7883-c7a0-4496-b519-f5e79e748d82@group-4D904FF2D2BD-LeaderElection36] INFO  impl.LeaderElection (LeaderElection.java:askForVotes(310)) - e06c7883-c7a0-4496-b519-f5e79e748d82@group-4D904FF2D2BD-LeaderElection36 ELECTION round 0: submit vote requests at term 1 for -1: [8861b532-8644-464f-96f7-f43eddde564a|rpc:10.1.0.9:35537|priority:0, b74f4fe1-68c4-415c-98c4-eddeab9d2099|rpc:10.1.0.9:46513|priority:0, e06c7883-c7a0-4496-b519-f5e79e748d82|rpc:10.1.0.9:34055|priority:1], old=null
2022-08-10 09:23:13,549 [e06c7883-c7a0-4496-b519-f5e79e748d82@group-147CCC924E7A-LeaderElection37] INFO  server.RaftServer$Division (RaftServerImpl.java:setRole(299)) - e06c7883-c7a0-4496-b519-f5e79e748d82@group-147CCC924E7A: changes role from CANDIDATE to LEADER at term 1 for changeToLeader
2022-08-10 09:23:13,549 [e06c7883-c7a0-4496-b519-f5e79e748d82@group-147CCC924E7A-LeaderElection37] INFO  ratis.XceiverServerRatis (XceiverServerRatis.java:handleLeaderChangedNotification(863)) - Leader change notification received for group: group-147CCC924E7A with new leaderId: e06c7883-c7a0-4496-b519-f5e79e748d82
2022-08-10 09:23:13,550 [e06c7883-c7a0-4496-b519-f5e79e748d82@group-147CCC924E7A-LeaderElection37] INFO  server.RaftServer$Division (ServerState.java:setLeader(287)) - e06c7883-c7a0-4496-b519-f5e79e748d82@group-147CCC924E7A: change Leader from null to e06c7883-c7a0-4496-b519-f5e79e748d82 at term 1 for becomeLeader, leader elected after 5198ms
2022-08-10 09:23:13,550 [e06c7883-c7a0-4496-b519-f5e79e748d82@group-147CCC924E7A-LeaderElection37] INFO  server.RaftServerConfigKeys (ConfUtils.java:logGet(46)) - raft.server.staging.catchup.gap = 1000 (default)
2022-08-10 09:23:13,552 [EventQueue-OpenPipelineForHealthyPipelineSafeModeRule] INFO  safemode.SCMSafeModeManager (HealthyPipelineSafeModeRule.java:process(137)) - SCM in safe mode. Healthy pipelines reported count is 0, required healthy pipeline reported count is 1
2022-08-10 09:23:13,560 [e06c7883-c7a0-4496-b519-f5e79e748d82@group-147CCC924E7A-LeaderElection37] INFO  server.RaftServerConfigKeys (ConfUtils.java:logGet(46)) - raft.server.write.element-limit = 1024 (custom)
2022-08-10 09:23:13,560 [e06c7883-c7a0-4496-b519-f5e79e748d82@group-147CCC924E7A-LeaderElection37] INFO  server.RaftServerConfigKeys (ConfUtils.java:logGet(46)) - raft.server.write.byte-limit = 1024 M (=1073741824) (custom)
2022-08-10 09:23:13,561 [e06c7883-c7a0-4496-b519-f5e79e748d82@group-147CCC924E7A-LeaderElection37] INFO  server.RaftServerConfigKeys (ConfUtils.java:logGet(46)) - raft.server.watch.timeout = 180s (custom)
2022-08-10 09:23:13,561 [e06c7883-c7a0-4496-b519-f5e79e748d82@group-147CCC924E7A-LeaderElection37] INFO  server.RaftServerConfigKeys (ConfUtils.java:logGet(46)) - raft.server.watch.timeout.denomination = 1s (default)
2022-08-10 09:23:13,561 [e06c7883-c7a0-4496-b519-f5e79e748d82@group-147CCC924E7A-LeaderElection37] INFO  server.RaftServerConfigKeys (ConfUtils.java:logGet(46)) - raft.server.watch.element-limit = 65536 (default)
2022-08-10 09:23:13,561 [e06c7883-c7a0-4496-b519-f5e79e748d82@group-147CCC924E7A-LeaderElection37] INFO  server.RaftServerConfigKeys (ConfUtils.java:logGet(46)) - raft.server.write.element-limit = 1024 (custom)
2022-08-10 09:23:13,561 [e06c7883-c7a0-4496-b519-f5e79e748d82@group-147CCC924E7A-LeaderElection37] INFO  server.RaftServerConfigKeys (ConfUtils.java:logGet(46)) - raft.server.write.follower.gap.ratio.max = -1.0 (default)
2022-08-10 09:23:13,561 [e06c7883-c7a0-4496-b519-f5e79e748d82@group-147CCC924E7A-LeaderElection37] INFO  impl.RoleInfo (RoleInfo.java:updateAndGet(139)) - e06c7883-c7a0-4496-b519-f5e79e748d82: start e06c7883-c7a0-4496-b519-f5e79e748d82@group-147CCC924E7A-LeaderStateImpl
2022-08-10 09:23:13,563 [grpc-default-executor-4] INFO  server.RaftServer$Division (RaftServerImpl.java:requestVote(1152)) - 8861b532-8644-464f-96f7-f43eddde564a@group-4D904FF2D2BD: receive requestVote(ELECTION, e06c7883-c7a0-4496-b519-f5e79e748d82, group-4D904FF2D2BD, 1, (t:0, i:0))
2022-08-10 09:23:13,563 [grpc-default-executor-4] INFO  impl.VoteContext (VoteContext.java:log(48)) - 8861b532-8644-464f-96f7-f43eddde564a@group-4D904FF2D2BD-FOLLOWER: accept ELECTION from e06c7883-c7a0-4496-b519-f5e79e748d82: our priority 0 <= candidate's priority 1
2022-08-10 09:23:13,563 [grpc-default-executor-4] INFO  server.RaftServer$Division (RaftServerImpl.java:setRole(299)) - 8861b532-8644-464f-96f7-f43eddde564a@group-4D904FF2D2BD: changes role from  FOLLOWER to FOLLOWER at term 1 for candidate:e06c7883-c7a0-4496-b519-f5e79e748d82
2022-08-10 09:23:13,563 [grpc-default-executor-4] INFO  impl.RoleInfo (RoleInfo.java:shutdownFollowerState(110)) - 8861b532-8644-464f-96f7-f43eddde564a: shutdown 8861b532-8644-464f-96f7-f43eddde564a@group-4D904FF2D2BD-FollowerState
2022-08-10 09:23:13,564 [grpc-default-executor-4] INFO  impl.RoleInfo (RoleInfo.java:updateAndGet(139)) - 8861b532-8644-464f-96f7-f43eddde564a: start 8861b532-8644-464f-96f7-f43eddde564a@group-4D904FF2D2BD-FollowerState
2022-08-10 09:23:13,564 [8861b532-8644-464f-96f7-f43eddde564a@group-4D904FF2D2BD-FollowerState] INFO  impl.FollowerState (FollowerState.java:run(152)) - 8861b532-8644-464f-96f7-f43eddde564a@group-4D904FF2D2BD-FollowerState was interrupted
2022-08-10 09:23:13,564 [e06c7883-c7a0-4496-b519-f5e79e748d82@group-147CCC924E7A-LeaderElection37] INFO  segmented.SegmentedRaftLogWorker (SegmentedRaftLogWorker.java:startLogSegment(425)) - e06c7883-c7a0-4496-b519-f5e79e748d82@group-147CCC924E7A-SegmentedRaftLogWorker: Starting segment from index:0
2022-08-10 09:23:13,575 [e06c7883-c7a0-4496-b519-f5e79e748d82@group-147CCC924E7A-LeaderElection37] INFO  server.RaftServer$Division (ServerState.java:setRaftConf(393)) - e06c7883-c7a0-4496-b519-f5e79e748d82@group-147CCC924E7A: set configuration 0: [e06c7883-c7a0-4496-b519-f5e79e748d82|rpc:10.1.0.9:34055|dataStream:|priority:1], old=null
2022-08-10 09:23:13,576 [e06c7883-c7a0-4496-b519-f5e79e748d82@group-147CCC924E7A-SegmentedRaftLogWorker] INFO  segmented.SegmentedRaftLogWorker (SegmentedRaftLogWorker.java:execute(629)) - e06c7883-c7a0-4496-b519-f5e79e748d82@group-147CCC924E7A-SegmentedRaftLogWorker: created new log segment /home/runner/work/ozone/ozone/hadoop-ozone/integration-test/target/test-dir/MiniOzoneClusterImpl-2080ac2c-1c22-4300-b117-cc71631a0cfb/datanode-0/data/ratis/9f0bbf30-a3fa-4ef1-8f96-147ccc924e7a/current/log_inprogress_0
2022-08-10 09:23:13,581 [grpc-default-executor-1] INFO  server.RaftServer$Division (RaftServerImpl.java:requestVote(1152)) - b74f4fe1-68c4-415c-98c4-eddeab9d2099@group-4D904FF2D2BD: receive requestVote(ELECTION, e06c7883-c7a0-4496-b519-f5e79e748d82, group-4D904FF2D2BD, 1, (t:0, i:0))
2022-08-10 09:23:13,581 [grpc-default-executor-1] INFO  impl.VoteContext (VoteContext.java:log(48)) - b74f4fe1-68c4-415c-98c4-eddeab9d2099@group-4D904FF2D2BD-FOLLOWER: accept ELECTION from e06c7883-c7a0-4496-b519-f5e79e748d82: our priority 0 <= candidate's priority 1
2022-08-10 09:23:13,581 [grpc-default-executor-1] INFO  server.RaftServer$Division (RaftServerImpl.java:setRole(299)) - b74f4fe1-68c4-415c-98c4-eddeab9d2099@group-4D904FF2D2BD: changes role from  FOLLOWER to FOLLOWER at term 1 for candidate:e06c7883-c7a0-4496-b519-f5e79e748d82
2022-08-10 09:23:13,581 [grpc-default-executor-1] INFO  impl.RoleInfo (RoleInfo.java:shutdownFollowerState(110)) - b74f4fe1-68c4-415c-98c4-eddeab9d2099: shutdown b74f4fe1-68c4-415c-98c4-eddeab9d2099@group-4D904FF2D2BD-FollowerState
2022-08-10 09:23:13,581 [grpc-default-executor-1] INFO  impl.RoleInfo (RoleInfo.java:updateAndGet(139)) - b74f4fe1-68c4-415c-98c4-eddeab9d2099: start b74f4fe1-68c4-415c-98c4-eddeab9d2099@group-4D904FF2D2BD-FollowerState
2022-08-10 09:23:13,581 [b74f4fe1-68c4-415c-98c4-eddeab9d2099@group-4D904FF2D2BD-FollowerState] INFO  impl.FollowerState (FollowerState.java:run(152)) - b74f4fe1-68c4-415c-98c4-eddeab9d2099@group-4D904FF2D2BD-FollowerState was interrupted
2022-08-10 09:23:13,604 [grpc-default-executor-1] INFO  server.RaftServer$Division (RaftServerImpl.java:requestVote(1184)) - b74f4fe1-68c4-415c-98c4-eddeab9d2099@group-4D904FF2D2BD replies to ELECTION vote request: e06c7883-c7a0-4496-b519-f5e79e748d82<-b74f4fe1-68c4-415c-98c4-eddeab9d2099#0:OK-t1. Peer's state: b74f4fe1-68c4-415c-98c4-eddeab9d2099@group-4D904FF2D2BD:t1, leader=null, voted=e06c7883-c7a0-4496-b519-f5e79e748d82, raftlog=b74f4fe1-68c4-415c-98c4-eddeab9d2099@group-4D904FF2D2BD-SegmentedRaftLog:OPENED:c-1, conf=-1: [8861b532-8644-464f-96f7-f43eddde564a|rpc:10.1.0.9:35537|dataStream:|priority:0, b74f4fe1-68c4-415c-98c4-eddeab9d2099|rpc:10.1.0.9:46513|dataStream:|priority:0, e06c7883-c7a0-4496-b519-f5e79e748d82|rpc:10.1.0.9:34055|dataStream:|priority:1], old=null
2022-08-10 09:23:13,604 [grpc-default-executor-4] INFO  server.RaftServer$Division (RaftServerImpl.java:requestVote(1184)) - 8861b532-8644-464f-96f7-f43eddde564a@group-4D904FF2D2BD replies to ELECTION vote request: e06c7883-c7a0-4496-b519-f5e79e748d82<-8861b532-8644-464f-96f7-f43eddde564a#0:OK-t1. Peer's state: 8861b532-8644-464f-96f7-f43eddde564a@group-4D904FF2D2BD:t1, leader=null, voted=e06c7883-c7a0-4496-b519-f5e79e748d82, raftlog=8861b532-8644-464f-96f7-f43eddde564a@group-4D904FF2D2BD-SegmentedRaftLog:OPENED:c-1, conf=-1: [8861b532-8644-464f-96f7-f43eddde564a|rpc:10.1.0.9:35537|dataStream:|priority:0, b74f4fe1-68c4-415c-98c4-eddeab9d2099|rpc:10.1.0.9:46513|dataStream:|priority:0, e06c7883-c7a0-4496-b519-f5e79e748d82|rpc:10.1.0.9:34055|dataStream:|priority:1], old=null
2022-08-10 09:23:13,613 [e06c7883-c7a0-4496-b519-f5e79e748d82@group-4D904FF2D2BD-LeaderElection36] INFO  impl.LeaderElection (LeaderElection.java:logAndReturn(90)) - e06c7883-c7a0-4496-b519-f5e79e748d82@group-4D904FF2D2BD-LeaderElection36: ELECTION PASSED received 1 response(s) and 0 exception(s):
2022-08-10 09:23:13,613 [e06c7883-c7a0-4496-b519-f5e79e748d82@group-4D904FF2D2BD-LeaderElection36] INFO  impl.LeaderElection (LeaderElection.java:logAndReturn(94)) -   Response 0: e06c7883-c7a0-4496-b519-f5e79e748d82<-8861b532-8644-464f-96f7-f43eddde564a#0:OK-t1
2022-08-10 09:23:13,613 [e06c7883-c7a0-4496-b519-f5e79e748d82@group-4D904FF2D2BD-LeaderElection36] INFO  impl.LeaderElection (LeaderElection.java:askForVotes(312)) - e06c7883-c7a0-4496-b519-f5e79e748d82@group-4D904FF2D2BD-LeaderElection36 ELECTION round 0: result PASSED
2022-08-10 09:23:13,613 [e06c7883-c7a0-4496-b519-f5e79e748d82@group-4D904FF2D2BD-LeaderElection36] INFO  impl.RoleInfo (RoleInfo.java:shutdownLeaderElection(130)) - e06c7883-c7a0-4496-b519-f5e79e748d82: shutdown e06c7883-c7a0-4496-b519-f5e79e748d82@group-4D904FF2D2BD-LeaderElection36
2022-08-10 09:23:13,613 [e06c7883-c7a0-4496-b519-f5e79e748d82@group-4D904FF2D2BD-LeaderElection36] INFO  server.RaftServer$Division (RaftServerImpl.java:setRole(299)) - e06c7883-c7a0-4496-b519-f5e79e748d82@group-4D904FF2D2BD: changes role from CANDIDATE to LEADER at term 1 for changeToLeader
2022-08-10 09:23:13,613 [e06c7883-c7a0-4496-b519-f5e79e748d82@group-4D904FF2D2BD-LeaderElection36] INFO  ratis.XceiverServerRatis (XceiverServerRatis.java:handleLeaderChangedNotification(863)) - Leader change notification received for group: group-4D904FF2D2BD with new leaderId: e06c7883-c7a0-4496-b519-f5e79e748d82
2022-08-10 09:23:13,613 [e06c7883-c7a0-4496-b519-f5e79e748d82@group-4D904FF2D2BD-LeaderElection36] INFO  server.RaftServer$Division (ServerState.java:setLeader(287)) - e06c7883-c7a0-4496-b519-f5e79e748d82@group-4D904FF2D2BD: change Leader from null to e06c7883-c7a0-4496-b519-f5e79e748d82 at term 1 for becomeLeader, leader elected after 5216ms
2022-08-10 09:23:13,613 [e06c7883-c7a0-4496-b519-f5e79e748d82@group-4D904FF2D2BD-LeaderElection36] INFO  server.RaftServerConfigKeys (ConfUtils.java:logGet(46)) - raft.server.staging.catchup.gap = 1000 (default)
2022-08-10 09:23:13,614 [e06c7883-c7a0-4496-b519-f5e79e748d82@group-4D904FF2D2BD-LeaderElection36] INFO  server.RaftServerConfigKeys (ConfUtils.java:logGet(46)) - raft.server.write.element-limit = 1024 (custom)
2022-08-10 09:23:13,614 [e06c7883-c7a0-4496-b519-f5e79e748d82@group-4D904FF2D2BD-LeaderElection36] INFO  server.RaftServerConfigKeys (ConfUtils.java:logGet(46)) - raft.server.write.byte-limit = 1024 M (=1073741824) (custom)
2022-08-10 09:23:13,614 [e06c7883-c7a0-4496-b519-f5e79e748d82@group-4D904FF2D2BD-LeaderElection36] INFO  server.RaftServerConfigKeys (ConfUtils.java:logGet(46)) - raft.server.watch.timeout = 180s (custom)
2022-08-10 09:23:13,614 [e06c7883-c7a0-4496-b519-f5e79e748d82@group-4D904FF2D2BD-LeaderElection36] INFO  server.RaftServerConfigKeys (ConfUtils.java:logGet(46)) - raft.server.watch.timeout.denomination = 1s (default)
2022-08-10 09:23:13,614 [e06c7883-c7a0-4496-b519-f5e79e748d82@group-4D904FF2D2BD-LeaderElection36] INFO  server.RaftServerConfigKeys (ConfUtils.java:logGet(46)) - raft.server.watch.element-limit = 65536 (default)
2022-08-10 09:23:13,614 [e06c7883-c7a0-4496-b519-f5e79e748d82@group-4D904FF2D2BD-LeaderElection36] INFO  server.RaftServerConfigKeys (ConfUtils.java:logGet(46)) - raft.server.write.element-limit = 1024 (custom)
2022-08-10 09:23:13,615 [e06c7883-c7a0-4496-b519-f5e79e748d82@group-4D904FF2D2BD-LeaderElection36] INFO  server.RaftServerConfigKeys (ConfUtils.java:logGet(46)) - raft.server.write.follower.gap.ratio.max = -1.0 (default)
2022-08-10 09:23:13,615 [e06c7883-c7a0-4496-b519-f5e79e748d82@group-4D904FF2D2BD-LeaderElection36] INFO  server.RaftServerConfigKeys (ConfUtils.java:logGet(46)) - raft.server.log.appender.snapshot.chunk.size.max = 16MB (=16777216) (default)
2022-08-10 09:23:13,615 [e06c7883-c7a0-4496-b519-f5e79e748d82@group-4D904FF2D2BD-LeaderElection36] INFO  server.RaftServerConfigKeys (ConfUtils.java:logGet(46)) - raft.server.log.appender.buffer.byte-limit = 33554432 (custom)
2022-08-10 09:23:13,615 [e06c7883-c7a0-4496-b519-f5e79e748d82@group-4D904FF2D2BD-LeaderElection36] INFO  server.RaftServerConfigKeys (ConfUtils.java:logGet(46)) - raft.server.log.appender.buffer.element-limit = 1 (custom)
2022-08-10 09:23:13,616 [e06c7883-c7a0-4496-b519-f5e79e748d82@group-4D904FF2D2BD-LeaderElection36] INFO  grpc.GrpcConfigKeys (ConfUtils.java:logGet(46)) - raft.grpc.server.leader.outstanding.appends.max = 128 (default)
2022-08-10 09:23:13,616 [e06c7883-c7a0-4496-b519-f5e79e748d82@group-4D904FF2D2BD-LeaderElection36] INFO  server.RaftServerConfigKeys (ConfUtils.java:logGet(46)) - raft.server.rpc.request.timeout = 60s (custom)
2022-08-10 09:23:13,616 [e06c7883-c7a0-4496-b519-f5e79e748d82@group-4D904FF2D2BD-LeaderElection36] INFO  server.RaftServerConfigKeys (ConfUtils.java:logGet(46)) - raft.server.log.appender.install.snapshot.enabled = false (custom)
2022-08-10 09:23:13,617 [e06c7883-c7a0-4496-b519-f5e79e748d82@group-4D904FF2D2BD-LeaderElection36] INFO  server.RaftServerConfigKeys (ConfUtils.java:logGet(46)) - raft.server.log.appender.snapshot.chunk.size.max = 16MB (=16777216) (default)
2022-08-10 09:23:13,617 [e06c7883-c7a0-4496-b519-f5e79e748d82@group-4D904FF2D2BD-LeaderElection36] INFO  server.RaftServerConfigKeys (ConfUtils.java:logGet(46)) - raft.server.log.appender.buffer.byte-limit = 33554432 (custom)
2022-08-10 09:23:13,617 [e06c7883-c7a0-4496-b519-f5e79e748d82@group-4D904FF2D2BD-LeaderElection36] INFO  server.RaftServerConfigKeys (ConfUtils.java:logGet(46)) - raft.server.log.appender.buffer.element-limit = 1 (custom)
2022-08-10 09:23:13,617 [e06c7883-c7a0-4496-b519-f5e79e748d82@group-4D904FF2D2BD-LeaderElection36] INFO  grpc.GrpcConfigKeys (ConfUtils.java:logGet(46)) - raft.grpc.server.leader.outstanding.appends.max = 128 (default)
2022-08-10 09:23:13,617 [e06c7883-c7a0-4496-b519-f5e79e748d82@group-4D904FF2D2BD-LeaderElection36] INFO  server.RaftServerConfigKeys (ConfUtils.java:logGet(46)) - raft.server.rpc.request.timeout = 60s (custom)
2022-08-10 09:23:13,617 [e06c7883-c7a0-4496-b519-f5e79e748d82@group-4D904FF2D2BD-LeaderElection36] INFO  server.RaftServerConfigKeys (ConfUtils.java:logGet(46)) - raft.server.log.appender.install.snapshot.enabled = false (custom)
2022-08-10 09:23:13,618 [e06c7883-c7a0-4496-b519-f5e79e748d82@group-4D904FF2D2BD-LeaderElection36] INFO  impl.RoleInfo (RoleInfo.java:updateAndGet(139)) - e06c7883-c7a0-4496-b519-f5e79e748d82: start e06c7883-c7a0-4496-b519-f5e79e748d82@group-4D904FF2D2BD-LeaderStateImpl
2022-08-10 09:23:13,618 [e06c7883-c7a0-4496-b519-f5e79e748d82@group-4D904FF2D2BD-LeaderElection36] INFO  segmented.SegmentedRaftLogWorker (SegmentedRaftLogWorker.java:startLogSegment(425)) - e06c7883-c7a0-4496-b519-f5e79e748d82@group-4D904FF2D2BD-SegmentedRaftLogWorker: Starting segment from index:0
2022-08-10 09:23:13,619 [EventQueue-PipelineReportForPipelineReportHandler] INFO  pipeline.PipelineManagerImpl (PipelineManagerImpl.java:openPipeline(367)) - Pipeline Pipeline[ Id: 586ac37b-7878-44e2-a0e6-4d904ff2d2bd, Nodes: 8861b532-8644-464f-96f7-f43eddde564a{ip: 10.1.0.9, host: fv-az244-795.wfqk4h0zklwe5pzfvc0psazzwc.bx.internal.cloudapp.net, ports: [REPLICATION=43811, RATIS=35537, RATIS_ADMIN=35537, RATIS_SERVER=35537, STANDALONE=38375], networkLocation: /default-rack, certSerialId: null, persistedOpState: IN_SERVICE, persistedOpStateExpiryEpochSec: 0}e06c7883-c7a0-4496-b519-f5e79e748d82{ip: 10.1.0.9, host: fv-az244-795.wfqk4h0zklwe5pzfvc0psazzwc.bx.internal.cloudapp.net, ports: [REPLICATION=33269, RATIS=34055, RATIS_ADMIN=34055, RATIS_SERVER=34055, STANDALONE=34313], networkLocation: /default-rack, certSerialId: null, persistedOpState: IN_SERVICE, persistedOpStateExpiryEpochSec: 0}b74f4fe1-68c4-415c-98c4-eddeab9d2099{ip: 10.1.0.9, host: fv-az244-795.wfqk4h0zklwe5pzfvc0psazzwc.bx.internal.cloudapp.net, ports: [REPLICATION=43535, RATIS=46513, RATIS_ADMIN=46513, RATIS_SERVER=46513, STANDALONE=45753], networkLocation: /default-rack, certSerialId: null, persistedOpState: IN_SERVICE, persistedOpStateExpiryEpochSec: 0}, ReplicationConfig: RATIS/THREE, State:ALLOCATED, leaderId:e06c7883-c7a0-4496-b519-f5e79e748d82, CreationTimestamp2022-08-10T09:23:06.962Z[Etc/UTC]] moved to OPEN state
2022-08-10 09:23:13,620 [EventQueue-OpenPipelineForHealthyPipelineSafeModeRule] INFO  safemode.SCMSafeModeManager (HealthyPipelineSafeModeRule.java:process(137)) - SCM in safe mode. Healthy pipelines reported count is 0, required healthy pipeline reported count is 1
2022-08-10 09:23:13,620 [EventQueue-OpenPipelineForHealthyPipelineSafeModeRule] INFO  safemode.SCMSafeModeManager (HealthyPipelineSafeModeRule.java:process(137)) - SCM in safe mode. Healthy pipelines reported count is 1, required healthy pipeline reported count is 1
2022-08-10 09:23:13,620 [EventQueue-OpenPipelineForHealthyPipelineSafeModeRule] INFO  safemode.SCMSafeModeManager (SCMSafeModeManager.java:validateSafeModeExitRules(204)) - HealthyPipelineSafeModeRule rule is successfully validated
2022-08-10 09:23:13,620 [EventQueue-OpenPipelineForHealthyPipelineSafeModeRule] INFO  safemode.SCMSafeModeManager (SCMSafeModeManager.java:validateSafeModeExitRules(219)) - ScmSafeModeManager, all rules are successfully validated
2022-08-10 09:23:13,620 [EventQueue-OpenPipelineForHealthyPipelineSafeModeRule] INFO  safemode.SCMSafeModeManager (SCMSafeModeManager.java:exitSafeMode(248)) - SCM exiting safe mode.
2022-08-10 09:23:13,620 [EventQueue-OpenPipelineForHealthyPipelineSafeModeRule] WARN  events.EventQueue (EventQueue.java:fireEvent(216)) - No event handler registered for event TypedEvent{payloadType=SafeModeStatus, name='Safe mode status'}
2022-08-10 09:23:13,620 [EventQueue-OpenPipelineForHealthyPipelineSafeModeRule] INFO  ha.SCMContext (SCMContext.java:updateSafeModeStatus(228)) - Update SafeModeStatus from SafeModeStatus{safeModeStatus=true, preCheckPassed=true} to SafeModeStatus{safeModeStatus=false, preCheckPassed=true}.
2022-08-10 09:23:13,620 [EventQueue-OpenPipelineForHealthyPipelineSafeModeRule] INFO  pipeline.BackgroundPipelineCreator (BackgroundPipelineCreator.java:notifyStatusChanged(254)) - Service BackgroundPipelineCreator transitions to RUNNING.
2022-08-10 09:23:13,620 [EventQueue-OpenPipelineForHealthyPipelineSafeModeRule] INFO  BackgroundPipelineScrubber (BackgroundSCMService.java:notifyStatusChanged(82)) - Service BackgroundPipelineScrubber transitions to RUNNING.
2022-08-10 09:23:13,620 [EventQueue-OpenPipelineForHealthyPipelineSafeModeRule] INFO  ExpiredContainerReplicaOpScrubber (BackgroundSCMService.java:notifyStatusChanged(82)) - Service ExpiredContainerReplicaOpScrubber transitions to RUNNING.
2022-08-10 09:23:13,620 [EventQueue-OpenPipelineForHealthyPipelineSafeModeRule] INFO  UnderReplicatedQueueThread (BackgroundSCMService.java:notifyStatusChanged(82)) - Service UnderReplicatedQueueThread transitions to RUNNING.
2022-08-10 09:23:13,620 [EventQueue-OpenPipelineForHealthyPipelineSafeModeRule] INFO  OverReplicatedQueueThread (BackgroundSCMService.java:notifyStatusChanged(82)) - Service OverReplicatedQueueThread transitions to RUNNING.
2022-08-10 09:23:13,620 [EventQueue-OpenPipelineForHealthyPipelineSafeModeRule] INFO  replication.ReplicationManager (ReplicationManager.java:notifyStatusChanged(642)) - Service ReplicationManager transitions to RUNNING.
2022-08-10 09:23:13,620 [EventQueue-OpenPipelineForHealthyPipelineSafeModeRule] WARN  balancer.ContainerBalancer (ContainerBalancer.java:shouldRun(904)) - Could not find persisted configuration for ContainerBalancer when checking if ContainerBalancer should run. ContainerBalancer should not run now.
2022-08-10 09:23:13,622 [e06c7883-c7a0-4496-b519-f5e79e748d82@group-4D904FF2D2BD-SegmentedRaftLogWorker] INFO  segmented.SegmentedRaftLogWorker (SegmentedRaftLogWorker.java:execute(629)) - e06c7883-c7a0-4496-b519-f5e79e748d82@group-4D904FF2D2BD-SegmentedRaftLogWorker: created new log segment /home/runner/work/ozone/ozone/hadoop-ozone/integration-test/target/test-dir/MiniOzoneClusterImpl-2080ac2c-1c22-4300-b117-cc71631a0cfb/datanode-0/data/ratis/586ac37b-7878-44e2-a0e6-4d904ff2d2bd/current/log_inprogress_0
2022-08-10 09:23:13,636 [e06c7883-c7a0-4496-b519-f5e79e748d82@group-4D904FF2D2BD-LeaderElection36] INFO  server.RaftServer$Division (ServerState.java:setRaftConf(393)) - e06c7883-c7a0-4496-b519-f5e79e748d82@group-4D904FF2D2BD: set configuration 0: [8861b532-8644-464f-96f7-f43eddde564a|rpc:10.1.0.9:35537|dataStream:|priority:0, b74f4fe1-68c4-415c-98c4-eddeab9d2099|rpc:10.1.0.9:46513|dataStream:|priority:0, e06c7883-c7a0-4496-b519-f5e79e748d82|rpc:10.1.0.9:34055|dataStream:|priority:1], old=null
2022-08-10 09:23:13,657 [8861b532-8644-464f-96f7-f43eddde564a-server-thread1] INFO  ratis.XceiverServerRatis (XceiverServerRatis.java:handleLeaderChangedNotification(863)) - Leader change notification received for group: group-4D904FF2D2BD with new leaderId: e06c7883-c7a0-4496-b519-f5e79e748d82
2022-08-10 09:23:13,657 [8861b532-8644-464f-96f7-f43eddde564a-server-thread1] INFO  server.RaftServer$Division (ServerState.java:setLeader(287)) - 8861b532-8644-464f-96f7-f43eddde564a@group-4D904FF2D2BD: change Leader from null to e06c7883-c7a0-4496-b519-f5e79e748d82 at term 1 for appendEntries, leader elected after 5198ms
2022-08-10 09:23:13,661 [8861b532-8644-464f-96f7-f43eddde564a-server-thread1] INFO  server.RaftServer$Division (ServerState.java:setRaftConf(393)) - 8861b532-8644-464f-96f7-f43eddde564a@group-4D904FF2D2BD: set configuration 0: [8861b532-8644-464f-96f7-f43eddde564a|rpc:10.1.0.9:35537|dataStream:|priority:0, b74f4fe1-68c4-415c-98c4-eddeab9d2099|rpc:10.1.0.9:46513|dataStream:|priority:0, e06c7883-c7a0-4496-b519-f5e79e748d82|rpc:10.1.0.9:34055|dataStream:|priority:1], old=null
2022-08-10 09:23:13,661 [8861b532-8644-464f-96f7-f43eddde564a-server-thread1] INFO  segmented.SegmentedRaftLogWorker (SegmentedRaftLogWorker.java:startLogSegment(425)) - 8861b532-8644-464f-96f7-f43eddde564a@group-4D904FF2D2BD-SegmentedRaftLogWorker: Starting segment from index:0
2022-08-10 09:23:13,665 [8861b532-8644-464f-96f7-f43eddde564a@group-4D904FF2D2BD-SegmentedRaftLogWorker] INFO  segmented.SegmentedRaftLogWorker (SegmentedRaftLogWorker.java:execute(629)) - 8861b532-8644-464f-96f7-f43eddde564a@group-4D904FF2D2BD-SegmentedRaftLogWorker: created new log segment /home/runner/work/ozone/ozone/hadoop-ozone/integration-test/target/test-dir/MiniOzoneClusterImpl-2080ac2c-1c22-4300-b117-cc71631a0cfb/datanode-1/data/ratis/586ac37b-7878-44e2-a0e6-4d904ff2d2bd/current/log_inprogress_0
2022-08-10 09:23:13,684 [b74f4fe1-68c4-415c-98c4-eddeab9d2099-server-thread1] INFO  ratis.XceiverServerRatis (XceiverServerRatis.java:handleLeaderChangedNotification(863)) - Leader change notification received for group: group-4D904FF2D2BD with new leaderId: e06c7883-c7a0-4496-b519-f5e79e748d82
2022-08-10 09:23:13,684 [b74f4fe1-68c4-415c-98c4-eddeab9d2099-server-thread1] INFO  server.RaftServer$Division (ServerState.java:setLeader(287)) - b74f4fe1-68c4-415c-98c4-eddeab9d2099@group-4D904FF2D2BD: change Leader from null to e06c7883-c7a0-4496-b519-f5e79e748d82 at term 1 for appendEntries, leader elected after 5172ms
2022-08-10 09:23:13,699 [b74f4fe1-68c4-415c-98c4-eddeab9d2099-server-thread2] INFO  server.RaftServer$Division (ServerState.java:setRaftConf(393)) - b74f4fe1-68c4-415c-98c4-eddeab9d2099@group-4D904FF2D2BD: set configuration 0: [8861b532-8644-464f-96f7-f43eddde564a|rpc:10.1.0.9:35537|dataStream:|priority:0, b74f4fe1-68c4-415c-98c4-eddeab9d2099|rpc:10.1.0.9:46513|dataStream:|priority:0, e06c7883-c7a0-4496-b519-f5e79e748d82|rpc:10.1.0.9:34055|dataStream:|priority:1], old=null
2022-08-10 09:23:13,699 [b74f4fe1-68c4-415c-98c4-eddeab9d2099-server-thread2] INFO  segmented.SegmentedRaftLogWorker (SegmentedRaftLogWorker.java:startLogSegment(425)) - b74f4fe1-68c4-415c-98c4-eddeab9d2099@group-4D904FF2D2BD-SegmentedRaftLogWorker: Starting segment from index:0
2022-08-10 09:23:13,702 [b74f4fe1-68c4-415c-98c4-eddeab9d2099@group-4D904FF2D2BD-SegmentedRaftLogWorker] INFO  segmented.SegmentedRaftLogWorker (SegmentedRaftLogWorker.java:execute(629)) - b74f4fe1-68c4-415c-98c4-eddeab9d2099@group-4D904FF2D2BD-SegmentedRaftLogWorker: created new log segment /home/runner/work/ozone/ozone/hadoop-ozone/integration-test/target/test-dir/MiniOzoneClusterImpl-2080ac2c-1c22-4300-b117-cc71631a0cfb/datanode-2/data/ratis/586ac37b-7878-44e2-a0e6-4d904ff2d2bd/current/log_inprogress_0
2022-08-10 09:23:13,713 [e06c7883-c7a0-4496-b519-f5e79e748d82@group-B580A609090B-FollowerState] INFO  impl.FollowerState (FollowerState.java:run(143)) - e06c7883-c7a0-4496-b519-f5e79e748d82@group-B580A609090B-FollowerState: change to CANDIDATE, lastRpcElapsedTime:5131212540ns, electionTimeout:5130ms
2022-08-10 09:23:13,713 [e06c7883-c7a0-4496-b519-f5e79e748d82@group-B580A609090B-FollowerState] INFO  impl.RoleInfo (RoleInfo.java:shutdownFollowerState(110)) - e06c7883-c7a0-4496-b519-f5e79e748d82: shutdown e06c7883-c7a0-4496-b519-f5e79e748d82@group-B580A609090B-FollowerState
2022-08-10 09:23:13,713 [e06c7883-c7a0-4496-b519-f5e79e748d82@group-B580A609090B-FollowerState] INFO  server.RaftServer$Division (RaftServerImpl.java:setRole(299)) - e06c7883-c7a0-4496-b519-f5e79e748d82@group-B580A609090B: changes role from  FOLLOWER to CANDIDATE at term 0 for changeToCandidate
2022-08-10 09:23:13,713 [e06c7883-c7a0-4496-b519-f5e79e748d82@group-B580A609090B-FollowerState] INFO  server.RaftServerConfigKeys (ConfUtils.java:logGet(46)) - raft.server.leaderelection.pre-vote = false (custom)
2022-08-10 09:23:13,713 [e06c7883-c7a0-4496-b519-f5e79e748d82@group-B580A609090B-FollowerState] INFO  impl.RoleInfo (RoleInfo.java:updateAndGet(139)) - e06c7883-c7a0-4496-b519-f5e79e748d82: start e06c7883-c7a0-4496-b519-f5e79e748d82@group-B580A609090B-LeaderElection38
2022-08-10 09:23:13,725 [b74f4fe1-68c4-415c-98c4-eddeab9d2099@group-B580A609090B-FollowerState] INFO  impl.FollowerState (FollowerState.java:run(143)) - b74f4fe1-68c4-415c-98c4-eddeab9d2099@group-B580A609090B-FollowerState: change to CANDIDATE, lastRpcElapsedTime:5107097822ns, electionTimeout:5102ms
2022-08-10 09:23:13,725 [b74f4fe1-68c4-415c-98c4-eddeab9d2099@group-B580A609090B-FollowerState] INFO  impl.RoleInfo (RoleInfo.java:shutdownFollowerState(110)) - b74f4fe1-68c4-415c-98c4-eddeab9d2099: shutdown b74f4fe1-68c4-415c-98c4-eddeab9d2099@group-B580A609090B-FollowerState
2022-08-10 09:23:13,725 [b74f4fe1-68c4-415c-98c4-eddeab9d2099@group-B580A609090B-FollowerState] INFO  server.RaftServer$Division (RaftServerImpl.java:setRole(299)) - b74f4fe1-68c4-415c-98c4-eddeab9d2099@group-B580A609090B: changes role from  FOLLOWER to CANDIDATE at term 0 for changeToCandidate
2022-08-10 09:23:13,726 [b74f4fe1-68c4-415c-98c4-eddeab9d2099@group-B580A609090B-FollowerState] INFO  server.RaftServerConfigKeys (ConfUtils.java:logGet(46)) - raft.server.leaderelection.pre-vote = false (custom)
2022-08-10 09:23:13,726 [b74f4fe1-68c4-415c-98c4-eddeab9d2099@group-B580A609090B-FollowerState] INFO  impl.RoleInfo (RoleInfo.java:updateAndGet(139)) - b74f4fe1-68c4-415c-98c4-eddeab9d2099: start b74f4fe1-68c4-415c-98c4-eddeab9d2099@group-B580A609090B-LeaderElection39
2022-08-10 09:23:13,733 [e06c7883-c7a0-4496-b519-f5e79e748d82@group-B580A609090B-LeaderElection38] INFO  impl.LeaderElection (LeaderElection.java:askForVotes(310)) - e06c7883-c7a0-4496-b519-f5e79e748d82@group-B580A609090B-LeaderElection38 ELECTION round 0: submit vote requests at term 1 for -1: [8861b532-8644-464f-96f7-f43eddde564a|rpc:10.1.0.9:35537|priority:1, b74f4fe1-68c4-415c-98c4-eddeab9d2099|rpc:10.1.0.9:46513|priority:0, e06c7883-c7a0-4496-b519-f5e79e748d82|rpc:10.1.0.9:34055|priority:0], old=null
2022-08-10 09:23:13,743 [grpc-default-executor-4] INFO  server.RaftServer$Division (RaftServerImpl.java:requestVote(1152)) - 8861b532-8644-464f-96f7-f43eddde564a@group-B580A609090B: receive requestVote(ELECTION, e06c7883-c7a0-4496-b519-f5e79e748d82, group-B580A609090B, 1, (t:0, i:0))
2022-08-10 09:23:13,743 [grpc-default-executor-4] INFO  impl.VoteContext (VoteContext.java:log(48)) - 8861b532-8644-464f-96f7-f43eddde564a@group-B580A609090B-FOLLOWER: reject ELECTION from e06c7883-c7a0-4496-b519-f5e79e748d82: our priority 1 > candidate's priority 0
2022-08-10 09:23:13,743 [grpc-default-executor-4] INFO  server.RaftServer$Division (RaftServerImpl.java:setRole(299)) - 8861b532-8644-464f-96f7-f43eddde564a@group-B580A609090B: changes role from  FOLLOWER to FOLLOWER at term 1 for candidate:e06c7883-c7a0-4496-b519-f5e79e748d82
2022-08-10 09:23:13,743 [grpc-default-executor-4] INFO  impl.RoleInfo (RoleInfo.java:shutdownFollowerState(110)) - 8861b532-8644-464f-96f7-f43eddde564a: shutdown 8861b532-8644-464f-96f7-f43eddde564a@group-B580A609090B-FollowerState
2022-08-10 09:23:13,746 [grpc-default-executor-4] INFO  impl.RoleInfo (RoleInfo.java:updateAndGet(139)) - 8861b532-8644-464f-96f7-f43eddde564a: start 8861b532-8644-464f-96f7-f43eddde564a@group-B580A609090B-FollowerState
2022-08-10 09:23:13,746 [8861b532-8644-464f-96f7-f43eddde564a@group-B580A609090B-FollowerState] INFO  impl.FollowerState (FollowerState.java:run(152)) - 8861b532-8644-464f-96f7-f43eddde564a@group-B580A609090B-FollowerState was interrupted
2022-08-10 09:23:13,747 [grpc-default-executor-1] INFO  server.RaftServer$Division (RaftServerImpl.java:requestVote(1152)) - b74f4fe1-68c4-415c-98c4-eddeab9d2099@group-B580A609090B: receive requestVote(ELECTION, e06c7883-c7a0-4496-b519-f5e79e748d82, group-B580A609090B, 1, (t:0, i:0))
2022-08-10 09:23:13,756 [grpc-default-executor-4] INFO  server.RaftServer$Division (RaftServerImpl.java:requestVote(1184)) - 8861b532-8644-464f-96f7-f43eddde564a@group-B580A609090B replies to ELECTION vote request: e06c7883-c7a0-4496-b519-f5e79e748d82<-8861b532-8644-464f-96f7-f43eddde564a#0:FAIL-t1. Peer's state: 8861b532-8644-464f-96f7-f43eddde564a@group-B580A609090B:t1, leader=null, voted=null, raftlog=8861b532-8644-464f-96f7-f43eddde564a@group-B580A609090B-SegmentedRaftLog:OPENED:c-1, conf=-1: [8861b532-8644-464f-96f7-f43eddde564a|rpc:10.1.0.9:35537|dataStream:|priority:1, b74f4fe1-68c4-415c-98c4-eddeab9d2099|rpc:10.1.0.9:46513|dataStream:|priority:0, e06c7883-c7a0-4496-b519-f5e79e748d82|rpc:10.1.0.9:34055|dataStream:|priority:0], old=null
2022-08-10 09:23:13,758 [e06c7883-c7a0-4496-b519-f5e79e748d82@group-B580A609090B-LeaderElection38] INFO  impl.LeaderElection (LeaderElection.java:logAndReturn(90)) - e06c7883-c7a0-4496-b519-f5e79e748d82@group-B580A609090B-LeaderElection38: ELECTION REJECTED received 1 response(s) and 0 exception(s):
2022-08-10 09:23:13,758 [e06c7883-c7a0-4496-b519-f5e79e748d82@group-B580A609090B-LeaderElection38] INFO  impl.LeaderElection (LeaderElection.java:logAndReturn(94)) -   Response 0: e06c7883-c7a0-4496-b519-f5e79e748d82<-8861b532-8644-464f-96f7-f43eddde564a#0:FAIL-t1
2022-08-10 09:23:13,758 [e06c7883-c7a0-4496-b519-f5e79e748d82@group-B580A609090B-LeaderElection38] INFO  impl.LeaderElection (LeaderElection.java:askForVotes(312)) - e06c7883-c7a0-4496-b519-f5e79e748d82@group-B580A609090B-LeaderElection38 ELECTION round 0: result REJECTED
2022-08-10 09:23:13,758 [e06c7883-c7a0-4496-b519-f5e79e748d82@group-B580A609090B-LeaderElection38] INFO  server.RaftServer$Division (RaftServerImpl.java:setRole(299)) - e06c7883-c7a0-4496-b519-f5e79e748d82@group-B580A609090B: changes role from CANDIDATE to FOLLOWER at term 1 for REJECTED
2022-08-10 09:23:13,758 [e06c7883-c7a0-4496-b519-f5e79e748d82@group-B580A609090B-LeaderElection38] INFO  impl.RoleInfo (RoleInfo.java:shutdownLeaderElection(130)) - e06c7883-c7a0-4496-b519-f5e79e748d82: shutdown e06c7883-c7a0-4496-b519-f5e79e748d82@group-B580A609090B-LeaderElection38
2022-08-10 09:23:13,758 [e06c7883-c7a0-4496-b519-f5e79e748d82@group-B580A609090B-LeaderElection38] INFO  impl.RoleInfo (RoleInfo.java:updateAndGet(139)) - e06c7883-c7a0-4496-b519-f5e79e748d82: start e06c7883-c7a0-4496-b519-f5e79e748d82@group-B580A609090B-FollowerState
2022-08-10 09:23:13,761 [b74f4fe1-68c4-415c-98c4-eddeab9d2099@group-B580A609090B-LeaderElection39] INFO  impl.LeaderElection (LeaderElection.java:askForVotes(310)) - b74f4fe1-68c4-415c-98c4-eddeab9d2099@group-B580A609090B-LeaderElection39 ELECTION round 0: submit vote requests at term 1 for -1: [8861b532-8644-464f-96f7-f43eddde564a|rpc:10.1.0.9:35537|dataStream:|priority:1, b74f4fe1-68c4-415c-98c4-eddeab9d2099|rpc:10.1.0.9:46513|dataStream:|priority:0, e06c7883-c7a0-4496-b519-f5e79e748d82|rpc:10.1.0.9:34055|dataStream:|priority:0], old=null
2022-08-10 09:23:13,761 [grpc-default-executor-1] INFO  impl.VoteContext (VoteContext.java:log(48)) - b74f4fe1-68c4-415c-98c4-eddeab9d2099@group-B580A609090B-CANDIDATE: reject ELECTION from e06c7883-c7a0-4496-b519-f5e79e748d82: already has voted for b74f4fe1-68c4-415c-98c4-eddeab9d2099 at current term 1
2022-08-10 09:23:13,761 [grpc-default-executor-1] INFO  server.RaftServer$Division (RaftServerImpl.java:requestVote(1184)) - b74f4fe1-68c4-415c-98c4-eddeab9d2099@group-B580A609090B replies to ELECTION vote request: e06c7883-c7a0-4496-b519-f5e79e748d82<-b74f4fe1-68c4-415c-98c4-eddeab9d2099#0:FAIL-t1. Peer's state: b74f4fe1-68c4-415c-98c4-eddeab9d2099@group-B580A609090B:t1, leader=null, voted=b74f4fe1-68c4-415c-98c4-eddeab9d2099, raftlog=b74f4fe1-68c4-415c-98c4-eddeab9d2099@group-B580A609090B-SegmentedRaftLog:OPENED:c-1, conf=-1: [8861b532-8644-464f-96f7-f43eddde564a|rpc:10.1.0.9:35537|dataStream:|priority:1, b74f4fe1-68c4-415c-98c4-eddeab9d2099|rpc:10.1.0.9:46513|dataStream:|priority:0, e06c7883-c7a0-4496-b519-f5e79e748d82|rpc:10.1.0.9:34055|dataStream:|priority:0], old=null
2022-08-10 09:23:13,790 [grpc-default-executor-2] INFO  server.RaftServer$Division (RaftServerImpl.java:requestVote(1152)) - 8861b532-8644-464f-96f7-f43eddde564a@group-B580A609090B: receive requestVote(ELECTION, b74f4fe1-68c4-415c-98c4-eddeab9d2099, group-B580A609090B, 1, (t:0, i:0))
2022-08-10 09:23:13,792 [grpc-default-executor-2] INFO  impl.VoteContext (VoteContext.java:log(48)) - 8861b532-8644-464f-96f7-f43eddde564a@group-B580A609090B-FOLLOWER: reject ELECTION from b74f4fe1-68c4-415c-98c4-eddeab9d2099: our priority 1 > candidate's priority 0
2022-08-10 09:23:13,792 [grpc-default-executor-2] INFO  server.RaftServer$Division (RaftServerImpl.java:setRole(299)) - 8861b532-8644-464f-96f7-f43eddde564a@group-B580A609090B: changes role from  FOLLOWER to FOLLOWER at term 1 for candidate:b74f4fe1-68c4-415c-98c4-eddeab9d2099
2022-08-10 09:23:13,792 [grpc-default-executor-2] INFO  impl.RoleInfo (RoleInfo.java:shutdownFollowerState(110)) - 8861b532-8644-464f-96f7-f43eddde564a: shutdown 8861b532-8644-464f-96f7-f43eddde564a@group-B580A609090B-FollowerState
2022-08-10 09:23:13,792 [8861b532-8644-464f-96f7-f43eddde564a@group-B580A609090B-FollowerState] INFO  impl.FollowerState (FollowerState.java:run(152)) - 8861b532-8644-464f-96f7-f43eddde564a@group-B580A609090B-FollowerState was interrupted
2022-08-10 09:23:13,792 [grpc-default-executor-2] INFO  impl.RoleInfo (RoleInfo.java:updateAndGet(139)) - 8861b532-8644-464f-96f7-f43eddde564a: start 8861b532-8644-464f-96f7-f43eddde564a@group-B580A609090B-FollowerState
2022-08-10 09:23:13,796 [grpc-default-executor-2] INFO  server.RaftServer$Division (RaftServerImpl.java:requestVote(1184)) - 8861b532-8644-464f-96f7-f43eddde564a@group-B580A609090B replies to ELECTION vote request: b74f4fe1-68c4-415c-98c4-eddeab9d2099<-8861b532-8644-464f-96f7-f43eddde564a#0:FAIL-t1. Peer's state: 8861b532-8644-464f-96f7-f43eddde564a@group-B580A609090B:t1, leader=null, voted=null, raftlog=8861b532-8644-464f-96f7-f43eddde564a@group-B580A609090B-SegmentedRaftLog:OPENED:c-1, conf=-1: [8861b532-8644-464f-96f7-f43eddde564a|rpc:10.1.0.9:35537|dataStream:|priority:1, b74f4fe1-68c4-415c-98c4-eddeab9d2099|rpc:10.1.0.9:46513|dataStream:|priority:0, e06c7883-c7a0-4496-b519-f5e79e748d82|rpc:10.1.0.9:34055|dataStream:|priority:0], old=null
2022-08-10 09:23:13,804 [b74f4fe1-68c4-415c-98c4-eddeab9d2099@group-B580A609090B-LeaderElection39] INFO  impl.LeaderElection (LeaderElection.java:logAndReturn(90)) - b74f4fe1-68c4-415c-98c4-eddeab9d2099@group-B580A609090B-LeaderElection39: ELECTION REJECTED received 1 response(s) and 0 exception(s):
2022-08-10 09:23:13,804 [b74f4fe1-68c4-415c-98c4-eddeab9d2099@group-B580A609090B-LeaderElection39] INFO  impl.LeaderElection (LeaderElection.java:logAndReturn(94)) -   Response 0: b74f4fe1-68c4-415c-98c4-eddeab9d2099<-8861b532-8644-464f-96f7-f43eddde564a#0:FAIL-t1
2022-08-10 09:23:13,804 [b74f4fe1-68c4-415c-98c4-eddeab9d2099@group-B580A609090B-LeaderElection39] INFO  impl.LeaderElection (LeaderElection.java:askForVotes(312)) - b74f4fe1-68c4-415c-98c4-eddeab9d2099@group-B580A609090B-LeaderElection39 ELECTION round 0: result REJECTED
2022-08-10 09:23:13,804 [b74f4fe1-68c4-415c-98c4-eddeab9d2099@group-B580A609090B-LeaderElection39] INFO  server.RaftServer$Division (RaftServerImpl.java:setRole(299)) - b74f4fe1-68c4-415c-98c4-eddeab9d2099@group-B580A609090B: changes role from CANDIDATE to FOLLOWER at term 1 for REJECTED
2022-08-10 09:23:13,804 [b74f4fe1-68c4-415c-98c4-eddeab9d2099@group-B580A609090B-LeaderElection39] INFO  impl.RoleInfo (RoleInfo.java:shutdownLeaderElection(130)) - b74f4fe1-68c4-415c-98c4-eddeab9d2099: shutdown b74f4fe1-68c4-415c-98c4-eddeab9d2099@group-B580A609090B-LeaderElection39
2022-08-10 09:23:13,805 [b74f4fe1-68c4-415c-98c4-eddeab9d2099@group-B580A609090B-LeaderElection39] INFO  impl.RoleInfo (RoleInfo.java:updateAndGet(139)) - b74f4fe1-68c4-415c-98c4-eddeab9d2099: start b74f4fe1-68c4-415c-98c4-eddeab9d2099@group-B580A609090B-FollowerState
2022-08-10 09:23:13,811 [grpc-default-executor-2] INFO  server.RaftServer$Division (RaftServerImpl.java:requestVote(1152)) - e06c7883-c7a0-4496-b519-f5e79e748d82@group-B580A609090B: receive requestVote(ELECTION, b74f4fe1-68c4-415c-98c4-eddeab9d2099, group-B580A609090B, 1, (t:0, i:0))
2022-08-10 09:23:13,811 [grpc-default-executor-2] INFO  impl.VoteContext (VoteContext.java:log(48)) - e06c7883-c7a0-4496-b519-f5e79e748d82@group-B580A609090B-FOLLOWER: reject ELECTION from b74f4fe1-68c4-415c-98c4-eddeab9d2099: already has voted for e06c7883-c7a0-4496-b519-f5e79e748d82 at current term 1
2022-08-10 09:23:13,811 [grpc-default-executor-2] INFO  server.RaftServer$Division (RaftServerImpl.java:requestVote(1184)) - e06c7883-c7a0-4496-b519-f5e79e748d82@group-B580A609090B replies to ELECTION vote request: b74f4fe1-68c4-415c-98c4-eddeab9d2099<-e06c7883-c7a0-4496-b519-f5e79e748d82#0:FAIL-t1. Peer's state: e06c7883-c7a0-4496-b519-f5e79e748d82@group-B580A609090B:t1, leader=null, voted=e06c7883-c7a0-4496-b519-f5e79e748d82, raftlog=e06c7883-c7a0-4496-b519-f5e79e748d82@group-B580A609090B-SegmentedRaftLog:OPENED:c-1, conf=-1: [8861b532-8644-464f-96f7-f43eddde564a|rpc:10.1.0.9:35537|priority:1, b74f4fe1-68c4-415c-98c4-eddeab9d2099|rpc:10.1.0.9:46513|priority:0, e06c7883-c7a0-4496-b519-f5e79e748d82|rpc:10.1.0.9:34055|priority:0], old=null
2022-08-10 09:23:13,909 [Listener at 127.0.0.1/35599] INFO  ozone.MiniOzoneClusterImpl (MiniOzoneClusterImpl.java:lambda$waitForClusterToBeReady$0(216)) - Nodes are ready. Got 3 of 3 DN Heartbeats.
2022-08-10 09:23:13,910 [Listener at 127.0.0.1/35599] INFO  ozone.MiniOzoneClusterImpl (MiniOzoneClusterImpl.java:lambda$waitForClusterToBeReady$0(219)) - Cluster exits safe mode
2022-08-10 09:23:13,910 [Listener at 127.0.0.1/35599] INFO  ozone.MiniOzoneClusterImpl (MiniOzoneClusterImpl.java:lambda$waitForClusterToBeReady$0(221)) - SCM became leader
2022-08-10 09:23:13,961 [Listener at 127.0.0.1/35599] INFO  rpc.RpcClient (RpcClient.java:createVolume(471)) - Creating Volume: volume13560, with user39501 as owner and space quota set to -1 bytes, counts quota set to -1
2022-08-10 09:23:14,010 [OM StateMachine ApplyTransaction Thread - 0] INFO  volume.OMVolumeCreateRequest (OMVolumeCreateRequest.java:validateAndUpdateCache(195)) - created volume:volume13560 for user:user39501
2022-08-10 09:23:14,014 [OM StateMachine ApplyTransaction Thread - 0] INFO  volume.OMVolumeCreateRequest (OMVolumeCreateRequest.java:validateAndUpdateCache(195)) - created volume:volume13560 for user:user39501
2022-08-10 09:23:14,030 [8861b532-8644-464f-96f7-f43eddde564a@group-6E5CB5E1E180-FollowerState] INFO  impl.FollowerState (FollowerState.java:run(143)) - 8861b532-8644-464f-96f7-f43eddde564a@group-6E5CB5E1E180-FollowerState: change to CANDIDATE, lastRpcElapsedTime:5020517119ns, electionTimeout:5017ms
2022-08-10 09:23:14,030 [8861b532-8644-464f-96f7-f43eddde564a@group-6E5CB5E1E180-FollowerState] INFO  impl.RoleInfo (RoleInfo.java:shutdownFollowerState(110)) - 8861b532-8644-464f-96f7-f43eddde564a: shutdown 8861b532-8644-464f-96f7-f43eddde564a@group-6E5CB5E1E180-FollowerState
2022-08-10 09:23:14,030 [8861b532-8644-464f-96f7-f43eddde564a@group-6E5CB5E1E180-FollowerState] INFO  server.RaftServer$Division (RaftServerImpl.java:setRole(299)) - 8861b532-8644-464f-96f7-f43eddde564a@group-6E5CB5E1E180: changes role from  FOLLOWER to CANDIDATE at term 0 for changeToCandidate
2022-08-10 09:23:14,030 [8861b532-8644-464f-96f7-f43eddde564a@group-6E5CB5E1E180-FollowerState] INFO  server.RaftServerConfigKeys (ConfUtils.java:logGet(46)) - raft.server.leaderelection.pre-vote = false (custom)
2022-08-10 09:23:14,030 [8861b532-8644-464f-96f7-f43eddde564a@group-6E5CB5E1E180-FollowerState] INFO  impl.RoleInfo (RoleInfo.java:updateAndGet(139)) - 8861b532-8644-464f-96f7-f43eddde564a: start 8861b532-8644-464f-96f7-f43eddde564a@group-6E5CB5E1E180-LeaderElection40
2022-08-10 09:23:14,036 [OM StateMachine ApplyTransaction Thread - 0] INFO  volume.OMVolumeCreateRequest (OMVolumeCreateRequest.java:validateAndUpdateCache(195)) - created volume:volume13560 for user:user39501
2022-08-10 09:23:14,047 [8861b532-8644-464f-96f7-f43eddde564a@group-6E5CB5E1E180-LeaderElection40] INFO  impl.LeaderElection (LeaderElection.java:askForVotes(310)) - 8861b532-8644-464f-96f7-f43eddde564a@group-6E5CB5E1E180-LeaderElection40 ELECTION round 0: submit vote requests at term 1 for -1: [8861b532-8644-464f-96f7-f43eddde564a|rpc:10.1.0.9:35537|priority:1], old=null
2022-08-10 09:23:14,047 [8861b532-8644-464f-96f7-f43eddde564a@group-6E5CB5E1E180-LeaderElection40] INFO  impl.LeaderElection (LeaderElection.java:askForVotes(312)) - 8861b532-8644-464f-96f7-f43eddde564a@group-6E5CB5E1E180-LeaderElection40 ELECTION round 0: result PASSED (term=1)
2022-08-10 09:23:14,047 [8861b532-8644-464f-96f7-f43eddde564a@group-6E5CB5E1E180-LeaderElection40] INFO  impl.RoleInfo (RoleInfo.java:shutdownLeaderElection(130)) - 8861b532-8644-464f-96f7-f43eddde564a: shutdown 8861b532-8644-464f-96f7-f43eddde564a@group-6E5CB5E1E180-LeaderElection40
2022-08-10 09:23:14,047 [8861b532-8644-464f-96f7-f43eddde564a@group-6E5CB5E1E180-LeaderElection40] INFO  server.RaftServer$Division (RaftServerImpl.java:setRole(299)) - 8861b532-8644-464f-96f7-f43eddde564a@group-6E5CB5E1E180: changes role from CANDIDATE to LEADER at term 1 for changeToLeader
2022-08-10 09:23:14,047 [8861b532-8644-464f-96f7-f43eddde564a@group-6E5CB5E1E180-LeaderElection40] INFO  ratis.XceiverServerRatis (XceiverServerRatis.java:handleLeaderChangedNotification(863)) - Leader change notification received for group: group-6E5CB5E1E180 with new leaderId: 8861b532-8644-464f-96f7-f43eddde564a
2022-08-10 09:23:14,048 [8861b532-8644-464f-96f7-f43eddde564a@group-6E5CB5E1E180-LeaderElection40] INFO  server.RaftServer$Division (ServerState.java:setLeader(287)) - 8861b532-8644-464f-96f7-f43eddde564a@group-6E5CB5E1E180: change Leader from null to 8861b532-8644-464f-96f7-f43eddde564a at term 1 for becomeLeader, leader elected after 5050ms
2022-08-10 09:23:14,048 [8861b532-8644-464f-96f7-f43eddde564a@group-6E5CB5E1E180-LeaderElection40] INFO  server.RaftServerConfigKeys (ConfUtils.java:logGet(46)) - raft.server.staging.catchup.gap = 1000 (default)
2022-08-10 09:23:14,049 [8861b532-8644-464f-96f7-f43eddde564a@group-6E5CB5E1E180-LeaderElection40] INFO  server.RaftServerConfigKeys (ConfUtils.java:logGet(46)) - raft.server.write.element-limit = 1024 (custom)
2022-08-10 09:23:14,049 [8861b532-8644-464f-96f7-f43eddde564a@group-6E5CB5E1E180-LeaderElection40] INFO  server.RaftServerConfigKeys (ConfUtils.java:logGet(46)) - raft.server.write.byte-limit = 1024 M (=1073741824) (custom)
2022-08-10 09:23:14,051 [Listener at 127.0.0.1/35599] INFO  rpc.RpcClient (RpcClient.java:createBucket(674)) - Creating Bucket: volume13560/bucket74074, with server-side default bucket layout, runner as owner, Versioning false, Storage Type set to DISK and Encryption set to false 
2022-08-10 09:23:14,058 [8861b532-8644-464f-96f7-f43eddde564a@group-6E5CB5E1E180-LeaderElection40] INFO  server.RaftServerConfigKeys (ConfUtils.java:logGet(46)) - raft.server.watch.timeout = 180s (custom)
2022-08-10 09:23:14,059 [8861b532-8644-464f-96f7-f43eddde564a@group-6E5CB5E1E180-LeaderElection40] INFO  server.RaftServerConfigKeys (ConfUtils.java:logGet(46)) - raft.server.watch.timeout.denomination = 1s (default)
2022-08-10 09:23:14,059 [8861b532-8644-464f-96f7-f43eddde564a@group-6E5CB5E1E180-LeaderElection40] INFO  server.RaftServerConfigKeys (ConfUtils.java:logGet(46)) - raft.server.watch.element-limit = 65536 (default)
2022-08-10 09:23:14,060 [8861b532-8644-464f-96f7-f43eddde564a@group-6E5CB5E1E180-LeaderElection40] INFO  server.RaftServerConfigKeys (ConfUtils.java:logGet(46)) - raft.server.write.element-limit = 1024 (custom)
2022-08-10 09:23:14,060 [8861b532-8644-464f-96f7-f43eddde564a@group-6E5CB5E1E180-LeaderElection40] INFO  server.RaftServerConfigKeys (ConfUtils.java:logGet(46)) - raft.server.write.follower.gap.ratio.max = -1.0 (default)
2022-08-10 09:23:14,060 [8861b532-8644-464f-96f7-f43eddde564a@group-6E5CB5E1E180-LeaderElection40] INFO  impl.RoleInfo (RoleInfo.java:updateAndGet(139)) - 8861b532-8644-464f-96f7-f43eddde564a: start 8861b532-8644-464f-96f7-f43eddde564a@group-6E5CB5E1E180-LeaderStateImpl
2022-08-10 09:23:14,061 [8861b532-8644-464f-96f7-f43eddde564a@group-6E5CB5E1E180-LeaderElection40] INFO  segmented.SegmentedRaftLogWorker (SegmentedRaftLogWorker.java:startLogSegment(425)) - 8861b532-8644-464f-96f7-f43eddde564a@group-6E5CB5E1E180-SegmentedRaftLogWorker: Starting segment from index:0
2022-08-10 09:23:14,072 [OM StateMachine ApplyTransaction Thread - 0] INFO  bucket.OMBucketCreateRequest (OMBucketCreateRequest.java:validateAndUpdateCache(260)) - created bucket: bucket74074 of layout LEGACY in volume: volume13560
2022-08-10 09:23:14,081 [8861b532-8644-464f-96f7-f43eddde564a@group-6E5CB5E1E180-LeaderElection40] INFO  server.RaftServer$Division (ServerState.java:setRaftConf(393)) - 8861b532-8644-464f-96f7-f43eddde564a@group-6E5CB5E1E180: set configuration 0: [8861b532-8644-464f-96f7-f43eddde564a|rpc:10.1.0.9:35537|dataStream:|priority:1], old=null
2022-08-10 09:23:14,083 [OM StateMachine ApplyTransaction Thread - 0] INFO  bucket.OMBucketCreateRequest (OMBucketCreateRequest.java:validateAndUpdateCache(260)) - created bucket: bucket74074 of layout LEGACY in volume: volume13560
2022-08-10 09:23:14,085 [OM StateMachine ApplyTransaction Thread - 0] INFO  bucket.OMBucketCreateRequest (OMBucketCreateRequest.java:validateAndUpdateCache(260)) - created bucket: bucket74074 of layout LEGACY in volume: volume13560
2022-08-10 09:23:14,089 [8861b532-8644-464f-96f7-f43eddde564a@group-6E5CB5E1E180-SegmentedRaftLogWorker] INFO  segmented.SegmentedRaftLogWorker (SegmentedRaftLogWorker.java:execute(629)) - 8861b532-8644-464f-96f7-f43eddde564a@group-6E5CB5E1E180-SegmentedRaftLogWorker: created new log segment /home/runner/work/ozone/ozone/hadoop-ozone/integration-test/target/test-dir/MiniOzoneClusterImpl-2080ac2c-1c22-4300-b117-cc71631a0cfb/datanode-1/data/ratis/f16b2675-79e9-4d7a-a99c-6e5cb5e1e180/current/log_inprogress_0
2022-08-10 09:23:14,121 [IPC Server handler 6 on default port 33299] INFO  ha.SequenceIdGenerator (SequenceIdGenerator.java:getNextId(128)) - Allocate a batch for containerId, change lastId from 0 to 1000.
2022-08-10 09:23:14,122 [IPC Server handler 6 on default port 33299] WARN  ha.SequenceIdGenerator (SequenceIdGenerator.java:allocateBatch(237)) - Failed to allocate a batch for localId, expected lastId is 0, actual lastId is 109611004723200000.
2022-08-10 09:23:14,122 [IPC Server handler 6 on default port 33299] INFO  ha.SequenceIdGenerator (SequenceIdGenerator.java:getNextId(128)) - Allocate a batch for localId, change lastId from 109611004723200000 to 109611004723201000.
2022-08-10 09:23:14,369 [EndpointStateMachine task thread for /0.0.0.0:42301 - 0 ] INFO  ipc.Client (Client.java:handleConnectionFailure(977)) - Retrying connect to server: 0.0.0.0/0.0.0.0:42301. Already tried 8 time(s); retry policy is RetryUpToMaximumCountWithFixedSleep(maxRetries=15, sleepTime=1000 MILLISECONDS)
2022-08-10 09:23:15,086 [b74f4fe1-68c4-415c-98c4-eddeab9d2099@group-462B62CB68C6-FollowerState] INFO  impl.FollowerState (FollowerState.java:run(143)) - b74f4fe1-68c4-415c-98c4-eddeab9d2099@group-462B62CB68C6-FollowerState: change to CANDIDATE, lastRpcElapsedTime:5099723154ns, electionTimeout:5097ms
2022-08-10 09:23:15,086 [b74f4fe1-68c4-415c-98c4-eddeab9d2099@group-462B62CB68C6-FollowerState] INFO  impl.RoleInfo (RoleInfo.java:shutdownFollowerState(110)) - b74f4fe1-68c4-415c-98c4-eddeab9d2099: shutdown b74f4fe1-68c4-415c-98c4-eddeab9d2099@group-462B62CB68C6-FollowerState
2022-08-10 09:23:15,086 [b74f4fe1-68c4-415c-98c4-eddeab9d2099@group-462B62CB68C6-FollowerState] INFO  server.RaftServer$Division (RaftServerImpl.java:setRole(299)) - b74f4fe1-68c4-415c-98c4-eddeab9d2099@group-462B62CB68C6: changes role from  FOLLOWER to CANDIDATE at term 0 for changeToCandidate
2022-08-10 09:23:15,087 [b74f4fe1-68c4-415c-98c4-eddeab9d2099@group-462B62CB68C6-FollowerState] INFO  server.RaftServerConfigKeys (ConfUtils.java:logGet(46)) - raft.server.leaderelection.pre-vote = false (custom)
2022-08-10 09:23:15,087 [b74f4fe1-68c4-415c-98c4-eddeab9d2099@group-462B62CB68C6-FollowerState] INFO  impl.RoleInfo (RoleInfo.java:updateAndGet(139)) - b74f4fe1-68c4-415c-98c4-eddeab9d2099: start b74f4fe1-68c4-415c-98c4-eddeab9d2099@group-462B62CB68C6-LeaderElection41
2022-08-10 09:23:15,098 [b74f4fe1-68c4-415c-98c4-eddeab9d2099@group-462B62CB68C6-LeaderElection41] INFO  impl.LeaderElection (LeaderElection.java:askForVotes(310)) - b74f4fe1-68c4-415c-98c4-eddeab9d2099@group-462B62CB68C6-LeaderElection41 ELECTION round 0: submit vote requests at term 1 for -1: [b74f4fe1-68c4-415c-98c4-eddeab9d2099|rpc:10.1.0.9:46513|priority:1], old=null
2022-08-10 09:23:15,098 [b74f4fe1-68c4-415c-98c4-eddeab9d2099@group-462B62CB68C6-LeaderElection41] INFO  impl.LeaderElection (LeaderElection.java:askForVotes(312)) - b74f4fe1-68c4-415c-98c4-eddeab9d2099@group-462B62CB68C6-LeaderElection41 ELECTION round 0: result PASSED (term=1)
2022-08-10 09:23:15,098 [b74f4fe1-68c4-415c-98c4-eddeab9d2099@group-462B62CB68C6-LeaderElection41] INFO  impl.RoleInfo (RoleInfo.java:shutdownLeaderElection(130)) - b74f4fe1-68c4-415c-98c4-eddeab9d2099: shutdown b74f4fe1-68c4-415c-98c4-eddeab9d2099@group-462B62CB68C6-LeaderElection41
2022-08-10 09:23:15,098 [b74f4fe1-68c4-415c-98c4-eddeab9d2099@group-462B62CB68C6-LeaderElection41] INFO  server.RaftServer$Division (RaftServerImpl.java:setRole(299)) - b74f4fe1-68c4-415c-98c4-eddeab9d2099@group-462B62CB68C6: changes role from CANDIDATE to LEADER at term 1 for changeToLeader
2022-08-10 09:23:15,098 [b74f4fe1-68c4-415c-98c4-eddeab9d2099@group-462B62CB68C6-LeaderElection41] INFO  ratis.XceiverServerRatis (XceiverServerRatis.java:handleLeaderChangedNotification(863)) - Leader change notification received for group: group-462B62CB68C6 with new leaderId: b74f4fe1-68c4-415c-98c4-eddeab9d2099
2022-08-10 09:23:15,098 [b74f4fe1-68c4-415c-98c4-eddeab9d2099@group-462B62CB68C6-LeaderElection41] INFO  server.RaftServer$Division (ServerState.java:setLeader(287)) - b74f4fe1-68c4-415c-98c4-eddeab9d2099@group-462B62CB68C6: change Leader from null to b74f4fe1-68c4-415c-98c4-eddeab9d2099 at term 1 for becomeLeader, leader elected after 5134ms
2022-08-10 09:23:15,099 [b74f4fe1-68c4-415c-98c4-eddeab9d2099@group-462B62CB68C6-LeaderElection41] INFO  server.RaftServerConfigKeys (ConfUtils.java:logGet(46)) - raft.server.staging.catchup.gap = 1000 (default)
2022-08-10 09:23:15,099 [b74f4fe1-68c4-415c-98c4-eddeab9d2099@group-462B62CB68C6-LeaderElection41] INFO  server.RaftServerConfigKeys (ConfUtils.java:logGet(46)) - raft.server.write.element-limit = 1024 (custom)
2022-08-10 09:23:15,099 [b74f4fe1-68c4-415c-98c4-eddeab9d2099@group-462B62CB68C6-LeaderElection41] INFO  server.RaftServerConfigKeys (ConfUtils.java:logGet(46)) - raft.server.write.byte-limit = 1024 M (=1073741824) (custom)
2022-08-10 09:23:15,099 [b74f4fe1-68c4-415c-98c4-eddeab9d2099@group-462B62CB68C6-LeaderElection41] INFO  server.RaftServerConfigKeys (ConfUtils.java:logGet(46)) - raft.server.watch.timeout = 180s (custom)
2022-08-10 09:23:15,099 [b74f4fe1-68c4-415c-98c4-eddeab9d2099@group-462B62CB68C6-LeaderElection41] INFO  server.RaftServerConfigKeys (ConfUtils.java:logGet(46)) - raft.server.watch.timeout.denomination = 1s (default)
2022-08-10 09:23:15,099 [b74f4fe1-68c4-415c-98c4-eddeab9d2099@group-462B62CB68C6-LeaderElection41] INFO  server.RaftServerConfigKeys (ConfUtils.java:logGet(46)) - raft.server.watch.element-limit = 65536 (default)
2022-08-10 09:23:15,099 [b74f4fe1-68c4-415c-98c4-eddeab9d2099@group-462B62CB68C6-LeaderElection41] INFO  server.RaftServerConfigKeys (ConfUtils.java:logGet(46)) - raft.server.write.element-limit = 1024 (custom)
2022-08-10 09:23:15,099 [b74f4fe1-68c4-415c-98c4-eddeab9d2099@group-462B62CB68C6-LeaderElection41] INFO  server.RaftServerConfigKeys (ConfUtils.java:logGet(46)) - raft.server.write.follower.gap.ratio.max = -1.0 (default)
2022-08-10 09:23:15,100 [b74f4fe1-68c4-415c-98c4-eddeab9d2099@group-462B62CB68C6-LeaderElection41] INFO  impl.RoleInfo (RoleInfo.java:updateAndGet(139)) - b74f4fe1-68c4-415c-98c4-eddeab9d2099: start b74f4fe1-68c4-415c-98c4-eddeab9d2099@group-462B62CB68C6-LeaderStateImpl
2022-08-10 09:23:15,100 [b74f4fe1-68c4-415c-98c4-eddeab9d2099@group-462B62CB68C6-LeaderElection41] INFO  segmented.SegmentedRaftLogWorker (SegmentedRaftLogWorker.java:startLogSegment(425)) - b74f4fe1-68c4-415c-98c4-eddeab9d2099@group-462B62CB68C6-SegmentedRaftLogWorker: Starting segment from index:0
2022-08-10 09:23:15,102 [b74f4fe1-68c4-415c-98c4-eddeab9d2099@group-462B62CB68C6-SegmentedRaftLogWorker] INFO  segmented.SegmentedRaftLogWorker (SegmentedRaftLogWorker.java:execute(629)) - b74f4fe1-68c4-415c-98c4-eddeab9d2099@group-462B62CB68C6-SegmentedRaftLogWorker: created new log segment /home/runner/work/ozone/ozone/hadoop-ozone/integration-test/target/test-dir/MiniOzoneClusterImpl-2080ac2c-1c22-4300-b117-cc71631a0cfb/datanode-2/data/ratis/c2191d19-ece1-4764-bcf2-462b62cb68c6/current/log_inprogress_0
2022-08-10 09:23:15,116 [b74f4fe1-68c4-415c-98c4-eddeab9d2099@group-462B62CB68C6-LeaderElection41] INFO  server.RaftServer$Division (ServerState.java:setRaftConf(393)) - b74f4fe1-68c4-415c-98c4-eddeab9d2099@group-462B62CB68C6: set configuration 0: [b74f4fe1-68c4-415c-98c4-eddeab9d2099|rpc:10.1.0.9:46513|dataStream:|priority:1], old=null
2022-08-10 09:23:15,370 [EndpointStateMachine task thread for /0.0.0.0:42301 - 0 ] INFO  ipc.Client (Client.java:handleConnectionFailure(977)) - Retrying connect to server: 0.0.0.0/0.0.0.0:42301. Already tried 9 time(s); retry policy is RetryUpToMaximumCountWithFixedSleep(maxRetries=15, sleepTime=1000 MILLISECONDS)
2022-08-10 09:23:16,370 [EndpointStateMachine task thread for /0.0.0.0:42301 - 0 ] INFO  ipc.Client (Client.java:handleConnectionFailure(977)) - Retrying connect to server: 0.0.0.0/0.0.0.0:42301. Already tried 10 time(s); retry policy is RetryUpToMaximumCountWithFixedSleep(maxRetries=15, sleepTime=1000 MILLISECONDS)
2022-08-10 09:23:16,394 [UnderReplicatedQueueThreadThread] INFO  replication.UnderReplicatedProcessor (UnderReplicatedProcessor.java:processAll(85)) - Processed 0 under replicated containers, failed processing 0
2022-08-10 09:23:16,403 [OverReplicatedQueueThreadThread] INFO  replication.OverReplicatedProcessor (OverReplicatedProcessor.java:processAll(83)) - Processed 0 over replicated containers, failed processing 0
2022-08-10 09:23:17,371 [EndpointStateMachine task thread for /0.0.0.0:42301 - 0 ] INFO  ipc.Client (Client.java:handleConnectionFailure(977)) - Retrying connect to server: 0.0.0.0/0.0.0.0:42301. Already tried 11 time(s); retry policy is RetryUpToMaximumCountWithFixedSleep(maxRetries=15, sleepTime=1000 MILLISECONDS)
2022-08-10 09:23:18,372 [EndpointStateMachine task thread for /0.0.0.0:42301 - 0 ] INFO  ipc.Client (Client.java:handleConnectionFailure(977)) - Retrying connect to server: 0.0.0.0/0.0.0.0:42301. Already tried 12 time(s); retry policy is RetryUpToMaximumCountWithFixedSleep(maxRetries=15, sleepTime=1000 MILLISECONDS)
2022-08-10 09:23:18,799 [e06c7883-c7a0-4496-b519-f5e79e748d82@group-B580A609090B-FollowerState] INFO  impl.FollowerState (FollowerState.java:run(143)) - e06c7883-c7a0-4496-b519-f5e79e748d82@group-B580A609090B-FollowerState: change to CANDIDATE, lastRpcElapsedTime:5040721073ns, electionTimeout:5036ms
2022-08-10 09:23:18,799 [e06c7883-c7a0-4496-b519-f5e79e748d82@group-B580A609090B-FollowerState] INFO  impl.RoleInfo (RoleInfo.java:shutdownFollowerState(110)) - e06c7883-c7a0-4496-b519-f5e79e748d82: shutdown e06c7883-c7a0-4496-b519-f5e79e748d82@group-B580A609090B-FollowerState
2022-08-10 09:23:18,799 [e06c7883-c7a0-4496-b519-f5e79e748d82@group-B580A609090B-FollowerState] INFO  server.RaftServer$Division (RaftServerImpl.java:setRole(299)) - e06c7883-c7a0-4496-b519-f5e79e748d82@group-B580A609090B: changes role from  FOLLOWER to CANDIDATE at term 1 for changeToCandidate
2022-08-10 09:23:18,799 [e06c7883-c7a0-4496-b519-f5e79e748d82@group-B580A609090B-FollowerState] INFO  server.RaftServerConfigKeys (ConfUtils.java:logGet(46)) - raft.server.leaderelection.pre-vote = false (custom)
2022-08-10 09:23:18,799 [e06c7883-c7a0-4496-b519-f5e79e748d82@group-B580A609090B-FollowerState] INFO  impl.RoleInfo (RoleInfo.java:updateAndGet(139)) - e06c7883-c7a0-4496-b519-f5e79e748d82: start e06c7883-c7a0-4496-b519-f5e79e748d82@group-B580A609090B-LeaderElection42
2022-08-10 09:23:18,812 [e06c7883-c7a0-4496-b519-f5e79e748d82@group-B580A609090B-LeaderElection42] INFO  impl.LeaderElection (LeaderElection.java:askForVotes(310)) - e06c7883-c7a0-4496-b519-f5e79e748d82@group-B580A609090B-LeaderElection42 ELECTION round 0: submit vote requests at term 2 for -1: [8861b532-8644-464f-96f7-f43eddde564a|rpc:10.1.0.9:35537|priority:1, b74f4fe1-68c4-415c-98c4-eddeab9d2099|rpc:10.1.0.9:46513|priority:0, e06c7883-c7a0-4496-b519-f5e79e748d82|rpc:10.1.0.9:34055|priority:0], old=null
2022-08-10 09:23:18,822 [grpc-default-executor-1] INFO  server.RaftServer$Division (RaftServerImpl.java:requestVote(1152)) - 8861b532-8644-464f-96f7-f43eddde564a@group-B580A609090B: receive requestVote(ELECTION, e06c7883-c7a0-4496-b519-f5e79e748d82, group-B580A609090B, 2, (t:0, i:0))
2022-08-10 09:23:18,822 [grpc-default-executor-1] INFO  impl.VoteContext (VoteContext.java:log(48)) - 8861b532-8644-464f-96f7-f43eddde564a@group-B580A609090B-FOLLOWER: reject ELECTION from e06c7883-c7a0-4496-b519-f5e79e748d82: our priority 1 > candidate's priority 0
2022-08-10 09:23:18,822 [grpc-default-executor-1] INFO  server.RaftServer$Division (RaftServerImpl.java:setRole(299)) - 8861b532-8644-464f-96f7-f43eddde564a@group-B580A609090B: changes role from  FOLLOWER to FOLLOWER at term 2 for candidate:e06c7883-c7a0-4496-b519-f5e79e748d82
2022-08-10 09:23:18,822 [grpc-default-executor-1] INFO  impl.RoleInfo (RoleInfo.java:shutdownFollowerState(110)) - 8861b532-8644-464f-96f7-f43eddde564a: shutdown 8861b532-8644-464f-96f7-f43eddde564a@group-B580A609090B-FollowerState
2022-08-10 09:23:18,822 [grpc-default-executor-1] INFO  impl.RoleInfo (RoleInfo.java:updateAndGet(139)) - 8861b532-8644-464f-96f7-f43eddde564a: start 8861b532-8644-464f-96f7-f43eddde564a@group-B580A609090B-FollowerState
2022-08-10 09:23:18,822 [8861b532-8644-464f-96f7-f43eddde564a@group-B580A609090B-FollowerState] INFO  impl.FollowerState (FollowerState.java:run(152)) - 8861b532-8644-464f-96f7-f43eddde564a@group-B580A609090B-FollowerState was interrupted
2022-08-10 09:23:18,824 [grpc-default-executor-4] INFO  server.RaftServer$Division (RaftServerImpl.java:requestVote(1152)) - b74f4fe1-68c4-415c-98c4-eddeab9d2099@group-B580A609090B: receive requestVote(ELECTION, e06c7883-c7a0-4496-b519-f5e79e748d82, group-B580A609090B, 2, (t:0, i:0))
2022-08-10 09:23:18,824 [grpc-default-executor-4] INFO  impl.VoteContext (VoteContext.java:log(48)) - b74f4fe1-68c4-415c-98c4-eddeab9d2099@group-B580A609090B-FOLLOWER: accept ELECTION from e06c7883-c7a0-4496-b519-f5e79e748d82: our priority 0 <= candidate's priority 0
2022-08-10 09:23:18,824 [grpc-default-executor-4] INFO  server.RaftServer$Division (RaftServerImpl.java:setRole(299)) - b74f4fe1-68c4-415c-98c4-eddeab9d2099@group-B580A609090B: changes role from  FOLLOWER to FOLLOWER at term 2 for candidate:e06c7883-c7a0-4496-b519-f5e79e748d82
2022-08-10 09:23:18,824 [grpc-default-executor-4] INFO  impl.RoleInfo (RoleInfo.java:shutdownFollowerState(110)) - b74f4fe1-68c4-415c-98c4-eddeab9d2099: shutdown b74f4fe1-68c4-415c-98c4-eddeab9d2099@group-B580A609090B-FollowerState
2022-08-10 09:23:18,826 [b74f4fe1-68c4-415c-98c4-eddeab9d2099@group-B580A609090B-FollowerState] INFO  impl.FollowerState (FollowerState.java:run(152)) - b74f4fe1-68c4-415c-98c4-eddeab9d2099@group-B580A609090B-FollowerState was interrupted
2022-08-10 09:23:18,828 [grpc-default-executor-1] INFO  server.RaftServer$Division (RaftServerImpl.java:requestVote(1184)) - 8861b532-8644-464f-96f7-f43eddde564a@group-B580A609090B replies to ELECTION vote request: e06c7883-c7a0-4496-b519-f5e79e748d82<-8861b532-8644-464f-96f7-f43eddde564a#0:FAIL-t2. Peer's state: 8861b532-8644-464f-96f7-f43eddde564a@group-B580A609090B:t2, leader=null, voted=null, raftlog=8861b532-8644-464f-96f7-f43eddde564a@group-B580A609090B-SegmentedRaftLog:OPENED:c-1, conf=-1: [8861b532-8644-464f-96f7-f43eddde564a|rpc:10.1.0.9:35537|dataStream:|priority:1, b74f4fe1-68c4-415c-98c4-eddeab9d2099|rpc:10.1.0.9:46513|dataStream:|priority:0, e06c7883-c7a0-4496-b519-f5e79e748d82|rpc:10.1.0.9:34055|dataStream:|priority:0], old=null
2022-08-10 09:23:18,826 [grpc-default-executor-4] INFO  impl.RoleInfo (RoleInfo.java:updateAndGet(139)) - b74f4fe1-68c4-415c-98c4-eddeab9d2099: start b74f4fe1-68c4-415c-98c4-eddeab9d2099@group-B580A609090B-FollowerState
2022-08-10 09:23:18,839 [e06c7883-c7a0-4496-b519-f5e79e748d82@group-B580A609090B-LeaderElection42] INFO  impl.LeaderElection (LeaderElection.java:logAndReturn(90)) - e06c7883-c7a0-4496-b519-f5e79e748d82@group-B580A609090B-LeaderElection42: ELECTION REJECTED received 1 response(s) and 0 exception(s):
2022-08-10 09:23:18,839 [e06c7883-c7a0-4496-b519-f5e79e748d82@group-B580A609090B-LeaderElection42] INFO  impl.LeaderElection (LeaderElection.java:logAndReturn(94)) -   Response 0: e06c7883-c7a0-4496-b519-f5e79e748d82<-8861b532-8644-464f-96f7-f43eddde564a#0:FAIL-t2
2022-08-10 09:23:18,839 [e06c7883-c7a0-4496-b519-f5e79e748d82@group-B580A609090B-LeaderElection42] INFO  impl.LeaderElection (LeaderElection.java:askForVotes(312)) - e06c7883-c7a0-4496-b519-f5e79e748d82@group-B580A609090B-LeaderElection42 ELECTION round 0: result REJECTED
2022-08-10 09:23:18,839 [e06c7883-c7a0-4496-b519-f5e79e748d82@group-B580A609090B-LeaderElection42] INFO  server.RaftServer$Division (RaftServerImpl.java:setRole(299)) - e06c7883-c7a0-4496-b519-f5e79e748d82@group-B580A609090B: changes role from CANDIDATE to FOLLOWER at term 2 for REJECTED
2022-08-10 09:23:18,839 [e06c7883-c7a0-4496-b519-f5e79e748d82@group-B580A609090B-LeaderElection42] INFO  impl.RoleInfo (RoleInfo.java:shutdownLeaderElection(130)) - e06c7883-c7a0-4496-b519-f5e79e748d82: shutdown e06c7883-c7a0-4496-b519-f5e79e748d82@group-B580A609090B-LeaderElection42
2022-08-10 09:23:18,839 [e06c7883-c7a0-4496-b519-f5e79e748d82@group-B580A609090B-LeaderElection42] INFO  impl.RoleInfo (RoleInfo.java:updateAndGet(139)) - e06c7883-c7a0-4496-b519-f5e79e748d82: start e06c7883-c7a0-4496-b519-f5e79e748d82@group-B580A609090B-FollowerState
2022-08-10 09:23:18,839 [grpc-default-executor-4] INFO  server.RaftServer$Division (RaftServerImpl.java:requestVote(1184)) - b74f4fe1-68c4-415c-98c4-eddeab9d2099@group-B580A609090B replies to ELECTION vote request: e06c7883-c7a0-4496-b519-f5e79e748d82<-b74f4fe1-68c4-415c-98c4-eddeab9d2099#0:OK-t2. Peer's state: b74f4fe1-68c4-415c-98c4-eddeab9d2099@group-B580A609090B:t2, leader=null, voted=e06c7883-c7a0-4496-b519-f5e79e748d82, raftlog=b74f4fe1-68c4-415c-98c4-eddeab9d2099@group-B580A609090B-SegmentedRaftLog:OPENED:c-1, conf=-1: [8861b532-8644-464f-96f7-f43eddde564a|rpc:10.1.0.9:35537|dataStream:|priority:1, b74f4fe1-68c4-415c-98c4-eddeab9d2099|rpc:10.1.0.9:46513|dataStream:|priority:0, e06c7883-c7a0-4496-b519-f5e79e748d82|rpc:10.1.0.9:34055|dataStream:|priority:0], old=null
2022-08-10 09:23:19,373 [EndpointStateMachine task thread for /0.0.0.0:42301 - 0 ] INFO  ipc.Client (Client.java:handleConnectionFailure(977)) - Retrying connect to server: 0.0.0.0/0.0.0.0:42301. Already tried 13 time(s); retry policy is RetryUpToMaximumCountWithFixedSleep(maxRetries=15, sleepTime=1000 MILLISECONDS)
2022-08-10 09:23:20,373 [EndpointStateMachine task thread for /0.0.0.0:42301 - 0 ] INFO  ipc.Client (Client.java:handleConnectionFailure(977)) - Retrying connect to server: 0.0.0.0/0.0.0.0:42301. Already tried 14 time(s); retry policy is RetryUpToMaximumCountWithFixedSleep(maxRetries=15, sleepTime=1000 MILLISECONDS)
2022-08-10 09:23:21,375 [EndpointStateMachine task thread for /0.0.0.0:42301 - 0 ] INFO  ipc.Client (Client.java:handleConnectionFailure(977)) - Retrying connect to server: 0.0.0.0/0.0.0.0:42301. Already tried 0 time(s); retry policy is RetryUpToMaximumCountWithFixedSleep(maxRetries=15, sleepTime=1000 MILLISECONDS)
2022-08-10 09:23:22,376 [EndpointStateMachine task thread for /0.0.0.0:42301 - 0 ] INFO  ipc.Client (Client.java:handleConnectionFailure(977)) - Retrying connect to server: 0.0.0.0/0.0.0.0:42301. Already tried 1 time(s); retry policy is RetryUpToMaximumCountWithFixedSleep(maxRetries=15, sleepTime=1000 MILLISECONDS)
2022-08-10 09:23:23,376 [EndpointStateMachine task thread for /0.0.0.0:42301 - 0 ] INFO  ipc.Client (Client.java:handleConnectionFailure(977)) - Retrying connect to server: 0.0.0.0/0.0.0.0:42301. Already tried 2 time(s); retry policy is RetryUpToMaximumCountWithFixedSleep(maxRetries=15, sleepTime=1000 MILLISECONDS)
2022-08-10 09:23:23,862 [b74f4fe1-68c4-415c-98c4-eddeab9d2099@group-B580A609090B-FollowerState] INFO  impl.FollowerState (FollowerState.java:run(143)) - b74f4fe1-68c4-415c-98c4-eddeab9d2099@group-B580A609090B-FollowerState: change to CANDIDATE, lastRpcElapsedTime:5022991858ns, electionTimeout:5022ms
2022-08-10 09:23:23,862 [b74f4fe1-68c4-415c-98c4-eddeab9d2099@group-B580A609090B-FollowerState] INFO  impl.RoleInfo (RoleInfo.java:shutdownFollowerState(110)) - b74f4fe1-68c4-415c-98c4-eddeab9d2099: shutdown b74f4fe1-68c4-415c-98c4-eddeab9d2099@group-B580A609090B-FollowerState
2022-08-10 09:23:23,862 [b74f4fe1-68c4-415c-98c4-eddeab9d2099@group-B580A609090B-FollowerState] INFO  server.RaftServer$Division (RaftServerImpl.java:setRole(299)) - b74f4fe1-68c4-415c-98c4-eddeab9d2099@group-B580A609090B: changes role from  FOLLOWER to CANDIDATE at term 2 for changeToCandidate
2022-08-10 09:23:23,862 [b74f4fe1-68c4-415c-98c4-eddeab9d2099@group-B580A609090B-FollowerState] INFO  server.RaftServerConfigKeys (ConfUtils.java:logGet(46)) - raft.server.leaderelection.pre-vote = false (custom)
2022-08-10 09:23:23,863 [b74f4fe1-68c4-415c-98c4-eddeab9d2099@group-B580A609090B-FollowerState] INFO  impl.RoleInfo (RoleInfo.java:updateAndGet(139)) - b74f4fe1-68c4-415c-98c4-eddeab9d2099: start b74f4fe1-68c4-415c-98c4-eddeab9d2099@group-B580A609090B-LeaderElection43
2022-08-10 09:23:23,870 [b74f4fe1-68c4-415c-98c4-eddeab9d2099@group-B580A609090B-LeaderElection43] INFO  impl.LeaderElection (LeaderElection.java:askForVotes(310)) - b74f4fe1-68c4-415c-98c4-eddeab9d2099@group-B580A609090B-LeaderElection43 ELECTION round 0: submit vote requests at term 3 for -1: [8861b532-8644-464f-96f7-f43eddde564a|rpc:10.1.0.9:35537|dataStream:|priority:1, b74f4fe1-68c4-415c-98c4-eddeab9d2099|rpc:10.1.0.9:46513|dataStream:|priority:0, e06c7883-c7a0-4496-b519-f5e79e748d82|rpc:10.1.0.9:34055|dataStream:|priority:0], old=null
2022-08-10 09:23:23,872 [grpc-default-executor-2] INFO  server.RaftServer$Division (RaftServerImpl.java:requestVote(1152)) - 8861b532-8644-464f-96f7-f43eddde564a@group-B580A609090B: receive requestVote(ELECTION, b74f4fe1-68c4-415c-98c4-eddeab9d2099, group-B580A609090B, 3, (t:0, i:0))
2022-08-10 09:23:23,873 [grpc-default-executor-2] INFO  impl.VoteContext (VoteContext.java:log(48)) - 8861b532-8644-464f-96f7-f43eddde564a@group-B580A609090B-FOLLOWER: reject ELECTION from b74f4fe1-68c4-415c-98c4-eddeab9d2099: our priority 1 > candidate's priority 0
2022-08-10 09:23:23,873 [grpc-default-executor-2] INFO  server.RaftServer$Division (RaftServerImpl.java:setRole(299)) - 8861b532-8644-464f-96f7-f43eddde564a@group-B580A609090B: changes role from  FOLLOWER to FOLLOWER at term 3 for candidate:b74f4fe1-68c4-415c-98c4-eddeab9d2099
2022-08-10 09:23:23,873 [grpc-default-executor-2] INFO  impl.RoleInfo (RoleInfo.java:shutdownFollowerState(110)) - 8861b532-8644-464f-96f7-f43eddde564a: shutdown 8861b532-8644-464f-96f7-f43eddde564a@group-B580A609090B-FollowerState
2022-08-10 09:23:23,873 [grpc-default-executor-2] INFO  impl.RoleInfo (RoleInfo.java:updateAndGet(139)) - 8861b532-8644-464f-96f7-f43eddde564a: start 8861b532-8644-464f-96f7-f43eddde564a@group-B580A609090B-FollowerState
2022-08-10 09:23:23,873 [8861b532-8644-464f-96f7-f43eddde564a@group-B580A609090B-FollowerState] INFO  impl.FollowerState (FollowerState.java:run(152)) - 8861b532-8644-464f-96f7-f43eddde564a@group-B580A609090B-FollowerState was interrupted
2022-08-10 09:23:23,873 [grpc-default-executor-1] INFO  server.RaftServer$Division (RaftServerImpl.java:requestVote(1152)) - e06c7883-c7a0-4496-b519-f5e79e748d82@group-B580A609090B: receive requestVote(ELECTION, b74f4fe1-68c4-415c-98c4-eddeab9d2099, group-B580A609090B, 3, (t:0, i:0))
2022-08-10 09:23:23,873 [grpc-default-executor-1] INFO  impl.VoteContext (VoteContext.java:log(48)) - e06c7883-c7a0-4496-b519-f5e79e748d82@group-B580A609090B-FOLLOWER: accept ELECTION from b74f4fe1-68c4-415c-98c4-eddeab9d2099: our priority 0 <= candidate's priority 0
2022-08-10 09:23:23,873 [grpc-default-executor-1] INFO  server.RaftServer$Division (RaftServerImpl.java:setRole(299)) - e06c7883-c7a0-4496-b519-f5e79e748d82@group-B580A609090B: changes role from  FOLLOWER to FOLLOWER at term 3 for candidate:b74f4fe1-68c4-415c-98c4-eddeab9d2099
2022-08-10 09:23:23,873 [grpc-default-executor-1] INFO  impl.RoleInfo (RoleInfo.java:shutdownFollowerState(110)) - e06c7883-c7a0-4496-b519-f5e79e748d82: shutdown e06c7883-c7a0-4496-b519-f5e79e748d82@group-B580A609090B-FollowerState
2022-08-10 09:23:23,874 [grpc-default-executor-1] INFO  impl.RoleInfo (RoleInfo.java:updateAndGet(139)) - e06c7883-c7a0-4496-b519-f5e79e748d82: start e06c7883-c7a0-4496-b519-f5e79e748d82@group-B580A609090B-FollowerState
2022-08-10 09:23:23,874 [e06c7883-c7a0-4496-b519-f5e79e748d82@group-B580A609090B-FollowerState] INFO  impl.FollowerState (FollowerState.java:run(152)) - e06c7883-c7a0-4496-b519-f5e79e748d82@group-B580A609090B-FollowerState was interrupted
2022-08-10 09:23:23,875 [grpc-default-executor-2] INFO  server.RaftServer$Division (RaftServerImpl.java:requestVote(1184)) - 8861b532-8644-464f-96f7-f43eddde564a@group-B580A609090B replies to ELECTION vote request: b74f4fe1-68c4-415c-98c4-eddeab9d2099<-8861b532-8644-464f-96f7-f43eddde564a#0:FAIL-t3. Peer's state: 8861b532-8644-464f-96f7-f43eddde564a@group-B580A609090B:t3, leader=null, voted=null, raftlog=8861b532-8644-464f-96f7-f43eddde564a@group-B580A609090B-SegmentedRaftLog:OPENED:c-1, conf=-1: [8861b532-8644-464f-96f7-f43eddde564a|rpc:10.1.0.9:35537|dataStream:|priority:1, b74f4fe1-68c4-415c-98c4-eddeab9d2099|rpc:10.1.0.9:46513|dataStream:|priority:0, e06c7883-c7a0-4496-b519-f5e79e748d82|rpc:10.1.0.9:34055|dataStream:|priority:0], old=null
2022-08-10 09:23:23,888 [grpc-default-executor-1] INFO  server.RaftServer$Division (RaftServerImpl.java:requestVote(1184)) - e06c7883-c7a0-4496-b519-f5e79e748d82@group-B580A609090B replies to ELECTION vote request: b74f4fe1-68c4-415c-98c4-eddeab9d2099<-e06c7883-c7a0-4496-b519-f5e79e748d82#0:OK-t3. Peer's state: e06c7883-c7a0-4496-b519-f5e79e748d82@group-B580A609090B:t3, leader=null, voted=b74f4fe1-68c4-415c-98c4-eddeab9d2099, raftlog=e06c7883-c7a0-4496-b519-f5e79e748d82@group-B580A609090B-SegmentedRaftLog:OPENED:c-1, conf=-1: [8861b532-8644-464f-96f7-f43eddde564a|rpc:10.1.0.9:35537|priority:1, b74f4fe1-68c4-415c-98c4-eddeab9d2099|rpc:10.1.0.9:46513|priority:0, e06c7883-c7a0-4496-b519-f5e79e748d82|rpc:10.1.0.9:34055|priority:0], old=null
2022-08-10 09:23:23,892 [b74f4fe1-68c4-415c-98c4-eddeab9d2099@group-B580A609090B-LeaderElection43] INFO  impl.LeaderElection (LeaderElection.java:logAndReturn(90)) - b74f4fe1-68c4-415c-98c4-eddeab9d2099@group-B580A609090B-LeaderElection43: ELECTION REJECTED received 2 response(s) and 0 exception(s):
2022-08-10 09:23:23,892 [b74f4fe1-68c4-415c-98c4-eddeab9d2099@group-B580A609090B-LeaderElection43] INFO  impl.LeaderElection (LeaderElection.java:logAndReturn(94)) -   Response 0: b74f4fe1-68c4-415c-98c4-eddeab9d2099<-8861b532-8644-464f-96f7-f43eddde564a#0:FAIL-t3
2022-08-10 09:23:23,892 [b74f4fe1-68c4-415c-98c4-eddeab9d2099@group-B580A609090B-LeaderElection43] INFO  impl.LeaderElection (LeaderElection.java:logAndReturn(94)) -   Response 1: b74f4fe1-68c4-415c-98c4-eddeab9d2099<-e06c7883-c7a0-4496-b519-f5e79e748d82#0:OK-t3
2022-08-10 09:23:23,895 [b74f4fe1-68c4-415c-98c4-eddeab9d2099@group-B580A609090B-LeaderElection43] INFO  impl.LeaderElection (LeaderElection.java:askForVotes(312)) - b74f4fe1-68c4-415c-98c4-eddeab9d2099@group-B580A609090B-LeaderElection43 ELECTION round 0: result REJECTED
2022-08-10 09:23:23,895 [b74f4fe1-68c4-415c-98c4-eddeab9d2099@group-B580A609090B-LeaderElection43] INFO  server.RaftServer$Division (RaftServerImpl.java:setRole(299)) - b74f4fe1-68c4-415c-98c4-eddeab9d2099@group-B580A609090B: changes role from CANDIDATE to FOLLOWER at term 3 for REJECTED
2022-08-10 09:23:23,895 [b74f4fe1-68c4-415c-98c4-eddeab9d2099@group-B580A609090B-LeaderElection43] INFO  impl.RoleInfo (RoleInfo.java:shutdownLeaderElection(130)) - b74f4fe1-68c4-415c-98c4-eddeab9d2099: shutdown b74f4fe1-68c4-415c-98c4-eddeab9d2099@group-B580A609090B-LeaderElection43
2022-08-10 09:23:23,895 [b74f4fe1-68c4-415c-98c4-eddeab9d2099@group-B580A609090B-LeaderElection43] INFO  impl.RoleInfo (RoleInfo.java:updateAndGet(139)) - b74f4fe1-68c4-415c-98c4-eddeab9d2099: start b74f4fe1-68c4-415c-98c4-eddeab9d2099@group-B580A609090B-FollowerState
2022-08-10 09:23:24,246 [Listener at 127.0.0.1/35599] INFO  om.OzoneManager (OzoneManager.java:stop(2022)) - omNode-3[localhost:35599]: Stopping Ozone Manager
2022-08-10 09:23:24,246 [Listener at 127.0.0.1/35599] INFO  ipc.Server (Server.java:stop(3414)) - Stopping server on 35599
2022-08-10 09:23:24,252 [Listener at 127.0.0.1/35599] INFO  server.RaftServer (RaftServerProxy.java:lambda$close$7(398)) - omNode-3: close
2022-08-10 09:23:24,253 [Listener at 127.0.0.1/35599] INFO  server.RaftServer$Division (RaftServerImpl.java:lambda$close$4(434)) - omNode-3@group-523986131536: shutdown
2022-08-10 09:23:24,253 [Listener at 127.0.0.1/35599] INFO  util.JmxRegister (JmxRegister.java:unregister(73)) - Successfully un-registered JMX Bean with object name Ratis:service=RaftServer,group=group-523986131536,id=omNode-3
2022-08-10 09:23:24,253 [Listener at 127.0.0.1/35599] INFO  impl.RoleInfo (RoleInfo.java:shutdownFollowerState(110)) - omNode-3: shutdown omNode-3@group-523986131536-FollowerState
2022-08-10 09:23:24,254 [IPC Server listener on 35599] INFO  ipc.Server (Server.java:run(1376)) - Stopping IPC Server listener on 35599
2022-08-10 09:23:24,254 [IPC Server Responder] INFO  ipc.Server (Server.java:run(1512)) - Stopping IPC Server Responder
2022-08-10 09:23:24,254 [omNode-3@group-523986131536-FollowerState] INFO  impl.FollowerState (FollowerState.java:run(152)) - omNode-3@group-523986131536-FollowerState was interrupted
2022-08-10 09:23:24,254 [omNode-3@group-523986131536-StateMachineUpdater] INFO  ratis.OzoneManagerStateMachine (OzoneManagerStateMachine.java:takeSnapshot(441)) - Current Snapshot Index (t:3, i:42)
2022-08-10 09:23:24,254 [omNode-3@group-523986131536-StateMachineUpdater] INFO  impl.StateMachineUpdater (StateMachineUpdater.java:takeSnapshot(287)) - omNode-3@group-523986131536-StateMachineUpdater: Took a snapshot at index 42
2022-08-10 09:23:24,254 [omNode-3@group-523986131536-StateMachineUpdater] INFO  impl.StateMachineUpdater (StateMachineUpdater.java:lambda$new$0(92)) - omNode-3@group-523986131536-StateMachineUpdater: snapshotIndex: updateIncreasingly -1 -> 42
2022-08-10 09:23:24,255 [omNode-3@group-523986131536-StateMachineUpdater] INFO  ratis.OzoneManagerStateMachine (OzoneManagerStateMachine.java:takeSnapshot(441)) - Current Snapshot Index (t:3, i:42)
2022-08-10 09:23:24,255 [omNode-3@group-523986131536-StateMachineUpdater] INFO  impl.StateMachineUpdater (StateMachineUpdater.java:takeSnapshot(287)) - omNode-3@group-523986131536-StateMachineUpdater: Took a snapshot at index 42
2022-08-10 09:23:24,255 [omNode-3@group-523986131536-StateMachineUpdater] INFO  impl.StateMachineUpdater (StateMachineUpdater.java:lambda$new$0(92)) - omNode-3@group-523986131536-StateMachineUpdater: snapshotIndex: updateIncreasingly 42 -> 42
2022-08-10 09:23:24,255 [omNode-3@group-523986131536-StateMachineUpdater] INFO  ratis.OzoneManagerStateMachine (OzoneManagerStateMachine.java:close(495)) - StateMachine has shutdown. Shutdown OzoneManager if not already shutdown.
2022-08-10 09:23:24,255 [omNode-3@group-523986131536-StateMachineUpdater] INFO  ratis.OzoneManagerDoubleBuffer (OzoneManagerDoubleBuffer.java:stop(466)) - Stopping OMDoubleBuffer flush thread
2022-08-10 09:23:24,254 [Listener at 127.0.0.1/35599] INFO  impl.StateMachineUpdater (StateMachineUpdater.java:stopAndJoin(153)) - omNode-3@group-523986131536-StateMachineUpdater: set stopIndex = 43
2022-08-10 09:23:24,261 [OMDoubleBufferFlushThread] INFO  ratis.OzoneManagerDoubleBuffer (OzoneManagerDoubleBuffer.java:flushTransactions(385)) - OMDoubleBuffer flush thread OMDoubleBufferFlushThread is interrupted and will exit.
2022-08-10 09:23:24,272 [Listener at 127.0.0.1/35599] INFO  server.RaftServer$Division (ServerState.java:close(429)) - omNode-3@group-523986131536: closes. applyIndex: 42
2022-08-10 09:23:24,272 [omNode-3@group-523986131536-SegmentedRaftLogWorker] INFO  segmented.SegmentedRaftLogWorker (SegmentedRaftLogWorker.java:run(336)) - omNode-3@group-523986131536-SegmentedRaftLogWorker was interrupted, exiting. There are 0 tasks remaining in the queue.
2022-08-10 09:23:24,273 [Listener at 127.0.0.1/35599] INFO  segmented.SegmentedRaftLogWorker (SegmentedRaftLogWorker.java:close(246)) - omNode-3@group-523986131536-SegmentedRaftLogWorker close()
2022-08-10 09:23:24,275 [Listener at 127.0.0.1/35599] INFO  server.GrpcService (GrpcService.java:closeImpl(269)) - omNode-3: shutdown server with port 34345 now
2022-08-10 09:23:24,279 [grpc-default-executor-2] WARN  server.GrpcServerProtocolService (LogUtils.java:warn(122)) - omNode-3: installSnapshot onError, lastRequest: omNode-1->omNode-3#89159-t3,previous=(t:3, i:43),leaderCommit=43,initializing? true,entries: size=1, first=(t:3, i:44), METADATAENTRY(c:43): org.apache.ratis.thirdparty.io.grpc.StatusRuntimeException: CANCELLED: client cancelled
2022-08-10 09:23:24,279 [Listener at 127.0.0.1/35599] INFO  server.GrpcService (GrpcService.java:closeImpl(278)) - omNode-3: shutdown server with port 34345 successfully
2022-08-10 09:23:24,280 [org.apache.ratis.util.JvmPauseMonitor$$Lambda$696/1259104175@331ea1fe] INFO  util.JvmPauseMonitor (JvmPauseMonitor.java:run(109)) - JvmPauseMonitor-omNode-3: Stopped
2022-08-10 09:23:24,280 [grpc-default-executor-2] WARN  server.GrpcLogAppender (LogUtils.java:warn(122)) - omNode-1@group-523986131536->omNode-3-AppendLogResponseHandler: Failed appendEntries: org.apache.ratis.thirdparty.io.grpc.StatusRuntimeException: CANCELLED: RST_STREAM closed stream. HTTP/2 error code: CANCEL
2022-08-10 09:23:24,280 [grpc-default-executor-2] INFO  leader.FollowerInfo (FollowerInfoImpl.java:lambda$new$0(48)) - omNode-1@group-523986131536->omNode-3: nextIndex: updateUnconditionally 45 -> 44
2022-08-10 09:23:24,280 [Listener at 127.0.0.1/35599] INFO  ratis.OzoneManagerStateMachine (OzoneManagerStateMachine.java:close(495)) - StateMachine has shutdown. Shutdown OzoneManager if not already shutdown.
2022-08-10 09:23:24,280 [Listener at 127.0.0.1/35599] INFO  ratis.OzoneManagerDoubleBuffer (OzoneManagerDoubleBuffer.java:stop(478)) - OMDoubleBuffer flush thread is not running.
2022-08-10 09:23:24,280 [Listener at 127.0.0.1/35599] INFO  utils.BackgroundService (BackgroundService.java:shutdown(141)) - Shutting down service KeyDeletingService
2022-08-10 09:23:24,285 [grpc-default-executor-1] WARN  server.GrpcLogAppender (LogUtils.java:warn(122)) - omNode-1@group-523986131536->omNode-3-AppendLogResponseHandler: Failed appendEntries: org.apache.ratis.thirdparty.io.grpc.StatusRuntimeException: UNAVAILABLE: io exception
2022-08-10 09:23:24,285 [grpc-default-executor-1] INFO  leader.FollowerInfo (FollowerInfoImpl.java:lambda$new$0(48)) - omNode-1@group-523986131536->omNode-3: nextIndex: updateUnconditionally 45 -> 44
2022-08-10 09:23:24,289 [Listener at 127.0.0.1/35599] INFO  utils.BackgroundService (BackgroundService.java:shutdown(141)) - Shutting down service DirectoryDeletingService
2022-08-10 09:23:24,296 [Listener at 127.0.0.1/35599] INFO  utils.BackgroundService (BackgroundService.java:shutdown(141)) - Shutting down service OpenKeyCleanupService
2022-08-10 09:23:24,303 [Listener at 127.0.0.1/35599] INFO  handler.ContextHandler (ContextHandler.java:doStop(1153)) - Stopped o.e.j.w.WebAppContext@6d1e1564{ozoneManager,/,null,STOPPED}{file:/home/runner/work/ozone/ozone/hadoop-ozone/integration-test/target/test-classes/webapps/ozoneManager}
2022-08-10 09:23:24,304 [Listener at 127.0.0.1/35599] INFO  server.AbstractConnector (AbstractConnector.java:doStop(381)) - Stopped ServerConnector@21557e98{HTTP/1.1, (http/1.1)}{0.0.0.0:33063}
2022-08-10 09:23:24,304 [Listener at 127.0.0.1/35599] INFO  server.session (HouseKeeper.java:stopScavenging(149)) - node0 Stopped scavenging
2022-08-10 09:23:24,304 [Listener at 127.0.0.1/35599] INFO  handler.ContextHandler (ContextHandler.java:doStop(1153)) - Stopped o.e.j.s.ServletContextHandler@696ac3dd{static,/static,file:///home/runner/work/ozone/ozone/hadoop-ozone/integration-test/target/test-classes/webapps/static,STOPPED}
2022-08-10 09:23:24,304 [Listener at 127.0.0.1/35599] INFO  handler.ContextHandler (ContextHandler.java:doStop(1153)) - Stopped o.e.j.s.ServletContextHandler@2ea4adaf{logs,/logs,file:///home/runner/work/ozone/ozone/hadoop-ozone/integration-test/target/log,STOPPED}
2022-08-10 09:23:24,323 [grpc-default-executor-1] WARN  server.GrpcLogAppender (LogUtils.java:warn(122)) - omNode-1@group-523986131536->omNode-3-AppendLogResponseHandler: Failed appendEntries: org.apache.ratis.thirdparty.io.grpc.StatusRuntimeException: UNAVAILABLE: io exception
2022-08-10 09:23:24,324 [grpc-default-executor-1] INFO  leader.FollowerInfo (FollowerInfoImpl.java:lambda$new$0(48)) - omNode-1@group-523986131536->omNode-3: nextIndex: updateUnconditionally 46 -> 45
2022-08-10 09:23:24,335 [grpc-default-executor-1] WARN  server.GrpcLogAppender (LogUtils.java:warn(122)) - omNode-1@group-523986131536->omNode-3-AppendLogResponseHandler: Failed appendEntries: org.apache.ratis.thirdparty.io.grpc.StatusRuntimeException: UNAVAILABLE: io exception
2022-08-10 09:23:24,335 [grpc-default-executor-1] INFO  leader.FollowerInfo (FollowerInfoImpl.java:lambda$new$0(48)) - omNode-1@group-523986131536->omNode-3: nextIndex: updateUnconditionally 46 -> 45
2022-08-10 09:23:24,366 [grpc-default-executor-1] WARN  server.GrpcLogAppender (LogUtils.java:warn(122)) - omNode-1@group-523986131536->omNode-3-AppendLogResponseHandler: Failed appendEntries: org.apache.ratis.thirdparty.io.grpc.StatusRuntimeException: UNAVAILABLE: io exception
2022-08-10 09:23:24,366 [grpc-default-executor-1] INFO  leader.FollowerInfo (FollowerInfoImpl.java:lambda$new$0(48)) - omNode-1@group-523986131536->omNode-3: nextIndex: updateUnconditionally 47 -> 45
2022-08-10 09:23:24,371 [grpc-default-executor-1] WARN  server.GrpcLogAppender (LogUtils.java:warn(122)) - omNode-1@group-523986131536->omNode-3-AppendLogResponseHandler: Failed appendEntries: org.apache.ratis.thirdparty.io.grpc.StatusRuntimeException: UNAVAILABLE: io exception
2022-08-10 09:23:24,371 [grpc-default-executor-1] INFO  leader.FollowerInfo (FollowerInfoImpl.java:lambda$new$0(48)) - omNode-1@group-523986131536->omNode-3: nextIndex: updateUnconditionally 48 -> 45
2022-08-10 09:23:24,377 [EndpointStateMachine task thread for /0.0.0.0:42301 - 0 ] INFO  ipc.Client (Client.java:handleConnectionFailure(977)) - Retrying connect to server: 0.0.0.0/0.0.0.0:42301. Already tried 3 time(s); retry policy is RetryUpToMaximumCountWithFixedSleep(maxRetries=15, sleepTime=1000 MILLISECONDS)
2022-08-10 09:23:24,385 [grpc-default-executor-1] WARN  server.GrpcLogAppender (LogUtils.java:warn(122)) - omNode-1@group-523986131536->omNode-3-AppendLogResponseHandler: Failed appendEntries: org.apache.ratis.thirdparty.io.grpc.StatusRuntimeException: UNAVAILABLE: io exception
2022-08-10 09:23:24,385 [grpc-default-executor-1] INFO  leader.FollowerInfo (FollowerInfoImpl.java:lambda$new$0(48)) - omNode-1@group-523986131536->omNode-3: nextIndex: updateUnconditionally 48 -> 45
2022-08-10 09:23:24,391 [grpc-default-executor-1] WARN  server.GrpcLogAppender (LogUtils.java:warn(122)) - omNode-1@group-523986131536->omNode-3-AppendLogResponseHandler: Failed appendEntries: org.apache.ratis.thirdparty.io.grpc.StatusRuntimeException: UNAVAILABLE: io exception
2022-08-10 09:23:24,391 [grpc-default-executor-1] INFO  leader.FollowerInfo (FollowerInfoImpl.java:lambda$new$0(48)) - omNode-1@group-523986131536->omNode-3: nextIndex: updateUnconditionally 50 -> 45
2022-08-10 09:23:24,398 [grpc-default-executor-1] WARN  server.GrpcLogAppender (LogUtils.java:warn(122)) - omNode-1@group-523986131536->omNode-3-AppendLogResponseHandler: Failed appendEntries: org.apache.ratis.thirdparty.io.grpc.StatusRuntimeException: UNAVAILABLE: io exception
2022-08-10 09:23:24,398 [grpc-default-executor-1] INFO  leader.FollowerInfo (FollowerInfoImpl.java:lambda$new$0(48)) - omNode-1@group-523986131536->omNode-3: nextIndex: updateUnconditionally 50 -> 45
2022-08-10 09:23:24,405 [grpc-default-executor-1] WARN  server.GrpcLogAppender (LogUtils.java:warn(122)) - omNode-1@group-523986131536->omNode-3-AppendLogResponseHandler: Failed appendEntries: org.apache.ratis.thirdparty.io.grpc.StatusRuntimeException: UNAVAILABLE: io exception
2022-08-10 09:23:24,405 [grpc-default-executor-1] INFO  leader.FollowerInfo (FollowerInfoImpl.java:lambda$new$0(48)) - omNode-1@group-523986131536->omNode-3: nextIndex: updateUnconditionally 51 -> 45
2022-08-10 09:23:24,420 [grpc-default-executor-1] WARN  server.GrpcLogAppender (LogUtils.java:warn(122)) - omNode-1@group-523986131536->omNode-3-AppendLogResponseHandler: Failed appendEntries: org.apache.ratis.thirdparty.io.grpc.StatusRuntimeException: UNAVAILABLE: io exception
2022-08-10 09:23:24,420 [grpc-default-executor-1] INFO  leader.FollowerInfo (FollowerInfoImpl.java:lambda$new$0(48)) - omNode-1@group-523986131536->omNode-3: nextIndex: updateUnconditionally 51 -> 45
2022-08-10 09:23:24,421 [omNode-1@group-523986131536-StateMachineUpdater] INFO  ratis.OzoneManagerStateMachine (OzoneManagerStateMachine.java:takeSnapshot(441)) - Current Snapshot Index (t:3, i:50)
2022-08-10 09:23:24,421 [omNode-1@group-523986131536-StateMachineUpdater] INFO  impl.StateMachineUpdater (StateMachineUpdater.java:takeSnapshot(287)) - omNode-1@group-523986131536-StateMachineUpdater: Took a snapshot at index 50
2022-08-10 09:23:24,421 [omNode-1@group-523986131536-StateMachineUpdater] INFO  impl.StateMachineUpdater (StateMachineUpdater.java:lambda$new$0(92)) - omNode-1@group-523986131536-StateMachineUpdater: snapshotIndex: updateIncreasingly -1 -> 50
2022-08-10 09:23:24,421 [omNode-1@group-523986131536-StateMachineUpdater] INFO  raftlog.RaftLog (RaftLogBase.java:purge(308)) - omNode-1@group-523986131536-SegmentedRaftLog: purge 50
2022-08-10 09:23:24,421 [omNode-1@group-523986131536-StateMachineUpdater] INFO  raftlog.RaftLog (RaftLogBase.java:lambda$new$0(53)) - omNode-1@group-523986131536-SegmentedRaftLog: snapshotIndex: updateIncreasingly -1 -> 50
2022-08-10 09:23:24,421 [omNode-1@group-523986131536-StateMachineUpdater] INFO  raftlog.RaftLog (RaftLogBase.java:lambda$new$0(53)) - omNode-1@group-523986131536-SegmentedRaftLog: purgeIndex: updateToMax old=-1, new=50, updated? true
2022-08-10 09:23:24,431 [grpc-default-executor-1] WARN  server.GrpcLogAppender (LogUtils.java:warn(122)) - omNode-1@group-523986131536->omNode-3-AppendLogResponseHandler: Failed appendEntries: org.apache.ratis.thirdparty.io.grpc.StatusRuntimeException: UNAVAILABLE: io exception
2022-08-10 09:23:24,431 [grpc-default-executor-1] INFO  leader.FollowerInfo (FollowerInfoImpl.java:lambda$new$0(48)) - omNode-1@group-523986131536->omNode-3: nextIndex: updateUnconditionally 51 -> 45
2022-08-10 09:23:24,443 [grpc-default-executor-2] WARN  server.GrpcLogAppender (LogUtils.java:warn(122)) - omNode-1@group-523986131536->omNode-3-AppendLogResponseHandler: Failed appendEntries: org.apache.ratis.thirdparty.io.grpc.StatusRuntimeException: UNAVAILABLE: io exception
2022-08-10 09:23:24,443 [grpc-default-executor-2] INFO  leader.FollowerInfo (FollowerInfoImpl.java:lambda$new$0(48)) - omNode-1@group-523986131536->omNode-3: nextIndex: updateUnconditionally 52 -> 45
2022-08-10 09:23:24,456 [omNode-2@group-523986131536-StateMachineUpdater] INFO  ratis.OzoneManagerStateMachine (OzoneManagerStateMachine.java:takeSnapshot(441)) - Current Snapshot Index (t:3, i:50)
2022-08-10 09:23:24,457 [omNode-2@group-523986131536-StateMachineUpdater] INFO  impl.StateMachineUpdater (StateMachineUpdater.java:takeSnapshot(287)) - omNode-2@group-523986131536-StateMachineUpdater: Took a snapshot at index 50
2022-08-10 09:23:24,457 [omNode-2@group-523986131536-StateMachineUpdater] INFO  impl.StateMachineUpdater (StateMachineUpdater.java:lambda$new$0(92)) - omNode-2@group-523986131536-StateMachineUpdater: snapshotIndex: updateIncreasingly -1 -> 50
2022-08-10 09:23:24,457 [omNode-2@group-523986131536-StateMachineUpdater] INFO  raftlog.RaftLog (RaftLogBase.java:purge(308)) - omNode-2@group-523986131536-SegmentedRaftLog: purge 50
2022-08-10 09:23:24,457 [omNode-2@group-523986131536-StateMachineUpdater] INFO  raftlog.RaftLog (RaftLogBase.java:lambda$new$0(53)) - omNode-2@group-523986131536-SegmentedRaftLog: snapshotIndex: updateIncreasingly -1 -> 50
2022-08-10 09:23:24,457 [omNode-2@group-523986131536-StateMachineUpdater] INFO  raftlog.RaftLog (RaftLogBase.java:lambda$new$0(53)) - omNode-2@group-523986131536-SegmentedRaftLog: purgeIndex: updateToMax old=-1, new=50, updated? true
2022-08-10 09:23:24,459 [grpc-default-executor-1] WARN  server.GrpcLogAppender (LogUtils.java:warn(122)) - omNode-1@group-523986131536->omNode-3-AppendLogResponseHandler: Failed appendEntries: org.apache.ratis.thirdparty.io.grpc.StatusRuntimeException: UNAVAILABLE: io exception
2022-08-10 09:23:24,459 [grpc-default-executor-1] INFO  leader.FollowerInfo (FollowerInfoImpl.java:lambda$new$0(48)) - omNode-1@group-523986131536->omNode-3: nextIndex: updateUnconditionally 53 -> 45
2022-08-10 09:23:24,465 [grpc-default-executor-2] WARN  server.GrpcLogAppender (LogUtils.java:warn(122)) - omNode-1@group-523986131536->omNode-3-AppendLogResponseHandler: Failed appendEntries: org.apache.ratis.thirdparty.io.grpc.StatusRuntimeException: UNAVAILABLE: io exception
2022-08-10 09:23:24,465 [grpc-default-executor-2] INFO  leader.FollowerInfo (FollowerInfoImpl.java:lambda$new$0(48)) - omNode-1@group-523986131536->omNode-3: nextIndex: updateUnconditionally 54 -> 45
2022-08-10 09:23:24,480 [grpc-default-executor-2] WARN  server.GrpcLogAppender (LogUtils.java:warn(122)) - omNode-1@group-523986131536->omNode-3-AppendLogResponseHandler: Failed appendEntries: org.apache.ratis.thirdparty.io.grpc.StatusRuntimeException: UNAVAILABLE: io exception
2022-08-10 09:23:24,481 [grpc-default-executor-2] INFO  leader.FollowerInfo (FollowerInfoImpl.java:lambda$new$0(48)) - omNode-1@group-523986131536->omNode-3: nextIndex: updateUnconditionally 54 -> 45
2022-08-10 09:23:24,488 [grpc-default-executor-2] WARN  server.GrpcLogAppender (LogUtils.java:warn(122)) - omNode-1@group-523986131536->omNode-3-AppendLogResponseHandler: Failed appendEntries: org.apache.ratis.thirdparty.io.grpc.StatusRuntimeException: UNAVAILABLE: io exception
2022-08-10 09:23:24,488 [grpc-default-executor-2] INFO  leader.FollowerInfo (FollowerInfoImpl.java:lambda$new$0(48)) - omNode-1@group-523986131536->omNode-3: nextIndex: updateUnconditionally 55 -> 45
2022-08-10 09:23:24,509 [grpc-default-executor-2] WARN  server.GrpcLogAppender (LogUtils.java:warn(122)) - omNode-1@group-523986131536->omNode-3-AppendLogResponseHandler: Failed appendEntries: org.apache.ratis.thirdparty.io.grpc.StatusRuntimeException: UNAVAILABLE: io exception
2022-08-10 09:23:24,509 [grpc-default-executor-2] INFO  leader.FollowerInfo (FollowerInfoImpl.java:lambda$new$0(48)) - omNode-1@group-523986131536->omNode-3: nextIndex: updateUnconditionally 55 -> 45
2022-08-10 09:23:24,531 [grpc-default-executor-2] WARN  server.GrpcLogAppender (LogUtils.java:warn(122)) - omNode-1@group-523986131536->omNode-3-AppendLogResponseHandler: Failed appendEntries: org.apache.ratis.thirdparty.io.grpc.StatusRuntimeException: UNAVAILABLE: io exception
2022-08-10 09:23:24,532 [grpc-default-executor-2] INFO  leader.FollowerInfo (FollowerInfoImpl.java:lambda$new$0(48)) - omNode-1@group-523986131536->omNode-3: nextIndex: updateUnconditionally 56 -> 45
2022-08-10 09:23:24,544 [grpc-default-executor-2] WARN  server.GrpcLogAppender (LogUtils.java:warn(122)) - omNode-1@group-523986131536->omNode-3-AppendLogResponseHandler: Failed appendEntries: org.apache.ratis.thirdparty.io.grpc.StatusRuntimeException: UNAVAILABLE: io exception
2022-08-10 09:23:24,545 [grpc-default-executor-2] INFO  leader.FollowerInfo (FollowerInfoImpl.java:lambda$new$0(48)) - omNode-1@group-523986131536->omNode-3: nextIndex: updateUnconditionally 56 -> 45
2022-08-10 09:23:24,553 [grpc-default-executor-3] WARN  server.GrpcLogAppender (LogUtils.java:warn(122)) - omNode-1@group-523986131536->omNode-3-AppendLogResponseHandler: Failed appendEntries: org.apache.ratis.thirdparty.io.grpc.StatusRuntimeException: UNAVAILABLE: io exception
2022-08-10 09:23:24,553 [grpc-default-executor-3] INFO  leader.FollowerInfo (FollowerInfoImpl.java:lambda$new$0(48)) - omNode-1@group-523986131536->omNode-3: nextIndex: updateUnconditionally 57 -> 45
2022-08-10 09:23:24,560 [grpc-default-executor-3] WARN  server.GrpcLogAppender (LogUtils.java:warn(122)) - omNode-1@group-523986131536->omNode-3-AppendLogResponseHandler: Failed appendEntries: org.apache.ratis.thirdparty.io.grpc.StatusRuntimeException: UNAVAILABLE: io exception
2022-08-10 09:23:24,560 [grpc-default-executor-3] INFO  leader.FollowerInfo (FollowerInfoImpl.java:lambda$new$0(48)) - omNode-1@group-523986131536->omNode-3: nextIndex: updateUnconditionally 58 -> 45
2022-08-10 09:23:24,565 [grpc-default-executor-2] WARN  server.GrpcLogAppender (LogUtils.java:warn(122)) - omNode-1@group-523986131536->omNode-3-AppendLogResponseHandler: Failed appendEntries: org.apache.ratis.thirdparty.io.grpc.StatusRuntimeException: UNAVAILABLE: io exception
2022-08-10 09:23:24,565 [grpc-default-executor-2] INFO  leader.FollowerInfo (FollowerInfoImpl.java:lambda$new$0(48)) - omNode-1@group-523986131536->omNode-3: nextIndex: updateUnconditionally 58 -> 45
2022-08-10 09:23:24,569 [grpc-default-executor-2] WARN  server.GrpcLogAppender (LogUtils.java:warn(122)) - omNode-1@group-523986131536->omNode-3-AppendLogResponseHandler: Failed appendEntries: org.apache.ratis.thirdparty.io.grpc.StatusRuntimeException: UNAVAILABLE: io exception
2022-08-10 09:23:24,569 [grpc-default-executor-2] INFO  leader.FollowerInfo (FollowerInfoImpl.java:lambda$new$0(48)) - omNode-1@group-523986131536->omNode-3: nextIndex: updateUnconditionally 59 -> 45
2022-08-10 09:23:24,578 [grpc-default-executor-3] WARN  server.GrpcLogAppender (LogUtils.java:warn(122)) - omNode-1@group-523986131536->omNode-3-AppendLogResponseHandler: Failed appendEntries: org.apache.ratis.thirdparty.io.grpc.StatusRuntimeException: UNAVAILABLE: io exception
2022-08-10 09:23:24,579 [grpc-default-executor-3] INFO  leader.FollowerInfo (FollowerInfoImpl.java:lambda$new$0(48)) - omNode-1@group-523986131536->omNode-3: nextIndex: updateUnconditionally 59 -> 45
2022-08-10 09:23:24,605 [grpc-default-executor-3] WARN  server.GrpcLogAppender (LogUtils.java:warn(122)) - omNode-1@group-523986131536->omNode-3-AppendLogResponseHandler: Failed appendEntries: org.apache.ratis.thirdparty.io.grpc.StatusRuntimeException: UNAVAILABLE: io exception
2022-08-10 09:23:24,605 [grpc-default-executor-3] INFO  leader.FollowerInfo (FollowerInfoImpl.java:lambda$new$0(48)) - omNode-1@group-523986131536->omNode-3: nextIndex: updateUnconditionally 60 -> 45
2022-08-10 09:23:24,610 [grpc-default-executor-3] WARN  server.GrpcLogAppender (LogUtils.java:warn(122)) - omNode-1@group-523986131536->omNode-3-AppendLogResponseHandler: Failed appendEntries: org.apache.ratis.thirdparty.io.grpc.StatusRuntimeException: UNAVAILABLE: io exception
2022-08-10 09:23:24,610 [grpc-default-executor-3] INFO  leader.FollowerInfo (FollowerInfoImpl.java:lambda$new$0(48)) - omNode-1@group-523986131536->omNode-3: nextIndex: updateUnconditionally 60 -> 45
2022-08-10 09:23:24,616 [grpc-default-executor-2] WARN  server.GrpcLogAppender (LogUtils.java:warn(122)) - omNode-1@group-523986131536->omNode-3-AppendLogResponseHandler: Failed appendEntries: org.apache.ratis.thirdparty.io.grpc.StatusRuntimeException: UNAVAILABLE: io exception
2022-08-10 09:23:24,616 [grpc-default-executor-2] INFO  leader.FollowerInfo (FollowerInfoImpl.java:lambda$new$0(48)) - omNode-1@group-523986131536->omNode-3: nextIndex: updateUnconditionally 61 -> 45
2022-08-10 09:23:24,622 [grpc-default-executor-3] WARN  server.GrpcLogAppender (LogUtils.java:warn(122)) - omNode-1@group-523986131536->omNode-3-AppendLogResponseHandler: Failed appendEntries: org.apache.ratis.thirdparty.io.grpc.StatusRuntimeException: UNAVAILABLE: io exception
2022-08-10 09:23:24,622 [grpc-default-executor-3] INFO  leader.FollowerInfo (FollowerInfoImpl.java:lambda$new$0(48)) - omNode-1@group-523986131536->omNode-3: nextIndex: updateUnconditionally 62 -> 45
2022-08-10 09:23:24,639 [grpc-default-executor-3] WARN  server.GrpcLogAppender (LogUtils.java:warn(122)) - omNode-1@group-523986131536->omNode-3-AppendLogResponseHandler: Failed appendEntries: org.apache.ratis.thirdparty.io.grpc.StatusRuntimeException: UNAVAILABLE: io exception
2022-08-10 09:23:24,640 [grpc-default-executor-3] INFO  leader.FollowerInfo (FollowerInfoImpl.java:lambda$new$0(48)) - omNode-1@group-523986131536->omNode-3: nextIndex: updateUnconditionally 62 -> 45
2022-08-10 09:23:24,651 [grpc-default-executor-3] WARN  server.GrpcLogAppender (LogUtils.java:warn(122)) - omNode-1@group-523986131536->omNode-3-AppendLogResponseHandler: Failed appendEntries: org.apache.ratis.thirdparty.io.grpc.StatusRuntimeException: UNAVAILABLE: io exception
2022-08-10 09:23:24,652 [grpc-default-executor-3] INFO  leader.FollowerInfo (FollowerInfoImpl.java:lambda$new$0(48)) - omNode-1@group-523986131536->omNode-3: nextIndex: updateUnconditionally 63 -> 45
2022-08-10 09:23:24,673 [grpc-default-executor-3] WARN  server.GrpcLogAppender (LogUtils.java:warn(122)) - omNode-1@group-523986131536->omNode-3-AppendLogResponseHandler: Failed appendEntries: org.apache.ratis.thirdparty.io.grpc.StatusRuntimeException: UNAVAILABLE: io exception
2022-08-10 09:23:24,674 [grpc-default-executor-3] INFO  leader.FollowerInfo (FollowerInfoImpl.java:lambda$new$0(48)) - omNode-1@group-523986131536->omNode-3: nextIndex: updateUnconditionally 63 -> 45
2022-08-10 09:23:24,698 [grpc-default-executor-2] WARN  server.GrpcLogAppender (LogUtils.java:warn(122)) - omNode-1@group-523986131536->omNode-3-AppendLogResponseHandler: Failed appendEntries: org.apache.ratis.thirdparty.io.grpc.StatusRuntimeException: UNAVAILABLE: io exception
2022-08-10 09:23:24,699 [grpc-default-executor-2] INFO  leader.FollowerInfo (FollowerInfoImpl.java:lambda$new$0(48)) - omNode-1@group-523986131536->omNode-3: nextIndex: updateUnconditionally 63 -> 45
2022-08-10 09:23:24,707 [grpc-default-executor-2] WARN  server.GrpcLogAppender (LogUtils.java:warn(122)) - omNode-1@group-523986131536->omNode-3-AppendLogResponseHandler: Failed appendEntries: org.apache.ratis.thirdparty.io.grpc.StatusRuntimeException: UNAVAILABLE: io exception
2022-08-10 09:23:24,708 [grpc-default-executor-2] INFO  leader.FollowerInfo (FollowerInfoImpl.java:lambda$new$0(48)) - omNode-1@group-523986131536->omNode-3: nextIndex: updateUnconditionally 64 -> 45
2022-08-10 09:23:24,712 [grpc-default-executor-2] WARN  server.GrpcLogAppender (LogUtils.java:warn(122)) - omNode-1@group-523986131536->omNode-3-AppendLogResponseHandler: Failed appendEntries: org.apache.ratis.thirdparty.io.grpc.StatusRuntimeException: UNAVAILABLE: io exception
2022-08-10 09:23:24,713 [grpc-default-executor-2] INFO  leader.FollowerInfo (FollowerInfoImpl.java:lambda$new$0(48)) - omNode-1@group-523986131536->omNode-3: nextIndex: updateUnconditionally 65 -> 45
2022-08-10 09:23:24,720 [grpc-default-executor-2] WARN  server.GrpcLogAppender (LogUtils.java:warn(122)) - omNode-1@group-523986131536->omNode-3-AppendLogResponseHandler: Failed appendEntries: org.apache.ratis.thirdparty.io.grpc.StatusRuntimeException: UNAVAILABLE: io exception
2022-08-10 09:23:24,720 [grpc-default-executor-2] INFO  leader.FollowerInfo (FollowerInfoImpl.java:lambda$new$0(48)) - omNode-1@group-523986131536->omNode-3: nextIndex: updateUnconditionally 66 -> 45
2022-08-10 09:23:24,728 [grpc-default-executor-3] WARN  server.GrpcLogAppender (LogUtils.java:warn(122)) - omNode-1@group-523986131536->omNode-3-AppendLogResponseHandler: Failed appendEntries: org.apache.ratis.thirdparty.io.grpc.StatusRuntimeException: UNAVAILABLE: io exception
2022-08-10 09:23:24,729 [grpc-default-executor-3] INFO  leader.FollowerInfo (FollowerInfoImpl.java:lambda$new$0(48)) - omNode-1@group-523986131536->omNode-3: nextIndex: updateUnconditionally 67 -> 45
2022-08-10 09:23:24,734 [grpc-default-executor-3] WARN  server.GrpcLogAppender (LogUtils.java:warn(122)) - omNode-1@group-523986131536->omNode-3-AppendLogResponseHandler: Failed appendEntries: org.apache.ratis.thirdparty.io.grpc.StatusRuntimeException: UNAVAILABLE: io exception
2022-08-10 09:23:24,735 [grpc-default-executor-3] INFO  leader.FollowerInfo (FollowerInfoImpl.java:lambda$new$0(48)) - omNode-1@group-523986131536->omNode-3: nextIndex: updateUnconditionally 67 -> 45
2022-08-10 09:23:24,736 [grpc-default-executor-2] WARN  server.GrpcLogAppender (LogUtils.java:warn(122)) - omNode-1@group-523986131536->omNode-3-AppendLogResponseHandler: Failed appendEntries: org.apache.ratis.thirdparty.io.grpc.StatusRuntimeException: UNAVAILABLE: io exception
2022-08-10 09:23:24,736 [grpc-default-executor-2] INFO  leader.FollowerInfo (FollowerInfoImpl.java:lambda$new$0(48)) - omNode-1@group-523986131536->omNode-3: nextIndex: updateUnconditionally 67 -> 45
2022-08-10 09:23:24,754 [grpc-default-executor-2] WARN  server.GrpcLogAppender (LogUtils.java:warn(122)) - omNode-1@group-523986131536->omNode-3-AppendLogResponseHandler: Failed appendEntries: org.apache.ratis.thirdparty.io.grpc.StatusRuntimeException: UNAVAILABLE: io exception
2022-08-10 09:23:24,754 [grpc-default-executor-2] INFO  leader.FollowerInfo (FollowerInfoImpl.java:lambda$new$0(48)) - omNode-1@group-523986131536->omNode-3: nextIndex: updateUnconditionally 68 -> 45
2022-08-10 09:23:24,760 [grpc-default-executor-2] WARN  server.GrpcLogAppender (LogUtils.java:warn(122)) - omNode-1@group-523986131536->omNode-3-AppendLogResponseHandler: Failed appendEntries: org.apache.ratis.thirdparty.io.grpc.StatusRuntimeException: UNAVAILABLE: io exception
2022-08-10 09:23:24,761 [grpc-default-executor-2] INFO  leader.FollowerInfo (FollowerInfoImpl.java:lambda$new$0(48)) - omNode-1@group-523986131536->omNode-3: nextIndex: updateUnconditionally 68 -> 45
2022-08-10 09:23:24,763 [grpc-default-executor-2] WARN  server.GrpcLogAppender (LogUtils.java:warn(122)) - omNode-1@group-523986131536->omNode-3-AppendLogResponseHandler: Failed appendEntries: org.apache.ratis.thirdparty.io.grpc.StatusRuntimeException: UNAVAILABLE: io exception
2022-08-10 09:23:24,764 [grpc-default-executor-2] INFO  leader.FollowerInfo (FollowerInfoImpl.java:lambda$new$0(48)) - omNode-1@group-523986131536->omNode-3: nextIndex: updateUnconditionally 69 -> 45
2022-08-10 09:23:24,765 [grpc-default-executor-2] WARN  server.GrpcLogAppender (LogUtils.java:warn(122)) - omNode-1@group-523986131536->omNode-3-AppendLogResponseHandler: Failed appendEntries: org.apache.ratis.thirdparty.io.grpc.StatusRuntimeException: UNAVAILABLE: io exception
2022-08-10 09:23:24,766 [grpc-default-executor-2] INFO  leader.FollowerInfo (FollowerInfoImpl.java:lambda$new$0(48)) - omNode-1@group-523986131536->omNode-3: nextIndex: updateUnconditionally 70 -> 45
2022-08-10 09:23:24,769 [grpc-default-executor-2] WARN  server.GrpcLogAppender (LogUtils.java:warn(122)) - omNode-1@group-523986131536->omNode-3-AppendLogResponseHandler: Failed appendEntries: org.apache.ratis.thirdparty.io.grpc.StatusRuntimeException: UNAVAILABLE: io exception
2022-08-10 09:23:24,769 [grpc-default-executor-2] INFO  leader.FollowerInfo (FollowerInfoImpl.java:lambda$new$0(48)) - omNode-1@group-523986131536->omNode-3: nextIndex: updateUnconditionally 70 -> 45
2022-08-10 09:23:24,771 [grpc-default-executor-2] WARN  server.GrpcLogAppender (LogUtils.java:warn(122)) - omNode-1@group-523986131536->omNode-3-AppendLogResponseHandler: Failed appendEntries: org.apache.ratis.thirdparty.io.grpc.StatusRuntimeException: UNAVAILABLE: io exception
2022-08-10 09:23:24,771 [grpc-default-executor-2] INFO  leader.FollowerInfo (FollowerInfoImpl.java:lambda$new$0(48)) - omNode-1@group-523986131536->omNode-3: nextIndex: updateUnconditionally 70 -> 45
2022-08-10 09:23:24,777 [grpc-default-executor-2] WARN  server.GrpcLogAppender (LogUtils.java:warn(122)) - omNode-1@group-523986131536->omNode-3-AppendLogResponseHandler: Failed appendEntries: org.apache.ratis.thirdparty.io.grpc.StatusRuntimeException: UNAVAILABLE: io exception
2022-08-10 09:23:24,777 [grpc-default-executor-2] INFO  leader.FollowerInfo (FollowerInfoImpl.java:lambda$new$0(48)) - omNode-1@group-523986131536->omNode-3: nextIndex: updateUnconditionally 71 -> 45
2022-08-10 09:23:24,785 [grpc-default-executor-2] WARN  server.GrpcLogAppender (LogUtils.java:warn(122)) - omNode-1@group-523986131536->omNode-3-AppendLogResponseHandler: Failed appendEntries: org.apache.ratis.thirdparty.io.grpc.StatusRuntimeException: UNAVAILABLE: io exception
2022-08-10 09:23:24,785 [grpc-default-executor-2] INFO  leader.FollowerInfo (FollowerInfoImpl.java:lambda$new$0(48)) - omNode-1@group-523986131536->omNode-3: nextIndex: updateUnconditionally 71 -> 45
2022-08-10 09:23:24,819 [grpc-default-executor-2] WARN  server.GrpcLogAppender (LogUtils.java:warn(122)) - omNode-1@group-523986131536->omNode-3-AppendLogResponseHandler: Failed appendEntries: org.apache.ratis.thirdparty.io.grpc.StatusRuntimeException: UNAVAILABLE: io exception
2022-08-10 09:23:24,820 [grpc-default-executor-2] INFO  leader.FollowerInfo (FollowerInfoImpl.java:lambda$new$0(48)) - omNode-1@group-523986131536->omNode-3: nextIndex: updateUnconditionally 72 -> 45
2022-08-10 09:23:24,825 [grpc-default-executor-2] WARN  server.GrpcLogAppender (LogUtils.java:warn(122)) - omNode-1@group-523986131536->omNode-3-AppendLogResponseHandler: Failed appendEntries: org.apache.ratis.thirdparty.io.grpc.StatusRuntimeException: UNAVAILABLE: io exception
2022-08-10 09:23:24,825 [grpc-default-executor-2] INFO  leader.FollowerInfo (FollowerInfoImpl.java:lambda$new$0(48)) - omNode-1@group-523986131536->omNode-3: nextIndex: updateUnconditionally 72 -> 45
2022-08-10 09:23:24,828 [grpc-default-executor-2] WARN  server.GrpcLogAppender (LogUtils.java:warn(122)) - omNode-1@group-523986131536->omNode-3-AppendLogResponseHandler: Failed appendEntries: org.apache.ratis.thirdparty.io.grpc.StatusRuntimeException: UNAVAILABLE: io exception
2022-08-10 09:23:24,829 [grpc-default-executor-2] INFO  leader.FollowerInfo (FollowerInfoImpl.java:lambda$new$0(48)) - omNode-1@group-523986131536->omNode-3: nextIndex: updateUnconditionally 73 -> 45
2022-08-10 09:23:24,833 [grpc-default-executor-2] WARN  server.GrpcLogAppender (LogUtils.java:warn(122)) - omNode-1@group-523986131536->omNode-3-AppendLogResponseHandler: Failed appendEntries: org.apache.ratis.thirdparty.io.grpc.StatusRuntimeException: UNAVAILABLE: io exception
2022-08-10 09:23:24,833 [grpc-default-executor-2] INFO  leader.FollowerInfo (FollowerInfoImpl.java:lambda$new$0(48)) - omNode-1@group-523986131536->omNode-3: nextIndex: updateUnconditionally 74 -> 45
2022-08-10 09:23:24,836 [grpc-default-executor-2] WARN  server.GrpcLogAppender (LogUtils.java:warn(122)) - omNode-1@group-523986131536->omNode-3-AppendLogResponseHandler: Failed appendEntries: org.apache.ratis.thirdparty.io.grpc.StatusRuntimeException: UNAVAILABLE: io exception
2022-08-10 09:23:24,837 [grpc-default-executor-2] INFO  leader.FollowerInfo (FollowerInfoImpl.java:lambda$new$0(48)) - omNode-1@group-523986131536->omNode-3: nextIndex: updateUnconditionally 74 -> 45
2022-08-10 09:23:24,838 [grpc-default-executor-2] WARN  server.GrpcLogAppender (LogUtils.java:warn(122)) - omNode-1@group-523986131536->omNode-3-AppendLogResponseHandler: Failed appendEntries: org.apache.ratis.thirdparty.io.grpc.StatusRuntimeException: UNAVAILABLE: io exception
2022-08-10 09:23:24,838 [grpc-default-executor-2] INFO  leader.FollowerInfo (FollowerInfoImpl.java:lambda$new$0(48)) - omNode-1@group-523986131536->omNode-3: nextIndex: updateUnconditionally 74 -> 45
2022-08-10 09:23:24,841 [grpc-default-executor-2] WARN  server.GrpcLogAppender (LogUtils.java:warn(122)) - omNode-1@group-523986131536->omNode-3-AppendLogResponseHandler: Failed appendEntries: org.apache.ratis.thirdparty.io.grpc.StatusRuntimeException: UNAVAILABLE: io exception
2022-08-10 09:23:24,841 [grpc-default-executor-2] INFO  leader.FollowerInfo (FollowerInfoImpl.java:lambda$new$0(48)) - omNode-1@group-523986131536->omNode-3: nextIndex: updateUnconditionally 75 -> 45
2022-08-10 09:23:24,850 [grpc-default-executor-3] WARN  server.GrpcLogAppender (LogUtils.java:warn(122)) - omNode-1@group-523986131536->omNode-3-AppendLogResponseHandler: Failed appendEntries: org.apache.ratis.thirdparty.io.grpc.StatusRuntimeException: UNAVAILABLE: io exception
2022-08-10 09:23:24,851 [grpc-default-executor-3] INFO  leader.FollowerInfo (FollowerInfoImpl.java:lambda$new$0(48)) - omNode-1@group-523986131536->omNode-3: nextIndex: updateUnconditionally 75 -> 45
2022-08-10 09:23:24,854 [grpc-default-executor-3] WARN  server.GrpcLogAppender (LogUtils.java:warn(122)) - omNode-1@group-523986131536->omNode-3-AppendLogResponseHandler: Failed appendEntries: org.apache.ratis.thirdparty.io.grpc.StatusRuntimeException: UNAVAILABLE: io exception
2022-08-10 09:23:24,854 [grpc-default-executor-3] INFO  leader.FollowerInfo (FollowerInfoImpl.java:lambda$new$0(48)) - omNode-1@group-523986131536->omNode-3: nextIndex: updateUnconditionally 75 -> 45
2022-08-10 09:23:24,894 [grpc-default-executor-2] WARN  server.GrpcLogAppender (LogUtils.java:warn(122)) - omNode-1@group-523986131536->omNode-3-AppendLogResponseHandler: Failed appendEntries: org.apache.ratis.thirdparty.io.grpc.StatusRuntimeException: UNAVAILABLE: io exception
2022-08-10 09:23:24,895 [grpc-default-executor-2] INFO  leader.FollowerInfo (FollowerInfoImpl.java:lambda$new$0(48)) - omNode-1@group-523986131536->omNode-3: nextIndex: updateUnconditionally 76 -> 45
2022-08-10 09:23:24,901 [grpc-default-executor-3] WARN  server.GrpcLogAppender (LogUtils.java:warn(122)) - omNode-1@group-523986131536->omNode-3-AppendLogResponseHandler: Failed appendEntries: org.apache.ratis.thirdparty.io.grpc.StatusRuntimeException: UNAVAILABLE: io exception
2022-08-10 09:23:24,902 [grpc-default-executor-3] INFO  leader.FollowerInfo (FollowerInfoImpl.java:lambda$new$0(48)) - omNode-1@group-523986131536->omNode-3: nextIndex: updateUnconditionally 76 -> 45
2022-08-10 09:23:24,909 [grpc-default-executor-1] WARN  server.GrpcLogAppender (LogUtils.java:warn(122)) - omNode-1@group-523986131536->omNode-3-AppendLogResponseHandler: Failed appendEntries: org.apache.ratis.thirdparty.io.grpc.StatusRuntimeException: UNAVAILABLE: io exception
2022-08-10 09:23:24,910 [grpc-default-executor-1] INFO  leader.FollowerInfo (FollowerInfoImpl.java:lambda$new$0(48)) - omNode-1@group-523986131536->omNode-3: nextIndex: updateUnconditionally 77 -> 45
2022-08-10 09:23:24,911 [grpc-default-executor-1] WARN  server.GrpcLogAppender (LogUtils.java:warn(122)) - omNode-1@group-523986131536->omNode-3-AppendLogResponseHandler: Failed appendEntries: org.apache.ratis.thirdparty.io.grpc.StatusRuntimeException: UNAVAILABLE: io exception
2022-08-10 09:23:24,911 [grpc-default-executor-1] INFO  leader.FollowerInfo (FollowerInfoImpl.java:lambda$new$0(48)) - omNode-1@group-523986131536->omNode-3: nextIndex: updateUnconditionally 78 -> 45
2022-08-10 09:23:24,922 [grpc-default-executor-1] WARN  server.GrpcLogAppender (LogUtils.java:warn(122)) - omNode-1@group-523986131536->omNode-3-AppendLogResponseHandler: Failed appendEntries: org.apache.ratis.thirdparty.io.grpc.StatusRuntimeException: UNAVAILABLE: io exception
2022-08-10 09:23:24,922 [grpc-default-executor-1] INFO  leader.FollowerInfo (FollowerInfoImpl.java:lambda$new$0(48)) - omNode-1@group-523986131536->omNode-3: nextIndex: updateUnconditionally 79 -> 45
2022-08-10 09:23:24,938 [grpc-default-executor-3] WARN  server.GrpcLogAppender (LogUtils.java:warn(122)) - omNode-1@group-523986131536->omNode-3-AppendLogResponseHandler: Failed appendEntries: org.apache.ratis.thirdparty.io.grpc.StatusRuntimeException: UNAVAILABLE: io exception
2022-08-10 09:23:24,938 [grpc-default-executor-3] INFO  leader.FollowerInfo (FollowerInfoImpl.java:lambda$new$0(48)) - omNode-1@group-523986131536->omNode-3: nextIndex: updateUnconditionally 79 -> 45
2022-08-10 09:23:24,981 [grpc-default-executor-3] WARN  server.GrpcLogAppender (LogUtils.java:warn(122)) - omNode-1@group-523986131536->omNode-3-AppendLogResponseHandler: Failed appendEntries: org.apache.ratis.thirdparty.io.grpc.StatusRuntimeException: UNAVAILABLE: io exception
2022-08-10 09:23:24,982 [grpc-default-executor-3] INFO  leader.FollowerInfo (FollowerInfoImpl.java:lambda$new$0(48)) - omNode-1@group-523986131536->omNode-3: nextIndex: updateUnconditionally 80 -> 45
2022-08-10 09:23:24,994 [grpc-default-executor-3] WARN  server.GrpcLogAppender (LogUtils.java:warn(122)) - omNode-1@group-523986131536->omNode-3-AppendLogResponseHandler: Failed appendEntries: org.apache.ratis.thirdparty.io.grpc.StatusRuntimeException: UNAVAILABLE: io exception
2022-08-10 09:23:24,995 [grpc-default-executor-3] INFO  leader.FollowerInfo (FollowerInfoImpl.java:lambda$new$0(48)) - omNode-1@group-523986131536->omNode-3: nextIndex: updateUnconditionally 80 -> 45
2022-08-10 09:23:24,997 [grpc-default-executor-1] WARN  server.GrpcLogAppender (LogUtils.java:warn(122)) - omNode-1@group-523986131536->omNode-3-AppendLogResponseHandler: Failed appendEntries: org.apache.ratis.thirdparty.io.grpc.StatusRuntimeException: UNAVAILABLE: io exception
2022-08-10 09:23:24,997 [grpc-default-executor-1] INFO  leader.FollowerInfo (FollowerInfoImpl.java:lambda$new$0(48)) - omNode-1@group-523986131536->omNode-3: nextIndex: updateUnconditionally 81 -> 45
2022-08-10 09:23:25,018 [grpc-default-executor-1] WARN  server.GrpcLogAppender (LogUtils.java:warn(122)) - omNode-1@group-523986131536->omNode-3-AppendLogResponseHandler: Failed appendEntries: org.apache.ratis.thirdparty.io.grpc.StatusRuntimeException: UNAVAILABLE: io exception
2022-08-10 09:23:25,019 [grpc-default-executor-1] INFO  leader.FollowerInfo (FollowerInfoImpl.java:lambda$new$0(48)) - omNode-1@group-523986131536->omNode-3: nextIndex: updateUnconditionally 82 -> 45
2022-08-10 09:23:25,025 [grpc-default-executor-1] WARN  server.GrpcLogAppender (LogUtils.java:warn(122)) - omNode-1@group-523986131536->omNode-3-AppendLogResponseHandler: Failed appendEntries: org.apache.ratis.thirdparty.io.grpc.StatusRuntimeException: UNAVAILABLE: io exception
2022-08-10 09:23:25,025 [grpc-default-executor-1] INFO  leader.FollowerInfo (FollowerInfoImpl.java:lambda$new$0(48)) - omNode-1@group-523986131536->omNode-3: nextIndex: updateUnconditionally 83 -> 45
2022-08-10 09:23:25,052 [grpc-default-executor-3] WARN  server.GrpcLogAppender (LogUtils.java:warn(122)) - omNode-1@group-523986131536->omNode-3-AppendLogResponseHandler: Failed appendEntries: org.apache.ratis.thirdparty.io.grpc.StatusRuntimeException: UNAVAILABLE: io exception
2022-08-10 09:23:25,052 [grpc-default-executor-3] INFO  leader.FollowerInfo (FollowerInfoImpl.java:lambda$new$0(48)) - omNode-1@group-523986131536->omNode-3: nextIndex: updateUnconditionally 83 -> 45
2022-08-10 09:23:25,056 [grpc-default-executor-1] WARN  server.GrpcLogAppender (LogUtils.java:warn(122)) - omNode-1@group-523986131536->omNode-3-AppendLogResponseHandler: Failed appendEntries: org.apache.ratis.thirdparty.io.grpc.StatusRuntimeException: UNAVAILABLE: io exception
2022-08-10 09:23:25,057 [grpc-default-executor-1] INFO  leader.FollowerInfo (FollowerInfoImpl.java:lambda$new$0(48)) - omNode-1@group-523986131536->omNode-3: nextIndex: updateUnconditionally 84 -> 45
2022-08-10 09:23:25,072 [grpc-default-executor-3] WARN  server.GrpcLogAppender (LogUtils.java:warn(122)) - omNode-1@group-523986131536->omNode-3-AppendLogResponseHandler: Failed appendEntries: org.apache.ratis.thirdparty.io.grpc.StatusRuntimeException: UNAVAILABLE: io exception
2022-08-10 09:23:25,076 [grpc-default-executor-3] INFO  leader.FollowerInfo (FollowerInfoImpl.java:lambda$new$0(48)) - omNode-1@group-523986131536->omNode-3: nextIndex: updateUnconditionally 84 -> 45
2022-08-10 09:23:25,084 [grpc-default-executor-1] WARN  server.GrpcLogAppender (LogUtils.java:warn(122)) - omNode-1@group-523986131536->omNode-3-AppendLogResponseHandler: Failed appendEntries: org.apache.ratis.thirdparty.io.grpc.StatusRuntimeException: UNAVAILABLE: io exception
2022-08-10 09:23:25,085 [grpc-default-executor-1] INFO  leader.FollowerInfo (FollowerInfoImpl.java:lambda$new$0(48)) - omNode-1@group-523986131536->omNode-3: nextIndex: updateUnconditionally 85 -> 45
2022-08-10 09:23:25,088 [grpc-default-executor-1] WARN  server.GrpcLogAppender (LogUtils.java:warn(122)) - omNode-1@group-523986131536->omNode-3-AppendLogResponseHandler: Failed appendEntries: org.apache.ratis.thirdparty.io.grpc.StatusRuntimeException: UNAVAILABLE: io exception
2022-08-10 09:23:25,088 [grpc-default-executor-1] INFO  leader.FollowerInfo (FollowerInfoImpl.java:lambda$new$0(48)) - omNode-1@group-523986131536->omNode-3: nextIndex: updateUnconditionally 86 -> 45
2022-08-10 09:23:25,094 [grpc-default-executor-1] WARN  server.GrpcLogAppender (LogUtils.java:warn(122)) - omNode-1@group-523986131536->omNode-3-AppendLogResponseHandler: Failed appendEntries: org.apache.ratis.thirdparty.io.grpc.StatusRuntimeException: UNAVAILABLE: io exception
2022-08-10 09:23:25,094 [grpc-default-executor-1] INFO  leader.FollowerInfo (FollowerInfoImpl.java:lambda$new$0(48)) - omNode-1@group-523986131536->omNode-3: nextIndex: updateUnconditionally 86 -> 45
2022-08-10 09:23:25,103 [grpc-default-executor-1] WARN  server.GrpcLogAppender (LogUtils.java:warn(122)) - omNode-1@group-523986131536->omNode-3-AppendLogResponseHandler: Failed appendEntries: org.apache.ratis.thirdparty.io.grpc.StatusRuntimeException: UNAVAILABLE: io exception
2022-08-10 09:23:25,103 [grpc-default-executor-1] INFO  leader.FollowerInfo (FollowerInfoImpl.java:lambda$new$0(48)) - omNode-1@group-523986131536->omNode-3: nextIndex: updateUnconditionally 87 -> 45
2022-08-10 09:23:25,118 [grpc-default-executor-1] WARN  server.GrpcLogAppender (LogUtils.java:warn(122)) - omNode-1@group-523986131536->omNode-3-AppendLogResponseHandler: Failed appendEntries: org.apache.ratis.thirdparty.io.grpc.StatusRuntimeException: UNAVAILABLE: io exception
2022-08-10 09:23:25,119 [grpc-default-executor-1] INFO  leader.FollowerInfo (FollowerInfoImpl.java:lambda$new$0(48)) - omNode-1@group-523986131536->omNode-3: nextIndex: updateUnconditionally 87 -> 45
2022-08-10 09:23:25,121 [grpc-default-executor-1] WARN  server.GrpcLogAppender (LogUtils.java:warn(122)) - omNode-1@group-523986131536->omNode-3-AppendLogResponseHandler: Failed appendEntries: org.apache.ratis.thirdparty.io.grpc.StatusRuntimeException: UNAVAILABLE: io exception
2022-08-10 09:23:25,122 [grpc-default-executor-1] INFO  leader.FollowerInfo (FollowerInfoImpl.java:lambda$new$0(48)) - omNode-1@group-523986131536->omNode-3: nextIndex: updateUnconditionally 87 -> 45
2022-08-10 09:23:25,141 [grpc-default-executor-1] WARN  server.GrpcLogAppender (LogUtils.java:warn(122)) - omNode-1@group-523986131536->omNode-3-AppendLogResponseHandler: Failed appendEntries: org.apache.ratis.thirdparty.io.grpc.StatusRuntimeException: UNAVAILABLE: io exception
2022-08-10 09:23:25,142 [grpc-default-executor-1] INFO  leader.FollowerInfo (FollowerInfoImpl.java:lambda$new$0(48)) - omNode-1@group-523986131536->omNode-3: nextIndex: updateUnconditionally 88 -> 45
2022-08-10 09:23:25,143 [UnderReplicatedQueueThreadThread] INFO  replication.UnderReplicatedProcessor (UnderReplicatedProcessor.java:processAll(85)) - Processed 0 under replicated containers, failed processing 0
2022-08-10 09:23:25,152 [grpc-default-executor-1] WARN  server.GrpcLogAppender (LogUtils.java:warn(122)) - omNode-1@group-523986131536->omNode-3-AppendLogResponseHandler: Failed appendEntries: org.apache.ratis.thirdparty.io.grpc.StatusRuntimeException: UNAVAILABLE: io exception
2022-08-10 09:23:25,152 [OverReplicatedQueueThreadThread] INFO  replication.OverReplicatedProcessor (OverReplicatedProcessor.java:processAll(83)) - Processed 0 over replicated containers, failed processing 0
2022-08-10 09:23:25,152 [grpc-default-executor-1] INFO  leader.FollowerInfo (FollowerInfoImpl.java:lambda$new$0(48)) - omNode-1@group-523986131536->omNode-3: nextIndex: updateUnconditionally 88 -> 45
2022-08-10 09:23:25,157 [grpc-default-executor-3] WARN  server.GrpcLogAppender (LogUtils.java:warn(122)) - omNode-1@group-523986131536->omNode-3-AppendLogResponseHandler: Failed appendEntries: org.apache.ratis.thirdparty.io.grpc.StatusRuntimeException: UNAVAILABLE: io exception
2022-08-10 09:23:25,158 [grpc-default-executor-3] INFO  leader.FollowerInfo (FollowerInfoImpl.java:lambda$new$0(48)) - omNode-1@group-523986131536->omNode-3: nextIndex: updateUnconditionally 89 -> 45
2022-08-10 09:23:25,165 [grpc-default-executor-3] WARN  server.GrpcLogAppender (LogUtils.java:warn(122)) - omNode-1@group-523986131536->omNode-3-AppendLogResponseHandler: Failed appendEntries: org.apache.ratis.thirdparty.io.grpc.StatusRuntimeException: UNAVAILABLE: io exception
2022-08-10 09:23:25,166 [grpc-default-executor-3] INFO  leader.FollowerInfo (FollowerInfoImpl.java:lambda$new$0(48)) - omNode-1@group-523986131536->omNode-3: nextIndex: updateUnconditionally 90 -> 45
2022-08-10 09:23:25,171 [grpc-default-executor-3] WARN  server.GrpcLogAppender (LogUtils.java:warn(122)) - omNode-1@group-523986131536->omNode-3-AppendLogResponseHandler: Failed appendEntries: org.apache.ratis.thirdparty.io.grpc.StatusRuntimeException: UNAVAILABLE: io exception
2022-08-10 09:23:25,172 [grpc-default-executor-3] INFO  leader.FollowerInfo (FollowerInfoImpl.java:lambda$new$0(48)) - omNode-1@group-523986131536->omNode-3: nextIndex: updateUnconditionally 90 -> 45
2022-08-10 09:23:25,189 [grpc-default-executor-1] WARN  server.GrpcLogAppender (LogUtils.java:warn(122)) - omNode-1@group-523986131536->omNode-3-AppendLogResponseHandler: Failed appendEntries: org.apache.ratis.thirdparty.io.grpc.StatusRuntimeException: UNAVAILABLE: io exception
2022-08-10 09:23:25,190 [grpc-default-executor-1] INFO  leader.FollowerInfo (FollowerInfoImpl.java:lambda$new$0(48)) - omNode-1@group-523986131536->omNode-3: nextIndex: updateUnconditionally 90 -> 45
2022-08-10 09:23:25,194 [grpc-default-executor-3] WARN  server.GrpcLogAppender (LogUtils.java:warn(122)) - omNode-1@group-523986131536->omNode-3-AppendLogResponseHandler: Failed appendEntries: org.apache.ratis.thirdparty.io.grpc.StatusRuntimeException: UNAVAILABLE: io exception
2022-08-10 09:23:25,195 [grpc-default-executor-3] INFO  leader.FollowerInfo (FollowerInfoImpl.java:lambda$new$0(48)) - omNode-1@group-523986131536->omNode-3: nextIndex: updateUnconditionally 91 -> 45
2022-08-10 09:23:25,218 [grpc-default-executor-3] WARN  server.GrpcLogAppender (LogUtils.java:warn(122)) - omNode-1@group-523986131536->omNode-3-AppendLogResponseHandler: Failed appendEntries: org.apache.ratis.thirdparty.io.grpc.StatusRuntimeException: UNAVAILABLE: io exception
2022-08-10 09:23:25,219 [grpc-default-executor-3] INFO  leader.FollowerInfo (FollowerInfoImpl.java:lambda$new$0(48)) - omNode-1@group-523986131536->omNode-3: nextIndex: updateUnconditionally 91 -> 45
2022-08-10 09:23:25,232 [grpc-default-executor-1] WARN  server.GrpcLogAppender (LogUtils.java:warn(122)) - omNode-1@group-523986131536->omNode-3-AppendLogResponseHandler: Failed appendEntries: org.apache.ratis.thirdparty.io.grpc.StatusRuntimeException: UNAVAILABLE: io exception
2022-08-10 09:23:25,232 [grpc-default-executor-1] INFO  leader.FollowerInfo (FollowerInfoImpl.java:lambda$new$0(48)) - omNode-1@group-523986131536->omNode-3: nextIndex: updateUnconditionally 92 -> 45
2022-08-10 09:23:25,248 [grpc-default-executor-1] WARN  server.GrpcLogAppender (LogUtils.java:warn(122)) - omNode-1@group-523986131536->omNode-3-AppendLogResponseHandler: Failed appendEntries: org.apache.ratis.thirdparty.io.grpc.StatusRuntimeException: UNAVAILABLE: io exception
2022-08-10 09:23:25,251 [grpc-default-executor-1] INFO  leader.FollowerInfo (FollowerInfoImpl.java:lambda$new$0(48)) - omNode-1@group-523986131536->omNode-3: nextIndex: updateUnconditionally 92 -> 45
2022-08-10 09:23:25,261 [grpc-default-executor-1] WARN  server.GrpcLogAppender (LogUtils.java:warn(122)) - omNode-1@group-523986131536->omNode-3-AppendLogResponseHandler: Failed appendEntries: org.apache.ratis.thirdparty.io.grpc.StatusRuntimeException: UNAVAILABLE: io exception
2022-08-10 09:23:25,262 [grpc-default-executor-1] INFO  leader.FollowerInfo (FollowerInfoImpl.java:lambda$new$0(48)) - omNode-1@group-523986131536->omNode-3: nextIndex: updateUnconditionally 94 -> 45
2022-08-10 09:23:25,264 [grpc-default-executor-1] WARN  server.GrpcLogAppender (LogUtils.java:warn(122)) - omNode-1@group-523986131536->omNode-3-AppendLogResponseHandler: Failed appendEntries: org.apache.ratis.thirdparty.io.grpc.StatusRuntimeException: UNAVAILABLE: io exception
2022-08-10 09:23:25,264 [grpc-default-executor-1] INFO  leader.FollowerInfo (FollowerInfoImpl.java:lambda$new$0(48)) - omNode-1@group-523986131536->omNode-3: nextIndex: updateUnconditionally 94 -> 45
2022-08-10 09:23:25,281 [grpc-default-executor-3] WARN  server.GrpcLogAppender (LogUtils.java:warn(122)) - omNode-1@group-523986131536->omNode-3-AppendLogResponseHandler: Failed appendEntries: org.apache.ratis.thirdparty.io.grpc.StatusRuntimeException: UNAVAILABLE: io exception
2022-08-10 09:23:25,281 [grpc-default-executor-3] INFO  leader.FollowerInfo (FollowerInfoImpl.java:lambda$new$0(48)) - omNode-1@group-523986131536->omNode-3: nextIndex: updateUnconditionally 94 -> 45
2022-08-10 09:23:25,300 [grpc-default-executor-3] WARN  server.GrpcLogAppender (LogUtils.java:warn(122)) - omNode-1@group-523986131536->omNode-3-AppendLogResponseHandler: Failed appendEntries: org.apache.ratis.thirdparty.io.grpc.StatusRuntimeException: UNAVAILABLE: io exception
2022-08-10 09:23:25,306 [grpc-default-executor-3] INFO  leader.FollowerInfo (FollowerInfoImpl.java:lambda$new$0(48)) - omNode-1@group-523986131536->omNode-3: nextIndex: updateUnconditionally 95 -> 45
2022-08-10 09:23:25,338 [Finalizer] WARN  managed.ManagedRocksObjectUtils (ManagedRocksObjectUtils.java:assertClosed(39)) - ManagedDBOptions is not closed properly
2022-08-10 09:23:25,338 [Finalizer] WARN  managed.ManagedRocksObjectUtils (ManagedRocksObjectUtils.java:assertClosed(39)) - ManagedColumnFamilyOptions is not closed properly
2022-08-10 09:23:25,339 [Finalizer] WARN  managed.ManagedRocksObjectUtils (ManagedRocksObjectUtils.java:assertClosed(39)) - ManagedLRUCache is not closed properly
2022-08-10 09:23:25,339 [Finalizer] WARN  managed.ManagedRocksObjectUtils (ManagedRocksObjectUtils.java:assertClosed(39)) - ManagedBloomFilter is not closed properly
2022-08-10 09:23:25,339 [Finalizer] WARN  managed.ManagedRocksObjectUtils (ManagedRocksObjectUtils.java:assertClosed(39)) - ManagedDBOptions is not closed properly
2022-08-10 09:23:25,339 [Finalizer] WARN  managed.ManagedRocksObjectUtils (ManagedRocksObjectUtils.java:assertClosed(39)) - ManagedColumnFamilyOptions is not closed properly
2022-08-10 09:23:25,339 [Finalizer] WARN  managed.ManagedRocksObjectUtils (ManagedRocksObjectUtils.java:assertClosed(39)) - ManagedLRUCache is not closed properly
2022-08-10 09:23:25,339 [Finalizer] WARN  managed.ManagedRocksObjectUtils (ManagedRocksObjectUtils.java:assertClosed(39)) - ManagedBloomFilter is not closed properly
2022-08-10 09:23:25,339 [Finalizer] WARN  managed.ManagedRocksObjectUtils (ManagedRocksObjectUtils.java:assertClosed(39)) - ManagedDBOptions is not closed properly
2022-08-10 09:23:25,339 [Finalizer] WARN  managed.ManagedRocksObjectUtils (ManagedRocksObjectUtils.java:assertClosed(39)) - ManagedColumnFamilyOptions is not closed properly
2022-08-10 09:23:25,339 [Finalizer] WARN  managed.ManagedRocksObjectUtils (ManagedRocksObjectUtils.java:assertClosed(39)) - ManagedLRUCache is not closed properly
2022-08-10 09:23:25,339 [Finalizer] WARN  managed.ManagedRocksObjectUtils (ManagedRocksObjectUtils.java:assertClosed(39)) - ManagedBloomFilter is not closed properly
2022-08-10 09:23:25,339 [Finalizer] WARN  managed.ManagedRocksObjectUtils (ManagedRocksObjectUtils.java:assertClosed(39)) - ManagedDBOptions is not closed properly
2022-08-10 09:23:25,339 [Finalizer] WARN  managed.ManagedRocksObjectUtils (ManagedRocksObjectUtils.java:assertClosed(39)) - ManagedColumnFamilyOptions is not closed properly
2022-08-10 09:23:25,340 [Finalizer] WARN  managed.ManagedRocksObjectUtils (ManagedRocksObjectUtils.java:assertClosed(39)) - ManagedLRUCache is not closed properly
2022-08-10 09:23:25,340 [Finalizer] WARN  managed.ManagedRocksObjectUtils (ManagedRocksObjectUtils.java:assertClosed(39)) - ManagedBloomFilter is not closed properly
2022-08-10 09:23:25,340 [Finalizer] WARN  managed.ManagedRocksObjectUtils (ManagedRocksObjectUtils.java:assertClosed(39)) - ManagedDBOptions is not closed properly
2022-08-10 09:23:25,340 [Finalizer] WARN  managed.ManagedRocksObjectUtils (ManagedRocksObjectUtils.java:assertClosed(39)) - ManagedColumnFamilyOptions is not closed properly
2022-08-10 09:23:25,340 [Finalizer] WARN  managed.ManagedRocksObjectUtils (ManagedRocksObjectUtils.java:assertClosed(39)) - ManagedLRUCache is not closed properly
2022-08-10 09:23:25,340 [Finalizer] WARN  managed.ManagedRocksObjectUtils (ManagedRocksObjectUtils.java:assertClosed(39)) - ManagedBloomFilter is not closed properly
2022-08-10 09:23:25,340 [Finalizer] WARN  managed.ManagedRocksObjectUtils (ManagedRocksObjectUtils.java:assertClosed(39)) - ManagedDBOptions is not closed properly
2022-08-10 09:23:25,340 [Finalizer] WARN  managed.ManagedRocksObjectUtils (ManagedRocksObjectUtils.java:assertClosed(39)) - ManagedColumnFamilyOptions is not closed properly
2022-08-10 09:23:25,340 [Finalizer] WARN  managed.ManagedRocksObjectUtils (ManagedRocksObjectUtils.java:assertClosed(39)) - ManagedLRUCache is not closed properly
2022-08-10 09:23:25,340 [Finalizer] WARN  managed.ManagedRocksObjectUtils (ManagedRocksObjectUtils.java:assertClosed(39)) - ManagedBloomFilter is not closed properly
2022-08-10 09:23:25,363 [grpc-default-executor-2] WARN  server.GrpcLogAppender (LogUtils.java:warn(122)) - omNode-1@group-523986131536->omNode-3-AppendLogResponseHandler: Failed appendEntries: org.apache.ratis.thirdparty.io.grpc.StatusRuntimeException: UNAVAILABLE: io exception
2022-08-10 09:23:25,364 [grpc-default-executor-2] INFO  leader.FollowerInfo (FollowerInfoImpl.java:lambda$new$0(48)) - omNode-1@group-523986131536->omNode-3: nextIndex: updateUnconditionally 95 -> 45
2022-08-10 09:23:25,368 [grpc-default-executor-2] WARN  server.GrpcLogAppender (LogUtils.java:warn(122)) - omNode-1@group-523986131536->omNode-3-AppendLogResponseHandler: Failed appendEntries: org.apache.ratis.thirdparty.io.grpc.StatusRuntimeException: UNAVAILABLE: io exception
2022-08-10 09:23:25,368 [grpc-default-executor-2] INFO  leader.FollowerInfo (FollowerInfoImpl.java:lambda$new$0(48)) - omNode-1@group-523986131536->omNode-3: nextIndex: updateUnconditionally 96 -> 45
2022-08-10 09:23:25,378 [EndpointStateMachine task thread for /0.0.0.0:42301 - 0 ] INFO  ipc.Client (Client.java:handleConnectionFailure(977)) - Retrying connect to server: 0.0.0.0/0.0.0.0:42301. Already tried 4 time(s); retry policy is RetryUpToMaximumCountWithFixedSleep(maxRetries=15, sleepTime=1000 MILLISECONDS)
2022-08-10 09:23:25,399 [grpc-default-executor-2] WARN  server.GrpcLogAppender (LogUtils.java:warn(122)) - omNode-1@group-523986131536->omNode-3-AppendLogResponseHandler: Failed appendEntries: org.apache.ratis.thirdparty.io.grpc.StatusRuntimeException: UNAVAILABLE: io exception
2022-08-10 09:23:25,400 [grpc-default-executor-2] INFO  leader.FollowerInfo (FollowerInfoImpl.java:lambda$new$0(48)) - omNode-1@group-523986131536->omNode-3: nextIndex: updateUnconditionally 96 -> 45
2022-08-10 09:23:25,422 [grpc-default-executor-3] WARN  server.GrpcLogAppender (LogUtils.java:warn(122)) - omNode-1@group-523986131536->omNode-3-AppendLogResponseHandler: Failed appendEntries: org.apache.ratis.thirdparty.io.grpc.StatusRuntimeException: UNAVAILABLE: io exception
2022-08-10 09:23:25,423 [grpc-default-executor-3] INFO  leader.FollowerInfo (FollowerInfoImpl.java:lambda$new$0(48)) - omNode-1@group-523986131536->omNode-3: nextIndex: updateUnconditionally 97 -> 45
2022-08-10 09:23:25,443 [grpc-default-executor-3] WARN  server.GrpcLogAppender (LogUtils.java:warn(122)) - omNode-1@group-523986131536->omNode-3-AppendLogResponseHandler: Failed appendEntries: org.apache.ratis.thirdparty.io.grpc.StatusRuntimeException: UNAVAILABLE: io exception
2022-08-10 09:23:25,445 [grpc-default-executor-3] INFO  leader.FollowerInfo (FollowerInfoImpl.java:lambda$new$0(48)) - omNode-1@group-523986131536->omNode-3: nextIndex: updateUnconditionally 98 -> 45
2022-08-10 09:23:25,445 [grpc-default-executor-3] WARN  server.GrpcLogAppender (LogUtils.java:warn(122)) - omNode-1@group-523986131536->omNode-3-AppendLogResponseHandler: Failed appendEntries: org.apache.ratis.thirdparty.io.grpc.StatusRuntimeException: UNAVAILABLE: io exception
2022-08-10 09:23:25,446 [grpc-default-executor-3] INFO  leader.FollowerInfo (FollowerInfoImpl.java:lambda$new$0(48)) - omNode-1@group-523986131536->omNode-3: nextIndex: updateUnconditionally 98 -> 45
2022-08-10 09:23:25,453 [grpc-default-executor-2] WARN  server.GrpcLogAppender (LogUtils.java:warn(122)) - omNode-1@group-523986131536->omNode-3-AppendLogResponseHandler: Failed appendEntries: org.apache.ratis.thirdparty.io.grpc.StatusRuntimeException: UNAVAILABLE: io exception
2022-08-10 09:23:25,453 [grpc-default-executor-2] INFO  leader.FollowerInfo (FollowerInfoImpl.java:lambda$new$0(48)) - omNode-1@group-523986131536->omNode-3: nextIndex: updateUnconditionally 99 -> 45
2022-08-10 09:23:25,463 [grpc-default-executor-2] WARN  server.GrpcLogAppender (LogUtils.java:warn(122)) - omNode-1@group-523986131536->omNode-3-AppendLogResponseHandler: Failed appendEntries: org.apache.ratis.thirdparty.io.grpc.StatusRuntimeException: UNAVAILABLE: io exception
2022-08-10 09:23:25,464 [grpc-default-executor-2] INFO  leader.FollowerInfo (FollowerInfoImpl.java:lambda$new$0(48)) - omNode-1@group-523986131536->omNode-3: nextIndex: updateUnconditionally 99 -> 45
2022-08-10 09:23:25,486 [grpc-default-executor-3] WARN  server.GrpcLogAppender (LogUtils.java:warn(122)) - omNode-1@group-523986131536->omNode-3-AppendLogResponseHandler: Failed appendEntries: org.apache.ratis.thirdparty.io.grpc.StatusRuntimeException: UNAVAILABLE: io exception
2022-08-10 09:23:25,487 [grpc-default-executor-3] INFO  leader.FollowerInfo (FollowerInfoImpl.java:lambda$new$0(48)) - omNode-1@group-523986131536->omNode-3: nextIndex: updateUnconditionally 99 -> 45
2022-08-10 09:23:25,505 [grpc-default-executor-3] WARN  server.GrpcLogAppender (LogUtils.java:warn(122)) - omNode-1@group-523986131536->omNode-3-AppendLogResponseHandler: Failed appendEntries: org.apache.ratis.thirdparty.io.grpc.StatusRuntimeException: UNAVAILABLE: io exception
2022-08-10 09:23:25,505 [grpc-default-executor-3] INFO  leader.FollowerInfo (FollowerInfoImpl.java:lambda$new$0(48)) - omNode-1@group-523986131536->omNode-3: nextIndex: updateUnconditionally 100 -> 45
2022-08-10 09:23:25,513 [grpc-default-executor-3] WARN  server.GrpcLogAppender (LogUtils.java:warn(122)) - omNode-1@group-523986131536->omNode-3-AppendLogResponseHandler: Failed appendEntries: org.apache.ratis.thirdparty.io.grpc.StatusRuntimeException: UNAVAILABLE: io exception
2022-08-10 09:23:25,514 [grpc-default-executor-3] INFO  leader.FollowerInfo (FollowerInfoImpl.java:lambda$new$0(48)) - omNode-1@group-523986131536->omNode-3: nextIndex: updateUnconditionally 100 -> 45
2022-08-10 09:23:25,525 [grpc-default-executor-2] WARN  server.GrpcLogAppender (LogUtils.java:warn(122)) - omNode-1@group-523986131536->omNode-3-AppendLogResponseHandler: Failed appendEntries: org.apache.ratis.thirdparty.io.grpc.StatusRuntimeException: UNAVAILABLE: io exception
2022-08-10 09:23:25,525 [grpc-default-executor-2] INFO  leader.FollowerInfo (FollowerInfoImpl.java:lambda$new$0(48)) - omNode-1@group-523986131536->omNode-3: nextIndex: updateUnconditionally 101 -> 45
2022-08-10 09:23:25,529 [omNode-1@group-523986131536-StateMachineUpdater] INFO  ratis.OzoneManagerStateMachine (OzoneManagerStateMachine.java:takeSnapshot(441)) - Current Snapshot Index (t:3, i:100)
2022-08-10 09:23:25,529 [omNode-1@group-523986131536-StateMachineUpdater] INFO  impl.StateMachineUpdater (StateMachineUpdater.java:takeSnapshot(287)) - omNode-1@group-523986131536-StateMachineUpdater: Took a snapshot at index 100
2022-08-10 09:23:25,529 [omNode-1@group-523986131536-StateMachineUpdater] INFO  impl.StateMachineUpdater (StateMachineUpdater.java:lambda$new$0(92)) - omNode-1@group-523986131536-StateMachineUpdater: snapshotIndex: updateIncreasingly 50 -> 100
2022-08-10 09:23:25,529 [omNode-1@group-523986131536-StateMachineUpdater] INFO  raftlog.RaftLog (RaftLogBase.java:purge(308)) - omNode-1@group-523986131536-SegmentedRaftLog: purge 100
2022-08-10 09:23:25,529 [omNode-1@group-523986131536-StateMachineUpdater] INFO  raftlog.RaftLog (RaftLogBase.java:lambda$new$0(53)) - omNode-1@group-523986131536-SegmentedRaftLog: snapshotIndex: updateIncreasingly 50 -> 100
2022-08-10 09:23:25,529 [omNode-1@group-523986131536-StateMachineUpdater] INFO  raftlog.RaftLog (RaftLogBase.java:lambda$new$0(53)) - omNode-1@group-523986131536-SegmentedRaftLog: purgeIndex: updateToMax old=50, new=100, updated? true
2022-08-10 09:23:25,529 [grpc-default-executor-2] WARN  server.GrpcLogAppender (LogUtils.java:warn(122)) - omNode-1@group-523986131536->omNode-3-AppendLogResponseHandler: Failed appendEntries: org.apache.ratis.thirdparty.io.grpc.StatusRuntimeException: UNAVAILABLE: io exception
2022-08-10 09:23:25,530 [grpc-default-executor-2] INFO  leader.FollowerInfo (FollowerInfoImpl.java:lambda$new$0(48)) - omNode-1@group-523986131536->omNode-3: nextIndex: updateUnconditionally 102 -> 45
2022-08-10 09:23:25,546 [grpc-default-executor-2] WARN  server.GrpcLogAppender (LogUtils.java:warn(122)) - omNode-1@group-523986131536->omNode-3-AppendLogResponseHandler: Failed appendEntries: org.apache.ratis.thirdparty.io.grpc.StatusRuntimeException: UNAVAILABLE: io exception
2022-08-10 09:23:25,547 [grpc-default-executor-2] INFO  leader.FollowerInfo (FollowerInfoImpl.java:lambda$new$0(48)) - omNode-1@group-523986131536->omNode-3: nextIndex: updateUnconditionally 103 -> 45
2022-08-10 09:23:25,560 [omNode-2@group-523986131536-StateMachineUpdater] INFO  ratis.OzoneManagerStateMachine (OzoneManagerStateMachine.java:takeSnapshot(441)) - Current Snapshot Index (t:3, i:101)
2022-08-10 09:23:25,560 [omNode-2@group-523986131536-StateMachineUpdater] INFO  impl.StateMachineUpdater (StateMachineUpdater.java:takeSnapshot(287)) - omNode-2@group-523986131536-StateMachineUpdater: Took a snapshot at index 101
2022-08-10 09:23:25,560 [omNode-2@group-523986131536-StateMachineUpdater] INFO  impl.StateMachineUpdater (StateMachineUpdater.java:lambda$new$0(92)) - omNode-2@group-523986131536-StateMachineUpdater: snapshotIndex: updateIncreasingly 50 -> 101
2022-08-10 09:23:25,560 [omNode-2@group-523986131536-StateMachineUpdater] INFO  raftlog.RaftLog (RaftLogBase.java:purge(308)) - omNode-2@group-523986131536-SegmentedRaftLog: purge 101
2022-08-10 09:23:25,560 [omNode-2@group-523986131536-StateMachineUpdater] INFO  raftlog.RaftLog (RaftLogBase.java:lambda$new$0(53)) - omNode-2@group-523986131536-SegmentedRaftLog: snapshotIndex: updateIncreasingly 50 -> 101
2022-08-10 09:23:25,560 [omNode-2@group-523986131536-StateMachineUpdater] INFO  raftlog.RaftLog (RaftLogBase.java:lambda$new$0(53)) - omNode-2@group-523986131536-SegmentedRaftLog: purgeIndex: updateToMax old=50, new=101, updated? true
2022-08-10 09:23:25,561 [grpc-default-executor-3] WARN  server.GrpcLogAppender (LogUtils.java:warn(122)) - omNode-1@group-523986131536->omNode-3-AppendLogResponseHandler: Failed appendEntries: org.apache.ratis.thirdparty.io.grpc.StatusRuntimeException: UNAVAILABLE: io exception
2022-08-10 09:23:25,561 [grpc-default-executor-3] INFO  leader.FollowerInfo (FollowerInfoImpl.java:lambda$new$0(48)) - omNode-1@group-523986131536->omNode-3: nextIndex: updateUnconditionally 103 -> 45
2022-08-10 09:23:25,570 [grpc-default-executor-1] WARN  server.GrpcLogAppender (LogUtils.java:warn(122)) - omNode-1@group-523986131536->omNode-3-AppendLogResponseHandler: Failed appendEntries: org.apache.ratis.thirdparty.io.grpc.StatusRuntimeException: UNAVAILABLE: io exception
2022-08-10 09:23:25,570 [grpc-default-executor-1] INFO  leader.FollowerInfo (FollowerInfoImpl.java:lambda$new$0(48)) - omNode-1@group-523986131536->omNode-3: nextIndex: updateUnconditionally 104 -> 45
2022-08-10 09:23:25,585 [grpc-default-executor-3] WARN  server.GrpcLogAppender (LogUtils.java:warn(122)) - omNode-1@group-523986131536->omNode-3-AppendLogResponseHandler: Failed appendEntries: org.apache.ratis.thirdparty.io.grpc.StatusRuntimeException: UNAVAILABLE: io exception
2022-08-10 09:23:25,585 [grpc-default-executor-3] INFO  leader.FollowerInfo (FollowerInfoImpl.java:lambda$new$0(48)) - omNode-1@group-523986131536->omNode-3: nextIndex: updateUnconditionally 104 -> 45
2022-08-10 09:23:25,587 [grpc-default-executor-3] WARN  server.GrpcLogAppender (LogUtils.java:warn(122)) - omNode-1@group-523986131536->omNode-3-AppendLogResponseHandler: Failed appendEntries: org.apache.ratis.thirdparty.io.grpc.StatusRuntimeException: UNAVAILABLE: io exception
2022-08-10 09:23:25,587 [grpc-default-executor-3] INFO  leader.FollowerInfo (FollowerInfoImpl.java:lambda$new$0(48)) - omNode-1@group-523986131536->omNode-3: nextIndex: updateUnconditionally 106 -> 45
2022-08-10 09:23:25,598 [grpc-default-executor-1] WARN  server.GrpcLogAppender (LogUtils.java:warn(122)) - omNode-1@group-523986131536->omNode-3-AppendLogResponseHandler: Failed appendEntries: org.apache.ratis.thirdparty.io.grpc.StatusRuntimeException: UNAVAILABLE: io exception
2022-08-10 09:23:25,599 [grpc-default-executor-1] INFO  leader.FollowerInfo (FollowerInfoImpl.java:lambda$new$0(48)) - omNode-1@group-523986131536->omNode-3: nextIndex: updateUnconditionally 106 -> 45
2022-08-10 09:23:25,608 [grpc-default-executor-1] WARN  server.GrpcLogAppender (LogUtils.java:warn(122)) - omNode-1@group-523986131536->omNode-3-AppendLogResponseHandler: Failed appendEntries: org.apache.ratis.thirdparty.io.grpc.StatusRuntimeException: UNAVAILABLE: io exception
2022-08-10 09:23:25,608 [grpc-default-executor-1] INFO  leader.FollowerInfo (FollowerInfoImpl.java:lambda$new$0(48)) - omNode-1@group-523986131536->omNode-3: nextIndex: updateUnconditionally 107 -> 45
2022-08-10 09:23:25,620 [grpc-default-executor-3] WARN  server.GrpcLogAppender (LogUtils.java:warn(122)) - omNode-1@group-523986131536->omNode-3-AppendLogResponseHandler: Failed appendEntries: org.apache.ratis.thirdparty.io.grpc.StatusRuntimeException: UNAVAILABLE: io exception
2022-08-10 09:23:25,620 [grpc-default-executor-3] INFO  leader.FollowerInfo (FollowerInfoImpl.java:lambda$new$0(48)) - omNode-1@group-523986131536->omNode-3: nextIndex: updateUnconditionally 107 -> 45
2022-08-10 09:23:25,635 [grpc-default-executor-3] WARN  server.GrpcLogAppender (LogUtils.java:warn(122)) - omNode-1@group-523986131536->omNode-3-AppendLogResponseHandler: Failed appendEntries: org.apache.ratis.thirdparty.io.grpc.StatusRuntimeException: UNAVAILABLE: io exception
2022-08-10 09:23:25,636 [grpc-default-executor-3] INFO  leader.FollowerInfo (FollowerInfoImpl.java:lambda$new$0(48)) - omNode-1@group-523986131536->omNode-3: nextIndex: updateUnconditionally 108 -> 45
2022-08-10 09:23:25,650 [grpc-default-executor-1] WARN  server.GrpcLogAppender (LogUtils.java:warn(122)) - omNode-1@group-523986131536->omNode-3-AppendLogResponseHandler: Failed appendEntries: org.apache.ratis.thirdparty.io.grpc.StatusRuntimeException: UNAVAILABLE: io exception
2022-08-10 09:23:25,650 [grpc-default-executor-1] INFO  leader.FollowerInfo (FollowerInfoImpl.java:lambda$new$0(48)) - omNode-1@group-523986131536->omNode-3: nextIndex: updateUnconditionally 108 -> 45
2022-08-10 09:23:25,653 [grpc-default-executor-3] WARN  server.GrpcLogAppender (LogUtils.java:warn(122)) - omNode-1@group-523986131536->omNode-3-AppendLogResponseHandler: Failed appendEntries: org.apache.ratis.thirdparty.io.grpc.StatusRuntimeException: UNAVAILABLE: io exception
2022-08-10 09:23:25,653 [grpc-default-executor-3] INFO  leader.FollowerInfo (FollowerInfoImpl.java:lambda$new$0(48)) - omNode-1@group-523986131536->omNode-3: nextIndex: updateUnconditionally 110 -> 45
2022-08-10 09:23:25,661 [grpc-default-executor-3] WARN  server.GrpcLogAppender (LogUtils.java:warn(122)) - omNode-1@group-523986131536->omNode-3-AppendLogResponseHandler: Failed appendEntries: org.apache.ratis.thirdparty.io.grpc.StatusRuntimeException: UNAVAILABLE: io exception
2022-08-10 09:23:25,661 [grpc-default-executor-3] INFO  leader.FollowerInfo (FollowerInfoImpl.java:lambda$new$0(48)) - omNode-1@group-523986131536->omNode-3: nextIndex: updateUnconditionally 110 -> 45
2022-08-10 09:23:25,669 [grpc-default-executor-3] WARN  server.GrpcLogAppender (LogUtils.java:warn(122)) - omNode-1@group-523986131536->omNode-3-AppendLogResponseHandler: Failed appendEntries: org.apache.ratis.thirdparty.io.grpc.StatusRuntimeException: UNAVAILABLE: io exception
2022-08-10 09:23:25,669 [grpc-default-executor-3] INFO  leader.FollowerInfo (FollowerInfoImpl.java:lambda$new$0(48)) - omNode-1@group-523986131536->omNode-3: nextIndex: updateUnconditionally 111 -> 45
2022-08-10 09:23:25,685 [grpc-default-executor-3] WARN  server.GrpcLogAppender (LogUtils.java:warn(122)) - omNode-1@group-523986131536->omNode-3-AppendLogResponseHandler: Failed appendEntries: org.apache.ratis.thirdparty.io.grpc.StatusRuntimeException: UNAVAILABLE: io exception
2022-08-10 09:23:25,686 [grpc-default-executor-3] INFO  leader.FollowerInfo (FollowerInfoImpl.java:lambda$new$0(48)) - omNode-1@group-523986131536->omNode-3: nextIndex: updateUnconditionally 111 -> 45
2022-08-10 09:23:25,692 [grpc-default-executor-1] WARN  server.GrpcLogAppender (LogUtils.java:warn(122)) - omNode-1@group-523986131536->omNode-3-AppendLogResponseHandler: Failed appendEntries: org.apache.ratis.thirdparty.io.grpc.StatusRuntimeException: UNAVAILABLE: io exception
2022-08-10 09:23:25,693 [grpc-default-executor-1] INFO  leader.FollowerInfo (FollowerInfoImpl.java:lambda$new$0(48)) - omNode-1@group-523986131536->omNode-3: nextIndex: updateUnconditionally 112 -> 45
2022-08-10 09:23:25,709 [grpc-default-executor-1] WARN  server.GrpcLogAppender (LogUtils.java:warn(122)) - omNode-1@group-523986131536->omNode-3-AppendLogResponseHandler: Failed appendEntries: org.apache.ratis.thirdparty.io.grpc.StatusRuntimeException: UNAVAILABLE: io exception
2022-08-10 09:23:25,709 [grpc-default-executor-1] INFO  leader.FollowerInfo (FollowerInfoImpl.java:lambda$new$0(48)) - omNode-1@group-523986131536->omNode-3: nextIndex: updateUnconditionally 112 -> 45
2022-08-10 09:23:25,712 [grpc-default-executor-3] WARN  server.GrpcLogAppender (LogUtils.java:warn(122)) - omNode-1@group-523986131536->omNode-3-AppendLogResponseHandler: Failed appendEntries: org.apache.ratis.thirdparty.io.grpc.StatusRuntimeException: UNAVAILABLE: io exception
2022-08-10 09:23:25,713 [grpc-default-executor-3] INFO  leader.FollowerInfo (FollowerInfoImpl.java:lambda$new$0(48)) - omNode-1@group-523986131536->omNode-3: nextIndex: updateUnconditionally 114 -> 45
2022-08-10 09:23:25,725 [grpc-default-executor-3] WARN  server.GrpcLogAppender (LogUtils.java:warn(122)) - omNode-1@group-523986131536->omNode-3-AppendLogResponseHandler: Failed appendEntries: org.apache.ratis.thirdparty.io.grpc.StatusRuntimeException: UNAVAILABLE: io exception
2022-08-10 09:23:25,725 [grpc-default-executor-3] INFO  leader.FollowerInfo (FollowerInfoImpl.java:lambda$new$0(48)) - omNode-1@group-523986131536->omNode-3: nextIndex: updateUnconditionally 114 -> 45
2022-08-10 09:23:25,738 [grpc-default-executor-3] WARN  server.GrpcLogAppender (LogUtils.java:warn(122)) - omNode-1@group-523986131536->omNode-3-AppendLogResponseHandler: Failed appendEntries: org.apache.ratis.thirdparty.io.grpc.StatusRuntimeException: UNAVAILABLE: io exception
2022-08-10 09:23:25,738 [grpc-default-executor-3] INFO  leader.FollowerInfo (FollowerInfoImpl.java:lambda$new$0(48)) - omNode-1@group-523986131536->omNode-3: nextIndex: updateUnconditionally 115 -> 45
2022-08-10 09:23:25,741 [grpc-default-executor-3] WARN  server.GrpcLogAppender (LogUtils.java:warn(122)) - omNode-1@group-523986131536->omNode-3-AppendLogResponseHandler: Failed appendEntries: org.apache.ratis.thirdparty.io.grpc.StatusRuntimeException: UNAVAILABLE: io exception
2022-08-10 09:23:25,742 [grpc-default-executor-3] INFO  leader.FollowerInfo (FollowerInfoImpl.java:lambda$new$0(48)) - omNode-1@group-523986131536->omNode-3: nextIndex: updateUnconditionally 115 -> 45
2022-08-10 09:23:25,747 [grpc-default-executor-1] WARN  server.GrpcLogAppender (LogUtils.java:warn(122)) - omNode-1@group-523986131536->omNode-3-AppendLogResponseHandler: Failed appendEntries: org.apache.ratis.thirdparty.io.grpc.StatusRuntimeException: UNAVAILABLE: io exception
2022-08-10 09:23:25,747 [grpc-default-executor-1] INFO  leader.FollowerInfo (FollowerInfoImpl.java:lambda$new$0(48)) - omNode-1@group-523986131536->omNode-3: nextIndex: updateUnconditionally 116 -> 45
2022-08-10 09:23:25,761 [grpc-default-executor-1] WARN  server.GrpcLogAppender (LogUtils.java:warn(122)) - omNode-1@group-523986131536->omNode-3-AppendLogResponseHandler: Failed appendEntries: org.apache.ratis.thirdparty.io.grpc.StatusRuntimeException: UNAVAILABLE: io exception
2022-08-10 09:23:25,761 [grpc-default-executor-1] INFO  leader.FollowerInfo (FollowerInfoImpl.java:lambda$new$0(48)) - omNode-1@group-523986131536->omNode-3: nextIndex: updateUnconditionally 116 -> 45
2022-08-10 09:23:25,763 [grpc-default-executor-1] WARN  server.GrpcLogAppender (LogUtils.java:warn(122)) - omNode-1@group-523986131536->omNode-3-AppendLogResponseHandler: Failed appendEntries: org.apache.ratis.thirdparty.io.grpc.StatusRuntimeException: UNAVAILABLE: io exception
2022-08-10 09:23:25,763 [grpc-default-executor-1] INFO  leader.FollowerInfo (FollowerInfoImpl.java:lambda$new$0(48)) - omNode-1@group-523986131536->omNode-3: nextIndex: updateUnconditionally 118 -> 45
2022-08-10 09:23:25,771 [grpc-default-executor-1] WARN  server.GrpcLogAppender (LogUtils.java:warn(122)) - omNode-1@group-523986131536->omNode-3-AppendLogResponseHandler: Failed appendEntries: org.apache.ratis.thirdparty.io.grpc.StatusRuntimeException: UNAVAILABLE: io exception
2022-08-10 09:23:25,775 [grpc-default-executor-1] INFO  leader.FollowerInfo (FollowerInfoImpl.java:lambda$new$0(48)) - omNode-1@group-523986131536->omNode-3: nextIndex: updateUnconditionally 118 -> 45
2022-08-10 09:23:25,782 [grpc-default-executor-3] WARN  server.GrpcLogAppender (LogUtils.java:warn(122)) - omNode-1@group-523986131536->omNode-3-AppendLogResponseHandler: Failed appendEntries: org.apache.ratis.thirdparty.io.grpc.StatusRuntimeException: UNAVAILABLE: io exception
2022-08-10 09:23:25,782 [grpc-default-executor-3] INFO  leader.FollowerInfo (FollowerInfoImpl.java:lambda$new$0(48)) - omNode-1@group-523986131536->omNode-3: nextIndex: updateUnconditionally 119 -> 45
2022-08-10 09:23:25,788 [grpc-default-executor-1] WARN  server.GrpcLogAppender (LogUtils.java:warn(122)) - omNode-1@group-523986131536->omNode-3-AppendLogResponseHandler: Failed appendEntries: org.apache.ratis.thirdparty.io.grpc.StatusRuntimeException: UNAVAILABLE: io exception
2022-08-10 09:23:25,788 [grpc-default-executor-1] INFO  leader.FollowerInfo (FollowerInfoImpl.java:lambda$new$0(48)) - omNode-1@group-523986131536->omNode-3: nextIndex: updateUnconditionally 119 -> 45
2022-08-10 09:23:25,797 [grpc-default-executor-3] WARN  server.GrpcLogAppender (LogUtils.java:warn(122)) - omNode-1@group-523986131536->omNode-3-AppendLogResponseHandler: Failed appendEntries: org.apache.ratis.thirdparty.io.grpc.StatusRuntimeException: UNAVAILABLE: io exception
2022-08-10 09:23:25,797 [grpc-default-executor-3] INFO  leader.FollowerInfo (FollowerInfoImpl.java:lambda$new$0(48)) - omNode-1@group-523986131536->omNode-3: nextIndex: updateUnconditionally 120 -> 45
2022-08-10 09:23:25,804 [grpc-default-executor-1] WARN  server.GrpcLogAppender (LogUtils.java:warn(122)) - omNode-1@group-523986131536->omNode-3-AppendLogResponseHandler: Failed appendEntries: org.apache.ratis.thirdparty.io.grpc.StatusRuntimeException: UNAVAILABLE: io exception
2022-08-10 09:23:25,804 [grpc-default-executor-1] INFO  leader.FollowerInfo (FollowerInfoImpl.java:lambda$new$0(48)) - omNode-1@group-523986131536->omNode-3: nextIndex: updateUnconditionally 120 -> 45
2022-08-10 09:23:25,809 [grpc-default-executor-1] WARN  server.GrpcLogAppender (LogUtils.java:warn(122)) - omNode-1@group-523986131536->omNode-3-AppendLogResponseHandler: Failed appendEntries: org.apache.ratis.thirdparty.io.grpc.StatusRuntimeException: UNAVAILABLE: io exception
2022-08-10 09:23:25,810 [grpc-default-executor-1] INFO  leader.FollowerInfo (FollowerInfoImpl.java:lambda$new$0(48)) - omNode-1@group-523986131536->omNode-3: nextIndex: updateUnconditionally 122 -> 45
2022-08-10 09:23:25,817 [grpc-default-executor-1] WARN  server.GrpcLogAppender (LogUtils.java:warn(122)) - omNode-1@group-523986131536->omNode-3-AppendLogResponseHandler: Failed appendEntries: org.apache.ratis.thirdparty.io.grpc.StatusRuntimeException: UNAVAILABLE: io exception
2022-08-10 09:23:25,817 [grpc-default-executor-1] INFO  leader.FollowerInfo (FollowerInfoImpl.java:lambda$new$0(48)) - omNode-1@group-523986131536->omNode-3: nextIndex: updateUnconditionally 122 -> 45
2022-08-10 09:23:25,819 [grpc-default-executor-1] WARN  server.GrpcLogAppender (LogUtils.java:warn(122)) - omNode-1@group-523986131536->omNode-3-AppendLogResponseHandler: Failed appendEntries: org.apache.ratis.thirdparty.io.grpc.StatusRuntimeException: UNAVAILABLE: io exception
2022-08-10 09:23:25,819 [grpc-default-executor-1] INFO  leader.FollowerInfo (FollowerInfoImpl.java:lambda$new$0(48)) - omNode-1@group-523986131536->omNode-3: nextIndex: updateUnconditionally 123 -> 45
2022-08-10 09:23:25,842 [grpc-default-executor-3] WARN  server.GrpcLogAppender (LogUtils.java:warn(122)) - omNode-1@group-523986131536->omNode-3-AppendLogResponseHandler: Failed appendEntries: org.apache.ratis.thirdparty.io.grpc.StatusRuntimeException: UNAVAILABLE: io exception
2022-08-10 09:23:25,843 [grpc-default-executor-3] INFO  leader.FollowerInfo (FollowerInfoImpl.java:lambda$new$0(48)) - omNode-1@group-523986131536->omNode-3: nextIndex: updateUnconditionally 123 -> 45
2022-08-10 09:23:25,854 [grpc-default-executor-1] WARN  server.GrpcLogAppender (LogUtils.java:warn(122)) - omNode-1@group-523986131536->omNode-3-AppendLogResponseHandler: Failed appendEntries: org.apache.ratis.thirdparty.io.grpc.StatusRuntimeException: UNAVAILABLE: io exception
2022-08-10 09:23:25,855 [grpc-default-executor-1] INFO  leader.FollowerInfo (FollowerInfoImpl.java:lambda$new$0(48)) - omNode-1@group-523986131536->omNode-3: nextIndex: updateUnconditionally 124 -> 45
2022-08-10 09:23:25,862 [grpc-default-executor-3] WARN  server.GrpcLogAppender (LogUtils.java:warn(122)) - omNode-1@group-523986131536->omNode-3-AppendLogResponseHandler: Failed appendEntries: org.apache.ratis.thirdparty.io.grpc.StatusRuntimeException: UNAVAILABLE: io exception
2022-08-10 09:23:25,866 [grpc-default-executor-3] INFO  leader.FollowerInfo (FollowerInfoImpl.java:lambda$new$0(48)) - omNode-1@group-523986131536->omNode-3: nextIndex: updateUnconditionally 124 -> 45
2022-08-10 09:23:25,866 [grpc-default-executor-3] WARN  server.GrpcLogAppender (LogUtils.java:warn(122)) - omNode-1@group-523986131536->omNode-3-AppendLogResponseHandler: Failed appendEntries: org.apache.ratis.thirdparty.io.grpc.StatusRuntimeException: UNAVAILABLE: io exception
2022-08-10 09:23:25,867 [grpc-default-executor-3] INFO  leader.FollowerInfo (FollowerInfoImpl.java:lambda$new$0(48)) - omNode-1@group-523986131536->omNode-3: nextIndex: updateUnconditionally 125 -> 45
2022-08-10 09:23:25,870 [grpc-default-executor-1] WARN  server.GrpcLogAppender (LogUtils.java:warn(122)) - omNode-1@group-523986131536->omNode-3-AppendLogResponseHandler: Failed appendEntries: org.apache.ratis.thirdparty.io.grpc.StatusRuntimeException: UNAVAILABLE: io exception
2022-08-10 09:23:25,870 [grpc-default-executor-1] INFO  leader.FollowerInfo (FollowerInfoImpl.java:lambda$new$0(48)) - omNode-1@group-523986131536->omNode-3: nextIndex: updateUnconditionally 126 -> 45
2022-08-10 09:23:25,872 [grpc-default-executor-1] WARN  server.GrpcLogAppender (LogUtils.java:warn(122)) - omNode-1@group-523986131536->omNode-3-AppendLogResponseHandler: Failed appendEntries: org.apache.ratis.thirdparty.io.grpc.StatusRuntimeException: UNAVAILABLE: io exception
2022-08-10 09:23:25,872 [grpc-default-executor-1] INFO  leader.FollowerInfo (FollowerInfoImpl.java:lambda$new$0(48)) - omNode-1@group-523986131536->omNode-3: nextIndex: updateUnconditionally 126 -> 45
2022-08-10 09:23:25,888 [grpc-default-executor-1] WARN  server.GrpcLogAppender (LogUtils.java:warn(122)) - omNode-1@group-523986131536->omNode-3-AppendLogResponseHandler: Failed appendEntries: org.apache.ratis.thirdparty.io.grpc.StatusRuntimeException: UNAVAILABLE: io exception
2022-08-10 09:23:25,888 [grpc-default-executor-1] INFO  leader.FollowerInfo (FollowerInfoImpl.java:lambda$new$0(48)) - omNode-1@group-523986131536->omNode-3: nextIndex: updateUnconditionally 127 -> 45
2022-08-10 09:23:25,906 [grpc-default-executor-3] WARN  server.GrpcLogAppender (LogUtils.java:warn(122)) - omNode-1@group-523986131536->omNode-3-AppendLogResponseHandler: Failed appendEntries: org.apache.ratis.thirdparty.io.grpc.StatusRuntimeException: UNAVAILABLE: io exception
2022-08-10 09:23:25,906 [grpc-default-executor-3] INFO  leader.FollowerInfo (FollowerInfoImpl.java:lambda$new$0(48)) - omNode-1@group-523986131536->omNode-3: nextIndex: updateUnconditionally 127 -> 45
2022-08-10 09:23:25,907 [grpc-default-executor-1] WARN  server.GrpcLogAppender (LogUtils.java:warn(122)) - omNode-1@group-523986131536->omNode-3-AppendLogResponseHandler: Failed appendEntries: org.apache.ratis.thirdparty.io.grpc.StatusRuntimeException: UNAVAILABLE: io exception
2022-08-10 09:23:25,908 [grpc-default-executor-1] INFO  leader.FollowerInfo (FollowerInfoImpl.java:lambda$new$0(48)) - omNode-1@group-523986131536->omNode-3: nextIndex: updateUnconditionally 127 -> 45
2022-08-10 09:23:25,912 [grpc-default-executor-1] WARN  server.GrpcLogAppender (LogUtils.java:warn(122)) - omNode-1@group-523986131536->omNode-3-AppendLogResponseHandler: Failed appendEntries: org.apache.ratis.thirdparty.io.grpc.StatusRuntimeException: UNAVAILABLE: io exception
2022-08-10 09:23:25,912 [grpc-default-executor-1] INFO  leader.FollowerInfo (FollowerInfoImpl.java:lambda$new$0(48)) - omNode-1@group-523986131536->omNode-3: nextIndex: updateUnconditionally 128 -> 45
2022-08-10 09:23:25,918 [grpc-default-executor-3] WARN  server.GrpcLogAppender (LogUtils.java:warn(122)) - omNode-1@group-523986131536->omNode-3-AppendLogResponseHandler: Failed appendEntries: org.apache.ratis.thirdparty.io.grpc.StatusRuntimeException: UNAVAILABLE: io exception
2022-08-10 09:23:25,918 [grpc-default-executor-3] INFO  leader.FollowerInfo (FollowerInfoImpl.java:lambda$new$0(48)) - omNode-1@group-523986131536->omNode-3: nextIndex: updateUnconditionally 128 -> 45
2022-08-10 09:23:25,928 [grpc-default-executor-3] WARN  server.GrpcLogAppender (LogUtils.java:warn(122)) - omNode-1@group-523986131536->omNode-3-AppendLogResponseHandler: Failed appendEntries: org.apache.ratis.thirdparty.io.grpc.StatusRuntimeException: UNAVAILABLE: io exception
2022-08-10 09:23:25,928 [grpc-default-executor-3] INFO  leader.FollowerInfo (FollowerInfoImpl.java:lambda$new$0(48)) - omNode-1@group-523986131536->omNode-3: nextIndex: updateUnconditionally 130 -> 45
2022-08-10 09:23:25,938 [grpc-default-executor-3] WARN  server.GrpcLogAppender (LogUtils.java:warn(122)) - omNode-1@group-523986131536->omNode-3-AppendLogResponseHandler: Failed appendEntries: org.apache.ratis.thirdparty.io.grpc.StatusRuntimeException: UNAVAILABLE: io exception
2022-08-10 09:23:25,938 [grpc-default-executor-3] INFO  leader.FollowerInfo (FollowerInfoImpl.java:lambda$new$0(48)) - omNode-1@group-523986131536->omNode-3: nextIndex: updateUnconditionally 130 -> 45
2022-08-10 09:23:25,939 [grpc-default-executor-3] WARN  server.GrpcLogAppender (LogUtils.java:warn(122)) - omNode-1@group-523986131536->omNode-3-AppendLogResponseHandler: Failed appendEntries: org.apache.ratis.thirdparty.io.grpc.StatusRuntimeException: UNAVAILABLE: io exception
2022-08-10 09:23:25,940 [grpc-default-executor-3] INFO  leader.FollowerInfo (FollowerInfoImpl.java:lambda$new$0(48)) - omNode-1@group-523986131536->omNode-3: nextIndex: updateUnconditionally 130 -> 45
2022-08-10 09:23:25,951 [grpc-default-executor-3] WARN  server.GrpcLogAppender (LogUtils.java:warn(122)) - omNode-1@group-523986131536->omNode-3-AppendLogResponseHandler: Failed appendEntries: org.apache.ratis.thirdparty.io.grpc.StatusRuntimeException: UNAVAILABLE: io exception
2022-08-10 09:23:25,952 [grpc-default-executor-3] INFO  leader.FollowerInfo (FollowerInfoImpl.java:lambda$new$0(48)) - omNode-1@group-523986131536->omNode-3: nextIndex: updateUnconditionally 131 -> 45
2022-08-10 09:23:25,953 [grpc-default-executor-3] WARN  server.GrpcLogAppender (LogUtils.java:warn(122)) - omNode-1@group-523986131536->omNode-3-AppendLogResponseHandler: Failed appendEntries: org.apache.ratis.thirdparty.io.grpc.StatusRuntimeException: UNAVAILABLE: io exception
2022-08-10 09:23:25,954 [grpc-default-executor-3] INFO  leader.FollowerInfo (FollowerInfoImpl.java:lambda$new$0(48)) - omNode-1@group-523986131536->omNode-3: nextIndex: updateUnconditionally 131 -> 45
2022-08-10 09:23:25,964 [grpc-default-executor-1] WARN  server.GrpcLogAppender (LogUtils.java:warn(122)) - omNode-1@group-523986131536->omNode-3-AppendLogResponseHandler: Failed appendEntries: org.apache.ratis.thirdparty.io.grpc.StatusRuntimeException: UNAVAILABLE: io exception
2022-08-10 09:23:25,965 [grpc-default-executor-1] INFO  leader.FollowerInfo (FollowerInfoImpl.java:lambda$new$0(48)) - omNode-1@group-523986131536->omNode-3: nextIndex: updateUnconditionally 131 -> 45
2022-08-10 09:23:25,983 [grpc-default-executor-1] WARN  server.GrpcLogAppender (LogUtils.java:warn(122)) - omNode-1@group-523986131536->omNode-3-AppendLogResponseHandler: Failed appendEntries: org.apache.ratis.thirdparty.io.grpc.StatusRuntimeException: UNAVAILABLE: io exception
2022-08-10 09:23:25,984 [grpc-default-executor-1] INFO  leader.FollowerInfo (FollowerInfoImpl.java:lambda$new$0(48)) - omNode-1@group-523986131536->omNode-3: nextIndex: updateUnconditionally 132 -> 45
2022-08-10 09:23:25,988 [grpc-default-executor-3] WARN  server.GrpcLogAppender (LogUtils.java:warn(122)) - omNode-1@group-523986131536->omNode-3-AppendLogResponseHandler: Failed appendEntries: org.apache.ratis.thirdparty.io.grpc.StatusRuntimeException: UNAVAILABLE: io exception
2022-08-10 09:23:25,992 [grpc-default-executor-3] INFO  leader.FollowerInfo (FollowerInfoImpl.java:lambda$new$0(48)) - omNode-1@group-523986131536->omNode-3: nextIndex: updateUnconditionally 132 -> 45
2022-08-10 09:23:25,994 [grpc-default-executor-3] WARN  server.GrpcLogAppender (LogUtils.java:warn(122)) - omNode-1@group-523986131536->omNode-3-AppendLogResponseHandler: Failed appendEntries: org.apache.ratis.thirdparty.io.grpc.StatusRuntimeException: UNAVAILABLE: io exception
2022-08-10 09:23:25,994 [grpc-default-executor-3] INFO  leader.FollowerInfo (FollowerInfoImpl.java:lambda$new$0(48)) - omNode-1@group-523986131536->omNode-3: nextIndex: updateUnconditionally 134 -> 45
2022-08-10 09:23:25,999 [grpc-default-executor-3] WARN  server.GrpcLogAppender (LogUtils.java:warn(122)) - omNode-1@group-523986131536->omNode-3-AppendLogResponseHandler: Failed appendEntries: org.apache.ratis.thirdparty.io.grpc.StatusRuntimeException: UNAVAILABLE: io exception
2022-08-10 09:23:25,999 [grpc-default-executor-3] INFO  leader.FollowerInfo (FollowerInfoImpl.java:lambda$new$0(48)) - omNode-1@group-523986131536->omNode-3: nextIndex: updateUnconditionally 134 -> 45
2022-08-10 09:23:26,004 [grpc-default-executor-1] WARN  server.GrpcLogAppender (LogUtils.java:warn(122)) - omNode-1@group-523986131536->omNode-3-AppendLogResponseHandler: Failed appendEntries: org.apache.ratis.thirdparty.io.grpc.StatusRuntimeException: UNAVAILABLE: io exception
2022-08-10 09:23:26,005 [grpc-default-executor-1] INFO  leader.FollowerInfo (FollowerInfoImpl.java:lambda$new$0(48)) - omNode-1@group-523986131536->omNode-3: nextIndex: updateUnconditionally 134 -> 45
2022-08-10 09:23:26,011 [grpc-default-executor-1] WARN  server.GrpcLogAppender (LogUtils.java:warn(122)) - omNode-1@group-523986131536->omNode-3-AppendLogResponseHandler: Failed appendEntries: org.apache.ratis.thirdparty.io.grpc.StatusRuntimeException: UNAVAILABLE: io exception
2022-08-10 09:23:26,011 [grpc-default-executor-1] INFO  leader.FollowerInfo (FollowerInfoImpl.java:lambda$new$0(48)) - omNode-1@group-523986131536->omNode-3: nextIndex: updateUnconditionally 135 -> 45
2022-08-10 09:23:26,032 [grpc-default-executor-3] WARN  server.GrpcLogAppender (LogUtils.java:warn(122)) - omNode-1@group-523986131536->omNode-3-AppendLogResponseHandler: Failed appendEntries: org.apache.ratis.thirdparty.io.grpc.StatusRuntimeException: UNAVAILABLE: io exception
2022-08-10 09:23:26,033 [grpc-default-executor-3] INFO  leader.FollowerInfo (FollowerInfoImpl.java:lambda$new$0(48)) - omNode-1@group-523986131536->omNode-3: nextIndex: updateUnconditionally 135 -> 45
2022-08-10 09:23:26,040 [grpc-default-executor-3] WARN  server.GrpcLogAppender (LogUtils.java:warn(122)) - omNode-1@group-523986131536->omNode-3-AppendLogResponseHandler: Failed appendEntries: org.apache.ratis.thirdparty.io.grpc.StatusRuntimeException: UNAVAILABLE: io exception
2022-08-10 09:23:26,040 [grpc-default-executor-3] INFO  leader.FollowerInfo (FollowerInfoImpl.java:lambda$new$0(48)) - omNode-1@group-523986131536->omNode-3: nextIndex: updateUnconditionally 136 -> 45
2022-08-10 09:23:26,045 [grpc-default-executor-1] WARN  server.GrpcLogAppender (LogUtils.java:warn(122)) - omNode-1@group-523986131536->omNode-3-AppendLogResponseHandler: Failed appendEntries: org.apache.ratis.thirdparty.io.grpc.StatusRuntimeException: UNAVAILABLE: io exception
2022-08-10 09:23:26,045 [grpc-default-executor-1] INFO  leader.FollowerInfo (FollowerInfoImpl.java:lambda$new$0(48)) - omNode-1@group-523986131536->omNode-3: nextIndex: updateUnconditionally 136 -> 45
2022-08-10 09:23:26,047 [grpc-default-executor-1] WARN  server.GrpcLogAppender (LogUtils.java:warn(122)) - omNode-1@group-523986131536->omNode-3-AppendLogResponseHandler: Failed appendEntries: org.apache.ratis.thirdparty.io.grpc.StatusRuntimeException: UNAVAILABLE: io exception
2022-08-10 09:23:26,047 [grpc-default-executor-1] INFO  leader.FollowerInfo (FollowerInfoImpl.java:lambda$new$0(48)) - omNode-1@group-523986131536->omNode-3: nextIndex: updateUnconditionally 137 -> 45
2022-08-10 09:23:26,052 [grpc-default-executor-3] WARN  server.GrpcLogAppender (LogUtils.java:warn(122)) - omNode-1@group-523986131536->omNode-3-AppendLogResponseHandler: Failed appendEntries: org.apache.ratis.thirdparty.io.grpc.StatusRuntimeException: UNAVAILABLE: io exception
2022-08-10 09:23:26,052 [grpc-default-executor-3] INFO  leader.FollowerInfo (FollowerInfoImpl.java:lambda$new$0(48)) - omNode-1@group-523986131536->omNode-3: nextIndex: updateUnconditionally 138 -> 45
2022-08-10 09:23:26,058 [grpc-default-executor-3] WARN  server.GrpcLogAppender (LogUtils.java:warn(122)) - omNode-1@group-523986131536->omNode-3-AppendLogResponseHandler: Failed appendEntries: org.apache.ratis.thirdparty.io.grpc.StatusRuntimeException: UNAVAILABLE: io exception
2022-08-10 09:23:26,058 [grpc-default-executor-3] INFO  leader.FollowerInfo (FollowerInfoImpl.java:lambda$new$0(48)) - omNode-1@group-523986131536->omNode-3: nextIndex: updateUnconditionally 138 -> 45
2022-08-10 09:23:26,065 [grpc-default-executor-1] WARN  server.GrpcLogAppender (LogUtils.java:warn(122)) - omNode-1@group-523986131536->omNode-3-AppendLogResponseHandler: Failed appendEntries: org.apache.ratis.thirdparty.io.grpc.StatusRuntimeException: UNAVAILABLE: io exception
2022-08-10 09:23:26,065 [grpc-default-executor-1] INFO  leader.FollowerInfo (FollowerInfoImpl.java:lambda$new$0(48)) - omNode-1@group-523986131536->omNode-3: nextIndex: updateUnconditionally 138 -> 45
2022-08-10 09:23:26,077 [grpc-default-executor-1] WARN  server.GrpcLogAppender (LogUtils.java:warn(122)) - omNode-1@group-523986131536->omNode-3-AppendLogResponseHandler: Failed appendEntries: org.apache.ratis.thirdparty.io.grpc.StatusRuntimeException: UNAVAILABLE: io exception
2022-08-10 09:23:26,077 [grpc-default-executor-1] INFO  leader.FollowerInfo (FollowerInfoImpl.java:lambda$new$0(48)) - omNode-1@group-523986131536->omNode-3: nextIndex: updateUnconditionally 139 -> 45
2022-08-10 09:23:26,089 [grpc-default-executor-1] WARN  server.GrpcLogAppender (LogUtils.java:warn(122)) - omNode-1@group-523986131536->omNode-3-AppendLogResponseHandler: Failed appendEntries: org.apache.ratis.thirdparty.io.grpc.StatusRuntimeException: UNAVAILABLE: io exception
2022-08-10 09:23:26,089 [grpc-default-executor-1] INFO  leader.FollowerInfo (FollowerInfoImpl.java:lambda$new$0(48)) - omNode-1@group-523986131536->omNode-3: nextIndex: updateUnconditionally 139 -> 45
2022-08-10 09:23:26,091 [grpc-default-executor-1] WARN  server.GrpcLogAppender (LogUtils.java:warn(122)) - omNode-1@group-523986131536->omNode-3-AppendLogResponseHandler: Failed appendEntries: org.apache.ratis.thirdparty.io.grpc.StatusRuntimeException: UNAVAILABLE: io exception
2022-08-10 09:23:26,092 [grpc-default-executor-1] INFO  leader.FollowerInfo (FollowerInfoImpl.java:lambda$new$0(48)) - omNode-1@group-523986131536->omNode-3: nextIndex: updateUnconditionally 140 -> 45
2022-08-10 09:23:26,096 [grpc-default-executor-1] WARN  server.GrpcLogAppender (LogUtils.java:warn(122)) - omNode-1@group-523986131536->omNode-3-AppendLogResponseHandler: Failed appendEntries: org.apache.ratis.thirdparty.io.grpc.StatusRuntimeException: UNAVAILABLE: io exception
2022-08-10 09:23:26,096 [grpc-default-executor-1] INFO  leader.FollowerInfo (FollowerInfoImpl.java:lambda$new$0(48)) - omNode-1@group-523986131536->omNode-3: nextIndex: updateUnconditionally 140 -> 45
2022-08-10 09:23:26,098 [grpc-default-executor-3] WARN  server.GrpcLogAppender (LogUtils.java:warn(122)) - omNode-1@group-523986131536->omNode-3-AppendLogResponseHandler: Failed appendEntries: org.apache.ratis.thirdparty.io.grpc.StatusRuntimeException: UNAVAILABLE: io exception
2022-08-10 09:23:26,098 [grpc-default-executor-3] INFO  leader.FollowerInfo (FollowerInfoImpl.java:lambda$new$0(48)) - omNode-1@group-523986131536->omNode-3: nextIndex: updateUnconditionally 141 -> 45
2022-08-10 09:23:26,104 [grpc-default-executor-1] WARN  server.GrpcLogAppender (LogUtils.java:warn(122)) - omNode-1@group-523986131536->omNode-3-AppendLogResponseHandler: Failed appendEntries: org.apache.ratis.thirdparty.io.grpc.StatusRuntimeException: UNAVAILABLE: io exception
2022-08-10 09:23:26,104 [grpc-default-executor-1] INFO  leader.FollowerInfo (FollowerInfoImpl.java:lambda$new$0(48)) - omNode-1@group-523986131536->omNode-3: nextIndex: updateUnconditionally 142 -> 45
2022-08-10 09:23:26,111 [grpc-default-executor-1] WARN  server.GrpcLogAppender (LogUtils.java:warn(122)) - omNode-1@group-523986131536->omNode-3-AppendLogResponseHandler: Failed appendEntries: org.apache.ratis.thirdparty.io.grpc.StatusRuntimeException: UNAVAILABLE: io exception
2022-08-10 09:23:26,112 [grpc-default-executor-1] INFO  leader.FollowerInfo (FollowerInfoImpl.java:lambda$new$0(48)) - omNode-1@group-523986131536->omNode-3: nextIndex: updateUnconditionally 142 -> 45
2022-08-10 09:23:26,124 [grpc-default-executor-1] WARN  server.GrpcLogAppender (LogUtils.java:warn(122)) - omNode-1@group-523986131536->omNode-3-AppendLogResponseHandler: Failed appendEntries: org.apache.ratis.thirdparty.io.grpc.StatusRuntimeException: UNAVAILABLE: io exception
2022-08-10 09:23:26,125 [grpc-default-executor-1] INFO  leader.FollowerInfo (FollowerInfoImpl.java:lambda$new$0(48)) - omNode-1@group-523986131536->omNode-3: nextIndex: updateUnconditionally 45 -> 44
2022-08-10 09:23:26,128 [grpc-default-executor-2] WARN  server.GrpcLogAppender (LogUtils.java:warn(122)) - omNode-1@group-523986131536->omNode-3-AppendLogResponseHandler: Failed appendEntries: org.apache.ratis.thirdparty.io.grpc.StatusRuntimeException: UNAVAILABLE: io exception
2022-08-10 09:23:26,129 [grpc-default-executor-2] INFO  leader.FollowerInfo (FollowerInfoImpl.java:lambda$new$0(48)) - omNode-1@group-523986131536->omNode-3: nextIndex: updateUnconditionally 143 -> 45
2022-08-10 09:23:26,138 [grpc-default-executor-3] WARN  server.GrpcLogAppender (LogUtils.java:warn(122)) - omNode-1@group-523986131536->omNode-3-AppendLogResponseHandler: Failed appendEntries: org.apache.ratis.thirdparty.io.grpc.StatusRuntimeException: UNAVAILABLE: io exception
2022-08-10 09:23:26,138 [grpc-default-executor-3] INFO  leader.FollowerInfo (FollowerInfoImpl.java:lambda$new$0(48)) - omNode-1@group-523986131536->omNode-3: nextIndex: updateUnconditionally 144 -> 45
2022-08-10 09:23:26,142 [grpc-default-executor-3] WARN  server.GrpcLogAppender (LogUtils.java:warn(122)) - omNode-1@group-523986131536->omNode-3-AppendLogResponseHandler: Failed appendEntries: org.apache.ratis.thirdparty.io.grpc.StatusRuntimeException: UNAVAILABLE: io exception
2022-08-10 09:23:26,142 [grpc-default-executor-3] INFO  leader.FollowerInfo (FollowerInfoImpl.java:lambda$new$0(48)) - omNode-1@group-523986131536->omNode-3: nextIndex: updateUnconditionally 144 -> 45
2022-08-10 09:23:26,158 [grpc-default-executor-3] WARN  server.GrpcLogAppender (LogUtils.java:warn(122)) - omNode-1@group-523986131536->omNode-3-AppendLogResponseHandler: Failed appendEntries: org.apache.ratis.thirdparty.io.grpc.StatusRuntimeException: UNAVAILABLE: io exception
2022-08-10 09:23:26,158 [grpc-default-executor-3] INFO  leader.FollowerInfo (FollowerInfoImpl.java:lambda$new$0(48)) - omNode-1@group-523986131536->omNode-3: nextIndex: updateUnconditionally 145 -> 45
2022-08-10 09:23:26,170 [grpc-default-executor-3] WARN  server.GrpcLogAppender (LogUtils.java:warn(122)) - omNode-1@group-523986131536->omNode-3-AppendLogResponseHandler: Failed appendEntries: org.apache.ratis.thirdparty.io.grpc.StatusRuntimeException: UNAVAILABLE: io exception
2022-08-10 09:23:26,170 [grpc-default-executor-3] INFO  leader.FollowerInfo (FollowerInfoImpl.java:lambda$new$0(48)) - omNode-1@group-523986131536->omNode-3: nextIndex: updateUnconditionally 146 -> 45
2022-08-10 09:23:26,181 [grpc-default-executor-3] WARN  server.GrpcLogAppender (LogUtils.java:warn(122)) - omNode-1@group-523986131536->omNode-3-AppendLogResponseHandler: Failed appendEntries: org.apache.ratis.thirdparty.io.grpc.StatusRuntimeException: UNAVAILABLE: io exception
2022-08-10 09:23:26,181 [grpc-default-executor-3] INFO  leader.FollowerInfo (FollowerInfoImpl.java:lambda$new$0(48)) - omNode-1@group-523986131536->omNode-3: nextIndex: updateUnconditionally 146 -> 45
2022-08-10 09:23:26,185 [grpc-default-executor-3] WARN  server.GrpcLogAppender (LogUtils.java:warn(122)) - omNode-1@group-523986131536->omNode-3-AppendLogResponseHandler: Failed appendEntries: org.apache.ratis.thirdparty.io.grpc.StatusRuntimeException: UNAVAILABLE: io exception
2022-08-10 09:23:26,185 [grpc-default-executor-3] INFO  leader.FollowerInfo (FollowerInfoImpl.java:lambda$new$0(48)) - omNode-1@group-523986131536->omNode-3: nextIndex: updateUnconditionally 147 -> 45
2022-08-10 09:23:26,206 [grpc-default-executor-2] WARN  server.GrpcLogAppender (LogUtils.java:warn(122)) - omNode-1@group-523986131536->omNode-3-AppendLogResponseHandler: Failed appendEntries: org.apache.ratis.thirdparty.io.grpc.StatusRuntimeException: UNAVAILABLE: io exception
2022-08-10 09:23:26,207 [grpc-default-executor-2] INFO  leader.FollowerInfo (FollowerInfoImpl.java:lambda$new$0(48)) - omNode-1@group-523986131536->omNode-3: nextIndex: updateUnconditionally 147 -> 45
2022-08-10 09:23:26,218 [grpc-default-executor-3] WARN  server.GrpcLogAppender (LogUtils.java:warn(122)) - omNode-1@group-523986131536->omNode-3-AppendLogResponseHandler: Failed appendEntries: org.apache.ratis.thirdparty.io.grpc.StatusRuntimeException: UNAVAILABLE: io exception
2022-08-10 09:23:26,218 [grpc-default-executor-3] INFO  leader.FollowerInfo (FollowerInfoImpl.java:lambda$new$0(48)) - omNode-1@group-523986131536->omNode-3: nextIndex: updateUnconditionally 147 -> 45
2022-08-10 09:23:26,226 [grpc-default-executor-2] WARN  server.GrpcLogAppender (LogUtils.java:warn(122)) - omNode-1@group-523986131536->omNode-3-AppendLogResponseHandler: Failed appendEntries: org.apache.ratis.thirdparty.io.grpc.StatusRuntimeException: UNAVAILABLE: io exception
2022-08-10 09:23:26,227 [grpc-default-executor-2] INFO  leader.FollowerInfo (FollowerInfoImpl.java:lambda$new$0(48)) - omNode-1@group-523986131536->omNode-3: nextIndex: updateUnconditionally 148 -> 45
2022-08-10 09:23:26,236 [grpc-default-executor-1] WARN  server.GrpcLogAppender (LogUtils.java:warn(122)) - omNode-1@group-523986131536->omNode-3-AppendLogResponseHandler: Failed appendEntries: org.apache.ratis.thirdparty.io.grpc.StatusRuntimeException: UNAVAILABLE: io exception
2022-08-10 09:23:26,236 [grpc-default-executor-1] INFO  leader.FollowerInfo (FollowerInfoImpl.java:lambda$new$0(48)) - omNode-1@group-523986131536->omNode-3: nextIndex: updateUnconditionally 148 -> 45
2022-08-10 09:23:26,241 [grpc-default-executor-1] WARN  server.GrpcLogAppender (LogUtils.java:warn(122)) - omNode-1@group-523986131536->omNode-3-AppendLogResponseHandler: Failed appendEntries: org.apache.ratis.thirdparty.io.grpc.StatusRuntimeException: UNAVAILABLE: io exception
2022-08-10 09:23:26,241 [grpc-default-executor-1] INFO  leader.FollowerInfo (FollowerInfoImpl.java:lambda$new$0(48)) - omNode-1@group-523986131536->omNode-3: nextIndex: updateUnconditionally 150 -> 45
2022-08-10 09:23:26,254 [grpc-default-executor-3] WARN  server.GrpcLogAppender (LogUtils.java:warn(122)) - omNode-1@group-523986131536->omNode-3-AppendLogResponseHandler: Failed appendEntries: org.apache.ratis.thirdparty.io.grpc.StatusRuntimeException: UNAVAILABLE: io exception
2022-08-10 09:23:26,254 [grpc-default-executor-3] INFO  leader.FollowerInfo (FollowerInfoImpl.java:lambda$new$0(48)) - omNode-1@group-523986131536->omNode-3: nextIndex: updateUnconditionally 150 -> 45
2022-08-10 09:23:26,266 [grpc-default-executor-1] WARN  server.GrpcLogAppender (LogUtils.java:warn(122)) - omNode-1@group-523986131536->omNode-3-AppendLogResponseHandler: Failed appendEntries: org.apache.ratis.thirdparty.io.grpc.StatusRuntimeException: UNAVAILABLE: io exception
2022-08-10 09:23:26,266 [grpc-default-executor-1] INFO  leader.FollowerInfo (FollowerInfoImpl.java:lambda$new$0(48)) - omNode-1@group-523986131536->omNode-3: nextIndex: updateUnconditionally 151 -> 45
2022-08-10 09:23:26,271 [omNode-1@group-523986131536-StateMachineUpdater] INFO  ratis.OzoneManagerStateMachine (OzoneManagerStateMachine.java:takeSnapshot(441)) - Current Snapshot Index (t:3, i:150)
2022-08-10 09:23:26,271 [omNode-1@group-523986131536-StateMachineUpdater] INFO  impl.StateMachineUpdater (StateMachineUpdater.java:takeSnapshot(287)) - omNode-1@group-523986131536-StateMachineUpdater: Took a snapshot at index 150
2022-08-10 09:23:26,271 [omNode-1@group-523986131536-StateMachineUpdater] INFO  impl.StateMachineUpdater (StateMachineUpdater.java:lambda$new$0(92)) - omNode-1@group-523986131536-StateMachineUpdater: snapshotIndex: updateIncreasingly 100 -> 150
2022-08-10 09:23:26,272 [omNode-1@group-523986131536-StateMachineUpdater] INFO  raftlog.RaftLog (RaftLogBase.java:purge(308)) - omNode-1@group-523986131536-SegmentedRaftLog: purge 150
2022-08-10 09:23:26,272 [omNode-1@group-523986131536-StateMachineUpdater] INFO  raftlog.RaftLog (RaftLogBase.java:lambda$new$0(53)) - omNode-1@group-523986131536-SegmentedRaftLog: snapshotIndex: updateIncreasingly 100 -> 150
2022-08-10 09:23:26,272 [omNode-1@group-523986131536-StateMachineUpdater] INFO  raftlog.RaftLog (RaftLogBase.java:lambda$new$0(53)) - omNode-1@group-523986131536-SegmentedRaftLog: purgeIndex: updateToMax old=100, new=150, updated? true
2022-08-10 09:23:26,272 [grpc-default-executor-3] WARN  server.GrpcLogAppender (LogUtils.java:warn(122)) - omNode-1@group-523986131536->omNode-3-AppendLogResponseHandler: Failed appendEntries: org.apache.ratis.thirdparty.io.grpc.StatusRuntimeException: UNAVAILABLE: io exception
2022-08-10 09:23:26,272 [grpc-default-executor-3] INFO  leader.FollowerInfo (FollowerInfoImpl.java:lambda$new$0(48)) - omNode-1@group-523986131536->omNode-3: nextIndex: updateUnconditionally 151 -> 45
2022-08-10 09:23:26,275 [grpc-default-executor-1] WARN  server.GrpcLogAppender (LogUtils.java:warn(122)) - omNode-1@group-523986131536->omNode-3-AppendLogResponseHandler: Failed appendEntries: org.apache.ratis.thirdparty.io.grpc.StatusRuntimeException: UNAVAILABLE: io exception
2022-08-10 09:23:26,275 [grpc-default-executor-1] INFO  leader.FollowerInfo (FollowerInfoImpl.java:lambda$new$0(48)) - omNode-1@group-523986131536->omNode-3: nextIndex: updateUnconditionally 151 -> 45
2022-08-10 09:23:26,290 [grpc-default-executor-1] WARN  server.GrpcLogAppender (LogUtils.java:warn(122)) - omNode-1@group-523986131536->omNode-3-AppendLogResponseHandler: Failed appendEntries: org.apache.ratis.thirdparty.io.grpc.StatusRuntimeException: UNAVAILABLE: io exception
2022-08-10 09:23:26,291 [grpc-default-executor-1] INFO  leader.FollowerInfo (FollowerInfoImpl.java:lambda$new$0(48)) - omNode-1@group-523986131536->omNode-3: nextIndex: updateUnconditionally 152 -> 45
2022-08-10 09:23:26,298 [grpc-default-executor-1] WARN  server.GrpcLogAppender (LogUtils.java:warn(122)) - omNode-1@group-523986131536->omNode-3-AppendLogResponseHandler: Failed appendEntries: org.apache.ratis.thirdparty.io.grpc.StatusRuntimeException: UNAVAILABLE: io exception
2022-08-10 09:23:26,298 [grpc-default-executor-1] INFO  leader.FollowerInfo (FollowerInfoImpl.java:lambda$new$0(48)) - omNode-1@group-523986131536->omNode-3: nextIndex: updateUnconditionally 152 -> 45
2022-08-10 09:23:26,300 [grpc-default-executor-2] WARN  server.GrpcLogAppender (LogUtils.java:warn(122)) - omNode-1@group-523986131536->omNode-3-AppendLogResponseHandler: Failed appendEntries: org.apache.ratis.thirdparty.io.grpc.StatusRuntimeException: UNAVAILABLE: io exception
2022-08-10 09:23:26,300 [grpc-default-executor-2] INFO  leader.FollowerInfo (FollowerInfoImpl.java:lambda$new$0(48)) - omNode-1@group-523986131536->omNode-3: nextIndex: updateUnconditionally 153 -> 45
2022-08-10 09:23:26,306 [grpc-default-executor-3] WARN  server.GrpcLogAppender (LogUtils.java:warn(122)) - omNode-1@group-523986131536->omNode-3-AppendLogResponseHandler: Failed appendEntries: org.apache.ratis.thirdparty.io.grpc.StatusRuntimeException: UNAVAILABLE: io exception
2022-08-10 09:23:26,306 [grpc-default-executor-3] INFO  leader.FollowerInfo (FollowerInfoImpl.java:lambda$new$0(48)) - omNode-1@group-523986131536->omNode-3: nextIndex: updateUnconditionally 154 -> 45
2022-08-10 09:23:26,318 [grpc-default-executor-3] WARN  server.GrpcLogAppender (LogUtils.java:warn(122)) - omNode-1@group-523986131536->omNode-3-AppendLogResponseHandler: Failed appendEntries: org.apache.ratis.thirdparty.io.grpc.StatusRuntimeException: UNAVAILABLE: io exception
2022-08-10 09:23:26,318 [grpc-default-executor-3] INFO  leader.FollowerInfo (FollowerInfoImpl.java:lambda$new$0(48)) - omNode-1@group-523986131536->omNode-3: nextIndex: updateUnconditionally 154 -> 45
2022-08-10 09:23:26,319 [grpc-default-executor-3] WARN  server.GrpcLogAppender (LogUtils.java:warn(122)) - omNode-1@group-523986131536->omNode-3-AppendLogResponseHandler: Failed appendEntries: org.apache.ratis.thirdparty.io.grpc.StatusRuntimeException: UNAVAILABLE: io exception
2022-08-10 09:23:26,319 [grpc-default-executor-3] INFO  leader.FollowerInfo (FollowerInfoImpl.java:lambda$new$0(48)) - omNode-1@group-523986131536->omNode-3: nextIndex: updateUnconditionally 154 -> 45
2022-08-10 09:23:26,335 [grpc-default-executor-3] WARN  server.GrpcLogAppender (LogUtils.java:warn(122)) - omNode-1@group-523986131536->omNode-3-AppendLogResponseHandler: Failed appendEntries: org.apache.ratis.thirdparty.io.grpc.StatusRuntimeException: UNAVAILABLE: io exception
2022-08-10 09:23:26,335 [grpc-default-executor-3] INFO  leader.FollowerInfo (FollowerInfoImpl.java:lambda$new$0(48)) - omNode-1@group-523986131536->omNode-3: nextIndex: updateUnconditionally 155 -> 45
2022-08-10 09:23:26,354 [omNode-2@group-523986131536-StateMachineUpdater] INFO  ratis.OzoneManagerStateMachine (OzoneManagerStateMachine.java:takeSnapshot(441)) - Current Snapshot Index (t:3, i:153)
2022-08-10 09:23:26,354 [omNode-2@group-523986131536-StateMachineUpdater] INFO  impl.StateMachineUpdater (StateMachineUpdater.java:takeSnapshot(287)) - omNode-2@group-523986131536-StateMachineUpdater: Took a snapshot at index 153
2022-08-10 09:23:26,354 [omNode-2@group-523986131536-StateMachineUpdater] INFO  impl.StateMachineUpdater (StateMachineUpdater.java:lambda$new$0(92)) - omNode-2@group-523986131536-StateMachineUpdater: snapshotIndex: updateIncreasingly 101 -> 153
2022-08-10 09:23:26,355 [omNode-2@group-523986131536-StateMachineUpdater] INFO  raftlog.RaftLog (RaftLogBase.java:purge(308)) - omNode-2@group-523986131536-SegmentedRaftLog: purge 153
2022-08-10 09:23:26,355 [grpc-default-executor-3] WARN  server.GrpcLogAppender (LogUtils.java:warn(122)) - omNode-1@group-523986131536->omNode-3-AppendLogResponseHandler: Failed appendEntries: org.apache.ratis.thirdparty.io.grpc.StatusRuntimeException: UNAVAILABLE: io exception
2022-08-10 09:23:26,355 [omNode-2@group-523986131536-StateMachineUpdater] INFO  raftlog.RaftLog (RaftLogBase.java:lambda$new$0(53)) - omNode-2@group-523986131536-SegmentedRaftLog: snapshotIndex: updateIncreasingly 101 -> 153
2022-08-10 09:23:26,355 [omNode-2@group-523986131536-StateMachineUpdater] INFO  raftlog.RaftLog (RaftLogBase.java:lambda$new$0(53)) - omNode-2@group-523986131536-SegmentedRaftLog: purgeIndex: updateToMax old=101, new=153, updated? true
2022-08-10 09:23:26,355 [grpc-default-executor-3] INFO  leader.FollowerInfo (FollowerInfoImpl.java:lambda$new$0(48)) - omNode-1@group-523986131536->omNode-3: nextIndex: updateUnconditionally 155 -> 45
2022-08-10 09:23:26,356 [grpc-default-executor-3] WARN  server.GrpcLogAppender (LogUtils.java:warn(122)) - omNode-1@group-523986131536->omNode-3-AppendLogResponseHandler: Failed appendEntries: org.apache.ratis.thirdparty.io.grpc.StatusRuntimeException: UNAVAILABLE: io exception
2022-08-10 09:23:26,356 [grpc-default-executor-3] INFO  leader.FollowerInfo (FollowerInfoImpl.java:lambda$new$0(48)) - omNode-1@group-523986131536->omNode-3: nextIndex: updateUnconditionally 156 -> 45
2022-08-10 09:23:26,374 [grpc-default-executor-3] WARN  server.GrpcLogAppender (LogUtils.java:warn(122)) - omNode-1@group-523986131536->omNode-3-AppendLogResponseHandler: Failed appendEntries: org.apache.ratis.thirdparty.io.grpc.StatusRuntimeException: UNAVAILABLE: io exception
2022-08-10 09:23:26,375 [grpc-default-executor-3] INFO  leader.FollowerInfo (FollowerInfoImpl.java:lambda$new$0(48)) - omNode-1@group-523986131536->omNode-3: nextIndex: updateUnconditionally 156 -> 45
2022-08-10 09:23:26,380 [EndpointStateMachine task thread for /0.0.0.0:42301 - 0 ] INFO  ipc.Client (Client.java:handleConnectionFailure(977)) - Retrying connect to server: 0.0.0.0/0.0.0.0:42301. Already tried 5 time(s); retry policy is RetryUpToMaximumCountWithFixedSleep(maxRetries=15, sleepTime=1000 MILLISECONDS)
2022-08-10 09:23:26,401 [grpc-default-executor-2] WARN  server.GrpcLogAppender (LogUtils.java:warn(122)) - omNode-1@group-523986131536->omNode-3-AppendLogResponseHandler: Failed appendEntries: org.apache.ratis.thirdparty.io.grpc.StatusRuntimeException: UNAVAILABLE: io exception
2022-08-10 09:23:26,402 [grpc-default-executor-2] INFO  leader.FollowerInfo (FollowerInfoImpl.java:lambda$new$0(48)) - omNode-1@group-523986131536->omNode-3: nextIndex: updateUnconditionally 157 -> 45
2022-08-10 09:23:26,404 [grpc-default-executor-2] WARN  server.GrpcLogAppender (LogUtils.java:warn(122)) - omNode-1@group-523986131536->omNode-3-AppendLogResponseHandler: Failed appendEntries: org.apache.ratis.thirdparty.io.grpc.StatusRuntimeException: UNAVAILABLE: io exception
2022-08-10 09:23:26,404 [grpc-default-executor-2] INFO  leader.FollowerInfo (FollowerInfoImpl.java:lambda$new$0(48)) - omNode-1@group-523986131536->omNode-3: nextIndex: updateUnconditionally 158 -> 45
2022-08-10 09:23:26,413 [grpc-default-executor-2] WARN  server.GrpcLogAppender (LogUtils.java:warn(122)) - omNode-1@group-523986131536->omNode-3-AppendLogResponseHandler: Failed appendEntries: org.apache.ratis.thirdparty.io.grpc.StatusRuntimeException: UNAVAILABLE: io exception
2022-08-10 09:23:26,414 [grpc-default-executor-2] INFO  leader.FollowerInfo (FollowerInfoImpl.java:lambda$new$0(48)) - omNode-1@group-523986131536->omNode-3: nextIndex: updateUnconditionally 159 -> 45
2022-08-10 09:23:26,438 [grpc-default-executor-3] WARN  server.GrpcLogAppender (LogUtils.java:warn(122)) - omNode-1@group-523986131536->omNode-3-AppendLogResponseHandler: Failed appendEntries: org.apache.ratis.thirdparty.io.grpc.StatusRuntimeException: UNAVAILABLE: io exception
2022-08-10 09:23:26,438 [grpc-default-executor-3] INFO  leader.FollowerInfo (FollowerInfoImpl.java:lambda$new$0(48)) - omNode-1@group-523986131536->omNode-3: nextIndex: updateUnconditionally 159 -> 45
2022-08-10 09:23:26,440 [grpc-default-executor-3] WARN  server.GrpcLogAppender (LogUtils.java:warn(122)) - omNode-1@group-523986131536->omNode-3-AppendLogResponseHandler: Failed appendEntries: org.apache.ratis.thirdparty.io.grpc.StatusRuntimeException: UNAVAILABLE: io exception
2022-08-10 09:23:26,440 [grpc-default-executor-3] INFO  leader.FollowerInfo (FollowerInfoImpl.java:lambda$new$0(48)) - omNode-1@group-523986131536->omNode-3: nextIndex: updateUnconditionally 159 -> 45
2022-08-10 09:23:26,447 [grpc-default-executor-2] WARN  server.GrpcLogAppender (LogUtils.java:warn(122)) - omNode-1@group-523986131536->omNode-3-AppendLogResponseHandler: Failed appendEntries: org.apache.ratis.thirdparty.io.grpc.StatusRuntimeException: UNAVAILABLE: io exception
2022-08-10 09:23:26,448 [grpc-default-executor-2] INFO  leader.FollowerInfo (FollowerInfoImpl.java:lambda$new$0(48)) - omNode-1@group-523986131536->omNode-3: nextIndex: updateUnconditionally 160 -> 45
2022-08-10 09:23:26,455 [grpc-default-executor-2] WARN  server.GrpcLogAppender (LogUtils.java:warn(122)) - omNode-1@group-523986131536->omNode-3-AppendLogResponseHandler: Failed appendEntries: org.apache.ratis.thirdparty.io.grpc.StatusRuntimeException: UNAVAILABLE: io exception
2022-08-10 09:23:26,455 [grpc-default-executor-2] INFO  leader.FollowerInfo (FollowerInfoImpl.java:lambda$new$0(48)) - omNode-1@group-523986131536->omNode-3: nextIndex: updateUnconditionally 160 -> 45
2022-08-10 09:23:26,456 [grpc-default-executor-3] WARN  server.GrpcLogAppender (LogUtils.java:warn(122)) - omNode-1@group-523986131536->omNode-3-AppendLogResponseHandler: Failed appendEntries: org.apache.ratis.thirdparty.io.grpc.StatusRuntimeException: UNAVAILABLE: io exception
2022-08-10 09:23:26,457 [grpc-default-executor-3] INFO  leader.FollowerInfo (FollowerInfoImpl.java:lambda$new$0(48)) - omNode-1@group-523986131536->omNode-3: nextIndex: updateUnconditionally 161 -> 45
2022-08-10 09:23:26,460 [grpc-default-executor-3] WARN  server.GrpcLogAppender (LogUtils.java:warn(122)) - omNode-1@group-523986131536->omNode-3-AppendLogResponseHandler: Failed appendEntries: org.apache.ratis.thirdparty.io.grpc.StatusRuntimeException: UNAVAILABLE: io exception
2022-08-10 09:23:26,460 [grpc-default-executor-3] INFO  leader.FollowerInfo (FollowerInfoImpl.java:lambda$new$0(48)) - omNode-1@group-523986131536->omNode-3: nextIndex: updateUnconditionally 162 -> 45
2022-08-10 09:23:26,471 [grpc-default-executor-3] WARN  server.GrpcLogAppender (LogUtils.java:warn(122)) - omNode-1@group-523986131536->omNode-3-AppendLogResponseHandler: Failed appendEntries: org.apache.ratis.thirdparty.io.grpc.StatusRuntimeException: UNAVAILABLE: io exception
2022-08-10 09:23:26,472 [grpc-default-executor-3] INFO  leader.FollowerInfo (FollowerInfoImpl.java:lambda$new$0(48)) - omNode-1@group-523986131536->omNode-3: nextIndex: updateUnconditionally 162 -> 45
2022-08-10 09:23:26,479 [grpc-default-executor-2] WARN  server.GrpcLogAppender (LogUtils.java:warn(122)) - omNode-1@group-523986131536->omNode-3-AppendLogResponseHandler: Failed appendEntries: org.apache.ratis.thirdparty.io.grpc.StatusRuntimeException: UNAVAILABLE: io exception
2022-08-10 09:23:26,479 [grpc-default-executor-2] INFO  leader.FollowerInfo (FollowerInfoImpl.java:lambda$new$0(48)) - omNode-1@group-523986131536->omNode-3: nextIndex: updateUnconditionally 163 -> 45
2022-08-10 09:23:26,500 [grpc-default-executor-2] WARN  server.GrpcLogAppender (LogUtils.java:warn(122)) - omNode-1@group-523986131536->omNode-3-AppendLogResponseHandler: Failed appendEntries: org.apache.ratis.thirdparty.io.grpc.StatusRuntimeException: UNAVAILABLE: io exception
2022-08-10 09:23:26,501 [grpc-default-executor-2] INFO  leader.FollowerInfo (FollowerInfoImpl.java:lambda$new$0(48)) - omNode-1@group-523986131536->omNode-3: nextIndex: updateUnconditionally 163 -> 45
2022-08-10 09:23:26,509 [grpc-default-executor-1] WARN  server.GrpcLogAppender (LogUtils.java:warn(122)) - omNode-1@group-523986131536->omNode-3-AppendLogResponseHandler: Failed appendEntries: org.apache.ratis.thirdparty.io.grpc.StatusRuntimeException: UNAVAILABLE: io exception
2022-08-10 09:23:26,510 [grpc-default-executor-1] INFO  leader.FollowerInfo (FollowerInfoImpl.java:lambda$new$0(48)) - omNode-1@group-523986131536->omNode-3: nextIndex: updateUnconditionally 163 -> 45
2022-08-10 09:23:26,516 [grpc-default-executor-3] WARN  server.GrpcLogAppender (LogUtils.java:warn(122)) - omNode-1@group-523986131536->omNode-3-AppendLogResponseHandler: Failed appendEntries: org.apache.ratis.thirdparty.io.grpc.StatusRuntimeException: UNAVAILABLE: io exception
2022-08-10 09:23:26,516 [grpc-default-executor-3] INFO  leader.FollowerInfo (FollowerInfoImpl.java:lambda$new$0(48)) - omNode-1@group-523986131536->omNode-3: nextIndex: updateUnconditionally 164 -> 45
2022-08-10 09:23:26,528 [grpc-default-executor-1] WARN  server.GrpcLogAppender (LogUtils.java:warn(122)) - omNode-1@group-523986131536->omNode-3-AppendLogResponseHandler: Failed appendEntries: org.apache.ratis.thirdparty.io.grpc.StatusRuntimeException: UNAVAILABLE: io exception
2022-08-10 09:23:26,528 [grpc-default-executor-1] INFO  leader.FollowerInfo (FollowerInfoImpl.java:lambda$new$0(48)) - omNode-1@group-523986131536->omNode-3: nextIndex: updateUnconditionally 164 -> 45
2022-08-10 09:23:26,533 [grpc-default-executor-1] WARN  server.GrpcLogAppender (LogUtils.java:warn(122)) - omNode-1@group-523986131536->omNode-3-AppendLogResponseHandler: Failed appendEntries: org.apache.ratis.thirdparty.io.grpc.StatusRuntimeException: UNAVAILABLE: io exception
2022-08-10 09:23:26,534 [grpc-default-executor-1] INFO  leader.FollowerInfo (FollowerInfoImpl.java:lambda$new$0(48)) - omNode-1@group-523986131536->omNode-3: nextIndex: updateUnconditionally 166 -> 45
2022-08-10 09:23:26,549 [grpc-default-executor-3] WARN  server.GrpcLogAppender (LogUtils.java:warn(122)) - omNode-1@group-523986131536->omNode-3-AppendLogResponseHandler: Failed appendEntries: org.apache.ratis.thirdparty.io.grpc.StatusRuntimeException: UNAVAILABLE: io exception
2022-08-10 09:23:26,549 [grpc-default-executor-3] INFO  leader.FollowerInfo (FollowerInfoImpl.java:lambda$new$0(48)) - omNode-1@group-523986131536->omNode-3: nextIndex: updateUnconditionally 166 -> 45
2022-08-10 09:23:26,557 [grpc-default-executor-3] WARN  server.GrpcLogAppender (LogUtils.java:warn(122)) - omNode-1@group-523986131536->omNode-3-AppendLogResponseHandler: Failed appendEntries: org.apache.ratis.thirdparty.io.grpc.StatusRuntimeException: UNAVAILABLE: io exception
2022-08-10 09:23:26,558 [grpc-default-executor-3] INFO  leader.FollowerInfo (FollowerInfoImpl.java:lambda$new$0(48)) - omNode-1@group-523986131536->omNode-3: nextIndex: updateUnconditionally 167 -> 45
2022-08-10 09:23:26,569 [grpc-default-executor-1] WARN  server.GrpcLogAppender (LogUtils.java:warn(122)) - omNode-1@group-523986131536->omNode-3-AppendLogResponseHandler: Failed appendEntries: org.apache.ratis.thirdparty.io.grpc.StatusRuntimeException: UNAVAILABLE: io exception
2022-08-10 09:23:26,569 [grpc-default-executor-1] INFO  leader.FollowerInfo (FollowerInfoImpl.java:lambda$new$0(48)) - omNode-1@group-523986131536->omNode-3: nextIndex: updateUnconditionally 167 -> 45
2022-08-10 09:23:26,576 [grpc-default-executor-3] WARN  server.GrpcLogAppender (LogUtils.java:warn(122)) - omNode-1@group-523986131536->omNode-3-AppendLogResponseHandler: Failed appendEntries: org.apache.ratis.thirdparty.io.grpc.StatusRuntimeException: UNAVAILABLE: io exception
2022-08-10 09:23:26,576 [grpc-default-executor-3] INFO  leader.FollowerInfo (FollowerInfoImpl.java:lambda$new$0(48)) - omNode-1@group-523986131536->omNode-3: nextIndex: updateUnconditionally 168 -> 45
2022-08-10 09:23:26,577 [grpc-default-executor-1] WARN  server.GrpcLogAppender (LogUtils.java:warn(122)) - omNode-1@group-523986131536->omNode-3-AppendLogResponseHandler: Failed appendEntries: org.apache.ratis.thirdparty.io.grpc.StatusRuntimeException: UNAVAILABLE: io exception
2022-08-10 09:23:26,577 [grpc-default-executor-1] INFO  leader.FollowerInfo (FollowerInfoImpl.java:lambda$new$0(48)) - omNode-1@group-523986131536->omNode-3: nextIndex: updateUnconditionally 168 -> 45
2022-08-10 09:23:26,584 [grpc-default-executor-3] WARN  server.GrpcLogAppender (LogUtils.java:warn(122)) - omNode-1@group-523986131536->omNode-3-AppendLogResponseHandler: Failed appendEntries: org.apache.ratis.thirdparty.io.grpc.StatusRuntimeException: UNAVAILABLE: io exception
2022-08-10 09:23:26,584 [grpc-default-executor-3] INFO  leader.FollowerInfo (FollowerInfoImpl.java:lambda$new$0(48)) - omNode-1@group-523986131536->omNode-3: nextIndex: updateUnconditionally 168 -> 45
2022-08-10 09:23:26,587 [grpc-default-executor-1] WARN  server.GrpcLogAppender (LogUtils.java:warn(122)) - omNode-1@group-523986131536->omNode-3-AppendLogResponseHandler: Failed appendEntries: org.apache.ratis.thirdparty.io.grpc.StatusRuntimeException: UNAVAILABLE: io exception
2022-08-10 09:23:26,588 [grpc-default-executor-1] INFO  leader.FollowerInfo (FollowerInfoImpl.java:lambda$new$0(48)) - omNode-1@group-523986131536->omNode-3: nextIndex: updateUnconditionally 169 -> 45
2022-08-10 09:23:26,590 [grpc-default-executor-1] WARN  server.GrpcLogAppender (LogUtils.java:warn(122)) - omNode-1@group-523986131536->omNode-3-AppendLogResponseHandler: Failed appendEntries: org.apache.ratis.thirdparty.io.grpc.StatusRuntimeException: UNAVAILABLE: io exception
2022-08-10 09:23:26,590 [grpc-default-executor-1] INFO  leader.FollowerInfo (FollowerInfoImpl.java:lambda$new$0(48)) - omNode-1@group-523986131536->omNode-3: nextIndex: updateUnconditionally 170 -> 45
2022-08-10 09:23:26,594 [grpc-default-executor-3] WARN  server.GrpcLogAppender (LogUtils.java:warn(122)) - omNode-1@group-523986131536->omNode-3-AppendLogResponseHandler: Failed appendEntries: org.apache.ratis.thirdparty.io.grpc.StatusRuntimeException: UNAVAILABLE: io exception
2022-08-10 09:23:26,594 [grpc-default-executor-3] INFO  leader.FollowerInfo (FollowerInfoImpl.java:lambda$new$0(48)) - omNode-1@group-523986131536->omNode-3: nextIndex: updateUnconditionally 170 -> 45
2022-08-10 09:23:26,595 [grpc-default-executor-3] WARN  server.GrpcLogAppender (LogUtils.java:warn(122)) - omNode-1@group-523986131536->omNode-3-AppendLogResponseHandler: Failed appendEntries: org.apache.ratis.thirdparty.io.grpc.StatusRuntimeException: UNAVAILABLE: io exception
2022-08-10 09:23:26,596 [grpc-default-executor-3] INFO  leader.FollowerInfo (FollowerInfoImpl.java:lambda$new$0(48)) - omNode-1@group-523986131536->omNode-3: nextIndex: updateUnconditionally 170 -> 45
2022-08-10 09:23:26,601 [grpc-default-executor-3] WARN  server.GrpcLogAppender (LogUtils.java:warn(122)) - omNode-1@group-523986131536->omNode-3-AppendLogResponseHandler: Failed appendEntries: org.apache.ratis.thirdparty.io.grpc.StatusRuntimeException: UNAVAILABLE: io exception
2022-08-10 09:23:26,601 [grpc-default-executor-3] INFO  leader.FollowerInfo (FollowerInfoImpl.java:lambda$new$0(48)) - omNode-1@group-523986131536->omNode-3: nextIndex: updateUnconditionally 171 -> 45
2022-08-10 09:23:26,615 [grpc-default-executor-3] WARN  server.GrpcLogAppender (LogUtils.java:warn(122)) - omNode-1@group-523986131536->omNode-3-AppendLogResponseHandler: Failed appendEntries: org.apache.ratis.thirdparty.io.grpc.StatusRuntimeException: UNAVAILABLE: io exception
2022-08-10 09:23:26,616 [grpc-default-executor-3] INFO  leader.FollowerInfo (FollowerInfoImpl.java:lambda$new$0(48)) - omNode-1@group-523986131536->omNode-3: nextIndex: updateUnconditionally 171 -> 45
2022-08-10 09:23:26,617 [grpc-default-executor-3] WARN  server.GrpcLogAppender (LogUtils.java:warn(122)) - omNode-1@group-523986131536->omNode-3-AppendLogResponseHandler: Failed appendEntries: org.apache.ratis.thirdparty.io.grpc.StatusRuntimeException: UNAVAILABLE: io exception
2022-08-10 09:23:26,617 [grpc-default-executor-3] INFO  leader.FollowerInfo (FollowerInfoImpl.java:lambda$new$0(48)) - omNode-1@group-523986131536->omNode-3: nextIndex: updateUnconditionally 171 -> 45
2022-08-10 09:23:26,623 [grpc-default-executor-1] WARN  server.GrpcLogAppender (LogUtils.java:warn(122)) - omNode-1@group-523986131536->omNode-3-AppendLogResponseHandler: Failed appendEntries: org.apache.ratis.thirdparty.io.grpc.StatusRuntimeException: UNAVAILABLE: io exception
2022-08-10 09:23:26,623 [grpc-default-executor-1] INFO  leader.FollowerInfo (FollowerInfoImpl.java:lambda$new$0(48)) - omNode-1@group-523986131536->omNode-3: nextIndex: updateUnconditionally 172 -> 45
2022-08-10 09:23:26,628 [grpc-default-executor-3] WARN  server.GrpcLogAppender (LogUtils.java:warn(122)) - omNode-1@group-523986131536->omNode-3-AppendLogResponseHandler: Failed appendEntries: org.apache.ratis.thirdparty.io.grpc.StatusRuntimeException: UNAVAILABLE: io exception
2022-08-10 09:23:26,628 [grpc-default-executor-3] INFO  leader.FollowerInfo (FollowerInfoImpl.java:lambda$new$0(48)) - omNode-1@group-523986131536->omNode-3: nextIndex: updateUnconditionally 172 -> 45
2022-08-10 09:23:26,632 [grpc-default-executor-1] WARN  server.GrpcLogAppender (LogUtils.java:warn(122)) - omNode-1@group-523986131536->omNode-3-AppendLogResponseHandler: Failed appendEntries: org.apache.ratis.thirdparty.io.grpc.StatusRuntimeException: UNAVAILABLE: io exception
2022-08-10 09:23:26,633 [grpc-default-executor-1] INFO  leader.FollowerInfo (FollowerInfoImpl.java:lambda$new$0(48)) - omNode-1@group-523986131536->omNode-3: nextIndex: updateUnconditionally 173 -> 45
2022-08-10 09:23:26,636 [grpc-default-executor-2] WARN  server.GrpcLogAppender (LogUtils.java:warn(122)) - omNode-1@group-523986131536->omNode-3-AppendLogResponseHandler: Failed appendEntries: org.apache.ratis.thirdparty.io.grpc.StatusRuntimeException: UNAVAILABLE: io exception
2022-08-10 09:23:26,636 [grpc-default-executor-2] INFO  leader.FollowerInfo (FollowerInfoImpl.java:lambda$new$0(48)) - omNode-1@group-523986131536->omNode-3: nextIndex: updateUnconditionally 174 -> 45
2022-08-10 09:23:26,647 [grpc-default-executor-3] WARN  server.GrpcLogAppender (LogUtils.java:warn(122)) - omNode-1@group-523986131536->omNode-3-AppendLogResponseHandler: Failed appendEntries: org.apache.ratis.thirdparty.io.grpc.StatusRuntimeException: UNAVAILABLE: io exception
2022-08-10 09:23:26,647 [grpc-default-executor-3] INFO  leader.FollowerInfo (FollowerInfoImpl.java:lambda$new$0(48)) - omNode-1@group-523986131536->omNode-3: nextIndex: updateUnconditionally 174 -> 45
2022-08-10 09:23:26,648 [grpc-default-executor-3] WARN  server.GrpcLogAppender (LogUtils.java:warn(122)) - omNode-1@group-523986131536->omNode-3-AppendLogResponseHandler: Failed appendEntries: org.apache.ratis.thirdparty.io.grpc.StatusRuntimeException: UNAVAILABLE: io exception
2022-08-10 09:23:26,649 [grpc-default-executor-3] INFO  leader.FollowerInfo (FollowerInfoImpl.java:lambda$new$0(48)) - omNode-1@group-523986131536->omNode-3: nextIndex: updateUnconditionally 174 -> 45
2022-08-10 09:23:26,657 [grpc-default-executor-3] WARN  server.GrpcLogAppender (LogUtils.java:warn(122)) - omNode-1@group-523986131536->omNode-3-AppendLogResponseHandler: Failed appendEntries: org.apache.ratis.thirdparty.io.grpc.StatusRuntimeException: UNAVAILABLE: io exception
2022-08-10 09:23:26,658 [grpc-default-executor-3] INFO  leader.FollowerInfo (FollowerInfoImpl.java:lambda$new$0(48)) - omNode-1@group-523986131536->omNode-3: nextIndex: updateUnconditionally 175 -> 45
2022-08-10 09:23:26,676 [grpc-default-executor-3] WARN  server.GrpcLogAppender (LogUtils.java:warn(122)) - omNode-1@group-523986131536->omNode-3-AppendLogResponseHandler: Failed appendEntries: org.apache.ratis.thirdparty.io.grpc.StatusRuntimeException: UNAVAILABLE: io exception
2022-08-10 09:23:26,676 [grpc-default-executor-3] INFO  leader.FollowerInfo (FollowerInfoImpl.java:lambda$new$0(48)) - omNode-1@group-523986131536->omNode-3: nextIndex: updateUnconditionally 175 -> 45
2022-08-10 09:23:26,677 [grpc-default-executor-3] WARN  server.GrpcLogAppender (LogUtils.java:warn(122)) - omNode-1@group-523986131536->omNode-3-AppendLogResponseHandler: Failed appendEntries: org.apache.ratis.thirdparty.io.grpc.StatusRuntimeException: UNAVAILABLE: io exception
2022-08-10 09:23:26,677 [grpc-default-executor-3] INFO  leader.FollowerInfo (FollowerInfoImpl.java:lambda$new$0(48)) - omNode-1@group-523986131536->omNode-3: nextIndex: updateUnconditionally 175 -> 45
2022-08-10 09:23:26,689 [grpc-default-executor-2] WARN  server.GrpcLogAppender (LogUtils.java:warn(122)) - omNode-1@group-523986131536->omNode-3-AppendLogResponseHandler: Failed appendEntries: org.apache.ratis.thirdparty.io.grpc.StatusRuntimeException: UNAVAILABLE: io exception
2022-08-10 09:23:26,690 [grpc-default-executor-2] INFO  leader.FollowerInfo (FollowerInfoImpl.java:lambda$new$0(48)) - omNode-1@group-523986131536->omNode-3: nextIndex: updateUnconditionally 176 -> 45
2022-08-10 09:23:26,700 [grpc-default-executor-3] WARN  server.GrpcLogAppender (LogUtils.java:warn(122)) - omNode-1@group-523986131536->omNode-3-AppendLogResponseHandler: Failed appendEntries: org.apache.ratis.thirdparty.io.grpc.StatusRuntimeException: UNAVAILABLE: io exception
2022-08-10 09:23:26,704 [grpc-default-executor-3] INFO  leader.FollowerInfo (FollowerInfoImpl.java:lambda$new$0(48)) - omNode-1@group-523986131536->omNode-3: nextIndex: updateUnconditionally 176 -> 45
2022-08-10 09:23:26,706 [grpc-default-executor-3] WARN  server.GrpcLogAppender (LogUtils.java:warn(122)) - omNode-1@group-523986131536->omNode-3-AppendLogResponseHandler: Failed appendEntries: org.apache.ratis.thirdparty.io.grpc.StatusRuntimeException: UNAVAILABLE: io exception
2022-08-10 09:23:26,706 [grpc-default-executor-3] INFO  leader.FollowerInfo (FollowerInfoImpl.java:lambda$new$0(48)) - omNode-1@group-523986131536->omNode-3: nextIndex: updateUnconditionally 177 -> 45
2022-08-10 09:23:26,709 [grpc-default-executor-3] WARN  server.GrpcLogAppender (LogUtils.java:warn(122)) - omNode-1@group-523986131536->omNode-3-AppendLogResponseHandler: Failed appendEntries: org.apache.ratis.thirdparty.io.grpc.StatusRuntimeException: UNAVAILABLE: io exception
2022-08-10 09:23:26,709 [grpc-default-executor-3] INFO  leader.FollowerInfo (FollowerInfoImpl.java:lambda$new$0(48)) - omNode-1@group-523986131536->omNode-3: nextIndex: updateUnconditionally 178 -> 45
2022-08-10 09:23:26,710 [grpc-default-executor-3] WARN  server.GrpcLogAppender (LogUtils.java:warn(122)) - omNode-1@group-523986131536->omNode-3-AppendLogResponseHandler: Failed appendEntries: org.apache.ratis.thirdparty.io.grpc.StatusRuntimeException: UNAVAILABLE: io exception
2022-08-10 09:23:26,710 [grpc-default-executor-3] INFO  leader.FollowerInfo (FollowerInfoImpl.java:lambda$new$0(48)) - omNode-1@group-523986131536->omNode-3: nextIndex: updateUnconditionally 178 -> 45
2022-08-10 09:23:26,716 [grpc-default-executor-3] WARN  server.GrpcLogAppender (LogUtils.java:warn(122)) - omNode-1@group-523986131536->omNode-3-AppendLogResponseHandler: Failed appendEntries: org.apache.ratis.thirdparty.io.grpc.StatusRuntimeException: UNAVAILABLE: io exception
2022-08-10 09:23:26,716 [grpc-default-executor-3] INFO  leader.FollowerInfo (FollowerInfoImpl.java:lambda$new$0(48)) - omNode-1@group-523986131536->omNode-3: nextIndex: updateUnconditionally 179 -> 45
2022-08-10 09:23:26,734 [grpc-default-executor-2] WARN  server.GrpcLogAppender (LogUtils.java:warn(122)) - omNode-1@group-523986131536->omNode-3-AppendLogResponseHandler: Failed appendEntries: org.apache.ratis.thirdparty.io.grpc.StatusRuntimeException: UNAVAILABLE: io exception
2022-08-10 09:23:26,734 [grpc-default-executor-2] INFO  leader.FollowerInfo (FollowerInfoImpl.java:lambda$new$0(48)) - omNode-1@group-523986131536->omNode-3: nextIndex: updateUnconditionally 179 -> 45
2022-08-10 09:23:26,735 [grpc-default-executor-2] WARN  server.GrpcLogAppender (LogUtils.java:warn(122)) - omNode-1@group-523986131536->omNode-3-AppendLogResponseHandler: Failed appendEntries: org.apache.ratis.thirdparty.io.grpc.StatusRuntimeException: UNAVAILABLE: io exception
2022-08-10 09:23:26,735 [grpc-default-executor-2] INFO  leader.FollowerInfo (FollowerInfoImpl.java:lambda$new$0(48)) - omNode-1@group-523986131536->omNode-3: nextIndex: updateUnconditionally 179 -> 45
2022-08-10 09:23:26,739 [grpc-default-executor-3] WARN  server.GrpcLogAppender (LogUtils.java:warn(122)) - omNode-1@group-523986131536->omNode-3-AppendLogResponseHandler: Failed appendEntries: org.apache.ratis.thirdparty.io.grpc.StatusRuntimeException: UNAVAILABLE: io exception
2022-08-10 09:23:26,739 [grpc-default-executor-3] INFO  leader.FollowerInfo (FollowerInfoImpl.java:lambda$new$0(48)) - omNode-1@group-523986131536->omNode-3: nextIndex: updateUnconditionally 180 -> 45
2022-08-10 09:23:26,742 [grpc-default-executor-3] WARN  server.GrpcLogAppender (LogUtils.java:warn(122)) - omNode-1@group-523986131536->omNode-3-AppendLogResponseHandler: Failed appendEntries: org.apache.ratis.thirdparty.io.grpc.StatusRuntimeException: UNAVAILABLE: io exception
2022-08-10 09:23:26,742 [grpc-default-executor-3] INFO  leader.FollowerInfo (FollowerInfoImpl.java:lambda$new$0(48)) - omNode-1@group-523986131536->omNode-3: nextIndex: updateUnconditionally 180 -> 45
2022-08-10 09:23:26,746 [grpc-default-executor-3] WARN  server.GrpcLogAppender (LogUtils.java:warn(122)) - omNode-1@group-523986131536->omNode-3-AppendLogResponseHandler: Failed appendEntries: org.apache.ratis.thirdparty.io.grpc.StatusRuntimeException: UNAVAILABLE: io exception
2022-08-10 09:23:26,746 [grpc-default-executor-3] INFO  leader.FollowerInfo (FollowerInfoImpl.java:lambda$new$0(48)) - omNode-1@group-523986131536->omNode-3: nextIndex: updateUnconditionally 181 -> 45
2022-08-10 09:23:26,749 [grpc-default-executor-3] WARN  server.GrpcLogAppender (LogUtils.java:warn(122)) - omNode-1@group-523986131536->omNode-3-AppendLogResponseHandler: Failed appendEntries: org.apache.ratis.thirdparty.io.grpc.StatusRuntimeException: UNAVAILABLE: io exception
2022-08-10 09:23:26,749 [grpc-default-executor-3] INFO  leader.FollowerInfo (FollowerInfoImpl.java:lambda$new$0(48)) - omNode-1@group-523986131536->omNode-3: nextIndex: updateUnconditionally 182 -> 45
2022-08-10 09:23:26,752 [grpc-default-executor-3] WARN  server.GrpcLogAppender (LogUtils.java:warn(122)) - omNode-1@group-523986131536->omNode-3-AppendLogResponseHandler: Failed appendEntries: org.apache.ratis.thirdparty.io.grpc.StatusRuntimeException: UNAVAILABLE: io exception
2022-08-10 09:23:26,753 [grpc-default-executor-3] INFO  leader.FollowerInfo (FollowerInfoImpl.java:lambda$new$0(48)) - omNode-1@group-523986131536->omNode-3: nextIndex: updateUnconditionally 182 -> 45
2022-08-10 09:23:26,754 [grpc-default-executor-3] WARN  server.GrpcLogAppender (LogUtils.java:warn(122)) - omNode-1@group-523986131536->omNode-3-AppendLogResponseHandler: Failed appendEntries: org.apache.ratis.thirdparty.io.grpc.StatusRuntimeException: UNAVAILABLE: io exception
2022-08-10 09:23:26,754 [grpc-default-executor-3] INFO  leader.FollowerInfo (FollowerInfoImpl.java:lambda$new$0(48)) - omNode-1@group-523986131536->omNode-3: nextIndex: updateUnconditionally 182 -> 45
2022-08-10 09:23:26,757 [grpc-default-executor-3] WARN  server.GrpcLogAppender (LogUtils.java:warn(122)) - omNode-1@group-523986131536->omNode-3-AppendLogResponseHandler: Failed appendEntries: org.apache.ratis.thirdparty.io.grpc.StatusRuntimeException: UNAVAILABLE: io exception
2022-08-10 09:23:26,757 [grpc-default-executor-3] INFO  leader.FollowerInfo (FollowerInfoImpl.java:lambda$new$0(48)) - omNode-1@group-523986131536->omNode-3: nextIndex: updateUnconditionally 183 -> 45
2022-08-10 09:23:26,775 [grpc-default-executor-2] WARN  server.GrpcLogAppender (LogUtils.java:warn(122)) - omNode-1@group-523986131536->omNode-3-AppendLogResponseHandler: Failed appendEntries: org.apache.ratis.thirdparty.io.grpc.StatusRuntimeException: UNAVAILABLE: io exception
2022-08-10 09:23:26,776 [grpc-default-executor-2] INFO  leader.FollowerInfo (FollowerInfoImpl.java:lambda$new$0(48)) - omNode-1@group-523986131536->omNode-3: nextIndex: updateUnconditionally 183 -> 45
2022-08-10 09:23:26,777 [grpc-default-executor-2] WARN  server.GrpcLogAppender (LogUtils.java:warn(122)) - omNode-1@group-523986131536->omNode-3-AppendLogResponseHandler: Failed appendEntries: org.apache.ratis.thirdparty.io.grpc.StatusRuntimeException: UNAVAILABLE: io exception
2022-08-10 09:23:26,777 [grpc-default-executor-2] INFO  leader.FollowerInfo (FollowerInfoImpl.java:lambda$new$0(48)) - omNode-1@group-523986131536->omNode-3: nextIndex: updateUnconditionally 183 -> 45
2022-08-10 09:23:26,786 [grpc-default-executor-3] WARN  server.GrpcLogAppender (LogUtils.java:warn(122)) - omNode-1@group-523986131536->omNode-3-AppendLogResponseHandler: Failed appendEntries: org.apache.ratis.thirdparty.io.grpc.StatusRuntimeException: UNAVAILABLE: io exception
2022-08-10 09:23:26,786 [grpc-default-executor-3] INFO  leader.FollowerInfo (FollowerInfoImpl.java:lambda$new$0(48)) - omNode-1@group-523986131536->omNode-3: nextIndex: updateUnconditionally 184 -> 45
2022-08-10 09:23:26,792 [grpc-default-executor-3] WARN  server.GrpcLogAppender (LogUtils.java:warn(122)) - omNode-1@group-523986131536->omNode-3-AppendLogResponseHandler: Failed appendEntries: org.apache.ratis.thirdparty.io.grpc.StatusRuntimeException: UNAVAILABLE: io exception
2022-08-10 09:23:26,792 [grpc-default-executor-3] INFO  leader.FollowerInfo (FollowerInfoImpl.java:lambda$new$0(48)) - omNode-1@group-523986131536->omNode-3: nextIndex: updateUnconditionally 184 -> 45
2022-08-10 09:23:26,794 [grpc-default-executor-2] WARN  server.GrpcLogAppender (LogUtils.java:warn(122)) - omNode-1@group-523986131536->omNode-3-AppendLogResponseHandler: Failed appendEntries: org.apache.ratis.thirdparty.io.grpc.StatusRuntimeException: UNAVAILABLE: io exception
2022-08-10 09:23:26,794 [grpc-default-executor-2] INFO  leader.FollowerInfo (FollowerInfoImpl.java:lambda$new$0(48)) - omNode-1@group-523986131536->omNode-3: nextIndex: updateUnconditionally 185 -> 45
2022-08-10 09:23:26,800 [grpc-default-executor-3] WARN  server.GrpcLogAppender (LogUtils.java:warn(122)) - omNode-1@group-523986131536->omNode-3-AppendLogResponseHandler: Failed appendEntries: org.apache.ratis.thirdparty.io.grpc.StatusRuntimeException: UNAVAILABLE: io exception
2022-08-10 09:23:26,800 [grpc-default-executor-3] INFO  leader.FollowerInfo (FollowerInfoImpl.java:lambda$new$0(48)) - omNode-1@group-523986131536->omNode-3: nextIndex: updateUnconditionally 186 -> 45
2022-08-10 09:23:26,805 [grpc-default-executor-3] WARN  server.GrpcLogAppender (LogUtils.java:warn(122)) - omNode-1@group-523986131536->omNode-3-AppendLogResponseHandler: Failed appendEntries: org.apache.ratis.thirdparty.io.grpc.StatusRuntimeException: UNAVAILABLE: io exception
2022-08-10 09:23:26,805 [grpc-default-executor-3] INFO  leader.FollowerInfo (FollowerInfoImpl.java:lambda$new$0(48)) - omNode-1@group-523986131536->omNode-3: nextIndex: updateUnconditionally 186 -> 45
2022-08-10 09:23:26,822 [grpc-default-executor-3] WARN  server.GrpcLogAppender (LogUtils.java:warn(122)) - omNode-1@group-523986131536->omNode-3-AppendLogResponseHandler: Failed appendEntries: org.apache.ratis.thirdparty.io.grpc.StatusRuntimeException: UNAVAILABLE: io exception
2022-08-10 09:23:26,823 [grpc-default-executor-3] INFO  leader.FollowerInfo (FollowerInfoImpl.java:lambda$new$0(48)) - omNode-1@group-523986131536->omNode-3: nextIndex: updateUnconditionally 187 -> 45
2022-08-10 09:23:26,835 [grpc-default-executor-3] WARN  server.GrpcLogAppender (LogUtils.java:warn(122)) - omNode-1@group-523986131536->omNode-3-AppendLogResponseHandler: Failed appendEntries: org.apache.ratis.thirdparty.io.grpc.StatusRuntimeException: UNAVAILABLE: io exception
2022-08-10 09:23:26,836 [grpc-default-executor-3] INFO  leader.FollowerInfo (FollowerInfoImpl.java:lambda$new$0(48)) - omNode-1@group-523986131536->omNode-3: nextIndex: updateUnconditionally 187 -> 45
2022-08-10 09:23:26,842 [grpc-default-executor-1] WARN  server.GrpcLogAppender (LogUtils.java:warn(122)) - omNode-1@group-523986131536->omNode-3-AppendLogResponseHandler: Failed appendEntries: org.apache.ratis.thirdparty.io.grpc.StatusRuntimeException: UNAVAILABLE: io exception
2022-08-10 09:23:26,842 [grpc-default-executor-1] INFO  leader.FollowerInfo (FollowerInfoImpl.java:lambda$new$0(48)) - omNode-1@group-523986131536->omNode-3: nextIndex: updateUnconditionally 187 -> 45
2022-08-10 09:23:26,849 [grpc-default-executor-2] WARN  server.GrpcLogAppender (LogUtils.java:warn(122)) - omNode-1@group-523986131536->omNode-3-AppendLogResponseHandler: Failed appendEntries: org.apache.ratis.thirdparty.io.grpc.StatusRuntimeException: UNAVAILABLE: io exception
2022-08-10 09:23:26,849 [grpc-default-executor-2] INFO  leader.FollowerInfo (FollowerInfoImpl.java:lambda$new$0(48)) - omNode-1@group-523986131536->omNode-3: nextIndex: updateUnconditionally 188 -> 45
2022-08-10 09:23:26,861 [grpc-default-executor-2] WARN  server.GrpcLogAppender (LogUtils.java:warn(122)) - omNode-1@group-523986131536->omNode-3-AppendLogResponseHandler: Failed appendEntries: org.apache.ratis.thirdparty.io.grpc.StatusRuntimeException: UNAVAILABLE: io exception
2022-08-10 09:23:26,864 [grpc-default-executor-2] INFO  leader.FollowerInfo (FollowerInfoImpl.java:lambda$new$0(48)) - omNode-1@group-523986131536->omNode-3: nextIndex: updateUnconditionally 188 -> 45
2022-08-10 09:23:26,865 [grpc-default-executor-2] WARN  server.GrpcLogAppender (LogUtils.java:warn(122)) - omNode-1@group-523986131536->omNode-3-AppendLogResponseHandler: Failed appendEntries: org.apache.ratis.thirdparty.io.grpc.StatusRuntimeException: UNAVAILABLE: io exception
2022-08-10 09:23:26,865 [grpc-default-executor-2] INFO  leader.FollowerInfo (FollowerInfoImpl.java:lambda$new$0(48)) - omNode-1@group-523986131536->omNode-3: nextIndex: updateUnconditionally 189 -> 45
2022-08-10 09:23:26,874 [grpc-default-executor-2] WARN  server.GrpcLogAppender (LogUtils.java:warn(122)) - omNode-1@group-523986131536->omNode-3-AppendLogResponseHandler: Failed appendEntries: org.apache.ratis.thirdparty.io.grpc.StatusRuntimeException: UNAVAILABLE: io exception
2022-08-10 09:23:26,874 [grpc-default-executor-2] INFO  leader.FollowerInfo (FollowerInfoImpl.java:lambda$new$0(48)) - omNode-1@group-523986131536->omNode-3: nextIndex: updateUnconditionally 190 -> 45
2022-08-10 09:23:26,876 [grpc-default-executor-1] WARN  server.GrpcLogAppender (LogUtils.java:warn(122)) - omNode-1@group-523986131536->omNode-3-AppendLogResponseHandler: Failed appendEntries: org.apache.ratis.thirdparty.io.grpc.StatusRuntimeException: UNAVAILABLE: io exception
2022-08-10 09:23:26,877 [grpc-default-executor-1] INFO  leader.FollowerInfo (FollowerInfoImpl.java:lambda$new$0(48)) - omNode-1@group-523986131536->omNode-3: nextIndex: updateUnconditionally 190 -> 45
2022-08-10 09:23:26,895 [grpc-default-executor-2] WARN  server.GrpcLogAppender (LogUtils.java:warn(122)) - omNode-1@group-523986131536->omNode-3-AppendLogResponseHandler: Failed appendEntries: org.apache.ratis.thirdparty.io.grpc.StatusRuntimeException: UNAVAILABLE: io exception
2022-08-10 09:23:26,896 [grpc-default-executor-2] INFO  leader.FollowerInfo (FollowerInfoImpl.java:lambda$new$0(48)) - omNode-1@group-523986131536->omNode-3: nextIndex: updateUnconditionally 191 -> 45
2022-08-10 09:23:26,914 [grpc-default-executor-2] WARN  server.GrpcLogAppender (LogUtils.java:warn(122)) - omNode-1@group-523986131536->omNode-3-AppendLogResponseHandler: Failed appendEntries: org.apache.ratis.thirdparty.io.grpc.StatusRuntimeException: UNAVAILABLE: io exception
2022-08-10 09:23:26,914 [grpc-default-executor-2] INFO  leader.FollowerInfo (FollowerInfoImpl.java:lambda$new$0(48)) - omNode-1@group-523986131536->omNode-3: nextIndex: updateUnconditionally 191 -> 45
2022-08-10 09:23:26,923 [grpc-default-executor-1] WARN  server.GrpcLogAppender (LogUtils.java:warn(122)) - omNode-1@group-523986131536->omNode-3-AppendLogResponseHandler: Failed appendEntries: org.apache.ratis.thirdparty.io.grpc.StatusRuntimeException: UNAVAILABLE: io exception
2022-08-10 09:23:26,923 [grpc-default-executor-1] INFO  leader.FollowerInfo (FollowerInfoImpl.java:lambda$new$0(48)) - omNode-1@group-523986131536->omNode-3: nextIndex: updateUnconditionally 192 -> 45
2022-08-10 09:23:26,933 [grpc-default-executor-1] WARN  server.GrpcLogAppender (LogUtils.java:warn(122)) - omNode-1@group-523986131536->omNode-3-AppendLogResponseHandler: Failed appendEntries: org.apache.ratis.thirdparty.io.grpc.StatusRuntimeException: UNAVAILABLE: io exception
2022-08-10 09:23:26,937 [grpc-default-executor-1] INFO  leader.FollowerInfo (FollowerInfoImpl.java:lambda$new$0(48)) - omNode-1@group-523986131536->omNode-3: nextIndex: updateUnconditionally 192 -> 45
2022-08-10 09:23:26,938 [grpc-default-executor-1] WARN  server.GrpcLogAppender (LogUtils.java:warn(122)) - omNode-1@group-523986131536->omNode-3-AppendLogResponseHandler: Failed appendEntries: org.apache.ratis.thirdparty.io.grpc.StatusRuntimeException: UNAVAILABLE: io exception
2022-08-10 09:23:26,938 [grpc-default-executor-1] INFO  leader.FollowerInfo (FollowerInfoImpl.java:lambda$new$0(48)) - omNode-1@group-523986131536->omNode-3: nextIndex: updateUnconditionally 193 -> 45
2022-08-10 09:23:26,944 [grpc-default-executor-1] WARN  server.GrpcLogAppender (LogUtils.java:warn(122)) - omNode-1@group-523986131536->omNode-3-AppendLogResponseHandler: Failed appendEntries: org.apache.ratis.thirdparty.io.grpc.StatusRuntimeException: UNAVAILABLE: io exception
2022-08-10 09:23:26,944 [grpc-default-executor-1] INFO  leader.FollowerInfo (FollowerInfoImpl.java:lambda$new$0(48)) - omNode-1@group-523986131536->omNode-3: nextIndex: updateUnconditionally 194 -> 45
2022-08-10 09:23:26,952 [grpc-default-executor-2] WARN  server.GrpcLogAppender (LogUtils.java:warn(122)) - omNode-1@group-523986131536->omNode-3-AppendLogResponseHandler: Failed appendEntries: org.apache.ratis.thirdparty.io.grpc.StatusRuntimeException: UNAVAILABLE: io exception
2022-08-10 09:23:26,953 [grpc-default-executor-2] INFO  leader.FollowerInfo (FollowerInfoImpl.java:lambda$new$0(48)) - omNode-1@group-523986131536->omNode-3: nextIndex: updateUnconditionally 195 -> 45
2022-08-10 09:23:26,968 [grpc-default-executor-1] WARN  server.GrpcLogAppender (LogUtils.java:warn(122)) - omNode-1@group-523986131536->omNode-3-AppendLogResponseHandler: Failed appendEntries: org.apache.ratis.thirdparty.io.grpc.StatusRuntimeException: UNAVAILABLE: io exception
2022-08-10 09:23:26,968 [grpc-default-executor-1] INFO  leader.FollowerInfo (FollowerInfoImpl.java:lambda$new$0(48)) - omNode-1@group-523986131536->omNode-3: nextIndex: updateUnconditionally 195 -> 45
2022-08-10 09:23:26,969 [grpc-default-executor-1] WARN  server.GrpcLogAppender (LogUtils.java:warn(122)) - omNode-1@group-523986131536->omNode-3-AppendLogResponseHandler: Failed appendEntries: org.apache.ratis.thirdparty.io.grpc.StatusRuntimeException: UNAVAILABLE: io exception
2022-08-10 09:23:26,970 [grpc-default-executor-1] INFO  leader.FollowerInfo (FollowerInfoImpl.java:lambda$new$0(48)) - omNode-1@group-523986131536->omNode-3: nextIndex: updateUnconditionally 195 -> 45
2022-08-10 09:23:26,976 [grpc-default-executor-2] WARN  server.GrpcLogAppender (LogUtils.java:warn(122)) - omNode-1@group-523986131536->omNode-3-AppendLogResponseHandler: Failed appendEntries: org.apache.ratis.thirdparty.io.grpc.StatusRuntimeException: UNAVAILABLE: io exception
2022-08-10 09:23:26,976 [grpc-default-executor-2] INFO  leader.FollowerInfo (FollowerInfoImpl.java:lambda$new$0(48)) - omNode-1@group-523986131536->omNode-3: nextIndex: updateUnconditionally 196 -> 45
2022-08-10 09:23:26,980 [grpc-default-executor-2] WARN  server.GrpcLogAppender (LogUtils.java:warn(122)) - omNode-1@group-523986131536->omNode-3-AppendLogResponseHandler: Failed appendEntries: org.apache.ratis.thirdparty.io.grpc.StatusRuntimeException: UNAVAILABLE: io exception
2022-08-10 09:23:26,980 [grpc-default-executor-2] INFO  leader.FollowerInfo (FollowerInfoImpl.java:lambda$new$0(48)) - omNode-1@group-523986131536->omNode-3: nextIndex: updateUnconditionally 196 -> 45
2022-08-10 09:23:26,985 [grpc-default-executor-1] WARN  server.GrpcLogAppender (LogUtils.java:warn(122)) - omNode-1@group-523986131536->omNode-3-AppendLogResponseHandler: Failed appendEntries: org.apache.ratis.thirdparty.io.grpc.StatusRuntimeException: UNAVAILABLE: io exception
2022-08-10 09:23:26,985 [grpc-default-executor-1] INFO  leader.FollowerInfo (FollowerInfoImpl.java:lambda$new$0(48)) - omNode-1@group-523986131536->omNode-3: nextIndex: updateUnconditionally 197 -> 45
2022-08-10 09:23:26,989 [grpc-default-executor-2] WARN  server.GrpcLogAppender (LogUtils.java:warn(122)) - omNode-1@group-523986131536->omNode-3-AppendLogResponseHandler: Failed appendEntries: org.apache.ratis.thirdparty.io.grpc.StatusRuntimeException: UNAVAILABLE: io exception
2022-08-10 09:23:26,989 [grpc-default-executor-2] INFO  leader.FollowerInfo (FollowerInfoImpl.java:lambda$new$0(48)) - omNode-1@group-523986131536->omNode-3: nextIndex: updateUnconditionally 198 -> 45
2022-08-10 09:23:27,000 [grpc-default-executor-2] WARN  server.GrpcLogAppender (LogUtils.java:warn(122)) - omNode-1@group-523986131536->omNode-3-AppendLogResponseHandler: Failed appendEntries: org.apache.ratis.thirdparty.io.grpc.StatusRuntimeException: UNAVAILABLE: io exception
2022-08-10 09:23:27,001 [grpc-default-executor-2] INFO  leader.FollowerInfo (FollowerInfoImpl.java:lambda$new$0(48)) - omNode-1@group-523986131536->omNode-3: nextIndex: updateUnconditionally 199 -> 45
2022-08-10 09:23:27,005 [grpc-default-executor-2] WARN  server.GrpcLogAppender (LogUtils.java:warn(122)) - omNode-1@group-523986131536->omNode-3-AppendLogResponseHandler: Failed appendEntries: org.apache.ratis.thirdparty.io.grpc.StatusRuntimeException: UNAVAILABLE: io exception
2022-08-10 09:23:27,006 [grpc-default-executor-2] INFO  leader.FollowerInfo (FollowerInfoImpl.java:lambda$new$0(48)) - omNode-1@group-523986131536->omNode-3: nextIndex: updateUnconditionally 199 -> 45
2022-08-10 09:23:27,007 [grpc-default-executor-2] WARN  server.GrpcLogAppender (LogUtils.java:warn(122)) - omNode-1@group-523986131536->omNode-3-AppendLogResponseHandler: Failed appendEntries: org.apache.ratis.thirdparty.io.grpc.StatusRuntimeException: UNAVAILABLE: io exception
2022-08-10 09:23:27,007 [grpc-default-executor-2] INFO  leader.FollowerInfo (FollowerInfoImpl.java:lambda$new$0(48)) - omNode-1@group-523986131536->omNode-3: nextIndex: updateUnconditionally 199 -> 45
2022-08-10 09:23:27,014 [grpc-default-executor-1] WARN  server.GrpcLogAppender (LogUtils.java:warn(122)) - omNode-1@group-523986131536->omNode-3-AppendLogResponseHandler: Failed appendEntries: org.apache.ratis.thirdparty.io.grpc.StatusRuntimeException: UNAVAILABLE: io exception
2022-08-10 09:23:27,014 [grpc-default-executor-1] INFO  leader.FollowerInfo (FollowerInfoImpl.java:lambda$new$0(48)) - omNode-1@group-523986131536->omNode-3: nextIndex: updateUnconditionally 200 -> 45
2022-08-10 09:23:27,016 [grpc-default-executor-2] WARN  server.GrpcLogAppender (LogUtils.java:warn(122)) - omNode-1@group-523986131536->omNode-3-AppendLogResponseHandler: Failed appendEntries: org.apache.ratis.thirdparty.io.grpc.StatusRuntimeException: UNAVAILABLE: io exception
2022-08-10 09:23:27,016 [grpc-default-executor-2] INFO  leader.FollowerInfo (FollowerInfoImpl.java:lambda$new$0(48)) - omNode-1@group-523986131536->omNode-3: nextIndex: updateUnconditionally 200 -> 45
2022-08-10 09:23:27,021 [grpc-default-executor-2] WARN  server.GrpcLogAppender (LogUtils.java:warn(122)) - omNode-1@group-523986131536->omNode-3-AppendLogResponseHandler: Failed appendEntries: org.apache.ratis.thirdparty.io.grpc.StatusRuntimeException: UNAVAILABLE: io exception
2022-08-10 09:23:27,021 [grpc-default-executor-2] INFO  leader.FollowerInfo (FollowerInfoImpl.java:lambda$new$0(48)) - omNode-1@group-523986131536->omNode-3: nextIndex: updateUnconditionally 201 -> 45
2022-08-10 09:23:27,023 [grpc-default-executor-1] WARN  server.GrpcLogAppender (LogUtils.java:warn(122)) - omNode-1@group-523986131536->omNode-3-AppendLogResponseHandler: Failed appendEntries: org.apache.ratis.thirdparty.io.grpc.StatusRuntimeException: UNAVAILABLE: io exception
2022-08-10 09:23:27,023 [grpc-default-executor-1] INFO  leader.FollowerInfo (FollowerInfoImpl.java:lambda$new$0(48)) - omNode-1@group-523986131536->omNode-3: nextIndex: updateUnconditionally 202 -> 45
2022-08-10 09:23:27,038 [omNode-1@group-523986131536-StateMachineUpdater] INFO  ratis.OzoneManagerStateMachine (OzoneManagerStateMachine.java:takeSnapshot(441)) - Current Snapshot Index (t:3, i:200)
2022-08-10 09:23:27,038 [grpc-default-executor-2] WARN  server.GrpcLogAppender (LogUtils.java:warn(122)) - omNode-1@group-523986131536->omNode-3-AppendLogResponseHandler: Failed appendEntries: org.apache.ratis.thirdparty.io.grpc.StatusRuntimeException: UNAVAILABLE: io exception
2022-08-10 09:23:27,039 [omNode-1@group-523986131536-StateMachineUpdater] INFO  impl.StateMachineUpdater (StateMachineUpdater.java:takeSnapshot(287)) - omNode-1@group-523986131536-StateMachineUpdater: Took a snapshot at index 200
2022-08-10 09:23:27,039 [omNode-1@group-523986131536-StateMachineUpdater] INFO  impl.StateMachineUpdater (StateMachineUpdater.java:lambda$new$0(92)) - omNode-1@group-523986131536-StateMachineUpdater: snapshotIndex: updateIncreasingly 150 -> 200
2022-08-10 09:23:27,039 [omNode-1@group-523986131536-StateMachineUpdater] INFO  raftlog.RaftLog (RaftLogBase.java:purge(308)) - omNode-1@group-523986131536-SegmentedRaftLog: purge 200
2022-08-10 09:23:27,039 [omNode-1@group-523986131536-StateMachineUpdater] INFO  raftlog.RaftLog (RaftLogBase.java:lambda$new$0(53)) - omNode-1@group-523986131536-SegmentedRaftLog: snapshotIndex: updateIncreasingly 150 -> 200
2022-08-10 09:23:27,039 [omNode-1@group-523986131536-StateMachineUpdater] INFO  raftlog.RaftLog (RaftLogBase.java:lambda$new$0(53)) - omNode-1@group-523986131536-SegmentedRaftLog: purgeIndex: updateToMax old=150, new=200, updated? true
2022-08-10 09:23:27,039 [grpc-default-executor-2] INFO  leader.FollowerInfo (FollowerInfoImpl.java:lambda$new$0(48)) - omNode-1@group-523986131536->omNode-3: nextIndex: updateUnconditionally 202 -> 45
2022-08-10 09:23:27,040 [grpc-default-executor-2] WARN  server.GrpcLogAppender (LogUtils.java:warn(122)) - omNode-1@group-523986131536->omNode-3-AppendLogResponseHandler: Failed appendEntries: org.apache.ratis.thirdparty.io.grpc.StatusRuntimeException: UNAVAILABLE: io exception
2022-08-10 09:23:27,040 [grpc-default-executor-2] INFO  leader.FollowerInfo (FollowerInfoImpl.java:lambda$new$0(48)) - omNode-1@group-523986131536->omNode-3: nextIndex: updateUnconditionally 202 -> 45
2022-08-10 09:23:27,049 [grpc-default-executor-2] WARN  server.GrpcLogAppender (LogUtils.java:warn(122)) - omNode-1@group-523986131536->omNode-3-AppendLogResponseHandler: Failed appendEntries: org.apache.ratis.thirdparty.io.grpc.StatusRuntimeException: UNAVAILABLE: io exception
2022-08-10 09:23:27,049 [grpc-default-executor-2] INFO  leader.FollowerInfo (FollowerInfoImpl.java:lambda$new$0(48)) - omNode-1@group-523986131536->omNode-3: nextIndex: updateUnconditionally 203 -> 45
2022-08-10 09:23:27,060 [grpc-default-executor-1] WARN  server.GrpcLogAppender (LogUtils.java:warn(122)) - omNode-1@group-523986131536->omNode-3-AppendLogResponseHandler: Failed appendEntries: org.apache.ratis.thirdparty.io.grpc.StatusRuntimeException: UNAVAILABLE: io exception
2022-08-10 09:23:27,060 [grpc-default-executor-1] INFO  leader.FollowerInfo (FollowerInfoImpl.java:lambda$new$0(48)) - omNode-1@group-523986131536->omNode-3: nextIndex: updateUnconditionally 204 -> 45
2022-08-10 09:23:27,065 [grpc-default-executor-1] WARN  server.GrpcLogAppender (LogUtils.java:warn(122)) - omNode-1@group-523986131536->omNode-3-AppendLogResponseHandler: Failed appendEntries: org.apache.ratis.thirdparty.io.grpc.StatusRuntimeException: UNAVAILABLE: io exception
2022-08-10 09:23:27,066 [grpc-default-executor-1] INFO  leader.FollowerInfo (FollowerInfoImpl.java:lambda$new$0(48)) - omNode-1@group-523986131536->omNode-3: nextIndex: updateUnconditionally 204 -> 45
2022-08-10 09:23:27,068 [grpc-default-executor-1] WARN  server.GrpcLogAppender (LogUtils.java:warn(122)) - omNode-1@group-523986131536->omNode-3-AppendLogResponseHandler: Failed appendEntries: org.apache.ratis.thirdparty.io.grpc.StatusRuntimeException: UNAVAILABLE: io exception
2022-08-10 09:23:27,068 [grpc-default-executor-1] INFO  leader.FollowerInfo (FollowerInfoImpl.java:lambda$new$0(48)) - omNode-1@group-523986131536->omNode-3: nextIndex: updateUnconditionally 205 -> 45
2022-08-10 09:23:27,086 [grpc-default-executor-1] WARN  server.GrpcLogAppender (LogUtils.java:warn(122)) - omNode-1@group-523986131536->omNode-3-AppendLogResponseHandler: Failed appendEntries: org.apache.ratis.thirdparty.io.grpc.StatusRuntimeException: UNAVAILABLE: io exception
2022-08-10 09:23:27,086 [grpc-default-executor-1] INFO  leader.FollowerInfo (FollowerInfoImpl.java:lambda$new$0(48)) - omNode-1@group-523986131536->omNode-3: nextIndex: updateUnconditionally 205 -> 45
2022-08-10 09:23:27,087 [grpc-default-executor-1] WARN  server.GrpcLogAppender (LogUtils.java:warn(122)) - omNode-1@group-523986131536->omNode-3-AppendLogResponseHandler: Failed appendEntries: org.apache.ratis.thirdparty.io.grpc.StatusRuntimeException: UNAVAILABLE: io exception
2022-08-10 09:23:27,088 [grpc-default-executor-1] INFO  leader.FollowerInfo (FollowerInfoImpl.java:lambda$new$0(48)) - omNode-1@group-523986131536->omNode-3: nextIndex: updateUnconditionally 205 -> 45
2022-08-10 09:23:27,097 [grpc-default-executor-1] WARN  server.GrpcLogAppender (LogUtils.java:warn(122)) - omNode-1@group-523986131536->omNode-3-AppendLogResponseHandler: Failed appendEntries: org.apache.ratis.thirdparty.io.grpc.StatusRuntimeException: UNAVAILABLE: io exception
2022-08-10 09:23:27,097 [grpc-default-executor-1] INFO  leader.FollowerInfo (FollowerInfoImpl.java:lambda$new$0(48)) - omNode-1@group-523986131536->omNode-3: nextIndex: updateUnconditionally 206 -> 45
2022-08-10 09:23:27,108 [omNode-2@group-523986131536-StateMachineUpdater] INFO  ratis.OzoneManagerStateMachine (OzoneManagerStateMachine.java:takeSnapshot(441)) - Current Snapshot Index (t:3, i:204)
2022-08-10 09:23:27,108 [omNode-2@group-523986131536-StateMachineUpdater] INFO  impl.StateMachineUpdater (StateMachineUpdater.java:takeSnapshot(287)) - omNode-2@group-523986131536-StateMachineUpdater: Took a snapshot at index 204
2022-08-10 09:23:27,108 [omNode-2@group-523986131536-StateMachineUpdater] INFO  impl.StateMachineUpdater (StateMachineUpdater.java:lambda$new$0(92)) - omNode-2@group-523986131536-StateMachineUpdater: snapshotIndex: updateIncreasingly 153 -> 204
2022-08-10 09:23:27,108 [omNode-2@group-523986131536-StateMachineUpdater] INFO  raftlog.RaftLog (RaftLogBase.java:purge(308)) - omNode-2@group-523986131536-SegmentedRaftLog: purge 204
2022-08-10 09:23:27,108 [omNode-2@group-523986131536-StateMachineUpdater] INFO  raftlog.RaftLog (RaftLogBase.java:lambda$new$0(53)) - omNode-2@group-523986131536-SegmentedRaftLog: snapshotIndex: updateIncreasingly 153 -> 204
2022-08-10 09:23:27,109 [omNode-2@group-523986131536-StateMachineUpdater] INFO  raftlog.RaftLog (RaftLogBase.java:lambda$new$0(53)) - omNode-2@group-523986131536-SegmentedRaftLog: purgeIndex: updateToMax old=153, new=204, updated? true
2022-08-10 09:23:27,109 [grpc-default-executor-2] WARN  server.GrpcLogAppender (LogUtils.java:warn(122)) - omNode-1@group-523986131536->omNode-3-AppendLogResponseHandler: Failed appendEntries: org.apache.ratis.thirdparty.io.grpc.StatusRuntimeException: UNAVAILABLE: io exception
2022-08-10 09:23:27,110 [grpc-default-executor-2] INFO  leader.FollowerInfo (FollowerInfoImpl.java:lambda$new$0(48)) - omNode-1@group-523986131536->omNode-3: nextIndex: updateUnconditionally 206 -> 45
2022-08-10 09:23:27,116 [grpc-default-executor-2] WARN  server.GrpcLogAppender (LogUtils.java:warn(122)) - omNode-1@group-523986131536->omNode-3-AppendLogResponseHandler: Failed appendEntries: org.apache.ratis.thirdparty.io.grpc.StatusRuntimeException: UNAVAILABLE: io exception
2022-08-10 09:23:27,116 [grpc-default-executor-2] INFO  leader.FollowerInfo (FollowerInfoImpl.java:lambda$new$0(48)) - omNode-1@group-523986131536->omNode-3: nextIndex: updateUnconditionally 207 -> 45
2022-08-10 09:23:27,129 [grpc-default-executor-1] WARN  server.GrpcLogAppender (LogUtils.java:warn(122)) - omNode-1@group-523986131536->omNode-3-AppendLogResponseHandler: Failed appendEntries: org.apache.ratis.thirdparty.io.grpc.StatusRuntimeException: UNAVAILABLE: io exception
2022-08-10 09:23:27,130 [grpc-default-executor-1] INFO  leader.FollowerInfo (FollowerInfoImpl.java:lambda$new$0(48)) - omNode-1@group-523986131536->omNode-3: nextIndex: updateUnconditionally 207 -> 45
2022-08-10 09:23:27,137 [grpc-default-executor-3] WARN  server.GrpcLogAppender (LogUtils.java:warn(122)) - omNode-1@group-523986131536->omNode-3-AppendLogResponseHandler: Failed appendEntries: org.apache.ratis.thirdparty.io.grpc.StatusRuntimeException: UNAVAILABLE: io exception
2022-08-10 09:23:27,137 [grpc-default-executor-3] INFO  leader.FollowerInfo (FollowerInfoImpl.java:lambda$new$0(48)) - omNode-1@group-523986131536->omNode-3: nextIndex: updateUnconditionally 207 -> 45
2022-08-10 09:23:27,149 [grpc-default-executor-3] WARN  server.GrpcLogAppender (LogUtils.java:warn(122)) - omNode-1@group-523986131536->omNode-3-AppendLogResponseHandler: Failed appendEntries: org.apache.ratis.thirdparty.io.grpc.StatusRuntimeException: UNAVAILABLE: io exception
2022-08-10 09:23:27,149 [grpc-default-executor-3] INFO  leader.FollowerInfo (FollowerInfoImpl.java:lambda$new$0(48)) - omNode-1@group-523986131536->omNode-3: nextIndex: updateUnconditionally 208 -> 45
2022-08-10 09:23:27,159 [grpc-default-executor-2] WARN  server.GrpcLogAppender (LogUtils.java:warn(122)) - omNode-1@group-523986131536->omNode-3-AppendLogResponseHandler: Failed appendEntries: org.apache.ratis.thirdparty.io.grpc.StatusRuntimeException: UNAVAILABLE: io exception
2022-08-10 09:23:27,159 [grpc-default-executor-2] INFO  leader.FollowerInfo (FollowerInfoImpl.java:lambda$new$0(48)) - omNode-1@group-523986131536->omNode-3: nextIndex: updateUnconditionally 209 -> 45
2022-08-10 09:23:27,167 [grpc-default-executor-2] WARN  server.GrpcLogAppender (LogUtils.java:warn(122)) - omNode-1@group-523986131536->omNode-3-AppendLogResponseHandler: Failed appendEntries: org.apache.ratis.thirdparty.io.grpc.StatusRuntimeException: UNAVAILABLE: io exception
2022-08-10 09:23:27,167 [grpc-default-executor-2] INFO  leader.FollowerInfo (FollowerInfoImpl.java:lambda$new$0(48)) - omNode-1@group-523986131536->omNode-3: nextIndex: updateUnconditionally 210 -> 45
2022-08-10 09:23:27,170 [grpc-default-executor-3] WARN  server.GrpcLogAppender (LogUtils.java:warn(122)) - omNode-1@group-523986131536->omNode-3-AppendLogResponseHandler: Failed appendEntries: org.apache.ratis.thirdparty.io.grpc.StatusRuntimeException: UNAVAILABLE: io exception
2022-08-10 09:23:27,170 [grpc-default-executor-3] INFO  leader.FollowerInfo (FollowerInfoImpl.java:lambda$new$0(48)) - omNode-1@group-523986131536->omNode-3: nextIndex: updateUnconditionally 210 -> 45
2022-08-10 09:23:27,188 [grpc-default-executor-3] WARN  server.GrpcLogAppender (LogUtils.java:warn(122)) - omNode-1@group-523986131536->omNode-3-AppendLogResponseHandler: Failed appendEntries: org.apache.ratis.thirdparty.io.grpc.StatusRuntimeException: UNAVAILABLE: io exception
2022-08-10 09:23:27,189 [grpc-default-executor-3] INFO  leader.FollowerInfo (FollowerInfoImpl.java:lambda$new$0(48)) - omNode-1@group-523986131536->omNode-3: nextIndex: updateUnconditionally 48 -> 45
2022-08-10 09:23:27,203 [grpc-default-executor-3] WARN  server.GrpcLogAppender (LogUtils.java:warn(122)) - omNode-1@group-523986131536->omNode-3-AppendLogResponseHandler: Failed appendEntries: org.apache.ratis.thirdparty.io.grpc.StatusRuntimeException: UNAVAILABLE: io exception
2022-08-10 09:23:27,203 [grpc-default-executor-3] INFO  leader.FollowerInfo (FollowerInfoImpl.java:lambda$new$0(48)) - omNode-1@group-523986131536->omNode-3: nextIndex: updateUnconditionally 211 -> 45
2022-08-10 09:23:27,204 [grpc-default-executor-3] WARN  server.GrpcLogAppender (LogUtils.java:warn(122)) - omNode-1@group-523986131536->omNode-3-AppendLogResponseHandler: Failed appendEntries: org.apache.ratis.thirdparty.io.grpc.StatusRuntimeException: UNAVAILABLE: io exception
2022-08-10 09:23:27,204 [grpc-default-executor-3] INFO  leader.FollowerInfo (FollowerInfoImpl.java:lambda$new$0(48)) - omNode-1@group-523986131536->omNode-3: nextIndex: updateUnconditionally 211 -> 45
2022-08-10 09:23:27,210 [grpc-default-executor-3] WARN  server.GrpcLogAppender (LogUtils.java:warn(122)) - omNode-1@group-523986131536->omNode-3-AppendLogResponseHandler: Failed appendEntries: org.apache.ratis.thirdparty.io.grpc.StatusRuntimeException: UNAVAILABLE: io exception
2022-08-10 09:23:27,210 [grpc-default-executor-3] INFO  leader.FollowerInfo (FollowerInfoImpl.java:lambda$new$0(48)) - omNode-1@group-523986131536->omNode-3: nextIndex: updateUnconditionally 212 -> 45
2022-08-10 09:23:27,224 [grpc-default-executor-2] WARN  server.GrpcLogAppender (LogUtils.java:warn(122)) - omNode-1@group-523986131536->omNode-3-AppendLogResponseHandler: Failed appendEntries: org.apache.ratis.thirdparty.io.grpc.StatusRuntimeException: UNAVAILABLE: io exception
2022-08-10 09:23:27,225 [grpc-default-executor-2] INFO  leader.FollowerInfo (FollowerInfoImpl.java:lambda$new$0(48)) - omNode-1@group-523986131536->omNode-3: nextIndex: updateUnconditionally 212 -> 45
2022-08-10 09:23:27,230 [grpc-default-executor-3] WARN  server.GrpcLogAppender (LogUtils.java:warn(122)) - omNode-1@group-523986131536->omNode-3-AppendLogResponseHandler: Failed appendEntries: org.apache.ratis.thirdparty.io.grpc.StatusRuntimeException: UNAVAILABLE: io exception
2022-08-10 09:23:27,231 [grpc-default-executor-3] INFO  leader.FollowerInfo (FollowerInfoImpl.java:lambda$new$0(48)) - omNode-1@group-523986131536->omNode-3: nextIndex: updateUnconditionally 213 -> 45
2022-08-10 09:23:27,233 [grpc-default-executor-3] WARN  server.GrpcLogAppender (LogUtils.java:warn(122)) - omNode-1@group-523986131536->omNode-3-AppendLogResponseHandler: Failed appendEntries: org.apache.ratis.thirdparty.io.grpc.StatusRuntimeException: UNAVAILABLE: io exception
2022-08-10 09:23:27,233 [grpc-default-executor-3] INFO  leader.FollowerInfo (FollowerInfoImpl.java:lambda$new$0(48)) - omNode-1@group-523986131536->omNode-3: nextIndex: updateUnconditionally 214 -> 45
2022-08-10 09:23:27,250 [grpc-default-executor-2] WARN  server.GrpcLogAppender (LogUtils.java:warn(122)) - omNode-1@group-523986131536->omNode-3-AppendLogResponseHandler: Failed appendEntries: org.apache.ratis.thirdparty.io.grpc.StatusRuntimeException: UNAVAILABLE: io exception
2022-08-10 09:23:27,250 [grpc-default-executor-2] INFO  leader.FollowerInfo (FollowerInfoImpl.java:lambda$new$0(48)) - omNode-1@group-523986131536->omNode-3: nextIndex: updateUnconditionally 214 -> 45
2022-08-10 09:23:27,251 [grpc-default-executor-2] WARN  server.GrpcLogAppender (LogUtils.java:warn(122)) - omNode-1@group-523986131536->omNode-3-AppendLogResponseHandler: Failed appendEntries: org.apache.ratis.thirdparty.io.grpc.StatusRuntimeException: UNAVAILABLE: io exception
2022-08-10 09:23:27,251 [grpc-default-executor-2] INFO  leader.FollowerInfo (FollowerInfoImpl.java:lambda$new$0(48)) - omNode-1@group-523986131536->omNode-3: nextIndex: updateUnconditionally 214 -> 45
2022-08-10 09:23:27,267 [grpc-default-executor-3] WARN  server.GrpcLogAppender (LogUtils.java:warn(122)) - omNode-1@group-523986131536->omNode-3-AppendLogResponseHandler: Failed appendEntries: org.apache.ratis.thirdparty.io.grpc.StatusRuntimeException: UNAVAILABLE: io exception
2022-08-10 09:23:27,268 [grpc-default-executor-3] INFO  leader.FollowerInfo (FollowerInfoImpl.java:lambda$new$0(48)) - omNode-1@group-523986131536->omNode-3: nextIndex: updateUnconditionally 215 -> 45
2022-08-10 09:23:27,296 [grpc-default-executor-2] WARN  server.GrpcLogAppender (LogUtils.java:warn(122)) - omNode-1@group-523986131536->omNode-3-AppendLogResponseHandler: Failed appendEntries: org.apache.ratis.thirdparty.io.grpc.StatusRuntimeException: UNAVAILABLE: io exception
2022-08-10 09:23:27,296 [grpc-default-executor-2] INFO  leader.FollowerInfo (FollowerInfoImpl.java:lambda$new$0(48)) - omNode-1@group-523986131536->omNode-3: nextIndex: updateUnconditionally 216 -> 45
2022-08-10 09:23:27,299 [grpc-default-executor-3] WARN  server.GrpcLogAppender (LogUtils.java:warn(122)) - omNode-1@group-523986131536->omNode-3-AppendLogResponseHandler: Failed appendEntries: org.apache.ratis.thirdparty.io.grpc.StatusRuntimeException: UNAVAILABLE: io exception
2022-08-10 09:23:27,300 [grpc-default-executor-3] INFO  leader.FollowerInfo (FollowerInfoImpl.java:lambda$new$0(48)) - omNode-1@group-523986131536->omNode-3: nextIndex: updateUnconditionally 216 -> 45
2022-08-10 09:23:27,317 [grpc-default-executor-3] WARN  server.GrpcLogAppender (LogUtils.java:warn(122)) - omNode-1@group-523986131536->omNode-3-AppendLogResponseHandler: Failed appendEntries: org.apache.ratis.thirdparty.io.grpc.StatusRuntimeException: UNAVAILABLE: io exception
2022-08-10 09:23:27,317 [grpc-default-executor-3] INFO  leader.FollowerInfo (FollowerInfoImpl.java:lambda$new$0(48)) - omNode-1@group-523986131536->omNode-3: nextIndex: updateUnconditionally 217 -> 45
2022-08-10 09:23:27,320 [grpc-default-executor-2] WARN  server.GrpcLogAppender (LogUtils.java:warn(122)) - omNode-1@group-523986131536->omNode-3-AppendLogResponseHandler: Failed appendEntries: org.apache.ratis.thirdparty.io.grpc.StatusRuntimeException: UNAVAILABLE: io exception
2022-08-10 09:23:27,320 [grpc-default-executor-2] INFO  leader.FollowerInfo (FollowerInfoImpl.java:lambda$new$0(48)) - omNode-1@group-523986131536->omNode-3: nextIndex: updateUnconditionally 218 -> 45
2022-08-10 09:23:27,327 [grpc-default-executor-3] WARN  server.GrpcLogAppender (LogUtils.java:warn(122)) - omNode-1@group-523986131536->omNode-3-AppendLogResponseHandler: Failed appendEntries: org.apache.ratis.thirdparty.io.grpc.StatusRuntimeException: UNAVAILABLE: io exception
2022-08-10 09:23:27,327 [grpc-default-executor-3] INFO  leader.FollowerInfo (FollowerInfoImpl.java:lambda$new$0(48)) - omNode-1@group-523986131536->omNode-3: nextIndex: updateUnconditionally 218 -> 45
2022-08-10 09:23:27,336 [grpc-default-executor-2] WARN  server.GrpcLogAppender (LogUtils.java:warn(122)) - omNode-1@group-523986131536->omNode-3-AppendLogResponseHandler: Failed appendEntries: org.apache.ratis.thirdparty.io.grpc.StatusRuntimeException: UNAVAILABLE: io exception
2022-08-10 09:23:27,337 [grpc-default-executor-2] INFO  leader.FollowerInfo (FollowerInfoImpl.java:lambda$new$0(48)) - omNode-1@group-523986131536->omNode-3: nextIndex: updateUnconditionally 219 -> 45
2022-08-10 09:23:27,352 [grpc-default-executor-3] WARN  server.GrpcLogAppender (LogUtils.java:warn(122)) - omNode-1@group-523986131536->omNode-3-AppendLogResponseHandler: Failed appendEntries: org.apache.ratis.thirdparty.io.grpc.StatusRuntimeException: UNAVAILABLE: io exception
2022-08-10 09:23:27,352 [grpc-default-executor-3] INFO  leader.FollowerInfo (FollowerInfoImpl.java:lambda$new$0(48)) - omNode-1@group-523986131536->omNode-3: nextIndex: updateUnconditionally 219 -> 45
2022-08-10 09:23:27,359 [grpc-default-executor-3] WARN  server.GrpcLogAppender (LogUtils.java:warn(122)) - omNode-1@group-523986131536->omNode-3-AppendLogResponseHandler: Failed appendEntries: org.apache.ratis.thirdparty.io.grpc.StatusRuntimeException: UNAVAILABLE: io exception
2022-08-10 09:23:27,360 [grpc-default-executor-3] INFO  leader.FollowerInfo (FollowerInfoImpl.java:lambda$new$0(48)) - omNode-1@group-523986131536->omNode-3: nextIndex: updateUnconditionally 220 -> 45
2022-08-10 09:23:27,371 [grpc-default-executor-3] WARN  server.GrpcLogAppender (LogUtils.java:warn(122)) - omNode-1@group-523986131536->omNode-3-AppendLogResponseHandler: Failed appendEntries: org.apache.ratis.thirdparty.io.grpc.StatusRuntimeException: UNAVAILABLE: io exception
2022-08-10 09:23:27,371 [grpc-default-executor-3] INFO  leader.FollowerInfo (FollowerInfoImpl.java:lambda$new$0(48)) - omNode-1@group-523986131536->omNode-3: nextIndex: updateUnconditionally 220 -> 45
2022-08-10 09:23:27,378 [grpc-default-executor-3] WARN  server.GrpcLogAppender (LogUtils.java:warn(122)) - omNode-1@group-523986131536->omNode-3-AppendLogResponseHandler: Failed appendEntries: org.apache.ratis.thirdparty.io.grpc.StatusRuntimeException: UNAVAILABLE: io exception
2022-08-10 09:23:27,378 [grpc-default-executor-3] INFO  leader.FollowerInfo (FollowerInfoImpl.java:lambda$new$0(48)) - omNode-1@group-523986131536->omNode-3: nextIndex: updateUnconditionally 222 -> 45
2022-08-10 09:23:27,380 [EndpointStateMachine task thread for /0.0.0.0:42301 - 0 ] INFO  ipc.Client (Client.java:handleConnectionFailure(977)) - Retrying connect to server: 0.0.0.0/0.0.0.0:42301. Already tried 6 time(s); retry policy is RetryUpToMaximumCountWithFixedSleep(maxRetries=15, sleepTime=1000 MILLISECONDS)
2022-08-10 09:23:27,386 [grpc-default-executor-3] WARN  server.GrpcLogAppender (LogUtils.java:warn(122)) - omNode-1@group-523986131536->omNode-3-AppendLogResponseHandler: Failed appendEntries: org.apache.ratis.thirdparty.io.grpc.StatusRuntimeException: UNAVAILABLE: io exception
2022-08-10 09:23:27,386 [grpc-default-executor-3] INFO  leader.FollowerInfo (FollowerInfoImpl.java:lambda$new$0(48)) - omNode-1@group-523986131536->omNode-3: nextIndex: updateUnconditionally 222 -> 45
2022-08-10 09:23:27,387 [grpc-default-executor-3] WARN  server.GrpcLogAppender (LogUtils.java:warn(122)) - omNode-1@group-523986131536->omNode-3-AppendLogResponseHandler: Failed appendEntries: org.apache.ratis.thirdparty.io.grpc.StatusRuntimeException: UNAVAILABLE: io exception
2022-08-10 09:23:27,387 [grpc-default-executor-3] INFO  leader.FollowerInfo (FollowerInfoImpl.java:lambda$new$0(48)) - omNode-1@group-523986131536->omNode-3: nextIndex: updateUnconditionally 222 -> 45
2022-08-10 09:23:27,393 [grpc-default-executor-3] WARN  server.GrpcLogAppender (LogUtils.java:warn(122)) - omNode-1@group-523986131536->omNode-3-AppendLogResponseHandler: Failed appendEntries: org.apache.ratis.thirdparty.io.grpc.StatusRuntimeException: UNAVAILABLE: io exception
2022-08-10 09:23:27,393 [grpc-default-executor-3] INFO  leader.FollowerInfo (FollowerInfoImpl.java:lambda$new$0(48)) - omNode-1@group-523986131536->omNode-3: nextIndex: updateUnconditionally 223 -> 45
2022-08-10 09:23:27,402 [grpc-default-executor-2] WARN  server.GrpcLogAppender (LogUtils.java:warn(122)) - omNode-1@group-523986131536->omNode-3-AppendLogResponseHandler: Failed appendEntries: org.apache.ratis.thirdparty.io.grpc.StatusRuntimeException: UNAVAILABLE: io exception
2022-08-10 09:23:27,402 [grpc-default-executor-2] INFO  leader.FollowerInfo (FollowerInfoImpl.java:lambda$new$0(48)) - omNode-1@group-523986131536->omNode-3: nextIndex: updateUnconditionally 223 -> 45
2022-08-10 09:23:27,404 [grpc-default-executor-2] WARN  server.GrpcLogAppender (LogUtils.java:warn(122)) - omNode-1@group-523986131536->omNode-3-AppendLogResponseHandler: Failed appendEntries: org.apache.ratis.thirdparty.io.grpc.StatusRuntimeException: UNAVAILABLE: io exception
2022-08-10 09:23:27,404 [grpc-default-executor-2] INFO  leader.FollowerInfo (FollowerInfoImpl.java:lambda$new$0(48)) - omNode-1@group-523986131536->omNode-3: nextIndex: updateUnconditionally 223 -> 45
2022-08-10 09:23:27,409 [grpc-default-executor-3] WARN  server.GrpcLogAppender (LogUtils.java:warn(122)) - omNode-1@group-523986131536->omNode-3-AppendLogResponseHandler: Failed appendEntries: org.apache.ratis.thirdparty.io.grpc.StatusRuntimeException: UNAVAILABLE: io exception
2022-08-10 09:23:27,409 [grpc-default-executor-3] INFO  leader.FollowerInfo (FollowerInfoImpl.java:lambda$new$0(48)) - omNode-1@group-523986131536->omNode-3: nextIndex: updateUnconditionally 224 -> 45
2022-08-10 09:23:27,418 [grpc-default-executor-3] WARN  server.GrpcLogAppender (LogUtils.java:warn(122)) - omNode-1@group-523986131536->omNode-3-AppendLogResponseHandler: Failed appendEntries: org.apache.ratis.thirdparty.io.grpc.StatusRuntimeException: UNAVAILABLE: io exception
2022-08-10 09:23:27,418 [grpc-default-executor-3] INFO  leader.FollowerInfo (FollowerInfoImpl.java:lambda$new$0(48)) - omNode-1@group-523986131536->omNode-3: nextIndex: updateUnconditionally 224 -> 45
2022-08-10 09:23:27,419 [grpc-default-executor-3] WARN  server.GrpcLogAppender (LogUtils.java:warn(122)) - omNode-1@group-523986131536->omNode-3-AppendLogResponseHandler: Failed appendEntries: org.apache.ratis.thirdparty.io.grpc.StatusRuntimeException: UNAVAILABLE: io exception
2022-08-10 09:23:27,419 [grpc-default-executor-3] INFO  leader.FollowerInfo (FollowerInfoImpl.java:lambda$new$0(48)) - omNode-1@group-523986131536->omNode-3: nextIndex: updateUnconditionally 225 -> 45
2022-08-10 09:23:27,426 [grpc-default-executor-3] WARN  server.GrpcLogAppender (LogUtils.java:warn(122)) - omNode-1@group-523986131536->omNode-3-AppendLogResponseHandler: Failed appendEntries: org.apache.ratis.thirdparty.io.grpc.StatusRuntimeException: UNAVAILABLE: io exception
2022-08-10 09:23:27,427 [grpc-default-executor-3] INFO  leader.FollowerInfo (FollowerInfoImpl.java:lambda$new$0(48)) - omNode-1@group-523986131536->omNode-3: nextIndex: updateUnconditionally 226 -> 45
2022-08-10 09:23:27,428 [grpc-default-executor-2] WARN  server.GrpcLogAppender (LogUtils.java:warn(122)) - omNode-1@group-523986131536->omNode-3-AppendLogResponseHandler: Failed appendEntries: org.apache.ratis.thirdparty.io.grpc.StatusRuntimeException: UNAVAILABLE: io exception
2022-08-10 09:23:27,429 [grpc-default-executor-2] INFO  leader.FollowerInfo (FollowerInfoImpl.java:lambda$new$0(48)) - omNode-1@group-523986131536->omNode-3: nextIndex: updateUnconditionally 226 -> 45
2022-08-10 09:23:27,434 [grpc-default-executor-2] WARN  server.GrpcLogAppender (LogUtils.java:warn(122)) - omNode-1@group-523986131536->omNode-3-AppendLogResponseHandler: Failed appendEntries: org.apache.ratis.thirdparty.io.grpc.StatusRuntimeException: UNAVAILABLE: io exception
2022-08-10 09:23:27,434 [grpc-default-executor-2] INFO  leader.FollowerInfo (FollowerInfoImpl.java:lambda$new$0(48)) - omNode-1@group-523986131536->omNode-3: nextIndex: updateUnconditionally 227 -> 45
2022-08-10 09:23:27,439 [grpc-default-executor-3] WARN  server.GrpcLogAppender (LogUtils.java:warn(122)) - omNode-1@group-523986131536->omNode-3-AppendLogResponseHandler: Failed appendEntries: org.apache.ratis.thirdparty.io.grpc.StatusRuntimeException: UNAVAILABLE: io exception
2022-08-10 09:23:27,439 [grpc-default-executor-3] INFO  leader.FollowerInfo (FollowerInfoImpl.java:lambda$new$0(48)) - omNode-1@group-523986131536->omNode-3: nextIndex: updateUnconditionally 227 -> 45
2022-08-10 09:23:27,441 [grpc-default-executor-3] WARN  server.GrpcLogAppender (LogUtils.java:warn(122)) - omNode-1@group-523986131536->omNode-3-AppendLogResponseHandler: Failed appendEntries: org.apache.ratis.thirdparty.io.grpc.StatusRuntimeException: UNAVAILABLE: io exception
2022-08-10 09:23:27,442 [grpc-default-executor-3] INFO  leader.FollowerInfo (FollowerInfoImpl.java:lambda$new$0(48)) - omNode-1@group-523986131536->omNode-3: nextIndex: updateUnconditionally 227 -> 45
2022-08-10 09:23:27,449 [grpc-default-executor-2] WARN  server.GrpcLogAppender (LogUtils.java:warn(122)) - omNode-1@group-523986131536->omNode-3-AppendLogResponseHandler: Failed appendEntries: org.apache.ratis.thirdparty.io.grpc.StatusRuntimeException: UNAVAILABLE: io exception
2022-08-10 09:23:27,449 [grpc-default-executor-2] INFO  leader.FollowerInfo (FollowerInfoImpl.java:lambda$new$0(48)) - omNode-1@group-523986131536->omNode-3: nextIndex: updateUnconditionally 228 -> 45
2022-08-10 09:23:27,461 [grpc-default-executor-2] WARN  server.GrpcLogAppender (LogUtils.java:warn(122)) - omNode-1@group-523986131536->omNode-3-AppendLogResponseHandler: Failed appendEntries: org.apache.ratis.thirdparty.io.grpc.StatusRuntimeException: UNAVAILABLE: io exception
2022-08-10 09:23:27,462 [grpc-default-executor-2] INFO  leader.FollowerInfo (FollowerInfoImpl.java:lambda$new$0(48)) - omNode-1@group-523986131536->omNode-3: nextIndex: updateUnconditionally 228 -> 45
2022-08-10 09:23:27,465 [grpc-default-executor-3] WARN  server.GrpcLogAppender (LogUtils.java:warn(122)) - omNode-1@group-523986131536->omNode-3-AppendLogResponseHandler: Failed appendEntries: org.apache.ratis.thirdparty.io.grpc.StatusRuntimeException: UNAVAILABLE: io exception
2022-08-10 09:23:27,465 [grpc-default-executor-3] INFO  leader.FollowerInfo (FollowerInfoImpl.java:lambda$new$0(48)) - omNode-1@group-523986131536->omNode-3: nextIndex: updateUnconditionally 230 -> 45
2022-08-10 09:23:27,478 [grpc-default-executor-2] WARN  server.GrpcLogAppender (LogUtils.java:warn(122)) - omNode-1@group-523986131536->omNode-3-AppendLogResponseHandler: Failed appendEntries: org.apache.ratis.thirdparty.io.grpc.StatusRuntimeException: UNAVAILABLE: io exception
2022-08-10 09:23:27,479 [grpc-default-executor-2] INFO  leader.FollowerInfo (FollowerInfoImpl.java:lambda$new$0(48)) - omNode-1@group-523986131536->omNode-3: nextIndex: updateUnconditionally 230 -> 45
2022-08-10 09:23:27,481 [grpc-default-executor-2] WARN  server.GrpcLogAppender (LogUtils.java:warn(122)) - omNode-1@group-523986131536->omNode-3-AppendLogResponseHandler: Failed appendEntries: org.apache.ratis.thirdparty.io.grpc.StatusRuntimeException: UNAVAILABLE: io exception
2022-08-10 09:23:27,482 [grpc-default-executor-2] INFO  leader.FollowerInfo (FollowerInfoImpl.java:lambda$new$0(48)) - omNode-1@group-523986131536->omNode-3: nextIndex: updateUnconditionally 231 -> 45
2022-08-10 09:23:27,497 [grpc-default-executor-3] WARN  server.GrpcLogAppender (LogUtils.java:warn(122)) - omNode-1@group-523986131536->omNode-3-AppendLogResponseHandler: Failed appendEntries: org.apache.ratis.thirdparty.io.grpc.StatusRuntimeException: UNAVAILABLE: io exception
2022-08-10 09:23:27,497 [grpc-default-executor-3] INFO  leader.FollowerInfo (FollowerInfoImpl.java:lambda$new$0(48)) - omNode-1@group-523986131536->omNode-3: nextIndex: updateUnconditionally 231 -> 45
2022-08-10 09:23:27,513 [grpc-default-executor-2] WARN  server.GrpcLogAppender (LogUtils.java:warn(122)) - omNode-1@group-523986131536->omNode-3-AppendLogResponseHandler: Failed appendEntries: org.apache.ratis.thirdparty.io.grpc.StatusRuntimeException: UNAVAILABLE: io exception
2022-08-10 09:23:27,513 [grpc-default-executor-2] INFO  leader.FollowerInfo (FollowerInfoImpl.java:lambda$new$0(48)) - omNode-1@group-523986131536->omNode-3: nextIndex: updateUnconditionally 231 -> 45
2022-08-10 09:23:27,533 [grpc-default-executor-2] WARN  server.GrpcLogAppender (LogUtils.java:warn(122)) - omNode-1@group-523986131536->omNode-3-AppendLogResponseHandler: Failed appendEntries: org.apache.ratis.thirdparty.io.grpc.StatusRuntimeException: UNAVAILABLE: io exception
2022-08-10 09:23:27,534 [grpc-default-executor-2] INFO  leader.FollowerInfo (FollowerInfoImpl.java:lambda$new$0(48)) - omNode-1@group-523986131536->omNode-3: nextIndex: updateUnconditionally 232 -> 45
2022-08-10 09:23:27,552 [grpc-default-executor-3] WARN  server.GrpcLogAppender (LogUtils.java:warn(122)) - omNode-1@group-523986131536->omNode-3-AppendLogResponseHandler: Failed appendEntries: org.apache.ratis.thirdparty.io.grpc.StatusRuntimeException: UNAVAILABLE: io exception
2022-08-10 09:23:27,553 [grpc-default-executor-3] INFO  leader.FollowerInfo (FollowerInfoImpl.java:lambda$new$0(48)) - omNode-1@group-523986131536->omNode-3: nextIndex: updateUnconditionally 232 -> 45
2022-08-10 09:23:27,554 [grpc-default-executor-2] WARN  server.GrpcLogAppender (LogUtils.java:warn(122)) - omNode-1@group-523986131536->omNode-3-AppendLogResponseHandler: Failed appendEntries: org.apache.ratis.thirdparty.io.grpc.StatusRuntimeException: UNAVAILABLE: io exception
2022-08-10 09:23:27,554 [grpc-default-executor-2] INFO  leader.FollowerInfo (FollowerInfoImpl.java:lambda$new$0(48)) - omNode-1@group-523986131536->omNode-3: nextIndex: updateUnconditionally 234 -> 45
2022-08-10 09:23:27,571 [grpc-default-executor-2] WARN  server.GrpcLogAppender (LogUtils.java:warn(122)) - omNode-1@group-523986131536->omNode-3-AppendLogResponseHandler: Failed appendEntries: org.apache.ratis.thirdparty.io.grpc.StatusRuntimeException: UNAVAILABLE: io exception
2022-08-10 09:23:27,571 [grpc-default-executor-2] INFO  leader.FollowerInfo (FollowerInfoImpl.java:lambda$new$0(48)) - omNode-1@group-523986131536->omNode-3: nextIndex: updateUnconditionally 234 -> 45
2022-08-10 09:23:27,582 [grpc-default-executor-3] WARN  server.GrpcLogAppender (LogUtils.java:warn(122)) - omNode-1@group-523986131536->omNode-3-AppendLogResponseHandler: Failed appendEntries: org.apache.ratis.thirdparty.io.grpc.StatusRuntimeException: UNAVAILABLE: io exception
2022-08-10 09:23:27,583 [grpc-default-executor-3] INFO  leader.FollowerInfo (FollowerInfoImpl.java:lambda$new$0(48)) - omNode-1@group-523986131536->omNode-3: nextIndex: updateUnconditionally 235 -> 45
2022-08-10 09:23:27,599 [grpc-default-executor-3] WARN  server.GrpcLogAppender (LogUtils.java:warn(122)) - omNode-1@group-523986131536->omNode-3-AppendLogResponseHandler: Failed appendEntries: org.apache.ratis.thirdparty.io.grpc.StatusRuntimeException: UNAVAILABLE: io exception
2022-08-10 09:23:27,600 [grpc-default-executor-3] INFO  leader.FollowerInfo (FollowerInfoImpl.java:lambda$new$0(48)) - omNode-1@group-523986131536->omNode-3: nextIndex: updateUnconditionally 235 -> 45
2022-08-10 09:23:27,610 [grpc-default-executor-2] WARN  server.GrpcLogAppender (LogUtils.java:warn(122)) - omNode-1@group-523986131536->omNode-3-AppendLogResponseHandler: Failed appendEntries: org.apache.ratis.thirdparty.io.grpc.StatusRuntimeException: UNAVAILABLE: io exception
2022-08-10 09:23:27,610 [grpc-default-executor-2] INFO  leader.FollowerInfo (FollowerInfoImpl.java:lambda$new$0(48)) - omNode-1@group-523986131536->omNode-3: nextIndex: updateUnconditionally 236 -> 45
2022-08-10 09:23:27,612 [grpc-default-executor-3] WARN  server.GrpcLogAppender (LogUtils.java:warn(122)) - omNode-1@group-523986131536->omNode-3-AppendLogResponseHandler: Failed appendEntries: org.apache.ratis.thirdparty.io.grpc.StatusRuntimeException: UNAVAILABLE: io exception
2022-08-10 09:23:27,612 [grpc-default-executor-3] INFO  leader.FollowerInfo (FollowerInfoImpl.java:lambda$new$0(48)) - omNode-1@group-523986131536->omNode-3: nextIndex: updateUnconditionally 237 -> 45
2022-08-10 09:23:27,615 [grpc-default-executor-3] WARN  server.GrpcLogAppender (LogUtils.java:warn(122)) - omNode-1@group-523986131536->omNode-3-AppendLogResponseHandler: Failed appendEntries: org.apache.ratis.thirdparty.io.grpc.StatusRuntimeException: UNAVAILABLE: io exception
2022-08-10 09:23:27,616 [grpc-default-executor-3] INFO  leader.FollowerInfo (FollowerInfoImpl.java:lambda$new$0(48)) - omNode-1@group-523986131536->omNode-3: nextIndex: updateUnconditionally 238 -> 45
2022-08-10 09:23:27,624 [grpc-default-executor-3] WARN  server.GrpcLogAppender (LogUtils.java:warn(122)) - omNode-1@group-523986131536->omNode-3-AppendLogResponseHandler: Failed appendEntries: org.apache.ratis.thirdparty.io.grpc.StatusRuntimeException: UNAVAILABLE: io exception
2022-08-10 09:23:27,624 [grpc-default-executor-3] INFO  leader.FollowerInfo (FollowerInfoImpl.java:lambda$new$0(48)) - omNode-1@group-523986131536->omNode-3: nextIndex: updateUnconditionally 238 -> 45
2022-08-10 09:23:27,625 [grpc-default-executor-3] WARN  server.GrpcLogAppender (LogUtils.java:warn(122)) - omNode-1@group-523986131536->omNode-3-AppendLogResponseHandler: Failed appendEntries: org.apache.ratis.thirdparty.io.grpc.StatusRuntimeException: UNAVAILABLE: io exception
2022-08-10 09:23:27,625 [grpc-default-executor-3] INFO  leader.FollowerInfo (FollowerInfoImpl.java:lambda$new$0(48)) - omNode-1@group-523986131536->omNode-3: nextIndex: updateUnconditionally 238 -> 45
2022-08-10 09:23:27,635 [grpc-default-executor-3] WARN  server.GrpcLogAppender (LogUtils.java:warn(122)) - omNode-1@group-523986131536->omNode-3-AppendLogResponseHandler: Failed appendEntries: org.apache.ratis.thirdparty.io.grpc.StatusRuntimeException: UNAVAILABLE: io exception
2022-08-10 09:23:27,635 [grpc-default-executor-3] INFO  leader.FollowerInfo (FollowerInfoImpl.java:lambda$new$0(48)) - omNode-1@group-523986131536->omNode-3: nextIndex: updateUnconditionally 239 -> 45
2022-08-10 09:23:27,656 [grpc-default-executor-2] WARN  server.GrpcLogAppender (LogUtils.java:warn(122)) - omNode-1@group-523986131536->omNode-3-AppendLogResponseHandler: Failed appendEntries: org.apache.ratis.thirdparty.io.grpc.StatusRuntimeException: UNAVAILABLE: io exception
2022-08-10 09:23:27,656 [grpc-default-executor-2] INFO  leader.FollowerInfo (FollowerInfoImpl.java:lambda$new$0(48)) - omNode-1@group-523986131536->omNode-3: nextIndex: updateUnconditionally 239 -> 45
2022-08-10 09:23:27,659 [grpc-default-executor-1] WARN  server.GrpcLogAppender (LogUtils.java:warn(122)) - omNode-1@group-523986131536->omNode-3-AppendLogResponseHandler: Failed appendEntries: org.apache.ratis.thirdparty.io.grpc.StatusRuntimeException: UNAVAILABLE: io exception
2022-08-10 09:23:27,660 [grpc-default-executor-1] INFO  leader.FollowerInfo (FollowerInfoImpl.java:lambda$new$0(48)) - omNode-1@group-523986131536->omNode-3: nextIndex: updateUnconditionally 240 -> 45
2022-08-10 09:23:27,669 [grpc-default-executor-3] WARN  server.GrpcLogAppender (LogUtils.java:warn(122)) - omNode-1@group-523986131536->omNode-3-AppendLogResponseHandler: Failed appendEntries: org.apache.ratis.thirdparty.io.grpc.StatusRuntimeException: UNAVAILABLE: io exception
2022-08-10 09:23:27,669 [grpc-default-executor-3] INFO  leader.FollowerInfo (FollowerInfoImpl.java:lambda$new$0(48)) - omNode-1@group-523986131536->omNode-3: nextIndex: updateUnconditionally 240 -> 45
2022-08-10 09:23:27,672 [grpc-default-executor-3] WARN  server.GrpcLogAppender (LogUtils.java:warn(122)) - omNode-1@group-523986131536->omNode-3-AppendLogResponseHandler: Failed appendEntries: org.apache.ratis.thirdparty.io.grpc.StatusRuntimeException: UNAVAILABLE: io exception
2022-08-10 09:23:27,673 [grpc-default-executor-3] INFO  leader.FollowerInfo (FollowerInfoImpl.java:lambda$new$0(48)) - omNode-1@group-523986131536->omNode-3: nextIndex: updateUnconditionally 242 -> 45
2022-08-10 09:23:27,684 [grpc-default-executor-3] WARN  server.GrpcLogAppender (LogUtils.java:warn(122)) - omNode-1@group-523986131536->omNode-3-AppendLogResponseHandler: Failed appendEntries: org.apache.ratis.thirdparty.io.grpc.StatusRuntimeException: UNAVAILABLE: io exception
2022-08-10 09:23:27,685 [grpc-default-executor-3] INFO  leader.FollowerInfo (FollowerInfoImpl.java:lambda$new$0(48)) - omNode-1@group-523986131536->omNode-3: nextIndex: updateUnconditionally 242 -> 45
2022-08-10 09:23:27,692 [grpc-default-executor-3] WARN  server.GrpcLogAppender (LogUtils.java:warn(122)) - omNode-1@group-523986131536->omNode-3-AppendLogResponseHandler: Failed appendEntries: org.apache.ratis.thirdparty.io.grpc.StatusRuntimeException: UNAVAILABLE: io exception
2022-08-10 09:23:27,692 [grpc-default-executor-3] INFO  leader.FollowerInfo (FollowerInfoImpl.java:lambda$new$0(48)) - omNode-1@group-523986131536->omNode-3: nextIndex: updateUnconditionally 243 -> 45
2022-08-10 09:23:27,704 [grpc-default-executor-3] WARN  server.GrpcLogAppender (LogUtils.java:warn(122)) - omNode-1@group-523986131536->omNode-3-AppendLogResponseHandler: Failed appendEntries: org.apache.ratis.thirdparty.io.grpc.StatusRuntimeException: UNAVAILABLE: io exception
2022-08-10 09:23:27,704 [grpc-default-executor-3] INFO  leader.FollowerInfo (FollowerInfoImpl.java:lambda$new$0(48)) - omNode-1@group-523986131536->omNode-3: nextIndex: updateUnconditionally 243 -> 45
2022-08-10 09:23:27,705 [grpc-default-executor-3] WARN  server.GrpcLogAppender (LogUtils.java:warn(122)) - omNode-1@group-523986131536->omNode-3-AppendLogResponseHandler: Failed appendEntries: org.apache.ratis.thirdparty.io.grpc.StatusRuntimeException: UNAVAILABLE: io exception
2022-08-10 09:23:27,706 [grpc-default-executor-3] INFO  leader.FollowerInfo (FollowerInfoImpl.java:lambda$new$0(48)) - omNode-1@group-523986131536->omNode-3: nextIndex: updateUnconditionally 243 -> 45
2022-08-10 09:23:27,717 [grpc-default-executor-1] WARN  server.GrpcLogAppender (LogUtils.java:warn(122)) - omNode-1@group-523986131536->omNode-3-AppendLogResponseHandler: Failed appendEntries: org.apache.ratis.thirdparty.io.grpc.StatusRuntimeException: UNAVAILABLE: io exception
2022-08-10 09:23:27,717 [grpc-default-executor-1] INFO  leader.FollowerInfo (FollowerInfoImpl.java:lambda$new$0(48)) - omNode-1@group-523986131536->omNode-3: nextIndex: updateUnconditionally 244 -> 45
2022-08-10 09:23:27,726 [grpc-default-executor-1] WARN  server.GrpcLogAppender (LogUtils.java:warn(122)) - omNode-1@group-523986131536->omNode-3-AppendLogResponseHandler: Failed appendEntries: org.apache.ratis.thirdparty.io.grpc.StatusRuntimeException: UNAVAILABLE: io exception
2022-08-10 09:23:27,726 [grpc-default-executor-1] INFO  leader.FollowerInfo (FollowerInfoImpl.java:lambda$new$0(48)) - omNode-1@group-523986131536->omNode-3: nextIndex: updateUnconditionally 244 -> 45
2022-08-10 09:23:27,730 [grpc-default-executor-3] WARN  server.GrpcLogAppender (LogUtils.java:warn(122)) - omNode-1@group-523986131536->omNode-3-AppendLogResponseHandler: Failed appendEntries: org.apache.ratis.thirdparty.io.grpc.StatusRuntimeException: UNAVAILABLE: io exception
2022-08-10 09:23:27,730 [grpc-default-executor-3] INFO  leader.FollowerInfo (FollowerInfoImpl.java:lambda$new$0(48)) - omNode-1@group-523986131536->omNode-3: nextIndex: updateUnconditionally 245 -> 45
2022-08-10 09:23:27,732 [grpc-default-executor-1] WARN  server.GrpcLogAppender (LogUtils.java:warn(122)) - omNode-1@group-523986131536->omNode-3-AppendLogResponseHandler: Failed appendEntries: org.apache.ratis.thirdparty.io.grpc.StatusRuntimeException: UNAVAILABLE: io exception
2022-08-10 09:23:27,732 [grpc-default-executor-1] INFO  leader.FollowerInfo (FollowerInfoImpl.java:lambda$new$0(48)) - omNode-1@group-523986131536->omNode-3: nextIndex: updateUnconditionally 246 -> 45
2022-08-10 09:23:27,738 [grpc-default-executor-1] WARN  server.GrpcLogAppender (LogUtils.java:warn(122)) - omNode-1@group-523986131536->omNode-3-AppendLogResponseHandler: Failed appendEntries: org.apache.ratis.thirdparty.io.grpc.StatusRuntimeException: UNAVAILABLE: io exception
2022-08-10 09:23:27,738 [grpc-default-executor-1] INFO  leader.FollowerInfo (FollowerInfoImpl.java:lambda$new$0(48)) - omNode-1@group-523986131536->omNode-3: nextIndex: updateUnconditionally 246 -> 45
2022-08-10 09:23:27,739 [grpc-default-executor-1] WARN  server.GrpcLogAppender (LogUtils.java:warn(122)) - omNode-1@group-523986131536->omNode-3-AppendLogResponseHandler: Failed appendEntries: org.apache.ratis.thirdparty.io.grpc.StatusRuntimeException: UNAVAILABLE: io exception
2022-08-10 09:23:27,739 [grpc-default-executor-1] INFO  leader.FollowerInfo (FollowerInfoImpl.java:lambda$new$0(48)) - omNode-1@group-523986131536->omNode-3: nextIndex: updateUnconditionally 246 -> 45
2022-08-10 09:23:27,743 [grpc-default-executor-1] WARN  server.GrpcLogAppender (LogUtils.java:warn(122)) - omNode-1@group-523986131536->omNode-3-AppendLogResponseHandler: Failed appendEntries: org.apache.ratis.thirdparty.io.grpc.StatusRuntimeException: UNAVAILABLE: io exception
2022-08-10 09:23:27,744 [grpc-default-executor-1] INFO  leader.FollowerInfo (FollowerInfoImpl.java:lambda$new$0(48)) - omNode-1@group-523986131536->omNode-3: nextIndex: updateUnconditionally 247 -> 45
2022-08-10 09:23:27,754 [grpc-default-executor-3] WARN  server.GrpcLogAppender (LogUtils.java:warn(122)) - omNode-1@group-523986131536->omNode-3-AppendLogResponseHandler: Failed appendEntries: org.apache.ratis.thirdparty.io.grpc.StatusRuntimeException: UNAVAILABLE: io exception
2022-08-10 09:23:27,754 [grpc-default-executor-3] INFO  leader.FollowerInfo (FollowerInfoImpl.java:lambda$new$0(48)) - omNode-1@group-523986131536->omNode-3: nextIndex: updateUnconditionally 247 -> 45
2022-08-10 09:23:27,762 [grpc-default-executor-1] WARN  server.GrpcLogAppender (LogUtils.java:warn(122)) - omNode-1@group-523986131536->omNode-3-AppendLogResponseHandler: Failed appendEntries: org.apache.ratis.thirdparty.io.grpc.StatusRuntimeException: UNAVAILABLE: io exception
2022-08-10 09:23:27,762 [grpc-default-executor-1] INFO  leader.FollowerInfo (FollowerInfoImpl.java:lambda$new$0(48)) - omNode-1@group-523986131536->omNode-3: nextIndex: updateUnconditionally 248 -> 45
2022-08-10 09:23:27,771 [grpc-default-executor-1] WARN  server.GrpcLogAppender (LogUtils.java:warn(122)) - omNode-1@group-523986131536->omNode-3-AppendLogResponseHandler: Failed appendEntries: org.apache.ratis.thirdparty.io.grpc.StatusRuntimeException: UNAVAILABLE: io exception
2022-08-10 09:23:27,771 [grpc-default-executor-1] INFO  leader.FollowerInfo (FollowerInfoImpl.java:lambda$new$0(48)) - omNode-1@group-523986131536->omNode-3: nextIndex: updateUnconditionally 248 -> 45
2022-08-10 09:23:27,774 [grpc-default-executor-3] WARN  server.GrpcLogAppender (LogUtils.java:warn(122)) - omNode-1@group-523986131536->omNode-3-AppendLogResponseHandler: Failed appendEntries: org.apache.ratis.thirdparty.io.grpc.StatusRuntimeException: UNAVAILABLE: io exception
2022-08-10 09:23:27,774 [grpc-default-executor-3] INFO  leader.FollowerInfo (FollowerInfoImpl.java:lambda$new$0(48)) - omNode-1@group-523986131536->omNode-3: nextIndex: updateUnconditionally 249 -> 45
2022-08-10 09:23:27,779 [grpc-default-executor-1] WARN  server.GrpcLogAppender (LogUtils.java:warn(122)) - omNode-1@group-523986131536->omNode-3-AppendLogResponseHandler: Failed appendEntries: org.apache.ratis.thirdparty.io.grpc.StatusRuntimeException: UNAVAILABLE: io exception
2022-08-10 09:23:27,779 [grpc-default-executor-1] INFO  leader.FollowerInfo (FollowerInfoImpl.java:lambda$new$0(48)) - omNode-1@group-523986131536->omNode-3: nextIndex: updateUnconditionally 250 -> 45
2022-08-10 09:23:27,791 [grpc-default-executor-1] WARN  server.GrpcLogAppender (LogUtils.java:warn(122)) - omNode-1@group-523986131536->omNode-3-AppendLogResponseHandler: Failed appendEntries: org.apache.ratis.thirdparty.io.grpc.StatusRuntimeException: UNAVAILABLE: io exception
2022-08-10 09:23:27,791 [grpc-default-executor-1] INFO  leader.FollowerInfo (FollowerInfoImpl.java:lambda$new$0(48)) - omNode-1@group-523986131536->omNode-3: nextIndex: updateUnconditionally 250 -> 45
2022-08-10 09:23:27,792 [grpc-default-executor-1] WARN  server.GrpcLogAppender (LogUtils.java:warn(122)) - omNode-1@group-523986131536->omNode-3-AppendLogResponseHandler: Failed appendEntries: org.apache.ratis.thirdparty.io.grpc.StatusRuntimeException: UNAVAILABLE: io exception
2022-08-10 09:23:27,792 [grpc-default-executor-1] INFO  leader.FollowerInfo (FollowerInfoImpl.java:lambda$new$0(48)) - omNode-1@group-523986131536->omNode-3: nextIndex: updateUnconditionally 250 -> 45
2022-08-10 09:23:27,795 [grpc-default-executor-1] WARN  server.GrpcLogAppender (LogUtils.java:warn(122)) - omNode-1@group-523986131536->omNode-3-AppendLogResponseHandler: Failed appendEntries: org.apache.ratis.thirdparty.io.grpc.StatusRuntimeException: UNAVAILABLE: io exception
2022-08-10 09:23:27,796 [grpc-default-executor-1] INFO  leader.FollowerInfo (FollowerInfoImpl.java:lambda$new$0(48)) - omNode-1@group-523986131536->omNode-3: nextIndex: updateUnconditionally 251 -> 45
2022-08-10 09:23:27,815 [omNode-1@group-523986131536-StateMachineUpdater] INFO  ratis.OzoneManagerStateMachine (OzoneManagerStateMachine.java:takeSnapshot(441)) - Current Snapshot Index (t:3, i:250)
2022-08-10 09:23:27,815 [grpc-default-executor-3] WARN  server.GrpcLogAppender (LogUtils.java:warn(122)) - omNode-1@group-523986131536->omNode-3-AppendLogResponseHandler: Failed appendEntries: org.apache.ratis.thirdparty.io.grpc.StatusRuntimeException: UNAVAILABLE: io exception
2022-08-10 09:23:27,816 [omNode-1@group-523986131536-StateMachineUpdater] INFO  impl.StateMachineUpdater (StateMachineUpdater.java:takeSnapshot(287)) - omNode-1@group-523986131536-StateMachineUpdater: Took a snapshot at index 250
2022-08-10 09:23:27,816 [omNode-1@group-523986131536-StateMachineUpdater] INFO  impl.StateMachineUpdater (StateMachineUpdater.java:lambda$new$0(92)) - omNode-1@group-523986131536-StateMachineUpdater: snapshotIndex: updateIncreasingly 200 -> 250
2022-08-10 09:23:27,816 [omNode-1@group-523986131536-StateMachineUpdater] INFO  raftlog.RaftLog (RaftLogBase.java:purge(308)) - omNode-1@group-523986131536-SegmentedRaftLog: purge 250
2022-08-10 09:23:27,816 [grpc-default-executor-3] INFO  leader.FollowerInfo (FollowerInfoImpl.java:lambda$new$0(48)) - omNode-1@group-523986131536->omNode-3: nextIndex: updateUnconditionally 251 -> 45
2022-08-10 09:23:27,816 [omNode-1@group-523986131536-StateMachineUpdater] INFO  raftlog.RaftLog (RaftLogBase.java:lambda$new$0(53)) - omNode-1@group-523986131536-SegmentedRaftLog: snapshotIndex: updateIncreasingly 200 -> 250
2022-08-10 09:23:27,816 [omNode-1@group-523986131536-StateMachineUpdater] INFO  raftlog.RaftLog (RaftLogBase.java:lambda$new$0(53)) - omNode-1@group-523986131536-SegmentedRaftLog: purgeIndex: updateToMax old=200, new=250, updated? true
2022-08-10 09:23:27,817 [grpc-default-executor-3] WARN  server.GrpcLogAppender (LogUtils.java:warn(122)) - omNode-1@group-523986131536->omNode-3-AppendLogResponseHandler: Failed appendEntries: org.apache.ratis.thirdparty.io.grpc.StatusRuntimeException: UNAVAILABLE: io exception
2022-08-10 09:23:27,817 [grpc-default-executor-3] INFO  leader.FollowerInfo (FollowerInfoImpl.java:lambda$new$0(48)) - omNode-1@group-523986131536->omNode-3: nextIndex: updateUnconditionally 251 -> 45
2022-08-10 09:23:27,827 [grpc-default-executor-1] WARN  server.GrpcLogAppender (LogUtils.java:warn(122)) - omNode-1@group-523986131536->omNode-3-AppendLogResponseHandler: Failed appendEntries: org.apache.ratis.thirdparty.io.grpc.StatusRuntimeException: UNAVAILABLE: io exception
2022-08-10 09:23:27,827 [grpc-default-executor-1] INFO  leader.FollowerInfo (FollowerInfoImpl.java:lambda$new$0(48)) - omNode-1@group-523986131536->omNode-3: nextIndex: updateUnconditionally 252 -> 45
2022-08-10 09:23:27,828 [grpc-default-executor-1] WARN  server.GrpcLogAppender (LogUtils.java:warn(122)) - omNode-1@group-523986131536->omNode-3-AppendLogResponseHandler: Failed appendEntries: org.apache.ratis.thirdparty.io.grpc.StatusRuntimeException: UNAVAILABLE: io exception
2022-08-10 09:23:27,828 [grpc-default-executor-1] INFO  leader.FollowerInfo (FollowerInfoImpl.java:lambda$new$0(48)) - omNode-1@group-523986131536->omNode-3: nextIndex: updateUnconditionally 252 -> 45
2022-08-10 09:23:27,832 [grpc-default-executor-3] WARN  server.GrpcLogAppender (LogUtils.java:warn(122)) - omNode-1@group-523986131536->omNode-3-AppendLogResponseHandler: Failed appendEntries: org.apache.ratis.thirdparty.io.grpc.StatusRuntimeException: UNAVAILABLE: io exception
2022-08-10 09:23:27,832 [grpc-default-executor-3] INFO  leader.FollowerInfo (FollowerInfoImpl.java:lambda$new$0(48)) - omNode-1@group-523986131536->omNode-3: nextIndex: updateUnconditionally 253 -> 45
2022-08-10 09:23:27,837 [grpc-default-executor-3] WARN  server.GrpcLogAppender (LogUtils.java:warn(122)) - omNode-1@group-523986131536->omNode-3-AppendLogResponseHandler: Failed appendEntries: org.apache.ratis.thirdparty.io.grpc.StatusRuntimeException: UNAVAILABLE: io exception
2022-08-10 09:23:27,837 [grpc-default-executor-3] INFO  leader.FollowerInfo (FollowerInfoImpl.java:lambda$new$0(48)) - omNode-1@group-523986131536->omNode-3: nextIndex: updateUnconditionally 254 -> 45
2022-08-10 09:23:27,849 [grpc-default-executor-3] WARN  server.GrpcLogAppender (LogUtils.java:warn(122)) - omNode-1@group-523986131536->omNode-3-AppendLogResponseHandler: Failed appendEntries: org.apache.ratis.thirdparty.io.grpc.StatusRuntimeException: UNAVAILABLE: io exception
2022-08-10 09:23:27,849 [grpc-default-executor-3] INFO  leader.FollowerInfo (FollowerInfoImpl.java:lambda$new$0(48)) - omNode-1@group-523986131536->omNode-3: nextIndex: updateUnconditionally 254 -> 45
2022-08-10 09:23:27,850 [grpc-default-executor-1] WARN  server.GrpcLogAppender (LogUtils.java:warn(122)) - omNode-1@group-523986131536->omNode-3-AppendLogResponseHandler: Failed appendEntries: org.apache.ratis.thirdparty.io.grpc.StatusRuntimeException: UNAVAILABLE: io exception
2022-08-10 09:23:27,850 [grpc-default-executor-1] INFO  leader.FollowerInfo (FollowerInfoImpl.java:lambda$new$0(48)) - omNode-1@group-523986131536->omNode-3: nextIndex: updateUnconditionally 254 -> 45
2022-08-10 09:23:27,864 [grpc-default-executor-2] WARN  server.GrpcLogAppender (LogUtils.java:warn(122)) - omNode-1@group-523986131536->omNode-3-AppendLogResponseHandler: Failed appendEntries: org.apache.ratis.thirdparty.io.grpc.StatusRuntimeException: UNAVAILABLE: io exception
2022-08-10 09:23:27,864 [grpc-default-executor-2] INFO  leader.FollowerInfo (FollowerInfoImpl.java:lambda$new$0(48)) - omNode-1@group-523986131536->omNode-3: nextIndex: updateUnconditionally 255 -> 45
2022-08-10 09:23:27,871 [grpc-default-executor-1] WARN  server.GrpcLogAppender (LogUtils.java:warn(122)) - omNode-1@group-523986131536->omNode-3-AppendLogResponseHandler: Failed appendEntries: org.apache.ratis.thirdparty.io.grpc.StatusRuntimeException: UNAVAILABLE: io exception
2022-08-10 09:23:27,871 [grpc-default-executor-1] INFO  leader.FollowerInfo (FollowerInfoImpl.java:lambda$new$0(48)) - omNode-1@group-523986131536->omNode-3: nextIndex: updateUnconditionally 256 -> 45
2022-08-10 09:23:27,874 [omNode-2@group-523986131536-StateMachineUpdater] INFO  ratis.OzoneManagerStateMachine (OzoneManagerStateMachine.java:takeSnapshot(441)) - Current Snapshot Index (t:3, i:254)
2022-08-10 09:23:27,875 [omNode-2@group-523986131536-StateMachineUpdater] INFO  impl.StateMachineUpdater (StateMachineUpdater.java:takeSnapshot(287)) - omNode-2@group-523986131536-StateMachineUpdater: Took a snapshot at index 254
2022-08-10 09:23:27,875 [omNode-2@group-523986131536-StateMachineUpdater] INFO  impl.StateMachineUpdater (StateMachineUpdater.java:lambda$new$0(92)) - omNode-2@group-523986131536-StateMachineUpdater: snapshotIndex: updateIncreasingly 204 -> 254
2022-08-10 09:23:27,875 [omNode-2@group-523986131536-StateMachineUpdater] INFO  raftlog.RaftLog (RaftLogBase.java:purge(308)) - omNode-2@group-523986131536-SegmentedRaftLog: purge 254
2022-08-10 09:23:27,875 [omNode-2@group-523986131536-StateMachineUpdater] INFO  raftlog.RaftLog (RaftLogBase.java:lambda$new$0(53)) - omNode-2@group-523986131536-SegmentedRaftLog: snapshotIndex: updateIncreasingly 204 -> 254
2022-08-10 09:23:27,875 [omNode-2@group-523986131536-StateMachineUpdater] INFO  raftlog.RaftLog (RaftLogBase.java:lambda$new$0(53)) - omNode-2@group-523986131536-SegmentedRaftLog: purgeIndex: updateToMax old=204, new=254, updated? true
2022-08-10 09:23:27,875 [grpc-default-executor-1] WARN  server.GrpcLogAppender (LogUtils.java:warn(122)) - omNode-1@group-523986131536->omNode-3-AppendLogResponseHandler: Failed appendEntries: org.apache.ratis.thirdparty.io.grpc.StatusRuntimeException: UNAVAILABLE: io exception
2022-08-10 09:23:27,876 [grpc-default-executor-1] INFO  leader.FollowerInfo (FollowerInfoImpl.java:lambda$new$0(48)) - omNode-1@group-523986131536->omNode-3: nextIndex: updateUnconditionally 256 -> 45
2022-08-10 09:23:27,877 [grpc-default-executor-1] WARN  server.GrpcLogAppender (LogUtils.java:warn(122)) - omNode-1@group-523986131536->omNode-3-AppendLogResponseHandler: Failed appendEntries: org.apache.ratis.thirdparty.io.grpc.StatusRuntimeException: UNAVAILABLE: io exception
2022-08-10 09:23:27,877 [grpc-default-executor-1] INFO  leader.FollowerInfo (FollowerInfoImpl.java:lambda$new$0(48)) - omNode-1@group-523986131536->omNode-3: nextIndex: updateUnconditionally 257 -> 45
2022-08-10 09:23:27,888 [grpc-default-executor-1] WARN  server.GrpcLogAppender (LogUtils.java:warn(122)) - omNode-1@group-523986131536->omNode-3-AppendLogResponseHandler: Failed appendEntries: org.apache.ratis.thirdparty.io.grpc.StatusRuntimeException: UNAVAILABLE: io exception
2022-08-10 09:23:27,888 [grpc-default-executor-1] INFO  leader.FollowerInfo (FollowerInfoImpl.java:lambda$new$0(48)) - omNode-1@group-523986131536->omNode-3: nextIndex: updateUnconditionally 258 -> 45
2022-08-10 09:23:27,893 [grpc-default-executor-1] WARN  server.GrpcLogAppender (LogUtils.java:warn(122)) - omNode-1@group-523986131536->omNode-3-AppendLogResponseHandler: Failed appendEntries: org.apache.ratis.thirdparty.io.grpc.StatusRuntimeException: UNAVAILABLE: io exception
2022-08-10 09:23:27,893 [grpc-default-executor-1] INFO  leader.FollowerInfo (FollowerInfoImpl.java:lambda$new$0(48)) - omNode-1@group-523986131536->omNode-3: nextIndex: updateUnconditionally 258 -> 45
2022-08-10 09:23:27,899 [grpc-default-executor-1] WARN  server.GrpcLogAppender (LogUtils.java:warn(122)) - omNode-1@group-523986131536->omNode-3-AppendLogResponseHandler: Failed appendEntries: org.apache.ratis.thirdparty.io.grpc.StatusRuntimeException: UNAVAILABLE: io exception
2022-08-10 09:23:27,899 [grpc-default-executor-1] INFO  leader.FollowerInfo (FollowerInfoImpl.java:lambda$new$0(48)) - omNode-1@group-523986131536->omNode-3: nextIndex: updateUnconditionally 259 -> 45
2022-08-10 09:23:27,912 [grpc-default-executor-2] WARN  server.GrpcLogAppender (LogUtils.java:warn(122)) - omNode-1@group-523986131536->omNode-3-AppendLogResponseHandler: Failed appendEntries: org.apache.ratis.thirdparty.io.grpc.StatusRuntimeException: UNAVAILABLE: io exception
2022-08-10 09:23:27,912 [grpc-default-executor-2] INFO  leader.FollowerInfo (FollowerInfoImpl.java:lambda$new$0(48)) - omNode-1@group-523986131536->omNode-3: nextIndex: updateUnconditionally 259 -> 45
2022-08-10 09:23:27,919 [grpc-default-executor-2] WARN  server.GrpcLogAppender (LogUtils.java:warn(122)) - omNode-1@group-523986131536->omNode-3-AppendLogResponseHandler: Failed appendEntries: org.apache.ratis.thirdparty.io.grpc.StatusRuntimeException: UNAVAILABLE: io exception
2022-08-10 09:23:27,919 [grpc-default-executor-2] INFO  leader.FollowerInfo (FollowerInfoImpl.java:lambda$new$0(48)) - omNode-1@group-523986131536->omNode-3: nextIndex: updateUnconditionally 260 -> 45
2022-08-10 09:23:27,924 [grpc-default-executor-2] WARN  server.GrpcLogAppender (LogUtils.java:warn(122)) - omNode-1@group-523986131536->omNode-3-AppendLogResponseHandler: Failed appendEntries: org.apache.ratis.thirdparty.io.grpc.StatusRuntimeException: UNAVAILABLE: io exception
2022-08-10 09:23:27,924 [grpc-default-executor-2] INFO  leader.FollowerInfo (FollowerInfoImpl.java:lambda$new$0(48)) - omNode-1@group-523986131536->omNode-3: nextIndex: updateUnconditionally 260 -> 45
2022-08-10 09:23:27,925 [grpc-default-executor-1] WARN  server.GrpcLogAppender (LogUtils.java:warn(122)) - omNode-1@group-523986131536->omNode-3-AppendLogResponseHandler: Failed appendEntries: org.apache.ratis.thirdparty.io.grpc.StatusRuntimeException: UNAVAILABLE: io exception
2022-08-10 09:23:27,926 [grpc-default-executor-1] INFO  leader.FollowerInfo (FollowerInfoImpl.java:lambda$new$0(48)) - omNode-1@group-523986131536->omNode-3: nextIndex: updateUnconditionally 261 -> 45
2022-08-10 09:23:27,929 [grpc-default-executor-2] WARN  server.GrpcLogAppender (LogUtils.java:warn(122)) - omNode-1@group-523986131536->omNode-3-AppendLogResponseHandler: Failed appendEntries: org.apache.ratis.thirdparty.io.grpc.StatusRuntimeException: UNAVAILABLE: io exception
2022-08-10 09:23:27,929 [grpc-default-executor-2] INFO  leader.FollowerInfo (FollowerInfoImpl.java:lambda$new$0(48)) - omNode-1@group-523986131536->omNode-3: nextIndex: updateUnconditionally 262 -> 45
2022-08-10 09:23:27,940 [grpc-default-executor-2] WARN  server.GrpcLogAppender (LogUtils.java:warn(122)) - omNode-1@group-523986131536->omNode-3-AppendLogResponseHandler: Failed appendEntries: org.apache.ratis.thirdparty.io.grpc.StatusRuntimeException: UNAVAILABLE: io exception
2022-08-10 09:23:27,940 [grpc-default-executor-2] INFO  leader.FollowerInfo (FollowerInfoImpl.java:lambda$new$0(48)) - omNode-1@group-523986131536->omNode-3: nextIndex: updateUnconditionally 262 -> 45
2022-08-10 09:23:27,941 [grpc-default-executor-2] WARN  server.GrpcLogAppender (LogUtils.java:warn(122)) - omNode-1@group-523986131536->omNode-3-AppendLogResponseHandler: Failed appendEntries: org.apache.ratis.thirdparty.io.grpc.StatusRuntimeException: UNAVAILABLE: io exception
2022-08-10 09:23:27,941 [grpc-default-executor-2] INFO  leader.FollowerInfo (FollowerInfoImpl.java:lambda$new$0(48)) - omNode-1@group-523986131536->omNode-3: nextIndex: updateUnconditionally 262 -> 45
2022-08-10 09:23:27,951 [grpc-default-executor-2] WARN  server.GrpcLogAppender (LogUtils.java:warn(122)) - omNode-1@group-523986131536->omNode-3-AppendLogResponseHandler: Failed appendEntries: org.apache.ratis.thirdparty.io.grpc.StatusRuntimeException: UNAVAILABLE: io exception
2022-08-10 09:23:27,951 [grpc-default-executor-2] INFO  leader.FollowerInfo (FollowerInfoImpl.java:lambda$new$0(48)) - omNode-1@group-523986131536->omNode-3: nextIndex: updateUnconditionally 263 -> 45
2022-08-10 09:23:27,956 [grpc-default-executor-2] WARN  server.GrpcLogAppender (LogUtils.java:warn(122)) - omNode-1@group-523986131536->omNode-3-AppendLogResponseHandler: Failed appendEntries: org.apache.ratis.thirdparty.io.grpc.StatusRuntimeException: UNAVAILABLE: io exception
2022-08-10 09:23:27,957 [grpc-default-executor-2] INFO  leader.FollowerInfo (FollowerInfoImpl.java:lambda$new$0(48)) - omNode-1@group-523986131536->omNode-3: nextIndex: updateUnconditionally 263 -> 45
2022-08-10 09:23:27,958 [grpc-default-executor-2] WARN  server.GrpcLogAppender (LogUtils.java:warn(122)) - omNode-1@group-523986131536->omNode-3-AppendLogResponseHandler: Failed appendEntries: org.apache.ratis.thirdparty.io.grpc.StatusRuntimeException: UNAVAILABLE: io exception
2022-08-10 09:23:27,958 [grpc-default-executor-2] INFO  leader.FollowerInfo (FollowerInfoImpl.java:lambda$new$0(48)) - omNode-1@group-523986131536->omNode-3: nextIndex: updateUnconditionally 263 -> 45
2022-08-10 09:23:27,962 [grpc-default-executor-1] WARN  server.GrpcLogAppender (LogUtils.java:warn(122)) - omNode-1@group-523986131536->omNode-3-AppendLogResponseHandler: Failed appendEntries: org.apache.ratis.thirdparty.io.grpc.StatusRuntimeException: UNAVAILABLE: io exception
2022-08-10 09:23:27,962 [grpc-default-executor-1] INFO  leader.FollowerInfo (FollowerInfoImpl.java:lambda$new$0(48)) - omNode-1@group-523986131536->omNode-3: nextIndex: updateUnconditionally 264 -> 45
2022-08-10 09:23:27,971 [grpc-default-executor-1] WARN  server.GrpcLogAppender (LogUtils.java:warn(122)) - omNode-1@group-523986131536->omNode-3-AppendLogResponseHandler: Failed appendEntries: org.apache.ratis.thirdparty.io.grpc.StatusRuntimeException: UNAVAILABLE: io exception
2022-08-10 09:23:27,971 [grpc-default-executor-1] INFO  leader.FollowerInfo (FollowerInfoImpl.java:lambda$new$0(48)) - omNode-1@group-523986131536->omNode-3: nextIndex: updateUnconditionally 265 -> 45
2022-08-10 09:23:27,976 [grpc-default-executor-1] WARN  server.GrpcLogAppender (LogUtils.java:warn(122)) - omNode-1@group-523986131536->omNode-3-AppendLogResponseHandler: Failed appendEntries: org.apache.ratis.thirdparty.io.grpc.StatusRuntimeException: UNAVAILABLE: io exception
2022-08-10 09:23:27,976 [grpc-default-executor-1] INFO  leader.FollowerInfo (FollowerInfoImpl.java:lambda$new$0(48)) - omNode-1@group-523986131536->omNode-3: nextIndex: updateUnconditionally 266 -> 45
2022-08-10 09:23:27,978 [grpc-default-executor-2] WARN  server.GrpcLogAppender (LogUtils.java:warn(122)) - omNode-1@group-523986131536->omNode-3-AppendLogResponseHandler: Failed appendEntries: org.apache.ratis.thirdparty.io.grpc.StatusRuntimeException: UNAVAILABLE: io exception
2022-08-10 09:23:27,978 [grpc-default-executor-2] INFO  leader.FollowerInfo (FollowerInfoImpl.java:lambda$new$0(48)) - omNode-1@group-523986131536->omNode-3: nextIndex: updateUnconditionally 266 -> 45
2022-08-10 09:23:27,985 [grpc-default-executor-1] WARN  server.GrpcLogAppender (LogUtils.java:warn(122)) - omNode-1@group-523986131536->omNode-3-AppendLogResponseHandler: Failed appendEntries: org.apache.ratis.thirdparty.io.grpc.StatusRuntimeException: UNAVAILABLE: io exception
2022-08-10 09:23:27,985 [grpc-default-executor-1] INFO  leader.FollowerInfo (FollowerInfoImpl.java:lambda$new$0(48)) - omNode-1@group-523986131536->omNode-3: nextIndex: updateUnconditionally 267 -> 45
2022-08-10 09:23:27,989 [grpc-default-executor-1] WARN  server.GrpcLogAppender (LogUtils.java:warn(122)) - omNode-1@group-523986131536->omNode-3-AppendLogResponseHandler: Failed appendEntries: org.apache.ratis.thirdparty.io.grpc.StatusRuntimeException: UNAVAILABLE: io exception
2022-08-10 09:23:27,990 [grpc-default-executor-1] INFO  leader.FollowerInfo (FollowerInfoImpl.java:lambda$new$0(48)) - omNode-1@group-523986131536->omNode-3: nextIndex: updateUnconditionally 267 -> 45
2022-08-10 09:23:27,991 [grpc-default-executor-1] WARN  server.GrpcLogAppender (LogUtils.java:warn(122)) - omNode-1@group-523986131536->omNode-3-AppendLogResponseHandler: Failed appendEntries: org.apache.ratis.thirdparty.io.grpc.StatusRuntimeException: UNAVAILABLE: io exception
2022-08-10 09:23:27,992 [grpc-default-executor-1] INFO  leader.FollowerInfo (FollowerInfoImpl.java:lambda$new$0(48)) - omNode-1@group-523986131536->omNode-3: nextIndex: updateUnconditionally 267 -> 45
2022-08-10 09:23:27,999 [grpc-default-executor-1] WARN  server.GrpcLogAppender (LogUtils.java:warn(122)) - omNode-1@group-523986131536->omNode-3-AppendLogResponseHandler: Failed appendEntries: org.apache.ratis.thirdparty.io.grpc.StatusRuntimeException: UNAVAILABLE: io exception
2022-08-10 09:23:27,999 [grpc-default-executor-1] INFO  leader.FollowerInfo (FollowerInfoImpl.java:lambda$new$0(48)) - omNode-1@group-523986131536->omNode-3: nextIndex: updateUnconditionally 268 -> 45
2022-08-10 09:23:28,007 [grpc-default-executor-1] WARN  server.GrpcLogAppender (LogUtils.java:warn(122)) - omNode-1@group-523986131536->omNode-3-AppendLogResponseHandler: Failed appendEntries: org.apache.ratis.thirdparty.io.grpc.StatusRuntimeException: UNAVAILABLE: io exception
2022-08-10 09:23:28,007 [grpc-default-executor-1] INFO  leader.FollowerInfo (FollowerInfoImpl.java:lambda$new$0(48)) - omNode-1@group-523986131536->omNode-3: nextIndex: updateUnconditionally 268 -> 45
2022-08-10 09:23:28,008 [grpc-default-executor-2] WARN  server.GrpcLogAppender (LogUtils.java:warn(122)) - omNode-1@group-523986131536->omNode-3-AppendLogResponseHandler: Failed appendEntries: org.apache.ratis.thirdparty.io.grpc.StatusRuntimeException: UNAVAILABLE: io exception
2022-08-10 09:23:28,008 [grpc-default-executor-2] INFO  leader.FollowerInfo (FollowerInfoImpl.java:lambda$new$0(48)) - omNode-1@group-523986131536->omNode-3: nextIndex: updateUnconditionally 269 -> 45
2022-08-10 09:23:28,013 [grpc-default-executor-1] WARN  server.GrpcLogAppender (LogUtils.java:warn(122)) - omNode-1@group-523986131536->omNode-3-AppendLogResponseHandler: Failed appendEntries: org.apache.ratis.thirdparty.io.grpc.StatusRuntimeException: UNAVAILABLE: io exception
2022-08-10 09:23:28,013 [grpc-default-executor-1] INFO  leader.FollowerInfo (FollowerInfoImpl.java:lambda$new$0(48)) - omNode-1@group-523986131536->omNode-3: nextIndex: updateUnconditionally 270 -> 45
2022-08-10 09:23:28,020 [grpc-default-executor-1] WARN  server.GrpcLogAppender (LogUtils.java:warn(122)) - omNode-1@group-523986131536->omNode-3-AppendLogResponseHandler: Failed appendEntries: org.apache.ratis.thirdparty.io.grpc.StatusRuntimeException: UNAVAILABLE: io exception
2022-08-10 09:23:28,020 [grpc-default-executor-1] INFO  leader.FollowerInfo (FollowerInfoImpl.java:lambda$new$0(48)) - omNode-1@group-523986131536->omNode-3: nextIndex: updateUnconditionally 270 -> 45
2022-08-10 09:23:28,022 [grpc-default-executor-1] WARN  server.GrpcLogAppender (LogUtils.java:warn(122)) - omNode-1@group-523986131536->omNode-3-AppendLogResponseHandler: Failed appendEntries: org.apache.ratis.thirdparty.io.grpc.StatusRuntimeException: UNAVAILABLE: io exception
2022-08-10 09:23:28,023 [grpc-default-executor-1] INFO  leader.FollowerInfo (FollowerInfoImpl.java:lambda$new$0(48)) - omNode-1@group-523986131536->omNode-3: nextIndex: updateUnconditionally 270 -> 45
2022-08-10 09:23:28,031 [grpc-default-executor-1] WARN  server.GrpcLogAppender (LogUtils.java:warn(122)) - omNode-1@group-523986131536->omNode-3-AppendLogResponseHandler: Failed appendEntries: org.apache.ratis.thirdparty.io.grpc.StatusRuntimeException: UNAVAILABLE: io exception
2022-08-10 09:23:28,031 [grpc-default-executor-1] INFO  leader.FollowerInfo (FollowerInfoImpl.java:lambda$new$0(48)) - omNode-1@group-523986131536->omNode-3: nextIndex: updateUnconditionally 271 -> 45
2022-08-10 09:23:28,037 [grpc-default-executor-1] WARN  server.GrpcLogAppender (LogUtils.java:warn(122)) - omNode-1@group-523986131536->omNode-3-AppendLogResponseHandler: Failed appendEntries: org.apache.ratis.thirdparty.io.grpc.StatusRuntimeException: UNAVAILABLE: io exception
2022-08-10 09:23:28,038 [grpc-default-executor-1] INFO  leader.FollowerInfo (FollowerInfoImpl.java:lambda$new$0(48)) - omNode-1@group-523986131536->omNode-3: nextIndex: updateUnconditionally 271 -> 45
2022-08-10 09:23:28,040 [grpc-default-executor-1] WARN  server.GrpcLogAppender (LogUtils.java:warn(122)) - omNode-1@group-523986131536->omNode-3-AppendLogResponseHandler: Failed appendEntries: org.apache.ratis.thirdparty.io.grpc.StatusRuntimeException: UNAVAILABLE: io exception
2022-08-10 09:23:28,041 [grpc-default-executor-1] INFO  leader.FollowerInfo (FollowerInfoImpl.java:lambda$new$0(48)) - omNode-1@group-523986131536->omNode-3: nextIndex: updateUnconditionally 271 -> 45
2022-08-10 09:23:28,049 [grpc-default-executor-2] WARN  server.GrpcLogAppender (LogUtils.java:warn(122)) - omNode-1@group-523986131536->omNode-3-AppendLogResponseHandler: Failed appendEntries: org.apache.ratis.thirdparty.io.grpc.StatusRuntimeException: UNAVAILABLE: io exception
2022-08-10 09:23:28,050 [grpc-default-executor-2] INFO  leader.FollowerInfo (FollowerInfoImpl.java:lambda$new$0(48)) - omNode-1@group-523986131536->omNode-3: nextIndex: updateUnconditionally 272 -> 45
2022-08-10 09:23:28,069 [grpc-default-executor-2] WARN  server.GrpcLogAppender (LogUtils.java:warn(122)) - omNode-1@group-523986131536->omNode-3-AppendLogResponseHandler: Failed appendEntries: org.apache.ratis.thirdparty.io.grpc.StatusRuntimeException: UNAVAILABLE: io exception
2022-08-10 09:23:28,070 [grpc-default-executor-2] INFO  leader.FollowerInfo (FollowerInfoImpl.java:lambda$new$0(48)) - omNode-1@group-523986131536->omNode-3: nextIndex: updateUnconditionally 273 -> 45
2022-08-10 09:23:28,073 [grpc-default-executor-1] WARN  server.GrpcLogAppender (LogUtils.java:warn(122)) - omNode-1@group-523986131536->omNode-3-AppendLogResponseHandler: Failed appendEntries: org.apache.ratis.thirdparty.io.grpc.StatusRuntimeException: UNAVAILABLE: io exception
2022-08-10 09:23:28,073 [grpc-default-executor-1] INFO  leader.FollowerInfo (FollowerInfoImpl.java:lambda$new$0(48)) - omNode-1@group-523986131536->omNode-3: nextIndex: updateUnconditionally 274 -> 45
2022-08-10 09:23:28,076 [grpc-default-executor-2] WARN  server.GrpcLogAppender (LogUtils.java:warn(122)) - omNode-1@group-523986131536->omNode-3-AppendLogResponseHandler: Failed appendEntries: org.apache.ratis.thirdparty.io.grpc.StatusRuntimeException: UNAVAILABLE: io exception
2022-08-10 09:23:28,076 [grpc-default-executor-2] INFO  leader.FollowerInfo (FollowerInfoImpl.java:lambda$new$0(48)) - omNode-1@group-523986131536->omNode-3: nextIndex: updateUnconditionally 274 -> 45
2022-08-10 09:23:28,077 [grpc-default-executor-2] WARN  server.GrpcLogAppender (LogUtils.java:warn(122)) - omNode-1@group-523986131536->omNode-3-AppendLogResponseHandler: Failed appendEntries: org.apache.ratis.thirdparty.io.grpc.StatusRuntimeException: UNAVAILABLE: io exception
2022-08-10 09:23:28,078 [grpc-default-executor-2] INFO  leader.FollowerInfo (FollowerInfoImpl.java:lambda$new$0(48)) - omNode-1@group-523986131536->omNode-3: nextIndex: updateUnconditionally 274 -> 45
2022-08-10 09:23:28,086 [grpc-default-executor-2] WARN  server.GrpcLogAppender (LogUtils.java:warn(122)) - omNode-1@group-523986131536->omNode-3-AppendLogResponseHandler: Failed appendEntries: org.apache.ratis.thirdparty.io.grpc.StatusRuntimeException: UNAVAILABLE: io exception
2022-08-10 09:23:28,086 [grpc-default-executor-2] INFO  leader.FollowerInfo (FollowerInfoImpl.java:lambda$new$0(48)) - omNode-1@group-523986131536->omNode-3: nextIndex: updateUnconditionally 275 -> 45
2022-08-10 09:23:28,101 [grpc-default-executor-2] WARN  server.GrpcLogAppender (LogUtils.java:warn(122)) - omNode-1@group-523986131536->omNode-3-AppendLogResponseHandler: Failed appendEntries: org.apache.ratis.thirdparty.io.grpc.StatusRuntimeException: UNAVAILABLE: io exception
2022-08-10 09:23:28,102 [grpc-default-executor-2] INFO  leader.FollowerInfo (FollowerInfoImpl.java:lambda$new$0(48)) - omNode-1@group-523986131536->omNode-3: nextIndex: updateUnconditionally 275 -> 45
2022-08-10 09:23:28,103 [grpc-default-executor-2] WARN  server.GrpcLogAppender (LogUtils.java:warn(122)) - omNode-1@group-523986131536->omNode-3-AppendLogResponseHandler: Failed appendEntries: org.apache.ratis.thirdparty.io.grpc.StatusRuntimeException: UNAVAILABLE: io exception
2022-08-10 09:23:28,103 [grpc-default-executor-2] INFO  leader.FollowerInfo (FollowerInfoImpl.java:lambda$new$0(48)) - omNode-1@group-523986131536->omNode-3: nextIndex: updateUnconditionally 275 -> 45
2022-08-10 09:23:28,110 [grpc-default-executor-1] WARN  server.GrpcLogAppender (LogUtils.java:warn(122)) - omNode-1@group-523986131536->omNode-3-AppendLogResponseHandler: Failed appendEntries: org.apache.ratis.thirdparty.io.grpc.StatusRuntimeException: UNAVAILABLE: io exception
2022-08-10 09:23:28,110 [grpc-default-executor-1] INFO  leader.FollowerInfo (FollowerInfoImpl.java:lambda$new$0(48)) - omNode-1@group-523986131536->omNode-3: nextIndex: updateUnconditionally 276 -> 45
2022-08-10 09:23:28,113 [grpc-default-executor-1] WARN  server.GrpcLogAppender (LogUtils.java:warn(122)) - omNode-1@group-523986131536->omNode-3-AppendLogResponseHandler: Failed appendEntries: org.apache.ratis.thirdparty.io.grpc.StatusRuntimeException: UNAVAILABLE: io exception
2022-08-10 09:23:28,113 [grpc-default-executor-1] INFO  leader.FollowerInfo (FollowerInfoImpl.java:lambda$new$0(48)) - omNode-1@group-523986131536->omNode-3: nextIndex: updateUnconditionally 276 -> 45
2022-08-10 09:23:28,121 [grpc-default-executor-1] WARN  server.GrpcLogAppender (LogUtils.java:warn(122)) - omNode-1@group-523986131536->omNode-3-AppendLogResponseHandler: Failed appendEntries: org.apache.ratis.thirdparty.io.grpc.StatusRuntimeException: UNAVAILABLE: io exception
2022-08-10 09:23:28,122 [grpc-default-executor-1] INFO  leader.FollowerInfo (FollowerInfoImpl.java:lambda$new$0(48)) - omNode-1@group-523986131536->omNode-3: nextIndex: updateUnconditionally 276 -> 45
2022-08-10 09:23:28,123 [grpc-default-executor-1] WARN  server.GrpcLogAppender (LogUtils.java:warn(122)) - omNode-1@group-523986131536->omNode-3-AppendLogResponseHandler: Failed appendEntries: org.apache.ratis.thirdparty.io.grpc.StatusRuntimeException: UNAVAILABLE: io exception
2022-08-10 09:23:28,123 [grpc-default-executor-1] INFO  leader.FollowerInfo (FollowerInfoImpl.java:lambda$new$0(48)) - omNode-1@group-523986131536->omNode-3: nextIndex: updateUnconditionally 277 -> 45
2022-08-10 09:23:28,127 [grpc-default-executor-1] WARN  server.GrpcLogAppender (LogUtils.java:warn(122)) - omNode-1@group-523986131536->omNode-3-AppendLogResponseHandler: Failed appendEntries: org.apache.ratis.thirdparty.io.grpc.StatusRuntimeException: UNAVAILABLE: io exception
2022-08-10 09:23:28,128 [grpc-default-executor-1] INFO  leader.FollowerInfo (FollowerInfoImpl.java:lambda$new$0(48)) - omNode-1@group-523986131536->omNode-3: nextIndex: updateUnconditionally 278 -> 45
2022-08-10 09:23:28,131 [grpc-default-executor-1] WARN  server.GrpcLogAppender (LogUtils.java:warn(122)) - omNode-1@group-523986131536->omNode-3-AppendLogResponseHandler: Failed appendEntries: org.apache.ratis.thirdparty.io.grpc.StatusRuntimeException: UNAVAILABLE: io exception
2022-08-10 09:23:28,131 [grpc-default-executor-1] INFO  leader.FollowerInfo (FollowerInfoImpl.java:lambda$new$0(48)) - omNode-1@group-523986131536->omNode-3: nextIndex: updateUnconditionally 278 -> 45
2022-08-10 09:23:28,138 [grpc-default-executor-3] WARN  server.GrpcLogAppender (LogUtils.java:warn(122)) - omNode-1@group-523986131536->omNode-3-AppendLogResponseHandler: Failed appendEntries: org.apache.ratis.thirdparty.io.grpc.StatusRuntimeException: UNAVAILABLE: io exception
2022-08-10 09:23:28,138 [grpc-default-executor-3] INFO  leader.FollowerInfo (FollowerInfoImpl.java:lambda$new$0(48)) - omNode-1@group-523986131536->omNode-3: nextIndex: updateUnconditionally 279 -> 45
2022-08-10 09:23:28,148 [grpc-default-executor-2] WARN  server.GrpcLogAppender (LogUtils.java:warn(122)) - omNode-1@group-523986131536->omNode-3-AppendLogResponseHandler: Failed appendEntries: org.apache.ratis.thirdparty.io.grpc.StatusRuntimeException: UNAVAILABLE: io exception
2022-08-10 09:23:28,148 [grpc-default-executor-2] INFO  leader.FollowerInfo (FollowerInfoImpl.java:lambda$new$0(48)) - omNode-1@group-523986131536->omNode-3: nextIndex: updateUnconditionally 279 -> 45
2022-08-10 09:23:28,149 [grpc-default-executor-2] WARN  server.GrpcLogAppender (LogUtils.java:warn(122)) - omNode-1@group-523986131536->omNode-3-AppendLogResponseHandler: Failed appendEntries: org.apache.ratis.thirdparty.io.grpc.StatusRuntimeException: UNAVAILABLE: io exception
2022-08-10 09:23:28,149 [grpc-default-executor-2] INFO  leader.FollowerInfo (FollowerInfoImpl.java:lambda$new$0(48)) - omNode-1@group-523986131536->omNode-3: nextIndex: updateUnconditionally 279 -> 45
2022-08-10 09:23:28,153 [grpc-default-executor-1] WARN  server.GrpcLogAppender (LogUtils.java:warn(122)) - omNode-1@group-523986131536->omNode-3-AppendLogResponseHandler: Failed appendEntries: org.apache.ratis.thirdparty.io.grpc.StatusRuntimeException: UNAVAILABLE: io exception
2022-08-10 09:23:28,153 [grpc-default-executor-1] INFO  leader.FollowerInfo (FollowerInfoImpl.java:lambda$new$0(48)) - omNode-1@group-523986131536->omNode-3: nextIndex: updateUnconditionally 280 -> 45
2022-08-10 09:23:28,157 [grpc-default-executor-1] WARN  server.GrpcLogAppender (LogUtils.java:warn(122)) - omNode-1@group-523986131536->omNode-3-AppendLogResponseHandler: Failed appendEntries: org.apache.ratis.thirdparty.io.grpc.StatusRuntimeException: UNAVAILABLE: io exception
2022-08-10 09:23:28,157 [grpc-default-executor-1] INFO  leader.FollowerInfo (FollowerInfoImpl.java:lambda$new$0(48)) - omNode-1@group-523986131536->omNode-3: nextIndex: updateUnconditionally 280 -> 45
2022-08-10 09:23:28,160 [grpc-default-executor-1] WARN  server.GrpcLogAppender (LogUtils.java:warn(122)) - omNode-1@group-523986131536->omNode-3-AppendLogResponseHandler: Failed appendEntries: org.apache.ratis.thirdparty.io.grpc.StatusRuntimeException: UNAVAILABLE: io exception
2022-08-10 09:23:28,160 [grpc-default-executor-1] INFO  leader.FollowerInfo (FollowerInfoImpl.java:lambda$new$0(48)) - omNode-1@group-523986131536->omNode-3: nextIndex: updateUnconditionally 281 -> 45
2022-08-10 09:23:28,165 [grpc-default-executor-1] WARN  server.GrpcLogAppender (LogUtils.java:warn(122)) - omNode-1@group-523986131536->omNode-3-AppendLogResponseHandler: Failed appendEntries: org.apache.ratis.thirdparty.io.grpc.StatusRuntimeException: UNAVAILABLE: io exception
2022-08-10 09:23:28,165 [grpc-default-executor-1] INFO  leader.FollowerInfo (FollowerInfoImpl.java:lambda$new$0(48)) - omNode-1@group-523986131536->omNode-3: nextIndex: updateUnconditionally 282 -> 45
2022-08-10 09:23:28,174 [grpc-default-executor-1] WARN  server.GrpcLogAppender (LogUtils.java:warn(122)) - omNode-1@group-523986131536->omNode-3-AppendLogResponseHandler: Failed appendEntries: org.apache.ratis.thirdparty.io.grpc.StatusRuntimeException: UNAVAILABLE: io exception
2022-08-10 09:23:28,174 [grpc-default-executor-1] INFO  leader.FollowerInfo (FollowerInfoImpl.java:lambda$new$0(48)) - omNode-1@group-523986131536->omNode-3: nextIndex: updateUnconditionally 282 -> 45
2022-08-10 09:23:28,181 [grpc-default-executor-1] WARN  server.GrpcLogAppender (LogUtils.java:warn(122)) - omNode-1@group-523986131536->omNode-3-AppendLogResponseHandler: Failed appendEntries: org.apache.ratis.thirdparty.io.grpc.StatusRuntimeException: UNAVAILABLE: io exception
2022-08-10 09:23:28,181 [grpc-default-executor-1] INFO  leader.FollowerInfo (FollowerInfoImpl.java:lambda$new$0(48)) - omNode-1@group-523986131536->omNode-3: nextIndex: updateUnconditionally 283 -> 45
2022-08-10 09:23:28,195 [grpc-default-executor-1] WARN  server.GrpcLogAppender (LogUtils.java:warn(122)) - omNode-1@group-523986131536->omNode-3-AppendLogResponseHandler: Failed appendEntries: org.apache.ratis.thirdparty.io.grpc.StatusRuntimeException: UNAVAILABLE: io exception
2022-08-10 09:23:28,195 [grpc-default-executor-1] INFO  leader.FollowerInfo (FollowerInfoImpl.java:lambda$new$0(48)) - omNode-1@group-523986131536->omNode-3: nextIndex: updateUnconditionally 283 -> 45
2022-08-10 09:23:28,198 [grpc-default-executor-2] WARN  server.GrpcLogAppender (LogUtils.java:warn(122)) - omNode-1@group-523986131536->omNode-3-AppendLogResponseHandler: Failed appendEntries: org.apache.ratis.thirdparty.io.grpc.StatusRuntimeException: UNAVAILABLE: io exception
2022-08-10 09:23:28,198 [grpc-default-executor-2] INFO  leader.FollowerInfo (FollowerInfoImpl.java:lambda$new$0(48)) - omNode-1@group-523986131536->omNode-3: nextIndex: updateUnconditionally 283 -> 45
2022-08-10 09:23:28,207 [grpc-default-executor-2] WARN  server.GrpcLogAppender (LogUtils.java:warn(122)) - omNode-1@group-523986131536->omNode-3-AppendLogResponseHandler: Failed appendEntries: org.apache.ratis.thirdparty.io.grpc.StatusRuntimeException: UNAVAILABLE: io exception
2022-08-10 09:23:28,207 [grpc-default-executor-2] INFO  leader.FollowerInfo (FollowerInfoImpl.java:lambda$new$0(48)) - omNode-1@group-523986131536->omNode-3: nextIndex: updateUnconditionally 285 -> 45
2022-08-10 09:23:28,209 [grpc-default-executor-2] WARN  server.GrpcLogAppender (LogUtils.java:warn(122)) - omNode-1@group-523986131536->omNode-3-AppendLogResponseHandler: Failed appendEntries: org.apache.ratis.thirdparty.io.grpc.StatusRuntimeException: UNAVAILABLE: io exception
2022-08-10 09:23:28,209 [grpc-default-executor-2] INFO  leader.FollowerInfo (FollowerInfoImpl.java:lambda$new$0(48)) - omNode-1@group-523986131536->omNode-3: nextIndex: updateUnconditionally 286 -> 45
2022-08-10 09:23:28,214 [grpc-default-executor-2] WARN  server.GrpcLogAppender (LogUtils.java:warn(122)) - omNode-1@group-523986131536->omNode-3-AppendLogResponseHandler: Failed appendEntries: org.apache.ratis.thirdparty.io.grpc.StatusRuntimeException: UNAVAILABLE: io exception
2022-08-10 09:23:28,215 [grpc-default-executor-2] INFO  leader.FollowerInfo (FollowerInfoImpl.java:lambda$new$0(48)) - omNode-1@group-523986131536->omNode-3: nextIndex: updateUnconditionally 286 -> 45
2022-08-10 09:23:28,217 [grpc-default-executor-2] WARN  server.GrpcLogAppender (LogUtils.java:warn(122)) - omNode-1@group-523986131536->omNode-3-AppendLogResponseHandler: Failed appendEntries: org.apache.ratis.thirdparty.io.grpc.StatusRuntimeException: UNAVAILABLE: io exception
2022-08-10 09:23:28,217 [grpc-default-executor-2] INFO  leader.FollowerInfo (FollowerInfoImpl.java:lambda$new$0(48)) - omNode-1@group-523986131536->omNode-3: nextIndex: updateUnconditionally 286 -> 45
2022-08-10 09:23:28,223 [grpc-default-executor-2] WARN  server.GrpcLogAppender (LogUtils.java:warn(122)) - omNode-1@group-523986131536->omNode-3-AppendLogResponseHandler: Failed appendEntries: org.apache.ratis.thirdparty.io.grpc.StatusRuntimeException: UNAVAILABLE: io exception
2022-08-10 09:23:28,223 [grpc-default-executor-2] INFO  leader.FollowerInfo (FollowerInfoImpl.java:lambda$new$0(48)) - omNode-1@group-523986131536->omNode-3: nextIndex: updateUnconditionally 287 -> 45
2022-08-10 09:23:28,285 [grpc-default-executor-1] WARN  server.GrpcLogAppender (LogUtils.java:warn(122)) - omNode-1@group-523986131536->omNode-3-AppendLogResponseHandler: Failed appendEntries: org.apache.ratis.thirdparty.io.grpc.StatusRuntimeException: UNAVAILABLE: io exception
2022-08-10 09:23:28,285 [grpc-default-executor-1] INFO  leader.FollowerInfo (FollowerInfoImpl.java:lambda$new$0(48)) - omNode-1@group-523986131536->omNode-3: nextIndex: updateUnconditionally 287 -> 45
2022-08-10 09:23:28,308 [grpc-default-executor-3] WARN  server.GrpcLogAppender (LogUtils.java:warn(122)) - omNode-1@group-523986131536->omNode-3-AppendLogResponseHandler: Failed appendEntries: org.apache.ratis.thirdparty.io.grpc.StatusRuntimeException: UNAVAILABLE: io exception
2022-08-10 09:23:28,308 [grpc-default-executor-3] INFO  leader.FollowerInfo (FollowerInfoImpl.java:lambda$new$0(48)) - omNode-1@group-523986131536->omNode-3: nextIndex: updateUnconditionally 287 -> 45
2022-08-10 09:23:28,312 [grpc-default-executor-2] WARN  server.GrpcLogAppender (LogUtils.java:warn(122)) - omNode-1@group-523986131536->omNode-3-AppendLogResponseHandler: Failed appendEntries: org.apache.ratis.thirdparty.io.grpc.StatusRuntimeException: UNAVAILABLE: io exception
2022-08-10 09:23:28,312 [grpc-default-executor-2] INFO  leader.FollowerInfo (FollowerInfoImpl.java:lambda$new$0(48)) - omNode-1@group-523986131536->omNode-3: nextIndex: updateUnconditionally 288 -> 45
2022-08-10 09:23:28,314 [grpc-default-executor-2] WARN  server.GrpcLogAppender (LogUtils.java:warn(122)) - omNode-1@group-523986131536->omNode-3-AppendLogResponseHandler: Failed appendEntries: org.apache.ratis.thirdparty.io.grpc.StatusRuntimeException: UNAVAILABLE: io exception
2022-08-10 09:23:28,314 [grpc-default-executor-2] INFO  leader.FollowerInfo (FollowerInfoImpl.java:lambda$new$0(48)) - omNode-1@group-523986131536->omNode-3: nextIndex: updateUnconditionally 289 -> 45
2022-08-10 09:23:28,319 [grpc-default-executor-3] WARN  server.GrpcLogAppender (LogUtils.java:warn(122)) - omNode-1@group-523986131536->omNode-3-AppendLogResponseHandler: Failed appendEntries: org.apache.ratis.thirdparty.io.grpc.StatusRuntimeException: UNAVAILABLE: io exception
2022-08-10 09:23:28,319 [grpc-default-executor-3] INFO  leader.FollowerInfo (FollowerInfoImpl.java:lambda$new$0(48)) - omNode-1@group-523986131536->omNode-3: nextIndex: updateUnconditionally 289 -> 45
2022-08-10 09:23:28,321 [grpc-default-executor-3] WARN  server.GrpcLogAppender (LogUtils.java:warn(122)) - omNode-1@group-523986131536->omNode-3-AppendLogResponseHandler: Failed appendEntries: org.apache.ratis.thirdparty.io.grpc.StatusRuntimeException: UNAVAILABLE: io exception
2022-08-10 09:23:28,322 [grpc-default-executor-3] INFO  leader.FollowerInfo (FollowerInfoImpl.java:lambda$new$0(48)) - omNode-1@group-523986131536->omNode-3: nextIndex: updateUnconditionally 290 -> 45
2022-08-10 09:23:28,323 [grpc-default-executor-2] WARN  server.GrpcLogAppender (LogUtils.java:warn(122)) - omNode-1@group-523986131536->omNode-3-AppendLogResponseHandler: Failed appendEntries: org.apache.ratis.thirdparty.io.grpc.StatusRuntimeException: UNAVAILABLE: io exception
2022-08-10 09:23:28,323 [grpc-default-executor-2] INFO  leader.FollowerInfo (FollowerInfoImpl.java:lambda$new$0(48)) - omNode-1@group-523986131536->omNode-3: nextIndex: updateUnconditionally 291 -> 45
2022-08-10 09:23:28,326 [grpc-default-executor-3] WARN  server.GrpcLogAppender (LogUtils.java:warn(122)) - omNode-1@group-523986131536->omNode-3-AppendLogResponseHandler: Failed appendEntries: org.apache.ratis.thirdparty.io.grpc.StatusRuntimeException: UNAVAILABLE: io exception
2022-08-10 09:23:28,326 [grpc-default-executor-3] INFO  leader.FollowerInfo (FollowerInfoImpl.java:lambda$new$0(48)) - omNode-1@group-523986131536->omNode-3: nextIndex: updateUnconditionally 291 -> 45
2022-08-10 09:23:28,327 [grpc-default-executor-2] WARN  server.GrpcLogAppender (LogUtils.java:warn(122)) - omNode-1@group-523986131536->omNode-3-AppendLogResponseHandler: Failed appendEntries: org.apache.ratis.thirdparty.io.grpc.StatusRuntimeException: UNAVAILABLE: io exception
2022-08-10 09:23:28,327 [grpc-default-executor-2] INFO  leader.FollowerInfo (FollowerInfoImpl.java:lambda$new$0(48)) - omNode-1@group-523986131536->omNode-3: nextIndex: updateUnconditionally 291 -> 45
2022-08-10 09:23:28,350 [grpc-default-executor-3] WARN  server.GrpcLogAppender (LogUtils.java:warn(122)) - omNode-1@group-523986131536->omNode-3-AppendLogResponseHandler: Failed appendEntries: org.apache.ratis.thirdparty.io.grpc.StatusRuntimeException: UNAVAILABLE: io exception
2022-08-10 09:23:28,351 [grpc-default-executor-3] INFO  leader.FollowerInfo (FollowerInfoImpl.java:lambda$new$0(48)) - omNode-1@group-523986131536->omNode-3: nextIndex: updateUnconditionally 292 -> 45
2022-08-10 09:23:28,368 [grpc-default-executor-3] WARN  server.GrpcLogAppender (LogUtils.java:warn(122)) - omNode-1@group-523986131536->omNode-3-AppendLogResponseHandler: Failed appendEntries: org.apache.ratis.thirdparty.io.grpc.StatusRuntimeException: UNAVAILABLE: io exception
2022-08-10 09:23:28,369 [grpc-default-executor-3] INFO  leader.FollowerInfo (FollowerInfoImpl.java:lambda$new$0(48)) - omNode-1@group-523986131536->omNode-3: nextIndex: updateUnconditionally 292 -> 45
2022-08-10 09:23:28,375 [grpc-default-executor-3] WARN  server.GrpcLogAppender (LogUtils.java:warn(122)) - omNode-1@group-523986131536->omNode-3-AppendLogResponseHandler: Failed appendEntries: org.apache.ratis.thirdparty.io.grpc.StatusRuntimeException: UNAVAILABLE: io exception
2022-08-10 09:23:28,375 [grpc-default-executor-3] INFO  leader.FollowerInfo (FollowerInfoImpl.java:lambda$new$0(48)) - omNode-1@group-523986131536->omNode-3: nextIndex: updateUnconditionally 294 -> 45
2022-08-10 09:23:28,378 [grpc-default-executor-2] WARN  server.GrpcLogAppender (LogUtils.java:warn(122)) - omNode-1@group-523986131536->omNode-3-AppendLogResponseHandler: Failed appendEntries: org.apache.ratis.thirdparty.io.grpc.StatusRuntimeException: UNAVAILABLE: io exception
2022-08-10 09:23:28,378 [grpc-default-executor-2] INFO  leader.FollowerInfo (FollowerInfoImpl.java:lambda$new$0(48)) - omNode-1@group-523986131536->omNode-3: nextIndex: updateUnconditionally 294 -> 45
2022-08-10 09:23:28,381 [EndpointStateMachine task thread for /0.0.0.0:42301 - 0 ] INFO  ipc.Client (Client.java:handleConnectionFailure(977)) - Retrying connect to server: 0.0.0.0/0.0.0.0:42301. Already tried 7 time(s); retry policy is RetryUpToMaximumCountWithFixedSleep(maxRetries=15, sleepTime=1000 MILLISECONDS)
2022-08-10 09:23:28,387 [grpc-default-executor-2] WARN  server.GrpcLogAppender (LogUtils.java:warn(122)) - omNode-1@group-523986131536->omNode-3-AppendLogResponseHandler: Failed appendEntries: org.apache.ratis.thirdparty.io.grpc.StatusRuntimeException: UNAVAILABLE: io exception
2022-08-10 09:23:28,388 [grpc-default-executor-2] INFO  leader.FollowerInfo (FollowerInfoImpl.java:lambda$new$0(48)) - omNode-1@group-523986131536->omNode-3: nextIndex: updateUnconditionally 295 -> 45
2022-08-10 09:23:28,404 [grpc-default-executor-3] WARN  server.GrpcLogAppender (LogUtils.java:warn(122)) - omNode-1@group-523986131536->omNode-3-AppendLogResponseHandler: Failed appendEntries: org.apache.ratis.thirdparty.io.grpc.StatusRuntimeException: UNAVAILABLE: io exception
2022-08-10 09:23:28,405 [grpc-default-executor-3] INFO  leader.FollowerInfo (FollowerInfoImpl.java:lambda$new$0(48)) - omNode-1@group-523986131536->omNode-3: nextIndex: updateUnconditionally 295 -> 45
2022-08-10 09:23:28,406 [grpc-default-executor-3] WARN  server.GrpcLogAppender (LogUtils.java:warn(122)) - omNode-1@group-523986131536->omNode-3-AppendLogResponseHandler: Failed appendEntries: org.apache.ratis.thirdparty.io.grpc.StatusRuntimeException: UNAVAILABLE: io exception
2022-08-10 09:23:28,406 [grpc-default-executor-3] INFO  leader.FollowerInfo (FollowerInfoImpl.java:lambda$new$0(48)) - omNode-1@group-523986131536->omNode-3: nextIndex: updateUnconditionally 295 -> 45
2022-08-10 09:23:28,420 [grpc-default-executor-2] WARN  server.GrpcLogAppender (LogUtils.java:warn(122)) - omNode-1@group-523986131536->omNode-3-AppendLogResponseHandler: Failed appendEntries: org.apache.ratis.thirdparty.io.grpc.StatusRuntimeException: UNAVAILABLE: io exception
2022-08-10 09:23:28,420 [grpc-default-executor-2] INFO  leader.FollowerInfo (FollowerInfoImpl.java:lambda$new$0(48)) - omNode-1@group-523986131536->omNode-3: nextIndex: updateUnconditionally 296 -> 45
2022-08-10 09:23:28,423 [grpc-default-executor-3] WARN  server.GrpcLogAppender (LogUtils.java:warn(122)) - omNode-1@group-523986131536->omNode-3-AppendLogResponseHandler: Failed appendEntries: org.apache.ratis.thirdparty.io.grpc.StatusRuntimeException: UNAVAILABLE: io exception
2022-08-10 09:23:28,423 [grpc-default-executor-3] INFO  leader.FollowerInfo (FollowerInfoImpl.java:lambda$new$0(48)) - omNode-1@group-523986131536->omNode-3: nextIndex: updateUnconditionally 296 -> 45
2022-08-10 09:23:28,424 [grpc-default-executor-3] WARN  server.GrpcLogAppender (LogUtils.java:warn(122)) - omNode-1@group-523986131536->omNode-3-AppendLogResponseHandler: Failed appendEntries: org.apache.ratis.thirdparty.io.grpc.StatusRuntimeException: UNAVAILABLE: io exception
2022-08-10 09:23:28,424 [grpc-default-executor-3] INFO  leader.FollowerInfo (FollowerInfoImpl.java:lambda$new$0(48)) - omNode-1@group-523986131536->omNode-3: nextIndex: updateUnconditionally 297 -> 45
2022-08-10 09:23:28,427 [grpc-default-executor-3] WARN  server.GrpcLogAppender (LogUtils.java:warn(122)) - omNode-1@group-523986131536->omNode-3-AppendLogResponseHandler: Failed appendEntries: org.apache.ratis.thirdparty.io.grpc.StatusRuntimeException: UNAVAILABLE: io exception
2022-08-10 09:23:28,428 [grpc-default-executor-3] INFO  leader.FollowerInfo (FollowerInfoImpl.java:lambda$new$0(48)) - omNode-1@group-523986131536->omNode-3: nextIndex: updateUnconditionally 298 -> 45
2022-08-10 09:23:28,431 [grpc-default-executor-3] WARN  server.GrpcLogAppender (LogUtils.java:warn(122)) - omNode-1@group-523986131536->omNode-3-AppendLogResponseHandler: Failed appendEntries: org.apache.ratis.thirdparty.io.grpc.StatusRuntimeException: UNAVAILABLE: io exception
2022-08-10 09:23:28,431 [grpc-default-executor-3] INFO  leader.FollowerInfo (FollowerInfoImpl.java:lambda$new$0(48)) - omNode-1@group-523986131536->omNode-3: nextIndex: updateUnconditionally 298 -> 45
2022-08-10 09:23:28,432 [grpc-default-executor-3] WARN  server.GrpcLogAppender (LogUtils.java:warn(122)) - omNode-1@group-523986131536->omNode-3-AppendLogResponseHandler: Failed appendEntries: org.apache.ratis.thirdparty.io.grpc.StatusRuntimeException: UNAVAILABLE: io exception
2022-08-10 09:23:28,433 [grpc-default-executor-3] INFO  leader.FollowerInfo (FollowerInfoImpl.java:lambda$new$0(48)) - omNode-1@group-523986131536->omNode-3: nextIndex: updateUnconditionally 298 -> 45
2022-08-10 09:23:28,439 [grpc-default-executor-3] WARN  server.GrpcLogAppender (LogUtils.java:warn(122)) - omNode-1@group-523986131536->omNode-3-AppendLogResponseHandler: Failed appendEntries: org.apache.ratis.thirdparty.io.grpc.StatusRuntimeException: UNAVAILABLE: io exception
2022-08-10 09:23:28,440 [grpc-default-executor-3] INFO  leader.FollowerInfo (FollowerInfoImpl.java:lambda$new$0(48)) - omNode-1@group-523986131536->omNode-3: nextIndex: updateUnconditionally 299 -> 45
2022-08-10 09:23:28,454 [grpc-default-executor-3] WARN  server.GrpcLogAppender (LogUtils.java:warn(122)) - omNode-1@group-523986131536->omNode-3-AppendLogResponseHandler: Failed appendEntries: org.apache.ratis.thirdparty.io.grpc.StatusRuntimeException: UNAVAILABLE: io exception
2022-08-10 09:23:28,455 [grpc-default-executor-3] INFO  leader.FollowerInfo (FollowerInfoImpl.java:lambda$new$0(48)) - omNode-1@group-523986131536->omNode-3: nextIndex: updateUnconditionally 299 -> 45
2022-08-10 09:23:28,464 [grpc-default-executor-3] WARN  server.GrpcLogAppender (LogUtils.java:warn(122)) - omNode-1@group-523986131536->omNode-3-AppendLogResponseHandler: Failed appendEntries: org.apache.ratis.thirdparty.io.grpc.StatusRuntimeException: UNAVAILABLE: io exception
2022-08-10 09:23:28,464 [grpc-default-executor-3] INFO  leader.FollowerInfo (FollowerInfoImpl.java:lambda$new$0(48)) - omNode-1@group-523986131536->omNode-3: nextIndex: updateUnconditionally 300 -> 45
2022-08-10 09:23:28,474 [grpc-default-executor-3] WARN  server.GrpcLogAppender (LogUtils.java:warn(122)) - omNode-1@group-523986131536->omNode-3-AppendLogResponseHandler: Failed appendEntries: org.apache.ratis.thirdparty.io.grpc.StatusRuntimeException: UNAVAILABLE: io exception
2022-08-10 09:23:28,475 [grpc-default-executor-3] INFO  leader.FollowerInfo (FollowerInfoImpl.java:lambda$new$0(48)) - omNode-1@group-523986131536->omNode-3: nextIndex: updateUnconditionally 300 -> 45
2022-08-10 09:23:28,480 [grpc-default-executor-3] WARN  server.GrpcLogAppender (LogUtils.java:warn(122)) - omNode-1@group-523986131536->omNode-3-AppendLogResponseHandler: Failed appendEntries: org.apache.ratis.thirdparty.io.grpc.StatusRuntimeException: UNAVAILABLE: io exception
2022-08-10 09:23:28,480 [grpc-default-executor-3] INFO  leader.FollowerInfo (FollowerInfoImpl.java:lambda$new$0(48)) - omNode-1@group-523986131536->omNode-3: nextIndex: updateUnconditionally 301 -> 45
2022-08-10 09:23:28,483 [grpc-default-executor-3] WARN  server.GrpcLogAppender (LogUtils.java:warn(122)) - omNode-1@group-523986131536->omNode-3-AppendLogResponseHandler: Failed appendEntries: org.apache.ratis.thirdparty.io.grpc.StatusRuntimeException: UNAVAILABLE: io exception
2022-08-10 09:23:28,483 [grpc-default-executor-3] INFO  leader.FollowerInfo (FollowerInfoImpl.java:lambda$new$0(48)) - omNode-1@group-523986131536->omNode-3: nextIndex: updateUnconditionally 302 -> 45
2022-08-10 09:23:28,491 [omNode-1@group-523986131536-StateMachineUpdater] INFO  ratis.OzoneManagerStateMachine (OzoneManagerStateMachine.java:takeSnapshot(441)) - Current Snapshot Index (t:3, i:300)
2022-08-10 09:23:28,491 [omNode-1@group-523986131536-StateMachineUpdater] INFO  impl.StateMachineUpdater (StateMachineUpdater.java:takeSnapshot(287)) - omNode-1@group-523986131536-StateMachineUpdater: Took a snapshot at index 300
2022-08-10 09:23:28,491 [omNode-1@group-523986131536-StateMachineUpdater] INFO  impl.StateMachineUpdater (StateMachineUpdater.java:lambda$new$0(92)) - omNode-1@group-523986131536-StateMachineUpdater: snapshotIndex: updateIncreasingly 250 -> 300
2022-08-10 09:23:28,491 [omNode-1@group-523986131536-StateMachineUpdater] INFO  raftlog.RaftLog (RaftLogBase.java:purge(308)) - omNode-1@group-523986131536-SegmentedRaftLog: purge 300
2022-08-10 09:23:28,491 [omNode-1@group-523986131536-StateMachineUpdater] INFO  raftlog.RaftLog (RaftLogBase.java:lambda$new$0(53)) - omNode-1@group-523986131536-SegmentedRaftLog: snapshotIndex: updateIncreasingly 250 -> 300
2022-08-10 09:23:28,491 [omNode-1@group-523986131536-StateMachineUpdater] INFO  raftlog.RaftLog (RaftLogBase.java:lambda$new$0(53)) - omNode-1@group-523986131536-SegmentedRaftLog: purgeIndex: updateToMax old=250, new=300, updated? true
2022-08-10 09:23:28,491 [grpc-default-executor-3] WARN  server.GrpcLogAppender (LogUtils.java:warn(122)) - omNode-1@group-523986131536->omNode-3-AppendLogResponseHandler: Failed appendEntries: org.apache.ratis.thirdparty.io.grpc.StatusRuntimeException: UNAVAILABLE: io exception
2022-08-10 09:23:28,492 [grpc-default-executor-3] INFO  leader.FollowerInfo (FollowerInfoImpl.java:lambda$new$0(48)) - omNode-1@group-523986131536->omNode-3: nextIndex: updateUnconditionally 302 -> 45
2022-08-10 09:23:28,493 [grpc-default-executor-3] WARN  server.GrpcLogAppender (LogUtils.java:warn(122)) - omNode-1@group-523986131536->omNode-3-AppendLogResponseHandler: Failed appendEntries: org.apache.ratis.thirdparty.io.grpc.StatusRuntimeException: UNAVAILABLE: io exception
2022-08-10 09:23:28,493 [grpc-default-executor-3] INFO  leader.FollowerInfo (FollowerInfoImpl.java:lambda$new$0(48)) - omNode-1@group-523986131536->omNode-3: nextIndex: updateUnconditionally 302 -> 45
2022-08-10 09:23:28,495 [grpc-default-executor-3] WARN  server.GrpcLogAppender (LogUtils.java:warn(122)) - omNode-1@group-523986131536->omNode-3-AppendLogResponseHandler: Failed appendEntries: org.apache.ratis.thirdparty.io.grpc.StatusRuntimeException: UNAVAILABLE: io exception
2022-08-10 09:23:28,495 [grpc-default-executor-3] INFO  leader.FollowerInfo (FollowerInfoImpl.java:lambda$new$0(48)) - omNode-1@group-523986131536->omNode-3: nextIndex: updateUnconditionally 303 -> 45
2022-08-10 09:23:28,507 [grpc-default-executor-2] WARN  server.GrpcLogAppender (LogUtils.java:warn(122)) - omNode-1@group-523986131536->omNode-3-AppendLogResponseHandler: Failed appendEntries: org.apache.ratis.thirdparty.io.grpc.StatusRuntimeException: UNAVAILABLE: io exception
2022-08-10 09:23:28,508 [grpc-default-executor-2] INFO  leader.FollowerInfo (FollowerInfoImpl.java:lambda$new$0(48)) - omNode-1@group-523986131536->omNode-3: nextIndex: updateUnconditionally 303 -> 45
2022-08-10 09:23:28,509 [grpc-default-executor-2] WARN  server.GrpcLogAppender (LogUtils.java:warn(122)) - omNode-1@group-523986131536->omNode-3-AppendLogResponseHandler: Failed appendEntries: org.apache.ratis.thirdparty.io.grpc.StatusRuntimeException: UNAVAILABLE: io exception
2022-08-10 09:23:28,509 [grpc-default-executor-2] INFO  leader.FollowerInfo (FollowerInfoImpl.java:lambda$new$0(48)) - omNode-1@group-523986131536->omNode-3: nextIndex: updateUnconditionally 303 -> 45
2022-08-10 09:23:28,518 [grpc-default-executor-3] WARN  server.GrpcLogAppender (LogUtils.java:warn(122)) - omNode-1@group-523986131536->omNode-3-AppendLogResponseHandler: Failed appendEntries: org.apache.ratis.thirdparty.io.grpc.StatusRuntimeException: UNAVAILABLE: io exception
2022-08-10 09:23:28,518 [grpc-default-executor-3] INFO  leader.FollowerInfo (FollowerInfoImpl.java:lambda$new$0(48)) - omNode-1@group-523986131536->omNode-3: nextIndex: updateUnconditionally 304 -> 45
2022-08-10 09:23:28,531 [grpc-default-executor-3] WARN  server.GrpcLogAppender (LogUtils.java:warn(122)) - omNode-1@group-523986131536->omNode-3-AppendLogResponseHandler: Failed appendEntries: org.apache.ratis.thirdparty.io.grpc.StatusRuntimeException: UNAVAILABLE: io exception
2022-08-10 09:23:28,531 [grpc-default-executor-3] INFO  leader.FollowerInfo (FollowerInfoImpl.java:lambda$new$0(48)) - omNode-1@group-523986131536->omNode-3: nextIndex: updateUnconditionally 304 -> 45
2022-08-10 09:23:28,535 [grpc-default-executor-3] WARN  server.GrpcLogAppender (LogUtils.java:warn(122)) - omNode-1@group-523986131536->omNode-3-AppendLogResponseHandler: Failed appendEntries: org.apache.ratis.thirdparty.io.grpc.StatusRuntimeException: UNAVAILABLE: io exception
2022-08-10 09:23:28,536 [grpc-default-executor-3] INFO  leader.FollowerInfo (FollowerInfoImpl.java:lambda$new$0(48)) - omNode-1@group-523986131536->omNode-3: nextIndex: updateUnconditionally 305 -> 45
2022-08-10 09:23:28,537 [grpc-default-executor-2] WARN  server.GrpcLogAppender (LogUtils.java:warn(122)) - omNode-1@group-523986131536->omNode-3-AppendLogResponseHandler: Failed appendEntries: org.apache.ratis.thirdparty.io.grpc.StatusRuntimeException: UNAVAILABLE: io exception
2022-08-10 09:23:28,537 [grpc-default-executor-2] INFO  leader.FollowerInfo (FollowerInfoImpl.java:lambda$new$0(48)) - omNode-1@group-523986131536->omNode-3: nextIndex: updateUnconditionally 306 -> 45
2022-08-10 09:23:28,542 [grpc-default-executor-3] WARN  server.GrpcLogAppender (LogUtils.java:warn(122)) - omNode-1@group-523986131536->omNode-3-AppendLogResponseHandler: Failed appendEntries: org.apache.ratis.thirdparty.io.grpc.StatusRuntimeException: UNAVAILABLE: io exception
2022-08-10 09:23:28,542 [grpc-default-executor-3] INFO  leader.FollowerInfo (FollowerInfoImpl.java:lambda$new$0(48)) - omNode-1@group-523986131536->omNode-3: nextIndex: updateUnconditionally 306 -> 45
2022-08-10 09:23:28,546 [grpc-default-executor-3] WARN  server.GrpcLogAppender (LogUtils.java:warn(122)) - omNode-1@group-523986131536->omNode-3-AppendLogResponseHandler: Failed appendEntries: org.apache.ratis.thirdparty.io.grpc.StatusRuntimeException: UNAVAILABLE: io exception
2022-08-10 09:23:28,547 [grpc-default-executor-3] INFO  leader.FollowerInfo (FollowerInfoImpl.java:lambda$new$0(48)) - omNode-1@group-523986131536->omNode-3: nextIndex: updateUnconditionally 306 -> 45
2022-08-10 09:23:28,556 [grpc-default-executor-2] WARN  server.GrpcLogAppender (LogUtils.java:warn(122)) - omNode-1@group-523986131536->omNode-3-AppendLogResponseHandler: Failed appendEntries: org.apache.ratis.thirdparty.io.grpc.StatusRuntimeException: UNAVAILABLE: io exception
2022-08-10 09:23:28,556 [grpc-default-executor-2] INFO  leader.FollowerInfo (FollowerInfoImpl.java:lambda$new$0(48)) - omNode-1@group-523986131536->omNode-3: nextIndex: updateUnconditionally 307 -> 45
2022-08-10 09:23:28,565 [omNode-2@group-523986131536-StateMachineUpdater] INFO  ratis.OzoneManagerStateMachine (OzoneManagerStateMachine.java:takeSnapshot(441)) - Current Snapshot Index (t:3, i:304)
2022-08-10 09:23:28,565 [omNode-2@group-523986131536-StateMachineUpdater] INFO  impl.StateMachineUpdater (StateMachineUpdater.java:takeSnapshot(287)) - omNode-2@group-523986131536-StateMachineUpdater: Took a snapshot at index 304
2022-08-10 09:23:28,565 [omNode-2@group-523986131536-StateMachineUpdater] INFO  impl.StateMachineUpdater (StateMachineUpdater.java:lambda$new$0(92)) - omNode-2@group-523986131536-StateMachineUpdater: snapshotIndex: updateIncreasingly 254 -> 304
2022-08-10 09:23:28,565 [omNode-2@group-523986131536-StateMachineUpdater] INFO  raftlog.RaftLog (RaftLogBase.java:purge(308)) - omNode-2@group-523986131536-SegmentedRaftLog: purge 304
2022-08-10 09:23:28,565 [omNode-2@group-523986131536-StateMachineUpdater] INFO  raftlog.RaftLog (RaftLogBase.java:lambda$new$0(53)) - omNode-2@group-523986131536-SegmentedRaftLog: snapshotIndex: updateIncreasingly 254 -> 304
2022-08-10 09:23:28,566 [omNode-2@group-523986131536-StateMachineUpdater] INFO  raftlog.RaftLog (RaftLogBase.java:lambda$new$0(53)) - omNode-2@group-523986131536-SegmentedRaftLog: purgeIndex: updateToMax old=254, new=304, updated? true
2022-08-10 09:23:28,566 [grpc-default-executor-2] WARN  server.GrpcLogAppender (LogUtils.java:warn(122)) - omNode-1@group-523986131536->omNode-3-AppendLogResponseHandler: Failed appendEntries: org.apache.ratis.thirdparty.io.grpc.StatusRuntimeException: UNAVAILABLE: io exception
2022-08-10 09:23:28,567 [grpc-default-executor-2] INFO  leader.FollowerInfo (FollowerInfoImpl.java:lambda$new$0(48)) - omNode-1@group-523986131536->omNode-3: nextIndex: updateUnconditionally 307 -> 45
2022-08-10 09:23:28,575 [grpc-default-executor-3] WARN  server.GrpcLogAppender (LogUtils.java:warn(122)) - omNode-1@group-523986131536->omNode-3-AppendLogResponseHandler: Failed appendEntries: org.apache.ratis.thirdparty.io.grpc.StatusRuntimeException: UNAVAILABLE: io exception
2022-08-10 09:23:28,575 [grpc-default-executor-3] INFO  leader.FollowerInfo (FollowerInfoImpl.java:lambda$new$0(48)) - omNode-1@group-523986131536->omNode-3: nextIndex: updateUnconditionally 308 -> 45
2022-08-10 09:23:28,584 [grpc-default-executor-3] WARN  server.GrpcLogAppender (LogUtils.java:warn(122)) - omNode-1@group-523986131536->omNode-3-AppendLogResponseHandler: Failed appendEntries: org.apache.ratis.thirdparty.io.grpc.StatusRuntimeException: UNAVAILABLE: io exception
2022-08-10 09:23:28,584 [grpc-default-executor-3] INFO  leader.FollowerInfo (FollowerInfoImpl.java:lambda$new$0(48)) - omNode-1@group-523986131536->omNode-3: nextIndex: updateUnconditionally 308 -> 45
2022-08-10 09:23:28,586 [grpc-default-executor-2] WARN  server.GrpcLogAppender (LogUtils.java:warn(122)) - omNode-1@group-523986131536->omNode-3-AppendLogResponseHandler: Failed appendEntries: org.apache.ratis.thirdparty.io.grpc.StatusRuntimeException: UNAVAILABLE: io exception
2022-08-10 09:23:28,586 [grpc-default-executor-2] INFO  leader.FollowerInfo (FollowerInfoImpl.java:lambda$new$0(48)) - omNode-1@group-523986131536->omNode-3: nextIndex: updateUnconditionally 310 -> 45
2022-08-10 09:23:28,594 [grpc-default-executor-2] WARN  server.GrpcLogAppender (LogUtils.java:warn(122)) - omNode-1@group-523986131536->omNode-3-AppendLogResponseHandler: Failed appendEntries: org.apache.ratis.thirdparty.io.grpc.StatusRuntimeException: UNAVAILABLE: io exception
2022-08-10 09:23:28,594 [grpc-default-executor-2] INFO  leader.FollowerInfo (FollowerInfoImpl.java:lambda$new$0(48)) - omNode-1@group-523986131536->omNode-3: nextIndex: updateUnconditionally 310 -> 45
2022-08-10 09:23:28,600 [grpc-default-executor-2] WARN  server.GrpcLogAppender (LogUtils.java:warn(122)) - omNode-1@group-523986131536->omNode-3-AppendLogResponseHandler: Failed appendEntries: org.apache.ratis.thirdparty.io.grpc.StatusRuntimeException: UNAVAILABLE: io exception
2022-08-10 09:23:28,600 [grpc-default-executor-2] INFO  leader.FollowerInfo (FollowerInfoImpl.java:lambda$new$0(48)) - omNode-1@group-523986131536->omNode-3: nextIndex: updateUnconditionally 311 -> 45
2022-08-10 09:23:28,617 [grpc-default-executor-3] WARN  server.GrpcLogAppender (LogUtils.java:warn(122)) - omNode-1@group-523986131536->omNode-3-AppendLogResponseHandler: Failed appendEntries: org.apache.ratis.thirdparty.io.grpc.StatusRuntimeException: UNAVAILABLE: io exception
2022-08-10 09:23:28,617 [grpc-default-executor-3] INFO  leader.FollowerInfo (FollowerInfoImpl.java:lambda$new$0(48)) - omNode-1@group-523986131536->omNode-3: nextIndex: updateUnconditionally 311 -> 45
2022-08-10 09:23:28,623 [grpc-default-executor-2] WARN  server.GrpcLogAppender (LogUtils.java:warn(122)) - omNode-1@group-523986131536->omNode-3-AppendLogResponseHandler: Failed appendEntries: org.apache.ratis.thirdparty.io.grpc.StatusRuntimeException: UNAVAILABLE: io exception
2022-08-10 09:23:28,623 [grpc-default-executor-2] INFO  leader.FollowerInfo (FollowerInfoImpl.java:lambda$new$0(48)) - omNode-1@group-523986131536->omNode-3: nextIndex: updateUnconditionally 312 -> 45
2022-08-10 09:23:28,627 [grpc-default-executor-3] WARN  server.GrpcLogAppender (LogUtils.java:warn(122)) - omNode-1@group-523986131536->omNode-3-AppendLogResponseHandler: Failed appendEntries: org.apache.ratis.thirdparty.io.grpc.StatusRuntimeException: UNAVAILABLE: io exception
2022-08-10 09:23:28,627 [grpc-default-executor-3] INFO  leader.FollowerInfo (FollowerInfoImpl.java:lambda$new$0(48)) - omNode-1@group-523986131536->omNode-3: nextIndex: updateUnconditionally 312 -> 45
2022-08-10 09:23:28,631 [grpc-default-executor-3] WARN  server.GrpcLogAppender (LogUtils.java:warn(122)) - omNode-1@group-523986131536->omNode-3-AppendLogResponseHandler: Failed appendEntries: org.apache.ratis.thirdparty.io.grpc.StatusRuntimeException: UNAVAILABLE: io exception
2022-08-10 09:23:28,631 [grpc-default-executor-3] INFO  leader.FollowerInfo (FollowerInfoImpl.java:lambda$new$0(48)) - omNode-1@group-523986131536->omNode-3: nextIndex: updateUnconditionally 313 -> 45
2022-08-10 09:23:28,633 [grpc-default-executor-3] WARN  server.GrpcLogAppender (LogUtils.java:warn(122)) - omNode-1@group-523986131536->omNode-3-AppendLogResponseHandler: Failed appendEntries: org.apache.ratis.thirdparty.io.grpc.StatusRuntimeException: UNAVAILABLE: io exception
2022-08-10 09:23:28,634 [grpc-default-executor-3] INFO  leader.FollowerInfo (FollowerInfoImpl.java:lambda$new$0(48)) - omNode-1@group-523986131536->omNode-3: nextIndex: updateUnconditionally 314 -> 45
2022-08-10 09:23:28,641 [grpc-default-executor-3] WARN  server.GrpcLogAppender (LogUtils.java:warn(122)) - omNode-1@group-523986131536->omNode-3-AppendLogResponseHandler: Failed appendEntries: org.apache.ratis.thirdparty.io.grpc.StatusRuntimeException: UNAVAILABLE: io exception
2022-08-10 09:23:28,641 [grpc-default-executor-3] INFO  leader.FollowerInfo (FollowerInfoImpl.java:lambda$new$0(48)) - omNode-1@group-523986131536->omNode-3: nextIndex: updateUnconditionally 314 -> 45
2022-08-10 09:23:28,642 [grpc-default-executor-3] WARN  server.GrpcLogAppender (LogUtils.java:warn(122)) - omNode-1@group-523986131536->omNode-3-AppendLogResponseHandler: Failed appendEntries: org.apache.ratis.thirdparty.io.grpc.StatusRuntimeException: UNAVAILABLE: io exception
2022-08-10 09:23:28,642 [grpc-default-executor-3] INFO  leader.FollowerInfo (FollowerInfoImpl.java:lambda$new$0(48)) - omNode-1@group-523986131536->omNode-3: nextIndex: updateUnconditionally 314 -> 45
2022-08-10 09:23:28,646 [grpc-default-executor-3] WARN  server.GrpcLogAppender (LogUtils.java:warn(122)) - omNode-1@group-523986131536->omNode-3-AppendLogResponseHandler: Failed appendEntries: org.apache.ratis.thirdparty.io.grpc.StatusRuntimeException: UNAVAILABLE: io exception
2022-08-10 09:23:28,647 [grpc-default-executor-3] INFO  leader.FollowerInfo (FollowerInfoImpl.java:lambda$new$0(48)) - omNode-1@group-523986131536->omNode-3: nextIndex: updateUnconditionally 315 -> 45
2022-08-10 09:23:28,663 [grpc-default-executor-2] WARN  server.GrpcLogAppender (LogUtils.java:warn(122)) - omNode-1@group-523986131536->omNode-3-AppendLogResponseHandler: Failed appendEntries: org.apache.ratis.thirdparty.io.grpc.StatusRuntimeException: UNAVAILABLE: io exception
2022-08-10 09:23:28,664 [grpc-default-executor-2] INFO  leader.FollowerInfo (FollowerInfoImpl.java:lambda$new$0(48)) - omNode-1@group-523986131536->omNode-3: nextIndex: updateUnconditionally 315 -> 45
2022-08-10 09:23:28,665 [grpc-default-executor-2] WARN  server.GrpcLogAppender (LogUtils.java:warn(122)) - omNode-1@group-523986131536->omNode-3-AppendLogResponseHandler: Failed appendEntries: org.apache.ratis.thirdparty.io.grpc.StatusRuntimeException: UNAVAILABLE: io exception
2022-08-10 09:23:28,665 [grpc-default-executor-2] INFO  leader.FollowerInfo (FollowerInfoImpl.java:lambda$new$0(48)) - omNode-1@group-523986131536->omNode-3: nextIndex: updateUnconditionally 315 -> 45
2022-08-10 09:23:28,673 [grpc-default-executor-3] WARN  server.GrpcLogAppender (LogUtils.java:warn(122)) - omNode-1@group-523986131536->omNode-3-AppendLogResponseHandler: Failed appendEntries: org.apache.ratis.thirdparty.io.grpc.StatusRuntimeException: UNAVAILABLE: io exception
2022-08-10 09:23:28,673 [grpc-default-executor-3] INFO  leader.FollowerInfo (FollowerInfoImpl.java:lambda$new$0(48)) - omNode-1@group-523986131536->omNode-3: nextIndex: updateUnconditionally 316 -> 45
2022-08-10 09:23:28,684 [grpc-default-executor-3] WARN  server.GrpcLogAppender (LogUtils.java:warn(122)) - omNode-1@group-523986131536->omNode-3-AppendLogResponseHandler: Failed appendEntries: org.apache.ratis.thirdparty.io.grpc.StatusRuntimeException: UNAVAILABLE: io exception
2022-08-10 09:23:28,684 [grpc-default-executor-3] INFO  leader.FollowerInfo (FollowerInfoImpl.java:lambda$new$0(48)) - omNode-1@group-523986131536->omNode-3: nextIndex: updateUnconditionally 316 -> 45
2022-08-10 09:23:28,685 [grpc-default-executor-2] WARN  server.GrpcLogAppender (LogUtils.java:warn(122)) - omNode-1@group-523986131536->omNode-3-AppendLogResponseHandler: Failed appendEntries: org.apache.ratis.thirdparty.io.grpc.StatusRuntimeException: UNAVAILABLE: io exception
2022-08-10 09:23:28,685 [grpc-default-executor-2] INFO  leader.FollowerInfo (FollowerInfoImpl.java:lambda$new$0(48)) - omNode-1@group-523986131536->omNode-3: nextIndex: updateUnconditionally 317 -> 45
2022-08-10 09:23:28,690 [grpc-default-executor-3] WARN  server.GrpcLogAppender (LogUtils.java:warn(122)) - omNode-1@group-523986131536->omNode-3-AppendLogResponseHandler: Failed appendEntries: org.apache.ratis.thirdparty.io.grpc.StatusRuntimeException: UNAVAILABLE: io exception
2022-08-10 09:23:28,690 [grpc-default-executor-3] INFO  leader.FollowerInfo (FollowerInfoImpl.java:lambda$new$0(48)) - omNode-1@group-523986131536->omNode-3: nextIndex: updateUnconditionally 318 -> 45
2022-08-10 09:23:28,698 [grpc-default-executor-3] WARN  server.GrpcLogAppender (LogUtils.java:warn(122)) - omNode-1@group-523986131536->omNode-3-AppendLogResponseHandler: Failed appendEntries: org.apache.ratis.thirdparty.io.grpc.StatusRuntimeException: UNAVAILABLE: io exception
2022-08-10 09:23:28,699 [grpc-default-executor-3] INFO  leader.FollowerInfo (FollowerInfoImpl.java:lambda$new$0(48)) - omNode-1@group-523986131536->omNode-3: nextIndex: updateUnconditionally 318 -> 45
2022-08-10 09:23:28,700 [grpc-default-executor-3] WARN  server.GrpcLogAppender (LogUtils.java:warn(122)) - omNode-1@group-523986131536->omNode-3-AppendLogResponseHandler: Failed appendEntries: org.apache.ratis.thirdparty.io.grpc.StatusRuntimeException: UNAVAILABLE: io exception
2022-08-10 09:23:28,700 [grpc-default-executor-3] INFO  leader.FollowerInfo (FollowerInfoImpl.java:lambda$new$0(48)) - omNode-1@group-523986131536->omNode-3: nextIndex: updateUnconditionally 318 -> 45
2022-08-10 09:23:28,702 [grpc-default-executor-3] WARN  server.GrpcLogAppender (LogUtils.java:warn(122)) - omNode-1@group-523986131536->omNode-3-AppendLogResponseHandler: Failed appendEntries: org.apache.ratis.thirdparty.io.grpc.StatusRuntimeException: UNAVAILABLE: io exception
2022-08-10 09:23:28,703 [grpc-default-executor-3] INFO  leader.FollowerInfo (FollowerInfoImpl.java:lambda$new$0(48)) - omNode-1@group-523986131536->omNode-3: nextIndex: updateUnconditionally 319 -> 45
2022-08-10 09:23:28,725 [grpc-default-executor-2] WARN  server.GrpcLogAppender (LogUtils.java:warn(122)) - omNode-1@group-523986131536->omNode-3-AppendLogResponseHandler: Failed appendEntries: org.apache.ratis.thirdparty.io.grpc.StatusRuntimeException: UNAVAILABLE: io exception
2022-08-10 09:23:28,725 [grpc-default-executor-2] INFO  leader.FollowerInfo (FollowerInfoImpl.java:lambda$new$0(48)) - omNode-1@group-523986131536->omNode-3: nextIndex: updateUnconditionally 319 -> 45
2022-08-10 09:23:28,726 [grpc-default-executor-2] WARN  server.GrpcLogAppender (LogUtils.java:warn(122)) - omNode-1@group-523986131536->omNode-3-AppendLogResponseHandler: Failed appendEntries: org.apache.ratis.thirdparty.io.grpc.StatusRuntimeException: UNAVAILABLE: io exception
2022-08-10 09:23:28,726 [grpc-default-executor-2] INFO  leader.FollowerInfo (FollowerInfoImpl.java:lambda$new$0(48)) - omNode-1@group-523986131536->omNode-3: nextIndex: updateUnconditionally 319 -> 45
2022-08-10 09:23:28,731 [grpc-default-executor-3] WARN  server.GrpcLogAppender (LogUtils.java:warn(122)) - omNode-1@group-523986131536->omNode-3-AppendLogResponseHandler: Failed appendEntries: org.apache.ratis.thirdparty.io.grpc.StatusRuntimeException: UNAVAILABLE: io exception
2022-08-10 09:23:28,731 [grpc-default-executor-3] INFO  leader.FollowerInfo (FollowerInfoImpl.java:lambda$new$0(48)) - omNode-1@group-523986131536->omNode-3: nextIndex: updateUnconditionally 320 -> 45
2022-08-10 09:23:28,743 [grpc-default-executor-2] WARN  server.GrpcLogAppender (LogUtils.java:warn(122)) - omNode-1@group-523986131536->omNode-3-AppendLogResponseHandler: Failed appendEntries: org.apache.ratis.thirdparty.io.grpc.StatusRuntimeException: UNAVAILABLE: io exception
2022-08-10 09:23:28,743 [grpc-default-executor-2] INFO  leader.FollowerInfo (FollowerInfoImpl.java:lambda$new$0(48)) - omNode-1@group-523986131536->omNode-3: nextIndex: updateUnconditionally 320 -> 45
2022-08-10 09:23:28,748 [grpc-default-executor-1] WARN  server.GrpcLogAppender (LogUtils.java:warn(122)) - omNode-1@group-523986131536->omNode-3-AppendLogResponseHandler: Failed appendEntries: org.apache.ratis.thirdparty.io.grpc.StatusRuntimeException: UNAVAILABLE: io exception
2022-08-10 09:23:28,748 [grpc-default-executor-1] INFO  leader.FollowerInfo (FollowerInfoImpl.java:lambda$new$0(48)) - omNode-1@group-523986131536->omNode-3: nextIndex: updateUnconditionally 321 -> 45
2022-08-10 09:23:28,755 [grpc-default-executor-2] WARN  server.GrpcLogAppender (LogUtils.java:warn(122)) - omNode-1@group-523986131536->omNode-3-AppendLogResponseHandler: Failed appendEntries: org.apache.ratis.thirdparty.io.grpc.StatusRuntimeException: UNAVAILABLE: io exception
2022-08-10 09:23:28,755 [grpc-default-executor-2] INFO  leader.FollowerInfo (FollowerInfoImpl.java:lambda$new$0(48)) - omNode-1@group-523986131536->omNode-3: nextIndex: updateUnconditionally 322 -> 45
2022-08-10 09:23:28,770 [grpc-default-executor-2] WARN  server.GrpcLogAppender (LogUtils.java:warn(122)) - omNode-1@group-523986131536->omNode-3-AppendLogResponseHandler: Failed appendEntries: org.apache.ratis.thirdparty.io.grpc.StatusRuntimeException: UNAVAILABLE: io exception
2022-08-10 09:23:28,770 [grpc-default-executor-2] INFO  leader.FollowerInfo (FollowerInfoImpl.java:lambda$new$0(48)) - omNode-1@group-523986131536->omNode-3: nextIndex: updateUnconditionally 322 -> 45
2022-08-10 09:23:28,787 [grpc-default-executor-1] WARN  server.GrpcLogAppender (LogUtils.java:warn(122)) - omNode-1@group-523986131536->omNode-3-AppendLogResponseHandler: Failed appendEntries: org.apache.ratis.thirdparty.io.grpc.StatusRuntimeException: UNAVAILABLE: io exception
2022-08-10 09:23:28,787 [grpc-default-executor-1] INFO  leader.FollowerInfo (FollowerInfoImpl.java:lambda$new$0(48)) - omNode-1@group-523986131536->omNode-3: nextIndex: updateUnconditionally 323 -> 45
2022-08-10 09:23:28,802 [grpc-default-executor-2] WARN  server.GrpcLogAppender (LogUtils.java:warn(122)) - omNode-1@group-523986131536->omNode-3-AppendLogResponseHandler: Failed appendEntries: org.apache.ratis.thirdparty.io.grpc.StatusRuntimeException: UNAVAILABLE: io exception
2022-08-10 09:23:28,802 [grpc-default-executor-2] INFO  leader.FollowerInfo (FollowerInfoImpl.java:lambda$new$0(48)) - omNode-1@group-523986131536->omNode-3: nextIndex: updateUnconditionally 323 -> 45
2022-08-10 09:23:28,807 [grpc-default-executor-3] WARN  server.GrpcLogAppender (LogUtils.java:warn(122)) - omNode-1@group-523986131536->omNode-3-AppendLogResponseHandler: Failed appendEntries: org.apache.ratis.thirdparty.io.grpc.StatusRuntimeException: UNAVAILABLE: io exception
2022-08-10 09:23:28,807 [grpc-default-executor-3] INFO  leader.FollowerInfo (FollowerInfoImpl.java:lambda$new$0(48)) - omNode-1@group-523986131536->omNode-3: nextIndex: updateUnconditionally 323 -> 45
2022-08-10 09:23:28,821 [grpc-default-executor-1] WARN  server.GrpcLogAppender (LogUtils.java:warn(122)) - omNode-1@group-523986131536->omNode-3-AppendLogResponseHandler: Failed appendEntries: org.apache.ratis.thirdparty.io.grpc.StatusRuntimeException: UNAVAILABLE: io exception
2022-08-10 09:23:28,822 [grpc-default-executor-1] INFO  leader.FollowerInfo (FollowerInfoImpl.java:lambda$new$0(48)) - omNode-1@group-523986131536->omNode-3: nextIndex: updateUnconditionally 324 -> 45
2022-08-10 09:23:28,824 [grpc-default-executor-1] WARN  server.GrpcLogAppender (LogUtils.java:warn(122)) - omNode-1@group-523986131536->omNode-3-AppendLogResponseHandler: Failed appendEntries: org.apache.ratis.thirdparty.io.grpc.StatusRuntimeException: UNAVAILABLE: io exception
2022-08-10 09:23:28,825 [grpc-default-executor-1] INFO  leader.FollowerInfo (FollowerInfoImpl.java:lambda$new$0(48)) - omNode-1@group-523986131536->omNode-3: nextIndex: updateUnconditionally 324 -> 45
2022-08-10 09:23:28,829 [grpc-default-executor-1] WARN  server.GrpcLogAppender (LogUtils.java:warn(122)) - omNode-1@group-523986131536->omNode-3-AppendLogResponseHandler: Failed appendEntries: org.apache.ratis.thirdparty.io.grpc.StatusRuntimeException: UNAVAILABLE: io exception
2022-08-10 09:23:28,829 [grpc-default-executor-1] INFO  leader.FollowerInfo (FollowerInfoImpl.java:lambda$new$0(48)) - omNode-1@group-523986131536->omNode-3: nextIndex: updateUnconditionally 326 -> 45
2022-08-10 09:23:28,843 [grpc-default-executor-3] WARN  server.GrpcLogAppender (LogUtils.java:warn(122)) - omNode-1@group-523986131536->omNode-3-AppendLogResponseHandler: Failed appendEntries: org.apache.ratis.thirdparty.io.grpc.StatusRuntimeException: UNAVAILABLE: io exception
2022-08-10 09:23:28,844 [grpc-default-executor-3] INFO  leader.FollowerInfo (FollowerInfoImpl.java:lambda$new$0(48)) - omNode-1@group-523986131536->omNode-3: nextIndex: updateUnconditionally 326 -> 45
2022-08-10 09:23:28,861 [grpc-default-executor-1] WARN  server.GrpcLogAppender (LogUtils.java:warn(122)) - omNode-1@group-523986131536->omNode-3-AppendLogResponseHandler: Failed appendEntries: org.apache.ratis.thirdparty.io.grpc.StatusRuntimeException: UNAVAILABLE: io exception
2022-08-10 09:23:28,862 [grpc-default-executor-1] INFO  leader.FollowerInfo (FollowerInfoImpl.java:lambda$new$0(48)) - omNode-1@group-523986131536->omNode-3: nextIndex: updateUnconditionally 328 -> 45
2022-08-10 09:23:28,863 [grpc-default-executor-3] WARN  server.GrpcLogAppender (LogUtils.java:warn(122)) - omNode-1@group-523986131536->omNode-3-AppendLogResponseHandler: Failed appendEntries: org.apache.ratis.thirdparty.io.grpc.StatusRuntimeException: UNAVAILABLE: io exception
2022-08-10 09:23:28,863 [grpc-default-executor-3] INFO  leader.FollowerInfo (FollowerInfoImpl.java:lambda$new$0(48)) - omNode-1@group-523986131536->omNode-3: nextIndex: updateUnconditionally 328 -> 45
2022-08-10 09:23:28,875 [grpc-default-executor-2] WARN  server.GrpcLogAppender (LogUtils.java:warn(122)) - omNode-1@group-523986131536->omNode-3-AppendLogResponseHandler: Failed appendEntries: org.apache.ratis.thirdparty.io.grpc.StatusRuntimeException: UNAVAILABLE: io exception
2022-08-10 09:23:28,875 [grpc-default-executor-2] INFO  leader.FollowerInfo (FollowerInfoImpl.java:lambda$new$0(48)) - omNode-1@group-523986131536->omNode-3: nextIndex: updateUnconditionally 328 -> 45
2022-08-10 09:23:28,877 [grpc-default-executor-3] WARN  server.GrpcLogAppender (LogUtils.java:warn(122)) - omNode-1@group-523986131536->omNode-3-AppendLogResponseHandler: Failed appendEntries: org.apache.ratis.thirdparty.io.grpc.StatusRuntimeException: UNAVAILABLE: io exception
2022-08-10 09:23:28,877 [grpc-default-executor-3] INFO  leader.FollowerInfo (FollowerInfoImpl.java:lambda$new$0(48)) - omNode-1@group-523986131536->omNode-3: nextIndex: updateUnconditionally 329 -> 45
2022-08-10 09:23:28,887 [grpc-default-executor-2] WARN  server.GrpcLogAppender (LogUtils.java:warn(122)) - omNode-1@group-523986131536->omNode-3-AppendLogResponseHandler: Failed appendEntries: org.apache.ratis.thirdparty.io.grpc.StatusRuntimeException: UNAVAILABLE: io exception
2022-08-10 09:23:28,887 [grpc-default-executor-2] INFO  leader.FollowerInfo (FollowerInfoImpl.java:lambda$new$0(48)) - omNode-1@group-523986131536->omNode-3: nextIndex: updateUnconditionally 330 -> 45
2022-08-10 09:23:28,896 [grpc-default-executor-2] WARN  server.GrpcLogAppender (LogUtils.java:warn(122)) - omNode-1@group-523986131536->omNode-3-AppendLogResponseHandler: Failed appendEntries: org.apache.ratis.thirdparty.io.grpc.StatusRuntimeException: UNAVAILABLE: io exception
2022-08-10 09:23:28,896 [grpc-default-executor-2] INFO  leader.FollowerInfo (FollowerInfoImpl.java:lambda$new$0(48)) - omNode-1@group-523986131536->omNode-3: nextIndex: updateUnconditionally 330 -> 45
2022-08-10 09:23:28,897 [grpc-default-executor-3] WARN  server.GrpcLogAppender (LogUtils.java:warn(122)) - omNode-1@group-523986131536->omNode-3-AppendLogResponseHandler: Failed appendEntries: org.apache.ratis.thirdparty.io.grpc.StatusRuntimeException: UNAVAILABLE: io exception
2022-08-10 09:23:28,897 [grpc-default-executor-3] INFO  leader.FollowerInfo (FollowerInfoImpl.java:lambda$new$0(48)) - omNode-1@group-523986131536->omNode-3: nextIndex: updateUnconditionally 330 -> 45
2022-08-10 09:23:28,898 [grpc-default-executor-2] WARN  server.GrpcLogAppender (LogUtils.java:warn(122)) - omNode-1@group-523986131536->omNode-3-AppendLogResponseHandler: Failed appendEntries: org.apache.ratis.thirdparty.io.grpc.StatusRuntimeException: UNAVAILABLE: io exception
2022-08-10 09:23:28,898 [grpc-default-executor-2] INFO  leader.FollowerInfo (FollowerInfoImpl.java:lambda$new$0(48)) - omNode-1@group-523986131536->omNode-3: nextIndex: updateUnconditionally 331 -> 45
2022-08-10 09:23:28,908 [grpc-default-executor-2] WARN  server.GrpcLogAppender (LogUtils.java:warn(122)) - omNode-1@group-523986131536->omNode-3-AppendLogResponseHandler: Failed appendEntries: org.apache.ratis.thirdparty.io.grpc.StatusRuntimeException: UNAVAILABLE: io exception
2022-08-10 09:23:28,908 [grpc-default-executor-2] INFO  leader.FollowerInfo (FollowerInfoImpl.java:lambda$new$0(48)) - omNode-1@group-523986131536->omNode-3: nextIndex: updateUnconditionally 331 -> 45
2022-08-10 09:23:28,909 [grpc-default-executor-2] WARN  server.GrpcLogAppender (LogUtils.java:warn(122)) - omNode-1@group-523986131536->omNode-3-AppendLogResponseHandler: Failed appendEntries: org.apache.ratis.thirdparty.io.grpc.StatusRuntimeException: UNAVAILABLE: io exception
2022-08-10 09:23:28,909 [grpc-default-executor-2] INFO  leader.FollowerInfo (FollowerInfoImpl.java:lambda$new$0(48)) - omNode-1@group-523986131536->omNode-3: nextIndex: updateUnconditionally 331 -> 45
2022-08-10 09:23:28,920 [grpc-default-executor-3] WARN  server.GrpcLogAppender (LogUtils.java:warn(122)) - omNode-1@group-523986131536->omNode-3-AppendLogResponseHandler: Failed appendEntries: org.apache.ratis.thirdparty.io.grpc.StatusRuntimeException: UNAVAILABLE: io exception
2022-08-10 09:23:28,921 [grpc-default-executor-3] INFO  leader.FollowerInfo (FollowerInfoImpl.java:lambda$new$0(48)) - omNode-1@group-523986131536->omNode-3: nextIndex: updateUnconditionally 332 -> 45
2022-08-10 09:23:28,931 [grpc-default-executor-3] WARN  server.GrpcLogAppender (LogUtils.java:warn(122)) - omNode-1@group-523986131536->omNode-3-AppendLogResponseHandler: Failed appendEntries: org.apache.ratis.thirdparty.io.grpc.StatusRuntimeException: UNAVAILABLE: io exception
2022-08-10 09:23:28,931 [grpc-default-executor-3] INFO  leader.FollowerInfo (FollowerInfoImpl.java:lambda$new$0(48)) - omNode-1@group-523986131536->omNode-3: nextIndex: updateUnconditionally 332 -> 45
2022-08-10 09:23:28,932 [grpc-default-executor-3] WARN  server.GrpcLogAppender (LogUtils.java:warn(122)) - omNode-1@group-523986131536->omNode-3-AppendLogResponseHandler: Failed appendEntries: org.apache.ratis.thirdparty.io.grpc.StatusRuntimeException: UNAVAILABLE: io exception
2022-08-10 09:23:28,932 [grpc-default-executor-3] INFO  leader.FollowerInfo (FollowerInfoImpl.java:lambda$new$0(48)) - omNode-1@group-523986131536->omNode-3: nextIndex: updateUnconditionally 333 -> 45
2022-08-10 09:23:28,937 [grpc-default-executor-3] WARN  server.GrpcLogAppender (LogUtils.java:warn(122)) - omNode-1@group-523986131536->omNode-3-AppendLogResponseHandler: Failed appendEntries: org.apache.ratis.thirdparty.io.grpc.StatusRuntimeException: UNAVAILABLE: io exception
2022-08-10 09:23:28,937 [grpc-default-executor-3] INFO  leader.FollowerInfo (FollowerInfoImpl.java:lambda$new$0(48)) - omNode-1@group-523986131536->omNode-3: nextIndex: updateUnconditionally 334 -> 45
2022-08-10 09:23:28,945 [grpc-default-executor-3] WARN  server.GrpcLogAppender (LogUtils.java:warn(122)) - omNode-1@group-523986131536->omNode-3-AppendLogResponseHandler: Failed appendEntries: org.apache.ratis.thirdparty.io.grpc.StatusRuntimeException: UNAVAILABLE: io exception
2022-08-10 09:23:28,946 [grpc-default-executor-3] INFO  leader.FollowerInfo (FollowerInfoImpl.java:lambda$new$0(48)) - omNode-1@group-523986131536->omNode-3: nextIndex: updateUnconditionally 334 -> 45
2022-08-10 09:23:28,946 [grpc-default-executor-3] WARN  server.GrpcLogAppender (LogUtils.java:warn(122)) - omNode-1@group-523986131536->omNode-3-AppendLogResponseHandler: Failed appendEntries: org.apache.ratis.thirdparty.io.grpc.StatusRuntimeException: UNAVAILABLE: io exception
2022-08-10 09:23:28,946 [e06c7883-c7a0-4496-b519-f5e79e748d82@group-B580A609090B-FollowerState] INFO  impl.FollowerState (FollowerState.java:run(143)) - e06c7883-c7a0-4496-b519-f5e79e748d82@group-B580A609090B-FollowerState: change to CANDIDATE, lastRpcElapsedTime:5058084463ns, electionTimeout:5054ms
2022-08-10 09:23:28,947 [e06c7883-c7a0-4496-b519-f5e79e748d82@group-B580A609090B-FollowerState] INFO  impl.RoleInfo (RoleInfo.java:shutdownFollowerState(110)) - e06c7883-c7a0-4496-b519-f5e79e748d82: shutdown e06c7883-c7a0-4496-b519-f5e79e748d82@group-B580A609090B-FollowerState
2022-08-10 09:23:28,947 [grpc-default-executor-3] INFO  leader.FollowerInfo (FollowerInfoImpl.java:lambda$new$0(48)) - omNode-1@group-523986131536->omNode-3: nextIndex: updateUnconditionally 334 -> 45
2022-08-10 09:23:28,947 [e06c7883-c7a0-4496-b519-f5e79e748d82@group-B580A609090B-FollowerState] INFO  server.RaftServer$Division (RaftServerImpl.java:setRole(299)) - e06c7883-c7a0-4496-b519-f5e79e748d82@group-B580A609090B: changes role from  FOLLOWER to CANDIDATE at term 3 for changeToCandidate
2022-08-10 09:23:28,948 [e06c7883-c7a0-4496-b519-f5e79e748d82@group-B580A609090B-FollowerState] INFO  server.RaftServerConfigKeys (ConfUtils.java:logGet(46)) - raft.server.leaderelection.pre-vote = false (custom)
2022-08-10 09:23:28,948 [e06c7883-c7a0-4496-b519-f5e79e748d82@group-B580A609090B-FollowerState] INFO  impl.RoleInfo (RoleInfo.java:updateAndGet(139)) - e06c7883-c7a0-4496-b519-f5e79e748d82: start e06c7883-c7a0-4496-b519-f5e79e748d82@group-B580A609090B-LeaderElection44
2022-08-10 09:23:28,955 [grpc-default-executor-2] WARN  server.GrpcLogAppender (LogUtils.java:warn(122)) - omNode-1@group-523986131536->omNode-3-AppendLogResponseHandler: Failed appendEntries: org.apache.ratis.thirdparty.io.grpc.StatusRuntimeException: UNAVAILABLE: io exception
2022-08-10 09:23:28,955 [grpc-default-executor-2] INFO  leader.FollowerInfo (FollowerInfoImpl.java:lambda$new$0(48)) - omNode-1@group-523986131536->omNode-3: nextIndex: updateUnconditionally 335 -> 45
2022-08-10 09:23:28,965 [e06c7883-c7a0-4496-b519-f5e79e748d82@group-B580A609090B-LeaderElection44] INFO  impl.LeaderElection (LeaderElection.java:askForVotes(310)) - e06c7883-c7a0-4496-b519-f5e79e748d82@group-B580A609090B-LeaderElection44 ELECTION round 0: submit vote requests at term 4 for -1: [8861b532-8644-464f-96f7-f43eddde564a|rpc:10.1.0.9:35537|priority:1, b74f4fe1-68c4-415c-98c4-eddeab9d2099|rpc:10.1.0.9:46513|priority:0, e06c7883-c7a0-4496-b519-f5e79e748d82|rpc:10.1.0.9:34055|priority:0], old=null
2022-08-10 09:23:28,979 [grpc-default-executor-2] WARN  server.GrpcLogAppender (LogUtils.java:warn(122)) - omNode-1@group-523986131536->omNode-3-AppendLogResponseHandler: Failed appendEntries: org.apache.ratis.thirdparty.io.grpc.StatusRuntimeException: UNAVAILABLE: io exception
2022-08-10 09:23:28,980 [grpc-default-executor-2] INFO  leader.FollowerInfo (FollowerInfoImpl.java:lambda$new$0(48)) - omNode-1@group-523986131536->omNode-3: nextIndex: updateUnconditionally 336 -> 45
2022-08-10 09:23:28,981 [grpc-default-executor-2] WARN  server.GrpcLogAppender (LogUtils.java:warn(122)) - omNode-1@group-523986131536->omNode-3-AppendLogResponseHandler: Failed appendEntries: org.apache.ratis.thirdparty.io.grpc.StatusRuntimeException: UNAVAILABLE: io exception
2022-08-10 09:23:28,981 [grpc-default-executor-2] INFO  leader.FollowerInfo (FollowerInfoImpl.java:lambda$new$0(48)) - omNode-1@group-523986131536->omNode-3: nextIndex: updateUnconditionally 336 -> 45
2022-08-10 09:23:28,990 [grpc-default-executor-2] INFO  server.RaftServer$Division (RaftServerImpl.java:requestVote(1152)) - 8861b532-8644-464f-96f7-f43eddde564a@group-B580A609090B: receive requestVote(ELECTION, e06c7883-c7a0-4496-b519-f5e79e748d82, group-B580A609090B, 4, (t:0, i:0))
2022-08-10 09:23:28,990 [grpc-default-executor-2] INFO  impl.VoteContext (VoteContext.java:log(48)) - 8861b532-8644-464f-96f7-f43eddde564a@group-B580A609090B-FOLLOWER: reject ELECTION from e06c7883-c7a0-4496-b519-f5e79e748d82: our priority 1 > candidate's priority 0
2022-08-10 09:23:28,990 [grpc-default-executor-2] INFO  server.RaftServer$Division (RaftServerImpl.java:setRole(299)) - 8861b532-8644-464f-96f7-f43eddde564a@group-B580A609090B: changes role from  FOLLOWER to FOLLOWER at term 4 for candidate:e06c7883-c7a0-4496-b519-f5e79e748d82
2022-08-10 09:23:28,990 [grpc-default-executor-2] INFO  impl.RoleInfo (RoleInfo.java:shutdownFollowerState(110)) - 8861b532-8644-464f-96f7-f43eddde564a: shutdown 8861b532-8644-464f-96f7-f43eddde564a@group-B580A609090B-FollowerState
2022-08-10 09:23:28,993 [grpc-default-executor-3] INFO  server.RaftServer$Division (RaftServerImpl.java:requestVote(1152)) - b74f4fe1-68c4-415c-98c4-eddeab9d2099@group-B580A609090B: receive requestVote(ELECTION, e06c7883-c7a0-4496-b519-f5e79e748d82, group-B580A609090B, 4, (t:0, i:0))
2022-08-10 09:23:28,993 [grpc-default-executor-3] INFO  impl.VoteContext (VoteContext.java:log(48)) - b74f4fe1-68c4-415c-98c4-eddeab9d2099@group-B580A609090B-FOLLOWER: accept ELECTION from e06c7883-c7a0-4496-b519-f5e79e748d82: our priority 0 <= candidate's priority 0
2022-08-10 09:23:28,993 [grpc-default-executor-3] INFO  server.RaftServer$Division (RaftServerImpl.java:setRole(299)) - b74f4fe1-68c4-415c-98c4-eddeab9d2099@group-B580A609090B: changes role from  FOLLOWER to FOLLOWER at term 4 for candidate:e06c7883-c7a0-4496-b519-f5e79e748d82
2022-08-10 09:23:28,993 [grpc-default-executor-3] INFO  impl.RoleInfo (RoleInfo.java:shutdownFollowerState(110)) - b74f4fe1-68c4-415c-98c4-eddeab9d2099: shutdown b74f4fe1-68c4-415c-98c4-eddeab9d2099@group-B580A609090B-FollowerState
2022-08-10 09:23:28,994 [grpc-default-executor-3] INFO  impl.RoleInfo (RoleInfo.java:updateAndGet(139)) - b74f4fe1-68c4-415c-98c4-eddeab9d2099: start b74f4fe1-68c4-415c-98c4-eddeab9d2099@group-B580A609090B-FollowerState
2022-08-10 09:23:28,995 [b74f4fe1-68c4-415c-98c4-eddeab9d2099@group-B580A609090B-FollowerState] INFO  impl.FollowerState (FollowerState.java:run(152)) - b74f4fe1-68c4-415c-98c4-eddeab9d2099@group-B580A609090B-FollowerState was interrupted
2022-08-10 09:23:28,996 [8861b532-8644-464f-96f7-f43eddde564a@group-B580A609090B-FollowerState] INFO  impl.FollowerState (FollowerState.java:run(152)) - 8861b532-8644-464f-96f7-f43eddde564a@group-B580A609090B-FollowerState was interrupted
2022-08-10 09:23:28,996 [grpc-default-executor-2] INFO  impl.RoleInfo (RoleInfo.java:updateAndGet(139)) - 8861b532-8644-464f-96f7-f43eddde564a: start 8861b532-8644-464f-96f7-f43eddde564a@group-B580A609090B-FollowerState
2022-08-10 09:23:28,996 [grpc-default-executor-1] WARN  server.GrpcLogAppender (LogUtils.java:warn(122)) - omNode-1@group-523986131536->omNode-3-AppendLogResponseHandler: Failed appendEntries: org.apache.ratis.thirdparty.io.grpc.StatusRuntimeException: UNAVAILABLE: io exception
2022-08-10 09:23:28,996 [grpc-default-executor-1] INFO  leader.FollowerInfo (FollowerInfoImpl.java:lambda$new$0(48)) - omNode-1@group-523986131536->omNode-3: nextIndex: updateUnconditionally 337 -> 45
2022-08-10 09:23:28,997 [grpc-default-executor-3] INFO  server.RaftServer$Division (RaftServerImpl.java:requestVote(1184)) - b74f4fe1-68c4-415c-98c4-eddeab9d2099@group-B580A609090B replies to ELECTION vote request: e06c7883-c7a0-4496-b519-f5e79e748d82<-b74f4fe1-68c4-415c-98c4-eddeab9d2099#0:OK-t4. Peer's state: b74f4fe1-68c4-415c-98c4-eddeab9d2099@group-B580A609090B:t4, leader=null, voted=e06c7883-c7a0-4496-b519-f5e79e748d82, raftlog=b74f4fe1-68c4-415c-98c4-eddeab9d2099@group-B580A609090B-SegmentedRaftLog:OPENED:c-1, conf=-1: [8861b532-8644-464f-96f7-f43eddde564a|rpc:10.1.0.9:35537|dataStream:|priority:1, b74f4fe1-68c4-415c-98c4-eddeab9d2099|rpc:10.1.0.9:46513|dataStream:|priority:0, e06c7883-c7a0-4496-b519-f5e79e748d82|rpc:10.1.0.9:34055|dataStream:|priority:0], old=null
2022-08-10 09:23:29,008 [grpc-default-executor-1] WARN  server.GrpcLogAppender (LogUtils.java:warn(122)) - omNode-1@group-523986131536->omNode-3-AppendLogResponseHandler: Failed appendEntries: org.apache.ratis.thirdparty.io.grpc.StatusRuntimeException: UNAVAILABLE: io exception
2022-08-10 09:23:29,009 [grpc-default-executor-1] INFO  leader.FollowerInfo (FollowerInfoImpl.java:lambda$new$0(48)) - omNode-1@group-523986131536->omNode-3: nextIndex: updateUnconditionally 338 -> 45
2022-08-10 09:23:29,009 [grpc-default-executor-2] INFO  server.RaftServer$Division (RaftServerImpl.java:requestVote(1184)) - 8861b532-8644-464f-96f7-f43eddde564a@group-B580A609090B replies to ELECTION vote request: e06c7883-c7a0-4496-b519-f5e79e748d82<-8861b532-8644-464f-96f7-f43eddde564a#0:FAIL-t4. Peer's state: 8861b532-8644-464f-96f7-f43eddde564a@group-B580A609090B:t4, leader=null, voted=null, raftlog=8861b532-8644-464f-96f7-f43eddde564a@group-B580A609090B-SegmentedRaftLog:OPENED:c-1, conf=-1: [8861b532-8644-464f-96f7-f43eddde564a|rpc:10.1.0.9:35537|dataStream:|priority:1, b74f4fe1-68c4-415c-98c4-eddeab9d2099|rpc:10.1.0.9:46513|dataStream:|priority:0, e06c7883-c7a0-4496-b519-f5e79e748d82|rpc:10.1.0.9:34055|dataStream:|priority:0], old=null
2022-08-10 09:23:29,010 [e06c7883-c7a0-4496-b519-f5e79e748d82@group-B580A609090B-LeaderElection44] INFO  impl.LeaderElection (LeaderElection.java:logAndReturn(90)) - e06c7883-c7a0-4496-b519-f5e79e748d82@group-B580A609090B-LeaderElection44: ELECTION REJECTED received 2 response(s) and 0 exception(s):
2022-08-10 09:23:29,010 [e06c7883-c7a0-4496-b519-f5e79e748d82@group-B580A609090B-LeaderElection44] INFO  impl.LeaderElection (LeaderElection.java:logAndReturn(94)) -   Response 0: e06c7883-c7a0-4496-b519-f5e79e748d82<-8861b532-8644-464f-96f7-f43eddde564a#0:FAIL-t4
2022-08-10 09:23:29,010 [e06c7883-c7a0-4496-b519-f5e79e748d82@group-B580A609090B-LeaderElection44] INFO  impl.LeaderElection (LeaderElection.java:logAndReturn(94)) -   Response 1: e06c7883-c7a0-4496-b519-f5e79e748d82<-b74f4fe1-68c4-415c-98c4-eddeab9d2099#0:OK-t4
2022-08-10 09:23:29,010 [e06c7883-c7a0-4496-b519-f5e79e748d82@group-B580A609090B-LeaderElection44] INFO  impl.LeaderElection (LeaderElection.java:askForVotes(312)) - e06c7883-c7a0-4496-b519-f5e79e748d82@group-B580A609090B-LeaderElection44 ELECTION round 0: result REJECTED
2022-08-10 09:23:29,010 [e06c7883-c7a0-4496-b519-f5e79e748d82@group-B580A609090B-LeaderElection44] INFO  server.RaftServer$Division (RaftServerImpl.java:setRole(299)) - e06c7883-c7a0-4496-b519-f5e79e748d82@group-B580A609090B: changes role from CANDIDATE to FOLLOWER at term 4 for REJECTED
2022-08-10 09:23:29,011 [e06c7883-c7a0-4496-b519-f5e79e748d82@group-B580A609090B-LeaderElection44] INFO  impl.RoleInfo (RoleInfo.java:shutdownLeaderElection(130)) - e06c7883-c7a0-4496-b519-f5e79e748d82: shutdown e06c7883-c7a0-4496-b519-f5e79e748d82@group-B580A609090B-LeaderElection44
2022-08-10 09:23:29,011 [e06c7883-c7a0-4496-b519-f5e79e748d82@group-B580A609090B-LeaderElection44] INFO  impl.RoleInfo (RoleInfo.java:updateAndGet(139)) - e06c7883-c7a0-4496-b519-f5e79e748d82: start e06c7883-c7a0-4496-b519-f5e79e748d82@group-B580A609090B-FollowerState
2022-08-10 09:23:29,014 [grpc-default-executor-2] WARN  server.GrpcLogAppender (LogUtils.java:warn(122)) - omNode-1@group-523986131536->omNode-3-AppendLogResponseHandler: Failed appendEntries: org.apache.ratis.thirdparty.io.grpc.StatusRuntimeException: UNAVAILABLE: io exception
2022-08-10 09:23:29,014 [grpc-default-executor-2] INFO  leader.FollowerInfo (FollowerInfoImpl.java:lambda$new$0(48)) - omNode-1@group-523986131536->omNode-3: nextIndex: updateUnconditionally 338 -> 45
2022-08-10 09:23:29,024 [grpc-default-executor-2] WARN  server.GrpcLogAppender (LogUtils.java:warn(122)) - omNode-1@group-523986131536->omNode-3-AppendLogResponseHandler: Failed appendEntries: org.apache.ratis.thirdparty.io.grpc.StatusRuntimeException: UNAVAILABLE: io exception
2022-08-10 09:23:29,024 [grpc-default-executor-2] INFO  leader.FollowerInfo (FollowerInfoImpl.java:lambda$new$0(48)) - omNode-1@group-523986131536->omNode-3: nextIndex: updateUnconditionally 339 -> 45
2022-08-10 09:23:29,041 [grpc-default-executor-2] WARN  server.GrpcLogAppender (LogUtils.java:warn(122)) - omNode-1@group-523986131536->omNode-3-AppendLogResponseHandler: Failed appendEntries: org.apache.ratis.thirdparty.io.grpc.StatusRuntimeException: UNAVAILABLE: io exception
2022-08-10 09:23:29,041 [grpc-default-executor-2] INFO  leader.FollowerInfo (FollowerInfoImpl.java:lambda$new$0(48)) - omNode-1@group-523986131536->omNode-3: nextIndex: updateUnconditionally 339 -> 45
2022-08-10 09:23:29,053 [grpc-default-executor-3] WARN  server.GrpcLogAppender (LogUtils.java:warn(122)) - omNode-1@group-523986131536->omNode-3-AppendLogResponseHandler: Failed appendEntries: org.apache.ratis.thirdparty.io.grpc.StatusRuntimeException: UNAVAILABLE: io exception
2022-08-10 09:23:29,053 [grpc-default-executor-3] INFO  leader.FollowerInfo (FollowerInfoImpl.java:lambda$new$0(48)) - omNode-1@group-523986131536->omNode-3: nextIndex: updateUnconditionally 340 -> 45
2022-08-10 09:23:29,067 [grpc-default-executor-3] WARN  server.GrpcLogAppender (LogUtils.java:warn(122)) - omNode-1@group-523986131536->omNode-3-AppendLogResponseHandler: Failed appendEntries: org.apache.ratis.thirdparty.io.grpc.StatusRuntimeException: UNAVAILABLE: io exception
2022-08-10 09:23:29,067 [grpc-default-executor-3] INFO  leader.FollowerInfo (FollowerInfoImpl.java:lambda$new$0(48)) - omNode-1@group-523986131536->omNode-3: nextIndex: updateUnconditionally 340 -> 45
2022-08-10 09:23:29,071 [grpc-default-executor-2] WARN  server.GrpcLogAppender (LogUtils.java:warn(122)) - omNode-1@group-523986131536->omNode-3-AppendLogResponseHandler: Failed appendEntries: org.apache.ratis.thirdparty.io.grpc.StatusRuntimeException: UNAVAILABLE: io exception
2022-08-10 09:23:29,071 [grpc-default-executor-2] INFO  leader.FollowerInfo (FollowerInfoImpl.java:lambda$new$0(48)) - omNode-1@group-523986131536->omNode-3: nextIndex: updateUnconditionally 341 -> 45
2022-08-10 09:23:29,075 [grpc-default-executor-3] WARN  server.GrpcLogAppender (LogUtils.java:warn(122)) - omNode-1@group-523986131536->omNode-3-AppendLogResponseHandler: Failed appendEntries: org.apache.ratis.thirdparty.io.grpc.StatusRuntimeException: UNAVAILABLE: io exception
2022-08-10 09:23:29,075 [grpc-default-executor-3] INFO  leader.FollowerInfo (FollowerInfoImpl.java:lambda$new$0(48)) - omNode-1@group-523986131536->omNode-3: nextIndex: updateUnconditionally 342 -> 45
2022-08-10 09:23:29,082 [grpc-default-executor-3] WARN  server.GrpcLogAppender (LogUtils.java:warn(122)) - omNode-1@group-523986131536->omNode-3-AppendLogResponseHandler: Failed appendEntries: org.apache.ratis.thirdparty.io.grpc.StatusRuntimeException: UNAVAILABLE: io exception
2022-08-10 09:23:29,082 [grpc-default-executor-3] INFO  leader.FollowerInfo (FollowerInfoImpl.java:lambda$new$0(48)) - omNode-1@group-523986131536->omNode-3: nextIndex: updateUnconditionally 342 -> 45
2022-08-10 09:23:29,083 [grpc-default-executor-3] WARN  server.GrpcLogAppender (LogUtils.java:warn(122)) - omNode-1@group-523986131536->omNode-3-AppendLogResponseHandler: Failed appendEntries: org.apache.ratis.thirdparty.io.grpc.StatusRuntimeException: UNAVAILABLE: io exception
2022-08-10 09:23:29,084 [grpc-default-executor-3] INFO  leader.FollowerInfo (FollowerInfoImpl.java:lambda$new$0(48)) - omNode-1@group-523986131536->omNode-3: nextIndex: updateUnconditionally 342 -> 45
2022-08-10 09:23:29,095 [grpc-default-executor-3] WARN  server.GrpcLogAppender (LogUtils.java:warn(122)) - omNode-1@group-523986131536->omNode-3-AppendLogResponseHandler: Failed appendEntries: org.apache.ratis.thirdparty.io.grpc.StatusRuntimeException: UNAVAILABLE: io exception
2022-08-10 09:23:29,095 [grpc-default-executor-3] INFO  leader.FollowerInfo (FollowerInfoImpl.java:lambda$new$0(48)) - omNode-1@group-523986131536->omNode-3: nextIndex: updateUnconditionally 343 -> 45
2022-08-10 09:23:29,110 [grpc-default-executor-2] WARN  server.GrpcLogAppender (LogUtils.java:warn(122)) - omNode-1@group-523986131536->omNode-3-AppendLogResponseHandler: Failed appendEntries: org.apache.ratis.thirdparty.io.grpc.StatusRuntimeException: UNAVAILABLE: io exception
2022-08-10 09:23:29,111 [grpc-default-executor-2] INFO  leader.FollowerInfo (FollowerInfoImpl.java:lambda$new$0(48)) - omNode-1@group-523986131536->omNode-3: nextIndex: updateUnconditionally 343 -> 45
2022-08-10 09:23:29,112 [grpc-default-executor-2] WARN  server.GrpcLogAppender (LogUtils.java:warn(122)) - omNode-1@group-523986131536->omNode-3-AppendLogResponseHandler: Failed appendEntries: org.apache.ratis.thirdparty.io.grpc.StatusRuntimeException: UNAVAILABLE: io exception
2022-08-10 09:23:29,112 [grpc-default-executor-2] INFO  leader.FollowerInfo (FollowerInfoImpl.java:lambda$new$0(48)) - omNode-1@group-523986131536->omNode-3: nextIndex: updateUnconditionally 343 -> 45
2022-08-10 09:23:29,114 [grpc-default-executor-2] WARN  server.GrpcLogAppender (LogUtils.java:warn(122)) - omNode-1@group-523986131536->omNode-3-AppendLogResponseHandler: Failed appendEntries: org.apache.ratis.thirdparty.io.grpc.StatusRuntimeException: UNAVAILABLE: io exception
2022-08-10 09:23:29,115 [grpc-default-executor-2] INFO  leader.FollowerInfo (FollowerInfoImpl.java:lambda$new$0(48)) - omNode-1@group-523986131536->omNode-3: nextIndex: updateUnconditionally 344 -> 45
2022-08-10 09:23:29,125 [grpc-default-executor-2] WARN  server.GrpcLogAppender (LogUtils.java:warn(122)) - omNode-1@group-523986131536->omNode-3-AppendLogResponseHandler: Failed appendEntries: org.apache.ratis.thirdparty.io.grpc.StatusRuntimeException: UNAVAILABLE: io exception
2022-08-10 09:23:29,125 [grpc-default-executor-2] INFO  leader.FollowerInfo (FollowerInfoImpl.java:lambda$new$0(48)) - omNode-1@group-523986131536->omNode-3: nextIndex: updateUnconditionally 226 -> 45
2022-08-10 09:23:29,127 [grpc-default-executor-3] WARN  server.GrpcLogAppender (LogUtils.java:warn(122)) - omNode-1@group-523986131536->omNode-3-AppendLogResponseHandler: Failed appendEntries: org.apache.ratis.thirdparty.io.grpc.StatusRuntimeException: UNAVAILABLE: io exception
2022-08-10 09:23:29,128 [grpc-default-executor-3] INFO  leader.FollowerInfo (FollowerInfoImpl.java:lambda$new$0(48)) - omNode-1@group-523986131536->omNode-3: nextIndex: updateUnconditionally 345 -> 45
2022-08-10 09:23:29,130 [grpc-default-executor-2] WARN  server.GrpcLogAppender (LogUtils.java:warn(122)) - omNode-1@group-523986131536->omNode-3-AppendLogResponseHandler: Failed appendEntries: org.apache.ratis.thirdparty.io.grpc.StatusRuntimeException: UNAVAILABLE: io exception
2022-08-10 09:23:29,131 [grpc-default-executor-2] INFO  leader.FollowerInfo (FollowerInfoImpl.java:lambda$new$0(48)) - omNode-1@group-523986131536->omNode-3: nextIndex: updateUnconditionally 346 -> 45
2022-08-10 09:23:29,141 [grpc-default-executor-2] WARN  server.GrpcLogAppender (LogUtils.java:warn(122)) - omNode-1@group-523986131536->omNode-3-AppendLogResponseHandler: Failed appendEntries: org.apache.ratis.thirdparty.io.grpc.StatusRuntimeException: UNAVAILABLE: io exception
2022-08-10 09:23:29,141 [grpc-default-executor-2] INFO  leader.FollowerInfo (FollowerInfoImpl.java:lambda$new$0(48)) - omNode-1@group-523986131536->omNode-3: nextIndex: updateUnconditionally 346 -> 45
2022-08-10 09:23:29,142 [grpc-default-executor-2] WARN  server.GrpcLogAppender (LogUtils.java:warn(122)) - omNode-1@group-523986131536->omNode-3-AppendLogResponseHandler: Failed appendEntries: org.apache.ratis.thirdparty.io.grpc.StatusRuntimeException: UNAVAILABLE: io exception
2022-08-10 09:23:29,143 [grpc-default-executor-2] INFO  leader.FollowerInfo (FollowerInfoImpl.java:lambda$new$0(48)) - omNode-1@group-523986131536->omNode-3: nextIndex: updateUnconditionally 346 -> 45
2022-08-10 09:23:29,149 [grpc-default-executor-2] WARN  server.GrpcLogAppender (LogUtils.java:warn(122)) - omNode-1@group-523986131536->omNode-3-AppendLogResponseHandler: Failed appendEntries: org.apache.ratis.thirdparty.io.grpc.StatusRuntimeException: UNAVAILABLE: io exception
2022-08-10 09:23:29,149 [grpc-default-executor-2] INFO  leader.FollowerInfo (FollowerInfoImpl.java:lambda$new$0(48)) - omNode-1@group-523986131536->omNode-3: nextIndex: updateUnconditionally 347 -> 45
2022-08-10 09:23:29,165 [grpc-default-executor-2] WARN  server.GrpcLogAppender (LogUtils.java:warn(122)) - omNode-1@group-523986131536->omNode-3-AppendLogResponseHandler: Failed appendEntries: org.apache.ratis.thirdparty.io.grpc.StatusRuntimeException: UNAVAILABLE: io exception
2022-08-10 09:23:29,166 [grpc-default-executor-2] INFO  leader.FollowerInfo (FollowerInfoImpl.java:lambda$new$0(48)) - omNode-1@group-523986131536->omNode-3: nextIndex: updateUnconditionally 347 -> 45
2022-08-10 09:23:29,167 [grpc-default-executor-2] WARN  server.GrpcLogAppender (LogUtils.java:warn(122)) - omNode-1@group-523986131536->omNode-3-AppendLogResponseHandler: Failed appendEntries: org.apache.ratis.thirdparty.io.grpc.StatusRuntimeException: UNAVAILABLE: io exception
2022-08-10 09:23:29,167 [grpc-default-executor-2] INFO  leader.FollowerInfo (FollowerInfoImpl.java:lambda$new$0(48)) - omNode-1@group-523986131536->omNode-3: nextIndex: updateUnconditionally 347 -> 45
2022-08-10 09:23:29,174 [grpc-default-executor-3] WARN  server.GrpcLogAppender (LogUtils.java:warn(122)) - omNode-1@group-523986131536->omNode-3-AppendLogResponseHandler: Failed appendEntries: org.apache.ratis.thirdparty.io.grpc.StatusRuntimeException: UNAVAILABLE: io exception
2022-08-10 09:23:29,175 [grpc-default-executor-3] INFO  leader.FollowerInfo (FollowerInfoImpl.java:lambda$new$0(48)) - omNode-1@group-523986131536->omNode-3: nextIndex: updateUnconditionally 348 -> 45
2022-08-10 09:23:29,195 [grpc-default-executor-2] WARN  server.GrpcLogAppender (LogUtils.java:warn(122)) - omNode-1@group-523986131536->omNode-3-AppendLogResponseHandler: Failed appendEntries: org.apache.ratis.thirdparty.io.grpc.StatusRuntimeException: UNAVAILABLE: io exception
2022-08-10 09:23:29,195 [grpc-default-executor-2] INFO  leader.FollowerInfo (FollowerInfoImpl.java:lambda$new$0(48)) - omNode-1@group-523986131536->omNode-3: nextIndex: updateUnconditionally 348 -> 45
2022-08-10 09:23:29,197 [grpc-default-executor-3] WARN  server.GrpcLogAppender (LogUtils.java:warn(122)) - omNode-1@group-523986131536->omNode-3-AppendLogResponseHandler: Failed appendEntries: org.apache.ratis.thirdparty.io.grpc.StatusRuntimeException: UNAVAILABLE: io exception
2022-08-10 09:23:29,197 [grpc-default-executor-3] INFO  leader.FollowerInfo (FollowerInfoImpl.java:lambda$new$0(48)) - omNode-1@group-523986131536->omNode-3: nextIndex: updateUnconditionally 350 -> 45
2022-08-10 09:23:29,207 [grpc-default-executor-2] WARN  server.GrpcLogAppender (LogUtils.java:warn(122)) - omNode-1@group-523986131536->omNode-3-AppendLogResponseHandler: Failed appendEntries: org.apache.ratis.thirdparty.io.grpc.StatusRuntimeException: UNAVAILABLE: io exception
2022-08-10 09:23:29,207 [grpc-default-executor-2] INFO  leader.FollowerInfo (FollowerInfoImpl.java:lambda$new$0(48)) - omNode-1@group-523986131536->omNode-3: nextIndex: updateUnconditionally 350 -> 45
2022-08-10 09:23:29,210 [grpc-default-executor-2] WARN  server.GrpcLogAppender (LogUtils.java:warn(122)) - omNode-1@group-523986131536->omNode-3-AppendLogResponseHandler: Failed appendEntries: org.apache.ratis.thirdparty.io.grpc.StatusRuntimeException: UNAVAILABLE: io exception
2022-08-10 09:23:29,210 [grpc-default-executor-2] INFO  leader.FollowerInfo (FollowerInfoImpl.java:lambda$new$0(48)) - omNode-1@group-523986131536->omNode-3: nextIndex: updateUnconditionally 351 -> 45
2022-08-10 09:23:29,221 [omNode-1@group-523986131536-StateMachineUpdater] INFO  ratis.OzoneManagerStateMachine (OzoneManagerStateMachine.java:takeSnapshot(441)) - Current Snapshot Index (t:3, i:350)
2022-08-10 09:23:29,221 [omNode-1@group-523986131536-StateMachineUpdater] INFO  impl.StateMachineUpdater (StateMachineUpdater.java:takeSnapshot(287)) - omNode-1@group-523986131536-StateMachineUpdater: Took a snapshot at index 350
2022-08-10 09:23:29,221 [omNode-1@group-523986131536-StateMachineUpdater] INFO  impl.StateMachineUpdater (StateMachineUpdater.java:lambda$new$0(92)) - omNode-1@group-523986131536-StateMachineUpdater: snapshotIndex: updateIncreasingly 300 -> 350
2022-08-10 09:23:29,221 [omNode-1@group-523986131536-StateMachineUpdater] INFO  raftlog.RaftLog (RaftLogBase.java:purge(308)) - omNode-1@group-523986131536-SegmentedRaftLog: purge 350
2022-08-10 09:23:29,221 [omNode-1@group-523986131536-StateMachineUpdater] INFO  raftlog.RaftLog (RaftLogBase.java:lambda$new$0(53)) - omNode-1@group-523986131536-SegmentedRaftLog: snapshotIndex: updateIncreasingly 300 -> 350
2022-08-10 09:23:29,221 [omNode-1@group-523986131536-StateMachineUpdater] INFO  raftlog.RaftLog (RaftLogBase.java:lambda$new$0(53)) - omNode-1@group-523986131536-SegmentedRaftLog: purgeIndex: updateToMax old=300, new=350, updated? true
2022-08-10 09:23:29,221 [grpc-default-executor-3] WARN  server.GrpcLogAppender (LogUtils.java:warn(122)) - omNode-1@group-523986131536->omNode-3-AppendLogResponseHandler: Failed appendEntries: org.apache.ratis.thirdparty.io.grpc.StatusRuntimeException: UNAVAILABLE: io exception
2022-08-10 09:23:29,222 [grpc-default-executor-3] INFO  leader.FollowerInfo (FollowerInfoImpl.java:lambda$new$0(48)) - omNode-1@group-523986131536->omNode-3: nextIndex: updateUnconditionally 351 -> 45
2022-08-10 09:23:29,229 [grpc-default-executor-2] WARN  server.GrpcLogAppender (LogUtils.java:warn(122)) - omNode-1@group-523986131536->omNode-3-AppendLogResponseHandler: Failed appendEntries: org.apache.ratis.thirdparty.io.grpc.StatusRuntimeException: UNAVAILABLE: io exception
2022-08-10 09:23:29,229 [grpc-default-executor-2] INFO  leader.FollowerInfo (FollowerInfoImpl.java:lambda$new$0(48)) - omNode-1@group-523986131536->omNode-3: nextIndex: updateUnconditionally 352 -> 45
2022-08-10 09:23:29,237 [grpc-default-executor-2] WARN  server.GrpcLogAppender (LogUtils.java:warn(122)) - omNode-1@group-523986131536->omNode-3-AppendLogResponseHandler: Failed appendEntries: org.apache.ratis.thirdparty.io.grpc.StatusRuntimeException: UNAVAILABLE: io exception
2022-08-10 09:23:29,238 [grpc-default-executor-2] INFO  leader.FollowerInfo (FollowerInfoImpl.java:lambda$new$0(48)) - omNode-1@group-523986131536->omNode-3: nextIndex: updateUnconditionally 352 -> 45
2022-08-10 09:23:29,240 [grpc-default-executor-3] WARN  server.GrpcLogAppender (LogUtils.java:warn(122)) - omNode-1@group-523986131536->omNode-3-AppendLogResponseHandler: Failed appendEntries: org.apache.ratis.thirdparty.io.grpc.StatusRuntimeException: UNAVAILABLE: io exception
2022-08-10 09:23:29,240 [grpc-default-executor-3] INFO  leader.FollowerInfo (FollowerInfoImpl.java:lambda$new$0(48)) - omNode-1@group-523986131536->omNode-3: nextIndex: updateUnconditionally 353 -> 45
2022-08-10 09:23:29,242 [grpc-default-executor-3] WARN  server.GrpcLogAppender (LogUtils.java:warn(122)) - omNode-1@group-523986131536->omNode-3-AppendLogResponseHandler: Failed appendEntries: org.apache.ratis.thirdparty.io.grpc.StatusRuntimeException: UNAVAILABLE: io exception
2022-08-10 09:23:29,242 [grpc-default-executor-3] INFO  leader.FollowerInfo (FollowerInfoImpl.java:lambda$new$0(48)) - omNode-1@group-523986131536->omNode-3: nextIndex: updateUnconditionally 354 -> 45
2022-08-10 09:23:29,245 [grpc-default-executor-3] WARN  server.GrpcLogAppender (LogUtils.java:warn(122)) - omNode-1@group-523986131536->omNode-3-AppendLogResponseHandler: Failed appendEntries: org.apache.ratis.thirdparty.io.grpc.StatusRuntimeException: UNAVAILABLE: io exception
2022-08-10 09:23:29,245 [grpc-default-executor-3] INFO  leader.FollowerInfo (FollowerInfoImpl.java:lambda$new$0(48)) - omNode-1@group-523986131536->omNode-3: nextIndex: updateUnconditionally 354 -> 45
2022-08-10 09:23:29,256 [grpc-default-executor-3] WARN  server.GrpcLogAppender (LogUtils.java:warn(122)) - omNode-1@group-523986131536->omNode-3-AppendLogResponseHandler: Failed appendEntries: org.apache.ratis.thirdparty.io.grpc.StatusRuntimeException: UNAVAILABLE: io exception
2022-08-10 09:23:29,256 [grpc-default-executor-3] INFO  leader.FollowerInfo (FollowerInfoImpl.java:lambda$new$0(48)) - omNode-1@group-523986131536->omNode-3: nextIndex: updateUnconditionally 355 -> 45
2022-08-10 09:23:29,257 [grpc-default-executor-2] WARN  server.GrpcLogAppender (LogUtils.java:warn(122)) - omNode-1@group-523986131536->omNode-3-AppendLogResponseHandler: Failed appendEntries: org.apache.ratis.thirdparty.io.grpc.StatusRuntimeException: UNAVAILABLE: io exception
2022-08-10 09:23:29,257 [grpc-default-executor-2] INFO  leader.FollowerInfo (FollowerInfoImpl.java:lambda$new$0(48)) - omNode-1@group-523986131536->omNode-3: nextIndex: updateUnconditionally 355 -> 45
2022-08-10 09:23:29,265 [grpc-default-executor-2] WARN  server.GrpcLogAppender (LogUtils.java:warn(122)) - omNode-1@group-523986131536->omNode-3-AppendLogResponseHandler: Failed appendEntries: org.apache.ratis.thirdparty.io.grpc.StatusRuntimeException: UNAVAILABLE: io exception
2022-08-10 09:23:29,265 [grpc-default-executor-2] INFO  leader.FollowerInfo (FollowerInfoImpl.java:lambda$new$0(48)) - omNode-1@group-523986131536->omNode-3: nextIndex: updateUnconditionally 355 -> 45
2022-08-10 09:23:29,278 [grpc-default-executor-3] WARN  server.GrpcLogAppender (LogUtils.java:warn(122)) - omNode-1@group-523986131536->omNode-3-AppendLogResponseHandler: Failed appendEntries: org.apache.ratis.thirdparty.io.grpc.StatusRuntimeException: UNAVAILABLE: io exception
2022-08-10 09:23:29,278 [grpc-default-executor-3] INFO  leader.FollowerInfo (FollowerInfoImpl.java:lambda$new$0(48)) - omNode-1@group-523986131536->omNode-3: nextIndex: updateUnconditionally 356 -> 45
2022-08-10 09:23:29,288 [omNode-2@group-523986131536-StateMachineUpdater] INFO  ratis.OzoneManagerStateMachine (OzoneManagerStateMachine.java:takeSnapshot(441)) - Current Snapshot Index (t:3, i:354)
2022-08-10 09:23:29,289 [omNode-2@group-523986131536-StateMachineUpdater] INFO  impl.StateMachineUpdater (StateMachineUpdater.java:takeSnapshot(287)) - omNode-2@group-523986131536-StateMachineUpdater: Took a snapshot at index 354
2022-08-10 09:23:29,289 [omNode-2@group-523986131536-StateMachineUpdater] INFO  impl.StateMachineUpdater (StateMachineUpdater.java:lambda$new$0(92)) - omNode-2@group-523986131536-StateMachineUpdater: snapshotIndex: updateIncreasingly 304 -> 354
2022-08-10 09:23:29,289 [omNode-2@group-523986131536-StateMachineUpdater] INFO  raftlog.RaftLog (RaftLogBase.java:purge(308)) - omNode-2@group-523986131536-SegmentedRaftLog: purge 354
2022-08-10 09:23:29,289 [omNode-2@group-523986131536-StateMachineUpdater] INFO  raftlog.RaftLog (RaftLogBase.java:lambda$new$0(53)) - omNode-2@group-523986131536-SegmentedRaftLog: snapshotIndex: updateIncreasingly 304 -> 354
2022-08-10 09:23:29,289 [omNode-2@group-523986131536-StateMachineUpdater] INFO  raftlog.RaftLog (RaftLogBase.java:lambda$new$0(53)) - omNode-2@group-523986131536-SegmentedRaftLog: purgeIndex: updateToMax old=304, new=354, updated? true
2022-08-10 09:23:29,290 [grpc-default-executor-3] WARN  server.GrpcLogAppender (LogUtils.java:warn(122)) - omNode-1@group-523986131536->omNode-3-AppendLogResponseHandler: Failed appendEntries: org.apache.ratis.thirdparty.io.grpc.StatusRuntimeException: UNAVAILABLE: io exception
2022-08-10 09:23:29,291 [grpc-default-executor-3] INFO  leader.FollowerInfo (FollowerInfoImpl.java:lambda$new$0(48)) - omNode-1@group-523986131536->omNode-3: nextIndex: updateUnconditionally 356 -> 45
2022-08-10 09:23:29,293 [grpc-default-executor-2] WARN  server.GrpcLogAppender (LogUtils.java:warn(122)) - omNode-1@group-523986131536->omNode-3-AppendLogResponseHandler: Failed appendEntries: org.apache.ratis.thirdparty.io.grpc.StatusRuntimeException: UNAVAILABLE: io exception
2022-08-10 09:23:29,293 [grpc-default-executor-2] INFO  leader.FollowerInfo (FollowerInfoImpl.java:lambda$new$0(48)) - omNode-1@group-523986131536->omNode-3: nextIndex: updateUnconditionally 357 -> 45
2022-08-10 09:23:29,295 [grpc-default-executor-3] WARN  server.GrpcLogAppender (LogUtils.java:warn(122)) - omNode-1@group-523986131536->omNode-3-AppendLogResponseHandler: Failed appendEntries: org.apache.ratis.thirdparty.io.grpc.StatusRuntimeException: UNAVAILABLE: io exception
2022-08-10 09:23:29,295 [grpc-default-executor-3] INFO  leader.FollowerInfo (FollowerInfoImpl.java:lambda$new$0(48)) - omNode-1@group-523986131536->omNode-3: nextIndex: updateUnconditionally 358 -> 45
2022-08-10 09:23:29,307 [grpc-default-executor-2] WARN  server.GrpcLogAppender (LogUtils.java:warn(122)) - omNode-1@group-523986131536->omNode-3-AppendLogResponseHandler: Failed appendEntries: org.apache.ratis.thirdparty.io.grpc.StatusRuntimeException: UNAVAILABLE: io exception
2022-08-10 09:23:29,308 [grpc-default-executor-2] INFO  leader.FollowerInfo (FollowerInfoImpl.java:lambda$new$0(48)) - omNode-1@group-523986131536->omNode-3: nextIndex: updateUnconditionally 358 -> 45
2022-08-10 09:23:29,309 [grpc-default-executor-2] WARN  server.GrpcLogAppender (LogUtils.java:warn(122)) - omNode-1@group-523986131536->omNode-3-AppendLogResponseHandler: Failed appendEntries: org.apache.ratis.thirdparty.io.grpc.StatusRuntimeException: UNAVAILABLE: io exception
2022-08-10 09:23:29,309 [grpc-default-executor-2] INFO  leader.FollowerInfo (FollowerInfoImpl.java:lambda$new$0(48)) - omNode-1@group-523986131536->omNode-3: nextIndex: updateUnconditionally 358 -> 45
2022-08-10 09:23:29,320 [grpc-default-executor-2] WARN  server.GrpcLogAppender (LogUtils.java:warn(122)) - omNode-1@group-523986131536->omNode-3-AppendLogResponseHandler: Failed appendEntries: org.apache.ratis.thirdparty.io.grpc.StatusRuntimeException: UNAVAILABLE: io exception
2022-08-10 09:23:29,320 [grpc-default-executor-2] INFO  leader.FollowerInfo (FollowerInfoImpl.java:lambda$new$0(48)) - omNode-1@group-523986131536->omNode-3: nextIndex: updateUnconditionally 359 -> 45
2022-08-10 09:23:29,337 [grpc-default-executor-3] WARN  server.GrpcLogAppender (LogUtils.java:warn(122)) - omNode-1@group-523986131536->omNode-3-AppendLogResponseHandler: Failed appendEntries: org.apache.ratis.thirdparty.io.grpc.StatusRuntimeException: UNAVAILABLE: io exception
2022-08-10 09:23:29,337 [grpc-default-executor-3] INFO  leader.FollowerInfo (FollowerInfoImpl.java:lambda$new$0(48)) - omNode-1@group-523986131536->omNode-3: nextIndex: updateUnconditionally 359 -> 45
2022-08-10 09:23:29,355 [grpc-default-executor-2] WARN  server.GrpcLogAppender (LogUtils.java:warn(122)) - omNode-1@group-523986131536->omNode-3-AppendLogResponseHandler: Failed appendEntries: org.apache.ratis.thirdparty.io.grpc.StatusRuntimeException: UNAVAILABLE: io exception
2022-08-10 09:23:29,355 [grpc-default-executor-2] INFO  leader.FollowerInfo (FollowerInfoImpl.java:lambda$new$0(48)) - omNode-1@group-523986131536->omNode-3: nextIndex: updateUnconditionally 360 -> 45
2022-08-10 09:23:29,366 [grpc-default-executor-2] WARN  server.GrpcLogAppender (LogUtils.java:warn(122)) - omNode-1@group-523986131536->omNode-3-AppendLogResponseHandler: Failed appendEntries: org.apache.ratis.thirdparty.io.grpc.StatusRuntimeException: UNAVAILABLE: io exception
2022-08-10 09:23:29,366 [grpc-default-executor-2] INFO  leader.FollowerInfo (FollowerInfoImpl.java:lambda$new$0(48)) - omNode-1@group-523986131536->omNode-3: nextIndex: updateUnconditionally 360 -> 45
2022-08-10 09:23:29,370 [grpc-default-executor-2] WARN  server.GrpcLogAppender (LogUtils.java:warn(122)) - omNode-1@group-523986131536->omNode-3-AppendLogResponseHandler: Failed appendEntries: org.apache.ratis.thirdparty.io.grpc.StatusRuntimeException: UNAVAILABLE: io exception
2022-08-10 09:23:29,371 [grpc-default-executor-2] INFO  leader.FollowerInfo (FollowerInfoImpl.java:lambda$new$0(48)) - omNode-1@group-523986131536->omNode-3: nextIndex: updateUnconditionally 362 -> 45
2022-08-10 09:23:29,375 [grpc-default-executor-2] WARN  server.GrpcLogAppender (LogUtils.java:warn(122)) - omNode-1@group-523986131536->omNode-3-AppendLogResponseHandler: Failed appendEntries: org.apache.ratis.thirdparty.io.grpc.StatusRuntimeException: UNAVAILABLE: io exception
2022-08-10 09:23:29,375 [grpc-default-executor-2] INFO  leader.FollowerInfo (FollowerInfoImpl.java:lambda$new$0(48)) - omNode-1@group-523986131536->omNode-3: nextIndex: updateUnconditionally 362 -> 45
2022-08-10 09:23:29,376 [grpc-default-executor-2] WARN  server.GrpcLogAppender (LogUtils.java:warn(122)) - omNode-1@group-523986131536->omNode-3-AppendLogResponseHandler: Failed appendEntries: org.apache.ratis.thirdparty.io.grpc.StatusRuntimeException: UNAVAILABLE: io exception
2022-08-10 09:23:29,376 [grpc-default-executor-2] INFO  leader.FollowerInfo (FollowerInfoImpl.java:lambda$new$0(48)) - omNode-1@group-523986131536->omNode-3: nextIndex: updateUnconditionally 319 -> 45
2022-08-10 09:23:29,378 [grpc-default-executor-2] WARN  server.GrpcLogAppender (LogUtils.java:warn(122)) - omNode-1@group-523986131536->omNode-3-AppendLogResponseHandler: Failed appendEntries: org.apache.ratis.thirdparty.io.grpc.StatusRuntimeException: UNAVAILABLE: io exception
2022-08-10 09:23:29,378 [grpc-default-executor-2] INFO  leader.FollowerInfo (FollowerInfoImpl.java:lambda$new$0(48)) - omNode-1@group-523986131536->omNode-3: nextIndex: updateUnconditionally 362 -> 45
2022-08-10 09:23:29,382 [EndpointStateMachine task thread for /0.0.0.0:42301 - 0 ] INFO  ipc.Client (Client.java:handleConnectionFailure(977)) - Retrying connect to server: 0.0.0.0/0.0.0.0:42301. Already tried 8 time(s); retry policy is RetryUpToMaximumCountWithFixedSleep(maxRetries=15, sleepTime=1000 MILLISECONDS)
2022-08-10 09:23:29,385 [grpc-default-executor-2] WARN  server.GrpcLogAppender (LogUtils.java:warn(122)) - omNode-1@group-523986131536->omNode-3-AppendLogResponseHandler: Failed appendEntries: org.apache.ratis.thirdparty.io.grpc.StatusRuntimeException: UNAVAILABLE: io exception
2022-08-10 09:23:29,386 [grpc-default-executor-2] INFO  leader.FollowerInfo (FollowerInfoImpl.java:lambda$new$0(48)) - omNode-1@group-523986131536->omNode-3: nextIndex: updateUnconditionally 363 -> 45
2022-08-10 09:23:29,399 [grpc-default-executor-2] WARN  server.GrpcLogAppender (LogUtils.java:warn(122)) - omNode-1@group-523986131536->omNode-3-AppendLogResponseHandler: Failed appendEntries: org.apache.ratis.thirdparty.io.grpc.StatusRuntimeException: UNAVAILABLE: io exception
2022-08-10 09:23:29,399 [grpc-default-executor-2] INFO  leader.FollowerInfo (FollowerInfoImpl.java:lambda$new$0(48)) - omNode-1@group-523986131536->omNode-3: nextIndex: updateUnconditionally 363 -> 45
2022-08-10 09:23:29,400 [grpc-default-executor-2] WARN  server.GrpcLogAppender (LogUtils.java:warn(122)) - omNode-1@group-523986131536->omNode-3-AppendLogResponseHandler: Failed appendEntries: org.apache.ratis.thirdparty.io.grpc.StatusRuntimeException: UNAVAILABLE: io exception
2022-08-10 09:23:29,400 [grpc-default-executor-2] INFO  leader.FollowerInfo (FollowerInfoImpl.java:lambda$new$0(48)) - omNode-1@group-523986131536->omNode-3: nextIndex: updateUnconditionally 363 -> 45
2022-08-10 09:23:29,407 [grpc-default-executor-3] WARN  server.GrpcLogAppender (LogUtils.java:warn(122)) - omNode-1@group-523986131536->omNode-3-AppendLogResponseHandler: Failed appendEntries: org.apache.ratis.thirdparty.io.grpc.StatusRuntimeException: UNAVAILABLE: io exception
2022-08-10 09:23:29,408 [grpc-default-executor-3] INFO  leader.FollowerInfo (FollowerInfoImpl.java:lambda$new$0(48)) - omNode-1@group-523986131536->omNode-3: nextIndex: updateUnconditionally 364 -> 45
2022-08-10 09:23:29,409 [grpc-default-executor-3] WARN  server.GrpcLogAppender (LogUtils.java:warn(122)) - omNode-1@group-523986131536->omNode-3-AppendLogResponseHandler: Failed appendEntries: org.apache.ratis.thirdparty.io.grpc.StatusRuntimeException: UNAVAILABLE: io exception
2022-08-10 09:23:29,409 [grpc-default-executor-3] INFO  leader.FollowerInfo (FollowerInfoImpl.java:lambda$new$0(48)) - omNode-1@group-523986131536->omNode-3: nextIndex: updateUnconditionally 364 -> 45
2022-08-10 09:23:29,417 [grpc-default-executor-3] WARN  server.GrpcLogAppender (LogUtils.java:warn(122)) - omNode-1@group-523986131536->omNode-3-AppendLogResponseHandler: Failed appendEntries: org.apache.ratis.thirdparty.io.grpc.StatusRuntimeException: UNAVAILABLE: io exception
2022-08-10 09:23:29,419 [grpc-default-executor-3] INFO  leader.FollowerInfo (FollowerInfoImpl.java:lambda$new$0(48)) - omNode-1@group-523986131536->omNode-3: nextIndex: updateUnconditionally 364 -> 45
2022-08-10 09:23:29,420 [grpc-default-executor-3] WARN  server.GrpcLogAppender (LogUtils.java:warn(122)) - omNode-1@group-523986131536->omNode-3-AppendLogResponseHandler: Failed appendEntries: org.apache.ratis.thirdparty.io.grpc.StatusRuntimeException: UNAVAILABLE: io exception
2022-08-10 09:23:29,421 [grpc-default-executor-3] INFO  leader.FollowerInfo (FollowerInfoImpl.java:lambda$new$0(48)) - omNode-1@group-523986131536->omNode-3: nextIndex: updateUnconditionally 365 -> 45
2022-08-10 09:23:29,423 [grpc-default-executor-3] WARN  server.GrpcLogAppender (LogUtils.java:warn(122)) - omNode-1@group-523986131536->omNode-3-AppendLogResponseHandler: Failed appendEntries: org.apache.ratis.thirdparty.io.grpc.StatusRuntimeException: UNAVAILABLE: io exception
2022-08-10 09:23:29,423 [grpc-default-executor-3] INFO  leader.FollowerInfo (FollowerInfoImpl.java:lambda$new$0(48)) - omNode-1@group-523986131536->omNode-3: nextIndex: updateUnconditionally 365 -> 45
2022-08-10 09:23:29,424 [grpc-default-executor-3] WARN  server.GrpcLogAppender (LogUtils.java:warn(122)) - omNode-1@group-523986131536->omNode-3-AppendLogResponseHandler: Failed appendEntries: org.apache.ratis.thirdparty.io.grpc.StatusRuntimeException: UNAVAILABLE: io exception
2022-08-10 09:23:29,424 [grpc-default-executor-3] INFO  leader.FollowerInfo (FollowerInfoImpl.java:lambda$new$0(48)) - omNode-1@group-523986131536->omNode-3: nextIndex: updateUnconditionally 365 -> 45
2022-08-10 09:23:29,426 [grpc-default-executor-3] WARN  server.GrpcLogAppender (LogUtils.java:warn(122)) - omNode-1@group-523986131536->omNode-3-AppendLogResponseHandler: Failed appendEntries: org.apache.ratis.thirdparty.io.grpc.StatusRuntimeException: UNAVAILABLE: io exception
2022-08-10 09:23:29,426 [grpc-default-executor-3] INFO  leader.FollowerInfo (FollowerInfoImpl.java:lambda$new$0(48)) - omNode-1@group-523986131536->omNode-3: nextIndex: updateUnconditionally 366 -> 45
2022-08-10 09:23:29,438 [grpc-default-executor-3] WARN  server.GrpcLogAppender (LogUtils.java:warn(122)) - omNode-1@group-523986131536->omNode-3-AppendLogResponseHandler: Failed appendEntries: org.apache.ratis.thirdparty.io.grpc.StatusRuntimeException: UNAVAILABLE: io exception
2022-08-10 09:23:29,438 [grpc-default-executor-3] INFO  leader.FollowerInfo (FollowerInfoImpl.java:lambda$new$0(48)) - omNode-1@group-523986131536->omNode-3: nextIndex: updateUnconditionally 366 -> 45
2022-08-10 09:23:29,440 [grpc-default-executor-2] WARN  server.GrpcLogAppender (LogUtils.java:warn(122)) - omNode-1@group-523986131536->omNode-3-AppendLogResponseHandler: Failed appendEntries: org.apache.ratis.thirdparty.io.grpc.StatusRuntimeException: UNAVAILABLE: io exception
2022-08-10 09:23:29,440 [grpc-default-executor-2] INFO  leader.FollowerInfo (FollowerInfoImpl.java:lambda$new$0(48)) - omNode-1@group-523986131536->omNode-3: nextIndex: updateUnconditionally 367 -> 45
2022-08-10 09:23:29,450 [grpc-default-executor-2] WARN  server.GrpcLogAppender (LogUtils.java:warn(122)) - omNode-1@group-523986131536->omNode-3-AppendLogResponseHandler: Failed appendEntries: org.apache.ratis.thirdparty.io.grpc.StatusRuntimeException: UNAVAILABLE: io exception
2022-08-10 09:23:29,450 [grpc-default-executor-2] INFO  leader.FollowerInfo (FollowerInfoImpl.java:lambda$new$0(48)) - omNode-1@group-523986131536->omNode-3: nextIndex: updateUnconditionally 367 -> 45
2022-08-10 09:23:29,451 [grpc-default-executor-2] WARN  server.GrpcLogAppender (LogUtils.java:warn(122)) - omNode-1@group-523986131536->omNode-3-AppendLogResponseHandler: Failed appendEntries: org.apache.ratis.thirdparty.io.grpc.StatusRuntimeException: UNAVAILABLE: io exception
2022-08-10 09:23:29,451 [grpc-default-executor-2] INFO  leader.FollowerInfo (FollowerInfoImpl.java:lambda$new$0(48)) - omNode-1@group-523986131536->omNode-3: nextIndex: updateUnconditionally 367 -> 45
2022-08-10 09:23:29,463 [grpc-default-executor-3] WARN  server.GrpcLogAppender (LogUtils.java:warn(122)) - omNode-1@group-523986131536->omNode-3-AppendLogResponseHandler: Failed appendEntries: org.apache.ratis.thirdparty.io.grpc.StatusRuntimeException: UNAVAILABLE: io exception
2022-08-10 09:23:29,463 [grpc-default-executor-3] INFO  leader.FollowerInfo (FollowerInfoImpl.java:lambda$new$0(48)) - omNode-1@group-523986131536->omNode-3: nextIndex: updateUnconditionally 368 -> 45
2022-08-10 09:23:29,477 [grpc-default-executor-2] WARN  server.GrpcLogAppender (LogUtils.java:warn(122)) - omNode-1@group-523986131536->omNode-3-AppendLogResponseHandler: Failed appendEntries: org.apache.ratis.thirdparty.io.grpc.StatusRuntimeException: UNAVAILABLE: io exception
2022-08-10 09:23:29,480 [grpc-default-executor-2] INFO  leader.FollowerInfo (FollowerInfoImpl.java:lambda$new$0(48)) - omNode-1@group-523986131536->omNode-3: nextIndex: updateUnconditionally 368 -> 45
2022-08-10 09:23:29,480 [grpc-default-executor-2] WARN  server.GrpcLogAppender (LogUtils.java:warn(122)) - omNode-1@group-523986131536->omNode-3-AppendLogResponseHandler: Failed appendEntries: org.apache.ratis.thirdparty.io.grpc.StatusRuntimeException: UNAVAILABLE: io exception
2022-08-10 09:23:29,481 [grpc-default-executor-2] INFO  leader.FollowerInfo (FollowerInfoImpl.java:lambda$new$0(48)) - omNode-1@group-523986131536->omNode-3: nextIndex: updateUnconditionally 369 -> 45
2022-08-10 09:23:29,483 [grpc-default-executor-2] WARN  server.GrpcLogAppender (LogUtils.java:warn(122)) - omNode-1@group-523986131536->omNode-3-AppendLogResponseHandler: Failed appendEntries: org.apache.ratis.thirdparty.io.grpc.StatusRuntimeException: UNAVAILABLE: io exception
2022-08-10 09:23:29,483 [grpc-default-executor-2] INFO  leader.FollowerInfo (FollowerInfoImpl.java:lambda$new$0(48)) - omNode-1@group-523986131536->omNode-3: nextIndex: updateUnconditionally 370 -> 45
2022-08-10 09:23:29,496 [grpc-default-executor-2] WARN  server.GrpcLogAppender (LogUtils.java:warn(122)) - omNode-1@group-523986131536->omNode-3-AppendLogResponseHandler: Failed appendEntries: org.apache.ratis.thirdparty.io.grpc.StatusRuntimeException: UNAVAILABLE: io exception
2022-08-10 09:23:29,497 [grpc-default-executor-2] INFO  leader.FollowerInfo (FollowerInfoImpl.java:lambda$new$0(48)) - omNode-1@group-523986131536->omNode-3: nextIndex: updateUnconditionally 370 -> 45
2022-08-10 09:23:29,497 [grpc-default-executor-2] WARN  server.GrpcLogAppender (LogUtils.java:warn(122)) - omNode-1@group-523986131536->omNode-3-AppendLogResponseHandler: Failed appendEntries: org.apache.ratis.thirdparty.io.grpc.StatusRuntimeException: UNAVAILABLE: io exception
2022-08-10 09:23:29,498 [grpc-default-executor-2] INFO  leader.FollowerInfo (FollowerInfoImpl.java:lambda$new$0(48)) - omNode-1@group-523986131536->omNode-3: nextIndex: updateUnconditionally 370 -> 45
2022-08-10 09:23:29,511 [grpc-default-executor-2] WARN  server.GrpcLogAppender (LogUtils.java:warn(122)) - omNode-1@group-523986131536->omNode-3-AppendLogResponseHandler: Failed appendEntries: org.apache.ratis.thirdparty.io.grpc.StatusRuntimeException: UNAVAILABLE: io exception
2022-08-10 09:23:29,511 [grpc-default-executor-2] INFO  leader.FollowerInfo (FollowerInfoImpl.java:lambda$new$0(48)) - omNode-1@group-523986131536->omNode-3: nextIndex: updateUnconditionally 371 -> 45
2022-08-10 09:23:29,530 [grpc-default-executor-3] WARN  server.GrpcLogAppender (LogUtils.java:warn(122)) - omNode-1@group-523986131536->omNode-3-AppendLogResponseHandler: Failed appendEntries: org.apache.ratis.thirdparty.io.grpc.StatusRuntimeException: UNAVAILABLE: io exception
2022-08-10 09:23:29,531 [grpc-default-executor-3] INFO  leader.FollowerInfo (FollowerInfoImpl.java:lambda$new$0(48)) - omNode-1@group-523986131536->omNode-3: nextIndex: updateUnconditionally 371 -> 45
2022-08-10 09:23:29,532 [grpc-default-executor-3] WARN  server.GrpcLogAppender (LogUtils.java:warn(122)) - omNode-1@group-523986131536->omNode-3-AppendLogResponseHandler: Failed appendEntries: org.apache.ratis.thirdparty.io.grpc.StatusRuntimeException: UNAVAILABLE: io exception
2022-08-10 09:23:29,532 [grpc-default-executor-3] INFO  leader.FollowerInfo (FollowerInfoImpl.java:lambda$new$0(48)) - omNode-1@group-523986131536->omNode-3: nextIndex: updateUnconditionally 371 -> 45
2022-08-10 09:23:29,540 [grpc-default-executor-3] WARN  server.GrpcLogAppender (LogUtils.java:warn(122)) - omNode-1@group-523986131536->omNode-3-AppendLogResponseHandler: Failed appendEntries: org.apache.ratis.thirdparty.io.grpc.StatusRuntimeException: UNAVAILABLE: io exception
2022-08-10 09:23:29,541 [grpc-default-executor-3] INFO  leader.FollowerInfo (FollowerInfoImpl.java:lambda$new$0(48)) - omNode-1@group-523986131536->omNode-3: nextIndex: updateUnconditionally 372 -> 45
2022-08-10 09:23:29,553 [grpc-default-executor-3] WARN  server.GrpcLogAppender (LogUtils.java:warn(122)) - omNode-1@group-523986131536->omNode-3-AppendLogResponseHandler: Failed appendEntries: org.apache.ratis.thirdparty.io.grpc.StatusRuntimeException: UNAVAILABLE: io exception
2022-08-10 09:23:29,555 [grpc-default-executor-3] INFO  leader.FollowerInfo (FollowerInfoImpl.java:lambda$new$0(48)) - omNode-1@group-523986131536->omNode-3: nextIndex: updateUnconditionally 372 -> 45
2022-08-10 09:23:29,556 [grpc-default-executor-2] WARN  server.GrpcLogAppender (LogUtils.java:warn(122)) - omNode-1@group-523986131536->omNode-3-AppendLogResponseHandler: Failed appendEntries: org.apache.ratis.thirdparty.io.grpc.StatusRuntimeException: UNAVAILABLE: io exception
2022-08-10 09:23:29,556 [grpc-default-executor-2] INFO  leader.FollowerInfo (FollowerInfoImpl.java:lambda$new$0(48)) - omNode-1@group-523986131536->omNode-3: nextIndex: updateUnconditionally 373 -> 45
2022-08-10 09:23:29,558 [grpc-default-executor-2] WARN  server.GrpcLogAppender (LogUtils.java:warn(122)) - omNode-1@group-523986131536->omNode-3-AppendLogResponseHandler: Failed appendEntries: org.apache.ratis.thirdparty.io.grpc.StatusRuntimeException: UNAVAILABLE: io exception
2022-08-10 09:23:29,558 [grpc-default-executor-2] INFO  leader.FollowerInfo (FollowerInfoImpl.java:lambda$new$0(48)) - omNode-1@group-523986131536->omNode-3: nextIndex: updateUnconditionally 374 -> 45
2022-08-10 09:23:29,559 [grpc-default-executor-1] WARN  server.GrpcLogAppender (LogUtils.java:warn(122)) - omNode-1@group-523986131536->omNode-3-AppendLogResponseHandler: Failed appendEntries: org.apache.ratis.thirdparty.io.grpc.StatusRuntimeException: UNAVAILABLE: io exception
2022-08-10 09:23:29,560 [grpc-default-executor-1] INFO  leader.FollowerInfo (FollowerInfoImpl.java:lambda$new$0(48)) - omNode-1@group-523986131536->omNode-3: nextIndex: updateUnconditionally 374 -> 45
2022-08-10 09:23:29,562 [grpc-default-executor-3] WARN  server.GrpcLogAppender (LogUtils.java:warn(122)) - omNode-1@group-523986131536->omNode-3-AppendLogResponseHandler: Failed appendEntries: org.apache.ratis.thirdparty.io.grpc.StatusRuntimeException: UNAVAILABLE: io exception
2022-08-10 09:23:29,562 [grpc-default-executor-3] INFO  leader.FollowerInfo (FollowerInfoImpl.java:lambda$new$0(48)) - omNode-1@group-523986131536->omNode-3: nextIndex: updateUnconditionally 375 -> 45
2022-08-10 09:23:29,577 [grpc-default-executor-1] WARN  server.GrpcLogAppender (LogUtils.java:warn(122)) - omNode-1@group-523986131536->omNode-3-AppendLogResponseHandler: Failed appendEntries: org.apache.ratis.thirdparty.io.grpc.StatusRuntimeException: UNAVAILABLE: io exception
2022-08-10 09:23:29,577 [grpc-default-executor-1] INFO  leader.FollowerInfo (FollowerInfoImpl.java:lambda$new$0(48)) - omNode-1@group-523986131536->omNode-3: nextIndex: updateUnconditionally 375 -> 45
2022-08-10 09:23:29,578 [grpc-default-executor-1] WARN  server.GrpcLogAppender (LogUtils.java:warn(122)) - omNode-1@group-523986131536->omNode-3-AppendLogResponseHandler: Failed appendEntries: org.apache.ratis.thirdparty.io.grpc.StatusRuntimeException: UNAVAILABLE: io exception
2022-08-10 09:23:29,578 [grpc-default-executor-1] INFO  leader.FollowerInfo (FollowerInfoImpl.java:lambda$new$0(48)) - omNode-1@group-523986131536->omNode-3: nextIndex: updateUnconditionally 375 -> 45
2022-08-10 09:23:29,592 [grpc-default-executor-3] WARN  server.GrpcLogAppender (LogUtils.java:warn(122)) - omNode-1@group-523986131536->omNode-3-AppendLogResponseHandler: Failed appendEntries: org.apache.ratis.thirdparty.io.grpc.StatusRuntimeException: UNAVAILABLE: io exception
2022-08-10 09:23:29,592 [grpc-default-executor-3] INFO  leader.FollowerInfo (FollowerInfoImpl.java:lambda$new$0(48)) - omNode-1@group-523986131536->omNode-3: nextIndex: updateUnconditionally 376 -> 45
2022-08-10 09:23:29,604 [grpc-default-executor-3] WARN  server.GrpcLogAppender (LogUtils.java:warn(122)) - omNode-1@group-523986131536->omNode-3-AppendLogResponseHandler: Failed appendEntries: org.apache.ratis.thirdparty.io.grpc.StatusRuntimeException: UNAVAILABLE: io exception
2022-08-10 09:23:29,609 [grpc-default-executor-3] INFO  leader.FollowerInfo (FollowerInfoImpl.java:lambda$new$0(48)) - omNode-1@group-523986131536->omNode-3: nextIndex: updateUnconditionally 376 -> 45
2022-08-10 09:23:29,611 [grpc-default-executor-3] WARN  server.GrpcLogAppender (LogUtils.java:warn(122)) - omNode-1@group-523986131536->omNode-3-AppendLogResponseHandler: Failed appendEntries: org.apache.ratis.thirdparty.io.grpc.StatusRuntimeException: UNAVAILABLE: io exception
2022-08-10 09:23:29,612 [grpc-default-executor-3] INFO  leader.FollowerInfo (FollowerInfoImpl.java:lambda$new$0(48)) - omNode-1@group-523986131536->omNode-3: nextIndex: updateUnconditionally 377 -> 45
2022-08-10 09:23:29,619 [grpc-default-executor-3] WARN  server.GrpcLogAppender (LogUtils.java:warn(122)) - omNode-1@group-523986131536->omNode-3-AppendLogResponseHandler: Failed appendEntries: org.apache.ratis.thirdparty.io.grpc.StatusRuntimeException: UNAVAILABLE: io exception
2022-08-10 09:23:29,620 [grpc-default-executor-3] INFO  leader.FollowerInfo (FollowerInfoImpl.java:lambda$new$0(48)) - omNode-1@group-523986131536->omNode-3: nextIndex: updateUnconditionally 378 -> 45
2022-08-10 09:23:29,626 [grpc-default-executor-3] WARN  server.GrpcLogAppender (LogUtils.java:warn(122)) - omNode-1@group-523986131536->omNode-3-AppendLogResponseHandler: Failed appendEntries: org.apache.ratis.thirdparty.io.grpc.StatusRuntimeException: UNAVAILABLE: io exception
2022-08-10 09:23:29,626 [grpc-default-executor-3] INFO  leader.FollowerInfo (FollowerInfoImpl.java:lambda$new$0(48)) - omNode-1@group-523986131536->omNode-3: nextIndex: updateUnconditionally 379 -> 45
2022-08-10 09:23:29,647 [grpc-default-executor-3] WARN  server.GrpcLogAppender (LogUtils.java:warn(122)) - omNode-1@group-523986131536->omNode-3-AppendLogResponseHandler: Failed appendEntries: org.apache.ratis.thirdparty.io.grpc.StatusRuntimeException: UNAVAILABLE: io exception
2022-08-10 09:23:29,647 [grpc-default-executor-3] INFO  leader.FollowerInfo (FollowerInfoImpl.java:lambda$new$0(48)) - omNode-1@group-523986131536->omNode-3: nextIndex: updateUnconditionally 379 -> 45
2022-08-10 09:23:29,648 [grpc-default-executor-3] WARN  server.GrpcLogAppender (LogUtils.java:warn(122)) - omNode-1@group-523986131536->omNode-3-AppendLogResponseHandler: Failed appendEntries: org.apache.ratis.thirdparty.io.grpc.StatusRuntimeException: UNAVAILABLE: io exception
2022-08-10 09:23:29,649 [grpc-default-executor-3] INFO  leader.FollowerInfo (FollowerInfoImpl.java:lambda$new$0(48)) - omNode-1@group-523986131536->omNode-3: nextIndex: updateUnconditionally 379 -> 45
2022-08-10 09:23:29,655 [grpc-default-executor-1] WARN  server.GrpcLogAppender (LogUtils.java:warn(122)) - omNode-1@group-523986131536->omNode-3-AppendLogResponseHandler: Failed appendEntries: org.apache.ratis.thirdparty.io.grpc.StatusRuntimeException: UNAVAILABLE: io exception
2022-08-10 09:23:29,655 [grpc-default-executor-1] INFO  leader.FollowerInfo (FollowerInfoImpl.java:lambda$new$0(48)) - omNode-1@group-523986131536->omNode-3: nextIndex: updateUnconditionally 380 -> 45
2022-08-10 09:23:29,666 [grpc-default-executor-1] WARN  server.GrpcLogAppender (LogUtils.java:warn(122)) - omNode-1@group-523986131536->omNode-3-AppendLogResponseHandler: Failed appendEntries: org.apache.ratis.thirdparty.io.grpc.StatusRuntimeException: UNAVAILABLE: io exception
2022-08-10 09:23:29,666 [grpc-default-executor-1] INFO  leader.FollowerInfo (FollowerInfoImpl.java:lambda$new$0(48)) - omNode-1@group-523986131536->omNode-3: nextIndex: updateUnconditionally 380 -> 45
2022-08-10 09:23:29,671 [grpc-default-executor-3] WARN  server.GrpcLogAppender (LogUtils.java:warn(122)) - omNode-1@group-523986131536->omNode-3-AppendLogResponseHandler: Failed appendEntries: org.apache.ratis.thirdparty.io.grpc.StatusRuntimeException: UNAVAILABLE: io exception
2022-08-10 09:23:29,671 [grpc-default-executor-3] INFO  leader.FollowerInfo (FollowerInfoImpl.java:lambda$new$0(48)) - omNode-1@group-523986131536->omNode-3: nextIndex: updateUnconditionally 382 -> 45
2022-08-10 09:23:29,673 [grpc-default-executor-1] WARN  server.GrpcLogAppender (LogUtils.java:warn(122)) - omNode-1@group-523986131536->omNode-3-AppendLogResponseHandler: Failed appendEntries: org.apache.ratis.thirdparty.io.grpc.StatusRuntimeException: UNAVAILABLE: io exception
2022-08-10 09:23:29,673 [grpc-default-executor-1] INFO  leader.FollowerInfo (FollowerInfoImpl.java:lambda$new$0(48)) - omNode-1@group-523986131536->omNode-3: nextIndex: updateUnconditionally 382 -> 45
2022-08-10 09:23:29,681 [grpc-default-executor-1] WARN  server.GrpcLogAppender (LogUtils.java:warn(122)) - omNode-1@group-523986131536->omNode-3-AppendLogResponseHandler: Failed appendEntries: org.apache.ratis.thirdparty.io.grpc.StatusRuntimeException: UNAVAILABLE: io exception
2022-08-10 09:23:29,681 [grpc-default-executor-1] INFO  leader.FollowerInfo (FollowerInfoImpl.java:lambda$new$0(48)) - omNode-1@group-523986131536->omNode-3: nextIndex: updateUnconditionally 383 -> 45
2022-08-10 09:23:29,694 [grpc-default-executor-3] WARN  server.GrpcLogAppender (LogUtils.java:warn(122)) - omNode-1@group-523986131536->omNode-3-AppendLogResponseHandler: Failed appendEntries: org.apache.ratis.thirdparty.io.grpc.StatusRuntimeException: UNAVAILABLE: io exception
2022-08-10 09:23:29,694 [grpc-default-executor-3] INFO  leader.FollowerInfo (FollowerInfoImpl.java:lambda$new$0(48)) - omNode-1@group-523986131536->omNode-3: nextIndex: updateUnconditionally 383 -> 45
2022-08-10 09:23:29,695 [grpc-default-executor-3] WARN  server.GrpcLogAppender (LogUtils.java:warn(122)) - omNode-1@group-523986131536->omNode-3-AppendLogResponseHandler: Failed appendEntries: org.apache.ratis.thirdparty.io.grpc.StatusRuntimeException: UNAVAILABLE: io exception
2022-08-10 09:23:29,695 [grpc-default-executor-3] INFO  leader.FollowerInfo (FollowerInfoImpl.java:lambda$new$0(48)) - omNode-1@group-523986131536->omNode-3: nextIndex: updateUnconditionally 383 -> 45
2022-08-10 09:23:29,699 [grpc-default-executor-3] WARN  server.GrpcLogAppender (LogUtils.java:warn(122)) - omNode-1@group-523986131536->omNode-3-AppendLogResponseHandler: Failed appendEntries: org.apache.ratis.thirdparty.io.grpc.StatusRuntimeException: UNAVAILABLE: io exception
2022-08-10 09:23:29,699 [grpc-default-executor-3] INFO  leader.FollowerInfo (FollowerInfoImpl.java:lambda$new$0(48)) - omNode-1@group-523986131536->omNode-3: nextIndex: updateUnconditionally 384 -> 45
2022-08-10 09:23:29,710 [grpc-default-executor-3] WARN  server.GrpcLogAppender (LogUtils.java:warn(122)) - omNode-1@group-523986131536->omNode-3-AppendLogResponseHandler: Failed appendEntries: org.apache.ratis.thirdparty.io.grpc.StatusRuntimeException: UNAVAILABLE: io exception
2022-08-10 09:23:29,710 [grpc-default-executor-3] INFO  leader.FollowerInfo (FollowerInfoImpl.java:lambda$new$0(48)) - omNode-1@group-523986131536->omNode-3: nextIndex: updateUnconditionally 384 -> 45
2022-08-10 09:23:29,717 [grpc-default-executor-3] WARN  server.GrpcLogAppender (LogUtils.java:warn(122)) - omNode-1@group-523986131536->omNode-3-AppendLogResponseHandler: Failed appendEntries: org.apache.ratis.thirdparty.io.grpc.StatusRuntimeException: UNAVAILABLE: io exception
2022-08-10 09:23:29,718 [grpc-default-executor-3] INFO  leader.FollowerInfo (FollowerInfoImpl.java:lambda$new$0(48)) - omNode-1@group-523986131536->omNode-3: nextIndex: updateUnconditionally 386 -> 45
2022-08-10 09:23:29,735 [grpc-default-executor-3] WARN  server.GrpcLogAppender (LogUtils.java:warn(122)) - omNode-1@group-523986131536->omNode-3-AppendLogResponseHandler: Failed appendEntries: org.apache.ratis.thirdparty.io.grpc.StatusRuntimeException: UNAVAILABLE: io exception
2022-08-10 09:23:29,735 [grpc-default-executor-3] INFO  leader.FollowerInfo (FollowerInfoImpl.java:lambda$new$0(48)) - omNode-1@group-523986131536->omNode-3: nextIndex: updateUnconditionally 386 -> 45
2022-08-10 09:23:29,749 [grpc-default-executor-3] WARN  server.GrpcLogAppender (LogUtils.java:warn(122)) - omNode-1@group-523986131536->omNode-3-AppendLogResponseHandler: Failed appendEntries: org.apache.ratis.thirdparty.io.grpc.StatusRuntimeException: UNAVAILABLE: io exception
2022-08-10 09:23:29,749 [grpc-default-executor-3] INFO  leader.FollowerInfo (FollowerInfoImpl.java:lambda$new$0(48)) - omNode-1@group-523986131536->omNode-3: nextIndex: updateUnconditionally 387 -> 45
2022-08-10 09:23:29,759 [grpc-default-executor-3] WARN  server.GrpcLogAppender (LogUtils.java:warn(122)) - omNode-1@group-523986131536->omNode-3-AppendLogResponseHandler: Failed appendEntries: org.apache.ratis.thirdparty.io.grpc.StatusRuntimeException: UNAVAILABLE: io exception
2022-08-10 09:23:29,759 [grpc-default-executor-3] INFO  leader.FollowerInfo (FollowerInfoImpl.java:lambda$new$0(48)) - omNode-1@group-523986131536->omNode-3: nextIndex: updateUnconditionally 387 -> 45
2022-08-10 09:23:29,770 [grpc-default-executor-1] WARN  server.GrpcLogAppender (LogUtils.java:warn(122)) - omNode-1@group-523986131536->omNode-3-AppendLogResponseHandler: Failed appendEntries: org.apache.ratis.thirdparty.io.grpc.StatusRuntimeException: UNAVAILABLE: io exception
2022-08-10 09:23:29,771 [grpc-default-executor-1] INFO  leader.FollowerInfo (FollowerInfoImpl.java:lambda$new$0(48)) - omNode-1@group-523986131536->omNode-3: nextIndex: updateUnconditionally 388 -> 45
2022-08-10 09:23:29,783 [grpc-default-executor-1] WARN  server.GrpcLogAppender (LogUtils.java:warn(122)) - omNode-1@group-523986131536->omNode-3-AppendLogResponseHandler: Failed appendEntries: org.apache.ratis.thirdparty.io.grpc.StatusRuntimeException: UNAVAILABLE: io exception
2022-08-10 09:23:29,783 [grpc-default-executor-1] INFO  leader.FollowerInfo (FollowerInfoImpl.java:lambda$new$0(48)) - omNode-1@group-523986131536->omNode-3: nextIndex: updateUnconditionally 388 -> 45
2022-08-10 09:23:29,789 [grpc-default-executor-1] WARN  server.GrpcLogAppender (LogUtils.java:warn(122)) - omNode-1@group-523986131536->omNode-3-AppendLogResponseHandler: Failed appendEntries: org.apache.ratis.thirdparty.io.grpc.StatusRuntimeException: UNAVAILABLE: io exception
2022-08-10 09:23:29,789 [grpc-default-executor-1] INFO  leader.FollowerInfo (FollowerInfoImpl.java:lambda$new$0(48)) - omNode-1@group-523986131536->omNode-3: nextIndex: updateUnconditionally 390 -> 45
2022-08-10 09:23:29,794 [grpc-default-executor-1] WARN  server.GrpcLogAppender (LogUtils.java:warn(122)) - omNode-1@group-523986131536->omNode-3-AppendLogResponseHandler: Failed appendEntries: org.apache.ratis.thirdparty.io.grpc.StatusRuntimeException: UNAVAILABLE: io exception
2022-08-10 09:23:29,795 [grpc-default-executor-1] INFO  leader.FollowerInfo (FollowerInfoImpl.java:lambda$new$0(48)) - omNode-1@group-523986131536->omNode-3: nextIndex: updateUnconditionally 390 -> 45
2022-08-10 09:23:29,796 [grpc-default-executor-1] WARN  server.GrpcLogAppender (LogUtils.java:warn(122)) - omNode-1@group-523986131536->omNode-3-AppendLogResponseHandler: Failed appendEntries: org.apache.ratis.thirdparty.io.grpc.StatusRuntimeException: UNAVAILABLE: io exception
2022-08-10 09:23:29,796 [grpc-default-executor-1] INFO  leader.FollowerInfo (FollowerInfoImpl.java:lambda$new$0(48)) - omNode-1@group-523986131536->omNode-3: nextIndex: updateUnconditionally 390 -> 45
2022-08-10 09:23:29,812 [grpc-default-executor-1] WARN  server.GrpcLogAppender (LogUtils.java:warn(122)) - omNode-1@group-523986131536->omNode-3-AppendLogResponseHandler: Failed appendEntries: org.apache.ratis.thirdparty.io.grpc.StatusRuntimeException: UNAVAILABLE: io exception
2022-08-10 09:23:29,813 [grpc-default-executor-1] INFO  leader.FollowerInfo (FollowerInfoImpl.java:lambda$new$0(48)) - omNode-1@group-523986131536->omNode-3: nextIndex: updateUnconditionally 391 -> 45
2022-08-10 09:23:29,823 [grpc-default-executor-1] WARN  server.GrpcLogAppender (LogUtils.java:warn(122)) - omNode-1@group-523986131536->omNode-3-AppendLogResponseHandler: Failed appendEntries: org.apache.ratis.thirdparty.io.grpc.StatusRuntimeException: UNAVAILABLE: io exception
2022-08-10 09:23:29,823 [grpc-default-executor-1] INFO  leader.FollowerInfo (FollowerInfoImpl.java:lambda$new$0(48)) - omNode-1@group-523986131536->omNode-3: nextIndex: updateUnconditionally 391 -> 45
2022-08-10 09:23:29,825 [grpc-default-executor-1] WARN  server.GrpcLogAppender (LogUtils.java:warn(122)) - omNode-1@group-523986131536->omNode-3-AppendLogResponseHandler: Failed appendEntries: org.apache.ratis.thirdparty.io.grpc.StatusRuntimeException: UNAVAILABLE: io exception
2022-08-10 09:23:29,825 [grpc-default-executor-1] INFO  leader.FollowerInfo (FollowerInfoImpl.java:lambda$new$0(48)) - omNode-1@group-523986131536->omNode-3: nextIndex: updateUnconditionally 391 -> 45
2022-08-10 09:23:29,832 [grpc-default-executor-3] WARN  server.GrpcLogAppender (LogUtils.java:warn(122)) - omNode-1@group-523986131536->omNode-3-AppendLogResponseHandler: Failed appendEntries: org.apache.ratis.thirdparty.io.grpc.StatusRuntimeException: UNAVAILABLE: io exception
2022-08-10 09:23:29,833 [grpc-default-executor-3] INFO  leader.FollowerInfo (FollowerInfoImpl.java:lambda$new$0(48)) - omNode-1@group-523986131536->omNode-3: nextIndex: updateUnconditionally 392 -> 45
2022-08-10 09:23:29,842 [grpc-default-executor-3] WARN  server.GrpcLogAppender (LogUtils.java:warn(122)) - omNode-1@group-523986131536->omNode-3-AppendLogResponseHandler: Failed appendEntries: org.apache.ratis.thirdparty.io.grpc.StatusRuntimeException: UNAVAILABLE: io exception
2022-08-10 09:23:29,843 [grpc-default-executor-3] INFO  leader.FollowerInfo (FollowerInfoImpl.java:lambda$new$0(48)) - omNode-1@group-523986131536->omNode-3: nextIndex: updateUnconditionally 392 -> 45
2022-08-10 09:23:29,848 [grpc-default-executor-1] WARN  server.GrpcLogAppender (LogUtils.java:warn(122)) - omNode-1@group-523986131536->omNode-3-AppendLogResponseHandler: Failed appendEntries: org.apache.ratis.thirdparty.io.grpc.StatusRuntimeException: UNAVAILABLE: io exception
2022-08-10 09:23:29,848 [grpc-default-executor-1] INFO  leader.FollowerInfo (FollowerInfoImpl.java:lambda$new$0(48)) - omNode-1@group-523986131536->omNode-3: nextIndex: updateUnconditionally 393 -> 45
2022-08-10 09:23:29,851 [grpc-default-executor-3] WARN  server.GrpcLogAppender (LogUtils.java:warn(122)) - omNode-1@group-523986131536->omNode-3-AppendLogResponseHandler: Failed appendEntries: org.apache.ratis.thirdparty.io.grpc.StatusRuntimeException: UNAVAILABLE: io exception
2022-08-10 09:23:29,851 [grpc-default-executor-3] INFO  leader.FollowerInfo (FollowerInfoImpl.java:lambda$new$0(48)) - omNode-1@group-523986131536->omNode-3: nextIndex: updateUnconditionally 394 -> 45
2022-08-10 09:23:29,862 [grpc-default-executor-3] WARN  server.GrpcLogAppender (LogUtils.java:warn(122)) - omNode-1@group-523986131536->omNode-3-AppendLogResponseHandler: Failed appendEntries: org.apache.ratis.thirdparty.io.grpc.StatusRuntimeException: UNAVAILABLE: io exception
2022-08-10 09:23:29,862 [grpc-default-executor-3] INFO  leader.FollowerInfo (FollowerInfoImpl.java:lambda$new$0(48)) - omNode-1@group-523986131536->omNode-3: nextIndex: updateUnconditionally 394 -> 45
2022-08-10 09:23:29,864 [grpc-default-executor-3] WARN  server.GrpcLogAppender (LogUtils.java:warn(122)) - omNode-1@group-523986131536->omNode-3-AppendLogResponseHandler: Failed appendEntries: org.apache.ratis.thirdparty.io.grpc.StatusRuntimeException: UNAVAILABLE: io exception
2022-08-10 09:23:29,864 [grpc-default-executor-3] INFO  leader.FollowerInfo (FollowerInfoImpl.java:lambda$new$0(48)) - omNode-1@group-523986131536->omNode-3: nextIndex: updateUnconditionally 394 -> 45
2022-08-10 09:23:29,879 [grpc-default-executor-3] WARN  server.GrpcLogAppender (LogUtils.java:warn(122)) - omNode-1@group-523986131536->omNode-3-AppendLogResponseHandler: Failed appendEntries: org.apache.ratis.thirdparty.io.grpc.StatusRuntimeException: UNAVAILABLE: io exception
2022-08-10 09:23:29,879 [grpc-default-executor-3] INFO  leader.FollowerInfo (FollowerInfoImpl.java:lambda$new$0(48)) - omNode-1@group-523986131536->omNode-3: nextIndex: updateUnconditionally 395 -> 45
2022-08-10 09:23:29,900 [grpc-default-executor-1] WARN  server.GrpcLogAppender (LogUtils.java:warn(122)) - omNode-1@group-523986131536->omNode-3-AppendLogResponseHandler: Failed appendEntries: org.apache.ratis.thirdparty.io.grpc.StatusRuntimeException: UNAVAILABLE: io exception
2022-08-10 09:23:29,900 [grpc-default-executor-1] INFO  leader.FollowerInfo (FollowerInfoImpl.java:lambda$new$0(48)) - omNode-1@group-523986131536->omNode-3: nextIndex: updateUnconditionally 395 -> 45
2022-08-10 09:23:29,901 [grpc-default-executor-1] WARN  server.GrpcLogAppender (LogUtils.java:warn(122)) - omNode-1@group-523986131536->omNode-3-AppendLogResponseHandler: Failed appendEntries: org.apache.ratis.thirdparty.io.grpc.StatusRuntimeException: UNAVAILABLE: io exception
2022-08-10 09:23:29,901 [grpc-default-executor-1] INFO  leader.FollowerInfo (FollowerInfoImpl.java:lambda$new$0(48)) - omNode-1@group-523986131536->omNode-3: nextIndex: updateUnconditionally 395 -> 45
2022-08-10 09:23:29,909 [grpc-default-executor-3] WARN  server.GrpcLogAppender (LogUtils.java:warn(122)) - omNode-1@group-523986131536->omNode-3-AppendLogResponseHandler: Failed appendEntries: org.apache.ratis.thirdparty.io.grpc.StatusRuntimeException: UNAVAILABLE: io exception
2022-08-10 09:23:29,909 [grpc-default-executor-3] INFO  leader.FollowerInfo (FollowerInfoImpl.java:lambda$new$0(48)) - omNode-1@group-523986131536->omNode-3: nextIndex: updateUnconditionally 396 -> 45
2022-08-10 09:23:29,926 [grpc-default-executor-1] WARN  server.GrpcLogAppender (LogUtils.java:warn(122)) - omNode-1@group-523986131536->omNode-3-AppendLogResponseHandler: Failed appendEntries: org.apache.ratis.thirdparty.io.grpc.StatusRuntimeException: UNAVAILABLE: io exception
2022-08-10 09:23:29,927 [grpc-default-executor-1] INFO  leader.FollowerInfo (FollowerInfoImpl.java:lambda$new$0(48)) - omNode-1@group-523986131536->omNode-3: nextIndex: updateUnconditionally 396 -> 45
2022-08-10 09:23:29,934 [grpc-default-executor-3] WARN  server.GrpcLogAppender (LogUtils.java:warn(122)) - omNode-1@group-523986131536->omNode-3-AppendLogResponseHandler: Failed appendEntries: org.apache.ratis.thirdparty.io.grpc.StatusRuntimeException: UNAVAILABLE: io exception
2022-08-10 09:23:29,935 [grpc-default-executor-3] INFO  leader.FollowerInfo (FollowerInfoImpl.java:lambda$new$0(48)) - omNode-1@group-523986131536->omNode-3: nextIndex: updateUnconditionally 398 -> 45
2022-08-10 09:23:29,936 [grpc-default-executor-3] WARN  server.GrpcLogAppender (LogUtils.java:warn(122)) - omNode-1@group-523986131536->omNode-3-AppendLogResponseHandler: Failed appendEntries: org.apache.ratis.thirdparty.io.grpc.StatusRuntimeException: UNAVAILABLE: io exception
2022-08-10 09:23:29,936 [grpc-default-executor-3] INFO  leader.FollowerInfo (FollowerInfoImpl.java:lambda$new$0(48)) - omNode-1@group-523986131536->omNode-3: nextIndex: updateUnconditionally 398 -> 45
2022-08-10 09:23:29,955 [grpc-default-executor-1] WARN  server.GrpcLogAppender (LogUtils.java:warn(122)) - omNode-1@group-523986131536->omNode-3-AppendLogResponseHandler: Failed appendEntries: org.apache.ratis.thirdparty.io.grpc.StatusRuntimeException: UNAVAILABLE: io exception
2022-08-10 09:23:29,955 [grpc-default-executor-1] INFO  leader.FollowerInfo (FollowerInfoImpl.java:lambda$new$0(48)) - omNode-1@group-523986131536->omNode-3: nextIndex: updateUnconditionally 399 -> 45
2022-08-10 09:23:29,974 [grpc-default-executor-3] WARN  server.GrpcLogAppender (LogUtils.java:warn(122)) - omNode-1@group-523986131536->omNode-3-AppendLogResponseHandler: Failed appendEntries: org.apache.ratis.thirdparty.io.grpc.StatusRuntimeException: UNAVAILABLE: io exception
2022-08-10 09:23:29,974 [grpc-default-executor-3] INFO  leader.FollowerInfo (FollowerInfoImpl.java:lambda$new$0(48)) - omNode-1@group-523986131536->omNode-3: nextIndex: updateUnconditionally 400 -> 45
2022-08-10 09:23:29,985 [grpc-default-executor-3] WARN  server.GrpcLogAppender (LogUtils.java:warn(122)) - omNode-1@group-523986131536->omNode-3-AppendLogResponseHandler: Failed appendEntries: org.apache.ratis.thirdparty.io.grpc.StatusRuntimeException: UNAVAILABLE: io exception
2022-08-10 09:23:29,985 [grpc-default-executor-3] INFO  leader.FollowerInfo (FollowerInfoImpl.java:lambda$new$0(48)) - omNode-1@group-523986131536->omNode-3: nextIndex: updateUnconditionally 401 -> 45
2022-08-10 09:23:29,989 [grpc-default-executor-1] WARN  server.GrpcLogAppender (LogUtils.java:warn(122)) - omNode-1@group-523986131536->omNode-3-AppendLogResponseHandler: Failed appendEntries: org.apache.ratis.thirdparty.io.grpc.StatusRuntimeException: UNAVAILABLE: io exception
2022-08-10 09:23:29,989 [grpc-default-executor-1] INFO  leader.FollowerInfo (FollowerInfoImpl.java:lambda$new$0(48)) - omNode-1@group-523986131536->omNode-3: nextIndex: updateUnconditionally 402 -> 45
2022-08-10 09:23:29,996 [omNode-1@group-523986131536-StateMachineUpdater] INFO  ratis.OzoneManagerStateMachine (OzoneManagerStateMachine.java:takeSnapshot(441)) - Current Snapshot Index (t:3, i:400)
2022-08-10 09:23:29,996 [grpc-default-executor-3] WARN  server.GrpcLogAppender (LogUtils.java:warn(122)) - omNode-1@group-523986131536->omNode-3-AppendLogResponseHandler: Failed appendEntries: org.apache.ratis.thirdparty.io.grpc.StatusRuntimeException: UNAVAILABLE: io exception
2022-08-10 09:23:29,996 [omNode-1@group-523986131536-StateMachineUpdater] INFO  impl.StateMachineUpdater (StateMachineUpdater.java:takeSnapshot(287)) - omNode-1@group-523986131536-StateMachineUpdater: Took a snapshot at index 400
2022-08-10 09:23:29,997 [omNode-1@group-523986131536-StateMachineUpdater] INFO  impl.StateMachineUpdater (StateMachineUpdater.java:lambda$new$0(92)) - omNode-1@group-523986131536-StateMachineUpdater: snapshotIndex: updateIncreasingly 350 -> 400
2022-08-10 09:23:29,997 [omNode-1@group-523986131536-StateMachineUpdater] INFO  raftlog.RaftLog (RaftLogBase.java:purge(308)) - omNode-1@group-523986131536-SegmentedRaftLog: purge 400
2022-08-10 09:23:29,997 [grpc-default-executor-3] INFO  leader.FollowerInfo (FollowerInfoImpl.java:lambda$new$0(48)) - omNode-1@group-523986131536->omNode-3: nextIndex: updateUnconditionally 402 -> 45
2022-08-10 09:23:29,997 [omNode-1@group-523986131536-StateMachineUpdater] INFO  raftlog.RaftLog (RaftLogBase.java:lambda$new$0(53)) - omNode-1@group-523986131536-SegmentedRaftLog: snapshotIndex: updateIncreasingly 350 -> 400
2022-08-10 09:23:29,997 [omNode-1@group-523986131536-StateMachineUpdater] INFO  raftlog.RaftLog (RaftLogBase.java:lambda$new$0(53)) - omNode-1@group-523986131536-SegmentedRaftLog: purgeIndex: updateToMax old=350, new=400, updated? true
2022-08-10 09:23:30,007 [grpc-default-executor-3] WARN  server.GrpcLogAppender (LogUtils.java:warn(122)) - omNode-1@group-523986131536->omNode-3-AppendLogResponseHandler: Failed appendEntries: org.apache.ratis.thirdparty.io.grpc.StatusRuntimeException: UNAVAILABLE: io exception
2022-08-10 09:23:30,007 [grpc-default-executor-3] INFO  leader.FollowerInfo (FollowerInfoImpl.java:lambda$new$0(48)) - omNode-1@group-523986131536->omNode-3: nextIndex: updateUnconditionally 403 -> 45
2022-08-10 09:23:30,017 [grpc-default-executor-1] WARN  server.GrpcLogAppender (LogUtils.java:warn(122)) - omNode-1@group-523986131536->omNode-3-AppendLogResponseHandler: Failed appendEntries: org.apache.ratis.thirdparty.io.grpc.StatusRuntimeException: UNAVAILABLE: io exception
2022-08-10 09:23:30,018 [grpc-default-executor-1] INFO  leader.FollowerInfo (FollowerInfoImpl.java:lambda$new$0(48)) - omNode-1@group-523986131536->omNode-3: nextIndex: updateUnconditionally 403 -> 45
2022-08-10 09:23:30,030 [grpc-default-executor-1] WARN  server.GrpcLogAppender (LogUtils.java:warn(122)) - omNode-1@group-523986131536->omNode-3-AppendLogResponseHandler: Failed appendEntries: org.apache.ratis.thirdparty.io.grpc.StatusRuntimeException: UNAVAILABLE: io exception
2022-08-10 09:23:30,030 [grpc-default-executor-1] INFO  leader.FollowerInfo (FollowerInfoImpl.java:lambda$new$0(48)) - omNode-1@group-523986131536->omNode-3: nextIndex: updateUnconditionally 404 -> 45
2022-08-10 09:23:30,058 [grpc-default-executor-1] WARN  server.GrpcLogAppender (LogUtils.java:warn(122)) - omNode-1@group-523986131536->omNode-3-AppendLogResponseHandler: Failed appendEntries: org.apache.ratis.thirdparty.io.grpc.StatusRuntimeException: UNAVAILABLE: io exception
2022-08-10 09:23:30,058 [grpc-default-executor-1] INFO  leader.FollowerInfo (FollowerInfoImpl.java:lambda$new$0(48)) - omNode-1@group-523986131536->omNode-3: nextIndex: updateUnconditionally 404 -> 45
2022-08-10 09:23:30,059 [grpc-default-executor-3] WARN  server.GrpcLogAppender (LogUtils.java:warn(122)) - omNode-1@group-523986131536->omNode-3-AppendLogResponseHandler: Failed appendEntries: org.apache.ratis.thirdparty.io.grpc.StatusRuntimeException: UNAVAILABLE: io exception
2022-08-10 09:23:30,060 [grpc-default-executor-3] INFO  leader.FollowerInfo (FollowerInfoImpl.java:lambda$new$0(48)) - omNode-1@group-523986131536->omNode-3: nextIndex: updateUnconditionally 406 -> 45
2022-08-10 09:23:30,066 [grpc-default-executor-3] WARN  server.GrpcLogAppender (LogUtils.java:warn(122)) - omNode-1@group-523986131536->omNode-3-AppendLogResponseHandler: Failed appendEntries: org.apache.ratis.thirdparty.io.grpc.StatusRuntimeException: UNAVAILABLE: io exception
2022-08-10 09:23:30,066 [grpc-default-executor-3] INFO  leader.FollowerInfo (FollowerInfoImpl.java:lambda$new$0(48)) - omNode-1@group-523986131536->omNode-3: nextIndex: updateUnconditionally 406 -> 45
2022-08-10 09:23:30,069 [grpc-default-executor-3] WARN  server.GrpcLogAppender (LogUtils.java:warn(122)) - omNode-1@group-523986131536->omNode-3-AppendLogResponseHandler: Failed appendEntries: org.apache.ratis.thirdparty.io.grpc.StatusRuntimeException: UNAVAILABLE: io exception
2022-08-10 09:23:30,070 [grpc-default-executor-3] INFO  leader.FollowerInfo (FollowerInfoImpl.java:lambda$new$0(48)) - omNode-1@group-523986131536->omNode-3: nextIndex: updateUnconditionally 407 -> 45
2022-08-10 09:23:30,082 [omNode-2@group-523986131536-StateMachineUpdater] INFO  ratis.OzoneManagerStateMachine (OzoneManagerStateMachine.java:takeSnapshot(441)) - Current Snapshot Index (t:3, i:405)
2022-08-10 09:23:30,082 [omNode-2@group-523986131536-StateMachineUpdater] INFO  impl.StateMachineUpdater (StateMachineUpdater.java:takeSnapshot(287)) - omNode-2@group-523986131536-StateMachineUpdater: Took a snapshot at index 405
2022-08-10 09:23:30,082 [omNode-2@group-523986131536-StateMachineUpdater] INFO  impl.StateMachineUpdater (StateMachineUpdater.java:lambda$new$0(92)) - omNode-2@group-523986131536-StateMachineUpdater: snapshotIndex: updateIncreasingly 354 -> 405
2022-08-10 09:23:30,082 [omNode-2@group-523986131536-StateMachineUpdater] INFO  raftlog.RaftLog (RaftLogBase.java:purge(308)) - omNode-2@group-523986131536-SegmentedRaftLog: purge 405
2022-08-10 09:23:30,082 [omNode-2@group-523986131536-StateMachineUpdater] INFO  raftlog.RaftLog (RaftLogBase.java:lambda$new$0(53)) - omNode-2@group-523986131536-SegmentedRaftLog: snapshotIndex: updateIncreasingly 354 -> 405
2022-08-10 09:23:30,082 [omNode-2@group-523986131536-StateMachineUpdater] INFO  raftlog.RaftLog (RaftLogBase.java:lambda$new$0(53)) - omNode-2@group-523986131536-SegmentedRaftLog: purgeIndex: updateToMax old=354, new=405, updated? true
2022-08-10 09:23:30,085 [grpc-default-executor-3] WARN  server.GrpcLogAppender (LogUtils.java:warn(122)) - omNode-1@group-523986131536->omNode-3-AppendLogResponseHandler: Failed appendEntries: org.apache.ratis.thirdparty.io.grpc.StatusRuntimeException: UNAVAILABLE: io exception
2022-08-10 09:23:30,085 [grpc-default-executor-3] INFO  leader.FollowerInfo (FollowerInfoImpl.java:lambda$new$0(48)) - omNode-1@group-523986131536->omNode-3: nextIndex: updateUnconditionally 407 -> 45
2022-08-10 09:23:30,086 [grpc-default-executor-3] WARN  server.GrpcLogAppender (LogUtils.java:warn(122)) - omNode-1@group-523986131536->omNode-3-AppendLogResponseHandler: Failed appendEntries: org.apache.ratis.thirdparty.io.grpc.StatusRuntimeException: UNAVAILABLE: io exception
2022-08-10 09:23:30,087 [grpc-default-executor-3] INFO  leader.FollowerInfo (FollowerInfoImpl.java:lambda$new$0(48)) - omNode-1@group-523986131536->omNode-3: nextIndex: updateUnconditionally 407 -> 45
2022-08-10 09:23:30,097 [grpc-default-executor-1] WARN  server.GrpcLogAppender (LogUtils.java:warn(122)) - omNode-1@group-523986131536->omNode-3-AppendLogResponseHandler: Failed appendEntries: org.apache.ratis.thirdparty.io.grpc.StatusRuntimeException: UNAVAILABLE: io exception
2022-08-10 09:23:30,098 [grpc-default-executor-1] INFO  leader.FollowerInfo (FollowerInfoImpl.java:lambda$new$0(48)) - omNode-1@group-523986131536->omNode-3: nextIndex: updateUnconditionally 408 -> 45
2022-08-10 09:23:30,101 [grpc-default-executor-3] WARN  server.GrpcLogAppender (LogUtils.java:warn(122)) - omNode-1@group-523986131536->omNode-3-AppendLogResponseHandler: Failed appendEntries: org.apache.ratis.thirdparty.io.grpc.StatusRuntimeException: UNAVAILABLE: io exception
2022-08-10 09:23:30,101 [grpc-default-executor-3] INFO  leader.FollowerInfo (FollowerInfoImpl.java:lambda$new$0(48)) - omNode-1@group-523986131536->omNode-3: nextIndex: updateUnconditionally 408 -> 45
2022-08-10 09:23:30,102 [grpc-default-executor-3] WARN  server.GrpcLogAppender (LogUtils.java:warn(122)) - omNode-1@group-523986131536->omNode-3-AppendLogResponseHandler: Failed appendEntries: org.apache.ratis.thirdparty.io.grpc.StatusRuntimeException: UNAVAILABLE: io exception
2022-08-10 09:23:30,103 [grpc-default-executor-3] INFO  leader.FollowerInfo (FollowerInfoImpl.java:lambda$new$0(48)) - omNode-1@group-523986131536->omNode-3: nextIndex: updateUnconditionally 409 -> 45
2022-08-10 09:23:30,105 [grpc-default-executor-3] WARN  server.GrpcLogAppender (LogUtils.java:warn(122)) - omNode-1@group-523986131536->omNode-3-AppendLogResponseHandler: Failed appendEntries: org.apache.ratis.thirdparty.io.grpc.StatusRuntimeException: UNAVAILABLE: io exception
2022-08-10 09:23:30,105 [grpc-default-executor-3] INFO  leader.FollowerInfo (FollowerInfoImpl.java:lambda$new$0(48)) - omNode-1@group-523986131536->omNode-3: nextIndex: updateUnconditionally 410 -> 45
2022-08-10 09:23:30,113 [grpc-default-executor-3] WARN  server.GrpcLogAppender (LogUtils.java:warn(122)) - omNode-1@group-523986131536->omNode-3-AppendLogResponseHandler: Failed appendEntries: org.apache.ratis.thirdparty.io.grpc.StatusRuntimeException: UNAVAILABLE: io exception
2022-08-10 09:23:30,113 [grpc-default-executor-3] INFO  leader.FollowerInfo (FollowerInfoImpl.java:lambda$new$0(48)) - omNode-1@group-523986131536->omNode-3: nextIndex: updateUnconditionally 410 -> 45
2022-08-10 09:23:30,115 [grpc-default-executor-3] WARN  server.GrpcLogAppender (LogUtils.java:warn(122)) - omNode-1@group-523986131536->omNode-3-AppendLogResponseHandler: Failed appendEntries: org.apache.ratis.thirdparty.io.grpc.StatusRuntimeException: UNAVAILABLE: io exception
2022-08-10 09:23:30,115 [grpc-default-executor-3] INFO  leader.FollowerInfo (FollowerInfoImpl.java:lambda$new$0(48)) - omNode-1@group-523986131536->omNode-3: nextIndex: updateUnconditionally 410 -> 45
2022-08-10 09:23:30,120 [grpc-default-executor-3] WARN  server.GrpcLogAppender (LogUtils.java:warn(122)) - omNode-1@group-523986131536->omNode-3-AppendLogResponseHandler: Failed appendEntries: org.apache.ratis.thirdparty.io.grpc.StatusRuntimeException: UNAVAILABLE: io exception
2022-08-10 09:23:30,121 [grpc-default-executor-3] INFO  leader.FollowerInfo (FollowerInfoImpl.java:lambda$new$0(48)) - omNode-1@group-523986131536->omNode-3: nextIndex: updateUnconditionally 411 -> 45
2022-08-10 09:23:30,141 [grpc-default-executor-1] WARN  server.GrpcLogAppender (LogUtils.java:warn(122)) - omNode-1@group-523986131536->omNode-3-AppendLogResponseHandler: Failed appendEntries: org.apache.ratis.thirdparty.io.grpc.StatusRuntimeException: UNAVAILABLE: io exception
2022-08-10 09:23:30,141 [grpc-default-executor-1] INFO  leader.FollowerInfo (FollowerInfoImpl.java:lambda$new$0(48)) - omNode-1@group-523986131536->omNode-3: nextIndex: updateUnconditionally 411 -> 45
2022-08-10 09:23:30,142 [grpc-default-executor-1] WARN  server.GrpcLogAppender (LogUtils.java:warn(122)) - omNode-1@group-523986131536->omNode-3-AppendLogResponseHandler: Failed appendEntries: org.apache.ratis.thirdparty.io.grpc.StatusRuntimeException: UNAVAILABLE: io exception
2022-08-10 09:23:30,142 [grpc-default-executor-1] INFO  leader.FollowerInfo (FollowerInfoImpl.java:lambda$new$0(48)) - omNode-1@group-523986131536->omNode-3: nextIndex: updateUnconditionally 411 -> 45
2022-08-10 09:23:30,146 [grpc-default-executor-3] WARN  server.GrpcLogAppender (LogUtils.java:warn(122)) - omNode-1@group-523986131536->omNode-3-AppendLogResponseHandler: Failed appendEntries: org.apache.ratis.thirdparty.io.grpc.StatusRuntimeException: UNAVAILABLE: io exception
2022-08-10 09:23:30,147 [grpc-default-executor-3] INFO  leader.FollowerInfo (FollowerInfoImpl.java:lambda$new$0(48)) - omNode-1@group-523986131536->omNode-3: nextIndex: updateUnconditionally 412 -> 45
2022-08-10 09:23:30,156 [grpc-default-executor-3] WARN  server.GrpcLogAppender (LogUtils.java:warn(122)) - omNode-1@group-523986131536->omNode-3-AppendLogResponseHandler: Failed appendEntries: org.apache.ratis.thirdparty.io.grpc.StatusRuntimeException: UNAVAILABLE: io exception
2022-08-10 09:23:30,156 [grpc-default-executor-3] INFO  leader.FollowerInfo (FollowerInfoImpl.java:lambda$new$0(48)) - omNode-1@group-523986131536->omNode-3: nextIndex: updateUnconditionally 412 -> 45
2022-08-10 09:23:30,158 [grpc-default-executor-3] WARN  server.GrpcLogAppender (LogUtils.java:warn(122)) - omNode-1@group-523986131536->omNode-3-AppendLogResponseHandler: Failed appendEntries: org.apache.ratis.thirdparty.io.grpc.StatusRuntimeException: UNAVAILABLE: io exception
2022-08-10 09:23:30,158 [grpc-default-executor-3] INFO  leader.FollowerInfo (FollowerInfoImpl.java:lambda$new$0(48)) - omNode-1@group-523986131536->omNode-3: nextIndex: updateUnconditionally 413 -> 45
2022-08-10 09:23:30,161 [grpc-default-executor-1] WARN  server.GrpcLogAppender (LogUtils.java:warn(122)) - omNode-1@group-523986131536->omNode-3-AppendLogResponseHandler: Failed appendEntries: org.apache.ratis.thirdparty.io.grpc.StatusRuntimeException: UNAVAILABLE: io exception
2022-08-10 09:23:30,162 [grpc-default-executor-1] INFO  leader.FollowerInfo (FollowerInfoImpl.java:lambda$new$0(48)) - omNode-1@group-523986131536->omNode-3: nextIndex: updateUnconditionally 414 -> 45
2022-08-10 09:23:30,169 [grpc-default-executor-3] WARN  server.GrpcLogAppender (LogUtils.java:warn(122)) - omNode-1@group-523986131536->omNode-3-AppendLogResponseHandler: Failed appendEntries: org.apache.ratis.thirdparty.io.grpc.StatusRuntimeException: UNAVAILABLE: io exception
2022-08-10 09:23:30,169 [grpc-default-executor-3] INFO  leader.FollowerInfo (FollowerInfoImpl.java:lambda$new$0(48)) - omNode-1@group-523986131536->omNode-3: nextIndex: updateUnconditionally 414 -> 45
2022-08-10 09:23:30,171 [grpc-default-executor-3] WARN  server.GrpcLogAppender (LogUtils.java:warn(122)) - omNode-1@group-523986131536->omNode-3-AppendLogResponseHandler: Failed appendEntries: org.apache.ratis.thirdparty.io.grpc.StatusRuntimeException: UNAVAILABLE: io exception
2022-08-10 09:23:30,171 [grpc-default-executor-3] INFO  leader.FollowerInfo (FollowerInfoImpl.java:lambda$new$0(48)) - omNode-1@group-523986131536->omNode-3: nextIndex: updateUnconditionally 415 -> 45
2022-08-10 09:23:30,187 [grpc-default-executor-3] WARN  server.GrpcLogAppender (LogUtils.java:warn(122)) - omNode-1@group-523986131536->omNode-3-AppendLogResponseHandler: Failed appendEntries: org.apache.ratis.thirdparty.io.grpc.StatusRuntimeException: UNAVAILABLE: io exception
2022-08-10 09:23:30,188 [grpc-default-executor-3] INFO  leader.FollowerInfo (FollowerInfoImpl.java:lambda$new$0(48)) - omNode-1@group-523986131536->omNode-3: nextIndex: updateUnconditionally 415 -> 45
2022-08-10 09:23:30,197 [grpc-default-executor-3] WARN  server.GrpcLogAppender (LogUtils.java:warn(122)) - omNode-1@group-523986131536->omNode-3-AppendLogResponseHandler: Failed appendEntries: org.apache.ratis.thirdparty.io.grpc.StatusRuntimeException: UNAVAILABLE: io exception
2022-08-10 09:23:30,198 [grpc-default-executor-3] INFO  leader.FollowerInfo (FollowerInfoImpl.java:lambda$new$0(48)) - omNode-1@group-523986131536->omNode-3: nextIndex: updateUnconditionally 416 -> 45
2022-08-10 09:23:30,201 [grpc-default-executor-1] WARN  server.GrpcLogAppender (LogUtils.java:warn(122)) - omNode-1@group-523986131536->omNode-3-AppendLogResponseHandler: Failed appendEntries: org.apache.ratis.thirdparty.io.grpc.StatusRuntimeException: UNAVAILABLE: io exception
2022-08-10 09:23:30,202 [grpc-default-executor-1] INFO  leader.FollowerInfo (FollowerInfoImpl.java:lambda$new$0(48)) - omNode-1@group-523986131536->omNode-3: nextIndex: updateUnconditionally 417 -> 45
2022-08-10 09:23:30,207 [grpc-default-executor-1] WARN  server.GrpcLogAppender (LogUtils.java:warn(122)) - omNode-1@group-523986131536->omNode-3-AppendLogResponseHandler: Failed appendEntries: org.apache.ratis.thirdparty.io.grpc.StatusRuntimeException: UNAVAILABLE: io exception
2022-08-10 09:23:30,207 [grpc-default-executor-1] INFO  leader.FollowerInfo (FollowerInfoImpl.java:lambda$new$0(48)) - omNode-1@group-523986131536->omNode-3: nextIndex: updateUnconditionally 418 -> 45
2022-08-10 09:23:30,213 [grpc-default-executor-1] WARN  server.GrpcLogAppender (LogUtils.java:warn(122)) - omNode-1@group-523986131536->omNode-3-AppendLogResponseHandler: Failed appendEntries: org.apache.ratis.thirdparty.io.grpc.StatusRuntimeException: UNAVAILABLE: io exception
2022-08-10 09:23:30,213 [grpc-default-executor-1] INFO  leader.FollowerInfo (FollowerInfoImpl.java:lambda$new$0(48)) - omNode-1@group-523986131536->omNode-3: nextIndex: updateUnconditionally 418 -> 45
2022-08-10 09:23:30,214 [grpc-default-executor-1] WARN  server.GrpcLogAppender (LogUtils.java:warn(122)) - omNode-1@group-523986131536->omNode-3-AppendLogResponseHandler: Failed appendEntries: org.apache.ratis.thirdparty.io.grpc.StatusRuntimeException: UNAVAILABLE: io exception
2022-08-10 09:23:30,215 [grpc-default-executor-1] INFO  leader.FollowerInfo (FollowerInfoImpl.java:lambda$new$0(48)) - omNode-1@group-523986131536->omNode-3: nextIndex: updateUnconditionally 418 -> 45
2022-08-10 09:23:30,220 [grpc-default-executor-1] WARN  server.GrpcLogAppender (LogUtils.java:warn(122)) - omNode-1@group-523986131536->omNode-3-AppendLogResponseHandler: Failed appendEntries: org.apache.ratis.thirdparty.io.grpc.StatusRuntimeException: UNAVAILABLE: io exception
2022-08-10 09:23:30,220 [grpc-default-executor-1] INFO  leader.FollowerInfo (FollowerInfoImpl.java:lambda$new$0(48)) - omNode-1@group-523986131536->omNode-3: nextIndex: updateUnconditionally 419 -> 45
2022-08-10 09:23:30,234 [grpc-default-executor-3] WARN  server.GrpcLogAppender (LogUtils.java:warn(122)) - omNode-1@group-523986131536->omNode-3-AppendLogResponseHandler: Failed appendEntries: org.apache.ratis.thirdparty.io.grpc.StatusRuntimeException: UNAVAILABLE: io exception
2022-08-10 09:23:30,234 [grpc-default-executor-3] INFO  leader.FollowerInfo (FollowerInfoImpl.java:lambda$new$0(48)) - omNode-1@group-523986131536->omNode-3: nextIndex: updateUnconditionally 419 -> 45
2022-08-10 09:23:30,235 [grpc-default-executor-3] WARN  server.GrpcLogAppender (LogUtils.java:warn(122)) - omNode-1@group-523986131536->omNode-3-AppendLogResponseHandler: Failed appendEntries: org.apache.ratis.thirdparty.io.grpc.StatusRuntimeException: UNAVAILABLE: io exception
2022-08-10 09:23:30,236 [grpc-default-executor-3] INFO  leader.FollowerInfo (FollowerInfoImpl.java:lambda$new$0(48)) - omNode-1@group-523986131536->omNode-3: nextIndex: updateUnconditionally 419 -> 45
2022-08-10 09:23:30,246 [grpc-default-executor-1] WARN  server.GrpcLogAppender (LogUtils.java:warn(122)) - omNode-1@group-523986131536->omNode-3-AppendLogResponseHandler: Failed appendEntries: org.apache.ratis.thirdparty.io.grpc.StatusRuntimeException: UNAVAILABLE: io exception
2022-08-10 09:23:30,246 [grpc-default-executor-1] INFO  leader.FollowerInfo (FollowerInfoImpl.java:lambda$new$0(48)) - omNode-1@group-523986131536->omNode-3: nextIndex: updateUnconditionally 420 -> 45
2022-08-10 09:23:30,258 [grpc-default-executor-1] WARN  server.GrpcLogAppender (LogUtils.java:warn(122)) - omNode-1@group-523986131536->omNode-3-AppendLogResponseHandler: Failed appendEntries: org.apache.ratis.thirdparty.io.grpc.StatusRuntimeException: UNAVAILABLE: io exception
2022-08-10 09:23:30,259 [grpc-default-executor-1] INFO  leader.FollowerInfo (FollowerInfoImpl.java:lambda$new$0(48)) - omNode-1@group-523986131536->omNode-3: nextIndex: updateUnconditionally 420 -> 45
2022-08-10 09:23:30,261 [grpc-default-executor-1] WARN  server.GrpcLogAppender (LogUtils.java:warn(122)) - omNode-1@group-523986131536->omNode-3-AppendLogResponseHandler: Failed appendEntries: org.apache.ratis.thirdparty.io.grpc.StatusRuntimeException: UNAVAILABLE: io exception
2022-08-10 09:23:30,261 [grpc-default-executor-1] INFO  leader.FollowerInfo (FollowerInfoImpl.java:lambda$new$0(48)) - omNode-1@group-523986131536->omNode-3: nextIndex: updateUnconditionally 422 -> 45
2022-08-10 09:23:30,269 [grpc-default-executor-1] WARN  server.GrpcLogAppender (LogUtils.java:warn(122)) - omNode-1@group-523986131536->omNode-3-AppendLogResponseHandler: Failed appendEntries: org.apache.ratis.thirdparty.io.grpc.StatusRuntimeException: UNAVAILABLE: io exception
2022-08-10 09:23:30,269 [grpc-default-executor-1] INFO  leader.FollowerInfo (FollowerInfoImpl.java:lambda$new$0(48)) - omNode-1@group-523986131536->omNode-3: nextIndex: updateUnconditionally 422 -> 45
2022-08-10 09:23:30,272 [grpc-default-executor-1] WARN  server.GrpcLogAppender (LogUtils.java:warn(122)) - omNode-1@group-523986131536->omNode-3-AppendLogResponseHandler: Failed appendEntries: org.apache.ratis.thirdparty.io.grpc.StatusRuntimeException: UNAVAILABLE: io exception
2022-08-10 09:23:30,272 [grpc-default-executor-1] INFO  leader.FollowerInfo (FollowerInfoImpl.java:lambda$new$0(48)) - omNode-1@group-523986131536->omNode-3: nextIndex: updateUnconditionally 422 -> 45
2022-08-10 09:23:30,286 [grpc-default-executor-1] WARN  server.GrpcLogAppender (LogUtils.java:warn(122)) - omNode-1@group-523986131536->omNode-3-AppendLogResponseHandler: Failed appendEntries: org.apache.ratis.thirdparty.io.grpc.StatusRuntimeException: UNAVAILABLE: io exception
2022-08-10 09:23:30,286 [grpc-default-executor-1] INFO  leader.FollowerInfo (FollowerInfoImpl.java:lambda$new$0(48)) - omNode-1@group-523986131536->omNode-3: nextIndex: updateUnconditionally 423 -> 45
2022-08-10 09:23:30,305 [grpc-default-executor-1] WARN  server.GrpcLogAppender (LogUtils.java:warn(122)) - omNode-1@group-523986131536->omNode-3-AppendLogResponseHandler: Failed appendEntries: org.apache.ratis.thirdparty.io.grpc.StatusRuntimeException: UNAVAILABLE: io exception
2022-08-10 09:23:30,305 [grpc-default-executor-1] INFO  leader.FollowerInfo (FollowerInfoImpl.java:lambda$new$0(48)) - omNode-1@group-523986131536->omNode-3: nextIndex: updateUnconditionally 424 -> 45
2022-08-10 09:23:30,310 [grpc-default-executor-3] WARN  server.GrpcLogAppender (LogUtils.java:warn(122)) - omNode-1@group-523986131536->omNode-3-AppendLogResponseHandler: Failed appendEntries: org.apache.ratis.thirdparty.io.grpc.StatusRuntimeException: UNAVAILABLE: io exception
2022-08-10 09:23:30,310 [grpc-default-executor-3] INFO  leader.FollowerInfo (FollowerInfoImpl.java:lambda$new$0(48)) - omNode-1@group-523986131536->omNode-3: nextIndex: updateUnconditionally 424 -> 45
2022-08-10 09:23:30,320 [grpc-default-executor-1] WARN  server.GrpcLogAppender (LogUtils.java:warn(122)) - omNode-1@group-523986131536->omNode-3-AppendLogResponseHandler: Failed appendEntries: org.apache.ratis.thirdparty.io.grpc.StatusRuntimeException: UNAVAILABLE: io exception
2022-08-10 09:23:30,320 [grpc-default-executor-1] INFO  leader.FollowerInfo (FollowerInfoImpl.java:lambda$new$0(48)) - omNode-1@group-523986131536->omNode-3: nextIndex: updateUnconditionally 425 -> 45
2022-08-10 09:23:30,323 [grpc-default-executor-3] WARN  server.GrpcLogAppender (LogUtils.java:warn(122)) - omNode-1@group-523986131536->omNode-3-AppendLogResponseHandler: Failed appendEntries: org.apache.ratis.thirdparty.io.grpc.StatusRuntimeException: UNAVAILABLE: io exception
2022-08-10 09:23:30,324 [grpc-default-executor-3] INFO  leader.FollowerInfo (FollowerInfoImpl.java:lambda$new$0(48)) - omNode-1@group-523986131536->omNode-3: nextIndex: updateUnconditionally 426 -> 45
2022-08-10 09:23:30,332 [grpc-default-executor-3] WARN  server.GrpcLogAppender (LogUtils.java:warn(122)) - omNode-1@group-523986131536->omNode-3-AppendLogResponseHandler: Failed appendEntries: org.apache.ratis.thirdparty.io.grpc.StatusRuntimeException: UNAVAILABLE: io exception
2022-08-10 09:23:30,333 [grpc-default-executor-3] INFO  leader.FollowerInfo (FollowerInfoImpl.java:lambda$new$0(48)) - omNode-1@group-523986131536->omNode-3: nextIndex: updateUnconditionally 426 -> 45
2022-08-10 09:23:30,334 [grpc-default-executor-3] WARN  server.GrpcLogAppender (LogUtils.java:warn(122)) - omNode-1@group-523986131536->omNode-3-AppendLogResponseHandler: Failed appendEntries: org.apache.ratis.thirdparty.io.grpc.StatusRuntimeException: UNAVAILABLE: io exception
2022-08-10 09:23:30,334 [grpc-default-executor-3] INFO  leader.FollowerInfo (FollowerInfoImpl.java:lambda$new$0(48)) - omNode-1@group-523986131536->omNode-3: nextIndex: updateUnconditionally 426 -> 45
2022-08-10 09:23:30,339 [grpc-default-executor-3] WARN  server.GrpcLogAppender (LogUtils.java:warn(122)) - omNode-1@group-523986131536->omNode-3-AppendLogResponseHandler: Failed appendEntries: org.apache.ratis.thirdparty.io.grpc.StatusRuntimeException: UNAVAILABLE: io exception
2022-08-10 09:23:30,340 [grpc-default-executor-3] INFO  leader.FollowerInfo (FollowerInfoImpl.java:lambda$new$0(48)) - omNode-1@group-523986131536->omNode-3: nextIndex: updateUnconditionally 427 -> 45
2022-08-10 09:23:30,352 [grpc-default-executor-1] WARN  server.GrpcLogAppender (LogUtils.java:warn(122)) - omNode-1@group-523986131536->omNode-3-AppendLogResponseHandler: Failed appendEntries: org.apache.ratis.thirdparty.io.grpc.StatusRuntimeException: UNAVAILABLE: io exception
2022-08-10 09:23:30,352 [grpc-default-executor-1] INFO  leader.FollowerInfo (FollowerInfoImpl.java:lambda$new$0(48)) - omNode-1@group-523986131536->omNode-3: nextIndex: updateUnconditionally 427 -> 45
2022-08-10 09:23:30,353 [grpc-default-executor-1] WARN  server.GrpcLogAppender (LogUtils.java:warn(122)) - omNode-1@group-523986131536->omNode-3-AppendLogResponseHandler: Failed appendEntries: org.apache.ratis.thirdparty.io.grpc.StatusRuntimeException: UNAVAILABLE: io exception
2022-08-10 09:23:30,353 [grpc-default-executor-1] INFO  leader.FollowerInfo (FollowerInfoImpl.java:lambda$new$0(48)) - omNode-1@group-523986131536->omNode-3: nextIndex: updateUnconditionally 427 -> 45
2022-08-10 09:23:30,360 [grpc-default-executor-3] WARN  server.GrpcLogAppender (LogUtils.java:warn(122)) - omNode-1@group-523986131536->omNode-3-AppendLogResponseHandler: Failed appendEntries: org.apache.ratis.thirdparty.io.grpc.StatusRuntimeException: UNAVAILABLE: io exception
2022-08-10 09:23:30,360 [grpc-default-executor-3] INFO  leader.FollowerInfo (FollowerInfoImpl.java:lambda$new$0(48)) - omNode-1@group-523986131536->omNode-3: nextIndex: updateUnconditionally 428 -> 45
2022-08-10 09:23:30,369 [grpc-default-executor-3] WARN  server.GrpcLogAppender (LogUtils.java:warn(122)) - omNode-1@group-523986131536->omNode-3-AppendLogResponseHandler: Failed appendEntries: org.apache.ratis.thirdparty.io.grpc.StatusRuntimeException: UNAVAILABLE: io exception
2022-08-10 09:23:30,370 [grpc-default-executor-3] INFO  leader.FollowerInfo (FollowerInfoImpl.java:lambda$new$0(48)) - omNode-1@group-523986131536->omNode-3: nextIndex: updateUnconditionally 428 -> 45
2022-08-10 09:23:30,371 [grpc-default-executor-1] WARN  server.GrpcLogAppender (LogUtils.java:warn(122)) - omNode-1@group-523986131536->omNode-3-AppendLogResponseHandler: Failed appendEntries: org.apache.ratis.thirdparty.io.grpc.StatusRuntimeException: UNAVAILABLE: io exception
2022-08-10 09:23:30,372 [grpc-default-executor-1] INFO  leader.FollowerInfo (FollowerInfoImpl.java:lambda$new$0(48)) - omNode-1@group-523986131536->omNode-3: nextIndex: updateUnconditionally 429 -> 45
2022-08-10 09:23:30,375 [grpc-default-executor-1] WARN  server.GrpcLogAppender (LogUtils.java:warn(122)) - omNode-1@group-523986131536->omNode-3-AppendLogResponseHandler: Failed appendEntries: org.apache.ratis.thirdparty.io.grpc.StatusRuntimeException: UNAVAILABLE: io exception
2022-08-10 09:23:30,375 [grpc-default-executor-1] INFO  leader.FollowerInfo (FollowerInfoImpl.java:lambda$new$0(48)) - omNode-1@group-523986131536->omNode-3: nextIndex: updateUnconditionally 430 -> 45
2022-08-10 09:23:30,381 [grpc-default-executor-1] WARN  server.GrpcLogAppender (LogUtils.java:warn(122)) - omNode-1@group-523986131536->omNode-3-AppendLogResponseHandler: Failed appendEntries: org.apache.ratis.thirdparty.io.grpc.StatusRuntimeException: UNAVAILABLE: io exception
2022-08-10 09:23:30,381 [grpc-default-executor-1] INFO  leader.FollowerInfo (FollowerInfoImpl.java:lambda$new$0(48)) - omNode-1@group-523986131536->omNode-3: nextIndex: updateUnconditionally 430 -> 45
2022-08-10 09:23:30,382 [grpc-default-executor-1] WARN  server.GrpcLogAppender (LogUtils.java:warn(122)) - omNode-1@group-523986131536->omNode-3-AppendLogResponseHandler: Failed appendEntries: org.apache.ratis.thirdparty.io.grpc.StatusRuntimeException: UNAVAILABLE: io exception
2022-08-10 09:23:30,382 [grpc-default-executor-1] INFO  leader.FollowerInfo (FollowerInfoImpl.java:lambda$new$0(48)) - omNode-1@group-523986131536->omNode-3: nextIndex: updateUnconditionally 430 -> 45
2022-08-10 09:23:30,385 [EndpointStateMachine task thread for /0.0.0.0:42301 - 0 ] INFO  ipc.Client (Client.java:handleConnectionFailure(977)) - Retrying connect to server: 0.0.0.0/0.0.0.0:42301. Already tried 9 time(s); retry policy is RetryUpToMaximumCountWithFixedSleep(maxRetries=15, sleepTime=1000 MILLISECONDS)
2022-08-10 09:23:30,390 [grpc-default-executor-1] WARN  server.GrpcLogAppender (LogUtils.java:warn(122)) - omNode-1@group-523986131536->omNode-3-AppendLogResponseHandler: Failed appendEntries: org.apache.ratis.thirdparty.io.grpc.StatusRuntimeException: UNAVAILABLE: io exception
2022-08-10 09:23:30,390 [grpc-default-executor-1] INFO  leader.FollowerInfo (FollowerInfoImpl.java:lambda$new$0(48)) - omNode-1@group-523986131536->omNode-3: nextIndex: updateUnconditionally 431 -> 45
2022-08-10 09:23:30,405 [grpc-default-executor-1] WARN  server.GrpcLogAppender (LogUtils.java:warn(122)) - omNode-1@group-523986131536->omNode-3-AppendLogResponseHandler: Failed appendEntries: org.apache.ratis.thirdparty.io.grpc.StatusRuntimeException: UNAVAILABLE: io exception
2022-08-10 09:23:30,405 [grpc-default-executor-1] INFO  leader.FollowerInfo (FollowerInfoImpl.java:lambda$new$0(48)) - omNode-1@group-523986131536->omNode-3: nextIndex: updateUnconditionally 431 -> 45
2022-08-10 09:23:30,407 [grpc-default-executor-1] WARN  server.GrpcLogAppender (LogUtils.java:warn(122)) - omNode-1@group-523986131536->omNode-3-AppendLogResponseHandler: Failed appendEntries: org.apache.ratis.thirdparty.io.grpc.StatusRuntimeException: UNAVAILABLE: io exception
2022-08-10 09:23:30,407 [grpc-default-executor-1] INFO  leader.FollowerInfo (FollowerInfoImpl.java:lambda$new$0(48)) - omNode-1@group-523986131536->omNode-3: nextIndex: updateUnconditionally 431 -> 45
2022-08-10 09:23:30,413 [grpc-default-executor-1] WARN  server.GrpcLogAppender (LogUtils.java:warn(122)) - omNode-1@group-523986131536->omNode-3-AppendLogResponseHandler: Failed appendEntries: org.apache.ratis.thirdparty.io.grpc.StatusRuntimeException: UNAVAILABLE: io exception
2022-08-10 09:23:30,413 [grpc-default-executor-1] INFO  leader.FollowerInfo (FollowerInfoImpl.java:lambda$new$0(48)) - omNode-1@group-523986131536->omNode-3: nextIndex: updateUnconditionally 432 -> 45
2022-08-10 09:23:30,423 [grpc-default-executor-3] WARN  server.GrpcLogAppender (LogUtils.java:warn(122)) - omNode-1@group-523986131536->omNode-3-AppendLogResponseHandler: Failed appendEntries: org.apache.ratis.thirdparty.io.grpc.StatusRuntimeException: UNAVAILABLE: io exception
2022-08-10 09:23:30,423 [grpc-default-executor-3] INFO  leader.FollowerInfo (FollowerInfoImpl.java:lambda$new$0(48)) - omNode-1@group-523986131536->omNode-3: nextIndex: updateUnconditionally 432 -> 45
2022-08-10 09:23:30,425 [grpc-default-executor-1] WARN  server.GrpcLogAppender (LogUtils.java:warn(122)) - omNode-1@group-523986131536->omNode-3-AppendLogResponseHandler: Failed appendEntries: org.apache.ratis.thirdparty.io.grpc.StatusRuntimeException: UNAVAILABLE: io exception
2022-08-10 09:23:30,425 [grpc-default-executor-1] INFO  leader.FollowerInfo (FollowerInfoImpl.java:lambda$new$0(48)) - omNode-1@group-523986131536->omNode-3: nextIndex: updateUnconditionally 433 -> 45
2022-08-10 09:23:30,429 [grpc-default-executor-1] WARN  server.GrpcLogAppender (LogUtils.java:warn(122)) - omNode-1@group-523986131536->omNode-3-AppendLogResponseHandler: Failed appendEntries: org.apache.ratis.thirdparty.io.grpc.StatusRuntimeException: UNAVAILABLE: io exception
2022-08-10 09:23:30,430 [grpc-default-executor-1] INFO  leader.FollowerInfo (FollowerInfoImpl.java:lambda$new$0(48)) - omNode-1@group-523986131536->omNode-3: nextIndex: updateUnconditionally 434 -> 45
2022-08-10 09:23:30,441 [grpc-default-executor-3] WARN  server.GrpcLogAppender (LogUtils.java:warn(122)) - omNode-1@group-523986131536->omNode-3-AppendLogResponseHandler: Failed appendEntries: org.apache.ratis.thirdparty.io.grpc.StatusRuntimeException: UNAVAILABLE: io exception
2022-08-10 09:23:30,441 [grpc-default-executor-3] INFO  leader.FollowerInfo (FollowerInfoImpl.java:lambda$new$0(48)) - omNode-1@group-523986131536->omNode-3: nextIndex: updateUnconditionally 434 -> 45
2022-08-10 09:23:30,442 [grpc-default-executor-3] WARN  server.GrpcLogAppender (LogUtils.java:warn(122)) - omNode-1@group-523986131536->omNode-3-AppendLogResponseHandler: Failed appendEntries: org.apache.ratis.thirdparty.io.grpc.StatusRuntimeException: UNAVAILABLE: io exception
2022-08-10 09:23:30,443 [grpc-default-executor-3] INFO  leader.FollowerInfo (FollowerInfoImpl.java:lambda$new$0(48)) - omNode-1@group-523986131536->omNode-3: nextIndex: updateUnconditionally 434 -> 45
2022-08-10 09:23:30,447 [grpc-default-executor-3] WARN  server.GrpcLogAppender (LogUtils.java:warn(122)) - omNode-1@group-523986131536->omNode-3-AppendLogResponseHandler: Failed appendEntries: org.apache.ratis.thirdparty.io.grpc.StatusRuntimeException: UNAVAILABLE: io exception
2022-08-10 09:23:30,447 [grpc-default-executor-3] INFO  leader.FollowerInfo (FollowerInfoImpl.java:lambda$new$0(48)) - omNode-1@group-523986131536->omNode-3: nextIndex: updateUnconditionally 435 -> 45
2022-08-10 09:23:30,467 [grpc-default-executor-3] WARN  server.GrpcLogAppender (LogUtils.java:warn(122)) - omNode-1@group-523986131536->omNode-3-AppendLogResponseHandler: Failed appendEntries: org.apache.ratis.thirdparty.io.grpc.StatusRuntimeException: UNAVAILABLE: io exception
2022-08-10 09:23:30,468 [grpc-default-executor-3] INFO  leader.FollowerInfo (FollowerInfoImpl.java:lambda$new$0(48)) - omNode-1@group-523986131536->omNode-3: nextIndex: updateUnconditionally 436 -> 45
2022-08-10 09:23:30,470 [grpc-default-executor-3] WARN  server.GrpcLogAppender (LogUtils.java:warn(122)) - omNode-1@group-523986131536->omNode-3-AppendLogResponseHandler: Failed appendEntries: org.apache.ratis.thirdparty.io.grpc.StatusRuntimeException: UNAVAILABLE: io exception
2022-08-10 09:23:30,470 [grpc-default-executor-3] INFO  leader.FollowerInfo (FollowerInfoImpl.java:lambda$new$0(48)) - omNode-1@group-523986131536->omNode-3: nextIndex: updateUnconditionally 436 -> 45
2022-08-10 09:23:30,476 [grpc-default-executor-3] WARN  server.GrpcLogAppender (LogUtils.java:warn(122)) - omNode-1@group-523986131536->omNode-3-AppendLogResponseHandler: Failed appendEntries: org.apache.ratis.thirdparty.io.grpc.StatusRuntimeException: UNAVAILABLE: io exception
2022-08-10 09:23:30,476 [grpc-default-executor-3] INFO  leader.FollowerInfo (FollowerInfoImpl.java:lambda$new$0(48)) - omNode-1@group-523986131536->omNode-3: nextIndex: updateUnconditionally 437 -> 45
2022-08-10 09:23:30,481 [grpc-default-executor-1] WARN  server.GrpcLogAppender (LogUtils.java:warn(122)) - omNode-1@group-523986131536->omNode-3-AppendLogResponseHandler: Failed appendEntries: org.apache.ratis.thirdparty.io.grpc.StatusRuntimeException: UNAVAILABLE: io exception
2022-08-10 09:23:30,481 [grpc-default-executor-1] INFO  leader.FollowerInfo (FollowerInfoImpl.java:lambda$new$0(48)) - omNode-1@group-523986131536->omNode-3: nextIndex: updateUnconditionally 438 -> 45
2022-08-10 09:23:30,488 [grpc-default-executor-3] WARN  server.GrpcLogAppender (LogUtils.java:warn(122)) - omNode-1@group-523986131536->omNode-3-AppendLogResponseHandler: Failed appendEntries: org.apache.ratis.thirdparty.io.grpc.StatusRuntimeException: UNAVAILABLE: io exception
2022-08-10 09:23:30,488 [grpc-default-executor-3] INFO  leader.FollowerInfo (FollowerInfoImpl.java:lambda$new$0(48)) - omNode-1@group-523986131536->omNode-3: nextIndex: updateUnconditionally 438 -> 45
2022-08-10 09:23:30,489 [grpc-default-executor-3] WARN  server.GrpcLogAppender (LogUtils.java:warn(122)) - omNode-1@group-523986131536->omNode-3-AppendLogResponseHandler: Failed appendEntries: org.apache.ratis.thirdparty.io.grpc.StatusRuntimeException: UNAVAILABLE: io exception
2022-08-10 09:23:30,489 [grpc-default-executor-3] INFO  leader.FollowerInfo (FollowerInfoImpl.java:lambda$new$0(48)) - omNode-1@group-523986131536->omNode-3: nextIndex: updateUnconditionally 438 -> 45
2022-08-10 09:23:30,504 [grpc-default-executor-3] WARN  server.GrpcLogAppender (LogUtils.java:warn(122)) - omNode-1@group-523986131536->omNode-3-AppendLogResponseHandler: Failed appendEntries: org.apache.ratis.thirdparty.io.grpc.StatusRuntimeException: UNAVAILABLE: io exception
2022-08-10 09:23:30,504 [grpc-default-executor-3] INFO  leader.FollowerInfo (FollowerInfoImpl.java:lambda$new$0(48)) - omNode-1@group-523986131536->omNode-3: nextIndex: updateUnconditionally 439 -> 45
2022-08-10 09:23:30,520 [grpc-default-executor-3] WARN  server.GrpcLogAppender (LogUtils.java:warn(122)) - omNode-1@group-523986131536->omNode-3-AppendLogResponseHandler: Failed appendEntries: org.apache.ratis.thirdparty.io.grpc.StatusRuntimeException: UNAVAILABLE: io exception
2022-08-10 09:23:30,521 [grpc-default-executor-3] INFO  leader.FollowerInfo (FollowerInfoImpl.java:lambda$new$0(48)) - omNode-1@group-523986131536->omNode-3: nextIndex: updateUnconditionally 439 -> 45
2022-08-10 09:23:30,524 [grpc-default-executor-3] WARN  server.GrpcLogAppender (LogUtils.java:warn(122)) - omNode-1@group-523986131536->omNode-3-AppendLogResponseHandler: Failed appendEntries: org.apache.ratis.thirdparty.io.grpc.StatusRuntimeException: UNAVAILABLE: io exception
2022-08-10 09:23:30,524 [grpc-default-executor-3] INFO  leader.FollowerInfo (FollowerInfoImpl.java:lambda$new$0(48)) - omNode-1@group-523986131536->omNode-3: nextIndex: updateUnconditionally 439 -> 45
2022-08-10 09:23:30,526 [grpc-default-executor-3] WARN  server.GrpcLogAppender (LogUtils.java:warn(122)) - omNode-1@group-523986131536->omNode-3-AppendLogResponseHandler: Failed appendEntries: org.apache.ratis.thirdparty.io.grpc.StatusRuntimeException: UNAVAILABLE: io exception
2022-08-10 09:23:30,526 [grpc-default-executor-3] INFO  leader.FollowerInfo (FollowerInfoImpl.java:lambda$new$0(48)) - omNode-1@group-523986131536->omNode-3: nextIndex: updateUnconditionally 439 -> 45
2022-08-10 09:23:30,538 [grpc-default-executor-3] WARN  server.GrpcLogAppender (LogUtils.java:warn(122)) - omNode-1@group-523986131536->omNode-3-AppendLogResponseHandler: Failed appendEntries: org.apache.ratis.thirdparty.io.grpc.StatusRuntimeException: UNAVAILABLE: io exception
2022-08-10 09:23:30,538 [grpc-default-executor-3] INFO  leader.FollowerInfo (FollowerInfoImpl.java:lambda$new$0(48)) - omNode-1@group-523986131536->omNode-3: nextIndex: updateUnconditionally 440 -> 45
2022-08-10 09:23:30,549 [grpc-default-executor-3] WARN  server.GrpcLogAppender (LogUtils.java:warn(122)) - omNode-1@group-523986131536->omNode-3-AppendLogResponseHandler: Failed appendEntries: org.apache.ratis.thirdparty.io.grpc.StatusRuntimeException: UNAVAILABLE: io exception
2022-08-10 09:23:30,549 [grpc-default-executor-3] INFO  leader.FollowerInfo (FollowerInfoImpl.java:lambda$new$0(48)) - omNode-1@group-523986131536->omNode-3: nextIndex: updateUnconditionally 440 -> 45
2022-08-10 09:23:30,552 [grpc-default-executor-1] WARN  server.GrpcLogAppender (LogUtils.java:warn(122)) - omNode-1@group-523986131536->omNode-3-AppendLogResponseHandler: Failed appendEntries: org.apache.ratis.thirdparty.io.grpc.StatusRuntimeException: UNAVAILABLE: io exception
2022-08-10 09:23:30,552 [grpc-default-executor-1] INFO  leader.FollowerInfo (FollowerInfoImpl.java:lambda$new$0(48)) - omNode-1@group-523986131536->omNode-3: nextIndex: updateUnconditionally 441 -> 45
2022-08-10 09:23:30,556 [grpc-default-executor-1] WARN  server.GrpcLogAppender (LogUtils.java:warn(122)) - omNode-1@group-523986131536->omNode-3-AppendLogResponseHandler: Failed appendEntries: org.apache.ratis.thirdparty.io.grpc.StatusRuntimeException: UNAVAILABLE: io exception
2022-08-10 09:23:30,556 [grpc-default-executor-1] INFO  leader.FollowerInfo (FollowerInfoImpl.java:lambda$new$0(48)) - omNode-1@group-523986131536->omNode-3: nextIndex: updateUnconditionally 442 -> 45
2022-08-10 09:23:30,566 [grpc-default-executor-3] WARN  server.GrpcLogAppender (LogUtils.java:warn(122)) - omNode-1@group-523986131536->omNode-3-AppendLogResponseHandler: Failed appendEntries: org.apache.ratis.thirdparty.io.grpc.StatusRuntimeException: UNAVAILABLE: io exception
2022-08-10 09:23:30,566 [grpc-default-executor-3] INFO  leader.FollowerInfo (FollowerInfoImpl.java:lambda$new$0(48)) - omNode-1@group-523986131536->omNode-3: nextIndex: updateUnconditionally 442 -> 45
2022-08-10 09:23:30,567 [grpc-default-executor-3] WARN  server.GrpcLogAppender (LogUtils.java:warn(122)) - omNode-1@group-523986131536->omNode-3-AppendLogResponseHandler: Failed appendEntries: org.apache.ratis.thirdparty.io.grpc.StatusRuntimeException: UNAVAILABLE: io exception
2022-08-10 09:23:30,567 [grpc-default-executor-3] INFO  leader.FollowerInfo (FollowerInfoImpl.java:lambda$new$0(48)) - omNode-1@group-523986131536->omNode-3: nextIndex: updateUnconditionally 442 -> 45
2022-08-10 09:23:30,569 [grpc-default-executor-1] WARN  server.GrpcLogAppender (LogUtils.java:warn(122)) - omNode-1@group-523986131536->omNode-3-AppendLogResponseHandler: Failed appendEntries: org.apache.ratis.thirdparty.io.grpc.StatusRuntimeException: UNAVAILABLE: io exception
2022-08-10 09:23:30,569 [grpc-default-executor-1] INFO  leader.FollowerInfo (FollowerInfoImpl.java:lambda$new$0(48)) - omNode-1@group-523986131536->omNode-3: nextIndex: updateUnconditionally 443 -> 45
2022-08-10 09:23:30,584 [grpc-default-executor-1] WARN  server.GrpcLogAppender (LogUtils.java:warn(122)) - omNode-1@group-523986131536->omNode-3-AppendLogResponseHandler: Failed appendEntries: org.apache.ratis.thirdparty.io.grpc.StatusRuntimeException: UNAVAILABLE: io exception
2022-08-10 09:23:30,584 [grpc-default-executor-1] INFO  leader.FollowerInfo (FollowerInfoImpl.java:lambda$new$0(48)) - omNode-1@group-523986131536->omNode-3: nextIndex: updateUnconditionally 443 -> 45
2022-08-10 09:23:30,585 [grpc-default-executor-1] WARN  server.GrpcLogAppender (LogUtils.java:warn(122)) - omNode-1@group-523986131536->omNode-3-AppendLogResponseHandler: Failed appendEntries: org.apache.ratis.thirdparty.io.grpc.StatusRuntimeException: UNAVAILABLE: io exception
2022-08-10 09:23:30,585 [grpc-default-executor-1] INFO  leader.FollowerInfo (FollowerInfoImpl.java:lambda$new$0(48)) - omNode-1@group-523986131536->omNode-3: nextIndex: updateUnconditionally 443 -> 45
2022-08-10 09:23:30,597 [grpc-default-executor-3] WARN  server.GrpcLogAppender (LogUtils.java:warn(122)) - omNode-1@group-523986131536->omNode-3-AppendLogResponseHandler: Failed appendEntries: org.apache.ratis.thirdparty.io.grpc.StatusRuntimeException: UNAVAILABLE: io exception
2022-08-10 09:23:30,597 [grpc-default-executor-3] INFO  leader.FollowerInfo (FollowerInfoImpl.java:lambda$new$0(48)) - omNode-1@group-523986131536->omNode-3: nextIndex: updateUnconditionally 444 -> 45
2022-08-10 09:23:30,609 [grpc-default-executor-3] WARN  server.GrpcLogAppender (LogUtils.java:warn(122)) - omNode-1@group-523986131536->omNode-3-AppendLogResponseHandler: Failed appendEntries: org.apache.ratis.thirdparty.io.grpc.StatusRuntimeException: UNAVAILABLE: io exception
2022-08-10 09:23:30,609 [grpc-default-executor-3] INFO  leader.FollowerInfo (FollowerInfoImpl.java:lambda$new$0(48)) - omNode-1@group-523986131536->omNode-3: nextIndex: updateUnconditionally 444 -> 45
2022-08-10 09:23:30,611 [grpc-default-executor-3] WARN  server.GrpcLogAppender (LogUtils.java:warn(122)) - omNode-1@group-523986131536->omNode-3-AppendLogResponseHandler: Failed appendEntries: org.apache.ratis.thirdparty.io.grpc.StatusRuntimeException: UNAVAILABLE: io exception
2022-08-10 09:23:30,612 [grpc-default-executor-3] INFO  leader.FollowerInfo (FollowerInfoImpl.java:lambda$new$0(48)) - omNode-1@group-523986131536->omNode-3: nextIndex: updateUnconditionally 445 -> 45
2022-08-10 09:23:30,613 [grpc-default-executor-3] WARN  server.GrpcLogAppender (LogUtils.java:warn(122)) - omNode-1@group-523986131536->omNode-3-AppendLogResponseHandler: Failed appendEntries: org.apache.ratis.thirdparty.io.grpc.StatusRuntimeException: UNAVAILABLE: io exception
2022-08-10 09:23:30,613 [grpc-default-executor-3] INFO  leader.FollowerInfo (FollowerInfoImpl.java:lambda$new$0(48)) - omNode-1@group-523986131536->omNode-3: nextIndex: updateUnconditionally 446 -> 45
2022-08-10 09:23:30,623 [grpc-default-executor-3] WARN  server.GrpcLogAppender (LogUtils.java:warn(122)) - omNode-1@group-523986131536->omNode-3-AppendLogResponseHandler: Failed appendEntries: org.apache.ratis.thirdparty.io.grpc.StatusRuntimeException: UNAVAILABLE: io exception
2022-08-10 09:23:30,623 [grpc-default-executor-3] INFO  leader.FollowerInfo (FollowerInfoImpl.java:lambda$new$0(48)) - omNode-1@group-523986131536->omNode-3: nextIndex: updateUnconditionally 446 -> 45
2022-08-10 09:23:30,624 [grpc-default-executor-3] WARN  server.GrpcLogAppender (LogUtils.java:warn(122)) - omNode-1@group-523986131536->omNode-3-AppendLogResponseHandler: Failed appendEntries: org.apache.ratis.thirdparty.io.grpc.StatusRuntimeException: UNAVAILABLE: io exception
2022-08-10 09:23:30,624 [grpc-default-executor-3] INFO  leader.FollowerInfo (FollowerInfoImpl.java:lambda$new$0(48)) - omNode-1@group-523986131536->omNode-3: nextIndex: updateUnconditionally 446 -> 45
2022-08-10 09:23:30,634 [grpc-default-executor-3] WARN  server.GrpcLogAppender (LogUtils.java:warn(122)) - omNode-1@group-523986131536->omNode-3-AppendLogResponseHandler: Failed appendEntries: org.apache.ratis.thirdparty.io.grpc.StatusRuntimeException: UNAVAILABLE: io exception
2022-08-10 09:23:30,635 [grpc-default-executor-3] INFO  leader.FollowerInfo (FollowerInfoImpl.java:lambda$new$0(48)) - omNode-1@group-523986131536->omNode-3: nextIndex: updateUnconditionally 447 -> 45
2022-08-10 09:23:30,658 [grpc-default-executor-1] WARN  server.GrpcLogAppender (LogUtils.java:warn(122)) - omNode-1@group-523986131536->omNode-3-AppendLogResponseHandler: Failed appendEntries: org.apache.ratis.thirdparty.io.grpc.StatusRuntimeException: UNAVAILABLE: io exception
2022-08-10 09:23:30,659 [grpc-default-executor-1] INFO  leader.FollowerInfo (FollowerInfoImpl.java:lambda$new$0(48)) - omNode-1@group-523986131536->omNode-3: nextIndex: updateUnconditionally 447 -> 45
2022-08-10 09:23:30,660 [grpc-default-executor-1] WARN  server.GrpcLogAppender (LogUtils.java:warn(122)) - omNode-1@group-523986131536->omNode-3-AppendLogResponseHandler: Failed appendEntries: org.apache.ratis.thirdparty.io.grpc.StatusRuntimeException: UNAVAILABLE: io exception
2022-08-10 09:23:30,660 [grpc-default-executor-1] INFO  leader.FollowerInfo (FollowerInfoImpl.java:lambda$new$0(48)) - omNode-1@group-523986131536->omNode-3: nextIndex: updateUnconditionally 447 -> 45
2022-08-10 09:23:30,674 [grpc-default-executor-1] WARN  server.GrpcLogAppender (LogUtils.java:warn(122)) - omNode-1@group-523986131536->omNode-3-AppendLogResponseHandler: Failed appendEntries: org.apache.ratis.thirdparty.io.grpc.StatusRuntimeException: UNAVAILABLE: io exception
2022-08-10 09:23:30,675 [grpc-default-executor-1] INFO  leader.FollowerInfo (FollowerInfoImpl.java:lambda$new$0(48)) - omNode-1@group-523986131536->omNode-3: nextIndex: updateUnconditionally 448 -> 45
2022-08-10 09:23:30,689 [grpc-default-executor-3] WARN  server.GrpcLogAppender (LogUtils.java:warn(122)) - omNode-1@group-523986131536->omNode-3-AppendLogResponseHandler: Failed appendEntries: org.apache.ratis.thirdparty.io.grpc.StatusRuntimeException: UNAVAILABLE: io exception
2022-08-10 09:23:30,690 [grpc-default-executor-3] INFO  leader.FollowerInfo (FollowerInfoImpl.java:lambda$new$0(48)) - omNode-1@group-523986131536->omNode-3: nextIndex: updateUnconditionally 448 -> 45
2022-08-10 09:23:30,694 [grpc-default-executor-3] WARN  server.GrpcLogAppender (LogUtils.java:warn(122)) - omNode-1@group-523986131536->omNode-3-AppendLogResponseHandler: Failed appendEntries: org.apache.ratis.thirdparty.io.grpc.StatusRuntimeException: UNAVAILABLE: io exception
2022-08-10 09:23:30,694 [grpc-default-executor-3] INFO  leader.FollowerInfo (FollowerInfoImpl.java:lambda$new$0(48)) - omNode-1@group-523986131536->omNode-3: nextIndex: updateUnconditionally 449 -> 45
2022-08-10 09:23:30,696 [grpc-default-executor-1] WARN  server.GrpcLogAppender (LogUtils.java:warn(122)) - omNode-1@group-523986131536->omNode-3-AppendLogResponseHandler: Failed appendEntries: org.apache.ratis.thirdparty.io.grpc.StatusRuntimeException: UNAVAILABLE: io exception
2022-08-10 09:23:30,696 [grpc-default-executor-1] INFO  leader.FollowerInfo (FollowerInfoImpl.java:lambda$new$0(48)) - omNode-1@group-523986131536->omNode-3: nextIndex: updateUnconditionally 450 -> 45
2022-08-10 09:23:30,713 [grpc-default-executor-3] WARN  server.GrpcLogAppender (LogUtils.java:warn(122)) - omNode-1@group-523986131536->omNode-3-AppendLogResponseHandler: Failed appendEntries: org.apache.ratis.thirdparty.io.grpc.StatusRuntimeException: UNAVAILABLE: io exception
2022-08-10 09:23:30,713 [grpc-default-executor-3] INFO  leader.FollowerInfo (FollowerInfoImpl.java:lambda$new$0(48)) - omNode-1@group-523986131536->omNode-3: nextIndex: updateUnconditionally 450 -> 45
2022-08-10 09:23:30,714 [grpc-default-executor-3] WARN  server.GrpcLogAppender (LogUtils.java:warn(122)) - omNode-1@group-523986131536->omNode-3-AppendLogResponseHandler: Failed appendEntries: org.apache.ratis.thirdparty.io.grpc.StatusRuntimeException: UNAVAILABLE: io exception
2022-08-10 09:23:30,714 [grpc-default-executor-3] INFO  leader.FollowerInfo (FollowerInfoImpl.java:lambda$new$0(48)) - omNode-1@group-523986131536->omNode-3: nextIndex: updateUnconditionally 450 -> 45
2022-08-10 09:23:30,739 [grpc-default-executor-3] WARN  server.GrpcLogAppender (LogUtils.java:warn(122)) - omNode-1@group-523986131536->omNode-3-AppendLogResponseHandler: Failed appendEntries: org.apache.ratis.thirdparty.io.grpc.StatusRuntimeException: UNAVAILABLE: io exception
2022-08-10 09:23:30,739 [grpc-default-executor-3] INFO  leader.FollowerInfo (FollowerInfoImpl.java:lambda$new$0(48)) - omNode-1@group-523986131536->omNode-3: nextIndex: updateUnconditionally 451 -> 45
2022-08-10 09:23:30,762 [grpc-default-executor-1] WARN  server.GrpcLogAppender (LogUtils.java:warn(122)) - omNode-1@group-523986131536->omNode-3-AppendLogResponseHandler: Failed appendEntries: org.apache.ratis.thirdparty.io.grpc.StatusRuntimeException: UNAVAILABLE: io exception
2022-08-10 09:23:30,763 [grpc-default-executor-1] INFO  leader.FollowerInfo (FollowerInfoImpl.java:lambda$new$0(48)) - omNode-1@group-523986131536->omNode-3: nextIndex: updateUnconditionally 452 -> 45
2022-08-10 09:23:30,765 [omNode-1@group-523986131536-StateMachineUpdater] INFO  ratis.OzoneManagerStateMachine (OzoneManagerStateMachine.java:takeSnapshot(441)) - Current Snapshot Index (t:3, i:450)
2022-08-10 09:23:30,765 [omNode-1@group-523986131536-StateMachineUpdater] INFO  impl.StateMachineUpdater (StateMachineUpdater.java:takeSnapshot(287)) - omNode-1@group-523986131536-StateMachineUpdater: Took a snapshot at index 450
2022-08-10 09:23:30,765 [omNode-1@group-523986131536-StateMachineUpdater] INFO  impl.StateMachineUpdater (StateMachineUpdater.java:lambda$new$0(92)) - omNode-1@group-523986131536-StateMachineUpdater: snapshotIndex: updateIncreasingly 400 -> 450
2022-08-10 09:23:30,765 [omNode-1@group-523986131536-StateMachineUpdater] INFO  raftlog.RaftLog (RaftLogBase.java:purge(308)) - omNode-1@group-523986131536-SegmentedRaftLog: purge 450
2022-08-10 09:23:30,766 [omNode-1@group-523986131536-StateMachineUpdater] INFO  raftlog.RaftLog (RaftLogBase.java:lambda$new$0(53)) - omNode-1@group-523986131536-SegmentedRaftLog: snapshotIndex: updateIncreasingly 400 -> 450
2022-08-10 09:23:30,766 [omNode-1@group-523986131536-StateMachineUpdater] INFO  raftlog.RaftLog (RaftLogBase.java:lambda$new$0(53)) - omNode-1@group-523986131536-SegmentedRaftLog: purgeIndex: updateToMax old=400, new=450, updated? true
2022-08-10 09:23:30,766 [grpc-default-executor-1] WARN  server.GrpcLogAppender (LogUtils.java:warn(122)) - omNode-1@group-523986131536->omNode-3-AppendLogResponseHandler: Failed appendEntries: org.apache.ratis.thirdparty.io.grpc.StatusRuntimeException: UNAVAILABLE: io exception
2022-08-10 09:23:30,766 [grpc-default-executor-1] INFO  leader.FollowerInfo (FollowerInfoImpl.java:lambda$new$0(48)) - omNode-1@group-523986131536->omNode-3: nextIndex: updateUnconditionally 452 -> 45
2022-08-10 09:23:30,767 [grpc-default-executor-1] WARN  server.GrpcLogAppender (LogUtils.java:warn(122)) - omNode-1@group-523986131536->omNode-3-AppendLogResponseHandler: Failed appendEntries: org.apache.ratis.thirdparty.io.grpc.StatusRuntimeException: UNAVAILABLE: io exception
2022-08-10 09:23:30,767 [grpc-default-executor-1] INFO  leader.FollowerInfo (FollowerInfoImpl.java:lambda$new$0(48)) - omNode-1@group-523986131536->omNode-3: nextIndex: updateUnconditionally 452 -> 45
2022-08-10 09:23:30,770 [grpc-default-executor-1] WARN  server.GrpcLogAppender (LogUtils.java:warn(122)) - omNode-1@group-523986131536->omNode-3-AppendLogResponseHandler: Failed appendEntries: org.apache.ratis.thirdparty.io.grpc.StatusRuntimeException: UNAVAILABLE: io exception
2022-08-10 09:23:30,770 [grpc-default-executor-1] INFO  leader.FollowerInfo (FollowerInfoImpl.java:lambda$new$0(48)) - omNode-1@group-523986131536->omNode-3: nextIndex: updateUnconditionally 452 -> 45
2022-08-10 09:23:30,775 [grpc-default-executor-3] WARN  server.GrpcLogAppender (LogUtils.java:warn(122)) - omNode-1@group-523986131536->omNode-3-AppendLogResponseHandler: Failed appendEntries: org.apache.ratis.thirdparty.io.grpc.StatusRuntimeException: UNAVAILABLE: io exception
2022-08-10 09:23:30,776 [grpc-default-executor-3] INFO  leader.FollowerInfo (FollowerInfoImpl.java:lambda$new$0(48)) - omNode-1@group-523986131536->omNode-3: nextIndex: updateUnconditionally 453 -> 45
2022-08-10 09:23:30,778 [grpc-default-executor-1] WARN  server.GrpcLogAppender (LogUtils.java:warn(122)) - omNode-1@group-523986131536->omNode-3-AppendLogResponseHandler: Failed appendEntries: org.apache.ratis.thirdparty.io.grpc.StatusRuntimeException: UNAVAILABLE: io exception
2022-08-10 09:23:30,778 [grpc-default-executor-1] INFO  leader.FollowerInfo (FollowerInfoImpl.java:lambda$new$0(48)) - omNode-1@group-523986131536->omNode-3: nextIndex: updateUnconditionally 454 -> 45
2022-08-10 09:23:30,782 [grpc-default-executor-1] WARN  server.GrpcLogAppender (LogUtils.java:warn(122)) - omNode-1@group-523986131536->omNode-3-AppendLogResponseHandler: Failed appendEntries: org.apache.ratis.thirdparty.io.grpc.StatusRuntimeException: UNAVAILABLE: io exception
2022-08-10 09:23:30,782 [grpc-default-executor-1] INFO  leader.FollowerInfo (FollowerInfoImpl.java:lambda$new$0(48)) - omNode-1@group-523986131536->omNode-3: nextIndex: updateUnconditionally 454 -> 45
2022-08-10 09:23:30,783 [grpc-default-executor-1] WARN  server.GrpcLogAppender (LogUtils.java:warn(122)) - omNode-1@group-523986131536->omNode-3-AppendLogResponseHandler: Failed appendEntries: org.apache.ratis.thirdparty.io.grpc.StatusRuntimeException: UNAVAILABLE: io exception
2022-08-10 09:23:30,783 [grpc-default-executor-1] INFO  leader.FollowerInfo (FollowerInfoImpl.java:lambda$new$0(48)) - omNode-1@group-523986131536->omNode-3: nextIndex: updateUnconditionally 454 -> 45
2022-08-10 09:23:30,796 [grpc-default-executor-3] WARN  server.GrpcLogAppender (LogUtils.java:warn(122)) - omNode-1@group-523986131536->omNode-3-AppendLogResponseHandler: Failed appendEntries: org.apache.ratis.thirdparty.io.grpc.StatusRuntimeException: UNAVAILABLE: io exception
2022-08-10 09:23:30,797 [grpc-default-executor-3] INFO  leader.FollowerInfo (FollowerInfoImpl.java:lambda$new$0(48)) - omNode-1@group-523986131536->omNode-3: nextIndex: updateUnconditionally 455 -> 45
2022-08-10 09:23:30,807 [grpc-default-executor-1] WARN  server.GrpcLogAppender (LogUtils.java:warn(122)) - omNode-1@group-523986131536->omNode-3-AppendLogResponseHandler: Failed appendEntries: org.apache.ratis.thirdparty.io.grpc.StatusRuntimeException: UNAVAILABLE: io exception
2022-08-10 09:23:30,807 [grpc-default-executor-1] INFO  leader.FollowerInfo (FollowerInfoImpl.java:lambda$new$0(48)) - omNode-1@group-523986131536->omNode-3: nextIndex: updateUnconditionally 456 -> 45
2022-08-10 09:23:30,812 [grpc-default-executor-1] WARN  server.GrpcLogAppender (LogUtils.java:warn(122)) - omNode-1@group-523986131536->omNode-3-AppendLogResponseHandler: Failed appendEntries: org.apache.ratis.thirdparty.io.grpc.StatusRuntimeException: UNAVAILABLE: io exception
2022-08-10 09:23:30,813 [grpc-default-executor-1] INFO  leader.FollowerInfo (FollowerInfoImpl.java:lambda$new$0(48)) - omNode-1@group-523986131536->omNode-3: nextIndex: updateUnconditionally 456 -> 45
2022-08-10 09:23:30,813 [grpc-default-executor-1] WARN  server.GrpcLogAppender (LogUtils.java:warn(122)) - omNode-1@group-523986131536->omNode-3-AppendLogResponseHandler: Failed appendEntries: org.apache.ratis.thirdparty.io.grpc.StatusRuntimeException: UNAVAILABLE: io exception
2022-08-10 09:23:30,814 [grpc-default-executor-1] INFO  leader.FollowerInfo (FollowerInfoImpl.java:lambda$new$0(48)) - omNode-1@group-523986131536->omNode-3: nextIndex: updateUnconditionally 456 -> 45
2022-08-10 09:23:30,817 [grpc-default-executor-1] WARN  server.GrpcLogAppender (LogUtils.java:warn(122)) - omNode-1@group-523986131536->omNode-3-AppendLogResponseHandler: Failed appendEntries: org.apache.ratis.thirdparty.io.grpc.StatusRuntimeException: UNAVAILABLE: io exception
2022-08-10 09:23:30,818 [grpc-default-executor-1] INFO  leader.FollowerInfo (FollowerInfoImpl.java:lambda$new$0(48)) - omNode-1@group-523986131536->omNode-3: nextIndex: updateUnconditionally 457 -> 45
2022-08-10 09:23:30,819 [grpc-default-executor-1] WARN  server.GrpcLogAppender (LogUtils.java:warn(122)) - omNode-1@group-523986131536->omNode-3-AppendLogResponseHandler: Failed appendEntries: org.apache.ratis.thirdparty.io.grpc.StatusRuntimeException: UNAVAILABLE: io exception
2022-08-10 09:23:30,820 [grpc-default-executor-1] INFO  leader.FollowerInfo (FollowerInfoImpl.java:lambda$new$0(48)) - omNode-1@group-523986131536->omNode-3: nextIndex: updateUnconditionally 458 -> 45
2022-08-10 09:23:30,827 [grpc-default-executor-1] WARN  server.GrpcLogAppender (LogUtils.java:warn(122)) - omNode-1@group-523986131536->omNode-3-AppendLogResponseHandler: Failed appendEntries: org.apache.ratis.thirdparty.io.grpc.StatusRuntimeException: UNAVAILABLE: io exception
2022-08-10 09:23:30,827 [grpc-default-executor-1] INFO  leader.FollowerInfo (FollowerInfoImpl.java:lambda$new$0(48)) - omNode-1@group-523986131536->omNode-3: nextIndex: updateUnconditionally 458 -> 45
2022-08-10 09:23:30,828 [grpc-default-executor-1] WARN  server.GrpcLogAppender (LogUtils.java:warn(122)) - omNode-1@group-523986131536->omNode-3-AppendLogResponseHandler: Failed appendEntries: org.apache.ratis.thirdparty.io.grpc.StatusRuntimeException: UNAVAILABLE: io exception
2022-08-10 09:23:30,828 [grpc-default-executor-1] INFO  leader.FollowerInfo (FollowerInfoImpl.java:lambda$new$0(48)) - omNode-1@group-523986131536->omNode-3: nextIndex: updateUnconditionally 458 -> 45
2022-08-10 09:23:30,838 [grpc-default-executor-1] WARN  server.GrpcLogAppender (LogUtils.java:warn(122)) - omNode-1@group-523986131536->omNode-3-AppendLogResponseHandler: Failed appendEntries: org.apache.ratis.thirdparty.io.grpc.StatusRuntimeException: UNAVAILABLE: io exception
2022-08-10 09:23:30,838 [grpc-default-executor-1] INFO  leader.FollowerInfo (FollowerInfoImpl.java:lambda$new$0(48)) - omNode-1@group-523986131536->omNode-3: nextIndex: updateUnconditionally 459 -> 45
2022-08-10 09:23:30,852 [omNode-2@group-523986131536-StateMachineUpdater] INFO  ratis.OzoneManagerStateMachine (OzoneManagerStateMachine.java:takeSnapshot(441)) - Current Snapshot Index (t:3, i:457)
2022-08-10 09:23:30,852 [omNode-2@group-523986131536-StateMachineUpdater] INFO  impl.StateMachineUpdater (StateMachineUpdater.java:takeSnapshot(287)) - omNode-2@group-523986131536-StateMachineUpdater: Took a snapshot at index 457
2022-08-10 09:23:30,852 [omNode-2@group-523986131536-StateMachineUpdater] INFO  impl.StateMachineUpdater (StateMachineUpdater.java:lambda$new$0(92)) - omNode-2@group-523986131536-StateMachineUpdater: snapshotIndex: updateIncreasingly 405 -> 457
2022-08-10 09:23:30,852 [omNode-2@group-523986131536-StateMachineUpdater] INFO  raftlog.RaftLog (RaftLogBase.java:purge(308)) - omNode-2@group-523986131536-SegmentedRaftLog: purge 457
2022-08-10 09:23:30,852 [omNode-2@group-523986131536-StateMachineUpdater] INFO  raftlog.RaftLog (RaftLogBase.java:lambda$new$0(53)) - omNode-2@group-523986131536-SegmentedRaftLog: snapshotIndex: updateIncreasingly 405 -> 457
2022-08-10 09:23:30,852 [omNode-2@group-523986131536-StateMachineUpdater] INFO  raftlog.RaftLog (RaftLogBase.java:lambda$new$0(53)) - omNode-2@group-523986131536-SegmentedRaftLog: purgeIndex: updateToMax old=405, new=457, updated? true
2022-08-10 09:23:30,854 [grpc-default-executor-3] WARN  server.GrpcLogAppender (LogUtils.java:warn(122)) - omNode-1@group-523986131536->omNode-3-AppendLogResponseHandler: Failed appendEntries: org.apache.ratis.thirdparty.io.grpc.StatusRuntimeException: UNAVAILABLE: io exception
2022-08-10 09:23:30,855 [grpc-default-executor-3] INFO  leader.FollowerInfo (FollowerInfoImpl.java:lambda$new$0(48)) - omNode-1@group-523986131536->omNode-3: nextIndex: updateUnconditionally 459 -> 45
2022-08-10 09:23:30,911 [grpc-default-executor-3] WARN  server.GrpcLogAppender (LogUtils.java:warn(122)) - omNode-1@group-523986131536->omNode-3-AppendLogResponseHandler: Failed appendEntries: org.apache.ratis.thirdparty.io.grpc.StatusRuntimeException: UNAVAILABLE: io exception
2022-08-10 09:23:30,911 [grpc-default-executor-3] INFO  leader.FollowerInfo (FollowerInfoImpl.java:lambda$new$0(48)) - omNode-1@group-523986131536->omNode-3: nextIndex: updateUnconditionally 459 -> 45
2022-08-10 09:23:30,919 [grpc-default-executor-1] WARN  server.GrpcLogAppender (LogUtils.java:warn(122)) - omNode-1@group-523986131536->omNode-3-AppendLogResponseHandler: Failed appendEntries: org.apache.ratis.thirdparty.io.grpc.StatusRuntimeException: UNAVAILABLE: io exception
2022-08-10 09:23:30,919 [grpc-default-executor-1] INFO  leader.FollowerInfo (FollowerInfoImpl.java:lambda$new$0(48)) - omNode-1@group-523986131536->omNode-3: nextIndex: updateUnconditionally 460 -> 45
2022-08-10 09:23:30,941 [grpc-default-executor-1] WARN  server.GrpcLogAppender (LogUtils.java:warn(122)) - omNode-1@group-523986131536->omNode-3-AppendLogResponseHandler: Failed appendEntries: org.apache.ratis.thirdparty.io.grpc.StatusRuntimeException: UNAVAILABLE: io exception
2022-08-10 09:23:30,941 [grpc-default-executor-1] INFO  leader.FollowerInfo (FollowerInfoImpl.java:lambda$new$0(48)) - omNode-1@group-523986131536->omNode-3: nextIndex: updateUnconditionally 460 -> 45
2022-08-10 09:23:30,948 [grpc-default-executor-3] WARN  server.GrpcLogAppender (LogUtils.java:warn(122)) - omNode-1@group-523986131536->omNode-3-AppendLogResponseHandler: Failed appendEntries: org.apache.ratis.thirdparty.io.grpc.StatusRuntimeException: UNAVAILABLE: io exception
2022-08-10 09:23:30,948 [grpc-default-executor-3] INFO  leader.FollowerInfo (FollowerInfoImpl.java:lambda$new$0(48)) - omNode-1@group-523986131536->omNode-3: nextIndex: updateUnconditionally 461 -> 45
2022-08-10 09:23:30,950 [grpc-default-executor-1] WARN  server.GrpcLogAppender (LogUtils.java:warn(122)) - omNode-1@group-523986131536->omNode-3-AppendLogResponseHandler: Failed appendEntries: org.apache.ratis.thirdparty.io.grpc.StatusRuntimeException: UNAVAILABLE: io exception
2022-08-10 09:23:30,951 [grpc-default-executor-1] INFO  leader.FollowerInfo (FollowerInfoImpl.java:lambda$new$0(48)) - omNode-1@group-523986131536->omNode-3: nextIndex: updateUnconditionally 462 -> 45
2022-08-10 09:23:30,956 [grpc-default-executor-1] WARN  server.GrpcLogAppender (LogUtils.java:warn(122)) - omNode-1@group-523986131536->omNode-3-AppendLogResponseHandler: Failed appendEntries: org.apache.ratis.thirdparty.io.grpc.StatusRuntimeException: UNAVAILABLE: io exception
2022-08-10 09:23:30,956 [grpc-default-executor-1] INFO  leader.FollowerInfo (FollowerInfoImpl.java:lambda$new$0(48)) - omNode-1@group-523986131536->omNode-3: nextIndex: updateUnconditionally 462 -> 45
2022-08-10 09:23:30,963 [grpc-default-executor-2] WARN  server.GrpcLogAppender (LogUtils.java:warn(122)) - omNode-1@group-523986131536->omNode-3-AppendLogResponseHandler: Failed appendEntries: org.apache.ratis.thirdparty.io.grpc.StatusRuntimeException: UNAVAILABLE: io exception
2022-08-10 09:23:30,963 [grpc-default-executor-2] INFO  leader.FollowerInfo (FollowerInfoImpl.java:lambda$new$0(48)) - omNode-1@group-523986131536->omNode-3: nextIndex: updateUnconditionally 463 -> 45
2022-08-10 09:23:30,976 [grpc-default-executor-1] WARN  server.GrpcLogAppender (LogUtils.java:warn(122)) - omNode-1@group-523986131536->omNode-3-AppendLogResponseHandler: Failed appendEntries: org.apache.ratis.thirdparty.io.grpc.StatusRuntimeException: UNAVAILABLE: io exception
2022-08-10 09:23:30,976 [grpc-default-executor-1] INFO  leader.FollowerInfo (FollowerInfoImpl.java:lambda$new$0(48)) - omNode-1@group-523986131536->omNode-3: nextIndex: updateUnconditionally 464 -> 45
2022-08-10 09:23:30,977 [grpc-default-executor-2] WARN  server.GrpcLogAppender (LogUtils.java:warn(122)) - omNode-1@group-523986131536->omNode-3-AppendLogResponseHandler: Failed appendEntries: org.apache.ratis.thirdparty.io.grpc.StatusRuntimeException: UNAVAILABLE: io exception
2022-08-10 09:23:30,978 [grpc-default-executor-2] INFO  leader.FollowerInfo (FollowerInfoImpl.java:lambda$new$0(48)) - omNode-1@group-523986131536->omNode-3: nextIndex: updateUnconditionally 464 -> 45
2022-08-10 09:23:30,985 [grpc-default-executor-2] WARN  server.GrpcLogAppender (LogUtils.java:warn(122)) - omNode-1@group-523986131536->omNode-3-AppendLogResponseHandler: Failed appendEntries: org.apache.ratis.thirdparty.io.grpc.StatusRuntimeException: UNAVAILABLE: io exception
2022-08-10 09:23:30,985 [grpc-default-executor-2] INFO  leader.FollowerInfo (FollowerInfoImpl.java:lambda$new$0(48)) - omNode-1@group-523986131536->omNode-3: nextIndex: updateUnconditionally 465 -> 45
2022-08-10 09:23:30,989 [grpc-default-executor-2] WARN  server.GrpcLogAppender (LogUtils.java:warn(122)) - omNode-1@group-523986131536->omNode-3-AppendLogResponseHandler: Failed appendEntries: org.apache.ratis.thirdparty.io.grpc.StatusRuntimeException: UNAVAILABLE: io exception
2022-08-10 09:23:30,989 [grpc-default-executor-2] INFO  leader.FollowerInfo (FollowerInfoImpl.java:lambda$new$0(48)) - omNode-1@group-523986131536->omNode-3: nextIndex: updateUnconditionally 466 -> 45
2022-08-10 09:23:30,995 [grpc-default-executor-2] WARN  server.GrpcLogAppender (LogUtils.java:warn(122)) - omNode-1@group-523986131536->omNode-3-AppendLogResponseHandler: Failed appendEntries: org.apache.ratis.thirdparty.io.grpc.StatusRuntimeException: UNAVAILABLE: io exception
2022-08-10 09:23:30,995 [grpc-default-executor-2] INFO  leader.FollowerInfo (FollowerInfoImpl.java:lambda$new$0(48)) - omNode-1@group-523986131536->omNode-3: nextIndex: updateUnconditionally 466 -> 45
2022-08-10 09:23:30,996 [grpc-default-executor-2] WARN  server.GrpcLogAppender (LogUtils.java:warn(122)) - omNode-1@group-523986131536->omNode-3-AppendLogResponseHandler: Failed appendEntries: org.apache.ratis.thirdparty.io.grpc.StatusRuntimeException: UNAVAILABLE: io exception
2022-08-10 09:23:30,996 [grpc-default-executor-2] INFO  leader.FollowerInfo (FollowerInfoImpl.java:lambda$new$0(48)) - omNode-1@group-523986131536->omNode-3: nextIndex: updateUnconditionally 466 -> 45
2022-08-10 09:23:31,010 [grpc-default-executor-2] WARN  server.GrpcLogAppender (LogUtils.java:warn(122)) - omNode-1@group-523986131536->omNode-3-AppendLogResponseHandler: Failed appendEntries: org.apache.ratis.thirdparty.io.grpc.StatusRuntimeException: UNAVAILABLE: io exception
2022-08-10 09:23:31,010 [grpc-default-executor-2] INFO  leader.FollowerInfo (FollowerInfoImpl.java:lambda$new$0(48)) - omNode-1@group-523986131536->omNode-3: nextIndex: updateUnconditionally 467 -> 45
2022-08-10 09:23:31,018 [grpc-default-executor-1] WARN  server.GrpcLogAppender (LogUtils.java:warn(122)) - omNode-1@group-523986131536->omNode-3-AppendLogResponseHandler: Failed appendEntries: org.apache.ratis.thirdparty.io.grpc.StatusRuntimeException: UNAVAILABLE: io exception
2022-08-10 09:23:31,018 [grpc-default-executor-1] INFO  leader.FollowerInfo (FollowerInfoImpl.java:lambda$new$0(48)) - omNode-1@group-523986131536->omNode-3: nextIndex: updateUnconditionally 467 -> 45
2022-08-10 09:23:31,019 [grpc-default-executor-1] WARN  server.GrpcLogAppender (LogUtils.java:warn(122)) - omNode-1@group-523986131536->omNode-3-AppendLogResponseHandler: Failed appendEntries: org.apache.ratis.thirdparty.io.grpc.StatusRuntimeException: UNAVAILABLE: io exception
2022-08-10 09:23:31,019 [grpc-default-executor-1] INFO  leader.FollowerInfo (FollowerInfoImpl.java:lambda$new$0(48)) - omNode-1@group-523986131536->omNode-3: nextIndex: updateUnconditionally 467 -> 45
2022-08-10 09:23:31,022 [grpc-default-executor-1] WARN  server.GrpcLogAppender (LogUtils.java:warn(122)) - omNode-1@group-523986131536->omNode-3-AppendLogResponseHandler: Failed appendEntries: org.apache.ratis.thirdparty.io.grpc.StatusRuntimeException: UNAVAILABLE: io exception
2022-08-10 09:23:31,022 [grpc-default-executor-1] INFO  leader.FollowerInfo (FollowerInfoImpl.java:lambda$new$0(48)) - omNode-1@group-523986131536->omNode-3: nextIndex: updateUnconditionally 467 -> 45
2022-08-10 09:23:31,026 [grpc-default-executor-2] WARN  server.GrpcLogAppender (LogUtils.java:warn(122)) - omNode-1@group-523986131536->omNode-3-AppendLogResponseHandler: Failed appendEntries: org.apache.ratis.thirdparty.io.grpc.StatusRuntimeException: UNAVAILABLE: io exception
2022-08-10 09:23:31,026 [grpc-default-executor-2] INFO  leader.FollowerInfo (FollowerInfoImpl.java:lambda$new$0(48)) - omNode-1@group-523986131536->omNode-3: nextIndex: updateUnconditionally 468 -> 45
2022-08-10 09:23:31,035 [grpc-default-executor-2] WARN  server.GrpcLogAppender (LogUtils.java:warn(122)) - omNode-1@group-523986131536->omNode-3-AppendLogResponseHandler: Failed appendEntries: org.apache.ratis.thirdparty.io.grpc.StatusRuntimeException: UNAVAILABLE: io exception
2022-08-10 09:23:31,035 [grpc-default-executor-2] INFO  leader.FollowerInfo (FollowerInfoImpl.java:lambda$new$0(48)) - omNode-1@group-523986131536->omNode-3: nextIndex: updateUnconditionally 468 -> 45
2022-08-10 09:23:31,037 [grpc-default-executor-1] WARN  server.GrpcLogAppender (LogUtils.java:warn(122)) - omNode-1@group-523986131536->omNode-3-AppendLogResponseHandler: Failed appendEntries: org.apache.ratis.thirdparty.io.grpc.StatusRuntimeException: UNAVAILABLE: io exception
2022-08-10 09:23:31,037 [grpc-default-executor-1] INFO  leader.FollowerInfo (FollowerInfoImpl.java:lambda$new$0(48)) - omNode-1@group-523986131536->omNode-3: nextIndex: updateUnconditionally 469 -> 45
2022-08-10 09:23:31,040 [grpc-default-executor-2] WARN  server.GrpcLogAppender (LogUtils.java:warn(122)) - omNode-1@group-523986131536->omNode-3-AppendLogResponseHandler: Failed appendEntries: org.apache.ratis.thirdparty.io.grpc.StatusRuntimeException: UNAVAILABLE: io exception
2022-08-10 09:23:31,040 [grpc-default-executor-2] INFO  leader.FollowerInfo (FollowerInfoImpl.java:lambda$new$0(48)) - omNode-1@group-523986131536->omNode-3: nextIndex: updateUnconditionally 470 -> 45
2022-08-10 09:23:31,043 [grpc-default-executor-2] WARN  server.GrpcLogAppender (LogUtils.java:warn(122)) - omNode-1@group-523986131536->omNode-3-AppendLogResponseHandler: Failed appendEntries: org.apache.ratis.thirdparty.io.grpc.StatusRuntimeException: UNAVAILABLE: io exception
2022-08-10 09:23:31,043 [grpc-default-executor-2] INFO  leader.FollowerInfo (FollowerInfoImpl.java:lambda$new$0(48)) - omNode-1@group-523986131536->omNode-3: nextIndex: updateUnconditionally 470 -> 45
2022-08-10 09:23:31,053 [grpc-default-executor-2] WARN  server.GrpcLogAppender (LogUtils.java:warn(122)) - omNode-1@group-523986131536->omNode-3-AppendLogResponseHandler: Failed appendEntries: org.apache.ratis.thirdparty.io.grpc.StatusRuntimeException: UNAVAILABLE: io exception
2022-08-10 09:23:31,053 [grpc-default-executor-2] INFO  leader.FollowerInfo (FollowerInfoImpl.java:lambda$new$0(48)) - omNode-1@group-523986131536->omNode-3: nextIndex: updateUnconditionally 471 -> 45
2022-08-10 09:23:31,059 [grpc-default-executor-1] WARN  server.GrpcLogAppender (LogUtils.java:warn(122)) - omNode-1@group-523986131536->omNode-3-AppendLogResponseHandler: Failed appendEntries: org.apache.ratis.thirdparty.io.grpc.StatusRuntimeException: UNAVAILABLE: io exception
2022-08-10 09:23:31,059 [grpc-default-executor-1] INFO  leader.FollowerInfo (FollowerInfoImpl.java:lambda$new$0(48)) - omNode-1@group-523986131536->omNode-3: nextIndex: updateUnconditionally 471 -> 45
2022-08-10 09:23:31,060 [grpc-default-executor-1] WARN  server.GrpcLogAppender (LogUtils.java:warn(122)) - omNode-1@group-523986131536->omNode-3-AppendLogResponseHandler: Failed appendEntries: org.apache.ratis.thirdparty.io.grpc.StatusRuntimeException: UNAVAILABLE: io exception
2022-08-10 09:23:31,061 [grpc-default-executor-1] INFO  leader.FollowerInfo (FollowerInfoImpl.java:lambda$new$0(48)) - omNode-1@group-523986131536->omNode-3: nextIndex: updateUnconditionally 471 -> 45
2022-08-10 09:23:31,064 [grpc-default-executor-2] WARN  server.GrpcLogAppender (LogUtils.java:warn(122)) - omNode-1@group-523986131536->omNode-3-AppendLogResponseHandler: Failed appendEntries: org.apache.ratis.thirdparty.io.grpc.StatusRuntimeException: UNAVAILABLE: io exception
2022-08-10 09:23:31,064 [grpc-default-executor-2] INFO  leader.FollowerInfo (FollowerInfoImpl.java:lambda$new$0(48)) - omNode-1@group-523986131536->omNode-3: nextIndex: updateUnconditionally 472 -> 45
2022-08-10 09:23:31,081 [grpc-default-executor-2] WARN  server.GrpcLogAppender (LogUtils.java:warn(122)) - omNode-1@group-523986131536->omNode-3-AppendLogResponseHandler: Failed appendEntries: org.apache.ratis.thirdparty.io.grpc.StatusRuntimeException: UNAVAILABLE: io exception
2022-08-10 09:23:31,081 [grpc-default-executor-2] INFO  leader.FollowerInfo (FollowerInfoImpl.java:lambda$new$0(48)) - omNode-1@group-523986131536->omNode-3: nextIndex: updateUnconditionally 472 -> 45
2022-08-10 09:23:31,084 [grpc-default-executor-1] WARN  server.GrpcLogAppender (LogUtils.java:warn(122)) - omNode-1@group-523986131536->omNode-3-AppendLogResponseHandler: Failed appendEntries: org.apache.ratis.thirdparty.io.grpc.StatusRuntimeException: UNAVAILABLE: io exception
2022-08-10 09:23:31,084 [grpc-default-executor-1] INFO  leader.FollowerInfo (FollowerInfoImpl.java:lambda$new$0(48)) - omNode-1@group-523986131536->omNode-3: nextIndex: updateUnconditionally 473 -> 45
2022-08-10 09:23:31,086 [grpc-default-executor-2] WARN  server.GrpcLogAppender (LogUtils.java:warn(122)) - omNode-1@group-523986131536->omNode-3-AppendLogResponseHandler: Failed appendEntries: org.apache.ratis.thirdparty.io.grpc.StatusRuntimeException: UNAVAILABLE: io exception
2022-08-10 09:23:31,086 [grpc-default-executor-2] INFO  leader.FollowerInfo (FollowerInfoImpl.java:lambda$new$0(48)) - omNode-1@group-523986131536->omNode-3: nextIndex: updateUnconditionally 474 -> 45
2022-08-10 09:23:31,098 [grpc-default-executor-2] WARN  server.GrpcLogAppender (LogUtils.java:warn(122)) - omNode-1@group-523986131536->omNode-3-AppendLogResponseHandler: Failed appendEntries: org.apache.ratis.thirdparty.io.grpc.StatusRuntimeException: UNAVAILABLE: io exception
2022-08-10 09:23:31,098 [grpc-default-executor-2] INFO  leader.FollowerInfo (FollowerInfoImpl.java:lambda$new$0(48)) - omNode-1@group-523986131536->omNode-3: nextIndex: updateUnconditionally 474 -> 45
2022-08-10 09:23:31,099 [grpc-default-executor-2] WARN  server.GrpcLogAppender (LogUtils.java:warn(122)) - omNode-1@group-523986131536->omNode-3-AppendLogResponseHandler: Failed appendEntries: org.apache.ratis.thirdparty.io.grpc.StatusRuntimeException: UNAVAILABLE: io exception
2022-08-10 09:23:31,099 [grpc-default-executor-2] INFO  leader.FollowerInfo (FollowerInfoImpl.java:lambda$new$0(48)) - omNode-1@group-523986131536->omNode-3: nextIndex: updateUnconditionally 474 -> 45
2022-08-10 09:23:31,109 [grpc-default-executor-1] WARN  server.GrpcLogAppender (LogUtils.java:warn(122)) - omNode-1@group-523986131536->omNode-3-AppendLogResponseHandler: Failed appendEntries: org.apache.ratis.thirdparty.io.grpc.StatusRuntimeException: UNAVAILABLE: io exception
2022-08-10 09:23:31,109 [grpc-default-executor-1] INFO  leader.FollowerInfo (FollowerInfoImpl.java:lambda$new$0(48)) - omNode-1@group-523986131536->omNode-3: nextIndex: updateUnconditionally 475 -> 45
2022-08-10 09:23:31,123 [grpc-default-executor-2] WARN  server.GrpcLogAppender (LogUtils.java:warn(122)) - omNode-1@group-523986131536->omNode-3-AppendLogResponseHandler: Failed appendEntries: org.apache.ratis.thirdparty.io.grpc.StatusRuntimeException: UNAVAILABLE: io exception
2022-08-10 09:23:31,123 [grpc-default-executor-2] INFO  leader.FollowerInfo (FollowerInfoImpl.java:lambda$new$0(48)) - omNode-1@group-523986131536->omNode-3: nextIndex: updateUnconditionally 475 -> 45
2022-08-10 09:23:31,125 [grpc-default-executor-2] WARN  server.GrpcLogAppender (LogUtils.java:warn(122)) - omNode-1@group-523986131536->omNode-3-AppendLogResponseHandler: Failed appendEntries: org.apache.ratis.thirdparty.io.grpc.StatusRuntimeException: UNAVAILABLE: io exception
2022-08-10 09:23:31,125 [grpc-default-executor-2] INFO  leader.FollowerInfo (FollowerInfoImpl.java:lambda$new$0(48)) - omNode-1@group-523986131536->omNode-3: nextIndex: updateUnconditionally 476 -> 45
2022-08-10 09:23:31,131 [grpc-default-executor-2] WARN  server.GrpcLogAppender (LogUtils.java:warn(122)) - omNode-1@group-523986131536->omNode-3-AppendLogResponseHandler: Failed appendEntries: org.apache.ratis.thirdparty.io.grpc.StatusRuntimeException: UNAVAILABLE: io exception
2022-08-10 09:23:31,132 [grpc-default-executor-2] INFO  leader.FollowerInfo (FollowerInfoImpl.java:lambda$new$0(48)) - omNode-1@group-523986131536->omNode-3: nextIndex: updateUnconditionally 476 -> 45
2022-08-10 09:23:31,135 [grpc-default-executor-2] WARN  server.GrpcLogAppender (LogUtils.java:warn(122)) - omNode-1@group-523986131536->omNode-3-AppendLogResponseHandler: Failed appendEntries: org.apache.ratis.thirdparty.io.grpc.StatusRuntimeException: UNAVAILABLE: io exception
2022-08-10 09:23:31,136 [grpc-default-executor-2] INFO  leader.FollowerInfo (FollowerInfoImpl.java:lambda$new$0(48)) - omNode-1@group-523986131536->omNode-3: nextIndex: updateUnconditionally 477 -> 45
2022-08-10 09:23:31,142 [grpc-default-executor-2] WARN  server.GrpcLogAppender (LogUtils.java:warn(122)) - omNode-1@group-523986131536->omNode-3-AppendLogResponseHandler: Failed appendEntries: org.apache.ratis.thirdparty.io.grpc.StatusRuntimeException: UNAVAILABLE: io exception
2022-08-10 09:23:31,142 [grpc-default-executor-2] INFO  leader.FollowerInfo (FollowerInfoImpl.java:lambda$new$0(48)) - omNode-1@group-523986131536->omNode-3: nextIndex: updateUnconditionally 478 -> 45
2022-08-10 09:23:31,144 [grpc-default-executor-2] WARN  server.GrpcLogAppender (LogUtils.java:warn(122)) - omNode-1@group-523986131536->omNode-3-AppendLogResponseHandler: Failed appendEntries: org.apache.ratis.thirdparty.io.grpc.StatusRuntimeException: UNAVAILABLE: io exception
2022-08-10 09:23:31,144 [grpc-default-executor-2] INFO  leader.FollowerInfo (FollowerInfoImpl.java:lambda$new$0(48)) - omNode-1@group-523986131536->omNode-3: nextIndex: updateUnconditionally 479 -> 45
2022-08-10 09:23:31,162 [grpc-default-executor-2] WARN  server.GrpcLogAppender (LogUtils.java:warn(122)) - omNode-1@group-523986131536->omNode-3-AppendLogResponseHandler: Failed appendEntries: org.apache.ratis.thirdparty.io.grpc.StatusRuntimeException: UNAVAILABLE: io exception
2022-08-10 09:23:31,162 [grpc-default-executor-2] INFO  leader.FollowerInfo (FollowerInfoImpl.java:lambda$new$0(48)) - omNode-1@group-523986131536->omNode-3: nextIndex: updateUnconditionally 479 -> 45
2022-08-10 09:23:31,163 [grpc-default-executor-2] WARN  server.GrpcLogAppender (LogUtils.java:warn(122)) - omNode-1@group-523986131536->omNode-3-AppendLogResponseHandler: Failed appendEntries: org.apache.ratis.thirdparty.io.grpc.StatusRuntimeException: UNAVAILABLE: io exception
2022-08-10 09:23:31,163 [grpc-default-executor-2] INFO  leader.FollowerInfo (FollowerInfoImpl.java:lambda$new$0(48)) - omNode-1@group-523986131536->omNode-3: nextIndex: updateUnconditionally 479 -> 45
2022-08-10 09:23:31,172 [grpc-default-executor-1] WARN  server.GrpcLogAppender (LogUtils.java:warn(122)) - omNode-1@group-523986131536->omNode-3-AppendLogResponseHandler: Failed appendEntries: org.apache.ratis.thirdparty.io.grpc.StatusRuntimeException: UNAVAILABLE: io exception
2022-08-10 09:23:31,172 [grpc-default-executor-1] INFO  leader.FollowerInfo (FollowerInfoImpl.java:lambda$new$0(48)) - omNode-1@group-523986131536->omNode-3: nextIndex: updateUnconditionally 480 -> 45
2022-08-10 09:23:31,182 [grpc-default-executor-1] WARN  server.GrpcLogAppender (LogUtils.java:warn(122)) - omNode-1@group-523986131536->omNode-3-AppendLogResponseHandler: Failed appendEntries: org.apache.ratis.thirdparty.io.grpc.StatusRuntimeException: UNAVAILABLE: io exception
2022-08-10 09:23:31,183 [grpc-default-executor-1] INFO  leader.FollowerInfo (FollowerInfoImpl.java:lambda$new$0(48)) - omNode-1@group-523986131536->omNode-3: nextIndex: updateUnconditionally 480 -> 45
2022-08-10 09:23:31,185 [grpc-default-executor-1] WARN  server.GrpcLogAppender (LogUtils.java:warn(122)) - omNode-1@group-523986131536->omNode-3-AppendLogResponseHandler: Failed appendEntries: org.apache.ratis.thirdparty.io.grpc.StatusRuntimeException: UNAVAILABLE: io exception
2022-08-10 09:23:31,185 [grpc-default-executor-1] INFO  leader.FollowerInfo (FollowerInfoImpl.java:lambda$new$0(48)) - omNode-1@group-523986131536->omNode-3: nextIndex: updateUnconditionally 481 -> 45
2022-08-10 09:23:31,188 [grpc-default-executor-1] WARN  server.GrpcLogAppender (LogUtils.java:warn(122)) - omNode-1@group-523986131536->omNode-3-AppendLogResponseHandler: Failed appendEntries: org.apache.ratis.thirdparty.io.grpc.StatusRuntimeException: UNAVAILABLE: io exception
2022-08-10 09:23:31,188 [grpc-default-executor-1] INFO  leader.FollowerInfo (FollowerInfoImpl.java:lambda$new$0(48)) - omNode-1@group-523986131536->omNode-3: nextIndex: updateUnconditionally 482 -> 45
2022-08-10 09:23:31,196 [grpc-default-executor-1] WARN  server.GrpcLogAppender (LogUtils.java:warn(122)) - omNode-1@group-523986131536->omNode-3-AppendLogResponseHandler: Failed appendEntries: org.apache.ratis.thirdparty.io.grpc.StatusRuntimeException: UNAVAILABLE: io exception
2022-08-10 09:23:31,197 [grpc-default-executor-1] INFO  leader.FollowerInfo (FollowerInfoImpl.java:lambda$new$0(48)) - omNode-1@group-523986131536->omNode-3: nextIndex: updateUnconditionally 482 -> 45
2022-08-10 09:23:31,205 [grpc-default-executor-1] WARN  server.GrpcLogAppender (LogUtils.java:warn(122)) - omNode-1@group-523986131536->omNode-3-AppendLogResponseHandler: Failed appendEntries: org.apache.ratis.thirdparty.io.grpc.StatusRuntimeException: UNAVAILABLE: io exception
2022-08-10 09:23:31,205 [grpc-default-executor-1] INFO  leader.FollowerInfo (FollowerInfoImpl.java:lambda$new$0(48)) - omNode-1@group-523986131536->omNode-3: nextIndex: updateUnconditionally 483 -> 45
2022-08-10 09:23:31,218 [grpc-default-executor-1] WARN  server.GrpcLogAppender (LogUtils.java:warn(122)) - omNode-1@group-523986131536->omNode-3-AppendLogResponseHandler: Failed appendEntries: org.apache.ratis.thirdparty.io.grpc.StatusRuntimeException: UNAVAILABLE: io exception
2022-08-10 09:23:31,218 [grpc-default-executor-1] INFO  leader.FollowerInfo (FollowerInfoImpl.java:lambda$new$0(48)) - omNode-1@group-523986131536->omNode-3: nextIndex: updateUnconditionally 483 -> 45
2022-08-10 09:23:31,219 [grpc-default-executor-1] WARN  server.GrpcLogAppender (LogUtils.java:warn(122)) - omNode-1@group-523986131536->omNode-3-AppendLogResponseHandler: Failed appendEntries: org.apache.ratis.thirdparty.io.grpc.StatusRuntimeException: UNAVAILABLE: io exception
2022-08-10 09:23:31,219 [grpc-default-executor-1] INFO  leader.FollowerInfo (FollowerInfoImpl.java:lambda$new$0(48)) - omNode-1@group-523986131536->omNode-3: nextIndex: updateUnconditionally 483 -> 45
2022-08-10 09:23:31,230 [grpc-default-executor-2] WARN  server.GrpcLogAppender (LogUtils.java:warn(122)) - omNode-1@group-523986131536->omNode-3-AppendLogResponseHandler: Failed appendEntries: org.apache.ratis.thirdparty.io.grpc.StatusRuntimeException: UNAVAILABLE: io exception
2022-08-10 09:23:31,231 [grpc-default-executor-2] INFO  leader.FollowerInfo (FollowerInfoImpl.java:lambda$new$0(48)) - omNode-1@group-523986131536->omNode-3: nextIndex: updateUnconditionally 484 -> 45
2022-08-10 09:23:31,238 [grpc-default-executor-2] WARN  server.GrpcLogAppender (LogUtils.java:warn(122)) - omNode-1@group-523986131536->omNode-3-AppendLogResponseHandler: Failed appendEntries: org.apache.ratis.thirdparty.io.grpc.StatusRuntimeException: UNAVAILABLE: io exception
2022-08-10 09:23:31,238 [grpc-default-executor-2] INFO  leader.FollowerInfo (FollowerInfoImpl.java:lambda$new$0(48)) - omNode-1@group-523986131536->omNode-3: nextIndex: updateUnconditionally 484 -> 45
2022-08-10 09:23:31,242 [grpc-default-executor-1] WARN  server.GrpcLogAppender (LogUtils.java:warn(122)) - omNode-1@group-523986131536->omNode-3-AppendLogResponseHandler: Failed appendEntries: org.apache.ratis.thirdparty.io.grpc.StatusRuntimeException: UNAVAILABLE: io exception
2022-08-10 09:23:31,242 [grpc-default-executor-1] INFO  leader.FollowerInfo (FollowerInfoImpl.java:lambda$new$0(48)) - omNode-1@group-523986131536->omNode-3: nextIndex: updateUnconditionally 485 -> 45
2022-08-10 09:23:31,245 [grpc-default-executor-2] WARN  server.GrpcLogAppender (LogUtils.java:warn(122)) - omNode-1@group-523986131536->omNode-3-AppendLogResponseHandler: Failed appendEntries: org.apache.ratis.thirdparty.io.grpc.StatusRuntimeException: UNAVAILABLE: io exception
2022-08-10 09:23:31,245 [grpc-default-executor-2] INFO  leader.FollowerInfo (FollowerInfoImpl.java:lambda$new$0(48)) - omNode-1@group-523986131536->omNode-3: nextIndex: updateUnconditionally 486 -> 45
2022-08-10 09:23:31,248 [grpc-default-executor-2] WARN  server.GrpcLogAppender (LogUtils.java:warn(122)) - omNode-1@group-523986131536->omNode-3-AppendLogResponseHandler: Failed appendEntries: org.apache.ratis.thirdparty.io.grpc.StatusRuntimeException: UNAVAILABLE: io exception
2022-08-10 09:23:31,249 [grpc-default-executor-2] INFO  leader.FollowerInfo (FollowerInfoImpl.java:lambda$new$0(48)) - omNode-1@group-523986131536->omNode-3: nextIndex: updateUnconditionally 486 -> 45
2022-08-10 09:23:31,250 [grpc-default-executor-2] WARN  server.GrpcLogAppender (LogUtils.java:warn(122)) - omNode-1@group-523986131536->omNode-3-AppendLogResponseHandler: Failed appendEntries: org.apache.ratis.thirdparty.io.grpc.StatusRuntimeException: UNAVAILABLE: io exception
2022-08-10 09:23:31,250 [grpc-default-executor-2] INFO  leader.FollowerInfo (FollowerInfoImpl.java:lambda$new$0(48)) - omNode-1@group-523986131536->omNode-3: nextIndex: updateUnconditionally 486 -> 45
2022-08-10 09:23:31,260 [grpc-default-executor-1] WARN  server.GrpcLogAppender (LogUtils.java:warn(122)) - omNode-1@group-523986131536->omNode-3-AppendLogResponseHandler: Failed appendEntries: org.apache.ratis.thirdparty.io.grpc.StatusRuntimeException: UNAVAILABLE: io exception
2022-08-10 09:23:31,260 [grpc-default-executor-1] INFO  leader.FollowerInfo (FollowerInfoImpl.java:lambda$new$0(48)) - omNode-1@group-523986131536->omNode-3: nextIndex: updateUnconditionally 487 -> 45
2022-08-10 09:23:31,266 [grpc-default-executor-1] WARN  server.GrpcLogAppender (LogUtils.java:warn(122)) - omNode-1@group-523986131536->omNode-3-AppendLogResponseHandler: Failed appendEntries: org.apache.ratis.thirdparty.io.grpc.StatusRuntimeException: UNAVAILABLE: io exception
2022-08-10 09:23:31,266 [grpc-default-executor-1] INFO  leader.FollowerInfo (FollowerInfoImpl.java:lambda$new$0(48)) - omNode-1@group-523986131536->omNode-3: nextIndex: updateUnconditionally 487 -> 45
2022-08-10 09:23:31,268 [grpc-default-executor-2] WARN  server.GrpcLogAppender (LogUtils.java:warn(122)) - omNode-1@group-523986131536->omNode-3-AppendLogResponseHandler: Failed appendEntries: org.apache.ratis.thirdparty.io.grpc.StatusRuntimeException: UNAVAILABLE: io exception
2022-08-10 09:23:31,268 [grpc-default-executor-2] INFO  leader.FollowerInfo (FollowerInfoImpl.java:lambda$new$0(48)) - omNode-1@group-523986131536->omNode-3: nextIndex: updateUnconditionally 487 -> 45
2022-08-10 09:23:31,273 [grpc-default-executor-2] WARN  server.GrpcLogAppender (LogUtils.java:warn(122)) - omNode-1@group-523986131536->omNode-3-AppendLogResponseHandler: Failed appendEntries: org.apache.ratis.thirdparty.io.grpc.StatusRuntimeException: UNAVAILABLE: io exception
2022-08-10 09:23:31,273 [grpc-default-executor-2] INFO  leader.FollowerInfo (FollowerInfoImpl.java:lambda$new$0(48)) - omNode-1@group-523986131536->omNode-3: nextIndex: updateUnconditionally 487 -> 45
2022-08-10 09:23:31,292 [grpc-default-executor-1] WARN  server.GrpcLogAppender (LogUtils.java:warn(122)) - omNode-1@group-523986131536->omNode-3-AppendLogResponseHandler: Failed appendEntries: org.apache.ratis.thirdparty.io.grpc.StatusRuntimeException: UNAVAILABLE: io exception
2022-08-10 09:23:31,292 [grpc-default-executor-1] INFO  leader.FollowerInfo (FollowerInfoImpl.java:lambda$new$0(48)) - omNode-1@group-523986131536->omNode-3: nextIndex: updateUnconditionally 488 -> 45
2022-08-10 09:23:31,297 [grpc-default-executor-2] WARN  server.GrpcLogAppender (LogUtils.java:warn(122)) - omNode-1@group-523986131536->omNode-3-AppendLogResponseHandler: Failed appendEntries: org.apache.ratis.thirdparty.io.grpc.StatusRuntimeException: UNAVAILABLE: io exception
2022-08-10 09:23:31,297 [grpc-default-executor-2] INFO  leader.FollowerInfo (FollowerInfoImpl.java:lambda$new$0(48)) - omNode-1@group-523986131536->omNode-3: nextIndex: updateUnconditionally 488 -> 45
2022-08-10 09:23:31,301 [grpc-default-executor-1] WARN  server.GrpcLogAppender (LogUtils.java:warn(122)) - omNode-1@group-523986131536->omNode-3-AppendLogResponseHandler: Failed appendEntries: org.apache.ratis.thirdparty.io.grpc.StatusRuntimeException: UNAVAILABLE: io exception
2022-08-10 09:23:31,301 [grpc-default-executor-1] INFO  leader.FollowerInfo (FollowerInfoImpl.java:lambda$new$0(48)) - omNode-1@group-523986131536->omNode-3: nextIndex: updateUnconditionally 489 -> 45
2022-08-10 09:23:31,303 [grpc-default-executor-2] WARN  server.GrpcLogAppender (LogUtils.java:warn(122)) - omNode-1@group-523986131536->omNode-3-AppendLogResponseHandler: Failed appendEntries: org.apache.ratis.thirdparty.io.grpc.StatusRuntimeException: UNAVAILABLE: io exception
2022-08-10 09:23:31,304 [grpc-default-executor-2] INFO  leader.FollowerInfo (FollowerInfoImpl.java:lambda$new$0(48)) - omNode-1@group-523986131536->omNode-3: nextIndex: updateUnconditionally 490 -> 45
2022-08-10 09:23:31,310 [grpc-default-executor-2] WARN  server.GrpcLogAppender (LogUtils.java:warn(122)) - omNode-1@group-523986131536->omNode-3-AppendLogResponseHandler: Failed appendEntries: org.apache.ratis.thirdparty.io.grpc.StatusRuntimeException: UNAVAILABLE: io exception
2022-08-10 09:23:31,311 [grpc-default-executor-2] INFO  leader.FollowerInfo (FollowerInfoImpl.java:lambda$new$0(48)) - omNode-1@group-523986131536->omNode-3: nextIndex: updateUnconditionally 490 -> 45
2022-08-10 09:23:31,312 [grpc-default-executor-2] WARN  server.GrpcLogAppender (LogUtils.java:warn(122)) - omNode-1@group-523986131536->omNode-3-AppendLogResponseHandler: Failed appendEntries: org.apache.ratis.thirdparty.io.grpc.StatusRuntimeException: UNAVAILABLE: io exception
2022-08-10 09:23:31,312 [grpc-default-executor-2] INFO  leader.FollowerInfo (FollowerInfoImpl.java:lambda$new$0(48)) - omNode-1@group-523986131536->omNode-3: nextIndex: updateUnconditionally 490 -> 45
2022-08-10 09:23:31,325 [grpc-default-executor-2] WARN  server.GrpcLogAppender (LogUtils.java:warn(122)) - omNode-1@group-523986131536->omNode-3-AppendLogResponseHandler: Failed appendEntries: org.apache.ratis.thirdparty.io.grpc.StatusRuntimeException: UNAVAILABLE: io exception
2022-08-10 09:23:31,325 [grpc-default-executor-2] INFO  leader.FollowerInfo (FollowerInfoImpl.java:lambda$new$0(48)) - omNode-1@group-523986131536->omNode-3: nextIndex: updateUnconditionally 491 -> 45
2022-08-10 09:23:31,332 [grpc-default-executor-3] WARN  server.GrpcLogAppender (LogUtils.java:warn(122)) - omNode-1@group-523986131536->omNode-3-AppendLogResponseHandler: Failed appendEntries: org.apache.ratis.thirdparty.io.grpc.StatusRuntimeException: UNAVAILABLE: io exception
2022-08-10 09:23:31,332 [grpc-default-executor-3] INFO  leader.FollowerInfo (FollowerInfoImpl.java:lambda$new$0(48)) - omNode-1@group-523986131536->omNode-3: nextIndex: updateUnconditionally 491 -> 45
2022-08-10 09:23:31,335 [grpc-default-executor-2] WARN  server.GrpcLogAppender (LogUtils.java:warn(122)) - omNode-1@group-523986131536->omNode-3-AppendLogResponseHandler: Failed appendEntries: org.apache.ratis.thirdparty.io.grpc.StatusRuntimeException: UNAVAILABLE: io exception
2022-08-10 09:23:31,335 [grpc-default-executor-2] INFO  leader.FollowerInfo (FollowerInfoImpl.java:lambda$new$0(48)) - omNode-1@group-523986131536->omNode-3: nextIndex: updateUnconditionally 492 -> 45
2022-08-10 09:23:31,345 [grpc-default-executor-2] WARN  server.GrpcLogAppender (LogUtils.java:warn(122)) - omNode-1@group-523986131536->omNode-3-AppendLogResponseHandler: Failed appendEntries: org.apache.ratis.thirdparty.io.grpc.StatusRuntimeException: UNAVAILABLE: io exception
2022-08-10 09:23:31,345 [grpc-default-executor-2] INFO  leader.FollowerInfo (FollowerInfoImpl.java:lambda$new$0(48)) - omNode-1@group-523986131536->omNode-3: nextIndex: updateUnconditionally 492 -> 45
2022-08-10 09:23:31,346 [grpc-default-executor-2] WARN  server.GrpcLogAppender (LogUtils.java:warn(122)) - omNode-1@group-523986131536->omNode-3-AppendLogResponseHandler: Failed appendEntries: org.apache.ratis.thirdparty.io.grpc.StatusRuntimeException: UNAVAILABLE: io exception
2022-08-10 09:23:31,347 [grpc-default-executor-2] INFO  leader.FollowerInfo (FollowerInfoImpl.java:lambda$new$0(48)) - omNode-1@group-523986131536->omNode-3: nextIndex: updateUnconditionally 493 -> 45
2022-08-10 09:23:31,353 [grpc-default-executor-2] WARN  server.GrpcLogAppender (LogUtils.java:warn(122)) - omNode-1@group-523986131536->omNode-3-AppendLogResponseHandler: Failed appendEntries: org.apache.ratis.thirdparty.io.grpc.StatusRuntimeException: UNAVAILABLE: io exception
2022-08-10 09:23:31,353 [grpc-default-executor-2] INFO  leader.FollowerInfo (FollowerInfoImpl.java:lambda$new$0(48)) - omNode-1@group-523986131536->omNode-3: nextIndex: updateUnconditionally 494 -> 45
2022-08-10 09:23:31,364 [grpc-default-executor-2] WARN  server.GrpcLogAppender (LogUtils.java:warn(122)) - omNode-1@group-523986131536->omNode-3-AppendLogResponseHandler: Failed appendEntries: org.apache.ratis.thirdparty.io.grpc.StatusRuntimeException: UNAVAILABLE: io exception
2022-08-10 09:23:31,364 [grpc-default-executor-2] INFO  leader.FollowerInfo (FollowerInfoImpl.java:lambda$new$0(48)) - omNode-1@group-523986131536->omNode-3: nextIndex: updateUnconditionally 494 -> 45
2022-08-10 09:23:31,365 [grpc-default-executor-2] WARN  server.GrpcLogAppender (LogUtils.java:warn(122)) - omNode-1@group-523986131536->omNode-3-AppendLogResponseHandler: Failed appendEntries: org.apache.ratis.thirdparty.io.grpc.StatusRuntimeException: UNAVAILABLE: io exception
2022-08-10 09:23:31,365 [grpc-default-executor-2] INFO  leader.FollowerInfo (FollowerInfoImpl.java:lambda$new$0(48)) - omNode-1@group-523986131536->omNode-3: nextIndex: updateUnconditionally 494 -> 45
2022-08-10 09:23:31,368 [grpc-default-executor-2] WARN  server.GrpcLogAppender (LogUtils.java:warn(122)) - omNode-1@group-523986131536->omNode-3-AppendLogResponseHandler: Failed appendEntries: org.apache.ratis.thirdparty.io.grpc.StatusRuntimeException: UNAVAILABLE: io exception
2022-08-10 09:23:31,368 [grpc-default-executor-2] INFO  leader.FollowerInfo (FollowerInfoImpl.java:lambda$new$0(48)) - omNode-1@group-523986131536->omNode-3: nextIndex: updateUnconditionally 495 -> 45
2022-08-10 09:23:31,380 [grpc-default-executor-2] WARN  server.GrpcLogAppender (LogUtils.java:warn(122)) - omNode-1@group-523986131536->omNode-3-AppendLogResponseHandler: Failed appendEntries: org.apache.ratis.thirdparty.io.grpc.StatusRuntimeException: UNAVAILABLE: io exception
2022-08-10 09:23:31,380 [grpc-default-executor-2] INFO  leader.FollowerInfo (FollowerInfoImpl.java:lambda$new$0(48)) - omNode-1@group-523986131536->omNode-3: nextIndex: updateUnconditionally 495 -> 45
2022-08-10 09:23:31,381 [grpc-default-executor-2] WARN  server.GrpcLogAppender (LogUtils.java:warn(122)) - omNode-1@group-523986131536->omNode-3-AppendLogResponseHandler: Failed appendEntries: org.apache.ratis.thirdparty.io.grpc.StatusRuntimeException: UNAVAILABLE: io exception
2022-08-10 09:23:31,381 [grpc-default-executor-2] INFO  leader.FollowerInfo (FollowerInfoImpl.java:lambda$new$0(48)) - omNode-1@group-523986131536->omNode-3: nextIndex: updateUnconditionally 495 -> 45
2022-08-10 09:23:31,385 [EndpointStateMachine task thread for /0.0.0.0:42301 - 0 ] INFO  ipc.Client (Client.java:handleConnectionFailure(977)) - Retrying connect to server: 0.0.0.0/0.0.0.0:42301. Already tried 10 time(s); retry policy is RetryUpToMaximumCountWithFixedSleep(maxRetries=15, sleepTime=1000 MILLISECONDS)
2022-08-10 09:23:31,393 [grpc-default-executor-3] WARN  server.GrpcLogAppender (LogUtils.java:warn(122)) - omNode-1@group-523986131536->omNode-3-AppendLogResponseHandler: Failed appendEntries: org.apache.ratis.thirdparty.io.grpc.StatusRuntimeException: UNAVAILABLE: io exception
2022-08-10 09:23:31,393 [grpc-default-executor-3] INFO  leader.FollowerInfo (FollowerInfoImpl.java:lambda$new$0(48)) - omNode-1@group-523986131536->omNode-3: nextIndex: updateUnconditionally 496 -> 45
2022-08-10 09:23:31,405 [grpc-default-executor-3] WARN  server.GrpcLogAppender (LogUtils.java:warn(122)) - omNode-1@group-523986131536->omNode-3-AppendLogResponseHandler: Failed appendEntries: org.apache.ratis.thirdparty.io.grpc.StatusRuntimeException: UNAVAILABLE: io exception
2022-08-10 09:23:31,405 [grpc-default-executor-3] INFO  leader.FollowerInfo (FollowerInfoImpl.java:lambda$new$0(48)) - omNode-1@group-523986131536->omNode-3: nextIndex: updateUnconditionally 496 -> 45
2022-08-10 09:23:31,407 [grpc-default-executor-2] WARN  server.GrpcLogAppender (LogUtils.java:warn(122)) - omNode-1@group-523986131536->omNode-3-AppendLogResponseHandler: Failed appendEntries: org.apache.ratis.thirdparty.io.grpc.StatusRuntimeException: UNAVAILABLE: io exception
2022-08-10 09:23:31,407 [grpc-default-executor-2] INFO  leader.FollowerInfo (FollowerInfoImpl.java:lambda$new$0(48)) - omNode-1@group-523986131536->omNode-3: nextIndex: updateUnconditionally 497 -> 45
2022-08-10 09:23:31,413 [grpc-default-executor-3] WARN  server.GrpcLogAppender (LogUtils.java:warn(122)) - omNode-1@group-523986131536->omNode-3-AppendLogResponseHandler: Failed appendEntries: org.apache.ratis.thirdparty.io.grpc.StatusRuntimeException: UNAVAILABLE: io exception
2022-08-10 09:23:31,414 [grpc-default-executor-3] INFO  leader.FollowerInfo (FollowerInfoImpl.java:lambda$new$0(48)) - omNode-1@group-523986131536->omNode-3: nextIndex: updateUnconditionally 498 -> 45
2022-08-10 09:23:31,426 [grpc-default-executor-3] WARN  server.GrpcLogAppender (LogUtils.java:warn(122)) - omNode-1@group-523986131536->omNode-3-AppendLogResponseHandler: Failed appendEntries: org.apache.ratis.thirdparty.io.grpc.StatusRuntimeException: UNAVAILABLE: io exception
2022-08-10 09:23:31,426 [grpc-default-executor-3] INFO  leader.FollowerInfo (FollowerInfoImpl.java:lambda$new$0(48)) - omNode-1@group-523986131536->omNode-3: nextIndex: updateUnconditionally 498 -> 45
2022-08-10 09:23:31,427 [grpc-default-executor-3] WARN  server.GrpcLogAppender (LogUtils.java:warn(122)) - omNode-1@group-523986131536->omNode-3-AppendLogResponseHandler: Failed appendEntries: org.apache.ratis.thirdparty.io.grpc.StatusRuntimeException: UNAVAILABLE: io exception
2022-08-10 09:23:31,427 [grpc-default-executor-3] INFO  leader.FollowerInfo (FollowerInfoImpl.java:lambda$new$0(48)) - omNode-1@group-523986131536->omNode-3: nextIndex: updateUnconditionally 498 -> 45
2022-08-10 09:23:31,440 [grpc-default-executor-3] WARN  server.GrpcLogAppender (LogUtils.java:warn(122)) - omNode-1@group-523986131536->omNode-3-AppendLogResponseHandler: Failed appendEntries: org.apache.ratis.thirdparty.io.grpc.StatusRuntimeException: UNAVAILABLE: io exception
2022-08-10 09:23:31,440 [grpc-default-executor-3] INFO  leader.FollowerInfo (FollowerInfoImpl.java:lambda$new$0(48)) - omNode-1@group-523986131536->omNode-3: nextIndex: updateUnconditionally 499 -> 45
2022-08-10 09:23:31,453 [grpc-default-executor-3] WARN  server.GrpcLogAppender (LogUtils.java:warn(122)) - omNode-1@group-523986131536->omNode-3-AppendLogResponseHandler: Failed appendEntries: org.apache.ratis.thirdparty.io.grpc.StatusRuntimeException: UNAVAILABLE: io exception
2022-08-10 09:23:31,453 [grpc-default-executor-3] INFO  leader.FollowerInfo (FollowerInfoImpl.java:lambda$new$0(48)) - omNode-1@group-523986131536->omNode-3: nextIndex: updateUnconditionally 499 -> 45
2022-08-10 09:23:31,454 [grpc-default-executor-3] WARN  server.GrpcLogAppender (LogUtils.java:warn(122)) - omNode-1@group-523986131536->omNode-3-AppendLogResponseHandler: Failed appendEntries: org.apache.ratis.thirdparty.io.grpc.StatusRuntimeException: UNAVAILABLE: io exception
2022-08-10 09:23:31,454 [grpc-default-executor-3] INFO  leader.FollowerInfo (FollowerInfoImpl.java:lambda$new$0(48)) - omNode-1@group-523986131536->omNode-3: nextIndex: updateUnconditionally 499 -> 45
2022-08-10 09:23:31,460 [grpc-default-executor-2] WARN  server.GrpcLogAppender (LogUtils.java:warn(122)) - omNode-1@group-523986131536->omNode-3-AppendLogResponseHandler: Failed appendEntries: org.apache.ratis.thirdparty.io.grpc.StatusRuntimeException: UNAVAILABLE: io exception
2022-08-10 09:23:31,461 [grpc-default-executor-2] INFO  leader.FollowerInfo (FollowerInfoImpl.java:lambda$new$0(48)) - omNode-1@group-523986131536->omNode-3: nextIndex: updateUnconditionally 500 -> 45
2022-08-10 09:23:31,466 [grpc-default-executor-2] WARN  server.GrpcLogAppender (LogUtils.java:warn(122)) - omNode-1@group-523986131536->omNode-3-AppendLogResponseHandler: Failed appendEntries: org.apache.ratis.thirdparty.io.grpc.StatusRuntimeException: UNAVAILABLE: io exception
2022-08-10 09:23:31,466 [grpc-default-executor-2] INFO  leader.FollowerInfo (FollowerInfoImpl.java:lambda$new$0(48)) - omNode-1@group-523986131536->omNode-3: nextIndex: updateUnconditionally 500 -> 45
2022-08-10 09:23:31,468 [grpc-default-executor-2] WARN  server.GrpcLogAppender (LogUtils.java:warn(122)) - omNode-1@group-523986131536->omNode-3-AppendLogResponseHandler: Failed appendEntries: org.apache.ratis.thirdparty.io.grpc.StatusRuntimeException: UNAVAILABLE: io exception
2022-08-10 09:23:31,468 [grpc-default-executor-2] INFO  leader.FollowerInfo (FollowerInfoImpl.java:lambda$new$0(48)) - omNode-1@group-523986131536->omNode-3: nextIndex: updateUnconditionally 501 -> 45
2022-08-10 09:23:31,471 [grpc-default-executor-2] WARN  server.GrpcLogAppender (LogUtils.java:warn(122)) - omNode-1@group-523986131536->omNode-3-AppendLogResponseHandler: Failed appendEntries: org.apache.ratis.thirdparty.io.grpc.StatusRuntimeException: UNAVAILABLE: io exception
2022-08-10 09:23:31,471 [grpc-default-executor-2] INFO  leader.FollowerInfo (FollowerInfoImpl.java:lambda$new$0(48)) - omNode-1@group-523986131536->omNode-3: nextIndex: updateUnconditionally 502 -> 45
2022-08-10 09:23:31,480 [omNode-1@group-523986131536-StateMachineUpdater] INFO  ratis.OzoneManagerStateMachine (OzoneManagerStateMachine.java:takeSnapshot(441)) - Current Snapshot Index (t:3, i:500)
2022-08-10 09:23:31,480 [omNode-1@group-523986131536-StateMachineUpdater] INFO  impl.StateMachineUpdater (StateMachineUpdater.java:takeSnapshot(287)) - omNode-1@group-523986131536-StateMachineUpdater: Took a snapshot at index 500
2022-08-10 09:23:31,480 [omNode-1@group-523986131536-StateMachineUpdater] INFO  impl.StateMachineUpdater (StateMachineUpdater.java:lambda$new$0(92)) - omNode-1@group-523986131536-StateMachineUpdater: snapshotIndex: updateIncreasingly 450 -> 500
2022-08-10 09:23:31,480 [omNode-1@group-523986131536-StateMachineUpdater] INFO  raftlog.RaftLog (RaftLogBase.java:purge(308)) - omNode-1@group-523986131536-SegmentedRaftLog: purge 500
2022-08-10 09:23:31,480 [grpc-default-executor-2] WARN  server.GrpcLogAppender (LogUtils.java:warn(122)) - omNode-1@group-523986131536->omNode-3-AppendLogResponseHandler: Failed appendEntries: org.apache.ratis.thirdparty.io.grpc.StatusRuntimeException: UNAVAILABLE: io exception
2022-08-10 09:23:31,480 [omNode-1@group-523986131536-StateMachineUpdater] INFO  raftlog.RaftLog (RaftLogBase.java:lambda$new$0(53)) - omNode-1@group-523986131536-SegmentedRaftLog: snapshotIndex: updateIncreasingly 450 -> 500
2022-08-10 09:23:31,481 [omNode-1@group-523986131536-StateMachineUpdater] INFO  raftlog.RaftLog (RaftLogBase.java:lambda$new$0(53)) - omNode-1@group-523986131536-SegmentedRaftLog: purgeIndex: updateToMax old=450, new=500, updated? true
2022-08-10 09:23:31,481 [grpc-default-executor-2] INFO  leader.FollowerInfo (FollowerInfoImpl.java:lambda$new$0(48)) - omNode-1@group-523986131536->omNode-3: nextIndex: updateUnconditionally 502 -> 45
2022-08-10 09:23:31,498 [grpc-default-executor-2] WARN  server.GrpcLogAppender (LogUtils.java:warn(122)) - omNode-1@group-523986131536->omNode-3-AppendLogResponseHandler: Failed appendEntries: org.apache.ratis.thirdparty.io.grpc.StatusRuntimeException: UNAVAILABLE: io exception
2022-08-10 09:23:31,498 [grpc-default-executor-2] INFO  leader.FollowerInfo (FollowerInfoImpl.java:lambda$new$0(48)) - omNode-1@group-523986131536->omNode-3: nextIndex: updateUnconditionally 503 -> 45
2022-08-10 09:23:31,506 [grpc-default-executor-2] WARN  server.GrpcLogAppender (LogUtils.java:warn(122)) - omNode-1@group-523986131536->omNode-3-AppendLogResponseHandler: Failed appendEntries: org.apache.ratis.thirdparty.io.grpc.StatusRuntimeException: UNAVAILABLE: io exception
2022-08-10 09:23:31,506 [grpc-default-executor-2] INFO  leader.FollowerInfo (FollowerInfoImpl.java:lambda$new$0(48)) - omNode-1@group-523986131536->omNode-3: nextIndex: updateUnconditionally 503 -> 45
2022-08-10 09:23:31,507 [grpc-default-executor-2] WARN  server.GrpcLogAppender (LogUtils.java:warn(122)) - omNode-1@group-523986131536->omNode-3-AppendLogResponseHandler: Failed appendEntries: org.apache.ratis.thirdparty.io.grpc.StatusRuntimeException: UNAVAILABLE: io exception
2022-08-10 09:23:31,507 [grpc-default-executor-2] INFO  leader.FollowerInfo (FollowerInfoImpl.java:lambda$new$0(48)) - omNode-1@group-523986131536->omNode-3: nextIndex: updateUnconditionally 503 -> 45
2022-08-10 09:23:31,521 [grpc-default-executor-3] WARN  server.GrpcLogAppender (LogUtils.java:warn(122)) - omNode-1@group-523986131536->omNode-3-AppendLogResponseHandler: Failed appendEntries: org.apache.ratis.thirdparty.io.grpc.StatusRuntimeException: UNAVAILABLE: io exception
2022-08-10 09:23:31,521 [grpc-default-executor-3] INFO  leader.FollowerInfo (FollowerInfoImpl.java:lambda$new$0(48)) - omNode-1@group-523986131536->omNode-3: nextIndex: updateUnconditionally 504 -> 45
2022-08-10 09:23:31,523 [grpc-default-executor-3] WARN  server.GrpcLogAppender (LogUtils.java:warn(122)) - omNode-1@group-523986131536->omNode-3-AppendLogResponseHandler: Failed appendEntries: org.apache.ratis.thirdparty.io.grpc.StatusRuntimeException: UNAVAILABLE: io exception
2022-08-10 09:23:31,523 [grpc-default-executor-3] INFO  leader.FollowerInfo (FollowerInfoImpl.java:lambda$new$0(48)) - omNode-1@group-523986131536->omNode-3: nextIndex: updateUnconditionally 504 -> 45
2022-08-10 09:23:31,529 [grpc-default-executor-3] WARN  server.GrpcLogAppender (LogUtils.java:warn(122)) - omNode-1@group-523986131536->omNode-3-AppendLogResponseHandler: Failed appendEntries: org.apache.ratis.thirdparty.io.grpc.StatusRuntimeException: UNAVAILABLE: io exception
2022-08-10 09:23:31,529 [grpc-default-executor-3] INFO  leader.FollowerInfo (FollowerInfoImpl.java:lambda$new$0(48)) - omNode-1@group-523986131536->omNode-3: nextIndex: updateUnconditionally 504 -> 45
2022-08-10 09:23:31,533 [grpc-default-executor-3] WARN  server.GrpcLogAppender (LogUtils.java:warn(122)) - omNode-1@group-523986131536->omNode-3-AppendLogResponseHandler: Failed appendEntries: org.apache.ratis.thirdparty.io.grpc.StatusRuntimeException: UNAVAILABLE: io exception
2022-08-10 09:23:31,534 [grpc-default-executor-3] INFO  leader.FollowerInfo (FollowerInfoImpl.java:lambda$new$0(48)) - omNode-1@group-523986131536->omNode-3: nextIndex: updateUnconditionally 505 -> 45
2022-08-10 09:23:31,535 [grpc-default-executor-2] WARN  server.GrpcLogAppender (LogUtils.java:warn(122)) - omNode-1@group-523986131536->omNode-3-AppendLogResponseHandler: Failed appendEntries: org.apache.ratis.thirdparty.io.grpc.StatusRuntimeException: UNAVAILABLE: io exception
2022-08-10 09:23:31,535 [grpc-default-executor-2] INFO  leader.FollowerInfo (FollowerInfoImpl.java:lambda$new$0(48)) - omNode-1@group-523986131536->omNode-3: nextIndex: updateUnconditionally 506 -> 45
2022-08-10 09:23:31,546 [grpc-default-executor-3] WARN  server.GrpcLogAppender (LogUtils.java:warn(122)) - omNode-1@group-523986131536->omNode-3-AppendLogResponseHandler: Failed appendEntries: org.apache.ratis.thirdparty.io.grpc.StatusRuntimeException: UNAVAILABLE: io exception
2022-08-10 09:23:31,547 [grpc-default-executor-3] INFO  leader.FollowerInfo (FollowerInfoImpl.java:lambda$new$0(48)) - omNode-1@group-523986131536->omNode-3: nextIndex: updateUnconditionally 506 -> 45
2022-08-10 09:23:31,547 [grpc-default-executor-3] WARN  server.GrpcLogAppender (LogUtils.java:warn(122)) - omNode-1@group-523986131536->omNode-3-AppendLogResponseHandler: Failed appendEntries: org.apache.ratis.thirdparty.io.grpc.StatusRuntimeException: UNAVAILABLE: io exception
2022-08-10 09:23:31,548 [grpc-default-executor-3] INFO  leader.FollowerInfo (FollowerInfoImpl.java:lambda$new$0(48)) - omNode-1@group-523986131536->omNode-3: nextIndex: updateUnconditionally 506 -> 45
2022-08-10 09:23:31,556 [grpc-default-executor-3] WARN  server.GrpcLogAppender (LogUtils.java:warn(122)) - omNode-1@group-523986131536->omNode-3-AppendLogResponseHandler: Failed appendEntries: org.apache.ratis.thirdparty.io.grpc.StatusRuntimeException: UNAVAILABLE: io exception
2022-08-10 09:23:31,556 [grpc-default-executor-3] INFO  leader.FollowerInfo (FollowerInfoImpl.java:lambda$new$0(48)) - omNode-1@group-523986131536->omNode-3: nextIndex: updateUnconditionally 507 -> 45
2022-08-10 09:23:31,570 [grpc-default-executor-2] WARN  server.GrpcLogAppender (LogUtils.java:warn(122)) - omNode-1@group-523986131536->omNode-3-AppendLogResponseHandler: Failed appendEntries: org.apache.ratis.thirdparty.io.grpc.StatusRuntimeException: UNAVAILABLE: io exception
2022-08-10 09:23:31,570 [grpc-default-executor-2] INFO  leader.FollowerInfo (FollowerInfoImpl.java:lambda$new$0(48)) - omNode-1@group-523986131536->omNode-3: nextIndex: updateUnconditionally 507 -> 45
2022-08-10 09:23:31,571 [grpc-default-executor-2] WARN  server.GrpcLogAppender (LogUtils.java:warn(122)) - omNode-1@group-523986131536->omNode-3-AppendLogResponseHandler: Failed appendEntries: org.apache.ratis.thirdparty.io.grpc.StatusRuntimeException: UNAVAILABLE: io exception
2022-08-10 09:23:31,571 [grpc-default-executor-2] INFO  leader.FollowerInfo (FollowerInfoImpl.java:lambda$new$0(48)) - omNode-1@group-523986131536->omNode-3: nextIndex: updateUnconditionally 507 -> 45
2022-08-10 09:23:31,575 [grpc-default-executor-3] WARN  server.GrpcLogAppender (LogUtils.java:warn(122)) - omNode-1@group-523986131536->omNode-3-AppendLogResponseHandler: Failed appendEntries: org.apache.ratis.thirdparty.io.grpc.StatusRuntimeException: UNAVAILABLE: io exception
2022-08-10 09:23:31,575 [grpc-default-executor-3] INFO  leader.FollowerInfo (FollowerInfoImpl.java:lambda$new$0(48)) - omNode-1@group-523986131536->omNode-3: nextIndex: updateUnconditionally 508 -> 45
2022-08-10 09:23:31,587 [grpc-default-executor-2] WARN  server.GrpcLogAppender (LogUtils.java:warn(122)) - omNode-1@group-523986131536->omNode-3-AppendLogResponseHandler: Failed appendEntries: org.apache.ratis.thirdparty.io.grpc.StatusRuntimeException: UNAVAILABLE: io exception
2022-08-10 09:23:31,587 [grpc-default-executor-2] INFO  leader.FollowerInfo (FollowerInfoImpl.java:lambda$new$0(48)) - omNode-1@group-523986131536->omNode-3: nextIndex: updateUnconditionally 508 -> 45
2022-08-10 09:23:31,591 [grpc-default-executor-3] WARN  server.GrpcLogAppender (LogUtils.java:warn(122)) - omNode-1@group-523986131536->omNode-3-AppendLogResponseHandler: Failed appendEntries: org.apache.ratis.thirdparty.io.grpc.StatusRuntimeException: UNAVAILABLE: io exception
2022-08-10 09:23:31,591 [grpc-default-executor-3] INFO  leader.FollowerInfo (FollowerInfoImpl.java:lambda$new$0(48)) - omNode-1@group-523986131536->omNode-3: nextIndex: updateUnconditionally 509 -> 45
2022-08-10 09:23:31,593 [grpc-default-executor-3] WARN  server.GrpcLogAppender (LogUtils.java:warn(122)) - omNode-1@group-523986131536->omNode-3-AppendLogResponseHandler: Failed appendEntries: org.apache.ratis.thirdparty.io.grpc.StatusRuntimeException: UNAVAILABLE: io exception
2022-08-10 09:23:31,593 [grpc-default-executor-3] INFO  leader.FollowerInfo (FollowerInfoImpl.java:lambda$new$0(48)) - omNode-1@group-523986131536->omNode-3: nextIndex: updateUnconditionally 510 -> 45
2022-08-10 09:23:31,610 [grpc-default-executor-2] WARN  server.GrpcLogAppender (LogUtils.java:warn(122)) - omNode-1@group-523986131536->omNode-3-AppendLogResponseHandler: Failed appendEntries: org.apache.ratis.thirdparty.io.grpc.StatusRuntimeException: UNAVAILABLE: io exception
2022-08-10 09:23:31,610 [grpc-default-executor-2] INFO  leader.FollowerInfo (FollowerInfoImpl.java:lambda$new$0(48)) - omNode-1@group-523986131536->omNode-3: nextIndex: updateUnconditionally 510 -> 45
2022-08-10 09:23:31,614 [grpc-default-executor-2] WARN  server.GrpcLogAppender (LogUtils.java:warn(122)) - omNode-1@group-523986131536->omNode-3-AppendLogResponseHandler: Failed appendEntries: org.apache.ratis.thirdparty.io.grpc.StatusRuntimeException: UNAVAILABLE: io exception
2022-08-10 09:23:31,614 [grpc-default-executor-2] INFO  leader.FollowerInfo (FollowerInfoImpl.java:lambda$new$0(48)) - omNode-1@group-523986131536->omNode-3: nextIndex: updateUnconditionally 511 -> 45
2022-08-10 09:23:31,631 [grpc-default-executor-2] WARN  server.GrpcLogAppender (LogUtils.java:warn(122)) - omNode-1@group-523986131536->omNode-3-AppendLogResponseHandler: Failed appendEntries: org.apache.ratis.thirdparty.io.grpc.StatusRuntimeException: UNAVAILABLE: io exception
2022-08-10 09:23:31,631 [omNode-2@group-523986131536-StateMachineUpdater] INFO  ratis.OzoneManagerStateMachine (OzoneManagerStateMachine.java:takeSnapshot(441)) - Current Snapshot Index (t:3, i:509)
2022-08-10 09:23:31,631 [omNode-2@group-523986131536-StateMachineUpdater] INFO  impl.StateMachineUpdater (StateMachineUpdater.java:takeSnapshot(287)) - omNode-2@group-523986131536-StateMachineUpdater: Took a snapshot at index 509
2022-08-10 09:23:31,631 [omNode-2@group-523986131536-StateMachineUpdater] INFO  impl.StateMachineUpdater (StateMachineUpdater.java:lambda$new$0(92)) - omNode-2@group-523986131536-StateMachineUpdater: snapshotIndex: updateIncreasingly 457 -> 509
2022-08-10 09:23:31,631 [omNode-2@group-523986131536-StateMachineUpdater] INFO  raftlog.RaftLog (RaftLogBase.java:purge(308)) - omNode-2@group-523986131536-SegmentedRaftLog: purge 509
2022-08-10 09:23:31,631 [omNode-2@group-523986131536-StateMachineUpdater] INFO  raftlog.RaftLog (RaftLogBase.java:lambda$new$0(53)) - omNode-2@group-523986131536-SegmentedRaftLog: snapshotIndex: updateIncreasingly 457 -> 509
2022-08-10 09:23:31,631 [omNode-2@group-523986131536-StateMachineUpdater] INFO  raftlog.RaftLog (RaftLogBase.java:lambda$new$0(53)) - omNode-2@group-523986131536-SegmentedRaftLog: purgeIndex: updateToMax old=457, new=509, updated? true
2022-08-10 09:23:31,631 [grpc-default-executor-2] INFO  leader.FollowerInfo (FollowerInfoImpl.java:lambda$new$0(48)) - omNode-1@group-523986131536->omNode-3: nextIndex: updateUnconditionally 511 -> 45
2022-08-10 09:23:31,648 [grpc-default-executor-2] WARN  server.GrpcLogAppender (LogUtils.java:warn(122)) - omNode-1@group-523986131536->omNode-3-AppendLogResponseHandler: Failed appendEntries: org.apache.ratis.thirdparty.io.grpc.StatusRuntimeException: UNAVAILABLE: io exception
2022-08-10 09:23:31,648 [grpc-default-executor-2] INFO  leader.FollowerInfo (FollowerInfoImpl.java:lambda$new$0(48)) - omNode-1@group-523986131536->omNode-3: nextIndex: updateUnconditionally 512 -> 45
2022-08-10 09:23:31,660 [grpc-default-executor-3] WARN  server.GrpcLogAppender (LogUtils.java:warn(122)) - omNode-1@group-523986131536->omNode-3-AppendLogResponseHandler: Failed appendEntries: org.apache.ratis.thirdparty.io.grpc.StatusRuntimeException: UNAVAILABLE: io exception
2022-08-10 09:23:31,660 [grpc-default-executor-3] INFO  leader.FollowerInfo (FollowerInfoImpl.java:lambda$new$0(48)) - omNode-1@group-523986131536->omNode-3: nextIndex: updateUnconditionally 512 -> 45
2022-08-10 09:23:31,663 [grpc-default-executor-2] WARN  server.GrpcLogAppender (LogUtils.java:warn(122)) - omNode-1@group-523986131536->omNode-3-AppendLogResponseHandler: Failed appendEntries: org.apache.ratis.thirdparty.io.grpc.StatusRuntimeException: UNAVAILABLE: io exception
2022-08-10 09:23:31,663 [grpc-default-executor-2] INFO  leader.FollowerInfo (FollowerInfoImpl.java:lambda$new$0(48)) - omNode-1@group-523986131536->omNode-3: nextIndex: updateUnconditionally 514 -> 45
2022-08-10 09:23:31,676 [grpc-default-executor-3] WARN  server.GrpcLogAppender (LogUtils.java:warn(122)) - omNode-1@group-523986131536->omNode-3-AppendLogResponseHandler: Failed appendEntries: org.apache.ratis.thirdparty.io.grpc.StatusRuntimeException: UNAVAILABLE: io exception
2022-08-10 09:23:31,676 [grpc-default-executor-3] INFO  leader.FollowerInfo (FollowerInfoImpl.java:lambda$new$0(48)) - omNode-1@group-523986131536->omNode-3: nextIndex: updateUnconditionally 514 -> 45
2022-08-10 09:23:31,683 [grpc-default-executor-2] WARN  server.GrpcLogAppender (LogUtils.java:warn(122)) - omNode-1@group-523986131536->omNode-3-AppendLogResponseHandler: Failed appendEntries: org.apache.ratis.thirdparty.io.grpc.StatusRuntimeException: UNAVAILABLE: io exception
2022-08-10 09:23:31,683 [grpc-default-executor-2] INFO  leader.FollowerInfo (FollowerInfoImpl.java:lambda$new$0(48)) - omNode-1@group-523986131536->omNode-3: nextIndex: updateUnconditionally 515 -> 45
2022-08-10 09:23:31,699 [grpc-default-executor-3] WARN  server.GrpcLogAppender (LogUtils.java:warn(122)) - omNode-1@group-523986131536->omNode-3-AppendLogResponseHandler: Failed appendEntries: org.apache.ratis.thirdparty.io.grpc.StatusRuntimeException: UNAVAILABLE: io exception
2022-08-10 09:23:31,699 [grpc-default-executor-3] INFO  leader.FollowerInfo (FollowerInfoImpl.java:lambda$new$0(48)) - omNode-1@group-523986131536->omNode-3: nextIndex: updateUnconditionally 515 -> 45
2022-08-10 09:23:31,701 [grpc-default-executor-3] WARN  server.GrpcLogAppender (LogUtils.java:warn(122)) - omNode-1@group-523986131536->omNode-3-AppendLogResponseHandler: Failed appendEntries: org.apache.ratis.thirdparty.io.grpc.StatusRuntimeException: UNAVAILABLE: io exception
2022-08-10 09:23:31,701 [grpc-default-executor-3] INFO  leader.FollowerInfo (FollowerInfoImpl.java:lambda$new$0(48)) - omNode-1@group-523986131536->omNode-3: nextIndex: updateUnconditionally 515 -> 45
2022-08-10 09:23:31,710 [grpc-default-executor-2] WARN  server.GrpcLogAppender (LogUtils.java:warn(122)) - omNode-1@group-523986131536->omNode-3-AppendLogResponseHandler: Failed appendEntries: org.apache.ratis.thirdparty.io.grpc.StatusRuntimeException: UNAVAILABLE: io exception
2022-08-10 09:23:31,710 [grpc-default-executor-2] INFO  leader.FollowerInfo (FollowerInfoImpl.java:lambda$new$0(48)) - omNode-1@group-523986131536->omNode-3: nextIndex: updateUnconditionally 516 -> 45
2022-08-10 09:23:31,716 [grpc-default-executor-2] WARN  server.GrpcLogAppender (LogUtils.java:warn(122)) - omNode-1@group-523986131536->omNode-3-AppendLogResponseHandler: Failed appendEntries: org.apache.ratis.thirdparty.io.grpc.StatusRuntimeException: UNAVAILABLE: io exception
2022-08-10 09:23:31,717 [grpc-default-executor-2] INFO  leader.FollowerInfo (FollowerInfoImpl.java:lambda$new$0(48)) - omNode-1@group-523986131536->omNode-3: nextIndex: updateUnconditionally 516 -> 45
2022-08-10 09:23:31,719 [grpc-default-executor-3] WARN  server.GrpcLogAppender (LogUtils.java:warn(122)) - omNode-1@group-523986131536->omNode-3-AppendLogResponseHandler: Failed appendEntries: org.apache.ratis.thirdparty.io.grpc.StatusRuntimeException: UNAVAILABLE: io exception
2022-08-10 09:23:31,719 [grpc-default-executor-3] INFO  leader.FollowerInfo (FollowerInfoImpl.java:lambda$new$0(48)) - omNode-1@group-523986131536->omNode-3: nextIndex: updateUnconditionally 518 -> 45
2022-08-10 09:23:31,721 [grpc-default-executor-2] WARN  server.GrpcLogAppender (LogUtils.java:warn(122)) - omNode-1@group-523986131536->omNode-3-AppendLogResponseHandler: Failed appendEntries: org.apache.ratis.thirdparty.io.grpc.StatusRuntimeException: UNAVAILABLE: io exception
2022-08-10 09:23:31,721 [grpc-default-executor-2] INFO  leader.FollowerInfo (FollowerInfoImpl.java:lambda$new$0(48)) - omNode-1@group-523986131536->omNode-3: nextIndex: updateUnconditionally 518 -> 45
2022-08-10 09:23:31,722 [grpc-default-executor-2] WARN  server.GrpcLogAppender (LogUtils.java:warn(122)) - omNode-1@group-523986131536->omNode-3-AppendLogResponseHandler: Failed appendEntries: org.apache.ratis.thirdparty.io.grpc.StatusRuntimeException: UNAVAILABLE: io exception
2022-08-10 09:23:31,722 [grpc-default-executor-2] INFO  leader.FollowerInfo (FollowerInfoImpl.java:lambda$new$0(48)) - omNode-1@group-523986131536->omNode-3: nextIndex: updateUnconditionally 518 -> 45
2022-08-10 09:23:31,726 [grpc-default-executor-3] WARN  server.GrpcLogAppender (LogUtils.java:warn(122)) - omNode-1@group-523986131536->omNode-3-AppendLogResponseHandler: Failed appendEntries: org.apache.ratis.thirdparty.io.grpc.StatusRuntimeException: UNAVAILABLE: io exception
2022-08-10 09:23:31,727 [grpc-default-executor-3] INFO  leader.FollowerInfo (FollowerInfoImpl.java:lambda$new$0(48)) - omNode-1@group-523986131536->omNode-3: nextIndex: updateUnconditionally 519 -> 45
2022-08-10 09:23:31,729 [grpc-default-executor-2] WARN  server.GrpcLogAppender (LogUtils.java:warn(122)) - omNode-1@group-523986131536->omNode-3-AppendLogResponseHandler: Failed appendEntries: org.apache.ratis.thirdparty.io.grpc.StatusRuntimeException: UNAVAILABLE: io exception
2022-08-10 09:23:31,729 [grpc-default-executor-2] INFO  leader.FollowerInfo (FollowerInfoImpl.java:lambda$new$0(48)) - omNode-1@group-523986131536->omNode-3: nextIndex: updateUnconditionally 519 -> 45
2022-08-10 09:23:31,734 [grpc-default-executor-1] WARN  server.GrpcLogAppender (LogUtils.java:warn(122)) - omNode-1@group-523986131536->omNode-3-AppendLogResponseHandler: Failed appendEntries: org.apache.ratis.thirdparty.io.grpc.StatusRuntimeException: UNAVAILABLE: io exception
2022-08-10 09:23:31,734 [grpc-default-executor-1] INFO  leader.FollowerInfo (FollowerInfoImpl.java:lambda$new$0(48)) - omNode-1@group-523986131536->omNode-3: nextIndex: updateUnconditionally 519 -> 45
2022-08-10 09:23:31,738 [grpc-default-executor-2] WARN  server.GrpcLogAppender (LogUtils.java:warn(122)) - omNode-1@group-523986131536->omNode-3-AppendLogResponseHandler: Failed appendEntries: org.apache.ratis.thirdparty.io.grpc.StatusRuntimeException: UNAVAILABLE: io exception
2022-08-10 09:23:31,738 [grpc-default-executor-2] INFO  leader.FollowerInfo (FollowerInfoImpl.java:lambda$new$0(48)) - omNode-1@group-523986131536->omNode-3: nextIndex: updateUnconditionally 520 -> 45
2022-08-10 09:23:31,756 [grpc-default-executor-2] WARN  server.GrpcLogAppender (LogUtils.java:warn(122)) - omNode-1@group-523986131536->omNode-3-AppendLogResponseHandler: Failed appendEntries: org.apache.ratis.thirdparty.io.grpc.StatusRuntimeException: UNAVAILABLE: io exception
2022-08-10 09:23:31,756 [grpc-default-executor-2] INFO  leader.FollowerInfo (FollowerInfoImpl.java:lambda$new$0(48)) - omNode-1@group-523986131536->omNode-3: nextIndex: updateUnconditionally 520 -> 45
2022-08-10 09:23:31,765 [grpc-default-executor-2] WARN  server.GrpcLogAppender (LogUtils.java:warn(122)) - omNode-1@group-523986131536->omNode-3-AppendLogResponseHandler: Failed appendEntries: org.apache.ratis.thirdparty.io.grpc.StatusRuntimeException: UNAVAILABLE: io exception
2022-08-10 09:23:31,765 [grpc-default-executor-2] INFO  leader.FollowerInfo (FollowerInfoImpl.java:lambda$new$0(48)) - omNode-1@group-523986131536->omNode-3: nextIndex: updateUnconditionally 522 -> 45
2022-08-10 09:23:31,768 [grpc-default-executor-2] WARN  server.GrpcLogAppender (LogUtils.java:warn(122)) - omNode-1@group-523986131536->omNode-3-AppendLogResponseHandler: Failed appendEntries: org.apache.ratis.thirdparty.io.grpc.StatusRuntimeException: UNAVAILABLE: io exception
2022-08-10 09:23:31,768 [grpc-default-executor-2] INFO  leader.FollowerInfo (FollowerInfoImpl.java:lambda$new$0(48)) - omNode-1@group-523986131536->omNode-3: nextIndex: updateUnconditionally 523 -> 45
2022-08-10 09:23:31,774 [grpc-default-executor-1] WARN  server.GrpcLogAppender (LogUtils.java:warn(122)) - omNode-1@group-523986131536->omNode-3-AppendLogResponseHandler: Failed appendEntries: org.apache.ratis.thirdparty.io.grpc.StatusRuntimeException: UNAVAILABLE: io exception
2022-08-10 09:23:31,775 [grpc-default-executor-1] INFO  leader.FollowerInfo (FollowerInfoImpl.java:lambda$new$0(48)) - omNode-1@group-523986131536->omNode-3: nextIndex: updateUnconditionally 523 -> 45
2022-08-10 09:23:31,784 [grpc-default-executor-2] WARN  server.GrpcLogAppender (LogUtils.java:warn(122)) - omNode-1@group-523986131536->omNode-3-AppendLogResponseHandler: Failed appendEntries: org.apache.ratis.thirdparty.io.grpc.StatusRuntimeException: UNAVAILABLE: io exception
2022-08-10 09:23:31,784 [grpc-default-executor-2] INFO  leader.FollowerInfo (FollowerInfoImpl.java:lambda$new$0(48)) - omNode-1@group-523986131536->omNode-3: nextIndex: updateUnconditionally 523 -> 45
2022-08-10 09:23:31,788 [grpc-default-executor-2] WARN  server.GrpcLogAppender (LogUtils.java:warn(122)) - omNode-1@group-523986131536->omNode-3-AppendLogResponseHandler: Failed appendEntries: org.apache.ratis.thirdparty.io.grpc.StatusRuntimeException: UNAVAILABLE: io exception
2022-08-10 09:23:31,788 [grpc-default-executor-2] INFO  leader.FollowerInfo (FollowerInfoImpl.java:lambda$new$0(48)) - omNode-1@group-523986131536->omNode-3: nextIndex: updateUnconditionally 524 -> 45
2022-08-10 09:23:31,794 [grpc-default-executor-1] WARN  server.GrpcLogAppender (LogUtils.java:warn(122)) - omNode-1@group-523986131536->omNode-3-AppendLogResponseHandler: Failed appendEntries: org.apache.ratis.thirdparty.io.grpc.StatusRuntimeException: UNAVAILABLE: io exception
2022-08-10 09:23:31,794 [grpc-default-executor-1] INFO  leader.FollowerInfo (FollowerInfoImpl.java:lambda$new$0(48)) - omNode-1@group-523986131536->omNode-3: nextIndex: updateUnconditionally 525 -> 45
2022-08-10 09:23:31,801 [grpc-default-executor-1] WARN  server.GrpcLogAppender (LogUtils.java:warn(122)) - omNode-1@group-523986131536->omNode-3-AppendLogResponseHandler: Failed appendEntries: org.apache.ratis.thirdparty.io.grpc.StatusRuntimeException: UNAVAILABLE: io exception
2022-08-10 09:23:31,801 [grpc-default-executor-1] INFO  leader.FollowerInfo (FollowerInfoImpl.java:lambda$new$0(48)) - omNode-1@group-523986131536->omNode-3: nextIndex: updateUnconditionally 526 -> 45
2022-08-10 09:23:31,808 [grpc-default-executor-2] WARN  server.GrpcLogAppender (LogUtils.java:warn(122)) - omNode-1@group-523986131536->omNode-3-AppendLogResponseHandler: Failed appendEntries: org.apache.ratis.thirdparty.io.grpc.StatusRuntimeException: UNAVAILABLE: io exception
2022-08-10 09:23:31,809 [grpc-default-executor-2] INFO  leader.FollowerInfo (FollowerInfoImpl.java:lambda$new$0(48)) - omNode-1@group-523986131536->omNode-3: nextIndex: updateUnconditionally 526 -> 45
2022-08-10 09:23:31,816 [grpc-default-executor-1] WARN  server.GrpcLogAppender (LogUtils.java:warn(122)) - omNode-1@group-523986131536->omNode-3-AppendLogResponseHandler: Failed appendEntries: org.apache.ratis.thirdparty.io.grpc.StatusRuntimeException: UNAVAILABLE: io exception
2022-08-10 09:23:31,816 [grpc-default-executor-1] INFO  leader.FollowerInfo (FollowerInfoImpl.java:lambda$new$0(48)) - omNode-1@group-523986131536->omNode-3: nextIndex: updateUnconditionally 527 -> 45
2022-08-10 09:23:31,825 [grpc-default-executor-2] WARN  server.GrpcLogAppender (LogUtils.java:warn(122)) - omNode-1@group-523986131536->omNode-3-AppendLogResponseHandler: Failed appendEntries: org.apache.ratis.thirdparty.io.grpc.StatusRuntimeException: UNAVAILABLE: io exception
2022-08-10 09:23:31,825 [grpc-default-executor-2] INFO  leader.FollowerInfo (FollowerInfoImpl.java:lambda$new$0(48)) - omNode-1@group-523986131536->omNode-3: nextIndex: updateUnconditionally 527 -> 45
2022-08-10 09:23:31,829 [grpc-default-executor-1] WARN  server.GrpcLogAppender (LogUtils.java:warn(122)) - omNode-1@group-523986131536->omNode-3-AppendLogResponseHandler: Failed appendEntries: org.apache.ratis.thirdparty.io.grpc.StatusRuntimeException: UNAVAILABLE: io exception
2022-08-10 09:23:31,829 [grpc-default-executor-1] INFO  leader.FollowerInfo (FollowerInfoImpl.java:lambda$new$0(48)) - omNode-1@group-523986131536->omNode-3: nextIndex: updateUnconditionally 528 -> 45
2022-08-10 09:23:31,837 [grpc-default-executor-1] WARN  server.GrpcLogAppender (LogUtils.java:warn(122)) - omNode-1@group-523986131536->omNode-3-AppendLogResponseHandler: Failed appendEntries: org.apache.ratis.thirdparty.io.grpc.StatusRuntimeException: UNAVAILABLE: io exception
2022-08-10 09:23:31,837 [grpc-default-executor-1] INFO  leader.FollowerInfo (FollowerInfoImpl.java:lambda$new$0(48)) - omNode-1@group-523986131536->omNode-3: nextIndex: updateUnconditionally 528 -> 45
2022-08-10 09:23:31,843 [grpc-default-executor-2] WARN  server.GrpcLogAppender (LogUtils.java:warn(122)) - omNode-1@group-523986131536->omNode-3-AppendLogResponseHandler: Failed appendEntries: org.apache.ratis.thirdparty.io.grpc.StatusRuntimeException: UNAVAILABLE: io exception
2022-08-10 09:23:31,843 [grpc-default-executor-2] INFO  leader.FollowerInfo (FollowerInfoImpl.java:lambda$new$0(48)) - omNode-1@group-523986131536->omNode-3: nextIndex: updateUnconditionally 530 -> 45
2022-08-10 09:23:31,850 [grpc-default-executor-2] WARN  server.GrpcLogAppender (LogUtils.java:warn(122)) - omNode-1@group-523986131536->omNode-3-AppendLogResponseHandler: Failed appendEntries: org.apache.ratis.thirdparty.io.grpc.StatusRuntimeException: UNAVAILABLE: io exception
2022-08-10 09:23:31,850 [grpc-default-executor-2] INFO  leader.FollowerInfo (FollowerInfoImpl.java:lambda$new$0(48)) - omNode-1@group-523986131536->omNode-3: nextIndex: updateUnconditionally 530 -> 45
2022-08-10 09:23:31,866 [grpc-default-executor-1] WARN  server.GrpcLogAppender (LogUtils.java:warn(122)) - omNode-1@group-523986131536->omNode-3-AppendLogResponseHandler: Failed appendEntries: org.apache.ratis.thirdparty.io.grpc.StatusRuntimeException: UNAVAILABLE: io exception
2022-08-10 09:23:31,866 [grpc-default-executor-1] INFO  leader.FollowerInfo (FollowerInfoImpl.java:lambda$new$0(48)) - omNode-1@group-523986131536->omNode-3: nextIndex: updateUnconditionally 531 -> 45
2022-08-10 09:23:31,873 [grpc-default-executor-1] WARN  server.GrpcLogAppender (LogUtils.java:warn(122)) - omNode-1@group-523986131536->omNode-3-AppendLogResponseHandler: Failed appendEntries: org.apache.ratis.thirdparty.io.grpc.StatusRuntimeException: UNAVAILABLE: io exception
2022-08-10 09:23:31,873 [grpc-default-executor-1] INFO  leader.FollowerInfo (FollowerInfoImpl.java:lambda$new$0(48)) - omNode-1@group-523986131536->omNode-3: nextIndex: updateUnconditionally 532 -> 45
2022-08-10 09:23:31,885 [grpc-default-executor-1] WARN  server.GrpcLogAppender (LogUtils.java:warn(122)) - omNode-1@group-523986131536->omNode-3-AppendLogResponseHandler: Failed appendEntries: org.apache.ratis.thirdparty.io.grpc.StatusRuntimeException: UNAVAILABLE: io exception
2022-08-10 09:23:31,885 [grpc-default-executor-1] INFO  leader.FollowerInfo (FollowerInfoImpl.java:lambda$new$0(48)) - omNode-1@group-523986131536->omNode-3: nextIndex: updateUnconditionally 532 -> 45
2022-08-10 09:23:31,887 [grpc-default-executor-2] WARN  server.GrpcLogAppender (LogUtils.java:warn(122)) - omNode-1@group-523986131536->omNode-3-AppendLogResponseHandler: Failed appendEntries: org.apache.ratis.thirdparty.io.grpc.StatusRuntimeException: UNAVAILABLE: io exception
2022-08-10 09:23:31,887 [grpc-default-executor-2] INFO  leader.FollowerInfo (FollowerInfoImpl.java:lambda$new$0(48)) - omNode-1@group-523986131536->omNode-3: nextIndex: updateUnconditionally 533 -> 45
2022-08-10 09:23:31,890 [grpc-default-executor-2] WARN  server.GrpcLogAppender (LogUtils.java:warn(122)) - omNode-1@group-523986131536->omNode-3-AppendLogResponseHandler: Failed appendEntries: org.apache.ratis.thirdparty.io.grpc.StatusRuntimeException: UNAVAILABLE: io exception
2022-08-10 09:23:31,890 [grpc-default-executor-2] INFO  leader.FollowerInfo (FollowerInfoImpl.java:lambda$new$0(48)) - omNode-1@group-523986131536->omNode-3: nextIndex: updateUnconditionally 534 -> 45
2022-08-10 09:23:31,896 [grpc-default-executor-1] WARN  server.GrpcLogAppender (LogUtils.java:warn(122)) - omNode-1@group-523986131536->omNode-3-AppendLogResponseHandler: Failed appendEntries: org.apache.ratis.thirdparty.io.grpc.StatusRuntimeException: UNAVAILABLE: io exception
2022-08-10 09:23:31,897 [grpc-default-executor-1] INFO  leader.FollowerInfo (FollowerInfoImpl.java:lambda$new$0(48)) - omNode-1@group-523986131536->omNode-3: nextIndex: updateUnconditionally 534 -> 45
2022-08-10 09:23:31,899 [grpc-default-executor-1] WARN  server.GrpcLogAppender (LogUtils.java:warn(122)) - omNode-1@group-523986131536->omNode-3-AppendLogResponseHandler: Failed appendEntries: org.apache.ratis.thirdparty.io.grpc.StatusRuntimeException: UNAVAILABLE: io exception
2022-08-10 09:23:31,899 [grpc-default-executor-1] INFO  leader.FollowerInfo (FollowerInfoImpl.java:lambda$new$0(48)) - omNode-1@group-523986131536->omNode-3: nextIndex: updateUnconditionally 535 -> 45
2022-08-10 09:23:31,913 [grpc-default-executor-2] WARN  server.GrpcLogAppender (LogUtils.java:warn(122)) - omNode-1@group-523986131536->omNode-3-AppendLogResponseHandler: Failed appendEntries: org.apache.ratis.thirdparty.io.grpc.StatusRuntimeException: UNAVAILABLE: io exception
2022-08-10 09:23:31,913 [grpc-default-executor-2] INFO  leader.FollowerInfo (FollowerInfoImpl.java:lambda$new$0(48)) - omNode-1@group-523986131536->omNode-3: nextIndex: updateUnconditionally 535 -> 45
2022-08-10 09:23:31,920 [grpc-default-executor-1] WARN  server.GrpcLogAppender (LogUtils.java:warn(122)) - omNode-1@group-523986131536->omNode-3-AppendLogResponseHandler: Failed appendEntries: org.apache.ratis.thirdparty.io.grpc.StatusRuntimeException: UNAVAILABLE: io exception
2022-08-10 09:23:31,921 [grpc-default-executor-1] INFO  leader.FollowerInfo (FollowerInfoImpl.java:lambda$new$0(48)) - omNode-1@group-523986131536->omNode-3: nextIndex: updateUnconditionally 536 -> 45
2022-08-10 09:23:31,934 [grpc-default-executor-2] WARN  server.GrpcLogAppender (LogUtils.java:warn(122)) - omNode-1@group-523986131536->omNode-3-AppendLogResponseHandler: Failed appendEntries: org.apache.ratis.thirdparty.io.grpc.StatusRuntimeException: UNAVAILABLE: io exception
2022-08-10 09:23:31,934 [grpc-default-executor-2] INFO  leader.FollowerInfo (FollowerInfoImpl.java:lambda$new$0(48)) - omNode-1@group-523986131536->omNode-3: nextIndex: updateUnconditionally 536 -> 45
2022-08-10 09:23:31,940 [grpc-default-executor-1] WARN  server.GrpcLogAppender (LogUtils.java:warn(122)) - omNode-1@group-523986131536->omNode-3-AppendLogResponseHandler: Failed appendEntries: org.apache.ratis.thirdparty.io.grpc.StatusRuntimeException: UNAVAILABLE: io exception
2022-08-10 09:23:31,940 [grpc-default-executor-1] INFO  leader.FollowerInfo (FollowerInfoImpl.java:lambda$new$0(48)) - omNode-1@group-523986131536->omNode-3: nextIndex: updateUnconditionally 538 -> 45
2022-08-10 09:23:31,945 [grpc-default-executor-2] WARN  server.GrpcLogAppender (LogUtils.java:warn(122)) - omNode-1@group-523986131536->omNode-3-AppendLogResponseHandler: Failed appendEntries: org.apache.ratis.thirdparty.io.grpc.StatusRuntimeException: UNAVAILABLE: io exception
2022-08-10 09:23:31,945 [grpc-default-executor-2] INFO  leader.FollowerInfo (FollowerInfoImpl.java:lambda$new$0(48)) - omNode-1@group-523986131536->omNode-3: nextIndex: updateUnconditionally 538 -> 45
2022-08-10 09:23:31,948 [grpc-default-executor-2] WARN  server.GrpcLogAppender (LogUtils.java:warn(122)) - omNode-1@group-523986131536->omNode-3-AppendLogResponseHandler: Failed appendEntries: org.apache.ratis.thirdparty.io.grpc.StatusRuntimeException: UNAVAILABLE: io exception
2022-08-10 09:23:31,948 [grpc-default-executor-2] INFO  leader.FollowerInfo (FollowerInfoImpl.java:lambda$new$0(48)) - omNode-1@group-523986131536->omNode-3: nextIndex: updateUnconditionally 539 -> 45
2022-08-10 09:23:31,960 [grpc-default-executor-1] WARN  server.GrpcLogAppender (LogUtils.java:warn(122)) - omNode-1@group-523986131536->omNode-3-AppendLogResponseHandler: Failed appendEntries: org.apache.ratis.thirdparty.io.grpc.StatusRuntimeException: UNAVAILABLE: io exception
2022-08-10 09:23:31,960 [grpc-default-executor-1] INFO  leader.FollowerInfo (FollowerInfoImpl.java:lambda$new$0(48)) - omNode-1@group-523986131536->omNode-3: nextIndex: updateUnconditionally 539 -> 45
2022-08-10 09:23:31,961 [grpc-default-executor-1] WARN  server.GrpcLogAppender (LogUtils.java:warn(122)) - omNode-1@group-523986131536->omNode-3-AppendLogResponseHandler: Failed appendEntries: org.apache.ratis.thirdparty.io.grpc.StatusRuntimeException: UNAVAILABLE: io exception
2022-08-10 09:23:31,961 [grpc-default-executor-1] INFO  leader.FollowerInfo (FollowerInfoImpl.java:lambda$new$0(48)) - omNode-1@group-523986131536->omNode-3: nextIndex: updateUnconditionally 539 -> 45
2022-08-10 09:23:31,975 [grpc-default-executor-2] WARN  server.GrpcLogAppender (LogUtils.java:warn(122)) - omNode-1@group-523986131536->omNode-3-AppendLogResponseHandler: Failed appendEntries: org.apache.ratis.thirdparty.io.grpc.StatusRuntimeException: UNAVAILABLE: io exception
2022-08-10 09:23:31,975 [grpc-default-executor-2] INFO  leader.FollowerInfo (FollowerInfoImpl.java:lambda$new$0(48)) - omNode-1@group-523986131536->omNode-3: nextIndex: updateUnconditionally 540 -> 45
2022-08-10 09:23:31,989 [grpc-default-executor-2] WARN  server.GrpcLogAppender (LogUtils.java:warn(122)) - omNode-1@group-523986131536->omNode-3-AppendLogResponseHandler: Failed appendEntries: org.apache.ratis.thirdparty.io.grpc.StatusRuntimeException: UNAVAILABLE: io exception
2022-08-10 09:23:31,989 [grpc-default-executor-2] INFO  leader.FollowerInfo (FollowerInfoImpl.java:lambda$new$0(48)) - omNode-1@group-523986131536->omNode-3: nextIndex: updateUnconditionally 540 -> 45
2022-08-10 09:23:31,990 [grpc-default-executor-1] WARN  server.GrpcLogAppender (LogUtils.java:warn(122)) - omNode-1@group-523986131536->omNode-3-AppendLogResponseHandler: Failed appendEntries: org.apache.ratis.thirdparty.io.grpc.StatusRuntimeException: UNAVAILABLE: io exception
2022-08-10 09:23:31,990 [grpc-default-executor-1] INFO  leader.FollowerInfo (FollowerInfoImpl.java:lambda$new$0(48)) - omNode-1@group-523986131536->omNode-3: nextIndex: updateUnconditionally 541 -> 45
2022-08-10 09:23:31,993 [grpc-default-executor-2] WARN  server.GrpcLogAppender (LogUtils.java:warn(122)) - omNode-1@group-523986131536->omNode-3-AppendLogResponseHandler: Failed appendEntries: org.apache.ratis.thirdparty.io.grpc.StatusRuntimeException: UNAVAILABLE: io exception
2022-08-10 09:23:31,993 [grpc-default-executor-2] INFO  leader.FollowerInfo (FollowerInfoImpl.java:lambda$new$0(48)) - omNode-1@group-523986131536->omNode-3: nextIndex: updateUnconditionally 542 -> 45
2022-08-10 09:23:32,002 [grpc-default-executor-2] WARN  server.GrpcLogAppender (LogUtils.java:warn(122)) - omNode-1@group-523986131536->omNode-3-AppendLogResponseHandler: Failed appendEntries: org.apache.ratis.thirdparty.io.grpc.StatusRuntimeException: UNAVAILABLE: io exception
2022-08-10 09:23:32,002 [grpc-default-executor-2] INFO  leader.FollowerInfo (FollowerInfoImpl.java:lambda$new$0(48)) - omNode-1@group-523986131536->omNode-3: nextIndex: updateUnconditionally 542 -> 45
2022-08-10 09:23:32,003 [grpc-default-executor-2] WARN  server.GrpcLogAppender (LogUtils.java:warn(122)) - omNode-1@group-523986131536->omNode-3-AppendLogResponseHandler: Failed appendEntries: org.apache.ratis.thirdparty.io.grpc.StatusRuntimeException: UNAVAILABLE: io exception
2022-08-10 09:23:32,003 [grpc-default-executor-2] INFO  leader.FollowerInfo (FollowerInfoImpl.java:lambda$new$0(48)) - omNode-1@group-523986131536->omNode-3: nextIndex: updateUnconditionally 542 -> 45
2022-08-10 09:23:32,015 [grpc-default-executor-2] WARN  server.GrpcLogAppender (LogUtils.java:warn(122)) - omNode-1@group-523986131536->omNode-3-AppendLogResponseHandler: Failed appendEntries: org.apache.ratis.thirdparty.io.grpc.StatusRuntimeException: UNAVAILABLE: io exception
2022-08-10 09:23:32,015 [grpc-default-executor-2] INFO  leader.FollowerInfo (FollowerInfoImpl.java:lambda$new$0(48)) - omNode-1@group-523986131536->omNode-3: nextIndex: updateUnconditionally 543 -> 45
2022-08-10 09:23:32,024 [grpc-default-executor-2] WARN  server.GrpcLogAppender (LogUtils.java:warn(122)) - omNode-1@group-523986131536->omNode-3-AppendLogResponseHandler: Failed appendEntries: org.apache.ratis.thirdparty.io.grpc.StatusRuntimeException: UNAVAILABLE: io exception
2022-08-10 09:23:32,024 [grpc-default-executor-2] INFO  leader.FollowerInfo (FollowerInfoImpl.java:lambda$new$0(48)) - omNode-1@group-523986131536->omNode-3: nextIndex: updateUnconditionally 543 -> 45
2022-08-10 09:23:32,025 [grpc-default-executor-2] WARN  server.GrpcLogAppender (LogUtils.java:warn(122)) - omNode-1@group-523986131536->omNode-3-AppendLogResponseHandler: Failed appendEntries: org.apache.ratis.thirdparty.io.grpc.StatusRuntimeException: UNAVAILABLE: io exception
2022-08-10 09:23:32,026 [grpc-default-executor-2] INFO  leader.FollowerInfo (FollowerInfoImpl.java:lambda$new$0(48)) - omNode-1@group-523986131536->omNode-3: nextIndex: updateUnconditionally 543 -> 45
2022-08-10 09:23:32,032 [grpc-default-executor-1] WARN  server.GrpcLogAppender (LogUtils.java:warn(122)) - omNode-1@group-523986131536->omNode-3-AppendLogResponseHandler: Failed appendEntries: org.apache.ratis.thirdparty.io.grpc.StatusRuntimeException: UNAVAILABLE: io exception
2022-08-10 09:23:32,032 [grpc-default-executor-1] INFO  leader.FollowerInfo (FollowerInfoImpl.java:lambda$new$0(48)) - omNode-1@group-523986131536->omNode-3: nextIndex: updateUnconditionally 544 -> 45
2022-08-10 09:23:32,037 [grpc-default-executor-2] WARN  server.GrpcLogAppender (LogUtils.java:warn(122)) - omNode-1@group-523986131536->omNode-3-AppendLogResponseHandler: Failed appendEntries: org.apache.ratis.thirdparty.io.grpc.StatusRuntimeException: UNAVAILABLE: io exception
2022-08-10 09:23:32,037 [grpc-default-executor-2] INFO  leader.FollowerInfo (FollowerInfoImpl.java:lambda$new$0(48)) - omNode-1@group-523986131536->omNode-3: nextIndex: updateUnconditionally 544 -> 45
2022-08-10 09:23:32,040 [Listener at 127.0.0.1/35599] INFO  om.OzoneManager (OzoneManager.java:restart(1559)) - OzoneManager RPC server is listening at localhost/127.0.0.1:35599
2022-08-10 09:23:32,041 [Listener at 127.0.0.1/35599] INFO  impl.MetricsSystemImpl (MetricsSystemImpl.java:init(158)) - OzoneManager metrics system started (again)
2022-08-10 09:23:32,060 [grpc-default-executor-1] WARN  server.GrpcLogAppender (LogUtils.java:warn(122)) - omNode-1@group-523986131536->omNode-3-AppendLogResponseHandler: Failed appendEntries: org.apache.ratis.thirdparty.io.grpc.StatusRuntimeException: UNAVAILABLE: io exception
2022-08-10 09:23:32,060 [grpc-default-executor-1] INFO  leader.FollowerInfo (FollowerInfoImpl.java:lambda$new$0(48)) - omNode-1@group-523986131536->omNode-3: nextIndex: updateUnconditionally 545 -> 45
2022-08-10 09:23:32,091 [Listener at 127.0.0.1/35599] WARN  server.ServerUtils (ServerUtils.java:getDBPath(225)) - ozone.om.db.dirs is not configured. We recommend adding this setting. Falling back to ozone.metadata.dirs instead.
2022-08-10 09:23:32,094 [Listener at 127.0.0.1/35599] INFO  codec.OmKeyInfoCodec (OmKeyInfoCodec.java:<init>(49)) - OmKeyInfoCodec ignorePipeline = true
2022-08-10 09:23:32,094 [Listener at 127.0.0.1/35599] INFO  codec.RepeatedOmKeyInfoCodec (RepeatedOmKeyInfoCodec.java:<init>(41)) - RepeatedOmKeyInfoCodec ignorePipeline = true
2022-08-10 09:23:32,147 [grpc-default-executor-1] WARN  server.GrpcLogAppender (LogUtils.java:warn(122)) - omNode-1@group-523986131536->omNode-3-AppendLogResponseHandler: Failed appendEntries: org.apache.ratis.thirdparty.io.grpc.StatusRuntimeException: UNAVAILABLE: io exception
2022-08-10 09:23:32,148 [grpc-default-executor-1] INFO  leader.FollowerInfo (FollowerInfoImpl.java:lambda$new$0(48)) - omNode-1@group-523986131536->omNode-3: nextIndex: updateUnconditionally 545 -> 45
2022-08-10 09:23:32,206 [Listener at 127.0.0.1/35599] INFO  om.OzoneManager (OzoneManager.java:instantiateServices(697)) - S3 Multi-Tenancy is disabled
2022-08-10 09:23:32,207 [Listener at 127.0.0.1/35599] WARN  impl.MetricRegistriesImpl (MetricRegistriesImpl.java:addReporterRegistration(111)) - New reporters are added after registries were created. Some metrics will be missing from the reporter. Please add reporter before adding any new registry.
2022-08-10 09:23:32,207 [Listener at 127.0.0.1/35599] WARN  impl.MetricRegistriesImpl (MetricRegistriesImpl.java:addReporterRegistration(111)) - New reporters are added after registries were created. Some metrics will be missing from the reporter. Please add reporter before adding any new registry.
2022-08-10 09:23:32,208 [Listener at 127.0.0.1/35599] WARN  server.ServerUtils (ServerUtils.java:getDefaultRatisDirectory(237)) - Storage directory for Ratis is not configured. It is a good idea to map this to an SSD disk. Falling back to ozone.metadata.dirs
2022-08-10 09:23:32,209 [Listener at 127.0.0.1/35599] INFO  ratis.OzoneManagerRatisServer (OzoneManagerRatisServer.java:<init>(159)) - Instantiating OM Ratis server with groupID: om-service-test1 and peers: localhost:34345, localhost:33619, localhost:43433
2022-08-10 09:23:32,209 [Listener at 127.0.0.1/35599] INFO  ratis.OzoneManagerStateMachine (OzoneManagerStateMachine.java:loadSnapshotInfoFromDB(632)) - LastAppliedIndex is set from TransactionInfo from OM DB as (t:3, i:42)
2022-08-10 09:23:32,212 [Listener at 127.0.0.1/35599] INFO  server.RaftServer (ConfUtils.java:logGet(46)) - raft.rpc.type = GRPC (default)
2022-08-10 09:23:32,212 [Listener at 127.0.0.1/35599] INFO  grpc.GrpcFactory (GrpcFactory.java:checkPooledByteBufAllocatorUseCacheForAllThreads(48)) - PERFORMANCE WARNING: useCacheForAllThreads is true that may cause Netty to create a lot garbage objects and, as a result, trigger GC.
	It is recommended to disable useCacheForAllThreads by setting -Dorg.apache.ratis.thirdparty.io.netty.allocator.useCacheForAllThreads=false in command line.
2022-08-10 09:23:32,212 [Listener at 127.0.0.1/35599] INFO  grpc.GrpcConfigKeys (ConfUtils.java:logGet(46)) - raft.grpc.admin.port = -1 (default)
2022-08-10 09:23:32,212 [Listener at 127.0.0.1/35599] INFO  grpc.GrpcConfigKeys (ConfUtils.java:logGet(46)) - raft.grpc.server.port = 34345 (custom)
2022-08-10 09:23:32,212 [Listener at 127.0.0.1/35599] INFO  grpc.GrpcConfigKeys (ConfUtils.java:logGet(46)) - raft.grpc.client.port = -1 (default)
2022-08-10 09:23:32,213 [Listener at 127.0.0.1/35599] INFO  grpc.GrpcConfigKeys (ConfUtils.java:logGet(46)) - raft.grpc.server.port = 34345 (custom)
2022-08-10 09:23:32,213 [Listener at 127.0.0.1/35599] INFO  grpc.GrpcConfigKeys (ConfUtils.java:logGet(46)) - raft.grpc.server.port = 34345 (custom)
2022-08-10 09:23:32,213 [Listener at 127.0.0.1/35599] INFO  server.GrpcService (ConfUtils.java:logGet(46)) - raft.grpc.message.size.max = 33554432 (custom)
2022-08-10 09:23:32,213 [Listener at 127.0.0.1/35599] INFO  server.RaftServerConfigKeys (ConfUtils.java:logGet(46)) - raft.server.log.appender.buffer.byte-limit = 33554432 (custom)
2022-08-10 09:23:32,213 [Listener at 127.0.0.1/35599] INFO  server.GrpcService (ConfUtils.java:logGet(46)) - raft.grpc.flow.control.window = 1MB (=1048576) (default)
2022-08-10 09:23:32,214 [Listener at 127.0.0.1/35599] INFO  server.RaftServerConfigKeys (ConfUtils.java:logGet(46)) - raft.server.rpc.request.timeout = 3000ms (default)
2022-08-10 09:23:32,214 [Listener at 127.0.0.1/35599] INFO  grpc.GrpcConfigKeys (ConfUtils.java:logGet(46)) - raft.grpc.server.async.request.thread.pool.cached = true (default)
2022-08-10 09:23:32,214 [Listener at 127.0.0.1/35599] INFO  grpc.GrpcConfigKeys (ConfUtils.java:logGet(46)) - raft.grpc.server.async.request.thread.pool.size = 32 (default)
2022-08-10 09:23:32,217 [Listener at 127.0.0.1/35599] INFO  impl.DataStreamServerImpl (ConfUtils.java:logGet(46)) - raft.datastream.type = DISABLED (default)
2022-08-10 09:23:32,218 [Listener at 127.0.0.1/35599] INFO  server.RaftServerConfigKeys (ConfUtils.java:logGet(46)) - raft.server.threadpool.proxy.cached = true (default)
2022-08-10 09:23:32,218 [Listener at 127.0.0.1/35599] INFO  server.RaftServerConfigKeys (ConfUtils.java:logGet(46)) - raft.server.threadpool.proxy.size = 0 (default)
2022-08-10 09:23:32,218 [Listener at 127.0.0.1/35599] INFO  server.RaftServerConfigKeys (ConfUtils.java:logGet(46)) - raft.server.rpc.slowness.timeout = 2s (custom)
2022-08-10 09:23:32,218 [Listener at 127.0.0.1/35599] INFO  server.RaftServerConfigKeys (ConfUtils.java:logGet(46)) - raft.server.leaderelection.leader.step-down.wait-time = 10s (default)
2022-08-10 09:23:32,218 [Listener at 127.0.0.1/35599] INFO  server.RaftServerConfigKeys (ConfUtils.java:logGet(46)) - raft.server.storage.dir = [/home/runner/work/ozone/ozone/hadoop-ozone/integration-test/target/test-dir/MiniOzoneClusterImpl-2080ac2c-1c22-4300-b117-cc71631a0cfb/omNode-3/ratis] (custom)
2022-08-10 09:23:32,229 [omNode-3-impl-thread1] INFO  server.RaftServer (RaftServerProxy.java:initGroupDir(247)) - omNode-3: found a subdirectory /home/runner/work/ozone/ozone/hadoop-ozone/integration-test/target/test-dir/MiniOzoneClusterImpl-2080ac2c-1c22-4300-b117-cc71631a0cfb/omNode-3/ratis/c9bc4cf4-3bc3-3c60-a66b-523986131536
2022-08-10 09:23:32,232 [Listener at 127.0.0.1/35599] INFO  server.RaftServer (RaftServerProxy.java:addNew(96)) - omNode-3: addNew group-523986131536:[omNode-3|rpc:localhost:34345|priority:0, omNode-1|rpc:localhost:33619|priority:0, omNode-2|rpc:localhost:43433|priority:0] returns group-523986131536:java.util.concurrent.CompletableFuture@79fce437[Not completed]
2022-08-10 09:23:32,232 [Listener at 127.0.0.1/35599] INFO  om.OzoneManager (OzoneManager.java:initializeRatisServer(1963)) - OzoneManager Ratis server initialized at port 34345
2022-08-10 09:23:32,232 [Listener at 127.0.0.1/35599] INFO  ratis.OzoneManagerRatisServer (OzoneManagerRatisServer.java:start(554)) - Starting OzoneManagerRatisServer omNode-3 at port 34345
2022-08-10 09:23:32,233 [pool-939-thread-1] INFO  server.RaftServer$Division (RaftServerImpl.java:<init>(190)) - omNode-3: new RaftServerImpl for group-523986131536:[omNode-3|rpc:localhost:34345|priority:0, omNode-1|rpc:localhost:33619|priority:0, omNode-2|rpc:localhost:43433|priority:0] with OzoneManagerStateMachine:uninitialized
2022-08-10 09:23:32,233 [pool-939-thread-1] INFO  server.RaftServerConfigKeys (ConfUtils.java:logGet(46)) - raft.server.rpc.timeout.min = 1s (custom)
2022-08-10 09:23:32,233 [pool-939-thread-1] INFO  server.RaftServerConfigKeys (ConfUtils.java:logGet(46)) - raft.server.rpc.timeout.max = 1200ms (custom)
2022-08-10 09:23:32,233 [pool-939-thread-1] INFO  server.RaftServerConfigKeys (ConfUtils.java:logGet(46)) - raft.server.rpc.sleep.time = 25ms (default)
2022-08-10 09:23:32,233 [pool-939-thread-1] INFO  server.RaftServerConfigKeys (ConfUtils.java:logGet(46)) - raft.server.rpc.slowness.timeout = 2s (custom)
2022-08-10 09:23:32,233 [pool-939-thread-1] INFO  server.RaftServerConfigKeys (ConfUtils.java:logGet(46)) - raft.server.leaderelection.leader.step-down.wait-time = 10s (default)
2022-08-10 09:23:32,233 [pool-939-thread-1] INFO  server.RaftServerConfigKeys (ConfUtils.java:logGet(46)) - raft.server.sleep.deviation.threshold = 300ms (default)
2022-08-10 09:23:32,233 [pool-939-thread-1] INFO  server.RaftServer$Division (ServerState.java:<init>(107)) - omNode-3@group-523986131536: ConfigurationManager, init=-1: [omNode-3|rpc:localhost:34345|priority:0, omNode-1|rpc:localhost:33619|priority:0, omNode-2|rpc:localhost:43433|priority:0], old=null, confs=<EMPTY_MAP>
2022-08-10 09:23:32,233 [pool-939-thread-1] INFO  server.RaftServerConfigKeys (ConfUtils.java:logGet(46)) - raft.server.storage.dir = [/home/runner/work/ozone/ozone/hadoop-ozone/integration-test/target/test-dir/MiniOzoneClusterImpl-2080ac2c-1c22-4300-b117-cc71631a0cfb/omNode-3/ratis] (custom)
2022-08-10 09:23:32,233 [pool-939-thread-1] INFO  server.RaftServerConfigKeys (ConfUtils.java:logGet(46)) - raft.server.log.corruption.policy = EXCEPTION (default)
2022-08-10 09:23:32,233 [pool-939-thread-1] INFO  server.RaftServerConfigKeys (ConfUtils.java:logGet(46)) - raft.server.storage.free-space.min = 0MB (=0) (default)
2022-08-10 09:23:32,237 [pool-939-thread-1] INFO  storage.RaftStorageDirectory (RaftStorageDirectoryImpl.java:tryLock(230)) - Lock on /home/runner/work/ozone/ozone/hadoop-ozone/integration-test/target/test-dir/MiniOzoneClusterImpl-2080ac2c-1c22-4300-b117-cc71631a0cfb/omNode-3/ratis/c9bc4cf4-3bc3-3c60-a66b-523986131536/in_use.lock acquired by nodename 28234@fv-az244-795
2022-08-10 09:23:32,239 [pool-939-thread-1] INFO  storage.RaftStorage (RaftStorageImpl.java:analyzeAndRecoverStorage(110)) - Read RaftStorageMetadata{term=3, votedFor=} from /home/runner/work/ozone/ozone/hadoop-ozone/integration-test/target/test-dir/MiniOzoneClusterImpl-2080ac2c-1c22-4300-b117-cc71631a0cfb/omNode-3/ratis/c9bc4cf4-3bc3-3c60-a66b-523986131536/current/raft-meta
2022-08-10 09:23:32,239 [pool-939-thread-1] INFO  server.RaftServer$Division (ServerState.java:setRaftConf(393)) - omNode-3@group-523986131536: set configuration 0: [omNode-3|rpc:localhost:34345|admin:|client:|dataStream:|priority:0, omNode-1|rpc:localhost:33619|admin:|client:|dataStream:|priority:0, omNode-2|rpc:localhost:43433|admin:|client:|dataStream:|priority:0], old=null
2022-08-10 09:23:32,239 [pool-939-thread-1] INFO  server.RaftServerConfigKeys (ConfUtils.java:logGet(46)) - raft.server.notification.no-leader.timeout = 2s (custom)
2022-08-10 09:23:32,239 [pool-939-thread-1] INFO  server.RaftServerConfigKeys (ConfUtils.java:logGet(46)) - raft.server.log.use.memory = false (default)
2022-08-10 09:23:32,239 [pool-939-thread-1] INFO  server.RaftServerConfigKeys (ConfUtils.java:logGet(46)) - raft.server.log.purge.gap = 50 (custom)
2022-08-10 09:23:32,239 [pool-939-thread-1] INFO  server.RaftServerConfigKeys (ConfUtils.java:logGet(46)) - raft.server.log.appender.buffer.byte-limit = 33554432 (custom)
2022-08-10 09:23:32,239 [pool-939-thread-1] INFO  server.RaftServerConfigKeys (ConfUtils.java:logGet(46)) - raft.server.log.statemachine.data.read.timeout = 1000ms (default)
2022-08-10 09:23:32,241 [pool-939-thread-1] INFO  server.RaftServerConfigKeys (ConfUtils.java:logGet(46)) - raft.server.log.segment.size.max = 4194304 (custom)
2022-08-10 09:23:32,242 [pool-939-thread-1] INFO  server.RaftServerConfigKeys (ConfUtils.java:logGet(46)) - raft.server.log.segment.cache.num.max = 2 (custom)
2022-08-10 09:23:32,242 [pool-939-thread-1] INFO  server.RaftServerConfigKeys (ConfUtils.java:logGet(46)) - raft.server.log.segment.cache.size.max = 200MB (=209715200) (default)
2022-08-10 09:23:32,242 [pool-939-thread-1] INFO  segmented.SegmentedRaftLogWorker (SegmentedRaftLogWorker.java:<init>(187)) - new omNode-3@group-523986131536-SegmentedRaftLogWorker for RaftStorageImpl:Storage Directory /home/runner/work/ozone/ozone/hadoop-ozone/integration-test/target/test-dir/MiniOzoneClusterImpl-2080ac2c-1c22-4300-b117-cc71631a0cfb/omNode-3/ratis/c9bc4cf4-3bc3-3c60-a66b-523986131536
2022-08-10 09:23:32,242 [pool-939-thread-1] INFO  server.RaftServerConfigKeys (ConfUtils.java:logGet(46)) - raft.server.log.queue.byte-limit = 64MB (=67108864) (default)
2022-08-10 09:23:32,242 [pool-939-thread-1] INFO  server.RaftServerConfigKeys (ConfUtils.java:logGet(46)) - raft.server.log.queue.element-limit = 4096 (default)
2022-08-10 09:23:32,242 [pool-939-thread-1] INFO  server.RaftServerConfigKeys (ConfUtils.java:logGet(46)) - raft.server.log.segment.size.max = 4194304 (custom)
2022-08-10 09:23:32,243 [pool-939-thread-1] INFO  server.RaftServerConfigKeys (ConfUtils.java:logGet(46)) - raft.server.log.preallocated.size = 4194304 (custom)
2022-08-10 09:23:32,243 [pool-939-thread-1] INFO  server.RaftServerConfigKeys (ConfUtils.java:logGet(46)) - raft.server.log.force.sync.num = 128 (default)
2022-08-10 09:23:32,243 [pool-939-thread-1] INFO  server.RaftServerConfigKeys (ConfUtils.java:logGet(46)) - raft.server.log.statemachine.data.sync = true (default)
2022-08-10 09:23:32,243 [pool-939-thread-1] INFO  server.RaftServerConfigKeys (ConfUtils.java:logGet(46)) - raft.server.log.statemachine.data.sync.timeout = 10s (default)
2022-08-10 09:23:32,243 [pool-939-thread-1] INFO  server.RaftServerConfigKeys (ConfUtils.java:logGet(46)) - raft.server.log.statemachine.data.sync.timeout.retry = -1 (default)
2022-08-10 09:23:32,244 [pool-939-thread-1] INFO  server.RaftServerConfigKeys (ConfUtils.java:logGet(46)) - raft.server.log.write.buffer.size = 64KB (=65536) (default)
2022-08-10 09:23:32,244 [pool-939-thread-1] INFO  server.RaftServerConfigKeys (ConfUtils.java:logGet(46)) - raft.server.log.unsafe-flush.enabled = false (default)
2022-08-10 09:23:32,244 [pool-939-thread-1] INFO  server.RaftServerConfigKeys (ConfUtils.java:logGet(46)) - raft.server.log.statemachine.data.caching.enabled = false (default)
2022-08-10 09:23:32,245 [pool-939-thread-1] INFO  server.RaftServer$Division (ServerState.java:setRaftConf(393)) - omNode-3@group-523986131536: set configuration 0: [omNode-3|rpc:localhost:34345|admin:|client:|dataStream:|priority:0, omNode-1|rpc:localhost:33619|admin:|client:|dataStream:|priority:0, omNode-2|rpc:localhost:43433|admin:|client:|dataStream:|priority:0], old=null
2022-08-10 09:23:32,255 [pool-939-thread-1] INFO  segmented.LogSegment (LogSegment.java:loadSegment(173)) - Successfully read 45 entries from segment file /home/runner/work/ozone/ozone/hadoop-ozone/integration-test/target/test-dir/MiniOzoneClusterImpl-2080ac2c-1c22-4300-b117-cc71631a0cfb/omNode-3/ratis/c9bc4cf4-3bc3-3c60-a66b-523986131536/current/log_inprogress_0
2022-08-10 09:23:32,255 [pool-939-thread-1] INFO  segmented.SegmentedRaftLogWorker (SegmentedRaftLogWorker.java:lambda$new$0(135)) - omNode-3@group-523986131536-SegmentedRaftLogWorker: flushIndex: setUnconditionally 0 -> 44
2022-08-10 09:23:32,255 [pool-939-thread-1] INFO  segmented.SegmentedRaftLogWorker (SegmentedRaftLogWorker.java:lambda$new$0(135)) - omNode-3@group-523986131536-SegmentedRaftLogWorker: safeCacheEvictIndex: setUnconditionally 0 -> -1
2022-08-10 09:23:32,264 [pool-939-thread-1] INFO  raftlog.RaftLog (RaftLogBase.java:lambda$new$0(53)) - omNode-3@group-523986131536-SegmentedRaftLog: commitIndex: updateToMax old=42, new=43, updated? true
2022-08-10 09:23:32,264 [pool-939-thread-1] INFO  server.RaftServerConfigKeys (ConfUtils.java:logGet(46)) - raft.server.snapshot.auto.trigger.enabled = true (custom)
2022-08-10 09:23:32,264 [pool-939-thread-1] INFO  server.RaftServerConfigKeys (ConfUtils.java:logGet(46)) - raft.server.snapshot.auto.trigger.threshold = 50 (custom)
2022-08-10 09:23:32,264 [pool-939-thread-1] INFO  server.RaftServerConfigKeys (ConfUtils.java:logGet(46)) - raft.server.snapshot.retention.file.num = -1 (default)
2022-08-10 09:23:32,264 [pool-939-thread-1] INFO  server.RaftServerConfigKeys (ConfUtils.java:logGet(46)) - raft.server.log.purge.upto.snapshot.index = true (custom)
2022-08-10 09:23:32,264 [pool-939-thread-1] INFO  server.RaftServerConfigKeys (ConfUtils.java:logGet(46)) - raft.server.retrycache.expirytime = 30000ms (custom)
2022-08-10 09:23:32,264 [pool-939-thread-1] INFO  server.RaftServerConfigKeys (ConfUtils.java:logGet(46)) - raft.server.retrycache.statistics.expirytime = 100μs (default)
2022-08-10 09:23:32,266 [pool-939-thread-1] INFO  server.RaftServerConfigKeys (ConfUtils.java:logGet(46)) - raft.server.log.appender.install.snapshot.enabled = false (custom)
2022-08-10 09:23:32,266 [pool-939-thread-1] INFO  server.RaftServerConfigKeys (ConfUtils.java:logGet(46)) - raft.server.threadpool.server.cached = true (default)
2022-08-10 09:23:32,266 [pool-939-thread-1] INFO  server.RaftServerConfigKeys (ConfUtils.java:logGet(46)) - raft.server.threadpool.server.size = 0 (default)
2022-08-10 09:23:32,266 [pool-939-thread-1] INFO  server.RaftServerConfigKeys (ConfUtils.java:logGet(46)) - raft.server.threadpool.client.cached = true (default)
2022-08-10 09:23:32,266 [pool-939-thread-1] INFO  server.RaftServerConfigKeys (ConfUtils.java:logGet(46)) - raft.server.threadpool.client.size = 0 (default)
2022-08-10 09:23:32,268 [omNode-3-impl-thread1] INFO  server.RaftServer$Division (RaftServerImpl.java:start(310)) - omNode-3@group-523986131536: start as a follower, conf=0: [omNode-3|rpc:localhost:34345|admin:|client:|dataStream:|priority:0, omNode-1|rpc:localhost:33619|admin:|client:|dataStream:|priority:0, omNode-2|rpc:localhost:43433|admin:|client:|dataStream:|priority:0], old=null
2022-08-10 09:23:32,268 [omNode-3-impl-thread1] INFO  server.RaftServer$Division (RaftServerImpl.java:setRole(299)) - omNode-3@group-523986131536: changes role from      null to FOLLOWER at term 3 for startAsFollower
2022-08-10 09:23:32,268 [omNode-3-impl-thread1] INFO  impl.RoleInfo (RoleInfo.java:updateAndGet(139)) - omNode-3: start omNode-3@group-523986131536-FollowerState
2022-08-10 09:23:32,276 [omNode-3-impl-thread1] INFO  util.JmxRegister (JmxRegister.java:tryRegister(44)) - Successfully registered JMX Bean with object name Ratis:service=RaftServer,group=group-523986131536,id=omNode-3
2022-08-10 09:23:32,278 [Listener at 127.0.0.1/35599] INFO  server.RaftServer (RaftServerProxy.java:lambda$start$6(382)) - omNode-3: start RPC server
2022-08-10 09:23:32,283 [Listener at 127.0.0.1/35599] INFO  server.GrpcService (GrpcService.java:startImpl(260)) - omNode-3: GrpcService started, listening on 34345
2022-08-10 09:23:32,283 [Listener at 127.0.0.1/35599] INFO  om.OzoneManager (OzoneManager.java:getRpcServer(1086)) - Creating RPC Server
2022-08-10 09:23:32,284 [org.apache.ratis.util.JvmPauseMonitor$$Lambda$696/1259104175@30a794c2] INFO  util.JvmPauseMonitor (JvmPauseMonitor.java:run(103)) - JvmPauseMonitor-omNode-3: Started
2022-08-10 09:23:32,386 [EndpointStateMachine task thread for /0.0.0.0:42301 - 0 ] INFO  ipc.Client (Client.java:handleConnectionFailure(977)) - Retrying connect to server: 0.0.0.0/0.0.0.0:42301. Already tried 11 time(s); retry policy is RetryUpToMaximumCountWithFixedSleep(maxRetries=15, sleepTime=1000 MILLISECONDS)
2022-08-10 09:23:32,398 [grpc-default-executor-1] WARN  server.GrpcLogAppender (LogUtils.java:warn(122)) - omNode-1@group-523986131536->omNode-3-AppendLogResponseHandler: Failed appendEntries: org.apache.ratis.thirdparty.io.grpc.StatusRuntimeException: UNAVAILABLE: io exception
2022-08-10 09:23:32,399 [grpc-default-executor-1] INFO  leader.FollowerInfo (FollowerInfoImpl.java:lambda$new$0(48)) - omNode-1@group-523986131536->omNode-3: nextIndex: updateUnconditionally 545 -> 45
2022-08-10 09:23:32,589 [omNode-3-server-thread1] INFO  server.RaftServer$Division (ServerState.java:setLeader(287)) - omNode-3@group-523986131536: change Leader from null to omNode-1 at term 3 for appendEntries, leader elected after 349ms
2022-08-10 09:23:32,793 [Finalizer] WARN  managed.ManagedRocksObjectUtils (ManagedRocksObjectUtils.java:assertClosed(39)) - ManagedColumnFamilyOptions is not closed properly
2022-08-10 09:23:32,793 [Finalizer] WARN  managed.ManagedRocksObjectUtils (ManagedRocksObjectUtils.java:assertClosed(39)) - ManagedColumnFamilyOptions is not closed properly
2022-08-10 09:23:32,793 [Finalizer] WARN  managed.ManagedRocksObjectUtils (ManagedRocksObjectUtils.java:assertClosed(39)) - ManagedColumnFamilyOptions is not closed properly
2022-08-10 09:23:32,793 [Finalizer] WARN  managed.ManagedRocksObjectUtils (ManagedRocksObjectUtils.java:assertClosed(39)) - ManagedColumnFamilyOptions is not closed properly
2022-08-10 09:23:32,793 [Finalizer] WARN  managed.ManagedRocksObjectUtils (ManagedRocksObjectUtils.java:assertClosed(39)) - ManagedColumnFamilyOptions is not closed properly
2022-08-10 09:23:32,793 [Finalizer] WARN  managed.ManagedRocksObjectUtils (ManagedRocksObjectUtils.java:assertClosed(39)) - ManagedColumnFamilyOptions is not closed properly
2022-08-10 09:23:32,793 [Finalizer] WARN  managed.ManagedRocksObjectUtils (ManagedRocksObjectUtils.java:assertClosed(39)) - ManagedColumnFamilyOptions is not closed properly
2022-08-10 09:23:32,793 [Finalizer] WARN  managed.ManagedRocksObjectUtils (ManagedRocksObjectUtils.java:assertClosed(39)) - ManagedColumnFamilyOptions is not closed properly
2022-08-10 09:23:32,793 [Finalizer] WARN  managed.ManagedRocksObjectUtils (ManagedRocksObjectUtils.java:assertClosed(39)) - ManagedColumnFamilyOptions is not closed properly
2022-08-10 09:23:32,793 [Finalizer] WARN  managed.ManagedRocksObjectUtils (ManagedRocksObjectUtils.java:assertClosed(39)) - ManagedColumnFamilyOptions is not closed properly
2022-08-10 09:23:32,794 [Finalizer] WARN  managed.ManagedRocksObjectUtils (ManagedRocksObjectUtils.java:assertClosed(39)) - ManagedColumnFamilyOptions is not closed properly
2022-08-10 09:23:32,794 [Finalizer] WARN  managed.ManagedRocksObjectUtils (ManagedRocksObjectUtils.java:assertClosed(39)) - ManagedColumnFamilyOptions is not closed properly
2022-08-10 09:23:32,794 [Finalizer] WARN  managed.ManagedRocksObjectUtils (ManagedRocksObjectUtils.java:assertClosed(39)) - ManagedColumnFamilyOptions is not closed properly
2022-08-10 09:23:32,794 [Finalizer] WARN  managed.ManagedRocksObjectUtils (ManagedRocksObjectUtils.java:assertClosed(39)) - ManagedColumnFamilyOptions is not closed properly
2022-08-10 09:23:32,794 [Finalizer] WARN  managed.ManagedRocksObjectUtils (ManagedRocksObjectUtils.java:assertClosed(39)) - ManagedColumnFamilyOptions is not closed properly
2022-08-10 09:23:32,794 [Finalizer] WARN  managed.ManagedRocksObjectUtils (ManagedRocksObjectUtils.java:assertClosed(39)) - ManagedColumnFamilyOptions is not closed properly
2022-08-10 09:23:32,794 [Finalizer] WARN  managed.ManagedRocksObjectUtils (ManagedRocksObjectUtils.java:assertClosed(39)) - ManagedColumnFamilyOptions is not closed properly
2022-08-10 09:23:32,794 [Finalizer] WARN  managed.ManagedRocksObjectUtils (ManagedRocksObjectUtils.java:assertClosed(39)) - ManagedColumnFamilyOptions is not closed properly
2022-08-10 09:23:32,794 [Finalizer] WARN  managed.ManagedRocksObjectUtils (ManagedRocksObjectUtils.java:assertClosed(39)) - ManagedColumnFamilyOptions is not closed properly
2022-08-10 09:23:32,794 [Finalizer] WARN  managed.ManagedRocksObjectUtils (ManagedRocksObjectUtils.java:assertClosed(39)) - ManagedColumnFamilyOptions is not closed properly
2022-08-10 09:23:32,794 [Finalizer] WARN  managed.ManagedRocksObjectUtils (ManagedRocksObjectUtils.java:assertClosed(39)) - ManagedColumnFamilyOptions is not closed properly
2022-08-10 09:23:32,794 [Finalizer] WARN  managed.ManagedRocksObjectUtils (ManagedRocksObjectUtils.java:assertClosed(39)) - ManagedColumnFamilyOptions is not closed properly
2022-08-10 09:23:32,794 [Finalizer] WARN  managed.ManagedRocksObjectUtils (ManagedRocksObjectUtils.java:assertClosed(39)) - ManagedLRUCache is not closed properly
2022-08-10 09:23:32,794 [Finalizer] WARN  managed.ManagedRocksObjectUtils (ManagedRocksObjectUtils.java:assertClosed(39)) - ManagedBloomFilter is not closed properly
2022-08-10 09:23:32,794 [Finalizer] WARN  managed.ManagedRocksObjectUtils (ManagedRocksObjectUtils.java:assertClosed(39)) - ManagedColumnFamilyOptions is not closed properly
2022-08-10 09:23:32,794 [Finalizer] WARN  managed.ManagedRocksObjectUtils (ManagedRocksObjectUtils.java:assertClosed(39)) - ManagedLRUCache is not closed properly
2022-08-10 09:23:32,794 [Finalizer] WARN  managed.ManagedRocksObjectUtils (ManagedRocksObjectUtils.java:assertClosed(39)) - ManagedBloomFilter is not closed properly
2022-08-10 09:23:32,794 [Finalizer] WARN  managed.ManagedRocksObjectUtils (ManagedRocksObjectUtils.java:assertClosed(39)) - ManagedColumnFamilyOptions is not closed properly
2022-08-10 09:23:32,794 [Finalizer] WARN  managed.ManagedRocksObjectUtils (ManagedRocksObjectUtils.java:assertClosed(39)) - ManagedLRUCache is not closed properly
2022-08-10 09:23:32,794 [Finalizer] WARN  managed.ManagedRocksObjectUtils (ManagedRocksObjectUtils.java:assertClosed(39)) - ManagedBloomFilter is not closed properly
2022-08-10 09:23:32,794 [Finalizer] WARN  managed.ManagedRocksObjectUtils (ManagedRocksObjectUtils.java:assertClosed(39)) - ManagedColumnFamilyOptions is not closed properly
2022-08-10 09:23:32,794 [Finalizer] WARN  managed.ManagedRocksObjectUtils (ManagedRocksObjectUtils.java:assertClosed(39)) - ManagedLRUCache is not closed properly
2022-08-10 09:23:32,794 [Finalizer] WARN  managed.ManagedRocksObjectUtils (ManagedRocksObjectUtils.java:assertClosed(39)) - ManagedBloomFilter is not closed properly
2022-08-10 09:23:32,794 [Finalizer] WARN  managed.ManagedRocksObjectUtils (ManagedRocksObjectUtils.java:assertClosed(39)) - ManagedColumnFamilyOptions is not closed properly
2022-08-10 09:23:32,794 [Finalizer] WARN  managed.ManagedRocksObjectUtils (ManagedRocksObjectUtils.java:assertClosed(39)) - ManagedLRUCache is not closed properly
2022-08-10 09:23:32,794 [Finalizer] WARN  managed.ManagedRocksObjectUtils (ManagedRocksObjectUtils.java:assertClosed(39)) - ManagedBloomFilter is not closed properly
2022-08-10 09:23:32,794 [Finalizer] WARN  managed.ManagedRocksObjectUtils (ManagedRocksObjectUtils.java:assertClosed(39)) - ManagedColumnFamilyOptions is not closed properly
2022-08-10 09:23:32,794 [Finalizer] WARN  managed.ManagedRocksObjectUtils (ManagedRocksObjectUtils.java:assertClosed(39)) - ManagedLRUCache is not closed properly
2022-08-10 09:23:32,794 [Finalizer] WARN  managed.ManagedRocksObjectUtils (ManagedRocksObjectUtils.java:assertClosed(39)) - ManagedBloomFilter is not closed properly
2022-08-10 09:23:32,794 [Finalizer] WARN  managed.ManagedRocksObjectUtils (ManagedRocksObjectUtils.java:assertClosed(39)) - ManagedColumnFamilyOptions is not closed properly
2022-08-10 09:23:32,794 [Finalizer] WARN  managed.ManagedRocksObjectUtils (ManagedRocksObjectUtils.java:assertClosed(39)) - ManagedLRUCache is not closed properly
2022-08-10 09:23:32,794 [Finalizer] WARN  managed.ManagedRocksObjectUtils (ManagedRocksObjectUtils.java:assertClosed(39)) - ManagedBloomFilter is not closed properly
2022-08-10 09:23:32,795 [Finalizer] WARN  managed.ManagedRocksObjectUtils (ManagedRocksObjectUtils.java:assertClosed(39)) - ManagedColumnFamilyOptions is not closed properly
2022-08-10 09:23:32,795 [Finalizer] WARN  managed.ManagedRocksObjectUtils (ManagedRocksObjectUtils.java:assertClosed(39)) - ManagedLRUCache is not closed properly
2022-08-10 09:23:32,795 [Finalizer] WARN  managed.ManagedRocksObjectUtils (ManagedRocksObjectUtils.java:assertClosed(39)) - ManagedBloomFilter is not closed properly
2022-08-10 09:23:32,795 [Finalizer] WARN  managed.ManagedRocksObjectUtils (ManagedRocksObjectUtils.java:assertClosed(39)) - ManagedColumnFamilyOptions is not closed properly
2022-08-10 09:23:32,795 [Finalizer] WARN  managed.ManagedRocksObjectUtils (ManagedRocksObjectUtils.java:assertClosed(39)) - ManagedLRUCache is not closed properly
2022-08-10 09:23:32,795 [Finalizer] WARN  managed.ManagedRocksObjectUtils (ManagedRocksObjectUtils.java:assertClosed(39)) - ManagedBloomFilter is not closed properly
2022-08-10 09:23:32,795 [Finalizer] WARN  managed.ManagedRocksObjectUtils (ManagedRocksObjectUtils.java:assertClosed(39)) - ManagedColumnFamilyOptions is not closed properly
2022-08-10 09:23:32,795 [Finalizer] WARN  managed.ManagedRocksObjectUtils (ManagedRocksObjectUtils.java:assertClosed(39)) - ManagedLRUCache is not closed properly
2022-08-10 09:23:32,795 [Finalizer] WARN  managed.ManagedRocksObjectUtils (ManagedRocksObjectUtils.java:assertClosed(39)) - ManagedBloomFilter is not closed properly
2022-08-10 09:23:32,795 [Finalizer] WARN  managed.ManagedRocksObjectUtils (ManagedRocksObjectUtils.java:assertClosed(39)) - ManagedColumnFamilyOptions is not closed properly
2022-08-10 09:23:32,795 [Finalizer] WARN  managed.ManagedRocksObjectUtils (ManagedRocksObjectUtils.java:assertClosed(39)) - ManagedLRUCache is not closed properly
2022-08-10 09:23:32,795 [Finalizer] WARN  managed.ManagedRocksObjectUtils (ManagedRocksObjectUtils.java:assertClosed(39)) - ManagedBloomFilter is not closed properly
2022-08-10 09:23:32,795 [Finalizer] WARN  managed.ManagedRocksObjectUtils (ManagedRocksObjectUtils.java:assertClosed(39)) - ManagedColumnFamilyOptions is not closed properly
2022-08-10 09:23:32,795 [Finalizer] WARN  managed.ManagedRocksObjectUtils (ManagedRocksObjectUtils.java:assertClosed(39)) - ManagedLRUCache is not closed properly
2022-08-10 09:23:32,795 [Finalizer] WARN  managed.ManagedRocksObjectUtils (ManagedRocksObjectUtils.java:assertClosed(39)) - ManagedBloomFilter is not closed properly
2022-08-10 09:23:32,795 [Finalizer] WARN  managed.ManagedRocksObjectUtils (ManagedRocksObjectUtils.java:assertClosed(39)) - ManagedColumnFamilyOptions is not closed properly
2022-08-10 09:23:32,795 [Finalizer] WARN  managed.ManagedRocksObjectUtils (ManagedRocksObjectUtils.java:assertClosed(39)) - ManagedLRUCache is not closed properly
2022-08-10 09:23:32,795 [Finalizer] WARN  managed.ManagedRocksObjectUtils (ManagedRocksObjectUtils.java:assertClosed(39)) - ManagedBloomFilter is not closed properly
2022-08-10 09:23:32,795 [Finalizer] WARN  managed.ManagedRocksObjectUtils (ManagedRocksObjectUtils.java:assertClosed(39)) - ManagedColumnFamilyOptions is not closed properly
2022-08-10 09:23:32,795 [Finalizer] WARN  managed.ManagedRocksObjectUtils (ManagedRocksObjectUtils.java:assertClosed(39)) - ManagedLRUCache is not closed properly
2022-08-10 09:23:32,795 [Finalizer] WARN  managed.ManagedRocksObjectUtils (ManagedRocksObjectUtils.java:assertClosed(39)) - ManagedBloomFilter is not closed properly
2022-08-10 09:23:32,795 [Finalizer] WARN  managed.ManagedRocksObjectUtils (ManagedRocksObjectUtils.java:assertClosed(39)) - ManagedColumnFamilyOptions is not closed properly
2022-08-10 09:23:32,795 [Finalizer] WARN  managed.ManagedRocksObjectUtils (ManagedRocksObjectUtils.java:assertClosed(39)) - ManagedLRUCache is not closed properly
2022-08-10 09:23:32,795 [Finalizer] WARN  managed.ManagedRocksObjectUtils (ManagedRocksObjectUtils.java:assertClosed(39)) - ManagedBloomFilter is not closed properly
2022-08-10 09:23:32,795 [Finalizer] WARN  managed.ManagedRocksObjectUtils (ManagedRocksObjectUtils.java:assertClosed(39)) - ManagedColumnFamilyOptions is not closed properly
2022-08-10 09:23:32,795 [Finalizer] WARN  managed.ManagedRocksObjectUtils (ManagedRocksObjectUtils.java:assertClosed(39)) - ManagedLRUCache is not closed properly
2022-08-10 09:23:32,796 [Finalizer] WARN  managed.ManagedRocksObjectUtils (ManagedRocksObjectUtils.java:assertClosed(39)) - ManagedBloomFilter is not closed properly
2022-08-10 09:23:32,796 [Finalizer] WARN  managed.ManagedRocksObjectUtils (ManagedRocksObjectUtils.java:assertClosed(39)) - ManagedColumnFamilyOptions is not closed properly
2022-08-10 09:23:32,796 [Finalizer] WARN  managed.ManagedRocksObjectUtils (ManagedRocksObjectUtils.java:assertClosed(39)) - ManagedLRUCache is not closed properly
2022-08-10 09:23:32,796 [Finalizer] WARN  managed.ManagedRocksObjectUtils (ManagedRocksObjectUtils.java:assertClosed(39)) - ManagedBloomFilter is not closed properly
2022-08-10 09:23:32,796 [Finalizer] WARN  managed.ManagedRocksObjectUtils (ManagedRocksObjectUtils.java:assertClosed(39)) - ManagedColumnFamilyOptions is not closed properly
2022-08-10 09:23:32,796 [Finalizer] WARN  managed.ManagedRocksObjectUtils (ManagedRocksObjectUtils.java:assertClosed(39)) - ManagedLRUCache is not closed properly
2022-08-10 09:23:32,796 [Finalizer] WARN  managed.ManagedRocksObjectUtils (ManagedRocksObjectUtils.java:assertClosed(39)) - ManagedBloomFilter is not closed properly
2022-08-10 09:23:32,796 [Finalizer] WARN  managed.ManagedRocksObjectUtils (ManagedRocksObjectUtils.java:assertClosed(39)) - ManagedColumnFamilyOptions is not closed properly
2022-08-10 09:23:32,796 [Finalizer] WARN  managed.ManagedRocksObjectUtils (ManagedRocksObjectUtils.java:assertClosed(39)) - ManagedLRUCache is not closed properly
2022-08-10 09:23:32,796 [Finalizer] WARN  managed.ManagedRocksObjectUtils (ManagedRocksObjectUtils.java:assertClosed(39)) - ManagedBloomFilter is not closed properly
2022-08-10 09:23:32,796 [Finalizer] WARN  managed.ManagedRocksObjectUtils (ManagedRocksObjectUtils.java:assertClosed(39)) - ManagedColumnFamilyOptions is not closed properly
2022-08-10 09:23:32,796 [Finalizer] WARN  managed.ManagedRocksObjectUtils (ManagedRocksObjectUtils.java:assertClosed(39)) - ManagedLRUCache is not closed properly
2022-08-10 09:23:32,796 [Finalizer] WARN  managed.ManagedRocksObjectUtils (ManagedRocksObjectUtils.java:assertClosed(39)) - ManagedBloomFilter is not closed properly
2022-08-10 09:23:33,129 [omNode-3@group-523986131536-StateMachineUpdater] INFO  ratis.OzoneManagerStateMachine (OzoneManagerStateMachine.java:takeSnapshot(441)) - Current Snapshot Index (t:3, i:544)
2022-08-10 09:23:33,129 [omNode-3@group-523986131536-StateMachineUpdater] INFO  impl.StateMachineUpdater (StateMachineUpdater.java:takeSnapshot(287)) - omNode-3@group-523986131536-StateMachineUpdater: Took a snapshot at index 544
2022-08-10 09:23:33,129 [omNode-3@group-523986131536-StateMachineUpdater] INFO  impl.StateMachineUpdater (StateMachineUpdater.java:lambda$new$0(92)) - omNode-3@group-523986131536-StateMachineUpdater: snapshotIndex: updateIncreasingly 42 -> 544
2022-08-10 09:23:33,129 [omNode-3@group-523986131536-StateMachineUpdater] INFO  raftlog.RaftLog (RaftLogBase.java:purge(308)) - omNode-3@group-523986131536-SegmentedRaftLog: purge 544
2022-08-10 09:23:33,129 [omNode-3@group-523986131536-StateMachineUpdater] INFO  raftlog.RaftLog (RaftLogBase.java:lambda$new$0(53)) - omNode-3@group-523986131536-SegmentedRaftLog: snapshotIndex: updateIncreasingly 42 -> 544
2022-08-10 09:23:33,129 [omNode-3@group-523986131536-StateMachineUpdater] INFO  raftlog.RaftLog (RaftLogBase.java:lambda$new$0(53)) - omNode-3@group-523986131536-SegmentedRaftLog: purgeIndex: updateToMax old=-1, new=544, updated? true
2022-08-10 09:23:33,320 [Listener at 127.0.0.1/35599] INFO  reflections.Reflections (Reflections.java:scan(232)) - Reflections took 1036 ms to scan 19 urls, producing 67 keys and 4150 values [using 2 cores]
2022-08-10 09:23:33,322 [Listener at 127.0.0.1/35599] INFO  ipc.CallQueueManager (CallQueueManager.java:<init>(90)) - Using callQueue: class java.util.concurrent.LinkedBlockingQueue, queueCapacity: 2000, scheduler: class org.apache.hadoop.ipc.DefaultRpcScheduler, ipcBackoff: false.
2022-08-10 09:23:33,323 [Socket Reader #1 for port 35599] INFO  ipc.Server (Server.java:run(1265)) - Starting Socket Reader #1 for port 35599
2022-08-10 09:23:33,328 [Listener at localhost/35599] INFO  http.BaseHttpServer (BaseHttpServer.java:newHttpServer2BuilderForOzone(209)) - Starting Web-server for ozoneManager at: http://0.0.0.0:33063
2022-08-10 09:23:33,328 [Listener at localhost/35599] INFO  http.BaseHttpServer (BaseHttpServer.java:<init>(107)) - Hadoop Security Enabled: false Ozone Security Enabled: false Ozone HTTP Security Enabled: false 
2022-08-10 09:23:33,329 [Listener at localhost/35599] INFO  server.AuthenticationFilter (AuthenticationFilter.java:constructSecretProvider(240)) - Unable to initialize FileSignerSecretProvider, falling back to use random secrets.
2022-08-10 09:23:33,333 [Listener at localhost/35599] WARN  http.HttpRequestLog (HttpRequestLog.java:getRequestLog(103)) - Jetty request log can only be enabled using Log4j
2022-08-10 09:23:33,334 [Listener at localhost/35599] INFO  http.HttpServer2 (HttpServer2.java:addGlobalFilter(1029)) - Added global filter 'safety' (class=org.apache.hadoop.hdds.server.http.HttpServer2$QuotingInputFilter)
2022-08-10 09:23:33,335 [Listener at localhost/35599] INFO  http.HttpServer2 (HttpServer2.java:addFilter(1005)) - Added filter static_user_filter (class=org.apache.hadoop.http.lib.StaticUserWebFilter$StaticUserFilter) to context ozoneManager
2022-08-10 09:23:33,335 [Listener at localhost/35599] INFO  http.HttpServer2 (HttpServer2.java:addFilter(1013)) - Added filter static_user_filter (class=org.apache.hadoop.http.lib.StaticUserWebFilter$StaticUserFilter) to context logs
2022-08-10 09:23:33,335 [Listener at localhost/35599] INFO  http.HttpServer2 (HttpServer2.java:addFilter(1013)) - Added filter static_user_filter (class=org.apache.hadoop.http.lib.StaticUserWebFilter$StaticUserFilter) to context static
2022-08-10 09:23:33,348 [Listener at localhost/35599] INFO  http.HttpServer2 (HttpServer2.java:bindListener(1248)) - Jetty bound to port 33063
2022-08-10 09:23:33,348 [Listener at localhost/35599] INFO  server.Server (Server.java:doStart(375)) - jetty-9.4.43.v20210629; built: 2021-06-30T11:07:22.254Z; git: 526006ecfa3af7f1a27ef3a288e2bef7ea9dd7e8; jvm 1.8.0_332-b09
2022-08-10 09:23:33,358 [Listener at localhost/35599] INFO  server.session (DefaultSessionIdManager.java:doStart(334)) - DefaultSessionIdManager workerName=node0
2022-08-10 09:23:33,358 [Listener at localhost/35599] INFO  server.session (DefaultSessionIdManager.java:doStart(339)) - No SessionScavenger set, using defaults
2022-08-10 09:23:33,359 [Listener at localhost/35599] INFO  server.session (HouseKeeper.java:startScavenging(132)) - node0 Scavenging every 600000ms
2022-08-10 09:23:33,359 [Listener at localhost/35599] INFO  handler.ContextHandler (ContextHandler.java:doStart(915)) - Started o.e.j.s.ServletContextHandler@2700b7bf{logs,/logs,file:///home/runner/work/ozone/ozone/hadoop-ozone/integration-test/target/log,AVAILABLE}
2022-08-10 09:23:33,360 [Listener at localhost/35599] INFO  handler.ContextHandler (ContextHandler.java:doStart(915)) - Started o.e.j.s.ServletContextHandler@62593536{static,/static,file:///home/runner/work/ozone/ozone/hadoop-ozone/integration-test/target/test-classes/webapps/static,AVAILABLE}
2022-08-10 09:23:33,363 [Listener at localhost/35599] INFO  handler.ContextHandler (ContextHandler.java:doStart(915)) - Started o.e.j.w.WebAppContext@1df71963{ozoneManager,/,file:///home/runner/work/ozone/ozone/hadoop-ozone/integration-test/target/test-classes/webapps/ozoneManager/,AVAILABLE}{file:/home/runner/work/ozone/ozone/hadoop-ozone/integration-test/target/test-classes/webapps/ozoneManager}
2022-08-10 09:23:33,367 [Listener at localhost/35599] INFO  server.AbstractConnector (AbstractConnector.java:doStart(331)) - Started ServerConnector@4e296a27{HTTP/1.1, (http/1.1)}{0.0.0.0:33063}
2022-08-10 09:23:33,367 [Listener at localhost/35599] INFO  server.Server (Server.java:doStart(415)) - Started @140817ms
2022-08-10 09:23:33,367 [Listener at localhost/35599] WARN  impl.MetricsSystemImpl (MetricsSystemImpl.java:register(279)) - Sink prometheus already exists!
2022-08-10 09:23:33,368 [Listener at localhost/35599] INFO  http.BaseHttpServer (BaseHttpServer.java:updateConnectorAddress(329)) - HTTP server of ozoneManager listening at http://0.0.0.0:33063
2022-08-10 09:23:33,371 [IPC Server Responder] INFO  ipc.Server (Server.java:run(1507)) - IPC Server Responder: starting
2022-08-10 09:23:33,380 [IPC Server listener on 35599] INFO  ipc.Server (Server.java:run(1344)) - IPC Server listener on 35599: starting
2022-08-10 09:23:33,389 [EndpointStateMachine task thread for /0.0.0.0:42301 - 0 ] INFO  ipc.Client (Client.java:handleConnectionFailure(977)) - Retrying connect to server: 0.0.0.0/0.0.0.0:42301. Already tried 12 time(s); retry policy is RetryUpToMaximumCountWithFixedSleep(maxRetries=15, sleepTime=1000 MILLISECONDS)
2022-08-10 09:23:33,410 [Listener at localhost/35599] INFO  om.OzoneManager (OzoneManager.java:startTrashEmptier(1907)) - Trash Interval set to 0. Files deleted won't move to trash
2022-08-10 09:23:33,415 [org.apache.hadoop.util.JvmPauseMonitor$Monitor@245cc90b] INFO  util.JvmPauseMonitor (JvmPauseMonitor.java:run(188)) - Starting JVM pause monitor
2022-08-10 09:23:33,490 [omNode-1@group-523986131536-StateMachineUpdater] INFO  ratis.OzoneManagerStateMachine (OzoneManagerStateMachine.java:takeSnapshot(441)) - Current Snapshot Index (t:3, i:550)
2022-08-10 09:23:33,490 [omNode-1@group-523986131536-StateMachineUpdater] INFO  impl.StateMachineUpdater (StateMachineUpdater.java:takeSnapshot(287)) - omNode-1@group-523986131536-StateMachineUpdater: Took a snapshot at index 550
2022-08-10 09:23:33,490 [omNode-1@group-523986131536-StateMachineUpdater] INFO  impl.StateMachineUpdater (StateMachineUpdater.java:lambda$new$0(92)) - omNode-1@group-523986131536-StateMachineUpdater: snapshotIndex: updateIncreasingly 500 -> 550
2022-08-10 09:23:33,491 [omNode-1@group-523986131536-StateMachineUpdater] INFO  raftlog.RaftLog (RaftLogBase.java:purge(308)) - omNode-1@group-523986131536-SegmentedRaftLog: purge 550
2022-08-10 09:23:33,491 [omNode-1@group-523986131536-StateMachineUpdater] INFO  raftlog.RaftLog (RaftLogBase.java:lambda$new$0(53)) - omNode-1@group-523986131536-SegmentedRaftLog: snapshotIndex: updateIncreasingly 500 -> 550
2022-08-10 09:23:33,491 [omNode-1@group-523986131536-StateMachineUpdater] INFO  raftlog.RaftLog (RaftLogBase.java:lambda$new$0(53)) - omNode-1@group-523986131536-SegmentedRaftLog: purgeIndex: updateToMax old=500, new=550, updated? true
2022-08-10 09:23:33,623 [omNode-2@group-523986131536-StateMachineUpdater] INFO  ratis.OzoneManagerStateMachine (OzoneManagerStateMachine.java:takeSnapshot(441)) - Current Snapshot Index (t:3, i:560)
2022-08-10 09:23:33,624 [omNode-2@group-523986131536-StateMachineUpdater] INFO  impl.StateMachineUpdater (StateMachineUpdater.java:takeSnapshot(287)) - omNode-2@group-523986131536-StateMachineUpdater: Took a snapshot at index 560
2022-08-10 09:23:33,624 [omNode-2@group-523986131536-StateMachineUpdater] INFO  impl.StateMachineUpdater (StateMachineUpdater.java:lambda$new$0(92)) - omNode-2@group-523986131536-StateMachineUpdater: snapshotIndex: updateIncreasingly 509 -> 560
2022-08-10 09:23:33,624 [omNode-2@group-523986131536-StateMachineUpdater] INFO  raftlog.RaftLog (RaftLogBase.java:purge(308)) - omNode-2@group-523986131536-SegmentedRaftLog: purge 560
2022-08-10 09:23:33,624 [omNode-2@group-523986131536-StateMachineUpdater] INFO  raftlog.RaftLog (RaftLogBase.java:lambda$new$0(53)) - omNode-2@group-523986131536-SegmentedRaftLog: snapshotIndex: updateIncreasingly 509 -> 560
2022-08-10 09:23:33,624 [omNode-2@group-523986131536-StateMachineUpdater] INFO  raftlog.RaftLog (RaftLogBase.java:lambda$new$0(53)) - omNode-2@group-523986131536-SegmentedRaftLog: purgeIndex: updateToMax old=509, new=560, updated? true
2022-08-10 09:23:33,978 [Listener at localhost/35599] INFO  om.OzoneManager (OzoneManager.java:stop(2022)) - omNode-3[localhost:35599]: Stopping Ozone Manager
2022-08-10 09:23:33,978 [Listener at localhost/35599] INFO  ipc.Server (Server.java:stop(3414)) - Stopping server on 35599
2022-08-10 09:23:34,009 [IPC Server Responder] INFO  ipc.Server (Server.java:run(1512)) - Stopping IPC Server Responder
2022-08-10 09:23:34,009 [IPC Server listener on 35599] INFO  ipc.Server (Server.java:run(1376)) - Stopping IPC Server listener on 35599
2022-08-10 09:23:34,010 [Listener at localhost/35599] INFO  server.RaftServer (RaftServerProxy.java:lambda$close$7(398)) - omNode-3: close
2022-08-10 09:23:34,011 [Listener at localhost/35599] INFO  server.RaftServer$Division (RaftServerImpl.java:lambda$close$4(434)) - omNode-3@group-523986131536: shutdown
2022-08-10 09:23:34,011 [Listener at localhost/35599] INFO  util.JmxRegister (JmxRegister.java:unregister(73)) - Successfully un-registered JMX Bean with object name Ratis:service=RaftServer,group=group-523986131536,id=omNode-3
2022-08-10 09:23:34,011 [Listener at localhost/35599] INFO  impl.RoleInfo (RoleInfo.java:shutdownFollowerState(110)) - omNode-3: shutdown omNode-3@group-523986131536-FollowerState
2022-08-10 09:23:34,011 [Listener at localhost/35599] INFO  impl.StateMachineUpdater (StateMachineUpdater.java:stopAndJoin(153)) - omNode-3@group-523986131536-StateMachineUpdater: set stopIndex = 581
2022-08-10 09:23:34,011 [omNode-3@group-523986131536-StateMachineUpdater] INFO  ratis.OzoneManagerStateMachine (OzoneManagerStateMachine.java:takeSnapshot(441)) - Current Snapshot Index (t:3, i:581)
2022-08-10 09:23:34,013 [omNode-3@group-523986131536-StateMachineUpdater] INFO  impl.StateMachineUpdater (StateMachineUpdater.java:takeSnapshot(287)) - omNode-3@group-523986131536-StateMachineUpdater: Took a snapshot at index 581
2022-08-10 09:23:34,013 [omNode-3@group-523986131536-StateMachineUpdater] INFO  impl.StateMachineUpdater (StateMachineUpdater.java:lambda$new$0(92)) - omNode-3@group-523986131536-StateMachineUpdater: snapshotIndex: updateIncreasingly 544 -> 581
2022-08-10 09:23:34,013 [omNode-3@group-523986131536-StateMachineUpdater] INFO  ratis.OzoneManagerStateMachine (OzoneManagerStateMachine.java:close(495)) - StateMachine has shutdown. Shutdown OzoneManager if not already shutdown.
2022-08-10 09:23:34,013 [omNode-3@group-523986131536-StateMachineUpdater] INFO  ratis.OzoneManagerDoubleBuffer (OzoneManagerDoubleBuffer.java:stop(466)) - Stopping OMDoubleBuffer flush thread
2022-08-10 09:23:34,011 [omNode-3@group-523986131536-FollowerState] INFO  impl.FollowerState (FollowerState.java:run(152)) - omNode-3@group-523986131536-FollowerState was interrupted
2022-08-10 09:23:34,013 [OMDoubleBufferFlushThread] INFO  ratis.OzoneManagerDoubleBuffer (OzoneManagerDoubleBuffer.java:flushTransactions(385)) - OMDoubleBuffer flush thread OMDoubleBufferFlushThread is interrupted and will exit.
2022-08-10 09:23:34,016 [Listener at localhost/35599] INFO  server.RaftServer$Division (ServerState.java:close(429)) - omNode-3@group-523986131536: closes. applyIndex: 581
2022-08-10 09:23:34,017 [omNode-3@group-523986131536-SegmentedRaftLogWorker] INFO  segmented.SegmentedRaftLogWorker (SegmentedRaftLogWorker.java:run(336)) - omNode-3@group-523986131536-SegmentedRaftLogWorker was interrupted, exiting. There are 0 tasks remaining in the queue.
2022-08-10 09:23:34,018 [Listener at localhost/35599] INFO  segmented.SegmentedRaftLogWorker (SegmentedRaftLogWorker.java:close(246)) - omNode-3@group-523986131536-SegmentedRaftLogWorker close()
2022-08-10 09:23:34,019 [Listener at localhost/35599] INFO  server.GrpcService (GrpcService.java:closeImpl(269)) - omNode-3: shutdown server with port 34345 now
2022-08-10 09:23:34,025 [grpc-default-executor-1] WARN  server.GrpcServerProtocolService (LogUtils.java:warn(122)) - omNode-3: installSnapshot onError, lastRequest: omNode-1->omNode-3#90300-t3,previous=(t:3, i:583),leaderCommit=583,initializing? true,entries: size=1, first=(t:3, i:584), METADATAENTRY(c:583): org.apache.ratis.thirdparty.io.grpc.StatusRuntimeException: CANCELLED: client cancelled
2022-08-10 09:23:34,025 [Listener at localhost/35599] INFO  server.GrpcService (GrpcService.java:closeImpl(278)) - omNode-3: shutdown server with port 34345 successfully
2022-08-10 09:23:34,026 [grpc-default-executor-1] WARN  server.GrpcLogAppender (LogUtils.java:warn(122)) - omNode-1@group-523986131536->omNode-3-AppendLogResponseHandler: Failed appendEntries: org.apache.ratis.thirdparty.io.grpc.StatusRuntimeException: CANCELLED: RST_STREAM closed stream. HTTP/2 error code: CANCEL
2022-08-10 09:23:34,026 [grpc-default-executor-1] INFO  leader.FollowerInfo (FollowerInfoImpl.java:lambda$new$0(48)) - omNode-1@group-523986131536->omNode-3: nextIndex: updateUnconditionally 585 -> 584
2022-08-10 09:23:34,026 [org.apache.ratis.util.JvmPauseMonitor$$Lambda$696/1259104175@30a794c2] INFO  util.JvmPauseMonitor (JvmPauseMonitor.java:run(109)) - JvmPauseMonitor-omNode-3: Stopped
2022-08-10 09:23:34,029 [Listener at localhost/35599] INFO  ratis.OzoneManagerStateMachine (OzoneManagerStateMachine.java:close(495)) - StateMachine has shutdown. Shutdown OzoneManager if not already shutdown.
2022-08-10 09:23:34,029 [Listener at localhost/35599] INFO  ratis.OzoneManagerDoubleBuffer (OzoneManagerDoubleBuffer.java:stop(478)) - OMDoubleBuffer flush thread is not running.
2022-08-10 09:23:34,030 [Listener at localhost/35599] INFO  handler.ContextHandler (ContextHandler.java:doStop(1153)) - Stopped o.e.j.w.WebAppContext@1df71963{ozoneManager,/,null,STOPPED}{file:/home/runner/work/ozone/ozone/hadoop-ozone/integration-test/target/test-classes/webapps/ozoneManager}
2022-08-10 09:23:34,031 [Listener at localhost/35599] INFO  server.AbstractConnector (AbstractConnector.java:doStop(381)) - Stopped ServerConnector@4e296a27{HTTP/1.1, (http/1.1)}{0.0.0.0:33063}
2022-08-10 09:23:34,031 [Listener at localhost/35599] INFO  server.session (HouseKeeper.java:stopScavenging(149)) - node0 Stopped scavenging
2022-08-10 09:23:34,031 [Listener at localhost/35599] INFO  handler.ContextHandler (ContextHandler.java:doStop(1153)) - Stopped o.e.j.s.ServletContextHandler@62593536{static,/static,file:///home/runner/work/ozone/ozone/hadoop-ozone/integration-test/target/test-classes/webapps/static,STOPPED}
2022-08-10 09:23:34,031 [Listener at localhost/35599] INFO  handler.ContextHandler (ContextHandler.java:doStop(1153)) - Stopped o.e.j.s.ServletContextHandler@2700b7bf{logs,/logs,file:///home/runner/work/ozone/ozone/hadoop-ozone/integration-test/target/log,STOPPED}
2022-08-10 09:23:34,038 [grpc-default-executor-3] WARN  server.GrpcLogAppender (LogUtils.java:warn(122)) - omNode-1@group-523986131536->omNode-3-AppendLogResponseHandler: Failed appendEntries: org.apache.ratis.thirdparty.io.grpc.StatusRuntimeException: UNAVAILABLE: io exception
2022-08-10 09:23:34,039 [grpc-default-executor-3] INFO  leader.FollowerInfo (FollowerInfoImpl.java:lambda$new$0(48)) - omNode-1@group-523986131536->omNode-3: nextIndex: updateUnconditionally 585 -> 584
2022-08-10 09:23:34,048 [Listener at localhost/35599] INFO  om.OzoneManager (OzoneManager.java:restart(1559)) - OzoneManager RPC server is listening at localhost/127.0.0.1:35599
2022-08-10 09:23:34,048 [Listener at localhost/35599] INFO  impl.MetricsSystemImpl (MetricsSystemImpl.java:init(158)) - OzoneManager metrics system started (again)
2022-08-10 09:23:34,072 [b74f4fe1-68c4-415c-98c4-eddeab9d2099@group-B580A609090B-FollowerState] INFO  impl.FollowerState (FollowerState.java:run(143)) - b74f4fe1-68c4-415c-98c4-eddeab9d2099@group-B580A609090B-FollowerState: change to CANDIDATE, lastRpcElapsedTime:5074403532ns, electionTimeout:5074ms
2022-08-10 09:23:34,072 [b74f4fe1-68c4-415c-98c4-eddeab9d2099@group-B580A609090B-FollowerState] INFO  impl.RoleInfo (RoleInfo.java:shutdownFollowerState(110)) - b74f4fe1-68c4-415c-98c4-eddeab9d2099: shutdown b74f4fe1-68c4-415c-98c4-eddeab9d2099@group-B580A609090B-FollowerState
2022-08-10 09:23:34,072 [b74f4fe1-68c4-415c-98c4-eddeab9d2099@group-B580A609090B-FollowerState] INFO  server.RaftServer$Division (RaftServerImpl.java:setRole(299)) - b74f4fe1-68c4-415c-98c4-eddeab9d2099@group-B580A609090B: changes role from  FOLLOWER to CANDIDATE at term 4 for changeToCandidate
2022-08-10 09:23:34,072 [b74f4fe1-68c4-415c-98c4-eddeab9d2099@group-B580A609090B-FollowerState] INFO  server.RaftServerConfigKeys (ConfUtils.java:logGet(46)) - raft.server.leaderelection.pre-vote = false (custom)
2022-08-10 09:23:34,072 [b74f4fe1-68c4-415c-98c4-eddeab9d2099@group-B580A609090B-FollowerState] INFO  impl.RoleInfo (RoleInfo.java:updateAndGet(139)) - b74f4fe1-68c4-415c-98c4-eddeab9d2099: start b74f4fe1-68c4-415c-98c4-eddeab9d2099@group-B580A609090B-LeaderElection45
2022-08-10 09:23:34,081 [Listener at localhost/35599] WARN  server.ServerUtils (ServerUtils.java:getDBPath(225)) - ozone.om.db.dirs is not configured. We recommend adding this setting. Falling back to ozone.metadata.dirs instead.
2022-08-10 09:23:34,082 [Listener at localhost/35599] INFO  codec.OmKeyInfoCodec (OmKeyInfoCodec.java:<init>(49)) - OmKeyInfoCodec ignorePipeline = true
2022-08-10 09:23:34,082 [Listener at localhost/35599] INFO  codec.RepeatedOmKeyInfoCodec (RepeatedOmKeyInfoCodec.java:<init>(41)) - RepeatedOmKeyInfoCodec ignorePipeline = true
2022-08-10 09:23:34,084 [8861b532-8644-464f-96f7-f43eddde564a@group-B580A609090B-FollowerState] INFO  impl.FollowerState (FollowerState.java:run(143)) - 8861b532-8644-464f-96f7-f43eddde564a@group-B580A609090B-FollowerState: change to CANDIDATE, lastRpcElapsedTime:5087920987ns, electionTimeout:5073ms
2022-08-10 09:23:34,084 [8861b532-8644-464f-96f7-f43eddde564a@group-B580A609090B-FollowerState] INFO  impl.RoleInfo (RoleInfo.java:shutdownFollowerState(110)) - 8861b532-8644-464f-96f7-f43eddde564a: shutdown 8861b532-8644-464f-96f7-f43eddde564a@group-B580A609090B-FollowerState
2022-08-10 09:23:34,084 [8861b532-8644-464f-96f7-f43eddde564a@group-B580A609090B-FollowerState] INFO  server.RaftServer$Division (RaftServerImpl.java:setRole(299)) - 8861b532-8644-464f-96f7-f43eddde564a@group-B580A609090B: changes role from  FOLLOWER to CANDIDATE at term 4 for changeToCandidate
2022-08-10 09:23:34,084 [8861b532-8644-464f-96f7-f43eddde564a@group-B580A609090B-FollowerState] INFO  server.RaftServerConfigKeys (ConfUtils.java:logGet(46)) - raft.server.leaderelection.pre-vote = false (custom)
2022-08-10 09:23:34,084 [8861b532-8644-464f-96f7-f43eddde564a@group-B580A609090B-FollowerState] INFO  impl.RoleInfo (RoleInfo.java:updateAndGet(139)) - 8861b532-8644-464f-96f7-f43eddde564a: start 8861b532-8644-464f-96f7-f43eddde564a@group-B580A609090B-LeaderElection46
2022-08-10 09:23:34,109 [b74f4fe1-68c4-415c-98c4-eddeab9d2099@group-B580A609090B-LeaderElection45] INFO  impl.LeaderElection (LeaderElection.java:askForVotes(310)) - b74f4fe1-68c4-415c-98c4-eddeab9d2099@group-B580A609090B-LeaderElection45 ELECTION round 0: submit vote requests at term 5 for -1: [8861b532-8644-464f-96f7-f43eddde564a|rpc:10.1.0.9:35537|dataStream:|priority:1, b74f4fe1-68c4-415c-98c4-eddeab9d2099|rpc:10.1.0.9:46513|dataStream:|priority:0, e06c7883-c7a0-4496-b519-f5e79e748d82|rpc:10.1.0.9:34055|dataStream:|priority:0], old=null
2022-08-10 09:23:34,112 [8861b532-8644-464f-96f7-f43eddde564a@group-B580A609090B-LeaderElection46] INFO  impl.LeaderElection (LeaderElection.java:askForVotes(310)) - 8861b532-8644-464f-96f7-f43eddde564a@group-B580A609090B-LeaderElection46 ELECTION round 0: submit vote requests at term 5 for -1: [8861b532-8644-464f-96f7-f43eddde564a|rpc:10.1.0.9:35537|dataStream:|priority:1, b74f4fe1-68c4-415c-98c4-eddeab9d2099|rpc:10.1.0.9:46513|dataStream:|priority:0, e06c7883-c7a0-4496-b519-f5e79e748d82|rpc:10.1.0.9:34055|dataStream:|priority:0], old=null
2022-08-10 09:23:34,116 [grpc-default-executor-3] INFO  server.RaftServer$Division (RaftServerImpl.java:requestVote(1152)) - 8861b532-8644-464f-96f7-f43eddde564a@group-B580A609090B: receive requestVote(ELECTION, b74f4fe1-68c4-415c-98c4-eddeab9d2099, group-B580A609090B, 5, (t:0, i:0))
2022-08-10 09:23:34,117 [grpc-default-executor-3] INFO  impl.VoteContext (VoteContext.java:log(48)) - 8861b532-8644-464f-96f7-f43eddde564a@group-B580A609090B-CANDIDATE: reject ELECTION from b74f4fe1-68c4-415c-98c4-eddeab9d2099: already has voted for 8861b532-8644-464f-96f7-f43eddde564a at current term 5
2022-08-10 09:23:34,117 [grpc-default-executor-3] INFO  server.RaftServer$Division (RaftServerImpl.java:requestVote(1184)) - 8861b532-8644-464f-96f7-f43eddde564a@group-B580A609090B replies to ELECTION vote request: b74f4fe1-68c4-415c-98c4-eddeab9d2099<-8861b532-8644-464f-96f7-f43eddde564a#0:FAIL-t5. Peer's state: 8861b532-8644-464f-96f7-f43eddde564a@group-B580A609090B:t5, leader=null, voted=8861b532-8644-464f-96f7-f43eddde564a, raftlog=8861b532-8644-464f-96f7-f43eddde564a@group-B580A609090B-SegmentedRaftLog:OPENED:c-1, conf=-1: [8861b532-8644-464f-96f7-f43eddde564a|rpc:10.1.0.9:35537|dataStream:|priority:1, b74f4fe1-68c4-415c-98c4-eddeab9d2099|rpc:10.1.0.9:46513|dataStream:|priority:0, e06c7883-c7a0-4496-b519-f5e79e748d82|rpc:10.1.0.9:34055|dataStream:|priority:0], old=null
2022-08-10 09:23:34,124 [grpc-default-executor-3] INFO  server.RaftServer$Division (RaftServerImpl.java:requestVote(1152)) - e06c7883-c7a0-4496-b519-f5e79e748d82@group-B580A609090B: receive requestVote(ELECTION, b74f4fe1-68c4-415c-98c4-eddeab9d2099, group-B580A609090B, 5, (t:0, i:0))
2022-08-10 09:23:34,124 [grpc-default-executor-3] INFO  impl.VoteContext (VoteContext.java:log(48)) - e06c7883-c7a0-4496-b519-f5e79e748d82@group-B580A609090B-FOLLOWER: accept ELECTION from b74f4fe1-68c4-415c-98c4-eddeab9d2099: our priority 0 <= candidate's priority 0
2022-08-10 09:23:34,125 [grpc-default-executor-3] INFO  server.RaftServer$Division (RaftServerImpl.java:setRole(299)) - e06c7883-c7a0-4496-b519-f5e79e748d82@group-B580A609090B: changes role from  FOLLOWER to FOLLOWER at term 5 for candidate:b74f4fe1-68c4-415c-98c4-eddeab9d2099
2022-08-10 09:23:34,125 [grpc-default-executor-3] INFO  impl.RoleInfo (RoleInfo.java:shutdownFollowerState(110)) - e06c7883-c7a0-4496-b519-f5e79e748d82: shutdown e06c7883-c7a0-4496-b519-f5e79e748d82@group-B580A609090B-FollowerState
2022-08-10 09:23:34,129 [grpc-default-executor-3] INFO  impl.RoleInfo (RoleInfo.java:updateAndGet(139)) - e06c7883-c7a0-4496-b519-f5e79e748d82: start e06c7883-c7a0-4496-b519-f5e79e748d82@group-B580A609090B-FollowerState
2022-08-10 09:23:34,129 [e06c7883-c7a0-4496-b519-f5e79e748d82@group-B580A609090B-FollowerState] INFO  impl.FollowerState (FollowerState.java:run(152)) - e06c7883-c7a0-4496-b519-f5e79e748d82@group-B580A609090B-FollowerState was interrupted
2022-08-10 09:23:34,129 [b74f4fe1-68c4-415c-98c4-eddeab9d2099@group-B580A609090B-LeaderElection45] INFO  impl.LeaderElection (LeaderElection.java:logAndReturn(90)) - b74f4fe1-68c4-415c-98c4-eddeab9d2099@group-B580A609090B-LeaderElection45: ELECTION REJECTED received 1 response(s) and 0 exception(s):
2022-08-10 09:23:34,129 [b74f4fe1-68c4-415c-98c4-eddeab9d2099@group-B580A609090B-LeaderElection45] INFO  impl.LeaderElection (LeaderElection.java:logAndReturn(94)) -   Response 0: b74f4fe1-68c4-415c-98c4-eddeab9d2099<-8861b532-8644-464f-96f7-f43eddde564a#0:FAIL-t5
2022-08-10 09:23:34,138 [grpc-default-executor-1] INFO  server.RaftServer$Division (RaftServerImpl.java:requestVote(1152)) - b74f4fe1-68c4-415c-98c4-eddeab9d2099@group-B580A609090B: receive requestVote(ELECTION, 8861b532-8644-464f-96f7-f43eddde564a, group-B580A609090B, 5, (t:0, i:0))
2022-08-10 09:23:34,138 [grpc-default-executor-1] INFO  impl.VoteContext (VoteContext.java:log(48)) - b74f4fe1-68c4-415c-98c4-eddeab9d2099@group-B580A609090B-CANDIDATE: reject ELECTION from 8861b532-8644-464f-96f7-f43eddde564a: already has voted for b74f4fe1-68c4-415c-98c4-eddeab9d2099 at current term 5
2022-08-10 09:23:34,138 [grpc-default-executor-1] INFO  server.RaftServer$Division (RaftServerImpl.java:requestVote(1184)) - b74f4fe1-68c4-415c-98c4-eddeab9d2099@group-B580A609090B replies to ELECTION vote request: 8861b532-8644-464f-96f7-f43eddde564a<-b74f4fe1-68c4-415c-98c4-eddeab9d2099#0:FAIL-t5. Peer's state: b74f4fe1-68c4-415c-98c4-eddeab9d2099@group-B580A609090B:t5, leader=null, voted=b74f4fe1-68c4-415c-98c4-eddeab9d2099, raftlog=b74f4fe1-68c4-415c-98c4-eddeab9d2099@group-B580A609090B-SegmentedRaftLog:OPENED:c-1, conf=-1: [8861b532-8644-464f-96f7-f43eddde564a|rpc:10.1.0.9:35537|dataStream:|priority:1, b74f4fe1-68c4-415c-98c4-eddeab9d2099|rpc:10.1.0.9:46513|dataStream:|priority:0, e06c7883-c7a0-4496-b519-f5e79e748d82|rpc:10.1.0.9:34055|dataStream:|priority:0], old=null
2022-08-10 09:23:34,147 [grpc-default-executor-1] INFO  server.RaftServer$Division (RaftServerImpl.java:requestVote(1152)) - e06c7883-c7a0-4496-b519-f5e79e748d82@group-B580A609090B: receive requestVote(ELECTION, 8861b532-8644-464f-96f7-f43eddde564a, group-B580A609090B, 5, (t:0, i:0))
2022-08-10 09:23:34,149 [b74f4fe1-68c4-415c-98c4-eddeab9d2099@group-B580A609090B-LeaderElection45] INFO  impl.LeaderElection (LeaderElection.java:askForVotes(312)) - b74f4fe1-68c4-415c-98c4-eddeab9d2099@group-B580A609090B-LeaderElection45 ELECTION round 0: result REJECTED
2022-08-10 09:23:34,149 [b74f4fe1-68c4-415c-98c4-eddeab9d2099@group-B580A609090B-LeaderElection45] INFO  server.RaftServer$Division (RaftServerImpl.java:setRole(299)) - b74f4fe1-68c4-415c-98c4-eddeab9d2099@group-B580A609090B: changes role from CANDIDATE to FOLLOWER at term 5 for REJECTED
2022-08-10 09:23:34,167 [b74f4fe1-68c4-415c-98c4-eddeab9d2099@group-B580A609090B-LeaderElection45] INFO  impl.RoleInfo (RoleInfo.java:shutdownLeaderElection(130)) - b74f4fe1-68c4-415c-98c4-eddeab9d2099: shutdown b74f4fe1-68c4-415c-98c4-eddeab9d2099@group-B580A609090B-LeaderElection45
2022-08-10 09:23:34,167 [b74f4fe1-68c4-415c-98c4-eddeab9d2099@group-B580A609090B-LeaderElection45] INFO  impl.RoleInfo (RoleInfo.java:updateAndGet(139)) - b74f4fe1-68c4-415c-98c4-eddeab9d2099: start b74f4fe1-68c4-415c-98c4-eddeab9d2099@group-B580A609090B-FollowerState
2022-08-10 09:23:34,169 [grpc-default-executor-3] INFO  server.RaftServer$Division (RaftServerImpl.java:requestVote(1184)) - e06c7883-c7a0-4496-b519-f5e79e748d82@group-B580A609090B replies to ELECTION vote request: b74f4fe1-68c4-415c-98c4-eddeab9d2099<-e06c7883-c7a0-4496-b519-f5e79e748d82#0:OK-t5. Peer's state: e06c7883-c7a0-4496-b519-f5e79e748d82@group-B580A609090B:t5, leader=null, voted=b74f4fe1-68c4-415c-98c4-eddeab9d2099, raftlog=e06c7883-c7a0-4496-b519-f5e79e748d82@group-B580A609090B-SegmentedRaftLog:OPENED:c-1, conf=-1: [8861b532-8644-464f-96f7-f43eddde564a|rpc:10.1.0.9:35537|priority:1, b74f4fe1-68c4-415c-98c4-eddeab9d2099|rpc:10.1.0.9:46513|priority:0, e06c7883-c7a0-4496-b519-f5e79e748d82|rpc:10.1.0.9:34055|priority:0], old=null
2022-08-10 09:23:34,169 [grpc-default-executor-1] INFO  impl.VoteContext (VoteContext.java:log(48)) - e06c7883-c7a0-4496-b519-f5e79e748d82@group-B580A609090B-FOLLOWER: reject ELECTION from 8861b532-8644-464f-96f7-f43eddde564a: already has voted for b74f4fe1-68c4-415c-98c4-eddeab9d2099 at current term 5
2022-08-10 09:23:34,169 [grpc-default-executor-1] INFO  server.RaftServer$Division (RaftServerImpl.java:requestVote(1184)) - e06c7883-c7a0-4496-b519-f5e79e748d82@group-B580A609090B replies to ELECTION vote request: 8861b532-8644-464f-96f7-f43eddde564a<-e06c7883-c7a0-4496-b519-f5e79e748d82#0:FAIL-t5. Peer's state: e06c7883-c7a0-4496-b519-f5e79e748d82@group-B580A609090B:t5, leader=null, voted=b74f4fe1-68c4-415c-98c4-eddeab9d2099, raftlog=e06c7883-c7a0-4496-b519-f5e79e748d82@group-B580A609090B-SegmentedRaftLog:OPENED:c-1, conf=-1: [8861b532-8644-464f-96f7-f43eddde564a|rpc:10.1.0.9:35537|priority:1, b74f4fe1-68c4-415c-98c4-eddeab9d2099|rpc:10.1.0.9:46513|priority:0, e06c7883-c7a0-4496-b519-f5e79e748d82|rpc:10.1.0.9:34055|priority:0], old=null
2022-08-10 09:23:34,171 [8861b532-8644-464f-96f7-f43eddde564a@group-B580A609090B-LeaderElection46] INFO  impl.LeaderElection (LeaderElection.java:logAndReturn(90)) - 8861b532-8644-464f-96f7-f43eddde564a@group-B580A609090B-LeaderElection46: ELECTION REJECTED received 2 response(s) and 0 exception(s):
2022-08-10 09:23:34,171 [8861b532-8644-464f-96f7-f43eddde564a@group-B580A609090B-LeaderElection46] INFO  impl.LeaderElection (LeaderElection.java:logAndReturn(94)) -   Response 0: 8861b532-8644-464f-96f7-f43eddde564a<-b74f4fe1-68c4-415c-98c4-eddeab9d2099#0:FAIL-t5
2022-08-10 09:23:34,171 [8861b532-8644-464f-96f7-f43eddde564a@group-B580A609090B-LeaderElection46] INFO  impl.LeaderElection (LeaderElection.java:logAndReturn(94)) -   Response 1: 8861b532-8644-464f-96f7-f43eddde564a<-e06c7883-c7a0-4496-b519-f5e79e748d82#0:FAIL-t5
2022-08-10 09:23:34,171 [8861b532-8644-464f-96f7-f43eddde564a@group-B580A609090B-LeaderElection46] INFO  impl.LeaderElection (LeaderElection.java:askForVotes(312)) - 8861b532-8644-464f-96f7-f43eddde564a@group-B580A609090B-LeaderElection46 ELECTION round 0: result REJECTED
2022-08-10 09:23:34,171 [8861b532-8644-464f-96f7-f43eddde564a@group-B580A609090B-LeaderElection46] INFO  server.RaftServer$Division (RaftServerImpl.java:setRole(299)) - 8861b532-8644-464f-96f7-f43eddde564a@group-B580A609090B: changes role from CANDIDATE to FOLLOWER at term 5 for REJECTED
2022-08-10 09:23:34,171 [8861b532-8644-464f-96f7-f43eddde564a@group-B580A609090B-LeaderElection46] INFO  impl.RoleInfo (RoleInfo.java:shutdownLeaderElection(130)) - 8861b532-8644-464f-96f7-f43eddde564a: shutdown 8861b532-8644-464f-96f7-f43eddde564a@group-B580A609090B-LeaderElection46
2022-08-10 09:23:34,171 [8861b532-8644-464f-96f7-f43eddde564a@group-B580A609090B-LeaderElection46] INFO  impl.RoleInfo (RoleInfo.java:updateAndGet(139)) - 8861b532-8644-464f-96f7-f43eddde564a: start 8861b532-8644-464f-96f7-f43eddde564a@group-B580A609090B-FollowerState
2022-08-10 09:23:34,285 [Listener at localhost/35599] INFO  om.OzoneManager (OzoneManager.java:instantiateServices(697)) - S3 Multi-Tenancy is disabled
2022-08-10 09:23:34,292 [Listener at localhost/35599] WARN  impl.MetricRegistriesImpl (MetricRegistriesImpl.java:addReporterRegistration(111)) - New reporters are added after registries were created. Some metrics will be missing from the reporter. Please add reporter before adding any new registry.
2022-08-10 09:23:34,292 [Listener at localhost/35599] WARN  impl.MetricRegistriesImpl (MetricRegistriesImpl.java:addReporterRegistration(111)) - New reporters are added after registries were created. Some metrics will be missing from the reporter. Please add reporter before adding any new registry.
2022-08-10 09:23:34,292 [Listener at localhost/35599] WARN  server.ServerUtils (ServerUtils.java:getDefaultRatisDirectory(237)) - Storage directory for Ratis is not configured. It is a good idea to map this to an SSD disk. Falling back to ozone.metadata.dirs
2022-08-10 09:23:34,293 [Listener at localhost/35599] INFO  ratis.OzoneManagerRatisServer (OzoneManagerRatisServer.java:<init>(159)) - Instantiating OM Ratis server with groupID: om-service-test1 and peers: localhost:34345, localhost:33619, localhost:43433
2022-08-10 09:23:34,293 [Listener at localhost/35599] INFO  ratis.OzoneManagerStateMachine (OzoneManagerStateMachine.java:loadSnapshotInfoFromDB(632)) - LastAppliedIndex is set from TransactionInfo from OM DB as (t:3, i:581)
2022-08-10 09:23:34,298 [Listener at localhost/35599] INFO  server.RaftServer (ConfUtils.java:logGet(46)) - raft.rpc.type = GRPC (default)
2022-08-10 09:23:34,298 [Listener at localhost/35599] INFO  grpc.GrpcFactory (GrpcFactory.java:checkPooledByteBufAllocatorUseCacheForAllThreads(48)) - PERFORMANCE WARNING: useCacheForAllThreads is true that may cause Netty to create a lot garbage objects and, as a result, trigger GC.
	It is recommended to disable useCacheForAllThreads by setting -Dorg.apache.ratis.thirdparty.io.netty.allocator.useCacheForAllThreads=false in command line.
2022-08-10 09:23:34,298 [Listener at localhost/35599] INFO  grpc.GrpcConfigKeys (ConfUtils.java:logGet(46)) - raft.grpc.admin.port = -1 (default)
2022-08-10 09:23:34,299 [Listener at localhost/35599] INFO  grpc.GrpcConfigKeys (ConfUtils.java:logGet(46)) - raft.grpc.server.port = 34345 (custom)
2022-08-10 09:23:34,299 [Listener at localhost/35599] INFO  grpc.GrpcConfigKeys (ConfUtils.java:logGet(46)) - raft.grpc.client.port = -1 (default)
2022-08-10 09:23:34,299 [Listener at localhost/35599] INFO  grpc.GrpcConfigKeys (ConfUtils.java:logGet(46)) - raft.grpc.server.port = 34345 (custom)
2022-08-10 09:23:34,299 [Listener at localhost/35599] INFO  grpc.GrpcConfigKeys (ConfUtils.java:logGet(46)) - raft.grpc.server.port = 34345 (custom)
2022-08-10 09:23:34,300 [Listener at localhost/35599] INFO  server.GrpcService (ConfUtils.java:logGet(46)) - raft.grpc.message.size.max = 33554432 (custom)
2022-08-10 09:23:34,300 [Listener at localhost/35599] INFO  server.RaftServerConfigKeys (ConfUtils.java:logGet(46)) - raft.server.log.appender.buffer.byte-limit = 33554432 (custom)
2022-08-10 09:23:34,300 [Listener at localhost/35599] INFO  server.GrpcService (ConfUtils.java:logGet(46)) - raft.grpc.flow.control.window = 1MB (=1048576) (default)
2022-08-10 09:23:34,300 [Listener at localhost/35599] INFO  server.RaftServerConfigKeys (ConfUtils.java:logGet(46)) - raft.server.rpc.request.timeout = 3000ms (default)
2022-08-10 09:23:34,301 [Listener at localhost/35599] INFO  grpc.GrpcConfigKeys (ConfUtils.java:logGet(46)) - raft.grpc.server.async.request.thread.pool.cached = true (default)
2022-08-10 09:23:34,301 [Listener at localhost/35599] INFO  grpc.GrpcConfigKeys (ConfUtils.java:logGet(46)) - raft.grpc.server.async.request.thread.pool.size = 32 (default)
2022-08-10 09:23:34,302 [Listener at localhost/35599] INFO  impl.DataStreamServerImpl (ConfUtils.java:logGet(46)) - raft.datastream.type = DISABLED (default)
2022-08-10 09:23:34,302 [Listener at localhost/35599] INFO  server.RaftServerConfigKeys (ConfUtils.java:logGet(46)) - raft.server.threadpool.proxy.cached = true (default)
2022-08-10 09:23:34,303 [Listener at localhost/35599] INFO  server.RaftServerConfigKeys (ConfUtils.java:logGet(46)) - raft.server.threadpool.proxy.size = 0 (default)
2022-08-10 09:23:34,303 [Listener at localhost/35599] INFO  server.RaftServerConfigKeys (ConfUtils.java:logGet(46)) - raft.server.rpc.slowness.timeout = 2s (custom)
2022-08-10 09:23:34,303 [Listener at localhost/35599] INFO  server.RaftServerConfigKeys (ConfUtils.java:logGet(46)) - raft.server.leaderelection.leader.step-down.wait-time = 10s (default)
2022-08-10 09:23:34,303 [Listener at localhost/35599] INFO  server.RaftServerConfigKeys (ConfUtils.java:logGet(46)) - raft.server.storage.dir = [/home/runner/work/ozone/ozone/hadoop-ozone/integration-test/target/test-dir/MiniOzoneClusterImpl-2080ac2c-1c22-4300-b117-cc71631a0cfb/omNode-3/ratis] (custom)
2022-08-10 09:23:34,307 [omNode-3-impl-thread1] INFO  server.RaftServer (RaftServerProxy.java:initGroupDir(247)) - omNode-3: found a subdirectory /home/runner/work/ozone/ozone/hadoop-ozone/integration-test/target/test-dir/MiniOzoneClusterImpl-2080ac2c-1c22-4300-b117-cc71631a0cfb/omNode-3/ratis/c9bc4cf4-3bc3-3c60-a66b-523986131536
2022-08-10 09:23:34,309 [Listener at localhost/35599] INFO  server.RaftServer (RaftServerProxy.java:addNew(96)) - omNode-3: addNew group-523986131536:[omNode-3|rpc:localhost:34345|priority:0, omNode-1|rpc:localhost:33619|priority:0, omNode-2|rpc:localhost:43433|priority:0] returns group-523986131536:java.util.concurrent.CompletableFuture@1cd9cf91[Not completed]
2022-08-10 09:23:34,310 [Listener at localhost/35599] INFO  om.OzoneManager (OzoneManager.java:initializeRatisServer(1963)) - OzoneManager Ratis server initialized at port 34345
2022-08-10 09:23:34,310 [Listener at localhost/35599] INFO  ratis.OzoneManagerRatisServer (OzoneManagerRatisServer.java:start(554)) - Starting OzoneManagerRatisServer omNode-3 at port 34345
2022-08-10 09:23:34,310 [pool-973-thread-1] INFO  server.RaftServer$Division (RaftServerImpl.java:<init>(190)) - omNode-3: new RaftServerImpl for group-523986131536:[omNode-3|rpc:localhost:34345|priority:0, omNode-1|rpc:localhost:33619|priority:0, omNode-2|rpc:localhost:43433|priority:0] with OzoneManagerStateMachine:uninitialized
2022-08-10 09:23:34,311 [pool-973-thread-1] INFO  server.RaftServerConfigKeys (ConfUtils.java:logGet(46)) - raft.server.rpc.timeout.min = 1s (custom)
2022-08-10 09:23:34,311 [pool-973-thread-1] INFO  server.RaftServerConfigKeys (ConfUtils.java:logGet(46)) - raft.server.rpc.timeout.max = 1200ms (custom)
2022-08-10 09:23:34,311 [pool-973-thread-1] INFO  server.RaftServerConfigKeys (ConfUtils.java:logGet(46)) - raft.server.rpc.sleep.time = 25ms (default)
2022-08-10 09:23:34,311 [pool-973-thread-1] INFO  server.RaftServerConfigKeys (ConfUtils.java:logGet(46)) - raft.server.rpc.slowness.timeout = 2s (custom)
2022-08-10 09:23:34,311 [pool-973-thread-1] INFO  server.RaftServerConfigKeys (ConfUtils.java:logGet(46)) - raft.server.leaderelection.leader.step-down.wait-time = 10s (default)
2022-08-10 09:23:34,311 [pool-973-thread-1] INFO  server.RaftServerConfigKeys (ConfUtils.java:logGet(46)) - raft.server.sleep.deviation.threshold = 300ms (default)
2022-08-10 09:23:34,311 [pool-973-thread-1] INFO  server.RaftServer$Division (ServerState.java:<init>(107)) - omNode-3@group-523986131536: ConfigurationManager, init=-1: [omNode-3|rpc:localhost:34345|priority:0, omNode-1|rpc:localhost:33619|priority:0, omNode-2|rpc:localhost:43433|priority:0], old=null, confs=<EMPTY_MAP>
2022-08-10 09:23:34,312 [pool-973-thread-1] INFO  server.RaftServerConfigKeys (ConfUtils.java:logGet(46)) - raft.server.storage.dir = [/home/runner/work/ozone/ozone/hadoop-ozone/integration-test/target/test-dir/MiniOzoneClusterImpl-2080ac2c-1c22-4300-b117-cc71631a0cfb/omNode-3/ratis] (custom)
2022-08-10 09:23:34,312 [pool-973-thread-1] INFO  server.RaftServerConfigKeys (ConfUtils.java:logGet(46)) - raft.server.log.corruption.policy = EXCEPTION (default)
2022-08-10 09:23:34,312 [pool-973-thread-1] INFO  server.RaftServerConfigKeys (ConfUtils.java:logGet(46)) - raft.server.storage.free-space.min = 0MB (=0) (default)
2022-08-10 09:23:34,314 [pool-973-thread-1] INFO  storage.RaftStorageDirectory (RaftStorageDirectoryImpl.java:tryLock(230)) - Lock on /home/runner/work/ozone/ozone/hadoop-ozone/integration-test/target/test-dir/MiniOzoneClusterImpl-2080ac2c-1c22-4300-b117-cc71631a0cfb/omNode-3/ratis/c9bc4cf4-3bc3-3c60-a66b-523986131536/in_use.lock acquired by nodename 28234@fv-az244-795
2022-08-10 09:23:34,314 [pool-973-thread-1] INFO  storage.RaftStorage (RaftStorageImpl.java:analyzeAndRecoverStorage(110)) - Read RaftStorageMetadata{term=3, votedFor=} from /home/runner/work/ozone/ozone/hadoop-ozone/integration-test/target/test-dir/MiniOzoneClusterImpl-2080ac2c-1c22-4300-b117-cc71631a0cfb/omNode-3/ratis/c9bc4cf4-3bc3-3c60-a66b-523986131536/current/raft-meta
2022-08-10 09:23:34,314 [pool-973-thread-1] INFO  server.RaftServer$Division (ServerState.java:setRaftConf(393)) - omNode-3@group-523986131536: set configuration 0: [omNode-3|rpc:localhost:34345|admin:|client:|dataStream:|priority:0, omNode-1|rpc:localhost:33619|admin:|client:|dataStream:|priority:0, omNode-2|rpc:localhost:43433|admin:|client:|dataStream:|priority:0], old=null
2022-08-10 09:23:34,314 [pool-973-thread-1] INFO  server.RaftServerConfigKeys (ConfUtils.java:logGet(46)) - raft.server.notification.no-leader.timeout = 2s (custom)
2022-08-10 09:23:34,314 [pool-973-thread-1] INFO  server.RaftServerConfigKeys (ConfUtils.java:logGet(46)) - raft.server.log.use.memory = false (default)
2022-08-10 09:23:34,315 [pool-973-thread-1] INFO  server.RaftServerConfigKeys (ConfUtils.java:logGet(46)) - raft.server.log.purge.gap = 50 (custom)
2022-08-10 09:23:34,315 [pool-973-thread-1] INFO  server.RaftServerConfigKeys (ConfUtils.java:logGet(46)) - raft.server.log.appender.buffer.byte-limit = 33554432 (custom)
2022-08-10 09:23:34,315 [pool-973-thread-1] INFO  server.RaftServerConfigKeys (ConfUtils.java:logGet(46)) - raft.server.log.statemachine.data.read.timeout = 1000ms (default)
2022-08-10 09:23:34,315 [pool-973-thread-1] INFO  server.RaftServerConfigKeys (ConfUtils.java:logGet(46)) - raft.server.log.segment.size.max = 4194304 (custom)
2022-08-10 09:23:34,315 [pool-973-thread-1] INFO  server.RaftServerConfigKeys (ConfUtils.java:logGet(46)) - raft.server.log.segment.cache.num.max = 2 (custom)
2022-08-10 09:23:34,315 [pool-973-thread-1] INFO  server.RaftServerConfigKeys (ConfUtils.java:logGet(46)) - raft.server.log.segment.cache.size.max = 200MB (=209715200) (default)
2022-08-10 09:23:34,315 [pool-973-thread-1] INFO  segmented.SegmentedRaftLogWorker (SegmentedRaftLogWorker.java:<init>(187)) - new omNode-3@group-523986131536-SegmentedRaftLogWorker for RaftStorageImpl:Storage Directory /home/runner/work/ozone/ozone/hadoop-ozone/integration-test/target/test-dir/MiniOzoneClusterImpl-2080ac2c-1c22-4300-b117-cc71631a0cfb/omNode-3/ratis/c9bc4cf4-3bc3-3c60-a66b-523986131536
2022-08-10 09:23:34,315 [pool-973-thread-1] INFO  server.RaftServerConfigKeys (ConfUtils.java:logGet(46)) - raft.server.log.queue.byte-limit = 64MB (=67108864) (default)
2022-08-10 09:23:34,315 [pool-973-thread-1] INFO  server.RaftServerConfigKeys (ConfUtils.java:logGet(46)) - raft.server.log.queue.element-limit = 4096 (default)
2022-08-10 09:23:34,315 [pool-973-thread-1] INFO  server.RaftServerConfigKeys (ConfUtils.java:logGet(46)) - raft.server.log.segment.size.max = 4194304 (custom)
2022-08-10 09:23:34,316 [pool-973-thread-1] INFO  server.RaftServerConfigKeys (ConfUtils.java:logGet(46)) - raft.server.log.preallocated.size = 4194304 (custom)
2022-08-10 09:23:34,316 [pool-973-thread-1] INFO  server.RaftServerConfigKeys (ConfUtils.java:logGet(46)) - raft.server.log.force.sync.num = 128 (default)
2022-08-10 09:23:34,316 [pool-973-thread-1] INFO  server.RaftServerConfigKeys (ConfUtils.java:logGet(46)) - raft.server.log.statemachine.data.sync = true (default)
2022-08-10 09:23:34,316 [pool-973-thread-1] INFO  server.RaftServerConfigKeys (ConfUtils.java:logGet(46)) - raft.server.log.statemachine.data.sync.timeout = 10s (default)
2022-08-10 09:23:34,316 [pool-973-thread-1] INFO  server.RaftServerConfigKeys (ConfUtils.java:logGet(46)) - raft.server.log.statemachine.data.sync.timeout.retry = -1 (default)
2022-08-10 09:23:34,317 [pool-973-thread-1] INFO  server.RaftServerConfigKeys (ConfUtils.java:logGet(46)) - raft.server.log.write.buffer.size = 64KB (=65536) (default)
2022-08-10 09:23:34,317 [pool-973-thread-1] INFO  server.RaftServerConfigKeys (ConfUtils.java:logGet(46)) - raft.server.log.unsafe-flush.enabled = false (default)
2022-08-10 09:23:34,317 [pool-973-thread-1] INFO  server.RaftServerConfigKeys (ConfUtils.java:logGet(46)) - raft.server.log.statemachine.data.caching.enabled = false (default)
2022-08-10 09:23:34,317 [pool-973-thread-1] INFO  server.RaftServer$Division (ServerState.java:setRaftConf(393)) - omNode-3@group-523986131536: set configuration 0: [omNode-3|rpc:localhost:34345|admin:|client:|dataStream:|priority:0, omNode-1|rpc:localhost:33619|admin:|client:|dataStream:|priority:0, omNode-2|rpc:localhost:43433|admin:|client:|dataStream:|priority:0], old=null
2022-08-10 09:23:34,336 [pool-973-thread-1] INFO  segmented.LogSegment (LogSegment.java:loadSegment(173)) - Successfully read 585 entries from segment file /home/runner/work/ozone/ozone/hadoop-ozone/integration-test/target/test-dir/MiniOzoneClusterImpl-2080ac2c-1c22-4300-b117-cc71631a0cfb/omNode-3/ratis/c9bc4cf4-3bc3-3c60-a66b-523986131536/current/log_inprogress_0
2022-08-10 09:23:34,336 [pool-973-thread-1] INFO  segmented.SegmentedRaftLogWorker (SegmentedRaftLogWorker.java:lambda$new$0(135)) - omNode-3@group-523986131536-SegmentedRaftLogWorker: flushIndex: setUnconditionally 0 -> 584
2022-08-10 09:23:34,336 [pool-973-thread-1] INFO  segmented.SegmentedRaftLogWorker (SegmentedRaftLogWorker.java:lambda$new$0(135)) - omNode-3@group-523986131536-SegmentedRaftLogWorker: safeCacheEvictIndex: setUnconditionally 0 -> -1
2022-08-10 09:23:34,336 [pool-973-thread-1] INFO  raftlog.RaftLog (RaftLogBase.java:lambda$new$0(53)) - omNode-3@group-523986131536-SegmentedRaftLog: commitIndex: updateToMax old=581, new=583, updated? true
2022-08-10 09:23:34,336 [pool-973-thread-1] INFO  server.RaftServerConfigKeys (ConfUtils.java:logGet(46)) - raft.server.snapshot.auto.trigger.enabled = true (custom)
2022-08-10 09:23:34,336 [pool-973-thread-1] INFO  server.RaftServerConfigKeys (ConfUtils.java:logGet(46)) - raft.server.snapshot.auto.trigger.threshold = 50 (custom)
2022-08-10 09:23:34,336 [pool-973-thread-1] INFO  server.RaftServerConfigKeys (ConfUtils.java:logGet(46)) - raft.server.snapshot.retention.file.num = -1 (default)
2022-08-10 09:23:34,336 [pool-973-thread-1] INFO  server.RaftServerConfigKeys (ConfUtils.java:logGet(46)) - raft.server.log.purge.upto.snapshot.index = true (custom)
2022-08-10 09:23:34,336 [pool-973-thread-1] INFO  server.RaftServerConfigKeys (ConfUtils.java:logGet(46)) - raft.server.retrycache.expirytime = 30000ms (custom)
2022-08-10 09:23:34,336 [pool-973-thread-1] INFO  server.RaftServerConfigKeys (ConfUtils.java:logGet(46)) - raft.server.retrycache.statistics.expirytime = 100μs (default)
2022-08-10 09:23:34,338 [pool-973-thread-1] INFO  server.RaftServerConfigKeys (ConfUtils.java:logGet(46)) - raft.server.log.appender.install.snapshot.enabled = false (custom)
2022-08-10 09:23:34,338 [pool-973-thread-1] INFO  server.RaftServerConfigKeys (ConfUtils.java:logGet(46)) - raft.server.threadpool.server.cached = true (default)
2022-08-10 09:23:34,338 [pool-973-thread-1] INFO  server.RaftServerConfigKeys (ConfUtils.java:logGet(46)) - raft.server.threadpool.server.size = 0 (default)
2022-08-10 09:23:34,338 [pool-973-thread-1] INFO  server.RaftServerConfigKeys (ConfUtils.java:logGet(46)) - raft.server.threadpool.client.cached = true (default)
2022-08-10 09:23:34,338 [pool-973-thread-1] INFO  server.RaftServerConfigKeys (ConfUtils.java:logGet(46)) - raft.server.threadpool.client.size = 0 (default)
2022-08-10 09:23:34,338 [omNode-3-impl-thread1] INFO  server.RaftServer$Division (RaftServerImpl.java:start(310)) - omNode-3@group-523986131536: start as a follower, conf=0: [omNode-3|rpc:localhost:34345|admin:|client:|dataStream:|priority:0, omNode-1|rpc:localhost:33619|admin:|client:|dataStream:|priority:0, omNode-2|rpc:localhost:43433|admin:|client:|dataStream:|priority:0], old=null
2022-08-10 09:23:34,338 [omNode-3-impl-thread1] INFO  server.RaftServer$Division (RaftServerImpl.java:setRole(299)) - omNode-3@group-523986131536: changes role from      null to FOLLOWER at term 3 for startAsFollower
2022-08-10 09:23:34,338 [omNode-3-impl-thread1] INFO  impl.RoleInfo (RoleInfo.java:updateAndGet(139)) - omNode-3: start omNode-3@group-523986131536-FollowerState
2022-08-10 09:23:34,338 [omNode-3-impl-thread1] INFO  util.JmxRegister (JmxRegister.java:tryRegister(44)) - Successfully registered JMX Bean with object name Ratis:service=RaftServer,group=group-523986131536,id=omNode-3
2022-08-10 09:23:34,339 [Listener at localhost/35599] INFO  server.RaftServer (RaftServerProxy.java:lambda$start$6(382)) - omNode-3: start RPC server
2022-08-10 09:23:34,342 [Listener at localhost/35599] INFO  server.GrpcService (GrpcService.java:startImpl(260)) - omNode-3: GrpcService started, listening on 34345
2022-08-10 09:23:34,342 [Listener at localhost/35599] INFO  om.OzoneManager (OzoneManager.java:getRpcServer(1086)) - Creating RPC Server
2022-08-10 09:23:34,344 [org.apache.ratis.util.JvmPauseMonitor$$Lambda$696/1259104175@370283f5] INFO  util.JvmPauseMonitor (JvmPauseMonitor.java:run(103)) - JvmPauseMonitor-omNode-3: Started
2022-08-10 09:23:34,390 [EndpointStateMachine task thread for /0.0.0.0:42301 - 0 ] INFO  ipc.Client (Client.java:handleConnectionFailure(977)) - Retrying connect to server: 0.0.0.0/0.0.0.0:42301. Already tried 13 time(s); retry policy is RetryUpToMaximumCountWithFixedSleep(maxRetries=15, sleepTime=1000 MILLISECONDS)
2022-08-10 09:23:34,503 [grpc-default-executor-3] WARN  server.GrpcLogAppender (LogUtils.java:warn(122)) - omNode-1@group-523986131536->omNode-3-AppendLogResponseHandler: Failed appendEntries: org.apache.ratis.thirdparty.io.grpc.StatusRuntimeException: UNAVAILABLE: io exception
2022-08-10 09:23:34,503 [grpc-default-executor-3] INFO  leader.FollowerInfo (FollowerInfoImpl.java:lambda$new$0(48)) - omNode-1@group-523986131536->omNode-3: nextIndex: updateUnconditionally 585 -> 584
2022-08-10 09:23:34,520 [omNode-3-server-thread1] INFO  server.RaftServer$Division (ServerState.java:setLeader(287)) - omNode-3@group-523986131536: change Leader from null to omNode-1 at term 3 for appendEntries, leader elected after 205ms
2022-08-10 09:23:34,660 [Finalizer] WARN  managed.ManagedRocksObjectUtils (ManagedRocksObjectUtils.java:assertClosed(39)) - ManagedColumnFamilyOptions is not closed properly
2022-08-10 09:23:34,661 [Finalizer] WARN  managed.ManagedRocksObjectUtils (ManagedRocksObjectUtils.java:assertClosed(39)) - ManagedColumnFamilyOptions is not closed properly
2022-08-10 09:23:34,661 [Finalizer] WARN  managed.ManagedRocksObjectUtils (ManagedRocksObjectUtils.java:assertClosed(39)) - ManagedColumnFamilyOptions is not closed properly
2022-08-10 09:23:34,661 [Finalizer] WARN  managed.ManagedRocksObjectUtils (ManagedRocksObjectUtils.java:assertClosed(39)) - ManagedColumnFamilyOptions is not closed properly
2022-08-10 09:23:34,661 [Finalizer] WARN  managed.ManagedRocksObjectUtils (ManagedRocksObjectUtils.java:assertClosed(39)) - ManagedColumnFamilyOptions is not closed properly
2022-08-10 09:23:34,661 [Finalizer] WARN  managed.ManagedRocksObjectUtils (ManagedRocksObjectUtils.java:assertClosed(39)) - ManagedColumnFamilyOptions is not closed properly
2022-08-10 09:23:34,661 [Finalizer] WARN  managed.ManagedRocksObjectUtils (ManagedRocksObjectUtils.java:assertClosed(39)) - ManagedColumnFamilyOptions is not closed properly
2022-08-10 09:23:34,661 [Finalizer] WARN  managed.ManagedRocksObjectUtils (ManagedRocksObjectUtils.java:assertClosed(39)) - ManagedColumnFamilyOptions is not closed properly
2022-08-10 09:23:34,661 [Finalizer] WARN  managed.ManagedRocksObjectUtils (ManagedRocksObjectUtils.java:assertClosed(39)) - ManagedColumnFamilyOptions is not closed properly
2022-08-10 09:23:34,661 [Finalizer] WARN  managed.ManagedRocksObjectUtils (ManagedRocksObjectUtils.java:assertClosed(39)) - ManagedColumnFamilyOptions is not closed properly
2022-08-10 09:23:34,661 [Finalizer] WARN  managed.ManagedRocksObjectUtils (ManagedRocksObjectUtils.java:assertClosed(39)) - ManagedColumnFamilyOptions is not closed properly
2022-08-10 09:23:34,662 [Finalizer] WARN  managed.ManagedRocksObjectUtils (ManagedRocksObjectUtils.java:assertClosed(39)) - ManagedColumnFamilyOptions is not closed properly
2022-08-10 09:23:34,662 [Finalizer] WARN  managed.ManagedRocksObjectUtils (ManagedRocksObjectUtils.java:assertClosed(39)) - ManagedColumnFamilyOptions is not closed properly
2022-08-10 09:23:34,662 [Finalizer] WARN  managed.ManagedRocksObjectUtils (ManagedRocksObjectUtils.java:assertClosed(39)) - ManagedColumnFamilyOptions is not closed properly
2022-08-10 09:23:34,662 [Finalizer] WARN  managed.ManagedRocksObjectUtils (ManagedRocksObjectUtils.java:assertClosed(39)) - ManagedColumnFamilyOptions is not closed properly
2022-08-10 09:23:34,662 [Finalizer] WARN  managed.ManagedRocksObjectUtils (ManagedRocksObjectUtils.java:assertClosed(39)) - ManagedColumnFamilyOptions is not closed properly
2022-08-10 09:23:34,662 [Finalizer] WARN  managed.ManagedRocksObjectUtils (ManagedRocksObjectUtils.java:assertClosed(39)) - ManagedColumnFamilyOptions is not closed properly
2022-08-10 09:23:34,662 [Finalizer] WARN  managed.ManagedRocksObjectUtils (ManagedRocksObjectUtils.java:assertClosed(39)) - ManagedColumnFamilyOptions is not closed properly
2022-08-10 09:23:34,662 [Finalizer] WARN  managed.ManagedRocksObjectUtils (ManagedRocksObjectUtils.java:assertClosed(39)) - ManagedColumnFamilyOptions is not closed properly
2022-08-10 09:23:34,662 [Finalizer] WARN  managed.ManagedRocksObjectUtils (ManagedRocksObjectUtils.java:assertClosed(39)) - ManagedColumnFamilyOptions is not closed properly
2022-08-10 09:23:34,662 [Finalizer] WARN  managed.ManagedRocksObjectUtils (ManagedRocksObjectUtils.java:assertClosed(39)) - ManagedColumnFamilyOptions is not closed properly
2022-08-10 09:23:34,662 [Finalizer] WARN  managed.ManagedRocksObjectUtils (ManagedRocksObjectUtils.java:assertClosed(39)) - ManagedColumnFamilyOptions is not closed properly
2022-08-10 09:23:34,662 [Finalizer] WARN  managed.ManagedRocksObjectUtils (ManagedRocksObjectUtils.java:assertClosed(39)) - ManagedLRUCache is not closed properly
2022-08-10 09:23:34,663 [Finalizer] WARN  managed.ManagedRocksObjectUtils (ManagedRocksObjectUtils.java:assertClosed(39)) - ManagedBloomFilter is not closed properly
2022-08-10 09:23:34,663 [Finalizer] WARN  managed.ManagedRocksObjectUtils (ManagedRocksObjectUtils.java:assertClosed(39)) - ManagedColumnFamilyOptions is not closed properly
2022-08-10 09:23:34,663 [Finalizer] WARN  managed.ManagedRocksObjectUtils (ManagedRocksObjectUtils.java:assertClosed(39)) - ManagedLRUCache is not closed properly
2022-08-10 09:23:34,663 [Finalizer] WARN  managed.ManagedRocksObjectUtils (ManagedRocksObjectUtils.java:assertClosed(39)) - ManagedBloomFilter is not closed properly
2022-08-10 09:23:34,663 [Finalizer] WARN  managed.ManagedRocksObjectUtils (ManagedRocksObjectUtils.java:assertClosed(39)) - ManagedColumnFamilyOptions is not closed properly
2022-08-10 09:23:34,663 [Finalizer] WARN  managed.ManagedRocksObjectUtils (ManagedRocksObjectUtils.java:assertClosed(39)) - ManagedLRUCache is not closed properly
2022-08-10 09:23:34,663 [Finalizer] WARN  managed.ManagedRocksObjectUtils (ManagedRocksObjectUtils.java:assertClosed(39)) - ManagedBloomFilter is not closed properly
2022-08-10 09:23:34,663 [Finalizer] WARN  managed.ManagedRocksObjectUtils (ManagedRocksObjectUtils.java:assertClosed(39)) - ManagedColumnFamilyOptions is not closed properly
2022-08-10 09:23:34,676 [Finalizer] WARN  managed.ManagedRocksObjectUtils (ManagedRocksObjectUtils.java:assertClosed(39)) - ManagedLRUCache is not closed properly
2022-08-10 09:23:34,676 [Finalizer] WARN  managed.ManagedRocksObjectUtils (ManagedRocksObjectUtils.java:assertClosed(39)) - ManagedBloomFilter is not closed properly
2022-08-10 09:23:34,676 [Finalizer] WARN  managed.ManagedRocksObjectUtils (ManagedRocksObjectUtils.java:assertClosed(39)) - ManagedColumnFamilyOptions is not closed properly
2022-08-10 09:23:34,676 [Finalizer] WARN  managed.ManagedRocksObjectUtils (ManagedRocksObjectUtils.java:assertClosed(39)) - ManagedLRUCache is not closed properly
2022-08-10 09:23:34,676 [Finalizer] WARN  managed.ManagedRocksObjectUtils (ManagedRocksObjectUtils.java:assertClosed(39)) - ManagedBloomFilter is not closed properly
2022-08-10 09:23:34,676 [Finalizer] WARN  managed.ManagedRocksObjectUtils (ManagedRocksObjectUtils.java:assertClosed(39)) - ManagedColumnFamilyOptions is not closed properly
2022-08-10 09:23:34,676 [Finalizer] WARN  managed.ManagedRocksObjectUtils (ManagedRocksObjectUtils.java:assertClosed(39)) - ManagedLRUCache is not closed properly
2022-08-10 09:23:34,676 [Finalizer] WARN  managed.ManagedRocksObjectUtils (ManagedRocksObjectUtils.java:assertClosed(39)) - ManagedBloomFilter is not closed properly
2022-08-10 09:23:34,676 [Finalizer] WARN  managed.ManagedRocksObjectUtils (ManagedRocksObjectUtils.java:assertClosed(39)) - ManagedColumnFamilyOptions is not closed properly
2022-08-10 09:23:34,676 [Finalizer] WARN  managed.ManagedRocksObjectUtils (ManagedRocksObjectUtils.java:assertClosed(39)) - ManagedLRUCache is not closed properly
2022-08-10 09:23:34,676 [Finalizer] WARN  managed.ManagedRocksObjectUtils (ManagedRocksObjectUtils.java:assertClosed(39)) - ManagedBloomFilter is not closed properly
2022-08-10 09:23:34,676 [Finalizer] WARN  managed.ManagedRocksObjectUtils (ManagedRocksObjectUtils.java:assertClosed(39)) - ManagedColumnFamilyOptions is not closed properly
2022-08-10 09:23:34,676 [Finalizer] WARN  managed.ManagedRocksObjectUtils (ManagedRocksObjectUtils.java:assertClosed(39)) - ManagedLRUCache is not closed properly
2022-08-10 09:23:34,676 [Finalizer] WARN  managed.ManagedRocksObjectUtils (ManagedRocksObjectUtils.java:assertClosed(39)) - ManagedBloomFilter is not closed properly
2022-08-10 09:23:34,676 [Finalizer] WARN  managed.ManagedRocksObjectUtils (ManagedRocksObjectUtils.java:assertClosed(39)) - ManagedColumnFamilyOptions is not closed properly
2022-08-10 09:23:34,677 [Finalizer] WARN  managed.ManagedRocksObjectUtils (ManagedRocksObjectUtils.java:assertClosed(39)) - ManagedLRUCache is not closed properly
2022-08-10 09:23:34,677 [Finalizer] WARN  managed.ManagedRocksObjectUtils (ManagedRocksObjectUtils.java:assertClosed(39)) - ManagedBloomFilter is not closed properly
2022-08-10 09:23:34,677 [Finalizer] WARN  managed.ManagedRocksObjectUtils (ManagedRocksObjectUtils.java:assertClosed(39)) - ManagedColumnFamilyOptions is not closed properly
2022-08-10 09:23:34,677 [Finalizer] WARN  managed.ManagedRocksObjectUtils (ManagedRocksObjectUtils.java:assertClosed(39)) - ManagedLRUCache is not closed properly
2022-08-10 09:23:34,677 [Finalizer] WARN  managed.ManagedRocksObjectUtils (ManagedRocksObjectUtils.java:assertClosed(39)) - ManagedBloomFilter is not closed properly
2022-08-10 09:23:34,677 [Finalizer] WARN  managed.ManagedRocksObjectUtils (ManagedRocksObjectUtils.java:assertClosed(39)) - ManagedColumnFamilyOptions is not closed properly
2022-08-10 09:23:34,677 [Finalizer] WARN  managed.ManagedRocksObjectUtils (ManagedRocksObjectUtils.java:assertClosed(39)) - ManagedLRUCache is not closed properly
2022-08-10 09:23:34,677 [Finalizer] WARN  managed.ManagedRocksObjectUtils (ManagedRocksObjectUtils.java:assertClosed(39)) - ManagedBloomFilter is not closed properly
2022-08-10 09:23:34,677 [Finalizer] WARN  managed.ManagedRocksObjectUtils (ManagedRocksObjectUtils.java:assertClosed(39)) - ManagedColumnFamilyOptions is not closed properly
2022-08-10 09:23:34,677 [Finalizer] WARN  managed.ManagedRocksObjectUtils (ManagedRocksObjectUtils.java:assertClosed(39)) - ManagedLRUCache is not closed properly
2022-08-10 09:23:34,677 [Finalizer] WARN  managed.ManagedRocksObjectUtils (ManagedRocksObjectUtils.java:assertClosed(39)) - ManagedBloomFilter is not closed properly
2022-08-10 09:23:34,677 [Finalizer] WARN  managed.ManagedRocksObjectUtils (ManagedRocksObjectUtils.java:assertClosed(39)) - ManagedColumnFamilyOptions is not closed properly
2022-08-10 09:23:34,677 [Finalizer] WARN  managed.ManagedRocksObjectUtils (ManagedRocksObjectUtils.java:assertClosed(39)) - ManagedLRUCache is not closed properly
2022-08-10 09:23:34,677 [Finalizer] WARN  managed.ManagedRocksObjectUtils (ManagedRocksObjectUtils.java:assertClosed(39)) - ManagedBloomFilter is not closed properly
2022-08-10 09:23:34,677 [Finalizer] WARN  managed.ManagedRocksObjectUtils (ManagedRocksObjectUtils.java:assertClosed(39)) - ManagedColumnFamilyOptions is not closed properly
2022-08-10 09:23:34,677 [Finalizer] WARN  managed.ManagedRocksObjectUtils (ManagedRocksObjectUtils.java:assertClosed(39)) - ManagedLRUCache is not closed properly
2022-08-10 09:23:34,678 [Finalizer] WARN  managed.ManagedRocksObjectUtils (ManagedRocksObjectUtils.java:assertClosed(39)) - ManagedBloomFilter is not closed properly
2022-08-10 09:23:34,678 [Finalizer] WARN  managed.ManagedRocksObjectUtils (ManagedRocksObjectUtils.java:assertClosed(39)) - ManagedColumnFamilyOptions is not closed properly
2022-08-10 09:23:34,678 [Finalizer] WARN  managed.ManagedRocksObjectUtils (ManagedRocksObjectUtils.java:assertClosed(39)) - ManagedLRUCache is not closed properly
2022-08-10 09:23:34,678 [Finalizer] WARN  managed.ManagedRocksObjectUtils (ManagedRocksObjectUtils.java:assertClosed(39)) - ManagedBloomFilter is not closed properly
2022-08-10 09:23:34,678 [Finalizer] WARN  managed.ManagedRocksObjectUtils (ManagedRocksObjectUtils.java:assertClosed(39)) - ManagedColumnFamilyOptions is not closed properly
2022-08-10 09:23:34,678 [Finalizer] WARN  managed.ManagedRocksObjectUtils (ManagedRocksObjectUtils.java:assertClosed(39)) - ManagedLRUCache is not closed properly
2022-08-10 09:23:34,678 [Finalizer] WARN  managed.ManagedRocksObjectUtils (ManagedRocksObjectUtils.java:assertClosed(39)) - ManagedBloomFilter is not closed properly
2022-08-10 09:23:34,678 [Finalizer] WARN  managed.ManagedRocksObjectUtils (ManagedRocksObjectUtils.java:assertClosed(39)) - ManagedColumnFamilyOptions is not closed properly
2022-08-10 09:23:34,678 [Finalizer] WARN  managed.ManagedRocksObjectUtils (ManagedRocksObjectUtils.java:assertClosed(39)) - ManagedLRUCache is not closed properly
2022-08-10 09:23:34,678 [Finalizer] WARN  managed.ManagedRocksObjectUtils (ManagedRocksObjectUtils.java:assertClosed(39)) - ManagedBloomFilter is not closed properly
2022-08-10 09:23:34,678 [Finalizer] WARN  managed.ManagedRocksObjectUtils (ManagedRocksObjectUtils.java:assertClosed(39)) - ManagedColumnFamilyOptions is not closed properly
2022-08-10 09:23:34,678 [Finalizer] WARN  managed.ManagedRocksObjectUtils (ManagedRocksObjectUtils.java:assertClosed(39)) - ManagedLRUCache is not closed properly
2022-08-10 09:23:34,678 [Finalizer] WARN  managed.ManagedRocksObjectUtils (ManagedRocksObjectUtils.java:assertClosed(39)) - ManagedBloomFilter is not closed properly
2022-08-10 09:23:34,678 [Finalizer] WARN  managed.ManagedRocksObjectUtils (ManagedRocksObjectUtils.java:assertClosed(39)) - ManagedColumnFamilyOptions is not closed properly
2022-08-10 09:23:34,678 [Finalizer] WARN  managed.ManagedRocksObjectUtils (ManagedRocksObjectUtils.java:assertClosed(39)) - ManagedLRUCache is not closed properly
2022-08-10 09:23:34,679 [Finalizer] WARN  managed.ManagedRocksObjectUtils (ManagedRocksObjectUtils.java:assertClosed(39)) - ManagedBloomFilter is not closed properly
2022-08-10 09:23:34,679 [Finalizer] WARN  managed.ManagedRocksObjectUtils (ManagedRocksObjectUtils.java:assertClosed(39)) - ManagedColumnFamilyOptions is not closed properly
2022-08-10 09:23:34,679 [Finalizer] WARN  managed.ManagedRocksObjectUtils (ManagedRocksObjectUtils.java:assertClosed(39)) - ManagedLRUCache is not closed properly
2022-08-10 09:23:34,679 [Finalizer] WARN  managed.ManagedRocksObjectUtils (ManagedRocksObjectUtils.java:assertClosed(39)) - ManagedBloomFilter is not closed properly
2022-08-10 09:23:35,176 [Listener at localhost/35599] INFO  reflections.Reflections (Reflections.java:scan(232)) - Reflections took 832 ms to scan 19 urls, producing 67 keys and 4150 values [using 2 cores]
2022-08-10 09:23:35,181 [Listener at localhost/35599] INFO  ipc.CallQueueManager (CallQueueManager.java:<init>(90)) - Using callQueue: class java.util.concurrent.LinkedBlockingQueue, queueCapacity: 2000, scheduler: class org.apache.hadoop.ipc.DefaultRpcScheduler, ipcBackoff: false.
2022-08-10 09:23:35,183 [Socket Reader #1 for port 35599] INFO  ipc.Server (Server.java:run(1265)) - Starting Socket Reader #1 for port 35599
2022-08-10 09:23:35,198 [Listener at localhost/35599] INFO  http.BaseHttpServer (BaseHttpServer.java:newHttpServer2BuilderForOzone(209)) - Starting Web-server for ozoneManager at: http://0.0.0.0:33063
2022-08-10 09:23:35,198 [Listener at localhost/35599] INFO  http.BaseHttpServer (BaseHttpServer.java:<init>(107)) - Hadoop Security Enabled: false Ozone Security Enabled: false Ozone HTTP Security Enabled: false 
2022-08-10 09:23:35,199 [Listener at localhost/35599] INFO  server.AuthenticationFilter (AuthenticationFilter.java:constructSecretProvider(240)) - Unable to initialize FileSignerSecretProvider, falling back to use random secrets.
2022-08-10 09:23:35,208 [Listener at localhost/35599] WARN  http.HttpRequestLog (HttpRequestLog.java:getRequestLog(103)) - Jetty request log can only be enabled using Log4j
2022-08-10 09:23:35,210 [Listener at localhost/35599] INFO  http.HttpServer2 (HttpServer2.java:addGlobalFilter(1029)) - Added global filter 'safety' (class=org.apache.hadoop.hdds.server.http.HttpServer2$QuotingInputFilter)
2022-08-10 09:23:35,210 [Listener at localhost/35599] INFO  http.HttpServer2 (HttpServer2.java:addFilter(1005)) - Added filter static_user_filter (class=org.apache.hadoop.http.lib.StaticUserWebFilter$StaticUserFilter) to context ozoneManager
2022-08-10 09:23:35,210 [Listener at localhost/35599] INFO  http.HttpServer2 (HttpServer2.java:addFilter(1013)) - Added filter static_user_filter (class=org.apache.hadoop.http.lib.StaticUserWebFilter$StaticUserFilter) to context logs
2022-08-10 09:23:35,210 [Listener at localhost/35599] INFO  http.HttpServer2 (HttpServer2.java:addFilter(1013)) - Added filter static_user_filter (class=org.apache.hadoop.http.lib.StaticUserWebFilter$StaticUserFilter) to context static
2022-08-10 09:23:35,211 [Listener at localhost/35599] INFO  http.HttpServer2 (HttpServer2.java:bindListener(1248)) - Jetty bound to port 33063
2022-08-10 09:23:35,211 [Listener at localhost/35599] INFO  server.Server (Server.java:doStart(375)) - jetty-9.4.43.v20210629; built: 2021-06-30T11:07:22.254Z; git: 526006ecfa3af7f1a27ef3a288e2bef7ea9dd7e8; jvm 1.8.0_332-b09
2022-08-10 09:23:35,237 [Listener at localhost/35599] INFO  server.session (DefaultSessionIdManager.java:doStart(334)) - DefaultSessionIdManager workerName=node0
2022-08-10 09:23:35,237 [Listener at localhost/35599] INFO  server.session (DefaultSessionIdManager.java:doStart(339)) - No SessionScavenger set, using defaults
2022-08-10 09:23:35,237 [Listener at localhost/35599] INFO  server.session (HouseKeeper.java:startScavenging(132)) - node0 Scavenging every 600000ms
2022-08-10 09:23:35,238 [Listener at localhost/35599] INFO  handler.ContextHandler (ContextHandler.java:doStart(915)) - Started o.e.j.s.ServletContextHandler@45337bf8{logs,/logs,file:///home/runner/work/ozone/ozone/hadoop-ozone/integration-test/target/log,AVAILABLE}
2022-08-10 09:23:35,239 [Listener at localhost/35599] INFO  handler.ContextHandler (ContextHandler.java:doStart(915)) - Started o.e.j.s.ServletContextHandler@30a80e64{static,/static,file:///home/runner/work/ozone/ozone/hadoop-ozone/integration-test/target/test-classes/webapps/static,AVAILABLE}
2022-08-10 09:23:35,244 [Listener at localhost/35599] INFO  handler.ContextHandler (ContextHandler.java:doStart(915)) - Started o.e.j.w.WebAppContext@3f83ec3{ozoneManager,/,file:///home/runner/work/ozone/ozone/hadoop-ozone/integration-test/target/test-classes/webapps/ozoneManager/,AVAILABLE}{file:/home/runner/work/ozone/ozone/hadoop-ozone/integration-test/target/test-classes/webapps/ozoneManager}
2022-08-10 09:23:35,256 [Listener at localhost/35599] INFO  server.AbstractConnector (AbstractConnector.java:doStart(331)) - Started ServerConnector@42767b87{HTTP/1.1, (http/1.1)}{0.0.0.0:33063}
2022-08-10 09:23:35,256 [Listener at localhost/35599] INFO  server.Server (Server.java:doStart(415)) - Started @142706ms
2022-08-10 09:23:35,257 [Listener at localhost/35599] WARN  impl.MetricsSystemImpl (MetricsSystemImpl.java:register(279)) - Sink prometheus already exists!
2022-08-10 09:23:35,263 [Listener at localhost/35599] INFO  http.BaseHttpServer (BaseHttpServer.java:updateConnectorAddress(329)) - HTTP server of ozoneManager listening at http://0.0.0.0:33063
2022-08-10 09:23:35,276 [IPC Server Responder] INFO  ipc.Server (Server.java:run(1507)) - IPC Server Responder: starting
2022-08-10 09:23:35,281 [IPC Server listener on 35599] INFO  ipc.Server (Server.java:run(1344)) - IPC Server listener on 35599: starting
2022-08-10 09:23:35,359 [Listener at localhost/35599] INFO  om.OzoneManager (OzoneManager.java:startTrashEmptier(1907)) - Trash Interval set to 0. Files deleted won't move to trash
2022-08-10 09:23:35,360 [Listener at localhost/35599] INFO  om.OzoneManager (OzoneManager.java:stop(2022)) - omNode-1[localhost:39315]: Stopping Ozone Manager
2022-08-10 09:23:35,360 [Listener at localhost/35599] INFO  ipc.Server (Server.java:stop(3414)) - Stopping server on 39315
2022-08-10 09:23:35,365 [org.apache.hadoop.util.JvmPauseMonitor$Monitor@7ddacab3] INFO  util.JvmPauseMonitor (JvmPauseMonitor.java:run(188)) - Starting JVM pause monitor
2022-08-10 09:23:35,376 [IPC Server listener on 39315] INFO  ipc.Server (Server.java:run(1376)) - Stopping IPC Server listener on 39315
2022-08-10 09:23:35,386 [IPC Server Responder] INFO  ipc.Server (Server.java:run(1512)) - Stopping IPC Server Responder
2022-08-10 09:23:35,386 [Listener at localhost/35599] INFO  server.RaftServer (RaftServerProxy.java:lambda$close$7(398)) - omNode-1: close
2022-08-10 09:23:35,387 [Listener at localhost/35599] INFO  server.RaftServer$Division (RaftServerImpl.java:lambda$close$4(434)) - omNode-1@group-523986131536: shutdown
2022-08-10 09:23:35,387 [Listener at localhost/35599] INFO  util.JmxRegister (JmxRegister.java:unregister(73)) - Successfully un-registered JMX Bean with object name Ratis:service=RaftServer,group=group-523986131536,id=omNode-1
2022-08-10 09:23:35,387 [Listener at localhost/35599] INFO  impl.RoleInfo (RoleInfo.java:shutdownLeaderState(93)) - omNode-1: shutdown omNode-1@group-523986131536-LeaderStateImpl
2022-08-10 09:23:35,387 [omNode-1@group-523986131536->omNode-2-GrpcLogAppender-LogAppenderDaemon] WARN  server.GrpcLogAppender (GrpcLogAppender.java:mayWait(171)) - omNode-1@group-523986131536->omNode-2-GrpcLogAppender: Wait interrupted by java.lang.InterruptedException
2022-08-10 09:23:35,388 [omNode-1@group-523986131536->omNode-3-GrpcLogAppender-LogAppenderDaemon] WARN  server.GrpcLogAppender (GrpcLogAppender.java:mayWait(171)) - omNode-1@group-523986131536->omNode-3-GrpcLogAppender: Wait interrupted by java.lang.InterruptedException
2022-08-10 09:23:35,388 [grpc-default-executor-3] INFO  server.GrpcServerProtocolService (GrpcServerProtocolService.java:onCompleted(140)) - omNode-2: Completed APPEND_ENTRIES, lastRequest: omNode-1->omNode-2#1616-t3,previous=(t:3, i:583),leaderCommit=583,initializing? true,entries: size=1, first=(t:3, i:584), METADATAENTRY(c:583)
2022-08-10 09:23:35,389 [grpc-default-executor-1] INFO  server.GrpcServerProtocolService (GrpcServerProtocolService.java:onCompleted(140)) - omNode-3: Completed APPEND_ENTRIES, lastRequest: omNode-1->omNode-3#90309-t3,previous=(t:3, i:583),leaderCommit=584,initializing? true,entries: size=1, first=(t:3, i:584), METADATAENTRY(c:583)
2022-08-10 09:23:35,389 [grpc-default-executor-4] INFO  server.GrpcLogAppender (GrpcLogAppender.java:onCompleted(339)) - omNode-1@group-523986131536->omNode-3-AppendLogResponseHandler: follower responses appendEntries COMPLETED
2022-08-10 09:23:35,390 [grpc-default-executor-4] INFO  leader.FollowerInfo (FollowerInfoImpl.java:lambda$new$0(48)) - omNode-1@group-523986131536->omNode-3: nextIndex: updateUnconditionally 585 -> 584
2022-08-10 09:23:35,387 [Listener at localhost/35599] INFO  impl.PendingRequests (PendingRequests.java:sendNotLeaderResponses(282)) - omNode-1@group-523986131536-PendingRequests: sendNotLeaderResponses
2022-08-10 09:23:35,390 [grpc-default-executor-2] INFO  server.GrpcLogAppender (GrpcLogAppender.java:onCompleted(339)) - omNode-1@group-523986131536->omNode-2-AppendLogResponseHandler: follower responses appendEntries COMPLETED
2022-08-10 09:23:35,390 [grpc-default-executor-2] INFO  leader.FollowerInfo (FollowerInfoImpl.java:lambda$new$0(48)) - omNode-1@group-523986131536->omNode-2: nextIndex: updateUnconditionally 585 -> 584
2022-08-10 09:23:35,391 [EndpointStateMachine task thread for /0.0.0.0:42301 - 0 ] INFO  ipc.Client (Client.java:handleConnectionFailure(977)) - Retrying connect to server: 0.0.0.0/0.0.0.0:42301. Already tried 14 time(s); retry policy is RetryUpToMaximumCountWithFixedSleep(maxRetries=15, sleepTime=1000 MILLISECONDS)
2022-08-10 09:23:35,417 [Listener at localhost/35599] INFO  impl.StateMachineUpdater (StateMachineUpdater.java:stopAndJoin(153)) - omNode-1@group-523986131536-StateMachineUpdater: set stopIndex = 584
2022-08-10 09:23:35,420 [omNode-1@group-523986131536-StateMachineUpdater] INFO  ratis.OzoneManagerStateMachine (OzoneManagerStateMachine.java:takeSnapshot(441)) - Current Snapshot Index (t:3, i:584)
2022-08-10 09:23:35,420 [omNode-1@group-523986131536-StateMachineUpdater] INFO  impl.StateMachineUpdater (StateMachineUpdater.java:takeSnapshot(287)) - omNode-1@group-523986131536-StateMachineUpdater: Took a snapshot at index 584
2022-08-10 09:23:35,420 [omNode-1@group-523986131536-StateMachineUpdater] INFO  impl.StateMachineUpdater (StateMachineUpdater.java:lambda$new$0(92)) - omNode-1@group-523986131536-StateMachineUpdater: snapshotIndex: updateIncreasingly 550 -> 584
2022-08-10 09:23:35,420 [omNode-1@group-523986131536-StateMachineUpdater] INFO  ratis.OzoneManagerStateMachine (OzoneManagerStateMachine.java:close(495)) - StateMachine has shutdown. Shutdown OzoneManager if not already shutdown.
2022-08-10 09:23:35,421 [omNode-1@group-523986131536-StateMachineUpdater] INFO  ratis.OzoneManagerDoubleBuffer (OzoneManagerDoubleBuffer.java:stop(466)) - Stopping OMDoubleBuffer flush thread
2022-08-10 09:23:35,421 [OMDoubleBufferFlushThread] INFO  ratis.OzoneManagerDoubleBuffer (OzoneManagerDoubleBuffer.java:flushTransactions(385)) - OMDoubleBuffer flush thread OMDoubleBufferFlushThread is interrupted and will exit.
2022-08-10 09:23:35,427 [Listener at localhost/35599] INFO  server.RaftServer$Division (ServerState.java:close(429)) - omNode-1@group-523986131536: closes. applyIndex: 584
2022-08-10 09:23:35,428 [omNode-1@group-523986131536-SegmentedRaftLogWorker] INFO  segmented.SegmentedRaftLogWorker (SegmentedRaftLogWorker.java:run(336)) - omNode-1@group-523986131536-SegmentedRaftLogWorker was interrupted, exiting. There are 0 tasks remaining in the queue.
2022-08-10 09:23:35,429 [Listener at localhost/35599] INFO  segmented.SegmentedRaftLogWorker (SegmentedRaftLogWorker.java:close(246)) - omNode-1@group-523986131536-SegmentedRaftLogWorker close()
2022-08-10 09:23:35,439 [Listener at localhost/35599] INFO  server.GrpcService (GrpcService.java:closeImpl(269)) - omNode-1: shutdown server with port 33619 now
2022-08-10 09:23:35,446 [Listener at localhost/35599] INFO  server.GrpcService (GrpcService.java:closeImpl(278)) - omNode-1: shutdown server with port 33619 successfully
2022-08-10 09:23:35,446 [org.apache.ratis.util.JvmPauseMonitor$$Lambda$696/1259104175@36fb9a60] INFO  util.JvmPauseMonitor (JvmPauseMonitor.java:run(109)) - JvmPauseMonitor-omNode-1: Stopped
2022-08-10 09:23:35,447 [Listener at localhost/35599] INFO  ratis.OzoneManagerStateMachine (OzoneManagerStateMachine.java:close(495)) - StateMachine has shutdown. Shutdown OzoneManager if not already shutdown.
2022-08-10 09:23:35,447 [Listener at localhost/35599] INFO  ratis.OzoneManagerDoubleBuffer (OzoneManagerDoubleBuffer.java:stop(478)) - OMDoubleBuffer flush thread is not running.
2022-08-10 09:23:35,447 [Listener at localhost/35599] INFO  utils.BackgroundService (BackgroundService.java:shutdown(141)) - Shutting down service KeyDeletingService
2022-08-10 09:23:35,448 [Listener at localhost/35599] INFO  utils.BackgroundService (BackgroundService.java:shutdown(141)) - Shutting down service DirectoryDeletingService
2022-08-10 09:23:35,448 [Listener at localhost/35599] INFO  utils.BackgroundService (BackgroundService.java:shutdown(141)) - Shutting down service OpenKeyCleanupService
2022-08-10 09:23:35,450 [Listener at localhost/35599] INFO  handler.ContextHandler (ContextHandler.java:doStop(1153)) - Stopped o.e.j.w.WebAppContext@7d30f905{ozoneManager,/,null,STOPPED}{file:/home/runner/work/ozone/ozone/hadoop-ozone/integration-test/target/test-classes/webapps/ozoneManager}
2022-08-10 09:23:35,450 [Listener at localhost/35599] INFO  server.AbstractConnector (AbstractConnector.java:doStop(381)) - Stopped ServerConnector@7d8e4c43{HTTP/1.1, (http/1.1)}{0.0.0.0:45103}
2022-08-10 09:23:35,451 [Listener at localhost/35599] INFO  server.session (HouseKeeper.java:stopScavenging(149)) - node0 Stopped scavenging
2022-08-10 09:23:35,451 [Listener at localhost/35599] INFO  handler.ContextHandler (ContextHandler.java:doStop(1153)) - Stopped o.e.j.s.ServletContextHandler@5925d03a{static,/static,file:///home/runner/work/ozone/ozone/hadoop-ozone/integration-test/target/test-classes/webapps/static,STOPPED}
2022-08-10 09:23:35,451 [Listener at localhost/35599] INFO  handler.ContextHandler (ContextHandler.java:doStop(1153)) - Stopped o.e.j.s.ServletContextHandler@547ecaff{logs,/logs,file:///home/runner/work/ozone/ozone/hadoop-ozone/integration-test/target/log,STOPPED}
2022-08-10 09:23:35,466 [Listener at localhost/35599] INFO  om.OzoneManager (OzoneManager.java:restart(1559)) - OzoneManager RPC server is listening at localhost/127.0.0.1:39315
2022-08-10 09:23:35,467 [Listener at localhost/35599] INFO  impl.MetricsSystemImpl (MetricsSystemImpl.java:init(158)) - OzoneManager metrics system started (again)
2022-08-10 09:23:35,490 [Listener at localhost/35599] WARN  server.ServerUtils (ServerUtils.java:getDBPath(225)) - ozone.om.db.dirs is not configured. We recommend adding this setting. Falling back to ozone.metadata.dirs instead.
2022-08-10 09:23:35,494 [Listener at localhost/35599] INFO  codec.OmKeyInfoCodec (OmKeyInfoCodec.java:<init>(49)) - OmKeyInfoCodec ignorePipeline = true
2022-08-10 09:23:35,494 [Listener at localhost/35599] INFO  codec.RepeatedOmKeyInfoCodec (RepeatedOmKeyInfoCodec.java:<init>(41)) - RepeatedOmKeyInfoCodec ignorePipeline = true
2022-08-10 09:23:35,675 [Listener at localhost/35599] INFO  om.OzoneManager (OzoneManager.java:instantiateServices(697)) - S3 Multi-Tenancy is disabled
2022-08-10 09:23:35,689 [Listener at localhost/35599] WARN  impl.MetricRegistriesImpl (MetricRegistriesImpl.java:addReporterRegistration(111)) - New reporters are added after registries were created. Some metrics will be missing from the reporter. Please add reporter before adding any new registry.
2022-08-10 09:23:35,689 [Listener at localhost/35599] WARN  impl.MetricRegistriesImpl (MetricRegistriesImpl.java:addReporterRegistration(111)) - New reporters are added after registries were created. Some metrics will be missing from the reporter. Please add reporter before adding any new registry.
2022-08-10 09:23:35,689 [Listener at localhost/35599] WARN  server.ServerUtils (ServerUtils.java:getDefaultRatisDirectory(237)) - Storage directory for Ratis is not configured. It is a good idea to map this to an SSD disk. Falling back to ozone.metadata.dirs
2022-08-10 09:23:35,691 [Listener at localhost/35599] INFO  ratis.OzoneManagerRatisServer (OzoneManagerRatisServer.java:<init>(159)) - Instantiating OM Ratis server with groupID: om-service-test1 and peers: localhost:33619, localhost:34345, localhost:43433
2022-08-10 09:23:35,691 [Listener at localhost/35599] INFO  ratis.OzoneManagerStateMachine (OzoneManagerStateMachine.java:loadSnapshotInfoFromDB(632)) - LastAppliedIndex is set from TransactionInfo from OM DB as (t:3, i:584)
2022-08-10 09:23:35,699 [Listener at localhost/35599] INFO  server.RaftServer (ConfUtils.java:logGet(46)) - raft.rpc.type = GRPC (default)
2022-08-10 09:23:35,699 [Listener at localhost/35599] INFO  grpc.GrpcFactory (GrpcFactory.java:checkPooledByteBufAllocatorUseCacheForAllThreads(48)) - PERFORMANCE WARNING: useCacheForAllThreads is true that may cause Netty to create a lot garbage objects and, as a result, trigger GC.
	It is recommended to disable useCacheForAllThreads by setting -Dorg.apache.ratis.thirdparty.io.netty.allocator.useCacheForAllThreads=false in command line.
2022-08-10 09:23:35,699 [Listener at localhost/35599] INFO  grpc.GrpcConfigKeys (ConfUtils.java:logGet(46)) - raft.grpc.admin.port = -1 (default)
2022-08-10 09:23:35,699 [Listener at localhost/35599] INFO  grpc.GrpcConfigKeys (ConfUtils.java:logGet(46)) - raft.grpc.server.port = 33619 (custom)
2022-08-10 09:23:35,699 [Listener at localhost/35599] INFO  grpc.GrpcConfigKeys (ConfUtils.java:logGet(46)) - raft.grpc.client.port = -1 (default)
2022-08-10 09:23:35,700 [Listener at localhost/35599] INFO  grpc.GrpcConfigKeys (ConfUtils.java:logGet(46)) - raft.grpc.server.port = 33619 (custom)
2022-08-10 09:23:35,700 [Listener at localhost/35599] INFO  grpc.GrpcConfigKeys (ConfUtils.java:logGet(46)) - raft.grpc.server.port = 33619 (custom)
2022-08-10 09:23:35,700 [Listener at localhost/35599] INFO  server.GrpcService (ConfUtils.java:logGet(46)) - raft.grpc.message.size.max = 33554432 (custom)
2022-08-10 09:23:35,700 [Listener at localhost/35599] INFO  server.RaftServerConfigKeys (ConfUtils.java:logGet(46)) - raft.server.log.appender.buffer.byte-limit = 33554432 (custom)
2022-08-10 09:23:35,700 [Listener at localhost/35599] INFO  server.GrpcService (ConfUtils.java:logGet(46)) - raft.grpc.flow.control.window = 1MB (=1048576) (default)
2022-08-10 09:23:35,700 [Listener at localhost/35599] INFO  server.RaftServerConfigKeys (ConfUtils.java:logGet(46)) - raft.server.rpc.request.timeout = 3000ms (default)
2022-08-10 09:23:35,700 [Listener at localhost/35599] INFO  grpc.GrpcConfigKeys (ConfUtils.java:logGet(46)) - raft.grpc.server.async.request.thread.pool.cached = true (default)
2022-08-10 09:23:35,701 [Listener at localhost/35599] INFO  grpc.GrpcConfigKeys (ConfUtils.java:logGet(46)) - raft.grpc.server.async.request.thread.pool.size = 32 (default)
2022-08-10 09:23:35,702 [Listener at localhost/35599] INFO  impl.DataStreamServerImpl (ConfUtils.java:logGet(46)) - raft.datastream.type = DISABLED (default)
2022-08-10 09:23:35,703 [Listener at localhost/35599] INFO  server.RaftServerConfigKeys (ConfUtils.java:logGet(46)) - raft.server.threadpool.proxy.cached = true (default)
2022-08-10 09:23:35,703 [Listener at localhost/35599] INFO  server.RaftServerConfigKeys (ConfUtils.java:logGet(46)) - raft.server.threadpool.proxy.size = 0 (default)
2022-08-10 09:23:35,703 [Listener at localhost/35599] INFO  server.RaftServerConfigKeys (ConfUtils.java:logGet(46)) - raft.server.rpc.slowness.timeout = 2s (custom)
2022-08-10 09:23:35,704 [Listener at localhost/35599] INFO  server.RaftServerConfigKeys (ConfUtils.java:logGet(46)) - raft.server.leaderelection.leader.step-down.wait-time = 10s (default)
2022-08-10 09:23:35,707 [Listener at localhost/35599] INFO  server.RaftServerConfigKeys (ConfUtils.java:logGet(46)) - raft.server.storage.dir = [/home/runner/work/ozone/ozone/hadoop-ozone/integration-test/target/test-dir/MiniOzoneClusterImpl-2080ac2c-1c22-4300-b117-cc71631a0cfb/omNode-1/ratis] (custom)
2022-08-10 09:23:35,712 [omNode-1-impl-thread1] INFO  server.RaftServer (RaftServerProxy.java:initGroupDir(247)) - omNode-1: found a subdirectory /home/runner/work/ozone/ozone/hadoop-ozone/integration-test/target/test-dir/MiniOzoneClusterImpl-2080ac2c-1c22-4300-b117-cc71631a0cfb/omNode-1/ratis/c9bc4cf4-3bc3-3c60-a66b-523986131536
2022-08-10 09:23:35,712 [Listener at localhost/35599] INFO  server.RaftServer (RaftServerProxy.java:addNew(96)) - omNode-1: addNew group-523986131536:[omNode-3|rpc:localhost:34345|priority:0, omNode-1|rpc:localhost:33619|priority:0, omNode-2|rpc:localhost:43433|priority:0] returns group-523986131536:java.util.concurrent.CompletableFuture@12f8cda3[Not completed]
2022-08-10 09:23:35,712 [Listener at localhost/35599] INFO  om.OzoneManager (OzoneManager.java:initializeRatisServer(1963)) - OzoneManager Ratis server initialized at port 33619
2022-08-10 09:23:35,713 [Listener at localhost/35599] INFO  ratis.OzoneManagerRatisServer (OzoneManagerRatisServer.java:start(554)) - Starting OzoneManagerRatisServer omNode-1 at port 33619
2022-08-10 09:23:35,713 [pool-997-thread-1] INFO  server.RaftServer$Division (RaftServerImpl.java:<init>(190)) - omNode-1: new RaftServerImpl for group-523986131536:[omNode-3|rpc:localhost:34345|priority:0, omNode-1|rpc:localhost:33619|priority:0, omNode-2|rpc:localhost:43433|priority:0] with OzoneManagerStateMachine:uninitialized
2022-08-10 09:23:35,713 [pool-997-thread-1] INFO  server.RaftServerConfigKeys (ConfUtils.java:logGet(46)) - raft.server.rpc.timeout.min = 1s (custom)
2022-08-10 09:23:35,713 [pool-997-thread-1] INFO  server.RaftServerConfigKeys (ConfUtils.java:logGet(46)) - raft.server.rpc.timeout.max = 1200ms (custom)
2022-08-10 09:23:35,713 [pool-997-thread-1] INFO  server.RaftServerConfigKeys (ConfUtils.java:logGet(46)) - raft.server.rpc.sleep.time = 25ms (default)
2022-08-10 09:23:35,713 [pool-997-thread-1] INFO  server.RaftServerConfigKeys (ConfUtils.java:logGet(46)) - raft.server.rpc.slowness.timeout = 2s (custom)
2022-08-10 09:23:35,713 [pool-997-thread-1] INFO  server.RaftServerConfigKeys (ConfUtils.java:logGet(46)) - raft.server.leaderelection.leader.step-down.wait-time = 10s (default)
2022-08-10 09:23:35,713 [pool-997-thread-1] INFO  server.RaftServerConfigKeys (ConfUtils.java:logGet(46)) - raft.server.sleep.deviation.threshold = 300ms (default)
2022-08-10 09:23:35,713 [pool-997-thread-1] INFO  server.RaftServer$Division (ServerState.java:<init>(107)) - omNode-1@group-523986131536: ConfigurationManager, init=-1: [omNode-3|rpc:localhost:34345|priority:0, omNode-1|rpc:localhost:33619|priority:0, omNode-2|rpc:localhost:43433|priority:0], old=null, confs=<EMPTY_MAP>
2022-08-10 09:23:35,714 [pool-997-thread-1] INFO  server.RaftServerConfigKeys (ConfUtils.java:logGet(46)) - raft.server.storage.dir = [/home/runner/work/ozone/ozone/hadoop-ozone/integration-test/target/test-dir/MiniOzoneClusterImpl-2080ac2c-1c22-4300-b117-cc71631a0cfb/omNode-1/ratis] (custom)
2022-08-10 09:23:35,714 [pool-997-thread-1] INFO  server.RaftServerConfigKeys (ConfUtils.java:logGet(46)) - raft.server.log.corruption.policy = EXCEPTION (default)
2022-08-10 09:23:35,714 [pool-997-thread-1] INFO  server.RaftServerConfigKeys (ConfUtils.java:logGet(46)) - raft.server.storage.free-space.min = 0MB (=0) (default)
2022-08-10 09:23:35,715 [pool-997-thread-1] INFO  storage.RaftStorageDirectory (RaftStorageDirectoryImpl.java:tryLock(230)) - Lock on /home/runner/work/ozone/ozone/hadoop-ozone/integration-test/target/test-dir/MiniOzoneClusterImpl-2080ac2c-1c22-4300-b117-cc71631a0cfb/omNode-1/ratis/c9bc4cf4-3bc3-3c60-a66b-523986131536/in_use.lock acquired by nodename 28234@fv-az244-795
2022-08-10 09:23:35,715 [pool-997-thread-1] INFO  storage.RaftStorage (RaftStorageImpl.java:analyzeAndRecoverStorage(110)) - Read RaftStorageMetadata{term=3, votedFor=omNode-1} from /home/runner/work/ozone/ozone/hadoop-ozone/integration-test/target/test-dir/MiniOzoneClusterImpl-2080ac2c-1c22-4300-b117-cc71631a0cfb/omNode-1/ratis/c9bc4cf4-3bc3-3c60-a66b-523986131536/current/raft-meta
2022-08-10 09:23:35,722 [pool-997-thread-1] INFO  server.RaftServer$Division (ServerState.java:setRaftConf(393)) - omNode-1@group-523986131536: set configuration 0: [omNode-3|rpc:localhost:34345|admin:|client:|dataStream:|priority:0, omNode-1|rpc:localhost:33619|admin:|client:|dataStream:|priority:0, omNode-2|rpc:localhost:43433|admin:|client:|dataStream:|priority:0], old=null
2022-08-10 09:23:35,722 [pool-997-thread-1] INFO  server.RaftServerConfigKeys (ConfUtils.java:logGet(46)) - raft.server.notification.no-leader.timeout = 2s (custom)
2022-08-10 09:23:35,722 [pool-997-thread-1] INFO  server.RaftServerConfigKeys (ConfUtils.java:logGet(46)) - raft.server.log.use.memory = false (default)
2022-08-10 09:23:35,722 [pool-997-thread-1] INFO  server.RaftServerConfigKeys (ConfUtils.java:logGet(46)) - raft.server.log.purge.gap = 50 (custom)
2022-08-10 09:23:35,722 [pool-997-thread-1] INFO  server.RaftServerConfigKeys (ConfUtils.java:logGet(46)) - raft.server.log.appender.buffer.byte-limit = 33554432 (custom)
2022-08-10 09:23:35,722 [pool-997-thread-1] INFO  server.RaftServerConfigKeys (ConfUtils.java:logGet(46)) - raft.server.log.statemachine.data.read.timeout = 1000ms (default)
2022-08-10 09:23:35,723 [pool-997-thread-1] INFO  server.RaftServerConfigKeys (ConfUtils.java:logGet(46)) - raft.server.log.segment.size.max = 4194304 (custom)
2022-08-10 09:23:35,723 [pool-997-thread-1] INFO  server.RaftServerConfigKeys (ConfUtils.java:logGet(46)) - raft.server.log.segment.cache.num.max = 2 (custom)
2022-08-10 09:23:35,723 [pool-997-thread-1] INFO  server.RaftServerConfigKeys (ConfUtils.java:logGet(46)) - raft.server.log.segment.cache.size.max = 200MB (=209715200) (default)
2022-08-10 09:23:35,723 [pool-997-thread-1] INFO  segmented.SegmentedRaftLogWorker (SegmentedRaftLogWorker.java:<init>(187)) - new omNode-1@group-523986131536-SegmentedRaftLogWorker for RaftStorageImpl:Storage Directory /home/runner/work/ozone/ozone/hadoop-ozone/integration-test/target/test-dir/MiniOzoneClusterImpl-2080ac2c-1c22-4300-b117-cc71631a0cfb/omNode-1/ratis/c9bc4cf4-3bc3-3c60-a66b-523986131536
2022-08-10 09:23:35,723 [pool-997-thread-1] INFO  server.RaftServerConfigKeys (ConfUtils.java:logGet(46)) - raft.server.log.queue.byte-limit = 64MB (=67108864) (default)
2022-08-10 09:23:35,723 [pool-997-thread-1] INFO  server.RaftServerConfigKeys (ConfUtils.java:logGet(46)) - raft.server.log.queue.element-limit = 4096 (default)
2022-08-10 09:23:35,723 [pool-997-thread-1] INFO  server.RaftServerConfigKeys (ConfUtils.java:logGet(46)) - raft.server.log.segment.size.max = 4194304 (custom)
2022-08-10 09:23:35,723 [pool-997-thread-1] INFO  server.RaftServerConfigKeys (ConfUtils.java:logGet(46)) - raft.server.log.preallocated.size = 4194304 (custom)
2022-08-10 09:23:35,723 [pool-997-thread-1] INFO  server.RaftServerConfigKeys (ConfUtils.java:logGet(46)) - raft.server.log.force.sync.num = 128 (default)
2022-08-10 09:23:35,723 [pool-997-thread-1] INFO  server.RaftServerConfigKeys (ConfUtils.java:logGet(46)) - raft.server.log.statemachine.data.sync = true (default)
2022-08-10 09:23:35,723 [pool-997-thread-1] INFO  server.RaftServerConfigKeys (ConfUtils.java:logGet(46)) - raft.server.log.statemachine.data.sync.timeout = 10s (default)
2022-08-10 09:23:35,723 [pool-997-thread-1] INFO  server.RaftServerConfigKeys (ConfUtils.java:logGet(46)) - raft.server.log.statemachine.data.sync.timeout.retry = -1 (default)
2022-08-10 09:23:35,727 [pool-997-thread-1] INFO  server.RaftServerConfigKeys (ConfUtils.java:logGet(46)) - raft.server.log.write.buffer.size = 64KB (=65536) (default)
2022-08-10 09:23:35,727 [pool-997-thread-1] INFO  server.RaftServerConfigKeys (ConfUtils.java:logGet(46)) - raft.server.log.unsafe-flush.enabled = false (default)
2022-08-10 09:23:35,727 [pool-997-thread-1] INFO  server.RaftServerConfigKeys (ConfUtils.java:logGet(46)) - raft.server.log.statemachine.data.caching.enabled = false (default)
2022-08-10 09:23:35,728 [pool-997-thread-1] INFO  server.RaftServer$Division (ServerState.java:setRaftConf(393)) - omNode-1@group-523986131536: set configuration 0: [omNode-3|rpc:localhost:34345|admin:|client:|dataStream:|priority:0, omNode-1|rpc:localhost:33619|admin:|client:|dataStream:|priority:0, omNode-2|rpc:localhost:43433|admin:|client:|dataStream:|priority:0], old=null
2022-08-10 09:23:35,753 [pool-997-thread-1] INFO  segmented.LogSegment (LogSegment.java:loadSegment(173)) - Successfully read 585 entries from segment file /home/runner/work/ozone/ozone/hadoop-ozone/integration-test/target/test-dir/MiniOzoneClusterImpl-2080ac2c-1c22-4300-b117-cc71631a0cfb/omNode-1/ratis/c9bc4cf4-3bc3-3c60-a66b-523986131536/current/log_inprogress_0
2022-08-10 09:23:35,753 [pool-997-thread-1] INFO  segmented.SegmentedRaftLogWorker (SegmentedRaftLogWorker.java:lambda$new$0(135)) - omNode-1@group-523986131536-SegmentedRaftLogWorker: flushIndex: setUnconditionally 0 -> 584
2022-08-10 09:23:35,753 [pool-997-thread-1] INFO  segmented.SegmentedRaftLogWorker (SegmentedRaftLogWorker.java:lambda$new$0(135)) - omNode-1@group-523986131536-SegmentedRaftLogWorker: safeCacheEvictIndex: setUnconditionally 0 -> -1
2022-08-10 09:23:35,757 [pool-997-thread-1] INFO  raftlog.RaftLog (RaftLogBase.java:lambda$new$0(53)) - omNode-1@group-523986131536-SegmentedRaftLog: commitIndex: updateToMax old=584, new=583, updated? false
2022-08-10 09:23:35,757 [pool-997-thread-1] INFO  server.RaftServerConfigKeys (ConfUtils.java:logGet(46)) - raft.server.snapshot.auto.trigger.enabled = true (custom)
2022-08-10 09:23:35,757 [pool-997-thread-1] INFO  server.RaftServerConfigKeys (ConfUtils.java:logGet(46)) - raft.server.snapshot.auto.trigger.threshold = 50 (custom)
2022-08-10 09:23:35,757 [pool-997-thread-1] INFO  server.RaftServerConfigKeys (ConfUtils.java:logGet(46)) - raft.server.snapshot.retention.file.num = -1 (default)
2022-08-10 09:23:35,757 [pool-997-thread-1] INFO  server.RaftServerConfigKeys (ConfUtils.java:logGet(46)) - raft.server.log.purge.upto.snapshot.index = true (custom)
2022-08-10 09:23:35,757 [pool-997-thread-1] INFO  server.RaftServerConfigKeys (ConfUtils.java:logGet(46)) - raft.server.retrycache.expirytime = 30000ms (custom)
2022-08-10 09:23:35,758 [pool-997-thread-1] INFO  server.RaftServerConfigKeys (ConfUtils.java:logGet(46)) - raft.server.retrycache.statistics.expirytime = 100μs (default)
2022-08-10 09:23:35,759 [pool-997-thread-1] INFO  server.RaftServerConfigKeys (ConfUtils.java:logGet(46)) - raft.server.log.appender.install.snapshot.enabled = false (custom)
2022-08-10 09:23:35,759 [pool-997-thread-1] INFO  server.RaftServerConfigKeys (ConfUtils.java:logGet(46)) - raft.server.threadpool.server.cached = true (default)
2022-08-10 09:23:35,759 [pool-997-thread-1] INFO  server.RaftServerConfigKeys (ConfUtils.java:logGet(46)) - raft.server.threadpool.server.size = 0 (default)
2022-08-10 09:23:35,759 [pool-997-thread-1] INFO  server.RaftServerConfigKeys (ConfUtils.java:logGet(46)) - raft.server.threadpool.client.cached = true (default)
2022-08-10 09:23:35,759 [pool-997-thread-1] INFO  server.RaftServerConfigKeys (ConfUtils.java:logGet(46)) - raft.server.threadpool.client.size = 0 (default)
2022-08-10 09:23:35,759 [omNode-1-impl-thread1] INFO  server.RaftServer$Division (RaftServerImpl.java:start(310)) - omNode-1@group-523986131536: start as a follower, conf=0: [omNode-3|rpc:localhost:34345|admin:|client:|dataStream:|priority:0, omNode-1|rpc:localhost:33619|admin:|client:|dataStream:|priority:0, omNode-2|rpc:localhost:43433|admin:|client:|dataStream:|priority:0], old=null
2022-08-10 09:23:35,759 [omNode-1-impl-thread1] INFO  server.RaftServer$Division (RaftServerImpl.java:setRole(299)) - omNode-1@group-523986131536: changes role from      null to FOLLOWER at term 3 for startAsFollower
2022-08-10 09:23:35,760 [omNode-1-impl-thread1] INFO  impl.RoleInfo (RoleInfo.java:updateAndGet(139)) - omNode-1: start omNode-1@group-523986131536-FollowerState
2022-08-10 09:23:35,764 [omNode-1-impl-thread1] INFO  util.JmxRegister (JmxRegister.java:tryRegister(44)) - Successfully registered JMX Bean with object name Ratis:service=RaftServer,group=group-523986131536,id=omNode-1
2022-08-10 09:23:35,769 [Listener at localhost/35599] INFO  server.RaftServer (RaftServerProxy.java:lambda$start$6(382)) - omNode-1: start RPC server
2022-08-10 09:23:35,773 [Listener at localhost/35599] INFO  server.GrpcService (GrpcService.java:startImpl(260)) - omNode-1: GrpcService started, listening on 33619
2022-08-10 09:23:35,774 [Listener at localhost/35599] INFO  om.OzoneManager (OzoneManager.java:getRpcServer(1086)) - Creating RPC Server
2022-08-10 09:23:35,784 [org.apache.ratis.util.JvmPauseMonitor$$Lambda$696/1259104175@6a7cacc3] INFO  util.JvmPauseMonitor (JvmPauseMonitor.java:run(103)) - JvmPauseMonitor-omNode-1: Started
2022-08-10 09:23:36,068 [Finalizer] WARN  managed.ManagedRocksObjectUtils (ManagedRocksObjectUtils.java:assertClosed(39)) - ManagedColumnFamilyOptions is not closed properly
2022-08-10 09:23:36,068 [Finalizer] WARN  managed.ManagedRocksObjectUtils (ManagedRocksObjectUtils.java:assertClosed(39)) - ManagedColumnFamilyOptions is not closed properly
2022-08-10 09:23:36,068 [Finalizer] WARN  managed.ManagedRocksObjectUtils (ManagedRocksObjectUtils.java:assertClosed(39)) - ManagedColumnFamilyOptions is not closed properly
2022-08-10 09:23:36,068 [Finalizer] WARN  managed.ManagedRocksObjectUtils (ManagedRocksObjectUtils.java:assertClosed(39)) - ManagedColumnFamilyOptions is not closed properly
2022-08-10 09:23:36,068 [Finalizer] WARN  managed.ManagedRocksObjectUtils (ManagedRocksObjectUtils.java:assertClosed(39)) - ManagedColumnFamilyOptions is not closed properly
2022-08-10 09:23:36,068 [Finalizer] WARN  managed.ManagedRocksObjectUtils (ManagedRocksObjectUtils.java:assertClosed(39)) - ManagedColumnFamilyOptions is not closed properly
2022-08-10 09:23:36,069 [Finalizer] WARN  managed.ManagedRocksObjectUtils (ManagedRocksObjectUtils.java:assertClosed(39)) - ManagedColumnFamilyOptions is not closed properly
2022-08-10 09:23:36,069 [Finalizer] WARN  managed.ManagedRocksObjectUtils (ManagedRocksObjectUtils.java:assertClosed(39)) - ManagedColumnFamilyOptions is not closed properly
2022-08-10 09:23:36,069 [Finalizer] WARN  managed.ManagedRocksObjectUtils (ManagedRocksObjectUtils.java:assertClosed(39)) - ManagedColumnFamilyOptions is not closed properly
2022-08-10 09:23:36,069 [Finalizer] WARN  managed.ManagedRocksObjectUtils (ManagedRocksObjectUtils.java:assertClosed(39)) - ManagedColumnFamilyOptions is not closed properly
2022-08-10 09:23:36,069 [Finalizer] WARN  managed.ManagedRocksObjectUtils (ManagedRocksObjectUtils.java:assertClosed(39)) - ManagedColumnFamilyOptions is not closed properly
2022-08-10 09:23:36,069 [Finalizer] WARN  managed.ManagedRocksObjectUtils (ManagedRocksObjectUtils.java:assertClosed(39)) - ManagedColumnFamilyOptions is not closed properly
2022-08-10 09:23:36,069 [Finalizer] WARN  managed.ManagedRocksObjectUtils (ManagedRocksObjectUtils.java:assertClosed(39)) - ManagedColumnFamilyOptions is not closed properly
2022-08-10 09:23:36,069 [Finalizer] WARN  managed.ManagedRocksObjectUtils (ManagedRocksObjectUtils.java:assertClosed(39)) - ManagedColumnFamilyOptions is not closed properly
2022-08-10 09:23:36,069 [Finalizer] WARN  managed.ManagedRocksObjectUtils (ManagedRocksObjectUtils.java:assertClosed(39)) - ManagedColumnFamilyOptions is not closed properly
2022-08-10 09:23:36,069 [Finalizer] WARN  managed.ManagedRocksObjectUtils (ManagedRocksObjectUtils.java:assertClosed(39)) - ManagedColumnFamilyOptions is not closed properly
2022-08-10 09:23:36,069 [Finalizer] WARN  managed.ManagedRocksObjectUtils (ManagedRocksObjectUtils.java:assertClosed(39)) - ManagedColumnFamilyOptions is not closed properly
2022-08-10 09:23:36,069 [Finalizer] WARN  managed.ManagedRocksObjectUtils (ManagedRocksObjectUtils.java:assertClosed(39)) - ManagedColumnFamilyOptions is not closed properly
2022-08-10 09:23:36,069 [Finalizer] WARN  managed.ManagedRocksObjectUtils (ManagedRocksObjectUtils.java:assertClosed(39)) - ManagedColumnFamilyOptions is not closed properly
2022-08-10 09:23:36,069 [Finalizer] WARN  managed.ManagedRocksObjectUtils (ManagedRocksObjectUtils.java:assertClosed(39)) - ManagedColumnFamilyOptions is not closed properly
2022-08-10 09:23:36,069 [Finalizer] WARN  managed.ManagedRocksObjectUtils (ManagedRocksObjectUtils.java:assertClosed(39)) - ManagedColumnFamilyOptions is not closed properly
2022-08-10 09:23:36,069 [Finalizer] WARN  managed.ManagedRocksObjectUtils (ManagedRocksObjectUtils.java:assertClosed(39)) - ManagedColumnFamilyOptions is not closed properly
2022-08-10 09:23:36,069 [Finalizer] WARN  managed.ManagedRocksObjectUtils (ManagedRocksObjectUtils.java:assertClosed(39)) - ManagedLRUCache is not closed properly
2022-08-10 09:23:36,069 [Finalizer] WARN  managed.ManagedRocksObjectUtils (ManagedRocksObjectUtils.java:assertClosed(39)) - ManagedBloomFilter is not closed properly
2022-08-10 09:23:36,069 [Finalizer] WARN  managed.ManagedRocksObjectUtils (ManagedRocksObjectUtils.java:assertClosed(39)) - ManagedColumnFamilyOptions is not closed properly
2022-08-10 09:23:36,069 [Finalizer] WARN  managed.ManagedRocksObjectUtils (ManagedRocksObjectUtils.java:assertClosed(39)) - ManagedLRUCache is not closed properly
2022-08-10 09:23:36,069 [Finalizer] WARN  managed.ManagedRocksObjectUtils (ManagedRocksObjectUtils.java:assertClosed(39)) - ManagedBloomFilter is not closed properly
2022-08-10 09:23:36,069 [Finalizer] WARN  managed.ManagedRocksObjectUtils (ManagedRocksObjectUtils.java:assertClosed(39)) - ManagedColumnFamilyOptions is not closed properly
2022-08-10 09:23:36,069 [Finalizer] WARN  managed.ManagedRocksObjectUtils (ManagedRocksObjectUtils.java:assertClosed(39)) - ManagedLRUCache is not closed properly
2022-08-10 09:23:36,069 [Finalizer] WARN  managed.ManagedRocksObjectUtils (ManagedRocksObjectUtils.java:assertClosed(39)) - ManagedBloomFilter is not closed properly
2022-08-10 09:23:36,069 [Finalizer] WARN  managed.ManagedRocksObjectUtils (ManagedRocksObjectUtils.java:assertClosed(39)) - ManagedColumnFamilyOptions is not closed properly
2022-08-10 09:23:36,069 [Finalizer] WARN  managed.ManagedRocksObjectUtils (ManagedRocksObjectUtils.java:assertClosed(39)) - ManagedLRUCache is not closed properly
2022-08-10 09:23:36,069 [Finalizer] WARN  managed.ManagedRocksObjectUtils (ManagedRocksObjectUtils.java:assertClosed(39)) - ManagedBloomFilter is not closed properly
2022-08-10 09:23:36,069 [Finalizer] WARN  managed.ManagedRocksObjectUtils (ManagedRocksObjectUtils.java:assertClosed(39)) - ManagedColumnFamilyOptions is not closed properly
2022-08-10 09:23:36,069 [Finalizer] WARN  managed.ManagedRocksObjectUtils (ManagedRocksObjectUtils.java:assertClosed(39)) - ManagedLRUCache is not closed properly
2022-08-10 09:23:36,069 [Finalizer] WARN  managed.ManagedRocksObjectUtils (ManagedRocksObjectUtils.java:assertClosed(39)) - ManagedBloomFilter is not closed properly
2022-08-10 09:23:36,070 [Finalizer] WARN  managed.ManagedRocksObjectUtils (ManagedRocksObjectUtils.java:assertClosed(39)) - ManagedColumnFamilyOptions is not closed properly
2022-08-10 09:23:36,083 [Finalizer] WARN  managed.ManagedRocksObjectUtils (ManagedRocksObjectUtils.java:assertClosed(39)) - ManagedLRUCache is not closed properly
2022-08-10 09:23:36,083 [Finalizer] WARN  managed.ManagedRocksObjectUtils (ManagedRocksObjectUtils.java:assertClosed(39)) - ManagedBloomFilter is not closed properly
2022-08-10 09:23:36,083 [Finalizer] WARN  managed.ManagedRocksObjectUtils (ManagedRocksObjectUtils.java:assertClosed(39)) - ManagedColumnFamilyOptions is not closed properly
2022-08-10 09:23:36,083 [Finalizer] WARN  managed.ManagedRocksObjectUtils (ManagedRocksObjectUtils.java:assertClosed(39)) - ManagedLRUCache is not closed properly
2022-08-10 09:23:36,083 [Finalizer] WARN  managed.ManagedRocksObjectUtils (ManagedRocksObjectUtils.java:assertClosed(39)) - ManagedBloomFilter is not closed properly
2022-08-10 09:23:36,083 [Finalizer] WARN  managed.ManagedRocksObjectUtils (ManagedRocksObjectUtils.java:assertClosed(39)) - ManagedColumnFamilyOptions is not closed properly
2022-08-10 09:23:36,083 [Finalizer] WARN  managed.ManagedRocksObjectUtils (ManagedRocksObjectUtils.java:assertClosed(39)) - ManagedLRUCache is not closed properly
2022-08-10 09:23:36,083 [Finalizer] WARN  managed.ManagedRocksObjectUtils (ManagedRocksObjectUtils.java:assertClosed(39)) - ManagedBloomFilter is not closed properly
2022-08-10 09:23:36,083 [Finalizer] WARN  managed.ManagedRocksObjectUtils (ManagedRocksObjectUtils.java:assertClosed(39)) - ManagedColumnFamilyOptions is not closed properly
2022-08-10 09:23:36,083 [Finalizer] WARN  managed.ManagedRocksObjectUtils (ManagedRocksObjectUtils.java:assertClosed(39)) - ManagedLRUCache is not closed properly
2022-08-10 09:23:36,083 [Finalizer] WARN  managed.ManagedRocksObjectUtils (ManagedRocksObjectUtils.java:assertClosed(39)) - ManagedBloomFilter is not closed properly
2022-08-10 09:23:36,083 [Finalizer] WARN  managed.ManagedRocksObjectUtils (ManagedRocksObjectUtils.java:assertClosed(39)) - ManagedColumnFamilyOptions is not closed properly
2022-08-10 09:23:36,083 [Finalizer] WARN  managed.ManagedRocksObjectUtils (ManagedRocksObjectUtils.java:assertClosed(39)) - ManagedLRUCache is not closed properly
2022-08-10 09:23:36,083 [Finalizer] WARN  managed.ManagedRocksObjectUtils (ManagedRocksObjectUtils.java:assertClosed(39)) - ManagedBloomFilter is not closed properly
2022-08-10 09:23:36,083 [Finalizer] WARN  managed.ManagedRocksObjectUtils (ManagedRocksObjectUtils.java:assertClosed(39)) - ManagedColumnFamilyOptions is not closed properly
2022-08-10 09:23:36,083 [Finalizer] WARN  managed.ManagedRocksObjectUtils (ManagedRocksObjectUtils.java:assertClosed(39)) - ManagedLRUCache is not closed properly
2022-08-10 09:23:36,083 [Finalizer] WARN  managed.ManagedRocksObjectUtils (ManagedRocksObjectUtils.java:assertClosed(39)) - ManagedBloomFilter is not closed properly
2022-08-10 09:23:36,083 [Finalizer] WARN  managed.ManagedRocksObjectUtils (ManagedRocksObjectUtils.java:assertClosed(39)) - ManagedColumnFamilyOptions is not closed properly
2022-08-10 09:23:36,084 [Finalizer] WARN  managed.ManagedRocksObjectUtils (ManagedRocksObjectUtils.java:assertClosed(39)) - ManagedLRUCache is not closed properly
2022-08-10 09:23:36,084 [Finalizer] WARN  managed.ManagedRocksObjectUtils (ManagedRocksObjectUtils.java:assertClosed(39)) - ManagedBloomFilter is not closed properly
2022-08-10 09:23:36,084 [Finalizer] WARN  managed.ManagedRocksObjectUtils (ManagedRocksObjectUtils.java:assertClosed(39)) - ManagedColumnFamilyOptions is not closed properly
2022-08-10 09:23:36,084 [Finalizer] WARN  managed.ManagedRocksObjectUtils (ManagedRocksObjectUtils.java:assertClosed(39)) - ManagedLRUCache is not closed properly
2022-08-10 09:23:36,084 [Finalizer] WARN  managed.ManagedRocksObjectUtils (ManagedRocksObjectUtils.java:assertClosed(39)) - ManagedBloomFilter is not closed properly
2022-08-10 09:23:36,084 [Finalizer] WARN  managed.ManagedRocksObjectUtils (ManagedRocksObjectUtils.java:assertClosed(39)) - ManagedColumnFamilyOptions is not closed properly
2022-08-10 09:23:36,084 [Finalizer] WARN  managed.ManagedRocksObjectUtils (ManagedRocksObjectUtils.java:assertClosed(39)) - ManagedLRUCache is not closed properly
2022-08-10 09:23:36,084 [Finalizer] WARN  managed.ManagedRocksObjectUtils (ManagedRocksObjectUtils.java:assertClosed(39)) - ManagedBloomFilter is not closed properly
2022-08-10 09:23:36,084 [Finalizer] WARN  managed.ManagedRocksObjectUtils (ManagedRocksObjectUtils.java:assertClosed(39)) - ManagedColumnFamilyOptions is not closed properly
2022-08-10 09:23:36,084 [Finalizer] WARN  managed.ManagedRocksObjectUtils (ManagedRocksObjectUtils.java:assertClosed(39)) - ManagedLRUCache is not closed properly
2022-08-10 09:23:36,084 [Finalizer] WARN  managed.ManagedRocksObjectUtils (ManagedRocksObjectUtils.java:assertClosed(39)) - ManagedBloomFilter is not closed properly
2022-08-10 09:23:36,084 [Finalizer] WARN  managed.ManagedRocksObjectUtils (ManagedRocksObjectUtils.java:assertClosed(39)) - ManagedColumnFamilyOptions is not closed properly
2022-08-10 09:23:36,084 [Finalizer] WARN  managed.ManagedRocksObjectUtils (ManagedRocksObjectUtils.java:assertClosed(39)) - ManagedLRUCache is not closed properly
2022-08-10 09:23:36,084 [Finalizer] WARN  managed.ManagedRocksObjectUtils (ManagedRocksObjectUtils.java:assertClosed(39)) - ManagedBloomFilter is not closed properly
2022-08-10 09:23:36,084 [Finalizer] WARN  managed.ManagedRocksObjectUtils (ManagedRocksObjectUtils.java:assertClosed(39)) - ManagedColumnFamilyOptions is not closed properly
2022-08-10 09:23:36,084 [Finalizer] WARN  managed.ManagedRocksObjectUtils (ManagedRocksObjectUtils.java:assertClosed(39)) - ManagedLRUCache is not closed properly
2022-08-10 09:23:36,084 [Finalizer] WARN  managed.ManagedRocksObjectUtils (ManagedRocksObjectUtils.java:assertClosed(39)) - ManagedBloomFilter is not closed properly
2022-08-10 09:23:36,084 [Finalizer] WARN  managed.ManagedRocksObjectUtils (ManagedRocksObjectUtils.java:assertClosed(39)) - ManagedColumnFamilyOptions is not closed properly
2022-08-10 09:23:36,084 [Finalizer] WARN  managed.ManagedRocksObjectUtils (ManagedRocksObjectUtils.java:assertClosed(39)) - ManagedLRUCache is not closed properly
2022-08-10 09:23:36,084 [Finalizer] WARN  managed.ManagedRocksObjectUtils (ManagedRocksObjectUtils.java:assertClosed(39)) - ManagedBloomFilter is not closed properly
2022-08-10 09:23:36,084 [Finalizer] WARN  managed.ManagedRocksObjectUtils (ManagedRocksObjectUtils.java:assertClosed(39)) - ManagedColumnFamilyOptions is not closed properly
2022-08-10 09:23:36,084 [Finalizer] WARN  managed.ManagedRocksObjectUtils (ManagedRocksObjectUtils.java:assertClosed(39)) - ManagedLRUCache is not closed properly
2022-08-10 09:23:36,085 [Finalizer] WARN  managed.ManagedRocksObjectUtils (ManagedRocksObjectUtils.java:assertClosed(39)) - ManagedBloomFilter is not closed properly
2022-08-10 09:23:36,085 [Finalizer] WARN  managed.ManagedRocksObjectUtils (ManagedRocksObjectUtils.java:assertClosed(39)) - ManagedColumnFamilyOptions is not closed properly
2022-08-10 09:23:36,085 [Finalizer] WARN  managed.ManagedRocksObjectUtils (ManagedRocksObjectUtils.java:assertClosed(39)) - ManagedLRUCache is not closed properly
2022-08-10 09:23:36,085 [Finalizer] WARN  managed.ManagedRocksObjectUtils (ManagedRocksObjectUtils.java:assertClosed(39)) - ManagedBloomFilter is not closed properly
2022-08-10 09:23:36,393 [EndpointStateMachine task thread for /0.0.0.0:42301 - 0 ] INFO  ipc.Client (Client.java:handleConnectionFailure(977)) - Retrying connect to server: 0.0.0.0/0.0.0.0:42301. Already tried 0 time(s); retry policy is RetryUpToMaximumCountWithFixedSleep(maxRetries=15, sleepTime=1000 MILLISECONDS)
2022-08-10 09:23:36,550 [Listener at localhost/35599] INFO  reflections.Reflections (Reflections.java:scan(232)) - Reflections took 775 ms to scan 19 urls, producing 67 keys and 4150 values [using 2 cores]
2022-08-10 09:23:36,551 [Listener at localhost/35599] INFO  ipc.CallQueueManager (CallQueueManager.java:<init>(90)) - Using callQueue: class java.util.concurrent.LinkedBlockingQueue, queueCapacity: 2000, scheduler: class org.apache.hadoop.ipc.DefaultRpcScheduler, ipcBackoff: false.
2022-08-10 09:23:36,552 [Socket Reader #1 for port 39315] INFO  ipc.Server (Server.java:run(1265)) - Starting Socket Reader #1 for port 39315
2022-08-10 09:23:36,566 [Listener at localhost/39315] INFO  http.BaseHttpServer (BaseHttpServer.java:newHttpServer2BuilderForOzone(209)) - Starting Web-server for ozoneManager at: http://0.0.0.0:45103
2022-08-10 09:23:36,566 [Listener at localhost/39315] INFO  http.BaseHttpServer (BaseHttpServer.java:<init>(107)) - Hadoop Security Enabled: false Ozone Security Enabled: false Ozone HTTP Security Enabled: false 
2022-08-10 09:23:36,576 [Listener at localhost/39315] INFO  server.AuthenticationFilter (AuthenticationFilter.java:constructSecretProvider(240)) - Unable to initialize FileSignerSecretProvider, falling back to use random secrets.
2022-08-10 09:23:36,578 [omNode-2@group-523986131536-FollowerState] INFO  impl.FollowerState (FollowerState.java:run(143)) - omNode-2@group-523986131536-FollowerState: change to CANDIDATE, lastRpcElapsedTime:1566094008ns, electionTimeout:1130ms
2022-08-10 09:23:36,578 [omNode-2@group-523986131536-FollowerState] INFO  impl.RoleInfo (RoleInfo.java:shutdownFollowerState(110)) - omNode-2: shutdown omNode-2@group-523986131536-FollowerState
2022-08-10 09:23:36,578 [omNode-2@group-523986131536-FollowerState] INFO  server.RaftServer$Division (RaftServerImpl.java:setRole(299)) - omNode-2@group-523986131536: changes role from  FOLLOWER to CANDIDATE at term 3 for changeToCandidate
2022-08-10 09:23:36,579 [omNode-3@group-523986131536-FollowerState] INFO  impl.FollowerState (FollowerState.java:run(143)) - omNode-3@group-523986131536-FollowerState: change to CANDIDATE, lastRpcElapsedTime:1502695522ns, electionTimeout:1189ms
2022-08-10 09:23:36,579 [omNode-3@group-523986131536-FollowerState] INFO  impl.RoleInfo (RoleInfo.java:shutdownFollowerState(110)) - omNode-3: shutdown omNode-3@group-523986131536-FollowerState
2022-08-10 09:23:36,579 [omNode-3@group-523986131536-FollowerState] INFO  server.RaftServer$Division (RaftServerImpl.java:setRole(299)) - omNode-3@group-523986131536: changes role from  FOLLOWER to CANDIDATE at term 3 for changeToCandidate
2022-08-10 09:23:36,584 [Listener at localhost/39315] WARN  http.HttpRequestLog (HttpRequestLog.java:getRequestLog(103)) - Jetty request log can only be enabled using Log4j
2022-08-10 09:23:36,585 [omNode-3@group-523986131536-FollowerState] INFO  server.RaftServerConfigKeys (ConfUtils.java:logGet(46)) - raft.server.leaderelection.pre-vote = false (custom)
2022-08-10 09:23:36,585 [omNode-2@group-523986131536-FollowerState] INFO  server.RaftServerConfigKeys (ConfUtils.java:logGet(46)) - raft.server.leaderelection.pre-vote = false (custom)
2022-08-10 09:23:36,585 [omNode-3@group-523986131536-FollowerState] INFO  impl.RoleInfo (RoleInfo.java:updateAndGet(139)) - omNode-3: start omNode-3@group-523986131536-LeaderElection48
2022-08-10 09:23:36,585 [omNode-2@group-523986131536-FollowerState] INFO  impl.RoleInfo (RoleInfo.java:updateAndGet(139)) - omNode-2: start omNode-2@group-523986131536-LeaderElection47
2022-08-10 09:23:36,586 [Listener at localhost/39315] INFO  http.HttpServer2 (HttpServer2.java:addGlobalFilter(1029)) - Added global filter 'safety' (class=org.apache.hadoop.hdds.server.http.HttpServer2$QuotingInputFilter)
2022-08-10 09:23:36,587 [Listener at localhost/39315] INFO  http.HttpServer2 (HttpServer2.java:addFilter(1005)) - Added filter static_user_filter (class=org.apache.hadoop.http.lib.StaticUserWebFilter$StaticUserFilter) to context ozoneManager
2022-08-10 09:23:36,587 [Listener at localhost/39315] INFO  http.HttpServer2 (HttpServer2.java:addFilter(1013)) - Added filter static_user_filter (class=org.apache.hadoop.http.lib.StaticUserWebFilter$StaticUserFilter) to context static
2022-08-10 09:23:36,587 [Listener at localhost/39315] INFO  http.HttpServer2 (HttpServer2.java:addFilter(1013)) - Added filter static_user_filter (class=org.apache.hadoop.http.lib.StaticUserWebFilter$StaticUserFilter) to context logs
2022-08-10 09:23:36,587 [Listener at localhost/39315] INFO  http.HttpServer2 (HttpServer2.java:bindListener(1248)) - Jetty bound to port 45103
2022-08-10 09:23:36,587 [Listener at localhost/39315] INFO  server.Server (Server.java:doStart(375)) - jetty-9.4.43.v20210629; built: 2021-06-30T11:07:22.254Z; git: 526006ecfa3af7f1a27ef3a288e2bef7ea9dd7e8; jvm 1.8.0_332-b09
2022-08-10 09:23:36,594 [omNode-3@group-523986131536-LeaderElection48] INFO  server.RaftServer$Division (ServerState.java:setLeader(287)) - omNode-3@group-523986131536: change Leader from omNode-1 to null at term 3 for ELECTION
2022-08-10 09:23:36,598 [omNode-3@group-523986131536-LeaderElection48] INFO  impl.LeaderElection (LeaderElection.java:askForVotes(310)) - omNode-3@group-523986131536-LeaderElection48 ELECTION round 0: submit vote requests at term 4 for 0: [omNode-3|rpc:localhost:34345|admin:|client:|dataStream:|priority:0, omNode-1|rpc:localhost:33619|admin:|client:|dataStream:|priority:0, omNode-2|rpc:localhost:43433|admin:|client:|dataStream:|priority:0], old=null
2022-08-10 09:23:36,616 [omNode-2@group-523986131536-LeaderElection47] INFO  server.RaftServer$Division (ServerState.java:setLeader(287)) - omNode-2@group-523986131536: change Leader from omNode-1 to null at term 3 for ELECTION
2022-08-10 09:23:36,622 [omNode-2@group-523986131536-LeaderElection47] INFO  impl.LeaderElection (LeaderElection.java:askForVotes(310)) - omNode-2@group-523986131536-LeaderElection47 ELECTION round 0: submit vote requests at term 4 for 0: [omNode-3|rpc:localhost:34345|admin:|client:|dataStream:|priority:0, omNode-1|rpc:localhost:33619|admin:|client:|dataStream:|priority:0, omNode-2|rpc:localhost:43433|admin:|client:|dataStream:|priority:0], old=null
2022-08-10 09:23:36,661 [Listener at localhost/39315] INFO  server.session (DefaultSessionIdManager.java:doStart(334)) - DefaultSessionIdManager workerName=node0
2022-08-10 09:23:36,661 [Listener at localhost/39315] INFO  server.session (DefaultSessionIdManager.java:doStart(339)) - No SessionScavenger set, using defaults
2022-08-10 09:23:36,662 [Listener at localhost/39315] INFO  server.session (HouseKeeper.java:startScavenging(132)) - node0 Scavenging every 660000ms
2022-08-10 09:23:36,665 [Listener at localhost/39315] INFO  handler.ContextHandler (ContextHandler.java:doStart(915)) - Started o.e.j.s.ServletContextHandler@6d4f6815{logs,/logs,file:///home/runner/work/ozone/ozone/hadoop-ozone/integration-test/target/log,AVAILABLE}
2022-08-10 09:23:36,666 [Listener at localhost/39315] INFO  handler.ContextHandler (ContextHandler.java:doStart(915)) - Started o.e.j.s.ServletContextHandler@3538740a{static,/static,file:///home/runner/work/ozone/ozone/hadoop-ozone/integration-test/target/test-classes/webapps/static,AVAILABLE}
2022-08-10 09:23:36,678 [grpc-default-executor-2] INFO  server.RaftServer$Division (RaftServerImpl.java:requestVote(1152)) - omNode-1@group-523986131536: receive requestVote(ELECTION, omNode-3, group-523986131536, 4, (t:3, i:584))
2022-08-10 09:23:36,678 [grpc-default-executor-2] INFO  impl.VoteContext (VoteContext.java:log(48)) - omNode-1@group-523986131536-FOLLOWER: accept ELECTION from omNode-3: our priority 0 <= candidate's priority 0
2022-08-10 09:23:36,678 [grpc-default-executor-2] INFO  server.RaftServer$Division (RaftServerImpl.java:setRole(299)) - omNode-1@group-523986131536: changes role from  FOLLOWER to FOLLOWER at term 4 for candidate:omNode-3
2022-08-10 09:23:36,678 [grpc-default-executor-2] INFO  impl.RoleInfo (RoleInfo.java:shutdownFollowerState(110)) - omNode-1: shutdown omNode-1@group-523986131536-FollowerState
2022-08-10 09:23:36,678 [grpc-default-executor-2] INFO  impl.RoleInfo (RoleInfo.java:updateAndGet(139)) - omNode-1: start omNode-1@group-523986131536-FollowerState
2022-08-10 09:23:36,678 [omNode-1@group-523986131536-FollowerState] INFO  impl.FollowerState (FollowerState.java:run(152)) - omNode-1@group-523986131536-FollowerState was interrupted
2022-08-10 09:23:36,683 [Listener at localhost/39315] INFO  handler.ContextHandler (ContextHandler.java:doStart(915)) - Started o.e.j.w.WebAppContext@7486c4ae{ozoneManager,/,file:///home/runner/work/ozone/ozone/hadoop-ozone/integration-test/target/test-classes/webapps/ozoneManager/,AVAILABLE}{file:/home/runner/work/ozone/ozone/hadoop-ozone/integration-test/target/test-classes/webapps/ozoneManager}
2022-08-10 09:23:36,687 [grpc-default-executor-3] INFO  server.RaftServer$Division (RaftServerImpl.java:requestVote(1152)) - omNode-3@group-523986131536: receive requestVote(ELECTION, omNode-2, group-523986131536, 4, (t:3, i:584))
2022-08-10 09:23:36,687 [grpc-default-executor-3] INFO  impl.VoteContext (VoteContext.java:log(48)) - omNode-3@group-523986131536-CANDIDATE: reject ELECTION from omNode-2: already has voted for omNode-3 at current term 4
2022-08-10 09:23:36,688 [grpc-default-executor-3] INFO  server.RaftServer$Division (RaftServerImpl.java:requestVote(1184)) - omNode-3@group-523986131536 replies to ELECTION vote request: omNode-2<-omNode-3#0:FAIL-t4. Peer's state: omNode-3@group-523986131536:t4, leader=null, voted=omNode-3, raftlog=omNode-3@group-523986131536-SegmentedRaftLog:OPENED:c584, conf=0: [omNode-3|rpc:localhost:34345|admin:|client:|dataStream:|priority:0, omNode-1|rpc:localhost:33619|admin:|client:|dataStream:|priority:0, omNode-2|rpc:localhost:43433|admin:|client:|dataStream:|priority:0], old=null
2022-08-10 09:23:36,688 [grpc-default-executor-4] INFO  server.RaftServer$Division (RaftServerImpl.java:requestVote(1152)) - omNode-2@group-523986131536: receive requestVote(ELECTION, omNode-3, group-523986131536, 4, (t:3, i:584))
2022-08-10 09:23:36,689 [grpc-default-executor-4] INFO  impl.VoteContext (VoteContext.java:log(48)) - omNode-2@group-523986131536-CANDIDATE: reject ELECTION from omNode-3: already has voted for omNode-2 at current term 4
2022-08-10 09:23:36,689 [grpc-default-executor-4] INFO  server.RaftServer$Division (RaftServerImpl.java:requestVote(1184)) - omNode-2@group-523986131536 replies to ELECTION vote request: omNode-3<-omNode-2#0:FAIL-t4. Peer's state: omNode-2@group-523986131536:t4, leader=null, voted=omNode-2, raftlog=omNode-2@group-523986131536-SegmentedRaftLog:OPENED:c584, conf=0: [omNode-3|rpc:localhost:34345|admin:|client:|dataStream:|priority:0, omNode-1|rpc:localhost:33619|admin:|client:|dataStream:|priority:0, omNode-2|rpc:localhost:43433|admin:|client:|dataStream:|priority:0], old=null
2022-08-10 09:23:36,689 [grpc-default-executor-2] INFO  server.RaftServer$Division (RaftServerImpl.java:requestVote(1184)) - omNode-1@group-523986131536 replies to ELECTION vote request: omNode-3<-omNode-1#0:OK-t4. Peer's state: omNode-1@group-523986131536:t4, leader=null, voted=omNode-3, raftlog=omNode-1@group-523986131536-SegmentedRaftLog:OPENED:c584, conf=0: [omNode-3|rpc:localhost:34345|admin:|client:|dataStream:|priority:0, omNode-1|rpc:localhost:33619|admin:|client:|dataStream:|priority:0, omNode-2|rpc:localhost:43433|admin:|client:|dataStream:|priority:0], old=null
2022-08-10 09:23:36,690 [grpc-default-executor-4] INFO  server.RaftServer$Division (RaftServerImpl.java:requestVote(1152)) - omNode-1@group-523986131536: receive requestVote(ELECTION, omNode-2, group-523986131536, 4, (t:3, i:584))
2022-08-10 09:23:36,704 [omNode-3@group-523986131536-LeaderElection48] INFO  impl.LeaderElection (LeaderElection.java:logAndReturn(90)) - omNode-3@group-523986131536-LeaderElection48: ELECTION PASSED received 1 response(s) and 0 exception(s):
2022-08-10 09:23:36,704 [omNode-3@group-523986131536-LeaderElection48] INFO  impl.LeaderElection (LeaderElection.java:logAndReturn(94)) -   Response 0: omNode-3<-omNode-1#0:OK-t4
2022-08-10 09:23:36,704 [omNode-3@group-523986131536-LeaderElection48] INFO  impl.LeaderElection (LeaderElection.java:askForVotes(312)) - omNode-3@group-523986131536-LeaderElection48 ELECTION round 0: result PASSED
2022-08-10 09:23:36,704 [omNode-3@group-523986131536-LeaderElection48] INFO  impl.RoleInfo (RoleInfo.java:shutdownLeaderElection(130)) - omNode-3: shutdown omNode-3@group-523986131536-LeaderElection48
2022-08-10 09:23:36,704 [omNode-3@group-523986131536-LeaderElection48] INFO  server.RaftServer$Division (RaftServerImpl.java:setRole(299)) - omNode-3@group-523986131536: changes role from CANDIDATE to LEADER at term 4 for changeToLeader
2022-08-10 09:23:36,704 [omNode-3@group-523986131536-LeaderElection48] INFO  server.RaftServer$Division (ServerState.java:setLeader(287)) - omNode-3@group-523986131536: change Leader from null to omNode-3 at term 4 for becomeLeader, leader elected after 110ms
2022-08-10 09:23:36,704 [omNode-3@group-523986131536-LeaderElection48] INFO  server.RaftServerConfigKeys (ConfUtils.java:logGet(46)) - raft.server.staging.catchup.gap = 1000 (default)
2022-08-10 09:23:36,705 [omNode-3@group-523986131536-LeaderElection48] INFO  server.RaftServerConfigKeys (ConfUtils.java:logGet(46)) - raft.server.write.element-limit = 4096 (default)
2022-08-10 09:23:36,705 [omNode-3@group-523986131536-LeaderElection48] INFO  server.RaftServerConfigKeys (ConfUtils.java:logGet(46)) - raft.server.write.byte-limit = 64MB (=67108864) (default)
2022-08-10 09:23:36,705 [omNode-3@group-523986131536-LeaderElection48] INFO  server.RaftServerConfigKeys (ConfUtils.java:logGet(46)) - raft.server.watch.timeout = 10s (default)
2022-08-10 09:23:36,705 [omNode-3@group-523986131536-LeaderElection48] INFO  server.RaftServerConfigKeys (ConfUtils.java:logGet(46)) - raft.server.watch.timeout.denomination = 1s (default)
2022-08-10 09:23:36,705 [omNode-3@group-523986131536-LeaderElection48] INFO  server.RaftServerConfigKeys (ConfUtils.java:logGet(46)) - raft.server.watch.element-limit = 65536 (default)
2022-08-10 09:23:36,705 [omNode-3@group-523986131536-LeaderElection48] INFO  server.RaftServerConfigKeys (ConfUtils.java:logGet(46)) - raft.server.write.element-limit = 4096 (default)
2022-08-10 09:23:36,705 [omNode-3@group-523986131536-LeaderElection48] INFO  server.RaftServerConfigKeys (ConfUtils.java:logGet(46)) - raft.server.write.follower.gap.ratio.max = -1.0 (default)
2022-08-10 09:23:36,706 [omNode-3@group-523986131536-LeaderElection48] INFO  server.RaftServerConfigKeys (ConfUtils.java:logGet(46)) - raft.server.log.appender.snapshot.chunk.size.max = 16MB (=16777216) (default)
2022-08-10 09:23:36,706 [omNode-3@group-523986131536-LeaderElection48] INFO  server.RaftServerConfigKeys (ConfUtils.java:logGet(46)) - raft.server.log.appender.buffer.byte-limit = 33554432 (custom)
2022-08-10 09:23:36,706 [omNode-3@group-523986131536-LeaderElection48] INFO  server.RaftServerConfigKeys (ConfUtils.java:logGet(46)) - raft.server.log.appender.buffer.element-limit = 1024 (custom)
2022-08-10 09:23:36,706 [omNode-3@group-523986131536-LeaderElection48] INFO  grpc.GrpcConfigKeys (ConfUtils.java:logGet(46)) - raft.grpc.server.leader.outstanding.appends.max = 128 (default)
2022-08-10 09:23:36,706 [omNode-3@group-523986131536-LeaderElection48] INFO  server.RaftServerConfigKeys (ConfUtils.java:logGet(46)) - raft.server.rpc.request.timeout = 3000ms (default)
2022-08-10 09:23:36,706 [omNode-3@group-523986131536-LeaderElection48] INFO  server.RaftServerConfigKeys (ConfUtils.java:logGet(46)) - raft.server.log.appender.install.snapshot.enabled = false (custom)
2022-08-10 09:23:36,708 [omNode-3@group-523986131536-LeaderElection48] INFO  server.RaftServerConfigKeys (ConfUtils.java:logGet(46)) - raft.server.log.appender.snapshot.chunk.size.max = 16MB (=16777216) (default)
2022-08-10 09:23:36,708 [omNode-3@group-523986131536-LeaderElection48] INFO  server.RaftServerConfigKeys (ConfUtils.java:logGet(46)) - raft.server.log.appender.buffer.byte-limit = 33554432 (custom)
2022-08-10 09:23:36,708 [omNode-3@group-523986131536-LeaderElection48] INFO  server.RaftServerConfigKeys (ConfUtils.java:logGet(46)) - raft.server.log.appender.buffer.element-limit = 1024 (custom)
2022-08-10 09:23:36,708 [omNode-3@group-523986131536-LeaderElection48] INFO  grpc.GrpcConfigKeys (ConfUtils.java:logGet(46)) - raft.grpc.server.leader.outstanding.appends.max = 128 (default)
2022-08-10 09:23:36,708 [omNode-3@group-523986131536-LeaderElection48] INFO  server.RaftServerConfigKeys (ConfUtils.java:logGet(46)) - raft.server.rpc.request.timeout = 3000ms (default)
2022-08-10 09:23:36,708 [grpc-default-executor-4] INFO  impl.VoteContext (VoteContext.java:log(48)) - omNode-1@group-523986131536-FOLLOWER: reject ELECTION from omNode-2: already has voted for omNode-3 at current term 4
2022-08-10 09:23:36,708 [grpc-default-executor-4] INFO  server.RaftServer$Division (RaftServerImpl.java:requestVote(1184)) - omNode-1@group-523986131536 replies to ELECTION vote request: omNode-2<-omNode-1#0:FAIL-t4. Peer's state: omNode-1@group-523986131536:t4, leader=null, voted=omNode-3, raftlog=omNode-1@group-523986131536-SegmentedRaftLog:OPENED:c584, conf=0: [omNode-3|rpc:localhost:34345|admin:|client:|dataStream:|priority:0, omNode-1|rpc:localhost:33619|admin:|client:|dataStream:|priority:0, omNode-2|rpc:localhost:43433|admin:|client:|dataStream:|priority:0], old=null
2022-08-10 09:23:36,708 [Listener at localhost/39315] INFO  server.AbstractConnector (AbstractConnector.java:doStart(331)) - Started ServerConnector@2e0f58e6{HTTP/1.1, (http/1.1)}{0.0.0.0:45103}
2022-08-10 09:23:36,709 [Listener at localhost/39315] INFO  server.Server (Server.java:doStart(415)) - Started @144158ms
2022-08-10 09:23:36,709 [Listener at localhost/39315] WARN  impl.MetricsSystemImpl (MetricsSystemImpl.java:register(279)) - Sink prometheus already exists!
2022-08-10 09:23:36,708 [omNode-3@group-523986131536-LeaderElection48] INFO  server.RaftServerConfigKeys (ConfUtils.java:logGet(46)) - raft.server.log.appender.install.snapshot.enabled = false (custom)
2022-08-10 09:23:36,709 [omNode-3@group-523986131536-LeaderElection48] INFO  impl.RoleInfo (RoleInfo.java:updateAndGet(139)) - omNode-3: start omNode-3@group-523986131536-LeaderStateImpl
2022-08-10 09:23:36,710 [Listener at localhost/39315] INFO  http.BaseHttpServer (BaseHttpServer.java:updateConnectorAddress(329)) - HTTP server of ozoneManager listening at http://0.0.0.0:45103
2022-08-10 09:23:36,710 [omNode-3@group-523986131536-LeaderElection48] INFO  segmented.SegmentedRaftLogWorker (SegmentedRaftLogWorker.java:rollLogSegment(430)) - omNode-3@group-523986131536-SegmentedRaftLogWorker: Rolling segment log-0_584 to index:584
2022-08-10 09:23:36,710 [omNode-2@group-523986131536-LeaderElection47] INFO  impl.LeaderElection (LeaderElection.java:logAndReturn(90)) - omNode-2@group-523986131536-LeaderElection47: ELECTION REJECTED received 2 response(s) and 0 exception(s):
2022-08-10 09:23:36,710 [omNode-2@group-523986131536-LeaderElection47] INFO  impl.LeaderElection (LeaderElection.java:logAndReturn(94)) -   Response 0: omNode-2<-omNode-3#0:FAIL-t4
2022-08-10 09:23:36,710 [omNode-2@group-523986131536-LeaderElection47] INFO  impl.LeaderElection (LeaderElection.java:logAndReturn(94)) -   Response 1: omNode-2<-omNode-1#0:FAIL-t4
2022-08-10 09:23:36,722 [IPC Server Responder] INFO  ipc.Server (Server.java:run(1507)) - IPC Server Responder: starting
2022-08-10 09:23:36,723 [IPC Server listener on 39315] INFO  ipc.Server (Server.java:run(1344)) - IPC Server listener on 39315: starting
2022-08-10 09:23:36,751 [omNode-2@group-523986131536-LeaderElection47] INFO  impl.LeaderElection (LeaderElection.java:askForVotes(312)) - omNode-2@group-523986131536-LeaderElection47 ELECTION round 0: result REJECTED
2022-08-10 09:23:36,751 [omNode-2@group-523986131536-LeaderElection47] INFO  server.RaftServer$Division (RaftServerImpl.java:setRole(299)) - omNode-2@group-523986131536: changes role from CANDIDATE to FOLLOWER at term 4 for REJECTED
2022-08-10 09:23:36,751 [omNode-2@group-523986131536-LeaderElection47] INFO  impl.RoleInfo (RoleInfo.java:shutdownLeaderElection(130)) - omNode-2: shutdown omNode-2@group-523986131536-LeaderElection47
2022-08-10 09:23:36,751 [omNode-2@group-523986131536-LeaderElection47] INFO  impl.RoleInfo (RoleInfo.java:updateAndGet(139)) - omNode-2: start omNode-2@group-523986131536-FollowerState
2022-08-10 09:23:36,752 [omNode-3@group-523986131536-SegmentedRaftLogWorker] INFO  segmented.SegmentedRaftLogWorker (SegmentedRaftLogWorker.java:execute(586)) - omNode-3@group-523986131536-SegmentedRaftLogWorker: Rolled log segment from /home/runner/work/ozone/ozone/hadoop-ozone/integration-test/target/test-dir/MiniOzoneClusterImpl-2080ac2c-1c22-4300-b117-cc71631a0cfb/omNode-3/ratis/c9bc4cf4-3bc3-3c60-a66b-523986131536/current/log_inprogress_0 to /home/runner/work/ozone/ozone/hadoop-ozone/integration-test/target/test-dir/MiniOzoneClusterImpl-2080ac2c-1c22-4300-b117-cc71631a0cfb/omNode-3/ratis/c9bc4cf4-3bc3-3c60-a66b-523986131536/current/log_0-584
2022-08-10 09:23:36,767 [Listener at localhost/39315] INFO  om.OzoneManager (OzoneManager.java:startTrashEmptier(1907)) - Trash Interval set to 0. Files deleted won't move to trash
2022-08-10 09:23:36,767 [Listener at localhost/39315] INFO  om.OzoneManager (OzoneManager.java:stop(2022)) - omNode-2[localhost:35575]: Stopping Ozone Manager
2022-08-10 09:23:36,768 [Listener at localhost/39315] INFO  ipc.Server (Server.java:stop(3414)) - Stopping server on 35575
2022-08-10 09:23:36,779 [omNode-3@group-523986131536-SegmentedRaftLogWorker] INFO  segmented.SegmentedRaftLogWorker (SegmentedRaftLogWorker.java:execute(629)) - omNode-3@group-523986131536-SegmentedRaftLogWorker: created new log segment /home/runner/work/ozone/ozone/hadoop-ozone/integration-test/target/test-dir/MiniOzoneClusterImpl-2080ac2c-1c22-4300-b117-cc71631a0cfb/omNode-3/ratis/c9bc4cf4-3bc3-3c60-a66b-523986131536/current/log_inprogress_585
2022-08-10 09:23:36,780 [org.apache.hadoop.util.JvmPauseMonitor$Monitor@5202cabe] INFO  util.JvmPauseMonitor (JvmPauseMonitor.java:run(188)) - Starting JVM pause monitor
2022-08-10 09:23:36,780 [IPC Server listener on 35575] INFO  ipc.Server (Server.java:run(1376)) - Stopping IPC Server listener on 35575
2022-08-10 09:23:36,808 [omNode-3@group-523986131536-LeaderElection48] INFO  server.RaftServer$Division (ServerState.java:setRaftConf(393)) - omNode-3@group-523986131536: set configuration 585: [omNode-3|rpc:localhost:34345|admin:|client:|dataStream:|priority:0, omNode-1|rpc:localhost:33619|admin:|client:|dataStream:|priority:0, omNode-2|rpc:localhost:43433|admin:|client:|dataStream:|priority:0], old=null
2022-08-10 09:23:36,820 [omNode-2-server-thread1] INFO  server.RaftServer$Division (ServerState.java:setLeader(287)) - omNode-2@group-523986131536: change Leader from null to omNode-3 at term 4 for appendEntries, leader elected after 203ms
2022-08-10 09:23:36,821 [omNode-1-server-thread1] INFO  server.RaftServer$Division (ServerState.java:setLeader(287)) - omNode-1@group-523986131536: change Leader from null to omNode-3 at term 4 for appendEntries, leader elected after 1098ms
2022-08-10 09:23:36,849 [omNode-2-server-thread1] INFO  server.RaftServer$Division (ServerState.java:setRaftConf(393)) - omNode-2@group-523986131536: set configuration 585: [omNode-3|rpc:localhost:34345|admin:|client:|dataStream:|priority:0, omNode-1|rpc:localhost:33619|admin:|client:|dataStream:|priority:0, omNode-2|rpc:localhost:43433|admin:|client:|dataStream:|priority:0], old=null
2022-08-10 09:23:36,850 [omNode-2-server-thread1] INFO  segmented.SegmentedRaftLogWorker (SegmentedRaftLogWorker.java:rollLogSegment(430)) - omNode-2@group-523986131536-SegmentedRaftLogWorker: Rolling segment log-0_584 to index:584
2022-08-10 09:23:36,851 [omNode-2@group-523986131536-SegmentedRaftLogWorker] INFO  segmented.SegmentedRaftLogWorker (SegmentedRaftLogWorker.java:execute(586)) - omNode-2@group-523986131536-SegmentedRaftLogWorker: Rolled log segment from /home/runner/work/ozone/ozone/hadoop-ozone/integration-test/target/test-dir/MiniOzoneClusterImpl-2080ac2c-1c22-4300-b117-cc71631a0cfb/omNode-2/ratis/c9bc4cf4-3bc3-3c60-a66b-523986131536/current/log_inprogress_0 to /home/runner/work/ozone/ozone/hadoop-ozone/integration-test/target/test-dir/MiniOzoneClusterImpl-2080ac2c-1c22-4300-b117-cc71631a0cfb/omNode-2/ratis/c9bc4cf4-3bc3-3c60-a66b-523986131536/current/log_0-584
2022-08-10 09:23:36,863 [omNode-2@group-523986131536-SegmentedRaftLogWorker] INFO  segmented.SegmentedRaftLogWorker (SegmentedRaftLogWorker.java:execute(629)) - omNode-2@group-523986131536-SegmentedRaftLogWorker: created new log segment /home/runner/work/ozone/ozone/hadoop-ozone/integration-test/target/test-dir/MiniOzoneClusterImpl-2080ac2c-1c22-4300-b117-cc71631a0cfb/omNode-2/ratis/c9bc4cf4-3bc3-3c60-a66b-523986131536/current/log_inprogress_585
2022-08-10 09:23:36,870 [IPC Server Responder] INFO  ipc.Server (Server.java:run(1512)) - Stopping IPC Server Responder
2022-08-10 09:23:36,873 [omNode-1-server-thread1] INFO  server.RaftServer$Division (ServerState.java:setRaftConf(393)) - omNode-1@group-523986131536: set configuration 585: [omNode-3|rpc:localhost:34345|admin:|client:|dataStream:|priority:0, omNode-1|rpc:localhost:33619|admin:|client:|dataStream:|priority:0, omNode-2|rpc:localhost:43433|admin:|client:|dataStream:|priority:0], old=null
2022-08-10 09:23:36,874 [omNode-1-server-thread1] INFO  segmented.SegmentedRaftLogWorker (SegmentedRaftLogWorker.java:rollLogSegment(430)) - omNode-1@group-523986131536-SegmentedRaftLogWorker: Rolling segment log-0_584 to index:584
2022-08-10 09:23:36,876 [omNode-1@group-523986131536-SegmentedRaftLogWorker] INFO  segmented.SegmentedRaftLogWorker (SegmentedRaftLogWorker.java:execute(586)) - omNode-1@group-523986131536-SegmentedRaftLogWorker: Rolled log segment from /home/runner/work/ozone/ozone/hadoop-ozone/integration-test/target/test-dir/MiniOzoneClusterImpl-2080ac2c-1c22-4300-b117-cc71631a0cfb/omNode-1/ratis/c9bc4cf4-3bc3-3c60-a66b-523986131536/current/log_inprogress_0 to /home/runner/work/ozone/ozone/hadoop-ozone/integration-test/target/test-dir/MiniOzoneClusterImpl-2080ac2c-1c22-4300-b117-cc71631a0cfb/omNode-1/ratis/c9bc4cf4-3bc3-3c60-a66b-523986131536/current/log_0-584
2022-08-10 09:23:36,884 [Listener at localhost/39315] INFO  server.RaftServer (RaftServerProxy.java:lambda$close$7(398)) - omNode-2: close
2022-08-10 09:23:36,884 [Listener at localhost/39315] INFO  server.RaftServer$Division (RaftServerImpl.java:lambda$close$4(434)) - omNode-2@group-523986131536: shutdown
2022-08-10 09:23:36,885 [Listener at localhost/39315] INFO  util.JmxRegister (JmxRegister.java:unregister(73)) - Successfully un-registered JMX Bean with object name Ratis:service=RaftServer,group=group-523986131536,id=omNode-2
2022-08-10 09:23:36,885 [Listener at localhost/39315] INFO  impl.RoleInfo (RoleInfo.java:shutdownFollowerState(110)) - omNode-2: shutdown omNode-2@group-523986131536-FollowerState
2022-08-10 09:23:36,885 [Listener at localhost/39315] INFO  impl.StateMachineUpdater (StateMachineUpdater.java:stopAndJoin(153)) - omNode-2@group-523986131536-StateMachineUpdater: set stopIndex = 584
2022-08-10 09:23:36,885 [omNode-2@group-523986131536-FollowerState] INFO  impl.FollowerState (FollowerState.java:run(152)) - omNode-2@group-523986131536-FollowerState was interrupted
2022-08-10 09:23:36,885 [omNode-2@group-523986131536-StateMachineUpdater] INFO  ratis.OzoneManagerStateMachine (OzoneManagerStateMachine.java:takeSnapshot(441)) - Current Snapshot Index (t:3, i:584)
2022-08-10 09:23:36,885 [omNode-2@group-523986131536-StateMachineUpdater] INFO  impl.StateMachineUpdater (StateMachineUpdater.java:takeSnapshot(287)) - omNode-2@group-523986131536-StateMachineUpdater: Took a snapshot at index 584
2022-08-10 09:23:36,885 [omNode-2@group-523986131536-StateMachineUpdater] INFO  impl.StateMachineUpdater (StateMachineUpdater.java:lambda$new$0(92)) - omNode-2@group-523986131536-StateMachineUpdater: snapshotIndex: updateIncreasingly 560 -> 584
2022-08-10 09:23:36,886 [omNode-2@group-523986131536-StateMachineUpdater] INFO  ratis.OzoneManagerStateMachine (OzoneManagerStateMachine.java:close(495)) - StateMachine has shutdown. Shutdown OzoneManager if not already shutdown.
2022-08-10 09:23:36,886 [omNode-2@group-523986131536-StateMachineUpdater] INFO  ratis.OzoneManagerDoubleBuffer (OzoneManagerDoubleBuffer.java:stop(466)) - Stopping OMDoubleBuffer flush thread
2022-08-10 09:23:36,886 [OMDoubleBufferFlushThread] INFO  ratis.OzoneManagerDoubleBuffer (OzoneManagerDoubleBuffer.java:flushTransactions(385)) - OMDoubleBuffer flush thread OMDoubleBufferFlushThread is interrupted and will exit.
2022-08-10 09:23:36,904 [omNode-1@group-523986131536-SegmentedRaftLogWorker] INFO  segmented.SegmentedRaftLogWorker (SegmentedRaftLogWorker.java:execute(629)) - omNode-1@group-523986131536-SegmentedRaftLogWorker: created new log segment /home/runner/work/ozone/ozone/hadoop-ozone/integration-test/target/test-dir/MiniOzoneClusterImpl-2080ac2c-1c22-4300-b117-cc71631a0cfb/omNode-1/ratis/c9bc4cf4-3bc3-3c60-a66b-523986131536/current/log_inprogress_585
2022-08-10 09:23:36,911 [Listener at localhost/39315] INFO  server.RaftServer$Division (ServerState.java:close(429)) - omNode-2@group-523986131536: closes. applyIndex: 584
2022-08-10 09:23:36,912 [omNode-2@group-523986131536-SegmentedRaftLogWorker] INFO  segmented.SegmentedRaftLogWorker (SegmentedRaftLogWorker.java:run(336)) - omNode-2@group-523986131536-SegmentedRaftLogWorker was interrupted, exiting. There are 0 tasks remaining in the queue.
2022-08-10 09:23:36,913 [Listener at localhost/39315] INFO  segmented.SegmentedRaftLogWorker (SegmentedRaftLogWorker.java:close(246)) - omNode-2@group-523986131536-SegmentedRaftLogWorker close()
2022-08-10 09:23:36,917 [omNode-3@group-523986131536-StateMachineUpdater] INFO  ratis.OzoneManagerStateMachine (OzoneManagerStateMachine.java:notifyConfigurationChanged(192)) - Received Configuration change notification from Ratis. New Peer list:
[id: "omNode-3"
address: "localhost:34345"
, id: "omNode-1"
address: "localhost:33619"
, id: "omNode-2"
address: "localhost:43433"
]
2022-08-10 09:23:36,918 [Listener at localhost/39315] INFO  server.GrpcService (GrpcService.java:closeImpl(269)) - omNode-2: shutdown server with port 43433 now
2022-08-10 09:23:36,933 [grpc-default-executor-1] WARN  server.GrpcServerProtocolService (LogUtils.java:warn(122)) - omNode-2: installSnapshot onError, lastRequest: omNode-3->omNode-2#2-t4,previous=(t:4, i:585),leaderCommit=585,initializing? true,entries: size=1, first=(t:4, i:586), METADATAENTRY(c:585): org.apache.ratis.thirdparty.io.grpc.StatusRuntimeException: CANCELLED: client cancelled
2022-08-10 09:23:36,936 [omNode-1@group-523986131536-StateMachineUpdater] INFO  ratis.OzoneManagerStateMachine (OzoneManagerStateMachine.java:notifyConfigurationChanged(192)) - Received Configuration change notification from Ratis. New Peer list:
[id: "omNode-3"
address: "localhost:34345"
, id: "omNode-1"
address: "localhost:33619"
, id: "omNode-2"
address: "localhost:43433"
]
2022-08-10 09:23:36,941 [Listener at localhost/39315] INFO  server.GrpcService (GrpcService.java:closeImpl(278)) - omNode-2: shutdown server with port 43433 successfully
2022-08-10 09:23:36,941 [grpc-default-executor-1] WARN  server.GrpcLogAppender (LogUtils.java:warn(122)) - omNode-3@group-523986131536->omNode-2-AppendLogResponseHandler: Failed appendEntries: org.apache.ratis.thirdparty.io.grpc.StatusRuntimeException: CANCELLED: RST_STREAM closed stream. HTTP/2 error code: CANCEL
2022-08-10 09:23:36,941 [grpc-default-executor-1] INFO  leader.FollowerInfo (FollowerInfoImpl.java:lambda$new$0(48)) - omNode-3@group-523986131536->omNode-2: nextIndex: updateUnconditionally 587 -> 586
2022-08-10 09:23:36,941 [org.apache.ratis.util.JvmPauseMonitor$$Lambda$696/1259104175@14085a6d] INFO  util.JvmPauseMonitor (JvmPauseMonitor.java:run(109)) - JvmPauseMonitor-omNode-2: Stopped
2022-08-10 09:23:36,942 [Listener at localhost/39315] INFO  ratis.OzoneManagerStateMachine (OzoneManagerStateMachine.java:close(495)) - StateMachine has shutdown. Shutdown OzoneManager if not already shutdown.
2022-08-10 09:23:36,942 [Listener at localhost/39315] INFO  ratis.OzoneManagerDoubleBuffer (OzoneManagerDoubleBuffer.java:stop(478)) - OMDoubleBuffer flush thread is not running.
2022-08-10 09:23:36,942 [Listener at localhost/39315] INFO  utils.BackgroundService (BackgroundService.java:shutdown(141)) - Shutting down service KeyDeletingService
2022-08-10 09:23:36,942 [Listener at localhost/39315] INFO  utils.BackgroundService (BackgroundService.java:shutdown(141)) - Shutting down service DirectoryDeletingService
2022-08-10 09:23:36,943 [Listener at localhost/39315] INFO  utils.BackgroundService (BackgroundService.java:shutdown(141)) - Shutting down service OpenKeyCleanupService
2022-08-10 09:23:36,943 [Listener at localhost/39315] INFO  handler.ContextHandler (ContextHandler.java:doStop(1153)) - Stopped o.e.j.w.WebAppContext@ec5b274{ozoneManager,/,null,STOPPED}{file:/home/runner/work/ozone/ozone/hadoop-ozone/integration-test/target/test-classes/webapps/ozoneManager}
2022-08-10 09:23:36,949 [Listener at localhost/39315] INFO  server.AbstractConnector (AbstractConnector.java:doStop(381)) - Stopped ServerConnector@317648d8{HTTP/1.1, (http/1.1)}{0.0.0.0:42791}
2022-08-10 09:23:36,949 [Listener at localhost/39315] INFO  server.session (HouseKeeper.java:stopScavenging(149)) - node0 Stopped scavenging
2022-08-10 09:23:36,950 [Listener at localhost/39315] INFO  handler.ContextHandler (ContextHandler.java:doStop(1153)) - Stopped o.e.j.s.ServletContextHandler@23e7eb1d{static,/static,file:///home/runner/work/ozone/ozone/hadoop-ozone/integration-test/target/test-classes/webapps/static,STOPPED}
2022-08-10 09:23:36,950 [Listener at localhost/39315] INFO  handler.ContextHandler (ContextHandler.java:doStop(1153)) - Stopped o.e.j.s.ServletContextHandler@3b8a9150{logs,/logs,file:///home/runner/work/ozone/ozone/hadoop-ozone/integration-test/target/log,STOPPED}
2022-08-10 09:23:36,953 [grpc-default-executor-1] WARN  server.GrpcLogAppender (LogUtils.java:warn(122)) - omNode-3@group-523986131536->omNode-2-AppendLogResponseHandler: Failed appendEntries: org.apache.ratis.thirdparty.io.grpc.StatusRuntimeException: UNAVAILABLE: io exception
2022-08-10 09:23:36,953 [grpc-default-executor-1] INFO  leader.FollowerInfo (FollowerInfoImpl.java:lambda$new$0(48)) - omNode-3@group-523986131536->omNode-2: nextIndex: updateUnconditionally 587 -> 586
2022-08-10 09:23:36,977 [Listener at localhost/39315] INFO  om.OzoneManager (OzoneManager.java:restart(1559)) - OzoneManager RPC server is listening at localhost/127.0.0.1:35575
2022-08-10 09:23:36,978 [Listener at localhost/39315] INFO  impl.MetricsSystemImpl (MetricsSystemImpl.java:init(158)) - OzoneManager metrics system started (again)
2022-08-10 09:23:37,002 [Listener at localhost/39315] WARN  server.ServerUtils (ServerUtils.java:getDBPath(225)) - ozone.om.db.dirs is not configured. We recommend adding this setting. Falling back to ozone.metadata.dirs instead.
2022-08-10 09:23:37,007 [Listener at localhost/39315] INFO  codec.OmKeyInfoCodec (OmKeyInfoCodec.java:<init>(49)) - OmKeyInfoCodec ignorePipeline = true
2022-08-10 09:23:37,007 [Listener at localhost/39315] INFO  codec.RepeatedOmKeyInfoCodec (RepeatedOmKeyInfoCodec.java:<init>(41)) - RepeatedOmKeyInfoCodec ignorePipeline = true
2022-08-10 09:23:37,126 [Listener at localhost/39315] INFO  om.OzoneManager (OzoneManager.java:instantiateServices(697)) - S3 Multi-Tenancy is disabled
2022-08-10 09:23:37,132 [Listener at localhost/39315] WARN  impl.MetricRegistriesImpl (MetricRegistriesImpl.java:addReporterRegistration(111)) - New reporters are added after registries were created. Some metrics will be missing from the reporter. Please add reporter before adding any new registry.
2022-08-10 09:23:37,132 [Listener at localhost/39315] WARN  impl.MetricRegistriesImpl (MetricRegistriesImpl.java:addReporterRegistration(111)) - New reporters are added after registries were created. Some metrics will be missing from the reporter. Please add reporter before adding any new registry.
2022-08-10 09:23:37,132 [Listener at localhost/39315] WARN  server.ServerUtils (ServerUtils.java:getDefaultRatisDirectory(237)) - Storage directory for Ratis is not configured. It is a good idea to map this to an SSD disk. Falling back to ozone.metadata.dirs
2022-08-10 09:23:37,133 [Listener at localhost/39315] INFO  ratis.OzoneManagerRatisServer (OzoneManagerRatisServer.java:<init>(159)) - Instantiating OM Ratis server with groupID: om-service-test1 and peers: localhost:43433, localhost:34345, localhost:33619
2022-08-10 09:23:37,133 [Listener at localhost/39315] INFO  ratis.OzoneManagerStateMachine (OzoneManagerStateMachine.java:loadSnapshotInfoFromDB(632)) - LastAppliedIndex is set from TransactionInfo from OM DB as (t:3, i:584)
2022-08-10 09:23:37,140 [Listener at localhost/39315] INFO  server.RaftServer (ConfUtils.java:logGet(46)) - raft.rpc.type = GRPC (default)
2022-08-10 09:23:37,140 [Listener at localhost/39315] INFO  grpc.GrpcFactory (GrpcFactory.java:checkPooledByteBufAllocatorUseCacheForAllThreads(48)) - PERFORMANCE WARNING: useCacheForAllThreads is true that may cause Netty to create a lot garbage objects and, as a result, trigger GC.
	It is recommended to disable useCacheForAllThreads by setting -Dorg.apache.ratis.thirdparty.io.netty.allocator.useCacheForAllThreads=false in command line.
2022-08-10 09:23:37,141 [Listener at localhost/39315] INFO  grpc.GrpcConfigKeys (ConfUtils.java:logGet(46)) - raft.grpc.admin.port = -1 (default)
2022-08-10 09:23:37,141 [Listener at localhost/39315] INFO  grpc.GrpcConfigKeys (ConfUtils.java:logGet(46)) - raft.grpc.server.port = 43433 (custom)
2022-08-10 09:23:37,143 [Listener at localhost/39315] INFO  grpc.GrpcConfigKeys (ConfUtils.java:logGet(46)) - raft.grpc.client.port = -1 (default)
2022-08-10 09:23:37,143 [Listener at localhost/39315] INFO  grpc.GrpcConfigKeys (ConfUtils.java:logGet(46)) - raft.grpc.server.port = 43433 (custom)
2022-08-10 09:23:37,143 [Listener at localhost/39315] INFO  grpc.GrpcConfigKeys (ConfUtils.java:logGet(46)) - raft.grpc.server.port = 43433 (custom)
2022-08-10 09:23:37,143 [Listener at localhost/39315] INFO  server.GrpcService (ConfUtils.java:logGet(46)) - raft.grpc.message.size.max = 33554432 (custom)
2022-08-10 09:23:37,144 [Listener at localhost/39315] INFO  server.RaftServerConfigKeys (ConfUtils.java:logGet(46)) - raft.server.log.appender.buffer.byte-limit = 33554432 (custom)
2022-08-10 09:23:37,144 [Listener at localhost/39315] INFO  server.GrpcService (ConfUtils.java:logGet(46)) - raft.grpc.flow.control.window = 1MB (=1048576) (default)
2022-08-10 09:23:37,144 [Listener at localhost/39315] INFO  server.RaftServerConfigKeys (ConfUtils.java:logGet(46)) - raft.server.rpc.request.timeout = 3000ms (default)
2022-08-10 09:23:37,144 [Listener at localhost/39315] INFO  grpc.GrpcConfigKeys (ConfUtils.java:logGet(46)) - raft.grpc.server.async.request.thread.pool.cached = true (default)
2022-08-10 09:23:37,144 [Listener at localhost/39315] INFO  grpc.GrpcConfigKeys (ConfUtils.java:logGet(46)) - raft.grpc.server.async.request.thread.pool.size = 32 (default)
2022-08-10 09:23:37,146 [Listener at localhost/39315] INFO  impl.DataStreamServerImpl (ConfUtils.java:logGet(46)) - raft.datastream.type = DISABLED (default)
2022-08-10 09:23:37,146 [Listener at localhost/39315] INFO  server.RaftServerConfigKeys (ConfUtils.java:logGet(46)) - raft.server.threadpool.proxy.cached = true (default)
2022-08-10 09:23:37,146 [Listener at localhost/39315] INFO  server.RaftServerConfigKeys (ConfUtils.java:logGet(46)) - raft.server.threadpool.proxy.size = 0 (default)
2022-08-10 09:23:37,146 [Listener at localhost/39315] INFO  server.RaftServerConfigKeys (ConfUtils.java:logGet(46)) - raft.server.rpc.slowness.timeout = 2s (custom)
2022-08-10 09:23:37,146 [Listener at localhost/39315] INFO  server.RaftServerConfigKeys (ConfUtils.java:logGet(46)) - raft.server.leaderelection.leader.step-down.wait-time = 10s (default)
2022-08-10 09:23:37,146 [Listener at localhost/39315] INFO  server.RaftServerConfigKeys (ConfUtils.java:logGet(46)) - raft.server.storage.dir = [/home/runner/work/ozone/ozone/hadoop-ozone/integration-test/target/test-dir/MiniOzoneClusterImpl-2080ac2c-1c22-4300-b117-cc71631a0cfb/omNode-2/ratis] (custom)
2022-08-10 09:23:37,154 [omNode-2-impl-thread1] INFO  server.RaftServer (RaftServerProxy.java:initGroupDir(247)) - omNode-2: found a subdirectory /home/runner/work/ozone/ozone/hadoop-ozone/integration-test/target/test-dir/MiniOzoneClusterImpl-2080ac2c-1c22-4300-b117-cc71631a0cfb/omNode-2/ratis/c9bc4cf4-3bc3-3c60-a66b-523986131536
2022-08-10 09:23:37,155 [Listener at localhost/39315] INFO  server.RaftServer (RaftServerProxy.java:addNew(96)) - omNode-2: addNew group-523986131536:[omNode-3|rpc:localhost:34345|priority:0, omNode-1|rpc:localhost:33619|priority:0, omNode-2|rpc:localhost:43433|priority:0] returns group-523986131536:java.util.concurrent.CompletableFuture@6a178850[Not completed]
2022-08-10 09:23:37,155 [Listener at localhost/39315] INFO  om.OzoneManager (OzoneManager.java:initializeRatisServer(1963)) - OzoneManager Ratis server initialized at port 43433
2022-08-10 09:23:37,155 [Listener at localhost/39315] INFO  ratis.OzoneManagerRatisServer (OzoneManagerRatisServer.java:start(554)) - Starting OzoneManagerRatisServer omNode-2 at port 43433
2022-08-10 09:23:37,155 [pool-1021-thread-1] INFO  server.RaftServer$Division (RaftServerImpl.java:<init>(190)) - omNode-2: new RaftServerImpl for group-523986131536:[omNode-3|rpc:localhost:34345|priority:0, omNode-1|rpc:localhost:33619|priority:0, omNode-2|rpc:localhost:43433|priority:0] with OzoneManagerStateMachine:uninitialized
2022-08-10 09:23:37,156 [pool-1021-thread-1] INFO  server.RaftServerConfigKeys (ConfUtils.java:logGet(46)) - raft.server.rpc.timeout.min = 1s (custom)
2022-08-10 09:23:37,156 [pool-1021-thread-1] INFO  server.RaftServerConfigKeys (ConfUtils.java:logGet(46)) - raft.server.rpc.timeout.max = 1200ms (custom)
2022-08-10 09:23:37,156 [pool-1021-thread-1] INFO  server.RaftServerConfigKeys (ConfUtils.java:logGet(46)) - raft.server.rpc.sleep.time = 25ms (default)
2022-08-10 09:23:37,156 [pool-1021-thread-1] INFO  server.RaftServerConfigKeys (ConfUtils.java:logGet(46)) - raft.server.rpc.slowness.timeout = 2s (custom)
2022-08-10 09:23:37,156 [pool-1021-thread-1] INFO  server.RaftServerConfigKeys (ConfUtils.java:logGet(46)) - raft.server.leaderelection.leader.step-down.wait-time = 10s (default)
2022-08-10 09:23:37,156 [pool-1021-thread-1] INFO  server.RaftServerConfigKeys (ConfUtils.java:logGet(46)) - raft.server.sleep.deviation.threshold = 300ms (default)
2022-08-10 09:23:37,156 [pool-1021-thread-1] INFO  server.RaftServer$Division (ServerState.java:<init>(107)) - omNode-2@group-523986131536: ConfigurationManager, init=-1: [omNode-3|rpc:localhost:34345|priority:0, omNode-1|rpc:localhost:33619|priority:0, omNode-2|rpc:localhost:43433|priority:0], old=null, confs=<EMPTY_MAP>
2022-08-10 09:23:37,156 [pool-1021-thread-1] INFO  server.RaftServerConfigKeys (ConfUtils.java:logGet(46)) - raft.server.storage.dir = [/home/runner/work/ozone/ozone/hadoop-ozone/integration-test/target/test-dir/MiniOzoneClusterImpl-2080ac2c-1c22-4300-b117-cc71631a0cfb/omNode-2/ratis] (custom)
2022-08-10 09:23:37,160 [pool-1021-thread-1] INFO  server.RaftServerConfigKeys (ConfUtils.java:logGet(46)) - raft.server.log.corruption.policy = EXCEPTION (default)
2022-08-10 09:23:37,160 [pool-1021-thread-1] INFO  server.RaftServerConfigKeys (ConfUtils.java:logGet(46)) - raft.server.storage.free-space.min = 0MB (=0) (default)
2022-08-10 09:23:37,165 [pool-1021-thread-1] INFO  storage.RaftStorageDirectory (RaftStorageDirectoryImpl.java:tryLock(230)) - Lock on /home/runner/work/ozone/ozone/hadoop-ozone/integration-test/target/test-dir/MiniOzoneClusterImpl-2080ac2c-1c22-4300-b117-cc71631a0cfb/omNode-2/ratis/c9bc4cf4-3bc3-3c60-a66b-523986131536/in_use.lock acquired by nodename 28234@fv-az244-795
2022-08-10 09:23:37,165 [pool-1021-thread-1] INFO  storage.RaftStorage (RaftStorageImpl.java:analyzeAndRecoverStorage(110)) - Read RaftStorageMetadata{term=4, votedFor=omNode-2} from /home/runner/work/ozone/ozone/hadoop-ozone/integration-test/target/test-dir/MiniOzoneClusterImpl-2080ac2c-1c22-4300-b117-cc71631a0cfb/omNode-2/ratis/c9bc4cf4-3bc3-3c60-a66b-523986131536/current/raft-meta
2022-08-10 09:23:37,166 [pool-1021-thread-1] INFO  server.RaftServer$Division (ServerState.java:setRaftConf(393)) - omNode-2@group-523986131536: set configuration 0: [omNode-3|rpc:localhost:34345|admin:|client:|dataStream:|priority:0, omNode-1|rpc:localhost:33619|admin:|client:|dataStream:|priority:0, omNode-2|rpc:localhost:43433|admin:|client:|dataStream:|priority:0], old=null
2022-08-10 09:23:37,166 [pool-1021-thread-1] INFO  server.RaftServerConfigKeys (ConfUtils.java:logGet(46)) - raft.server.notification.no-leader.timeout = 2s (custom)
2022-08-10 09:23:37,166 [pool-1021-thread-1] INFO  server.RaftServerConfigKeys (ConfUtils.java:logGet(46)) - raft.server.log.use.memory = false (default)
2022-08-10 09:23:37,166 [pool-1021-thread-1] INFO  server.RaftServerConfigKeys (ConfUtils.java:logGet(46)) - raft.server.log.purge.gap = 50 (custom)
2022-08-10 09:23:37,166 [pool-1021-thread-1] INFO  server.RaftServerConfigKeys (ConfUtils.java:logGet(46)) - raft.server.log.appender.buffer.byte-limit = 33554432 (custom)
2022-08-10 09:23:37,167 [pool-1021-thread-1] INFO  server.RaftServerConfigKeys (ConfUtils.java:logGet(46)) - raft.server.log.statemachine.data.read.timeout = 1000ms (default)
2022-08-10 09:23:37,167 [pool-1021-thread-1] INFO  server.RaftServerConfigKeys (ConfUtils.java:logGet(46)) - raft.server.log.segment.size.max = 4194304 (custom)
2022-08-10 09:23:37,167 [pool-1021-thread-1] INFO  server.RaftServerConfigKeys (ConfUtils.java:logGet(46)) - raft.server.log.segment.cache.num.max = 2 (custom)
2022-08-10 09:23:37,167 [pool-1021-thread-1] INFO  server.RaftServerConfigKeys (ConfUtils.java:logGet(46)) - raft.server.log.segment.cache.size.max = 200MB (=209715200) (default)
2022-08-10 09:23:37,167 [pool-1021-thread-1] INFO  segmented.SegmentedRaftLogWorker (SegmentedRaftLogWorker.java:<init>(187)) - new omNode-2@group-523986131536-SegmentedRaftLogWorker for RaftStorageImpl:Storage Directory /home/runner/work/ozone/ozone/hadoop-ozone/integration-test/target/test-dir/MiniOzoneClusterImpl-2080ac2c-1c22-4300-b117-cc71631a0cfb/omNode-2/ratis/c9bc4cf4-3bc3-3c60-a66b-523986131536
2022-08-10 09:23:37,167 [pool-1021-thread-1] INFO  server.RaftServerConfigKeys (ConfUtils.java:logGet(46)) - raft.server.log.queue.byte-limit = 64MB (=67108864) (default)
2022-08-10 09:23:37,167 [pool-1021-thread-1] INFO  server.RaftServerConfigKeys (ConfUtils.java:logGet(46)) - raft.server.log.queue.element-limit = 4096 (default)
2022-08-10 09:23:37,167 [pool-1021-thread-1] INFO  server.RaftServerConfigKeys (ConfUtils.java:logGet(46)) - raft.server.log.segment.size.max = 4194304 (custom)
2022-08-10 09:23:37,167 [pool-1021-thread-1] INFO  server.RaftServerConfigKeys (ConfUtils.java:logGet(46)) - raft.server.log.preallocated.size = 4194304 (custom)
2022-08-10 09:23:37,168 [pool-1021-thread-1] INFO  server.RaftServerConfigKeys (ConfUtils.java:logGet(46)) - raft.server.log.force.sync.num = 128 (default)
2022-08-10 09:23:37,168 [pool-1021-thread-1] INFO  server.RaftServerConfigKeys (ConfUtils.java:logGet(46)) - raft.server.log.statemachine.data.sync = true (default)
2022-08-10 09:23:37,168 [pool-1021-thread-1] INFO  server.RaftServerConfigKeys (ConfUtils.java:logGet(46)) - raft.server.log.statemachine.data.sync.timeout = 10s (default)
2022-08-10 09:23:37,168 [pool-1021-thread-1] INFO  server.RaftServerConfigKeys (ConfUtils.java:logGet(46)) - raft.server.log.statemachine.data.sync.timeout.retry = -1 (default)
2022-08-10 09:23:37,171 [pool-1021-thread-1] INFO  server.RaftServerConfigKeys (ConfUtils.java:logGet(46)) - raft.server.log.write.buffer.size = 64KB (=65536) (default)
2022-08-10 09:23:37,171 [pool-1021-thread-1] INFO  server.RaftServerConfigKeys (ConfUtils.java:logGet(46)) - raft.server.log.unsafe-flush.enabled = false (default)
2022-08-10 09:23:37,171 [pool-1021-thread-1] INFO  server.RaftServerConfigKeys (ConfUtils.java:logGet(46)) - raft.server.log.statemachine.data.caching.enabled = false (default)
2022-08-10 09:23:37,172 [pool-1021-thread-1] INFO  server.RaftServer$Division (ServerState.java:setRaftConf(393)) - omNode-2@group-523986131536: set configuration 0: [omNode-3|rpc:localhost:34345|admin:|client:|dataStream:|priority:0, omNode-1|rpc:localhost:33619|admin:|client:|dataStream:|priority:0, omNode-2|rpc:localhost:43433|admin:|client:|dataStream:|priority:0], old=null
2022-08-10 09:23:37,183 [pool-1021-thread-1] INFO  segmented.LogSegment (LogSegment.java:loadSegment(173)) - Successfully read 585 entries from segment file /home/runner/work/ozone/ozone/hadoop-ozone/integration-test/target/test-dir/MiniOzoneClusterImpl-2080ac2c-1c22-4300-b117-cc71631a0cfb/omNode-2/ratis/c9bc4cf4-3bc3-3c60-a66b-523986131536/current/log_0-584
2022-08-10 09:23:37,183 [pool-1021-thread-1] INFO  server.RaftServer$Division (ServerState.java:setRaftConf(393)) - omNode-2@group-523986131536: set configuration 585: [omNode-3|rpc:localhost:34345|admin:|client:|dataStream:|priority:0, omNode-1|rpc:localhost:33619|admin:|client:|dataStream:|priority:0, omNode-2|rpc:localhost:43433|admin:|client:|dataStream:|priority:0], old=null
2022-08-10 09:23:37,183 [pool-1021-thread-1] INFO  segmented.LogSegment (LogSegment.java:loadSegment(173)) - Successfully read 1 entries from segment file /home/runner/work/ozone/ozone/hadoop-ozone/integration-test/target/test-dir/MiniOzoneClusterImpl-2080ac2c-1c22-4300-b117-cc71631a0cfb/omNode-2/ratis/c9bc4cf4-3bc3-3c60-a66b-523986131536/current/log_inprogress_585
2022-08-10 09:23:37,183 [pool-1021-thread-1] INFO  segmented.SegmentedRaftLogWorker (SegmentedRaftLogWorker.java:lambda$new$0(135)) - omNode-2@group-523986131536-SegmentedRaftLogWorker: flushIndex: setUnconditionally 0 -> 585
2022-08-10 09:23:37,183 [pool-1021-thread-1] INFO  segmented.SegmentedRaftLogWorker (SegmentedRaftLogWorker.java:lambda$new$0(135)) - omNode-2@group-523986131536-SegmentedRaftLogWorker: safeCacheEvictIndex: setUnconditionally 0 -> 584
2022-08-10 09:23:37,189 [pool-1021-thread-1] INFO  raftlog.RaftLog (RaftLogBase.java:lambda$new$0(53)) - omNode-2@group-523986131536-SegmentedRaftLog: commitIndex: updateToMax old=584, new=583, updated? false
2022-08-10 09:23:37,189 [pool-1021-thread-1] INFO  server.RaftServerConfigKeys (ConfUtils.java:logGet(46)) - raft.server.snapshot.auto.trigger.enabled = true (custom)
2022-08-10 09:23:37,189 [pool-1021-thread-1] INFO  server.RaftServerConfigKeys (ConfUtils.java:logGet(46)) - raft.server.snapshot.auto.trigger.threshold = 50 (custom)
2022-08-10 09:23:37,190 [pool-1021-thread-1] INFO  server.RaftServerConfigKeys (ConfUtils.java:logGet(46)) - raft.server.snapshot.retention.file.num = -1 (default)
2022-08-10 09:23:37,190 [pool-1021-thread-1] INFO  server.RaftServerConfigKeys (ConfUtils.java:logGet(46)) - raft.server.log.purge.upto.snapshot.index = true (custom)
2022-08-10 09:23:37,190 [pool-1021-thread-1] INFO  server.RaftServerConfigKeys (ConfUtils.java:logGet(46)) - raft.server.retrycache.expirytime = 30000ms (custom)
2022-08-10 09:23:37,190 [pool-1021-thread-1] INFO  server.RaftServerConfigKeys (ConfUtils.java:logGet(46)) - raft.server.retrycache.statistics.expirytime = 100μs (default)
2022-08-10 09:23:37,191 [pool-1021-thread-1] INFO  server.RaftServerConfigKeys (ConfUtils.java:logGet(46)) - raft.server.log.appender.install.snapshot.enabled = false (custom)
2022-08-10 09:23:37,191 [pool-1021-thread-1] INFO  server.RaftServerConfigKeys (ConfUtils.java:logGet(46)) - raft.server.threadpool.server.cached = true (default)
2022-08-10 09:23:37,191 [pool-1021-thread-1] INFO  server.RaftServerConfigKeys (ConfUtils.java:logGet(46)) - raft.server.threadpool.server.size = 0 (default)
2022-08-10 09:23:37,192 [pool-1021-thread-1] INFO  server.RaftServerConfigKeys (ConfUtils.java:logGet(46)) - raft.server.threadpool.client.cached = true (default)
2022-08-10 09:23:37,192 [pool-1021-thread-1] INFO  server.RaftServerConfigKeys (ConfUtils.java:logGet(46)) - raft.server.threadpool.client.size = 0 (default)
2022-08-10 09:23:37,192 [omNode-2-impl-thread1] INFO  server.RaftServer$Division (RaftServerImpl.java:start(310)) - omNode-2@group-523986131536: start as a follower, conf=585: [omNode-3|rpc:localhost:34345|admin:|client:|dataStream:|priority:0, omNode-1|rpc:localhost:33619|admin:|client:|dataStream:|priority:0, omNode-2|rpc:localhost:43433|admin:|client:|dataStream:|priority:0], old=null
2022-08-10 09:23:37,193 [omNode-2-impl-thread1] INFO  server.RaftServer$Division (RaftServerImpl.java:setRole(299)) - omNode-2@group-523986131536: changes role from      null to FOLLOWER at term 4 for startAsFollower
2022-08-10 09:23:37,193 [omNode-2-impl-thread1] INFO  impl.RoleInfo (RoleInfo.java:updateAndGet(139)) - omNode-2: start omNode-2@group-523986131536-FollowerState
2022-08-10 09:23:37,201 [omNode-2-impl-thread1] INFO  util.JmxRegister (JmxRegister.java:tryRegister(44)) - Successfully registered JMX Bean with object name Ratis:service=RaftServer,group=group-523986131536,id=omNode-2
2022-08-10 09:23:37,210 [Listener at localhost/39315] INFO  server.RaftServer (RaftServerProxy.java:lambda$start$6(382)) - omNode-2: start RPC server
2022-08-10 09:23:37,229 [Listener at localhost/39315] INFO  server.GrpcService (GrpcService.java:startImpl(260)) - omNode-2: GrpcService started, listening on 43433
2022-08-10 09:23:37,230 [Listener at localhost/39315] INFO  om.OzoneManager (OzoneManager.java:getRpcServer(1086)) - Creating RPC Server
2022-08-10 09:23:37,231 [org.apache.ratis.util.JvmPauseMonitor$$Lambda$696/1259104175@7968afa3] INFO  util.JvmPauseMonitor (JvmPauseMonitor.java:run(103)) - JvmPauseMonitor-omNode-2: Started
2022-08-10 09:23:37,393 [EndpointStateMachine task thread for /0.0.0.0:42301 - 0 ] INFO  ipc.Client (Client.java:handleConnectionFailure(977)) - Retrying connect to server: 0.0.0.0/0.0.0.0:42301. Already tried 1 time(s); retry policy is RetryUpToMaximumCountWithFixedSleep(maxRetries=15, sleepTime=1000 MILLISECONDS)
2022-08-10 09:23:37,449 [grpc-default-executor-1] WARN  server.GrpcLogAppender (LogUtils.java:warn(122)) - omNode-3@group-523986131536->omNode-2-AppendLogResponseHandler: Failed appendEntries: org.apache.ratis.thirdparty.io.grpc.StatusRuntimeException: UNAVAILABLE: io exception
2022-08-10 09:23:37,450 [grpc-default-executor-1] INFO  leader.FollowerInfo (FollowerInfoImpl.java:lambda$new$0(48)) - omNode-3@group-523986131536->omNode-2: nextIndex: updateUnconditionally 587 -> 586
2022-08-10 09:23:37,460 [Finalizer] WARN  managed.ManagedRocksObjectUtils (ManagedRocksObjectUtils.java:assertClosed(39)) - ManagedColumnFamilyOptions is not closed properly
2022-08-10 09:23:37,460 [Finalizer] WARN  managed.ManagedRocksObjectUtils (ManagedRocksObjectUtils.java:assertClosed(39)) - ManagedColumnFamilyOptions is not closed properly
2022-08-10 09:23:37,460 [Finalizer] WARN  managed.ManagedRocksObjectUtils (ManagedRocksObjectUtils.java:assertClosed(39)) - ManagedColumnFamilyOptions is not closed properly
2022-08-10 09:23:37,460 [Finalizer] WARN  managed.ManagedRocksObjectUtils (ManagedRocksObjectUtils.java:assertClosed(39)) - ManagedColumnFamilyOptions is not closed properly
2022-08-10 09:23:37,460 [Finalizer] WARN  managed.ManagedRocksObjectUtils (ManagedRocksObjectUtils.java:assertClosed(39)) - ManagedColumnFamilyOptions is not closed properly
2022-08-10 09:23:37,460 [Finalizer] WARN  managed.ManagedRocksObjectUtils (ManagedRocksObjectUtils.java:assertClosed(39)) - ManagedColumnFamilyOptions is not closed properly
2022-08-10 09:23:37,461 [Finalizer] WARN  managed.ManagedRocksObjectUtils (ManagedRocksObjectUtils.java:assertClosed(39)) - ManagedColumnFamilyOptions is not closed properly
2022-08-10 09:23:37,461 [Finalizer] WARN  managed.ManagedRocksObjectUtils (ManagedRocksObjectUtils.java:assertClosed(39)) - ManagedColumnFamilyOptions is not closed properly
2022-08-10 09:23:37,461 [Finalizer] WARN  managed.ManagedRocksObjectUtils (ManagedRocksObjectUtils.java:assertClosed(39)) - ManagedColumnFamilyOptions is not closed properly
2022-08-10 09:23:37,461 [Finalizer] WARN  managed.ManagedRocksObjectUtils (ManagedRocksObjectUtils.java:assertClosed(39)) - ManagedColumnFamilyOptions is not closed properly
2022-08-10 09:23:37,461 [Finalizer] WARN  managed.ManagedRocksObjectUtils (ManagedRocksObjectUtils.java:assertClosed(39)) - ManagedColumnFamilyOptions is not closed properly
2022-08-10 09:23:37,461 [Finalizer] WARN  managed.ManagedRocksObjectUtils (ManagedRocksObjectUtils.java:assertClosed(39)) - ManagedColumnFamilyOptions is not closed properly
2022-08-10 09:23:37,461 [Finalizer] WARN  managed.ManagedRocksObjectUtils (ManagedRocksObjectUtils.java:assertClosed(39)) - ManagedColumnFamilyOptions is not closed properly
2022-08-10 09:23:37,461 [Finalizer] WARN  managed.ManagedRocksObjectUtils (ManagedRocksObjectUtils.java:assertClosed(39)) - ManagedColumnFamilyOptions is not closed properly
2022-08-10 09:23:37,461 [Finalizer] WARN  managed.ManagedRocksObjectUtils (ManagedRocksObjectUtils.java:assertClosed(39)) - ManagedColumnFamilyOptions is not closed properly
2022-08-10 09:23:37,461 [Finalizer] WARN  managed.ManagedRocksObjectUtils (ManagedRocksObjectUtils.java:assertClosed(39)) - ManagedColumnFamilyOptions is not closed properly
2022-08-10 09:23:37,461 [Finalizer] WARN  managed.ManagedRocksObjectUtils (ManagedRocksObjectUtils.java:assertClosed(39)) - ManagedColumnFamilyOptions is not closed properly
2022-08-10 09:23:37,461 [Finalizer] WARN  managed.ManagedRocksObjectUtils (ManagedRocksObjectUtils.java:assertClosed(39)) - ManagedColumnFamilyOptions is not closed properly
2022-08-10 09:23:37,461 [Finalizer] WARN  managed.ManagedRocksObjectUtils (ManagedRocksObjectUtils.java:assertClosed(39)) - ManagedColumnFamilyOptions is not closed properly
2022-08-10 09:23:37,461 [Finalizer] WARN  managed.ManagedRocksObjectUtils (ManagedRocksObjectUtils.java:assertClosed(39)) - ManagedColumnFamilyOptions is not closed properly
2022-08-10 09:23:37,461 [Finalizer] WARN  managed.ManagedRocksObjectUtils (ManagedRocksObjectUtils.java:assertClosed(39)) - ManagedColumnFamilyOptions is not closed properly
2022-08-10 09:23:37,461 [Finalizer] WARN  managed.ManagedRocksObjectUtils (ManagedRocksObjectUtils.java:assertClosed(39)) - ManagedColumnFamilyOptions is not closed properly
2022-08-10 09:23:37,461 [Finalizer] WARN  managed.ManagedRocksObjectUtils (ManagedRocksObjectUtils.java:assertClosed(39)) - ManagedLRUCache is not closed properly
2022-08-10 09:23:37,461 [Finalizer] WARN  managed.ManagedRocksObjectUtils (ManagedRocksObjectUtils.java:assertClosed(39)) - ManagedBloomFilter is not closed properly
2022-08-10 09:23:37,461 [Finalizer] WARN  managed.ManagedRocksObjectUtils (ManagedRocksObjectUtils.java:assertClosed(39)) - ManagedColumnFamilyOptions is not closed properly
2022-08-10 09:23:37,461 [Finalizer] WARN  managed.ManagedRocksObjectUtils (ManagedRocksObjectUtils.java:assertClosed(39)) - ManagedLRUCache is not closed properly
2022-08-10 09:23:37,461 [Finalizer] WARN  managed.ManagedRocksObjectUtils (ManagedRocksObjectUtils.java:assertClosed(39)) - ManagedBloomFilter is not closed properly
2022-08-10 09:23:37,461 [Finalizer] WARN  managed.ManagedRocksObjectUtils (ManagedRocksObjectUtils.java:assertClosed(39)) - ManagedColumnFamilyOptions is not closed properly
2022-08-10 09:23:37,461 [Finalizer] WARN  managed.ManagedRocksObjectUtils (ManagedRocksObjectUtils.java:assertClosed(39)) - ManagedLRUCache is not closed properly
2022-08-10 09:23:37,461 [Finalizer] WARN  managed.ManagedRocksObjectUtils (ManagedRocksObjectUtils.java:assertClosed(39)) - ManagedBloomFilter is not closed properly
2022-08-10 09:23:37,461 [Finalizer] WARN  managed.ManagedRocksObjectUtils (ManagedRocksObjectUtils.java:assertClosed(39)) - ManagedColumnFamilyOptions is not closed properly
2022-08-10 09:23:37,461 [Finalizer] WARN  managed.ManagedRocksObjectUtils (ManagedRocksObjectUtils.java:assertClosed(39)) - ManagedLRUCache is not closed properly
2022-08-10 09:23:37,461 [Finalizer] WARN  managed.ManagedRocksObjectUtils (ManagedRocksObjectUtils.java:assertClosed(39)) - ManagedBloomFilter is not closed properly
2022-08-10 09:23:37,461 [Finalizer] WARN  managed.ManagedRocksObjectUtils (ManagedRocksObjectUtils.java:assertClosed(39)) - ManagedColumnFamilyOptions is not closed properly
2022-08-10 09:23:37,461 [Finalizer] WARN  managed.ManagedRocksObjectUtils (ManagedRocksObjectUtils.java:assertClosed(39)) - ManagedLRUCache is not closed properly
2022-08-10 09:23:37,461 [Finalizer] WARN  managed.ManagedRocksObjectUtils (ManagedRocksObjectUtils.java:assertClosed(39)) - ManagedBloomFilter is not closed properly
2022-08-10 09:23:37,461 [Finalizer] WARN  managed.ManagedRocksObjectUtils (ManagedRocksObjectUtils.java:assertClosed(39)) - ManagedColumnFamilyOptions is not closed properly
2022-08-10 09:23:37,462 [Finalizer] WARN  managed.ManagedRocksObjectUtils (ManagedRocksObjectUtils.java:assertClosed(39)) - ManagedLRUCache is not closed properly
2022-08-10 09:23:37,462 [Finalizer] WARN  managed.ManagedRocksObjectUtils (ManagedRocksObjectUtils.java:assertClosed(39)) - ManagedBloomFilter is not closed properly
2022-08-10 09:23:37,462 [Finalizer] WARN  managed.ManagedRocksObjectUtils (ManagedRocksObjectUtils.java:assertClosed(39)) - ManagedColumnFamilyOptions is not closed properly
2022-08-10 09:23:37,462 [Finalizer] WARN  managed.ManagedRocksObjectUtils (ManagedRocksObjectUtils.java:assertClosed(39)) - ManagedLRUCache is not closed properly
2022-08-10 09:23:37,462 [Finalizer] WARN  managed.ManagedRocksObjectUtils (ManagedRocksObjectUtils.java:assertClosed(39)) - ManagedBloomFilter is not closed properly
2022-08-10 09:23:37,462 [Finalizer] WARN  managed.ManagedRocksObjectUtils (ManagedRocksObjectUtils.java:assertClosed(39)) - ManagedColumnFamilyOptions is not closed properly
2022-08-10 09:23:37,462 [Finalizer] WARN  managed.ManagedRocksObjectUtils (ManagedRocksObjectUtils.java:assertClosed(39)) - ManagedLRUCache is not closed properly
2022-08-10 09:23:37,462 [Finalizer] WARN  managed.ManagedRocksObjectUtils (ManagedRocksObjectUtils.java:assertClosed(39)) - ManagedBloomFilter is not closed properly
2022-08-10 09:23:37,462 [Finalizer] WARN  managed.ManagedRocksObjectUtils (ManagedRocksObjectUtils.java:assertClosed(39)) - ManagedColumnFamilyOptions is not closed properly
2022-08-10 09:23:37,462 [Finalizer] WARN  managed.ManagedRocksObjectUtils (ManagedRocksObjectUtils.java:assertClosed(39)) - ManagedLRUCache is not closed properly
2022-08-10 09:23:37,462 [Finalizer] WARN  managed.ManagedRocksObjectUtils (ManagedRocksObjectUtils.java:assertClosed(39)) - ManagedBloomFilter is not closed properly
2022-08-10 09:23:37,462 [Finalizer] WARN  managed.ManagedRocksObjectUtils (ManagedRocksObjectUtils.java:assertClosed(39)) - ManagedColumnFamilyOptions is not closed properly
2022-08-10 09:23:37,462 [Finalizer] WARN  managed.ManagedRocksObjectUtils (ManagedRocksObjectUtils.java:assertClosed(39)) - ManagedLRUCache is not closed properly
2022-08-10 09:23:37,462 [Finalizer] WARN  managed.ManagedRocksObjectUtils (ManagedRocksObjectUtils.java:assertClosed(39)) - ManagedBloomFilter is not closed properly
2022-08-10 09:23:37,462 [Finalizer] WARN  managed.ManagedRocksObjectUtils (ManagedRocksObjectUtils.java:assertClosed(39)) - ManagedColumnFamilyOptions is not closed properly
2022-08-10 09:23:37,462 [Finalizer] WARN  managed.ManagedRocksObjectUtils (ManagedRocksObjectUtils.java:assertClosed(39)) - ManagedLRUCache is not closed properly
2022-08-10 09:23:37,462 [Finalizer] WARN  managed.ManagedRocksObjectUtils (ManagedRocksObjectUtils.java:assertClosed(39)) - ManagedBloomFilter is not closed properly
2022-08-10 09:23:37,462 [Finalizer] WARN  managed.ManagedRocksObjectUtils (ManagedRocksObjectUtils.java:assertClosed(39)) - ManagedColumnFamilyOptions is not closed properly
2022-08-10 09:23:37,462 [Finalizer] WARN  managed.ManagedRocksObjectUtils (ManagedRocksObjectUtils.java:assertClosed(39)) - ManagedLRUCache is not closed properly
2022-08-10 09:23:37,462 [Finalizer] WARN  managed.ManagedRocksObjectUtils (ManagedRocksObjectUtils.java:assertClosed(39)) - ManagedBloomFilter is not closed properly
2022-08-10 09:23:37,462 [Finalizer] WARN  managed.ManagedRocksObjectUtils (ManagedRocksObjectUtils.java:assertClosed(39)) - ManagedColumnFamilyOptions is not closed properly
2022-08-10 09:23:37,462 [Finalizer] WARN  managed.ManagedRocksObjectUtils (ManagedRocksObjectUtils.java:assertClosed(39)) - ManagedLRUCache is not closed properly
2022-08-10 09:23:37,462 [Finalizer] WARN  managed.ManagedRocksObjectUtils (ManagedRocksObjectUtils.java:assertClosed(39)) - ManagedBloomFilter is not closed properly
2022-08-10 09:23:37,462 [Finalizer] WARN  managed.ManagedRocksObjectUtils (ManagedRocksObjectUtils.java:assertClosed(39)) - ManagedColumnFamilyOptions is not closed properly
2022-08-10 09:23:37,462 [Finalizer] WARN  managed.ManagedRocksObjectUtils (ManagedRocksObjectUtils.java:assertClosed(39)) - ManagedLRUCache is not closed properly
2022-08-10 09:23:37,462 [Finalizer] WARN  managed.ManagedRocksObjectUtils (ManagedRocksObjectUtils.java:assertClosed(39)) - ManagedBloomFilter is not closed properly
2022-08-10 09:23:37,462 [Finalizer] WARN  managed.ManagedRocksObjectUtils (ManagedRocksObjectUtils.java:assertClosed(39)) - ManagedColumnFamilyOptions is not closed properly
2022-08-10 09:23:37,465 [Finalizer] WARN  managed.ManagedRocksObjectUtils (ManagedRocksObjectUtils.java:assertClosed(39)) - ManagedLRUCache is not closed properly
2022-08-10 09:23:37,465 [Finalizer] WARN  managed.ManagedRocksObjectUtils (ManagedRocksObjectUtils.java:assertClosed(39)) - ManagedBloomFilter is not closed properly
2022-08-10 09:23:37,465 [Finalizer] WARN  managed.ManagedRocksObjectUtils (ManagedRocksObjectUtils.java:assertClosed(39)) - ManagedColumnFamilyOptions is not closed properly
2022-08-10 09:23:37,465 [Finalizer] WARN  managed.ManagedRocksObjectUtils (ManagedRocksObjectUtils.java:assertClosed(39)) - ManagedLRUCache is not closed properly
2022-08-10 09:23:37,465 [Finalizer] WARN  managed.ManagedRocksObjectUtils (ManagedRocksObjectUtils.java:assertClosed(39)) - ManagedBloomFilter is not closed properly
2022-08-10 09:23:37,465 [Finalizer] WARN  managed.ManagedRocksObjectUtils (ManagedRocksObjectUtils.java:assertClosed(39)) - ManagedColumnFamilyOptions is not closed properly
2022-08-10 09:23:37,465 [Finalizer] WARN  managed.ManagedRocksObjectUtils (ManagedRocksObjectUtils.java:assertClosed(39)) - ManagedLRUCache is not closed properly
2022-08-10 09:23:37,465 [Finalizer] WARN  managed.ManagedRocksObjectUtils (ManagedRocksObjectUtils.java:assertClosed(39)) - ManagedBloomFilter is not closed properly
2022-08-10 09:23:37,465 [Finalizer] WARN  managed.ManagedRocksObjectUtils (ManagedRocksObjectUtils.java:assertClosed(39)) - ManagedColumnFamilyOptions is not closed properly
2022-08-10 09:23:37,465 [Finalizer] WARN  managed.ManagedRocksObjectUtils (ManagedRocksObjectUtils.java:assertClosed(39)) - ManagedLRUCache is not closed properly
2022-08-10 09:23:37,465 [Finalizer] WARN  managed.ManagedRocksObjectUtils (ManagedRocksObjectUtils.java:assertClosed(39)) - ManagedBloomFilter is not closed properly
2022-08-10 09:23:37,465 [Finalizer] WARN  managed.ManagedRocksObjectUtils (ManagedRocksObjectUtils.java:assertClosed(39)) - ManagedColumnFamilyOptions is not closed properly
2022-08-10 09:23:37,465 [Finalizer] WARN  managed.ManagedRocksObjectUtils (ManagedRocksObjectUtils.java:assertClosed(39)) - ManagedLRUCache is not closed properly
2022-08-10 09:23:37,465 [Finalizer] WARN  managed.ManagedRocksObjectUtils (ManagedRocksObjectUtils.java:assertClosed(39)) - ManagedBloomFilter is not closed properly
2022-08-10 09:23:37,466 [Finalizer] WARN  managed.ManagedRocksObjectUtils (ManagedRocksObjectUtils.java:assertClosed(39)) - ManagedColumnFamilyOptions is not closed properly
2022-08-10 09:23:37,466 [Finalizer] WARN  managed.ManagedRocksObjectUtils (ManagedRocksObjectUtils.java:assertClosed(39)) - ManagedLRUCache is not closed properly
2022-08-10 09:23:37,466 [Finalizer] WARN  managed.ManagedRocksObjectUtils (ManagedRocksObjectUtils.java:assertClosed(39)) - ManagedBloomFilter is not closed properly
2022-08-10 09:23:37,481 [omNode-2-server-thread1] INFO  server.RaftServer$Division (ServerState.java:setLeader(287)) - omNode-2@group-523986131536: change Leader from null to omNode-3 at term 4 for appendEntries, leader elected after 314ms
2022-08-10 09:23:37,525 [omNode-2@group-523986131536-StateMachineUpdater] INFO  ratis.OzoneManagerStateMachine (OzoneManagerStateMachine.java:notifyConfigurationChanged(192)) - Received Configuration change notification from Ratis. New Peer list:
[id: "omNode-3"
address: "localhost:34345"
, id: "omNode-1"
address: "localhost:33619"
, id: "omNode-2"
address: "localhost:43433"
]
2022-08-10 09:23:37,860 [Listener at localhost/39315] INFO  reflections.Reflections (Reflections.java:scan(232)) - Reflections took 629 ms to scan 19 urls, producing 67 keys and 4150 values [using 2 cores]
2022-08-10 09:23:37,862 [Listener at localhost/39315] INFO  ipc.CallQueueManager (CallQueueManager.java:<init>(90)) - Using callQueue: class java.util.concurrent.LinkedBlockingQueue, queueCapacity: 2000, scheduler: class org.apache.hadoop.ipc.DefaultRpcScheduler, ipcBackoff: false.
2022-08-10 09:23:37,871 [Socket Reader #1 for port 35575] INFO  ipc.Server (Server.java:run(1265)) - Starting Socket Reader #1 for port 35575
2022-08-10 09:23:37,881 [Listener at localhost/35575] INFO  http.BaseHttpServer (BaseHttpServer.java:newHttpServer2BuilderForOzone(209)) - Starting Web-server for ozoneManager at: http://0.0.0.0:42791
2022-08-10 09:23:37,881 [Listener at localhost/35575] INFO  http.BaseHttpServer (BaseHttpServer.java:<init>(107)) - Hadoop Security Enabled: false Ozone Security Enabled: false Ozone HTTP Security Enabled: false 
2022-08-10 09:23:37,883 [Listener at localhost/35575] INFO  server.AuthenticationFilter (AuthenticationFilter.java:constructSecretProvider(240)) - Unable to initialize FileSignerSecretProvider, falling back to use random secrets.
2022-08-10 09:23:37,885 [Listener at localhost/35575] WARN  http.HttpRequestLog (HttpRequestLog.java:getRequestLog(103)) - Jetty request log can only be enabled using Log4j
2022-08-10 09:23:37,886 [Listener at localhost/35575] INFO  http.HttpServer2 (HttpServer2.java:addGlobalFilter(1029)) - Added global filter 'safety' (class=org.apache.hadoop.hdds.server.http.HttpServer2$QuotingInputFilter)
2022-08-10 09:23:37,886 [Listener at localhost/35575] INFO  http.HttpServer2 (HttpServer2.java:addFilter(1005)) - Added filter static_user_filter (class=org.apache.hadoop.http.lib.StaticUserWebFilter$StaticUserFilter) to context ozoneManager
2022-08-10 09:23:37,887 [Listener at localhost/35575] INFO  http.HttpServer2 (HttpServer2.java:addFilter(1013)) - Added filter static_user_filter (class=org.apache.hadoop.http.lib.StaticUserWebFilter$StaticUserFilter) to context static
2022-08-10 09:23:37,887 [Listener at localhost/35575] INFO  http.HttpServer2 (HttpServer2.java:addFilter(1013)) - Added filter static_user_filter (class=org.apache.hadoop.http.lib.StaticUserWebFilter$StaticUserFilter) to context logs
2022-08-10 09:23:37,887 [Listener at localhost/35575] INFO  http.HttpServer2 (HttpServer2.java:bindListener(1248)) - Jetty bound to port 42791
2022-08-10 09:23:37,887 [Listener at localhost/35575] INFO  server.Server (Server.java:doStart(375)) - jetty-9.4.43.v20210629; built: 2021-06-30T11:07:22.254Z; git: 526006ecfa3af7f1a27ef3a288e2bef7ea9dd7e8; jvm 1.8.0_332-b09
2022-08-10 09:23:37,905 [Listener at localhost/35575] INFO  server.session (DefaultSessionIdManager.java:doStart(334)) - DefaultSessionIdManager workerName=node0
2022-08-10 09:23:37,905 [Listener at localhost/35575] INFO  server.session (DefaultSessionIdManager.java:doStart(339)) - No SessionScavenger set, using defaults
2022-08-10 09:23:37,906 [Listener at localhost/35575] INFO  server.session (HouseKeeper.java:startScavenging(132)) - node0 Scavenging every 600000ms
2022-08-10 09:23:37,906 [Listener at localhost/35575] INFO  handler.ContextHandler (ContextHandler.java:doStart(915)) - Started o.e.j.s.ServletContextHandler@42a1fbbe{logs,/logs,file:///home/runner/work/ozone/ozone/hadoop-ozone/integration-test/target/log,AVAILABLE}
2022-08-10 09:23:37,907 [Listener at localhost/35575] INFO  handler.ContextHandler (ContextHandler.java:doStart(915)) - Started o.e.j.s.ServletContextHandler@38e77cad{static,/static,file:///home/runner/work/ozone/ozone/hadoop-ozone/integration-test/target/test-classes/webapps/static,AVAILABLE}
2022-08-10 09:23:37,910 [Listener at localhost/35575] INFO  handler.ContextHandler (ContextHandler.java:doStart(915)) - Started o.e.j.w.WebAppContext@6e7a4e3a{ozoneManager,/,file:///home/runner/work/ozone/ozone/hadoop-ozone/integration-test/target/test-classes/webapps/ozoneManager/,AVAILABLE}{file:/home/runner/work/ozone/ozone/hadoop-ozone/integration-test/target/test-classes/webapps/ozoneManager}
2022-08-10 09:23:37,924 [Listener at localhost/35575] INFO  server.AbstractConnector (AbstractConnector.java:doStart(331)) - Started ServerConnector@2d1d441e{HTTP/1.1, (http/1.1)}{0.0.0.0:42791}
2022-08-10 09:23:37,924 [Listener at localhost/35575] INFO  server.Server (Server.java:doStart(415)) - Started @145374ms
2022-08-10 09:23:37,924 [Listener at localhost/35575] WARN  impl.MetricsSystemImpl (MetricsSystemImpl.java:register(279)) - Sink prometheus already exists!
2022-08-10 09:23:37,926 [Listener at localhost/35575] INFO  http.BaseHttpServer (BaseHttpServer.java:updateConnectorAddress(329)) - HTTP server of ozoneManager listening at http://0.0.0.0:42791
2022-08-10 09:23:37,930 [IPC Server Responder] INFO  ipc.Server (Server.java:run(1507)) - IPC Server Responder: starting
2022-08-10 09:23:37,937 [IPC Server listener on 35575] INFO  ipc.Server (Server.java:run(1344)) - IPC Server listener on 35575: starting
2022-08-10 09:23:37,942 [Listener at localhost/35575] INFO  om.OzoneManager (OzoneManager.java:startTrashEmptier(1907)) - Trash Interval set to 0. Files deleted won't move to trash
]]></system-out>
  </testcase>
</testsuite>